<?xml version="1.0" encoding="UTF-8"?>
<testsuite xmlns:xsi="http://www.w3.org/2001/XMLSchema-instance" xsi:noNamespaceSchemaLocation="https://maven.apache.org/surefire/maven-surefire-plugin/xsd/surefire-test-report.xsd" name="org.apache.hadoop.ozone.client.rpc.TestBlockOutputStream" time="603.191" tests="6" errors="0" skipped="0" failures="3">
  <properties>
    <property name="awt.toolkit" value="sun.awt.X11.XToolkit"/>
    <property name="file.encoding.pkg" value="sun.io"/>
    <property name="java.specification.version" value="1.8"/>
    <property name="sun.cpu.isalist" value=""/>
    <property name="sun.jnu.encoding" value="UTF-8"/>
    <property name="java.class.path" value="/workdir/hadoop-ozone/integration-test/target/test-classes:/workdir/hadoop-ozone/integration-test/target/classes:/home/user/.m2/repository/org/apache/hadoop/hadoop-ozone-common/0.5.0-SNAPSHOT/hadoop-ozone-common-0.5.0-SNAPSHOT.jar:/home/user/.m2/repository/org/apache/commons/commons-compress/1.4.1/commons-compress-1.4.1.jar:/home/user/.m2/repository/org/tukaani/xz/1.0/xz-1.0.jar:/home/user/.m2/repository/org/apache/hadoop/hadoop-common/3.2.0/hadoop-common-3.2.0.jar:/home/user/.m2/repository/org/apache/hadoop/hadoop-hdfs/3.2.0/hadoop-hdfs-3.2.0.jar:/home/user/.m2/repository/org/apache/hadoop/hadoop-hdfs-client/3.2.0/hadoop-hdfs-client-3.2.0.jar:/home/user/.m2/repository/com/fasterxml/jackson/core/jackson-annotations/2.9.5/jackson-annotations-2.9.5.jar:/home/user/.m2/repository/org/apache/hadoop/hadoop-hdds-common/0.5.0-SNAPSHOT/hadoop-hdds-common-0.5.0-SNAPSHOT.jar:/home/user/.m2/repository/javax/annotation/javax.annotation-api/1.2/javax.annotation-api-1.2.jar:/home/user/.m2/repository/org/apache/ratis/ratis-server/0.4.0-78e95b9-SNAPSHOT/ratis-server-0.4.0-78e95b9-SNAPSHOT.jar:/home/user/.m2/repository/org/apache/ratis/ratis-thirdparty-misc/0.2.0/ratis-thirdparty-misc-0.2.0.jar:/home/user/.m2/repository/org/apache/ratis/ratis-proto/0.4.0-78e95b9-SNAPSHOT/ratis-proto-0.4.0-78e95b9-SNAPSHOT.jar:/home/user/.m2/repository/org/apache/ratis/ratis-common/0.4.0-78e95b9-SNAPSHOT/ratis-common-0.4.0-78e95b9-SNAPSHOT.jar:/home/user/.m2/repository/org/apache/ratis/ratis-client/0.4.0-78e95b9-SNAPSHOT/ratis-client-0.4.0-78e95b9-SNAPSHOT.jar:/home/user/.m2/repository/org/apache/ratis/ratis-metrics/0.4.0-78e95b9-SNAPSHOT/ratis-metrics-0.4.0-78e95b9-SNAPSHOT.jar:/home/user/.m2/repository/com/github/joshelser/dropwizard-metrics-hadoop-metrics2-reporter/0.1.2/dropwizard-metrics-hadoop-metrics2-reporter-0.1.2.jar:/home/user/.m2/repository/io/dropwizard/metrics/metrics-jvm/3.2.5/metrics-jvm-3.2.5.jar:/home/user/.m2/repository/io/dropwizard/metrics/metrics-ganglia/3.2.5/metrics-ganglia-3.2.5.jar:/home/user/.m2/repository/info/ganglia/gmetric4j/gmetric4j/1.0.7/gmetric4j-1.0.7.jar:/home/user/.m2/repository/org/apache/ratis/ratis-netty/0.4.0-78e95b9-SNAPSHOT/ratis-netty-0.4.0-78e95b9-SNAPSHOT.jar:/home/user/.m2/repository/org/apache/ratis/ratis-grpc/0.4.0-78e95b9-SNAPSHOT/ratis-grpc-0.4.0-78e95b9-SNAPSHOT.jar:/home/user/.m2/repository/org/rocksdb/rocksdbjni/6.0.1/rocksdbjni-6.0.1.jar:/home/user/.m2/repository/org/apache/logging/log4j/log4j-api/2.11.0/log4j-api-2.11.0.jar:/home/user/.m2/repository/org/apache/logging/log4j/log4j-core/2.11.0/log4j-core-2.11.0.jar:/home/user/.m2/repository/com/lmax/disruptor/3.4.2/disruptor-3.4.2.jar:/home/user/.m2/repository/org/apache/commons/commons-pool2/2.6.0/commons-pool2-2.6.0.jar:/home/user/.m2/repository/org/bouncycastle/bcpkix-jdk15on/1.60/bcpkix-jdk15on-1.60.jar:/home/user/.m2/repository/commons-validator/commons-validator/1.6/commons-validator-1.6.jar:/home/user/.m2/repository/commons-digester/commons-digester/1.8.1/commons-digester-1.8.1.jar:/home/user/.m2/repository/io/jaegertracing/jaeger-client/0.33.1/jaeger-client-0.33.1.jar:/home/user/.m2/repository/io/jaegertracing/jaeger-thrift/0.33.1/jaeger-thrift-0.33.1.jar:/home/user/.m2/repository/org/apache/thrift/libthrift/0.11.0/libthrift-0.11.0.jar:/home/user/.m2/repository/com/squareup/okhttp3/okhttp/3.9.0/okhttp-3.9.0.jar:/home/user/.m2/repository/com/squareup/okio/okio/1.13.0/okio-1.13.0.jar:/home/user/.m2/repository/io/jaegertracing/jaeger-core/0.33.1/jaeger-core-0.33.1.jar:/home/user/.m2/repository/io/jaegertracing/jaeger-tracerresolver/0.33.1/jaeger-tracerresolver-0.33.1.jar:/home/user/.m2/repository/io/opentracing/contrib/opentracing-tracerresolver/0.1.5/opentracing-tracerresolver-0.1.5.jar:/home/user/.m2/repository/io/opentracing/opentracing-util/0.31.0/opentracing-util-0.31.0.jar:/home/user/.m2/repository/io/opentracing/opentracing-api/0.31.0/opentracing-api-0.31.0.jar:/home/user/.m2/repository/io/opentracing/opentracing-noop/0.31.0/opentracing-noop-0.31.0.jar:/home/user/.m2/repository/org/apache/hadoop/hadoop-hdds-server-framework/0.5.0-SNAPSHOT/hadoop-hdds-server-framework-0.5.0-SNAPSHOT.jar:/home/user/.m2/repository/org/apache/hadoop/hadoop-hdds-container-service/0.5.0-SNAPSHOT/hadoop-hdds-container-service-0.5.0-SNAPSHOT.jar:/home/user/.m2/repository/org/apache/hadoop/hadoop-hdds-client/0.5.0-SNAPSHOT/hadoop-hdds-client-0.5.0-SNAPSHOT.jar:/home/user/.m2/repository/org/apache/hadoop/hadoop-hdds-tools/0.5.0-SNAPSHOT/hadoop-hdds-tools-0.5.0-SNAPSHOT.jar:/home/user/.m2/repository/org/apache/hadoop/hadoop-hdds-server-scm/0.5.0-SNAPSHOT/hadoop-hdds-server-scm-0.5.0-SNAPSHOT.jar:/home/user/.m2/repository/org/apache/hadoop/hadoop-hdds-docs/0.5.0-SNAPSHOT/hadoop-hdds-docs-0.5.0-SNAPSHOT.jar:/home/user/.m2/repository/io/dropwizard/metrics/metrics-core/3.2.4/metrics-core-3.2.4.jar:/home/user/.m2/repository/org/hamcrest/hamcrest-all/1.3/hamcrest-all-1.3.jar:/home/user/.m2/repository/org/bouncycastle/bcprov-jdk15on/1.60/bcprov-jdk15on-1.60.jar:/home/user/.m2/repository/info/picocli/picocli/3.9.6/picocli-3.9.6.jar:/home/user/.m2/repository/com/google/protobuf/protobuf-java/2.5.0/protobuf-java-2.5.0.jar:/home/user/.m2/repository/com/google/guava/guava/11.0.2/guava-11.0.2.jar:/home/user/.m2/repository/org/apache/hadoop/hadoop-ozone-ozone-manager/0.5.0-SNAPSHOT/hadoop-ozone-ozone-manager-0.5.0-SNAPSHOT.jar:/home/user/.m2/repository/org/apache/hadoop/hadoop-minikdc/3.2.0/hadoop-minikdc-3.2.0.jar:/home/user/.m2/repository/commons-io/commons-io/2.5/commons-io-2.5.jar:/home/user/.m2/repository/org/apache/kerby/kerb-simplekdc/1.0.1/kerb-simplekdc-1.0.1.jar:/home/user/.m2/repository/org/apache/kerby/kerb-client/1.0.1/kerb-client-1.0.1.jar:/home/user/.m2/repository/org/apache/kerby/kerby-config/1.0.1/kerby-config-1.0.1.jar:/home/user/.m2/repository/org/apache/kerby/kerb-core/1.0.1/kerb-core-1.0.1.jar:/home/user/.m2/repository/org/apache/kerby/kerby-pkix/1.0.1/kerby-pkix-1.0.1.jar:/home/user/.m2/repository/org/apache/kerby/kerby-asn1/1.0.1/kerby-asn1-1.0.1.jar:/home/user/.m2/repository/org/apache/kerby/kerby-util/1.0.1/kerby-util-1.0.1.jar:/home/user/.m2/repository/org/apache/kerby/kerb-common/1.0.1/kerb-common-1.0.1.jar:/home/user/.m2/repository/org/apache/kerby/kerb-crypto/1.0.1/kerb-crypto-1.0.1.jar:/home/user/.m2/repository/org/apache/kerby/kerb-util/1.0.1/kerb-util-1.0.1.jar:/home/user/.m2/repository/org/apache/kerby/token-provider/1.0.1/token-provider-1.0.1.jar:/home/user/.m2/repository/org/apache/kerby/kerb-admin/1.0.1/kerb-admin-1.0.1.jar:/home/user/.m2/repository/org/apache/kerby/kerb-server/1.0.1/kerb-server-1.0.1.jar:/home/user/.m2/repository/org/apache/kerby/kerb-identity/1.0.1/kerb-identity-1.0.1.jar:/home/user/.m2/repository/org/apache/kerby/kerby-xdr/1.0.1/kerby-xdr-1.0.1.jar:/home/user/.m2/repository/org/slf4j/slf4j-log4j12/1.7.25/slf4j-log4j12-1.7.25.jar:/home/user/.m2/repository/org/apache/hadoop/hadoop-ozone-s3gateway/0.5.0-SNAPSHOT/hadoop-ozone-s3gateway-0.5.0-SNAPSHOT.jar:/home/user/.m2/repository/org/jboss/weld/servlet/weld-servlet/2.4.7.Final/weld-servlet-2.4.7.Final.jar:/home/user/.m2/repository/org/glassfish/jersey/containers/jersey-container-servlet-core/2.27/jersey-container-servlet-core-2.27.jar:/home/user/.m2/repository/org/glassfish/hk2/external/javax.inject/2.5.0-b42/javax.inject-2.5.0-b42.jar:/home/user/.m2/repository/org/glassfish/jersey/core/jersey-common/2.27/jersey-common-2.27.jar:/home/user/.m2/repository/org/glassfish/hk2/osgi-resource-locator/1.0.1/osgi-resource-locator-1.0.1.jar:/home/user/.m2/repository/javax/ws/rs/javax.ws.rs-api/2.1/javax.ws.rs-api-2.1.jar:/home/user/.m2/repository/org/glassfish/jersey/ext/cdi/jersey-cdi1x/2.27/jersey-cdi1x-2.27.jar:/home/user/.m2/repository/org/glassfish/jersey/inject/jersey-hk2/2.27/jersey-hk2-2.27.jar:/home/user/.m2/repository/org/glassfish/hk2/hk2-locator/2.5.0-b42/hk2-locator-2.5.0-b42.jar:/home/user/.m2/repository/org/javassist/javassist/3.22.0-CR2/javassist-3.22.0-CR2.jar:/home/user/.m2/repository/org/glassfish/hk2/hk2-api/2.5.0/hk2-api-2.5.0.jar:/home/user/.m2/repository/org/glassfish/hk2/external/jakarta.inject/2.5.0/jakarta.inject-2.5.0.jar:/home/user/.m2/repository/org/glassfish/hk2/hk2-utils/2.5.0/hk2-utils-2.5.0.jar:/home/user/.m2/repository/jakarta/annotation/jakarta.annotation-api/1.3.4/jakarta.annotation-api-1.3.4.jar:/home/user/.m2/repository/org/glassfish/hk2/external/aopalliance-repackaged/2.5.0/aopalliance-repackaged-2.5.0.jar:/home/user/.m2/repository/com/fasterxml/jackson/dataformat/jackson-dataformat-xml/2.9.0/jackson-dataformat-xml-2.9.0.jar:/home/user/.m2/repository/com/fasterxml/jackson/core/jackson-core/2.9.5/jackson-core-2.9.5.jar:/home/user/.m2/repository/com/fasterxml/jackson/module/jackson-module-jaxb-annotations/2.9.5/jackson-module-jaxb-annotations-2.9.5.jar:/home/user/.m2/repository/javax/enterprise/cdi-api/1.2/cdi-api-1.2.jar:/home/user/.m2/repository/javax/el/javax.el-api/3.0.0/javax.el-api-3.0.0.jar:/home/user/.m2/repository/javax/interceptor/javax.interceptor-api/1.2/javax.interceptor-api-1.2.jar:/home/user/.m2/repository/javax/inject/javax.inject/1/javax.inject-1.jar:/home/user/.m2/repository/com/sun/xml/bind/jaxb-impl/2.3.0.1/jaxb-impl-2.3.0.1.jar:/home/user/.m2/repository/com/sun/xml/bind/jaxb-core/2.3.0.1/jaxb-core-2.3.0.1.jar:/home/user/.m2/repository/javax/xml/bind/jaxb-api/2.3.0/jaxb-api-2.3.0.jar:/home/user/.m2/repository/javax/activation/activation/1.1.1/activation-1.1.1.jar:/home/user/.m2/repository/org/apache/hadoop/hadoop-ozone-csi/0.5.0-SNAPSHOT/hadoop-ozone-csi-0.5.0-SNAPSHOT.jar:/home/user/.m2/repository/com/google/protobuf/protobuf-java-util/3.5.1/protobuf-java-util-3.5.1.jar:/home/user/.m2/repository/org/apache/hadoop/hadoop-hdds-config/0.5.0-SNAPSHOT/hadoop-hdds-config-0.5.0-SNAPSHOT.jar:/home/user/.m2/repository/io/grpc/grpc-netty/1.17.1/grpc-netty-1.17.1.jar:/home/user/.m2/repository/io/grpc/grpc-core/1.17.1/grpc-core-1.17.1.jar:/home/user/.m2/repository/io/grpc/grpc-context/1.17.1/grpc-context-1.17.1.jar:/home/user/.m2/repository/com/google/errorprone/error_prone_annotations/2.2.0/error_prone_annotations-2.2.0.jar:/home/user/.m2/repository/org/codehaus/mojo/animal-sniffer-annotations/1.17/animal-sniffer-annotations-1.17.jar:/home/user/.m2/repository/io/opencensus/opencensus-api/0.17.0/opencensus-api-0.17.0.jar:/home/user/.m2/repository/io/opencensus/opencensus-contrib-grpc-metrics/0.17.0/opencensus-contrib-grpc-metrics-0.17.0.jar:/home/user/.m2/repository/io/netty/netty-codec-http2/4.1.30.Final/netty-codec-http2-4.1.30.Final.jar:/home/user/.m2/repository/io/netty/netty-codec-http/4.1.30.Final/netty-codec-http-4.1.30.Final.jar:/home/user/.m2/repository/io/netty/netty-codec/4.1.30.Final/netty-codec-4.1.30.Final.jar:/home/user/.m2/repository/io/netty/netty-handler/4.1.30.Final/netty-handler-4.1.30.Final.jar:/home/user/.m2/repository/io/netty/netty-handler-proxy/4.1.30.Final/netty-handler-proxy-4.1.30.Final.jar:/home/user/.m2/repository/io/netty/netty-codec-socks/4.1.30.Final/netty-codec-socks-4.1.30.Final.jar:/home/user/.m2/repository/io/netty/netty-transport-native-epoll/4.1.30.Final/netty-transport-native-epoll-4.1.30.Final.jar:/home/user/.m2/repository/io/netty/netty-common/4.1.30.Final/netty-common-4.1.30.Final.jar:/home/user/.m2/repository/io/netty/netty-buffer/4.1.30.Final/netty-buffer-4.1.30.Final.jar:/home/user/.m2/repository/io/netty/netty-transport/4.1.30.Final/netty-transport-4.1.30.Final.jar:/home/user/.m2/repository/io/netty/netty-resolver/4.1.30.Final/netty-resolver-4.1.30.Final.jar:/home/user/.m2/repository/io/netty/netty-transport-native-unix-common/4.1.30.Final/netty-transport-native-unix-common-4.1.30.Final.jar:/home/user/.m2/repository/io/grpc/grpc-protobuf/1.17.1/grpc-protobuf-1.17.1.jar:/home/user/.m2/repository/com/google/api/grpc/proto-google-common-protos/1.0.0/proto-google-common-protos-1.0.0.jar:/home/user/.m2/repository/io/grpc/grpc-protobuf-lite/1.17.1/grpc-protobuf-lite-1.17.1.jar:/home/user/.m2/repository/io/grpc/grpc-stub/1.17.1/grpc-stub-1.17.1.jar:/home/user/.m2/repository/org/apache/hadoop/hadoop-ozone-recon/0.5.0-SNAPSHOT/hadoop-ozone-recon-0.5.0-SNAPSHOT.jar:/home/user/.m2/repository/org/apache/hadoop/hadoop-ozone-reconcodegen/0.5.0-SNAPSHOT/hadoop-ozone-reconcodegen-0.5.0-SNAPSHOT.jar:/home/user/.m2/repository/com/google/inject/extensions/guice-multibindings/4.0/guice-multibindings-4.0.jar:/home/user/.m2/repository/com/google/inject/guice/4.0/guice-4.0.jar:/home/user/.m2/repository/aopalliance/aopalliance/1.0/aopalliance-1.0.jar:/home/user/.m2/repository/com/google/inject/extensions/guice-servlet/4.0/guice-servlet-4.0.jar:/home/user/.m2/repository/org/glassfish/jersey/containers/jersey-container-servlet/2.27/jersey-container-servlet-2.27.jar:/home/user/.m2/repository/org/glassfish/hk2/guice-bridge/2.5.0/guice-bridge-2.5.0.jar:/home/user/.m2/repository/org/glassfish/jersey/core/jersey-server/2.27/jersey-server-2.27.jar:/home/user/.m2/repository/org/glassfish/jersey/core/jersey-client/2.27/jersey-client-2.27.jar:/home/user/.m2/repository/org/glassfish/jersey/media/jersey-media-jaxb/2.27/jersey-media-jaxb-2.27.jar:/home/user/.m2/repository/javax/validation/validation-api/1.1.0.Final/validation-api-1.1.0.Final.jar:/home/user/.m2/repository/org/glassfish/jersey/media/jersey-media-json-jackson/2.27/jersey-media-json-jackson-2.27.jar:/home/user/.m2/repository/org/glassfish/jersey/ext/jersey-entity-filtering/2.27/jersey-entity-filtering-2.27.jar:/home/user/.m2/repository/com/google/inject/extensions/guice-assistedinject/4.0/guice-assistedinject-4.0.jar:/home/user/.m2/repository/org/jooq/jooq/3.11.10/jooq-3.11.10.jar:/home/user/.m2/repository/org/jooq/jooq-meta/3.11.10/jooq-meta-3.11.10.jar:/home/user/.m2/repository/org/jooq/jooq-codegen/3.11.10/jooq-codegen-3.11.10.jar:/home/user/.m2/repository/com/jolbox/bonecp/0.8.0.RELEASE/bonecp-0.8.0.RELEASE.jar:/home/user/.m2/repository/org/xerial/sqlite-jdbc/3.25.2/sqlite-jdbc-3.25.2.jar:/home/user/.m2/repository/org/springframework/spring-jdbc/5.1.3.RELEASE/spring-jdbc-5.1.3.RELEASE.jar:/home/user/.m2/repository/org/springframework/spring-beans/5.1.3.RELEASE/spring-beans-5.1.3.RELEASE.jar:/home/user/.m2/repository/org/springframework/spring-core/5.1.3.RELEASE/spring-core-5.1.3.RELEASE.jar:/home/user/.m2/repository/org/springframework/spring-jcl/5.1.3.RELEASE/spring-jcl-5.1.3.RELEASE.jar:/home/user/.m2/repository/org/springframework/spring-tx/5.1.3.RELEASE/spring-tx-5.1.3.RELEASE.jar:/home/user/.m2/repository/org/apache/hadoop/hadoop-ozone-client/0.5.0-SNAPSHOT/hadoop-ozone-client-0.5.0-SNAPSHOT.jar:/home/user/.m2/repository/commons-lang/commons-lang/2.6/commons-lang-2.6.jar:/home/user/.m2/repository/org/apache/hadoop/hadoop-ozone-ozone-manager/0.5.0-SNAPSHOT/hadoop-ozone-ozone-manager-0.5.0-SNAPSHOT-tests.jar:/home/user/.m2/repository/junit/junit/4.11/junit-4.11.jar:/home/user/.m2/repository/org/hamcrest/hamcrest-core/1.3/hamcrest-core-1.3.jar:/home/user/.m2/repository/org/openjdk/jmh/jmh-core/1.19/jmh-core-1.19.jar:/home/user/.m2/repository/net/sf/jopt-simple/jopt-simple/4.6/jopt-simple-4.6.jar:/home/user/.m2/repository/org/apache/commons/commons-math3/3.1.1/commons-math3-3.1.1.jar:/home/user/.m2/repository/org/openjdk/jmh/jmh-generator-annprocess/1.19/jmh-generator-annprocess-1.19.jar:/home/user/.m2/repository/org/mockito/mockito-all/1.8.5/mockito-all-1.8.5.jar:/home/user/.m2/repository/org/apache/hadoop/hadoop-kms/3.2.0/hadoop-kms-3.2.0.jar:/home/user/.m2/repository/org/apache/hadoop/hadoop-auth/3.2.0/hadoop-auth-3.2.0.jar:/home/user/.m2/repository/com/nimbusds/nimbus-jose-jwt/4.41.1/nimbus-jose-jwt-4.41.1.jar:/home/user/.m2/repository/com/github/stephenc/jcip/jcip-annotations/1.0-1/jcip-annotations-1.0-1.jar:/home/user/.m2/repository/net/minidev/json-smart/2.3/json-smart-2.3.jar:/home/user/.m2/repository/net/minidev/accessors-smart/1.2/accessors-smart-1.2.jar:/home/user/.m2/repository/org/ow2/asm/asm/5.0.4/asm-5.0.4.jar:/home/user/.m2/repository/org/apache/curator/curator-framework/2.12.0/curator-framework-2.12.0.jar:/home/user/.m2/repository/com/sun/jersey/jersey-core/1.19/jersey-core-1.19.jar:/home/user/.m2/repository/javax/ws/rs/jsr311-api/1.1.1/jsr311-api-1.1.1.jar:/home/user/.m2/repository/com/sun/jersey/jersey-server/1.19/jersey-server-1.19.jar:/home/user/.m2/repository/javax/servlet/javax.servlet-api/3.1.0/javax.servlet-api-3.1.0.jar:/home/user/.m2/repository/org/eclipse/jetty/jetty-server/9.3.24.v20180605/jetty-server-9.3.24.v20180605.jar:/home/user/.m2/repository/org/eclipse/jetty/jetty-http/9.3.24.v20180605/jetty-http-9.3.24.v20180605.jar:/home/user/.m2/repository/org/eclipse/jetty/jetty-io/9.3.24.v20180605/jetty-io-9.3.24.v20180605.jar:/home/user/.m2/repository/org/eclipse/jetty/jetty-webapp/9.3.24.v20180605/jetty-webapp-9.3.24.v20180605.jar:/home/user/.m2/repository/org/eclipse/jetty/jetty-xml/9.3.24.v20180605/jetty-xml-9.3.24.v20180605.jar:/home/user/.m2/repository/log4j/log4j/1.2.17/log4j-1.2.17.jar:/home/user/.m2/repository/org/slf4j/slf4j-api/1.7.25/slf4j-api-1.7.25.jar:/home/user/.m2/repository/org/slf4j/jul-to-slf4j/1.7.25/jul-to-slf4j-1.7.25.jar:/home/user/.m2/repository/org/eclipse/jetty/jetty-util/9.3.24.v20180605/jetty-util-9.3.24.v20180605.jar:/home/user/.m2/repository/com/fasterxml/jackson/core/jackson-databind/2.9.5/jackson-databind-2.9.5.jar:/home/user/.m2/repository/org/apache/hadoop/hadoop-kms/3.2.0/hadoop-kms-3.2.0-tests.jar:/home/user/.m2/repository/org/apache/hadoop/hadoop-hdds-server-scm/0.5.0-SNAPSHOT/hadoop-hdds-server-scm-0.5.0-SNAPSHOT-tests.jar:/home/user/.m2/repository/org/apache/hadoop/hadoop-hdds-container-service/0.5.0-SNAPSHOT/hadoop-hdds-container-service-0.5.0-SNAPSHOT-tests.jar:/home/user/.m2/repository/org/yaml/snakeyaml/1.16/snakeyaml-1.16.jar:/home/user/.m2/repository/org/apache/hadoop/hadoop-common/3.2.0/hadoop-common-3.2.0-tests.jar:/home/user/.m2/repository/org/apache/hadoop/hadoop-annotations/3.2.0/hadoop-annotations-3.2.0.jar:/usr/lib/jvm/java-1.8-openjdk/jre/../lib/tools.jar:/home/user/.m2/repository/commons-cli/commons-cli/1.2/commons-cli-1.2.jar:/home/user/.m2/repository/org/apache/httpcomponents/httpclient/4.5.2/httpclient-4.5.2.jar:/home/user/.m2/repository/org/apache/httpcomponents/httpcore/4.4.4/httpcore-4.4.4.jar:/home/user/.m2/repository/commons-codec/commons-codec/1.11/commons-codec-1.11.jar:/home/user/.m2/repository/commons-net/commons-net/3.6/commons-net-3.6.jar:/home/user/.m2/repository/commons-collections/commons-collections/3.2.2/commons-collections-3.2.2.jar:/home/user/.m2/repository/org/eclipse/jetty/jetty-servlet/9.3.24.v20180605/jetty-servlet-9.3.24.v20180605.jar:/home/user/.m2/repository/org/eclipse/jetty/jetty-security/9.3.24.v20180605/jetty-security-9.3.24.v20180605.jar:/home/user/.m2/repository/javax/servlet/jsp/jsp-api/2.1/jsp-api-2.1.jar:/home/user/.m2/repository/com/sun/jersey/jersey-servlet/1.19/jersey-servlet-1.19.jar:/home/user/.m2/repository/com/sun/jersey/jersey-json/1.19/jersey-json-1.19.jar:/home/user/.m2/repository/org/codehaus/jettison/jettison/1.1/jettison-1.1.jar:/home/user/.m2/repository/org/codehaus/jackson/jackson-core-asl/1.9.13/jackson-core-asl-1.9.13.jar:/home/user/.m2/repository/org/codehaus/jackson/jackson-mapper-asl/1.9.13/jackson-mapper-asl-1.9.13.jar:/home/user/.m2/repository/org/codehaus/jackson/jackson-jaxrs/1.9.13/jackson-jaxrs-1.9.13.jar:/home/user/.m2/repository/org/codehaus/jackson/jackson-xc/1.9.13/jackson-xc-1.9.13.jar:/home/user/.m2/repository/commons-logging/commons-logging/1.1.3/commons-logging-1.1.3.jar:/home/user/.m2/repository/commons-beanutils/commons-beanutils/1.9.3/commons-beanutils-1.9.3.jar:/home/user/.m2/repository/org/apache/commons/commons-configuration2/2.1.1/commons-configuration2-2.1.1.jar:/home/user/.m2/repository/org/apache/commons/commons-lang3/3.7/commons-lang3-3.7.jar:/home/user/.m2/repository/org/apache/commons/commons-text/1.4/commons-text-1.4.jar:/home/user/.m2/repository/org/apache/avro/avro/1.7.7/avro-1.7.7.jar:/home/user/.m2/repository/com/thoughtworks/paranamer/paranamer/2.3/paranamer-2.3.jar:/home/user/.m2/repository/org/xerial/snappy/snappy-java/1.0.5/snappy-java-1.0.5.jar:/home/user/.m2/repository/com/google/re2j/re2j/1.1/re2j-1.1.jar:/home/user/.m2/repository/com/google/code/gson/gson/2.2.4/gson-2.2.4.jar:/home/user/.m2/repository/com/jcraft/jsch/0.1.54/jsch-0.1.54.jar:/home/user/.m2/repository/org/apache/curator/curator-client/2.12.0/curator-client-2.12.0.jar:/home/user/.m2/repository/org/apache/curator/curator-recipes/2.12.0/curator-recipes-2.12.0.jar:/home/user/.m2/repository/com/google/code/findbugs/jsr305/3.0.0/jsr305-3.0.0.jar:/home/user/.m2/repository/org/apache/htrace/htrace-core4/4.1.0-incubating/htrace-core4-4.1.0-incubating.jar:/home/user/.m2/repository/org/apache/zookeeper/zookeeper/3.4.13/zookeeper-3.4.13.jar:/home/user/.m2/repository/org/apache/yetus/audience-annotations/0.5.0/audience-annotations-0.5.0.jar:/home/user/.m2/repository/org/codehaus/woodstox/stax2-api/3.1.4/stax2-api-3.1.4.jar:/home/user/.m2/repository/com/fasterxml/woodstox/woodstox-core/5.0.3/woodstox-core-5.0.3.jar:/home/user/.m2/repository/dnsjava/dnsjava/2.1.7/dnsjava-2.1.7.jar:/home/user/.m2/repository/org/apache/hadoop/hadoop-hdfs/3.2.0/hadoop-hdfs-3.2.0-tests.jar:/home/user/.m2/repository/org/eclipse/jetty/jetty-util-ajax/9.3.24.v20180605/jetty-util-ajax-9.3.24.v20180605.jar:/home/user/.m2/repository/commons-daemon/commons-daemon/1.0.13/commons-daemon-1.0.13.jar:/home/user/.m2/repository/io/netty/netty/3.10.5.Final/netty-3.10.5.Final.jar:/home/user/.m2/repository/io/netty/netty-all/4.0.52.Final/netty-all-4.0.52.Final.jar:/home/user/.m2/repository/org/fusesource/leveldbjni/leveldbjni-all/1.8/leveldbjni-all-1.8.jar:"/>
    <property name="java.vm.vendor" value="IcedTea"/>
    <property name="sun.arch.data.model" value="64"/>
    <property name="test.build.dir" value="/workdir/hadoop-ozone/integration-test/target/test-dir"/>
    <property name="test.cache.data" value=""/>
    <property name="java.vendor.url" value="https://icedtea.classpath.org"/>
    <property name="user.timezone" value=""/>
    <property name="java.vm.specification.version" value="1.8"/>
    <property name="os.name" value="Linux"/>
    <property name="test.build.data" value="/workdir/hadoop-ozone/integration-test/target/test-dir"/>
    <property name="user.country" value="US"/>
    <property name="sun.java.launcher" value="SUN_STANDARD"/>
    <property name="sun.boot.library.path" value="/usr/lib/jvm/java-1.8-openjdk/jre/lib/amd64"/>
    <property name="sun.java.command" value="/workdir/hadoop-ozone/integration-test/target/surefire/surefirebooter4094539906633354107.jar /workdir/hadoop-ozone/integration-test/target/surefire 2019-09-17T21-06-55_351-jvmRun1 surefire4669891290000840735tmp surefire_345434028121766305770tmp"/>
    <property name="test" value="!TestMiniChaosOzoneCluster"/>
    <property name="surefire.test.class.path" value="/workdir/hadoop-ozone/integration-test/target/test-classes:/workdir/hadoop-ozone/integration-test/target/classes:/home/user/.m2/repository/org/apache/hadoop/hadoop-ozone-common/0.5.0-SNAPSHOT/hadoop-ozone-common-0.5.0-SNAPSHOT.jar:/home/user/.m2/repository/org/apache/commons/commons-compress/1.4.1/commons-compress-1.4.1.jar:/home/user/.m2/repository/org/tukaani/xz/1.0/xz-1.0.jar:/home/user/.m2/repository/org/apache/hadoop/hadoop-common/3.2.0/hadoop-common-3.2.0.jar:/home/user/.m2/repository/org/apache/hadoop/hadoop-hdfs/3.2.0/hadoop-hdfs-3.2.0.jar:/home/user/.m2/repository/org/apache/hadoop/hadoop-hdfs-client/3.2.0/hadoop-hdfs-client-3.2.0.jar:/home/user/.m2/repository/com/fasterxml/jackson/core/jackson-annotations/2.9.5/jackson-annotations-2.9.5.jar:/home/user/.m2/repository/org/apache/hadoop/hadoop-hdds-common/0.5.0-SNAPSHOT/hadoop-hdds-common-0.5.0-SNAPSHOT.jar:/home/user/.m2/repository/javax/annotation/javax.annotation-api/1.2/javax.annotation-api-1.2.jar:/home/user/.m2/repository/org/apache/ratis/ratis-server/0.4.0-78e95b9-SNAPSHOT/ratis-server-0.4.0-78e95b9-SNAPSHOT.jar:/home/user/.m2/repository/org/apache/ratis/ratis-thirdparty-misc/0.2.0/ratis-thirdparty-misc-0.2.0.jar:/home/user/.m2/repository/org/apache/ratis/ratis-proto/0.4.0-78e95b9-SNAPSHOT/ratis-proto-0.4.0-78e95b9-SNAPSHOT.jar:/home/user/.m2/repository/org/apache/ratis/ratis-common/0.4.0-78e95b9-SNAPSHOT/ratis-common-0.4.0-78e95b9-SNAPSHOT.jar:/home/user/.m2/repository/org/apache/ratis/ratis-client/0.4.0-78e95b9-SNAPSHOT/ratis-client-0.4.0-78e95b9-SNAPSHOT.jar:/home/user/.m2/repository/org/apache/ratis/ratis-metrics/0.4.0-78e95b9-SNAPSHOT/ratis-metrics-0.4.0-78e95b9-SNAPSHOT.jar:/home/user/.m2/repository/com/github/joshelser/dropwizard-metrics-hadoop-metrics2-reporter/0.1.2/dropwizard-metrics-hadoop-metrics2-reporter-0.1.2.jar:/home/user/.m2/repository/io/dropwizard/metrics/metrics-jvm/3.2.5/metrics-jvm-3.2.5.jar:/home/user/.m2/repository/io/dropwizard/metrics/metrics-ganglia/3.2.5/metrics-ganglia-3.2.5.jar:/home/user/.m2/repository/info/ganglia/gmetric4j/gmetric4j/1.0.7/gmetric4j-1.0.7.jar:/home/user/.m2/repository/org/apache/ratis/ratis-netty/0.4.0-78e95b9-SNAPSHOT/ratis-netty-0.4.0-78e95b9-SNAPSHOT.jar:/home/user/.m2/repository/org/apache/ratis/ratis-grpc/0.4.0-78e95b9-SNAPSHOT/ratis-grpc-0.4.0-78e95b9-SNAPSHOT.jar:/home/user/.m2/repository/org/rocksdb/rocksdbjni/6.0.1/rocksdbjni-6.0.1.jar:/home/user/.m2/repository/org/apache/logging/log4j/log4j-api/2.11.0/log4j-api-2.11.0.jar:/home/user/.m2/repository/org/apache/logging/log4j/log4j-core/2.11.0/log4j-core-2.11.0.jar:/home/user/.m2/repository/com/lmax/disruptor/3.4.2/disruptor-3.4.2.jar:/home/user/.m2/repository/org/apache/commons/commons-pool2/2.6.0/commons-pool2-2.6.0.jar:/home/user/.m2/repository/org/bouncycastle/bcpkix-jdk15on/1.60/bcpkix-jdk15on-1.60.jar:/home/user/.m2/repository/commons-validator/commons-validator/1.6/commons-validator-1.6.jar:/home/user/.m2/repository/commons-digester/commons-digester/1.8.1/commons-digester-1.8.1.jar:/home/user/.m2/repository/io/jaegertracing/jaeger-client/0.33.1/jaeger-client-0.33.1.jar:/home/user/.m2/repository/io/jaegertracing/jaeger-thrift/0.33.1/jaeger-thrift-0.33.1.jar:/home/user/.m2/repository/org/apache/thrift/libthrift/0.11.0/libthrift-0.11.0.jar:/home/user/.m2/repository/com/squareup/okhttp3/okhttp/3.9.0/okhttp-3.9.0.jar:/home/user/.m2/repository/com/squareup/okio/okio/1.13.0/okio-1.13.0.jar:/home/user/.m2/repository/io/jaegertracing/jaeger-core/0.33.1/jaeger-core-0.33.1.jar:/home/user/.m2/repository/io/jaegertracing/jaeger-tracerresolver/0.33.1/jaeger-tracerresolver-0.33.1.jar:/home/user/.m2/repository/io/opentracing/contrib/opentracing-tracerresolver/0.1.5/opentracing-tracerresolver-0.1.5.jar:/home/user/.m2/repository/io/opentracing/opentracing-util/0.31.0/opentracing-util-0.31.0.jar:/home/user/.m2/repository/io/opentracing/opentracing-api/0.31.0/opentracing-api-0.31.0.jar:/home/user/.m2/repository/io/opentracing/opentracing-noop/0.31.0/opentracing-noop-0.31.0.jar:/home/user/.m2/repository/org/apache/hadoop/hadoop-hdds-server-framework/0.5.0-SNAPSHOT/hadoop-hdds-server-framework-0.5.0-SNAPSHOT.jar:/home/user/.m2/repository/org/apache/hadoop/hadoop-hdds-container-service/0.5.0-SNAPSHOT/hadoop-hdds-container-service-0.5.0-SNAPSHOT.jar:/home/user/.m2/repository/org/apache/hadoop/hadoop-hdds-client/0.5.0-SNAPSHOT/hadoop-hdds-client-0.5.0-SNAPSHOT.jar:/home/user/.m2/repository/org/apache/hadoop/hadoop-hdds-tools/0.5.0-SNAPSHOT/hadoop-hdds-tools-0.5.0-SNAPSHOT.jar:/home/user/.m2/repository/org/apache/hadoop/hadoop-hdds-server-scm/0.5.0-SNAPSHOT/hadoop-hdds-server-scm-0.5.0-SNAPSHOT.jar:/home/user/.m2/repository/org/apache/hadoop/hadoop-hdds-docs/0.5.0-SNAPSHOT/hadoop-hdds-docs-0.5.0-SNAPSHOT.jar:/home/user/.m2/repository/io/dropwizard/metrics/metrics-core/3.2.4/metrics-core-3.2.4.jar:/home/user/.m2/repository/org/hamcrest/hamcrest-all/1.3/hamcrest-all-1.3.jar:/home/user/.m2/repository/org/bouncycastle/bcprov-jdk15on/1.60/bcprov-jdk15on-1.60.jar:/home/user/.m2/repository/info/picocli/picocli/3.9.6/picocli-3.9.6.jar:/home/user/.m2/repository/com/google/protobuf/protobuf-java/2.5.0/protobuf-java-2.5.0.jar:/home/user/.m2/repository/com/google/guava/guava/11.0.2/guava-11.0.2.jar:/home/user/.m2/repository/org/apache/hadoop/hadoop-ozone-ozone-manager/0.5.0-SNAPSHOT/hadoop-ozone-ozone-manager-0.5.0-SNAPSHOT.jar:/home/user/.m2/repository/org/apache/hadoop/hadoop-minikdc/3.2.0/hadoop-minikdc-3.2.0.jar:/home/user/.m2/repository/commons-io/commons-io/2.5/commons-io-2.5.jar:/home/user/.m2/repository/org/apache/kerby/kerb-simplekdc/1.0.1/kerb-simplekdc-1.0.1.jar:/home/user/.m2/repository/org/apache/kerby/kerb-client/1.0.1/kerb-client-1.0.1.jar:/home/user/.m2/repository/org/apache/kerby/kerby-config/1.0.1/kerby-config-1.0.1.jar:/home/user/.m2/repository/org/apache/kerby/kerb-core/1.0.1/kerb-core-1.0.1.jar:/home/user/.m2/repository/org/apache/kerby/kerby-pkix/1.0.1/kerby-pkix-1.0.1.jar:/home/user/.m2/repository/org/apache/kerby/kerby-asn1/1.0.1/kerby-asn1-1.0.1.jar:/home/user/.m2/repository/org/apache/kerby/kerby-util/1.0.1/kerby-util-1.0.1.jar:/home/user/.m2/repository/org/apache/kerby/kerb-common/1.0.1/kerb-common-1.0.1.jar:/home/user/.m2/repository/org/apache/kerby/kerb-crypto/1.0.1/kerb-crypto-1.0.1.jar:/home/user/.m2/repository/org/apache/kerby/kerb-util/1.0.1/kerb-util-1.0.1.jar:/home/user/.m2/repository/org/apache/kerby/token-provider/1.0.1/token-provider-1.0.1.jar:/home/user/.m2/repository/org/apache/kerby/kerb-admin/1.0.1/kerb-admin-1.0.1.jar:/home/user/.m2/repository/org/apache/kerby/kerb-server/1.0.1/kerb-server-1.0.1.jar:/home/user/.m2/repository/org/apache/kerby/kerb-identity/1.0.1/kerb-identity-1.0.1.jar:/home/user/.m2/repository/org/apache/kerby/kerby-xdr/1.0.1/kerby-xdr-1.0.1.jar:/home/user/.m2/repository/org/slf4j/slf4j-log4j12/1.7.25/slf4j-log4j12-1.7.25.jar:/home/user/.m2/repository/org/apache/hadoop/hadoop-ozone-s3gateway/0.5.0-SNAPSHOT/hadoop-ozone-s3gateway-0.5.0-SNAPSHOT.jar:/home/user/.m2/repository/org/jboss/weld/servlet/weld-servlet/2.4.7.Final/weld-servlet-2.4.7.Final.jar:/home/user/.m2/repository/org/glassfish/jersey/containers/jersey-container-servlet-core/2.27/jersey-container-servlet-core-2.27.jar:/home/user/.m2/repository/org/glassfish/hk2/external/javax.inject/2.5.0-b42/javax.inject-2.5.0-b42.jar:/home/user/.m2/repository/org/glassfish/jersey/core/jersey-common/2.27/jersey-common-2.27.jar:/home/user/.m2/repository/org/glassfish/hk2/osgi-resource-locator/1.0.1/osgi-resource-locator-1.0.1.jar:/home/user/.m2/repository/javax/ws/rs/javax.ws.rs-api/2.1/javax.ws.rs-api-2.1.jar:/home/user/.m2/repository/org/glassfish/jersey/ext/cdi/jersey-cdi1x/2.27/jersey-cdi1x-2.27.jar:/home/user/.m2/repository/org/glassfish/jersey/inject/jersey-hk2/2.27/jersey-hk2-2.27.jar:/home/user/.m2/repository/org/glassfish/hk2/hk2-locator/2.5.0-b42/hk2-locator-2.5.0-b42.jar:/home/user/.m2/repository/org/javassist/javassist/3.22.0-CR2/javassist-3.22.0-CR2.jar:/home/user/.m2/repository/org/glassfish/hk2/hk2-api/2.5.0/hk2-api-2.5.0.jar:/home/user/.m2/repository/org/glassfish/hk2/external/jakarta.inject/2.5.0/jakarta.inject-2.5.0.jar:/home/user/.m2/repository/org/glassfish/hk2/hk2-utils/2.5.0/hk2-utils-2.5.0.jar:/home/user/.m2/repository/jakarta/annotation/jakarta.annotation-api/1.3.4/jakarta.annotation-api-1.3.4.jar:/home/user/.m2/repository/org/glassfish/hk2/external/aopalliance-repackaged/2.5.0/aopalliance-repackaged-2.5.0.jar:/home/user/.m2/repository/com/fasterxml/jackson/dataformat/jackson-dataformat-xml/2.9.0/jackson-dataformat-xml-2.9.0.jar:/home/user/.m2/repository/com/fasterxml/jackson/core/jackson-core/2.9.5/jackson-core-2.9.5.jar:/home/user/.m2/repository/com/fasterxml/jackson/module/jackson-module-jaxb-annotations/2.9.5/jackson-module-jaxb-annotations-2.9.5.jar:/home/user/.m2/repository/javax/enterprise/cdi-api/1.2/cdi-api-1.2.jar:/home/user/.m2/repository/javax/el/javax.el-api/3.0.0/javax.el-api-3.0.0.jar:/home/user/.m2/repository/javax/interceptor/javax.interceptor-api/1.2/javax.interceptor-api-1.2.jar:/home/user/.m2/repository/javax/inject/javax.inject/1/javax.inject-1.jar:/home/user/.m2/repository/com/sun/xml/bind/jaxb-impl/2.3.0.1/jaxb-impl-2.3.0.1.jar:/home/user/.m2/repository/com/sun/xml/bind/jaxb-core/2.3.0.1/jaxb-core-2.3.0.1.jar:/home/user/.m2/repository/javax/xml/bind/jaxb-api/2.3.0/jaxb-api-2.3.0.jar:/home/user/.m2/repository/javax/activation/activation/1.1.1/activation-1.1.1.jar:/home/user/.m2/repository/org/apache/hadoop/hadoop-ozone-csi/0.5.0-SNAPSHOT/hadoop-ozone-csi-0.5.0-SNAPSHOT.jar:/home/user/.m2/repository/com/google/protobuf/protobuf-java-util/3.5.1/protobuf-java-util-3.5.1.jar:/home/user/.m2/repository/org/apache/hadoop/hadoop-hdds-config/0.5.0-SNAPSHOT/hadoop-hdds-config-0.5.0-SNAPSHOT.jar:/home/user/.m2/repository/io/grpc/grpc-netty/1.17.1/grpc-netty-1.17.1.jar:/home/user/.m2/repository/io/grpc/grpc-core/1.17.1/grpc-core-1.17.1.jar:/home/user/.m2/repository/io/grpc/grpc-context/1.17.1/grpc-context-1.17.1.jar:/home/user/.m2/repository/com/google/errorprone/error_prone_annotations/2.2.0/error_prone_annotations-2.2.0.jar:/home/user/.m2/repository/org/codehaus/mojo/animal-sniffer-annotations/1.17/animal-sniffer-annotations-1.17.jar:/home/user/.m2/repository/io/opencensus/opencensus-api/0.17.0/opencensus-api-0.17.0.jar:/home/user/.m2/repository/io/opencensus/opencensus-contrib-grpc-metrics/0.17.0/opencensus-contrib-grpc-metrics-0.17.0.jar:/home/user/.m2/repository/io/netty/netty-codec-http2/4.1.30.Final/netty-codec-http2-4.1.30.Final.jar:/home/user/.m2/repository/io/netty/netty-codec-http/4.1.30.Final/netty-codec-http-4.1.30.Final.jar:/home/user/.m2/repository/io/netty/netty-codec/4.1.30.Final/netty-codec-4.1.30.Final.jar:/home/user/.m2/repository/io/netty/netty-handler/4.1.30.Final/netty-handler-4.1.30.Final.jar:/home/user/.m2/repository/io/netty/netty-handler-proxy/4.1.30.Final/netty-handler-proxy-4.1.30.Final.jar:/home/user/.m2/repository/io/netty/netty-codec-socks/4.1.30.Final/netty-codec-socks-4.1.30.Final.jar:/home/user/.m2/repository/io/netty/netty-transport-native-epoll/4.1.30.Final/netty-transport-native-epoll-4.1.30.Final.jar:/home/user/.m2/repository/io/netty/netty-common/4.1.30.Final/netty-common-4.1.30.Final.jar:/home/user/.m2/repository/io/netty/netty-buffer/4.1.30.Final/netty-buffer-4.1.30.Final.jar:/home/user/.m2/repository/io/netty/netty-transport/4.1.30.Final/netty-transport-4.1.30.Final.jar:/home/user/.m2/repository/io/netty/netty-resolver/4.1.30.Final/netty-resolver-4.1.30.Final.jar:/home/user/.m2/repository/io/netty/netty-transport-native-unix-common/4.1.30.Final/netty-transport-native-unix-common-4.1.30.Final.jar:/home/user/.m2/repository/io/grpc/grpc-protobuf/1.17.1/grpc-protobuf-1.17.1.jar:/home/user/.m2/repository/com/google/api/grpc/proto-google-common-protos/1.0.0/proto-google-common-protos-1.0.0.jar:/home/user/.m2/repository/io/grpc/grpc-protobuf-lite/1.17.1/grpc-protobuf-lite-1.17.1.jar:/home/user/.m2/repository/io/grpc/grpc-stub/1.17.1/grpc-stub-1.17.1.jar:/home/user/.m2/repository/org/apache/hadoop/hadoop-ozone-recon/0.5.0-SNAPSHOT/hadoop-ozone-recon-0.5.0-SNAPSHOT.jar:/home/user/.m2/repository/org/apache/hadoop/hadoop-ozone-reconcodegen/0.5.0-SNAPSHOT/hadoop-ozone-reconcodegen-0.5.0-SNAPSHOT.jar:/home/user/.m2/repository/com/google/inject/extensions/guice-multibindings/4.0/guice-multibindings-4.0.jar:/home/user/.m2/repository/com/google/inject/guice/4.0/guice-4.0.jar:/home/user/.m2/repository/aopalliance/aopalliance/1.0/aopalliance-1.0.jar:/home/user/.m2/repository/com/google/inject/extensions/guice-servlet/4.0/guice-servlet-4.0.jar:/home/user/.m2/repository/org/glassfish/jersey/containers/jersey-container-servlet/2.27/jersey-container-servlet-2.27.jar:/home/user/.m2/repository/org/glassfish/hk2/guice-bridge/2.5.0/guice-bridge-2.5.0.jar:/home/user/.m2/repository/org/glassfish/jersey/core/jersey-server/2.27/jersey-server-2.27.jar:/home/user/.m2/repository/org/glassfish/jersey/core/jersey-client/2.27/jersey-client-2.27.jar:/home/user/.m2/repository/org/glassfish/jersey/media/jersey-media-jaxb/2.27/jersey-media-jaxb-2.27.jar:/home/user/.m2/repository/javax/validation/validation-api/1.1.0.Final/validation-api-1.1.0.Final.jar:/home/user/.m2/repository/org/glassfish/jersey/media/jersey-media-json-jackson/2.27/jersey-media-json-jackson-2.27.jar:/home/user/.m2/repository/org/glassfish/jersey/ext/jersey-entity-filtering/2.27/jersey-entity-filtering-2.27.jar:/home/user/.m2/repository/com/google/inject/extensions/guice-assistedinject/4.0/guice-assistedinject-4.0.jar:/home/user/.m2/repository/org/jooq/jooq/3.11.10/jooq-3.11.10.jar:/home/user/.m2/repository/org/jooq/jooq-meta/3.11.10/jooq-meta-3.11.10.jar:/home/user/.m2/repository/org/jooq/jooq-codegen/3.11.10/jooq-codegen-3.11.10.jar:/home/user/.m2/repository/com/jolbox/bonecp/0.8.0.RELEASE/bonecp-0.8.0.RELEASE.jar:/home/user/.m2/repository/org/xerial/sqlite-jdbc/3.25.2/sqlite-jdbc-3.25.2.jar:/home/user/.m2/repository/org/springframework/spring-jdbc/5.1.3.RELEASE/spring-jdbc-5.1.3.RELEASE.jar:/home/user/.m2/repository/org/springframework/spring-beans/5.1.3.RELEASE/spring-beans-5.1.3.RELEASE.jar:/home/user/.m2/repository/org/springframework/spring-core/5.1.3.RELEASE/spring-core-5.1.3.RELEASE.jar:/home/user/.m2/repository/org/springframework/spring-jcl/5.1.3.RELEASE/spring-jcl-5.1.3.RELEASE.jar:/home/user/.m2/repository/org/springframework/spring-tx/5.1.3.RELEASE/spring-tx-5.1.3.RELEASE.jar:/home/user/.m2/repository/org/apache/hadoop/hadoop-ozone-client/0.5.0-SNAPSHOT/hadoop-ozone-client-0.5.0-SNAPSHOT.jar:/home/user/.m2/repository/commons-lang/commons-lang/2.6/commons-lang-2.6.jar:/home/user/.m2/repository/org/apache/hadoop/hadoop-ozone-ozone-manager/0.5.0-SNAPSHOT/hadoop-ozone-ozone-manager-0.5.0-SNAPSHOT-tests.jar:/home/user/.m2/repository/junit/junit/4.11/junit-4.11.jar:/home/user/.m2/repository/org/hamcrest/hamcrest-core/1.3/hamcrest-core-1.3.jar:/home/user/.m2/repository/org/openjdk/jmh/jmh-core/1.19/jmh-core-1.19.jar:/home/user/.m2/repository/net/sf/jopt-simple/jopt-simple/4.6/jopt-simple-4.6.jar:/home/user/.m2/repository/org/apache/commons/commons-math3/3.1.1/commons-math3-3.1.1.jar:/home/user/.m2/repository/org/openjdk/jmh/jmh-generator-annprocess/1.19/jmh-generator-annprocess-1.19.jar:/home/user/.m2/repository/org/mockito/mockito-all/1.8.5/mockito-all-1.8.5.jar:/home/user/.m2/repository/org/apache/hadoop/hadoop-kms/3.2.0/hadoop-kms-3.2.0.jar:/home/user/.m2/repository/org/apache/hadoop/hadoop-auth/3.2.0/hadoop-auth-3.2.0.jar:/home/user/.m2/repository/com/nimbusds/nimbus-jose-jwt/4.41.1/nimbus-jose-jwt-4.41.1.jar:/home/user/.m2/repository/com/github/stephenc/jcip/jcip-annotations/1.0-1/jcip-annotations-1.0-1.jar:/home/user/.m2/repository/net/minidev/json-smart/2.3/json-smart-2.3.jar:/home/user/.m2/repository/net/minidev/accessors-smart/1.2/accessors-smart-1.2.jar:/home/user/.m2/repository/org/ow2/asm/asm/5.0.4/asm-5.0.4.jar:/home/user/.m2/repository/org/apache/curator/curator-framework/2.12.0/curator-framework-2.12.0.jar:/home/user/.m2/repository/com/sun/jersey/jersey-core/1.19/jersey-core-1.19.jar:/home/user/.m2/repository/javax/ws/rs/jsr311-api/1.1.1/jsr311-api-1.1.1.jar:/home/user/.m2/repository/com/sun/jersey/jersey-server/1.19/jersey-server-1.19.jar:/home/user/.m2/repository/javax/servlet/javax.servlet-api/3.1.0/javax.servlet-api-3.1.0.jar:/home/user/.m2/repository/org/eclipse/jetty/jetty-server/9.3.24.v20180605/jetty-server-9.3.24.v20180605.jar:/home/user/.m2/repository/org/eclipse/jetty/jetty-http/9.3.24.v20180605/jetty-http-9.3.24.v20180605.jar:/home/user/.m2/repository/org/eclipse/jetty/jetty-io/9.3.24.v20180605/jetty-io-9.3.24.v20180605.jar:/home/user/.m2/repository/org/eclipse/jetty/jetty-webapp/9.3.24.v20180605/jetty-webapp-9.3.24.v20180605.jar:/home/user/.m2/repository/org/eclipse/jetty/jetty-xml/9.3.24.v20180605/jetty-xml-9.3.24.v20180605.jar:/home/user/.m2/repository/log4j/log4j/1.2.17/log4j-1.2.17.jar:/home/user/.m2/repository/org/slf4j/slf4j-api/1.7.25/slf4j-api-1.7.25.jar:/home/user/.m2/repository/org/slf4j/jul-to-slf4j/1.7.25/jul-to-slf4j-1.7.25.jar:/home/user/.m2/repository/org/eclipse/jetty/jetty-util/9.3.24.v20180605/jetty-util-9.3.24.v20180605.jar:/home/user/.m2/repository/com/fasterxml/jackson/core/jackson-databind/2.9.5/jackson-databind-2.9.5.jar:/home/user/.m2/repository/org/apache/hadoop/hadoop-kms/3.2.0/hadoop-kms-3.2.0-tests.jar:/home/user/.m2/repository/org/apache/hadoop/hadoop-hdds-server-scm/0.5.0-SNAPSHOT/hadoop-hdds-server-scm-0.5.0-SNAPSHOT-tests.jar:/home/user/.m2/repository/org/apache/hadoop/hadoop-hdds-container-service/0.5.0-SNAPSHOT/hadoop-hdds-container-service-0.5.0-SNAPSHOT-tests.jar:/home/user/.m2/repository/org/yaml/snakeyaml/1.16/snakeyaml-1.16.jar:/home/user/.m2/repository/org/apache/hadoop/hadoop-common/3.2.0/hadoop-common-3.2.0-tests.jar:/home/user/.m2/repository/org/apache/hadoop/hadoop-annotations/3.2.0/hadoop-annotations-3.2.0.jar:/usr/lib/jvm/java-1.8-openjdk/jre/../lib/tools.jar:/home/user/.m2/repository/commons-cli/commons-cli/1.2/commons-cli-1.2.jar:/home/user/.m2/repository/org/apache/httpcomponents/httpclient/4.5.2/httpclient-4.5.2.jar:/home/user/.m2/repository/org/apache/httpcomponents/httpcore/4.4.4/httpcore-4.4.4.jar:/home/user/.m2/repository/commons-codec/commons-codec/1.11/commons-codec-1.11.jar:/home/user/.m2/repository/commons-net/commons-net/3.6/commons-net-3.6.jar:/home/user/.m2/repository/commons-collections/commons-collections/3.2.2/commons-collections-3.2.2.jar:/home/user/.m2/repository/org/eclipse/jetty/jetty-servlet/9.3.24.v20180605/jetty-servlet-9.3.24.v20180605.jar:/home/user/.m2/repository/org/eclipse/jetty/jetty-security/9.3.24.v20180605/jetty-security-9.3.24.v20180605.jar:/home/user/.m2/repository/javax/servlet/jsp/jsp-api/2.1/jsp-api-2.1.jar:/home/user/.m2/repository/com/sun/jersey/jersey-servlet/1.19/jersey-servlet-1.19.jar:/home/user/.m2/repository/com/sun/jersey/jersey-json/1.19/jersey-json-1.19.jar:/home/user/.m2/repository/org/codehaus/jettison/jettison/1.1/jettison-1.1.jar:/home/user/.m2/repository/org/codehaus/jackson/jackson-core-asl/1.9.13/jackson-core-asl-1.9.13.jar:/home/user/.m2/repository/org/codehaus/jackson/jackson-mapper-asl/1.9.13/jackson-mapper-asl-1.9.13.jar:/home/user/.m2/repository/org/codehaus/jackson/jackson-jaxrs/1.9.13/jackson-jaxrs-1.9.13.jar:/home/user/.m2/repository/org/codehaus/jackson/jackson-xc/1.9.13/jackson-xc-1.9.13.jar:/home/user/.m2/repository/commons-logging/commons-logging/1.1.3/commons-logging-1.1.3.jar:/home/user/.m2/repository/commons-beanutils/commons-beanutils/1.9.3/commons-beanutils-1.9.3.jar:/home/user/.m2/repository/org/apache/commons/commons-configuration2/2.1.1/commons-configuration2-2.1.1.jar:/home/user/.m2/repository/org/apache/commons/commons-lang3/3.7/commons-lang3-3.7.jar:/home/user/.m2/repository/org/apache/commons/commons-text/1.4/commons-text-1.4.jar:/home/user/.m2/repository/org/apache/avro/avro/1.7.7/avro-1.7.7.jar:/home/user/.m2/repository/com/thoughtworks/paranamer/paranamer/2.3/paranamer-2.3.jar:/home/user/.m2/repository/org/xerial/snappy/snappy-java/1.0.5/snappy-java-1.0.5.jar:/home/user/.m2/repository/com/google/re2j/re2j/1.1/re2j-1.1.jar:/home/user/.m2/repository/com/google/code/gson/gson/2.2.4/gson-2.2.4.jar:/home/user/.m2/repository/com/jcraft/jsch/0.1.54/jsch-0.1.54.jar:/home/user/.m2/repository/org/apache/curator/curator-client/2.12.0/curator-client-2.12.0.jar:/home/user/.m2/repository/org/apache/curator/curator-recipes/2.12.0/curator-recipes-2.12.0.jar:/home/user/.m2/repository/com/google/code/findbugs/jsr305/3.0.0/jsr305-3.0.0.jar:/home/user/.m2/repository/org/apache/htrace/htrace-core4/4.1.0-incubating/htrace-core4-4.1.0-incubating.jar:/home/user/.m2/repository/org/apache/zookeeper/zookeeper/3.4.13/zookeeper-3.4.13.jar:/home/user/.m2/repository/org/apache/yetus/audience-annotations/0.5.0/audience-annotations-0.5.0.jar:/home/user/.m2/repository/org/codehaus/woodstox/stax2-api/3.1.4/stax2-api-3.1.4.jar:/home/user/.m2/repository/com/fasterxml/woodstox/woodstox-core/5.0.3/woodstox-core-5.0.3.jar:/home/user/.m2/repository/dnsjava/dnsjava/2.1.7/dnsjava-2.1.7.jar:/home/user/.m2/repository/org/apache/hadoop/hadoop-hdfs/3.2.0/hadoop-hdfs-3.2.0-tests.jar:/home/user/.m2/repository/org/eclipse/jetty/jetty-util-ajax/9.3.24.v20180605/jetty-util-ajax-9.3.24.v20180605.jar:/home/user/.m2/repository/commons-daemon/commons-daemon/1.0.13/commons-daemon-1.0.13.jar:/home/user/.m2/repository/io/netty/netty/3.10.5.Final/netty-3.10.5.Final.jar:/home/user/.m2/repository/io/netty/netty-all/4.0.52.Final/netty-all-4.0.52.Final.jar:/home/user/.m2/repository/org/fusesource/leveldbjni/leveldbjni-all/1.8/leveldbjni-all-1.8.jar:"/>
    <property name="sun.cpu.endian" value="little"/>
    <property name="user.home" value="/home/user"/>
    <property name="user.language" value="en"/>
    <property name="java.specification.vendor" value="Oracle Corporation"/>
    <property name="java.home" value="/usr/lib/jvm/java-1.8-openjdk/jre"/>
    <property name="java.security.krb5.conf" value="/workdir/hadoop-ozone/integration-test/target/test-classes/krb5.conf"/>
    <property name="basedir" value="/workdir/hadoop-ozone/integration-test"/>
    <property name="file.separator" value="/"/>
    <property name="line.separator" value="&#10;"/>
    <property name="java.vm.specification.vendor" value="Oracle Corporation"/>
    <property name="java.specification.name" value="Java Platform API Specification"/>
    <property name="java.awt.graphicsenv" value="sun.awt.X11GraphicsEnvironment"/>
    <property name="surefire.real.class.path" value="/workdir/hadoop-ozone/integration-test/target/surefire/surefirebooter4094539906633354107.jar"/>
    <property name="hadoop.log.dir" value="/workdir/hadoop-ozone/integration-test/target/log"/>
    <property name="sun.boot.class.path" value="/usr/lib/jvm/java-1.8-openjdk/jre/lib/resources.jar:/usr/lib/jvm/java-1.8-openjdk/jre/lib/rt.jar:/usr/lib/jvm/java-1.8-openjdk/jre/lib/sunrsasign.jar:/usr/lib/jvm/java-1.8-openjdk/jre/lib/jsse.jar:/usr/lib/jvm/java-1.8-openjdk/jre/lib/jce.jar:/usr/lib/jvm/java-1.8-openjdk/jre/lib/charsets.jar:/usr/lib/jvm/java-1.8-openjdk/jre/lib/jfr.jar:/usr/lib/jvm/java-1.8-openjdk/jre/classes"/>
    <property name="sun.management.compiler" value="HotSpot 64-Bit Tiered Compilers"/>
    <property name="java.runtime.version" value="1.8.0_212-b04"/>
    <property name="java.net.preferIPv4Stack" value="true"/>
    <property name="user.name" value="jenkins1000"/>
    <property name="path.separator" value=":"/>
    <property name="java.security.egd" value="file:///dev/urandom"/>
    <property name="os.version" value="3.10.0-957.12.2.el7.x86_64"/>
    <property name="java.endorsed.dirs" value="/usr/lib/jvm/java-1.8-openjdk/jre/lib/endorsed"/>
    <property name="java.runtime.name" value="OpenJDK Runtime Environment"/>
    <property name="file.encoding" value="UTF-8"/>
    <property name="java.vm.name" value="OpenJDK 64-Bit Server VM"/>
    <property name="test.build.webapps" value=""/>
    <property name="localRepository" value="/home/user/.m2/repository"/>
    <property name="java.vendor.url.bug" value="https://icedtea.classpath.org/bugzilla"/>
    <property name="java.io.tmpdir" value="/tmp"/>
    <property name="require.test.libhadoop" value=""/>
    <property name="java.version" value="1.8.0_212"/>
    <property name="user.dir" value="/workdir/hadoop-ozone/integration-test"/>
    <property name="os.arch" value="amd64"/>
    <property name="java.vm.specification.name" value="Java Virtual Machine Specification"/>
    <property name="test.build.classes" value="/workdir/hadoop-ozone/integration-test/target/test-classes"/>
    <property name="java.awt.printerjob" value="sun.print.PSPrinterJob"/>
    <property name="sun.os.patch.level" value="unknown"/>
    <property name="hadoop.tmp.dir" value="/workdir/hadoop-ozone/integration-test/target/tmp"/>
    <property name="java.library.path" value="/usr/lib/jvm/java-1.8-openjdk/jre/lib/amd64/server:/usr/lib/jvm/java-1.8-openjdk/jre/lib/amd64:/usr/lib/jvm/java-1.8-openjdk/jre/../lib/amd64:/workdir/hadoop-ozone/integration-test/target/native/target/usr/local/lib:/workdir/hadoop-ozone/integration-test/../../hadoop-common-project/hadoop-common/target/native/target/usr/local/lib:/usr/java/packages/lib/amd64:/usr/lib64:/lib64:/lib:/usr/lib"/>
    <property name="java.vm.info" value="mixed mode"/>
    <property name="java.vendor" value="IcedTea"/>
    <property name="java.vm.version" value="25.212-b04"/>
    <property name="java.ext.dirs" value="/usr/lib/jvm/java-1.8-openjdk/jre/lib/ext:/usr/java/packages/lib/ext"/>
    <property name="sun.io.unicode.encoding" value="UnicodeLittle"/>
    <property name="java.class.version" value="52.0"/>
  </properties>
  <testcase name="testFlushChunk" classname="org.apache.hadoop.ozone.client.rpc.TestBlockOutputStream" time="5.7"/>
  <testcase name="testMultiChunkWrite2" classname="org.apache.hadoop.ozone.client.rpc.TestBlockOutputStream" time="0.636"/>
  <testcase name="testMultiChunkWrite" classname="org.apache.hadoop.ozone.client.rpc.TestBlockOutputStream" time="187.698">
    <failure message="expected:&lt;7&gt; but was:&lt;9&gt;" type="java.lang.AssertionError"><![CDATA[java.lang.AssertionError: expected:<7> but was:<9>
	at org.junit.Assert.fail(Assert.java:88)
	at org.junit.Assert.failNotEquals(Assert.java:743)
	at org.junit.Assert.assertEquals(Assert.java:118)
	at org.junit.Assert.assertEquals(Assert.java:555)
	at org.junit.Assert.assertEquals(Assert.java:542)
	at org.apache.hadoop.ozone.client.rpc.TestBlockOutputStream.testMultiChunkWrite(TestBlockOutputStream.java:364)
	at sun.reflect.NativeMethodAccessorImpl.invoke0(Native Method)
	at sun.reflect.NativeMethodAccessorImpl.invoke(NativeMethodAccessorImpl.java:62)
	at sun.reflect.DelegatingMethodAccessorImpl.invoke(DelegatingMethodAccessorImpl.java:43)
	at java.lang.reflect.Method.invoke(Method.java:498)
	at org.junit.runners.model.FrameworkMethod$1.runReflectiveCall(FrameworkMethod.java:47)
	at org.junit.internal.runners.model.ReflectiveCallable.run(ReflectiveCallable.java:12)
	at org.junit.runners.model.FrameworkMethod.invokeExplosively(FrameworkMethod.java:44)
	at org.junit.internal.runners.statements.InvokeMethod.evaluate(InvokeMethod.java:17)
	at org.junit.runners.ParentRunner.runLeaf(ParentRunner.java:271)
	at org.junit.runners.BlockJUnit4ClassRunner.runChild(BlockJUnit4ClassRunner.java:70)
	at org.junit.runners.BlockJUnit4ClassRunner.runChild(BlockJUnit4ClassRunner.java:50)
	at org.junit.runners.ParentRunner$3.run(ParentRunner.java:238)
	at org.junit.runners.ParentRunner$1.schedule(ParentRunner.java:63)
	at org.junit.runners.ParentRunner.runChildren(ParentRunner.java:236)
	at org.junit.runners.ParentRunner.access$000(ParentRunner.java:53)
	at org.junit.runners.ParentRunner$2.evaluate(ParentRunner.java:229)
	at org.junit.internal.runners.statements.RunBefores.evaluate(RunBefores.java:26)
	at org.junit.internal.runners.statements.RunAfters.evaluate(RunAfters.java:27)
	at org.junit.runners.ParentRunner.run(ParentRunner.java:309)
	at org.apache.maven.surefire.junit4.JUnit4Provider.execute(JUnit4Provider.java:365)
	at org.apache.maven.surefire.junit4.JUnit4Provider.executeWithRerun(JUnit4Provider.java:273)
	at org.apache.maven.surefire.junit4.JUnit4Provider.executeTestSet(JUnit4Provider.java:238)
	at org.apache.maven.surefire.junit4.JUnit4Provider.invoke(JUnit4Provider.java:159)
	at org.apache.maven.surefire.booter.ForkedBooter.invokeProviderInSameClassLoader(ForkedBooter.java:384)
	at org.apache.maven.surefire.booter.ForkedBooter.runSuitesInProcess(ForkedBooter.java:345)
	at org.apache.maven.surefire.booter.ForkedBooter.execute(ForkedBooter.java:126)
	at org.apache.maven.surefire.booter.ForkedBooter.main(ForkedBooter.java:418)
]]></failure>
    <system-out><![CDATA[2019-09-17 22:32:18,705 [java.util.concurrent.ThreadPoolExecutor$Worker@7e5f243f[State = -1, empty queue]] WARN  server.GrpcLogAppender (GrpcLogAppender.java:timeoutAppendRequest(200)) - fc7af808-7c3b-4e7d-bcd4-16788f7c0c06@group-BE3E92DB7FF3->3de10ab2-5aa8-4456-b48c-00692585ccec-GrpcLogAppender: appendEntries Timeout, request=fc7af808-7c3b-4e7d-bcd4-16788f7c0c06->3de10ab2-5aa8-4456-b48c-00692585ccec#8-t1, previous=(t:1, i:6), leaderCommit=6, initializing? false, entries: size=1, first=(t:1, i:7), STATEMACHINELOGENTRY, client-88E348C253ED, cid=21
2019-09-17 22:32:18,705 [java.util.concurrent.ThreadPoolExecutor$Worker@44fdba2a[State = -1, empty queue]] WARN  server.GrpcLogAppender (GrpcLogAppender.java:timeoutAppendRequest(200)) - fc7af808-7c3b-4e7d-bcd4-16788f7c0c06@group-BE3E92DB7FF3->80bd91bd-ab17-414e-9fbc-bd509e19448d-GrpcLogAppender: appendEntries Timeout, request=fc7af808-7c3b-4e7d-bcd4-16788f7c0c06->80bd91bd-ab17-414e-9fbc-bd509e19448d#8-t1, previous=(t:1, i:6), leaderCommit=6, initializing? false, entries: size=1, first=(t:1, i:7), STATEMACHINELOGENTRY, client-88E348C253ED, cid=21
2019-09-17 22:32:18,716 [java.util.concurrent.ThreadPoolExecutor$Worker@7e5f243f[State = -1, empty queue]] WARN  server.GrpcLogAppender (GrpcLogAppender.java:timeoutAppendRequest(200)) - fc7af808-7c3b-4e7d-bcd4-16788f7c0c06@group-BE3E92DB7FF3->3de10ab2-5aa8-4456-b48c-00692585ccec-GrpcLogAppender: appendEntries Timeout, request=fc7af808-7c3b-4e7d-bcd4-16788f7c0c06->3de10ab2-5aa8-4456-b48c-00692585ccec#9-t1, previous=(t:1, i:7), leaderCommit=6, initializing? false, entries: size=1, first=(t:1, i:8), STATEMACHINELOGENTRY, client-88E348C253ED, cid=22
2019-09-17 22:32:18,718 [java.util.concurrent.ThreadPoolExecutor$Worker@44fdba2a[State = -1, empty queue]] WARN  server.GrpcLogAppender (GrpcLogAppender.java:timeoutAppendRequest(200)) - fc7af808-7c3b-4e7d-bcd4-16788f7c0c06@group-BE3E92DB7FF3->80bd91bd-ab17-414e-9fbc-bd509e19448d-GrpcLogAppender: appendEntries Timeout, request=fc7af808-7c3b-4e7d-bcd4-16788f7c0c06->80bd91bd-ab17-414e-9fbc-bd509e19448d#9-t1, previous=(t:1, i:7), leaderCommit=6, initializing? false, entries: size=1, first=(t:1, i:8), STATEMACHINELOGENTRY, client-88E348C253ED, cid=22
2019-09-17 22:32:18,720 [java.util.concurrent.ThreadPoolExecutor$Worker@7e5f243f[State = -1, empty queue]] WARN  server.GrpcLogAppender (GrpcLogAppender.java:timeoutAppendRequest(200)) - fc7af808-7c3b-4e7d-bcd4-16788f7c0c06@group-BE3E92DB7FF3->3de10ab2-5aa8-4456-b48c-00692585ccec-GrpcLogAppender: appendEntries Timeout, request=fc7af808-7c3b-4e7d-bcd4-16788f7c0c06->3de10ab2-5aa8-4456-b48c-00692585ccec#10-t1, previous=(t:1, i:8), leaderCommit=6, initializing? false, entries: size=1, first=(t:1, i:9), STATEMACHINELOGENTRY, client-88E348C253ED, cid=23
2019-09-17 22:32:18,722 [java.util.concurrent.ThreadPoolExecutor$Worker@44fdba2a[State = -1, empty queue]] WARN  server.GrpcLogAppender (GrpcLogAppender.java:timeoutAppendRequest(200)) - fc7af808-7c3b-4e7d-bcd4-16788f7c0c06@group-BE3E92DB7FF3->80bd91bd-ab17-414e-9fbc-bd509e19448d-GrpcLogAppender: appendEntries Timeout, request=fc7af808-7c3b-4e7d-bcd4-16788f7c0c06->80bd91bd-ab17-414e-9fbc-bd509e19448d#10-t1, previous=(t:1, i:8), leaderCommit=6, initializing? false, entries: size=1, first=(t:1, i:9), STATEMACHINELOGENTRY, client-88E348C253ED, cid=23
2019-09-17 22:32:20,799 [grpc-default-executor-2] INFO  client.GrpcClientProtocolClient (GrpcClientProtocolClient.java:onNext(264)) - client-88E348C253ED->80bd91bd-ab17-414e-9fbc-bd509e19448d: receive RaftClientReply:client-88E348C253ED->80bd91bd-ab17-414e-9fbc-bd509e19448d@group-BE3E92DB7FF3, cid=21, FAILED org.apache.ratis.protocol.NotLeaderException: Server 80bd91bd-ab17-414e-9fbc-bd509e19448d@group-BE3E92DB7FF3 is not the leader fc7af808-7c3b-4e7d-bcd4-16788f7c0c06:192.168.5.156:38622, logIndex=0, commits[80bd91bd-ab17-414e-9fbc-bd509e19448d:c6, fc7af808-7c3b-4e7d-bcd4-16788f7c0c06:c6, 3de10ab2-5aa8-4456-b48c-00692585ccec:c5]
2019-09-17 22:32:21,208 [java.util.concurrent.ThreadPoolExecutor$Worker@44fdba2a[State = -1, empty queue]] WARN  server.GrpcLogAppender (GrpcLogAppender.java:timeoutAppendRequest(200)) - fc7af808-7c3b-4e7d-bcd4-16788f7c0c06@group-BE3E92DB7FF3->80bd91bd-ab17-414e-9fbc-bd509e19448d-GrpcLogAppender: appendEntries Timeout, request=fc7af808-7c3b-4e7d-bcd4-16788f7c0c06->80bd91bd-ab17-414e-9fbc-bd509e19448d#11-t1, previous=(t:1, i:9), leaderCommit=6, initializing? false, entries: <empty>
2019-09-17 22:32:21,208 [java.util.concurrent.ThreadPoolExecutor$Worker@7e5f243f[State = -1, empty queue]] WARN  server.GrpcLogAppender (GrpcLogAppender.java:timeoutAppendRequest(200)) - fc7af808-7c3b-4e7d-bcd4-16788f7c0c06@group-BE3E92DB7FF3->3de10ab2-5aa8-4456-b48c-00692585ccec-GrpcLogAppender: appendEntries Timeout, request=fc7af808-7c3b-4e7d-bcd4-16788f7c0c06->3de10ab2-5aa8-4456-b48c-00692585ccec#11-t1, previous=(t:1, i:9), leaderCommit=6, initializing? false, entries: <empty>
2019-09-17 22:32:23,710 [java.util.concurrent.ThreadPoolExecutor$Worker@44fdba2a[State = -1, empty queue]] WARN  server.GrpcLogAppender (GrpcLogAppender.java:timeoutAppendRequest(200)) - fc7af808-7c3b-4e7d-bcd4-16788f7c0c06@group-BE3E92DB7FF3->80bd91bd-ab17-414e-9fbc-bd509e19448d-GrpcLogAppender: appendEntries Timeout, request=fc7af808-7c3b-4e7d-bcd4-16788f7c0c06->80bd91bd-ab17-414e-9fbc-bd509e19448d#12-t1, previous=(t:1, i:9), leaderCommit=6, initializing? false, entries: <empty>
2019-09-17 22:32:23,710 [java.util.concurrent.ThreadPoolExecutor$Worker@7e5f243f[State = -1, empty queue]] WARN  server.GrpcLogAppender (GrpcLogAppender.java:timeoutAppendRequest(200)) - fc7af808-7c3b-4e7d-bcd4-16788f7c0c06@group-BE3E92DB7FF3->3de10ab2-5aa8-4456-b48c-00692585ccec-GrpcLogAppender: appendEntries Timeout, request=fc7af808-7c3b-4e7d-bcd4-16788f7c0c06->3de10ab2-5aa8-4456-b48c-00692585ccec#12-t1, previous=(t:1, i:9), leaderCommit=6, initializing? false, entries: <empty>
2019-09-17 22:32:25,706 [3de10ab2-5aa8-4456-b48c-00692585ccec@group-BE3E92DB7FF3-SegmentedRaftLogWorker] WARN  segmented.SegmentedRaftLogWorker (SegmentedRaftLogWorker.java:getFromFuture(90)) - Timeout 0/~
org.apache.ratis.protocol.TimeoutIOException: Timeout 10s: WriteLog:7: (t:1, i:7), STATEMACHINELOGENTRY, client-88E348C253ED, cid=21-writeStateMachineData
	at org.apache.ratis.util.IOUtils.getFromFuture(IOUtils.java:87)
	at org.apache.ratis.server.raftlog.segmented.SegmentedRaftLogWorker$StateMachineDataPolicy.getFromFuture(SegmentedRaftLogWorker.java:87)
	at org.apache.ratis.server.raftlog.segmented.SegmentedRaftLogWorker$WriteLog.execute(SegmentedRaftLogWorker.java:477)
	at org.apache.ratis.server.raftlog.segmented.SegmentedRaftLogWorker.run(SegmentedRaftLogWorker.java:289)
	at java.lang.Thread.run(Thread.java:748)
Caused by: java.util.concurrent.TimeoutException
	at java.util.concurrent.CompletableFuture.timedGet(CompletableFuture.java:1771)
	at java.util.concurrent.CompletableFuture.get(CompletableFuture.java:1915)
	at org.apache.ratis.util.IOUtils.getFromFuture(IOUtils.java:79)
	... 4 more
2019-09-17 22:32:25,847 [grpc-default-executor-3] INFO  client.GrpcClientProtocolClient (GrpcClientProtocolClient.java:onNext(264)) - client-88E348C253ED->80bd91bd-ab17-414e-9fbc-bd509e19448d: receive RaftClientReply:client-88E348C253ED->80bd91bd-ab17-414e-9fbc-bd509e19448d@group-BE3E92DB7FF3, cid=21, FAILED org.apache.ratis.protocol.NotLeaderException: Server 80bd91bd-ab17-414e-9fbc-bd509e19448d@group-BE3E92DB7FF3 is not the leader fc7af808-7c3b-4e7d-bcd4-16788f7c0c06:192.168.5.156:38622, logIndex=0, commits[80bd91bd-ab17-414e-9fbc-bd509e19448d:c6, fc7af808-7c3b-4e7d-bcd4-16788f7c0c06:c6, 3de10ab2-5aa8-4456-b48c-00692585ccec:c5]
2019-09-17 22:32:25,868 [fc7af808-7c3b-4e7d-bcd4-16788f7c0c06@group-BE3E92DB7FF3-SegmentedRaftLogWorker] WARN  segmented.SegmentedRaftLogWorker (SegmentedRaftLogWorker.java:getFromFuture(90)) - Timeout 0/~
org.apache.ratis.protocol.TimeoutIOException: Timeout 10s: WriteLog:8: (t:1, i:8), STATEMACHINELOGENTRY, client-88E348C253ED, cid=22-writeStateMachineData
	at org.apache.ratis.util.IOUtils.getFromFuture(IOUtils.java:87)
	at org.apache.ratis.server.raftlog.segmented.SegmentedRaftLogWorker$StateMachineDataPolicy.getFromFuture(SegmentedRaftLogWorker.java:87)
	at org.apache.ratis.server.raftlog.segmented.SegmentedRaftLogWorker$WriteLog.execute(SegmentedRaftLogWorker.java:477)
	at org.apache.ratis.server.raftlog.segmented.SegmentedRaftLogWorker.run(SegmentedRaftLogWorker.java:289)
	at java.lang.Thread.run(Thread.java:748)
Caused by: java.util.concurrent.TimeoutException
	at java.util.concurrent.CompletableFuture.timedGet(CompletableFuture.java:1771)
	at java.util.concurrent.CompletableFuture.get(CompletableFuture.java:1915)
	at org.apache.ratis.util.IOUtils.getFromFuture(IOUtils.java:79)
	... 4 more
2019-09-17 22:32:25,903 [80bd91bd-ab17-414e-9fbc-bd509e19448d@group-BE3E92DB7FF3-SegmentedRaftLogWorker] WARN  segmented.SegmentedRaftLogWorker (SegmentedRaftLogWorker.java:getFromFuture(90)) - Timeout 0/~
org.apache.ratis.protocol.TimeoutIOException: Timeout 10s: WriteLog:8: (t:1, i:8), STATEMACHINELOGENTRY, client-88E348C253ED, cid=22-writeStateMachineData
	at org.apache.ratis.util.IOUtils.getFromFuture(IOUtils.java:87)
	at org.apache.ratis.server.raftlog.segmented.SegmentedRaftLogWorker$StateMachineDataPolicy.getFromFuture(SegmentedRaftLogWorker.java:87)
	at org.apache.ratis.server.raftlog.segmented.SegmentedRaftLogWorker$WriteLog.execute(SegmentedRaftLogWorker.java:477)
	at org.apache.ratis.server.raftlog.segmented.SegmentedRaftLogWorker.run(SegmentedRaftLogWorker.java:289)
	at java.lang.Thread.run(Thread.java:748)
Caused by: java.util.concurrent.TimeoutException
	at java.util.concurrent.CompletableFuture.timedGet(CompletableFuture.java:1771)
	at java.util.concurrent.CompletableFuture.get(CompletableFuture.java:1915)
	at org.apache.ratis.util.IOUtils.getFromFuture(IOUtils.java:79)
	... 4 more
2019-09-17 22:32:26,211 [java.util.concurrent.ThreadPoolExecutor$Worker@7e5f243f[State = -1, empty queue]] WARN  server.GrpcLogAppender (GrpcLogAppender.java:timeoutAppendRequest(200)) - fc7af808-7c3b-4e7d-bcd4-16788f7c0c06@group-BE3E92DB7FF3->3de10ab2-5aa8-4456-b48c-00692585ccec-GrpcLogAppender: appendEntries Timeout, request=fc7af808-7c3b-4e7d-bcd4-16788f7c0c06->3de10ab2-5aa8-4456-b48c-00692585ccec#13-t1, previous=(t:1, i:9), leaderCommit=6, initializing? false, entries: <empty>
2019-09-17 22:32:26,211 [java.util.concurrent.ThreadPoolExecutor$Worker@44fdba2a[State = -1, empty queue]] WARN  server.GrpcLogAppender (GrpcLogAppender.java:timeoutAppendRequest(200)) - fc7af808-7c3b-4e7d-bcd4-16788f7c0c06@group-BE3E92DB7FF3->80bd91bd-ab17-414e-9fbc-bd509e19448d-GrpcLogAppender: appendEntries Timeout, request=fc7af808-7c3b-4e7d-bcd4-16788f7c0c06->80bd91bd-ab17-414e-9fbc-bd509e19448d#13-t1, previous=(t:1, i:9), leaderCommit=6, initializing? false, entries: <empty>
2019-09-17 22:32:28,712 [java.util.concurrent.ThreadPoolExecutor$Worker@7e5f243f[State = -1, empty queue]] WARN  server.GrpcLogAppender (GrpcLogAppender.java:timeoutAppendRequest(200)) - fc7af808-7c3b-4e7d-bcd4-16788f7c0c06@group-BE3E92DB7FF3->3de10ab2-5aa8-4456-b48c-00692585ccec-GrpcLogAppender: appendEntries Timeout, request=fc7af808-7c3b-4e7d-bcd4-16788f7c0c06->3de10ab2-5aa8-4456-b48c-00692585ccec#14-t1, previous=(t:1, i:9), leaderCommit=6, initializing? false, entries: <empty>
2019-09-17 22:32:28,712 [java.util.concurrent.ThreadPoolExecutor$Worker@44fdba2a[State = -1, empty queue]] WARN  server.GrpcLogAppender (GrpcLogAppender.java:timeoutAppendRequest(200)) - fc7af808-7c3b-4e7d-bcd4-16788f7c0c06@group-BE3E92DB7FF3->80bd91bd-ab17-414e-9fbc-bd509e19448d-GrpcLogAppender: appendEntries Timeout, request=fc7af808-7c3b-4e7d-bcd4-16788f7c0c06->80bd91bd-ab17-414e-9fbc-bd509e19448d#14-t1, previous=(t:1, i:9), leaderCommit=6, initializing? false, entries: <empty>
2019-09-17 22:32:30,897 [grpc-default-executor-3] INFO  client.GrpcClientProtocolClient (GrpcClientProtocolClient.java:onNext(264)) - client-88E348C253ED->80bd91bd-ab17-414e-9fbc-bd509e19448d: receive RaftClientReply:client-88E348C253ED->80bd91bd-ab17-414e-9fbc-bd509e19448d@group-BE3E92DB7FF3, cid=21, FAILED org.apache.ratis.protocol.NotLeaderException: Server 80bd91bd-ab17-414e-9fbc-bd509e19448d@group-BE3E92DB7FF3 is not the leader fc7af808-7c3b-4e7d-bcd4-16788f7c0c06:192.168.5.156:38622, logIndex=0, commits[80bd91bd-ab17-414e-9fbc-bd509e19448d:c6, fc7af808-7c3b-4e7d-bcd4-16788f7c0c06:c6, 3de10ab2-5aa8-4456-b48c-00692585ccec:c5]
2019-09-17 22:32:31,213 [java.util.concurrent.ThreadPoolExecutor$Worker@7e5f243f[State = -1, empty queue]] WARN  server.GrpcLogAppender (GrpcLogAppender.java:timeoutAppendRequest(200)) - fc7af808-7c3b-4e7d-bcd4-16788f7c0c06@group-BE3E92DB7FF3->3de10ab2-5aa8-4456-b48c-00692585ccec-GrpcLogAppender: appendEntries Timeout, request=fc7af808-7c3b-4e7d-bcd4-16788f7c0c06->3de10ab2-5aa8-4456-b48c-00692585ccec#15-t1, previous=(t:1, i:9), leaderCommit=6, initializing? false, entries: <empty>
2019-09-17 22:32:31,213 [java.util.concurrent.ThreadPoolExecutor$Worker@44fdba2a[State = -1, empty queue]] WARN  server.GrpcLogAppender (GrpcLogAppender.java:timeoutAppendRequest(200)) - fc7af808-7c3b-4e7d-bcd4-16788f7c0c06@group-BE3E92DB7FF3->80bd91bd-ab17-414e-9fbc-bd509e19448d-GrpcLogAppender: appendEntries Timeout, request=fc7af808-7c3b-4e7d-bcd4-16788f7c0c06->80bd91bd-ab17-414e-9fbc-bd509e19448d#15-t1, previous=(t:1, i:9), leaderCommit=6, initializing? false, entries: <empty>
2019-09-17 22:32:33,714 [java.util.concurrent.ThreadPoolExecutor$Worker@44fdba2a[State = -1, empty queue]] WARN  server.GrpcLogAppender (GrpcLogAppender.java:timeoutAppendRequest(200)) - fc7af808-7c3b-4e7d-bcd4-16788f7c0c06@group-BE3E92DB7FF3->80bd91bd-ab17-414e-9fbc-bd509e19448d-GrpcLogAppender: appendEntries Timeout, request=fc7af808-7c3b-4e7d-bcd4-16788f7c0c06->80bd91bd-ab17-414e-9fbc-bd509e19448d#16-t1, previous=(t:1, i:9), leaderCommit=6, initializing? false, entries: <empty>
2019-09-17 22:32:33,714 [java.util.concurrent.ThreadPoolExecutor$Worker@7e5f243f[State = -1, empty queue]] WARN  server.GrpcLogAppender (GrpcLogAppender.java:timeoutAppendRequest(200)) - fc7af808-7c3b-4e7d-bcd4-16788f7c0c06@group-BE3E92DB7FF3->3de10ab2-5aa8-4456-b48c-00692585ccec-GrpcLogAppender: appendEntries Timeout, request=fc7af808-7c3b-4e7d-bcd4-16788f7c0c06->3de10ab2-5aa8-4456-b48c-00692585ccec#16-t1, previous=(t:1, i:9), leaderCommit=6, initializing? false, entries: <empty>
2019-09-17 22:32:35,708 [3de10ab2-5aa8-4456-b48c-00692585ccec@group-BE3E92DB7FF3-SegmentedRaftLogWorker] WARN  segmented.SegmentedRaftLogWorker (SegmentedRaftLogWorker.java:getFromFuture(90)) - Timeout 1/~
org.apache.ratis.protocol.TimeoutIOException: Timeout 10s: WriteLog:7: (t:1, i:7), STATEMACHINELOGENTRY, client-88E348C253ED, cid=21-writeStateMachineData
	at org.apache.ratis.util.IOUtils.getFromFuture(IOUtils.java:87)
	at org.apache.ratis.server.raftlog.segmented.SegmentedRaftLogWorker$StateMachineDataPolicy.getFromFuture(SegmentedRaftLogWorker.java:87)
	at org.apache.ratis.server.raftlog.segmented.SegmentedRaftLogWorker$WriteLog.execute(SegmentedRaftLogWorker.java:477)
	at org.apache.ratis.server.raftlog.segmented.SegmentedRaftLogWorker.run(SegmentedRaftLogWorker.java:289)
	at java.lang.Thread.run(Thread.java:748)
Caused by: java.util.concurrent.TimeoutException
	at java.util.concurrent.CompletableFuture.timedGet(CompletableFuture.java:1771)
	at java.util.concurrent.CompletableFuture.get(CompletableFuture.java:1915)
	at org.apache.ratis.util.IOUtils.getFromFuture(IOUtils.java:79)
	... 4 more
2019-09-17 22:32:35,869 [fc7af808-7c3b-4e7d-bcd4-16788f7c0c06@group-BE3E92DB7FF3-SegmentedRaftLogWorker] WARN  segmented.SegmentedRaftLogWorker (SegmentedRaftLogWorker.java:getFromFuture(90)) - Timeout 1/~
org.apache.ratis.protocol.TimeoutIOException: Timeout 10s: WriteLog:8: (t:1, i:8), STATEMACHINELOGENTRY, client-88E348C253ED, cid=22-writeStateMachineData
	at org.apache.ratis.util.IOUtils.getFromFuture(IOUtils.java:87)
	at org.apache.ratis.server.raftlog.segmented.SegmentedRaftLogWorker$StateMachineDataPolicy.getFromFuture(SegmentedRaftLogWorker.java:87)
	at org.apache.ratis.server.raftlog.segmented.SegmentedRaftLogWorker$WriteLog.execute(SegmentedRaftLogWorker.java:477)
	at org.apache.ratis.server.raftlog.segmented.SegmentedRaftLogWorker.run(SegmentedRaftLogWorker.java:289)
	at java.lang.Thread.run(Thread.java:748)
Caused by: java.util.concurrent.TimeoutException
	at java.util.concurrent.CompletableFuture.timedGet(CompletableFuture.java:1771)
	at java.util.concurrent.CompletableFuture.get(CompletableFuture.java:1915)
	at org.apache.ratis.util.IOUtils.getFromFuture(IOUtils.java:79)
	... 4 more
2019-09-17 22:32:35,906 [80bd91bd-ab17-414e-9fbc-bd509e19448d@group-BE3E92DB7FF3-SegmentedRaftLogWorker] WARN  segmented.SegmentedRaftLogWorker (SegmentedRaftLogWorker.java:getFromFuture(90)) - Timeout 1/~
org.apache.ratis.protocol.TimeoutIOException: Timeout 10s: WriteLog:8: (t:1, i:8), STATEMACHINELOGENTRY, client-88E348C253ED, cid=22-writeStateMachineData
	at org.apache.ratis.util.IOUtils.getFromFuture(IOUtils.java:87)
	at org.apache.ratis.server.raftlog.segmented.SegmentedRaftLogWorker$StateMachineDataPolicy.getFromFuture(SegmentedRaftLogWorker.java:87)
	at org.apache.ratis.server.raftlog.segmented.SegmentedRaftLogWorker$WriteLog.execute(SegmentedRaftLogWorker.java:477)
	at org.apache.ratis.server.raftlog.segmented.SegmentedRaftLogWorker.run(SegmentedRaftLogWorker.java:289)
	at java.lang.Thread.run(Thread.java:748)
Caused by: java.util.concurrent.TimeoutException
	at java.util.concurrent.CompletableFuture.timedGet(CompletableFuture.java:1771)
	at java.util.concurrent.CompletableFuture.get(CompletableFuture.java:1915)
	at org.apache.ratis.util.IOUtils.getFromFuture(IOUtils.java:79)
	... 4 more
2019-09-17 22:32:35,949 [grpc-default-executor-3] INFO  client.GrpcClientProtocolClient (GrpcClientProtocolClient.java:onNext(264)) - client-88E348C253ED->3de10ab2-5aa8-4456-b48c-00692585ccec: receive RaftClientReply:client-88E348C253ED->3de10ab2-5aa8-4456-b48c-00692585ccec@group-BE3E92DB7FF3, cid=21, FAILED org.apache.ratis.protocol.NotLeaderException: Server 3de10ab2-5aa8-4456-b48c-00692585ccec@group-BE3E92DB7FF3 is not the leader fc7af808-7c3b-4e7d-bcd4-16788f7c0c06:192.168.5.156:38622, logIndex=0, commits[3de10ab2-5aa8-4456-b48c-00692585ccec:c6, fc7af808-7c3b-4e7d-bcd4-16788f7c0c06:c6, 80bd91bd-ab17-414e-9fbc-bd509e19448d:c5]
2019-09-17 22:32:36,215 [java.util.concurrent.ThreadPoolExecutor$Worker@7e5f243f[State = -1, empty queue]] WARN  server.GrpcLogAppender (GrpcLogAppender.java:timeoutAppendRequest(200)) - fc7af808-7c3b-4e7d-bcd4-16788f7c0c06@group-BE3E92DB7FF3->3de10ab2-5aa8-4456-b48c-00692585ccec-GrpcLogAppender: appendEntries Timeout, request=fc7af808-7c3b-4e7d-bcd4-16788f7c0c06->3de10ab2-5aa8-4456-b48c-00692585ccec#17-t1, previous=(t:1, i:9), leaderCommit=6, initializing? false, entries: <empty>
2019-09-17 22:32:36,215 [java.util.concurrent.ThreadPoolExecutor$Worker@44fdba2a[State = -1, empty queue]] WARN  server.GrpcLogAppender (GrpcLogAppender.java:timeoutAppendRequest(200)) - fc7af808-7c3b-4e7d-bcd4-16788f7c0c06@group-BE3E92DB7FF3->80bd91bd-ab17-414e-9fbc-bd509e19448d-GrpcLogAppender: appendEntries Timeout, request=fc7af808-7c3b-4e7d-bcd4-16788f7c0c06->80bd91bd-ab17-414e-9fbc-bd509e19448d#17-t1, previous=(t:1, i:9), leaderCommit=6, initializing? false, entries: <empty>
2019-09-17 22:32:38,716 [java.util.concurrent.ThreadPoolExecutor$Worker@7e5f243f[State = -1, empty queue]] WARN  server.GrpcLogAppender (GrpcLogAppender.java:timeoutAppendRequest(200)) - fc7af808-7c3b-4e7d-bcd4-16788f7c0c06@group-BE3E92DB7FF3->3de10ab2-5aa8-4456-b48c-00692585ccec-GrpcLogAppender: appendEntries Timeout, request=fc7af808-7c3b-4e7d-bcd4-16788f7c0c06->3de10ab2-5aa8-4456-b48c-00692585ccec#18-t1, previous=(t:1, i:9), leaderCommit=6, initializing? false, entries: <empty>
2019-09-17 22:32:38,716 [java.util.concurrent.ThreadPoolExecutor$Worker@44fdba2a[State = -1, empty queue]] WARN  server.GrpcLogAppender (GrpcLogAppender.java:timeoutAppendRequest(200)) - fc7af808-7c3b-4e7d-bcd4-16788f7c0c06@group-BE3E92DB7FF3->80bd91bd-ab17-414e-9fbc-bd509e19448d-GrpcLogAppender: appendEntries Timeout, request=fc7af808-7c3b-4e7d-bcd4-16788f7c0c06->80bd91bd-ab17-414e-9fbc-bd509e19448d#18-t1, previous=(t:1, i:9), leaderCommit=6, initializing? false, entries: <empty>
2019-09-17 22:32:41,018 [grpc-default-executor-2] INFO  client.GrpcClientProtocolClient (GrpcClientProtocolClient.java:onNext(264)) - client-88E348C253ED->80bd91bd-ab17-414e-9fbc-bd509e19448d: receive RaftClientReply:client-88E348C253ED->80bd91bd-ab17-414e-9fbc-bd509e19448d@group-BE3E92DB7FF3, cid=21, FAILED org.apache.ratis.protocol.NotLeaderException: Server 80bd91bd-ab17-414e-9fbc-bd509e19448d@group-BE3E92DB7FF3 is not the leader fc7af808-7c3b-4e7d-bcd4-16788f7c0c06:192.168.5.156:38622, logIndex=0, commits[80bd91bd-ab17-414e-9fbc-bd509e19448d:c6, fc7af808-7c3b-4e7d-bcd4-16788f7c0c06:c6, 3de10ab2-5aa8-4456-b48c-00692585ccec:c5]
2019-09-17 22:32:41,217 [java.util.concurrent.ThreadPoolExecutor$Worker@44fdba2a[State = -1, empty queue]] WARN  server.GrpcLogAppender (GrpcLogAppender.java:timeoutAppendRequest(200)) - fc7af808-7c3b-4e7d-bcd4-16788f7c0c06@group-BE3E92DB7FF3->80bd91bd-ab17-414e-9fbc-bd509e19448d-GrpcLogAppender: appendEntries Timeout, request=fc7af808-7c3b-4e7d-bcd4-16788f7c0c06->80bd91bd-ab17-414e-9fbc-bd509e19448d#19-t1, previous=(t:1, i:9), leaderCommit=6, initializing? false, entries: <empty>
2019-09-17 22:32:41,217 [java.util.concurrent.ThreadPoolExecutor$Worker@7e5f243f[State = -1, empty queue]] WARN  server.GrpcLogAppender (GrpcLogAppender.java:timeoutAppendRequest(200)) - fc7af808-7c3b-4e7d-bcd4-16788f7c0c06@group-BE3E92DB7FF3->3de10ab2-5aa8-4456-b48c-00692585ccec-GrpcLogAppender: appendEntries Timeout, request=fc7af808-7c3b-4e7d-bcd4-16788f7c0c06->3de10ab2-5aa8-4456-b48c-00692585ccec#19-t1, previous=(t:1, i:9), leaderCommit=6, initializing? false, entries: <empty>
2019-09-17 22:32:43,718 [java.util.concurrent.ThreadPoolExecutor$Worker@7e5f243f[State = -1, empty queue]] WARN  server.GrpcLogAppender (GrpcLogAppender.java:timeoutAppendRequest(200)) - fc7af808-7c3b-4e7d-bcd4-16788f7c0c06@group-BE3E92DB7FF3->3de10ab2-5aa8-4456-b48c-00692585ccec-GrpcLogAppender: appendEntries Timeout, request=fc7af808-7c3b-4e7d-bcd4-16788f7c0c06->3de10ab2-5aa8-4456-b48c-00692585ccec#20-t1, previous=(t:1, i:9), leaderCommit=6, initializing? false, entries: <empty>
2019-09-17 22:32:43,718 [java.util.concurrent.ThreadPoolExecutor$Worker@44fdba2a[State = -1, empty queue]] WARN  server.GrpcLogAppender (GrpcLogAppender.java:timeoutAppendRequest(200)) - fc7af808-7c3b-4e7d-bcd4-16788f7c0c06@group-BE3E92DB7FF3->80bd91bd-ab17-414e-9fbc-bd509e19448d-GrpcLogAppender: appendEntries Timeout, request=fc7af808-7c3b-4e7d-bcd4-16788f7c0c06->80bd91bd-ab17-414e-9fbc-bd509e19448d#20-t1, previous=(t:1, i:9), leaderCommit=6, initializing? false, entries: <empty>
2019-09-17 22:32:45,709 [3de10ab2-5aa8-4456-b48c-00692585ccec@group-BE3E92DB7FF3-SegmentedRaftLogWorker] WARN  segmented.SegmentedRaftLogWorker (SegmentedRaftLogWorker.java:getFromFuture(90)) - Timeout 2/~
org.apache.ratis.protocol.TimeoutIOException: Timeout 10s: WriteLog:7: (t:1, i:7), STATEMACHINELOGENTRY, client-88E348C253ED, cid=21-writeStateMachineData
	at org.apache.ratis.util.IOUtils.getFromFuture(IOUtils.java:87)
	at org.apache.ratis.server.raftlog.segmented.SegmentedRaftLogWorker$StateMachineDataPolicy.getFromFuture(SegmentedRaftLogWorker.java:87)
	at org.apache.ratis.server.raftlog.segmented.SegmentedRaftLogWorker$WriteLog.execute(SegmentedRaftLogWorker.java:477)
	at org.apache.ratis.server.raftlog.segmented.SegmentedRaftLogWorker.run(SegmentedRaftLogWorker.java:289)
	at java.lang.Thread.run(Thread.java:748)
Caused by: java.util.concurrent.TimeoutException
	at java.util.concurrent.CompletableFuture.timedGet(CompletableFuture.java:1771)
	at java.util.concurrent.CompletableFuture.get(CompletableFuture.java:1915)
	at org.apache.ratis.util.IOUtils.getFromFuture(IOUtils.java:79)
	... 4 more
2019-09-17 22:32:45,870 [fc7af808-7c3b-4e7d-bcd4-16788f7c0c06@group-BE3E92DB7FF3-SegmentedRaftLogWorker] WARN  segmented.SegmentedRaftLogWorker (SegmentedRaftLogWorker.java:getFromFuture(90)) - Timeout 2/~
org.apache.ratis.protocol.TimeoutIOException: Timeout 10s: WriteLog:8: (t:1, i:8), STATEMACHINELOGENTRY, client-88E348C253ED, cid=22-writeStateMachineData
	at org.apache.ratis.util.IOUtils.getFromFuture(IOUtils.java:87)
	at org.apache.ratis.server.raftlog.segmented.SegmentedRaftLogWorker$StateMachineDataPolicy.getFromFuture(SegmentedRaftLogWorker.java:87)
	at org.apache.ratis.server.raftlog.segmented.SegmentedRaftLogWorker$WriteLog.execute(SegmentedRaftLogWorker.java:477)
	at org.apache.ratis.server.raftlog.segmented.SegmentedRaftLogWorker.run(SegmentedRaftLogWorker.java:289)
	at java.lang.Thread.run(Thread.java:748)
Caused by: java.util.concurrent.TimeoutException
	at java.util.concurrent.CompletableFuture.timedGet(CompletableFuture.java:1771)
	at java.util.concurrent.CompletableFuture.get(CompletableFuture.java:1915)
	at org.apache.ratis.util.IOUtils.getFromFuture(IOUtils.java:79)
	... 4 more
2019-09-17 22:32:45,907 [80bd91bd-ab17-414e-9fbc-bd509e19448d@group-BE3E92DB7FF3-SegmentedRaftLogWorker] WARN  segmented.SegmentedRaftLogWorker (SegmentedRaftLogWorker.java:getFromFuture(90)) - Timeout 2/~
org.apache.ratis.protocol.TimeoutIOException: Timeout 10s: WriteLog:8: (t:1, i:8), STATEMACHINELOGENTRY, client-88E348C253ED, cid=22-writeStateMachineData
	at org.apache.ratis.util.IOUtils.getFromFuture(IOUtils.java:87)
	at org.apache.ratis.server.raftlog.segmented.SegmentedRaftLogWorker$StateMachineDataPolicy.getFromFuture(SegmentedRaftLogWorker.java:87)
	at org.apache.ratis.server.raftlog.segmented.SegmentedRaftLogWorker$WriteLog.execute(SegmentedRaftLogWorker.java:477)
	at org.apache.ratis.server.raftlog.segmented.SegmentedRaftLogWorker.run(SegmentedRaftLogWorker.java:289)
	at java.lang.Thread.run(Thread.java:748)
Caused by: java.util.concurrent.TimeoutException
	at java.util.concurrent.CompletableFuture.timedGet(CompletableFuture.java:1771)
	at java.util.concurrent.CompletableFuture.get(CompletableFuture.java:1915)
	at org.apache.ratis.util.IOUtils.getFromFuture(IOUtils.java:79)
	... 4 more
2019-09-17 22:32:46,078 [grpc-default-executor-3] INFO  client.GrpcClientProtocolClient (GrpcClientProtocolClient.java:onNext(264)) - client-88E348C253ED->80bd91bd-ab17-414e-9fbc-bd509e19448d: receive RaftClientReply:client-88E348C253ED->80bd91bd-ab17-414e-9fbc-bd509e19448d@group-BE3E92DB7FF3, cid=21, FAILED org.apache.ratis.protocol.NotLeaderException: Server 80bd91bd-ab17-414e-9fbc-bd509e19448d@group-BE3E92DB7FF3 is not the leader fc7af808-7c3b-4e7d-bcd4-16788f7c0c06:192.168.5.156:38622, logIndex=0, commits[80bd91bd-ab17-414e-9fbc-bd509e19448d:c6, fc7af808-7c3b-4e7d-bcd4-16788f7c0c06:c6, 3de10ab2-5aa8-4456-b48c-00692585ccec:c5]
2019-09-17 22:32:46,219 [java.util.concurrent.ThreadPoolExecutor$Worker@44fdba2a[State = -1, empty queue]] WARN  server.GrpcLogAppender (GrpcLogAppender.java:timeoutAppendRequest(200)) - fc7af808-7c3b-4e7d-bcd4-16788f7c0c06@group-BE3E92DB7FF3->80bd91bd-ab17-414e-9fbc-bd509e19448d-GrpcLogAppender: appendEntries Timeout, request=fc7af808-7c3b-4e7d-bcd4-16788f7c0c06->80bd91bd-ab17-414e-9fbc-bd509e19448d#21-t1, previous=(t:1, i:9), leaderCommit=6, initializing? false, entries: <empty>
2019-09-17 22:32:46,219 [java.util.concurrent.ThreadPoolExecutor$Worker@7e5f243f[State = -1, empty queue]] WARN  server.GrpcLogAppender (GrpcLogAppender.java:timeoutAppendRequest(200)) - fc7af808-7c3b-4e7d-bcd4-16788f7c0c06@group-BE3E92DB7FF3->3de10ab2-5aa8-4456-b48c-00692585ccec-GrpcLogAppender: appendEntries Timeout, request=fc7af808-7c3b-4e7d-bcd4-16788f7c0c06->3de10ab2-5aa8-4456-b48c-00692585ccec#21-t1, previous=(t:1, i:9), leaderCommit=6, initializing? false, entries: <empty>
2019-09-17 22:32:48,720 [java.util.concurrent.ThreadPoolExecutor$Worker@44fdba2a[State = -1, empty queue]] WARN  server.GrpcLogAppender (GrpcLogAppender.java:timeoutAppendRequest(200)) - fc7af808-7c3b-4e7d-bcd4-16788f7c0c06@group-BE3E92DB7FF3->80bd91bd-ab17-414e-9fbc-bd509e19448d-GrpcLogAppender: appendEntries Timeout, request=fc7af808-7c3b-4e7d-bcd4-16788f7c0c06->80bd91bd-ab17-414e-9fbc-bd509e19448d#22-t1, previous=(t:1, i:9), leaderCommit=6, initializing? false, entries: <empty>
2019-09-17 22:32:48,720 [java.util.concurrent.ThreadPoolExecutor$Worker@7e5f243f[State = -1, empty queue]] WARN  server.GrpcLogAppender (GrpcLogAppender.java:timeoutAppendRequest(200)) - fc7af808-7c3b-4e7d-bcd4-16788f7c0c06@group-BE3E92DB7FF3->3de10ab2-5aa8-4456-b48c-00692585ccec-GrpcLogAppender: appendEntries Timeout, request=fc7af808-7c3b-4e7d-bcd4-16788f7c0c06->3de10ab2-5aa8-4456-b48c-00692585ccec#22-t1, previous=(t:1, i:9), leaderCommit=6, initializing? false, entries: <empty>
2019-09-17 22:32:51,139 [grpc-default-executor-2] INFO  client.GrpcClientProtocolClient (GrpcClientProtocolClient.java:onNext(264)) - client-88E348C253ED->3de10ab2-5aa8-4456-b48c-00692585ccec: receive RaftClientReply:client-88E348C253ED->3de10ab2-5aa8-4456-b48c-00692585ccec@group-BE3E92DB7FF3, cid=21, FAILED org.apache.ratis.protocol.NotLeaderException: Server 3de10ab2-5aa8-4456-b48c-00692585ccec@group-BE3E92DB7FF3 is not the leader fc7af808-7c3b-4e7d-bcd4-16788f7c0c06:192.168.5.156:38622, logIndex=0, commits[3de10ab2-5aa8-4456-b48c-00692585ccec:c6, fc7af808-7c3b-4e7d-bcd4-16788f7c0c06:c6, 80bd91bd-ab17-414e-9fbc-bd509e19448d:c5]
2019-09-17 22:32:51,220 [java.util.concurrent.ThreadPoolExecutor$Worker@7e5f243f[State = -1, empty queue]] WARN  server.GrpcLogAppender (GrpcLogAppender.java:timeoutAppendRequest(200)) - fc7af808-7c3b-4e7d-bcd4-16788f7c0c06@group-BE3E92DB7FF3->3de10ab2-5aa8-4456-b48c-00692585ccec-GrpcLogAppender: appendEntries Timeout, request=fc7af808-7c3b-4e7d-bcd4-16788f7c0c06->3de10ab2-5aa8-4456-b48c-00692585ccec#23-t1, previous=(t:1, i:9), leaderCommit=6, initializing? false, entries: <empty>
2019-09-17 22:32:51,220 [java.util.concurrent.ThreadPoolExecutor$Worker@44fdba2a[State = -1, empty queue]] WARN  server.GrpcLogAppender (GrpcLogAppender.java:timeoutAppendRequest(200)) - fc7af808-7c3b-4e7d-bcd4-16788f7c0c06@group-BE3E92DB7FF3->80bd91bd-ab17-414e-9fbc-bd509e19448d-GrpcLogAppender: appendEntries Timeout, request=fc7af808-7c3b-4e7d-bcd4-16788f7c0c06->80bd91bd-ab17-414e-9fbc-bd509e19448d#23-t1, previous=(t:1, i:9), leaderCommit=6, initializing? false, entries: <empty>
2019-09-17 22:32:53,721 [java.util.concurrent.ThreadPoolExecutor$Worker@44fdba2a[State = -1, empty queue]] WARN  server.GrpcLogAppender (GrpcLogAppender.java:timeoutAppendRequest(200)) - fc7af808-7c3b-4e7d-bcd4-16788f7c0c06@group-BE3E92DB7FF3->80bd91bd-ab17-414e-9fbc-bd509e19448d-GrpcLogAppender: appendEntries Timeout, request=fc7af808-7c3b-4e7d-bcd4-16788f7c0c06->80bd91bd-ab17-414e-9fbc-bd509e19448d#24-t1, previous=(t:1, i:9), leaderCommit=6, initializing? false, entries: <empty>
2019-09-17 22:32:53,721 [java.util.concurrent.ThreadPoolExecutor$Worker@7e5f243f[State = -1, empty queue]] WARN  server.GrpcLogAppender (GrpcLogAppender.java:timeoutAppendRequest(200)) - fc7af808-7c3b-4e7d-bcd4-16788f7c0c06@group-BE3E92DB7FF3->3de10ab2-5aa8-4456-b48c-00692585ccec-GrpcLogAppender: appendEntries Timeout, request=fc7af808-7c3b-4e7d-bcd4-16788f7c0c06->3de10ab2-5aa8-4456-b48c-00692585ccec#24-t1, previous=(t:1, i:9), leaderCommit=6, initializing? false, entries: <empty>
2019-09-17 22:32:55,711 [3de10ab2-5aa8-4456-b48c-00692585ccec@group-BE3E92DB7FF3-SegmentedRaftLogWorker] WARN  segmented.SegmentedRaftLogWorker (SegmentedRaftLogWorker.java:getFromFuture(90)) - Timeout 3/~
org.apache.ratis.protocol.TimeoutIOException: Timeout 10s: WriteLog:7: (t:1, i:7), STATEMACHINELOGENTRY, client-88E348C253ED, cid=21-writeStateMachineData
	at org.apache.ratis.util.IOUtils.getFromFuture(IOUtils.java:87)
	at org.apache.ratis.server.raftlog.segmented.SegmentedRaftLogWorker$StateMachineDataPolicy.getFromFuture(SegmentedRaftLogWorker.java:87)
	at org.apache.ratis.server.raftlog.segmented.SegmentedRaftLogWorker$WriteLog.execute(SegmentedRaftLogWorker.java:477)
	at org.apache.ratis.server.raftlog.segmented.SegmentedRaftLogWorker.run(SegmentedRaftLogWorker.java:289)
	at java.lang.Thread.run(Thread.java:748)
Caused by: java.util.concurrent.TimeoutException
	at java.util.concurrent.CompletableFuture.timedGet(CompletableFuture.java:1771)
	at java.util.concurrent.CompletableFuture.get(CompletableFuture.java:1915)
	at org.apache.ratis.util.IOUtils.getFromFuture(IOUtils.java:79)
	... 4 more
2019-09-17 22:32:55,871 [fc7af808-7c3b-4e7d-bcd4-16788f7c0c06@group-BE3E92DB7FF3-SegmentedRaftLogWorker] WARN  segmented.SegmentedRaftLogWorker (SegmentedRaftLogWorker.java:getFromFuture(90)) - Timeout 3/~
org.apache.ratis.protocol.TimeoutIOException: Timeout 10s: WriteLog:8: (t:1, i:8), STATEMACHINELOGENTRY, client-88E348C253ED, cid=22-writeStateMachineData
	at org.apache.ratis.util.IOUtils.getFromFuture(IOUtils.java:87)
	at org.apache.ratis.server.raftlog.segmented.SegmentedRaftLogWorker$StateMachineDataPolicy.getFromFuture(SegmentedRaftLogWorker.java:87)
	at org.apache.ratis.server.raftlog.segmented.SegmentedRaftLogWorker$WriteLog.execute(SegmentedRaftLogWorker.java:477)
	at org.apache.ratis.server.raftlog.segmented.SegmentedRaftLogWorker.run(SegmentedRaftLogWorker.java:289)
	at java.lang.Thread.run(Thread.java:748)
Caused by: java.util.concurrent.TimeoutException
	at java.util.concurrent.CompletableFuture.timedGet(CompletableFuture.java:1771)
	at java.util.concurrent.CompletableFuture.get(CompletableFuture.java:1915)
	at org.apache.ratis.util.IOUtils.getFromFuture(IOUtils.java:79)
	... 4 more
2019-09-17 22:32:55,908 [80bd91bd-ab17-414e-9fbc-bd509e19448d@group-BE3E92DB7FF3-SegmentedRaftLogWorker] WARN  segmented.SegmentedRaftLogWorker (SegmentedRaftLogWorker.java:getFromFuture(90)) - Timeout 3/~
org.apache.ratis.protocol.TimeoutIOException: Timeout 10s: WriteLog:8: (t:1, i:8), STATEMACHINELOGENTRY, client-88E348C253ED, cid=22-writeStateMachineData
	at org.apache.ratis.util.IOUtils.getFromFuture(IOUtils.java:87)
	at org.apache.ratis.server.raftlog.segmented.SegmentedRaftLogWorker$StateMachineDataPolicy.getFromFuture(SegmentedRaftLogWorker.java:87)
	at org.apache.ratis.server.raftlog.segmented.SegmentedRaftLogWorker$WriteLog.execute(SegmentedRaftLogWorker.java:477)
	at org.apache.ratis.server.raftlog.segmented.SegmentedRaftLogWorker.run(SegmentedRaftLogWorker.java:289)
	at java.lang.Thread.run(Thread.java:748)
Caused by: java.util.concurrent.TimeoutException
	at java.util.concurrent.CompletableFuture.timedGet(CompletableFuture.java:1771)
	at java.util.concurrent.CompletableFuture.get(CompletableFuture.java:1915)
	at org.apache.ratis.util.IOUtils.getFromFuture(IOUtils.java:79)
	... 4 more
2019-09-17 22:32:56,197 [grpc-default-executor-3] INFO  client.GrpcClientProtocolClient (GrpcClientProtocolClient.java:onNext(264)) - client-88E348C253ED->3de10ab2-5aa8-4456-b48c-00692585ccec: receive RaftClientReply:client-88E348C253ED->3de10ab2-5aa8-4456-b48c-00692585ccec@group-BE3E92DB7FF3, cid=21, FAILED org.apache.ratis.protocol.NotLeaderException: Server 3de10ab2-5aa8-4456-b48c-00692585ccec@group-BE3E92DB7FF3 is not the leader fc7af808-7c3b-4e7d-bcd4-16788f7c0c06:192.168.5.156:38622, logIndex=0, commits[3de10ab2-5aa8-4456-b48c-00692585ccec:c6, fc7af808-7c3b-4e7d-bcd4-16788f7c0c06:c6, 80bd91bd-ab17-414e-9fbc-bd509e19448d:c5]
2019-09-17 22:32:56,221 [java.util.concurrent.ThreadPoolExecutor$Worker@44fdba2a[State = -1, empty queue]] WARN  server.GrpcLogAppender (GrpcLogAppender.java:timeoutAppendRequest(200)) - fc7af808-7c3b-4e7d-bcd4-16788f7c0c06@group-BE3E92DB7FF3->80bd91bd-ab17-414e-9fbc-bd509e19448d-GrpcLogAppender: appendEntries Timeout, request=fc7af808-7c3b-4e7d-bcd4-16788f7c0c06->80bd91bd-ab17-414e-9fbc-bd509e19448d#25-t1, previous=(t:1, i:9), leaderCommit=6, initializing? false, entries: <empty>
2019-09-17 22:32:56,221 [java.util.concurrent.ThreadPoolExecutor$Worker@7e5f243f[State = -1, empty queue]] WARN  server.GrpcLogAppender (GrpcLogAppender.java:timeoutAppendRequest(200)) - fc7af808-7c3b-4e7d-bcd4-16788f7c0c06@group-BE3E92DB7FF3->3de10ab2-5aa8-4456-b48c-00692585ccec-GrpcLogAppender: appendEntries Timeout, request=fc7af808-7c3b-4e7d-bcd4-16788f7c0c06->3de10ab2-5aa8-4456-b48c-00692585ccec#25-t1, previous=(t:1, i:9), leaderCommit=6, initializing? false, entries: <empty>
2019-09-17 22:32:58,722 [java.util.concurrent.ThreadPoolExecutor$Worker@44fdba2a[State = -1, empty queue]] WARN  server.GrpcLogAppender (GrpcLogAppender.java:timeoutAppendRequest(200)) - fc7af808-7c3b-4e7d-bcd4-16788f7c0c06@group-BE3E92DB7FF3->80bd91bd-ab17-414e-9fbc-bd509e19448d-GrpcLogAppender: appendEntries Timeout, request=fc7af808-7c3b-4e7d-bcd4-16788f7c0c06->80bd91bd-ab17-414e-9fbc-bd509e19448d#26-t1, previous=(t:1, i:9), leaderCommit=6, initializing? false, entries: <empty>
2019-09-17 22:32:58,722 [java.util.concurrent.ThreadPoolExecutor$Worker@7e5f243f[State = -1, empty queue]] WARN  server.GrpcLogAppender (GrpcLogAppender.java:timeoutAppendRequest(200)) - fc7af808-7c3b-4e7d-bcd4-16788f7c0c06@group-BE3E92DB7FF3->3de10ab2-5aa8-4456-b48c-00692585ccec-GrpcLogAppender: appendEntries Timeout, request=fc7af808-7c3b-4e7d-bcd4-16788f7c0c06->3de10ab2-5aa8-4456-b48c-00692585ccec#26-t1, previous=(t:1, i:9), leaderCommit=6, initializing? false, entries: <empty>
2019-09-17 22:33:01,223 [java.util.concurrent.ThreadPoolExecutor$Worker@7e5f243f[State = -1, empty queue]] WARN  server.GrpcLogAppender (GrpcLogAppender.java:timeoutAppendRequest(200)) - fc7af808-7c3b-4e7d-bcd4-16788f7c0c06@group-BE3E92DB7FF3->3de10ab2-5aa8-4456-b48c-00692585ccec-GrpcLogAppender: appendEntries Timeout, request=fc7af808-7c3b-4e7d-bcd4-16788f7c0c06->3de10ab2-5aa8-4456-b48c-00692585ccec#27-t1, previous=(t:1, i:9), leaderCommit=6, initializing? false, entries: <empty>
2019-09-17 22:33:01,223 [java.util.concurrent.ThreadPoolExecutor$Worker@44fdba2a[State = -1, empty queue]] WARN  server.GrpcLogAppender (GrpcLogAppender.java:timeoutAppendRequest(200)) - fc7af808-7c3b-4e7d-bcd4-16788f7c0c06@group-BE3E92DB7FF3->80bd91bd-ab17-414e-9fbc-bd509e19448d-GrpcLogAppender: appendEntries Timeout, request=fc7af808-7c3b-4e7d-bcd4-16788f7c0c06->80bd91bd-ab17-414e-9fbc-bd509e19448d#27-t1, previous=(t:1, i:9), leaderCommit=6, initializing? false, entries: <empty>
2019-09-17 22:33:01,264 [grpc-default-executor-1] INFO  client.GrpcClientProtocolClient (GrpcClientProtocolClient.java:onNext(264)) - client-88E348C253ED->3de10ab2-5aa8-4456-b48c-00692585ccec: receive RaftClientReply:client-88E348C253ED->3de10ab2-5aa8-4456-b48c-00692585ccec@group-BE3E92DB7FF3, cid=21, FAILED org.apache.ratis.protocol.NotLeaderException: Server 3de10ab2-5aa8-4456-b48c-00692585ccec@group-BE3E92DB7FF3 is not the leader fc7af808-7c3b-4e7d-bcd4-16788f7c0c06:192.168.5.156:38622, logIndex=0, commits[3de10ab2-5aa8-4456-b48c-00692585ccec:c6, fc7af808-7c3b-4e7d-bcd4-16788f7c0c06:c6, 80bd91bd-ab17-414e-9fbc-bd509e19448d:c5]
2019-09-17 22:33:03,723 [java.util.concurrent.ThreadPoolExecutor$Worker@7e5f243f[State = -1, empty queue]] WARN  server.GrpcLogAppender (GrpcLogAppender.java:timeoutAppendRequest(200)) - fc7af808-7c3b-4e7d-bcd4-16788f7c0c06@group-BE3E92DB7FF3->3de10ab2-5aa8-4456-b48c-00692585ccec-GrpcLogAppender: appendEntries Timeout, request=fc7af808-7c3b-4e7d-bcd4-16788f7c0c06->3de10ab2-5aa8-4456-b48c-00692585ccec#28-t1, previous=(t:1, i:9), leaderCommit=6, initializing? false, entries: <empty>
2019-09-17 22:33:03,723 [java.util.concurrent.ThreadPoolExecutor$Worker@44fdba2a[State = -1, empty queue]] WARN  server.GrpcLogAppender (GrpcLogAppender.java:timeoutAppendRequest(200)) - fc7af808-7c3b-4e7d-bcd4-16788f7c0c06@group-BE3E92DB7FF3->80bd91bd-ab17-414e-9fbc-bd509e19448d-GrpcLogAppender: appendEntries Timeout, request=fc7af808-7c3b-4e7d-bcd4-16788f7c0c06->80bd91bd-ab17-414e-9fbc-bd509e19448d#28-t1, previous=(t:1, i:9), leaderCommit=6, initializing? false, entries: <empty>
2019-09-17 22:33:05,713 [3de10ab2-5aa8-4456-b48c-00692585ccec@group-BE3E92DB7FF3-SegmentedRaftLogWorker] WARN  segmented.SegmentedRaftLogWorker (SegmentedRaftLogWorker.java:getFromFuture(90)) - Timeout 4/~
org.apache.ratis.protocol.TimeoutIOException: Timeout 10s: WriteLog:7: (t:1, i:7), STATEMACHINELOGENTRY, client-88E348C253ED, cid=21-writeStateMachineData
	at org.apache.ratis.util.IOUtils.getFromFuture(IOUtils.java:87)
	at org.apache.ratis.server.raftlog.segmented.SegmentedRaftLogWorker$StateMachineDataPolicy.getFromFuture(SegmentedRaftLogWorker.java:87)
	at org.apache.ratis.server.raftlog.segmented.SegmentedRaftLogWorker$WriteLog.execute(SegmentedRaftLogWorker.java:477)
	at org.apache.ratis.server.raftlog.segmented.SegmentedRaftLogWorker.run(SegmentedRaftLogWorker.java:289)
	at java.lang.Thread.run(Thread.java:748)
Caused by: java.util.concurrent.TimeoutException
	at java.util.concurrent.CompletableFuture.timedGet(CompletableFuture.java:1771)
	at java.util.concurrent.CompletableFuture.get(CompletableFuture.java:1915)
	at org.apache.ratis.util.IOUtils.getFromFuture(IOUtils.java:79)
	... 4 more
2019-09-17 22:33:05,872 [fc7af808-7c3b-4e7d-bcd4-16788f7c0c06@group-BE3E92DB7FF3-SegmentedRaftLogWorker] WARN  segmented.SegmentedRaftLogWorker (SegmentedRaftLogWorker.java:getFromFuture(90)) - Timeout 4/~
org.apache.ratis.protocol.TimeoutIOException: Timeout 10s: WriteLog:8: (t:1, i:8), STATEMACHINELOGENTRY, client-88E348C253ED, cid=22-writeStateMachineData
	at org.apache.ratis.util.IOUtils.getFromFuture(IOUtils.java:87)
	at org.apache.ratis.server.raftlog.segmented.SegmentedRaftLogWorker$StateMachineDataPolicy.getFromFuture(SegmentedRaftLogWorker.java:87)
	at org.apache.ratis.server.raftlog.segmented.SegmentedRaftLogWorker$WriteLog.execute(SegmentedRaftLogWorker.java:477)
	at org.apache.ratis.server.raftlog.segmented.SegmentedRaftLogWorker.run(SegmentedRaftLogWorker.java:289)
	at java.lang.Thread.run(Thread.java:748)
Caused by: java.util.concurrent.TimeoutException
	at java.util.concurrent.CompletableFuture.timedGet(CompletableFuture.java:1771)
	at java.util.concurrent.CompletableFuture.get(CompletableFuture.java:1915)
	at org.apache.ratis.util.IOUtils.getFromFuture(IOUtils.java:79)
	... 4 more
2019-09-17 22:33:05,909 [80bd91bd-ab17-414e-9fbc-bd509e19448d@group-BE3E92DB7FF3-SegmentedRaftLogWorker] WARN  segmented.SegmentedRaftLogWorker (SegmentedRaftLogWorker.java:getFromFuture(90)) - Timeout 4/~
org.apache.ratis.protocol.TimeoutIOException: Timeout 10s: WriteLog:8: (t:1, i:8), STATEMACHINELOGENTRY, client-88E348C253ED, cid=22-writeStateMachineData
	at org.apache.ratis.util.IOUtils.getFromFuture(IOUtils.java:87)
	at org.apache.ratis.server.raftlog.segmented.SegmentedRaftLogWorker$StateMachineDataPolicy.getFromFuture(SegmentedRaftLogWorker.java:87)
	at org.apache.ratis.server.raftlog.segmented.SegmentedRaftLogWorker$WriteLog.execute(SegmentedRaftLogWorker.java:477)
	at org.apache.ratis.server.raftlog.segmented.SegmentedRaftLogWorker.run(SegmentedRaftLogWorker.java:289)
	at java.lang.Thread.run(Thread.java:748)
Caused by: java.util.concurrent.TimeoutException
	at java.util.concurrent.CompletableFuture.timedGet(CompletableFuture.java:1771)
	at java.util.concurrent.CompletableFuture.get(CompletableFuture.java:1915)
	at org.apache.ratis.util.IOUtils.getFromFuture(IOUtils.java:79)
	... 4 more
2019-09-17 22:33:06,223 [java.util.concurrent.ThreadPoolExecutor$Worker@7e5f243f[State = -1, empty queue]] WARN  server.GrpcLogAppender (GrpcLogAppender.java:timeoutAppendRequest(200)) - fc7af808-7c3b-4e7d-bcd4-16788f7c0c06@group-BE3E92DB7FF3->3de10ab2-5aa8-4456-b48c-00692585ccec-GrpcLogAppender: appendEntries Timeout, request=fc7af808-7c3b-4e7d-bcd4-16788f7c0c06->3de10ab2-5aa8-4456-b48c-00692585ccec#29-t1, previous=(t:1, i:9), leaderCommit=6, initializing? false, entries: <empty>
2019-09-17 22:33:06,223 [java.util.concurrent.ThreadPoolExecutor$Worker@44fdba2a[State = -1, empty queue]] WARN  server.GrpcLogAppender (GrpcLogAppender.java:timeoutAppendRequest(200)) - fc7af808-7c3b-4e7d-bcd4-16788f7c0c06@group-BE3E92DB7FF3->80bd91bd-ab17-414e-9fbc-bd509e19448d-GrpcLogAppender: appendEntries Timeout, request=fc7af808-7c3b-4e7d-bcd4-16788f7c0c06->80bd91bd-ab17-414e-9fbc-bd509e19448d#29-t1, previous=(t:1, i:9), leaderCommit=6, initializing? false, entries: <empty>
2019-09-17 22:33:06,313 [grpc-default-executor-1] INFO  client.GrpcClientProtocolClient (GrpcClientProtocolClient.java:onNext(264)) - client-88E348C253ED->80bd91bd-ab17-414e-9fbc-bd509e19448d: receive RaftClientReply:client-88E348C253ED->80bd91bd-ab17-414e-9fbc-bd509e19448d@group-BE3E92DB7FF3, cid=21, FAILED org.apache.ratis.protocol.NotLeaderException: Server 80bd91bd-ab17-414e-9fbc-bd509e19448d@group-BE3E92DB7FF3 is not the leader fc7af808-7c3b-4e7d-bcd4-16788f7c0c06:192.168.5.156:38622, logIndex=0, commits[80bd91bd-ab17-414e-9fbc-bd509e19448d:c6, fc7af808-7c3b-4e7d-bcd4-16788f7c0c06:c6, 3de10ab2-5aa8-4456-b48c-00692585ccec:c5]
2019-09-17 22:33:08,724 [java.util.concurrent.ThreadPoolExecutor$Worker@44fdba2a[State = -1, empty queue]] WARN  server.GrpcLogAppender (GrpcLogAppender.java:timeoutAppendRequest(200)) - fc7af808-7c3b-4e7d-bcd4-16788f7c0c06@group-BE3E92DB7FF3->80bd91bd-ab17-414e-9fbc-bd509e19448d-GrpcLogAppender: appendEntries Timeout, request=fc7af808-7c3b-4e7d-bcd4-16788f7c0c06->80bd91bd-ab17-414e-9fbc-bd509e19448d#30-t1, previous=(t:1, i:9), leaderCommit=6, initializing? false, entries: <empty>
2019-09-17 22:33:08,724 [java.util.concurrent.ThreadPoolExecutor$Worker@7e5f243f[State = -1, empty queue]] WARN  server.GrpcLogAppender (GrpcLogAppender.java:timeoutAppendRequest(200)) - fc7af808-7c3b-4e7d-bcd4-16788f7c0c06@group-BE3E92DB7FF3->3de10ab2-5aa8-4456-b48c-00692585ccec-GrpcLogAppender: appendEntries Timeout, request=fc7af808-7c3b-4e7d-bcd4-16788f7c0c06->3de10ab2-5aa8-4456-b48c-00692585ccec#30-t1, previous=(t:1, i:9), leaderCommit=6, initializing? false, entries: <empty>
2019-09-17 22:33:11,224 [java.util.concurrent.ThreadPoolExecutor$Worker@44fdba2a[State = -1, empty queue]] WARN  server.GrpcLogAppender (GrpcLogAppender.java:timeoutAppendRequest(200)) - fc7af808-7c3b-4e7d-bcd4-16788f7c0c06@group-BE3E92DB7FF3->80bd91bd-ab17-414e-9fbc-bd509e19448d-GrpcLogAppender: appendEntries Timeout, request=fc7af808-7c3b-4e7d-bcd4-16788f7c0c06->80bd91bd-ab17-414e-9fbc-bd509e19448d#31-t1, previous=(t:1, i:9), leaderCommit=6, initializing? false, entries: <empty>
2019-09-17 22:33:11,224 [java.util.concurrent.ThreadPoolExecutor$Worker@7e5f243f[State = -1, empty queue]] WARN  server.GrpcLogAppender (GrpcLogAppender.java:timeoutAppendRequest(200)) - fc7af808-7c3b-4e7d-bcd4-16788f7c0c06@group-BE3E92DB7FF3->3de10ab2-5aa8-4456-b48c-00692585ccec-GrpcLogAppender: appendEntries Timeout, request=fc7af808-7c3b-4e7d-bcd4-16788f7c0c06->3de10ab2-5aa8-4456-b48c-00692585ccec#31-t1, previous=(t:1, i:9), leaderCommit=6, initializing? false, entries: <empty>
2019-09-17 22:33:11,375 [grpc-default-executor-3] INFO  client.GrpcClientProtocolClient (GrpcClientProtocolClient.java:onNext(264)) - client-88E348C253ED->3de10ab2-5aa8-4456-b48c-00692585ccec: receive RaftClientReply:client-88E348C253ED->3de10ab2-5aa8-4456-b48c-00692585ccec@group-BE3E92DB7FF3, cid=21, FAILED org.apache.ratis.protocol.NotLeaderException: Server 3de10ab2-5aa8-4456-b48c-00692585ccec@group-BE3E92DB7FF3 is not the leader fc7af808-7c3b-4e7d-bcd4-16788f7c0c06:192.168.5.156:38622, logIndex=0, commits[3de10ab2-5aa8-4456-b48c-00692585ccec:c6, fc7af808-7c3b-4e7d-bcd4-16788f7c0c06:c6, 80bd91bd-ab17-414e-9fbc-bd509e19448d:c5]
2019-09-17 22:33:13,725 [java.util.concurrent.ThreadPoolExecutor$Worker@44fdba2a[State = -1, empty queue]] WARN  server.GrpcLogAppender (GrpcLogAppender.java:timeoutAppendRequest(200)) - fc7af808-7c3b-4e7d-bcd4-16788f7c0c06@group-BE3E92DB7FF3->80bd91bd-ab17-414e-9fbc-bd509e19448d-GrpcLogAppender: appendEntries Timeout, request=fc7af808-7c3b-4e7d-bcd4-16788f7c0c06->80bd91bd-ab17-414e-9fbc-bd509e19448d#32-t1, previous=(t:1, i:9), leaderCommit=6, initializing? false, entries: <empty>
2019-09-17 22:33:13,725 [java.util.concurrent.ThreadPoolExecutor$Worker@7e5f243f[State = -1, empty queue]] WARN  server.GrpcLogAppender (GrpcLogAppender.java:timeoutAppendRequest(200)) - fc7af808-7c3b-4e7d-bcd4-16788f7c0c06@group-BE3E92DB7FF3->3de10ab2-5aa8-4456-b48c-00692585ccec-GrpcLogAppender: appendEntries Timeout, request=fc7af808-7c3b-4e7d-bcd4-16788f7c0c06->3de10ab2-5aa8-4456-b48c-00692585ccec#32-t1, previous=(t:1, i:9), leaderCommit=6, initializing? false, entries: <empty>
2019-09-17 22:33:15,714 [3de10ab2-5aa8-4456-b48c-00692585ccec@group-BE3E92DB7FF3-SegmentedRaftLogWorker] WARN  segmented.SegmentedRaftLogWorker (SegmentedRaftLogWorker.java:getFromFuture(90)) - Timeout 5/~
org.apache.ratis.protocol.TimeoutIOException: Timeout 10s: WriteLog:7: (t:1, i:7), STATEMACHINELOGENTRY, client-88E348C253ED, cid=21-writeStateMachineData
	at org.apache.ratis.util.IOUtils.getFromFuture(IOUtils.java:87)
	at org.apache.ratis.server.raftlog.segmented.SegmentedRaftLogWorker$StateMachineDataPolicy.getFromFuture(SegmentedRaftLogWorker.java:87)
	at org.apache.ratis.server.raftlog.segmented.SegmentedRaftLogWorker$WriteLog.execute(SegmentedRaftLogWorker.java:477)
	at org.apache.ratis.server.raftlog.segmented.SegmentedRaftLogWorker.run(SegmentedRaftLogWorker.java:289)
	at java.lang.Thread.run(Thread.java:748)
Caused by: java.util.concurrent.TimeoutException
	at java.util.concurrent.CompletableFuture.timedGet(CompletableFuture.java:1771)
	at java.util.concurrent.CompletableFuture.get(CompletableFuture.java:1915)
	at org.apache.ratis.util.IOUtils.getFromFuture(IOUtils.java:79)
	... 4 more
2019-09-17 22:33:15,873 [fc7af808-7c3b-4e7d-bcd4-16788f7c0c06@group-BE3E92DB7FF3-SegmentedRaftLogWorker] WARN  segmented.SegmentedRaftLogWorker (SegmentedRaftLogWorker.java:getFromFuture(90)) - Timeout 5/~
org.apache.ratis.protocol.TimeoutIOException: Timeout 10s: WriteLog:8: (t:1, i:8), STATEMACHINELOGENTRY, client-88E348C253ED, cid=22-writeStateMachineData
	at org.apache.ratis.util.IOUtils.getFromFuture(IOUtils.java:87)
	at org.apache.ratis.server.raftlog.segmented.SegmentedRaftLogWorker$StateMachineDataPolicy.getFromFuture(SegmentedRaftLogWorker.java:87)
	at org.apache.ratis.server.raftlog.segmented.SegmentedRaftLogWorker$WriteLog.execute(SegmentedRaftLogWorker.java:477)
	at org.apache.ratis.server.raftlog.segmented.SegmentedRaftLogWorker.run(SegmentedRaftLogWorker.java:289)
	at java.lang.Thread.run(Thread.java:748)
Caused by: java.util.concurrent.TimeoutException
	at java.util.concurrent.CompletableFuture.timedGet(CompletableFuture.java:1771)
	at java.util.concurrent.CompletableFuture.get(CompletableFuture.java:1915)
	at org.apache.ratis.util.IOUtils.getFromFuture(IOUtils.java:79)
	... 4 more
2019-09-17 22:33:15,910 [80bd91bd-ab17-414e-9fbc-bd509e19448d@group-BE3E92DB7FF3-SegmentedRaftLogWorker] WARN  segmented.SegmentedRaftLogWorker (SegmentedRaftLogWorker.java:getFromFuture(90)) - Timeout 5/~
org.apache.ratis.protocol.TimeoutIOException: Timeout 10s: WriteLog:8: (t:1, i:8), STATEMACHINELOGENTRY, client-88E348C253ED, cid=22-writeStateMachineData
	at org.apache.ratis.util.IOUtils.getFromFuture(IOUtils.java:87)
	at org.apache.ratis.server.raftlog.segmented.SegmentedRaftLogWorker$StateMachineDataPolicy.getFromFuture(SegmentedRaftLogWorker.java:87)
	at org.apache.ratis.server.raftlog.segmented.SegmentedRaftLogWorker$WriteLog.execute(SegmentedRaftLogWorker.java:477)
	at org.apache.ratis.server.raftlog.segmented.SegmentedRaftLogWorker.run(SegmentedRaftLogWorker.java:289)
	at java.lang.Thread.run(Thread.java:748)
Caused by: java.util.concurrent.TimeoutException
	at java.util.concurrent.CompletableFuture.timedGet(CompletableFuture.java:1771)
	at java.util.concurrent.CompletableFuture.get(CompletableFuture.java:1915)
	at org.apache.ratis.util.IOUtils.getFromFuture(IOUtils.java:79)
	... 4 more
2019-09-17 22:33:16,227 [java.util.concurrent.ThreadPoolExecutor$Worker@44fdba2a[State = -1, empty queue]] WARN  server.GrpcLogAppender (GrpcLogAppender.java:timeoutAppendRequest(200)) - fc7af808-7c3b-4e7d-bcd4-16788f7c0c06@group-BE3E92DB7FF3->80bd91bd-ab17-414e-9fbc-bd509e19448d-GrpcLogAppender: appendEntries Timeout, request=fc7af808-7c3b-4e7d-bcd4-16788f7c0c06->80bd91bd-ab17-414e-9fbc-bd509e19448d#33-t1, previous=(t:1, i:9), leaderCommit=6, initializing? false, entries: <empty>
2019-09-17 22:33:16,227 [java.util.concurrent.ThreadPoolExecutor$Worker@7e5f243f[State = -1, empty queue]] WARN  server.GrpcLogAppender (GrpcLogAppender.java:timeoutAppendRequest(200)) - fc7af808-7c3b-4e7d-bcd4-16788f7c0c06@group-BE3E92DB7FF3->3de10ab2-5aa8-4456-b48c-00692585ccec-GrpcLogAppender: appendEntries Timeout, request=fc7af808-7c3b-4e7d-bcd4-16788f7c0c06->3de10ab2-5aa8-4456-b48c-00692585ccec#33-t1, previous=(t:1, i:9), leaderCommit=6, initializing? false, entries: <empty>
2019-09-17 22:33:16,434 [grpc-default-executor-1] INFO  client.GrpcClientProtocolClient (GrpcClientProtocolClient.java:onNext(264)) - client-88E348C253ED->80bd91bd-ab17-414e-9fbc-bd509e19448d: receive RaftClientReply:client-88E348C253ED->80bd91bd-ab17-414e-9fbc-bd509e19448d@group-BE3E92DB7FF3, cid=21, FAILED org.apache.ratis.protocol.NotLeaderException: Server 80bd91bd-ab17-414e-9fbc-bd509e19448d@group-BE3E92DB7FF3 is not the leader fc7af808-7c3b-4e7d-bcd4-16788f7c0c06:192.168.5.156:38622, logIndex=0, commits[80bd91bd-ab17-414e-9fbc-bd509e19448d:c6, fc7af808-7c3b-4e7d-bcd4-16788f7c0c06:c6, 3de10ab2-5aa8-4456-b48c-00692585ccec:c5]
2019-09-17 22:33:18,727 [java.util.concurrent.ThreadPoolExecutor$Worker@44fdba2a[State = -1, empty queue]] WARN  server.GrpcLogAppender (GrpcLogAppender.java:timeoutAppendRequest(200)) - fc7af808-7c3b-4e7d-bcd4-16788f7c0c06@group-BE3E92DB7FF3->80bd91bd-ab17-414e-9fbc-bd509e19448d-GrpcLogAppender: appendEntries Timeout, request=fc7af808-7c3b-4e7d-bcd4-16788f7c0c06->80bd91bd-ab17-414e-9fbc-bd509e19448d#34-t1, previous=(t:1, i:9), leaderCommit=6, initializing? false, entries: <empty>
2019-09-17 22:33:18,727 [java.util.concurrent.ThreadPoolExecutor$Worker@7e5f243f[State = -1, empty queue]] WARN  server.GrpcLogAppender (GrpcLogAppender.java:timeoutAppendRequest(200)) - fc7af808-7c3b-4e7d-bcd4-16788f7c0c06@group-BE3E92DB7FF3->3de10ab2-5aa8-4456-b48c-00692585ccec-GrpcLogAppender: appendEntries Timeout, request=fc7af808-7c3b-4e7d-bcd4-16788f7c0c06->3de10ab2-5aa8-4456-b48c-00692585ccec#34-t1, previous=(t:1, i:9), leaderCommit=6, initializing? false, entries: <empty>
2019-09-17 22:33:21,228 [java.util.concurrent.ThreadPoolExecutor$Worker@44fdba2a[State = -1, empty queue]] WARN  server.GrpcLogAppender (GrpcLogAppender.java:timeoutAppendRequest(200)) - fc7af808-7c3b-4e7d-bcd4-16788f7c0c06@group-BE3E92DB7FF3->80bd91bd-ab17-414e-9fbc-bd509e19448d-GrpcLogAppender: appendEntries Timeout, request=fc7af808-7c3b-4e7d-bcd4-16788f7c0c06->80bd91bd-ab17-414e-9fbc-bd509e19448d#35-t1, previous=(t:1, i:9), leaderCommit=6, initializing? false, entries: <empty>
2019-09-17 22:33:21,228 [java.util.concurrent.ThreadPoolExecutor$Worker@7e5f243f[State = -1, empty queue]] WARN  server.GrpcLogAppender (GrpcLogAppender.java:timeoutAppendRequest(200)) - fc7af808-7c3b-4e7d-bcd4-16788f7c0c06@group-BE3E92DB7FF3->3de10ab2-5aa8-4456-b48c-00692585ccec-GrpcLogAppender: appendEntries Timeout, request=fc7af808-7c3b-4e7d-bcd4-16788f7c0c06->3de10ab2-5aa8-4456-b48c-00692585ccec#35-t1, previous=(t:1, i:9), leaderCommit=6, initializing? false, entries: <empty>
2019-09-17 22:33:21,518 [grpc-default-executor-3] INFO  client.GrpcClientProtocolClient (GrpcClientProtocolClient.java:onNext(264)) - client-88E348C253ED->3de10ab2-5aa8-4456-b48c-00692585ccec: receive RaftClientReply:client-88E348C253ED->3de10ab2-5aa8-4456-b48c-00692585ccec@group-BE3E92DB7FF3, cid=21, FAILED org.apache.ratis.protocol.NotLeaderException: Server 3de10ab2-5aa8-4456-b48c-00692585ccec@group-BE3E92DB7FF3 is not the leader fc7af808-7c3b-4e7d-bcd4-16788f7c0c06:192.168.5.156:38622, logIndex=0, commits[3de10ab2-5aa8-4456-b48c-00692585ccec:c6, fc7af808-7c3b-4e7d-bcd4-16788f7c0c06:c6, 80bd91bd-ab17-414e-9fbc-bd509e19448d:c5]
2019-09-17 22:33:23,729 [java.util.concurrent.ThreadPoolExecutor$Worker@44fdba2a[State = -1, empty queue]] WARN  server.GrpcLogAppender (GrpcLogAppender.java:timeoutAppendRequest(200)) - fc7af808-7c3b-4e7d-bcd4-16788f7c0c06@group-BE3E92DB7FF3->80bd91bd-ab17-414e-9fbc-bd509e19448d-GrpcLogAppender: appendEntries Timeout, request=fc7af808-7c3b-4e7d-bcd4-16788f7c0c06->80bd91bd-ab17-414e-9fbc-bd509e19448d#36-t1, previous=(t:1, i:9), leaderCommit=6, initializing? false, entries: <empty>
2019-09-17 22:33:23,729 [java.util.concurrent.ThreadPoolExecutor$Worker@7e5f243f[State = -1, empty queue]] WARN  server.GrpcLogAppender (GrpcLogAppender.java:timeoutAppendRequest(200)) - fc7af808-7c3b-4e7d-bcd4-16788f7c0c06@group-BE3E92DB7FF3->3de10ab2-5aa8-4456-b48c-00692585ccec-GrpcLogAppender: appendEntries Timeout, request=fc7af808-7c3b-4e7d-bcd4-16788f7c0c06->3de10ab2-5aa8-4456-b48c-00692585ccec#36-t1, previous=(t:1, i:9), leaderCommit=6, initializing? false, entries: <empty>
2019-09-17 22:33:25,716 [3de10ab2-5aa8-4456-b48c-00692585ccec@group-BE3E92DB7FF3-SegmentedRaftLogWorker] WARN  segmented.SegmentedRaftLogWorker (SegmentedRaftLogWorker.java:getFromFuture(90)) - Timeout 6/~
org.apache.ratis.protocol.TimeoutIOException: Timeout 10s: WriteLog:7: (t:1, i:7), STATEMACHINELOGENTRY, client-88E348C253ED, cid=21-writeStateMachineData
	at org.apache.ratis.util.IOUtils.getFromFuture(IOUtils.java:87)
	at org.apache.ratis.server.raftlog.segmented.SegmentedRaftLogWorker$StateMachineDataPolicy.getFromFuture(SegmentedRaftLogWorker.java:87)
	at org.apache.ratis.server.raftlog.segmented.SegmentedRaftLogWorker$WriteLog.execute(SegmentedRaftLogWorker.java:477)
	at org.apache.ratis.server.raftlog.segmented.SegmentedRaftLogWorker.run(SegmentedRaftLogWorker.java:289)
	at java.lang.Thread.run(Thread.java:748)
Caused by: java.util.concurrent.TimeoutException
	at java.util.concurrent.CompletableFuture.timedGet(CompletableFuture.java:1771)
	at java.util.concurrent.CompletableFuture.get(CompletableFuture.java:1915)
	at org.apache.ratis.util.IOUtils.getFromFuture(IOUtils.java:79)
	... 4 more
2019-09-17 22:33:25,874 [fc7af808-7c3b-4e7d-bcd4-16788f7c0c06@group-BE3E92DB7FF3-SegmentedRaftLogWorker] WARN  segmented.SegmentedRaftLogWorker (SegmentedRaftLogWorker.java:getFromFuture(90)) - Timeout 6/~
org.apache.ratis.protocol.TimeoutIOException: Timeout 10s: WriteLog:8: (t:1, i:8), STATEMACHINELOGENTRY, client-88E348C253ED, cid=22-writeStateMachineData
	at org.apache.ratis.util.IOUtils.getFromFuture(IOUtils.java:87)
	at org.apache.ratis.server.raftlog.segmented.SegmentedRaftLogWorker$StateMachineDataPolicy.getFromFuture(SegmentedRaftLogWorker.java:87)
	at org.apache.ratis.server.raftlog.segmented.SegmentedRaftLogWorker$WriteLog.execute(SegmentedRaftLogWorker.java:477)
	at org.apache.ratis.server.raftlog.segmented.SegmentedRaftLogWorker.run(SegmentedRaftLogWorker.java:289)
	at java.lang.Thread.run(Thread.java:748)
Caused by: java.util.concurrent.TimeoutException
	at java.util.concurrent.CompletableFuture.timedGet(CompletableFuture.java:1771)
	at java.util.concurrent.CompletableFuture.get(CompletableFuture.java:1915)
	at org.apache.ratis.util.IOUtils.getFromFuture(IOUtils.java:79)
	... 4 more
2019-09-17 22:33:25,911 [80bd91bd-ab17-414e-9fbc-bd509e19448d@group-BE3E92DB7FF3-SegmentedRaftLogWorker] WARN  segmented.SegmentedRaftLogWorker (SegmentedRaftLogWorker.java:getFromFuture(90)) - Timeout 6/~
org.apache.ratis.protocol.TimeoutIOException: Timeout 10s: WriteLog:8: (t:1, i:8), STATEMACHINELOGENTRY, client-88E348C253ED, cid=22-writeStateMachineData
	at org.apache.ratis.util.IOUtils.getFromFuture(IOUtils.java:87)
	at org.apache.ratis.server.raftlog.segmented.SegmentedRaftLogWorker$StateMachineDataPolicy.getFromFuture(SegmentedRaftLogWorker.java:87)
	at org.apache.ratis.server.raftlog.segmented.SegmentedRaftLogWorker$WriteLog.execute(SegmentedRaftLogWorker.java:477)
	at org.apache.ratis.server.raftlog.segmented.SegmentedRaftLogWorker.run(SegmentedRaftLogWorker.java:289)
	at java.lang.Thread.run(Thread.java:748)
Caused by: java.util.concurrent.TimeoutException
	at java.util.concurrent.CompletableFuture.timedGet(CompletableFuture.java:1771)
	at java.util.concurrent.CompletableFuture.get(CompletableFuture.java:1915)
	at org.apache.ratis.util.IOUtils.getFromFuture(IOUtils.java:79)
	... 4 more
2019-09-17 22:33:26,229 [java.util.concurrent.ThreadPoolExecutor$Worker@44fdba2a[State = -1, empty queue]] WARN  server.GrpcLogAppender (GrpcLogAppender.java:timeoutAppendRequest(200)) - fc7af808-7c3b-4e7d-bcd4-16788f7c0c06@group-BE3E92DB7FF3->80bd91bd-ab17-414e-9fbc-bd509e19448d-GrpcLogAppender: appendEntries Timeout, request=fc7af808-7c3b-4e7d-bcd4-16788f7c0c06->80bd91bd-ab17-414e-9fbc-bd509e19448d#37-t1, previous=(t:1, i:9), leaderCommit=6, initializing? false, entries: <empty>
2019-09-17 22:33:26,229 [java.util.concurrent.ThreadPoolExecutor$Worker@7e5f243f[State = -1, empty queue]] WARN  server.GrpcLogAppender (GrpcLogAppender.java:timeoutAppendRequest(200)) - fc7af808-7c3b-4e7d-bcd4-16788f7c0c06@group-BE3E92DB7FF3->3de10ab2-5aa8-4456-b48c-00692585ccec-GrpcLogAppender: appendEntries Timeout, request=fc7af808-7c3b-4e7d-bcd4-16788f7c0c06->3de10ab2-5aa8-4456-b48c-00692585ccec#37-t1, previous=(t:1, i:9), leaderCommit=6, initializing? false, entries: <empty>
2019-09-17 22:33:26,582 [grpc-default-executor-2] INFO  client.GrpcClientProtocolClient (GrpcClientProtocolClient.java:onNext(264)) - client-88E348C253ED->80bd91bd-ab17-414e-9fbc-bd509e19448d: receive RaftClientReply:client-88E348C253ED->80bd91bd-ab17-414e-9fbc-bd509e19448d@group-BE3E92DB7FF3, cid=21, FAILED org.apache.ratis.protocol.NotLeaderException: Server 80bd91bd-ab17-414e-9fbc-bd509e19448d@group-BE3E92DB7FF3 is not the leader fc7af808-7c3b-4e7d-bcd4-16788f7c0c06:192.168.5.156:38622, logIndex=0, commits[80bd91bd-ab17-414e-9fbc-bd509e19448d:c6, fc7af808-7c3b-4e7d-bcd4-16788f7c0c06:c6, 3de10ab2-5aa8-4456-b48c-00692585ccec:c5]
2019-09-17 22:33:28,730 [java.util.concurrent.ThreadPoolExecutor$Worker@44fdba2a[State = -1, empty queue]] WARN  server.GrpcLogAppender (GrpcLogAppender.java:timeoutAppendRequest(200)) - fc7af808-7c3b-4e7d-bcd4-16788f7c0c06@group-BE3E92DB7FF3->80bd91bd-ab17-414e-9fbc-bd509e19448d-GrpcLogAppender: appendEntries Timeout, request=fc7af808-7c3b-4e7d-bcd4-16788f7c0c06->80bd91bd-ab17-414e-9fbc-bd509e19448d#38-t1, previous=(t:1, i:9), leaderCommit=6, initializing? false, entries: <empty>
2019-09-17 22:33:28,730 [java.util.concurrent.ThreadPoolExecutor$Worker@7e5f243f[State = -1, empty queue]] WARN  server.GrpcLogAppender (GrpcLogAppender.java:timeoutAppendRequest(200)) - fc7af808-7c3b-4e7d-bcd4-16788f7c0c06@group-BE3E92DB7FF3->3de10ab2-5aa8-4456-b48c-00692585ccec-GrpcLogAppender: appendEntries Timeout, request=fc7af808-7c3b-4e7d-bcd4-16788f7c0c06->3de10ab2-5aa8-4456-b48c-00692585ccec#38-t1, previous=(t:1, i:9), leaderCommit=6, initializing? false, entries: <empty>
2019-09-17 22:33:31,231 [java.util.concurrent.ThreadPoolExecutor$Worker@7e5f243f[State = -1, empty queue]] WARN  server.GrpcLogAppender (GrpcLogAppender.java:timeoutAppendRequest(200)) - fc7af808-7c3b-4e7d-bcd4-16788f7c0c06@group-BE3E92DB7FF3->3de10ab2-5aa8-4456-b48c-00692585ccec-GrpcLogAppender: appendEntries Timeout, request=fc7af808-7c3b-4e7d-bcd4-16788f7c0c06->3de10ab2-5aa8-4456-b48c-00692585ccec#39-t1, previous=(t:1, i:9), leaderCommit=6, initializing? false, entries: <empty>
2019-09-17 22:33:31,231 [java.util.concurrent.ThreadPoolExecutor$Worker@44fdba2a[State = -1, empty queue]] WARN  server.GrpcLogAppender (GrpcLogAppender.java:timeoutAppendRequest(200)) - fc7af808-7c3b-4e7d-bcd4-16788f7c0c06@group-BE3E92DB7FF3->80bd91bd-ab17-414e-9fbc-bd509e19448d-GrpcLogAppender: appendEntries Timeout, request=fc7af808-7c3b-4e7d-bcd4-16788f7c0c06->80bd91bd-ab17-414e-9fbc-bd509e19448d#39-t1, previous=(t:1, i:9), leaderCommit=6, initializing? false, entries: <empty>
2019-09-17 22:33:31,630 [grpc-default-executor-2] INFO  client.GrpcClientProtocolClient (GrpcClientProtocolClient.java:onNext(264)) - client-88E348C253ED->80bd91bd-ab17-414e-9fbc-bd509e19448d: receive RaftClientReply:client-88E348C253ED->80bd91bd-ab17-414e-9fbc-bd509e19448d@group-BE3E92DB7FF3, cid=21, FAILED org.apache.ratis.protocol.NotLeaderException: Server 80bd91bd-ab17-414e-9fbc-bd509e19448d@group-BE3E92DB7FF3 is not the leader fc7af808-7c3b-4e7d-bcd4-16788f7c0c06:192.168.5.156:38622, logIndex=0, commits[80bd91bd-ab17-414e-9fbc-bd509e19448d:c6, fc7af808-7c3b-4e7d-bcd4-16788f7c0c06:c6, 3de10ab2-5aa8-4456-b48c-00692585ccec:c5]
2019-09-17 22:33:33,731 [java.util.concurrent.ThreadPoolExecutor$Worker@7e5f243f[State = -1, empty queue]] WARN  server.GrpcLogAppender (GrpcLogAppender.java:timeoutAppendRequest(200)) - fc7af808-7c3b-4e7d-bcd4-16788f7c0c06@group-BE3E92DB7FF3->3de10ab2-5aa8-4456-b48c-00692585ccec-GrpcLogAppender: appendEntries Timeout, request=fc7af808-7c3b-4e7d-bcd4-16788f7c0c06->3de10ab2-5aa8-4456-b48c-00692585ccec#40-t1, previous=(t:1, i:9), leaderCommit=6, initializing? false, entries: <empty>
2019-09-17 22:33:33,731 [java.util.concurrent.ThreadPoolExecutor$Worker@44fdba2a[State = -1, empty queue]] WARN  server.GrpcLogAppender (GrpcLogAppender.java:timeoutAppendRequest(200)) - fc7af808-7c3b-4e7d-bcd4-16788f7c0c06@group-BE3E92DB7FF3->80bd91bd-ab17-414e-9fbc-bd509e19448d-GrpcLogAppender: appendEntries Timeout, request=fc7af808-7c3b-4e7d-bcd4-16788f7c0c06->80bd91bd-ab17-414e-9fbc-bd509e19448d#40-t1, previous=(t:1, i:9), leaderCommit=6, initializing? false, entries: <empty>
2019-09-17 22:33:35,717 [3de10ab2-5aa8-4456-b48c-00692585ccec@group-BE3E92DB7FF3-SegmentedRaftLogWorker] WARN  segmented.SegmentedRaftLogWorker (SegmentedRaftLogWorker.java:getFromFuture(90)) - Timeout 7/~
org.apache.ratis.protocol.TimeoutIOException: Timeout 10s: WriteLog:7: (t:1, i:7), STATEMACHINELOGENTRY, client-88E348C253ED, cid=21-writeStateMachineData
	at org.apache.ratis.util.IOUtils.getFromFuture(IOUtils.java:87)
	at org.apache.ratis.server.raftlog.segmented.SegmentedRaftLogWorker$StateMachineDataPolicy.getFromFuture(SegmentedRaftLogWorker.java:87)
	at org.apache.ratis.server.raftlog.segmented.SegmentedRaftLogWorker$WriteLog.execute(SegmentedRaftLogWorker.java:477)
	at org.apache.ratis.server.raftlog.segmented.SegmentedRaftLogWorker.run(SegmentedRaftLogWorker.java:289)
	at java.lang.Thread.run(Thread.java:748)
Caused by: java.util.concurrent.TimeoutException
	at java.util.concurrent.CompletableFuture.timedGet(CompletableFuture.java:1771)
	at java.util.concurrent.CompletableFuture.get(CompletableFuture.java:1915)
	at org.apache.ratis.util.IOUtils.getFromFuture(IOUtils.java:79)
	... 4 more
2019-09-17 22:33:35,899 [fc7af808-7c3b-4e7d-bcd4-16788f7c0c06@group-BE3E92DB7FF3-SegmentedRaftLogWorker] WARN  segmented.SegmentedRaftLogWorker (SegmentedRaftLogWorker.java:getFromFuture(90)) - Timeout 7/~
org.apache.ratis.protocol.TimeoutIOException: Timeout 10s: WriteLog:8: (t:1, i:8), STATEMACHINELOGENTRY, client-88E348C253ED, cid=22-writeStateMachineData
	at org.apache.ratis.util.IOUtils.getFromFuture(IOUtils.java:87)
	at org.apache.ratis.server.raftlog.segmented.SegmentedRaftLogWorker$StateMachineDataPolicy.getFromFuture(SegmentedRaftLogWorker.java:87)
	at org.apache.ratis.server.raftlog.segmented.SegmentedRaftLogWorker$WriteLog.execute(SegmentedRaftLogWorker.java:477)
	at org.apache.ratis.server.raftlog.segmented.SegmentedRaftLogWorker.run(SegmentedRaftLogWorker.java:289)
	at java.lang.Thread.run(Thread.java:748)
Caused by: java.util.concurrent.TimeoutException
	at java.util.concurrent.CompletableFuture.timedGet(CompletableFuture.java:1771)
	at java.util.concurrent.CompletableFuture.get(CompletableFuture.java:1915)
	at org.apache.ratis.util.IOUtils.getFromFuture(IOUtils.java:79)
	... 4 more
2019-09-17 22:33:35,912 [80bd91bd-ab17-414e-9fbc-bd509e19448d@group-BE3E92DB7FF3-SegmentedRaftLogWorker] WARN  segmented.SegmentedRaftLogWorker (SegmentedRaftLogWorker.java:getFromFuture(90)) - Timeout 7/~
org.apache.ratis.protocol.TimeoutIOException: Timeout 10s: WriteLog:8: (t:1, i:8), STATEMACHINELOGENTRY, client-88E348C253ED, cid=22-writeStateMachineData
	at org.apache.ratis.util.IOUtils.getFromFuture(IOUtils.java:87)
	at org.apache.ratis.server.raftlog.segmented.SegmentedRaftLogWorker$StateMachineDataPolicy.getFromFuture(SegmentedRaftLogWorker.java:87)
	at org.apache.ratis.server.raftlog.segmented.SegmentedRaftLogWorker$WriteLog.execute(SegmentedRaftLogWorker.java:477)
	at org.apache.ratis.server.raftlog.segmented.SegmentedRaftLogWorker.run(SegmentedRaftLogWorker.java:289)
	at java.lang.Thread.run(Thread.java:748)
Caused by: java.util.concurrent.TimeoutException
	at java.util.concurrent.CompletableFuture.timedGet(CompletableFuture.java:1771)
	at java.util.concurrent.CompletableFuture.get(CompletableFuture.java:1915)
	at org.apache.ratis.util.IOUtils.getFromFuture(IOUtils.java:79)
	... 4 more
2019-09-17 22:33:36,232 [java.util.concurrent.ThreadPoolExecutor$Worker@44fdba2a[State = -1, empty queue]] WARN  server.GrpcLogAppender (GrpcLogAppender.java:timeoutAppendRequest(200)) - fc7af808-7c3b-4e7d-bcd4-16788f7c0c06@group-BE3E92DB7FF3->80bd91bd-ab17-414e-9fbc-bd509e19448d-GrpcLogAppender: appendEntries Timeout, request=fc7af808-7c3b-4e7d-bcd4-16788f7c0c06->80bd91bd-ab17-414e-9fbc-bd509e19448d#41-t1, previous=(t:1, i:9), leaderCommit=6, initializing? false, entries: <empty>
2019-09-17 22:33:36,232 [java.util.concurrent.ThreadPoolExecutor$Worker@7e5f243f[State = -1, empty queue]] WARN  server.GrpcLogAppender (GrpcLogAppender.java:timeoutAppendRequest(200)) - fc7af808-7c3b-4e7d-bcd4-16788f7c0c06@group-BE3E92DB7FF3->3de10ab2-5aa8-4456-b48c-00692585ccec-GrpcLogAppender: appendEntries Timeout, request=fc7af808-7c3b-4e7d-bcd4-16788f7c0c06->3de10ab2-5aa8-4456-b48c-00692585ccec#41-t1, previous=(t:1, i:9), leaderCommit=6, initializing? false, entries: <empty>
2019-09-17 22:33:36,684 [grpc-default-executor-2] INFO  client.GrpcClientProtocolClient (GrpcClientProtocolClient.java:onNext(264)) - client-88E348C253ED->80bd91bd-ab17-414e-9fbc-bd509e19448d: receive RaftClientReply:client-88E348C253ED->80bd91bd-ab17-414e-9fbc-bd509e19448d@group-BE3E92DB7FF3, cid=21, FAILED org.apache.ratis.protocol.NotLeaderException: Server 80bd91bd-ab17-414e-9fbc-bd509e19448d@group-BE3E92DB7FF3 is not the leader fc7af808-7c3b-4e7d-bcd4-16788f7c0c06:192.168.5.156:38622, logIndex=0, commits[80bd91bd-ab17-414e-9fbc-bd509e19448d:c6, fc7af808-7c3b-4e7d-bcd4-16788f7c0c06:c6, 3de10ab2-5aa8-4456-b48c-00692585ccec:c5]
2019-09-17 22:33:38,732 [java.util.concurrent.ThreadPoolExecutor$Worker@7e5f243f[State = -1, empty queue]] WARN  server.GrpcLogAppender (GrpcLogAppender.java:timeoutAppendRequest(200)) - fc7af808-7c3b-4e7d-bcd4-16788f7c0c06@group-BE3E92DB7FF3->3de10ab2-5aa8-4456-b48c-00692585ccec-GrpcLogAppender: appendEntries Timeout, request=fc7af808-7c3b-4e7d-bcd4-16788f7c0c06->3de10ab2-5aa8-4456-b48c-00692585ccec#42-t1, previous=(t:1, i:9), leaderCommit=6, initializing? false, entries: <empty>
2019-09-17 22:33:38,732 [java.util.concurrent.ThreadPoolExecutor$Worker@44fdba2a[State = -1, empty queue]] WARN  server.GrpcLogAppender (GrpcLogAppender.java:timeoutAppendRequest(200)) - fc7af808-7c3b-4e7d-bcd4-16788f7c0c06@group-BE3E92DB7FF3->80bd91bd-ab17-414e-9fbc-bd509e19448d-GrpcLogAppender: appendEntries Timeout, request=fc7af808-7c3b-4e7d-bcd4-16788f7c0c06->80bd91bd-ab17-414e-9fbc-bd509e19448d#42-t1, previous=(t:1, i:9), leaderCommit=6, initializing? false, entries: <empty>
2019-09-17 22:33:41,233 [java.util.concurrent.ThreadPoolExecutor$Worker@44fdba2a[State = -1, empty queue]] WARN  server.GrpcLogAppender (GrpcLogAppender.java:timeoutAppendRequest(200)) - fc7af808-7c3b-4e7d-bcd4-16788f7c0c06@group-BE3E92DB7FF3->80bd91bd-ab17-414e-9fbc-bd509e19448d-GrpcLogAppender: appendEntries Timeout, request=fc7af808-7c3b-4e7d-bcd4-16788f7c0c06->80bd91bd-ab17-414e-9fbc-bd509e19448d#43-t1, previous=(t:1, i:9), leaderCommit=6, initializing? false, entries: <empty>
2019-09-17 22:33:41,233 [java.util.concurrent.ThreadPoolExecutor$Worker@7e5f243f[State = -1, empty queue]] WARN  server.GrpcLogAppender (GrpcLogAppender.java:timeoutAppendRequest(200)) - fc7af808-7c3b-4e7d-bcd4-16788f7c0c06@group-BE3E92DB7FF3->3de10ab2-5aa8-4456-b48c-00692585ccec-GrpcLogAppender: appendEntries Timeout, request=fc7af808-7c3b-4e7d-bcd4-16788f7c0c06->3de10ab2-5aa8-4456-b48c-00692585ccec#43-t1, previous=(t:1, i:9), leaderCommit=6, initializing? false, entries: <empty>
2019-09-17 22:33:41,722 [grpc-default-executor-1] INFO  client.GrpcClientProtocolClient (GrpcClientProtocolClient.java:onNext(264)) - client-88E348C253ED->80bd91bd-ab17-414e-9fbc-bd509e19448d: receive RaftClientReply:client-88E348C253ED->80bd91bd-ab17-414e-9fbc-bd509e19448d@group-BE3E92DB7FF3, cid=21, FAILED org.apache.ratis.protocol.NotLeaderException: Server 80bd91bd-ab17-414e-9fbc-bd509e19448d@group-BE3E92DB7FF3 is not the leader fc7af808-7c3b-4e7d-bcd4-16788f7c0c06:192.168.5.156:38622, logIndex=0, commits[80bd91bd-ab17-414e-9fbc-bd509e19448d:c6, fc7af808-7c3b-4e7d-bcd4-16788f7c0c06:c6, 3de10ab2-5aa8-4456-b48c-00692585ccec:c5]
2019-09-17 22:33:43,733 [java.util.concurrent.ThreadPoolExecutor$Worker@7e5f243f[State = -1, empty queue]] WARN  server.GrpcLogAppender (GrpcLogAppender.java:timeoutAppendRequest(200)) - fc7af808-7c3b-4e7d-bcd4-16788f7c0c06@group-BE3E92DB7FF3->3de10ab2-5aa8-4456-b48c-00692585ccec-GrpcLogAppender: appendEntries Timeout, request=fc7af808-7c3b-4e7d-bcd4-16788f7c0c06->3de10ab2-5aa8-4456-b48c-00692585ccec#44-t1, previous=(t:1, i:9), leaderCommit=6, initializing? false, entries: <empty>
2019-09-17 22:33:43,733 [java.util.concurrent.ThreadPoolExecutor$Worker@44fdba2a[State = -1, empty queue]] WARN  server.GrpcLogAppender (GrpcLogAppender.java:timeoutAppendRequest(200)) - fc7af808-7c3b-4e7d-bcd4-16788f7c0c06@group-BE3E92DB7FF3->80bd91bd-ab17-414e-9fbc-bd509e19448d-GrpcLogAppender: appendEntries Timeout, request=fc7af808-7c3b-4e7d-bcd4-16788f7c0c06->80bd91bd-ab17-414e-9fbc-bd509e19448d#44-t1, previous=(t:1, i:9), leaderCommit=6, initializing? false, entries: <empty>
2019-09-17 22:33:45,719 [3de10ab2-5aa8-4456-b48c-00692585ccec@group-BE3E92DB7FF3-SegmentedRaftLogWorker] WARN  segmented.SegmentedRaftLogWorker (SegmentedRaftLogWorker.java:getFromFuture(90)) - Timeout 8/~
org.apache.ratis.protocol.TimeoutIOException: Timeout 10s: WriteLog:7: (t:1, i:7), STATEMACHINELOGENTRY, client-88E348C253ED, cid=21-writeStateMachineData
	at org.apache.ratis.util.IOUtils.getFromFuture(IOUtils.java:87)
	at org.apache.ratis.server.raftlog.segmented.SegmentedRaftLogWorker$StateMachineDataPolicy.getFromFuture(SegmentedRaftLogWorker.java:87)
	at org.apache.ratis.server.raftlog.segmented.SegmentedRaftLogWorker$WriteLog.execute(SegmentedRaftLogWorker.java:477)
	at org.apache.ratis.server.raftlog.segmented.SegmentedRaftLogWorker.run(SegmentedRaftLogWorker.java:289)
	at java.lang.Thread.run(Thread.java:748)
Caused by: java.util.concurrent.TimeoutException
	at java.util.concurrent.CompletableFuture.timedGet(CompletableFuture.java:1771)
	at java.util.concurrent.CompletableFuture.get(CompletableFuture.java:1915)
	at org.apache.ratis.util.IOUtils.getFromFuture(IOUtils.java:79)
	... 4 more
2019-09-17 22:33:45,900 [fc7af808-7c3b-4e7d-bcd4-16788f7c0c06@group-BE3E92DB7FF3-SegmentedRaftLogWorker] WARN  segmented.SegmentedRaftLogWorker (SegmentedRaftLogWorker.java:getFromFuture(90)) - Timeout 8/~
org.apache.ratis.protocol.TimeoutIOException: Timeout 10s: WriteLog:8: (t:1, i:8), STATEMACHINELOGENTRY, client-88E348C253ED, cid=22-writeStateMachineData
	at org.apache.ratis.util.IOUtils.getFromFuture(IOUtils.java:87)
	at org.apache.ratis.server.raftlog.segmented.SegmentedRaftLogWorker$StateMachineDataPolicy.getFromFuture(SegmentedRaftLogWorker.java:87)
	at org.apache.ratis.server.raftlog.segmented.SegmentedRaftLogWorker$WriteLog.execute(SegmentedRaftLogWorker.java:477)
	at org.apache.ratis.server.raftlog.segmented.SegmentedRaftLogWorker.run(SegmentedRaftLogWorker.java:289)
	at java.lang.Thread.run(Thread.java:748)
Caused by: java.util.concurrent.TimeoutException
	at java.util.concurrent.CompletableFuture.timedGet(CompletableFuture.java:1771)
	at java.util.concurrent.CompletableFuture.get(CompletableFuture.java:1915)
	at org.apache.ratis.util.IOUtils.getFromFuture(IOUtils.java:79)
	... 4 more
2019-09-17 22:33:45,913 [80bd91bd-ab17-414e-9fbc-bd509e19448d@group-BE3E92DB7FF3-SegmentedRaftLogWorker] WARN  segmented.SegmentedRaftLogWorker (SegmentedRaftLogWorker.java:getFromFuture(90)) - Timeout 8/~
org.apache.ratis.protocol.TimeoutIOException: Timeout 10s: WriteLog:8: (t:1, i:8), STATEMACHINELOGENTRY, client-88E348C253ED, cid=22-writeStateMachineData
	at org.apache.ratis.util.IOUtils.getFromFuture(IOUtils.java:87)
	at org.apache.ratis.server.raftlog.segmented.SegmentedRaftLogWorker$StateMachineDataPolicy.getFromFuture(SegmentedRaftLogWorker.java:87)
	at org.apache.ratis.server.raftlog.segmented.SegmentedRaftLogWorker$WriteLog.execute(SegmentedRaftLogWorker.java:477)
	at org.apache.ratis.server.raftlog.segmented.SegmentedRaftLogWorker.run(SegmentedRaftLogWorker.java:289)
	at java.lang.Thread.run(Thread.java:748)
Caused by: java.util.concurrent.TimeoutException
	at java.util.concurrent.CompletableFuture.timedGet(CompletableFuture.java:1771)
	at java.util.concurrent.CompletableFuture.get(CompletableFuture.java:1915)
	at org.apache.ratis.util.IOUtils.getFromFuture(IOUtils.java:79)
	... 4 more
2019-09-17 22:33:46,234 [java.util.concurrent.ThreadPoolExecutor$Worker@7e5f243f[State = -1, empty queue]] WARN  server.GrpcLogAppender (GrpcLogAppender.java:timeoutAppendRequest(200)) - fc7af808-7c3b-4e7d-bcd4-16788f7c0c06@group-BE3E92DB7FF3->3de10ab2-5aa8-4456-b48c-00692585ccec-GrpcLogAppender: appendEntries Timeout, request=fc7af808-7c3b-4e7d-bcd4-16788f7c0c06->3de10ab2-5aa8-4456-b48c-00692585ccec#45-t1, previous=(t:1, i:9), leaderCommit=6, initializing? false, entries: <empty>
2019-09-17 22:33:46,234 [java.util.concurrent.ThreadPoolExecutor$Worker@44fdba2a[State = -1, empty queue]] WARN  server.GrpcLogAppender (GrpcLogAppender.java:timeoutAppendRequest(200)) - fc7af808-7c3b-4e7d-bcd4-16788f7c0c06@group-BE3E92DB7FF3->80bd91bd-ab17-414e-9fbc-bd509e19448d-GrpcLogAppender: appendEntries Timeout, request=fc7af808-7c3b-4e7d-bcd4-16788f7c0c06->80bd91bd-ab17-414e-9fbc-bd509e19448d#45-t1, previous=(t:1, i:9), leaderCommit=6, initializing? false, entries: <empty>
2019-09-17 22:33:46,778 [grpc-default-executor-2] INFO  client.GrpcClientProtocolClient (GrpcClientProtocolClient.java:onNext(264)) - client-88E348C253ED->3de10ab2-5aa8-4456-b48c-00692585ccec: receive RaftClientReply:client-88E348C253ED->3de10ab2-5aa8-4456-b48c-00692585ccec@group-BE3E92DB7FF3, cid=21, FAILED org.apache.ratis.protocol.NotLeaderException: Server 3de10ab2-5aa8-4456-b48c-00692585ccec@group-BE3E92DB7FF3 is not the leader fc7af808-7c3b-4e7d-bcd4-16788f7c0c06:192.168.5.156:38622, logIndex=0, commits[3de10ab2-5aa8-4456-b48c-00692585ccec:c6, fc7af808-7c3b-4e7d-bcd4-16788f7c0c06:c6, 80bd91bd-ab17-414e-9fbc-bd509e19448d:c5]
2019-09-17 22:33:48,735 [java.util.concurrent.ThreadPoolExecutor$Worker@44fdba2a[State = -1, empty queue]] WARN  server.GrpcLogAppender (GrpcLogAppender.java:timeoutAppendRequest(200)) - fc7af808-7c3b-4e7d-bcd4-16788f7c0c06@group-BE3E92DB7FF3->80bd91bd-ab17-414e-9fbc-bd509e19448d-GrpcLogAppender: appendEntries Timeout, request=fc7af808-7c3b-4e7d-bcd4-16788f7c0c06->80bd91bd-ab17-414e-9fbc-bd509e19448d#46-t1, previous=(t:1, i:9), leaderCommit=6, initializing? false, entries: <empty>
2019-09-17 22:33:48,735 [java.util.concurrent.ThreadPoolExecutor$Worker@7e5f243f[State = -1, empty queue]] WARN  server.GrpcLogAppender (GrpcLogAppender.java:timeoutAppendRequest(200)) - fc7af808-7c3b-4e7d-bcd4-16788f7c0c06@group-BE3E92DB7FF3->3de10ab2-5aa8-4456-b48c-00692585ccec-GrpcLogAppender: appendEntries Timeout, request=fc7af808-7c3b-4e7d-bcd4-16788f7c0c06->3de10ab2-5aa8-4456-b48c-00692585ccec#46-t1, previous=(t:1, i:9), leaderCommit=6, initializing? false, entries: <empty>
2019-09-17 22:33:51,235 [java.util.concurrent.ThreadPoolExecutor$Worker@44fdba2a[State = -1, empty queue]] WARN  server.GrpcLogAppender (GrpcLogAppender.java:timeoutAppendRequest(200)) - fc7af808-7c3b-4e7d-bcd4-16788f7c0c06@group-BE3E92DB7FF3->80bd91bd-ab17-414e-9fbc-bd509e19448d-GrpcLogAppender: appendEntries Timeout, request=fc7af808-7c3b-4e7d-bcd4-16788f7c0c06->80bd91bd-ab17-414e-9fbc-bd509e19448d#47-t1, previous=(t:1, i:9), leaderCommit=6, initializing? false, entries: <empty>
2019-09-17 22:33:51,236 [java.util.concurrent.ThreadPoolExecutor$Worker@7e5f243f[State = -1, empty queue]] WARN  server.GrpcLogAppender (GrpcLogAppender.java:timeoutAppendRequest(200)) - fc7af808-7c3b-4e7d-bcd4-16788f7c0c06@group-BE3E92DB7FF3->3de10ab2-5aa8-4456-b48c-00692585ccec-GrpcLogAppender: appendEntries Timeout, request=fc7af808-7c3b-4e7d-bcd4-16788f7c0c06->3de10ab2-5aa8-4456-b48c-00692585ccec#47-t1, previous=(t:1, i:9), leaderCommit=6, initializing? false, entries: <empty>
2019-09-17 22:33:51,838 [grpc-default-executor-2] INFO  client.GrpcClientProtocolClient (GrpcClientProtocolClient.java:onNext(264)) - client-88E348C253ED->80bd91bd-ab17-414e-9fbc-bd509e19448d: receive RaftClientReply:client-88E348C253ED->80bd91bd-ab17-414e-9fbc-bd509e19448d@group-BE3E92DB7FF3, cid=21, FAILED org.apache.ratis.protocol.NotLeaderException: Server 80bd91bd-ab17-414e-9fbc-bd509e19448d@group-BE3E92DB7FF3 is not the leader fc7af808-7c3b-4e7d-bcd4-16788f7c0c06:192.168.5.156:38622, logIndex=0, commits[80bd91bd-ab17-414e-9fbc-bd509e19448d:c6, fc7af808-7c3b-4e7d-bcd4-16788f7c0c06:c6, 3de10ab2-5aa8-4456-b48c-00692585ccec:c5]
2019-09-17 22:33:53,736 [java.util.concurrent.ThreadPoolExecutor$Worker@7e5f243f[State = -1, empty queue]] WARN  server.GrpcLogAppender (GrpcLogAppender.java:timeoutAppendRequest(200)) - fc7af808-7c3b-4e7d-bcd4-16788f7c0c06@group-BE3E92DB7FF3->3de10ab2-5aa8-4456-b48c-00692585ccec-GrpcLogAppender: appendEntries Timeout, request=fc7af808-7c3b-4e7d-bcd4-16788f7c0c06->3de10ab2-5aa8-4456-b48c-00692585ccec#48-t1, previous=(t:1, i:9), leaderCommit=6, initializing? false, entries: <empty>
2019-09-17 22:33:53,736 [java.util.concurrent.ThreadPoolExecutor$Worker@44fdba2a[State = -1, empty queue]] WARN  server.GrpcLogAppender (GrpcLogAppender.java:timeoutAppendRequest(200)) - fc7af808-7c3b-4e7d-bcd4-16788f7c0c06@group-BE3E92DB7FF3->80bd91bd-ab17-414e-9fbc-bd509e19448d-GrpcLogAppender: appendEntries Timeout, request=fc7af808-7c3b-4e7d-bcd4-16788f7c0c06->80bd91bd-ab17-414e-9fbc-bd509e19448d#48-t1, previous=(t:1, i:9), leaderCommit=6, initializing? false, entries: <empty>
2019-09-17 22:33:55,720 [3de10ab2-5aa8-4456-b48c-00692585ccec@group-BE3E92DB7FF3-SegmentedRaftLogWorker] WARN  segmented.SegmentedRaftLogWorker (SegmentedRaftLogWorker.java:getFromFuture(90)) - Timeout 9/~
org.apache.ratis.protocol.TimeoutIOException: Timeout 10s: WriteLog:7: (t:1, i:7), STATEMACHINELOGENTRY, client-88E348C253ED, cid=21-writeStateMachineData
	at org.apache.ratis.util.IOUtils.getFromFuture(IOUtils.java:87)
	at org.apache.ratis.server.raftlog.segmented.SegmentedRaftLogWorker$StateMachineDataPolicy.getFromFuture(SegmentedRaftLogWorker.java:87)
	at org.apache.ratis.server.raftlog.segmented.SegmentedRaftLogWorker$WriteLog.execute(SegmentedRaftLogWorker.java:477)
	at org.apache.ratis.server.raftlog.segmented.SegmentedRaftLogWorker.run(SegmentedRaftLogWorker.java:289)
	at java.lang.Thread.run(Thread.java:748)
Caused by: java.util.concurrent.TimeoutException
	at java.util.concurrent.CompletableFuture.timedGet(CompletableFuture.java:1771)
	at java.util.concurrent.CompletableFuture.get(CompletableFuture.java:1915)
	at org.apache.ratis.util.IOUtils.getFromFuture(IOUtils.java:79)
	... 4 more
2019-09-17 22:33:55,900 [fc7af808-7c3b-4e7d-bcd4-16788f7c0c06@group-BE3E92DB7FF3-SegmentedRaftLogWorker] WARN  segmented.SegmentedRaftLogWorker (SegmentedRaftLogWorker.java:getFromFuture(90)) - Timeout 9/~
org.apache.ratis.protocol.TimeoutIOException: Timeout 10s: WriteLog:8: (t:1, i:8), STATEMACHINELOGENTRY, client-88E348C253ED, cid=22-writeStateMachineData
	at org.apache.ratis.util.IOUtils.getFromFuture(IOUtils.java:87)
	at org.apache.ratis.server.raftlog.segmented.SegmentedRaftLogWorker$StateMachineDataPolicy.getFromFuture(SegmentedRaftLogWorker.java:87)
	at org.apache.ratis.server.raftlog.segmented.SegmentedRaftLogWorker$WriteLog.execute(SegmentedRaftLogWorker.java:477)
	at org.apache.ratis.server.raftlog.segmented.SegmentedRaftLogWorker.run(SegmentedRaftLogWorker.java:289)
	at java.lang.Thread.run(Thread.java:748)
Caused by: java.util.concurrent.TimeoutException
	at java.util.concurrent.CompletableFuture.timedGet(CompletableFuture.java:1771)
	at java.util.concurrent.CompletableFuture.get(CompletableFuture.java:1915)
	at org.apache.ratis.util.IOUtils.getFromFuture(IOUtils.java:79)
	... 4 more
2019-09-17 22:33:55,914 [80bd91bd-ab17-414e-9fbc-bd509e19448d@group-BE3E92DB7FF3-SegmentedRaftLogWorker] WARN  segmented.SegmentedRaftLogWorker (SegmentedRaftLogWorker.java:getFromFuture(90)) - Timeout 9/~
org.apache.ratis.protocol.TimeoutIOException: Timeout 10s: WriteLog:8: (t:1, i:8), STATEMACHINELOGENTRY, client-88E348C253ED, cid=22-writeStateMachineData
	at org.apache.ratis.util.IOUtils.getFromFuture(IOUtils.java:87)
	at org.apache.ratis.server.raftlog.segmented.SegmentedRaftLogWorker$StateMachineDataPolicy.getFromFuture(SegmentedRaftLogWorker.java:87)
	at org.apache.ratis.server.raftlog.segmented.SegmentedRaftLogWorker$WriteLog.execute(SegmentedRaftLogWorker.java:477)
	at org.apache.ratis.server.raftlog.segmented.SegmentedRaftLogWorker.run(SegmentedRaftLogWorker.java:289)
	at java.lang.Thread.run(Thread.java:748)
Caused by: java.util.concurrent.TimeoutException
	at java.util.concurrent.CompletableFuture.timedGet(CompletableFuture.java:1771)
	at java.util.concurrent.CompletableFuture.get(CompletableFuture.java:1915)
	at org.apache.ratis.util.IOUtils.getFromFuture(IOUtils.java:79)
	... 4 more
2019-09-17 22:33:56,236 [java.util.concurrent.ThreadPoolExecutor$Worker@44fdba2a[State = -1, empty queue]] WARN  server.GrpcLogAppender (GrpcLogAppender.java:timeoutAppendRequest(200)) - fc7af808-7c3b-4e7d-bcd4-16788f7c0c06@group-BE3E92DB7FF3->80bd91bd-ab17-414e-9fbc-bd509e19448d-GrpcLogAppender: appendEntries Timeout, request=fc7af808-7c3b-4e7d-bcd4-16788f7c0c06->80bd91bd-ab17-414e-9fbc-bd509e19448d#49-t1, previous=(t:1, i:9), leaderCommit=6, initializing? false, entries: <empty>
2019-09-17 22:33:56,236 [java.util.concurrent.ThreadPoolExecutor$Worker@7e5f243f[State = -1, empty queue]] WARN  server.GrpcLogAppender (GrpcLogAppender.java:timeoutAppendRequest(200)) - fc7af808-7c3b-4e7d-bcd4-16788f7c0c06@group-BE3E92DB7FF3->3de10ab2-5aa8-4456-b48c-00692585ccec-GrpcLogAppender: appendEntries Timeout, request=fc7af808-7c3b-4e7d-bcd4-16788f7c0c06->3de10ab2-5aa8-4456-b48c-00692585ccec#49-t1, previous=(t:1, i:9), leaderCommit=6, initializing? false, entries: <empty>
2019-09-17 22:33:56,894 [grpc-default-executor-1] INFO  client.GrpcClientProtocolClient (GrpcClientProtocolClient.java:onNext(264)) - client-88E348C253ED->80bd91bd-ab17-414e-9fbc-bd509e19448d: receive RaftClientReply:client-88E348C253ED->80bd91bd-ab17-414e-9fbc-bd509e19448d@group-BE3E92DB7FF3, cid=21, FAILED org.apache.ratis.protocol.NotLeaderException: Server 80bd91bd-ab17-414e-9fbc-bd509e19448d@group-BE3E92DB7FF3 is not the leader fc7af808-7c3b-4e7d-bcd4-16788f7c0c06:192.168.5.156:38622, logIndex=0, commits[80bd91bd-ab17-414e-9fbc-bd509e19448d:c6, fc7af808-7c3b-4e7d-bcd4-16788f7c0c06:c6, 3de10ab2-5aa8-4456-b48c-00692585ccec:c5]
2019-09-17 22:33:58,737 [java.util.concurrent.ThreadPoolExecutor$Worker@7e5f243f[State = -1, empty queue]] WARN  server.GrpcLogAppender (GrpcLogAppender.java:timeoutAppendRequest(200)) - fc7af808-7c3b-4e7d-bcd4-16788f7c0c06@group-BE3E92DB7FF3->3de10ab2-5aa8-4456-b48c-00692585ccec-GrpcLogAppender: appendEntries Timeout, request=fc7af808-7c3b-4e7d-bcd4-16788f7c0c06->3de10ab2-5aa8-4456-b48c-00692585ccec#50-t1, previous=(t:1, i:9), leaderCommit=6, initializing? false, entries: <empty>
2019-09-17 22:33:58,737 [java.util.concurrent.ThreadPoolExecutor$Worker@44fdba2a[State = -1, empty queue]] WARN  server.GrpcLogAppender (GrpcLogAppender.java:timeoutAppendRequest(200)) - fc7af808-7c3b-4e7d-bcd4-16788f7c0c06@group-BE3E92DB7FF3->80bd91bd-ab17-414e-9fbc-bd509e19448d-GrpcLogAppender: appendEntries Timeout, request=fc7af808-7c3b-4e7d-bcd4-16788f7c0c06->80bd91bd-ab17-414e-9fbc-bd509e19448d#50-t1, previous=(t:1, i:9), leaderCommit=6, initializing? false, entries: <empty>
2019-09-17 22:34:01,237 [java.util.concurrent.ThreadPoolExecutor$Worker@44fdba2a[State = -1, empty queue]] WARN  server.GrpcLogAppender (GrpcLogAppender.java:timeoutAppendRequest(200)) - fc7af808-7c3b-4e7d-bcd4-16788f7c0c06@group-BE3E92DB7FF3->80bd91bd-ab17-414e-9fbc-bd509e19448d-GrpcLogAppender: appendEntries Timeout, request=fc7af808-7c3b-4e7d-bcd4-16788f7c0c06->80bd91bd-ab17-414e-9fbc-bd509e19448d#51-t1, previous=(t:1, i:9), leaderCommit=6, initializing? false, entries: <empty>
2019-09-17 22:34:01,237 [java.util.concurrent.ThreadPoolExecutor$Worker@7e5f243f[State = -1, empty queue]] WARN  server.GrpcLogAppender (GrpcLogAppender.java:timeoutAppendRequest(200)) - fc7af808-7c3b-4e7d-bcd4-16788f7c0c06@group-BE3E92DB7FF3->3de10ab2-5aa8-4456-b48c-00692585ccec-GrpcLogAppender: appendEntries Timeout, request=fc7af808-7c3b-4e7d-bcd4-16788f7c0c06->3de10ab2-5aa8-4456-b48c-00692585ccec#51-t1, previous=(t:1, i:9), leaderCommit=6, initializing? false, entries: <empty>
2019-09-17 22:34:01,942 [grpc-default-executor-1] INFO  client.GrpcClientProtocolClient (GrpcClientProtocolClient.java:onNext(264)) - client-88E348C253ED->80bd91bd-ab17-414e-9fbc-bd509e19448d: receive RaftClientReply:client-88E348C253ED->80bd91bd-ab17-414e-9fbc-bd509e19448d@group-BE3E92DB7FF3, cid=21, FAILED org.apache.ratis.protocol.NotLeaderException: Server 80bd91bd-ab17-414e-9fbc-bd509e19448d@group-BE3E92DB7FF3 is not the leader fc7af808-7c3b-4e7d-bcd4-16788f7c0c06:192.168.5.156:38622, logIndex=0, commits[80bd91bd-ab17-414e-9fbc-bd509e19448d:c6, fc7af808-7c3b-4e7d-bcd4-16788f7c0c06:c6, 3de10ab2-5aa8-4456-b48c-00692585ccec:c5]
2019-09-17 22:34:03,737 [java.util.concurrent.ThreadPoolExecutor$Worker@7e5f243f[State = -1, empty queue]] WARN  server.GrpcLogAppender (GrpcLogAppender.java:timeoutAppendRequest(200)) - fc7af808-7c3b-4e7d-bcd4-16788f7c0c06@group-BE3E92DB7FF3->3de10ab2-5aa8-4456-b48c-00692585ccec-GrpcLogAppender: appendEntries Timeout, request=fc7af808-7c3b-4e7d-bcd4-16788f7c0c06->3de10ab2-5aa8-4456-b48c-00692585ccec#52-t1, previous=(t:1, i:9), leaderCommit=6, initializing? false, entries: <empty>
2019-09-17 22:34:03,737 [java.util.concurrent.ThreadPoolExecutor$Worker@44fdba2a[State = -1, empty queue]] WARN  server.GrpcLogAppender (GrpcLogAppender.java:timeoutAppendRequest(200)) - fc7af808-7c3b-4e7d-bcd4-16788f7c0c06@group-BE3E92DB7FF3->80bd91bd-ab17-414e-9fbc-bd509e19448d-GrpcLogAppender: appendEntries Timeout, request=fc7af808-7c3b-4e7d-bcd4-16788f7c0c06->80bd91bd-ab17-414e-9fbc-bd509e19448d#52-t1, previous=(t:1, i:9), leaderCommit=6, initializing? false, entries: <empty>
2019-09-17 22:34:05,726 [3de10ab2-5aa8-4456-b48c-00692585ccec@group-BE3E92DB7FF3-SegmentedRaftLogWorker] WARN  segmented.SegmentedRaftLogWorker (SegmentedRaftLogWorker.java:getFromFuture(90)) - Timeout 10/~
org.apache.ratis.protocol.TimeoutIOException: Timeout 10s: WriteLog:7: (t:1, i:7), STATEMACHINELOGENTRY, client-88E348C253ED, cid=21-writeStateMachineData
	at org.apache.ratis.util.IOUtils.getFromFuture(IOUtils.java:87)
	at org.apache.ratis.server.raftlog.segmented.SegmentedRaftLogWorker$StateMachineDataPolicy.getFromFuture(SegmentedRaftLogWorker.java:87)
	at org.apache.ratis.server.raftlog.segmented.SegmentedRaftLogWorker$WriteLog.execute(SegmentedRaftLogWorker.java:477)
	at org.apache.ratis.server.raftlog.segmented.SegmentedRaftLogWorker.run(SegmentedRaftLogWorker.java:289)
	at java.lang.Thread.run(Thread.java:748)
Caused by: java.util.concurrent.TimeoutException
	at java.util.concurrent.CompletableFuture.timedGet(CompletableFuture.java:1771)
	at java.util.concurrent.CompletableFuture.get(CompletableFuture.java:1915)
	at org.apache.ratis.util.IOUtils.getFromFuture(IOUtils.java:79)
	... 4 more
2019-09-17 22:34:05,901 [fc7af808-7c3b-4e7d-bcd4-16788f7c0c06@group-BE3E92DB7FF3-SegmentedRaftLogWorker] WARN  segmented.SegmentedRaftLogWorker (SegmentedRaftLogWorker.java:getFromFuture(90)) - Timeout 10/~
org.apache.ratis.protocol.TimeoutIOException: Timeout 10s: WriteLog:8: (t:1, i:8), STATEMACHINELOGENTRY, client-88E348C253ED, cid=22-writeStateMachineData
	at org.apache.ratis.util.IOUtils.getFromFuture(IOUtils.java:87)
	at org.apache.ratis.server.raftlog.segmented.SegmentedRaftLogWorker$StateMachineDataPolicy.getFromFuture(SegmentedRaftLogWorker.java:87)
	at org.apache.ratis.server.raftlog.segmented.SegmentedRaftLogWorker$WriteLog.execute(SegmentedRaftLogWorker.java:477)
	at org.apache.ratis.server.raftlog.segmented.SegmentedRaftLogWorker.run(SegmentedRaftLogWorker.java:289)
	at java.lang.Thread.run(Thread.java:748)
Caused by: java.util.concurrent.TimeoutException
	at java.util.concurrent.CompletableFuture.timedGet(CompletableFuture.java:1771)
	at java.util.concurrent.CompletableFuture.get(CompletableFuture.java:1915)
	at org.apache.ratis.util.IOUtils.getFromFuture(IOUtils.java:79)
	... 4 more
2019-09-17 22:34:05,915 [80bd91bd-ab17-414e-9fbc-bd509e19448d@group-BE3E92DB7FF3-SegmentedRaftLogWorker] WARN  segmented.SegmentedRaftLogWorker (SegmentedRaftLogWorker.java:getFromFuture(90)) - Timeout 10/~
org.apache.ratis.protocol.TimeoutIOException: Timeout 10s: WriteLog:8: (t:1, i:8), STATEMACHINELOGENTRY, client-88E348C253ED, cid=22-writeStateMachineData
	at org.apache.ratis.util.IOUtils.getFromFuture(IOUtils.java:87)
	at org.apache.ratis.server.raftlog.segmented.SegmentedRaftLogWorker$StateMachineDataPolicy.getFromFuture(SegmentedRaftLogWorker.java:87)
	at org.apache.ratis.server.raftlog.segmented.SegmentedRaftLogWorker$WriteLog.execute(SegmentedRaftLogWorker.java:477)
	at org.apache.ratis.server.raftlog.segmented.SegmentedRaftLogWorker.run(SegmentedRaftLogWorker.java:289)
	at java.lang.Thread.run(Thread.java:748)
Caused by: java.util.concurrent.TimeoutException
	at java.util.concurrent.CompletableFuture.timedGet(CompletableFuture.java:1771)
	at java.util.concurrent.CompletableFuture.get(CompletableFuture.java:1915)
	at org.apache.ratis.util.IOUtils.getFromFuture(IOUtils.java:79)
	... 4 more
2019-09-17 22:34:06,238 [java.util.concurrent.ThreadPoolExecutor$Worker@7e5f243f[State = -1, empty queue]] WARN  server.GrpcLogAppender (GrpcLogAppender.java:timeoutAppendRequest(200)) - fc7af808-7c3b-4e7d-bcd4-16788f7c0c06@group-BE3E92DB7FF3->3de10ab2-5aa8-4456-b48c-00692585ccec-GrpcLogAppender: appendEntries Timeout, request=fc7af808-7c3b-4e7d-bcd4-16788f7c0c06->3de10ab2-5aa8-4456-b48c-00692585ccec#53-t1, previous=(t:1, i:9), leaderCommit=6, initializing? false, entries: <empty>
2019-09-17 22:34:06,238 [java.util.concurrent.ThreadPoolExecutor$Worker@44fdba2a[State = -1, empty queue]] WARN  server.GrpcLogAppender (GrpcLogAppender.java:timeoutAppendRequest(200)) - fc7af808-7c3b-4e7d-bcd4-16788f7c0c06@group-BE3E92DB7FF3->80bd91bd-ab17-414e-9fbc-bd509e19448d-GrpcLogAppender: appendEntries Timeout, request=fc7af808-7c3b-4e7d-bcd4-16788f7c0c06->80bd91bd-ab17-414e-9fbc-bd509e19448d#53-t1, previous=(t:1, i:9), leaderCommit=6, initializing? false, entries: <empty>
2019-09-17 22:34:07,023 [grpc-default-executor-1] INFO  client.GrpcClientProtocolClient (GrpcClientProtocolClient.java:onNext(264)) - client-88E348C253ED->3de10ab2-5aa8-4456-b48c-00692585ccec: receive RaftClientReply:client-88E348C253ED->3de10ab2-5aa8-4456-b48c-00692585ccec@group-BE3E92DB7FF3, cid=21, FAILED org.apache.ratis.protocol.NotLeaderException: Server 3de10ab2-5aa8-4456-b48c-00692585ccec@group-BE3E92DB7FF3 is not the leader fc7af808-7c3b-4e7d-bcd4-16788f7c0c06:192.168.5.156:38622, logIndex=0, commits[3de10ab2-5aa8-4456-b48c-00692585ccec:c6, fc7af808-7c3b-4e7d-bcd4-16788f7c0c06:c6, 80bd91bd-ab17-414e-9fbc-bd509e19448d:c5]
2019-09-17 22:34:08,738 [java.util.concurrent.ThreadPoolExecutor$Worker@44fdba2a[State = -1, empty queue]] WARN  server.GrpcLogAppender (GrpcLogAppender.java:timeoutAppendRequest(200)) - fc7af808-7c3b-4e7d-bcd4-16788f7c0c06@group-BE3E92DB7FF3->80bd91bd-ab17-414e-9fbc-bd509e19448d-GrpcLogAppender: appendEntries Timeout, request=fc7af808-7c3b-4e7d-bcd4-16788f7c0c06->80bd91bd-ab17-414e-9fbc-bd509e19448d#54-t1, previous=(t:1, i:9), leaderCommit=6, initializing? false, entries: <empty>
2019-09-17 22:34:08,738 [java.util.concurrent.ThreadPoolExecutor$Worker@7e5f243f[State = -1, empty queue]] WARN  server.GrpcLogAppender (GrpcLogAppender.java:timeoutAppendRequest(200)) - fc7af808-7c3b-4e7d-bcd4-16788f7c0c06@group-BE3E92DB7FF3->3de10ab2-5aa8-4456-b48c-00692585ccec-GrpcLogAppender: appendEntries Timeout, request=fc7af808-7c3b-4e7d-bcd4-16788f7c0c06->3de10ab2-5aa8-4456-b48c-00692585ccec#54-t1, previous=(t:1, i:9), leaderCommit=6, initializing? false, entries: <empty>
2019-09-17 22:34:11,239 [java.util.concurrent.ThreadPoolExecutor$Worker@44fdba2a[State = -1, empty queue]] WARN  server.GrpcLogAppender (GrpcLogAppender.java:timeoutAppendRequest(200)) - fc7af808-7c3b-4e7d-bcd4-16788f7c0c06@group-BE3E92DB7FF3->80bd91bd-ab17-414e-9fbc-bd509e19448d-GrpcLogAppender: appendEntries Timeout, request=fc7af808-7c3b-4e7d-bcd4-16788f7c0c06->80bd91bd-ab17-414e-9fbc-bd509e19448d#55-t1, previous=(t:1, i:9), leaderCommit=6, initializing? false, entries: <empty>
2019-09-17 22:34:11,239 [java.util.concurrent.ThreadPoolExecutor$Worker@7e5f243f[State = -1, empty queue]] WARN  server.GrpcLogAppender (GrpcLogAppender.java:timeoutAppendRequest(200)) - fc7af808-7c3b-4e7d-bcd4-16788f7c0c06@group-BE3E92DB7FF3->3de10ab2-5aa8-4456-b48c-00692585ccec-GrpcLogAppender: appendEntries Timeout, request=fc7af808-7c3b-4e7d-bcd4-16788f7c0c06->3de10ab2-5aa8-4456-b48c-00692585ccec#55-t1, previous=(t:1, i:9), leaderCommit=6, initializing? false, entries: <empty>
2019-09-17 22:34:12,069 [grpc-default-executor-1] INFO  client.GrpcClientProtocolClient (GrpcClientProtocolClient.java:onNext(264)) - client-88E348C253ED->80bd91bd-ab17-414e-9fbc-bd509e19448d: receive RaftClientReply:client-88E348C253ED->80bd91bd-ab17-414e-9fbc-bd509e19448d@group-BE3E92DB7FF3, cid=21, FAILED org.apache.ratis.protocol.NotLeaderException: Server 80bd91bd-ab17-414e-9fbc-bd509e19448d@group-BE3E92DB7FF3 is not the leader fc7af808-7c3b-4e7d-bcd4-16788f7c0c06:192.168.5.156:38622, logIndex=0, commits[80bd91bd-ab17-414e-9fbc-bd509e19448d:c6, fc7af808-7c3b-4e7d-bcd4-16788f7c0c06:c6, 3de10ab2-5aa8-4456-b48c-00692585ccec:c5]
2019-09-17 22:34:13,739 [java.util.concurrent.ThreadPoolExecutor$Worker@44fdba2a[State = -1, empty queue]] WARN  server.GrpcLogAppender (GrpcLogAppender.java:timeoutAppendRequest(200)) - fc7af808-7c3b-4e7d-bcd4-16788f7c0c06@group-BE3E92DB7FF3->80bd91bd-ab17-414e-9fbc-bd509e19448d-GrpcLogAppender: appendEntries Timeout, request=fc7af808-7c3b-4e7d-bcd4-16788f7c0c06->80bd91bd-ab17-414e-9fbc-bd509e19448d#56-t1, previous=(t:1, i:9), leaderCommit=6, initializing? false, entries: <empty>
2019-09-17 22:34:13,739 [java.util.concurrent.ThreadPoolExecutor$Worker@7e5f243f[State = -1, empty queue]] WARN  server.GrpcLogAppender (GrpcLogAppender.java:timeoutAppendRequest(200)) - fc7af808-7c3b-4e7d-bcd4-16788f7c0c06@group-BE3E92DB7FF3->3de10ab2-5aa8-4456-b48c-00692585ccec-GrpcLogAppender: appendEntries Timeout, request=fc7af808-7c3b-4e7d-bcd4-16788f7c0c06->3de10ab2-5aa8-4456-b48c-00692585ccec#56-t1, previous=(t:1, i:9), leaderCommit=6, initializing? false, entries: <empty>
2019-09-17 22:34:15,727 [3de10ab2-5aa8-4456-b48c-00692585ccec@group-BE3E92DB7FF3-SegmentedRaftLogWorker] WARN  segmented.SegmentedRaftLogWorker (SegmentedRaftLogWorker.java:getFromFuture(90)) - Timeout 11/~
org.apache.ratis.protocol.TimeoutIOException: Timeout 10s: WriteLog:7: (t:1, i:7), STATEMACHINELOGENTRY, client-88E348C253ED, cid=21-writeStateMachineData
	at org.apache.ratis.util.IOUtils.getFromFuture(IOUtils.java:87)
	at org.apache.ratis.server.raftlog.segmented.SegmentedRaftLogWorker$StateMachineDataPolicy.getFromFuture(SegmentedRaftLogWorker.java:87)
	at org.apache.ratis.server.raftlog.segmented.SegmentedRaftLogWorker$WriteLog.execute(SegmentedRaftLogWorker.java:477)
	at org.apache.ratis.server.raftlog.segmented.SegmentedRaftLogWorker.run(SegmentedRaftLogWorker.java:289)
	at java.lang.Thread.run(Thread.java:748)
Caused by: java.util.concurrent.TimeoutException
	at java.util.concurrent.CompletableFuture.timedGet(CompletableFuture.java:1771)
	at java.util.concurrent.CompletableFuture.get(CompletableFuture.java:1915)
	at org.apache.ratis.util.IOUtils.getFromFuture(IOUtils.java:79)
	... 4 more
2019-09-17 22:34:15,780 [org.apache.ratis.server.impl.LogAppender$AppenderDaemon$$Lambda$486/264626604@2f19d634] ERROR ratis.XceiverServerRatis (XceiverServerRatis.java:triggerPipelineClose(575)) - pipeline Action CLOSE  on pipeline PipelineID=4d8c8784-d1ee-45fb-902d-be3e92db7ff3.Reason : fc7af808-7c3b-4e7d-bcd4-16788f7c0c06 has not seen follower/s 3de10ab2-5aa8-4456-b48c-00692585ccec for 121075ms 80bd91bd-ab17-414e-9fbc-bd509e19448d for 121079ms
2019-09-17 22:34:15,780 [org.apache.ratis.server.impl.LogAppender$AppenderDaemon$$Lambda$486/264626604@2d1ba8b0] ERROR ratis.XceiverServerRatis (XceiverServerRatis.java:triggerPipelineClose(575)) - pipeline Action CLOSE  on pipeline PipelineID=4d8c8784-d1ee-45fb-902d-be3e92db7ff3.Reason : fc7af808-7c3b-4e7d-bcd4-16788f7c0c06 has not seen follower/s 3de10ab2-5aa8-4456-b48c-00692585ccec for 121075ms 80bd91bd-ab17-414e-9fbc-bd509e19448d for 121079ms
2019-09-17 22:34:15,886 [EventQueue-PipelineActionsForPipelineActionHandler] ERROR pipeline.PipelineActionHandler (PipelineActionHandler.java:onMessage(60)) - Received pipeline action CLOSE for Pipeline[ Id: 4d8c8784-d1ee-45fb-902d-be3e92db7ff3, Nodes: 80bd91bd-ab17-414e-9fbc-bd509e19448d{ip: 192.168.5.156, host: pr-hdds-2121-pbfts-3191465506, networkLocation: /default-rack, certSerialId: null}3de10ab2-5aa8-4456-b48c-00692585ccec{ip: 192.168.5.156, host: pr-hdds-2121-pbfts-3191465506, networkLocation: /default-rack, certSerialId: null}fc7af808-7c3b-4e7d-bcd4-16788f7c0c06{ip: 192.168.5.156, host: pr-hdds-2121-pbfts-3191465506, networkLocation: /default-rack, certSerialId: null}, Type:RATIS, Factor:THREE, State:OPEN] from datanode fc7af808-7c3b-4e7d-bcd4-16788f7c0c06{ip: 192.168.5.156, host: pr-hdds-2121-pbfts-3191465506, networkLocation: /default-rack, certSerialId: null}. Reason : fc7af808-7c3b-4e7d-bcd4-16788f7c0c06 has not seen follower/s 3de10ab2-5aa8-4456-b48c-00692585ccec for 121075ms 80bd91bd-ab17-414e-9fbc-bd509e19448d for 121079ms
2019-09-17 22:34:15,886 [EventQueue-PipelineActionsForPipelineActionHandler] INFO  pipeline.SCMPipelineManager (SCMPipelineManager.java:finalizeAndDestroyPipeline(311)) - destroying pipeline:Pipeline[ Id: 4d8c8784-d1ee-45fb-902d-be3e92db7ff3, Nodes: 80bd91bd-ab17-414e-9fbc-bd509e19448d{ip: 192.168.5.156, host: pr-hdds-2121-pbfts-3191465506, networkLocation: /default-rack, certSerialId: null}3de10ab2-5aa8-4456-b48c-00692585ccec{ip: 192.168.5.156, host: pr-hdds-2121-pbfts-3191465506, networkLocation: /default-rack, certSerialId: null}fc7af808-7c3b-4e7d-bcd4-16788f7c0c06{ip: 192.168.5.156, host: pr-hdds-2121-pbfts-3191465506, networkLocation: /default-rack, certSerialId: null}, Type:RATIS, Factor:THREE, State:OPEN]
2019-09-17 22:34:15,888 [EventQueue-PipelineActionsForPipelineActionHandler] INFO  pipeline.PipelineStateManager (PipelineStateManager.java:finalizePipeline(123)) - Pipeline Pipeline[ Id: 4d8c8784-d1ee-45fb-902d-be3e92db7ff3, Nodes: 80bd91bd-ab17-414e-9fbc-bd509e19448d{ip: 192.168.5.156, host: pr-hdds-2121-pbfts-3191465506, networkLocation: /default-rack, certSerialId: null}3de10ab2-5aa8-4456-b48c-00692585ccec{ip: 192.168.5.156, host: pr-hdds-2121-pbfts-3191465506, networkLocation: /default-rack, certSerialId: null}fc7af808-7c3b-4e7d-bcd4-16788f7c0c06{ip: 192.168.5.156, host: pr-hdds-2121-pbfts-3191465506, networkLocation: /default-rack, certSerialId: null}, Type:RATIS, Factor:THREE, State:CLOSED] moved to CLOSED state
2019-09-17 22:34:15,892 [EventQueue-CloseContainerForCloseContainerEventHandler] INFO  container.CloseContainerEventHandler (CloseContainerEventHandler.java:onMessage(61)) - Close container Event triggered for container : #1
2019-09-17 22:34:15,899 [EventQueue-CloseContainerForCloseContainerEventHandler] INFO  container.CloseContainerEventHandler (CloseContainerEventHandler.java:onMessage(61)) - Close container Event triggered for container : #3
2019-09-17 22:34:15,902 [fc7af808-7c3b-4e7d-bcd4-16788f7c0c06@group-BE3E92DB7FF3-SegmentedRaftLogWorker] WARN  segmented.SegmentedRaftLogWorker (SegmentedRaftLogWorker.java:getFromFuture(90)) - Timeout 11/~
org.apache.ratis.protocol.TimeoutIOException: Timeout 10s: WriteLog:8: (t:1, i:8), STATEMACHINELOGENTRY, client-88E348C253ED, cid=22-writeStateMachineData
	at org.apache.ratis.util.IOUtils.getFromFuture(IOUtils.java:87)
	at org.apache.ratis.server.raftlog.segmented.SegmentedRaftLogWorker$StateMachineDataPolicy.getFromFuture(SegmentedRaftLogWorker.java:87)
	at org.apache.ratis.server.raftlog.segmented.SegmentedRaftLogWorker$WriteLog.execute(SegmentedRaftLogWorker.java:477)
	at org.apache.ratis.server.raftlog.segmented.SegmentedRaftLogWorker.run(SegmentedRaftLogWorker.java:289)
	at java.lang.Thread.run(Thread.java:748)
Caused by: java.util.concurrent.TimeoutException
	at java.util.concurrent.CompletableFuture.timedGet(CompletableFuture.java:1771)
	at java.util.concurrent.CompletableFuture.get(CompletableFuture.java:1915)
	at org.apache.ratis.util.IOUtils.getFromFuture(IOUtils.java:79)
	... 4 more
2019-09-17 22:34:15,916 [80bd91bd-ab17-414e-9fbc-bd509e19448d@group-BE3E92DB7FF3-SegmentedRaftLogWorker] WARN  segmented.SegmentedRaftLogWorker (SegmentedRaftLogWorker.java:getFromFuture(90)) - Timeout 11/~
org.apache.ratis.protocol.TimeoutIOException: Timeout 10s: WriteLog:8: (t:1, i:8), STATEMACHINELOGENTRY, client-88E348C253ED, cid=22-writeStateMachineData
	at org.apache.ratis.util.IOUtils.getFromFuture(IOUtils.java:87)
	at org.apache.ratis.server.raftlog.segmented.SegmentedRaftLogWorker$StateMachineDataPolicy.getFromFuture(SegmentedRaftLogWorker.java:87)
	at org.apache.ratis.server.raftlog.segmented.SegmentedRaftLogWorker$WriteLog.execute(SegmentedRaftLogWorker.java:477)
	at org.apache.ratis.server.raftlog.segmented.SegmentedRaftLogWorker.run(SegmentedRaftLogWorker.java:289)
	at java.lang.Thread.run(Thread.java:748)
Caused by: java.util.concurrent.TimeoutException
	at java.util.concurrent.CompletableFuture.timedGet(CompletableFuture.java:1771)
	at java.util.concurrent.CompletableFuture.get(CompletableFuture.java:1915)
	at org.apache.ratis.util.IOUtils.getFromFuture(IOUtils.java:79)
	... 4 more
2019-09-17 22:34:16,239 [java.util.concurrent.ThreadPoolExecutor$Worker@44fdba2a[State = -1, empty queue]] WARN  server.GrpcLogAppender (GrpcLogAppender.java:timeoutAppendRequest(200)) - fc7af808-7c3b-4e7d-bcd4-16788f7c0c06@group-BE3E92DB7FF3->80bd91bd-ab17-414e-9fbc-bd509e19448d-GrpcLogAppender: appendEntries Timeout, request=fc7af808-7c3b-4e7d-bcd4-16788f7c0c06->80bd91bd-ab17-414e-9fbc-bd509e19448d#57-t1, previous=(t:1, i:9), leaderCommit=6, initializing? false, entries: <empty>
2019-09-17 22:34:16,239 [java.util.concurrent.ThreadPoolExecutor$Worker@7e5f243f[State = -1, empty queue]] WARN  server.GrpcLogAppender (GrpcLogAppender.java:timeoutAppendRequest(200)) - fc7af808-7c3b-4e7d-bcd4-16788f7c0c06@group-BE3E92DB7FF3->3de10ab2-5aa8-4456-b48c-00692585ccec-GrpcLogAppender: appendEntries Timeout, request=fc7af808-7c3b-4e7d-bcd4-16788f7c0c06->3de10ab2-5aa8-4456-b48c-00692585ccec#57-t1, previous=(t:1, i:9), leaderCommit=6, initializing? false, entries: <empty>
2019-09-17 22:34:17,118 [grpc-default-executor-1] INFO  client.GrpcClientProtocolClient (GrpcClientProtocolClient.java:onNext(264)) - client-88E348C253ED->3de10ab2-5aa8-4456-b48c-00692585ccec: receive RaftClientReply:client-88E348C253ED->3de10ab2-5aa8-4456-b48c-00692585ccec@group-BE3E92DB7FF3, cid=21, FAILED org.apache.ratis.protocol.NotLeaderException: Server 3de10ab2-5aa8-4456-b48c-00692585ccec@group-BE3E92DB7FF3 is not the leader fc7af808-7c3b-4e7d-bcd4-16788f7c0c06:192.168.5.156:38622, logIndex=0, commits[3de10ab2-5aa8-4456-b48c-00692585ccec:c6, fc7af808-7c3b-4e7d-bcd4-16788f7c0c06:c6, 80bd91bd-ab17-414e-9fbc-bd509e19448d:c5]
2019-09-17 22:34:18,241 [org.apache.ratis.server.impl.LogAppender$AppenderDaemon$$Lambda$486/264626604@2f19d634] ERROR ratis.XceiverServerRatis (XceiverServerRatis.java:triggerPipelineClose(575)) - pipeline Action CLOSE  on pipeline PipelineID=4d8c8784-d1ee-45fb-902d-be3e92db7ff3.Reason : fc7af808-7c3b-4e7d-bcd4-16788f7c0c06 has not seen follower/s 3de10ab2-5aa8-4456-b48c-00692585ccec for 123555ms 80bd91bd-ab17-414e-9fbc-bd509e19448d for 123555ms
2019-09-17 22:34:18,241 [org.apache.ratis.server.impl.LogAppender$AppenderDaemon$$Lambda$486/264626604@2d1ba8b0] ERROR ratis.XceiverServerRatis (XceiverServerRatis.java:triggerPipelineClose(575)) - pipeline Action CLOSE  on pipeline PipelineID=4d8c8784-d1ee-45fb-902d-be3e92db7ff3.Reason : fc7af808-7c3b-4e7d-bcd4-16788f7c0c06 has not seen follower/s 3de10ab2-5aa8-4456-b48c-00692585ccec for 123555ms 80bd91bd-ab17-414e-9fbc-bd509e19448d for 123555ms
2019-09-17 22:34:18,740 [java.util.concurrent.ThreadPoolExecutor$Worker@44fdba2a[State = -1, empty queue]] WARN  server.GrpcLogAppender (GrpcLogAppender.java:timeoutAppendRequest(200)) - fc7af808-7c3b-4e7d-bcd4-16788f7c0c06@group-BE3E92DB7FF3->80bd91bd-ab17-414e-9fbc-bd509e19448d-GrpcLogAppender: appendEntries Timeout, request=fc7af808-7c3b-4e7d-bcd4-16788f7c0c06->80bd91bd-ab17-414e-9fbc-bd509e19448d#58-t1, previous=(t:1, i:9), leaderCommit=6, initializing? false, entries: <empty>
2019-09-17 22:34:18,740 [java.util.concurrent.ThreadPoolExecutor$Worker@7e5f243f[State = -1, empty queue]] WARN  server.GrpcLogAppender (GrpcLogAppender.java:timeoutAppendRequest(200)) - fc7af808-7c3b-4e7d-bcd4-16788f7c0c06@group-BE3E92DB7FF3->3de10ab2-5aa8-4456-b48c-00692585ccec-GrpcLogAppender: appendEntries Timeout, request=fc7af808-7c3b-4e7d-bcd4-16788f7c0c06->3de10ab2-5aa8-4456-b48c-00692585ccec#58-t1, previous=(t:1, i:9), leaderCommit=6, initializing? false, entries: <empty>
2019-09-17 22:34:18,882 [EventQueue-PipelineActionsForPipelineActionHandler] ERROR pipeline.PipelineActionHandler (PipelineActionHandler.java:onMessage(60)) - Received pipeline action CLOSE for Pipeline[ Id: 4d8c8784-d1ee-45fb-902d-be3e92db7ff3, Nodes: 80bd91bd-ab17-414e-9fbc-bd509e19448d{ip: 192.168.5.156, host: pr-hdds-2121-pbfts-3191465506, networkLocation: /default-rack, certSerialId: null}3de10ab2-5aa8-4456-b48c-00692585ccec{ip: 192.168.5.156, host: pr-hdds-2121-pbfts-3191465506, networkLocation: /default-rack, certSerialId: null}fc7af808-7c3b-4e7d-bcd4-16788f7c0c06{ip: 192.168.5.156, host: pr-hdds-2121-pbfts-3191465506, networkLocation: /default-rack, certSerialId: null}, Type:RATIS, Factor:THREE, State:CLOSED] from datanode fc7af808-7c3b-4e7d-bcd4-16788f7c0c06{ip: 192.168.5.156, host: pr-hdds-2121-pbfts-3191465506, networkLocation: /default-rack, certSerialId: null}. Reason : fc7af808-7c3b-4e7d-bcd4-16788f7c0c06 has not seen follower/s 3de10ab2-5aa8-4456-b48c-00692585ccec for 123555ms 80bd91bd-ab17-414e-9fbc-bd509e19448d for 123555ms
2019-09-17 22:34:18,883 [EventQueue-PipelineActionsForPipelineActionHandler] INFO  pipeline.SCMPipelineManager (SCMPipelineManager.java:finalizeAndDestroyPipeline(311)) - destroying pipeline:Pipeline[ Id: 4d8c8784-d1ee-45fb-902d-be3e92db7ff3, Nodes: 80bd91bd-ab17-414e-9fbc-bd509e19448d{ip: 192.168.5.156, host: pr-hdds-2121-pbfts-3191465506, networkLocation: /default-rack, certSerialId: null}3de10ab2-5aa8-4456-b48c-00692585ccec{ip: 192.168.5.156, host: pr-hdds-2121-pbfts-3191465506, networkLocation: /default-rack, certSerialId: null}fc7af808-7c3b-4e7d-bcd4-16788f7c0c06{ip: 192.168.5.156, host: pr-hdds-2121-pbfts-3191465506, networkLocation: /default-rack, certSerialId: null}, Type:RATIS, Factor:THREE, State:CLOSED]
2019-09-17 22:34:18,909 [org.apache.ratis.server.impl.LogAppender$AppenderDaemon$$Lambda$486/264626604@2f19d634] ERROR ratis.XceiverServerRatis (XceiverServerRatis.java:triggerPipelineClose(575)) - pipeline Action CLOSE  on pipeline PipelineID=4d8c8784-d1ee-45fb-902d-be3e92db7ff3.Reason : fc7af808-7c3b-4e7d-bcd4-16788f7c0c06 has not seen follower/s 3de10ab2-5aa8-4456-b48c-00692585ccec for 124224ms 80bd91bd-ab17-414e-9fbc-bd509e19448d for 124224ms
2019-09-17 22:34:18,909 [org.apache.ratis.server.impl.LogAppender$AppenderDaemon$$Lambda$486/264626604@2d1ba8b0] ERROR ratis.XceiverServerRatis (XceiverServerRatis.java:triggerPipelineClose(575)) - pipeline Action CLOSE  on pipeline PipelineID=4d8c8784-d1ee-45fb-902d-be3e92db7ff3.Reason : fc7af808-7c3b-4e7d-bcd4-16788f7c0c06 has not seen follower/s 3de10ab2-5aa8-4456-b48c-00692585ccec for 124224ms 80bd91bd-ab17-414e-9fbc-bd509e19448d for 124224ms
2019-09-17 22:34:19,937 [EventQueue-PipelineActionsForPipelineActionHandler] ERROR pipeline.PipelineActionHandler (PipelineActionHandler.java:onMessage(60)) - Received pipeline action CLOSE for Pipeline[ Id: 4d8c8784-d1ee-45fb-902d-be3e92db7ff3, Nodes: 80bd91bd-ab17-414e-9fbc-bd509e19448d{ip: 192.168.5.156, host: pr-hdds-2121-pbfts-3191465506, networkLocation: /default-rack, certSerialId: null}3de10ab2-5aa8-4456-b48c-00692585ccec{ip: 192.168.5.156, host: pr-hdds-2121-pbfts-3191465506, networkLocation: /default-rack, certSerialId: null}fc7af808-7c3b-4e7d-bcd4-16788f7c0c06{ip: 192.168.5.156, host: pr-hdds-2121-pbfts-3191465506, networkLocation: /default-rack, certSerialId: null}, Type:RATIS, Factor:THREE, State:CLOSED] from datanode fc7af808-7c3b-4e7d-bcd4-16788f7c0c06{ip: 192.168.5.156, host: pr-hdds-2121-pbfts-3191465506, networkLocation: /default-rack, certSerialId: null}. Reason : fc7af808-7c3b-4e7d-bcd4-16788f7c0c06 has not seen follower/s 3de10ab2-5aa8-4456-b48c-00692585ccec for 124224ms 80bd91bd-ab17-414e-9fbc-bd509e19448d for 124224ms
2019-09-17 22:34:19,937 [EventQueue-PipelineActionsForPipelineActionHandler] INFO  pipeline.SCMPipelineManager (SCMPipelineManager.java:finalizeAndDestroyPipeline(311)) - destroying pipeline:Pipeline[ Id: 4d8c8784-d1ee-45fb-902d-be3e92db7ff3, Nodes: 80bd91bd-ab17-414e-9fbc-bd509e19448d{ip: 192.168.5.156, host: pr-hdds-2121-pbfts-3191465506, networkLocation: /default-rack, certSerialId: null}3de10ab2-5aa8-4456-b48c-00692585ccec{ip: 192.168.5.156, host: pr-hdds-2121-pbfts-3191465506, networkLocation: /default-rack, certSerialId: null}fc7af808-7c3b-4e7d-bcd4-16788f7c0c06{ip: 192.168.5.156, host: pr-hdds-2121-pbfts-3191465506, networkLocation: /default-rack, certSerialId: null}, Type:RATIS, Factor:THREE, State:CLOSED]
2019-09-17 22:34:21,241 [java.util.concurrent.ThreadPoolExecutor$Worker@7e5f243f[State = -1, empty queue]] WARN  server.GrpcLogAppender (GrpcLogAppender.java:timeoutAppendRequest(200)) - fc7af808-7c3b-4e7d-bcd4-16788f7c0c06@group-BE3E92DB7FF3->3de10ab2-5aa8-4456-b48c-00692585ccec-GrpcLogAppender: appendEntries Timeout, request=fc7af808-7c3b-4e7d-bcd4-16788f7c0c06->3de10ab2-5aa8-4456-b48c-00692585ccec#59-t1, previous=(t:1, i:9), leaderCommit=6, initializing? false, entries: <empty>
2019-09-17 22:34:21,241 [java.util.concurrent.ThreadPoolExecutor$Worker@44fdba2a[State = -1, empty queue]] WARN  server.GrpcLogAppender (GrpcLogAppender.java:timeoutAppendRequest(200)) - fc7af808-7c3b-4e7d-bcd4-16788f7c0c06@group-BE3E92DB7FF3->80bd91bd-ab17-414e-9fbc-bd509e19448d-GrpcLogAppender: appendEntries Timeout, request=fc7af808-7c3b-4e7d-bcd4-16788f7c0c06->80bd91bd-ab17-414e-9fbc-bd509e19448d#59-t1, previous=(t:1, i:9), leaderCommit=6, initializing? false, entries: <empty>
2019-09-17 22:34:21,411 [org.apache.ratis.server.impl.LogAppender$AppenderDaemon$$Lambda$486/264626604@2f19d634] ERROR ratis.XceiverServerRatis (XceiverServerRatis.java:triggerPipelineClose(575)) - pipeline Action CLOSE  on pipeline PipelineID=4d8c8784-d1ee-45fb-902d-be3e92db7ff3.Reason : fc7af808-7c3b-4e7d-bcd4-16788f7c0c06 has not seen follower/s 3de10ab2-5aa8-4456-b48c-00692585ccec for 126725ms 80bd91bd-ab17-414e-9fbc-bd509e19448d for 126726ms
2019-09-17 22:34:21,411 [org.apache.ratis.server.impl.LogAppender$AppenderDaemon$$Lambda$486/264626604@2d1ba8b0] ERROR ratis.XceiverServerRatis (XceiverServerRatis.java:triggerPipelineClose(575)) - pipeline Action CLOSE  on pipeline PipelineID=4d8c8784-d1ee-45fb-902d-be3e92db7ff3.Reason : fc7af808-7c3b-4e7d-bcd4-16788f7c0c06 has not seen follower/s 3de10ab2-5aa8-4456-b48c-00692585ccec for 126725ms 80bd91bd-ab17-414e-9fbc-bd509e19448d for 126726ms
2019-09-17 22:34:21,909 [java.util.concurrent.ThreadPoolExecutor$Worker@44fdba2a[State = -1, empty queue]] WARN  server.GrpcLogAppender (GrpcLogAppender.java:timeoutAppendRequest(200)) - fc7af808-7c3b-4e7d-bcd4-16788f7c0c06@group-BE3E92DB7FF3->80bd91bd-ab17-414e-9fbc-bd509e19448d-GrpcLogAppender: appendEntries Timeout, request=fc7af808-7c3b-4e7d-bcd4-16788f7c0c06->80bd91bd-ab17-414e-9fbc-bd509e19448d#60-t1, previous=(t:1, i:9), leaderCommit=6, initializing? false, entries: size=1, first=(t:1, i:10), STATEMACHINELOGENTRY, client-8D0E802BEB59, cid=4
2019-09-17 22:34:21,909 [java.util.concurrent.ThreadPoolExecutor$Worker@7e5f243f[State = -1, empty queue]] WARN  server.GrpcLogAppender (GrpcLogAppender.java:timeoutAppendRequest(200)) - fc7af808-7c3b-4e7d-bcd4-16788f7c0c06@group-BE3E92DB7FF3->3de10ab2-5aa8-4456-b48c-00692585ccec-GrpcLogAppender: appendEntries Timeout, request=fc7af808-7c3b-4e7d-bcd4-16788f7c0c06->3de10ab2-5aa8-4456-b48c-00692585ccec#60-t1, previous=(t:1, i:9), leaderCommit=6, initializing? false, entries: size=1, first=(t:1, i:10), STATEMACHINELOGENTRY, client-8D0E802BEB59, cid=4
2019-09-17 22:34:21,937 [EventQueue-PipelineActionsForPipelineActionHandler] ERROR pipeline.PipelineActionHandler (PipelineActionHandler.java:onMessage(60)) - Received pipeline action CLOSE for Pipeline[ Id: 4d8c8784-d1ee-45fb-902d-be3e92db7ff3, Nodes: 80bd91bd-ab17-414e-9fbc-bd509e19448d{ip: 192.168.5.156, host: pr-hdds-2121-pbfts-3191465506, networkLocation: /default-rack, certSerialId: null}3de10ab2-5aa8-4456-b48c-00692585ccec{ip: 192.168.5.156, host: pr-hdds-2121-pbfts-3191465506, networkLocation: /default-rack, certSerialId: null}fc7af808-7c3b-4e7d-bcd4-16788f7c0c06{ip: 192.168.5.156, host: pr-hdds-2121-pbfts-3191465506, networkLocation: /default-rack, certSerialId: null}, Type:RATIS, Factor:THREE, State:CLOSED] from datanode fc7af808-7c3b-4e7d-bcd4-16788f7c0c06{ip: 192.168.5.156, host: pr-hdds-2121-pbfts-3191465506, networkLocation: /default-rack, certSerialId: null}. Reason : fc7af808-7c3b-4e7d-bcd4-16788f7c0c06 has not seen follower/s 3de10ab2-5aa8-4456-b48c-00692585ccec for 126725ms 80bd91bd-ab17-414e-9fbc-bd509e19448d for 126726ms
2019-09-17 22:34:21,940 [EventQueue-PipelineActionsForPipelineActionHandler] INFO  pipeline.SCMPipelineManager (SCMPipelineManager.java:finalizeAndDestroyPipeline(311)) - destroying pipeline:Pipeline[ Id: 4d8c8784-d1ee-45fb-902d-be3e92db7ff3, Nodes: 80bd91bd-ab17-414e-9fbc-bd509e19448d{ip: 192.168.5.156, host: pr-hdds-2121-pbfts-3191465506, networkLocation: /default-rack, certSerialId: null}3de10ab2-5aa8-4456-b48c-00692585ccec{ip: 192.168.5.156, host: pr-hdds-2121-pbfts-3191465506, networkLocation: /default-rack, certSerialId: null}fc7af808-7c3b-4e7d-bcd4-16788f7c0c06{ip: 192.168.5.156, host: pr-hdds-2121-pbfts-3191465506, networkLocation: /default-rack, certSerialId: null}, Type:RATIS, Factor:THREE, State:CLOSED]
2019-09-17 22:34:22,162 [grpc-default-executor-2] INFO  client.GrpcClientProtocolClient (GrpcClientProtocolClient.java:onNext(264)) - client-88E348C253ED->3de10ab2-5aa8-4456-b48c-00692585ccec: receive RaftClientReply:client-88E348C253ED->3de10ab2-5aa8-4456-b48c-00692585ccec@group-BE3E92DB7FF3, cid=21, FAILED org.apache.ratis.protocol.NotLeaderException: Server 3de10ab2-5aa8-4456-b48c-00692585ccec@group-BE3E92DB7FF3 is not the leader fc7af808-7c3b-4e7d-bcd4-16788f7c0c06:192.168.5.156:38622, logIndex=0, commits[3de10ab2-5aa8-4456-b48c-00692585ccec:c6, fc7af808-7c3b-4e7d-bcd4-16788f7c0c06:c6, 80bd91bd-ab17-414e-9fbc-bd509e19448d:c5]
2019-09-17 22:34:23,912 [org.apache.ratis.server.impl.LogAppender$AppenderDaemon$$Lambda$486/264626604@2f19d634] ERROR ratis.XceiverServerRatis (XceiverServerRatis.java:triggerPipelineClose(575)) - pipeline Action CLOSE  on pipeline PipelineID=4d8c8784-d1ee-45fb-902d-be3e92db7ff3.Reason : fc7af808-7c3b-4e7d-bcd4-16788f7c0c06 has not seen follower/s 3de10ab2-5aa8-4456-b48c-00692585ccec for 129227ms 80bd91bd-ab17-414e-9fbc-bd509e19448d for 129227ms
2019-09-17 22:34:23,912 [org.apache.ratis.server.impl.LogAppender$AppenderDaemon$$Lambda$486/264626604@2d1ba8b0] ERROR ratis.XceiverServerRatis (XceiverServerRatis.java:triggerPipelineClose(575)) - pipeline Action CLOSE  on pipeline PipelineID=4d8c8784-d1ee-45fb-902d-be3e92db7ff3.Reason : fc7af808-7c3b-4e7d-bcd4-16788f7c0c06 has not seen follower/s 3de10ab2-5aa8-4456-b48c-00692585ccec for 129227ms 80bd91bd-ab17-414e-9fbc-bd509e19448d for 129227ms
2019-09-17 22:34:23,937 [EventQueue-PipelineActionsForPipelineActionHandler] ERROR pipeline.PipelineActionHandler (PipelineActionHandler.java:onMessage(60)) - Received pipeline action CLOSE for Pipeline[ Id: 4d8c8784-d1ee-45fb-902d-be3e92db7ff3, Nodes: 80bd91bd-ab17-414e-9fbc-bd509e19448d{ip: 192.168.5.156, host: pr-hdds-2121-pbfts-3191465506, networkLocation: /default-rack, certSerialId: null}3de10ab2-5aa8-4456-b48c-00692585ccec{ip: 192.168.5.156, host: pr-hdds-2121-pbfts-3191465506, networkLocation: /default-rack, certSerialId: null}fc7af808-7c3b-4e7d-bcd4-16788f7c0c06{ip: 192.168.5.156, host: pr-hdds-2121-pbfts-3191465506, networkLocation: /default-rack, certSerialId: null}, Type:RATIS, Factor:THREE, State:CLOSED] from datanode fc7af808-7c3b-4e7d-bcd4-16788f7c0c06{ip: 192.168.5.156, host: pr-hdds-2121-pbfts-3191465506, networkLocation: /default-rack, certSerialId: null}. Reason : fc7af808-7c3b-4e7d-bcd4-16788f7c0c06 has not seen follower/s 3de10ab2-5aa8-4456-b48c-00692585ccec for 129227ms 80bd91bd-ab17-414e-9fbc-bd509e19448d for 129227ms
2019-09-17 22:34:23,937 [EventQueue-PipelineActionsForPipelineActionHandler] INFO  pipeline.SCMPipelineManager (SCMPipelineManager.java:finalizeAndDestroyPipeline(311)) - destroying pipeline:Pipeline[ Id: 4d8c8784-d1ee-45fb-902d-be3e92db7ff3, Nodes: 80bd91bd-ab17-414e-9fbc-bd509e19448d{ip: 192.168.5.156, host: pr-hdds-2121-pbfts-3191465506, networkLocation: /default-rack, certSerialId: null}3de10ab2-5aa8-4456-b48c-00692585ccec{ip: 192.168.5.156, host: pr-hdds-2121-pbfts-3191465506, networkLocation: /default-rack, certSerialId: null}fc7af808-7c3b-4e7d-bcd4-16788f7c0c06{ip: 192.168.5.156, host: pr-hdds-2121-pbfts-3191465506, networkLocation: /default-rack, certSerialId: null}, Type:RATIS, Factor:THREE, State:CLOSED]
2019-09-17 22:34:24,411 [java.util.concurrent.ThreadPoolExecutor$Worker@7e5f243f[State = -1, empty queue]] WARN  server.GrpcLogAppender (GrpcLogAppender.java:timeoutAppendRequest(200)) - fc7af808-7c3b-4e7d-bcd4-16788f7c0c06@group-BE3E92DB7FF3->3de10ab2-5aa8-4456-b48c-00692585ccec-GrpcLogAppender: appendEntries Timeout, request=fc7af808-7c3b-4e7d-bcd4-16788f7c0c06->3de10ab2-5aa8-4456-b48c-00692585ccec#61-t1, previous=(t:1, i:10), leaderCommit=6, initializing? false, entries: <empty>
2019-09-17 22:34:24,411 [java.util.concurrent.ThreadPoolExecutor$Worker@44fdba2a[State = -1, empty queue]] WARN  server.GrpcLogAppender (GrpcLogAppender.java:timeoutAppendRequest(200)) - fc7af808-7c3b-4e7d-bcd4-16788f7c0c06@group-BE3E92DB7FF3->80bd91bd-ab17-414e-9fbc-bd509e19448d-GrpcLogAppender: appendEntries Timeout, request=fc7af808-7c3b-4e7d-bcd4-16788f7c0c06->80bd91bd-ab17-414e-9fbc-bd509e19448d#61-t1, previous=(t:1, i:10), leaderCommit=6, initializing? false, entries: <empty>
2019-09-17 22:34:25,728 [3de10ab2-5aa8-4456-b48c-00692585ccec@group-BE3E92DB7FF3-SegmentedRaftLogWorker] WARN  segmented.SegmentedRaftLogWorker (SegmentedRaftLogWorker.java:getFromFuture(90)) - Timeout 12/~
org.apache.ratis.protocol.TimeoutIOException: Timeout 10s: WriteLog:7: (t:1, i:7), STATEMACHINELOGENTRY, client-88E348C253ED, cid=21-writeStateMachineData
	at org.apache.ratis.util.IOUtils.getFromFuture(IOUtils.java:87)
	at org.apache.ratis.server.raftlog.segmented.SegmentedRaftLogWorker$StateMachineDataPolicy.getFromFuture(SegmentedRaftLogWorker.java:87)
	at org.apache.ratis.server.raftlog.segmented.SegmentedRaftLogWorker$WriteLog.execute(SegmentedRaftLogWorker.java:477)
	at org.apache.ratis.server.raftlog.segmented.SegmentedRaftLogWorker.run(SegmentedRaftLogWorker.java:289)
	at java.lang.Thread.run(Thread.java:748)
Caused by: java.util.concurrent.TimeoutException
	at java.util.concurrent.CompletableFuture.timedGet(CompletableFuture.java:1771)
	at java.util.concurrent.CompletableFuture.get(CompletableFuture.java:1915)
	at org.apache.ratis.util.IOUtils.getFromFuture(IOUtils.java:79)
	... 4 more
2019-09-17 22:34:25,905 [fc7af808-7c3b-4e7d-bcd4-16788f7c0c06@group-BE3E92DB7FF3-SegmentedRaftLogWorker] WARN  segmented.SegmentedRaftLogWorker (SegmentedRaftLogWorker.java:getFromFuture(90)) - Timeout 12/~
org.apache.ratis.protocol.TimeoutIOException: Timeout 10s: WriteLog:8: (t:1, i:8), STATEMACHINELOGENTRY, client-88E348C253ED, cid=22-writeStateMachineData
	at org.apache.ratis.util.IOUtils.getFromFuture(IOUtils.java:87)
	at org.apache.ratis.server.raftlog.segmented.SegmentedRaftLogWorker$StateMachineDataPolicy.getFromFuture(SegmentedRaftLogWorker.java:87)
	at org.apache.ratis.server.raftlog.segmented.SegmentedRaftLogWorker$WriteLog.execute(SegmentedRaftLogWorker.java:477)
	at org.apache.ratis.server.raftlog.segmented.SegmentedRaftLogWorker.run(SegmentedRaftLogWorker.java:289)
	at java.lang.Thread.run(Thread.java:748)
Caused by: java.util.concurrent.TimeoutException
	at java.util.concurrent.CompletableFuture.timedGet(CompletableFuture.java:1771)
	at java.util.concurrent.CompletableFuture.get(CompletableFuture.java:1915)
	at org.apache.ratis.util.IOUtils.getFromFuture(IOUtils.java:79)
	... 4 more
2019-09-17 22:34:25,917 [80bd91bd-ab17-414e-9fbc-bd509e19448d@group-BE3E92DB7FF3-SegmentedRaftLogWorker] WARN  segmented.SegmentedRaftLogWorker (SegmentedRaftLogWorker.java:getFromFuture(90)) - Timeout 12/~
org.apache.ratis.protocol.TimeoutIOException: Timeout 10s: WriteLog:8: (t:1, i:8), STATEMACHINELOGENTRY, client-88E348C253ED, cid=22-writeStateMachineData
	at org.apache.ratis.util.IOUtils.getFromFuture(IOUtils.java:87)
	at org.apache.ratis.server.raftlog.segmented.SegmentedRaftLogWorker$StateMachineDataPolicy.getFromFuture(SegmentedRaftLogWorker.java:87)
	at org.apache.ratis.server.raftlog.segmented.SegmentedRaftLogWorker$WriteLog.execute(SegmentedRaftLogWorker.java:477)
	at org.apache.ratis.server.raftlog.segmented.SegmentedRaftLogWorker.run(SegmentedRaftLogWorker.java:289)
	at java.lang.Thread.run(Thread.java:748)
Caused by: java.util.concurrent.TimeoutException
	at java.util.concurrent.CompletableFuture.timedGet(CompletableFuture.java:1771)
	at java.util.concurrent.CompletableFuture.get(CompletableFuture.java:1915)
	at org.apache.ratis.util.IOUtils.getFromFuture(IOUtils.java:79)
	... 4 more
2019-09-17 22:34:26,413 [org.apache.ratis.server.impl.LogAppender$AppenderDaemon$$Lambda$486/264626604@2d1ba8b0] ERROR ratis.XceiverServerRatis (XceiverServerRatis.java:triggerPipelineClose(575)) - pipeline Action CLOSE  on pipeline PipelineID=4d8c8784-d1ee-45fb-902d-be3e92db7ff3.Reason : fc7af808-7c3b-4e7d-bcd4-16788f7c0c06 has not seen follower/s 3de10ab2-5aa8-4456-b48c-00692585ccec for 131728ms 80bd91bd-ab17-414e-9fbc-bd509e19448d for 131728ms
2019-09-17 22:34:26,413 [org.apache.ratis.server.impl.LogAppender$AppenderDaemon$$Lambda$486/264626604@2f19d634] ERROR ratis.XceiverServerRatis (XceiverServerRatis.java:triggerPipelineClose(575)) - pipeline Action CLOSE  on pipeline PipelineID=4d8c8784-d1ee-45fb-902d-be3e92db7ff3.Reason : fc7af808-7c3b-4e7d-bcd4-16788f7c0c06 has not seen follower/s 3de10ab2-5aa8-4456-b48c-00692585ccec for 131728ms 80bd91bd-ab17-414e-9fbc-bd509e19448d for 131728ms
2019-09-17 22:34:26,912 [java.util.concurrent.ThreadPoolExecutor$Worker@44fdba2a[State = -1, empty queue]] WARN  server.GrpcLogAppender (GrpcLogAppender.java:timeoutAppendRequest(200)) - fc7af808-7c3b-4e7d-bcd4-16788f7c0c06@group-BE3E92DB7FF3->80bd91bd-ab17-414e-9fbc-bd509e19448d-GrpcLogAppender: appendEntries Timeout, request=fc7af808-7c3b-4e7d-bcd4-16788f7c0c06->80bd91bd-ab17-414e-9fbc-bd509e19448d#62-t1, previous=(t:1, i:10), leaderCommit=6, initializing? false, entries: <empty>
2019-09-17 22:34:26,912 [java.util.concurrent.ThreadPoolExecutor$Worker@7e5f243f[State = -1, empty queue]] WARN  server.GrpcLogAppender (GrpcLogAppender.java:timeoutAppendRequest(200)) - fc7af808-7c3b-4e7d-bcd4-16788f7c0c06@group-BE3E92DB7FF3->3de10ab2-5aa8-4456-b48c-00692585ccec-GrpcLogAppender: appendEntries Timeout, request=fc7af808-7c3b-4e7d-bcd4-16788f7c0c06->3de10ab2-5aa8-4456-b48c-00692585ccec#62-t1, previous=(t:1, i:10), leaderCommit=6, initializing? false, entries: <empty>
2019-09-17 22:34:26,941 [EventQueue-PipelineActionsForPipelineActionHandler] ERROR pipeline.PipelineActionHandler (PipelineActionHandler.java:onMessage(60)) - Received pipeline action CLOSE for Pipeline[ Id: 4d8c8784-d1ee-45fb-902d-be3e92db7ff3, Nodes: 80bd91bd-ab17-414e-9fbc-bd509e19448d{ip: 192.168.5.156, host: pr-hdds-2121-pbfts-3191465506, networkLocation: /default-rack, certSerialId: null}3de10ab2-5aa8-4456-b48c-00692585ccec{ip: 192.168.5.156, host: pr-hdds-2121-pbfts-3191465506, networkLocation: /default-rack, certSerialId: null}fc7af808-7c3b-4e7d-bcd4-16788f7c0c06{ip: 192.168.5.156, host: pr-hdds-2121-pbfts-3191465506, networkLocation: /default-rack, certSerialId: null}, Type:RATIS, Factor:THREE, State:CLOSED] from datanode fc7af808-7c3b-4e7d-bcd4-16788f7c0c06{ip: 192.168.5.156, host: pr-hdds-2121-pbfts-3191465506, networkLocation: /default-rack, certSerialId: null}. Reason : fc7af808-7c3b-4e7d-bcd4-16788f7c0c06 has not seen follower/s 3de10ab2-5aa8-4456-b48c-00692585ccec for 131728ms 80bd91bd-ab17-414e-9fbc-bd509e19448d for 131728ms
2019-09-17 22:34:26,941 [EventQueue-PipelineActionsForPipelineActionHandler] INFO  pipeline.SCMPipelineManager (SCMPipelineManager.java:finalizeAndDestroyPipeline(311)) - destroying pipeline:Pipeline[ Id: 4d8c8784-d1ee-45fb-902d-be3e92db7ff3, Nodes: 80bd91bd-ab17-414e-9fbc-bd509e19448d{ip: 192.168.5.156, host: pr-hdds-2121-pbfts-3191465506, networkLocation: /default-rack, certSerialId: null}3de10ab2-5aa8-4456-b48c-00692585ccec{ip: 192.168.5.156, host: pr-hdds-2121-pbfts-3191465506, networkLocation: /default-rack, certSerialId: null}fc7af808-7c3b-4e7d-bcd4-16788f7c0c06{ip: 192.168.5.156, host: pr-hdds-2121-pbfts-3191465506, networkLocation: /default-rack, certSerialId: null}, Type:RATIS, Factor:THREE, State:CLOSED]
2019-09-17 22:34:27,260 [grpc-default-executor-1] INFO  client.GrpcClientProtocolClient (GrpcClientProtocolClient.java:onNext(264)) - client-88E348C253ED->3de10ab2-5aa8-4456-b48c-00692585ccec: receive RaftClientReply:client-88E348C253ED->3de10ab2-5aa8-4456-b48c-00692585ccec@group-BE3E92DB7FF3, cid=21, FAILED org.apache.ratis.protocol.NotLeaderException: Server 3de10ab2-5aa8-4456-b48c-00692585ccec@group-BE3E92DB7FF3 is not the leader fc7af808-7c3b-4e7d-bcd4-16788f7c0c06:192.168.5.156:38622, logIndex=0, commits[3de10ab2-5aa8-4456-b48c-00692585ccec:c6, fc7af808-7c3b-4e7d-bcd4-16788f7c0c06:c6, 80bd91bd-ab17-414e-9fbc-bd509e19448d:c5]
2019-09-17 22:34:28,914 [org.apache.ratis.server.impl.LogAppender$AppenderDaemon$$Lambda$486/264626604@2d1ba8b0] ERROR ratis.XceiverServerRatis (XceiverServerRatis.java:triggerPipelineClose(575)) - pipeline Action CLOSE  on pipeline PipelineID=4d8c8784-d1ee-45fb-902d-be3e92db7ff3.Reason : fc7af808-7c3b-4e7d-bcd4-16788f7c0c06 has not seen follower/s 3de10ab2-5aa8-4456-b48c-00692585ccec for 134228ms 80bd91bd-ab17-414e-9fbc-bd509e19448d for 134228ms
2019-09-17 22:34:28,917 [org.apache.ratis.server.impl.LogAppender$AppenderDaemon$$Lambda$486/264626604@2f19d634] ERROR ratis.XceiverServerRatis (XceiverServerRatis.java:triggerPipelineClose(575)) - pipeline Action CLOSE  on pipeline PipelineID=4d8c8784-d1ee-45fb-902d-be3e92db7ff3.Reason : fc7af808-7c3b-4e7d-bcd4-16788f7c0c06 has not seen follower/s 3de10ab2-5aa8-4456-b48c-00692585ccec for 134232ms 80bd91bd-ab17-414e-9fbc-bd509e19448d for 134232ms
2019-09-17 22:34:28,938 [EventQueue-PipelineActionsForPipelineActionHandler] ERROR pipeline.PipelineActionHandler (PipelineActionHandler.java:onMessage(60)) - Received pipeline action CLOSE for Pipeline[ Id: 4d8c8784-d1ee-45fb-902d-be3e92db7ff3, Nodes: 80bd91bd-ab17-414e-9fbc-bd509e19448d{ip: 192.168.5.156, host: pr-hdds-2121-pbfts-3191465506, networkLocation: /default-rack, certSerialId: null}3de10ab2-5aa8-4456-b48c-00692585ccec{ip: 192.168.5.156, host: pr-hdds-2121-pbfts-3191465506, networkLocation: /default-rack, certSerialId: null}fc7af808-7c3b-4e7d-bcd4-16788f7c0c06{ip: 192.168.5.156, host: pr-hdds-2121-pbfts-3191465506, networkLocation: /default-rack, certSerialId: null}, Type:RATIS, Factor:THREE, State:CLOSED] from datanode fc7af808-7c3b-4e7d-bcd4-16788f7c0c06{ip: 192.168.5.156, host: pr-hdds-2121-pbfts-3191465506, networkLocation: /default-rack, certSerialId: null}. Reason : fc7af808-7c3b-4e7d-bcd4-16788f7c0c06 has not seen follower/s 3de10ab2-5aa8-4456-b48c-00692585ccec for 134228ms 80bd91bd-ab17-414e-9fbc-bd509e19448d for 134228ms
2019-09-17 22:34:28,939 [EventQueue-PipelineActionsForPipelineActionHandler] INFO  pipeline.SCMPipelineManager (SCMPipelineManager.java:finalizeAndDestroyPipeline(311)) - destroying pipeline:Pipeline[ Id: 4d8c8784-d1ee-45fb-902d-be3e92db7ff3, Nodes: 80bd91bd-ab17-414e-9fbc-bd509e19448d{ip: 192.168.5.156, host: pr-hdds-2121-pbfts-3191465506, networkLocation: /default-rack, certSerialId: null}3de10ab2-5aa8-4456-b48c-00692585ccec{ip: 192.168.5.156, host: pr-hdds-2121-pbfts-3191465506, networkLocation: /default-rack, certSerialId: null}fc7af808-7c3b-4e7d-bcd4-16788f7c0c06{ip: 192.168.5.156, host: pr-hdds-2121-pbfts-3191465506, networkLocation: /default-rack, certSerialId: null}, Type:RATIS, Factor:THREE, State:CLOSED]
2019-09-17 22:34:29,413 [java.util.concurrent.ThreadPoolExecutor$Worker@7e5f243f[State = -1, empty queue]] WARN  server.GrpcLogAppender (GrpcLogAppender.java:timeoutAppendRequest(200)) - fc7af808-7c3b-4e7d-bcd4-16788f7c0c06@group-BE3E92DB7FF3->3de10ab2-5aa8-4456-b48c-00692585ccec-GrpcLogAppender: appendEntries Timeout, request=fc7af808-7c3b-4e7d-bcd4-16788f7c0c06->3de10ab2-5aa8-4456-b48c-00692585ccec#63-t1, previous=(t:1, i:10), leaderCommit=6, initializing? false, entries: <empty>
2019-09-17 22:34:29,416 [java.util.concurrent.ThreadPoolExecutor$Worker@44fdba2a[State = -1, empty queue]] WARN  server.GrpcLogAppender (GrpcLogAppender.java:timeoutAppendRequest(200)) - fc7af808-7c3b-4e7d-bcd4-16788f7c0c06@group-BE3E92DB7FF3->80bd91bd-ab17-414e-9fbc-bd509e19448d-GrpcLogAppender: appendEntries Timeout, request=fc7af808-7c3b-4e7d-bcd4-16788f7c0c06->80bd91bd-ab17-414e-9fbc-bd509e19448d#63-t1, previous=(t:1, i:10), leaderCommit=6, initializing? false, entries: <empty>
2019-09-17 22:34:31,415 [org.apache.ratis.server.impl.LogAppender$AppenderDaemon$$Lambda$486/264626604@2d1ba8b0] ERROR ratis.XceiverServerRatis (XceiverServerRatis.java:triggerPipelineClose(575)) - pipeline Action CLOSE  on pipeline PipelineID=4d8c8784-d1ee-45fb-902d-be3e92db7ff3.Reason : fc7af808-7c3b-4e7d-bcd4-16788f7c0c06 has not seen follower/s 3de10ab2-5aa8-4456-b48c-00692585ccec for 136729ms 80bd91bd-ab17-414e-9fbc-bd509e19448d for 136729ms
2019-09-17 22:34:31,418 [org.apache.ratis.server.impl.LogAppender$AppenderDaemon$$Lambda$486/264626604@2f19d634] ERROR ratis.XceiverServerRatis (XceiverServerRatis.java:triggerPipelineClose(575)) - pipeline Action CLOSE  on pipeline PipelineID=4d8c8784-d1ee-45fb-902d-be3e92db7ff3.Reason : fc7af808-7c3b-4e7d-bcd4-16788f7c0c06 has not seen follower/s 3de10ab2-5aa8-4456-b48c-00692585ccec for 136733ms 80bd91bd-ab17-414e-9fbc-bd509e19448d for 136733ms
2019-09-17 22:34:31,914 [java.util.concurrent.ThreadPoolExecutor$Worker@7e5f243f[State = -1, empty queue]] WARN  server.GrpcLogAppender (GrpcLogAppender.java:timeoutAppendRequest(200)) - fc7af808-7c3b-4e7d-bcd4-16788f7c0c06@group-BE3E92DB7FF3->3de10ab2-5aa8-4456-b48c-00692585ccec-GrpcLogAppender: appendEntries Timeout, request=fc7af808-7c3b-4e7d-bcd4-16788f7c0c06->3de10ab2-5aa8-4456-b48c-00692585ccec#64-t1, previous=(t:1, i:10), leaderCommit=6, initializing? false, entries: <empty>
2019-09-17 22:34:31,917 [java.util.concurrent.ThreadPoolExecutor$Worker@44fdba2a[State = -1, empty queue]] WARN  server.GrpcLogAppender (GrpcLogAppender.java:timeoutAppendRequest(200)) - fc7af808-7c3b-4e7d-bcd4-16788f7c0c06@group-BE3E92DB7FF3->80bd91bd-ab17-414e-9fbc-bd509e19448d-GrpcLogAppender: appendEntries Timeout, request=fc7af808-7c3b-4e7d-bcd4-16788f7c0c06->80bd91bd-ab17-414e-9fbc-bd509e19448d#64-t1, previous=(t:1, i:10), leaderCommit=6, initializing? false, entries: <empty>
2019-09-17 22:34:31,939 [EventQueue-PipelineActionsForPipelineActionHandler] ERROR pipeline.PipelineActionHandler (PipelineActionHandler.java:onMessage(60)) - Received pipeline action CLOSE for Pipeline[ Id: 4d8c8784-d1ee-45fb-902d-be3e92db7ff3, Nodes: 80bd91bd-ab17-414e-9fbc-bd509e19448d{ip: 192.168.5.156, host: pr-hdds-2121-pbfts-3191465506, networkLocation: /default-rack, certSerialId: null}3de10ab2-5aa8-4456-b48c-00692585ccec{ip: 192.168.5.156, host: pr-hdds-2121-pbfts-3191465506, networkLocation: /default-rack, certSerialId: null}fc7af808-7c3b-4e7d-bcd4-16788f7c0c06{ip: 192.168.5.156, host: pr-hdds-2121-pbfts-3191465506, networkLocation: /default-rack, certSerialId: null}, Type:RATIS, Factor:THREE, State:CLOSED] from datanode fc7af808-7c3b-4e7d-bcd4-16788f7c0c06{ip: 192.168.5.156, host: pr-hdds-2121-pbfts-3191465506, networkLocation: /default-rack, certSerialId: null}. Reason : fc7af808-7c3b-4e7d-bcd4-16788f7c0c06 has not seen follower/s 3de10ab2-5aa8-4456-b48c-00692585ccec for 136729ms 80bd91bd-ab17-414e-9fbc-bd509e19448d for 136729ms
2019-09-17 22:34:31,939 [EventQueue-PipelineActionsForPipelineActionHandler] INFO  pipeline.SCMPipelineManager (SCMPipelineManager.java:finalizeAndDestroyPipeline(311)) - destroying pipeline:Pipeline[ Id: 4d8c8784-d1ee-45fb-902d-be3e92db7ff3, Nodes: 80bd91bd-ab17-414e-9fbc-bd509e19448d{ip: 192.168.5.156, host: pr-hdds-2121-pbfts-3191465506, networkLocation: /default-rack, certSerialId: null}3de10ab2-5aa8-4456-b48c-00692585ccec{ip: 192.168.5.156, host: pr-hdds-2121-pbfts-3191465506, networkLocation: /default-rack, certSerialId: null}fc7af808-7c3b-4e7d-bcd4-16788f7c0c06{ip: 192.168.5.156, host: pr-hdds-2121-pbfts-3191465506, networkLocation: /default-rack, certSerialId: null}, Type:RATIS, Factor:THREE, State:CLOSED]
2019-09-17 22:34:32,309 [grpc-default-executor-1] INFO  client.GrpcClientProtocolClient (GrpcClientProtocolClient.java:onNext(264)) - client-88E348C253ED->80bd91bd-ab17-414e-9fbc-bd509e19448d: receive RaftClientReply:client-88E348C253ED->80bd91bd-ab17-414e-9fbc-bd509e19448d@group-BE3E92DB7FF3, cid=21, FAILED org.apache.ratis.protocol.NotLeaderException: Server 80bd91bd-ab17-414e-9fbc-bd509e19448d@group-BE3E92DB7FF3 is not the leader fc7af808-7c3b-4e7d-bcd4-16788f7c0c06:192.168.5.156:38622, logIndex=0, commits[80bd91bd-ab17-414e-9fbc-bd509e19448d:c6, fc7af808-7c3b-4e7d-bcd4-16788f7c0c06:c6, 3de10ab2-5aa8-4456-b48c-00692585ccec:c5]
2019-09-17 22:34:33,916 [org.apache.ratis.server.impl.LogAppender$AppenderDaemon$$Lambda$486/264626604@2d1ba8b0] ERROR ratis.XceiverServerRatis (XceiverServerRatis.java:triggerPipelineClose(575)) - pipeline Action CLOSE  on pipeline PipelineID=4d8c8784-d1ee-45fb-902d-be3e92db7ff3.Reason : fc7af808-7c3b-4e7d-bcd4-16788f7c0c06 has not seen follower/s 3de10ab2-5aa8-4456-b48c-00692585ccec for 139230ms 80bd91bd-ab17-414e-9fbc-bd509e19448d for 139230ms
2019-09-17 22:34:33,919 [org.apache.ratis.server.impl.LogAppender$AppenderDaemon$$Lambda$486/264626604@2f19d634] ERROR ratis.XceiverServerRatis (XceiverServerRatis.java:triggerPipelineClose(575)) - pipeline Action CLOSE  on pipeline PipelineID=4d8c8784-d1ee-45fb-902d-be3e92db7ff3.Reason : fc7af808-7c3b-4e7d-bcd4-16788f7c0c06 has not seen follower/s 3de10ab2-5aa8-4456-b48c-00692585ccec for 139234ms 80bd91bd-ab17-414e-9fbc-bd509e19448d for 139234ms
2019-09-17 22:34:33,939 [EventQueue-PipelineActionsForPipelineActionHandler] ERROR pipeline.PipelineActionHandler (PipelineActionHandler.java:onMessage(60)) - Received pipeline action CLOSE for Pipeline[ Id: 4d8c8784-d1ee-45fb-902d-be3e92db7ff3, Nodes: 80bd91bd-ab17-414e-9fbc-bd509e19448d{ip: 192.168.5.156, host: pr-hdds-2121-pbfts-3191465506, networkLocation: /default-rack, certSerialId: null}3de10ab2-5aa8-4456-b48c-00692585ccec{ip: 192.168.5.156, host: pr-hdds-2121-pbfts-3191465506, networkLocation: /default-rack, certSerialId: null}fc7af808-7c3b-4e7d-bcd4-16788f7c0c06{ip: 192.168.5.156, host: pr-hdds-2121-pbfts-3191465506, networkLocation: /default-rack, certSerialId: null}, Type:RATIS, Factor:THREE, State:CLOSED] from datanode fc7af808-7c3b-4e7d-bcd4-16788f7c0c06{ip: 192.168.5.156, host: pr-hdds-2121-pbfts-3191465506, networkLocation: /default-rack, certSerialId: null}. Reason : fc7af808-7c3b-4e7d-bcd4-16788f7c0c06 has not seen follower/s 3de10ab2-5aa8-4456-b48c-00692585ccec for 139230ms 80bd91bd-ab17-414e-9fbc-bd509e19448d for 139230ms
2019-09-17 22:34:33,939 [EventQueue-PipelineActionsForPipelineActionHandler] INFO  pipeline.SCMPipelineManager (SCMPipelineManager.java:finalizeAndDestroyPipeline(311)) - destroying pipeline:Pipeline[ Id: 4d8c8784-d1ee-45fb-902d-be3e92db7ff3, Nodes: 80bd91bd-ab17-414e-9fbc-bd509e19448d{ip: 192.168.5.156, host: pr-hdds-2121-pbfts-3191465506, networkLocation: /default-rack, certSerialId: null}3de10ab2-5aa8-4456-b48c-00692585ccec{ip: 192.168.5.156, host: pr-hdds-2121-pbfts-3191465506, networkLocation: /default-rack, certSerialId: null}fc7af808-7c3b-4e7d-bcd4-16788f7c0c06{ip: 192.168.5.156, host: pr-hdds-2121-pbfts-3191465506, networkLocation: /default-rack, certSerialId: null}, Type:RATIS, Factor:THREE, State:CLOSED]
2019-09-17 22:34:34,415 [java.util.concurrent.ThreadPoolExecutor$Worker@7e5f243f[State = -1, empty queue]] WARN  server.GrpcLogAppender (GrpcLogAppender.java:timeoutAppendRequest(200)) - fc7af808-7c3b-4e7d-bcd4-16788f7c0c06@group-BE3E92DB7FF3->3de10ab2-5aa8-4456-b48c-00692585ccec-GrpcLogAppender: appendEntries Timeout, request=fc7af808-7c3b-4e7d-bcd4-16788f7c0c06->3de10ab2-5aa8-4456-b48c-00692585ccec#65-t1, previous=(t:1, i:10), leaderCommit=6, initializing? false, entries: <empty>
2019-09-17 22:34:34,418 [java.util.concurrent.ThreadPoolExecutor$Worker@44fdba2a[State = -1, empty queue]] WARN  server.GrpcLogAppender (GrpcLogAppender.java:timeoutAppendRequest(200)) - fc7af808-7c3b-4e7d-bcd4-16788f7c0c06@group-BE3E92DB7FF3->80bd91bd-ab17-414e-9fbc-bd509e19448d-GrpcLogAppender: appendEntries Timeout, request=fc7af808-7c3b-4e7d-bcd4-16788f7c0c06->80bd91bd-ab17-414e-9fbc-bd509e19448d#65-t1, previous=(t:1, i:10), leaderCommit=6, initializing? false, entries: <empty>
2019-09-17 22:34:35,729 [3de10ab2-5aa8-4456-b48c-00692585ccec@group-BE3E92DB7FF3-SegmentedRaftLogWorker] WARN  segmented.SegmentedRaftLogWorker (SegmentedRaftLogWorker.java:getFromFuture(90)) - Timeout 13/~
org.apache.ratis.protocol.TimeoutIOException: Timeout 10s: WriteLog:7: (t:1, i:7), STATEMACHINELOGENTRY, client-88E348C253ED, cid=21-writeStateMachineData
	at org.apache.ratis.util.IOUtils.getFromFuture(IOUtils.java:87)
	at org.apache.ratis.server.raftlog.segmented.SegmentedRaftLogWorker$StateMachineDataPolicy.getFromFuture(SegmentedRaftLogWorker.java:87)
	at org.apache.ratis.server.raftlog.segmented.SegmentedRaftLogWorker$WriteLog.execute(SegmentedRaftLogWorker.java:477)
	at org.apache.ratis.server.raftlog.segmented.SegmentedRaftLogWorker.run(SegmentedRaftLogWorker.java:289)
	at java.lang.Thread.run(Thread.java:748)
Caused by: java.util.concurrent.TimeoutException
	at java.util.concurrent.CompletableFuture.timedGet(CompletableFuture.java:1771)
	at java.util.concurrent.CompletableFuture.get(CompletableFuture.java:1915)
	at org.apache.ratis.util.IOUtils.getFromFuture(IOUtils.java:79)
	... 4 more
2019-09-17 22:34:35,906 [fc7af808-7c3b-4e7d-bcd4-16788f7c0c06@group-BE3E92DB7FF3-SegmentedRaftLogWorker] WARN  segmented.SegmentedRaftLogWorker (SegmentedRaftLogWorker.java:getFromFuture(90)) - Timeout 13/~
org.apache.ratis.protocol.TimeoutIOException: Timeout 10s: WriteLog:8: (t:1, i:8), STATEMACHINELOGENTRY, client-88E348C253ED, cid=22-writeStateMachineData
	at org.apache.ratis.util.IOUtils.getFromFuture(IOUtils.java:87)
	at org.apache.ratis.server.raftlog.segmented.SegmentedRaftLogWorker$StateMachineDataPolicy.getFromFuture(SegmentedRaftLogWorker.java:87)
	at org.apache.ratis.server.raftlog.segmented.SegmentedRaftLogWorker$WriteLog.execute(SegmentedRaftLogWorker.java:477)
	at org.apache.ratis.server.raftlog.segmented.SegmentedRaftLogWorker.run(SegmentedRaftLogWorker.java:289)
	at java.lang.Thread.run(Thread.java:748)
Caused by: java.util.concurrent.TimeoutException
	at java.util.concurrent.CompletableFuture.timedGet(CompletableFuture.java:1771)
	at java.util.concurrent.CompletableFuture.get(CompletableFuture.java:1915)
	at org.apache.ratis.util.IOUtils.getFromFuture(IOUtils.java:79)
	... 4 more
2019-09-17 22:34:35,918 [80bd91bd-ab17-414e-9fbc-bd509e19448d@group-BE3E92DB7FF3-SegmentedRaftLogWorker] WARN  segmented.SegmentedRaftLogWorker (SegmentedRaftLogWorker.java:getFromFuture(90)) - Timeout 13/~
org.apache.ratis.protocol.TimeoutIOException: Timeout 10s: WriteLog:8: (t:1, i:8), STATEMACHINELOGENTRY, client-88E348C253ED, cid=22-writeStateMachineData
	at org.apache.ratis.util.IOUtils.getFromFuture(IOUtils.java:87)
	at org.apache.ratis.server.raftlog.segmented.SegmentedRaftLogWorker$StateMachineDataPolicy.getFromFuture(SegmentedRaftLogWorker.java:87)
	at org.apache.ratis.server.raftlog.segmented.SegmentedRaftLogWorker$WriteLog.execute(SegmentedRaftLogWorker.java:477)
	at org.apache.ratis.server.raftlog.segmented.SegmentedRaftLogWorker.run(SegmentedRaftLogWorker.java:289)
	at java.lang.Thread.run(Thread.java:748)
Caused by: java.util.concurrent.TimeoutException
	at java.util.concurrent.CompletableFuture.timedGet(CompletableFuture.java:1771)
	at java.util.concurrent.CompletableFuture.get(CompletableFuture.java:1915)
	at org.apache.ratis.util.IOUtils.getFromFuture(IOUtils.java:79)
	... 4 more
2019-09-17 22:34:36,417 [org.apache.ratis.server.impl.LogAppender$AppenderDaemon$$Lambda$486/264626604@2d1ba8b0] ERROR ratis.XceiverServerRatis (XceiverServerRatis.java:triggerPipelineClose(575)) - pipeline Action CLOSE  on pipeline PipelineID=4d8c8784-d1ee-45fb-902d-be3e92db7ff3.Reason : fc7af808-7c3b-4e7d-bcd4-16788f7c0c06 has not seen follower/s 3de10ab2-5aa8-4456-b48c-00692585ccec for 141731ms 80bd91bd-ab17-414e-9fbc-bd509e19448d for 141731ms
2019-09-17 22:34:36,420 [org.apache.ratis.server.impl.LogAppender$AppenderDaemon$$Lambda$486/264626604@2f19d634] ERROR ratis.XceiverServerRatis (XceiverServerRatis.java:triggerPipelineClose(575)) - pipeline Action CLOSE  on pipeline PipelineID=4d8c8784-d1ee-45fb-902d-be3e92db7ff3.Reason : fc7af808-7c3b-4e7d-bcd4-16788f7c0c06 has not seen follower/s 3de10ab2-5aa8-4456-b48c-00692585ccec for 141735ms 80bd91bd-ab17-414e-9fbc-bd509e19448d for 141735ms
2019-09-17 22:34:36,916 [java.util.concurrent.ThreadPoolExecutor$Worker@7e5f243f[State = -1, empty queue]] WARN  server.GrpcLogAppender (GrpcLogAppender.java:timeoutAppendRequest(200)) - fc7af808-7c3b-4e7d-bcd4-16788f7c0c06@group-BE3E92DB7FF3->3de10ab2-5aa8-4456-b48c-00692585ccec-GrpcLogAppender: appendEntries Timeout, request=fc7af808-7c3b-4e7d-bcd4-16788f7c0c06->3de10ab2-5aa8-4456-b48c-00692585ccec#66-t1, previous=(t:1, i:10), leaderCommit=6, initializing? false, entries: <empty>
2019-09-17 22:34:36,919 [java.util.concurrent.ThreadPoolExecutor$Worker@44fdba2a[State = -1, empty queue]] WARN  server.GrpcLogAppender (GrpcLogAppender.java:timeoutAppendRequest(200)) - fc7af808-7c3b-4e7d-bcd4-16788f7c0c06@group-BE3E92DB7FF3->80bd91bd-ab17-414e-9fbc-bd509e19448d-GrpcLogAppender: appendEntries Timeout, request=fc7af808-7c3b-4e7d-bcd4-16788f7c0c06->80bd91bd-ab17-414e-9fbc-bd509e19448d#66-t1, previous=(t:1, i:10), leaderCommit=6, initializing? false, entries: <empty>
2019-09-17 22:34:36,939 [EventQueue-PipelineActionsForPipelineActionHandler] ERROR pipeline.PipelineActionHandler (PipelineActionHandler.java:onMessage(60)) - Received pipeline action CLOSE for Pipeline[ Id: 4d8c8784-d1ee-45fb-902d-be3e92db7ff3, Nodes: 80bd91bd-ab17-414e-9fbc-bd509e19448d{ip: 192.168.5.156, host: pr-hdds-2121-pbfts-3191465506, networkLocation: /default-rack, certSerialId: null}3de10ab2-5aa8-4456-b48c-00692585ccec{ip: 192.168.5.156, host: pr-hdds-2121-pbfts-3191465506, networkLocation: /default-rack, certSerialId: null}fc7af808-7c3b-4e7d-bcd4-16788f7c0c06{ip: 192.168.5.156, host: pr-hdds-2121-pbfts-3191465506, networkLocation: /default-rack, certSerialId: null}, Type:RATIS, Factor:THREE, State:CLOSED] from datanode fc7af808-7c3b-4e7d-bcd4-16788f7c0c06{ip: 192.168.5.156, host: pr-hdds-2121-pbfts-3191465506, networkLocation: /default-rack, certSerialId: null}. Reason : fc7af808-7c3b-4e7d-bcd4-16788f7c0c06 has not seen follower/s 3de10ab2-5aa8-4456-b48c-00692585ccec for 141731ms 80bd91bd-ab17-414e-9fbc-bd509e19448d for 141731ms
2019-09-17 22:34:36,940 [EventQueue-PipelineActionsForPipelineActionHandler] INFO  pipeline.SCMPipelineManager (SCMPipelineManager.java:finalizeAndDestroyPipeline(311)) - destroying pipeline:Pipeline[ Id: 4d8c8784-d1ee-45fb-902d-be3e92db7ff3, Nodes: 80bd91bd-ab17-414e-9fbc-bd509e19448d{ip: 192.168.5.156, host: pr-hdds-2121-pbfts-3191465506, networkLocation: /default-rack, certSerialId: null}3de10ab2-5aa8-4456-b48c-00692585ccec{ip: 192.168.5.156, host: pr-hdds-2121-pbfts-3191465506, networkLocation: /default-rack, certSerialId: null}fc7af808-7c3b-4e7d-bcd4-16788f7c0c06{ip: 192.168.5.156, host: pr-hdds-2121-pbfts-3191465506, networkLocation: /default-rack, certSerialId: null}, Type:RATIS, Factor:THREE, State:CLOSED]
2019-09-17 22:34:37,353 [grpc-default-executor-2] INFO  client.GrpcClientProtocolClient (GrpcClientProtocolClient.java:onNext(264)) - client-88E348C253ED->80bd91bd-ab17-414e-9fbc-bd509e19448d: receive RaftClientReply:client-88E348C253ED->80bd91bd-ab17-414e-9fbc-bd509e19448d@group-BE3E92DB7FF3, cid=21, FAILED org.apache.ratis.protocol.NotLeaderException: Server 80bd91bd-ab17-414e-9fbc-bd509e19448d@group-BE3E92DB7FF3 is not the leader fc7af808-7c3b-4e7d-bcd4-16788f7c0c06:192.168.5.156:38622, logIndex=0, commits[80bd91bd-ab17-414e-9fbc-bd509e19448d:c6, fc7af808-7c3b-4e7d-bcd4-16788f7c0c06:c6, 3de10ab2-5aa8-4456-b48c-00692585ccec:c5]
2019-09-17 22:34:38,918 [org.apache.ratis.server.impl.LogAppender$AppenderDaemon$$Lambda$486/264626604@2d1ba8b0] ERROR ratis.XceiverServerRatis (XceiverServerRatis.java:triggerPipelineClose(575)) - pipeline Action CLOSE  on pipeline PipelineID=4d8c8784-d1ee-45fb-902d-be3e92db7ff3.Reason : fc7af808-7c3b-4e7d-bcd4-16788f7c0c06 has not seen follower/s 3de10ab2-5aa8-4456-b48c-00692585ccec for 144232ms 80bd91bd-ab17-414e-9fbc-bd509e19448d for 144232ms
2019-09-17 22:34:38,922 [org.apache.ratis.server.impl.LogAppender$AppenderDaemon$$Lambda$486/264626604@2f19d634] ERROR ratis.XceiverServerRatis (XceiverServerRatis.java:triggerPipelineClose(575)) - pipeline Action CLOSE  on pipeline PipelineID=4d8c8784-d1ee-45fb-902d-be3e92db7ff3.Reason : fc7af808-7c3b-4e7d-bcd4-16788f7c0c06 has not seen follower/s 3de10ab2-5aa8-4456-b48c-00692585ccec for 144237ms 80bd91bd-ab17-414e-9fbc-bd509e19448d for 144237ms
2019-09-17 22:34:38,940 [EventQueue-PipelineActionsForPipelineActionHandler] ERROR pipeline.PipelineActionHandler (PipelineActionHandler.java:onMessage(60)) - Received pipeline action CLOSE for Pipeline[ Id: 4d8c8784-d1ee-45fb-902d-be3e92db7ff3, Nodes: 80bd91bd-ab17-414e-9fbc-bd509e19448d{ip: 192.168.5.156, host: pr-hdds-2121-pbfts-3191465506, networkLocation: /default-rack, certSerialId: null}3de10ab2-5aa8-4456-b48c-00692585ccec{ip: 192.168.5.156, host: pr-hdds-2121-pbfts-3191465506, networkLocation: /default-rack, certSerialId: null}fc7af808-7c3b-4e7d-bcd4-16788f7c0c06{ip: 192.168.5.156, host: pr-hdds-2121-pbfts-3191465506, networkLocation: /default-rack, certSerialId: null}, Type:RATIS, Factor:THREE, State:CLOSED] from datanode fc7af808-7c3b-4e7d-bcd4-16788f7c0c06{ip: 192.168.5.156, host: pr-hdds-2121-pbfts-3191465506, networkLocation: /default-rack, certSerialId: null}. Reason : fc7af808-7c3b-4e7d-bcd4-16788f7c0c06 has not seen follower/s 3de10ab2-5aa8-4456-b48c-00692585ccec for 144232ms 80bd91bd-ab17-414e-9fbc-bd509e19448d for 144232ms
2019-09-17 22:34:38,940 [EventQueue-PipelineActionsForPipelineActionHandler] INFO  pipeline.SCMPipelineManager (SCMPipelineManager.java:finalizeAndDestroyPipeline(311)) - destroying pipeline:Pipeline[ Id: 4d8c8784-d1ee-45fb-902d-be3e92db7ff3, Nodes: 80bd91bd-ab17-414e-9fbc-bd509e19448d{ip: 192.168.5.156, host: pr-hdds-2121-pbfts-3191465506, networkLocation: /default-rack, certSerialId: null}3de10ab2-5aa8-4456-b48c-00692585ccec{ip: 192.168.5.156, host: pr-hdds-2121-pbfts-3191465506, networkLocation: /default-rack, certSerialId: null}fc7af808-7c3b-4e7d-bcd4-16788f7c0c06{ip: 192.168.5.156, host: pr-hdds-2121-pbfts-3191465506, networkLocation: /default-rack, certSerialId: null}, Type:RATIS, Factor:THREE, State:CLOSED]
2019-09-17 22:34:39,417 [java.util.concurrent.ThreadPoolExecutor$Worker@7e5f243f[State = -1, empty queue]] WARN  server.GrpcLogAppender (GrpcLogAppender.java:timeoutAppendRequest(200)) - fc7af808-7c3b-4e7d-bcd4-16788f7c0c06@group-BE3E92DB7FF3->3de10ab2-5aa8-4456-b48c-00692585ccec-GrpcLogAppender: appendEntries Timeout, request=fc7af808-7c3b-4e7d-bcd4-16788f7c0c06->3de10ab2-5aa8-4456-b48c-00692585ccec#67-t1, previous=(t:1, i:10), leaderCommit=6, initializing? false, entries: <empty>
2019-09-17 22:34:39,420 [java.util.concurrent.ThreadPoolExecutor$Worker@44fdba2a[State = -1, empty queue]] WARN  server.GrpcLogAppender (GrpcLogAppender.java:timeoutAppendRequest(200)) - fc7af808-7c3b-4e7d-bcd4-16788f7c0c06@group-BE3E92DB7FF3->80bd91bd-ab17-414e-9fbc-bd509e19448d-GrpcLogAppender: appendEntries Timeout, request=fc7af808-7c3b-4e7d-bcd4-16788f7c0c06->80bd91bd-ab17-414e-9fbc-bd509e19448d#67-t1, previous=(t:1, i:10), leaderCommit=6, initializing? false, entries: <empty>
2019-09-17 22:34:41,419 [org.apache.ratis.server.impl.LogAppender$AppenderDaemon$$Lambda$486/264626604@2d1ba8b0] ERROR ratis.XceiverServerRatis (XceiverServerRatis.java:triggerPipelineClose(575)) - pipeline Action CLOSE  on pipeline PipelineID=4d8c8784-d1ee-45fb-902d-be3e92db7ff3.Reason : fc7af808-7c3b-4e7d-bcd4-16788f7c0c06 has not seen follower/s 3de10ab2-5aa8-4456-b48c-00692585ccec for 146733ms 80bd91bd-ab17-414e-9fbc-bd509e19448d for 146734ms
2019-09-17 22:34:41,423 [org.apache.ratis.server.impl.LogAppender$AppenderDaemon$$Lambda$486/264626604@2f19d634] ERROR ratis.XceiverServerRatis (XceiverServerRatis.java:triggerPipelineClose(575)) - pipeline Action CLOSE  on pipeline PipelineID=4d8c8784-d1ee-45fb-902d-be3e92db7ff3.Reason : fc7af808-7c3b-4e7d-bcd4-16788f7c0c06 has not seen follower/s 3de10ab2-5aa8-4456-b48c-00692585ccec for 146738ms 80bd91bd-ab17-414e-9fbc-bd509e19448d for 146738ms
2019-09-17 22:34:41,918 [java.util.concurrent.ThreadPoolExecutor$Worker@7e5f243f[State = -1, empty queue]] WARN  server.GrpcLogAppender (GrpcLogAppender.java:timeoutAppendRequest(200)) - fc7af808-7c3b-4e7d-bcd4-16788f7c0c06@group-BE3E92DB7FF3->3de10ab2-5aa8-4456-b48c-00692585ccec-GrpcLogAppender: appendEntries Timeout, request=fc7af808-7c3b-4e7d-bcd4-16788f7c0c06->3de10ab2-5aa8-4456-b48c-00692585ccec#68-t1, previous=(t:1, i:10), leaderCommit=6, initializing? false, entries: <empty>
2019-09-17 22:34:41,922 [java.util.concurrent.ThreadPoolExecutor$Worker@44fdba2a[State = -1, empty queue]] WARN  server.GrpcLogAppender (GrpcLogAppender.java:timeoutAppendRequest(200)) - fc7af808-7c3b-4e7d-bcd4-16788f7c0c06@group-BE3E92DB7FF3->80bd91bd-ab17-414e-9fbc-bd509e19448d-GrpcLogAppender: appendEntries Timeout, request=fc7af808-7c3b-4e7d-bcd4-16788f7c0c06->80bd91bd-ab17-414e-9fbc-bd509e19448d#68-t1, previous=(t:1, i:10), leaderCommit=6, initializing? false, entries: <empty>
2019-09-17 22:34:41,941 [EventQueue-PipelineActionsForPipelineActionHandler] ERROR pipeline.PipelineActionHandler (PipelineActionHandler.java:onMessage(60)) - Received pipeline action CLOSE for Pipeline[ Id: 4d8c8784-d1ee-45fb-902d-be3e92db7ff3, Nodes: 80bd91bd-ab17-414e-9fbc-bd509e19448d{ip: 192.168.5.156, host: pr-hdds-2121-pbfts-3191465506, networkLocation: /default-rack, certSerialId: null}3de10ab2-5aa8-4456-b48c-00692585ccec{ip: 192.168.5.156, host: pr-hdds-2121-pbfts-3191465506, networkLocation: /default-rack, certSerialId: null}fc7af808-7c3b-4e7d-bcd4-16788f7c0c06{ip: 192.168.5.156, host: pr-hdds-2121-pbfts-3191465506, networkLocation: /default-rack, certSerialId: null}, Type:RATIS, Factor:THREE, State:CLOSED] from datanode fc7af808-7c3b-4e7d-bcd4-16788f7c0c06{ip: 192.168.5.156, host: pr-hdds-2121-pbfts-3191465506, networkLocation: /default-rack, certSerialId: null}. Reason : fc7af808-7c3b-4e7d-bcd4-16788f7c0c06 has not seen follower/s 3de10ab2-5aa8-4456-b48c-00692585ccec for 146733ms 80bd91bd-ab17-414e-9fbc-bd509e19448d for 146734ms
2019-09-17 22:34:41,941 [EventQueue-PipelineActionsForPipelineActionHandler] INFO  pipeline.SCMPipelineManager (SCMPipelineManager.java:finalizeAndDestroyPipeline(311)) - destroying pipeline:Pipeline[ Id: 4d8c8784-d1ee-45fb-902d-be3e92db7ff3, Nodes: 80bd91bd-ab17-414e-9fbc-bd509e19448d{ip: 192.168.5.156, host: pr-hdds-2121-pbfts-3191465506, networkLocation: /default-rack, certSerialId: null}3de10ab2-5aa8-4456-b48c-00692585ccec{ip: 192.168.5.156, host: pr-hdds-2121-pbfts-3191465506, networkLocation: /default-rack, certSerialId: null}fc7af808-7c3b-4e7d-bcd4-16788f7c0c06{ip: 192.168.5.156, host: pr-hdds-2121-pbfts-3191465506, networkLocation: /default-rack, certSerialId: null}, Type:RATIS, Factor:THREE, State:CLOSED]
2019-09-17 22:34:42,439 [grpc-default-executor-1] INFO  client.GrpcClientProtocolClient (GrpcClientProtocolClient.java:onNext(264)) - client-88E348C253ED->3de10ab2-5aa8-4456-b48c-00692585ccec: receive RaftClientReply:client-88E348C253ED->3de10ab2-5aa8-4456-b48c-00692585ccec@group-BE3E92DB7FF3, cid=21, FAILED org.apache.ratis.protocol.NotLeaderException: Server 3de10ab2-5aa8-4456-b48c-00692585ccec@group-BE3E92DB7FF3 is not the leader fc7af808-7c3b-4e7d-bcd4-16788f7c0c06:192.168.5.156:38622, logIndex=0, commits[3de10ab2-5aa8-4456-b48c-00692585ccec:c6, fc7af808-7c3b-4e7d-bcd4-16788f7c0c06:c6, 80bd91bd-ab17-414e-9fbc-bd509e19448d:c5]
2019-09-17 22:34:43,920 [org.apache.ratis.server.impl.LogAppender$AppenderDaemon$$Lambda$486/264626604@2d1ba8b0] ERROR ratis.XceiverServerRatis (XceiverServerRatis.java:triggerPipelineClose(575)) - pipeline Action CLOSE  on pipeline PipelineID=4d8c8784-d1ee-45fb-902d-be3e92db7ff3.Reason : fc7af808-7c3b-4e7d-bcd4-16788f7c0c06 has not seen follower/s 3de10ab2-5aa8-4456-b48c-00692585ccec for 149235ms 80bd91bd-ab17-414e-9fbc-bd509e19448d for 149235ms
2019-09-17 22:34:43,924 [org.apache.ratis.server.impl.LogAppender$AppenderDaemon$$Lambda$486/264626604@2f19d634] ERROR ratis.XceiverServerRatis (XceiverServerRatis.java:triggerPipelineClose(575)) - pipeline Action CLOSE  on pipeline PipelineID=4d8c8784-d1ee-45fb-902d-be3e92db7ff3.Reason : fc7af808-7c3b-4e7d-bcd4-16788f7c0c06 has not seen follower/s 3de10ab2-5aa8-4456-b48c-00692585ccec for 149239ms 80bd91bd-ab17-414e-9fbc-bd509e19448d for 149239ms
2019-09-17 22:34:43,940 [EventQueue-PipelineActionsForPipelineActionHandler] ERROR pipeline.PipelineActionHandler (PipelineActionHandler.java:onMessage(60)) - Received pipeline action CLOSE for Pipeline[ Id: 4d8c8784-d1ee-45fb-902d-be3e92db7ff3, Nodes: 80bd91bd-ab17-414e-9fbc-bd509e19448d{ip: 192.168.5.156, host: pr-hdds-2121-pbfts-3191465506, networkLocation: /default-rack, certSerialId: null}3de10ab2-5aa8-4456-b48c-00692585ccec{ip: 192.168.5.156, host: pr-hdds-2121-pbfts-3191465506, networkLocation: /default-rack, certSerialId: null}fc7af808-7c3b-4e7d-bcd4-16788f7c0c06{ip: 192.168.5.156, host: pr-hdds-2121-pbfts-3191465506, networkLocation: /default-rack, certSerialId: null}, Type:RATIS, Factor:THREE, State:CLOSED] from datanode fc7af808-7c3b-4e7d-bcd4-16788f7c0c06{ip: 192.168.5.156, host: pr-hdds-2121-pbfts-3191465506, networkLocation: /default-rack, certSerialId: null}. Reason : fc7af808-7c3b-4e7d-bcd4-16788f7c0c06 has not seen follower/s 3de10ab2-5aa8-4456-b48c-00692585ccec for 149235ms 80bd91bd-ab17-414e-9fbc-bd509e19448d for 149235ms
2019-09-17 22:34:43,941 [EventQueue-PipelineActionsForPipelineActionHandler] INFO  pipeline.SCMPipelineManager (SCMPipelineManager.java:finalizeAndDestroyPipeline(311)) - destroying pipeline:Pipeline[ Id: 4d8c8784-d1ee-45fb-902d-be3e92db7ff3, Nodes: 80bd91bd-ab17-414e-9fbc-bd509e19448d{ip: 192.168.5.156, host: pr-hdds-2121-pbfts-3191465506, networkLocation: /default-rack, certSerialId: null}3de10ab2-5aa8-4456-b48c-00692585ccec{ip: 192.168.5.156, host: pr-hdds-2121-pbfts-3191465506, networkLocation: /default-rack, certSerialId: null}fc7af808-7c3b-4e7d-bcd4-16788f7c0c06{ip: 192.168.5.156, host: pr-hdds-2121-pbfts-3191465506, networkLocation: /default-rack, certSerialId: null}, Type:RATIS, Factor:THREE, State:CLOSED]
2019-09-17 22:34:44,419 [java.util.concurrent.ThreadPoolExecutor$Worker@7e5f243f[State = -1, empty queue]] WARN  server.GrpcLogAppender (GrpcLogAppender.java:timeoutAppendRequest(200)) - fc7af808-7c3b-4e7d-bcd4-16788f7c0c06@group-BE3E92DB7FF3->3de10ab2-5aa8-4456-b48c-00692585ccec-GrpcLogAppender: appendEntries Timeout, request=fc7af808-7c3b-4e7d-bcd4-16788f7c0c06->3de10ab2-5aa8-4456-b48c-00692585ccec#69-t1, previous=(t:1, i:10), leaderCommit=6, initializing? false, entries: <empty>
2019-09-17 22:34:44,423 [java.util.concurrent.ThreadPoolExecutor$Worker@44fdba2a[State = -1, empty queue]] WARN  server.GrpcLogAppender (GrpcLogAppender.java:timeoutAppendRequest(200)) - fc7af808-7c3b-4e7d-bcd4-16788f7c0c06@group-BE3E92DB7FF3->80bd91bd-ab17-414e-9fbc-bd509e19448d-GrpcLogAppender: appendEntries Timeout, request=fc7af808-7c3b-4e7d-bcd4-16788f7c0c06->80bd91bd-ab17-414e-9fbc-bd509e19448d#69-t1, previous=(t:1, i:10), leaderCommit=6, initializing? false, entries: <empty>
2019-09-17 22:34:45,730 [3de10ab2-5aa8-4456-b48c-00692585ccec@group-BE3E92DB7FF3-SegmentedRaftLogWorker] WARN  segmented.SegmentedRaftLogWorker (SegmentedRaftLogWorker.java:getFromFuture(90)) - Timeout 14/~
org.apache.ratis.protocol.TimeoutIOException: Timeout 10s: WriteLog:7: (t:1, i:7), STATEMACHINELOGENTRY, client-88E348C253ED, cid=21-writeStateMachineData
	at org.apache.ratis.util.IOUtils.getFromFuture(IOUtils.java:87)
	at org.apache.ratis.server.raftlog.segmented.SegmentedRaftLogWorker$StateMachineDataPolicy.getFromFuture(SegmentedRaftLogWorker.java:87)
	at org.apache.ratis.server.raftlog.segmented.SegmentedRaftLogWorker$WriteLog.execute(SegmentedRaftLogWorker.java:477)
	at org.apache.ratis.server.raftlog.segmented.SegmentedRaftLogWorker.run(SegmentedRaftLogWorker.java:289)
	at java.lang.Thread.run(Thread.java:748)
Caused by: java.util.concurrent.TimeoutException
	at java.util.concurrent.CompletableFuture.timedGet(CompletableFuture.java:1771)
	at java.util.concurrent.CompletableFuture.get(CompletableFuture.java:1915)
	at org.apache.ratis.util.IOUtils.getFromFuture(IOUtils.java:79)
	... 4 more
2019-09-17 22:34:45,906 [fc7af808-7c3b-4e7d-bcd4-16788f7c0c06@group-BE3E92DB7FF3-SegmentedRaftLogWorker] WARN  segmented.SegmentedRaftLogWorker (SegmentedRaftLogWorker.java:getFromFuture(90)) - Timeout 14/~
org.apache.ratis.protocol.TimeoutIOException: Timeout 10s: WriteLog:8: (t:1, i:8), STATEMACHINELOGENTRY, client-88E348C253ED, cid=22-writeStateMachineData
	at org.apache.ratis.util.IOUtils.getFromFuture(IOUtils.java:87)
	at org.apache.ratis.server.raftlog.segmented.SegmentedRaftLogWorker$StateMachineDataPolicy.getFromFuture(SegmentedRaftLogWorker.java:87)
	at org.apache.ratis.server.raftlog.segmented.SegmentedRaftLogWorker$WriteLog.execute(SegmentedRaftLogWorker.java:477)
	at org.apache.ratis.server.raftlog.segmented.SegmentedRaftLogWorker.run(SegmentedRaftLogWorker.java:289)
	at java.lang.Thread.run(Thread.java:748)
Caused by: java.util.concurrent.TimeoutException
	at java.util.concurrent.CompletableFuture.timedGet(CompletableFuture.java:1771)
	at java.util.concurrent.CompletableFuture.get(CompletableFuture.java:1915)
	at org.apache.ratis.util.IOUtils.getFromFuture(IOUtils.java:79)
	... 4 more
2019-09-17 22:34:45,918 [80bd91bd-ab17-414e-9fbc-bd509e19448d@group-BE3E92DB7FF3-SegmentedRaftLogWorker] WARN  segmented.SegmentedRaftLogWorker (SegmentedRaftLogWorker.java:getFromFuture(90)) - Timeout 14/~
org.apache.ratis.protocol.TimeoutIOException: Timeout 10s: WriteLog:8: (t:1, i:8), STATEMACHINELOGENTRY, client-88E348C253ED, cid=22-writeStateMachineData
	at org.apache.ratis.util.IOUtils.getFromFuture(IOUtils.java:87)
	at org.apache.ratis.server.raftlog.segmented.SegmentedRaftLogWorker$StateMachineDataPolicy.getFromFuture(SegmentedRaftLogWorker.java:87)
	at org.apache.ratis.server.raftlog.segmented.SegmentedRaftLogWorker$WriteLog.execute(SegmentedRaftLogWorker.java:477)
	at org.apache.ratis.server.raftlog.segmented.SegmentedRaftLogWorker.run(SegmentedRaftLogWorker.java:289)
	at java.lang.Thread.run(Thread.java:748)
Caused by: java.util.concurrent.TimeoutException
	at java.util.concurrent.CompletableFuture.timedGet(CompletableFuture.java:1771)
	at java.util.concurrent.CompletableFuture.get(CompletableFuture.java:1915)
	at org.apache.ratis.util.IOUtils.getFromFuture(IOUtils.java:79)
	... 4 more
2019-09-17 22:34:46,421 [org.apache.ratis.server.impl.LogAppender$AppenderDaemon$$Lambda$486/264626604@2d1ba8b0] ERROR ratis.XceiverServerRatis (XceiverServerRatis.java:triggerPipelineClose(575)) - pipeline Action CLOSE  on pipeline PipelineID=4d8c8784-d1ee-45fb-902d-be3e92db7ff3.Reason : fc7af808-7c3b-4e7d-bcd4-16788f7c0c06 has not seen follower/s 3de10ab2-5aa8-4456-b48c-00692585ccec for 151736ms 80bd91bd-ab17-414e-9fbc-bd509e19448d for 151736ms
2019-09-17 22:34:46,425 [org.apache.ratis.server.impl.LogAppender$AppenderDaemon$$Lambda$486/264626604@2f19d634] ERROR ratis.XceiverServerRatis (XceiverServerRatis.java:triggerPipelineClose(575)) - pipeline Action CLOSE  on pipeline PipelineID=4d8c8784-d1ee-45fb-902d-be3e92db7ff3.Reason : fc7af808-7c3b-4e7d-bcd4-16788f7c0c06 has not seen follower/s 3de10ab2-5aa8-4456-b48c-00692585ccec for 151739ms 80bd91bd-ab17-414e-9fbc-bd509e19448d for 151739ms
2019-09-17 22:34:46,920 [java.util.concurrent.ThreadPoolExecutor$Worker@7e5f243f[State = -1, empty queue]] WARN  server.GrpcLogAppender (GrpcLogAppender.java:timeoutAppendRequest(200)) - fc7af808-7c3b-4e7d-bcd4-16788f7c0c06@group-BE3E92DB7FF3->3de10ab2-5aa8-4456-b48c-00692585ccec-GrpcLogAppender: appendEntries Timeout, request=fc7af808-7c3b-4e7d-bcd4-16788f7c0c06->3de10ab2-5aa8-4456-b48c-00692585ccec#70-t1, previous=(t:1, i:10), leaderCommit=6, initializing? false, entries: <empty>
2019-09-17 22:34:46,924 [java.util.concurrent.ThreadPoolExecutor$Worker@44fdba2a[State = -1, empty queue]] WARN  server.GrpcLogAppender (GrpcLogAppender.java:timeoutAppendRequest(200)) - fc7af808-7c3b-4e7d-bcd4-16788f7c0c06@group-BE3E92DB7FF3->80bd91bd-ab17-414e-9fbc-bd509e19448d-GrpcLogAppender: appendEntries Timeout, request=fc7af808-7c3b-4e7d-bcd4-16788f7c0c06->80bd91bd-ab17-414e-9fbc-bd509e19448d#70-t1, previous=(t:1, i:10), leaderCommit=6, initializing? false, entries: <empty>
2019-09-17 22:34:46,941 [EventQueue-PipelineActionsForPipelineActionHandler] ERROR pipeline.PipelineActionHandler (PipelineActionHandler.java:onMessage(60)) - Received pipeline action CLOSE for Pipeline[ Id: 4d8c8784-d1ee-45fb-902d-be3e92db7ff3, Nodes: 80bd91bd-ab17-414e-9fbc-bd509e19448d{ip: 192.168.5.156, host: pr-hdds-2121-pbfts-3191465506, networkLocation: /default-rack, certSerialId: null}3de10ab2-5aa8-4456-b48c-00692585ccec{ip: 192.168.5.156, host: pr-hdds-2121-pbfts-3191465506, networkLocation: /default-rack, certSerialId: null}fc7af808-7c3b-4e7d-bcd4-16788f7c0c06{ip: 192.168.5.156, host: pr-hdds-2121-pbfts-3191465506, networkLocation: /default-rack, certSerialId: null}, Type:RATIS, Factor:THREE, State:CLOSED] from datanode fc7af808-7c3b-4e7d-bcd4-16788f7c0c06{ip: 192.168.5.156, host: pr-hdds-2121-pbfts-3191465506, networkLocation: /default-rack, certSerialId: null}. Reason : fc7af808-7c3b-4e7d-bcd4-16788f7c0c06 has not seen follower/s 3de10ab2-5aa8-4456-b48c-00692585ccec for 151736ms 80bd91bd-ab17-414e-9fbc-bd509e19448d for 151736ms
2019-09-17 22:34:46,941 [EventQueue-PipelineActionsForPipelineActionHandler] INFO  pipeline.SCMPipelineManager (SCMPipelineManager.java:finalizeAndDestroyPipeline(311)) - destroying pipeline:Pipeline[ Id: 4d8c8784-d1ee-45fb-902d-be3e92db7ff3, Nodes: 80bd91bd-ab17-414e-9fbc-bd509e19448d{ip: 192.168.5.156, host: pr-hdds-2121-pbfts-3191465506, networkLocation: /default-rack, certSerialId: null}3de10ab2-5aa8-4456-b48c-00692585ccec{ip: 192.168.5.156, host: pr-hdds-2121-pbfts-3191465506, networkLocation: /default-rack, certSerialId: null}fc7af808-7c3b-4e7d-bcd4-16788f7c0c06{ip: 192.168.5.156, host: pr-hdds-2121-pbfts-3191465506, networkLocation: /default-rack, certSerialId: null}, Type:RATIS, Factor:THREE, State:CLOSED]
2019-09-17 22:34:47,516 [grpc-default-executor-1] INFO  client.GrpcClientProtocolClient (GrpcClientProtocolClient.java:onNext(264)) - client-88E348C253ED->3de10ab2-5aa8-4456-b48c-00692585ccec: receive RaftClientReply:client-88E348C253ED->3de10ab2-5aa8-4456-b48c-00692585ccec@group-BE3E92DB7FF3, cid=21, FAILED org.apache.ratis.protocol.NotLeaderException: Server 3de10ab2-5aa8-4456-b48c-00692585ccec@group-BE3E92DB7FF3 is not the leader fc7af808-7c3b-4e7d-bcd4-16788f7c0c06:192.168.5.156:38622, logIndex=0, commits[3de10ab2-5aa8-4456-b48c-00692585ccec:c6, fc7af808-7c3b-4e7d-bcd4-16788f7c0c06:c6, 80bd91bd-ab17-414e-9fbc-bd509e19448d:c5]
2019-09-17 22:34:48,922 [org.apache.ratis.server.impl.LogAppender$AppenderDaemon$$Lambda$486/264626604@2d1ba8b0] ERROR ratis.XceiverServerRatis (XceiverServerRatis.java:triggerPipelineClose(575)) - pipeline Action CLOSE  on pipeline PipelineID=4d8c8784-d1ee-45fb-902d-be3e92db7ff3.Reason : fc7af808-7c3b-4e7d-bcd4-16788f7c0c06 has not seen follower/s 3de10ab2-5aa8-4456-b48c-00692585ccec for 154237ms 80bd91bd-ab17-414e-9fbc-bd509e19448d for 154237ms
2019-09-17 22:34:48,925 [org.apache.ratis.server.impl.LogAppender$AppenderDaemon$$Lambda$486/264626604@2f19d634] ERROR ratis.XceiverServerRatis (XceiverServerRatis.java:triggerPipelineClose(575)) - pipeline Action CLOSE  on pipeline PipelineID=4d8c8784-d1ee-45fb-902d-be3e92db7ff3.Reason : fc7af808-7c3b-4e7d-bcd4-16788f7c0c06 has not seen follower/s 3de10ab2-5aa8-4456-b48c-00692585ccec for 154240ms 80bd91bd-ab17-414e-9fbc-bd509e19448d for 154240ms
2019-09-17 22:34:48,940 [EventQueue-PipelineActionsForPipelineActionHandler] ERROR pipeline.PipelineActionHandler (PipelineActionHandler.java:onMessage(60)) - Received pipeline action CLOSE for Pipeline[ Id: 4d8c8784-d1ee-45fb-902d-be3e92db7ff3, Nodes: 80bd91bd-ab17-414e-9fbc-bd509e19448d{ip: 192.168.5.156, host: pr-hdds-2121-pbfts-3191465506, networkLocation: /default-rack, certSerialId: null}3de10ab2-5aa8-4456-b48c-00692585ccec{ip: 192.168.5.156, host: pr-hdds-2121-pbfts-3191465506, networkLocation: /default-rack, certSerialId: null}fc7af808-7c3b-4e7d-bcd4-16788f7c0c06{ip: 192.168.5.156, host: pr-hdds-2121-pbfts-3191465506, networkLocation: /default-rack, certSerialId: null}, Type:RATIS, Factor:THREE, State:CLOSED] from datanode fc7af808-7c3b-4e7d-bcd4-16788f7c0c06{ip: 192.168.5.156, host: pr-hdds-2121-pbfts-3191465506, networkLocation: /default-rack, certSerialId: null}. Reason : fc7af808-7c3b-4e7d-bcd4-16788f7c0c06 has not seen follower/s 3de10ab2-5aa8-4456-b48c-00692585ccec for 154237ms 80bd91bd-ab17-414e-9fbc-bd509e19448d for 154237ms
2019-09-17 22:34:48,940 [EventQueue-PipelineActionsForPipelineActionHandler] INFO  pipeline.SCMPipelineManager (SCMPipelineManager.java:finalizeAndDestroyPipeline(311)) - destroying pipeline:Pipeline[ Id: 4d8c8784-d1ee-45fb-902d-be3e92db7ff3, Nodes: 80bd91bd-ab17-414e-9fbc-bd509e19448d{ip: 192.168.5.156, host: pr-hdds-2121-pbfts-3191465506, networkLocation: /default-rack, certSerialId: null}3de10ab2-5aa8-4456-b48c-00692585ccec{ip: 192.168.5.156, host: pr-hdds-2121-pbfts-3191465506, networkLocation: /default-rack, certSerialId: null}fc7af808-7c3b-4e7d-bcd4-16788f7c0c06{ip: 192.168.5.156, host: pr-hdds-2121-pbfts-3191465506, networkLocation: /default-rack, certSerialId: null}, Type:RATIS, Factor:THREE, State:CLOSED]
2019-09-17 22:34:49,421 [java.util.concurrent.ThreadPoolExecutor$Worker@7e5f243f[State = -1, empty queue]] WARN  server.GrpcLogAppender (GrpcLogAppender.java:timeoutAppendRequest(200)) - fc7af808-7c3b-4e7d-bcd4-16788f7c0c06@group-BE3E92DB7FF3->3de10ab2-5aa8-4456-b48c-00692585ccec-GrpcLogAppender: appendEntries Timeout, request=fc7af808-7c3b-4e7d-bcd4-16788f7c0c06->3de10ab2-5aa8-4456-b48c-00692585ccec#71-t1, previous=(t:1, i:10), leaderCommit=6, initializing? false, entries: <empty>
2019-09-17 22:34:49,425 [java.util.concurrent.ThreadPoolExecutor$Worker@44fdba2a[State = -1, empty queue]] WARN  server.GrpcLogAppender (GrpcLogAppender.java:timeoutAppendRequest(200)) - fc7af808-7c3b-4e7d-bcd4-16788f7c0c06@group-BE3E92DB7FF3->80bd91bd-ab17-414e-9fbc-bd509e19448d-GrpcLogAppender: appendEntries Timeout, request=fc7af808-7c3b-4e7d-bcd4-16788f7c0c06->80bd91bd-ab17-414e-9fbc-bd509e19448d#71-t1, previous=(t:1, i:10), leaderCommit=6, initializing? false, entries: <empty>
2019-09-17 22:34:51,425 [org.apache.ratis.server.impl.LogAppender$AppenderDaemon$$Lambda$486/264626604@2d1ba8b0] ERROR ratis.XceiverServerRatis (XceiverServerRatis.java:triggerPipelineClose(575)) - pipeline Action CLOSE  on pipeline PipelineID=4d8c8784-d1ee-45fb-902d-be3e92db7ff3.Reason : fc7af808-7c3b-4e7d-bcd4-16788f7c0c06 has not seen follower/s 3de10ab2-5aa8-4456-b48c-00692585ccec for 156739ms 80bd91bd-ab17-414e-9fbc-bd509e19448d for 156739ms
2019-09-17 22:34:51,426 [org.apache.ratis.server.impl.LogAppender$AppenderDaemon$$Lambda$486/264626604@2f19d634] ERROR ratis.XceiverServerRatis (XceiverServerRatis.java:triggerPipelineClose(575)) - pipeline Action CLOSE  on pipeline PipelineID=4d8c8784-d1ee-45fb-902d-be3e92db7ff3.Reason : fc7af808-7c3b-4e7d-bcd4-16788f7c0c06 has not seen follower/s 3de10ab2-5aa8-4456-b48c-00692585ccec for 156741ms 80bd91bd-ab17-414e-9fbc-bd509e19448d for 156741ms
2019-09-17 22:34:51,922 [java.util.concurrent.ThreadPoolExecutor$Worker@7e5f243f[State = -1, empty queue]] WARN  server.GrpcLogAppender (GrpcLogAppender.java:timeoutAppendRequest(200)) - fc7af808-7c3b-4e7d-bcd4-16788f7c0c06@group-BE3E92DB7FF3->3de10ab2-5aa8-4456-b48c-00692585ccec-GrpcLogAppender: appendEntries Timeout, request=fc7af808-7c3b-4e7d-bcd4-16788f7c0c06->3de10ab2-5aa8-4456-b48c-00692585ccec#72-t1, previous=(t:1, i:10), leaderCommit=6, initializing? false, entries: <empty>
2019-09-17 22:34:51,926 [java.util.concurrent.ThreadPoolExecutor$Worker@44fdba2a[State = -1, empty queue]] WARN  server.GrpcLogAppender (GrpcLogAppender.java:timeoutAppendRequest(200)) - fc7af808-7c3b-4e7d-bcd4-16788f7c0c06@group-BE3E92DB7FF3->80bd91bd-ab17-414e-9fbc-bd509e19448d-GrpcLogAppender: appendEntries Timeout, request=fc7af808-7c3b-4e7d-bcd4-16788f7c0c06->80bd91bd-ab17-414e-9fbc-bd509e19448d#72-t1, previous=(t:1, i:10), leaderCommit=6, initializing? false, entries: <empty>
2019-09-17 22:34:51,941 [EventQueue-PipelineActionsForPipelineActionHandler] ERROR pipeline.PipelineActionHandler (PipelineActionHandler.java:onMessage(60)) - Received pipeline action CLOSE for Pipeline[ Id: 4d8c8784-d1ee-45fb-902d-be3e92db7ff3, Nodes: 80bd91bd-ab17-414e-9fbc-bd509e19448d{ip: 192.168.5.156, host: pr-hdds-2121-pbfts-3191465506, networkLocation: /default-rack, certSerialId: null}3de10ab2-5aa8-4456-b48c-00692585ccec{ip: 192.168.5.156, host: pr-hdds-2121-pbfts-3191465506, networkLocation: /default-rack, certSerialId: null}fc7af808-7c3b-4e7d-bcd4-16788f7c0c06{ip: 192.168.5.156, host: pr-hdds-2121-pbfts-3191465506, networkLocation: /default-rack, certSerialId: null}, Type:RATIS, Factor:THREE, State:CLOSED] from datanode fc7af808-7c3b-4e7d-bcd4-16788f7c0c06{ip: 192.168.5.156, host: pr-hdds-2121-pbfts-3191465506, networkLocation: /default-rack, certSerialId: null}. Reason : fc7af808-7c3b-4e7d-bcd4-16788f7c0c06 has not seen follower/s 3de10ab2-5aa8-4456-b48c-00692585ccec for 156739ms 80bd91bd-ab17-414e-9fbc-bd509e19448d for 156739ms
2019-09-17 22:34:51,941 [EventQueue-PipelineActionsForPipelineActionHandler] INFO  pipeline.SCMPipelineManager (SCMPipelineManager.java:finalizeAndDestroyPipeline(311)) - destroying pipeline:Pipeline[ Id: 4d8c8784-d1ee-45fb-902d-be3e92db7ff3, Nodes: 80bd91bd-ab17-414e-9fbc-bd509e19448d{ip: 192.168.5.156, host: pr-hdds-2121-pbfts-3191465506, networkLocation: /default-rack, certSerialId: null}3de10ab2-5aa8-4456-b48c-00692585ccec{ip: 192.168.5.156, host: pr-hdds-2121-pbfts-3191465506, networkLocation: /default-rack, certSerialId: null}fc7af808-7c3b-4e7d-bcd4-16788f7c0c06{ip: 192.168.5.156, host: pr-hdds-2121-pbfts-3191465506, networkLocation: /default-rack, certSerialId: null}, Type:RATIS, Factor:THREE, State:CLOSED]
2019-09-17 22:34:52,566 [grpc-default-executor-4] INFO  client.GrpcClientProtocolClient (GrpcClientProtocolClient.java:onNext(264)) - client-88E348C253ED->80bd91bd-ab17-414e-9fbc-bd509e19448d: receive RaftClientReply:client-88E348C253ED->80bd91bd-ab17-414e-9fbc-bd509e19448d@group-BE3E92DB7FF3, cid=21, FAILED org.apache.ratis.protocol.NotLeaderException: Server 80bd91bd-ab17-414e-9fbc-bd509e19448d@group-BE3E92DB7FF3 is not the leader fc7af808-7c3b-4e7d-bcd4-16788f7c0c06:192.168.5.156:38622, logIndex=0, commits[80bd91bd-ab17-414e-9fbc-bd509e19448d:c6, fc7af808-7c3b-4e7d-bcd4-16788f7c0c06:c6, 3de10ab2-5aa8-4456-b48c-00692585ccec:c5]
2019-09-17 22:34:53,926 [org.apache.ratis.server.impl.LogAppender$AppenderDaemon$$Lambda$486/264626604@2d1ba8b0] ERROR ratis.XceiverServerRatis (XceiverServerRatis.java:triggerPipelineClose(575)) - pipeline Action CLOSE  on pipeline PipelineID=4d8c8784-d1ee-45fb-902d-be3e92db7ff3.Reason : fc7af808-7c3b-4e7d-bcd4-16788f7c0c06 has not seen follower/s 3de10ab2-5aa8-4456-b48c-00692585ccec for 159240ms 80bd91bd-ab17-414e-9fbc-bd509e19448d for 159240ms
2019-09-17 22:34:53,927 [org.apache.ratis.server.impl.LogAppender$AppenderDaemon$$Lambda$486/264626604@2f19d634] ERROR ratis.XceiverServerRatis (XceiverServerRatis.java:triggerPipelineClose(575)) - pipeline Action CLOSE  on pipeline PipelineID=4d8c8784-d1ee-45fb-902d-be3e92db7ff3.Reason : fc7af808-7c3b-4e7d-bcd4-16788f7c0c06 has not seen follower/s 3de10ab2-5aa8-4456-b48c-00692585ccec for 159242ms 80bd91bd-ab17-414e-9fbc-bd509e19448d for 159242ms
2019-09-17 22:34:53,941 [EventQueue-PipelineActionsForPipelineActionHandler] ERROR pipeline.PipelineActionHandler (PipelineActionHandler.java:onMessage(60)) - Received pipeline action CLOSE for Pipeline[ Id: 4d8c8784-d1ee-45fb-902d-be3e92db7ff3, Nodes: 80bd91bd-ab17-414e-9fbc-bd509e19448d{ip: 192.168.5.156, host: pr-hdds-2121-pbfts-3191465506, networkLocation: /default-rack, certSerialId: null}3de10ab2-5aa8-4456-b48c-00692585ccec{ip: 192.168.5.156, host: pr-hdds-2121-pbfts-3191465506, networkLocation: /default-rack, certSerialId: null}fc7af808-7c3b-4e7d-bcd4-16788f7c0c06{ip: 192.168.5.156, host: pr-hdds-2121-pbfts-3191465506, networkLocation: /default-rack, certSerialId: null}, Type:RATIS, Factor:THREE, State:CLOSED] from datanode fc7af808-7c3b-4e7d-bcd4-16788f7c0c06{ip: 192.168.5.156, host: pr-hdds-2121-pbfts-3191465506, networkLocation: /default-rack, certSerialId: null}. Reason : fc7af808-7c3b-4e7d-bcd4-16788f7c0c06 has not seen follower/s 3de10ab2-5aa8-4456-b48c-00692585ccec for 159240ms 80bd91bd-ab17-414e-9fbc-bd509e19448d for 159240ms
2019-09-17 22:34:53,941 [EventQueue-PipelineActionsForPipelineActionHandler] INFO  pipeline.SCMPipelineManager (SCMPipelineManager.java:finalizeAndDestroyPipeline(311)) - destroying pipeline:Pipeline[ Id: 4d8c8784-d1ee-45fb-902d-be3e92db7ff3, Nodes: 80bd91bd-ab17-414e-9fbc-bd509e19448d{ip: 192.168.5.156, host: pr-hdds-2121-pbfts-3191465506, networkLocation: /default-rack, certSerialId: null}3de10ab2-5aa8-4456-b48c-00692585ccec{ip: 192.168.5.156, host: pr-hdds-2121-pbfts-3191465506, networkLocation: /default-rack, certSerialId: null}fc7af808-7c3b-4e7d-bcd4-16788f7c0c06{ip: 192.168.5.156, host: pr-hdds-2121-pbfts-3191465506, networkLocation: /default-rack, certSerialId: null}, Type:RATIS, Factor:THREE, State:CLOSED]
2019-09-17 22:34:54,424 [java.util.concurrent.ThreadPoolExecutor$Worker@7e5f243f[State = -1, empty queue]] WARN  server.GrpcLogAppender (GrpcLogAppender.java:timeoutAppendRequest(200)) - fc7af808-7c3b-4e7d-bcd4-16788f7c0c06@group-BE3E92DB7FF3->3de10ab2-5aa8-4456-b48c-00692585ccec-GrpcLogAppender: appendEntries Timeout, request=fc7af808-7c3b-4e7d-bcd4-16788f7c0c06->3de10ab2-5aa8-4456-b48c-00692585ccec#73-t1, previous=(t:1, i:10), leaderCommit=6, initializing? false, entries: <empty>
2019-09-17 22:34:54,426 [java.util.concurrent.ThreadPoolExecutor$Worker@44fdba2a[State = -1, empty queue]] WARN  server.GrpcLogAppender (GrpcLogAppender.java:timeoutAppendRequest(200)) - fc7af808-7c3b-4e7d-bcd4-16788f7c0c06@group-BE3E92DB7FF3->80bd91bd-ab17-414e-9fbc-bd509e19448d-GrpcLogAppender: appendEntries Timeout, request=fc7af808-7c3b-4e7d-bcd4-16788f7c0c06->80bd91bd-ab17-414e-9fbc-bd509e19448d#73-t1, previous=(t:1, i:10), leaderCommit=6, initializing? false, entries: <empty>
2019-09-17 22:34:55,732 [3de10ab2-5aa8-4456-b48c-00692585ccec@group-BE3E92DB7FF3-SegmentedRaftLogWorker] WARN  segmented.SegmentedRaftLogWorker (SegmentedRaftLogWorker.java:getFromFuture(90)) - Timeout 15/~
org.apache.ratis.protocol.TimeoutIOException: Timeout 10s: WriteLog:7: (t:1, i:7), STATEMACHINELOGENTRY, client-88E348C253ED, cid=21-writeStateMachineData
	at org.apache.ratis.util.IOUtils.getFromFuture(IOUtils.java:87)
	at org.apache.ratis.server.raftlog.segmented.SegmentedRaftLogWorker$StateMachineDataPolicy.getFromFuture(SegmentedRaftLogWorker.java:87)
	at org.apache.ratis.server.raftlog.segmented.SegmentedRaftLogWorker$WriteLog.execute(SegmentedRaftLogWorker.java:477)
	at org.apache.ratis.server.raftlog.segmented.SegmentedRaftLogWorker.run(SegmentedRaftLogWorker.java:289)
	at java.lang.Thread.run(Thread.java:748)
Caused by: java.util.concurrent.TimeoutException
	at java.util.concurrent.CompletableFuture.timedGet(CompletableFuture.java:1771)
	at java.util.concurrent.CompletableFuture.get(CompletableFuture.java:1915)
	at org.apache.ratis.util.IOUtils.getFromFuture(IOUtils.java:79)
	... 4 more
2019-09-17 22:34:55,907 [fc7af808-7c3b-4e7d-bcd4-16788f7c0c06@group-BE3E92DB7FF3-SegmentedRaftLogWorker] WARN  segmented.SegmentedRaftLogWorker (SegmentedRaftLogWorker.java:getFromFuture(90)) - Timeout 15/~
org.apache.ratis.protocol.TimeoutIOException: Timeout 10s: WriteLog:8: (t:1, i:8), STATEMACHINELOGENTRY, client-88E348C253ED, cid=22-writeStateMachineData
	at org.apache.ratis.util.IOUtils.getFromFuture(IOUtils.java:87)
	at org.apache.ratis.server.raftlog.segmented.SegmentedRaftLogWorker$StateMachineDataPolicy.getFromFuture(SegmentedRaftLogWorker.java:87)
	at org.apache.ratis.server.raftlog.segmented.SegmentedRaftLogWorker$WriteLog.execute(SegmentedRaftLogWorker.java:477)
	at org.apache.ratis.server.raftlog.segmented.SegmentedRaftLogWorker.run(SegmentedRaftLogWorker.java:289)
	at java.lang.Thread.run(Thread.java:748)
Caused by: java.util.concurrent.TimeoutException
	at java.util.concurrent.CompletableFuture.timedGet(CompletableFuture.java:1771)
	at java.util.concurrent.CompletableFuture.get(CompletableFuture.java:1915)
	at org.apache.ratis.util.IOUtils.getFromFuture(IOUtils.java:79)
	... 4 more
2019-09-17 22:34:55,927 [80bd91bd-ab17-414e-9fbc-bd509e19448d@group-BE3E92DB7FF3-SegmentedRaftLogWorker] WARN  segmented.SegmentedRaftLogWorker (SegmentedRaftLogWorker.java:getFromFuture(90)) - Timeout 15/~
org.apache.ratis.protocol.TimeoutIOException: Timeout 10s: WriteLog:8: (t:1, i:8), STATEMACHINELOGENTRY, client-88E348C253ED, cid=22-writeStateMachineData
	at org.apache.ratis.util.IOUtils.getFromFuture(IOUtils.java:87)
	at org.apache.ratis.server.raftlog.segmented.SegmentedRaftLogWorker$StateMachineDataPolicy.getFromFuture(SegmentedRaftLogWorker.java:87)
	at org.apache.ratis.server.raftlog.segmented.SegmentedRaftLogWorker$WriteLog.execute(SegmentedRaftLogWorker.java:477)
	at org.apache.ratis.server.raftlog.segmented.SegmentedRaftLogWorker.run(SegmentedRaftLogWorker.java:289)
	at java.lang.Thread.run(Thread.java:748)
Caused by: java.util.concurrent.TimeoutException
	at java.util.concurrent.CompletableFuture.timedGet(CompletableFuture.java:1771)
	at java.util.concurrent.CompletableFuture.get(CompletableFuture.java:1915)
	at org.apache.ratis.util.IOUtils.getFromFuture(IOUtils.java:79)
	... 4 more
2019-09-17 22:34:56,427 [org.apache.ratis.server.impl.LogAppender$AppenderDaemon$$Lambda$486/264626604@2d1ba8b0] ERROR ratis.XceiverServerRatis (XceiverServerRatis.java:triggerPipelineClose(575)) - pipeline Action CLOSE  on pipeline PipelineID=4d8c8784-d1ee-45fb-902d-be3e92db7ff3.Reason : fc7af808-7c3b-4e7d-bcd4-16788f7c0c06 has not seen follower/s 3de10ab2-5aa8-4456-b48c-00692585ccec for 161741ms 80bd91bd-ab17-414e-9fbc-bd509e19448d for 161741ms
2019-09-17 22:34:56,428 [org.apache.ratis.server.impl.LogAppender$AppenderDaemon$$Lambda$486/264626604@2f19d634] ERROR ratis.XceiverServerRatis (XceiverServerRatis.java:triggerPipelineClose(575)) - pipeline Action CLOSE  on pipeline PipelineID=4d8c8784-d1ee-45fb-902d-be3e92db7ff3.Reason : fc7af808-7c3b-4e7d-bcd4-16788f7c0c06 has not seen follower/s 3de10ab2-5aa8-4456-b48c-00692585ccec for 161742ms 80bd91bd-ab17-414e-9fbc-bd509e19448d for 161742ms
2019-09-17 22:34:56,925 [java.util.concurrent.ThreadPoolExecutor$Worker@7e5f243f[State = -1, empty queue]] WARN  server.GrpcLogAppender (GrpcLogAppender.java:timeoutAppendRequest(200)) - fc7af808-7c3b-4e7d-bcd4-16788f7c0c06@group-BE3E92DB7FF3->3de10ab2-5aa8-4456-b48c-00692585ccec-GrpcLogAppender: appendEntries Timeout, request=fc7af808-7c3b-4e7d-bcd4-16788f7c0c06->3de10ab2-5aa8-4456-b48c-00692585ccec#74-t1, previous=(t:1, i:10), leaderCommit=6, initializing? false, entries: <empty>
2019-09-17 22:34:56,927 [java.util.concurrent.ThreadPoolExecutor$Worker@44fdba2a[State = -1, empty queue]] WARN  server.GrpcLogAppender (GrpcLogAppender.java:timeoutAppendRequest(200)) - fc7af808-7c3b-4e7d-bcd4-16788f7c0c06@group-BE3E92DB7FF3->80bd91bd-ab17-414e-9fbc-bd509e19448d-GrpcLogAppender: appendEntries Timeout, request=fc7af808-7c3b-4e7d-bcd4-16788f7c0c06->80bd91bd-ab17-414e-9fbc-bd509e19448d#74-t1, previous=(t:1, i:10), leaderCommit=6, initializing? false, entries: <empty>
2019-09-17 22:34:56,941 [EventQueue-PipelineActionsForPipelineActionHandler] ERROR pipeline.PipelineActionHandler (PipelineActionHandler.java:onMessage(60)) - Received pipeline action CLOSE for Pipeline[ Id: 4d8c8784-d1ee-45fb-902d-be3e92db7ff3, Nodes: 80bd91bd-ab17-414e-9fbc-bd509e19448d{ip: 192.168.5.156, host: pr-hdds-2121-pbfts-3191465506, networkLocation: /default-rack, certSerialId: null}3de10ab2-5aa8-4456-b48c-00692585ccec{ip: 192.168.5.156, host: pr-hdds-2121-pbfts-3191465506, networkLocation: /default-rack, certSerialId: null}fc7af808-7c3b-4e7d-bcd4-16788f7c0c06{ip: 192.168.5.156, host: pr-hdds-2121-pbfts-3191465506, networkLocation: /default-rack, certSerialId: null}, Type:RATIS, Factor:THREE, State:CLOSED] from datanode fc7af808-7c3b-4e7d-bcd4-16788f7c0c06{ip: 192.168.5.156, host: pr-hdds-2121-pbfts-3191465506, networkLocation: /default-rack, certSerialId: null}. Reason : fc7af808-7c3b-4e7d-bcd4-16788f7c0c06 has not seen follower/s 3de10ab2-5aa8-4456-b48c-00692585ccec for 161741ms 80bd91bd-ab17-414e-9fbc-bd509e19448d for 161741ms
2019-09-17 22:34:56,941 [EventQueue-PipelineActionsForPipelineActionHandler] INFO  pipeline.SCMPipelineManager (SCMPipelineManager.java:finalizeAndDestroyPipeline(311)) - destroying pipeline:Pipeline[ Id: 4d8c8784-d1ee-45fb-902d-be3e92db7ff3, Nodes: 80bd91bd-ab17-414e-9fbc-bd509e19448d{ip: 192.168.5.156, host: pr-hdds-2121-pbfts-3191465506, networkLocation: /default-rack, certSerialId: null}3de10ab2-5aa8-4456-b48c-00692585ccec{ip: 192.168.5.156, host: pr-hdds-2121-pbfts-3191465506, networkLocation: /default-rack, certSerialId: null}fc7af808-7c3b-4e7d-bcd4-16788f7c0c06{ip: 192.168.5.156, host: pr-hdds-2121-pbfts-3191465506, networkLocation: /default-rack, certSerialId: null}, Type:RATIS, Factor:THREE, State:CLOSED]
2019-09-17 22:34:57,622 [grpc-default-executor-1] INFO  client.GrpcClientProtocolClient (GrpcClientProtocolClient.java:onNext(264)) - client-88E348C253ED->3de10ab2-5aa8-4456-b48c-00692585ccec: receive RaftClientReply:client-88E348C253ED->3de10ab2-5aa8-4456-b48c-00692585ccec@group-BE3E92DB7FF3, cid=21, FAILED org.apache.ratis.protocol.NotLeaderException: Server 3de10ab2-5aa8-4456-b48c-00692585ccec@group-BE3E92DB7FF3 is not the leader fc7af808-7c3b-4e7d-bcd4-16788f7c0c06:192.168.5.156:38622, logIndex=0, commits[3de10ab2-5aa8-4456-b48c-00692585ccec:c6, fc7af808-7c3b-4e7d-bcd4-16788f7c0c06:c6, 80bd91bd-ab17-414e-9fbc-bd509e19448d:c5]
2019-09-17 22:34:58,928 [org.apache.ratis.server.impl.LogAppender$AppenderDaemon$$Lambda$486/264626604@2d1ba8b0] ERROR ratis.XceiverServerRatis (XceiverServerRatis.java:triggerPipelineClose(575)) - pipeline Action CLOSE  on pipeline PipelineID=4d8c8784-d1ee-45fb-902d-be3e92db7ff3.Reason : fc7af808-7c3b-4e7d-bcd4-16788f7c0c06 has not seen follower/s 3de10ab2-5aa8-4456-b48c-00692585ccec for 164242ms 80bd91bd-ab17-414e-9fbc-bd509e19448d for 164242ms
2019-09-17 22:34:58,928 [org.apache.ratis.server.impl.LogAppender$AppenderDaemon$$Lambda$486/264626604@2f19d634] ERROR ratis.XceiverServerRatis (XceiverServerRatis.java:triggerPipelineClose(575)) - pipeline Action CLOSE  on pipeline PipelineID=4d8c8784-d1ee-45fb-902d-be3e92db7ff3.Reason : fc7af808-7c3b-4e7d-bcd4-16788f7c0c06 has not seen follower/s 3de10ab2-5aa8-4456-b48c-00692585ccec for 164243ms 80bd91bd-ab17-414e-9fbc-bd509e19448d for 164243ms
2019-09-17 22:34:58,941 [EventQueue-PipelineActionsForPipelineActionHandler] ERROR pipeline.PipelineActionHandler (PipelineActionHandler.java:onMessage(60)) - Received pipeline action CLOSE for Pipeline[ Id: 4d8c8784-d1ee-45fb-902d-be3e92db7ff3, Nodes: 80bd91bd-ab17-414e-9fbc-bd509e19448d{ip: 192.168.5.156, host: pr-hdds-2121-pbfts-3191465506, networkLocation: /default-rack, certSerialId: null}3de10ab2-5aa8-4456-b48c-00692585ccec{ip: 192.168.5.156, host: pr-hdds-2121-pbfts-3191465506, networkLocation: /default-rack, certSerialId: null}fc7af808-7c3b-4e7d-bcd4-16788f7c0c06{ip: 192.168.5.156, host: pr-hdds-2121-pbfts-3191465506, networkLocation: /default-rack, certSerialId: null}, Type:RATIS, Factor:THREE, State:CLOSED] from datanode fc7af808-7c3b-4e7d-bcd4-16788f7c0c06{ip: 192.168.5.156, host: pr-hdds-2121-pbfts-3191465506, networkLocation: /default-rack, certSerialId: null}. Reason : fc7af808-7c3b-4e7d-bcd4-16788f7c0c06 has not seen follower/s 3de10ab2-5aa8-4456-b48c-00692585ccec for 164242ms 80bd91bd-ab17-414e-9fbc-bd509e19448d for 164242ms
2019-09-17 22:34:58,942 [EventQueue-PipelineActionsForPipelineActionHandler] INFO  pipeline.SCMPipelineManager (SCMPipelineManager.java:finalizeAndDestroyPipeline(311)) - destroying pipeline:Pipeline[ Id: 4d8c8784-d1ee-45fb-902d-be3e92db7ff3, Nodes: 80bd91bd-ab17-414e-9fbc-bd509e19448d{ip: 192.168.5.156, host: pr-hdds-2121-pbfts-3191465506, networkLocation: /default-rack, certSerialId: null}3de10ab2-5aa8-4456-b48c-00692585ccec{ip: 192.168.5.156, host: pr-hdds-2121-pbfts-3191465506, networkLocation: /default-rack, certSerialId: null}fc7af808-7c3b-4e7d-bcd4-16788f7c0c06{ip: 192.168.5.156, host: pr-hdds-2121-pbfts-3191465506, networkLocation: /default-rack, certSerialId: null}, Type:RATIS, Factor:THREE, State:CLOSED]
2019-09-17 22:34:59,426 [java.util.concurrent.ThreadPoolExecutor$Worker@7e5f243f[State = -1, empty queue]] WARN  server.GrpcLogAppender (GrpcLogAppender.java:timeoutAppendRequest(200)) - fc7af808-7c3b-4e7d-bcd4-16788f7c0c06@group-BE3E92DB7FF3->3de10ab2-5aa8-4456-b48c-00692585ccec-GrpcLogAppender: appendEntries Timeout, request=fc7af808-7c3b-4e7d-bcd4-16788f7c0c06->3de10ab2-5aa8-4456-b48c-00692585ccec#75-t1, previous=(t:1, i:10), leaderCommit=6, initializing? false, entries: <empty>
2019-09-17 22:34:59,428 [java.util.concurrent.ThreadPoolExecutor$Worker@44fdba2a[State = -1, empty queue]] WARN  server.GrpcLogAppender (GrpcLogAppender.java:timeoutAppendRequest(200)) - fc7af808-7c3b-4e7d-bcd4-16788f7c0c06@group-BE3E92DB7FF3->80bd91bd-ab17-414e-9fbc-bd509e19448d-GrpcLogAppender: appendEntries Timeout, request=fc7af808-7c3b-4e7d-bcd4-16788f7c0c06->80bd91bd-ab17-414e-9fbc-bd509e19448d#75-t1, previous=(t:1, i:10), leaderCommit=6, initializing? false, entries: <empty>
2019-09-17 22:35:01,429 [org.apache.ratis.server.impl.LogAppender$AppenderDaemon$$Lambda$486/264626604@2d1ba8b0] ERROR ratis.XceiverServerRatis (XceiverServerRatis.java:triggerPipelineClose(575)) - pipeline Action CLOSE  on pipeline PipelineID=4d8c8784-d1ee-45fb-902d-be3e92db7ff3.Reason : fc7af808-7c3b-4e7d-bcd4-16788f7c0c06 has not seen follower/s 3de10ab2-5aa8-4456-b48c-00692585ccec for 166743ms 80bd91bd-ab17-414e-9fbc-bd509e19448d for 166743ms
2019-09-17 22:35:01,429 [org.apache.ratis.server.impl.LogAppender$AppenderDaemon$$Lambda$486/264626604@2f19d634] ERROR ratis.XceiverServerRatis (XceiverServerRatis.java:triggerPipelineClose(575)) - pipeline Action CLOSE  on pipeline PipelineID=4d8c8784-d1ee-45fb-902d-be3e92db7ff3.Reason : fc7af808-7c3b-4e7d-bcd4-16788f7c0c06 has not seen follower/s 3de10ab2-5aa8-4456-b48c-00692585ccec for 166744ms 80bd91bd-ab17-414e-9fbc-bd509e19448d for 166744ms
2019-09-17 22:35:01,928 [java.util.concurrent.ThreadPoolExecutor$Worker@7e5f243f[State = -1, empty queue]] WARN  server.GrpcLogAppender (GrpcLogAppender.java:timeoutAppendRequest(200)) - fc7af808-7c3b-4e7d-bcd4-16788f7c0c06@group-BE3E92DB7FF3->3de10ab2-5aa8-4456-b48c-00692585ccec-GrpcLogAppender: appendEntries Timeout, request=fc7af808-7c3b-4e7d-bcd4-16788f7c0c06->3de10ab2-5aa8-4456-b48c-00692585ccec#76-t1, previous=(t:1, i:10), leaderCommit=6, initializing? false, entries: <empty>
2019-09-17 22:35:01,928 [java.util.concurrent.ThreadPoolExecutor$Worker@44fdba2a[State = -1, empty queue]] WARN  server.GrpcLogAppender (GrpcLogAppender.java:timeoutAppendRequest(200)) - fc7af808-7c3b-4e7d-bcd4-16788f7c0c06@group-BE3E92DB7FF3->80bd91bd-ab17-414e-9fbc-bd509e19448d-GrpcLogAppender: appendEntries Timeout, request=fc7af808-7c3b-4e7d-bcd4-16788f7c0c06->80bd91bd-ab17-414e-9fbc-bd509e19448d#76-t1, previous=(t:1, i:10), leaderCommit=6, initializing? false, entries: <empty>
2019-09-17 22:35:01,942 [EventQueue-PipelineActionsForPipelineActionHandler] ERROR pipeline.PipelineActionHandler (PipelineActionHandler.java:onMessage(60)) - Received pipeline action CLOSE for Pipeline[ Id: 4d8c8784-d1ee-45fb-902d-be3e92db7ff3, Nodes: 80bd91bd-ab17-414e-9fbc-bd509e19448d{ip: 192.168.5.156, host: pr-hdds-2121-pbfts-3191465506, networkLocation: /default-rack, certSerialId: null}3de10ab2-5aa8-4456-b48c-00692585ccec{ip: 192.168.5.156, host: pr-hdds-2121-pbfts-3191465506, networkLocation: /default-rack, certSerialId: null}fc7af808-7c3b-4e7d-bcd4-16788f7c0c06{ip: 192.168.5.156, host: pr-hdds-2121-pbfts-3191465506, networkLocation: /default-rack, certSerialId: null}, Type:RATIS, Factor:THREE, State:CLOSED] from datanode fc7af808-7c3b-4e7d-bcd4-16788f7c0c06{ip: 192.168.5.156, host: pr-hdds-2121-pbfts-3191465506, networkLocation: /default-rack, certSerialId: null}. Reason : fc7af808-7c3b-4e7d-bcd4-16788f7c0c06 has not seen follower/s 3de10ab2-5aa8-4456-b48c-00692585ccec for 166743ms 80bd91bd-ab17-414e-9fbc-bd509e19448d for 166743ms
2019-09-17 22:35:01,942 [EventQueue-PipelineActionsForPipelineActionHandler] INFO  pipeline.SCMPipelineManager (SCMPipelineManager.java:finalizeAndDestroyPipeline(311)) - destroying pipeline:Pipeline[ Id: 4d8c8784-d1ee-45fb-902d-be3e92db7ff3, Nodes: 80bd91bd-ab17-414e-9fbc-bd509e19448d{ip: 192.168.5.156, host: pr-hdds-2121-pbfts-3191465506, networkLocation: /default-rack, certSerialId: null}3de10ab2-5aa8-4456-b48c-00692585ccec{ip: 192.168.5.156, host: pr-hdds-2121-pbfts-3191465506, networkLocation: /default-rack, certSerialId: null}fc7af808-7c3b-4e7d-bcd4-16788f7c0c06{ip: 192.168.5.156, host: pr-hdds-2121-pbfts-3191465506, networkLocation: /default-rack, certSerialId: null}, Type:RATIS, Factor:THREE, State:CLOSED]
2019-09-17 22:35:02,678 [grpc-default-executor-1] INFO  client.GrpcClientProtocolClient (GrpcClientProtocolClient.java:onNext(264)) - client-88E348C253ED->3de10ab2-5aa8-4456-b48c-00692585ccec: receive RaftClientReply:client-88E348C253ED->3de10ab2-5aa8-4456-b48c-00692585ccec@group-BE3E92DB7FF3, cid=21, FAILED org.apache.ratis.protocol.NotLeaderException: Server 3de10ab2-5aa8-4456-b48c-00692585ccec@group-BE3E92DB7FF3 is not the leader fc7af808-7c3b-4e7d-bcd4-16788f7c0c06:192.168.5.156:38622, logIndex=0, commits[3de10ab2-5aa8-4456-b48c-00692585ccec:c6, fc7af808-7c3b-4e7d-bcd4-16788f7c0c06:c6, 80bd91bd-ab17-414e-9fbc-bd509e19448d:c5]
2019-09-17 22:35:03,930 [org.apache.ratis.server.impl.LogAppender$AppenderDaemon$$Lambda$486/264626604@2f19d634] ERROR ratis.XceiverServerRatis (XceiverServerRatis.java:triggerPipelineClose(575)) - pipeline Action CLOSE  on pipeline PipelineID=4d8c8784-d1ee-45fb-902d-be3e92db7ff3.Reason : fc7af808-7c3b-4e7d-bcd4-16788f7c0c06 has not seen follower/s 3de10ab2-5aa8-4456-b48c-00692585ccec for 169245ms 80bd91bd-ab17-414e-9fbc-bd509e19448d for 169245ms
2019-09-17 22:35:03,930 [org.apache.ratis.server.impl.LogAppender$AppenderDaemon$$Lambda$486/264626604@2d1ba8b0] ERROR ratis.XceiverServerRatis (XceiverServerRatis.java:triggerPipelineClose(575)) - pipeline Action CLOSE  on pipeline PipelineID=4d8c8784-d1ee-45fb-902d-be3e92db7ff3.Reason : fc7af808-7c3b-4e7d-bcd4-16788f7c0c06 has not seen follower/s 3de10ab2-5aa8-4456-b48c-00692585ccec for 169245ms 80bd91bd-ab17-414e-9fbc-bd509e19448d for 169245ms
2019-09-17 22:35:03,941 [EventQueue-PipelineActionsForPipelineActionHandler] ERROR pipeline.PipelineActionHandler (PipelineActionHandler.java:onMessage(60)) - Received pipeline action CLOSE for Pipeline[ Id: 4d8c8784-d1ee-45fb-902d-be3e92db7ff3, Nodes: 80bd91bd-ab17-414e-9fbc-bd509e19448d{ip: 192.168.5.156, host: pr-hdds-2121-pbfts-3191465506, networkLocation: /default-rack, certSerialId: null}3de10ab2-5aa8-4456-b48c-00692585ccec{ip: 192.168.5.156, host: pr-hdds-2121-pbfts-3191465506, networkLocation: /default-rack, certSerialId: null}fc7af808-7c3b-4e7d-bcd4-16788f7c0c06{ip: 192.168.5.156, host: pr-hdds-2121-pbfts-3191465506, networkLocation: /default-rack, certSerialId: null}, Type:RATIS, Factor:THREE, State:CLOSED] from datanode fc7af808-7c3b-4e7d-bcd4-16788f7c0c06{ip: 192.168.5.156, host: pr-hdds-2121-pbfts-3191465506, networkLocation: /default-rack, certSerialId: null}. Reason : fc7af808-7c3b-4e7d-bcd4-16788f7c0c06 has not seen follower/s 3de10ab2-5aa8-4456-b48c-00692585ccec for 169245ms 80bd91bd-ab17-414e-9fbc-bd509e19448d for 169245ms
2019-09-17 22:35:03,941 [EventQueue-PipelineActionsForPipelineActionHandler] INFO  pipeline.SCMPipelineManager (SCMPipelineManager.java:finalizeAndDestroyPipeline(311)) - destroying pipeline:Pipeline[ Id: 4d8c8784-d1ee-45fb-902d-be3e92db7ff3, Nodes: 80bd91bd-ab17-414e-9fbc-bd509e19448d{ip: 192.168.5.156, host: pr-hdds-2121-pbfts-3191465506, networkLocation: /default-rack, certSerialId: null}3de10ab2-5aa8-4456-b48c-00692585ccec{ip: 192.168.5.156, host: pr-hdds-2121-pbfts-3191465506, networkLocation: /default-rack, certSerialId: null}fc7af808-7c3b-4e7d-bcd4-16788f7c0c06{ip: 192.168.5.156, host: pr-hdds-2121-pbfts-3191465506, networkLocation: /default-rack, certSerialId: null}, Type:RATIS, Factor:THREE, State:CLOSED]
2019-09-17 22:35:04,429 [java.util.concurrent.ThreadPoolExecutor$Worker@7e5f243f[State = -1, empty queue]] WARN  server.GrpcLogAppender (GrpcLogAppender.java:timeoutAppendRequest(200)) - fc7af808-7c3b-4e7d-bcd4-16788f7c0c06@group-BE3E92DB7FF3->3de10ab2-5aa8-4456-b48c-00692585ccec-GrpcLogAppender: appendEntries Timeout, request=fc7af808-7c3b-4e7d-bcd4-16788f7c0c06->3de10ab2-5aa8-4456-b48c-00692585ccec#77-t1, previous=(t:1, i:10), leaderCommit=6, initializing? false, entries: <empty>
2019-09-17 22:35:04,429 [java.util.concurrent.ThreadPoolExecutor$Worker@44fdba2a[State = -1, empty queue]] WARN  server.GrpcLogAppender (GrpcLogAppender.java:timeoutAppendRequest(200)) - fc7af808-7c3b-4e7d-bcd4-16788f7c0c06@group-BE3E92DB7FF3->80bd91bd-ab17-414e-9fbc-bd509e19448d-GrpcLogAppender: appendEntries Timeout, request=fc7af808-7c3b-4e7d-bcd4-16788f7c0c06->80bd91bd-ab17-414e-9fbc-bd509e19448d#77-t1, previous=(t:1, i:10), leaderCommit=6, initializing? false, entries: <empty>
2019-09-17 22:35:05,733 [3de10ab2-5aa8-4456-b48c-00692585ccec@group-BE3E92DB7FF3-SegmentedRaftLogWorker] WARN  segmented.SegmentedRaftLogWorker (SegmentedRaftLogWorker.java:getFromFuture(90)) - Timeout 16/~
org.apache.ratis.protocol.TimeoutIOException: Timeout 10s: WriteLog:7: (t:1, i:7), STATEMACHINELOGENTRY, client-88E348C253ED, cid=21-writeStateMachineData
	at org.apache.ratis.util.IOUtils.getFromFuture(IOUtils.java:87)
	at org.apache.ratis.server.raftlog.segmented.SegmentedRaftLogWorker$StateMachineDataPolicy.getFromFuture(SegmentedRaftLogWorker.java:87)
	at org.apache.ratis.server.raftlog.segmented.SegmentedRaftLogWorker$WriteLog.execute(SegmentedRaftLogWorker.java:477)
	at org.apache.ratis.server.raftlog.segmented.SegmentedRaftLogWorker.run(SegmentedRaftLogWorker.java:289)
	at java.lang.Thread.run(Thread.java:748)
Caused by: java.util.concurrent.TimeoutException
	at java.util.concurrent.CompletableFuture.timedGet(CompletableFuture.java:1771)
	at java.util.concurrent.CompletableFuture.get(CompletableFuture.java:1915)
	at org.apache.ratis.util.IOUtils.getFromFuture(IOUtils.java:79)
	... 4 more
2019-09-17 22:35:05,927 [fc7af808-7c3b-4e7d-bcd4-16788f7c0c06@group-BE3E92DB7FF3-SegmentedRaftLogWorker] WARN  segmented.SegmentedRaftLogWorker (SegmentedRaftLogWorker.java:getFromFuture(90)) - Timeout 16/~
org.apache.ratis.protocol.TimeoutIOException: Timeout 10s: WriteLog:8: (t:1, i:8), STATEMACHINELOGENTRY, client-88E348C253ED, cid=22-writeStateMachineData
	at org.apache.ratis.util.IOUtils.getFromFuture(IOUtils.java:87)
	at org.apache.ratis.server.raftlog.segmented.SegmentedRaftLogWorker$StateMachineDataPolicy.getFromFuture(SegmentedRaftLogWorker.java:87)
	at org.apache.ratis.server.raftlog.segmented.SegmentedRaftLogWorker$WriteLog.execute(SegmentedRaftLogWorker.java:477)
	at org.apache.ratis.server.raftlog.segmented.SegmentedRaftLogWorker.run(SegmentedRaftLogWorker.java:289)
	at java.lang.Thread.run(Thread.java:748)
Caused by: java.util.concurrent.TimeoutException
	at java.util.concurrent.CompletableFuture.timedGet(CompletableFuture.java:1771)
	at java.util.concurrent.CompletableFuture.get(CompletableFuture.java:1915)
	at org.apache.ratis.util.IOUtils.getFromFuture(IOUtils.java:79)
	... 4 more
2019-09-17 22:35:05,928 [80bd91bd-ab17-414e-9fbc-bd509e19448d@group-BE3E92DB7FF3-SegmentedRaftLogWorker] WARN  segmented.SegmentedRaftLogWorker (SegmentedRaftLogWorker.java:getFromFuture(90)) - Timeout 16/~
org.apache.ratis.protocol.TimeoutIOException: Timeout 10s: WriteLog:8: (t:1, i:8), STATEMACHINELOGENTRY, client-88E348C253ED, cid=22-writeStateMachineData
	at org.apache.ratis.util.IOUtils.getFromFuture(IOUtils.java:87)
	at org.apache.ratis.server.raftlog.segmented.SegmentedRaftLogWorker$StateMachineDataPolicy.getFromFuture(SegmentedRaftLogWorker.java:87)
	at org.apache.ratis.server.raftlog.segmented.SegmentedRaftLogWorker$WriteLog.execute(SegmentedRaftLogWorker.java:477)
	at org.apache.ratis.server.raftlog.segmented.SegmentedRaftLogWorker.run(SegmentedRaftLogWorker.java:289)
	at java.lang.Thread.run(Thread.java:748)
Caused by: java.util.concurrent.TimeoutException
	at java.util.concurrent.CompletableFuture.timedGet(CompletableFuture.java:1771)
	at java.util.concurrent.CompletableFuture.get(CompletableFuture.java:1915)
	at org.apache.ratis.util.IOUtils.getFromFuture(IOUtils.java:79)
	... 4 more
2019-09-17 22:35:06,431 [org.apache.ratis.server.impl.LogAppender$AppenderDaemon$$Lambda$486/264626604@2f19d634] ERROR ratis.XceiverServerRatis (XceiverServerRatis.java:triggerPipelineClose(575)) - pipeline Action CLOSE  on pipeline PipelineID=4d8c8784-d1ee-45fb-902d-be3e92db7ff3.Reason : fc7af808-7c3b-4e7d-bcd4-16788f7c0c06 has not seen follower/s 3de10ab2-5aa8-4456-b48c-00692585ccec for 171746ms 80bd91bd-ab17-414e-9fbc-bd509e19448d for 171746ms
2019-09-17 22:35:06,431 [org.apache.ratis.server.impl.LogAppender$AppenderDaemon$$Lambda$486/264626604@2d1ba8b0] ERROR ratis.XceiverServerRatis (XceiverServerRatis.java:triggerPipelineClose(575)) - pipeline Action CLOSE  on pipeline PipelineID=4d8c8784-d1ee-45fb-902d-be3e92db7ff3.Reason : fc7af808-7c3b-4e7d-bcd4-16788f7c0c06 has not seen follower/s 3de10ab2-5aa8-4456-b48c-00692585ccec for 171746ms 80bd91bd-ab17-414e-9fbc-bd509e19448d for 171746ms
2019-09-17 22:35:06,930 [java.util.concurrent.ThreadPoolExecutor$Worker@44fdba2a[State = -1, empty queue]] WARN  server.GrpcLogAppender (GrpcLogAppender.java:timeoutAppendRequest(200)) - fc7af808-7c3b-4e7d-bcd4-16788f7c0c06@group-BE3E92DB7FF3->80bd91bd-ab17-414e-9fbc-bd509e19448d-GrpcLogAppender: appendEntries Timeout, request=fc7af808-7c3b-4e7d-bcd4-16788f7c0c06->80bd91bd-ab17-414e-9fbc-bd509e19448d#78-t1, previous=(t:1, i:10), leaderCommit=6, initializing? false, entries: <empty>
2019-09-17 22:35:06,930 [java.util.concurrent.ThreadPoolExecutor$Worker@7e5f243f[State = -1, empty queue]] WARN  server.GrpcLogAppender (GrpcLogAppender.java:timeoutAppendRequest(200)) - fc7af808-7c3b-4e7d-bcd4-16788f7c0c06@group-BE3E92DB7FF3->3de10ab2-5aa8-4456-b48c-00692585ccec-GrpcLogAppender: appendEntries Timeout, request=fc7af808-7c3b-4e7d-bcd4-16788f7c0c06->3de10ab2-5aa8-4456-b48c-00692585ccec#78-t1, previous=(t:1, i:10), leaderCommit=6, initializing? false, entries: <empty>
2019-09-17 22:35:06,942 [EventQueue-PipelineActionsForPipelineActionHandler] ERROR pipeline.PipelineActionHandler (PipelineActionHandler.java:onMessage(60)) - Received pipeline action CLOSE for Pipeline[ Id: 4d8c8784-d1ee-45fb-902d-be3e92db7ff3, Nodes: 80bd91bd-ab17-414e-9fbc-bd509e19448d{ip: 192.168.5.156, host: pr-hdds-2121-pbfts-3191465506, networkLocation: /default-rack, certSerialId: null}3de10ab2-5aa8-4456-b48c-00692585ccec{ip: 192.168.5.156, host: pr-hdds-2121-pbfts-3191465506, networkLocation: /default-rack, certSerialId: null}fc7af808-7c3b-4e7d-bcd4-16788f7c0c06{ip: 192.168.5.156, host: pr-hdds-2121-pbfts-3191465506, networkLocation: /default-rack, certSerialId: null}, Type:RATIS, Factor:THREE, State:CLOSED] from datanode fc7af808-7c3b-4e7d-bcd4-16788f7c0c06{ip: 192.168.5.156, host: pr-hdds-2121-pbfts-3191465506, networkLocation: /default-rack, certSerialId: null}. Reason : fc7af808-7c3b-4e7d-bcd4-16788f7c0c06 has not seen follower/s 3de10ab2-5aa8-4456-b48c-00692585ccec for 171746ms 80bd91bd-ab17-414e-9fbc-bd509e19448d for 171746ms
2019-09-17 22:35:06,942 [EventQueue-PipelineActionsForPipelineActionHandler] INFO  pipeline.SCMPipelineManager (SCMPipelineManager.java:finalizeAndDestroyPipeline(311)) - destroying pipeline:Pipeline[ Id: 4d8c8784-d1ee-45fb-902d-be3e92db7ff3, Nodes: 80bd91bd-ab17-414e-9fbc-bd509e19448d{ip: 192.168.5.156, host: pr-hdds-2121-pbfts-3191465506, networkLocation: /default-rack, certSerialId: null}3de10ab2-5aa8-4456-b48c-00692585ccec{ip: 192.168.5.156, host: pr-hdds-2121-pbfts-3191465506, networkLocation: /default-rack, certSerialId: null}fc7af808-7c3b-4e7d-bcd4-16788f7c0c06{ip: 192.168.5.156, host: pr-hdds-2121-pbfts-3191465506, networkLocation: /default-rack, certSerialId: null}, Type:RATIS, Factor:THREE, State:CLOSED]
2019-09-17 22:35:07,729 [grpc-default-executor-4] INFO  client.GrpcClientProtocolClient (GrpcClientProtocolClient.java:onNext(264)) - client-88E348C253ED->80bd91bd-ab17-414e-9fbc-bd509e19448d: receive RaftClientReply:client-88E348C253ED->80bd91bd-ab17-414e-9fbc-bd509e19448d@group-BE3E92DB7FF3, cid=21, FAILED org.apache.ratis.protocol.NotLeaderException: Server 80bd91bd-ab17-414e-9fbc-bd509e19448d@group-BE3E92DB7FF3 is not the leader fc7af808-7c3b-4e7d-bcd4-16788f7c0c06:192.168.5.156:38622, logIndex=0, commits[80bd91bd-ab17-414e-9fbc-bd509e19448d:c6, fc7af808-7c3b-4e7d-bcd4-16788f7c0c06:c6, 3de10ab2-5aa8-4456-b48c-00692585ccec:c5]
2019-09-17 22:35:08,932 [org.apache.ratis.server.impl.LogAppender$AppenderDaemon$$Lambda$486/264626604@2d1ba8b0] ERROR ratis.XceiverServerRatis (XceiverServerRatis.java:triggerPipelineClose(575)) - pipeline Action CLOSE  on pipeline PipelineID=4d8c8784-d1ee-45fb-902d-be3e92db7ff3.Reason : fc7af808-7c3b-4e7d-bcd4-16788f7c0c06 has not seen follower/s 3de10ab2-5aa8-4456-b48c-00692585ccec for 174247ms 80bd91bd-ab17-414e-9fbc-bd509e19448d for 174247ms
2019-09-17 22:35:08,932 [org.apache.ratis.server.impl.LogAppender$AppenderDaemon$$Lambda$486/264626604@2f19d634] ERROR ratis.XceiverServerRatis (XceiverServerRatis.java:triggerPipelineClose(575)) - pipeline Action CLOSE  on pipeline PipelineID=4d8c8784-d1ee-45fb-902d-be3e92db7ff3.Reason : fc7af808-7c3b-4e7d-bcd4-16788f7c0c06 has not seen follower/s 3de10ab2-5aa8-4456-b48c-00692585ccec for 174246ms 80bd91bd-ab17-414e-9fbc-bd509e19448d for 174247ms
2019-09-17 22:35:08,943 [EventQueue-PipelineActionsForPipelineActionHandler] ERROR pipeline.PipelineActionHandler (PipelineActionHandler.java:onMessage(60)) - Received pipeline action CLOSE for Pipeline[ Id: 4d8c8784-d1ee-45fb-902d-be3e92db7ff3, Nodes: 80bd91bd-ab17-414e-9fbc-bd509e19448d{ip: 192.168.5.156, host: pr-hdds-2121-pbfts-3191465506, networkLocation: /default-rack, certSerialId: null}3de10ab2-5aa8-4456-b48c-00692585ccec{ip: 192.168.5.156, host: pr-hdds-2121-pbfts-3191465506, networkLocation: /default-rack, certSerialId: null}fc7af808-7c3b-4e7d-bcd4-16788f7c0c06{ip: 192.168.5.156, host: pr-hdds-2121-pbfts-3191465506, networkLocation: /default-rack, certSerialId: null}, Type:RATIS, Factor:THREE, State:CLOSED] from datanode fc7af808-7c3b-4e7d-bcd4-16788f7c0c06{ip: 192.168.5.156, host: pr-hdds-2121-pbfts-3191465506, networkLocation: /default-rack, certSerialId: null}. Reason : fc7af808-7c3b-4e7d-bcd4-16788f7c0c06 has not seen follower/s 3de10ab2-5aa8-4456-b48c-00692585ccec for 174247ms 80bd91bd-ab17-414e-9fbc-bd509e19448d for 174247ms
2019-09-17 22:35:08,943 [EventQueue-PipelineActionsForPipelineActionHandler] INFO  pipeline.SCMPipelineManager (SCMPipelineManager.java:finalizeAndDestroyPipeline(311)) - destroying pipeline:Pipeline[ Id: 4d8c8784-d1ee-45fb-902d-be3e92db7ff3, Nodes: 80bd91bd-ab17-414e-9fbc-bd509e19448d{ip: 192.168.5.156, host: pr-hdds-2121-pbfts-3191465506, networkLocation: /default-rack, certSerialId: null}3de10ab2-5aa8-4456-b48c-00692585ccec{ip: 192.168.5.156, host: pr-hdds-2121-pbfts-3191465506, networkLocation: /default-rack, certSerialId: null}fc7af808-7c3b-4e7d-bcd4-16788f7c0c06{ip: 192.168.5.156, host: pr-hdds-2121-pbfts-3191465506, networkLocation: /default-rack, certSerialId: null}, Type:RATIS, Factor:THREE, State:CLOSED]
2019-09-17 22:35:09,431 [java.util.concurrent.ThreadPoolExecutor$Worker@44fdba2a[State = -1, empty queue]] WARN  server.GrpcLogAppender (GrpcLogAppender.java:timeoutAppendRequest(200)) - fc7af808-7c3b-4e7d-bcd4-16788f7c0c06@group-BE3E92DB7FF3->80bd91bd-ab17-414e-9fbc-bd509e19448d-GrpcLogAppender: appendEntries Timeout, request=fc7af808-7c3b-4e7d-bcd4-16788f7c0c06->80bd91bd-ab17-414e-9fbc-bd509e19448d#79-t1, previous=(t:1, i:10), leaderCommit=6, initializing? false, entries: <empty>
2019-09-17 22:35:09,431 [java.util.concurrent.ThreadPoolExecutor$Worker@7e5f243f[State = -1, empty queue]] WARN  server.GrpcLogAppender (GrpcLogAppender.java:timeoutAppendRequest(200)) - fc7af808-7c3b-4e7d-bcd4-16788f7c0c06@group-BE3E92DB7FF3->3de10ab2-5aa8-4456-b48c-00692585ccec-GrpcLogAppender: appendEntries Timeout, request=fc7af808-7c3b-4e7d-bcd4-16788f7c0c06->3de10ab2-5aa8-4456-b48c-00692585ccec#79-t1, previous=(t:1, i:10), leaderCommit=6, initializing? false, entries: <empty>
2019-09-17 22:35:11,432 [org.apache.ratis.server.impl.LogAppender$AppenderDaemon$$Lambda$486/264626604@2f19d634] ERROR ratis.XceiverServerRatis (XceiverServerRatis.java:triggerPipelineClose(575)) - pipeline Action CLOSE  on pipeline PipelineID=4d8c8784-d1ee-45fb-902d-be3e92db7ff3.Reason : fc7af808-7c3b-4e7d-bcd4-16788f7c0c06 has not seen follower/s 3de10ab2-5aa8-4456-b48c-00692585ccec for 176747ms 80bd91bd-ab17-414e-9fbc-bd509e19448d for 176747ms
2019-09-17 22:35:11,433 [org.apache.ratis.server.impl.LogAppender$AppenderDaemon$$Lambda$486/264626604@2d1ba8b0] ERROR ratis.XceiverServerRatis (XceiverServerRatis.java:triggerPipelineClose(575)) - pipeline Action CLOSE  on pipeline PipelineID=4d8c8784-d1ee-45fb-902d-be3e92db7ff3.Reason : fc7af808-7c3b-4e7d-bcd4-16788f7c0c06 has not seen follower/s 3de10ab2-5aa8-4456-b48c-00692585ccec for 176748ms 80bd91bd-ab17-414e-9fbc-bd509e19448d for 176748ms
2019-09-17 22:35:11,932 [java.util.concurrent.ThreadPoolExecutor$Worker@44fdba2a[State = -1, empty queue]] WARN  server.GrpcLogAppender (GrpcLogAppender.java:timeoutAppendRequest(200)) - fc7af808-7c3b-4e7d-bcd4-16788f7c0c06@group-BE3E92DB7FF3->80bd91bd-ab17-414e-9fbc-bd509e19448d-GrpcLogAppender: appendEntries Timeout, request=fc7af808-7c3b-4e7d-bcd4-16788f7c0c06->80bd91bd-ab17-414e-9fbc-bd509e19448d#80-t1, previous=(t:1, i:10), leaderCommit=6, initializing? false, entries: <empty>
2019-09-17 22:35:11,932 [java.util.concurrent.ThreadPoolExecutor$Worker@7e5f243f[State = -1, empty queue]] WARN  server.GrpcLogAppender (GrpcLogAppender.java:timeoutAppendRequest(200)) - fc7af808-7c3b-4e7d-bcd4-16788f7c0c06@group-BE3E92DB7FF3->3de10ab2-5aa8-4456-b48c-00692585ccec-GrpcLogAppender: appendEntries Timeout, request=fc7af808-7c3b-4e7d-bcd4-16788f7c0c06->3de10ab2-5aa8-4456-b48c-00692585ccec#80-t1, previous=(t:1, i:10), leaderCommit=6, initializing? false, entries: <empty>
2019-09-17 22:35:11,942 [EventQueue-PipelineActionsForPipelineActionHandler] ERROR pipeline.PipelineActionHandler (PipelineActionHandler.java:onMessage(60)) - Received pipeline action CLOSE for Pipeline[ Id: 4d8c8784-d1ee-45fb-902d-be3e92db7ff3, Nodes: 80bd91bd-ab17-414e-9fbc-bd509e19448d{ip: 192.168.5.156, host: pr-hdds-2121-pbfts-3191465506, networkLocation: /default-rack, certSerialId: null}3de10ab2-5aa8-4456-b48c-00692585ccec{ip: 192.168.5.156, host: pr-hdds-2121-pbfts-3191465506, networkLocation: /default-rack, certSerialId: null}fc7af808-7c3b-4e7d-bcd4-16788f7c0c06{ip: 192.168.5.156, host: pr-hdds-2121-pbfts-3191465506, networkLocation: /default-rack, certSerialId: null}, Type:RATIS, Factor:THREE, State:CLOSED] from datanode fc7af808-7c3b-4e7d-bcd4-16788f7c0c06{ip: 192.168.5.156, host: pr-hdds-2121-pbfts-3191465506, networkLocation: /default-rack, certSerialId: null}. Reason : fc7af808-7c3b-4e7d-bcd4-16788f7c0c06 has not seen follower/s 3de10ab2-5aa8-4456-b48c-00692585ccec for 176747ms 80bd91bd-ab17-414e-9fbc-bd509e19448d for 176747ms
2019-09-17 22:35:11,943 [EventQueue-PipelineActionsForPipelineActionHandler] INFO  pipeline.SCMPipelineManager (SCMPipelineManager.java:finalizeAndDestroyPipeline(311)) - destroying pipeline:Pipeline[ Id: 4d8c8784-d1ee-45fb-902d-be3e92db7ff3, Nodes: 80bd91bd-ab17-414e-9fbc-bd509e19448d{ip: 192.168.5.156, host: pr-hdds-2121-pbfts-3191465506, networkLocation: /default-rack, certSerialId: null}3de10ab2-5aa8-4456-b48c-00692585ccec{ip: 192.168.5.156, host: pr-hdds-2121-pbfts-3191465506, networkLocation: /default-rack, certSerialId: null}fc7af808-7c3b-4e7d-bcd4-16788f7c0c06{ip: 192.168.5.156, host: pr-hdds-2121-pbfts-3191465506, networkLocation: /default-rack, certSerialId: null}, Type:RATIS, Factor:THREE, State:CLOSED]
2019-09-17 22:35:12,777 [grpc-default-executor-1] INFO  client.GrpcClientProtocolClient (GrpcClientProtocolClient.java:onNext(264)) - client-88E348C253ED->80bd91bd-ab17-414e-9fbc-bd509e19448d: receive RaftClientReply:client-88E348C253ED->80bd91bd-ab17-414e-9fbc-bd509e19448d@group-BE3E92DB7FF3, cid=21, FAILED org.apache.ratis.protocol.NotLeaderException: Server 80bd91bd-ab17-414e-9fbc-bd509e19448d@group-BE3E92DB7FF3 is not the leader fc7af808-7c3b-4e7d-bcd4-16788f7c0c06:192.168.5.156:38622, logIndex=0, commits[80bd91bd-ab17-414e-9fbc-bd509e19448d:c6, fc7af808-7c3b-4e7d-bcd4-16788f7c0c06:c6, 3de10ab2-5aa8-4456-b48c-00692585ccec:c5]
2019-09-17 22:35:13,933 [org.apache.ratis.server.impl.LogAppender$AppenderDaemon$$Lambda$486/264626604@2f19d634] ERROR ratis.XceiverServerRatis (XceiverServerRatis.java:triggerPipelineClose(575)) - pipeline Action CLOSE  on pipeline PipelineID=4d8c8784-d1ee-45fb-902d-be3e92db7ff3.Reason : fc7af808-7c3b-4e7d-bcd4-16788f7c0c06 has not seen follower/s 3de10ab2-5aa8-4456-b48c-00692585ccec for 179248ms 80bd91bd-ab17-414e-9fbc-bd509e19448d for 179248ms
2019-09-17 22:35:13,934 [org.apache.ratis.server.impl.LogAppender$AppenderDaemon$$Lambda$486/264626604@2d1ba8b0] ERROR ratis.XceiverServerRatis (XceiverServerRatis.java:triggerPipelineClose(575)) - pipeline Action CLOSE  on pipeline PipelineID=4d8c8784-d1ee-45fb-902d-be3e92db7ff3.Reason : fc7af808-7c3b-4e7d-bcd4-16788f7c0c06 has not seen follower/s 3de10ab2-5aa8-4456-b48c-00692585ccec for 179248ms 80bd91bd-ab17-414e-9fbc-bd509e19448d for 179249ms
2019-09-17 22:35:13,942 [EventQueue-PipelineActionsForPipelineActionHandler] ERROR pipeline.PipelineActionHandler (PipelineActionHandler.java:onMessage(60)) - Received pipeline action CLOSE for Pipeline[ Id: 4d8c8784-d1ee-45fb-902d-be3e92db7ff3, Nodes: 80bd91bd-ab17-414e-9fbc-bd509e19448d{ip: 192.168.5.156, host: pr-hdds-2121-pbfts-3191465506, networkLocation: /default-rack, certSerialId: null}3de10ab2-5aa8-4456-b48c-00692585ccec{ip: 192.168.5.156, host: pr-hdds-2121-pbfts-3191465506, networkLocation: /default-rack, certSerialId: null}fc7af808-7c3b-4e7d-bcd4-16788f7c0c06{ip: 192.168.5.156, host: pr-hdds-2121-pbfts-3191465506, networkLocation: /default-rack, certSerialId: null}, Type:RATIS, Factor:THREE, State:CLOSED] from datanode fc7af808-7c3b-4e7d-bcd4-16788f7c0c06{ip: 192.168.5.156, host: pr-hdds-2121-pbfts-3191465506, networkLocation: /default-rack, certSerialId: null}. Reason : fc7af808-7c3b-4e7d-bcd4-16788f7c0c06 has not seen follower/s 3de10ab2-5aa8-4456-b48c-00692585ccec for 179248ms 80bd91bd-ab17-414e-9fbc-bd509e19448d for 179248ms
2019-09-17 22:35:13,942 [EventQueue-PipelineActionsForPipelineActionHandler] INFO  pipeline.SCMPipelineManager (SCMPipelineManager.java:finalizeAndDestroyPipeline(311)) - destroying pipeline:Pipeline[ Id: 4d8c8784-d1ee-45fb-902d-be3e92db7ff3, Nodes: 80bd91bd-ab17-414e-9fbc-bd509e19448d{ip: 192.168.5.156, host: pr-hdds-2121-pbfts-3191465506, networkLocation: /default-rack, certSerialId: null}3de10ab2-5aa8-4456-b48c-00692585ccec{ip: 192.168.5.156, host: pr-hdds-2121-pbfts-3191465506, networkLocation: /default-rack, certSerialId: null}fc7af808-7c3b-4e7d-bcd4-16788f7c0c06{ip: 192.168.5.156, host: pr-hdds-2121-pbfts-3191465506, networkLocation: /default-rack, certSerialId: null}, Type:RATIS, Factor:THREE, State:CLOSED]
2019-09-17 22:35:14,432 [java.util.concurrent.ThreadPoolExecutor$Worker@44fdba2a[State = -1, empty queue]] WARN  server.GrpcLogAppender (GrpcLogAppender.java:timeoutAppendRequest(200)) - fc7af808-7c3b-4e7d-bcd4-16788f7c0c06@group-BE3E92DB7FF3->80bd91bd-ab17-414e-9fbc-bd509e19448d-GrpcLogAppender: appendEntries Timeout, request=fc7af808-7c3b-4e7d-bcd4-16788f7c0c06->80bd91bd-ab17-414e-9fbc-bd509e19448d#81-t1, previous=(t:1, i:10), leaderCommit=6, initializing? false, entries: <empty>
2019-09-17 22:35:14,433 [java.util.concurrent.ThreadPoolExecutor$Worker@7e5f243f[State = -1, empty queue]] WARN  server.GrpcLogAppender (GrpcLogAppender.java:timeoutAppendRequest(200)) - fc7af808-7c3b-4e7d-bcd4-16788f7c0c06@group-BE3E92DB7FF3->3de10ab2-5aa8-4456-b48c-00692585ccec-GrpcLogAppender: appendEntries Timeout, request=fc7af808-7c3b-4e7d-bcd4-16788f7c0c06->3de10ab2-5aa8-4456-b48c-00692585ccec#81-t1, previous=(t:1, i:10), leaderCommit=6, initializing? false, entries: <empty>
2019-09-17 22:35:15,734 [3de10ab2-5aa8-4456-b48c-00692585ccec@group-BE3E92DB7FF3-SegmentedRaftLogWorker] WARN  segmented.SegmentedRaftLogWorker (SegmentedRaftLogWorker.java:getFromFuture(90)) - Timeout 17/~
org.apache.ratis.protocol.TimeoutIOException: Timeout 10s: WriteLog:7: (t:1, i:7), STATEMACHINELOGENTRY, client-88E348C253ED, cid=21-writeStateMachineData
	at org.apache.ratis.util.IOUtils.getFromFuture(IOUtils.java:87)
	at org.apache.ratis.server.raftlog.segmented.SegmentedRaftLogWorker$StateMachineDataPolicy.getFromFuture(SegmentedRaftLogWorker.java:87)
	at org.apache.ratis.server.raftlog.segmented.SegmentedRaftLogWorker$WriteLog.execute(SegmentedRaftLogWorker.java:477)
	at org.apache.ratis.server.raftlog.segmented.SegmentedRaftLogWorker.run(SegmentedRaftLogWorker.java:289)
	at java.lang.Thread.run(Thread.java:748)
Caused by: java.util.concurrent.TimeoutException
	at java.util.concurrent.CompletableFuture.timedGet(CompletableFuture.java:1771)
	at java.util.concurrent.CompletableFuture.get(CompletableFuture.java:1915)
	at org.apache.ratis.util.IOUtils.getFromFuture(IOUtils.java:79)
	... 4 more
2019-09-17 22:35:15,928 [fc7af808-7c3b-4e7d-bcd4-16788f7c0c06@group-BE3E92DB7FF3-SegmentedRaftLogWorker] WARN  segmented.SegmentedRaftLogWorker (SegmentedRaftLogWorker.java:getFromFuture(90)) - Timeout 17/~
org.apache.ratis.protocol.TimeoutIOException: Timeout 10s: WriteLog:8: (t:1, i:8), STATEMACHINELOGENTRY, client-88E348C253ED, cid=22-writeStateMachineData
	at org.apache.ratis.util.IOUtils.getFromFuture(IOUtils.java:87)
	at org.apache.ratis.server.raftlog.segmented.SegmentedRaftLogWorker$StateMachineDataPolicy.getFromFuture(SegmentedRaftLogWorker.java:87)
	at org.apache.ratis.server.raftlog.segmented.SegmentedRaftLogWorker$WriteLog.execute(SegmentedRaftLogWorker.java:477)
	at org.apache.ratis.server.raftlog.segmented.SegmentedRaftLogWorker.run(SegmentedRaftLogWorker.java:289)
	at java.lang.Thread.run(Thread.java:748)
Caused by: java.util.concurrent.TimeoutException
	at java.util.concurrent.CompletableFuture.timedGet(CompletableFuture.java:1771)
	at java.util.concurrent.CompletableFuture.get(CompletableFuture.java:1915)
	at org.apache.ratis.util.IOUtils.getFromFuture(IOUtils.java:79)
	... 4 more
2019-09-17 22:35:15,928 [80bd91bd-ab17-414e-9fbc-bd509e19448d@group-BE3E92DB7FF3-SegmentedRaftLogWorker] WARN  segmented.SegmentedRaftLogWorker (SegmentedRaftLogWorker.java:getFromFuture(90)) - Timeout 17/~
org.apache.ratis.protocol.TimeoutIOException: Timeout 10s: WriteLog:8: (t:1, i:8), STATEMACHINELOGENTRY, client-88E348C253ED, cid=22-writeStateMachineData
	at org.apache.ratis.util.IOUtils.getFromFuture(IOUtils.java:87)
	at org.apache.ratis.server.raftlog.segmented.SegmentedRaftLogWorker$StateMachineDataPolicy.getFromFuture(SegmentedRaftLogWorker.java:87)
	at org.apache.ratis.server.raftlog.segmented.SegmentedRaftLogWorker$WriteLog.execute(SegmentedRaftLogWorker.java:477)
	at org.apache.ratis.server.raftlog.segmented.SegmentedRaftLogWorker.run(SegmentedRaftLogWorker.java:289)
	at java.lang.Thread.run(Thread.java:748)
Caused by: java.util.concurrent.TimeoutException
	at java.util.concurrent.CompletableFuture.timedGet(CompletableFuture.java:1771)
	at java.util.concurrent.CompletableFuture.get(CompletableFuture.java:1915)
	at org.apache.ratis.util.IOUtils.getFromFuture(IOUtils.java:79)
	... 4 more
2019-09-17 22:35:16,434 [org.apache.ratis.server.impl.LogAppender$AppenderDaemon$$Lambda$486/264626604@2f19d634] ERROR ratis.XceiverServerRatis (XceiverServerRatis.java:triggerPipelineClose(575)) - pipeline Action CLOSE  on pipeline PipelineID=4d8c8784-d1ee-45fb-902d-be3e92db7ff3.Reason : fc7af808-7c3b-4e7d-bcd4-16788f7c0c06 has not seen follower/s 3de10ab2-5aa8-4456-b48c-00692585ccec for 181749ms 80bd91bd-ab17-414e-9fbc-bd509e19448d for 181749ms
2019-09-17 22:35:16,434 [org.apache.ratis.server.impl.LogAppender$AppenderDaemon$$Lambda$486/264626604@2d1ba8b0] ERROR ratis.XceiverServerRatis (XceiverServerRatis.java:triggerPipelineClose(575)) - pipeline Action CLOSE  on pipeline PipelineID=4d8c8784-d1ee-45fb-902d-be3e92db7ff3.Reason : fc7af808-7c3b-4e7d-bcd4-16788f7c0c06 has not seen follower/s 3de10ab2-5aa8-4456-b48c-00692585ccec for 181749ms 80bd91bd-ab17-414e-9fbc-bd509e19448d for 181749ms
2019-09-17 22:35:16,933 [java.util.concurrent.ThreadPoolExecutor$Worker@44fdba2a[State = -1, empty queue]] WARN  server.GrpcLogAppender (GrpcLogAppender.java:timeoutAppendRequest(200)) - fc7af808-7c3b-4e7d-bcd4-16788f7c0c06@group-BE3E92DB7FF3->80bd91bd-ab17-414e-9fbc-bd509e19448d-GrpcLogAppender: appendEntries Timeout, request=fc7af808-7c3b-4e7d-bcd4-16788f7c0c06->80bd91bd-ab17-414e-9fbc-bd509e19448d#82-t1, previous=(t:1, i:10), leaderCommit=6, initializing? false, entries: <empty>
2019-09-17 22:35:16,934 [java.util.concurrent.ThreadPoolExecutor$Worker@7e5f243f[State = -1, empty queue]] WARN  server.GrpcLogAppender (GrpcLogAppender.java:timeoutAppendRequest(200)) - fc7af808-7c3b-4e7d-bcd4-16788f7c0c06@group-BE3E92DB7FF3->3de10ab2-5aa8-4456-b48c-00692585ccec-GrpcLogAppender: appendEntries Timeout, request=fc7af808-7c3b-4e7d-bcd4-16788f7c0c06->3de10ab2-5aa8-4456-b48c-00692585ccec#82-t1, previous=(t:1, i:10), leaderCommit=6, initializing? false, entries: <empty>
2019-09-17 22:35:16,942 [EventQueue-PipelineActionsForPipelineActionHandler] ERROR pipeline.PipelineActionHandler (PipelineActionHandler.java:onMessage(60)) - Received pipeline action CLOSE for Pipeline[ Id: 4d8c8784-d1ee-45fb-902d-be3e92db7ff3, Nodes: 80bd91bd-ab17-414e-9fbc-bd509e19448d{ip: 192.168.5.156, host: pr-hdds-2121-pbfts-3191465506, networkLocation: /default-rack, certSerialId: null}3de10ab2-5aa8-4456-b48c-00692585ccec{ip: 192.168.5.156, host: pr-hdds-2121-pbfts-3191465506, networkLocation: /default-rack, certSerialId: null}fc7af808-7c3b-4e7d-bcd4-16788f7c0c06{ip: 192.168.5.156, host: pr-hdds-2121-pbfts-3191465506, networkLocation: /default-rack, certSerialId: null}, Type:RATIS, Factor:THREE, State:CLOSED] from datanode fc7af808-7c3b-4e7d-bcd4-16788f7c0c06{ip: 192.168.5.156, host: pr-hdds-2121-pbfts-3191465506, networkLocation: /default-rack, certSerialId: null}. Reason : fc7af808-7c3b-4e7d-bcd4-16788f7c0c06 has not seen follower/s 3de10ab2-5aa8-4456-b48c-00692585ccec for 181749ms 80bd91bd-ab17-414e-9fbc-bd509e19448d for 181749ms
2019-09-17 22:35:16,943 [EventQueue-PipelineActionsForPipelineActionHandler] INFO  pipeline.SCMPipelineManager (SCMPipelineManager.java:finalizeAndDestroyPipeline(311)) - destroying pipeline:Pipeline[ Id: 4d8c8784-d1ee-45fb-902d-be3e92db7ff3, Nodes: 80bd91bd-ab17-414e-9fbc-bd509e19448d{ip: 192.168.5.156, host: pr-hdds-2121-pbfts-3191465506, networkLocation: /default-rack, certSerialId: null}3de10ab2-5aa8-4456-b48c-00692585ccec{ip: 192.168.5.156, host: pr-hdds-2121-pbfts-3191465506, networkLocation: /default-rack, certSerialId: null}fc7af808-7c3b-4e7d-bcd4-16788f7c0c06{ip: 192.168.5.156, host: pr-hdds-2121-pbfts-3191465506, networkLocation: /default-rack, certSerialId: null}, Type:RATIS, Factor:THREE, State:CLOSED]
2019-09-17 22:35:17,844 [grpc-default-executor-4] INFO  client.GrpcClientProtocolClient (GrpcClientProtocolClient.java:onNext(264)) - client-88E348C253ED->3de10ab2-5aa8-4456-b48c-00692585ccec: receive RaftClientReply:client-88E348C253ED->3de10ab2-5aa8-4456-b48c-00692585ccec@group-BE3E92DB7FF3, cid=21, FAILED org.apache.ratis.protocol.NotLeaderException: Server 3de10ab2-5aa8-4456-b48c-00692585ccec@group-BE3E92DB7FF3 is not the leader fc7af808-7c3b-4e7d-bcd4-16788f7c0c06:192.168.5.156:38622, logIndex=0, commits[3de10ab2-5aa8-4456-b48c-00692585ccec:c6, fc7af808-7c3b-4e7d-bcd4-16788f7c0c06:c6, 80bd91bd-ab17-414e-9fbc-bd509e19448d:c5]
2019-09-17 22:35:18,935 [org.apache.ratis.server.impl.LogAppender$AppenderDaemon$$Lambda$486/264626604@2f19d634] ERROR ratis.XceiverServerRatis (XceiverServerRatis.java:triggerPipelineClose(575)) - pipeline Action CLOSE  on pipeline PipelineID=4d8c8784-d1ee-45fb-902d-be3e92db7ff3.Reason : fc7af808-7c3b-4e7d-bcd4-16788f7c0c06 has not seen follower/s 3de10ab2-5aa8-4456-b48c-00692585ccec for 184249ms 80bd91bd-ab17-414e-9fbc-bd509e19448d for 184250ms
2019-09-17 22:35:18,935 [org.apache.ratis.server.impl.LogAppender$AppenderDaemon$$Lambda$486/264626604@2d1ba8b0] ERROR ratis.XceiverServerRatis (XceiverServerRatis.java:triggerPipelineClose(575)) - pipeline Action CLOSE  on pipeline PipelineID=4d8c8784-d1ee-45fb-902d-be3e92db7ff3.Reason : fc7af808-7c3b-4e7d-bcd4-16788f7c0c06 has not seen follower/s 3de10ab2-5aa8-4456-b48c-00692585ccec for 184250ms 80bd91bd-ab17-414e-9fbc-bd509e19448d for 184250ms
2019-09-17 22:35:18,943 [EventQueue-PipelineActionsForPipelineActionHandler] ERROR pipeline.PipelineActionHandler (PipelineActionHandler.java:onMessage(60)) - Received pipeline action CLOSE for Pipeline[ Id: 4d8c8784-d1ee-45fb-902d-be3e92db7ff3, Nodes: 80bd91bd-ab17-414e-9fbc-bd509e19448d{ip: 192.168.5.156, host: pr-hdds-2121-pbfts-3191465506, networkLocation: /default-rack, certSerialId: null}3de10ab2-5aa8-4456-b48c-00692585ccec{ip: 192.168.5.156, host: pr-hdds-2121-pbfts-3191465506, networkLocation: /default-rack, certSerialId: null}fc7af808-7c3b-4e7d-bcd4-16788f7c0c06{ip: 192.168.5.156, host: pr-hdds-2121-pbfts-3191465506, networkLocation: /default-rack, certSerialId: null}, Type:RATIS, Factor:THREE, State:CLOSED] from datanode fc7af808-7c3b-4e7d-bcd4-16788f7c0c06{ip: 192.168.5.156, host: pr-hdds-2121-pbfts-3191465506, networkLocation: /default-rack, certSerialId: null}. Reason : fc7af808-7c3b-4e7d-bcd4-16788f7c0c06 has not seen follower/s 3de10ab2-5aa8-4456-b48c-00692585ccec for 184249ms 80bd91bd-ab17-414e-9fbc-bd509e19448d for 184250ms
2019-09-17 22:35:18,943 [EventQueue-PipelineActionsForPipelineActionHandler] INFO  pipeline.SCMPipelineManager (SCMPipelineManager.java:finalizeAndDestroyPipeline(311)) - destroying pipeline:Pipeline[ Id: 4d8c8784-d1ee-45fb-902d-be3e92db7ff3, Nodes: 80bd91bd-ab17-414e-9fbc-bd509e19448d{ip: 192.168.5.156, host: pr-hdds-2121-pbfts-3191465506, networkLocation: /default-rack, certSerialId: null}3de10ab2-5aa8-4456-b48c-00692585ccec{ip: 192.168.5.156, host: pr-hdds-2121-pbfts-3191465506, networkLocation: /default-rack, certSerialId: null}fc7af808-7c3b-4e7d-bcd4-16788f7c0c06{ip: 192.168.5.156, host: pr-hdds-2121-pbfts-3191465506, networkLocation: /default-rack, certSerialId: null}, Type:RATIS, Factor:THREE, State:CLOSED]
2019-09-17 22:35:19,434 [java.util.concurrent.ThreadPoolExecutor$Worker@44fdba2a[State = -1, empty queue]] WARN  server.GrpcLogAppender (GrpcLogAppender.java:timeoutAppendRequest(200)) - fc7af808-7c3b-4e7d-bcd4-16788f7c0c06@group-BE3E92DB7FF3->80bd91bd-ab17-414e-9fbc-bd509e19448d-GrpcLogAppender: appendEntries Timeout, request=fc7af808-7c3b-4e7d-bcd4-16788f7c0c06->80bd91bd-ab17-414e-9fbc-bd509e19448d#83-t1, previous=(t:1, i:10), leaderCommit=6, initializing? false, entries: <empty>
2019-09-17 22:35:19,434 [java.util.concurrent.ThreadPoolExecutor$Worker@7e5f243f[State = -1, empty queue]] WARN  server.GrpcLogAppender (GrpcLogAppender.java:timeoutAppendRequest(200)) - fc7af808-7c3b-4e7d-bcd4-16788f7c0c06@group-BE3E92DB7FF3->3de10ab2-5aa8-4456-b48c-00692585ccec-GrpcLogAppender: appendEntries Timeout, request=fc7af808-7c3b-4e7d-bcd4-16788f7c0c06->3de10ab2-5aa8-4456-b48c-00692585ccec#83-t1, previous=(t:1, i:10), leaderCommit=6, initializing? false, entries: <empty>
2019-09-17 22:35:21,437 [org.apache.ratis.server.impl.LogAppender$AppenderDaemon$$Lambda$486/264626604@2d1ba8b0] ERROR ratis.XceiverServerRatis (XceiverServerRatis.java:triggerPipelineClose(575)) - pipeline Action CLOSE  on pipeline PipelineID=4d8c8784-d1ee-45fb-902d-be3e92db7ff3.Reason : fc7af808-7c3b-4e7d-bcd4-16788f7c0c06 has not seen follower/s 3de10ab2-5aa8-4456-b48c-00692585ccec for 186751ms 80bd91bd-ab17-414e-9fbc-bd509e19448d for 186752ms
2019-09-17 22:35:21,437 [org.apache.ratis.server.impl.LogAppender$AppenderDaemon$$Lambda$486/264626604@2f19d634] ERROR ratis.XceiverServerRatis (XceiverServerRatis.java:triggerPipelineClose(575)) - pipeline Action CLOSE  on pipeline PipelineID=4d8c8784-d1ee-45fb-902d-be3e92db7ff3.Reason : fc7af808-7c3b-4e7d-bcd4-16788f7c0c06 has not seen follower/s 3de10ab2-5aa8-4456-b48c-00692585ccec for 186751ms 80bd91bd-ab17-414e-9fbc-bd509e19448d for 186752ms
2019-09-17 22:35:21,915 [grpc-default-executor-1] INFO  impl.RaftServerProxy (RaftServerProxy.java:remove(95)) - 80bd91bd-ab17-414e-9fbc-bd509e19448d: remove  FOLLOWER 80bd91bd-ab17-414e-9fbc-bd509e19448d@group-BE3E92DB7FF3:t1, leader=fc7af808-7c3b-4e7d-bcd4-16788f7c0c06, voted=fc7af808-7c3b-4e7d-bcd4-16788f7c0c06, raftlog=80bd91bd-ab17-414e-9fbc-bd509e19448d@group-BE3E92DB7FF3-SegmentedRaftLog:OPENED:c6,f6,i10, conf=0: [fc7af808-7c3b-4e7d-bcd4-16788f7c0c06:192.168.5.156:38622, 3de10ab2-5aa8-4456-b48c-00692585ccec:192.168.5.156:39175, 80bd91bd-ab17-414e-9fbc-bd509e19448d:192.168.5.156:34851], old=null RUNNING
2019-09-17 22:35:21,921 [grpc-default-executor-1] INFO  impl.RaftServerImpl (RaftServerImpl.java:lambda$shutdown$3(251)) - 80bd91bd-ab17-414e-9fbc-bd509e19448d@group-BE3E92DB7FF3: shutdown
2019-09-17 22:35:21,922 [grpc-default-executor-1] INFO  util.JmxRegister (JmxRegister.java:unregister(73)) - Successfully un-registered JMX Bean with object name Ratis:service=RaftServer,group=group-BE3E92DB7FF3,id=80bd91bd-ab17-414e-9fbc-bd509e19448d
2019-09-17 22:35:21,922 [grpc-default-executor-1] INFO  impl.RoleInfo (RoleInfo.java:shutdownFollowerState(121)) - 80bd91bd-ab17-414e-9fbc-bd509e19448d: shutdown FollowerState
2019-09-17 22:35:21,922 [grpc-default-executor-1] INFO  impl.StateMachineUpdater (StateMachineUpdater.java:stopAndJoin(125)) - 80bd91bd-ab17-414e-9fbc-bd509e19448d@group-BE3E92DB7FF3-StateMachineUpdater: set stopIndex = 6
2019-09-17 22:35:21,922 [Thread-309] INFO  impl.FollowerState (FollowerState.java:run(115)) - 80bd91bd-ab17-414e-9fbc-bd509e19448d: FollowerState was interrupted: java.lang.InterruptedException: sleep interrupted
2019-09-17 22:35:21,923 [80bd91bd-ab17-414e-9fbc-bd509e19448d@group-BE3E92DB7FF3-StateMachineUpdater] INFO  ratis.ContainerStateMachine (ContainerStateMachine.java:takeSnapshot(289)) - group-BE3E92DB7FF3: Taking a snapshot at:(t:1, i:5) file /workdir/hadoop-ozone/integration-test/target/test-dir/MiniOzoneClusterImpl-bd92ec51-65b6-4c9d-b31e-1ffa86bb815f/datanode-4/data/ratis/4d8c8784-d1ee-45fb-902d-be3e92db7ff3/sm/snapshot.1_5
2019-09-17 22:35:21,935 [java.util.concurrent.ThreadPoolExecutor$Worker@44fdba2a[State = -1, empty queue]] WARN  server.GrpcLogAppender (GrpcLogAppender.java:timeoutAppendRequest(200)) - fc7af808-7c3b-4e7d-bcd4-16788f7c0c06@group-BE3E92DB7FF3->80bd91bd-ab17-414e-9fbc-bd509e19448d-GrpcLogAppender: appendEntries Timeout, request=fc7af808-7c3b-4e7d-bcd4-16788f7c0c06->80bd91bd-ab17-414e-9fbc-bd509e19448d#84-t1, previous=(t:1, i:10), leaderCommit=6, initializing? false, entries: <empty>
2019-09-17 22:35:21,935 [java.util.concurrent.ThreadPoolExecutor$Worker@7e5f243f[State = -1, empty queue]] WARN  server.GrpcLogAppender (GrpcLogAppender.java:timeoutAppendRequest(200)) - fc7af808-7c3b-4e7d-bcd4-16788f7c0c06@group-BE3E92DB7FF3->3de10ab2-5aa8-4456-b48c-00692585ccec-GrpcLogAppender: appendEntries Timeout, request=fc7af808-7c3b-4e7d-bcd4-16788f7c0c06->3de10ab2-5aa8-4456-b48c-00692585ccec#84-t1, previous=(t:1, i:10), leaderCommit=6, initializing? false, entries: <empty>
2019-09-17 22:35:21,943 [EventQueue-PipelineActionsForPipelineActionHandler] ERROR pipeline.PipelineActionHandler (PipelineActionHandler.java:onMessage(60)) - Received pipeline action CLOSE for Pipeline[ Id: 4d8c8784-d1ee-45fb-902d-be3e92db7ff3, Nodes: 80bd91bd-ab17-414e-9fbc-bd509e19448d{ip: 192.168.5.156, host: pr-hdds-2121-pbfts-3191465506, networkLocation: /default-rack, certSerialId: null}3de10ab2-5aa8-4456-b48c-00692585ccec{ip: 192.168.5.156, host: pr-hdds-2121-pbfts-3191465506, networkLocation: /default-rack, certSerialId: null}fc7af808-7c3b-4e7d-bcd4-16788f7c0c06{ip: 192.168.5.156, host: pr-hdds-2121-pbfts-3191465506, networkLocation: /default-rack, certSerialId: null}, Type:RATIS, Factor:THREE, State:CLOSED] from datanode fc7af808-7c3b-4e7d-bcd4-16788f7c0c06{ip: 192.168.5.156, host: pr-hdds-2121-pbfts-3191465506, networkLocation: /default-rack, certSerialId: null}. Reason : fc7af808-7c3b-4e7d-bcd4-16788f7c0c06 has not seen follower/s 3de10ab2-5aa8-4456-b48c-00692585ccec for 186751ms 80bd91bd-ab17-414e-9fbc-bd509e19448d for 186752ms
2019-09-17 22:35:21,944 [EventQueue-PipelineActionsForPipelineActionHandler] INFO  pipeline.SCMPipelineManager (SCMPipelineManager.java:finalizeAndDestroyPipeline(311)) - destroying pipeline:Pipeline[ Id: 4d8c8784-d1ee-45fb-902d-be3e92db7ff3, Nodes: 80bd91bd-ab17-414e-9fbc-bd509e19448d{ip: 192.168.5.156, host: pr-hdds-2121-pbfts-3191465506, networkLocation: /default-rack, certSerialId: null}3de10ab2-5aa8-4456-b48c-00692585ccec{ip: 192.168.5.156, host: pr-hdds-2121-pbfts-3191465506, networkLocation: /default-rack, certSerialId: null}fc7af808-7c3b-4e7d-bcd4-16788f7c0c06{ip: 192.168.5.156, host: pr-hdds-2121-pbfts-3191465506, networkLocation: /default-rack, certSerialId: null}, Type:RATIS, Factor:THREE, State:CLOSED]
2019-09-17 22:35:21,974 [80bd91bd-ab17-414e-9fbc-bd509e19448d@group-BE3E92DB7FF3-StateMachineUpdater] INFO  ratis.ContainerStateMachine (ContainerStateMachine.java:takeSnapshot(300)) - group-BE3E92DB7FF3: Finished taking a snapshot at:(t:1, i:5) file:/workdir/hadoop-ozone/integration-test/target/test-dir/MiniOzoneClusterImpl-bd92ec51-65b6-4c9d-b31e-1ffa86bb815f/datanode-4/data/ratis/4d8c8784-d1ee-45fb-902d-be3e92db7ff3/sm/snapshot.1_5 time:52
2019-09-17 22:35:21,983 [80bd91bd-ab17-414e-9fbc-bd509e19448d@group-BE3E92DB7FF3-StateMachineUpdater] INFO  impl.StateMachineUpdater (StateMachineUpdater.java:takeSnapshot(258)) - 80bd91bd-ab17-414e-9fbc-bd509e19448d@group-BE3E92DB7FF3-StateMachineUpdater: Took a snapshot at index 5
2019-09-17 22:35:21,986 [80bd91bd-ab17-414e-9fbc-bd509e19448d@group-BE3E92DB7FF3-StateMachineUpdater] INFO  impl.StateMachineUpdater (StateMachineUpdater.java:lambda$new$0(83)) - 80bd91bd-ab17-414e-9fbc-bd509e19448d@group-BE3E92DB7FF3-StateMachineUpdater: snapshotIndex: updateIncreasingly -1 -> 5
2019-09-17 22:35:21,993 [80bd91bd-ab17-414e-9fbc-bd509e19448d@group-BE3E92DB7FF3-StateMachineUpdater] INFO  ratis.ContainerStateMachine (ContainerStateMachine.java:takeSnapshot(289)) - group-BE3E92DB7FF3: Taking a snapshot at:(t:1, i:5) file /workdir/hadoop-ozone/integration-test/target/test-dir/MiniOzoneClusterImpl-bd92ec51-65b6-4c9d-b31e-1ffa86bb815f/datanode-4/data/ratis/4d8c8784-d1ee-45fb-902d-be3e92db7ff3/sm/snapshot.1_5
2019-09-17 22:35:22,016 [80bd91bd-ab17-414e-9fbc-bd509e19448d@group-BE3E92DB7FF3-StateMachineUpdater] INFO  ratis.ContainerStateMachine (ContainerStateMachine.java:takeSnapshot(300)) - group-BE3E92DB7FF3: Finished taking a snapshot at:(t:1, i:5) file:/workdir/hadoop-ozone/integration-test/target/test-dir/MiniOzoneClusterImpl-bd92ec51-65b6-4c9d-b31e-1ffa86bb815f/datanode-4/data/ratis/4d8c8784-d1ee-45fb-902d-be3e92db7ff3/sm/snapshot.1_5 time:23
2019-09-17 22:35:22,017 [80bd91bd-ab17-414e-9fbc-bd509e19448d@group-BE3E92DB7FF3-StateMachineUpdater] INFO  impl.StateMachineUpdater (StateMachineUpdater.java:takeSnapshot(258)) - 80bd91bd-ab17-414e-9fbc-bd509e19448d@group-BE3E92DB7FF3-StateMachineUpdater: Took a snapshot at index 5
2019-09-17 22:35:22,017 [80bd91bd-ab17-414e-9fbc-bd509e19448d@group-BE3E92DB7FF3-StateMachineUpdater] INFO  impl.StateMachineUpdater (StateMachineUpdater.java:lambda$new$0(83)) - 80bd91bd-ab17-414e-9fbc-bd509e19448d@group-BE3E92DB7FF3-StateMachineUpdater: snapshotIndex: updateIncreasingly 5 -> 5
2019-09-17 22:35:22,017 [grpc-default-executor-1] INFO  impl.RaftServerImpl (ServerState.java:close(385)) - 80bd91bd-ab17-414e-9fbc-bd509e19448d@group-BE3E92DB7FF3: closes. applyIndex: 6
2019-09-17 22:35:22,033 [80bd91bd-ab17-414e-9fbc-bd509e19448d@group-BE3E92DB7FF3-SegmentedRaftLogWorker] ERROR ratis.XceiverServerRatis (XceiverServerRatis.java:triggerPipelineClose(575)) - pipeline Action CLOSE  on pipeline PipelineID=4d8c8784-d1ee-45fb-902d-be3e92db7ff3.Reason : WriteLog:8: (t:1, i:8), STATEMACHINELOGENTRY, client-88E348C253ED, cid=22-writeStateMachineData interrupted.
2019-09-17 22:35:22,038 [EventQueue-PipelineActionsForPipelineActionHandler] ERROR pipeline.PipelineActionHandler (PipelineActionHandler.java:onMessage(60)) - Received pipeline action CLOSE for Pipeline[ Id: 4d8c8784-d1ee-45fb-902d-be3e92db7ff3, Nodes: 80bd91bd-ab17-414e-9fbc-bd509e19448d{ip: 192.168.5.156, host: pr-hdds-2121-pbfts-3191465506, networkLocation: /default-rack, certSerialId: null}3de10ab2-5aa8-4456-b48c-00692585ccec{ip: 192.168.5.156, host: pr-hdds-2121-pbfts-3191465506, networkLocation: /default-rack, certSerialId: null}fc7af808-7c3b-4e7d-bcd4-16788f7c0c06{ip: 192.168.5.156, host: pr-hdds-2121-pbfts-3191465506, networkLocation: /default-rack, certSerialId: null}, Type:RATIS, Factor:THREE, State:CLOSED] from datanode 80bd91bd-ab17-414e-9fbc-bd509e19448d{ip: 192.168.5.156, host: pr-hdds-2121-pbfts-3191465506, networkLocation: /default-rack, certSerialId: null}. Reason : WriteLog:8: (t:1, i:8), STATEMACHINELOGENTRY, client-88E348C253ED, cid=22-writeStateMachineData interrupted.
2019-09-17 22:35:22,038 [EventQueue-PipelineActionsForPipelineActionHandler] INFO  pipeline.SCMPipelineManager (SCMPipelineManager.java:finalizeAndDestroyPipeline(311)) - destroying pipeline:Pipeline[ Id: 4d8c8784-d1ee-45fb-902d-be3e92db7ff3, Nodes: 80bd91bd-ab17-414e-9fbc-bd509e19448d{ip: 192.168.5.156, host: pr-hdds-2121-pbfts-3191465506, networkLocation: /default-rack, certSerialId: null}3de10ab2-5aa8-4456-b48c-00692585ccec{ip: 192.168.5.156, host: pr-hdds-2121-pbfts-3191465506, networkLocation: /default-rack, certSerialId: null}fc7af808-7c3b-4e7d-bcd4-16788f7c0c06{ip: 192.168.5.156, host: pr-hdds-2121-pbfts-3191465506, networkLocation: /default-rack, certSerialId: null}, Type:RATIS, Factor:THREE, State:CLOSED]
2019-09-17 22:35:22,049 [grpc-default-executor-1] INFO  segmented.SegmentedRaftLogWorker (SegmentedRaftLogWorker.java:close(228)) - 80bd91bd-ab17-414e-9fbc-bd509e19448d@group-BE3E92DB7FF3-SegmentedRaftLogWorker close()
2019-09-17 22:35:22,071 [grpc-default-executor-1] INFO  interfaces.Container (KeyValueContainer.java:flushAndSyncDB(386)) - Container 1 is synced with bcsId 5.
2019-09-17 22:35:22,071 [grpc-default-executor-1] INFO  interfaces.Container (KeyValueContainer.java:flushAndSyncDB(386)) - Container 1 is synced with bcsId 5.
2019-09-17 22:35:22,100 [EventQueue-IncrementalContainerReportForIncrementalContainerReportHandler] INFO  container.IncrementalContainerReportHandler (AbstractContainerReportHandler.java:updateContainerState(169)) - Moving container #1 to QUASI_CLOSED state, datanode 80bd91bd-ab17-414e-9fbc-bd509e19448d{ip: 192.168.5.156, host: pr-hdds-2121-pbfts-3191465506, networkLocation: /default-rack, certSerialId: null} reported QUASI_CLOSED replica.
2019-09-17 22:35:22,220 [grpc-default-executor-1] INFO  interfaces.Container (KeyValueContainer.java:flushAndSyncDB(386)) - Container 3 is synced with bcsId 0.
2019-09-17 22:35:22,220 [grpc-default-executor-1] INFO  interfaces.Container (KeyValueContainer.java:flushAndSyncDB(386)) - Container 3 is synced with bcsId 0.
2019-09-17 22:35:22,250 [EventQueue-IncrementalContainerReportForIncrementalContainerReportHandler] INFO  container.IncrementalContainerReportHandler (AbstractContainerReportHandler.java:updateContainerState(169)) - Moving container #3 to QUASI_CLOSED state, datanode 80bd91bd-ab17-414e-9fbc-bd509e19448d{ip: 192.168.5.156, host: pr-hdds-2121-pbfts-3191465506, networkLocation: /default-rack, certSerialId: null} reported QUASI_CLOSED replica.
2019-09-17 22:35:22,262 [grpc-default-executor-1] INFO  impl.RaftServerProxy (RaftServerProxy.java:remove(95)) - 3de10ab2-5aa8-4456-b48c-00692585ccec: remove  FOLLOWER 3de10ab2-5aa8-4456-b48c-00692585ccec@group-BE3E92DB7FF3:t1, leader=fc7af808-7c3b-4e7d-bcd4-16788f7c0c06, voted=fc7af808-7c3b-4e7d-bcd4-16788f7c0c06, raftlog=3de10ab2-5aa8-4456-b48c-00692585ccec@group-BE3E92DB7FF3-SegmentedRaftLog:OPENED:c6,f6,i10, conf=0: [fc7af808-7c3b-4e7d-bcd4-16788f7c0c06:192.168.5.156:38622, 3de10ab2-5aa8-4456-b48c-00692585ccec:192.168.5.156:39175, 80bd91bd-ab17-414e-9fbc-bd509e19448d:192.168.5.156:34851], old=null RUNNING
2019-09-17 22:35:22,262 [grpc-default-executor-1] INFO  impl.RaftServerImpl (RaftServerImpl.java:lambda$shutdown$3(251)) - 3de10ab2-5aa8-4456-b48c-00692585ccec@group-BE3E92DB7FF3: shutdown
2019-09-17 22:35:22,263 [grpc-default-executor-1] INFO  util.JmxRegister (JmxRegister.java:unregister(73)) - Successfully un-registered JMX Bean with object name Ratis:service=RaftServer,group=group-BE3E92DB7FF3,id=3de10ab2-5aa8-4456-b48c-00692585ccec
2019-09-17 22:35:22,263 [grpc-default-executor-1] INFO  impl.RoleInfo (RoleInfo.java:shutdownFollowerState(121)) - 3de10ab2-5aa8-4456-b48c-00692585ccec: shutdown FollowerState
2019-09-17 22:35:22,263 [grpc-default-executor-1] INFO  impl.StateMachineUpdater (StateMachineUpdater.java:stopAndJoin(125)) - 3de10ab2-5aa8-4456-b48c-00692585ccec@group-BE3E92DB7FF3-StateMachineUpdater: set stopIndex = 6
2019-09-17 22:35:22,263 [Thread-308] INFO  impl.FollowerState (FollowerState.java:run(115)) - 3de10ab2-5aa8-4456-b48c-00692585ccec: FollowerState was interrupted: java.lang.InterruptedException: sleep interrupted
2019-09-17 22:35:22,264 [3de10ab2-5aa8-4456-b48c-00692585ccec@group-BE3E92DB7FF3-StateMachineUpdater] INFO  ratis.ContainerStateMachine (ContainerStateMachine.java:takeSnapshot(289)) - group-BE3E92DB7FF3: Taking a snapshot at:(t:1, i:5) file /workdir/hadoop-ozone/integration-test/target/test-dir/MiniOzoneClusterImpl-bd92ec51-65b6-4c9d-b31e-1ffa86bb815f/datanode-6/data/ratis/4d8c8784-d1ee-45fb-902d-be3e92db7ff3/sm/snapshot.1_5
2019-09-17 22:35:22,288 [3de10ab2-5aa8-4456-b48c-00692585ccec@group-BE3E92DB7FF3-StateMachineUpdater] INFO  ratis.ContainerStateMachine (ContainerStateMachine.java:takeSnapshot(300)) - group-BE3E92DB7FF3: Finished taking a snapshot at:(t:1, i:5) file:/workdir/hadoop-ozone/integration-test/target/test-dir/MiniOzoneClusterImpl-bd92ec51-65b6-4c9d-b31e-1ffa86bb815f/datanode-6/data/ratis/4d8c8784-d1ee-45fb-902d-be3e92db7ff3/sm/snapshot.1_5 time:25
2019-09-17 22:35:22,288 [3de10ab2-5aa8-4456-b48c-00692585ccec@group-BE3E92DB7FF3-StateMachineUpdater] INFO  impl.StateMachineUpdater (StateMachineUpdater.java:takeSnapshot(258)) - 3de10ab2-5aa8-4456-b48c-00692585ccec@group-BE3E92DB7FF3-StateMachineUpdater: Took a snapshot at index 5
2019-09-17 22:35:22,288 [3de10ab2-5aa8-4456-b48c-00692585ccec@group-BE3E92DB7FF3-StateMachineUpdater] INFO  impl.StateMachineUpdater (StateMachineUpdater.java:lambda$new$0(83)) - 3de10ab2-5aa8-4456-b48c-00692585ccec@group-BE3E92DB7FF3-StateMachineUpdater: snapshotIndex: updateIncreasingly -1 -> 5
2019-09-17 22:35:22,289 [3de10ab2-5aa8-4456-b48c-00692585ccec@group-BE3E92DB7FF3-StateMachineUpdater] INFO  ratis.ContainerStateMachine (ContainerStateMachine.java:takeSnapshot(289)) - group-BE3E92DB7FF3: Taking a snapshot at:(t:1, i:5) file /workdir/hadoop-ozone/integration-test/target/test-dir/MiniOzoneClusterImpl-bd92ec51-65b6-4c9d-b31e-1ffa86bb815f/datanode-6/data/ratis/4d8c8784-d1ee-45fb-902d-be3e92db7ff3/sm/snapshot.1_5
2019-09-17 22:35:22,314 [3de10ab2-5aa8-4456-b48c-00692585ccec@group-BE3E92DB7FF3-StateMachineUpdater] INFO  ratis.ContainerStateMachine (ContainerStateMachine.java:takeSnapshot(300)) - group-BE3E92DB7FF3: Finished taking a snapshot at:(t:1, i:5) file:/workdir/hadoop-ozone/integration-test/target/test-dir/MiniOzoneClusterImpl-bd92ec51-65b6-4c9d-b31e-1ffa86bb815f/datanode-6/data/ratis/4d8c8784-d1ee-45fb-902d-be3e92db7ff3/sm/snapshot.1_5 time:25
2019-09-17 22:35:22,314 [3de10ab2-5aa8-4456-b48c-00692585ccec@group-BE3E92DB7FF3-StateMachineUpdater] INFO  impl.StateMachineUpdater (StateMachineUpdater.java:takeSnapshot(258)) - 3de10ab2-5aa8-4456-b48c-00692585ccec@group-BE3E92DB7FF3-StateMachineUpdater: Took a snapshot at index 5
2019-09-17 22:35:22,314 [3de10ab2-5aa8-4456-b48c-00692585ccec@group-BE3E92DB7FF3-StateMachineUpdater] INFO  impl.StateMachineUpdater (StateMachineUpdater.java:lambda$new$0(83)) - 3de10ab2-5aa8-4456-b48c-00692585ccec@group-BE3E92DB7FF3-StateMachineUpdater: snapshotIndex: updateIncreasingly 5 -> 5
2019-09-17 22:35:22,314 [grpc-default-executor-1] INFO  impl.RaftServerImpl (ServerState.java:close(385)) - 3de10ab2-5aa8-4456-b48c-00692585ccec@group-BE3E92DB7FF3: closes. applyIndex: 6
2019-09-17 22:35:22,315 [3de10ab2-5aa8-4456-b48c-00692585ccec@group-BE3E92DB7FF3-SegmentedRaftLogWorker] ERROR ratis.XceiverServerRatis (XceiverServerRatis.java:triggerPipelineClose(575)) - pipeline Action CLOSE  on pipeline PipelineID=4d8c8784-d1ee-45fb-902d-be3e92db7ff3.Reason : WriteLog:7: (t:1, i:7), STATEMACHINELOGENTRY, client-88E348C253ED, cid=21-writeStateMachineData interrupted.
2019-09-17 22:35:22,319 [grpc-default-executor-1] INFO  segmented.SegmentedRaftLogWorker (SegmentedRaftLogWorker.java:close(228)) - 3de10ab2-5aa8-4456-b48c-00692585ccec@group-BE3E92DB7FF3-SegmentedRaftLogWorker close()
2019-09-17 22:35:22,320 [EventQueue-PipelineActionsForPipelineActionHandler] ERROR pipeline.PipelineActionHandler (PipelineActionHandler.java:onMessage(60)) - Received pipeline action CLOSE for Pipeline[ Id: 4d8c8784-d1ee-45fb-902d-be3e92db7ff3, Nodes: 80bd91bd-ab17-414e-9fbc-bd509e19448d{ip: 192.168.5.156, host: pr-hdds-2121-pbfts-3191465506, networkLocation: /default-rack, certSerialId: null}3de10ab2-5aa8-4456-b48c-00692585ccec{ip: 192.168.5.156, host: pr-hdds-2121-pbfts-3191465506, networkLocation: /default-rack, certSerialId: null}fc7af808-7c3b-4e7d-bcd4-16788f7c0c06{ip: 192.168.5.156, host: pr-hdds-2121-pbfts-3191465506, networkLocation: /default-rack, certSerialId: null}, Type:RATIS, Factor:THREE, State:CLOSED] from datanode 3de10ab2-5aa8-4456-b48c-00692585ccec{ip: 192.168.5.156, host: pr-hdds-2121-pbfts-3191465506, networkLocation: /default-rack, certSerialId: null}. Reason : WriteLog:7: (t:1, i:7), STATEMACHINELOGENTRY, client-88E348C253ED, cid=21-writeStateMachineData interrupted.
2019-09-17 22:35:22,324 [EventQueue-PipelineActionsForPipelineActionHandler] INFO  pipeline.SCMPipelineManager (SCMPipelineManager.java:finalizeAndDestroyPipeline(311)) - destroying pipeline:Pipeline[ Id: 4d8c8784-d1ee-45fb-902d-be3e92db7ff3, Nodes: 80bd91bd-ab17-414e-9fbc-bd509e19448d{ip: 192.168.5.156, host: pr-hdds-2121-pbfts-3191465506, networkLocation: /default-rack, certSerialId: null}3de10ab2-5aa8-4456-b48c-00692585ccec{ip: 192.168.5.156, host: pr-hdds-2121-pbfts-3191465506, networkLocation: /default-rack, certSerialId: null}fc7af808-7c3b-4e7d-bcd4-16788f7c0c06{ip: 192.168.5.156, host: pr-hdds-2121-pbfts-3191465506, networkLocation: /default-rack, certSerialId: null}, Type:RATIS, Factor:THREE, State:CLOSED]
2019-09-17 22:35:22,339 [grpc-default-executor-1] INFO  interfaces.Container (KeyValueContainer.java:flushAndSyncDB(386)) - Container 1 is synced with bcsId 5.
2019-09-17 22:35:22,339 [grpc-default-executor-1] INFO  interfaces.Container (KeyValueContainer.java:flushAndSyncDB(386)) - Container 1 is synced with bcsId 5.
2019-09-17 22:35:22,475 [grpc-default-executor-1] INFO  interfaces.Container (KeyValueContainer.java:flushAndSyncDB(386)) - Container 3 is synced with bcsId 0.
2019-09-17 22:35:22,475 [grpc-default-executor-1] INFO  interfaces.Container (KeyValueContainer.java:flushAndSyncDB(386)) - Container 3 is synced with bcsId 0.
2019-09-17 22:35:22,514 [grpc-default-executor-1] INFO  impl.RaftServerProxy (RaftServerProxy.java:remove(95)) - fc7af808-7c3b-4e7d-bcd4-16788f7c0c06: remove    LEADER fc7af808-7c3b-4e7d-bcd4-16788f7c0c06@group-BE3E92DB7FF3:t1, leader=fc7af808-7c3b-4e7d-bcd4-16788f7c0c06, voted=fc7af808-7c3b-4e7d-bcd4-16788f7c0c06, raftlog=fc7af808-7c3b-4e7d-bcd4-16788f7c0c06@group-BE3E92DB7FF3-SegmentedRaftLog:OPENED:c6,f6,i10, conf=0: [fc7af808-7c3b-4e7d-bcd4-16788f7c0c06:192.168.5.156:38622, 3de10ab2-5aa8-4456-b48c-00692585ccec:192.168.5.156:39175, 80bd91bd-ab17-414e-9fbc-bd509e19448d:192.168.5.156:34851], old=null RUNNING
2019-09-17 22:35:22,514 [grpc-default-executor-1] INFO  impl.RaftServerImpl (RaftServerImpl.java:lambda$shutdown$3(251)) - fc7af808-7c3b-4e7d-bcd4-16788f7c0c06@group-BE3E92DB7FF3: shutdown
2019-09-17 22:35:22,514 [grpc-default-executor-1] INFO  util.JmxRegister (JmxRegister.java:unregister(73)) - Successfully un-registered JMX Bean with object name Ratis:service=RaftServer,group=group-BE3E92DB7FF3,id=fc7af808-7c3b-4e7d-bcd4-16788f7c0c06
2019-09-17 22:35:22,515 [grpc-default-executor-1] INFO  impl.RoleInfo (RoleInfo.java:shutdownLeaderState(104)) - fc7af808-7c3b-4e7d-bcd4-16788f7c0c06: shutdown LeaderState
2019-09-17 22:35:22,519 [grpc-default-executor-1] INFO  impl.PendingRequests (PendingRequests.java:sendNotLeaderResponses(202)) - fc7af808-7c3b-4e7d-bcd4-16788f7c0c06-PendingRequests: sendNotLeaderResponses
2019-09-17 22:35:22,519 [org.apache.ratis.server.impl.LogAppender$AppenderDaemon$$Lambda$486/264626604@2d1ba8b0] WARN  server.GrpcLogAppender (GrpcLogAppender.java:mayWait(143)) - fc7af808-7c3b-4e7d-bcd4-16788f7c0c06@group-BE3E92DB7FF3->3de10ab2-5aa8-4456-b48c-00692585ccec-GrpcLogAppender: Wait interrupted by java.lang.InterruptedException
2019-09-17 22:35:22,519 [org.apache.ratis.server.impl.LogAppender$AppenderDaemon$$Lambda$486/264626604@2f19d634] WARN  server.GrpcLogAppender (GrpcLogAppender.java:mayWait(143)) - fc7af808-7c3b-4e7d-bcd4-16788f7c0c06@group-BE3E92DB7FF3->80bd91bd-ab17-414e-9fbc-bd509e19448d-GrpcLogAppender: Wait interrupted by java.lang.InterruptedException
2019-09-17 22:35:22,521 [grpc-default-executor-4] INFO  server.GrpcServerProtocolService (GrpcServerProtocolService.java:onCompleted(113)) - 80bd91bd-ab17-414e-9fbc-bd509e19448d: Completed APPEND_ENTRIES, lastRequest: fc7af808-7c3b-4e7d-bcd4-16788f7c0c06->80bd91bd-ab17-414e-9fbc-bd509e19448d#85-t1, previous=(t:1, i:10), leaderCommit=6, initializing? false, entries: <empty>
2019-09-17 22:35:22,521 [grpc-default-executor-2] INFO  server.GrpcServerProtocolService (GrpcServerProtocolService.java:onCompleted(113)) - 3de10ab2-5aa8-4456-b48c-00692585ccec: Completed APPEND_ENTRIES, lastRequest: fc7af808-7c3b-4e7d-bcd4-16788f7c0c06->3de10ab2-5aa8-4456-b48c-00692585ccec#85-t1, previous=(t:1, i:10), leaderCommit=6, initializing? false, entries: <empty>
2019-09-17 22:35:22,524 [grpc-default-executor-2] INFO  server.GrpcLogAppender (GrpcLogAppender.java:onCompleted(293)) - fc7af808-7c3b-4e7d-bcd4-16788f7c0c06@group-BE3E92DB7FF3->80bd91bd-ab17-414e-9fbc-bd509e19448d-AppendLogResponseHandler: follower responses appendEntries COMPLETED
2019-09-17 22:35:22,524 [grpc-default-executor-4] INFO  server.GrpcLogAppender (GrpcLogAppender.java:onCompleted(293)) - fc7af808-7c3b-4e7d-bcd4-16788f7c0c06@group-BE3E92DB7FF3->3de10ab2-5aa8-4456-b48c-00692585ccec-AppendLogResponseHandler: follower responses appendEntries COMPLETED
2019-09-17 22:35:22,525 [grpc-default-executor-2] INFO  impl.FollowerInfo (FollowerInfo.java:lambda$new$0(51)) - fc7af808-7c3b-4e7d-bcd4-16788f7c0c06@group-BE3E92DB7FF3->80bd91bd-ab17-414e-9fbc-bd509e19448d: nextIndex: updateUnconditionally 11 -> 7
2019-09-17 22:35:22,525 [grpc-default-executor-4] INFO  impl.FollowerInfo (FollowerInfo.java:lambda$new$0(51)) - fc7af808-7c3b-4e7d-bcd4-16788f7c0c06@group-BE3E92DB7FF3->3de10ab2-5aa8-4456-b48c-00692585ccec: nextIndex: updateUnconditionally 11 -> 7
2019-09-17 22:35:22,532 [grpc-default-executor-1] INFO  impl.StateMachineUpdater (StateMachineUpdater.java:stopAndJoin(125)) - fc7af808-7c3b-4e7d-bcd4-16788f7c0c06@group-BE3E92DB7FF3-StateMachineUpdater: set stopIndex = 6
2019-09-17 22:35:22,532 [fc7af808-7c3b-4e7d-bcd4-16788f7c0c06@group-BE3E92DB7FF3-StateMachineUpdater] INFO  ratis.ContainerStateMachine (ContainerStateMachine.java:takeSnapshot(289)) - group-BE3E92DB7FF3: Taking a snapshot at:(t:1, i:6) file /workdir/hadoop-ozone/integration-test/target/test-dir/MiniOzoneClusterImpl-bd92ec51-65b6-4c9d-b31e-1ffa86bb815f/datanode-0/data/ratis/4d8c8784-d1ee-45fb-902d-be3e92db7ff3/sm/snapshot.1_6
2019-09-17 22:35:22,551 [fc7af808-7c3b-4e7d-bcd4-16788f7c0c06@group-BE3E92DB7FF3-StateMachineUpdater] INFO  ratis.ContainerStateMachine (ContainerStateMachine.java:takeSnapshot(300)) - group-BE3E92DB7FF3: Finished taking a snapshot at:(t:1, i:6) file:/workdir/hadoop-ozone/integration-test/target/test-dir/MiniOzoneClusterImpl-bd92ec51-65b6-4c9d-b31e-1ffa86bb815f/datanode-0/data/ratis/4d8c8784-d1ee-45fb-902d-be3e92db7ff3/sm/snapshot.1_6 time:19
2019-09-17 22:35:22,551 [fc7af808-7c3b-4e7d-bcd4-16788f7c0c06@group-BE3E92DB7FF3-StateMachineUpdater] INFO  impl.StateMachineUpdater (StateMachineUpdater.java:takeSnapshot(258)) - fc7af808-7c3b-4e7d-bcd4-16788f7c0c06@group-BE3E92DB7FF3-StateMachineUpdater: Took a snapshot at index 6
2019-09-17 22:35:22,552 [fc7af808-7c3b-4e7d-bcd4-16788f7c0c06@group-BE3E92DB7FF3-StateMachineUpdater] INFO  impl.StateMachineUpdater (StateMachineUpdater.java:lambda$new$0(83)) - fc7af808-7c3b-4e7d-bcd4-16788f7c0c06@group-BE3E92DB7FF3-StateMachineUpdater: snapshotIndex: updateIncreasingly -1 -> 6
2019-09-17 22:35:22,552 [grpc-default-executor-1] INFO  impl.RaftServerImpl (ServerState.java:close(385)) - fc7af808-7c3b-4e7d-bcd4-16788f7c0c06@group-BE3E92DB7FF3: closes. applyIndex: 6
2019-09-17 22:35:22,552 [Command processor thread] ERROR commandhandler.CloseContainerCommandHandler (CloseContainerCommandHandler.java:handle(125)) - Can't close container #3
java.io.IOException: org.apache.ratis.protocol.GroupMismatchException: fc7af808-7c3b-4e7d-bcd4-16788f7c0c06: group-BE3E92DB7FF3 not found.
	at org.apache.hadoop.ozone.container.common.transport.server.ratis.XceiverServerRatis.submitRequest(XceiverServerRatis.java:502)
	at org.apache.hadoop.ozone.container.common.statemachine.commandhandler.CloseContainerCommandHandler.handle(CloseContainerCommandHandler.java:102)
	at org.apache.hadoop.ozone.container.common.statemachine.commandhandler.CommandDispatcher.handle(CommandDispatcher.java:99)
	at org.apache.hadoop.ozone.container.common.statemachine.DatanodeStateMachine.lambda$initCommandHandlerThread$1(DatanodeStateMachine.java:432)
	at java.lang.Thread.run(Thread.java:748)
Caused by: java.util.concurrent.ExecutionException: org.apache.ratis.protocol.GroupMismatchException: fc7af808-7c3b-4e7d-bcd4-16788f7c0c06: group-BE3E92DB7FF3 not found.
	at java.util.concurrent.CompletableFuture.reportGet(CompletableFuture.java:357)
	at java.util.concurrent.CompletableFuture.get(CompletableFuture.java:1895)
	at org.apache.hadoop.ozone.container.common.transport.server.ratis.XceiverServerRatis.submitRequest(XceiverServerRatis.java:500)
	... 4 more
Caused by: org.apache.ratis.protocol.GroupMismatchException: fc7af808-7c3b-4e7d-bcd4-16788f7c0c06: group-BE3E92DB7FF3 not found.
	at org.apache.ratis.server.impl.RaftServerProxy$ImplMap.get(RaftServerProxy.java:122)
	at org.apache.ratis.server.impl.RaftServerProxy.getImplFuture(RaftServerProxy.java:269)
	at org.apache.ratis.server.impl.RaftServerProxy.submitRequest(RaftServerProxy.java:327)
	at org.apache.ratis.server.impl.RaftServerProxy.submitClientRequestAsync(RaftServerProxy.java:333)
	... 5 more
2019-09-17 22:35:22,553 [fc7af808-7c3b-4e7d-bcd4-16788f7c0c06@group-BE3E92DB7FF3-SegmentedRaftLogWorker] ERROR ratis.XceiverServerRatis (XceiverServerRatis.java:triggerPipelineClose(575)) - pipeline Action CLOSE  on pipeline PipelineID=4d8c8784-d1ee-45fb-902d-be3e92db7ff3.Reason : WriteLog:8: (t:1, i:8), STATEMACHINELOGENTRY, client-88E348C253ED, cid=22-writeStateMachineData interrupted.
2019-09-17 22:35:22,555 [EventQueue-PipelineActionsForPipelineActionHandler] ERROR pipeline.PipelineActionHandler (PipelineActionHandler.java:onMessage(60)) - Received pipeline action CLOSE for Pipeline[ Id: 4d8c8784-d1ee-45fb-902d-be3e92db7ff3, Nodes: 80bd91bd-ab17-414e-9fbc-bd509e19448d{ip: 192.168.5.156, host: pr-hdds-2121-pbfts-3191465506, networkLocation: /default-rack, certSerialId: null}3de10ab2-5aa8-4456-b48c-00692585ccec{ip: 192.168.5.156, host: pr-hdds-2121-pbfts-3191465506, networkLocation: /default-rack, certSerialId: null}fc7af808-7c3b-4e7d-bcd4-16788f7c0c06{ip: 192.168.5.156, host: pr-hdds-2121-pbfts-3191465506, networkLocation: /default-rack, certSerialId: null}, Type:RATIS, Factor:THREE, State:CLOSED] from datanode fc7af808-7c3b-4e7d-bcd4-16788f7c0c06{ip: 192.168.5.156, host: pr-hdds-2121-pbfts-3191465506, networkLocation: /default-rack, certSerialId: null}. Reason : WriteLog:8: (t:1, i:8), STATEMACHINELOGENTRY, client-88E348C253ED, cid=22-writeStateMachineData interrupted.
2019-09-17 22:35:22,556 [EventQueue-PipelineActionsForPipelineActionHandler] INFO  pipeline.SCMPipelineManager (SCMPipelineManager.java:finalizeAndDestroyPipeline(311)) - destroying pipeline:Pipeline[ Id: 4d8c8784-d1ee-45fb-902d-be3e92db7ff3, Nodes: 80bd91bd-ab17-414e-9fbc-bd509e19448d{ip: 192.168.5.156, host: pr-hdds-2121-pbfts-3191465506, networkLocation: /default-rack, certSerialId: null}3de10ab2-5aa8-4456-b48c-00692585ccec{ip: 192.168.5.156, host: pr-hdds-2121-pbfts-3191465506, networkLocation: /default-rack, certSerialId: null}fc7af808-7c3b-4e7d-bcd4-16788f7c0c06{ip: 192.168.5.156, host: pr-hdds-2121-pbfts-3191465506, networkLocation: /default-rack, certSerialId: null}, Type:RATIS, Factor:THREE, State:CLOSED]
2019-09-17 22:35:22,566 [grpc-default-executor-1] INFO  segmented.SegmentedRaftLogWorker (SegmentedRaftLogWorker.java:close(228)) - fc7af808-7c3b-4e7d-bcd4-16788f7c0c06@group-BE3E92DB7FF3-SegmentedRaftLogWorker close()
2019-09-17 22:35:22,585 [grpc-default-executor-1] INFO  interfaces.Container (KeyValueContainer.java:flushAndSyncDB(386)) - Container 1 is synced with bcsId 5.
2019-09-17 22:35:22,585 [grpc-default-executor-1] INFO  interfaces.Container (KeyValueContainer.java:flushAndSyncDB(386)) - Container 1 is synced with bcsId 5.
2019-09-17 22:35:22,720 [grpc-default-executor-1] INFO  interfaces.Container (KeyValueContainer.java:flushAndSyncDB(386)) - Container 3 is synced with bcsId 0.
2019-09-17 22:35:22,721 [grpc-default-executor-1] INFO  interfaces.Container (KeyValueContainer.java:flushAndSyncDB(386)) - Container 3 is synced with bcsId 0.
2019-09-17 22:35:22,751 [RatisPipelineUtilsThread] INFO  pipeline.PipelineStateManager (PipelineStateManager.java:removePipeline(108)) - Pipeline Pipeline[ Id: 4d8c8784-d1ee-45fb-902d-be3e92db7ff3, Nodes: 80bd91bd-ab17-414e-9fbc-bd509e19448d{ip: 192.168.5.156, host: pr-hdds-2121-pbfts-3191465506, networkLocation: /default-rack, certSerialId: null}3de10ab2-5aa8-4456-b48c-00692585ccec{ip: 192.168.5.156, host: pr-hdds-2121-pbfts-3191465506, networkLocation: /default-rack, certSerialId: null}fc7af808-7c3b-4e7d-bcd4-16788f7c0c06{ip: 192.168.5.156, host: pr-hdds-2121-pbfts-3191465506, networkLocation: /default-rack, certSerialId: null}, Type:RATIS, Factor:THREE, State:CLOSED] removed from db
2019-09-17 22:35:22,767 [grpc-default-executor-4] INFO  impl.RaftServerProxy (RaftServerProxy.java:addNew(89)) - 3de10ab2-5aa8-4456-b48c-00692585ccec: addNew group-D35E5DAA4B7D:[fc7af808-7c3b-4e7d-bcd4-16788f7c0c06:192.168.5.156:38622, 3de10ab2-5aa8-4456-b48c-00692585ccec:192.168.5.156:39175, 80bd91bd-ab17-414e-9fbc-bd509e19448d:192.168.5.156:34851] returns group-D35E5DAA4B7D:java.util.concurrent.CompletableFuture@5746905d[Not completed]
2019-09-17 22:35:22,770 [grpc-default-executor-2] INFO  impl.RaftServerProxy (RaftServerProxy.java:addNew(89)) - 80bd91bd-ab17-414e-9fbc-bd509e19448d: addNew group-D35E5DAA4B7D:[fc7af808-7c3b-4e7d-bcd4-16788f7c0c06:192.168.5.156:38622, 3de10ab2-5aa8-4456-b48c-00692585ccec:192.168.5.156:39175, 80bd91bd-ab17-414e-9fbc-bd509e19448d:192.168.5.156:34851] returns group-D35E5DAA4B7D:java.util.concurrent.CompletableFuture@34e1ec8[Not completed]
2019-09-17 22:35:22,770 [grpc-default-executor-1] INFO  impl.RaftServerProxy (RaftServerProxy.java:addNew(89)) - fc7af808-7c3b-4e7d-bcd4-16788f7c0c06: addNew group-D35E5DAA4B7D:[fc7af808-7c3b-4e7d-bcd4-16788f7c0c06:192.168.5.156:38622, 3de10ab2-5aa8-4456-b48c-00692585ccec:192.168.5.156:39175, 80bd91bd-ab17-414e-9fbc-bd509e19448d:192.168.5.156:34851] returns group-D35E5DAA4B7D:java.util.concurrent.CompletableFuture@66e43913[Not completed]
2019-09-17 22:35:22,771 [pool-87-thread-1] INFO  impl.RaftServerImpl (RaftServerImpl.java:<init>(95)) - 3de10ab2-5aa8-4456-b48c-00692585ccec: new RaftServerImpl for group-D35E5DAA4B7D:[fc7af808-7c3b-4e7d-bcd4-16788f7c0c06:192.168.5.156:38622, 3de10ab2-5aa8-4456-b48c-00692585ccec:192.168.5.156:39175, 80bd91bd-ab17-414e-9fbc-bd509e19448d:192.168.5.156:34851] with ContainerStateMachine:uninitialized
2019-09-17 22:35:22,771 [pool-87-thread-1] INFO  server.RaftServerConfigKeys (ConfUtils.java:logGet(43)) - raft.server.rpc.timeout.min = 5s (custom)
2019-09-17 22:35:22,771 [pool-87-thread-1] INFO  server.RaftServerConfigKeys (ConfUtils.java:logGet(43)) - raft.server.rpc.timeout.max = 5200ms (custom)
2019-09-17 22:35:22,772 [pool-87-thread-1] INFO  server.RaftServerConfigKeys (ConfUtils.java:logGet(43)) - raft.server.rpcslowness.timeout = 120s (custom)
2019-09-17 22:35:22,772 [pool-87-thread-1] INFO  server.RaftServerConfigKeys (ConfUtils.java:logGet(43)) - raft.server.sleep.deviation.threshold = 300 (default)
2019-09-17 22:35:22,772 [pool-87-thread-1] INFO  server.RaftServerConfigKeys (ConfUtils.java:logGet(43)) - raft.server.log.appender.install.snapshot.enabled = false (custom)
2019-09-17 22:35:22,772 [pool-87-thread-1] INFO  impl.RaftServerImpl (ServerState.java:<init>(103)) - 3de10ab2-5aa8-4456-b48c-00692585ccec@group-D35E5DAA4B7D: ConfigurationManager, init=-1: [fc7af808-7c3b-4e7d-bcd4-16788f7c0c06:192.168.5.156:38622, 3de10ab2-5aa8-4456-b48c-00692585ccec:192.168.5.156:39175, 80bd91bd-ab17-414e-9fbc-bd509e19448d:192.168.5.156:34851], old=null, confs=<EMPTY_MAP>
2019-09-17 22:35:22,772 [pool-87-thread-1] INFO  server.RaftServerConfigKeys (ConfUtils.java:logGet(43)) - raft.server.storage.dir = [/workdir/hadoop-ozone/integration-test/target/test-dir/MiniOzoneClusterImpl-bd92ec51-65b6-4c9d-b31e-1ffa86bb815f/datanode-6/data/ratis] (custom)
2019-09-17 22:35:22,773 [pool-87-thread-1] INFO  storage.RaftStorageDirectory (RaftStorageDirectory.java:analyzeStorage(246)) - The storage directory /workdir/hadoop-ozone/integration-test/target/test-dir/MiniOzoneClusterImpl-bd92ec51-65b6-4c9d-b31e-1ffa86bb815f/datanode-6/data/ratis/902a7d83-77ad-4cdf-97f4-d35e5daa4b7d does not exist. Creating ...
2019-09-17 22:35:22,773 [pool-27-thread-1] INFO  impl.RaftServerImpl (RaftServerImpl.java:<init>(95)) - fc7af808-7c3b-4e7d-bcd4-16788f7c0c06: new RaftServerImpl for group-D35E5DAA4B7D:[fc7af808-7c3b-4e7d-bcd4-16788f7c0c06:192.168.5.156:38622, 3de10ab2-5aa8-4456-b48c-00692585ccec:192.168.5.156:39175, 80bd91bd-ab17-414e-9fbc-bd509e19448d:192.168.5.156:34851] with ContainerStateMachine:uninitialized
2019-09-17 22:35:22,773 [pool-27-thread-1] INFO  server.RaftServerConfigKeys (ConfUtils.java:logGet(43)) - raft.server.rpc.timeout.min = 5s (custom)
2019-09-17 22:35:22,773 [pool-27-thread-1] INFO  server.RaftServerConfigKeys (ConfUtils.java:logGet(43)) - raft.server.rpc.timeout.max = 5200ms (custom)
2019-09-17 22:35:22,773 [pool-27-thread-1] INFO  server.RaftServerConfigKeys (ConfUtils.java:logGet(43)) - raft.server.rpcslowness.timeout = 120s (custom)
2019-09-17 22:35:22,774 [pool-27-thread-1] INFO  server.RaftServerConfigKeys (ConfUtils.java:logGet(43)) - raft.server.sleep.deviation.threshold = 300 (default)
2019-09-17 22:35:22,774 [pool-27-thread-1] INFO  server.RaftServerConfigKeys (ConfUtils.java:logGet(43)) - raft.server.log.appender.install.snapshot.enabled = false (custom)
2019-09-17 22:35:22,774 [pool-27-thread-1] INFO  impl.RaftServerImpl (ServerState.java:<init>(103)) - fc7af808-7c3b-4e7d-bcd4-16788f7c0c06@group-D35E5DAA4B7D: ConfigurationManager, init=-1: [fc7af808-7c3b-4e7d-bcd4-16788f7c0c06:192.168.5.156:38622, 3de10ab2-5aa8-4456-b48c-00692585ccec:192.168.5.156:39175, 80bd91bd-ab17-414e-9fbc-bd509e19448d:192.168.5.156:34851], old=null, confs=<EMPTY_MAP>
2019-09-17 22:35:22,774 [pool-67-thread-1] INFO  impl.RaftServerImpl (RaftServerImpl.java:<init>(95)) - 80bd91bd-ab17-414e-9fbc-bd509e19448d: new RaftServerImpl for group-D35E5DAA4B7D:[fc7af808-7c3b-4e7d-bcd4-16788f7c0c06:192.168.5.156:38622, 3de10ab2-5aa8-4456-b48c-00692585ccec:192.168.5.156:39175, 80bd91bd-ab17-414e-9fbc-bd509e19448d:192.168.5.156:34851] with ContainerStateMachine:uninitialized
2019-09-17 22:35:22,774 [pool-27-thread-1] INFO  server.RaftServerConfigKeys (ConfUtils.java:logGet(43)) - raft.server.storage.dir = [/workdir/hadoop-ozone/integration-test/target/test-dir/MiniOzoneClusterImpl-bd92ec51-65b6-4c9d-b31e-1ffa86bb815f/datanode-0/data/ratis] (custom)
2019-09-17 22:35:22,774 [pool-67-thread-1] INFO  server.RaftServerConfigKeys (ConfUtils.java:logGet(43)) - raft.server.rpc.timeout.min = 5s (custom)
2019-09-17 22:35:22,775 [pool-67-thread-1] INFO  server.RaftServerConfigKeys (ConfUtils.java:logGet(43)) - raft.server.rpc.timeout.max = 5200ms (custom)
2019-09-17 22:35:22,775 [pool-27-thread-1] INFO  storage.RaftStorageDirectory (RaftStorageDirectory.java:analyzeStorage(246)) - The storage directory /workdir/hadoop-ozone/integration-test/target/test-dir/MiniOzoneClusterImpl-bd92ec51-65b6-4c9d-b31e-1ffa86bb815f/datanode-0/data/ratis/902a7d83-77ad-4cdf-97f4-d35e5daa4b7d does not exist. Creating ...
2019-09-17 22:35:22,775 [pool-67-thread-1] INFO  server.RaftServerConfigKeys (ConfUtils.java:logGet(43)) - raft.server.rpcslowness.timeout = 120s (custom)
2019-09-17 22:35:22,775 [pool-67-thread-1] INFO  server.RaftServerConfigKeys (ConfUtils.java:logGet(43)) - raft.server.sleep.deviation.threshold = 300 (default)
2019-09-17 22:35:22,775 [pool-67-thread-1] INFO  server.RaftServerConfigKeys (ConfUtils.java:logGet(43)) - raft.server.log.appender.install.snapshot.enabled = false (custom)
2019-09-17 22:35:22,775 [pool-67-thread-1] INFO  impl.RaftServerImpl (ServerState.java:<init>(103)) - 80bd91bd-ab17-414e-9fbc-bd509e19448d@group-D35E5DAA4B7D: ConfigurationManager, init=-1: [fc7af808-7c3b-4e7d-bcd4-16788f7c0c06:192.168.5.156:38622, 3de10ab2-5aa8-4456-b48c-00692585ccec:192.168.5.156:39175, 80bd91bd-ab17-414e-9fbc-bd509e19448d:192.168.5.156:34851], old=null, confs=<EMPTY_MAP>
2019-09-17 22:35:22,776 [pool-67-thread-1] INFO  server.RaftServerConfigKeys (ConfUtils.java:logGet(43)) - raft.server.storage.dir = [/workdir/hadoop-ozone/integration-test/target/test-dir/MiniOzoneClusterImpl-bd92ec51-65b6-4c9d-b31e-1ffa86bb815f/datanode-4/data/ratis] (custom)
2019-09-17 22:35:22,776 [pool-67-thread-1] INFO  storage.RaftStorageDirectory (RaftStorageDirectory.java:analyzeStorage(246)) - The storage directory /workdir/hadoop-ozone/integration-test/target/test-dir/MiniOzoneClusterImpl-bd92ec51-65b6-4c9d-b31e-1ffa86bb815f/datanode-4/data/ratis/902a7d83-77ad-4cdf-97f4-d35e5daa4b7d does not exist. Creating ...
2019-09-17 22:35:22,796 [pool-27-thread-1] INFO  storage.RaftStorageDirectory (RaftStorageDirectory.java:tryLock(328)) - Lock on /workdir/hadoop-ozone/integration-test/target/test-dir/MiniOzoneClusterImpl-bd92ec51-65b6-4c9d-b31e-1ffa86bb815f/datanode-0/data/ratis/902a7d83-77ad-4cdf-97f4-d35e5daa4b7d/in_use.lock acquired by nodename 19335@pr-hdds-2121-pbfts-3191465506
2019-09-17 22:35:22,796 [pool-87-thread-1] INFO  storage.RaftStorageDirectory (RaftStorageDirectory.java:tryLock(328)) - Lock on /workdir/hadoop-ozone/integration-test/target/test-dir/MiniOzoneClusterImpl-bd92ec51-65b6-4c9d-b31e-1ffa86bb815f/datanode-6/data/ratis/902a7d83-77ad-4cdf-97f4-d35e5daa4b7d/in_use.lock acquired by nodename 19335@pr-hdds-2121-pbfts-3191465506
2019-09-17 22:35:22,796 [pool-67-thread-1] INFO  storage.RaftStorageDirectory (RaftStorageDirectory.java:tryLock(328)) - Lock on /workdir/hadoop-ozone/integration-test/target/test-dir/MiniOzoneClusterImpl-bd92ec51-65b6-4c9d-b31e-1ffa86bb815f/datanode-4/data/ratis/902a7d83-77ad-4cdf-97f4-d35e5daa4b7d/in_use.lock acquired by nodename 19335@pr-hdds-2121-pbfts-3191465506
2019-09-17 22:35:22,822 [pool-27-thread-1] INFO  storage.RaftStorage (RaftStorage.java:format(72)) - Storage directory /workdir/hadoop-ozone/integration-test/target/test-dir/MiniOzoneClusterImpl-bd92ec51-65b6-4c9d-b31e-1ffa86bb815f/datanode-0/data/ratis/902a7d83-77ad-4cdf-97f4-d35e5daa4b7d has been successfully formatted.
2019-09-17 22:35:22,822 [pool-87-thread-1] INFO  storage.RaftStorage (RaftStorage.java:format(72)) - Storage directory /workdir/hadoop-ozone/integration-test/target/test-dir/MiniOzoneClusterImpl-bd92ec51-65b6-4c9d-b31e-1ffa86bb815f/datanode-6/data/ratis/902a7d83-77ad-4cdf-97f4-d35e5daa4b7d has been successfully formatted.
2019-09-17 22:35:22,822 [pool-67-thread-1] INFO  storage.RaftStorage (RaftStorage.java:format(72)) - Storage directory /workdir/hadoop-ozone/integration-test/target/test-dir/MiniOzoneClusterImpl-bd92ec51-65b6-4c9d-b31e-1ffa86bb815f/datanode-4/data/ratis/902a7d83-77ad-4cdf-97f4-d35e5daa4b7d has been successfully formatted.
2019-09-17 22:35:22,822 [pool-27-thread-1] INFO  ratis.ContainerStateMachine (ContainerStateMachine.java:loadSnapshot(230)) - group-D35E5DAA4B7D: The snapshot info is null. Setting the last applied indexto:(t:0, i:~)
2019-09-17 22:35:22,823 [pool-87-thread-1] INFO  ratis.ContainerStateMachine (ContainerStateMachine.java:loadSnapshot(230)) - group-D35E5DAA4B7D: The snapshot info is null. Setting the last applied indexto:(t:0, i:~)
2019-09-17 22:35:22,823 [pool-67-thread-1] INFO  ratis.ContainerStateMachine (ContainerStateMachine.java:loadSnapshot(230)) - group-D35E5DAA4B7D: The snapshot info is null. Setting the last applied indexto:(t:0, i:~)
2019-09-17 22:35:22,823 [pool-87-thread-1] INFO  server.RaftServerConfigKeys (ConfUtils.java:logGet(43)) - raft.server.notification.no-leader.timeout = 120s (custom)
2019-09-17 22:35:22,823 [pool-27-thread-1] INFO  server.RaftServerConfigKeys (ConfUtils.java:logGet(43)) - raft.server.notification.no-leader.timeout = 120s (custom)
2019-09-17 22:35:22,823 [pool-87-thread-1] INFO  server.RaftServerConfigKeys (ConfUtils.java:logGet(43)) - raft.server.log.use.memory = false (default)
2019-09-17 22:35:22,823 [pool-67-thread-1] INFO  server.RaftServerConfigKeys (ConfUtils.java:logGet(43)) - raft.server.notification.no-leader.timeout = 120s (custom)
2019-09-17 22:35:22,823 [pool-87-thread-1] INFO  server.RaftServerConfigKeys (ConfUtils.java:logGet(43)) - raft.server.log.purge.gap = 1000000 (custom)
2019-09-17 22:35:22,823 [pool-27-thread-1] INFO  server.RaftServerConfigKeys (ConfUtils.java:logGet(43)) - raft.server.log.use.memory = false (default)
2019-09-17 22:35:22,824 [pool-87-thread-1] INFO  server.RaftServerConfigKeys (ConfUtils.java:logGet(43)) - raft.server.log.appender.buffer.byte-limit = 33554432 (custom)
2019-09-17 22:35:22,824 [pool-67-thread-1] INFO  server.RaftServerConfigKeys (ConfUtils.java:logGet(43)) - raft.server.log.use.memory = false (default)
2019-09-17 22:35:22,824 [pool-87-thread-1] INFO  server.RaftServerConfigKeys (ConfUtils.java:logGet(43)) - raft.server.log.segment.size.max = 1048576 (custom)
2019-09-17 22:35:22,824 [pool-27-thread-1] INFO  server.RaftServerConfigKeys (ConfUtils.java:logGet(43)) - raft.server.log.purge.gap = 1000000 (custom)
2019-09-17 22:35:22,824 [pool-87-thread-1] INFO  server.RaftServerConfigKeys (ConfUtils.java:logGet(43)) - raft.server.log.segment.cache.num.max = 2 (custom)
2019-09-17 22:35:22,824 [pool-67-thread-1] INFO  server.RaftServerConfigKeys (ConfUtils.java:logGet(43)) - raft.server.log.purge.gap = 1000000 (custom)
2019-09-17 22:35:22,825 [pool-67-thread-1] INFO  server.RaftServerConfigKeys (ConfUtils.java:logGet(43)) - raft.server.log.appender.buffer.byte-limit = 33554432 (custom)
2019-09-17 22:35:22,825 [pool-87-thread-1] INFO  segmented.SegmentedRaftLogWorker (SegmentedRaftLogWorker.java:<init>(172)) - new 3de10ab2-5aa8-4456-b48c-00692585ccec@group-D35E5DAA4B7D-SegmentedRaftLogWorker for RaftStorage:Storage Directory /workdir/hadoop-ozone/integration-test/target/test-dir/MiniOzoneClusterImpl-bd92ec51-65b6-4c9d-b31e-1ffa86bb815f/datanode-6/data/ratis/902a7d83-77ad-4cdf-97f4-d35e5daa4b7d
2019-09-17 22:35:22,824 [pool-27-thread-1] INFO  server.RaftServerConfigKeys (ConfUtils.java:logGet(43)) - raft.server.log.appender.buffer.byte-limit = 33554432 (custom)
2019-09-17 22:35:22,825 [pool-87-thread-1] INFO  server.RaftServerConfigKeys (ConfUtils.java:logGet(43)) - raft.server.log.queue.byte-limit = 2147483647 (custom)
2019-09-17 22:35:22,825 [pool-67-thread-1] INFO  server.RaftServerConfigKeys (ConfUtils.java:logGet(43)) - raft.server.log.segment.size.max = 1048576 (custom)
2019-09-17 22:35:22,825 [pool-87-thread-1] INFO  server.RaftServerConfigKeys (ConfUtils.java:logGet(43)) - raft.server.log.queue.element-limit = 1024 (custom)
2019-09-17 22:35:22,825 [pool-27-thread-1] INFO  server.RaftServerConfigKeys (ConfUtils.java:logGet(43)) - raft.server.log.segment.size.max = 1048576 (custom)
2019-09-17 22:35:22,826 [pool-87-thread-1] INFO  server.RaftServerConfigKeys (ConfUtils.java:logGet(43)) - raft.server.log.segment.size.max = 1048576 (custom)
2019-09-17 22:35:22,825 [pool-67-thread-1] INFO  server.RaftServerConfigKeys (ConfUtils.java:logGet(43)) - raft.server.log.segment.cache.num.max = 2 (custom)
2019-09-17 22:35:22,826 [pool-87-thread-1] INFO  server.RaftServerConfigKeys (ConfUtils.java:logGet(43)) - raft.server.log.preallocated.size = 16384 (custom)
2019-09-17 22:35:22,826 [pool-27-thread-1] INFO  server.RaftServerConfigKeys (ConfUtils.java:logGet(43)) - raft.server.log.segment.cache.num.max = 2 (custom)
2019-09-17 22:35:22,826 [pool-87-thread-1] INFO  server.RaftServerConfigKeys (ConfUtils.java:logGet(43)) - raft.server.log.write.buffer.size = 33554432 (custom)
2019-09-17 22:35:22,826 [pool-67-thread-1] INFO  segmented.SegmentedRaftLogWorker (SegmentedRaftLogWorker.java:<init>(172)) - new 80bd91bd-ab17-414e-9fbc-bd509e19448d@group-D35E5DAA4B7D-SegmentedRaftLogWorker for RaftStorage:Storage Directory /workdir/hadoop-ozone/integration-test/target/test-dir/MiniOzoneClusterImpl-bd92ec51-65b6-4c9d-b31e-1ffa86bb815f/datanode-4/data/ratis/902a7d83-77ad-4cdf-97f4-d35e5daa4b7d
2019-09-17 22:35:22,827 [pool-87-thread-1] INFO  server.RaftServerConfigKeys (ConfUtils.java:logGet(43)) - raft.server.log.force.sync.num = 128 (default)
2019-09-17 22:35:22,826 [pool-27-thread-1] INFO  segmented.SegmentedRaftLogWorker (SegmentedRaftLogWorker.java:<init>(172)) - new fc7af808-7c3b-4e7d-bcd4-16788f7c0c06@group-D35E5DAA4B7D-SegmentedRaftLogWorker for RaftStorage:Storage Directory /workdir/hadoop-ozone/integration-test/target/test-dir/MiniOzoneClusterImpl-bd92ec51-65b6-4c9d-b31e-1ffa86bb815f/datanode-0/data/ratis/902a7d83-77ad-4cdf-97f4-d35e5daa4b7d
2019-09-17 22:35:22,827 [pool-87-thread-1] INFO  server.RaftServerConfigKeys (ConfUtils.java:logGet(43)) - raft.server.log.statemachine.data.sync = true (default)
2019-09-17 22:35:22,827 [pool-67-thread-1] INFO  server.RaftServerConfigKeys (ConfUtils.java:logGet(43)) - raft.server.log.queue.byte-limit = 2147483647 (custom)
2019-09-17 22:35:22,827 [pool-87-thread-1] INFO  server.RaftServerConfigKeys (ConfUtils.java:logGet(43)) - raft.server.log.statemachine.data.sync.timeout = 10s (default)
2019-09-17 22:35:22,827 [pool-27-thread-1] INFO  server.RaftServerConfigKeys (ConfUtils.java:logGet(43)) - raft.server.log.queue.byte-limit = 2147483647 (custom)
2019-09-17 22:35:22,827 [pool-87-thread-1] INFO  server.RaftServerConfigKeys (ConfUtils.java:logGet(43)) - raft.server.log.statemachine.data.sync.timeout.retry = -1 (default)
2019-09-17 22:35:22,827 [pool-67-thread-1] INFO  server.RaftServerConfigKeys (ConfUtils.java:logGet(43)) - raft.server.log.queue.element-limit = 1024 (custom)
2019-09-17 22:35:22,828 [pool-87-thread-1] INFO  server.RaftServerConfigKeys (ConfUtils.java:logGet(43)) - raft.server.log.statemachine.data.caching.enabled = true (custom)
2019-09-17 22:35:22,828 [pool-27-thread-1] INFO  server.RaftServerConfigKeys (ConfUtils.java:logGet(43)) - raft.server.log.queue.element-limit = 1024 (custom)
2019-09-17 22:35:22,828 [pool-67-thread-1] INFO  server.RaftServerConfigKeys (ConfUtils.java:logGet(43)) - raft.server.log.segment.size.max = 1048576 (custom)
2019-09-17 22:35:22,828 [pool-27-thread-1] INFO  server.RaftServerConfigKeys (ConfUtils.java:logGet(43)) - raft.server.log.segment.size.max = 1048576 (custom)
2019-09-17 22:35:22,828 [pool-67-thread-1] INFO  server.RaftServerConfigKeys (ConfUtils.java:logGet(43)) - raft.server.log.preallocated.size = 16384 (custom)
2019-09-17 22:35:22,828 [pool-87-thread-1] INFO  segmented.SegmentedRaftLogWorker (SegmentedRaftLogWorker.java:lambda$new$0(132)) - 3de10ab2-5aa8-4456-b48c-00692585ccec@group-D35E5DAA4B7D-SegmentedRaftLogWorker: flushIndex: setUnconditionally 0 -> -1
2019-09-17 22:35:22,829 [pool-67-thread-1] INFO  server.RaftServerConfigKeys (ConfUtils.java:logGet(43)) - raft.server.log.write.buffer.size = 33554432 (custom)
2019-09-17 22:35:22,828 [pool-27-thread-1] INFO  server.RaftServerConfigKeys (ConfUtils.java:logGet(43)) - raft.server.log.preallocated.size = 16384 (custom)
2019-09-17 22:35:22,829 [pool-67-thread-1] INFO  server.RaftServerConfigKeys (ConfUtils.java:logGet(43)) - raft.server.log.force.sync.num = 128 (default)
2019-09-17 22:35:22,829 [pool-87-thread-1] INFO  server.RaftServerConfigKeys (ConfUtils.java:logGet(43)) - raft.server.snapshot.auto.trigger.enabled = true (custom)
2019-09-17 22:35:22,829 [pool-27-thread-1] INFO  server.RaftServerConfigKeys (ConfUtils.java:logGet(43)) - raft.server.log.write.buffer.size = 33554432 (custom)
2019-09-17 22:35:22,829 [pool-87-thread-1] INFO  server.RaftServerConfigKeys (ConfUtils.java:logGet(43)) - raft.server.snapshot.auto.trigger.threshold = 10000 (custom)
2019-09-17 22:35:22,829 [pool-67-thread-1] INFO  server.RaftServerConfigKeys (ConfUtils.java:logGet(43)) - raft.server.log.statemachine.data.sync = true (default)
2019-09-17 22:35:22,830 [pool-87-thread-1] INFO  server.RaftServerConfigKeys (ConfUtils.java:logGet(43)) - raft.server.snapshot.retention.num.files = 5 (custom)
2019-09-17 22:35:22,829 [pool-27-thread-1] INFO  server.RaftServerConfigKeys (ConfUtils.java:logGet(43)) - raft.server.log.force.sync.num = 128 (default)
2019-09-17 22:35:22,830 [pool-87-thread-1] INFO  server.RaftServerConfigKeys (ConfUtils.java:logGet(43)) - raft.server.retrycache.expirytime = 600000ms (custom)
2019-09-17 22:35:22,830 [pool-67-thread-1] INFO  server.RaftServerConfigKeys (ConfUtils.java:logGet(43)) - raft.server.log.statemachine.data.sync.timeout = 10s (default)
2019-09-17 22:35:22,830 [pool-27-thread-1] INFO  server.RaftServerConfigKeys (ConfUtils.java:logGet(43)) - raft.server.log.statemachine.data.sync = true (default)
2019-09-17 22:35:22,830 [pool-67-thread-1] INFO  server.RaftServerConfigKeys (ConfUtils.java:logGet(43)) - raft.server.log.statemachine.data.sync.timeout.retry = -1 (default)
2019-09-17 22:35:22,830 [pool-27-thread-1] INFO  server.RaftServerConfigKeys (ConfUtils.java:logGet(43)) - raft.server.log.statemachine.data.sync.timeout = 10s (default)
2019-09-17 22:35:22,831 [pool-67-thread-1] INFO  server.RaftServerConfigKeys (ConfUtils.java:logGet(43)) - raft.server.log.statemachine.data.caching.enabled = true (custom)
2019-09-17 22:35:22,831 [pool-27-thread-1] INFO  server.RaftServerConfigKeys (ConfUtils.java:logGet(43)) - raft.server.log.statemachine.data.sync.timeout.retry = -1 (default)
2019-09-17 22:35:22,831 [pool-67-thread-1] INFO  segmented.SegmentedRaftLogWorker (SegmentedRaftLogWorker.java:lambda$new$0(132)) - 80bd91bd-ab17-414e-9fbc-bd509e19448d@group-D35E5DAA4B7D-SegmentedRaftLogWorker: flushIndex: setUnconditionally 0 -> -1
2019-09-17 22:35:22,831 [pool-27-thread-1] INFO  server.RaftServerConfigKeys (ConfUtils.java:logGet(43)) - raft.server.log.statemachine.data.caching.enabled = true (custom)
2019-09-17 22:35:22,831 [pool-67-thread-1] INFO  server.RaftServerConfigKeys (ConfUtils.java:logGet(43)) - raft.server.snapshot.auto.trigger.enabled = true (custom)
2019-09-17 22:35:22,831 [pool-67-thread-1] INFO  server.RaftServerConfigKeys (ConfUtils.java:logGet(43)) - raft.server.snapshot.auto.trigger.threshold = 10000 (custom)
2019-09-17 22:35:22,831 [pool-27-thread-1] INFO  segmented.SegmentedRaftLogWorker (SegmentedRaftLogWorker.java:lambda$new$0(132)) - fc7af808-7c3b-4e7d-bcd4-16788f7c0c06@group-D35E5DAA4B7D-SegmentedRaftLogWorker: flushIndex: setUnconditionally 0 -> -1
2019-09-17 22:35:22,831 [pool-67-thread-1] INFO  server.RaftServerConfigKeys (ConfUtils.java:logGet(43)) - raft.server.snapshot.retention.num.files = 5 (custom)
2019-09-17 22:35:22,832 [pool-67-thread-1] INFO  server.RaftServerConfigKeys (ConfUtils.java:logGet(43)) - raft.server.retrycache.expirytime = 600000ms (custom)
2019-09-17 22:35:22,832 [pool-27-thread-1] INFO  server.RaftServerConfigKeys (ConfUtils.java:logGet(43)) - raft.server.snapshot.auto.trigger.enabled = true (custom)
2019-09-17 22:35:22,832 [pool-27-thread-1] INFO  server.RaftServerConfigKeys (ConfUtils.java:logGet(43)) - raft.server.snapshot.auto.trigger.threshold = 10000 (custom)
2019-09-17 22:35:22,832 [pool-27-thread-1] INFO  server.RaftServerConfigKeys (ConfUtils.java:logGet(43)) - raft.server.snapshot.retention.num.files = 5 (custom)
2019-09-17 22:35:22,832 [pool-27-thread-1] INFO  server.RaftServerConfigKeys (ConfUtils.java:logGet(43)) - raft.server.retrycache.expirytime = 600000ms (custom)
2019-09-17 22:35:22,836 [pool-67-thread-1] INFO  impl.RaftServerImpl (RaftServerImpl.java:start(185)) - 80bd91bd-ab17-414e-9fbc-bd509e19448d@group-D35E5DAA4B7D: start as a follower, conf=-1: [fc7af808-7c3b-4e7d-bcd4-16788f7c0c06:192.168.5.156:38622, 3de10ab2-5aa8-4456-b48c-00692585ccec:192.168.5.156:39175, 80bd91bd-ab17-414e-9fbc-bd509e19448d:192.168.5.156:34851], old=null
2019-09-17 22:35:22,836 [pool-87-thread-1] INFO  impl.RaftServerImpl (RaftServerImpl.java:start(185)) - 3de10ab2-5aa8-4456-b48c-00692585ccec@group-D35E5DAA4B7D: start as a follower, conf=-1: [fc7af808-7c3b-4e7d-bcd4-16788f7c0c06:192.168.5.156:38622, 3de10ab2-5aa8-4456-b48c-00692585ccec:192.168.5.156:39175, 80bd91bd-ab17-414e-9fbc-bd509e19448d:192.168.5.156:34851], old=null
2019-09-17 22:35:22,836 [pool-67-thread-1] INFO  impl.RaftServerImpl (RaftServerImpl.java:setRole(174)) - 80bd91bd-ab17-414e-9fbc-bd509e19448d@group-D35E5DAA4B7D: changes role from      null to FOLLOWER at term 0 for startAsFollower
2019-09-17 22:35:22,836 [pool-87-thread-1] INFO  impl.RaftServerImpl (RaftServerImpl.java:setRole(174)) - 3de10ab2-5aa8-4456-b48c-00692585ccec@group-D35E5DAA4B7D: changes role from      null to FOLLOWER at term 0 for startAsFollower
2019-09-17 22:35:22,836 [pool-67-thread-1] INFO  impl.RoleInfo (RoleInfo.java:updateAndGet(143)) - 80bd91bd-ab17-414e-9fbc-bd509e19448d: start FollowerState
2019-09-17 22:35:22,836 [pool-27-thread-1] INFO  impl.RaftServerImpl (RaftServerImpl.java:start(185)) - fc7af808-7c3b-4e7d-bcd4-16788f7c0c06@group-D35E5DAA4B7D: start as a follower, conf=-1: [fc7af808-7c3b-4e7d-bcd4-16788f7c0c06:192.168.5.156:38622, 3de10ab2-5aa8-4456-b48c-00692585ccec:192.168.5.156:39175, 80bd91bd-ab17-414e-9fbc-bd509e19448d:192.168.5.156:34851], old=null
2019-09-17 22:35:22,836 [pool-87-thread-1] INFO  impl.RoleInfo (RoleInfo.java:updateAndGet(143)) - 3de10ab2-5aa8-4456-b48c-00692585ccec: start FollowerState
2019-09-17 22:35:22,837 [pool-27-thread-1] INFO  impl.RaftServerImpl (RaftServerImpl.java:setRole(174)) - fc7af808-7c3b-4e7d-bcd4-16788f7c0c06@group-D35E5DAA4B7D: changes role from      null to FOLLOWER at term 0 for startAsFollower
2019-09-17 22:35:22,837 [pool-27-thread-1] INFO  impl.RoleInfo (RoleInfo.java:updateAndGet(143)) - fc7af808-7c3b-4e7d-bcd4-16788f7c0c06: start FollowerState
2019-09-17 22:35:22,837 [pool-67-thread-1] INFO  util.JmxRegister (JmxRegister.java:tryRegister(44)) - Successfully registered JMX Bean with object name Ratis:service=RaftServer,group=group-D35E5DAA4B7D,id=80bd91bd-ab17-414e-9fbc-bd509e19448d
2019-09-17 22:35:22,837 [pool-87-thread-1] INFO  util.JmxRegister (JmxRegister.java:tryRegister(44)) - Successfully registered JMX Bean with object name Ratis:service=RaftServer,group=group-D35E5DAA4B7D,id=3de10ab2-5aa8-4456-b48c-00692585ccec
2019-09-17 22:35:22,837 [pool-27-thread-1] INFO  util.JmxRegister (JmxRegister.java:tryRegister(44)) - Successfully registered JMX Bean with object name Ratis:service=RaftServer,group=group-D35E5DAA4B7D,id=fc7af808-7c3b-4e7d-bcd4-16788f7c0c06
2019-09-17 22:35:22,843 [RatisPipelineUtilsThread] INFO  pipeline.PipelineStateManager (PipelineStateManager.java:addPipeline(56)) - Created pipeline Pipeline[ Id: 902a7d83-77ad-4cdf-97f4-d35e5daa4b7d, Nodes: 80bd91bd-ab17-414e-9fbc-bd509e19448d{ip: 192.168.5.156, host: pr-hdds-2121-pbfts-3191465506, networkLocation: /default-rack, certSerialId: null}3de10ab2-5aa8-4456-b48c-00692585ccec{ip: 192.168.5.156, host: pr-hdds-2121-pbfts-3191465506, networkLocation: /default-rack, certSerialId: null}fc7af808-7c3b-4e7d-bcd4-16788f7c0c06{ip: 192.168.5.156, host: pr-hdds-2121-pbfts-3191465506, networkLocation: /default-rack, certSerialId: null}, Type:RATIS, Factor:THREE, State:OPEN]
2019-09-17 22:35:22,929 [main] WARN  io.KeyOutputStream (KeyOutputStream.java:handleException(276)) - Encountered exception java.io.IOException: Unexpected Storage Container Exception: java.util.concurrent.CompletionException: java.util.concurrent.CompletionException: org.apache.ratis.protocol.GroupMismatchException: 3de10ab2-5aa8-4456-b48c-00692585ccec: group-BE3E92DB7FF3 not found. on the pipeline Pipeline[ Id: 4d8c8784-d1ee-45fb-902d-be3e92db7ff3, Nodes: 80bd91bd-ab17-414e-9fbc-bd509e19448d{ip: 192.168.5.156, host: pr-hdds-2121-pbfts-3191465506, networkLocation: /default-rack, certSerialId: null}3de10ab2-5aa8-4456-b48c-00692585ccec{ip: 192.168.5.156, host: pr-hdds-2121-pbfts-3191465506, networkLocation: /default-rack, certSerialId: null}fc7af808-7c3b-4e7d-bcd4-16788f7c0c06{ip: 192.168.5.156, host: pr-hdds-2121-pbfts-3191465506, networkLocation: /default-rack, certSerialId: null}, Type:RATIS, Factor:THREE, State:OPEN]. The last committed block length is 0, uncommitted data length is 150 retry count 0
2019-09-17 22:35:22,997 [grpc-default-executor-1] INFO  client.GrpcClientProtocolClient (GrpcClientProtocolClient.java:onNext(264)) - client-2EE9B685757F->f4adb48a-7d7d-4db9-96e8-d2aa5901bd52: receive RaftClientReply:client-2EE9B685757F->f4adb48a-7d7d-4db9-96e8-d2aa5901bd52@group-C311AD233868, cid=30, FAILED org.apache.ratis.protocol.NotLeaderException: Server f4adb48a-7d7d-4db9-96e8-d2aa5901bd52@group-C311AD233868 is not the leader bba25625-58dd-4c9e-929d-1a2e91bc3828:192.168.5.156:36127, logIndex=0, commits[f4adb48a-7d7d-4db9-96e8-d2aa5901bd52:c10, 41f4c1b5-d215-4831-aa76-48270f5e0061:c10, bba25625-58dd-4c9e-929d-1a2e91bc3828:c10]
2019-09-17 22:35:23,248 [grpc-default-executor-2] INFO  client.GrpcClientProtocolClient (GrpcClientProtocolClient.java:onNext(264)) - client-2EE9B685757F->bba25625-58dd-4c9e-929d-1a2e91bc3828: receive RaftClientReply:client-2EE9B685757F->bba25625-58dd-4c9e-929d-1a2e91bc3828@group-C311AD233868, cid=30, SUCCESS, logIndex=11, commits[bba25625-58dd-4c9e-929d-1a2e91bc3828:c11, 41f4c1b5-d215-4831-aa76-48270f5e0061:c10, f4adb48a-7d7d-4db9-96e8-d2aa5901bd52:c10]
2019-09-17 22:35:23,266 [grpc-default-executor-2] INFO  client.GrpcClientProtocolClient (GrpcClientProtocolClient.java:onNext(264)) - client-2EE9B685757F->bba25625-58dd-4c9e-929d-1a2e91bc3828: receive RaftClientReply:client-2EE9B685757F->bba25625-58dd-4c9e-929d-1a2e91bc3828@group-C311AD233868, cid=31, SUCCESS, logIndex=13, commits[bba25625-58dd-4c9e-929d-1a2e91bc3828:c14, 41f4c1b5-d215-4831-aa76-48270f5e0061:c12, f4adb48a-7d7d-4db9-96e8-d2aa5901bd52:c12]
2019-09-17 22:35:23,370 [grpc-default-executor-2] INFO  client.GrpcClientProtocolClient (GrpcClientProtocolClient.java:onNext(264)) - client-2EE9B685757F->bba25625-58dd-4c9e-929d-1a2e91bc3828: receive RaftClientReply:client-2EE9B685757F->bba25625-58dd-4c9e-929d-1a2e91bc3828@group-C311AD233868, cid=32, SUCCESS, logIndex=14, commits[bba25625-58dd-4c9e-929d-1a2e91bc3828:c16, 41f4c1b5-d215-4831-aa76-48270f5e0061:c14, f4adb48a-7d7d-4db9-96e8-d2aa5901bd52:c14]
]]></system-out>
  </testcase>
  <testcase name="testFullBufferCondition" classname="org.apache.hadoop.ozone.client.rpc.TestBlockOutputStream" time="187.523">
    <failure type="java.lang.AssertionError">java.lang.AssertionError
	at org.junit.Assert.fail(Assert.java:86)
	at org.junit.Assert.assertTrue(Assert.java:41)
	at org.junit.Assert.assertTrue(Assert.java:52)
	at org.apache.hadoop.ozone.client.rpc.TestBlockOutputStream.testFullBufferCondition(TestBlockOutputStream.java:515)
	at sun.reflect.NativeMethodAccessorImpl.invoke0(Native Method)
	at sun.reflect.NativeMethodAccessorImpl.invoke(NativeMethodAccessorImpl.java:62)
	at sun.reflect.DelegatingMethodAccessorImpl.invoke(DelegatingMethodAccessorImpl.java:43)
	at java.lang.reflect.Method.invoke(Method.java:498)
	at org.junit.runners.model.FrameworkMethod$1.runReflectiveCall(FrameworkMethod.java:47)
	at org.junit.internal.runners.model.ReflectiveCallable.run(ReflectiveCallable.java:12)
	at org.junit.runners.model.FrameworkMethod.invokeExplosively(FrameworkMethod.java:44)
	at org.junit.internal.runners.statements.InvokeMethod.evaluate(InvokeMethod.java:17)
	at org.junit.runners.ParentRunner.runLeaf(ParentRunner.java:271)
	at org.junit.runners.BlockJUnit4ClassRunner.runChild(BlockJUnit4ClassRunner.java:70)
	at org.junit.runners.BlockJUnit4ClassRunner.runChild(BlockJUnit4ClassRunner.java:50)
	at org.junit.runners.ParentRunner$3.run(ParentRunner.java:238)
	at org.junit.runners.ParentRunner$1.schedule(ParentRunner.java:63)
	at org.junit.runners.ParentRunner.runChildren(ParentRunner.java:236)
	at org.junit.runners.ParentRunner.access$000(ParentRunner.java:53)
	at org.junit.runners.ParentRunner$2.evaluate(ParentRunner.java:229)
	at org.junit.internal.runners.statements.RunBefores.evaluate(RunBefores.java:26)
	at org.junit.internal.runners.statements.RunAfters.evaluate(RunAfters.java:27)
	at org.junit.runners.ParentRunner.run(ParentRunner.java:309)
	at org.apache.maven.surefire.junit4.JUnit4Provider.execute(JUnit4Provider.java:365)
	at org.apache.maven.surefire.junit4.JUnit4Provider.executeWithRerun(JUnit4Provider.java:273)
	at org.apache.maven.surefire.junit4.JUnit4Provider.executeTestSet(JUnit4Provider.java:238)
	at org.apache.maven.surefire.junit4.JUnit4Provider.invoke(JUnit4Provider.java:159)
	at org.apache.maven.surefire.booter.ForkedBooter.invokeProviderInSameClassLoader(ForkedBooter.java:384)
	at org.apache.maven.surefire.booter.ForkedBooter.runSuitesInProcess(ForkedBooter.java:345)
	at org.apache.maven.surefire.booter.ForkedBooter.execute(ForkedBooter.java:126)
	at org.apache.maven.surefire.booter.ForkedBooter.main(ForkedBooter.java:418)
</failure>
    <system-out><![CDATA[2019-09-17 22:35:24,893 [grpc-default-executor-2] INFO  impl.RaftServerProxy (RaftServerProxy.java:remove(95)) - 80bd91bd-ab17-414e-9fbc-bd509e19448d: remove group-BE3E92DB7FF3:null
2019-09-17 22:35:24,902 [RatisPipelineUtilsThread] WARN  pipeline.RatisPipelineUtils (RatisPipelineUtils.java:destroyPipeline(66)) - Pipeline destroy failed for pipeline=PipelineID=4d8c8784-d1ee-45fb-902d-be3e92db7ff3 dn=80bd91bd-ab17-414e-9fbc-bd509e19448d{ip: 192.168.5.156, host: pr-hdds-2121-pbfts-3191465506, networkLocation: /default-rack, certSerialId: null}
2019-09-17 22:35:24,910 [grpc-default-executor-2] INFO  impl.RaftServerProxy (RaftServerProxy.java:remove(95)) - 3de10ab2-5aa8-4456-b48c-00692585ccec: remove group-BE3E92DB7FF3:null
2019-09-17 22:35:24,918 [RatisPipelineUtilsThread] WARN  pipeline.RatisPipelineUtils (RatisPipelineUtils.java:destroyPipeline(66)) - Pipeline destroy failed for pipeline=PipelineID=4d8c8784-d1ee-45fb-902d-be3e92db7ff3 dn=3de10ab2-5aa8-4456-b48c-00692585ccec{ip: 192.168.5.156, host: pr-hdds-2121-pbfts-3191465506, networkLocation: /default-rack, certSerialId: null}
2019-09-17 22:35:24,932 [grpc-default-executor-2] INFO  impl.RaftServerProxy (RaftServerProxy.java:remove(95)) - fc7af808-7c3b-4e7d-bcd4-16788f7c0c06: remove group-BE3E92DB7FF3:null
2019-09-17 22:35:24,942 [RatisPipelineUtilsThread] WARN  pipeline.RatisPipelineUtils (RatisPipelineUtils.java:destroyPipeline(66)) - Pipeline destroy failed for pipeline=PipelineID=4d8c8784-d1ee-45fb-902d-be3e92db7ff3 dn=fc7af808-7c3b-4e7d-bcd4-16788f7c0c06{ip: 192.168.5.156, host: pr-hdds-2121-pbfts-3191465506, networkLocation: /default-rack, certSerialId: null}
2019-09-17 22:35:24,943 [RatisPipelineUtilsThread] ERROR pipeline.SCMPipelineManager (Scheduler.java:lambda$schedule$1(70)) - Destroy pipeline failed for pipeline:Pipeline[ Id: 4d8c8784-d1ee-45fb-902d-be3e92db7ff3, Nodes: 80bd91bd-ab17-414e-9fbc-bd509e19448d{ip: 192.168.5.156, host: pr-hdds-2121-pbfts-3191465506, networkLocation: /default-rack, certSerialId: null}3de10ab2-5aa8-4456-b48c-00692585ccec{ip: 192.168.5.156, host: pr-hdds-2121-pbfts-3191465506, networkLocation: /default-rack, certSerialId: null}fc7af808-7c3b-4e7d-bcd4-16788f7c0c06{ip: 192.168.5.156, host: pr-hdds-2121-pbfts-3191465506, networkLocation: /default-rack, certSerialId: null}, Type:RATIS, Factor:THREE, State:CLOSED]
org.apache.hadoop.hdds.scm.pipeline.PipelineNotFoundException: PipelineID=4d8c8784-d1ee-45fb-902d-be3e92db7ff3 not found
	at org.apache.hadoop.hdds.scm.pipeline.PipelineStateMap.getPipeline(PipelineStateMap.java:132)
	at org.apache.hadoop.hdds.scm.pipeline.PipelineStateMap.removePipeline(PipelineStateMap.java:322)
	at org.apache.hadoop.hdds.scm.pipeline.PipelineStateManager.removePipeline(PipelineStateManager.java:107)
	at org.apache.hadoop.hdds.scm.pipeline.SCMPipelineManager.removePipeline(SCMPipelineManager.java:423)
	at org.apache.hadoop.hdds.scm.pipeline.SCMPipelineManager.destroyPipeline(SCMPipelineManager.java:409)
	at org.apache.hadoop.hdds.scm.pipeline.SCMPipelineManager.lambda$finalizeAndDestroyPipeline$0(SCMPipelineManager.java:318)
	at org.apache.hadoop.utils.Scheduler.lambda$schedule$1(Scheduler.java:68)
	at java.util.concurrent.Executors$RunnableAdapter.call(Executors.java:511)
	at java.util.concurrent.FutureTask.run(FutureTask.java:266)
	at java.util.concurrent.ScheduledThreadPoolExecutor$ScheduledFutureTask.access$201(ScheduledThreadPoolExecutor.java:180)
	at java.util.concurrent.ScheduledThreadPoolExecutor$ScheduledFutureTask.run(ScheduledThreadPoolExecutor.java:293)
	at java.util.concurrent.ThreadPoolExecutor.runWorker(ThreadPoolExecutor.java:1149)
	at java.util.concurrent.ThreadPoolExecutor$Worker.run(ThreadPoolExecutor.java:624)
	at java.lang.Thread.run(Thread.java:748)
2019-09-17 22:35:25,950 [grpc-default-executor-1] INFO  impl.RaftServerProxy (RaftServerProxy.java:remove(95)) - 80bd91bd-ab17-414e-9fbc-bd509e19448d: remove group-BE3E92DB7FF3:null
2019-09-17 22:35:25,967 [RatisPipelineUtilsThread] WARN  pipeline.RatisPipelineUtils (RatisPipelineUtils.java:destroyPipeline(66)) - Pipeline destroy failed for pipeline=PipelineID=4d8c8784-d1ee-45fb-902d-be3e92db7ff3 dn=80bd91bd-ab17-414e-9fbc-bd509e19448d{ip: 192.168.5.156, host: pr-hdds-2121-pbfts-3191465506, networkLocation: /default-rack, certSerialId: null}
2019-09-17 22:35:25,975 [grpc-default-executor-1] INFO  impl.RaftServerProxy (RaftServerProxy.java:remove(95)) - 3de10ab2-5aa8-4456-b48c-00692585ccec: remove group-BE3E92DB7FF3:null
2019-09-17 22:35:25,983 [RatisPipelineUtilsThread] WARN  pipeline.RatisPipelineUtils (RatisPipelineUtils.java:destroyPipeline(66)) - Pipeline destroy failed for pipeline=PipelineID=4d8c8784-d1ee-45fb-902d-be3e92db7ff3 dn=3de10ab2-5aa8-4456-b48c-00692585ccec{ip: 192.168.5.156, host: pr-hdds-2121-pbfts-3191465506, networkLocation: /default-rack, certSerialId: null}
2019-09-17 22:35:25,995 [grpc-default-executor-1] INFO  impl.RaftServerProxy (RaftServerProxy.java:remove(95)) - fc7af808-7c3b-4e7d-bcd4-16788f7c0c06: remove group-BE3E92DB7FF3:null
2019-09-17 22:35:26,002 [RatisPipelineUtilsThread] WARN  pipeline.RatisPipelineUtils (RatisPipelineUtils.java:destroyPipeline(66)) - Pipeline destroy failed for pipeline=PipelineID=4d8c8784-d1ee-45fb-902d-be3e92db7ff3 dn=fc7af808-7c3b-4e7d-bcd4-16788f7c0c06{ip: 192.168.5.156, host: pr-hdds-2121-pbfts-3191465506, networkLocation: /default-rack, certSerialId: null}
2019-09-17 22:35:26,003 [RatisPipelineUtilsThread] ERROR pipeline.SCMPipelineManager (Scheduler.java:lambda$schedule$1(70)) - Destroy pipeline failed for pipeline:Pipeline[ Id: 4d8c8784-d1ee-45fb-902d-be3e92db7ff3, Nodes: 80bd91bd-ab17-414e-9fbc-bd509e19448d{ip: 192.168.5.156, host: pr-hdds-2121-pbfts-3191465506, networkLocation: /default-rack, certSerialId: null}3de10ab2-5aa8-4456-b48c-00692585ccec{ip: 192.168.5.156, host: pr-hdds-2121-pbfts-3191465506, networkLocation: /default-rack, certSerialId: null}fc7af808-7c3b-4e7d-bcd4-16788f7c0c06{ip: 192.168.5.156, host: pr-hdds-2121-pbfts-3191465506, networkLocation: /default-rack, certSerialId: null}, Type:RATIS, Factor:THREE, State:CLOSED]
org.apache.hadoop.hdds.scm.pipeline.PipelineNotFoundException: PipelineID=4d8c8784-d1ee-45fb-902d-be3e92db7ff3 not found
	at org.apache.hadoop.hdds.scm.pipeline.PipelineStateMap.getPipeline(PipelineStateMap.java:132)
	at org.apache.hadoop.hdds.scm.pipeline.PipelineStateMap.removePipeline(PipelineStateMap.java:322)
	at org.apache.hadoop.hdds.scm.pipeline.PipelineStateManager.removePipeline(PipelineStateManager.java:107)
	at org.apache.hadoop.hdds.scm.pipeline.SCMPipelineManager.removePipeline(SCMPipelineManager.java:423)
	at org.apache.hadoop.hdds.scm.pipeline.SCMPipelineManager.destroyPipeline(SCMPipelineManager.java:409)
	at org.apache.hadoop.hdds.scm.pipeline.SCMPipelineManager.lambda$finalizeAndDestroyPipeline$0(SCMPipelineManager.java:318)
	at org.apache.hadoop.utils.Scheduler.lambda$schedule$1(Scheduler.java:68)
	at java.util.concurrent.Executors$RunnableAdapter.call(Executors.java:511)
	at java.util.concurrent.FutureTask.run(FutureTask.java:266)
	at java.util.concurrent.ScheduledThreadPoolExecutor$ScheduledFutureTask.access$201(ScheduledThreadPoolExecutor.java:180)
	at java.util.concurrent.ScheduledThreadPoolExecutor$ScheduledFutureTask.run(ScheduledThreadPoolExecutor.java:293)
	at java.util.concurrent.ThreadPoolExecutor.runWorker(ThreadPoolExecutor.java:1149)
	at java.util.concurrent.ThreadPoolExecutor$Worker.run(ThreadPoolExecutor.java:624)
	at java.lang.Thread.run(Thread.java:748)
2019-09-17 22:35:26,403 [java.util.concurrent.ThreadPoolExecutor$Worker@1444d9b3[State = -1, empty queue]] WARN  server.GrpcLogAppender (GrpcLogAppender.java:timeoutAppendRequest(200)) - bba25625-58dd-4c9e-929d-1a2e91bc3828@group-C311AD233868->f4adb48a-7d7d-4db9-96e8-d2aa5901bd52-GrpcLogAppender: appendEntries Timeout, request=bba25625-58dd-4c9e-929d-1a2e91bc3828->f4adb48a-7d7d-4db9-96e8-d2aa5901bd52#92-t1, previous=(t:1, i:16), leaderCommit=16, initializing? false, entries: size=1, first=(t:1, i:17), STATEMACHINELOGENTRY, client-2EE9B685757F, cid=33
2019-09-17 22:35:26,403 [java.util.concurrent.ThreadPoolExecutor$Worker@66d00973[State = -1, empty queue]] WARN  server.GrpcLogAppender (GrpcLogAppender.java:timeoutAppendRequest(200)) - bba25625-58dd-4c9e-929d-1a2e91bc3828@group-C311AD233868->41f4c1b5-d215-4831-aa76-48270f5e0061-GrpcLogAppender: appendEntries Timeout, request=bba25625-58dd-4c9e-929d-1a2e91bc3828->41f4c1b5-d215-4831-aa76-48270f5e0061#92-t1, previous=(t:1, i:16), leaderCommit=16, initializing? false, entries: size=1, first=(t:1, i:17), STATEMACHINELOGENTRY, client-2EE9B685757F, cid=33
2019-09-17 22:35:26,405 [java.util.concurrent.ThreadPoolExecutor$Worker@66d00973[State = -1, empty queue]] WARN  server.GrpcLogAppender (GrpcLogAppender.java:timeoutAppendRequest(200)) - bba25625-58dd-4c9e-929d-1a2e91bc3828@group-C311AD233868->41f4c1b5-d215-4831-aa76-48270f5e0061-GrpcLogAppender: appendEntries Timeout, request=bba25625-58dd-4c9e-929d-1a2e91bc3828->41f4c1b5-d215-4831-aa76-48270f5e0061#93-t1, previous=(t:1, i:17), leaderCommit=16, initializing? false, entries: size=1, first=(t:1, i:18), STATEMACHINELOGENTRY, client-2EE9B685757F, cid=34
2019-09-17 22:35:26,405 [java.util.concurrent.ThreadPoolExecutor$Worker@1444d9b3[State = -1, empty queue]] WARN  server.GrpcLogAppender (GrpcLogAppender.java:timeoutAppendRequest(200)) - bba25625-58dd-4c9e-929d-1a2e91bc3828@group-C311AD233868->f4adb48a-7d7d-4db9-96e8-d2aa5901bd52-GrpcLogAppender: appendEntries Timeout, request=bba25625-58dd-4c9e-929d-1a2e91bc3828->f4adb48a-7d7d-4db9-96e8-d2aa5901bd52#93-t1, previous=(t:1, i:17), leaderCommit=16, initializing? false, entries: size=1, first=(t:1, i:18), STATEMACHINELOGENTRY, client-2EE9B685757F, cid=34
2019-09-17 22:35:26,405 [java.util.concurrent.ThreadPoolExecutor$Worker@66d00973[State = -1, empty queue]] WARN  server.GrpcLogAppender (GrpcLogAppender.java:timeoutAppendRequest(200)) - bba25625-58dd-4c9e-929d-1a2e91bc3828@group-C311AD233868->41f4c1b5-d215-4831-aa76-48270f5e0061-GrpcLogAppender: appendEntries Timeout, request=bba25625-58dd-4c9e-929d-1a2e91bc3828->41f4c1b5-d215-4831-aa76-48270f5e0061#94-t1, previous=(t:1, i:18), leaderCommit=16, initializing? false, entries: size=1, first=(t:1, i:19), STATEMACHINELOGENTRY, client-2EE9B685757F, cid=35
2019-09-17 22:35:26,405 [java.util.concurrent.ThreadPoolExecutor$Worker@1444d9b3[State = -1, empty queue]] WARN  server.GrpcLogAppender (GrpcLogAppender.java:timeoutAppendRequest(200)) - bba25625-58dd-4c9e-929d-1a2e91bc3828@group-C311AD233868->f4adb48a-7d7d-4db9-96e8-d2aa5901bd52-GrpcLogAppender: appendEntries Timeout, request=bba25625-58dd-4c9e-929d-1a2e91bc3828->f4adb48a-7d7d-4db9-96e8-d2aa5901bd52#94-t1, previous=(t:1, i:18), leaderCommit=16, initializing? false, entries: size=1, first=(t:1, i:19), STATEMACHINELOGENTRY, client-2EE9B685757F, cid=35
2019-09-17 22:35:26,407 [java.util.concurrent.ThreadPoolExecutor$Worker@1444d9b3[State = -1, empty queue]] WARN  server.GrpcLogAppender (GrpcLogAppender.java:timeoutAppendRequest(200)) - bba25625-58dd-4c9e-929d-1a2e91bc3828@group-C311AD233868->f4adb48a-7d7d-4db9-96e8-d2aa5901bd52-GrpcLogAppender: appendEntries Timeout, request=bba25625-58dd-4c9e-929d-1a2e91bc3828->f4adb48a-7d7d-4db9-96e8-d2aa5901bd52#95-t1, previous=(t:1, i:19), leaderCommit=16, initializing? false, entries: size=1, first=(t:1, i:20), STATEMACHINELOGENTRY, client-2EE9B685757F, cid=36
2019-09-17 22:35:26,407 [java.util.concurrent.ThreadPoolExecutor$Worker@66d00973[State = -1, empty queue]] WARN  server.GrpcLogAppender (GrpcLogAppender.java:timeoutAppendRequest(200)) - bba25625-58dd-4c9e-929d-1a2e91bc3828@group-C311AD233868->41f4c1b5-d215-4831-aa76-48270f5e0061-GrpcLogAppender: appendEntries Timeout, request=bba25625-58dd-4c9e-929d-1a2e91bc3828->41f4c1b5-d215-4831-aa76-48270f5e0061#95-t1, previous=(t:1, i:19), leaderCommit=16, initializing? false, entries: size=1, first=(t:1, i:20), STATEMACHINELOGENTRY, client-2EE9B685757F, cid=36
2019-09-17 22:35:26,408 [java.util.concurrent.ThreadPoolExecutor$Worker@66d00973[State = -1, empty queue]] WARN  server.GrpcLogAppender (GrpcLogAppender.java:timeoutAppendRequest(200)) - bba25625-58dd-4c9e-929d-1a2e91bc3828@group-C311AD233868->41f4c1b5-d215-4831-aa76-48270f5e0061-GrpcLogAppender: appendEntries Timeout, request=bba25625-58dd-4c9e-929d-1a2e91bc3828->41f4c1b5-d215-4831-aa76-48270f5e0061#96-t1, previous=(t:1, i:20), leaderCommit=16, initializing? false, entries: size=1, first=(t:1, i:21), STATEMACHINELOGENTRY, client-2EE9B685757F, cid=37
2019-09-17 22:35:26,408 [java.util.concurrent.ThreadPoolExecutor$Worker@1444d9b3[State = -1, empty queue]] WARN  server.GrpcLogAppender (GrpcLogAppender.java:timeoutAppendRequest(200)) - bba25625-58dd-4c9e-929d-1a2e91bc3828@group-C311AD233868->f4adb48a-7d7d-4db9-96e8-d2aa5901bd52-GrpcLogAppender: appendEntries Timeout, request=bba25625-58dd-4c9e-929d-1a2e91bc3828->f4adb48a-7d7d-4db9-96e8-d2aa5901bd52#96-t1, previous=(t:1, i:20), leaderCommit=16, initializing? false, entries: size=1, first=(t:1, i:21), STATEMACHINELOGENTRY, client-2EE9B685757F, cid=37
2019-09-17 22:35:26,408 [java.util.concurrent.ThreadPoolExecutor$Worker@66d00973[State = -1, empty queue]] WARN  server.GrpcLogAppender (GrpcLogAppender.java:timeoutAppendRequest(200)) - bba25625-58dd-4c9e-929d-1a2e91bc3828@group-C311AD233868->41f4c1b5-d215-4831-aa76-48270f5e0061-GrpcLogAppender: appendEntries Timeout, request=bba25625-58dd-4c9e-929d-1a2e91bc3828->41f4c1b5-d215-4831-aa76-48270f5e0061#97-t1, previous=(t:1, i:21), leaderCommit=16, initializing? false, entries: size=1, first=(t:1, i:22), STATEMACHINELOGENTRY, client-2EE9B685757F, cid=38
2019-09-17 22:35:26,408 [java.util.concurrent.ThreadPoolExecutor$Worker@1444d9b3[State = -1, empty queue]] WARN  server.GrpcLogAppender (GrpcLogAppender.java:timeoutAppendRequest(200)) - bba25625-58dd-4c9e-929d-1a2e91bc3828@group-C311AD233868->f4adb48a-7d7d-4db9-96e8-d2aa5901bd52-GrpcLogAppender: appendEntries Timeout, request=bba25625-58dd-4c9e-929d-1a2e91bc3828->f4adb48a-7d7d-4db9-96e8-d2aa5901bd52#97-t1, previous=(t:1, i:21), leaderCommit=16, initializing? false, entries: size=1, first=(t:1, i:22), STATEMACHINELOGENTRY, client-2EE9B685757F, cid=38
2019-09-17 22:35:27,878 [Thread-827] INFO  impl.FollowerState (FollowerState.java:run(106)) - 80bd91bd-ab17-414e-9fbc-bd509e19448d:group-D35E5DAA4B7D changes to CANDIDATE, lastRpcTime:5041, electionTimeout:5041ms
2019-09-17 22:35:27,878 [Thread-827] INFO  impl.RoleInfo (RoleInfo.java:shutdownFollowerState(121)) - 80bd91bd-ab17-414e-9fbc-bd509e19448d: shutdown FollowerState
2019-09-17 22:35:27,879 [Thread-827] INFO  impl.RaftServerImpl (RaftServerImpl.java:setRole(174)) - 80bd91bd-ab17-414e-9fbc-bd509e19448d@group-D35E5DAA4B7D: changes role from  FOLLOWER to CANDIDATE at term 0 for changeToCandidate
2019-09-17 22:35:27,879 [Thread-827] INFO  impl.RoleInfo (RoleInfo.java:updateAndGet(143)) - 80bd91bd-ab17-414e-9fbc-bd509e19448d: start LeaderElection
2019-09-17 22:35:27,911 [80bd91bd-ab17-414e-9fbc-bd509e19448d@group-D35E5DAA4B7D:LeaderElection10] INFO  impl.LeaderElection (LeaderElection.java:askForVotes(182)) - 80bd91bd-ab17-414e-9fbc-bd509e19448d@group-D35E5DAA4B7D:LeaderElection10: begin an election at term 1 for -1: [fc7af808-7c3b-4e7d-bcd4-16788f7c0c06:192.168.5.156:38622, 3de10ab2-5aa8-4456-b48c-00692585ccec:192.168.5.156:39175, 80bd91bd-ab17-414e-9fbc-bd509e19448d:192.168.5.156:34851], old=null
2019-09-17 22:35:27,924 [grpc-default-executor-1] INFO  impl.RaftServerImpl (RaftServerImpl.java:setRole(174)) - fc7af808-7c3b-4e7d-bcd4-16788f7c0c06@group-D35E5DAA4B7D: changes role from  FOLLOWER to FOLLOWER at term 1 for recognizeCandidate:80bd91bd-ab17-414e-9fbc-bd509e19448d
2019-09-17 22:35:27,924 [grpc-default-executor-1] INFO  impl.RoleInfo (RoleInfo.java:shutdownFollowerState(121)) - fc7af808-7c3b-4e7d-bcd4-16788f7c0c06: shutdown FollowerState
2019-09-17 22:35:27,924 [grpc-default-executor-1] INFO  impl.RoleInfo (RoleInfo.java:updateAndGet(143)) - fc7af808-7c3b-4e7d-bcd4-16788f7c0c06: start FollowerState
2019-09-17 22:35:27,924 [Thread-829] INFO  impl.FollowerState (FollowerState.java:run(115)) - fc7af808-7c3b-4e7d-bcd4-16788f7c0c06: FollowerState was interrupted: java.lang.InterruptedException: sleep interrupted
2019-09-17 22:35:27,929 [grpc-default-executor-2] INFO  impl.RaftServerImpl (RaftServerImpl.java:setRole(174)) - 3de10ab2-5aa8-4456-b48c-00692585ccec@group-D35E5DAA4B7D: changes role from  FOLLOWER to FOLLOWER at term 1 for recognizeCandidate:80bd91bd-ab17-414e-9fbc-bd509e19448d
2019-09-17 22:35:27,929 [grpc-default-executor-2] INFO  impl.RoleInfo (RoleInfo.java:shutdownFollowerState(121)) - 3de10ab2-5aa8-4456-b48c-00692585ccec: shutdown FollowerState
2019-09-17 22:35:27,929 [grpc-default-executor-2] INFO  impl.RoleInfo (RoleInfo.java:updateAndGet(143)) - 3de10ab2-5aa8-4456-b48c-00692585ccec: start FollowerState
2019-09-17 22:35:27,929 [Thread-828] INFO  impl.FollowerState (FollowerState.java:run(115)) - 3de10ab2-5aa8-4456-b48c-00692585ccec: FollowerState was interrupted: java.lang.InterruptedException: sleep interrupted
2019-09-17 22:35:27,946 [grpc-default-executor-4] INFO  impl.RaftServerProxy (RaftServerProxy.java:remove(95)) - 80bd91bd-ab17-414e-9fbc-bd509e19448d: remove group-BE3E92DB7FF3:null
2019-09-17 22:35:27,956 [RatisPipelineUtilsThread] WARN  pipeline.RatisPipelineUtils (RatisPipelineUtils.java:destroyPipeline(66)) - Pipeline destroy failed for pipeline=PipelineID=4d8c8784-d1ee-45fb-902d-be3e92db7ff3 dn=80bd91bd-ab17-414e-9fbc-bd509e19448d{ip: 192.168.5.156, host: pr-hdds-2121-pbfts-3191465506, networkLocation: /default-rack, certSerialId: null}
2019-09-17 22:35:27,956 [80bd91bd-ab17-414e-9fbc-bd509e19448d@group-D35E5DAA4B7D:LeaderElection10] INFO  impl.LeaderElection (LeaderElection.java:logAndReturn(56)) - 80bd91bd-ab17-414e-9fbc-bd509e19448d@group-D35E5DAA4B7D:LeaderElection10: Election PASSED; received 1 response(s) [80bd91bd-ab17-414e-9fbc-bd509e19448d<-fc7af808-7c3b-4e7d-bcd4-16788f7c0c06#0:OK-t1] and 0 exception(s); 80bd91bd-ab17-414e-9fbc-bd509e19448d@group-D35E5DAA4B7D:t1, leader=null, voted=80bd91bd-ab17-414e-9fbc-bd509e19448d, raftlog=80bd91bd-ab17-414e-9fbc-bd509e19448d@group-D35E5DAA4B7D-SegmentedRaftLog:OPENED:c-1,f-1,i0, conf=-1: [fc7af808-7c3b-4e7d-bcd4-16788f7c0c06:192.168.5.156:38622, 3de10ab2-5aa8-4456-b48c-00692585ccec:192.168.5.156:39175, 80bd91bd-ab17-414e-9fbc-bd509e19448d:192.168.5.156:34851], old=null
2019-09-17 22:35:27,957 [80bd91bd-ab17-414e-9fbc-bd509e19448d@group-D35E5DAA4B7D:LeaderElection10] INFO  impl.RoleInfo (RoleInfo.java:shutdownLeaderElection(134)) - 80bd91bd-ab17-414e-9fbc-bd509e19448d: shutdown LeaderElection
2019-09-17 22:35:27,957 [80bd91bd-ab17-414e-9fbc-bd509e19448d@group-D35E5DAA4B7D:LeaderElection10] INFO  impl.RaftServerImpl (RaftServerImpl.java:setRole(174)) - 80bd91bd-ab17-414e-9fbc-bd509e19448d@group-D35E5DAA4B7D: changes role from CANDIDATE to LEADER at term 1 for changeToLeader
2019-09-17 22:35:27,960 [80bd91bd-ab17-414e-9fbc-bd509e19448d@group-D35E5DAA4B7D:LeaderElection10] INFO  impl.RaftServerImpl (ServerState.java:setLeader(253)) - 80bd91bd-ab17-414e-9fbc-bd509e19448d@group-D35E5DAA4B7D: change Leader from null to 80bd91bd-ab17-414e-9fbc-bd509e19448d at term 1 for becomeLeader, leader elected after 5136ms
2019-09-17 22:35:27,960 [80bd91bd-ab17-414e-9fbc-bd509e19448d@group-D35E5DAA4B7D:LeaderElection10] INFO  server.RaftServerConfigKeys (ConfUtils.java:logGet(43)) - raft.server.staging.catchup.gap = 1000 (default)
2019-09-17 22:35:27,960 [80bd91bd-ab17-414e-9fbc-bd509e19448d@group-D35E5DAA4B7D:LeaderElection10] INFO  server.RaftServerConfigKeys (ConfUtils.java:logGet(43)) - raft.server.rpc.sleep.time = 25ms (default)
2019-09-17 22:35:27,960 [80bd91bd-ab17-414e-9fbc-bd509e19448d@group-D35E5DAA4B7D:LeaderElection10] INFO  server.RaftServerConfigKeys (ConfUtils.java:logGet(43)) - raft.server.write.element-limit = 4096 (default)
2019-09-17 22:35:27,960 [80bd91bd-ab17-414e-9fbc-bd509e19448d@group-D35E5DAA4B7D:LeaderElection10] INFO  server.RaftServerConfigKeys (ConfUtils.java:logGet(43)) - raft.server.watch.timeout = 10s (default)
2019-09-17 22:35:27,961 [80bd91bd-ab17-414e-9fbc-bd509e19448d@group-D35E5DAA4B7D:LeaderElection10] INFO  server.RaftServerConfigKeys (ConfUtils.java:logGet(43)) - raft.server.watch.timeout.denomination = 1s (default)
2019-09-17 22:35:27,961 [80bd91bd-ab17-414e-9fbc-bd509e19448d@group-D35E5DAA4B7D:LeaderElection10] INFO  server.RaftServerConfigKeys (ConfUtils.java:logGet(43)) - raft.server.watch.element-limit = 65536 (default)
2019-09-17 22:35:27,963 [grpc-default-executor-1] INFO  impl.RaftServerProxy (RaftServerProxy.java:remove(95)) - 3de10ab2-5aa8-4456-b48c-00692585ccec: remove group-BE3E92DB7FF3:null
2019-09-17 22:35:27,968 [RatisPipelineUtilsThread] WARN  pipeline.RatisPipelineUtils (RatisPipelineUtils.java:destroyPipeline(66)) - Pipeline destroy failed for pipeline=PipelineID=4d8c8784-d1ee-45fb-902d-be3e92db7ff3 dn=3de10ab2-5aa8-4456-b48c-00692585ccec{ip: 192.168.5.156, host: pr-hdds-2121-pbfts-3191465506, networkLocation: /default-rack, certSerialId: null}
2019-09-17 22:35:27,968 [80bd91bd-ab17-414e-9fbc-bd509e19448d@group-D35E5DAA4B7D:LeaderElection10] INFO  server.RaftServerConfigKeys (ConfUtils.java:logGet(43)) - raft.server.log.appender.snapshot.chunk.size.max = 16MB (=16777216) (default)
2019-09-17 22:35:27,969 [80bd91bd-ab17-414e-9fbc-bd509e19448d@group-D35E5DAA4B7D:LeaderElection10] INFO  server.RaftServerConfigKeys (ConfUtils.java:logGet(43)) - raft.server.log.appender.buffer.byte-limit = 33554432 (custom)
2019-09-17 22:35:27,970 [80bd91bd-ab17-414e-9fbc-bd509e19448d@group-D35E5DAA4B7D:LeaderElection10] INFO  server.RaftServerConfigKeys (ConfUtils.java:logGet(43)) - raft.server.log.appender.buffer.element-limit = 1 (custom)
2019-09-17 22:35:27,970 [80bd91bd-ab17-414e-9fbc-bd509e19448d@group-D35E5DAA4B7D:LeaderElection10] INFO  grpc.GrpcConfigKeys$Server (ConfUtils.java:logGet(43)) - raft.grpc.server.leader.outstanding.appends.max = 128 (default)
2019-09-17 22:35:27,971 [80bd91bd-ab17-414e-9fbc-bd509e19448d@group-D35E5DAA4B7D:LeaderElection10] INFO  server.RaftServerConfigKeys (ConfUtils.java:logGet(43)) - raft.server.rpc.request.timeout = 3000ms (default)
2019-09-17 22:35:27,971 [80bd91bd-ab17-414e-9fbc-bd509e19448d@group-D35E5DAA4B7D:LeaderElection10] INFO  server.RaftServerConfigKeys (ConfUtils.java:logGet(43)) - raft.server.log.appender.install.snapshot.enabled = false (custom)
2019-09-17 22:35:27,971 [80bd91bd-ab17-414e-9fbc-bd509e19448d@group-D35E5DAA4B7D:LeaderElection10] INFO  server.RaftServerConfigKeys (ConfUtils.java:logGet(43)) - raft.server.log.appender.snapshot.chunk.size.max = 16MB (=16777216) (default)
2019-09-17 22:35:27,971 [80bd91bd-ab17-414e-9fbc-bd509e19448d@group-D35E5DAA4B7D:LeaderElection10] INFO  server.RaftServerConfigKeys (ConfUtils.java:logGet(43)) - raft.server.log.appender.buffer.byte-limit = 33554432 (custom)
2019-09-17 22:35:27,971 [80bd91bd-ab17-414e-9fbc-bd509e19448d@group-D35E5DAA4B7D:LeaderElection10] INFO  server.RaftServerConfigKeys (ConfUtils.java:logGet(43)) - raft.server.log.appender.buffer.element-limit = 1 (custom)
2019-09-17 22:35:27,972 [80bd91bd-ab17-414e-9fbc-bd509e19448d@group-D35E5DAA4B7D:LeaderElection10] INFO  grpc.GrpcConfigKeys$Server (ConfUtils.java:logGet(43)) - raft.grpc.server.leader.outstanding.appends.max = 128 (default)
2019-09-17 22:35:27,972 [80bd91bd-ab17-414e-9fbc-bd509e19448d@group-D35E5DAA4B7D:LeaderElection10] INFO  server.RaftServerConfigKeys (ConfUtils.java:logGet(43)) - raft.server.rpc.request.timeout = 3000ms (default)
2019-09-17 22:35:27,973 [grpc-default-executor-1] INFO  impl.RaftServerProxy (RaftServerProxy.java:remove(95)) - fc7af808-7c3b-4e7d-bcd4-16788f7c0c06: remove group-BE3E92DB7FF3:null
2019-09-17 22:35:27,973 [80bd91bd-ab17-414e-9fbc-bd509e19448d@group-D35E5DAA4B7D:LeaderElection10] INFO  server.RaftServerConfigKeys (ConfUtils.java:logGet(43)) - raft.server.log.appender.install.snapshot.enabled = false (custom)
2019-09-17 22:35:27,975 [80bd91bd-ab17-414e-9fbc-bd509e19448d@group-D35E5DAA4B7D:LeaderElection10] INFO  impl.RoleInfo (RoleInfo.java:updateAndGet(143)) - 80bd91bd-ab17-414e-9fbc-bd509e19448d: start LeaderState
2019-09-17 22:35:27,975 [80bd91bd-ab17-414e-9fbc-bd509e19448d@group-D35E5DAA4B7D:LeaderElection10] INFO  segmented.SegmentedRaftLogWorker (SegmentedRaftLogWorker.java:startLogSegment(380)) - 80bd91bd-ab17-414e-9fbc-bd509e19448d@group-D35E5DAA4B7D-SegmentedRaftLogWorker: Starting segment from index:0
2019-09-17 22:35:27,976 [80bd91bd-ab17-414e-9fbc-bd509e19448d@group-D35E5DAA4B7D:LeaderElection10] INFO  impl.RaftServerImpl (ServerState.java:setRaftConf(354)) - 80bd91bd-ab17-414e-9fbc-bd509e19448d@group-D35E5DAA4B7D: set configuration 0: [fc7af808-7c3b-4e7d-bcd4-16788f7c0c06:192.168.5.156:38622, 3de10ab2-5aa8-4456-b48c-00692585ccec:192.168.5.156:39175, 80bd91bd-ab17-414e-9fbc-bd509e19448d:192.168.5.156:34851], old=null at 0
2019-09-17 22:35:28,009 [RatisPipelineUtilsThread] WARN  pipeline.RatisPipelineUtils (RatisPipelineUtils.java:destroyPipeline(66)) - Pipeline destroy failed for pipeline=PipelineID=4d8c8784-d1ee-45fb-902d-be3e92db7ff3 dn=fc7af808-7c3b-4e7d-bcd4-16788f7c0c06{ip: 192.168.5.156, host: pr-hdds-2121-pbfts-3191465506, networkLocation: /default-rack, certSerialId: null}
2019-09-17 22:35:28,010 [grpc-default-executor-1] INFO  impl.RaftServerImpl (ServerState.java:setLeader(253)) - 3de10ab2-5aa8-4456-b48c-00692585ccec@group-D35E5DAA4B7D: change Leader from null to 80bd91bd-ab17-414e-9fbc-bd509e19448d at term 1 for appendEntries, leader elected after 5187ms
2019-09-17 22:35:28,010 [RatisPipelineUtilsThread] ERROR pipeline.SCMPipelineManager (Scheduler.java:lambda$schedule$1(70)) - Destroy pipeline failed for pipeline:Pipeline[ Id: 4d8c8784-d1ee-45fb-902d-be3e92db7ff3, Nodes: 80bd91bd-ab17-414e-9fbc-bd509e19448d{ip: 192.168.5.156, host: pr-hdds-2121-pbfts-3191465506, networkLocation: /default-rack, certSerialId: null}3de10ab2-5aa8-4456-b48c-00692585ccec{ip: 192.168.5.156, host: pr-hdds-2121-pbfts-3191465506, networkLocation: /default-rack, certSerialId: null}fc7af808-7c3b-4e7d-bcd4-16788f7c0c06{ip: 192.168.5.156, host: pr-hdds-2121-pbfts-3191465506, networkLocation: /default-rack, certSerialId: null}, Type:RATIS, Factor:THREE, State:CLOSED]
org.apache.hadoop.hdds.scm.pipeline.PipelineNotFoundException: PipelineID=4d8c8784-d1ee-45fb-902d-be3e92db7ff3 not found
	at org.apache.hadoop.hdds.scm.pipeline.PipelineStateMap.getPipeline(PipelineStateMap.java:132)
	at org.apache.hadoop.hdds.scm.pipeline.PipelineStateMap.removePipeline(PipelineStateMap.java:322)
	at org.apache.hadoop.hdds.scm.pipeline.PipelineStateManager.removePipeline(PipelineStateManager.java:107)
	at org.apache.hadoop.hdds.scm.pipeline.SCMPipelineManager.removePipeline(SCMPipelineManager.java:423)
	at org.apache.hadoop.hdds.scm.pipeline.SCMPipelineManager.destroyPipeline(SCMPipelineManager.java:409)
	at org.apache.hadoop.hdds.scm.pipeline.SCMPipelineManager.lambda$finalizeAndDestroyPipeline$0(SCMPipelineManager.java:318)
	at org.apache.hadoop.utils.Scheduler.lambda$schedule$1(Scheduler.java:68)
	at java.util.concurrent.Executors$RunnableAdapter.call(Executors.java:511)
	at java.util.concurrent.FutureTask.run(FutureTask.java:266)
	at java.util.concurrent.ScheduledThreadPoolExecutor$ScheduledFutureTask.access$201(ScheduledThreadPoolExecutor.java:180)
	at java.util.concurrent.ScheduledThreadPoolExecutor$ScheduledFutureTask.run(ScheduledThreadPoolExecutor.java:293)
	at java.util.concurrent.ThreadPoolExecutor.runWorker(ThreadPoolExecutor.java:1149)
	at java.util.concurrent.ThreadPoolExecutor$Worker.run(ThreadPoolExecutor.java:624)
	at java.lang.Thread.run(Thread.java:748)
2019-09-17 22:35:28,011 [grpc-default-executor-1] INFO  impl.RaftServerImpl (ServerState.java:setLeader(253)) - fc7af808-7c3b-4e7d-bcd4-16788f7c0c06@group-D35E5DAA4B7D: change Leader from null to 80bd91bd-ab17-414e-9fbc-bd509e19448d at term 1 for appendEntries, leader elected after 5188ms
2019-09-17 22:35:28,015 [grpc-default-executor-2] INFO  impl.RaftServerImpl (ServerState.java:setRaftConf(354)) - 3de10ab2-5aa8-4456-b48c-00692585ccec@group-D35E5DAA4B7D: set configuration 0: [fc7af808-7c3b-4e7d-bcd4-16788f7c0c06:192.168.5.156:38622, 3de10ab2-5aa8-4456-b48c-00692585ccec:192.168.5.156:39175, 80bd91bd-ab17-414e-9fbc-bd509e19448d:192.168.5.156:34851], old=null at 0
2019-09-17 22:35:28,015 [grpc-default-executor-2] INFO  segmented.SegmentedRaftLogWorker (SegmentedRaftLogWorker.java:startLogSegment(380)) - 3de10ab2-5aa8-4456-b48c-00692585ccec@group-D35E5DAA4B7D-SegmentedRaftLogWorker: Starting segment from index:0
2019-09-17 22:35:28,015 [grpc-default-executor-2] INFO  impl.RaftServerImpl (ServerState.java:setRaftConf(354)) - fc7af808-7c3b-4e7d-bcd4-16788f7c0c06@group-D35E5DAA4B7D: set configuration 0: [fc7af808-7c3b-4e7d-bcd4-16788f7c0c06:192.168.5.156:38622, 3de10ab2-5aa8-4456-b48c-00692585ccec:192.168.5.156:39175, 80bd91bd-ab17-414e-9fbc-bd509e19448d:192.168.5.156:34851], old=null at 0
2019-09-17 22:35:28,016 [grpc-default-executor-2] INFO  segmented.SegmentedRaftLogWorker (SegmentedRaftLogWorker.java:startLogSegment(380)) - fc7af808-7c3b-4e7d-bcd4-16788f7c0c06@group-D35E5DAA4B7D-SegmentedRaftLogWorker: Starting segment from index:0
2019-09-17 22:35:28,020 [80bd91bd-ab17-414e-9fbc-bd509e19448d@group-D35E5DAA4B7D-SegmentedRaftLogWorker] INFO  segmented.SegmentedRaftLogWorker (SegmentedRaftLogWorker.java:execute(569)) - 80bd91bd-ab17-414e-9fbc-bd509e19448d@group-D35E5DAA4B7D-SegmentedRaftLogWorker: created new log segment /workdir/hadoop-ozone/integration-test/target/test-dir/MiniOzoneClusterImpl-bd92ec51-65b6-4c9d-b31e-1ffa86bb815f/datanode-4/data/ratis/902a7d83-77ad-4cdf-97f4-d35e5daa4b7d/current/log_inprogress_0
2019-09-17 22:35:28,069 [fc7af808-7c3b-4e7d-bcd4-16788f7c0c06@group-D35E5DAA4B7D-SegmentedRaftLogWorker] INFO  segmented.SegmentedRaftLogWorker (SegmentedRaftLogWorker.java:execute(569)) - fc7af808-7c3b-4e7d-bcd4-16788f7c0c06@group-D35E5DAA4B7D-SegmentedRaftLogWorker: created new log segment /workdir/hadoop-ozone/integration-test/target/test-dir/MiniOzoneClusterImpl-bd92ec51-65b6-4c9d-b31e-1ffa86bb815f/datanode-0/data/ratis/902a7d83-77ad-4cdf-97f4-d35e5daa4b7d/current/log_inprogress_0
2019-09-17 22:35:28,069 [3de10ab2-5aa8-4456-b48c-00692585ccec@group-D35E5DAA4B7D-SegmentedRaftLogWorker] INFO  segmented.SegmentedRaftLogWorker (SegmentedRaftLogWorker.java:execute(569)) - 3de10ab2-5aa8-4456-b48c-00692585ccec@group-D35E5DAA4B7D-SegmentedRaftLogWorker: created new log segment /workdir/hadoop-ozone/integration-test/target/test-dir/MiniOzoneClusterImpl-bd92ec51-65b6-4c9d-b31e-1ffa86bb815f/datanode-6/data/ratis/902a7d83-77ad-4cdf-97f4-d35e5daa4b7d/current/log_inprogress_0
2019-09-17 22:35:28,424 [grpc-default-executor-2] INFO  client.GrpcClientProtocolClient (GrpcClientProtocolClient.java:onNext(264)) - client-2EE9B685757F->f4adb48a-7d7d-4db9-96e8-d2aa5901bd52: receive RaftClientReply:client-2EE9B685757F->f4adb48a-7d7d-4db9-96e8-d2aa5901bd52@group-C311AD233868, cid=33, FAILED org.apache.ratis.protocol.NotLeaderException: Server f4adb48a-7d7d-4db9-96e8-d2aa5901bd52@group-C311AD233868 is not the leader bba25625-58dd-4c9e-929d-1a2e91bc3828:192.168.5.156:36127, logIndex=0, commits[f4adb48a-7d7d-4db9-96e8-d2aa5901bd52:c16, 41f4c1b5-d215-4831-aa76-48270f5e0061:c14, bba25625-58dd-4c9e-929d-1a2e91bc3828:c16]
2019-09-17 22:35:28,909 [java.util.concurrent.ThreadPoolExecutor$Worker@1444d9b3[State = -1, empty queue]] WARN  server.GrpcLogAppender (GrpcLogAppender.java:timeoutAppendRequest(200)) - bba25625-58dd-4c9e-929d-1a2e91bc3828@group-C311AD233868->f4adb48a-7d7d-4db9-96e8-d2aa5901bd52-GrpcLogAppender: appendEntries Timeout, request=bba25625-58dd-4c9e-929d-1a2e91bc3828->f4adb48a-7d7d-4db9-96e8-d2aa5901bd52#98-t1, previous=(t:1, i:22), leaderCommit=16, initializing? false, entries: <empty>
2019-09-17 22:35:28,909 [java.util.concurrent.ThreadPoolExecutor$Worker@66d00973[State = -1, empty queue]] WARN  server.GrpcLogAppender (GrpcLogAppender.java:timeoutAppendRequest(200)) - bba25625-58dd-4c9e-929d-1a2e91bc3828@group-C311AD233868->41f4c1b5-d215-4831-aa76-48270f5e0061-GrpcLogAppender: appendEntries Timeout, request=bba25625-58dd-4c9e-929d-1a2e91bc3828->41f4c1b5-d215-4831-aa76-48270f5e0061#98-t1, previous=(t:1, i:22), leaderCommit=16, initializing? false, entries: <empty>
2019-09-17 22:35:29,948 [grpc-default-executor-1] INFO  impl.RaftServerProxy (RaftServerProxy.java:remove(95)) - 80bd91bd-ab17-414e-9fbc-bd509e19448d: remove group-BE3E92DB7FF3:null
2019-09-17 22:35:29,957 [RatisPipelineUtilsThread] WARN  pipeline.RatisPipelineUtils (RatisPipelineUtils.java:destroyPipeline(66)) - Pipeline destroy failed for pipeline=PipelineID=4d8c8784-d1ee-45fb-902d-be3e92db7ff3 dn=80bd91bd-ab17-414e-9fbc-bd509e19448d{ip: 192.168.5.156, host: pr-hdds-2121-pbfts-3191465506, networkLocation: /default-rack, certSerialId: null}
2019-09-17 22:35:29,964 [grpc-default-executor-1] INFO  impl.RaftServerProxy (RaftServerProxy.java:remove(95)) - 3de10ab2-5aa8-4456-b48c-00692585ccec: remove group-BE3E92DB7FF3:null
2019-09-17 22:35:29,971 [RatisPipelineUtilsThread] WARN  pipeline.RatisPipelineUtils (RatisPipelineUtils.java:destroyPipeline(66)) - Pipeline destroy failed for pipeline=PipelineID=4d8c8784-d1ee-45fb-902d-be3e92db7ff3 dn=3de10ab2-5aa8-4456-b48c-00692585ccec{ip: 192.168.5.156, host: pr-hdds-2121-pbfts-3191465506, networkLocation: /default-rack, certSerialId: null}
2019-09-17 22:35:29,977 [grpc-default-executor-1] INFO  impl.RaftServerProxy (RaftServerProxy.java:remove(95)) - fc7af808-7c3b-4e7d-bcd4-16788f7c0c06: remove group-BE3E92DB7FF3:null
2019-09-17 22:35:29,984 [RatisPipelineUtilsThread] WARN  pipeline.RatisPipelineUtils (RatisPipelineUtils.java:destroyPipeline(66)) - Pipeline destroy failed for pipeline=PipelineID=4d8c8784-d1ee-45fb-902d-be3e92db7ff3 dn=fc7af808-7c3b-4e7d-bcd4-16788f7c0c06{ip: 192.168.5.156, host: pr-hdds-2121-pbfts-3191465506, networkLocation: /default-rack, certSerialId: null}
2019-09-17 22:35:29,985 [RatisPipelineUtilsThread] ERROR pipeline.SCMPipelineManager (Scheduler.java:lambda$schedule$1(70)) - Destroy pipeline failed for pipeline:Pipeline[ Id: 4d8c8784-d1ee-45fb-902d-be3e92db7ff3, Nodes: 80bd91bd-ab17-414e-9fbc-bd509e19448d{ip: 192.168.5.156, host: pr-hdds-2121-pbfts-3191465506, networkLocation: /default-rack, certSerialId: null}3de10ab2-5aa8-4456-b48c-00692585ccec{ip: 192.168.5.156, host: pr-hdds-2121-pbfts-3191465506, networkLocation: /default-rack, certSerialId: null}fc7af808-7c3b-4e7d-bcd4-16788f7c0c06{ip: 192.168.5.156, host: pr-hdds-2121-pbfts-3191465506, networkLocation: /default-rack, certSerialId: null}, Type:RATIS, Factor:THREE, State:CLOSED]
org.apache.hadoop.hdds.scm.pipeline.PipelineNotFoundException: PipelineID=4d8c8784-d1ee-45fb-902d-be3e92db7ff3 not found
	at org.apache.hadoop.hdds.scm.pipeline.PipelineStateMap.getPipeline(PipelineStateMap.java:132)
	at org.apache.hadoop.hdds.scm.pipeline.PipelineStateMap.removePipeline(PipelineStateMap.java:322)
	at org.apache.hadoop.hdds.scm.pipeline.PipelineStateManager.removePipeline(PipelineStateManager.java:107)
	at org.apache.hadoop.hdds.scm.pipeline.SCMPipelineManager.removePipeline(SCMPipelineManager.java:423)
	at org.apache.hadoop.hdds.scm.pipeline.SCMPipelineManager.destroyPipeline(SCMPipelineManager.java:409)
	at org.apache.hadoop.hdds.scm.pipeline.SCMPipelineManager.lambda$finalizeAndDestroyPipeline$0(SCMPipelineManager.java:318)
	at org.apache.hadoop.utils.Scheduler.lambda$schedule$1(Scheduler.java:68)
	at java.util.concurrent.Executors$RunnableAdapter.call(Executors.java:511)
	at java.util.concurrent.FutureTask.run(FutureTask.java:266)
	at java.util.concurrent.ScheduledThreadPoolExecutor$ScheduledFutureTask.access$201(ScheduledThreadPoolExecutor.java:180)
	at java.util.concurrent.ScheduledThreadPoolExecutor$ScheduledFutureTask.run(ScheduledThreadPoolExecutor.java:293)
	at java.util.concurrent.ThreadPoolExecutor.runWorker(ThreadPoolExecutor.java:1149)
	at java.util.concurrent.ThreadPoolExecutor$Worker.run(ThreadPoolExecutor.java:624)
	at java.lang.Thread.run(Thread.java:748)
2019-09-17 22:35:31,410 [java.util.concurrent.ThreadPoolExecutor$Worker@66d00973[State = -1, empty queue]] WARN  server.GrpcLogAppender (GrpcLogAppender.java:timeoutAppendRequest(200)) - bba25625-58dd-4c9e-929d-1a2e91bc3828@group-C311AD233868->41f4c1b5-d215-4831-aa76-48270f5e0061-GrpcLogAppender: appendEntries Timeout, request=bba25625-58dd-4c9e-929d-1a2e91bc3828->41f4c1b5-d215-4831-aa76-48270f5e0061#99-t1, previous=(t:1, i:22), leaderCommit=16, initializing? false, entries: <empty>
2019-09-17 22:35:31,410 [java.util.concurrent.ThreadPoolExecutor$Worker@1444d9b3[State = -1, empty queue]] WARN  server.GrpcLogAppender (GrpcLogAppender.java:timeoutAppendRequest(200)) - bba25625-58dd-4c9e-929d-1a2e91bc3828@group-C311AD233868->f4adb48a-7d7d-4db9-96e8-d2aa5901bd52-GrpcLogAppender: appendEntries Timeout, request=bba25625-58dd-4c9e-929d-1a2e91bc3828->f4adb48a-7d7d-4db9-96e8-d2aa5901bd52#99-t1, previous=(t:1, i:22), leaderCommit=16, initializing? false, entries: <empty>
2019-09-17 22:35:32,952 [grpc-default-executor-1] INFO  impl.RaftServerProxy (RaftServerProxy.java:remove(95)) - 80bd91bd-ab17-414e-9fbc-bd509e19448d: remove group-BE3E92DB7FF3:null
2019-09-17 22:35:32,959 [RatisPipelineUtilsThread] WARN  pipeline.RatisPipelineUtils (RatisPipelineUtils.java:destroyPipeline(66)) - Pipeline destroy failed for pipeline=PipelineID=4d8c8784-d1ee-45fb-902d-be3e92db7ff3 dn=80bd91bd-ab17-414e-9fbc-bd509e19448d{ip: 192.168.5.156, host: pr-hdds-2121-pbfts-3191465506, networkLocation: /default-rack, certSerialId: null}
2019-09-17 22:35:32,966 [grpc-default-executor-1] INFO  impl.RaftServerProxy (RaftServerProxy.java:remove(95)) - 3de10ab2-5aa8-4456-b48c-00692585ccec: remove group-BE3E92DB7FF3:null
2019-09-17 22:35:32,974 [RatisPipelineUtilsThread] WARN  pipeline.RatisPipelineUtils (RatisPipelineUtils.java:destroyPipeline(66)) - Pipeline destroy failed for pipeline=PipelineID=4d8c8784-d1ee-45fb-902d-be3e92db7ff3 dn=3de10ab2-5aa8-4456-b48c-00692585ccec{ip: 192.168.5.156, host: pr-hdds-2121-pbfts-3191465506, networkLocation: /default-rack, certSerialId: null}
2019-09-17 22:35:32,980 [grpc-default-executor-1] INFO  impl.RaftServerProxy (RaftServerProxy.java:remove(95)) - fc7af808-7c3b-4e7d-bcd4-16788f7c0c06: remove group-BE3E92DB7FF3:null
2019-09-17 22:35:32,987 [RatisPipelineUtilsThread] WARN  pipeline.RatisPipelineUtils (RatisPipelineUtils.java:destroyPipeline(66)) - Pipeline destroy failed for pipeline=PipelineID=4d8c8784-d1ee-45fb-902d-be3e92db7ff3 dn=fc7af808-7c3b-4e7d-bcd4-16788f7c0c06{ip: 192.168.5.156, host: pr-hdds-2121-pbfts-3191465506, networkLocation: /default-rack, certSerialId: null}
2019-09-17 22:35:32,987 [RatisPipelineUtilsThread] ERROR pipeline.SCMPipelineManager (Scheduler.java:lambda$schedule$1(70)) - Destroy pipeline failed for pipeline:Pipeline[ Id: 4d8c8784-d1ee-45fb-902d-be3e92db7ff3, Nodes: 80bd91bd-ab17-414e-9fbc-bd509e19448d{ip: 192.168.5.156, host: pr-hdds-2121-pbfts-3191465506, networkLocation: /default-rack, certSerialId: null}3de10ab2-5aa8-4456-b48c-00692585ccec{ip: 192.168.5.156, host: pr-hdds-2121-pbfts-3191465506, networkLocation: /default-rack, certSerialId: null}fc7af808-7c3b-4e7d-bcd4-16788f7c0c06{ip: 192.168.5.156, host: pr-hdds-2121-pbfts-3191465506, networkLocation: /default-rack, certSerialId: null}, Type:RATIS, Factor:THREE, State:CLOSED]
org.apache.hadoop.hdds.scm.pipeline.PipelineNotFoundException: PipelineID=4d8c8784-d1ee-45fb-902d-be3e92db7ff3 not found
	at org.apache.hadoop.hdds.scm.pipeline.PipelineStateMap.getPipeline(PipelineStateMap.java:132)
	at org.apache.hadoop.hdds.scm.pipeline.PipelineStateMap.removePipeline(PipelineStateMap.java:322)
	at org.apache.hadoop.hdds.scm.pipeline.PipelineStateManager.removePipeline(PipelineStateManager.java:107)
	at org.apache.hadoop.hdds.scm.pipeline.SCMPipelineManager.removePipeline(SCMPipelineManager.java:423)
	at org.apache.hadoop.hdds.scm.pipeline.SCMPipelineManager.destroyPipeline(SCMPipelineManager.java:409)
	at org.apache.hadoop.hdds.scm.pipeline.SCMPipelineManager.lambda$finalizeAndDestroyPipeline$0(SCMPipelineManager.java:318)
	at org.apache.hadoop.utils.Scheduler.lambda$schedule$1(Scheduler.java:68)
	at java.util.concurrent.Executors$RunnableAdapter.call(Executors.java:511)
	at java.util.concurrent.FutureTask.run(FutureTask.java:266)
	at java.util.concurrent.ScheduledThreadPoolExecutor$ScheduledFutureTask.access$201(ScheduledThreadPoolExecutor.java:180)
	at java.util.concurrent.ScheduledThreadPoolExecutor$ScheduledFutureTask.run(ScheduledThreadPoolExecutor.java:293)
	at java.util.concurrent.ThreadPoolExecutor.runWorker(ThreadPoolExecutor.java:1149)
	at java.util.concurrent.ThreadPoolExecutor$Worker.run(ThreadPoolExecutor.java:624)
	at java.lang.Thread.run(Thread.java:748)
2019-09-17 22:35:33,404 [f4adb48a-7d7d-4db9-96e8-d2aa5901bd52@group-C311AD233868-SegmentedRaftLogWorker] WARN  segmented.SegmentedRaftLogWorker (SegmentedRaftLogWorker.java:getFromFuture(90)) - Timeout 0/~
org.apache.ratis.protocol.TimeoutIOException: Timeout 10s: WriteLog:17: (t:1, i:17), STATEMACHINELOGENTRY, client-2EE9B685757F, cid=33-writeStateMachineData
	at org.apache.ratis.util.IOUtils.getFromFuture(IOUtils.java:87)
	at org.apache.ratis.server.raftlog.segmented.SegmentedRaftLogWorker$StateMachineDataPolicy.getFromFuture(SegmentedRaftLogWorker.java:87)
	at org.apache.ratis.server.raftlog.segmented.SegmentedRaftLogWorker$WriteLog.execute(SegmentedRaftLogWorker.java:477)
	at org.apache.ratis.server.raftlog.segmented.SegmentedRaftLogWorker.run(SegmentedRaftLogWorker.java:289)
	at java.lang.Thread.run(Thread.java:748)
Caused by: java.util.concurrent.TimeoutException
	at java.util.concurrent.CompletableFuture.timedGet(CompletableFuture.java:1771)
	at java.util.concurrent.CompletableFuture.get(CompletableFuture.java:1915)
	at org.apache.ratis.util.IOUtils.getFromFuture(IOUtils.java:79)
	... 4 more
2019-09-17 22:35:33,476 [grpc-default-executor-2] INFO  client.GrpcClientProtocolClient (GrpcClientProtocolClient.java:onNext(264)) - client-2EE9B685757F->41f4c1b5-d215-4831-aa76-48270f5e0061: receive RaftClientReply:client-2EE9B685757F->41f4c1b5-d215-4831-aa76-48270f5e0061@group-C311AD233868, cid=33, FAILED org.apache.ratis.protocol.NotLeaderException: Server 41f4c1b5-d215-4831-aa76-48270f5e0061@group-C311AD233868 is not the leader bba25625-58dd-4c9e-929d-1a2e91bc3828:192.168.5.156:36127, logIndex=0, commits[41f4c1b5-d215-4831-aa76-48270f5e0061:c16, f4adb48a-7d7d-4db9-96e8-d2aa5901bd52:c14, bba25625-58dd-4c9e-929d-1a2e91bc3828:c16]
2019-09-17 22:35:33,578 [bba25625-58dd-4c9e-929d-1a2e91bc3828@group-C311AD233868-SegmentedRaftLogWorker] WARN  segmented.SegmentedRaftLogWorker (SegmentedRaftLogWorker.java:getFromFuture(90)) - Timeout 0/~
org.apache.ratis.protocol.TimeoutIOException: Timeout 10s: WriteLog:18: (t:1, i:18), STATEMACHINELOGENTRY, client-2EE9B685757F, cid=34-writeStateMachineData
	at org.apache.ratis.util.IOUtils.getFromFuture(IOUtils.java:87)
	at org.apache.ratis.server.raftlog.segmented.SegmentedRaftLogWorker$StateMachineDataPolicy.getFromFuture(SegmentedRaftLogWorker.java:87)
	at org.apache.ratis.server.raftlog.segmented.SegmentedRaftLogWorker$WriteLog.execute(SegmentedRaftLogWorker.java:477)
	at org.apache.ratis.server.raftlog.segmented.SegmentedRaftLogWorker.run(SegmentedRaftLogWorker.java:289)
	at java.lang.Thread.run(Thread.java:748)
Caused by: java.util.concurrent.TimeoutException
	at java.util.concurrent.CompletableFuture.timedGet(CompletableFuture.java:1771)
	at java.util.concurrent.CompletableFuture.get(CompletableFuture.java:1915)
	at org.apache.ratis.util.IOUtils.getFromFuture(IOUtils.java:79)
	... 4 more
2019-09-17 22:35:33,596 [41f4c1b5-d215-4831-aa76-48270f5e0061@group-C311AD233868-SegmentedRaftLogWorker] WARN  segmented.SegmentedRaftLogWorker (SegmentedRaftLogWorker.java:getFromFuture(90)) - Timeout 0/~
org.apache.ratis.protocol.TimeoutIOException: Timeout 10s: WriteLog:18: (t:1, i:18), STATEMACHINELOGENTRY, client-2EE9B685757F, cid=34-writeStateMachineData
	at org.apache.ratis.util.IOUtils.getFromFuture(IOUtils.java:87)
	at org.apache.ratis.server.raftlog.segmented.SegmentedRaftLogWorker$StateMachineDataPolicy.getFromFuture(SegmentedRaftLogWorker.java:87)
	at org.apache.ratis.server.raftlog.segmented.SegmentedRaftLogWorker$WriteLog.execute(SegmentedRaftLogWorker.java:477)
	at org.apache.ratis.server.raftlog.segmented.SegmentedRaftLogWorker.run(SegmentedRaftLogWorker.java:289)
	at java.lang.Thread.run(Thread.java:748)
Caused by: java.util.concurrent.TimeoutException
	at java.util.concurrent.CompletableFuture.timedGet(CompletableFuture.java:1771)
	at java.util.concurrent.CompletableFuture.get(CompletableFuture.java:1915)
	at org.apache.ratis.util.IOUtils.getFromFuture(IOUtils.java:79)
	... 4 more
2019-09-17 22:35:33,910 [java.util.concurrent.ThreadPoolExecutor$Worker@66d00973[State = -1, empty queue]] WARN  server.GrpcLogAppender (GrpcLogAppender.java:timeoutAppendRequest(200)) - bba25625-58dd-4c9e-929d-1a2e91bc3828@group-C311AD233868->41f4c1b5-d215-4831-aa76-48270f5e0061-GrpcLogAppender: appendEntries Timeout, request=bba25625-58dd-4c9e-929d-1a2e91bc3828->41f4c1b5-d215-4831-aa76-48270f5e0061#100-t1, previous=(t:1, i:22), leaderCommit=16, initializing? false, entries: <empty>
2019-09-17 22:35:33,910 [java.util.concurrent.ThreadPoolExecutor$Worker@1444d9b3[State = -1, empty queue]] WARN  server.GrpcLogAppender (GrpcLogAppender.java:timeoutAppendRequest(200)) - bba25625-58dd-4c9e-929d-1a2e91bc3828@group-C311AD233868->f4adb48a-7d7d-4db9-96e8-d2aa5901bd52-GrpcLogAppender: appendEntries Timeout, request=bba25625-58dd-4c9e-929d-1a2e91bc3828->f4adb48a-7d7d-4db9-96e8-d2aa5901bd52#100-t1, previous=(t:1, i:22), leaderCommit=16, initializing? false, entries: <empty>
2019-09-17 22:35:34,961 [grpc-default-executor-2] INFO  impl.RaftServerProxy (RaftServerProxy.java:remove(95)) - 80bd91bd-ab17-414e-9fbc-bd509e19448d: remove group-BE3E92DB7FF3:null
2019-09-17 22:35:34,968 [RatisPipelineUtilsThread] WARN  pipeline.RatisPipelineUtils (RatisPipelineUtils.java:destroyPipeline(66)) - Pipeline destroy failed for pipeline=PipelineID=4d8c8784-d1ee-45fb-902d-be3e92db7ff3 dn=80bd91bd-ab17-414e-9fbc-bd509e19448d{ip: 192.168.5.156, host: pr-hdds-2121-pbfts-3191465506, networkLocation: /default-rack, certSerialId: null}
2019-09-17 22:35:34,973 [grpc-default-executor-2] INFO  impl.RaftServerProxy (RaftServerProxy.java:remove(95)) - 3de10ab2-5aa8-4456-b48c-00692585ccec: remove group-BE3E92DB7FF3:null
2019-09-17 22:35:34,980 [RatisPipelineUtilsThread] WARN  pipeline.RatisPipelineUtils (RatisPipelineUtils.java:destroyPipeline(66)) - Pipeline destroy failed for pipeline=PipelineID=4d8c8784-d1ee-45fb-902d-be3e92db7ff3 dn=3de10ab2-5aa8-4456-b48c-00692585ccec{ip: 192.168.5.156, host: pr-hdds-2121-pbfts-3191465506, networkLocation: /default-rack, certSerialId: null}
2019-09-17 22:35:34,984 [grpc-default-executor-2] INFO  impl.RaftServerProxy (RaftServerProxy.java:remove(95)) - fc7af808-7c3b-4e7d-bcd4-16788f7c0c06: remove group-BE3E92DB7FF3:null
2019-09-17 22:35:34,995 [RatisPipelineUtilsThread] WARN  pipeline.RatisPipelineUtils (RatisPipelineUtils.java:destroyPipeline(66)) - Pipeline destroy failed for pipeline=PipelineID=4d8c8784-d1ee-45fb-902d-be3e92db7ff3 dn=fc7af808-7c3b-4e7d-bcd4-16788f7c0c06{ip: 192.168.5.156, host: pr-hdds-2121-pbfts-3191465506, networkLocation: /default-rack, certSerialId: null}
2019-09-17 22:35:34,995 [RatisPipelineUtilsThread] ERROR pipeline.SCMPipelineManager (Scheduler.java:lambda$schedule$1(70)) - Destroy pipeline failed for pipeline:Pipeline[ Id: 4d8c8784-d1ee-45fb-902d-be3e92db7ff3, Nodes: 80bd91bd-ab17-414e-9fbc-bd509e19448d{ip: 192.168.5.156, host: pr-hdds-2121-pbfts-3191465506, networkLocation: /default-rack, certSerialId: null}3de10ab2-5aa8-4456-b48c-00692585ccec{ip: 192.168.5.156, host: pr-hdds-2121-pbfts-3191465506, networkLocation: /default-rack, certSerialId: null}fc7af808-7c3b-4e7d-bcd4-16788f7c0c06{ip: 192.168.5.156, host: pr-hdds-2121-pbfts-3191465506, networkLocation: /default-rack, certSerialId: null}, Type:RATIS, Factor:THREE, State:CLOSED]
org.apache.hadoop.hdds.scm.pipeline.PipelineNotFoundException: PipelineID=4d8c8784-d1ee-45fb-902d-be3e92db7ff3 not found
	at org.apache.hadoop.hdds.scm.pipeline.PipelineStateMap.getPipeline(PipelineStateMap.java:132)
	at org.apache.hadoop.hdds.scm.pipeline.PipelineStateMap.removePipeline(PipelineStateMap.java:322)
	at org.apache.hadoop.hdds.scm.pipeline.PipelineStateManager.removePipeline(PipelineStateManager.java:107)
	at org.apache.hadoop.hdds.scm.pipeline.SCMPipelineManager.removePipeline(SCMPipelineManager.java:423)
	at org.apache.hadoop.hdds.scm.pipeline.SCMPipelineManager.destroyPipeline(SCMPipelineManager.java:409)
	at org.apache.hadoop.hdds.scm.pipeline.SCMPipelineManager.lambda$finalizeAndDestroyPipeline$0(SCMPipelineManager.java:318)
	at org.apache.hadoop.utils.Scheduler.lambda$schedule$1(Scheduler.java:68)
	at java.util.concurrent.Executors$RunnableAdapter.call(Executors.java:511)
	at java.util.concurrent.FutureTask.run(FutureTask.java:266)
	at java.util.concurrent.ScheduledThreadPoolExecutor$ScheduledFutureTask.access$201(ScheduledThreadPoolExecutor.java:180)
	at java.util.concurrent.ScheduledThreadPoolExecutor$ScheduledFutureTask.run(ScheduledThreadPoolExecutor.java:293)
	at java.util.concurrent.ThreadPoolExecutor.runWorker(ThreadPoolExecutor.java:1149)
	at java.util.concurrent.ThreadPoolExecutor$Worker.run(ThreadPoolExecutor.java:624)
	at java.lang.Thread.run(Thread.java:748)
2019-09-17 22:35:36,411 [java.util.concurrent.ThreadPoolExecutor$Worker@66d00973[State = -1, empty queue]] WARN  server.GrpcLogAppender (GrpcLogAppender.java:timeoutAppendRequest(200)) - bba25625-58dd-4c9e-929d-1a2e91bc3828@group-C311AD233868->41f4c1b5-d215-4831-aa76-48270f5e0061-GrpcLogAppender: appendEntries Timeout, request=bba25625-58dd-4c9e-929d-1a2e91bc3828->41f4c1b5-d215-4831-aa76-48270f5e0061#101-t1, previous=(t:1, i:22), leaderCommit=16, initializing? false, entries: <empty>
2019-09-17 22:35:36,411 [java.util.concurrent.ThreadPoolExecutor$Worker@1444d9b3[State = -1, empty queue]] WARN  server.GrpcLogAppender (GrpcLogAppender.java:timeoutAppendRequest(200)) - bba25625-58dd-4c9e-929d-1a2e91bc3828@group-C311AD233868->f4adb48a-7d7d-4db9-96e8-d2aa5901bd52-GrpcLogAppender: appendEntries Timeout, request=bba25625-58dd-4c9e-929d-1a2e91bc3828->f4adb48a-7d7d-4db9-96e8-d2aa5901bd52#101-t1, previous=(t:1, i:22), leaderCommit=16, initializing? false, entries: <empty>
2019-09-17 22:35:37,948 [grpc-default-executor-2] INFO  impl.RaftServerProxy (RaftServerProxy.java:remove(95)) - 80bd91bd-ab17-414e-9fbc-bd509e19448d: remove group-BE3E92DB7FF3:null
2019-09-17 22:35:37,955 [RatisPipelineUtilsThread] WARN  pipeline.RatisPipelineUtils (RatisPipelineUtils.java:destroyPipeline(66)) - Pipeline destroy failed for pipeline=PipelineID=4d8c8784-d1ee-45fb-902d-be3e92db7ff3 dn=80bd91bd-ab17-414e-9fbc-bd509e19448d{ip: 192.168.5.156, host: pr-hdds-2121-pbfts-3191465506, networkLocation: /default-rack, certSerialId: null}
2019-09-17 22:35:37,960 [grpc-default-executor-2] INFO  impl.RaftServerProxy (RaftServerProxy.java:remove(95)) - 3de10ab2-5aa8-4456-b48c-00692585ccec: remove group-BE3E92DB7FF3:null
2019-09-17 22:35:37,966 [RatisPipelineUtilsThread] WARN  pipeline.RatisPipelineUtils (RatisPipelineUtils.java:destroyPipeline(66)) - Pipeline destroy failed for pipeline=PipelineID=4d8c8784-d1ee-45fb-902d-be3e92db7ff3 dn=3de10ab2-5aa8-4456-b48c-00692585ccec{ip: 192.168.5.156, host: pr-hdds-2121-pbfts-3191465506, networkLocation: /default-rack, certSerialId: null}
2019-09-17 22:35:37,971 [grpc-default-executor-2] INFO  impl.RaftServerProxy (RaftServerProxy.java:remove(95)) - fc7af808-7c3b-4e7d-bcd4-16788f7c0c06: remove group-BE3E92DB7FF3:null
2019-09-17 22:35:37,977 [RatisPipelineUtilsThread] WARN  pipeline.RatisPipelineUtils (RatisPipelineUtils.java:destroyPipeline(66)) - Pipeline destroy failed for pipeline=PipelineID=4d8c8784-d1ee-45fb-902d-be3e92db7ff3 dn=fc7af808-7c3b-4e7d-bcd4-16788f7c0c06{ip: 192.168.5.156, host: pr-hdds-2121-pbfts-3191465506, networkLocation: /default-rack, certSerialId: null}
2019-09-17 22:35:37,977 [RatisPipelineUtilsThread] ERROR pipeline.SCMPipelineManager (Scheduler.java:lambda$schedule$1(70)) - Destroy pipeline failed for pipeline:Pipeline[ Id: 4d8c8784-d1ee-45fb-902d-be3e92db7ff3, Nodes: 80bd91bd-ab17-414e-9fbc-bd509e19448d{ip: 192.168.5.156, host: pr-hdds-2121-pbfts-3191465506, networkLocation: /default-rack, certSerialId: null}3de10ab2-5aa8-4456-b48c-00692585ccec{ip: 192.168.5.156, host: pr-hdds-2121-pbfts-3191465506, networkLocation: /default-rack, certSerialId: null}fc7af808-7c3b-4e7d-bcd4-16788f7c0c06{ip: 192.168.5.156, host: pr-hdds-2121-pbfts-3191465506, networkLocation: /default-rack, certSerialId: null}, Type:RATIS, Factor:THREE, State:CLOSED]
org.apache.hadoop.hdds.scm.pipeline.PipelineNotFoundException: PipelineID=4d8c8784-d1ee-45fb-902d-be3e92db7ff3 not found
	at org.apache.hadoop.hdds.scm.pipeline.PipelineStateMap.getPipeline(PipelineStateMap.java:132)
	at org.apache.hadoop.hdds.scm.pipeline.PipelineStateMap.removePipeline(PipelineStateMap.java:322)
	at org.apache.hadoop.hdds.scm.pipeline.PipelineStateManager.removePipeline(PipelineStateManager.java:107)
	at org.apache.hadoop.hdds.scm.pipeline.SCMPipelineManager.removePipeline(SCMPipelineManager.java:423)
	at org.apache.hadoop.hdds.scm.pipeline.SCMPipelineManager.destroyPipeline(SCMPipelineManager.java:409)
	at org.apache.hadoop.hdds.scm.pipeline.SCMPipelineManager.lambda$finalizeAndDestroyPipeline$0(SCMPipelineManager.java:318)
	at org.apache.hadoop.utils.Scheduler.lambda$schedule$1(Scheduler.java:68)
	at java.util.concurrent.Executors$RunnableAdapter.call(Executors.java:511)
	at java.util.concurrent.FutureTask.run(FutureTask.java:266)
	at java.util.concurrent.ScheduledThreadPoolExecutor$ScheduledFutureTask.access$201(ScheduledThreadPoolExecutor.java:180)
	at java.util.concurrent.ScheduledThreadPoolExecutor$ScheduledFutureTask.run(ScheduledThreadPoolExecutor.java:293)
	at java.util.concurrent.ThreadPoolExecutor.runWorker(ThreadPoolExecutor.java:1149)
	at java.util.concurrent.ThreadPoolExecutor$Worker.run(ThreadPoolExecutor.java:624)
	at java.lang.Thread.run(Thread.java:748)
2019-09-17 22:35:38,531 [grpc-default-executor-2] INFO  client.GrpcClientProtocolClient (GrpcClientProtocolClient.java:onNext(264)) - client-2EE9B685757F->f4adb48a-7d7d-4db9-96e8-d2aa5901bd52: receive RaftClientReply:client-2EE9B685757F->f4adb48a-7d7d-4db9-96e8-d2aa5901bd52@group-C311AD233868, cid=33, FAILED org.apache.ratis.protocol.NotLeaderException: Server f4adb48a-7d7d-4db9-96e8-d2aa5901bd52@group-C311AD233868 is not the leader bba25625-58dd-4c9e-929d-1a2e91bc3828:192.168.5.156:36127, logIndex=0, commits[f4adb48a-7d7d-4db9-96e8-d2aa5901bd52:c16, 41f4c1b5-d215-4831-aa76-48270f5e0061:c14, bba25625-58dd-4c9e-929d-1a2e91bc3828:c16]
2019-09-17 22:35:38,911 [java.util.concurrent.ThreadPoolExecutor$Worker@1444d9b3[State = -1, empty queue]] WARN  server.GrpcLogAppender (GrpcLogAppender.java:timeoutAppendRequest(200)) - bba25625-58dd-4c9e-929d-1a2e91bc3828@group-C311AD233868->f4adb48a-7d7d-4db9-96e8-d2aa5901bd52-GrpcLogAppender: appendEntries Timeout, request=bba25625-58dd-4c9e-929d-1a2e91bc3828->f4adb48a-7d7d-4db9-96e8-d2aa5901bd52#102-t1, previous=(t:1, i:22), leaderCommit=16, initializing? false, entries: <empty>
2019-09-17 22:35:38,911 [java.util.concurrent.ThreadPoolExecutor$Worker@66d00973[State = -1, empty queue]] WARN  server.GrpcLogAppender (GrpcLogAppender.java:timeoutAppendRequest(200)) - bba25625-58dd-4c9e-929d-1a2e91bc3828@group-C311AD233868->41f4c1b5-d215-4831-aa76-48270f5e0061-GrpcLogAppender: appendEntries Timeout, request=bba25625-58dd-4c9e-929d-1a2e91bc3828->41f4c1b5-d215-4831-aa76-48270f5e0061#102-t1, previous=(t:1, i:22), leaderCommit=16, initializing? false, entries: <empty>
2019-09-17 22:35:39,953 [grpc-default-executor-2] INFO  impl.RaftServerProxy (RaftServerProxy.java:remove(95)) - 80bd91bd-ab17-414e-9fbc-bd509e19448d: remove group-BE3E92DB7FF3:null
2019-09-17 22:35:39,959 [RatisPipelineUtilsThread] WARN  pipeline.RatisPipelineUtils (RatisPipelineUtils.java:destroyPipeline(66)) - Pipeline destroy failed for pipeline=PipelineID=4d8c8784-d1ee-45fb-902d-be3e92db7ff3 dn=80bd91bd-ab17-414e-9fbc-bd509e19448d{ip: 192.168.5.156, host: pr-hdds-2121-pbfts-3191465506, networkLocation: /default-rack, certSerialId: null}
2019-09-17 22:35:39,962 [grpc-default-executor-2] INFO  impl.RaftServerProxy (RaftServerProxy.java:remove(95)) - 3de10ab2-5aa8-4456-b48c-00692585ccec: remove group-BE3E92DB7FF3:null
2019-09-17 22:35:39,967 [RatisPipelineUtilsThread] WARN  pipeline.RatisPipelineUtils (RatisPipelineUtils.java:destroyPipeline(66)) - Pipeline destroy failed for pipeline=PipelineID=4d8c8784-d1ee-45fb-902d-be3e92db7ff3 dn=3de10ab2-5aa8-4456-b48c-00692585ccec{ip: 192.168.5.156, host: pr-hdds-2121-pbfts-3191465506, networkLocation: /default-rack, certSerialId: null}
2019-09-17 22:35:39,970 [grpc-default-executor-2] INFO  impl.RaftServerProxy (RaftServerProxy.java:remove(95)) - fc7af808-7c3b-4e7d-bcd4-16788f7c0c06: remove group-BE3E92DB7FF3:null
2019-09-17 22:35:39,976 [RatisPipelineUtilsThread] WARN  pipeline.RatisPipelineUtils (RatisPipelineUtils.java:destroyPipeline(66)) - Pipeline destroy failed for pipeline=PipelineID=4d8c8784-d1ee-45fb-902d-be3e92db7ff3 dn=fc7af808-7c3b-4e7d-bcd4-16788f7c0c06{ip: 192.168.5.156, host: pr-hdds-2121-pbfts-3191465506, networkLocation: /default-rack, certSerialId: null}
2019-09-17 22:35:39,976 [RatisPipelineUtilsThread] ERROR pipeline.SCMPipelineManager (Scheduler.java:lambda$schedule$1(70)) - Destroy pipeline failed for pipeline:Pipeline[ Id: 4d8c8784-d1ee-45fb-902d-be3e92db7ff3, Nodes: 80bd91bd-ab17-414e-9fbc-bd509e19448d{ip: 192.168.5.156, host: pr-hdds-2121-pbfts-3191465506, networkLocation: /default-rack, certSerialId: null}3de10ab2-5aa8-4456-b48c-00692585ccec{ip: 192.168.5.156, host: pr-hdds-2121-pbfts-3191465506, networkLocation: /default-rack, certSerialId: null}fc7af808-7c3b-4e7d-bcd4-16788f7c0c06{ip: 192.168.5.156, host: pr-hdds-2121-pbfts-3191465506, networkLocation: /default-rack, certSerialId: null}, Type:RATIS, Factor:THREE, State:CLOSED]
org.apache.hadoop.hdds.scm.pipeline.PipelineNotFoundException: PipelineID=4d8c8784-d1ee-45fb-902d-be3e92db7ff3 not found
	at org.apache.hadoop.hdds.scm.pipeline.PipelineStateMap.getPipeline(PipelineStateMap.java:132)
	at org.apache.hadoop.hdds.scm.pipeline.PipelineStateMap.removePipeline(PipelineStateMap.java:322)
	at org.apache.hadoop.hdds.scm.pipeline.PipelineStateManager.removePipeline(PipelineStateManager.java:107)
	at org.apache.hadoop.hdds.scm.pipeline.SCMPipelineManager.removePipeline(SCMPipelineManager.java:423)
	at org.apache.hadoop.hdds.scm.pipeline.SCMPipelineManager.destroyPipeline(SCMPipelineManager.java:409)
	at org.apache.hadoop.hdds.scm.pipeline.SCMPipelineManager.lambda$finalizeAndDestroyPipeline$0(SCMPipelineManager.java:318)
	at org.apache.hadoop.utils.Scheduler.lambda$schedule$1(Scheduler.java:68)
	at java.util.concurrent.Executors$RunnableAdapter.call(Executors.java:511)
	at java.util.concurrent.FutureTask.run(FutureTask.java:266)
	at java.util.concurrent.ScheduledThreadPoolExecutor$ScheduledFutureTask.access$201(ScheduledThreadPoolExecutor.java:180)
	at java.util.concurrent.ScheduledThreadPoolExecutor$ScheduledFutureTask.run(ScheduledThreadPoolExecutor.java:293)
	at java.util.concurrent.ThreadPoolExecutor.runWorker(ThreadPoolExecutor.java:1149)
	at java.util.concurrent.ThreadPoolExecutor$Worker.run(ThreadPoolExecutor.java:624)
	at java.lang.Thread.run(Thread.java:748)
2019-09-17 22:35:41,412 [java.util.concurrent.ThreadPoolExecutor$Worker@1444d9b3[State = -1, empty queue]] WARN  server.GrpcLogAppender (GrpcLogAppender.java:timeoutAppendRequest(200)) - bba25625-58dd-4c9e-929d-1a2e91bc3828@group-C311AD233868->f4adb48a-7d7d-4db9-96e8-d2aa5901bd52-GrpcLogAppender: appendEntries Timeout, request=bba25625-58dd-4c9e-929d-1a2e91bc3828->f4adb48a-7d7d-4db9-96e8-d2aa5901bd52#103-t1, previous=(t:1, i:22), leaderCommit=16, initializing? false, entries: <empty>
2019-09-17 22:35:41,412 [java.util.concurrent.ThreadPoolExecutor$Worker@66d00973[State = -1, empty queue]] WARN  server.GrpcLogAppender (GrpcLogAppender.java:timeoutAppendRequest(200)) - bba25625-58dd-4c9e-929d-1a2e91bc3828@group-C311AD233868->41f4c1b5-d215-4831-aa76-48270f5e0061-GrpcLogAppender: appendEntries Timeout, request=bba25625-58dd-4c9e-929d-1a2e91bc3828->41f4c1b5-d215-4831-aa76-48270f5e0061#103-t1, previous=(t:1, i:22), leaderCommit=16, initializing? false, entries: <empty>
2019-09-17 22:35:42,945 [grpc-default-executor-1] INFO  impl.RaftServerProxy (RaftServerProxy.java:remove(95)) - 80bd91bd-ab17-414e-9fbc-bd509e19448d: remove group-BE3E92DB7FF3:null
2019-09-17 22:35:42,952 [RatisPipelineUtilsThread] WARN  pipeline.RatisPipelineUtils (RatisPipelineUtils.java:destroyPipeline(66)) - Pipeline destroy failed for pipeline=PipelineID=4d8c8784-d1ee-45fb-902d-be3e92db7ff3 dn=80bd91bd-ab17-414e-9fbc-bd509e19448d{ip: 192.168.5.156, host: pr-hdds-2121-pbfts-3191465506, networkLocation: /default-rack, certSerialId: null}
2019-09-17 22:35:42,956 [grpc-default-executor-1] INFO  impl.RaftServerProxy (RaftServerProxy.java:remove(95)) - 3de10ab2-5aa8-4456-b48c-00692585ccec: remove group-BE3E92DB7FF3:null
2019-09-17 22:35:42,962 [RatisPipelineUtilsThread] WARN  pipeline.RatisPipelineUtils (RatisPipelineUtils.java:destroyPipeline(66)) - Pipeline destroy failed for pipeline=PipelineID=4d8c8784-d1ee-45fb-902d-be3e92db7ff3 dn=3de10ab2-5aa8-4456-b48c-00692585ccec{ip: 192.168.5.156, host: pr-hdds-2121-pbfts-3191465506, networkLocation: /default-rack, certSerialId: null}
2019-09-17 22:35:42,965 [grpc-default-executor-1] INFO  impl.RaftServerProxy (RaftServerProxy.java:remove(95)) - fc7af808-7c3b-4e7d-bcd4-16788f7c0c06: remove group-BE3E92DB7FF3:null
2019-09-17 22:35:42,971 [RatisPipelineUtilsThread] WARN  pipeline.RatisPipelineUtils (RatisPipelineUtils.java:destroyPipeline(66)) - Pipeline destroy failed for pipeline=PipelineID=4d8c8784-d1ee-45fb-902d-be3e92db7ff3 dn=fc7af808-7c3b-4e7d-bcd4-16788f7c0c06{ip: 192.168.5.156, host: pr-hdds-2121-pbfts-3191465506, networkLocation: /default-rack, certSerialId: null}
2019-09-17 22:35:42,971 [RatisPipelineUtilsThread] ERROR pipeline.SCMPipelineManager (Scheduler.java:lambda$schedule$1(70)) - Destroy pipeline failed for pipeline:Pipeline[ Id: 4d8c8784-d1ee-45fb-902d-be3e92db7ff3, Nodes: 80bd91bd-ab17-414e-9fbc-bd509e19448d{ip: 192.168.5.156, host: pr-hdds-2121-pbfts-3191465506, networkLocation: /default-rack, certSerialId: null}3de10ab2-5aa8-4456-b48c-00692585ccec{ip: 192.168.5.156, host: pr-hdds-2121-pbfts-3191465506, networkLocation: /default-rack, certSerialId: null}fc7af808-7c3b-4e7d-bcd4-16788f7c0c06{ip: 192.168.5.156, host: pr-hdds-2121-pbfts-3191465506, networkLocation: /default-rack, certSerialId: null}, Type:RATIS, Factor:THREE, State:CLOSED]
org.apache.hadoop.hdds.scm.pipeline.PipelineNotFoundException: PipelineID=4d8c8784-d1ee-45fb-902d-be3e92db7ff3 not found
	at org.apache.hadoop.hdds.scm.pipeline.PipelineStateMap.getPipeline(PipelineStateMap.java:132)
	at org.apache.hadoop.hdds.scm.pipeline.PipelineStateMap.removePipeline(PipelineStateMap.java:322)
	at org.apache.hadoop.hdds.scm.pipeline.PipelineStateManager.removePipeline(PipelineStateManager.java:107)
	at org.apache.hadoop.hdds.scm.pipeline.SCMPipelineManager.removePipeline(SCMPipelineManager.java:423)
	at org.apache.hadoop.hdds.scm.pipeline.SCMPipelineManager.destroyPipeline(SCMPipelineManager.java:409)
	at org.apache.hadoop.hdds.scm.pipeline.SCMPipelineManager.lambda$finalizeAndDestroyPipeline$0(SCMPipelineManager.java:318)
	at org.apache.hadoop.utils.Scheduler.lambda$schedule$1(Scheduler.java:68)
	at java.util.concurrent.Executors$RunnableAdapter.call(Executors.java:511)
	at java.util.concurrent.FutureTask.run(FutureTask.java:266)
	at java.util.concurrent.ScheduledThreadPoolExecutor$ScheduledFutureTask.access$201(ScheduledThreadPoolExecutor.java:180)
	at java.util.concurrent.ScheduledThreadPoolExecutor$ScheduledFutureTask.run(ScheduledThreadPoolExecutor.java:293)
	at java.util.concurrent.ThreadPoolExecutor.runWorker(ThreadPoolExecutor.java:1149)
	at java.util.concurrent.ThreadPoolExecutor$Worker.run(ThreadPoolExecutor.java:624)
	at java.lang.Thread.run(Thread.java:748)
2019-09-17 22:35:43,405 [f4adb48a-7d7d-4db9-96e8-d2aa5901bd52@group-C311AD233868-SegmentedRaftLogWorker] WARN  segmented.SegmentedRaftLogWorker (SegmentedRaftLogWorker.java:getFromFuture(90)) - Timeout 1/~
org.apache.ratis.protocol.TimeoutIOException: Timeout 10s: WriteLog:17: (t:1, i:17), STATEMACHINELOGENTRY, client-2EE9B685757F, cid=33-writeStateMachineData
	at org.apache.ratis.util.IOUtils.getFromFuture(IOUtils.java:87)
	at org.apache.ratis.server.raftlog.segmented.SegmentedRaftLogWorker$StateMachineDataPolicy.getFromFuture(SegmentedRaftLogWorker.java:87)
	at org.apache.ratis.server.raftlog.segmented.SegmentedRaftLogWorker$WriteLog.execute(SegmentedRaftLogWorker.java:477)
	at org.apache.ratis.server.raftlog.segmented.SegmentedRaftLogWorker.run(SegmentedRaftLogWorker.java:289)
	at java.lang.Thread.run(Thread.java:748)
Caused by: java.util.concurrent.TimeoutException
	at java.util.concurrent.CompletableFuture.timedGet(CompletableFuture.java:1771)
	at java.util.concurrent.CompletableFuture.get(CompletableFuture.java:1915)
	at org.apache.ratis.util.IOUtils.getFromFuture(IOUtils.java:79)
	... 4 more
2019-09-17 22:35:43,569 [grpc-default-executor-1] INFO  client.GrpcClientProtocolClient (GrpcClientProtocolClient.java:onNext(264)) - client-2EE9B685757F->41f4c1b5-d215-4831-aa76-48270f5e0061: receive RaftClientReply:client-2EE9B685757F->41f4c1b5-d215-4831-aa76-48270f5e0061@group-C311AD233868, cid=33, FAILED org.apache.ratis.protocol.NotLeaderException: Server 41f4c1b5-d215-4831-aa76-48270f5e0061@group-C311AD233868 is not the leader bba25625-58dd-4c9e-929d-1a2e91bc3828:192.168.5.156:36127, logIndex=0, commits[41f4c1b5-d215-4831-aa76-48270f5e0061:c16, f4adb48a-7d7d-4db9-96e8-d2aa5901bd52:c14, bba25625-58dd-4c9e-929d-1a2e91bc3828:c16]
2019-09-17 22:35:43,592 [bba25625-58dd-4c9e-929d-1a2e91bc3828@group-C311AD233868-SegmentedRaftLogWorker] WARN  segmented.SegmentedRaftLogWorker (SegmentedRaftLogWorker.java:getFromFuture(90)) - Timeout 1/~
org.apache.ratis.protocol.TimeoutIOException: Timeout 10s: WriteLog:18: (t:1, i:18), STATEMACHINELOGENTRY, client-2EE9B685757F, cid=34-writeStateMachineData
	at org.apache.ratis.util.IOUtils.getFromFuture(IOUtils.java:87)
	at org.apache.ratis.server.raftlog.segmented.SegmentedRaftLogWorker$StateMachineDataPolicy.getFromFuture(SegmentedRaftLogWorker.java:87)
	at org.apache.ratis.server.raftlog.segmented.SegmentedRaftLogWorker$WriteLog.execute(SegmentedRaftLogWorker.java:477)
	at org.apache.ratis.server.raftlog.segmented.SegmentedRaftLogWorker.run(SegmentedRaftLogWorker.java:289)
	at java.lang.Thread.run(Thread.java:748)
Caused by: java.util.concurrent.TimeoutException
	at java.util.concurrent.CompletableFuture.timedGet(CompletableFuture.java:1771)
	at java.util.concurrent.CompletableFuture.get(CompletableFuture.java:1915)
	at org.apache.ratis.util.IOUtils.getFromFuture(IOUtils.java:79)
	... 4 more
2019-09-17 22:35:43,596 [41f4c1b5-d215-4831-aa76-48270f5e0061@group-C311AD233868-SegmentedRaftLogWorker] WARN  segmented.SegmentedRaftLogWorker (SegmentedRaftLogWorker.java:getFromFuture(90)) - Timeout 1/~
org.apache.ratis.protocol.TimeoutIOException: Timeout 10s: WriteLog:18: (t:1, i:18), STATEMACHINELOGENTRY, client-2EE9B685757F, cid=34-writeStateMachineData
	at org.apache.ratis.util.IOUtils.getFromFuture(IOUtils.java:87)
	at org.apache.ratis.server.raftlog.segmented.SegmentedRaftLogWorker$StateMachineDataPolicy.getFromFuture(SegmentedRaftLogWorker.java:87)
	at org.apache.ratis.server.raftlog.segmented.SegmentedRaftLogWorker$WriteLog.execute(SegmentedRaftLogWorker.java:477)
	at org.apache.ratis.server.raftlog.segmented.SegmentedRaftLogWorker.run(SegmentedRaftLogWorker.java:289)
	at java.lang.Thread.run(Thread.java:748)
Caused by: java.util.concurrent.TimeoutException
	at java.util.concurrent.CompletableFuture.timedGet(CompletableFuture.java:1771)
	at java.util.concurrent.CompletableFuture.get(CompletableFuture.java:1915)
	at org.apache.ratis.util.IOUtils.getFromFuture(IOUtils.java:79)
	... 4 more
2019-09-17 22:35:43,912 [java.util.concurrent.ThreadPoolExecutor$Worker@66d00973[State = -1, empty queue]] WARN  server.GrpcLogAppender (GrpcLogAppender.java:timeoutAppendRequest(200)) - bba25625-58dd-4c9e-929d-1a2e91bc3828@group-C311AD233868->41f4c1b5-d215-4831-aa76-48270f5e0061-GrpcLogAppender: appendEntries Timeout, request=bba25625-58dd-4c9e-929d-1a2e91bc3828->41f4c1b5-d215-4831-aa76-48270f5e0061#104-t1, previous=(t:1, i:22), leaderCommit=16, initializing? false, entries: <empty>
2019-09-17 22:35:43,912 [java.util.concurrent.ThreadPoolExecutor$Worker@1444d9b3[State = -1, empty queue]] WARN  server.GrpcLogAppender (GrpcLogAppender.java:timeoutAppendRequest(200)) - bba25625-58dd-4c9e-929d-1a2e91bc3828@group-C311AD233868->f4adb48a-7d7d-4db9-96e8-d2aa5901bd52-GrpcLogAppender: appendEntries Timeout, request=bba25625-58dd-4c9e-929d-1a2e91bc3828->f4adb48a-7d7d-4db9-96e8-d2aa5901bd52#104-t1, previous=(t:1, i:22), leaderCommit=16, initializing? false, entries: <empty>
2019-09-17 22:35:44,946 [grpc-default-executor-1] INFO  impl.RaftServerProxy (RaftServerProxy.java:remove(95)) - 80bd91bd-ab17-414e-9fbc-bd509e19448d: remove group-BE3E92DB7FF3:null
2019-09-17 22:35:44,953 [RatisPipelineUtilsThread] WARN  pipeline.RatisPipelineUtils (RatisPipelineUtils.java:destroyPipeline(66)) - Pipeline destroy failed for pipeline=PipelineID=4d8c8784-d1ee-45fb-902d-be3e92db7ff3 dn=80bd91bd-ab17-414e-9fbc-bd509e19448d{ip: 192.168.5.156, host: pr-hdds-2121-pbfts-3191465506, networkLocation: /default-rack, certSerialId: null}
2019-09-17 22:35:44,957 [grpc-default-executor-1] INFO  impl.RaftServerProxy (RaftServerProxy.java:remove(95)) - 3de10ab2-5aa8-4456-b48c-00692585ccec: remove group-BE3E92DB7FF3:null
2019-09-17 22:35:44,963 [RatisPipelineUtilsThread] WARN  pipeline.RatisPipelineUtils (RatisPipelineUtils.java:destroyPipeline(66)) - Pipeline destroy failed for pipeline=PipelineID=4d8c8784-d1ee-45fb-902d-be3e92db7ff3 dn=3de10ab2-5aa8-4456-b48c-00692585ccec{ip: 192.168.5.156, host: pr-hdds-2121-pbfts-3191465506, networkLocation: /default-rack, certSerialId: null}
2019-09-17 22:35:44,966 [grpc-default-executor-1] INFO  impl.RaftServerProxy (RaftServerProxy.java:remove(95)) - fc7af808-7c3b-4e7d-bcd4-16788f7c0c06: remove group-BE3E92DB7FF3:null
2019-09-17 22:35:44,972 [RatisPipelineUtilsThread] WARN  pipeline.RatisPipelineUtils (RatisPipelineUtils.java:destroyPipeline(66)) - Pipeline destroy failed for pipeline=PipelineID=4d8c8784-d1ee-45fb-902d-be3e92db7ff3 dn=fc7af808-7c3b-4e7d-bcd4-16788f7c0c06{ip: 192.168.5.156, host: pr-hdds-2121-pbfts-3191465506, networkLocation: /default-rack, certSerialId: null}
2019-09-17 22:35:44,973 [RatisPipelineUtilsThread] ERROR pipeline.SCMPipelineManager (Scheduler.java:lambda$schedule$1(70)) - Destroy pipeline failed for pipeline:Pipeline[ Id: 4d8c8784-d1ee-45fb-902d-be3e92db7ff3, Nodes: 80bd91bd-ab17-414e-9fbc-bd509e19448d{ip: 192.168.5.156, host: pr-hdds-2121-pbfts-3191465506, networkLocation: /default-rack, certSerialId: null}3de10ab2-5aa8-4456-b48c-00692585ccec{ip: 192.168.5.156, host: pr-hdds-2121-pbfts-3191465506, networkLocation: /default-rack, certSerialId: null}fc7af808-7c3b-4e7d-bcd4-16788f7c0c06{ip: 192.168.5.156, host: pr-hdds-2121-pbfts-3191465506, networkLocation: /default-rack, certSerialId: null}, Type:RATIS, Factor:THREE, State:CLOSED]
org.apache.hadoop.hdds.scm.pipeline.PipelineNotFoundException: PipelineID=4d8c8784-d1ee-45fb-902d-be3e92db7ff3 not found
	at org.apache.hadoop.hdds.scm.pipeline.PipelineStateMap.getPipeline(PipelineStateMap.java:132)
	at org.apache.hadoop.hdds.scm.pipeline.PipelineStateMap.removePipeline(PipelineStateMap.java:322)
	at org.apache.hadoop.hdds.scm.pipeline.PipelineStateManager.removePipeline(PipelineStateManager.java:107)
	at org.apache.hadoop.hdds.scm.pipeline.SCMPipelineManager.removePipeline(SCMPipelineManager.java:423)
	at org.apache.hadoop.hdds.scm.pipeline.SCMPipelineManager.destroyPipeline(SCMPipelineManager.java:409)
	at org.apache.hadoop.hdds.scm.pipeline.SCMPipelineManager.lambda$finalizeAndDestroyPipeline$0(SCMPipelineManager.java:318)
	at org.apache.hadoop.utils.Scheduler.lambda$schedule$1(Scheduler.java:68)
	at java.util.concurrent.Executors$RunnableAdapter.call(Executors.java:511)
	at java.util.concurrent.FutureTask.run(FutureTask.java:266)
	at java.util.concurrent.ScheduledThreadPoolExecutor$ScheduledFutureTask.access$201(ScheduledThreadPoolExecutor.java:180)
	at java.util.concurrent.ScheduledThreadPoolExecutor$ScheduledFutureTask.run(ScheduledThreadPoolExecutor.java:293)
	at java.util.concurrent.ThreadPoolExecutor.runWorker(ThreadPoolExecutor.java:1149)
	at java.util.concurrent.ThreadPoolExecutor$Worker.run(ThreadPoolExecutor.java:624)
	at java.lang.Thread.run(Thread.java:748)
2019-09-17 22:35:46,412 [java.util.concurrent.ThreadPoolExecutor$Worker@1444d9b3[State = -1, empty queue]] WARN  server.GrpcLogAppender (GrpcLogAppender.java:timeoutAppendRequest(200)) - bba25625-58dd-4c9e-929d-1a2e91bc3828@group-C311AD233868->f4adb48a-7d7d-4db9-96e8-d2aa5901bd52-GrpcLogAppender: appendEntries Timeout, request=bba25625-58dd-4c9e-929d-1a2e91bc3828->f4adb48a-7d7d-4db9-96e8-d2aa5901bd52#105-t1, previous=(t:1, i:22), leaderCommit=16, initializing? false, entries: <empty>
2019-09-17 22:35:46,412 [java.util.concurrent.ThreadPoolExecutor$Worker@66d00973[State = -1, empty queue]] WARN  server.GrpcLogAppender (GrpcLogAppender.java:timeoutAppendRequest(200)) - bba25625-58dd-4c9e-929d-1a2e91bc3828@group-C311AD233868->41f4c1b5-d215-4831-aa76-48270f5e0061-GrpcLogAppender: appendEntries Timeout, request=bba25625-58dd-4c9e-929d-1a2e91bc3828->41f4c1b5-d215-4831-aa76-48270f5e0061#105-t1, previous=(t:1, i:22), leaderCommit=16, initializing? false, entries: <empty>
2019-09-17 22:35:47,952 [grpc-default-executor-1] INFO  impl.RaftServerProxy (RaftServerProxy.java:remove(95)) - 80bd91bd-ab17-414e-9fbc-bd509e19448d: remove group-BE3E92DB7FF3:null
2019-09-17 22:35:47,959 [RatisPipelineUtilsThread] WARN  pipeline.RatisPipelineUtils (RatisPipelineUtils.java:destroyPipeline(66)) - Pipeline destroy failed for pipeline=PipelineID=4d8c8784-d1ee-45fb-902d-be3e92db7ff3 dn=80bd91bd-ab17-414e-9fbc-bd509e19448d{ip: 192.168.5.156, host: pr-hdds-2121-pbfts-3191465506, networkLocation: /default-rack, certSerialId: null}
2019-09-17 22:35:47,964 [grpc-default-executor-1] INFO  impl.RaftServerProxy (RaftServerProxy.java:remove(95)) - 3de10ab2-5aa8-4456-b48c-00692585ccec: remove group-BE3E92DB7FF3:null
2019-09-17 22:35:47,970 [RatisPipelineUtilsThread] WARN  pipeline.RatisPipelineUtils (RatisPipelineUtils.java:destroyPipeline(66)) - Pipeline destroy failed for pipeline=PipelineID=4d8c8784-d1ee-45fb-902d-be3e92db7ff3 dn=3de10ab2-5aa8-4456-b48c-00692585ccec{ip: 192.168.5.156, host: pr-hdds-2121-pbfts-3191465506, networkLocation: /default-rack, certSerialId: null}
2019-09-17 22:35:47,973 [grpc-default-executor-1] INFO  impl.RaftServerProxy (RaftServerProxy.java:remove(95)) - fc7af808-7c3b-4e7d-bcd4-16788f7c0c06: remove group-BE3E92DB7FF3:null
2019-09-17 22:35:47,979 [RatisPipelineUtilsThread] WARN  pipeline.RatisPipelineUtils (RatisPipelineUtils.java:destroyPipeline(66)) - Pipeline destroy failed for pipeline=PipelineID=4d8c8784-d1ee-45fb-902d-be3e92db7ff3 dn=fc7af808-7c3b-4e7d-bcd4-16788f7c0c06{ip: 192.168.5.156, host: pr-hdds-2121-pbfts-3191465506, networkLocation: /default-rack, certSerialId: null}
2019-09-17 22:35:47,979 [RatisPipelineUtilsThread] ERROR pipeline.SCMPipelineManager (Scheduler.java:lambda$schedule$1(70)) - Destroy pipeline failed for pipeline:Pipeline[ Id: 4d8c8784-d1ee-45fb-902d-be3e92db7ff3, Nodes: 80bd91bd-ab17-414e-9fbc-bd509e19448d{ip: 192.168.5.156, host: pr-hdds-2121-pbfts-3191465506, networkLocation: /default-rack, certSerialId: null}3de10ab2-5aa8-4456-b48c-00692585ccec{ip: 192.168.5.156, host: pr-hdds-2121-pbfts-3191465506, networkLocation: /default-rack, certSerialId: null}fc7af808-7c3b-4e7d-bcd4-16788f7c0c06{ip: 192.168.5.156, host: pr-hdds-2121-pbfts-3191465506, networkLocation: /default-rack, certSerialId: null}, Type:RATIS, Factor:THREE, State:CLOSED]
org.apache.hadoop.hdds.scm.pipeline.PipelineNotFoundException: PipelineID=4d8c8784-d1ee-45fb-902d-be3e92db7ff3 not found
	at org.apache.hadoop.hdds.scm.pipeline.PipelineStateMap.getPipeline(PipelineStateMap.java:132)
	at org.apache.hadoop.hdds.scm.pipeline.PipelineStateMap.removePipeline(PipelineStateMap.java:322)
	at org.apache.hadoop.hdds.scm.pipeline.PipelineStateManager.removePipeline(PipelineStateManager.java:107)
	at org.apache.hadoop.hdds.scm.pipeline.SCMPipelineManager.removePipeline(SCMPipelineManager.java:423)
	at org.apache.hadoop.hdds.scm.pipeline.SCMPipelineManager.destroyPipeline(SCMPipelineManager.java:409)
	at org.apache.hadoop.hdds.scm.pipeline.SCMPipelineManager.lambda$finalizeAndDestroyPipeline$0(SCMPipelineManager.java:318)
	at org.apache.hadoop.utils.Scheduler.lambda$schedule$1(Scheduler.java:68)
	at java.util.concurrent.Executors$RunnableAdapter.call(Executors.java:511)
	at java.util.concurrent.FutureTask.run(FutureTask.java:266)
	at java.util.concurrent.ScheduledThreadPoolExecutor$ScheduledFutureTask.access$201(ScheduledThreadPoolExecutor.java:180)
	at java.util.concurrent.ScheduledThreadPoolExecutor$ScheduledFutureTask.run(ScheduledThreadPoolExecutor.java:293)
	at java.util.concurrent.ThreadPoolExecutor.runWorker(ThreadPoolExecutor.java:1149)
	at java.util.concurrent.ThreadPoolExecutor$Worker.run(ThreadPoolExecutor.java:624)
	at java.lang.Thread.run(Thread.java:748)
2019-09-17 22:35:48,634 [grpc-default-executor-1] INFO  client.GrpcClientProtocolClient (GrpcClientProtocolClient.java:onNext(264)) - client-2EE9B685757F->41f4c1b5-d215-4831-aa76-48270f5e0061: receive RaftClientReply:client-2EE9B685757F->41f4c1b5-d215-4831-aa76-48270f5e0061@group-C311AD233868, cid=33, FAILED org.apache.ratis.protocol.NotLeaderException: Server 41f4c1b5-d215-4831-aa76-48270f5e0061@group-C311AD233868 is not the leader bba25625-58dd-4c9e-929d-1a2e91bc3828:192.168.5.156:36127, logIndex=0, commits[41f4c1b5-d215-4831-aa76-48270f5e0061:c16, f4adb48a-7d7d-4db9-96e8-d2aa5901bd52:c14, bba25625-58dd-4c9e-929d-1a2e91bc3828:c16]
2019-09-17 22:35:48,913 [java.util.concurrent.ThreadPoolExecutor$Worker@1444d9b3[State = -1, empty queue]] WARN  server.GrpcLogAppender (GrpcLogAppender.java:timeoutAppendRequest(200)) - bba25625-58dd-4c9e-929d-1a2e91bc3828@group-C311AD233868->f4adb48a-7d7d-4db9-96e8-d2aa5901bd52-GrpcLogAppender: appendEntries Timeout, request=bba25625-58dd-4c9e-929d-1a2e91bc3828->f4adb48a-7d7d-4db9-96e8-d2aa5901bd52#106-t1, previous=(t:1, i:22), leaderCommit=16, initializing? false, entries: <empty>
2019-09-17 22:35:48,913 [java.util.concurrent.ThreadPoolExecutor$Worker@66d00973[State = -1, empty queue]] WARN  server.GrpcLogAppender (GrpcLogAppender.java:timeoutAppendRequest(200)) - bba25625-58dd-4c9e-929d-1a2e91bc3828@group-C311AD233868->41f4c1b5-d215-4831-aa76-48270f5e0061-GrpcLogAppender: appendEntries Timeout, request=bba25625-58dd-4c9e-929d-1a2e91bc3828->41f4c1b5-d215-4831-aa76-48270f5e0061#106-t1, previous=(t:1, i:22), leaderCommit=16, initializing? false, entries: <empty>
2019-09-17 22:35:49,956 [grpc-default-executor-1] INFO  impl.RaftServerProxy (RaftServerProxy.java:remove(95)) - 80bd91bd-ab17-414e-9fbc-bd509e19448d: remove group-BE3E92DB7FF3:null
2019-09-17 22:35:49,969 [RatisPipelineUtilsThread] WARN  pipeline.RatisPipelineUtils (RatisPipelineUtils.java:destroyPipeline(66)) - Pipeline destroy failed for pipeline=PipelineID=4d8c8784-d1ee-45fb-902d-be3e92db7ff3 dn=80bd91bd-ab17-414e-9fbc-bd509e19448d{ip: 192.168.5.156, host: pr-hdds-2121-pbfts-3191465506, networkLocation: /default-rack, certSerialId: null}
2019-09-17 22:35:49,973 [grpc-default-executor-1] INFO  impl.RaftServerProxy (RaftServerProxy.java:remove(95)) - 3de10ab2-5aa8-4456-b48c-00692585ccec: remove group-BE3E92DB7FF3:null
2019-09-17 22:35:49,979 [RatisPipelineUtilsThread] WARN  pipeline.RatisPipelineUtils (RatisPipelineUtils.java:destroyPipeline(66)) - Pipeline destroy failed for pipeline=PipelineID=4d8c8784-d1ee-45fb-902d-be3e92db7ff3 dn=3de10ab2-5aa8-4456-b48c-00692585ccec{ip: 192.168.5.156, host: pr-hdds-2121-pbfts-3191465506, networkLocation: /default-rack, certSerialId: null}
2019-09-17 22:35:49,982 [grpc-default-executor-1] INFO  impl.RaftServerProxy (RaftServerProxy.java:remove(95)) - fc7af808-7c3b-4e7d-bcd4-16788f7c0c06: remove group-BE3E92DB7FF3:null
2019-09-17 22:35:49,988 [RatisPipelineUtilsThread] WARN  pipeline.RatisPipelineUtils (RatisPipelineUtils.java:destroyPipeline(66)) - Pipeline destroy failed for pipeline=PipelineID=4d8c8784-d1ee-45fb-902d-be3e92db7ff3 dn=fc7af808-7c3b-4e7d-bcd4-16788f7c0c06{ip: 192.168.5.156, host: pr-hdds-2121-pbfts-3191465506, networkLocation: /default-rack, certSerialId: null}
2019-09-17 22:35:49,988 [RatisPipelineUtilsThread] ERROR pipeline.SCMPipelineManager (Scheduler.java:lambda$schedule$1(70)) - Destroy pipeline failed for pipeline:Pipeline[ Id: 4d8c8784-d1ee-45fb-902d-be3e92db7ff3, Nodes: 80bd91bd-ab17-414e-9fbc-bd509e19448d{ip: 192.168.5.156, host: pr-hdds-2121-pbfts-3191465506, networkLocation: /default-rack, certSerialId: null}3de10ab2-5aa8-4456-b48c-00692585ccec{ip: 192.168.5.156, host: pr-hdds-2121-pbfts-3191465506, networkLocation: /default-rack, certSerialId: null}fc7af808-7c3b-4e7d-bcd4-16788f7c0c06{ip: 192.168.5.156, host: pr-hdds-2121-pbfts-3191465506, networkLocation: /default-rack, certSerialId: null}, Type:RATIS, Factor:THREE, State:CLOSED]
org.apache.hadoop.hdds.scm.pipeline.PipelineNotFoundException: PipelineID=4d8c8784-d1ee-45fb-902d-be3e92db7ff3 not found
	at org.apache.hadoop.hdds.scm.pipeline.PipelineStateMap.getPipeline(PipelineStateMap.java:132)
	at org.apache.hadoop.hdds.scm.pipeline.PipelineStateMap.removePipeline(PipelineStateMap.java:322)
	at org.apache.hadoop.hdds.scm.pipeline.PipelineStateManager.removePipeline(PipelineStateManager.java:107)
	at org.apache.hadoop.hdds.scm.pipeline.SCMPipelineManager.removePipeline(SCMPipelineManager.java:423)
	at org.apache.hadoop.hdds.scm.pipeline.SCMPipelineManager.destroyPipeline(SCMPipelineManager.java:409)
	at org.apache.hadoop.hdds.scm.pipeline.SCMPipelineManager.lambda$finalizeAndDestroyPipeline$0(SCMPipelineManager.java:318)
	at org.apache.hadoop.utils.Scheduler.lambda$schedule$1(Scheduler.java:68)
	at java.util.concurrent.Executors$RunnableAdapter.call(Executors.java:511)
	at java.util.concurrent.FutureTask.run(FutureTask.java:266)
	at java.util.concurrent.ScheduledThreadPoolExecutor$ScheduledFutureTask.access$201(ScheduledThreadPoolExecutor.java:180)
	at java.util.concurrent.ScheduledThreadPoolExecutor$ScheduledFutureTask.run(ScheduledThreadPoolExecutor.java:293)
	at java.util.concurrent.ThreadPoolExecutor.runWorker(ThreadPoolExecutor.java:1149)
	at java.util.concurrent.ThreadPoolExecutor$Worker.run(ThreadPoolExecutor.java:624)
	at java.lang.Thread.run(Thread.java:748)
2019-09-17 22:35:51,413 [java.util.concurrent.ThreadPoolExecutor$Worker@66d00973[State = -1, empty queue]] WARN  server.GrpcLogAppender (GrpcLogAppender.java:timeoutAppendRequest(200)) - bba25625-58dd-4c9e-929d-1a2e91bc3828@group-C311AD233868->41f4c1b5-d215-4831-aa76-48270f5e0061-GrpcLogAppender: appendEntries Timeout, request=bba25625-58dd-4c9e-929d-1a2e91bc3828->41f4c1b5-d215-4831-aa76-48270f5e0061#107-t1, previous=(t:1, i:22), leaderCommit=16, initializing? false, entries: <empty>
2019-09-17 22:35:51,413 [java.util.concurrent.ThreadPoolExecutor$Worker@1444d9b3[State = -1, empty queue]] WARN  server.GrpcLogAppender (GrpcLogAppender.java:timeoutAppendRequest(200)) - bba25625-58dd-4c9e-929d-1a2e91bc3828@group-C311AD233868->f4adb48a-7d7d-4db9-96e8-d2aa5901bd52-GrpcLogAppender: appendEntries Timeout, request=bba25625-58dd-4c9e-929d-1a2e91bc3828->f4adb48a-7d7d-4db9-96e8-d2aa5901bd52#107-t1, previous=(t:1, i:22), leaderCommit=16, initializing? false, entries: <empty>
2019-09-17 22:35:52,950 [grpc-default-executor-1] INFO  impl.RaftServerProxy (RaftServerProxy.java:remove(95)) - 80bd91bd-ab17-414e-9fbc-bd509e19448d: remove group-BE3E92DB7FF3:null
2019-09-17 22:35:52,957 [RatisPipelineUtilsThread] WARN  pipeline.RatisPipelineUtils (RatisPipelineUtils.java:destroyPipeline(66)) - Pipeline destroy failed for pipeline=PipelineID=4d8c8784-d1ee-45fb-902d-be3e92db7ff3 dn=80bd91bd-ab17-414e-9fbc-bd509e19448d{ip: 192.168.5.156, host: pr-hdds-2121-pbfts-3191465506, networkLocation: /default-rack, certSerialId: null}
2019-09-17 22:35:52,960 [grpc-default-executor-1] INFO  impl.RaftServerProxy (RaftServerProxy.java:remove(95)) - 3de10ab2-5aa8-4456-b48c-00692585ccec: remove group-BE3E92DB7FF3:null
2019-09-17 22:35:52,976 [RatisPipelineUtilsThread] WARN  pipeline.RatisPipelineUtils (RatisPipelineUtils.java:destroyPipeline(66)) - Pipeline destroy failed for pipeline=PipelineID=4d8c8784-d1ee-45fb-902d-be3e92db7ff3 dn=3de10ab2-5aa8-4456-b48c-00692585ccec{ip: 192.168.5.156, host: pr-hdds-2121-pbfts-3191465506, networkLocation: /default-rack, certSerialId: null}
2019-09-17 22:35:52,979 [grpc-default-executor-1] INFO  impl.RaftServerProxy (RaftServerProxy.java:remove(95)) - fc7af808-7c3b-4e7d-bcd4-16788f7c0c06: remove group-BE3E92DB7FF3:null
2019-09-17 22:35:52,982 [RatisPipelineUtilsThread] WARN  pipeline.RatisPipelineUtils (RatisPipelineUtils.java:destroyPipeline(66)) - Pipeline destroy failed for pipeline=PipelineID=4d8c8784-d1ee-45fb-902d-be3e92db7ff3 dn=fc7af808-7c3b-4e7d-bcd4-16788f7c0c06{ip: 192.168.5.156, host: pr-hdds-2121-pbfts-3191465506, networkLocation: /default-rack, certSerialId: null}
2019-09-17 22:35:52,983 [RatisPipelineUtilsThread] ERROR pipeline.SCMPipelineManager (Scheduler.java:lambda$schedule$1(70)) - Destroy pipeline failed for pipeline:Pipeline[ Id: 4d8c8784-d1ee-45fb-902d-be3e92db7ff3, Nodes: 80bd91bd-ab17-414e-9fbc-bd509e19448d{ip: 192.168.5.156, host: pr-hdds-2121-pbfts-3191465506, networkLocation: /default-rack, certSerialId: null}3de10ab2-5aa8-4456-b48c-00692585ccec{ip: 192.168.5.156, host: pr-hdds-2121-pbfts-3191465506, networkLocation: /default-rack, certSerialId: null}fc7af808-7c3b-4e7d-bcd4-16788f7c0c06{ip: 192.168.5.156, host: pr-hdds-2121-pbfts-3191465506, networkLocation: /default-rack, certSerialId: null}, Type:RATIS, Factor:THREE, State:CLOSED]
org.apache.hadoop.hdds.scm.pipeline.PipelineNotFoundException: PipelineID=4d8c8784-d1ee-45fb-902d-be3e92db7ff3 not found
	at org.apache.hadoop.hdds.scm.pipeline.PipelineStateMap.getPipeline(PipelineStateMap.java:132)
	at org.apache.hadoop.hdds.scm.pipeline.PipelineStateMap.removePipeline(PipelineStateMap.java:322)
	at org.apache.hadoop.hdds.scm.pipeline.PipelineStateManager.removePipeline(PipelineStateManager.java:107)
	at org.apache.hadoop.hdds.scm.pipeline.SCMPipelineManager.removePipeline(SCMPipelineManager.java:423)
	at org.apache.hadoop.hdds.scm.pipeline.SCMPipelineManager.destroyPipeline(SCMPipelineManager.java:409)
	at org.apache.hadoop.hdds.scm.pipeline.SCMPipelineManager.lambda$finalizeAndDestroyPipeline$0(SCMPipelineManager.java:318)
	at org.apache.hadoop.utils.Scheduler.lambda$schedule$1(Scheduler.java:68)
	at java.util.concurrent.Executors$RunnableAdapter.call(Executors.java:511)
	at java.util.concurrent.FutureTask.run(FutureTask.java:266)
	at java.util.concurrent.ScheduledThreadPoolExecutor$ScheduledFutureTask.access$201(ScheduledThreadPoolExecutor.java:180)
	at java.util.concurrent.ScheduledThreadPoolExecutor$ScheduledFutureTask.run(ScheduledThreadPoolExecutor.java:293)
	at java.util.concurrent.ThreadPoolExecutor.runWorker(ThreadPoolExecutor.java:1149)
	at java.util.concurrent.ThreadPoolExecutor$Worker.run(ThreadPoolExecutor.java:624)
	at java.lang.Thread.run(Thread.java:748)
2019-09-17 22:35:53,406 [f4adb48a-7d7d-4db9-96e8-d2aa5901bd52@group-C311AD233868-SegmentedRaftLogWorker] WARN  segmented.SegmentedRaftLogWorker (SegmentedRaftLogWorker.java:getFromFuture(90)) - Timeout 2/~
org.apache.ratis.protocol.TimeoutIOException: Timeout 10s: WriteLog:17: (t:1, i:17), STATEMACHINELOGENTRY, client-2EE9B685757F, cid=33-writeStateMachineData
	at org.apache.ratis.util.IOUtils.getFromFuture(IOUtils.java:87)
	at org.apache.ratis.server.raftlog.segmented.SegmentedRaftLogWorker$StateMachineDataPolicy.getFromFuture(SegmentedRaftLogWorker.java:87)
	at org.apache.ratis.server.raftlog.segmented.SegmentedRaftLogWorker$WriteLog.execute(SegmentedRaftLogWorker.java:477)
	at org.apache.ratis.server.raftlog.segmented.SegmentedRaftLogWorker.run(SegmentedRaftLogWorker.java:289)
	at java.lang.Thread.run(Thread.java:748)
Caused by: java.util.concurrent.TimeoutException
	at java.util.concurrent.CompletableFuture.timedGet(CompletableFuture.java:1771)
	at java.util.concurrent.CompletableFuture.get(CompletableFuture.java:1915)
	at org.apache.ratis.util.IOUtils.getFromFuture(IOUtils.java:79)
	... 4 more
2019-09-17 22:35:53,597 [bba25625-58dd-4c9e-929d-1a2e91bc3828@group-C311AD233868-SegmentedRaftLogWorker] WARN  segmented.SegmentedRaftLogWorker (SegmentedRaftLogWorker.java:getFromFuture(90)) - Timeout 2/~
org.apache.ratis.protocol.TimeoutIOException: Timeout 10s: WriteLog:18: (t:1, i:18), STATEMACHINELOGENTRY, client-2EE9B685757F, cid=34-writeStateMachineData
	at org.apache.ratis.util.IOUtils.getFromFuture(IOUtils.java:87)
	at org.apache.ratis.server.raftlog.segmented.SegmentedRaftLogWorker$StateMachineDataPolicy.getFromFuture(SegmentedRaftLogWorker.java:87)
	at org.apache.ratis.server.raftlog.segmented.SegmentedRaftLogWorker$WriteLog.execute(SegmentedRaftLogWorker.java:477)
	at org.apache.ratis.server.raftlog.segmented.SegmentedRaftLogWorker.run(SegmentedRaftLogWorker.java:289)
	at java.lang.Thread.run(Thread.java:748)
Caused by: java.util.concurrent.TimeoutException
	at java.util.concurrent.CompletableFuture.timedGet(CompletableFuture.java:1771)
	at java.util.concurrent.CompletableFuture.get(CompletableFuture.java:1915)
	at org.apache.ratis.util.IOUtils.getFromFuture(IOUtils.java:79)
	... 4 more
2019-09-17 22:35:53,597 [41f4c1b5-d215-4831-aa76-48270f5e0061@group-C311AD233868-SegmentedRaftLogWorker] WARN  segmented.SegmentedRaftLogWorker (SegmentedRaftLogWorker.java:getFromFuture(90)) - Timeout 2/~
org.apache.ratis.protocol.TimeoutIOException: Timeout 10s: WriteLog:18: (t:1, i:18), STATEMACHINELOGENTRY, client-2EE9B685757F, cid=34-writeStateMachineData
	at org.apache.ratis.util.IOUtils.getFromFuture(IOUtils.java:87)
	at org.apache.ratis.server.raftlog.segmented.SegmentedRaftLogWorker$StateMachineDataPolicy.getFromFuture(SegmentedRaftLogWorker.java:87)
	at org.apache.ratis.server.raftlog.segmented.SegmentedRaftLogWorker$WriteLog.execute(SegmentedRaftLogWorker.java:477)
	at org.apache.ratis.server.raftlog.segmented.SegmentedRaftLogWorker.run(SegmentedRaftLogWorker.java:289)
	at java.lang.Thread.run(Thread.java:748)
Caused by: java.util.concurrent.TimeoutException
	at java.util.concurrent.CompletableFuture.timedGet(CompletableFuture.java:1771)
	at java.util.concurrent.CompletableFuture.get(CompletableFuture.java:1915)
	at org.apache.ratis.util.IOUtils.getFromFuture(IOUtils.java:79)
	... 4 more
2019-09-17 22:35:53,686 [grpc-default-executor-1] INFO  client.GrpcClientProtocolClient (GrpcClientProtocolClient.java:onNext(264)) - client-2EE9B685757F->f4adb48a-7d7d-4db9-96e8-d2aa5901bd52: receive RaftClientReply:client-2EE9B685757F->f4adb48a-7d7d-4db9-96e8-d2aa5901bd52@group-C311AD233868, cid=33, FAILED org.apache.ratis.protocol.NotLeaderException: Server f4adb48a-7d7d-4db9-96e8-d2aa5901bd52@group-C311AD233868 is not the leader bba25625-58dd-4c9e-929d-1a2e91bc3828:192.168.5.156:36127, logIndex=0, commits[f4adb48a-7d7d-4db9-96e8-d2aa5901bd52:c16, 41f4c1b5-d215-4831-aa76-48270f5e0061:c14, bba25625-58dd-4c9e-929d-1a2e91bc3828:c16]
2019-09-17 22:35:53,914 [java.util.concurrent.ThreadPoolExecutor$Worker@1444d9b3[State = -1, empty queue]] WARN  server.GrpcLogAppender (GrpcLogAppender.java:timeoutAppendRequest(200)) - bba25625-58dd-4c9e-929d-1a2e91bc3828@group-C311AD233868->f4adb48a-7d7d-4db9-96e8-d2aa5901bd52-GrpcLogAppender: appendEntries Timeout, request=bba25625-58dd-4c9e-929d-1a2e91bc3828->f4adb48a-7d7d-4db9-96e8-d2aa5901bd52#108-t1, previous=(t:1, i:22), leaderCommit=16, initializing? false, entries: <empty>
2019-09-17 22:35:53,914 [java.util.concurrent.ThreadPoolExecutor$Worker@66d00973[State = -1, empty queue]] WARN  server.GrpcLogAppender (GrpcLogAppender.java:timeoutAppendRequest(200)) - bba25625-58dd-4c9e-929d-1a2e91bc3828@group-C311AD233868->41f4c1b5-d215-4831-aa76-48270f5e0061-GrpcLogAppender: appendEntries Timeout, request=bba25625-58dd-4c9e-929d-1a2e91bc3828->41f4c1b5-d215-4831-aa76-48270f5e0061#108-t1, previous=(t:1, i:22), leaderCommit=16, initializing? false, entries: <empty>
2019-09-17 22:35:54,951 [grpc-default-executor-2] INFO  impl.RaftServerProxy (RaftServerProxy.java:remove(95)) - 80bd91bd-ab17-414e-9fbc-bd509e19448d: remove group-BE3E92DB7FF3:null
2019-09-17 22:35:54,957 [RatisPipelineUtilsThread] WARN  pipeline.RatisPipelineUtils (RatisPipelineUtils.java:destroyPipeline(66)) - Pipeline destroy failed for pipeline=PipelineID=4d8c8784-d1ee-45fb-902d-be3e92db7ff3 dn=80bd91bd-ab17-414e-9fbc-bd509e19448d{ip: 192.168.5.156, host: pr-hdds-2121-pbfts-3191465506, networkLocation: /default-rack, certSerialId: null}
2019-09-17 22:35:54,961 [grpc-default-executor-2] INFO  impl.RaftServerProxy (RaftServerProxy.java:remove(95)) - 3de10ab2-5aa8-4456-b48c-00692585ccec: remove group-BE3E92DB7FF3:null
2019-09-17 22:35:54,964 [RatisPipelineUtilsThread] WARN  pipeline.RatisPipelineUtils (RatisPipelineUtils.java:destroyPipeline(66)) - Pipeline destroy failed for pipeline=PipelineID=4d8c8784-d1ee-45fb-902d-be3e92db7ff3 dn=3de10ab2-5aa8-4456-b48c-00692585ccec{ip: 192.168.5.156, host: pr-hdds-2121-pbfts-3191465506, networkLocation: /default-rack, certSerialId: null}
2019-09-17 22:35:54,968 [grpc-default-executor-2] INFO  impl.RaftServerProxy (RaftServerProxy.java:remove(95)) - fc7af808-7c3b-4e7d-bcd4-16788f7c0c06: remove group-BE3E92DB7FF3:null
2019-09-17 22:35:54,971 [RatisPipelineUtilsThread] WARN  pipeline.RatisPipelineUtils (RatisPipelineUtils.java:destroyPipeline(66)) - Pipeline destroy failed for pipeline=PipelineID=4d8c8784-d1ee-45fb-902d-be3e92db7ff3 dn=fc7af808-7c3b-4e7d-bcd4-16788f7c0c06{ip: 192.168.5.156, host: pr-hdds-2121-pbfts-3191465506, networkLocation: /default-rack, certSerialId: null}
2019-09-17 22:35:54,971 [RatisPipelineUtilsThread] ERROR pipeline.SCMPipelineManager (Scheduler.java:lambda$schedule$1(70)) - Destroy pipeline failed for pipeline:Pipeline[ Id: 4d8c8784-d1ee-45fb-902d-be3e92db7ff3, Nodes: 80bd91bd-ab17-414e-9fbc-bd509e19448d{ip: 192.168.5.156, host: pr-hdds-2121-pbfts-3191465506, networkLocation: /default-rack, certSerialId: null}3de10ab2-5aa8-4456-b48c-00692585ccec{ip: 192.168.5.156, host: pr-hdds-2121-pbfts-3191465506, networkLocation: /default-rack, certSerialId: null}fc7af808-7c3b-4e7d-bcd4-16788f7c0c06{ip: 192.168.5.156, host: pr-hdds-2121-pbfts-3191465506, networkLocation: /default-rack, certSerialId: null}, Type:RATIS, Factor:THREE, State:CLOSED]
org.apache.hadoop.hdds.scm.pipeline.PipelineNotFoundException: PipelineID=4d8c8784-d1ee-45fb-902d-be3e92db7ff3 not found
	at org.apache.hadoop.hdds.scm.pipeline.PipelineStateMap.getPipeline(PipelineStateMap.java:132)
	at org.apache.hadoop.hdds.scm.pipeline.PipelineStateMap.removePipeline(PipelineStateMap.java:322)
	at org.apache.hadoop.hdds.scm.pipeline.PipelineStateManager.removePipeline(PipelineStateManager.java:107)
	at org.apache.hadoop.hdds.scm.pipeline.SCMPipelineManager.removePipeline(SCMPipelineManager.java:423)
	at org.apache.hadoop.hdds.scm.pipeline.SCMPipelineManager.destroyPipeline(SCMPipelineManager.java:409)
	at org.apache.hadoop.hdds.scm.pipeline.SCMPipelineManager.lambda$finalizeAndDestroyPipeline$0(SCMPipelineManager.java:318)
	at org.apache.hadoop.utils.Scheduler.lambda$schedule$1(Scheduler.java:68)
	at java.util.concurrent.Executors$RunnableAdapter.call(Executors.java:511)
	at java.util.concurrent.FutureTask.run(FutureTask.java:266)
	at java.util.concurrent.ScheduledThreadPoolExecutor$ScheduledFutureTask.access$201(ScheduledThreadPoolExecutor.java:180)
	at java.util.concurrent.ScheduledThreadPoolExecutor$ScheduledFutureTask.run(ScheduledThreadPoolExecutor.java:293)
	at java.util.concurrent.ThreadPoolExecutor.runWorker(ThreadPoolExecutor.java:1149)
	at java.util.concurrent.ThreadPoolExecutor$Worker.run(ThreadPoolExecutor.java:624)
	at java.lang.Thread.run(Thread.java:748)
2019-09-17 22:35:56,414 [java.util.concurrent.ThreadPoolExecutor$Worker@1444d9b3[State = -1, empty queue]] WARN  server.GrpcLogAppender (GrpcLogAppender.java:timeoutAppendRequest(200)) - bba25625-58dd-4c9e-929d-1a2e91bc3828@group-C311AD233868->f4adb48a-7d7d-4db9-96e8-d2aa5901bd52-GrpcLogAppender: appendEntries Timeout, request=bba25625-58dd-4c9e-929d-1a2e91bc3828->f4adb48a-7d7d-4db9-96e8-d2aa5901bd52#109-t1, previous=(t:1, i:22), leaderCommit=16, initializing? false, entries: <empty>
2019-09-17 22:35:56,414 [java.util.concurrent.ThreadPoolExecutor$Worker@66d00973[State = -1, empty queue]] WARN  server.GrpcLogAppender (GrpcLogAppender.java:timeoutAppendRequest(200)) - bba25625-58dd-4c9e-929d-1a2e91bc3828@group-C311AD233868->41f4c1b5-d215-4831-aa76-48270f5e0061-GrpcLogAppender: appendEntries Timeout, request=bba25625-58dd-4c9e-929d-1a2e91bc3828->41f4c1b5-d215-4831-aa76-48270f5e0061#109-t1, previous=(t:1, i:22), leaderCommit=16, initializing? false, entries: <empty>
2019-09-17 22:35:57,950 [grpc-default-executor-1] INFO  impl.RaftServerProxy (RaftServerProxy.java:remove(95)) - 80bd91bd-ab17-414e-9fbc-bd509e19448d: remove group-BE3E92DB7FF3:null
2019-09-17 22:35:57,955 [RatisPipelineUtilsThread] WARN  pipeline.RatisPipelineUtils (RatisPipelineUtils.java:destroyPipeline(66)) - Pipeline destroy failed for pipeline=PipelineID=4d8c8784-d1ee-45fb-902d-be3e92db7ff3 dn=80bd91bd-ab17-414e-9fbc-bd509e19448d{ip: 192.168.5.156, host: pr-hdds-2121-pbfts-3191465506, networkLocation: /default-rack, certSerialId: null}
2019-09-17 22:35:57,958 [grpc-default-executor-1] INFO  impl.RaftServerProxy (RaftServerProxy.java:remove(95)) - 3de10ab2-5aa8-4456-b48c-00692585ccec: remove group-BE3E92DB7FF3:null
2019-09-17 22:35:57,961 [RatisPipelineUtilsThread] WARN  pipeline.RatisPipelineUtils (RatisPipelineUtils.java:destroyPipeline(66)) - Pipeline destroy failed for pipeline=PipelineID=4d8c8784-d1ee-45fb-902d-be3e92db7ff3 dn=3de10ab2-5aa8-4456-b48c-00692585ccec{ip: 192.168.5.156, host: pr-hdds-2121-pbfts-3191465506, networkLocation: /default-rack, certSerialId: null}
2019-09-17 22:35:57,964 [grpc-default-executor-1] INFO  impl.RaftServerProxy (RaftServerProxy.java:remove(95)) - fc7af808-7c3b-4e7d-bcd4-16788f7c0c06: remove group-BE3E92DB7FF3:null
2019-09-17 22:35:57,966 [RatisPipelineUtilsThread] WARN  pipeline.RatisPipelineUtils (RatisPipelineUtils.java:destroyPipeline(66)) - Pipeline destroy failed for pipeline=PipelineID=4d8c8784-d1ee-45fb-902d-be3e92db7ff3 dn=fc7af808-7c3b-4e7d-bcd4-16788f7c0c06{ip: 192.168.5.156, host: pr-hdds-2121-pbfts-3191465506, networkLocation: /default-rack, certSerialId: null}
2019-09-17 22:35:57,967 [RatisPipelineUtilsThread] ERROR pipeline.SCMPipelineManager (Scheduler.java:lambda$schedule$1(70)) - Destroy pipeline failed for pipeline:Pipeline[ Id: 4d8c8784-d1ee-45fb-902d-be3e92db7ff3, Nodes: 80bd91bd-ab17-414e-9fbc-bd509e19448d{ip: 192.168.5.156, host: pr-hdds-2121-pbfts-3191465506, networkLocation: /default-rack, certSerialId: null}3de10ab2-5aa8-4456-b48c-00692585ccec{ip: 192.168.5.156, host: pr-hdds-2121-pbfts-3191465506, networkLocation: /default-rack, certSerialId: null}fc7af808-7c3b-4e7d-bcd4-16788f7c0c06{ip: 192.168.5.156, host: pr-hdds-2121-pbfts-3191465506, networkLocation: /default-rack, certSerialId: null}, Type:RATIS, Factor:THREE, State:CLOSED]
org.apache.hadoop.hdds.scm.pipeline.PipelineNotFoundException: PipelineID=4d8c8784-d1ee-45fb-902d-be3e92db7ff3 not found
	at org.apache.hadoop.hdds.scm.pipeline.PipelineStateMap.getPipeline(PipelineStateMap.java:132)
	at org.apache.hadoop.hdds.scm.pipeline.PipelineStateMap.removePipeline(PipelineStateMap.java:322)
	at org.apache.hadoop.hdds.scm.pipeline.PipelineStateManager.removePipeline(PipelineStateManager.java:107)
	at org.apache.hadoop.hdds.scm.pipeline.SCMPipelineManager.removePipeline(SCMPipelineManager.java:423)
	at org.apache.hadoop.hdds.scm.pipeline.SCMPipelineManager.destroyPipeline(SCMPipelineManager.java:409)
	at org.apache.hadoop.hdds.scm.pipeline.SCMPipelineManager.lambda$finalizeAndDestroyPipeline$0(SCMPipelineManager.java:318)
	at org.apache.hadoop.utils.Scheduler.lambda$schedule$1(Scheduler.java:68)
	at java.util.concurrent.Executors$RunnableAdapter.call(Executors.java:511)
	at java.util.concurrent.FutureTask.run(FutureTask.java:266)
	at java.util.concurrent.ScheduledThreadPoolExecutor$ScheduledFutureTask.access$201(ScheduledThreadPoolExecutor.java:180)
	at java.util.concurrent.ScheduledThreadPoolExecutor$ScheduledFutureTask.run(ScheduledThreadPoolExecutor.java:293)
	at java.util.concurrent.ThreadPoolExecutor.runWorker(ThreadPoolExecutor.java:1149)
	at java.util.concurrent.ThreadPoolExecutor$Worker.run(ThreadPoolExecutor.java:624)
	at java.lang.Thread.run(Thread.java:748)
2019-09-17 22:35:58,750 [grpc-default-executor-2] INFO  client.GrpcClientProtocolClient (GrpcClientProtocolClient.java:onNext(264)) - client-2EE9B685757F->41f4c1b5-d215-4831-aa76-48270f5e0061: receive RaftClientReply:client-2EE9B685757F->41f4c1b5-d215-4831-aa76-48270f5e0061@group-C311AD233868, cid=33, FAILED org.apache.ratis.protocol.NotLeaderException: Server 41f4c1b5-d215-4831-aa76-48270f5e0061@group-C311AD233868 is not the leader bba25625-58dd-4c9e-929d-1a2e91bc3828:192.168.5.156:36127, logIndex=0, commits[41f4c1b5-d215-4831-aa76-48270f5e0061:c16, f4adb48a-7d7d-4db9-96e8-d2aa5901bd52:c14, bba25625-58dd-4c9e-929d-1a2e91bc3828:c16]
2019-09-17 22:35:58,914 [java.util.concurrent.ThreadPoolExecutor$Worker@1444d9b3[State = -1, empty queue]] WARN  server.GrpcLogAppender (GrpcLogAppender.java:timeoutAppendRequest(200)) - bba25625-58dd-4c9e-929d-1a2e91bc3828@group-C311AD233868->f4adb48a-7d7d-4db9-96e8-d2aa5901bd52-GrpcLogAppender: appendEntries Timeout, request=bba25625-58dd-4c9e-929d-1a2e91bc3828->f4adb48a-7d7d-4db9-96e8-d2aa5901bd52#110-t1, previous=(t:1, i:22), leaderCommit=16, initializing? false, entries: <empty>
2019-09-17 22:35:58,914 [java.util.concurrent.ThreadPoolExecutor$Worker@66d00973[State = -1, empty queue]] WARN  server.GrpcLogAppender (GrpcLogAppender.java:timeoutAppendRequest(200)) - bba25625-58dd-4c9e-929d-1a2e91bc3828@group-C311AD233868->41f4c1b5-d215-4831-aa76-48270f5e0061-GrpcLogAppender: appendEntries Timeout, request=bba25625-58dd-4c9e-929d-1a2e91bc3828->41f4c1b5-d215-4831-aa76-48270f5e0061#110-t1, previous=(t:1, i:22), leaderCommit=16, initializing? false, entries: <empty>
2019-09-17 22:35:59,950 [grpc-default-executor-2] INFO  impl.RaftServerProxy (RaftServerProxy.java:remove(95)) - 80bd91bd-ab17-414e-9fbc-bd509e19448d: remove group-BE3E92DB7FF3:null
2019-09-17 22:35:59,956 [RatisPipelineUtilsThread] WARN  pipeline.RatisPipelineUtils (RatisPipelineUtils.java:destroyPipeline(66)) - Pipeline destroy failed for pipeline=PipelineID=4d8c8784-d1ee-45fb-902d-be3e92db7ff3 dn=80bd91bd-ab17-414e-9fbc-bd509e19448d{ip: 192.168.5.156, host: pr-hdds-2121-pbfts-3191465506, networkLocation: /default-rack, certSerialId: null}
2019-09-17 22:35:59,959 [grpc-default-executor-2] INFO  impl.RaftServerProxy (RaftServerProxy.java:remove(95)) - 3de10ab2-5aa8-4456-b48c-00692585ccec: remove group-BE3E92DB7FF3:null
2019-09-17 22:35:59,962 [RatisPipelineUtilsThread] WARN  pipeline.RatisPipelineUtils (RatisPipelineUtils.java:destroyPipeline(66)) - Pipeline destroy failed for pipeline=PipelineID=4d8c8784-d1ee-45fb-902d-be3e92db7ff3 dn=3de10ab2-5aa8-4456-b48c-00692585ccec{ip: 192.168.5.156, host: pr-hdds-2121-pbfts-3191465506, networkLocation: /default-rack, certSerialId: null}
2019-09-17 22:35:59,965 [grpc-default-executor-2] INFO  impl.RaftServerProxy (RaftServerProxy.java:remove(95)) - fc7af808-7c3b-4e7d-bcd4-16788f7c0c06: remove group-BE3E92DB7FF3:null
2019-09-17 22:35:59,968 [RatisPipelineUtilsThread] WARN  pipeline.RatisPipelineUtils (RatisPipelineUtils.java:destroyPipeline(66)) - Pipeline destroy failed for pipeline=PipelineID=4d8c8784-d1ee-45fb-902d-be3e92db7ff3 dn=fc7af808-7c3b-4e7d-bcd4-16788f7c0c06{ip: 192.168.5.156, host: pr-hdds-2121-pbfts-3191465506, networkLocation: /default-rack, certSerialId: null}
2019-09-17 22:35:59,968 [RatisPipelineUtilsThread] ERROR pipeline.SCMPipelineManager (Scheduler.java:lambda$schedule$1(70)) - Destroy pipeline failed for pipeline:Pipeline[ Id: 4d8c8784-d1ee-45fb-902d-be3e92db7ff3, Nodes: 80bd91bd-ab17-414e-9fbc-bd509e19448d{ip: 192.168.5.156, host: pr-hdds-2121-pbfts-3191465506, networkLocation: /default-rack, certSerialId: null}3de10ab2-5aa8-4456-b48c-00692585ccec{ip: 192.168.5.156, host: pr-hdds-2121-pbfts-3191465506, networkLocation: /default-rack, certSerialId: null}fc7af808-7c3b-4e7d-bcd4-16788f7c0c06{ip: 192.168.5.156, host: pr-hdds-2121-pbfts-3191465506, networkLocation: /default-rack, certSerialId: null}, Type:RATIS, Factor:THREE, State:CLOSED]
org.apache.hadoop.hdds.scm.pipeline.PipelineNotFoundException: PipelineID=4d8c8784-d1ee-45fb-902d-be3e92db7ff3 not found
	at org.apache.hadoop.hdds.scm.pipeline.PipelineStateMap.getPipeline(PipelineStateMap.java:132)
	at org.apache.hadoop.hdds.scm.pipeline.PipelineStateMap.removePipeline(PipelineStateMap.java:322)
	at org.apache.hadoop.hdds.scm.pipeline.PipelineStateManager.removePipeline(PipelineStateManager.java:107)
	at org.apache.hadoop.hdds.scm.pipeline.SCMPipelineManager.removePipeline(SCMPipelineManager.java:423)
	at org.apache.hadoop.hdds.scm.pipeline.SCMPipelineManager.destroyPipeline(SCMPipelineManager.java:409)
	at org.apache.hadoop.hdds.scm.pipeline.SCMPipelineManager.lambda$finalizeAndDestroyPipeline$0(SCMPipelineManager.java:318)
	at org.apache.hadoop.utils.Scheduler.lambda$schedule$1(Scheduler.java:68)
	at java.util.concurrent.Executors$RunnableAdapter.call(Executors.java:511)
	at java.util.concurrent.FutureTask.run(FutureTask.java:266)
	at java.util.concurrent.ScheduledThreadPoolExecutor$ScheduledFutureTask.access$201(ScheduledThreadPoolExecutor.java:180)
	at java.util.concurrent.ScheduledThreadPoolExecutor$ScheduledFutureTask.run(ScheduledThreadPoolExecutor.java:293)
	at java.util.concurrent.ThreadPoolExecutor.runWorker(ThreadPoolExecutor.java:1149)
	at java.util.concurrent.ThreadPoolExecutor$Worker.run(ThreadPoolExecutor.java:624)
	at java.lang.Thread.run(Thread.java:748)
2019-09-17 22:36:01,415 [java.util.concurrent.ThreadPoolExecutor$Worker@1444d9b3[State = -1, empty queue]] WARN  server.GrpcLogAppender (GrpcLogAppender.java:timeoutAppendRequest(200)) - bba25625-58dd-4c9e-929d-1a2e91bc3828@group-C311AD233868->f4adb48a-7d7d-4db9-96e8-d2aa5901bd52-GrpcLogAppender: appendEntries Timeout, request=bba25625-58dd-4c9e-929d-1a2e91bc3828->f4adb48a-7d7d-4db9-96e8-d2aa5901bd52#111-t1, previous=(t:1, i:22), leaderCommit=16, initializing? false, entries: <empty>
2019-09-17 22:36:01,415 [java.util.concurrent.ThreadPoolExecutor$Worker@66d00973[State = -1, empty queue]] WARN  server.GrpcLogAppender (GrpcLogAppender.java:timeoutAppendRequest(200)) - bba25625-58dd-4c9e-929d-1a2e91bc3828@group-C311AD233868->41f4c1b5-d215-4831-aa76-48270f5e0061-GrpcLogAppender: appendEntries Timeout, request=bba25625-58dd-4c9e-929d-1a2e91bc3828->41f4c1b5-d215-4831-aa76-48270f5e0061#111-t1, previous=(t:1, i:22), leaderCommit=16, initializing? false, entries: <empty>
2019-09-17 22:36:02,950 [grpc-default-executor-2] INFO  impl.RaftServerProxy (RaftServerProxy.java:remove(95)) - 80bd91bd-ab17-414e-9fbc-bd509e19448d: remove group-BE3E92DB7FF3:null
2019-09-17 22:36:02,953 [RatisPipelineUtilsThread] WARN  pipeline.RatisPipelineUtils (RatisPipelineUtils.java:destroyPipeline(66)) - Pipeline destroy failed for pipeline=PipelineID=4d8c8784-d1ee-45fb-902d-be3e92db7ff3 dn=80bd91bd-ab17-414e-9fbc-bd509e19448d{ip: 192.168.5.156, host: pr-hdds-2121-pbfts-3191465506, networkLocation: /default-rack, certSerialId: null}
2019-09-17 22:36:02,957 [grpc-default-executor-2] INFO  impl.RaftServerProxy (RaftServerProxy.java:remove(95)) - 3de10ab2-5aa8-4456-b48c-00692585ccec: remove group-BE3E92DB7FF3:null
2019-09-17 22:36:02,959 [RatisPipelineUtilsThread] WARN  pipeline.RatisPipelineUtils (RatisPipelineUtils.java:destroyPipeline(66)) - Pipeline destroy failed for pipeline=PipelineID=4d8c8784-d1ee-45fb-902d-be3e92db7ff3 dn=3de10ab2-5aa8-4456-b48c-00692585ccec{ip: 192.168.5.156, host: pr-hdds-2121-pbfts-3191465506, networkLocation: /default-rack, certSerialId: null}
2019-09-17 22:36:02,962 [grpc-default-executor-2] INFO  impl.RaftServerProxy (RaftServerProxy.java:remove(95)) - fc7af808-7c3b-4e7d-bcd4-16788f7c0c06: remove group-BE3E92DB7FF3:null
2019-09-17 22:36:02,967 [RatisPipelineUtilsThread] WARN  pipeline.RatisPipelineUtils (RatisPipelineUtils.java:destroyPipeline(66)) - Pipeline destroy failed for pipeline=PipelineID=4d8c8784-d1ee-45fb-902d-be3e92db7ff3 dn=fc7af808-7c3b-4e7d-bcd4-16788f7c0c06{ip: 192.168.5.156, host: pr-hdds-2121-pbfts-3191465506, networkLocation: /default-rack, certSerialId: null}
2019-09-17 22:36:02,968 [RatisPipelineUtilsThread] ERROR pipeline.SCMPipelineManager (Scheduler.java:lambda$schedule$1(70)) - Destroy pipeline failed for pipeline:Pipeline[ Id: 4d8c8784-d1ee-45fb-902d-be3e92db7ff3, Nodes: 80bd91bd-ab17-414e-9fbc-bd509e19448d{ip: 192.168.5.156, host: pr-hdds-2121-pbfts-3191465506, networkLocation: /default-rack, certSerialId: null}3de10ab2-5aa8-4456-b48c-00692585ccec{ip: 192.168.5.156, host: pr-hdds-2121-pbfts-3191465506, networkLocation: /default-rack, certSerialId: null}fc7af808-7c3b-4e7d-bcd4-16788f7c0c06{ip: 192.168.5.156, host: pr-hdds-2121-pbfts-3191465506, networkLocation: /default-rack, certSerialId: null}, Type:RATIS, Factor:THREE, State:CLOSED]
org.apache.hadoop.hdds.scm.pipeline.PipelineNotFoundException: PipelineID=4d8c8784-d1ee-45fb-902d-be3e92db7ff3 not found
	at org.apache.hadoop.hdds.scm.pipeline.PipelineStateMap.getPipeline(PipelineStateMap.java:132)
	at org.apache.hadoop.hdds.scm.pipeline.PipelineStateMap.removePipeline(PipelineStateMap.java:322)
	at org.apache.hadoop.hdds.scm.pipeline.PipelineStateManager.removePipeline(PipelineStateManager.java:107)
	at org.apache.hadoop.hdds.scm.pipeline.SCMPipelineManager.removePipeline(SCMPipelineManager.java:423)
	at org.apache.hadoop.hdds.scm.pipeline.SCMPipelineManager.destroyPipeline(SCMPipelineManager.java:409)
	at org.apache.hadoop.hdds.scm.pipeline.SCMPipelineManager.lambda$finalizeAndDestroyPipeline$0(SCMPipelineManager.java:318)
	at org.apache.hadoop.utils.Scheduler.lambda$schedule$1(Scheduler.java:68)
	at java.util.concurrent.Executors$RunnableAdapter.call(Executors.java:511)
	at java.util.concurrent.FutureTask.run(FutureTask.java:266)
	at java.util.concurrent.ScheduledThreadPoolExecutor$ScheduledFutureTask.access$201(ScheduledThreadPoolExecutor.java:180)
	at java.util.concurrent.ScheduledThreadPoolExecutor$ScheduledFutureTask.run(ScheduledThreadPoolExecutor.java:293)
	at java.util.concurrent.ThreadPoolExecutor.runWorker(ThreadPoolExecutor.java:1149)
	at java.util.concurrent.ThreadPoolExecutor$Worker.run(ThreadPoolExecutor.java:624)
	at java.lang.Thread.run(Thread.java:748)
2019-09-17 22:36:03,407 [f4adb48a-7d7d-4db9-96e8-d2aa5901bd52@group-C311AD233868-SegmentedRaftLogWorker] WARN  segmented.SegmentedRaftLogWorker (SegmentedRaftLogWorker.java:getFromFuture(90)) - Timeout 3/~
org.apache.ratis.protocol.TimeoutIOException: Timeout 10s: WriteLog:17: (t:1, i:17), STATEMACHINELOGENTRY, client-2EE9B685757F, cid=33-writeStateMachineData
	at org.apache.ratis.util.IOUtils.getFromFuture(IOUtils.java:87)
	at org.apache.ratis.server.raftlog.segmented.SegmentedRaftLogWorker$StateMachineDataPolicy.getFromFuture(SegmentedRaftLogWorker.java:87)
	at org.apache.ratis.server.raftlog.segmented.SegmentedRaftLogWorker$WriteLog.execute(SegmentedRaftLogWorker.java:477)
	at org.apache.ratis.server.raftlog.segmented.SegmentedRaftLogWorker.run(SegmentedRaftLogWorker.java:289)
	at java.lang.Thread.run(Thread.java:748)
Caused by: java.util.concurrent.TimeoutException
	at java.util.concurrent.CompletableFuture.timedGet(CompletableFuture.java:1771)
	at java.util.concurrent.CompletableFuture.get(CompletableFuture.java:1915)
	at org.apache.ratis.util.IOUtils.getFromFuture(IOUtils.java:79)
	... 4 more
2019-09-17 22:36:03,597 [bba25625-58dd-4c9e-929d-1a2e91bc3828@group-C311AD233868-SegmentedRaftLogWorker] WARN  segmented.SegmentedRaftLogWorker (SegmentedRaftLogWorker.java:getFromFuture(90)) - Timeout 3/~
org.apache.ratis.protocol.TimeoutIOException: Timeout 10s: WriteLog:18: (t:1, i:18), STATEMACHINELOGENTRY, client-2EE9B685757F, cid=34-writeStateMachineData
	at org.apache.ratis.util.IOUtils.getFromFuture(IOUtils.java:87)
	at org.apache.ratis.server.raftlog.segmented.SegmentedRaftLogWorker$StateMachineDataPolicy.getFromFuture(SegmentedRaftLogWorker.java:87)
	at org.apache.ratis.server.raftlog.segmented.SegmentedRaftLogWorker$WriteLog.execute(SegmentedRaftLogWorker.java:477)
	at org.apache.ratis.server.raftlog.segmented.SegmentedRaftLogWorker.run(SegmentedRaftLogWorker.java:289)
	at java.lang.Thread.run(Thread.java:748)
Caused by: java.util.concurrent.TimeoutException
	at java.util.concurrent.CompletableFuture.timedGet(CompletableFuture.java:1771)
	at java.util.concurrent.CompletableFuture.get(CompletableFuture.java:1915)
	at org.apache.ratis.util.IOUtils.getFromFuture(IOUtils.java:79)
	... 4 more
2019-09-17 22:36:03,598 [41f4c1b5-d215-4831-aa76-48270f5e0061@group-C311AD233868-SegmentedRaftLogWorker] WARN  segmented.SegmentedRaftLogWorker (SegmentedRaftLogWorker.java:getFromFuture(90)) - Timeout 3/~
org.apache.ratis.protocol.TimeoutIOException: Timeout 10s: WriteLog:18: (t:1, i:18), STATEMACHINELOGENTRY, client-2EE9B685757F, cid=34-writeStateMachineData
	at org.apache.ratis.util.IOUtils.getFromFuture(IOUtils.java:87)
	at org.apache.ratis.server.raftlog.segmented.SegmentedRaftLogWorker$StateMachineDataPolicy.getFromFuture(SegmentedRaftLogWorker.java:87)
	at org.apache.ratis.server.raftlog.segmented.SegmentedRaftLogWorker$WriteLog.execute(SegmentedRaftLogWorker.java:477)
	at org.apache.ratis.server.raftlog.segmented.SegmentedRaftLogWorker.run(SegmentedRaftLogWorker.java:289)
	at java.lang.Thread.run(Thread.java:748)
Caused by: java.util.concurrent.TimeoutException
	at java.util.concurrent.CompletableFuture.timedGet(CompletableFuture.java:1771)
	at java.util.concurrent.CompletableFuture.get(CompletableFuture.java:1915)
	at org.apache.ratis.util.IOUtils.getFromFuture(IOUtils.java:79)
	... 4 more
2019-09-17 22:36:03,807 [grpc-default-executor-2] INFO  client.GrpcClientProtocolClient (GrpcClientProtocolClient.java:onNext(264)) - client-2EE9B685757F->f4adb48a-7d7d-4db9-96e8-d2aa5901bd52: receive RaftClientReply:client-2EE9B685757F->f4adb48a-7d7d-4db9-96e8-d2aa5901bd52@group-C311AD233868, cid=33, FAILED org.apache.ratis.protocol.NotLeaderException: Server f4adb48a-7d7d-4db9-96e8-d2aa5901bd52@group-C311AD233868 is not the leader bba25625-58dd-4c9e-929d-1a2e91bc3828:192.168.5.156:36127, logIndex=0, commits[f4adb48a-7d7d-4db9-96e8-d2aa5901bd52:c16, 41f4c1b5-d215-4831-aa76-48270f5e0061:c14, bba25625-58dd-4c9e-929d-1a2e91bc3828:c16]
2019-09-17 22:36:03,916 [java.util.concurrent.ThreadPoolExecutor$Worker@1444d9b3[State = -1, empty queue]] WARN  server.GrpcLogAppender (GrpcLogAppender.java:timeoutAppendRequest(200)) - bba25625-58dd-4c9e-929d-1a2e91bc3828@group-C311AD233868->f4adb48a-7d7d-4db9-96e8-d2aa5901bd52-GrpcLogAppender: appendEntries Timeout, request=bba25625-58dd-4c9e-929d-1a2e91bc3828->f4adb48a-7d7d-4db9-96e8-d2aa5901bd52#112-t1, previous=(t:1, i:22), leaderCommit=16, initializing? false, entries: <empty>
2019-09-17 22:36:03,916 [java.util.concurrent.ThreadPoolExecutor$Worker@66d00973[State = -1, empty queue]] WARN  server.GrpcLogAppender (GrpcLogAppender.java:timeoutAppendRequest(200)) - bba25625-58dd-4c9e-929d-1a2e91bc3828@group-C311AD233868->41f4c1b5-d215-4831-aa76-48270f5e0061-GrpcLogAppender: appendEntries Timeout, request=bba25625-58dd-4c9e-929d-1a2e91bc3828->41f4c1b5-d215-4831-aa76-48270f5e0061#112-t1, previous=(t:1, i:22), leaderCommit=16, initializing? false, entries: <empty>
2019-09-17 22:36:04,951 [grpc-default-executor-2] INFO  impl.RaftServerProxy (RaftServerProxy.java:remove(95)) - 80bd91bd-ab17-414e-9fbc-bd509e19448d: remove group-BE3E92DB7FF3:null
2019-09-17 22:36:04,956 [RatisPipelineUtilsThread] WARN  pipeline.RatisPipelineUtils (RatisPipelineUtils.java:destroyPipeline(66)) - Pipeline destroy failed for pipeline=PipelineID=4d8c8784-d1ee-45fb-902d-be3e92db7ff3 dn=80bd91bd-ab17-414e-9fbc-bd509e19448d{ip: 192.168.5.156, host: pr-hdds-2121-pbfts-3191465506, networkLocation: /default-rack, certSerialId: null}
2019-09-17 22:36:04,960 [grpc-default-executor-2] INFO  impl.RaftServerProxy (RaftServerProxy.java:remove(95)) - 3de10ab2-5aa8-4456-b48c-00692585ccec: remove group-BE3E92DB7FF3:null
2019-09-17 22:36:04,963 [RatisPipelineUtilsThread] WARN  pipeline.RatisPipelineUtils (RatisPipelineUtils.java:destroyPipeline(66)) - Pipeline destroy failed for pipeline=PipelineID=4d8c8784-d1ee-45fb-902d-be3e92db7ff3 dn=3de10ab2-5aa8-4456-b48c-00692585ccec{ip: 192.168.5.156, host: pr-hdds-2121-pbfts-3191465506, networkLocation: /default-rack, certSerialId: null}
2019-09-17 22:36:04,967 [grpc-default-executor-2] INFO  impl.RaftServerProxy (RaftServerProxy.java:remove(95)) - fc7af808-7c3b-4e7d-bcd4-16788f7c0c06: remove group-BE3E92DB7FF3:null
2019-09-17 22:36:04,969 [RatisPipelineUtilsThread] WARN  pipeline.RatisPipelineUtils (RatisPipelineUtils.java:destroyPipeline(66)) - Pipeline destroy failed for pipeline=PipelineID=4d8c8784-d1ee-45fb-902d-be3e92db7ff3 dn=fc7af808-7c3b-4e7d-bcd4-16788f7c0c06{ip: 192.168.5.156, host: pr-hdds-2121-pbfts-3191465506, networkLocation: /default-rack, certSerialId: null}
2019-09-17 22:36:04,970 [RatisPipelineUtilsThread] ERROR pipeline.SCMPipelineManager (Scheduler.java:lambda$schedule$1(70)) - Destroy pipeline failed for pipeline:Pipeline[ Id: 4d8c8784-d1ee-45fb-902d-be3e92db7ff3, Nodes: 80bd91bd-ab17-414e-9fbc-bd509e19448d{ip: 192.168.5.156, host: pr-hdds-2121-pbfts-3191465506, networkLocation: /default-rack, certSerialId: null}3de10ab2-5aa8-4456-b48c-00692585ccec{ip: 192.168.5.156, host: pr-hdds-2121-pbfts-3191465506, networkLocation: /default-rack, certSerialId: null}fc7af808-7c3b-4e7d-bcd4-16788f7c0c06{ip: 192.168.5.156, host: pr-hdds-2121-pbfts-3191465506, networkLocation: /default-rack, certSerialId: null}, Type:RATIS, Factor:THREE, State:CLOSED]
org.apache.hadoop.hdds.scm.pipeline.PipelineNotFoundException: PipelineID=4d8c8784-d1ee-45fb-902d-be3e92db7ff3 not found
	at org.apache.hadoop.hdds.scm.pipeline.PipelineStateMap.getPipeline(PipelineStateMap.java:132)
	at org.apache.hadoop.hdds.scm.pipeline.PipelineStateMap.removePipeline(PipelineStateMap.java:322)
	at org.apache.hadoop.hdds.scm.pipeline.PipelineStateManager.removePipeline(PipelineStateManager.java:107)
	at org.apache.hadoop.hdds.scm.pipeline.SCMPipelineManager.removePipeline(SCMPipelineManager.java:423)
	at org.apache.hadoop.hdds.scm.pipeline.SCMPipelineManager.destroyPipeline(SCMPipelineManager.java:409)
	at org.apache.hadoop.hdds.scm.pipeline.SCMPipelineManager.lambda$finalizeAndDestroyPipeline$0(SCMPipelineManager.java:318)
	at org.apache.hadoop.utils.Scheduler.lambda$schedule$1(Scheduler.java:68)
	at java.util.concurrent.Executors$RunnableAdapter.call(Executors.java:511)
	at java.util.concurrent.FutureTask.run(FutureTask.java:266)
	at java.util.concurrent.ScheduledThreadPoolExecutor$ScheduledFutureTask.access$201(ScheduledThreadPoolExecutor.java:180)
	at java.util.concurrent.ScheduledThreadPoolExecutor$ScheduledFutureTask.run(ScheduledThreadPoolExecutor.java:293)
	at java.util.concurrent.ThreadPoolExecutor.runWorker(ThreadPoolExecutor.java:1149)
	at java.util.concurrent.ThreadPoolExecutor$Worker.run(ThreadPoolExecutor.java:624)
	at java.lang.Thread.run(Thread.java:748)
2019-09-17 22:36:06,417 [java.util.concurrent.ThreadPoolExecutor$Worker@1444d9b3[State = -1, empty queue]] WARN  server.GrpcLogAppender (GrpcLogAppender.java:timeoutAppendRequest(200)) - bba25625-58dd-4c9e-929d-1a2e91bc3828@group-C311AD233868->f4adb48a-7d7d-4db9-96e8-d2aa5901bd52-GrpcLogAppender: appendEntries Timeout, request=bba25625-58dd-4c9e-929d-1a2e91bc3828->f4adb48a-7d7d-4db9-96e8-d2aa5901bd52#113-t1, previous=(t:1, i:22), leaderCommit=16, initializing? false, entries: <empty>
2019-09-17 22:36:06,417 [java.util.concurrent.ThreadPoolExecutor$Worker@66d00973[State = -1, empty queue]] WARN  server.GrpcLogAppender (GrpcLogAppender.java:timeoutAppendRequest(200)) - bba25625-58dd-4c9e-929d-1a2e91bc3828@group-C311AD233868->41f4c1b5-d215-4831-aa76-48270f5e0061-GrpcLogAppender: appendEntries Timeout, request=bba25625-58dd-4c9e-929d-1a2e91bc3828->41f4c1b5-d215-4831-aa76-48270f5e0061#113-t1, previous=(t:1, i:22), leaderCommit=16, initializing? false, entries: <empty>
2019-09-17 22:36:07,951 [grpc-default-executor-2] INFO  impl.RaftServerProxy (RaftServerProxy.java:remove(95)) - 80bd91bd-ab17-414e-9fbc-bd509e19448d: remove group-BE3E92DB7FF3:null
2019-09-17 22:36:07,954 [RatisPipelineUtilsThread] WARN  pipeline.RatisPipelineUtils (RatisPipelineUtils.java:destroyPipeline(66)) - Pipeline destroy failed for pipeline=PipelineID=4d8c8784-d1ee-45fb-902d-be3e92db7ff3 dn=80bd91bd-ab17-414e-9fbc-bd509e19448d{ip: 192.168.5.156, host: pr-hdds-2121-pbfts-3191465506, networkLocation: /default-rack, certSerialId: null}
2019-09-17 22:36:07,958 [grpc-default-executor-2] INFO  impl.RaftServerProxy (RaftServerProxy.java:remove(95)) - 3de10ab2-5aa8-4456-b48c-00692585ccec: remove group-BE3E92DB7FF3:null
2019-09-17 22:36:07,961 [RatisPipelineUtilsThread] WARN  pipeline.RatisPipelineUtils (RatisPipelineUtils.java:destroyPipeline(66)) - Pipeline destroy failed for pipeline=PipelineID=4d8c8784-d1ee-45fb-902d-be3e92db7ff3 dn=3de10ab2-5aa8-4456-b48c-00692585ccec{ip: 192.168.5.156, host: pr-hdds-2121-pbfts-3191465506, networkLocation: /default-rack, certSerialId: null}
2019-09-17 22:36:07,964 [grpc-default-executor-2] INFO  impl.RaftServerProxy (RaftServerProxy.java:remove(95)) - fc7af808-7c3b-4e7d-bcd4-16788f7c0c06: remove group-BE3E92DB7FF3:null
2019-09-17 22:36:07,966 [RatisPipelineUtilsThread] WARN  pipeline.RatisPipelineUtils (RatisPipelineUtils.java:destroyPipeline(66)) - Pipeline destroy failed for pipeline=PipelineID=4d8c8784-d1ee-45fb-902d-be3e92db7ff3 dn=fc7af808-7c3b-4e7d-bcd4-16788f7c0c06{ip: 192.168.5.156, host: pr-hdds-2121-pbfts-3191465506, networkLocation: /default-rack, certSerialId: null}
2019-09-17 22:36:07,967 [RatisPipelineUtilsThread] ERROR pipeline.SCMPipelineManager (Scheduler.java:lambda$schedule$1(70)) - Destroy pipeline failed for pipeline:Pipeline[ Id: 4d8c8784-d1ee-45fb-902d-be3e92db7ff3, Nodes: 80bd91bd-ab17-414e-9fbc-bd509e19448d{ip: 192.168.5.156, host: pr-hdds-2121-pbfts-3191465506, networkLocation: /default-rack, certSerialId: null}3de10ab2-5aa8-4456-b48c-00692585ccec{ip: 192.168.5.156, host: pr-hdds-2121-pbfts-3191465506, networkLocation: /default-rack, certSerialId: null}fc7af808-7c3b-4e7d-bcd4-16788f7c0c06{ip: 192.168.5.156, host: pr-hdds-2121-pbfts-3191465506, networkLocation: /default-rack, certSerialId: null}, Type:RATIS, Factor:THREE, State:CLOSED]
org.apache.hadoop.hdds.scm.pipeline.PipelineNotFoundException: PipelineID=4d8c8784-d1ee-45fb-902d-be3e92db7ff3 not found
	at org.apache.hadoop.hdds.scm.pipeline.PipelineStateMap.getPipeline(PipelineStateMap.java:132)
	at org.apache.hadoop.hdds.scm.pipeline.PipelineStateMap.removePipeline(PipelineStateMap.java:322)
	at org.apache.hadoop.hdds.scm.pipeline.PipelineStateManager.removePipeline(PipelineStateManager.java:107)
	at org.apache.hadoop.hdds.scm.pipeline.SCMPipelineManager.removePipeline(SCMPipelineManager.java:423)
	at org.apache.hadoop.hdds.scm.pipeline.SCMPipelineManager.destroyPipeline(SCMPipelineManager.java:409)
	at org.apache.hadoop.hdds.scm.pipeline.SCMPipelineManager.lambda$finalizeAndDestroyPipeline$0(SCMPipelineManager.java:318)
	at org.apache.hadoop.utils.Scheduler.lambda$schedule$1(Scheduler.java:68)
	at java.util.concurrent.Executors$RunnableAdapter.call(Executors.java:511)
	at java.util.concurrent.FutureTask.run(FutureTask.java:266)
	at java.util.concurrent.ScheduledThreadPoolExecutor$ScheduledFutureTask.access$201(ScheduledThreadPoolExecutor.java:180)
	at java.util.concurrent.ScheduledThreadPoolExecutor$ScheduledFutureTask.run(ScheduledThreadPoolExecutor.java:293)
	at java.util.concurrent.ThreadPoolExecutor.runWorker(ThreadPoolExecutor.java:1149)
	at java.util.concurrent.ThreadPoolExecutor$Worker.run(ThreadPoolExecutor.java:624)
	at java.lang.Thread.run(Thread.java:748)
2019-09-17 22:36:08,853 [grpc-default-executor-2] INFO  client.GrpcClientProtocolClient (GrpcClientProtocolClient.java:onNext(264)) - client-2EE9B685757F->f4adb48a-7d7d-4db9-96e8-d2aa5901bd52: receive RaftClientReply:client-2EE9B685757F->f4adb48a-7d7d-4db9-96e8-d2aa5901bd52@group-C311AD233868, cid=33, FAILED org.apache.ratis.protocol.NotLeaderException: Server f4adb48a-7d7d-4db9-96e8-d2aa5901bd52@group-C311AD233868 is not the leader bba25625-58dd-4c9e-929d-1a2e91bc3828:192.168.5.156:36127, logIndex=0, commits[f4adb48a-7d7d-4db9-96e8-d2aa5901bd52:c16, 41f4c1b5-d215-4831-aa76-48270f5e0061:c14, bba25625-58dd-4c9e-929d-1a2e91bc3828:c16]
2019-09-17 22:36:08,917 [java.util.concurrent.ThreadPoolExecutor$Worker@66d00973[State = -1, empty queue]] WARN  server.GrpcLogAppender (GrpcLogAppender.java:timeoutAppendRequest(200)) - bba25625-58dd-4c9e-929d-1a2e91bc3828@group-C311AD233868->41f4c1b5-d215-4831-aa76-48270f5e0061-GrpcLogAppender: appendEntries Timeout, request=bba25625-58dd-4c9e-929d-1a2e91bc3828->41f4c1b5-d215-4831-aa76-48270f5e0061#114-t1, previous=(t:1, i:22), leaderCommit=16, initializing? false, entries: <empty>
2019-09-17 22:36:08,917 [java.util.concurrent.ThreadPoolExecutor$Worker@1444d9b3[State = -1, empty queue]] WARN  server.GrpcLogAppender (GrpcLogAppender.java:timeoutAppendRequest(200)) - bba25625-58dd-4c9e-929d-1a2e91bc3828@group-C311AD233868->f4adb48a-7d7d-4db9-96e8-d2aa5901bd52-GrpcLogAppender: appendEntries Timeout, request=bba25625-58dd-4c9e-929d-1a2e91bc3828->f4adb48a-7d7d-4db9-96e8-d2aa5901bd52#114-t1, previous=(t:1, i:22), leaderCommit=16, initializing? false, entries: <empty>
2019-09-17 22:36:09,951 [grpc-default-executor-2] INFO  impl.RaftServerProxy (RaftServerProxy.java:remove(95)) - 80bd91bd-ab17-414e-9fbc-bd509e19448d: remove group-BE3E92DB7FF3:null
2019-09-17 22:36:09,956 [RatisPipelineUtilsThread] WARN  pipeline.RatisPipelineUtils (RatisPipelineUtils.java:destroyPipeline(66)) - Pipeline destroy failed for pipeline=PipelineID=4d8c8784-d1ee-45fb-902d-be3e92db7ff3 dn=80bd91bd-ab17-414e-9fbc-bd509e19448d{ip: 192.168.5.156, host: pr-hdds-2121-pbfts-3191465506, networkLocation: /default-rack, certSerialId: null}
2019-09-17 22:36:09,959 [grpc-default-executor-2] INFO  impl.RaftServerProxy (RaftServerProxy.java:remove(95)) - 3de10ab2-5aa8-4456-b48c-00692585ccec: remove group-BE3E92DB7FF3:null
2019-09-17 22:36:09,962 [RatisPipelineUtilsThread] WARN  pipeline.RatisPipelineUtils (RatisPipelineUtils.java:destroyPipeline(66)) - Pipeline destroy failed for pipeline=PipelineID=4d8c8784-d1ee-45fb-902d-be3e92db7ff3 dn=3de10ab2-5aa8-4456-b48c-00692585ccec{ip: 192.168.5.156, host: pr-hdds-2121-pbfts-3191465506, networkLocation: /default-rack, certSerialId: null}
2019-09-17 22:36:09,966 [grpc-default-executor-2] INFO  impl.RaftServerProxy (RaftServerProxy.java:remove(95)) - fc7af808-7c3b-4e7d-bcd4-16788f7c0c06: remove group-BE3E92DB7FF3:null
2019-09-17 22:36:09,968 [RatisPipelineUtilsThread] WARN  pipeline.RatisPipelineUtils (RatisPipelineUtils.java:destroyPipeline(66)) - Pipeline destroy failed for pipeline=PipelineID=4d8c8784-d1ee-45fb-902d-be3e92db7ff3 dn=fc7af808-7c3b-4e7d-bcd4-16788f7c0c06{ip: 192.168.5.156, host: pr-hdds-2121-pbfts-3191465506, networkLocation: /default-rack, certSerialId: null}
2019-09-17 22:36:09,969 [RatisPipelineUtilsThread] ERROR pipeline.SCMPipelineManager (Scheduler.java:lambda$schedule$1(70)) - Destroy pipeline failed for pipeline:Pipeline[ Id: 4d8c8784-d1ee-45fb-902d-be3e92db7ff3, Nodes: 80bd91bd-ab17-414e-9fbc-bd509e19448d{ip: 192.168.5.156, host: pr-hdds-2121-pbfts-3191465506, networkLocation: /default-rack, certSerialId: null}3de10ab2-5aa8-4456-b48c-00692585ccec{ip: 192.168.5.156, host: pr-hdds-2121-pbfts-3191465506, networkLocation: /default-rack, certSerialId: null}fc7af808-7c3b-4e7d-bcd4-16788f7c0c06{ip: 192.168.5.156, host: pr-hdds-2121-pbfts-3191465506, networkLocation: /default-rack, certSerialId: null}, Type:RATIS, Factor:THREE, State:CLOSED]
org.apache.hadoop.hdds.scm.pipeline.PipelineNotFoundException: PipelineID=4d8c8784-d1ee-45fb-902d-be3e92db7ff3 not found
	at org.apache.hadoop.hdds.scm.pipeline.PipelineStateMap.getPipeline(PipelineStateMap.java:132)
	at org.apache.hadoop.hdds.scm.pipeline.PipelineStateMap.removePipeline(PipelineStateMap.java:322)
	at org.apache.hadoop.hdds.scm.pipeline.PipelineStateManager.removePipeline(PipelineStateManager.java:107)
	at org.apache.hadoop.hdds.scm.pipeline.SCMPipelineManager.removePipeline(SCMPipelineManager.java:423)
	at org.apache.hadoop.hdds.scm.pipeline.SCMPipelineManager.destroyPipeline(SCMPipelineManager.java:409)
	at org.apache.hadoop.hdds.scm.pipeline.SCMPipelineManager.lambda$finalizeAndDestroyPipeline$0(SCMPipelineManager.java:318)
	at org.apache.hadoop.utils.Scheduler.lambda$schedule$1(Scheduler.java:68)
	at java.util.concurrent.Executors$RunnableAdapter.call(Executors.java:511)
	at java.util.concurrent.FutureTask.run(FutureTask.java:266)
	at java.util.concurrent.ScheduledThreadPoolExecutor$ScheduledFutureTask.access$201(ScheduledThreadPoolExecutor.java:180)
	at java.util.concurrent.ScheduledThreadPoolExecutor$ScheduledFutureTask.run(ScheduledThreadPoolExecutor.java:293)
	at java.util.concurrent.ThreadPoolExecutor.runWorker(ThreadPoolExecutor.java:1149)
	at java.util.concurrent.ThreadPoolExecutor$Worker.run(ThreadPoolExecutor.java:624)
	at java.lang.Thread.run(Thread.java:748)
2019-09-17 22:36:11,418 [java.util.concurrent.ThreadPoolExecutor$Worker@1444d9b3[State = -1, empty queue]] WARN  server.GrpcLogAppender (GrpcLogAppender.java:timeoutAppendRequest(200)) - bba25625-58dd-4c9e-929d-1a2e91bc3828@group-C311AD233868->f4adb48a-7d7d-4db9-96e8-d2aa5901bd52-GrpcLogAppender: appendEntries Timeout, request=bba25625-58dd-4c9e-929d-1a2e91bc3828->f4adb48a-7d7d-4db9-96e8-d2aa5901bd52#115-t1, previous=(t:1, i:22), leaderCommit=16, initializing? false, entries: <empty>
2019-09-17 22:36:11,418 [java.util.concurrent.ThreadPoolExecutor$Worker@66d00973[State = -1, empty queue]] WARN  server.GrpcLogAppender (GrpcLogAppender.java:timeoutAppendRequest(200)) - bba25625-58dd-4c9e-929d-1a2e91bc3828@group-C311AD233868->41f4c1b5-d215-4831-aa76-48270f5e0061-GrpcLogAppender: appendEntries Timeout, request=bba25625-58dd-4c9e-929d-1a2e91bc3828->41f4c1b5-d215-4831-aa76-48270f5e0061#115-t1, previous=(t:1, i:22), leaderCommit=16, initializing? false, entries: <empty>
2019-09-17 22:36:12,950 [grpc-default-executor-2] INFO  impl.RaftServerProxy (RaftServerProxy.java:remove(95)) - 80bd91bd-ab17-414e-9fbc-bd509e19448d: remove group-BE3E92DB7FF3:null
2019-09-17 22:36:12,953 [RatisPipelineUtilsThread] WARN  pipeline.RatisPipelineUtils (RatisPipelineUtils.java:destroyPipeline(66)) - Pipeline destroy failed for pipeline=PipelineID=4d8c8784-d1ee-45fb-902d-be3e92db7ff3 dn=80bd91bd-ab17-414e-9fbc-bd509e19448d{ip: 192.168.5.156, host: pr-hdds-2121-pbfts-3191465506, networkLocation: /default-rack, certSerialId: null}
2019-09-17 22:36:12,956 [grpc-default-executor-2] INFO  impl.RaftServerProxy (RaftServerProxy.java:remove(95)) - 3de10ab2-5aa8-4456-b48c-00692585ccec: remove group-BE3E92DB7FF3:null
2019-09-17 22:36:12,958 [RatisPipelineUtilsThread] WARN  pipeline.RatisPipelineUtils (RatisPipelineUtils.java:destroyPipeline(66)) - Pipeline destroy failed for pipeline=PipelineID=4d8c8784-d1ee-45fb-902d-be3e92db7ff3 dn=3de10ab2-5aa8-4456-b48c-00692585ccec{ip: 192.168.5.156, host: pr-hdds-2121-pbfts-3191465506, networkLocation: /default-rack, certSerialId: null}
2019-09-17 22:36:12,961 [grpc-default-executor-2] INFO  impl.RaftServerProxy (RaftServerProxy.java:remove(95)) - fc7af808-7c3b-4e7d-bcd4-16788f7c0c06: remove group-BE3E92DB7FF3:null
2019-09-17 22:36:12,963 [RatisPipelineUtilsThread] WARN  pipeline.RatisPipelineUtils (RatisPipelineUtils.java:destroyPipeline(66)) - Pipeline destroy failed for pipeline=PipelineID=4d8c8784-d1ee-45fb-902d-be3e92db7ff3 dn=fc7af808-7c3b-4e7d-bcd4-16788f7c0c06{ip: 192.168.5.156, host: pr-hdds-2121-pbfts-3191465506, networkLocation: /default-rack, certSerialId: null}
2019-09-17 22:36:12,963 [RatisPipelineUtilsThread] ERROR pipeline.SCMPipelineManager (Scheduler.java:lambda$schedule$1(70)) - Destroy pipeline failed for pipeline:Pipeline[ Id: 4d8c8784-d1ee-45fb-902d-be3e92db7ff3, Nodes: 80bd91bd-ab17-414e-9fbc-bd509e19448d{ip: 192.168.5.156, host: pr-hdds-2121-pbfts-3191465506, networkLocation: /default-rack, certSerialId: null}3de10ab2-5aa8-4456-b48c-00692585ccec{ip: 192.168.5.156, host: pr-hdds-2121-pbfts-3191465506, networkLocation: /default-rack, certSerialId: null}fc7af808-7c3b-4e7d-bcd4-16788f7c0c06{ip: 192.168.5.156, host: pr-hdds-2121-pbfts-3191465506, networkLocation: /default-rack, certSerialId: null}, Type:RATIS, Factor:THREE, State:CLOSED]
org.apache.hadoop.hdds.scm.pipeline.PipelineNotFoundException: PipelineID=4d8c8784-d1ee-45fb-902d-be3e92db7ff3 not found
	at org.apache.hadoop.hdds.scm.pipeline.PipelineStateMap.getPipeline(PipelineStateMap.java:132)
	at org.apache.hadoop.hdds.scm.pipeline.PipelineStateMap.removePipeline(PipelineStateMap.java:322)
	at org.apache.hadoop.hdds.scm.pipeline.PipelineStateManager.removePipeline(PipelineStateManager.java:107)
	at org.apache.hadoop.hdds.scm.pipeline.SCMPipelineManager.removePipeline(SCMPipelineManager.java:423)
	at org.apache.hadoop.hdds.scm.pipeline.SCMPipelineManager.destroyPipeline(SCMPipelineManager.java:409)
	at org.apache.hadoop.hdds.scm.pipeline.SCMPipelineManager.lambda$finalizeAndDestroyPipeline$0(SCMPipelineManager.java:318)
	at org.apache.hadoop.utils.Scheduler.lambda$schedule$1(Scheduler.java:68)
	at java.util.concurrent.Executors$RunnableAdapter.call(Executors.java:511)
	at java.util.concurrent.FutureTask.run(FutureTask.java:266)
	at java.util.concurrent.ScheduledThreadPoolExecutor$ScheduledFutureTask.access$201(ScheduledThreadPoolExecutor.java:180)
	at java.util.concurrent.ScheduledThreadPoolExecutor$ScheduledFutureTask.run(ScheduledThreadPoolExecutor.java:293)
	at java.util.concurrent.ThreadPoolExecutor.runWorker(ThreadPoolExecutor.java:1149)
	at java.util.concurrent.ThreadPoolExecutor$Worker.run(ThreadPoolExecutor.java:624)
	at java.lang.Thread.run(Thread.java:748)
2019-09-17 22:36:13,408 [f4adb48a-7d7d-4db9-96e8-d2aa5901bd52@group-C311AD233868-SegmentedRaftLogWorker] WARN  segmented.SegmentedRaftLogWorker (SegmentedRaftLogWorker.java:getFromFuture(90)) - Timeout 4/~
org.apache.ratis.protocol.TimeoutIOException: Timeout 10s: WriteLog:17: (t:1, i:17), STATEMACHINELOGENTRY, client-2EE9B685757F, cid=33-writeStateMachineData
	at org.apache.ratis.util.IOUtils.getFromFuture(IOUtils.java:87)
	at org.apache.ratis.server.raftlog.segmented.SegmentedRaftLogWorker$StateMachineDataPolicy.getFromFuture(SegmentedRaftLogWorker.java:87)
	at org.apache.ratis.server.raftlog.segmented.SegmentedRaftLogWorker$WriteLog.execute(SegmentedRaftLogWorker.java:477)
	at org.apache.ratis.server.raftlog.segmented.SegmentedRaftLogWorker.run(SegmentedRaftLogWorker.java:289)
	at java.lang.Thread.run(Thread.java:748)
Caused by: java.util.concurrent.TimeoutException
	at java.util.concurrent.CompletableFuture.timedGet(CompletableFuture.java:1771)
	at java.util.concurrent.CompletableFuture.get(CompletableFuture.java:1915)
	at org.apache.ratis.util.IOUtils.getFromFuture(IOUtils.java:79)
	... 4 more
2019-09-17 22:36:13,598 [bba25625-58dd-4c9e-929d-1a2e91bc3828@group-C311AD233868-SegmentedRaftLogWorker] WARN  segmented.SegmentedRaftLogWorker (SegmentedRaftLogWorker.java:getFromFuture(90)) - Timeout 4/~
org.apache.ratis.protocol.TimeoutIOException: Timeout 10s: WriteLog:18: (t:1, i:18), STATEMACHINELOGENTRY, client-2EE9B685757F, cid=34-writeStateMachineData
	at org.apache.ratis.util.IOUtils.getFromFuture(IOUtils.java:87)
	at org.apache.ratis.server.raftlog.segmented.SegmentedRaftLogWorker$StateMachineDataPolicy.getFromFuture(SegmentedRaftLogWorker.java:87)
	at org.apache.ratis.server.raftlog.segmented.SegmentedRaftLogWorker$WriteLog.execute(SegmentedRaftLogWorker.java:477)
	at org.apache.ratis.server.raftlog.segmented.SegmentedRaftLogWorker.run(SegmentedRaftLogWorker.java:289)
	at java.lang.Thread.run(Thread.java:748)
Caused by: java.util.concurrent.TimeoutException
	at java.util.concurrent.CompletableFuture.timedGet(CompletableFuture.java:1771)
	at java.util.concurrent.CompletableFuture.get(CompletableFuture.java:1915)
	at org.apache.ratis.util.IOUtils.getFromFuture(IOUtils.java:79)
	... 4 more
2019-09-17 22:36:13,599 [41f4c1b5-d215-4831-aa76-48270f5e0061@group-C311AD233868-SegmentedRaftLogWorker] WARN  segmented.SegmentedRaftLogWorker (SegmentedRaftLogWorker.java:getFromFuture(90)) - Timeout 4/~
org.apache.ratis.protocol.TimeoutIOException: Timeout 10s: WriteLog:18: (t:1, i:18), STATEMACHINELOGENTRY, client-2EE9B685757F, cid=34-writeStateMachineData
	at org.apache.ratis.util.IOUtils.getFromFuture(IOUtils.java:87)
	at org.apache.ratis.server.raftlog.segmented.SegmentedRaftLogWorker$StateMachineDataPolicy.getFromFuture(SegmentedRaftLogWorker.java:87)
	at org.apache.ratis.server.raftlog.segmented.SegmentedRaftLogWorker$WriteLog.execute(SegmentedRaftLogWorker.java:477)
	at org.apache.ratis.server.raftlog.segmented.SegmentedRaftLogWorker.run(SegmentedRaftLogWorker.java:289)
	at java.lang.Thread.run(Thread.java:748)
Caused by: java.util.concurrent.TimeoutException
	at java.util.concurrent.CompletableFuture.timedGet(CompletableFuture.java:1771)
	at java.util.concurrent.CompletableFuture.get(CompletableFuture.java:1915)
	at org.apache.ratis.util.IOUtils.getFromFuture(IOUtils.java:79)
	... 4 more
2019-09-17 22:36:13,908 [grpc-default-executor-2] INFO  client.GrpcClientProtocolClient (GrpcClientProtocolClient.java:onNext(264)) - client-2EE9B685757F->f4adb48a-7d7d-4db9-96e8-d2aa5901bd52: receive RaftClientReply:client-2EE9B685757F->f4adb48a-7d7d-4db9-96e8-d2aa5901bd52@group-C311AD233868, cid=33, FAILED org.apache.ratis.protocol.NotLeaderException: Server f4adb48a-7d7d-4db9-96e8-d2aa5901bd52@group-C311AD233868 is not the leader bba25625-58dd-4c9e-929d-1a2e91bc3828:192.168.5.156:36127, logIndex=0, commits[f4adb48a-7d7d-4db9-96e8-d2aa5901bd52:c16, 41f4c1b5-d215-4831-aa76-48270f5e0061:c14, bba25625-58dd-4c9e-929d-1a2e91bc3828:c16]
2019-09-17 22:36:13,920 [java.util.concurrent.ThreadPoolExecutor$Worker@66d00973[State = -1, empty queue]] WARN  server.GrpcLogAppender (GrpcLogAppender.java:timeoutAppendRequest(200)) - bba25625-58dd-4c9e-929d-1a2e91bc3828@group-C311AD233868->41f4c1b5-d215-4831-aa76-48270f5e0061-GrpcLogAppender: appendEntries Timeout, request=bba25625-58dd-4c9e-929d-1a2e91bc3828->41f4c1b5-d215-4831-aa76-48270f5e0061#116-t1, previous=(t:1, i:22), leaderCommit=16, initializing? false, entries: <empty>
2019-09-17 22:36:13,920 [java.util.concurrent.ThreadPoolExecutor$Worker@1444d9b3[State = -1, empty queue]] WARN  server.GrpcLogAppender (GrpcLogAppender.java:timeoutAppendRequest(200)) - bba25625-58dd-4c9e-929d-1a2e91bc3828@group-C311AD233868->f4adb48a-7d7d-4db9-96e8-d2aa5901bd52-GrpcLogAppender: appendEntries Timeout, request=bba25625-58dd-4c9e-929d-1a2e91bc3828->f4adb48a-7d7d-4db9-96e8-d2aa5901bd52#116-t1, previous=(t:1, i:22), leaderCommit=16, initializing? false, entries: <empty>
2019-09-17 22:36:14,951 [grpc-default-executor-4] INFO  impl.RaftServerProxy (RaftServerProxy.java:remove(95)) - 80bd91bd-ab17-414e-9fbc-bd509e19448d: remove group-BE3E92DB7FF3:null
2019-09-17 22:36:14,956 [RatisPipelineUtilsThread] WARN  pipeline.RatisPipelineUtils (RatisPipelineUtils.java:destroyPipeline(66)) - Pipeline destroy failed for pipeline=PipelineID=4d8c8784-d1ee-45fb-902d-be3e92db7ff3 dn=80bd91bd-ab17-414e-9fbc-bd509e19448d{ip: 192.168.5.156, host: pr-hdds-2121-pbfts-3191465506, networkLocation: /default-rack, certSerialId: null}
2019-09-17 22:36:14,959 [grpc-default-executor-4] INFO  impl.RaftServerProxy (RaftServerProxy.java:remove(95)) - 3de10ab2-5aa8-4456-b48c-00692585ccec: remove group-BE3E92DB7FF3:null
2019-09-17 22:36:14,961 [RatisPipelineUtilsThread] WARN  pipeline.RatisPipelineUtils (RatisPipelineUtils.java:destroyPipeline(66)) - Pipeline destroy failed for pipeline=PipelineID=4d8c8784-d1ee-45fb-902d-be3e92db7ff3 dn=3de10ab2-5aa8-4456-b48c-00692585ccec{ip: 192.168.5.156, host: pr-hdds-2121-pbfts-3191465506, networkLocation: /default-rack, certSerialId: null}
2019-09-17 22:36:14,964 [grpc-default-executor-4] INFO  impl.RaftServerProxy (RaftServerProxy.java:remove(95)) - fc7af808-7c3b-4e7d-bcd4-16788f7c0c06: remove group-BE3E92DB7FF3:null
2019-09-17 22:36:14,967 [RatisPipelineUtilsThread] WARN  pipeline.RatisPipelineUtils (RatisPipelineUtils.java:destroyPipeline(66)) - Pipeline destroy failed for pipeline=PipelineID=4d8c8784-d1ee-45fb-902d-be3e92db7ff3 dn=fc7af808-7c3b-4e7d-bcd4-16788f7c0c06{ip: 192.168.5.156, host: pr-hdds-2121-pbfts-3191465506, networkLocation: /default-rack, certSerialId: null}
2019-09-17 22:36:14,967 [RatisPipelineUtilsThread] ERROR pipeline.SCMPipelineManager (Scheduler.java:lambda$schedule$1(70)) - Destroy pipeline failed for pipeline:Pipeline[ Id: 4d8c8784-d1ee-45fb-902d-be3e92db7ff3, Nodes: 80bd91bd-ab17-414e-9fbc-bd509e19448d{ip: 192.168.5.156, host: pr-hdds-2121-pbfts-3191465506, networkLocation: /default-rack, certSerialId: null}3de10ab2-5aa8-4456-b48c-00692585ccec{ip: 192.168.5.156, host: pr-hdds-2121-pbfts-3191465506, networkLocation: /default-rack, certSerialId: null}fc7af808-7c3b-4e7d-bcd4-16788f7c0c06{ip: 192.168.5.156, host: pr-hdds-2121-pbfts-3191465506, networkLocation: /default-rack, certSerialId: null}, Type:RATIS, Factor:THREE, State:CLOSED]
org.apache.hadoop.hdds.scm.pipeline.PipelineNotFoundException: PipelineID=4d8c8784-d1ee-45fb-902d-be3e92db7ff3 not found
	at org.apache.hadoop.hdds.scm.pipeline.PipelineStateMap.getPipeline(PipelineStateMap.java:132)
	at org.apache.hadoop.hdds.scm.pipeline.PipelineStateMap.removePipeline(PipelineStateMap.java:322)
	at org.apache.hadoop.hdds.scm.pipeline.PipelineStateManager.removePipeline(PipelineStateManager.java:107)
	at org.apache.hadoop.hdds.scm.pipeline.SCMPipelineManager.removePipeline(SCMPipelineManager.java:423)
	at org.apache.hadoop.hdds.scm.pipeline.SCMPipelineManager.destroyPipeline(SCMPipelineManager.java:409)
	at org.apache.hadoop.hdds.scm.pipeline.SCMPipelineManager.lambda$finalizeAndDestroyPipeline$0(SCMPipelineManager.java:318)
	at org.apache.hadoop.utils.Scheduler.lambda$schedule$1(Scheduler.java:68)
	at java.util.concurrent.Executors$RunnableAdapter.call(Executors.java:511)
	at java.util.concurrent.FutureTask.run(FutureTask.java:266)
	at java.util.concurrent.ScheduledThreadPoolExecutor$ScheduledFutureTask.access$201(ScheduledThreadPoolExecutor.java:180)
	at java.util.concurrent.ScheduledThreadPoolExecutor$ScheduledFutureTask.run(ScheduledThreadPoolExecutor.java:293)
	at java.util.concurrent.ThreadPoolExecutor.runWorker(ThreadPoolExecutor.java:1149)
	at java.util.concurrent.ThreadPoolExecutor$Worker.run(ThreadPoolExecutor.java:624)
	at java.lang.Thread.run(Thread.java:748)
2019-09-17 22:36:16,420 [java.util.concurrent.ThreadPoolExecutor$Worker@1444d9b3[State = -1, empty queue]] WARN  server.GrpcLogAppender (GrpcLogAppender.java:timeoutAppendRequest(200)) - bba25625-58dd-4c9e-929d-1a2e91bc3828@group-C311AD233868->f4adb48a-7d7d-4db9-96e8-d2aa5901bd52-GrpcLogAppender: appendEntries Timeout, request=bba25625-58dd-4c9e-929d-1a2e91bc3828->f4adb48a-7d7d-4db9-96e8-d2aa5901bd52#117-t1, previous=(t:1, i:22), leaderCommit=16, initializing? false, entries: <empty>
2019-09-17 22:36:16,420 [java.util.concurrent.ThreadPoolExecutor$Worker@66d00973[State = -1, empty queue]] WARN  server.GrpcLogAppender (GrpcLogAppender.java:timeoutAppendRequest(200)) - bba25625-58dd-4c9e-929d-1a2e91bc3828@group-C311AD233868->41f4c1b5-d215-4831-aa76-48270f5e0061-GrpcLogAppender: appendEntries Timeout, request=bba25625-58dd-4c9e-929d-1a2e91bc3828->41f4c1b5-d215-4831-aa76-48270f5e0061#117-t1, previous=(t:1, i:22), leaderCommit=16, initializing? false, entries: <empty>
2019-09-17 22:36:17,951 [grpc-default-executor-2] INFO  impl.RaftServerProxy (RaftServerProxy.java:remove(95)) - 80bd91bd-ab17-414e-9fbc-bd509e19448d: remove group-BE3E92DB7FF3:null
2019-09-17 22:36:17,954 [RatisPipelineUtilsThread] WARN  pipeline.RatisPipelineUtils (RatisPipelineUtils.java:destroyPipeline(66)) - Pipeline destroy failed for pipeline=PipelineID=4d8c8784-d1ee-45fb-902d-be3e92db7ff3 dn=80bd91bd-ab17-414e-9fbc-bd509e19448d{ip: 192.168.5.156, host: pr-hdds-2121-pbfts-3191465506, networkLocation: /default-rack, certSerialId: null}
2019-09-17 22:36:17,958 [grpc-default-executor-2] INFO  impl.RaftServerProxy (RaftServerProxy.java:remove(95)) - 3de10ab2-5aa8-4456-b48c-00692585ccec: remove group-BE3E92DB7FF3:null
2019-09-17 22:36:17,960 [RatisPipelineUtilsThread] WARN  pipeline.RatisPipelineUtils (RatisPipelineUtils.java:destroyPipeline(66)) - Pipeline destroy failed for pipeline=PipelineID=4d8c8784-d1ee-45fb-902d-be3e92db7ff3 dn=3de10ab2-5aa8-4456-b48c-00692585ccec{ip: 192.168.5.156, host: pr-hdds-2121-pbfts-3191465506, networkLocation: /default-rack, certSerialId: null}
2019-09-17 22:36:17,963 [grpc-default-executor-2] INFO  impl.RaftServerProxy (RaftServerProxy.java:remove(95)) - fc7af808-7c3b-4e7d-bcd4-16788f7c0c06: remove group-BE3E92DB7FF3:null
2019-09-17 22:36:17,966 [RatisPipelineUtilsThread] WARN  pipeline.RatisPipelineUtils (RatisPipelineUtils.java:destroyPipeline(66)) - Pipeline destroy failed for pipeline=PipelineID=4d8c8784-d1ee-45fb-902d-be3e92db7ff3 dn=fc7af808-7c3b-4e7d-bcd4-16788f7c0c06{ip: 192.168.5.156, host: pr-hdds-2121-pbfts-3191465506, networkLocation: /default-rack, certSerialId: null}
2019-09-17 22:36:17,966 [RatisPipelineUtilsThread] ERROR pipeline.SCMPipelineManager (Scheduler.java:lambda$schedule$1(70)) - Destroy pipeline failed for pipeline:Pipeline[ Id: 4d8c8784-d1ee-45fb-902d-be3e92db7ff3, Nodes: 80bd91bd-ab17-414e-9fbc-bd509e19448d{ip: 192.168.5.156, host: pr-hdds-2121-pbfts-3191465506, networkLocation: /default-rack, certSerialId: null}3de10ab2-5aa8-4456-b48c-00692585ccec{ip: 192.168.5.156, host: pr-hdds-2121-pbfts-3191465506, networkLocation: /default-rack, certSerialId: null}fc7af808-7c3b-4e7d-bcd4-16788f7c0c06{ip: 192.168.5.156, host: pr-hdds-2121-pbfts-3191465506, networkLocation: /default-rack, certSerialId: null}, Type:RATIS, Factor:THREE, State:CLOSED]
org.apache.hadoop.hdds.scm.pipeline.PipelineNotFoundException: PipelineID=4d8c8784-d1ee-45fb-902d-be3e92db7ff3 not found
	at org.apache.hadoop.hdds.scm.pipeline.PipelineStateMap.getPipeline(PipelineStateMap.java:132)
	at org.apache.hadoop.hdds.scm.pipeline.PipelineStateMap.removePipeline(PipelineStateMap.java:322)
	at org.apache.hadoop.hdds.scm.pipeline.PipelineStateManager.removePipeline(PipelineStateManager.java:107)
	at org.apache.hadoop.hdds.scm.pipeline.SCMPipelineManager.removePipeline(SCMPipelineManager.java:423)
	at org.apache.hadoop.hdds.scm.pipeline.SCMPipelineManager.destroyPipeline(SCMPipelineManager.java:409)
	at org.apache.hadoop.hdds.scm.pipeline.SCMPipelineManager.lambda$finalizeAndDestroyPipeline$0(SCMPipelineManager.java:318)
	at org.apache.hadoop.utils.Scheduler.lambda$schedule$1(Scheduler.java:68)
	at java.util.concurrent.Executors$RunnableAdapter.call(Executors.java:511)
	at java.util.concurrent.FutureTask.run(FutureTask.java:266)
	at java.util.concurrent.ScheduledThreadPoolExecutor$ScheduledFutureTask.access$201(ScheduledThreadPoolExecutor.java:180)
	at java.util.concurrent.ScheduledThreadPoolExecutor$ScheduledFutureTask.run(ScheduledThreadPoolExecutor.java:293)
	at java.util.concurrent.ThreadPoolExecutor.runWorker(ThreadPoolExecutor.java:1149)
	at java.util.concurrent.ThreadPoolExecutor$Worker.run(ThreadPoolExecutor.java:624)
	at java.lang.Thread.run(Thread.java:748)
2019-09-17 22:36:18,920 [java.util.concurrent.ThreadPoolExecutor$Worker@1444d9b3[State = -1, empty queue]] WARN  server.GrpcLogAppender (GrpcLogAppender.java:timeoutAppendRequest(200)) - bba25625-58dd-4c9e-929d-1a2e91bc3828@group-C311AD233868->f4adb48a-7d7d-4db9-96e8-d2aa5901bd52-GrpcLogAppender: appendEntries Timeout, request=bba25625-58dd-4c9e-929d-1a2e91bc3828->f4adb48a-7d7d-4db9-96e8-d2aa5901bd52#118-t1, previous=(t:1, i:22), leaderCommit=16, initializing? false, entries: <empty>
2019-09-17 22:36:18,920 [java.util.concurrent.ThreadPoolExecutor$Worker@66d00973[State = -1, empty queue]] WARN  server.GrpcLogAppender (GrpcLogAppender.java:timeoutAppendRequest(200)) - bba25625-58dd-4c9e-929d-1a2e91bc3828@group-C311AD233868->41f4c1b5-d215-4831-aa76-48270f5e0061-GrpcLogAppender: appendEntries Timeout, request=bba25625-58dd-4c9e-929d-1a2e91bc3828->41f4c1b5-d215-4831-aa76-48270f5e0061#118-t1, previous=(t:1, i:22), leaderCommit=16, initializing? false, entries: <empty>
2019-09-17 22:36:18,954 [grpc-default-executor-4] INFO  client.GrpcClientProtocolClient (GrpcClientProtocolClient.java:onNext(264)) - client-2EE9B685757F->41f4c1b5-d215-4831-aa76-48270f5e0061: receive RaftClientReply:client-2EE9B685757F->41f4c1b5-d215-4831-aa76-48270f5e0061@group-C311AD233868, cid=33, FAILED org.apache.ratis.protocol.NotLeaderException: Server 41f4c1b5-d215-4831-aa76-48270f5e0061@group-C311AD233868 is not the leader bba25625-58dd-4c9e-929d-1a2e91bc3828:192.168.5.156:36127, logIndex=0, commits[41f4c1b5-d215-4831-aa76-48270f5e0061:c16, f4adb48a-7d7d-4db9-96e8-d2aa5901bd52:c14, bba25625-58dd-4c9e-929d-1a2e91bc3828:c16]
2019-09-17 22:36:19,947 [grpc-default-executor-2] INFO  impl.RaftServerProxy (RaftServerProxy.java:remove(95)) - 80bd91bd-ab17-414e-9fbc-bd509e19448d: remove group-BE3E92DB7FF3:null
2019-09-17 22:36:19,951 [RatisPipelineUtilsThread] WARN  pipeline.RatisPipelineUtils (RatisPipelineUtils.java:destroyPipeline(66)) - Pipeline destroy failed for pipeline=PipelineID=4d8c8784-d1ee-45fb-902d-be3e92db7ff3 dn=80bd91bd-ab17-414e-9fbc-bd509e19448d{ip: 192.168.5.156, host: pr-hdds-2121-pbfts-3191465506, networkLocation: /default-rack, certSerialId: null}
2019-09-17 22:36:19,954 [grpc-default-executor-2] INFO  impl.RaftServerProxy (RaftServerProxy.java:remove(95)) - 3de10ab2-5aa8-4456-b48c-00692585ccec: remove group-BE3E92DB7FF3:null
2019-09-17 22:36:19,956 [RatisPipelineUtilsThread] WARN  pipeline.RatisPipelineUtils (RatisPipelineUtils.java:destroyPipeline(66)) - Pipeline destroy failed for pipeline=PipelineID=4d8c8784-d1ee-45fb-902d-be3e92db7ff3 dn=3de10ab2-5aa8-4456-b48c-00692585ccec{ip: 192.168.5.156, host: pr-hdds-2121-pbfts-3191465506, networkLocation: /default-rack, certSerialId: null}
2019-09-17 22:36:19,959 [grpc-default-executor-2] INFO  impl.RaftServerProxy (RaftServerProxy.java:remove(95)) - fc7af808-7c3b-4e7d-bcd4-16788f7c0c06: remove group-BE3E92DB7FF3:null
2019-09-17 22:36:19,961 [RatisPipelineUtilsThread] WARN  pipeline.RatisPipelineUtils (RatisPipelineUtils.java:destroyPipeline(66)) - Pipeline destroy failed for pipeline=PipelineID=4d8c8784-d1ee-45fb-902d-be3e92db7ff3 dn=fc7af808-7c3b-4e7d-bcd4-16788f7c0c06{ip: 192.168.5.156, host: pr-hdds-2121-pbfts-3191465506, networkLocation: /default-rack, certSerialId: null}
2019-09-17 22:36:19,962 [RatisPipelineUtilsThread] ERROR pipeline.SCMPipelineManager (Scheduler.java:lambda$schedule$1(70)) - Destroy pipeline failed for pipeline:Pipeline[ Id: 4d8c8784-d1ee-45fb-902d-be3e92db7ff3, Nodes: 80bd91bd-ab17-414e-9fbc-bd509e19448d{ip: 192.168.5.156, host: pr-hdds-2121-pbfts-3191465506, networkLocation: /default-rack, certSerialId: null}3de10ab2-5aa8-4456-b48c-00692585ccec{ip: 192.168.5.156, host: pr-hdds-2121-pbfts-3191465506, networkLocation: /default-rack, certSerialId: null}fc7af808-7c3b-4e7d-bcd4-16788f7c0c06{ip: 192.168.5.156, host: pr-hdds-2121-pbfts-3191465506, networkLocation: /default-rack, certSerialId: null}, Type:RATIS, Factor:THREE, State:CLOSED]
org.apache.hadoop.hdds.scm.pipeline.PipelineNotFoundException: PipelineID=4d8c8784-d1ee-45fb-902d-be3e92db7ff3 not found
	at org.apache.hadoop.hdds.scm.pipeline.PipelineStateMap.getPipeline(PipelineStateMap.java:132)
	at org.apache.hadoop.hdds.scm.pipeline.PipelineStateMap.removePipeline(PipelineStateMap.java:322)
	at org.apache.hadoop.hdds.scm.pipeline.PipelineStateManager.removePipeline(PipelineStateManager.java:107)
	at org.apache.hadoop.hdds.scm.pipeline.SCMPipelineManager.removePipeline(SCMPipelineManager.java:423)
	at org.apache.hadoop.hdds.scm.pipeline.SCMPipelineManager.destroyPipeline(SCMPipelineManager.java:409)
	at org.apache.hadoop.hdds.scm.pipeline.SCMPipelineManager.lambda$finalizeAndDestroyPipeline$0(SCMPipelineManager.java:318)
	at org.apache.hadoop.utils.Scheduler.lambda$schedule$1(Scheduler.java:68)
	at java.util.concurrent.Executors$RunnableAdapter.call(Executors.java:511)
	at java.util.concurrent.FutureTask.run(FutureTask.java:266)
	at java.util.concurrent.ScheduledThreadPoolExecutor$ScheduledFutureTask.access$201(ScheduledThreadPoolExecutor.java:180)
	at java.util.concurrent.ScheduledThreadPoolExecutor$ScheduledFutureTask.run(ScheduledThreadPoolExecutor.java:293)
	at java.util.concurrent.ThreadPoolExecutor.runWorker(ThreadPoolExecutor.java:1149)
	at java.util.concurrent.ThreadPoolExecutor$Worker.run(ThreadPoolExecutor.java:624)
	at java.lang.Thread.run(Thread.java:748)
2019-09-17 22:36:21,421 [java.util.concurrent.ThreadPoolExecutor$Worker@66d00973[State = -1, empty queue]] WARN  server.GrpcLogAppender (GrpcLogAppender.java:timeoutAppendRequest(200)) - bba25625-58dd-4c9e-929d-1a2e91bc3828@group-C311AD233868->41f4c1b5-d215-4831-aa76-48270f5e0061-GrpcLogAppender: appendEntries Timeout, request=bba25625-58dd-4c9e-929d-1a2e91bc3828->41f4c1b5-d215-4831-aa76-48270f5e0061#119-t1, previous=(t:1, i:22), leaderCommit=16, initializing? false, entries: <empty>
2019-09-17 22:36:21,421 [java.util.concurrent.ThreadPoolExecutor$Worker@1444d9b3[State = -1, empty queue]] WARN  server.GrpcLogAppender (GrpcLogAppender.java:timeoutAppendRequest(200)) - bba25625-58dd-4c9e-929d-1a2e91bc3828@group-C311AD233868->f4adb48a-7d7d-4db9-96e8-d2aa5901bd52-GrpcLogAppender: appendEntries Timeout, request=bba25625-58dd-4c9e-929d-1a2e91bc3828->f4adb48a-7d7d-4db9-96e8-d2aa5901bd52#119-t1, previous=(t:1, i:22), leaderCommit=16, initializing? false, entries: <empty>
2019-09-17 22:36:22,954 [grpc-default-executor-2] INFO  impl.RaftServerProxy (RaftServerProxy.java:remove(95)) - 80bd91bd-ab17-414e-9fbc-bd509e19448d: remove group-BE3E92DB7FF3:null
2019-09-17 22:36:22,959 [RatisPipelineUtilsThread] WARN  pipeline.RatisPipelineUtils (RatisPipelineUtils.java:destroyPipeline(66)) - Pipeline destroy failed for pipeline=PipelineID=4d8c8784-d1ee-45fb-902d-be3e92db7ff3 dn=80bd91bd-ab17-414e-9fbc-bd509e19448d{ip: 192.168.5.156, host: pr-hdds-2121-pbfts-3191465506, networkLocation: /default-rack, certSerialId: null}
2019-09-17 22:36:22,961 [grpc-default-executor-2] INFO  impl.RaftServerProxy (RaftServerProxy.java:remove(95)) - 3de10ab2-5aa8-4456-b48c-00692585ccec: remove group-BE3E92DB7FF3:null
2019-09-17 22:36:22,964 [RatisPipelineUtilsThread] WARN  pipeline.RatisPipelineUtils (RatisPipelineUtils.java:destroyPipeline(66)) - Pipeline destroy failed for pipeline=PipelineID=4d8c8784-d1ee-45fb-902d-be3e92db7ff3 dn=3de10ab2-5aa8-4456-b48c-00692585ccec{ip: 192.168.5.156, host: pr-hdds-2121-pbfts-3191465506, networkLocation: /default-rack, certSerialId: null}
2019-09-17 22:36:22,967 [grpc-default-executor-2] INFO  impl.RaftServerProxy (RaftServerProxy.java:remove(95)) - fc7af808-7c3b-4e7d-bcd4-16788f7c0c06: remove group-BE3E92DB7FF3:null
2019-09-17 22:36:22,969 [RatisPipelineUtilsThread] WARN  pipeline.RatisPipelineUtils (RatisPipelineUtils.java:destroyPipeline(66)) - Pipeline destroy failed for pipeline=PipelineID=4d8c8784-d1ee-45fb-902d-be3e92db7ff3 dn=fc7af808-7c3b-4e7d-bcd4-16788f7c0c06{ip: 192.168.5.156, host: pr-hdds-2121-pbfts-3191465506, networkLocation: /default-rack, certSerialId: null}
2019-09-17 22:36:22,969 [RatisPipelineUtilsThread] ERROR pipeline.SCMPipelineManager (Scheduler.java:lambda$schedule$1(70)) - Destroy pipeline failed for pipeline:Pipeline[ Id: 4d8c8784-d1ee-45fb-902d-be3e92db7ff3, Nodes: 80bd91bd-ab17-414e-9fbc-bd509e19448d{ip: 192.168.5.156, host: pr-hdds-2121-pbfts-3191465506, networkLocation: /default-rack, certSerialId: null}3de10ab2-5aa8-4456-b48c-00692585ccec{ip: 192.168.5.156, host: pr-hdds-2121-pbfts-3191465506, networkLocation: /default-rack, certSerialId: null}fc7af808-7c3b-4e7d-bcd4-16788f7c0c06{ip: 192.168.5.156, host: pr-hdds-2121-pbfts-3191465506, networkLocation: /default-rack, certSerialId: null}, Type:RATIS, Factor:THREE, State:CLOSED]
org.apache.hadoop.hdds.scm.pipeline.PipelineNotFoundException: PipelineID=4d8c8784-d1ee-45fb-902d-be3e92db7ff3 not found
	at org.apache.hadoop.hdds.scm.pipeline.PipelineStateMap.getPipeline(PipelineStateMap.java:132)
	at org.apache.hadoop.hdds.scm.pipeline.PipelineStateMap.removePipeline(PipelineStateMap.java:322)
	at org.apache.hadoop.hdds.scm.pipeline.PipelineStateManager.removePipeline(PipelineStateManager.java:107)
	at org.apache.hadoop.hdds.scm.pipeline.SCMPipelineManager.removePipeline(SCMPipelineManager.java:423)
	at org.apache.hadoop.hdds.scm.pipeline.SCMPipelineManager.destroyPipeline(SCMPipelineManager.java:409)
	at org.apache.hadoop.hdds.scm.pipeline.SCMPipelineManager.lambda$finalizeAndDestroyPipeline$0(SCMPipelineManager.java:318)
	at org.apache.hadoop.utils.Scheduler.lambda$schedule$1(Scheduler.java:68)
	at java.util.concurrent.Executors$RunnableAdapter.call(Executors.java:511)
	at java.util.concurrent.FutureTask.run(FutureTask.java:266)
	at java.util.concurrent.ScheduledThreadPoolExecutor$ScheduledFutureTask.access$201(ScheduledThreadPoolExecutor.java:180)
	at java.util.concurrent.ScheduledThreadPoolExecutor$ScheduledFutureTask.run(ScheduledThreadPoolExecutor.java:293)
	at java.util.concurrent.ThreadPoolExecutor.runWorker(ThreadPoolExecutor.java:1149)
	at java.util.concurrent.ThreadPoolExecutor$Worker.run(ThreadPoolExecutor.java:624)
	at java.lang.Thread.run(Thread.java:748)
2019-09-17 22:36:23,410 [f4adb48a-7d7d-4db9-96e8-d2aa5901bd52@group-C311AD233868-SegmentedRaftLogWorker] WARN  segmented.SegmentedRaftLogWorker (SegmentedRaftLogWorker.java:getFromFuture(90)) - Timeout 5/~
org.apache.ratis.protocol.TimeoutIOException: Timeout 10s: WriteLog:17: (t:1, i:17), STATEMACHINELOGENTRY, client-2EE9B685757F, cid=33-writeStateMachineData
	at org.apache.ratis.util.IOUtils.getFromFuture(IOUtils.java:87)
	at org.apache.ratis.server.raftlog.segmented.SegmentedRaftLogWorker$StateMachineDataPolicy.getFromFuture(SegmentedRaftLogWorker.java:87)
	at org.apache.ratis.server.raftlog.segmented.SegmentedRaftLogWorker$WriteLog.execute(SegmentedRaftLogWorker.java:477)
	at org.apache.ratis.server.raftlog.segmented.SegmentedRaftLogWorker.run(SegmentedRaftLogWorker.java:289)
	at java.lang.Thread.run(Thread.java:748)
Caused by: java.util.concurrent.TimeoutException
	at java.util.concurrent.CompletableFuture.timedGet(CompletableFuture.java:1771)
	at java.util.concurrent.CompletableFuture.get(CompletableFuture.java:1915)
	at org.apache.ratis.util.IOUtils.getFromFuture(IOUtils.java:79)
	... 4 more
2019-09-17 22:36:23,600 [bba25625-58dd-4c9e-929d-1a2e91bc3828@group-C311AD233868-SegmentedRaftLogWorker] WARN  segmented.SegmentedRaftLogWorker (SegmentedRaftLogWorker.java:getFromFuture(90)) - Timeout 5/~
org.apache.ratis.protocol.TimeoutIOException: Timeout 10s: WriteLog:18: (t:1, i:18), STATEMACHINELOGENTRY, client-2EE9B685757F, cid=34-writeStateMachineData
	at org.apache.ratis.util.IOUtils.getFromFuture(IOUtils.java:87)
	at org.apache.ratis.server.raftlog.segmented.SegmentedRaftLogWorker$StateMachineDataPolicy.getFromFuture(SegmentedRaftLogWorker.java:87)
	at org.apache.ratis.server.raftlog.segmented.SegmentedRaftLogWorker$WriteLog.execute(SegmentedRaftLogWorker.java:477)
	at org.apache.ratis.server.raftlog.segmented.SegmentedRaftLogWorker.run(SegmentedRaftLogWorker.java:289)
	at java.lang.Thread.run(Thread.java:748)
Caused by: java.util.concurrent.TimeoutException
	at java.util.concurrent.CompletableFuture.timedGet(CompletableFuture.java:1771)
	at java.util.concurrent.CompletableFuture.get(CompletableFuture.java:1915)
	at org.apache.ratis.util.IOUtils.getFromFuture(IOUtils.java:79)
	... 4 more
2019-09-17 22:36:23,600 [41f4c1b5-d215-4831-aa76-48270f5e0061@group-C311AD233868-SegmentedRaftLogWorker] WARN  segmented.SegmentedRaftLogWorker (SegmentedRaftLogWorker.java:getFromFuture(90)) - Timeout 5/~
org.apache.ratis.protocol.TimeoutIOException: Timeout 10s: WriteLog:18: (t:1, i:18), STATEMACHINELOGENTRY, client-2EE9B685757F, cid=34-writeStateMachineData
	at org.apache.ratis.util.IOUtils.getFromFuture(IOUtils.java:87)
	at org.apache.ratis.server.raftlog.segmented.SegmentedRaftLogWorker$StateMachineDataPolicy.getFromFuture(SegmentedRaftLogWorker.java:87)
	at org.apache.ratis.server.raftlog.segmented.SegmentedRaftLogWorker$WriteLog.execute(SegmentedRaftLogWorker.java:477)
	at org.apache.ratis.server.raftlog.segmented.SegmentedRaftLogWorker.run(SegmentedRaftLogWorker.java:289)
	at java.lang.Thread.run(Thread.java:748)
Caused by: java.util.concurrent.TimeoutException
	at java.util.concurrent.CompletableFuture.timedGet(CompletableFuture.java:1771)
	at java.util.concurrent.CompletableFuture.get(CompletableFuture.java:1915)
	at org.apache.ratis.util.IOUtils.getFromFuture(IOUtils.java:79)
	... 4 more
2019-09-17 22:36:23,921 [java.util.concurrent.ThreadPoolExecutor$Worker@1444d9b3[State = -1, empty queue]] WARN  server.GrpcLogAppender (GrpcLogAppender.java:timeoutAppendRequest(200)) - bba25625-58dd-4c9e-929d-1a2e91bc3828@group-C311AD233868->f4adb48a-7d7d-4db9-96e8-d2aa5901bd52-GrpcLogAppender: appendEntries Timeout, request=bba25625-58dd-4c9e-929d-1a2e91bc3828->f4adb48a-7d7d-4db9-96e8-d2aa5901bd52#120-t1, previous=(t:1, i:22), leaderCommit=16, initializing? false, entries: <empty>
2019-09-17 22:36:23,921 [java.util.concurrent.ThreadPoolExecutor$Worker@66d00973[State = -1, empty queue]] WARN  server.GrpcLogAppender (GrpcLogAppender.java:timeoutAppendRequest(200)) - bba25625-58dd-4c9e-929d-1a2e91bc3828@group-C311AD233868->41f4c1b5-d215-4831-aa76-48270f5e0061-GrpcLogAppender: appendEntries Timeout, request=bba25625-58dd-4c9e-929d-1a2e91bc3828->41f4c1b5-d215-4831-aa76-48270f5e0061#120-t1, previous=(t:1, i:22), leaderCommit=16, initializing? false, entries: <empty>
2019-09-17 22:36:23,991 [grpc-default-executor-2] INFO  client.GrpcClientProtocolClient (GrpcClientProtocolClient.java:onNext(264)) - client-2EE9B685757F->41f4c1b5-d215-4831-aa76-48270f5e0061: receive RaftClientReply:client-2EE9B685757F->41f4c1b5-d215-4831-aa76-48270f5e0061@group-C311AD233868, cid=33, FAILED org.apache.ratis.protocol.NotLeaderException: Server 41f4c1b5-d215-4831-aa76-48270f5e0061@group-C311AD233868 is not the leader bba25625-58dd-4c9e-929d-1a2e91bc3828:192.168.5.156:36127, logIndex=0, commits[41f4c1b5-d215-4831-aa76-48270f5e0061:c16, f4adb48a-7d7d-4db9-96e8-d2aa5901bd52:c14, bba25625-58dd-4c9e-929d-1a2e91bc3828:c16]
2019-09-17 22:36:24,953 [grpc-default-executor-2] INFO  impl.RaftServerProxy (RaftServerProxy.java:remove(95)) - 80bd91bd-ab17-414e-9fbc-bd509e19448d: remove group-BE3E92DB7FF3:null
2019-09-17 22:36:24,960 [RatisPipelineUtilsThread] WARN  pipeline.RatisPipelineUtils (RatisPipelineUtils.java:destroyPipeline(66)) - Pipeline destroy failed for pipeline=PipelineID=4d8c8784-d1ee-45fb-902d-be3e92db7ff3 dn=80bd91bd-ab17-414e-9fbc-bd509e19448d{ip: 192.168.5.156, host: pr-hdds-2121-pbfts-3191465506, networkLocation: /default-rack, certSerialId: null}
2019-09-17 22:36:24,965 [grpc-default-executor-2] INFO  impl.RaftServerProxy (RaftServerProxy.java:remove(95)) - 3de10ab2-5aa8-4456-b48c-00692585ccec: remove group-BE3E92DB7FF3:null
2019-09-17 22:36:24,968 [RatisPipelineUtilsThread] WARN  pipeline.RatisPipelineUtils (RatisPipelineUtils.java:destroyPipeline(66)) - Pipeline destroy failed for pipeline=PipelineID=4d8c8784-d1ee-45fb-902d-be3e92db7ff3 dn=3de10ab2-5aa8-4456-b48c-00692585ccec{ip: 192.168.5.156, host: pr-hdds-2121-pbfts-3191465506, networkLocation: /default-rack, certSerialId: null}
2019-09-17 22:36:24,975 [grpc-default-executor-2] INFO  impl.RaftServerProxy (RaftServerProxy.java:remove(95)) - fc7af808-7c3b-4e7d-bcd4-16788f7c0c06: remove group-BE3E92DB7FF3:null
2019-09-17 22:36:24,978 [RatisPipelineUtilsThread] WARN  pipeline.RatisPipelineUtils (RatisPipelineUtils.java:destroyPipeline(66)) - Pipeline destroy failed for pipeline=PipelineID=4d8c8784-d1ee-45fb-902d-be3e92db7ff3 dn=fc7af808-7c3b-4e7d-bcd4-16788f7c0c06{ip: 192.168.5.156, host: pr-hdds-2121-pbfts-3191465506, networkLocation: /default-rack, certSerialId: null}
2019-09-17 22:36:24,979 [RatisPipelineUtilsThread] ERROR pipeline.SCMPipelineManager (Scheduler.java:lambda$schedule$1(70)) - Destroy pipeline failed for pipeline:Pipeline[ Id: 4d8c8784-d1ee-45fb-902d-be3e92db7ff3, Nodes: 80bd91bd-ab17-414e-9fbc-bd509e19448d{ip: 192.168.5.156, host: pr-hdds-2121-pbfts-3191465506, networkLocation: /default-rack, certSerialId: null}3de10ab2-5aa8-4456-b48c-00692585ccec{ip: 192.168.5.156, host: pr-hdds-2121-pbfts-3191465506, networkLocation: /default-rack, certSerialId: null}fc7af808-7c3b-4e7d-bcd4-16788f7c0c06{ip: 192.168.5.156, host: pr-hdds-2121-pbfts-3191465506, networkLocation: /default-rack, certSerialId: null}, Type:RATIS, Factor:THREE, State:CLOSED]
org.apache.hadoop.hdds.scm.pipeline.PipelineNotFoundException: PipelineID=4d8c8784-d1ee-45fb-902d-be3e92db7ff3 not found
	at org.apache.hadoop.hdds.scm.pipeline.PipelineStateMap.getPipeline(PipelineStateMap.java:132)
	at org.apache.hadoop.hdds.scm.pipeline.PipelineStateMap.removePipeline(PipelineStateMap.java:322)
	at org.apache.hadoop.hdds.scm.pipeline.PipelineStateManager.removePipeline(PipelineStateManager.java:107)
	at org.apache.hadoop.hdds.scm.pipeline.SCMPipelineManager.removePipeline(SCMPipelineManager.java:423)
	at org.apache.hadoop.hdds.scm.pipeline.SCMPipelineManager.destroyPipeline(SCMPipelineManager.java:409)
	at org.apache.hadoop.hdds.scm.pipeline.SCMPipelineManager.lambda$finalizeAndDestroyPipeline$0(SCMPipelineManager.java:318)
	at org.apache.hadoop.utils.Scheduler.lambda$schedule$1(Scheduler.java:68)
	at java.util.concurrent.Executors$RunnableAdapter.call(Executors.java:511)
	at java.util.concurrent.FutureTask.run(FutureTask.java:266)
	at java.util.concurrent.ScheduledThreadPoolExecutor$ScheduledFutureTask.access$201(ScheduledThreadPoolExecutor.java:180)
	at java.util.concurrent.ScheduledThreadPoolExecutor$ScheduledFutureTask.run(ScheduledThreadPoolExecutor.java:293)
	at java.util.concurrent.ThreadPoolExecutor.runWorker(ThreadPoolExecutor.java:1149)
	at java.util.concurrent.ThreadPoolExecutor$Worker.run(ThreadPoolExecutor.java:624)
	at java.lang.Thread.run(Thread.java:748)
2019-09-17 22:36:26,422 [java.util.concurrent.ThreadPoolExecutor$Worker@66d00973[State = -1, empty queue]] WARN  server.GrpcLogAppender (GrpcLogAppender.java:timeoutAppendRequest(200)) - bba25625-58dd-4c9e-929d-1a2e91bc3828@group-C311AD233868->41f4c1b5-d215-4831-aa76-48270f5e0061-GrpcLogAppender: appendEntries Timeout, request=bba25625-58dd-4c9e-929d-1a2e91bc3828->41f4c1b5-d215-4831-aa76-48270f5e0061#121-t1, previous=(t:1, i:22), leaderCommit=16, initializing? false, entries: <empty>
2019-09-17 22:36:26,422 [java.util.concurrent.ThreadPoolExecutor$Worker@1444d9b3[State = -1, empty queue]] WARN  server.GrpcLogAppender (GrpcLogAppender.java:timeoutAppendRequest(200)) - bba25625-58dd-4c9e-929d-1a2e91bc3828@group-C311AD233868->f4adb48a-7d7d-4db9-96e8-d2aa5901bd52-GrpcLogAppender: appendEntries Timeout, request=bba25625-58dd-4c9e-929d-1a2e91bc3828->f4adb48a-7d7d-4db9-96e8-d2aa5901bd52#121-t1, previous=(t:1, i:22), leaderCommit=16, initializing? false, entries: <empty>
2019-09-17 22:36:27,955 [grpc-default-executor-2] INFO  impl.RaftServerProxy (RaftServerProxy.java:remove(95)) - 80bd91bd-ab17-414e-9fbc-bd509e19448d: remove group-BE3E92DB7FF3:null
2019-09-17 22:36:27,960 [RatisPipelineUtilsThread] WARN  pipeline.RatisPipelineUtils (RatisPipelineUtils.java:destroyPipeline(66)) - Pipeline destroy failed for pipeline=PipelineID=4d8c8784-d1ee-45fb-902d-be3e92db7ff3 dn=80bd91bd-ab17-414e-9fbc-bd509e19448d{ip: 192.168.5.156, host: pr-hdds-2121-pbfts-3191465506, networkLocation: /default-rack, certSerialId: null}
2019-09-17 22:36:27,964 [grpc-default-executor-2] INFO  impl.RaftServerProxy (RaftServerProxy.java:remove(95)) - 3de10ab2-5aa8-4456-b48c-00692585ccec: remove group-BE3E92DB7FF3:null
2019-09-17 22:36:27,966 [RatisPipelineUtilsThread] WARN  pipeline.RatisPipelineUtils (RatisPipelineUtils.java:destroyPipeline(66)) - Pipeline destroy failed for pipeline=PipelineID=4d8c8784-d1ee-45fb-902d-be3e92db7ff3 dn=3de10ab2-5aa8-4456-b48c-00692585ccec{ip: 192.168.5.156, host: pr-hdds-2121-pbfts-3191465506, networkLocation: /default-rack, certSerialId: null}
2019-09-17 22:36:27,969 [grpc-default-executor-2] INFO  impl.RaftServerProxy (RaftServerProxy.java:remove(95)) - fc7af808-7c3b-4e7d-bcd4-16788f7c0c06: remove group-BE3E92DB7FF3:null
2019-09-17 22:36:27,971 [RatisPipelineUtilsThread] WARN  pipeline.RatisPipelineUtils (RatisPipelineUtils.java:destroyPipeline(66)) - Pipeline destroy failed for pipeline=PipelineID=4d8c8784-d1ee-45fb-902d-be3e92db7ff3 dn=fc7af808-7c3b-4e7d-bcd4-16788f7c0c06{ip: 192.168.5.156, host: pr-hdds-2121-pbfts-3191465506, networkLocation: /default-rack, certSerialId: null}
2019-09-17 22:36:27,971 [RatisPipelineUtilsThread] ERROR pipeline.SCMPipelineManager (Scheduler.java:lambda$schedule$1(70)) - Destroy pipeline failed for pipeline:Pipeline[ Id: 4d8c8784-d1ee-45fb-902d-be3e92db7ff3, Nodes: 80bd91bd-ab17-414e-9fbc-bd509e19448d{ip: 192.168.5.156, host: pr-hdds-2121-pbfts-3191465506, networkLocation: /default-rack, certSerialId: null}3de10ab2-5aa8-4456-b48c-00692585ccec{ip: 192.168.5.156, host: pr-hdds-2121-pbfts-3191465506, networkLocation: /default-rack, certSerialId: null}fc7af808-7c3b-4e7d-bcd4-16788f7c0c06{ip: 192.168.5.156, host: pr-hdds-2121-pbfts-3191465506, networkLocation: /default-rack, certSerialId: null}, Type:RATIS, Factor:THREE, State:CLOSED]
org.apache.hadoop.hdds.scm.pipeline.PipelineNotFoundException: PipelineID=4d8c8784-d1ee-45fb-902d-be3e92db7ff3 not found
	at org.apache.hadoop.hdds.scm.pipeline.PipelineStateMap.getPipeline(PipelineStateMap.java:132)
	at org.apache.hadoop.hdds.scm.pipeline.PipelineStateMap.removePipeline(PipelineStateMap.java:322)
	at org.apache.hadoop.hdds.scm.pipeline.PipelineStateManager.removePipeline(PipelineStateManager.java:107)
	at org.apache.hadoop.hdds.scm.pipeline.SCMPipelineManager.removePipeline(SCMPipelineManager.java:423)
	at org.apache.hadoop.hdds.scm.pipeline.SCMPipelineManager.destroyPipeline(SCMPipelineManager.java:409)
	at org.apache.hadoop.hdds.scm.pipeline.SCMPipelineManager.lambda$finalizeAndDestroyPipeline$0(SCMPipelineManager.java:318)
	at org.apache.hadoop.utils.Scheduler.lambda$schedule$1(Scheduler.java:68)
	at java.util.concurrent.Executors$RunnableAdapter.call(Executors.java:511)
	at java.util.concurrent.FutureTask.run(FutureTask.java:266)
	at java.util.concurrent.ScheduledThreadPoolExecutor$ScheduledFutureTask.access$201(ScheduledThreadPoolExecutor.java:180)
	at java.util.concurrent.ScheduledThreadPoolExecutor$ScheduledFutureTask.run(ScheduledThreadPoolExecutor.java:293)
	at java.util.concurrent.ThreadPoolExecutor.runWorker(ThreadPoolExecutor.java:1149)
	at java.util.concurrent.ThreadPoolExecutor$Worker.run(ThreadPoolExecutor.java:624)
	at java.lang.Thread.run(Thread.java:748)
2019-09-17 22:36:28,042 [grpc-default-executor-2] INFO  impl.RaftServerProxy (RaftServerProxy.java:remove(95)) - 80bd91bd-ab17-414e-9fbc-bd509e19448d: remove group-BE3E92DB7FF3:null
2019-09-17 22:36:28,045 [RatisPipelineUtilsThread] WARN  pipeline.RatisPipelineUtils (RatisPipelineUtils.java:destroyPipeline(66)) - Pipeline destroy failed for pipeline=PipelineID=4d8c8784-d1ee-45fb-902d-be3e92db7ff3 dn=80bd91bd-ab17-414e-9fbc-bd509e19448d{ip: 192.168.5.156, host: pr-hdds-2121-pbfts-3191465506, networkLocation: /default-rack, certSerialId: null}
2019-09-17 22:36:28,048 [grpc-default-executor-2] INFO  impl.RaftServerProxy (RaftServerProxy.java:remove(95)) - 3de10ab2-5aa8-4456-b48c-00692585ccec: remove group-BE3E92DB7FF3:null
2019-09-17 22:36:28,051 [RatisPipelineUtilsThread] WARN  pipeline.RatisPipelineUtils (RatisPipelineUtils.java:destroyPipeline(66)) - Pipeline destroy failed for pipeline=PipelineID=4d8c8784-d1ee-45fb-902d-be3e92db7ff3 dn=3de10ab2-5aa8-4456-b48c-00692585ccec{ip: 192.168.5.156, host: pr-hdds-2121-pbfts-3191465506, networkLocation: /default-rack, certSerialId: null}
2019-09-17 22:36:28,054 [grpc-default-executor-2] INFO  impl.RaftServerProxy (RaftServerProxy.java:remove(95)) - fc7af808-7c3b-4e7d-bcd4-16788f7c0c06: remove group-BE3E92DB7FF3:null
2019-09-17 22:36:28,056 [RatisPipelineUtilsThread] WARN  pipeline.RatisPipelineUtils (RatisPipelineUtils.java:destroyPipeline(66)) - Pipeline destroy failed for pipeline=PipelineID=4d8c8784-d1ee-45fb-902d-be3e92db7ff3 dn=fc7af808-7c3b-4e7d-bcd4-16788f7c0c06{ip: 192.168.5.156, host: pr-hdds-2121-pbfts-3191465506, networkLocation: /default-rack, certSerialId: null}
2019-09-17 22:36:28,057 [RatisPipelineUtilsThread] ERROR pipeline.SCMPipelineManager (Scheduler.java:lambda$schedule$1(70)) - Destroy pipeline failed for pipeline:Pipeline[ Id: 4d8c8784-d1ee-45fb-902d-be3e92db7ff3, Nodes: 80bd91bd-ab17-414e-9fbc-bd509e19448d{ip: 192.168.5.156, host: pr-hdds-2121-pbfts-3191465506, networkLocation: /default-rack, certSerialId: null}3de10ab2-5aa8-4456-b48c-00692585ccec{ip: 192.168.5.156, host: pr-hdds-2121-pbfts-3191465506, networkLocation: /default-rack, certSerialId: null}fc7af808-7c3b-4e7d-bcd4-16788f7c0c06{ip: 192.168.5.156, host: pr-hdds-2121-pbfts-3191465506, networkLocation: /default-rack, certSerialId: null}, Type:RATIS, Factor:THREE, State:CLOSED]
org.apache.hadoop.hdds.scm.pipeline.PipelineNotFoundException: PipelineID=4d8c8784-d1ee-45fb-902d-be3e92db7ff3 not found
	at org.apache.hadoop.hdds.scm.pipeline.PipelineStateMap.getPipeline(PipelineStateMap.java:132)
	at org.apache.hadoop.hdds.scm.pipeline.PipelineStateMap.removePipeline(PipelineStateMap.java:322)
	at org.apache.hadoop.hdds.scm.pipeline.PipelineStateManager.removePipeline(PipelineStateManager.java:107)
	at org.apache.hadoop.hdds.scm.pipeline.SCMPipelineManager.removePipeline(SCMPipelineManager.java:423)
	at org.apache.hadoop.hdds.scm.pipeline.SCMPipelineManager.destroyPipeline(SCMPipelineManager.java:409)
	at org.apache.hadoop.hdds.scm.pipeline.SCMPipelineManager.lambda$finalizeAndDestroyPipeline$0(SCMPipelineManager.java:318)
	at org.apache.hadoop.utils.Scheduler.lambda$schedule$1(Scheduler.java:68)
	at java.util.concurrent.Executors$RunnableAdapter.call(Executors.java:511)
	at java.util.concurrent.FutureTask.run(FutureTask.java:266)
	at java.util.concurrent.ScheduledThreadPoolExecutor$ScheduledFutureTask.access$201(ScheduledThreadPoolExecutor.java:180)
	at java.util.concurrent.ScheduledThreadPoolExecutor$ScheduledFutureTask.run(ScheduledThreadPoolExecutor.java:293)
	at java.util.concurrent.ThreadPoolExecutor.runWorker(ThreadPoolExecutor.java:1149)
	at java.util.concurrent.ThreadPoolExecutor$Worker.run(ThreadPoolExecutor.java:624)
	at java.lang.Thread.run(Thread.java:748)
2019-09-17 22:36:28,334 [grpc-default-executor-4] INFO  impl.RaftServerProxy (RaftServerProxy.java:remove(95)) - 80bd91bd-ab17-414e-9fbc-bd509e19448d: remove group-BE3E92DB7FF3:null
2019-09-17 22:36:28,339 [RatisPipelineUtilsThread] WARN  pipeline.RatisPipelineUtils (RatisPipelineUtils.java:destroyPipeline(66)) - Pipeline destroy failed for pipeline=PipelineID=4d8c8784-d1ee-45fb-902d-be3e92db7ff3 dn=80bd91bd-ab17-414e-9fbc-bd509e19448d{ip: 192.168.5.156, host: pr-hdds-2121-pbfts-3191465506, networkLocation: /default-rack, certSerialId: null}
2019-09-17 22:36:28,342 [grpc-default-executor-4] INFO  impl.RaftServerProxy (RaftServerProxy.java:remove(95)) - 3de10ab2-5aa8-4456-b48c-00692585ccec: remove group-BE3E92DB7FF3:null
2019-09-17 22:36:28,345 [RatisPipelineUtilsThread] WARN  pipeline.RatisPipelineUtils (RatisPipelineUtils.java:destroyPipeline(66)) - Pipeline destroy failed for pipeline=PipelineID=4d8c8784-d1ee-45fb-902d-be3e92db7ff3 dn=3de10ab2-5aa8-4456-b48c-00692585ccec{ip: 192.168.5.156, host: pr-hdds-2121-pbfts-3191465506, networkLocation: /default-rack, certSerialId: null}
2019-09-17 22:36:28,348 [grpc-default-executor-4] INFO  impl.RaftServerProxy (RaftServerProxy.java:remove(95)) - fc7af808-7c3b-4e7d-bcd4-16788f7c0c06: remove group-BE3E92DB7FF3:null
2019-09-17 22:36:28,350 [RatisPipelineUtilsThread] WARN  pipeline.RatisPipelineUtils (RatisPipelineUtils.java:destroyPipeline(66)) - Pipeline destroy failed for pipeline=PipelineID=4d8c8784-d1ee-45fb-902d-be3e92db7ff3 dn=fc7af808-7c3b-4e7d-bcd4-16788f7c0c06{ip: 192.168.5.156, host: pr-hdds-2121-pbfts-3191465506, networkLocation: /default-rack, certSerialId: null}
2019-09-17 22:36:28,351 [RatisPipelineUtilsThread] ERROR pipeline.SCMPipelineManager (Scheduler.java:lambda$schedule$1(70)) - Destroy pipeline failed for pipeline:Pipeline[ Id: 4d8c8784-d1ee-45fb-902d-be3e92db7ff3, Nodes: 80bd91bd-ab17-414e-9fbc-bd509e19448d{ip: 192.168.5.156, host: pr-hdds-2121-pbfts-3191465506, networkLocation: /default-rack, certSerialId: null}3de10ab2-5aa8-4456-b48c-00692585ccec{ip: 192.168.5.156, host: pr-hdds-2121-pbfts-3191465506, networkLocation: /default-rack, certSerialId: null}fc7af808-7c3b-4e7d-bcd4-16788f7c0c06{ip: 192.168.5.156, host: pr-hdds-2121-pbfts-3191465506, networkLocation: /default-rack, certSerialId: null}, Type:RATIS, Factor:THREE, State:CLOSED]
org.apache.hadoop.hdds.scm.pipeline.PipelineNotFoundException: PipelineID=4d8c8784-d1ee-45fb-902d-be3e92db7ff3 not found
	at org.apache.hadoop.hdds.scm.pipeline.PipelineStateMap.getPipeline(PipelineStateMap.java:132)
	at org.apache.hadoop.hdds.scm.pipeline.PipelineStateMap.removePipeline(PipelineStateMap.java:322)
	at org.apache.hadoop.hdds.scm.pipeline.PipelineStateManager.removePipeline(PipelineStateManager.java:107)
	at org.apache.hadoop.hdds.scm.pipeline.SCMPipelineManager.removePipeline(SCMPipelineManager.java:423)
	at org.apache.hadoop.hdds.scm.pipeline.SCMPipelineManager.destroyPipeline(SCMPipelineManager.java:409)
	at org.apache.hadoop.hdds.scm.pipeline.SCMPipelineManager.lambda$finalizeAndDestroyPipeline$0(SCMPipelineManager.java:318)
	at org.apache.hadoop.utils.Scheduler.lambda$schedule$1(Scheduler.java:68)
	at java.util.concurrent.Executors$RunnableAdapter.call(Executors.java:511)
	at java.util.concurrent.FutureTask.run(FutureTask.java:266)
	at java.util.concurrent.ScheduledThreadPoolExecutor$ScheduledFutureTask.access$201(ScheduledThreadPoolExecutor.java:180)
	at java.util.concurrent.ScheduledThreadPoolExecutor$ScheduledFutureTask.run(ScheduledThreadPoolExecutor.java:293)
	at java.util.concurrent.ThreadPoolExecutor.runWorker(ThreadPoolExecutor.java:1149)
	at java.util.concurrent.ThreadPoolExecutor$Worker.run(ThreadPoolExecutor.java:624)
	at java.lang.Thread.run(Thread.java:748)
2019-09-17 22:36:28,561 [grpc-default-executor-2] INFO  impl.RaftServerProxy (RaftServerProxy.java:remove(95)) - 80bd91bd-ab17-414e-9fbc-bd509e19448d: remove group-BE3E92DB7FF3:null
2019-09-17 22:36:28,564 [RatisPipelineUtilsThread] WARN  pipeline.RatisPipelineUtils (RatisPipelineUtils.java:destroyPipeline(66)) - Pipeline destroy failed for pipeline=PipelineID=4d8c8784-d1ee-45fb-902d-be3e92db7ff3 dn=80bd91bd-ab17-414e-9fbc-bd509e19448d{ip: 192.168.5.156, host: pr-hdds-2121-pbfts-3191465506, networkLocation: /default-rack, certSerialId: null}
2019-09-17 22:36:28,567 [grpc-default-executor-2] INFO  impl.RaftServerProxy (RaftServerProxy.java:remove(95)) - 3de10ab2-5aa8-4456-b48c-00692585ccec: remove group-BE3E92DB7FF3:null
2019-09-17 22:36:28,570 [RatisPipelineUtilsThread] WARN  pipeline.RatisPipelineUtils (RatisPipelineUtils.java:destroyPipeline(66)) - Pipeline destroy failed for pipeline=PipelineID=4d8c8784-d1ee-45fb-902d-be3e92db7ff3 dn=3de10ab2-5aa8-4456-b48c-00692585ccec{ip: 192.168.5.156, host: pr-hdds-2121-pbfts-3191465506, networkLocation: /default-rack, certSerialId: null}
2019-09-17 22:36:28,573 [grpc-default-executor-2] INFO  impl.RaftServerProxy (RaftServerProxy.java:remove(95)) - fc7af808-7c3b-4e7d-bcd4-16788f7c0c06: remove group-BE3E92DB7FF3:null
2019-09-17 22:36:28,576 [RatisPipelineUtilsThread] WARN  pipeline.RatisPipelineUtils (RatisPipelineUtils.java:destroyPipeline(66)) - Pipeline destroy failed for pipeline=PipelineID=4d8c8784-d1ee-45fb-902d-be3e92db7ff3 dn=fc7af808-7c3b-4e7d-bcd4-16788f7c0c06{ip: 192.168.5.156, host: pr-hdds-2121-pbfts-3191465506, networkLocation: /default-rack, certSerialId: null}
2019-09-17 22:36:28,576 [RatisPipelineUtilsThread] ERROR pipeline.SCMPipelineManager (Scheduler.java:lambda$schedule$1(70)) - Destroy pipeline failed for pipeline:Pipeline[ Id: 4d8c8784-d1ee-45fb-902d-be3e92db7ff3, Nodes: 80bd91bd-ab17-414e-9fbc-bd509e19448d{ip: 192.168.5.156, host: pr-hdds-2121-pbfts-3191465506, networkLocation: /default-rack, certSerialId: null}3de10ab2-5aa8-4456-b48c-00692585ccec{ip: 192.168.5.156, host: pr-hdds-2121-pbfts-3191465506, networkLocation: /default-rack, certSerialId: null}fc7af808-7c3b-4e7d-bcd4-16788f7c0c06{ip: 192.168.5.156, host: pr-hdds-2121-pbfts-3191465506, networkLocation: /default-rack, certSerialId: null}, Type:RATIS, Factor:THREE, State:CLOSED]
org.apache.hadoop.hdds.scm.pipeline.PipelineNotFoundException: PipelineID=4d8c8784-d1ee-45fb-902d-be3e92db7ff3 not found
	at org.apache.hadoop.hdds.scm.pipeline.PipelineStateMap.getPipeline(PipelineStateMap.java:132)
	at org.apache.hadoop.hdds.scm.pipeline.PipelineStateMap.removePipeline(PipelineStateMap.java:322)
	at org.apache.hadoop.hdds.scm.pipeline.PipelineStateManager.removePipeline(PipelineStateManager.java:107)
	at org.apache.hadoop.hdds.scm.pipeline.SCMPipelineManager.removePipeline(SCMPipelineManager.java:423)
	at org.apache.hadoop.hdds.scm.pipeline.SCMPipelineManager.destroyPipeline(SCMPipelineManager.java:409)
	at org.apache.hadoop.hdds.scm.pipeline.SCMPipelineManager.lambda$finalizeAndDestroyPipeline$0(SCMPipelineManager.java:318)
	at org.apache.hadoop.utils.Scheduler.lambda$schedule$1(Scheduler.java:68)
	at java.util.concurrent.Executors$RunnableAdapter.call(Executors.java:511)
	at java.util.concurrent.FutureTask.run(FutureTask.java:266)
	at java.util.concurrent.ScheduledThreadPoolExecutor$ScheduledFutureTask.access$201(ScheduledThreadPoolExecutor.java:180)
	at java.util.concurrent.ScheduledThreadPoolExecutor$ScheduledFutureTask.run(ScheduledThreadPoolExecutor.java:293)
	at java.util.concurrent.ThreadPoolExecutor.runWorker(ThreadPoolExecutor.java:1149)
	at java.util.concurrent.ThreadPoolExecutor$Worker.run(ThreadPoolExecutor.java:624)
	at java.lang.Thread.run(Thread.java:748)
2019-09-17 22:36:28,923 [java.util.concurrent.ThreadPoolExecutor$Worker@1444d9b3[State = -1, empty queue]] WARN  server.GrpcLogAppender (GrpcLogAppender.java:timeoutAppendRequest(200)) - bba25625-58dd-4c9e-929d-1a2e91bc3828@group-C311AD233868->f4adb48a-7d7d-4db9-96e8-d2aa5901bd52-GrpcLogAppender: appendEntries Timeout, request=bba25625-58dd-4c9e-929d-1a2e91bc3828->f4adb48a-7d7d-4db9-96e8-d2aa5901bd52#122-t1, previous=(t:1, i:22), leaderCommit=16, initializing? false, entries: <empty>
2019-09-17 22:36:28,923 [java.util.concurrent.ThreadPoolExecutor$Worker@66d00973[State = -1, empty queue]] WARN  server.GrpcLogAppender (GrpcLogAppender.java:timeoutAppendRequest(200)) - bba25625-58dd-4c9e-929d-1a2e91bc3828@group-C311AD233868->41f4c1b5-d215-4831-aa76-48270f5e0061-GrpcLogAppender: appendEntries Timeout, request=bba25625-58dd-4c9e-929d-1a2e91bc3828->41f4c1b5-d215-4831-aa76-48270f5e0061#122-t1, previous=(t:1, i:22), leaderCommit=16, initializing? false, entries: <empty>
2019-09-17 22:36:29,028 [grpc-default-executor-2] INFO  client.GrpcClientProtocolClient (GrpcClientProtocolClient.java:onNext(264)) - client-2EE9B685757F->41f4c1b5-d215-4831-aa76-48270f5e0061: receive RaftClientReply:client-2EE9B685757F->41f4c1b5-d215-4831-aa76-48270f5e0061@group-C311AD233868, cid=33, FAILED org.apache.ratis.protocol.NotLeaderException: Server 41f4c1b5-d215-4831-aa76-48270f5e0061@group-C311AD233868 is not the leader bba25625-58dd-4c9e-929d-1a2e91bc3828:192.168.5.156:36127, logIndex=0, commits[41f4c1b5-d215-4831-aa76-48270f5e0061:c16, f4adb48a-7d7d-4db9-96e8-d2aa5901bd52:c14, bba25625-58dd-4c9e-929d-1a2e91bc3828:c16]
2019-09-17 22:36:31,424 [java.util.concurrent.ThreadPoolExecutor$Worker@66d00973[State = -1, empty queue]] WARN  server.GrpcLogAppender (GrpcLogAppender.java:timeoutAppendRequest(200)) - bba25625-58dd-4c9e-929d-1a2e91bc3828@group-C311AD233868->41f4c1b5-d215-4831-aa76-48270f5e0061-GrpcLogAppender: appendEntries Timeout, request=bba25625-58dd-4c9e-929d-1a2e91bc3828->41f4c1b5-d215-4831-aa76-48270f5e0061#123-t1, previous=(t:1, i:22), leaderCommit=16, initializing? false, entries: <empty>
2019-09-17 22:36:31,424 [java.util.concurrent.ThreadPoolExecutor$Worker@1444d9b3[State = -1, empty queue]] WARN  server.GrpcLogAppender (GrpcLogAppender.java:timeoutAppendRequest(200)) - bba25625-58dd-4c9e-929d-1a2e91bc3828@group-C311AD233868->f4adb48a-7d7d-4db9-96e8-d2aa5901bd52-GrpcLogAppender: appendEntries Timeout, request=bba25625-58dd-4c9e-929d-1a2e91bc3828->f4adb48a-7d7d-4db9-96e8-d2aa5901bd52#123-t1, previous=(t:1, i:22), leaderCommit=16, initializing? false, entries: <empty>
2019-09-17 22:36:33,411 [f4adb48a-7d7d-4db9-96e8-d2aa5901bd52@group-C311AD233868-SegmentedRaftLogWorker] WARN  segmented.SegmentedRaftLogWorker (SegmentedRaftLogWorker.java:getFromFuture(90)) - Timeout 6/~
org.apache.ratis.protocol.TimeoutIOException: Timeout 10s: WriteLog:17: (t:1, i:17), STATEMACHINELOGENTRY, client-2EE9B685757F, cid=33-writeStateMachineData
	at org.apache.ratis.util.IOUtils.getFromFuture(IOUtils.java:87)
	at org.apache.ratis.server.raftlog.segmented.SegmentedRaftLogWorker$StateMachineDataPolicy.getFromFuture(SegmentedRaftLogWorker.java:87)
	at org.apache.ratis.server.raftlog.segmented.SegmentedRaftLogWorker$WriteLog.execute(SegmentedRaftLogWorker.java:477)
	at org.apache.ratis.server.raftlog.segmented.SegmentedRaftLogWorker.run(SegmentedRaftLogWorker.java:289)
	at java.lang.Thread.run(Thread.java:748)
Caused by: java.util.concurrent.TimeoutException
	at java.util.concurrent.CompletableFuture.timedGet(CompletableFuture.java:1771)
	at java.util.concurrent.CompletableFuture.get(CompletableFuture.java:1915)
	at org.apache.ratis.util.IOUtils.getFromFuture(IOUtils.java:79)
	... 4 more
2019-09-17 22:36:33,601 [bba25625-58dd-4c9e-929d-1a2e91bc3828@group-C311AD233868-SegmentedRaftLogWorker] WARN  segmented.SegmentedRaftLogWorker (SegmentedRaftLogWorker.java:getFromFuture(90)) - Timeout 6/~
org.apache.ratis.protocol.TimeoutIOException: Timeout 10s: WriteLog:18: (t:1, i:18), STATEMACHINELOGENTRY, client-2EE9B685757F, cid=34-writeStateMachineData
	at org.apache.ratis.util.IOUtils.getFromFuture(IOUtils.java:87)
	at org.apache.ratis.server.raftlog.segmented.SegmentedRaftLogWorker$StateMachineDataPolicy.getFromFuture(SegmentedRaftLogWorker.java:87)
	at org.apache.ratis.server.raftlog.segmented.SegmentedRaftLogWorker$WriteLog.execute(SegmentedRaftLogWorker.java:477)
	at org.apache.ratis.server.raftlog.segmented.SegmentedRaftLogWorker.run(SegmentedRaftLogWorker.java:289)
	at java.lang.Thread.run(Thread.java:748)
Caused by: java.util.concurrent.TimeoutException
	at java.util.concurrent.CompletableFuture.timedGet(CompletableFuture.java:1771)
	at java.util.concurrent.CompletableFuture.get(CompletableFuture.java:1915)
	at org.apache.ratis.util.IOUtils.getFromFuture(IOUtils.java:79)
	... 4 more
2019-09-17 22:36:33,619 [41f4c1b5-d215-4831-aa76-48270f5e0061@group-C311AD233868-SegmentedRaftLogWorker] WARN  segmented.SegmentedRaftLogWorker (SegmentedRaftLogWorker.java:getFromFuture(90)) - Timeout 6/~
org.apache.ratis.protocol.TimeoutIOException: Timeout 10s: WriteLog:18: (t:1, i:18), STATEMACHINELOGENTRY, client-2EE9B685757F, cid=34-writeStateMachineData
	at org.apache.ratis.util.IOUtils.getFromFuture(IOUtils.java:87)
	at org.apache.ratis.server.raftlog.segmented.SegmentedRaftLogWorker$StateMachineDataPolicy.getFromFuture(SegmentedRaftLogWorker.java:87)
	at org.apache.ratis.server.raftlog.segmented.SegmentedRaftLogWorker$WriteLog.execute(SegmentedRaftLogWorker.java:477)
	at org.apache.ratis.server.raftlog.segmented.SegmentedRaftLogWorker.run(SegmentedRaftLogWorker.java:289)
	at java.lang.Thread.run(Thread.java:748)
Caused by: java.util.concurrent.TimeoutException
	at java.util.concurrent.CompletableFuture.timedGet(CompletableFuture.java:1771)
	at java.util.concurrent.CompletableFuture.get(CompletableFuture.java:1915)
	at org.apache.ratis.util.IOUtils.getFromFuture(IOUtils.java:79)
	... 4 more
2019-09-17 22:36:33,924 [java.util.concurrent.ThreadPoolExecutor$Worker@66d00973[State = -1, empty queue]] WARN  server.GrpcLogAppender (GrpcLogAppender.java:timeoutAppendRequest(200)) - bba25625-58dd-4c9e-929d-1a2e91bc3828@group-C311AD233868->41f4c1b5-d215-4831-aa76-48270f5e0061-GrpcLogAppender: appendEntries Timeout, request=bba25625-58dd-4c9e-929d-1a2e91bc3828->41f4c1b5-d215-4831-aa76-48270f5e0061#124-t1, previous=(t:1, i:22), leaderCommit=16, initializing? false, entries: <empty>
2019-09-17 22:36:33,924 [java.util.concurrent.ThreadPoolExecutor$Worker@1444d9b3[State = -1, empty queue]] WARN  server.GrpcLogAppender (GrpcLogAppender.java:timeoutAppendRequest(200)) - bba25625-58dd-4c9e-929d-1a2e91bc3828@group-C311AD233868->f4adb48a-7d7d-4db9-96e8-d2aa5901bd52-GrpcLogAppender: appendEntries Timeout, request=bba25625-58dd-4c9e-929d-1a2e91bc3828->f4adb48a-7d7d-4db9-96e8-d2aa5901bd52#124-t1, previous=(t:1, i:22), leaderCommit=16, initializing? false, entries: <empty>
2019-09-17 22:36:34,111 [grpc-default-executor-2] INFO  client.GrpcClientProtocolClient (GrpcClientProtocolClient.java:onNext(264)) - client-2EE9B685757F->f4adb48a-7d7d-4db9-96e8-d2aa5901bd52: receive RaftClientReply:client-2EE9B685757F->f4adb48a-7d7d-4db9-96e8-d2aa5901bd52@group-C311AD233868, cid=33, FAILED org.apache.ratis.protocol.NotLeaderException: Server f4adb48a-7d7d-4db9-96e8-d2aa5901bd52@group-C311AD233868 is not the leader bba25625-58dd-4c9e-929d-1a2e91bc3828:192.168.5.156:36127, logIndex=0, commits[f4adb48a-7d7d-4db9-96e8-d2aa5901bd52:c16, 41f4c1b5-d215-4831-aa76-48270f5e0061:c14, bba25625-58dd-4c9e-929d-1a2e91bc3828:c16]
2019-09-17 22:36:36,424 [java.util.concurrent.ThreadPoolExecutor$Worker@66d00973[State = -1, empty queue]] WARN  server.GrpcLogAppender (GrpcLogAppender.java:timeoutAppendRequest(200)) - bba25625-58dd-4c9e-929d-1a2e91bc3828@group-C311AD233868->41f4c1b5-d215-4831-aa76-48270f5e0061-GrpcLogAppender: appendEntries Timeout, request=bba25625-58dd-4c9e-929d-1a2e91bc3828->41f4c1b5-d215-4831-aa76-48270f5e0061#125-t1, previous=(t:1, i:22), leaderCommit=16, initializing? false, entries: <empty>
2019-09-17 22:36:36,424 [java.util.concurrent.ThreadPoolExecutor$Worker@1444d9b3[State = -1, empty queue]] WARN  server.GrpcLogAppender (GrpcLogAppender.java:timeoutAppendRequest(200)) - bba25625-58dd-4c9e-929d-1a2e91bc3828@group-C311AD233868->f4adb48a-7d7d-4db9-96e8-d2aa5901bd52-GrpcLogAppender: appendEntries Timeout, request=bba25625-58dd-4c9e-929d-1a2e91bc3828->f4adb48a-7d7d-4db9-96e8-d2aa5901bd52#125-t1, previous=(t:1, i:22), leaderCommit=16, initializing? false, entries: <empty>
2019-09-17 22:36:38,924 [java.util.concurrent.ThreadPoolExecutor$Worker@1444d9b3[State = -1, empty queue]] WARN  server.GrpcLogAppender (GrpcLogAppender.java:timeoutAppendRequest(200)) - bba25625-58dd-4c9e-929d-1a2e91bc3828@group-C311AD233868->f4adb48a-7d7d-4db9-96e8-d2aa5901bd52-GrpcLogAppender: appendEntries Timeout, request=bba25625-58dd-4c9e-929d-1a2e91bc3828->f4adb48a-7d7d-4db9-96e8-d2aa5901bd52#126-t1, previous=(t:1, i:22), leaderCommit=16, initializing? false, entries: <empty>
2019-09-17 22:36:38,924 [java.util.concurrent.ThreadPoolExecutor$Worker@66d00973[State = -1, empty queue]] WARN  server.GrpcLogAppender (GrpcLogAppender.java:timeoutAppendRequest(200)) - bba25625-58dd-4c9e-929d-1a2e91bc3828@group-C311AD233868->41f4c1b5-d215-4831-aa76-48270f5e0061-GrpcLogAppender: appendEntries Timeout, request=bba25625-58dd-4c9e-929d-1a2e91bc3828->41f4c1b5-d215-4831-aa76-48270f5e0061#126-t1, previous=(t:1, i:22), leaderCommit=16, initializing? false, entries: <empty>
2019-09-17 22:36:39,160 [grpc-default-executor-2] INFO  client.GrpcClientProtocolClient (GrpcClientProtocolClient.java:onNext(264)) - client-2EE9B685757F->41f4c1b5-d215-4831-aa76-48270f5e0061: receive RaftClientReply:client-2EE9B685757F->41f4c1b5-d215-4831-aa76-48270f5e0061@group-C311AD233868, cid=33, FAILED org.apache.ratis.protocol.NotLeaderException: Server 41f4c1b5-d215-4831-aa76-48270f5e0061@group-C311AD233868 is not the leader bba25625-58dd-4c9e-929d-1a2e91bc3828:192.168.5.156:36127, logIndex=0, commits[41f4c1b5-d215-4831-aa76-48270f5e0061:c16, f4adb48a-7d7d-4db9-96e8-d2aa5901bd52:c14, bba25625-58dd-4c9e-929d-1a2e91bc3828:c16]
2019-09-17 22:36:41,425 [java.util.concurrent.ThreadPoolExecutor$Worker@66d00973[State = -1, empty queue]] WARN  server.GrpcLogAppender (GrpcLogAppender.java:timeoutAppendRequest(200)) - bba25625-58dd-4c9e-929d-1a2e91bc3828@group-C311AD233868->41f4c1b5-d215-4831-aa76-48270f5e0061-GrpcLogAppender: appendEntries Timeout, request=bba25625-58dd-4c9e-929d-1a2e91bc3828->41f4c1b5-d215-4831-aa76-48270f5e0061#127-t1, previous=(t:1, i:22), leaderCommit=16, initializing? false, entries: <empty>
2019-09-17 22:36:41,425 [java.util.concurrent.ThreadPoolExecutor$Worker@1444d9b3[State = -1, empty queue]] WARN  server.GrpcLogAppender (GrpcLogAppender.java:timeoutAppendRequest(200)) - bba25625-58dd-4c9e-929d-1a2e91bc3828@group-C311AD233868->f4adb48a-7d7d-4db9-96e8-d2aa5901bd52-GrpcLogAppender: appendEntries Timeout, request=bba25625-58dd-4c9e-929d-1a2e91bc3828->f4adb48a-7d7d-4db9-96e8-d2aa5901bd52#127-t1, previous=(t:1, i:22), leaderCommit=16, initializing? false, entries: <empty>
2019-09-17 22:36:43,412 [f4adb48a-7d7d-4db9-96e8-d2aa5901bd52@group-C311AD233868-SegmentedRaftLogWorker] WARN  segmented.SegmentedRaftLogWorker (SegmentedRaftLogWorker.java:getFromFuture(90)) - Timeout 7/~
org.apache.ratis.protocol.TimeoutIOException: Timeout 10s: WriteLog:17: (t:1, i:17), STATEMACHINELOGENTRY, client-2EE9B685757F, cid=33-writeStateMachineData
	at org.apache.ratis.util.IOUtils.getFromFuture(IOUtils.java:87)
	at org.apache.ratis.server.raftlog.segmented.SegmentedRaftLogWorker$StateMachineDataPolicy.getFromFuture(SegmentedRaftLogWorker.java:87)
	at org.apache.ratis.server.raftlog.segmented.SegmentedRaftLogWorker$WriteLog.execute(SegmentedRaftLogWorker.java:477)
	at org.apache.ratis.server.raftlog.segmented.SegmentedRaftLogWorker.run(SegmentedRaftLogWorker.java:289)
	at java.lang.Thread.run(Thread.java:748)
Caused by: java.util.concurrent.TimeoutException
	at java.util.concurrent.CompletableFuture.timedGet(CompletableFuture.java:1771)
	at java.util.concurrent.CompletableFuture.get(CompletableFuture.java:1915)
	at org.apache.ratis.util.IOUtils.getFromFuture(IOUtils.java:79)
	... 4 more
2019-09-17 22:36:43,619 [bba25625-58dd-4c9e-929d-1a2e91bc3828@group-C311AD233868-SegmentedRaftLogWorker] WARN  segmented.SegmentedRaftLogWorker (SegmentedRaftLogWorker.java:getFromFuture(90)) - Timeout 7/~
org.apache.ratis.protocol.TimeoutIOException: Timeout 10s: WriteLog:18: (t:1, i:18), STATEMACHINELOGENTRY, client-2EE9B685757F, cid=34-writeStateMachineData
	at org.apache.ratis.util.IOUtils.getFromFuture(IOUtils.java:87)
	at org.apache.ratis.server.raftlog.segmented.SegmentedRaftLogWorker$StateMachineDataPolicy.getFromFuture(SegmentedRaftLogWorker.java:87)
	at org.apache.ratis.server.raftlog.segmented.SegmentedRaftLogWorker$WriteLog.execute(SegmentedRaftLogWorker.java:477)
	at org.apache.ratis.server.raftlog.segmented.SegmentedRaftLogWorker.run(SegmentedRaftLogWorker.java:289)
	at java.lang.Thread.run(Thread.java:748)
Caused by: java.util.concurrent.TimeoutException
	at java.util.concurrent.CompletableFuture.timedGet(CompletableFuture.java:1771)
	at java.util.concurrent.CompletableFuture.get(CompletableFuture.java:1915)
	at org.apache.ratis.util.IOUtils.getFromFuture(IOUtils.java:79)
	... 4 more
2019-09-17 22:36:43,620 [41f4c1b5-d215-4831-aa76-48270f5e0061@group-C311AD233868-SegmentedRaftLogWorker] WARN  segmented.SegmentedRaftLogWorker (SegmentedRaftLogWorker.java:getFromFuture(90)) - Timeout 7/~
org.apache.ratis.protocol.TimeoutIOException: Timeout 10s: WriteLog:18: (t:1, i:18), STATEMACHINELOGENTRY, client-2EE9B685757F, cid=34-writeStateMachineData
	at org.apache.ratis.util.IOUtils.getFromFuture(IOUtils.java:87)
	at org.apache.ratis.server.raftlog.segmented.SegmentedRaftLogWorker$StateMachineDataPolicy.getFromFuture(SegmentedRaftLogWorker.java:87)
	at org.apache.ratis.server.raftlog.segmented.SegmentedRaftLogWorker$WriteLog.execute(SegmentedRaftLogWorker.java:477)
	at org.apache.ratis.server.raftlog.segmented.SegmentedRaftLogWorker.run(SegmentedRaftLogWorker.java:289)
	at java.lang.Thread.run(Thread.java:748)
Caused by: java.util.concurrent.TimeoutException
	at java.util.concurrent.CompletableFuture.timedGet(CompletableFuture.java:1771)
	at java.util.concurrent.CompletableFuture.get(CompletableFuture.java:1915)
	at org.apache.ratis.util.IOUtils.getFromFuture(IOUtils.java:79)
	... 4 more
2019-09-17 22:36:43,925 [java.util.concurrent.ThreadPoolExecutor$Worker@1444d9b3[State = -1, empty queue]] WARN  server.GrpcLogAppender (GrpcLogAppender.java:timeoutAppendRequest(200)) - bba25625-58dd-4c9e-929d-1a2e91bc3828@group-C311AD233868->f4adb48a-7d7d-4db9-96e8-d2aa5901bd52-GrpcLogAppender: appendEntries Timeout, request=bba25625-58dd-4c9e-929d-1a2e91bc3828->f4adb48a-7d7d-4db9-96e8-d2aa5901bd52#128-t1, previous=(t:1, i:22), leaderCommit=16, initializing? false, entries: <empty>
2019-09-17 22:36:43,925 [java.util.concurrent.ThreadPoolExecutor$Worker@66d00973[State = -1, empty queue]] WARN  server.GrpcLogAppender (GrpcLogAppender.java:timeoutAppendRequest(200)) - bba25625-58dd-4c9e-929d-1a2e91bc3828@group-C311AD233868->41f4c1b5-d215-4831-aa76-48270f5e0061-GrpcLogAppender: appendEntries Timeout, request=bba25625-58dd-4c9e-929d-1a2e91bc3828->41f4c1b5-d215-4831-aa76-48270f5e0061#128-t1, previous=(t:1, i:22), leaderCommit=16, initializing? false, entries: <empty>
2019-09-17 22:36:44,198 [grpc-default-executor-1] INFO  client.GrpcClientProtocolClient (GrpcClientProtocolClient.java:onNext(264)) - client-2EE9B685757F->41f4c1b5-d215-4831-aa76-48270f5e0061: receive RaftClientReply:client-2EE9B685757F->41f4c1b5-d215-4831-aa76-48270f5e0061@group-C311AD233868, cid=33, FAILED org.apache.ratis.protocol.NotLeaderException: Server 41f4c1b5-d215-4831-aa76-48270f5e0061@group-C311AD233868 is not the leader bba25625-58dd-4c9e-929d-1a2e91bc3828:192.168.5.156:36127, logIndex=0, commits[41f4c1b5-d215-4831-aa76-48270f5e0061:c16, f4adb48a-7d7d-4db9-96e8-d2aa5901bd52:c14, bba25625-58dd-4c9e-929d-1a2e91bc3828:c16]
2019-09-17 22:36:46,425 [java.util.concurrent.ThreadPoolExecutor$Worker@1444d9b3[State = -1, empty queue]] WARN  server.GrpcLogAppender (GrpcLogAppender.java:timeoutAppendRequest(200)) - bba25625-58dd-4c9e-929d-1a2e91bc3828@group-C311AD233868->f4adb48a-7d7d-4db9-96e8-d2aa5901bd52-GrpcLogAppender: appendEntries Timeout, request=bba25625-58dd-4c9e-929d-1a2e91bc3828->f4adb48a-7d7d-4db9-96e8-d2aa5901bd52#129-t1, previous=(t:1, i:22), leaderCommit=16, initializing? false, entries: <empty>
2019-09-17 22:36:46,425 [java.util.concurrent.ThreadPoolExecutor$Worker@66d00973[State = -1, empty queue]] WARN  server.GrpcLogAppender (GrpcLogAppender.java:timeoutAppendRequest(200)) - bba25625-58dd-4c9e-929d-1a2e91bc3828@group-C311AD233868->41f4c1b5-d215-4831-aa76-48270f5e0061-GrpcLogAppender: appendEntries Timeout, request=bba25625-58dd-4c9e-929d-1a2e91bc3828->41f4c1b5-d215-4831-aa76-48270f5e0061#129-t1, previous=(t:1, i:22), leaderCommit=16, initializing? false, entries: <empty>
2019-09-17 22:36:48,925 [java.util.concurrent.ThreadPoolExecutor$Worker@66d00973[State = -1, empty queue]] WARN  server.GrpcLogAppender (GrpcLogAppender.java:timeoutAppendRequest(200)) - bba25625-58dd-4c9e-929d-1a2e91bc3828@group-C311AD233868->41f4c1b5-d215-4831-aa76-48270f5e0061-GrpcLogAppender: appendEntries Timeout, request=bba25625-58dd-4c9e-929d-1a2e91bc3828->41f4c1b5-d215-4831-aa76-48270f5e0061#130-t1, previous=(t:1, i:22), leaderCommit=16, initializing? false, entries: <empty>
2019-09-17 22:36:48,925 [java.util.concurrent.ThreadPoolExecutor$Worker@1444d9b3[State = -1, empty queue]] WARN  server.GrpcLogAppender (GrpcLogAppender.java:timeoutAppendRequest(200)) - bba25625-58dd-4c9e-929d-1a2e91bc3828@group-C311AD233868->f4adb48a-7d7d-4db9-96e8-d2aa5901bd52-GrpcLogAppender: appendEntries Timeout, request=bba25625-58dd-4c9e-929d-1a2e91bc3828->f4adb48a-7d7d-4db9-96e8-d2aa5901bd52#130-t1, previous=(t:1, i:22), leaderCommit=16, initializing? false, entries: <empty>
2019-09-17 22:36:49,238 [grpc-default-executor-1] INFO  client.GrpcClientProtocolClient (GrpcClientProtocolClient.java:onNext(264)) - client-2EE9B685757F->f4adb48a-7d7d-4db9-96e8-d2aa5901bd52: receive RaftClientReply:client-2EE9B685757F->f4adb48a-7d7d-4db9-96e8-d2aa5901bd52@group-C311AD233868, cid=33, FAILED org.apache.ratis.protocol.NotLeaderException: Server f4adb48a-7d7d-4db9-96e8-d2aa5901bd52@group-C311AD233868 is not the leader bba25625-58dd-4c9e-929d-1a2e91bc3828:192.168.5.156:36127, logIndex=0, commits[f4adb48a-7d7d-4db9-96e8-d2aa5901bd52:c16, 41f4c1b5-d215-4831-aa76-48270f5e0061:c14, bba25625-58dd-4c9e-929d-1a2e91bc3828:c16]
2019-09-17 22:36:51,426 [java.util.concurrent.ThreadPoolExecutor$Worker@66d00973[State = -1, empty queue]] WARN  server.GrpcLogAppender (GrpcLogAppender.java:timeoutAppendRequest(200)) - bba25625-58dd-4c9e-929d-1a2e91bc3828@group-C311AD233868->41f4c1b5-d215-4831-aa76-48270f5e0061-GrpcLogAppender: appendEntries Timeout, request=bba25625-58dd-4c9e-929d-1a2e91bc3828->41f4c1b5-d215-4831-aa76-48270f5e0061#131-t1, previous=(t:1, i:22), leaderCommit=16, initializing? false, entries: <empty>
2019-09-17 22:36:51,426 [java.util.concurrent.ThreadPoolExecutor$Worker@1444d9b3[State = -1, empty queue]] WARN  server.GrpcLogAppender (GrpcLogAppender.java:timeoutAppendRequest(200)) - bba25625-58dd-4c9e-929d-1a2e91bc3828@group-C311AD233868->f4adb48a-7d7d-4db9-96e8-d2aa5901bd52-GrpcLogAppender: appendEntries Timeout, request=bba25625-58dd-4c9e-929d-1a2e91bc3828->f4adb48a-7d7d-4db9-96e8-d2aa5901bd52#131-t1, previous=(t:1, i:22), leaderCommit=16, initializing? false, entries: <empty>
2019-09-17 22:36:53,413 [f4adb48a-7d7d-4db9-96e8-d2aa5901bd52@group-C311AD233868-SegmentedRaftLogWorker] WARN  segmented.SegmentedRaftLogWorker (SegmentedRaftLogWorker.java:getFromFuture(90)) - Timeout 8/~
org.apache.ratis.protocol.TimeoutIOException: Timeout 10s: WriteLog:17: (t:1, i:17), STATEMACHINELOGENTRY, client-2EE9B685757F, cid=33-writeStateMachineData
	at org.apache.ratis.util.IOUtils.getFromFuture(IOUtils.java:87)
	at org.apache.ratis.server.raftlog.segmented.SegmentedRaftLogWorker$StateMachineDataPolicy.getFromFuture(SegmentedRaftLogWorker.java:87)
	at org.apache.ratis.server.raftlog.segmented.SegmentedRaftLogWorker$WriteLog.execute(SegmentedRaftLogWorker.java:477)
	at org.apache.ratis.server.raftlog.segmented.SegmentedRaftLogWorker.run(SegmentedRaftLogWorker.java:289)
	at java.lang.Thread.run(Thread.java:748)
Caused by: java.util.concurrent.TimeoutException
	at java.util.concurrent.CompletableFuture.timedGet(CompletableFuture.java:1771)
	at java.util.concurrent.CompletableFuture.get(CompletableFuture.java:1915)
	at org.apache.ratis.util.IOUtils.getFromFuture(IOUtils.java:79)
	... 4 more
2019-09-17 22:36:53,620 [bba25625-58dd-4c9e-929d-1a2e91bc3828@group-C311AD233868-SegmentedRaftLogWorker] WARN  segmented.SegmentedRaftLogWorker (SegmentedRaftLogWorker.java:getFromFuture(90)) - Timeout 8/~
org.apache.ratis.protocol.TimeoutIOException: Timeout 10s: WriteLog:18: (t:1, i:18), STATEMACHINELOGENTRY, client-2EE9B685757F, cid=34-writeStateMachineData
	at org.apache.ratis.util.IOUtils.getFromFuture(IOUtils.java:87)
	at org.apache.ratis.server.raftlog.segmented.SegmentedRaftLogWorker$StateMachineDataPolicy.getFromFuture(SegmentedRaftLogWorker.java:87)
	at org.apache.ratis.server.raftlog.segmented.SegmentedRaftLogWorker$WriteLog.execute(SegmentedRaftLogWorker.java:477)
	at org.apache.ratis.server.raftlog.segmented.SegmentedRaftLogWorker.run(SegmentedRaftLogWorker.java:289)
	at java.lang.Thread.run(Thread.java:748)
Caused by: java.util.concurrent.TimeoutException
	at java.util.concurrent.CompletableFuture.timedGet(CompletableFuture.java:1771)
	at java.util.concurrent.CompletableFuture.get(CompletableFuture.java:1915)
	at org.apache.ratis.util.IOUtils.getFromFuture(IOUtils.java:79)
	... 4 more
2019-09-17 22:36:53,620 [41f4c1b5-d215-4831-aa76-48270f5e0061@group-C311AD233868-SegmentedRaftLogWorker] WARN  segmented.SegmentedRaftLogWorker (SegmentedRaftLogWorker.java:getFromFuture(90)) - Timeout 8/~
org.apache.ratis.protocol.TimeoutIOException: Timeout 10s: WriteLog:18: (t:1, i:18), STATEMACHINELOGENTRY, client-2EE9B685757F, cid=34-writeStateMachineData
	at org.apache.ratis.util.IOUtils.getFromFuture(IOUtils.java:87)
	at org.apache.ratis.server.raftlog.segmented.SegmentedRaftLogWorker$StateMachineDataPolicy.getFromFuture(SegmentedRaftLogWorker.java:87)
	at org.apache.ratis.server.raftlog.segmented.SegmentedRaftLogWorker$WriteLog.execute(SegmentedRaftLogWorker.java:477)
	at org.apache.ratis.server.raftlog.segmented.SegmentedRaftLogWorker.run(SegmentedRaftLogWorker.java:289)
	at java.lang.Thread.run(Thread.java:748)
Caused by: java.util.concurrent.TimeoutException
	at java.util.concurrent.CompletableFuture.timedGet(CompletableFuture.java:1771)
	at java.util.concurrent.CompletableFuture.get(CompletableFuture.java:1915)
	at org.apache.ratis.util.IOUtils.getFromFuture(IOUtils.java:79)
	... 4 more
2019-09-17 22:36:53,926 [java.util.concurrent.ThreadPoolExecutor$Worker@1444d9b3[State = -1, empty queue]] WARN  server.GrpcLogAppender (GrpcLogAppender.java:timeoutAppendRequest(200)) - bba25625-58dd-4c9e-929d-1a2e91bc3828@group-C311AD233868->f4adb48a-7d7d-4db9-96e8-d2aa5901bd52-GrpcLogAppender: appendEntries Timeout, request=bba25625-58dd-4c9e-929d-1a2e91bc3828->f4adb48a-7d7d-4db9-96e8-d2aa5901bd52#132-t1, previous=(t:1, i:22), leaderCommit=16, initializing? false, entries: <empty>
2019-09-17 22:36:53,926 [java.util.concurrent.ThreadPoolExecutor$Worker@66d00973[State = -1, empty queue]] WARN  server.GrpcLogAppender (GrpcLogAppender.java:timeoutAppendRequest(200)) - bba25625-58dd-4c9e-929d-1a2e91bc3828@group-C311AD233868->41f4c1b5-d215-4831-aa76-48270f5e0061-GrpcLogAppender: appendEntries Timeout, request=bba25625-58dd-4c9e-929d-1a2e91bc3828->41f4c1b5-d215-4831-aa76-48270f5e0061#132-t1, previous=(t:1, i:22), leaderCommit=16, initializing? false, entries: <empty>
2019-09-17 22:36:54,295 [grpc-default-executor-1] INFO  client.GrpcClientProtocolClient (GrpcClientProtocolClient.java:onNext(264)) - client-2EE9B685757F->f4adb48a-7d7d-4db9-96e8-d2aa5901bd52: receive RaftClientReply:client-2EE9B685757F->f4adb48a-7d7d-4db9-96e8-d2aa5901bd52@group-C311AD233868, cid=33, FAILED org.apache.ratis.protocol.NotLeaderException: Server f4adb48a-7d7d-4db9-96e8-d2aa5901bd52@group-C311AD233868 is not the leader bba25625-58dd-4c9e-929d-1a2e91bc3828:192.168.5.156:36127, logIndex=0, commits[f4adb48a-7d7d-4db9-96e8-d2aa5901bd52:c16, 41f4c1b5-d215-4831-aa76-48270f5e0061:c14, bba25625-58dd-4c9e-929d-1a2e91bc3828:c16]
2019-09-17 22:36:56,427 [java.util.concurrent.ThreadPoolExecutor$Worker@66d00973[State = -1, empty queue]] WARN  server.GrpcLogAppender (GrpcLogAppender.java:timeoutAppendRequest(200)) - bba25625-58dd-4c9e-929d-1a2e91bc3828@group-C311AD233868->41f4c1b5-d215-4831-aa76-48270f5e0061-GrpcLogAppender: appendEntries Timeout, request=bba25625-58dd-4c9e-929d-1a2e91bc3828->41f4c1b5-d215-4831-aa76-48270f5e0061#133-t1, previous=(t:1, i:22), leaderCommit=16, initializing? false, entries: <empty>
2019-09-17 22:36:56,427 [java.util.concurrent.ThreadPoolExecutor$Worker@1444d9b3[State = -1, empty queue]] WARN  server.GrpcLogAppender (GrpcLogAppender.java:timeoutAppendRequest(200)) - bba25625-58dd-4c9e-929d-1a2e91bc3828@group-C311AD233868->f4adb48a-7d7d-4db9-96e8-d2aa5901bd52-GrpcLogAppender: appendEntries Timeout, request=bba25625-58dd-4c9e-929d-1a2e91bc3828->f4adb48a-7d7d-4db9-96e8-d2aa5901bd52#133-t1, previous=(t:1, i:22), leaderCommit=16, initializing? false, entries: <empty>
2019-09-17 22:36:58,928 [java.util.concurrent.ThreadPoolExecutor$Worker@1444d9b3[State = -1, empty queue]] WARN  server.GrpcLogAppender (GrpcLogAppender.java:timeoutAppendRequest(200)) - bba25625-58dd-4c9e-929d-1a2e91bc3828@group-C311AD233868->f4adb48a-7d7d-4db9-96e8-d2aa5901bd52-GrpcLogAppender: appendEntries Timeout, request=bba25625-58dd-4c9e-929d-1a2e91bc3828->f4adb48a-7d7d-4db9-96e8-d2aa5901bd52#134-t1, previous=(t:1, i:22), leaderCommit=16, initializing? false, entries: <empty>
2019-09-17 22:36:58,928 [java.util.concurrent.ThreadPoolExecutor$Worker@66d00973[State = -1, empty queue]] WARN  server.GrpcLogAppender (GrpcLogAppender.java:timeoutAppendRequest(200)) - bba25625-58dd-4c9e-929d-1a2e91bc3828@group-C311AD233868->41f4c1b5-d215-4831-aa76-48270f5e0061-GrpcLogAppender: appendEntries Timeout, request=bba25625-58dd-4c9e-929d-1a2e91bc3828->41f4c1b5-d215-4831-aa76-48270f5e0061#134-t1, previous=(t:1, i:22), leaderCommit=16, initializing? false, entries: <empty>
2019-09-17 22:36:59,356 [grpc-default-executor-1] INFO  client.GrpcClientProtocolClient (GrpcClientProtocolClient.java:onNext(264)) - client-2EE9B685757F->f4adb48a-7d7d-4db9-96e8-d2aa5901bd52: receive RaftClientReply:client-2EE9B685757F->f4adb48a-7d7d-4db9-96e8-d2aa5901bd52@group-C311AD233868, cid=33, FAILED org.apache.ratis.protocol.NotLeaderException: Server f4adb48a-7d7d-4db9-96e8-d2aa5901bd52@group-C311AD233868 is not the leader bba25625-58dd-4c9e-929d-1a2e91bc3828:192.168.5.156:36127, logIndex=0, commits[f4adb48a-7d7d-4db9-96e8-d2aa5901bd52:c16, 41f4c1b5-d215-4831-aa76-48270f5e0061:c14, bba25625-58dd-4c9e-929d-1a2e91bc3828:c16]
2019-09-17 22:37:01,428 [java.util.concurrent.ThreadPoolExecutor$Worker@66d00973[State = -1, empty queue]] WARN  server.GrpcLogAppender (GrpcLogAppender.java:timeoutAppendRequest(200)) - bba25625-58dd-4c9e-929d-1a2e91bc3828@group-C311AD233868->41f4c1b5-d215-4831-aa76-48270f5e0061-GrpcLogAppender: appendEntries Timeout, request=bba25625-58dd-4c9e-929d-1a2e91bc3828->41f4c1b5-d215-4831-aa76-48270f5e0061#135-t1, previous=(t:1, i:22), leaderCommit=16, initializing? false, entries: <empty>
2019-09-17 22:37:01,428 [java.util.concurrent.ThreadPoolExecutor$Worker@1444d9b3[State = -1, empty queue]] WARN  server.GrpcLogAppender (GrpcLogAppender.java:timeoutAppendRequest(200)) - bba25625-58dd-4c9e-929d-1a2e91bc3828@group-C311AD233868->f4adb48a-7d7d-4db9-96e8-d2aa5901bd52-GrpcLogAppender: appendEntries Timeout, request=bba25625-58dd-4c9e-929d-1a2e91bc3828->f4adb48a-7d7d-4db9-96e8-d2aa5901bd52#135-t1, previous=(t:1, i:22), leaderCommit=16, initializing? false, entries: <empty>
2019-09-17 22:37:03,415 [f4adb48a-7d7d-4db9-96e8-d2aa5901bd52@group-C311AD233868-SegmentedRaftLogWorker] WARN  segmented.SegmentedRaftLogWorker (SegmentedRaftLogWorker.java:getFromFuture(90)) - Timeout 9/~
org.apache.ratis.protocol.TimeoutIOException: Timeout 10s: WriteLog:17: (t:1, i:17), STATEMACHINELOGENTRY, client-2EE9B685757F, cid=33-writeStateMachineData
	at org.apache.ratis.util.IOUtils.getFromFuture(IOUtils.java:87)
	at org.apache.ratis.server.raftlog.segmented.SegmentedRaftLogWorker$StateMachineDataPolicy.getFromFuture(SegmentedRaftLogWorker.java:87)
	at org.apache.ratis.server.raftlog.segmented.SegmentedRaftLogWorker$WriteLog.execute(SegmentedRaftLogWorker.java:477)
	at org.apache.ratis.server.raftlog.segmented.SegmentedRaftLogWorker.run(SegmentedRaftLogWorker.java:289)
	at java.lang.Thread.run(Thread.java:748)
Caused by: java.util.concurrent.TimeoutException
	at java.util.concurrent.CompletableFuture.timedGet(CompletableFuture.java:1771)
	at java.util.concurrent.CompletableFuture.get(CompletableFuture.java:1915)
	at org.apache.ratis.util.IOUtils.getFromFuture(IOUtils.java:79)
	... 4 more
2019-09-17 22:37:03,621 [bba25625-58dd-4c9e-929d-1a2e91bc3828@group-C311AD233868-SegmentedRaftLogWorker] WARN  segmented.SegmentedRaftLogWorker (SegmentedRaftLogWorker.java:getFromFuture(90)) - Timeout 9/~
org.apache.ratis.protocol.TimeoutIOException: Timeout 10s: WriteLog:18: (t:1, i:18), STATEMACHINELOGENTRY, client-2EE9B685757F, cid=34-writeStateMachineData
	at org.apache.ratis.util.IOUtils.getFromFuture(IOUtils.java:87)
	at org.apache.ratis.server.raftlog.segmented.SegmentedRaftLogWorker$StateMachineDataPolicy.getFromFuture(SegmentedRaftLogWorker.java:87)
	at org.apache.ratis.server.raftlog.segmented.SegmentedRaftLogWorker$WriteLog.execute(SegmentedRaftLogWorker.java:477)
	at org.apache.ratis.server.raftlog.segmented.SegmentedRaftLogWorker.run(SegmentedRaftLogWorker.java:289)
	at java.lang.Thread.run(Thread.java:748)
Caused by: java.util.concurrent.TimeoutException
	at java.util.concurrent.CompletableFuture.timedGet(CompletableFuture.java:1771)
	at java.util.concurrent.CompletableFuture.get(CompletableFuture.java:1915)
	at org.apache.ratis.util.IOUtils.getFromFuture(IOUtils.java:79)
	... 4 more
2019-09-17 22:37:03,621 [41f4c1b5-d215-4831-aa76-48270f5e0061@group-C311AD233868-SegmentedRaftLogWorker] WARN  segmented.SegmentedRaftLogWorker (SegmentedRaftLogWorker.java:getFromFuture(90)) - Timeout 9/~
org.apache.ratis.protocol.TimeoutIOException: Timeout 10s: WriteLog:18: (t:1, i:18), STATEMACHINELOGENTRY, client-2EE9B685757F, cid=34-writeStateMachineData
	at org.apache.ratis.util.IOUtils.getFromFuture(IOUtils.java:87)
	at org.apache.ratis.server.raftlog.segmented.SegmentedRaftLogWorker$StateMachineDataPolicy.getFromFuture(SegmentedRaftLogWorker.java:87)
	at org.apache.ratis.server.raftlog.segmented.SegmentedRaftLogWorker$WriteLog.execute(SegmentedRaftLogWorker.java:477)
	at org.apache.ratis.server.raftlog.segmented.SegmentedRaftLogWorker.run(SegmentedRaftLogWorker.java:289)
	at java.lang.Thread.run(Thread.java:748)
Caused by: java.util.concurrent.TimeoutException
	at java.util.concurrent.CompletableFuture.timedGet(CompletableFuture.java:1771)
	at java.util.concurrent.CompletableFuture.get(CompletableFuture.java:1915)
	at org.apache.ratis.util.IOUtils.getFromFuture(IOUtils.java:79)
	... 4 more
2019-09-17 22:37:03,929 [java.util.concurrent.ThreadPoolExecutor$Worker@1444d9b3[State = -1, empty queue]] WARN  server.GrpcLogAppender (GrpcLogAppender.java:timeoutAppendRequest(200)) - bba25625-58dd-4c9e-929d-1a2e91bc3828@group-C311AD233868->f4adb48a-7d7d-4db9-96e8-d2aa5901bd52-GrpcLogAppender: appendEntries Timeout, request=bba25625-58dd-4c9e-929d-1a2e91bc3828->f4adb48a-7d7d-4db9-96e8-d2aa5901bd52#136-t1, previous=(t:1, i:22), leaderCommit=16, initializing? false, entries: <empty>
2019-09-17 22:37:03,929 [java.util.concurrent.ThreadPoolExecutor$Worker@66d00973[State = -1, empty queue]] WARN  server.GrpcLogAppender (GrpcLogAppender.java:timeoutAppendRequest(200)) - bba25625-58dd-4c9e-929d-1a2e91bc3828@group-C311AD233868->41f4c1b5-d215-4831-aa76-48270f5e0061-GrpcLogAppender: appendEntries Timeout, request=bba25625-58dd-4c9e-929d-1a2e91bc3828->41f4c1b5-d215-4831-aa76-48270f5e0061#136-t1, previous=(t:1, i:22), leaderCommit=16, initializing? false, entries: <empty>
2019-09-17 22:37:04,405 [grpc-default-executor-1] INFO  client.GrpcClientProtocolClient (GrpcClientProtocolClient.java:onNext(264)) - client-2EE9B685757F->41f4c1b5-d215-4831-aa76-48270f5e0061: receive RaftClientReply:client-2EE9B685757F->41f4c1b5-d215-4831-aa76-48270f5e0061@group-C311AD233868, cid=33, FAILED org.apache.ratis.protocol.NotLeaderException: Server 41f4c1b5-d215-4831-aa76-48270f5e0061@group-C311AD233868 is not the leader bba25625-58dd-4c9e-929d-1a2e91bc3828:192.168.5.156:36127, logIndex=0, commits[41f4c1b5-d215-4831-aa76-48270f5e0061:c16, f4adb48a-7d7d-4db9-96e8-d2aa5901bd52:c14, bba25625-58dd-4c9e-929d-1a2e91bc3828:c16]
2019-09-17 22:37:06,429 [java.util.concurrent.ThreadPoolExecutor$Worker@1444d9b3[State = -1, empty queue]] WARN  server.GrpcLogAppender (GrpcLogAppender.java:timeoutAppendRequest(200)) - bba25625-58dd-4c9e-929d-1a2e91bc3828@group-C311AD233868->f4adb48a-7d7d-4db9-96e8-d2aa5901bd52-GrpcLogAppender: appendEntries Timeout, request=bba25625-58dd-4c9e-929d-1a2e91bc3828->f4adb48a-7d7d-4db9-96e8-d2aa5901bd52#137-t1, previous=(t:1, i:22), leaderCommit=16, initializing? false, entries: <empty>
2019-09-17 22:37:06,429 [java.util.concurrent.ThreadPoolExecutor$Worker@66d00973[State = -1, empty queue]] WARN  server.GrpcLogAppender (GrpcLogAppender.java:timeoutAppendRequest(200)) - bba25625-58dd-4c9e-929d-1a2e91bc3828@group-C311AD233868->41f4c1b5-d215-4831-aa76-48270f5e0061-GrpcLogAppender: appendEntries Timeout, request=bba25625-58dd-4c9e-929d-1a2e91bc3828->41f4c1b5-d215-4831-aa76-48270f5e0061#137-t1, previous=(t:1, i:22), leaderCommit=16, initializing? false, entries: <empty>
2019-09-17 22:37:08,929 [java.util.concurrent.ThreadPoolExecutor$Worker@66d00973[State = -1, empty queue]] WARN  server.GrpcLogAppender (GrpcLogAppender.java:timeoutAppendRequest(200)) - bba25625-58dd-4c9e-929d-1a2e91bc3828@group-C311AD233868->41f4c1b5-d215-4831-aa76-48270f5e0061-GrpcLogAppender: appendEntries Timeout, request=bba25625-58dd-4c9e-929d-1a2e91bc3828->41f4c1b5-d215-4831-aa76-48270f5e0061#138-t1, previous=(t:1, i:22), leaderCommit=16, initializing? false, entries: <empty>
2019-09-17 22:37:08,929 [java.util.concurrent.ThreadPoolExecutor$Worker@1444d9b3[State = -1, empty queue]] WARN  server.GrpcLogAppender (GrpcLogAppender.java:timeoutAppendRequest(200)) - bba25625-58dd-4c9e-929d-1a2e91bc3828@group-C311AD233868->f4adb48a-7d7d-4db9-96e8-d2aa5901bd52-GrpcLogAppender: appendEntries Timeout, request=bba25625-58dd-4c9e-929d-1a2e91bc3828->f4adb48a-7d7d-4db9-96e8-d2aa5901bd52#138-t1, previous=(t:1, i:22), leaderCommit=16, initializing? false, entries: <empty>
2019-09-17 22:37:09,451 [grpc-default-executor-4] INFO  client.GrpcClientProtocolClient (GrpcClientProtocolClient.java:onNext(264)) - client-2EE9B685757F->f4adb48a-7d7d-4db9-96e8-d2aa5901bd52: receive RaftClientReply:client-2EE9B685757F->f4adb48a-7d7d-4db9-96e8-d2aa5901bd52@group-C311AD233868, cid=33, FAILED org.apache.ratis.protocol.NotLeaderException: Server f4adb48a-7d7d-4db9-96e8-d2aa5901bd52@group-C311AD233868 is not the leader bba25625-58dd-4c9e-929d-1a2e91bc3828:192.168.5.156:36127, logIndex=0, commits[f4adb48a-7d7d-4db9-96e8-d2aa5901bd52:c16, 41f4c1b5-d215-4831-aa76-48270f5e0061:c14, bba25625-58dd-4c9e-929d-1a2e91bc3828:c16]
2019-09-17 22:37:10,025 [ReplicationMonitor] INFO  container.ReplicationManager (ReplicationManager.java:forceCloseContainer(464)) - Force closing container #1 with BCSID 5, which is in QUASI_CLOSED state.
2019-09-17 22:37:10,027 [ReplicationMonitor] INFO  container.ReplicationManager (ReplicationManager.java:sendCloseCommand(659)) - Sending close container command for container #1 to datanode 80bd91bd-ab17-414e-9fbc-bd509e19448d{ip: 192.168.5.156, host: pr-hdds-2121-pbfts-3191465506, networkLocation: /default-rack, certSerialId: null}.
2019-09-17 22:37:10,027 [ReplicationMonitor] INFO  container.ReplicationManager (ReplicationManager.java:sendCloseCommand(659)) - Sending close container command for container #1 to datanode 3de10ab2-5aa8-4456-b48c-00692585ccec{ip: 192.168.5.156, host: pr-hdds-2121-pbfts-3191465506, networkLocation: /default-rack, certSerialId: null}.
2019-09-17 22:37:10,028 [ReplicationMonitor] INFO  container.ReplicationManager (ReplicationManager.java:sendCloseCommand(659)) - Sending close container command for container #1 to datanode fc7af808-7c3b-4e7d-bcd4-16788f7c0c06{ip: 192.168.5.156, host: pr-hdds-2121-pbfts-3191465506, networkLocation: /default-rack, certSerialId: null}.
2019-09-17 22:37:10,028 [ReplicationMonitor] INFO  container.ReplicationManager (ReplicationManager.java:forceCloseContainer(464)) - Force closing container #3 with BCSID 0, which is in QUASI_CLOSED state.
2019-09-17 22:37:10,028 [ReplicationMonitor] INFO  container.ReplicationManager (ReplicationManager.java:sendCloseCommand(659)) - Sending close container command for container #3 to datanode 80bd91bd-ab17-414e-9fbc-bd509e19448d{ip: 192.168.5.156, host: pr-hdds-2121-pbfts-3191465506, networkLocation: /default-rack, certSerialId: null}.
2019-09-17 22:37:10,029 [ReplicationMonitor] INFO  container.ReplicationManager (ReplicationManager.java:sendCloseCommand(659)) - Sending close container command for container #3 to datanode 3de10ab2-5aa8-4456-b48c-00692585ccec{ip: 192.168.5.156, host: pr-hdds-2121-pbfts-3191465506, networkLocation: /default-rack, certSerialId: null}.
2019-09-17 22:37:10,029 [ReplicationMonitor] INFO  container.ReplicationManager (ReplicationManager.java:sendCloseCommand(659)) - Sending close container command for container #3 to datanode fc7af808-7c3b-4e7d-bcd4-16788f7c0c06{ip: 192.168.5.156, host: pr-hdds-2121-pbfts-3191465506, networkLocation: /default-rack, certSerialId: null}.
2019-09-17 22:37:10,029 [ReplicationMonitor] INFO  container.ReplicationManager (ReplicationManager.java:run(225)) - Replication Monitor Thread took 9 milliseconds for processing 5 containers.
2019-09-17 22:37:11,274 [Command processor thread] INFO  interfaces.Container (KeyValueContainer.java:flushAndSyncDB(386)) - Container 1 is synced with bcsId 5.
2019-09-17 22:37:11,278 [Command processor thread] INFO  interfaces.Container (KeyValueContainer.java:flushAndSyncDB(386)) - Container 1 is synced with bcsId 5.
2019-09-17 22:37:11,306 [Command processor thread] INFO  interfaces.Container (KeyValueContainer.java:close(335)) - Container 1 is closed with bcsId 5.
2019-09-17 22:37:11,306 [Command processor thread] INFO  interfaces.Container (KeyValueContainer.java:flushAndSyncDB(386)) - Container 3 is synced with bcsId 0.
2019-09-17 22:37:11,307 [Command processor thread] INFO  interfaces.Container (KeyValueContainer.java:flushAndSyncDB(386)) - Container 3 is synced with bcsId 0.
2019-09-17 22:37:11,308 [EventQueue-IncrementalContainerReportForIncrementalContainerReportHandler] INFO  container.IncrementalContainerReportHandler (AbstractContainerReportHandler.java:updateContainerState(202)) - Moving container #1 to CLOSED state, datanode 80bd91bd-ab17-414e-9fbc-bd509e19448d{ip: 192.168.5.156, host: pr-hdds-2121-pbfts-3191465506, networkLocation: /default-rack, certSerialId: null} reported CLOSED replica.
2019-09-17 22:37:11,331 [Command processor thread] INFO  interfaces.Container (KeyValueContainer.java:close(335)) - Container 3 is closed with bcsId 0.
2019-09-17 22:37:11,332 [EventQueue-IncrementalContainerReportForIncrementalContainerReportHandler] INFO  container.IncrementalContainerReportHandler (AbstractContainerReportHandler.java:updateContainerState(202)) - Moving container #3 to CLOSED state, datanode 80bd91bd-ab17-414e-9fbc-bd509e19448d{ip: 192.168.5.156, host: pr-hdds-2121-pbfts-3191465506, networkLocation: /default-rack, certSerialId: null} reported CLOSED replica.
2019-09-17 22:37:11,433 [java.util.concurrent.ThreadPoolExecutor$Worker@1444d9b3[State = -1, empty queue]] WARN  server.GrpcLogAppender (GrpcLogAppender.java:timeoutAppendRequest(200)) - bba25625-58dd-4c9e-929d-1a2e91bc3828@group-C311AD233868->f4adb48a-7d7d-4db9-96e8-d2aa5901bd52-GrpcLogAppender: appendEntries Timeout, request=bba25625-58dd-4c9e-929d-1a2e91bc3828->f4adb48a-7d7d-4db9-96e8-d2aa5901bd52#139-t1, previous=(t:1, i:22), leaderCommit=16, initializing? false, entries: <empty>
2019-09-17 22:37:11,433 [java.util.concurrent.ThreadPoolExecutor$Worker@66d00973[State = -1, empty queue]] WARN  server.GrpcLogAppender (GrpcLogAppender.java:timeoutAppendRequest(200)) - bba25625-58dd-4c9e-929d-1a2e91bc3828@group-C311AD233868->41f4c1b5-d215-4831-aa76-48270f5e0061-GrpcLogAppender: appendEntries Timeout, request=bba25625-58dd-4c9e-929d-1a2e91bc3828->41f4c1b5-d215-4831-aa76-48270f5e0061#139-t1, previous=(t:1, i:22), leaderCommit=16, initializing? false, entries: <empty>
2019-09-17 22:37:11,756 [Command processor thread] INFO  interfaces.Container (KeyValueContainer.java:flushAndSyncDB(386)) - Container 1 is synced with bcsId 5.
2019-09-17 22:37:11,756 [Command processor thread] INFO  interfaces.Container (KeyValueContainer.java:flushAndSyncDB(386)) - Container 1 is synced with bcsId 5.
2019-09-17 22:37:11,781 [Command processor thread] INFO  interfaces.Container (KeyValueContainer.java:close(335)) - Container 1 is closed with bcsId 5.
2019-09-17 22:37:11,781 [Command processor thread] INFO  interfaces.Container (KeyValueContainer.java:flushAndSyncDB(386)) - Container 3 is synced with bcsId 0.
2019-09-17 22:37:11,781 [Command processor thread] INFO  interfaces.Container (KeyValueContainer.java:flushAndSyncDB(386)) - Container 3 is synced with bcsId 0.
2019-09-17 22:37:11,805 [Command processor thread] INFO  interfaces.Container (KeyValueContainer.java:close(335)) - Container 3 is closed with bcsId 0.
2019-09-17 22:37:12,522 [Command processor thread] INFO  interfaces.Container (KeyValueContainer.java:flushAndSyncDB(386)) - Container 1 is synced with bcsId 5.
2019-09-17 22:37:12,523 [Command processor thread] INFO  interfaces.Container (KeyValueContainer.java:flushAndSyncDB(386)) - Container 1 is synced with bcsId 5.
2019-09-17 22:37:12,549 [Command processor thread] INFO  interfaces.Container (KeyValueContainer.java:close(335)) - Container 1 is closed with bcsId 5.
2019-09-17 22:37:12,549 [Command processor thread] INFO  interfaces.Container (KeyValueContainer.java:flushAndSyncDB(386)) - Container 3 is synced with bcsId 0.
2019-09-17 22:37:12,549 [Command processor thread] INFO  interfaces.Container (KeyValueContainer.java:flushAndSyncDB(386)) - Container 3 is synced with bcsId 0.
2019-09-17 22:37:12,573 [Command processor thread] INFO  interfaces.Container (KeyValueContainer.java:close(335)) - Container 3 is closed with bcsId 0.
2019-09-17 22:37:13,416 [f4adb48a-7d7d-4db9-96e8-d2aa5901bd52@group-C311AD233868-SegmentedRaftLogWorker] WARN  segmented.SegmentedRaftLogWorker (SegmentedRaftLogWorker.java:getFromFuture(90)) - Timeout 10/~
org.apache.ratis.protocol.TimeoutIOException: Timeout 10s: WriteLog:17: (t:1, i:17), STATEMACHINELOGENTRY, client-2EE9B685757F, cid=33-writeStateMachineData
	at org.apache.ratis.util.IOUtils.getFromFuture(IOUtils.java:87)
	at org.apache.ratis.server.raftlog.segmented.SegmentedRaftLogWorker$StateMachineDataPolicy.getFromFuture(SegmentedRaftLogWorker.java:87)
	at org.apache.ratis.server.raftlog.segmented.SegmentedRaftLogWorker$WriteLog.execute(SegmentedRaftLogWorker.java:477)
	at org.apache.ratis.server.raftlog.segmented.SegmentedRaftLogWorker.run(SegmentedRaftLogWorker.java:289)
	at java.lang.Thread.run(Thread.java:748)
Caused by: java.util.concurrent.TimeoutException
	at java.util.concurrent.CompletableFuture.timedGet(CompletableFuture.java:1771)
	at java.util.concurrent.CompletableFuture.get(CompletableFuture.java:1915)
	at org.apache.ratis.util.IOUtils.getFromFuture(IOUtils.java:79)
	... 4 more
2019-09-17 22:37:13,621 [bba25625-58dd-4c9e-929d-1a2e91bc3828@group-C311AD233868-SegmentedRaftLogWorker] WARN  segmented.SegmentedRaftLogWorker (SegmentedRaftLogWorker.java:getFromFuture(90)) - Timeout 10/~
org.apache.ratis.protocol.TimeoutIOException: Timeout 10s: WriteLog:18: (t:1, i:18), STATEMACHINELOGENTRY, client-2EE9B685757F, cid=34-writeStateMachineData
	at org.apache.ratis.util.IOUtils.getFromFuture(IOUtils.java:87)
	at org.apache.ratis.server.raftlog.segmented.SegmentedRaftLogWorker$StateMachineDataPolicy.getFromFuture(SegmentedRaftLogWorker.java:87)
	at org.apache.ratis.server.raftlog.segmented.SegmentedRaftLogWorker$WriteLog.execute(SegmentedRaftLogWorker.java:477)
	at org.apache.ratis.server.raftlog.segmented.SegmentedRaftLogWorker.run(SegmentedRaftLogWorker.java:289)
	at java.lang.Thread.run(Thread.java:748)
Caused by: java.util.concurrent.TimeoutException
	at java.util.concurrent.CompletableFuture.timedGet(CompletableFuture.java:1771)
	at java.util.concurrent.CompletableFuture.get(CompletableFuture.java:1915)
	at org.apache.ratis.util.IOUtils.getFromFuture(IOUtils.java:79)
	... 4 more
2019-09-17 22:37:13,622 [41f4c1b5-d215-4831-aa76-48270f5e0061@group-C311AD233868-SegmentedRaftLogWorker] WARN  segmented.SegmentedRaftLogWorker (SegmentedRaftLogWorker.java:getFromFuture(90)) - Timeout 10/~
org.apache.ratis.protocol.TimeoutIOException: Timeout 10s: WriteLog:18: (t:1, i:18), STATEMACHINELOGENTRY, client-2EE9B685757F, cid=34-writeStateMachineData
	at org.apache.ratis.util.IOUtils.getFromFuture(IOUtils.java:87)
	at org.apache.ratis.server.raftlog.segmented.SegmentedRaftLogWorker$StateMachineDataPolicy.getFromFuture(SegmentedRaftLogWorker.java:87)
	at org.apache.ratis.server.raftlog.segmented.SegmentedRaftLogWorker$WriteLog.execute(SegmentedRaftLogWorker.java:477)
	at org.apache.ratis.server.raftlog.segmented.SegmentedRaftLogWorker.run(SegmentedRaftLogWorker.java:289)
	at java.lang.Thread.run(Thread.java:748)
Caused by: java.util.concurrent.TimeoutException
	at java.util.concurrent.CompletableFuture.timedGet(CompletableFuture.java:1771)
	at java.util.concurrent.CompletableFuture.get(CompletableFuture.java:1915)
	at org.apache.ratis.util.IOUtils.getFromFuture(IOUtils.java:79)
	... 4 more
2019-09-17 22:37:13,934 [java.util.concurrent.ThreadPoolExecutor$Worker@1444d9b3[State = -1, empty queue]] WARN  server.GrpcLogAppender (GrpcLogAppender.java:timeoutAppendRequest(200)) - bba25625-58dd-4c9e-929d-1a2e91bc3828@group-C311AD233868->f4adb48a-7d7d-4db9-96e8-d2aa5901bd52-GrpcLogAppender: appendEntries Timeout, request=bba25625-58dd-4c9e-929d-1a2e91bc3828->f4adb48a-7d7d-4db9-96e8-d2aa5901bd52#140-t1, previous=(t:1, i:22), leaderCommit=16, initializing? false, entries: <empty>
2019-09-17 22:37:13,934 [java.util.concurrent.ThreadPoolExecutor$Worker@66d00973[State = -1, empty queue]] WARN  server.GrpcLogAppender (GrpcLogAppender.java:timeoutAppendRequest(200)) - bba25625-58dd-4c9e-929d-1a2e91bc3828@group-C311AD233868->41f4c1b5-d215-4831-aa76-48270f5e0061-GrpcLogAppender: appendEntries Timeout, request=bba25625-58dd-4c9e-929d-1a2e91bc3828->41f4c1b5-d215-4831-aa76-48270f5e0061#140-t1, previous=(t:1, i:22), leaderCommit=16, initializing? false, entries: <empty>
2019-09-17 22:37:14,500 [grpc-default-executor-1] INFO  client.GrpcClientProtocolClient (GrpcClientProtocolClient.java:onNext(264)) - client-2EE9B685757F->41f4c1b5-d215-4831-aa76-48270f5e0061: receive RaftClientReply:client-2EE9B685757F->41f4c1b5-d215-4831-aa76-48270f5e0061@group-C311AD233868, cid=33, FAILED org.apache.ratis.protocol.NotLeaderException: Server 41f4c1b5-d215-4831-aa76-48270f5e0061@group-C311AD233868 is not the leader bba25625-58dd-4c9e-929d-1a2e91bc3828:192.168.5.156:36127, logIndex=0, commits[41f4c1b5-d215-4831-aa76-48270f5e0061:c16, f4adb48a-7d7d-4db9-96e8-d2aa5901bd52:c14, bba25625-58dd-4c9e-929d-1a2e91bc3828:c16]
2019-09-17 22:37:16,434 [java.util.concurrent.ThreadPoolExecutor$Worker@1444d9b3[State = -1, empty queue]] WARN  server.GrpcLogAppender (GrpcLogAppender.java:timeoutAppendRequest(200)) - bba25625-58dd-4c9e-929d-1a2e91bc3828@group-C311AD233868->f4adb48a-7d7d-4db9-96e8-d2aa5901bd52-GrpcLogAppender: appendEntries Timeout, request=bba25625-58dd-4c9e-929d-1a2e91bc3828->f4adb48a-7d7d-4db9-96e8-d2aa5901bd52#141-t1, previous=(t:1, i:22), leaderCommit=16, initializing? false, entries: <empty>
2019-09-17 22:37:16,434 [java.util.concurrent.ThreadPoolExecutor$Worker@66d00973[State = -1, empty queue]] WARN  server.GrpcLogAppender (GrpcLogAppender.java:timeoutAppendRequest(200)) - bba25625-58dd-4c9e-929d-1a2e91bc3828@group-C311AD233868->41f4c1b5-d215-4831-aa76-48270f5e0061-GrpcLogAppender: appendEntries Timeout, request=bba25625-58dd-4c9e-929d-1a2e91bc3828->41f4c1b5-d215-4831-aa76-48270f5e0061#141-t1, previous=(t:1, i:22), leaderCommit=16, initializing? false, entries: <empty>
2019-09-17 22:37:18,935 [java.util.concurrent.ThreadPoolExecutor$Worker@1444d9b3[State = -1, empty queue]] WARN  server.GrpcLogAppender (GrpcLogAppender.java:timeoutAppendRequest(200)) - bba25625-58dd-4c9e-929d-1a2e91bc3828@group-C311AD233868->f4adb48a-7d7d-4db9-96e8-d2aa5901bd52-GrpcLogAppender: appendEntries Timeout, request=bba25625-58dd-4c9e-929d-1a2e91bc3828->f4adb48a-7d7d-4db9-96e8-d2aa5901bd52#142-t1, previous=(t:1, i:22), leaderCommit=16, initializing? false, entries: <empty>
2019-09-17 22:37:18,935 [java.util.concurrent.ThreadPoolExecutor$Worker@66d00973[State = -1, empty queue]] WARN  server.GrpcLogAppender (GrpcLogAppender.java:timeoutAppendRequest(200)) - bba25625-58dd-4c9e-929d-1a2e91bc3828@group-C311AD233868->41f4c1b5-d215-4831-aa76-48270f5e0061-GrpcLogAppender: appendEntries Timeout, request=bba25625-58dd-4c9e-929d-1a2e91bc3828->41f4c1b5-d215-4831-aa76-48270f5e0061#142-t1, previous=(t:1, i:22), leaderCommit=16, initializing? false, entries: <empty>
2019-09-17 22:37:19,542 [grpc-default-executor-4] INFO  client.GrpcClientProtocolClient (GrpcClientProtocolClient.java:onNext(264)) - client-2EE9B685757F->41f4c1b5-d215-4831-aa76-48270f5e0061: receive RaftClientReply:client-2EE9B685757F->41f4c1b5-d215-4831-aa76-48270f5e0061@group-C311AD233868, cid=33, FAILED org.apache.ratis.protocol.NotLeaderException: Server 41f4c1b5-d215-4831-aa76-48270f5e0061@group-C311AD233868 is not the leader bba25625-58dd-4c9e-929d-1a2e91bc3828:192.168.5.156:36127, logIndex=0, commits[41f4c1b5-d215-4831-aa76-48270f5e0061:c16, f4adb48a-7d7d-4db9-96e8-d2aa5901bd52:c14, bba25625-58dd-4c9e-929d-1a2e91bc3828:c16]
2019-09-17 22:37:21,435 [java.util.concurrent.ThreadPoolExecutor$Worker@66d00973[State = -1, empty queue]] WARN  server.GrpcLogAppender (GrpcLogAppender.java:timeoutAppendRequest(200)) - bba25625-58dd-4c9e-929d-1a2e91bc3828@group-C311AD233868->41f4c1b5-d215-4831-aa76-48270f5e0061-GrpcLogAppender: appendEntries Timeout, request=bba25625-58dd-4c9e-929d-1a2e91bc3828->41f4c1b5-d215-4831-aa76-48270f5e0061#143-t1, previous=(t:1, i:22), leaderCommit=16, initializing? false, entries: <empty>
2019-09-17 22:37:21,435 [java.util.concurrent.ThreadPoolExecutor$Worker@1444d9b3[State = -1, empty queue]] WARN  server.GrpcLogAppender (GrpcLogAppender.java:timeoutAppendRequest(200)) - bba25625-58dd-4c9e-929d-1a2e91bc3828@group-C311AD233868->f4adb48a-7d7d-4db9-96e8-d2aa5901bd52-GrpcLogAppender: appendEntries Timeout, request=bba25625-58dd-4c9e-929d-1a2e91bc3828->f4adb48a-7d7d-4db9-96e8-d2aa5901bd52#143-t1, previous=(t:1, i:22), leaderCommit=16, initializing? false, entries: <empty>
2019-09-17 22:37:23,418 [f4adb48a-7d7d-4db9-96e8-d2aa5901bd52@group-C311AD233868-SegmentedRaftLogWorker] WARN  segmented.SegmentedRaftLogWorker (SegmentedRaftLogWorker.java:getFromFuture(90)) - Timeout 11/~
org.apache.ratis.protocol.TimeoutIOException: Timeout 10s: WriteLog:17: (t:1, i:17), STATEMACHINELOGENTRY, client-2EE9B685757F, cid=33-writeStateMachineData
	at org.apache.ratis.util.IOUtils.getFromFuture(IOUtils.java:87)
	at org.apache.ratis.server.raftlog.segmented.SegmentedRaftLogWorker$StateMachineDataPolicy.getFromFuture(SegmentedRaftLogWorker.java:87)
	at org.apache.ratis.server.raftlog.segmented.SegmentedRaftLogWorker$WriteLog.execute(SegmentedRaftLogWorker.java:477)
	at org.apache.ratis.server.raftlog.segmented.SegmentedRaftLogWorker.run(SegmentedRaftLogWorker.java:289)
	at java.lang.Thread.run(Thread.java:748)
Caused by: java.util.concurrent.TimeoutException
	at java.util.concurrent.CompletableFuture.timedGet(CompletableFuture.java:1771)
	at java.util.concurrent.CompletableFuture.get(CompletableFuture.java:1915)
	at org.apache.ratis.util.IOUtils.getFromFuture(IOUtils.java:79)
	... 4 more
2019-09-17 22:37:23,440 [org.apache.ratis.server.impl.LogAppender$AppenderDaemon$$Lambda$486/264626604@315c227d] ERROR ratis.XceiverServerRatis (XceiverServerRatis.java:triggerPipelineClose(575)) - pipeline Action CLOSE  on pipeline PipelineID=0b7a50c3-0882-4d89-8a66-c311ad233868.Reason : bba25625-58dd-4c9e-929d-1a2e91bc3828 has not seen follower/s 41f4c1b5-d215-4831-aa76-48270f5e0061 for 120137ms f4adb48a-7d7d-4db9-96e8-d2aa5901bd52 for 120137ms
2019-09-17 22:37:23,440 [org.apache.ratis.server.impl.LogAppender$AppenderDaemon$$Lambda$486/264626604@797d947d] ERROR ratis.XceiverServerRatis (XceiverServerRatis.java:triggerPipelineClose(575)) - pipeline Action CLOSE  on pipeline PipelineID=0b7a50c3-0882-4d89-8a66-c311ad233868.Reason : bba25625-58dd-4c9e-929d-1a2e91bc3828 has not seen follower/s 41f4c1b5-d215-4831-aa76-48270f5e0061 for 120137ms f4adb48a-7d7d-4db9-96e8-d2aa5901bd52 for 120137ms
2019-09-17 22:37:23,603 [EventQueue-PipelineActionsForPipelineActionHandler] ERROR pipeline.PipelineActionHandler (PipelineActionHandler.java:onMessage(60)) - Received pipeline action CLOSE for Pipeline[ Id: 0b7a50c3-0882-4d89-8a66-c311ad233868, Nodes: f4adb48a-7d7d-4db9-96e8-d2aa5901bd52{ip: 192.168.5.156, host: pr-hdds-2121-pbfts-3191465506, networkLocation: /default-rack, certSerialId: null}bba25625-58dd-4c9e-929d-1a2e91bc3828{ip: 192.168.5.156, host: pr-hdds-2121-pbfts-3191465506, networkLocation: /default-rack, certSerialId: null}41f4c1b5-d215-4831-aa76-48270f5e0061{ip: 192.168.5.156, host: pr-hdds-2121-pbfts-3191465506, networkLocation: /default-rack, certSerialId: null}, Type:RATIS, Factor:THREE, State:OPEN] from datanode bba25625-58dd-4c9e-929d-1a2e91bc3828{ip: 192.168.5.156, host: pr-hdds-2121-pbfts-3191465506, networkLocation: /default-rack, certSerialId: null}. Reason : bba25625-58dd-4c9e-929d-1a2e91bc3828 has not seen follower/s 41f4c1b5-d215-4831-aa76-48270f5e0061 for 120137ms f4adb48a-7d7d-4db9-96e8-d2aa5901bd52 for 120137ms
2019-09-17 22:37:23,603 [EventQueue-PipelineActionsForPipelineActionHandler] INFO  pipeline.SCMPipelineManager (SCMPipelineManager.java:finalizeAndDestroyPipeline(311)) - destroying pipeline:Pipeline[ Id: 0b7a50c3-0882-4d89-8a66-c311ad233868, Nodes: f4adb48a-7d7d-4db9-96e8-d2aa5901bd52{ip: 192.168.5.156, host: pr-hdds-2121-pbfts-3191465506, networkLocation: /default-rack, certSerialId: null}bba25625-58dd-4c9e-929d-1a2e91bc3828{ip: 192.168.5.156, host: pr-hdds-2121-pbfts-3191465506, networkLocation: /default-rack, certSerialId: null}41f4c1b5-d215-4831-aa76-48270f5e0061{ip: 192.168.5.156, host: pr-hdds-2121-pbfts-3191465506, networkLocation: /default-rack, certSerialId: null}, Type:RATIS, Factor:THREE, State:OPEN]
2019-09-17 22:37:23,604 [EventQueue-PipelineActionsForPipelineActionHandler] INFO  pipeline.PipelineStateManager (PipelineStateManager.java:finalizePipeline(123)) - Pipeline Pipeline[ Id: 0b7a50c3-0882-4d89-8a66-c311ad233868, Nodes: f4adb48a-7d7d-4db9-96e8-d2aa5901bd52{ip: 192.168.5.156, host: pr-hdds-2121-pbfts-3191465506, networkLocation: /default-rack, certSerialId: null}bba25625-58dd-4c9e-929d-1a2e91bc3828{ip: 192.168.5.156, host: pr-hdds-2121-pbfts-3191465506, networkLocation: /default-rack, certSerialId: null}41f4c1b5-d215-4831-aa76-48270f5e0061{ip: 192.168.5.156, host: pr-hdds-2121-pbfts-3191465506, networkLocation: /default-rack, certSerialId: null}, Type:RATIS, Factor:THREE, State:CLOSED] moved to CLOSED state
2019-09-17 22:37:23,604 [EventQueue-CloseContainerForCloseContainerEventHandler] INFO  container.CloseContainerEventHandler (CloseContainerEventHandler.java:onMessage(61)) - Close container Event triggered for container : #2
2019-09-17 22:37:23,605 [EventQueue-CloseContainerForCloseContainerEventHandler] INFO  container.CloseContainerEventHandler (CloseContainerEventHandler.java:onMessage(61)) - Close container Event triggered for container : #4
2019-09-17 22:37:23,606 [EventQueue-CloseContainerForCloseContainerEventHandler] INFO  container.CloseContainerEventHandler (CloseContainerEventHandler.java:onMessage(61)) - Close container Event triggered for container : #5
2019-09-17 22:37:23,622 [bba25625-58dd-4c9e-929d-1a2e91bc3828@group-C311AD233868-SegmentedRaftLogWorker] WARN  segmented.SegmentedRaftLogWorker (SegmentedRaftLogWorker.java:getFromFuture(90)) - Timeout 11/~
org.apache.ratis.protocol.TimeoutIOException: Timeout 10s: WriteLog:18: (t:1, i:18), STATEMACHINELOGENTRY, client-2EE9B685757F, cid=34-writeStateMachineData
	at org.apache.ratis.util.IOUtils.getFromFuture(IOUtils.java:87)
	at org.apache.ratis.server.raftlog.segmented.SegmentedRaftLogWorker$StateMachineDataPolicy.getFromFuture(SegmentedRaftLogWorker.java:87)
	at org.apache.ratis.server.raftlog.segmented.SegmentedRaftLogWorker$WriteLog.execute(SegmentedRaftLogWorker.java:477)
	at org.apache.ratis.server.raftlog.segmented.SegmentedRaftLogWorker.run(SegmentedRaftLogWorker.java:289)
	at java.lang.Thread.run(Thread.java:748)
Caused by: java.util.concurrent.TimeoutException
	at java.util.concurrent.CompletableFuture.timedGet(CompletableFuture.java:1771)
	at java.util.concurrent.CompletableFuture.get(CompletableFuture.java:1915)
	at org.apache.ratis.util.IOUtils.getFromFuture(IOUtils.java:79)
	... 4 more
2019-09-17 22:37:23,622 [41f4c1b5-d215-4831-aa76-48270f5e0061@group-C311AD233868-SegmentedRaftLogWorker] WARN  segmented.SegmentedRaftLogWorker (SegmentedRaftLogWorker.java:getFromFuture(90)) - Timeout 11/~
org.apache.ratis.protocol.TimeoutIOException: Timeout 10s: WriteLog:18: (t:1, i:18), STATEMACHINELOGENTRY, client-2EE9B685757F, cid=34-writeStateMachineData
	at org.apache.ratis.util.IOUtils.getFromFuture(IOUtils.java:87)
	at org.apache.ratis.server.raftlog.segmented.SegmentedRaftLogWorker$StateMachineDataPolicy.getFromFuture(SegmentedRaftLogWorker.java:87)
	at org.apache.ratis.server.raftlog.segmented.SegmentedRaftLogWorker$WriteLog.execute(SegmentedRaftLogWorker.java:477)
	at org.apache.ratis.server.raftlog.segmented.SegmentedRaftLogWorker.run(SegmentedRaftLogWorker.java:289)
	at java.lang.Thread.run(Thread.java:748)
Caused by: java.util.concurrent.TimeoutException
	at java.util.concurrent.CompletableFuture.timedGet(CompletableFuture.java:1771)
	at java.util.concurrent.CompletableFuture.get(CompletableFuture.java:1915)
	at org.apache.ratis.util.IOUtils.getFromFuture(IOUtils.java:79)
	... 4 more
2019-09-17 22:37:23,935 [java.util.concurrent.ThreadPoolExecutor$Worker@1444d9b3[State = -1, empty queue]] WARN  server.GrpcLogAppender (GrpcLogAppender.java:timeoutAppendRequest(200)) - bba25625-58dd-4c9e-929d-1a2e91bc3828@group-C311AD233868->f4adb48a-7d7d-4db9-96e8-d2aa5901bd52-GrpcLogAppender: appendEntries Timeout, request=bba25625-58dd-4c9e-929d-1a2e91bc3828->f4adb48a-7d7d-4db9-96e8-d2aa5901bd52#144-t1, previous=(t:1, i:22), leaderCommit=16, initializing? false, entries: <empty>
2019-09-17 22:37:23,935 [java.util.concurrent.ThreadPoolExecutor$Worker@66d00973[State = -1, empty queue]] WARN  server.GrpcLogAppender (GrpcLogAppender.java:timeoutAppendRequest(200)) - bba25625-58dd-4c9e-929d-1a2e91bc3828@group-C311AD233868->41f4c1b5-d215-4831-aa76-48270f5e0061-GrpcLogAppender: appendEntries Timeout, request=bba25625-58dd-4c9e-929d-1a2e91bc3828->41f4c1b5-d215-4831-aa76-48270f5e0061#144-t1, previous=(t:1, i:22), leaderCommit=16, initializing? false, entries: <empty>
2019-09-17 22:37:24,601 [grpc-default-executor-1] INFO  client.GrpcClientProtocolClient (GrpcClientProtocolClient.java:onNext(264)) - client-2EE9B685757F->41f4c1b5-d215-4831-aa76-48270f5e0061: receive RaftClientReply:client-2EE9B685757F->41f4c1b5-d215-4831-aa76-48270f5e0061@group-C311AD233868, cid=33, FAILED org.apache.ratis.protocol.NotLeaderException: Server 41f4c1b5-d215-4831-aa76-48270f5e0061@group-C311AD233868 is not the leader bba25625-58dd-4c9e-929d-1a2e91bc3828:192.168.5.156:36127, logIndex=0, commits[41f4c1b5-d215-4831-aa76-48270f5e0061:c16, f4adb48a-7d7d-4db9-96e8-d2aa5901bd52:c14, bba25625-58dd-4c9e-929d-1a2e91bc3828:c16]
2019-09-17 22:37:25,642 [org.apache.ratis.server.impl.LogAppender$AppenderDaemon$$Lambda$486/264626604@797d947d] ERROR ratis.XceiverServerRatis (XceiverServerRatis.java:triggerPipelineClose(575)) - pipeline Action CLOSE  on pipeline PipelineID=0b7a50c3-0882-4d89-8a66-c311ad233868.Reason : bba25625-58dd-4c9e-929d-1a2e91bc3828 has not seen follower/s 41f4c1b5-d215-4831-aa76-48270f5e0061 for 122344ms f4adb48a-7d7d-4db9-96e8-d2aa5901bd52 for 122343ms
2019-09-17 22:37:25,642 [org.apache.ratis.server.impl.LogAppender$AppenderDaemon$$Lambda$486/264626604@315c227d] ERROR ratis.XceiverServerRatis (XceiverServerRatis.java:triggerPipelineClose(575)) - pipeline Action CLOSE  on pipeline PipelineID=0b7a50c3-0882-4d89-8a66-c311ad233868.Reason : bba25625-58dd-4c9e-929d-1a2e91bc3828 has not seen follower/s 41f4c1b5-d215-4831-aa76-48270f5e0061 for 122344ms f4adb48a-7d7d-4db9-96e8-d2aa5901bd52 for 122343ms
2019-09-17 22:37:26,436 [java.util.concurrent.ThreadPoolExecutor$Worker@66d00973[State = -1, empty queue]] WARN  server.GrpcLogAppender (GrpcLogAppender.java:timeoutAppendRequest(200)) - bba25625-58dd-4c9e-929d-1a2e91bc3828@group-C311AD233868->41f4c1b5-d215-4831-aa76-48270f5e0061-GrpcLogAppender: appendEntries Timeout, request=bba25625-58dd-4c9e-929d-1a2e91bc3828->41f4c1b5-d215-4831-aa76-48270f5e0061#145-t1, previous=(t:1, i:22), leaderCommit=16, initializing? false, entries: <empty>
2019-09-17 22:37:26,436 [java.util.concurrent.ThreadPoolExecutor$Worker@1444d9b3[State = -1, empty queue]] WARN  server.GrpcLogAppender (GrpcLogAppender.java:timeoutAppendRequest(200)) - bba25625-58dd-4c9e-929d-1a2e91bc3828@group-C311AD233868->f4adb48a-7d7d-4db9-96e8-d2aa5901bd52-GrpcLogAppender: appendEntries Timeout, request=bba25625-58dd-4c9e-929d-1a2e91bc3828->f4adb48a-7d7d-4db9-96e8-d2aa5901bd52#145-t1, previous=(t:1, i:22), leaderCommit=16, initializing? false, entries: <empty>
2019-09-17 22:37:26,642 [EventQueue-PipelineActionsForPipelineActionHandler] ERROR pipeline.PipelineActionHandler (PipelineActionHandler.java:onMessage(60)) - Received pipeline action CLOSE for Pipeline[ Id: 0b7a50c3-0882-4d89-8a66-c311ad233868, Nodes: f4adb48a-7d7d-4db9-96e8-d2aa5901bd52{ip: 192.168.5.156, host: pr-hdds-2121-pbfts-3191465506, networkLocation: /default-rack, certSerialId: null}bba25625-58dd-4c9e-929d-1a2e91bc3828{ip: 192.168.5.156, host: pr-hdds-2121-pbfts-3191465506, networkLocation: /default-rack, certSerialId: null}41f4c1b5-d215-4831-aa76-48270f5e0061{ip: 192.168.5.156, host: pr-hdds-2121-pbfts-3191465506, networkLocation: /default-rack, certSerialId: null}, Type:RATIS, Factor:THREE, State:CLOSED] from datanode bba25625-58dd-4c9e-929d-1a2e91bc3828{ip: 192.168.5.156, host: pr-hdds-2121-pbfts-3191465506, networkLocation: /default-rack, certSerialId: null}. Reason : bba25625-58dd-4c9e-929d-1a2e91bc3828 has not seen follower/s 41f4c1b5-d215-4831-aa76-48270f5e0061 for 122344ms f4adb48a-7d7d-4db9-96e8-d2aa5901bd52 for 122343ms
2019-09-17 22:37:26,643 [EventQueue-PipelineActionsForPipelineActionHandler] INFO  pipeline.SCMPipelineManager (SCMPipelineManager.java:finalizeAndDestroyPipeline(311)) - destroying pipeline:Pipeline[ Id: 0b7a50c3-0882-4d89-8a66-c311ad233868, Nodes: f4adb48a-7d7d-4db9-96e8-d2aa5901bd52{ip: 192.168.5.156, host: pr-hdds-2121-pbfts-3191465506, networkLocation: /default-rack, certSerialId: null}bba25625-58dd-4c9e-929d-1a2e91bc3828{ip: 192.168.5.156, host: pr-hdds-2121-pbfts-3191465506, networkLocation: /default-rack, certSerialId: null}41f4c1b5-d215-4831-aa76-48270f5e0061{ip: 192.168.5.156, host: pr-hdds-2121-pbfts-3191465506, networkLocation: /default-rack, certSerialId: null}, Type:RATIS, Factor:THREE, State:CLOSED]
2019-09-17 22:37:28,144 [org.apache.ratis.server.impl.LogAppender$AppenderDaemon$$Lambda$486/264626604@797d947d] ERROR ratis.XceiverServerRatis (XceiverServerRatis.java:triggerPipelineClose(575)) - pipeline Action CLOSE  on pipeline PipelineID=0b7a50c3-0882-4d89-8a66-c311ad233868.Reason : bba25625-58dd-4c9e-929d-1a2e91bc3828 has not seen follower/s 41f4c1b5-d215-4831-aa76-48270f5e0061 for 124845ms f4adb48a-7d7d-4db9-96e8-d2aa5901bd52 for 124845ms
2019-09-17 22:37:28,144 [org.apache.ratis.server.impl.LogAppender$AppenderDaemon$$Lambda$486/264626604@315c227d] ERROR ratis.XceiverServerRatis (XceiverServerRatis.java:triggerPipelineClose(575)) - pipeline Action CLOSE  on pipeline PipelineID=0b7a50c3-0882-4d89-8a66-c311ad233868.Reason : bba25625-58dd-4c9e-929d-1a2e91bc3828 has not seen follower/s 41f4c1b5-d215-4831-aa76-48270f5e0061 for 124845ms f4adb48a-7d7d-4db9-96e8-d2aa5901bd52 for 124845ms
2019-09-17 22:37:28,640 [EventQueue-PipelineActionsForPipelineActionHandler] ERROR pipeline.PipelineActionHandler (PipelineActionHandler.java:onMessage(60)) - Received pipeline action CLOSE for Pipeline[ Id: 0b7a50c3-0882-4d89-8a66-c311ad233868, Nodes: f4adb48a-7d7d-4db9-96e8-d2aa5901bd52{ip: 192.168.5.156, host: pr-hdds-2121-pbfts-3191465506, networkLocation: /default-rack, certSerialId: null}bba25625-58dd-4c9e-929d-1a2e91bc3828{ip: 192.168.5.156, host: pr-hdds-2121-pbfts-3191465506, networkLocation: /default-rack, certSerialId: null}41f4c1b5-d215-4831-aa76-48270f5e0061{ip: 192.168.5.156, host: pr-hdds-2121-pbfts-3191465506, networkLocation: /default-rack, certSerialId: null}, Type:RATIS, Factor:THREE, State:CLOSED] from datanode bba25625-58dd-4c9e-929d-1a2e91bc3828{ip: 192.168.5.156, host: pr-hdds-2121-pbfts-3191465506, networkLocation: /default-rack, certSerialId: null}. Reason : bba25625-58dd-4c9e-929d-1a2e91bc3828 has not seen follower/s 41f4c1b5-d215-4831-aa76-48270f5e0061 for 124845ms f4adb48a-7d7d-4db9-96e8-d2aa5901bd52 for 124845ms
2019-09-17 22:37:28,641 [EventQueue-PipelineActionsForPipelineActionHandler] INFO  pipeline.SCMPipelineManager (SCMPipelineManager.java:finalizeAndDestroyPipeline(311)) - destroying pipeline:Pipeline[ Id: 0b7a50c3-0882-4d89-8a66-c311ad233868, Nodes: f4adb48a-7d7d-4db9-96e8-d2aa5901bd52{ip: 192.168.5.156, host: pr-hdds-2121-pbfts-3191465506, networkLocation: /default-rack, certSerialId: null}bba25625-58dd-4c9e-929d-1a2e91bc3828{ip: 192.168.5.156, host: pr-hdds-2121-pbfts-3191465506, networkLocation: /default-rack, certSerialId: null}41f4c1b5-d215-4831-aa76-48270f5e0061{ip: 192.168.5.156, host: pr-hdds-2121-pbfts-3191465506, networkLocation: /default-rack, certSerialId: null}, Type:RATIS, Factor:THREE, State:CLOSED]
2019-09-17 22:37:28,642 [java.util.concurrent.ThreadPoolExecutor$Worker@1444d9b3[State = -1, empty queue]] WARN  server.GrpcLogAppender (GrpcLogAppender.java:timeoutAppendRequest(200)) - bba25625-58dd-4c9e-929d-1a2e91bc3828@group-C311AD233868->f4adb48a-7d7d-4db9-96e8-d2aa5901bd52-GrpcLogAppender: appendEntries Timeout, request=bba25625-58dd-4c9e-929d-1a2e91bc3828->f4adb48a-7d7d-4db9-96e8-d2aa5901bd52#146-t1, previous=(t:1, i:22), leaderCommit=16, initializing? false, entries: size=1, first=(t:1, i:23), STATEMACHINELOGENTRY, client-164808DF563B, cid=6
2019-09-17 22:37:28,642 [java.util.concurrent.ThreadPoolExecutor$Worker@66d00973[State = -1, empty queue]] WARN  server.GrpcLogAppender (GrpcLogAppender.java:timeoutAppendRequest(200)) - bba25625-58dd-4c9e-929d-1a2e91bc3828@group-C311AD233868->41f4c1b5-d215-4831-aa76-48270f5e0061-GrpcLogAppender: appendEntries Timeout, request=bba25625-58dd-4c9e-929d-1a2e91bc3828->41f4c1b5-d215-4831-aa76-48270f5e0061#146-t1, previous=(t:1, i:22), leaderCommit=16, initializing? false, entries: size=1, first=(t:1, i:23), STATEMACHINELOGENTRY, client-164808DF563B, cid=6
2019-09-17 22:37:29,642 [grpc-default-executor-4] INFO  client.GrpcClientProtocolClient (GrpcClientProtocolClient.java:onNext(264)) - client-2EE9B685757F->f4adb48a-7d7d-4db9-96e8-d2aa5901bd52: receive RaftClientReply:client-2EE9B685757F->f4adb48a-7d7d-4db9-96e8-d2aa5901bd52@group-C311AD233868, cid=33, FAILED org.apache.ratis.protocol.NotLeaderException: Server f4adb48a-7d7d-4db9-96e8-d2aa5901bd52@group-C311AD233868 is not the leader bba25625-58dd-4c9e-929d-1a2e91bc3828:192.168.5.156:36127, logIndex=0, commits[f4adb48a-7d7d-4db9-96e8-d2aa5901bd52:c16, 41f4c1b5-d215-4831-aa76-48270f5e0061:c14, bba25625-58dd-4c9e-929d-1a2e91bc3828:c16]
2019-09-17 22:37:30,646 [org.apache.ratis.server.impl.LogAppender$AppenderDaemon$$Lambda$486/264626604@315c227d] ERROR ratis.XceiverServerRatis (XceiverServerRatis.java:triggerPipelineClose(575)) - pipeline Action CLOSE  on pipeline PipelineID=0b7a50c3-0882-4d89-8a66-c311ad233868.Reason : bba25625-58dd-4c9e-929d-1a2e91bc3828 has not seen follower/s 41f4c1b5-d215-4831-aa76-48270f5e0061 for 127347ms f4adb48a-7d7d-4db9-96e8-d2aa5901bd52 for 127347ms
2019-09-17 22:37:30,646 [org.apache.ratis.server.impl.LogAppender$AppenderDaemon$$Lambda$486/264626604@797d947d] ERROR ratis.XceiverServerRatis (XceiverServerRatis.java:triggerPipelineClose(575)) - pipeline Action CLOSE  on pipeline PipelineID=0b7a50c3-0882-4d89-8a66-c311ad233868.Reason : bba25625-58dd-4c9e-929d-1a2e91bc3828 has not seen follower/s 41f4c1b5-d215-4831-aa76-48270f5e0061 for 127347ms f4adb48a-7d7d-4db9-96e8-d2aa5901bd52 for 127347ms
2019-09-17 22:37:31,144 [java.util.concurrent.ThreadPoolExecutor$Worker@66d00973[State = -1, empty queue]] WARN  server.GrpcLogAppender (GrpcLogAppender.java:timeoutAppendRequest(200)) - bba25625-58dd-4c9e-929d-1a2e91bc3828@group-C311AD233868->41f4c1b5-d215-4831-aa76-48270f5e0061-GrpcLogAppender: appendEntries Timeout, request=bba25625-58dd-4c9e-929d-1a2e91bc3828->41f4c1b5-d215-4831-aa76-48270f5e0061#147-t1, previous=(t:1, i:23), leaderCommit=16, initializing? false, entries: <empty>
2019-09-17 22:37:31,144 [java.util.concurrent.ThreadPoolExecutor$Worker@1444d9b3[State = -1, empty queue]] WARN  server.GrpcLogAppender (GrpcLogAppender.java:timeoutAppendRequest(200)) - bba25625-58dd-4c9e-929d-1a2e91bc3828@group-C311AD233868->f4adb48a-7d7d-4db9-96e8-d2aa5901bd52-GrpcLogAppender: appendEntries Timeout, request=bba25625-58dd-4c9e-929d-1a2e91bc3828->f4adb48a-7d7d-4db9-96e8-d2aa5901bd52#147-t1, previous=(t:1, i:23), leaderCommit=16, initializing? false, entries: <empty>
2019-09-17 22:37:31,644 [EventQueue-PipelineActionsForPipelineActionHandler] ERROR pipeline.PipelineActionHandler (PipelineActionHandler.java:onMessage(60)) - Received pipeline action CLOSE for Pipeline[ Id: 0b7a50c3-0882-4d89-8a66-c311ad233868, Nodes: f4adb48a-7d7d-4db9-96e8-d2aa5901bd52{ip: 192.168.5.156, host: pr-hdds-2121-pbfts-3191465506, networkLocation: /default-rack, certSerialId: null}bba25625-58dd-4c9e-929d-1a2e91bc3828{ip: 192.168.5.156, host: pr-hdds-2121-pbfts-3191465506, networkLocation: /default-rack, certSerialId: null}41f4c1b5-d215-4831-aa76-48270f5e0061{ip: 192.168.5.156, host: pr-hdds-2121-pbfts-3191465506, networkLocation: /default-rack, certSerialId: null}, Type:RATIS, Factor:THREE, State:CLOSED] from datanode bba25625-58dd-4c9e-929d-1a2e91bc3828{ip: 192.168.5.156, host: pr-hdds-2121-pbfts-3191465506, networkLocation: /default-rack, certSerialId: null}. Reason : bba25625-58dd-4c9e-929d-1a2e91bc3828 has not seen follower/s 41f4c1b5-d215-4831-aa76-48270f5e0061 for 127347ms f4adb48a-7d7d-4db9-96e8-d2aa5901bd52 for 127347ms
2019-09-17 22:37:31,644 [EventQueue-PipelineActionsForPipelineActionHandler] INFO  pipeline.SCMPipelineManager (SCMPipelineManager.java:finalizeAndDestroyPipeline(311)) - destroying pipeline:Pipeline[ Id: 0b7a50c3-0882-4d89-8a66-c311ad233868, Nodes: f4adb48a-7d7d-4db9-96e8-d2aa5901bd52{ip: 192.168.5.156, host: pr-hdds-2121-pbfts-3191465506, networkLocation: /default-rack, certSerialId: null}bba25625-58dd-4c9e-929d-1a2e91bc3828{ip: 192.168.5.156, host: pr-hdds-2121-pbfts-3191465506, networkLocation: /default-rack, certSerialId: null}41f4c1b5-d215-4831-aa76-48270f5e0061{ip: 192.168.5.156, host: pr-hdds-2121-pbfts-3191465506, networkLocation: /default-rack, certSerialId: null}, Type:RATIS, Factor:THREE, State:CLOSED]
2019-09-17 22:37:33,146 [org.apache.ratis.server.impl.LogAppender$AppenderDaemon$$Lambda$486/264626604@797d947d] ERROR ratis.XceiverServerRatis (XceiverServerRatis.java:triggerPipelineClose(575)) - pipeline Action CLOSE  on pipeline PipelineID=0b7a50c3-0882-4d89-8a66-c311ad233868.Reason : bba25625-58dd-4c9e-929d-1a2e91bc3828 has not seen follower/s 41f4c1b5-d215-4831-aa76-48270f5e0061 for 129848ms f4adb48a-7d7d-4db9-96e8-d2aa5901bd52 for 129847ms
2019-09-17 22:37:33,146 [org.apache.ratis.server.impl.LogAppender$AppenderDaemon$$Lambda$486/264626604@315c227d] ERROR ratis.XceiverServerRatis (XceiverServerRatis.java:triggerPipelineClose(575)) - pipeline Action CLOSE  on pipeline PipelineID=0b7a50c3-0882-4d89-8a66-c311ad233868.Reason : bba25625-58dd-4c9e-929d-1a2e91bc3828 has not seen follower/s 41f4c1b5-d215-4831-aa76-48270f5e0061 for 129848ms f4adb48a-7d7d-4db9-96e8-d2aa5901bd52 for 129847ms
2019-09-17 22:37:33,419 [f4adb48a-7d7d-4db9-96e8-d2aa5901bd52@group-C311AD233868-SegmentedRaftLogWorker] WARN  segmented.SegmentedRaftLogWorker (SegmentedRaftLogWorker.java:getFromFuture(90)) - Timeout 12/~
org.apache.ratis.protocol.TimeoutIOException: Timeout 10s: WriteLog:17: (t:1, i:17), STATEMACHINELOGENTRY, client-2EE9B685757F, cid=33-writeStateMachineData
	at org.apache.ratis.util.IOUtils.getFromFuture(IOUtils.java:87)
	at org.apache.ratis.server.raftlog.segmented.SegmentedRaftLogWorker$StateMachineDataPolicy.getFromFuture(SegmentedRaftLogWorker.java:87)
	at org.apache.ratis.server.raftlog.segmented.SegmentedRaftLogWorker$WriteLog.execute(SegmentedRaftLogWorker.java:477)
	at org.apache.ratis.server.raftlog.segmented.SegmentedRaftLogWorker.run(SegmentedRaftLogWorker.java:289)
	at java.lang.Thread.run(Thread.java:748)
Caused by: java.util.concurrent.TimeoutException
	at java.util.concurrent.CompletableFuture.timedGet(CompletableFuture.java:1771)
	at java.util.concurrent.CompletableFuture.get(CompletableFuture.java:1915)
	at org.apache.ratis.util.IOUtils.getFromFuture(IOUtils.java:79)
	... 4 more
2019-09-17 22:37:33,623 [bba25625-58dd-4c9e-929d-1a2e91bc3828@group-C311AD233868-SegmentedRaftLogWorker] WARN  segmented.SegmentedRaftLogWorker (SegmentedRaftLogWorker.java:getFromFuture(90)) - Timeout 12/~
org.apache.ratis.protocol.TimeoutIOException: Timeout 10s: WriteLog:18: (t:1, i:18), STATEMACHINELOGENTRY, client-2EE9B685757F, cid=34-writeStateMachineData
	at org.apache.ratis.util.IOUtils.getFromFuture(IOUtils.java:87)
	at org.apache.ratis.server.raftlog.segmented.SegmentedRaftLogWorker$StateMachineDataPolicy.getFromFuture(SegmentedRaftLogWorker.java:87)
	at org.apache.ratis.server.raftlog.segmented.SegmentedRaftLogWorker$WriteLog.execute(SegmentedRaftLogWorker.java:477)
	at org.apache.ratis.server.raftlog.segmented.SegmentedRaftLogWorker.run(SegmentedRaftLogWorker.java:289)
	at java.lang.Thread.run(Thread.java:748)
Caused by: java.util.concurrent.TimeoutException
	at java.util.concurrent.CompletableFuture.timedGet(CompletableFuture.java:1771)
	at java.util.concurrent.CompletableFuture.get(CompletableFuture.java:1915)
	at org.apache.ratis.util.IOUtils.getFromFuture(IOUtils.java:79)
	... 4 more
2019-09-17 22:37:33,623 [41f4c1b5-d215-4831-aa76-48270f5e0061@group-C311AD233868-SegmentedRaftLogWorker] WARN  segmented.SegmentedRaftLogWorker (SegmentedRaftLogWorker.java:getFromFuture(90)) - Timeout 12/~
org.apache.ratis.protocol.TimeoutIOException: Timeout 10s: WriteLog:18: (t:1, i:18), STATEMACHINELOGENTRY, client-2EE9B685757F, cid=34-writeStateMachineData
	at org.apache.ratis.util.IOUtils.getFromFuture(IOUtils.java:87)
	at org.apache.ratis.server.raftlog.segmented.SegmentedRaftLogWorker$StateMachineDataPolicy.getFromFuture(SegmentedRaftLogWorker.java:87)
	at org.apache.ratis.server.raftlog.segmented.SegmentedRaftLogWorker$WriteLog.execute(SegmentedRaftLogWorker.java:477)
	at org.apache.ratis.server.raftlog.segmented.SegmentedRaftLogWorker.run(SegmentedRaftLogWorker.java:289)
	at java.lang.Thread.run(Thread.java:748)
Caused by: java.util.concurrent.TimeoutException
	at java.util.concurrent.CompletableFuture.timedGet(CompletableFuture.java:1771)
	at java.util.concurrent.CompletableFuture.get(CompletableFuture.java:1915)
	at org.apache.ratis.util.IOUtils.getFromFuture(IOUtils.java:79)
	... 4 more
2019-09-17 22:37:33,645 [EventQueue-PipelineActionsForPipelineActionHandler] ERROR pipeline.PipelineActionHandler (PipelineActionHandler.java:onMessage(60)) - Received pipeline action CLOSE for Pipeline[ Id: 0b7a50c3-0882-4d89-8a66-c311ad233868, Nodes: f4adb48a-7d7d-4db9-96e8-d2aa5901bd52{ip: 192.168.5.156, host: pr-hdds-2121-pbfts-3191465506, networkLocation: /default-rack, certSerialId: null}bba25625-58dd-4c9e-929d-1a2e91bc3828{ip: 192.168.5.156, host: pr-hdds-2121-pbfts-3191465506, networkLocation: /default-rack, certSerialId: null}41f4c1b5-d215-4831-aa76-48270f5e0061{ip: 192.168.5.156, host: pr-hdds-2121-pbfts-3191465506, networkLocation: /default-rack, certSerialId: null}, Type:RATIS, Factor:THREE, State:CLOSED] from datanode bba25625-58dd-4c9e-929d-1a2e91bc3828{ip: 192.168.5.156, host: pr-hdds-2121-pbfts-3191465506, networkLocation: /default-rack, certSerialId: null}. Reason : bba25625-58dd-4c9e-929d-1a2e91bc3828 has not seen follower/s 41f4c1b5-d215-4831-aa76-48270f5e0061 for 129848ms f4adb48a-7d7d-4db9-96e8-d2aa5901bd52 for 129847ms
2019-09-17 22:37:33,645 [EventQueue-PipelineActionsForPipelineActionHandler] INFO  pipeline.SCMPipelineManager (SCMPipelineManager.java:finalizeAndDestroyPipeline(311)) - destroying pipeline:Pipeline[ Id: 0b7a50c3-0882-4d89-8a66-c311ad233868, Nodes: f4adb48a-7d7d-4db9-96e8-d2aa5901bd52{ip: 192.168.5.156, host: pr-hdds-2121-pbfts-3191465506, networkLocation: /default-rack, certSerialId: null}bba25625-58dd-4c9e-929d-1a2e91bc3828{ip: 192.168.5.156, host: pr-hdds-2121-pbfts-3191465506, networkLocation: /default-rack, certSerialId: null}41f4c1b5-d215-4831-aa76-48270f5e0061{ip: 192.168.5.156, host: pr-hdds-2121-pbfts-3191465506, networkLocation: /default-rack, certSerialId: null}, Type:RATIS, Factor:THREE, State:CLOSED]
2019-09-17 22:37:33,646 [java.util.concurrent.ThreadPoolExecutor$Worker@66d00973[State = -1, empty queue]] WARN  server.GrpcLogAppender (GrpcLogAppender.java:timeoutAppendRequest(200)) - bba25625-58dd-4c9e-929d-1a2e91bc3828@group-C311AD233868->41f4c1b5-d215-4831-aa76-48270f5e0061-GrpcLogAppender: appendEntries Timeout, request=bba25625-58dd-4c9e-929d-1a2e91bc3828->41f4c1b5-d215-4831-aa76-48270f5e0061#148-t1, previous=(t:1, i:23), leaderCommit=16, initializing? false, entries: <empty>
2019-09-17 22:37:33,646 [java.util.concurrent.ThreadPoolExecutor$Worker@1444d9b3[State = -1, empty queue]] WARN  server.GrpcLogAppender (GrpcLogAppender.java:timeoutAppendRequest(200)) - bba25625-58dd-4c9e-929d-1a2e91bc3828@group-C311AD233868->f4adb48a-7d7d-4db9-96e8-d2aa5901bd52-GrpcLogAppender: appendEntries Timeout, request=bba25625-58dd-4c9e-929d-1a2e91bc3828->f4adb48a-7d7d-4db9-96e8-d2aa5901bd52#148-t1, previous=(t:1, i:23), leaderCommit=16, initializing? false, entries: <empty>
2019-09-17 22:37:34,699 [grpc-default-executor-1] INFO  client.GrpcClientProtocolClient (GrpcClientProtocolClient.java:onNext(264)) - client-2EE9B685757F->41f4c1b5-d215-4831-aa76-48270f5e0061: receive RaftClientReply:client-2EE9B685757F->41f4c1b5-d215-4831-aa76-48270f5e0061@group-C311AD233868, cid=33, FAILED org.apache.ratis.protocol.NotLeaderException: Server 41f4c1b5-d215-4831-aa76-48270f5e0061@group-C311AD233868 is not the leader bba25625-58dd-4c9e-929d-1a2e91bc3828:192.168.5.156:36127, logIndex=0, commits[41f4c1b5-d215-4831-aa76-48270f5e0061:c16, f4adb48a-7d7d-4db9-96e8-d2aa5901bd52:c14, bba25625-58dd-4c9e-929d-1a2e91bc3828:c16]
2019-09-17 22:37:35,648 [org.apache.ratis.server.impl.LogAppender$AppenderDaemon$$Lambda$486/264626604@315c227d] ERROR ratis.XceiverServerRatis (XceiverServerRatis.java:triggerPipelineClose(575)) - pipeline Action CLOSE  on pipeline PipelineID=0b7a50c3-0882-4d89-8a66-c311ad233868.Reason : bba25625-58dd-4c9e-929d-1a2e91bc3828 has not seen follower/s 41f4c1b5-d215-4831-aa76-48270f5e0061 for 132350ms f4adb48a-7d7d-4db9-96e8-d2aa5901bd52 for 132349ms
2019-09-17 22:37:35,648 [org.apache.ratis.server.impl.LogAppender$AppenderDaemon$$Lambda$486/264626604@797d947d] ERROR ratis.XceiverServerRatis (XceiverServerRatis.java:triggerPipelineClose(575)) - pipeline Action CLOSE  on pipeline PipelineID=0b7a50c3-0882-4d89-8a66-c311ad233868.Reason : bba25625-58dd-4c9e-929d-1a2e91bc3828 has not seen follower/s 41f4c1b5-d215-4831-aa76-48270f5e0061 for 132350ms f4adb48a-7d7d-4db9-96e8-d2aa5901bd52 for 132349ms
2019-09-17 22:37:36,146 [java.util.concurrent.ThreadPoolExecutor$Worker@66d00973[State = -1, empty queue]] WARN  server.GrpcLogAppender (GrpcLogAppender.java:timeoutAppendRequest(200)) - bba25625-58dd-4c9e-929d-1a2e91bc3828@group-C311AD233868->41f4c1b5-d215-4831-aa76-48270f5e0061-GrpcLogAppender: appendEntries Timeout, request=bba25625-58dd-4c9e-929d-1a2e91bc3828->41f4c1b5-d215-4831-aa76-48270f5e0061#149-t1, previous=(t:1, i:23), leaderCommit=16, initializing? false, entries: <empty>
2019-09-17 22:37:36,146 [java.util.concurrent.ThreadPoolExecutor$Worker@1444d9b3[State = -1, empty queue]] WARN  server.GrpcLogAppender (GrpcLogAppender.java:timeoutAppendRequest(200)) - bba25625-58dd-4c9e-929d-1a2e91bc3828@group-C311AD233868->f4adb48a-7d7d-4db9-96e8-d2aa5901bd52-GrpcLogAppender: appendEntries Timeout, request=bba25625-58dd-4c9e-929d-1a2e91bc3828->f4adb48a-7d7d-4db9-96e8-d2aa5901bd52#149-t1, previous=(t:1, i:23), leaderCommit=16, initializing? false, entries: <empty>
2019-09-17 22:37:36,647 [EventQueue-PipelineActionsForPipelineActionHandler] ERROR pipeline.PipelineActionHandler (PipelineActionHandler.java:onMessage(60)) - Received pipeline action CLOSE for Pipeline[ Id: 0b7a50c3-0882-4d89-8a66-c311ad233868, Nodes: f4adb48a-7d7d-4db9-96e8-d2aa5901bd52{ip: 192.168.5.156, host: pr-hdds-2121-pbfts-3191465506, networkLocation: /default-rack, certSerialId: null}bba25625-58dd-4c9e-929d-1a2e91bc3828{ip: 192.168.5.156, host: pr-hdds-2121-pbfts-3191465506, networkLocation: /default-rack, certSerialId: null}41f4c1b5-d215-4831-aa76-48270f5e0061{ip: 192.168.5.156, host: pr-hdds-2121-pbfts-3191465506, networkLocation: /default-rack, certSerialId: null}, Type:RATIS, Factor:THREE, State:CLOSED] from datanode bba25625-58dd-4c9e-929d-1a2e91bc3828{ip: 192.168.5.156, host: pr-hdds-2121-pbfts-3191465506, networkLocation: /default-rack, certSerialId: null}. Reason : bba25625-58dd-4c9e-929d-1a2e91bc3828 has not seen follower/s 41f4c1b5-d215-4831-aa76-48270f5e0061 for 132350ms f4adb48a-7d7d-4db9-96e8-d2aa5901bd52 for 132349ms
2019-09-17 22:37:36,647 [EventQueue-PipelineActionsForPipelineActionHandler] INFO  pipeline.SCMPipelineManager (SCMPipelineManager.java:finalizeAndDestroyPipeline(311)) - destroying pipeline:Pipeline[ Id: 0b7a50c3-0882-4d89-8a66-c311ad233868, Nodes: f4adb48a-7d7d-4db9-96e8-d2aa5901bd52{ip: 192.168.5.156, host: pr-hdds-2121-pbfts-3191465506, networkLocation: /default-rack, certSerialId: null}bba25625-58dd-4c9e-929d-1a2e91bc3828{ip: 192.168.5.156, host: pr-hdds-2121-pbfts-3191465506, networkLocation: /default-rack, certSerialId: null}41f4c1b5-d215-4831-aa76-48270f5e0061{ip: 192.168.5.156, host: pr-hdds-2121-pbfts-3191465506, networkLocation: /default-rack, certSerialId: null}, Type:RATIS, Factor:THREE, State:CLOSED]
2019-09-17 22:37:38,150 [org.apache.ratis.server.impl.LogAppender$AppenderDaemon$$Lambda$486/264626604@797d947d] ERROR ratis.XceiverServerRatis (XceiverServerRatis.java:triggerPipelineClose(575)) - pipeline Action CLOSE  on pipeline PipelineID=0b7a50c3-0882-4d89-8a66-c311ad233868.Reason : bba25625-58dd-4c9e-929d-1a2e91bc3828 has not seen follower/s 41f4c1b5-d215-4831-aa76-48270f5e0061 for 134851ms f4adb48a-7d7d-4db9-96e8-d2aa5901bd52 for 134851ms
2019-09-17 22:37:38,150 [org.apache.ratis.server.impl.LogAppender$AppenderDaemon$$Lambda$486/264626604@315c227d] ERROR ratis.XceiverServerRatis (XceiverServerRatis.java:triggerPipelineClose(575)) - pipeline Action CLOSE  on pipeline PipelineID=0b7a50c3-0882-4d89-8a66-c311ad233868.Reason : bba25625-58dd-4c9e-929d-1a2e91bc3828 has not seen follower/s 41f4c1b5-d215-4831-aa76-48270f5e0061 for 134851ms f4adb48a-7d7d-4db9-96e8-d2aa5901bd52 for 134851ms
2019-09-17 22:37:38,647 [EventQueue-PipelineActionsForPipelineActionHandler] ERROR pipeline.PipelineActionHandler (PipelineActionHandler.java:onMessage(60)) - Received pipeline action CLOSE for Pipeline[ Id: 0b7a50c3-0882-4d89-8a66-c311ad233868, Nodes: f4adb48a-7d7d-4db9-96e8-d2aa5901bd52{ip: 192.168.5.156, host: pr-hdds-2121-pbfts-3191465506, networkLocation: /default-rack, certSerialId: null}bba25625-58dd-4c9e-929d-1a2e91bc3828{ip: 192.168.5.156, host: pr-hdds-2121-pbfts-3191465506, networkLocation: /default-rack, certSerialId: null}41f4c1b5-d215-4831-aa76-48270f5e0061{ip: 192.168.5.156, host: pr-hdds-2121-pbfts-3191465506, networkLocation: /default-rack, certSerialId: null}, Type:RATIS, Factor:THREE, State:CLOSED] from datanode bba25625-58dd-4c9e-929d-1a2e91bc3828{ip: 192.168.5.156, host: pr-hdds-2121-pbfts-3191465506, networkLocation: /default-rack, certSerialId: null}. Reason : bba25625-58dd-4c9e-929d-1a2e91bc3828 has not seen follower/s 41f4c1b5-d215-4831-aa76-48270f5e0061 for 134851ms f4adb48a-7d7d-4db9-96e8-d2aa5901bd52 for 134851ms
2019-09-17 22:37:38,647 [EventQueue-PipelineActionsForPipelineActionHandler] INFO  pipeline.SCMPipelineManager (SCMPipelineManager.java:finalizeAndDestroyPipeline(311)) - destroying pipeline:Pipeline[ Id: 0b7a50c3-0882-4d89-8a66-c311ad233868, Nodes: f4adb48a-7d7d-4db9-96e8-d2aa5901bd52{ip: 192.168.5.156, host: pr-hdds-2121-pbfts-3191465506, networkLocation: /default-rack, certSerialId: null}bba25625-58dd-4c9e-929d-1a2e91bc3828{ip: 192.168.5.156, host: pr-hdds-2121-pbfts-3191465506, networkLocation: /default-rack, certSerialId: null}41f4c1b5-d215-4831-aa76-48270f5e0061{ip: 192.168.5.156, host: pr-hdds-2121-pbfts-3191465506, networkLocation: /default-rack, certSerialId: null}, Type:RATIS, Factor:THREE, State:CLOSED]
2019-09-17 22:37:38,648 [java.util.concurrent.ThreadPoolExecutor$Worker@1444d9b3[State = -1, empty queue]] WARN  server.GrpcLogAppender (GrpcLogAppender.java:timeoutAppendRequest(200)) - bba25625-58dd-4c9e-929d-1a2e91bc3828@group-C311AD233868->f4adb48a-7d7d-4db9-96e8-d2aa5901bd52-GrpcLogAppender: appendEntries Timeout, request=bba25625-58dd-4c9e-929d-1a2e91bc3828->f4adb48a-7d7d-4db9-96e8-d2aa5901bd52#150-t1, previous=(t:1, i:23), leaderCommit=16, initializing? false, entries: <empty>
2019-09-17 22:37:38,648 [java.util.concurrent.ThreadPoolExecutor$Worker@66d00973[State = -1, empty queue]] WARN  server.GrpcLogAppender (GrpcLogAppender.java:timeoutAppendRequest(200)) - bba25625-58dd-4c9e-929d-1a2e91bc3828@group-C311AD233868->41f4c1b5-d215-4831-aa76-48270f5e0061-GrpcLogAppender: appendEntries Timeout, request=bba25625-58dd-4c9e-929d-1a2e91bc3828->41f4c1b5-d215-4831-aa76-48270f5e0061#150-t1, previous=(t:1, i:23), leaderCommit=16, initializing? false, entries: <empty>
2019-09-17 22:37:39,758 [grpc-default-executor-1] INFO  client.GrpcClientProtocolClient (GrpcClientProtocolClient.java:onNext(264)) - client-2EE9B685757F->f4adb48a-7d7d-4db9-96e8-d2aa5901bd52: receive RaftClientReply:client-2EE9B685757F->f4adb48a-7d7d-4db9-96e8-d2aa5901bd52@group-C311AD233868, cid=33, FAILED org.apache.ratis.protocol.NotLeaderException: Server f4adb48a-7d7d-4db9-96e8-d2aa5901bd52@group-C311AD233868 is not the leader bba25625-58dd-4c9e-929d-1a2e91bc3828:192.168.5.156:36127, logIndex=0, commits[f4adb48a-7d7d-4db9-96e8-d2aa5901bd52:c16, 41f4c1b5-d215-4831-aa76-48270f5e0061:c14, bba25625-58dd-4c9e-929d-1a2e91bc3828:c16]
2019-09-17 22:37:40,651 [org.apache.ratis.server.impl.LogAppender$AppenderDaemon$$Lambda$486/264626604@797d947d] ERROR ratis.XceiverServerRatis (XceiverServerRatis.java:triggerPipelineClose(575)) - pipeline Action CLOSE  on pipeline PipelineID=0b7a50c3-0882-4d89-8a66-c311ad233868.Reason : bba25625-58dd-4c9e-929d-1a2e91bc3828 has not seen follower/s 41f4c1b5-d215-4831-aa76-48270f5e0061 for 137352ms f4adb48a-7d7d-4db9-96e8-d2aa5901bd52 for 137352ms
2019-09-17 22:37:40,651 [org.apache.ratis.server.impl.LogAppender$AppenderDaemon$$Lambda$486/264626604@315c227d] ERROR ratis.XceiverServerRatis (XceiverServerRatis.java:triggerPipelineClose(575)) - pipeline Action CLOSE  on pipeline PipelineID=0b7a50c3-0882-4d89-8a66-c311ad233868.Reason : bba25625-58dd-4c9e-929d-1a2e91bc3828 has not seen follower/s 41f4c1b5-d215-4831-aa76-48270f5e0061 for 137352ms f4adb48a-7d7d-4db9-96e8-d2aa5901bd52 for 137352ms
2019-09-17 22:37:41,150 [java.util.concurrent.ThreadPoolExecutor$Worker@1444d9b3[State = -1, empty queue]] WARN  server.GrpcLogAppender (GrpcLogAppender.java:timeoutAppendRequest(200)) - bba25625-58dd-4c9e-929d-1a2e91bc3828@group-C311AD233868->f4adb48a-7d7d-4db9-96e8-d2aa5901bd52-GrpcLogAppender: appendEntries Timeout, request=bba25625-58dd-4c9e-929d-1a2e91bc3828->f4adb48a-7d7d-4db9-96e8-d2aa5901bd52#151-t1, previous=(t:1, i:23), leaderCommit=16, initializing? false, entries: <empty>
2019-09-17 22:37:41,150 [java.util.concurrent.ThreadPoolExecutor$Worker@66d00973[State = -1, empty queue]] WARN  server.GrpcLogAppender (GrpcLogAppender.java:timeoutAppendRequest(200)) - bba25625-58dd-4c9e-929d-1a2e91bc3828@group-C311AD233868->41f4c1b5-d215-4831-aa76-48270f5e0061-GrpcLogAppender: appendEntries Timeout, request=bba25625-58dd-4c9e-929d-1a2e91bc3828->41f4c1b5-d215-4831-aa76-48270f5e0061#151-t1, previous=(t:1, i:23), leaderCommit=16, initializing? false, entries: <empty>
2019-09-17 22:37:41,647 [EventQueue-PipelineActionsForPipelineActionHandler] ERROR pipeline.PipelineActionHandler (PipelineActionHandler.java:onMessage(60)) - Received pipeline action CLOSE for Pipeline[ Id: 0b7a50c3-0882-4d89-8a66-c311ad233868, Nodes: f4adb48a-7d7d-4db9-96e8-d2aa5901bd52{ip: 192.168.5.156, host: pr-hdds-2121-pbfts-3191465506, networkLocation: /default-rack, certSerialId: null}bba25625-58dd-4c9e-929d-1a2e91bc3828{ip: 192.168.5.156, host: pr-hdds-2121-pbfts-3191465506, networkLocation: /default-rack, certSerialId: null}41f4c1b5-d215-4831-aa76-48270f5e0061{ip: 192.168.5.156, host: pr-hdds-2121-pbfts-3191465506, networkLocation: /default-rack, certSerialId: null}, Type:RATIS, Factor:THREE, State:CLOSED] from datanode bba25625-58dd-4c9e-929d-1a2e91bc3828{ip: 192.168.5.156, host: pr-hdds-2121-pbfts-3191465506, networkLocation: /default-rack, certSerialId: null}. Reason : bba25625-58dd-4c9e-929d-1a2e91bc3828 has not seen follower/s 41f4c1b5-d215-4831-aa76-48270f5e0061 for 137352ms f4adb48a-7d7d-4db9-96e8-d2aa5901bd52 for 137352ms
2019-09-17 22:37:41,648 [EventQueue-PipelineActionsForPipelineActionHandler] INFO  pipeline.SCMPipelineManager (SCMPipelineManager.java:finalizeAndDestroyPipeline(311)) - destroying pipeline:Pipeline[ Id: 0b7a50c3-0882-4d89-8a66-c311ad233868, Nodes: f4adb48a-7d7d-4db9-96e8-d2aa5901bd52{ip: 192.168.5.156, host: pr-hdds-2121-pbfts-3191465506, networkLocation: /default-rack, certSerialId: null}bba25625-58dd-4c9e-929d-1a2e91bc3828{ip: 192.168.5.156, host: pr-hdds-2121-pbfts-3191465506, networkLocation: /default-rack, certSerialId: null}41f4c1b5-d215-4831-aa76-48270f5e0061{ip: 192.168.5.156, host: pr-hdds-2121-pbfts-3191465506, networkLocation: /default-rack, certSerialId: null}, Type:RATIS, Factor:THREE, State:CLOSED]
2019-09-17 22:37:43,154 [org.apache.ratis.server.impl.LogAppender$AppenderDaemon$$Lambda$486/264626604@797d947d] ERROR ratis.XceiverServerRatis (XceiverServerRatis.java:triggerPipelineClose(575)) - pipeline Action CLOSE  on pipeline PipelineID=0b7a50c3-0882-4d89-8a66-c311ad233868.Reason : bba25625-58dd-4c9e-929d-1a2e91bc3828 has not seen follower/s 41f4c1b5-d215-4831-aa76-48270f5e0061 for 139855ms f4adb48a-7d7d-4db9-96e8-d2aa5901bd52 for 139854ms
2019-09-17 22:37:43,154 [org.apache.ratis.server.impl.LogAppender$AppenderDaemon$$Lambda$486/264626604@315c227d] ERROR ratis.XceiverServerRatis (XceiverServerRatis.java:triggerPipelineClose(575)) - pipeline Action CLOSE  on pipeline PipelineID=0b7a50c3-0882-4d89-8a66-c311ad233868.Reason : bba25625-58dd-4c9e-929d-1a2e91bc3828 has not seen follower/s 41f4c1b5-d215-4831-aa76-48270f5e0061 for 139855ms f4adb48a-7d7d-4db9-96e8-d2aa5901bd52 for 139854ms
2019-09-17 22:37:43,420 [f4adb48a-7d7d-4db9-96e8-d2aa5901bd52@group-C311AD233868-SegmentedRaftLogWorker] WARN  segmented.SegmentedRaftLogWorker (SegmentedRaftLogWorker.java:getFromFuture(90)) - Timeout 13/~
org.apache.ratis.protocol.TimeoutIOException: Timeout 10s: WriteLog:17: (t:1, i:17), STATEMACHINELOGENTRY, client-2EE9B685757F, cid=33-writeStateMachineData
	at org.apache.ratis.util.IOUtils.getFromFuture(IOUtils.java:87)
	at org.apache.ratis.server.raftlog.segmented.SegmentedRaftLogWorker$StateMachineDataPolicy.getFromFuture(SegmentedRaftLogWorker.java:87)
	at org.apache.ratis.server.raftlog.segmented.SegmentedRaftLogWorker$WriteLog.execute(SegmentedRaftLogWorker.java:477)
	at org.apache.ratis.server.raftlog.segmented.SegmentedRaftLogWorker.run(SegmentedRaftLogWorker.java:289)
	at java.lang.Thread.run(Thread.java:748)
Caused by: java.util.concurrent.TimeoutException
	at java.util.concurrent.CompletableFuture.timedGet(CompletableFuture.java:1771)
	at java.util.concurrent.CompletableFuture.get(CompletableFuture.java:1915)
	at org.apache.ratis.util.IOUtils.getFromFuture(IOUtils.java:79)
	... 4 more
2019-09-17 22:37:43,624 [bba25625-58dd-4c9e-929d-1a2e91bc3828@group-C311AD233868-SegmentedRaftLogWorker] WARN  segmented.SegmentedRaftLogWorker (SegmentedRaftLogWorker.java:getFromFuture(90)) - Timeout 13/~
org.apache.ratis.protocol.TimeoutIOException: Timeout 10s: WriteLog:18: (t:1, i:18), STATEMACHINELOGENTRY, client-2EE9B685757F, cid=34-writeStateMachineData
	at org.apache.ratis.util.IOUtils.getFromFuture(IOUtils.java:87)
	at org.apache.ratis.server.raftlog.segmented.SegmentedRaftLogWorker$StateMachineDataPolicy.getFromFuture(SegmentedRaftLogWorker.java:87)
	at org.apache.ratis.server.raftlog.segmented.SegmentedRaftLogWorker$WriteLog.execute(SegmentedRaftLogWorker.java:477)
	at org.apache.ratis.server.raftlog.segmented.SegmentedRaftLogWorker.run(SegmentedRaftLogWorker.java:289)
	at java.lang.Thread.run(Thread.java:748)
Caused by: java.util.concurrent.TimeoutException
	at java.util.concurrent.CompletableFuture.timedGet(CompletableFuture.java:1771)
	at java.util.concurrent.CompletableFuture.get(CompletableFuture.java:1915)
	at org.apache.ratis.util.IOUtils.getFromFuture(IOUtils.java:79)
	... 4 more
2019-09-17 22:37:43,624 [41f4c1b5-d215-4831-aa76-48270f5e0061@group-C311AD233868-SegmentedRaftLogWorker] WARN  segmented.SegmentedRaftLogWorker (SegmentedRaftLogWorker.java:getFromFuture(90)) - Timeout 13/~
org.apache.ratis.protocol.TimeoutIOException: Timeout 10s: WriteLog:18: (t:1, i:18), STATEMACHINELOGENTRY, client-2EE9B685757F, cid=34-writeStateMachineData
	at org.apache.ratis.util.IOUtils.getFromFuture(IOUtils.java:87)
	at org.apache.ratis.server.raftlog.segmented.SegmentedRaftLogWorker$StateMachineDataPolicy.getFromFuture(SegmentedRaftLogWorker.java:87)
	at org.apache.ratis.server.raftlog.segmented.SegmentedRaftLogWorker$WriteLog.execute(SegmentedRaftLogWorker.java:477)
	at org.apache.ratis.server.raftlog.segmented.SegmentedRaftLogWorker.run(SegmentedRaftLogWorker.java:289)
	at java.lang.Thread.run(Thread.java:748)
Caused by: java.util.concurrent.TimeoutException
	at java.util.concurrent.CompletableFuture.timedGet(CompletableFuture.java:1771)
	at java.util.concurrent.CompletableFuture.get(CompletableFuture.java:1915)
	at org.apache.ratis.util.IOUtils.getFromFuture(IOUtils.java:79)
	... 4 more
2019-09-17 22:37:43,646 [EventQueue-PipelineActionsForPipelineActionHandler] ERROR pipeline.PipelineActionHandler (PipelineActionHandler.java:onMessage(60)) - Received pipeline action CLOSE for Pipeline[ Id: 0b7a50c3-0882-4d89-8a66-c311ad233868, Nodes: f4adb48a-7d7d-4db9-96e8-d2aa5901bd52{ip: 192.168.5.156, host: pr-hdds-2121-pbfts-3191465506, networkLocation: /default-rack, certSerialId: null}bba25625-58dd-4c9e-929d-1a2e91bc3828{ip: 192.168.5.156, host: pr-hdds-2121-pbfts-3191465506, networkLocation: /default-rack, certSerialId: null}41f4c1b5-d215-4831-aa76-48270f5e0061{ip: 192.168.5.156, host: pr-hdds-2121-pbfts-3191465506, networkLocation: /default-rack, certSerialId: null}, Type:RATIS, Factor:THREE, State:CLOSED] from datanode bba25625-58dd-4c9e-929d-1a2e91bc3828{ip: 192.168.5.156, host: pr-hdds-2121-pbfts-3191465506, networkLocation: /default-rack, certSerialId: null}. Reason : bba25625-58dd-4c9e-929d-1a2e91bc3828 has not seen follower/s 41f4c1b5-d215-4831-aa76-48270f5e0061 for 139855ms f4adb48a-7d7d-4db9-96e8-d2aa5901bd52 for 139854ms
2019-09-17 22:37:43,646 [EventQueue-PipelineActionsForPipelineActionHandler] INFO  pipeline.SCMPipelineManager (SCMPipelineManager.java:finalizeAndDestroyPipeline(311)) - destroying pipeline:Pipeline[ Id: 0b7a50c3-0882-4d89-8a66-c311ad233868, Nodes: f4adb48a-7d7d-4db9-96e8-d2aa5901bd52{ip: 192.168.5.156, host: pr-hdds-2121-pbfts-3191465506, networkLocation: /default-rack, certSerialId: null}bba25625-58dd-4c9e-929d-1a2e91bc3828{ip: 192.168.5.156, host: pr-hdds-2121-pbfts-3191465506, networkLocation: /default-rack, certSerialId: null}41f4c1b5-d215-4831-aa76-48270f5e0061{ip: 192.168.5.156, host: pr-hdds-2121-pbfts-3191465506, networkLocation: /default-rack, certSerialId: null}, Type:RATIS, Factor:THREE, State:CLOSED]
2019-09-17 22:37:43,651 [java.util.concurrent.ThreadPoolExecutor$Worker@66d00973[State = -1, empty queue]] WARN  server.GrpcLogAppender (GrpcLogAppender.java:timeoutAppendRequest(200)) - bba25625-58dd-4c9e-929d-1a2e91bc3828@group-C311AD233868->41f4c1b5-d215-4831-aa76-48270f5e0061-GrpcLogAppender: appendEntries Timeout, request=bba25625-58dd-4c9e-929d-1a2e91bc3828->41f4c1b5-d215-4831-aa76-48270f5e0061#152-t1, previous=(t:1, i:23), leaderCommit=16, initializing? false, entries: <empty>
2019-09-17 22:37:43,651 [java.util.concurrent.ThreadPoolExecutor$Worker@1444d9b3[State = -1, empty queue]] WARN  server.GrpcLogAppender (GrpcLogAppender.java:timeoutAppendRequest(200)) - bba25625-58dd-4c9e-929d-1a2e91bc3828@group-C311AD233868->f4adb48a-7d7d-4db9-96e8-d2aa5901bd52-GrpcLogAppender: appendEntries Timeout, request=bba25625-58dd-4c9e-929d-1a2e91bc3828->f4adb48a-7d7d-4db9-96e8-d2aa5901bd52#152-t1, previous=(t:1, i:23), leaderCommit=16, initializing? false, entries: <empty>
2019-09-17 22:37:44,835 [grpc-default-executor-1] INFO  client.GrpcClientProtocolClient (GrpcClientProtocolClient.java:onNext(264)) - client-2EE9B685757F->f4adb48a-7d7d-4db9-96e8-d2aa5901bd52: receive RaftClientReply:client-2EE9B685757F->f4adb48a-7d7d-4db9-96e8-d2aa5901bd52@group-C311AD233868, cid=33, FAILED org.apache.ratis.protocol.NotLeaderException: Server f4adb48a-7d7d-4db9-96e8-d2aa5901bd52@group-C311AD233868 is not the leader bba25625-58dd-4c9e-929d-1a2e91bc3828:192.168.5.156:36127, logIndex=0, commits[f4adb48a-7d7d-4db9-96e8-d2aa5901bd52:c16, 41f4c1b5-d215-4831-aa76-48270f5e0061:c14, bba25625-58dd-4c9e-929d-1a2e91bc3828:c16]
2019-09-17 22:37:45,654 [org.apache.ratis.server.impl.LogAppender$AppenderDaemon$$Lambda$486/264626604@315c227d] ERROR ratis.XceiverServerRatis (XceiverServerRatis.java:triggerPipelineClose(575)) - pipeline Action CLOSE  on pipeline PipelineID=0b7a50c3-0882-4d89-8a66-c311ad233868.Reason : bba25625-58dd-4c9e-929d-1a2e91bc3828 has not seen follower/s 41f4c1b5-d215-4831-aa76-48270f5e0061 for 142356ms f4adb48a-7d7d-4db9-96e8-d2aa5901bd52 for 142355ms
2019-09-17 22:37:45,654 [org.apache.ratis.server.impl.LogAppender$AppenderDaemon$$Lambda$486/264626604@797d947d] ERROR ratis.XceiverServerRatis (XceiverServerRatis.java:triggerPipelineClose(575)) - pipeline Action CLOSE  on pipeline PipelineID=0b7a50c3-0882-4d89-8a66-c311ad233868.Reason : bba25625-58dd-4c9e-929d-1a2e91bc3828 has not seen follower/s 41f4c1b5-d215-4831-aa76-48270f5e0061 for 142356ms f4adb48a-7d7d-4db9-96e8-d2aa5901bd52 for 142355ms
2019-09-17 22:37:46,153 [java.util.concurrent.ThreadPoolExecutor$Worker@1444d9b3[State = -1, empty queue]] WARN  server.GrpcLogAppender (GrpcLogAppender.java:timeoutAppendRequest(200)) - bba25625-58dd-4c9e-929d-1a2e91bc3828@group-C311AD233868->f4adb48a-7d7d-4db9-96e8-d2aa5901bd52-GrpcLogAppender: appendEntries Timeout, request=bba25625-58dd-4c9e-929d-1a2e91bc3828->f4adb48a-7d7d-4db9-96e8-d2aa5901bd52#153-t1, previous=(t:1, i:23), leaderCommit=16, initializing? false, entries: <empty>
2019-09-17 22:37:46,153 [java.util.concurrent.ThreadPoolExecutor$Worker@66d00973[State = -1, empty queue]] WARN  server.GrpcLogAppender (GrpcLogAppender.java:timeoutAppendRequest(200)) - bba25625-58dd-4c9e-929d-1a2e91bc3828@group-C311AD233868->41f4c1b5-d215-4831-aa76-48270f5e0061-GrpcLogAppender: appendEntries Timeout, request=bba25625-58dd-4c9e-929d-1a2e91bc3828->41f4c1b5-d215-4831-aa76-48270f5e0061#153-t1, previous=(t:1, i:23), leaderCommit=16, initializing? false, entries: <empty>
2019-09-17 22:37:46,646 [EventQueue-PipelineActionsForPipelineActionHandler] ERROR pipeline.PipelineActionHandler (PipelineActionHandler.java:onMessage(60)) - Received pipeline action CLOSE for Pipeline[ Id: 0b7a50c3-0882-4d89-8a66-c311ad233868, Nodes: f4adb48a-7d7d-4db9-96e8-d2aa5901bd52{ip: 192.168.5.156, host: pr-hdds-2121-pbfts-3191465506, networkLocation: /default-rack, certSerialId: null}bba25625-58dd-4c9e-929d-1a2e91bc3828{ip: 192.168.5.156, host: pr-hdds-2121-pbfts-3191465506, networkLocation: /default-rack, certSerialId: null}41f4c1b5-d215-4831-aa76-48270f5e0061{ip: 192.168.5.156, host: pr-hdds-2121-pbfts-3191465506, networkLocation: /default-rack, certSerialId: null}, Type:RATIS, Factor:THREE, State:CLOSED] from datanode bba25625-58dd-4c9e-929d-1a2e91bc3828{ip: 192.168.5.156, host: pr-hdds-2121-pbfts-3191465506, networkLocation: /default-rack, certSerialId: null}. Reason : bba25625-58dd-4c9e-929d-1a2e91bc3828 has not seen follower/s 41f4c1b5-d215-4831-aa76-48270f5e0061 for 142356ms f4adb48a-7d7d-4db9-96e8-d2aa5901bd52 for 142355ms
2019-09-17 22:37:46,647 [EventQueue-PipelineActionsForPipelineActionHandler] INFO  pipeline.SCMPipelineManager (SCMPipelineManager.java:finalizeAndDestroyPipeline(311)) - destroying pipeline:Pipeline[ Id: 0b7a50c3-0882-4d89-8a66-c311ad233868, Nodes: f4adb48a-7d7d-4db9-96e8-d2aa5901bd52{ip: 192.168.5.156, host: pr-hdds-2121-pbfts-3191465506, networkLocation: /default-rack, certSerialId: null}bba25625-58dd-4c9e-929d-1a2e91bc3828{ip: 192.168.5.156, host: pr-hdds-2121-pbfts-3191465506, networkLocation: /default-rack, certSerialId: null}41f4c1b5-d215-4831-aa76-48270f5e0061{ip: 192.168.5.156, host: pr-hdds-2121-pbfts-3191465506, networkLocation: /default-rack, certSerialId: null}, Type:RATIS, Factor:THREE, State:CLOSED]
2019-09-17 22:37:48,157 [org.apache.ratis.server.impl.LogAppender$AppenderDaemon$$Lambda$486/264626604@797d947d] ERROR ratis.XceiverServerRatis (XceiverServerRatis.java:triggerPipelineClose(575)) - pipeline Action CLOSE  on pipeline PipelineID=0b7a50c3-0882-4d89-8a66-c311ad233868.Reason : bba25625-58dd-4c9e-929d-1a2e91bc3828 has not seen follower/s 41f4c1b5-d215-4831-aa76-48270f5e0061 for 144858ms f4adb48a-7d7d-4db9-96e8-d2aa5901bd52 for 144857ms
2019-09-17 22:37:48,157 [org.apache.ratis.server.impl.LogAppender$AppenderDaemon$$Lambda$486/264626604@315c227d] ERROR ratis.XceiverServerRatis (XceiverServerRatis.java:triggerPipelineClose(575)) - pipeline Action CLOSE  on pipeline PipelineID=0b7a50c3-0882-4d89-8a66-c311ad233868.Reason : bba25625-58dd-4c9e-929d-1a2e91bc3828 has not seen follower/s 41f4c1b5-d215-4831-aa76-48270f5e0061 for 144858ms f4adb48a-7d7d-4db9-96e8-d2aa5901bd52 for 144857ms
2019-09-17 22:37:48,646 [EventQueue-PipelineActionsForPipelineActionHandler] ERROR pipeline.PipelineActionHandler (PipelineActionHandler.java:onMessage(60)) - Received pipeline action CLOSE for Pipeline[ Id: 0b7a50c3-0882-4d89-8a66-c311ad233868, Nodes: f4adb48a-7d7d-4db9-96e8-d2aa5901bd52{ip: 192.168.5.156, host: pr-hdds-2121-pbfts-3191465506, networkLocation: /default-rack, certSerialId: null}bba25625-58dd-4c9e-929d-1a2e91bc3828{ip: 192.168.5.156, host: pr-hdds-2121-pbfts-3191465506, networkLocation: /default-rack, certSerialId: null}41f4c1b5-d215-4831-aa76-48270f5e0061{ip: 192.168.5.156, host: pr-hdds-2121-pbfts-3191465506, networkLocation: /default-rack, certSerialId: null}, Type:RATIS, Factor:THREE, State:CLOSED] from datanode bba25625-58dd-4c9e-929d-1a2e91bc3828{ip: 192.168.5.156, host: pr-hdds-2121-pbfts-3191465506, networkLocation: /default-rack, certSerialId: null}. Reason : bba25625-58dd-4c9e-929d-1a2e91bc3828 has not seen follower/s 41f4c1b5-d215-4831-aa76-48270f5e0061 for 144858ms f4adb48a-7d7d-4db9-96e8-d2aa5901bd52 for 144857ms
2019-09-17 22:37:48,646 [EventQueue-PipelineActionsForPipelineActionHandler] INFO  pipeline.SCMPipelineManager (SCMPipelineManager.java:finalizeAndDestroyPipeline(311)) - destroying pipeline:Pipeline[ Id: 0b7a50c3-0882-4d89-8a66-c311ad233868, Nodes: f4adb48a-7d7d-4db9-96e8-d2aa5901bd52{ip: 192.168.5.156, host: pr-hdds-2121-pbfts-3191465506, networkLocation: /default-rack, certSerialId: null}bba25625-58dd-4c9e-929d-1a2e91bc3828{ip: 192.168.5.156, host: pr-hdds-2121-pbfts-3191465506, networkLocation: /default-rack, certSerialId: null}41f4c1b5-d215-4831-aa76-48270f5e0061{ip: 192.168.5.156, host: pr-hdds-2121-pbfts-3191465506, networkLocation: /default-rack, certSerialId: null}, Type:RATIS, Factor:THREE, State:CLOSED]
2019-09-17 22:37:48,654 [java.util.concurrent.ThreadPoolExecutor$Worker@1444d9b3[State = -1, empty queue]] WARN  server.GrpcLogAppender (GrpcLogAppender.java:timeoutAppendRequest(200)) - bba25625-58dd-4c9e-929d-1a2e91bc3828@group-C311AD233868->f4adb48a-7d7d-4db9-96e8-d2aa5901bd52-GrpcLogAppender: appendEntries Timeout, request=bba25625-58dd-4c9e-929d-1a2e91bc3828->f4adb48a-7d7d-4db9-96e8-d2aa5901bd52#154-t1, previous=(t:1, i:23), leaderCommit=16, initializing? false, entries: <empty>
2019-09-17 22:37:48,654 [java.util.concurrent.ThreadPoolExecutor$Worker@66d00973[State = -1, empty queue]] WARN  server.GrpcLogAppender (GrpcLogAppender.java:timeoutAppendRequest(200)) - bba25625-58dd-4c9e-929d-1a2e91bc3828@group-C311AD233868->41f4c1b5-d215-4831-aa76-48270f5e0061-GrpcLogAppender: appendEntries Timeout, request=bba25625-58dd-4c9e-929d-1a2e91bc3828->41f4c1b5-d215-4831-aa76-48270f5e0061#154-t1, previous=(t:1, i:23), leaderCommit=16, initializing? false, entries: <empty>
2019-09-17 22:37:49,893 [grpc-default-executor-1] INFO  client.GrpcClientProtocolClient (GrpcClientProtocolClient.java:onNext(264)) - client-2EE9B685757F->f4adb48a-7d7d-4db9-96e8-d2aa5901bd52: receive RaftClientReply:client-2EE9B685757F->f4adb48a-7d7d-4db9-96e8-d2aa5901bd52@group-C311AD233868, cid=33, FAILED org.apache.ratis.protocol.NotLeaderException: Server f4adb48a-7d7d-4db9-96e8-d2aa5901bd52@group-C311AD233868 is not the leader bba25625-58dd-4c9e-929d-1a2e91bc3828:192.168.5.156:36127, logIndex=0, commits[f4adb48a-7d7d-4db9-96e8-d2aa5901bd52:c16, 41f4c1b5-d215-4831-aa76-48270f5e0061:c14, bba25625-58dd-4c9e-929d-1a2e91bc3828:c16]
2019-09-17 22:37:50,658 [org.apache.ratis.server.impl.LogAppender$AppenderDaemon$$Lambda$486/264626604@797d947d] ERROR ratis.XceiverServerRatis (XceiverServerRatis.java:triggerPipelineClose(575)) - pipeline Action CLOSE  on pipeline PipelineID=0b7a50c3-0882-4d89-8a66-c311ad233868.Reason : bba25625-58dd-4c9e-929d-1a2e91bc3828 has not seen follower/s 41f4c1b5-d215-4831-aa76-48270f5e0061 for 147359ms f4adb48a-7d7d-4db9-96e8-d2aa5901bd52 for 147358ms
2019-09-17 22:37:50,658 [org.apache.ratis.server.impl.LogAppender$AppenderDaemon$$Lambda$486/264626604@315c227d] ERROR ratis.XceiverServerRatis (XceiverServerRatis.java:triggerPipelineClose(575)) - pipeline Action CLOSE  on pipeline PipelineID=0b7a50c3-0882-4d89-8a66-c311ad233868.Reason : bba25625-58dd-4c9e-929d-1a2e91bc3828 has not seen follower/s 41f4c1b5-d215-4831-aa76-48270f5e0061 for 147359ms f4adb48a-7d7d-4db9-96e8-d2aa5901bd52 for 147358ms
2019-09-17 22:37:51,156 [java.util.concurrent.ThreadPoolExecutor$Worker@1444d9b3[State = -1, empty queue]] WARN  server.GrpcLogAppender (GrpcLogAppender.java:timeoutAppendRequest(200)) - bba25625-58dd-4c9e-929d-1a2e91bc3828@group-C311AD233868->f4adb48a-7d7d-4db9-96e8-d2aa5901bd52-GrpcLogAppender: appendEntries Timeout, request=bba25625-58dd-4c9e-929d-1a2e91bc3828->f4adb48a-7d7d-4db9-96e8-d2aa5901bd52#155-t1, previous=(t:1, i:23), leaderCommit=16, initializing? false, entries: <empty>
2019-09-17 22:37:51,156 [java.util.concurrent.ThreadPoolExecutor$Worker@66d00973[State = -1, empty queue]] WARN  server.GrpcLogAppender (GrpcLogAppender.java:timeoutAppendRequest(200)) - bba25625-58dd-4c9e-929d-1a2e91bc3828@group-C311AD233868->41f4c1b5-d215-4831-aa76-48270f5e0061-GrpcLogAppender: appendEntries Timeout, request=bba25625-58dd-4c9e-929d-1a2e91bc3828->41f4c1b5-d215-4831-aa76-48270f5e0061#155-t1, previous=(t:1, i:23), leaderCommit=16, initializing? false, entries: <empty>
2019-09-17 22:37:51,647 [EventQueue-PipelineActionsForPipelineActionHandler] ERROR pipeline.PipelineActionHandler (PipelineActionHandler.java:onMessage(60)) - Received pipeline action CLOSE for Pipeline[ Id: 0b7a50c3-0882-4d89-8a66-c311ad233868, Nodes: f4adb48a-7d7d-4db9-96e8-d2aa5901bd52{ip: 192.168.5.156, host: pr-hdds-2121-pbfts-3191465506, networkLocation: /default-rack, certSerialId: null}bba25625-58dd-4c9e-929d-1a2e91bc3828{ip: 192.168.5.156, host: pr-hdds-2121-pbfts-3191465506, networkLocation: /default-rack, certSerialId: null}41f4c1b5-d215-4831-aa76-48270f5e0061{ip: 192.168.5.156, host: pr-hdds-2121-pbfts-3191465506, networkLocation: /default-rack, certSerialId: null}, Type:RATIS, Factor:THREE, State:CLOSED] from datanode bba25625-58dd-4c9e-929d-1a2e91bc3828{ip: 192.168.5.156, host: pr-hdds-2121-pbfts-3191465506, networkLocation: /default-rack, certSerialId: null}. Reason : bba25625-58dd-4c9e-929d-1a2e91bc3828 has not seen follower/s 41f4c1b5-d215-4831-aa76-48270f5e0061 for 147359ms f4adb48a-7d7d-4db9-96e8-d2aa5901bd52 for 147358ms
2019-09-17 22:37:51,647 [EventQueue-PipelineActionsForPipelineActionHandler] INFO  pipeline.SCMPipelineManager (SCMPipelineManager.java:finalizeAndDestroyPipeline(311)) - destroying pipeline:Pipeline[ Id: 0b7a50c3-0882-4d89-8a66-c311ad233868, Nodes: f4adb48a-7d7d-4db9-96e8-d2aa5901bd52{ip: 192.168.5.156, host: pr-hdds-2121-pbfts-3191465506, networkLocation: /default-rack, certSerialId: null}bba25625-58dd-4c9e-929d-1a2e91bc3828{ip: 192.168.5.156, host: pr-hdds-2121-pbfts-3191465506, networkLocation: /default-rack, certSerialId: null}41f4c1b5-d215-4831-aa76-48270f5e0061{ip: 192.168.5.156, host: pr-hdds-2121-pbfts-3191465506, networkLocation: /default-rack, certSerialId: null}, Type:RATIS, Factor:THREE, State:CLOSED]
2019-09-17 22:37:53,159 [org.apache.ratis.server.impl.LogAppender$AppenderDaemon$$Lambda$486/264626604@797d947d] ERROR ratis.XceiverServerRatis (XceiverServerRatis.java:triggerPipelineClose(575)) - pipeline Action CLOSE  on pipeline PipelineID=0b7a50c3-0882-4d89-8a66-c311ad233868.Reason : bba25625-58dd-4c9e-929d-1a2e91bc3828 has not seen follower/s 41f4c1b5-d215-4831-aa76-48270f5e0061 for 149860ms f4adb48a-7d7d-4db9-96e8-d2aa5901bd52 for 149859ms
2019-09-17 22:37:53,159 [org.apache.ratis.server.impl.LogAppender$AppenderDaemon$$Lambda$486/264626604@315c227d] ERROR ratis.XceiverServerRatis (XceiverServerRatis.java:triggerPipelineClose(575)) - pipeline Action CLOSE  on pipeline PipelineID=0b7a50c3-0882-4d89-8a66-c311ad233868.Reason : bba25625-58dd-4c9e-929d-1a2e91bc3828 has not seen follower/s 41f4c1b5-d215-4831-aa76-48270f5e0061 for 149860ms f4adb48a-7d7d-4db9-96e8-d2aa5901bd52 for 149859ms
2019-09-17 22:37:53,422 [f4adb48a-7d7d-4db9-96e8-d2aa5901bd52@group-C311AD233868-SegmentedRaftLogWorker] WARN  segmented.SegmentedRaftLogWorker (SegmentedRaftLogWorker.java:getFromFuture(90)) - Timeout 14/~
org.apache.ratis.protocol.TimeoutIOException: Timeout 10s: WriteLog:17: (t:1, i:17), STATEMACHINELOGENTRY, client-2EE9B685757F, cid=33-writeStateMachineData
	at org.apache.ratis.util.IOUtils.getFromFuture(IOUtils.java:87)
	at org.apache.ratis.server.raftlog.segmented.SegmentedRaftLogWorker$StateMachineDataPolicy.getFromFuture(SegmentedRaftLogWorker.java:87)
	at org.apache.ratis.server.raftlog.segmented.SegmentedRaftLogWorker$WriteLog.execute(SegmentedRaftLogWorker.java:477)
	at org.apache.ratis.server.raftlog.segmented.SegmentedRaftLogWorker.run(SegmentedRaftLogWorker.java:289)
	at java.lang.Thread.run(Thread.java:748)
Caused by: java.util.concurrent.TimeoutException
	at java.util.concurrent.CompletableFuture.timedGet(CompletableFuture.java:1771)
	at java.util.concurrent.CompletableFuture.get(CompletableFuture.java:1915)
	at org.apache.ratis.util.IOUtils.getFromFuture(IOUtils.java:79)
	... 4 more
2019-09-17 22:37:53,625 [bba25625-58dd-4c9e-929d-1a2e91bc3828@group-C311AD233868-SegmentedRaftLogWorker] WARN  segmented.SegmentedRaftLogWorker (SegmentedRaftLogWorker.java:getFromFuture(90)) - Timeout 14/~
org.apache.ratis.protocol.TimeoutIOException: Timeout 10s: WriteLog:18: (t:1, i:18), STATEMACHINELOGENTRY, client-2EE9B685757F, cid=34-writeStateMachineData
	at org.apache.ratis.util.IOUtils.getFromFuture(IOUtils.java:87)
	at org.apache.ratis.server.raftlog.segmented.SegmentedRaftLogWorker$StateMachineDataPolicy.getFromFuture(SegmentedRaftLogWorker.java:87)
	at org.apache.ratis.server.raftlog.segmented.SegmentedRaftLogWorker$WriteLog.execute(SegmentedRaftLogWorker.java:477)
	at org.apache.ratis.server.raftlog.segmented.SegmentedRaftLogWorker.run(SegmentedRaftLogWorker.java:289)
	at java.lang.Thread.run(Thread.java:748)
Caused by: java.util.concurrent.TimeoutException
	at java.util.concurrent.CompletableFuture.timedGet(CompletableFuture.java:1771)
	at java.util.concurrent.CompletableFuture.get(CompletableFuture.java:1915)
	at org.apache.ratis.util.IOUtils.getFromFuture(IOUtils.java:79)
	... 4 more
2019-09-17 22:37:53,625 [41f4c1b5-d215-4831-aa76-48270f5e0061@group-C311AD233868-SegmentedRaftLogWorker] WARN  segmented.SegmentedRaftLogWorker (SegmentedRaftLogWorker.java:getFromFuture(90)) - Timeout 14/~
org.apache.ratis.protocol.TimeoutIOException: Timeout 10s: WriteLog:18: (t:1, i:18), STATEMACHINELOGENTRY, client-2EE9B685757F, cid=34-writeStateMachineData
	at org.apache.ratis.util.IOUtils.getFromFuture(IOUtils.java:87)
	at org.apache.ratis.server.raftlog.segmented.SegmentedRaftLogWorker$StateMachineDataPolicy.getFromFuture(SegmentedRaftLogWorker.java:87)
	at org.apache.ratis.server.raftlog.segmented.SegmentedRaftLogWorker$WriteLog.execute(SegmentedRaftLogWorker.java:477)
	at org.apache.ratis.server.raftlog.segmented.SegmentedRaftLogWorker.run(SegmentedRaftLogWorker.java:289)
	at java.lang.Thread.run(Thread.java:748)
Caused by: java.util.concurrent.TimeoutException
	at java.util.concurrent.CompletableFuture.timedGet(CompletableFuture.java:1771)
	at java.util.concurrent.CompletableFuture.get(CompletableFuture.java:1915)
	at org.apache.ratis.util.IOUtils.getFromFuture(IOUtils.java:79)
	... 4 more
2019-09-17 22:37:53,646 [EventQueue-PipelineActionsForPipelineActionHandler] ERROR pipeline.PipelineActionHandler (PipelineActionHandler.java:onMessage(60)) - Received pipeline action CLOSE for Pipeline[ Id: 0b7a50c3-0882-4d89-8a66-c311ad233868, Nodes: f4adb48a-7d7d-4db9-96e8-d2aa5901bd52{ip: 192.168.5.156, host: pr-hdds-2121-pbfts-3191465506, networkLocation: /default-rack, certSerialId: null}bba25625-58dd-4c9e-929d-1a2e91bc3828{ip: 192.168.5.156, host: pr-hdds-2121-pbfts-3191465506, networkLocation: /default-rack, certSerialId: null}41f4c1b5-d215-4831-aa76-48270f5e0061{ip: 192.168.5.156, host: pr-hdds-2121-pbfts-3191465506, networkLocation: /default-rack, certSerialId: null}, Type:RATIS, Factor:THREE, State:CLOSED] from datanode bba25625-58dd-4c9e-929d-1a2e91bc3828{ip: 192.168.5.156, host: pr-hdds-2121-pbfts-3191465506, networkLocation: /default-rack, certSerialId: null}. Reason : bba25625-58dd-4c9e-929d-1a2e91bc3828 has not seen follower/s 41f4c1b5-d215-4831-aa76-48270f5e0061 for 149860ms f4adb48a-7d7d-4db9-96e8-d2aa5901bd52 for 149859ms
2019-09-17 22:37:53,647 [EventQueue-PipelineActionsForPipelineActionHandler] INFO  pipeline.SCMPipelineManager (SCMPipelineManager.java:finalizeAndDestroyPipeline(311)) - destroying pipeline:Pipeline[ Id: 0b7a50c3-0882-4d89-8a66-c311ad233868, Nodes: f4adb48a-7d7d-4db9-96e8-d2aa5901bd52{ip: 192.168.5.156, host: pr-hdds-2121-pbfts-3191465506, networkLocation: /default-rack, certSerialId: null}bba25625-58dd-4c9e-929d-1a2e91bc3828{ip: 192.168.5.156, host: pr-hdds-2121-pbfts-3191465506, networkLocation: /default-rack, certSerialId: null}41f4c1b5-d215-4831-aa76-48270f5e0061{ip: 192.168.5.156, host: pr-hdds-2121-pbfts-3191465506, networkLocation: /default-rack, certSerialId: null}, Type:RATIS, Factor:THREE, State:CLOSED]
2019-09-17 22:37:53,657 [java.util.concurrent.ThreadPoolExecutor$Worker@1444d9b3[State = -1, empty queue]] WARN  server.GrpcLogAppender (GrpcLogAppender.java:timeoutAppendRequest(200)) - bba25625-58dd-4c9e-929d-1a2e91bc3828@group-C311AD233868->f4adb48a-7d7d-4db9-96e8-d2aa5901bd52-GrpcLogAppender: appendEntries Timeout, request=bba25625-58dd-4c9e-929d-1a2e91bc3828->f4adb48a-7d7d-4db9-96e8-d2aa5901bd52#156-t1, previous=(t:1, i:23), leaderCommit=16, initializing? false, entries: <empty>
2019-09-17 22:37:53,657 [java.util.concurrent.ThreadPoolExecutor$Worker@66d00973[State = -1, empty queue]] WARN  server.GrpcLogAppender (GrpcLogAppender.java:timeoutAppendRequest(200)) - bba25625-58dd-4c9e-929d-1a2e91bc3828@group-C311AD233868->41f4c1b5-d215-4831-aa76-48270f5e0061-GrpcLogAppender: appendEntries Timeout, request=bba25625-58dd-4c9e-929d-1a2e91bc3828->41f4c1b5-d215-4831-aa76-48270f5e0061#156-t1, previous=(t:1, i:23), leaderCommit=16, initializing? false, entries: <empty>
2019-09-17 22:37:54,947 [grpc-default-executor-1] INFO  client.GrpcClientProtocolClient (GrpcClientProtocolClient.java:onNext(264)) - client-2EE9B685757F->f4adb48a-7d7d-4db9-96e8-d2aa5901bd52: receive RaftClientReply:client-2EE9B685757F->f4adb48a-7d7d-4db9-96e8-d2aa5901bd52@group-C311AD233868, cid=33, FAILED org.apache.ratis.protocol.NotLeaderException: Server f4adb48a-7d7d-4db9-96e8-d2aa5901bd52@group-C311AD233868 is not the leader bba25625-58dd-4c9e-929d-1a2e91bc3828:192.168.5.156:36127, logIndex=0, commits[f4adb48a-7d7d-4db9-96e8-d2aa5901bd52:c16, 41f4c1b5-d215-4831-aa76-48270f5e0061:c14, bba25625-58dd-4c9e-929d-1a2e91bc3828:c16]
2019-09-17 22:37:55,659 [org.apache.ratis.server.impl.LogAppender$AppenderDaemon$$Lambda$486/264626604@797d947d] ERROR ratis.XceiverServerRatis (XceiverServerRatis.java:triggerPipelineClose(575)) - pipeline Action CLOSE  on pipeline PipelineID=0b7a50c3-0882-4d89-8a66-c311ad233868.Reason : bba25625-58dd-4c9e-929d-1a2e91bc3828 has not seen follower/s 41f4c1b5-d215-4831-aa76-48270f5e0061 for 152361ms f4adb48a-7d7d-4db9-96e8-d2aa5901bd52 for 152360ms
2019-09-17 22:37:55,659 [org.apache.ratis.server.impl.LogAppender$AppenderDaemon$$Lambda$486/264626604@315c227d] ERROR ratis.XceiverServerRatis (XceiverServerRatis.java:triggerPipelineClose(575)) - pipeline Action CLOSE  on pipeline PipelineID=0b7a50c3-0882-4d89-8a66-c311ad233868.Reason : bba25625-58dd-4c9e-929d-1a2e91bc3828 has not seen follower/s 41f4c1b5-d215-4831-aa76-48270f5e0061 for 152361ms f4adb48a-7d7d-4db9-96e8-d2aa5901bd52 for 152360ms
2019-09-17 22:37:56,158 [java.util.concurrent.ThreadPoolExecutor$Worker@66d00973[State = -1, empty queue]] WARN  server.GrpcLogAppender (GrpcLogAppender.java:timeoutAppendRequest(200)) - bba25625-58dd-4c9e-929d-1a2e91bc3828@group-C311AD233868->41f4c1b5-d215-4831-aa76-48270f5e0061-GrpcLogAppender: appendEntries Timeout, request=bba25625-58dd-4c9e-929d-1a2e91bc3828->41f4c1b5-d215-4831-aa76-48270f5e0061#157-t1, previous=(t:1, i:23), leaderCommit=16, initializing? false, entries: <empty>
2019-09-17 22:37:56,158 [java.util.concurrent.ThreadPoolExecutor$Worker@1444d9b3[State = -1, empty queue]] WARN  server.GrpcLogAppender (GrpcLogAppender.java:timeoutAppendRequest(200)) - bba25625-58dd-4c9e-929d-1a2e91bc3828@group-C311AD233868->f4adb48a-7d7d-4db9-96e8-d2aa5901bd52-GrpcLogAppender: appendEntries Timeout, request=bba25625-58dd-4c9e-929d-1a2e91bc3828->f4adb48a-7d7d-4db9-96e8-d2aa5901bd52#157-t1, previous=(t:1, i:23), leaderCommit=16, initializing? false, entries: <empty>
2019-09-17 22:37:56,647 [EventQueue-PipelineActionsForPipelineActionHandler] ERROR pipeline.PipelineActionHandler (PipelineActionHandler.java:onMessage(60)) - Received pipeline action CLOSE for Pipeline[ Id: 0b7a50c3-0882-4d89-8a66-c311ad233868, Nodes: f4adb48a-7d7d-4db9-96e8-d2aa5901bd52{ip: 192.168.5.156, host: pr-hdds-2121-pbfts-3191465506, networkLocation: /default-rack, certSerialId: null}bba25625-58dd-4c9e-929d-1a2e91bc3828{ip: 192.168.5.156, host: pr-hdds-2121-pbfts-3191465506, networkLocation: /default-rack, certSerialId: null}41f4c1b5-d215-4831-aa76-48270f5e0061{ip: 192.168.5.156, host: pr-hdds-2121-pbfts-3191465506, networkLocation: /default-rack, certSerialId: null}, Type:RATIS, Factor:THREE, State:CLOSED] from datanode bba25625-58dd-4c9e-929d-1a2e91bc3828{ip: 192.168.5.156, host: pr-hdds-2121-pbfts-3191465506, networkLocation: /default-rack, certSerialId: null}. Reason : bba25625-58dd-4c9e-929d-1a2e91bc3828 has not seen follower/s 41f4c1b5-d215-4831-aa76-48270f5e0061 for 152361ms f4adb48a-7d7d-4db9-96e8-d2aa5901bd52 for 152360ms
2019-09-17 22:37:56,647 [EventQueue-PipelineActionsForPipelineActionHandler] INFO  pipeline.SCMPipelineManager (SCMPipelineManager.java:finalizeAndDestroyPipeline(311)) - destroying pipeline:Pipeline[ Id: 0b7a50c3-0882-4d89-8a66-c311ad233868, Nodes: f4adb48a-7d7d-4db9-96e8-d2aa5901bd52{ip: 192.168.5.156, host: pr-hdds-2121-pbfts-3191465506, networkLocation: /default-rack, certSerialId: null}bba25625-58dd-4c9e-929d-1a2e91bc3828{ip: 192.168.5.156, host: pr-hdds-2121-pbfts-3191465506, networkLocation: /default-rack, certSerialId: null}41f4c1b5-d215-4831-aa76-48270f5e0061{ip: 192.168.5.156, host: pr-hdds-2121-pbfts-3191465506, networkLocation: /default-rack, certSerialId: null}, Type:RATIS, Factor:THREE, State:CLOSED]
2019-09-17 22:37:58,162 [org.apache.ratis.server.impl.LogAppender$AppenderDaemon$$Lambda$486/264626604@315c227d] ERROR ratis.XceiverServerRatis (XceiverServerRatis.java:triggerPipelineClose(575)) - pipeline Action CLOSE  on pipeline PipelineID=0b7a50c3-0882-4d89-8a66-c311ad233868.Reason : bba25625-58dd-4c9e-929d-1a2e91bc3828 has not seen follower/s 41f4c1b5-d215-4831-aa76-48270f5e0061 for 154863ms f4adb48a-7d7d-4db9-96e8-d2aa5901bd52 for 154863ms
2019-09-17 22:37:58,162 [org.apache.ratis.server.impl.LogAppender$AppenderDaemon$$Lambda$486/264626604@797d947d] ERROR ratis.XceiverServerRatis (XceiverServerRatis.java:triggerPipelineClose(575)) - pipeline Action CLOSE  on pipeline PipelineID=0b7a50c3-0882-4d89-8a66-c311ad233868.Reason : bba25625-58dd-4c9e-929d-1a2e91bc3828 has not seen follower/s 41f4c1b5-d215-4831-aa76-48270f5e0061 for 154863ms f4adb48a-7d7d-4db9-96e8-d2aa5901bd52 for 154863ms
2019-09-17 22:37:58,648 [EventQueue-PipelineActionsForPipelineActionHandler] ERROR pipeline.PipelineActionHandler (PipelineActionHandler.java:onMessage(60)) - Received pipeline action CLOSE for Pipeline[ Id: 0b7a50c3-0882-4d89-8a66-c311ad233868, Nodes: f4adb48a-7d7d-4db9-96e8-d2aa5901bd52{ip: 192.168.5.156, host: pr-hdds-2121-pbfts-3191465506, networkLocation: /default-rack, certSerialId: null}bba25625-58dd-4c9e-929d-1a2e91bc3828{ip: 192.168.5.156, host: pr-hdds-2121-pbfts-3191465506, networkLocation: /default-rack, certSerialId: null}41f4c1b5-d215-4831-aa76-48270f5e0061{ip: 192.168.5.156, host: pr-hdds-2121-pbfts-3191465506, networkLocation: /default-rack, certSerialId: null}, Type:RATIS, Factor:THREE, State:CLOSED] from datanode bba25625-58dd-4c9e-929d-1a2e91bc3828{ip: 192.168.5.156, host: pr-hdds-2121-pbfts-3191465506, networkLocation: /default-rack, certSerialId: null}. Reason : bba25625-58dd-4c9e-929d-1a2e91bc3828 has not seen follower/s 41f4c1b5-d215-4831-aa76-48270f5e0061 for 154863ms f4adb48a-7d7d-4db9-96e8-d2aa5901bd52 for 154863ms
2019-09-17 22:37:58,649 [EventQueue-PipelineActionsForPipelineActionHandler] INFO  pipeline.SCMPipelineManager (SCMPipelineManager.java:finalizeAndDestroyPipeline(311)) - destroying pipeline:Pipeline[ Id: 0b7a50c3-0882-4d89-8a66-c311ad233868, Nodes: f4adb48a-7d7d-4db9-96e8-d2aa5901bd52{ip: 192.168.5.156, host: pr-hdds-2121-pbfts-3191465506, networkLocation: /default-rack, certSerialId: null}bba25625-58dd-4c9e-929d-1a2e91bc3828{ip: 192.168.5.156, host: pr-hdds-2121-pbfts-3191465506, networkLocation: /default-rack, certSerialId: null}41f4c1b5-d215-4831-aa76-48270f5e0061{ip: 192.168.5.156, host: pr-hdds-2121-pbfts-3191465506, networkLocation: /default-rack, certSerialId: null}, Type:RATIS, Factor:THREE, State:CLOSED]
2019-09-17 22:37:58,659 [java.util.concurrent.ThreadPoolExecutor$Worker@66d00973[State = -1, empty queue]] WARN  server.GrpcLogAppender (GrpcLogAppender.java:timeoutAppendRequest(200)) - bba25625-58dd-4c9e-929d-1a2e91bc3828@group-C311AD233868->41f4c1b5-d215-4831-aa76-48270f5e0061-GrpcLogAppender: appendEntries Timeout, request=bba25625-58dd-4c9e-929d-1a2e91bc3828->41f4c1b5-d215-4831-aa76-48270f5e0061#158-t1, previous=(t:1, i:23), leaderCommit=16, initializing? false, entries: <empty>
2019-09-17 22:37:58,659 [java.util.concurrent.ThreadPoolExecutor$Worker@1444d9b3[State = -1, empty queue]] WARN  server.GrpcLogAppender (GrpcLogAppender.java:timeoutAppendRequest(200)) - bba25625-58dd-4c9e-929d-1a2e91bc3828@group-C311AD233868->f4adb48a-7d7d-4db9-96e8-d2aa5901bd52-GrpcLogAppender: appendEntries Timeout, request=bba25625-58dd-4c9e-929d-1a2e91bc3828->f4adb48a-7d7d-4db9-96e8-d2aa5901bd52#158-t1, previous=(t:1, i:23), leaderCommit=16, initializing? false, entries: <empty>
2019-09-17 22:38:00,021 [grpc-default-executor-1] INFO  client.GrpcClientProtocolClient (GrpcClientProtocolClient.java:onNext(264)) - client-2EE9B685757F->f4adb48a-7d7d-4db9-96e8-d2aa5901bd52: receive RaftClientReply:client-2EE9B685757F->f4adb48a-7d7d-4db9-96e8-d2aa5901bd52@group-C311AD233868, cid=33, FAILED org.apache.ratis.protocol.NotLeaderException: Server f4adb48a-7d7d-4db9-96e8-d2aa5901bd52@group-C311AD233868 is not the leader bba25625-58dd-4c9e-929d-1a2e91bc3828:192.168.5.156:36127, logIndex=0, commits[f4adb48a-7d7d-4db9-96e8-d2aa5901bd52:c16, 41f4c1b5-d215-4831-aa76-48270f5e0061:c14, bba25625-58dd-4c9e-929d-1a2e91bc3828:c16]
2019-09-17 22:38:00,663 [org.apache.ratis.server.impl.LogAppender$AppenderDaemon$$Lambda$486/264626604@797d947d] ERROR ratis.XceiverServerRatis (XceiverServerRatis.java:triggerPipelineClose(575)) - pipeline Action CLOSE  on pipeline PipelineID=0b7a50c3-0882-4d89-8a66-c311ad233868.Reason : bba25625-58dd-4c9e-929d-1a2e91bc3828 has not seen follower/s 41f4c1b5-d215-4831-aa76-48270f5e0061 for 157364ms f4adb48a-7d7d-4db9-96e8-d2aa5901bd52 for 157364ms
2019-09-17 22:38:00,663 [org.apache.ratis.server.impl.LogAppender$AppenderDaemon$$Lambda$486/264626604@315c227d] ERROR ratis.XceiverServerRatis (XceiverServerRatis.java:triggerPipelineClose(575)) - pipeline Action CLOSE  on pipeline PipelineID=0b7a50c3-0882-4d89-8a66-c311ad233868.Reason : bba25625-58dd-4c9e-929d-1a2e91bc3828 has not seen follower/s 41f4c1b5-d215-4831-aa76-48270f5e0061 for 157364ms f4adb48a-7d7d-4db9-96e8-d2aa5901bd52 for 157364ms
2019-09-17 22:38:01,161 [java.util.concurrent.ThreadPoolExecutor$Worker@1444d9b3[State = -1, empty queue]] WARN  server.GrpcLogAppender (GrpcLogAppender.java:timeoutAppendRequest(200)) - bba25625-58dd-4c9e-929d-1a2e91bc3828@group-C311AD233868->f4adb48a-7d7d-4db9-96e8-d2aa5901bd52-GrpcLogAppender: appendEntries Timeout, request=bba25625-58dd-4c9e-929d-1a2e91bc3828->f4adb48a-7d7d-4db9-96e8-d2aa5901bd52#159-t1, previous=(t:1, i:23), leaderCommit=16, initializing? false, entries: <empty>
2019-09-17 22:38:01,161 [java.util.concurrent.ThreadPoolExecutor$Worker@66d00973[State = -1, empty queue]] WARN  server.GrpcLogAppender (GrpcLogAppender.java:timeoutAppendRequest(200)) - bba25625-58dd-4c9e-929d-1a2e91bc3828@group-C311AD233868->41f4c1b5-d215-4831-aa76-48270f5e0061-GrpcLogAppender: appendEntries Timeout, request=bba25625-58dd-4c9e-929d-1a2e91bc3828->41f4c1b5-d215-4831-aa76-48270f5e0061#159-t1, previous=(t:1, i:23), leaderCommit=16, initializing? false, entries: <empty>
2019-09-17 22:38:01,648 [EventQueue-PipelineActionsForPipelineActionHandler] ERROR pipeline.PipelineActionHandler (PipelineActionHandler.java:onMessage(60)) - Received pipeline action CLOSE for Pipeline[ Id: 0b7a50c3-0882-4d89-8a66-c311ad233868, Nodes: f4adb48a-7d7d-4db9-96e8-d2aa5901bd52{ip: 192.168.5.156, host: pr-hdds-2121-pbfts-3191465506, networkLocation: /default-rack, certSerialId: null}bba25625-58dd-4c9e-929d-1a2e91bc3828{ip: 192.168.5.156, host: pr-hdds-2121-pbfts-3191465506, networkLocation: /default-rack, certSerialId: null}41f4c1b5-d215-4831-aa76-48270f5e0061{ip: 192.168.5.156, host: pr-hdds-2121-pbfts-3191465506, networkLocation: /default-rack, certSerialId: null}, Type:RATIS, Factor:THREE, State:CLOSED] from datanode bba25625-58dd-4c9e-929d-1a2e91bc3828{ip: 192.168.5.156, host: pr-hdds-2121-pbfts-3191465506, networkLocation: /default-rack, certSerialId: null}. Reason : bba25625-58dd-4c9e-929d-1a2e91bc3828 has not seen follower/s 41f4c1b5-d215-4831-aa76-48270f5e0061 for 157364ms f4adb48a-7d7d-4db9-96e8-d2aa5901bd52 for 157364ms
2019-09-17 22:38:01,648 [EventQueue-PipelineActionsForPipelineActionHandler] INFO  pipeline.SCMPipelineManager (SCMPipelineManager.java:finalizeAndDestroyPipeline(311)) - destroying pipeline:Pipeline[ Id: 0b7a50c3-0882-4d89-8a66-c311ad233868, Nodes: f4adb48a-7d7d-4db9-96e8-d2aa5901bd52{ip: 192.168.5.156, host: pr-hdds-2121-pbfts-3191465506, networkLocation: /default-rack, certSerialId: null}bba25625-58dd-4c9e-929d-1a2e91bc3828{ip: 192.168.5.156, host: pr-hdds-2121-pbfts-3191465506, networkLocation: /default-rack, certSerialId: null}41f4c1b5-d215-4831-aa76-48270f5e0061{ip: 192.168.5.156, host: pr-hdds-2121-pbfts-3191465506, networkLocation: /default-rack, certSerialId: null}, Type:RATIS, Factor:THREE, State:CLOSED]
2019-09-17 22:38:03,164 [org.apache.ratis.server.impl.LogAppender$AppenderDaemon$$Lambda$486/264626604@315c227d] ERROR ratis.XceiverServerRatis (XceiverServerRatis.java:triggerPipelineClose(575)) - pipeline Action CLOSE  on pipeline PipelineID=0b7a50c3-0882-4d89-8a66-c311ad233868.Reason : bba25625-58dd-4c9e-929d-1a2e91bc3828 has not seen follower/s 41f4c1b5-d215-4831-aa76-48270f5e0061 for 159865ms f4adb48a-7d7d-4db9-96e8-d2aa5901bd52 for 159865ms
2019-09-17 22:38:03,164 [org.apache.ratis.server.impl.LogAppender$AppenderDaemon$$Lambda$486/264626604@797d947d] ERROR ratis.XceiverServerRatis (XceiverServerRatis.java:triggerPipelineClose(575)) - pipeline Action CLOSE  on pipeline PipelineID=0b7a50c3-0882-4d89-8a66-c311ad233868.Reason : bba25625-58dd-4c9e-929d-1a2e91bc3828 has not seen follower/s 41f4c1b5-d215-4831-aa76-48270f5e0061 for 159865ms f4adb48a-7d7d-4db9-96e8-d2aa5901bd52 for 159865ms
2019-09-17 22:38:03,424 [f4adb48a-7d7d-4db9-96e8-d2aa5901bd52@group-C311AD233868-SegmentedRaftLogWorker] WARN  segmented.SegmentedRaftLogWorker (SegmentedRaftLogWorker.java:getFromFuture(90)) - Timeout 15/~
org.apache.ratis.protocol.TimeoutIOException: Timeout 10s: WriteLog:17: (t:1, i:17), STATEMACHINELOGENTRY, client-2EE9B685757F, cid=33-writeStateMachineData
	at org.apache.ratis.util.IOUtils.getFromFuture(IOUtils.java:87)
	at org.apache.ratis.server.raftlog.segmented.SegmentedRaftLogWorker$StateMachineDataPolicy.getFromFuture(SegmentedRaftLogWorker.java:87)
	at org.apache.ratis.server.raftlog.segmented.SegmentedRaftLogWorker$WriteLog.execute(SegmentedRaftLogWorker.java:477)
	at org.apache.ratis.server.raftlog.segmented.SegmentedRaftLogWorker.run(SegmentedRaftLogWorker.java:289)
	at java.lang.Thread.run(Thread.java:748)
Caused by: java.util.concurrent.TimeoutException
	at java.util.concurrent.CompletableFuture.timedGet(CompletableFuture.java:1771)
	at java.util.concurrent.CompletableFuture.get(CompletableFuture.java:1915)
	at org.apache.ratis.util.IOUtils.getFromFuture(IOUtils.java:79)
	... 4 more
2019-09-17 22:38:03,626 [bba25625-58dd-4c9e-929d-1a2e91bc3828@group-C311AD233868-SegmentedRaftLogWorker] WARN  segmented.SegmentedRaftLogWorker (SegmentedRaftLogWorker.java:getFromFuture(90)) - Timeout 15/~
org.apache.ratis.protocol.TimeoutIOException: Timeout 10s: WriteLog:18: (t:1, i:18), STATEMACHINELOGENTRY, client-2EE9B685757F, cid=34-writeStateMachineData
	at org.apache.ratis.util.IOUtils.getFromFuture(IOUtils.java:87)
	at org.apache.ratis.server.raftlog.segmented.SegmentedRaftLogWorker$StateMachineDataPolicy.getFromFuture(SegmentedRaftLogWorker.java:87)
	at org.apache.ratis.server.raftlog.segmented.SegmentedRaftLogWorker$WriteLog.execute(SegmentedRaftLogWorker.java:477)
	at org.apache.ratis.server.raftlog.segmented.SegmentedRaftLogWorker.run(SegmentedRaftLogWorker.java:289)
	at java.lang.Thread.run(Thread.java:748)
Caused by: java.util.concurrent.TimeoutException
	at java.util.concurrent.CompletableFuture.timedGet(CompletableFuture.java:1771)
	at java.util.concurrent.CompletableFuture.get(CompletableFuture.java:1915)
	at org.apache.ratis.util.IOUtils.getFromFuture(IOUtils.java:79)
	... 4 more
2019-09-17 22:38:03,648 [41f4c1b5-d215-4831-aa76-48270f5e0061@group-C311AD233868-SegmentedRaftLogWorker] WARN  segmented.SegmentedRaftLogWorker (SegmentedRaftLogWorker.java:getFromFuture(90)) - Timeout 15/~
org.apache.ratis.protocol.TimeoutIOException: Timeout 10s: WriteLog:18: (t:1, i:18), STATEMACHINELOGENTRY, client-2EE9B685757F, cid=34-writeStateMachineData
	at org.apache.ratis.util.IOUtils.getFromFuture(IOUtils.java:87)
	at org.apache.ratis.server.raftlog.segmented.SegmentedRaftLogWorker$StateMachineDataPolicy.getFromFuture(SegmentedRaftLogWorker.java:87)
	at org.apache.ratis.server.raftlog.segmented.SegmentedRaftLogWorker$WriteLog.execute(SegmentedRaftLogWorker.java:477)
	at org.apache.ratis.server.raftlog.segmented.SegmentedRaftLogWorker.run(SegmentedRaftLogWorker.java:289)
	at java.lang.Thread.run(Thread.java:748)
Caused by: java.util.concurrent.TimeoutException
	at java.util.concurrent.CompletableFuture.timedGet(CompletableFuture.java:1771)
	at java.util.concurrent.CompletableFuture.get(CompletableFuture.java:1915)
	at org.apache.ratis.util.IOUtils.getFromFuture(IOUtils.java:79)
	... 4 more
2019-09-17 22:38:03,649 [EventQueue-PipelineActionsForPipelineActionHandler] ERROR pipeline.PipelineActionHandler (PipelineActionHandler.java:onMessage(60)) - Received pipeline action CLOSE for Pipeline[ Id: 0b7a50c3-0882-4d89-8a66-c311ad233868, Nodes: f4adb48a-7d7d-4db9-96e8-d2aa5901bd52{ip: 192.168.5.156, host: pr-hdds-2121-pbfts-3191465506, networkLocation: /default-rack, certSerialId: null}bba25625-58dd-4c9e-929d-1a2e91bc3828{ip: 192.168.5.156, host: pr-hdds-2121-pbfts-3191465506, networkLocation: /default-rack, certSerialId: null}41f4c1b5-d215-4831-aa76-48270f5e0061{ip: 192.168.5.156, host: pr-hdds-2121-pbfts-3191465506, networkLocation: /default-rack, certSerialId: null}, Type:RATIS, Factor:THREE, State:CLOSED] from datanode bba25625-58dd-4c9e-929d-1a2e91bc3828{ip: 192.168.5.156, host: pr-hdds-2121-pbfts-3191465506, networkLocation: /default-rack, certSerialId: null}. Reason : bba25625-58dd-4c9e-929d-1a2e91bc3828 has not seen follower/s 41f4c1b5-d215-4831-aa76-48270f5e0061 for 159865ms f4adb48a-7d7d-4db9-96e8-d2aa5901bd52 for 159865ms
2019-09-17 22:38:03,649 [EventQueue-PipelineActionsForPipelineActionHandler] INFO  pipeline.SCMPipelineManager (SCMPipelineManager.java:finalizeAndDestroyPipeline(311)) - destroying pipeline:Pipeline[ Id: 0b7a50c3-0882-4d89-8a66-c311ad233868, Nodes: f4adb48a-7d7d-4db9-96e8-d2aa5901bd52{ip: 192.168.5.156, host: pr-hdds-2121-pbfts-3191465506, networkLocation: /default-rack, certSerialId: null}bba25625-58dd-4c9e-929d-1a2e91bc3828{ip: 192.168.5.156, host: pr-hdds-2121-pbfts-3191465506, networkLocation: /default-rack, certSerialId: null}41f4c1b5-d215-4831-aa76-48270f5e0061{ip: 192.168.5.156, host: pr-hdds-2121-pbfts-3191465506, networkLocation: /default-rack, certSerialId: null}, Type:RATIS, Factor:THREE, State:CLOSED]
2019-09-17 22:38:03,662 [java.util.concurrent.ThreadPoolExecutor$Worker@66d00973[State = -1, empty queue]] WARN  server.GrpcLogAppender (GrpcLogAppender.java:timeoutAppendRequest(200)) - bba25625-58dd-4c9e-929d-1a2e91bc3828@group-C311AD233868->41f4c1b5-d215-4831-aa76-48270f5e0061-GrpcLogAppender: appendEntries Timeout, request=bba25625-58dd-4c9e-929d-1a2e91bc3828->41f4c1b5-d215-4831-aa76-48270f5e0061#160-t1, previous=(t:1, i:23), leaderCommit=16, initializing? false, entries: <empty>
2019-09-17 22:38:03,662 [java.util.concurrent.ThreadPoolExecutor$Worker@1444d9b3[State = -1, empty queue]] WARN  server.GrpcLogAppender (GrpcLogAppender.java:timeoutAppendRequest(200)) - bba25625-58dd-4c9e-929d-1a2e91bc3828@group-C311AD233868->f4adb48a-7d7d-4db9-96e8-d2aa5901bd52-GrpcLogAppender: appendEntries Timeout, request=bba25625-58dd-4c9e-929d-1a2e91bc3828->f4adb48a-7d7d-4db9-96e8-d2aa5901bd52#160-t1, previous=(t:1, i:23), leaderCommit=16, initializing? false, entries: <empty>
2019-09-17 22:38:05,074 [grpc-default-executor-1] INFO  client.GrpcClientProtocolClient (GrpcClientProtocolClient.java:onNext(264)) - client-2EE9B685757F->f4adb48a-7d7d-4db9-96e8-d2aa5901bd52: receive RaftClientReply:client-2EE9B685757F->f4adb48a-7d7d-4db9-96e8-d2aa5901bd52@group-C311AD233868, cid=33, FAILED org.apache.ratis.protocol.NotLeaderException: Server f4adb48a-7d7d-4db9-96e8-d2aa5901bd52@group-C311AD233868 is not the leader bba25625-58dd-4c9e-929d-1a2e91bc3828:192.168.5.156:36127, logIndex=0, commits[f4adb48a-7d7d-4db9-96e8-d2aa5901bd52:c16, 41f4c1b5-d215-4831-aa76-48270f5e0061:c14, bba25625-58dd-4c9e-929d-1a2e91bc3828:c16]
2019-09-17 22:38:05,664 [org.apache.ratis.server.impl.LogAppender$AppenderDaemon$$Lambda$486/264626604@797d947d] ERROR ratis.XceiverServerRatis (XceiverServerRatis.java:triggerPipelineClose(575)) - pipeline Action CLOSE  on pipeline PipelineID=0b7a50c3-0882-4d89-8a66-c311ad233868.Reason : bba25625-58dd-4c9e-929d-1a2e91bc3828 has not seen follower/s 41f4c1b5-d215-4831-aa76-48270f5e0061 for 162366ms f4adb48a-7d7d-4db9-96e8-d2aa5901bd52 for 162365ms
2019-09-17 22:38:05,664 [org.apache.ratis.server.impl.LogAppender$AppenderDaemon$$Lambda$486/264626604@315c227d] ERROR ratis.XceiverServerRatis (XceiverServerRatis.java:triggerPipelineClose(575)) - pipeline Action CLOSE  on pipeline PipelineID=0b7a50c3-0882-4d89-8a66-c311ad233868.Reason : bba25625-58dd-4c9e-929d-1a2e91bc3828 has not seen follower/s 41f4c1b5-d215-4831-aa76-48270f5e0061 for 162366ms f4adb48a-7d7d-4db9-96e8-d2aa5901bd52 for 162365ms
2019-09-17 22:38:06,164 [java.util.concurrent.ThreadPoolExecutor$Worker@66d00973[State = -1, empty queue]] WARN  server.GrpcLogAppender (GrpcLogAppender.java:timeoutAppendRequest(200)) - bba25625-58dd-4c9e-929d-1a2e91bc3828@group-C311AD233868->41f4c1b5-d215-4831-aa76-48270f5e0061-GrpcLogAppender: appendEntries Timeout, request=bba25625-58dd-4c9e-929d-1a2e91bc3828->41f4c1b5-d215-4831-aa76-48270f5e0061#161-t1, previous=(t:1, i:23), leaderCommit=16, initializing? false, entries: <empty>
2019-09-17 22:38:06,164 [java.util.concurrent.ThreadPoolExecutor$Worker@1444d9b3[State = -1, empty queue]] WARN  server.GrpcLogAppender (GrpcLogAppender.java:timeoutAppendRequest(200)) - bba25625-58dd-4c9e-929d-1a2e91bc3828@group-C311AD233868->f4adb48a-7d7d-4db9-96e8-d2aa5901bd52-GrpcLogAppender: appendEntries Timeout, request=bba25625-58dd-4c9e-929d-1a2e91bc3828->f4adb48a-7d7d-4db9-96e8-d2aa5901bd52#161-t1, previous=(t:1, i:23), leaderCommit=16, initializing? false, entries: <empty>
2019-09-17 22:38:06,649 [EventQueue-PipelineActionsForPipelineActionHandler] ERROR pipeline.PipelineActionHandler (PipelineActionHandler.java:onMessage(60)) - Received pipeline action CLOSE for Pipeline[ Id: 0b7a50c3-0882-4d89-8a66-c311ad233868, Nodes: f4adb48a-7d7d-4db9-96e8-d2aa5901bd52{ip: 192.168.5.156, host: pr-hdds-2121-pbfts-3191465506, networkLocation: /default-rack, certSerialId: null}bba25625-58dd-4c9e-929d-1a2e91bc3828{ip: 192.168.5.156, host: pr-hdds-2121-pbfts-3191465506, networkLocation: /default-rack, certSerialId: null}41f4c1b5-d215-4831-aa76-48270f5e0061{ip: 192.168.5.156, host: pr-hdds-2121-pbfts-3191465506, networkLocation: /default-rack, certSerialId: null}, Type:RATIS, Factor:THREE, State:CLOSED] from datanode bba25625-58dd-4c9e-929d-1a2e91bc3828{ip: 192.168.5.156, host: pr-hdds-2121-pbfts-3191465506, networkLocation: /default-rack, certSerialId: null}. Reason : bba25625-58dd-4c9e-929d-1a2e91bc3828 has not seen follower/s 41f4c1b5-d215-4831-aa76-48270f5e0061 for 162366ms f4adb48a-7d7d-4db9-96e8-d2aa5901bd52 for 162365ms
2019-09-17 22:38:06,650 [EventQueue-PipelineActionsForPipelineActionHandler] INFO  pipeline.SCMPipelineManager (SCMPipelineManager.java:finalizeAndDestroyPipeline(311)) - destroying pipeline:Pipeline[ Id: 0b7a50c3-0882-4d89-8a66-c311ad233868, Nodes: f4adb48a-7d7d-4db9-96e8-d2aa5901bd52{ip: 192.168.5.156, host: pr-hdds-2121-pbfts-3191465506, networkLocation: /default-rack, certSerialId: null}bba25625-58dd-4c9e-929d-1a2e91bc3828{ip: 192.168.5.156, host: pr-hdds-2121-pbfts-3191465506, networkLocation: /default-rack, certSerialId: null}41f4c1b5-d215-4831-aa76-48270f5e0061{ip: 192.168.5.156, host: pr-hdds-2121-pbfts-3191465506, networkLocation: /default-rack, certSerialId: null}, Type:RATIS, Factor:THREE, State:CLOSED]
2019-09-17 22:38:08,166 [org.apache.ratis.server.impl.LogAppender$AppenderDaemon$$Lambda$486/264626604@797d947d] ERROR ratis.XceiverServerRatis (XceiverServerRatis.java:triggerPipelineClose(575)) - pipeline Action CLOSE  on pipeline PipelineID=0b7a50c3-0882-4d89-8a66-c311ad233868.Reason : bba25625-58dd-4c9e-929d-1a2e91bc3828 has not seen follower/s 41f4c1b5-d215-4831-aa76-48270f5e0061 for 164867ms f4adb48a-7d7d-4db9-96e8-d2aa5901bd52 for 164867ms
2019-09-17 22:38:08,166 [org.apache.ratis.server.impl.LogAppender$AppenderDaemon$$Lambda$486/264626604@315c227d] ERROR ratis.XceiverServerRatis (XceiverServerRatis.java:triggerPipelineClose(575)) - pipeline Action CLOSE  on pipeline PipelineID=0b7a50c3-0882-4d89-8a66-c311ad233868.Reason : bba25625-58dd-4c9e-929d-1a2e91bc3828 has not seen follower/s 41f4c1b5-d215-4831-aa76-48270f5e0061 for 164867ms f4adb48a-7d7d-4db9-96e8-d2aa5901bd52 for 164867ms
2019-09-17 22:38:08,649 [EventQueue-PipelineActionsForPipelineActionHandler] ERROR pipeline.PipelineActionHandler (PipelineActionHandler.java:onMessage(60)) - Received pipeline action CLOSE for Pipeline[ Id: 0b7a50c3-0882-4d89-8a66-c311ad233868, Nodes: f4adb48a-7d7d-4db9-96e8-d2aa5901bd52{ip: 192.168.5.156, host: pr-hdds-2121-pbfts-3191465506, networkLocation: /default-rack, certSerialId: null}bba25625-58dd-4c9e-929d-1a2e91bc3828{ip: 192.168.5.156, host: pr-hdds-2121-pbfts-3191465506, networkLocation: /default-rack, certSerialId: null}41f4c1b5-d215-4831-aa76-48270f5e0061{ip: 192.168.5.156, host: pr-hdds-2121-pbfts-3191465506, networkLocation: /default-rack, certSerialId: null}, Type:RATIS, Factor:THREE, State:CLOSED] from datanode bba25625-58dd-4c9e-929d-1a2e91bc3828{ip: 192.168.5.156, host: pr-hdds-2121-pbfts-3191465506, networkLocation: /default-rack, certSerialId: null}. Reason : bba25625-58dd-4c9e-929d-1a2e91bc3828 has not seen follower/s 41f4c1b5-d215-4831-aa76-48270f5e0061 for 164867ms f4adb48a-7d7d-4db9-96e8-d2aa5901bd52 for 164867ms
2019-09-17 22:38:08,649 [EventQueue-PipelineActionsForPipelineActionHandler] INFO  pipeline.SCMPipelineManager (SCMPipelineManager.java:finalizeAndDestroyPipeline(311)) - destroying pipeline:Pipeline[ Id: 0b7a50c3-0882-4d89-8a66-c311ad233868, Nodes: f4adb48a-7d7d-4db9-96e8-d2aa5901bd52{ip: 192.168.5.156, host: pr-hdds-2121-pbfts-3191465506, networkLocation: /default-rack, certSerialId: null}bba25625-58dd-4c9e-929d-1a2e91bc3828{ip: 192.168.5.156, host: pr-hdds-2121-pbfts-3191465506, networkLocation: /default-rack, certSerialId: null}41f4c1b5-d215-4831-aa76-48270f5e0061{ip: 192.168.5.156, host: pr-hdds-2121-pbfts-3191465506, networkLocation: /default-rack, certSerialId: null}, Type:RATIS, Factor:THREE, State:CLOSED]
2019-09-17 22:38:08,664 [java.util.concurrent.ThreadPoolExecutor$Worker@66d00973[State = -1, empty queue]] WARN  server.GrpcLogAppender (GrpcLogAppender.java:timeoutAppendRequest(200)) - bba25625-58dd-4c9e-929d-1a2e91bc3828@group-C311AD233868->41f4c1b5-d215-4831-aa76-48270f5e0061-GrpcLogAppender: appendEntries Timeout, request=bba25625-58dd-4c9e-929d-1a2e91bc3828->41f4c1b5-d215-4831-aa76-48270f5e0061#162-t1, previous=(t:1, i:23), leaderCommit=16, initializing? false, entries: <empty>
2019-09-17 22:38:08,664 [java.util.concurrent.ThreadPoolExecutor$Worker@1444d9b3[State = -1, empty queue]] WARN  server.GrpcLogAppender (GrpcLogAppender.java:timeoutAppendRequest(200)) - bba25625-58dd-4c9e-929d-1a2e91bc3828@group-C311AD233868->f4adb48a-7d7d-4db9-96e8-d2aa5901bd52-GrpcLogAppender: appendEntries Timeout, request=bba25625-58dd-4c9e-929d-1a2e91bc3828->f4adb48a-7d7d-4db9-96e8-d2aa5901bd52#162-t1, previous=(t:1, i:23), leaderCommit=16, initializing? false, entries: <empty>
2019-09-17 22:38:09,075 [grpc-default-executor-4] INFO  impl.RaftServerProxy (RaftServerProxy.java:addNew(89)) - 41f4c1b5-d215-4831-aa76-48270f5e0061: addNew group-BED94E1B2AD7:[41f4c1b5-d215-4831-aa76-48270f5e0061:192.168.5.156:34928, f4adb48a-7d7d-4db9-96e8-d2aa5901bd52:192.168.5.156:46400, bba25625-58dd-4c9e-929d-1a2e91bc3828:192.168.5.156:36127] returns group-BED94E1B2AD7:java.util.concurrent.CompletableFuture@64a04716[Not completed]
2019-09-17 22:38:09,075 [grpc-default-executor-5] INFO  impl.RaftServerProxy (RaftServerProxy.java:addNew(89)) - bba25625-58dd-4c9e-929d-1a2e91bc3828: addNew group-BED94E1B2AD7:[41f4c1b5-d215-4831-aa76-48270f5e0061:192.168.5.156:34928, f4adb48a-7d7d-4db9-96e8-d2aa5901bd52:192.168.5.156:46400, bba25625-58dd-4c9e-929d-1a2e91bc3828:192.168.5.156:36127] returns group-BED94E1B2AD7:java.util.concurrent.CompletableFuture@2cfd5c0c[Not completed]
2019-09-17 22:38:09,075 [grpc-default-executor-1] INFO  impl.RaftServerProxy (RaftServerProxy.java:addNew(89)) - f4adb48a-7d7d-4db9-96e8-d2aa5901bd52: addNew group-BED94E1B2AD7:[41f4c1b5-d215-4831-aa76-48270f5e0061:192.168.5.156:34928, f4adb48a-7d7d-4db9-96e8-d2aa5901bd52:192.168.5.156:46400, bba25625-58dd-4c9e-929d-1a2e91bc3828:192.168.5.156:36127] returns group-BED94E1B2AD7:java.util.concurrent.CompletableFuture@72f05bbd[Not completed]
2019-09-17 22:38:09,080 [pool-47-thread-1] INFO  impl.RaftServerImpl (RaftServerImpl.java:<init>(95)) - f4adb48a-7d7d-4db9-96e8-d2aa5901bd52: new RaftServerImpl for group-BED94E1B2AD7:[41f4c1b5-d215-4831-aa76-48270f5e0061:192.168.5.156:34928, f4adb48a-7d7d-4db9-96e8-d2aa5901bd52:192.168.5.156:46400, bba25625-58dd-4c9e-929d-1a2e91bc3828:192.168.5.156:36127] with ContainerStateMachine:uninitialized
2019-09-17 22:38:09,080 [pool-47-thread-1] INFO  server.RaftServerConfigKeys (ConfUtils.java:logGet(43)) - raft.server.rpc.timeout.min = 5s (custom)
2019-09-17 22:38:09,080 [pool-47-thread-1] INFO  server.RaftServerConfigKeys (ConfUtils.java:logGet(43)) - raft.server.rpc.timeout.max = 5200ms (custom)
2019-09-17 22:38:09,080 [pool-47-thread-1] INFO  server.RaftServerConfigKeys (ConfUtils.java:logGet(43)) - raft.server.rpcslowness.timeout = 120s (custom)
2019-09-17 22:38:09,081 [pool-47-thread-1] INFO  server.RaftServerConfigKeys (ConfUtils.java:logGet(43)) - raft.server.sleep.deviation.threshold = 300 (default)
2019-09-17 22:38:09,081 [pool-47-thread-1] INFO  server.RaftServerConfigKeys (ConfUtils.java:logGet(43)) - raft.server.log.appender.install.snapshot.enabled = false (custom)
2019-09-17 22:38:09,081 [pool-57-thread-1] INFO  impl.RaftServerImpl (RaftServerImpl.java:<init>(95)) - 41f4c1b5-d215-4831-aa76-48270f5e0061: new RaftServerImpl for group-BED94E1B2AD7:[41f4c1b5-d215-4831-aa76-48270f5e0061:192.168.5.156:34928, f4adb48a-7d7d-4db9-96e8-d2aa5901bd52:192.168.5.156:46400, bba25625-58dd-4c9e-929d-1a2e91bc3828:192.168.5.156:36127] with ContainerStateMachine:uninitialized
2019-09-17 22:38:09,081 [pool-47-thread-1] INFO  impl.RaftServerImpl (ServerState.java:<init>(103)) - f4adb48a-7d7d-4db9-96e8-d2aa5901bd52@group-BED94E1B2AD7: ConfigurationManager, init=-1: [41f4c1b5-d215-4831-aa76-48270f5e0061:192.168.5.156:34928, f4adb48a-7d7d-4db9-96e8-d2aa5901bd52:192.168.5.156:46400, bba25625-58dd-4c9e-929d-1a2e91bc3828:192.168.5.156:36127], old=null, confs=<EMPTY_MAP>
2019-09-17 22:38:09,081 [pool-57-thread-1] INFO  server.RaftServerConfigKeys (ConfUtils.java:logGet(43)) - raft.server.rpc.timeout.min = 5s (custom)
2019-09-17 22:38:09,081 [pool-57-thread-1] INFO  server.RaftServerConfigKeys (ConfUtils.java:logGet(43)) - raft.server.rpc.timeout.max = 5200ms (custom)
2019-09-17 22:38:09,081 [pool-47-thread-1] INFO  server.RaftServerConfigKeys (ConfUtils.java:logGet(43)) - raft.server.storage.dir = [/workdir/hadoop-ozone/integration-test/target/test-dir/MiniOzoneClusterImpl-bd92ec51-65b6-4c9d-b31e-1ffa86bb815f/datanode-2/data/ratis] (custom)
2019-09-17 22:38:09,081 [pool-57-thread-1] INFO  server.RaftServerConfigKeys (ConfUtils.java:logGet(43)) - raft.server.rpcslowness.timeout = 120s (custom)
2019-09-17 22:38:09,082 [pool-57-thread-1] INFO  server.RaftServerConfigKeys (ConfUtils.java:logGet(43)) - raft.server.sleep.deviation.threshold = 300 (default)
2019-09-17 22:38:09,082 [pool-77-thread-1] INFO  impl.RaftServerImpl (RaftServerImpl.java:<init>(95)) - bba25625-58dd-4c9e-929d-1a2e91bc3828: new RaftServerImpl for group-BED94E1B2AD7:[41f4c1b5-d215-4831-aa76-48270f5e0061:192.168.5.156:34928, f4adb48a-7d7d-4db9-96e8-d2aa5901bd52:192.168.5.156:46400, bba25625-58dd-4c9e-929d-1a2e91bc3828:192.168.5.156:36127] with ContainerStateMachine:uninitialized
2019-09-17 22:38:09,082 [pool-57-thread-1] INFO  server.RaftServerConfigKeys (ConfUtils.java:logGet(43)) - raft.server.log.appender.install.snapshot.enabled = false (custom)
2019-09-17 22:38:09,082 [pool-77-thread-1] INFO  server.RaftServerConfigKeys (ConfUtils.java:logGet(43)) - raft.server.rpc.timeout.min = 5s (custom)
2019-09-17 22:38:09,082 [pool-57-thread-1] INFO  impl.RaftServerImpl (ServerState.java:<init>(103)) - 41f4c1b5-d215-4831-aa76-48270f5e0061@group-BED94E1B2AD7: ConfigurationManager, init=-1: [41f4c1b5-d215-4831-aa76-48270f5e0061:192.168.5.156:34928, f4adb48a-7d7d-4db9-96e8-d2aa5901bd52:192.168.5.156:46400, bba25625-58dd-4c9e-929d-1a2e91bc3828:192.168.5.156:36127], old=null, confs=<EMPTY_MAP>
2019-09-17 22:38:09,082 [pool-47-thread-1] INFO  storage.RaftStorageDirectory (RaftStorageDirectory.java:analyzeStorage(246)) - The storage directory /workdir/hadoop-ozone/integration-test/target/test-dir/MiniOzoneClusterImpl-bd92ec51-65b6-4c9d-b31e-1ffa86bb815f/datanode-2/data/ratis/94ad3fbb-47c4-4d69-9649-bed94e1b2ad7 does not exist. Creating ...
2019-09-17 22:38:09,082 [pool-57-thread-1] INFO  server.RaftServerConfigKeys (ConfUtils.java:logGet(43)) - raft.server.storage.dir = [/workdir/hadoop-ozone/integration-test/target/test-dir/MiniOzoneClusterImpl-bd92ec51-65b6-4c9d-b31e-1ffa86bb815f/datanode-3/data/ratis] (custom)
2019-09-17 22:38:09,082 [pool-77-thread-1] INFO  server.RaftServerConfigKeys (ConfUtils.java:logGet(43)) - raft.server.rpc.timeout.max = 5200ms (custom)
2019-09-17 22:38:09,083 [pool-77-thread-1] INFO  server.RaftServerConfigKeys (ConfUtils.java:logGet(43)) - raft.server.rpcslowness.timeout = 120s (custom)
2019-09-17 22:38:09,083 [pool-77-thread-1] INFO  server.RaftServerConfigKeys (ConfUtils.java:logGet(43)) - raft.server.sleep.deviation.threshold = 300 (default)
2019-09-17 22:38:09,083 [pool-57-thread-1] INFO  storage.RaftStorageDirectory (RaftStorageDirectory.java:analyzeStorage(246)) - The storage directory /workdir/hadoop-ozone/integration-test/target/test-dir/MiniOzoneClusterImpl-bd92ec51-65b6-4c9d-b31e-1ffa86bb815f/datanode-3/data/ratis/94ad3fbb-47c4-4d69-9649-bed94e1b2ad7 does not exist. Creating ...
2019-09-17 22:38:09,083 [pool-77-thread-1] INFO  server.RaftServerConfigKeys (ConfUtils.java:logGet(43)) - raft.server.log.appender.install.snapshot.enabled = false (custom)
2019-09-17 22:38:09,083 [pool-77-thread-1] INFO  impl.RaftServerImpl (ServerState.java:<init>(103)) - bba25625-58dd-4c9e-929d-1a2e91bc3828@group-BED94E1B2AD7: ConfigurationManager, init=-1: [41f4c1b5-d215-4831-aa76-48270f5e0061:192.168.5.156:34928, f4adb48a-7d7d-4db9-96e8-d2aa5901bd52:192.168.5.156:46400, bba25625-58dd-4c9e-929d-1a2e91bc3828:192.168.5.156:36127], old=null, confs=<EMPTY_MAP>
2019-09-17 22:38:09,084 [pool-77-thread-1] INFO  server.RaftServerConfigKeys (ConfUtils.java:logGet(43)) - raft.server.storage.dir = [/workdir/hadoop-ozone/integration-test/target/test-dir/MiniOzoneClusterImpl-bd92ec51-65b6-4c9d-b31e-1ffa86bb815f/datanode-5/data/ratis] (custom)
2019-09-17 22:38:09,084 [pool-77-thread-1] INFO  storage.RaftStorageDirectory (RaftStorageDirectory.java:analyzeStorage(246)) - The storage directory /workdir/hadoop-ozone/integration-test/target/test-dir/MiniOzoneClusterImpl-bd92ec51-65b6-4c9d-b31e-1ffa86bb815f/datanode-5/data/ratis/94ad3fbb-47c4-4d69-9649-bed94e1b2ad7 does not exist. Creating ...
2019-09-17 22:38:09,106 [pool-57-thread-1] INFO  storage.RaftStorageDirectory (RaftStorageDirectory.java:tryLock(328)) - Lock on /workdir/hadoop-ozone/integration-test/target/test-dir/MiniOzoneClusterImpl-bd92ec51-65b6-4c9d-b31e-1ffa86bb815f/datanode-3/data/ratis/94ad3fbb-47c4-4d69-9649-bed94e1b2ad7/in_use.lock acquired by nodename 19335@pr-hdds-2121-pbfts-3191465506
2019-09-17 22:38:09,106 [pool-47-thread-1] INFO  storage.RaftStorageDirectory (RaftStorageDirectory.java:tryLock(328)) - Lock on /workdir/hadoop-ozone/integration-test/target/test-dir/MiniOzoneClusterImpl-bd92ec51-65b6-4c9d-b31e-1ffa86bb815f/datanode-2/data/ratis/94ad3fbb-47c4-4d69-9649-bed94e1b2ad7/in_use.lock acquired by nodename 19335@pr-hdds-2121-pbfts-3191465506
2019-09-17 22:38:09,106 [pool-77-thread-1] INFO  storage.RaftStorageDirectory (RaftStorageDirectory.java:tryLock(328)) - Lock on /workdir/hadoop-ozone/integration-test/target/test-dir/MiniOzoneClusterImpl-bd92ec51-65b6-4c9d-b31e-1ffa86bb815f/datanode-5/data/ratis/94ad3fbb-47c4-4d69-9649-bed94e1b2ad7/in_use.lock acquired by nodename 19335@pr-hdds-2121-pbfts-3191465506
2019-09-17 22:38:09,126 [pool-57-thread-1] INFO  storage.RaftStorage (RaftStorage.java:format(72)) - Storage directory /workdir/hadoop-ozone/integration-test/target/test-dir/MiniOzoneClusterImpl-bd92ec51-65b6-4c9d-b31e-1ffa86bb815f/datanode-3/data/ratis/94ad3fbb-47c4-4d69-9649-bed94e1b2ad7 has been successfully formatted.
2019-09-17 22:38:09,126 [pool-47-thread-1] INFO  storage.RaftStorage (RaftStorage.java:format(72)) - Storage directory /workdir/hadoop-ozone/integration-test/target/test-dir/MiniOzoneClusterImpl-bd92ec51-65b6-4c9d-b31e-1ffa86bb815f/datanode-2/data/ratis/94ad3fbb-47c4-4d69-9649-bed94e1b2ad7 has been successfully formatted.
2019-09-17 22:38:09,126 [pool-77-thread-1] INFO  storage.RaftStorage (RaftStorage.java:format(72)) - Storage directory /workdir/hadoop-ozone/integration-test/target/test-dir/MiniOzoneClusterImpl-bd92ec51-65b6-4c9d-b31e-1ffa86bb815f/datanode-5/data/ratis/94ad3fbb-47c4-4d69-9649-bed94e1b2ad7 has been successfully formatted.
2019-09-17 22:38:09,126 [pool-57-thread-1] INFO  ratis.ContainerStateMachine (ContainerStateMachine.java:loadSnapshot(230)) - group-BED94E1B2AD7: The snapshot info is null. Setting the last applied indexto:(t:0, i:~)
2019-09-17 22:38:09,126 [pool-77-thread-1] INFO  ratis.ContainerStateMachine (ContainerStateMachine.java:loadSnapshot(230)) - group-BED94E1B2AD7: The snapshot info is null. Setting the last applied indexto:(t:0, i:~)
2019-09-17 22:38:09,126 [pool-47-thread-1] INFO  ratis.ContainerStateMachine (ContainerStateMachine.java:loadSnapshot(230)) - group-BED94E1B2AD7: The snapshot info is null. Setting the last applied indexto:(t:0, i:~)
2019-09-17 22:38:09,126 [pool-77-thread-1] INFO  server.RaftServerConfigKeys (ConfUtils.java:logGet(43)) - raft.server.notification.no-leader.timeout = 120s (custom)
2019-09-17 22:38:09,126 [pool-57-thread-1] INFO  server.RaftServerConfigKeys (ConfUtils.java:logGet(43)) - raft.server.notification.no-leader.timeout = 120s (custom)
2019-09-17 22:38:09,127 [pool-77-thread-1] INFO  server.RaftServerConfigKeys (ConfUtils.java:logGet(43)) - raft.server.log.use.memory = false (default)
2019-09-17 22:38:09,127 [pool-47-thread-1] INFO  server.RaftServerConfigKeys (ConfUtils.java:logGet(43)) - raft.server.notification.no-leader.timeout = 120s (custom)
2019-09-17 22:38:09,127 [pool-57-thread-1] INFO  server.RaftServerConfigKeys (ConfUtils.java:logGet(43)) - raft.server.log.use.memory = false (default)
2019-09-17 22:38:09,127 [pool-77-thread-1] INFO  server.RaftServerConfigKeys (ConfUtils.java:logGet(43)) - raft.server.log.purge.gap = 1000000 (custom)
2019-09-17 22:38:09,127 [pool-47-thread-1] INFO  server.RaftServerConfigKeys (ConfUtils.java:logGet(43)) - raft.server.log.use.memory = false (default)
2019-09-17 22:38:09,128 [pool-77-thread-1] INFO  server.RaftServerConfigKeys (ConfUtils.java:logGet(43)) - raft.server.log.appender.buffer.byte-limit = 33554432 (custom)
2019-09-17 22:38:09,127 [pool-57-thread-1] INFO  server.RaftServerConfigKeys (ConfUtils.java:logGet(43)) - raft.server.log.purge.gap = 1000000 (custom)
2019-09-17 22:38:09,128 [pool-77-thread-1] INFO  server.RaftServerConfigKeys (ConfUtils.java:logGet(43)) - raft.server.log.segment.size.max = 1048576 (custom)
2019-09-17 22:38:09,128 [pool-47-thread-1] INFO  server.RaftServerConfigKeys (ConfUtils.java:logGet(43)) - raft.server.log.purge.gap = 1000000 (custom)
2019-09-17 22:38:09,128 [pool-77-thread-1] INFO  server.RaftServerConfigKeys (ConfUtils.java:logGet(43)) - raft.server.log.segment.cache.num.max = 2 (custom)
2019-09-17 22:38:09,128 [pool-57-thread-1] INFO  server.RaftServerConfigKeys (ConfUtils.java:logGet(43)) - raft.server.log.appender.buffer.byte-limit = 33554432 (custom)
2019-09-17 22:38:09,128 [pool-77-thread-1] INFO  segmented.SegmentedRaftLogWorker (SegmentedRaftLogWorker.java:<init>(172)) - new bba25625-58dd-4c9e-929d-1a2e91bc3828@group-BED94E1B2AD7-SegmentedRaftLogWorker for RaftStorage:Storage Directory /workdir/hadoop-ozone/integration-test/target/test-dir/MiniOzoneClusterImpl-bd92ec51-65b6-4c9d-b31e-1ffa86bb815f/datanode-5/data/ratis/94ad3fbb-47c4-4d69-9649-bed94e1b2ad7
2019-09-17 22:38:09,128 [pool-47-thread-1] INFO  server.RaftServerConfigKeys (ConfUtils.java:logGet(43)) - raft.server.log.appender.buffer.byte-limit = 33554432 (custom)
2019-09-17 22:38:09,128 [pool-57-thread-1] INFO  server.RaftServerConfigKeys (ConfUtils.java:logGet(43)) - raft.server.log.segment.size.max = 1048576 (custom)
2019-09-17 22:38:09,129 [pool-47-thread-1] INFO  server.RaftServerConfigKeys (ConfUtils.java:logGet(43)) - raft.server.log.segment.size.max = 1048576 (custom)
2019-09-17 22:38:09,129 [pool-77-thread-1] INFO  server.RaftServerConfigKeys (ConfUtils.java:logGet(43)) - raft.server.log.queue.byte-limit = 2147483647 (custom)
2019-09-17 22:38:09,129 [pool-47-thread-1] INFO  server.RaftServerConfigKeys (ConfUtils.java:logGet(43)) - raft.server.log.segment.cache.num.max = 2 (custom)
2019-09-17 22:38:09,129 [pool-57-thread-1] INFO  server.RaftServerConfigKeys (ConfUtils.java:logGet(43)) - raft.server.log.segment.cache.num.max = 2 (custom)
2019-09-17 22:38:09,129 [pool-47-thread-1] INFO  segmented.SegmentedRaftLogWorker (SegmentedRaftLogWorker.java:<init>(172)) - new f4adb48a-7d7d-4db9-96e8-d2aa5901bd52@group-BED94E1B2AD7-SegmentedRaftLogWorker for RaftStorage:Storage Directory /workdir/hadoop-ozone/integration-test/target/test-dir/MiniOzoneClusterImpl-bd92ec51-65b6-4c9d-b31e-1ffa86bb815f/datanode-2/data/ratis/94ad3fbb-47c4-4d69-9649-bed94e1b2ad7
2019-09-17 22:38:09,129 [pool-77-thread-1] INFO  server.RaftServerConfigKeys (ConfUtils.java:logGet(43)) - raft.server.log.queue.element-limit = 1024 (custom)
2019-09-17 22:38:09,130 [pool-47-thread-1] INFO  server.RaftServerConfigKeys (ConfUtils.java:logGet(43)) - raft.server.log.queue.byte-limit = 2147483647 (custom)
2019-09-17 22:38:09,130 [pool-57-thread-1] INFO  segmented.SegmentedRaftLogWorker (SegmentedRaftLogWorker.java:<init>(172)) - new 41f4c1b5-d215-4831-aa76-48270f5e0061@group-BED94E1B2AD7-SegmentedRaftLogWorker for RaftStorage:Storage Directory /workdir/hadoop-ozone/integration-test/target/test-dir/MiniOzoneClusterImpl-bd92ec51-65b6-4c9d-b31e-1ffa86bb815f/datanode-3/data/ratis/94ad3fbb-47c4-4d69-9649-bed94e1b2ad7
2019-09-17 22:38:09,130 [pool-47-thread-1] INFO  server.RaftServerConfigKeys (ConfUtils.java:logGet(43)) - raft.server.log.queue.element-limit = 1024 (custom)
2019-09-17 22:38:09,130 [pool-77-thread-1] INFO  server.RaftServerConfigKeys (ConfUtils.java:logGet(43)) - raft.server.log.segment.size.max = 1048576 (custom)
2019-09-17 22:38:09,130 [pool-47-thread-1] INFO  server.RaftServerConfigKeys (ConfUtils.java:logGet(43)) - raft.server.log.segment.size.max = 1048576 (custom)
2019-09-17 22:38:09,130 [pool-57-thread-1] INFO  server.RaftServerConfigKeys (ConfUtils.java:logGet(43)) - raft.server.log.queue.byte-limit = 2147483647 (custom)
2019-09-17 22:38:09,131 [pool-47-thread-1] INFO  server.RaftServerConfigKeys (ConfUtils.java:logGet(43)) - raft.server.log.preallocated.size = 16384 (custom)
2019-09-17 22:38:09,130 [pool-77-thread-1] INFO  server.RaftServerConfigKeys (ConfUtils.java:logGet(43)) - raft.server.log.preallocated.size = 16384 (custom)
2019-09-17 22:38:09,131 [pool-47-thread-1] INFO  server.RaftServerConfigKeys (ConfUtils.java:logGet(43)) - raft.server.log.write.buffer.size = 33554432 (custom)
2019-09-17 22:38:09,131 [pool-57-thread-1] INFO  server.RaftServerConfigKeys (ConfUtils.java:logGet(43)) - raft.server.log.queue.element-limit = 1024 (custom)
2019-09-17 22:38:09,131 [pool-47-thread-1] INFO  server.RaftServerConfigKeys (ConfUtils.java:logGet(43)) - raft.server.log.force.sync.num = 128 (default)
2019-09-17 22:38:09,131 [pool-77-thread-1] INFO  server.RaftServerConfigKeys (ConfUtils.java:logGet(43)) - raft.server.log.write.buffer.size = 33554432 (custom)
2019-09-17 22:38:09,131 [pool-47-thread-1] INFO  server.RaftServerConfigKeys (ConfUtils.java:logGet(43)) - raft.server.log.statemachine.data.sync = true (default)
2019-09-17 22:38:09,131 [pool-57-thread-1] INFO  server.RaftServerConfigKeys (ConfUtils.java:logGet(43)) - raft.server.log.segment.size.max = 1048576 (custom)
2019-09-17 22:38:09,132 [pool-47-thread-1] INFO  server.RaftServerConfigKeys (ConfUtils.java:logGet(43)) - raft.server.log.statemachine.data.sync.timeout = 10s (default)
2019-09-17 22:38:09,132 [pool-77-thread-1] INFO  server.RaftServerConfigKeys (ConfUtils.java:logGet(43)) - raft.server.log.force.sync.num = 128 (default)
2019-09-17 22:38:09,132 [pool-47-thread-1] INFO  server.RaftServerConfigKeys (ConfUtils.java:logGet(43)) - raft.server.log.statemachine.data.sync.timeout.retry = -1 (default)
2019-09-17 22:38:09,132 [pool-57-thread-1] INFO  server.RaftServerConfigKeys (ConfUtils.java:logGet(43)) - raft.server.log.preallocated.size = 16384 (custom)
2019-09-17 22:38:09,133 [pool-47-thread-1] INFO  server.RaftServerConfigKeys (ConfUtils.java:logGet(43)) - raft.server.log.statemachine.data.caching.enabled = true (custom)
2019-09-17 22:38:09,132 [pool-77-thread-1] INFO  server.RaftServerConfigKeys (ConfUtils.java:logGet(43)) - raft.server.log.statemachine.data.sync = true (default)
2019-09-17 22:38:09,133 [pool-57-thread-1] INFO  server.RaftServerConfigKeys (ConfUtils.java:logGet(43)) - raft.server.log.write.buffer.size = 33554432 (custom)
2019-09-17 22:38:09,133 [pool-47-thread-1] INFO  segmented.SegmentedRaftLogWorker (SegmentedRaftLogWorker.java:lambda$new$0(132)) - f4adb48a-7d7d-4db9-96e8-d2aa5901bd52@group-BED94E1B2AD7-SegmentedRaftLogWorker: flushIndex: setUnconditionally 0 -> -1
2019-09-17 22:38:09,133 [pool-77-thread-1] INFO  server.RaftServerConfigKeys (ConfUtils.java:logGet(43)) - raft.server.log.statemachine.data.sync.timeout = 10s (default)
2019-09-17 22:38:09,133 [pool-57-thread-1] INFO  server.RaftServerConfigKeys (ConfUtils.java:logGet(43)) - raft.server.log.force.sync.num = 128 (default)
2019-09-17 22:38:09,133 [pool-77-thread-1] INFO  server.RaftServerConfigKeys (ConfUtils.java:logGet(43)) - raft.server.log.statemachine.data.sync.timeout.retry = -1 (default)
2019-09-17 22:38:09,134 [pool-57-thread-1] INFO  server.RaftServerConfigKeys (ConfUtils.java:logGet(43)) - raft.server.log.statemachine.data.sync = true (default)
2019-09-17 22:38:09,134 [pool-47-thread-1] INFO  server.RaftServerConfigKeys (ConfUtils.java:logGet(43)) - raft.server.snapshot.auto.trigger.enabled = true (custom)
2019-09-17 22:38:09,134 [pool-57-thread-1] INFO  server.RaftServerConfigKeys (ConfUtils.java:logGet(43)) - raft.server.log.statemachine.data.sync.timeout = 10s (default)
2019-09-17 22:38:09,134 [pool-57-thread-1] INFO  server.RaftServerConfigKeys (ConfUtils.java:logGet(43)) - raft.server.log.statemachine.data.sync.timeout.retry = -1 (default)
2019-09-17 22:38:09,134 [pool-77-thread-1] INFO  server.RaftServerConfigKeys (ConfUtils.java:logGet(43)) - raft.server.log.statemachine.data.caching.enabled = true (custom)
2019-09-17 22:38:09,134 [pool-57-thread-1] INFO  server.RaftServerConfigKeys (ConfUtils.java:logGet(43)) - raft.server.log.statemachine.data.caching.enabled = true (custom)
2019-09-17 22:38:09,134 [pool-47-thread-1] INFO  server.RaftServerConfigKeys (ConfUtils.java:logGet(43)) - raft.server.snapshot.auto.trigger.threshold = 10000 (custom)
2019-09-17 22:38:09,135 [pool-77-thread-1] INFO  segmented.SegmentedRaftLogWorker (SegmentedRaftLogWorker.java:lambda$new$0(132)) - bba25625-58dd-4c9e-929d-1a2e91bc3828@group-BED94E1B2AD7-SegmentedRaftLogWorker: flushIndex: setUnconditionally 0 -> -1
2019-09-17 22:38:09,135 [pool-47-thread-1] INFO  server.RaftServerConfigKeys (ConfUtils.java:logGet(43)) - raft.server.snapshot.retention.num.files = 5 (custom)
2019-09-17 22:38:09,135 [pool-57-thread-1] INFO  segmented.SegmentedRaftLogWorker (SegmentedRaftLogWorker.java:lambda$new$0(132)) - 41f4c1b5-d215-4831-aa76-48270f5e0061@group-BED94E1B2AD7-SegmentedRaftLogWorker: flushIndex: setUnconditionally 0 -> -1
2019-09-17 22:38:09,135 [pool-77-thread-1] INFO  server.RaftServerConfigKeys (ConfUtils.java:logGet(43)) - raft.server.snapshot.auto.trigger.enabled = true (custom)
2019-09-17 22:38:09,135 [pool-47-thread-1] INFO  server.RaftServerConfigKeys (ConfUtils.java:logGet(43)) - raft.server.retrycache.expirytime = 600000ms (custom)
2019-09-17 22:38:09,136 [pool-57-thread-1] INFO  server.RaftServerConfigKeys (ConfUtils.java:logGet(43)) - raft.server.snapshot.auto.trigger.enabled = true (custom)
2019-09-17 22:38:09,135 [pool-77-thread-1] INFO  server.RaftServerConfigKeys (ConfUtils.java:logGet(43)) - raft.server.snapshot.auto.trigger.threshold = 10000 (custom)
2019-09-17 22:38:09,136 [pool-57-thread-1] INFO  server.RaftServerConfigKeys (ConfUtils.java:logGet(43)) - raft.server.snapshot.auto.trigger.threshold = 10000 (custom)
2019-09-17 22:38:09,136 [pool-77-thread-1] INFO  server.RaftServerConfigKeys (ConfUtils.java:logGet(43)) - raft.server.snapshot.retention.num.files = 5 (custom)
2019-09-17 22:38:09,136 [pool-57-thread-1] INFO  server.RaftServerConfigKeys (ConfUtils.java:logGet(43)) - raft.server.snapshot.retention.num.files = 5 (custom)
2019-09-17 22:38:09,136 [pool-77-thread-1] INFO  server.RaftServerConfigKeys (ConfUtils.java:logGet(43)) - raft.server.retrycache.expirytime = 600000ms (custom)
2019-09-17 22:38:09,136 [pool-57-thread-1] INFO  server.RaftServerConfigKeys (ConfUtils.java:logGet(43)) - raft.server.retrycache.expirytime = 600000ms (custom)
2019-09-17 22:38:09,140 [pool-47-thread-1] INFO  impl.RaftServerImpl (RaftServerImpl.java:start(185)) - f4adb48a-7d7d-4db9-96e8-d2aa5901bd52@group-BED94E1B2AD7: start as a follower, conf=-1: [41f4c1b5-d215-4831-aa76-48270f5e0061:192.168.5.156:34928, f4adb48a-7d7d-4db9-96e8-d2aa5901bd52:192.168.5.156:46400, bba25625-58dd-4c9e-929d-1a2e91bc3828:192.168.5.156:36127], old=null
2019-09-17 22:38:09,141 [pool-47-thread-1] INFO  impl.RaftServerImpl (RaftServerImpl.java:setRole(174)) - f4adb48a-7d7d-4db9-96e8-d2aa5901bd52@group-BED94E1B2AD7: changes role from      null to FOLLOWER at term 0 for startAsFollower
2019-09-17 22:38:09,141 [pool-77-thread-1] INFO  impl.RaftServerImpl (RaftServerImpl.java:start(185)) - bba25625-58dd-4c9e-929d-1a2e91bc3828@group-BED94E1B2AD7: start as a follower, conf=-1: [41f4c1b5-d215-4831-aa76-48270f5e0061:192.168.5.156:34928, f4adb48a-7d7d-4db9-96e8-d2aa5901bd52:192.168.5.156:46400, bba25625-58dd-4c9e-929d-1a2e91bc3828:192.168.5.156:36127], old=null
2019-09-17 22:38:09,141 [pool-47-thread-1] INFO  impl.RoleInfo (RoleInfo.java:updateAndGet(143)) - f4adb48a-7d7d-4db9-96e8-d2aa5901bd52: start FollowerState
2019-09-17 22:38:09,141 [pool-57-thread-1] INFO  impl.RaftServerImpl (RaftServerImpl.java:start(185)) - 41f4c1b5-d215-4831-aa76-48270f5e0061@group-BED94E1B2AD7: start as a follower, conf=-1: [41f4c1b5-d215-4831-aa76-48270f5e0061:192.168.5.156:34928, f4adb48a-7d7d-4db9-96e8-d2aa5901bd52:192.168.5.156:46400, bba25625-58dd-4c9e-929d-1a2e91bc3828:192.168.5.156:36127], old=null
2019-09-17 22:38:09,141 [pool-77-thread-1] INFO  impl.RaftServerImpl (RaftServerImpl.java:setRole(174)) - bba25625-58dd-4c9e-929d-1a2e91bc3828@group-BED94E1B2AD7: changes role from      null to FOLLOWER at term 0 for startAsFollower
2019-09-17 22:38:09,141 [pool-57-thread-1] INFO  impl.RaftServerImpl (RaftServerImpl.java:setRole(174)) - 41f4c1b5-d215-4831-aa76-48270f5e0061@group-BED94E1B2AD7: changes role from      null to FOLLOWER at term 0 for startAsFollower
2019-09-17 22:38:09,141 [pool-77-thread-1] INFO  impl.RoleInfo (RoleInfo.java:updateAndGet(143)) - bba25625-58dd-4c9e-929d-1a2e91bc3828: start FollowerState
2019-09-17 22:38:09,142 [pool-47-thread-1] INFO  util.JmxRegister (JmxRegister.java:tryRegister(44)) - Successfully registered JMX Bean with object name Ratis:service=RaftServer,group=group-BED94E1B2AD7,id=f4adb48a-7d7d-4db9-96e8-d2aa5901bd52
2019-09-17 22:38:09,141 [pool-57-thread-1] INFO  impl.RoleInfo (RoleInfo.java:updateAndGet(143)) - 41f4c1b5-d215-4831-aa76-48270f5e0061: start FollowerState
2019-09-17 22:38:09,142 [pool-77-thread-1] INFO  util.JmxRegister (JmxRegister.java:tryRegister(44)) - Successfully registered JMX Bean with object name Ratis:service=RaftServer,group=group-BED94E1B2AD7,id=bba25625-58dd-4c9e-929d-1a2e91bc3828
2019-09-17 22:38:09,142 [pool-57-thread-1] INFO  util.JmxRegister (JmxRegister.java:tryRegister(44)) - Successfully registered JMX Bean with object name Ratis:service=RaftServer,group=group-BED94E1B2AD7,id=41f4c1b5-d215-4831-aa76-48270f5e0061
2019-09-17 22:38:09,146 [RatisPipelineUtilsThread] INFO  pipeline.PipelineStateManager (PipelineStateManager.java:addPipeline(56)) - Created pipeline Pipeline[ Id: 94ad3fbb-47c4-4d69-9649-bed94e1b2ad7, Nodes: f4adb48a-7d7d-4db9-96e8-d2aa5901bd52{ip: 192.168.5.156, host: pr-hdds-2121-pbfts-3191465506, networkLocation: /default-rack, certSerialId: null}bba25625-58dd-4c9e-929d-1a2e91bc3828{ip: 192.168.5.156, host: pr-hdds-2121-pbfts-3191465506, networkLocation: /default-rack, certSerialId: null}41f4c1b5-d215-4831-aa76-48270f5e0061{ip: 192.168.5.156, host: pr-hdds-2121-pbfts-3191465506, networkLocation: /default-rack, certSerialId: null}, Type:RATIS, Factor:THREE, State:OPEN]
2019-09-17 22:38:10,109 [grpc-default-executor-1] INFO  client.GrpcClientProtocolClient (GrpcClientProtocolClient.java:onNext(264)) - client-2EE9B685757F->f4adb48a-7d7d-4db9-96e8-d2aa5901bd52: receive RaftClientReply:client-2EE9B685757F->f4adb48a-7d7d-4db9-96e8-d2aa5901bd52@group-C311AD233868, cid=33, FAILED org.apache.ratis.protocol.NotLeaderException: Server f4adb48a-7d7d-4db9-96e8-d2aa5901bd52@group-C311AD233868 is not the leader bba25625-58dd-4c9e-929d-1a2e91bc3828:192.168.5.156:36127, logIndex=0, commits[f4adb48a-7d7d-4db9-96e8-d2aa5901bd52:c16, 41f4c1b5-d215-4831-aa76-48270f5e0061:c14, bba25625-58dd-4c9e-929d-1a2e91bc3828:c16]
2019-09-17 22:38:10,666 [org.apache.ratis.server.impl.LogAppender$AppenderDaemon$$Lambda$486/264626604@797d947d] ERROR ratis.XceiverServerRatis (XceiverServerRatis.java:triggerPipelineClose(575)) - pipeline Action CLOSE  on pipeline PipelineID=0b7a50c3-0882-4d89-8a66-c311ad233868.Reason : bba25625-58dd-4c9e-929d-1a2e91bc3828 has not seen follower/s 41f4c1b5-d215-4831-aa76-48270f5e0061 for 167368ms f4adb48a-7d7d-4db9-96e8-d2aa5901bd52 for 167367ms
2019-09-17 22:38:10,666 [org.apache.ratis.server.impl.LogAppender$AppenderDaemon$$Lambda$486/264626604@315c227d] ERROR ratis.XceiverServerRatis (XceiverServerRatis.java:triggerPipelineClose(575)) - pipeline Action CLOSE  on pipeline PipelineID=0b7a50c3-0882-4d89-8a66-c311ad233868.Reason : bba25625-58dd-4c9e-929d-1a2e91bc3828 has not seen follower/s 41f4c1b5-d215-4831-aa76-48270f5e0061 for 167368ms f4adb48a-7d7d-4db9-96e8-d2aa5901bd52 for 167367ms
2019-09-17 22:38:11,166 [java.util.concurrent.ThreadPoolExecutor$Worker@1444d9b3[State = -1, empty queue]] WARN  server.GrpcLogAppender (GrpcLogAppender.java:timeoutAppendRequest(200)) - bba25625-58dd-4c9e-929d-1a2e91bc3828@group-C311AD233868->f4adb48a-7d7d-4db9-96e8-d2aa5901bd52-GrpcLogAppender: appendEntries Timeout, request=bba25625-58dd-4c9e-929d-1a2e91bc3828->f4adb48a-7d7d-4db9-96e8-d2aa5901bd52#163-t1, previous=(t:1, i:23), leaderCommit=16, initializing? false, entries: <empty>
2019-09-17 22:38:11,166 [java.util.concurrent.ThreadPoolExecutor$Worker@66d00973[State = -1, empty queue]] WARN  server.GrpcLogAppender (GrpcLogAppender.java:timeoutAppendRequest(200)) - bba25625-58dd-4c9e-929d-1a2e91bc3828@group-C311AD233868->41f4c1b5-d215-4831-aa76-48270f5e0061-GrpcLogAppender: appendEntries Timeout, request=bba25625-58dd-4c9e-929d-1a2e91bc3828->41f4c1b5-d215-4831-aa76-48270f5e0061#163-t1, previous=(t:1, i:23), leaderCommit=16, initializing? false, entries: <empty>
2019-09-17 22:38:11,649 [EventQueue-PipelineActionsForPipelineActionHandler] ERROR pipeline.PipelineActionHandler (PipelineActionHandler.java:onMessage(60)) - Received pipeline action CLOSE for Pipeline[ Id: 0b7a50c3-0882-4d89-8a66-c311ad233868, Nodes: f4adb48a-7d7d-4db9-96e8-d2aa5901bd52{ip: 192.168.5.156, host: pr-hdds-2121-pbfts-3191465506, networkLocation: /default-rack, certSerialId: null}bba25625-58dd-4c9e-929d-1a2e91bc3828{ip: 192.168.5.156, host: pr-hdds-2121-pbfts-3191465506, networkLocation: /default-rack, certSerialId: null}41f4c1b5-d215-4831-aa76-48270f5e0061{ip: 192.168.5.156, host: pr-hdds-2121-pbfts-3191465506, networkLocation: /default-rack, certSerialId: null}, Type:RATIS, Factor:THREE, State:CLOSED] from datanode bba25625-58dd-4c9e-929d-1a2e91bc3828{ip: 192.168.5.156, host: pr-hdds-2121-pbfts-3191465506, networkLocation: /default-rack, certSerialId: null}. Reason : bba25625-58dd-4c9e-929d-1a2e91bc3828 has not seen follower/s 41f4c1b5-d215-4831-aa76-48270f5e0061 for 167368ms f4adb48a-7d7d-4db9-96e8-d2aa5901bd52 for 167367ms
2019-09-17 22:38:11,649 [EventQueue-PipelineActionsForPipelineActionHandler] INFO  pipeline.SCMPipelineManager (SCMPipelineManager.java:finalizeAndDestroyPipeline(311)) - destroying pipeline:Pipeline[ Id: 0b7a50c3-0882-4d89-8a66-c311ad233868, Nodes: f4adb48a-7d7d-4db9-96e8-d2aa5901bd52{ip: 192.168.5.156, host: pr-hdds-2121-pbfts-3191465506, networkLocation: /default-rack, certSerialId: null}bba25625-58dd-4c9e-929d-1a2e91bc3828{ip: 192.168.5.156, host: pr-hdds-2121-pbfts-3191465506, networkLocation: /default-rack, certSerialId: null}41f4c1b5-d215-4831-aa76-48270f5e0061{ip: 192.168.5.156, host: pr-hdds-2121-pbfts-3191465506, networkLocation: /default-rack, certSerialId: null}, Type:RATIS, Factor:THREE, State:CLOSED]
2019-09-17 22:38:13,168 [org.apache.ratis.server.impl.LogAppender$AppenderDaemon$$Lambda$486/264626604@315c227d] ERROR ratis.XceiverServerRatis (XceiverServerRatis.java:triggerPipelineClose(575)) - pipeline Action CLOSE  on pipeline PipelineID=0b7a50c3-0882-4d89-8a66-c311ad233868.Reason : bba25625-58dd-4c9e-929d-1a2e91bc3828 has not seen follower/s 41f4c1b5-d215-4831-aa76-48270f5e0061 for 169869ms f4adb48a-7d7d-4db9-96e8-d2aa5901bd52 for 169869ms
2019-09-17 22:38:13,168 [org.apache.ratis.server.impl.LogAppender$AppenderDaemon$$Lambda$486/264626604@797d947d] ERROR ratis.XceiverServerRatis (XceiverServerRatis.java:triggerPipelineClose(575)) - pipeline Action CLOSE  on pipeline PipelineID=0b7a50c3-0882-4d89-8a66-c311ad233868.Reason : bba25625-58dd-4c9e-929d-1a2e91bc3828 has not seen follower/s 41f4c1b5-d215-4831-aa76-48270f5e0061 for 169869ms f4adb48a-7d7d-4db9-96e8-d2aa5901bd52 for 169869ms
2019-09-17 22:38:13,425 [f4adb48a-7d7d-4db9-96e8-d2aa5901bd52@group-C311AD233868-SegmentedRaftLogWorker] WARN  segmented.SegmentedRaftLogWorker (SegmentedRaftLogWorker.java:getFromFuture(90)) - Timeout 16/~
org.apache.ratis.protocol.TimeoutIOException: Timeout 10s: WriteLog:17: (t:1, i:17), STATEMACHINELOGENTRY, client-2EE9B685757F, cid=33-writeStateMachineData
	at org.apache.ratis.util.IOUtils.getFromFuture(IOUtils.java:87)
	at org.apache.ratis.server.raftlog.segmented.SegmentedRaftLogWorker$StateMachineDataPolicy.getFromFuture(SegmentedRaftLogWorker.java:87)
	at org.apache.ratis.server.raftlog.segmented.SegmentedRaftLogWorker$WriteLog.execute(SegmentedRaftLogWorker.java:477)
	at org.apache.ratis.server.raftlog.segmented.SegmentedRaftLogWorker.run(SegmentedRaftLogWorker.java:289)
	at java.lang.Thread.run(Thread.java:748)
Caused by: java.util.concurrent.TimeoutException
	at java.util.concurrent.CompletableFuture.timedGet(CompletableFuture.java:1771)
	at java.util.concurrent.CompletableFuture.get(CompletableFuture.java:1915)
	at org.apache.ratis.util.IOUtils.getFromFuture(IOUtils.java:79)
	... 4 more
2019-09-17 22:38:13,648 [bba25625-58dd-4c9e-929d-1a2e91bc3828@group-C311AD233868-SegmentedRaftLogWorker] WARN  segmented.SegmentedRaftLogWorker (SegmentedRaftLogWorker.java:getFromFuture(90)) - Timeout 16/~
org.apache.ratis.protocol.TimeoutIOException: Timeout 10s: WriteLog:18: (t:1, i:18), STATEMACHINELOGENTRY, client-2EE9B685757F, cid=34-writeStateMachineData
	at org.apache.ratis.util.IOUtils.getFromFuture(IOUtils.java:87)
	at org.apache.ratis.server.raftlog.segmented.SegmentedRaftLogWorker$StateMachineDataPolicy.getFromFuture(SegmentedRaftLogWorker.java:87)
	at org.apache.ratis.server.raftlog.segmented.SegmentedRaftLogWorker$WriteLog.execute(SegmentedRaftLogWorker.java:477)
	at org.apache.ratis.server.raftlog.segmented.SegmentedRaftLogWorker.run(SegmentedRaftLogWorker.java:289)
	at java.lang.Thread.run(Thread.java:748)
Caused by: java.util.concurrent.TimeoutException
	at java.util.concurrent.CompletableFuture.timedGet(CompletableFuture.java:1771)
	at java.util.concurrent.CompletableFuture.get(CompletableFuture.java:1915)
	at org.apache.ratis.util.IOUtils.getFromFuture(IOUtils.java:79)
	... 4 more
2019-09-17 22:38:13,649 [41f4c1b5-d215-4831-aa76-48270f5e0061@group-C311AD233868-SegmentedRaftLogWorker] WARN  segmented.SegmentedRaftLogWorker (SegmentedRaftLogWorker.java:getFromFuture(90)) - Timeout 16/~
org.apache.ratis.protocol.TimeoutIOException: Timeout 10s: WriteLog:18: (t:1, i:18), STATEMACHINELOGENTRY, client-2EE9B685757F, cid=34-writeStateMachineData
	at org.apache.ratis.util.IOUtils.getFromFuture(IOUtils.java:87)
	at org.apache.ratis.server.raftlog.segmented.SegmentedRaftLogWorker$StateMachineDataPolicy.getFromFuture(SegmentedRaftLogWorker.java:87)
	at org.apache.ratis.server.raftlog.segmented.SegmentedRaftLogWorker$WriteLog.execute(SegmentedRaftLogWorker.java:477)
	at org.apache.ratis.server.raftlog.segmented.SegmentedRaftLogWorker.run(SegmentedRaftLogWorker.java:289)
	at java.lang.Thread.run(Thread.java:748)
Caused by: java.util.concurrent.TimeoutException
	at java.util.concurrent.CompletableFuture.timedGet(CompletableFuture.java:1771)
	at java.util.concurrent.CompletableFuture.get(CompletableFuture.java:1915)
	at org.apache.ratis.util.IOUtils.getFromFuture(IOUtils.java:79)
	... 4 more
2019-09-17 22:38:13,650 [EventQueue-PipelineActionsForPipelineActionHandler] ERROR pipeline.PipelineActionHandler (PipelineActionHandler.java:onMessage(60)) - Received pipeline action CLOSE for Pipeline[ Id: 0b7a50c3-0882-4d89-8a66-c311ad233868, Nodes: f4adb48a-7d7d-4db9-96e8-d2aa5901bd52{ip: 192.168.5.156, host: pr-hdds-2121-pbfts-3191465506, networkLocation: /default-rack, certSerialId: null}bba25625-58dd-4c9e-929d-1a2e91bc3828{ip: 192.168.5.156, host: pr-hdds-2121-pbfts-3191465506, networkLocation: /default-rack, certSerialId: null}41f4c1b5-d215-4831-aa76-48270f5e0061{ip: 192.168.5.156, host: pr-hdds-2121-pbfts-3191465506, networkLocation: /default-rack, certSerialId: null}, Type:RATIS, Factor:THREE, State:CLOSED] from datanode bba25625-58dd-4c9e-929d-1a2e91bc3828{ip: 192.168.5.156, host: pr-hdds-2121-pbfts-3191465506, networkLocation: /default-rack, certSerialId: null}. Reason : bba25625-58dd-4c9e-929d-1a2e91bc3828 has not seen follower/s 41f4c1b5-d215-4831-aa76-48270f5e0061 for 169869ms f4adb48a-7d7d-4db9-96e8-d2aa5901bd52 for 169869ms
2019-09-17 22:38:13,650 [EventQueue-PipelineActionsForPipelineActionHandler] INFO  pipeline.SCMPipelineManager (SCMPipelineManager.java:finalizeAndDestroyPipeline(311)) - destroying pipeline:Pipeline[ Id: 0b7a50c3-0882-4d89-8a66-c311ad233868, Nodes: f4adb48a-7d7d-4db9-96e8-d2aa5901bd52{ip: 192.168.5.156, host: pr-hdds-2121-pbfts-3191465506, networkLocation: /default-rack, certSerialId: null}bba25625-58dd-4c9e-929d-1a2e91bc3828{ip: 192.168.5.156, host: pr-hdds-2121-pbfts-3191465506, networkLocation: /default-rack, certSerialId: null}41f4c1b5-d215-4831-aa76-48270f5e0061{ip: 192.168.5.156, host: pr-hdds-2121-pbfts-3191465506, networkLocation: /default-rack, certSerialId: null}, Type:RATIS, Factor:THREE, State:CLOSED]
2019-09-17 22:38:13,666 [java.util.concurrent.ThreadPoolExecutor$Worker@1444d9b3[State = -1, empty queue]] WARN  server.GrpcLogAppender (GrpcLogAppender.java:timeoutAppendRequest(200)) - bba25625-58dd-4c9e-929d-1a2e91bc3828@group-C311AD233868->f4adb48a-7d7d-4db9-96e8-d2aa5901bd52-GrpcLogAppender: appendEntries Timeout, request=bba25625-58dd-4c9e-929d-1a2e91bc3828->f4adb48a-7d7d-4db9-96e8-d2aa5901bd52#164-t1, previous=(t:1, i:23), leaderCommit=16, initializing? false, entries: <empty>
2019-09-17 22:38:13,666 [java.util.concurrent.ThreadPoolExecutor$Worker@66d00973[State = -1, empty queue]] WARN  server.GrpcLogAppender (GrpcLogAppender.java:timeoutAppendRequest(200)) - bba25625-58dd-4c9e-929d-1a2e91bc3828@group-C311AD233868->41f4c1b5-d215-4831-aa76-48270f5e0061-GrpcLogAppender: appendEntries Timeout, request=bba25625-58dd-4c9e-929d-1a2e91bc3828->41f4c1b5-d215-4831-aa76-48270f5e0061#164-t1, previous=(t:1, i:23), leaderCommit=16, initializing? false, entries: <empty>
2019-09-17 22:38:14,202 [Thread-1340] INFO  impl.FollowerState (FollowerState.java:run(106)) - f4adb48a-7d7d-4db9-96e8-d2aa5901bd52:group-BED94E1B2AD7 changes to CANDIDATE, lastRpcTime:5060, electionTimeout:5060ms
2019-09-17 22:38:14,202 [Thread-1340] INFO  impl.RoleInfo (RoleInfo.java:shutdownFollowerState(121)) - f4adb48a-7d7d-4db9-96e8-d2aa5901bd52: shutdown FollowerState
2019-09-17 22:38:14,202 [Thread-1340] INFO  impl.RaftServerImpl (RaftServerImpl.java:setRole(174)) - f4adb48a-7d7d-4db9-96e8-d2aa5901bd52@group-BED94E1B2AD7: changes role from  FOLLOWER to CANDIDATE at term 0 for changeToCandidate
2019-09-17 22:38:14,202 [Thread-1340] INFO  impl.RoleInfo (RoleInfo.java:updateAndGet(143)) - f4adb48a-7d7d-4db9-96e8-d2aa5901bd52: start LeaderElection
2019-09-17 22:38:14,239 [f4adb48a-7d7d-4db9-96e8-d2aa5901bd52@group-BED94E1B2AD7:LeaderElection11] INFO  impl.LeaderElection (LeaderElection.java:askForVotes(182)) - f4adb48a-7d7d-4db9-96e8-d2aa5901bd52@group-BED94E1B2AD7:LeaderElection11: begin an election at term 1 for -1: [41f4c1b5-d215-4831-aa76-48270f5e0061:192.168.5.156:34928, f4adb48a-7d7d-4db9-96e8-d2aa5901bd52:192.168.5.156:46400, bba25625-58dd-4c9e-929d-1a2e91bc3828:192.168.5.156:36127], old=null
2019-09-17 22:38:14,248 [grpc-default-executor-5] INFO  impl.RaftServerImpl (RaftServerImpl.java:setRole(174)) - 41f4c1b5-d215-4831-aa76-48270f5e0061@group-BED94E1B2AD7: changes role from  FOLLOWER to FOLLOWER at term 1 for recognizeCandidate:f4adb48a-7d7d-4db9-96e8-d2aa5901bd52
2019-09-17 22:38:14,248 [grpc-default-executor-1] INFO  impl.RaftServerImpl (RaftServerImpl.java:setRole(174)) - bba25625-58dd-4c9e-929d-1a2e91bc3828@group-BED94E1B2AD7: changes role from  FOLLOWER to FOLLOWER at term 1 for recognizeCandidate:f4adb48a-7d7d-4db9-96e8-d2aa5901bd52
2019-09-17 22:38:14,248 [grpc-default-executor-5] INFO  impl.RoleInfo (RoleInfo.java:shutdownFollowerState(121)) - 41f4c1b5-d215-4831-aa76-48270f5e0061: shutdown FollowerState
2019-09-17 22:38:14,248 [grpc-default-executor-1] INFO  impl.RoleInfo (RoleInfo.java:shutdownFollowerState(121)) - bba25625-58dd-4c9e-929d-1a2e91bc3828: shutdown FollowerState
2019-09-17 22:38:14,248 [grpc-default-executor-5] INFO  impl.RoleInfo (RoleInfo.java:updateAndGet(143)) - 41f4c1b5-d215-4831-aa76-48270f5e0061: start FollowerState
2019-09-17 22:38:14,249 [Thread-1342] INFO  impl.FollowerState (FollowerState.java:run(115)) - 41f4c1b5-d215-4831-aa76-48270f5e0061: FollowerState was interrupted: java.lang.InterruptedException: sleep interrupted
2019-09-17 22:38:14,249 [grpc-default-executor-1] INFO  impl.RoleInfo (RoleInfo.java:updateAndGet(143)) - bba25625-58dd-4c9e-929d-1a2e91bc3828: start FollowerState
2019-09-17 22:38:14,249 [Thread-1341] INFO  impl.FollowerState (FollowerState.java:run(115)) - bba25625-58dd-4c9e-929d-1a2e91bc3828: FollowerState was interrupted: java.lang.InterruptedException: sleep interrupted
2019-09-17 22:38:14,284 [f4adb48a-7d7d-4db9-96e8-d2aa5901bd52@group-BED94E1B2AD7:LeaderElection11] INFO  impl.LeaderElection (LeaderElection.java:logAndReturn(56)) - f4adb48a-7d7d-4db9-96e8-d2aa5901bd52@group-BED94E1B2AD7:LeaderElection11: Election PASSED; received 1 response(s) [f4adb48a-7d7d-4db9-96e8-d2aa5901bd52<-41f4c1b5-d215-4831-aa76-48270f5e0061#0:OK-t1] and 0 exception(s); f4adb48a-7d7d-4db9-96e8-d2aa5901bd52@group-BED94E1B2AD7:t1, leader=null, voted=f4adb48a-7d7d-4db9-96e8-d2aa5901bd52, raftlog=f4adb48a-7d7d-4db9-96e8-d2aa5901bd52@group-BED94E1B2AD7-SegmentedRaftLog:OPENED:c-1,f-1,i0, conf=-1: [41f4c1b5-d215-4831-aa76-48270f5e0061:192.168.5.156:34928, f4adb48a-7d7d-4db9-96e8-d2aa5901bd52:192.168.5.156:46400, bba25625-58dd-4c9e-929d-1a2e91bc3828:192.168.5.156:36127], old=null
2019-09-17 22:38:14,284 [f4adb48a-7d7d-4db9-96e8-d2aa5901bd52@group-BED94E1B2AD7:LeaderElection11] INFO  impl.RoleInfo (RoleInfo.java:shutdownLeaderElection(134)) - f4adb48a-7d7d-4db9-96e8-d2aa5901bd52: shutdown LeaderElection
2019-09-17 22:38:14,286 [f4adb48a-7d7d-4db9-96e8-d2aa5901bd52@group-BED94E1B2AD7:LeaderElection11] INFO  impl.RaftServerImpl (RaftServerImpl.java:setRole(174)) - f4adb48a-7d7d-4db9-96e8-d2aa5901bd52@group-BED94E1B2AD7: changes role from CANDIDATE to LEADER at term 1 for changeToLeader
2019-09-17 22:38:14,286 [f4adb48a-7d7d-4db9-96e8-d2aa5901bd52@group-BED94E1B2AD7:LeaderElection11] INFO  impl.RaftServerImpl (ServerState.java:setLeader(253)) - f4adb48a-7d7d-4db9-96e8-d2aa5901bd52@group-BED94E1B2AD7: change Leader from null to f4adb48a-7d7d-4db9-96e8-d2aa5901bd52 at term 1 for becomeLeader, leader elected after 5159ms
2019-09-17 22:38:14,286 [f4adb48a-7d7d-4db9-96e8-d2aa5901bd52@group-BED94E1B2AD7:LeaderElection11] INFO  server.RaftServerConfigKeys (ConfUtils.java:logGet(43)) - raft.server.staging.catchup.gap = 1000 (default)
2019-09-17 22:38:14,286 [f4adb48a-7d7d-4db9-96e8-d2aa5901bd52@group-BED94E1B2AD7:LeaderElection11] INFO  server.RaftServerConfigKeys (ConfUtils.java:logGet(43)) - raft.server.rpc.sleep.time = 25ms (default)
2019-09-17 22:38:14,287 [f4adb48a-7d7d-4db9-96e8-d2aa5901bd52@group-BED94E1B2AD7:LeaderElection11] INFO  server.RaftServerConfigKeys (ConfUtils.java:logGet(43)) - raft.server.write.element-limit = 4096 (default)
2019-09-17 22:38:14,287 [f4adb48a-7d7d-4db9-96e8-d2aa5901bd52@group-BED94E1B2AD7:LeaderElection11] INFO  server.RaftServerConfigKeys (ConfUtils.java:logGet(43)) - raft.server.watch.timeout = 10s (default)
2019-09-17 22:38:14,287 [f4adb48a-7d7d-4db9-96e8-d2aa5901bd52@group-BED94E1B2AD7:LeaderElection11] INFO  server.RaftServerConfigKeys (ConfUtils.java:logGet(43)) - raft.server.watch.timeout.denomination = 1s (default)
2019-09-17 22:38:14,287 [f4adb48a-7d7d-4db9-96e8-d2aa5901bd52@group-BED94E1B2AD7:LeaderElection11] INFO  server.RaftServerConfigKeys (ConfUtils.java:logGet(43)) - raft.server.watch.element-limit = 65536 (default)
2019-09-17 22:38:14,290 [f4adb48a-7d7d-4db9-96e8-d2aa5901bd52@group-BED94E1B2AD7:LeaderElection11] INFO  server.RaftServerConfigKeys (ConfUtils.java:logGet(43)) - raft.server.log.appender.snapshot.chunk.size.max = 16MB (=16777216) (default)
2019-09-17 22:38:14,290 [f4adb48a-7d7d-4db9-96e8-d2aa5901bd52@group-BED94E1B2AD7:LeaderElection11] INFO  server.RaftServerConfigKeys (ConfUtils.java:logGet(43)) - raft.server.log.appender.buffer.byte-limit = 33554432 (custom)
2019-09-17 22:38:14,291 [f4adb48a-7d7d-4db9-96e8-d2aa5901bd52@group-BED94E1B2AD7:LeaderElection11] INFO  server.RaftServerConfigKeys (ConfUtils.java:logGet(43)) - raft.server.log.appender.buffer.element-limit = 1 (custom)
2019-09-17 22:38:14,291 [f4adb48a-7d7d-4db9-96e8-d2aa5901bd52@group-BED94E1B2AD7:LeaderElection11] INFO  grpc.GrpcConfigKeys$Server (ConfUtils.java:logGet(43)) - raft.grpc.server.leader.outstanding.appends.max = 128 (default)
2019-09-17 22:38:14,291 [f4adb48a-7d7d-4db9-96e8-d2aa5901bd52@group-BED94E1B2AD7:LeaderElection11] INFO  server.RaftServerConfigKeys (ConfUtils.java:logGet(43)) - raft.server.rpc.request.timeout = 3000ms (default)
2019-09-17 22:38:14,291 [f4adb48a-7d7d-4db9-96e8-d2aa5901bd52@group-BED94E1B2AD7:LeaderElection11] INFO  server.RaftServerConfigKeys (ConfUtils.java:logGet(43)) - raft.server.log.appender.install.snapshot.enabled = false (custom)
2019-09-17 22:38:14,291 [f4adb48a-7d7d-4db9-96e8-d2aa5901bd52@group-BED94E1B2AD7:LeaderElection11] INFO  server.RaftServerConfigKeys (ConfUtils.java:logGet(43)) - raft.server.log.appender.snapshot.chunk.size.max = 16MB (=16777216) (default)
2019-09-17 22:38:14,291 [f4adb48a-7d7d-4db9-96e8-d2aa5901bd52@group-BED94E1B2AD7:LeaderElection11] INFO  server.RaftServerConfigKeys (ConfUtils.java:logGet(43)) - raft.server.log.appender.buffer.byte-limit = 33554432 (custom)
2019-09-17 22:38:14,292 [f4adb48a-7d7d-4db9-96e8-d2aa5901bd52@group-BED94E1B2AD7:LeaderElection11] INFO  server.RaftServerConfigKeys (ConfUtils.java:logGet(43)) - raft.server.log.appender.buffer.element-limit = 1 (custom)
2019-09-17 22:38:14,292 [f4adb48a-7d7d-4db9-96e8-d2aa5901bd52@group-BED94E1B2AD7:LeaderElection11] INFO  grpc.GrpcConfigKeys$Server (ConfUtils.java:logGet(43)) - raft.grpc.server.leader.outstanding.appends.max = 128 (default)
2019-09-17 22:38:14,292 [f4adb48a-7d7d-4db9-96e8-d2aa5901bd52@group-BED94E1B2AD7:LeaderElection11] INFO  server.RaftServerConfigKeys (ConfUtils.java:logGet(43)) - raft.server.rpc.request.timeout = 3000ms (default)
2019-09-17 22:38:14,292 [f4adb48a-7d7d-4db9-96e8-d2aa5901bd52@group-BED94E1B2AD7:LeaderElection11] INFO  server.RaftServerConfigKeys (ConfUtils.java:logGet(43)) - raft.server.log.appender.install.snapshot.enabled = false (custom)
2019-09-17 22:38:14,292 [f4adb48a-7d7d-4db9-96e8-d2aa5901bd52@group-BED94E1B2AD7:LeaderElection11] INFO  impl.RoleInfo (RoleInfo.java:updateAndGet(143)) - f4adb48a-7d7d-4db9-96e8-d2aa5901bd52: start LeaderState
2019-09-17 22:38:14,293 [f4adb48a-7d7d-4db9-96e8-d2aa5901bd52@group-BED94E1B2AD7:LeaderElection11] INFO  segmented.SegmentedRaftLogWorker (SegmentedRaftLogWorker.java:startLogSegment(380)) - f4adb48a-7d7d-4db9-96e8-d2aa5901bd52@group-BED94E1B2AD7-SegmentedRaftLogWorker: Starting segment from index:0
2019-09-17 22:38:14,294 [f4adb48a-7d7d-4db9-96e8-d2aa5901bd52@group-BED94E1B2AD7:LeaderElection11] INFO  impl.RaftServerImpl (ServerState.java:setRaftConf(354)) - f4adb48a-7d7d-4db9-96e8-d2aa5901bd52@group-BED94E1B2AD7: set configuration 0: [41f4c1b5-d215-4831-aa76-48270f5e0061:192.168.5.156:34928, f4adb48a-7d7d-4db9-96e8-d2aa5901bd52:192.168.5.156:46400, bba25625-58dd-4c9e-929d-1a2e91bc3828:192.168.5.156:36127], old=null at 0
2019-09-17 22:38:14,329 [grpc-default-executor-1] INFO  impl.RaftServerImpl (ServerState.java:setLeader(253)) - 41f4c1b5-d215-4831-aa76-48270f5e0061@group-BED94E1B2AD7: change Leader from null to f4adb48a-7d7d-4db9-96e8-d2aa5901bd52 at term 1 for appendEntries, leader elected after 5202ms
2019-09-17 22:38:14,329 [grpc-default-executor-5] INFO  impl.RaftServerImpl (ServerState.java:setLeader(253)) - bba25625-58dd-4c9e-929d-1a2e91bc3828@group-BED94E1B2AD7: change Leader from null to f4adb48a-7d7d-4db9-96e8-d2aa5901bd52 at term 1 for appendEntries, leader elected after 5202ms
2019-09-17 22:38:14,332 [grpc-default-executor-5] INFO  impl.RaftServerImpl (ServerState.java:setRaftConf(354)) - 41f4c1b5-d215-4831-aa76-48270f5e0061@group-BED94E1B2AD7: set configuration 0: [41f4c1b5-d215-4831-aa76-48270f5e0061:192.168.5.156:34928, f4adb48a-7d7d-4db9-96e8-d2aa5901bd52:192.168.5.156:46400, bba25625-58dd-4c9e-929d-1a2e91bc3828:192.168.5.156:36127], old=null at 0
2019-09-17 22:38:14,332 [grpc-default-executor-1] INFO  impl.RaftServerImpl (ServerState.java:setRaftConf(354)) - bba25625-58dd-4c9e-929d-1a2e91bc3828@group-BED94E1B2AD7: set configuration 0: [41f4c1b5-d215-4831-aa76-48270f5e0061:192.168.5.156:34928, f4adb48a-7d7d-4db9-96e8-d2aa5901bd52:192.168.5.156:46400, bba25625-58dd-4c9e-929d-1a2e91bc3828:192.168.5.156:36127], old=null at 0
2019-09-17 22:38:14,332 [grpc-default-executor-5] INFO  segmented.SegmentedRaftLogWorker (SegmentedRaftLogWorker.java:startLogSegment(380)) - 41f4c1b5-d215-4831-aa76-48270f5e0061@group-BED94E1B2AD7-SegmentedRaftLogWorker: Starting segment from index:0
2019-09-17 22:38:14,333 [grpc-default-executor-1] INFO  segmented.SegmentedRaftLogWorker (SegmentedRaftLogWorker.java:startLogSegment(380)) - bba25625-58dd-4c9e-929d-1a2e91bc3828@group-BED94E1B2AD7-SegmentedRaftLogWorker: Starting segment from index:0
2019-09-17 22:38:14,347 [f4adb48a-7d7d-4db9-96e8-d2aa5901bd52@group-BED94E1B2AD7-SegmentedRaftLogWorker] INFO  segmented.SegmentedRaftLogWorker (SegmentedRaftLogWorker.java:execute(569)) - f4adb48a-7d7d-4db9-96e8-d2aa5901bd52@group-BED94E1B2AD7-SegmentedRaftLogWorker: created new log segment /workdir/hadoop-ozone/integration-test/target/test-dir/MiniOzoneClusterImpl-bd92ec51-65b6-4c9d-b31e-1ffa86bb815f/datanode-2/data/ratis/94ad3fbb-47c4-4d69-9649-bed94e1b2ad7/current/log_inprogress_0
2019-09-17 22:38:14,370 [41f4c1b5-d215-4831-aa76-48270f5e0061@group-BED94E1B2AD7-SegmentedRaftLogWorker] INFO  segmented.SegmentedRaftLogWorker (SegmentedRaftLogWorker.java:execute(569)) - 41f4c1b5-d215-4831-aa76-48270f5e0061@group-BED94E1B2AD7-SegmentedRaftLogWorker: created new log segment /workdir/hadoop-ozone/integration-test/target/test-dir/MiniOzoneClusterImpl-bd92ec51-65b6-4c9d-b31e-1ffa86bb815f/datanode-3/data/ratis/94ad3fbb-47c4-4d69-9649-bed94e1b2ad7/current/log_inprogress_0
2019-09-17 22:38:14,383 [bba25625-58dd-4c9e-929d-1a2e91bc3828@group-BED94E1B2AD7-SegmentedRaftLogWorker] INFO  segmented.SegmentedRaftLogWorker (SegmentedRaftLogWorker.java:execute(569)) - bba25625-58dd-4c9e-929d-1a2e91bc3828@group-BED94E1B2AD7-SegmentedRaftLogWorker: created new log segment /workdir/hadoop-ozone/integration-test/target/test-dir/MiniOzoneClusterImpl-bd92ec51-65b6-4c9d-b31e-1ffa86bb815f/datanode-5/data/ratis/94ad3fbb-47c4-4d69-9649-bed94e1b2ad7/current/log_inprogress_0
2019-09-17 22:38:15,160 [grpc-default-executor-1] INFO  client.GrpcClientProtocolClient (GrpcClientProtocolClient.java:onNext(264)) - client-2EE9B685757F->f4adb48a-7d7d-4db9-96e8-d2aa5901bd52: receive RaftClientReply:client-2EE9B685757F->f4adb48a-7d7d-4db9-96e8-d2aa5901bd52@group-C311AD233868, cid=33, FAILED org.apache.ratis.protocol.NotLeaderException: Server f4adb48a-7d7d-4db9-96e8-d2aa5901bd52@group-C311AD233868 is not the leader bba25625-58dd-4c9e-929d-1a2e91bc3828:192.168.5.156:36127, logIndex=0, commits[f4adb48a-7d7d-4db9-96e8-d2aa5901bd52:c16, 41f4c1b5-d215-4831-aa76-48270f5e0061:c14, bba25625-58dd-4c9e-929d-1a2e91bc3828:c16]
2019-09-17 22:38:15,669 [org.apache.ratis.server.impl.LogAppender$AppenderDaemon$$Lambda$486/264626604@315c227d] ERROR ratis.XceiverServerRatis (XceiverServerRatis.java:triggerPipelineClose(575)) - pipeline Action CLOSE  on pipeline PipelineID=0b7a50c3-0882-4d89-8a66-c311ad233868.Reason : bba25625-58dd-4c9e-929d-1a2e91bc3828 has not seen follower/s 41f4c1b5-d215-4831-aa76-48270f5e0061 for 172371ms f4adb48a-7d7d-4db9-96e8-d2aa5901bd52 for 172370ms
2019-09-17 22:38:15,669 [org.apache.ratis.server.impl.LogAppender$AppenderDaemon$$Lambda$486/264626604@797d947d] ERROR ratis.XceiverServerRatis (XceiverServerRatis.java:triggerPipelineClose(575)) - pipeline Action CLOSE  on pipeline PipelineID=0b7a50c3-0882-4d89-8a66-c311ad233868.Reason : bba25625-58dd-4c9e-929d-1a2e91bc3828 has not seen follower/s 41f4c1b5-d215-4831-aa76-48270f5e0061 for 172371ms f4adb48a-7d7d-4db9-96e8-d2aa5901bd52 for 172370ms
2019-09-17 22:38:16,168 [java.util.concurrent.ThreadPoolExecutor$Worker@1444d9b3[State = -1, empty queue]] WARN  server.GrpcLogAppender (GrpcLogAppender.java:timeoutAppendRequest(200)) - bba25625-58dd-4c9e-929d-1a2e91bc3828@group-C311AD233868->f4adb48a-7d7d-4db9-96e8-d2aa5901bd52-GrpcLogAppender: appendEntries Timeout, request=bba25625-58dd-4c9e-929d-1a2e91bc3828->f4adb48a-7d7d-4db9-96e8-d2aa5901bd52#165-t1, previous=(t:1, i:23), leaderCommit=16, initializing? false, entries: <empty>
2019-09-17 22:38:16,168 [java.util.concurrent.ThreadPoolExecutor$Worker@66d00973[State = -1, empty queue]] WARN  server.GrpcLogAppender (GrpcLogAppender.java:timeoutAppendRequest(200)) - bba25625-58dd-4c9e-929d-1a2e91bc3828@group-C311AD233868->41f4c1b5-d215-4831-aa76-48270f5e0061-GrpcLogAppender: appendEntries Timeout, request=bba25625-58dd-4c9e-929d-1a2e91bc3828->41f4c1b5-d215-4831-aa76-48270f5e0061#165-t1, previous=(t:1, i:23), leaderCommit=16, initializing? false, entries: <empty>
2019-09-17 22:38:16,652 [EventQueue-PipelineActionsForPipelineActionHandler] ERROR pipeline.PipelineActionHandler (PipelineActionHandler.java:onMessage(60)) - Received pipeline action CLOSE for Pipeline[ Id: 0b7a50c3-0882-4d89-8a66-c311ad233868, Nodes: f4adb48a-7d7d-4db9-96e8-d2aa5901bd52{ip: 192.168.5.156, host: pr-hdds-2121-pbfts-3191465506, networkLocation: /default-rack, certSerialId: null}bba25625-58dd-4c9e-929d-1a2e91bc3828{ip: 192.168.5.156, host: pr-hdds-2121-pbfts-3191465506, networkLocation: /default-rack, certSerialId: null}41f4c1b5-d215-4831-aa76-48270f5e0061{ip: 192.168.5.156, host: pr-hdds-2121-pbfts-3191465506, networkLocation: /default-rack, certSerialId: null}, Type:RATIS, Factor:THREE, State:CLOSED] from datanode bba25625-58dd-4c9e-929d-1a2e91bc3828{ip: 192.168.5.156, host: pr-hdds-2121-pbfts-3191465506, networkLocation: /default-rack, certSerialId: null}. Reason : bba25625-58dd-4c9e-929d-1a2e91bc3828 has not seen follower/s 41f4c1b5-d215-4831-aa76-48270f5e0061 for 172371ms f4adb48a-7d7d-4db9-96e8-d2aa5901bd52 for 172370ms
2019-09-17 22:38:16,652 [EventQueue-PipelineActionsForPipelineActionHandler] INFO  pipeline.SCMPipelineManager (SCMPipelineManager.java:finalizeAndDestroyPipeline(311)) - destroying pipeline:Pipeline[ Id: 0b7a50c3-0882-4d89-8a66-c311ad233868, Nodes: f4adb48a-7d7d-4db9-96e8-d2aa5901bd52{ip: 192.168.5.156, host: pr-hdds-2121-pbfts-3191465506, networkLocation: /default-rack, certSerialId: null}bba25625-58dd-4c9e-929d-1a2e91bc3828{ip: 192.168.5.156, host: pr-hdds-2121-pbfts-3191465506, networkLocation: /default-rack, certSerialId: null}41f4c1b5-d215-4831-aa76-48270f5e0061{ip: 192.168.5.156, host: pr-hdds-2121-pbfts-3191465506, networkLocation: /default-rack, certSerialId: null}, Type:RATIS, Factor:THREE, State:CLOSED]
2019-09-17 22:38:18,171 [org.apache.ratis.server.impl.LogAppender$AppenderDaemon$$Lambda$486/264626604@797d947d] ERROR ratis.XceiverServerRatis (XceiverServerRatis.java:triggerPipelineClose(575)) - pipeline Action CLOSE  on pipeline PipelineID=0b7a50c3-0882-4d89-8a66-c311ad233868.Reason : bba25625-58dd-4c9e-929d-1a2e91bc3828 has not seen follower/s 41f4c1b5-d215-4831-aa76-48270f5e0061 for 174872ms f4adb48a-7d7d-4db9-96e8-d2aa5901bd52 for 174872ms
2019-09-17 22:38:18,171 [org.apache.ratis.server.impl.LogAppender$AppenderDaemon$$Lambda$486/264626604@315c227d] ERROR ratis.XceiverServerRatis (XceiverServerRatis.java:triggerPipelineClose(575)) - pipeline Action CLOSE  on pipeline PipelineID=0b7a50c3-0882-4d89-8a66-c311ad233868.Reason : bba25625-58dd-4c9e-929d-1a2e91bc3828 has not seen follower/s 41f4c1b5-d215-4831-aa76-48270f5e0061 for 174872ms f4adb48a-7d7d-4db9-96e8-d2aa5901bd52 for 174872ms
2019-09-17 22:38:18,652 [EventQueue-PipelineActionsForPipelineActionHandler] ERROR pipeline.PipelineActionHandler (PipelineActionHandler.java:onMessage(60)) - Received pipeline action CLOSE for Pipeline[ Id: 0b7a50c3-0882-4d89-8a66-c311ad233868, Nodes: f4adb48a-7d7d-4db9-96e8-d2aa5901bd52{ip: 192.168.5.156, host: pr-hdds-2121-pbfts-3191465506, networkLocation: /default-rack, certSerialId: null}bba25625-58dd-4c9e-929d-1a2e91bc3828{ip: 192.168.5.156, host: pr-hdds-2121-pbfts-3191465506, networkLocation: /default-rack, certSerialId: null}41f4c1b5-d215-4831-aa76-48270f5e0061{ip: 192.168.5.156, host: pr-hdds-2121-pbfts-3191465506, networkLocation: /default-rack, certSerialId: null}, Type:RATIS, Factor:THREE, State:CLOSED] from datanode bba25625-58dd-4c9e-929d-1a2e91bc3828{ip: 192.168.5.156, host: pr-hdds-2121-pbfts-3191465506, networkLocation: /default-rack, certSerialId: null}. Reason : bba25625-58dd-4c9e-929d-1a2e91bc3828 has not seen follower/s 41f4c1b5-d215-4831-aa76-48270f5e0061 for 174872ms f4adb48a-7d7d-4db9-96e8-d2aa5901bd52 for 174872ms
2019-09-17 22:38:18,652 [EventQueue-PipelineActionsForPipelineActionHandler] INFO  pipeline.SCMPipelineManager (SCMPipelineManager.java:finalizeAndDestroyPipeline(311)) - destroying pipeline:Pipeline[ Id: 0b7a50c3-0882-4d89-8a66-c311ad233868, Nodes: f4adb48a-7d7d-4db9-96e8-d2aa5901bd52{ip: 192.168.5.156, host: pr-hdds-2121-pbfts-3191465506, networkLocation: /default-rack, certSerialId: null}bba25625-58dd-4c9e-929d-1a2e91bc3828{ip: 192.168.5.156, host: pr-hdds-2121-pbfts-3191465506, networkLocation: /default-rack, certSerialId: null}41f4c1b5-d215-4831-aa76-48270f5e0061{ip: 192.168.5.156, host: pr-hdds-2121-pbfts-3191465506, networkLocation: /default-rack, certSerialId: null}, Type:RATIS, Factor:THREE, State:CLOSED]
2019-09-17 22:38:18,669 [java.util.concurrent.ThreadPoolExecutor$Worker@1444d9b3[State = -1, empty queue]] WARN  server.GrpcLogAppender (GrpcLogAppender.java:timeoutAppendRequest(200)) - bba25625-58dd-4c9e-929d-1a2e91bc3828@group-C311AD233868->f4adb48a-7d7d-4db9-96e8-d2aa5901bd52-GrpcLogAppender: appendEntries Timeout, request=bba25625-58dd-4c9e-929d-1a2e91bc3828->f4adb48a-7d7d-4db9-96e8-d2aa5901bd52#166-t1, previous=(t:1, i:23), leaderCommit=16, initializing? false, entries: <empty>
2019-09-17 22:38:18,669 [java.util.concurrent.ThreadPoolExecutor$Worker@66d00973[State = -1, empty queue]] WARN  server.GrpcLogAppender (GrpcLogAppender.java:timeoutAppendRequest(200)) - bba25625-58dd-4c9e-929d-1a2e91bc3828@group-C311AD233868->41f4c1b5-d215-4831-aa76-48270f5e0061-GrpcLogAppender: appendEntries Timeout, request=bba25625-58dd-4c9e-929d-1a2e91bc3828->41f4c1b5-d215-4831-aa76-48270f5e0061#166-t1, previous=(t:1, i:23), leaderCommit=16, initializing? false, entries: <empty>
2019-09-17 22:38:20,214 [grpc-default-executor-1] INFO  client.GrpcClientProtocolClient (GrpcClientProtocolClient.java:onNext(264)) - client-2EE9B685757F->41f4c1b5-d215-4831-aa76-48270f5e0061: receive RaftClientReply:client-2EE9B685757F->41f4c1b5-d215-4831-aa76-48270f5e0061@group-C311AD233868, cid=33, FAILED org.apache.ratis.protocol.NotLeaderException: Server 41f4c1b5-d215-4831-aa76-48270f5e0061@group-C311AD233868 is not the leader bba25625-58dd-4c9e-929d-1a2e91bc3828:192.168.5.156:36127, logIndex=0, commits[41f4c1b5-d215-4831-aa76-48270f5e0061:c16, f4adb48a-7d7d-4db9-96e8-d2aa5901bd52:c14, bba25625-58dd-4c9e-929d-1a2e91bc3828:c16]
2019-09-17 22:38:20,671 [org.apache.ratis.server.impl.LogAppender$AppenderDaemon$$Lambda$486/264626604@315c227d] ERROR ratis.XceiverServerRatis (XceiverServerRatis.java:triggerPipelineClose(575)) - pipeline Action CLOSE  on pipeline PipelineID=0b7a50c3-0882-4d89-8a66-c311ad233868.Reason : bba25625-58dd-4c9e-929d-1a2e91bc3828 has not seen follower/s 41f4c1b5-d215-4831-aa76-48270f5e0061 for 177373ms f4adb48a-7d7d-4db9-96e8-d2aa5901bd52 for 177372ms
2019-09-17 22:38:20,672 [org.apache.ratis.server.impl.LogAppender$AppenderDaemon$$Lambda$486/264626604@797d947d] ERROR ratis.XceiverServerRatis (XceiverServerRatis.java:triggerPipelineClose(575)) - pipeline Action CLOSE  on pipeline PipelineID=0b7a50c3-0882-4d89-8a66-c311ad233868.Reason : bba25625-58dd-4c9e-929d-1a2e91bc3828 has not seen follower/s 41f4c1b5-d215-4831-aa76-48270f5e0061 for 177373ms f4adb48a-7d7d-4db9-96e8-d2aa5901bd52 for 177373ms
2019-09-17 22:38:21,171 [java.util.concurrent.ThreadPoolExecutor$Worker@66d00973[State = -1, empty queue]] WARN  server.GrpcLogAppender (GrpcLogAppender.java:timeoutAppendRequest(200)) - bba25625-58dd-4c9e-929d-1a2e91bc3828@group-C311AD233868->41f4c1b5-d215-4831-aa76-48270f5e0061-GrpcLogAppender: appendEntries Timeout, request=bba25625-58dd-4c9e-929d-1a2e91bc3828->41f4c1b5-d215-4831-aa76-48270f5e0061#167-t1, previous=(t:1, i:23), leaderCommit=16, initializing? false, entries: <empty>
2019-09-17 22:38:21,171 [java.util.concurrent.ThreadPoolExecutor$Worker@1444d9b3[State = -1, empty queue]] WARN  server.GrpcLogAppender (GrpcLogAppender.java:timeoutAppendRequest(200)) - bba25625-58dd-4c9e-929d-1a2e91bc3828@group-C311AD233868->f4adb48a-7d7d-4db9-96e8-d2aa5901bd52-GrpcLogAppender: appendEntries Timeout, request=bba25625-58dd-4c9e-929d-1a2e91bc3828->f4adb48a-7d7d-4db9-96e8-d2aa5901bd52#167-t1, previous=(t:1, i:23), leaderCommit=16, initializing? false, entries: <empty>
2019-09-17 22:38:21,652 [EventQueue-PipelineActionsForPipelineActionHandler] ERROR pipeline.PipelineActionHandler (PipelineActionHandler.java:onMessage(60)) - Received pipeline action CLOSE for Pipeline[ Id: 0b7a50c3-0882-4d89-8a66-c311ad233868, Nodes: f4adb48a-7d7d-4db9-96e8-d2aa5901bd52{ip: 192.168.5.156, host: pr-hdds-2121-pbfts-3191465506, networkLocation: /default-rack, certSerialId: null}bba25625-58dd-4c9e-929d-1a2e91bc3828{ip: 192.168.5.156, host: pr-hdds-2121-pbfts-3191465506, networkLocation: /default-rack, certSerialId: null}41f4c1b5-d215-4831-aa76-48270f5e0061{ip: 192.168.5.156, host: pr-hdds-2121-pbfts-3191465506, networkLocation: /default-rack, certSerialId: null}, Type:RATIS, Factor:THREE, State:CLOSED] from datanode bba25625-58dd-4c9e-929d-1a2e91bc3828{ip: 192.168.5.156, host: pr-hdds-2121-pbfts-3191465506, networkLocation: /default-rack, certSerialId: null}. Reason : bba25625-58dd-4c9e-929d-1a2e91bc3828 has not seen follower/s 41f4c1b5-d215-4831-aa76-48270f5e0061 for 177373ms f4adb48a-7d7d-4db9-96e8-d2aa5901bd52 for 177372ms
2019-09-17 22:38:21,652 [EventQueue-PipelineActionsForPipelineActionHandler] INFO  pipeline.SCMPipelineManager (SCMPipelineManager.java:finalizeAndDestroyPipeline(311)) - destroying pipeline:Pipeline[ Id: 0b7a50c3-0882-4d89-8a66-c311ad233868, Nodes: f4adb48a-7d7d-4db9-96e8-d2aa5901bd52{ip: 192.168.5.156, host: pr-hdds-2121-pbfts-3191465506, networkLocation: /default-rack, certSerialId: null}bba25625-58dd-4c9e-929d-1a2e91bc3828{ip: 192.168.5.156, host: pr-hdds-2121-pbfts-3191465506, networkLocation: /default-rack, certSerialId: null}41f4c1b5-d215-4831-aa76-48270f5e0061{ip: 192.168.5.156, host: pr-hdds-2121-pbfts-3191465506, networkLocation: /default-rack, certSerialId: null}, Type:RATIS, Factor:THREE, State:CLOSED]
2019-09-17 22:38:23,174 [org.apache.ratis.server.impl.LogAppender$AppenderDaemon$$Lambda$486/264626604@797d947d] ERROR ratis.XceiverServerRatis (XceiverServerRatis.java:triggerPipelineClose(575)) - pipeline Action CLOSE  on pipeline PipelineID=0b7a50c3-0882-4d89-8a66-c311ad233868.Reason : bba25625-58dd-4c9e-929d-1a2e91bc3828 has not seen follower/s 41f4c1b5-d215-4831-aa76-48270f5e0061 for 179875ms f4adb48a-7d7d-4db9-96e8-d2aa5901bd52 for 179875ms
2019-09-17 22:38:23,174 [org.apache.ratis.server.impl.LogAppender$AppenderDaemon$$Lambda$486/264626604@315c227d] ERROR ratis.XceiverServerRatis (XceiverServerRatis.java:triggerPipelineClose(575)) - pipeline Action CLOSE  on pipeline PipelineID=0b7a50c3-0882-4d89-8a66-c311ad233868.Reason : bba25625-58dd-4c9e-929d-1a2e91bc3828 has not seen follower/s 41f4c1b5-d215-4831-aa76-48270f5e0061 for 179875ms f4adb48a-7d7d-4db9-96e8-d2aa5901bd52 for 179875ms
2019-09-17 22:38:23,426 [f4adb48a-7d7d-4db9-96e8-d2aa5901bd52@group-C311AD233868-SegmentedRaftLogWorker] WARN  segmented.SegmentedRaftLogWorker (SegmentedRaftLogWorker.java:getFromFuture(90)) - Timeout 17/~
org.apache.ratis.protocol.TimeoutIOException: Timeout 10s: WriteLog:17: (t:1, i:17), STATEMACHINELOGENTRY, client-2EE9B685757F, cid=33-writeStateMachineData
	at org.apache.ratis.util.IOUtils.getFromFuture(IOUtils.java:87)
	at org.apache.ratis.server.raftlog.segmented.SegmentedRaftLogWorker$StateMachineDataPolicy.getFromFuture(SegmentedRaftLogWorker.java:87)
	at org.apache.ratis.server.raftlog.segmented.SegmentedRaftLogWorker$WriteLog.execute(SegmentedRaftLogWorker.java:477)
	at org.apache.ratis.server.raftlog.segmented.SegmentedRaftLogWorker.run(SegmentedRaftLogWorker.java:289)
	at java.lang.Thread.run(Thread.java:748)
Caused by: java.util.concurrent.TimeoutException
	at java.util.concurrent.CompletableFuture.timedGet(CompletableFuture.java:1771)
	at java.util.concurrent.CompletableFuture.get(CompletableFuture.java:1915)
	at org.apache.ratis.util.IOUtils.getFromFuture(IOUtils.java:79)
	... 4 more
2019-09-17 22:38:23,650 [bba25625-58dd-4c9e-929d-1a2e91bc3828@group-C311AD233868-SegmentedRaftLogWorker] WARN  segmented.SegmentedRaftLogWorker (SegmentedRaftLogWorker.java:getFromFuture(90)) - Timeout 17/~
org.apache.ratis.protocol.TimeoutIOException: Timeout 10s: WriteLog:18: (t:1, i:18), STATEMACHINELOGENTRY, client-2EE9B685757F, cid=34-writeStateMachineData
	at org.apache.ratis.util.IOUtils.getFromFuture(IOUtils.java:87)
	at org.apache.ratis.server.raftlog.segmented.SegmentedRaftLogWorker$StateMachineDataPolicy.getFromFuture(SegmentedRaftLogWorker.java:87)
	at org.apache.ratis.server.raftlog.segmented.SegmentedRaftLogWorker$WriteLog.execute(SegmentedRaftLogWorker.java:477)
	at org.apache.ratis.server.raftlog.segmented.SegmentedRaftLogWorker.run(SegmentedRaftLogWorker.java:289)
	at java.lang.Thread.run(Thread.java:748)
Caused by: java.util.concurrent.TimeoutException
	at java.util.concurrent.CompletableFuture.timedGet(CompletableFuture.java:1771)
	at java.util.concurrent.CompletableFuture.get(CompletableFuture.java:1915)
	at org.apache.ratis.util.IOUtils.getFromFuture(IOUtils.java:79)
	... 4 more
2019-09-17 22:38:23,650 [41f4c1b5-d215-4831-aa76-48270f5e0061@group-C311AD233868-SegmentedRaftLogWorker] WARN  segmented.SegmentedRaftLogWorker (SegmentedRaftLogWorker.java:getFromFuture(90)) - Timeout 17/~
org.apache.ratis.protocol.TimeoutIOException: Timeout 10s: WriteLog:18: (t:1, i:18), STATEMACHINELOGENTRY, client-2EE9B685757F, cid=34-writeStateMachineData
	at org.apache.ratis.util.IOUtils.getFromFuture(IOUtils.java:87)
	at org.apache.ratis.server.raftlog.segmented.SegmentedRaftLogWorker$StateMachineDataPolicy.getFromFuture(SegmentedRaftLogWorker.java:87)
	at org.apache.ratis.server.raftlog.segmented.SegmentedRaftLogWorker$WriteLog.execute(SegmentedRaftLogWorker.java:477)
	at org.apache.ratis.server.raftlog.segmented.SegmentedRaftLogWorker.run(SegmentedRaftLogWorker.java:289)
	at java.lang.Thread.run(Thread.java:748)
Caused by: java.util.concurrent.TimeoutException
	at java.util.concurrent.CompletableFuture.timedGet(CompletableFuture.java:1771)
	at java.util.concurrent.CompletableFuture.get(CompletableFuture.java:1915)
	at org.apache.ratis.util.IOUtils.getFromFuture(IOUtils.java:79)
	... 4 more
2019-09-17 22:38:23,653 [EventQueue-PipelineActionsForPipelineActionHandler] ERROR pipeline.PipelineActionHandler (PipelineActionHandler.java:onMessage(60)) - Received pipeline action CLOSE for Pipeline[ Id: 0b7a50c3-0882-4d89-8a66-c311ad233868, Nodes: f4adb48a-7d7d-4db9-96e8-d2aa5901bd52{ip: 192.168.5.156, host: pr-hdds-2121-pbfts-3191465506, networkLocation: /default-rack, certSerialId: null}bba25625-58dd-4c9e-929d-1a2e91bc3828{ip: 192.168.5.156, host: pr-hdds-2121-pbfts-3191465506, networkLocation: /default-rack, certSerialId: null}41f4c1b5-d215-4831-aa76-48270f5e0061{ip: 192.168.5.156, host: pr-hdds-2121-pbfts-3191465506, networkLocation: /default-rack, certSerialId: null}, Type:RATIS, Factor:THREE, State:CLOSED] from datanode bba25625-58dd-4c9e-929d-1a2e91bc3828{ip: 192.168.5.156, host: pr-hdds-2121-pbfts-3191465506, networkLocation: /default-rack, certSerialId: null}. Reason : bba25625-58dd-4c9e-929d-1a2e91bc3828 has not seen follower/s 41f4c1b5-d215-4831-aa76-48270f5e0061 for 179875ms f4adb48a-7d7d-4db9-96e8-d2aa5901bd52 for 179875ms
2019-09-17 22:38:23,653 [EventQueue-PipelineActionsForPipelineActionHandler] INFO  pipeline.SCMPipelineManager (SCMPipelineManager.java:finalizeAndDestroyPipeline(311)) - destroying pipeline:Pipeline[ Id: 0b7a50c3-0882-4d89-8a66-c311ad233868, Nodes: f4adb48a-7d7d-4db9-96e8-d2aa5901bd52{ip: 192.168.5.156, host: pr-hdds-2121-pbfts-3191465506, networkLocation: /default-rack, certSerialId: null}bba25625-58dd-4c9e-929d-1a2e91bc3828{ip: 192.168.5.156, host: pr-hdds-2121-pbfts-3191465506, networkLocation: /default-rack, certSerialId: null}41f4c1b5-d215-4831-aa76-48270f5e0061{ip: 192.168.5.156, host: pr-hdds-2121-pbfts-3191465506, networkLocation: /default-rack, certSerialId: null}, Type:RATIS, Factor:THREE, State:CLOSED]
2019-09-17 22:38:23,671 [java.util.concurrent.ThreadPoolExecutor$Worker@66d00973[State = -1, empty queue]] WARN  server.GrpcLogAppender (GrpcLogAppender.java:timeoutAppendRequest(200)) - bba25625-58dd-4c9e-929d-1a2e91bc3828@group-C311AD233868->41f4c1b5-d215-4831-aa76-48270f5e0061-GrpcLogAppender: appendEntries Timeout, request=bba25625-58dd-4c9e-929d-1a2e91bc3828->41f4c1b5-d215-4831-aa76-48270f5e0061#168-t1, previous=(t:1, i:23), leaderCommit=16, initializing? false, entries: <empty>
2019-09-17 22:38:23,672 [java.util.concurrent.ThreadPoolExecutor$Worker@1444d9b3[State = -1, empty queue]] WARN  server.GrpcLogAppender (GrpcLogAppender.java:timeoutAppendRequest(200)) - bba25625-58dd-4c9e-929d-1a2e91bc3828@group-C311AD233868->f4adb48a-7d7d-4db9-96e8-d2aa5901bd52-GrpcLogAppender: appendEntries Timeout, request=bba25625-58dd-4c9e-929d-1a2e91bc3828->f4adb48a-7d7d-4db9-96e8-d2aa5901bd52#168-t1, previous=(t:1, i:23), leaderCommit=16, initializing? false, entries: <empty>
2019-09-17 22:38:25,267 [grpc-default-executor-1] INFO  client.GrpcClientProtocolClient (GrpcClientProtocolClient.java:onNext(264)) - client-2EE9B685757F->41f4c1b5-d215-4831-aa76-48270f5e0061: receive RaftClientReply:client-2EE9B685757F->41f4c1b5-d215-4831-aa76-48270f5e0061@group-C311AD233868, cid=33, FAILED org.apache.ratis.protocol.NotLeaderException: Server 41f4c1b5-d215-4831-aa76-48270f5e0061@group-C311AD233868 is not the leader bba25625-58dd-4c9e-929d-1a2e91bc3828:192.168.5.156:36127, logIndex=0, commits[41f4c1b5-d215-4831-aa76-48270f5e0061:c16, f4adb48a-7d7d-4db9-96e8-d2aa5901bd52:c14, bba25625-58dd-4c9e-929d-1a2e91bc3828:c16]
2019-09-17 22:38:25,675 [org.apache.ratis.server.impl.LogAppender$AppenderDaemon$$Lambda$486/264626604@797d947d] ERROR ratis.XceiverServerRatis (XceiverServerRatis.java:triggerPipelineClose(575)) - pipeline Action CLOSE  on pipeline PipelineID=0b7a50c3-0882-4d89-8a66-c311ad233868.Reason : bba25625-58dd-4c9e-929d-1a2e91bc3828 has not seen follower/s 41f4c1b5-d215-4831-aa76-48270f5e0061 for 182376ms f4adb48a-7d7d-4db9-96e8-d2aa5901bd52 for 182376ms
2019-09-17 22:38:25,675 [org.apache.ratis.server.impl.LogAppender$AppenderDaemon$$Lambda$486/264626604@315c227d] ERROR ratis.XceiverServerRatis (XceiverServerRatis.java:triggerPipelineClose(575)) - pipeline Action CLOSE  on pipeline PipelineID=0b7a50c3-0882-4d89-8a66-c311ad233868.Reason : bba25625-58dd-4c9e-929d-1a2e91bc3828 has not seen follower/s 41f4c1b5-d215-4831-aa76-48270f5e0061 for 182376ms f4adb48a-7d7d-4db9-96e8-d2aa5901bd52 for 182376ms
2019-09-17 22:38:26,174 [java.util.concurrent.ThreadPoolExecutor$Worker@1444d9b3[State = -1, empty queue]] WARN  server.GrpcLogAppender (GrpcLogAppender.java:timeoutAppendRequest(200)) - bba25625-58dd-4c9e-929d-1a2e91bc3828@group-C311AD233868->f4adb48a-7d7d-4db9-96e8-d2aa5901bd52-GrpcLogAppender: appendEntries Timeout, request=bba25625-58dd-4c9e-929d-1a2e91bc3828->f4adb48a-7d7d-4db9-96e8-d2aa5901bd52#169-t1, previous=(t:1, i:23), leaderCommit=16, initializing? false, entries: <empty>
2019-09-17 22:38:26,174 [java.util.concurrent.ThreadPoolExecutor$Worker@66d00973[State = -1, empty queue]] WARN  server.GrpcLogAppender (GrpcLogAppender.java:timeoutAppendRequest(200)) - bba25625-58dd-4c9e-929d-1a2e91bc3828@group-C311AD233868->41f4c1b5-d215-4831-aa76-48270f5e0061-GrpcLogAppender: appendEntries Timeout, request=bba25625-58dd-4c9e-929d-1a2e91bc3828->41f4c1b5-d215-4831-aa76-48270f5e0061#169-t1, previous=(t:1, i:23), leaderCommit=16, initializing? false, entries: <empty>
2019-09-17 22:38:26,652 [EventQueue-PipelineActionsForPipelineActionHandler] ERROR pipeline.PipelineActionHandler (PipelineActionHandler.java:onMessage(60)) - Received pipeline action CLOSE for Pipeline[ Id: 0b7a50c3-0882-4d89-8a66-c311ad233868, Nodes: f4adb48a-7d7d-4db9-96e8-d2aa5901bd52{ip: 192.168.5.156, host: pr-hdds-2121-pbfts-3191465506, networkLocation: /default-rack, certSerialId: null}bba25625-58dd-4c9e-929d-1a2e91bc3828{ip: 192.168.5.156, host: pr-hdds-2121-pbfts-3191465506, networkLocation: /default-rack, certSerialId: null}41f4c1b5-d215-4831-aa76-48270f5e0061{ip: 192.168.5.156, host: pr-hdds-2121-pbfts-3191465506, networkLocation: /default-rack, certSerialId: null}, Type:RATIS, Factor:THREE, State:CLOSED] from datanode bba25625-58dd-4c9e-929d-1a2e91bc3828{ip: 192.168.5.156, host: pr-hdds-2121-pbfts-3191465506, networkLocation: /default-rack, certSerialId: null}. Reason : bba25625-58dd-4c9e-929d-1a2e91bc3828 has not seen follower/s 41f4c1b5-d215-4831-aa76-48270f5e0061 for 182376ms f4adb48a-7d7d-4db9-96e8-d2aa5901bd52 for 182376ms
2019-09-17 22:38:26,653 [EventQueue-PipelineActionsForPipelineActionHandler] INFO  pipeline.SCMPipelineManager (SCMPipelineManager.java:finalizeAndDestroyPipeline(311)) - destroying pipeline:Pipeline[ Id: 0b7a50c3-0882-4d89-8a66-c311ad233868, Nodes: f4adb48a-7d7d-4db9-96e8-d2aa5901bd52{ip: 192.168.5.156, host: pr-hdds-2121-pbfts-3191465506, networkLocation: /default-rack, certSerialId: null}bba25625-58dd-4c9e-929d-1a2e91bc3828{ip: 192.168.5.156, host: pr-hdds-2121-pbfts-3191465506, networkLocation: /default-rack, certSerialId: null}41f4c1b5-d215-4831-aa76-48270f5e0061{ip: 192.168.5.156, host: pr-hdds-2121-pbfts-3191465506, networkLocation: /default-rack, certSerialId: null}, Type:RATIS, Factor:THREE, State:CLOSED]
2019-09-17 22:38:28,176 [org.apache.ratis.server.impl.LogAppender$AppenderDaemon$$Lambda$486/264626604@797d947d] ERROR ratis.XceiverServerRatis (XceiverServerRatis.java:triggerPipelineClose(575)) - pipeline Action CLOSE  on pipeline PipelineID=0b7a50c3-0882-4d89-8a66-c311ad233868.Reason : bba25625-58dd-4c9e-929d-1a2e91bc3828 has not seen follower/s 41f4c1b5-d215-4831-aa76-48270f5e0061 for 184877ms f4adb48a-7d7d-4db9-96e8-d2aa5901bd52 for 184877ms
2019-09-17 22:38:28,176 [org.apache.ratis.server.impl.LogAppender$AppenderDaemon$$Lambda$486/264626604@315c227d] ERROR ratis.XceiverServerRatis (XceiverServerRatis.java:triggerPipelineClose(575)) - pipeline Action CLOSE  on pipeline PipelineID=0b7a50c3-0882-4d89-8a66-c311ad233868.Reason : bba25625-58dd-4c9e-929d-1a2e91bc3828 has not seen follower/s 41f4c1b5-d215-4831-aa76-48270f5e0061 for 184877ms f4adb48a-7d7d-4db9-96e8-d2aa5901bd52 for 184877ms
2019-09-17 22:38:28,653 [EventQueue-PipelineActionsForPipelineActionHandler] ERROR pipeline.PipelineActionHandler (PipelineActionHandler.java:onMessage(60)) - Received pipeline action CLOSE for Pipeline[ Id: 0b7a50c3-0882-4d89-8a66-c311ad233868, Nodes: f4adb48a-7d7d-4db9-96e8-d2aa5901bd52{ip: 192.168.5.156, host: pr-hdds-2121-pbfts-3191465506, networkLocation: /default-rack, certSerialId: null}bba25625-58dd-4c9e-929d-1a2e91bc3828{ip: 192.168.5.156, host: pr-hdds-2121-pbfts-3191465506, networkLocation: /default-rack, certSerialId: null}41f4c1b5-d215-4831-aa76-48270f5e0061{ip: 192.168.5.156, host: pr-hdds-2121-pbfts-3191465506, networkLocation: /default-rack, certSerialId: null}, Type:RATIS, Factor:THREE, State:CLOSED] from datanode bba25625-58dd-4c9e-929d-1a2e91bc3828{ip: 192.168.5.156, host: pr-hdds-2121-pbfts-3191465506, networkLocation: /default-rack, certSerialId: null}. Reason : bba25625-58dd-4c9e-929d-1a2e91bc3828 has not seen follower/s 41f4c1b5-d215-4831-aa76-48270f5e0061 for 184877ms f4adb48a-7d7d-4db9-96e8-d2aa5901bd52 for 184877ms
2019-09-17 22:38:28,653 [EventQueue-PipelineActionsForPipelineActionHandler] INFO  pipeline.SCMPipelineManager (SCMPipelineManager.java:finalizeAndDestroyPipeline(311)) - destroying pipeline:Pipeline[ Id: 0b7a50c3-0882-4d89-8a66-c311ad233868, Nodes: f4adb48a-7d7d-4db9-96e8-d2aa5901bd52{ip: 192.168.5.156, host: pr-hdds-2121-pbfts-3191465506, networkLocation: /default-rack, certSerialId: null}bba25625-58dd-4c9e-929d-1a2e91bc3828{ip: 192.168.5.156, host: pr-hdds-2121-pbfts-3191465506, networkLocation: /default-rack, certSerialId: null}41f4c1b5-d215-4831-aa76-48270f5e0061{ip: 192.168.5.156, host: pr-hdds-2121-pbfts-3191465506, networkLocation: /default-rack, certSerialId: null}, Type:RATIS, Factor:THREE, State:CLOSED]
2019-09-17 22:38:28,675 [java.util.concurrent.ThreadPoolExecutor$Worker@66d00973[State = -1, empty queue]] WARN  server.GrpcLogAppender (GrpcLogAppender.java:timeoutAppendRequest(200)) - bba25625-58dd-4c9e-929d-1a2e91bc3828@group-C311AD233868->41f4c1b5-d215-4831-aa76-48270f5e0061-GrpcLogAppender: appendEntries Timeout, request=bba25625-58dd-4c9e-929d-1a2e91bc3828->41f4c1b5-d215-4831-aa76-48270f5e0061#170-t1, previous=(t:1, i:23), leaderCommit=16, initializing? false, entries: <empty>
2019-09-17 22:38:28,675 [java.util.concurrent.ThreadPoolExecutor$Worker@1444d9b3[State = -1, empty queue]] WARN  server.GrpcLogAppender (GrpcLogAppender.java:timeoutAppendRequest(200)) - bba25625-58dd-4c9e-929d-1a2e91bc3828@group-C311AD233868->f4adb48a-7d7d-4db9-96e8-d2aa5901bd52-GrpcLogAppender: appendEntries Timeout, request=bba25625-58dd-4c9e-929d-1a2e91bc3828->f4adb48a-7d7d-4db9-96e8-d2aa5901bd52#170-t1, previous=(t:1, i:23), leaderCommit=16, initializing? false, entries: <empty>
2019-09-17 22:38:29,613 [grpc-default-executor-1] INFO  impl.RaftServerProxy (RaftServerProxy.java:remove(95)) - f4adb48a-7d7d-4db9-96e8-d2aa5901bd52: remove  FOLLOWER f4adb48a-7d7d-4db9-96e8-d2aa5901bd52@group-C311AD233868:t1, leader=bba25625-58dd-4c9e-929d-1a2e91bc3828, voted=bba25625-58dd-4c9e-929d-1a2e91bc3828, raftlog=f4adb48a-7d7d-4db9-96e8-d2aa5901bd52@group-C311AD233868-SegmentedRaftLog:OPENED:c16,f16,i23, conf=0: [41f4c1b5-d215-4831-aa76-48270f5e0061:192.168.5.156:34928, f4adb48a-7d7d-4db9-96e8-d2aa5901bd52:192.168.5.156:46400, bba25625-58dd-4c9e-929d-1a2e91bc3828:192.168.5.156:36127], old=null RUNNING
2019-09-17 22:38:29,614 [grpc-default-executor-1] INFO  impl.RaftServerImpl (RaftServerImpl.java:lambda$shutdown$3(251)) - f4adb48a-7d7d-4db9-96e8-d2aa5901bd52@group-C311AD233868: shutdown
2019-09-17 22:38:29,615 [grpc-default-executor-1] INFO  util.JmxRegister (JmxRegister.java:unregister(73)) - Successfully un-registered JMX Bean with object name Ratis:service=RaftServer,group=group-C311AD233868,id=f4adb48a-7d7d-4db9-96e8-d2aa5901bd52
2019-09-17 22:38:29,615 [grpc-default-executor-1] INFO  impl.RoleInfo (RoleInfo.java:shutdownFollowerState(121)) - f4adb48a-7d7d-4db9-96e8-d2aa5901bd52: shutdown FollowerState
2019-09-17 22:38:29,615 [grpc-default-executor-1] INFO  impl.StateMachineUpdater (StateMachineUpdater.java:stopAndJoin(125)) - f4adb48a-7d7d-4db9-96e8-d2aa5901bd52@group-C311AD233868-StateMachineUpdater: set stopIndex = 16
2019-09-17 22:38:29,616 [f4adb48a-7d7d-4db9-96e8-d2aa5901bd52@group-C311AD233868-StateMachineUpdater] INFO  ratis.ContainerStateMachine (ContainerStateMachine.java:takeSnapshot(289)) - group-C311AD233868: Taking a snapshot at:(t:1, i:14) file /workdir/hadoop-ozone/integration-test/target/test-dir/MiniOzoneClusterImpl-bd92ec51-65b6-4c9d-b31e-1ffa86bb815f/datanode-2/data/ratis/0b7a50c3-0882-4d89-8a66-c311ad233868/sm/snapshot.1_14
2019-09-17 22:38:29,615 [Thread-321] INFO  impl.FollowerState (FollowerState.java:run(115)) - f4adb48a-7d7d-4db9-96e8-d2aa5901bd52: FollowerState was interrupted: java.lang.InterruptedException: sleep interrupted
2019-09-17 22:38:29,629 [f4adb48a-7d7d-4db9-96e8-d2aa5901bd52@group-C311AD233868-StateMachineUpdater] INFO  ratis.ContainerStateMachine (ContainerStateMachine.java:takeSnapshot(300)) - group-C311AD233868: Finished taking a snapshot at:(t:1, i:14) file:/workdir/hadoop-ozone/integration-test/target/test-dir/MiniOzoneClusterImpl-bd92ec51-65b6-4c9d-b31e-1ffa86bb815f/datanode-2/data/ratis/0b7a50c3-0882-4d89-8a66-c311ad233868/sm/snapshot.1_14 time:13
2019-09-17 22:38:29,629 [f4adb48a-7d7d-4db9-96e8-d2aa5901bd52@group-C311AD233868-StateMachineUpdater] INFO  impl.StateMachineUpdater (StateMachineUpdater.java:takeSnapshot(258)) - f4adb48a-7d7d-4db9-96e8-d2aa5901bd52@group-C311AD233868-StateMachineUpdater: Took a snapshot at index 14
2019-09-17 22:38:29,629 [f4adb48a-7d7d-4db9-96e8-d2aa5901bd52@group-C311AD233868-StateMachineUpdater] INFO  impl.StateMachineUpdater (StateMachineUpdater.java:lambda$new$0(83)) - f4adb48a-7d7d-4db9-96e8-d2aa5901bd52@group-C311AD233868-StateMachineUpdater: snapshotIndex: updateIncreasingly -1 -> 14
2019-09-17 22:38:29,630 [f4adb48a-7d7d-4db9-96e8-d2aa5901bd52@group-C311AD233868-StateMachineUpdater] INFO  ratis.ContainerStateMachine (ContainerStateMachine.java:takeSnapshot(289)) - group-C311AD233868: Taking a snapshot at:(t:1, i:14) file /workdir/hadoop-ozone/integration-test/target/test-dir/MiniOzoneClusterImpl-bd92ec51-65b6-4c9d-b31e-1ffa86bb815f/datanode-2/data/ratis/0b7a50c3-0882-4d89-8a66-c311ad233868/sm/snapshot.1_14
2019-09-17 22:38:29,653 [f4adb48a-7d7d-4db9-96e8-d2aa5901bd52@group-C311AD233868-StateMachineUpdater] INFO  ratis.ContainerStateMachine (ContainerStateMachine.java:takeSnapshot(300)) - group-C311AD233868: Finished taking a snapshot at:(t:1, i:14) file:/workdir/hadoop-ozone/integration-test/target/test-dir/MiniOzoneClusterImpl-bd92ec51-65b6-4c9d-b31e-1ffa86bb815f/datanode-2/data/ratis/0b7a50c3-0882-4d89-8a66-c311ad233868/sm/snapshot.1_14 time:23
2019-09-17 22:38:29,654 [f4adb48a-7d7d-4db9-96e8-d2aa5901bd52@group-C311AD233868-StateMachineUpdater] INFO  impl.StateMachineUpdater (StateMachineUpdater.java:takeSnapshot(258)) - f4adb48a-7d7d-4db9-96e8-d2aa5901bd52@group-C311AD233868-StateMachineUpdater: Took a snapshot at index 14
2019-09-17 22:38:29,654 [f4adb48a-7d7d-4db9-96e8-d2aa5901bd52@group-C311AD233868-StateMachineUpdater] INFO  impl.StateMachineUpdater (StateMachineUpdater.java:lambda$new$0(83)) - f4adb48a-7d7d-4db9-96e8-d2aa5901bd52@group-C311AD233868-StateMachineUpdater: snapshotIndex: updateIncreasingly 14 -> 14
2019-09-17 22:38:29,654 [grpc-default-executor-1] INFO  impl.RaftServerImpl (ServerState.java:close(385)) - f4adb48a-7d7d-4db9-96e8-d2aa5901bd52@group-C311AD233868: closes. applyIndex: 16
2019-09-17 22:38:29,658 [f4adb48a-7d7d-4db9-96e8-d2aa5901bd52@group-C311AD233868-SegmentedRaftLogWorker] ERROR ratis.XceiverServerRatis (XceiverServerRatis.java:triggerPipelineClose(575)) - pipeline Action CLOSE  on pipeline PipelineID=0b7a50c3-0882-4d89-8a66-c311ad233868.Reason : WriteLog:17: (t:1, i:17), STATEMACHINELOGENTRY, client-2EE9B685757F, cid=33-writeStateMachineData interrupted.
2019-09-17 22:38:29,660 [grpc-default-executor-1] INFO  segmented.SegmentedRaftLogWorker (SegmentedRaftLogWorker.java:close(228)) - f4adb48a-7d7d-4db9-96e8-d2aa5901bd52@group-C311AD233868-SegmentedRaftLogWorker close()
2019-09-17 22:38:29,665 [EventQueue-PipelineActionsForPipelineActionHandler] ERROR pipeline.PipelineActionHandler (PipelineActionHandler.java:onMessage(60)) - Received pipeline action CLOSE for Pipeline[ Id: 0b7a50c3-0882-4d89-8a66-c311ad233868, Nodes: f4adb48a-7d7d-4db9-96e8-d2aa5901bd52{ip: 192.168.5.156, host: pr-hdds-2121-pbfts-3191465506, networkLocation: /default-rack, certSerialId: null}bba25625-58dd-4c9e-929d-1a2e91bc3828{ip: 192.168.5.156, host: pr-hdds-2121-pbfts-3191465506, networkLocation: /default-rack, certSerialId: null}41f4c1b5-d215-4831-aa76-48270f5e0061{ip: 192.168.5.156, host: pr-hdds-2121-pbfts-3191465506, networkLocation: /default-rack, certSerialId: null}, Type:RATIS, Factor:THREE, State:CLOSED] from datanode f4adb48a-7d7d-4db9-96e8-d2aa5901bd52{ip: 192.168.5.156, host: pr-hdds-2121-pbfts-3191465506, networkLocation: /default-rack, certSerialId: null}. Reason : WriteLog:17: (t:1, i:17), STATEMACHINELOGENTRY, client-2EE9B685757F, cid=33-writeStateMachineData interrupted.
2019-09-17 22:38:29,665 [EventQueue-PipelineActionsForPipelineActionHandler] INFO  pipeline.SCMPipelineManager (SCMPipelineManager.java:finalizeAndDestroyPipeline(311)) - destroying pipeline:Pipeline[ Id: 0b7a50c3-0882-4d89-8a66-c311ad233868, Nodes: f4adb48a-7d7d-4db9-96e8-d2aa5901bd52{ip: 192.168.5.156, host: pr-hdds-2121-pbfts-3191465506, networkLocation: /default-rack, certSerialId: null}bba25625-58dd-4c9e-929d-1a2e91bc3828{ip: 192.168.5.156, host: pr-hdds-2121-pbfts-3191465506, networkLocation: /default-rack, certSerialId: null}41f4c1b5-d215-4831-aa76-48270f5e0061{ip: 192.168.5.156, host: pr-hdds-2121-pbfts-3191465506, networkLocation: /default-rack, certSerialId: null}, Type:RATIS, Factor:THREE, State:CLOSED]
2019-09-17 22:38:29,677 [grpc-default-executor-1] INFO  interfaces.Container (KeyValueContainer.java:flushAndSyncDB(386)) - Container 2 is synced with bcsId 6.
2019-09-17 22:38:29,677 [grpc-default-executor-1] INFO  interfaces.Container (KeyValueContainer.java:flushAndSyncDB(386)) - Container 2 is synced with bcsId 6.
2019-09-17 22:38:29,704 [EventQueue-IncrementalContainerReportForIncrementalContainerReportHandler] INFO  container.IncrementalContainerReportHandler (AbstractContainerReportHandler.java:updateContainerState(169)) - Moving container #2 to QUASI_CLOSED state, datanode f4adb48a-7d7d-4db9-96e8-d2aa5901bd52{ip: 192.168.5.156, host: pr-hdds-2121-pbfts-3191465506, networkLocation: /default-rack, certSerialId: null} reported QUASI_CLOSED replica.
2019-09-17 22:38:29,714 [grpc-default-executor-1] INFO  interfaces.Container (KeyValueContainer.java:flushAndSyncDB(386)) - Container 4 is synced with bcsId 14.
2019-09-17 22:38:29,714 [grpc-default-executor-1] INFO  interfaces.Container (KeyValueContainer.java:flushAndSyncDB(386)) - Container 4 is synced with bcsId 14.
2019-09-17 22:38:29,728 [EventQueue-IncrementalContainerReportForIncrementalContainerReportHandler] INFO  container.IncrementalContainerReportHandler (AbstractContainerReportHandler.java:updateContainerState(169)) - Moving container #4 to QUASI_CLOSED state, datanode f4adb48a-7d7d-4db9-96e8-d2aa5901bd52{ip: 192.168.5.156, host: pr-hdds-2121-pbfts-3191465506, networkLocation: /default-rack, certSerialId: null} reported QUASI_CLOSED replica.
2019-09-17 22:38:29,841 [grpc-default-executor-1] INFO  interfaces.Container (KeyValueContainer.java:flushAndSyncDB(386)) - Container 5 is synced with bcsId 0.
2019-09-17 22:38:29,842 [grpc-default-executor-1] INFO  interfaces.Container (KeyValueContainer.java:flushAndSyncDB(386)) - Container 5 is synced with bcsId 0.
2019-09-17 22:38:29,868 [EventQueue-IncrementalContainerReportForIncrementalContainerReportHandler] INFO  container.IncrementalContainerReportHandler (AbstractContainerReportHandler.java:updateContainerState(169)) - Moving container #5 to QUASI_CLOSED state, datanode f4adb48a-7d7d-4db9-96e8-d2aa5901bd52{ip: 192.168.5.156, host: pr-hdds-2121-pbfts-3191465506, networkLocation: /default-rack, certSerialId: null} reported QUASI_CLOSED replica.
2019-09-17 22:38:29,873 [grpc-default-executor-1] INFO  impl.RaftServerProxy (RaftServerProxy.java:remove(95)) - bba25625-58dd-4c9e-929d-1a2e91bc3828: remove    LEADER bba25625-58dd-4c9e-929d-1a2e91bc3828@group-C311AD233868:t1, leader=bba25625-58dd-4c9e-929d-1a2e91bc3828, voted=bba25625-58dd-4c9e-929d-1a2e91bc3828, raftlog=bba25625-58dd-4c9e-929d-1a2e91bc3828@group-C311AD233868-SegmentedRaftLog:OPENED:c16,f16,i23, conf=0: [41f4c1b5-d215-4831-aa76-48270f5e0061:192.168.5.156:34928, f4adb48a-7d7d-4db9-96e8-d2aa5901bd52:192.168.5.156:46400, bba25625-58dd-4c9e-929d-1a2e91bc3828:192.168.5.156:36127], old=null RUNNING
2019-09-17 22:38:29,873 [grpc-default-executor-1] INFO  impl.RaftServerImpl (RaftServerImpl.java:lambda$shutdown$3(251)) - bba25625-58dd-4c9e-929d-1a2e91bc3828@group-C311AD233868: shutdown
2019-09-17 22:38:29,873 [grpc-default-executor-1] INFO  util.JmxRegister (JmxRegister.java:unregister(73)) - Successfully un-registered JMX Bean with object name Ratis:service=RaftServer,group=group-C311AD233868,id=bba25625-58dd-4c9e-929d-1a2e91bc3828
2019-09-17 22:38:29,874 [grpc-default-executor-1] INFO  impl.RoleInfo (RoleInfo.java:shutdownLeaderState(104)) - bba25625-58dd-4c9e-929d-1a2e91bc3828: shutdown LeaderState
2019-09-17 22:38:29,877 [org.apache.ratis.server.impl.LogAppender$AppenderDaemon$$Lambda$486/264626604@797d947d] WARN  server.GrpcLogAppender (GrpcLogAppender.java:mayWait(143)) - bba25625-58dd-4c9e-929d-1a2e91bc3828@group-C311AD233868->f4adb48a-7d7d-4db9-96e8-d2aa5901bd52-GrpcLogAppender: Wait interrupted by java.lang.InterruptedException
2019-09-17 22:38:29,877 [org.apache.ratis.server.impl.LogAppender$AppenderDaemon$$Lambda$486/264626604@315c227d] WARN  server.GrpcLogAppender (GrpcLogAppender.java:mayWait(143)) - bba25625-58dd-4c9e-929d-1a2e91bc3828@group-C311AD233868->41f4c1b5-d215-4831-aa76-48270f5e0061-GrpcLogAppender: Wait interrupted by java.lang.InterruptedException
2019-09-17 22:38:29,877 [grpc-default-executor-1] INFO  impl.PendingRequests (PendingRequests.java:sendNotLeaderResponses(202)) - bba25625-58dd-4c9e-929d-1a2e91bc3828-PendingRequests: sendNotLeaderResponses
2019-09-17 22:38:29,878 [grpc-default-executor-4] INFO  server.GrpcServerProtocolService (GrpcServerProtocolService.java:onCompleted(113)) - f4adb48a-7d7d-4db9-96e8-d2aa5901bd52: Completed APPEND_ENTRIES, lastRequest: bba25625-58dd-4c9e-929d-1a2e91bc3828->f4adb48a-7d7d-4db9-96e8-d2aa5901bd52#171-t1, previous=(t:1, i:23), leaderCommit=16, initializing? false, entries: <empty>
2019-09-17 22:38:29,878 [grpc-default-executor-5] INFO  server.GrpcServerProtocolService (GrpcServerProtocolService.java:onCompleted(113)) - 41f4c1b5-d215-4831-aa76-48270f5e0061: Completed APPEND_ENTRIES, lastRequest: bba25625-58dd-4c9e-929d-1a2e91bc3828->41f4c1b5-d215-4831-aa76-48270f5e0061#171-t1, previous=(t:1, i:23), leaderCommit=16, initializing? false, entries: <empty>
2019-09-17 22:38:29,878 [grpc-default-executor-5] INFO  server.GrpcLogAppender (GrpcLogAppender.java:onCompleted(293)) - bba25625-58dd-4c9e-929d-1a2e91bc3828@group-C311AD233868->f4adb48a-7d7d-4db9-96e8-d2aa5901bd52-AppendLogResponseHandler: follower responses appendEntries COMPLETED
2019-09-17 22:38:29,878 [grpc-default-executor-4] INFO  server.GrpcLogAppender (GrpcLogAppender.java:onCompleted(293)) - bba25625-58dd-4c9e-929d-1a2e91bc3828@group-C311AD233868->41f4c1b5-d215-4831-aa76-48270f5e0061-AppendLogResponseHandler: follower responses appendEntries COMPLETED
2019-09-17 22:38:29,879 [grpc-default-executor-5] INFO  impl.FollowerInfo (FollowerInfo.java:lambda$new$0(51)) - bba25625-58dd-4c9e-929d-1a2e91bc3828@group-C311AD233868->f4adb48a-7d7d-4db9-96e8-d2aa5901bd52: nextIndex: updateUnconditionally 24 -> 17
2019-09-17 22:38:29,879 [grpc-default-executor-4] INFO  impl.FollowerInfo (FollowerInfo.java:lambda$new$0(51)) - bba25625-58dd-4c9e-929d-1a2e91bc3828@group-C311AD233868->41f4c1b5-d215-4831-aa76-48270f5e0061: nextIndex: updateUnconditionally 24 -> 17
2019-09-17 22:38:29,882 [grpc-default-executor-1] INFO  impl.StateMachineUpdater (StateMachineUpdater.java:stopAndJoin(125)) - bba25625-58dd-4c9e-929d-1a2e91bc3828@group-C311AD233868-StateMachineUpdater: set stopIndex = 16
2019-09-17 22:38:29,882 [bba25625-58dd-4c9e-929d-1a2e91bc3828@group-C311AD233868-StateMachineUpdater] INFO  ratis.ContainerStateMachine (ContainerStateMachine.java:takeSnapshot(289)) - group-C311AD233868: Taking a snapshot at:(t:1, i:16) file /workdir/hadoop-ozone/integration-test/target/test-dir/MiniOzoneClusterImpl-bd92ec51-65b6-4c9d-b31e-1ffa86bb815f/datanode-5/data/ratis/0b7a50c3-0882-4d89-8a66-c311ad233868/sm/snapshot.1_16
2019-09-17 22:38:29,909 [bba25625-58dd-4c9e-929d-1a2e91bc3828@group-C311AD233868-StateMachineUpdater] INFO  ratis.ContainerStateMachine (ContainerStateMachine.java:takeSnapshot(300)) - group-C311AD233868: Finished taking a snapshot at:(t:1, i:16) file:/workdir/hadoop-ozone/integration-test/target/test-dir/MiniOzoneClusterImpl-bd92ec51-65b6-4c9d-b31e-1ffa86bb815f/datanode-5/data/ratis/0b7a50c3-0882-4d89-8a66-c311ad233868/sm/snapshot.1_16 time:27
2019-09-17 22:38:29,909 [bba25625-58dd-4c9e-929d-1a2e91bc3828@group-C311AD233868-StateMachineUpdater] INFO  impl.StateMachineUpdater (StateMachineUpdater.java:takeSnapshot(258)) - bba25625-58dd-4c9e-929d-1a2e91bc3828@group-C311AD233868-StateMachineUpdater: Took a snapshot at index 16
2019-09-17 22:38:29,909 [bba25625-58dd-4c9e-929d-1a2e91bc3828@group-C311AD233868-StateMachineUpdater] INFO  impl.StateMachineUpdater (StateMachineUpdater.java:lambda$new$0(83)) - bba25625-58dd-4c9e-929d-1a2e91bc3828@group-C311AD233868-StateMachineUpdater: snapshotIndex: updateIncreasingly -1 -> 16
2019-09-17 22:38:29,910 [grpc-default-executor-1] INFO  impl.RaftServerImpl (ServerState.java:close(385)) - bba25625-58dd-4c9e-929d-1a2e91bc3828@group-C311AD233868: closes. applyIndex: 16
2019-09-17 22:38:29,910 [Command processor thread] ERROR commandhandler.CloseContainerCommandHandler (CloseContainerCommandHandler.java:handle(125)) - Can't close container #4
java.io.IOException: org.apache.ratis.protocol.GroupMismatchException: bba25625-58dd-4c9e-929d-1a2e91bc3828: group-C311AD233868 not found.
	at org.apache.hadoop.ozone.container.common.transport.server.ratis.XceiverServerRatis.submitRequest(XceiverServerRatis.java:502)
	at org.apache.hadoop.ozone.container.common.statemachine.commandhandler.CloseContainerCommandHandler.handle(CloseContainerCommandHandler.java:102)
	at org.apache.hadoop.ozone.container.common.statemachine.commandhandler.CommandDispatcher.handle(CommandDispatcher.java:99)
	at org.apache.hadoop.ozone.container.common.statemachine.DatanodeStateMachine.lambda$initCommandHandlerThread$1(DatanodeStateMachine.java:432)
	at java.lang.Thread.run(Thread.java:748)
Caused by: java.util.concurrent.ExecutionException: org.apache.ratis.protocol.GroupMismatchException: bba25625-58dd-4c9e-929d-1a2e91bc3828: group-C311AD233868 not found.
	at java.util.concurrent.CompletableFuture.reportGet(CompletableFuture.java:357)
	at java.util.concurrent.CompletableFuture.get(CompletableFuture.java:1895)
	at org.apache.hadoop.ozone.container.common.transport.server.ratis.XceiverServerRatis.submitRequest(XceiverServerRatis.java:500)
	... 4 more
Caused by: org.apache.ratis.protocol.GroupMismatchException: bba25625-58dd-4c9e-929d-1a2e91bc3828: group-C311AD233868 not found.
	at org.apache.ratis.server.impl.RaftServerProxy$ImplMap.get(RaftServerProxy.java:122)
	at org.apache.ratis.server.impl.RaftServerProxy.getImplFuture(RaftServerProxy.java:269)
	at org.apache.ratis.server.impl.RaftServerProxy.submitRequest(RaftServerProxy.java:327)
	at org.apache.ratis.server.impl.RaftServerProxy.submitClientRequestAsync(RaftServerProxy.java:333)
	... 5 more
2019-09-17 22:38:29,913 [bba25625-58dd-4c9e-929d-1a2e91bc3828@group-C311AD233868-SegmentedRaftLogWorker] ERROR ratis.XceiverServerRatis (XceiverServerRatis.java:triggerPipelineClose(575)) - pipeline Action CLOSE  on pipeline PipelineID=0b7a50c3-0882-4d89-8a66-c311ad233868.Reason : WriteLog:18: (t:1, i:18), STATEMACHINELOGENTRY, client-2EE9B685757F, cid=34-writeStateMachineData interrupted.
2019-09-17 22:38:29,914 [EventQueue-PipelineActionsForPipelineActionHandler] ERROR pipeline.PipelineActionHandler (PipelineActionHandler.java:onMessage(60)) - Received pipeline action CLOSE for Pipeline[ Id: 0b7a50c3-0882-4d89-8a66-c311ad233868, Nodes: f4adb48a-7d7d-4db9-96e8-d2aa5901bd52{ip: 192.168.5.156, host: pr-hdds-2121-pbfts-3191465506, networkLocation: /default-rack, certSerialId: null}bba25625-58dd-4c9e-929d-1a2e91bc3828{ip: 192.168.5.156, host: pr-hdds-2121-pbfts-3191465506, networkLocation: /default-rack, certSerialId: null}41f4c1b5-d215-4831-aa76-48270f5e0061{ip: 192.168.5.156, host: pr-hdds-2121-pbfts-3191465506, networkLocation: /default-rack, certSerialId: null}, Type:RATIS, Factor:THREE, State:CLOSED] from datanode bba25625-58dd-4c9e-929d-1a2e91bc3828{ip: 192.168.5.156, host: pr-hdds-2121-pbfts-3191465506, networkLocation: /default-rack, certSerialId: null}. Reason : WriteLog:18: (t:1, i:18), STATEMACHINELOGENTRY, client-2EE9B685757F, cid=34-writeStateMachineData interrupted.
2019-09-17 22:38:29,916 [EventQueue-PipelineActionsForPipelineActionHandler] INFO  pipeline.SCMPipelineManager (SCMPipelineManager.java:finalizeAndDestroyPipeline(311)) - destroying pipeline:Pipeline[ Id: 0b7a50c3-0882-4d89-8a66-c311ad233868, Nodes: f4adb48a-7d7d-4db9-96e8-d2aa5901bd52{ip: 192.168.5.156, host: pr-hdds-2121-pbfts-3191465506, networkLocation: /default-rack, certSerialId: null}bba25625-58dd-4c9e-929d-1a2e91bc3828{ip: 192.168.5.156, host: pr-hdds-2121-pbfts-3191465506, networkLocation: /default-rack, certSerialId: null}41f4c1b5-d215-4831-aa76-48270f5e0061{ip: 192.168.5.156, host: pr-hdds-2121-pbfts-3191465506, networkLocation: /default-rack, certSerialId: null}, Type:RATIS, Factor:THREE, State:CLOSED]
2019-09-17 22:38:29,926 [grpc-default-executor-1] INFO  segmented.SegmentedRaftLogWorker (SegmentedRaftLogWorker.java:close(228)) - bba25625-58dd-4c9e-929d-1a2e91bc3828@group-C311AD233868-SegmentedRaftLogWorker close()
2019-09-17 22:38:29,960 [grpc-default-executor-1] INFO  interfaces.Container (KeyValueContainer.java:flushAndSyncDB(386)) - Container 2 is synced with bcsId 6.
2019-09-17 22:38:29,960 [grpc-default-executor-1] INFO  interfaces.Container (KeyValueContainer.java:flushAndSyncDB(386)) - Container 2 is synced with bcsId 6.
2019-09-17 22:38:29,994 [grpc-default-executor-1] INFO  interfaces.Container (KeyValueContainer.java:flushAndSyncDB(386)) - Container 4 is synced with bcsId 14.
2019-09-17 22:38:29,994 [grpc-default-executor-1] INFO  interfaces.Container (KeyValueContainer.java:flushAndSyncDB(386)) - Container 4 is synced with bcsId 14.
2019-09-17 22:38:30,025 [grpc-default-executor-1] INFO  impl.RaftServerProxy (RaftServerProxy.java:remove(95)) - 41f4c1b5-d215-4831-aa76-48270f5e0061: remove  FOLLOWER 41f4c1b5-d215-4831-aa76-48270f5e0061@group-C311AD233868:t1, leader=bba25625-58dd-4c9e-929d-1a2e91bc3828, voted=bba25625-58dd-4c9e-929d-1a2e91bc3828, raftlog=41f4c1b5-d215-4831-aa76-48270f5e0061@group-C311AD233868-SegmentedRaftLog:OPENED:c16,f16,i23, conf=0: [41f4c1b5-d215-4831-aa76-48270f5e0061:192.168.5.156:34928, f4adb48a-7d7d-4db9-96e8-d2aa5901bd52:192.168.5.156:46400, bba25625-58dd-4c9e-929d-1a2e91bc3828:192.168.5.156:36127], old=null RUNNING
2019-09-17 22:38:30,026 [grpc-default-executor-1] INFO  impl.RaftServerImpl (RaftServerImpl.java:lambda$shutdown$3(251)) - 41f4c1b5-d215-4831-aa76-48270f5e0061@group-C311AD233868: shutdown
2019-09-17 22:38:30,026 [grpc-default-executor-1] INFO  util.JmxRegister (JmxRegister.java:unregister(73)) - Successfully un-registered JMX Bean with object name Ratis:service=RaftServer,group=group-C311AD233868,id=41f4c1b5-d215-4831-aa76-48270f5e0061
2019-09-17 22:38:30,026 [grpc-default-executor-1] INFO  impl.RoleInfo (RoleInfo.java:shutdownFollowerState(121)) - 41f4c1b5-d215-4831-aa76-48270f5e0061: shutdown FollowerState
2019-09-17 22:38:30,027 [grpc-default-executor-1] INFO  impl.StateMachineUpdater (StateMachineUpdater.java:stopAndJoin(125)) - 41f4c1b5-d215-4831-aa76-48270f5e0061@group-C311AD233868-StateMachineUpdater: set stopIndex = 16
2019-09-17 22:38:30,027 [Thread-320] INFO  impl.FollowerState (FollowerState.java:run(115)) - 41f4c1b5-d215-4831-aa76-48270f5e0061: FollowerState was interrupted: java.lang.InterruptedException: sleep interrupted
2019-09-17 22:38:30,027 [41f4c1b5-d215-4831-aa76-48270f5e0061@group-C311AD233868-StateMachineUpdater] INFO  ratis.ContainerStateMachine (ContainerStateMachine.java:takeSnapshot(289)) - group-C311AD233868: Taking a snapshot at:(t:1, i:14) file /workdir/hadoop-ozone/integration-test/target/test-dir/MiniOzoneClusterImpl-bd92ec51-65b6-4c9d-b31e-1ffa86bb815f/datanode-3/data/ratis/0b7a50c3-0882-4d89-8a66-c311ad233868/sm/snapshot.1_14
2019-09-17 22:38:30,061 [41f4c1b5-d215-4831-aa76-48270f5e0061@group-C311AD233868-StateMachineUpdater] INFO  ratis.ContainerStateMachine (ContainerStateMachine.java:takeSnapshot(300)) - group-C311AD233868: Finished taking a snapshot at:(t:1, i:14) file:/workdir/hadoop-ozone/integration-test/target/test-dir/MiniOzoneClusterImpl-bd92ec51-65b6-4c9d-b31e-1ffa86bb815f/datanode-3/data/ratis/0b7a50c3-0882-4d89-8a66-c311ad233868/sm/snapshot.1_14 time:34
2019-09-17 22:38:30,062 [41f4c1b5-d215-4831-aa76-48270f5e0061@group-C311AD233868-StateMachineUpdater] INFO  impl.StateMachineUpdater (StateMachineUpdater.java:takeSnapshot(258)) - 41f4c1b5-d215-4831-aa76-48270f5e0061@group-C311AD233868-StateMachineUpdater: Took a snapshot at index 14
2019-09-17 22:38:30,062 [41f4c1b5-d215-4831-aa76-48270f5e0061@group-C311AD233868-StateMachineUpdater] INFO  impl.StateMachineUpdater (StateMachineUpdater.java:lambda$new$0(83)) - 41f4c1b5-d215-4831-aa76-48270f5e0061@group-C311AD233868-StateMachineUpdater: snapshotIndex: updateIncreasingly -1 -> 14
2019-09-17 22:38:30,062 [41f4c1b5-d215-4831-aa76-48270f5e0061@group-C311AD233868-StateMachineUpdater] INFO  ratis.ContainerStateMachine (ContainerStateMachine.java:takeSnapshot(289)) - group-C311AD233868: Taking a snapshot at:(t:1, i:14) file /workdir/hadoop-ozone/integration-test/target/test-dir/MiniOzoneClusterImpl-bd92ec51-65b6-4c9d-b31e-1ffa86bb815f/datanode-3/data/ratis/0b7a50c3-0882-4d89-8a66-c311ad233868/sm/snapshot.1_14
2019-09-17 22:38:30,087 [41f4c1b5-d215-4831-aa76-48270f5e0061@group-C311AD233868-StateMachineUpdater] INFO  ratis.ContainerStateMachine (ContainerStateMachine.java:takeSnapshot(300)) - group-C311AD233868: Finished taking a snapshot at:(t:1, i:14) file:/workdir/hadoop-ozone/integration-test/target/test-dir/MiniOzoneClusterImpl-bd92ec51-65b6-4c9d-b31e-1ffa86bb815f/datanode-3/data/ratis/0b7a50c3-0882-4d89-8a66-c311ad233868/sm/snapshot.1_14 time:25
2019-09-17 22:38:30,087 [41f4c1b5-d215-4831-aa76-48270f5e0061@group-C311AD233868-StateMachineUpdater] INFO  impl.StateMachineUpdater (StateMachineUpdater.java:takeSnapshot(258)) - 41f4c1b5-d215-4831-aa76-48270f5e0061@group-C311AD233868-StateMachineUpdater: Took a snapshot at index 14
2019-09-17 22:38:30,087 [41f4c1b5-d215-4831-aa76-48270f5e0061@group-C311AD233868-StateMachineUpdater] INFO  impl.StateMachineUpdater (StateMachineUpdater.java:lambda$new$0(83)) - 41f4c1b5-d215-4831-aa76-48270f5e0061@group-C311AD233868-StateMachineUpdater: snapshotIndex: updateIncreasingly 14 -> 14
2019-09-17 22:38:30,087 [grpc-default-executor-1] INFO  impl.RaftServerImpl (ServerState.java:close(385)) - 41f4c1b5-d215-4831-aa76-48270f5e0061@group-C311AD233868: closes. applyIndex: 16
2019-09-17 22:38:30,091 [41f4c1b5-d215-4831-aa76-48270f5e0061@group-C311AD233868-SegmentedRaftLogWorker] ERROR ratis.XceiverServerRatis (XceiverServerRatis.java:triggerPipelineClose(575)) - pipeline Action CLOSE  on pipeline PipelineID=0b7a50c3-0882-4d89-8a66-c311ad233868.Reason : WriteLog:18: (t:1, i:18), STATEMACHINELOGENTRY, client-2EE9B685757F, cid=34-writeStateMachineData interrupted.
2019-09-17 22:38:30,094 [EventQueue-PipelineActionsForPipelineActionHandler] ERROR pipeline.PipelineActionHandler (PipelineActionHandler.java:onMessage(60)) - Received pipeline action CLOSE for Pipeline[ Id: 0b7a50c3-0882-4d89-8a66-c311ad233868, Nodes: f4adb48a-7d7d-4db9-96e8-d2aa5901bd52{ip: 192.168.5.156, host: pr-hdds-2121-pbfts-3191465506, networkLocation: /default-rack, certSerialId: null}bba25625-58dd-4c9e-929d-1a2e91bc3828{ip: 192.168.5.156, host: pr-hdds-2121-pbfts-3191465506, networkLocation: /default-rack, certSerialId: null}41f4c1b5-d215-4831-aa76-48270f5e0061{ip: 192.168.5.156, host: pr-hdds-2121-pbfts-3191465506, networkLocation: /default-rack, certSerialId: null}, Type:RATIS, Factor:THREE, State:CLOSED] from datanode 41f4c1b5-d215-4831-aa76-48270f5e0061{ip: 192.168.5.156, host: pr-hdds-2121-pbfts-3191465506, networkLocation: /default-rack, certSerialId: null}. Reason : WriteLog:18: (t:1, i:18), STATEMACHINELOGENTRY, client-2EE9B685757F, cid=34-writeStateMachineData interrupted.
2019-09-17 22:38:30,094 [EventQueue-PipelineActionsForPipelineActionHandler] INFO  pipeline.SCMPipelineManager (SCMPipelineManager.java:finalizeAndDestroyPipeline(311)) - destroying pipeline:Pipeline[ Id: 0b7a50c3-0882-4d89-8a66-c311ad233868, Nodes: f4adb48a-7d7d-4db9-96e8-d2aa5901bd52{ip: 192.168.5.156, host: pr-hdds-2121-pbfts-3191465506, networkLocation: /default-rack, certSerialId: null}bba25625-58dd-4c9e-929d-1a2e91bc3828{ip: 192.168.5.156, host: pr-hdds-2121-pbfts-3191465506, networkLocation: /default-rack, certSerialId: null}41f4c1b5-d215-4831-aa76-48270f5e0061{ip: 192.168.5.156, host: pr-hdds-2121-pbfts-3191465506, networkLocation: /default-rack, certSerialId: null}, Type:RATIS, Factor:THREE, State:CLOSED]
2019-09-17 22:38:30,105 [grpc-default-executor-1] INFO  segmented.SegmentedRaftLogWorker (SegmentedRaftLogWorker.java:close(228)) - 41f4c1b5-d215-4831-aa76-48270f5e0061@group-C311AD233868-SegmentedRaftLogWorker close()
2019-09-17 22:38:30,120 [grpc-default-executor-1] INFO  interfaces.Container (KeyValueContainer.java:flushAndSyncDB(386)) - Container 2 is synced with bcsId 6.
2019-09-17 22:38:30,121 [grpc-default-executor-1] INFO  interfaces.Container (KeyValueContainer.java:flushAndSyncDB(386)) - Container 2 is synced with bcsId 6.
2019-09-17 22:38:30,163 [grpc-default-executor-1] INFO  interfaces.Container (KeyValueContainer.java:flushAndSyncDB(386)) - Container 4 is synced with bcsId 14.
2019-09-17 22:38:30,163 [grpc-default-executor-1] INFO  interfaces.Container (KeyValueContainer.java:flushAndSyncDB(386)) - Container 4 is synced with bcsId 14.
2019-09-17 22:38:30,274 [grpc-default-executor-1] INFO  interfaces.Container (KeyValueContainer.java:flushAndSyncDB(386)) - Container 5 is synced with bcsId 0.
2019-09-17 22:38:30,274 [grpc-default-executor-1] INFO  interfaces.Container (KeyValueContainer.java:flushAndSyncDB(386)) - Container 5 is synced with bcsId 0.
2019-09-17 22:38:30,293 [RatisPipelineUtilsThread] INFO  pipeline.PipelineStateManager (PipelineStateManager.java:removePipeline(108)) - Pipeline Pipeline[ Id: 0b7a50c3-0882-4d89-8a66-c311ad233868, Nodes: f4adb48a-7d7d-4db9-96e8-d2aa5901bd52{ip: 192.168.5.156, host: pr-hdds-2121-pbfts-3191465506, networkLocation: /default-rack, certSerialId: null}bba25625-58dd-4c9e-929d-1a2e91bc3828{ip: 192.168.5.156, host: pr-hdds-2121-pbfts-3191465506, networkLocation: /default-rack, certSerialId: null}41f4c1b5-d215-4831-aa76-48270f5e0061{ip: 192.168.5.156, host: pr-hdds-2121-pbfts-3191465506, networkLocation: /default-rack, certSerialId: null}, Type:RATIS, Factor:THREE, State:CLOSED] removed from db
2019-09-17 22:38:30,320 [main] WARN  io.KeyOutputStream (KeyOutputStream.java:handleException(276)) - Encountered exception java.io.IOException: Unexpected Storage Container Exception: java.util.concurrent.CompletionException: java.util.concurrent.CompletionException: org.apache.ratis.protocol.GroupMismatchException: f4adb48a-7d7d-4db9-96e8-d2aa5901bd52: group-C311AD233868 not found. on the pipeline Pipeline[ Id: 0b7a50c3-0882-4d89-8a66-c311ad233868, Nodes: f4adb48a-7d7d-4db9-96e8-d2aa5901bd52{ip: 192.168.5.156, host: pr-hdds-2121-pbfts-3191465506, networkLocation: /default-rack, certSerialId: null}bba25625-58dd-4c9e-929d-1a2e91bc3828{ip: 192.168.5.156, host: pr-hdds-2121-pbfts-3191465506, networkLocation: /default-rack, certSerialId: null}41f4c1b5-d215-4831-aa76-48270f5e0061{ip: 192.168.5.156, host: pr-hdds-2121-pbfts-3191465506, networkLocation: /default-rack, certSerialId: null}, Type:RATIS, Factor:THREE, State:OPEN]. The last committed block length is 0, uncommitted data length is 400 retry count 0
2019-09-17 22:38:30,597 [grpc-default-executor-4] INFO  client.GrpcClientProtocolClient (GrpcClientProtocolClient.java:onNext(264)) - client-20B9A50446D7->80bd91bd-ab17-414e-9fbc-bd509e19448d: receive RaftClientReply:client-20B9A50446D7->80bd91bd-ab17-414e-9fbc-bd509e19448d@group-D35E5DAA4B7D, cid=135, SUCCESS, logIndex=1, commits[80bd91bd-ab17-414e-9fbc-bd509e19448d:c1, fc7af808-7c3b-4e7d-bcd4-16788f7c0c06:c0, 3de10ab2-5aa8-4456-b48c-00692585ccec:c0]
2019-09-17 22:38:30,651 [grpc-default-executor-1] INFO  client.GrpcClientProtocolClient (GrpcClientProtocolClient.java:onNext(264)) - client-20B9A50446D7->80bd91bd-ab17-414e-9fbc-bd509e19448d: receive RaftClientReply:client-20B9A50446D7->80bd91bd-ab17-414e-9fbc-bd509e19448d@group-D35E5DAA4B7D, cid=136, SUCCESS, logIndex=3, commits[80bd91bd-ab17-414e-9fbc-bd509e19448d:c4, fc7af808-7c3b-4e7d-bcd4-16788f7c0c06:c2, 3de10ab2-5aa8-4456-b48c-00692585ccec:c2]
2019-09-17 22:38:30,721 [grpc-default-executor-1] INFO  client.GrpcClientProtocolClient (GrpcClientProtocolClient.java:onNext(264)) - client-20B9A50446D7->80bd91bd-ab17-414e-9fbc-bd509e19448d: receive RaftClientReply:client-20B9A50446D7->80bd91bd-ab17-414e-9fbc-bd509e19448d@group-D35E5DAA4B7D, cid=137, SUCCESS, logIndex=4, commits[80bd91bd-ab17-414e-9fbc-bd509e19448d:c11, fc7af808-7c3b-4e7d-bcd4-16788f7c0c06:c7, 3de10ab2-5aa8-4456-b48c-00692585ccec:c7]
2019-09-17 22:38:30,724 [grpc-default-executor-1] INFO  client.GrpcClientProtocolClient (GrpcClientProtocolClient.java:onNext(264)) - client-20B9A50446D7->80bd91bd-ab17-414e-9fbc-bd509e19448d: receive RaftClientReply:client-20B9A50446D7->80bd91bd-ab17-414e-9fbc-bd509e19448d@group-D35E5DAA4B7D, cid=138, SUCCESS, logIndex=5, commits[80bd91bd-ab17-414e-9fbc-bd509e19448d:c11, fc7af808-7c3b-4e7d-bcd4-16788f7c0c06:c7, 3de10ab2-5aa8-4456-b48c-00692585ccec:c7]
2019-09-17 22:38:30,725 [grpc-default-executor-1] INFO  client.GrpcClientProtocolClient (GrpcClientProtocolClient.java:onNext(264)) - client-20B9A50446D7->80bd91bd-ab17-414e-9fbc-bd509e19448d: receive RaftClientReply:client-20B9A50446D7->80bd91bd-ab17-414e-9fbc-bd509e19448d@group-D35E5DAA4B7D, cid=139, SUCCESS, logIndex=6, commits[80bd91bd-ab17-414e-9fbc-bd509e19448d:c11, fc7af808-7c3b-4e7d-bcd4-16788f7c0c06:c7, 3de10ab2-5aa8-4456-b48c-00692585ccec:c7]
2019-09-17 22:38:30,906 [grpc-default-executor-1] INFO  client.GrpcClientProtocolClient (GrpcClientProtocolClient.java:onNext(264)) - client-20B9A50446D7->80bd91bd-ab17-414e-9fbc-bd509e19448d: receive RaftClientReply:client-20B9A50446D7->80bd91bd-ab17-414e-9fbc-bd509e19448d@group-D35E5DAA4B7D, cid=140, SUCCESS, logIndex=7, commits[80bd91bd-ab17-414e-9fbc-bd509e19448d:c11, fc7af808-7c3b-4e7d-bcd4-16788f7c0c06:c7, 3de10ab2-5aa8-4456-b48c-00692585ccec:c7]
]]></system-out>
  </testcase>
  <testcase name="testBufferCaching" classname="org.apache.hadoop.ozone.client.rpc.TestBlockOutputStream" time="0.567"/>
  <testcase name="testWriteWithExceedingMaxBufferLimit" classname="org.apache.hadoop.ozone.client.rpc.TestBlockOutputStream" time="187.666">
    <failure message="expected:&lt;22&gt; but was:&lt;26&gt;" type="java.lang.AssertionError"><![CDATA[java.lang.AssertionError: expected:<22> but was:<26>
	at org.junit.Assert.fail(Assert.java:88)
	at org.junit.Assert.failNotEquals(Assert.java:743)
	at org.junit.Assert.assertEquals(Assert.java:118)
	at org.junit.Assert.assertEquals(Assert.java:555)
	at org.junit.Assert.assertEquals(Assert.java:542)
	at org.apache.hadoop.ozone.client.rpc.TestBlockOutputStream.testWriteWithExceedingMaxBufferLimit(TestBlockOutputStream.java:614)
	at sun.reflect.NativeMethodAccessorImpl.invoke0(Native Method)
	at sun.reflect.NativeMethodAccessorImpl.invoke(NativeMethodAccessorImpl.java:62)
	at sun.reflect.DelegatingMethodAccessorImpl.invoke(DelegatingMethodAccessorImpl.java:43)
	at java.lang.reflect.Method.invoke(Method.java:498)
	at org.junit.runners.model.FrameworkMethod$1.runReflectiveCall(FrameworkMethod.java:47)
	at org.junit.internal.runners.model.ReflectiveCallable.run(ReflectiveCallable.java:12)
	at org.junit.runners.model.FrameworkMethod.invokeExplosively(FrameworkMethod.java:44)
	at org.junit.internal.runners.statements.InvokeMethod.evaluate(InvokeMethod.java:17)
	at org.junit.runners.ParentRunner.runLeaf(ParentRunner.java:271)
	at org.junit.runners.BlockJUnit4ClassRunner.runChild(BlockJUnit4ClassRunner.java:70)
	at org.junit.runners.BlockJUnit4ClassRunner.runChild(BlockJUnit4ClassRunner.java:50)
	at org.junit.runners.ParentRunner$3.run(ParentRunner.java:238)
	at org.junit.runners.ParentRunner$1.schedule(ParentRunner.java:63)
	at org.junit.runners.ParentRunner.runChildren(ParentRunner.java:236)
	at org.junit.runners.ParentRunner.access$000(ParentRunner.java:53)
	at org.junit.runners.ParentRunner$2.evaluate(ParentRunner.java:229)
	at org.junit.internal.runners.statements.RunBefores.evaluate(RunBefores.java:26)
	at org.junit.internal.runners.statements.RunAfters.evaluate(RunAfters.java:27)
	at org.junit.runners.ParentRunner.run(ParentRunner.java:309)
	at org.apache.maven.surefire.junit4.JUnit4Provider.execute(JUnit4Provider.java:365)
	at org.apache.maven.surefire.junit4.JUnit4Provider.executeWithRerun(JUnit4Provider.java:273)
	at org.apache.maven.surefire.junit4.JUnit4Provider.executeTestSet(JUnit4Provider.java:238)
	at org.apache.maven.surefire.junit4.JUnit4Provider.invoke(JUnit4Provider.java:159)
	at org.apache.maven.surefire.booter.ForkedBooter.invokeProviderInSameClassLoader(ForkedBooter.java:384)
	at org.apache.maven.surefire.booter.ForkedBooter.runSuitesInProcess(ForkedBooter.java:345)
	at org.apache.maven.surefire.booter.ForkedBooter.execute(ForkedBooter.java:126)
	at org.apache.maven.surefire.booter.ForkedBooter.main(ForkedBooter.java:418)
]]></failure>
    <system-out><![CDATA[2019-09-17 22:38:32,647 [grpc-default-executor-4] INFO  impl.RaftServerProxy (RaftServerProxy.java:remove(95)) - f4adb48a-7d7d-4db9-96e8-d2aa5901bd52: remove group-C311AD233868:null
2019-09-17 22:38:32,650 [RatisPipelineUtilsThread] WARN  pipeline.RatisPipelineUtils (RatisPipelineUtils.java:destroyPipeline(66)) - Pipeline destroy failed for pipeline=PipelineID=0b7a50c3-0882-4d89-8a66-c311ad233868 dn=f4adb48a-7d7d-4db9-96e8-d2aa5901bd52{ip: 192.168.5.156, host: pr-hdds-2121-pbfts-3191465506, networkLocation: /default-rack, certSerialId: null}
2019-09-17 22:38:32,652 [grpc-default-executor-4] INFO  impl.RaftServerProxy (RaftServerProxy.java:remove(95)) - bba25625-58dd-4c9e-929d-1a2e91bc3828: remove group-C311AD233868:null
2019-09-17 22:38:32,655 [RatisPipelineUtilsThread] WARN  pipeline.RatisPipelineUtils (RatisPipelineUtils.java:destroyPipeline(66)) - Pipeline destroy failed for pipeline=PipelineID=0b7a50c3-0882-4d89-8a66-c311ad233868 dn=bba25625-58dd-4c9e-929d-1a2e91bc3828{ip: 192.168.5.156, host: pr-hdds-2121-pbfts-3191465506, networkLocation: /default-rack, certSerialId: null}
2019-09-17 22:38:32,657 [grpc-default-executor-4] INFO  impl.RaftServerProxy (RaftServerProxy.java:remove(95)) - 41f4c1b5-d215-4831-aa76-48270f5e0061: remove group-C311AD233868:null
2019-09-17 22:38:32,659 [RatisPipelineUtilsThread] WARN  pipeline.RatisPipelineUtils (RatisPipelineUtils.java:destroyPipeline(66)) - Pipeline destroy failed for pipeline=PipelineID=0b7a50c3-0882-4d89-8a66-c311ad233868 dn=41f4c1b5-d215-4831-aa76-48270f5e0061{ip: 192.168.5.156, host: pr-hdds-2121-pbfts-3191465506, networkLocation: /default-rack, certSerialId: null}
2019-09-17 22:38:32,659 [RatisPipelineUtilsThread] ERROR pipeline.SCMPipelineManager (Scheduler.java:lambda$schedule$1(70)) - Destroy pipeline failed for pipeline:Pipeline[ Id: 0b7a50c3-0882-4d89-8a66-c311ad233868, Nodes: f4adb48a-7d7d-4db9-96e8-d2aa5901bd52{ip: 192.168.5.156, host: pr-hdds-2121-pbfts-3191465506, networkLocation: /default-rack, certSerialId: null}bba25625-58dd-4c9e-929d-1a2e91bc3828{ip: 192.168.5.156, host: pr-hdds-2121-pbfts-3191465506, networkLocation: /default-rack, certSerialId: null}41f4c1b5-d215-4831-aa76-48270f5e0061{ip: 192.168.5.156, host: pr-hdds-2121-pbfts-3191465506, networkLocation: /default-rack, certSerialId: null}, Type:RATIS, Factor:THREE, State:CLOSED]
org.apache.hadoop.hdds.scm.pipeline.PipelineNotFoundException: PipelineID=0b7a50c3-0882-4d89-8a66-c311ad233868 not found
	at org.apache.hadoop.hdds.scm.pipeline.PipelineStateMap.getPipeline(PipelineStateMap.java:132)
	at org.apache.hadoop.hdds.scm.pipeline.PipelineStateMap.removePipeline(PipelineStateMap.java:322)
	at org.apache.hadoop.hdds.scm.pipeline.PipelineStateManager.removePipeline(PipelineStateManager.java:107)
	at org.apache.hadoop.hdds.scm.pipeline.SCMPipelineManager.removePipeline(SCMPipelineManager.java:423)
	at org.apache.hadoop.hdds.scm.pipeline.SCMPipelineManager.destroyPipeline(SCMPipelineManager.java:409)
	at org.apache.hadoop.hdds.scm.pipeline.SCMPipelineManager.lambda$finalizeAndDestroyPipeline$0(SCMPipelineManager.java:318)
	at org.apache.hadoop.utils.Scheduler.lambda$schedule$1(Scheduler.java:68)
	at java.util.concurrent.Executors$RunnableAdapter.call(Executors.java:511)
	at java.util.concurrent.FutureTask.run(FutureTask.java:266)
	at java.util.concurrent.ScheduledThreadPoolExecutor$ScheduledFutureTask.access$201(ScheduledThreadPoolExecutor.java:180)
	at java.util.concurrent.ScheduledThreadPoolExecutor$ScheduledFutureTask.run(ScheduledThreadPoolExecutor.java:293)
	at java.util.concurrent.ThreadPoolExecutor.runWorker(ThreadPoolExecutor.java:1149)
	at java.util.concurrent.ThreadPoolExecutor$Worker.run(ThreadPoolExecutor.java:624)
	at java.lang.Thread.run(Thread.java:748)
2019-09-17 22:38:34,492 [java.util.concurrent.ThreadPoolExecutor$Worker@1fb783c8[State = -1, empty queue]] WARN  server.GrpcLogAppender (GrpcLogAppender.java:timeoutAppendRequest(200)) - 80bd91bd-ab17-414e-9fbc-bd509e19448d@group-D35E5DAA4B7D->3de10ab2-5aa8-4456-b48c-00692585ccec-GrpcLogAppender: appendEntries Timeout, request=80bd91bd-ab17-414e-9fbc-bd509e19448d->3de10ab2-5aa8-4456-b48c-00692585ccec#88-t1, previous=(t:1, i:14), leaderCommit=14, initializing? false, entries: size=1, first=(t:1, i:15), STATEMACHINELOGENTRY, client-20B9A50446D7, cid=143
2019-09-17 22:38:34,492 [java.util.concurrent.ThreadPoolExecutor$Worker@29da62d0[State = -1, empty queue]] WARN  server.GrpcLogAppender (GrpcLogAppender.java:timeoutAppendRequest(200)) - 80bd91bd-ab17-414e-9fbc-bd509e19448d@group-D35E5DAA4B7D->fc7af808-7c3b-4e7d-bcd4-16788f7c0c06-GrpcLogAppender: appendEntries Timeout, request=80bd91bd-ab17-414e-9fbc-bd509e19448d->fc7af808-7c3b-4e7d-bcd4-16788f7c0c06#88-t1, previous=(t:1, i:14), leaderCommit=14, initializing? false, entries: size=1, first=(t:1, i:15), STATEMACHINELOGENTRY, client-20B9A50446D7, cid=143
2019-09-17 22:38:34,493 [java.util.concurrent.ThreadPoolExecutor$Worker@1fb783c8[State = -1, empty queue]] WARN  server.GrpcLogAppender (GrpcLogAppender.java:timeoutAppendRequest(200)) - 80bd91bd-ab17-414e-9fbc-bd509e19448d@group-D35E5DAA4B7D->3de10ab2-5aa8-4456-b48c-00692585ccec-GrpcLogAppender: appendEntries Timeout, request=80bd91bd-ab17-414e-9fbc-bd509e19448d->3de10ab2-5aa8-4456-b48c-00692585ccec#89-t1, previous=(t:1, i:15), leaderCommit=14, initializing? false, entries: size=1, first=(t:1, i:16), STATEMACHINELOGENTRY, client-20B9A50446D7, cid=144
2019-09-17 22:38:34,493 [java.util.concurrent.ThreadPoolExecutor$Worker@29da62d0[State = -1, empty queue]] WARN  server.GrpcLogAppender (GrpcLogAppender.java:timeoutAppendRequest(200)) - 80bd91bd-ab17-414e-9fbc-bd509e19448d@group-D35E5DAA4B7D->fc7af808-7c3b-4e7d-bcd4-16788f7c0c06-GrpcLogAppender: appendEntries Timeout, request=80bd91bd-ab17-414e-9fbc-bd509e19448d->fc7af808-7c3b-4e7d-bcd4-16788f7c0c06#89-t1, previous=(t:1, i:15), leaderCommit=14, initializing? false, entries: size=1, first=(t:1, i:16), STATEMACHINELOGENTRY, client-20B9A50446D7, cid=144
2019-09-17 22:38:34,493 [java.util.concurrent.ThreadPoolExecutor$Worker@1fb783c8[State = -1, empty queue]] WARN  server.GrpcLogAppender (GrpcLogAppender.java:timeoutAppendRequest(200)) - 80bd91bd-ab17-414e-9fbc-bd509e19448d@group-D35E5DAA4B7D->3de10ab2-5aa8-4456-b48c-00692585ccec-GrpcLogAppender: appendEntries Timeout, request=80bd91bd-ab17-414e-9fbc-bd509e19448d->3de10ab2-5aa8-4456-b48c-00692585ccec#90-t1, previous=(t:1, i:16), leaderCommit=14, initializing? false, entries: size=1, first=(t:1, i:17), STATEMACHINELOGENTRY, client-20B9A50446D7, cid=145
2019-09-17 22:38:34,494 [java.util.concurrent.ThreadPoolExecutor$Worker@29da62d0[State = -1, empty queue]] WARN  server.GrpcLogAppender (GrpcLogAppender.java:timeoutAppendRequest(200)) - 80bd91bd-ab17-414e-9fbc-bd509e19448d@group-D35E5DAA4B7D->fc7af808-7c3b-4e7d-bcd4-16788f7c0c06-GrpcLogAppender: appendEntries Timeout, request=80bd91bd-ab17-414e-9fbc-bd509e19448d->fc7af808-7c3b-4e7d-bcd4-16788f7c0c06#90-t1, previous=(t:1, i:16), leaderCommit=14, initializing? false, entries: size=1, first=(t:1, i:17), STATEMACHINELOGENTRY, client-20B9A50446D7, cid=145
2019-09-17 22:38:34,495 [java.util.concurrent.ThreadPoolExecutor$Worker@29da62d0[State = -1, empty queue]] WARN  server.GrpcLogAppender (GrpcLogAppender.java:timeoutAppendRequest(200)) - 80bd91bd-ab17-414e-9fbc-bd509e19448d@group-D35E5DAA4B7D->fc7af808-7c3b-4e7d-bcd4-16788f7c0c06-GrpcLogAppender: appendEntries Timeout, request=80bd91bd-ab17-414e-9fbc-bd509e19448d->fc7af808-7c3b-4e7d-bcd4-16788f7c0c06#91-t1, previous=(t:1, i:17), leaderCommit=14, initializing? false, entries: size=1, first=(t:1, i:18), STATEMACHINELOGENTRY, client-20B9A50446D7, cid=146
2019-09-17 22:38:34,495 [java.util.concurrent.ThreadPoolExecutor$Worker@1fb783c8[State = -1, empty queue]] WARN  server.GrpcLogAppender (GrpcLogAppender.java:timeoutAppendRequest(200)) - 80bd91bd-ab17-414e-9fbc-bd509e19448d@group-D35E5DAA4B7D->3de10ab2-5aa8-4456-b48c-00692585ccec-GrpcLogAppender: appendEntries Timeout, request=80bd91bd-ab17-414e-9fbc-bd509e19448d->3de10ab2-5aa8-4456-b48c-00692585ccec#91-t1, previous=(t:1, i:17), leaderCommit=14, initializing? false, entries: size=1, first=(t:1, i:18), STATEMACHINELOGENTRY, client-20B9A50446D7, cid=146
2019-09-17 22:38:34,495 [java.util.concurrent.ThreadPoolExecutor$Worker@1fb783c8[State = -1, empty queue]] WARN  server.GrpcLogAppender (GrpcLogAppender.java:timeoutAppendRequest(200)) - 80bd91bd-ab17-414e-9fbc-bd509e19448d@group-D35E5DAA4B7D->3de10ab2-5aa8-4456-b48c-00692585ccec-GrpcLogAppender: appendEntries Timeout, request=80bd91bd-ab17-414e-9fbc-bd509e19448d->3de10ab2-5aa8-4456-b48c-00692585ccec#92-t1, previous=(t:1, i:18), leaderCommit=14, initializing? false, entries: size=1, first=(t:1, i:19), STATEMACHINELOGENTRY, client-20B9A50446D7, cid=147
2019-09-17 22:38:34,496 [java.util.concurrent.ThreadPoolExecutor$Worker@29da62d0[State = -1, empty queue]] WARN  server.GrpcLogAppender (GrpcLogAppender.java:timeoutAppendRequest(200)) - 80bd91bd-ab17-414e-9fbc-bd509e19448d@group-D35E5DAA4B7D->fc7af808-7c3b-4e7d-bcd4-16788f7c0c06-GrpcLogAppender: appendEntries Timeout, request=80bd91bd-ab17-414e-9fbc-bd509e19448d->fc7af808-7c3b-4e7d-bcd4-16788f7c0c06#92-t1, previous=(t:1, i:18), leaderCommit=14, initializing? false, entries: size=1, first=(t:1, i:19), STATEMACHINELOGENTRY, client-20B9A50446D7, cid=147
2019-09-17 22:38:34,496 [java.util.concurrent.ThreadPoolExecutor$Worker@29da62d0[State = -1, empty queue]] WARN  server.GrpcLogAppender (GrpcLogAppender.java:timeoutAppendRequest(200)) - 80bd91bd-ab17-414e-9fbc-bd509e19448d@group-D35E5DAA4B7D->fc7af808-7c3b-4e7d-bcd4-16788f7c0c06-GrpcLogAppender: appendEntries Timeout, request=80bd91bd-ab17-414e-9fbc-bd509e19448d->fc7af808-7c3b-4e7d-bcd4-16788f7c0c06#93-t1, previous=(t:1, i:19), leaderCommit=14, initializing? false, entries: size=1, first=(t:1, i:20), STATEMACHINELOGENTRY, client-20B9A50446D7, cid=148
2019-09-17 22:38:34,496 [java.util.concurrent.ThreadPoolExecutor$Worker@1fb783c8[State = -1, empty queue]] WARN  server.GrpcLogAppender (GrpcLogAppender.java:timeoutAppendRequest(200)) - 80bd91bd-ab17-414e-9fbc-bd509e19448d@group-D35E5DAA4B7D->3de10ab2-5aa8-4456-b48c-00692585ccec-GrpcLogAppender: appendEntries Timeout, request=80bd91bd-ab17-414e-9fbc-bd509e19448d->3de10ab2-5aa8-4456-b48c-00692585ccec#93-t1, previous=(t:1, i:19), leaderCommit=14, initializing? false, entries: size=1, first=(t:1, i:20), STATEMACHINELOGENTRY, client-20B9A50446D7, cid=148
2019-09-17 22:38:34,648 [grpc-default-executor-1] INFO  impl.RaftServerProxy (RaftServerProxy.java:remove(95)) - f4adb48a-7d7d-4db9-96e8-d2aa5901bd52: remove group-C311AD233868:null
2019-09-17 22:38:34,652 [RatisPipelineUtilsThread] WARN  pipeline.RatisPipelineUtils (RatisPipelineUtils.java:destroyPipeline(66)) - Pipeline destroy failed for pipeline=PipelineID=0b7a50c3-0882-4d89-8a66-c311ad233868 dn=f4adb48a-7d7d-4db9-96e8-d2aa5901bd52{ip: 192.168.5.156, host: pr-hdds-2121-pbfts-3191465506, networkLocation: /default-rack, certSerialId: null}
2019-09-17 22:38:34,655 [grpc-default-executor-1] INFO  impl.RaftServerProxy (RaftServerProxy.java:remove(95)) - bba25625-58dd-4c9e-929d-1a2e91bc3828: remove group-C311AD233868:null
2019-09-17 22:38:34,657 [RatisPipelineUtilsThread] WARN  pipeline.RatisPipelineUtils (RatisPipelineUtils.java:destroyPipeline(66)) - Pipeline destroy failed for pipeline=PipelineID=0b7a50c3-0882-4d89-8a66-c311ad233868 dn=bba25625-58dd-4c9e-929d-1a2e91bc3828{ip: 192.168.5.156, host: pr-hdds-2121-pbfts-3191465506, networkLocation: /default-rack, certSerialId: null}
2019-09-17 22:38:34,660 [grpc-default-executor-1] INFO  impl.RaftServerProxy (RaftServerProxy.java:remove(95)) - 41f4c1b5-d215-4831-aa76-48270f5e0061: remove group-C311AD233868:null
2019-09-17 22:38:34,663 [RatisPipelineUtilsThread] WARN  pipeline.RatisPipelineUtils (RatisPipelineUtils.java:destroyPipeline(66)) - Pipeline destroy failed for pipeline=PipelineID=0b7a50c3-0882-4d89-8a66-c311ad233868 dn=41f4c1b5-d215-4831-aa76-48270f5e0061{ip: 192.168.5.156, host: pr-hdds-2121-pbfts-3191465506, networkLocation: /default-rack, certSerialId: null}
2019-09-17 22:38:34,663 [RatisPipelineUtilsThread] ERROR pipeline.SCMPipelineManager (Scheduler.java:lambda$schedule$1(70)) - Destroy pipeline failed for pipeline:Pipeline[ Id: 0b7a50c3-0882-4d89-8a66-c311ad233868, Nodes: f4adb48a-7d7d-4db9-96e8-d2aa5901bd52{ip: 192.168.5.156, host: pr-hdds-2121-pbfts-3191465506, networkLocation: /default-rack, certSerialId: null}bba25625-58dd-4c9e-929d-1a2e91bc3828{ip: 192.168.5.156, host: pr-hdds-2121-pbfts-3191465506, networkLocation: /default-rack, certSerialId: null}41f4c1b5-d215-4831-aa76-48270f5e0061{ip: 192.168.5.156, host: pr-hdds-2121-pbfts-3191465506, networkLocation: /default-rack, certSerialId: null}, Type:RATIS, Factor:THREE, State:CLOSED]
org.apache.hadoop.hdds.scm.pipeline.PipelineNotFoundException: PipelineID=0b7a50c3-0882-4d89-8a66-c311ad233868 not found
	at org.apache.hadoop.hdds.scm.pipeline.PipelineStateMap.getPipeline(PipelineStateMap.java:132)
	at org.apache.hadoop.hdds.scm.pipeline.PipelineStateMap.removePipeline(PipelineStateMap.java:322)
	at org.apache.hadoop.hdds.scm.pipeline.PipelineStateManager.removePipeline(PipelineStateManager.java:107)
	at org.apache.hadoop.hdds.scm.pipeline.SCMPipelineManager.removePipeline(SCMPipelineManager.java:423)
	at org.apache.hadoop.hdds.scm.pipeline.SCMPipelineManager.destroyPipeline(SCMPipelineManager.java:409)
	at org.apache.hadoop.hdds.scm.pipeline.SCMPipelineManager.lambda$finalizeAndDestroyPipeline$0(SCMPipelineManager.java:318)
	at org.apache.hadoop.utils.Scheduler.lambda$schedule$1(Scheduler.java:68)
	at java.util.concurrent.Executors$RunnableAdapter.call(Executors.java:511)
	at java.util.concurrent.FutureTask.run(FutureTask.java:266)
	at java.util.concurrent.ScheduledThreadPoolExecutor$ScheduledFutureTask.access$201(ScheduledThreadPoolExecutor.java:180)
	at java.util.concurrent.ScheduledThreadPoolExecutor$ScheduledFutureTask.run(ScheduledThreadPoolExecutor.java:293)
	at java.util.concurrent.ThreadPoolExecutor.runWorker(ThreadPoolExecutor.java:1149)
	at java.util.concurrent.ThreadPoolExecutor$Worker.run(ThreadPoolExecutor.java:624)
	at java.lang.Thread.run(Thread.java:748)
2019-09-17 22:38:36,519 [grpc-default-executor-1] INFO  client.GrpcClientProtocolClient (GrpcClientProtocolClient.java:onNext(264)) - client-20B9A50446D7->fc7af808-7c3b-4e7d-bcd4-16788f7c0c06: receive RaftClientReply:client-20B9A50446D7->fc7af808-7c3b-4e7d-bcd4-16788f7c0c06@group-D35E5DAA4B7D, cid=143, FAILED org.apache.ratis.protocol.NotLeaderException: Server fc7af808-7c3b-4e7d-bcd4-16788f7c0c06@group-D35E5DAA4B7D is not the leader 80bd91bd-ab17-414e-9fbc-bd509e19448d:192.168.5.156:34851, logIndex=0, commits[fc7af808-7c3b-4e7d-bcd4-16788f7c0c06:c14, 3de10ab2-5aa8-4456-b48c-00692585ccec:c13, 80bd91bd-ab17-414e-9fbc-bd509e19448d:c14]
2019-09-17 22:38:36,997 [java.util.concurrent.ThreadPoolExecutor$Worker@1fb783c8[State = -1, empty queue]] WARN  server.GrpcLogAppender (GrpcLogAppender.java:timeoutAppendRequest(200)) - 80bd91bd-ab17-414e-9fbc-bd509e19448d@group-D35E5DAA4B7D->3de10ab2-5aa8-4456-b48c-00692585ccec-GrpcLogAppender: appendEntries Timeout, request=80bd91bd-ab17-414e-9fbc-bd509e19448d->3de10ab2-5aa8-4456-b48c-00692585ccec#94-t1, previous=(t:1, i:20), leaderCommit=14, initializing? false, entries: <empty>
2019-09-17 22:38:36,997 [java.util.concurrent.ThreadPoolExecutor$Worker@29da62d0[State = -1, empty queue]] WARN  server.GrpcLogAppender (GrpcLogAppender.java:timeoutAppendRequest(200)) - 80bd91bd-ab17-414e-9fbc-bd509e19448d@group-D35E5DAA4B7D->fc7af808-7c3b-4e7d-bcd4-16788f7c0c06-GrpcLogAppender: appendEntries Timeout, request=80bd91bd-ab17-414e-9fbc-bd509e19448d->fc7af808-7c3b-4e7d-bcd4-16788f7c0c06#94-t1, previous=(t:1, i:20), leaderCommit=14, initializing? false, entries: <empty>
2019-09-17 22:38:37,649 [grpc-default-executor-1] INFO  impl.RaftServerProxy (RaftServerProxy.java:remove(95)) - f4adb48a-7d7d-4db9-96e8-d2aa5901bd52: remove group-C311AD233868:null
2019-09-17 22:38:37,652 [RatisPipelineUtilsThread] WARN  pipeline.RatisPipelineUtils (RatisPipelineUtils.java:destroyPipeline(66)) - Pipeline destroy failed for pipeline=PipelineID=0b7a50c3-0882-4d89-8a66-c311ad233868 dn=f4adb48a-7d7d-4db9-96e8-d2aa5901bd52{ip: 192.168.5.156, host: pr-hdds-2121-pbfts-3191465506, networkLocation: /default-rack, certSerialId: null}
2019-09-17 22:38:37,655 [grpc-default-executor-1] INFO  impl.RaftServerProxy (RaftServerProxy.java:remove(95)) - bba25625-58dd-4c9e-929d-1a2e91bc3828: remove group-C311AD233868:null
2019-09-17 22:38:37,657 [RatisPipelineUtilsThread] WARN  pipeline.RatisPipelineUtils (RatisPipelineUtils.java:destroyPipeline(66)) - Pipeline destroy failed for pipeline=PipelineID=0b7a50c3-0882-4d89-8a66-c311ad233868 dn=bba25625-58dd-4c9e-929d-1a2e91bc3828{ip: 192.168.5.156, host: pr-hdds-2121-pbfts-3191465506, networkLocation: /default-rack, certSerialId: null}
2019-09-17 22:38:37,660 [grpc-default-executor-1] INFO  impl.RaftServerProxy (RaftServerProxy.java:remove(95)) - 41f4c1b5-d215-4831-aa76-48270f5e0061: remove group-C311AD233868:null
2019-09-17 22:38:37,662 [RatisPipelineUtilsThread] WARN  pipeline.RatisPipelineUtils (RatisPipelineUtils.java:destroyPipeline(66)) - Pipeline destroy failed for pipeline=PipelineID=0b7a50c3-0882-4d89-8a66-c311ad233868 dn=41f4c1b5-d215-4831-aa76-48270f5e0061{ip: 192.168.5.156, host: pr-hdds-2121-pbfts-3191465506, networkLocation: /default-rack, certSerialId: null}
2019-09-17 22:38:37,662 [RatisPipelineUtilsThread] ERROR pipeline.SCMPipelineManager (Scheduler.java:lambda$schedule$1(70)) - Destroy pipeline failed for pipeline:Pipeline[ Id: 0b7a50c3-0882-4d89-8a66-c311ad233868, Nodes: f4adb48a-7d7d-4db9-96e8-d2aa5901bd52{ip: 192.168.5.156, host: pr-hdds-2121-pbfts-3191465506, networkLocation: /default-rack, certSerialId: null}bba25625-58dd-4c9e-929d-1a2e91bc3828{ip: 192.168.5.156, host: pr-hdds-2121-pbfts-3191465506, networkLocation: /default-rack, certSerialId: null}41f4c1b5-d215-4831-aa76-48270f5e0061{ip: 192.168.5.156, host: pr-hdds-2121-pbfts-3191465506, networkLocation: /default-rack, certSerialId: null}, Type:RATIS, Factor:THREE, State:CLOSED]
org.apache.hadoop.hdds.scm.pipeline.PipelineNotFoundException: PipelineID=0b7a50c3-0882-4d89-8a66-c311ad233868 not found
	at org.apache.hadoop.hdds.scm.pipeline.PipelineStateMap.getPipeline(PipelineStateMap.java:132)
	at org.apache.hadoop.hdds.scm.pipeline.PipelineStateMap.removePipeline(PipelineStateMap.java:322)
	at org.apache.hadoop.hdds.scm.pipeline.PipelineStateManager.removePipeline(PipelineStateManager.java:107)
	at org.apache.hadoop.hdds.scm.pipeline.SCMPipelineManager.removePipeline(SCMPipelineManager.java:423)
	at org.apache.hadoop.hdds.scm.pipeline.SCMPipelineManager.destroyPipeline(SCMPipelineManager.java:409)
	at org.apache.hadoop.hdds.scm.pipeline.SCMPipelineManager.lambda$finalizeAndDestroyPipeline$0(SCMPipelineManager.java:318)
	at org.apache.hadoop.utils.Scheduler.lambda$schedule$1(Scheduler.java:68)
	at java.util.concurrent.Executors$RunnableAdapter.call(Executors.java:511)
	at java.util.concurrent.FutureTask.run(FutureTask.java:266)
	at java.util.concurrent.ScheduledThreadPoolExecutor$ScheduledFutureTask.access$201(ScheduledThreadPoolExecutor.java:180)
	at java.util.concurrent.ScheduledThreadPoolExecutor$ScheduledFutureTask.run(ScheduledThreadPoolExecutor.java:293)
	at java.util.concurrent.ThreadPoolExecutor.runWorker(ThreadPoolExecutor.java:1149)
	at java.util.concurrent.ThreadPoolExecutor$Worker.run(ThreadPoolExecutor.java:624)
	at java.lang.Thread.run(Thread.java:748)
2019-09-17 22:38:39,498 [java.util.concurrent.ThreadPoolExecutor$Worker@29da62d0[State = -1, empty queue]] WARN  server.GrpcLogAppender (GrpcLogAppender.java:timeoutAppendRequest(200)) - 80bd91bd-ab17-414e-9fbc-bd509e19448d@group-D35E5DAA4B7D->fc7af808-7c3b-4e7d-bcd4-16788f7c0c06-GrpcLogAppender: appendEntries Timeout, request=80bd91bd-ab17-414e-9fbc-bd509e19448d->fc7af808-7c3b-4e7d-bcd4-16788f7c0c06#95-t1, previous=(t:1, i:20), leaderCommit=14, initializing? false, entries: <empty>
2019-09-17 22:38:39,498 [java.util.concurrent.ThreadPoolExecutor$Worker@1fb783c8[State = -1, empty queue]] WARN  server.GrpcLogAppender (GrpcLogAppender.java:timeoutAppendRequest(200)) - 80bd91bd-ab17-414e-9fbc-bd509e19448d@group-D35E5DAA4B7D->3de10ab2-5aa8-4456-b48c-00692585ccec-GrpcLogAppender: appendEntries Timeout, request=80bd91bd-ab17-414e-9fbc-bd509e19448d->3de10ab2-5aa8-4456-b48c-00692585ccec#95-t1, previous=(t:1, i:20), leaderCommit=14, initializing? false, entries: <empty>
2019-09-17 22:38:39,654 [grpc-default-executor-1] INFO  impl.RaftServerProxy (RaftServerProxy.java:remove(95)) - f4adb48a-7d7d-4db9-96e8-d2aa5901bd52: remove group-C311AD233868:null
2019-09-17 22:38:39,657 [RatisPipelineUtilsThread] WARN  pipeline.RatisPipelineUtils (RatisPipelineUtils.java:destroyPipeline(66)) - Pipeline destroy failed for pipeline=PipelineID=0b7a50c3-0882-4d89-8a66-c311ad233868 dn=f4adb48a-7d7d-4db9-96e8-d2aa5901bd52{ip: 192.168.5.156, host: pr-hdds-2121-pbfts-3191465506, networkLocation: /default-rack, certSerialId: null}
2019-09-17 22:38:39,660 [grpc-default-executor-1] INFO  impl.RaftServerProxy (RaftServerProxy.java:remove(95)) - bba25625-58dd-4c9e-929d-1a2e91bc3828: remove group-C311AD233868:null
2019-09-17 22:38:39,661 [RatisPipelineUtilsThread] WARN  pipeline.RatisPipelineUtils (RatisPipelineUtils.java:destroyPipeline(66)) - Pipeline destroy failed for pipeline=PipelineID=0b7a50c3-0882-4d89-8a66-c311ad233868 dn=bba25625-58dd-4c9e-929d-1a2e91bc3828{ip: 192.168.5.156, host: pr-hdds-2121-pbfts-3191465506, networkLocation: /default-rack, certSerialId: null}
2019-09-17 22:38:39,664 [grpc-default-executor-1] INFO  impl.RaftServerProxy (RaftServerProxy.java:remove(95)) - 41f4c1b5-d215-4831-aa76-48270f5e0061: remove group-C311AD233868:null
2019-09-17 22:38:39,680 [RatisPipelineUtilsThread] WARN  pipeline.RatisPipelineUtils (RatisPipelineUtils.java:destroyPipeline(66)) - Pipeline destroy failed for pipeline=PipelineID=0b7a50c3-0882-4d89-8a66-c311ad233868 dn=41f4c1b5-d215-4831-aa76-48270f5e0061{ip: 192.168.5.156, host: pr-hdds-2121-pbfts-3191465506, networkLocation: /default-rack, certSerialId: null}
2019-09-17 22:38:39,681 [RatisPipelineUtilsThread] ERROR pipeline.SCMPipelineManager (Scheduler.java:lambda$schedule$1(70)) - Destroy pipeline failed for pipeline:Pipeline[ Id: 0b7a50c3-0882-4d89-8a66-c311ad233868, Nodes: f4adb48a-7d7d-4db9-96e8-d2aa5901bd52{ip: 192.168.5.156, host: pr-hdds-2121-pbfts-3191465506, networkLocation: /default-rack, certSerialId: null}bba25625-58dd-4c9e-929d-1a2e91bc3828{ip: 192.168.5.156, host: pr-hdds-2121-pbfts-3191465506, networkLocation: /default-rack, certSerialId: null}41f4c1b5-d215-4831-aa76-48270f5e0061{ip: 192.168.5.156, host: pr-hdds-2121-pbfts-3191465506, networkLocation: /default-rack, certSerialId: null}, Type:RATIS, Factor:THREE, State:CLOSED]
org.apache.hadoop.hdds.scm.pipeline.PipelineNotFoundException: PipelineID=0b7a50c3-0882-4d89-8a66-c311ad233868 not found
	at org.apache.hadoop.hdds.scm.pipeline.PipelineStateMap.getPipeline(PipelineStateMap.java:132)
	at org.apache.hadoop.hdds.scm.pipeline.PipelineStateMap.removePipeline(PipelineStateMap.java:322)
	at org.apache.hadoop.hdds.scm.pipeline.PipelineStateManager.removePipeline(PipelineStateManager.java:107)
	at org.apache.hadoop.hdds.scm.pipeline.SCMPipelineManager.removePipeline(SCMPipelineManager.java:423)
	at org.apache.hadoop.hdds.scm.pipeline.SCMPipelineManager.destroyPipeline(SCMPipelineManager.java:409)
	at org.apache.hadoop.hdds.scm.pipeline.SCMPipelineManager.lambda$finalizeAndDestroyPipeline$0(SCMPipelineManager.java:318)
	at org.apache.hadoop.utils.Scheduler.lambda$schedule$1(Scheduler.java:68)
	at java.util.concurrent.Executors$RunnableAdapter.call(Executors.java:511)
	at java.util.concurrent.FutureTask.run(FutureTask.java:266)
	at java.util.concurrent.ScheduledThreadPoolExecutor$ScheduledFutureTask.access$201(ScheduledThreadPoolExecutor.java:180)
	at java.util.concurrent.ScheduledThreadPoolExecutor$ScheduledFutureTask.run(ScheduledThreadPoolExecutor.java:293)
	at java.util.concurrent.ThreadPoolExecutor.runWorker(ThreadPoolExecutor.java:1149)
	at java.util.concurrent.ThreadPoolExecutor$Worker.run(ThreadPoolExecutor.java:624)
	at java.lang.Thread.run(Thread.java:748)
2019-09-17 22:38:41,493 [3de10ab2-5aa8-4456-b48c-00692585ccec@group-D35E5DAA4B7D-SegmentedRaftLogWorker] WARN  segmented.SegmentedRaftLogWorker (SegmentedRaftLogWorker.java:getFromFuture(90)) - Timeout 0/~
org.apache.ratis.protocol.TimeoutIOException: Timeout 10s: WriteLog:15: (t:1, i:15), STATEMACHINELOGENTRY, client-20B9A50446D7, cid=143-writeStateMachineData
	at org.apache.ratis.util.IOUtils.getFromFuture(IOUtils.java:87)
	at org.apache.ratis.server.raftlog.segmented.SegmentedRaftLogWorker$StateMachineDataPolicy.getFromFuture(SegmentedRaftLogWorker.java:87)
	at org.apache.ratis.server.raftlog.segmented.SegmentedRaftLogWorker$WriteLog.execute(SegmentedRaftLogWorker.java:477)
	at org.apache.ratis.server.raftlog.segmented.SegmentedRaftLogWorker.run(SegmentedRaftLogWorker.java:289)
	at java.lang.Thread.run(Thread.java:748)
Caused by: java.util.concurrent.TimeoutException
	at java.util.concurrent.CompletableFuture.timedGet(CompletableFuture.java:1771)
	at java.util.concurrent.CompletableFuture.get(CompletableFuture.java:1915)
	at org.apache.ratis.util.IOUtils.getFromFuture(IOUtils.java:79)
	... 4 more
2019-09-17 22:38:41,572 [grpc-default-executor-5] INFO  client.GrpcClientProtocolClient (GrpcClientProtocolClient.java:onNext(264)) - client-20B9A50446D7->fc7af808-7c3b-4e7d-bcd4-16788f7c0c06: receive RaftClientReply:client-20B9A50446D7->fc7af808-7c3b-4e7d-bcd4-16788f7c0c06@group-D35E5DAA4B7D, cid=143, FAILED org.apache.ratis.protocol.NotLeaderException: Server fc7af808-7c3b-4e7d-bcd4-16788f7c0c06@group-D35E5DAA4B7D is not the leader 80bd91bd-ab17-414e-9fbc-bd509e19448d:192.168.5.156:34851, logIndex=0, commits[fc7af808-7c3b-4e7d-bcd4-16788f7c0c06:c14, 3de10ab2-5aa8-4456-b48c-00692585ccec:c13, 80bd91bd-ab17-414e-9fbc-bd509e19448d:c14]
2019-09-17 22:38:41,692 [fc7af808-7c3b-4e7d-bcd4-16788f7c0c06@group-D35E5DAA4B7D-SegmentedRaftLogWorker] WARN  segmented.SegmentedRaftLogWorker (SegmentedRaftLogWorker.java:getFromFuture(90)) - Timeout 0/~
org.apache.ratis.protocol.TimeoutIOException: Timeout 10s: WriteLog:16: (t:1, i:16), STATEMACHINELOGENTRY, client-20B9A50446D7, cid=144-writeStateMachineData
	at org.apache.ratis.util.IOUtils.getFromFuture(IOUtils.java:87)
	at org.apache.ratis.server.raftlog.segmented.SegmentedRaftLogWorker$StateMachineDataPolicy.getFromFuture(SegmentedRaftLogWorker.java:87)
	at org.apache.ratis.server.raftlog.segmented.SegmentedRaftLogWorker$WriteLog.execute(SegmentedRaftLogWorker.java:477)
	at org.apache.ratis.server.raftlog.segmented.SegmentedRaftLogWorker.run(SegmentedRaftLogWorker.java:289)
	at java.lang.Thread.run(Thread.java:748)
Caused by: java.util.concurrent.TimeoutException
	at java.util.concurrent.CompletableFuture.timedGet(CompletableFuture.java:1771)
	at java.util.concurrent.CompletableFuture.get(CompletableFuture.java:1915)
	at org.apache.ratis.util.IOUtils.getFromFuture(IOUtils.java:79)
	... 4 more
2019-09-17 22:38:41,692 [80bd91bd-ab17-414e-9fbc-bd509e19448d@group-D35E5DAA4B7D-SegmentedRaftLogWorker] WARN  segmented.SegmentedRaftLogWorker (SegmentedRaftLogWorker.java:getFromFuture(90)) - Timeout 0/~
org.apache.ratis.protocol.TimeoutIOException: Timeout 10s: WriteLog:16: (t:1, i:16), STATEMACHINELOGENTRY, client-20B9A50446D7, cid=144-writeStateMachineData
	at org.apache.ratis.util.IOUtils.getFromFuture(IOUtils.java:87)
	at org.apache.ratis.server.raftlog.segmented.SegmentedRaftLogWorker$StateMachineDataPolicy.getFromFuture(SegmentedRaftLogWorker.java:87)
	at org.apache.ratis.server.raftlog.segmented.SegmentedRaftLogWorker$WriteLog.execute(SegmentedRaftLogWorker.java:477)
	at org.apache.ratis.server.raftlog.segmented.SegmentedRaftLogWorker.run(SegmentedRaftLogWorker.java:289)
	at java.lang.Thread.run(Thread.java:748)
Caused by: java.util.concurrent.TimeoutException
	at java.util.concurrent.CompletableFuture.timedGet(CompletableFuture.java:1771)
	at java.util.concurrent.CompletableFuture.get(CompletableFuture.java:1915)
	at org.apache.ratis.util.IOUtils.getFromFuture(IOUtils.java:79)
	... 4 more
2019-09-17 22:38:41,999 [java.util.concurrent.ThreadPoolExecutor$Worker@29da62d0[State = -1, empty queue]] WARN  server.GrpcLogAppender (GrpcLogAppender.java:timeoutAppendRequest(200)) - 80bd91bd-ab17-414e-9fbc-bd509e19448d@group-D35E5DAA4B7D->fc7af808-7c3b-4e7d-bcd4-16788f7c0c06-GrpcLogAppender: appendEntries Timeout, request=80bd91bd-ab17-414e-9fbc-bd509e19448d->fc7af808-7c3b-4e7d-bcd4-16788f7c0c06#96-t1, previous=(t:1, i:20), leaderCommit=14, initializing? false, entries: <empty>
2019-09-17 22:38:41,999 [java.util.concurrent.ThreadPoolExecutor$Worker@1fb783c8[State = -1, empty queue]] WARN  server.GrpcLogAppender (GrpcLogAppender.java:timeoutAppendRequest(200)) - 80bd91bd-ab17-414e-9fbc-bd509e19448d@group-D35E5DAA4B7D->3de10ab2-5aa8-4456-b48c-00692585ccec-GrpcLogAppender: appendEntries Timeout, request=80bd91bd-ab17-414e-9fbc-bd509e19448d->3de10ab2-5aa8-4456-b48c-00692585ccec#96-t1, previous=(t:1, i:20), leaderCommit=14, initializing? false, entries: <empty>
2019-09-17 22:38:42,655 [grpc-default-executor-4] INFO  impl.RaftServerProxy (RaftServerProxy.java:remove(95)) - f4adb48a-7d7d-4db9-96e8-d2aa5901bd52: remove group-C311AD233868:null
2019-09-17 22:38:42,660 [RatisPipelineUtilsThread] WARN  pipeline.RatisPipelineUtils (RatisPipelineUtils.java:destroyPipeline(66)) - Pipeline destroy failed for pipeline=PipelineID=0b7a50c3-0882-4d89-8a66-c311ad233868 dn=f4adb48a-7d7d-4db9-96e8-d2aa5901bd52{ip: 192.168.5.156, host: pr-hdds-2121-pbfts-3191465506, networkLocation: /default-rack, certSerialId: null}
2019-09-17 22:38:42,663 [grpc-default-executor-4] INFO  impl.RaftServerProxy (RaftServerProxy.java:remove(95)) - bba25625-58dd-4c9e-929d-1a2e91bc3828: remove group-C311AD233868:null
2019-09-17 22:38:42,665 [RatisPipelineUtilsThread] WARN  pipeline.RatisPipelineUtils (RatisPipelineUtils.java:destroyPipeline(66)) - Pipeline destroy failed for pipeline=PipelineID=0b7a50c3-0882-4d89-8a66-c311ad233868 dn=bba25625-58dd-4c9e-929d-1a2e91bc3828{ip: 192.168.5.156, host: pr-hdds-2121-pbfts-3191465506, networkLocation: /default-rack, certSerialId: null}
2019-09-17 22:38:42,668 [grpc-default-executor-4] INFO  impl.RaftServerProxy (RaftServerProxy.java:remove(95)) - 41f4c1b5-d215-4831-aa76-48270f5e0061: remove group-C311AD233868:null
2019-09-17 22:38:42,669 [RatisPipelineUtilsThread] WARN  pipeline.RatisPipelineUtils (RatisPipelineUtils.java:destroyPipeline(66)) - Pipeline destroy failed for pipeline=PipelineID=0b7a50c3-0882-4d89-8a66-c311ad233868 dn=41f4c1b5-d215-4831-aa76-48270f5e0061{ip: 192.168.5.156, host: pr-hdds-2121-pbfts-3191465506, networkLocation: /default-rack, certSerialId: null}
2019-09-17 22:38:42,670 [RatisPipelineUtilsThread] ERROR pipeline.SCMPipelineManager (Scheduler.java:lambda$schedule$1(70)) - Destroy pipeline failed for pipeline:Pipeline[ Id: 0b7a50c3-0882-4d89-8a66-c311ad233868, Nodes: f4adb48a-7d7d-4db9-96e8-d2aa5901bd52{ip: 192.168.5.156, host: pr-hdds-2121-pbfts-3191465506, networkLocation: /default-rack, certSerialId: null}bba25625-58dd-4c9e-929d-1a2e91bc3828{ip: 192.168.5.156, host: pr-hdds-2121-pbfts-3191465506, networkLocation: /default-rack, certSerialId: null}41f4c1b5-d215-4831-aa76-48270f5e0061{ip: 192.168.5.156, host: pr-hdds-2121-pbfts-3191465506, networkLocation: /default-rack, certSerialId: null}, Type:RATIS, Factor:THREE, State:CLOSED]
org.apache.hadoop.hdds.scm.pipeline.PipelineNotFoundException: PipelineID=0b7a50c3-0882-4d89-8a66-c311ad233868 not found
	at org.apache.hadoop.hdds.scm.pipeline.PipelineStateMap.getPipeline(PipelineStateMap.java:132)
	at org.apache.hadoop.hdds.scm.pipeline.PipelineStateMap.removePipeline(PipelineStateMap.java:322)
	at org.apache.hadoop.hdds.scm.pipeline.PipelineStateManager.removePipeline(PipelineStateManager.java:107)
	at org.apache.hadoop.hdds.scm.pipeline.SCMPipelineManager.removePipeline(SCMPipelineManager.java:423)
	at org.apache.hadoop.hdds.scm.pipeline.SCMPipelineManager.destroyPipeline(SCMPipelineManager.java:409)
	at org.apache.hadoop.hdds.scm.pipeline.SCMPipelineManager.lambda$finalizeAndDestroyPipeline$0(SCMPipelineManager.java:318)
	at org.apache.hadoop.utils.Scheduler.lambda$schedule$1(Scheduler.java:68)
	at java.util.concurrent.Executors$RunnableAdapter.call(Executors.java:511)
	at java.util.concurrent.FutureTask.run(FutureTask.java:266)
	at java.util.concurrent.ScheduledThreadPoolExecutor$ScheduledFutureTask.access$201(ScheduledThreadPoolExecutor.java:180)
	at java.util.concurrent.ScheduledThreadPoolExecutor$ScheduledFutureTask.run(ScheduledThreadPoolExecutor.java:293)
	at java.util.concurrent.ThreadPoolExecutor.runWorker(ThreadPoolExecutor.java:1149)
	at java.util.concurrent.ThreadPoolExecutor$Worker.run(ThreadPoolExecutor.java:624)
	at java.lang.Thread.run(Thread.java:748)
2019-09-17 22:38:44,500 [java.util.concurrent.ThreadPoolExecutor$Worker@1fb783c8[State = -1, empty queue]] WARN  server.GrpcLogAppender (GrpcLogAppender.java:timeoutAppendRequest(200)) - 80bd91bd-ab17-414e-9fbc-bd509e19448d@group-D35E5DAA4B7D->3de10ab2-5aa8-4456-b48c-00692585ccec-GrpcLogAppender: appendEntries Timeout, request=80bd91bd-ab17-414e-9fbc-bd509e19448d->3de10ab2-5aa8-4456-b48c-00692585ccec#97-t1, previous=(t:1, i:20), leaderCommit=14, initializing? false, entries: <empty>
2019-09-17 22:38:44,500 [java.util.concurrent.ThreadPoolExecutor$Worker@29da62d0[State = -1, empty queue]] WARN  server.GrpcLogAppender (GrpcLogAppender.java:timeoutAppendRequest(200)) - 80bd91bd-ab17-414e-9fbc-bd509e19448d@group-D35E5DAA4B7D->fc7af808-7c3b-4e7d-bcd4-16788f7c0c06-GrpcLogAppender: appendEntries Timeout, request=80bd91bd-ab17-414e-9fbc-bd509e19448d->fc7af808-7c3b-4e7d-bcd4-16788f7c0c06#97-t1, previous=(t:1, i:20), leaderCommit=14, initializing? false, entries: <empty>
2019-09-17 22:38:44,659 [grpc-default-executor-1] INFO  impl.RaftServerProxy (RaftServerProxy.java:remove(95)) - f4adb48a-7d7d-4db9-96e8-d2aa5901bd52: remove group-C311AD233868:null
2019-09-17 22:38:44,663 [RatisPipelineUtilsThread] WARN  pipeline.RatisPipelineUtils (RatisPipelineUtils.java:destroyPipeline(66)) - Pipeline destroy failed for pipeline=PipelineID=0b7a50c3-0882-4d89-8a66-c311ad233868 dn=f4adb48a-7d7d-4db9-96e8-d2aa5901bd52{ip: 192.168.5.156, host: pr-hdds-2121-pbfts-3191465506, networkLocation: /default-rack, certSerialId: null}
2019-09-17 22:38:44,666 [grpc-default-executor-1] INFO  impl.RaftServerProxy (RaftServerProxy.java:remove(95)) - bba25625-58dd-4c9e-929d-1a2e91bc3828: remove group-C311AD233868:null
2019-09-17 22:38:44,668 [RatisPipelineUtilsThread] WARN  pipeline.RatisPipelineUtils (RatisPipelineUtils.java:destroyPipeline(66)) - Pipeline destroy failed for pipeline=PipelineID=0b7a50c3-0882-4d89-8a66-c311ad233868 dn=bba25625-58dd-4c9e-929d-1a2e91bc3828{ip: 192.168.5.156, host: pr-hdds-2121-pbfts-3191465506, networkLocation: /default-rack, certSerialId: null}
2019-09-17 22:38:44,671 [grpc-default-executor-1] INFO  impl.RaftServerProxy (RaftServerProxy.java:remove(95)) - 41f4c1b5-d215-4831-aa76-48270f5e0061: remove group-C311AD233868:null
2019-09-17 22:38:44,674 [RatisPipelineUtilsThread] WARN  pipeline.RatisPipelineUtils (RatisPipelineUtils.java:destroyPipeline(66)) - Pipeline destroy failed for pipeline=PipelineID=0b7a50c3-0882-4d89-8a66-c311ad233868 dn=41f4c1b5-d215-4831-aa76-48270f5e0061{ip: 192.168.5.156, host: pr-hdds-2121-pbfts-3191465506, networkLocation: /default-rack, certSerialId: null}
2019-09-17 22:38:44,675 [RatisPipelineUtilsThread] ERROR pipeline.SCMPipelineManager (Scheduler.java:lambda$schedule$1(70)) - Destroy pipeline failed for pipeline:Pipeline[ Id: 0b7a50c3-0882-4d89-8a66-c311ad233868, Nodes: f4adb48a-7d7d-4db9-96e8-d2aa5901bd52{ip: 192.168.5.156, host: pr-hdds-2121-pbfts-3191465506, networkLocation: /default-rack, certSerialId: null}bba25625-58dd-4c9e-929d-1a2e91bc3828{ip: 192.168.5.156, host: pr-hdds-2121-pbfts-3191465506, networkLocation: /default-rack, certSerialId: null}41f4c1b5-d215-4831-aa76-48270f5e0061{ip: 192.168.5.156, host: pr-hdds-2121-pbfts-3191465506, networkLocation: /default-rack, certSerialId: null}, Type:RATIS, Factor:THREE, State:CLOSED]
org.apache.hadoop.hdds.scm.pipeline.PipelineNotFoundException: PipelineID=0b7a50c3-0882-4d89-8a66-c311ad233868 not found
	at org.apache.hadoop.hdds.scm.pipeline.PipelineStateMap.getPipeline(PipelineStateMap.java:132)
	at org.apache.hadoop.hdds.scm.pipeline.PipelineStateMap.removePipeline(PipelineStateMap.java:322)
	at org.apache.hadoop.hdds.scm.pipeline.PipelineStateManager.removePipeline(PipelineStateManager.java:107)
	at org.apache.hadoop.hdds.scm.pipeline.SCMPipelineManager.removePipeline(SCMPipelineManager.java:423)
	at org.apache.hadoop.hdds.scm.pipeline.SCMPipelineManager.destroyPipeline(SCMPipelineManager.java:409)
	at org.apache.hadoop.hdds.scm.pipeline.SCMPipelineManager.lambda$finalizeAndDestroyPipeline$0(SCMPipelineManager.java:318)
	at org.apache.hadoop.utils.Scheduler.lambda$schedule$1(Scheduler.java:68)
	at java.util.concurrent.Executors$RunnableAdapter.call(Executors.java:511)
	at java.util.concurrent.FutureTask.run(FutureTask.java:266)
	at java.util.concurrent.ScheduledThreadPoolExecutor$ScheduledFutureTask.access$201(ScheduledThreadPoolExecutor.java:180)
	at java.util.concurrent.ScheduledThreadPoolExecutor$ScheduledFutureTask.run(ScheduledThreadPoolExecutor.java:293)
	at java.util.concurrent.ThreadPoolExecutor.runWorker(ThreadPoolExecutor.java:1149)
	at java.util.concurrent.ThreadPoolExecutor$Worker.run(ThreadPoolExecutor.java:624)
	at java.lang.Thread.run(Thread.java:748)
2019-09-17 22:38:46,616 [grpc-default-executor-1] INFO  client.GrpcClientProtocolClient (GrpcClientProtocolClient.java:onNext(264)) - client-20B9A50446D7->3de10ab2-5aa8-4456-b48c-00692585ccec: receive RaftClientReply:client-20B9A50446D7->3de10ab2-5aa8-4456-b48c-00692585ccec@group-D35E5DAA4B7D, cid=143, FAILED org.apache.ratis.protocol.NotLeaderException: Server 3de10ab2-5aa8-4456-b48c-00692585ccec@group-D35E5DAA4B7D is not the leader 80bd91bd-ab17-414e-9fbc-bd509e19448d:192.168.5.156:34851, logIndex=0, commits[3de10ab2-5aa8-4456-b48c-00692585ccec:c14, fc7af808-7c3b-4e7d-bcd4-16788f7c0c06:c13, 80bd91bd-ab17-414e-9fbc-bd509e19448d:c14]
2019-09-17 22:38:47,001 [java.util.concurrent.ThreadPoolExecutor$Worker@1fb783c8[State = -1, empty queue]] WARN  server.GrpcLogAppender (GrpcLogAppender.java:timeoutAppendRequest(200)) - 80bd91bd-ab17-414e-9fbc-bd509e19448d@group-D35E5DAA4B7D->3de10ab2-5aa8-4456-b48c-00692585ccec-GrpcLogAppender: appendEntries Timeout, request=80bd91bd-ab17-414e-9fbc-bd509e19448d->3de10ab2-5aa8-4456-b48c-00692585ccec#98-t1, previous=(t:1, i:20), leaderCommit=14, initializing? false, entries: <empty>
2019-09-17 22:38:47,001 [java.util.concurrent.ThreadPoolExecutor$Worker@29da62d0[State = -1, empty queue]] WARN  server.GrpcLogAppender (GrpcLogAppender.java:timeoutAppendRequest(200)) - 80bd91bd-ab17-414e-9fbc-bd509e19448d@group-D35E5DAA4B7D->fc7af808-7c3b-4e7d-bcd4-16788f7c0c06-GrpcLogAppender: appendEntries Timeout, request=80bd91bd-ab17-414e-9fbc-bd509e19448d->fc7af808-7c3b-4e7d-bcd4-16788f7c0c06#98-t1, previous=(t:1, i:20), leaderCommit=14, initializing? false, entries: <empty>
2019-09-17 22:38:47,661 [grpc-default-executor-1] INFO  impl.RaftServerProxy (RaftServerProxy.java:remove(95)) - f4adb48a-7d7d-4db9-96e8-d2aa5901bd52: remove group-C311AD233868:null
2019-09-17 22:38:47,666 [RatisPipelineUtilsThread] WARN  pipeline.RatisPipelineUtils (RatisPipelineUtils.java:destroyPipeline(66)) - Pipeline destroy failed for pipeline=PipelineID=0b7a50c3-0882-4d89-8a66-c311ad233868 dn=f4adb48a-7d7d-4db9-96e8-d2aa5901bd52{ip: 192.168.5.156, host: pr-hdds-2121-pbfts-3191465506, networkLocation: /default-rack, certSerialId: null}
2019-09-17 22:38:47,669 [grpc-default-executor-1] INFO  impl.RaftServerProxy (RaftServerProxy.java:remove(95)) - bba25625-58dd-4c9e-929d-1a2e91bc3828: remove group-C311AD233868:null
2019-09-17 22:38:47,671 [RatisPipelineUtilsThread] WARN  pipeline.RatisPipelineUtils (RatisPipelineUtils.java:destroyPipeline(66)) - Pipeline destroy failed for pipeline=PipelineID=0b7a50c3-0882-4d89-8a66-c311ad233868 dn=bba25625-58dd-4c9e-929d-1a2e91bc3828{ip: 192.168.5.156, host: pr-hdds-2121-pbfts-3191465506, networkLocation: /default-rack, certSerialId: null}
2019-09-17 22:38:47,675 [grpc-default-executor-1] INFO  impl.RaftServerProxy (RaftServerProxy.java:remove(95)) - 41f4c1b5-d215-4831-aa76-48270f5e0061: remove group-C311AD233868:null
2019-09-17 22:38:47,676 [RatisPipelineUtilsThread] WARN  pipeline.RatisPipelineUtils (RatisPipelineUtils.java:destroyPipeline(66)) - Pipeline destroy failed for pipeline=PipelineID=0b7a50c3-0882-4d89-8a66-c311ad233868 dn=41f4c1b5-d215-4831-aa76-48270f5e0061{ip: 192.168.5.156, host: pr-hdds-2121-pbfts-3191465506, networkLocation: /default-rack, certSerialId: null}
2019-09-17 22:38:47,677 [RatisPipelineUtilsThread] ERROR pipeline.SCMPipelineManager (Scheduler.java:lambda$schedule$1(70)) - Destroy pipeline failed for pipeline:Pipeline[ Id: 0b7a50c3-0882-4d89-8a66-c311ad233868, Nodes: f4adb48a-7d7d-4db9-96e8-d2aa5901bd52{ip: 192.168.5.156, host: pr-hdds-2121-pbfts-3191465506, networkLocation: /default-rack, certSerialId: null}bba25625-58dd-4c9e-929d-1a2e91bc3828{ip: 192.168.5.156, host: pr-hdds-2121-pbfts-3191465506, networkLocation: /default-rack, certSerialId: null}41f4c1b5-d215-4831-aa76-48270f5e0061{ip: 192.168.5.156, host: pr-hdds-2121-pbfts-3191465506, networkLocation: /default-rack, certSerialId: null}, Type:RATIS, Factor:THREE, State:CLOSED]
org.apache.hadoop.hdds.scm.pipeline.PipelineNotFoundException: PipelineID=0b7a50c3-0882-4d89-8a66-c311ad233868 not found
	at org.apache.hadoop.hdds.scm.pipeline.PipelineStateMap.getPipeline(PipelineStateMap.java:132)
	at org.apache.hadoop.hdds.scm.pipeline.PipelineStateMap.removePipeline(PipelineStateMap.java:322)
	at org.apache.hadoop.hdds.scm.pipeline.PipelineStateManager.removePipeline(PipelineStateManager.java:107)
	at org.apache.hadoop.hdds.scm.pipeline.SCMPipelineManager.removePipeline(SCMPipelineManager.java:423)
	at org.apache.hadoop.hdds.scm.pipeline.SCMPipelineManager.destroyPipeline(SCMPipelineManager.java:409)
	at org.apache.hadoop.hdds.scm.pipeline.SCMPipelineManager.lambda$finalizeAndDestroyPipeline$0(SCMPipelineManager.java:318)
	at org.apache.hadoop.utils.Scheduler.lambda$schedule$1(Scheduler.java:68)
	at java.util.concurrent.Executors$RunnableAdapter.call(Executors.java:511)
	at java.util.concurrent.FutureTask.run(FutureTask.java:266)
	at java.util.concurrent.ScheduledThreadPoolExecutor$ScheduledFutureTask.access$201(ScheduledThreadPoolExecutor.java:180)
	at java.util.concurrent.ScheduledThreadPoolExecutor$ScheduledFutureTask.run(ScheduledThreadPoolExecutor.java:293)
	at java.util.concurrent.ThreadPoolExecutor.runWorker(ThreadPoolExecutor.java:1149)
	at java.util.concurrent.ThreadPoolExecutor$Worker.run(ThreadPoolExecutor.java:624)
	at java.lang.Thread.run(Thread.java:748)
2019-09-17 22:38:49,502 [java.util.concurrent.ThreadPoolExecutor$Worker@29da62d0[State = -1, empty queue]] WARN  server.GrpcLogAppender (GrpcLogAppender.java:timeoutAppendRequest(200)) - 80bd91bd-ab17-414e-9fbc-bd509e19448d@group-D35E5DAA4B7D->fc7af808-7c3b-4e7d-bcd4-16788f7c0c06-GrpcLogAppender: appendEntries Timeout, request=80bd91bd-ab17-414e-9fbc-bd509e19448d->fc7af808-7c3b-4e7d-bcd4-16788f7c0c06#99-t1, previous=(t:1, i:20), leaderCommit=14, initializing? false, entries: <empty>
2019-09-17 22:38:49,502 [java.util.concurrent.ThreadPoolExecutor$Worker@1fb783c8[State = -1, empty queue]] WARN  server.GrpcLogAppender (GrpcLogAppender.java:timeoutAppendRequest(200)) - 80bd91bd-ab17-414e-9fbc-bd509e19448d@group-D35E5DAA4B7D->3de10ab2-5aa8-4456-b48c-00692585ccec-GrpcLogAppender: appendEntries Timeout, request=80bd91bd-ab17-414e-9fbc-bd509e19448d->3de10ab2-5aa8-4456-b48c-00692585ccec#99-t1, previous=(t:1, i:20), leaderCommit=14, initializing? false, entries: <empty>
2019-09-17 22:38:49,658 [grpc-default-executor-1] INFO  impl.RaftServerProxy (RaftServerProxy.java:remove(95)) - f4adb48a-7d7d-4db9-96e8-d2aa5901bd52: remove group-C311AD233868:null
2019-09-17 22:38:49,662 [RatisPipelineUtilsThread] WARN  pipeline.RatisPipelineUtils (RatisPipelineUtils.java:destroyPipeline(66)) - Pipeline destroy failed for pipeline=PipelineID=0b7a50c3-0882-4d89-8a66-c311ad233868 dn=f4adb48a-7d7d-4db9-96e8-d2aa5901bd52{ip: 192.168.5.156, host: pr-hdds-2121-pbfts-3191465506, networkLocation: /default-rack, certSerialId: null}
2019-09-17 22:38:49,665 [grpc-default-executor-1] INFO  impl.RaftServerProxy (RaftServerProxy.java:remove(95)) - bba25625-58dd-4c9e-929d-1a2e91bc3828: remove group-C311AD233868:null
2019-09-17 22:38:49,682 [RatisPipelineUtilsThread] WARN  pipeline.RatisPipelineUtils (RatisPipelineUtils.java:destroyPipeline(66)) - Pipeline destroy failed for pipeline=PipelineID=0b7a50c3-0882-4d89-8a66-c311ad233868 dn=bba25625-58dd-4c9e-929d-1a2e91bc3828{ip: 192.168.5.156, host: pr-hdds-2121-pbfts-3191465506, networkLocation: /default-rack, certSerialId: null}
2019-09-17 22:38:49,685 [grpc-default-executor-1] INFO  impl.RaftServerProxy (RaftServerProxy.java:remove(95)) - 41f4c1b5-d215-4831-aa76-48270f5e0061: remove group-C311AD233868:null
2019-09-17 22:38:49,698 [RatisPipelineUtilsThread] WARN  pipeline.RatisPipelineUtils (RatisPipelineUtils.java:destroyPipeline(66)) - Pipeline destroy failed for pipeline=PipelineID=0b7a50c3-0882-4d89-8a66-c311ad233868 dn=41f4c1b5-d215-4831-aa76-48270f5e0061{ip: 192.168.5.156, host: pr-hdds-2121-pbfts-3191465506, networkLocation: /default-rack, certSerialId: null}
2019-09-17 22:38:49,698 [RatisPipelineUtilsThread] ERROR pipeline.SCMPipelineManager (Scheduler.java:lambda$schedule$1(70)) - Destroy pipeline failed for pipeline:Pipeline[ Id: 0b7a50c3-0882-4d89-8a66-c311ad233868, Nodes: f4adb48a-7d7d-4db9-96e8-d2aa5901bd52{ip: 192.168.5.156, host: pr-hdds-2121-pbfts-3191465506, networkLocation: /default-rack, certSerialId: null}bba25625-58dd-4c9e-929d-1a2e91bc3828{ip: 192.168.5.156, host: pr-hdds-2121-pbfts-3191465506, networkLocation: /default-rack, certSerialId: null}41f4c1b5-d215-4831-aa76-48270f5e0061{ip: 192.168.5.156, host: pr-hdds-2121-pbfts-3191465506, networkLocation: /default-rack, certSerialId: null}, Type:RATIS, Factor:THREE, State:CLOSED]
org.apache.hadoop.hdds.scm.pipeline.PipelineNotFoundException: PipelineID=0b7a50c3-0882-4d89-8a66-c311ad233868 not found
	at org.apache.hadoop.hdds.scm.pipeline.PipelineStateMap.getPipeline(PipelineStateMap.java:132)
	at org.apache.hadoop.hdds.scm.pipeline.PipelineStateMap.removePipeline(PipelineStateMap.java:322)
	at org.apache.hadoop.hdds.scm.pipeline.PipelineStateManager.removePipeline(PipelineStateManager.java:107)
	at org.apache.hadoop.hdds.scm.pipeline.SCMPipelineManager.removePipeline(SCMPipelineManager.java:423)
	at org.apache.hadoop.hdds.scm.pipeline.SCMPipelineManager.destroyPipeline(SCMPipelineManager.java:409)
	at org.apache.hadoop.hdds.scm.pipeline.SCMPipelineManager.lambda$finalizeAndDestroyPipeline$0(SCMPipelineManager.java:318)
	at org.apache.hadoop.utils.Scheduler.lambda$schedule$1(Scheduler.java:68)
	at java.util.concurrent.Executors$RunnableAdapter.call(Executors.java:511)
	at java.util.concurrent.FutureTask.run(FutureTask.java:266)
	at java.util.concurrent.ScheduledThreadPoolExecutor$ScheduledFutureTask.access$201(ScheduledThreadPoolExecutor.java:180)
	at java.util.concurrent.ScheduledThreadPoolExecutor$ScheduledFutureTask.run(ScheduledThreadPoolExecutor.java:293)
	at java.util.concurrent.ThreadPoolExecutor.runWorker(ThreadPoolExecutor.java:1149)
	at java.util.concurrent.ThreadPoolExecutor$Worker.run(ThreadPoolExecutor.java:624)
	at java.lang.Thread.run(Thread.java:748)
2019-09-17 22:38:51,494 [3de10ab2-5aa8-4456-b48c-00692585ccec@group-D35E5DAA4B7D-SegmentedRaftLogWorker] WARN  segmented.SegmentedRaftLogWorker (SegmentedRaftLogWorker.java:getFromFuture(90)) - Timeout 1/~
org.apache.ratis.protocol.TimeoutIOException: Timeout 10s: WriteLog:15: (t:1, i:15), STATEMACHINELOGENTRY, client-20B9A50446D7, cid=143-writeStateMachineData
	at org.apache.ratis.util.IOUtils.getFromFuture(IOUtils.java:87)
	at org.apache.ratis.server.raftlog.segmented.SegmentedRaftLogWorker$StateMachineDataPolicy.getFromFuture(SegmentedRaftLogWorker.java:87)
	at org.apache.ratis.server.raftlog.segmented.SegmentedRaftLogWorker$WriteLog.execute(SegmentedRaftLogWorker.java:477)
	at org.apache.ratis.server.raftlog.segmented.SegmentedRaftLogWorker.run(SegmentedRaftLogWorker.java:289)
	at java.lang.Thread.run(Thread.java:748)
Caused by: java.util.concurrent.TimeoutException
	at java.util.concurrent.CompletableFuture.timedGet(CompletableFuture.java:1771)
	at java.util.concurrent.CompletableFuture.get(CompletableFuture.java:1915)
	at org.apache.ratis.util.IOUtils.getFromFuture(IOUtils.java:79)
	... 4 more
2019-09-17 22:38:51,665 [grpc-default-executor-1] INFO  client.GrpcClientProtocolClient (GrpcClientProtocolClient.java:onNext(264)) - client-20B9A50446D7->3de10ab2-5aa8-4456-b48c-00692585ccec: receive RaftClientReply:client-20B9A50446D7->3de10ab2-5aa8-4456-b48c-00692585ccec@group-D35E5DAA4B7D, cid=143, FAILED org.apache.ratis.protocol.NotLeaderException: Server 3de10ab2-5aa8-4456-b48c-00692585ccec@group-D35E5DAA4B7D is not the leader 80bd91bd-ab17-414e-9fbc-bd509e19448d:192.168.5.156:34851, logIndex=0, commits[3de10ab2-5aa8-4456-b48c-00692585ccec:c14, fc7af808-7c3b-4e7d-bcd4-16788f7c0c06:c13, 80bd91bd-ab17-414e-9fbc-bd509e19448d:c14]
2019-09-17 22:38:51,692 [fc7af808-7c3b-4e7d-bcd4-16788f7c0c06@group-D35E5DAA4B7D-SegmentedRaftLogWorker] WARN  segmented.SegmentedRaftLogWorker (SegmentedRaftLogWorker.java:getFromFuture(90)) - Timeout 1/~
org.apache.ratis.protocol.TimeoutIOException: Timeout 10s: WriteLog:16: (t:1, i:16), STATEMACHINELOGENTRY, client-20B9A50446D7, cid=144-writeStateMachineData
	at org.apache.ratis.util.IOUtils.getFromFuture(IOUtils.java:87)
	at org.apache.ratis.server.raftlog.segmented.SegmentedRaftLogWorker$StateMachineDataPolicy.getFromFuture(SegmentedRaftLogWorker.java:87)
	at org.apache.ratis.server.raftlog.segmented.SegmentedRaftLogWorker$WriteLog.execute(SegmentedRaftLogWorker.java:477)
	at org.apache.ratis.server.raftlog.segmented.SegmentedRaftLogWorker.run(SegmentedRaftLogWorker.java:289)
	at java.lang.Thread.run(Thread.java:748)
Caused by: java.util.concurrent.TimeoutException
	at java.util.concurrent.CompletableFuture.timedGet(CompletableFuture.java:1771)
	at java.util.concurrent.CompletableFuture.get(CompletableFuture.java:1915)
	at org.apache.ratis.util.IOUtils.getFromFuture(IOUtils.java:79)
	... 4 more
2019-09-17 22:38:51,693 [80bd91bd-ab17-414e-9fbc-bd509e19448d@group-D35E5DAA4B7D-SegmentedRaftLogWorker] WARN  segmented.SegmentedRaftLogWorker (SegmentedRaftLogWorker.java:getFromFuture(90)) - Timeout 1/~
org.apache.ratis.protocol.TimeoutIOException: Timeout 10s: WriteLog:16: (t:1, i:16), STATEMACHINELOGENTRY, client-20B9A50446D7, cid=144-writeStateMachineData
	at org.apache.ratis.util.IOUtils.getFromFuture(IOUtils.java:87)
	at org.apache.ratis.server.raftlog.segmented.SegmentedRaftLogWorker$StateMachineDataPolicy.getFromFuture(SegmentedRaftLogWorker.java:87)
	at org.apache.ratis.server.raftlog.segmented.SegmentedRaftLogWorker$WriteLog.execute(SegmentedRaftLogWorker.java:477)
	at org.apache.ratis.server.raftlog.segmented.SegmentedRaftLogWorker.run(SegmentedRaftLogWorker.java:289)
	at java.lang.Thread.run(Thread.java:748)
Caused by: java.util.concurrent.TimeoutException
	at java.util.concurrent.CompletableFuture.timedGet(CompletableFuture.java:1771)
	at java.util.concurrent.CompletableFuture.get(CompletableFuture.java:1915)
	at org.apache.ratis.util.IOUtils.getFromFuture(IOUtils.java:79)
	... 4 more
2019-09-17 22:38:52,003 [java.util.concurrent.ThreadPoolExecutor$Worker@1fb783c8[State = -1, empty queue]] WARN  server.GrpcLogAppender (GrpcLogAppender.java:timeoutAppendRequest(200)) - 80bd91bd-ab17-414e-9fbc-bd509e19448d@group-D35E5DAA4B7D->3de10ab2-5aa8-4456-b48c-00692585ccec-GrpcLogAppender: appendEntries Timeout, request=80bd91bd-ab17-414e-9fbc-bd509e19448d->3de10ab2-5aa8-4456-b48c-00692585ccec#100-t1, previous=(t:1, i:20), leaderCommit=14, initializing? false, entries: <empty>
2019-09-17 22:38:52,003 [java.util.concurrent.ThreadPoolExecutor$Worker@29da62d0[State = -1, empty queue]] WARN  server.GrpcLogAppender (GrpcLogAppender.java:timeoutAppendRequest(200)) - 80bd91bd-ab17-414e-9fbc-bd509e19448d@group-D35E5DAA4B7D->fc7af808-7c3b-4e7d-bcd4-16788f7c0c06-GrpcLogAppender: appendEntries Timeout, request=80bd91bd-ab17-414e-9fbc-bd509e19448d->fc7af808-7c3b-4e7d-bcd4-16788f7c0c06#100-t1, previous=(t:1, i:20), leaderCommit=14, initializing? false, entries: <empty>
2019-09-17 22:38:52,656 [grpc-default-executor-1] INFO  impl.RaftServerProxy (RaftServerProxy.java:remove(95)) - f4adb48a-7d7d-4db9-96e8-d2aa5901bd52: remove group-C311AD233868:null
2019-09-17 22:38:52,660 [RatisPipelineUtilsThread] WARN  pipeline.RatisPipelineUtils (RatisPipelineUtils.java:destroyPipeline(66)) - Pipeline destroy failed for pipeline=PipelineID=0b7a50c3-0882-4d89-8a66-c311ad233868 dn=f4adb48a-7d7d-4db9-96e8-d2aa5901bd52{ip: 192.168.5.156, host: pr-hdds-2121-pbfts-3191465506, networkLocation: /default-rack, certSerialId: null}
2019-09-17 22:38:52,663 [grpc-default-executor-1] INFO  impl.RaftServerProxy (RaftServerProxy.java:remove(95)) - bba25625-58dd-4c9e-929d-1a2e91bc3828: remove group-C311AD233868:null
2019-09-17 22:38:52,665 [RatisPipelineUtilsThread] WARN  pipeline.RatisPipelineUtils (RatisPipelineUtils.java:destroyPipeline(66)) - Pipeline destroy failed for pipeline=PipelineID=0b7a50c3-0882-4d89-8a66-c311ad233868 dn=bba25625-58dd-4c9e-929d-1a2e91bc3828{ip: 192.168.5.156, host: pr-hdds-2121-pbfts-3191465506, networkLocation: /default-rack, certSerialId: null}
2019-09-17 22:38:52,668 [grpc-default-executor-1] INFO  impl.RaftServerProxy (RaftServerProxy.java:remove(95)) - 41f4c1b5-d215-4831-aa76-48270f5e0061: remove group-C311AD233868:null
2019-09-17 22:38:52,670 [RatisPipelineUtilsThread] WARN  pipeline.RatisPipelineUtils (RatisPipelineUtils.java:destroyPipeline(66)) - Pipeline destroy failed for pipeline=PipelineID=0b7a50c3-0882-4d89-8a66-c311ad233868 dn=41f4c1b5-d215-4831-aa76-48270f5e0061{ip: 192.168.5.156, host: pr-hdds-2121-pbfts-3191465506, networkLocation: /default-rack, certSerialId: null}
2019-09-17 22:38:52,671 [RatisPipelineUtilsThread] ERROR pipeline.SCMPipelineManager (Scheduler.java:lambda$schedule$1(70)) - Destroy pipeline failed for pipeline:Pipeline[ Id: 0b7a50c3-0882-4d89-8a66-c311ad233868, Nodes: f4adb48a-7d7d-4db9-96e8-d2aa5901bd52{ip: 192.168.5.156, host: pr-hdds-2121-pbfts-3191465506, networkLocation: /default-rack, certSerialId: null}bba25625-58dd-4c9e-929d-1a2e91bc3828{ip: 192.168.5.156, host: pr-hdds-2121-pbfts-3191465506, networkLocation: /default-rack, certSerialId: null}41f4c1b5-d215-4831-aa76-48270f5e0061{ip: 192.168.5.156, host: pr-hdds-2121-pbfts-3191465506, networkLocation: /default-rack, certSerialId: null}, Type:RATIS, Factor:THREE, State:CLOSED]
org.apache.hadoop.hdds.scm.pipeline.PipelineNotFoundException: PipelineID=0b7a50c3-0882-4d89-8a66-c311ad233868 not found
	at org.apache.hadoop.hdds.scm.pipeline.PipelineStateMap.getPipeline(PipelineStateMap.java:132)
	at org.apache.hadoop.hdds.scm.pipeline.PipelineStateMap.removePipeline(PipelineStateMap.java:322)
	at org.apache.hadoop.hdds.scm.pipeline.PipelineStateManager.removePipeline(PipelineStateManager.java:107)
	at org.apache.hadoop.hdds.scm.pipeline.SCMPipelineManager.removePipeline(SCMPipelineManager.java:423)
	at org.apache.hadoop.hdds.scm.pipeline.SCMPipelineManager.destroyPipeline(SCMPipelineManager.java:409)
	at org.apache.hadoop.hdds.scm.pipeline.SCMPipelineManager.lambda$finalizeAndDestroyPipeline$0(SCMPipelineManager.java:318)
	at org.apache.hadoop.utils.Scheduler.lambda$schedule$1(Scheduler.java:68)
	at java.util.concurrent.Executors$RunnableAdapter.call(Executors.java:511)
	at java.util.concurrent.FutureTask.run(FutureTask.java:266)
	at java.util.concurrent.ScheduledThreadPoolExecutor$ScheduledFutureTask.access$201(ScheduledThreadPoolExecutor.java:180)
	at java.util.concurrent.ScheduledThreadPoolExecutor$ScheduledFutureTask.run(ScheduledThreadPoolExecutor.java:293)
	at java.util.concurrent.ThreadPoolExecutor.runWorker(ThreadPoolExecutor.java:1149)
	at java.util.concurrent.ThreadPoolExecutor$Worker.run(ThreadPoolExecutor.java:624)
	at java.lang.Thread.run(Thread.java:748)
2019-09-17 22:38:54,504 [java.util.concurrent.ThreadPoolExecutor$Worker@1fb783c8[State = -1, empty queue]] WARN  server.GrpcLogAppender (GrpcLogAppender.java:timeoutAppendRequest(200)) - 80bd91bd-ab17-414e-9fbc-bd509e19448d@group-D35E5DAA4B7D->3de10ab2-5aa8-4456-b48c-00692585ccec-GrpcLogAppender: appendEntries Timeout, request=80bd91bd-ab17-414e-9fbc-bd509e19448d->3de10ab2-5aa8-4456-b48c-00692585ccec#101-t1, previous=(t:1, i:20), leaderCommit=14, initializing? false, entries: <empty>
2019-09-17 22:38:54,504 [java.util.concurrent.ThreadPoolExecutor$Worker@29da62d0[State = -1, empty queue]] WARN  server.GrpcLogAppender (GrpcLogAppender.java:timeoutAppendRequest(200)) - 80bd91bd-ab17-414e-9fbc-bd509e19448d@group-D35E5DAA4B7D->fc7af808-7c3b-4e7d-bcd4-16788f7c0c06-GrpcLogAppender: appendEntries Timeout, request=80bd91bd-ab17-414e-9fbc-bd509e19448d->fc7af808-7c3b-4e7d-bcd4-16788f7c0c06#101-t1, previous=(t:1, i:20), leaderCommit=14, initializing? false, entries: <empty>
2019-09-17 22:38:54,655 [grpc-default-executor-4] INFO  impl.RaftServerProxy (RaftServerProxy.java:remove(95)) - f4adb48a-7d7d-4db9-96e8-d2aa5901bd52: remove group-C311AD233868:null
2019-09-17 22:38:54,662 [RatisPipelineUtilsThread] WARN  pipeline.RatisPipelineUtils (RatisPipelineUtils.java:destroyPipeline(66)) - Pipeline destroy failed for pipeline=PipelineID=0b7a50c3-0882-4d89-8a66-c311ad233868 dn=f4adb48a-7d7d-4db9-96e8-d2aa5901bd52{ip: 192.168.5.156, host: pr-hdds-2121-pbfts-3191465506, networkLocation: /default-rack, certSerialId: null}
2019-09-17 22:38:54,666 [grpc-default-executor-4] INFO  impl.RaftServerProxy (RaftServerProxy.java:remove(95)) - bba25625-58dd-4c9e-929d-1a2e91bc3828: remove group-C311AD233868:null
2019-09-17 22:38:54,669 [RatisPipelineUtilsThread] WARN  pipeline.RatisPipelineUtils (RatisPipelineUtils.java:destroyPipeline(66)) - Pipeline destroy failed for pipeline=PipelineID=0b7a50c3-0882-4d89-8a66-c311ad233868 dn=bba25625-58dd-4c9e-929d-1a2e91bc3828{ip: 192.168.5.156, host: pr-hdds-2121-pbfts-3191465506, networkLocation: /default-rack, certSerialId: null}
2019-09-17 22:38:54,673 [grpc-default-executor-4] INFO  impl.RaftServerProxy (RaftServerProxy.java:remove(95)) - 41f4c1b5-d215-4831-aa76-48270f5e0061: remove group-C311AD233868:null
2019-09-17 22:38:54,677 [RatisPipelineUtilsThread] WARN  pipeline.RatisPipelineUtils (RatisPipelineUtils.java:destroyPipeline(66)) - Pipeline destroy failed for pipeline=PipelineID=0b7a50c3-0882-4d89-8a66-c311ad233868 dn=41f4c1b5-d215-4831-aa76-48270f5e0061{ip: 192.168.5.156, host: pr-hdds-2121-pbfts-3191465506, networkLocation: /default-rack, certSerialId: null}
2019-09-17 22:38:54,678 [RatisPipelineUtilsThread] ERROR pipeline.SCMPipelineManager (Scheduler.java:lambda$schedule$1(70)) - Destroy pipeline failed for pipeline:Pipeline[ Id: 0b7a50c3-0882-4d89-8a66-c311ad233868, Nodes: f4adb48a-7d7d-4db9-96e8-d2aa5901bd52{ip: 192.168.5.156, host: pr-hdds-2121-pbfts-3191465506, networkLocation: /default-rack, certSerialId: null}bba25625-58dd-4c9e-929d-1a2e91bc3828{ip: 192.168.5.156, host: pr-hdds-2121-pbfts-3191465506, networkLocation: /default-rack, certSerialId: null}41f4c1b5-d215-4831-aa76-48270f5e0061{ip: 192.168.5.156, host: pr-hdds-2121-pbfts-3191465506, networkLocation: /default-rack, certSerialId: null}, Type:RATIS, Factor:THREE, State:CLOSED]
org.apache.hadoop.hdds.scm.pipeline.PipelineNotFoundException: PipelineID=0b7a50c3-0882-4d89-8a66-c311ad233868 not found
	at org.apache.hadoop.hdds.scm.pipeline.PipelineStateMap.getPipeline(PipelineStateMap.java:132)
	at org.apache.hadoop.hdds.scm.pipeline.PipelineStateMap.removePipeline(PipelineStateMap.java:322)
	at org.apache.hadoop.hdds.scm.pipeline.PipelineStateManager.removePipeline(PipelineStateManager.java:107)
	at org.apache.hadoop.hdds.scm.pipeline.SCMPipelineManager.removePipeline(SCMPipelineManager.java:423)
	at org.apache.hadoop.hdds.scm.pipeline.SCMPipelineManager.destroyPipeline(SCMPipelineManager.java:409)
	at org.apache.hadoop.hdds.scm.pipeline.SCMPipelineManager.lambda$finalizeAndDestroyPipeline$0(SCMPipelineManager.java:318)
	at org.apache.hadoop.utils.Scheduler.lambda$schedule$1(Scheduler.java:68)
	at java.util.concurrent.Executors$RunnableAdapter.call(Executors.java:511)
	at java.util.concurrent.FutureTask.run(FutureTask.java:266)
	at java.util.concurrent.ScheduledThreadPoolExecutor$ScheduledFutureTask.access$201(ScheduledThreadPoolExecutor.java:180)
	at java.util.concurrent.ScheduledThreadPoolExecutor$ScheduledFutureTask.run(ScheduledThreadPoolExecutor.java:293)
	at java.util.concurrent.ThreadPoolExecutor.runWorker(ThreadPoolExecutor.java:1149)
	at java.util.concurrent.ThreadPoolExecutor$Worker.run(ThreadPoolExecutor.java:624)
	at java.lang.Thread.run(Thread.java:748)
2019-09-17 22:38:56,715 [grpc-default-executor-1] INFO  client.GrpcClientProtocolClient (GrpcClientProtocolClient.java:onNext(264)) - client-20B9A50446D7->3de10ab2-5aa8-4456-b48c-00692585ccec: receive RaftClientReply:client-20B9A50446D7->3de10ab2-5aa8-4456-b48c-00692585ccec@group-D35E5DAA4B7D, cid=143, FAILED org.apache.ratis.protocol.NotLeaderException: Server 3de10ab2-5aa8-4456-b48c-00692585ccec@group-D35E5DAA4B7D is not the leader 80bd91bd-ab17-414e-9fbc-bd509e19448d:192.168.5.156:34851, logIndex=0, commits[3de10ab2-5aa8-4456-b48c-00692585ccec:c14, fc7af808-7c3b-4e7d-bcd4-16788f7c0c06:c13, 80bd91bd-ab17-414e-9fbc-bd509e19448d:c14]
2019-09-17 22:38:57,005 [java.util.concurrent.ThreadPoolExecutor$Worker@1fb783c8[State = -1, empty queue]] WARN  server.GrpcLogAppender (GrpcLogAppender.java:timeoutAppendRequest(200)) - 80bd91bd-ab17-414e-9fbc-bd509e19448d@group-D35E5DAA4B7D->3de10ab2-5aa8-4456-b48c-00692585ccec-GrpcLogAppender: appendEntries Timeout, request=80bd91bd-ab17-414e-9fbc-bd509e19448d->3de10ab2-5aa8-4456-b48c-00692585ccec#102-t1, previous=(t:1, i:20), leaderCommit=14, initializing? false, entries: <empty>
2019-09-17 22:38:57,005 [java.util.concurrent.ThreadPoolExecutor$Worker@29da62d0[State = -1, empty queue]] WARN  server.GrpcLogAppender (GrpcLogAppender.java:timeoutAppendRequest(200)) - 80bd91bd-ab17-414e-9fbc-bd509e19448d@group-D35E5DAA4B7D->fc7af808-7c3b-4e7d-bcd4-16788f7c0c06-GrpcLogAppender: appendEntries Timeout, request=80bd91bd-ab17-414e-9fbc-bd509e19448d->fc7af808-7c3b-4e7d-bcd4-16788f7c0c06#102-t1, previous=(t:1, i:20), leaderCommit=14, initializing? false, entries: <empty>
2019-09-17 22:38:57,660 [grpc-default-executor-1] INFO  impl.RaftServerProxy (RaftServerProxy.java:remove(95)) - f4adb48a-7d7d-4db9-96e8-d2aa5901bd52: remove group-C311AD233868:null
2019-09-17 22:38:57,664 [RatisPipelineUtilsThread] WARN  pipeline.RatisPipelineUtils (RatisPipelineUtils.java:destroyPipeline(66)) - Pipeline destroy failed for pipeline=PipelineID=0b7a50c3-0882-4d89-8a66-c311ad233868 dn=f4adb48a-7d7d-4db9-96e8-d2aa5901bd52{ip: 192.168.5.156, host: pr-hdds-2121-pbfts-3191465506, networkLocation: /default-rack, certSerialId: null}
2019-09-17 22:38:57,668 [grpc-default-executor-1] INFO  impl.RaftServerProxy (RaftServerProxy.java:remove(95)) - bba25625-58dd-4c9e-929d-1a2e91bc3828: remove group-C311AD233868:null
2019-09-17 22:38:57,670 [RatisPipelineUtilsThread] WARN  pipeline.RatisPipelineUtils (RatisPipelineUtils.java:destroyPipeline(66)) - Pipeline destroy failed for pipeline=PipelineID=0b7a50c3-0882-4d89-8a66-c311ad233868 dn=bba25625-58dd-4c9e-929d-1a2e91bc3828{ip: 192.168.5.156, host: pr-hdds-2121-pbfts-3191465506, networkLocation: /default-rack, certSerialId: null}
2019-09-17 22:38:57,673 [grpc-default-executor-1] INFO  impl.RaftServerProxy (RaftServerProxy.java:remove(95)) - 41f4c1b5-d215-4831-aa76-48270f5e0061: remove group-C311AD233868:null
2019-09-17 22:38:57,675 [RatisPipelineUtilsThread] WARN  pipeline.RatisPipelineUtils (RatisPipelineUtils.java:destroyPipeline(66)) - Pipeline destroy failed for pipeline=PipelineID=0b7a50c3-0882-4d89-8a66-c311ad233868 dn=41f4c1b5-d215-4831-aa76-48270f5e0061{ip: 192.168.5.156, host: pr-hdds-2121-pbfts-3191465506, networkLocation: /default-rack, certSerialId: null}
2019-09-17 22:38:57,676 [RatisPipelineUtilsThread] ERROR pipeline.SCMPipelineManager (Scheduler.java:lambda$schedule$1(70)) - Destroy pipeline failed for pipeline:Pipeline[ Id: 0b7a50c3-0882-4d89-8a66-c311ad233868, Nodes: f4adb48a-7d7d-4db9-96e8-d2aa5901bd52{ip: 192.168.5.156, host: pr-hdds-2121-pbfts-3191465506, networkLocation: /default-rack, certSerialId: null}bba25625-58dd-4c9e-929d-1a2e91bc3828{ip: 192.168.5.156, host: pr-hdds-2121-pbfts-3191465506, networkLocation: /default-rack, certSerialId: null}41f4c1b5-d215-4831-aa76-48270f5e0061{ip: 192.168.5.156, host: pr-hdds-2121-pbfts-3191465506, networkLocation: /default-rack, certSerialId: null}, Type:RATIS, Factor:THREE, State:CLOSED]
org.apache.hadoop.hdds.scm.pipeline.PipelineNotFoundException: PipelineID=0b7a50c3-0882-4d89-8a66-c311ad233868 not found
	at org.apache.hadoop.hdds.scm.pipeline.PipelineStateMap.getPipeline(PipelineStateMap.java:132)
	at org.apache.hadoop.hdds.scm.pipeline.PipelineStateMap.removePipeline(PipelineStateMap.java:322)
	at org.apache.hadoop.hdds.scm.pipeline.PipelineStateManager.removePipeline(PipelineStateManager.java:107)
	at org.apache.hadoop.hdds.scm.pipeline.SCMPipelineManager.removePipeline(SCMPipelineManager.java:423)
	at org.apache.hadoop.hdds.scm.pipeline.SCMPipelineManager.destroyPipeline(SCMPipelineManager.java:409)
	at org.apache.hadoop.hdds.scm.pipeline.SCMPipelineManager.lambda$finalizeAndDestroyPipeline$0(SCMPipelineManager.java:318)
	at org.apache.hadoop.utils.Scheduler.lambda$schedule$1(Scheduler.java:68)
	at java.util.concurrent.Executors$RunnableAdapter.call(Executors.java:511)
	at java.util.concurrent.FutureTask.run(FutureTask.java:266)
	at java.util.concurrent.ScheduledThreadPoolExecutor$ScheduledFutureTask.access$201(ScheduledThreadPoolExecutor.java:180)
	at java.util.concurrent.ScheduledThreadPoolExecutor$ScheduledFutureTask.run(ScheduledThreadPoolExecutor.java:293)
	at java.util.concurrent.ThreadPoolExecutor.runWorker(ThreadPoolExecutor.java:1149)
	at java.util.concurrent.ThreadPoolExecutor$Worker.run(ThreadPoolExecutor.java:624)
	at java.lang.Thread.run(Thread.java:748)
2019-09-17 22:38:59,506 [java.util.concurrent.ThreadPoolExecutor$Worker@29da62d0[State = -1, empty queue]] WARN  server.GrpcLogAppender (GrpcLogAppender.java:timeoutAppendRequest(200)) - 80bd91bd-ab17-414e-9fbc-bd509e19448d@group-D35E5DAA4B7D->fc7af808-7c3b-4e7d-bcd4-16788f7c0c06-GrpcLogAppender: appendEntries Timeout, request=80bd91bd-ab17-414e-9fbc-bd509e19448d->fc7af808-7c3b-4e7d-bcd4-16788f7c0c06#103-t1, previous=(t:1, i:20), leaderCommit=14, initializing? false, entries: <empty>
2019-09-17 22:38:59,506 [java.util.concurrent.ThreadPoolExecutor$Worker@1fb783c8[State = -1, empty queue]] WARN  server.GrpcLogAppender (GrpcLogAppender.java:timeoutAppendRequest(200)) - 80bd91bd-ab17-414e-9fbc-bd509e19448d@group-D35E5DAA4B7D->3de10ab2-5aa8-4456-b48c-00692585ccec-GrpcLogAppender: appendEntries Timeout, request=80bd91bd-ab17-414e-9fbc-bd509e19448d->3de10ab2-5aa8-4456-b48c-00692585ccec#103-t1, previous=(t:1, i:20), leaderCommit=14, initializing? false, entries: <empty>
2019-09-17 22:38:59,654 [grpc-default-executor-1] INFO  impl.RaftServerProxy (RaftServerProxy.java:remove(95)) - f4adb48a-7d7d-4db9-96e8-d2aa5901bd52: remove group-C311AD233868:null
2019-09-17 22:38:59,658 [RatisPipelineUtilsThread] WARN  pipeline.RatisPipelineUtils (RatisPipelineUtils.java:destroyPipeline(66)) - Pipeline destroy failed for pipeline=PipelineID=0b7a50c3-0882-4d89-8a66-c311ad233868 dn=f4adb48a-7d7d-4db9-96e8-d2aa5901bd52{ip: 192.168.5.156, host: pr-hdds-2121-pbfts-3191465506, networkLocation: /default-rack, certSerialId: null}
2019-09-17 22:38:59,661 [grpc-default-executor-1] INFO  impl.RaftServerProxy (RaftServerProxy.java:remove(95)) - bba25625-58dd-4c9e-929d-1a2e91bc3828: remove group-C311AD233868:null
2019-09-17 22:38:59,664 [RatisPipelineUtilsThread] WARN  pipeline.RatisPipelineUtils (RatisPipelineUtils.java:destroyPipeline(66)) - Pipeline destroy failed for pipeline=PipelineID=0b7a50c3-0882-4d89-8a66-c311ad233868 dn=bba25625-58dd-4c9e-929d-1a2e91bc3828{ip: 192.168.5.156, host: pr-hdds-2121-pbfts-3191465506, networkLocation: /default-rack, certSerialId: null}
2019-09-17 22:38:59,667 [grpc-default-executor-1] INFO  impl.RaftServerProxy (RaftServerProxy.java:remove(95)) - 41f4c1b5-d215-4831-aa76-48270f5e0061: remove group-C311AD233868:null
2019-09-17 22:38:59,676 [RatisPipelineUtilsThread] WARN  pipeline.RatisPipelineUtils (RatisPipelineUtils.java:destroyPipeline(66)) - Pipeline destroy failed for pipeline=PipelineID=0b7a50c3-0882-4d89-8a66-c311ad233868 dn=41f4c1b5-d215-4831-aa76-48270f5e0061{ip: 192.168.5.156, host: pr-hdds-2121-pbfts-3191465506, networkLocation: /default-rack, certSerialId: null}
2019-09-17 22:38:59,677 [RatisPipelineUtilsThread] ERROR pipeline.SCMPipelineManager (Scheduler.java:lambda$schedule$1(70)) - Destroy pipeline failed for pipeline:Pipeline[ Id: 0b7a50c3-0882-4d89-8a66-c311ad233868, Nodes: f4adb48a-7d7d-4db9-96e8-d2aa5901bd52{ip: 192.168.5.156, host: pr-hdds-2121-pbfts-3191465506, networkLocation: /default-rack, certSerialId: null}bba25625-58dd-4c9e-929d-1a2e91bc3828{ip: 192.168.5.156, host: pr-hdds-2121-pbfts-3191465506, networkLocation: /default-rack, certSerialId: null}41f4c1b5-d215-4831-aa76-48270f5e0061{ip: 192.168.5.156, host: pr-hdds-2121-pbfts-3191465506, networkLocation: /default-rack, certSerialId: null}, Type:RATIS, Factor:THREE, State:CLOSED]
org.apache.hadoop.hdds.scm.pipeline.PipelineNotFoundException: PipelineID=0b7a50c3-0882-4d89-8a66-c311ad233868 not found
	at org.apache.hadoop.hdds.scm.pipeline.PipelineStateMap.getPipeline(PipelineStateMap.java:132)
	at org.apache.hadoop.hdds.scm.pipeline.PipelineStateMap.removePipeline(PipelineStateMap.java:322)
	at org.apache.hadoop.hdds.scm.pipeline.PipelineStateManager.removePipeline(PipelineStateManager.java:107)
	at org.apache.hadoop.hdds.scm.pipeline.SCMPipelineManager.removePipeline(SCMPipelineManager.java:423)
	at org.apache.hadoop.hdds.scm.pipeline.SCMPipelineManager.destroyPipeline(SCMPipelineManager.java:409)
	at org.apache.hadoop.hdds.scm.pipeline.SCMPipelineManager.lambda$finalizeAndDestroyPipeline$0(SCMPipelineManager.java:318)
	at org.apache.hadoop.utils.Scheduler.lambda$schedule$1(Scheduler.java:68)
	at java.util.concurrent.Executors$RunnableAdapter.call(Executors.java:511)
	at java.util.concurrent.FutureTask.run(FutureTask.java:266)
	at java.util.concurrent.ScheduledThreadPoolExecutor$ScheduledFutureTask.access$201(ScheduledThreadPoolExecutor.java:180)
	at java.util.concurrent.ScheduledThreadPoolExecutor$ScheduledFutureTask.run(ScheduledThreadPoolExecutor.java:293)
	at java.util.concurrent.ThreadPoolExecutor.runWorker(ThreadPoolExecutor.java:1149)
	at java.util.concurrent.ThreadPoolExecutor$Worker.run(ThreadPoolExecutor.java:624)
	at java.lang.Thread.run(Thread.java:748)
2019-09-17 22:39:01,497 [3de10ab2-5aa8-4456-b48c-00692585ccec@group-D35E5DAA4B7D-SegmentedRaftLogWorker] WARN  segmented.SegmentedRaftLogWorker (SegmentedRaftLogWorker.java:getFromFuture(90)) - Timeout 2/~
org.apache.ratis.protocol.TimeoutIOException: Timeout 10s: WriteLog:15: (t:1, i:15), STATEMACHINELOGENTRY, client-20B9A50446D7, cid=143-writeStateMachineData
	at org.apache.ratis.util.IOUtils.getFromFuture(IOUtils.java:87)
	at org.apache.ratis.server.raftlog.segmented.SegmentedRaftLogWorker$StateMachineDataPolicy.getFromFuture(SegmentedRaftLogWorker.java:87)
	at org.apache.ratis.server.raftlog.segmented.SegmentedRaftLogWorker$WriteLog.execute(SegmentedRaftLogWorker.java:477)
	at org.apache.ratis.server.raftlog.segmented.SegmentedRaftLogWorker.run(SegmentedRaftLogWorker.java:289)
	at java.lang.Thread.run(Thread.java:748)
Caused by: java.util.concurrent.TimeoutException
	at java.util.concurrent.CompletableFuture.timedGet(CompletableFuture.java:1771)
	at java.util.concurrent.CompletableFuture.get(CompletableFuture.java:1915)
	at org.apache.ratis.util.IOUtils.getFromFuture(IOUtils.java:79)
	... 4 more
2019-09-17 22:39:01,693 [fc7af808-7c3b-4e7d-bcd4-16788f7c0c06@group-D35E5DAA4B7D-SegmentedRaftLogWorker] WARN  segmented.SegmentedRaftLogWorker (SegmentedRaftLogWorker.java:getFromFuture(90)) - Timeout 2/~
org.apache.ratis.protocol.TimeoutIOException: Timeout 10s: WriteLog:16: (t:1, i:16), STATEMACHINELOGENTRY, client-20B9A50446D7, cid=144-writeStateMachineData
	at org.apache.ratis.util.IOUtils.getFromFuture(IOUtils.java:87)
	at org.apache.ratis.server.raftlog.segmented.SegmentedRaftLogWorker$StateMachineDataPolicy.getFromFuture(SegmentedRaftLogWorker.java:87)
	at org.apache.ratis.server.raftlog.segmented.SegmentedRaftLogWorker$WriteLog.execute(SegmentedRaftLogWorker.java:477)
	at org.apache.ratis.server.raftlog.segmented.SegmentedRaftLogWorker.run(SegmentedRaftLogWorker.java:289)
	at java.lang.Thread.run(Thread.java:748)
Caused by: java.util.concurrent.TimeoutException
	at java.util.concurrent.CompletableFuture.timedGet(CompletableFuture.java:1771)
	at java.util.concurrent.CompletableFuture.get(CompletableFuture.java:1915)
	at org.apache.ratis.util.IOUtils.getFromFuture(IOUtils.java:79)
	... 4 more
2019-09-17 22:39:01,694 [80bd91bd-ab17-414e-9fbc-bd509e19448d@group-D35E5DAA4B7D-SegmentedRaftLogWorker] WARN  segmented.SegmentedRaftLogWorker (SegmentedRaftLogWorker.java:getFromFuture(90)) - Timeout 2/~
org.apache.ratis.protocol.TimeoutIOException: Timeout 10s: WriteLog:16: (t:1, i:16), STATEMACHINELOGENTRY, client-20B9A50446D7, cid=144-writeStateMachineData
	at org.apache.ratis.util.IOUtils.getFromFuture(IOUtils.java:87)
	at org.apache.ratis.server.raftlog.segmented.SegmentedRaftLogWorker$StateMachineDataPolicy.getFromFuture(SegmentedRaftLogWorker.java:87)
	at org.apache.ratis.server.raftlog.segmented.SegmentedRaftLogWorker$WriteLog.execute(SegmentedRaftLogWorker.java:477)
	at org.apache.ratis.server.raftlog.segmented.SegmentedRaftLogWorker.run(SegmentedRaftLogWorker.java:289)
	at java.lang.Thread.run(Thread.java:748)
Caused by: java.util.concurrent.TimeoutException
	at java.util.concurrent.CompletableFuture.timedGet(CompletableFuture.java:1771)
	at java.util.concurrent.CompletableFuture.get(CompletableFuture.java:1915)
	at org.apache.ratis.util.IOUtils.getFromFuture(IOUtils.java:79)
	... 4 more
2019-09-17 22:39:01,780 [grpc-default-executor-1] INFO  client.GrpcClientProtocolClient (GrpcClientProtocolClient.java:onNext(264)) - client-20B9A50446D7->3de10ab2-5aa8-4456-b48c-00692585ccec: receive RaftClientReply:client-20B9A50446D7->3de10ab2-5aa8-4456-b48c-00692585ccec@group-D35E5DAA4B7D, cid=143, FAILED org.apache.ratis.protocol.NotLeaderException: Server 3de10ab2-5aa8-4456-b48c-00692585ccec@group-D35E5DAA4B7D is not the leader 80bd91bd-ab17-414e-9fbc-bd509e19448d:192.168.5.156:34851, logIndex=0, commits[3de10ab2-5aa8-4456-b48c-00692585ccec:c14, fc7af808-7c3b-4e7d-bcd4-16788f7c0c06:c13, 80bd91bd-ab17-414e-9fbc-bd509e19448d:c14]
2019-09-17 22:39:02,007 [java.util.concurrent.ThreadPoolExecutor$Worker@29da62d0[State = -1, empty queue]] WARN  server.GrpcLogAppender (GrpcLogAppender.java:timeoutAppendRequest(200)) - 80bd91bd-ab17-414e-9fbc-bd509e19448d@group-D35E5DAA4B7D->fc7af808-7c3b-4e7d-bcd4-16788f7c0c06-GrpcLogAppender: appendEntries Timeout, request=80bd91bd-ab17-414e-9fbc-bd509e19448d->fc7af808-7c3b-4e7d-bcd4-16788f7c0c06#104-t1, previous=(t:1, i:20), leaderCommit=14, initializing? false, entries: <empty>
2019-09-17 22:39:02,007 [java.util.concurrent.ThreadPoolExecutor$Worker@1fb783c8[State = -1, empty queue]] WARN  server.GrpcLogAppender (GrpcLogAppender.java:timeoutAppendRequest(200)) - 80bd91bd-ab17-414e-9fbc-bd509e19448d@group-D35E5DAA4B7D->3de10ab2-5aa8-4456-b48c-00692585ccec-GrpcLogAppender: appendEntries Timeout, request=80bd91bd-ab17-414e-9fbc-bd509e19448d->3de10ab2-5aa8-4456-b48c-00692585ccec#104-t1, previous=(t:1, i:20), leaderCommit=14, initializing? false, entries: <empty>
2019-09-17 22:39:02,655 [grpc-default-executor-4] INFO  impl.RaftServerProxy (RaftServerProxy.java:remove(95)) - f4adb48a-7d7d-4db9-96e8-d2aa5901bd52: remove group-C311AD233868:null
2019-09-17 22:39:02,658 [RatisPipelineUtilsThread] WARN  pipeline.RatisPipelineUtils (RatisPipelineUtils.java:destroyPipeline(66)) - Pipeline destroy failed for pipeline=PipelineID=0b7a50c3-0882-4d89-8a66-c311ad233868 dn=f4adb48a-7d7d-4db9-96e8-d2aa5901bd52{ip: 192.168.5.156, host: pr-hdds-2121-pbfts-3191465506, networkLocation: /default-rack, certSerialId: null}
2019-09-17 22:39:02,661 [grpc-default-executor-4] INFO  impl.RaftServerProxy (RaftServerProxy.java:remove(95)) - bba25625-58dd-4c9e-929d-1a2e91bc3828: remove group-C311AD233868:null
2019-09-17 22:39:02,663 [RatisPipelineUtilsThread] WARN  pipeline.RatisPipelineUtils (RatisPipelineUtils.java:destroyPipeline(66)) - Pipeline destroy failed for pipeline=PipelineID=0b7a50c3-0882-4d89-8a66-c311ad233868 dn=bba25625-58dd-4c9e-929d-1a2e91bc3828{ip: 192.168.5.156, host: pr-hdds-2121-pbfts-3191465506, networkLocation: /default-rack, certSerialId: null}
2019-09-17 22:39:02,665 [grpc-default-executor-4] INFO  impl.RaftServerProxy (RaftServerProxy.java:remove(95)) - 41f4c1b5-d215-4831-aa76-48270f5e0061: remove group-C311AD233868:null
2019-09-17 22:39:02,667 [RatisPipelineUtilsThread] WARN  pipeline.RatisPipelineUtils (RatisPipelineUtils.java:destroyPipeline(66)) - Pipeline destroy failed for pipeline=PipelineID=0b7a50c3-0882-4d89-8a66-c311ad233868 dn=41f4c1b5-d215-4831-aa76-48270f5e0061{ip: 192.168.5.156, host: pr-hdds-2121-pbfts-3191465506, networkLocation: /default-rack, certSerialId: null}
2019-09-17 22:39:02,668 [RatisPipelineUtilsThread] ERROR pipeline.SCMPipelineManager (Scheduler.java:lambda$schedule$1(70)) - Destroy pipeline failed for pipeline:Pipeline[ Id: 0b7a50c3-0882-4d89-8a66-c311ad233868, Nodes: f4adb48a-7d7d-4db9-96e8-d2aa5901bd52{ip: 192.168.5.156, host: pr-hdds-2121-pbfts-3191465506, networkLocation: /default-rack, certSerialId: null}bba25625-58dd-4c9e-929d-1a2e91bc3828{ip: 192.168.5.156, host: pr-hdds-2121-pbfts-3191465506, networkLocation: /default-rack, certSerialId: null}41f4c1b5-d215-4831-aa76-48270f5e0061{ip: 192.168.5.156, host: pr-hdds-2121-pbfts-3191465506, networkLocation: /default-rack, certSerialId: null}, Type:RATIS, Factor:THREE, State:CLOSED]
org.apache.hadoop.hdds.scm.pipeline.PipelineNotFoundException: PipelineID=0b7a50c3-0882-4d89-8a66-c311ad233868 not found
	at org.apache.hadoop.hdds.scm.pipeline.PipelineStateMap.getPipeline(PipelineStateMap.java:132)
	at org.apache.hadoop.hdds.scm.pipeline.PipelineStateMap.removePipeline(PipelineStateMap.java:322)
	at org.apache.hadoop.hdds.scm.pipeline.PipelineStateManager.removePipeline(PipelineStateManager.java:107)
	at org.apache.hadoop.hdds.scm.pipeline.SCMPipelineManager.removePipeline(SCMPipelineManager.java:423)
	at org.apache.hadoop.hdds.scm.pipeline.SCMPipelineManager.destroyPipeline(SCMPipelineManager.java:409)
	at org.apache.hadoop.hdds.scm.pipeline.SCMPipelineManager.lambda$finalizeAndDestroyPipeline$0(SCMPipelineManager.java:318)
	at org.apache.hadoop.utils.Scheduler.lambda$schedule$1(Scheduler.java:68)
	at java.util.concurrent.Executors$RunnableAdapter.call(Executors.java:511)
	at java.util.concurrent.FutureTask.run(FutureTask.java:266)
	at java.util.concurrent.ScheduledThreadPoolExecutor$ScheduledFutureTask.access$201(ScheduledThreadPoolExecutor.java:180)
	at java.util.concurrent.ScheduledThreadPoolExecutor$ScheduledFutureTask.run(ScheduledThreadPoolExecutor.java:293)
	at java.util.concurrent.ThreadPoolExecutor.runWorker(ThreadPoolExecutor.java:1149)
	at java.util.concurrent.ThreadPoolExecutor$Worker.run(ThreadPoolExecutor.java:624)
	at java.lang.Thread.run(Thread.java:748)
2019-09-17 22:39:04,508 [java.util.concurrent.ThreadPoolExecutor$Worker@29da62d0[State = -1, empty queue]] WARN  server.GrpcLogAppender (GrpcLogAppender.java:timeoutAppendRequest(200)) - 80bd91bd-ab17-414e-9fbc-bd509e19448d@group-D35E5DAA4B7D->fc7af808-7c3b-4e7d-bcd4-16788f7c0c06-GrpcLogAppender: appendEntries Timeout, request=80bd91bd-ab17-414e-9fbc-bd509e19448d->fc7af808-7c3b-4e7d-bcd4-16788f7c0c06#105-t1, previous=(t:1, i:20), leaderCommit=14, initializing? false, entries: <empty>
2019-09-17 22:39:04,508 [java.util.concurrent.ThreadPoolExecutor$Worker@1fb783c8[State = -1, empty queue]] WARN  server.GrpcLogAppender (GrpcLogAppender.java:timeoutAppendRequest(200)) - 80bd91bd-ab17-414e-9fbc-bd509e19448d@group-D35E5DAA4B7D->3de10ab2-5aa8-4456-b48c-00692585ccec-GrpcLogAppender: appendEntries Timeout, request=80bd91bd-ab17-414e-9fbc-bd509e19448d->3de10ab2-5aa8-4456-b48c-00692585ccec#105-t1, previous=(t:1, i:20), leaderCommit=14, initializing? false, entries: <empty>
2019-09-17 22:39:04,658 [grpc-default-executor-1] INFO  impl.RaftServerProxy (RaftServerProxy.java:remove(95)) - f4adb48a-7d7d-4db9-96e8-d2aa5901bd52: remove group-C311AD233868:null
2019-09-17 22:39:04,663 [RatisPipelineUtilsThread] WARN  pipeline.RatisPipelineUtils (RatisPipelineUtils.java:destroyPipeline(66)) - Pipeline destroy failed for pipeline=PipelineID=0b7a50c3-0882-4d89-8a66-c311ad233868 dn=f4adb48a-7d7d-4db9-96e8-d2aa5901bd52{ip: 192.168.5.156, host: pr-hdds-2121-pbfts-3191465506, networkLocation: /default-rack, certSerialId: null}
2019-09-17 22:39:04,665 [grpc-default-executor-1] INFO  impl.RaftServerProxy (RaftServerProxy.java:remove(95)) - bba25625-58dd-4c9e-929d-1a2e91bc3828: remove group-C311AD233868:null
2019-09-17 22:39:04,668 [RatisPipelineUtilsThread] WARN  pipeline.RatisPipelineUtils (RatisPipelineUtils.java:destroyPipeline(66)) - Pipeline destroy failed for pipeline=PipelineID=0b7a50c3-0882-4d89-8a66-c311ad233868 dn=bba25625-58dd-4c9e-929d-1a2e91bc3828{ip: 192.168.5.156, host: pr-hdds-2121-pbfts-3191465506, networkLocation: /default-rack, certSerialId: null}
2019-09-17 22:39:04,670 [grpc-default-executor-1] INFO  impl.RaftServerProxy (RaftServerProxy.java:remove(95)) - 41f4c1b5-d215-4831-aa76-48270f5e0061: remove group-C311AD233868:null
2019-09-17 22:39:04,672 [RatisPipelineUtilsThread] WARN  pipeline.RatisPipelineUtils (RatisPipelineUtils.java:destroyPipeline(66)) - Pipeline destroy failed for pipeline=PipelineID=0b7a50c3-0882-4d89-8a66-c311ad233868 dn=41f4c1b5-d215-4831-aa76-48270f5e0061{ip: 192.168.5.156, host: pr-hdds-2121-pbfts-3191465506, networkLocation: /default-rack, certSerialId: null}
2019-09-17 22:39:04,673 [RatisPipelineUtilsThread] ERROR pipeline.SCMPipelineManager (Scheduler.java:lambda$schedule$1(70)) - Destroy pipeline failed for pipeline:Pipeline[ Id: 0b7a50c3-0882-4d89-8a66-c311ad233868, Nodes: f4adb48a-7d7d-4db9-96e8-d2aa5901bd52{ip: 192.168.5.156, host: pr-hdds-2121-pbfts-3191465506, networkLocation: /default-rack, certSerialId: null}bba25625-58dd-4c9e-929d-1a2e91bc3828{ip: 192.168.5.156, host: pr-hdds-2121-pbfts-3191465506, networkLocation: /default-rack, certSerialId: null}41f4c1b5-d215-4831-aa76-48270f5e0061{ip: 192.168.5.156, host: pr-hdds-2121-pbfts-3191465506, networkLocation: /default-rack, certSerialId: null}, Type:RATIS, Factor:THREE, State:CLOSED]
org.apache.hadoop.hdds.scm.pipeline.PipelineNotFoundException: PipelineID=0b7a50c3-0882-4d89-8a66-c311ad233868 not found
	at org.apache.hadoop.hdds.scm.pipeline.PipelineStateMap.getPipeline(PipelineStateMap.java:132)
	at org.apache.hadoop.hdds.scm.pipeline.PipelineStateMap.removePipeline(PipelineStateMap.java:322)
	at org.apache.hadoop.hdds.scm.pipeline.PipelineStateManager.removePipeline(PipelineStateManager.java:107)
	at org.apache.hadoop.hdds.scm.pipeline.SCMPipelineManager.removePipeline(SCMPipelineManager.java:423)
	at org.apache.hadoop.hdds.scm.pipeline.SCMPipelineManager.destroyPipeline(SCMPipelineManager.java:409)
	at org.apache.hadoop.hdds.scm.pipeline.SCMPipelineManager.lambda$finalizeAndDestroyPipeline$0(SCMPipelineManager.java:318)
	at org.apache.hadoop.utils.Scheduler.lambda$schedule$1(Scheduler.java:68)
	at java.util.concurrent.Executors$RunnableAdapter.call(Executors.java:511)
	at java.util.concurrent.FutureTask.run(FutureTask.java:266)
	at java.util.concurrent.ScheduledThreadPoolExecutor$ScheduledFutureTask.access$201(ScheduledThreadPoolExecutor.java:180)
	at java.util.concurrent.ScheduledThreadPoolExecutor$ScheduledFutureTask.run(ScheduledThreadPoolExecutor.java:293)
	at java.util.concurrent.ThreadPoolExecutor.runWorker(ThreadPoolExecutor.java:1149)
	at java.util.concurrent.ThreadPoolExecutor$Worker.run(ThreadPoolExecutor.java:624)
	at java.lang.Thread.run(Thread.java:748)
2019-09-17 22:39:06,836 [grpc-default-executor-1] INFO  client.GrpcClientProtocolClient (GrpcClientProtocolClient.java:onNext(264)) - client-20B9A50446D7->fc7af808-7c3b-4e7d-bcd4-16788f7c0c06: receive RaftClientReply:client-20B9A50446D7->fc7af808-7c3b-4e7d-bcd4-16788f7c0c06@group-D35E5DAA4B7D, cid=143, FAILED org.apache.ratis.protocol.NotLeaderException: Server fc7af808-7c3b-4e7d-bcd4-16788f7c0c06@group-D35E5DAA4B7D is not the leader 80bd91bd-ab17-414e-9fbc-bd509e19448d:192.168.5.156:34851, logIndex=0, commits[fc7af808-7c3b-4e7d-bcd4-16788f7c0c06:c14, 3de10ab2-5aa8-4456-b48c-00692585ccec:c13, 80bd91bd-ab17-414e-9fbc-bd509e19448d:c14]
2019-09-17 22:39:07,010 [java.util.concurrent.ThreadPoolExecutor$Worker@29da62d0[State = -1, empty queue]] WARN  server.GrpcLogAppender (GrpcLogAppender.java:timeoutAppendRequest(200)) - 80bd91bd-ab17-414e-9fbc-bd509e19448d@group-D35E5DAA4B7D->fc7af808-7c3b-4e7d-bcd4-16788f7c0c06-GrpcLogAppender: appendEntries Timeout, request=80bd91bd-ab17-414e-9fbc-bd509e19448d->fc7af808-7c3b-4e7d-bcd4-16788f7c0c06#106-t1, previous=(t:1, i:20), leaderCommit=14, initializing? false, entries: <empty>
2019-09-17 22:39:07,010 [java.util.concurrent.ThreadPoolExecutor$Worker@1fb783c8[State = -1, empty queue]] WARN  server.GrpcLogAppender (GrpcLogAppender.java:timeoutAppendRequest(200)) - 80bd91bd-ab17-414e-9fbc-bd509e19448d@group-D35E5DAA4B7D->3de10ab2-5aa8-4456-b48c-00692585ccec-GrpcLogAppender: appendEntries Timeout, request=80bd91bd-ab17-414e-9fbc-bd509e19448d->3de10ab2-5aa8-4456-b48c-00692585ccec#106-t1, previous=(t:1, i:20), leaderCommit=14, initializing? false, entries: <empty>
2019-09-17 22:39:07,654 [grpc-default-executor-1] INFO  impl.RaftServerProxy (RaftServerProxy.java:remove(95)) - f4adb48a-7d7d-4db9-96e8-d2aa5901bd52: remove group-C311AD233868:null
2019-09-17 22:39:07,657 [RatisPipelineUtilsThread] WARN  pipeline.RatisPipelineUtils (RatisPipelineUtils.java:destroyPipeline(66)) - Pipeline destroy failed for pipeline=PipelineID=0b7a50c3-0882-4d89-8a66-c311ad233868 dn=f4adb48a-7d7d-4db9-96e8-d2aa5901bd52{ip: 192.168.5.156, host: pr-hdds-2121-pbfts-3191465506, networkLocation: /default-rack, certSerialId: null}
2019-09-17 22:39:07,660 [grpc-default-executor-1] INFO  impl.RaftServerProxy (RaftServerProxy.java:remove(95)) - bba25625-58dd-4c9e-929d-1a2e91bc3828: remove group-C311AD233868:null
2019-09-17 22:39:07,663 [RatisPipelineUtilsThread] WARN  pipeline.RatisPipelineUtils (RatisPipelineUtils.java:destroyPipeline(66)) - Pipeline destroy failed for pipeline=PipelineID=0b7a50c3-0882-4d89-8a66-c311ad233868 dn=bba25625-58dd-4c9e-929d-1a2e91bc3828{ip: 192.168.5.156, host: pr-hdds-2121-pbfts-3191465506, networkLocation: /default-rack, certSerialId: null}
2019-09-17 22:39:07,665 [grpc-default-executor-1] INFO  impl.RaftServerProxy (RaftServerProxy.java:remove(95)) - 41f4c1b5-d215-4831-aa76-48270f5e0061: remove group-C311AD233868:null
2019-09-17 22:39:07,668 [RatisPipelineUtilsThread] WARN  pipeline.RatisPipelineUtils (RatisPipelineUtils.java:destroyPipeline(66)) - Pipeline destroy failed for pipeline=PipelineID=0b7a50c3-0882-4d89-8a66-c311ad233868 dn=41f4c1b5-d215-4831-aa76-48270f5e0061{ip: 192.168.5.156, host: pr-hdds-2121-pbfts-3191465506, networkLocation: /default-rack, certSerialId: null}
2019-09-17 22:39:07,668 [RatisPipelineUtilsThread] ERROR pipeline.SCMPipelineManager (Scheduler.java:lambda$schedule$1(70)) - Destroy pipeline failed for pipeline:Pipeline[ Id: 0b7a50c3-0882-4d89-8a66-c311ad233868, Nodes: f4adb48a-7d7d-4db9-96e8-d2aa5901bd52{ip: 192.168.5.156, host: pr-hdds-2121-pbfts-3191465506, networkLocation: /default-rack, certSerialId: null}bba25625-58dd-4c9e-929d-1a2e91bc3828{ip: 192.168.5.156, host: pr-hdds-2121-pbfts-3191465506, networkLocation: /default-rack, certSerialId: null}41f4c1b5-d215-4831-aa76-48270f5e0061{ip: 192.168.5.156, host: pr-hdds-2121-pbfts-3191465506, networkLocation: /default-rack, certSerialId: null}, Type:RATIS, Factor:THREE, State:CLOSED]
org.apache.hadoop.hdds.scm.pipeline.PipelineNotFoundException: PipelineID=0b7a50c3-0882-4d89-8a66-c311ad233868 not found
	at org.apache.hadoop.hdds.scm.pipeline.PipelineStateMap.getPipeline(PipelineStateMap.java:132)
	at org.apache.hadoop.hdds.scm.pipeline.PipelineStateMap.removePipeline(PipelineStateMap.java:322)
	at org.apache.hadoop.hdds.scm.pipeline.PipelineStateManager.removePipeline(PipelineStateManager.java:107)
	at org.apache.hadoop.hdds.scm.pipeline.SCMPipelineManager.removePipeline(SCMPipelineManager.java:423)
	at org.apache.hadoop.hdds.scm.pipeline.SCMPipelineManager.destroyPipeline(SCMPipelineManager.java:409)
	at org.apache.hadoop.hdds.scm.pipeline.SCMPipelineManager.lambda$finalizeAndDestroyPipeline$0(SCMPipelineManager.java:318)
	at org.apache.hadoop.utils.Scheduler.lambda$schedule$1(Scheduler.java:68)
	at java.util.concurrent.Executors$RunnableAdapter.call(Executors.java:511)
	at java.util.concurrent.FutureTask.run(FutureTask.java:266)
	at java.util.concurrent.ScheduledThreadPoolExecutor$ScheduledFutureTask.access$201(ScheduledThreadPoolExecutor.java:180)
	at java.util.concurrent.ScheduledThreadPoolExecutor$ScheduledFutureTask.run(ScheduledThreadPoolExecutor.java:293)
	at java.util.concurrent.ThreadPoolExecutor.runWorker(ThreadPoolExecutor.java:1149)
	at java.util.concurrent.ThreadPoolExecutor$Worker.run(ThreadPoolExecutor.java:624)
	at java.lang.Thread.run(Thread.java:748)
2019-09-17 22:39:09,510 [java.util.concurrent.ThreadPoolExecutor$Worker@1fb783c8[State = -1, empty queue]] WARN  server.GrpcLogAppender (GrpcLogAppender.java:timeoutAppendRequest(200)) - 80bd91bd-ab17-414e-9fbc-bd509e19448d@group-D35E5DAA4B7D->3de10ab2-5aa8-4456-b48c-00692585ccec-GrpcLogAppender: appendEntries Timeout, request=80bd91bd-ab17-414e-9fbc-bd509e19448d->3de10ab2-5aa8-4456-b48c-00692585ccec#107-t1, previous=(t:1, i:20), leaderCommit=14, initializing? false, entries: <empty>
2019-09-17 22:39:09,510 [java.util.concurrent.ThreadPoolExecutor$Worker@29da62d0[State = -1, empty queue]] WARN  server.GrpcLogAppender (GrpcLogAppender.java:timeoutAppendRequest(200)) - 80bd91bd-ab17-414e-9fbc-bd509e19448d@group-D35E5DAA4B7D->fc7af808-7c3b-4e7d-bcd4-16788f7c0c06-GrpcLogAppender: appendEntries Timeout, request=80bd91bd-ab17-414e-9fbc-bd509e19448d->fc7af808-7c3b-4e7d-bcd4-16788f7c0c06#107-t1, previous=(t:1, i:20), leaderCommit=14, initializing? false, entries: <empty>
2019-09-17 22:39:09,662 [grpc-default-executor-1] INFO  impl.RaftServerProxy (RaftServerProxy.java:remove(95)) - f4adb48a-7d7d-4db9-96e8-d2aa5901bd52: remove group-C311AD233868:null
2019-09-17 22:39:09,677 [RatisPipelineUtilsThread] WARN  pipeline.RatisPipelineUtils (RatisPipelineUtils.java:destroyPipeline(66)) - Pipeline destroy failed for pipeline=PipelineID=0b7a50c3-0882-4d89-8a66-c311ad233868 dn=f4adb48a-7d7d-4db9-96e8-d2aa5901bd52{ip: 192.168.5.156, host: pr-hdds-2121-pbfts-3191465506, networkLocation: /default-rack, certSerialId: null}
2019-09-17 22:39:09,680 [grpc-default-executor-1] INFO  impl.RaftServerProxy (RaftServerProxy.java:remove(95)) - bba25625-58dd-4c9e-929d-1a2e91bc3828: remove group-C311AD233868:null
2019-09-17 22:39:09,689 [RatisPipelineUtilsThread] WARN  pipeline.RatisPipelineUtils (RatisPipelineUtils.java:destroyPipeline(66)) - Pipeline destroy failed for pipeline=PipelineID=0b7a50c3-0882-4d89-8a66-c311ad233868 dn=bba25625-58dd-4c9e-929d-1a2e91bc3828{ip: 192.168.5.156, host: pr-hdds-2121-pbfts-3191465506, networkLocation: /default-rack, certSerialId: null}
2019-09-17 22:39:09,692 [grpc-default-executor-1] INFO  impl.RaftServerProxy (RaftServerProxy.java:remove(95)) - 41f4c1b5-d215-4831-aa76-48270f5e0061: remove group-C311AD233868:null
2019-09-17 22:39:09,702 [RatisPipelineUtilsThread] WARN  pipeline.RatisPipelineUtils (RatisPipelineUtils.java:destroyPipeline(66)) - Pipeline destroy failed for pipeline=PipelineID=0b7a50c3-0882-4d89-8a66-c311ad233868 dn=41f4c1b5-d215-4831-aa76-48270f5e0061{ip: 192.168.5.156, host: pr-hdds-2121-pbfts-3191465506, networkLocation: /default-rack, certSerialId: null}
2019-09-17 22:39:09,703 [RatisPipelineUtilsThread] ERROR pipeline.SCMPipelineManager (Scheduler.java:lambda$schedule$1(70)) - Destroy pipeline failed for pipeline:Pipeline[ Id: 0b7a50c3-0882-4d89-8a66-c311ad233868, Nodes: f4adb48a-7d7d-4db9-96e8-d2aa5901bd52{ip: 192.168.5.156, host: pr-hdds-2121-pbfts-3191465506, networkLocation: /default-rack, certSerialId: null}bba25625-58dd-4c9e-929d-1a2e91bc3828{ip: 192.168.5.156, host: pr-hdds-2121-pbfts-3191465506, networkLocation: /default-rack, certSerialId: null}41f4c1b5-d215-4831-aa76-48270f5e0061{ip: 192.168.5.156, host: pr-hdds-2121-pbfts-3191465506, networkLocation: /default-rack, certSerialId: null}, Type:RATIS, Factor:THREE, State:CLOSED]
org.apache.hadoop.hdds.scm.pipeline.PipelineNotFoundException: PipelineID=0b7a50c3-0882-4d89-8a66-c311ad233868 not found
	at org.apache.hadoop.hdds.scm.pipeline.PipelineStateMap.getPipeline(PipelineStateMap.java:132)
	at org.apache.hadoop.hdds.scm.pipeline.PipelineStateMap.removePipeline(PipelineStateMap.java:322)
	at org.apache.hadoop.hdds.scm.pipeline.PipelineStateManager.removePipeline(PipelineStateManager.java:107)
	at org.apache.hadoop.hdds.scm.pipeline.SCMPipelineManager.removePipeline(SCMPipelineManager.java:423)
	at org.apache.hadoop.hdds.scm.pipeline.SCMPipelineManager.destroyPipeline(SCMPipelineManager.java:409)
	at org.apache.hadoop.hdds.scm.pipeline.SCMPipelineManager.lambda$finalizeAndDestroyPipeline$0(SCMPipelineManager.java:318)
	at org.apache.hadoop.utils.Scheduler.lambda$schedule$1(Scheduler.java:68)
	at java.util.concurrent.Executors$RunnableAdapter.call(Executors.java:511)
	at java.util.concurrent.FutureTask.run(FutureTask.java:266)
	at java.util.concurrent.ScheduledThreadPoolExecutor$ScheduledFutureTask.access$201(ScheduledThreadPoolExecutor.java:180)
	at java.util.concurrent.ScheduledThreadPoolExecutor$ScheduledFutureTask.run(ScheduledThreadPoolExecutor.java:293)
	at java.util.concurrent.ThreadPoolExecutor.runWorker(ThreadPoolExecutor.java:1149)
	at java.util.concurrent.ThreadPoolExecutor$Worker.run(ThreadPoolExecutor.java:624)
	at java.lang.Thread.run(Thread.java:748)
2019-09-17 22:39:11,499 [3de10ab2-5aa8-4456-b48c-00692585ccec@group-D35E5DAA4B7D-SegmentedRaftLogWorker] WARN  segmented.SegmentedRaftLogWorker (SegmentedRaftLogWorker.java:getFromFuture(90)) - Timeout 3/~
org.apache.ratis.protocol.TimeoutIOException: Timeout 10s: WriteLog:15: (t:1, i:15), STATEMACHINELOGENTRY, client-20B9A50446D7, cid=143-writeStateMachineData
	at org.apache.ratis.util.IOUtils.getFromFuture(IOUtils.java:87)
	at org.apache.ratis.server.raftlog.segmented.SegmentedRaftLogWorker$StateMachineDataPolicy.getFromFuture(SegmentedRaftLogWorker.java:87)
	at org.apache.ratis.server.raftlog.segmented.SegmentedRaftLogWorker$WriteLog.execute(SegmentedRaftLogWorker.java:477)
	at org.apache.ratis.server.raftlog.segmented.SegmentedRaftLogWorker.run(SegmentedRaftLogWorker.java:289)
	at java.lang.Thread.run(Thread.java:748)
Caused by: java.util.concurrent.TimeoutException
	at java.util.concurrent.CompletableFuture.timedGet(CompletableFuture.java:1771)
	at java.util.concurrent.CompletableFuture.get(CompletableFuture.java:1915)
	at org.apache.ratis.util.IOUtils.getFromFuture(IOUtils.java:79)
	... 4 more
2019-09-17 22:39:11,694 [fc7af808-7c3b-4e7d-bcd4-16788f7c0c06@group-D35E5DAA4B7D-SegmentedRaftLogWorker] WARN  segmented.SegmentedRaftLogWorker (SegmentedRaftLogWorker.java:getFromFuture(90)) - Timeout 3/~
org.apache.ratis.protocol.TimeoutIOException: Timeout 10s: WriteLog:16: (t:1, i:16), STATEMACHINELOGENTRY, client-20B9A50446D7, cid=144-writeStateMachineData
	at org.apache.ratis.util.IOUtils.getFromFuture(IOUtils.java:87)
	at org.apache.ratis.server.raftlog.segmented.SegmentedRaftLogWorker$StateMachineDataPolicy.getFromFuture(SegmentedRaftLogWorker.java:87)
	at org.apache.ratis.server.raftlog.segmented.SegmentedRaftLogWorker$WriteLog.execute(SegmentedRaftLogWorker.java:477)
	at org.apache.ratis.server.raftlog.segmented.SegmentedRaftLogWorker.run(SegmentedRaftLogWorker.java:289)
	at java.lang.Thread.run(Thread.java:748)
Caused by: java.util.concurrent.TimeoutException
	at java.util.concurrent.CompletableFuture.timedGet(CompletableFuture.java:1771)
	at java.util.concurrent.CompletableFuture.get(CompletableFuture.java:1915)
	at org.apache.ratis.util.IOUtils.getFromFuture(IOUtils.java:79)
	... 4 more
2019-09-17 22:39:11,695 [80bd91bd-ab17-414e-9fbc-bd509e19448d@group-D35E5DAA4B7D-SegmentedRaftLogWorker] WARN  segmented.SegmentedRaftLogWorker (SegmentedRaftLogWorker.java:getFromFuture(90)) - Timeout 3/~
org.apache.ratis.protocol.TimeoutIOException: Timeout 10s: WriteLog:16: (t:1, i:16), STATEMACHINELOGENTRY, client-20B9A50446D7, cid=144-writeStateMachineData
	at org.apache.ratis.util.IOUtils.getFromFuture(IOUtils.java:87)
	at org.apache.ratis.server.raftlog.segmented.SegmentedRaftLogWorker$StateMachineDataPolicy.getFromFuture(SegmentedRaftLogWorker.java:87)
	at org.apache.ratis.server.raftlog.segmented.SegmentedRaftLogWorker$WriteLog.execute(SegmentedRaftLogWorker.java:477)
	at org.apache.ratis.server.raftlog.segmented.SegmentedRaftLogWorker.run(SegmentedRaftLogWorker.java:289)
	at java.lang.Thread.run(Thread.java:748)
Caused by: java.util.concurrent.TimeoutException
	at java.util.concurrent.CompletableFuture.timedGet(CompletableFuture.java:1771)
	at java.util.concurrent.CompletableFuture.get(CompletableFuture.java:1915)
	at org.apache.ratis.util.IOUtils.getFromFuture(IOUtils.java:79)
	... 4 more
2019-09-17 22:39:11,902 [grpc-default-executor-1] INFO  client.GrpcClientProtocolClient (GrpcClientProtocolClient.java:onNext(264)) - client-20B9A50446D7->fc7af808-7c3b-4e7d-bcd4-16788f7c0c06: receive RaftClientReply:client-20B9A50446D7->fc7af808-7c3b-4e7d-bcd4-16788f7c0c06@group-D35E5DAA4B7D, cid=143, FAILED org.apache.ratis.protocol.NotLeaderException: Server fc7af808-7c3b-4e7d-bcd4-16788f7c0c06@group-D35E5DAA4B7D is not the leader 80bd91bd-ab17-414e-9fbc-bd509e19448d:192.168.5.156:34851, logIndex=0, commits[fc7af808-7c3b-4e7d-bcd4-16788f7c0c06:c14, 3de10ab2-5aa8-4456-b48c-00692585ccec:c13, 80bd91bd-ab17-414e-9fbc-bd509e19448d:c14]
2019-09-17 22:39:12,011 [java.util.concurrent.ThreadPoolExecutor$Worker@1fb783c8[State = -1, empty queue]] WARN  server.GrpcLogAppender (GrpcLogAppender.java:timeoutAppendRequest(200)) - 80bd91bd-ab17-414e-9fbc-bd509e19448d@group-D35E5DAA4B7D->3de10ab2-5aa8-4456-b48c-00692585ccec-GrpcLogAppender: appendEntries Timeout, request=80bd91bd-ab17-414e-9fbc-bd509e19448d->3de10ab2-5aa8-4456-b48c-00692585ccec#108-t1, previous=(t:1, i:20), leaderCommit=14, initializing? false, entries: <empty>
2019-09-17 22:39:12,011 [java.util.concurrent.ThreadPoolExecutor$Worker@29da62d0[State = -1, empty queue]] WARN  server.GrpcLogAppender (GrpcLogAppender.java:timeoutAppendRequest(200)) - 80bd91bd-ab17-414e-9fbc-bd509e19448d@group-D35E5DAA4B7D->fc7af808-7c3b-4e7d-bcd4-16788f7c0c06-GrpcLogAppender: appendEntries Timeout, request=80bd91bd-ab17-414e-9fbc-bd509e19448d->fc7af808-7c3b-4e7d-bcd4-16788f7c0c06#108-t1, previous=(t:1, i:20), leaderCommit=14, initializing? false, entries: <empty>
2019-09-17 22:39:12,655 [grpc-default-executor-1] INFO  impl.RaftServerProxy (RaftServerProxy.java:remove(95)) - f4adb48a-7d7d-4db9-96e8-d2aa5901bd52: remove group-C311AD233868:null
2019-09-17 22:39:12,658 [RatisPipelineUtilsThread] WARN  pipeline.RatisPipelineUtils (RatisPipelineUtils.java:destroyPipeline(66)) - Pipeline destroy failed for pipeline=PipelineID=0b7a50c3-0882-4d89-8a66-c311ad233868 dn=f4adb48a-7d7d-4db9-96e8-d2aa5901bd52{ip: 192.168.5.156, host: pr-hdds-2121-pbfts-3191465506, networkLocation: /default-rack, certSerialId: null}
2019-09-17 22:39:12,661 [grpc-default-executor-1] INFO  impl.RaftServerProxy (RaftServerProxy.java:remove(95)) - bba25625-58dd-4c9e-929d-1a2e91bc3828: remove group-C311AD233868:null
2019-09-17 22:39:12,662 [RatisPipelineUtilsThread] WARN  pipeline.RatisPipelineUtils (RatisPipelineUtils.java:destroyPipeline(66)) - Pipeline destroy failed for pipeline=PipelineID=0b7a50c3-0882-4d89-8a66-c311ad233868 dn=bba25625-58dd-4c9e-929d-1a2e91bc3828{ip: 192.168.5.156, host: pr-hdds-2121-pbfts-3191465506, networkLocation: /default-rack, certSerialId: null}
2019-09-17 22:39:12,664 [grpc-default-executor-1] INFO  impl.RaftServerProxy (RaftServerProxy.java:remove(95)) - 41f4c1b5-d215-4831-aa76-48270f5e0061: remove group-C311AD233868:null
2019-09-17 22:39:12,666 [RatisPipelineUtilsThread] WARN  pipeline.RatisPipelineUtils (RatisPipelineUtils.java:destroyPipeline(66)) - Pipeline destroy failed for pipeline=PipelineID=0b7a50c3-0882-4d89-8a66-c311ad233868 dn=41f4c1b5-d215-4831-aa76-48270f5e0061{ip: 192.168.5.156, host: pr-hdds-2121-pbfts-3191465506, networkLocation: /default-rack, certSerialId: null}
2019-09-17 22:39:12,666 [RatisPipelineUtilsThread] ERROR pipeline.SCMPipelineManager (Scheduler.java:lambda$schedule$1(70)) - Destroy pipeline failed for pipeline:Pipeline[ Id: 0b7a50c3-0882-4d89-8a66-c311ad233868, Nodes: f4adb48a-7d7d-4db9-96e8-d2aa5901bd52{ip: 192.168.5.156, host: pr-hdds-2121-pbfts-3191465506, networkLocation: /default-rack, certSerialId: null}bba25625-58dd-4c9e-929d-1a2e91bc3828{ip: 192.168.5.156, host: pr-hdds-2121-pbfts-3191465506, networkLocation: /default-rack, certSerialId: null}41f4c1b5-d215-4831-aa76-48270f5e0061{ip: 192.168.5.156, host: pr-hdds-2121-pbfts-3191465506, networkLocation: /default-rack, certSerialId: null}, Type:RATIS, Factor:THREE, State:CLOSED]
org.apache.hadoop.hdds.scm.pipeline.PipelineNotFoundException: PipelineID=0b7a50c3-0882-4d89-8a66-c311ad233868 not found
	at org.apache.hadoop.hdds.scm.pipeline.PipelineStateMap.getPipeline(PipelineStateMap.java:132)
	at org.apache.hadoop.hdds.scm.pipeline.PipelineStateMap.removePipeline(PipelineStateMap.java:322)
	at org.apache.hadoop.hdds.scm.pipeline.PipelineStateManager.removePipeline(PipelineStateManager.java:107)
	at org.apache.hadoop.hdds.scm.pipeline.SCMPipelineManager.removePipeline(SCMPipelineManager.java:423)
	at org.apache.hadoop.hdds.scm.pipeline.SCMPipelineManager.destroyPipeline(SCMPipelineManager.java:409)
	at org.apache.hadoop.hdds.scm.pipeline.SCMPipelineManager.lambda$finalizeAndDestroyPipeline$0(SCMPipelineManager.java:318)
	at org.apache.hadoop.utils.Scheduler.lambda$schedule$1(Scheduler.java:68)
	at java.util.concurrent.Executors$RunnableAdapter.call(Executors.java:511)
	at java.util.concurrent.FutureTask.run(FutureTask.java:266)
	at java.util.concurrent.ScheduledThreadPoolExecutor$ScheduledFutureTask.access$201(ScheduledThreadPoolExecutor.java:180)
	at java.util.concurrent.ScheduledThreadPoolExecutor$ScheduledFutureTask.run(ScheduledThreadPoolExecutor.java:293)
	at java.util.concurrent.ThreadPoolExecutor.runWorker(ThreadPoolExecutor.java:1149)
	at java.util.concurrent.ThreadPoolExecutor$Worker.run(ThreadPoolExecutor.java:624)
	at java.lang.Thread.run(Thread.java:748)
2019-09-17 22:39:14,512 [java.util.concurrent.ThreadPoolExecutor$Worker@29da62d0[State = -1, empty queue]] WARN  server.GrpcLogAppender (GrpcLogAppender.java:timeoutAppendRequest(200)) - 80bd91bd-ab17-414e-9fbc-bd509e19448d@group-D35E5DAA4B7D->fc7af808-7c3b-4e7d-bcd4-16788f7c0c06-GrpcLogAppender: appendEntries Timeout, request=80bd91bd-ab17-414e-9fbc-bd509e19448d->fc7af808-7c3b-4e7d-bcd4-16788f7c0c06#109-t1, previous=(t:1, i:20), leaderCommit=14, initializing? false, entries: <empty>
2019-09-17 22:39:14,512 [java.util.concurrent.ThreadPoolExecutor$Worker@1fb783c8[State = -1, empty queue]] WARN  server.GrpcLogAppender (GrpcLogAppender.java:timeoutAppendRequest(200)) - 80bd91bd-ab17-414e-9fbc-bd509e19448d@group-D35E5DAA4B7D->3de10ab2-5aa8-4456-b48c-00692585ccec-GrpcLogAppender: appendEntries Timeout, request=80bd91bd-ab17-414e-9fbc-bd509e19448d->3de10ab2-5aa8-4456-b48c-00692585ccec#109-t1, previous=(t:1, i:20), leaderCommit=14, initializing? false, entries: <empty>
2019-09-17 22:39:14,656 [grpc-default-executor-1] INFO  impl.RaftServerProxy (RaftServerProxy.java:remove(95)) - f4adb48a-7d7d-4db9-96e8-d2aa5901bd52: remove group-C311AD233868:null
2019-09-17 22:39:14,659 [RatisPipelineUtilsThread] WARN  pipeline.RatisPipelineUtils (RatisPipelineUtils.java:destroyPipeline(66)) - Pipeline destroy failed for pipeline=PipelineID=0b7a50c3-0882-4d89-8a66-c311ad233868 dn=f4adb48a-7d7d-4db9-96e8-d2aa5901bd52{ip: 192.168.5.156, host: pr-hdds-2121-pbfts-3191465506, networkLocation: /default-rack, certSerialId: null}
2019-09-17 22:39:14,662 [grpc-default-executor-1] INFO  impl.RaftServerProxy (RaftServerProxy.java:remove(95)) - bba25625-58dd-4c9e-929d-1a2e91bc3828: remove group-C311AD233868:null
2019-09-17 22:39:14,664 [RatisPipelineUtilsThread] WARN  pipeline.RatisPipelineUtils (RatisPipelineUtils.java:destroyPipeline(66)) - Pipeline destroy failed for pipeline=PipelineID=0b7a50c3-0882-4d89-8a66-c311ad233868 dn=bba25625-58dd-4c9e-929d-1a2e91bc3828{ip: 192.168.5.156, host: pr-hdds-2121-pbfts-3191465506, networkLocation: /default-rack, certSerialId: null}
2019-09-17 22:39:14,667 [grpc-default-executor-1] INFO  impl.RaftServerProxy (RaftServerProxy.java:remove(95)) - 41f4c1b5-d215-4831-aa76-48270f5e0061: remove group-C311AD233868:null
2019-09-17 22:39:14,669 [RatisPipelineUtilsThread] WARN  pipeline.RatisPipelineUtils (RatisPipelineUtils.java:destroyPipeline(66)) - Pipeline destroy failed for pipeline=PipelineID=0b7a50c3-0882-4d89-8a66-c311ad233868 dn=41f4c1b5-d215-4831-aa76-48270f5e0061{ip: 192.168.5.156, host: pr-hdds-2121-pbfts-3191465506, networkLocation: /default-rack, certSerialId: null}
2019-09-17 22:39:14,669 [RatisPipelineUtilsThread] ERROR pipeline.SCMPipelineManager (Scheduler.java:lambda$schedule$1(70)) - Destroy pipeline failed for pipeline:Pipeline[ Id: 0b7a50c3-0882-4d89-8a66-c311ad233868, Nodes: f4adb48a-7d7d-4db9-96e8-d2aa5901bd52{ip: 192.168.5.156, host: pr-hdds-2121-pbfts-3191465506, networkLocation: /default-rack, certSerialId: null}bba25625-58dd-4c9e-929d-1a2e91bc3828{ip: 192.168.5.156, host: pr-hdds-2121-pbfts-3191465506, networkLocation: /default-rack, certSerialId: null}41f4c1b5-d215-4831-aa76-48270f5e0061{ip: 192.168.5.156, host: pr-hdds-2121-pbfts-3191465506, networkLocation: /default-rack, certSerialId: null}, Type:RATIS, Factor:THREE, State:CLOSED]
org.apache.hadoop.hdds.scm.pipeline.PipelineNotFoundException: PipelineID=0b7a50c3-0882-4d89-8a66-c311ad233868 not found
	at org.apache.hadoop.hdds.scm.pipeline.PipelineStateMap.getPipeline(PipelineStateMap.java:132)
	at org.apache.hadoop.hdds.scm.pipeline.PipelineStateMap.removePipeline(PipelineStateMap.java:322)
	at org.apache.hadoop.hdds.scm.pipeline.PipelineStateManager.removePipeline(PipelineStateManager.java:107)
	at org.apache.hadoop.hdds.scm.pipeline.SCMPipelineManager.removePipeline(SCMPipelineManager.java:423)
	at org.apache.hadoop.hdds.scm.pipeline.SCMPipelineManager.destroyPipeline(SCMPipelineManager.java:409)
	at org.apache.hadoop.hdds.scm.pipeline.SCMPipelineManager.lambda$finalizeAndDestroyPipeline$0(SCMPipelineManager.java:318)
	at org.apache.hadoop.utils.Scheduler.lambda$schedule$1(Scheduler.java:68)
	at java.util.concurrent.Executors$RunnableAdapter.call(Executors.java:511)
	at java.util.concurrent.FutureTask.run(FutureTask.java:266)
	at java.util.concurrent.ScheduledThreadPoolExecutor$ScheduledFutureTask.access$201(ScheduledThreadPoolExecutor.java:180)
	at java.util.concurrent.ScheduledThreadPoolExecutor$ScheduledFutureTask.run(ScheduledThreadPoolExecutor.java:293)
	at java.util.concurrent.ThreadPoolExecutor.runWorker(ThreadPoolExecutor.java:1149)
	at java.util.concurrent.ThreadPoolExecutor$Worker.run(ThreadPoolExecutor.java:624)
	at java.lang.Thread.run(Thread.java:748)
2019-09-17 22:39:16,961 [grpc-default-executor-1] INFO  client.GrpcClientProtocolClient (GrpcClientProtocolClient.java:onNext(264)) - client-20B9A50446D7->3de10ab2-5aa8-4456-b48c-00692585ccec: receive RaftClientReply:client-20B9A50446D7->3de10ab2-5aa8-4456-b48c-00692585ccec@group-D35E5DAA4B7D, cid=143, FAILED org.apache.ratis.protocol.NotLeaderException: Server 3de10ab2-5aa8-4456-b48c-00692585ccec@group-D35E5DAA4B7D is not the leader 80bd91bd-ab17-414e-9fbc-bd509e19448d:192.168.5.156:34851, logIndex=0, commits[3de10ab2-5aa8-4456-b48c-00692585ccec:c14, fc7af808-7c3b-4e7d-bcd4-16788f7c0c06:c13, 80bd91bd-ab17-414e-9fbc-bd509e19448d:c14]
2019-09-17 22:39:17,013 [java.util.concurrent.ThreadPoolExecutor$Worker@29da62d0[State = -1, empty queue]] WARN  server.GrpcLogAppender (GrpcLogAppender.java:timeoutAppendRequest(200)) - 80bd91bd-ab17-414e-9fbc-bd509e19448d@group-D35E5DAA4B7D->fc7af808-7c3b-4e7d-bcd4-16788f7c0c06-GrpcLogAppender: appendEntries Timeout, request=80bd91bd-ab17-414e-9fbc-bd509e19448d->fc7af808-7c3b-4e7d-bcd4-16788f7c0c06#110-t1, previous=(t:1, i:20), leaderCommit=14, initializing? false, entries: <empty>
2019-09-17 22:39:17,013 [java.util.concurrent.ThreadPoolExecutor$Worker@1fb783c8[State = -1, empty queue]] WARN  server.GrpcLogAppender (GrpcLogAppender.java:timeoutAppendRequest(200)) - 80bd91bd-ab17-414e-9fbc-bd509e19448d@group-D35E5DAA4B7D->3de10ab2-5aa8-4456-b48c-00692585ccec-GrpcLogAppender: appendEntries Timeout, request=80bd91bd-ab17-414e-9fbc-bd509e19448d->3de10ab2-5aa8-4456-b48c-00692585ccec#110-t1, previous=(t:1, i:20), leaderCommit=14, initializing? false, entries: <empty>
2019-09-17 22:39:17,655 [grpc-default-executor-5] INFO  impl.RaftServerProxy (RaftServerProxy.java:remove(95)) - f4adb48a-7d7d-4db9-96e8-d2aa5901bd52: remove group-C311AD233868:null
2019-09-17 22:39:17,659 [RatisPipelineUtilsThread] WARN  pipeline.RatisPipelineUtils (RatisPipelineUtils.java:destroyPipeline(66)) - Pipeline destroy failed for pipeline=PipelineID=0b7a50c3-0882-4d89-8a66-c311ad233868 dn=f4adb48a-7d7d-4db9-96e8-d2aa5901bd52{ip: 192.168.5.156, host: pr-hdds-2121-pbfts-3191465506, networkLocation: /default-rack, certSerialId: null}
2019-09-17 22:39:17,662 [grpc-default-executor-5] INFO  impl.RaftServerProxy (RaftServerProxy.java:remove(95)) - bba25625-58dd-4c9e-929d-1a2e91bc3828: remove group-C311AD233868:null
2019-09-17 22:39:17,664 [RatisPipelineUtilsThread] WARN  pipeline.RatisPipelineUtils (RatisPipelineUtils.java:destroyPipeline(66)) - Pipeline destroy failed for pipeline=PipelineID=0b7a50c3-0882-4d89-8a66-c311ad233868 dn=bba25625-58dd-4c9e-929d-1a2e91bc3828{ip: 192.168.5.156, host: pr-hdds-2121-pbfts-3191465506, networkLocation: /default-rack, certSerialId: null}
2019-09-17 22:39:17,666 [grpc-default-executor-5] INFO  impl.RaftServerProxy (RaftServerProxy.java:remove(95)) - 41f4c1b5-d215-4831-aa76-48270f5e0061: remove group-C311AD233868:null
2019-09-17 22:39:17,668 [RatisPipelineUtilsThread] WARN  pipeline.RatisPipelineUtils (RatisPipelineUtils.java:destroyPipeline(66)) - Pipeline destroy failed for pipeline=PipelineID=0b7a50c3-0882-4d89-8a66-c311ad233868 dn=41f4c1b5-d215-4831-aa76-48270f5e0061{ip: 192.168.5.156, host: pr-hdds-2121-pbfts-3191465506, networkLocation: /default-rack, certSerialId: null}
2019-09-17 22:39:17,668 [RatisPipelineUtilsThread] ERROR pipeline.SCMPipelineManager (Scheduler.java:lambda$schedule$1(70)) - Destroy pipeline failed for pipeline:Pipeline[ Id: 0b7a50c3-0882-4d89-8a66-c311ad233868, Nodes: f4adb48a-7d7d-4db9-96e8-d2aa5901bd52{ip: 192.168.5.156, host: pr-hdds-2121-pbfts-3191465506, networkLocation: /default-rack, certSerialId: null}bba25625-58dd-4c9e-929d-1a2e91bc3828{ip: 192.168.5.156, host: pr-hdds-2121-pbfts-3191465506, networkLocation: /default-rack, certSerialId: null}41f4c1b5-d215-4831-aa76-48270f5e0061{ip: 192.168.5.156, host: pr-hdds-2121-pbfts-3191465506, networkLocation: /default-rack, certSerialId: null}, Type:RATIS, Factor:THREE, State:CLOSED]
org.apache.hadoop.hdds.scm.pipeline.PipelineNotFoundException: PipelineID=0b7a50c3-0882-4d89-8a66-c311ad233868 not found
	at org.apache.hadoop.hdds.scm.pipeline.PipelineStateMap.getPipeline(PipelineStateMap.java:132)
	at org.apache.hadoop.hdds.scm.pipeline.PipelineStateMap.removePipeline(PipelineStateMap.java:322)
	at org.apache.hadoop.hdds.scm.pipeline.PipelineStateManager.removePipeline(PipelineStateManager.java:107)
	at org.apache.hadoop.hdds.scm.pipeline.SCMPipelineManager.removePipeline(SCMPipelineManager.java:423)
	at org.apache.hadoop.hdds.scm.pipeline.SCMPipelineManager.destroyPipeline(SCMPipelineManager.java:409)
	at org.apache.hadoop.hdds.scm.pipeline.SCMPipelineManager.lambda$finalizeAndDestroyPipeline$0(SCMPipelineManager.java:318)
	at org.apache.hadoop.utils.Scheduler.lambda$schedule$1(Scheduler.java:68)
	at java.util.concurrent.Executors$RunnableAdapter.call(Executors.java:511)
	at java.util.concurrent.FutureTask.run(FutureTask.java:266)
	at java.util.concurrent.ScheduledThreadPoolExecutor$ScheduledFutureTask.access$201(ScheduledThreadPoolExecutor.java:180)
	at java.util.concurrent.ScheduledThreadPoolExecutor$ScheduledFutureTask.run(ScheduledThreadPoolExecutor.java:293)
	at java.util.concurrent.ThreadPoolExecutor.runWorker(ThreadPoolExecutor.java:1149)
	at java.util.concurrent.ThreadPoolExecutor$Worker.run(ThreadPoolExecutor.java:624)
	at java.lang.Thread.run(Thread.java:748)
2019-09-17 22:39:19,515 [java.util.concurrent.ThreadPoolExecutor$Worker@1fb783c8[State = -1, empty queue]] WARN  server.GrpcLogAppender (GrpcLogAppender.java:timeoutAppendRequest(200)) - 80bd91bd-ab17-414e-9fbc-bd509e19448d@group-D35E5DAA4B7D->3de10ab2-5aa8-4456-b48c-00692585ccec-GrpcLogAppender: appendEntries Timeout, request=80bd91bd-ab17-414e-9fbc-bd509e19448d->3de10ab2-5aa8-4456-b48c-00692585ccec#111-t1, previous=(t:1, i:20), leaderCommit=14, initializing? false, entries: <empty>
2019-09-17 22:39:19,515 [java.util.concurrent.ThreadPoolExecutor$Worker@29da62d0[State = -1, empty queue]] WARN  server.GrpcLogAppender (GrpcLogAppender.java:timeoutAppendRequest(200)) - 80bd91bd-ab17-414e-9fbc-bd509e19448d@group-D35E5DAA4B7D->fc7af808-7c3b-4e7d-bcd4-16788f7c0c06-GrpcLogAppender: appendEntries Timeout, request=80bd91bd-ab17-414e-9fbc-bd509e19448d->fc7af808-7c3b-4e7d-bcd4-16788f7c0c06#111-t1, previous=(t:1, i:20), leaderCommit=14, initializing? false, entries: <empty>
2019-09-17 22:39:19,661 [grpc-default-executor-1] INFO  impl.RaftServerProxy (RaftServerProxy.java:remove(95)) - f4adb48a-7d7d-4db9-96e8-d2aa5901bd52: remove group-C311AD233868:null
2019-09-17 22:39:19,666 [RatisPipelineUtilsThread] WARN  pipeline.RatisPipelineUtils (RatisPipelineUtils.java:destroyPipeline(66)) - Pipeline destroy failed for pipeline=PipelineID=0b7a50c3-0882-4d89-8a66-c311ad233868 dn=f4adb48a-7d7d-4db9-96e8-d2aa5901bd52{ip: 192.168.5.156, host: pr-hdds-2121-pbfts-3191465506, networkLocation: /default-rack, certSerialId: null}
2019-09-17 22:39:19,670 [grpc-default-executor-1] INFO  impl.RaftServerProxy (RaftServerProxy.java:remove(95)) - bba25625-58dd-4c9e-929d-1a2e91bc3828: remove group-C311AD233868:null
2019-09-17 22:39:19,684 [RatisPipelineUtilsThread] WARN  pipeline.RatisPipelineUtils (RatisPipelineUtils.java:destroyPipeline(66)) - Pipeline destroy failed for pipeline=PipelineID=0b7a50c3-0882-4d89-8a66-c311ad233868 dn=bba25625-58dd-4c9e-929d-1a2e91bc3828{ip: 192.168.5.156, host: pr-hdds-2121-pbfts-3191465506, networkLocation: /default-rack, certSerialId: null}
2019-09-17 22:39:19,687 [grpc-default-executor-1] INFO  impl.RaftServerProxy (RaftServerProxy.java:remove(95)) - 41f4c1b5-d215-4831-aa76-48270f5e0061: remove group-C311AD233868:null
2019-09-17 22:39:19,696 [RatisPipelineUtilsThread] WARN  pipeline.RatisPipelineUtils (RatisPipelineUtils.java:destroyPipeline(66)) - Pipeline destroy failed for pipeline=PipelineID=0b7a50c3-0882-4d89-8a66-c311ad233868 dn=41f4c1b5-d215-4831-aa76-48270f5e0061{ip: 192.168.5.156, host: pr-hdds-2121-pbfts-3191465506, networkLocation: /default-rack, certSerialId: null}
2019-09-17 22:39:19,696 [RatisPipelineUtilsThread] ERROR pipeline.SCMPipelineManager (Scheduler.java:lambda$schedule$1(70)) - Destroy pipeline failed for pipeline:Pipeline[ Id: 0b7a50c3-0882-4d89-8a66-c311ad233868, Nodes: f4adb48a-7d7d-4db9-96e8-d2aa5901bd52{ip: 192.168.5.156, host: pr-hdds-2121-pbfts-3191465506, networkLocation: /default-rack, certSerialId: null}bba25625-58dd-4c9e-929d-1a2e91bc3828{ip: 192.168.5.156, host: pr-hdds-2121-pbfts-3191465506, networkLocation: /default-rack, certSerialId: null}41f4c1b5-d215-4831-aa76-48270f5e0061{ip: 192.168.5.156, host: pr-hdds-2121-pbfts-3191465506, networkLocation: /default-rack, certSerialId: null}, Type:RATIS, Factor:THREE, State:CLOSED]
org.apache.hadoop.hdds.scm.pipeline.PipelineNotFoundException: PipelineID=0b7a50c3-0882-4d89-8a66-c311ad233868 not found
	at org.apache.hadoop.hdds.scm.pipeline.PipelineStateMap.getPipeline(PipelineStateMap.java:132)
	at org.apache.hadoop.hdds.scm.pipeline.PipelineStateMap.removePipeline(PipelineStateMap.java:322)
	at org.apache.hadoop.hdds.scm.pipeline.PipelineStateManager.removePipeline(PipelineStateManager.java:107)
	at org.apache.hadoop.hdds.scm.pipeline.SCMPipelineManager.removePipeline(SCMPipelineManager.java:423)
	at org.apache.hadoop.hdds.scm.pipeline.SCMPipelineManager.destroyPipeline(SCMPipelineManager.java:409)
	at org.apache.hadoop.hdds.scm.pipeline.SCMPipelineManager.lambda$finalizeAndDestroyPipeline$0(SCMPipelineManager.java:318)
	at org.apache.hadoop.utils.Scheduler.lambda$schedule$1(Scheduler.java:68)
	at java.util.concurrent.Executors$RunnableAdapter.call(Executors.java:511)
	at java.util.concurrent.FutureTask.run(FutureTask.java:266)
	at java.util.concurrent.ScheduledThreadPoolExecutor$ScheduledFutureTask.access$201(ScheduledThreadPoolExecutor.java:180)
	at java.util.concurrent.ScheduledThreadPoolExecutor$ScheduledFutureTask.run(ScheduledThreadPoolExecutor.java:293)
	at java.util.concurrent.ThreadPoolExecutor.runWorker(ThreadPoolExecutor.java:1149)
	at java.util.concurrent.ThreadPoolExecutor$Worker.run(ThreadPoolExecutor.java:624)
	at java.lang.Thread.run(Thread.java:748)
2019-09-17 22:39:21,501 [3de10ab2-5aa8-4456-b48c-00692585ccec@group-D35E5DAA4B7D-SegmentedRaftLogWorker] WARN  segmented.SegmentedRaftLogWorker (SegmentedRaftLogWorker.java:getFromFuture(90)) - Timeout 4/~
org.apache.ratis.protocol.TimeoutIOException: Timeout 10s: WriteLog:15: (t:1, i:15), STATEMACHINELOGENTRY, client-20B9A50446D7, cid=143-writeStateMachineData
	at org.apache.ratis.util.IOUtils.getFromFuture(IOUtils.java:87)
	at org.apache.ratis.server.raftlog.segmented.SegmentedRaftLogWorker$StateMachineDataPolicy.getFromFuture(SegmentedRaftLogWorker.java:87)
	at org.apache.ratis.server.raftlog.segmented.SegmentedRaftLogWorker$WriteLog.execute(SegmentedRaftLogWorker.java:477)
	at org.apache.ratis.server.raftlog.segmented.SegmentedRaftLogWorker.run(SegmentedRaftLogWorker.java:289)
	at java.lang.Thread.run(Thread.java:748)
Caused by: java.util.concurrent.TimeoutException
	at java.util.concurrent.CompletableFuture.timedGet(CompletableFuture.java:1771)
	at java.util.concurrent.CompletableFuture.get(CompletableFuture.java:1915)
	at org.apache.ratis.util.IOUtils.getFromFuture(IOUtils.java:79)
	... 4 more
2019-09-17 22:39:21,696 [fc7af808-7c3b-4e7d-bcd4-16788f7c0c06@group-D35E5DAA4B7D-SegmentedRaftLogWorker] WARN  segmented.SegmentedRaftLogWorker (SegmentedRaftLogWorker.java:getFromFuture(90)) - Timeout 4/~
org.apache.ratis.protocol.TimeoutIOException: Timeout 10s: WriteLog:16: (t:1, i:16), STATEMACHINELOGENTRY, client-20B9A50446D7, cid=144-writeStateMachineData
	at org.apache.ratis.util.IOUtils.getFromFuture(IOUtils.java:87)
	at org.apache.ratis.server.raftlog.segmented.SegmentedRaftLogWorker$StateMachineDataPolicy.getFromFuture(SegmentedRaftLogWorker.java:87)
	at org.apache.ratis.server.raftlog.segmented.SegmentedRaftLogWorker$WriteLog.execute(SegmentedRaftLogWorker.java:477)
	at org.apache.ratis.server.raftlog.segmented.SegmentedRaftLogWorker.run(SegmentedRaftLogWorker.java:289)
	at java.lang.Thread.run(Thread.java:748)
Caused by: java.util.concurrent.TimeoutException
	at java.util.concurrent.CompletableFuture.timedGet(CompletableFuture.java:1771)
	at java.util.concurrent.CompletableFuture.get(CompletableFuture.java:1915)
	at org.apache.ratis.util.IOUtils.getFromFuture(IOUtils.java:79)
	... 4 more
2019-09-17 22:39:21,696 [80bd91bd-ab17-414e-9fbc-bd509e19448d@group-D35E5DAA4B7D-SegmentedRaftLogWorker] WARN  segmented.SegmentedRaftLogWorker (SegmentedRaftLogWorker.java:getFromFuture(90)) - Timeout 4/~
org.apache.ratis.protocol.TimeoutIOException: Timeout 10s: WriteLog:16: (t:1, i:16), STATEMACHINELOGENTRY, client-20B9A50446D7, cid=144-writeStateMachineData
	at org.apache.ratis.util.IOUtils.getFromFuture(IOUtils.java:87)
	at org.apache.ratis.server.raftlog.segmented.SegmentedRaftLogWorker$StateMachineDataPolicy.getFromFuture(SegmentedRaftLogWorker.java:87)
	at org.apache.ratis.server.raftlog.segmented.SegmentedRaftLogWorker$WriteLog.execute(SegmentedRaftLogWorker.java:477)
	at org.apache.ratis.server.raftlog.segmented.SegmentedRaftLogWorker.run(SegmentedRaftLogWorker.java:289)
	at java.lang.Thread.run(Thread.java:748)
Caused by: java.util.concurrent.TimeoutException
	at java.util.concurrent.CompletableFuture.timedGet(CompletableFuture.java:1771)
	at java.util.concurrent.CompletableFuture.get(CompletableFuture.java:1915)
	at org.apache.ratis.util.IOUtils.getFromFuture(IOUtils.java:79)
	... 4 more
2019-09-17 22:39:22,008 [grpc-default-executor-1] INFO  client.GrpcClientProtocolClient (GrpcClientProtocolClient.java:onNext(264)) - client-20B9A50446D7->fc7af808-7c3b-4e7d-bcd4-16788f7c0c06: receive RaftClientReply:client-20B9A50446D7->fc7af808-7c3b-4e7d-bcd4-16788f7c0c06@group-D35E5DAA4B7D, cid=143, FAILED org.apache.ratis.protocol.NotLeaderException: Server fc7af808-7c3b-4e7d-bcd4-16788f7c0c06@group-D35E5DAA4B7D is not the leader 80bd91bd-ab17-414e-9fbc-bd509e19448d:192.168.5.156:34851, logIndex=0, commits[fc7af808-7c3b-4e7d-bcd4-16788f7c0c06:c14, 3de10ab2-5aa8-4456-b48c-00692585ccec:c13, 80bd91bd-ab17-414e-9fbc-bd509e19448d:c14]
2019-09-17 22:39:22,017 [java.util.concurrent.ThreadPoolExecutor$Worker@29da62d0[State = -1, empty queue]] WARN  server.GrpcLogAppender (GrpcLogAppender.java:timeoutAppendRequest(200)) - 80bd91bd-ab17-414e-9fbc-bd509e19448d@group-D35E5DAA4B7D->fc7af808-7c3b-4e7d-bcd4-16788f7c0c06-GrpcLogAppender: appendEntries Timeout, request=80bd91bd-ab17-414e-9fbc-bd509e19448d->fc7af808-7c3b-4e7d-bcd4-16788f7c0c06#112-t1, previous=(t:1, i:20), leaderCommit=14, initializing? false, entries: <empty>
2019-09-17 22:39:22,017 [java.util.concurrent.ThreadPoolExecutor$Worker@1fb783c8[State = -1, empty queue]] WARN  server.GrpcLogAppender (GrpcLogAppender.java:timeoutAppendRequest(200)) - 80bd91bd-ab17-414e-9fbc-bd509e19448d@group-D35E5DAA4B7D->3de10ab2-5aa8-4456-b48c-00692585ccec-GrpcLogAppender: appendEntries Timeout, request=80bd91bd-ab17-414e-9fbc-bd509e19448d->3de10ab2-5aa8-4456-b48c-00692585ccec#112-t1, previous=(t:1, i:20), leaderCommit=14, initializing? false, entries: <empty>
2019-09-17 22:39:22,659 [grpc-default-executor-5] INFO  impl.RaftServerProxy (RaftServerProxy.java:remove(95)) - f4adb48a-7d7d-4db9-96e8-d2aa5901bd52: remove group-C311AD233868:null
2019-09-17 22:39:22,663 [RatisPipelineUtilsThread] WARN  pipeline.RatisPipelineUtils (RatisPipelineUtils.java:destroyPipeline(66)) - Pipeline destroy failed for pipeline=PipelineID=0b7a50c3-0882-4d89-8a66-c311ad233868 dn=f4adb48a-7d7d-4db9-96e8-d2aa5901bd52{ip: 192.168.5.156, host: pr-hdds-2121-pbfts-3191465506, networkLocation: /default-rack, certSerialId: null}
2019-09-17 22:39:22,666 [grpc-default-executor-5] INFO  impl.RaftServerProxy (RaftServerProxy.java:remove(95)) - bba25625-58dd-4c9e-929d-1a2e91bc3828: remove group-C311AD233868:null
2019-09-17 22:39:22,668 [RatisPipelineUtilsThread] WARN  pipeline.RatisPipelineUtils (RatisPipelineUtils.java:destroyPipeline(66)) - Pipeline destroy failed for pipeline=PipelineID=0b7a50c3-0882-4d89-8a66-c311ad233868 dn=bba25625-58dd-4c9e-929d-1a2e91bc3828{ip: 192.168.5.156, host: pr-hdds-2121-pbfts-3191465506, networkLocation: /default-rack, certSerialId: null}
2019-09-17 22:39:22,671 [grpc-default-executor-5] INFO  impl.RaftServerProxy (RaftServerProxy.java:remove(95)) - 41f4c1b5-d215-4831-aa76-48270f5e0061: remove group-C311AD233868:null
2019-09-17 22:39:22,673 [RatisPipelineUtilsThread] WARN  pipeline.RatisPipelineUtils (RatisPipelineUtils.java:destroyPipeline(66)) - Pipeline destroy failed for pipeline=PipelineID=0b7a50c3-0882-4d89-8a66-c311ad233868 dn=41f4c1b5-d215-4831-aa76-48270f5e0061{ip: 192.168.5.156, host: pr-hdds-2121-pbfts-3191465506, networkLocation: /default-rack, certSerialId: null}
2019-09-17 22:39:22,674 [RatisPipelineUtilsThread] ERROR pipeline.SCMPipelineManager (Scheduler.java:lambda$schedule$1(70)) - Destroy pipeline failed for pipeline:Pipeline[ Id: 0b7a50c3-0882-4d89-8a66-c311ad233868, Nodes: f4adb48a-7d7d-4db9-96e8-d2aa5901bd52{ip: 192.168.5.156, host: pr-hdds-2121-pbfts-3191465506, networkLocation: /default-rack, certSerialId: null}bba25625-58dd-4c9e-929d-1a2e91bc3828{ip: 192.168.5.156, host: pr-hdds-2121-pbfts-3191465506, networkLocation: /default-rack, certSerialId: null}41f4c1b5-d215-4831-aa76-48270f5e0061{ip: 192.168.5.156, host: pr-hdds-2121-pbfts-3191465506, networkLocation: /default-rack, certSerialId: null}, Type:RATIS, Factor:THREE, State:CLOSED]
org.apache.hadoop.hdds.scm.pipeline.PipelineNotFoundException: PipelineID=0b7a50c3-0882-4d89-8a66-c311ad233868 not found
	at org.apache.hadoop.hdds.scm.pipeline.PipelineStateMap.getPipeline(PipelineStateMap.java:132)
	at org.apache.hadoop.hdds.scm.pipeline.PipelineStateMap.removePipeline(PipelineStateMap.java:322)
	at org.apache.hadoop.hdds.scm.pipeline.PipelineStateManager.removePipeline(PipelineStateManager.java:107)
	at org.apache.hadoop.hdds.scm.pipeline.SCMPipelineManager.removePipeline(SCMPipelineManager.java:423)
	at org.apache.hadoop.hdds.scm.pipeline.SCMPipelineManager.destroyPipeline(SCMPipelineManager.java:409)
	at org.apache.hadoop.hdds.scm.pipeline.SCMPipelineManager.lambda$finalizeAndDestroyPipeline$0(SCMPipelineManager.java:318)
	at org.apache.hadoop.utils.Scheduler.lambda$schedule$1(Scheduler.java:68)
	at java.util.concurrent.Executors$RunnableAdapter.call(Executors.java:511)
	at java.util.concurrent.FutureTask.run(FutureTask.java:266)
	at java.util.concurrent.ScheduledThreadPoolExecutor$ScheduledFutureTask.access$201(ScheduledThreadPoolExecutor.java:180)
	at java.util.concurrent.ScheduledThreadPoolExecutor$ScheduledFutureTask.run(ScheduledThreadPoolExecutor.java:293)
	at java.util.concurrent.ThreadPoolExecutor.runWorker(ThreadPoolExecutor.java:1149)
	at java.util.concurrent.ThreadPoolExecutor$Worker.run(ThreadPoolExecutor.java:624)
	at java.lang.Thread.run(Thread.java:748)
2019-09-17 22:39:24,517 [java.util.concurrent.ThreadPoolExecutor$Worker@29da62d0[State = -1, empty queue]] WARN  server.GrpcLogAppender (GrpcLogAppender.java:timeoutAppendRequest(200)) - 80bd91bd-ab17-414e-9fbc-bd509e19448d@group-D35E5DAA4B7D->fc7af808-7c3b-4e7d-bcd4-16788f7c0c06-GrpcLogAppender: appendEntries Timeout, request=80bd91bd-ab17-414e-9fbc-bd509e19448d->fc7af808-7c3b-4e7d-bcd4-16788f7c0c06#113-t1, previous=(t:1, i:20), leaderCommit=14, initializing? false, entries: <empty>
2019-09-17 22:39:24,517 [java.util.concurrent.ThreadPoolExecutor$Worker@1fb783c8[State = -1, empty queue]] WARN  server.GrpcLogAppender (GrpcLogAppender.java:timeoutAppendRequest(200)) - 80bd91bd-ab17-414e-9fbc-bd509e19448d@group-D35E5DAA4B7D->3de10ab2-5aa8-4456-b48c-00692585ccec-GrpcLogAppender: appendEntries Timeout, request=80bd91bd-ab17-414e-9fbc-bd509e19448d->3de10ab2-5aa8-4456-b48c-00692585ccec#113-t1, previous=(t:1, i:20), leaderCommit=14, initializing? false, entries: <empty>
2019-09-17 22:39:24,661 [grpc-default-executor-1] INFO  impl.RaftServerProxy (RaftServerProxy.java:remove(95)) - f4adb48a-7d7d-4db9-96e8-d2aa5901bd52: remove group-C311AD233868:null
2019-09-17 22:39:24,664 [RatisPipelineUtilsThread] WARN  pipeline.RatisPipelineUtils (RatisPipelineUtils.java:destroyPipeline(66)) - Pipeline destroy failed for pipeline=PipelineID=0b7a50c3-0882-4d89-8a66-c311ad233868 dn=f4adb48a-7d7d-4db9-96e8-d2aa5901bd52{ip: 192.168.5.156, host: pr-hdds-2121-pbfts-3191465506, networkLocation: /default-rack, certSerialId: null}
2019-09-17 22:39:24,666 [grpc-default-executor-1] INFO  impl.RaftServerProxy (RaftServerProxy.java:remove(95)) - bba25625-58dd-4c9e-929d-1a2e91bc3828: remove group-C311AD233868:null
2019-09-17 22:39:24,668 [RatisPipelineUtilsThread] WARN  pipeline.RatisPipelineUtils (RatisPipelineUtils.java:destroyPipeline(66)) - Pipeline destroy failed for pipeline=PipelineID=0b7a50c3-0882-4d89-8a66-c311ad233868 dn=bba25625-58dd-4c9e-929d-1a2e91bc3828{ip: 192.168.5.156, host: pr-hdds-2121-pbfts-3191465506, networkLocation: /default-rack, certSerialId: null}
2019-09-17 22:39:24,670 [grpc-default-executor-1] INFO  impl.RaftServerProxy (RaftServerProxy.java:remove(95)) - 41f4c1b5-d215-4831-aa76-48270f5e0061: remove group-C311AD233868:null
2019-09-17 22:39:24,672 [RatisPipelineUtilsThread] WARN  pipeline.RatisPipelineUtils (RatisPipelineUtils.java:destroyPipeline(66)) - Pipeline destroy failed for pipeline=PipelineID=0b7a50c3-0882-4d89-8a66-c311ad233868 dn=41f4c1b5-d215-4831-aa76-48270f5e0061{ip: 192.168.5.156, host: pr-hdds-2121-pbfts-3191465506, networkLocation: /default-rack, certSerialId: null}
2019-09-17 22:39:24,672 [RatisPipelineUtilsThread] ERROR pipeline.SCMPipelineManager (Scheduler.java:lambda$schedule$1(70)) - Destroy pipeline failed for pipeline:Pipeline[ Id: 0b7a50c3-0882-4d89-8a66-c311ad233868, Nodes: f4adb48a-7d7d-4db9-96e8-d2aa5901bd52{ip: 192.168.5.156, host: pr-hdds-2121-pbfts-3191465506, networkLocation: /default-rack, certSerialId: null}bba25625-58dd-4c9e-929d-1a2e91bc3828{ip: 192.168.5.156, host: pr-hdds-2121-pbfts-3191465506, networkLocation: /default-rack, certSerialId: null}41f4c1b5-d215-4831-aa76-48270f5e0061{ip: 192.168.5.156, host: pr-hdds-2121-pbfts-3191465506, networkLocation: /default-rack, certSerialId: null}, Type:RATIS, Factor:THREE, State:CLOSED]
org.apache.hadoop.hdds.scm.pipeline.PipelineNotFoundException: PipelineID=0b7a50c3-0882-4d89-8a66-c311ad233868 not found
	at org.apache.hadoop.hdds.scm.pipeline.PipelineStateMap.getPipeline(PipelineStateMap.java:132)
	at org.apache.hadoop.hdds.scm.pipeline.PipelineStateMap.removePipeline(PipelineStateMap.java:322)
	at org.apache.hadoop.hdds.scm.pipeline.PipelineStateManager.removePipeline(PipelineStateManager.java:107)
	at org.apache.hadoop.hdds.scm.pipeline.SCMPipelineManager.removePipeline(SCMPipelineManager.java:423)
	at org.apache.hadoop.hdds.scm.pipeline.SCMPipelineManager.destroyPipeline(SCMPipelineManager.java:409)
	at org.apache.hadoop.hdds.scm.pipeline.SCMPipelineManager.lambda$finalizeAndDestroyPipeline$0(SCMPipelineManager.java:318)
	at org.apache.hadoop.utils.Scheduler.lambda$schedule$1(Scheduler.java:68)
	at java.util.concurrent.Executors$RunnableAdapter.call(Executors.java:511)
	at java.util.concurrent.FutureTask.run(FutureTask.java:266)
	at java.util.concurrent.ScheduledThreadPoolExecutor$ScheduledFutureTask.access$201(ScheduledThreadPoolExecutor.java:180)
	at java.util.concurrent.ScheduledThreadPoolExecutor$ScheduledFutureTask.run(ScheduledThreadPoolExecutor.java:293)
	at java.util.concurrent.ThreadPoolExecutor.runWorker(ThreadPoolExecutor.java:1149)
	at java.util.concurrent.ThreadPoolExecutor$Worker.run(ThreadPoolExecutor.java:624)
	at java.lang.Thread.run(Thread.java:748)
2019-09-17 22:39:27,018 [java.util.concurrent.ThreadPoolExecutor$Worker@29da62d0[State = -1, empty queue]] WARN  server.GrpcLogAppender (GrpcLogAppender.java:timeoutAppendRequest(200)) - 80bd91bd-ab17-414e-9fbc-bd509e19448d@group-D35E5DAA4B7D->fc7af808-7c3b-4e7d-bcd4-16788f7c0c06-GrpcLogAppender: appendEntries Timeout, request=80bd91bd-ab17-414e-9fbc-bd509e19448d->fc7af808-7c3b-4e7d-bcd4-16788f7c0c06#114-t1, previous=(t:1, i:20), leaderCommit=14, initializing? false, entries: <empty>
2019-09-17 22:39:27,018 [java.util.concurrent.ThreadPoolExecutor$Worker@1fb783c8[State = -1, empty queue]] WARN  server.GrpcLogAppender (GrpcLogAppender.java:timeoutAppendRequest(200)) - 80bd91bd-ab17-414e-9fbc-bd509e19448d@group-D35E5DAA4B7D->3de10ab2-5aa8-4456-b48c-00692585ccec-GrpcLogAppender: appendEntries Timeout, request=80bd91bd-ab17-414e-9fbc-bd509e19448d->3de10ab2-5aa8-4456-b48c-00692585ccec#114-t1, previous=(t:1, i:20), leaderCommit=14, initializing? false, entries: <empty>
2019-09-17 22:39:27,047 [grpc-default-executor-5] INFO  client.GrpcClientProtocolClient (GrpcClientProtocolClient.java:onNext(264)) - client-20B9A50446D7->fc7af808-7c3b-4e7d-bcd4-16788f7c0c06: receive RaftClientReply:client-20B9A50446D7->fc7af808-7c3b-4e7d-bcd4-16788f7c0c06@group-D35E5DAA4B7D, cid=143, FAILED org.apache.ratis.protocol.NotLeaderException: Server fc7af808-7c3b-4e7d-bcd4-16788f7c0c06@group-D35E5DAA4B7D is not the leader 80bd91bd-ab17-414e-9fbc-bd509e19448d:192.168.5.156:34851, logIndex=0, commits[fc7af808-7c3b-4e7d-bcd4-16788f7c0c06:c14, 3de10ab2-5aa8-4456-b48c-00692585ccec:c13, 80bd91bd-ab17-414e-9fbc-bd509e19448d:c14]
2019-09-17 22:39:27,656 [grpc-default-executor-4] INFO  impl.RaftServerProxy (RaftServerProxy.java:remove(95)) - f4adb48a-7d7d-4db9-96e8-d2aa5901bd52: remove group-C311AD233868:null
2019-09-17 22:39:27,659 [RatisPipelineUtilsThread] WARN  pipeline.RatisPipelineUtils (RatisPipelineUtils.java:destroyPipeline(66)) - Pipeline destroy failed for pipeline=PipelineID=0b7a50c3-0882-4d89-8a66-c311ad233868 dn=f4adb48a-7d7d-4db9-96e8-d2aa5901bd52{ip: 192.168.5.156, host: pr-hdds-2121-pbfts-3191465506, networkLocation: /default-rack, certSerialId: null}
2019-09-17 22:39:27,661 [grpc-default-executor-4] INFO  impl.RaftServerProxy (RaftServerProxy.java:remove(95)) - bba25625-58dd-4c9e-929d-1a2e91bc3828: remove group-C311AD233868:null
2019-09-17 22:39:27,663 [RatisPipelineUtilsThread] WARN  pipeline.RatisPipelineUtils (RatisPipelineUtils.java:destroyPipeline(66)) - Pipeline destroy failed for pipeline=PipelineID=0b7a50c3-0882-4d89-8a66-c311ad233868 dn=bba25625-58dd-4c9e-929d-1a2e91bc3828{ip: 192.168.5.156, host: pr-hdds-2121-pbfts-3191465506, networkLocation: /default-rack, certSerialId: null}
2019-09-17 22:39:27,665 [grpc-default-executor-4] INFO  impl.RaftServerProxy (RaftServerProxy.java:remove(95)) - 41f4c1b5-d215-4831-aa76-48270f5e0061: remove group-C311AD233868:null
2019-09-17 22:39:27,667 [RatisPipelineUtilsThread] WARN  pipeline.RatisPipelineUtils (RatisPipelineUtils.java:destroyPipeline(66)) - Pipeline destroy failed for pipeline=PipelineID=0b7a50c3-0882-4d89-8a66-c311ad233868 dn=41f4c1b5-d215-4831-aa76-48270f5e0061{ip: 192.168.5.156, host: pr-hdds-2121-pbfts-3191465506, networkLocation: /default-rack, certSerialId: null}
2019-09-17 22:39:27,668 [RatisPipelineUtilsThread] ERROR pipeline.SCMPipelineManager (Scheduler.java:lambda$schedule$1(70)) - Destroy pipeline failed for pipeline:Pipeline[ Id: 0b7a50c3-0882-4d89-8a66-c311ad233868, Nodes: f4adb48a-7d7d-4db9-96e8-d2aa5901bd52{ip: 192.168.5.156, host: pr-hdds-2121-pbfts-3191465506, networkLocation: /default-rack, certSerialId: null}bba25625-58dd-4c9e-929d-1a2e91bc3828{ip: 192.168.5.156, host: pr-hdds-2121-pbfts-3191465506, networkLocation: /default-rack, certSerialId: null}41f4c1b5-d215-4831-aa76-48270f5e0061{ip: 192.168.5.156, host: pr-hdds-2121-pbfts-3191465506, networkLocation: /default-rack, certSerialId: null}, Type:RATIS, Factor:THREE, State:CLOSED]
org.apache.hadoop.hdds.scm.pipeline.PipelineNotFoundException: PipelineID=0b7a50c3-0882-4d89-8a66-c311ad233868 not found
	at org.apache.hadoop.hdds.scm.pipeline.PipelineStateMap.getPipeline(PipelineStateMap.java:132)
	at org.apache.hadoop.hdds.scm.pipeline.PipelineStateMap.removePipeline(PipelineStateMap.java:322)
	at org.apache.hadoop.hdds.scm.pipeline.PipelineStateManager.removePipeline(PipelineStateManager.java:107)
	at org.apache.hadoop.hdds.scm.pipeline.SCMPipelineManager.removePipeline(SCMPipelineManager.java:423)
	at org.apache.hadoop.hdds.scm.pipeline.SCMPipelineManager.destroyPipeline(SCMPipelineManager.java:409)
	at org.apache.hadoop.hdds.scm.pipeline.SCMPipelineManager.lambda$finalizeAndDestroyPipeline$0(SCMPipelineManager.java:318)
	at org.apache.hadoop.utils.Scheduler.lambda$schedule$1(Scheduler.java:68)
	at java.util.concurrent.Executors$RunnableAdapter.call(Executors.java:511)
	at java.util.concurrent.FutureTask.run(FutureTask.java:266)
	at java.util.concurrent.ScheduledThreadPoolExecutor$ScheduledFutureTask.access$201(ScheduledThreadPoolExecutor.java:180)
	at java.util.concurrent.ScheduledThreadPoolExecutor$ScheduledFutureTask.run(ScheduledThreadPoolExecutor.java:293)
	at java.util.concurrent.ThreadPoolExecutor.runWorker(ThreadPoolExecutor.java:1149)
	at java.util.concurrent.ThreadPoolExecutor$Worker.run(ThreadPoolExecutor.java:624)
	at java.lang.Thread.run(Thread.java:748)
2019-09-17 22:39:29,519 [java.util.concurrent.ThreadPoolExecutor$Worker@1fb783c8[State = -1, empty queue]] WARN  server.GrpcLogAppender (GrpcLogAppender.java:timeoutAppendRequest(200)) - 80bd91bd-ab17-414e-9fbc-bd509e19448d@group-D35E5DAA4B7D->3de10ab2-5aa8-4456-b48c-00692585ccec-GrpcLogAppender: appendEntries Timeout, request=80bd91bd-ab17-414e-9fbc-bd509e19448d->3de10ab2-5aa8-4456-b48c-00692585ccec#115-t1, previous=(t:1, i:20), leaderCommit=14, initializing? false, entries: <empty>
2019-09-17 22:39:29,519 [java.util.concurrent.ThreadPoolExecutor$Worker@29da62d0[State = -1, empty queue]] WARN  server.GrpcLogAppender (GrpcLogAppender.java:timeoutAppendRequest(200)) - 80bd91bd-ab17-414e-9fbc-bd509e19448d@group-D35E5DAA4B7D->fc7af808-7c3b-4e7d-bcd4-16788f7c0c06-GrpcLogAppender: appendEntries Timeout, request=80bd91bd-ab17-414e-9fbc-bd509e19448d->fc7af808-7c3b-4e7d-bcd4-16788f7c0c06#115-t1, previous=(t:1, i:20), leaderCommit=14, initializing? false, entries: <empty>
2019-09-17 22:39:29,658 [grpc-default-executor-4] INFO  impl.RaftServerProxy (RaftServerProxy.java:remove(95)) - f4adb48a-7d7d-4db9-96e8-d2aa5901bd52: remove group-C311AD233868:null
2019-09-17 22:39:29,661 [RatisPipelineUtilsThread] WARN  pipeline.RatisPipelineUtils (RatisPipelineUtils.java:destroyPipeline(66)) - Pipeline destroy failed for pipeline=PipelineID=0b7a50c3-0882-4d89-8a66-c311ad233868 dn=f4adb48a-7d7d-4db9-96e8-d2aa5901bd52{ip: 192.168.5.156, host: pr-hdds-2121-pbfts-3191465506, networkLocation: /default-rack, certSerialId: null}
2019-09-17 22:39:29,664 [grpc-default-executor-4] INFO  impl.RaftServerProxy (RaftServerProxy.java:remove(95)) - bba25625-58dd-4c9e-929d-1a2e91bc3828: remove group-C311AD233868:null
2019-09-17 22:39:29,674 [RatisPipelineUtilsThread] WARN  pipeline.RatisPipelineUtils (RatisPipelineUtils.java:destroyPipeline(66)) - Pipeline destroy failed for pipeline=PipelineID=0b7a50c3-0882-4d89-8a66-c311ad233868 dn=bba25625-58dd-4c9e-929d-1a2e91bc3828{ip: 192.168.5.156, host: pr-hdds-2121-pbfts-3191465506, networkLocation: /default-rack, certSerialId: null}
2019-09-17 22:39:29,677 [grpc-default-executor-4] INFO  impl.RaftServerProxy (RaftServerProxy.java:remove(95)) - 41f4c1b5-d215-4831-aa76-48270f5e0061: remove group-C311AD233868:null
2019-09-17 22:39:29,692 [RatisPipelineUtilsThread] WARN  pipeline.RatisPipelineUtils (RatisPipelineUtils.java:destroyPipeline(66)) - Pipeline destroy failed for pipeline=PipelineID=0b7a50c3-0882-4d89-8a66-c311ad233868 dn=41f4c1b5-d215-4831-aa76-48270f5e0061{ip: 192.168.5.156, host: pr-hdds-2121-pbfts-3191465506, networkLocation: /default-rack, certSerialId: null}
2019-09-17 22:39:29,693 [RatisPipelineUtilsThread] ERROR pipeline.SCMPipelineManager (Scheduler.java:lambda$schedule$1(70)) - Destroy pipeline failed for pipeline:Pipeline[ Id: 0b7a50c3-0882-4d89-8a66-c311ad233868, Nodes: f4adb48a-7d7d-4db9-96e8-d2aa5901bd52{ip: 192.168.5.156, host: pr-hdds-2121-pbfts-3191465506, networkLocation: /default-rack, certSerialId: null}bba25625-58dd-4c9e-929d-1a2e91bc3828{ip: 192.168.5.156, host: pr-hdds-2121-pbfts-3191465506, networkLocation: /default-rack, certSerialId: null}41f4c1b5-d215-4831-aa76-48270f5e0061{ip: 192.168.5.156, host: pr-hdds-2121-pbfts-3191465506, networkLocation: /default-rack, certSerialId: null}, Type:RATIS, Factor:THREE, State:CLOSED]
org.apache.hadoop.hdds.scm.pipeline.PipelineNotFoundException: PipelineID=0b7a50c3-0882-4d89-8a66-c311ad233868 not found
	at org.apache.hadoop.hdds.scm.pipeline.PipelineStateMap.getPipeline(PipelineStateMap.java:132)
	at org.apache.hadoop.hdds.scm.pipeline.PipelineStateMap.removePipeline(PipelineStateMap.java:322)
	at org.apache.hadoop.hdds.scm.pipeline.PipelineStateManager.removePipeline(PipelineStateManager.java:107)
	at org.apache.hadoop.hdds.scm.pipeline.SCMPipelineManager.removePipeline(SCMPipelineManager.java:423)
	at org.apache.hadoop.hdds.scm.pipeline.SCMPipelineManager.destroyPipeline(SCMPipelineManager.java:409)
	at org.apache.hadoop.hdds.scm.pipeline.SCMPipelineManager.lambda$finalizeAndDestroyPipeline$0(SCMPipelineManager.java:318)
	at org.apache.hadoop.utils.Scheduler.lambda$schedule$1(Scheduler.java:68)
	at java.util.concurrent.Executors$RunnableAdapter.call(Executors.java:511)
	at java.util.concurrent.FutureTask.run(FutureTask.java:266)
	at java.util.concurrent.ScheduledThreadPoolExecutor$ScheduledFutureTask.access$201(ScheduledThreadPoolExecutor.java:180)
	at java.util.concurrent.ScheduledThreadPoolExecutor$ScheduledFutureTask.run(ScheduledThreadPoolExecutor.java:293)
	at java.util.concurrent.ThreadPoolExecutor.runWorker(ThreadPoolExecutor.java:1149)
	at java.util.concurrent.ThreadPoolExecutor$Worker.run(ThreadPoolExecutor.java:624)
	at java.lang.Thread.run(Thread.java:748)
2019-09-17 22:39:31,503 [3de10ab2-5aa8-4456-b48c-00692585ccec@group-D35E5DAA4B7D-SegmentedRaftLogWorker] WARN  segmented.SegmentedRaftLogWorker (SegmentedRaftLogWorker.java:getFromFuture(90)) - Timeout 5/~
org.apache.ratis.protocol.TimeoutIOException: Timeout 10s: WriteLog:15: (t:1, i:15), STATEMACHINELOGENTRY, client-20B9A50446D7, cid=143-writeStateMachineData
	at org.apache.ratis.util.IOUtils.getFromFuture(IOUtils.java:87)
	at org.apache.ratis.server.raftlog.segmented.SegmentedRaftLogWorker$StateMachineDataPolicy.getFromFuture(SegmentedRaftLogWorker.java:87)
	at org.apache.ratis.server.raftlog.segmented.SegmentedRaftLogWorker$WriteLog.execute(SegmentedRaftLogWorker.java:477)
	at org.apache.ratis.server.raftlog.segmented.SegmentedRaftLogWorker.run(SegmentedRaftLogWorker.java:289)
	at java.lang.Thread.run(Thread.java:748)
Caused by: java.util.concurrent.TimeoutException
	at java.util.concurrent.CompletableFuture.timedGet(CompletableFuture.java:1771)
	at java.util.concurrent.CompletableFuture.get(CompletableFuture.java:1915)
	at org.apache.ratis.util.IOUtils.getFromFuture(IOUtils.java:79)
	... 4 more
2019-09-17 22:39:31,696 [fc7af808-7c3b-4e7d-bcd4-16788f7c0c06@group-D35E5DAA4B7D-SegmentedRaftLogWorker] WARN  segmented.SegmentedRaftLogWorker (SegmentedRaftLogWorker.java:getFromFuture(90)) - Timeout 5/~
org.apache.ratis.protocol.TimeoutIOException: Timeout 10s: WriteLog:16: (t:1, i:16), STATEMACHINELOGENTRY, client-20B9A50446D7, cid=144-writeStateMachineData
	at org.apache.ratis.util.IOUtils.getFromFuture(IOUtils.java:87)
	at org.apache.ratis.server.raftlog.segmented.SegmentedRaftLogWorker$StateMachineDataPolicy.getFromFuture(SegmentedRaftLogWorker.java:87)
	at org.apache.ratis.server.raftlog.segmented.SegmentedRaftLogWorker$WriteLog.execute(SegmentedRaftLogWorker.java:477)
	at org.apache.ratis.server.raftlog.segmented.SegmentedRaftLogWorker.run(SegmentedRaftLogWorker.java:289)
	at java.lang.Thread.run(Thread.java:748)
Caused by: java.util.concurrent.TimeoutException
	at java.util.concurrent.CompletableFuture.timedGet(CompletableFuture.java:1771)
	at java.util.concurrent.CompletableFuture.get(CompletableFuture.java:1915)
	at org.apache.ratis.util.IOUtils.getFromFuture(IOUtils.java:79)
	... 4 more
2019-09-17 22:39:31,697 [80bd91bd-ab17-414e-9fbc-bd509e19448d@group-D35E5DAA4B7D-SegmentedRaftLogWorker] WARN  segmented.SegmentedRaftLogWorker (SegmentedRaftLogWorker.java:getFromFuture(90)) - Timeout 5/~
org.apache.ratis.protocol.TimeoutIOException: Timeout 10s: WriteLog:16: (t:1, i:16), STATEMACHINELOGENTRY, client-20B9A50446D7, cid=144-writeStateMachineData
	at org.apache.ratis.util.IOUtils.getFromFuture(IOUtils.java:87)
	at org.apache.ratis.server.raftlog.segmented.SegmentedRaftLogWorker$StateMachineDataPolicy.getFromFuture(SegmentedRaftLogWorker.java:87)
	at org.apache.ratis.server.raftlog.segmented.SegmentedRaftLogWorker$WriteLog.execute(SegmentedRaftLogWorker.java:477)
	at org.apache.ratis.server.raftlog.segmented.SegmentedRaftLogWorker.run(SegmentedRaftLogWorker.java:289)
	at java.lang.Thread.run(Thread.java:748)
Caused by: java.util.concurrent.TimeoutException
	at java.util.concurrent.CompletableFuture.timedGet(CompletableFuture.java:1771)
	at java.util.concurrent.CompletableFuture.get(CompletableFuture.java:1915)
	at org.apache.ratis.util.IOUtils.getFromFuture(IOUtils.java:79)
	... 4 more
2019-09-17 22:39:32,019 [java.util.concurrent.ThreadPoolExecutor$Worker@1fb783c8[State = -1, empty queue]] WARN  server.GrpcLogAppender (GrpcLogAppender.java:timeoutAppendRequest(200)) - 80bd91bd-ab17-414e-9fbc-bd509e19448d@group-D35E5DAA4B7D->3de10ab2-5aa8-4456-b48c-00692585ccec-GrpcLogAppender: appendEntries Timeout, request=80bd91bd-ab17-414e-9fbc-bd509e19448d->3de10ab2-5aa8-4456-b48c-00692585ccec#116-t1, previous=(t:1, i:20), leaderCommit=14, initializing? false, entries: <empty>
2019-09-17 22:39:32,019 [java.util.concurrent.ThreadPoolExecutor$Worker@29da62d0[State = -1, empty queue]] WARN  server.GrpcLogAppender (GrpcLogAppender.java:timeoutAppendRequest(200)) - 80bd91bd-ab17-414e-9fbc-bd509e19448d@group-D35E5DAA4B7D->fc7af808-7c3b-4e7d-bcd4-16788f7c0c06-GrpcLogAppender: appendEntries Timeout, request=80bd91bd-ab17-414e-9fbc-bd509e19448d->fc7af808-7c3b-4e7d-bcd4-16788f7c0c06#116-t1, previous=(t:1, i:20), leaderCommit=14, initializing? false, entries: <empty>
2019-09-17 22:39:32,088 [grpc-default-executor-4] INFO  client.GrpcClientProtocolClient (GrpcClientProtocolClient.java:onNext(264)) - client-20B9A50446D7->fc7af808-7c3b-4e7d-bcd4-16788f7c0c06: receive RaftClientReply:client-20B9A50446D7->fc7af808-7c3b-4e7d-bcd4-16788f7c0c06@group-D35E5DAA4B7D, cid=143, FAILED org.apache.ratis.protocol.NotLeaderException: Server fc7af808-7c3b-4e7d-bcd4-16788f7c0c06@group-D35E5DAA4B7D is not the leader 80bd91bd-ab17-414e-9fbc-bd509e19448d:192.168.5.156:34851, logIndex=0, commits[fc7af808-7c3b-4e7d-bcd4-16788f7c0c06:c14, 3de10ab2-5aa8-4456-b48c-00692585ccec:c13, 80bd91bd-ab17-414e-9fbc-bd509e19448d:c14]
2019-09-17 22:39:32,656 [grpc-default-executor-1] INFO  impl.RaftServerProxy (RaftServerProxy.java:remove(95)) - f4adb48a-7d7d-4db9-96e8-d2aa5901bd52: remove group-C311AD233868:null
2019-09-17 22:39:32,659 [RatisPipelineUtilsThread] WARN  pipeline.RatisPipelineUtils (RatisPipelineUtils.java:destroyPipeline(66)) - Pipeline destroy failed for pipeline=PipelineID=0b7a50c3-0882-4d89-8a66-c311ad233868 dn=f4adb48a-7d7d-4db9-96e8-d2aa5901bd52{ip: 192.168.5.156, host: pr-hdds-2121-pbfts-3191465506, networkLocation: /default-rack, certSerialId: null}
2019-09-17 22:39:32,662 [grpc-default-executor-1] INFO  impl.RaftServerProxy (RaftServerProxy.java:remove(95)) - bba25625-58dd-4c9e-929d-1a2e91bc3828: remove group-C311AD233868:null
2019-09-17 22:39:32,664 [RatisPipelineUtilsThread] WARN  pipeline.RatisPipelineUtils (RatisPipelineUtils.java:destroyPipeline(66)) - Pipeline destroy failed for pipeline=PipelineID=0b7a50c3-0882-4d89-8a66-c311ad233868 dn=bba25625-58dd-4c9e-929d-1a2e91bc3828{ip: 192.168.5.156, host: pr-hdds-2121-pbfts-3191465506, networkLocation: /default-rack, certSerialId: null}
2019-09-17 22:39:32,667 [grpc-default-executor-1] INFO  impl.RaftServerProxy (RaftServerProxy.java:remove(95)) - 41f4c1b5-d215-4831-aa76-48270f5e0061: remove group-C311AD233868:null
2019-09-17 22:39:32,669 [RatisPipelineUtilsThread] WARN  pipeline.RatisPipelineUtils (RatisPipelineUtils.java:destroyPipeline(66)) - Pipeline destroy failed for pipeline=PipelineID=0b7a50c3-0882-4d89-8a66-c311ad233868 dn=41f4c1b5-d215-4831-aa76-48270f5e0061{ip: 192.168.5.156, host: pr-hdds-2121-pbfts-3191465506, networkLocation: /default-rack, certSerialId: null}
2019-09-17 22:39:32,669 [RatisPipelineUtilsThread] ERROR pipeline.SCMPipelineManager (Scheduler.java:lambda$schedule$1(70)) - Destroy pipeline failed for pipeline:Pipeline[ Id: 0b7a50c3-0882-4d89-8a66-c311ad233868, Nodes: f4adb48a-7d7d-4db9-96e8-d2aa5901bd52{ip: 192.168.5.156, host: pr-hdds-2121-pbfts-3191465506, networkLocation: /default-rack, certSerialId: null}bba25625-58dd-4c9e-929d-1a2e91bc3828{ip: 192.168.5.156, host: pr-hdds-2121-pbfts-3191465506, networkLocation: /default-rack, certSerialId: null}41f4c1b5-d215-4831-aa76-48270f5e0061{ip: 192.168.5.156, host: pr-hdds-2121-pbfts-3191465506, networkLocation: /default-rack, certSerialId: null}, Type:RATIS, Factor:THREE, State:CLOSED]
org.apache.hadoop.hdds.scm.pipeline.PipelineNotFoundException: PipelineID=0b7a50c3-0882-4d89-8a66-c311ad233868 not found
	at org.apache.hadoop.hdds.scm.pipeline.PipelineStateMap.getPipeline(PipelineStateMap.java:132)
	at org.apache.hadoop.hdds.scm.pipeline.PipelineStateMap.removePipeline(PipelineStateMap.java:322)
	at org.apache.hadoop.hdds.scm.pipeline.PipelineStateManager.removePipeline(PipelineStateManager.java:107)
	at org.apache.hadoop.hdds.scm.pipeline.SCMPipelineManager.removePipeline(SCMPipelineManager.java:423)
	at org.apache.hadoop.hdds.scm.pipeline.SCMPipelineManager.destroyPipeline(SCMPipelineManager.java:409)
	at org.apache.hadoop.hdds.scm.pipeline.SCMPipelineManager.lambda$finalizeAndDestroyPipeline$0(SCMPipelineManager.java:318)
	at org.apache.hadoop.utils.Scheduler.lambda$schedule$1(Scheduler.java:68)
	at java.util.concurrent.Executors$RunnableAdapter.call(Executors.java:511)
	at java.util.concurrent.FutureTask.run(FutureTask.java:266)
	at java.util.concurrent.ScheduledThreadPoolExecutor$ScheduledFutureTask.access$201(ScheduledThreadPoolExecutor.java:180)
	at java.util.concurrent.ScheduledThreadPoolExecutor$ScheduledFutureTask.run(ScheduledThreadPoolExecutor.java:293)
	at java.util.concurrent.ThreadPoolExecutor.runWorker(ThreadPoolExecutor.java:1149)
	at java.util.concurrent.ThreadPoolExecutor$Worker.run(ThreadPoolExecutor.java:624)
	at java.lang.Thread.run(Thread.java:748)
2019-09-17 22:39:34,519 [java.util.concurrent.ThreadPoolExecutor$Worker@29da62d0[State = -1, empty queue]] WARN  server.GrpcLogAppender (GrpcLogAppender.java:timeoutAppendRequest(200)) - 80bd91bd-ab17-414e-9fbc-bd509e19448d@group-D35E5DAA4B7D->fc7af808-7c3b-4e7d-bcd4-16788f7c0c06-GrpcLogAppender: appendEntries Timeout, request=80bd91bd-ab17-414e-9fbc-bd509e19448d->fc7af808-7c3b-4e7d-bcd4-16788f7c0c06#117-t1, previous=(t:1, i:20), leaderCommit=14, initializing? false, entries: <empty>
2019-09-17 22:39:34,519 [java.util.concurrent.ThreadPoolExecutor$Worker@1fb783c8[State = -1, empty queue]] WARN  server.GrpcLogAppender (GrpcLogAppender.java:timeoutAppendRequest(200)) - 80bd91bd-ab17-414e-9fbc-bd509e19448d@group-D35E5DAA4B7D->3de10ab2-5aa8-4456-b48c-00692585ccec-GrpcLogAppender: appendEntries Timeout, request=80bd91bd-ab17-414e-9fbc-bd509e19448d->3de10ab2-5aa8-4456-b48c-00692585ccec#117-t1, previous=(t:1, i:20), leaderCommit=14, initializing? false, entries: <empty>
2019-09-17 22:39:34,658 [grpc-default-executor-1] INFO  impl.RaftServerProxy (RaftServerProxy.java:remove(95)) - f4adb48a-7d7d-4db9-96e8-d2aa5901bd52: remove group-C311AD233868:null
2019-09-17 22:39:34,661 [RatisPipelineUtilsThread] WARN  pipeline.RatisPipelineUtils (RatisPipelineUtils.java:destroyPipeline(66)) - Pipeline destroy failed for pipeline=PipelineID=0b7a50c3-0882-4d89-8a66-c311ad233868 dn=f4adb48a-7d7d-4db9-96e8-d2aa5901bd52{ip: 192.168.5.156, host: pr-hdds-2121-pbfts-3191465506, networkLocation: /default-rack, certSerialId: null}
2019-09-17 22:39:34,664 [grpc-default-executor-1] INFO  impl.RaftServerProxy (RaftServerProxy.java:remove(95)) - bba25625-58dd-4c9e-929d-1a2e91bc3828: remove group-C311AD233868:null
2019-09-17 22:39:34,666 [RatisPipelineUtilsThread] WARN  pipeline.RatisPipelineUtils (RatisPipelineUtils.java:destroyPipeline(66)) - Pipeline destroy failed for pipeline=PipelineID=0b7a50c3-0882-4d89-8a66-c311ad233868 dn=bba25625-58dd-4c9e-929d-1a2e91bc3828{ip: 192.168.5.156, host: pr-hdds-2121-pbfts-3191465506, networkLocation: /default-rack, certSerialId: null}
2019-09-17 22:39:34,669 [grpc-default-executor-1] INFO  impl.RaftServerProxy (RaftServerProxy.java:remove(95)) - 41f4c1b5-d215-4831-aa76-48270f5e0061: remove group-C311AD233868:null
2019-09-17 22:39:34,671 [RatisPipelineUtilsThread] WARN  pipeline.RatisPipelineUtils (RatisPipelineUtils.java:destroyPipeline(66)) - Pipeline destroy failed for pipeline=PipelineID=0b7a50c3-0882-4d89-8a66-c311ad233868 dn=41f4c1b5-d215-4831-aa76-48270f5e0061{ip: 192.168.5.156, host: pr-hdds-2121-pbfts-3191465506, networkLocation: /default-rack, certSerialId: null}
2019-09-17 22:39:34,671 [RatisPipelineUtilsThread] ERROR pipeline.SCMPipelineManager (Scheduler.java:lambda$schedule$1(70)) - Destroy pipeline failed for pipeline:Pipeline[ Id: 0b7a50c3-0882-4d89-8a66-c311ad233868, Nodes: f4adb48a-7d7d-4db9-96e8-d2aa5901bd52{ip: 192.168.5.156, host: pr-hdds-2121-pbfts-3191465506, networkLocation: /default-rack, certSerialId: null}bba25625-58dd-4c9e-929d-1a2e91bc3828{ip: 192.168.5.156, host: pr-hdds-2121-pbfts-3191465506, networkLocation: /default-rack, certSerialId: null}41f4c1b5-d215-4831-aa76-48270f5e0061{ip: 192.168.5.156, host: pr-hdds-2121-pbfts-3191465506, networkLocation: /default-rack, certSerialId: null}, Type:RATIS, Factor:THREE, State:CLOSED]
org.apache.hadoop.hdds.scm.pipeline.PipelineNotFoundException: PipelineID=0b7a50c3-0882-4d89-8a66-c311ad233868 not found
	at org.apache.hadoop.hdds.scm.pipeline.PipelineStateMap.getPipeline(PipelineStateMap.java:132)
	at org.apache.hadoop.hdds.scm.pipeline.PipelineStateMap.removePipeline(PipelineStateMap.java:322)
	at org.apache.hadoop.hdds.scm.pipeline.PipelineStateManager.removePipeline(PipelineStateManager.java:107)
	at org.apache.hadoop.hdds.scm.pipeline.SCMPipelineManager.removePipeline(SCMPipelineManager.java:423)
	at org.apache.hadoop.hdds.scm.pipeline.SCMPipelineManager.destroyPipeline(SCMPipelineManager.java:409)
	at org.apache.hadoop.hdds.scm.pipeline.SCMPipelineManager.lambda$finalizeAndDestroyPipeline$0(SCMPipelineManager.java:318)
	at org.apache.hadoop.utils.Scheduler.lambda$schedule$1(Scheduler.java:68)
	at java.util.concurrent.Executors$RunnableAdapter.call(Executors.java:511)
	at java.util.concurrent.FutureTask.run(FutureTask.java:266)
	at java.util.concurrent.ScheduledThreadPoolExecutor$ScheduledFutureTask.access$201(ScheduledThreadPoolExecutor.java:180)
	at java.util.concurrent.ScheduledThreadPoolExecutor$ScheduledFutureTask.run(ScheduledThreadPoolExecutor.java:293)
	at java.util.concurrent.ThreadPoolExecutor.runWorker(ThreadPoolExecutor.java:1149)
	at java.util.concurrent.ThreadPoolExecutor$Worker.run(ThreadPoolExecutor.java:624)
	at java.lang.Thread.run(Thread.java:748)
2019-09-17 22:39:35,673 [grpc-default-executor-1] INFO  impl.RaftServerProxy (RaftServerProxy.java:remove(95)) - f4adb48a-7d7d-4db9-96e8-d2aa5901bd52: remove group-C311AD233868:null
2019-09-17 22:39:35,677 [RatisPipelineUtilsThread] WARN  pipeline.RatisPipelineUtils (RatisPipelineUtils.java:destroyPipeline(66)) - Pipeline destroy failed for pipeline=PipelineID=0b7a50c3-0882-4d89-8a66-c311ad233868 dn=f4adb48a-7d7d-4db9-96e8-d2aa5901bd52{ip: 192.168.5.156, host: pr-hdds-2121-pbfts-3191465506, networkLocation: /default-rack, certSerialId: null}
2019-09-17 22:39:35,680 [grpc-default-executor-1] INFO  impl.RaftServerProxy (RaftServerProxy.java:remove(95)) - bba25625-58dd-4c9e-929d-1a2e91bc3828: remove group-C311AD233868:null
2019-09-17 22:39:35,682 [RatisPipelineUtilsThread] WARN  pipeline.RatisPipelineUtils (RatisPipelineUtils.java:destroyPipeline(66)) - Pipeline destroy failed for pipeline=PipelineID=0b7a50c3-0882-4d89-8a66-c311ad233868 dn=bba25625-58dd-4c9e-929d-1a2e91bc3828{ip: 192.168.5.156, host: pr-hdds-2121-pbfts-3191465506, networkLocation: /default-rack, certSerialId: null}
2019-09-17 22:39:35,684 [grpc-default-executor-1] INFO  impl.RaftServerProxy (RaftServerProxy.java:remove(95)) - 41f4c1b5-d215-4831-aa76-48270f5e0061: remove group-C311AD233868:null
2019-09-17 22:39:35,686 [RatisPipelineUtilsThread] WARN  pipeline.RatisPipelineUtils (RatisPipelineUtils.java:destroyPipeline(66)) - Pipeline destroy failed for pipeline=PipelineID=0b7a50c3-0882-4d89-8a66-c311ad233868 dn=41f4c1b5-d215-4831-aa76-48270f5e0061{ip: 192.168.5.156, host: pr-hdds-2121-pbfts-3191465506, networkLocation: /default-rack, certSerialId: null}
2019-09-17 22:39:35,687 [RatisPipelineUtilsThread] ERROR pipeline.SCMPipelineManager (Scheduler.java:lambda$schedule$1(70)) - Destroy pipeline failed for pipeline:Pipeline[ Id: 0b7a50c3-0882-4d89-8a66-c311ad233868, Nodes: f4adb48a-7d7d-4db9-96e8-d2aa5901bd52{ip: 192.168.5.156, host: pr-hdds-2121-pbfts-3191465506, networkLocation: /default-rack, certSerialId: null}bba25625-58dd-4c9e-929d-1a2e91bc3828{ip: 192.168.5.156, host: pr-hdds-2121-pbfts-3191465506, networkLocation: /default-rack, certSerialId: null}41f4c1b5-d215-4831-aa76-48270f5e0061{ip: 192.168.5.156, host: pr-hdds-2121-pbfts-3191465506, networkLocation: /default-rack, certSerialId: null}, Type:RATIS, Factor:THREE, State:CLOSED]
org.apache.hadoop.hdds.scm.pipeline.PipelineNotFoundException: PipelineID=0b7a50c3-0882-4d89-8a66-c311ad233868 not found
	at org.apache.hadoop.hdds.scm.pipeline.PipelineStateMap.getPipeline(PipelineStateMap.java:132)
	at org.apache.hadoop.hdds.scm.pipeline.PipelineStateMap.removePipeline(PipelineStateMap.java:322)
	at org.apache.hadoop.hdds.scm.pipeline.PipelineStateManager.removePipeline(PipelineStateManager.java:107)
	at org.apache.hadoop.hdds.scm.pipeline.SCMPipelineManager.removePipeline(SCMPipelineManager.java:423)
	at org.apache.hadoop.hdds.scm.pipeline.SCMPipelineManager.destroyPipeline(SCMPipelineManager.java:409)
	at org.apache.hadoop.hdds.scm.pipeline.SCMPipelineManager.lambda$finalizeAndDestroyPipeline$0(SCMPipelineManager.java:318)
	at org.apache.hadoop.utils.Scheduler.lambda$schedule$1(Scheduler.java:68)
	at java.util.concurrent.Executors$RunnableAdapter.call(Executors.java:511)
	at java.util.concurrent.FutureTask.run(FutureTask.java:266)
	at java.util.concurrent.ScheduledThreadPoolExecutor$ScheduledFutureTask.access$201(ScheduledThreadPoolExecutor.java:180)
	at java.util.concurrent.ScheduledThreadPoolExecutor$ScheduledFutureTask.run(ScheduledThreadPoolExecutor.java:293)
	at java.util.concurrent.ThreadPoolExecutor.runWorker(ThreadPoolExecutor.java:1149)
	at java.util.concurrent.ThreadPoolExecutor$Worker.run(ThreadPoolExecutor.java:624)
	at java.lang.Thread.run(Thread.java:748)
2019-09-17 22:39:35,921 [grpc-default-executor-1] INFO  impl.RaftServerProxy (RaftServerProxy.java:remove(95)) - f4adb48a-7d7d-4db9-96e8-d2aa5901bd52: remove group-C311AD233868:null
2019-09-17 22:39:35,924 [RatisPipelineUtilsThread] WARN  pipeline.RatisPipelineUtils (RatisPipelineUtils.java:destroyPipeline(66)) - Pipeline destroy failed for pipeline=PipelineID=0b7a50c3-0882-4d89-8a66-c311ad233868 dn=f4adb48a-7d7d-4db9-96e8-d2aa5901bd52{ip: 192.168.5.156, host: pr-hdds-2121-pbfts-3191465506, networkLocation: /default-rack, certSerialId: null}
2019-09-17 22:39:35,927 [grpc-default-executor-1] INFO  impl.RaftServerProxy (RaftServerProxy.java:remove(95)) - bba25625-58dd-4c9e-929d-1a2e91bc3828: remove group-C311AD233868:null
2019-09-17 22:39:35,929 [RatisPipelineUtilsThread] WARN  pipeline.RatisPipelineUtils (RatisPipelineUtils.java:destroyPipeline(66)) - Pipeline destroy failed for pipeline=PipelineID=0b7a50c3-0882-4d89-8a66-c311ad233868 dn=bba25625-58dd-4c9e-929d-1a2e91bc3828{ip: 192.168.5.156, host: pr-hdds-2121-pbfts-3191465506, networkLocation: /default-rack, certSerialId: null}
2019-09-17 22:39:35,931 [grpc-default-executor-1] INFO  impl.RaftServerProxy (RaftServerProxy.java:remove(95)) - 41f4c1b5-d215-4831-aa76-48270f5e0061: remove group-C311AD233868:null
2019-09-17 22:39:35,934 [RatisPipelineUtilsThread] WARN  pipeline.RatisPipelineUtils (RatisPipelineUtils.java:destroyPipeline(66)) - Pipeline destroy failed for pipeline=PipelineID=0b7a50c3-0882-4d89-8a66-c311ad233868 dn=41f4c1b5-d215-4831-aa76-48270f5e0061{ip: 192.168.5.156, host: pr-hdds-2121-pbfts-3191465506, networkLocation: /default-rack, certSerialId: null}
2019-09-17 22:39:35,934 [RatisPipelineUtilsThread] ERROR pipeline.SCMPipelineManager (Scheduler.java:lambda$schedule$1(70)) - Destroy pipeline failed for pipeline:Pipeline[ Id: 0b7a50c3-0882-4d89-8a66-c311ad233868, Nodes: f4adb48a-7d7d-4db9-96e8-d2aa5901bd52{ip: 192.168.5.156, host: pr-hdds-2121-pbfts-3191465506, networkLocation: /default-rack, certSerialId: null}bba25625-58dd-4c9e-929d-1a2e91bc3828{ip: 192.168.5.156, host: pr-hdds-2121-pbfts-3191465506, networkLocation: /default-rack, certSerialId: null}41f4c1b5-d215-4831-aa76-48270f5e0061{ip: 192.168.5.156, host: pr-hdds-2121-pbfts-3191465506, networkLocation: /default-rack, certSerialId: null}, Type:RATIS, Factor:THREE, State:CLOSED]
org.apache.hadoop.hdds.scm.pipeline.PipelineNotFoundException: PipelineID=0b7a50c3-0882-4d89-8a66-c311ad233868 not found
	at org.apache.hadoop.hdds.scm.pipeline.PipelineStateMap.getPipeline(PipelineStateMap.java:132)
	at org.apache.hadoop.hdds.scm.pipeline.PipelineStateMap.removePipeline(PipelineStateMap.java:322)
	at org.apache.hadoop.hdds.scm.pipeline.PipelineStateManager.removePipeline(PipelineStateManager.java:107)
	at org.apache.hadoop.hdds.scm.pipeline.SCMPipelineManager.removePipeline(SCMPipelineManager.java:423)
	at org.apache.hadoop.hdds.scm.pipeline.SCMPipelineManager.destroyPipeline(SCMPipelineManager.java:409)
	at org.apache.hadoop.hdds.scm.pipeline.SCMPipelineManager.lambda$finalizeAndDestroyPipeline$0(SCMPipelineManager.java:318)
	at org.apache.hadoop.utils.Scheduler.lambda$schedule$1(Scheduler.java:68)
	at java.util.concurrent.Executors$RunnableAdapter.call(Executors.java:511)
	at java.util.concurrent.FutureTask.run(FutureTask.java:266)
	at java.util.concurrent.ScheduledThreadPoolExecutor$ScheduledFutureTask.access$201(ScheduledThreadPoolExecutor.java:180)
	at java.util.concurrent.ScheduledThreadPoolExecutor$ScheduledFutureTask.run(ScheduledThreadPoolExecutor.java:293)
	at java.util.concurrent.ThreadPoolExecutor.runWorker(ThreadPoolExecutor.java:1149)
	at java.util.concurrent.ThreadPoolExecutor$Worker.run(ThreadPoolExecutor.java:624)
	at java.lang.Thread.run(Thread.java:748)
2019-09-17 22:39:36,101 [grpc-default-executor-1] INFO  impl.RaftServerProxy (RaftServerProxy.java:remove(95)) - f4adb48a-7d7d-4db9-96e8-d2aa5901bd52: remove group-C311AD233868:null
2019-09-17 22:39:36,121 [RatisPipelineUtilsThread] WARN  pipeline.RatisPipelineUtils (RatisPipelineUtils.java:destroyPipeline(66)) - Pipeline destroy failed for pipeline=PipelineID=0b7a50c3-0882-4d89-8a66-c311ad233868 dn=f4adb48a-7d7d-4db9-96e8-d2aa5901bd52{ip: 192.168.5.156, host: pr-hdds-2121-pbfts-3191465506, networkLocation: /default-rack, certSerialId: null}
2019-09-17 22:39:36,124 [grpc-default-executor-4] INFO  impl.RaftServerProxy (RaftServerProxy.java:remove(95)) - bba25625-58dd-4c9e-929d-1a2e91bc3828: remove group-C311AD233868:null
2019-09-17 22:39:36,126 [RatisPipelineUtilsThread] WARN  pipeline.RatisPipelineUtils (RatisPipelineUtils.java:destroyPipeline(66)) - Pipeline destroy failed for pipeline=PipelineID=0b7a50c3-0882-4d89-8a66-c311ad233868 dn=bba25625-58dd-4c9e-929d-1a2e91bc3828{ip: 192.168.5.156, host: pr-hdds-2121-pbfts-3191465506, networkLocation: /default-rack, certSerialId: null}
2019-09-17 22:39:36,129 [grpc-default-executor-4] INFO  impl.RaftServerProxy (RaftServerProxy.java:remove(95)) - 41f4c1b5-d215-4831-aa76-48270f5e0061: remove group-C311AD233868:null
2019-09-17 22:39:36,132 [RatisPipelineUtilsThread] WARN  pipeline.RatisPipelineUtils (RatisPipelineUtils.java:destroyPipeline(66)) - Pipeline destroy failed for pipeline=PipelineID=0b7a50c3-0882-4d89-8a66-c311ad233868 dn=41f4c1b5-d215-4831-aa76-48270f5e0061{ip: 192.168.5.156, host: pr-hdds-2121-pbfts-3191465506, networkLocation: /default-rack, certSerialId: null}
2019-09-17 22:39:36,132 [RatisPipelineUtilsThread] ERROR pipeline.SCMPipelineManager (Scheduler.java:lambda$schedule$1(70)) - Destroy pipeline failed for pipeline:Pipeline[ Id: 0b7a50c3-0882-4d89-8a66-c311ad233868, Nodes: f4adb48a-7d7d-4db9-96e8-d2aa5901bd52{ip: 192.168.5.156, host: pr-hdds-2121-pbfts-3191465506, networkLocation: /default-rack, certSerialId: null}bba25625-58dd-4c9e-929d-1a2e91bc3828{ip: 192.168.5.156, host: pr-hdds-2121-pbfts-3191465506, networkLocation: /default-rack, certSerialId: null}41f4c1b5-d215-4831-aa76-48270f5e0061{ip: 192.168.5.156, host: pr-hdds-2121-pbfts-3191465506, networkLocation: /default-rack, certSerialId: null}, Type:RATIS, Factor:THREE, State:CLOSED]
org.apache.hadoop.hdds.scm.pipeline.PipelineNotFoundException: PipelineID=0b7a50c3-0882-4d89-8a66-c311ad233868 not found
	at org.apache.hadoop.hdds.scm.pipeline.PipelineStateMap.getPipeline(PipelineStateMap.java:132)
	at org.apache.hadoop.hdds.scm.pipeline.PipelineStateMap.removePipeline(PipelineStateMap.java:322)
	at org.apache.hadoop.hdds.scm.pipeline.PipelineStateManager.removePipeline(PipelineStateManager.java:107)
	at org.apache.hadoop.hdds.scm.pipeline.SCMPipelineManager.removePipeline(SCMPipelineManager.java:423)
	at org.apache.hadoop.hdds.scm.pipeline.SCMPipelineManager.destroyPipeline(SCMPipelineManager.java:409)
	at org.apache.hadoop.hdds.scm.pipeline.SCMPipelineManager.lambda$finalizeAndDestroyPipeline$0(SCMPipelineManager.java:318)
	at org.apache.hadoop.utils.Scheduler.lambda$schedule$1(Scheduler.java:68)
	at java.util.concurrent.Executors$RunnableAdapter.call(Executors.java:511)
	at java.util.concurrent.FutureTask.run(FutureTask.java:266)
	at java.util.concurrent.ScheduledThreadPoolExecutor$ScheduledFutureTask.access$201(ScheduledThreadPoolExecutor.java:180)
	at java.util.concurrent.ScheduledThreadPoolExecutor$ScheduledFutureTask.run(ScheduledThreadPoolExecutor.java:293)
	at java.util.concurrent.ThreadPoolExecutor.runWorker(ThreadPoolExecutor.java:1149)
	at java.util.concurrent.ThreadPoolExecutor$Worker.run(ThreadPoolExecutor.java:624)
	at java.lang.Thread.run(Thread.java:748)
2019-09-17 22:39:37,020 [java.util.concurrent.ThreadPoolExecutor$Worker@29da62d0[State = -1, empty queue]] WARN  server.GrpcLogAppender (GrpcLogAppender.java:timeoutAppendRequest(200)) - 80bd91bd-ab17-414e-9fbc-bd509e19448d@group-D35E5DAA4B7D->fc7af808-7c3b-4e7d-bcd4-16788f7c0c06-GrpcLogAppender: appendEntries Timeout, request=80bd91bd-ab17-414e-9fbc-bd509e19448d->fc7af808-7c3b-4e7d-bcd4-16788f7c0c06#118-t1, previous=(t:1, i:20), leaderCommit=14, initializing? false, entries: <empty>
2019-09-17 22:39:37,020 [java.util.concurrent.ThreadPoolExecutor$Worker@1fb783c8[State = -1, empty queue]] WARN  server.GrpcLogAppender (GrpcLogAppender.java:timeoutAppendRequest(200)) - 80bd91bd-ab17-414e-9fbc-bd509e19448d@group-D35E5DAA4B7D->3de10ab2-5aa8-4456-b48c-00692585ccec-GrpcLogAppender: appendEntries Timeout, request=80bd91bd-ab17-414e-9fbc-bd509e19448d->3de10ab2-5aa8-4456-b48c-00692585ccec#118-t1, previous=(t:1, i:20), leaderCommit=14, initializing? false, entries: <empty>
2019-09-17 22:39:37,129 [grpc-default-executor-1] INFO  client.GrpcClientProtocolClient (GrpcClientProtocolClient.java:onNext(264)) - client-20B9A50446D7->fc7af808-7c3b-4e7d-bcd4-16788f7c0c06: receive RaftClientReply:client-20B9A50446D7->fc7af808-7c3b-4e7d-bcd4-16788f7c0c06@group-D35E5DAA4B7D, cid=143, FAILED org.apache.ratis.protocol.NotLeaderException: Server fc7af808-7c3b-4e7d-bcd4-16788f7c0c06@group-D35E5DAA4B7D is not the leader 80bd91bd-ab17-414e-9fbc-bd509e19448d:192.168.5.156:34851, logIndex=0, commits[fc7af808-7c3b-4e7d-bcd4-16788f7c0c06:c14, 3de10ab2-5aa8-4456-b48c-00692585ccec:c13, 80bd91bd-ab17-414e-9fbc-bd509e19448d:c14]
2019-09-17 22:39:39,521 [java.util.concurrent.ThreadPoolExecutor$Worker@1fb783c8[State = -1, empty queue]] WARN  server.GrpcLogAppender (GrpcLogAppender.java:timeoutAppendRequest(200)) - 80bd91bd-ab17-414e-9fbc-bd509e19448d@group-D35E5DAA4B7D->3de10ab2-5aa8-4456-b48c-00692585ccec-GrpcLogAppender: appendEntries Timeout, request=80bd91bd-ab17-414e-9fbc-bd509e19448d->3de10ab2-5aa8-4456-b48c-00692585ccec#119-t1, previous=(t:1, i:20), leaderCommit=14, initializing? false, entries: <empty>
2019-09-17 22:39:39,521 [java.util.concurrent.ThreadPoolExecutor$Worker@29da62d0[State = -1, empty queue]] WARN  server.GrpcLogAppender (GrpcLogAppender.java:timeoutAppendRequest(200)) - 80bd91bd-ab17-414e-9fbc-bd509e19448d@group-D35E5DAA4B7D->fc7af808-7c3b-4e7d-bcd4-16788f7c0c06-GrpcLogAppender: appendEntries Timeout, request=80bd91bd-ab17-414e-9fbc-bd509e19448d->fc7af808-7c3b-4e7d-bcd4-16788f7c0c06#119-t1, previous=(t:1, i:20), leaderCommit=14, initializing? false, entries: <empty>
2019-09-17 22:39:41,504 [3de10ab2-5aa8-4456-b48c-00692585ccec@group-D35E5DAA4B7D-SegmentedRaftLogWorker] WARN  segmented.SegmentedRaftLogWorker (SegmentedRaftLogWorker.java:getFromFuture(90)) - Timeout 6/~
org.apache.ratis.protocol.TimeoutIOException: Timeout 10s: WriteLog:15: (t:1, i:15), STATEMACHINELOGENTRY, client-20B9A50446D7, cid=143-writeStateMachineData
	at org.apache.ratis.util.IOUtils.getFromFuture(IOUtils.java:87)
	at org.apache.ratis.server.raftlog.segmented.SegmentedRaftLogWorker$StateMachineDataPolicy.getFromFuture(SegmentedRaftLogWorker.java:87)
	at org.apache.ratis.server.raftlog.segmented.SegmentedRaftLogWorker$WriteLog.execute(SegmentedRaftLogWorker.java:477)
	at org.apache.ratis.server.raftlog.segmented.SegmentedRaftLogWorker.run(SegmentedRaftLogWorker.java:289)
	at java.lang.Thread.run(Thread.java:748)
Caused by: java.util.concurrent.TimeoutException
	at java.util.concurrent.CompletableFuture.timedGet(CompletableFuture.java:1771)
	at java.util.concurrent.CompletableFuture.get(CompletableFuture.java:1915)
	at org.apache.ratis.util.IOUtils.getFromFuture(IOUtils.java:79)
	... 4 more
2019-09-17 22:39:41,697 [fc7af808-7c3b-4e7d-bcd4-16788f7c0c06@group-D35E5DAA4B7D-SegmentedRaftLogWorker] WARN  segmented.SegmentedRaftLogWorker (SegmentedRaftLogWorker.java:getFromFuture(90)) - Timeout 6/~
org.apache.ratis.protocol.TimeoutIOException: Timeout 10s: WriteLog:16: (t:1, i:16), STATEMACHINELOGENTRY, client-20B9A50446D7, cid=144-writeStateMachineData
	at org.apache.ratis.util.IOUtils.getFromFuture(IOUtils.java:87)
	at org.apache.ratis.server.raftlog.segmented.SegmentedRaftLogWorker$StateMachineDataPolicy.getFromFuture(SegmentedRaftLogWorker.java:87)
	at org.apache.ratis.server.raftlog.segmented.SegmentedRaftLogWorker$WriteLog.execute(SegmentedRaftLogWorker.java:477)
	at org.apache.ratis.server.raftlog.segmented.SegmentedRaftLogWorker.run(SegmentedRaftLogWorker.java:289)
	at java.lang.Thread.run(Thread.java:748)
Caused by: java.util.concurrent.TimeoutException
	at java.util.concurrent.CompletableFuture.timedGet(CompletableFuture.java:1771)
	at java.util.concurrent.CompletableFuture.get(CompletableFuture.java:1915)
	at org.apache.ratis.util.IOUtils.getFromFuture(IOUtils.java:79)
	... 4 more
2019-09-17 22:39:41,731 [80bd91bd-ab17-414e-9fbc-bd509e19448d@group-D35E5DAA4B7D-SegmentedRaftLogWorker] WARN  segmented.SegmentedRaftLogWorker (SegmentedRaftLogWorker.java:getFromFuture(90)) - Timeout 6/~
org.apache.ratis.protocol.TimeoutIOException: Timeout 10s: WriteLog:16: (t:1, i:16), STATEMACHINELOGENTRY, client-20B9A50446D7, cid=144-writeStateMachineData
	at org.apache.ratis.util.IOUtils.getFromFuture(IOUtils.java:87)
	at org.apache.ratis.server.raftlog.segmented.SegmentedRaftLogWorker$StateMachineDataPolicy.getFromFuture(SegmentedRaftLogWorker.java:87)
	at org.apache.ratis.server.raftlog.segmented.SegmentedRaftLogWorker$WriteLog.execute(SegmentedRaftLogWorker.java:477)
	at org.apache.ratis.server.raftlog.segmented.SegmentedRaftLogWorker.run(SegmentedRaftLogWorker.java:289)
	at java.lang.Thread.run(Thread.java:748)
Caused by: java.util.concurrent.TimeoutException
	at java.util.concurrent.CompletableFuture.timedGet(CompletableFuture.java:1771)
	at java.util.concurrent.CompletableFuture.get(CompletableFuture.java:1915)
	at org.apache.ratis.util.IOUtils.getFromFuture(IOUtils.java:79)
	... 4 more
2019-09-17 22:39:42,021 [java.util.concurrent.ThreadPoolExecutor$Worker@1fb783c8[State = -1, empty queue]] WARN  server.GrpcLogAppender (GrpcLogAppender.java:timeoutAppendRequest(200)) - 80bd91bd-ab17-414e-9fbc-bd509e19448d@group-D35E5DAA4B7D->3de10ab2-5aa8-4456-b48c-00692585ccec-GrpcLogAppender: appendEntries Timeout, request=80bd91bd-ab17-414e-9fbc-bd509e19448d->3de10ab2-5aa8-4456-b48c-00692585ccec#120-t1, previous=(t:1, i:20), leaderCommit=14, initializing? false, entries: <empty>
2019-09-17 22:39:42,021 [java.util.concurrent.ThreadPoolExecutor$Worker@29da62d0[State = -1, empty queue]] WARN  server.GrpcLogAppender (GrpcLogAppender.java:timeoutAppendRequest(200)) - 80bd91bd-ab17-414e-9fbc-bd509e19448d@group-D35E5DAA4B7D->fc7af808-7c3b-4e7d-bcd4-16788f7c0c06-GrpcLogAppender: appendEntries Timeout, request=80bd91bd-ab17-414e-9fbc-bd509e19448d->fc7af808-7c3b-4e7d-bcd4-16788f7c0c06#120-t1, previous=(t:1, i:20), leaderCommit=14, initializing? false, entries: <empty>
2019-09-17 22:39:42,169 [grpc-default-executor-4] INFO  client.GrpcClientProtocolClient (GrpcClientProtocolClient.java:onNext(264)) - client-20B9A50446D7->fc7af808-7c3b-4e7d-bcd4-16788f7c0c06: receive RaftClientReply:client-20B9A50446D7->fc7af808-7c3b-4e7d-bcd4-16788f7c0c06@group-D35E5DAA4B7D, cid=143, FAILED org.apache.ratis.protocol.NotLeaderException: Server fc7af808-7c3b-4e7d-bcd4-16788f7c0c06@group-D35E5DAA4B7D is not the leader 80bd91bd-ab17-414e-9fbc-bd509e19448d:192.168.5.156:34851, logIndex=0, commits[fc7af808-7c3b-4e7d-bcd4-16788f7c0c06:c14, 3de10ab2-5aa8-4456-b48c-00692585ccec:c13, 80bd91bd-ab17-414e-9fbc-bd509e19448d:c14]
2019-09-17 22:39:44,522 [java.util.concurrent.ThreadPoolExecutor$Worker@1fb783c8[State = -1, empty queue]] WARN  server.GrpcLogAppender (GrpcLogAppender.java:timeoutAppendRequest(200)) - 80bd91bd-ab17-414e-9fbc-bd509e19448d@group-D35E5DAA4B7D->3de10ab2-5aa8-4456-b48c-00692585ccec-GrpcLogAppender: appendEntries Timeout, request=80bd91bd-ab17-414e-9fbc-bd509e19448d->3de10ab2-5aa8-4456-b48c-00692585ccec#121-t1, previous=(t:1, i:20), leaderCommit=14, initializing? false, entries: <empty>
2019-09-17 22:39:44,522 [java.util.concurrent.ThreadPoolExecutor$Worker@29da62d0[State = -1, empty queue]] WARN  server.GrpcLogAppender (GrpcLogAppender.java:timeoutAppendRequest(200)) - 80bd91bd-ab17-414e-9fbc-bd509e19448d@group-D35E5DAA4B7D->fc7af808-7c3b-4e7d-bcd4-16788f7c0c06-GrpcLogAppender: appendEntries Timeout, request=80bd91bd-ab17-414e-9fbc-bd509e19448d->fc7af808-7c3b-4e7d-bcd4-16788f7c0c06#121-t1, previous=(t:1, i:20), leaderCommit=14, initializing? false, entries: <empty>
2019-09-17 22:39:47,022 [java.util.concurrent.ThreadPoolExecutor$Worker@1fb783c8[State = -1, empty queue]] WARN  server.GrpcLogAppender (GrpcLogAppender.java:timeoutAppendRequest(200)) - 80bd91bd-ab17-414e-9fbc-bd509e19448d@group-D35E5DAA4B7D->3de10ab2-5aa8-4456-b48c-00692585ccec-GrpcLogAppender: appendEntries Timeout, request=80bd91bd-ab17-414e-9fbc-bd509e19448d->3de10ab2-5aa8-4456-b48c-00692585ccec#122-t1, previous=(t:1, i:20), leaderCommit=14, initializing? false, entries: <empty>
2019-09-17 22:39:47,022 [java.util.concurrent.ThreadPoolExecutor$Worker@29da62d0[State = -1, empty queue]] WARN  server.GrpcLogAppender (GrpcLogAppender.java:timeoutAppendRequest(200)) - 80bd91bd-ab17-414e-9fbc-bd509e19448d@group-D35E5DAA4B7D->fc7af808-7c3b-4e7d-bcd4-16788f7c0c06-GrpcLogAppender: appendEntries Timeout, request=80bd91bd-ab17-414e-9fbc-bd509e19448d->fc7af808-7c3b-4e7d-bcd4-16788f7c0c06#122-t1, previous=(t:1, i:20), leaderCommit=14, initializing? false, entries: <empty>
2019-09-17 22:39:47,227 [grpc-default-executor-1] INFO  client.GrpcClientProtocolClient (GrpcClientProtocolClient.java:onNext(264)) - client-20B9A50446D7->3de10ab2-5aa8-4456-b48c-00692585ccec: receive RaftClientReply:client-20B9A50446D7->3de10ab2-5aa8-4456-b48c-00692585ccec@group-D35E5DAA4B7D, cid=143, FAILED org.apache.ratis.protocol.NotLeaderException: Server 3de10ab2-5aa8-4456-b48c-00692585ccec@group-D35E5DAA4B7D is not the leader 80bd91bd-ab17-414e-9fbc-bd509e19448d:192.168.5.156:34851, logIndex=0, commits[3de10ab2-5aa8-4456-b48c-00692585ccec:c14, fc7af808-7c3b-4e7d-bcd4-16788f7c0c06:c13, 80bd91bd-ab17-414e-9fbc-bd509e19448d:c14]
2019-09-17 22:39:49,523 [java.util.concurrent.ThreadPoolExecutor$Worker@1fb783c8[State = -1, empty queue]] WARN  server.GrpcLogAppender (GrpcLogAppender.java:timeoutAppendRequest(200)) - 80bd91bd-ab17-414e-9fbc-bd509e19448d@group-D35E5DAA4B7D->3de10ab2-5aa8-4456-b48c-00692585ccec-GrpcLogAppender: appendEntries Timeout, request=80bd91bd-ab17-414e-9fbc-bd509e19448d->3de10ab2-5aa8-4456-b48c-00692585ccec#123-t1, previous=(t:1, i:20), leaderCommit=14, initializing? false, entries: <empty>
2019-09-17 22:39:49,523 [java.util.concurrent.ThreadPoolExecutor$Worker@29da62d0[State = -1, empty queue]] WARN  server.GrpcLogAppender (GrpcLogAppender.java:timeoutAppendRequest(200)) - 80bd91bd-ab17-414e-9fbc-bd509e19448d@group-D35E5DAA4B7D->fc7af808-7c3b-4e7d-bcd4-16788f7c0c06-GrpcLogAppender: appendEntries Timeout, request=80bd91bd-ab17-414e-9fbc-bd509e19448d->fc7af808-7c3b-4e7d-bcd4-16788f7c0c06#123-t1, previous=(t:1, i:20), leaderCommit=14, initializing? false, entries: <empty>
2019-09-17 22:39:51,505 [3de10ab2-5aa8-4456-b48c-00692585ccec@group-D35E5DAA4B7D-SegmentedRaftLogWorker] WARN  segmented.SegmentedRaftLogWorker (SegmentedRaftLogWorker.java:getFromFuture(90)) - Timeout 7/~
org.apache.ratis.protocol.TimeoutIOException: Timeout 10s: WriteLog:15: (t:1, i:15), STATEMACHINELOGENTRY, client-20B9A50446D7, cid=143-writeStateMachineData
	at org.apache.ratis.util.IOUtils.getFromFuture(IOUtils.java:87)
	at org.apache.ratis.server.raftlog.segmented.SegmentedRaftLogWorker$StateMachineDataPolicy.getFromFuture(SegmentedRaftLogWorker.java:87)
	at org.apache.ratis.server.raftlog.segmented.SegmentedRaftLogWorker$WriteLog.execute(SegmentedRaftLogWorker.java:477)
	at org.apache.ratis.server.raftlog.segmented.SegmentedRaftLogWorker.run(SegmentedRaftLogWorker.java:289)
	at java.lang.Thread.run(Thread.java:748)
Caused by: java.util.concurrent.TimeoutException
	at java.util.concurrent.CompletableFuture.timedGet(CompletableFuture.java:1771)
	at java.util.concurrent.CompletableFuture.get(CompletableFuture.java:1915)
	at org.apache.ratis.util.IOUtils.getFromFuture(IOUtils.java:79)
	... 4 more
2019-09-17 22:39:51,731 [fc7af808-7c3b-4e7d-bcd4-16788f7c0c06@group-D35E5DAA4B7D-SegmentedRaftLogWorker] WARN  segmented.SegmentedRaftLogWorker (SegmentedRaftLogWorker.java:getFromFuture(90)) - Timeout 7/~
org.apache.ratis.protocol.TimeoutIOException: Timeout 10s: WriteLog:16: (t:1, i:16), STATEMACHINELOGENTRY, client-20B9A50446D7, cid=144-writeStateMachineData
	at org.apache.ratis.util.IOUtils.getFromFuture(IOUtils.java:87)
	at org.apache.ratis.server.raftlog.segmented.SegmentedRaftLogWorker$StateMachineDataPolicy.getFromFuture(SegmentedRaftLogWorker.java:87)
	at org.apache.ratis.server.raftlog.segmented.SegmentedRaftLogWorker$WriteLog.execute(SegmentedRaftLogWorker.java:477)
	at org.apache.ratis.server.raftlog.segmented.SegmentedRaftLogWorker.run(SegmentedRaftLogWorker.java:289)
	at java.lang.Thread.run(Thread.java:748)
Caused by: java.util.concurrent.TimeoutException
	at java.util.concurrent.CompletableFuture.timedGet(CompletableFuture.java:1771)
	at java.util.concurrent.CompletableFuture.get(CompletableFuture.java:1915)
	at org.apache.ratis.util.IOUtils.getFromFuture(IOUtils.java:79)
	... 4 more
2019-09-17 22:39:51,732 [80bd91bd-ab17-414e-9fbc-bd509e19448d@group-D35E5DAA4B7D-SegmentedRaftLogWorker] WARN  segmented.SegmentedRaftLogWorker (SegmentedRaftLogWorker.java:getFromFuture(90)) - Timeout 7/~
org.apache.ratis.protocol.TimeoutIOException: Timeout 10s: WriteLog:16: (t:1, i:16), STATEMACHINELOGENTRY, client-20B9A50446D7, cid=144-writeStateMachineData
	at org.apache.ratis.util.IOUtils.getFromFuture(IOUtils.java:87)
	at org.apache.ratis.server.raftlog.segmented.SegmentedRaftLogWorker$StateMachineDataPolicy.getFromFuture(SegmentedRaftLogWorker.java:87)
	at org.apache.ratis.server.raftlog.segmented.SegmentedRaftLogWorker$WriteLog.execute(SegmentedRaftLogWorker.java:477)
	at org.apache.ratis.server.raftlog.segmented.SegmentedRaftLogWorker.run(SegmentedRaftLogWorker.java:289)
	at java.lang.Thread.run(Thread.java:748)
Caused by: java.util.concurrent.TimeoutException
	at java.util.concurrent.CompletableFuture.timedGet(CompletableFuture.java:1771)
	at java.util.concurrent.CompletableFuture.get(CompletableFuture.java:1915)
	at org.apache.ratis.util.IOUtils.getFromFuture(IOUtils.java:79)
	... 4 more
2019-09-17 22:39:52,023 [java.util.concurrent.ThreadPoolExecutor$Worker@29da62d0[State = -1, empty queue]] WARN  server.GrpcLogAppender (GrpcLogAppender.java:timeoutAppendRequest(200)) - 80bd91bd-ab17-414e-9fbc-bd509e19448d@group-D35E5DAA4B7D->fc7af808-7c3b-4e7d-bcd4-16788f7c0c06-GrpcLogAppender: appendEntries Timeout, request=80bd91bd-ab17-414e-9fbc-bd509e19448d->fc7af808-7c3b-4e7d-bcd4-16788f7c0c06#124-t1, previous=(t:1, i:20), leaderCommit=14, initializing? false, entries: <empty>
2019-09-17 22:39:52,024 [java.util.concurrent.ThreadPoolExecutor$Worker@1fb783c8[State = -1, empty queue]] WARN  server.GrpcLogAppender (GrpcLogAppender.java:timeoutAppendRequest(200)) - 80bd91bd-ab17-414e-9fbc-bd509e19448d@group-D35E5DAA4B7D->3de10ab2-5aa8-4456-b48c-00692585ccec-GrpcLogAppender: appendEntries Timeout, request=80bd91bd-ab17-414e-9fbc-bd509e19448d->3de10ab2-5aa8-4456-b48c-00692585ccec#124-t1, previous=(t:1, i:20), leaderCommit=14, initializing? false, entries: <empty>
2019-09-17 22:39:52,270 [grpc-default-executor-1] INFO  client.GrpcClientProtocolClient (GrpcClientProtocolClient.java:onNext(264)) - client-20B9A50446D7->fc7af808-7c3b-4e7d-bcd4-16788f7c0c06: receive RaftClientReply:client-20B9A50446D7->fc7af808-7c3b-4e7d-bcd4-16788f7c0c06@group-D35E5DAA4B7D, cid=143, FAILED org.apache.ratis.protocol.NotLeaderException: Server fc7af808-7c3b-4e7d-bcd4-16788f7c0c06@group-D35E5DAA4B7D is not the leader 80bd91bd-ab17-414e-9fbc-bd509e19448d:192.168.5.156:34851, logIndex=0, commits[fc7af808-7c3b-4e7d-bcd4-16788f7c0c06:c14, 3de10ab2-5aa8-4456-b48c-00692585ccec:c13, 80bd91bd-ab17-414e-9fbc-bd509e19448d:c14]
2019-09-17 22:39:54,524 [java.util.concurrent.ThreadPoolExecutor$Worker@1fb783c8[State = -1, empty queue]] WARN  server.GrpcLogAppender (GrpcLogAppender.java:timeoutAppendRequest(200)) - 80bd91bd-ab17-414e-9fbc-bd509e19448d@group-D35E5DAA4B7D->3de10ab2-5aa8-4456-b48c-00692585ccec-GrpcLogAppender: appendEntries Timeout, request=80bd91bd-ab17-414e-9fbc-bd509e19448d->3de10ab2-5aa8-4456-b48c-00692585ccec#125-t1, previous=(t:1, i:20), leaderCommit=14, initializing? false, entries: <empty>
2019-09-17 22:39:54,524 [java.util.concurrent.ThreadPoolExecutor$Worker@29da62d0[State = -1, empty queue]] WARN  server.GrpcLogAppender (GrpcLogAppender.java:timeoutAppendRequest(200)) - 80bd91bd-ab17-414e-9fbc-bd509e19448d@group-D35E5DAA4B7D->fc7af808-7c3b-4e7d-bcd4-16788f7c0c06-GrpcLogAppender: appendEntries Timeout, request=80bd91bd-ab17-414e-9fbc-bd509e19448d->fc7af808-7c3b-4e7d-bcd4-16788f7c0c06#125-t1, previous=(t:1, i:20), leaderCommit=14, initializing? false, entries: <empty>
2019-09-17 22:39:57,025 [java.util.concurrent.ThreadPoolExecutor$Worker@1fb783c8[State = -1, empty queue]] WARN  server.GrpcLogAppender (GrpcLogAppender.java:timeoutAppendRequest(200)) - 80bd91bd-ab17-414e-9fbc-bd509e19448d@group-D35E5DAA4B7D->3de10ab2-5aa8-4456-b48c-00692585ccec-GrpcLogAppender: appendEntries Timeout, request=80bd91bd-ab17-414e-9fbc-bd509e19448d->3de10ab2-5aa8-4456-b48c-00692585ccec#126-t1, previous=(t:1, i:20), leaderCommit=14, initializing? false, entries: <empty>
2019-09-17 22:39:57,025 [java.util.concurrent.ThreadPoolExecutor$Worker@29da62d0[State = -1, empty queue]] WARN  server.GrpcLogAppender (GrpcLogAppender.java:timeoutAppendRequest(200)) - 80bd91bd-ab17-414e-9fbc-bd509e19448d@group-D35E5DAA4B7D->fc7af808-7c3b-4e7d-bcd4-16788f7c0c06-GrpcLogAppender: appendEntries Timeout, request=80bd91bd-ab17-414e-9fbc-bd509e19448d->fc7af808-7c3b-4e7d-bcd4-16788f7c0c06#126-t1, previous=(t:1, i:20), leaderCommit=14, initializing? false, entries: <empty>
2019-09-17 22:39:57,320 [grpc-default-executor-1] INFO  client.GrpcClientProtocolClient (GrpcClientProtocolClient.java:onNext(264)) - client-20B9A50446D7->3de10ab2-5aa8-4456-b48c-00692585ccec: receive RaftClientReply:client-20B9A50446D7->3de10ab2-5aa8-4456-b48c-00692585ccec@group-D35E5DAA4B7D, cid=143, FAILED org.apache.ratis.protocol.NotLeaderException: Server 3de10ab2-5aa8-4456-b48c-00692585ccec@group-D35E5DAA4B7D is not the leader 80bd91bd-ab17-414e-9fbc-bd509e19448d:192.168.5.156:34851, logIndex=0, commits[3de10ab2-5aa8-4456-b48c-00692585ccec:c14, fc7af808-7c3b-4e7d-bcd4-16788f7c0c06:c13, 80bd91bd-ab17-414e-9fbc-bd509e19448d:c14]
2019-09-17 22:39:59,525 [java.util.concurrent.ThreadPoolExecutor$Worker@29da62d0[State = -1, empty queue]] WARN  server.GrpcLogAppender (GrpcLogAppender.java:timeoutAppendRequest(200)) - 80bd91bd-ab17-414e-9fbc-bd509e19448d@group-D35E5DAA4B7D->fc7af808-7c3b-4e7d-bcd4-16788f7c0c06-GrpcLogAppender: appendEntries Timeout, request=80bd91bd-ab17-414e-9fbc-bd509e19448d->fc7af808-7c3b-4e7d-bcd4-16788f7c0c06#127-t1, previous=(t:1, i:20), leaderCommit=14, initializing? false, entries: <empty>
2019-09-17 22:39:59,525 [java.util.concurrent.ThreadPoolExecutor$Worker@1fb783c8[State = -1, empty queue]] WARN  server.GrpcLogAppender (GrpcLogAppender.java:timeoutAppendRequest(200)) - 80bd91bd-ab17-414e-9fbc-bd509e19448d@group-D35E5DAA4B7D->3de10ab2-5aa8-4456-b48c-00692585ccec-GrpcLogAppender: appendEntries Timeout, request=80bd91bd-ab17-414e-9fbc-bd509e19448d->3de10ab2-5aa8-4456-b48c-00692585ccec#127-t1, previous=(t:1, i:20), leaderCommit=14, initializing? false, entries: <empty>
2019-09-17 22:40:01,506 [3de10ab2-5aa8-4456-b48c-00692585ccec@group-D35E5DAA4B7D-SegmentedRaftLogWorker] WARN  segmented.SegmentedRaftLogWorker (SegmentedRaftLogWorker.java:getFromFuture(90)) - Timeout 8/~
org.apache.ratis.protocol.TimeoutIOException: Timeout 10s: WriteLog:15: (t:1, i:15), STATEMACHINELOGENTRY, client-20B9A50446D7, cid=143-writeStateMachineData
	at org.apache.ratis.util.IOUtils.getFromFuture(IOUtils.java:87)
	at org.apache.ratis.server.raftlog.segmented.SegmentedRaftLogWorker$StateMachineDataPolicy.getFromFuture(SegmentedRaftLogWorker.java:87)
	at org.apache.ratis.server.raftlog.segmented.SegmentedRaftLogWorker$WriteLog.execute(SegmentedRaftLogWorker.java:477)
	at org.apache.ratis.server.raftlog.segmented.SegmentedRaftLogWorker.run(SegmentedRaftLogWorker.java:289)
	at java.lang.Thread.run(Thread.java:748)
Caused by: java.util.concurrent.TimeoutException
	at java.util.concurrent.CompletableFuture.timedGet(CompletableFuture.java:1771)
	at java.util.concurrent.CompletableFuture.get(CompletableFuture.java:1915)
	at org.apache.ratis.util.IOUtils.getFromFuture(IOUtils.java:79)
	... 4 more
2019-09-17 22:40:01,731 [fc7af808-7c3b-4e7d-bcd4-16788f7c0c06@group-D35E5DAA4B7D-SegmentedRaftLogWorker] WARN  segmented.SegmentedRaftLogWorker (SegmentedRaftLogWorker.java:getFromFuture(90)) - Timeout 8/~
org.apache.ratis.protocol.TimeoutIOException: Timeout 10s: WriteLog:16: (t:1, i:16), STATEMACHINELOGENTRY, client-20B9A50446D7, cid=144-writeStateMachineData
	at org.apache.ratis.util.IOUtils.getFromFuture(IOUtils.java:87)
	at org.apache.ratis.server.raftlog.segmented.SegmentedRaftLogWorker$StateMachineDataPolicy.getFromFuture(SegmentedRaftLogWorker.java:87)
	at org.apache.ratis.server.raftlog.segmented.SegmentedRaftLogWorker$WriteLog.execute(SegmentedRaftLogWorker.java:477)
	at org.apache.ratis.server.raftlog.segmented.SegmentedRaftLogWorker.run(SegmentedRaftLogWorker.java:289)
	at java.lang.Thread.run(Thread.java:748)
Caused by: java.util.concurrent.TimeoutException
	at java.util.concurrent.CompletableFuture.timedGet(CompletableFuture.java:1771)
	at java.util.concurrent.CompletableFuture.get(CompletableFuture.java:1915)
	at org.apache.ratis.util.IOUtils.getFromFuture(IOUtils.java:79)
	... 4 more
2019-09-17 22:40:01,733 [80bd91bd-ab17-414e-9fbc-bd509e19448d@group-D35E5DAA4B7D-SegmentedRaftLogWorker] WARN  segmented.SegmentedRaftLogWorker (SegmentedRaftLogWorker.java:getFromFuture(90)) - Timeout 8/~
org.apache.ratis.protocol.TimeoutIOException: Timeout 10s: WriteLog:16: (t:1, i:16), STATEMACHINELOGENTRY, client-20B9A50446D7, cid=144-writeStateMachineData
	at org.apache.ratis.util.IOUtils.getFromFuture(IOUtils.java:87)
	at org.apache.ratis.server.raftlog.segmented.SegmentedRaftLogWorker$StateMachineDataPolicy.getFromFuture(SegmentedRaftLogWorker.java:87)
	at org.apache.ratis.server.raftlog.segmented.SegmentedRaftLogWorker$WriteLog.execute(SegmentedRaftLogWorker.java:477)
	at org.apache.ratis.server.raftlog.segmented.SegmentedRaftLogWorker.run(SegmentedRaftLogWorker.java:289)
	at java.lang.Thread.run(Thread.java:748)
Caused by: java.util.concurrent.TimeoutException
	at java.util.concurrent.CompletableFuture.timedGet(CompletableFuture.java:1771)
	at java.util.concurrent.CompletableFuture.get(CompletableFuture.java:1915)
	at org.apache.ratis.util.IOUtils.getFromFuture(IOUtils.java:79)
	... 4 more
2019-09-17 22:40:02,026 [java.util.concurrent.ThreadPoolExecutor$Worker@29da62d0[State = -1, empty queue]] WARN  server.GrpcLogAppender (GrpcLogAppender.java:timeoutAppendRequest(200)) - 80bd91bd-ab17-414e-9fbc-bd509e19448d@group-D35E5DAA4B7D->fc7af808-7c3b-4e7d-bcd4-16788f7c0c06-GrpcLogAppender: appendEntries Timeout, request=80bd91bd-ab17-414e-9fbc-bd509e19448d->fc7af808-7c3b-4e7d-bcd4-16788f7c0c06#128-t1, previous=(t:1, i:20), leaderCommit=14, initializing? false, entries: <empty>
2019-09-17 22:40:02,026 [java.util.concurrent.ThreadPoolExecutor$Worker@1fb783c8[State = -1, empty queue]] WARN  server.GrpcLogAppender (GrpcLogAppender.java:timeoutAppendRequest(200)) - 80bd91bd-ab17-414e-9fbc-bd509e19448d@group-D35E5DAA4B7D->3de10ab2-5aa8-4456-b48c-00692585ccec-GrpcLogAppender: appendEntries Timeout, request=80bd91bd-ab17-414e-9fbc-bd509e19448d->3de10ab2-5aa8-4456-b48c-00692585ccec#128-t1, previous=(t:1, i:20), leaderCommit=14, initializing? false, entries: <empty>
2019-09-17 22:40:02,366 [grpc-default-executor-4] INFO  client.GrpcClientProtocolClient (GrpcClientProtocolClient.java:onNext(264)) - client-20B9A50446D7->3de10ab2-5aa8-4456-b48c-00692585ccec: receive RaftClientReply:client-20B9A50446D7->3de10ab2-5aa8-4456-b48c-00692585ccec@group-D35E5DAA4B7D, cid=143, FAILED org.apache.ratis.protocol.NotLeaderException: Server 3de10ab2-5aa8-4456-b48c-00692585ccec@group-D35E5DAA4B7D is not the leader 80bd91bd-ab17-414e-9fbc-bd509e19448d:192.168.5.156:34851, logIndex=0, commits[3de10ab2-5aa8-4456-b48c-00692585ccec:c14, fc7af808-7c3b-4e7d-bcd4-16788f7c0c06:c13, 80bd91bd-ab17-414e-9fbc-bd509e19448d:c14]
2019-09-17 22:40:04,526 [java.util.concurrent.ThreadPoolExecutor$Worker@1fb783c8[State = -1, empty queue]] WARN  server.GrpcLogAppender (GrpcLogAppender.java:timeoutAppendRequest(200)) - 80bd91bd-ab17-414e-9fbc-bd509e19448d@group-D35E5DAA4B7D->3de10ab2-5aa8-4456-b48c-00692585ccec-GrpcLogAppender: appendEntries Timeout, request=80bd91bd-ab17-414e-9fbc-bd509e19448d->3de10ab2-5aa8-4456-b48c-00692585ccec#129-t1, previous=(t:1, i:20), leaderCommit=14, initializing? false, entries: <empty>
2019-09-17 22:40:04,526 [java.util.concurrent.ThreadPoolExecutor$Worker@29da62d0[State = -1, empty queue]] WARN  server.GrpcLogAppender (GrpcLogAppender.java:timeoutAppendRequest(200)) - 80bd91bd-ab17-414e-9fbc-bd509e19448d@group-D35E5DAA4B7D->fc7af808-7c3b-4e7d-bcd4-16788f7c0c06-GrpcLogAppender: appendEntries Timeout, request=80bd91bd-ab17-414e-9fbc-bd509e19448d->fc7af808-7c3b-4e7d-bcd4-16788f7c0c06#129-t1, previous=(t:1, i:20), leaderCommit=14, initializing? false, entries: <empty>
2019-09-17 22:40:07,026 [java.util.concurrent.ThreadPoolExecutor$Worker@1fb783c8[State = -1, empty queue]] WARN  server.GrpcLogAppender (GrpcLogAppender.java:timeoutAppendRequest(200)) - 80bd91bd-ab17-414e-9fbc-bd509e19448d@group-D35E5DAA4B7D->3de10ab2-5aa8-4456-b48c-00692585ccec-GrpcLogAppender: appendEntries Timeout, request=80bd91bd-ab17-414e-9fbc-bd509e19448d->3de10ab2-5aa8-4456-b48c-00692585ccec#130-t1, previous=(t:1, i:20), leaderCommit=14, initializing? false, entries: <empty>
2019-09-17 22:40:07,026 [java.util.concurrent.ThreadPoolExecutor$Worker@29da62d0[State = -1, empty queue]] WARN  server.GrpcLogAppender (GrpcLogAppender.java:timeoutAppendRequest(200)) - 80bd91bd-ab17-414e-9fbc-bd509e19448d@group-D35E5DAA4B7D->fc7af808-7c3b-4e7d-bcd4-16788f7c0c06-GrpcLogAppender: appendEntries Timeout, request=80bd91bd-ab17-414e-9fbc-bd509e19448d->fc7af808-7c3b-4e7d-bcd4-16788f7c0c06#130-t1, previous=(t:1, i:20), leaderCommit=14, initializing? false, entries: <empty>
2019-09-17 22:40:07,399 [grpc-default-executor-4] INFO  client.GrpcClientProtocolClient (GrpcClientProtocolClient.java:onNext(264)) - client-20B9A50446D7->fc7af808-7c3b-4e7d-bcd4-16788f7c0c06: receive RaftClientReply:client-20B9A50446D7->fc7af808-7c3b-4e7d-bcd4-16788f7c0c06@group-D35E5DAA4B7D, cid=143, FAILED org.apache.ratis.protocol.NotLeaderException: Server fc7af808-7c3b-4e7d-bcd4-16788f7c0c06@group-D35E5DAA4B7D is not the leader 80bd91bd-ab17-414e-9fbc-bd509e19448d:192.168.5.156:34851, logIndex=0, commits[fc7af808-7c3b-4e7d-bcd4-16788f7c0c06:c14, 3de10ab2-5aa8-4456-b48c-00692585ccec:c13, 80bd91bd-ab17-414e-9fbc-bd509e19448d:c14]
2019-09-17 22:40:09,527 [java.util.concurrent.ThreadPoolExecutor$Worker@1fb783c8[State = -1, empty queue]] WARN  server.GrpcLogAppender (GrpcLogAppender.java:timeoutAppendRequest(200)) - 80bd91bd-ab17-414e-9fbc-bd509e19448d@group-D35E5DAA4B7D->3de10ab2-5aa8-4456-b48c-00692585ccec-GrpcLogAppender: appendEntries Timeout, request=80bd91bd-ab17-414e-9fbc-bd509e19448d->3de10ab2-5aa8-4456-b48c-00692585ccec#131-t1, previous=(t:1, i:20), leaderCommit=14, initializing? false, entries: <empty>
2019-09-17 22:40:09,527 [java.util.concurrent.ThreadPoolExecutor$Worker@29da62d0[State = -1, empty queue]] WARN  server.GrpcLogAppender (GrpcLogAppender.java:timeoutAppendRequest(200)) - 80bd91bd-ab17-414e-9fbc-bd509e19448d@group-D35E5DAA4B7D->fc7af808-7c3b-4e7d-bcd4-16788f7c0c06-GrpcLogAppender: appendEntries Timeout, request=80bd91bd-ab17-414e-9fbc-bd509e19448d->fc7af808-7c3b-4e7d-bcd4-16788f7c0c06#131-t1, previous=(t:1, i:20), leaderCommit=14, initializing? false, entries: <empty>
2019-09-17 22:40:11,508 [3de10ab2-5aa8-4456-b48c-00692585ccec@group-D35E5DAA4B7D-SegmentedRaftLogWorker] WARN  segmented.SegmentedRaftLogWorker (SegmentedRaftLogWorker.java:getFromFuture(90)) - Timeout 9/~
org.apache.ratis.protocol.TimeoutIOException: Timeout 10s: WriteLog:15: (t:1, i:15), STATEMACHINELOGENTRY, client-20B9A50446D7, cid=143-writeStateMachineData
	at org.apache.ratis.util.IOUtils.getFromFuture(IOUtils.java:87)
	at org.apache.ratis.server.raftlog.segmented.SegmentedRaftLogWorker$StateMachineDataPolicy.getFromFuture(SegmentedRaftLogWorker.java:87)
	at org.apache.ratis.server.raftlog.segmented.SegmentedRaftLogWorker$WriteLog.execute(SegmentedRaftLogWorker.java:477)
	at org.apache.ratis.server.raftlog.segmented.SegmentedRaftLogWorker.run(SegmentedRaftLogWorker.java:289)
	at java.lang.Thread.run(Thread.java:748)
Caused by: java.util.concurrent.TimeoutException
	at java.util.concurrent.CompletableFuture.timedGet(CompletableFuture.java:1771)
	at java.util.concurrent.CompletableFuture.get(CompletableFuture.java:1915)
	at org.apache.ratis.util.IOUtils.getFromFuture(IOUtils.java:79)
	... 4 more
2019-09-17 22:40:11,732 [fc7af808-7c3b-4e7d-bcd4-16788f7c0c06@group-D35E5DAA4B7D-SegmentedRaftLogWorker] WARN  segmented.SegmentedRaftLogWorker (SegmentedRaftLogWorker.java:getFromFuture(90)) - Timeout 9/~
org.apache.ratis.protocol.TimeoutIOException: Timeout 10s: WriteLog:16: (t:1, i:16), STATEMACHINELOGENTRY, client-20B9A50446D7, cid=144-writeStateMachineData
	at org.apache.ratis.util.IOUtils.getFromFuture(IOUtils.java:87)
	at org.apache.ratis.server.raftlog.segmented.SegmentedRaftLogWorker$StateMachineDataPolicy.getFromFuture(SegmentedRaftLogWorker.java:87)
	at org.apache.ratis.server.raftlog.segmented.SegmentedRaftLogWorker$WriteLog.execute(SegmentedRaftLogWorker.java:477)
	at org.apache.ratis.server.raftlog.segmented.SegmentedRaftLogWorker.run(SegmentedRaftLogWorker.java:289)
	at java.lang.Thread.run(Thread.java:748)
Caused by: java.util.concurrent.TimeoutException
	at java.util.concurrent.CompletableFuture.timedGet(CompletableFuture.java:1771)
	at java.util.concurrent.CompletableFuture.get(CompletableFuture.java:1915)
	at org.apache.ratis.util.IOUtils.getFromFuture(IOUtils.java:79)
	... 4 more
2019-09-17 22:40:11,733 [80bd91bd-ab17-414e-9fbc-bd509e19448d@group-D35E5DAA4B7D-SegmentedRaftLogWorker] WARN  segmented.SegmentedRaftLogWorker (SegmentedRaftLogWorker.java:getFromFuture(90)) - Timeout 9/~
org.apache.ratis.protocol.TimeoutIOException: Timeout 10s: WriteLog:16: (t:1, i:16), STATEMACHINELOGENTRY, client-20B9A50446D7, cid=144-writeStateMachineData
	at org.apache.ratis.util.IOUtils.getFromFuture(IOUtils.java:87)
	at org.apache.ratis.server.raftlog.segmented.SegmentedRaftLogWorker$StateMachineDataPolicy.getFromFuture(SegmentedRaftLogWorker.java:87)
	at org.apache.ratis.server.raftlog.segmented.SegmentedRaftLogWorker$WriteLog.execute(SegmentedRaftLogWorker.java:477)
	at org.apache.ratis.server.raftlog.segmented.SegmentedRaftLogWorker.run(SegmentedRaftLogWorker.java:289)
	at java.lang.Thread.run(Thread.java:748)
Caused by: java.util.concurrent.TimeoutException
	at java.util.concurrent.CompletableFuture.timedGet(CompletableFuture.java:1771)
	at java.util.concurrent.CompletableFuture.get(CompletableFuture.java:1915)
	at org.apache.ratis.util.IOUtils.getFromFuture(IOUtils.java:79)
	... 4 more
2019-09-17 22:40:12,027 [java.util.concurrent.ThreadPoolExecutor$Worker@29da62d0[State = -1, empty queue]] WARN  server.GrpcLogAppender (GrpcLogAppender.java:timeoutAppendRequest(200)) - 80bd91bd-ab17-414e-9fbc-bd509e19448d@group-D35E5DAA4B7D->fc7af808-7c3b-4e7d-bcd4-16788f7c0c06-GrpcLogAppender: appendEntries Timeout, request=80bd91bd-ab17-414e-9fbc-bd509e19448d->fc7af808-7c3b-4e7d-bcd4-16788f7c0c06#132-t1, previous=(t:1, i:20), leaderCommit=14, initializing? false, entries: <empty>
2019-09-17 22:40:12,027 [java.util.concurrent.ThreadPoolExecutor$Worker@1fb783c8[State = -1, empty queue]] WARN  server.GrpcLogAppender (GrpcLogAppender.java:timeoutAppendRequest(200)) - 80bd91bd-ab17-414e-9fbc-bd509e19448d@group-D35E5DAA4B7D->3de10ab2-5aa8-4456-b48c-00692585ccec-GrpcLogAppender: appendEntries Timeout, request=80bd91bd-ab17-414e-9fbc-bd509e19448d->3de10ab2-5aa8-4456-b48c-00692585ccec#132-t1, previous=(t:1, i:20), leaderCommit=14, initializing? false, entries: <empty>
2019-09-17 22:40:12,449 [grpc-default-executor-4] INFO  client.GrpcClientProtocolClient (GrpcClientProtocolClient.java:onNext(264)) - client-20B9A50446D7->3de10ab2-5aa8-4456-b48c-00692585ccec: receive RaftClientReply:client-20B9A50446D7->3de10ab2-5aa8-4456-b48c-00692585ccec@group-D35E5DAA4B7D, cid=143, FAILED org.apache.ratis.protocol.NotLeaderException: Server 3de10ab2-5aa8-4456-b48c-00692585ccec@group-D35E5DAA4B7D is not the leader 80bd91bd-ab17-414e-9fbc-bd509e19448d:192.168.5.156:34851, logIndex=0, commits[3de10ab2-5aa8-4456-b48c-00692585ccec:c14, fc7af808-7c3b-4e7d-bcd4-16788f7c0c06:c13, 80bd91bd-ab17-414e-9fbc-bd509e19448d:c14]
2019-09-17 22:40:14,529 [java.util.concurrent.ThreadPoolExecutor$Worker@29da62d0[State = -1, empty queue]] WARN  server.GrpcLogAppender (GrpcLogAppender.java:timeoutAppendRequest(200)) - 80bd91bd-ab17-414e-9fbc-bd509e19448d@group-D35E5DAA4B7D->fc7af808-7c3b-4e7d-bcd4-16788f7c0c06-GrpcLogAppender: appendEntries Timeout, request=80bd91bd-ab17-414e-9fbc-bd509e19448d->fc7af808-7c3b-4e7d-bcd4-16788f7c0c06#133-t1, previous=(t:1, i:20), leaderCommit=14, initializing? false, entries: <empty>
2019-09-17 22:40:14,529 [java.util.concurrent.ThreadPoolExecutor$Worker@1fb783c8[State = -1, empty queue]] WARN  server.GrpcLogAppender (GrpcLogAppender.java:timeoutAppendRequest(200)) - 80bd91bd-ab17-414e-9fbc-bd509e19448d@group-D35E5DAA4B7D->3de10ab2-5aa8-4456-b48c-00692585ccec-GrpcLogAppender: appendEntries Timeout, request=80bd91bd-ab17-414e-9fbc-bd509e19448d->3de10ab2-5aa8-4456-b48c-00692585ccec#133-t1, previous=(t:1, i:20), leaderCommit=14, initializing? false, entries: <empty>
2019-09-17 22:40:17,029 [java.util.concurrent.ThreadPoolExecutor$Worker@29da62d0[State = -1, empty queue]] WARN  server.GrpcLogAppender (GrpcLogAppender.java:timeoutAppendRequest(200)) - 80bd91bd-ab17-414e-9fbc-bd509e19448d@group-D35E5DAA4B7D->fc7af808-7c3b-4e7d-bcd4-16788f7c0c06-GrpcLogAppender: appendEntries Timeout, request=80bd91bd-ab17-414e-9fbc-bd509e19448d->fc7af808-7c3b-4e7d-bcd4-16788f7c0c06#134-t1, previous=(t:1, i:20), leaderCommit=14, initializing? false, entries: <empty>
2019-09-17 22:40:17,029 [java.util.concurrent.ThreadPoolExecutor$Worker@1fb783c8[State = -1, empty queue]] WARN  server.GrpcLogAppender (GrpcLogAppender.java:timeoutAppendRequest(200)) - 80bd91bd-ab17-414e-9fbc-bd509e19448d@group-D35E5DAA4B7D->3de10ab2-5aa8-4456-b48c-00692585ccec-GrpcLogAppender: appendEntries Timeout, request=80bd91bd-ab17-414e-9fbc-bd509e19448d->3de10ab2-5aa8-4456-b48c-00692585ccec#134-t1, previous=(t:1, i:20), leaderCommit=14, initializing? false, entries: <empty>
2019-09-17 22:40:17,518 [grpc-default-executor-5] INFO  client.GrpcClientProtocolClient (GrpcClientProtocolClient.java:onNext(264)) - client-20B9A50446D7->fc7af808-7c3b-4e7d-bcd4-16788f7c0c06: receive RaftClientReply:client-20B9A50446D7->fc7af808-7c3b-4e7d-bcd4-16788f7c0c06@group-D35E5DAA4B7D, cid=143, FAILED org.apache.ratis.protocol.NotLeaderException: Server fc7af808-7c3b-4e7d-bcd4-16788f7c0c06@group-D35E5DAA4B7D is not the leader 80bd91bd-ab17-414e-9fbc-bd509e19448d:192.168.5.156:34851, logIndex=0, commits[fc7af808-7c3b-4e7d-bcd4-16788f7c0c06:c14, 3de10ab2-5aa8-4456-b48c-00692585ccec:c13, 80bd91bd-ab17-414e-9fbc-bd509e19448d:c14]
2019-09-17 22:40:19,530 [java.util.concurrent.ThreadPoolExecutor$Worker@1fb783c8[State = -1, empty queue]] WARN  server.GrpcLogAppender (GrpcLogAppender.java:timeoutAppendRequest(200)) - 80bd91bd-ab17-414e-9fbc-bd509e19448d@group-D35E5DAA4B7D->3de10ab2-5aa8-4456-b48c-00692585ccec-GrpcLogAppender: appendEntries Timeout, request=80bd91bd-ab17-414e-9fbc-bd509e19448d->3de10ab2-5aa8-4456-b48c-00692585ccec#135-t1, previous=(t:1, i:20), leaderCommit=14, initializing? false, entries: <empty>
2019-09-17 22:40:19,530 [java.util.concurrent.ThreadPoolExecutor$Worker@29da62d0[State = -1, empty queue]] WARN  server.GrpcLogAppender (GrpcLogAppender.java:timeoutAppendRequest(200)) - 80bd91bd-ab17-414e-9fbc-bd509e19448d@group-D35E5DAA4B7D->fc7af808-7c3b-4e7d-bcd4-16788f7c0c06-GrpcLogAppender: appendEntries Timeout, request=80bd91bd-ab17-414e-9fbc-bd509e19448d->fc7af808-7c3b-4e7d-bcd4-16788f7c0c06#135-t1, previous=(t:1, i:20), leaderCommit=14, initializing? false, entries: <empty>
2019-09-17 22:40:21,510 [3de10ab2-5aa8-4456-b48c-00692585ccec@group-D35E5DAA4B7D-SegmentedRaftLogWorker] WARN  segmented.SegmentedRaftLogWorker (SegmentedRaftLogWorker.java:getFromFuture(90)) - Timeout 10/~
org.apache.ratis.protocol.TimeoutIOException: Timeout 10s: WriteLog:15: (t:1, i:15), STATEMACHINELOGENTRY, client-20B9A50446D7, cid=143-writeStateMachineData
	at org.apache.ratis.util.IOUtils.getFromFuture(IOUtils.java:87)
	at org.apache.ratis.server.raftlog.segmented.SegmentedRaftLogWorker$StateMachineDataPolicy.getFromFuture(SegmentedRaftLogWorker.java:87)
	at org.apache.ratis.server.raftlog.segmented.SegmentedRaftLogWorker$WriteLog.execute(SegmentedRaftLogWorker.java:477)
	at org.apache.ratis.server.raftlog.segmented.SegmentedRaftLogWorker.run(SegmentedRaftLogWorker.java:289)
	at java.lang.Thread.run(Thread.java:748)
Caused by: java.util.concurrent.TimeoutException
	at java.util.concurrent.CompletableFuture.timedGet(CompletableFuture.java:1771)
	at java.util.concurrent.CompletableFuture.get(CompletableFuture.java:1915)
	at org.apache.ratis.util.IOUtils.getFromFuture(IOUtils.java:79)
	... 4 more
2019-09-17 22:40:21,733 [fc7af808-7c3b-4e7d-bcd4-16788f7c0c06@group-D35E5DAA4B7D-SegmentedRaftLogWorker] WARN  segmented.SegmentedRaftLogWorker (SegmentedRaftLogWorker.java:getFromFuture(90)) - Timeout 10/~
org.apache.ratis.protocol.TimeoutIOException: Timeout 10s: WriteLog:16: (t:1, i:16), STATEMACHINELOGENTRY, client-20B9A50446D7, cid=144-writeStateMachineData
	at org.apache.ratis.util.IOUtils.getFromFuture(IOUtils.java:87)
	at org.apache.ratis.server.raftlog.segmented.SegmentedRaftLogWorker$StateMachineDataPolicy.getFromFuture(SegmentedRaftLogWorker.java:87)
	at org.apache.ratis.server.raftlog.segmented.SegmentedRaftLogWorker$WriteLog.execute(SegmentedRaftLogWorker.java:477)
	at org.apache.ratis.server.raftlog.segmented.SegmentedRaftLogWorker.run(SegmentedRaftLogWorker.java:289)
	at java.lang.Thread.run(Thread.java:748)
Caused by: java.util.concurrent.TimeoutException
	at java.util.concurrent.CompletableFuture.timedGet(CompletableFuture.java:1771)
	at java.util.concurrent.CompletableFuture.get(CompletableFuture.java:1915)
	at org.apache.ratis.util.IOUtils.getFromFuture(IOUtils.java:79)
	... 4 more
2019-09-17 22:40:21,734 [80bd91bd-ab17-414e-9fbc-bd509e19448d@group-D35E5DAA4B7D-SegmentedRaftLogWorker] WARN  segmented.SegmentedRaftLogWorker (SegmentedRaftLogWorker.java:getFromFuture(90)) - Timeout 10/~
org.apache.ratis.protocol.TimeoutIOException: Timeout 10s: WriteLog:16: (t:1, i:16), STATEMACHINELOGENTRY, client-20B9A50446D7, cid=144-writeStateMachineData
	at org.apache.ratis.util.IOUtils.getFromFuture(IOUtils.java:87)
	at org.apache.ratis.server.raftlog.segmented.SegmentedRaftLogWorker$StateMachineDataPolicy.getFromFuture(SegmentedRaftLogWorker.java:87)
	at org.apache.ratis.server.raftlog.segmented.SegmentedRaftLogWorker$WriteLog.execute(SegmentedRaftLogWorker.java:477)
	at org.apache.ratis.server.raftlog.segmented.SegmentedRaftLogWorker.run(SegmentedRaftLogWorker.java:289)
	at java.lang.Thread.run(Thread.java:748)
Caused by: java.util.concurrent.TimeoutException
	at java.util.concurrent.CompletableFuture.timedGet(CompletableFuture.java:1771)
	at java.util.concurrent.CompletableFuture.get(CompletableFuture.java:1915)
	at org.apache.ratis.util.IOUtils.getFromFuture(IOUtils.java:79)
	... 4 more
2019-09-17 22:40:22,031 [java.util.concurrent.ThreadPoolExecutor$Worker@29da62d0[State = -1, empty queue]] WARN  server.GrpcLogAppender (GrpcLogAppender.java:timeoutAppendRequest(200)) - 80bd91bd-ab17-414e-9fbc-bd509e19448d@group-D35E5DAA4B7D->fc7af808-7c3b-4e7d-bcd4-16788f7c0c06-GrpcLogAppender: appendEntries Timeout, request=80bd91bd-ab17-414e-9fbc-bd509e19448d->fc7af808-7c3b-4e7d-bcd4-16788f7c0c06#136-t1, previous=(t:1, i:20), leaderCommit=14, initializing? false, entries: <empty>
2019-09-17 22:40:22,031 [java.util.concurrent.ThreadPoolExecutor$Worker@1fb783c8[State = -1, empty queue]] WARN  server.GrpcLogAppender (GrpcLogAppender.java:timeoutAppendRequest(200)) - 80bd91bd-ab17-414e-9fbc-bd509e19448d@group-D35E5DAA4B7D->3de10ab2-5aa8-4456-b48c-00692585ccec-GrpcLogAppender: appendEntries Timeout, request=80bd91bd-ab17-414e-9fbc-bd509e19448d->3de10ab2-5aa8-4456-b48c-00692585ccec#136-t1, previous=(t:1, i:20), leaderCommit=14, initializing? false, entries: <empty>
2019-09-17 22:40:22,564 [grpc-default-executor-5] INFO  client.GrpcClientProtocolClient (GrpcClientProtocolClient.java:onNext(264)) - client-20B9A50446D7->3de10ab2-5aa8-4456-b48c-00692585ccec: receive RaftClientReply:client-20B9A50446D7->3de10ab2-5aa8-4456-b48c-00692585ccec@group-D35E5DAA4B7D, cid=143, FAILED org.apache.ratis.protocol.NotLeaderException: Server 3de10ab2-5aa8-4456-b48c-00692585ccec@group-D35E5DAA4B7D is not the leader 80bd91bd-ab17-414e-9fbc-bd509e19448d:192.168.5.156:34851, logIndex=0, commits[3de10ab2-5aa8-4456-b48c-00692585ccec:c14, fc7af808-7c3b-4e7d-bcd4-16788f7c0c06:c13, 80bd91bd-ab17-414e-9fbc-bd509e19448d:c14]
2019-09-17 22:40:24,531 [java.util.concurrent.ThreadPoolExecutor$Worker@1fb783c8[State = -1, empty queue]] WARN  server.GrpcLogAppender (GrpcLogAppender.java:timeoutAppendRequest(200)) - 80bd91bd-ab17-414e-9fbc-bd509e19448d@group-D35E5DAA4B7D->3de10ab2-5aa8-4456-b48c-00692585ccec-GrpcLogAppender: appendEntries Timeout, request=80bd91bd-ab17-414e-9fbc-bd509e19448d->3de10ab2-5aa8-4456-b48c-00692585ccec#137-t1, previous=(t:1, i:20), leaderCommit=14, initializing? false, entries: <empty>
2019-09-17 22:40:24,531 [java.util.concurrent.ThreadPoolExecutor$Worker@29da62d0[State = -1, empty queue]] WARN  server.GrpcLogAppender (GrpcLogAppender.java:timeoutAppendRequest(200)) - 80bd91bd-ab17-414e-9fbc-bd509e19448d@group-D35E5DAA4B7D->fc7af808-7c3b-4e7d-bcd4-16788f7c0c06-GrpcLogAppender: appendEntries Timeout, request=80bd91bd-ab17-414e-9fbc-bd509e19448d->fc7af808-7c3b-4e7d-bcd4-16788f7c0c06#137-t1, previous=(t:1, i:20), leaderCommit=14, initializing? false, entries: <empty>
2019-09-17 22:40:27,032 [java.util.concurrent.ThreadPoolExecutor$Worker@1fb783c8[State = -1, empty queue]] WARN  server.GrpcLogAppender (GrpcLogAppender.java:timeoutAppendRequest(200)) - 80bd91bd-ab17-414e-9fbc-bd509e19448d@group-D35E5DAA4B7D->3de10ab2-5aa8-4456-b48c-00692585ccec-GrpcLogAppender: appendEntries Timeout, request=80bd91bd-ab17-414e-9fbc-bd509e19448d->3de10ab2-5aa8-4456-b48c-00692585ccec#138-t1, previous=(t:1, i:20), leaderCommit=14, initializing? false, entries: <empty>
2019-09-17 22:40:27,032 [java.util.concurrent.ThreadPoolExecutor$Worker@29da62d0[State = -1, empty queue]] WARN  server.GrpcLogAppender (GrpcLogAppender.java:timeoutAppendRequest(200)) - 80bd91bd-ab17-414e-9fbc-bd509e19448d@group-D35E5DAA4B7D->fc7af808-7c3b-4e7d-bcd4-16788f7c0c06-GrpcLogAppender: appendEntries Timeout, request=80bd91bd-ab17-414e-9fbc-bd509e19448d->fc7af808-7c3b-4e7d-bcd4-16788f7c0c06#138-t1, previous=(t:1, i:20), leaderCommit=14, initializing? false, entries: <empty>
2019-09-17 22:40:27,629 [grpc-default-executor-4] INFO  client.GrpcClientProtocolClient (GrpcClientProtocolClient.java:onNext(264)) - client-20B9A50446D7->fc7af808-7c3b-4e7d-bcd4-16788f7c0c06: receive RaftClientReply:client-20B9A50446D7->fc7af808-7c3b-4e7d-bcd4-16788f7c0c06@group-D35E5DAA4B7D, cid=143, FAILED org.apache.ratis.protocol.NotLeaderException: Server fc7af808-7c3b-4e7d-bcd4-16788f7c0c06@group-D35E5DAA4B7D is not the leader 80bd91bd-ab17-414e-9fbc-bd509e19448d:192.168.5.156:34851, logIndex=0, commits[fc7af808-7c3b-4e7d-bcd4-16788f7c0c06:c14, 3de10ab2-5aa8-4456-b48c-00692585ccec:c13, 80bd91bd-ab17-414e-9fbc-bd509e19448d:c14]
2019-09-17 22:40:29,534 [java.util.concurrent.ThreadPoolExecutor$Worker@29da62d0[State = -1, empty queue]] WARN  server.GrpcLogAppender (GrpcLogAppender.java:timeoutAppendRequest(200)) - 80bd91bd-ab17-414e-9fbc-bd509e19448d@group-D35E5DAA4B7D->fc7af808-7c3b-4e7d-bcd4-16788f7c0c06-GrpcLogAppender: appendEntries Timeout, request=80bd91bd-ab17-414e-9fbc-bd509e19448d->fc7af808-7c3b-4e7d-bcd4-16788f7c0c06#139-t1, previous=(t:1, i:20), leaderCommit=14, initializing? false, entries: <empty>
2019-09-17 22:40:29,534 [java.util.concurrent.ThreadPoolExecutor$Worker@1fb783c8[State = -1, empty queue]] WARN  server.GrpcLogAppender (GrpcLogAppender.java:timeoutAppendRequest(200)) - 80bd91bd-ab17-414e-9fbc-bd509e19448d@group-D35E5DAA4B7D->3de10ab2-5aa8-4456-b48c-00692585ccec-GrpcLogAppender: appendEntries Timeout, request=80bd91bd-ab17-414e-9fbc-bd509e19448d->3de10ab2-5aa8-4456-b48c-00692585ccec#139-t1, previous=(t:1, i:20), leaderCommit=14, initializing? false, entries: <empty>
2019-09-17 22:40:31,512 [3de10ab2-5aa8-4456-b48c-00692585ccec@group-D35E5DAA4B7D-SegmentedRaftLogWorker] WARN  segmented.SegmentedRaftLogWorker (SegmentedRaftLogWorker.java:getFromFuture(90)) - Timeout 11/~
org.apache.ratis.protocol.TimeoutIOException: Timeout 10s: WriteLog:15: (t:1, i:15), STATEMACHINELOGENTRY, client-20B9A50446D7, cid=143-writeStateMachineData
	at org.apache.ratis.util.IOUtils.getFromFuture(IOUtils.java:87)
	at org.apache.ratis.server.raftlog.segmented.SegmentedRaftLogWorker$StateMachineDataPolicy.getFromFuture(SegmentedRaftLogWorker.java:87)
	at org.apache.ratis.server.raftlog.segmented.SegmentedRaftLogWorker$WriteLog.execute(SegmentedRaftLogWorker.java:477)
	at org.apache.ratis.server.raftlog.segmented.SegmentedRaftLogWorker.run(SegmentedRaftLogWorker.java:289)
	at java.lang.Thread.run(Thread.java:748)
Caused by: java.util.concurrent.TimeoutException
	at java.util.concurrent.CompletableFuture.timedGet(CompletableFuture.java:1771)
	at java.util.concurrent.CompletableFuture.get(CompletableFuture.java:1915)
	at org.apache.ratis.util.IOUtils.getFromFuture(IOUtils.java:79)
	... 4 more
2019-09-17 22:40:31,536 [org.apache.ratis.server.impl.LogAppender$AppenderDaemon$$Lambda$486/264626604@5cda6014] ERROR ratis.XceiverServerRatis (XceiverServerRatis.java:triggerPipelineClose(575)) - pipeline Action CLOSE  on pipeline PipelineID=902a7d83-77ad-4cdf-97f4-d35e5daa4b7d.Reason : 80bd91bd-ab17-414e-9fbc-bd509e19448d has not seen follower/s fc7af808-7c3b-4e7d-bcd4-16788f7c0c06 for 120353ms 3de10ab2-5aa8-4456-b48c-00692585ccec for 120352ms
2019-09-17 22:40:31,536 [org.apache.ratis.server.impl.LogAppender$AppenderDaemon$$Lambda$486/264626604@4b5ca4fa] ERROR ratis.XceiverServerRatis (XceiverServerRatis.java:triggerPipelineClose(575)) - pipeline Action CLOSE  on pipeline PipelineID=902a7d83-77ad-4cdf-97f4-d35e5daa4b7d.Reason : 80bd91bd-ab17-414e-9fbc-bd509e19448d has not seen follower/s fc7af808-7c3b-4e7d-bcd4-16788f7c0c06 for 120353ms 3de10ab2-5aa8-4456-b48c-00692585ccec for 120352ms
2019-09-17 22:40:31,734 [fc7af808-7c3b-4e7d-bcd4-16788f7c0c06@group-D35E5DAA4B7D-SegmentedRaftLogWorker] WARN  segmented.SegmentedRaftLogWorker (SegmentedRaftLogWorker.java:getFromFuture(90)) - Timeout 11/~
org.apache.ratis.protocol.TimeoutIOException: Timeout 10s: WriteLog:16: (t:1, i:16), STATEMACHINELOGENTRY, client-20B9A50446D7, cid=144-writeStateMachineData
	at org.apache.ratis.util.IOUtils.getFromFuture(IOUtils.java:87)
	at org.apache.ratis.server.raftlog.segmented.SegmentedRaftLogWorker$StateMachineDataPolicy.getFromFuture(SegmentedRaftLogWorker.java:87)
	at org.apache.ratis.server.raftlog.segmented.SegmentedRaftLogWorker$WriteLog.execute(SegmentedRaftLogWorker.java:477)
	at org.apache.ratis.server.raftlog.segmented.SegmentedRaftLogWorker.run(SegmentedRaftLogWorker.java:289)
	at java.lang.Thread.run(Thread.java:748)
Caused by: java.util.concurrent.TimeoutException
	at java.util.concurrent.CompletableFuture.timedGet(CompletableFuture.java:1771)
	at java.util.concurrent.CompletableFuture.get(CompletableFuture.java:1915)
	at org.apache.ratis.util.IOUtils.getFromFuture(IOUtils.java:79)
	... 4 more
2019-09-17 22:40:31,735 [80bd91bd-ab17-414e-9fbc-bd509e19448d@group-D35E5DAA4B7D-SegmentedRaftLogWorker] WARN  segmented.SegmentedRaftLogWorker (SegmentedRaftLogWorker.java:getFromFuture(90)) - Timeout 11/~
org.apache.ratis.protocol.TimeoutIOException: Timeout 10s: WriteLog:16: (t:1, i:16), STATEMACHINELOGENTRY, client-20B9A50446D7, cid=144-writeStateMachineData
	at org.apache.ratis.util.IOUtils.getFromFuture(IOUtils.java:87)
	at org.apache.ratis.server.raftlog.segmented.SegmentedRaftLogWorker$StateMachineDataPolicy.getFromFuture(SegmentedRaftLogWorker.java:87)
	at org.apache.ratis.server.raftlog.segmented.SegmentedRaftLogWorker$WriteLog.execute(SegmentedRaftLogWorker.java:477)
	at org.apache.ratis.server.raftlog.segmented.SegmentedRaftLogWorker.run(SegmentedRaftLogWorker.java:289)
	at java.lang.Thread.run(Thread.java:748)
Caused by: java.util.concurrent.TimeoutException
	at java.util.concurrent.CompletableFuture.timedGet(CompletableFuture.java:1771)
	at java.util.concurrent.CompletableFuture.get(CompletableFuture.java:1915)
	at org.apache.ratis.util.IOUtils.getFromFuture(IOUtils.java:79)
	... 4 more
2019-09-17 22:40:31,736 [EventQueue-PipelineActionsForPipelineActionHandler] ERROR pipeline.PipelineActionHandler (PipelineActionHandler.java:onMessage(60)) - Received pipeline action CLOSE for Pipeline[ Id: 902a7d83-77ad-4cdf-97f4-d35e5daa4b7d, Nodes: 80bd91bd-ab17-414e-9fbc-bd509e19448d{ip: 192.168.5.156, host: pr-hdds-2121-pbfts-3191465506, networkLocation: /default-rack, certSerialId: null}3de10ab2-5aa8-4456-b48c-00692585ccec{ip: 192.168.5.156, host: pr-hdds-2121-pbfts-3191465506, networkLocation: /default-rack, certSerialId: null}fc7af808-7c3b-4e7d-bcd4-16788f7c0c06{ip: 192.168.5.156, host: pr-hdds-2121-pbfts-3191465506, networkLocation: /default-rack, certSerialId: null}, Type:RATIS, Factor:THREE, State:OPEN] from datanode 80bd91bd-ab17-414e-9fbc-bd509e19448d{ip: 192.168.5.156, host: pr-hdds-2121-pbfts-3191465506, networkLocation: /default-rack, certSerialId: null}. Reason : 80bd91bd-ab17-414e-9fbc-bd509e19448d has not seen follower/s fc7af808-7c3b-4e7d-bcd4-16788f7c0c06 for 120353ms 3de10ab2-5aa8-4456-b48c-00692585ccec for 120352ms
2019-09-17 22:40:31,736 [EventQueue-PipelineActionsForPipelineActionHandler] INFO  pipeline.SCMPipelineManager (SCMPipelineManager.java:finalizeAndDestroyPipeline(311)) - destroying pipeline:Pipeline[ Id: 902a7d83-77ad-4cdf-97f4-d35e5daa4b7d, Nodes: 80bd91bd-ab17-414e-9fbc-bd509e19448d{ip: 192.168.5.156, host: pr-hdds-2121-pbfts-3191465506, networkLocation: /default-rack, certSerialId: null}3de10ab2-5aa8-4456-b48c-00692585ccec{ip: 192.168.5.156, host: pr-hdds-2121-pbfts-3191465506, networkLocation: /default-rack, certSerialId: null}fc7af808-7c3b-4e7d-bcd4-16788f7c0c06{ip: 192.168.5.156, host: pr-hdds-2121-pbfts-3191465506, networkLocation: /default-rack, certSerialId: null}, Type:RATIS, Factor:THREE, State:OPEN]
2019-09-17 22:40:31,736 [EventQueue-PipelineActionsForPipelineActionHandler] INFO  pipeline.PipelineStateManager (PipelineStateManager.java:finalizePipeline(123)) - Pipeline Pipeline[ Id: 902a7d83-77ad-4cdf-97f4-d35e5daa4b7d, Nodes: 80bd91bd-ab17-414e-9fbc-bd509e19448d{ip: 192.168.5.156, host: pr-hdds-2121-pbfts-3191465506, networkLocation: /default-rack, certSerialId: null}3de10ab2-5aa8-4456-b48c-00692585ccec{ip: 192.168.5.156, host: pr-hdds-2121-pbfts-3191465506, networkLocation: /default-rack, certSerialId: null}fc7af808-7c3b-4e7d-bcd4-16788f7c0c06{ip: 192.168.5.156, host: pr-hdds-2121-pbfts-3191465506, networkLocation: /default-rack, certSerialId: null}, Type:RATIS, Factor:THREE, State:CLOSED] moved to CLOSED state
2019-09-17 22:40:31,737 [EventQueue-CloseContainerForCloseContainerEventHandler] INFO  container.CloseContainerEventHandler (CloseContainerEventHandler.java:onMessage(61)) - Close container Event triggered for container : #6
2019-09-17 22:40:31,738 [EventQueue-CloseContainerForCloseContainerEventHandler] INFO  container.CloseContainerEventHandler (CloseContainerEventHandler.java:onMessage(61)) - Close container Event triggered for container : #7
2019-09-17 22:40:31,738 [EventQueue-CloseContainerForCloseContainerEventHandler] INFO  container.CloseContainerEventHandler (CloseContainerEventHandler.java:onMessage(61)) - Close container Event triggered for container : #8
2019-09-17 22:40:32,034 [java.util.concurrent.ThreadPoolExecutor$Worker@29da62d0[State = -1, empty queue]] WARN  server.GrpcLogAppender (GrpcLogAppender.java:timeoutAppendRequest(200)) - 80bd91bd-ab17-414e-9fbc-bd509e19448d@group-D35E5DAA4B7D->fc7af808-7c3b-4e7d-bcd4-16788f7c0c06-GrpcLogAppender: appendEntries Timeout, request=80bd91bd-ab17-414e-9fbc-bd509e19448d->fc7af808-7c3b-4e7d-bcd4-16788f7c0c06#140-t1, previous=(t:1, i:20), leaderCommit=14, initializing? false, entries: <empty>
2019-09-17 22:40:32,034 [java.util.concurrent.ThreadPoolExecutor$Worker@1fb783c8[State = -1, empty queue]] WARN  server.GrpcLogAppender (GrpcLogAppender.java:timeoutAppendRequest(200)) - 80bd91bd-ab17-414e-9fbc-bd509e19448d@group-D35E5DAA4B7D->3de10ab2-5aa8-4456-b48c-00692585ccec-GrpcLogAppender: appendEntries Timeout, request=80bd91bd-ab17-414e-9fbc-bd509e19448d->3de10ab2-5aa8-4456-b48c-00692585ccec#140-t1, previous=(t:1, i:20), leaderCommit=14, initializing? false, entries: <empty>
2019-09-17 22:40:32,671 [grpc-default-executor-4] INFO  client.GrpcClientProtocolClient (GrpcClientProtocolClient.java:onNext(264)) - client-20B9A50446D7->3de10ab2-5aa8-4456-b48c-00692585ccec: receive RaftClientReply:client-20B9A50446D7->3de10ab2-5aa8-4456-b48c-00692585ccec@group-D35E5DAA4B7D, cid=143, FAILED org.apache.ratis.protocol.NotLeaderException: Server 3de10ab2-5aa8-4456-b48c-00692585ccec@group-D35E5DAA4B7D is not the leader 80bd91bd-ab17-414e-9fbc-bd509e19448d:192.168.5.156:34851, logIndex=0, commits[3de10ab2-5aa8-4456-b48c-00692585ccec:c14, fc7af808-7c3b-4e7d-bcd4-16788f7c0c06:c13, 80bd91bd-ab17-414e-9fbc-bd509e19448d:c14]
2019-09-17 22:40:34,037 [org.apache.ratis.server.impl.LogAppender$AppenderDaemon$$Lambda$486/264626604@4b5ca4fa] ERROR ratis.XceiverServerRatis (XceiverServerRatis.java:triggerPipelineClose(575)) - pipeline Action CLOSE  on pipeline PipelineID=902a7d83-77ad-4cdf-97f4-d35e5daa4b7d.Reason : 80bd91bd-ab17-414e-9fbc-bd509e19448d has not seen follower/s fc7af808-7c3b-4e7d-bcd4-16788f7c0c06 for 122854ms 3de10ab2-5aa8-4456-b48c-00692585ccec for 122853ms
2019-09-17 22:40:34,037 [org.apache.ratis.server.impl.LogAppender$AppenderDaemon$$Lambda$486/264626604@5cda6014] ERROR ratis.XceiverServerRatis (XceiverServerRatis.java:triggerPipelineClose(575)) - pipeline Action CLOSE  on pipeline PipelineID=902a7d83-77ad-4cdf-97f4-d35e5daa4b7d.Reason : 80bd91bd-ab17-414e-9fbc-bd509e19448d has not seen follower/s fc7af808-7c3b-4e7d-bcd4-16788f7c0c06 for 122854ms 3de10ab2-5aa8-4456-b48c-00692585ccec for 122853ms
2019-09-17 22:40:34,535 [java.util.concurrent.ThreadPoolExecutor$Worker@29da62d0[State = -1, empty queue]] WARN  server.GrpcLogAppender (GrpcLogAppender.java:timeoutAppendRequest(200)) - 80bd91bd-ab17-414e-9fbc-bd509e19448d@group-D35E5DAA4B7D->fc7af808-7c3b-4e7d-bcd4-16788f7c0c06-GrpcLogAppender: appendEntries Timeout, request=80bd91bd-ab17-414e-9fbc-bd509e19448d->fc7af808-7c3b-4e7d-bcd4-16788f7c0c06#141-t1, previous=(t:1, i:20), leaderCommit=14, initializing? false, entries: <empty>
2019-09-17 22:40:34,535 [java.util.concurrent.ThreadPoolExecutor$Worker@1fb783c8[State = -1, empty queue]] WARN  server.GrpcLogAppender (GrpcLogAppender.java:timeoutAppendRequest(200)) - 80bd91bd-ab17-414e-9fbc-bd509e19448d@group-D35E5DAA4B7D->3de10ab2-5aa8-4456-b48c-00692585ccec-GrpcLogAppender: appendEntries Timeout, request=80bd91bd-ab17-414e-9fbc-bd509e19448d->3de10ab2-5aa8-4456-b48c-00692585ccec#141-t1, previous=(t:1, i:20), leaderCommit=14, initializing? false, entries: <empty>
2019-09-17 22:40:34,736 [EventQueue-PipelineActionsForPipelineActionHandler] ERROR pipeline.PipelineActionHandler (PipelineActionHandler.java:onMessage(60)) - Received pipeline action CLOSE for Pipeline[ Id: 902a7d83-77ad-4cdf-97f4-d35e5daa4b7d, Nodes: 80bd91bd-ab17-414e-9fbc-bd509e19448d{ip: 192.168.5.156, host: pr-hdds-2121-pbfts-3191465506, networkLocation: /default-rack, certSerialId: null}3de10ab2-5aa8-4456-b48c-00692585ccec{ip: 192.168.5.156, host: pr-hdds-2121-pbfts-3191465506, networkLocation: /default-rack, certSerialId: null}fc7af808-7c3b-4e7d-bcd4-16788f7c0c06{ip: 192.168.5.156, host: pr-hdds-2121-pbfts-3191465506, networkLocation: /default-rack, certSerialId: null}, Type:RATIS, Factor:THREE, State:CLOSED] from datanode 80bd91bd-ab17-414e-9fbc-bd509e19448d{ip: 192.168.5.156, host: pr-hdds-2121-pbfts-3191465506, networkLocation: /default-rack, certSerialId: null}. Reason : 80bd91bd-ab17-414e-9fbc-bd509e19448d has not seen follower/s fc7af808-7c3b-4e7d-bcd4-16788f7c0c06 for 122854ms 3de10ab2-5aa8-4456-b48c-00692585ccec for 122853ms
2019-09-17 22:40:34,736 [EventQueue-PipelineActionsForPipelineActionHandler] INFO  pipeline.SCMPipelineManager (SCMPipelineManager.java:finalizeAndDestroyPipeline(311)) - destroying pipeline:Pipeline[ Id: 902a7d83-77ad-4cdf-97f4-d35e5daa4b7d, Nodes: 80bd91bd-ab17-414e-9fbc-bd509e19448d{ip: 192.168.5.156, host: pr-hdds-2121-pbfts-3191465506, networkLocation: /default-rack, certSerialId: null}3de10ab2-5aa8-4456-b48c-00692585ccec{ip: 192.168.5.156, host: pr-hdds-2121-pbfts-3191465506, networkLocation: /default-rack, certSerialId: null}fc7af808-7c3b-4e7d-bcd4-16788f7c0c06{ip: 192.168.5.156, host: pr-hdds-2121-pbfts-3191465506, networkLocation: /default-rack, certSerialId: null}, Type:RATIS, Factor:THREE, State:CLOSED]
2019-09-17 22:40:34,758 [org.apache.ratis.server.impl.LogAppender$AppenderDaemon$$Lambda$486/264626604@5cda6014] ERROR ratis.XceiverServerRatis (XceiverServerRatis.java:triggerPipelineClose(575)) - pipeline Action CLOSE  on pipeline PipelineID=902a7d83-77ad-4cdf-97f4-d35e5daa4b7d.Reason : 80bd91bd-ab17-414e-9fbc-bd509e19448d has not seen follower/s fc7af808-7c3b-4e7d-bcd4-16788f7c0c06 for 123576ms 3de10ab2-5aa8-4456-b48c-00692585ccec for 123575ms
2019-09-17 22:40:34,758 [org.apache.ratis.server.impl.LogAppender$AppenderDaemon$$Lambda$486/264626604@4b5ca4fa] ERROR ratis.XceiverServerRatis (XceiverServerRatis.java:triggerPipelineClose(575)) - pipeline Action CLOSE  on pipeline PipelineID=902a7d83-77ad-4cdf-97f4-d35e5daa4b7d.Reason : 80bd91bd-ab17-414e-9fbc-bd509e19448d has not seen follower/s fc7af808-7c3b-4e7d-bcd4-16788f7c0c06 for 123576ms 3de10ab2-5aa8-4456-b48c-00692585ccec for 123575ms
2019-09-17 22:40:35,758 [EventQueue-PipelineActionsForPipelineActionHandler] ERROR pipeline.PipelineActionHandler (PipelineActionHandler.java:onMessage(60)) - Received pipeline action CLOSE for Pipeline[ Id: 902a7d83-77ad-4cdf-97f4-d35e5daa4b7d, Nodes: 80bd91bd-ab17-414e-9fbc-bd509e19448d{ip: 192.168.5.156, host: pr-hdds-2121-pbfts-3191465506, networkLocation: /default-rack, certSerialId: null}3de10ab2-5aa8-4456-b48c-00692585ccec{ip: 192.168.5.156, host: pr-hdds-2121-pbfts-3191465506, networkLocation: /default-rack, certSerialId: null}fc7af808-7c3b-4e7d-bcd4-16788f7c0c06{ip: 192.168.5.156, host: pr-hdds-2121-pbfts-3191465506, networkLocation: /default-rack, certSerialId: null}, Type:RATIS, Factor:THREE, State:CLOSED] from datanode 80bd91bd-ab17-414e-9fbc-bd509e19448d{ip: 192.168.5.156, host: pr-hdds-2121-pbfts-3191465506, networkLocation: /default-rack, certSerialId: null}. Reason : 80bd91bd-ab17-414e-9fbc-bd509e19448d has not seen follower/s fc7af808-7c3b-4e7d-bcd4-16788f7c0c06 for 123576ms 3de10ab2-5aa8-4456-b48c-00692585ccec for 123575ms
2019-09-17 22:40:35,758 [EventQueue-PipelineActionsForPipelineActionHandler] INFO  pipeline.SCMPipelineManager (SCMPipelineManager.java:finalizeAndDestroyPipeline(311)) - destroying pipeline:Pipeline[ Id: 902a7d83-77ad-4cdf-97f4-d35e5daa4b7d, Nodes: 80bd91bd-ab17-414e-9fbc-bd509e19448d{ip: 192.168.5.156, host: pr-hdds-2121-pbfts-3191465506, networkLocation: /default-rack, certSerialId: null}3de10ab2-5aa8-4456-b48c-00692585ccec{ip: 192.168.5.156, host: pr-hdds-2121-pbfts-3191465506, networkLocation: /default-rack, certSerialId: null}fc7af808-7c3b-4e7d-bcd4-16788f7c0c06{ip: 192.168.5.156, host: pr-hdds-2121-pbfts-3191465506, networkLocation: /default-rack, certSerialId: null}, Type:RATIS, Factor:THREE, State:CLOSED]
2019-09-17 22:40:37,037 [java.util.concurrent.ThreadPoolExecutor$Worker@29da62d0[State = -1, empty queue]] WARN  server.GrpcLogAppender (GrpcLogAppender.java:timeoutAppendRequest(200)) - 80bd91bd-ab17-414e-9fbc-bd509e19448d@group-D35E5DAA4B7D->fc7af808-7c3b-4e7d-bcd4-16788f7c0c06-GrpcLogAppender: appendEntries Timeout, request=80bd91bd-ab17-414e-9fbc-bd509e19448d->fc7af808-7c3b-4e7d-bcd4-16788f7c0c06#142-t1, previous=(t:1, i:20), leaderCommit=14, initializing? false, entries: <empty>
2019-09-17 22:40:37,037 [java.util.concurrent.ThreadPoolExecutor$Worker@1fb783c8[State = -1, empty queue]] WARN  server.GrpcLogAppender (GrpcLogAppender.java:timeoutAppendRequest(200)) - 80bd91bd-ab17-414e-9fbc-bd509e19448d@group-D35E5DAA4B7D->3de10ab2-5aa8-4456-b48c-00692585ccec-GrpcLogAppender: appendEntries Timeout, request=80bd91bd-ab17-414e-9fbc-bd509e19448d->3de10ab2-5aa8-4456-b48c-00692585ccec#142-t1, previous=(t:1, i:20), leaderCommit=14, initializing? false, entries: <empty>
2019-09-17 22:40:37,259 [org.apache.ratis.server.impl.LogAppender$AppenderDaemon$$Lambda$486/264626604@4b5ca4fa] ERROR ratis.XceiverServerRatis (XceiverServerRatis.java:triggerPipelineClose(575)) - pipeline Action CLOSE  on pipeline PipelineID=902a7d83-77ad-4cdf-97f4-d35e5daa4b7d.Reason : 80bd91bd-ab17-414e-9fbc-bd509e19448d has not seen follower/s fc7af808-7c3b-4e7d-bcd4-16788f7c0c06 for 126077ms 3de10ab2-5aa8-4456-b48c-00692585ccec for 126076ms
2019-09-17 22:40:37,259 [org.apache.ratis.server.impl.LogAppender$AppenderDaemon$$Lambda$486/264626604@5cda6014] ERROR ratis.XceiverServerRatis (XceiverServerRatis.java:triggerPipelineClose(575)) - pipeline Action CLOSE  on pipeline PipelineID=902a7d83-77ad-4cdf-97f4-d35e5daa4b7d.Reason : 80bd91bd-ab17-414e-9fbc-bd509e19448d has not seen follower/s fc7af808-7c3b-4e7d-bcd4-16788f7c0c06 for 126077ms 3de10ab2-5aa8-4456-b48c-00692585ccec for 126076ms
2019-09-17 22:40:37,715 [grpc-default-executor-4] INFO  client.GrpcClientProtocolClient (GrpcClientProtocolClient.java:onNext(264)) - client-20B9A50446D7->3de10ab2-5aa8-4456-b48c-00692585ccec: receive RaftClientReply:client-20B9A50446D7->3de10ab2-5aa8-4456-b48c-00692585ccec@group-D35E5DAA4B7D, cid=143, FAILED org.apache.ratis.protocol.NotLeaderException: Server 3de10ab2-5aa8-4456-b48c-00692585ccec@group-D35E5DAA4B7D is not the leader 80bd91bd-ab17-414e-9fbc-bd509e19448d:192.168.5.156:34851, logIndex=0, commits[3de10ab2-5aa8-4456-b48c-00692585ccec:c14, fc7af808-7c3b-4e7d-bcd4-16788f7c0c06:c13, 80bd91bd-ab17-414e-9fbc-bd509e19448d:c14]
2019-09-17 22:40:37,758 [EventQueue-PipelineActionsForPipelineActionHandler] ERROR pipeline.PipelineActionHandler (PipelineActionHandler.java:onMessage(60)) - Received pipeline action CLOSE for Pipeline[ Id: 902a7d83-77ad-4cdf-97f4-d35e5daa4b7d, Nodes: 80bd91bd-ab17-414e-9fbc-bd509e19448d{ip: 192.168.5.156, host: pr-hdds-2121-pbfts-3191465506, networkLocation: /default-rack, certSerialId: null}3de10ab2-5aa8-4456-b48c-00692585ccec{ip: 192.168.5.156, host: pr-hdds-2121-pbfts-3191465506, networkLocation: /default-rack, certSerialId: null}fc7af808-7c3b-4e7d-bcd4-16788f7c0c06{ip: 192.168.5.156, host: pr-hdds-2121-pbfts-3191465506, networkLocation: /default-rack, certSerialId: null}, Type:RATIS, Factor:THREE, State:CLOSED] from datanode 80bd91bd-ab17-414e-9fbc-bd509e19448d{ip: 192.168.5.156, host: pr-hdds-2121-pbfts-3191465506, networkLocation: /default-rack, certSerialId: null}. Reason : 80bd91bd-ab17-414e-9fbc-bd509e19448d has not seen follower/s fc7af808-7c3b-4e7d-bcd4-16788f7c0c06 for 126077ms 3de10ab2-5aa8-4456-b48c-00692585ccec for 126076ms
2019-09-17 22:40:37,758 [EventQueue-PipelineActionsForPipelineActionHandler] INFO  pipeline.SCMPipelineManager (SCMPipelineManager.java:finalizeAndDestroyPipeline(311)) - destroying pipeline:Pipeline[ Id: 902a7d83-77ad-4cdf-97f4-d35e5daa4b7d, Nodes: 80bd91bd-ab17-414e-9fbc-bd509e19448d{ip: 192.168.5.156, host: pr-hdds-2121-pbfts-3191465506, networkLocation: /default-rack, certSerialId: null}3de10ab2-5aa8-4456-b48c-00692585ccec{ip: 192.168.5.156, host: pr-hdds-2121-pbfts-3191465506, networkLocation: /default-rack, certSerialId: null}fc7af808-7c3b-4e7d-bcd4-16788f7c0c06{ip: 192.168.5.156, host: pr-hdds-2121-pbfts-3191465506, networkLocation: /default-rack, certSerialId: null}, Type:RATIS, Factor:THREE, State:CLOSED]
2019-09-17 22:40:37,758 [java.util.concurrent.ThreadPoolExecutor$Worker@29da62d0[State = -1, empty queue]] WARN  server.GrpcLogAppender (GrpcLogAppender.java:timeoutAppendRequest(200)) - 80bd91bd-ab17-414e-9fbc-bd509e19448d@group-D35E5DAA4B7D->fc7af808-7c3b-4e7d-bcd4-16788f7c0c06-GrpcLogAppender: appendEntries Timeout, request=80bd91bd-ab17-414e-9fbc-bd509e19448d->fc7af808-7c3b-4e7d-bcd4-16788f7c0c06#143-t1, previous=(t:1, i:20), leaderCommit=14, initializing? false, entries: size=1, first=(t:1, i:21), STATEMACHINELOGENTRY, client-91E3BFCE8004, cid=20
2019-09-17 22:40:37,758 [java.util.concurrent.ThreadPoolExecutor$Worker@1fb783c8[State = -1, empty queue]] WARN  server.GrpcLogAppender (GrpcLogAppender.java:timeoutAppendRequest(200)) - 80bd91bd-ab17-414e-9fbc-bd509e19448d@group-D35E5DAA4B7D->3de10ab2-5aa8-4456-b48c-00692585ccec-GrpcLogAppender: appendEntries Timeout, request=80bd91bd-ab17-414e-9fbc-bd509e19448d->3de10ab2-5aa8-4456-b48c-00692585ccec#143-t1, previous=(t:1, i:20), leaderCommit=14, initializing? false, entries: size=1, first=(t:1, i:21), STATEMACHINELOGENTRY, client-91E3BFCE8004, cid=20
2019-09-17 22:40:39,760 [org.apache.ratis.server.impl.LogAppender$AppenderDaemon$$Lambda$486/264626604@4b5ca4fa] ERROR ratis.XceiverServerRatis (XceiverServerRatis.java:triggerPipelineClose(575)) - pipeline Action CLOSE  on pipeline PipelineID=902a7d83-77ad-4cdf-97f4-d35e5daa4b7d.Reason : 80bd91bd-ab17-414e-9fbc-bd509e19448d has not seen follower/s fc7af808-7c3b-4e7d-bcd4-16788f7c0c06 for 128578ms 3de10ab2-5aa8-4456-b48c-00692585ccec for 128577ms
2019-09-17 22:40:39,760 [org.apache.ratis.server.impl.LogAppender$AppenderDaemon$$Lambda$486/264626604@5cda6014] ERROR ratis.XceiverServerRatis (XceiverServerRatis.java:triggerPipelineClose(575)) - pipeline Action CLOSE  on pipeline PipelineID=902a7d83-77ad-4cdf-97f4-d35e5daa4b7d.Reason : 80bd91bd-ab17-414e-9fbc-bd509e19448d has not seen follower/s fc7af808-7c3b-4e7d-bcd4-16788f7c0c06 for 128578ms 3de10ab2-5aa8-4456-b48c-00692585ccec for 128577ms
2019-09-17 22:40:40,259 [java.util.concurrent.ThreadPoolExecutor$Worker@29da62d0[State = -1, empty queue]] WARN  server.GrpcLogAppender (GrpcLogAppender.java:timeoutAppendRequest(200)) - 80bd91bd-ab17-414e-9fbc-bd509e19448d@group-D35E5DAA4B7D->fc7af808-7c3b-4e7d-bcd4-16788f7c0c06-GrpcLogAppender: appendEntries Timeout, request=80bd91bd-ab17-414e-9fbc-bd509e19448d->fc7af808-7c3b-4e7d-bcd4-16788f7c0c06#144-t1, previous=(t:1, i:21), leaderCommit=14, initializing? false, entries: <empty>
2019-09-17 22:40:40,259 [java.util.concurrent.ThreadPoolExecutor$Worker@1fb783c8[State = -1, empty queue]] WARN  server.GrpcLogAppender (GrpcLogAppender.java:timeoutAppendRequest(200)) - 80bd91bd-ab17-414e-9fbc-bd509e19448d@group-D35E5DAA4B7D->3de10ab2-5aa8-4456-b48c-00692585ccec-GrpcLogAppender: appendEntries Timeout, request=80bd91bd-ab17-414e-9fbc-bd509e19448d->3de10ab2-5aa8-4456-b48c-00692585ccec#144-t1, previous=(t:1, i:21), leaderCommit=14, initializing? false, entries: <empty>
2019-09-17 22:40:40,758 [EventQueue-PipelineActionsForPipelineActionHandler] ERROR pipeline.PipelineActionHandler (PipelineActionHandler.java:onMessage(60)) - Received pipeline action CLOSE for Pipeline[ Id: 902a7d83-77ad-4cdf-97f4-d35e5daa4b7d, Nodes: 80bd91bd-ab17-414e-9fbc-bd509e19448d{ip: 192.168.5.156, host: pr-hdds-2121-pbfts-3191465506, networkLocation: /default-rack, certSerialId: null}3de10ab2-5aa8-4456-b48c-00692585ccec{ip: 192.168.5.156, host: pr-hdds-2121-pbfts-3191465506, networkLocation: /default-rack, certSerialId: null}fc7af808-7c3b-4e7d-bcd4-16788f7c0c06{ip: 192.168.5.156, host: pr-hdds-2121-pbfts-3191465506, networkLocation: /default-rack, certSerialId: null}, Type:RATIS, Factor:THREE, State:CLOSED] from datanode 80bd91bd-ab17-414e-9fbc-bd509e19448d{ip: 192.168.5.156, host: pr-hdds-2121-pbfts-3191465506, networkLocation: /default-rack, certSerialId: null}. Reason : 80bd91bd-ab17-414e-9fbc-bd509e19448d has not seen follower/s fc7af808-7c3b-4e7d-bcd4-16788f7c0c06 for 128578ms 3de10ab2-5aa8-4456-b48c-00692585ccec for 128577ms
2019-09-17 22:40:40,758 [EventQueue-PipelineActionsForPipelineActionHandler] INFO  pipeline.SCMPipelineManager (SCMPipelineManager.java:finalizeAndDestroyPipeline(311)) - destroying pipeline:Pipeline[ Id: 902a7d83-77ad-4cdf-97f4-d35e5daa4b7d, Nodes: 80bd91bd-ab17-414e-9fbc-bd509e19448d{ip: 192.168.5.156, host: pr-hdds-2121-pbfts-3191465506, networkLocation: /default-rack, certSerialId: null}3de10ab2-5aa8-4456-b48c-00692585ccec{ip: 192.168.5.156, host: pr-hdds-2121-pbfts-3191465506, networkLocation: /default-rack, certSerialId: null}fc7af808-7c3b-4e7d-bcd4-16788f7c0c06{ip: 192.168.5.156, host: pr-hdds-2121-pbfts-3191465506, networkLocation: /default-rack, certSerialId: null}, Type:RATIS, Factor:THREE, State:CLOSED]
2019-09-17 22:40:41,514 [3de10ab2-5aa8-4456-b48c-00692585ccec@group-D35E5DAA4B7D-SegmentedRaftLogWorker] WARN  segmented.SegmentedRaftLogWorker (SegmentedRaftLogWorker.java:getFromFuture(90)) - Timeout 12/~
org.apache.ratis.protocol.TimeoutIOException: Timeout 10s: WriteLog:15: (t:1, i:15), STATEMACHINELOGENTRY, client-20B9A50446D7, cid=143-writeStateMachineData
	at org.apache.ratis.util.IOUtils.getFromFuture(IOUtils.java:87)
	at org.apache.ratis.server.raftlog.segmented.SegmentedRaftLogWorker$StateMachineDataPolicy.getFromFuture(SegmentedRaftLogWorker.java:87)
	at org.apache.ratis.server.raftlog.segmented.SegmentedRaftLogWorker$WriteLog.execute(SegmentedRaftLogWorker.java:477)
	at org.apache.ratis.server.raftlog.segmented.SegmentedRaftLogWorker.run(SegmentedRaftLogWorker.java:289)
	at java.lang.Thread.run(Thread.java:748)
Caused by: java.util.concurrent.TimeoutException
	at java.util.concurrent.CompletableFuture.timedGet(CompletableFuture.java:1771)
	at java.util.concurrent.CompletableFuture.get(CompletableFuture.java:1915)
	at org.apache.ratis.util.IOUtils.getFromFuture(IOUtils.java:79)
	... 4 more
2019-09-17 22:40:41,735 [fc7af808-7c3b-4e7d-bcd4-16788f7c0c06@group-D35E5DAA4B7D-SegmentedRaftLogWorker] WARN  segmented.SegmentedRaftLogWorker (SegmentedRaftLogWorker.java:getFromFuture(90)) - Timeout 12/~
org.apache.ratis.protocol.TimeoutIOException: Timeout 10s: WriteLog:16: (t:1, i:16), STATEMACHINELOGENTRY, client-20B9A50446D7, cid=144-writeStateMachineData
	at org.apache.ratis.util.IOUtils.getFromFuture(IOUtils.java:87)
	at org.apache.ratis.server.raftlog.segmented.SegmentedRaftLogWorker$StateMachineDataPolicy.getFromFuture(SegmentedRaftLogWorker.java:87)
	at org.apache.ratis.server.raftlog.segmented.SegmentedRaftLogWorker$WriteLog.execute(SegmentedRaftLogWorker.java:477)
	at org.apache.ratis.server.raftlog.segmented.SegmentedRaftLogWorker.run(SegmentedRaftLogWorker.java:289)
	at java.lang.Thread.run(Thread.java:748)
Caused by: java.util.concurrent.TimeoutException
	at java.util.concurrent.CompletableFuture.timedGet(CompletableFuture.java:1771)
	at java.util.concurrent.CompletableFuture.get(CompletableFuture.java:1915)
	at org.apache.ratis.util.IOUtils.getFromFuture(IOUtils.java:79)
	... 4 more
2019-09-17 22:40:41,736 [80bd91bd-ab17-414e-9fbc-bd509e19448d@group-D35E5DAA4B7D-SegmentedRaftLogWorker] WARN  segmented.SegmentedRaftLogWorker (SegmentedRaftLogWorker.java:getFromFuture(90)) - Timeout 12/~
org.apache.ratis.protocol.TimeoutIOException: Timeout 10s: WriteLog:16: (t:1, i:16), STATEMACHINELOGENTRY, client-20B9A50446D7, cid=144-writeStateMachineData
	at org.apache.ratis.util.IOUtils.getFromFuture(IOUtils.java:87)
	at org.apache.ratis.server.raftlog.segmented.SegmentedRaftLogWorker$StateMachineDataPolicy.getFromFuture(SegmentedRaftLogWorker.java:87)
	at org.apache.ratis.server.raftlog.segmented.SegmentedRaftLogWorker$WriteLog.execute(SegmentedRaftLogWorker.java:477)
	at org.apache.ratis.server.raftlog.segmented.SegmentedRaftLogWorker.run(SegmentedRaftLogWorker.java:289)
	at java.lang.Thread.run(Thread.java:748)
Caused by: java.util.concurrent.TimeoutException
	at java.util.concurrent.CompletableFuture.timedGet(CompletableFuture.java:1771)
	at java.util.concurrent.CompletableFuture.get(CompletableFuture.java:1915)
	at org.apache.ratis.util.IOUtils.getFromFuture(IOUtils.java:79)
	... 4 more
2019-09-17 22:40:42,262 [org.apache.ratis.server.impl.LogAppender$AppenderDaemon$$Lambda$486/264626604@4b5ca4fa] ERROR ratis.XceiverServerRatis (XceiverServerRatis.java:triggerPipelineClose(575)) - pipeline Action CLOSE  on pipeline PipelineID=902a7d83-77ad-4cdf-97f4-d35e5daa4b7d.Reason : 80bd91bd-ab17-414e-9fbc-bd509e19448d has not seen follower/s fc7af808-7c3b-4e7d-bcd4-16788f7c0c06 for 131079ms 3de10ab2-5aa8-4456-b48c-00692585ccec for 131078ms
2019-09-17 22:40:42,262 [org.apache.ratis.server.impl.LogAppender$AppenderDaemon$$Lambda$486/264626604@5cda6014] ERROR ratis.XceiverServerRatis (XceiverServerRatis.java:triggerPipelineClose(575)) - pipeline Action CLOSE  on pipeline PipelineID=902a7d83-77ad-4cdf-97f4-d35e5daa4b7d.Reason : 80bd91bd-ab17-414e-9fbc-bd509e19448d has not seen follower/s fc7af808-7c3b-4e7d-bcd4-16788f7c0c06 for 131079ms 3de10ab2-5aa8-4456-b48c-00692585ccec for 131078ms
2019-09-17 22:40:42,760 [EventQueue-PipelineActionsForPipelineActionHandler] ERROR pipeline.PipelineActionHandler (PipelineActionHandler.java:onMessage(60)) - Received pipeline action CLOSE for Pipeline[ Id: 902a7d83-77ad-4cdf-97f4-d35e5daa4b7d, Nodes: 80bd91bd-ab17-414e-9fbc-bd509e19448d{ip: 192.168.5.156, host: pr-hdds-2121-pbfts-3191465506, networkLocation: /default-rack, certSerialId: null}3de10ab2-5aa8-4456-b48c-00692585ccec{ip: 192.168.5.156, host: pr-hdds-2121-pbfts-3191465506, networkLocation: /default-rack, certSerialId: null}fc7af808-7c3b-4e7d-bcd4-16788f7c0c06{ip: 192.168.5.156, host: pr-hdds-2121-pbfts-3191465506, networkLocation: /default-rack, certSerialId: null}, Type:RATIS, Factor:THREE, State:CLOSED] from datanode 80bd91bd-ab17-414e-9fbc-bd509e19448d{ip: 192.168.5.156, host: pr-hdds-2121-pbfts-3191465506, networkLocation: /default-rack, certSerialId: null}. Reason : 80bd91bd-ab17-414e-9fbc-bd509e19448d has not seen follower/s fc7af808-7c3b-4e7d-bcd4-16788f7c0c06 for 131079ms 3de10ab2-5aa8-4456-b48c-00692585ccec for 131078ms
2019-09-17 22:40:42,761 [java.util.concurrent.ThreadPoolExecutor$Worker@1fb783c8[State = -1, empty queue]] WARN  server.GrpcLogAppender (GrpcLogAppender.java:timeoutAppendRequest(200)) - 80bd91bd-ab17-414e-9fbc-bd509e19448d@group-D35E5DAA4B7D->3de10ab2-5aa8-4456-b48c-00692585ccec-GrpcLogAppender: appendEntries Timeout, request=80bd91bd-ab17-414e-9fbc-bd509e19448d->3de10ab2-5aa8-4456-b48c-00692585ccec#145-t1, previous=(t:1, i:21), leaderCommit=14, initializing? false, entries: <empty>
2019-09-17 22:40:42,761 [EventQueue-PipelineActionsForPipelineActionHandler] INFO  pipeline.SCMPipelineManager (SCMPipelineManager.java:finalizeAndDestroyPipeline(311)) - destroying pipeline:Pipeline[ Id: 902a7d83-77ad-4cdf-97f4-d35e5daa4b7d, Nodes: 80bd91bd-ab17-414e-9fbc-bd509e19448d{ip: 192.168.5.156, host: pr-hdds-2121-pbfts-3191465506, networkLocation: /default-rack, certSerialId: null}3de10ab2-5aa8-4456-b48c-00692585ccec{ip: 192.168.5.156, host: pr-hdds-2121-pbfts-3191465506, networkLocation: /default-rack, certSerialId: null}fc7af808-7c3b-4e7d-bcd4-16788f7c0c06{ip: 192.168.5.156, host: pr-hdds-2121-pbfts-3191465506, networkLocation: /default-rack, certSerialId: null}, Type:RATIS, Factor:THREE, State:CLOSED]
2019-09-17 22:40:42,761 [java.util.concurrent.ThreadPoolExecutor$Worker@29da62d0[State = -1, empty queue]] WARN  server.GrpcLogAppender (GrpcLogAppender.java:timeoutAppendRequest(200)) - 80bd91bd-ab17-414e-9fbc-bd509e19448d@group-D35E5DAA4B7D->fc7af808-7c3b-4e7d-bcd4-16788f7c0c06-GrpcLogAppender: appendEntries Timeout, request=80bd91bd-ab17-414e-9fbc-bd509e19448d->fc7af808-7c3b-4e7d-bcd4-16788f7c0c06#145-t1, previous=(t:1, i:21), leaderCommit=14, initializing? false, entries: <empty>
2019-09-17 22:40:42,781 [grpc-default-executor-1] INFO  client.GrpcClientProtocolClient (GrpcClientProtocolClient.java:onNext(264)) - client-20B9A50446D7->3de10ab2-5aa8-4456-b48c-00692585ccec: receive RaftClientReply:client-20B9A50446D7->3de10ab2-5aa8-4456-b48c-00692585ccec@group-D35E5DAA4B7D, cid=143, FAILED org.apache.ratis.protocol.NotLeaderException: Server 3de10ab2-5aa8-4456-b48c-00692585ccec@group-D35E5DAA4B7D is not the leader 80bd91bd-ab17-414e-9fbc-bd509e19448d:192.168.5.156:34851, logIndex=0, commits[3de10ab2-5aa8-4456-b48c-00692585ccec:c14, fc7af808-7c3b-4e7d-bcd4-16788f7c0c06:c13, 80bd91bd-ab17-414e-9fbc-bd509e19448d:c14]
2019-09-17 22:40:44,767 [org.apache.ratis.server.impl.LogAppender$AppenderDaemon$$Lambda$486/264626604@5cda6014] ERROR ratis.XceiverServerRatis (XceiverServerRatis.java:triggerPipelineClose(575)) - pipeline Action CLOSE  on pipeline PipelineID=902a7d83-77ad-4cdf-97f4-d35e5daa4b7d.Reason : 80bd91bd-ab17-414e-9fbc-bd509e19448d has not seen follower/s fc7af808-7c3b-4e7d-bcd4-16788f7c0c06 for 133584ms 3de10ab2-5aa8-4456-b48c-00692585ccec for 133584ms
2019-09-17 22:40:44,767 [org.apache.ratis.server.impl.LogAppender$AppenderDaemon$$Lambda$486/264626604@4b5ca4fa] ERROR ratis.XceiverServerRatis (XceiverServerRatis.java:triggerPipelineClose(575)) - pipeline Action CLOSE  on pipeline PipelineID=902a7d83-77ad-4cdf-97f4-d35e5daa4b7d.Reason : 80bd91bd-ab17-414e-9fbc-bd509e19448d has not seen follower/s fc7af808-7c3b-4e7d-bcd4-16788f7c0c06 for 133584ms 3de10ab2-5aa8-4456-b48c-00692585ccec for 133584ms
2019-09-17 22:40:45,262 [java.util.concurrent.ThreadPoolExecutor$Worker@29da62d0[State = -1, empty queue]] WARN  server.GrpcLogAppender (GrpcLogAppender.java:timeoutAppendRequest(200)) - 80bd91bd-ab17-414e-9fbc-bd509e19448d@group-D35E5DAA4B7D->fc7af808-7c3b-4e7d-bcd4-16788f7c0c06-GrpcLogAppender: appendEntries Timeout, request=80bd91bd-ab17-414e-9fbc-bd509e19448d->fc7af808-7c3b-4e7d-bcd4-16788f7c0c06#146-t1, previous=(t:1, i:21), leaderCommit=14, initializing? false, entries: <empty>
2019-09-17 22:40:45,262 [java.util.concurrent.ThreadPoolExecutor$Worker@1fb783c8[State = -1, empty queue]] WARN  server.GrpcLogAppender (GrpcLogAppender.java:timeoutAppendRequest(200)) - 80bd91bd-ab17-414e-9fbc-bd509e19448d@group-D35E5DAA4B7D->3de10ab2-5aa8-4456-b48c-00692585ccec-GrpcLogAppender: appendEntries Timeout, request=80bd91bd-ab17-414e-9fbc-bd509e19448d->3de10ab2-5aa8-4456-b48c-00692585ccec#146-t1, previous=(t:1, i:21), leaderCommit=14, initializing? false, entries: <empty>
2019-09-17 22:40:45,761 [EventQueue-PipelineActionsForPipelineActionHandler] ERROR pipeline.PipelineActionHandler (PipelineActionHandler.java:onMessage(60)) - Received pipeline action CLOSE for Pipeline[ Id: 902a7d83-77ad-4cdf-97f4-d35e5daa4b7d, Nodes: 80bd91bd-ab17-414e-9fbc-bd509e19448d{ip: 192.168.5.156, host: pr-hdds-2121-pbfts-3191465506, networkLocation: /default-rack, certSerialId: null}3de10ab2-5aa8-4456-b48c-00692585ccec{ip: 192.168.5.156, host: pr-hdds-2121-pbfts-3191465506, networkLocation: /default-rack, certSerialId: null}fc7af808-7c3b-4e7d-bcd4-16788f7c0c06{ip: 192.168.5.156, host: pr-hdds-2121-pbfts-3191465506, networkLocation: /default-rack, certSerialId: null}, Type:RATIS, Factor:THREE, State:CLOSED] from datanode 80bd91bd-ab17-414e-9fbc-bd509e19448d{ip: 192.168.5.156, host: pr-hdds-2121-pbfts-3191465506, networkLocation: /default-rack, certSerialId: null}. Reason : 80bd91bd-ab17-414e-9fbc-bd509e19448d has not seen follower/s fc7af808-7c3b-4e7d-bcd4-16788f7c0c06 for 133584ms 3de10ab2-5aa8-4456-b48c-00692585ccec for 133584ms
2019-09-17 22:40:45,761 [EventQueue-PipelineActionsForPipelineActionHandler] INFO  pipeline.SCMPipelineManager (SCMPipelineManager.java:finalizeAndDestroyPipeline(311)) - destroying pipeline:Pipeline[ Id: 902a7d83-77ad-4cdf-97f4-d35e5daa4b7d, Nodes: 80bd91bd-ab17-414e-9fbc-bd509e19448d{ip: 192.168.5.156, host: pr-hdds-2121-pbfts-3191465506, networkLocation: /default-rack, certSerialId: null}3de10ab2-5aa8-4456-b48c-00692585ccec{ip: 192.168.5.156, host: pr-hdds-2121-pbfts-3191465506, networkLocation: /default-rack, certSerialId: null}fc7af808-7c3b-4e7d-bcd4-16788f7c0c06{ip: 192.168.5.156, host: pr-hdds-2121-pbfts-3191465506, networkLocation: /default-rack, certSerialId: null}, Type:RATIS, Factor:THREE, State:CLOSED]
2019-09-17 22:40:47,269 [org.apache.ratis.server.impl.LogAppender$AppenderDaemon$$Lambda$486/264626604@4b5ca4fa] ERROR ratis.XceiverServerRatis (XceiverServerRatis.java:triggerPipelineClose(575)) - pipeline Action CLOSE  on pipeline PipelineID=902a7d83-77ad-4cdf-97f4-d35e5daa4b7d.Reason : 80bd91bd-ab17-414e-9fbc-bd509e19448d has not seen follower/s fc7af808-7c3b-4e7d-bcd4-16788f7c0c06 for 136086ms 3de10ab2-5aa8-4456-b48c-00692585ccec for 136085ms
2019-09-17 22:40:47,269 [org.apache.ratis.server.impl.LogAppender$AppenderDaemon$$Lambda$486/264626604@5cda6014] ERROR ratis.XceiverServerRatis (XceiverServerRatis.java:triggerPipelineClose(575)) - pipeline Action CLOSE  on pipeline PipelineID=902a7d83-77ad-4cdf-97f4-d35e5daa4b7d.Reason : 80bd91bd-ab17-414e-9fbc-bd509e19448d has not seen follower/s fc7af808-7c3b-4e7d-bcd4-16788f7c0c06 for 136086ms 3de10ab2-5aa8-4456-b48c-00692585ccec for 136085ms
2019-09-17 22:40:47,760 [EventQueue-PipelineActionsForPipelineActionHandler] ERROR pipeline.PipelineActionHandler (PipelineActionHandler.java:onMessage(60)) - Received pipeline action CLOSE for Pipeline[ Id: 902a7d83-77ad-4cdf-97f4-d35e5daa4b7d, Nodes: 80bd91bd-ab17-414e-9fbc-bd509e19448d{ip: 192.168.5.156, host: pr-hdds-2121-pbfts-3191465506, networkLocation: /default-rack, certSerialId: null}3de10ab2-5aa8-4456-b48c-00692585ccec{ip: 192.168.5.156, host: pr-hdds-2121-pbfts-3191465506, networkLocation: /default-rack, certSerialId: null}fc7af808-7c3b-4e7d-bcd4-16788f7c0c06{ip: 192.168.5.156, host: pr-hdds-2121-pbfts-3191465506, networkLocation: /default-rack, certSerialId: null}, Type:RATIS, Factor:THREE, State:CLOSED] from datanode 80bd91bd-ab17-414e-9fbc-bd509e19448d{ip: 192.168.5.156, host: pr-hdds-2121-pbfts-3191465506, networkLocation: /default-rack, certSerialId: null}. Reason : 80bd91bd-ab17-414e-9fbc-bd509e19448d has not seen follower/s fc7af808-7c3b-4e7d-bcd4-16788f7c0c06 for 136086ms 3de10ab2-5aa8-4456-b48c-00692585ccec for 136085ms
2019-09-17 22:40:47,760 [EventQueue-PipelineActionsForPipelineActionHandler] INFO  pipeline.SCMPipelineManager (SCMPipelineManager.java:finalizeAndDestroyPipeline(311)) - destroying pipeline:Pipeline[ Id: 902a7d83-77ad-4cdf-97f4-d35e5daa4b7d, Nodes: 80bd91bd-ab17-414e-9fbc-bd509e19448d{ip: 192.168.5.156, host: pr-hdds-2121-pbfts-3191465506, networkLocation: /default-rack, certSerialId: null}3de10ab2-5aa8-4456-b48c-00692585ccec{ip: 192.168.5.156, host: pr-hdds-2121-pbfts-3191465506, networkLocation: /default-rack, certSerialId: null}fc7af808-7c3b-4e7d-bcd4-16788f7c0c06{ip: 192.168.5.156, host: pr-hdds-2121-pbfts-3191465506, networkLocation: /default-rack, certSerialId: null}, Type:RATIS, Factor:THREE, State:CLOSED]
2019-09-17 22:40:47,767 [java.util.concurrent.ThreadPoolExecutor$Worker@1fb783c8[State = -1, empty queue]] WARN  server.GrpcLogAppender (GrpcLogAppender.java:timeoutAppendRequest(200)) - 80bd91bd-ab17-414e-9fbc-bd509e19448d@group-D35E5DAA4B7D->3de10ab2-5aa8-4456-b48c-00692585ccec-GrpcLogAppender: appendEntries Timeout, request=80bd91bd-ab17-414e-9fbc-bd509e19448d->3de10ab2-5aa8-4456-b48c-00692585ccec#147-t1, previous=(t:1, i:21), leaderCommit=14, initializing? false, entries: <empty>
2019-09-17 22:40:47,767 [java.util.concurrent.ThreadPoolExecutor$Worker@29da62d0[State = -1, empty queue]] WARN  server.GrpcLogAppender (GrpcLogAppender.java:timeoutAppendRequest(200)) - 80bd91bd-ab17-414e-9fbc-bd509e19448d@group-D35E5DAA4B7D->fc7af808-7c3b-4e7d-bcd4-16788f7c0c06-GrpcLogAppender: appendEntries Timeout, request=80bd91bd-ab17-414e-9fbc-bd509e19448d->fc7af808-7c3b-4e7d-bcd4-16788f7c0c06#147-t1, previous=(t:1, i:21), leaderCommit=14, initializing? false, entries: <empty>
2019-09-17 22:40:47,829 [grpc-default-executor-4] INFO  client.GrpcClientProtocolClient (GrpcClientProtocolClient.java:onNext(264)) - client-20B9A50446D7->fc7af808-7c3b-4e7d-bcd4-16788f7c0c06: receive RaftClientReply:client-20B9A50446D7->fc7af808-7c3b-4e7d-bcd4-16788f7c0c06@group-D35E5DAA4B7D, cid=143, FAILED org.apache.ratis.protocol.NotLeaderException: Server fc7af808-7c3b-4e7d-bcd4-16788f7c0c06@group-D35E5DAA4B7D is not the leader 80bd91bd-ab17-414e-9fbc-bd509e19448d:192.168.5.156:34851, logIndex=0, commits[fc7af808-7c3b-4e7d-bcd4-16788f7c0c06:c14, 3de10ab2-5aa8-4456-b48c-00692585ccec:c13, 80bd91bd-ab17-414e-9fbc-bd509e19448d:c14]
2019-09-17 22:40:49,769 [org.apache.ratis.server.impl.LogAppender$AppenderDaemon$$Lambda$486/264626604@4b5ca4fa] ERROR ratis.XceiverServerRatis (XceiverServerRatis.java:triggerPipelineClose(575)) - pipeline Action CLOSE  on pipeline PipelineID=902a7d83-77ad-4cdf-97f4-d35e5daa4b7d.Reason : 80bd91bd-ab17-414e-9fbc-bd509e19448d has not seen follower/s fc7af808-7c3b-4e7d-bcd4-16788f7c0c06 for 138586ms 3de10ab2-5aa8-4456-b48c-00692585ccec for 138586ms
2019-09-17 22:40:49,769 [org.apache.ratis.server.impl.LogAppender$AppenderDaemon$$Lambda$486/264626604@5cda6014] ERROR ratis.XceiverServerRatis (XceiverServerRatis.java:triggerPipelineClose(575)) - pipeline Action CLOSE  on pipeline PipelineID=902a7d83-77ad-4cdf-97f4-d35e5daa4b7d.Reason : 80bd91bd-ab17-414e-9fbc-bd509e19448d has not seen follower/s fc7af808-7c3b-4e7d-bcd4-16788f7c0c06 for 138586ms 3de10ab2-5aa8-4456-b48c-00692585ccec for 138586ms
2019-09-17 22:40:50,268 [java.util.concurrent.ThreadPoolExecutor$Worker@1fb783c8[State = -1, empty queue]] WARN  server.GrpcLogAppender (GrpcLogAppender.java:timeoutAppendRequest(200)) - 80bd91bd-ab17-414e-9fbc-bd509e19448d@group-D35E5DAA4B7D->3de10ab2-5aa8-4456-b48c-00692585ccec-GrpcLogAppender: appendEntries Timeout, request=80bd91bd-ab17-414e-9fbc-bd509e19448d->3de10ab2-5aa8-4456-b48c-00692585ccec#148-t1, previous=(t:1, i:21), leaderCommit=14, initializing? false, entries: <empty>
2019-09-17 22:40:50,268 [java.util.concurrent.ThreadPoolExecutor$Worker@29da62d0[State = -1, empty queue]] WARN  server.GrpcLogAppender (GrpcLogAppender.java:timeoutAppendRequest(200)) - 80bd91bd-ab17-414e-9fbc-bd509e19448d@group-D35E5DAA4B7D->fc7af808-7c3b-4e7d-bcd4-16788f7c0c06-GrpcLogAppender: appendEntries Timeout, request=80bd91bd-ab17-414e-9fbc-bd509e19448d->fc7af808-7c3b-4e7d-bcd4-16788f7c0c06#148-t1, previous=(t:1, i:21), leaderCommit=14, initializing? false, entries: <empty>
2019-09-17 22:40:50,760 [EventQueue-PipelineActionsForPipelineActionHandler] ERROR pipeline.PipelineActionHandler (PipelineActionHandler.java:onMessage(60)) - Received pipeline action CLOSE for Pipeline[ Id: 902a7d83-77ad-4cdf-97f4-d35e5daa4b7d, Nodes: 80bd91bd-ab17-414e-9fbc-bd509e19448d{ip: 192.168.5.156, host: pr-hdds-2121-pbfts-3191465506, networkLocation: /default-rack, certSerialId: null}3de10ab2-5aa8-4456-b48c-00692585ccec{ip: 192.168.5.156, host: pr-hdds-2121-pbfts-3191465506, networkLocation: /default-rack, certSerialId: null}fc7af808-7c3b-4e7d-bcd4-16788f7c0c06{ip: 192.168.5.156, host: pr-hdds-2121-pbfts-3191465506, networkLocation: /default-rack, certSerialId: null}, Type:RATIS, Factor:THREE, State:CLOSED] from datanode 80bd91bd-ab17-414e-9fbc-bd509e19448d{ip: 192.168.5.156, host: pr-hdds-2121-pbfts-3191465506, networkLocation: /default-rack, certSerialId: null}. Reason : 80bd91bd-ab17-414e-9fbc-bd509e19448d has not seen follower/s fc7af808-7c3b-4e7d-bcd4-16788f7c0c06 for 138586ms 3de10ab2-5aa8-4456-b48c-00692585ccec for 138586ms
2019-09-17 22:40:50,761 [EventQueue-PipelineActionsForPipelineActionHandler] INFO  pipeline.SCMPipelineManager (SCMPipelineManager.java:finalizeAndDestroyPipeline(311)) - destroying pipeline:Pipeline[ Id: 902a7d83-77ad-4cdf-97f4-d35e5daa4b7d, Nodes: 80bd91bd-ab17-414e-9fbc-bd509e19448d{ip: 192.168.5.156, host: pr-hdds-2121-pbfts-3191465506, networkLocation: /default-rack, certSerialId: null}3de10ab2-5aa8-4456-b48c-00692585ccec{ip: 192.168.5.156, host: pr-hdds-2121-pbfts-3191465506, networkLocation: /default-rack, certSerialId: null}fc7af808-7c3b-4e7d-bcd4-16788f7c0c06{ip: 192.168.5.156, host: pr-hdds-2121-pbfts-3191465506, networkLocation: /default-rack, certSerialId: null}, Type:RATIS, Factor:THREE, State:CLOSED]
2019-09-17 22:40:51,516 [3de10ab2-5aa8-4456-b48c-00692585ccec@group-D35E5DAA4B7D-SegmentedRaftLogWorker] WARN  segmented.SegmentedRaftLogWorker (SegmentedRaftLogWorker.java:getFromFuture(90)) - Timeout 13/~
org.apache.ratis.protocol.TimeoutIOException: Timeout 10s: WriteLog:15: (t:1, i:15), STATEMACHINELOGENTRY, client-20B9A50446D7, cid=143-writeStateMachineData
	at org.apache.ratis.util.IOUtils.getFromFuture(IOUtils.java:87)
	at org.apache.ratis.server.raftlog.segmented.SegmentedRaftLogWorker$StateMachineDataPolicy.getFromFuture(SegmentedRaftLogWorker.java:87)
	at org.apache.ratis.server.raftlog.segmented.SegmentedRaftLogWorker$WriteLog.execute(SegmentedRaftLogWorker.java:477)
	at org.apache.ratis.server.raftlog.segmented.SegmentedRaftLogWorker.run(SegmentedRaftLogWorker.java:289)
	at java.lang.Thread.run(Thread.java:748)
Caused by: java.util.concurrent.TimeoutException
	at java.util.concurrent.CompletableFuture.timedGet(CompletableFuture.java:1771)
	at java.util.concurrent.CompletableFuture.get(CompletableFuture.java:1915)
	at org.apache.ratis.util.IOUtils.getFromFuture(IOUtils.java:79)
	... 4 more
2019-09-17 22:40:51,737 [fc7af808-7c3b-4e7d-bcd4-16788f7c0c06@group-D35E5DAA4B7D-SegmentedRaftLogWorker] WARN  segmented.SegmentedRaftLogWorker (SegmentedRaftLogWorker.java:getFromFuture(90)) - Timeout 13/~
org.apache.ratis.protocol.TimeoutIOException: Timeout 10s: WriteLog:16: (t:1, i:16), STATEMACHINELOGENTRY, client-20B9A50446D7, cid=144-writeStateMachineData
	at org.apache.ratis.util.IOUtils.getFromFuture(IOUtils.java:87)
	at org.apache.ratis.server.raftlog.segmented.SegmentedRaftLogWorker$StateMachineDataPolicy.getFromFuture(SegmentedRaftLogWorker.java:87)
	at org.apache.ratis.server.raftlog.segmented.SegmentedRaftLogWorker$WriteLog.execute(SegmentedRaftLogWorker.java:477)
	at org.apache.ratis.server.raftlog.segmented.SegmentedRaftLogWorker.run(SegmentedRaftLogWorker.java:289)
	at java.lang.Thread.run(Thread.java:748)
Caused by: java.util.concurrent.TimeoutException
	at java.util.concurrent.CompletableFuture.timedGet(CompletableFuture.java:1771)
	at java.util.concurrent.CompletableFuture.get(CompletableFuture.java:1915)
	at org.apache.ratis.util.IOUtils.getFromFuture(IOUtils.java:79)
	... 4 more
2019-09-17 22:40:51,737 [80bd91bd-ab17-414e-9fbc-bd509e19448d@group-D35E5DAA4B7D-SegmentedRaftLogWorker] WARN  segmented.SegmentedRaftLogWorker (SegmentedRaftLogWorker.java:getFromFuture(90)) - Timeout 13/~
org.apache.ratis.protocol.TimeoutIOException: Timeout 10s: WriteLog:16: (t:1, i:16), STATEMACHINELOGENTRY, client-20B9A50446D7, cid=144-writeStateMachineData
	at org.apache.ratis.util.IOUtils.getFromFuture(IOUtils.java:87)
	at org.apache.ratis.server.raftlog.segmented.SegmentedRaftLogWorker$StateMachineDataPolicy.getFromFuture(SegmentedRaftLogWorker.java:87)
	at org.apache.ratis.server.raftlog.segmented.SegmentedRaftLogWorker$WriteLog.execute(SegmentedRaftLogWorker.java:477)
	at org.apache.ratis.server.raftlog.segmented.SegmentedRaftLogWorker.run(SegmentedRaftLogWorker.java:289)
	at java.lang.Thread.run(Thread.java:748)
Caused by: java.util.concurrent.TimeoutException
	at java.util.concurrent.CompletableFuture.timedGet(CompletableFuture.java:1771)
	at java.util.concurrent.CompletableFuture.get(CompletableFuture.java:1915)
	at org.apache.ratis.util.IOUtils.getFromFuture(IOUtils.java:79)
	... 4 more
2019-09-17 22:40:52,270 [org.apache.ratis.server.impl.LogAppender$AppenderDaemon$$Lambda$486/264626604@4b5ca4fa] ERROR ratis.XceiverServerRatis (XceiverServerRatis.java:triggerPipelineClose(575)) - pipeline Action CLOSE  on pipeline PipelineID=902a7d83-77ad-4cdf-97f4-d35e5daa4b7d.Reason : 80bd91bd-ab17-414e-9fbc-bd509e19448d has not seen follower/s fc7af808-7c3b-4e7d-bcd4-16788f7c0c06 for 141087ms 3de10ab2-5aa8-4456-b48c-00692585ccec for 141087ms
2019-09-17 22:40:52,270 [org.apache.ratis.server.impl.LogAppender$AppenderDaemon$$Lambda$486/264626604@5cda6014] ERROR ratis.XceiverServerRatis (XceiverServerRatis.java:triggerPipelineClose(575)) - pipeline Action CLOSE  on pipeline PipelineID=902a7d83-77ad-4cdf-97f4-d35e5daa4b7d.Reason : 80bd91bd-ab17-414e-9fbc-bd509e19448d has not seen follower/s fc7af808-7c3b-4e7d-bcd4-16788f7c0c06 for 141087ms 3de10ab2-5aa8-4456-b48c-00692585ccec for 141087ms
2019-09-17 22:40:52,761 [EventQueue-PipelineActionsForPipelineActionHandler] ERROR pipeline.PipelineActionHandler (PipelineActionHandler.java:onMessage(60)) - Received pipeline action CLOSE for Pipeline[ Id: 902a7d83-77ad-4cdf-97f4-d35e5daa4b7d, Nodes: 80bd91bd-ab17-414e-9fbc-bd509e19448d{ip: 192.168.5.156, host: pr-hdds-2121-pbfts-3191465506, networkLocation: /default-rack, certSerialId: null}3de10ab2-5aa8-4456-b48c-00692585ccec{ip: 192.168.5.156, host: pr-hdds-2121-pbfts-3191465506, networkLocation: /default-rack, certSerialId: null}fc7af808-7c3b-4e7d-bcd4-16788f7c0c06{ip: 192.168.5.156, host: pr-hdds-2121-pbfts-3191465506, networkLocation: /default-rack, certSerialId: null}, Type:RATIS, Factor:THREE, State:CLOSED] from datanode 80bd91bd-ab17-414e-9fbc-bd509e19448d{ip: 192.168.5.156, host: pr-hdds-2121-pbfts-3191465506, networkLocation: /default-rack, certSerialId: null}. Reason : 80bd91bd-ab17-414e-9fbc-bd509e19448d has not seen follower/s fc7af808-7c3b-4e7d-bcd4-16788f7c0c06 for 141087ms 3de10ab2-5aa8-4456-b48c-00692585ccec for 141087ms
2019-09-17 22:40:52,761 [EventQueue-PipelineActionsForPipelineActionHandler] INFO  pipeline.SCMPipelineManager (SCMPipelineManager.java:finalizeAndDestroyPipeline(311)) - destroying pipeline:Pipeline[ Id: 902a7d83-77ad-4cdf-97f4-d35e5daa4b7d, Nodes: 80bd91bd-ab17-414e-9fbc-bd509e19448d{ip: 192.168.5.156, host: pr-hdds-2121-pbfts-3191465506, networkLocation: /default-rack, certSerialId: null}3de10ab2-5aa8-4456-b48c-00692585ccec{ip: 192.168.5.156, host: pr-hdds-2121-pbfts-3191465506, networkLocation: /default-rack, certSerialId: null}fc7af808-7c3b-4e7d-bcd4-16788f7c0c06{ip: 192.168.5.156, host: pr-hdds-2121-pbfts-3191465506, networkLocation: /default-rack, certSerialId: null}, Type:RATIS, Factor:THREE, State:CLOSED]
2019-09-17 22:40:52,769 [java.util.concurrent.ThreadPoolExecutor$Worker@1fb783c8[State = -1, empty queue]] WARN  server.GrpcLogAppender (GrpcLogAppender.java:timeoutAppendRequest(200)) - 80bd91bd-ab17-414e-9fbc-bd509e19448d@group-D35E5DAA4B7D->3de10ab2-5aa8-4456-b48c-00692585ccec-GrpcLogAppender: appendEntries Timeout, request=80bd91bd-ab17-414e-9fbc-bd509e19448d->3de10ab2-5aa8-4456-b48c-00692585ccec#149-t1, previous=(t:1, i:21), leaderCommit=14, initializing? false, entries: <empty>
2019-09-17 22:40:52,769 [java.util.concurrent.ThreadPoolExecutor$Worker@29da62d0[State = -1, empty queue]] WARN  server.GrpcLogAppender (GrpcLogAppender.java:timeoutAppendRequest(200)) - 80bd91bd-ab17-414e-9fbc-bd509e19448d@group-D35E5DAA4B7D->fc7af808-7c3b-4e7d-bcd4-16788f7c0c06-GrpcLogAppender: appendEntries Timeout, request=80bd91bd-ab17-414e-9fbc-bd509e19448d->fc7af808-7c3b-4e7d-bcd4-16788f7c0c06#149-t1, previous=(t:1, i:21), leaderCommit=14, initializing? false, entries: <empty>
2019-09-17 22:40:52,872 [grpc-default-executor-1] INFO  client.GrpcClientProtocolClient (GrpcClientProtocolClient.java:onNext(264)) - client-20B9A50446D7->fc7af808-7c3b-4e7d-bcd4-16788f7c0c06: receive RaftClientReply:client-20B9A50446D7->fc7af808-7c3b-4e7d-bcd4-16788f7c0c06@group-D35E5DAA4B7D, cid=143, FAILED org.apache.ratis.protocol.NotLeaderException: Server fc7af808-7c3b-4e7d-bcd4-16788f7c0c06@group-D35E5DAA4B7D is not the leader 80bd91bd-ab17-414e-9fbc-bd509e19448d:192.168.5.156:34851, logIndex=0, commits[fc7af808-7c3b-4e7d-bcd4-16788f7c0c06:c14, 3de10ab2-5aa8-4456-b48c-00692585ccec:c13, 80bd91bd-ab17-414e-9fbc-bd509e19448d:c14]
2019-09-17 22:40:54,772 [org.apache.ratis.server.impl.LogAppender$AppenderDaemon$$Lambda$486/264626604@5cda6014] ERROR ratis.XceiverServerRatis (XceiverServerRatis.java:triggerPipelineClose(575)) - pipeline Action CLOSE  on pipeline PipelineID=902a7d83-77ad-4cdf-97f4-d35e5daa4b7d.Reason : 80bd91bd-ab17-414e-9fbc-bd509e19448d has not seen follower/s fc7af808-7c3b-4e7d-bcd4-16788f7c0c06 for 143588ms 3de10ab2-5aa8-4456-b48c-00692585ccec for 143588ms
2019-09-17 22:40:54,772 [org.apache.ratis.server.impl.LogAppender$AppenderDaemon$$Lambda$486/264626604@4b5ca4fa] ERROR ratis.XceiverServerRatis (XceiverServerRatis.java:triggerPipelineClose(575)) - pipeline Action CLOSE  on pipeline PipelineID=902a7d83-77ad-4cdf-97f4-d35e5daa4b7d.Reason : 80bd91bd-ab17-414e-9fbc-bd509e19448d has not seen follower/s fc7af808-7c3b-4e7d-bcd4-16788f7c0c06 for 143588ms 3de10ab2-5aa8-4456-b48c-00692585ccec for 143588ms
2019-09-17 22:40:55,270 [java.util.concurrent.ThreadPoolExecutor$Worker@1fb783c8[State = -1, empty queue]] WARN  server.GrpcLogAppender (GrpcLogAppender.java:timeoutAppendRequest(200)) - 80bd91bd-ab17-414e-9fbc-bd509e19448d@group-D35E5DAA4B7D->3de10ab2-5aa8-4456-b48c-00692585ccec-GrpcLogAppender: appendEntries Timeout, request=80bd91bd-ab17-414e-9fbc-bd509e19448d->3de10ab2-5aa8-4456-b48c-00692585ccec#150-t1, previous=(t:1, i:21), leaderCommit=14, initializing? false, entries: <empty>
2019-09-17 22:40:55,270 [java.util.concurrent.ThreadPoolExecutor$Worker@29da62d0[State = -1, empty queue]] WARN  server.GrpcLogAppender (GrpcLogAppender.java:timeoutAppendRequest(200)) - 80bd91bd-ab17-414e-9fbc-bd509e19448d@group-D35E5DAA4B7D->fc7af808-7c3b-4e7d-bcd4-16788f7c0c06-GrpcLogAppender: appendEntries Timeout, request=80bd91bd-ab17-414e-9fbc-bd509e19448d->fc7af808-7c3b-4e7d-bcd4-16788f7c0c06#150-t1, previous=(t:1, i:21), leaderCommit=14, initializing? false, entries: <empty>
2019-09-17 22:40:55,760 [EventQueue-PipelineActionsForPipelineActionHandler] ERROR pipeline.PipelineActionHandler (PipelineActionHandler.java:onMessage(60)) - Received pipeline action CLOSE for Pipeline[ Id: 902a7d83-77ad-4cdf-97f4-d35e5daa4b7d, Nodes: 80bd91bd-ab17-414e-9fbc-bd509e19448d{ip: 192.168.5.156, host: pr-hdds-2121-pbfts-3191465506, networkLocation: /default-rack, certSerialId: null}3de10ab2-5aa8-4456-b48c-00692585ccec{ip: 192.168.5.156, host: pr-hdds-2121-pbfts-3191465506, networkLocation: /default-rack, certSerialId: null}fc7af808-7c3b-4e7d-bcd4-16788f7c0c06{ip: 192.168.5.156, host: pr-hdds-2121-pbfts-3191465506, networkLocation: /default-rack, certSerialId: null}, Type:RATIS, Factor:THREE, State:CLOSED] from datanode 80bd91bd-ab17-414e-9fbc-bd509e19448d{ip: 192.168.5.156, host: pr-hdds-2121-pbfts-3191465506, networkLocation: /default-rack, certSerialId: null}. Reason : 80bd91bd-ab17-414e-9fbc-bd509e19448d has not seen follower/s fc7af808-7c3b-4e7d-bcd4-16788f7c0c06 for 143588ms 3de10ab2-5aa8-4456-b48c-00692585ccec for 143588ms
2019-09-17 22:40:55,760 [EventQueue-PipelineActionsForPipelineActionHandler] INFO  pipeline.SCMPipelineManager (SCMPipelineManager.java:finalizeAndDestroyPipeline(311)) - destroying pipeline:Pipeline[ Id: 902a7d83-77ad-4cdf-97f4-d35e5daa4b7d, Nodes: 80bd91bd-ab17-414e-9fbc-bd509e19448d{ip: 192.168.5.156, host: pr-hdds-2121-pbfts-3191465506, networkLocation: /default-rack, certSerialId: null}3de10ab2-5aa8-4456-b48c-00692585ccec{ip: 192.168.5.156, host: pr-hdds-2121-pbfts-3191465506, networkLocation: /default-rack, certSerialId: null}fc7af808-7c3b-4e7d-bcd4-16788f7c0c06{ip: 192.168.5.156, host: pr-hdds-2121-pbfts-3191465506, networkLocation: /default-rack, certSerialId: null}, Type:RATIS, Factor:THREE, State:CLOSED]
2019-09-17 22:40:57,272 [org.apache.ratis.server.impl.LogAppender$AppenderDaemon$$Lambda$486/264626604@5cda6014] ERROR ratis.XceiverServerRatis (XceiverServerRatis.java:triggerPipelineClose(575)) - pipeline Action CLOSE  on pipeline PipelineID=902a7d83-77ad-4cdf-97f4-d35e5daa4b7d.Reason : 80bd91bd-ab17-414e-9fbc-bd509e19448d has not seen follower/s fc7af808-7c3b-4e7d-bcd4-16788f7c0c06 for 146089ms 3de10ab2-5aa8-4456-b48c-00692585ccec for 146088ms
2019-09-17 22:40:57,272 [org.apache.ratis.server.impl.LogAppender$AppenderDaemon$$Lambda$486/264626604@4b5ca4fa] ERROR ratis.XceiverServerRatis (XceiverServerRatis.java:triggerPipelineClose(575)) - pipeline Action CLOSE  on pipeline PipelineID=902a7d83-77ad-4cdf-97f4-d35e5daa4b7d.Reason : 80bd91bd-ab17-414e-9fbc-bd509e19448d has not seen follower/s fc7af808-7c3b-4e7d-bcd4-16788f7c0c06 for 146089ms 3de10ab2-5aa8-4456-b48c-00692585ccec for 146088ms
2019-09-17 22:40:57,760 [EventQueue-PipelineActionsForPipelineActionHandler] ERROR pipeline.PipelineActionHandler (PipelineActionHandler.java:onMessage(60)) - Received pipeline action CLOSE for Pipeline[ Id: 902a7d83-77ad-4cdf-97f4-d35e5daa4b7d, Nodes: 80bd91bd-ab17-414e-9fbc-bd509e19448d{ip: 192.168.5.156, host: pr-hdds-2121-pbfts-3191465506, networkLocation: /default-rack, certSerialId: null}3de10ab2-5aa8-4456-b48c-00692585ccec{ip: 192.168.5.156, host: pr-hdds-2121-pbfts-3191465506, networkLocation: /default-rack, certSerialId: null}fc7af808-7c3b-4e7d-bcd4-16788f7c0c06{ip: 192.168.5.156, host: pr-hdds-2121-pbfts-3191465506, networkLocation: /default-rack, certSerialId: null}, Type:RATIS, Factor:THREE, State:CLOSED] from datanode 80bd91bd-ab17-414e-9fbc-bd509e19448d{ip: 192.168.5.156, host: pr-hdds-2121-pbfts-3191465506, networkLocation: /default-rack, certSerialId: null}. Reason : 80bd91bd-ab17-414e-9fbc-bd509e19448d has not seen follower/s fc7af808-7c3b-4e7d-bcd4-16788f7c0c06 for 146089ms 3de10ab2-5aa8-4456-b48c-00692585ccec for 146088ms
2019-09-17 22:40:57,760 [EventQueue-PipelineActionsForPipelineActionHandler] INFO  pipeline.SCMPipelineManager (SCMPipelineManager.java:finalizeAndDestroyPipeline(311)) - destroying pipeline:Pipeline[ Id: 902a7d83-77ad-4cdf-97f4-d35e5daa4b7d, Nodes: 80bd91bd-ab17-414e-9fbc-bd509e19448d{ip: 192.168.5.156, host: pr-hdds-2121-pbfts-3191465506, networkLocation: /default-rack, certSerialId: null}3de10ab2-5aa8-4456-b48c-00692585ccec{ip: 192.168.5.156, host: pr-hdds-2121-pbfts-3191465506, networkLocation: /default-rack, certSerialId: null}fc7af808-7c3b-4e7d-bcd4-16788f7c0c06{ip: 192.168.5.156, host: pr-hdds-2121-pbfts-3191465506, networkLocation: /default-rack, certSerialId: null}, Type:RATIS, Factor:THREE, State:CLOSED]
2019-09-17 22:40:57,771 [java.util.concurrent.ThreadPoolExecutor$Worker@1fb783c8[State = -1, empty queue]] WARN  server.GrpcLogAppender (GrpcLogAppender.java:timeoutAppendRequest(200)) - 80bd91bd-ab17-414e-9fbc-bd509e19448d@group-D35E5DAA4B7D->3de10ab2-5aa8-4456-b48c-00692585ccec-GrpcLogAppender: appendEntries Timeout, request=80bd91bd-ab17-414e-9fbc-bd509e19448d->3de10ab2-5aa8-4456-b48c-00692585ccec#151-t1, previous=(t:1, i:21), leaderCommit=14, initializing? false, entries: <empty>
2019-09-17 22:40:57,771 [java.util.concurrent.ThreadPoolExecutor$Worker@29da62d0[State = -1, empty queue]] WARN  server.GrpcLogAppender (GrpcLogAppender.java:timeoutAppendRequest(200)) - 80bd91bd-ab17-414e-9fbc-bd509e19448d@group-D35E5DAA4B7D->fc7af808-7c3b-4e7d-bcd4-16788f7c0c06-GrpcLogAppender: appendEntries Timeout, request=80bd91bd-ab17-414e-9fbc-bd509e19448d->fc7af808-7c3b-4e7d-bcd4-16788f7c0c06#151-t1, previous=(t:1, i:21), leaderCommit=14, initializing? false, entries: <empty>
2019-09-17 22:40:57,912 [grpc-default-executor-5] INFO  client.GrpcClientProtocolClient (GrpcClientProtocolClient.java:onNext(264)) - client-20B9A50446D7->3de10ab2-5aa8-4456-b48c-00692585ccec: receive RaftClientReply:client-20B9A50446D7->3de10ab2-5aa8-4456-b48c-00692585ccec@group-D35E5DAA4B7D, cid=143, FAILED org.apache.ratis.protocol.NotLeaderException: Server 3de10ab2-5aa8-4456-b48c-00692585ccec@group-D35E5DAA4B7D is not the leader 80bd91bd-ab17-414e-9fbc-bd509e19448d:192.168.5.156:34851, logIndex=0, commits[3de10ab2-5aa8-4456-b48c-00692585ccec:c14, fc7af808-7c3b-4e7d-bcd4-16788f7c0c06:c13, 80bd91bd-ab17-414e-9fbc-bd509e19448d:c14]
2019-09-17 22:40:59,772 [org.apache.ratis.server.impl.LogAppender$AppenderDaemon$$Lambda$486/264626604@5cda6014] ERROR ratis.XceiverServerRatis (XceiverServerRatis.java:triggerPipelineClose(575)) - pipeline Action CLOSE  on pipeline PipelineID=902a7d83-77ad-4cdf-97f4-d35e5daa4b7d.Reason : 80bd91bd-ab17-414e-9fbc-bd509e19448d has not seen follower/s fc7af808-7c3b-4e7d-bcd4-16788f7c0c06 for 148590ms 3de10ab2-5aa8-4456-b48c-00692585ccec for 148589ms
2019-09-17 22:40:59,773 [org.apache.ratis.server.impl.LogAppender$AppenderDaemon$$Lambda$486/264626604@4b5ca4fa] ERROR ratis.XceiverServerRatis (XceiverServerRatis.java:triggerPipelineClose(575)) - pipeline Action CLOSE  on pipeline PipelineID=902a7d83-77ad-4cdf-97f4-d35e5daa4b7d.Reason : 80bd91bd-ab17-414e-9fbc-bd509e19448d has not seen follower/s fc7af808-7c3b-4e7d-bcd4-16788f7c0c06 for 148590ms 3de10ab2-5aa8-4456-b48c-00692585ccec for 148589ms
2019-09-17 22:41:00,272 [java.util.concurrent.ThreadPoolExecutor$Worker@1fb783c8[State = -1, empty queue]] WARN  server.GrpcLogAppender (GrpcLogAppender.java:timeoutAppendRequest(200)) - 80bd91bd-ab17-414e-9fbc-bd509e19448d@group-D35E5DAA4B7D->3de10ab2-5aa8-4456-b48c-00692585ccec-GrpcLogAppender: appendEntries Timeout, request=80bd91bd-ab17-414e-9fbc-bd509e19448d->3de10ab2-5aa8-4456-b48c-00692585ccec#152-t1, previous=(t:1, i:21), leaderCommit=14, initializing? false, entries: <empty>
2019-09-17 22:41:00,272 [java.util.concurrent.ThreadPoolExecutor$Worker@29da62d0[State = -1, empty queue]] WARN  server.GrpcLogAppender (GrpcLogAppender.java:timeoutAppendRequest(200)) - 80bd91bd-ab17-414e-9fbc-bd509e19448d@group-D35E5DAA4B7D->fc7af808-7c3b-4e7d-bcd4-16788f7c0c06-GrpcLogAppender: appendEntries Timeout, request=80bd91bd-ab17-414e-9fbc-bd509e19448d->fc7af808-7c3b-4e7d-bcd4-16788f7c0c06#152-t1, previous=(t:1, i:21), leaderCommit=14, initializing? false, entries: <empty>
2019-09-17 22:41:00,762 [EventQueue-PipelineActionsForPipelineActionHandler] ERROR pipeline.PipelineActionHandler (PipelineActionHandler.java:onMessage(60)) - Received pipeline action CLOSE for Pipeline[ Id: 902a7d83-77ad-4cdf-97f4-d35e5daa4b7d, Nodes: 80bd91bd-ab17-414e-9fbc-bd509e19448d{ip: 192.168.5.156, host: pr-hdds-2121-pbfts-3191465506, networkLocation: /default-rack, certSerialId: null}3de10ab2-5aa8-4456-b48c-00692585ccec{ip: 192.168.5.156, host: pr-hdds-2121-pbfts-3191465506, networkLocation: /default-rack, certSerialId: null}fc7af808-7c3b-4e7d-bcd4-16788f7c0c06{ip: 192.168.5.156, host: pr-hdds-2121-pbfts-3191465506, networkLocation: /default-rack, certSerialId: null}, Type:RATIS, Factor:THREE, State:CLOSED] from datanode 80bd91bd-ab17-414e-9fbc-bd509e19448d{ip: 192.168.5.156, host: pr-hdds-2121-pbfts-3191465506, networkLocation: /default-rack, certSerialId: null}. Reason : 80bd91bd-ab17-414e-9fbc-bd509e19448d has not seen follower/s fc7af808-7c3b-4e7d-bcd4-16788f7c0c06 for 148590ms 3de10ab2-5aa8-4456-b48c-00692585ccec for 148589ms
2019-09-17 22:41:00,763 [EventQueue-PipelineActionsForPipelineActionHandler] INFO  pipeline.SCMPipelineManager (SCMPipelineManager.java:finalizeAndDestroyPipeline(311)) - destroying pipeline:Pipeline[ Id: 902a7d83-77ad-4cdf-97f4-d35e5daa4b7d, Nodes: 80bd91bd-ab17-414e-9fbc-bd509e19448d{ip: 192.168.5.156, host: pr-hdds-2121-pbfts-3191465506, networkLocation: /default-rack, certSerialId: null}3de10ab2-5aa8-4456-b48c-00692585ccec{ip: 192.168.5.156, host: pr-hdds-2121-pbfts-3191465506, networkLocation: /default-rack, certSerialId: null}fc7af808-7c3b-4e7d-bcd4-16788f7c0c06{ip: 192.168.5.156, host: pr-hdds-2121-pbfts-3191465506, networkLocation: /default-rack, certSerialId: null}, Type:RATIS, Factor:THREE, State:CLOSED]
2019-09-17 22:41:01,517 [3de10ab2-5aa8-4456-b48c-00692585ccec@group-D35E5DAA4B7D-SegmentedRaftLogWorker] WARN  segmented.SegmentedRaftLogWorker (SegmentedRaftLogWorker.java:getFromFuture(90)) - Timeout 14/~
org.apache.ratis.protocol.TimeoutIOException: Timeout 10s: WriteLog:15: (t:1, i:15), STATEMACHINELOGENTRY, client-20B9A50446D7, cid=143-writeStateMachineData
	at org.apache.ratis.util.IOUtils.getFromFuture(IOUtils.java:87)
	at org.apache.ratis.server.raftlog.segmented.SegmentedRaftLogWorker$StateMachineDataPolicy.getFromFuture(SegmentedRaftLogWorker.java:87)
	at org.apache.ratis.server.raftlog.segmented.SegmentedRaftLogWorker$WriteLog.execute(SegmentedRaftLogWorker.java:477)
	at org.apache.ratis.server.raftlog.segmented.SegmentedRaftLogWorker.run(SegmentedRaftLogWorker.java:289)
	at java.lang.Thread.run(Thread.java:748)
Caused by: java.util.concurrent.TimeoutException
	at java.util.concurrent.CompletableFuture.timedGet(CompletableFuture.java:1771)
	at java.util.concurrent.CompletableFuture.get(CompletableFuture.java:1915)
	at org.apache.ratis.util.IOUtils.getFromFuture(IOUtils.java:79)
	... 4 more
2019-09-17 22:41:01,738 [fc7af808-7c3b-4e7d-bcd4-16788f7c0c06@group-D35E5DAA4B7D-SegmentedRaftLogWorker] WARN  segmented.SegmentedRaftLogWorker (SegmentedRaftLogWorker.java:getFromFuture(90)) - Timeout 14/~
org.apache.ratis.protocol.TimeoutIOException: Timeout 10s: WriteLog:16: (t:1, i:16), STATEMACHINELOGENTRY, client-20B9A50446D7, cid=144-writeStateMachineData
	at org.apache.ratis.util.IOUtils.getFromFuture(IOUtils.java:87)
	at org.apache.ratis.server.raftlog.segmented.SegmentedRaftLogWorker$StateMachineDataPolicy.getFromFuture(SegmentedRaftLogWorker.java:87)
	at org.apache.ratis.server.raftlog.segmented.SegmentedRaftLogWorker$WriteLog.execute(SegmentedRaftLogWorker.java:477)
	at org.apache.ratis.server.raftlog.segmented.SegmentedRaftLogWorker.run(SegmentedRaftLogWorker.java:289)
	at java.lang.Thread.run(Thread.java:748)
Caused by: java.util.concurrent.TimeoutException
	at java.util.concurrent.CompletableFuture.timedGet(CompletableFuture.java:1771)
	at java.util.concurrent.CompletableFuture.get(CompletableFuture.java:1915)
	at org.apache.ratis.util.IOUtils.getFromFuture(IOUtils.java:79)
	... 4 more
2019-09-17 22:41:01,738 [80bd91bd-ab17-414e-9fbc-bd509e19448d@group-D35E5DAA4B7D-SegmentedRaftLogWorker] WARN  segmented.SegmentedRaftLogWorker (SegmentedRaftLogWorker.java:getFromFuture(90)) - Timeout 14/~
org.apache.ratis.protocol.TimeoutIOException: Timeout 10s: WriteLog:16: (t:1, i:16), STATEMACHINELOGENTRY, client-20B9A50446D7, cid=144-writeStateMachineData
	at org.apache.ratis.util.IOUtils.getFromFuture(IOUtils.java:87)
	at org.apache.ratis.server.raftlog.segmented.SegmentedRaftLogWorker$StateMachineDataPolicy.getFromFuture(SegmentedRaftLogWorker.java:87)
	at org.apache.ratis.server.raftlog.segmented.SegmentedRaftLogWorker$WriteLog.execute(SegmentedRaftLogWorker.java:477)
	at org.apache.ratis.server.raftlog.segmented.SegmentedRaftLogWorker.run(SegmentedRaftLogWorker.java:289)
	at java.lang.Thread.run(Thread.java:748)
Caused by: java.util.concurrent.TimeoutException
	at java.util.concurrent.CompletableFuture.timedGet(CompletableFuture.java:1771)
	at java.util.concurrent.CompletableFuture.get(CompletableFuture.java:1915)
	at org.apache.ratis.util.IOUtils.getFromFuture(IOUtils.java:79)
	... 4 more
2019-09-17 22:41:02,273 [org.apache.ratis.server.impl.LogAppender$AppenderDaemon$$Lambda$486/264626604@5cda6014] ERROR ratis.XceiverServerRatis (XceiverServerRatis.java:triggerPipelineClose(575)) - pipeline Action CLOSE  on pipeline PipelineID=902a7d83-77ad-4cdf-97f4-d35e5daa4b7d.Reason : 80bd91bd-ab17-414e-9fbc-bd509e19448d has not seen follower/s fc7af808-7c3b-4e7d-bcd4-16788f7c0c06 for 151091ms 3de10ab2-5aa8-4456-b48c-00692585ccec for 151090ms
2019-09-17 22:41:02,273 [org.apache.ratis.server.impl.LogAppender$AppenderDaemon$$Lambda$486/264626604@4b5ca4fa] ERROR ratis.XceiverServerRatis (XceiverServerRatis.java:triggerPipelineClose(575)) - pipeline Action CLOSE  on pipeline PipelineID=902a7d83-77ad-4cdf-97f4-d35e5daa4b7d.Reason : 80bd91bd-ab17-414e-9fbc-bd509e19448d has not seen follower/s fc7af808-7c3b-4e7d-bcd4-16788f7c0c06 for 151091ms 3de10ab2-5aa8-4456-b48c-00692585ccec for 151090ms
2019-09-17 22:41:02,762 [EventQueue-PipelineActionsForPipelineActionHandler] ERROR pipeline.PipelineActionHandler (PipelineActionHandler.java:onMessage(60)) - Received pipeline action CLOSE for Pipeline[ Id: 902a7d83-77ad-4cdf-97f4-d35e5daa4b7d, Nodes: 80bd91bd-ab17-414e-9fbc-bd509e19448d{ip: 192.168.5.156, host: pr-hdds-2121-pbfts-3191465506, networkLocation: /default-rack, certSerialId: null}3de10ab2-5aa8-4456-b48c-00692585ccec{ip: 192.168.5.156, host: pr-hdds-2121-pbfts-3191465506, networkLocation: /default-rack, certSerialId: null}fc7af808-7c3b-4e7d-bcd4-16788f7c0c06{ip: 192.168.5.156, host: pr-hdds-2121-pbfts-3191465506, networkLocation: /default-rack, certSerialId: null}, Type:RATIS, Factor:THREE, State:CLOSED] from datanode 80bd91bd-ab17-414e-9fbc-bd509e19448d{ip: 192.168.5.156, host: pr-hdds-2121-pbfts-3191465506, networkLocation: /default-rack, certSerialId: null}. Reason : 80bd91bd-ab17-414e-9fbc-bd509e19448d has not seen follower/s fc7af808-7c3b-4e7d-bcd4-16788f7c0c06 for 151091ms 3de10ab2-5aa8-4456-b48c-00692585ccec for 151090ms
2019-09-17 22:41:02,762 [EventQueue-PipelineActionsForPipelineActionHandler] INFO  pipeline.SCMPipelineManager (SCMPipelineManager.java:finalizeAndDestroyPipeline(311)) - destroying pipeline:Pipeline[ Id: 902a7d83-77ad-4cdf-97f4-d35e5daa4b7d, Nodes: 80bd91bd-ab17-414e-9fbc-bd509e19448d{ip: 192.168.5.156, host: pr-hdds-2121-pbfts-3191465506, networkLocation: /default-rack, certSerialId: null}3de10ab2-5aa8-4456-b48c-00692585ccec{ip: 192.168.5.156, host: pr-hdds-2121-pbfts-3191465506, networkLocation: /default-rack, certSerialId: null}fc7af808-7c3b-4e7d-bcd4-16788f7c0c06{ip: 192.168.5.156, host: pr-hdds-2121-pbfts-3191465506, networkLocation: /default-rack, certSerialId: null}, Type:RATIS, Factor:THREE, State:CLOSED]
2019-09-17 22:41:02,773 [java.util.concurrent.ThreadPoolExecutor$Worker@29da62d0[State = -1, empty queue]] WARN  server.GrpcLogAppender (GrpcLogAppender.java:timeoutAppendRequest(200)) - 80bd91bd-ab17-414e-9fbc-bd509e19448d@group-D35E5DAA4B7D->fc7af808-7c3b-4e7d-bcd4-16788f7c0c06-GrpcLogAppender: appendEntries Timeout, request=80bd91bd-ab17-414e-9fbc-bd509e19448d->fc7af808-7c3b-4e7d-bcd4-16788f7c0c06#153-t1, previous=(t:1, i:21), leaderCommit=14, initializing? false, entries: <empty>
2019-09-17 22:41:02,773 [java.util.concurrent.ThreadPoolExecutor$Worker@1fb783c8[State = -1, empty queue]] WARN  server.GrpcLogAppender (GrpcLogAppender.java:timeoutAppendRequest(200)) - 80bd91bd-ab17-414e-9fbc-bd509e19448d@group-D35E5DAA4B7D->3de10ab2-5aa8-4456-b48c-00692585ccec-GrpcLogAppender: appendEntries Timeout, request=80bd91bd-ab17-414e-9fbc-bd509e19448d->3de10ab2-5aa8-4456-b48c-00692585ccec#153-t1, previous=(t:1, i:21), leaderCommit=14, initializing? false, entries: <empty>
2019-09-17 22:41:02,970 [grpc-default-executor-1] INFO  client.GrpcClientProtocolClient (GrpcClientProtocolClient.java:onNext(264)) - client-20B9A50446D7->3de10ab2-5aa8-4456-b48c-00692585ccec: receive RaftClientReply:client-20B9A50446D7->3de10ab2-5aa8-4456-b48c-00692585ccec@group-D35E5DAA4B7D, cid=143, FAILED org.apache.ratis.protocol.NotLeaderException: Server 3de10ab2-5aa8-4456-b48c-00692585ccec@group-D35E5DAA4B7D is not the leader 80bd91bd-ab17-414e-9fbc-bd509e19448d:192.168.5.156:34851, logIndex=0, commits[3de10ab2-5aa8-4456-b48c-00692585ccec:c14, fc7af808-7c3b-4e7d-bcd4-16788f7c0c06:c13, 80bd91bd-ab17-414e-9fbc-bd509e19448d:c14]
2019-09-17 22:41:04,774 [org.apache.ratis.server.impl.LogAppender$AppenderDaemon$$Lambda$486/264626604@5cda6014] ERROR ratis.XceiverServerRatis (XceiverServerRatis.java:triggerPipelineClose(575)) - pipeline Action CLOSE  on pipeline PipelineID=902a7d83-77ad-4cdf-97f4-d35e5daa4b7d.Reason : 80bd91bd-ab17-414e-9fbc-bd509e19448d has not seen follower/s fc7af808-7c3b-4e7d-bcd4-16788f7c0c06 for 153592ms 3de10ab2-5aa8-4456-b48c-00692585ccec for 153591ms
2019-09-17 22:41:04,775 [org.apache.ratis.server.impl.LogAppender$AppenderDaemon$$Lambda$486/264626604@4b5ca4fa] ERROR ratis.XceiverServerRatis (XceiverServerRatis.java:triggerPipelineClose(575)) - pipeline Action CLOSE  on pipeline PipelineID=902a7d83-77ad-4cdf-97f4-d35e5daa4b7d.Reason : 80bd91bd-ab17-414e-9fbc-bd509e19448d has not seen follower/s fc7af808-7c3b-4e7d-bcd4-16788f7c0c06 for 153592ms 3de10ab2-5aa8-4456-b48c-00692585ccec for 153591ms
2019-09-17 22:41:05,273 [java.util.concurrent.ThreadPoolExecutor$Worker@29da62d0[State = -1, empty queue]] WARN  server.GrpcLogAppender (GrpcLogAppender.java:timeoutAppendRequest(200)) - 80bd91bd-ab17-414e-9fbc-bd509e19448d@group-D35E5DAA4B7D->fc7af808-7c3b-4e7d-bcd4-16788f7c0c06-GrpcLogAppender: appendEntries Timeout, request=80bd91bd-ab17-414e-9fbc-bd509e19448d->fc7af808-7c3b-4e7d-bcd4-16788f7c0c06#154-t1, previous=(t:1, i:21), leaderCommit=14, initializing? false, entries: <empty>
2019-09-17 22:41:05,273 [java.util.concurrent.ThreadPoolExecutor$Worker@1fb783c8[State = -1, empty queue]] WARN  server.GrpcLogAppender (GrpcLogAppender.java:timeoutAppendRequest(200)) - 80bd91bd-ab17-414e-9fbc-bd509e19448d@group-D35E5DAA4B7D->3de10ab2-5aa8-4456-b48c-00692585ccec-GrpcLogAppender: appendEntries Timeout, request=80bd91bd-ab17-414e-9fbc-bd509e19448d->3de10ab2-5aa8-4456-b48c-00692585ccec#154-t1, previous=(t:1, i:21), leaderCommit=14, initializing? false, entries: <empty>
2019-09-17 22:41:05,762 [EventQueue-PipelineActionsForPipelineActionHandler] ERROR pipeline.PipelineActionHandler (PipelineActionHandler.java:onMessage(60)) - Received pipeline action CLOSE for Pipeline[ Id: 902a7d83-77ad-4cdf-97f4-d35e5daa4b7d, Nodes: 80bd91bd-ab17-414e-9fbc-bd509e19448d{ip: 192.168.5.156, host: pr-hdds-2121-pbfts-3191465506, networkLocation: /default-rack, certSerialId: null}3de10ab2-5aa8-4456-b48c-00692585ccec{ip: 192.168.5.156, host: pr-hdds-2121-pbfts-3191465506, networkLocation: /default-rack, certSerialId: null}fc7af808-7c3b-4e7d-bcd4-16788f7c0c06{ip: 192.168.5.156, host: pr-hdds-2121-pbfts-3191465506, networkLocation: /default-rack, certSerialId: null}, Type:RATIS, Factor:THREE, State:CLOSED] from datanode 80bd91bd-ab17-414e-9fbc-bd509e19448d{ip: 192.168.5.156, host: pr-hdds-2121-pbfts-3191465506, networkLocation: /default-rack, certSerialId: null}. Reason : 80bd91bd-ab17-414e-9fbc-bd509e19448d has not seen follower/s fc7af808-7c3b-4e7d-bcd4-16788f7c0c06 for 153592ms 3de10ab2-5aa8-4456-b48c-00692585ccec for 153591ms
2019-09-17 22:41:05,762 [EventQueue-PipelineActionsForPipelineActionHandler] INFO  pipeline.SCMPipelineManager (SCMPipelineManager.java:finalizeAndDestroyPipeline(311)) - destroying pipeline:Pipeline[ Id: 902a7d83-77ad-4cdf-97f4-d35e5daa4b7d, Nodes: 80bd91bd-ab17-414e-9fbc-bd509e19448d{ip: 192.168.5.156, host: pr-hdds-2121-pbfts-3191465506, networkLocation: /default-rack, certSerialId: null}3de10ab2-5aa8-4456-b48c-00692585ccec{ip: 192.168.5.156, host: pr-hdds-2121-pbfts-3191465506, networkLocation: /default-rack, certSerialId: null}fc7af808-7c3b-4e7d-bcd4-16788f7c0c06{ip: 192.168.5.156, host: pr-hdds-2121-pbfts-3191465506, networkLocation: /default-rack, certSerialId: null}, Type:RATIS, Factor:THREE, State:CLOSED]
2019-09-17 22:41:07,275 [org.apache.ratis.server.impl.LogAppender$AppenderDaemon$$Lambda$486/264626604@5cda6014] ERROR ratis.XceiverServerRatis (XceiverServerRatis.java:triggerPipelineClose(575)) - pipeline Action CLOSE  on pipeline PipelineID=902a7d83-77ad-4cdf-97f4-d35e5daa4b7d.Reason : 80bd91bd-ab17-414e-9fbc-bd509e19448d has not seen follower/s fc7af808-7c3b-4e7d-bcd4-16788f7c0c06 for 156092ms 3de10ab2-5aa8-4456-b48c-00692585ccec for 156092ms
2019-09-17 22:41:07,275 [org.apache.ratis.server.impl.LogAppender$AppenderDaemon$$Lambda$486/264626604@4b5ca4fa] ERROR ratis.XceiverServerRatis (XceiverServerRatis.java:triggerPipelineClose(575)) - pipeline Action CLOSE  on pipeline PipelineID=902a7d83-77ad-4cdf-97f4-d35e5daa4b7d.Reason : 80bd91bd-ab17-414e-9fbc-bd509e19448d has not seen follower/s fc7af808-7c3b-4e7d-bcd4-16788f7c0c06 for 156093ms 3de10ab2-5aa8-4456-b48c-00692585ccec for 156092ms
2019-09-17 22:41:07,763 [EventQueue-PipelineActionsForPipelineActionHandler] ERROR pipeline.PipelineActionHandler (PipelineActionHandler.java:onMessage(60)) - Received pipeline action CLOSE for Pipeline[ Id: 902a7d83-77ad-4cdf-97f4-d35e5daa4b7d, Nodes: 80bd91bd-ab17-414e-9fbc-bd509e19448d{ip: 192.168.5.156, host: pr-hdds-2121-pbfts-3191465506, networkLocation: /default-rack, certSerialId: null}3de10ab2-5aa8-4456-b48c-00692585ccec{ip: 192.168.5.156, host: pr-hdds-2121-pbfts-3191465506, networkLocation: /default-rack, certSerialId: null}fc7af808-7c3b-4e7d-bcd4-16788f7c0c06{ip: 192.168.5.156, host: pr-hdds-2121-pbfts-3191465506, networkLocation: /default-rack, certSerialId: null}, Type:RATIS, Factor:THREE, State:CLOSED] from datanode 80bd91bd-ab17-414e-9fbc-bd509e19448d{ip: 192.168.5.156, host: pr-hdds-2121-pbfts-3191465506, networkLocation: /default-rack, certSerialId: null}. Reason : 80bd91bd-ab17-414e-9fbc-bd509e19448d has not seen follower/s fc7af808-7c3b-4e7d-bcd4-16788f7c0c06 for 156092ms 3de10ab2-5aa8-4456-b48c-00692585ccec for 156092ms
2019-09-17 22:41:07,763 [EventQueue-PipelineActionsForPipelineActionHandler] INFO  pipeline.SCMPipelineManager (SCMPipelineManager.java:finalizeAndDestroyPipeline(311)) - destroying pipeline:Pipeline[ Id: 902a7d83-77ad-4cdf-97f4-d35e5daa4b7d, Nodes: 80bd91bd-ab17-414e-9fbc-bd509e19448d{ip: 192.168.5.156, host: pr-hdds-2121-pbfts-3191465506, networkLocation: /default-rack, certSerialId: null}3de10ab2-5aa8-4456-b48c-00692585ccec{ip: 192.168.5.156, host: pr-hdds-2121-pbfts-3191465506, networkLocation: /default-rack, certSerialId: null}fc7af808-7c3b-4e7d-bcd4-16788f7c0c06{ip: 192.168.5.156, host: pr-hdds-2121-pbfts-3191465506, networkLocation: /default-rack, certSerialId: null}, Type:RATIS, Factor:THREE, State:CLOSED]
2019-09-17 22:41:07,774 [java.util.concurrent.ThreadPoolExecutor$Worker@29da62d0[State = -1, empty queue]] WARN  server.GrpcLogAppender (GrpcLogAppender.java:timeoutAppendRequest(200)) - 80bd91bd-ab17-414e-9fbc-bd509e19448d@group-D35E5DAA4B7D->fc7af808-7c3b-4e7d-bcd4-16788f7c0c06-GrpcLogAppender: appendEntries Timeout, request=80bd91bd-ab17-414e-9fbc-bd509e19448d->fc7af808-7c3b-4e7d-bcd4-16788f7c0c06#155-t1, previous=(t:1, i:21), leaderCommit=14, initializing? false, entries: <empty>
2019-09-17 22:41:07,774 [java.util.concurrent.ThreadPoolExecutor$Worker@1fb783c8[State = -1, empty queue]] WARN  server.GrpcLogAppender (GrpcLogAppender.java:timeoutAppendRequest(200)) - 80bd91bd-ab17-414e-9fbc-bd509e19448d@group-D35E5DAA4B7D->3de10ab2-5aa8-4456-b48c-00692585ccec-GrpcLogAppender: appendEntries Timeout, request=80bd91bd-ab17-414e-9fbc-bd509e19448d->3de10ab2-5aa8-4456-b48c-00692585ccec#155-t1, previous=(t:1, i:21), leaderCommit=14, initializing? false, entries: <empty>
2019-09-17 22:41:08,005 [grpc-default-executor-4] INFO  client.GrpcClientProtocolClient (GrpcClientProtocolClient.java:onNext(264)) - client-20B9A50446D7->fc7af808-7c3b-4e7d-bcd4-16788f7c0c06: receive RaftClientReply:client-20B9A50446D7->fc7af808-7c3b-4e7d-bcd4-16788f7c0c06@group-D35E5DAA4B7D, cid=143, FAILED org.apache.ratis.protocol.NotLeaderException: Server fc7af808-7c3b-4e7d-bcd4-16788f7c0c06@group-D35E5DAA4B7D is not the leader 80bd91bd-ab17-414e-9fbc-bd509e19448d:192.168.5.156:34851, logIndex=0, commits[fc7af808-7c3b-4e7d-bcd4-16788f7c0c06:c14, 3de10ab2-5aa8-4456-b48c-00692585ccec:c13, 80bd91bd-ab17-414e-9fbc-bd509e19448d:c14]
2019-09-17 22:41:09,776 [org.apache.ratis.server.impl.LogAppender$AppenderDaemon$$Lambda$486/264626604@5cda6014] ERROR ratis.XceiverServerRatis (XceiverServerRatis.java:triggerPipelineClose(575)) - pipeline Action CLOSE  on pipeline PipelineID=902a7d83-77ad-4cdf-97f4-d35e5daa4b7d.Reason : 80bd91bd-ab17-414e-9fbc-bd509e19448d has not seen follower/s fc7af808-7c3b-4e7d-bcd4-16788f7c0c06 for 158593ms 3de10ab2-5aa8-4456-b48c-00692585ccec for 158593ms
2019-09-17 22:41:09,776 [org.apache.ratis.server.impl.LogAppender$AppenderDaemon$$Lambda$486/264626604@4b5ca4fa] ERROR ratis.XceiverServerRatis (XceiverServerRatis.java:triggerPipelineClose(575)) - pipeline Action CLOSE  on pipeline PipelineID=902a7d83-77ad-4cdf-97f4-d35e5daa4b7d.Reason : 80bd91bd-ab17-414e-9fbc-bd509e19448d has not seen follower/s fc7af808-7c3b-4e7d-bcd4-16788f7c0c06 for 158593ms 3de10ab2-5aa8-4456-b48c-00692585ccec for 158593ms
2019-09-17 22:41:10,275 [java.util.concurrent.ThreadPoolExecutor$Worker@29da62d0[State = -1, empty queue]] WARN  server.GrpcLogAppender (GrpcLogAppender.java:timeoutAppendRequest(200)) - 80bd91bd-ab17-414e-9fbc-bd509e19448d@group-D35E5DAA4B7D->fc7af808-7c3b-4e7d-bcd4-16788f7c0c06-GrpcLogAppender: appendEntries Timeout, request=80bd91bd-ab17-414e-9fbc-bd509e19448d->fc7af808-7c3b-4e7d-bcd4-16788f7c0c06#156-t1, previous=(t:1, i:21), leaderCommit=14, initializing? false, entries: <empty>
2019-09-17 22:41:10,275 [java.util.concurrent.ThreadPoolExecutor$Worker@1fb783c8[State = -1, empty queue]] WARN  server.GrpcLogAppender (GrpcLogAppender.java:timeoutAppendRequest(200)) - 80bd91bd-ab17-414e-9fbc-bd509e19448d@group-D35E5DAA4B7D->3de10ab2-5aa8-4456-b48c-00692585ccec-GrpcLogAppender: appendEntries Timeout, request=80bd91bd-ab17-414e-9fbc-bd509e19448d->3de10ab2-5aa8-4456-b48c-00692585ccec#156-t1, previous=(t:1, i:21), leaderCommit=14, initializing? false, entries: <empty>
2019-09-17 22:41:10,763 [EventQueue-PipelineActionsForPipelineActionHandler] ERROR pipeline.PipelineActionHandler (PipelineActionHandler.java:onMessage(60)) - Received pipeline action CLOSE for Pipeline[ Id: 902a7d83-77ad-4cdf-97f4-d35e5daa4b7d, Nodes: 80bd91bd-ab17-414e-9fbc-bd509e19448d{ip: 192.168.5.156, host: pr-hdds-2121-pbfts-3191465506, networkLocation: /default-rack, certSerialId: null}3de10ab2-5aa8-4456-b48c-00692585ccec{ip: 192.168.5.156, host: pr-hdds-2121-pbfts-3191465506, networkLocation: /default-rack, certSerialId: null}fc7af808-7c3b-4e7d-bcd4-16788f7c0c06{ip: 192.168.5.156, host: pr-hdds-2121-pbfts-3191465506, networkLocation: /default-rack, certSerialId: null}, Type:RATIS, Factor:THREE, State:CLOSED] from datanode 80bd91bd-ab17-414e-9fbc-bd509e19448d{ip: 192.168.5.156, host: pr-hdds-2121-pbfts-3191465506, networkLocation: /default-rack, certSerialId: null}. Reason : 80bd91bd-ab17-414e-9fbc-bd509e19448d has not seen follower/s fc7af808-7c3b-4e7d-bcd4-16788f7c0c06 for 158593ms 3de10ab2-5aa8-4456-b48c-00692585ccec for 158593ms
2019-09-17 22:41:10,763 [EventQueue-PipelineActionsForPipelineActionHandler] INFO  pipeline.SCMPipelineManager (SCMPipelineManager.java:finalizeAndDestroyPipeline(311)) - destroying pipeline:Pipeline[ Id: 902a7d83-77ad-4cdf-97f4-d35e5daa4b7d, Nodes: 80bd91bd-ab17-414e-9fbc-bd509e19448d{ip: 192.168.5.156, host: pr-hdds-2121-pbfts-3191465506, networkLocation: /default-rack, certSerialId: null}3de10ab2-5aa8-4456-b48c-00692585ccec{ip: 192.168.5.156, host: pr-hdds-2121-pbfts-3191465506, networkLocation: /default-rack, certSerialId: null}fc7af808-7c3b-4e7d-bcd4-16788f7c0c06{ip: 192.168.5.156, host: pr-hdds-2121-pbfts-3191465506, networkLocation: /default-rack, certSerialId: null}, Type:RATIS, Factor:THREE, State:CLOSED]
2019-09-17 22:41:11,519 [3de10ab2-5aa8-4456-b48c-00692585ccec@group-D35E5DAA4B7D-SegmentedRaftLogWorker] WARN  segmented.SegmentedRaftLogWorker (SegmentedRaftLogWorker.java:getFromFuture(90)) - Timeout 15/~
org.apache.ratis.protocol.TimeoutIOException: Timeout 10s: WriteLog:15: (t:1, i:15), STATEMACHINELOGENTRY, client-20B9A50446D7, cid=143-writeStateMachineData
	at org.apache.ratis.util.IOUtils.getFromFuture(IOUtils.java:87)
	at org.apache.ratis.server.raftlog.segmented.SegmentedRaftLogWorker$StateMachineDataPolicy.getFromFuture(SegmentedRaftLogWorker.java:87)
	at org.apache.ratis.server.raftlog.segmented.SegmentedRaftLogWorker$WriteLog.execute(SegmentedRaftLogWorker.java:477)
	at org.apache.ratis.server.raftlog.segmented.SegmentedRaftLogWorker.run(SegmentedRaftLogWorker.java:289)
	at java.lang.Thread.run(Thread.java:748)
Caused by: java.util.concurrent.TimeoutException
	at java.util.concurrent.CompletableFuture.timedGet(CompletableFuture.java:1771)
	at java.util.concurrent.CompletableFuture.get(CompletableFuture.java:1915)
	at org.apache.ratis.util.IOUtils.getFromFuture(IOUtils.java:79)
	... 4 more
2019-09-17 22:41:11,738 [fc7af808-7c3b-4e7d-bcd4-16788f7c0c06@group-D35E5DAA4B7D-SegmentedRaftLogWorker] WARN  segmented.SegmentedRaftLogWorker (SegmentedRaftLogWorker.java:getFromFuture(90)) - Timeout 15/~
org.apache.ratis.protocol.TimeoutIOException: Timeout 10s: WriteLog:16: (t:1, i:16), STATEMACHINELOGENTRY, client-20B9A50446D7, cid=144-writeStateMachineData
	at org.apache.ratis.util.IOUtils.getFromFuture(IOUtils.java:87)
	at org.apache.ratis.server.raftlog.segmented.SegmentedRaftLogWorker$StateMachineDataPolicy.getFromFuture(SegmentedRaftLogWorker.java:87)
	at org.apache.ratis.server.raftlog.segmented.SegmentedRaftLogWorker$WriteLog.execute(SegmentedRaftLogWorker.java:477)
	at org.apache.ratis.server.raftlog.segmented.SegmentedRaftLogWorker.run(SegmentedRaftLogWorker.java:289)
	at java.lang.Thread.run(Thread.java:748)
Caused by: java.util.concurrent.TimeoutException
	at java.util.concurrent.CompletableFuture.timedGet(CompletableFuture.java:1771)
	at java.util.concurrent.CompletableFuture.get(CompletableFuture.java:1915)
	at org.apache.ratis.util.IOUtils.getFromFuture(IOUtils.java:79)
	... 4 more
2019-09-17 22:41:11,754 [80bd91bd-ab17-414e-9fbc-bd509e19448d@group-D35E5DAA4B7D-SegmentedRaftLogWorker] WARN  segmented.SegmentedRaftLogWorker (SegmentedRaftLogWorker.java:getFromFuture(90)) - Timeout 15/~
org.apache.ratis.protocol.TimeoutIOException: Timeout 10s: WriteLog:16: (t:1, i:16), STATEMACHINELOGENTRY, client-20B9A50446D7, cid=144-writeStateMachineData
	at org.apache.ratis.util.IOUtils.getFromFuture(IOUtils.java:87)
	at org.apache.ratis.server.raftlog.segmented.SegmentedRaftLogWorker$StateMachineDataPolicy.getFromFuture(SegmentedRaftLogWorker.java:87)
	at org.apache.ratis.server.raftlog.segmented.SegmentedRaftLogWorker$WriteLog.execute(SegmentedRaftLogWorker.java:477)
	at org.apache.ratis.server.raftlog.segmented.SegmentedRaftLogWorker.run(SegmentedRaftLogWorker.java:289)
	at java.lang.Thread.run(Thread.java:748)
Caused by: java.util.concurrent.TimeoutException
	at java.util.concurrent.CompletableFuture.timedGet(CompletableFuture.java:1771)
	at java.util.concurrent.CompletableFuture.get(CompletableFuture.java:1915)
	at org.apache.ratis.util.IOUtils.getFromFuture(IOUtils.java:79)
	... 4 more
2019-09-17 22:41:12,277 [org.apache.ratis.server.impl.LogAppender$AppenderDaemon$$Lambda$486/264626604@5cda6014] ERROR ratis.XceiverServerRatis (XceiverServerRatis.java:triggerPipelineClose(575)) - pipeline Action CLOSE  on pipeline PipelineID=902a7d83-77ad-4cdf-97f4-d35e5daa4b7d.Reason : 80bd91bd-ab17-414e-9fbc-bd509e19448d has not seen follower/s fc7af808-7c3b-4e7d-bcd4-16788f7c0c06 for 161094ms 3de10ab2-5aa8-4456-b48c-00692585ccec for 161094ms
2019-09-17 22:41:12,277 [org.apache.ratis.server.impl.LogAppender$AppenderDaemon$$Lambda$486/264626604@4b5ca4fa] ERROR ratis.XceiverServerRatis (XceiverServerRatis.java:triggerPipelineClose(575)) - pipeline Action CLOSE  on pipeline PipelineID=902a7d83-77ad-4cdf-97f4-d35e5daa4b7d.Reason : 80bd91bd-ab17-414e-9fbc-bd509e19448d has not seen follower/s fc7af808-7c3b-4e7d-bcd4-16788f7c0c06 for 161094ms 3de10ab2-5aa8-4456-b48c-00692585ccec for 161094ms
2019-09-17 22:41:12,763 [EventQueue-PipelineActionsForPipelineActionHandler] ERROR pipeline.PipelineActionHandler (PipelineActionHandler.java:onMessage(60)) - Received pipeline action CLOSE for Pipeline[ Id: 902a7d83-77ad-4cdf-97f4-d35e5daa4b7d, Nodes: 80bd91bd-ab17-414e-9fbc-bd509e19448d{ip: 192.168.5.156, host: pr-hdds-2121-pbfts-3191465506, networkLocation: /default-rack, certSerialId: null}3de10ab2-5aa8-4456-b48c-00692585ccec{ip: 192.168.5.156, host: pr-hdds-2121-pbfts-3191465506, networkLocation: /default-rack, certSerialId: null}fc7af808-7c3b-4e7d-bcd4-16788f7c0c06{ip: 192.168.5.156, host: pr-hdds-2121-pbfts-3191465506, networkLocation: /default-rack, certSerialId: null}, Type:RATIS, Factor:THREE, State:CLOSED] from datanode 80bd91bd-ab17-414e-9fbc-bd509e19448d{ip: 192.168.5.156, host: pr-hdds-2121-pbfts-3191465506, networkLocation: /default-rack, certSerialId: null}. Reason : 80bd91bd-ab17-414e-9fbc-bd509e19448d has not seen follower/s fc7af808-7c3b-4e7d-bcd4-16788f7c0c06 for 161094ms 3de10ab2-5aa8-4456-b48c-00692585ccec for 161094ms
2019-09-17 22:41:12,763 [EventQueue-PipelineActionsForPipelineActionHandler] INFO  pipeline.SCMPipelineManager (SCMPipelineManager.java:finalizeAndDestroyPipeline(311)) - destroying pipeline:Pipeline[ Id: 902a7d83-77ad-4cdf-97f4-d35e5daa4b7d, Nodes: 80bd91bd-ab17-414e-9fbc-bd509e19448d{ip: 192.168.5.156, host: pr-hdds-2121-pbfts-3191465506, networkLocation: /default-rack, certSerialId: null}3de10ab2-5aa8-4456-b48c-00692585ccec{ip: 192.168.5.156, host: pr-hdds-2121-pbfts-3191465506, networkLocation: /default-rack, certSerialId: null}fc7af808-7c3b-4e7d-bcd4-16788f7c0c06{ip: 192.168.5.156, host: pr-hdds-2121-pbfts-3191465506, networkLocation: /default-rack, certSerialId: null}, Type:RATIS, Factor:THREE, State:CLOSED]
2019-09-17 22:41:12,776 [java.util.concurrent.ThreadPoolExecutor$Worker@29da62d0[State = -1, empty queue]] WARN  server.GrpcLogAppender (GrpcLogAppender.java:timeoutAppendRequest(200)) - 80bd91bd-ab17-414e-9fbc-bd509e19448d@group-D35E5DAA4B7D->fc7af808-7c3b-4e7d-bcd4-16788f7c0c06-GrpcLogAppender: appendEntries Timeout, request=80bd91bd-ab17-414e-9fbc-bd509e19448d->fc7af808-7c3b-4e7d-bcd4-16788f7c0c06#157-t1, previous=(t:1, i:21), leaderCommit=14, initializing? false, entries: <empty>
2019-09-17 22:41:12,776 [java.util.concurrent.ThreadPoolExecutor$Worker@1fb783c8[State = -1, empty queue]] WARN  server.GrpcLogAppender (GrpcLogAppender.java:timeoutAppendRequest(200)) - 80bd91bd-ab17-414e-9fbc-bd509e19448d@group-D35E5DAA4B7D->3de10ab2-5aa8-4456-b48c-00692585ccec-GrpcLogAppender: appendEntries Timeout, request=80bd91bd-ab17-414e-9fbc-bd509e19448d->3de10ab2-5aa8-4456-b48c-00692585ccec#157-t1, previous=(t:1, i:21), leaderCommit=14, initializing? false, entries: <empty>
2019-09-17 22:41:13,036 [grpc-default-executor-1] INFO  client.GrpcClientProtocolClient (GrpcClientProtocolClient.java:onNext(264)) - client-20B9A50446D7->fc7af808-7c3b-4e7d-bcd4-16788f7c0c06: receive RaftClientReply:client-20B9A50446D7->fc7af808-7c3b-4e7d-bcd4-16788f7c0c06@group-D35E5DAA4B7D, cid=143, FAILED org.apache.ratis.protocol.NotLeaderException: Server fc7af808-7c3b-4e7d-bcd4-16788f7c0c06@group-D35E5DAA4B7D is not the leader 80bd91bd-ab17-414e-9fbc-bd509e19448d:192.168.5.156:34851, logIndex=0, commits[fc7af808-7c3b-4e7d-bcd4-16788f7c0c06:c14, 3de10ab2-5aa8-4456-b48c-00692585ccec:c13, 80bd91bd-ab17-414e-9fbc-bd509e19448d:c14]
2019-09-17 22:41:14,778 [org.apache.ratis.server.impl.LogAppender$AppenderDaemon$$Lambda$486/264626604@4b5ca4fa] ERROR ratis.XceiverServerRatis (XceiverServerRatis.java:triggerPipelineClose(575)) - pipeline Action CLOSE  on pipeline PipelineID=902a7d83-77ad-4cdf-97f4-d35e5daa4b7d.Reason : 80bd91bd-ab17-414e-9fbc-bd509e19448d has not seen follower/s fc7af808-7c3b-4e7d-bcd4-16788f7c0c06 for 163595ms 3de10ab2-5aa8-4456-b48c-00692585ccec for 163595ms
2019-09-17 22:41:14,778 [org.apache.ratis.server.impl.LogAppender$AppenderDaemon$$Lambda$486/264626604@5cda6014] ERROR ratis.XceiverServerRatis (XceiverServerRatis.java:triggerPipelineClose(575)) - pipeline Action CLOSE  on pipeline PipelineID=902a7d83-77ad-4cdf-97f4-d35e5daa4b7d.Reason : 80bd91bd-ab17-414e-9fbc-bd509e19448d has not seen follower/s fc7af808-7c3b-4e7d-bcd4-16788f7c0c06 for 163595ms 3de10ab2-5aa8-4456-b48c-00692585ccec for 163595ms
2019-09-17 22:41:15,277 [java.util.concurrent.ThreadPoolExecutor$Worker@29da62d0[State = -1, empty queue]] WARN  server.GrpcLogAppender (GrpcLogAppender.java:timeoutAppendRequest(200)) - 80bd91bd-ab17-414e-9fbc-bd509e19448d@group-D35E5DAA4B7D->fc7af808-7c3b-4e7d-bcd4-16788f7c0c06-GrpcLogAppender: appendEntries Timeout, request=80bd91bd-ab17-414e-9fbc-bd509e19448d->fc7af808-7c3b-4e7d-bcd4-16788f7c0c06#158-t1, previous=(t:1, i:21), leaderCommit=14, initializing? false, entries: <empty>
2019-09-17 22:41:15,277 [java.util.concurrent.ThreadPoolExecutor$Worker@1fb783c8[State = -1, empty queue]] WARN  server.GrpcLogAppender (GrpcLogAppender.java:timeoutAppendRequest(200)) - 80bd91bd-ab17-414e-9fbc-bd509e19448d@group-D35E5DAA4B7D->3de10ab2-5aa8-4456-b48c-00692585ccec-GrpcLogAppender: appendEntries Timeout, request=80bd91bd-ab17-414e-9fbc-bd509e19448d->3de10ab2-5aa8-4456-b48c-00692585ccec#158-t1, previous=(t:1, i:21), leaderCommit=14, initializing? false, entries: <empty>
2019-09-17 22:41:15,763 [EventQueue-PipelineActionsForPipelineActionHandler] ERROR pipeline.PipelineActionHandler (PipelineActionHandler.java:onMessage(60)) - Received pipeline action CLOSE for Pipeline[ Id: 902a7d83-77ad-4cdf-97f4-d35e5daa4b7d, Nodes: 80bd91bd-ab17-414e-9fbc-bd509e19448d{ip: 192.168.5.156, host: pr-hdds-2121-pbfts-3191465506, networkLocation: /default-rack, certSerialId: null}3de10ab2-5aa8-4456-b48c-00692585ccec{ip: 192.168.5.156, host: pr-hdds-2121-pbfts-3191465506, networkLocation: /default-rack, certSerialId: null}fc7af808-7c3b-4e7d-bcd4-16788f7c0c06{ip: 192.168.5.156, host: pr-hdds-2121-pbfts-3191465506, networkLocation: /default-rack, certSerialId: null}, Type:RATIS, Factor:THREE, State:CLOSED] from datanode 80bd91bd-ab17-414e-9fbc-bd509e19448d{ip: 192.168.5.156, host: pr-hdds-2121-pbfts-3191465506, networkLocation: /default-rack, certSerialId: null}. Reason : 80bd91bd-ab17-414e-9fbc-bd509e19448d has not seen follower/s fc7af808-7c3b-4e7d-bcd4-16788f7c0c06 for 163595ms 3de10ab2-5aa8-4456-b48c-00692585ccec for 163595ms
2019-09-17 22:41:15,763 [EventQueue-PipelineActionsForPipelineActionHandler] INFO  pipeline.SCMPipelineManager (SCMPipelineManager.java:finalizeAndDestroyPipeline(311)) - destroying pipeline:Pipeline[ Id: 902a7d83-77ad-4cdf-97f4-d35e5daa4b7d, Nodes: 80bd91bd-ab17-414e-9fbc-bd509e19448d{ip: 192.168.5.156, host: pr-hdds-2121-pbfts-3191465506, networkLocation: /default-rack, certSerialId: null}3de10ab2-5aa8-4456-b48c-00692585ccec{ip: 192.168.5.156, host: pr-hdds-2121-pbfts-3191465506, networkLocation: /default-rack, certSerialId: null}fc7af808-7c3b-4e7d-bcd4-16788f7c0c06{ip: 192.168.5.156, host: pr-hdds-2121-pbfts-3191465506, networkLocation: /default-rack, certSerialId: null}, Type:RATIS, Factor:THREE, State:CLOSED]
2019-09-17 22:41:17,279 [org.apache.ratis.server.impl.LogAppender$AppenderDaemon$$Lambda$486/264626604@5cda6014] ERROR ratis.XceiverServerRatis (XceiverServerRatis.java:triggerPipelineClose(575)) - pipeline Action CLOSE  on pipeline PipelineID=902a7d83-77ad-4cdf-97f4-d35e5daa4b7d.Reason : 80bd91bd-ab17-414e-9fbc-bd509e19448d has not seen follower/s fc7af808-7c3b-4e7d-bcd4-16788f7c0c06 for 166096ms 3de10ab2-5aa8-4456-b48c-00692585ccec for 166095ms
2019-09-17 22:41:17,279 [org.apache.ratis.server.impl.LogAppender$AppenderDaemon$$Lambda$486/264626604@4b5ca4fa] ERROR ratis.XceiverServerRatis (XceiverServerRatis.java:triggerPipelineClose(575)) - pipeline Action CLOSE  on pipeline PipelineID=902a7d83-77ad-4cdf-97f4-d35e5daa4b7d.Reason : 80bd91bd-ab17-414e-9fbc-bd509e19448d has not seen follower/s fc7af808-7c3b-4e7d-bcd4-16788f7c0c06 for 166096ms 3de10ab2-5aa8-4456-b48c-00692585ccec for 166096ms
2019-09-17 22:41:17,763 [EventQueue-PipelineActionsForPipelineActionHandler] ERROR pipeline.PipelineActionHandler (PipelineActionHandler.java:onMessage(60)) - Received pipeline action CLOSE for Pipeline[ Id: 902a7d83-77ad-4cdf-97f4-d35e5daa4b7d, Nodes: 80bd91bd-ab17-414e-9fbc-bd509e19448d{ip: 192.168.5.156, host: pr-hdds-2121-pbfts-3191465506, networkLocation: /default-rack, certSerialId: null}3de10ab2-5aa8-4456-b48c-00692585ccec{ip: 192.168.5.156, host: pr-hdds-2121-pbfts-3191465506, networkLocation: /default-rack, certSerialId: null}fc7af808-7c3b-4e7d-bcd4-16788f7c0c06{ip: 192.168.5.156, host: pr-hdds-2121-pbfts-3191465506, networkLocation: /default-rack, certSerialId: null}, Type:RATIS, Factor:THREE, State:CLOSED] from datanode 80bd91bd-ab17-414e-9fbc-bd509e19448d{ip: 192.168.5.156, host: pr-hdds-2121-pbfts-3191465506, networkLocation: /default-rack, certSerialId: null}. Reason : 80bd91bd-ab17-414e-9fbc-bd509e19448d has not seen follower/s fc7af808-7c3b-4e7d-bcd4-16788f7c0c06 for 166096ms 3de10ab2-5aa8-4456-b48c-00692585ccec for 166095ms
2019-09-17 22:41:17,764 [EventQueue-PipelineActionsForPipelineActionHandler] INFO  pipeline.SCMPipelineManager (SCMPipelineManager.java:finalizeAndDestroyPipeline(311)) - destroying pipeline:Pipeline[ Id: 902a7d83-77ad-4cdf-97f4-d35e5daa4b7d, Nodes: 80bd91bd-ab17-414e-9fbc-bd509e19448d{ip: 192.168.5.156, host: pr-hdds-2121-pbfts-3191465506, networkLocation: /default-rack, certSerialId: null}3de10ab2-5aa8-4456-b48c-00692585ccec{ip: 192.168.5.156, host: pr-hdds-2121-pbfts-3191465506, networkLocation: /default-rack, certSerialId: null}fc7af808-7c3b-4e7d-bcd4-16788f7c0c06{ip: 192.168.5.156, host: pr-hdds-2121-pbfts-3191465506, networkLocation: /default-rack, certSerialId: null}, Type:RATIS, Factor:THREE, State:CLOSED]
2019-09-17 22:41:17,778 [java.util.concurrent.ThreadPoolExecutor$Worker@29da62d0[State = -1, empty queue]] WARN  server.GrpcLogAppender (GrpcLogAppender.java:timeoutAppendRequest(200)) - 80bd91bd-ab17-414e-9fbc-bd509e19448d@group-D35E5DAA4B7D->fc7af808-7c3b-4e7d-bcd4-16788f7c0c06-GrpcLogAppender: appendEntries Timeout, request=80bd91bd-ab17-414e-9fbc-bd509e19448d->fc7af808-7c3b-4e7d-bcd4-16788f7c0c06#159-t1, previous=(t:1, i:21), leaderCommit=14, initializing? false, entries: <empty>
2019-09-17 22:41:17,778 [java.util.concurrent.ThreadPoolExecutor$Worker@1fb783c8[State = -1, empty queue]] WARN  server.GrpcLogAppender (GrpcLogAppender.java:timeoutAppendRequest(200)) - 80bd91bd-ab17-414e-9fbc-bd509e19448d@group-D35E5DAA4B7D->3de10ab2-5aa8-4456-b48c-00692585ccec-GrpcLogAppender: appendEntries Timeout, request=80bd91bd-ab17-414e-9fbc-bd509e19448d->3de10ab2-5aa8-4456-b48c-00692585ccec#159-t1, previous=(t:1, i:21), leaderCommit=14, initializing? false, entries: <empty>
2019-09-17 22:41:18,072 [grpc-default-executor-4] INFO  client.GrpcClientProtocolClient (GrpcClientProtocolClient.java:onNext(264)) - client-20B9A50446D7->fc7af808-7c3b-4e7d-bcd4-16788f7c0c06: receive RaftClientReply:client-20B9A50446D7->fc7af808-7c3b-4e7d-bcd4-16788f7c0c06@group-D35E5DAA4B7D, cid=143, FAILED org.apache.ratis.protocol.NotLeaderException: Server fc7af808-7c3b-4e7d-bcd4-16788f7c0c06@group-D35E5DAA4B7D is not the leader 80bd91bd-ab17-414e-9fbc-bd509e19448d:192.168.5.156:34851, logIndex=0, commits[fc7af808-7c3b-4e7d-bcd4-16788f7c0c06:c14, 3de10ab2-5aa8-4456-b48c-00692585ccec:c13, 80bd91bd-ab17-414e-9fbc-bd509e19448d:c14]
2019-09-17 22:41:19,779 [org.apache.ratis.server.impl.LogAppender$AppenderDaemon$$Lambda$486/264626604@5cda6014] ERROR ratis.XceiverServerRatis (XceiverServerRatis.java:triggerPipelineClose(575)) - pipeline Action CLOSE  on pipeline PipelineID=902a7d83-77ad-4cdf-97f4-d35e5daa4b7d.Reason : 80bd91bd-ab17-414e-9fbc-bd509e19448d has not seen follower/s fc7af808-7c3b-4e7d-bcd4-16788f7c0c06 for 168596ms 3de10ab2-5aa8-4456-b48c-00692585ccec for 168595ms
2019-09-17 22:41:19,780 [org.apache.ratis.server.impl.LogAppender$AppenderDaemon$$Lambda$486/264626604@4b5ca4fa] ERROR ratis.XceiverServerRatis (XceiverServerRatis.java:triggerPipelineClose(575)) - pipeline Action CLOSE  on pipeline PipelineID=902a7d83-77ad-4cdf-97f4-d35e5daa4b7d.Reason : 80bd91bd-ab17-414e-9fbc-bd509e19448d has not seen follower/s fc7af808-7c3b-4e7d-bcd4-16788f7c0c06 for 168597ms 3de10ab2-5aa8-4456-b48c-00692585ccec for 168596ms
2019-09-17 22:41:20,278 [java.util.concurrent.ThreadPoolExecutor$Worker@29da62d0[State = -1, empty queue]] WARN  server.GrpcLogAppender (GrpcLogAppender.java:timeoutAppendRequest(200)) - 80bd91bd-ab17-414e-9fbc-bd509e19448d@group-D35E5DAA4B7D->fc7af808-7c3b-4e7d-bcd4-16788f7c0c06-GrpcLogAppender: appendEntries Timeout, request=80bd91bd-ab17-414e-9fbc-bd509e19448d->fc7af808-7c3b-4e7d-bcd4-16788f7c0c06#160-t1, previous=(t:1, i:21), leaderCommit=14, initializing? false, entries: <empty>
2019-09-17 22:41:20,279 [java.util.concurrent.ThreadPoolExecutor$Worker@1fb783c8[State = -1, empty queue]] WARN  server.GrpcLogAppender (GrpcLogAppender.java:timeoutAppendRequest(200)) - 80bd91bd-ab17-414e-9fbc-bd509e19448d@group-D35E5DAA4B7D->3de10ab2-5aa8-4456-b48c-00692585ccec-GrpcLogAppender: appendEntries Timeout, request=80bd91bd-ab17-414e-9fbc-bd509e19448d->3de10ab2-5aa8-4456-b48c-00692585ccec#160-t1, previous=(t:1, i:21), leaderCommit=14, initializing? false, entries: <empty>
2019-09-17 22:41:20,764 [EventQueue-PipelineActionsForPipelineActionHandler] ERROR pipeline.PipelineActionHandler (PipelineActionHandler.java:onMessage(60)) - Received pipeline action CLOSE for Pipeline[ Id: 902a7d83-77ad-4cdf-97f4-d35e5daa4b7d, Nodes: 80bd91bd-ab17-414e-9fbc-bd509e19448d{ip: 192.168.5.156, host: pr-hdds-2121-pbfts-3191465506, networkLocation: /default-rack, certSerialId: null}3de10ab2-5aa8-4456-b48c-00692585ccec{ip: 192.168.5.156, host: pr-hdds-2121-pbfts-3191465506, networkLocation: /default-rack, certSerialId: null}fc7af808-7c3b-4e7d-bcd4-16788f7c0c06{ip: 192.168.5.156, host: pr-hdds-2121-pbfts-3191465506, networkLocation: /default-rack, certSerialId: null}, Type:RATIS, Factor:THREE, State:CLOSED] from datanode 80bd91bd-ab17-414e-9fbc-bd509e19448d{ip: 192.168.5.156, host: pr-hdds-2121-pbfts-3191465506, networkLocation: /default-rack, certSerialId: null}. Reason : 80bd91bd-ab17-414e-9fbc-bd509e19448d has not seen follower/s fc7af808-7c3b-4e7d-bcd4-16788f7c0c06 for 168596ms 3de10ab2-5aa8-4456-b48c-00692585ccec for 168595ms
2019-09-17 22:41:20,764 [EventQueue-PipelineActionsForPipelineActionHandler] INFO  pipeline.SCMPipelineManager (SCMPipelineManager.java:finalizeAndDestroyPipeline(311)) - destroying pipeline:Pipeline[ Id: 902a7d83-77ad-4cdf-97f4-d35e5daa4b7d, Nodes: 80bd91bd-ab17-414e-9fbc-bd509e19448d{ip: 192.168.5.156, host: pr-hdds-2121-pbfts-3191465506, networkLocation: /default-rack, certSerialId: null}3de10ab2-5aa8-4456-b48c-00692585ccec{ip: 192.168.5.156, host: pr-hdds-2121-pbfts-3191465506, networkLocation: /default-rack, certSerialId: null}fc7af808-7c3b-4e7d-bcd4-16788f7c0c06{ip: 192.168.5.156, host: pr-hdds-2121-pbfts-3191465506, networkLocation: /default-rack, certSerialId: null}, Type:RATIS, Factor:THREE, State:CLOSED]
2019-09-17 22:41:21,520 [3de10ab2-5aa8-4456-b48c-00692585ccec@group-D35E5DAA4B7D-SegmentedRaftLogWorker] WARN  segmented.SegmentedRaftLogWorker (SegmentedRaftLogWorker.java:getFromFuture(90)) - Timeout 16/~
org.apache.ratis.protocol.TimeoutIOException: Timeout 10s: WriteLog:15: (t:1, i:15), STATEMACHINELOGENTRY, client-20B9A50446D7, cid=143-writeStateMachineData
	at org.apache.ratis.util.IOUtils.getFromFuture(IOUtils.java:87)
	at org.apache.ratis.server.raftlog.segmented.SegmentedRaftLogWorker$StateMachineDataPolicy.getFromFuture(SegmentedRaftLogWorker.java:87)
	at org.apache.ratis.server.raftlog.segmented.SegmentedRaftLogWorker$WriteLog.execute(SegmentedRaftLogWorker.java:477)
	at org.apache.ratis.server.raftlog.segmented.SegmentedRaftLogWorker.run(SegmentedRaftLogWorker.java:289)
	at java.lang.Thread.run(Thread.java:748)
Caused by: java.util.concurrent.TimeoutException
	at java.util.concurrent.CompletableFuture.timedGet(CompletableFuture.java:1771)
	at java.util.concurrent.CompletableFuture.get(CompletableFuture.java:1915)
	at org.apache.ratis.util.IOUtils.getFromFuture(IOUtils.java:79)
	... 4 more
2019-09-17 22:41:21,754 [fc7af808-7c3b-4e7d-bcd4-16788f7c0c06@group-D35E5DAA4B7D-SegmentedRaftLogWorker] WARN  segmented.SegmentedRaftLogWorker (SegmentedRaftLogWorker.java:getFromFuture(90)) - Timeout 16/~
org.apache.ratis.protocol.TimeoutIOException: Timeout 10s: WriteLog:16: (t:1, i:16), STATEMACHINELOGENTRY, client-20B9A50446D7, cid=144-writeStateMachineData
	at org.apache.ratis.util.IOUtils.getFromFuture(IOUtils.java:87)
	at org.apache.ratis.server.raftlog.segmented.SegmentedRaftLogWorker$StateMachineDataPolicy.getFromFuture(SegmentedRaftLogWorker.java:87)
	at org.apache.ratis.server.raftlog.segmented.SegmentedRaftLogWorker$WriteLog.execute(SegmentedRaftLogWorker.java:477)
	at org.apache.ratis.server.raftlog.segmented.SegmentedRaftLogWorker.run(SegmentedRaftLogWorker.java:289)
	at java.lang.Thread.run(Thread.java:748)
Caused by: java.util.concurrent.TimeoutException
	at java.util.concurrent.CompletableFuture.timedGet(CompletableFuture.java:1771)
	at java.util.concurrent.CompletableFuture.get(CompletableFuture.java:1915)
	at org.apache.ratis.util.IOUtils.getFromFuture(IOUtils.java:79)
	... 4 more
2019-09-17 22:41:21,754 [80bd91bd-ab17-414e-9fbc-bd509e19448d@group-D35E5DAA4B7D-SegmentedRaftLogWorker] WARN  segmented.SegmentedRaftLogWorker (SegmentedRaftLogWorker.java:getFromFuture(90)) - Timeout 16/~
org.apache.ratis.protocol.TimeoutIOException: Timeout 10s: WriteLog:16: (t:1, i:16), STATEMACHINELOGENTRY, client-20B9A50446D7, cid=144-writeStateMachineData
	at org.apache.ratis.util.IOUtils.getFromFuture(IOUtils.java:87)
	at org.apache.ratis.server.raftlog.segmented.SegmentedRaftLogWorker$StateMachineDataPolicy.getFromFuture(SegmentedRaftLogWorker.java:87)
	at org.apache.ratis.server.raftlog.segmented.SegmentedRaftLogWorker$WriteLog.execute(SegmentedRaftLogWorker.java:477)
	at org.apache.ratis.server.raftlog.segmented.SegmentedRaftLogWorker.run(SegmentedRaftLogWorker.java:289)
	at java.lang.Thread.run(Thread.java:748)
Caused by: java.util.concurrent.TimeoutException
	at java.util.concurrent.CompletableFuture.timedGet(CompletableFuture.java:1771)
	at java.util.concurrent.CompletableFuture.get(CompletableFuture.java:1915)
	at org.apache.ratis.util.IOUtils.getFromFuture(IOUtils.java:79)
	... 4 more
2019-09-17 22:41:22,280 [org.apache.ratis.server.impl.LogAppender$AppenderDaemon$$Lambda$486/264626604@5cda6014] ERROR ratis.XceiverServerRatis (XceiverServerRatis.java:triggerPipelineClose(575)) - pipeline Action CLOSE  on pipeline PipelineID=902a7d83-77ad-4cdf-97f4-d35e5daa4b7d.Reason : 80bd91bd-ab17-414e-9fbc-bd509e19448d has not seen follower/s fc7af808-7c3b-4e7d-bcd4-16788f7c0c06 for 171097ms 3de10ab2-5aa8-4456-b48c-00692585ccec for 171096ms
2019-09-17 22:41:22,280 [org.apache.ratis.server.impl.LogAppender$AppenderDaemon$$Lambda$486/264626604@4b5ca4fa] ERROR ratis.XceiverServerRatis (XceiverServerRatis.java:triggerPipelineClose(575)) - pipeline Action CLOSE  on pipeline PipelineID=902a7d83-77ad-4cdf-97f4-d35e5daa4b7d.Reason : 80bd91bd-ab17-414e-9fbc-bd509e19448d has not seen follower/s fc7af808-7c3b-4e7d-bcd4-16788f7c0c06 for 171097ms 3de10ab2-5aa8-4456-b48c-00692585ccec for 171097ms
2019-09-17 22:41:22,763 [EventQueue-PipelineActionsForPipelineActionHandler] ERROR pipeline.PipelineActionHandler (PipelineActionHandler.java:onMessage(60)) - Received pipeline action CLOSE for Pipeline[ Id: 902a7d83-77ad-4cdf-97f4-d35e5daa4b7d, Nodes: 80bd91bd-ab17-414e-9fbc-bd509e19448d{ip: 192.168.5.156, host: pr-hdds-2121-pbfts-3191465506, networkLocation: /default-rack, certSerialId: null}3de10ab2-5aa8-4456-b48c-00692585ccec{ip: 192.168.5.156, host: pr-hdds-2121-pbfts-3191465506, networkLocation: /default-rack, certSerialId: null}fc7af808-7c3b-4e7d-bcd4-16788f7c0c06{ip: 192.168.5.156, host: pr-hdds-2121-pbfts-3191465506, networkLocation: /default-rack, certSerialId: null}, Type:RATIS, Factor:THREE, State:CLOSED] from datanode 80bd91bd-ab17-414e-9fbc-bd509e19448d{ip: 192.168.5.156, host: pr-hdds-2121-pbfts-3191465506, networkLocation: /default-rack, certSerialId: null}. Reason : 80bd91bd-ab17-414e-9fbc-bd509e19448d has not seen follower/s fc7af808-7c3b-4e7d-bcd4-16788f7c0c06 for 171097ms 3de10ab2-5aa8-4456-b48c-00692585ccec for 171096ms
2019-09-17 22:41:22,763 [EventQueue-PipelineActionsForPipelineActionHandler] INFO  pipeline.SCMPipelineManager (SCMPipelineManager.java:finalizeAndDestroyPipeline(311)) - destroying pipeline:Pipeline[ Id: 902a7d83-77ad-4cdf-97f4-d35e5daa4b7d, Nodes: 80bd91bd-ab17-414e-9fbc-bd509e19448d{ip: 192.168.5.156, host: pr-hdds-2121-pbfts-3191465506, networkLocation: /default-rack, certSerialId: null}3de10ab2-5aa8-4456-b48c-00692585ccec{ip: 192.168.5.156, host: pr-hdds-2121-pbfts-3191465506, networkLocation: /default-rack, certSerialId: null}fc7af808-7c3b-4e7d-bcd4-16788f7c0c06{ip: 192.168.5.156, host: pr-hdds-2121-pbfts-3191465506, networkLocation: /default-rack, certSerialId: null}, Type:RATIS, Factor:THREE, State:CLOSED]
2019-09-17 22:41:22,779 [java.util.concurrent.ThreadPoolExecutor$Worker@29da62d0[State = -1, empty queue]] WARN  server.GrpcLogAppender (GrpcLogAppender.java:timeoutAppendRequest(200)) - 80bd91bd-ab17-414e-9fbc-bd509e19448d@group-D35E5DAA4B7D->fc7af808-7c3b-4e7d-bcd4-16788f7c0c06-GrpcLogAppender: appendEntries Timeout, request=80bd91bd-ab17-414e-9fbc-bd509e19448d->fc7af808-7c3b-4e7d-bcd4-16788f7c0c06#161-t1, previous=(t:1, i:21), leaderCommit=14, initializing? false, entries: <empty>
2019-09-17 22:41:22,780 [java.util.concurrent.ThreadPoolExecutor$Worker@1fb783c8[State = -1, empty queue]] WARN  server.GrpcLogAppender (GrpcLogAppender.java:timeoutAppendRequest(200)) - 80bd91bd-ab17-414e-9fbc-bd509e19448d@group-D35E5DAA4B7D->3de10ab2-5aa8-4456-b48c-00692585ccec-GrpcLogAppender: appendEntries Timeout, request=80bd91bd-ab17-414e-9fbc-bd509e19448d->3de10ab2-5aa8-4456-b48c-00692585ccec#161-t1, previous=(t:1, i:21), leaderCommit=14, initializing? false, entries: <empty>
2019-09-17 22:41:23,113 [grpc-default-executor-5] INFO  client.GrpcClientProtocolClient (GrpcClientProtocolClient.java:onNext(264)) - client-20B9A50446D7->3de10ab2-5aa8-4456-b48c-00692585ccec: receive RaftClientReply:client-20B9A50446D7->3de10ab2-5aa8-4456-b48c-00692585ccec@group-D35E5DAA4B7D, cid=143, FAILED org.apache.ratis.protocol.NotLeaderException: Server 3de10ab2-5aa8-4456-b48c-00692585ccec@group-D35E5DAA4B7D is not the leader 80bd91bd-ab17-414e-9fbc-bd509e19448d:192.168.5.156:34851, logIndex=0, commits[3de10ab2-5aa8-4456-b48c-00692585ccec:c14, fc7af808-7c3b-4e7d-bcd4-16788f7c0c06:c13, 80bd91bd-ab17-414e-9fbc-bd509e19448d:c14]
2019-09-17 22:41:24,781 [org.apache.ratis.server.impl.LogAppender$AppenderDaemon$$Lambda$486/264626604@5cda6014] ERROR ratis.XceiverServerRatis (XceiverServerRatis.java:triggerPipelineClose(575)) - pipeline Action CLOSE  on pipeline PipelineID=902a7d83-77ad-4cdf-97f4-d35e5daa4b7d.Reason : 80bd91bd-ab17-414e-9fbc-bd509e19448d has not seen follower/s fc7af808-7c3b-4e7d-bcd4-16788f7c0c06 for 173598ms 3de10ab2-5aa8-4456-b48c-00692585ccec for 173597ms
2019-09-17 22:41:24,781 [org.apache.ratis.server.impl.LogAppender$AppenderDaemon$$Lambda$486/264626604@4b5ca4fa] ERROR ratis.XceiverServerRatis (XceiverServerRatis.java:triggerPipelineClose(575)) - pipeline Action CLOSE  on pipeline PipelineID=902a7d83-77ad-4cdf-97f4-d35e5daa4b7d.Reason : 80bd91bd-ab17-414e-9fbc-bd509e19448d has not seen follower/s fc7af808-7c3b-4e7d-bcd4-16788f7c0c06 for 173598ms 3de10ab2-5aa8-4456-b48c-00692585ccec for 173598ms
2019-09-17 22:41:25,279 [java.util.concurrent.ThreadPoolExecutor$Worker@29da62d0[State = -1, empty queue]] WARN  server.GrpcLogAppender (GrpcLogAppender.java:timeoutAppendRequest(200)) - 80bd91bd-ab17-414e-9fbc-bd509e19448d@group-D35E5DAA4B7D->fc7af808-7c3b-4e7d-bcd4-16788f7c0c06-GrpcLogAppender: appendEntries Timeout, request=80bd91bd-ab17-414e-9fbc-bd509e19448d->fc7af808-7c3b-4e7d-bcd4-16788f7c0c06#162-t1, previous=(t:1, i:21), leaderCommit=14, initializing? false, entries: <empty>
2019-09-17 22:41:25,280 [java.util.concurrent.ThreadPoolExecutor$Worker@1fb783c8[State = -1, empty queue]] WARN  server.GrpcLogAppender (GrpcLogAppender.java:timeoutAppendRequest(200)) - 80bd91bd-ab17-414e-9fbc-bd509e19448d@group-D35E5DAA4B7D->3de10ab2-5aa8-4456-b48c-00692585ccec-GrpcLogAppender: appendEntries Timeout, request=80bd91bd-ab17-414e-9fbc-bd509e19448d->3de10ab2-5aa8-4456-b48c-00692585ccec#162-t1, previous=(t:1, i:21), leaderCommit=14, initializing? false, entries: <empty>
2019-09-17 22:41:25,763 [EventQueue-PipelineActionsForPipelineActionHandler] ERROR pipeline.PipelineActionHandler (PipelineActionHandler.java:onMessage(60)) - Received pipeline action CLOSE for Pipeline[ Id: 902a7d83-77ad-4cdf-97f4-d35e5daa4b7d, Nodes: 80bd91bd-ab17-414e-9fbc-bd509e19448d{ip: 192.168.5.156, host: pr-hdds-2121-pbfts-3191465506, networkLocation: /default-rack, certSerialId: null}3de10ab2-5aa8-4456-b48c-00692585ccec{ip: 192.168.5.156, host: pr-hdds-2121-pbfts-3191465506, networkLocation: /default-rack, certSerialId: null}fc7af808-7c3b-4e7d-bcd4-16788f7c0c06{ip: 192.168.5.156, host: pr-hdds-2121-pbfts-3191465506, networkLocation: /default-rack, certSerialId: null}, Type:RATIS, Factor:THREE, State:CLOSED] from datanode 80bd91bd-ab17-414e-9fbc-bd509e19448d{ip: 192.168.5.156, host: pr-hdds-2121-pbfts-3191465506, networkLocation: /default-rack, certSerialId: null}. Reason : 80bd91bd-ab17-414e-9fbc-bd509e19448d has not seen follower/s fc7af808-7c3b-4e7d-bcd4-16788f7c0c06 for 173598ms 3de10ab2-5aa8-4456-b48c-00692585ccec for 173597ms
2019-09-17 22:41:25,763 [EventQueue-PipelineActionsForPipelineActionHandler] INFO  pipeline.SCMPipelineManager (SCMPipelineManager.java:finalizeAndDestroyPipeline(311)) - destroying pipeline:Pipeline[ Id: 902a7d83-77ad-4cdf-97f4-d35e5daa4b7d, Nodes: 80bd91bd-ab17-414e-9fbc-bd509e19448d{ip: 192.168.5.156, host: pr-hdds-2121-pbfts-3191465506, networkLocation: /default-rack, certSerialId: null}3de10ab2-5aa8-4456-b48c-00692585ccec{ip: 192.168.5.156, host: pr-hdds-2121-pbfts-3191465506, networkLocation: /default-rack, certSerialId: null}fc7af808-7c3b-4e7d-bcd4-16788f7c0c06{ip: 192.168.5.156, host: pr-hdds-2121-pbfts-3191465506, networkLocation: /default-rack, certSerialId: null}, Type:RATIS, Factor:THREE, State:CLOSED]
2019-09-17 22:41:27,282 [org.apache.ratis.server.impl.LogAppender$AppenderDaemon$$Lambda$486/264626604@4b5ca4fa] ERROR ratis.XceiverServerRatis (XceiverServerRatis.java:triggerPipelineClose(575)) - pipeline Action CLOSE  on pipeline PipelineID=902a7d83-77ad-4cdf-97f4-d35e5daa4b7d.Reason : 80bd91bd-ab17-414e-9fbc-bd509e19448d has not seen follower/s fc7af808-7c3b-4e7d-bcd4-16788f7c0c06 for 176099ms 3de10ab2-5aa8-4456-b48c-00692585ccec for 176098ms
2019-09-17 22:41:27,282 [org.apache.ratis.server.impl.LogAppender$AppenderDaemon$$Lambda$486/264626604@5cda6014] ERROR ratis.XceiverServerRatis (XceiverServerRatis.java:triggerPipelineClose(575)) - pipeline Action CLOSE  on pipeline PipelineID=902a7d83-77ad-4cdf-97f4-d35e5daa4b7d.Reason : 80bd91bd-ab17-414e-9fbc-bd509e19448d has not seen follower/s fc7af808-7c3b-4e7d-bcd4-16788f7c0c06 for 176099ms 3de10ab2-5aa8-4456-b48c-00692585ccec for 176098ms
2019-09-17 22:41:27,763 [EventQueue-PipelineActionsForPipelineActionHandler] ERROR pipeline.PipelineActionHandler (PipelineActionHandler.java:onMessage(60)) - Received pipeline action CLOSE for Pipeline[ Id: 902a7d83-77ad-4cdf-97f4-d35e5daa4b7d, Nodes: 80bd91bd-ab17-414e-9fbc-bd509e19448d{ip: 192.168.5.156, host: pr-hdds-2121-pbfts-3191465506, networkLocation: /default-rack, certSerialId: null}3de10ab2-5aa8-4456-b48c-00692585ccec{ip: 192.168.5.156, host: pr-hdds-2121-pbfts-3191465506, networkLocation: /default-rack, certSerialId: null}fc7af808-7c3b-4e7d-bcd4-16788f7c0c06{ip: 192.168.5.156, host: pr-hdds-2121-pbfts-3191465506, networkLocation: /default-rack, certSerialId: null}, Type:RATIS, Factor:THREE, State:CLOSED] from datanode 80bd91bd-ab17-414e-9fbc-bd509e19448d{ip: 192.168.5.156, host: pr-hdds-2121-pbfts-3191465506, networkLocation: /default-rack, certSerialId: null}. Reason : 80bd91bd-ab17-414e-9fbc-bd509e19448d has not seen follower/s fc7af808-7c3b-4e7d-bcd4-16788f7c0c06 for 176099ms 3de10ab2-5aa8-4456-b48c-00692585ccec for 176098ms
2019-09-17 22:41:27,763 [EventQueue-PipelineActionsForPipelineActionHandler] INFO  pipeline.SCMPipelineManager (SCMPipelineManager.java:finalizeAndDestroyPipeline(311)) - destroying pipeline:Pipeline[ Id: 902a7d83-77ad-4cdf-97f4-d35e5daa4b7d, Nodes: 80bd91bd-ab17-414e-9fbc-bd509e19448d{ip: 192.168.5.156, host: pr-hdds-2121-pbfts-3191465506, networkLocation: /default-rack, certSerialId: null}3de10ab2-5aa8-4456-b48c-00692585ccec{ip: 192.168.5.156, host: pr-hdds-2121-pbfts-3191465506, networkLocation: /default-rack, certSerialId: null}fc7af808-7c3b-4e7d-bcd4-16788f7c0c06{ip: 192.168.5.156, host: pr-hdds-2121-pbfts-3191465506, networkLocation: /default-rack, certSerialId: null}, Type:RATIS, Factor:THREE, State:CLOSED]
2019-09-17 22:41:27,780 [java.util.concurrent.ThreadPoolExecutor$Worker@29da62d0[State = -1, empty queue]] WARN  server.GrpcLogAppender (GrpcLogAppender.java:timeoutAppendRequest(200)) - 80bd91bd-ab17-414e-9fbc-bd509e19448d@group-D35E5DAA4B7D->fc7af808-7c3b-4e7d-bcd4-16788f7c0c06-GrpcLogAppender: appendEntries Timeout, request=80bd91bd-ab17-414e-9fbc-bd509e19448d->fc7af808-7c3b-4e7d-bcd4-16788f7c0c06#163-t1, previous=(t:1, i:21), leaderCommit=14, initializing? false, entries: <empty>
2019-09-17 22:41:27,781 [java.util.concurrent.ThreadPoolExecutor$Worker@1fb783c8[State = -1, empty queue]] WARN  server.GrpcLogAppender (GrpcLogAppender.java:timeoutAppendRequest(200)) - 80bd91bd-ab17-414e-9fbc-bd509e19448d@group-D35E5DAA4B7D->3de10ab2-5aa8-4456-b48c-00692585ccec-GrpcLogAppender: appendEntries Timeout, request=80bd91bd-ab17-414e-9fbc-bd509e19448d->3de10ab2-5aa8-4456-b48c-00692585ccec#163-t1, previous=(t:1, i:21), leaderCommit=14, initializing? false, entries: <empty>
2019-09-17 22:41:28,188 [grpc-default-executor-1] INFO  client.GrpcClientProtocolClient (GrpcClientProtocolClient.java:onNext(264)) - client-20B9A50446D7->fc7af808-7c3b-4e7d-bcd4-16788f7c0c06: receive RaftClientReply:client-20B9A50446D7->fc7af808-7c3b-4e7d-bcd4-16788f7c0c06@group-D35E5DAA4B7D, cid=143, FAILED org.apache.ratis.protocol.NotLeaderException: Server fc7af808-7c3b-4e7d-bcd4-16788f7c0c06@group-D35E5DAA4B7D is not the leader 80bd91bd-ab17-414e-9fbc-bd509e19448d:192.168.5.156:34851, logIndex=0, commits[fc7af808-7c3b-4e7d-bcd4-16788f7c0c06:c14, 3de10ab2-5aa8-4456-b48c-00692585ccec:c13, 80bd91bd-ab17-414e-9fbc-bd509e19448d:c14]
2019-09-17 22:41:29,782 [org.apache.ratis.server.impl.LogAppender$AppenderDaemon$$Lambda$486/264626604@5cda6014] ERROR ratis.XceiverServerRatis (XceiverServerRatis.java:triggerPipelineClose(575)) - pipeline Action CLOSE  on pipeline PipelineID=902a7d83-77ad-4cdf-97f4-d35e5daa4b7d.Reason : 80bd91bd-ab17-414e-9fbc-bd509e19448d has not seen follower/s fc7af808-7c3b-4e7d-bcd4-16788f7c0c06 for 178599ms 3de10ab2-5aa8-4456-b48c-00692585ccec for 178598ms
2019-09-17 22:41:29,783 [org.apache.ratis.server.impl.LogAppender$AppenderDaemon$$Lambda$486/264626604@4b5ca4fa] ERROR ratis.XceiverServerRatis (XceiverServerRatis.java:triggerPipelineClose(575)) - pipeline Action CLOSE  on pipeline PipelineID=902a7d83-77ad-4cdf-97f4-d35e5daa4b7d.Reason : 80bd91bd-ab17-414e-9fbc-bd509e19448d has not seen follower/s fc7af808-7c3b-4e7d-bcd4-16788f7c0c06 for 178600ms 3de10ab2-5aa8-4456-b48c-00692585ccec for 178599ms
2019-09-17 22:41:30,282 [java.util.concurrent.ThreadPoolExecutor$Worker@1fb783c8[State = -1, empty queue]] WARN  server.GrpcLogAppender (GrpcLogAppender.java:timeoutAppendRequest(200)) - 80bd91bd-ab17-414e-9fbc-bd509e19448d@group-D35E5DAA4B7D->3de10ab2-5aa8-4456-b48c-00692585ccec-GrpcLogAppender: appendEntries Timeout, request=80bd91bd-ab17-414e-9fbc-bd509e19448d->3de10ab2-5aa8-4456-b48c-00692585ccec#164-t1, previous=(t:1, i:21), leaderCommit=14, initializing? false, entries: <empty>
2019-09-17 22:41:30,282 [java.util.concurrent.ThreadPoolExecutor$Worker@29da62d0[State = -1, empty queue]] WARN  server.GrpcLogAppender (GrpcLogAppender.java:timeoutAppendRequest(200)) - 80bd91bd-ab17-414e-9fbc-bd509e19448d@group-D35E5DAA4B7D->fc7af808-7c3b-4e7d-bcd4-16788f7c0c06-GrpcLogAppender: appendEntries Timeout, request=80bd91bd-ab17-414e-9fbc-bd509e19448d->fc7af808-7c3b-4e7d-bcd4-16788f7c0c06#164-t1, previous=(t:1, i:21), leaderCommit=14, initializing? false, entries: <empty>
2019-09-17 22:41:30,763 [EventQueue-PipelineActionsForPipelineActionHandler] ERROR pipeline.PipelineActionHandler (PipelineActionHandler.java:onMessage(60)) - Received pipeline action CLOSE for Pipeline[ Id: 902a7d83-77ad-4cdf-97f4-d35e5daa4b7d, Nodes: 80bd91bd-ab17-414e-9fbc-bd509e19448d{ip: 192.168.5.156, host: pr-hdds-2121-pbfts-3191465506, networkLocation: /default-rack, certSerialId: null}3de10ab2-5aa8-4456-b48c-00692585ccec{ip: 192.168.5.156, host: pr-hdds-2121-pbfts-3191465506, networkLocation: /default-rack, certSerialId: null}fc7af808-7c3b-4e7d-bcd4-16788f7c0c06{ip: 192.168.5.156, host: pr-hdds-2121-pbfts-3191465506, networkLocation: /default-rack, certSerialId: null}, Type:RATIS, Factor:THREE, State:CLOSED] from datanode 80bd91bd-ab17-414e-9fbc-bd509e19448d{ip: 192.168.5.156, host: pr-hdds-2121-pbfts-3191465506, networkLocation: /default-rack, certSerialId: null}. Reason : 80bd91bd-ab17-414e-9fbc-bd509e19448d has not seen follower/s fc7af808-7c3b-4e7d-bcd4-16788f7c0c06 for 178599ms 3de10ab2-5aa8-4456-b48c-00692585ccec for 178598ms
2019-09-17 22:41:30,763 [EventQueue-PipelineActionsForPipelineActionHandler] INFO  pipeline.SCMPipelineManager (SCMPipelineManager.java:finalizeAndDestroyPipeline(311)) - destroying pipeline:Pipeline[ Id: 902a7d83-77ad-4cdf-97f4-d35e5daa4b7d, Nodes: 80bd91bd-ab17-414e-9fbc-bd509e19448d{ip: 192.168.5.156, host: pr-hdds-2121-pbfts-3191465506, networkLocation: /default-rack, certSerialId: null}3de10ab2-5aa8-4456-b48c-00692585ccec{ip: 192.168.5.156, host: pr-hdds-2121-pbfts-3191465506, networkLocation: /default-rack, certSerialId: null}fc7af808-7c3b-4e7d-bcd4-16788f7c0c06{ip: 192.168.5.156, host: pr-hdds-2121-pbfts-3191465506, networkLocation: /default-rack, certSerialId: null}, Type:RATIS, Factor:THREE, State:CLOSED]
2019-09-17 22:41:31,521 [3de10ab2-5aa8-4456-b48c-00692585ccec@group-D35E5DAA4B7D-SegmentedRaftLogWorker] WARN  segmented.SegmentedRaftLogWorker (SegmentedRaftLogWorker.java:getFromFuture(90)) - Timeout 17/~
org.apache.ratis.protocol.TimeoutIOException: Timeout 10s: WriteLog:15: (t:1, i:15), STATEMACHINELOGENTRY, client-20B9A50446D7, cid=143-writeStateMachineData
	at org.apache.ratis.util.IOUtils.getFromFuture(IOUtils.java:87)
	at org.apache.ratis.server.raftlog.segmented.SegmentedRaftLogWorker$StateMachineDataPolicy.getFromFuture(SegmentedRaftLogWorker.java:87)
	at org.apache.ratis.server.raftlog.segmented.SegmentedRaftLogWorker$WriteLog.execute(SegmentedRaftLogWorker.java:477)
	at org.apache.ratis.server.raftlog.segmented.SegmentedRaftLogWorker.run(SegmentedRaftLogWorker.java:289)
	at java.lang.Thread.run(Thread.java:748)
Caused by: java.util.concurrent.TimeoutException
	at java.util.concurrent.CompletableFuture.timedGet(CompletableFuture.java:1771)
	at java.util.concurrent.CompletableFuture.get(CompletableFuture.java:1915)
	at org.apache.ratis.util.IOUtils.getFromFuture(IOUtils.java:79)
	... 4 more
2019-09-17 22:41:31,754 [fc7af808-7c3b-4e7d-bcd4-16788f7c0c06@group-D35E5DAA4B7D-SegmentedRaftLogWorker] WARN  segmented.SegmentedRaftLogWorker (SegmentedRaftLogWorker.java:getFromFuture(90)) - Timeout 17/~
org.apache.ratis.protocol.TimeoutIOException: Timeout 10s: WriteLog:16: (t:1, i:16), STATEMACHINELOGENTRY, client-20B9A50446D7, cid=144-writeStateMachineData
	at org.apache.ratis.util.IOUtils.getFromFuture(IOUtils.java:87)
	at org.apache.ratis.server.raftlog.segmented.SegmentedRaftLogWorker$StateMachineDataPolicy.getFromFuture(SegmentedRaftLogWorker.java:87)
	at org.apache.ratis.server.raftlog.segmented.SegmentedRaftLogWorker$WriteLog.execute(SegmentedRaftLogWorker.java:477)
	at org.apache.ratis.server.raftlog.segmented.SegmentedRaftLogWorker.run(SegmentedRaftLogWorker.java:289)
	at java.lang.Thread.run(Thread.java:748)
Caused by: java.util.concurrent.TimeoutException
	at java.util.concurrent.CompletableFuture.timedGet(CompletableFuture.java:1771)
	at java.util.concurrent.CompletableFuture.get(CompletableFuture.java:1915)
	at org.apache.ratis.util.IOUtils.getFromFuture(IOUtils.java:79)
	... 4 more
2019-09-17 22:41:31,755 [80bd91bd-ab17-414e-9fbc-bd509e19448d@group-D35E5DAA4B7D-SegmentedRaftLogWorker] WARN  segmented.SegmentedRaftLogWorker (SegmentedRaftLogWorker.java:getFromFuture(90)) - Timeout 17/~
org.apache.ratis.protocol.TimeoutIOException: Timeout 10s: WriteLog:16: (t:1, i:16), STATEMACHINELOGENTRY, client-20B9A50446D7, cid=144-writeStateMachineData
	at org.apache.ratis.util.IOUtils.getFromFuture(IOUtils.java:87)
	at org.apache.ratis.server.raftlog.segmented.SegmentedRaftLogWorker$StateMachineDataPolicy.getFromFuture(SegmentedRaftLogWorker.java:87)
	at org.apache.ratis.server.raftlog.segmented.SegmentedRaftLogWorker$WriteLog.execute(SegmentedRaftLogWorker.java:477)
	at org.apache.ratis.server.raftlog.segmented.SegmentedRaftLogWorker.run(SegmentedRaftLogWorker.java:289)
	at java.lang.Thread.run(Thread.java:748)
Caused by: java.util.concurrent.TimeoutException
	at java.util.concurrent.CompletableFuture.timedGet(CompletableFuture.java:1771)
	at java.util.concurrent.CompletableFuture.get(CompletableFuture.java:1915)
	at org.apache.ratis.util.IOUtils.getFromFuture(IOUtils.java:79)
	... 4 more
2019-09-17 22:41:32,283 [org.apache.ratis.server.impl.LogAppender$AppenderDaemon$$Lambda$486/264626604@5cda6014] ERROR ratis.XceiverServerRatis (XceiverServerRatis.java:triggerPipelineClose(575)) - pipeline Action CLOSE  on pipeline PipelineID=902a7d83-77ad-4cdf-97f4-d35e5daa4b7d.Reason : 80bd91bd-ab17-414e-9fbc-bd509e19448d has not seen follower/s fc7af808-7c3b-4e7d-bcd4-16788f7c0c06 for 181100ms 3de10ab2-5aa8-4456-b48c-00692585ccec for 181099ms
2019-09-17 22:41:32,283 [org.apache.ratis.server.impl.LogAppender$AppenderDaemon$$Lambda$486/264626604@4b5ca4fa] ERROR ratis.XceiverServerRatis (XceiverServerRatis.java:triggerPipelineClose(575)) - pipeline Action CLOSE  on pipeline PipelineID=902a7d83-77ad-4cdf-97f4-d35e5daa4b7d.Reason : 80bd91bd-ab17-414e-9fbc-bd509e19448d has not seen follower/s fc7af808-7c3b-4e7d-bcd4-16788f7c0c06 for 181101ms 3de10ab2-5aa8-4456-b48c-00692585ccec for 181100ms
2019-09-17 22:41:32,763 [EventQueue-PipelineActionsForPipelineActionHandler] ERROR pipeline.PipelineActionHandler (PipelineActionHandler.java:onMessage(60)) - Received pipeline action CLOSE for Pipeline[ Id: 902a7d83-77ad-4cdf-97f4-d35e5daa4b7d, Nodes: 80bd91bd-ab17-414e-9fbc-bd509e19448d{ip: 192.168.5.156, host: pr-hdds-2121-pbfts-3191465506, networkLocation: /default-rack, certSerialId: null}3de10ab2-5aa8-4456-b48c-00692585ccec{ip: 192.168.5.156, host: pr-hdds-2121-pbfts-3191465506, networkLocation: /default-rack, certSerialId: null}fc7af808-7c3b-4e7d-bcd4-16788f7c0c06{ip: 192.168.5.156, host: pr-hdds-2121-pbfts-3191465506, networkLocation: /default-rack, certSerialId: null}, Type:RATIS, Factor:THREE, State:CLOSED] from datanode 80bd91bd-ab17-414e-9fbc-bd509e19448d{ip: 192.168.5.156, host: pr-hdds-2121-pbfts-3191465506, networkLocation: /default-rack, certSerialId: null}. Reason : 80bd91bd-ab17-414e-9fbc-bd509e19448d has not seen follower/s fc7af808-7c3b-4e7d-bcd4-16788f7c0c06 for 181100ms 3de10ab2-5aa8-4456-b48c-00692585ccec for 181099ms
2019-09-17 22:41:32,763 [EventQueue-PipelineActionsForPipelineActionHandler] INFO  pipeline.SCMPipelineManager (SCMPipelineManager.java:finalizeAndDestroyPipeline(311)) - destroying pipeline:Pipeline[ Id: 902a7d83-77ad-4cdf-97f4-d35e5daa4b7d, Nodes: 80bd91bd-ab17-414e-9fbc-bd509e19448d{ip: 192.168.5.156, host: pr-hdds-2121-pbfts-3191465506, networkLocation: /default-rack, certSerialId: null}3de10ab2-5aa8-4456-b48c-00692585ccec{ip: 192.168.5.156, host: pr-hdds-2121-pbfts-3191465506, networkLocation: /default-rack, certSerialId: null}fc7af808-7c3b-4e7d-bcd4-16788f7c0c06{ip: 192.168.5.156, host: pr-hdds-2121-pbfts-3191465506, networkLocation: /default-rack, certSerialId: null}, Type:RATIS, Factor:THREE, State:CLOSED]
2019-09-17 22:41:32,782 [java.util.concurrent.ThreadPoolExecutor$Worker@29da62d0[State = -1, empty queue]] WARN  server.GrpcLogAppender (GrpcLogAppender.java:timeoutAppendRequest(200)) - 80bd91bd-ab17-414e-9fbc-bd509e19448d@group-D35E5DAA4B7D->fc7af808-7c3b-4e7d-bcd4-16788f7c0c06-GrpcLogAppender: appendEntries Timeout, request=80bd91bd-ab17-414e-9fbc-bd509e19448d->fc7af808-7c3b-4e7d-bcd4-16788f7c0c06#165-t1, previous=(t:1, i:21), leaderCommit=14, initializing? false, entries: <empty>
2019-09-17 22:41:32,783 [java.util.concurrent.ThreadPoolExecutor$Worker@1fb783c8[State = -1, empty queue]] WARN  server.GrpcLogAppender (GrpcLogAppender.java:timeoutAppendRequest(200)) - 80bd91bd-ab17-414e-9fbc-bd509e19448d@group-D35E5DAA4B7D->3de10ab2-5aa8-4456-b48c-00692585ccec-GrpcLogAppender: appendEntries Timeout, request=80bd91bd-ab17-414e-9fbc-bd509e19448d->3de10ab2-5aa8-4456-b48c-00692585ccec#165-t1, previous=(t:1, i:21), leaderCommit=14, initializing? false, entries: <empty>
2019-09-17 22:41:33,244 [grpc-default-executor-1] INFO  client.GrpcClientProtocolClient (GrpcClientProtocolClient.java:onNext(264)) - client-20B9A50446D7->3de10ab2-5aa8-4456-b48c-00692585ccec: receive RaftClientReply:client-20B9A50446D7->3de10ab2-5aa8-4456-b48c-00692585ccec@group-D35E5DAA4B7D, cid=143, FAILED org.apache.ratis.protocol.NotLeaderException: Server 3de10ab2-5aa8-4456-b48c-00692585ccec@group-D35E5DAA4B7D is not the leader 80bd91bd-ab17-414e-9fbc-bd509e19448d:192.168.5.156:34851, logIndex=0, commits[3de10ab2-5aa8-4456-b48c-00692585ccec:c14, fc7af808-7c3b-4e7d-bcd4-16788f7c0c06:c13, 80bd91bd-ab17-414e-9fbc-bd509e19448d:c14]
2019-09-17 22:41:34,784 [org.apache.ratis.server.impl.LogAppender$AppenderDaemon$$Lambda$486/264626604@5cda6014] ERROR ratis.XceiverServerRatis (XceiverServerRatis.java:triggerPipelineClose(575)) - pipeline Action CLOSE  on pipeline PipelineID=902a7d83-77ad-4cdf-97f4-d35e5daa4b7d.Reason : 80bd91bd-ab17-414e-9fbc-bd509e19448d has not seen follower/s fc7af808-7c3b-4e7d-bcd4-16788f7c0c06 for 183601ms 3de10ab2-5aa8-4456-b48c-00692585ccec for 183600ms
2019-09-17 22:41:34,784 [org.apache.ratis.server.impl.LogAppender$AppenderDaemon$$Lambda$486/264626604@4b5ca4fa] ERROR ratis.XceiverServerRatis (XceiverServerRatis.java:triggerPipelineClose(575)) - pipeline Action CLOSE  on pipeline PipelineID=902a7d83-77ad-4cdf-97f4-d35e5daa4b7d.Reason : 80bd91bd-ab17-414e-9fbc-bd509e19448d has not seen follower/s fc7af808-7c3b-4e7d-bcd4-16788f7c0c06 for 183601ms 3de10ab2-5aa8-4456-b48c-00692585ccec for 183600ms
2019-09-17 22:41:35,283 [java.util.concurrent.ThreadPoolExecutor$Worker@29da62d0[State = -1, empty queue]] WARN  server.GrpcLogAppender (GrpcLogAppender.java:timeoutAppendRequest(200)) - 80bd91bd-ab17-414e-9fbc-bd509e19448d@group-D35E5DAA4B7D->fc7af808-7c3b-4e7d-bcd4-16788f7c0c06-GrpcLogAppender: appendEntries Timeout, request=80bd91bd-ab17-414e-9fbc-bd509e19448d->fc7af808-7c3b-4e7d-bcd4-16788f7c0c06#166-t1, previous=(t:1, i:21), leaderCommit=14, initializing? false, entries: <empty>
2019-09-17 22:41:35,283 [java.util.concurrent.ThreadPoolExecutor$Worker@1fb783c8[State = -1, empty queue]] WARN  server.GrpcLogAppender (GrpcLogAppender.java:timeoutAppendRequest(200)) - 80bd91bd-ab17-414e-9fbc-bd509e19448d@group-D35E5DAA4B7D->3de10ab2-5aa8-4456-b48c-00692585ccec-GrpcLogAppender: appendEntries Timeout, request=80bd91bd-ab17-414e-9fbc-bd509e19448d->3de10ab2-5aa8-4456-b48c-00692585ccec#166-t1, previous=(t:1, i:21), leaderCommit=14, initializing? false, entries: <empty>
2019-09-17 22:41:35,763 [EventQueue-PipelineActionsForPipelineActionHandler] ERROR pipeline.PipelineActionHandler (PipelineActionHandler.java:onMessage(60)) - Received pipeline action CLOSE for Pipeline[ Id: 902a7d83-77ad-4cdf-97f4-d35e5daa4b7d, Nodes: 80bd91bd-ab17-414e-9fbc-bd509e19448d{ip: 192.168.5.156, host: pr-hdds-2121-pbfts-3191465506, networkLocation: /default-rack, certSerialId: null}3de10ab2-5aa8-4456-b48c-00692585ccec{ip: 192.168.5.156, host: pr-hdds-2121-pbfts-3191465506, networkLocation: /default-rack, certSerialId: null}fc7af808-7c3b-4e7d-bcd4-16788f7c0c06{ip: 192.168.5.156, host: pr-hdds-2121-pbfts-3191465506, networkLocation: /default-rack, certSerialId: null}, Type:RATIS, Factor:THREE, State:CLOSED] from datanode 80bd91bd-ab17-414e-9fbc-bd509e19448d{ip: 192.168.5.156, host: pr-hdds-2121-pbfts-3191465506, networkLocation: /default-rack, certSerialId: null}. Reason : 80bd91bd-ab17-414e-9fbc-bd509e19448d has not seen follower/s fc7af808-7c3b-4e7d-bcd4-16788f7c0c06 for 183601ms 3de10ab2-5aa8-4456-b48c-00692585ccec for 183600ms
2019-09-17 22:41:35,763 [EventQueue-PipelineActionsForPipelineActionHandler] INFO  pipeline.SCMPipelineManager (SCMPipelineManager.java:finalizeAndDestroyPipeline(311)) - destroying pipeline:Pipeline[ Id: 902a7d83-77ad-4cdf-97f4-d35e5daa4b7d, Nodes: 80bd91bd-ab17-414e-9fbc-bd509e19448d{ip: 192.168.5.156, host: pr-hdds-2121-pbfts-3191465506, networkLocation: /default-rack, certSerialId: null}3de10ab2-5aa8-4456-b48c-00692585ccec{ip: 192.168.5.156, host: pr-hdds-2121-pbfts-3191465506, networkLocation: /default-rack, certSerialId: null}fc7af808-7c3b-4e7d-bcd4-16788f7c0c06{ip: 192.168.5.156, host: pr-hdds-2121-pbfts-3191465506, networkLocation: /default-rack, certSerialId: null}, Type:RATIS, Factor:THREE, State:CLOSED]
2019-09-17 22:41:37,285 [org.apache.ratis.server.impl.LogAppender$AppenderDaemon$$Lambda$486/264626604@5cda6014] ERROR ratis.XceiverServerRatis (XceiverServerRatis.java:triggerPipelineClose(575)) - pipeline Action CLOSE  on pipeline PipelineID=902a7d83-77ad-4cdf-97f4-d35e5daa4b7d.Reason : 80bd91bd-ab17-414e-9fbc-bd509e19448d has not seen follower/s fc7af808-7c3b-4e7d-bcd4-16788f7c0c06 for 186102ms 3de10ab2-5aa8-4456-b48c-00692585ccec for 186101ms
2019-09-17 22:41:37,285 [org.apache.ratis.server.impl.LogAppender$AppenderDaemon$$Lambda$486/264626604@4b5ca4fa] ERROR ratis.XceiverServerRatis (XceiverServerRatis.java:triggerPipelineClose(575)) - pipeline Action CLOSE  on pipeline PipelineID=902a7d83-77ad-4cdf-97f4-d35e5daa4b7d.Reason : 80bd91bd-ab17-414e-9fbc-bd509e19448d has not seen follower/s fc7af808-7c3b-4e7d-bcd4-16788f7c0c06 for 186102ms 3de10ab2-5aa8-4456-b48c-00692585ccec for 186101ms
2019-09-17 22:41:37,742 [grpc-default-executor-1] INFO  impl.RaftServerProxy (RaftServerProxy.java:remove(95)) - 80bd91bd-ab17-414e-9fbc-bd509e19448d: remove    LEADER 80bd91bd-ab17-414e-9fbc-bd509e19448d@group-D35E5DAA4B7D:t1, leader=80bd91bd-ab17-414e-9fbc-bd509e19448d, voted=80bd91bd-ab17-414e-9fbc-bd509e19448d, raftlog=80bd91bd-ab17-414e-9fbc-bd509e19448d@group-D35E5DAA4B7D-SegmentedRaftLog:OPENED:c14,f14,i21, conf=0: [fc7af808-7c3b-4e7d-bcd4-16788f7c0c06:192.168.5.156:38622, 3de10ab2-5aa8-4456-b48c-00692585ccec:192.168.5.156:39175, 80bd91bd-ab17-414e-9fbc-bd509e19448d:192.168.5.156:34851], old=null RUNNING
2019-09-17 22:41:37,742 [grpc-default-executor-1] INFO  impl.RaftServerImpl (RaftServerImpl.java:lambda$shutdown$3(251)) - 80bd91bd-ab17-414e-9fbc-bd509e19448d@group-D35E5DAA4B7D: shutdown
2019-09-17 22:41:37,743 [grpc-default-executor-1] INFO  util.JmxRegister (JmxRegister.java:unregister(73)) - Successfully un-registered JMX Bean with object name Ratis:service=RaftServer,group=group-D35E5DAA4B7D,id=80bd91bd-ab17-414e-9fbc-bd509e19448d
2019-09-17 22:41:37,743 [grpc-default-executor-1] INFO  impl.RoleInfo (RoleInfo.java:shutdownLeaderState(104)) - 80bd91bd-ab17-414e-9fbc-bd509e19448d: shutdown LeaderState
2019-09-17 22:41:37,749 [org.apache.ratis.server.impl.LogAppender$AppenderDaemon$$Lambda$486/264626604@5cda6014] WARN  server.GrpcLogAppender (GrpcLogAppender.java:mayWait(143)) - 80bd91bd-ab17-414e-9fbc-bd509e19448d@group-D35E5DAA4B7D->fc7af808-7c3b-4e7d-bcd4-16788f7c0c06-GrpcLogAppender: Wait interrupted by java.lang.InterruptedException
2019-09-17 22:41:37,749 [grpc-default-executor-1] INFO  impl.PendingRequests (PendingRequests.java:sendNotLeaderResponses(202)) - 80bd91bd-ab17-414e-9fbc-bd509e19448d-PendingRequests: sendNotLeaderResponses
2019-09-17 22:41:37,749 [org.apache.ratis.server.impl.LogAppender$AppenderDaemon$$Lambda$486/264626604@4b5ca4fa] WARN  server.GrpcLogAppender (GrpcLogAppender.java:mayWait(143)) - 80bd91bd-ab17-414e-9fbc-bd509e19448d@group-D35E5DAA4B7D->3de10ab2-5aa8-4456-b48c-00692585ccec-GrpcLogAppender: Wait interrupted by java.lang.InterruptedException
2019-09-17 22:41:37,750 [grpc-default-executor-5] INFO  server.GrpcServerProtocolService (GrpcServerProtocolService.java:onCompleted(113)) - fc7af808-7c3b-4e7d-bcd4-16788f7c0c06: Completed APPEND_ENTRIES, lastRequest: 80bd91bd-ab17-414e-9fbc-bd509e19448d->fc7af808-7c3b-4e7d-bcd4-16788f7c0c06#168-t1, previous=(t:1, i:21), leaderCommit=14, initializing? false, entries: <empty>
2019-09-17 22:41:37,750 [grpc-default-executor-4] INFO  server.GrpcServerProtocolService (GrpcServerProtocolService.java:onCompleted(113)) - 3de10ab2-5aa8-4456-b48c-00692585ccec: Completed APPEND_ENTRIES, lastRequest: 80bd91bd-ab17-414e-9fbc-bd509e19448d->3de10ab2-5aa8-4456-b48c-00692585ccec#168-t1, previous=(t:1, i:21), leaderCommit=14, initializing? false, entries: <empty>
2019-09-17 22:41:37,751 [grpc-default-executor-4] INFO  server.GrpcLogAppender (GrpcLogAppender.java:onCompleted(293)) - 80bd91bd-ab17-414e-9fbc-bd509e19448d@group-D35E5DAA4B7D->fc7af808-7c3b-4e7d-bcd4-16788f7c0c06-AppendLogResponseHandler: follower responses appendEntries COMPLETED
2019-09-17 22:41:37,751 [grpc-default-executor-5] INFO  server.GrpcLogAppender (GrpcLogAppender.java:onCompleted(293)) - 80bd91bd-ab17-414e-9fbc-bd509e19448d@group-D35E5DAA4B7D->3de10ab2-5aa8-4456-b48c-00692585ccec-AppendLogResponseHandler: follower responses appendEntries COMPLETED
2019-09-17 22:41:37,751 [grpc-default-executor-4] INFO  impl.FollowerInfo (FollowerInfo.java:lambda$new$0(51)) - 80bd91bd-ab17-414e-9fbc-bd509e19448d@group-D35E5DAA4B7D->fc7af808-7c3b-4e7d-bcd4-16788f7c0c06: nextIndex: updateUnconditionally 22 -> 15
2019-09-17 22:41:37,751 [grpc-default-executor-5] INFO  impl.FollowerInfo (FollowerInfo.java:lambda$new$0(51)) - 80bd91bd-ab17-414e-9fbc-bd509e19448d@group-D35E5DAA4B7D->3de10ab2-5aa8-4456-b48c-00692585ccec: nextIndex: updateUnconditionally 22 -> 15
2019-09-17 22:41:37,756 [grpc-default-executor-1] INFO  impl.StateMachineUpdater (StateMachineUpdater.java:stopAndJoin(125)) - 80bd91bd-ab17-414e-9fbc-bd509e19448d@group-D35E5DAA4B7D-StateMachineUpdater: set stopIndex = 14
2019-09-17 22:41:37,756 [80bd91bd-ab17-414e-9fbc-bd509e19448d@group-D35E5DAA4B7D-StateMachineUpdater] INFO  ratis.ContainerStateMachine (ContainerStateMachine.java:takeSnapshot(289)) - group-D35E5DAA4B7D: Taking a snapshot at:(t:1, i:14) file /workdir/hadoop-ozone/integration-test/target/test-dir/MiniOzoneClusterImpl-bd92ec51-65b6-4c9d-b31e-1ffa86bb815f/datanode-4/data/ratis/902a7d83-77ad-4cdf-97f4-d35e5daa4b7d/sm/snapshot.1_14
2019-09-17 22:41:37,773 [EventQueue-PipelineActionsForPipelineActionHandler] ERROR pipeline.PipelineActionHandler (PipelineActionHandler.java:onMessage(60)) - Received pipeline action CLOSE for Pipeline[ Id: 902a7d83-77ad-4cdf-97f4-d35e5daa4b7d, Nodes: 80bd91bd-ab17-414e-9fbc-bd509e19448d{ip: 192.168.5.156, host: pr-hdds-2121-pbfts-3191465506, networkLocation: /default-rack, certSerialId: null}3de10ab2-5aa8-4456-b48c-00692585ccec{ip: 192.168.5.156, host: pr-hdds-2121-pbfts-3191465506, networkLocation: /default-rack, certSerialId: null}fc7af808-7c3b-4e7d-bcd4-16788f7c0c06{ip: 192.168.5.156, host: pr-hdds-2121-pbfts-3191465506, networkLocation: /default-rack, certSerialId: null}, Type:RATIS, Factor:THREE, State:CLOSED] from datanode 80bd91bd-ab17-414e-9fbc-bd509e19448d{ip: 192.168.5.156, host: pr-hdds-2121-pbfts-3191465506, networkLocation: /default-rack, certSerialId: null}. Reason : 80bd91bd-ab17-414e-9fbc-bd509e19448d has not seen follower/s fc7af808-7c3b-4e7d-bcd4-16788f7c0c06 for 186102ms 3de10ab2-5aa8-4456-b48c-00692585ccec for 186101ms
2019-09-17 22:41:37,774 [EventQueue-PipelineActionsForPipelineActionHandler] INFO  pipeline.SCMPipelineManager (SCMPipelineManager.java:finalizeAndDestroyPipeline(311)) - destroying pipeline:Pipeline[ Id: 902a7d83-77ad-4cdf-97f4-d35e5daa4b7d, Nodes: 80bd91bd-ab17-414e-9fbc-bd509e19448d{ip: 192.168.5.156, host: pr-hdds-2121-pbfts-3191465506, networkLocation: /default-rack, certSerialId: null}3de10ab2-5aa8-4456-b48c-00692585ccec{ip: 192.168.5.156, host: pr-hdds-2121-pbfts-3191465506, networkLocation: /default-rack, certSerialId: null}fc7af808-7c3b-4e7d-bcd4-16788f7c0c06{ip: 192.168.5.156, host: pr-hdds-2121-pbfts-3191465506, networkLocation: /default-rack, certSerialId: null}, Type:RATIS, Factor:THREE, State:CLOSED]
2019-09-17 22:41:37,798 [80bd91bd-ab17-414e-9fbc-bd509e19448d@group-D35E5DAA4B7D-StateMachineUpdater] INFO  ratis.ContainerStateMachine (ContainerStateMachine.java:takeSnapshot(300)) - group-D35E5DAA4B7D: Finished taking a snapshot at:(t:1, i:14) file:/workdir/hadoop-ozone/integration-test/target/test-dir/MiniOzoneClusterImpl-bd92ec51-65b6-4c9d-b31e-1ffa86bb815f/datanode-4/data/ratis/902a7d83-77ad-4cdf-97f4-d35e5daa4b7d/sm/snapshot.1_14 time:42
2019-09-17 22:41:37,799 [80bd91bd-ab17-414e-9fbc-bd509e19448d@group-D35E5DAA4B7D-StateMachineUpdater] INFO  impl.StateMachineUpdater (StateMachineUpdater.java:takeSnapshot(258)) - 80bd91bd-ab17-414e-9fbc-bd509e19448d@group-D35E5DAA4B7D-StateMachineUpdater: Took a snapshot at index 14
2019-09-17 22:41:37,799 [80bd91bd-ab17-414e-9fbc-bd509e19448d@group-D35E5DAA4B7D-StateMachineUpdater] INFO  impl.StateMachineUpdater (StateMachineUpdater.java:lambda$new$0(83)) - 80bd91bd-ab17-414e-9fbc-bd509e19448d@group-D35E5DAA4B7D-StateMachineUpdater: snapshotIndex: updateIncreasingly -1 -> 14
2019-09-17 22:41:37,799 [Command processor thread] ERROR commandhandler.CloseContainerCommandHandler (CloseContainerCommandHandler.java:handle(125)) - Can't close container #7
java.io.IOException: org.apache.ratis.protocol.GroupMismatchException: 80bd91bd-ab17-414e-9fbc-bd509e19448d: group-D35E5DAA4B7D not found.
	at org.apache.hadoop.ozone.container.common.transport.server.ratis.XceiverServerRatis.submitRequest(XceiverServerRatis.java:502)
	at org.apache.hadoop.ozone.container.common.statemachine.commandhandler.CloseContainerCommandHandler.handle(CloseContainerCommandHandler.java:102)
	at org.apache.hadoop.ozone.container.common.statemachine.commandhandler.CommandDispatcher.handle(CommandDispatcher.java:99)
	at org.apache.hadoop.ozone.container.common.statemachine.DatanodeStateMachine.lambda$initCommandHandlerThread$1(DatanodeStateMachine.java:432)
	at java.lang.Thread.run(Thread.java:748)
Caused by: java.util.concurrent.ExecutionException: org.apache.ratis.protocol.GroupMismatchException: 80bd91bd-ab17-414e-9fbc-bd509e19448d: group-D35E5DAA4B7D not found.
	at java.util.concurrent.CompletableFuture.reportGet(CompletableFuture.java:357)
	at java.util.concurrent.CompletableFuture.get(CompletableFuture.java:1895)
	at org.apache.hadoop.ozone.container.common.transport.server.ratis.XceiverServerRatis.submitRequest(XceiverServerRatis.java:500)
	... 4 more
Caused by: org.apache.ratis.protocol.GroupMismatchException: 80bd91bd-ab17-414e-9fbc-bd509e19448d: group-D35E5DAA4B7D not found.
	at org.apache.ratis.server.impl.RaftServerProxy$ImplMap.get(RaftServerProxy.java:122)
	at org.apache.ratis.server.impl.RaftServerProxy.getImplFuture(RaftServerProxy.java:269)
	at org.apache.ratis.server.impl.RaftServerProxy.submitRequest(RaftServerProxy.java:327)
	at org.apache.ratis.server.impl.RaftServerProxy.submitClientRequestAsync(RaftServerProxy.java:333)
	... 5 more
2019-09-17 22:41:37,800 [grpc-default-executor-1] INFO  impl.RaftServerImpl (ServerState.java:close(385)) - 80bd91bd-ab17-414e-9fbc-bd509e19448d@group-D35E5DAA4B7D: closes. applyIndex: 14
2019-09-17 22:41:37,801 [80bd91bd-ab17-414e-9fbc-bd509e19448d@group-D35E5DAA4B7D-SegmentedRaftLogWorker] ERROR ratis.XceiverServerRatis (XceiverServerRatis.java:triggerPipelineClose(575)) - pipeline Action CLOSE  on pipeline PipelineID=902a7d83-77ad-4cdf-97f4-d35e5daa4b7d.Reason : WriteLog:16: (t:1, i:16), STATEMACHINELOGENTRY, client-20B9A50446D7, cid=144-writeStateMachineData interrupted.
2019-09-17 22:41:37,805 [EventQueue-PipelineActionsForPipelineActionHandler] ERROR pipeline.PipelineActionHandler (PipelineActionHandler.java:onMessage(60)) - Received pipeline action CLOSE for Pipeline[ Id: 902a7d83-77ad-4cdf-97f4-d35e5daa4b7d, Nodes: 80bd91bd-ab17-414e-9fbc-bd509e19448d{ip: 192.168.5.156, host: pr-hdds-2121-pbfts-3191465506, networkLocation: /default-rack, certSerialId: null}3de10ab2-5aa8-4456-b48c-00692585ccec{ip: 192.168.5.156, host: pr-hdds-2121-pbfts-3191465506, networkLocation: /default-rack, certSerialId: null}fc7af808-7c3b-4e7d-bcd4-16788f7c0c06{ip: 192.168.5.156, host: pr-hdds-2121-pbfts-3191465506, networkLocation: /default-rack, certSerialId: null}, Type:RATIS, Factor:THREE, State:CLOSED] from datanode 80bd91bd-ab17-414e-9fbc-bd509e19448d{ip: 192.168.5.156, host: pr-hdds-2121-pbfts-3191465506, networkLocation: /default-rack, certSerialId: null}. Reason : WriteLog:16: (t:1, i:16), STATEMACHINELOGENTRY, client-20B9A50446D7, cid=144-writeStateMachineData interrupted.
2019-09-17 22:41:37,805 [EventQueue-PipelineActionsForPipelineActionHandler] INFO  pipeline.SCMPipelineManager (SCMPipelineManager.java:finalizeAndDestroyPipeline(311)) - destroying pipeline:Pipeline[ Id: 902a7d83-77ad-4cdf-97f4-d35e5daa4b7d, Nodes: 80bd91bd-ab17-414e-9fbc-bd509e19448d{ip: 192.168.5.156, host: pr-hdds-2121-pbfts-3191465506, networkLocation: /default-rack, certSerialId: null}3de10ab2-5aa8-4456-b48c-00692585ccec{ip: 192.168.5.156, host: pr-hdds-2121-pbfts-3191465506, networkLocation: /default-rack, certSerialId: null}fc7af808-7c3b-4e7d-bcd4-16788f7c0c06{ip: 192.168.5.156, host: pr-hdds-2121-pbfts-3191465506, networkLocation: /default-rack, certSerialId: null}, Type:RATIS, Factor:THREE, State:CLOSED]
2019-09-17 22:41:37,808 [grpc-default-executor-1] INFO  segmented.SegmentedRaftLogWorker (SegmentedRaftLogWorker.java:close(228)) - 80bd91bd-ab17-414e-9fbc-bd509e19448d@group-D35E5DAA4B7D-SegmentedRaftLogWorker close()
2019-09-17 22:41:37,820 [Command processor thread] ERROR commandhandler.CloseContainerCommandHandler (CloseContainerCommandHandler.java:handle(125)) - Can't close container #8
java.io.IOException: org.apache.ratis.protocol.GroupMismatchException: 80bd91bd-ab17-414e-9fbc-bd509e19448d: group-D35E5DAA4B7D not found.
	at org.apache.hadoop.ozone.container.common.transport.server.ratis.XceiverServerRatis.submitRequest(XceiverServerRatis.java:502)
	at org.apache.hadoop.ozone.container.common.statemachine.commandhandler.CloseContainerCommandHandler.handle(CloseContainerCommandHandler.java:102)
	at org.apache.hadoop.ozone.container.common.statemachine.commandhandler.CommandDispatcher.handle(CommandDispatcher.java:99)
	at org.apache.hadoop.ozone.container.common.statemachine.DatanodeStateMachine.lambda$initCommandHandlerThread$1(DatanodeStateMachine.java:432)
	at java.lang.Thread.run(Thread.java:748)
Caused by: java.util.concurrent.ExecutionException: org.apache.ratis.protocol.GroupMismatchException: 80bd91bd-ab17-414e-9fbc-bd509e19448d: group-D35E5DAA4B7D not found.
	at java.util.concurrent.CompletableFuture.reportGet(CompletableFuture.java:357)
	at java.util.concurrent.CompletableFuture.get(CompletableFuture.java:1895)
	at org.apache.hadoop.ozone.container.common.transport.server.ratis.XceiverServerRatis.submitRequest(XceiverServerRatis.java:500)
	... 4 more
Caused by: org.apache.ratis.protocol.GroupMismatchException: 80bd91bd-ab17-414e-9fbc-bd509e19448d: group-D35E5DAA4B7D not found.
	at org.apache.ratis.server.impl.RaftServerProxy$ImplMap.get(RaftServerProxy.java:122)
	at org.apache.ratis.server.impl.RaftServerProxy.getImplFuture(RaftServerProxy.java:269)
	at org.apache.ratis.server.impl.RaftServerProxy.submitRequest(RaftServerProxy.java:327)
	at org.apache.ratis.server.impl.RaftServerProxy.submitClientRequestAsync(RaftServerProxy.java:333)
	... 5 more
2019-09-17 22:41:37,832 [grpc-default-executor-1] INFO  interfaces.Container (KeyValueContainer.java:flushAndSyncDB(386)) - Container 6 is synced with bcsId 7.
2019-09-17 22:41:37,833 [grpc-default-executor-1] INFO  interfaces.Container (KeyValueContainer.java:flushAndSyncDB(386)) - Container 6 is synced with bcsId 7.
2019-09-17 22:41:37,849 [EventQueue-IncrementalContainerReportForIncrementalContainerReportHandler] INFO  container.IncrementalContainerReportHandler (AbstractContainerReportHandler.java:updateContainerState(169)) - Moving container #6 to QUASI_CLOSED state, datanode 80bd91bd-ab17-414e-9fbc-bd509e19448d{ip: 192.168.5.156, host: pr-hdds-2121-pbfts-3191465506, networkLocation: /default-rack, certSerialId: null} reported QUASI_CLOSED replica.
2019-09-17 22:41:37,850 [grpc-default-executor-1] INFO  interfaces.Container (KeyValueContainer.java:flushAndSyncDB(386)) - Container 7 is synced with bcsId 13.
2019-09-17 22:41:37,850 [grpc-default-executor-1] INFO  interfaces.Container (KeyValueContainer.java:flushAndSyncDB(386)) - Container 7 is synced with bcsId 13.
2019-09-17 22:41:37,888 [EventQueue-IncrementalContainerReportForIncrementalContainerReportHandler] INFO  container.IncrementalContainerReportHandler (AbstractContainerReportHandler.java:updateContainerState(169)) - Moving container #7 to QUASI_CLOSED state, datanode 80bd91bd-ab17-414e-9fbc-bd509e19448d{ip: 192.168.5.156, host: pr-hdds-2121-pbfts-3191465506, networkLocation: /default-rack, certSerialId: null} reported QUASI_CLOSED replica.
2019-09-17 22:41:37,997 [grpc-default-executor-1] INFO  interfaces.Container (KeyValueContainer.java:flushAndSyncDB(386)) - Container 8 is synced with bcsId 0.
2019-09-17 22:41:37,997 [grpc-default-executor-1] INFO  interfaces.Container (KeyValueContainer.java:flushAndSyncDB(386)) - Container 8 is synced with bcsId 0.
2019-09-17 22:41:38,082 [EventQueue-IncrementalContainerReportForIncrementalContainerReportHandler] INFO  container.IncrementalContainerReportHandler (AbstractContainerReportHandler.java:updateContainerState(169)) - Moving container #8 to QUASI_CLOSED state, datanode 80bd91bd-ab17-414e-9fbc-bd509e19448d{ip: 192.168.5.156, host: pr-hdds-2121-pbfts-3191465506, networkLocation: /default-rack, certSerialId: null} reported QUASI_CLOSED replica.
2019-09-17 22:41:38,086 [grpc-default-executor-1] INFO  impl.RaftServerProxy (RaftServerProxy.java:remove(95)) - 3de10ab2-5aa8-4456-b48c-00692585ccec: remove  FOLLOWER 3de10ab2-5aa8-4456-b48c-00692585ccec@group-D35E5DAA4B7D:t1, leader=80bd91bd-ab17-414e-9fbc-bd509e19448d, voted=80bd91bd-ab17-414e-9fbc-bd509e19448d, raftlog=3de10ab2-5aa8-4456-b48c-00692585ccec@group-D35E5DAA4B7D-SegmentedRaftLog:OPENED:c14,f14,i21, conf=0: [fc7af808-7c3b-4e7d-bcd4-16788f7c0c06:192.168.5.156:38622, 3de10ab2-5aa8-4456-b48c-00692585ccec:192.168.5.156:39175, 80bd91bd-ab17-414e-9fbc-bd509e19448d:192.168.5.156:34851], old=null RUNNING
2019-09-17 22:41:38,086 [grpc-default-executor-1] INFO  impl.RaftServerImpl (RaftServerImpl.java:lambda$shutdown$3(251)) - 3de10ab2-5aa8-4456-b48c-00692585ccec@group-D35E5DAA4B7D: shutdown
2019-09-17 22:41:38,087 [grpc-default-executor-1] INFO  util.JmxRegister (JmxRegister.java:unregister(73)) - Successfully un-registered JMX Bean with object name Ratis:service=RaftServer,group=group-D35E5DAA4B7D,id=3de10ab2-5aa8-4456-b48c-00692585ccec
2019-09-17 22:41:38,087 [grpc-default-executor-1] INFO  impl.RoleInfo (RoleInfo.java:shutdownFollowerState(121)) - 3de10ab2-5aa8-4456-b48c-00692585ccec: shutdown FollowerState
2019-09-17 22:41:38,087 [grpc-default-executor-1] INFO  impl.StateMachineUpdater (StateMachineUpdater.java:stopAndJoin(125)) - 3de10ab2-5aa8-4456-b48c-00692585ccec@group-D35E5DAA4B7D-StateMachineUpdater: set stopIndex = 14
2019-09-17 22:41:38,087 [Thread-870] INFO  impl.FollowerState (FollowerState.java:run(115)) - 3de10ab2-5aa8-4456-b48c-00692585ccec: FollowerState was interrupted: java.lang.InterruptedException: sleep interrupted
2019-09-17 22:41:38,087 [3de10ab2-5aa8-4456-b48c-00692585ccec@group-D35E5DAA4B7D-StateMachineUpdater] INFO  ratis.ContainerStateMachine (ContainerStateMachine.java:takeSnapshot(289)) - group-D35E5DAA4B7D: Taking a snapshot at:(t:1, i:13) file /workdir/hadoop-ozone/integration-test/target/test-dir/MiniOzoneClusterImpl-bd92ec51-65b6-4c9d-b31e-1ffa86bb815f/datanode-6/data/ratis/902a7d83-77ad-4cdf-97f4-d35e5daa4b7d/sm/snapshot.1_13
2019-09-17 22:41:38,115 [3de10ab2-5aa8-4456-b48c-00692585ccec@group-D35E5DAA4B7D-StateMachineUpdater] INFO  ratis.ContainerStateMachine (ContainerStateMachine.java:takeSnapshot(300)) - group-D35E5DAA4B7D: Finished taking a snapshot at:(t:1, i:13) file:/workdir/hadoop-ozone/integration-test/target/test-dir/MiniOzoneClusterImpl-bd92ec51-65b6-4c9d-b31e-1ffa86bb815f/datanode-6/data/ratis/902a7d83-77ad-4cdf-97f4-d35e5daa4b7d/sm/snapshot.1_13 time:28
2019-09-17 22:41:38,115 [3de10ab2-5aa8-4456-b48c-00692585ccec@group-D35E5DAA4B7D-StateMachineUpdater] INFO  impl.StateMachineUpdater (StateMachineUpdater.java:takeSnapshot(258)) - 3de10ab2-5aa8-4456-b48c-00692585ccec@group-D35E5DAA4B7D-StateMachineUpdater: Took a snapshot at index 13
2019-09-17 22:41:38,115 [3de10ab2-5aa8-4456-b48c-00692585ccec@group-D35E5DAA4B7D-StateMachineUpdater] INFO  impl.StateMachineUpdater (StateMachineUpdater.java:lambda$new$0(83)) - 3de10ab2-5aa8-4456-b48c-00692585ccec@group-D35E5DAA4B7D-StateMachineUpdater: snapshotIndex: updateIncreasingly -1 -> 13
2019-09-17 22:41:38,116 [3de10ab2-5aa8-4456-b48c-00692585ccec@group-D35E5DAA4B7D-StateMachineUpdater] INFO  ratis.ContainerStateMachine (ContainerStateMachine.java:takeSnapshot(289)) - group-D35E5DAA4B7D: Taking a snapshot at:(t:1, i:13) file /workdir/hadoop-ozone/integration-test/target/test-dir/MiniOzoneClusterImpl-bd92ec51-65b6-4c9d-b31e-1ffa86bb815f/datanode-6/data/ratis/902a7d83-77ad-4cdf-97f4-d35e5daa4b7d/sm/snapshot.1_13
2019-09-17 22:41:38,140 [3de10ab2-5aa8-4456-b48c-00692585ccec@group-D35E5DAA4B7D-StateMachineUpdater] INFO  ratis.ContainerStateMachine (ContainerStateMachine.java:takeSnapshot(300)) - group-D35E5DAA4B7D: Finished taking a snapshot at:(t:1, i:13) file:/workdir/hadoop-ozone/integration-test/target/test-dir/MiniOzoneClusterImpl-bd92ec51-65b6-4c9d-b31e-1ffa86bb815f/datanode-6/data/ratis/902a7d83-77ad-4cdf-97f4-d35e5daa4b7d/sm/snapshot.1_13 time:24
2019-09-17 22:41:38,141 [3de10ab2-5aa8-4456-b48c-00692585ccec@group-D35E5DAA4B7D-StateMachineUpdater] INFO  impl.StateMachineUpdater (StateMachineUpdater.java:takeSnapshot(258)) - 3de10ab2-5aa8-4456-b48c-00692585ccec@group-D35E5DAA4B7D-StateMachineUpdater: Took a snapshot at index 13
2019-09-17 22:41:38,141 [3de10ab2-5aa8-4456-b48c-00692585ccec@group-D35E5DAA4B7D-StateMachineUpdater] INFO  impl.StateMachineUpdater (StateMachineUpdater.java:lambda$new$0(83)) - 3de10ab2-5aa8-4456-b48c-00692585ccec@group-D35E5DAA4B7D-StateMachineUpdater: snapshotIndex: updateIncreasingly 13 -> 13
2019-09-17 22:41:38,141 [grpc-default-executor-1] INFO  impl.RaftServerImpl (ServerState.java:close(385)) - 3de10ab2-5aa8-4456-b48c-00692585ccec@group-D35E5DAA4B7D: closes. applyIndex: 14
2019-09-17 22:41:38,142 [3de10ab2-5aa8-4456-b48c-00692585ccec@group-D35E5DAA4B7D-SegmentedRaftLogWorker] ERROR ratis.XceiverServerRatis (XceiverServerRatis.java:triggerPipelineClose(575)) - pipeline Action CLOSE  on pipeline PipelineID=902a7d83-77ad-4cdf-97f4-d35e5daa4b7d.Reason : WriteLog:15: (t:1, i:15), STATEMACHINELOGENTRY, client-20B9A50446D7, cid=143-writeStateMachineData interrupted.
2019-09-17 22:41:38,146 [grpc-default-executor-1] INFO  segmented.SegmentedRaftLogWorker (SegmentedRaftLogWorker.java:close(228)) - 3de10ab2-5aa8-4456-b48c-00692585ccec@group-D35E5DAA4B7D-SegmentedRaftLogWorker close()
2019-09-17 22:41:38,151 [EventQueue-PipelineActionsForPipelineActionHandler] ERROR pipeline.PipelineActionHandler (PipelineActionHandler.java:onMessage(60)) - Received pipeline action CLOSE for Pipeline[ Id: 902a7d83-77ad-4cdf-97f4-d35e5daa4b7d, Nodes: 80bd91bd-ab17-414e-9fbc-bd509e19448d{ip: 192.168.5.156, host: pr-hdds-2121-pbfts-3191465506, networkLocation: /default-rack, certSerialId: null}3de10ab2-5aa8-4456-b48c-00692585ccec{ip: 192.168.5.156, host: pr-hdds-2121-pbfts-3191465506, networkLocation: /default-rack, certSerialId: null}fc7af808-7c3b-4e7d-bcd4-16788f7c0c06{ip: 192.168.5.156, host: pr-hdds-2121-pbfts-3191465506, networkLocation: /default-rack, certSerialId: null}, Type:RATIS, Factor:THREE, State:CLOSED] from datanode 3de10ab2-5aa8-4456-b48c-00692585ccec{ip: 192.168.5.156, host: pr-hdds-2121-pbfts-3191465506, networkLocation: /default-rack, certSerialId: null}. Reason : WriteLog:15: (t:1, i:15), STATEMACHINELOGENTRY, client-20B9A50446D7, cid=143-writeStateMachineData interrupted.
2019-09-17 22:41:38,151 [EventQueue-PipelineActionsForPipelineActionHandler] INFO  pipeline.SCMPipelineManager (SCMPipelineManager.java:finalizeAndDestroyPipeline(311)) - destroying pipeline:Pipeline[ Id: 902a7d83-77ad-4cdf-97f4-d35e5daa4b7d, Nodes: 80bd91bd-ab17-414e-9fbc-bd509e19448d{ip: 192.168.5.156, host: pr-hdds-2121-pbfts-3191465506, networkLocation: /default-rack, certSerialId: null}3de10ab2-5aa8-4456-b48c-00692585ccec{ip: 192.168.5.156, host: pr-hdds-2121-pbfts-3191465506, networkLocation: /default-rack, certSerialId: null}fc7af808-7c3b-4e7d-bcd4-16788f7c0c06{ip: 192.168.5.156, host: pr-hdds-2121-pbfts-3191465506, networkLocation: /default-rack, certSerialId: null}, Type:RATIS, Factor:THREE, State:CLOSED]
2019-09-17 22:41:38,166 [grpc-default-executor-1] INFO  interfaces.Container (KeyValueContainer.java:flushAndSyncDB(386)) - Container 6 is synced with bcsId 7.
2019-09-17 22:41:38,166 [grpc-default-executor-1] INFO  interfaces.Container (KeyValueContainer.java:flushAndSyncDB(386)) - Container 6 is synced with bcsId 7.
2019-09-17 22:41:38,208 [grpc-default-executor-1] INFO  interfaces.Container (KeyValueContainer.java:flushAndSyncDB(386)) - Container 7 is synced with bcsId 13.
2019-09-17 22:41:38,208 [grpc-default-executor-1] INFO  interfaces.Container (KeyValueContainer.java:flushAndSyncDB(386)) - Container 7 is synced with bcsId 13.
2019-09-17 22:41:38,294 [main] WARN  io.KeyOutputStream (KeyOutputStream.java:handleException(276)) - Encountered exception java.io.IOException: Unexpected Storage Container Exception: java.util.concurrent.CompletionException: java.util.concurrent.CompletionException: org.apache.ratis.protocol.GroupMismatchException: 3de10ab2-5aa8-4456-b48c-00692585ccec: group-D35E5DAA4B7D not found. on the pipeline Pipeline[ Id: 902a7d83-77ad-4cdf-97f4-d35e5daa4b7d, Nodes: 80bd91bd-ab17-414e-9fbc-bd509e19448d{ip: 192.168.5.156, host: pr-hdds-2121-pbfts-3191465506, networkLocation: /default-rack, certSerialId: null}3de10ab2-5aa8-4456-b48c-00692585ccec{ip: 192.168.5.156, host: pr-hdds-2121-pbfts-3191465506, networkLocation: /default-rack, certSerialId: null}fc7af808-7c3b-4e7d-bcd4-16788f7c0c06{ip: 192.168.5.156, host: pr-hdds-2121-pbfts-3191465506, networkLocation: /default-rack, certSerialId: null}, Type:RATIS, Factor:THREE, State:OPEN]. The last committed block length is 0, uncommitted data length is 400 retry count 0
2019-09-17 22:41:38,446 [grpc-default-executor-1] INFO  interfaces.Container (KeyValueContainer.java:flushAndSyncDB(386)) - Container 8 is synced with bcsId 0.
2019-09-17 22:41:38,446 [grpc-default-executor-1] INFO  interfaces.Container (KeyValueContainer.java:flushAndSyncDB(386)) - Container 8 is synced with bcsId 0.
2019-09-17 22:41:38,494 [grpc-default-executor-1] INFO  impl.RaftServerProxy (RaftServerProxy.java:remove(95)) - fc7af808-7c3b-4e7d-bcd4-16788f7c0c06: remove  FOLLOWER fc7af808-7c3b-4e7d-bcd4-16788f7c0c06@group-D35E5DAA4B7D:t1, leader=80bd91bd-ab17-414e-9fbc-bd509e19448d, voted=80bd91bd-ab17-414e-9fbc-bd509e19448d, raftlog=fc7af808-7c3b-4e7d-bcd4-16788f7c0c06@group-D35E5DAA4B7D-SegmentedRaftLog:OPENED:c14,f14,i21, conf=0: [fc7af808-7c3b-4e7d-bcd4-16788f7c0c06:192.168.5.156:38622, 3de10ab2-5aa8-4456-b48c-00692585ccec:192.168.5.156:39175, 80bd91bd-ab17-414e-9fbc-bd509e19448d:192.168.5.156:34851], old=null RUNNING
2019-09-17 22:41:38,494 [grpc-default-executor-1] INFO  impl.RaftServerImpl (RaftServerImpl.java:lambda$shutdown$3(251)) - fc7af808-7c3b-4e7d-bcd4-16788f7c0c06@group-D35E5DAA4B7D: shutdown
2019-09-17 22:41:38,494 [grpc-default-executor-1] INFO  util.JmxRegister (JmxRegister.java:unregister(73)) - Successfully un-registered JMX Bean with object name Ratis:service=RaftServer,group=group-D35E5DAA4B7D,id=fc7af808-7c3b-4e7d-bcd4-16788f7c0c06
2019-09-17 22:41:38,494 [grpc-default-executor-1] INFO  impl.RoleInfo (RoleInfo.java:shutdownFollowerState(121)) - fc7af808-7c3b-4e7d-bcd4-16788f7c0c06: shutdown FollowerState
2019-09-17 22:41:38,495 [grpc-default-executor-1] INFO  impl.StateMachineUpdater (StateMachineUpdater.java:stopAndJoin(125)) - fc7af808-7c3b-4e7d-bcd4-16788f7c0c06@group-D35E5DAA4B7D-StateMachineUpdater: set stopIndex = 14
2019-09-17 22:41:38,495 [fc7af808-7c3b-4e7d-bcd4-16788f7c0c06@group-D35E5DAA4B7D-StateMachineUpdater] INFO  ratis.ContainerStateMachine (ContainerStateMachine.java:takeSnapshot(289)) - group-D35E5DAA4B7D: Taking a snapshot at:(t:1, i:13) file /workdir/hadoop-ozone/integration-test/target/test-dir/MiniOzoneClusterImpl-bd92ec51-65b6-4c9d-b31e-1ffa86bb815f/datanode-0/data/ratis/902a7d83-77ad-4cdf-97f4-d35e5daa4b7d/sm/snapshot.1_13
2019-09-17 22:41:38,495 [Thread-869] INFO  impl.FollowerState (FollowerState.java:run(115)) - fc7af808-7c3b-4e7d-bcd4-16788f7c0c06: FollowerState was interrupted: java.lang.InterruptedException: sleep interrupted
2019-09-17 22:41:38,522 [fc7af808-7c3b-4e7d-bcd4-16788f7c0c06@group-D35E5DAA4B7D-StateMachineUpdater] INFO  ratis.ContainerStateMachine (ContainerStateMachine.java:takeSnapshot(300)) - group-D35E5DAA4B7D: Finished taking a snapshot at:(t:1, i:13) file:/workdir/hadoop-ozone/integration-test/target/test-dir/MiniOzoneClusterImpl-bd92ec51-65b6-4c9d-b31e-1ffa86bb815f/datanode-0/data/ratis/902a7d83-77ad-4cdf-97f4-d35e5daa4b7d/sm/snapshot.1_13 time:27
2019-09-17 22:41:38,523 [fc7af808-7c3b-4e7d-bcd4-16788f7c0c06@group-D35E5DAA4B7D-StateMachineUpdater] INFO  impl.StateMachineUpdater (StateMachineUpdater.java:takeSnapshot(258)) - fc7af808-7c3b-4e7d-bcd4-16788f7c0c06@group-D35E5DAA4B7D-StateMachineUpdater: Took a snapshot at index 13
2019-09-17 22:41:38,523 [fc7af808-7c3b-4e7d-bcd4-16788f7c0c06@group-D35E5DAA4B7D-StateMachineUpdater] INFO  impl.StateMachineUpdater (StateMachineUpdater.java:lambda$new$0(83)) - fc7af808-7c3b-4e7d-bcd4-16788f7c0c06@group-D35E5DAA4B7D-StateMachineUpdater: snapshotIndex: updateIncreasingly -1 -> 13
2019-09-17 22:41:38,523 [fc7af808-7c3b-4e7d-bcd4-16788f7c0c06@group-D35E5DAA4B7D-StateMachineUpdater] INFO  ratis.ContainerStateMachine (ContainerStateMachine.java:takeSnapshot(289)) - group-D35E5DAA4B7D: Taking a snapshot at:(t:1, i:13) file /workdir/hadoop-ozone/integration-test/target/test-dir/MiniOzoneClusterImpl-bd92ec51-65b6-4c9d-b31e-1ffa86bb815f/datanode-0/data/ratis/902a7d83-77ad-4cdf-97f4-d35e5daa4b7d/sm/snapshot.1_13
2019-09-17 22:41:38,539 [fc7af808-7c3b-4e7d-bcd4-16788f7c0c06@group-D35E5DAA4B7D-StateMachineUpdater] INFO  ratis.ContainerStateMachine (ContainerStateMachine.java:takeSnapshot(300)) - group-D35E5DAA4B7D: Finished taking a snapshot at:(t:1, i:13) file:/workdir/hadoop-ozone/integration-test/target/test-dir/MiniOzoneClusterImpl-bd92ec51-65b6-4c9d-b31e-1ffa86bb815f/datanode-0/data/ratis/902a7d83-77ad-4cdf-97f4-d35e5daa4b7d/sm/snapshot.1_13 time:16
2019-09-17 22:41:38,540 [fc7af808-7c3b-4e7d-bcd4-16788f7c0c06@group-D35E5DAA4B7D-StateMachineUpdater] INFO  impl.StateMachineUpdater (StateMachineUpdater.java:takeSnapshot(258)) - fc7af808-7c3b-4e7d-bcd4-16788f7c0c06@group-D35E5DAA4B7D-StateMachineUpdater: Took a snapshot at index 13
2019-09-17 22:41:38,540 [fc7af808-7c3b-4e7d-bcd4-16788f7c0c06@group-D35E5DAA4B7D-StateMachineUpdater] INFO  impl.StateMachineUpdater (StateMachineUpdater.java:lambda$new$0(83)) - fc7af808-7c3b-4e7d-bcd4-16788f7c0c06@group-D35E5DAA4B7D-StateMachineUpdater: snapshotIndex: updateIncreasingly 13 -> 13
2019-09-17 22:41:38,541 [grpc-default-executor-1] INFO  impl.RaftServerImpl (ServerState.java:close(385)) - fc7af808-7c3b-4e7d-bcd4-16788f7c0c06@group-D35E5DAA4B7D: closes. applyIndex: 14
2019-09-17 22:41:38,541 [fc7af808-7c3b-4e7d-bcd4-16788f7c0c06@group-D35E5DAA4B7D-SegmentedRaftLogWorker] ERROR ratis.XceiverServerRatis (XceiverServerRatis.java:triggerPipelineClose(575)) - pipeline Action CLOSE  on pipeline PipelineID=902a7d83-77ad-4cdf-97f4-d35e5daa4b7d.Reason : WriteLog:16: (t:1, i:16), STATEMACHINELOGENTRY, client-20B9A50446D7, cid=144-writeStateMachineData interrupted.
2019-09-17 22:41:38,546 [EventQueue-PipelineActionsForPipelineActionHandler] ERROR pipeline.PipelineActionHandler (PipelineActionHandler.java:onMessage(60)) - Received pipeline action CLOSE for Pipeline[ Id: 902a7d83-77ad-4cdf-97f4-d35e5daa4b7d, Nodes: 80bd91bd-ab17-414e-9fbc-bd509e19448d{ip: 192.168.5.156, host: pr-hdds-2121-pbfts-3191465506, networkLocation: /default-rack, certSerialId: null}3de10ab2-5aa8-4456-b48c-00692585ccec{ip: 192.168.5.156, host: pr-hdds-2121-pbfts-3191465506, networkLocation: /default-rack, certSerialId: null}fc7af808-7c3b-4e7d-bcd4-16788f7c0c06{ip: 192.168.5.156, host: pr-hdds-2121-pbfts-3191465506, networkLocation: /default-rack, certSerialId: null}, Type:RATIS, Factor:THREE, State:CLOSED] from datanode fc7af808-7c3b-4e7d-bcd4-16788f7c0c06{ip: 192.168.5.156, host: pr-hdds-2121-pbfts-3191465506, networkLocation: /default-rack, certSerialId: null}. Reason : WriteLog:16: (t:1, i:16), STATEMACHINELOGENTRY, client-20B9A50446D7, cid=144-writeStateMachineData interrupted.
2019-09-17 22:41:38,546 [EventQueue-PipelineActionsForPipelineActionHandler] INFO  pipeline.SCMPipelineManager (SCMPipelineManager.java:finalizeAndDestroyPipeline(311)) - destroying pipeline:Pipeline[ Id: 902a7d83-77ad-4cdf-97f4-d35e5daa4b7d, Nodes: 80bd91bd-ab17-414e-9fbc-bd509e19448d{ip: 192.168.5.156, host: pr-hdds-2121-pbfts-3191465506, networkLocation: /default-rack, certSerialId: null}3de10ab2-5aa8-4456-b48c-00692585ccec{ip: 192.168.5.156, host: pr-hdds-2121-pbfts-3191465506, networkLocation: /default-rack, certSerialId: null}fc7af808-7c3b-4e7d-bcd4-16788f7c0c06{ip: 192.168.5.156, host: pr-hdds-2121-pbfts-3191465506, networkLocation: /default-rack, certSerialId: null}, Type:RATIS, Factor:THREE, State:CLOSED]
2019-09-17 22:41:38,556 [grpc-default-executor-1] INFO  segmented.SegmentedRaftLogWorker (SegmentedRaftLogWorker.java:close(228)) - fc7af808-7c3b-4e7d-bcd4-16788f7c0c06@group-D35E5DAA4B7D-SegmentedRaftLogWorker close()
2019-09-17 22:41:38,591 [grpc-default-executor-1] INFO  interfaces.Container (KeyValueContainer.java:flushAndSyncDB(386)) - Container 6 is synced with bcsId 7.
2019-09-17 22:41:38,591 [grpc-default-executor-1] INFO  interfaces.Container (KeyValueContainer.java:flushAndSyncDB(386)) - Container 6 is synced with bcsId 7.
2019-09-17 22:41:38,604 [grpc-default-executor-4] INFO  client.GrpcClientProtocolClient (GrpcClientProtocolClient.java:onNext(264)) - client-AC9903FD1B67->f4adb48a-7d7d-4db9-96e8-d2aa5901bd52: receive RaftClientReply:client-AC9903FD1B67->f4adb48a-7d7d-4db9-96e8-d2aa5901bd52@group-BED94E1B2AD7, cid=238, SUCCESS, logIndex=1, commits[f4adb48a-7d7d-4db9-96e8-d2aa5901bd52:c1, 41f4c1b5-d215-4831-aa76-48270f5e0061:c0, bba25625-58dd-4c9e-929d-1a2e91bc3828:c0]
2019-09-17 22:41:38,625 [grpc-default-executor-1] INFO  interfaces.Container (KeyValueContainer.java:flushAndSyncDB(386)) - Container 7 is synced with bcsId 13.
2019-09-17 22:41:38,626 [grpc-default-executor-1] INFO  interfaces.Container (KeyValueContainer.java:flushAndSyncDB(386)) - Container 7 is synced with bcsId 13.
2019-09-17 22:41:38,630 [grpc-default-executor-5] INFO  client.GrpcClientProtocolClient (GrpcClientProtocolClient.java:onNext(264)) - client-AC9903FD1B67->f4adb48a-7d7d-4db9-96e8-d2aa5901bd52: receive RaftClientReply:client-AC9903FD1B67->f4adb48a-7d7d-4db9-96e8-d2aa5901bd52@group-BED94E1B2AD7, cid=239, SUCCESS, logIndex=3, commits[f4adb48a-7d7d-4db9-96e8-d2aa5901bd52:c6, 41f4c1b5-d215-4831-aa76-48270f5e0061:c1, bba25625-58dd-4c9e-929d-1a2e91bc3828:c2]
2019-09-17 22:41:38,744 [grpc-default-executor-5] INFO  client.GrpcClientProtocolClient (GrpcClientProtocolClient.java:onNext(264)) - client-AC9903FD1B67->f4adb48a-7d7d-4db9-96e8-d2aa5901bd52: receive RaftClientReply:client-AC9903FD1B67->f4adb48a-7d7d-4db9-96e8-d2aa5901bd52@group-BED94E1B2AD7, cid=240, SUCCESS, logIndex=4, commits[f4adb48a-7d7d-4db9-96e8-d2aa5901bd52:c12, 41f4c1b5-d215-4831-aa76-48270f5e0061:c7, bba25625-58dd-4c9e-929d-1a2e91bc3828:c7]
2019-09-17 22:41:38,747 [grpc-default-executor-5] INFO  client.GrpcClientProtocolClient (GrpcClientProtocolClient.java:onNext(264)) - client-AC9903FD1B67->f4adb48a-7d7d-4db9-96e8-d2aa5901bd52: receive RaftClientReply:client-AC9903FD1B67->f4adb48a-7d7d-4db9-96e8-d2aa5901bd52@group-BED94E1B2AD7, cid=241, SUCCESS, logIndex=5, commits[f4adb48a-7d7d-4db9-96e8-d2aa5901bd52:c12, 41f4c1b5-d215-4831-aa76-48270f5e0061:c7, bba25625-58dd-4c9e-929d-1a2e91bc3828:c7]
2019-09-17 22:41:38,748 [grpc-default-executor-5] INFO  client.GrpcClientProtocolClient (GrpcClientProtocolClient.java:onNext(264)) - client-AC9903FD1B67->f4adb48a-7d7d-4db9-96e8-d2aa5901bd52: receive RaftClientReply:client-AC9903FD1B67->f4adb48a-7d7d-4db9-96e8-d2aa5901bd52@group-BED94E1B2AD7, cid=242, SUCCESS, logIndex=6, commits[f4adb48a-7d7d-4db9-96e8-d2aa5901bd52:c12, 41f4c1b5-d215-4831-aa76-48270f5e0061:c7, bba25625-58dd-4c9e-929d-1a2e91bc3828:c7]
2019-09-17 22:41:38,956 [grpc-default-executor-1] INFO  interfaces.Container (KeyValueContainer.java:flushAndSyncDB(386)) - Container 8 is synced with bcsId 0.
2019-09-17 22:41:39,135 [grpc-default-executor-1] INFO  interfaces.Container (KeyValueContainer.java:flushAndSyncDB(386)) - Container 8 is synced with bcsId 0.
2019-09-17 22:41:39,139 [grpc-default-executor-5] INFO  client.GrpcClientProtocolClient (GrpcClientProtocolClient.java:onNext(264)) - client-AC9903FD1B67->f4adb48a-7d7d-4db9-96e8-d2aa5901bd52: receive RaftClientReply:client-AC9903FD1B67->f4adb48a-7d7d-4db9-96e8-d2aa5901bd52@group-BED94E1B2AD7, cid=243, SUCCESS, logIndex=7, commits[f4adb48a-7d7d-4db9-96e8-d2aa5901bd52:c12, 41f4c1b5-d215-4831-aa76-48270f5e0061:c7, bba25625-58dd-4c9e-929d-1a2e91bc3828:c7]
]]></system-out>
  </testcase>
</testsuite>