<?xml version="1.0" encoding="UTF-8"?>
<testsuite xmlns:xsi="http://www.w3.org/2001/XMLSchema-instance" xsi:noNamespaceSchemaLocation="https://maven.apache.org/surefire/maven-surefire-plugin/xsd/surefire-test-report.xsd" name="org.apache.hadoop.ozone.client.rpc.TestBlockOutputStreamWithFailures" time="737.103" tests="8" errors="0" skipped="0" failures="1">
  <properties>
    <property name="awt.toolkit" value="sun.awt.X11.XToolkit"/>
    <property name="file.encoding.pkg" value="sun.io"/>
    <property name="java.specification.version" value="1.8"/>
    <property name="sun.cpu.isalist" value=""/>
    <property name="sun.jnu.encoding" value="UTF-8"/>
    <property name="java.class.path" value="/workdir/hadoop-ozone/integration-test/target/test-classes:/workdir/hadoop-ozone/integration-test/target/classes:/home/user/.m2/repository/org/apache/hadoop/hadoop-ozone-common/0.5.0-SNAPSHOT/hadoop-ozone-common-0.5.0-SNAPSHOT.jar:/home/user/.m2/repository/org/apache/commons/commons-compress/1.4.1/commons-compress-1.4.1.jar:/home/user/.m2/repository/org/tukaani/xz/1.0/xz-1.0.jar:/home/user/.m2/repository/org/apache/hadoop/hadoop-common/3.2.0/hadoop-common-3.2.0.jar:/home/user/.m2/repository/org/apache/hadoop/hadoop-hdfs/3.2.0/hadoop-hdfs-3.2.0.jar:/home/user/.m2/repository/org/apache/hadoop/hadoop-hdfs-client/3.2.0/hadoop-hdfs-client-3.2.0.jar:/home/user/.m2/repository/com/fasterxml/jackson/core/jackson-annotations/2.9.5/jackson-annotations-2.9.5.jar:/home/user/.m2/repository/org/apache/hadoop/hadoop-hdds-common/0.5.0-SNAPSHOT/hadoop-hdds-common-0.5.0-SNAPSHOT.jar:/home/user/.m2/repository/javax/annotation/javax.annotation-api/1.2/javax.annotation-api-1.2.jar:/home/user/.m2/repository/org/apache/ratis/ratis-server/0.4.0-2337318-SNAPSHOT/ratis-server-0.4.0-2337318-SNAPSHOT.jar:/home/user/.m2/repository/org/apache/ratis/ratis-thirdparty-misc/0.2.0/ratis-thirdparty-misc-0.2.0.jar:/home/user/.m2/repository/org/apache/ratis/ratis-proto/0.4.0-2337318-SNAPSHOT/ratis-proto-0.4.0-2337318-SNAPSHOT.jar:/home/user/.m2/repository/org/apache/ratis/ratis-common/0.4.0-2337318-SNAPSHOT/ratis-common-0.4.0-2337318-SNAPSHOT.jar:/home/user/.m2/repository/org/apache/ratis/ratis-client/0.4.0-2337318-SNAPSHOT/ratis-client-0.4.0-2337318-SNAPSHOT.jar:/home/user/.m2/repository/org/apache/ratis/ratis-metrics/0.4.0-2337318-SNAPSHOT/ratis-metrics-0.4.0-2337318-SNAPSHOT.jar:/home/user/.m2/repository/org/apache/ratis/ratis-netty/0.4.0-2337318-SNAPSHOT/ratis-netty-0.4.0-2337318-SNAPSHOT.jar:/home/user/.m2/repository/org/apache/ratis/ratis-grpc/0.4.0-2337318-SNAPSHOT/ratis-grpc-0.4.0-2337318-SNAPSHOT.jar:/home/user/.m2/repository/org/rocksdb/rocksdbjni/6.0.1/rocksdbjni-6.0.1.jar:/home/user/.m2/repository/org/apache/logging/log4j/log4j-api/2.11.0/log4j-api-2.11.0.jar:/home/user/.m2/repository/org/apache/logging/log4j/log4j-core/2.11.0/log4j-core-2.11.0.jar:/home/user/.m2/repository/com/lmax/disruptor/3.4.2/disruptor-3.4.2.jar:/home/user/.m2/repository/org/apache/commons/commons-pool2/2.6.0/commons-pool2-2.6.0.jar:/home/user/.m2/repository/org/bouncycastle/bcpkix-jdk15on/1.60/bcpkix-jdk15on-1.60.jar:/home/user/.m2/repository/commons-validator/commons-validator/1.6/commons-validator-1.6.jar:/home/user/.m2/repository/commons-digester/commons-digester/1.8.1/commons-digester-1.8.1.jar:/home/user/.m2/repository/io/jaegertracing/jaeger-client/0.33.1/jaeger-client-0.33.1.jar:/home/user/.m2/repository/io/jaegertracing/jaeger-thrift/0.33.1/jaeger-thrift-0.33.1.jar:/home/user/.m2/repository/org/apache/thrift/libthrift/0.11.0/libthrift-0.11.0.jar:/home/user/.m2/repository/com/squareup/okhttp3/okhttp/3.9.0/okhttp-3.9.0.jar:/home/user/.m2/repository/com/squareup/okio/okio/1.13.0/okio-1.13.0.jar:/home/user/.m2/repository/io/jaegertracing/jaeger-core/0.33.1/jaeger-core-0.33.1.jar:/home/user/.m2/repository/io/jaegertracing/jaeger-tracerresolver/0.33.1/jaeger-tracerresolver-0.33.1.jar:/home/user/.m2/repository/io/opentracing/contrib/opentracing-tracerresolver/0.1.5/opentracing-tracerresolver-0.1.5.jar:/home/user/.m2/repository/io/opentracing/opentracing-util/0.31.0/opentracing-util-0.31.0.jar:/home/user/.m2/repository/io/opentracing/opentracing-api/0.31.0/opentracing-api-0.31.0.jar:/home/user/.m2/repository/io/opentracing/opentracing-noop/0.31.0/opentracing-noop-0.31.0.jar:/home/user/.m2/repository/org/apache/hadoop/hadoop-hdds-server-framework/0.5.0-SNAPSHOT/hadoop-hdds-server-framework-0.5.0-SNAPSHOT.jar:/home/user/.m2/repository/org/apache/hadoop/hadoop-hdds-container-service/0.5.0-SNAPSHOT/hadoop-hdds-container-service-0.5.0-SNAPSHOT.jar:/home/user/.m2/repository/org/apache/hadoop/hadoop-hdds-client/0.5.0-SNAPSHOT/hadoop-hdds-client-0.5.0-SNAPSHOT.jar:/home/user/.m2/repository/org/apache/hadoop/hadoop-hdds-tools/0.5.0-SNAPSHOT/hadoop-hdds-tools-0.5.0-SNAPSHOT.jar:/home/user/.m2/repository/org/apache/hadoop/hadoop-hdds-server-scm/0.5.0-SNAPSHOT/hadoop-hdds-server-scm-0.5.0-SNAPSHOT.jar:/home/user/.m2/repository/org/apache/hadoop/hadoop-hdds-docs/0.5.0-SNAPSHOT/hadoop-hdds-docs-0.5.0-SNAPSHOT.jar:/home/user/.m2/repository/io/dropwizard/metrics/metrics-core/3.2.4/metrics-core-3.2.4.jar:/home/user/.m2/repository/org/hamcrest/hamcrest-all/1.3/hamcrest-all-1.3.jar:/home/user/.m2/repository/org/bouncycastle/bcprov-jdk15on/1.60/bcprov-jdk15on-1.60.jar:/home/user/.m2/repository/info/picocli/picocli/3.9.6/picocli-3.9.6.jar:/home/user/.m2/repository/com/google/protobuf/protobuf-java/2.5.0/protobuf-java-2.5.0.jar:/home/user/.m2/repository/com/google/guava/guava/11.0.2/guava-11.0.2.jar:/home/user/.m2/repository/org/apache/hadoop/hadoop-ozone-ozone-manager/0.5.0-SNAPSHOT/hadoop-ozone-ozone-manager-0.5.0-SNAPSHOT.jar:/home/user/.m2/repository/org/apache/hadoop/hadoop-minikdc/3.2.0/hadoop-minikdc-3.2.0.jar:/home/user/.m2/repository/commons-io/commons-io/2.5/commons-io-2.5.jar:/home/user/.m2/repository/org/apache/kerby/kerb-simplekdc/1.0.1/kerb-simplekdc-1.0.1.jar:/home/user/.m2/repository/org/apache/kerby/kerb-client/1.0.1/kerb-client-1.0.1.jar:/home/user/.m2/repository/org/apache/kerby/kerby-config/1.0.1/kerby-config-1.0.1.jar:/home/user/.m2/repository/org/apache/kerby/kerb-core/1.0.1/kerb-core-1.0.1.jar:/home/user/.m2/repository/org/apache/kerby/kerby-pkix/1.0.1/kerby-pkix-1.0.1.jar:/home/user/.m2/repository/org/apache/kerby/kerby-asn1/1.0.1/kerby-asn1-1.0.1.jar:/home/user/.m2/repository/org/apache/kerby/kerby-util/1.0.1/kerby-util-1.0.1.jar:/home/user/.m2/repository/org/apache/kerby/kerb-common/1.0.1/kerb-common-1.0.1.jar:/home/user/.m2/repository/org/apache/kerby/kerb-crypto/1.0.1/kerb-crypto-1.0.1.jar:/home/user/.m2/repository/org/apache/kerby/kerb-util/1.0.1/kerb-util-1.0.1.jar:/home/user/.m2/repository/org/apache/kerby/token-provider/1.0.1/token-provider-1.0.1.jar:/home/user/.m2/repository/org/apache/kerby/kerb-admin/1.0.1/kerb-admin-1.0.1.jar:/home/user/.m2/repository/org/apache/kerby/kerb-server/1.0.1/kerb-server-1.0.1.jar:/home/user/.m2/repository/org/apache/kerby/kerb-identity/1.0.1/kerb-identity-1.0.1.jar:/home/user/.m2/repository/org/apache/kerby/kerby-xdr/1.0.1/kerby-xdr-1.0.1.jar:/home/user/.m2/repository/org/slf4j/slf4j-log4j12/1.7.25/slf4j-log4j12-1.7.25.jar:/home/user/.m2/repository/org/apache/hadoop/hadoop-ozone-s3gateway/0.5.0-SNAPSHOT/hadoop-ozone-s3gateway-0.5.0-SNAPSHOT.jar:/home/user/.m2/repository/org/jboss/weld/servlet/weld-servlet/2.4.7.Final/weld-servlet-2.4.7.Final.jar:/home/user/.m2/repository/org/glassfish/jersey/containers/jersey-container-servlet-core/2.27/jersey-container-servlet-core-2.27.jar:/home/user/.m2/repository/org/glassfish/hk2/external/javax.inject/2.5.0-b42/javax.inject-2.5.0-b42.jar:/home/user/.m2/repository/org/glassfish/jersey/core/jersey-common/2.27/jersey-common-2.27.jar:/home/user/.m2/repository/org/glassfish/hk2/osgi-resource-locator/1.0.1/osgi-resource-locator-1.0.1.jar:/home/user/.m2/repository/javax/ws/rs/javax.ws.rs-api/2.1/javax.ws.rs-api-2.1.jar:/home/user/.m2/repository/org/glassfish/jersey/ext/cdi/jersey-cdi1x/2.27/jersey-cdi1x-2.27.jar:/home/user/.m2/repository/org/glassfish/jersey/inject/jersey-hk2/2.27/jersey-hk2-2.27.jar:/home/user/.m2/repository/org/glassfish/hk2/hk2-locator/2.5.0-b42/hk2-locator-2.5.0-b42.jar:/home/user/.m2/repository/org/javassist/javassist/3.22.0-CR2/javassist-3.22.0-CR2.jar:/home/user/.m2/repository/org/glassfish/hk2/hk2-api/2.5.0/hk2-api-2.5.0.jar:/home/user/.m2/repository/org/glassfish/hk2/external/jakarta.inject/2.5.0/jakarta.inject-2.5.0.jar:/home/user/.m2/repository/org/glassfish/hk2/hk2-utils/2.5.0/hk2-utils-2.5.0.jar:/home/user/.m2/repository/jakarta/annotation/jakarta.annotation-api/1.3.4/jakarta.annotation-api-1.3.4.jar:/home/user/.m2/repository/org/glassfish/hk2/external/aopalliance-repackaged/2.5.0/aopalliance-repackaged-2.5.0.jar:/home/user/.m2/repository/com/fasterxml/jackson/dataformat/jackson-dataformat-xml/2.9.0/jackson-dataformat-xml-2.9.0.jar:/home/user/.m2/repository/com/fasterxml/jackson/core/jackson-core/2.9.5/jackson-core-2.9.5.jar:/home/user/.m2/repository/com/fasterxml/jackson/module/jackson-module-jaxb-annotations/2.9.5/jackson-module-jaxb-annotations-2.9.5.jar:/home/user/.m2/repository/javax/enterprise/cdi-api/1.2/cdi-api-1.2.jar:/home/user/.m2/repository/javax/el/javax.el-api/3.0.0/javax.el-api-3.0.0.jar:/home/user/.m2/repository/javax/interceptor/javax.interceptor-api/1.2/javax.interceptor-api-1.2.jar:/home/user/.m2/repository/javax/inject/javax.inject/1/javax.inject-1.jar:/home/user/.m2/repository/com/sun/xml/bind/jaxb-impl/2.3.0.1/jaxb-impl-2.3.0.1.jar:/home/user/.m2/repository/com/sun/xml/bind/jaxb-core/2.3.0.1/jaxb-core-2.3.0.1.jar:/home/user/.m2/repository/javax/xml/bind/jaxb-api/2.3.0/jaxb-api-2.3.0.jar:/home/user/.m2/repository/javax/activation/activation/1.1.1/activation-1.1.1.jar:/home/user/.m2/repository/org/apache/hadoop/hadoop-ozone-csi/0.5.0-SNAPSHOT/hadoop-ozone-csi-0.5.0-SNAPSHOT.jar:/home/user/.m2/repository/com/google/protobuf/protobuf-java-util/3.5.1/protobuf-java-util-3.5.1.jar:/home/user/.m2/repository/org/apache/hadoop/hadoop-hdds-config/0.5.0-SNAPSHOT/hadoop-hdds-config-0.5.0-SNAPSHOT.jar:/home/user/.m2/repository/io/grpc/grpc-netty/1.17.1/grpc-netty-1.17.1.jar:/home/user/.m2/repository/io/grpc/grpc-core/1.17.1/grpc-core-1.17.1.jar:/home/user/.m2/repository/io/grpc/grpc-context/1.17.1/grpc-context-1.17.1.jar:/home/user/.m2/repository/com/google/errorprone/error_prone_annotations/2.2.0/error_prone_annotations-2.2.0.jar:/home/user/.m2/repository/org/codehaus/mojo/animal-sniffer-annotations/1.17/animal-sniffer-annotations-1.17.jar:/home/user/.m2/repository/io/opencensus/opencensus-api/0.17.0/opencensus-api-0.17.0.jar:/home/user/.m2/repository/io/opencensus/opencensus-contrib-grpc-metrics/0.17.0/opencensus-contrib-grpc-metrics-0.17.0.jar:/home/user/.m2/repository/io/netty/netty-codec-http2/4.1.30.Final/netty-codec-http2-4.1.30.Final.jar:/home/user/.m2/repository/io/netty/netty-codec-http/4.1.30.Final/netty-codec-http-4.1.30.Final.jar:/home/user/.m2/repository/io/netty/netty-codec/4.1.30.Final/netty-codec-4.1.30.Final.jar:/home/user/.m2/repository/io/netty/netty-handler/4.1.30.Final/netty-handler-4.1.30.Final.jar:/home/user/.m2/repository/io/netty/netty-handler-proxy/4.1.30.Final/netty-handler-proxy-4.1.30.Final.jar:/home/user/.m2/repository/io/netty/netty-codec-socks/4.1.30.Final/netty-codec-socks-4.1.30.Final.jar:/home/user/.m2/repository/io/netty/netty-transport-native-epoll/4.1.30.Final/netty-transport-native-epoll-4.1.30.Final.jar:/home/user/.m2/repository/io/netty/netty-common/4.1.30.Final/netty-common-4.1.30.Final.jar:/home/user/.m2/repository/io/netty/netty-buffer/4.1.30.Final/netty-buffer-4.1.30.Final.jar:/home/user/.m2/repository/io/netty/netty-transport/4.1.30.Final/netty-transport-4.1.30.Final.jar:/home/user/.m2/repository/io/netty/netty-resolver/4.1.30.Final/netty-resolver-4.1.30.Final.jar:/home/user/.m2/repository/io/netty/netty-transport-native-unix-common/4.1.30.Final/netty-transport-native-unix-common-4.1.30.Final.jar:/home/user/.m2/repository/io/grpc/grpc-protobuf/1.17.1/grpc-protobuf-1.17.1.jar:/home/user/.m2/repository/com/google/api/grpc/proto-google-common-protos/1.0.0/proto-google-common-protos-1.0.0.jar:/home/user/.m2/repository/io/grpc/grpc-protobuf-lite/1.17.1/grpc-protobuf-lite-1.17.1.jar:/home/user/.m2/repository/io/grpc/grpc-stub/1.17.1/grpc-stub-1.17.1.jar:/home/user/.m2/repository/org/apache/hadoop/hadoop-ozone-recon/0.5.0-SNAPSHOT/hadoop-ozone-recon-0.5.0-SNAPSHOT.jar:/home/user/.m2/repository/org/apache/hadoop/hadoop-ozone-reconcodegen/0.5.0-SNAPSHOT/hadoop-ozone-reconcodegen-0.5.0-SNAPSHOT.jar:/home/user/.m2/repository/com/google/inject/extensions/guice-multibindings/4.0/guice-multibindings-4.0.jar:/home/user/.m2/repository/com/google/inject/guice/4.0/guice-4.0.jar:/home/user/.m2/repository/aopalliance/aopalliance/1.0/aopalliance-1.0.jar:/home/user/.m2/repository/com/google/inject/extensions/guice-servlet/4.0/guice-servlet-4.0.jar:/home/user/.m2/repository/org/glassfish/jersey/containers/jersey-container-servlet/2.27/jersey-container-servlet-2.27.jar:/home/user/.m2/repository/org/glassfish/hk2/guice-bridge/2.5.0/guice-bridge-2.5.0.jar:/home/user/.m2/repository/org/glassfish/jersey/core/jersey-server/2.27/jersey-server-2.27.jar:/home/user/.m2/repository/org/glassfish/jersey/core/jersey-client/2.27/jersey-client-2.27.jar:/home/user/.m2/repository/org/glassfish/jersey/media/jersey-media-jaxb/2.27/jersey-media-jaxb-2.27.jar:/home/user/.m2/repository/javax/validation/validation-api/1.1.0.Final/validation-api-1.1.0.Final.jar:/home/user/.m2/repository/org/glassfish/jersey/media/jersey-media-json-jackson/2.27/jersey-media-json-jackson-2.27.jar:/home/user/.m2/repository/org/glassfish/jersey/ext/jersey-entity-filtering/2.27/jersey-entity-filtering-2.27.jar:/home/user/.m2/repository/com/google/inject/extensions/guice-assistedinject/4.0/guice-assistedinject-4.0.jar:/home/user/.m2/repository/org/jooq/jooq/3.11.10/jooq-3.11.10.jar:/home/user/.m2/repository/org/jooq/jooq-meta/3.11.10/jooq-meta-3.11.10.jar:/home/user/.m2/repository/org/jooq/jooq-codegen/3.11.10/jooq-codegen-3.11.10.jar:/home/user/.m2/repository/com/jolbox/bonecp/0.8.0.RELEASE/bonecp-0.8.0.RELEASE.jar:/home/user/.m2/repository/org/xerial/sqlite-jdbc/3.25.2/sqlite-jdbc-3.25.2.jar:/home/user/.m2/repository/org/springframework/spring-jdbc/5.1.3.RELEASE/spring-jdbc-5.1.3.RELEASE.jar:/home/user/.m2/repository/org/springframework/spring-beans/5.1.3.RELEASE/spring-beans-5.1.3.RELEASE.jar:/home/user/.m2/repository/org/springframework/spring-core/5.1.3.RELEASE/spring-core-5.1.3.RELEASE.jar:/home/user/.m2/repository/org/springframework/spring-jcl/5.1.3.RELEASE/spring-jcl-5.1.3.RELEASE.jar:/home/user/.m2/repository/org/springframework/spring-tx/5.1.3.RELEASE/spring-tx-5.1.3.RELEASE.jar:/home/user/.m2/repository/org/apache/hadoop/hadoop-ozone-client/0.5.0-SNAPSHOT/hadoop-ozone-client-0.5.0-SNAPSHOT.jar:/home/user/.m2/repository/commons-lang/commons-lang/2.6/commons-lang-2.6.jar:/home/user/.m2/repository/org/apache/hadoop/hadoop-ozone-ozone-manager/0.5.0-SNAPSHOT/hadoop-ozone-ozone-manager-0.5.0-SNAPSHOT-tests.jar:/home/user/.m2/repository/junit/junit/4.11/junit-4.11.jar:/home/user/.m2/repository/org/hamcrest/hamcrest-core/1.3/hamcrest-core-1.3.jar:/home/user/.m2/repository/org/openjdk/jmh/jmh-core/1.19/jmh-core-1.19.jar:/home/user/.m2/repository/net/sf/jopt-simple/jopt-simple/4.6/jopt-simple-4.6.jar:/home/user/.m2/repository/org/apache/commons/commons-math3/3.1.1/commons-math3-3.1.1.jar:/home/user/.m2/repository/org/openjdk/jmh/jmh-generator-annprocess/1.19/jmh-generator-annprocess-1.19.jar:/home/user/.m2/repository/org/mockito/mockito-all/1.8.5/mockito-all-1.8.5.jar:/home/user/.m2/repository/org/apache/hadoop/hadoop-kms/3.2.0/hadoop-kms-3.2.0.jar:/home/user/.m2/repository/org/apache/hadoop/hadoop-auth/3.2.0/hadoop-auth-3.2.0.jar:/home/user/.m2/repository/com/nimbusds/nimbus-jose-jwt/4.41.1/nimbus-jose-jwt-4.41.1.jar:/home/user/.m2/repository/com/github/stephenc/jcip/jcip-annotations/1.0-1/jcip-annotations-1.0-1.jar:/home/user/.m2/repository/net/minidev/json-smart/2.3/json-smart-2.3.jar:/home/user/.m2/repository/net/minidev/accessors-smart/1.2/accessors-smart-1.2.jar:/home/user/.m2/repository/org/ow2/asm/asm/5.0.4/asm-5.0.4.jar:/home/user/.m2/repository/org/apache/curator/curator-framework/2.12.0/curator-framework-2.12.0.jar:/home/user/.m2/repository/com/sun/jersey/jersey-core/1.19/jersey-core-1.19.jar:/home/user/.m2/repository/javax/ws/rs/jsr311-api/1.1.1/jsr311-api-1.1.1.jar:/home/user/.m2/repository/com/sun/jersey/jersey-server/1.19/jersey-server-1.19.jar:/home/user/.m2/repository/javax/servlet/javax.servlet-api/3.1.0/javax.servlet-api-3.1.0.jar:/home/user/.m2/repository/org/eclipse/jetty/jetty-server/9.3.24.v20180605/jetty-server-9.3.24.v20180605.jar:/home/user/.m2/repository/org/eclipse/jetty/jetty-http/9.3.24.v20180605/jetty-http-9.3.24.v20180605.jar:/home/user/.m2/repository/org/eclipse/jetty/jetty-io/9.3.24.v20180605/jetty-io-9.3.24.v20180605.jar:/home/user/.m2/repository/org/eclipse/jetty/jetty-webapp/9.3.24.v20180605/jetty-webapp-9.3.24.v20180605.jar:/home/user/.m2/repository/org/eclipse/jetty/jetty-xml/9.3.24.v20180605/jetty-xml-9.3.24.v20180605.jar:/home/user/.m2/repository/log4j/log4j/1.2.17/log4j-1.2.17.jar:/home/user/.m2/repository/org/slf4j/slf4j-api/1.7.25/slf4j-api-1.7.25.jar:/home/user/.m2/repository/org/slf4j/jul-to-slf4j/1.7.25/jul-to-slf4j-1.7.25.jar:/home/user/.m2/repository/org/eclipse/jetty/jetty-util/9.3.24.v20180605/jetty-util-9.3.24.v20180605.jar:/home/user/.m2/repository/com/fasterxml/jackson/core/jackson-databind/2.9.5/jackson-databind-2.9.5.jar:/home/user/.m2/repository/org/apache/hadoop/hadoop-kms/3.2.0/hadoop-kms-3.2.0-tests.jar:/home/user/.m2/repository/org/apache/hadoop/hadoop-hdds-server-scm/0.5.0-SNAPSHOT/hadoop-hdds-server-scm-0.5.0-SNAPSHOT-tests.jar:/home/user/.m2/repository/org/apache/hadoop/hadoop-hdds-container-service/0.5.0-SNAPSHOT/hadoop-hdds-container-service-0.5.0-SNAPSHOT-tests.jar:/home/user/.m2/repository/org/yaml/snakeyaml/1.16/snakeyaml-1.16.jar:/home/user/.m2/repository/org/apache/hadoop/hadoop-common/3.2.0/hadoop-common-3.2.0-tests.jar:/home/user/.m2/repository/org/apache/hadoop/hadoop-annotations/3.2.0/hadoop-annotations-3.2.0.jar:/usr/lib/jvm/java-1.8-openjdk/jre/../lib/tools.jar:/home/user/.m2/repository/commons-cli/commons-cli/1.2/commons-cli-1.2.jar:/home/user/.m2/repository/org/apache/httpcomponents/httpclient/4.5.2/httpclient-4.5.2.jar:/home/user/.m2/repository/org/apache/httpcomponents/httpcore/4.4.4/httpcore-4.4.4.jar:/home/user/.m2/repository/commons-codec/commons-codec/1.11/commons-codec-1.11.jar:/home/user/.m2/repository/commons-net/commons-net/3.6/commons-net-3.6.jar:/home/user/.m2/repository/commons-collections/commons-collections/3.2.2/commons-collections-3.2.2.jar:/home/user/.m2/repository/org/eclipse/jetty/jetty-servlet/9.3.24.v20180605/jetty-servlet-9.3.24.v20180605.jar:/home/user/.m2/repository/org/eclipse/jetty/jetty-security/9.3.24.v20180605/jetty-security-9.3.24.v20180605.jar:/home/user/.m2/repository/javax/servlet/jsp/jsp-api/2.1/jsp-api-2.1.jar:/home/user/.m2/repository/com/sun/jersey/jersey-servlet/1.19/jersey-servlet-1.19.jar:/home/user/.m2/repository/com/sun/jersey/jersey-json/1.19/jersey-json-1.19.jar:/home/user/.m2/repository/org/codehaus/jettison/jettison/1.1/jettison-1.1.jar:/home/user/.m2/repository/org/codehaus/jackson/jackson-core-asl/1.9.13/jackson-core-asl-1.9.13.jar:/home/user/.m2/repository/org/codehaus/jackson/jackson-mapper-asl/1.9.13/jackson-mapper-asl-1.9.13.jar:/home/user/.m2/repository/org/codehaus/jackson/jackson-jaxrs/1.9.13/jackson-jaxrs-1.9.13.jar:/home/user/.m2/repository/org/codehaus/jackson/jackson-xc/1.9.13/jackson-xc-1.9.13.jar:/home/user/.m2/repository/commons-logging/commons-logging/1.1.3/commons-logging-1.1.3.jar:/home/user/.m2/repository/commons-beanutils/commons-beanutils/1.9.3/commons-beanutils-1.9.3.jar:/home/user/.m2/repository/org/apache/commons/commons-configuration2/2.1.1/commons-configuration2-2.1.1.jar:/home/user/.m2/repository/org/apache/commons/commons-lang3/3.7/commons-lang3-3.7.jar:/home/user/.m2/repository/org/apache/commons/commons-text/1.4/commons-text-1.4.jar:/home/user/.m2/repository/org/apache/avro/avro/1.7.7/avro-1.7.7.jar:/home/user/.m2/repository/com/thoughtworks/paranamer/paranamer/2.3/paranamer-2.3.jar:/home/user/.m2/repository/org/xerial/snappy/snappy-java/1.0.5/snappy-java-1.0.5.jar:/home/user/.m2/repository/com/google/re2j/re2j/1.1/re2j-1.1.jar:/home/user/.m2/repository/com/google/code/gson/gson/2.2.4/gson-2.2.4.jar:/home/user/.m2/repository/com/jcraft/jsch/0.1.54/jsch-0.1.54.jar:/home/user/.m2/repository/org/apache/curator/curator-client/2.12.0/curator-client-2.12.0.jar:/home/user/.m2/repository/org/apache/curator/curator-recipes/2.12.0/curator-recipes-2.12.0.jar:/home/user/.m2/repository/com/google/code/findbugs/jsr305/3.0.0/jsr305-3.0.0.jar:/home/user/.m2/repository/org/apache/htrace/htrace-core4/4.1.0-incubating/htrace-core4-4.1.0-incubating.jar:/home/user/.m2/repository/org/apache/zookeeper/zookeeper/3.4.13/zookeeper-3.4.13.jar:/home/user/.m2/repository/org/apache/yetus/audience-annotations/0.5.0/audience-annotations-0.5.0.jar:/home/user/.m2/repository/org/codehaus/woodstox/stax2-api/3.1.4/stax2-api-3.1.4.jar:/home/user/.m2/repository/com/fasterxml/woodstox/woodstox-core/5.0.3/woodstox-core-5.0.3.jar:/home/user/.m2/repository/dnsjava/dnsjava/2.1.7/dnsjava-2.1.7.jar:/home/user/.m2/repository/org/apache/hadoop/hadoop-hdfs/3.2.0/hadoop-hdfs-3.2.0-tests.jar:/home/user/.m2/repository/org/eclipse/jetty/jetty-util-ajax/9.3.24.v20180605/jetty-util-ajax-9.3.24.v20180605.jar:/home/user/.m2/repository/commons-daemon/commons-daemon/1.0.13/commons-daemon-1.0.13.jar:/home/user/.m2/repository/io/netty/netty/3.10.5.Final/netty-3.10.5.Final.jar:/home/user/.m2/repository/io/netty/netty-all/4.0.52.Final/netty-all-4.0.52.Final.jar:/home/user/.m2/repository/org/fusesource/leveldbjni/leveldbjni-all/1.8/leveldbjni-all-1.8.jar:"/>
    <property name="java.vm.vendor" value="IcedTea"/>
    <property name="sun.arch.data.model" value="64"/>
    <property name="test.build.dir" value="/workdir/hadoop-ozone/integration-test/target/test-dir"/>
    <property name="test.cache.data" value=""/>
    <property name="java.vendor.url" value="https://icedtea.classpath.org"/>
    <property name="user.timezone" value=""/>
    <property name="java.vm.specification.version" value="1.8"/>
    <property name="os.name" value="Linux"/>
    <property name="test.build.data" value="/workdir/hadoop-ozone/integration-test/target/test-dir"/>
    <property name="user.country" value="US"/>
    <property name="sun.java.launcher" value="SUN_STANDARD"/>
    <property name="sun.boot.library.path" value="/usr/lib/jvm/java-1.8-openjdk/jre/lib/amd64"/>
    <property name="sun.java.command" value="/workdir/hadoop-ozone/integration-test/target/surefire/surefirebooter5198783566379088846.jar /workdir/hadoop-ozone/integration-test/target/surefire 2019-08-27T08-10-50_801-jvmRun1 surefire6227075619299301065tmp surefire_167320691614315648389tmp"/>
    <property name="test" value="!TestMiniChaosOzoneCluster"/>
    <property name="surefire.test.class.path" value="/workdir/hadoop-ozone/integration-test/target/test-classes:/workdir/hadoop-ozone/integration-test/target/classes:/home/user/.m2/repository/org/apache/hadoop/hadoop-ozone-common/0.5.0-SNAPSHOT/hadoop-ozone-common-0.5.0-SNAPSHOT.jar:/home/user/.m2/repository/org/apache/commons/commons-compress/1.4.1/commons-compress-1.4.1.jar:/home/user/.m2/repository/org/tukaani/xz/1.0/xz-1.0.jar:/home/user/.m2/repository/org/apache/hadoop/hadoop-common/3.2.0/hadoop-common-3.2.0.jar:/home/user/.m2/repository/org/apache/hadoop/hadoop-hdfs/3.2.0/hadoop-hdfs-3.2.0.jar:/home/user/.m2/repository/org/apache/hadoop/hadoop-hdfs-client/3.2.0/hadoop-hdfs-client-3.2.0.jar:/home/user/.m2/repository/com/fasterxml/jackson/core/jackson-annotations/2.9.5/jackson-annotations-2.9.5.jar:/home/user/.m2/repository/org/apache/hadoop/hadoop-hdds-common/0.5.0-SNAPSHOT/hadoop-hdds-common-0.5.0-SNAPSHOT.jar:/home/user/.m2/repository/javax/annotation/javax.annotation-api/1.2/javax.annotation-api-1.2.jar:/home/user/.m2/repository/org/apache/ratis/ratis-server/0.4.0-2337318-SNAPSHOT/ratis-server-0.4.0-2337318-SNAPSHOT.jar:/home/user/.m2/repository/org/apache/ratis/ratis-thirdparty-misc/0.2.0/ratis-thirdparty-misc-0.2.0.jar:/home/user/.m2/repository/org/apache/ratis/ratis-proto/0.4.0-2337318-SNAPSHOT/ratis-proto-0.4.0-2337318-SNAPSHOT.jar:/home/user/.m2/repository/org/apache/ratis/ratis-common/0.4.0-2337318-SNAPSHOT/ratis-common-0.4.0-2337318-SNAPSHOT.jar:/home/user/.m2/repository/org/apache/ratis/ratis-client/0.4.0-2337318-SNAPSHOT/ratis-client-0.4.0-2337318-SNAPSHOT.jar:/home/user/.m2/repository/org/apache/ratis/ratis-metrics/0.4.0-2337318-SNAPSHOT/ratis-metrics-0.4.0-2337318-SNAPSHOT.jar:/home/user/.m2/repository/org/apache/ratis/ratis-netty/0.4.0-2337318-SNAPSHOT/ratis-netty-0.4.0-2337318-SNAPSHOT.jar:/home/user/.m2/repository/org/apache/ratis/ratis-grpc/0.4.0-2337318-SNAPSHOT/ratis-grpc-0.4.0-2337318-SNAPSHOT.jar:/home/user/.m2/repository/org/rocksdb/rocksdbjni/6.0.1/rocksdbjni-6.0.1.jar:/home/user/.m2/repository/org/apache/logging/log4j/log4j-api/2.11.0/log4j-api-2.11.0.jar:/home/user/.m2/repository/org/apache/logging/log4j/log4j-core/2.11.0/log4j-core-2.11.0.jar:/home/user/.m2/repository/com/lmax/disruptor/3.4.2/disruptor-3.4.2.jar:/home/user/.m2/repository/org/apache/commons/commons-pool2/2.6.0/commons-pool2-2.6.0.jar:/home/user/.m2/repository/org/bouncycastle/bcpkix-jdk15on/1.60/bcpkix-jdk15on-1.60.jar:/home/user/.m2/repository/commons-validator/commons-validator/1.6/commons-validator-1.6.jar:/home/user/.m2/repository/commons-digester/commons-digester/1.8.1/commons-digester-1.8.1.jar:/home/user/.m2/repository/io/jaegertracing/jaeger-client/0.33.1/jaeger-client-0.33.1.jar:/home/user/.m2/repository/io/jaegertracing/jaeger-thrift/0.33.1/jaeger-thrift-0.33.1.jar:/home/user/.m2/repository/org/apache/thrift/libthrift/0.11.0/libthrift-0.11.0.jar:/home/user/.m2/repository/com/squareup/okhttp3/okhttp/3.9.0/okhttp-3.9.0.jar:/home/user/.m2/repository/com/squareup/okio/okio/1.13.0/okio-1.13.0.jar:/home/user/.m2/repository/io/jaegertracing/jaeger-core/0.33.1/jaeger-core-0.33.1.jar:/home/user/.m2/repository/io/jaegertracing/jaeger-tracerresolver/0.33.1/jaeger-tracerresolver-0.33.1.jar:/home/user/.m2/repository/io/opentracing/contrib/opentracing-tracerresolver/0.1.5/opentracing-tracerresolver-0.1.5.jar:/home/user/.m2/repository/io/opentracing/opentracing-util/0.31.0/opentracing-util-0.31.0.jar:/home/user/.m2/repository/io/opentracing/opentracing-api/0.31.0/opentracing-api-0.31.0.jar:/home/user/.m2/repository/io/opentracing/opentracing-noop/0.31.0/opentracing-noop-0.31.0.jar:/home/user/.m2/repository/org/apache/hadoop/hadoop-hdds-server-framework/0.5.0-SNAPSHOT/hadoop-hdds-server-framework-0.5.0-SNAPSHOT.jar:/home/user/.m2/repository/org/apache/hadoop/hadoop-hdds-container-service/0.5.0-SNAPSHOT/hadoop-hdds-container-service-0.5.0-SNAPSHOT.jar:/home/user/.m2/repository/org/apache/hadoop/hadoop-hdds-client/0.5.0-SNAPSHOT/hadoop-hdds-client-0.5.0-SNAPSHOT.jar:/home/user/.m2/repository/org/apache/hadoop/hadoop-hdds-tools/0.5.0-SNAPSHOT/hadoop-hdds-tools-0.5.0-SNAPSHOT.jar:/home/user/.m2/repository/org/apache/hadoop/hadoop-hdds-server-scm/0.5.0-SNAPSHOT/hadoop-hdds-server-scm-0.5.0-SNAPSHOT.jar:/home/user/.m2/repository/org/apache/hadoop/hadoop-hdds-docs/0.5.0-SNAPSHOT/hadoop-hdds-docs-0.5.0-SNAPSHOT.jar:/home/user/.m2/repository/io/dropwizard/metrics/metrics-core/3.2.4/metrics-core-3.2.4.jar:/home/user/.m2/repository/org/hamcrest/hamcrest-all/1.3/hamcrest-all-1.3.jar:/home/user/.m2/repository/org/bouncycastle/bcprov-jdk15on/1.60/bcprov-jdk15on-1.60.jar:/home/user/.m2/repository/info/picocli/picocli/3.9.6/picocli-3.9.6.jar:/home/user/.m2/repository/com/google/protobuf/protobuf-java/2.5.0/protobuf-java-2.5.0.jar:/home/user/.m2/repository/com/google/guava/guava/11.0.2/guava-11.0.2.jar:/home/user/.m2/repository/org/apache/hadoop/hadoop-ozone-ozone-manager/0.5.0-SNAPSHOT/hadoop-ozone-ozone-manager-0.5.0-SNAPSHOT.jar:/home/user/.m2/repository/org/apache/hadoop/hadoop-minikdc/3.2.0/hadoop-minikdc-3.2.0.jar:/home/user/.m2/repository/commons-io/commons-io/2.5/commons-io-2.5.jar:/home/user/.m2/repository/org/apache/kerby/kerb-simplekdc/1.0.1/kerb-simplekdc-1.0.1.jar:/home/user/.m2/repository/org/apache/kerby/kerb-client/1.0.1/kerb-client-1.0.1.jar:/home/user/.m2/repository/org/apache/kerby/kerby-config/1.0.1/kerby-config-1.0.1.jar:/home/user/.m2/repository/org/apache/kerby/kerb-core/1.0.1/kerb-core-1.0.1.jar:/home/user/.m2/repository/org/apache/kerby/kerby-pkix/1.0.1/kerby-pkix-1.0.1.jar:/home/user/.m2/repository/org/apache/kerby/kerby-asn1/1.0.1/kerby-asn1-1.0.1.jar:/home/user/.m2/repository/org/apache/kerby/kerby-util/1.0.1/kerby-util-1.0.1.jar:/home/user/.m2/repository/org/apache/kerby/kerb-common/1.0.1/kerb-common-1.0.1.jar:/home/user/.m2/repository/org/apache/kerby/kerb-crypto/1.0.1/kerb-crypto-1.0.1.jar:/home/user/.m2/repository/org/apache/kerby/kerb-util/1.0.1/kerb-util-1.0.1.jar:/home/user/.m2/repository/org/apache/kerby/token-provider/1.0.1/token-provider-1.0.1.jar:/home/user/.m2/repository/org/apache/kerby/kerb-admin/1.0.1/kerb-admin-1.0.1.jar:/home/user/.m2/repository/org/apache/kerby/kerb-server/1.0.1/kerb-server-1.0.1.jar:/home/user/.m2/repository/org/apache/kerby/kerb-identity/1.0.1/kerb-identity-1.0.1.jar:/home/user/.m2/repository/org/apache/kerby/kerby-xdr/1.0.1/kerby-xdr-1.0.1.jar:/home/user/.m2/repository/org/slf4j/slf4j-log4j12/1.7.25/slf4j-log4j12-1.7.25.jar:/home/user/.m2/repository/org/apache/hadoop/hadoop-ozone-s3gateway/0.5.0-SNAPSHOT/hadoop-ozone-s3gateway-0.5.0-SNAPSHOT.jar:/home/user/.m2/repository/org/jboss/weld/servlet/weld-servlet/2.4.7.Final/weld-servlet-2.4.7.Final.jar:/home/user/.m2/repository/org/glassfish/jersey/containers/jersey-container-servlet-core/2.27/jersey-container-servlet-core-2.27.jar:/home/user/.m2/repository/org/glassfish/hk2/external/javax.inject/2.5.0-b42/javax.inject-2.5.0-b42.jar:/home/user/.m2/repository/org/glassfish/jersey/core/jersey-common/2.27/jersey-common-2.27.jar:/home/user/.m2/repository/org/glassfish/hk2/osgi-resource-locator/1.0.1/osgi-resource-locator-1.0.1.jar:/home/user/.m2/repository/javax/ws/rs/javax.ws.rs-api/2.1/javax.ws.rs-api-2.1.jar:/home/user/.m2/repository/org/glassfish/jersey/ext/cdi/jersey-cdi1x/2.27/jersey-cdi1x-2.27.jar:/home/user/.m2/repository/org/glassfish/jersey/inject/jersey-hk2/2.27/jersey-hk2-2.27.jar:/home/user/.m2/repository/org/glassfish/hk2/hk2-locator/2.5.0-b42/hk2-locator-2.5.0-b42.jar:/home/user/.m2/repository/org/javassist/javassist/3.22.0-CR2/javassist-3.22.0-CR2.jar:/home/user/.m2/repository/org/glassfish/hk2/hk2-api/2.5.0/hk2-api-2.5.0.jar:/home/user/.m2/repository/org/glassfish/hk2/external/jakarta.inject/2.5.0/jakarta.inject-2.5.0.jar:/home/user/.m2/repository/org/glassfish/hk2/hk2-utils/2.5.0/hk2-utils-2.5.0.jar:/home/user/.m2/repository/jakarta/annotation/jakarta.annotation-api/1.3.4/jakarta.annotation-api-1.3.4.jar:/home/user/.m2/repository/org/glassfish/hk2/external/aopalliance-repackaged/2.5.0/aopalliance-repackaged-2.5.0.jar:/home/user/.m2/repository/com/fasterxml/jackson/dataformat/jackson-dataformat-xml/2.9.0/jackson-dataformat-xml-2.9.0.jar:/home/user/.m2/repository/com/fasterxml/jackson/core/jackson-core/2.9.5/jackson-core-2.9.5.jar:/home/user/.m2/repository/com/fasterxml/jackson/module/jackson-module-jaxb-annotations/2.9.5/jackson-module-jaxb-annotations-2.9.5.jar:/home/user/.m2/repository/javax/enterprise/cdi-api/1.2/cdi-api-1.2.jar:/home/user/.m2/repository/javax/el/javax.el-api/3.0.0/javax.el-api-3.0.0.jar:/home/user/.m2/repository/javax/interceptor/javax.interceptor-api/1.2/javax.interceptor-api-1.2.jar:/home/user/.m2/repository/javax/inject/javax.inject/1/javax.inject-1.jar:/home/user/.m2/repository/com/sun/xml/bind/jaxb-impl/2.3.0.1/jaxb-impl-2.3.0.1.jar:/home/user/.m2/repository/com/sun/xml/bind/jaxb-core/2.3.0.1/jaxb-core-2.3.0.1.jar:/home/user/.m2/repository/javax/xml/bind/jaxb-api/2.3.0/jaxb-api-2.3.0.jar:/home/user/.m2/repository/javax/activation/activation/1.1.1/activation-1.1.1.jar:/home/user/.m2/repository/org/apache/hadoop/hadoop-ozone-csi/0.5.0-SNAPSHOT/hadoop-ozone-csi-0.5.0-SNAPSHOT.jar:/home/user/.m2/repository/com/google/protobuf/protobuf-java-util/3.5.1/protobuf-java-util-3.5.1.jar:/home/user/.m2/repository/org/apache/hadoop/hadoop-hdds-config/0.5.0-SNAPSHOT/hadoop-hdds-config-0.5.0-SNAPSHOT.jar:/home/user/.m2/repository/io/grpc/grpc-netty/1.17.1/grpc-netty-1.17.1.jar:/home/user/.m2/repository/io/grpc/grpc-core/1.17.1/grpc-core-1.17.1.jar:/home/user/.m2/repository/io/grpc/grpc-context/1.17.1/grpc-context-1.17.1.jar:/home/user/.m2/repository/com/google/errorprone/error_prone_annotations/2.2.0/error_prone_annotations-2.2.0.jar:/home/user/.m2/repository/org/codehaus/mojo/animal-sniffer-annotations/1.17/animal-sniffer-annotations-1.17.jar:/home/user/.m2/repository/io/opencensus/opencensus-api/0.17.0/opencensus-api-0.17.0.jar:/home/user/.m2/repository/io/opencensus/opencensus-contrib-grpc-metrics/0.17.0/opencensus-contrib-grpc-metrics-0.17.0.jar:/home/user/.m2/repository/io/netty/netty-codec-http2/4.1.30.Final/netty-codec-http2-4.1.30.Final.jar:/home/user/.m2/repository/io/netty/netty-codec-http/4.1.30.Final/netty-codec-http-4.1.30.Final.jar:/home/user/.m2/repository/io/netty/netty-codec/4.1.30.Final/netty-codec-4.1.30.Final.jar:/home/user/.m2/repository/io/netty/netty-handler/4.1.30.Final/netty-handler-4.1.30.Final.jar:/home/user/.m2/repository/io/netty/netty-handler-proxy/4.1.30.Final/netty-handler-proxy-4.1.30.Final.jar:/home/user/.m2/repository/io/netty/netty-codec-socks/4.1.30.Final/netty-codec-socks-4.1.30.Final.jar:/home/user/.m2/repository/io/netty/netty-transport-native-epoll/4.1.30.Final/netty-transport-native-epoll-4.1.30.Final.jar:/home/user/.m2/repository/io/netty/netty-common/4.1.30.Final/netty-common-4.1.30.Final.jar:/home/user/.m2/repository/io/netty/netty-buffer/4.1.30.Final/netty-buffer-4.1.30.Final.jar:/home/user/.m2/repository/io/netty/netty-transport/4.1.30.Final/netty-transport-4.1.30.Final.jar:/home/user/.m2/repository/io/netty/netty-resolver/4.1.30.Final/netty-resolver-4.1.30.Final.jar:/home/user/.m2/repository/io/netty/netty-transport-native-unix-common/4.1.30.Final/netty-transport-native-unix-common-4.1.30.Final.jar:/home/user/.m2/repository/io/grpc/grpc-protobuf/1.17.1/grpc-protobuf-1.17.1.jar:/home/user/.m2/repository/com/google/api/grpc/proto-google-common-protos/1.0.0/proto-google-common-protos-1.0.0.jar:/home/user/.m2/repository/io/grpc/grpc-protobuf-lite/1.17.1/grpc-protobuf-lite-1.17.1.jar:/home/user/.m2/repository/io/grpc/grpc-stub/1.17.1/grpc-stub-1.17.1.jar:/home/user/.m2/repository/org/apache/hadoop/hadoop-ozone-recon/0.5.0-SNAPSHOT/hadoop-ozone-recon-0.5.0-SNAPSHOT.jar:/home/user/.m2/repository/org/apache/hadoop/hadoop-ozone-reconcodegen/0.5.0-SNAPSHOT/hadoop-ozone-reconcodegen-0.5.0-SNAPSHOT.jar:/home/user/.m2/repository/com/google/inject/extensions/guice-multibindings/4.0/guice-multibindings-4.0.jar:/home/user/.m2/repository/com/google/inject/guice/4.0/guice-4.0.jar:/home/user/.m2/repository/aopalliance/aopalliance/1.0/aopalliance-1.0.jar:/home/user/.m2/repository/com/google/inject/extensions/guice-servlet/4.0/guice-servlet-4.0.jar:/home/user/.m2/repository/org/glassfish/jersey/containers/jersey-container-servlet/2.27/jersey-container-servlet-2.27.jar:/home/user/.m2/repository/org/glassfish/hk2/guice-bridge/2.5.0/guice-bridge-2.5.0.jar:/home/user/.m2/repository/org/glassfish/jersey/core/jersey-server/2.27/jersey-server-2.27.jar:/home/user/.m2/repository/org/glassfish/jersey/core/jersey-client/2.27/jersey-client-2.27.jar:/home/user/.m2/repository/org/glassfish/jersey/media/jersey-media-jaxb/2.27/jersey-media-jaxb-2.27.jar:/home/user/.m2/repository/javax/validation/validation-api/1.1.0.Final/validation-api-1.1.0.Final.jar:/home/user/.m2/repository/org/glassfish/jersey/media/jersey-media-json-jackson/2.27/jersey-media-json-jackson-2.27.jar:/home/user/.m2/repository/org/glassfish/jersey/ext/jersey-entity-filtering/2.27/jersey-entity-filtering-2.27.jar:/home/user/.m2/repository/com/google/inject/extensions/guice-assistedinject/4.0/guice-assistedinject-4.0.jar:/home/user/.m2/repository/org/jooq/jooq/3.11.10/jooq-3.11.10.jar:/home/user/.m2/repository/org/jooq/jooq-meta/3.11.10/jooq-meta-3.11.10.jar:/home/user/.m2/repository/org/jooq/jooq-codegen/3.11.10/jooq-codegen-3.11.10.jar:/home/user/.m2/repository/com/jolbox/bonecp/0.8.0.RELEASE/bonecp-0.8.0.RELEASE.jar:/home/user/.m2/repository/org/xerial/sqlite-jdbc/3.25.2/sqlite-jdbc-3.25.2.jar:/home/user/.m2/repository/org/springframework/spring-jdbc/5.1.3.RELEASE/spring-jdbc-5.1.3.RELEASE.jar:/home/user/.m2/repository/org/springframework/spring-beans/5.1.3.RELEASE/spring-beans-5.1.3.RELEASE.jar:/home/user/.m2/repository/org/springframework/spring-core/5.1.3.RELEASE/spring-core-5.1.3.RELEASE.jar:/home/user/.m2/repository/org/springframework/spring-jcl/5.1.3.RELEASE/spring-jcl-5.1.3.RELEASE.jar:/home/user/.m2/repository/org/springframework/spring-tx/5.1.3.RELEASE/spring-tx-5.1.3.RELEASE.jar:/home/user/.m2/repository/org/apache/hadoop/hadoop-ozone-client/0.5.0-SNAPSHOT/hadoop-ozone-client-0.5.0-SNAPSHOT.jar:/home/user/.m2/repository/commons-lang/commons-lang/2.6/commons-lang-2.6.jar:/home/user/.m2/repository/org/apache/hadoop/hadoop-ozone-ozone-manager/0.5.0-SNAPSHOT/hadoop-ozone-ozone-manager-0.5.0-SNAPSHOT-tests.jar:/home/user/.m2/repository/junit/junit/4.11/junit-4.11.jar:/home/user/.m2/repository/org/hamcrest/hamcrest-core/1.3/hamcrest-core-1.3.jar:/home/user/.m2/repository/org/openjdk/jmh/jmh-core/1.19/jmh-core-1.19.jar:/home/user/.m2/repository/net/sf/jopt-simple/jopt-simple/4.6/jopt-simple-4.6.jar:/home/user/.m2/repository/org/apache/commons/commons-math3/3.1.1/commons-math3-3.1.1.jar:/home/user/.m2/repository/org/openjdk/jmh/jmh-generator-annprocess/1.19/jmh-generator-annprocess-1.19.jar:/home/user/.m2/repository/org/mockito/mockito-all/1.8.5/mockito-all-1.8.5.jar:/home/user/.m2/repository/org/apache/hadoop/hadoop-kms/3.2.0/hadoop-kms-3.2.0.jar:/home/user/.m2/repository/org/apache/hadoop/hadoop-auth/3.2.0/hadoop-auth-3.2.0.jar:/home/user/.m2/repository/com/nimbusds/nimbus-jose-jwt/4.41.1/nimbus-jose-jwt-4.41.1.jar:/home/user/.m2/repository/com/github/stephenc/jcip/jcip-annotations/1.0-1/jcip-annotations-1.0-1.jar:/home/user/.m2/repository/net/minidev/json-smart/2.3/json-smart-2.3.jar:/home/user/.m2/repository/net/minidev/accessors-smart/1.2/accessors-smart-1.2.jar:/home/user/.m2/repository/org/ow2/asm/asm/5.0.4/asm-5.0.4.jar:/home/user/.m2/repository/org/apache/curator/curator-framework/2.12.0/curator-framework-2.12.0.jar:/home/user/.m2/repository/com/sun/jersey/jersey-core/1.19/jersey-core-1.19.jar:/home/user/.m2/repository/javax/ws/rs/jsr311-api/1.1.1/jsr311-api-1.1.1.jar:/home/user/.m2/repository/com/sun/jersey/jersey-server/1.19/jersey-server-1.19.jar:/home/user/.m2/repository/javax/servlet/javax.servlet-api/3.1.0/javax.servlet-api-3.1.0.jar:/home/user/.m2/repository/org/eclipse/jetty/jetty-server/9.3.24.v20180605/jetty-server-9.3.24.v20180605.jar:/home/user/.m2/repository/org/eclipse/jetty/jetty-http/9.3.24.v20180605/jetty-http-9.3.24.v20180605.jar:/home/user/.m2/repository/org/eclipse/jetty/jetty-io/9.3.24.v20180605/jetty-io-9.3.24.v20180605.jar:/home/user/.m2/repository/org/eclipse/jetty/jetty-webapp/9.3.24.v20180605/jetty-webapp-9.3.24.v20180605.jar:/home/user/.m2/repository/org/eclipse/jetty/jetty-xml/9.3.24.v20180605/jetty-xml-9.3.24.v20180605.jar:/home/user/.m2/repository/log4j/log4j/1.2.17/log4j-1.2.17.jar:/home/user/.m2/repository/org/slf4j/slf4j-api/1.7.25/slf4j-api-1.7.25.jar:/home/user/.m2/repository/org/slf4j/jul-to-slf4j/1.7.25/jul-to-slf4j-1.7.25.jar:/home/user/.m2/repository/org/eclipse/jetty/jetty-util/9.3.24.v20180605/jetty-util-9.3.24.v20180605.jar:/home/user/.m2/repository/com/fasterxml/jackson/core/jackson-databind/2.9.5/jackson-databind-2.9.5.jar:/home/user/.m2/repository/org/apache/hadoop/hadoop-kms/3.2.0/hadoop-kms-3.2.0-tests.jar:/home/user/.m2/repository/org/apache/hadoop/hadoop-hdds-server-scm/0.5.0-SNAPSHOT/hadoop-hdds-server-scm-0.5.0-SNAPSHOT-tests.jar:/home/user/.m2/repository/org/apache/hadoop/hadoop-hdds-container-service/0.5.0-SNAPSHOT/hadoop-hdds-container-service-0.5.0-SNAPSHOT-tests.jar:/home/user/.m2/repository/org/yaml/snakeyaml/1.16/snakeyaml-1.16.jar:/home/user/.m2/repository/org/apache/hadoop/hadoop-common/3.2.0/hadoop-common-3.2.0-tests.jar:/home/user/.m2/repository/org/apache/hadoop/hadoop-annotations/3.2.0/hadoop-annotations-3.2.0.jar:/usr/lib/jvm/java-1.8-openjdk/jre/../lib/tools.jar:/home/user/.m2/repository/commons-cli/commons-cli/1.2/commons-cli-1.2.jar:/home/user/.m2/repository/org/apache/httpcomponents/httpclient/4.5.2/httpclient-4.5.2.jar:/home/user/.m2/repository/org/apache/httpcomponents/httpcore/4.4.4/httpcore-4.4.4.jar:/home/user/.m2/repository/commons-codec/commons-codec/1.11/commons-codec-1.11.jar:/home/user/.m2/repository/commons-net/commons-net/3.6/commons-net-3.6.jar:/home/user/.m2/repository/commons-collections/commons-collections/3.2.2/commons-collections-3.2.2.jar:/home/user/.m2/repository/org/eclipse/jetty/jetty-servlet/9.3.24.v20180605/jetty-servlet-9.3.24.v20180605.jar:/home/user/.m2/repository/org/eclipse/jetty/jetty-security/9.3.24.v20180605/jetty-security-9.3.24.v20180605.jar:/home/user/.m2/repository/javax/servlet/jsp/jsp-api/2.1/jsp-api-2.1.jar:/home/user/.m2/repository/com/sun/jersey/jersey-servlet/1.19/jersey-servlet-1.19.jar:/home/user/.m2/repository/com/sun/jersey/jersey-json/1.19/jersey-json-1.19.jar:/home/user/.m2/repository/org/codehaus/jettison/jettison/1.1/jettison-1.1.jar:/home/user/.m2/repository/org/codehaus/jackson/jackson-core-asl/1.9.13/jackson-core-asl-1.9.13.jar:/home/user/.m2/repository/org/codehaus/jackson/jackson-mapper-asl/1.9.13/jackson-mapper-asl-1.9.13.jar:/home/user/.m2/repository/org/codehaus/jackson/jackson-jaxrs/1.9.13/jackson-jaxrs-1.9.13.jar:/home/user/.m2/repository/org/codehaus/jackson/jackson-xc/1.9.13/jackson-xc-1.9.13.jar:/home/user/.m2/repository/commons-logging/commons-logging/1.1.3/commons-logging-1.1.3.jar:/home/user/.m2/repository/commons-beanutils/commons-beanutils/1.9.3/commons-beanutils-1.9.3.jar:/home/user/.m2/repository/org/apache/commons/commons-configuration2/2.1.1/commons-configuration2-2.1.1.jar:/home/user/.m2/repository/org/apache/commons/commons-lang3/3.7/commons-lang3-3.7.jar:/home/user/.m2/repository/org/apache/commons/commons-text/1.4/commons-text-1.4.jar:/home/user/.m2/repository/org/apache/avro/avro/1.7.7/avro-1.7.7.jar:/home/user/.m2/repository/com/thoughtworks/paranamer/paranamer/2.3/paranamer-2.3.jar:/home/user/.m2/repository/org/xerial/snappy/snappy-java/1.0.5/snappy-java-1.0.5.jar:/home/user/.m2/repository/com/google/re2j/re2j/1.1/re2j-1.1.jar:/home/user/.m2/repository/com/google/code/gson/gson/2.2.4/gson-2.2.4.jar:/home/user/.m2/repository/com/jcraft/jsch/0.1.54/jsch-0.1.54.jar:/home/user/.m2/repository/org/apache/curator/curator-client/2.12.0/curator-client-2.12.0.jar:/home/user/.m2/repository/org/apache/curator/curator-recipes/2.12.0/curator-recipes-2.12.0.jar:/home/user/.m2/repository/com/google/code/findbugs/jsr305/3.0.0/jsr305-3.0.0.jar:/home/user/.m2/repository/org/apache/htrace/htrace-core4/4.1.0-incubating/htrace-core4-4.1.0-incubating.jar:/home/user/.m2/repository/org/apache/zookeeper/zookeeper/3.4.13/zookeeper-3.4.13.jar:/home/user/.m2/repository/org/apache/yetus/audience-annotations/0.5.0/audience-annotations-0.5.0.jar:/home/user/.m2/repository/org/codehaus/woodstox/stax2-api/3.1.4/stax2-api-3.1.4.jar:/home/user/.m2/repository/com/fasterxml/woodstox/woodstox-core/5.0.3/woodstox-core-5.0.3.jar:/home/user/.m2/repository/dnsjava/dnsjava/2.1.7/dnsjava-2.1.7.jar:/home/user/.m2/repository/org/apache/hadoop/hadoop-hdfs/3.2.0/hadoop-hdfs-3.2.0-tests.jar:/home/user/.m2/repository/org/eclipse/jetty/jetty-util-ajax/9.3.24.v20180605/jetty-util-ajax-9.3.24.v20180605.jar:/home/user/.m2/repository/commons-daemon/commons-daemon/1.0.13/commons-daemon-1.0.13.jar:/home/user/.m2/repository/io/netty/netty/3.10.5.Final/netty-3.10.5.Final.jar:/home/user/.m2/repository/io/netty/netty-all/4.0.52.Final/netty-all-4.0.52.Final.jar:/home/user/.m2/repository/org/fusesource/leveldbjni/leveldbjni-all/1.8/leveldbjni-all-1.8.jar:"/>
    <property name="sun.cpu.endian" value="little"/>
    <property name="user.home" value="/home/user"/>
    <property name="user.language" value="en"/>
    <property name="java.specification.vendor" value="Oracle Corporation"/>
    <property name="java.home" value="/usr/lib/jvm/java-1.8-openjdk/jre"/>
    <property name="java.security.krb5.conf" value="/workdir/hadoop-ozone/integration-test/target/test-classes/krb5.conf"/>
    <property name="basedir" value="/workdir/hadoop-ozone/integration-test"/>
    <property name="file.separator" value="/"/>
    <property name="line.separator" value="&#10;"/>
    <property name="java.vm.specification.vendor" value="Oracle Corporation"/>
    <property name="java.specification.name" value="Java Platform API Specification"/>
    <property name="java.awt.graphicsenv" value="sun.awt.X11GraphicsEnvironment"/>
    <property name="surefire.real.class.path" value="/workdir/hadoop-ozone/integration-test/target/surefire/surefirebooter5198783566379088846.jar"/>
    <property name="hadoop.log.dir" value="/workdir/hadoop-ozone/integration-test/target/log"/>
    <property name="sun.boot.class.path" value="/usr/lib/jvm/java-1.8-openjdk/jre/lib/resources.jar:/usr/lib/jvm/java-1.8-openjdk/jre/lib/rt.jar:/usr/lib/jvm/java-1.8-openjdk/jre/lib/sunrsasign.jar:/usr/lib/jvm/java-1.8-openjdk/jre/lib/jsse.jar:/usr/lib/jvm/java-1.8-openjdk/jre/lib/jce.jar:/usr/lib/jvm/java-1.8-openjdk/jre/lib/charsets.jar:/usr/lib/jvm/java-1.8-openjdk/jre/lib/jfr.jar:/usr/lib/jvm/java-1.8-openjdk/jre/classes"/>
    <property name="sun.management.compiler" value="HotSpot 64-Bit Tiered Compilers"/>
    <property name="java.runtime.version" value="1.8.0_212-b04"/>
    <property name="java.net.preferIPv4Stack" value="true"/>
    <property name="user.name" value="jenkins1000"/>
    <property name="path.separator" value=":"/>
    <property name="java.security.egd" value="file:///dev/urandom"/>
    <property name="os.version" value="3.10.0-957.12.2.el7.x86_64"/>
    <property name="java.endorsed.dirs" value="/usr/lib/jvm/java-1.8-openjdk/jre/lib/endorsed"/>
    <property name="java.runtime.name" value="OpenJDK Runtime Environment"/>
    <property name="file.encoding" value="UTF-8"/>
    <property name="java.vm.name" value="OpenJDK 64-Bit Server VM"/>
    <property name="test.build.webapps" value=""/>
    <property name="localRepository" value="/home/user/.m2/repository"/>
    <property name="java.vendor.url.bug" value="https://icedtea.classpath.org/bugzilla"/>
    <property name="java.io.tmpdir" value="/tmp"/>
    <property name="require.test.libhadoop" value=""/>
    <property name="java.version" value="1.8.0_212"/>
    <property name="user.dir" value="/workdir/hadoop-ozone/integration-test"/>
    <property name="os.arch" value="amd64"/>
    <property name="java.vm.specification.name" value="Java Virtual Machine Specification"/>
    <property name="test.build.classes" value="/workdir/hadoop-ozone/integration-test/target/test-classes"/>
    <property name="java.awt.printerjob" value="sun.print.PSPrinterJob"/>
    <property name="sun.os.patch.level" value="unknown"/>
    <property name="hadoop.tmp.dir" value="/workdir/hadoop-ozone/integration-test/target/tmp"/>
    <property name="java.library.path" value="/usr/lib/jvm/java-1.8-openjdk/jre/lib/amd64/server:/usr/lib/jvm/java-1.8-openjdk/jre/lib/amd64:/usr/lib/jvm/java-1.8-openjdk/jre/../lib/amd64:/workdir/hadoop-ozone/integration-test/target/native/target/usr/local/lib:/workdir/hadoop-ozone/integration-test/../../hadoop-common-project/hadoop-common/target/native/target/usr/local/lib:/usr/java/packages/lib/amd64:/usr/lib64:/lib64:/lib:/usr/lib"/>
    <property name="java.vm.info" value="mixed mode"/>
    <property name="java.vendor" value="IcedTea"/>
    <property name="java.vm.version" value="25.212-b04"/>
    <property name="java.ext.dirs" value="/usr/lib/jvm/java-1.8-openjdk/jre/lib/ext:/usr/java/packages/lib/ext"/>
    <property name="sun.io.unicode.encoding" value="UnicodeLittle"/>
    <property name="java.class.version" value="52.0"/>
  </properties>
  <testcase name="test2DatanodesFailure" classname="org.apache.hadoop.ozone.client.rpc.TestBlockOutputStreamWithFailures" time="105.382"/>
  <testcase name="testDatanodeFailureWithPreAllocation" classname="org.apache.hadoop.ozone.client.rpc.TestBlockOutputStreamWithFailures" time="225.345"/>
  <testcase name="testDatanodeFailureWithSingleNodeRatis" classname="org.apache.hadoop.ozone.client.rpc.TestBlockOutputStreamWithFailures" time="223.971"/>
  <testcase name="testWatchForCommitWithSingleNodeRatis" classname="org.apache.hadoop.ozone.client.rpc.TestBlockOutputStreamWithFailures" time="35.374"/>
  <testcase name="testWatchForCommitDatanodeFailure" classname="org.apache.hadoop.ozone.client.rpc.TestBlockOutputStreamWithFailures" time="42.718">
    <failure message="expected:&lt;2&gt; but was:&lt;3&gt;" type="java.lang.AssertionError"><![CDATA[java.lang.AssertionError: expected:<2> but was:<3>
	at org.junit.Assert.fail(Assert.java:88)
	at org.junit.Assert.failNotEquals(Assert.java:743)
	at org.junit.Assert.assertEquals(Assert.java:118)
	at org.junit.Assert.assertEquals(Assert.java:555)
	at org.junit.Assert.assertEquals(Assert.java:542)
	at org.apache.hadoop.ozone.client.rpc.TestBlockOutputStreamWithFailures.testWatchForCommitDatanodeFailure(TestBlockOutputStreamWithFailures.java:366)
	at sun.reflect.NativeMethodAccessorImpl.invoke0(Native Method)
	at sun.reflect.NativeMethodAccessorImpl.invoke(NativeMethodAccessorImpl.java:62)
	at sun.reflect.DelegatingMethodAccessorImpl.invoke(DelegatingMethodAccessorImpl.java:43)
	at java.lang.reflect.Method.invoke(Method.java:498)
	at org.junit.runners.model.FrameworkMethod$1.runReflectiveCall(FrameworkMethod.java:47)
	at org.junit.internal.runners.model.ReflectiveCallable.run(ReflectiveCallable.java:12)
	at org.junit.runners.model.FrameworkMethod.invokeExplosively(FrameworkMethod.java:44)
	at org.junit.internal.runners.statements.InvokeMethod.evaluate(InvokeMethod.java:17)
	at org.junit.internal.runners.statements.RunBefores.evaluate(RunBefores.java:26)
	at org.junit.internal.runners.statements.RunAfters.evaluate(RunAfters.java:27)
	at org.junit.runners.ParentRunner.runLeaf(ParentRunner.java:271)
	at org.junit.runners.BlockJUnit4ClassRunner.runChild(BlockJUnit4ClassRunner.java:70)
	at org.junit.runners.BlockJUnit4ClassRunner.runChild(BlockJUnit4ClassRunner.java:50)
	at org.junit.runners.ParentRunner$3.run(ParentRunner.java:238)
	at org.junit.runners.ParentRunner$1.schedule(ParentRunner.java:63)
	at org.junit.runners.ParentRunner.runChildren(ParentRunner.java:236)
	at org.junit.runners.ParentRunner.access$000(ParentRunner.java:53)
	at org.junit.runners.ParentRunner$2.evaluate(ParentRunner.java:229)
	at org.junit.runners.ParentRunner.run(ParentRunner.java:309)
	at org.apache.maven.surefire.junit4.JUnit4Provider.execute(JUnit4Provider.java:365)
	at org.apache.maven.surefire.junit4.JUnit4Provider.executeWithRerun(JUnit4Provider.java:273)
	at org.apache.maven.surefire.junit4.JUnit4Provider.executeTestSet(JUnit4Provider.java:238)
	at org.apache.maven.surefire.junit4.JUnit4Provider.invoke(JUnit4Provider.java:159)
	at org.apache.maven.surefire.booter.ForkedBooter.invokeProviderInSameClassLoader(ForkedBooter.java:384)
	at org.apache.maven.surefire.booter.ForkedBooter.runSuitesInProcess(ForkedBooter.java:345)
	at org.apache.maven.surefire.booter.ForkedBooter.execute(ForkedBooter.java:126)
	at org.apache.maven.surefire.booter.ForkedBooter.main(ForkedBooter.java:418)
]]></failure>
    <system-out><![CDATA[2019-08-27 08:32:35,231 [main] WARN  server.ServerUtils (ServerUtils.java:getScmDbDir(145)) - ozone.scm.db.dirs is not configured. We recommend adding this setting. Falling back to ozone.metadata.dirs instead.
2019-08-27 08:32:35,259 [main] WARN  server.ServerUtils (ServerUtils.java:getScmDbDir(145)) - ozone.scm.db.dirs is not configured. We recommend adding this setting. Falling back to ozone.metadata.dirs instead.
2019-08-27 08:32:35,260 [main] WARN  server.ServerUtils (ServerUtils.java:getScmDbDir(145)) - ozone.scm.db.dirs is not configured. We recommend adding this setting. Falling back to ozone.metadata.dirs instead.
2019-08-27 08:32:35,261 [main] INFO  db.DBStoreBuilder (DBStoreBuilder.java:addTable(110)) - using custom profile for table: deletedBlocks
2019-08-27 08:32:35,261 [main] INFO  db.DBStoreBuilder (DBStoreBuilder.java:processTables(161)) - Using default column profile:DBProfile.DISK for Table:deletedBlocks
2019-08-27 08:32:35,262 [main] INFO  db.DBStoreBuilder (DBStoreBuilder.java:addTable(110)) - using custom profile for table: validCerts
2019-08-27 08:32:35,262 [main] INFO  db.DBStoreBuilder (DBStoreBuilder.java:processTables(161)) - Using default column profile:DBProfile.DISK for Table:validCerts
2019-08-27 08:32:35,262 [main] INFO  db.DBStoreBuilder (DBStoreBuilder.java:addTable(110)) - using custom profile for table: revokedCerts
2019-08-27 08:32:35,262 [main] INFO  db.DBStoreBuilder (DBStoreBuilder.java:processTables(161)) - Using default column profile:DBProfile.DISK for Table:revokedCerts
2019-08-27 08:32:35,263 [main] INFO  db.DBStoreBuilder (DBStoreBuilder.java:addTable(110)) - using custom profile for table: default
2019-08-27 08:32:35,263 [main] INFO  db.DBStoreBuilder (DBStoreBuilder.java:processTables(167)) - Using default column profile:DBProfile.DISK for Table:default
2019-08-27 08:32:35,263 [main] INFO  db.DBStoreBuilder (DBStoreBuilder.java:getDbProfile(198)) - Using default options. DBProfile.DISK
2019-08-27 08:32:35,493 [main] INFO  net.NodeSchemaLoader (NodeSchemaLoader.java:loadSchemaFromFile(125)) - Loading file from sun.misc.CompoundEnumeration@43d76a92
2019-08-27 08:32:35,493 [main] INFO  net.NodeSchemaLoader (NodeSchemaLoader.java:loadSchema(171)) - Loading network topology layer schema file
2019-08-27 08:32:35,499 [main] INFO  node.SCMNodeManager (SCMNodeManager.java:<init>(121)) - Entering startup safe mode.
2019-08-27 08:32:35,500 [main] INFO  algorithms.ContainerPlacementPolicyFactory (ContainerPlacementPolicyFactory.java:getPolicy(55)) - Create container placement policy of type org.apache.hadoop.hdds.scm.container.placement.algorithms.SCMContainerPlacementRandom
2019-08-27 08:32:35,500 [main] WARN  server.ServerUtils (ServerUtils.java:getScmDbDir(145)) - ozone.scm.db.dirs is not configured. We recommend adding this setting. Falling back to ozone.metadata.dirs instead.
2019-08-27 08:32:35,586 [main] INFO  pipeline.SCMPipelineManager (SCMPipelineManager.java:initializePipelineState(126)) - No pipeline exists in current db
2019-08-27 08:32:35,586 [main] WARN  server.ServerUtils (ServerUtils.java:getScmDbDir(145)) - ozone.scm.db.dirs is not configured. We recommend adding this setting. Falling back to ozone.metadata.dirs instead.
2019-08-27 08:32:35,665 [main] WARN  events.EventQueue (EventQueue.java:fireEvent(175)) - No event handler registered for event TypedEvent{payloadType=SafeModeStatus, name='SafeModeStatus'}
2019-08-27 08:32:35,666 [main] INFO  ipc.CallQueueManager (CallQueueManager.java:<init>(84)) - Using callQueue: class java.util.concurrent.LinkedBlockingQueue, queueCapacity: 2000, scheduler: class org.apache.hadoop.ipc.DefaultRpcScheduler, ipcBackoff: false.
2019-08-27 08:32:35,667 [Socket Reader #1 for port 40052] INFO  ipc.Server (Server.java:run(1074)) - Starting Socket Reader #1 for port 40052
2019-08-27 08:32:35,669 [main] INFO  ipc.CallQueueManager (CallQueueManager.java:<init>(84)) - Using callQueue: class java.util.concurrent.LinkedBlockingQueue, queueCapacity: 2000, scheduler: class org.apache.hadoop.ipc.DefaultRpcScheduler, ipcBackoff: false.
2019-08-27 08:32:35,670 [Socket Reader #1 for port 36840] INFO  ipc.Server (Server.java:run(1074)) - Starting Socket Reader #1 for port 36840
2019-08-27 08:32:35,671 [main] INFO  ipc.CallQueueManager (CallQueueManager.java:<init>(84)) - Using callQueue: class java.util.concurrent.LinkedBlockingQueue, queueCapacity: 2000, scheduler: class org.apache.hadoop.ipc.DefaultRpcScheduler, ipcBackoff: false.
2019-08-27 08:32:35,672 [Socket Reader #1 for port 34051] INFO  ipc.Server (Server.java:run(1074)) - Starting Socket Reader #1 for port 34051
2019-08-27 08:32:35,674 [main] INFO  hdfs.DFSUtil (DFSUtil.java:httpServerTemplateForNNAndJN(1641)) - Starting Web-server for scm at: http://0.0.0.0:0
2019-08-27 08:32:35,677 [main] INFO  server.AuthenticationFilter (AuthenticationFilter.java:constructSecretProvider(240)) - Unable to initialize FileSignerSecretProvider, falling back to use random secrets.
2019-08-27 08:32:35,678 [main] WARN  http.HttpRequestLog (HttpRequestLog.java:getRequestLog(97)) - Jetty request log can only be enabled using Log4j
2019-08-27 08:32:35,680 [main] INFO  http.HttpServer2 (HttpServer2.java:addGlobalFilter(975)) - Added global filter 'safety' (class=org.apache.hadoop.http.HttpServer2$QuotingInputFilter)
2019-08-27 08:32:35,681 [main] INFO  http.HttpServer2 (HttpServer2.java:addFilter(948)) - Added filter static_user_filter (class=org.apache.hadoop.http.lib.StaticUserWebFilter$StaticUserFilter) to context scm
2019-08-27 08:32:35,682 [main] INFO  http.HttpServer2 (HttpServer2.java:addFilter(958)) - Added filter static_user_filter (class=org.apache.hadoop.http.lib.StaticUserWebFilter$StaticUserFilter) to context static
2019-08-27 08:32:35,682 [main] INFO  http.HttpServer2 (HttpServer2.java:addFilter(958)) - Added filter static_user_filter (class=org.apache.hadoop.http.lib.StaticUserWebFilter$StaticUserFilter) to context logs
2019-08-27 08:32:35,685 [main] INFO  server.StorageContainerManager (StorageContainerManager.java:start(759)) - StorageContainerLocationProtocol RPC server is listening at /0.0.0.0:34051
2019-08-27 08:32:35,687 [main] WARN  impl.MetricsConfig (MetricsConfig.java:loadFirst(134)) - Cannot locate configuration: tried hadoop-metrics2-storagecontainermanager.properties,hadoop-metrics2.properties
2019-08-27 08:32:35,689 [main] INFO  impl.MetricsSystemImpl (MetricsSystemImpl.java:startTimer(374)) - Scheduled Metric snapshot period at 10 second(s).
2019-08-27 08:32:35,689 [main] INFO  impl.MetricsSystemImpl (MetricsSystemImpl.java:start(191)) - StorageContainerManager metrics system started
2019-08-27 08:32:35,763 [main] INFO  server.SCMClientProtocolServer (SCMClientProtocolServer.java:start(151)) - RPC server for Client  is listening at /0.0.0.0:34051
2019-08-27 08:32:35,764 [IPC Server Responder] INFO  ipc.Server (Server.java:run(1314)) - IPC Server Responder: starting
2019-08-27 08:32:35,764 [IPC Server listener on 34051] INFO  ipc.Server (Server.java:run(1153)) - IPC Server listener on 34051: starting
2019-08-27 08:32:35,768 [main] INFO  server.StorageContainerManager (StorageContainerManager.java:start(769)) - ScmBlockLocationProtocol RPC server is listening at /0.0.0.0:36840
2019-08-27 08:32:35,768 [main] INFO  server.SCMBlockProtocolServer (SCMBlockProtocolServer.java:start(140)) - RPC server for Block Protocol is listening at /0.0.0.0:36840
2019-08-27 08:32:35,768 [IPC Server Responder] INFO  ipc.Server (Server.java:run(1314)) - IPC Server Responder: starting
2019-08-27 08:32:35,768 [IPC Server listener on 36840] INFO  ipc.Server (Server.java:run(1153)) - IPC Server listener on 36840: starting
2019-08-27 08:32:35,772 [main] INFO  server.StorageContainerManager (StorageContainerManager.java:start(773)) - ScmDatanodeProtocl RPC server is listening at /0.0.0.0:40052
2019-08-27 08:32:35,772 [main] INFO  server.SCMDatanodeProtocolServer (SCMDatanodeProtocolServer.java:start(191)) - RPC server for DataNodes is listening at /0.0.0.0:40052
2019-08-27 08:32:35,773 [IPC Server Responder] INFO  ipc.Server (Server.java:run(1314)) - IPC Server Responder: starting
2019-08-27 08:32:35,773 [IPC Server listener on 40052] INFO  ipc.Server (Server.java:run(1153)) - IPC Server listener on 40052: starting
2019-08-27 08:32:35,777 [main] INFO  http.HttpServer2 (HttpServer2.java:bindListener(1191)) - Jetty bound to port 39119
2019-08-27 08:32:35,777 [main] INFO  server.Server (Server.java:doStart(351)) - jetty-9.3.24.v20180605, build timestamp: 2018-06-05T17:11:56Z, git hash: 84205aa28f11a4f31f2a3b86d1bba2cc8ab69827
2019-08-27 08:32:35,779 [main] INFO  handler.ContextHandler (ContextHandler.java:doStart(781)) - Started o.e.j.s.ServletContextHandler@7da1e005{/logs,file:///workdir/hadoop-ozone/integration-test/target/log,AVAILABLE}
2019-08-27 08:32:35,779 [main] INFO  handler.ContextHandler (ContextHandler.java:doStart(781)) - Started o.e.j.s.ServletContextHandler@55877274{/static,file:///workdir/hadoop-ozone/integration-test/target/test-classes/webapps/static,AVAILABLE}
2019-08-27 08:32:35,784 [main] INFO  handler.ContextHandler (ContextHandler.java:doStart(781)) - Started o.e.j.w.WebAppContext@43c7fe8a{/,file:///workdir/hadoop-ozone/integration-test/target/test-classes/webapps/scm/,AVAILABLE}{/scm}
2019-08-27 08:32:35,784 [main] INFO  server.AbstractConnector (AbstractConnector.java:doStart(278)) - Started ServerConnector@67f946c3{HTTP/1.1,[http/1.1]}{0.0.0.0:39119}
2019-08-27 08:32:35,785 [main] INFO  server.Server (Server.java:doStart(419)) - Started @591229ms
2019-08-27 08:32:35,786 [main] INFO  server.BaseHttpServer (BaseHttpServer.java:updateConnectorAddress(213)) - HTTP server of SCM is listening at http://0.0.0.0:39119
2019-08-27 08:32:35,787 [main] WARN  server.ServerUtils (ServerUtils.java:getDBPath(222)) - ozone.om.db.dirs is not configured. We recommend adding this setting. Falling back to ozone.metadata.dirs instead.
2019-08-27 08:32:35,788 [org.apache.hadoop.util.JvmPauseMonitor$Monitor@1785d194] INFO  util.JvmPauseMonitor (JvmPauseMonitor.java:run(188)) - Starting JVM pause monitor
2019-08-27 08:32:35,802 [main] WARN  server.ServerUtils (ServerUtils.java:getDBPath(222)) - ozone.om.db.dirs is not configured. We recommend adding this setting. Falling back to ozone.metadata.dirs instead.
2019-08-27 08:32:35,803 [main] WARN  server.ServerUtils (ServerUtils.java:getDBPath(222)) - ozone.om.db.dirs is not configured. We recommend adding this setting. Falling back to ozone.metadata.dirs instead.
2019-08-27 08:32:35,803 [main] INFO  om.OzoneManager (OzoneManager.java:setOMNodeDetails(648)) - OM Service ID is not set. Setting it to the default ID: omServiceIdDefault
2019-08-27 08:32:35,803 [main] INFO  om.OzoneManager (OzoneManager.java:setOMNodeDetails(654)) - OM Node ID is not set. Setting it to the OmStorage's OmID: c73355b7-c962-4dbd-984b-90252f215bcb
2019-08-27 08:32:35,804 [main] INFO  om.OzoneManager (OzoneManager.java:loadOMHAConfigs(605)) - Found matching OM address with OMServiceId: null, OMNodeId: null, RPC Address: localhost:0 and Ratis port: 9872
2019-08-27 08:32:35,808 | INFO  | SCMAudit | user=jenkins1000 | ip=192.168.36.77 | op=GET_SCM_INFO null | ret=SUCCESS |  
2019-08-27 08:32:35,811 [main] WARN  server.ServerUtils (ServerUtils.java:getDBPath(222)) - ozone.om.db.dirs is not configured. We recommend adding this setting. Falling back to ozone.metadata.dirs instead.
2019-08-27 08:32:35,811 [main] INFO  db.DBStoreBuilder (DBStoreBuilder.java:addTable(110)) - using custom profile for table: userTable
2019-08-27 08:32:35,812 [main] INFO  db.DBStoreBuilder (DBStoreBuilder.java:processTables(161)) - Using default column profile:DBProfile.DISK for Table:userTable
2019-08-27 08:32:35,812 [main] INFO  db.DBStoreBuilder (DBStoreBuilder.java:addTable(110)) - using custom profile for table: volumeTable
2019-08-27 08:32:35,812 [main] INFO  db.DBStoreBuilder (DBStoreBuilder.java:processTables(161)) - Using default column profile:DBProfile.DISK for Table:volumeTable
2019-08-27 08:32:35,812 [main] INFO  db.DBStoreBuilder (DBStoreBuilder.java:addTable(110)) - using custom profile for table: bucketTable
2019-08-27 08:32:35,813 [main] INFO  db.DBStoreBuilder (DBStoreBuilder.java:processTables(161)) - Using default column profile:DBProfile.DISK for Table:bucketTable
2019-08-27 08:32:35,813 [main] INFO  db.DBStoreBuilder (DBStoreBuilder.java:addTable(110)) - using custom profile for table: keyTable
2019-08-27 08:32:35,813 [main] INFO  db.DBStoreBuilder (DBStoreBuilder.java:processTables(161)) - Using default column profile:DBProfile.DISK for Table:keyTable
2019-08-27 08:32:35,813 [main] INFO  db.DBStoreBuilder (DBStoreBuilder.java:addTable(110)) - using custom profile for table: deletedTable
2019-08-27 08:32:35,814 [main] INFO  db.DBStoreBuilder (DBStoreBuilder.java:processTables(161)) - Using default column profile:DBProfile.DISK for Table:deletedTable
2019-08-27 08:32:35,814 [main] INFO  db.DBStoreBuilder (DBStoreBuilder.java:addTable(110)) - using custom profile for table: openKeyTable
2019-08-27 08:32:35,814 [main] INFO  db.DBStoreBuilder (DBStoreBuilder.java:processTables(161)) - Using default column profile:DBProfile.DISK for Table:openKeyTable
2019-08-27 08:32:35,815 [main] INFO  db.DBStoreBuilder (DBStoreBuilder.java:addTable(110)) - using custom profile for table: s3Table
2019-08-27 08:32:35,815 [main] INFO  db.DBStoreBuilder (DBStoreBuilder.java:processTables(161)) - Using default column profile:DBProfile.DISK for Table:s3Table
2019-08-27 08:32:35,815 [main] INFO  db.DBStoreBuilder (DBStoreBuilder.java:addTable(110)) - using custom profile for table: multipartInfoTable
2019-08-27 08:32:35,815 [main] INFO  db.DBStoreBuilder (DBStoreBuilder.java:processTables(161)) - Using default column profile:DBProfile.DISK for Table:multipartInfoTable
2019-08-27 08:32:35,816 [main] INFO  db.DBStoreBuilder (DBStoreBuilder.java:addTable(110)) - using custom profile for table: dTokenTable
2019-08-27 08:32:35,816 [main] INFO  db.DBStoreBuilder (DBStoreBuilder.java:processTables(161)) - Using default column profile:DBProfile.DISK for Table:dTokenTable
2019-08-27 08:32:35,816 [main] INFO  db.DBStoreBuilder (DBStoreBuilder.java:addTable(110)) - using custom profile for table: s3SecretTable
2019-08-27 08:32:35,816 [main] INFO  db.DBStoreBuilder (DBStoreBuilder.java:processTables(161)) - Using default column profile:DBProfile.DISK for Table:s3SecretTable
2019-08-27 08:32:35,817 [main] INFO  db.DBStoreBuilder (DBStoreBuilder.java:addTable(110)) - using custom profile for table: prefixTable
2019-08-27 08:32:35,817 [main] INFO  db.DBStoreBuilder (DBStoreBuilder.java:processTables(161)) - Using default column profile:DBProfile.DISK for Table:prefixTable
2019-08-27 08:32:35,817 [main] INFO  db.DBStoreBuilder (DBStoreBuilder.java:addTable(110)) - using custom profile for table: default
2019-08-27 08:32:35,817 [main] INFO  db.DBStoreBuilder (DBStoreBuilder.java:processTables(167)) - Using default column profile:DBProfile.DISK for Table:default
2019-08-27 08:32:35,818 [main] INFO  db.DBStoreBuilder (DBStoreBuilder.java:getDbProfile(198)) - Using default options. DBProfile.DISK
2019-08-27 08:32:36,426 [main] INFO  ipc.CallQueueManager (CallQueueManager.java:<init>(84)) - Using callQueue: class java.util.concurrent.LinkedBlockingQueue, queueCapacity: 2000, scheduler: class org.apache.hadoop.ipc.DefaultRpcScheduler, ipcBackoff: false.
2019-08-27 08:32:36,428 [Socket Reader #1 for port 38031] INFO  ipc.Server (Server.java:run(1074)) - Starting Socket Reader #1 for port 38031
2019-08-27 08:32:36,451 [main] INFO  om.OzoneManager (OzoneManager.java:start(1259)) - OzoneManager RPC server is listening at localhost/127.0.0.1:38031
2019-08-27 08:32:36,451 [main] INFO  impl.MetricsSystemImpl (MetricsSystemImpl.java:init(158)) - OzoneManager metrics system started (again)
2019-08-27 08:32:36,452 [IPC Server Responder] INFO  ipc.Server (Server.java:run(1314)) - IPC Server Responder: starting
2019-08-27 08:32:36,453 [IPC Server listener on 38031] INFO  ipc.Server (Server.java:run(1153)) - IPC Server listener on 38031: starting
2019-08-27 08:32:36,459 [main] INFO  hdfs.DFSUtil (DFSUtil.java:httpServerTemplateForNNAndJN(1641)) - Starting Web-server for ozoneManager at: http://0.0.0.0:0
2019-08-27 08:32:36,461 [main] INFO  server.AuthenticationFilter (AuthenticationFilter.java:constructSecretProvider(240)) - Unable to initialize FileSignerSecretProvider, falling back to use random secrets.
2019-08-27 08:32:36,462 [main] WARN  http.HttpRequestLog (HttpRequestLog.java:getRequestLog(97)) - Jetty request log can only be enabled using Log4j
2019-08-27 08:32:36,465 [main] INFO  http.HttpServer2 (HttpServer2.java:addGlobalFilter(975)) - Added global filter 'safety' (class=org.apache.hadoop.http.HttpServer2$QuotingInputFilter)
2019-08-27 08:32:36,466 [main] INFO  http.HttpServer2 (HttpServer2.java:addFilter(948)) - Added filter static_user_filter (class=org.apache.hadoop.http.lib.StaticUserWebFilter$StaticUserFilter) to context ozoneManager
2019-08-27 08:32:36,466 [main] INFO  http.HttpServer2 (HttpServer2.java:addFilter(958)) - Added filter static_user_filter (class=org.apache.hadoop.http.lib.StaticUserWebFilter$StaticUserFilter) to context logs
2019-08-27 08:32:36,466 [main] INFO  http.HttpServer2 (HttpServer2.java:addFilter(958)) - Added filter static_user_filter (class=org.apache.hadoop.http.lib.StaticUserWebFilter$StaticUserFilter) to context static
2019-08-27 08:32:36,467 [main] INFO  http.HttpServer2 (HttpServer2.java:bindListener(1191)) - Jetty bound to port 45901
2019-08-27 08:32:36,468 [main] INFO  server.Server (Server.java:doStart(351)) - jetty-9.3.24.v20180605, build timestamp: 2018-06-05T17:11:56Z, git hash: 84205aa28f11a4f31f2a3b86d1bba2cc8ab69827
2019-08-27 08:32:36,470 [main] INFO  handler.ContextHandler (ContextHandler.java:doStart(781)) - Started o.e.j.s.ServletContextHandler@28b523a{/logs,file:///workdir/hadoop-ozone/integration-test/target/log,AVAILABLE}
2019-08-27 08:32:36,471 [main] INFO  handler.ContextHandler (ContextHandler.java:doStart(781)) - Started o.e.j.s.ServletContextHandler@63d677f5{/static,file:///workdir/hadoop-ozone/integration-test/target/test-classes/webapps/static,AVAILABLE}
2019-08-27 08:32:36,477 [main] INFO  handler.ContextHandler (ContextHandler.java:doStart(781)) - Started o.e.j.w.WebAppContext@743c3520{/,file:///workdir/hadoop-ozone/integration-test/target/test-classes/webapps/ozoneManager/,AVAILABLE}{/ozoneManager}
2019-08-27 08:32:36,478 [main] INFO  server.AbstractConnector (AbstractConnector.java:doStart(278)) - Started ServerConnector@6842c101{HTTP/1.1,[http/1.1]}{0.0.0.0:45901}
2019-08-27 08:32:36,479 [main] INFO  server.Server (Server.java:doStart(419)) - Started @591923ms
2019-08-27 08:32:36,480 [main] INFO  server.BaseHttpServer (BaseHttpServer.java:updateConnectorAddress(213)) - HTTP server of OZONEMANAGER is listening at http://0.0.0.0:45901
2019-08-27 08:32:36,498 [main] INFO  impl.MetricsSystemImpl (MetricsSystemImpl.java:init(158)) - HddsDatanode metrics system started (again)
2019-08-27 08:32:36,501 [main] INFO  ozone.HddsDatanodeService (HddsDatanodeService.java:start(184)) - HddsDatanodeService host:pr-hdds-738-64p2z-3138789487 ip:192.168.36.77
2019-08-27 08:32:36,508 [main] INFO  volume.HddsVolume (HddsVolume.java:<init>(176)) - Creating Volume: /workdir/hadoop-ozone/integration-test/target/test-dir/MiniOzoneClusterImpl-d49177c5-c9c6-4953-9114-88aa1897b70a/datanode-0/data/containers/hdds of  storage type : DISK and capacity : 1482555576320
2019-08-27 08:32:36,508 [main] INFO  volume.VolumeSet (VolumeSet.java:initializeVolumeSet(170)) - Added Volume : /workdir/hadoop-ozone/integration-test/target/test-dir/MiniOzoneClusterImpl-d49177c5-c9c6-4953-9114-88aa1897b70a/datanode-0/data/containers/hdds to VolumeSet
2019-08-27 08:32:36,508 [main] INFO  volume.ThrottledAsyncChecker (ThrottledAsyncChecker.java:schedule(140)) - Scheduling a check for org.apache.hadoop.ozone.container.common.volume.HddsVolume@29c53c4f
2019-08-27 08:32:36,509 [main] INFO  volume.HddsVolumeChecker (HddsVolumeChecker.java:checkAllVolumes(203)) - Scheduled health check for volume org.apache.hadoop.ozone.container.common.volume.HddsVolume@29c53c4f
2019-08-27 08:32:36,527 [main] INFO  impl.RaftServerProxy (ConfUtils.java:logGet(43)) - raft.rpc.type = GRPC (default)
2019-08-27 08:32:36,528 [main] INFO  grpc.GrpcFactory (GrpcFactory.java:checkPooledByteBufAllocatorUseCacheForAllThreads(45)) - PERFORMANCE WARNING: useCacheForAllThreads is true that may cause Netty to create a lot garbage objects and, as a result, trigger GC.
	It is recommended to disable useCacheForAllThreads by setting -Dorg.apache.ratis.thirdparty.io.netty.allocator.useCacheForAllThreads=false in command line.
2019-08-27 08:32:36,528 [main] INFO  grpc.GrpcConfigKeys$Server (ConfUtils.java:logGet(43)) - raft.grpc.server.port = 0 (default)
2019-08-27 08:32:36,528 [main] INFO  server.GrpcService (ConfUtils.java:logGet(43)) - raft.grpc.message.size.max = 33570816 (custom)
2019-08-27 08:32:36,529 [main] INFO  server.RaftServerConfigKeys (ConfUtils.java:logGet(43)) - raft.server.log.appender.buffer.byte-limit = 33554432 (custom)
2019-08-27 08:32:36,529 [main] INFO  server.GrpcService (ConfUtils.java:logGet(43)) - raft.grpc.flow.control.window = 1MB (=1048576) (default)
2019-08-27 08:32:36,529 [main] INFO  server.RaftServerConfigKeys (ConfUtils.java:logGet(43)) - raft.server.rpc.request.timeout = 3000ms (default)
2019-08-27 08:32:36,530 [main] INFO  server.RaftServerConfigKeys (ConfUtils.java:logGet(43)) - raft.server.storage.dir = [/workdir/hadoop-ozone/integration-test/target/test-dir/MiniOzoneClusterImpl-d49177c5-c9c6-4953-9114-88aa1897b70a/datanode-0/data/ratis] (custom)
2019-08-27 08:32:36,530 [main] INFO  replication.SimpleContainerDownloader (SimpleContainerDownloader.java:<init>(72)) - Starting container downloader service to copy containers to replicate.
2019-08-27 08:32:36,532 [main] INFO  hdfs.DFSUtil (DFSUtil.java:httpServerTemplateForNNAndJN(1641)) - Starting Web-server for hddsDatanode at: http://0.0.0.0:0
2019-08-27 08:32:36,534 [main] INFO  server.AuthenticationFilter (AuthenticationFilter.java:constructSecretProvider(240)) - Unable to initialize FileSignerSecretProvider, falling back to use random secrets.
2019-08-27 08:32:36,534 [main] WARN  http.HttpRequestLog (HttpRequestLog.java:getRequestLog(97)) - Jetty request log can only be enabled using Log4j
2019-08-27 08:32:36,537 [main] INFO  http.HttpServer2 (HttpServer2.java:addGlobalFilter(975)) - Added global filter 'safety' (class=org.apache.hadoop.http.HttpServer2$QuotingInputFilter)
2019-08-27 08:32:36,537 [main] INFO  http.HttpServer2 (HttpServer2.java:addFilter(948)) - Added filter static_user_filter (class=org.apache.hadoop.http.lib.StaticUserWebFilter$StaticUserFilter) to context hddsDatanode
2019-08-27 08:32:36,538 [main] INFO  http.HttpServer2 (HttpServer2.java:addFilter(958)) - Added filter static_user_filter (class=org.apache.hadoop.http.lib.StaticUserWebFilter$StaticUserFilter) to context static
2019-08-27 08:32:36,538 [main] INFO  http.HttpServer2 (HttpServer2.java:addFilter(958)) - Added filter static_user_filter (class=org.apache.hadoop.http.lib.StaticUserWebFilter$StaticUserFilter) to context logs
2019-08-27 08:32:36,539 [main] INFO  http.HttpServer2 (HttpServer2.java:bindListener(1191)) - Jetty bound to port 44865
2019-08-27 08:32:36,539 [main] INFO  server.Server (Server.java:doStart(351)) - jetty-9.3.24.v20180605, build timestamp: 2018-06-05T17:11:56Z, git hash: 84205aa28f11a4f31f2a3b86d1bba2cc8ab69827
2019-08-27 08:32:36,541 [main] INFO  handler.ContextHandler (ContextHandler.java:doStart(781)) - Started o.e.j.s.ServletContextHandler@5fd43e58{/logs,file:///workdir/hadoop-ozone/integration-test/target/log,AVAILABLE}
2019-08-27 08:32:36,542 [main] INFO  handler.ContextHandler (ContextHandler.java:doStart(781)) - Started o.e.j.s.ServletContextHandler@68dfda77{/static,jar:file:/home/user/.m2/repository/org/apache/hadoop/hadoop-hdds-container-service/0.5.0-SNAPSHOT/hadoop-hdds-container-service-0.5.0-SNAPSHOT.jar!/webapps/static,AVAILABLE}
2019-08-27 08:32:36,587 [main] INFO  handler.ContextHandler (ContextHandler.java:doStart(781)) - Started o.e.j.w.WebAppContext@33eb0d4{/,file:///tmp/jetty-0.0.0.0-44865-hddsDatanode-_-any-2325807979766360341.dir/webapp/,AVAILABLE}{/hddsDatanode}
2019-08-27 08:32:36,588 [main] INFO  server.AbstractConnector (AbstractConnector.java:doStart(278)) - Started ServerConnector@224d86d2{HTTP/1.1,[http/1.1]}{0.0.0.0:44865}
2019-08-27 08:32:36,589 [main] INFO  server.Server (Server.java:doStart(419)) - Started @592033ms
2019-08-27 08:32:36,590 [main] INFO  server.BaseHttpServer (BaseHttpServer.java:updateConnectorAddress(213)) - HTTP server of HDDSDATANODE is listening at http://0.0.0.0:44865
2019-08-27 08:32:36,591 [main] INFO  impl.MetricsSystemImpl (MetricsSystemImpl.java:init(158)) - HddsDatanode metrics system started (again)
2019-08-27 08:32:36,594 [org.apache.hadoop.util.JvmPauseMonitor$Monitor@1ebcc219] INFO  util.JvmPauseMonitor (JvmPauseMonitor.java:run(188)) - Starting JVM pause monitor
2019-08-27 08:32:36,595 [main] INFO  ozone.HddsDatanodeService (HddsDatanodeService.java:start(184)) - HddsDatanodeService host:pr-hdds-738-64p2z-3138789487 ip:192.168.36.77
2019-08-27 08:32:36,598 [Datanode State Machine Thread - 0] INFO  datanode.InitDatanodeState (InitDatanodeState.java:persistContainerDatanodeDetails(140)) - DatanodeDetails is persisted to /workdir/hadoop-ozone/integration-test/target/test-dir/MiniOzoneClusterImpl-d49177c5-c9c6-4953-9114-88aa1897b70a/datanode-0/meta/datanode.id
2019-08-27 08:32:36,603 [main] INFO  volume.HddsVolume (HddsVolume.java:<init>(176)) - Creating Volume: /workdir/hadoop-ozone/integration-test/target/test-dir/MiniOzoneClusterImpl-d49177c5-c9c6-4953-9114-88aa1897b70a/datanode-1/data/containers/hdds of  storage type : DISK and capacity : 1482555576320
2019-08-27 08:32:36,603 [main] INFO  volume.VolumeSet (VolumeSet.java:initializeVolumeSet(170)) - Added Volume : /workdir/hadoop-ozone/integration-test/target/test-dir/MiniOzoneClusterImpl-d49177c5-c9c6-4953-9114-88aa1897b70a/datanode-1/data/containers/hdds to VolumeSet
2019-08-27 08:32:36,604 [main] INFO  volume.ThrottledAsyncChecker (ThrottledAsyncChecker.java:schedule(140)) - Scheduling a check for org.apache.hadoop.ozone.container.common.volume.HddsVolume@7741ae1b
2019-08-27 08:32:36,605 [main] INFO  volume.HddsVolumeChecker (HddsVolumeChecker.java:checkAllVolumes(203)) - Scheduled health check for volume org.apache.hadoop.ozone.container.common.volume.HddsVolume@7741ae1b
2019-08-27 08:32:36,624 [main] INFO  impl.RaftServerProxy (ConfUtils.java:logGet(43)) - raft.rpc.type = GRPC (default)
2019-08-27 08:32:36,624 [main] INFO  grpc.GrpcFactory (GrpcFactory.java:checkPooledByteBufAllocatorUseCacheForAllThreads(45)) - PERFORMANCE WARNING: useCacheForAllThreads is true that may cause Netty to create a lot garbage objects and, as a result, trigger GC.
	It is recommended to disable useCacheForAllThreads by setting -Dorg.apache.ratis.thirdparty.io.netty.allocator.useCacheForAllThreads=false in command line.
2019-08-27 08:32:36,625 [main] INFO  grpc.GrpcConfigKeys$Server (ConfUtils.java:logGet(43)) - raft.grpc.server.port = 0 (default)
2019-08-27 08:32:36,625 [main] INFO  server.GrpcService (ConfUtils.java:logGet(43)) - raft.grpc.message.size.max = 33570816 (custom)
2019-08-27 08:32:36,625 [main] INFO  server.RaftServerConfigKeys (ConfUtils.java:logGet(43)) - raft.server.log.appender.buffer.byte-limit = 33554432 (custom)
2019-08-27 08:32:36,626 [main] INFO  server.GrpcService (ConfUtils.java:logGet(43)) - raft.grpc.flow.control.window = 1MB (=1048576) (default)
2019-08-27 08:32:36,626 [main] INFO  server.RaftServerConfigKeys (ConfUtils.java:logGet(43)) - raft.server.rpc.request.timeout = 3000ms (default)
2019-08-27 08:32:36,627 [main] INFO  server.RaftServerConfigKeys (ConfUtils.java:logGet(43)) - raft.server.storage.dir = [/workdir/hadoop-ozone/integration-test/target/test-dir/MiniOzoneClusterImpl-d49177c5-c9c6-4953-9114-88aa1897b70a/datanode-1/data/ratis] (custom)
2019-08-27 08:32:36,627 [main] INFO  replication.SimpleContainerDownloader (SimpleContainerDownloader.java:<init>(72)) - Starting container downloader service to copy containers to replicate.
2019-08-27 08:32:36,628 [main] INFO  hdfs.DFSUtil (DFSUtil.java:httpServerTemplateForNNAndJN(1641)) - Starting Web-server for hddsDatanode at: http://0.0.0.0:0
2019-08-27 08:32:36,631 [main] INFO  server.AuthenticationFilter (AuthenticationFilter.java:constructSecretProvider(240)) - Unable to initialize FileSignerSecretProvider, falling back to use random secrets.
2019-08-27 08:32:36,632 [main] WARN  http.HttpRequestLog (HttpRequestLog.java:getRequestLog(97)) - Jetty request log can only be enabled using Log4j
2019-08-27 08:32:36,634 [main] INFO  http.HttpServer2 (HttpServer2.java:addGlobalFilter(975)) - Added global filter 'safety' (class=org.apache.hadoop.http.HttpServer2$QuotingInputFilter)
2019-08-27 08:32:36,635 [main] INFO  http.HttpServer2 (HttpServer2.java:addFilter(948)) - Added filter static_user_filter (class=org.apache.hadoop.http.lib.StaticUserWebFilter$StaticUserFilter) to context hddsDatanode
2019-08-27 08:32:36,635 [main] INFO  http.HttpServer2 (HttpServer2.java:addFilter(958)) - Added filter static_user_filter (class=org.apache.hadoop.http.lib.StaticUserWebFilter$StaticUserFilter) to context static
2019-08-27 08:32:36,635 [main] INFO  http.HttpServer2 (HttpServer2.java:addFilter(958)) - Added filter static_user_filter (class=org.apache.hadoop.http.lib.StaticUserWebFilter$StaticUserFilter) to context logs
2019-08-27 08:32:36,636 [main] INFO  http.HttpServer2 (HttpServer2.java:bindListener(1191)) - Jetty bound to port 40649
2019-08-27 08:32:36,637 [main] INFO  server.Server (Server.java:doStart(351)) - jetty-9.3.24.v20180605, build timestamp: 2018-06-05T17:11:56Z, git hash: 84205aa28f11a4f31f2a3b86d1bba2cc8ab69827
2019-08-27 08:32:36,639 [main] INFO  handler.ContextHandler (ContextHandler.java:doStart(781)) - Started o.e.j.s.ServletContextHandler@6aea99e7{/logs,file:///workdir/hadoop-ozone/integration-test/target/log,AVAILABLE}
2019-08-27 08:32:36,640 [main] INFO  handler.ContextHandler (ContextHandler.java:doStart(781)) - Started o.e.j.s.ServletContextHandler@7841bd30{/static,jar:file:/home/user/.m2/repository/org/apache/hadoop/hadoop-hdds-container-service/0.5.0-SNAPSHOT/hadoop-hdds-container-service-0.5.0-SNAPSHOT.jar!/webapps/static,AVAILABLE}
2019-08-27 08:32:36,683 [main] INFO  handler.ContextHandler (ContextHandler.java:doStart(781)) - Started o.e.j.w.WebAppContext@454bcbbf{/,file:///tmp/jetty-0.0.0.0-40649-hddsDatanode-_-any-1938373986354456376.dir/webapp/,AVAILABLE}{/hddsDatanode}
2019-08-27 08:32:36,684 [main] INFO  server.AbstractConnector (AbstractConnector.java:doStart(278)) - Started ServerConnector@2c9fdb64{HTTP/1.1,[http/1.1]}{0.0.0.0:40649}
2019-08-27 08:32:36,685 [main] INFO  server.Server (Server.java:doStart(419)) - Started @592129ms
2019-08-27 08:32:36,686 [main] INFO  server.BaseHttpServer (BaseHttpServer.java:updateConnectorAddress(213)) - HTTP server of HDDSDATANODE is listening at http://0.0.0.0:40649
2019-08-27 08:32:36,686 [main] INFO  impl.MetricsSystemImpl (MetricsSystemImpl.java:init(158)) - HddsDatanode metrics system started (again)
2019-08-27 08:32:36,689 [org.apache.hadoop.util.JvmPauseMonitor$Monitor@1457cb87] INFO  util.JvmPauseMonitor (JvmPauseMonitor.java:run(188)) - Starting JVM pause monitor
2019-08-27 08:32:36,690 [main] INFO  ozone.HddsDatanodeService (HddsDatanodeService.java:start(184)) - HddsDatanodeService host:pr-hdds-738-64p2z-3138789487 ip:192.168.36.77
2019-08-27 08:32:36,691 [Datanode State Machine Thread - 0] INFO  datanode.InitDatanodeState (InitDatanodeState.java:persistContainerDatanodeDetails(140)) - DatanodeDetails is persisted to /workdir/hadoop-ozone/integration-test/target/test-dir/MiniOzoneClusterImpl-d49177c5-c9c6-4953-9114-88aa1897b70a/datanode-1/meta/datanode.id
2019-08-27 08:32:36,697 [main] INFO  volume.HddsVolume (HddsVolume.java:<init>(176)) - Creating Volume: /workdir/hadoop-ozone/integration-test/target/test-dir/MiniOzoneClusterImpl-d49177c5-c9c6-4953-9114-88aa1897b70a/datanode-2/data/containers/hdds of  storage type : DISK and capacity : 1482555576320
2019-08-27 08:32:36,698 [main] INFO  volume.VolumeSet (VolumeSet.java:initializeVolumeSet(170)) - Added Volume : /workdir/hadoop-ozone/integration-test/target/test-dir/MiniOzoneClusterImpl-d49177c5-c9c6-4953-9114-88aa1897b70a/datanode-2/data/containers/hdds to VolumeSet
2019-08-27 08:32:36,698 [main] INFO  volume.ThrottledAsyncChecker (ThrottledAsyncChecker.java:schedule(140)) - Scheduling a check for org.apache.hadoop.ozone.container.common.volume.HddsVolume@79ca7bea
2019-08-27 08:32:36,698 [main] INFO  volume.HddsVolumeChecker (HddsVolumeChecker.java:checkAllVolumes(203)) - Scheduled health check for volume org.apache.hadoop.ozone.container.common.volume.HddsVolume@79ca7bea
2019-08-27 08:32:36,715 [main] INFO  impl.RaftServerProxy (ConfUtils.java:logGet(43)) - raft.rpc.type = GRPC (default)
2019-08-27 08:32:36,716 [main] INFO  grpc.GrpcFactory (GrpcFactory.java:checkPooledByteBufAllocatorUseCacheForAllThreads(45)) - PERFORMANCE WARNING: useCacheForAllThreads is true that may cause Netty to create a lot garbage objects and, as a result, trigger GC.
	It is recommended to disable useCacheForAllThreads by setting -Dorg.apache.ratis.thirdparty.io.netty.allocator.useCacheForAllThreads=false in command line.
2019-08-27 08:32:36,716 [main] INFO  grpc.GrpcConfigKeys$Server (ConfUtils.java:logGet(43)) - raft.grpc.server.port = 0 (default)
2019-08-27 08:32:36,716 [main] INFO  server.GrpcService (ConfUtils.java:logGet(43)) - raft.grpc.message.size.max = 33570816 (custom)
2019-08-27 08:32:36,716 [main] INFO  server.RaftServerConfigKeys (ConfUtils.java:logGet(43)) - raft.server.log.appender.buffer.byte-limit = 33554432 (custom)
2019-08-27 08:32:36,716 [main] INFO  server.GrpcService (ConfUtils.java:logGet(43)) - raft.grpc.flow.control.window = 1MB (=1048576) (default)
2019-08-27 08:32:36,717 [main] INFO  server.RaftServerConfigKeys (ConfUtils.java:logGet(43)) - raft.server.rpc.request.timeout = 3000ms (default)
2019-08-27 08:32:36,717 [main] INFO  server.RaftServerConfigKeys (ConfUtils.java:logGet(43)) - raft.server.storage.dir = [/workdir/hadoop-ozone/integration-test/target/test-dir/MiniOzoneClusterImpl-d49177c5-c9c6-4953-9114-88aa1897b70a/datanode-2/data/ratis] (custom)
2019-08-27 08:32:36,718 [main] INFO  replication.SimpleContainerDownloader (SimpleContainerDownloader.java:<init>(72)) - Starting container downloader service to copy containers to replicate.
2019-08-27 08:32:36,719 [main] INFO  hdfs.DFSUtil (DFSUtil.java:httpServerTemplateForNNAndJN(1641)) - Starting Web-server for hddsDatanode at: http://0.0.0.0:0
2019-08-27 08:32:36,721 [main] INFO  server.AuthenticationFilter (AuthenticationFilter.java:constructSecretProvider(240)) - Unable to initialize FileSignerSecretProvider, falling back to use random secrets.
2019-08-27 08:32:36,721 [main] WARN  http.HttpRequestLog (HttpRequestLog.java:getRequestLog(97)) - Jetty request log can only be enabled using Log4j
2019-08-27 08:32:36,724 [main] INFO  http.HttpServer2 (HttpServer2.java:addGlobalFilter(975)) - Added global filter 'safety' (class=org.apache.hadoop.http.HttpServer2$QuotingInputFilter)
2019-08-27 08:32:36,724 [main] INFO  http.HttpServer2 (HttpServer2.java:addFilter(948)) - Added filter static_user_filter (class=org.apache.hadoop.http.lib.StaticUserWebFilter$StaticUserFilter) to context hddsDatanode
2019-08-27 08:32:36,725 [main] INFO  http.HttpServer2 (HttpServer2.java:addFilter(958)) - Added filter static_user_filter (class=org.apache.hadoop.http.lib.StaticUserWebFilter$StaticUserFilter) to context static
2019-08-27 08:32:36,725 [main] INFO  http.HttpServer2 (HttpServer2.java:addFilter(958)) - Added filter static_user_filter (class=org.apache.hadoop.http.lib.StaticUserWebFilter$StaticUserFilter) to context logs
2019-08-27 08:32:36,726 [main] INFO  http.HttpServer2 (HttpServer2.java:bindListener(1191)) - Jetty bound to port 42671
2019-08-27 08:32:36,726 [main] INFO  server.Server (Server.java:doStart(351)) - jetty-9.3.24.v20180605, build timestamp: 2018-06-05T17:11:56Z, git hash: 84205aa28f11a4f31f2a3b86d1bba2cc8ab69827
2019-08-27 08:32:36,729 [main] INFO  handler.ContextHandler (ContextHandler.java:doStart(781)) - Started o.e.j.s.ServletContextHandler@6c2a95d5{/logs,file:///workdir/hadoop-ozone/integration-test/target/log,AVAILABLE}
2019-08-27 08:32:36,730 [main] INFO  handler.ContextHandler (ContextHandler.java:doStart(781)) - Started o.e.j.s.ServletContextHandler@3f048c86{/static,jar:file:/home/user/.m2/repository/org/apache/hadoop/hadoop-hdds-container-service/0.5.0-SNAPSHOT/hadoop-hdds-container-service-0.5.0-SNAPSHOT.jar!/webapps/static,AVAILABLE}
2019-08-27 08:32:36,771 [main] INFO  handler.ContextHandler (ContextHandler.java:doStart(781)) - Started o.e.j.w.WebAppContext@4f3c7808{/,file:///tmp/jetty-0.0.0.0-42671-hddsDatanode-_-any-7784882003278711938.dir/webapp/,AVAILABLE}{/hddsDatanode}
2019-08-27 08:32:36,772 [main] INFO  server.AbstractConnector (AbstractConnector.java:doStart(278)) - Started ServerConnector@4b4969ea{HTTP/1.1,[http/1.1]}{0.0.0.0:42671}
2019-08-27 08:32:36,772 [main] INFO  server.Server (Server.java:doStart(419)) - Started @592216ms
2019-08-27 08:32:36,774 [main] INFO  server.BaseHttpServer (BaseHttpServer.java:updateConnectorAddress(213)) - HTTP server of HDDSDATANODE is listening at http://0.0.0.0:42671
2019-08-27 08:32:36,774 [main] INFO  impl.MetricsSystemImpl (MetricsSystemImpl.java:init(158)) - HddsDatanode metrics system started (again)
2019-08-27 08:32:36,778 [main] INFO  ozone.HddsDatanodeService (HddsDatanodeService.java:start(184)) - HddsDatanodeService host:pr-hdds-738-64p2z-3138789487 ip:192.168.36.77
2019-08-27 08:32:36,778 [org.apache.hadoop.util.JvmPauseMonitor$Monitor@4bdbe6b7] INFO  util.JvmPauseMonitor (JvmPauseMonitor.java:run(188)) - Starting JVM pause monitor
2019-08-27 08:32:36,779 [Datanode State Machine Thread - 0] INFO  datanode.InitDatanodeState (InitDatanodeState.java:persistContainerDatanodeDetails(140)) - DatanodeDetails is persisted to /workdir/hadoop-ozone/integration-test/target/test-dir/MiniOzoneClusterImpl-d49177c5-c9c6-4953-9114-88aa1897b70a/datanode-2/meta/datanode.id
2019-08-27 08:32:36,784 [main] INFO  volume.HddsVolume (HddsVolume.java:<init>(176)) - Creating Volume: /workdir/hadoop-ozone/integration-test/target/test-dir/MiniOzoneClusterImpl-d49177c5-c9c6-4953-9114-88aa1897b70a/datanode-3/data/containers/hdds of  storage type : DISK and capacity : 1482555576320
2019-08-27 08:32:36,785 [main] INFO  volume.VolumeSet (VolumeSet.java:initializeVolumeSet(170)) - Added Volume : /workdir/hadoop-ozone/integration-test/target/test-dir/MiniOzoneClusterImpl-d49177c5-c9c6-4953-9114-88aa1897b70a/datanode-3/data/containers/hdds to VolumeSet
2019-08-27 08:32:36,785 [main] INFO  volume.ThrottledAsyncChecker (ThrottledAsyncChecker.java:schedule(140)) - Scheduling a check for org.apache.hadoop.ozone.container.common.volume.HddsVolume@482f7af0
2019-08-27 08:32:36,785 [main] INFO  volume.HddsVolumeChecker (HddsVolumeChecker.java:checkAllVolumes(203)) - Scheduled health check for volume org.apache.hadoop.ozone.container.common.volume.HddsVolume@482f7af0
2019-08-27 08:32:36,805 [main] INFO  impl.RaftServerProxy (ConfUtils.java:logGet(43)) - raft.rpc.type = GRPC (default)
2019-08-27 08:32:36,806 [main] INFO  grpc.GrpcFactory (GrpcFactory.java:checkPooledByteBufAllocatorUseCacheForAllThreads(45)) - PERFORMANCE WARNING: useCacheForAllThreads is true that may cause Netty to create a lot garbage objects and, as a result, trigger GC.
	It is recommended to disable useCacheForAllThreads by setting -Dorg.apache.ratis.thirdparty.io.netty.allocator.useCacheForAllThreads=false in command line.
2019-08-27 08:32:36,806 [main] INFO  grpc.GrpcConfigKeys$Server (ConfUtils.java:logGet(43)) - raft.grpc.server.port = 0 (default)
2019-08-27 08:32:36,806 [main] INFO  server.GrpcService (ConfUtils.java:logGet(43)) - raft.grpc.message.size.max = 33570816 (custom)
2019-08-27 08:32:36,807 [main] INFO  server.RaftServerConfigKeys (ConfUtils.java:logGet(43)) - raft.server.log.appender.buffer.byte-limit = 33554432 (custom)
2019-08-27 08:32:36,807 [main] INFO  server.GrpcService (ConfUtils.java:logGet(43)) - raft.grpc.flow.control.window = 1MB (=1048576) (default)
2019-08-27 08:32:36,807 [main] INFO  server.RaftServerConfigKeys (ConfUtils.java:logGet(43)) - raft.server.rpc.request.timeout = 3000ms (default)
2019-08-27 08:32:36,808 [main] INFO  server.RaftServerConfigKeys (ConfUtils.java:logGet(43)) - raft.server.storage.dir = [/workdir/hadoop-ozone/integration-test/target/test-dir/MiniOzoneClusterImpl-d49177c5-c9c6-4953-9114-88aa1897b70a/datanode-3/data/ratis] (custom)
2019-08-27 08:32:36,808 [main] INFO  replication.SimpleContainerDownloader (SimpleContainerDownloader.java:<init>(72)) - Starting container downloader service to copy containers to replicate.
2019-08-27 08:32:36,810 [main] INFO  hdfs.DFSUtil (DFSUtil.java:httpServerTemplateForNNAndJN(1641)) - Starting Web-server for hddsDatanode at: http://0.0.0.0:0
2019-08-27 08:32:36,812 [main] INFO  server.AuthenticationFilter (AuthenticationFilter.java:constructSecretProvider(240)) - Unable to initialize FileSignerSecretProvider, falling back to use random secrets.
2019-08-27 08:32:36,813 [main] WARN  http.HttpRequestLog (HttpRequestLog.java:getRequestLog(97)) - Jetty request log can only be enabled using Log4j
2019-08-27 08:32:36,816 [main] INFO  http.HttpServer2 (HttpServer2.java:addGlobalFilter(975)) - Added global filter 'safety' (class=org.apache.hadoop.http.HttpServer2$QuotingInputFilter)
2019-08-27 08:32:36,816 [main] INFO  http.HttpServer2 (HttpServer2.java:addFilter(948)) - Added filter static_user_filter (class=org.apache.hadoop.http.lib.StaticUserWebFilter$StaticUserFilter) to context hddsDatanode
2019-08-27 08:32:36,817 [main] INFO  http.HttpServer2 (HttpServer2.java:addFilter(958)) - Added filter static_user_filter (class=org.apache.hadoop.http.lib.StaticUserWebFilter$StaticUserFilter) to context static
2019-08-27 08:32:36,817 [main] INFO  http.HttpServer2 (HttpServer2.java:addFilter(958)) - Added filter static_user_filter (class=org.apache.hadoop.http.lib.StaticUserWebFilter$StaticUserFilter) to context logs
2019-08-27 08:32:36,818 [main] INFO  http.HttpServer2 (HttpServer2.java:bindListener(1191)) - Jetty bound to port 32829
2019-08-27 08:32:36,818 [main] INFO  server.Server (Server.java:doStart(351)) - jetty-9.3.24.v20180605, build timestamp: 2018-06-05T17:11:56Z, git hash: 84205aa28f11a4f31f2a3b86d1bba2cc8ab69827
2019-08-27 08:32:36,821 [main] INFO  handler.ContextHandler (ContextHandler.java:doStart(781)) - Started o.e.j.s.ServletContextHandler@22a4ca4a{/logs,file:///workdir/hadoop-ozone/integration-test/target/log,AVAILABLE}
2019-08-27 08:32:36,821 [main] INFO  handler.ContextHandler (ContextHandler.java:doStart(781)) - Started o.e.j.s.ServletContextHandler@1e495414{/static,jar:file:/home/user/.m2/repository/org/apache/hadoop/hadoop-hdds-container-service/0.5.0-SNAPSHOT/hadoop-hdds-container-service-0.5.0-SNAPSHOT.jar!/webapps/static,AVAILABLE}
2019-08-27 08:32:36,862 [main] INFO  handler.ContextHandler (ContextHandler.java:doStart(781)) - Started o.e.j.w.WebAppContext@307cf964{/,file:///tmp/jetty-0.0.0.0-32829-hddsDatanode-_-any-3485220288134543761.dir/webapp/,AVAILABLE}{/hddsDatanode}
2019-08-27 08:32:36,862 [main] INFO  server.AbstractConnector (AbstractConnector.java:doStart(278)) - Started ServerConnector@374ccb9{HTTP/1.1,[http/1.1]}{0.0.0.0:32829}
2019-08-27 08:32:36,863 [main] INFO  server.Server (Server.java:doStart(419)) - Started @592306ms
2019-08-27 08:32:36,864 [main] INFO  server.BaseHttpServer (BaseHttpServer.java:updateConnectorAddress(213)) - HTTP server of HDDSDATANODE is listening at http://0.0.0.0:32829
2019-08-27 08:32:36,865 [main] INFO  impl.MetricsSystemImpl (MetricsSystemImpl.java:init(158)) - HddsDatanode metrics system started (again)
2019-08-27 08:32:36,868 [org.apache.hadoop.util.JvmPauseMonitor$Monitor@493c0c30] INFO  util.JvmPauseMonitor (JvmPauseMonitor.java:run(188)) - Starting JVM pause monitor
2019-08-27 08:32:36,869 [main] INFO  ozone.HddsDatanodeService (HddsDatanodeService.java:start(184)) - HddsDatanodeService host:pr-hdds-738-64p2z-3138789487 ip:192.168.36.77
2019-08-27 08:32:36,871 [Datanode State Machine Thread - 0] INFO  datanode.InitDatanodeState (InitDatanodeState.java:persistContainerDatanodeDetails(140)) - DatanodeDetails is persisted to /workdir/hadoop-ozone/integration-test/target/test-dir/MiniOzoneClusterImpl-d49177c5-c9c6-4953-9114-88aa1897b70a/datanode-3/meta/datanode.id
2019-08-27 08:32:36,876 [main] INFO  volume.HddsVolume (HddsVolume.java:<init>(176)) - Creating Volume: /workdir/hadoop-ozone/integration-test/target/test-dir/MiniOzoneClusterImpl-d49177c5-c9c6-4953-9114-88aa1897b70a/datanode-4/data/containers/hdds of  storage type : DISK and capacity : 1482555576320
2019-08-27 08:32:36,876 [main] INFO  volume.VolumeSet (VolumeSet.java:initializeVolumeSet(170)) - Added Volume : /workdir/hadoop-ozone/integration-test/target/test-dir/MiniOzoneClusterImpl-d49177c5-c9c6-4953-9114-88aa1897b70a/datanode-4/data/containers/hdds to VolumeSet
2019-08-27 08:32:36,876 [main] INFO  volume.ThrottledAsyncChecker (ThrottledAsyncChecker.java:schedule(140)) - Scheduling a check for org.apache.hadoop.ozone.container.common.volume.HddsVolume@39449465
2019-08-27 08:32:36,877 [main] INFO  volume.HddsVolumeChecker (HddsVolumeChecker.java:checkAllVolumes(203)) - Scheduled health check for volume org.apache.hadoop.ozone.container.common.volume.HddsVolume@39449465
2019-08-27 08:32:36,893 [main] INFO  impl.RaftServerProxy (ConfUtils.java:logGet(43)) - raft.rpc.type = GRPC (default)
2019-08-27 08:32:36,893 [main] INFO  grpc.GrpcFactory (GrpcFactory.java:checkPooledByteBufAllocatorUseCacheForAllThreads(45)) - PERFORMANCE WARNING: useCacheForAllThreads is true that may cause Netty to create a lot garbage objects and, as a result, trigger GC.
	It is recommended to disable useCacheForAllThreads by setting -Dorg.apache.ratis.thirdparty.io.netty.allocator.useCacheForAllThreads=false in command line.
2019-08-27 08:32:36,893 [main] INFO  grpc.GrpcConfigKeys$Server (ConfUtils.java:logGet(43)) - raft.grpc.server.port = 0 (default)
2019-08-27 08:32:36,894 [main] INFO  server.GrpcService (ConfUtils.java:logGet(43)) - raft.grpc.message.size.max = 33570816 (custom)
2019-08-27 08:32:36,894 [main] INFO  server.RaftServerConfigKeys (ConfUtils.java:logGet(43)) - raft.server.log.appender.buffer.byte-limit = 33554432 (custom)
2019-08-27 08:32:36,894 [main] INFO  server.GrpcService (ConfUtils.java:logGet(43)) - raft.grpc.flow.control.window = 1MB (=1048576) (default)
2019-08-27 08:32:36,894 [main] INFO  server.RaftServerConfigKeys (ConfUtils.java:logGet(43)) - raft.server.rpc.request.timeout = 3000ms (default)
2019-08-27 08:32:36,895 [main] INFO  server.RaftServerConfigKeys (ConfUtils.java:logGet(43)) - raft.server.storage.dir = [/workdir/hadoop-ozone/integration-test/target/test-dir/MiniOzoneClusterImpl-d49177c5-c9c6-4953-9114-88aa1897b70a/datanode-4/data/ratis] (custom)
2019-08-27 08:32:36,895 [main] INFO  replication.SimpleContainerDownloader (SimpleContainerDownloader.java:<init>(72)) - Starting container downloader service to copy containers to replicate.
2019-08-27 08:32:36,896 [main] INFO  hdfs.DFSUtil (DFSUtil.java:httpServerTemplateForNNAndJN(1641)) - Starting Web-server for hddsDatanode at: http://0.0.0.0:0
2019-08-27 08:32:36,897 [main] INFO  server.AuthenticationFilter (AuthenticationFilter.java:constructSecretProvider(240)) - Unable to initialize FileSignerSecretProvider, falling back to use random secrets.
2019-08-27 08:32:36,897 [main] WARN  http.HttpRequestLog (HttpRequestLog.java:getRequestLog(97)) - Jetty request log can only be enabled using Log4j
2019-08-27 08:32:36,899 [main] INFO  http.HttpServer2 (HttpServer2.java:addGlobalFilter(975)) - Added global filter 'safety' (class=org.apache.hadoop.http.HttpServer2$QuotingInputFilter)
2019-08-27 08:32:36,899 [main] INFO  http.HttpServer2 (HttpServer2.java:addFilter(948)) - Added filter static_user_filter (class=org.apache.hadoop.http.lib.StaticUserWebFilter$StaticUserFilter) to context hddsDatanode
2019-08-27 08:32:36,900 [main] INFO  http.HttpServer2 (HttpServer2.java:addFilter(958)) - Added filter static_user_filter (class=org.apache.hadoop.http.lib.StaticUserWebFilter$StaticUserFilter) to context logs
2019-08-27 08:32:36,900 [main] INFO  http.HttpServer2 (HttpServer2.java:addFilter(958)) - Added filter static_user_filter (class=org.apache.hadoop.http.lib.StaticUserWebFilter$StaticUserFilter) to context static
2019-08-27 08:32:36,900 [main] INFO  http.HttpServer2 (HttpServer2.java:bindListener(1191)) - Jetty bound to port 44075
2019-08-27 08:32:36,900 [main] INFO  server.Server (Server.java:doStart(351)) - jetty-9.3.24.v20180605, build timestamp: 2018-06-05T17:11:56Z, git hash: 84205aa28f11a4f31f2a3b86d1bba2cc8ab69827
2019-08-27 08:32:36,902 [main] INFO  handler.ContextHandler (ContextHandler.java:doStart(781)) - Started o.e.j.s.ServletContextHandler@5520f675{/logs,file:///workdir/hadoop-ozone/integration-test/target/log,AVAILABLE}
2019-08-27 08:32:36,903 [main] INFO  handler.ContextHandler (ContextHandler.java:doStart(781)) - Started o.e.j.s.ServletContextHandler@48f2054d{/static,jar:file:/home/user/.m2/repository/org/apache/hadoop/hadoop-hdds-container-service/0.5.0-SNAPSHOT/hadoop-hdds-container-service-0.5.0-SNAPSHOT.jar!/webapps/static,AVAILABLE}
2019-08-27 08:32:36,932 [main] INFO  handler.ContextHandler (ContextHandler.java:doStart(781)) - Started o.e.j.w.WebAppContext@4e958f08{/,file:///tmp/jetty-0.0.0.0-44075-hddsDatanode-_-any-3259965750907302681.dir/webapp/,AVAILABLE}{/hddsDatanode}
2019-08-27 08:32:36,932 [main] INFO  server.AbstractConnector (AbstractConnector.java:doStart(278)) - Started ServerConnector@71c0b742{HTTP/1.1,[http/1.1]}{0.0.0.0:44075}
2019-08-27 08:32:36,934 [main] INFO  server.Server (Server.java:doStart(419)) - Started @592378ms
2019-08-27 08:32:36,935 [main] INFO  server.BaseHttpServer (BaseHttpServer.java:updateConnectorAddress(213)) - HTTP server of HDDSDATANODE is listening at http://0.0.0.0:44075
2019-08-27 08:32:36,935 [main] INFO  impl.MetricsSystemImpl (MetricsSystemImpl.java:init(158)) - HddsDatanode metrics system started (again)
2019-08-27 08:32:36,939 [org.apache.hadoop.util.JvmPauseMonitor$Monitor@234ba52a] INFO  util.JvmPauseMonitor (JvmPauseMonitor.java:run(188)) - Starting JVM pause monitor
2019-08-27 08:32:36,939 [main] INFO  ozone.HddsDatanodeService (HddsDatanodeService.java:start(184)) - HddsDatanodeService host:pr-hdds-738-64p2z-3138789487 ip:192.168.36.77
2019-08-27 08:32:36,940 [Datanode State Machine Thread - 0] INFO  datanode.InitDatanodeState (InitDatanodeState.java:persistContainerDatanodeDetails(140)) - DatanodeDetails is persisted to /workdir/hadoop-ozone/integration-test/target/test-dir/MiniOzoneClusterImpl-d49177c5-c9c6-4953-9114-88aa1897b70a/datanode-4/meta/datanode.id
2019-08-27 08:32:36,945 [main] INFO  volume.HddsVolume (HddsVolume.java:<init>(176)) - Creating Volume: /workdir/hadoop-ozone/integration-test/target/test-dir/MiniOzoneClusterImpl-d49177c5-c9c6-4953-9114-88aa1897b70a/datanode-5/data/containers/hdds of  storage type : DISK and capacity : 1482555576320
2019-08-27 08:32:36,946 [main] INFO  volume.VolumeSet (VolumeSet.java:initializeVolumeSet(170)) - Added Volume : /workdir/hadoop-ozone/integration-test/target/test-dir/MiniOzoneClusterImpl-d49177c5-c9c6-4953-9114-88aa1897b70a/datanode-5/data/containers/hdds to VolumeSet
2019-08-27 08:32:36,946 [main] INFO  volume.ThrottledAsyncChecker (ThrottledAsyncChecker.java:schedule(140)) - Scheduling a check for org.apache.hadoop.ozone.container.common.volume.HddsVolume@5b066c33
2019-08-27 08:32:36,946 [main] INFO  volume.HddsVolumeChecker (HddsVolumeChecker.java:checkAllVolumes(203)) - Scheduled health check for volume org.apache.hadoop.ozone.container.common.volume.HddsVolume@5b066c33
2019-08-27 08:32:36,962 [main] INFO  impl.RaftServerProxy (ConfUtils.java:logGet(43)) - raft.rpc.type = GRPC (default)
2019-08-27 08:32:36,962 [main] INFO  grpc.GrpcFactory (GrpcFactory.java:checkPooledByteBufAllocatorUseCacheForAllThreads(45)) - PERFORMANCE WARNING: useCacheForAllThreads is true that may cause Netty to create a lot garbage objects and, as a result, trigger GC.
	It is recommended to disable useCacheForAllThreads by setting -Dorg.apache.ratis.thirdparty.io.netty.allocator.useCacheForAllThreads=false in command line.
2019-08-27 08:32:36,962 [main] INFO  grpc.GrpcConfigKeys$Server (ConfUtils.java:logGet(43)) - raft.grpc.server.port = 0 (default)
2019-08-27 08:32:36,963 [main] INFO  server.GrpcService (ConfUtils.java:logGet(43)) - raft.grpc.message.size.max = 33570816 (custom)
2019-08-27 08:32:36,963 [main] INFO  server.RaftServerConfigKeys (ConfUtils.java:logGet(43)) - raft.server.log.appender.buffer.byte-limit = 33554432 (custom)
2019-08-27 08:32:36,963 [main] INFO  server.GrpcService (ConfUtils.java:logGet(43)) - raft.grpc.flow.control.window = 1MB (=1048576) (default)
2019-08-27 08:32:36,963 [main] INFO  server.RaftServerConfigKeys (ConfUtils.java:logGet(43)) - raft.server.rpc.request.timeout = 3000ms (default)
2019-08-27 08:32:36,964 [main] INFO  server.RaftServerConfigKeys (ConfUtils.java:logGet(43)) - raft.server.storage.dir = [/workdir/hadoop-ozone/integration-test/target/test-dir/MiniOzoneClusterImpl-d49177c5-c9c6-4953-9114-88aa1897b70a/datanode-5/data/ratis] (custom)
2019-08-27 08:32:36,964 [main] INFO  replication.SimpleContainerDownloader (SimpleContainerDownloader.java:<init>(72)) - Starting container downloader service to copy containers to replicate.
2019-08-27 08:32:36,965 [main] INFO  hdfs.DFSUtil (DFSUtil.java:httpServerTemplateForNNAndJN(1641)) - Starting Web-server for hddsDatanode at: http://0.0.0.0:0
2019-08-27 08:32:36,967 [main] INFO  server.AuthenticationFilter (AuthenticationFilter.java:constructSecretProvider(240)) - Unable to initialize FileSignerSecretProvider, falling back to use random secrets.
2019-08-27 08:32:36,967 [main] WARN  http.HttpRequestLog (HttpRequestLog.java:getRequestLog(97)) - Jetty request log can only be enabled using Log4j
2019-08-27 08:32:36,969 [main] INFO  http.HttpServer2 (HttpServer2.java:addGlobalFilter(975)) - Added global filter 'safety' (class=org.apache.hadoop.http.HttpServer2$QuotingInputFilter)
2019-08-27 08:32:36,969 [main] INFO  http.HttpServer2 (HttpServer2.java:addFilter(948)) - Added filter static_user_filter (class=org.apache.hadoop.http.lib.StaticUserWebFilter$StaticUserFilter) to context hddsDatanode
2019-08-27 08:32:36,969 [main] INFO  http.HttpServer2 (HttpServer2.java:addFilter(958)) - Added filter static_user_filter (class=org.apache.hadoop.http.lib.StaticUserWebFilter$StaticUserFilter) to context static
2019-08-27 08:32:36,970 [main] INFO  http.HttpServer2 (HttpServer2.java:addFilter(958)) - Added filter static_user_filter (class=org.apache.hadoop.http.lib.StaticUserWebFilter$StaticUserFilter) to context logs
2019-08-27 08:32:36,970 [main] INFO  http.HttpServer2 (HttpServer2.java:bindListener(1191)) - Jetty bound to port 41410
2019-08-27 08:32:36,970 [main] INFO  server.Server (Server.java:doStart(351)) - jetty-9.3.24.v20180605, build timestamp: 2018-06-05T17:11:56Z, git hash: 84205aa28f11a4f31f2a3b86d1bba2cc8ab69827
2019-08-27 08:32:36,972 [main] INFO  handler.ContextHandler (ContextHandler.java:doStart(781)) - Started o.e.j.s.ServletContextHandler@3cc9632d{/logs,file:///workdir/hadoop-ozone/integration-test/target/log,AVAILABLE}
2019-08-27 08:32:36,972 [main] INFO  handler.ContextHandler (ContextHandler.java:doStart(781)) - Started o.e.j.s.ServletContextHandler@489110c2{/static,jar:file:/home/user/.m2/repository/org/apache/hadoop/hadoop-hdds-container-service/0.5.0-SNAPSHOT/hadoop-hdds-container-service-0.5.0-SNAPSHOT.jar!/webapps/static,AVAILABLE}
2019-08-27 08:32:37,000 [main] INFO  handler.ContextHandler (ContextHandler.java:doStart(781)) - Started o.e.j.w.WebAppContext@49491770{/,file:///tmp/jetty-0.0.0.0-41410-hddsDatanode-_-any-7933055646956624925.dir/webapp/,AVAILABLE}{/hddsDatanode}
2019-08-27 08:32:37,001 [main] INFO  server.AbstractConnector (AbstractConnector.java:doStart(278)) - Started ServerConnector@5bec3e0{HTTP/1.1,[http/1.1]}{0.0.0.0:41410}
2019-08-27 08:32:37,003 [main] INFO  server.Server (Server.java:doStart(419)) - Started @592446ms
2019-08-27 08:32:37,004 [main] INFO  server.BaseHttpServer (BaseHttpServer.java:updateConnectorAddress(213)) - HTTP server of HDDSDATANODE is listening at http://0.0.0.0:41410
2019-08-27 08:32:37,004 [main] INFO  impl.MetricsSystemImpl (MetricsSystemImpl.java:init(158)) - HddsDatanode metrics system started (again)
2019-08-27 08:32:37,005 [org.apache.hadoop.util.JvmPauseMonitor$Monitor@124f3897] INFO  util.JvmPauseMonitor (JvmPauseMonitor.java:run(188)) - Starting JVM pause monitor
2019-08-27 08:32:37,009 [Datanode State Machine Thread - 0] INFO  datanode.InitDatanodeState (InitDatanodeState.java:persistContainerDatanodeDetails(140)) - DatanodeDetails is persisted to /workdir/hadoop-ozone/integration-test/target/test-dir/MiniOzoneClusterImpl-d49177c5-c9c6-4953-9114-88aa1897b70a/datanode-5/meta/datanode.id
2019-08-27 08:32:37,010 [main] INFO  ozone.HddsDatanodeService (HddsDatanodeService.java:start(184)) - HddsDatanodeService host:pr-hdds-738-64p2z-3138789487 ip:192.168.36.77
2019-08-27 08:32:37,016 [main] INFO  volume.HddsVolume (HddsVolume.java:<init>(176)) - Creating Volume: /workdir/hadoop-ozone/integration-test/target/test-dir/MiniOzoneClusterImpl-d49177c5-c9c6-4953-9114-88aa1897b70a/datanode-6/data/containers/hdds of  storage type : DISK and capacity : 1482555576320
2019-08-27 08:32:37,017 [main] INFO  volume.VolumeSet (VolumeSet.java:initializeVolumeSet(170)) - Added Volume : /workdir/hadoop-ozone/integration-test/target/test-dir/MiniOzoneClusterImpl-d49177c5-c9c6-4953-9114-88aa1897b70a/datanode-6/data/containers/hdds to VolumeSet
2019-08-27 08:32:37,017 [main] INFO  volume.ThrottledAsyncChecker (ThrottledAsyncChecker.java:schedule(140)) - Scheduling a check for org.apache.hadoop.ozone.container.common.volume.HddsVolume@cf01c2e
2019-08-27 08:32:37,017 [main] INFO  volume.HddsVolumeChecker (HddsVolumeChecker.java:checkAllVolumes(203)) - Scheduled health check for volume org.apache.hadoop.ozone.container.common.volume.HddsVolume@cf01c2e
2019-08-27 08:32:37,043 [main] INFO  impl.RaftServerProxy (ConfUtils.java:logGet(43)) - raft.rpc.type = GRPC (default)
2019-08-27 08:32:37,044 [main] INFO  grpc.GrpcFactory (GrpcFactory.java:checkPooledByteBufAllocatorUseCacheForAllThreads(45)) - PERFORMANCE WARNING: useCacheForAllThreads is true that may cause Netty to create a lot garbage objects and, as a result, trigger GC.
	It is recommended to disable useCacheForAllThreads by setting -Dorg.apache.ratis.thirdparty.io.netty.allocator.useCacheForAllThreads=false in command line.
2019-08-27 08:32:37,044 [main] INFO  grpc.GrpcConfigKeys$Server (ConfUtils.java:logGet(43)) - raft.grpc.server.port = 0 (default)
2019-08-27 08:32:37,044 [main] INFO  server.GrpcService (ConfUtils.java:logGet(43)) - raft.grpc.message.size.max = 33570816 (custom)
2019-08-27 08:32:37,044 [main] INFO  server.RaftServerConfigKeys (ConfUtils.java:logGet(43)) - raft.server.log.appender.buffer.byte-limit = 33554432 (custom)
2019-08-27 08:32:37,045 [main] INFO  server.GrpcService (ConfUtils.java:logGet(43)) - raft.grpc.flow.control.window = 1MB (=1048576) (default)
2019-08-27 08:32:37,045 [main] INFO  server.RaftServerConfigKeys (ConfUtils.java:logGet(43)) - raft.server.rpc.request.timeout = 3000ms (default)
2019-08-27 08:32:37,045 [main] INFO  server.RaftServerConfigKeys (ConfUtils.java:logGet(43)) - raft.server.storage.dir = [/workdir/hadoop-ozone/integration-test/target/test-dir/MiniOzoneClusterImpl-d49177c5-c9c6-4953-9114-88aa1897b70a/datanode-6/data/ratis] (custom)
2019-08-27 08:32:37,046 [main] INFO  replication.SimpleContainerDownloader (SimpleContainerDownloader.java:<init>(72)) - Starting container downloader service to copy containers to replicate.
2019-08-27 08:32:37,047 [main] INFO  hdfs.DFSUtil (DFSUtil.java:httpServerTemplateForNNAndJN(1641)) - Starting Web-server for hddsDatanode at: http://0.0.0.0:0
2019-08-27 08:32:37,048 [main] INFO  server.AuthenticationFilter (AuthenticationFilter.java:constructSecretProvider(240)) - Unable to initialize FileSignerSecretProvider, falling back to use random secrets.
2019-08-27 08:32:37,049 [main] WARN  http.HttpRequestLog (HttpRequestLog.java:getRequestLog(97)) - Jetty request log can only be enabled using Log4j
2019-08-27 08:32:37,051 [main] INFO  http.HttpServer2 (HttpServer2.java:addGlobalFilter(975)) - Added global filter 'safety' (class=org.apache.hadoop.http.HttpServer2$QuotingInputFilter)
2019-08-27 08:32:37,051 [main] INFO  http.HttpServer2 (HttpServer2.java:addFilter(948)) - Added filter static_user_filter (class=org.apache.hadoop.http.lib.StaticUserWebFilter$StaticUserFilter) to context hddsDatanode
2019-08-27 08:32:37,051 [main] INFO  http.HttpServer2 (HttpServer2.java:addFilter(958)) - Added filter static_user_filter (class=org.apache.hadoop.http.lib.StaticUserWebFilter$StaticUserFilter) to context static
2019-08-27 08:32:37,052 [main] INFO  http.HttpServer2 (HttpServer2.java:addFilter(958)) - Added filter static_user_filter (class=org.apache.hadoop.http.lib.StaticUserWebFilter$StaticUserFilter) to context logs
2019-08-27 08:32:37,052 [main] INFO  http.HttpServer2 (HttpServer2.java:bindListener(1191)) - Jetty bound to port 37802
2019-08-27 08:32:37,053 [main] INFO  server.Server (Server.java:doStart(351)) - jetty-9.3.24.v20180605, build timestamp: 2018-06-05T17:11:56Z, git hash: 84205aa28f11a4f31f2a3b86d1bba2cc8ab69827
2019-08-27 08:32:37,054 [main] INFO  handler.ContextHandler (ContextHandler.java:doStart(781)) - Started o.e.j.s.ServletContextHandler@7d7ceca8{/logs,file:///workdir/hadoop-ozone/integration-test/target/log,AVAILABLE}
2019-08-27 08:32:37,057 [main] INFO  handler.ContextHandler (ContextHandler.java:doStart(781)) - Started o.e.j.s.ServletContextHandler@26c7b1c6{/static,jar:file:/home/user/.m2/repository/org/apache/hadoop/hadoop-hdds-container-service/0.5.0-SNAPSHOT/hadoop-hdds-container-service-0.5.0-SNAPSHOT.jar!/webapps/static,AVAILABLE}
2019-08-27 08:32:37,094 [main] INFO  handler.ContextHandler (ContextHandler.java:doStart(781)) - Started o.e.j.w.WebAppContext@7767bd4e{/,file:///tmp/jetty-0.0.0.0-37802-hddsDatanode-_-any-2286738422245634428.dir/webapp/,AVAILABLE}{/hddsDatanode}
2019-08-27 08:32:37,095 [main] INFO  server.AbstractConnector (AbstractConnector.java:doStart(278)) - Started ServerConnector@7708b66a{HTTP/1.1,[http/1.1]}{0.0.0.0:37802}
2019-08-27 08:32:37,101 [main] INFO  server.Server (Server.java:doStart(419)) - Started @592545ms
2019-08-27 08:32:37,102 [main] INFO  server.BaseHttpServer (BaseHttpServer.java:updateConnectorAddress(213)) - HTTP server of HDDSDATANODE is listening at http://0.0.0.0:37802
2019-08-27 08:32:37,102 [main] INFO  ozone.MiniOzoneClusterImpl (MiniOzoneClusterImpl.java:lambda$waitForClusterToBeReady$0(140)) - Waiting for cluster to be ready. Got 0 of 7 DN Heartbeats.
2019-08-27 08:32:37,104 [org.apache.hadoop.util.JvmPauseMonitor$Monitor@83dcaa7] INFO  util.JvmPauseMonitor (JvmPauseMonitor.java:run(188)) - Starting JVM pause monitor
2019-08-27 08:32:37,105 [Datanode State Machine Thread - 0] INFO  datanode.InitDatanodeState (InitDatanodeState.java:persistContainerDatanodeDetails(140)) - DatanodeDetails is persisted to /workdir/hadoop-ozone/integration-test/target/test-dir/MiniOzoneClusterImpl-d49177c5-c9c6-4953-9114-88aa1897b70a/datanode-6/meta/datanode.id
2019-08-27 08:32:38,103 [main] INFO  ozone.MiniOzoneClusterImpl (MiniOzoneClusterImpl.java:lambda$waitForClusterToBeReady$0(140)) - Waiting for cluster to be ready. Got 0 of 7 DN Heartbeats.
2019-08-27 08:32:38,600 | INFO  | SCMAudit | user=jenkins1000 | ip=192.168.36.77 | op=GET_VERSION null | ret=SUCCESS |  
2019-08-27 08:32:38,616 [Datanode State Machine Thread - 0] INFO  ozoneimpl.OzoneContainer (OzoneContainer.java:start(186)) - Attempting to start container services.
2019-08-27 08:32:38,616 [Datanode State Machine Thread - 0] INFO  ozoneimpl.OzoneContainer (OzoneContainer.java:startContainerScrub(160)) - Background container scrubber has been disabled by hdds.containerscrub.enabled
2019-08-27 08:32:38,617 [Datanode State Machine Thread - 0] INFO  ratis.XceiverServerRatis (XceiverServerRatis.java:start(404)) - Starting XceiverServerRatis a7415c16-3934-426f-880c-bd70b649961c at port 0
2019-08-27 08:32:38,624 [Datanode State Machine Thread - 0] INFO  impl.RaftServerProxy (RaftServerProxy.java:lambda$start$3(299)) - a7415c16-3934-426f-880c-bd70b649961c: start RPC server
2019-08-27 08:32:38,627 [Datanode State Machine Thread - 0] INFO  server.GrpcService (GrpcService.java:startImpl(149)) - a7415c16-3934-426f-880c-bd70b649961c: GrpcService started, listening on 0.0.0.0/0.0.0.0:40640
2019-08-27 08:32:38,628 [Datanode State Machine Thread - 0] INFO  ratis.XceiverServerRatis (XceiverServerRatis.java:start(414)) - XceiverServerRatis a7415c16-3934-426f-880c-bd70b649961c is started using port 40640
2019-08-27 08:32:38,633 [Datanode State Machine Thread - 0] INFO  server.XceiverServerGrpc (XceiverServerGrpc.java:start(161)) - XceiverServerGrpc a7415c16-3934-426f-880c-bd70b649961c is started using port 41306
2019-08-27 08:32:38,690 | INFO  | SCMAudit | user=jenkins1000 | ip=192.168.36.77 | op=GET_VERSION null | ret=SUCCESS |  
2019-08-27 08:32:38,705 [Datanode State Machine Thread - 0] INFO  ozoneimpl.OzoneContainer (OzoneContainer.java:start(186)) - Attempting to start container services.
2019-08-27 08:32:38,706 [Datanode State Machine Thread - 0] INFO  ozoneimpl.OzoneContainer (OzoneContainer.java:startContainerScrub(160)) - Background container scrubber has been disabled by hdds.containerscrub.enabled
2019-08-27 08:32:38,706 [Datanode State Machine Thread - 0] INFO  ratis.XceiverServerRatis (XceiverServerRatis.java:start(404)) - Starting XceiverServerRatis 50c0ab61-1758-43d2-a587-5cb94a3c81fe at port 0
2019-08-27 08:32:38,714 [Datanode State Machine Thread - 0] INFO  impl.RaftServerProxy (RaftServerProxy.java:lambda$start$3(299)) - 50c0ab61-1758-43d2-a587-5cb94a3c81fe: start RPC server
2019-08-27 08:32:38,717 [Datanode State Machine Thread - 0] INFO  server.GrpcService (GrpcService.java:startImpl(149)) - 50c0ab61-1758-43d2-a587-5cb94a3c81fe: GrpcService started, listening on 0.0.0.0/0.0.0.0:42824
2019-08-27 08:32:38,717 [Datanode State Machine Thread - 0] INFO  ratis.XceiverServerRatis (XceiverServerRatis.java:start(414)) - XceiverServerRatis 50c0ab61-1758-43d2-a587-5cb94a3c81fe is started using port 42824
2019-08-27 08:32:38,717 [Datanode State Machine Thread - 0] INFO  server.XceiverServerGrpc (XceiverServerGrpc.java:start(161)) - XceiverServerGrpc 50c0ab61-1758-43d2-a587-5cb94a3c81fe is started using port 44918
2019-08-27 08:32:38,778 | INFO  | SCMAudit | user=jenkins1000 | ip=192.168.36.77 | op=GET_VERSION null | ret=SUCCESS |  
2019-08-27 08:32:38,792 [Datanode State Machine Thread - 0] INFO  ozoneimpl.OzoneContainer (OzoneContainer.java:start(186)) - Attempting to start container services.
2019-08-27 08:32:38,792 [Datanode State Machine Thread - 0] INFO  ozoneimpl.OzoneContainer (OzoneContainer.java:startContainerScrub(160)) - Background container scrubber has been disabled by hdds.containerscrub.enabled
2019-08-27 08:32:38,792 [Datanode State Machine Thread - 0] INFO  ratis.XceiverServerRatis (XceiverServerRatis.java:start(404)) - Starting XceiverServerRatis 0d19c57b-e104-4f48-977d-bd1ef2c3206a at port 0
2019-08-27 08:32:38,800 [Datanode State Machine Thread - 0] INFO  impl.RaftServerProxy (RaftServerProxy.java:lambda$start$3(299)) - 0d19c57b-e104-4f48-977d-bd1ef2c3206a: start RPC server
2019-08-27 08:32:38,801 [Datanode State Machine Thread - 0] INFO  server.GrpcService (GrpcService.java:startImpl(149)) - 0d19c57b-e104-4f48-977d-bd1ef2c3206a: GrpcService started, listening on 0.0.0.0/0.0.0.0:35275
2019-08-27 08:32:38,801 [Datanode State Machine Thread - 0] INFO  ratis.XceiverServerRatis (XceiverServerRatis.java:start(414)) - XceiverServerRatis 0d19c57b-e104-4f48-977d-bd1ef2c3206a is started using port 35275
2019-08-27 08:32:38,801 [Datanode State Machine Thread - 0] INFO  server.XceiverServerGrpc (XceiverServerGrpc.java:start(161)) - XceiverServerGrpc 0d19c57b-e104-4f48-977d-bd1ef2c3206a is started using port 44726
2019-08-27 08:32:38,869 | INFO  | SCMAudit | user=jenkins1000 | ip=192.168.36.77 | op=GET_VERSION null | ret=SUCCESS |  
2019-08-27 08:32:38,882 [Datanode State Machine Thread - 0] INFO  ozoneimpl.OzoneContainer (OzoneContainer.java:start(186)) - Attempting to start container services.
2019-08-27 08:32:38,882 [Datanode State Machine Thread - 0] INFO  ozoneimpl.OzoneContainer (OzoneContainer.java:startContainerScrub(160)) - Background container scrubber has been disabled by hdds.containerscrub.enabled
2019-08-27 08:32:38,882 [Datanode State Machine Thread - 0] INFO  ratis.XceiverServerRatis (XceiverServerRatis.java:start(404)) - Starting XceiverServerRatis 345d10c5-4a03-4a5c-baf7-3e40504e58a5 at port 0
2019-08-27 08:32:38,891 [Datanode State Machine Thread - 0] INFO  impl.RaftServerProxy (RaftServerProxy.java:lambda$start$3(299)) - 345d10c5-4a03-4a5c-baf7-3e40504e58a5: start RPC server
2019-08-27 08:32:38,892 [Datanode State Machine Thread - 0] INFO  server.GrpcService (GrpcService.java:startImpl(149)) - 345d10c5-4a03-4a5c-baf7-3e40504e58a5: GrpcService started, listening on 0.0.0.0/0.0.0.0:44664
2019-08-27 08:32:38,893 [Datanode State Machine Thread - 0] INFO  ratis.XceiverServerRatis (XceiverServerRatis.java:start(414)) - XceiverServerRatis 345d10c5-4a03-4a5c-baf7-3e40504e58a5 is started using port 44664
2019-08-27 08:32:38,893 [Datanode State Machine Thread - 0] INFO  server.XceiverServerGrpc (XceiverServerGrpc.java:start(161)) - XceiverServerGrpc 345d10c5-4a03-4a5c-baf7-3e40504e58a5 is started using port 43383
2019-08-27 08:32:38,940 | INFO  | SCMAudit | user=jenkins1000 | ip=192.168.36.77 | op=GET_VERSION null | ret=SUCCESS |  
2019-08-27 08:32:38,954 [Datanode State Machine Thread - 0] INFO  ozoneimpl.OzoneContainer (OzoneContainer.java:start(186)) - Attempting to start container services.
2019-08-27 08:32:38,954 [Datanode State Machine Thread - 0] INFO  ozoneimpl.OzoneContainer (OzoneContainer.java:startContainerScrub(160)) - Background container scrubber has been disabled by hdds.containerscrub.enabled
2019-08-27 08:32:38,954 [Datanode State Machine Thread - 0] INFO  ratis.XceiverServerRatis (XceiverServerRatis.java:start(404)) - Starting XceiverServerRatis 47cde36c-9fa2-4fed-9254-c7cf08d1e5f9 at port 0
2019-08-27 08:32:38,961 [Datanode State Machine Thread - 0] INFO  impl.RaftServerProxy (RaftServerProxy.java:lambda$start$3(299)) - 47cde36c-9fa2-4fed-9254-c7cf08d1e5f9: start RPC server
2019-08-27 08:32:38,962 [Datanode State Machine Thread - 0] INFO  server.GrpcService (GrpcService.java:startImpl(149)) - 47cde36c-9fa2-4fed-9254-c7cf08d1e5f9: GrpcService started, listening on 0.0.0.0/0.0.0.0:44491
2019-08-27 08:32:38,962 [Datanode State Machine Thread - 0] INFO  ratis.XceiverServerRatis (XceiverServerRatis.java:start(414)) - XceiverServerRatis 47cde36c-9fa2-4fed-9254-c7cf08d1e5f9 is started using port 44491
2019-08-27 08:32:38,966 [Datanode State Machine Thread - 0] INFO  server.XceiverServerGrpc (XceiverServerGrpc.java:start(161)) - XceiverServerGrpc 47cde36c-9fa2-4fed-9254-c7cf08d1e5f9 is started using port 46225
2019-08-27 08:32:39,005 | INFO  | SCMAudit | user=jenkins1000 | ip=192.168.36.77 | op=GET_VERSION null | ret=SUCCESS |  
2019-08-27 08:32:39,019 [Datanode State Machine Thread - 0] INFO  ozoneimpl.OzoneContainer (OzoneContainer.java:start(186)) - Attempting to start container services.
2019-08-27 08:32:39,019 [Datanode State Machine Thread - 0] INFO  ozoneimpl.OzoneContainer (OzoneContainer.java:startContainerScrub(160)) - Background container scrubber has been disabled by hdds.containerscrub.enabled
2019-08-27 08:32:39,019 [Datanode State Machine Thread - 0] INFO  ratis.XceiverServerRatis (XceiverServerRatis.java:start(404)) - Starting XceiverServerRatis c179a657-9165-49fe-9ad6-e054b9d56145 at port 0
2019-08-27 08:32:39,025 [Datanode State Machine Thread - 0] INFO  impl.RaftServerProxy (RaftServerProxy.java:lambda$start$3(299)) - c179a657-9165-49fe-9ad6-e054b9d56145: start RPC server
2019-08-27 08:32:39,029 [Datanode State Machine Thread - 0] INFO  server.GrpcService (GrpcService.java:startImpl(149)) - c179a657-9165-49fe-9ad6-e054b9d56145: GrpcService started, listening on 0.0.0.0/0.0.0.0:45949
2019-08-27 08:32:39,029 [Datanode State Machine Thread - 0] INFO  ratis.XceiverServerRatis (XceiverServerRatis.java:start(414)) - XceiverServerRatis c179a657-9165-49fe-9ad6-e054b9d56145 is started using port 45949
2019-08-27 08:32:39,031 [Datanode State Machine Thread - 0] INFO  server.XceiverServerGrpc (XceiverServerGrpc.java:start(161)) - XceiverServerGrpc c179a657-9165-49fe-9ad6-e054b9d56145 is started using port 35144
2019-08-27 08:32:39,103 [main] INFO  ozone.MiniOzoneClusterImpl (MiniOzoneClusterImpl.java:lambda$waitForClusterToBeReady$0(140)) - Waiting for cluster to be ready. Got 0 of 7 DN Heartbeats.
2019-08-27 08:32:39,105 | INFO  | SCMAudit | user=jenkins1000 | ip=192.168.36.77 | op=GET_VERSION null | ret=SUCCESS |  
2019-08-27 08:32:39,119 [Datanode State Machine Thread - 0] INFO  ozoneimpl.OzoneContainer (OzoneContainer.java:start(186)) - Attempting to start container services.
2019-08-27 08:32:39,119 [Datanode State Machine Thread - 0] INFO  ozoneimpl.OzoneContainer (OzoneContainer.java:startContainerScrub(160)) - Background container scrubber has been disabled by hdds.containerscrub.enabled
2019-08-27 08:32:39,119 [Datanode State Machine Thread - 0] INFO  ratis.XceiverServerRatis (XceiverServerRatis.java:start(404)) - Starting XceiverServerRatis 54ae50f6-2c43-44f1-944a-6e503a426641 at port 0
2019-08-27 08:32:39,125 [Datanode State Machine Thread - 0] INFO  impl.RaftServerProxy (RaftServerProxy.java:lambda$start$3(299)) - 54ae50f6-2c43-44f1-944a-6e503a426641: start RPC server
2019-08-27 08:32:39,125 [Datanode State Machine Thread - 0] INFO  server.GrpcService (GrpcService.java:startImpl(149)) - 54ae50f6-2c43-44f1-944a-6e503a426641: GrpcService started, listening on 0.0.0.0/0.0.0.0:36422
2019-08-27 08:32:39,125 [Datanode State Machine Thread - 0] INFO  ratis.XceiverServerRatis (XceiverServerRatis.java:start(414)) - XceiverServerRatis 54ae50f6-2c43-44f1-944a-6e503a426641 is started using port 36422
2019-08-27 08:32:39,126 [Datanode State Machine Thread - 0] INFO  server.XceiverServerGrpc (XceiverServerGrpc.java:start(161)) - XceiverServerGrpc 54ae50f6-2c43-44f1-944a-6e503a426641 is started using port 34117
2019-08-27 08:32:40,104 [main] INFO  ozone.MiniOzoneClusterImpl (MiniOzoneClusterImpl.java:lambda$waitForClusterToBeReady$0(140)) - Waiting for cluster to be ready. Got 0 of 7 DN Heartbeats.
2019-08-27 08:32:40,600 [IPC Server handler 5 on 40052] INFO  net.NetworkTopology (NetworkTopologyImpl.java:add(110)) - Added a new node: /default-rack/a7415c16-3934-426f-880c-bd70b649961c
2019-08-27 08:32:40,603 [IPC Server handler 5 on 40052] INFO  node.SCMNodeManager (SCMNodeManager.java:register(273)) - Registered Data node : a7415c16-3934-426f-880c-bd70b649961c{ip: 192.168.36.77, host: pr-hdds-738-64p2z-3138789487, networkLocation: /default-rack, certSerialId: null}
2019-08-27 08:32:40,604 | INFO  | SCMAudit | user=jenkins1000 | ip=192.168.36.77 | op=REGISTER {datanodeDetails=a7415c16-3934-426f-880c-bd70b649961c{ip: 192.168.36.77, host: pr-hdds-738-64p2z-3138789487, networkLocation: /default-rack, certSerialId: null}} | ret=SUCCESS |  
2019-08-27 08:32:40,604 [EventQueue-NodeRegistrationContainerReportForDataNodeSafeModeRule] INFO  safemode.SCMSafeModeManager (DataNodeSafeModeRule.java:process(71)) - SCM in safe mode. 1 DataNodes registered, 1 required.
2019-08-27 08:32:40,606 [EventQueue-NodeRegistrationContainerReportForDataNodeSafeModeRule] INFO  safemode.SCMSafeModeManager (SCMSafeModeManager.java:validateSafeModeExitRules(177)) - ScmSafeModeManager, all rules are successfully validated
2019-08-27 08:32:40,607 [EventQueue-NodeRegistrationContainerReportForDataNodeSafeModeRule] INFO  safemode.SCMSafeModeManager (SCMSafeModeManager.java:exitSafeMode(193)) - SCM exiting safe mode.
2019-08-27 08:32:40,617 [grpc-default-executor-9] INFO  impl.RaftServerProxy (RaftServerProxy.java:addNew(89)) - a7415c16-3934-426f-880c-bd70b649961c: addNew group-F3466C240088:[a7415c16-3934-426f-880c-bd70b649961c:192.168.36.77:40640] returns group-F3466C240088:java.util.concurrent.CompletableFuture@4d5f97cb[Not completed]
2019-08-27 08:32:40,619 [pool-439-thread-1] INFO  impl.RaftServerImpl (RaftServerImpl.java:<init>(93)) - a7415c16-3934-426f-880c-bd70b649961c: new RaftServerImpl for group-F3466C240088:[a7415c16-3934-426f-880c-bd70b649961c:192.168.36.77:40640] with ContainerStateMachine:uninitialized
2019-08-27 08:32:40,619 [pool-439-thread-1] INFO  server.RaftServerConfigKeys (ConfUtils.java:logGet(43)) - raft.server.rpc.timeout.min = 5s (custom)
2019-08-27 08:32:40,619 [pool-439-thread-1] INFO  server.RaftServerConfigKeys (ConfUtils.java:logGet(43)) - raft.server.rpc.timeout.max = 5200ms (custom)
2019-08-27 08:32:40,619 [pool-439-thread-1] INFO  server.RaftServerConfigKeys (ConfUtils.java:logGet(43)) - raft.server.rpcslowness.timeout = 120s (custom)
2019-08-27 08:32:40,620 [pool-439-thread-1] INFO  server.RaftServerConfigKeys (ConfUtils.java:logGet(43)) - raft.server.sleep.deviation.threshold = 300 (default)
2019-08-27 08:32:40,620 [pool-439-thread-1] INFO  server.RaftServerConfigKeys (ConfUtils.java:logGet(43)) - raft.server.log.appender.install.snapshot.enabled = false (custom)
2019-08-27 08:32:40,620 [pool-439-thread-1] INFO  impl.RaftServerImpl (ServerState.java:<init>(105)) - a7415c16-3934-426f-880c-bd70b649961c:group-F3466C240088 ConfigurationManager, init=-1: [a7415c16-3934-426f-880c-bd70b649961c:192.168.36.77:40640], old=null, confs=<EMPTY_MAP>
2019-08-27 08:32:40,620 [pool-439-thread-1] INFO  server.RaftServerConfigKeys (ConfUtils.java:logGet(43)) - raft.server.storage.dir = [/workdir/hadoop-ozone/integration-test/target/test-dir/MiniOzoneClusterImpl-d49177c5-c9c6-4953-9114-88aa1897b70a/datanode-0/data/ratis] (custom)
2019-08-27 08:32:40,621 [pool-439-thread-1] INFO  storage.RaftStorageDirectory (RaftStorageDirectory.java:analyzeStorage(246)) - The storage directory /workdir/hadoop-ozone/integration-test/target/test-dir/MiniOzoneClusterImpl-d49177c5-c9c6-4953-9114-88aa1897b70a/datanode-0/data/ratis/9364c588-ee77-437c-a497-f3466c240088 does not exist. Creating ...
2019-08-27 08:32:40,634 [pool-439-thread-1] INFO  storage.RaftStorageDirectory (RaftStorageDirectory.java:tryLock(328)) - Lock on /workdir/hadoop-ozone/integration-test/target/test-dir/MiniOzoneClusterImpl-d49177c5-c9c6-4953-9114-88aa1897b70a/datanode-0/data/ratis/9364c588-ee77-437c-a497-f3466c240088/in_use.lock acquired by nodename 22230@pr-hdds-738-64p2z-3138789487
2019-08-27 08:32:40,648 [pool-439-thread-1] INFO  storage.RaftStorage (RaftStorage.java:format(72)) - Storage directory /workdir/hadoop-ozone/integration-test/target/test-dir/MiniOzoneClusterImpl-d49177c5-c9c6-4953-9114-88aa1897b70a/datanode-0/data/ratis/9364c588-ee77-437c-a497-f3466c240088 has been successfully formatted.
2019-08-27 08:32:40,648 [pool-439-thread-1] INFO  ratis.ContainerStateMachine (ContainerStateMachine.java:loadSnapshot(226)) - group-F3466C240088: The snapshot info is null. Setting the last applied indexto:(t:0, i:~)
2019-08-27 08:32:40,648 [pool-439-thread-1] INFO  server.RaftServerConfigKeys (ConfUtils.java:logGet(43)) - raft.server.leader.election.timeout = 120s (custom)
2019-08-27 08:32:40,648 [pool-439-thread-1] INFO  server.RaftServerConfigKeys (ConfUtils.java:logGet(43)) - raft.server.log.use.memory = false (default)
2019-08-27 08:32:40,649 [pool-439-thread-1] INFO  server.RaftServerConfigKeys (ConfUtils.java:logGet(43)) - raft.server.log.purge.gap = 1000000 (custom)
2019-08-27 08:32:40,649 [pool-439-thread-1] INFO  server.RaftServerConfigKeys (ConfUtils.java:logGet(43)) - raft.server.log.appender.buffer.byte-limit = 33554432 (custom)
2019-08-27 08:32:40,649 [pool-439-thread-1] INFO  server.RaftServerConfigKeys (ConfUtils.java:logGet(43)) - raft.server.log.segment.size.max = 1048576 (custom)
2019-08-27 08:32:40,649 [pool-439-thread-1] INFO  server.RaftServerConfigKeys (ConfUtils.java:logGet(43)) - raft.server.log.segment.cache.num.max = 2 (custom)
2019-08-27 08:32:40,649 [pool-439-thread-1] INFO  segmented.SegmentedRaftLogWorker (SegmentedRaftLogWorker.java:<init>(172)) - new a7415c16-3934-426f-880c-bd70b649961c-SegmentedRaftLogWorker:Storage Directory /workdir/hadoop-ozone/integration-test/target/test-dir/MiniOzoneClusterImpl-d49177c5-c9c6-4953-9114-88aa1897b70a/datanode-0/data/ratis/9364c588-ee77-437c-a497-f3466c240088 for RaftStorage:Storage Directory /workdir/hadoop-ozone/integration-test/target/test-dir/MiniOzoneClusterImpl-d49177c5-c9c6-4953-9114-88aa1897b70a/datanode-0/data/ratis/9364c588-ee77-437c-a497-f3466c240088
2019-08-27 08:32:40,649 [pool-439-thread-1] INFO  server.RaftServerConfigKeys (ConfUtils.java:logGet(43)) - raft.server.log.queue.byte-limit = 2147483647 (custom)
2019-08-27 08:32:40,649 [pool-439-thread-1] INFO  server.RaftServerConfigKeys (ConfUtils.java:logGet(43)) - raft.server.log.queue.element-limit = 1024 (custom)
2019-08-27 08:32:40,650 [pool-439-thread-1] INFO  server.RaftServerConfigKeys (ConfUtils.java:logGet(43)) - raft.server.log.segment.size.max = 1048576 (custom)
2019-08-27 08:32:40,650 [pool-439-thread-1] INFO  server.RaftServerConfigKeys (ConfUtils.java:logGet(43)) - raft.server.log.preallocated.size = 16384 (custom)
2019-08-27 08:32:40,650 [pool-439-thread-1] INFO  server.RaftServerConfigKeys (ConfUtils.java:logGet(43)) - raft.server.log.write.buffer.size = 33554432 (custom)
2019-08-27 08:32:40,650 [pool-439-thread-1] INFO  server.RaftServerConfigKeys (ConfUtils.java:logGet(43)) - raft.server.log.force.sync.num = 128 (default)
2019-08-27 08:32:40,650 [pool-439-thread-1] INFO  server.RaftServerConfigKeys (ConfUtils.java:logGet(43)) - raft.server.log.statemachine.data.sync = true (default)
2019-08-27 08:32:40,650 [pool-439-thread-1] INFO  server.RaftServerConfigKeys (ConfUtils.java:logGet(43)) - raft.server.log.statemachine.data.sync.timeout = 10s (default)
2019-08-27 08:32:40,650 [pool-439-thread-1] INFO  server.RaftServerConfigKeys (ConfUtils.java:logGet(43)) - raft.server.log.statemachine.data.sync.timeout.retry = -1 (default)
2019-08-27 08:32:40,651 [pool-439-thread-1] INFO  server.RaftServerConfigKeys (ConfUtils.java:logGet(43)) - raft.server.log.statemachine.data.caching.enabled = true (custom)
2019-08-27 08:32:40,651 [pool-439-thread-1] INFO  segmented.SegmentedRaftLogWorker (SegmentedRaftLogWorker.java:lambda$new$0(132)) - a7415c16-3934-426f-880c-bd70b649961c-SegmentedRaftLogWorker:Storage Directory /workdir/hadoop-ozone/integration-test/target/test-dir/MiniOzoneClusterImpl-d49177c5-c9c6-4953-9114-88aa1897b70a/datanode-0/data/ratis/9364c588-ee77-437c-a497-f3466c240088: flushIndex: setUnconditionally 0 -> -1
2019-08-27 08:32:40,651 [pool-439-thread-1] INFO  server.RaftServerConfigKeys (ConfUtils.java:logGet(43)) - raft.server.snapshot.auto.trigger.enabled = true (custom)
2019-08-27 08:32:40,651 [pool-439-thread-1] INFO  server.RaftServerConfigKeys (ConfUtils.java:logGet(43)) - raft.server.snapshot.auto.trigger.threshold = 10000 (custom)
2019-08-27 08:32:40,652 [pool-439-thread-1] INFO  server.RaftServerConfigKeys (ConfUtils.java:logGet(43)) - raft.server.retrycache.expirytime = 600000ms (custom)
2019-08-27 08:32:40,652 [pool-439-thread-1] INFO  impl.RaftServerImpl (RaftServerImpl.java:start(180)) - a7415c16-3934-426f-880c-bd70b649961c: start group-F3466C240088
2019-08-27 08:32:40,652 [pool-439-thread-1] INFO  impl.RaftServerImpl (RaftServerImpl.java:setRole(171)) - a7415c16-3934-426f-880c-bd70b649961c:group-F3466C240088 changes role from null to FOLLOWER at term 0 for startAsFollower
2019-08-27 08:32:40,652 [pool-439-thread-1] INFO  impl.RoleInfo (RoleInfo.java:updateAndGet(143)) - a7415c16-3934-426f-880c-bd70b649961c: start FollowerState
2019-08-27 08:32:40,664 [pool-439-thread-1] INFO  util.JmxRegister (JmxRegister.java:tryRegister(44)) - Successfully registered JMX Bean with object name Ratis:service=RaftServer,group=group-F3466C240088,id=a7415c16-3934-426f-880c-bd70b649961c
2019-08-27 08:32:40,674 [RatisPipelineUtilsThread] INFO  pipeline.PipelineStateManager (PipelineStateManager.java:addPipeline(56)) - Created pipeline Pipeline[ Id: 9364c588-ee77-437c-a497-f3466c240088, Nodes: a7415c16-3934-426f-880c-bd70b649961c{ip: 192.168.36.77, host: pr-hdds-738-64p2z-3138789487, networkLocation: /default-rack, certSerialId: null}, Type:RATIS, Factor:ONE, State:OPEN]
2019-08-27 08:32:40,690 [IPC Server handler 6 on 40052] INFO  net.NetworkTopology (NetworkTopologyImpl.java:add(110)) - Added a new node: /default-rack/50c0ab61-1758-43d2-a587-5cb94a3c81fe
2019-08-27 08:32:40,690 [IPC Server handler 6 on 40052] INFO  node.SCMNodeManager (SCMNodeManager.java:register(273)) - Registered Data node : 50c0ab61-1758-43d2-a587-5cb94a3c81fe{ip: 192.168.36.77, host: pr-hdds-738-64p2z-3138789487, networkLocation: /default-rack, certSerialId: null}
2019-08-27 08:32:40,690 | INFO  | SCMAudit | user=jenkins1000 | ip=192.168.36.77 | op=REGISTER {datanodeDetails=50c0ab61-1758-43d2-a587-5cb94a3c81fe{ip: 192.168.36.77, host: pr-hdds-738-64p2z-3138789487, networkLocation: /default-rack, certSerialId: null}} | ret=SUCCESS |  
2019-08-27 08:32:40,696 [grpc-default-executor-9] INFO  impl.RaftServerProxy (RaftServerProxy.java:addNew(89)) - 50c0ab61-1758-43d2-a587-5cb94a3c81fe: addNew group-45BFF1F7D793:[50c0ab61-1758-43d2-a587-5cb94a3c81fe:192.168.36.77:42824] returns group-45BFF1F7D793:java.util.concurrent.CompletableFuture@4bab40e8[Not completed]
2019-08-27 08:32:40,698 [pool-450-thread-1] INFO  impl.RaftServerImpl (RaftServerImpl.java:<init>(93)) - 50c0ab61-1758-43d2-a587-5cb94a3c81fe: new RaftServerImpl for group-45BFF1F7D793:[50c0ab61-1758-43d2-a587-5cb94a3c81fe:192.168.36.77:42824] with ContainerStateMachine:uninitialized
2019-08-27 08:32:40,698 [pool-450-thread-1] INFO  server.RaftServerConfigKeys (ConfUtils.java:logGet(43)) - raft.server.rpc.timeout.min = 5s (custom)
2019-08-27 08:32:40,698 [pool-450-thread-1] INFO  server.RaftServerConfigKeys (ConfUtils.java:logGet(43)) - raft.server.rpc.timeout.max = 5200ms (custom)
2019-08-27 08:32:40,698 [pool-450-thread-1] INFO  server.RaftServerConfigKeys (ConfUtils.java:logGet(43)) - raft.server.rpcslowness.timeout = 120s (custom)
2019-08-27 08:32:40,698 [pool-450-thread-1] INFO  server.RaftServerConfigKeys (ConfUtils.java:logGet(43)) - raft.server.sleep.deviation.threshold = 300 (default)
2019-08-27 08:32:40,698 [pool-450-thread-1] INFO  server.RaftServerConfigKeys (ConfUtils.java:logGet(43)) - raft.server.log.appender.install.snapshot.enabled = false (custom)
2019-08-27 08:32:40,699 [pool-450-thread-1] INFO  impl.RaftServerImpl (ServerState.java:<init>(105)) - 50c0ab61-1758-43d2-a587-5cb94a3c81fe:group-45BFF1F7D793 ConfigurationManager, init=-1: [50c0ab61-1758-43d2-a587-5cb94a3c81fe:192.168.36.77:42824], old=null, confs=<EMPTY_MAP>
2019-08-27 08:32:40,699 [pool-450-thread-1] INFO  server.RaftServerConfigKeys (ConfUtils.java:logGet(43)) - raft.server.storage.dir = [/workdir/hadoop-ozone/integration-test/target/test-dir/MiniOzoneClusterImpl-d49177c5-c9c6-4953-9114-88aa1897b70a/datanode-1/data/ratis] (custom)
2019-08-27 08:32:40,699 [pool-450-thread-1] INFO  storage.RaftStorageDirectory (RaftStorageDirectory.java:analyzeStorage(246)) - The storage directory /workdir/hadoop-ozone/integration-test/target/test-dir/MiniOzoneClusterImpl-d49177c5-c9c6-4953-9114-88aa1897b70a/datanode-1/data/ratis/73b89743-7df3-4c33-88f5-45bff1f7d793 does not exist. Creating ...
2019-08-27 08:32:40,712 [pool-450-thread-1] INFO  storage.RaftStorageDirectory (RaftStorageDirectory.java:tryLock(328)) - Lock on /workdir/hadoop-ozone/integration-test/target/test-dir/MiniOzoneClusterImpl-d49177c5-c9c6-4953-9114-88aa1897b70a/datanode-1/data/ratis/73b89743-7df3-4c33-88f5-45bff1f7d793/in_use.lock acquired by nodename 22230@pr-hdds-738-64p2z-3138789487
2019-08-27 08:32:40,726 [pool-450-thread-1] INFO  storage.RaftStorage (RaftStorage.java:format(72)) - Storage directory /workdir/hadoop-ozone/integration-test/target/test-dir/MiniOzoneClusterImpl-d49177c5-c9c6-4953-9114-88aa1897b70a/datanode-1/data/ratis/73b89743-7df3-4c33-88f5-45bff1f7d793 has been successfully formatted.
2019-08-27 08:32:40,726 [pool-450-thread-1] INFO  ratis.ContainerStateMachine (ContainerStateMachine.java:loadSnapshot(226)) - group-45BFF1F7D793: The snapshot info is null. Setting the last applied indexto:(t:0, i:~)
2019-08-27 08:32:40,726 [pool-450-thread-1] INFO  server.RaftServerConfigKeys (ConfUtils.java:logGet(43)) - raft.server.leader.election.timeout = 120s (custom)
2019-08-27 08:32:40,726 [pool-450-thread-1] INFO  server.RaftServerConfigKeys (ConfUtils.java:logGet(43)) - raft.server.log.use.memory = false (default)
2019-08-27 08:32:40,726 [pool-450-thread-1] INFO  server.RaftServerConfigKeys (ConfUtils.java:logGet(43)) - raft.server.log.purge.gap = 1000000 (custom)
2019-08-27 08:32:40,727 [pool-450-thread-1] INFO  server.RaftServerConfigKeys (ConfUtils.java:logGet(43)) - raft.server.log.appender.buffer.byte-limit = 33554432 (custom)
2019-08-27 08:32:40,727 [pool-450-thread-1] INFO  server.RaftServerConfigKeys (ConfUtils.java:logGet(43)) - raft.server.log.segment.size.max = 1048576 (custom)
2019-08-27 08:32:40,727 [pool-450-thread-1] INFO  server.RaftServerConfigKeys (ConfUtils.java:logGet(43)) - raft.server.log.segment.cache.num.max = 2 (custom)
2019-08-27 08:32:40,727 [pool-450-thread-1] INFO  segmented.SegmentedRaftLogWorker (SegmentedRaftLogWorker.java:<init>(172)) - new 50c0ab61-1758-43d2-a587-5cb94a3c81fe-SegmentedRaftLogWorker:Storage Directory /workdir/hadoop-ozone/integration-test/target/test-dir/MiniOzoneClusterImpl-d49177c5-c9c6-4953-9114-88aa1897b70a/datanode-1/data/ratis/73b89743-7df3-4c33-88f5-45bff1f7d793 for RaftStorage:Storage Directory /workdir/hadoop-ozone/integration-test/target/test-dir/MiniOzoneClusterImpl-d49177c5-c9c6-4953-9114-88aa1897b70a/datanode-1/data/ratis/73b89743-7df3-4c33-88f5-45bff1f7d793
2019-08-27 08:32:40,727 [pool-450-thread-1] INFO  server.RaftServerConfigKeys (ConfUtils.java:logGet(43)) - raft.server.log.queue.byte-limit = 2147483647 (custom)
2019-08-27 08:32:40,727 [pool-450-thread-1] INFO  server.RaftServerConfigKeys (ConfUtils.java:logGet(43)) - raft.server.log.queue.element-limit = 1024 (custom)
2019-08-27 08:32:40,728 [pool-450-thread-1] INFO  server.RaftServerConfigKeys (ConfUtils.java:logGet(43)) - raft.server.log.segment.size.max = 1048576 (custom)
2019-08-27 08:32:40,728 [pool-450-thread-1] INFO  server.RaftServerConfigKeys (ConfUtils.java:logGet(43)) - raft.server.log.preallocated.size = 16384 (custom)
2019-08-27 08:32:40,728 [pool-450-thread-1] INFO  server.RaftServerConfigKeys (ConfUtils.java:logGet(43)) - raft.server.log.write.buffer.size = 33554432 (custom)
2019-08-27 08:32:40,728 [pool-450-thread-1] INFO  server.RaftServerConfigKeys (ConfUtils.java:logGet(43)) - raft.server.log.force.sync.num = 128 (default)
2019-08-27 08:32:40,728 [pool-450-thread-1] INFO  server.RaftServerConfigKeys (ConfUtils.java:logGet(43)) - raft.server.log.statemachine.data.sync = true (default)
2019-08-27 08:32:40,728 [pool-450-thread-1] INFO  server.RaftServerConfigKeys (ConfUtils.java:logGet(43)) - raft.server.log.statemachine.data.sync.timeout = 10s (default)
2019-08-27 08:32:40,728 [pool-450-thread-1] INFO  server.RaftServerConfigKeys (ConfUtils.java:logGet(43)) - raft.server.log.statemachine.data.sync.timeout.retry = -1 (default)
2019-08-27 08:32:40,729 [pool-450-thread-1] INFO  server.RaftServerConfigKeys (ConfUtils.java:logGet(43)) - raft.server.log.statemachine.data.caching.enabled = true (custom)
2019-08-27 08:32:40,729 [pool-450-thread-1] INFO  segmented.SegmentedRaftLogWorker (SegmentedRaftLogWorker.java:lambda$new$0(132)) - 50c0ab61-1758-43d2-a587-5cb94a3c81fe-SegmentedRaftLogWorker:Storage Directory /workdir/hadoop-ozone/integration-test/target/test-dir/MiniOzoneClusterImpl-d49177c5-c9c6-4953-9114-88aa1897b70a/datanode-1/data/ratis/73b89743-7df3-4c33-88f5-45bff1f7d793: flushIndex: setUnconditionally 0 -> -1
2019-08-27 08:32:40,730 [pool-450-thread-1] INFO  server.RaftServerConfigKeys (ConfUtils.java:logGet(43)) - raft.server.snapshot.auto.trigger.enabled = true (custom)
2019-08-27 08:32:40,730 [pool-450-thread-1] INFO  server.RaftServerConfigKeys (ConfUtils.java:logGet(43)) - raft.server.snapshot.auto.trigger.threshold = 10000 (custom)
2019-08-27 08:32:40,730 [pool-450-thread-1] INFO  server.RaftServerConfigKeys (ConfUtils.java:logGet(43)) - raft.server.retrycache.expirytime = 600000ms (custom)
2019-08-27 08:32:40,730 [pool-450-thread-1] INFO  impl.RaftServerImpl (RaftServerImpl.java:start(180)) - 50c0ab61-1758-43d2-a587-5cb94a3c81fe: start group-45BFF1F7D793
2019-08-27 08:32:40,730 [pool-450-thread-1] INFO  impl.RaftServerImpl (RaftServerImpl.java:setRole(171)) - 50c0ab61-1758-43d2-a587-5cb94a3c81fe:group-45BFF1F7D793 changes role from null to FOLLOWER at term 0 for startAsFollower
2019-08-27 08:32:40,731 [pool-450-thread-1] INFO  impl.RoleInfo (RoleInfo.java:updateAndGet(143)) - 50c0ab61-1758-43d2-a587-5cb94a3c81fe: start FollowerState
2019-08-27 08:32:40,731 [pool-450-thread-1] INFO  util.JmxRegister (JmxRegister.java:tryRegister(44)) - Successfully registered JMX Bean with object name Ratis:service=RaftServer,group=group-45BFF1F7D793,id=50c0ab61-1758-43d2-a587-5cb94a3c81fe
2019-08-27 08:32:40,733 [RatisPipelineUtilsThread] INFO  pipeline.PipelineStateManager (PipelineStateManager.java:addPipeline(56)) - Created pipeline Pipeline[ Id: 73b89743-7df3-4c33-88f5-45bff1f7d793, Nodes: 50c0ab61-1758-43d2-a587-5cb94a3c81fe{ip: 192.168.36.77, host: pr-hdds-738-64p2z-3138789487, networkLocation: /default-rack, certSerialId: null}, Type:RATIS, Factor:ONE, State:OPEN]
2019-08-27 08:32:40,779 [IPC Server handler 0 on 40052] INFO  net.NetworkTopology (NetworkTopologyImpl.java:add(110)) - Added a new node: /default-rack/0d19c57b-e104-4f48-977d-bd1ef2c3206a
2019-08-27 08:32:40,779 [IPC Server handler 0 on 40052] INFO  node.SCMNodeManager (SCMNodeManager.java:register(273)) - Registered Data node : 0d19c57b-e104-4f48-977d-bd1ef2c3206a{ip: 192.168.36.77, host: pr-hdds-738-64p2z-3138789487, networkLocation: /default-rack, certSerialId: null}
2019-08-27 08:32:40,790 | INFO  | SCMAudit | user=jenkins1000 | ip=192.168.36.77 | op=REGISTER {datanodeDetails=0d19c57b-e104-4f48-977d-bd1ef2c3206a{ip: 192.168.36.77, host: pr-hdds-738-64p2z-3138789487, networkLocation: /default-rack, certSerialId: null}} | ret=SUCCESS |  
2019-08-27 08:32:40,797 [grpc-default-executor-9] INFO  impl.RaftServerProxy (RaftServerProxy.java:addNew(89)) - 0d19c57b-e104-4f48-977d-bd1ef2c3206a: addNew group-3B1B37EFD643:[0d19c57b-e104-4f48-977d-bd1ef2c3206a:192.168.36.77:35275] returns group-3B1B37EFD643:java.util.concurrent.CompletableFuture@ce8c402[Not completed]
2019-08-27 08:32:40,799 [pool-461-thread-1] INFO  impl.RaftServerImpl (RaftServerImpl.java:<init>(93)) - 0d19c57b-e104-4f48-977d-bd1ef2c3206a: new RaftServerImpl for group-3B1B37EFD643:[0d19c57b-e104-4f48-977d-bd1ef2c3206a:192.168.36.77:35275] with ContainerStateMachine:uninitialized
2019-08-27 08:32:40,799 [pool-461-thread-1] INFO  server.RaftServerConfigKeys (ConfUtils.java:logGet(43)) - raft.server.rpc.timeout.min = 5s (custom)
2019-08-27 08:32:40,799 [pool-461-thread-1] INFO  server.RaftServerConfigKeys (ConfUtils.java:logGet(43)) - raft.server.rpc.timeout.max = 5200ms (custom)
2019-08-27 08:32:40,800 [pool-461-thread-1] INFO  server.RaftServerConfigKeys (ConfUtils.java:logGet(43)) - raft.server.rpcslowness.timeout = 120s (custom)
2019-08-27 08:32:40,800 [pool-461-thread-1] INFO  server.RaftServerConfigKeys (ConfUtils.java:logGet(43)) - raft.server.sleep.deviation.threshold = 300 (default)
2019-08-27 08:32:40,800 [pool-461-thread-1] INFO  server.RaftServerConfigKeys (ConfUtils.java:logGet(43)) - raft.server.log.appender.install.snapshot.enabled = false (custom)
2019-08-27 08:32:40,800 [pool-461-thread-1] INFO  impl.RaftServerImpl (ServerState.java:<init>(105)) - 0d19c57b-e104-4f48-977d-bd1ef2c3206a:group-3B1B37EFD643 ConfigurationManager, init=-1: [0d19c57b-e104-4f48-977d-bd1ef2c3206a:192.168.36.77:35275], old=null, confs=<EMPTY_MAP>
2019-08-27 08:32:40,800 [pool-461-thread-1] INFO  server.RaftServerConfigKeys (ConfUtils.java:logGet(43)) - raft.server.storage.dir = [/workdir/hadoop-ozone/integration-test/target/test-dir/MiniOzoneClusterImpl-d49177c5-c9c6-4953-9114-88aa1897b70a/datanode-2/data/ratis] (custom)
2019-08-27 08:32:40,801 [pool-461-thread-1] INFO  storage.RaftStorageDirectory (RaftStorageDirectory.java:analyzeStorage(246)) - The storage directory /workdir/hadoop-ozone/integration-test/target/test-dir/MiniOzoneClusterImpl-d49177c5-c9c6-4953-9114-88aa1897b70a/datanode-2/data/ratis/6932f2ec-756b-4db6-aa0c-3b1b37efd643 does not exist. Creating ...
2019-08-27 08:32:40,814 [pool-461-thread-1] INFO  storage.RaftStorageDirectory (RaftStorageDirectory.java:tryLock(328)) - Lock on /workdir/hadoop-ozone/integration-test/target/test-dir/MiniOzoneClusterImpl-d49177c5-c9c6-4953-9114-88aa1897b70a/datanode-2/data/ratis/6932f2ec-756b-4db6-aa0c-3b1b37efd643/in_use.lock acquired by nodename 22230@pr-hdds-738-64p2z-3138789487
2019-08-27 08:32:40,828 [pool-461-thread-1] INFO  storage.RaftStorage (RaftStorage.java:format(72)) - Storage directory /workdir/hadoop-ozone/integration-test/target/test-dir/MiniOzoneClusterImpl-d49177c5-c9c6-4953-9114-88aa1897b70a/datanode-2/data/ratis/6932f2ec-756b-4db6-aa0c-3b1b37efd643 has been successfully formatted.
2019-08-27 08:32:40,828 [pool-461-thread-1] INFO  ratis.ContainerStateMachine (ContainerStateMachine.java:loadSnapshot(226)) - group-3B1B37EFD643: The snapshot info is null. Setting the last applied indexto:(t:0, i:~)
2019-08-27 08:32:40,829 [pool-461-thread-1] INFO  server.RaftServerConfigKeys (ConfUtils.java:logGet(43)) - raft.server.leader.election.timeout = 120s (custom)
2019-08-27 08:32:40,829 [pool-461-thread-1] INFO  server.RaftServerConfigKeys (ConfUtils.java:logGet(43)) - raft.server.log.use.memory = false (default)
2019-08-27 08:32:40,829 [pool-461-thread-1] INFO  server.RaftServerConfigKeys (ConfUtils.java:logGet(43)) - raft.server.log.purge.gap = 1000000 (custom)
2019-08-27 08:32:40,829 [pool-461-thread-1] INFO  server.RaftServerConfigKeys (ConfUtils.java:logGet(43)) - raft.server.log.appender.buffer.byte-limit = 33554432 (custom)
2019-08-27 08:32:40,829 [pool-461-thread-1] INFO  server.RaftServerConfigKeys (ConfUtils.java:logGet(43)) - raft.server.log.segment.size.max = 1048576 (custom)
2019-08-27 08:32:40,830 [pool-461-thread-1] INFO  server.RaftServerConfigKeys (ConfUtils.java:logGet(43)) - raft.server.log.segment.cache.num.max = 2 (custom)
2019-08-27 08:32:40,830 [pool-461-thread-1] INFO  segmented.SegmentedRaftLogWorker (SegmentedRaftLogWorker.java:<init>(172)) - new 0d19c57b-e104-4f48-977d-bd1ef2c3206a-SegmentedRaftLogWorker:Storage Directory /workdir/hadoop-ozone/integration-test/target/test-dir/MiniOzoneClusterImpl-d49177c5-c9c6-4953-9114-88aa1897b70a/datanode-2/data/ratis/6932f2ec-756b-4db6-aa0c-3b1b37efd643 for RaftStorage:Storage Directory /workdir/hadoop-ozone/integration-test/target/test-dir/MiniOzoneClusterImpl-d49177c5-c9c6-4953-9114-88aa1897b70a/datanode-2/data/ratis/6932f2ec-756b-4db6-aa0c-3b1b37efd643
2019-08-27 08:32:40,830 [pool-461-thread-1] INFO  server.RaftServerConfigKeys (ConfUtils.java:logGet(43)) - raft.server.log.queue.byte-limit = 2147483647 (custom)
2019-08-27 08:32:40,830 [pool-461-thread-1] INFO  server.RaftServerConfigKeys (ConfUtils.java:logGet(43)) - raft.server.log.queue.element-limit = 1024 (custom)
2019-08-27 08:32:40,830 [pool-461-thread-1] INFO  server.RaftServerConfigKeys (ConfUtils.java:logGet(43)) - raft.server.log.segment.size.max = 1048576 (custom)
2019-08-27 08:32:40,831 [pool-461-thread-1] INFO  server.RaftServerConfigKeys (ConfUtils.java:logGet(43)) - raft.server.log.preallocated.size = 16384 (custom)
2019-08-27 08:32:40,831 [pool-461-thread-1] INFO  server.RaftServerConfigKeys (ConfUtils.java:logGet(43)) - raft.server.log.write.buffer.size = 33554432 (custom)
2019-08-27 08:32:40,831 [pool-461-thread-1] INFO  server.RaftServerConfigKeys (ConfUtils.java:logGet(43)) - raft.server.log.force.sync.num = 128 (default)
2019-08-27 08:32:40,831 [pool-461-thread-1] INFO  server.RaftServerConfigKeys (ConfUtils.java:logGet(43)) - raft.server.log.statemachine.data.sync = true (default)
2019-08-27 08:32:40,831 [pool-461-thread-1] INFO  server.RaftServerConfigKeys (ConfUtils.java:logGet(43)) - raft.server.log.statemachine.data.sync.timeout = 10s (default)
2019-08-27 08:32:40,832 [pool-461-thread-1] INFO  server.RaftServerConfigKeys (ConfUtils.java:logGet(43)) - raft.server.log.statemachine.data.sync.timeout.retry = -1 (default)
2019-08-27 08:32:40,832 [pool-461-thread-1] INFO  server.RaftServerConfigKeys (ConfUtils.java:logGet(43)) - raft.server.log.statemachine.data.caching.enabled = true (custom)
2019-08-27 08:32:40,832 [pool-461-thread-1] INFO  segmented.SegmentedRaftLogWorker (SegmentedRaftLogWorker.java:lambda$new$0(132)) - 0d19c57b-e104-4f48-977d-bd1ef2c3206a-SegmentedRaftLogWorker:Storage Directory /workdir/hadoop-ozone/integration-test/target/test-dir/MiniOzoneClusterImpl-d49177c5-c9c6-4953-9114-88aa1897b70a/datanode-2/data/ratis/6932f2ec-756b-4db6-aa0c-3b1b37efd643: flushIndex: setUnconditionally 0 -> -1
2019-08-27 08:32:40,833 [pool-461-thread-1] INFO  server.RaftServerConfigKeys (ConfUtils.java:logGet(43)) - raft.server.snapshot.auto.trigger.enabled = true (custom)
2019-08-27 08:32:40,833 [pool-461-thread-1] INFO  server.RaftServerConfigKeys (ConfUtils.java:logGet(43)) - raft.server.snapshot.auto.trigger.threshold = 10000 (custom)
2019-08-27 08:32:40,833 [pool-461-thread-1] INFO  server.RaftServerConfigKeys (ConfUtils.java:logGet(43)) - raft.server.retrycache.expirytime = 600000ms (custom)
2019-08-27 08:32:40,833 [pool-461-thread-1] INFO  impl.RaftServerImpl (RaftServerImpl.java:start(180)) - 0d19c57b-e104-4f48-977d-bd1ef2c3206a: start group-3B1B37EFD643
2019-08-27 08:32:40,834 [pool-461-thread-1] INFO  impl.RaftServerImpl (RaftServerImpl.java:setRole(171)) - 0d19c57b-e104-4f48-977d-bd1ef2c3206a:group-3B1B37EFD643 changes role from null to FOLLOWER at term 0 for startAsFollower
2019-08-27 08:32:40,834 [pool-461-thread-1] INFO  impl.RoleInfo (RoleInfo.java:updateAndGet(143)) - 0d19c57b-e104-4f48-977d-bd1ef2c3206a: start FollowerState
2019-08-27 08:32:40,834 [pool-461-thread-1] INFO  util.JmxRegister (JmxRegister.java:tryRegister(44)) - Successfully registered JMX Bean with object name Ratis:service=RaftServer,group=group-3B1B37EFD643,id=0d19c57b-e104-4f48-977d-bd1ef2c3206a
2019-08-27 08:32:40,837 [RatisPipelineUtilsThread] INFO  pipeline.PipelineStateManager (PipelineStateManager.java:addPipeline(56)) - Created pipeline Pipeline[ Id: 6932f2ec-756b-4db6-aa0c-3b1b37efd643, Nodes: 0d19c57b-e104-4f48-977d-bd1ef2c3206a{ip: 192.168.36.77, host: pr-hdds-738-64p2z-3138789487, networkLocation: /default-rack, certSerialId: null}, Type:RATIS, Factor:ONE, State:OPEN]
2019-08-27 08:32:40,854 [grpc-default-executor-5] INFO  impl.RaftServerProxy (RaftServerProxy.java:addNew(89)) - 0d19c57b-e104-4f48-977d-bd1ef2c3206a: addNew group-B10EB1E3C230:[0d19c57b-e104-4f48-977d-bd1ef2c3206a:192.168.36.77:35275, 50c0ab61-1758-43d2-a587-5cb94a3c81fe:192.168.36.77:42824, a7415c16-3934-426f-880c-bd70b649961c:192.168.36.77:40640] returns group-B10EB1E3C230:java.util.concurrent.CompletableFuture@18b32b00[Not completed]
2019-08-27 08:32:40,854 [grpc-default-executor-9] INFO  impl.RaftServerProxy (RaftServerProxy.java:addNew(89)) - 50c0ab61-1758-43d2-a587-5cb94a3c81fe: addNew group-B10EB1E3C230:[0d19c57b-e104-4f48-977d-bd1ef2c3206a:192.168.36.77:35275, 50c0ab61-1758-43d2-a587-5cb94a3c81fe:192.168.36.77:42824, a7415c16-3934-426f-880c-bd70b649961c:192.168.36.77:40640] returns group-B10EB1E3C230:java.util.concurrent.CompletableFuture@3cb382eb[Not completed]
2019-08-27 08:32:40,854 [grpc-default-executor-10] INFO  impl.RaftServerProxy (RaftServerProxy.java:addNew(89)) - a7415c16-3934-426f-880c-bd70b649961c: addNew group-B10EB1E3C230:[0d19c57b-e104-4f48-977d-bd1ef2c3206a:192.168.36.77:35275, 50c0ab61-1758-43d2-a587-5cb94a3c81fe:192.168.36.77:42824, a7415c16-3934-426f-880c-bd70b649961c:192.168.36.77:40640] returns group-B10EB1E3C230:java.util.concurrent.CompletableFuture@1ceafe72[Not completed]
2019-08-27 08:32:40,856 [pool-461-thread-1] INFO  impl.RaftServerImpl (RaftServerImpl.java:<init>(93)) - 0d19c57b-e104-4f48-977d-bd1ef2c3206a: new RaftServerImpl for group-B10EB1E3C230:[0d19c57b-e104-4f48-977d-bd1ef2c3206a:192.168.36.77:35275, 50c0ab61-1758-43d2-a587-5cb94a3c81fe:192.168.36.77:42824, a7415c16-3934-426f-880c-bd70b649961c:192.168.36.77:40640] with ContainerStateMachine:uninitialized
2019-08-27 08:32:40,856 [pool-461-thread-1] INFO  server.RaftServerConfigKeys (ConfUtils.java:logGet(43)) - raft.server.rpc.timeout.min = 5s (custom)
2019-08-27 08:32:40,856 [pool-461-thread-1] INFO  server.RaftServerConfigKeys (ConfUtils.java:logGet(43)) - raft.server.rpc.timeout.max = 5200ms (custom)
2019-08-27 08:32:40,856 [pool-461-thread-1] INFO  server.RaftServerConfigKeys (ConfUtils.java:logGet(43)) - raft.server.rpcslowness.timeout = 120s (custom)
2019-08-27 08:32:40,856 [pool-461-thread-1] INFO  server.RaftServerConfigKeys (ConfUtils.java:logGet(43)) - raft.server.sleep.deviation.threshold = 300 (default)
2019-08-27 08:32:40,856 [pool-450-thread-1] INFO  impl.RaftServerImpl (RaftServerImpl.java:<init>(93)) - 50c0ab61-1758-43d2-a587-5cb94a3c81fe: new RaftServerImpl for group-B10EB1E3C230:[0d19c57b-e104-4f48-977d-bd1ef2c3206a:192.168.36.77:35275, 50c0ab61-1758-43d2-a587-5cb94a3c81fe:192.168.36.77:42824, a7415c16-3934-426f-880c-bd70b649961c:192.168.36.77:40640] with ContainerStateMachine:uninitialized
2019-08-27 08:32:40,857 [pool-461-thread-1] INFO  server.RaftServerConfigKeys (ConfUtils.java:logGet(43)) - raft.server.log.appender.install.snapshot.enabled = false (custom)
2019-08-27 08:32:40,857 [pool-450-thread-1] INFO  server.RaftServerConfigKeys (ConfUtils.java:logGet(43)) - raft.server.rpc.timeout.min = 5s (custom)
2019-08-27 08:32:40,857 [pool-461-thread-1] INFO  impl.RaftServerImpl (ServerState.java:<init>(105)) - 0d19c57b-e104-4f48-977d-bd1ef2c3206a:group-B10EB1E3C230 ConfigurationManager, init=-1: [0d19c57b-e104-4f48-977d-bd1ef2c3206a:192.168.36.77:35275, 50c0ab61-1758-43d2-a587-5cb94a3c81fe:192.168.36.77:42824, a7415c16-3934-426f-880c-bd70b649961c:192.168.36.77:40640], old=null, confs=<EMPTY_MAP>
2019-08-27 08:32:40,857 [pool-450-thread-1] INFO  server.RaftServerConfigKeys (ConfUtils.java:logGet(43)) - raft.server.rpc.timeout.max = 5200ms (custom)
2019-08-27 08:32:40,857 [pool-439-thread-1] INFO  impl.RaftServerImpl (RaftServerImpl.java:<init>(93)) - a7415c16-3934-426f-880c-bd70b649961c: new RaftServerImpl for group-B10EB1E3C230:[0d19c57b-e104-4f48-977d-bd1ef2c3206a:192.168.36.77:35275, 50c0ab61-1758-43d2-a587-5cb94a3c81fe:192.168.36.77:42824, a7415c16-3934-426f-880c-bd70b649961c:192.168.36.77:40640] with ContainerStateMachine:uninitialized
2019-08-27 08:32:40,857 [pool-450-thread-1] INFO  server.RaftServerConfigKeys (ConfUtils.java:logGet(43)) - raft.server.rpcslowness.timeout = 120s (custom)
2019-08-27 08:32:40,857 [pool-461-thread-1] INFO  server.RaftServerConfigKeys (ConfUtils.java:logGet(43)) - raft.server.storage.dir = [/workdir/hadoop-ozone/integration-test/target/test-dir/MiniOzoneClusterImpl-d49177c5-c9c6-4953-9114-88aa1897b70a/datanode-2/data/ratis] (custom)
2019-08-27 08:32:40,858 [pool-450-thread-1] INFO  server.RaftServerConfigKeys (ConfUtils.java:logGet(43)) - raft.server.sleep.deviation.threshold = 300 (default)
2019-08-27 08:32:40,858 [pool-439-thread-1] INFO  server.RaftServerConfigKeys (ConfUtils.java:logGet(43)) - raft.server.rpc.timeout.min = 5s (custom)
2019-08-27 08:32:40,858 [pool-461-thread-1] INFO  storage.RaftStorageDirectory (RaftStorageDirectory.java:analyzeStorage(246)) - The storage directory /workdir/hadoop-ozone/integration-test/target/test-dir/MiniOzoneClusterImpl-d49177c5-c9c6-4953-9114-88aa1897b70a/datanode-2/data/ratis/d5b325be-c05e-4808-9713-b10eb1e3c230 does not exist. Creating ...
2019-08-27 08:32:40,858 [pool-450-thread-1] INFO  server.RaftServerConfigKeys (ConfUtils.java:logGet(43)) - raft.server.log.appender.install.snapshot.enabled = false (custom)
2019-08-27 08:32:40,858 [pool-439-thread-1] INFO  server.RaftServerConfigKeys (ConfUtils.java:logGet(43)) - raft.server.rpc.timeout.max = 5200ms (custom)
2019-08-27 08:32:40,859 [pool-450-thread-1] INFO  impl.RaftServerImpl (ServerState.java:<init>(105)) - 50c0ab61-1758-43d2-a587-5cb94a3c81fe:group-B10EB1E3C230 ConfigurationManager, init=-1: [0d19c57b-e104-4f48-977d-bd1ef2c3206a:192.168.36.77:35275, 50c0ab61-1758-43d2-a587-5cb94a3c81fe:192.168.36.77:42824, a7415c16-3934-426f-880c-bd70b649961c:192.168.36.77:40640], old=null, confs=<EMPTY_MAP>
2019-08-27 08:32:40,859 [pool-439-thread-1] INFO  server.RaftServerConfigKeys (ConfUtils.java:logGet(43)) - raft.server.rpcslowness.timeout = 120s (custom)
2019-08-27 08:32:40,859 [pool-450-thread-1] INFO  server.RaftServerConfigKeys (ConfUtils.java:logGet(43)) - raft.server.storage.dir = [/workdir/hadoop-ozone/integration-test/target/test-dir/MiniOzoneClusterImpl-d49177c5-c9c6-4953-9114-88aa1897b70a/datanode-1/data/ratis] (custom)
2019-08-27 08:32:40,859 [pool-439-thread-1] INFO  server.RaftServerConfigKeys (ConfUtils.java:logGet(43)) - raft.server.sleep.deviation.threshold = 300 (default)
2019-08-27 08:32:40,859 [pool-439-thread-1] INFO  server.RaftServerConfigKeys (ConfUtils.java:logGet(43)) - raft.server.log.appender.install.snapshot.enabled = false (custom)
2019-08-27 08:32:40,859 [pool-450-thread-1] INFO  storage.RaftStorageDirectory (RaftStorageDirectory.java:analyzeStorage(246)) - The storage directory /workdir/hadoop-ozone/integration-test/target/test-dir/MiniOzoneClusterImpl-d49177c5-c9c6-4953-9114-88aa1897b70a/datanode-1/data/ratis/d5b325be-c05e-4808-9713-b10eb1e3c230 does not exist. Creating ...
2019-08-27 08:32:40,860 [pool-439-thread-1] INFO  impl.RaftServerImpl (ServerState.java:<init>(105)) - a7415c16-3934-426f-880c-bd70b649961c:group-B10EB1E3C230 ConfigurationManager, init=-1: [0d19c57b-e104-4f48-977d-bd1ef2c3206a:192.168.36.77:35275, 50c0ab61-1758-43d2-a587-5cb94a3c81fe:192.168.36.77:42824, a7415c16-3934-426f-880c-bd70b649961c:192.168.36.77:40640], old=null, confs=<EMPTY_MAP>
2019-08-27 08:32:40,860 [pool-439-thread-1] INFO  server.RaftServerConfigKeys (ConfUtils.java:logGet(43)) - raft.server.storage.dir = [/workdir/hadoop-ozone/integration-test/target/test-dir/MiniOzoneClusterImpl-d49177c5-c9c6-4953-9114-88aa1897b70a/datanode-0/data/ratis] (custom)
2019-08-27 08:32:40,860 [pool-439-thread-1] INFO  storage.RaftStorageDirectory (RaftStorageDirectory.java:analyzeStorage(246)) - The storage directory /workdir/hadoop-ozone/integration-test/target/test-dir/MiniOzoneClusterImpl-d49177c5-c9c6-4953-9114-88aa1897b70a/datanode-0/data/ratis/d5b325be-c05e-4808-9713-b10eb1e3c230 does not exist. Creating ...
2019-08-27 08:32:40,869 [IPC Server handler 2 on 40052] INFO  net.NetworkTopology (NetworkTopologyImpl.java:add(110)) - Added a new node: /default-rack/345d10c5-4a03-4a5c-baf7-3e40504e58a5
2019-08-27 08:32:40,869 [IPC Server handler 2 on 40052] INFO  node.SCMNodeManager (SCMNodeManager.java:register(273)) - Registered Data node : 345d10c5-4a03-4a5c-baf7-3e40504e58a5{ip: 192.168.36.77, host: pr-hdds-738-64p2z-3138789487, networkLocation: /default-rack, certSerialId: null}
2019-08-27 08:32:40,870 | INFO  | SCMAudit | user=jenkins1000 | ip=192.168.36.77 | op=REGISTER {datanodeDetails=345d10c5-4a03-4a5c-baf7-3e40504e58a5{ip: 192.168.36.77, host: pr-hdds-738-64p2z-3138789487, networkLocation: /default-rack, certSerialId: null}} | ret=SUCCESS |  
2019-08-27 08:32:40,872 [pool-461-thread-1] INFO  storage.RaftStorageDirectory (RaftStorageDirectory.java:tryLock(328)) - Lock on /workdir/hadoop-ozone/integration-test/target/test-dir/MiniOzoneClusterImpl-d49177c5-c9c6-4953-9114-88aa1897b70a/datanode-2/data/ratis/d5b325be-c05e-4808-9713-b10eb1e3c230/in_use.lock acquired by nodename 22230@pr-hdds-738-64p2z-3138789487
2019-08-27 08:32:40,872 [pool-439-thread-1] INFO  storage.RaftStorageDirectory (RaftStorageDirectory.java:tryLock(328)) - Lock on /workdir/hadoop-ozone/integration-test/target/test-dir/MiniOzoneClusterImpl-d49177c5-c9c6-4953-9114-88aa1897b70a/datanode-0/data/ratis/d5b325be-c05e-4808-9713-b10eb1e3c230/in_use.lock acquired by nodename 22230@pr-hdds-738-64p2z-3138789487
2019-08-27 08:32:40,872 [pool-450-thread-1] INFO  storage.RaftStorageDirectory (RaftStorageDirectory.java:tryLock(328)) - Lock on /workdir/hadoop-ozone/integration-test/target/test-dir/MiniOzoneClusterImpl-d49177c5-c9c6-4953-9114-88aa1897b70a/datanode-1/data/ratis/d5b325be-c05e-4808-9713-b10eb1e3c230/in_use.lock acquired by nodename 22230@pr-hdds-738-64p2z-3138789487
2019-08-27 08:32:40,886 [pool-461-thread-1] INFO  storage.RaftStorage (RaftStorage.java:format(72)) - Storage directory /workdir/hadoop-ozone/integration-test/target/test-dir/MiniOzoneClusterImpl-d49177c5-c9c6-4953-9114-88aa1897b70a/datanode-2/data/ratis/d5b325be-c05e-4808-9713-b10eb1e3c230 has been successfully formatted.
2019-08-27 08:32:40,886 [pool-439-thread-1] INFO  storage.RaftStorage (RaftStorage.java:format(72)) - Storage directory /workdir/hadoop-ozone/integration-test/target/test-dir/MiniOzoneClusterImpl-d49177c5-c9c6-4953-9114-88aa1897b70a/datanode-0/data/ratis/d5b325be-c05e-4808-9713-b10eb1e3c230 has been successfully formatted.
2019-08-27 08:32:40,886 [pool-450-thread-1] INFO  storage.RaftStorage (RaftStorage.java:format(72)) - Storage directory /workdir/hadoop-ozone/integration-test/target/test-dir/MiniOzoneClusterImpl-d49177c5-c9c6-4953-9114-88aa1897b70a/datanode-1/data/ratis/d5b325be-c05e-4808-9713-b10eb1e3c230 has been successfully formatted.
2019-08-27 08:32:40,887 [pool-439-thread-1] INFO  ratis.ContainerStateMachine (ContainerStateMachine.java:loadSnapshot(226)) - group-B10EB1E3C230: The snapshot info is null. Setting the last applied indexto:(t:0, i:~)
2019-08-27 08:32:40,887 [pool-461-thread-1] INFO  ratis.ContainerStateMachine (ContainerStateMachine.java:loadSnapshot(226)) - group-B10EB1E3C230: The snapshot info is null. Setting the last applied indexto:(t:0, i:~)
2019-08-27 08:32:40,887 [pool-450-thread-1] INFO  ratis.ContainerStateMachine (ContainerStateMachine.java:loadSnapshot(226)) - group-B10EB1E3C230: The snapshot info is null. Setting the last applied indexto:(t:0, i:~)
2019-08-27 08:32:40,887 [pool-439-thread-1] INFO  server.RaftServerConfigKeys (ConfUtils.java:logGet(43)) - raft.server.leader.election.timeout = 120s (custom)
2019-08-27 08:32:40,888 [pool-450-thread-1] INFO  server.RaftServerConfigKeys (ConfUtils.java:logGet(43)) - raft.server.leader.election.timeout = 120s (custom)
2019-08-27 08:32:40,887 [pool-461-thread-1] INFO  server.RaftServerConfigKeys (ConfUtils.java:logGet(43)) - raft.server.leader.election.timeout = 120s (custom)
2019-08-27 08:32:40,888 [pool-450-thread-1] INFO  server.RaftServerConfigKeys (ConfUtils.java:logGet(43)) - raft.server.log.use.memory = false (default)
2019-08-27 08:32:40,888 [pool-439-thread-1] INFO  server.RaftServerConfigKeys (ConfUtils.java:logGet(43)) - raft.server.log.use.memory = false (default)
2019-08-27 08:32:40,888 [pool-450-thread-1] INFO  server.RaftServerConfigKeys (ConfUtils.java:logGet(43)) - raft.server.log.purge.gap = 1000000 (custom)
2019-08-27 08:32:40,888 [pool-461-thread-1] INFO  server.RaftServerConfigKeys (ConfUtils.java:logGet(43)) - raft.server.log.use.memory = false (default)
2019-08-27 08:32:40,888 [pool-450-thread-1] INFO  server.RaftServerConfigKeys (ConfUtils.java:logGet(43)) - raft.server.log.appender.buffer.byte-limit = 33554432 (custom)
2019-08-27 08:32:40,888 [pool-439-thread-1] INFO  server.RaftServerConfigKeys (ConfUtils.java:logGet(43)) - raft.server.log.purge.gap = 1000000 (custom)
2019-08-27 08:32:40,889 [pool-450-thread-1] INFO  server.RaftServerConfigKeys (ConfUtils.java:logGet(43)) - raft.server.log.segment.size.max = 1048576 (custom)
2019-08-27 08:32:40,889 [pool-461-thread-1] INFO  server.RaftServerConfigKeys (ConfUtils.java:logGet(43)) - raft.server.log.purge.gap = 1000000 (custom)
2019-08-27 08:32:40,889 [pool-450-thread-1] INFO  server.RaftServerConfigKeys (ConfUtils.java:logGet(43)) - raft.server.log.segment.cache.num.max = 2 (custom)
2019-08-27 08:32:40,889 [pool-439-thread-1] INFO  server.RaftServerConfigKeys (ConfUtils.java:logGet(43)) - raft.server.log.appender.buffer.byte-limit = 33554432 (custom)
2019-08-27 08:32:40,889 [pool-450-thread-1] INFO  segmented.SegmentedRaftLogWorker (SegmentedRaftLogWorker.java:<init>(172)) - new 50c0ab61-1758-43d2-a587-5cb94a3c81fe-SegmentedRaftLogWorker:Storage Directory /workdir/hadoop-ozone/integration-test/target/test-dir/MiniOzoneClusterImpl-d49177c5-c9c6-4953-9114-88aa1897b70a/datanode-1/data/ratis/d5b325be-c05e-4808-9713-b10eb1e3c230 for RaftStorage:Storage Directory /workdir/hadoop-ozone/integration-test/target/test-dir/MiniOzoneClusterImpl-d49177c5-c9c6-4953-9114-88aa1897b70a/datanode-1/data/ratis/d5b325be-c05e-4808-9713-b10eb1e3c230
2019-08-27 08:32:40,889 [pool-461-thread-1] INFO  server.RaftServerConfigKeys (ConfUtils.java:logGet(43)) - raft.server.log.appender.buffer.byte-limit = 33554432 (custom)
2019-08-27 08:32:40,890 [pool-450-thread-1] INFO  server.RaftServerConfigKeys (ConfUtils.java:logGet(43)) - raft.server.log.queue.byte-limit = 2147483647 (custom)
2019-08-27 08:32:40,890 [pool-439-thread-1] INFO  server.RaftServerConfigKeys (ConfUtils.java:logGet(43)) - raft.server.log.segment.size.max = 1048576 (custom)
2019-08-27 08:32:40,890 [pool-450-thread-1] INFO  server.RaftServerConfigKeys (ConfUtils.java:logGet(43)) - raft.server.log.queue.element-limit = 1024 (custom)
2019-08-27 08:32:40,890 [pool-461-thread-1] INFO  server.RaftServerConfigKeys (ConfUtils.java:logGet(43)) - raft.server.log.segment.size.max = 1048576 (custom)
2019-08-27 08:32:40,890 [pool-450-thread-1] INFO  server.RaftServerConfigKeys (ConfUtils.java:logGet(43)) - raft.server.log.segment.size.max = 1048576 (custom)
2019-08-27 08:32:40,890 [pool-439-thread-1] INFO  server.RaftServerConfigKeys (ConfUtils.java:logGet(43)) - raft.server.log.segment.cache.num.max = 2 (custom)
2019-08-27 08:32:40,891 [pool-450-thread-1] INFO  server.RaftServerConfigKeys (ConfUtils.java:logGet(43)) - raft.server.log.preallocated.size = 16384 (custom)
2019-08-27 08:32:40,891 [pool-461-thread-1] INFO  server.RaftServerConfigKeys (ConfUtils.java:logGet(43)) - raft.server.log.segment.cache.num.max = 2 (custom)
2019-08-27 08:32:40,891 [pool-450-thread-1] INFO  server.RaftServerConfigKeys (ConfUtils.java:logGet(43)) - raft.server.log.write.buffer.size = 33554432 (custom)
2019-08-27 08:32:40,891 [pool-439-thread-1] INFO  segmented.SegmentedRaftLogWorker (SegmentedRaftLogWorker.java:<init>(172)) - new a7415c16-3934-426f-880c-bd70b649961c-SegmentedRaftLogWorker:Storage Directory /workdir/hadoop-ozone/integration-test/target/test-dir/MiniOzoneClusterImpl-d49177c5-c9c6-4953-9114-88aa1897b70a/datanode-0/data/ratis/d5b325be-c05e-4808-9713-b10eb1e3c230 for RaftStorage:Storage Directory /workdir/hadoop-ozone/integration-test/target/test-dir/MiniOzoneClusterImpl-d49177c5-c9c6-4953-9114-88aa1897b70a/datanode-0/data/ratis/d5b325be-c05e-4808-9713-b10eb1e3c230
2019-08-27 08:32:40,891 [pool-450-thread-1] INFO  server.RaftServerConfigKeys (ConfUtils.java:logGet(43)) - raft.server.log.force.sync.num = 128 (default)
2019-08-27 08:32:40,891 [pool-461-thread-1] INFO  segmented.SegmentedRaftLogWorker (SegmentedRaftLogWorker.java:<init>(172)) - new 0d19c57b-e104-4f48-977d-bd1ef2c3206a-SegmentedRaftLogWorker:Storage Directory /workdir/hadoop-ozone/integration-test/target/test-dir/MiniOzoneClusterImpl-d49177c5-c9c6-4953-9114-88aa1897b70a/datanode-2/data/ratis/d5b325be-c05e-4808-9713-b10eb1e3c230 for RaftStorage:Storage Directory /workdir/hadoop-ozone/integration-test/target/test-dir/MiniOzoneClusterImpl-d49177c5-c9c6-4953-9114-88aa1897b70a/datanode-2/data/ratis/d5b325be-c05e-4808-9713-b10eb1e3c230
2019-08-27 08:32:40,892 [pool-450-thread-1] INFO  server.RaftServerConfigKeys (ConfUtils.java:logGet(43)) - raft.server.log.statemachine.data.sync = true (default)
2019-08-27 08:32:40,892 [pool-450-thread-1] INFO  server.RaftServerConfigKeys (ConfUtils.java:logGet(43)) - raft.server.log.statemachine.data.sync.timeout = 10s (default)
2019-08-27 08:32:40,892 [pool-439-thread-1] INFO  server.RaftServerConfigKeys (ConfUtils.java:logGet(43)) - raft.server.log.queue.byte-limit = 2147483647 (custom)
2019-08-27 08:32:40,892 [pool-450-thread-1] INFO  server.RaftServerConfigKeys (ConfUtils.java:logGet(43)) - raft.server.log.statemachine.data.sync.timeout.retry = -1 (default)
2019-08-27 08:32:40,892 [pool-461-thread-1] INFO  server.RaftServerConfigKeys (ConfUtils.java:logGet(43)) - raft.server.log.queue.byte-limit = 2147483647 (custom)
2019-08-27 08:32:40,893 [pool-450-thread-1] INFO  server.RaftServerConfigKeys (ConfUtils.java:logGet(43)) - raft.server.log.statemachine.data.caching.enabled = true (custom)
2019-08-27 08:32:40,892 [pool-439-thread-1] INFO  server.RaftServerConfigKeys (ConfUtils.java:logGet(43)) - raft.server.log.queue.element-limit = 1024 (custom)
2019-08-27 08:32:40,893 [pool-461-thread-1] INFO  server.RaftServerConfigKeys (ConfUtils.java:logGet(43)) - raft.server.log.queue.element-limit = 1024 (custom)
2019-08-27 08:32:40,893 [pool-450-thread-1] INFO  segmented.SegmentedRaftLogWorker (SegmentedRaftLogWorker.java:lambda$new$0(132)) - 50c0ab61-1758-43d2-a587-5cb94a3c81fe-SegmentedRaftLogWorker:Storage Directory /workdir/hadoop-ozone/integration-test/target/test-dir/MiniOzoneClusterImpl-d49177c5-c9c6-4953-9114-88aa1897b70a/datanode-1/data/ratis/d5b325be-c05e-4808-9713-b10eb1e3c230: flushIndex: setUnconditionally 0 -> -1
2019-08-27 08:32:40,893 [pool-439-thread-1] INFO  server.RaftServerConfigKeys (ConfUtils.java:logGet(43)) - raft.server.log.segment.size.max = 1048576 (custom)
2019-08-27 08:32:40,894 [pool-450-thread-1] INFO  server.RaftServerConfigKeys (ConfUtils.java:logGet(43)) - raft.server.snapshot.auto.trigger.enabled = true (custom)
2019-08-27 08:32:40,893 [pool-461-thread-1] INFO  server.RaftServerConfigKeys (ConfUtils.java:logGet(43)) - raft.server.log.segment.size.max = 1048576 (custom)
2019-08-27 08:32:40,894 [pool-450-thread-1] INFO  server.RaftServerConfigKeys (ConfUtils.java:logGet(43)) - raft.server.snapshot.auto.trigger.threshold = 10000 (custom)
2019-08-27 08:32:40,894 [pool-439-thread-1] INFO  server.RaftServerConfigKeys (ConfUtils.java:logGet(43)) - raft.server.log.preallocated.size = 16384 (custom)
2019-08-27 08:32:40,894 [pool-450-thread-1] INFO  server.RaftServerConfigKeys (ConfUtils.java:logGet(43)) - raft.server.retrycache.expirytime = 600000ms (custom)
2019-08-27 08:32:40,894 [pool-461-thread-1] INFO  server.RaftServerConfigKeys (ConfUtils.java:logGet(43)) - raft.server.log.preallocated.size = 16384 (custom)
2019-08-27 08:32:40,895 [pool-450-thread-1] INFO  impl.RaftServerImpl (RaftServerImpl.java:start(180)) - 50c0ab61-1758-43d2-a587-5cb94a3c81fe: start group-B10EB1E3C230
2019-08-27 08:32:40,894 [pool-439-thread-1] INFO  server.RaftServerConfigKeys (ConfUtils.java:logGet(43)) - raft.server.log.write.buffer.size = 33554432 (custom)
2019-08-27 08:32:40,895 [pool-450-thread-1] INFO  impl.RaftServerImpl (RaftServerImpl.java:setRole(171)) - 50c0ab61-1758-43d2-a587-5cb94a3c81fe:group-B10EB1E3C230 changes role from null to FOLLOWER at term 0 for startAsFollower
2019-08-27 08:32:40,895 [pool-461-thread-1] INFO  server.RaftServerConfigKeys (ConfUtils.java:logGet(43)) - raft.server.log.write.buffer.size = 33554432 (custom)
2019-08-27 08:32:40,895 [pool-450-thread-1] INFO  impl.RoleInfo (RoleInfo.java:updateAndGet(143)) - 50c0ab61-1758-43d2-a587-5cb94a3c81fe: start FollowerState
2019-08-27 08:32:40,895 [pool-439-thread-1] INFO  server.RaftServerConfigKeys (ConfUtils.java:logGet(43)) - raft.server.log.force.sync.num = 128 (default)
2019-08-27 08:32:40,896 [pool-461-thread-1] INFO  server.RaftServerConfigKeys (ConfUtils.java:logGet(43)) - raft.server.log.force.sync.num = 128 (default)
2019-08-27 08:32:40,896 [pool-439-thread-1] INFO  server.RaftServerConfigKeys (ConfUtils.java:logGet(43)) - raft.server.log.statemachine.data.sync = true (default)
2019-08-27 08:32:40,896 [pool-461-thread-1] INFO  server.RaftServerConfigKeys (ConfUtils.java:logGet(43)) - raft.server.log.statemachine.data.sync = true (default)
2019-08-27 08:32:40,896 [pool-450-thread-1] INFO  util.JmxRegister (JmxRegister.java:tryRegister(44)) - Successfully registered JMX Bean with object name Ratis:service=RaftServer,group=group-B10EB1E3C230,id=50c0ab61-1758-43d2-a587-5cb94a3c81fe
2019-08-27 08:32:40,896 [pool-461-thread-1] INFO  server.RaftServerConfigKeys (ConfUtils.java:logGet(43)) - raft.server.log.statemachine.data.sync.timeout = 10s (default)
2019-08-27 08:32:40,896 [pool-439-thread-1] INFO  server.RaftServerConfigKeys (ConfUtils.java:logGet(43)) - raft.server.log.statemachine.data.sync.timeout = 10s (default)
2019-08-27 08:32:40,897 [pool-461-thread-1] INFO  server.RaftServerConfigKeys (ConfUtils.java:logGet(43)) - raft.server.log.statemachine.data.sync.timeout.retry = -1 (default)
2019-08-27 08:32:40,897 [pool-439-thread-1] INFO  server.RaftServerConfigKeys (ConfUtils.java:logGet(43)) - raft.server.log.statemachine.data.sync.timeout.retry = -1 (default)
2019-08-27 08:32:40,897 [pool-461-thread-1] INFO  server.RaftServerConfigKeys (ConfUtils.java:logGet(43)) - raft.server.log.statemachine.data.caching.enabled = true (custom)
2019-08-27 08:32:40,898 [pool-439-thread-1] INFO  server.RaftServerConfigKeys (ConfUtils.java:logGet(43)) - raft.server.log.statemachine.data.caching.enabled = true (custom)
2019-08-27 08:32:40,898 [pool-461-thread-1] INFO  segmented.SegmentedRaftLogWorker (SegmentedRaftLogWorker.java:lambda$new$0(132)) - 0d19c57b-e104-4f48-977d-bd1ef2c3206a-SegmentedRaftLogWorker:Storage Directory /workdir/hadoop-ozone/integration-test/target/test-dir/MiniOzoneClusterImpl-d49177c5-c9c6-4953-9114-88aa1897b70a/datanode-2/data/ratis/d5b325be-c05e-4808-9713-b10eb1e3c230: flushIndex: setUnconditionally 0 -> -1
2019-08-27 08:32:40,898 [pool-439-thread-1] INFO  segmented.SegmentedRaftLogWorker (SegmentedRaftLogWorker.java:lambda$new$0(132)) - a7415c16-3934-426f-880c-bd70b649961c-SegmentedRaftLogWorker:Storage Directory /workdir/hadoop-ozone/integration-test/target/test-dir/MiniOzoneClusterImpl-d49177c5-c9c6-4953-9114-88aa1897b70a/datanode-0/data/ratis/d5b325be-c05e-4808-9713-b10eb1e3c230: flushIndex: setUnconditionally 0 -> -1
2019-08-27 08:32:40,898 [pool-461-thread-1] INFO  server.RaftServerConfigKeys (ConfUtils.java:logGet(43)) - raft.server.snapshot.auto.trigger.enabled = true (custom)
2019-08-27 08:32:40,899 [pool-439-thread-1] INFO  server.RaftServerConfigKeys (ConfUtils.java:logGet(43)) - raft.server.snapshot.auto.trigger.enabled = true (custom)
2019-08-27 08:32:40,899 [pool-461-thread-1] INFO  server.RaftServerConfigKeys (ConfUtils.java:logGet(43)) - raft.server.snapshot.auto.trigger.threshold = 10000 (custom)
2019-08-27 08:32:40,899 [pool-439-thread-1] INFO  server.RaftServerConfigKeys (ConfUtils.java:logGet(43)) - raft.server.snapshot.auto.trigger.threshold = 10000 (custom)
2019-08-27 08:32:40,899 [pool-461-thread-1] INFO  server.RaftServerConfigKeys (ConfUtils.java:logGet(43)) - raft.server.retrycache.expirytime = 600000ms (custom)
2019-08-27 08:32:40,899 [pool-439-thread-1] INFO  server.RaftServerConfigKeys (ConfUtils.java:logGet(43)) - raft.server.retrycache.expirytime = 600000ms (custom)
2019-08-27 08:32:40,900 [pool-461-thread-1] INFO  impl.RaftServerImpl (RaftServerImpl.java:start(180)) - 0d19c57b-e104-4f48-977d-bd1ef2c3206a: start group-B10EB1E3C230
2019-08-27 08:32:40,900 [pool-439-thread-1] INFO  impl.RaftServerImpl (RaftServerImpl.java:start(180)) - a7415c16-3934-426f-880c-bd70b649961c: start group-B10EB1E3C230
2019-08-27 08:32:40,900 [pool-461-thread-1] INFO  impl.RaftServerImpl (RaftServerImpl.java:setRole(171)) - 0d19c57b-e104-4f48-977d-bd1ef2c3206a:group-B10EB1E3C230 changes role from null to FOLLOWER at term 0 for startAsFollower
2019-08-27 08:32:40,900 [pool-439-thread-1] INFO  impl.RaftServerImpl (RaftServerImpl.java:setRole(171)) - a7415c16-3934-426f-880c-bd70b649961c:group-B10EB1E3C230 changes role from null to FOLLOWER at term 0 for startAsFollower
2019-08-27 08:32:40,900 [pool-461-thread-1] INFO  impl.RoleInfo (RoleInfo.java:updateAndGet(143)) - 0d19c57b-e104-4f48-977d-bd1ef2c3206a: start FollowerState
2019-08-27 08:32:40,900 [pool-439-thread-1] INFO  impl.RoleInfo (RoleInfo.java:updateAndGet(143)) - a7415c16-3934-426f-880c-bd70b649961c: start FollowerState
2019-08-27 08:32:40,901 [pool-461-thread-1] INFO  util.JmxRegister (JmxRegister.java:tryRegister(44)) - Successfully registered JMX Bean with object name Ratis:service=RaftServer,group=group-B10EB1E3C230,id=0d19c57b-e104-4f48-977d-bd1ef2c3206a
2019-08-27 08:32:40,901 [pool-439-thread-1] INFO  util.JmxRegister (JmxRegister.java:tryRegister(44)) - Successfully registered JMX Bean with object name Ratis:service=RaftServer,group=group-B10EB1E3C230,id=a7415c16-3934-426f-880c-bd70b649961c
2019-08-27 08:32:40,905 [RatisPipelineUtilsThread] INFO  pipeline.PipelineStateManager (PipelineStateManager.java:addPipeline(56)) - Created pipeline Pipeline[ Id: d5b325be-c05e-4808-9713-b10eb1e3c230, Nodes: 0d19c57b-e104-4f48-977d-bd1ef2c3206a{ip: 192.168.36.77, host: pr-hdds-738-64p2z-3138789487, networkLocation: /default-rack, certSerialId: null}a7415c16-3934-426f-880c-bd70b649961c{ip: 192.168.36.77, host: pr-hdds-738-64p2z-3138789487, networkLocation: /default-rack, certSerialId: null}50c0ab61-1758-43d2-a587-5cb94a3c81fe{ip: 192.168.36.77, host: pr-hdds-738-64p2z-3138789487, networkLocation: /default-rack, certSerialId: null}, Type:RATIS, Factor:THREE, State:OPEN]
2019-08-27 08:32:40,940 [IPC Server handler 3 on 40052] INFO  net.NetworkTopology (NetworkTopologyImpl.java:add(110)) - Added a new node: /default-rack/47cde36c-9fa2-4fed-9254-c7cf08d1e5f9
2019-08-27 08:32:40,940 [IPC Server handler 3 on 40052] INFO  node.SCMNodeManager (SCMNodeManager.java:register(273)) - Registered Data node : 47cde36c-9fa2-4fed-9254-c7cf08d1e5f9{ip: 192.168.36.77, host: pr-hdds-738-64p2z-3138789487, networkLocation: /default-rack, certSerialId: null}
2019-08-27 08:32:40,943 | INFO  | SCMAudit | user=jenkins1000 | ip=192.168.36.77 | op=REGISTER {datanodeDetails=47cde36c-9fa2-4fed-9254-c7cf08d1e5f9{ip: 192.168.36.77, host: pr-hdds-738-64p2z-3138789487, networkLocation: /default-rack, certSerialId: null}} | ret=SUCCESS |  
2019-08-27 08:32:40,950 [grpc-default-executor-10] INFO  impl.RaftServerProxy (RaftServerProxy.java:addNew(89)) - 345d10c5-4a03-4a5c-baf7-3e40504e58a5: addNew group-C303887C7834:[345d10c5-4a03-4a5c-baf7-3e40504e58a5:192.168.36.77:44664] returns group-C303887C7834:java.util.concurrent.CompletableFuture@7ccfc150[Not completed]
2019-08-27 08:32:40,951 [pool-472-thread-1] INFO  impl.RaftServerImpl (RaftServerImpl.java:<init>(93)) - 345d10c5-4a03-4a5c-baf7-3e40504e58a5: new RaftServerImpl for group-C303887C7834:[345d10c5-4a03-4a5c-baf7-3e40504e58a5:192.168.36.77:44664] with ContainerStateMachine:uninitialized
2019-08-27 08:32:40,951 [pool-472-thread-1] INFO  server.RaftServerConfigKeys (ConfUtils.java:logGet(43)) - raft.server.rpc.timeout.min = 5s (custom)
2019-08-27 08:32:40,951 [pool-472-thread-1] INFO  server.RaftServerConfigKeys (ConfUtils.java:logGet(43)) - raft.server.rpc.timeout.max = 5200ms (custom)
2019-08-27 08:32:40,952 [pool-472-thread-1] INFO  server.RaftServerConfigKeys (ConfUtils.java:logGet(43)) - raft.server.rpcslowness.timeout = 120s (custom)
2019-08-27 08:32:40,952 [pool-472-thread-1] INFO  server.RaftServerConfigKeys (ConfUtils.java:logGet(43)) - raft.server.sleep.deviation.threshold = 300 (default)
2019-08-27 08:32:40,952 [pool-472-thread-1] INFO  server.RaftServerConfigKeys (ConfUtils.java:logGet(43)) - raft.server.log.appender.install.snapshot.enabled = false (custom)
2019-08-27 08:32:40,952 [pool-472-thread-1] INFO  impl.RaftServerImpl (ServerState.java:<init>(105)) - 345d10c5-4a03-4a5c-baf7-3e40504e58a5:group-C303887C7834 ConfigurationManager, init=-1: [345d10c5-4a03-4a5c-baf7-3e40504e58a5:192.168.36.77:44664], old=null, confs=<EMPTY_MAP>
2019-08-27 08:32:40,952 [pool-472-thread-1] INFO  server.RaftServerConfigKeys (ConfUtils.java:logGet(43)) - raft.server.storage.dir = [/workdir/hadoop-ozone/integration-test/target/test-dir/MiniOzoneClusterImpl-d49177c5-c9c6-4953-9114-88aa1897b70a/datanode-3/data/ratis] (custom)
2019-08-27 08:32:40,953 [pool-472-thread-1] INFO  storage.RaftStorageDirectory (RaftStorageDirectory.java:analyzeStorage(246)) - The storage directory /workdir/hadoop-ozone/integration-test/target/test-dir/MiniOzoneClusterImpl-d49177c5-c9c6-4953-9114-88aa1897b70a/datanode-3/data/ratis/c95fe5a1-b2e4-4a02-8241-c303887c7834 does not exist. Creating ...
2019-08-27 08:32:40,966 [pool-472-thread-1] INFO  storage.RaftStorageDirectory (RaftStorageDirectory.java:tryLock(328)) - Lock on /workdir/hadoop-ozone/integration-test/target/test-dir/MiniOzoneClusterImpl-d49177c5-c9c6-4953-9114-88aa1897b70a/datanode-3/data/ratis/c95fe5a1-b2e4-4a02-8241-c303887c7834/in_use.lock acquired by nodename 22230@pr-hdds-738-64p2z-3138789487
2019-08-27 08:32:40,980 [pool-472-thread-1] INFO  storage.RaftStorage (RaftStorage.java:format(72)) - Storage directory /workdir/hadoop-ozone/integration-test/target/test-dir/MiniOzoneClusterImpl-d49177c5-c9c6-4953-9114-88aa1897b70a/datanode-3/data/ratis/c95fe5a1-b2e4-4a02-8241-c303887c7834 has been successfully formatted.
2019-08-27 08:32:40,980 [pool-472-thread-1] INFO  ratis.ContainerStateMachine (ContainerStateMachine.java:loadSnapshot(226)) - group-C303887C7834: The snapshot info is null. Setting the last applied indexto:(t:0, i:~)
2019-08-27 08:32:40,980 [pool-472-thread-1] INFO  server.RaftServerConfigKeys (ConfUtils.java:logGet(43)) - raft.server.leader.election.timeout = 120s (custom)
2019-08-27 08:32:40,981 [pool-472-thread-1] INFO  server.RaftServerConfigKeys (ConfUtils.java:logGet(43)) - raft.server.log.use.memory = false (default)
2019-08-27 08:32:40,981 [pool-472-thread-1] INFO  server.RaftServerConfigKeys (ConfUtils.java:logGet(43)) - raft.server.log.purge.gap = 1000000 (custom)
2019-08-27 08:32:40,981 [pool-472-thread-1] INFO  server.RaftServerConfigKeys (ConfUtils.java:logGet(43)) - raft.server.log.appender.buffer.byte-limit = 33554432 (custom)
2019-08-27 08:32:40,981 [pool-472-thread-1] INFO  server.RaftServerConfigKeys (ConfUtils.java:logGet(43)) - raft.server.log.segment.size.max = 1048576 (custom)
2019-08-27 08:32:40,981 [pool-472-thread-1] INFO  server.RaftServerConfigKeys (ConfUtils.java:logGet(43)) - raft.server.log.segment.cache.num.max = 2 (custom)
2019-08-27 08:32:40,981 [pool-472-thread-1] INFO  segmented.SegmentedRaftLogWorker (SegmentedRaftLogWorker.java:<init>(172)) - new 345d10c5-4a03-4a5c-baf7-3e40504e58a5-SegmentedRaftLogWorker:Storage Directory /workdir/hadoop-ozone/integration-test/target/test-dir/MiniOzoneClusterImpl-d49177c5-c9c6-4953-9114-88aa1897b70a/datanode-3/data/ratis/c95fe5a1-b2e4-4a02-8241-c303887c7834 for RaftStorage:Storage Directory /workdir/hadoop-ozone/integration-test/target/test-dir/MiniOzoneClusterImpl-d49177c5-c9c6-4953-9114-88aa1897b70a/datanode-3/data/ratis/c95fe5a1-b2e4-4a02-8241-c303887c7834
2019-08-27 08:32:40,982 [pool-472-thread-1] INFO  server.RaftServerConfigKeys (ConfUtils.java:logGet(43)) - raft.server.log.queue.byte-limit = 2147483647 (custom)
2019-08-27 08:32:40,982 [pool-472-thread-1] INFO  server.RaftServerConfigKeys (ConfUtils.java:logGet(43)) - raft.server.log.queue.element-limit = 1024 (custom)
2019-08-27 08:32:40,982 [pool-472-thread-1] INFO  server.RaftServerConfigKeys (ConfUtils.java:logGet(43)) - raft.server.log.segment.size.max = 1048576 (custom)
2019-08-27 08:32:40,982 [pool-472-thread-1] INFO  server.RaftServerConfigKeys (ConfUtils.java:logGet(43)) - raft.server.log.preallocated.size = 16384 (custom)
2019-08-27 08:32:40,982 [pool-472-thread-1] INFO  server.RaftServerConfigKeys (ConfUtils.java:logGet(43)) - raft.server.log.write.buffer.size = 33554432 (custom)
2019-08-27 08:32:40,983 [pool-472-thread-1] INFO  server.RaftServerConfigKeys (ConfUtils.java:logGet(43)) - raft.server.log.force.sync.num = 128 (default)
2019-08-27 08:32:40,983 [pool-472-thread-1] INFO  server.RaftServerConfigKeys (ConfUtils.java:logGet(43)) - raft.server.log.statemachine.data.sync = true (default)
2019-08-27 08:32:40,983 [pool-472-thread-1] INFO  server.RaftServerConfigKeys (ConfUtils.java:logGet(43)) - raft.server.log.statemachine.data.sync.timeout = 10s (default)
2019-08-27 08:32:40,983 [pool-472-thread-1] INFO  server.RaftServerConfigKeys (ConfUtils.java:logGet(43)) - raft.server.log.statemachine.data.sync.timeout.retry = -1 (default)
2019-08-27 08:32:40,983 [pool-472-thread-1] INFO  server.RaftServerConfigKeys (ConfUtils.java:logGet(43)) - raft.server.log.statemachine.data.caching.enabled = true (custom)
2019-08-27 08:32:40,984 [pool-472-thread-1] INFO  segmented.SegmentedRaftLogWorker (SegmentedRaftLogWorker.java:lambda$new$0(132)) - 345d10c5-4a03-4a5c-baf7-3e40504e58a5-SegmentedRaftLogWorker:Storage Directory /workdir/hadoop-ozone/integration-test/target/test-dir/MiniOzoneClusterImpl-d49177c5-c9c6-4953-9114-88aa1897b70a/datanode-3/data/ratis/c95fe5a1-b2e4-4a02-8241-c303887c7834: flushIndex: setUnconditionally 0 -> -1
2019-08-27 08:32:40,984 [pool-472-thread-1] INFO  server.RaftServerConfigKeys (ConfUtils.java:logGet(43)) - raft.server.snapshot.auto.trigger.enabled = true (custom)
2019-08-27 08:32:40,984 [pool-472-thread-1] INFO  server.RaftServerConfigKeys (ConfUtils.java:logGet(43)) - raft.server.snapshot.auto.trigger.threshold = 10000 (custom)
2019-08-27 08:32:40,985 [pool-472-thread-1] INFO  server.RaftServerConfigKeys (ConfUtils.java:logGet(43)) - raft.server.retrycache.expirytime = 600000ms (custom)
2019-08-27 08:32:40,985 [pool-472-thread-1] INFO  impl.RaftServerImpl (RaftServerImpl.java:start(180)) - 345d10c5-4a03-4a5c-baf7-3e40504e58a5: start group-C303887C7834
2019-08-27 08:32:40,985 [pool-472-thread-1] INFO  impl.RaftServerImpl (RaftServerImpl.java:setRole(171)) - 345d10c5-4a03-4a5c-baf7-3e40504e58a5:group-C303887C7834 changes role from null to FOLLOWER at term 0 for startAsFollower
2019-08-27 08:32:40,985 [pool-472-thread-1] INFO  impl.RoleInfo (RoleInfo.java:updateAndGet(143)) - 345d10c5-4a03-4a5c-baf7-3e40504e58a5: start FollowerState
2019-08-27 08:32:40,986 [pool-472-thread-1] INFO  util.JmxRegister (JmxRegister.java:tryRegister(44)) - Successfully registered JMX Bean with object name Ratis:service=RaftServer,group=group-C303887C7834,id=345d10c5-4a03-4a5c-baf7-3e40504e58a5
2019-08-27 08:32:40,988 [RatisPipelineUtilsThread] INFO  pipeline.PipelineStateManager (PipelineStateManager.java:addPipeline(56)) - Created pipeline Pipeline[ Id: c95fe5a1-b2e4-4a02-8241-c303887c7834, Nodes: 345d10c5-4a03-4a5c-baf7-3e40504e58a5{ip: 192.168.36.77, host: pr-hdds-738-64p2z-3138789487, networkLocation: /default-rack, certSerialId: null}, Type:RATIS, Factor:ONE, State:OPEN]
2019-08-27 08:32:40,996 [grpc-default-executor-10] INFO  impl.RaftServerProxy (RaftServerProxy.java:addNew(89)) - 47cde36c-9fa2-4fed-9254-c7cf08d1e5f9: addNew group-DE93308FFF82:[47cde36c-9fa2-4fed-9254-c7cf08d1e5f9:192.168.36.77:44491] returns group-DE93308FFF82:java.util.concurrent.CompletableFuture@531fd3c0[Not completed]
2019-08-27 08:32:40,997 [pool-483-thread-1] INFO  impl.RaftServerImpl (RaftServerImpl.java:<init>(93)) - 47cde36c-9fa2-4fed-9254-c7cf08d1e5f9: new RaftServerImpl for group-DE93308FFF82:[47cde36c-9fa2-4fed-9254-c7cf08d1e5f9:192.168.36.77:44491] with ContainerStateMachine:uninitialized
2019-08-27 08:32:40,997 [pool-483-thread-1] INFO  server.RaftServerConfigKeys (ConfUtils.java:logGet(43)) - raft.server.rpc.timeout.min = 5s (custom)
2019-08-27 08:32:40,997 [pool-483-thread-1] INFO  server.RaftServerConfigKeys (ConfUtils.java:logGet(43)) - raft.server.rpc.timeout.max = 5200ms (custom)
2019-08-27 08:32:40,998 [pool-483-thread-1] INFO  server.RaftServerConfigKeys (ConfUtils.java:logGet(43)) - raft.server.rpcslowness.timeout = 120s (custom)
2019-08-27 08:32:40,998 [pool-483-thread-1] INFO  server.RaftServerConfigKeys (ConfUtils.java:logGet(43)) - raft.server.sleep.deviation.threshold = 300 (default)
2019-08-27 08:32:40,998 [pool-483-thread-1] INFO  server.RaftServerConfigKeys (ConfUtils.java:logGet(43)) - raft.server.log.appender.install.snapshot.enabled = false (custom)
2019-08-27 08:32:40,998 [pool-483-thread-1] INFO  impl.RaftServerImpl (ServerState.java:<init>(105)) - 47cde36c-9fa2-4fed-9254-c7cf08d1e5f9:group-DE93308FFF82 ConfigurationManager, init=-1: [47cde36c-9fa2-4fed-9254-c7cf08d1e5f9:192.168.36.77:44491], old=null, confs=<EMPTY_MAP>
2019-08-27 08:32:40,998 [pool-483-thread-1] INFO  server.RaftServerConfigKeys (ConfUtils.java:logGet(43)) - raft.server.storage.dir = [/workdir/hadoop-ozone/integration-test/target/test-dir/MiniOzoneClusterImpl-d49177c5-c9c6-4953-9114-88aa1897b70a/datanode-4/data/ratis] (custom)
2019-08-27 08:32:40,999 [pool-483-thread-1] INFO  storage.RaftStorageDirectory (RaftStorageDirectory.java:analyzeStorage(246)) - The storage directory /workdir/hadoop-ozone/integration-test/target/test-dir/MiniOzoneClusterImpl-d49177c5-c9c6-4953-9114-88aa1897b70a/datanode-4/data/ratis/fec4b651-4d37-436a-8fbe-de93308fff82 does not exist. Creating ...
2019-08-27 08:32:41,006 [IPC Server handler 1 on 40052] INFO  net.NetworkTopology (NetworkTopologyImpl.java:add(110)) - Added a new node: /default-rack/c179a657-9165-49fe-9ad6-e054b9d56145
2019-08-27 08:32:41,006 [IPC Server handler 1 on 40052] INFO  node.SCMNodeManager (SCMNodeManager.java:register(273)) - Registered Data node : c179a657-9165-49fe-9ad6-e054b9d56145{ip: 192.168.36.77, host: pr-hdds-738-64p2z-3138789487, networkLocation: /default-rack, certSerialId: null}
2019-08-27 08:32:41,006 | INFO  | SCMAudit | user=jenkins1000 | ip=192.168.36.77 | op=REGISTER {datanodeDetails=c179a657-9165-49fe-9ad6-e054b9d56145{ip: 192.168.36.77, host: pr-hdds-738-64p2z-3138789487, networkLocation: /default-rack, certSerialId: null}} | ret=SUCCESS |  
2019-08-27 08:32:41,012 [pool-483-thread-1] INFO  storage.RaftStorageDirectory (RaftStorageDirectory.java:tryLock(328)) - Lock on /workdir/hadoop-ozone/integration-test/target/test-dir/MiniOzoneClusterImpl-d49177c5-c9c6-4953-9114-88aa1897b70a/datanode-4/data/ratis/fec4b651-4d37-436a-8fbe-de93308fff82/in_use.lock acquired by nodename 22230@pr-hdds-738-64p2z-3138789487
2019-08-27 08:32:41,025 [pool-483-thread-1] INFO  storage.RaftStorage (RaftStorage.java:format(72)) - Storage directory /workdir/hadoop-ozone/integration-test/target/test-dir/MiniOzoneClusterImpl-d49177c5-c9c6-4953-9114-88aa1897b70a/datanode-4/data/ratis/fec4b651-4d37-436a-8fbe-de93308fff82 has been successfully formatted.
2019-08-27 08:32:41,026 [pool-483-thread-1] INFO  ratis.ContainerStateMachine (ContainerStateMachine.java:loadSnapshot(226)) - group-DE93308FFF82: The snapshot info is null. Setting the last applied indexto:(t:0, i:~)
2019-08-27 08:32:41,026 [pool-483-thread-1] INFO  server.RaftServerConfigKeys (ConfUtils.java:logGet(43)) - raft.server.leader.election.timeout = 120s (custom)
2019-08-27 08:32:41,026 [pool-483-thread-1] INFO  server.RaftServerConfigKeys (ConfUtils.java:logGet(43)) - raft.server.log.use.memory = false (default)
2019-08-27 08:32:41,026 [pool-483-thread-1] INFO  server.RaftServerConfigKeys (ConfUtils.java:logGet(43)) - raft.server.log.purge.gap = 1000000 (custom)
2019-08-27 08:32:41,027 [pool-483-thread-1] INFO  server.RaftServerConfigKeys (ConfUtils.java:logGet(43)) - raft.server.log.appender.buffer.byte-limit = 33554432 (custom)
2019-08-27 08:32:41,027 [pool-483-thread-1] INFO  server.RaftServerConfigKeys (ConfUtils.java:logGet(43)) - raft.server.log.segment.size.max = 1048576 (custom)
2019-08-27 08:32:41,027 [pool-483-thread-1] INFO  server.RaftServerConfigKeys (ConfUtils.java:logGet(43)) - raft.server.log.segment.cache.num.max = 2 (custom)
2019-08-27 08:32:41,027 [pool-483-thread-1] INFO  segmented.SegmentedRaftLogWorker (SegmentedRaftLogWorker.java:<init>(172)) - new 47cde36c-9fa2-4fed-9254-c7cf08d1e5f9-SegmentedRaftLogWorker:Storage Directory /workdir/hadoop-ozone/integration-test/target/test-dir/MiniOzoneClusterImpl-d49177c5-c9c6-4953-9114-88aa1897b70a/datanode-4/data/ratis/fec4b651-4d37-436a-8fbe-de93308fff82 for RaftStorage:Storage Directory /workdir/hadoop-ozone/integration-test/target/test-dir/MiniOzoneClusterImpl-d49177c5-c9c6-4953-9114-88aa1897b70a/datanode-4/data/ratis/fec4b651-4d37-436a-8fbe-de93308fff82
2019-08-27 08:32:41,028 [pool-483-thread-1] INFO  server.RaftServerConfigKeys (ConfUtils.java:logGet(43)) - raft.server.log.queue.byte-limit = 2147483647 (custom)
2019-08-27 08:32:41,028 [pool-483-thread-1] INFO  server.RaftServerConfigKeys (ConfUtils.java:logGet(43)) - raft.server.log.queue.element-limit = 1024 (custom)
2019-08-27 08:32:41,028 [pool-483-thread-1] INFO  server.RaftServerConfigKeys (ConfUtils.java:logGet(43)) - raft.server.log.segment.size.max = 1048576 (custom)
2019-08-27 08:32:41,028 [pool-483-thread-1] INFO  server.RaftServerConfigKeys (ConfUtils.java:logGet(43)) - raft.server.log.preallocated.size = 16384 (custom)
2019-08-27 08:32:41,029 [pool-483-thread-1] INFO  server.RaftServerConfigKeys (ConfUtils.java:logGet(43)) - raft.server.log.write.buffer.size = 33554432 (custom)
2019-08-27 08:32:41,029 [pool-483-thread-1] INFO  server.RaftServerConfigKeys (ConfUtils.java:logGet(43)) - raft.server.log.force.sync.num = 128 (default)
2019-08-27 08:32:41,029 [pool-483-thread-1] INFO  server.RaftServerConfigKeys (ConfUtils.java:logGet(43)) - raft.server.log.statemachine.data.sync = true (default)
2019-08-27 08:32:41,029 [pool-483-thread-1] INFO  server.RaftServerConfigKeys (ConfUtils.java:logGet(43)) - raft.server.log.statemachine.data.sync.timeout = 10s (default)
2019-08-27 08:32:41,029 [pool-483-thread-1] INFO  server.RaftServerConfigKeys (ConfUtils.java:logGet(43)) - raft.server.log.statemachine.data.sync.timeout.retry = -1 (default)
2019-08-27 08:32:41,030 [pool-483-thread-1] INFO  server.RaftServerConfigKeys (ConfUtils.java:logGet(43)) - raft.server.log.statemachine.data.caching.enabled = true (custom)
2019-08-27 08:32:41,030 [pool-483-thread-1] INFO  segmented.SegmentedRaftLogWorker (SegmentedRaftLogWorker.java:lambda$new$0(132)) - 47cde36c-9fa2-4fed-9254-c7cf08d1e5f9-SegmentedRaftLogWorker:Storage Directory /workdir/hadoop-ozone/integration-test/target/test-dir/MiniOzoneClusterImpl-d49177c5-c9c6-4953-9114-88aa1897b70a/datanode-4/data/ratis/fec4b651-4d37-436a-8fbe-de93308fff82: flushIndex: setUnconditionally 0 -> -1
2019-08-27 08:32:41,031 [pool-483-thread-1] INFO  server.RaftServerConfigKeys (ConfUtils.java:logGet(43)) - raft.server.snapshot.auto.trigger.enabled = true (custom)
2019-08-27 08:32:41,031 [pool-483-thread-1] INFO  server.RaftServerConfigKeys (ConfUtils.java:logGet(43)) - raft.server.snapshot.auto.trigger.threshold = 10000 (custom)
2019-08-27 08:32:41,031 [pool-483-thread-1] INFO  server.RaftServerConfigKeys (ConfUtils.java:logGet(43)) - raft.server.retrycache.expirytime = 600000ms (custom)
2019-08-27 08:32:41,032 [pool-483-thread-1] INFO  impl.RaftServerImpl (RaftServerImpl.java:start(180)) - 47cde36c-9fa2-4fed-9254-c7cf08d1e5f9: start group-DE93308FFF82
2019-08-27 08:32:41,032 [pool-483-thread-1] INFO  impl.RaftServerImpl (RaftServerImpl.java:setRole(171)) - 47cde36c-9fa2-4fed-9254-c7cf08d1e5f9:group-DE93308FFF82 changes role from null to FOLLOWER at term 0 for startAsFollower
2019-08-27 08:32:41,032 [pool-483-thread-1] INFO  impl.RoleInfo (RoleInfo.java:updateAndGet(143)) - 47cde36c-9fa2-4fed-9254-c7cf08d1e5f9: start FollowerState
2019-08-27 08:32:41,035 [pool-483-thread-1] INFO  util.JmxRegister (JmxRegister.java:tryRegister(44)) - Successfully registered JMX Bean with object name Ratis:service=RaftServer,group=group-DE93308FFF82,id=47cde36c-9fa2-4fed-9254-c7cf08d1e5f9
2019-08-27 08:32:41,038 [RatisPipelineUtilsThread] INFO  pipeline.PipelineStateManager (PipelineStateManager.java:addPipeline(56)) - Created pipeline Pipeline[ Id: fec4b651-4d37-436a-8fbe-de93308fff82, Nodes: 47cde36c-9fa2-4fed-9254-c7cf08d1e5f9{ip: 192.168.36.77, host: pr-hdds-738-64p2z-3138789487, networkLocation: /default-rack, certSerialId: null}, Type:RATIS, Factor:ONE, State:OPEN]
2019-08-27 08:32:41,050 [grpc-default-executor-10] INFO  impl.RaftServerProxy (RaftServerProxy.java:addNew(89)) - c179a657-9165-49fe-9ad6-e054b9d56145: addNew group-4FFE973BE4B0:[c179a657-9165-49fe-9ad6-e054b9d56145:192.168.36.77:45949] returns group-4FFE973BE4B0:java.util.concurrent.CompletableFuture@3b2efe12[Not completed]
2019-08-27 08:32:41,051 [pool-494-thread-1] INFO  impl.RaftServerImpl (RaftServerImpl.java:<init>(93)) - c179a657-9165-49fe-9ad6-e054b9d56145: new RaftServerImpl for group-4FFE973BE4B0:[c179a657-9165-49fe-9ad6-e054b9d56145:192.168.36.77:45949] with ContainerStateMachine:uninitialized
2019-08-27 08:32:41,052 [pool-494-thread-1] INFO  server.RaftServerConfigKeys (ConfUtils.java:logGet(43)) - raft.server.rpc.timeout.min = 5s (custom)
2019-08-27 08:32:41,052 [pool-494-thread-1] INFO  server.RaftServerConfigKeys (ConfUtils.java:logGet(43)) - raft.server.rpc.timeout.max = 5200ms (custom)
2019-08-27 08:32:41,052 [pool-494-thread-1] INFO  server.RaftServerConfigKeys (ConfUtils.java:logGet(43)) - raft.server.rpcslowness.timeout = 120s (custom)
2019-08-27 08:32:41,052 [pool-494-thread-1] INFO  server.RaftServerConfigKeys (ConfUtils.java:logGet(43)) - raft.server.sleep.deviation.threshold = 300 (default)
2019-08-27 08:32:41,052 [pool-494-thread-1] INFO  server.RaftServerConfigKeys (ConfUtils.java:logGet(43)) - raft.server.log.appender.install.snapshot.enabled = false (custom)
2019-08-27 08:32:41,052 [pool-494-thread-1] INFO  impl.RaftServerImpl (ServerState.java:<init>(105)) - c179a657-9165-49fe-9ad6-e054b9d56145:group-4FFE973BE4B0 ConfigurationManager, init=-1: [c179a657-9165-49fe-9ad6-e054b9d56145:192.168.36.77:45949], old=null, confs=<EMPTY_MAP>
2019-08-27 08:32:41,053 [pool-494-thread-1] INFO  server.RaftServerConfigKeys (ConfUtils.java:logGet(43)) - raft.server.storage.dir = [/workdir/hadoop-ozone/integration-test/target/test-dir/MiniOzoneClusterImpl-d49177c5-c9c6-4953-9114-88aa1897b70a/datanode-5/data/ratis] (custom)
2019-08-27 08:32:41,053 [pool-494-thread-1] INFO  storage.RaftStorageDirectory (RaftStorageDirectory.java:analyzeStorage(246)) - The storage directory /workdir/hadoop-ozone/integration-test/target/test-dir/MiniOzoneClusterImpl-d49177c5-c9c6-4953-9114-88aa1897b70a/datanode-5/data/ratis/7eef33df-def5-464e-bff0-4ffe973be4b0 does not exist. Creating ...
2019-08-27 08:32:41,066 [pool-494-thread-1] INFO  storage.RaftStorageDirectory (RaftStorageDirectory.java:tryLock(328)) - Lock on /workdir/hadoop-ozone/integration-test/target/test-dir/MiniOzoneClusterImpl-d49177c5-c9c6-4953-9114-88aa1897b70a/datanode-5/data/ratis/7eef33df-def5-464e-bff0-4ffe973be4b0/in_use.lock acquired by nodename 22230@pr-hdds-738-64p2z-3138789487
2019-08-27 08:32:41,080 [pool-494-thread-1] INFO  storage.RaftStorage (RaftStorage.java:format(72)) - Storage directory /workdir/hadoop-ozone/integration-test/target/test-dir/MiniOzoneClusterImpl-d49177c5-c9c6-4953-9114-88aa1897b70a/datanode-5/data/ratis/7eef33df-def5-464e-bff0-4ffe973be4b0 has been successfully formatted.
2019-08-27 08:32:41,080 [pool-494-thread-1] INFO  ratis.ContainerStateMachine (ContainerStateMachine.java:loadSnapshot(226)) - group-4FFE973BE4B0: The snapshot info is null. Setting the last applied indexto:(t:0, i:~)
2019-08-27 08:32:41,080 [pool-494-thread-1] INFO  server.RaftServerConfigKeys (ConfUtils.java:logGet(43)) - raft.server.leader.election.timeout = 120s (custom)
2019-08-27 08:32:41,080 [pool-494-thread-1] INFO  server.RaftServerConfigKeys (ConfUtils.java:logGet(43)) - raft.server.log.use.memory = false (default)
2019-08-27 08:32:41,080 [pool-494-thread-1] INFO  server.RaftServerConfigKeys (ConfUtils.java:logGet(43)) - raft.server.log.purge.gap = 1000000 (custom)
2019-08-27 08:32:41,081 [pool-494-thread-1] INFO  server.RaftServerConfigKeys (ConfUtils.java:logGet(43)) - raft.server.log.appender.buffer.byte-limit = 33554432 (custom)
2019-08-27 08:32:41,081 [pool-494-thread-1] INFO  server.RaftServerConfigKeys (ConfUtils.java:logGet(43)) - raft.server.log.segment.size.max = 1048576 (custom)
2019-08-27 08:32:41,081 [pool-494-thread-1] INFO  server.RaftServerConfigKeys (ConfUtils.java:logGet(43)) - raft.server.log.segment.cache.num.max = 2 (custom)
2019-08-27 08:32:41,081 [pool-494-thread-1] INFO  segmented.SegmentedRaftLogWorker (SegmentedRaftLogWorker.java:<init>(172)) - new c179a657-9165-49fe-9ad6-e054b9d56145-SegmentedRaftLogWorker:Storage Directory /workdir/hadoop-ozone/integration-test/target/test-dir/MiniOzoneClusterImpl-d49177c5-c9c6-4953-9114-88aa1897b70a/datanode-5/data/ratis/7eef33df-def5-464e-bff0-4ffe973be4b0 for RaftStorage:Storage Directory /workdir/hadoop-ozone/integration-test/target/test-dir/MiniOzoneClusterImpl-d49177c5-c9c6-4953-9114-88aa1897b70a/datanode-5/data/ratis/7eef33df-def5-464e-bff0-4ffe973be4b0
2019-08-27 08:32:41,081 [pool-494-thread-1] INFO  server.RaftServerConfigKeys (ConfUtils.java:logGet(43)) - raft.server.log.queue.byte-limit = 2147483647 (custom)
2019-08-27 08:32:41,081 [pool-494-thread-1] INFO  server.RaftServerConfigKeys (ConfUtils.java:logGet(43)) - raft.server.log.queue.element-limit = 1024 (custom)
2019-08-27 08:32:41,082 [pool-494-thread-1] INFO  server.RaftServerConfigKeys (ConfUtils.java:logGet(43)) - raft.server.log.segment.size.max = 1048576 (custom)
2019-08-27 08:32:41,082 [pool-494-thread-1] INFO  server.RaftServerConfigKeys (ConfUtils.java:logGet(43)) - raft.server.log.preallocated.size = 16384 (custom)
2019-08-27 08:32:41,082 [pool-494-thread-1] INFO  server.RaftServerConfigKeys (ConfUtils.java:logGet(43)) - raft.server.log.write.buffer.size = 33554432 (custom)
2019-08-27 08:32:41,082 [pool-494-thread-1] INFO  server.RaftServerConfigKeys (ConfUtils.java:logGet(43)) - raft.server.log.force.sync.num = 128 (default)
2019-08-27 08:32:41,082 [pool-494-thread-1] INFO  server.RaftServerConfigKeys (ConfUtils.java:logGet(43)) - raft.server.log.statemachine.data.sync = true (default)
2019-08-27 08:32:41,082 [pool-494-thread-1] INFO  server.RaftServerConfigKeys (ConfUtils.java:logGet(43)) - raft.server.log.statemachine.data.sync.timeout = 10s (default)
2019-08-27 08:32:41,082 [pool-494-thread-1] INFO  server.RaftServerConfigKeys (ConfUtils.java:logGet(43)) - raft.server.log.statemachine.data.sync.timeout.retry = -1 (default)
2019-08-27 08:32:41,083 [pool-494-thread-1] INFO  server.RaftServerConfigKeys (ConfUtils.java:logGet(43)) - raft.server.log.statemachine.data.caching.enabled = true (custom)
2019-08-27 08:32:41,083 [pool-494-thread-1] INFO  segmented.SegmentedRaftLogWorker (SegmentedRaftLogWorker.java:lambda$new$0(132)) - c179a657-9165-49fe-9ad6-e054b9d56145-SegmentedRaftLogWorker:Storage Directory /workdir/hadoop-ozone/integration-test/target/test-dir/MiniOzoneClusterImpl-d49177c5-c9c6-4953-9114-88aa1897b70a/datanode-5/data/ratis/7eef33df-def5-464e-bff0-4ffe973be4b0: flushIndex: setUnconditionally 0 -> -1
2019-08-27 08:32:41,083 [pool-494-thread-1] INFO  server.RaftServerConfigKeys (ConfUtils.java:logGet(43)) - raft.server.snapshot.auto.trigger.enabled = true (custom)
2019-08-27 08:32:41,084 [pool-494-thread-1] INFO  server.RaftServerConfigKeys (ConfUtils.java:logGet(43)) - raft.server.snapshot.auto.trigger.threshold = 10000 (custom)
2019-08-27 08:32:41,084 [pool-494-thread-1] INFO  server.RaftServerConfigKeys (ConfUtils.java:logGet(43)) - raft.server.retrycache.expirytime = 600000ms (custom)
2019-08-27 08:32:41,084 [pool-494-thread-1] INFO  impl.RaftServerImpl (RaftServerImpl.java:start(180)) - c179a657-9165-49fe-9ad6-e054b9d56145: start group-4FFE973BE4B0
2019-08-27 08:32:41,084 [pool-494-thread-1] INFO  impl.RaftServerImpl (RaftServerImpl.java:setRole(171)) - c179a657-9165-49fe-9ad6-e054b9d56145:group-4FFE973BE4B0 changes role from null to FOLLOWER at term 0 for startAsFollower
2019-08-27 08:32:41,084 [pool-494-thread-1] INFO  impl.RoleInfo (RoleInfo.java:updateAndGet(143)) - c179a657-9165-49fe-9ad6-e054b9d56145: start FollowerState
2019-08-27 08:32:41,085 [pool-494-thread-1] INFO  util.JmxRegister (JmxRegister.java:tryRegister(44)) - Successfully registered JMX Bean with object name Ratis:service=RaftServer,group=group-4FFE973BE4B0,id=c179a657-9165-49fe-9ad6-e054b9d56145
2019-08-27 08:32:41,087 [RatisPipelineUtilsThread] INFO  pipeline.PipelineStateManager (PipelineStateManager.java:addPipeline(56)) - Created pipeline Pipeline[ Id: 7eef33df-def5-464e-bff0-4ffe973be4b0, Nodes: c179a657-9165-49fe-9ad6-e054b9d56145{ip: 192.168.36.77, host: pr-hdds-738-64p2z-3138789487, networkLocation: /default-rack, certSerialId: null}, Type:RATIS, Factor:ONE, State:OPEN]
2019-08-27 08:32:41,099 [grpc-default-executor-9] INFO  impl.RaftServerProxy (RaftServerProxy.java:addNew(89)) - 345d10c5-4a03-4a5c-baf7-3e40504e58a5: addNew group-29C44B8D7A45:[47cde36c-9fa2-4fed-9254-c7cf08d1e5f9:192.168.36.77:44491, 345d10c5-4a03-4a5c-baf7-3e40504e58a5:192.168.36.77:44664, c179a657-9165-49fe-9ad6-e054b9d56145:192.168.36.77:45949] returns group-29C44B8D7A45:java.util.concurrent.CompletableFuture@1b75b348[Not completed]
2019-08-27 08:32:41,100 [grpc-default-executor-10] INFO  impl.RaftServerProxy (RaftServerProxy.java:addNew(89)) - c179a657-9165-49fe-9ad6-e054b9d56145: addNew group-29C44B8D7A45:[47cde36c-9fa2-4fed-9254-c7cf08d1e5f9:192.168.36.77:44491, 345d10c5-4a03-4a5c-baf7-3e40504e58a5:192.168.36.77:44664, c179a657-9165-49fe-9ad6-e054b9d56145:192.168.36.77:45949] returns group-29C44B8D7A45:java.util.concurrent.CompletableFuture@524c1db[Not completed]
2019-08-27 08:32:41,099 [grpc-default-executor-5] INFO  impl.RaftServerProxy (RaftServerProxy.java:addNew(89)) - 47cde36c-9fa2-4fed-9254-c7cf08d1e5f9: addNew group-29C44B8D7A45:[47cde36c-9fa2-4fed-9254-c7cf08d1e5f9:192.168.36.77:44491, 345d10c5-4a03-4a5c-baf7-3e40504e58a5:192.168.36.77:44664, c179a657-9165-49fe-9ad6-e054b9d56145:192.168.36.77:45949] returns group-29C44B8D7A45:java.util.concurrent.CompletableFuture@1d697bbb[Not completed]
2019-08-27 08:32:41,101 [pool-472-thread-1] INFO  impl.RaftServerImpl (RaftServerImpl.java:<init>(93)) - 345d10c5-4a03-4a5c-baf7-3e40504e58a5: new RaftServerImpl for group-29C44B8D7A45:[47cde36c-9fa2-4fed-9254-c7cf08d1e5f9:192.168.36.77:44491, 345d10c5-4a03-4a5c-baf7-3e40504e58a5:192.168.36.77:44664, c179a657-9165-49fe-9ad6-e054b9d56145:192.168.36.77:45949] with ContainerStateMachine:uninitialized
2019-08-27 08:32:41,101 [pool-472-thread-1] INFO  server.RaftServerConfigKeys (ConfUtils.java:logGet(43)) - raft.server.rpc.timeout.min = 5s (custom)
2019-08-27 08:32:41,101 [pool-472-thread-1] INFO  server.RaftServerConfigKeys (ConfUtils.java:logGet(43)) - raft.server.rpc.timeout.max = 5200ms (custom)
2019-08-27 08:32:41,101 [pool-472-thread-1] INFO  server.RaftServerConfigKeys (ConfUtils.java:logGet(43)) - raft.server.rpcslowness.timeout = 120s (custom)
2019-08-27 08:32:41,102 [pool-472-thread-1] INFO  server.RaftServerConfigKeys (ConfUtils.java:logGet(43)) - raft.server.sleep.deviation.threshold = 300 (default)
2019-08-27 08:32:41,102 [pool-472-thread-1] INFO  server.RaftServerConfigKeys (ConfUtils.java:logGet(43)) - raft.server.log.appender.install.snapshot.enabled = false (custom)
2019-08-27 08:32:41,102 [pool-472-thread-1] INFO  impl.RaftServerImpl (ServerState.java:<init>(105)) - 345d10c5-4a03-4a5c-baf7-3e40504e58a5:group-29C44B8D7A45 ConfigurationManager, init=-1: [47cde36c-9fa2-4fed-9254-c7cf08d1e5f9:192.168.36.77:44491, 345d10c5-4a03-4a5c-baf7-3e40504e58a5:192.168.36.77:44664, c179a657-9165-49fe-9ad6-e054b9d56145:192.168.36.77:45949], old=null, confs=<EMPTY_MAP>
2019-08-27 08:32:41,102 [pool-483-thread-1] INFO  impl.RaftServerImpl (RaftServerImpl.java:<init>(93)) - 47cde36c-9fa2-4fed-9254-c7cf08d1e5f9: new RaftServerImpl for group-29C44B8D7A45:[47cde36c-9fa2-4fed-9254-c7cf08d1e5f9:192.168.36.77:44491, 345d10c5-4a03-4a5c-baf7-3e40504e58a5:192.168.36.77:44664, c179a657-9165-49fe-9ad6-e054b9d56145:192.168.36.77:45949] with ContainerStateMachine:uninitialized
2019-08-27 08:32:41,102 [pool-472-thread-1] INFO  server.RaftServerConfigKeys (ConfUtils.java:logGet(43)) - raft.server.storage.dir = [/workdir/hadoop-ozone/integration-test/target/test-dir/MiniOzoneClusterImpl-d49177c5-c9c6-4953-9114-88aa1897b70a/datanode-3/data/ratis] (custom)
2019-08-27 08:32:41,102 [pool-494-thread-1] INFO  impl.RaftServerImpl (RaftServerImpl.java:<init>(93)) - c179a657-9165-49fe-9ad6-e054b9d56145: new RaftServerImpl for group-29C44B8D7A45:[47cde36c-9fa2-4fed-9254-c7cf08d1e5f9:192.168.36.77:44491, 345d10c5-4a03-4a5c-baf7-3e40504e58a5:192.168.36.77:44664, c179a657-9165-49fe-9ad6-e054b9d56145:192.168.36.77:45949] with ContainerStateMachine:uninitialized
2019-08-27 08:32:41,102 [pool-483-thread-1] INFO  server.RaftServerConfigKeys (ConfUtils.java:logGet(43)) - raft.server.rpc.timeout.min = 5s (custom)
2019-08-27 08:32:41,102 [pool-494-thread-1] INFO  server.RaftServerConfigKeys (ConfUtils.java:logGet(43)) - raft.server.rpc.timeout.min = 5s (custom)
2019-08-27 08:32:41,103 [pool-472-thread-1] INFO  storage.RaftStorageDirectory (RaftStorageDirectory.java:analyzeStorage(246)) - The storage directory /workdir/hadoop-ozone/integration-test/target/test-dir/MiniOzoneClusterImpl-d49177c5-c9c6-4953-9114-88aa1897b70a/datanode-3/data/ratis/b216247c-4632-4696-aea6-29c44b8d7a45 does not exist. Creating ...
2019-08-27 08:32:41,103 [pool-483-thread-1] INFO  server.RaftServerConfigKeys (ConfUtils.java:logGet(43)) - raft.server.rpc.timeout.max = 5200ms (custom)
2019-08-27 08:32:41,103 [pool-494-thread-1] INFO  server.RaftServerConfigKeys (ConfUtils.java:logGet(43)) - raft.server.rpc.timeout.max = 5200ms (custom)
2019-08-27 08:32:41,103 [pool-483-thread-1] INFO  server.RaftServerConfigKeys (ConfUtils.java:logGet(43)) - raft.server.rpcslowness.timeout = 120s (custom)
2019-08-27 08:32:41,103 [pool-494-thread-1] INFO  server.RaftServerConfigKeys (ConfUtils.java:logGet(43)) - raft.server.rpcslowness.timeout = 120s (custom)
2019-08-27 08:32:41,103 [pool-483-thread-1] INFO  server.RaftServerConfigKeys (ConfUtils.java:logGet(43)) - raft.server.sleep.deviation.threshold = 300 (default)
2019-08-27 08:32:41,103 [pool-494-thread-1] INFO  server.RaftServerConfigKeys (ConfUtils.java:logGet(43)) - raft.server.sleep.deviation.threshold = 300 (default)
2019-08-27 08:32:41,103 [pool-483-thread-1] INFO  server.RaftServerConfigKeys (ConfUtils.java:logGet(43)) - raft.server.log.appender.install.snapshot.enabled = false (custom)
2019-08-27 08:32:41,104 [pool-494-thread-1] INFO  server.RaftServerConfigKeys (ConfUtils.java:logGet(43)) - raft.server.log.appender.install.snapshot.enabled = false (custom)
2019-08-27 08:32:41,104 [pool-483-thread-1] INFO  impl.RaftServerImpl (ServerState.java:<init>(105)) - 47cde36c-9fa2-4fed-9254-c7cf08d1e5f9:group-29C44B8D7A45 ConfigurationManager, init=-1: [47cde36c-9fa2-4fed-9254-c7cf08d1e5f9:192.168.36.77:44491, 345d10c5-4a03-4a5c-baf7-3e40504e58a5:192.168.36.77:44664, c179a657-9165-49fe-9ad6-e054b9d56145:192.168.36.77:45949], old=null, confs=<EMPTY_MAP>
2019-08-27 08:32:41,104 [pool-494-thread-1] INFO  impl.RaftServerImpl (ServerState.java:<init>(105)) - c179a657-9165-49fe-9ad6-e054b9d56145:group-29C44B8D7A45 ConfigurationManager, init=-1: [47cde36c-9fa2-4fed-9254-c7cf08d1e5f9:192.168.36.77:44491, 345d10c5-4a03-4a5c-baf7-3e40504e58a5:192.168.36.77:44664, c179a657-9165-49fe-9ad6-e054b9d56145:192.168.36.77:45949], old=null, confs=<EMPTY_MAP>
2019-08-27 08:32:41,104 [pool-483-thread-1] INFO  server.RaftServerConfigKeys (ConfUtils.java:logGet(43)) - raft.server.storage.dir = [/workdir/hadoop-ozone/integration-test/target/test-dir/MiniOzoneClusterImpl-d49177c5-c9c6-4953-9114-88aa1897b70a/datanode-4/data/ratis] (custom)
2019-08-27 08:32:41,104 [main] INFO  ozone.MiniOzoneClusterImpl (MiniOzoneClusterImpl.java:lambda$waitForClusterToBeReady$0(140)) - Waiting for cluster to be ready. Got 6 of 7 DN Heartbeats.
2019-08-27 08:32:41,105 [pool-483-thread-1] INFO  storage.RaftStorageDirectory (RaftStorageDirectory.java:analyzeStorage(246)) - The storage directory /workdir/hadoop-ozone/integration-test/target/test-dir/MiniOzoneClusterImpl-d49177c5-c9c6-4953-9114-88aa1897b70a/datanode-4/data/ratis/b216247c-4632-4696-aea6-29c44b8d7a45 does not exist. Creating ...
2019-08-27 08:32:41,104 [pool-494-thread-1] INFO  server.RaftServerConfigKeys (ConfUtils.java:logGet(43)) - raft.server.storage.dir = [/workdir/hadoop-ozone/integration-test/target/test-dir/MiniOzoneClusterImpl-d49177c5-c9c6-4953-9114-88aa1897b70a/datanode-5/data/ratis] (custom)
2019-08-27 08:32:41,105 [pool-494-thread-1] INFO  storage.RaftStorageDirectory (RaftStorageDirectory.java:analyzeStorage(246)) - The storage directory /workdir/hadoop-ozone/integration-test/target/test-dir/MiniOzoneClusterImpl-d49177c5-c9c6-4953-9114-88aa1897b70a/datanode-5/data/ratis/b216247c-4632-4696-aea6-29c44b8d7a45 does not exist. Creating ...
2019-08-27 08:32:41,105 [IPC Server handler 4 on 40052] INFO  net.NetworkTopology (NetworkTopologyImpl.java:add(110)) - Added a new node: /default-rack/54ae50f6-2c43-44f1-944a-6e503a426641
2019-08-27 08:32:41,106 [IPC Server handler 4 on 40052] INFO  node.SCMNodeManager (SCMNodeManager.java:register(273)) - Registered Data node : 54ae50f6-2c43-44f1-944a-6e503a426641{ip: 192.168.36.77, host: pr-hdds-738-64p2z-3138789487, networkLocation: /default-rack, certSerialId: null}
2019-08-27 08:32:41,106 | INFO  | SCMAudit | user=jenkins1000 | ip=192.168.36.77 | op=REGISTER {datanodeDetails=54ae50f6-2c43-44f1-944a-6e503a426641{ip: 192.168.36.77, host: pr-hdds-738-64p2z-3138789487, networkLocation: /default-rack, certSerialId: null}} | ret=SUCCESS |  
2019-08-27 08:32:41,146 [pool-472-thread-1] INFO  storage.RaftStorageDirectory (RaftStorageDirectory.java:tryLock(328)) - Lock on /workdir/hadoop-ozone/integration-test/target/test-dir/MiniOzoneClusterImpl-d49177c5-c9c6-4953-9114-88aa1897b70a/datanode-3/data/ratis/b216247c-4632-4696-aea6-29c44b8d7a45/in_use.lock acquired by nodename 22230@pr-hdds-738-64p2z-3138789487
2019-08-27 08:32:41,146 [pool-483-thread-1] INFO  storage.RaftStorageDirectory (RaftStorageDirectory.java:tryLock(328)) - Lock on /workdir/hadoop-ozone/integration-test/target/test-dir/MiniOzoneClusterImpl-d49177c5-c9c6-4953-9114-88aa1897b70a/datanode-4/data/ratis/b216247c-4632-4696-aea6-29c44b8d7a45/in_use.lock acquired by nodename 22230@pr-hdds-738-64p2z-3138789487
2019-08-27 08:32:41,146 [pool-494-thread-1] INFO  storage.RaftStorageDirectory (RaftStorageDirectory.java:tryLock(328)) - Lock on /workdir/hadoop-ozone/integration-test/target/test-dir/MiniOzoneClusterImpl-d49177c5-c9c6-4953-9114-88aa1897b70a/datanode-5/data/ratis/b216247c-4632-4696-aea6-29c44b8d7a45/in_use.lock acquired by nodename 22230@pr-hdds-738-64p2z-3138789487
2019-08-27 08:32:41,158 [pool-483-thread-1] INFO  storage.RaftStorage (RaftStorage.java:format(72)) - Storage directory /workdir/hadoop-ozone/integration-test/target/test-dir/MiniOzoneClusterImpl-d49177c5-c9c6-4953-9114-88aa1897b70a/datanode-4/data/ratis/b216247c-4632-4696-aea6-29c44b8d7a45 has been successfully formatted.
2019-08-27 08:32:41,158 [pool-494-thread-1] INFO  storage.RaftStorage (RaftStorage.java:format(72)) - Storage directory /workdir/hadoop-ozone/integration-test/target/test-dir/MiniOzoneClusterImpl-d49177c5-c9c6-4953-9114-88aa1897b70a/datanode-5/data/ratis/b216247c-4632-4696-aea6-29c44b8d7a45 has been successfully formatted.
2019-08-27 08:32:41,158 [pool-472-thread-1] INFO  storage.RaftStorage (RaftStorage.java:format(72)) - Storage directory /workdir/hadoop-ozone/integration-test/target/test-dir/MiniOzoneClusterImpl-d49177c5-c9c6-4953-9114-88aa1897b70a/datanode-3/data/ratis/b216247c-4632-4696-aea6-29c44b8d7a45 has been successfully formatted.
2019-08-27 08:32:41,159 [pool-494-thread-1] INFO  ratis.ContainerStateMachine (ContainerStateMachine.java:loadSnapshot(226)) - group-29C44B8D7A45: The snapshot info is null. Setting the last applied indexto:(t:0, i:~)
2019-08-27 08:32:41,159 [pool-483-thread-1] INFO  ratis.ContainerStateMachine (ContainerStateMachine.java:loadSnapshot(226)) - group-29C44B8D7A45: The snapshot info is null. Setting the last applied indexto:(t:0, i:~)
2019-08-27 08:32:41,159 [pool-472-thread-1] INFO  ratis.ContainerStateMachine (ContainerStateMachine.java:loadSnapshot(226)) - group-29C44B8D7A45: The snapshot info is null. Setting the last applied indexto:(t:0, i:~)
2019-08-27 08:32:41,159 [pool-494-thread-1] INFO  server.RaftServerConfigKeys (ConfUtils.java:logGet(43)) - raft.server.leader.election.timeout = 120s (custom)
2019-08-27 08:32:41,159 [pool-472-thread-1] INFO  server.RaftServerConfigKeys (ConfUtils.java:logGet(43)) - raft.server.leader.election.timeout = 120s (custom)
2019-08-27 08:32:41,159 [pool-483-thread-1] INFO  server.RaftServerConfigKeys (ConfUtils.java:logGet(43)) - raft.server.leader.election.timeout = 120s (custom)
2019-08-27 08:32:41,159 [pool-472-thread-1] INFO  server.RaftServerConfigKeys (ConfUtils.java:logGet(43)) - raft.server.log.use.memory = false (default)
2019-08-27 08:32:41,159 [pool-494-thread-1] INFO  server.RaftServerConfigKeys (ConfUtils.java:logGet(43)) - raft.server.log.use.memory = false (default)
2019-08-27 08:32:41,160 [pool-472-thread-1] INFO  server.RaftServerConfigKeys (ConfUtils.java:logGet(43)) - raft.server.log.purge.gap = 1000000 (custom)
2019-08-27 08:32:41,160 [pool-472-thread-1] INFO  server.RaftServerConfigKeys (ConfUtils.java:logGet(43)) - raft.server.log.appender.buffer.byte-limit = 33554432 (custom)
2019-08-27 08:32:41,159 [pool-483-thread-1] INFO  server.RaftServerConfigKeys (ConfUtils.java:logGet(43)) - raft.server.log.use.memory = false (default)
2019-08-27 08:32:41,160 [pool-472-thread-1] INFO  server.RaftServerConfigKeys (ConfUtils.java:logGet(43)) - raft.server.log.segment.size.max = 1048576 (custom)
2019-08-27 08:32:41,160 [pool-494-thread-1] INFO  server.RaftServerConfigKeys (ConfUtils.java:logGet(43)) - raft.server.log.purge.gap = 1000000 (custom)
2019-08-27 08:32:41,160 [pool-472-thread-1] INFO  server.RaftServerConfigKeys (ConfUtils.java:logGet(43)) - raft.server.log.segment.cache.num.max = 2 (custom)
2019-08-27 08:32:41,160 [pool-483-thread-1] INFO  server.RaftServerConfigKeys (ConfUtils.java:logGet(43)) - raft.server.log.purge.gap = 1000000 (custom)
2019-08-27 08:32:41,161 [pool-472-thread-1] INFO  segmented.SegmentedRaftLogWorker (SegmentedRaftLogWorker.java:<init>(172)) - new 345d10c5-4a03-4a5c-baf7-3e40504e58a5-SegmentedRaftLogWorker:Storage Directory /workdir/hadoop-ozone/integration-test/target/test-dir/MiniOzoneClusterImpl-d49177c5-c9c6-4953-9114-88aa1897b70a/datanode-3/data/ratis/b216247c-4632-4696-aea6-29c44b8d7a45 for RaftStorage:Storage Directory /workdir/hadoop-ozone/integration-test/target/test-dir/MiniOzoneClusterImpl-d49177c5-c9c6-4953-9114-88aa1897b70a/datanode-3/data/ratis/b216247c-4632-4696-aea6-29c44b8d7a45
2019-08-27 08:32:41,160 [pool-494-thread-1] INFO  server.RaftServerConfigKeys (ConfUtils.java:logGet(43)) - raft.server.log.appender.buffer.byte-limit = 33554432 (custom)
2019-08-27 08:32:41,161 [pool-472-thread-1] INFO  server.RaftServerConfigKeys (ConfUtils.java:logGet(43)) - raft.server.log.queue.byte-limit = 2147483647 (custom)
2019-08-27 08:32:41,161 [pool-472-thread-1] INFO  server.RaftServerConfigKeys (ConfUtils.java:logGet(43)) - raft.server.log.queue.element-limit = 1024 (custom)
2019-08-27 08:32:41,161 [pool-483-thread-1] INFO  server.RaftServerConfigKeys (ConfUtils.java:logGet(43)) - raft.server.log.appender.buffer.byte-limit = 33554432 (custom)
2019-08-27 08:32:41,161 [pool-472-thread-1] INFO  server.RaftServerConfigKeys (ConfUtils.java:logGet(43)) - raft.server.log.segment.size.max = 1048576 (custom)
2019-08-27 08:32:41,161 [pool-494-thread-1] INFO  server.RaftServerConfigKeys (ConfUtils.java:logGet(43)) - raft.server.log.segment.size.max = 1048576 (custom)
2019-08-27 08:32:41,162 [pool-472-thread-1] INFO  server.RaftServerConfigKeys (ConfUtils.java:logGet(43)) - raft.server.log.preallocated.size = 16384 (custom)
2019-08-27 08:32:41,162 [pool-472-thread-1] INFO  server.RaftServerConfigKeys (ConfUtils.java:logGet(43)) - raft.server.log.write.buffer.size = 33554432 (custom)
2019-08-27 08:32:41,161 [pool-483-thread-1] INFO  server.RaftServerConfigKeys (ConfUtils.java:logGet(43)) - raft.server.log.segment.size.max = 1048576 (custom)
2019-08-27 08:32:41,162 [pool-472-thread-1] INFO  server.RaftServerConfigKeys (ConfUtils.java:logGet(43)) - raft.server.log.force.sync.num = 128 (default)
2019-08-27 08:32:41,162 [pool-472-thread-1] INFO  server.RaftServerConfigKeys (ConfUtils.java:logGet(43)) - raft.server.log.statemachine.data.sync = true (default)
2019-08-27 08:32:41,162 [pool-494-thread-1] INFO  server.RaftServerConfigKeys (ConfUtils.java:logGet(43)) - raft.server.log.segment.cache.num.max = 2 (custom)
2019-08-27 08:32:41,162 [pool-472-thread-1] INFO  server.RaftServerConfigKeys (ConfUtils.java:logGet(43)) - raft.server.log.statemachine.data.sync.timeout = 10s (default)
2019-08-27 08:32:41,163 [pool-472-thread-1] INFO  server.RaftServerConfigKeys (ConfUtils.java:logGet(43)) - raft.server.log.statemachine.data.sync.timeout.retry = -1 (default)
2019-08-27 08:32:41,162 [pool-483-thread-1] INFO  server.RaftServerConfigKeys (ConfUtils.java:logGet(43)) - raft.server.log.segment.cache.num.max = 2 (custom)
2019-08-27 08:32:41,163 [pool-472-thread-1] INFO  server.RaftServerConfigKeys (ConfUtils.java:logGet(43)) - raft.server.log.statemachine.data.caching.enabled = true (custom)
2019-08-27 08:32:41,163 [pool-494-thread-1] INFO  segmented.SegmentedRaftLogWorker (SegmentedRaftLogWorker.java:<init>(172)) - new c179a657-9165-49fe-9ad6-e054b9d56145-SegmentedRaftLogWorker:Storage Directory /workdir/hadoop-ozone/integration-test/target/test-dir/MiniOzoneClusterImpl-d49177c5-c9c6-4953-9114-88aa1897b70a/datanode-5/data/ratis/b216247c-4632-4696-aea6-29c44b8d7a45 for RaftStorage:Storage Directory /workdir/hadoop-ozone/integration-test/target/test-dir/MiniOzoneClusterImpl-d49177c5-c9c6-4953-9114-88aa1897b70a/datanode-5/data/ratis/b216247c-4632-4696-aea6-29c44b8d7a45
2019-08-27 08:32:41,163 [pool-483-thread-1] INFO  segmented.SegmentedRaftLogWorker (SegmentedRaftLogWorker.java:<init>(172)) - new 47cde36c-9fa2-4fed-9254-c7cf08d1e5f9-SegmentedRaftLogWorker:Storage Directory /workdir/hadoop-ozone/integration-test/target/test-dir/MiniOzoneClusterImpl-d49177c5-c9c6-4953-9114-88aa1897b70a/datanode-4/data/ratis/b216247c-4632-4696-aea6-29c44b8d7a45 for RaftStorage:Storage Directory /workdir/hadoop-ozone/integration-test/target/test-dir/MiniOzoneClusterImpl-d49177c5-c9c6-4953-9114-88aa1897b70a/datanode-4/data/ratis/b216247c-4632-4696-aea6-29c44b8d7a45
2019-08-27 08:32:41,163 [pool-472-thread-1] INFO  segmented.SegmentedRaftLogWorker (SegmentedRaftLogWorker.java:lambda$new$0(132)) - 345d10c5-4a03-4a5c-baf7-3e40504e58a5-SegmentedRaftLogWorker:Storage Directory /workdir/hadoop-ozone/integration-test/target/test-dir/MiniOzoneClusterImpl-d49177c5-c9c6-4953-9114-88aa1897b70a/datanode-3/data/ratis/b216247c-4632-4696-aea6-29c44b8d7a45: flushIndex: setUnconditionally 0 -> -1
2019-08-27 08:32:41,163 [pool-494-thread-1] INFO  server.RaftServerConfigKeys (ConfUtils.java:logGet(43)) - raft.server.log.queue.byte-limit = 2147483647 (custom)
2019-08-27 08:32:41,163 [pool-483-thread-1] INFO  server.RaftServerConfigKeys (ConfUtils.java:logGet(43)) - raft.server.log.queue.byte-limit = 2147483647 (custom)
2019-08-27 08:32:41,164 [pool-472-thread-1] INFO  server.RaftServerConfigKeys (ConfUtils.java:logGet(43)) - raft.server.snapshot.auto.trigger.enabled = true (custom)
2019-08-27 08:32:41,164 [pool-494-thread-1] INFO  server.RaftServerConfigKeys (ConfUtils.java:logGet(43)) - raft.server.log.queue.element-limit = 1024 (custom)
2019-08-27 08:32:41,164 [pool-472-thread-1] INFO  server.RaftServerConfigKeys (ConfUtils.java:logGet(43)) - raft.server.snapshot.auto.trigger.threshold = 10000 (custom)
2019-08-27 08:32:41,164 [pool-483-thread-1] INFO  server.RaftServerConfigKeys (ConfUtils.java:logGet(43)) - raft.server.log.queue.element-limit = 1024 (custom)
2019-08-27 08:32:41,164 [pool-472-thread-1] INFO  server.RaftServerConfigKeys (ConfUtils.java:logGet(43)) - raft.server.retrycache.expirytime = 600000ms (custom)
2019-08-27 08:32:41,164 [pool-494-thread-1] INFO  server.RaftServerConfigKeys (ConfUtils.java:logGet(43)) - raft.server.log.segment.size.max = 1048576 (custom)
2019-08-27 08:32:41,164 [pool-472-thread-1] INFO  impl.RaftServerImpl (RaftServerImpl.java:start(180)) - 345d10c5-4a03-4a5c-baf7-3e40504e58a5: start group-29C44B8D7A45
2019-08-27 08:32:41,164 [pool-483-thread-1] INFO  server.RaftServerConfigKeys (ConfUtils.java:logGet(43)) - raft.server.log.segment.size.max = 1048576 (custom)
2019-08-27 08:32:41,165 [pool-472-thread-1] INFO  impl.RaftServerImpl (RaftServerImpl.java:setRole(171)) - 345d10c5-4a03-4a5c-baf7-3e40504e58a5:group-29C44B8D7A45 changes role from null to FOLLOWER at term 0 for startAsFollower
2019-08-27 08:32:41,165 [pool-494-thread-1] INFO  server.RaftServerConfigKeys (ConfUtils.java:logGet(43)) - raft.server.log.preallocated.size = 16384 (custom)
2019-08-27 08:32:41,165 [pool-472-thread-1] INFO  impl.RoleInfo (RoleInfo.java:updateAndGet(143)) - 345d10c5-4a03-4a5c-baf7-3e40504e58a5: start FollowerState
2019-08-27 08:32:41,165 [pool-483-thread-1] INFO  server.RaftServerConfigKeys (ConfUtils.java:logGet(43)) - raft.server.log.preallocated.size = 16384 (custom)
2019-08-27 08:32:41,165 [pool-494-thread-1] INFO  server.RaftServerConfigKeys (ConfUtils.java:logGet(43)) - raft.server.log.write.buffer.size = 33554432 (custom)
2019-08-27 08:32:41,165 [pool-483-thread-1] INFO  server.RaftServerConfigKeys (ConfUtils.java:logGet(43)) - raft.server.log.write.buffer.size = 33554432 (custom)
2019-08-27 08:32:41,165 [pool-472-thread-1] INFO  util.JmxRegister (JmxRegister.java:tryRegister(44)) - Successfully registered JMX Bean with object name Ratis:service=RaftServer,group=group-29C44B8D7A45,id=345d10c5-4a03-4a5c-baf7-3e40504e58a5
2019-08-27 08:32:41,165 [pool-494-thread-1] INFO  server.RaftServerConfigKeys (ConfUtils.java:logGet(43)) - raft.server.log.force.sync.num = 128 (default)
2019-08-27 08:32:41,166 [pool-483-thread-1] INFO  server.RaftServerConfigKeys (ConfUtils.java:logGet(43)) - raft.server.log.force.sync.num = 128 (default)
2019-08-27 08:32:41,166 [pool-494-thread-1] INFO  server.RaftServerConfigKeys (ConfUtils.java:logGet(43)) - raft.server.log.statemachine.data.sync = true (default)
2019-08-27 08:32:41,166 [pool-483-thread-1] INFO  server.RaftServerConfigKeys (ConfUtils.java:logGet(43)) - raft.server.log.statemachine.data.sync = true (default)
2019-08-27 08:32:41,166 [pool-494-thread-1] INFO  server.RaftServerConfigKeys (ConfUtils.java:logGet(43)) - raft.server.log.statemachine.data.sync.timeout = 10s (default)
2019-08-27 08:32:41,166 [pool-483-thread-1] INFO  server.RaftServerConfigKeys (ConfUtils.java:logGet(43)) - raft.server.log.statemachine.data.sync.timeout = 10s (default)
2019-08-27 08:32:41,166 [pool-494-thread-1] INFO  server.RaftServerConfigKeys (ConfUtils.java:logGet(43)) - raft.server.log.statemachine.data.sync.timeout.retry = -1 (default)
2019-08-27 08:32:41,167 [pool-483-thread-1] INFO  server.RaftServerConfigKeys (ConfUtils.java:logGet(43)) - raft.server.log.statemachine.data.sync.timeout.retry = -1 (default)
2019-08-27 08:32:41,167 [pool-494-thread-1] INFO  server.RaftServerConfigKeys (ConfUtils.java:logGet(43)) - raft.server.log.statemachine.data.caching.enabled = true (custom)
2019-08-27 08:32:41,167 [pool-483-thread-1] INFO  server.RaftServerConfigKeys (ConfUtils.java:logGet(43)) - raft.server.log.statemachine.data.caching.enabled = true (custom)
2019-08-27 08:32:41,167 [pool-494-thread-1] INFO  segmented.SegmentedRaftLogWorker (SegmentedRaftLogWorker.java:lambda$new$0(132)) - c179a657-9165-49fe-9ad6-e054b9d56145-SegmentedRaftLogWorker:Storage Directory /workdir/hadoop-ozone/integration-test/target/test-dir/MiniOzoneClusterImpl-d49177c5-c9c6-4953-9114-88aa1897b70a/datanode-5/data/ratis/b216247c-4632-4696-aea6-29c44b8d7a45: flushIndex: setUnconditionally 0 -> -1
2019-08-27 08:32:41,167 [pool-483-thread-1] INFO  segmented.SegmentedRaftLogWorker (SegmentedRaftLogWorker.java:lambda$new$0(132)) - 47cde36c-9fa2-4fed-9254-c7cf08d1e5f9-SegmentedRaftLogWorker:Storage Directory /workdir/hadoop-ozone/integration-test/target/test-dir/MiniOzoneClusterImpl-d49177c5-c9c6-4953-9114-88aa1897b70a/datanode-4/data/ratis/b216247c-4632-4696-aea6-29c44b8d7a45: flushIndex: setUnconditionally 0 -> -1
2019-08-27 08:32:41,168 [pool-494-thread-1] INFO  server.RaftServerConfigKeys (ConfUtils.java:logGet(43)) - raft.server.snapshot.auto.trigger.enabled = true (custom)
2019-08-27 08:32:41,168 [pool-483-thread-1] INFO  server.RaftServerConfigKeys (ConfUtils.java:logGet(43)) - raft.server.snapshot.auto.trigger.enabled = true (custom)
2019-08-27 08:32:41,168 [pool-494-thread-1] INFO  server.RaftServerConfigKeys (ConfUtils.java:logGet(43)) - raft.server.snapshot.auto.trigger.threshold = 10000 (custom)
2019-08-27 08:32:41,168 [pool-483-thread-1] INFO  server.RaftServerConfigKeys (ConfUtils.java:logGet(43)) - raft.server.snapshot.auto.trigger.threshold = 10000 (custom)
2019-08-27 08:32:41,168 [pool-494-thread-1] INFO  server.RaftServerConfigKeys (ConfUtils.java:logGet(43)) - raft.server.retrycache.expirytime = 600000ms (custom)
2019-08-27 08:32:41,168 [pool-483-thread-1] INFO  server.RaftServerConfigKeys (ConfUtils.java:logGet(43)) - raft.server.retrycache.expirytime = 600000ms (custom)
2019-08-27 08:32:41,168 [pool-494-thread-1] INFO  impl.RaftServerImpl (RaftServerImpl.java:start(180)) - c179a657-9165-49fe-9ad6-e054b9d56145: start group-29C44B8D7A45
2019-08-27 08:32:41,168 [pool-483-thread-1] INFO  impl.RaftServerImpl (RaftServerImpl.java:start(180)) - 47cde36c-9fa2-4fed-9254-c7cf08d1e5f9: start group-29C44B8D7A45
2019-08-27 08:32:41,168 [pool-494-thread-1] INFO  impl.RaftServerImpl (RaftServerImpl.java:setRole(171)) - c179a657-9165-49fe-9ad6-e054b9d56145:group-29C44B8D7A45 changes role from null to FOLLOWER at term 0 for startAsFollower
2019-08-27 08:32:41,169 [pool-483-thread-1] INFO  impl.RaftServerImpl (RaftServerImpl.java:setRole(171)) - 47cde36c-9fa2-4fed-9254-c7cf08d1e5f9:group-29C44B8D7A45 changes role from null to FOLLOWER at term 0 for startAsFollower
2019-08-27 08:32:41,169 [pool-494-thread-1] INFO  impl.RoleInfo (RoleInfo.java:updateAndGet(143)) - c179a657-9165-49fe-9ad6-e054b9d56145: start FollowerState
2019-08-27 08:32:41,169 [pool-483-thread-1] INFO  impl.RoleInfo (RoleInfo.java:updateAndGet(143)) - 47cde36c-9fa2-4fed-9254-c7cf08d1e5f9: start FollowerState
2019-08-27 08:32:41,169 [pool-494-thread-1] INFO  util.JmxRegister (JmxRegister.java:tryRegister(44)) - Successfully registered JMX Bean with object name Ratis:service=RaftServer,group=group-29C44B8D7A45,id=c179a657-9165-49fe-9ad6-e054b9d56145
2019-08-27 08:32:41,169 [pool-483-thread-1] INFO  util.JmxRegister (JmxRegister.java:tryRegister(44)) - Successfully registered JMX Bean with object name Ratis:service=RaftServer,group=group-29C44B8D7A45,id=47cde36c-9fa2-4fed-9254-c7cf08d1e5f9
2019-08-27 08:32:41,173 [RatisPipelineUtilsThread] INFO  pipeline.PipelineStateManager (PipelineStateManager.java:addPipeline(56)) - Created pipeline Pipeline[ Id: b216247c-4632-4696-aea6-29c44b8d7a45, Nodes: c179a657-9165-49fe-9ad6-e054b9d56145{ip: 192.168.36.77, host: pr-hdds-738-64p2z-3138789487, networkLocation: /default-rack, certSerialId: null}345d10c5-4a03-4a5c-baf7-3e40504e58a5{ip: 192.168.36.77, host: pr-hdds-738-64p2z-3138789487, networkLocation: /default-rack, certSerialId: null}47cde36c-9fa2-4fed-9254-c7cf08d1e5f9{ip: 192.168.36.77, host: pr-hdds-738-64p2z-3138789487, networkLocation: /default-rack, certSerialId: null}, Type:RATIS, Factor:THREE, State:OPEN]
2019-08-27 08:32:42,105 [main] INFO  ozone.MiniOzoneClusterImpl (MiniOzoneClusterImpl.java:lambda$waitForClusterToBeReady$0(140)) - Cluster is ready. Got 7 of 7 DN Heartbeats.
2019-08-27 08:32:42,136 [main] INFO  rpc.RpcClient (RpcClient.java:createVolume(293)) - Creating Volume: testblockoutputstream, with jenkins1000 as owner.
2019-08-27 08:32:42,139 | INFO  | OMAudit | user=jenkins1000 | ip=127.0.0.1 | op=CREATE_VOLUME {admin=jenkins1000, owner=jenkins1000, volume=testblockoutputstream, creationTime=1566894762138, quotaInBytes=1152921504606846976} | ret=SUCCESS |  
2019-08-27 08:32:42,151 | INFO  | OMAudit | user=jenkins1000 | ip=127.0.0.1 | op=READ_VOLUME {volume=testblockoutputstream} | ret=SUCCESS |  
2019-08-27 08:32:42,152 [main] INFO  rpc.RpcClient (RpcClient.java:createBucket(432)) - Creating Bucket: testblockoutputstream/testblockoutputstream, with Versioning false and Storage Type set to DISK and Encryption set to false 
2019-08-27 08:32:42,156 | INFO  | OMAudit | user=jenkins1000 | ip=127.0.0.1 | op=CREATE_BUCKET {volume=testblockoutputstream, bucket=testblockoutputstream, acls=[user:jenkins1000:a[ACCESS], group:default:a[ACCESS]], isVersionEnabled=false, storageType=DISK, creationTime=0} | ret=SUCCESS |  
2019-08-27 08:32:42,157 | INFO  | OMAudit | user=jenkins1000 | ip=127.0.0.1 | op=READ_VOLUME {volume=testblockoutputstream} | ret=SUCCESS |  
2019-08-27 08:32:42,159 | INFO  | OMAudit | user=jenkins1000 | ip=127.0.0.1 | op=READ_BUCKET {volume=testblockoutputstream, bucket=testblockoutputstream} | ret=SUCCESS |  
2019-08-27 08:32:42,164 | INFO  | SCMAudit | user=jenkins1000 | ip=192.168.36.77 | op=ALLOCATE_BLOCK {owner=c73355b7-c962-4dbd-984b-90252f215bcb, size=800, type=RATIS, factor=THREE} | ret=SUCCESS |  
2019-08-27 08:32:42,168 | INFO  | OMAudit | user=jenkins1000 | ip=127.0.0.1 | op=ALLOCATE_KEY {volume=testblockoutputstream, bucket=testblockoutputstream, key=bfea44cc-a71f-4ebf-a1ab-9cecbab854fa, dataSize=0, replicationType=RATIS, replicationFactor=THREE, keyLocationInfo=null} | ret=SUCCESS |  
2019-08-27 08:32:42,195 [grpc-default-executor-5] INFO  client.GrpcClientProtocolClient (GrpcClientProtocolClient.java:onNext(255)) - client-8CB5748F5A3B->c179a657-9165-49fe-9ad6-e054b9d56145: receive RaftClientReply:client-8CB5748F5A3B->c179a657-9165-49fe-9ad6-e054b9d56145@group-29C44B8D7A45, cid=182, FAILED org.apache.ratis.protocol.NotLeaderException: Server c179a657-9165-49fe-9ad6-e054b9d56145 is not the leader (null). Request must be sent to leader., logIndex=0, commits[c179a657-9165-49fe-9ad6-e054b9d56145:c-1]
2019-08-27 08:32:42,595 | INFO  | SCMAudit | user=jenkins1000 | ip=192.168.36.77 | op=SEND_HEARTBEAT {datanodeUUID=a7415c16-3934-426f-880c-bd70b649961c, command=[]} | ret=SUCCESS |  
2019-08-27 08:32:42,690 | INFO  | SCMAudit | user=jenkins1000 | ip=192.168.36.77 | op=SEND_HEARTBEAT {datanodeUUID=50c0ab61-1758-43d2-a587-5cb94a3c81fe, command=[]} | ret=SUCCESS |  
2019-08-27 08:32:42,779 | INFO  | SCMAudit | user=jenkins1000 | ip=192.168.36.77 | op=SEND_HEARTBEAT {datanodeUUID=0d19c57b-e104-4f48-977d-bd1ef2c3206a, command=[]} | ret=SUCCESS |  
2019-08-27 08:32:42,868 | INFO  | SCMAudit | user=jenkins1000 | ip=192.168.36.77 | op=SEND_HEARTBEAT {datanodeUUID=345d10c5-4a03-4a5c-baf7-3e40504e58a5, command=[]} | ret=SUCCESS |  
2019-08-27 08:32:42,939 | INFO  | SCMAudit | user=jenkins1000 | ip=192.168.36.77 | op=SEND_HEARTBEAT {datanodeUUID=47cde36c-9fa2-4fed-9254-c7cf08d1e5f9, command=[]} | ret=SUCCESS |  
2019-08-27 08:32:43,006 | INFO  | SCMAudit | user=jenkins1000 | ip=192.168.36.77 | op=SEND_HEARTBEAT {datanodeUUID=c179a657-9165-49fe-9ad6-e054b9d56145, command=[]} | ret=SUCCESS |  
2019-08-27 08:32:43,104 | INFO  | SCMAudit | user=jenkins1000 | ip=192.168.36.77 | op=SEND_HEARTBEAT {datanodeUUID=54ae50f6-2c43-44f1-944a-6e503a426641, command=[]} | ret=SUCCESS |  
2019-08-27 08:32:43,204 [grpc-default-executor-10] INFO  client.GrpcClientProtocolClient (GrpcClientProtocolClient.java:onNext(255)) - client-8CB5748F5A3B->47cde36c-9fa2-4fed-9254-c7cf08d1e5f9: receive RaftClientReply:client-8CB5748F5A3B->47cde36c-9fa2-4fed-9254-c7cf08d1e5f9@group-29C44B8D7A45, cid=182, FAILED org.apache.ratis.protocol.NotLeaderException: Server 47cde36c-9fa2-4fed-9254-c7cf08d1e5f9 is not the leader (null). Request must be sent to leader., logIndex=0, commits[47cde36c-9fa2-4fed-9254-c7cf08d1e5f9:c-1]
2019-08-27 08:32:43,595 | INFO  | SCMAudit | user=jenkins1000 | ip=192.168.36.77 | op=SEND_HEARTBEAT {datanodeUUID=a7415c16-3934-426f-880c-bd70b649961c, command=[]} | ret=SUCCESS |  
2019-08-27 08:32:43,608 [Thread-3536] INFO  container.ReplicationManager (ReplicationManager.java:start(152)) - Starting Replication Monitor Thread.
2019-08-27 08:32:43,612 [ReplicationMonitor] INFO  container.ReplicationManager (ReplicationManager.java:run(215)) - Replication Monitor Thread took 0 milliseconds for processing 1 containers.
2019-08-27 08:32:43,690 | INFO  | SCMAudit | user=jenkins1000 | ip=192.168.36.77 | op=SEND_HEARTBEAT {datanodeUUID=50c0ab61-1758-43d2-a587-5cb94a3c81fe, command=[]} | ret=SUCCESS |  
2019-08-27 08:32:43,779 | INFO  | SCMAudit | user=jenkins1000 | ip=192.168.36.77 | op=SEND_HEARTBEAT {datanodeUUID=0d19c57b-e104-4f48-977d-bd1ef2c3206a, command=[]} | ret=SUCCESS |  
2019-08-27 08:32:43,868 | INFO  | SCMAudit | user=jenkins1000 | ip=192.168.36.77 | op=SEND_HEARTBEAT {datanodeUUID=345d10c5-4a03-4a5c-baf7-3e40504e58a5, command=[]} | ret=SUCCESS |  
2019-08-27 08:32:43,939 | INFO  | SCMAudit | user=jenkins1000 | ip=192.168.36.77 | op=SEND_HEARTBEAT {datanodeUUID=47cde36c-9fa2-4fed-9254-c7cf08d1e5f9, command=[]} | ret=SUCCESS |  
2019-08-27 08:32:44,005 | INFO  | SCMAudit | user=jenkins1000 | ip=192.168.36.77 | op=SEND_HEARTBEAT {datanodeUUID=c179a657-9165-49fe-9ad6-e054b9d56145, command=[]} | ret=SUCCESS |  
2019-08-27 08:32:44,105 | INFO  | SCMAudit | user=jenkins1000 | ip=192.168.36.77 | op=SEND_HEARTBEAT {datanodeUUID=54ae50f6-2c43-44f1-944a-6e503a426641, command=[]} | ret=SUCCESS |  
2019-08-27 08:32:44,216 [grpc-default-executor-10] INFO  client.GrpcClientProtocolClient (GrpcClientProtocolClient.java:onNext(255)) - client-8CB5748F5A3B->345d10c5-4a03-4a5c-baf7-3e40504e58a5: receive RaftClientReply:client-8CB5748F5A3B->345d10c5-4a03-4a5c-baf7-3e40504e58a5@group-29C44B8D7A45, cid=182, FAILED org.apache.ratis.protocol.NotLeaderException: Server 345d10c5-4a03-4a5c-baf7-3e40504e58a5 is not the leader (null). Request must be sent to leader., logIndex=0, commits[345d10c5-4a03-4a5c-baf7-3e40504e58a5:c-1]
2019-08-27 08:32:44,595 | INFO  | SCMAudit | user=jenkins1000 | ip=192.168.36.77 | op=SEND_HEARTBEAT {datanodeUUID=a7415c16-3934-426f-880c-bd70b649961c, command=[]} | ret=SUCCESS |  
2019-08-27 08:32:44,690 | INFO  | SCMAudit | user=jenkins1000 | ip=192.168.36.77 | op=SEND_HEARTBEAT {datanodeUUID=50c0ab61-1758-43d2-a587-5cb94a3c81fe, command=[]} | ret=SUCCESS |  
2019-08-27 08:32:44,779 | INFO  | SCMAudit | user=jenkins1000 | ip=192.168.36.77 | op=SEND_HEARTBEAT {datanodeUUID=0d19c57b-e104-4f48-977d-bd1ef2c3206a, command=[]} | ret=SUCCESS |  
2019-08-27 08:32:44,868 | INFO  | SCMAudit | user=jenkins1000 | ip=192.168.36.77 | op=SEND_HEARTBEAT {datanodeUUID=345d10c5-4a03-4a5c-baf7-3e40504e58a5, command=[]} | ret=SUCCESS |  
2019-08-27 08:32:44,940 | INFO  | SCMAudit | user=jenkins1000 | ip=192.168.36.77 | op=SEND_HEARTBEAT {datanodeUUID=47cde36c-9fa2-4fed-9254-c7cf08d1e5f9, command=[]} | ret=SUCCESS |  
2019-08-27 08:32:45,005 | INFO  | SCMAudit | user=jenkins1000 | ip=192.168.36.77 | op=SEND_HEARTBEAT {datanodeUUID=c179a657-9165-49fe-9ad6-e054b9d56145, command=[]} | ret=SUCCESS |  
2019-08-27 08:32:45,104 | INFO  | SCMAudit | user=jenkins1000 | ip=192.168.36.77 | op=SEND_HEARTBEAT {datanodeUUID=54ae50f6-2c43-44f1-944a-6e503a426641, command=[]} | ret=SUCCESS |  
2019-08-27 08:32:45,234 [grpc-default-executor-5] INFO  client.GrpcClientProtocolClient (GrpcClientProtocolClient.java:onNext(255)) - client-8CB5748F5A3B->c179a657-9165-49fe-9ad6-e054b9d56145: receive RaftClientReply:client-8CB5748F5A3B->c179a657-9165-49fe-9ad6-e054b9d56145@group-29C44B8D7A45, cid=182, FAILED org.apache.ratis.protocol.NotLeaderException: Server c179a657-9165-49fe-9ad6-e054b9d56145 is not the leader (null). Request must be sent to leader., logIndex=0, commits[c179a657-9165-49fe-9ad6-e054b9d56145:c-1]
2019-08-27 08:32:45,595 | INFO  | SCMAudit | user=jenkins1000 | ip=192.168.36.77 | op=SEND_HEARTBEAT {datanodeUUID=a7415c16-3934-426f-880c-bd70b649961c, command=[]} | ret=SUCCESS |  
2019-08-27 08:32:45,690 | INFO  | SCMAudit | user=jenkins1000 | ip=192.168.36.77 | op=SEND_HEARTBEAT {datanodeUUID=50c0ab61-1758-43d2-a587-5cb94a3c81fe, command=[]} | ret=SUCCESS |  
2019-08-27 08:32:45,696 [Thread-3538] INFO  impl.FollowerState (FollowerState.java:run(106)) - a7415c16-3934-426f-880c-bd70b649961c:group-F3466C240088 changes to CANDIDATE, lastRpcTime:5043, electionTimeout:5043ms
2019-08-27 08:32:45,696 [Thread-3538] INFO  impl.RoleInfo (RoleInfo.java:shutdownFollowerState(121)) - a7415c16-3934-426f-880c-bd70b649961c: shutdown FollowerState
2019-08-27 08:32:45,696 [Thread-3538] INFO  impl.RaftServerImpl (RaftServerImpl.java:setRole(171)) - a7415c16-3934-426f-880c-bd70b649961c:group-F3466C240088 changes role from FOLLOWER to CANDIDATE at term 0 for changeToCandidate
2019-08-27 08:32:45,696 [Thread-3538] INFO  impl.RoleInfo (RoleInfo.java:updateAndGet(143)) - a7415c16-3934-426f-880c-bd70b649961c: start LeaderElection
2019-08-27 08:32:45,716 [a7415c16-3934-426f-880c-bd70b649961c:group-F3466C240088:LeaderElection67] INFO  impl.LeaderElection (LeaderElection.java:askForVotes(181)) - a7415c16-3934-426f-880c-bd70b649961c:group-F3466C240088:LeaderElection67: begin an election at term 1 for -1: [a7415c16-3934-426f-880c-bd70b649961c:192.168.36.77:40640], old=null
2019-08-27 08:32:45,717 [a7415c16-3934-426f-880c-bd70b649961c:group-F3466C240088:LeaderElection67] INFO  impl.RoleInfo (RoleInfo.java:shutdownLeaderElection(134)) - a7415c16-3934-426f-880c-bd70b649961c: shutdown LeaderElection
2019-08-27 08:32:45,717 [a7415c16-3934-426f-880c-bd70b649961c:group-F3466C240088:LeaderElection67] INFO  impl.RaftServerImpl (RaftServerImpl.java:setRole(171)) - a7415c16-3934-426f-880c-bd70b649961c:group-F3466C240088 changes role from CANDIDATE to LEADER at term 1 for changeToLeader
2019-08-27 08:32:45,717 [a7415c16-3934-426f-880c-bd70b649961c:group-F3466C240088:LeaderElection67] INFO  impl.RaftServerImpl (ServerState.java:setLeader(263)) - a7415c16-3934-426f-880c-bd70b649961c:group-F3466C240088 change Leader from null to a7415c16-3934-426f-880c-bd70b649961c at term 1 for becomeLeader, leader elected after 5068ms
2019-08-27 08:32:45,717 [a7415c16-3934-426f-880c-bd70b649961c:group-F3466C240088:LeaderElection67] INFO  server.RaftServerConfigKeys (ConfUtils.java:logGet(43)) - raft.server.staging.catchup.gap = 1000 (default)
2019-08-27 08:32:45,717 [a7415c16-3934-426f-880c-bd70b649961c:group-F3466C240088:LeaderElection67] INFO  server.RaftServerConfigKeys (ConfUtils.java:logGet(43)) - raft.server.rpc.sleep.time = 25ms (default)
2019-08-27 08:32:45,718 [a7415c16-3934-426f-880c-bd70b649961c:group-F3466C240088:LeaderElection67] INFO  server.RaftServerConfigKeys (ConfUtils.java:logGet(43)) - raft.server.write.element-limit = 4096 (default)
2019-08-27 08:32:45,718 [a7415c16-3934-426f-880c-bd70b649961c:group-F3466C240088:LeaderElection67] INFO  server.RaftServerConfigKeys (ConfUtils.java:logGet(43)) - raft.server.watch.timeout = 10s (default)
2019-08-27 08:32:45,718 [a7415c16-3934-426f-880c-bd70b649961c:group-F3466C240088:LeaderElection67] INFO  server.RaftServerConfigKeys (ConfUtils.java:logGet(43)) - raft.server.watch.timeout.denomination = 1s (default)
2019-08-27 08:32:45,718 [a7415c16-3934-426f-880c-bd70b649961c:group-F3466C240088:LeaderElection67] INFO  server.RaftServerConfigKeys (ConfUtils.java:logGet(43)) - raft.server.watch.element-limit = 65536 (default)
2019-08-27 08:32:45,719 [a7415c16-3934-426f-880c-bd70b649961c:group-F3466C240088:LeaderElection67] INFO  impl.RoleInfo (RoleInfo.java:updateAndGet(143)) - a7415c16-3934-426f-880c-bd70b649961c: start LeaderState
2019-08-27 08:32:45,719 [a7415c16-3934-426f-880c-bd70b649961c:group-F3466C240088:LeaderElection67] INFO  segmented.SegmentedRaftLogWorker (SegmentedRaftLogWorker.java:startLogSegment(380)) - a7415c16-3934-426f-880c-bd70b649961c-SegmentedRaftLogWorker:Storage Directory /workdir/hadoop-ozone/integration-test/target/test-dir/MiniOzoneClusterImpl-d49177c5-c9c6-4953-9114-88aa1897b70a/datanode-0/data/ratis/9364c588-ee77-437c-a497-f3466c240088: Starting segment from index:0
2019-08-27 08:32:45,720 [a7415c16-3934-426f-880c-bd70b649961c:group-F3466C240088:LeaderElection67] INFO  impl.RaftServerImpl (ServerState.java:setRaftConf(361)) - a7415c16-3934-426f-880c-bd70b649961c:group-F3466C240088 set configuration 0: [a7415c16-3934-426f-880c-bd70b649961c:192.168.36.77:40640], old=null at 0
2019-08-27 08:32:45,771 [a7415c16-3934-426f-880c-bd70b649961c-SegmentedRaftLogWorker:Storage Directory /workdir/hadoop-ozone/integration-test/target/test-dir/MiniOzoneClusterImpl-d49177c5-c9c6-4953-9114-88aa1897b70a/datanode-0/data/ratis/9364c588-ee77-437c-a497-f3466c240088] INFO  segmented.SegmentedRaftLogWorker (SegmentedRaftLogWorker.java:execute(569)) - a7415c16-3934-426f-880c-bd70b649961c-SegmentedRaftLogWorker:Storage Directory /workdir/hadoop-ozone/integration-test/target/test-dir/MiniOzoneClusterImpl-d49177c5-c9c6-4953-9114-88aa1897b70a/datanode-0/data/ratis/9364c588-ee77-437c-a497-f3466c240088: created new log segment /workdir/hadoop-ozone/integration-test/target/test-dir/MiniOzoneClusterImpl-d49177c5-c9c6-4953-9114-88aa1897b70a/datanode-0/data/ratis/9364c588-ee77-437c-a497-f3466c240088/current/log_inprogress_0
2019-08-27 08:32:45,779 | INFO  | SCMAudit | user=jenkins1000 | ip=192.168.36.77 | op=SEND_HEARTBEAT {datanodeUUID=0d19c57b-e104-4f48-977d-bd1ef2c3206a, command=[]} | ret=SUCCESS |  
2019-08-27 08:32:45,868 [Thread-3541] INFO  impl.FollowerState (FollowerState.java:run(106)) - 50c0ab61-1758-43d2-a587-5cb94a3c81fe:group-45BFF1F7D793 changes to CANDIDATE, lastRpcTime:5137, electionTimeout:5137ms
2019-08-27 08:32:45,868 [Thread-3541] INFO  impl.RoleInfo (RoleInfo.java:shutdownFollowerState(121)) - 50c0ab61-1758-43d2-a587-5cb94a3c81fe: shutdown FollowerState
2019-08-27 08:32:45,868 [Thread-3541] INFO  impl.RaftServerImpl (RaftServerImpl.java:setRole(171)) - 50c0ab61-1758-43d2-a587-5cb94a3c81fe:group-45BFF1F7D793 changes role from FOLLOWER to CANDIDATE at term 0 for changeToCandidate
2019-08-27 08:32:45,869 [Thread-3541] INFO  impl.RoleInfo (RoleInfo.java:updateAndGet(143)) - 50c0ab61-1758-43d2-a587-5cb94a3c81fe: start LeaderElection
2019-08-27 08:32:45,869 | INFO  | SCMAudit | user=jenkins1000 | ip=192.168.36.77 | op=SEND_HEARTBEAT {datanodeUUID=345d10c5-4a03-4a5c-baf7-3e40504e58a5, command=[]} | ret=SUCCESS |  
2019-08-27 08:32:45,883 [Thread-3544] INFO  impl.FollowerState (FollowerState.java:run(106)) - 0d19c57b-e104-4f48-977d-bd1ef2c3206a:group-3B1B37EFD643 changes to CANDIDATE, lastRpcTime:5049, electionTimeout:5049ms
2019-08-27 08:32:45,884 [Thread-3544] INFO  impl.RoleInfo (RoleInfo.java:shutdownFollowerState(121)) - 0d19c57b-e104-4f48-977d-bd1ef2c3206a: shutdown FollowerState
2019-08-27 08:32:45,884 [Thread-3544] INFO  impl.RaftServerImpl (RaftServerImpl.java:setRole(171)) - 0d19c57b-e104-4f48-977d-bd1ef2c3206a:group-3B1B37EFD643 changes role from FOLLOWER to CANDIDATE at term 0 for changeToCandidate
2019-08-27 08:32:45,884 [Thread-3544] INFO  impl.RoleInfo (RoleInfo.java:updateAndGet(143)) - 0d19c57b-e104-4f48-977d-bd1ef2c3206a: start LeaderElection
2019-08-27 08:32:45,889 [50c0ab61-1758-43d2-a587-5cb94a3c81fe:group-45BFF1F7D793:LeaderElection68] INFO  impl.LeaderElection (LeaderElection.java:askForVotes(181)) - 50c0ab61-1758-43d2-a587-5cb94a3c81fe:group-45BFF1F7D793:LeaderElection68: begin an election at term 1 for -1: [50c0ab61-1758-43d2-a587-5cb94a3c81fe:192.168.36.77:42824], old=null
2019-08-27 08:32:45,889 [50c0ab61-1758-43d2-a587-5cb94a3c81fe:group-45BFF1F7D793:LeaderElection68] INFO  impl.RoleInfo (RoleInfo.java:shutdownLeaderElection(134)) - 50c0ab61-1758-43d2-a587-5cb94a3c81fe: shutdown LeaderElection
2019-08-27 08:32:45,889 [50c0ab61-1758-43d2-a587-5cb94a3c81fe:group-45BFF1F7D793:LeaderElection68] INFO  impl.RaftServerImpl (RaftServerImpl.java:setRole(171)) - 50c0ab61-1758-43d2-a587-5cb94a3c81fe:group-45BFF1F7D793 changes role from CANDIDATE to LEADER at term 1 for changeToLeader
2019-08-27 08:32:45,889 [50c0ab61-1758-43d2-a587-5cb94a3c81fe:group-45BFF1F7D793:LeaderElection68] INFO  impl.RaftServerImpl (ServerState.java:setLeader(263)) - 50c0ab61-1758-43d2-a587-5cb94a3c81fe:group-45BFF1F7D793 change Leader from null to 50c0ab61-1758-43d2-a587-5cb94a3c81fe at term 1 for becomeLeader, leader elected after 5163ms
2019-08-27 08:32:45,890 [50c0ab61-1758-43d2-a587-5cb94a3c81fe:group-45BFF1F7D793:LeaderElection68] INFO  server.RaftServerConfigKeys (ConfUtils.java:logGet(43)) - raft.server.staging.catchup.gap = 1000 (default)
2019-08-27 08:32:45,890 [50c0ab61-1758-43d2-a587-5cb94a3c81fe:group-45BFF1F7D793:LeaderElection68] INFO  server.RaftServerConfigKeys (ConfUtils.java:logGet(43)) - raft.server.rpc.sleep.time = 25ms (default)
2019-08-27 08:32:45,890 [50c0ab61-1758-43d2-a587-5cb94a3c81fe:group-45BFF1F7D793:LeaderElection68] INFO  server.RaftServerConfigKeys (ConfUtils.java:logGet(43)) - raft.server.write.element-limit = 4096 (default)
2019-08-27 08:32:45,890 [50c0ab61-1758-43d2-a587-5cb94a3c81fe:group-45BFF1F7D793:LeaderElection68] INFO  server.RaftServerConfigKeys (ConfUtils.java:logGet(43)) - raft.server.watch.timeout = 10s (default)
2019-08-27 08:32:45,890 [50c0ab61-1758-43d2-a587-5cb94a3c81fe:group-45BFF1F7D793:LeaderElection68] INFO  server.RaftServerConfigKeys (ConfUtils.java:logGet(43)) - raft.server.watch.timeout.denomination = 1s (default)
2019-08-27 08:32:45,890 [50c0ab61-1758-43d2-a587-5cb94a3c81fe:group-45BFF1F7D793:LeaderElection68] INFO  server.RaftServerConfigKeys (ConfUtils.java:logGet(43)) - raft.server.watch.element-limit = 65536 (default)
2019-08-27 08:32:45,891 [50c0ab61-1758-43d2-a587-5cb94a3c81fe:group-45BFF1F7D793:LeaderElection68] INFO  impl.RoleInfo (RoleInfo.java:updateAndGet(143)) - 50c0ab61-1758-43d2-a587-5cb94a3c81fe: start LeaderState
2019-08-27 08:32:45,891 [50c0ab61-1758-43d2-a587-5cb94a3c81fe:group-45BFF1F7D793:LeaderElection68] INFO  segmented.SegmentedRaftLogWorker (SegmentedRaftLogWorker.java:startLogSegment(380)) - 50c0ab61-1758-43d2-a587-5cb94a3c81fe-SegmentedRaftLogWorker:Storage Directory /workdir/hadoop-ozone/integration-test/target/test-dir/MiniOzoneClusterImpl-d49177c5-c9c6-4953-9114-88aa1897b70a/datanode-1/data/ratis/73b89743-7df3-4c33-88f5-45bff1f7d793: Starting segment from index:0
2019-08-27 08:32:45,892 [50c0ab61-1758-43d2-a587-5cb94a3c81fe:group-45BFF1F7D793:LeaderElection68] INFO  impl.RaftServerImpl (ServerState.java:setRaftConf(361)) - 50c0ab61-1758-43d2-a587-5cb94a3c81fe:group-45BFF1F7D793 set configuration 0: [50c0ab61-1758-43d2-a587-5cb94a3c81fe:192.168.36.77:42824], old=null at 0
2019-08-27 08:32:45,934 [Thread-3551] INFO  impl.FollowerState (FollowerState.java:run(106)) - 0d19c57b-e104-4f48-977d-bd1ef2c3206a:group-B10EB1E3C230 changes to CANDIDATE, lastRpcTime:5033, electionTimeout:5004ms
2019-08-27 08:32:45,934 [Thread-3552] INFO  impl.FollowerState (FollowerState.java:run(106)) - a7415c16-3934-426f-880c-bd70b649961c:group-B10EB1E3C230 changes to CANDIDATE, lastRpcTime:5033, electionTimeout:5001ms
2019-08-27 08:32:45,934 [Thread-3551] INFO  impl.RoleInfo (RoleInfo.java:shutdownFollowerState(121)) - 0d19c57b-e104-4f48-977d-bd1ef2c3206a: shutdown FollowerState
2019-08-27 08:32:45,934 [0d19c57b-e104-4f48-977d-bd1ef2c3206a:group-3B1B37EFD643:LeaderElection69] INFO  impl.LeaderElection (LeaderElection.java:askForVotes(181)) - 0d19c57b-e104-4f48-977d-bd1ef2c3206a:group-3B1B37EFD643:LeaderElection69: begin an election at term 1 for -1: [0d19c57b-e104-4f48-977d-bd1ef2c3206a:192.168.36.77:35275], old=null
2019-08-27 08:32:45,934 [Thread-3551] INFO  impl.RaftServerImpl (RaftServerImpl.java:setRole(171)) - 0d19c57b-e104-4f48-977d-bd1ef2c3206a:group-B10EB1E3C230 changes role from FOLLOWER to CANDIDATE at term 0 for changeToCandidate
2019-08-27 08:32:45,934 [0d19c57b-e104-4f48-977d-bd1ef2c3206a:group-3B1B37EFD643:LeaderElection69] INFO  impl.RoleInfo (RoleInfo.java:shutdownLeaderElection(134)) - 0d19c57b-e104-4f48-977d-bd1ef2c3206a: shutdown LeaderElection
2019-08-27 08:32:45,934 [Thread-3552] INFO  impl.RoleInfo (RoleInfo.java:shutdownFollowerState(121)) - a7415c16-3934-426f-880c-bd70b649961c: shutdown FollowerState
2019-08-27 08:32:45,935 [0d19c57b-e104-4f48-977d-bd1ef2c3206a:group-3B1B37EFD643:LeaderElection69] INFO  impl.RaftServerImpl (RaftServerImpl.java:setRole(171)) - 0d19c57b-e104-4f48-977d-bd1ef2c3206a:group-3B1B37EFD643 changes role from CANDIDATE to LEADER at term 1 for changeToLeader
2019-08-27 08:32:45,935 [0d19c57b-e104-4f48-977d-bd1ef2c3206a:group-3B1B37EFD643:LeaderElection69] INFO  impl.RaftServerImpl (ServerState.java:setLeader(263)) - 0d19c57b-e104-4f48-977d-bd1ef2c3206a:group-3B1B37EFD643 change Leader from null to 0d19c57b-e104-4f48-977d-bd1ef2c3206a at term 1 for becomeLeader, leader elected after 5106ms
2019-08-27 08:32:45,934 [Thread-3551] INFO  impl.RoleInfo (RoleInfo.java:updateAndGet(143)) - 0d19c57b-e104-4f48-977d-bd1ef2c3206a: start LeaderElection
2019-08-27 08:32:45,935 [0d19c57b-e104-4f48-977d-bd1ef2c3206a:group-3B1B37EFD643:LeaderElection69] INFO  server.RaftServerConfigKeys (ConfUtils.java:logGet(43)) - raft.server.staging.catchup.gap = 1000 (default)
2019-08-27 08:32:45,935 [Thread-3552] INFO  impl.RaftServerImpl (RaftServerImpl.java:setRole(171)) - a7415c16-3934-426f-880c-bd70b649961c:group-B10EB1E3C230 changes role from FOLLOWER to CANDIDATE at term 0 for changeToCandidate
2019-08-27 08:32:45,935 [0d19c57b-e104-4f48-977d-bd1ef2c3206a:group-3B1B37EFD643:LeaderElection69] INFO  server.RaftServerConfigKeys (ConfUtils.java:logGet(43)) - raft.server.rpc.sleep.time = 25ms (default)
2019-08-27 08:32:45,941 [Thread-3552] INFO  impl.RoleInfo (RoleInfo.java:updateAndGet(143)) - a7415c16-3934-426f-880c-bd70b649961c: start LeaderElection
2019-08-27 08:32:45,941 [0d19c57b-e104-4f48-977d-bd1ef2c3206a:group-3B1B37EFD643:LeaderElection69] INFO  server.RaftServerConfigKeys (ConfUtils.java:logGet(43)) - raft.server.write.element-limit = 4096 (default)
2019-08-27 08:32:45,944 | INFO  | SCMAudit | user=jenkins1000 | ip=192.168.36.77 | op=SEND_HEARTBEAT {datanodeUUID=47cde36c-9fa2-4fed-9254-c7cf08d1e5f9, command=[]} | ret=SUCCESS |  
2019-08-27 08:32:45,941 [0d19c57b-e104-4f48-977d-bd1ef2c3206a:group-3B1B37EFD643:LeaderElection69] INFO  server.RaftServerConfigKeys (ConfUtils.java:logGet(43)) - raft.server.watch.timeout = 10s (default)
2019-08-27 08:32:45,946 [0d19c57b-e104-4f48-977d-bd1ef2c3206a:group-3B1B37EFD643:LeaderElection69] INFO  server.RaftServerConfigKeys (ConfUtils.java:logGet(43)) - raft.server.watch.timeout.denomination = 1s (default)
2019-08-27 08:32:45,947 [0d19c57b-e104-4f48-977d-bd1ef2c3206a:group-3B1B37EFD643:LeaderElection69] INFO  server.RaftServerConfigKeys (ConfUtils.java:logGet(43)) - raft.server.watch.element-limit = 65536 (default)
2019-08-27 08:32:45,947 [50c0ab61-1758-43d2-a587-5cb94a3c81fe-SegmentedRaftLogWorker:Storage Directory /workdir/hadoop-ozone/integration-test/target/test-dir/MiniOzoneClusterImpl-d49177c5-c9c6-4953-9114-88aa1897b70a/datanode-1/data/ratis/73b89743-7df3-4c33-88f5-45bff1f7d793] INFO  segmented.SegmentedRaftLogWorker (SegmentedRaftLogWorker.java:execute(569)) - 50c0ab61-1758-43d2-a587-5cb94a3c81fe-SegmentedRaftLogWorker:Storage Directory /workdir/hadoop-ozone/integration-test/target/test-dir/MiniOzoneClusterImpl-d49177c5-c9c6-4953-9114-88aa1897b70a/datanode-1/data/ratis/73b89743-7df3-4c33-88f5-45bff1f7d793: created new log segment /workdir/hadoop-ozone/integration-test/target/test-dir/MiniOzoneClusterImpl-d49177c5-c9c6-4953-9114-88aa1897b70a/datanode-1/data/ratis/73b89743-7df3-4c33-88f5-45bff1f7d793/current/log_inprogress_0
2019-08-27 08:32:45,947 [0d19c57b-e104-4f48-977d-bd1ef2c3206a:group-B10EB1E3C230:LeaderElection70] INFO  impl.LeaderElection (LeaderElection.java:askForVotes(181)) - 0d19c57b-e104-4f48-977d-bd1ef2c3206a:group-B10EB1E3C230:LeaderElection70: begin an election at term 1 for -1: [0d19c57b-e104-4f48-977d-bd1ef2c3206a:192.168.36.77:35275, 50c0ab61-1758-43d2-a587-5cb94a3c81fe:192.168.36.77:42824, a7415c16-3934-426f-880c-bd70b649961c:192.168.36.77:40640], old=null
2019-08-27 08:32:45,947 [0d19c57b-e104-4f48-977d-bd1ef2c3206a:group-3B1B37EFD643:LeaderElection69] INFO  impl.RoleInfo (RoleInfo.java:updateAndGet(143)) - 0d19c57b-e104-4f48-977d-bd1ef2c3206a: start LeaderState
2019-08-27 08:32:45,948 [0d19c57b-e104-4f48-977d-bd1ef2c3206a:group-3B1B37EFD643:LeaderElection69] INFO  segmented.SegmentedRaftLogWorker (SegmentedRaftLogWorker.java:startLogSegment(380)) - 0d19c57b-e104-4f48-977d-bd1ef2c3206a-SegmentedRaftLogWorker:Storage Directory /workdir/hadoop-ozone/integration-test/target/test-dir/MiniOzoneClusterImpl-d49177c5-c9c6-4953-9114-88aa1897b70a/datanode-2/data/ratis/6932f2ec-756b-4db6-aa0c-3b1b37efd643: Starting segment from index:0
2019-08-27 08:32:45,948 [0d19c57b-e104-4f48-977d-bd1ef2c3206a:group-3B1B37EFD643:LeaderElection69] INFO  impl.RaftServerImpl (ServerState.java:setRaftConf(361)) - 0d19c57b-e104-4f48-977d-bd1ef2c3206a:group-3B1B37EFD643 set configuration 0: [0d19c57b-e104-4f48-977d-bd1ef2c3206a:192.168.36.77:35275], old=null at 0
2019-08-27 08:32:45,990 [a7415c16-3934-426f-880c-bd70b649961c:group-B10EB1E3C230:LeaderElection71] INFO  impl.LeaderElection (LeaderElection.java:askForVotes(181)) - a7415c16-3934-426f-880c-bd70b649961c:group-B10EB1E3C230:LeaderElection71: begin an election at term 1 for -1: [0d19c57b-e104-4f48-977d-bd1ef2c3206a:192.168.36.77:35275, 50c0ab61-1758-43d2-a587-5cb94a3c81fe:192.168.36.77:42824, a7415c16-3934-426f-880c-bd70b649961c:192.168.36.77:40640], old=null
2019-08-27 08:32:46,000 [grpc-default-executor-5] INFO  impl.RaftServerImpl (RaftServerImpl.java:setRole(171)) - 50c0ab61-1758-43d2-a587-5cb94a3c81fe:group-B10EB1E3C230 changes role from FOLLOWER to FOLLOWER at term 1 for recognizeCandidate:a7415c16-3934-426f-880c-bd70b649961c
2019-08-27 08:32:46,000 [grpc-default-executor-5] INFO  impl.RoleInfo (RoleInfo.java:shutdownFollowerState(121)) - 50c0ab61-1758-43d2-a587-5cb94a3c81fe: shutdown FollowerState
2019-08-27 08:32:46,000 [grpc-default-executor-5] INFO  impl.RoleInfo (RoleInfo.java:updateAndGet(143)) - 50c0ab61-1758-43d2-a587-5cb94a3c81fe: start FollowerState
2019-08-27 08:32:46,000 [Thread-3547] INFO  impl.FollowerState (FollowerState.java:run(114)) - 50c0ab61-1758-43d2-a587-5cb94a3c81fe: FollowerState was interrupted: java.lang.InterruptedException: sleep interrupted
2019-08-27 08:32:46,014 [0d19c57b-e104-4f48-977d-bd1ef2c3206a-SegmentedRaftLogWorker:Storage Directory /workdir/hadoop-ozone/integration-test/target/test-dir/MiniOzoneClusterImpl-d49177c5-c9c6-4953-9114-88aa1897b70a/datanode-2/data/ratis/6932f2ec-756b-4db6-aa0c-3b1b37efd643] INFO  segmented.SegmentedRaftLogWorker (SegmentedRaftLogWorker.java:execute(569)) - 0d19c57b-e104-4f48-977d-bd1ef2c3206a-SegmentedRaftLogWorker:Storage Directory /workdir/hadoop-ozone/integration-test/target/test-dir/MiniOzoneClusterImpl-d49177c5-c9c6-4953-9114-88aa1897b70a/datanode-2/data/ratis/6932f2ec-756b-4db6-aa0c-3b1b37efd643: created new log segment /workdir/hadoop-ozone/integration-test/target/test-dir/MiniOzoneClusterImpl-d49177c5-c9c6-4953-9114-88aa1897b70a/datanode-2/data/ratis/6932f2ec-756b-4db6-aa0c-3b1b37efd643/current/log_inprogress_0
2019-08-27 08:32:46,016 | INFO  | SCMAudit | user=jenkins1000 | ip=192.168.36.77 | op=SEND_HEARTBEAT {datanodeUUID=c179a657-9165-49fe-9ad6-e054b9d56145, command=[]} | ret=SUCCESS |  
2019-08-27 08:32:46,023 [a7415c16-3934-426f-880c-bd70b649961c:group-B10EB1E3C230:LeaderElection71] INFO  impl.LeaderElection (LeaderElection.java:logAndReturn(56)) - a7415c16-3934-426f-880c-bd70b649961c:group-B10EB1E3C230:LeaderElection71: Election PASSED; received 2 response(s) [a7415c16-3934-426f-880c-bd70b649961c<-0d19c57b-e104-4f48-977d-bd1ef2c3206a#0:FAIL-t1, a7415c16-3934-426f-880c-bd70b649961c<-50c0ab61-1758-43d2-a587-5cb94a3c81fe#0:OK-t1] and 0 exception(s); a7415c16-3934-426f-880c-bd70b649961c:t1, leader=null, voted=a7415c16-3934-426f-880c-bd70b649961c, raftlog=a7415c16-3934-426f-880c-bd70b649961c-SegmentedRaftLog:OPENED:c-1,f-1,i0, conf=-1: [0d19c57b-e104-4f48-977d-bd1ef2c3206a:192.168.36.77:35275, 50c0ab61-1758-43d2-a587-5cb94a3c81fe:192.168.36.77:42824, a7415c16-3934-426f-880c-bd70b649961c:192.168.36.77:40640], old=null
2019-08-27 08:32:46,023 [0d19c57b-e104-4f48-977d-bd1ef2c3206a:group-B10EB1E3C230:LeaderElection70] INFO  impl.LeaderElection (LeaderElection.java:logAndReturn(56)) - 0d19c57b-e104-4f48-977d-bd1ef2c3206a:group-B10EB1E3C230:LeaderElection70: Election REJECTED; received 2 response(s) [0d19c57b-e104-4f48-977d-bd1ef2c3206a<-50c0ab61-1758-43d2-a587-5cb94a3c81fe#0:FAIL-t1, 0d19c57b-e104-4f48-977d-bd1ef2c3206a<-a7415c16-3934-426f-880c-bd70b649961c#0:FAIL-t1] and 0 exception(s); 0d19c57b-e104-4f48-977d-bd1ef2c3206a:t1, leader=null, voted=0d19c57b-e104-4f48-977d-bd1ef2c3206a, raftlog=0d19c57b-e104-4f48-977d-bd1ef2c3206a-SegmentedRaftLog:OPENED:c-1,f-1,i0, conf=-1: [0d19c57b-e104-4f48-977d-bd1ef2c3206a:192.168.36.77:35275, 50c0ab61-1758-43d2-a587-5cb94a3c81fe:192.168.36.77:42824, a7415c16-3934-426f-880c-bd70b649961c:192.168.36.77:40640], old=null
2019-08-27 08:32:46,023 [a7415c16-3934-426f-880c-bd70b649961c:group-B10EB1E3C230:LeaderElection71] INFO  impl.RoleInfo (RoleInfo.java:shutdownLeaderElection(134)) - a7415c16-3934-426f-880c-bd70b649961c: shutdown LeaderElection
2019-08-27 08:32:46,023 [0d19c57b-e104-4f48-977d-bd1ef2c3206a:group-B10EB1E3C230:LeaderElection70] INFO  impl.RaftServerImpl (RaftServerImpl.java:setRole(171)) - 0d19c57b-e104-4f48-977d-bd1ef2c3206a:group-B10EB1E3C230 changes role from CANDIDATE to FOLLOWER at term 1 for DISCOVERED_A_NEW_TERM
2019-08-27 08:32:46,023 [a7415c16-3934-426f-880c-bd70b649961c:group-B10EB1E3C230:LeaderElection71] INFO  impl.RaftServerImpl (RaftServerImpl.java:setRole(171)) - a7415c16-3934-426f-880c-bd70b649961c:group-B10EB1E3C230 changes role from CANDIDATE to LEADER at term 1 for changeToLeader
2019-08-27 08:32:46,023 [0d19c57b-e104-4f48-977d-bd1ef2c3206a:group-B10EB1E3C230:LeaderElection70] INFO  impl.RoleInfo (RoleInfo.java:shutdownLeaderElection(134)) - 0d19c57b-e104-4f48-977d-bd1ef2c3206a: shutdown LeaderElection
2019-08-27 08:32:46,024 [a7415c16-3934-426f-880c-bd70b649961c:group-B10EB1E3C230:LeaderElection71] INFO  impl.RaftServerImpl (ServerState.java:setLeader(263)) - a7415c16-3934-426f-880c-bd70b649961c:group-B10EB1E3C230 change Leader from null to a7415c16-3934-426f-880c-bd70b649961c at term 1 for becomeLeader, leader elected after 5136ms
2019-08-27 08:32:46,024 [0d19c57b-e104-4f48-977d-bd1ef2c3206a:group-B10EB1E3C230:LeaderElection70] INFO  impl.RoleInfo (RoleInfo.java:updateAndGet(143)) - 0d19c57b-e104-4f48-977d-bd1ef2c3206a: start FollowerState
2019-08-27 08:32:46,024 [a7415c16-3934-426f-880c-bd70b649961c:group-B10EB1E3C230:LeaderElection71] INFO  server.RaftServerConfigKeys (ConfUtils.java:logGet(43)) - raft.server.staging.catchup.gap = 1000 (default)
2019-08-27 08:32:46,024 [a7415c16-3934-426f-880c-bd70b649961c:group-B10EB1E3C230:LeaderElection71] INFO  server.RaftServerConfigKeys (ConfUtils.java:logGet(43)) - raft.server.rpc.sleep.time = 25ms (default)
2019-08-27 08:32:46,024 [a7415c16-3934-426f-880c-bd70b649961c:group-B10EB1E3C230:LeaderElection71] INFO  server.RaftServerConfigKeys (ConfUtils.java:logGet(43)) - raft.server.write.element-limit = 4096 (default)
2019-08-27 08:32:46,025 [a7415c16-3934-426f-880c-bd70b649961c:group-B10EB1E3C230:LeaderElection71] INFO  server.RaftServerConfigKeys (ConfUtils.java:logGet(43)) - raft.server.watch.timeout = 10s (default)
2019-08-27 08:32:46,025 [a7415c16-3934-426f-880c-bd70b649961c:group-B10EB1E3C230:LeaderElection71] INFO  server.RaftServerConfigKeys (ConfUtils.java:logGet(43)) - raft.server.watch.timeout.denomination = 1s (default)
2019-08-27 08:32:46,025 [a7415c16-3934-426f-880c-bd70b649961c:group-B10EB1E3C230:LeaderElection71] INFO  server.RaftServerConfigKeys (ConfUtils.java:logGet(43)) - raft.server.watch.element-limit = 65536 (default)
2019-08-27 08:32:46,025 [a7415c16-3934-426f-880c-bd70b649961c:group-B10EB1E3C230:LeaderElection71] INFO  server.RaftServerConfigKeys (ConfUtils.java:logGet(43)) - raft.server.log.appender.snapshot.chunk.size.max = 16MB (=16777216) (default)
2019-08-27 08:32:46,025 [a7415c16-3934-426f-880c-bd70b649961c:group-B10EB1E3C230:LeaderElection71] INFO  server.RaftServerConfigKeys (ConfUtils.java:logGet(43)) - raft.server.log.appender.buffer.byte-limit = 33554432 (custom)
2019-08-27 08:32:46,026 [a7415c16-3934-426f-880c-bd70b649961c:group-B10EB1E3C230:LeaderElection71] INFO  server.RaftServerConfigKeys (ConfUtils.java:logGet(43)) - raft.server.log.appender.buffer.element-limit = 1 (custom)
2019-08-27 08:32:46,026 [a7415c16-3934-426f-880c-bd70b649961c:group-B10EB1E3C230:LeaderElection71] INFO  grpc.GrpcConfigKeys$Server (ConfUtils.java:logGet(43)) - raft.grpc.server.leader.outstanding.appends.max = 128 (default)
2019-08-27 08:32:46,026 [a7415c16-3934-426f-880c-bd70b649961c:group-B10EB1E3C230:LeaderElection71] INFO  server.RaftServerConfigKeys (ConfUtils.java:logGet(43)) - raft.server.rpc.request.timeout = 3000ms (default)
2019-08-27 08:32:46,026 [a7415c16-3934-426f-880c-bd70b649961c:group-B10EB1E3C230:LeaderElection71] INFO  server.RaftServerConfigKeys (ConfUtils.java:logGet(43)) - raft.server.log.appender.install.snapshot.enabled = false (custom)
2019-08-27 08:32:46,026 [a7415c16-3934-426f-880c-bd70b649961c:group-B10EB1E3C230:LeaderElection71] INFO  server.RaftServerConfigKeys (ConfUtils.java:logGet(43)) - raft.server.log.appender.snapshot.chunk.size.max = 16MB (=16777216) (default)
2019-08-27 08:32:46,026 [a7415c16-3934-426f-880c-bd70b649961c:group-B10EB1E3C230:LeaderElection71] INFO  server.RaftServerConfigKeys (ConfUtils.java:logGet(43)) - raft.server.log.appender.buffer.byte-limit = 33554432 (custom)
2019-08-27 08:32:46,027 [a7415c16-3934-426f-880c-bd70b649961c:group-B10EB1E3C230:LeaderElection71] INFO  server.RaftServerConfigKeys (ConfUtils.java:logGet(43)) - raft.server.log.appender.buffer.element-limit = 1 (custom)
2019-08-27 08:32:46,027 [a7415c16-3934-426f-880c-bd70b649961c:group-B10EB1E3C230:LeaderElection71] INFO  grpc.GrpcConfigKeys$Server (ConfUtils.java:logGet(43)) - raft.grpc.server.leader.outstanding.appends.max = 128 (default)
2019-08-27 08:32:46,027 [a7415c16-3934-426f-880c-bd70b649961c:group-B10EB1E3C230:LeaderElection71] INFO  server.RaftServerConfigKeys (ConfUtils.java:logGet(43)) - raft.server.rpc.request.timeout = 3000ms (default)
2019-08-27 08:32:46,027 [a7415c16-3934-426f-880c-bd70b649961c:group-B10EB1E3C230:LeaderElection71] INFO  server.RaftServerConfigKeys (ConfUtils.java:logGet(43)) - raft.server.log.appender.install.snapshot.enabled = false (custom)
2019-08-27 08:32:46,027 [a7415c16-3934-426f-880c-bd70b649961c:group-B10EB1E3C230:LeaderElection71] INFO  impl.RoleInfo (RoleInfo.java:updateAndGet(143)) - a7415c16-3934-426f-880c-bd70b649961c: start LeaderState
2019-08-27 08:32:46,028 [a7415c16-3934-426f-880c-bd70b649961c:group-B10EB1E3C230:LeaderElection71] INFO  segmented.SegmentedRaftLogWorker (SegmentedRaftLogWorker.java:startLogSegment(380)) - a7415c16-3934-426f-880c-bd70b649961c-SegmentedRaftLogWorker:Storage Directory /workdir/hadoop-ozone/integration-test/target/test-dir/MiniOzoneClusterImpl-d49177c5-c9c6-4953-9114-88aa1897b70a/datanode-0/data/ratis/d5b325be-c05e-4808-9713-b10eb1e3c230: Starting segment from index:0
2019-08-27 08:32:46,029 [a7415c16-3934-426f-880c-bd70b649961c:group-B10EB1E3C230:LeaderElection71] INFO  impl.RaftServerImpl (ServerState.java:setRaftConf(361)) - a7415c16-3934-426f-880c-bd70b649961c:group-B10EB1E3C230 set configuration 0: [0d19c57b-e104-4f48-977d-bd1ef2c3206a:192.168.36.77:35275, 50c0ab61-1758-43d2-a587-5cb94a3c81fe:192.168.36.77:42824, a7415c16-3934-426f-880c-bd70b649961c:192.168.36.77:40640], old=null at 0
2019-08-27 08:32:46,065 [Thread-3556] INFO  impl.FollowerState (FollowerState.java:run(106)) - 345d10c5-4a03-4a5c-baf7-3e40504e58a5:group-C303887C7834 changes to CANDIDATE, lastRpcTime:5080, electionTimeout:5052ms
2019-08-27 08:32:46,066 [Thread-3556] INFO  impl.RoleInfo (RoleInfo.java:shutdownFollowerState(121)) - 345d10c5-4a03-4a5c-baf7-3e40504e58a5: shutdown FollowerState
2019-08-27 08:32:46,066 [Thread-3556] INFO  impl.RaftServerImpl (RaftServerImpl.java:setRole(171)) - 345d10c5-4a03-4a5c-baf7-3e40504e58a5:group-C303887C7834 changes role from FOLLOWER to CANDIDATE at term 0 for changeToCandidate
2019-08-27 08:32:46,066 [Thread-3556] INFO  impl.RoleInfo (RoleInfo.java:updateAndGet(143)) - 345d10c5-4a03-4a5c-baf7-3e40504e58a5: start LeaderElection
2019-08-27 08:32:46,069 [grpc-default-executor-10] INFO  impl.RaftServerImpl (ServerState.java:setLeader(263)) - 50c0ab61-1758-43d2-a587-5cb94a3c81fe:group-B10EB1E3C230 change Leader from null to a7415c16-3934-426f-880c-bd70b649961c at term 1 for appendEntries, leader elected after 5181ms
2019-08-27 08:32:46,070 [grpc-default-executor-5] INFO  impl.RaftServerImpl (ServerState.java:setLeader(263)) - 0d19c57b-e104-4f48-977d-bd1ef2c3206a:group-B10EB1E3C230 change Leader from null to a7415c16-3934-426f-880c-bd70b649961c at term 1 for appendEntries, leader elected after 5182ms
2019-08-27 08:32:46,072 [grpc-default-executor-10] INFO  impl.RaftServerImpl (ServerState.java:setRaftConf(361)) - 50c0ab61-1758-43d2-a587-5cb94a3c81fe:group-B10EB1E3C230 set configuration 0: [0d19c57b-e104-4f48-977d-bd1ef2c3206a:192.168.36.77:35275, 50c0ab61-1758-43d2-a587-5cb94a3c81fe:192.168.36.77:42824, a7415c16-3934-426f-880c-bd70b649961c:192.168.36.77:40640], old=null at 0
2019-08-27 08:32:46,072 [grpc-default-executor-10] INFO  segmented.SegmentedRaftLogWorker (SegmentedRaftLogWorker.java:startLogSegment(380)) - 50c0ab61-1758-43d2-a587-5cb94a3c81fe-SegmentedRaftLogWorker:Storage Directory /workdir/hadoop-ozone/integration-test/target/test-dir/MiniOzoneClusterImpl-d49177c5-c9c6-4953-9114-88aa1897b70a/datanode-1/data/ratis/d5b325be-c05e-4808-9713-b10eb1e3c230: Starting segment from index:0
2019-08-27 08:32:46,072 [grpc-default-executor-5] INFO  impl.RaftServerImpl (ServerState.java:setRaftConf(361)) - 0d19c57b-e104-4f48-977d-bd1ef2c3206a:group-B10EB1E3C230 set configuration 0: [0d19c57b-e104-4f48-977d-bd1ef2c3206a:192.168.36.77:35275, 50c0ab61-1758-43d2-a587-5cb94a3c81fe:192.168.36.77:42824, a7415c16-3934-426f-880c-bd70b649961c:192.168.36.77:40640], old=null at 0
2019-08-27 08:32:46,073 [grpc-default-executor-5] INFO  segmented.SegmentedRaftLogWorker (SegmentedRaftLogWorker.java:startLogSegment(380)) - 0d19c57b-e104-4f48-977d-bd1ef2c3206a-SegmentedRaftLogWorker:Storage Directory /workdir/hadoop-ozone/integration-test/target/test-dir/MiniOzoneClusterImpl-d49177c5-c9c6-4953-9114-88aa1897b70a/datanode-2/data/ratis/d5b325be-c05e-4808-9713-b10eb1e3c230: Starting segment from index:0
2019-08-27 08:32:46,078 [a7415c16-3934-426f-880c-bd70b649961c-SegmentedRaftLogWorker:Storage Directory /workdir/hadoop-ozone/integration-test/target/test-dir/MiniOzoneClusterImpl-d49177c5-c9c6-4953-9114-88aa1897b70a/datanode-0/data/ratis/d5b325be-c05e-4808-9713-b10eb1e3c230] INFO  segmented.SegmentedRaftLogWorker (SegmentedRaftLogWorker.java:execute(569)) - a7415c16-3934-426f-880c-bd70b649961c-SegmentedRaftLogWorker:Storage Directory /workdir/hadoop-ozone/integration-test/target/test-dir/MiniOzoneClusterImpl-d49177c5-c9c6-4953-9114-88aa1897b70a/datanode-0/data/ratis/d5b325be-c05e-4808-9713-b10eb1e3c230: created new log segment /workdir/hadoop-ozone/integration-test/target/test-dir/MiniOzoneClusterImpl-d49177c5-c9c6-4953-9114-88aa1897b70a/datanode-0/data/ratis/d5b325be-c05e-4808-9713-b10eb1e3c230/current/log_inprogress_0
2019-08-27 08:32:46,078 [345d10c5-4a03-4a5c-baf7-3e40504e58a5:group-C303887C7834:LeaderElection72] INFO  impl.LeaderElection (LeaderElection.java:askForVotes(181)) - 345d10c5-4a03-4a5c-baf7-3e40504e58a5:group-C303887C7834:LeaderElection72: begin an election at term 1 for -1: [345d10c5-4a03-4a5c-baf7-3e40504e58a5:192.168.36.77:44664], old=null
2019-08-27 08:32:46,078 [345d10c5-4a03-4a5c-baf7-3e40504e58a5:group-C303887C7834:LeaderElection72] INFO  impl.RoleInfo (RoleInfo.java:shutdownLeaderElection(134)) - 345d10c5-4a03-4a5c-baf7-3e40504e58a5: shutdown LeaderElection
2019-08-27 08:32:46,078 [345d10c5-4a03-4a5c-baf7-3e40504e58a5:group-C303887C7834:LeaderElection72] INFO  impl.RaftServerImpl (RaftServerImpl.java:setRole(171)) - 345d10c5-4a03-4a5c-baf7-3e40504e58a5:group-C303887C7834 changes role from CANDIDATE to LEADER at term 1 for changeToLeader
2019-08-27 08:32:46,078 [345d10c5-4a03-4a5c-baf7-3e40504e58a5:group-C303887C7834:LeaderElection72] INFO  impl.RaftServerImpl (ServerState.java:setLeader(263)) - 345d10c5-4a03-4a5c-baf7-3e40504e58a5:group-C303887C7834 change Leader from null to 345d10c5-4a03-4a5c-baf7-3e40504e58a5 at term 1 for becomeLeader, leader elected after 5097ms
2019-08-27 08:32:46,079 [345d10c5-4a03-4a5c-baf7-3e40504e58a5:group-C303887C7834:LeaderElection72] INFO  server.RaftServerConfigKeys (ConfUtils.java:logGet(43)) - raft.server.staging.catchup.gap = 1000 (default)
2019-08-27 08:32:46,079 [345d10c5-4a03-4a5c-baf7-3e40504e58a5:group-C303887C7834:LeaderElection72] INFO  server.RaftServerConfigKeys (ConfUtils.java:logGet(43)) - raft.server.rpc.sleep.time = 25ms (default)
2019-08-27 08:32:46,079 [345d10c5-4a03-4a5c-baf7-3e40504e58a5:group-C303887C7834:LeaderElection72] INFO  server.RaftServerConfigKeys (ConfUtils.java:logGet(43)) - raft.server.write.element-limit = 4096 (default)
2019-08-27 08:32:46,079 [345d10c5-4a03-4a5c-baf7-3e40504e58a5:group-C303887C7834:LeaderElection72] INFO  server.RaftServerConfigKeys (ConfUtils.java:logGet(43)) - raft.server.watch.timeout = 10s (default)
2019-08-27 08:32:46,079 [345d10c5-4a03-4a5c-baf7-3e40504e58a5:group-C303887C7834:LeaderElection72] INFO  server.RaftServerConfigKeys (ConfUtils.java:logGet(43)) - raft.server.watch.timeout.denomination = 1s (default)
2019-08-27 08:32:46,080 [345d10c5-4a03-4a5c-baf7-3e40504e58a5:group-C303887C7834:LeaderElection72] INFO  server.RaftServerConfigKeys (ConfUtils.java:logGet(43)) - raft.server.watch.element-limit = 65536 (default)
2019-08-27 08:32:46,080 [345d10c5-4a03-4a5c-baf7-3e40504e58a5:group-C303887C7834:LeaderElection72] INFO  impl.RoleInfo (RoleInfo.java:updateAndGet(143)) - 345d10c5-4a03-4a5c-baf7-3e40504e58a5: start LeaderState
2019-08-27 08:32:46,080 [345d10c5-4a03-4a5c-baf7-3e40504e58a5:group-C303887C7834:LeaderElection72] INFO  segmented.SegmentedRaftLogWorker (SegmentedRaftLogWorker.java:startLogSegment(380)) - 345d10c5-4a03-4a5c-baf7-3e40504e58a5-SegmentedRaftLogWorker:Storage Directory /workdir/hadoop-ozone/integration-test/target/test-dir/MiniOzoneClusterImpl-d49177c5-c9c6-4953-9114-88aa1897b70a/datanode-3/data/ratis/c95fe5a1-b2e4-4a02-8241-c303887c7834: Starting segment from index:0
2019-08-27 08:32:46,081 [345d10c5-4a03-4a5c-baf7-3e40504e58a5:group-C303887C7834:LeaderElection72] INFO  impl.RaftServerImpl (ServerState.java:setRaftConf(361)) - 345d10c5-4a03-4a5c-baf7-3e40504e58a5:group-C303887C7834 set configuration 0: [345d10c5-4a03-4a5c-baf7-3e40504e58a5:192.168.36.77:44664], old=null at 0
2019-08-27 08:32:46,117 | INFO  | SCMAudit | user=jenkins1000 | ip=192.168.36.77 | op=SEND_HEARTBEAT {datanodeUUID=54ae50f6-2c43-44f1-944a-6e503a426641, command=[]} | ret=SUCCESS |  
2019-08-27 08:32:46,120 [345d10c5-4a03-4a5c-baf7-3e40504e58a5-SegmentedRaftLogWorker:Storage Directory /workdir/hadoop-ozone/integration-test/target/test-dir/MiniOzoneClusterImpl-d49177c5-c9c6-4953-9114-88aa1897b70a/datanode-3/data/ratis/c95fe5a1-b2e4-4a02-8241-c303887c7834] INFO  segmented.SegmentedRaftLogWorker (SegmentedRaftLogWorker.java:execute(569)) - 345d10c5-4a03-4a5c-baf7-3e40504e58a5-SegmentedRaftLogWorker:Storage Directory /workdir/hadoop-ozone/integration-test/target/test-dir/MiniOzoneClusterImpl-d49177c5-c9c6-4953-9114-88aa1897b70a/datanode-3/data/ratis/c95fe5a1-b2e4-4a02-8241-c303887c7834: created new log segment /workdir/hadoop-ozone/integration-test/target/test-dir/MiniOzoneClusterImpl-d49177c5-c9c6-4953-9114-88aa1897b70a/datanode-3/data/ratis/c95fe5a1-b2e4-4a02-8241-c303887c7834/current/log_inprogress_0
2019-08-27 08:32:46,120 [0d19c57b-e104-4f48-977d-bd1ef2c3206a-SegmentedRaftLogWorker:Storage Directory /workdir/hadoop-ozone/integration-test/target/test-dir/MiniOzoneClusterImpl-d49177c5-c9c6-4953-9114-88aa1897b70a/datanode-2/data/ratis/d5b325be-c05e-4808-9713-b10eb1e3c230] INFO  segmented.SegmentedRaftLogWorker (SegmentedRaftLogWorker.java:execute(569)) - 0d19c57b-e104-4f48-977d-bd1ef2c3206a-SegmentedRaftLogWorker:Storage Directory /workdir/hadoop-ozone/integration-test/target/test-dir/MiniOzoneClusterImpl-d49177c5-c9c6-4953-9114-88aa1897b70a/datanode-2/data/ratis/d5b325be-c05e-4808-9713-b10eb1e3c230: created new log segment /workdir/hadoop-ozone/integration-test/target/test-dir/MiniOzoneClusterImpl-d49177c5-c9c6-4953-9114-88aa1897b70a/datanode-2/data/ratis/d5b325be-c05e-4808-9713-b10eb1e3c230/current/log_inprogress_0
2019-08-27 08:32:46,120 [50c0ab61-1758-43d2-a587-5cb94a3c81fe-SegmentedRaftLogWorker:Storage Directory /workdir/hadoop-ozone/integration-test/target/test-dir/MiniOzoneClusterImpl-d49177c5-c9c6-4953-9114-88aa1897b70a/datanode-1/data/ratis/d5b325be-c05e-4808-9713-b10eb1e3c230] INFO  segmented.SegmentedRaftLogWorker (SegmentedRaftLogWorker.java:execute(569)) - 50c0ab61-1758-43d2-a587-5cb94a3c81fe-SegmentedRaftLogWorker:Storage Directory /workdir/hadoop-ozone/integration-test/target/test-dir/MiniOzoneClusterImpl-d49177c5-c9c6-4953-9114-88aa1897b70a/datanode-1/data/ratis/d5b325be-c05e-4808-9713-b10eb1e3c230: created new log segment /workdir/hadoop-ozone/integration-test/target/test-dir/MiniOzoneClusterImpl-d49177c5-c9c6-4953-9114-88aa1897b70a/datanode-1/data/ratis/d5b325be-c05e-4808-9713-b10eb1e3c230/current/log_inprogress_0
2019-08-27 08:32:46,174 [Thread-3569] INFO  impl.FollowerState (FollowerState.java:run(106)) - c179a657-9165-49fe-9ad6-e054b9d56145:group-29C44B8D7A45 changes to CANDIDATE, lastRpcTime:5005, electionTimeout:5005ms
2019-08-27 08:32:46,174 [Thread-3569] INFO  impl.RoleInfo (RoleInfo.java:shutdownFollowerState(121)) - c179a657-9165-49fe-9ad6-e054b9d56145: shutdown FollowerState
2019-08-27 08:32:46,175 [Thread-3569] INFO  impl.RaftServerImpl (RaftServerImpl.java:setRole(171)) - c179a657-9165-49fe-9ad6-e054b9d56145:group-29C44B8D7A45 changes role from FOLLOWER to CANDIDATE at term 0 for changeToCandidate
2019-08-27 08:32:46,175 [Thread-3569] INFO  impl.RoleInfo (RoleInfo.java:updateAndGet(143)) - c179a657-9165-49fe-9ad6-e054b9d56145: start LeaderElection
2019-08-27 08:32:46,195 [c179a657-9165-49fe-9ad6-e054b9d56145:group-29C44B8D7A45:LeaderElection73] INFO  impl.LeaderElection (LeaderElection.java:askForVotes(181)) - c179a657-9165-49fe-9ad6-e054b9d56145:group-29C44B8D7A45:LeaderElection73: begin an election at term 1 for -1: [47cde36c-9fa2-4fed-9254-c7cf08d1e5f9:192.168.36.77:44491, 345d10c5-4a03-4a5c-baf7-3e40504e58a5:192.168.36.77:44664, c179a657-9165-49fe-9ad6-e054b9d56145:192.168.36.77:45949], old=null
2019-08-27 08:32:46,202 [grpc-default-executor-5] INFO  impl.RaftServerImpl (RaftServerImpl.java:setRole(171)) - 47cde36c-9fa2-4fed-9254-c7cf08d1e5f9:group-29C44B8D7A45 changes role from FOLLOWER to FOLLOWER at term 1 for recognizeCandidate:c179a657-9165-49fe-9ad6-e054b9d56145
2019-08-27 08:32:46,204 [grpc-default-executor-10] INFO  impl.RaftServerImpl (RaftServerImpl.java:setRole(171)) - 345d10c5-4a03-4a5c-baf7-3e40504e58a5:group-29C44B8D7A45 changes role from FOLLOWER to FOLLOWER at term 1 for recognizeCandidate:c179a657-9165-49fe-9ad6-e054b9d56145
2019-08-27 08:32:46,204 [grpc-default-executor-5] INFO  impl.RoleInfo (RoleInfo.java:shutdownFollowerState(121)) - 47cde36c-9fa2-4fed-9254-c7cf08d1e5f9: shutdown FollowerState
2019-08-27 08:32:46,204 [grpc-default-executor-10] INFO  impl.RoleInfo (RoleInfo.java:shutdownFollowerState(121)) - 345d10c5-4a03-4a5c-baf7-3e40504e58a5: shutdown FollowerState
2019-08-27 08:32:46,204 [grpc-default-executor-5] INFO  impl.RoleInfo (RoleInfo.java:updateAndGet(143)) - 47cde36c-9fa2-4fed-9254-c7cf08d1e5f9: start FollowerState
2019-08-27 08:32:46,205 [Thread-3565] INFO  impl.FollowerState (FollowerState.java:run(114)) - 345d10c5-4a03-4a5c-baf7-3e40504e58a5: FollowerState was interrupted: java.lang.InterruptedException: sleep interrupted
2019-08-27 08:32:46,205 [grpc-default-executor-10] INFO  impl.RoleInfo (RoleInfo.java:updateAndGet(143)) - 345d10c5-4a03-4a5c-baf7-3e40504e58a5: start FollowerState
2019-08-27 08:32:46,215 [Thread-3559] INFO  impl.FollowerState (FollowerState.java:run(106)) - 47cde36c-9fa2-4fed-9254-c7cf08d1e5f9:group-DE93308FFF82 changes to CANDIDATE, lastRpcTime:5182, electionTimeout:5180ms
2019-08-27 08:32:46,215 [Thread-3559] INFO  impl.RoleInfo (RoleInfo.java:shutdownFollowerState(121)) - 47cde36c-9fa2-4fed-9254-c7cf08d1e5f9: shutdown FollowerState
2019-08-27 08:32:46,215 [Thread-3559] INFO  impl.RaftServerImpl (RaftServerImpl.java:setRole(171)) - 47cde36c-9fa2-4fed-9254-c7cf08d1e5f9:group-DE93308FFF82 changes role from FOLLOWER to CANDIDATE at term 0 for changeToCandidate
2019-08-27 08:32:46,215 [Thread-3559] INFO  impl.RoleInfo (RoleInfo.java:updateAndGet(143)) - 47cde36c-9fa2-4fed-9254-c7cf08d1e5f9: start LeaderElection
2019-08-27 08:32:46,223 [47cde36c-9fa2-4fed-9254-c7cf08d1e5f9:group-DE93308FFF82:LeaderElection74] INFO  impl.LeaderElection (LeaderElection.java:askForVotes(181)) - 47cde36c-9fa2-4fed-9254-c7cf08d1e5f9:group-DE93308FFF82:LeaderElection74: begin an election at term 1 for -1: [47cde36c-9fa2-4fed-9254-c7cf08d1e5f9:192.168.36.77:44491], old=null
2019-08-27 08:32:46,223 [c179a657-9165-49fe-9ad6-e054b9d56145:group-29C44B8D7A45:LeaderElection73] INFO  impl.LeaderElection (LeaderElection.java:logAndReturn(56)) - c179a657-9165-49fe-9ad6-e054b9d56145:group-29C44B8D7A45:LeaderElection73: Election PASSED; received 1 response(s) [c179a657-9165-49fe-9ad6-e054b9d56145<-47cde36c-9fa2-4fed-9254-c7cf08d1e5f9#0:OK-t1] and 0 exception(s); c179a657-9165-49fe-9ad6-e054b9d56145:t1, leader=null, voted=c179a657-9165-49fe-9ad6-e054b9d56145, raftlog=c179a657-9165-49fe-9ad6-e054b9d56145-SegmentedRaftLog:OPENED:c-1,f-1,i0, conf=-1: [47cde36c-9fa2-4fed-9254-c7cf08d1e5f9:192.168.36.77:44491, 345d10c5-4a03-4a5c-baf7-3e40504e58a5:192.168.36.77:44664, c179a657-9165-49fe-9ad6-e054b9d56145:192.168.36.77:45949], old=null
2019-08-27 08:32:46,223 [47cde36c-9fa2-4fed-9254-c7cf08d1e5f9:group-DE93308FFF82:LeaderElection74] INFO  impl.RoleInfo (RoleInfo.java:shutdownLeaderElection(134)) - 47cde36c-9fa2-4fed-9254-c7cf08d1e5f9: shutdown LeaderElection
2019-08-27 08:32:46,223 [c179a657-9165-49fe-9ad6-e054b9d56145:group-29C44B8D7A45:LeaderElection73] INFO  impl.RoleInfo (RoleInfo.java:shutdownLeaderElection(134)) - c179a657-9165-49fe-9ad6-e054b9d56145: shutdown LeaderElection
2019-08-27 08:32:46,223 [47cde36c-9fa2-4fed-9254-c7cf08d1e5f9:group-DE93308FFF82:LeaderElection74] INFO  impl.RaftServerImpl (RaftServerImpl.java:setRole(171)) - 47cde36c-9fa2-4fed-9254-c7cf08d1e5f9:group-DE93308FFF82 changes role from CANDIDATE to LEADER at term 1 for changeToLeader
2019-08-27 08:32:46,223 [c179a657-9165-49fe-9ad6-e054b9d56145:group-29C44B8D7A45:LeaderElection73] INFO  impl.RaftServerImpl (RaftServerImpl.java:setRole(171)) - c179a657-9165-49fe-9ad6-e054b9d56145:group-29C44B8D7A45 changes role from CANDIDATE to LEADER at term 1 for changeToLeader
2019-08-27 08:32:46,224 [47cde36c-9fa2-4fed-9254-c7cf08d1e5f9:group-DE93308FFF82:LeaderElection74] INFO  impl.RaftServerImpl (ServerState.java:setLeader(263)) - 47cde36c-9fa2-4fed-9254-c7cf08d1e5f9:group-DE93308FFF82 change Leader from null to 47cde36c-9fa2-4fed-9254-c7cf08d1e5f9 at term 1 for becomeLeader, leader elected after 5197ms
2019-08-27 08:32:46,224 [c179a657-9165-49fe-9ad6-e054b9d56145:group-29C44B8D7A45:LeaderElection73] INFO  impl.RaftServerImpl (ServerState.java:setLeader(263)) - c179a657-9165-49fe-9ad6-e054b9d56145:group-29C44B8D7A45 change Leader from null to c179a657-9165-49fe-9ad6-e054b9d56145 at term 1 for becomeLeader, leader elected after 5064ms
2019-08-27 08:32:46,224 [47cde36c-9fa2-4fed-9254-c7cf08d1e5f9:group-DE93308FFF82:LeaderElection74] INFO  server.RaftServerConfigKeys (ConfUtils.java:logGet(43)) - raft.server.staging.catchup.gap = 1000 (default)
2019-08-27 08:32:46,224 [c179a657-9165-49fe-9ad6-e054b9d56145:group-29C44B8D7A45:LeaderElection73] INFO  server.RaftServerConfigKeys (ConfUtils.java:logGet(43)) - raft.server.staging.catchup.gap = 1000 (default)
2019-08-27 08:32:46,224 [47cde36c-9fa2-4fed-9254-c7cf08d1e5f9:group-DE93308FFF82:LeaderElection74] INFO  server.RaftServerConfigKeys (ConfUtils.java:logGet(43)) - raft.server.rpc.sleep.time = 25ms (default)
2019-08-27 08:32:46,224 [c179a657-9165-49fe-9ad6-e054b9d56145:group-29C44B8D7A45:LeaderElection73] INFO  server.RaftServerConfigKeys (ConfUtils.java:logGet(43)) - raft.server.rpc.sleep.time = 25ms (default)
2019-08-27 08:32:46,224 [47cde36c-9fa2-4fed-9254-c7cf08d1e5f9:group-DE93308FFF82:LeaderElection74] INFO  server.RaftServerConfigKeys (ConfUtils.java:logGet(43)) - raft.server.write.element-limit = 4096 (default)
2019-08-27 08:32:46,224 [c179a657-9165-49fe-9ad6-e054b9d56145:group-29C44B8D7A45:LeaderElection73] INFO  server.RaftServerConfigKeys (ConfUtils.java:logGet(43)) - raft.server.write.element-limit = 4096 (default)
2019-08-27 08:32:46,225 [47cde36c-9fa2-4fed-9254-c7cf08d1e5f9:group-DE93308FFF82:LeaderElection74] INFO  server.RaftServerConfigKeys (ConfUtils.java:logGet(43)) - raft.server.watch.timeout = 10s (default)
2019-08-27 08:32:46,225 [c179a657-9165-49fe-9ad6-e054b9d56145:group-29C44B8D7A45:LeaderElection73] INFO  server.RaftServerConfigKeys (ConfUtils.java:logGet(43)) - raft.server.watch.timeout = 10s (default)
2019-08-27 08:32:46,225 [47cde36c-9fa2-4fed-9254-c7cf08d1e5f9:group-DE93308FFF82:LeaderElection74] INFO  server.RaftServerConfigKeys (ConfUtils.java:logGet(43)) - raft.server.watch.timeout.denomination = 1s (default)
2019-08-27 08:32:46,225 [c179a657-9165-49fe-9ad6-e054b9d56145:group-29C44B8D7A45:LeaderElection73] INFO  server.RaftServerConfigKeys (ConfUtils.java:logGet(43)) - raft.server.watch.timeout.denomination = 1s (default)
2019-08-27 08:32:46,225 [47cde36c-9fa2-4fed-9254-c7cf08d1e5f9:group-DE93308FFF82:LeaderElection74] INFO  server.RaftServerConfigKeys (ConfUtils.java:logGet(43)) - raft.server.watch.element-limit = 65536 (default)
2019-08-27 08:32:46,225 [c179a657-9165-49fe-9ad6-e054b9d56145:group-29C44B8D7A45:LeaderElection73] INFO  server.RaftServerConfigKeys (ConfUtils.java:logGet(43)) - raft.server.watch.element-limit = 65536 (default)
2019-08-27 08:32:46,225 [47cde36c-9fa2-4fed-9254-c7cf08d1e5f9:group-DE93308FFF82:LeaderElection74] INFO  impl.RoleInfo (RoleInfo.java:updateAndGet(143)) - 47cde36c-9fa2-4fed-9254-c7cf08d1e5f9: start LeaderState
2019-08-27 08:32:46,225 [c179a657-9165-49fe-9ad6-e054b9d56145:group-29C44B8D7A45:LeaderElection73] INFO  server.RaftServerConfigKeys (ConfUtils.java:logGet(43)) - raft.server.log.appender.snapshot.chunk.size.max = 16MB (=16777216) (default)
2019-08-27 08:32:46,226 [47cde36c-9fa2-4fed-9254-c7cf08d1e5f9:group-DE93308FFF82:LeaderElection74] INFO  segmented.SegmentedRaftLogWorker (SegmentedRaftLogWorker.java:startLogSegment(380)) - 47cde36c-9fa2-4fed-9254-c7cf08d1e5f9-SegmentedRaftLogWorker:Storage Directory /workdir/hadoop-ozone/integration-test/target/test-dir/MiniOzoneClusterImpl-d49177c5-c9c6-4953-9114-88aa1897b70a/datanode-4/data/ratis/fec4b651-4d37-436a-8fbe-de93308fff82: Starting segment from index:0
2019-08-27 08:32:46,226 [c179a657-9165-49fe-9ad6-e054b9d56145:group-29C44B8D7A45:LeaderElection73] INFO  server.RaftServerConfigKeys (ConfUtils.java:logGet(43)) - raft.server.log.appender.buffer.byte-limit = 33554432 (custom)
2019-08-27 08:32:46,226 [c179a657-9165-49fe-9ad6-e054b9d56145:group-29C44B8D7A45:LeaderElection73] INFO  server.RaftServerConfigKeys (ConfUtils.java:logGet(43)) - raft.server.log.appender.buffer.element-limit = 1 (custom)
2019-08-27 08:32:46,226 [c179a657-9165-49fe-9ad6-e054b9d56145:group-29C44B8D7A45:LeaderElection73] INFO  grpc.GrpcConfigKeys$Server (ConfUtils.java:logGet(43)) - raft.grpc.server.leader.outstanding.appends.max = 128 (default)
2019-08-27 08:32:46,226 [47cde36c-9fa2-4fed-9254-c7cf08d1e5f9:group-DE93308FFF82:LeaderElection74] INFO  impl.RaftServerImpl (ServerState.java:setRaftConf(361)) - 47cde36c-9fa2-4fed-9254-c7cf08d1e5f9:group-DE93308FFF82 set configuration 0: [47cde36c-9fa2-4fed-9254-c7cf08d1e5f9:192.168.36.77:44491], old=null at 0
2019-08-27 08:32:46,226 [c179a657-9165-49fe-9ad6-e054b9d56145:group-29C44B8D7A45:LeaderElection73] INFO  server.RaftServerConfigKeys (ConfUtils.java:logGet(43)) - raft.server.rpc.request.timeout = 3000ms (default)
2019-08-27 08:32:46,264 [c179a657-9165-49fe-9ad6-e054b9d56145:group-29C44B8D7A45:LeaderElection73] INFO  server.RaftServerConfigKeys (ConfUtils.java:logGet(43)) - raft.server.log.appender.install.snapshot.enabled = false (custom)
2019-08-27 08:32:46,264 [c179a657-9165-49fe-9ad6-e054b9d56145:group-29C44B8D7A45:LeaderElection73] INFO  server.RaftServerConfigKeys (ConfUtils.java:logGet(43)) - raft.server.log.appender.snapshot.chunk.size.max = 16MB (=16777216) (default)
2019-08-27 08:32:46,264 [c179a657-9165-49fe-9ad6-e054b9d56145:group-29C44B8D7A45:LeaderElection73] INFO  server.RaftServerConfigKeys (ConfUtils.java:logGet(43)) - raft.server.log.appender.buffer.byte-limit = 33554432 (custom)
2019-08-27 08:32:46,265 [c179a657-9165-49fe-9ad6-e054b9d56145:group-29C44B8D7A45:LeaderElection73] INFO  server.RaftServerConfigKeys (ConfUtils.java:logGet(43)) - raft.server.log.appender.buffer.element-limit = 1 (custom)
2019-08-27 08:32:46,265 [c179a657-9165-49fe-9ad6-e054b9d56145:group-29C44B8D7A45:LeaderElection73] INFO  grpc.GrpcConfigKeys$Server (ConfUtils.java:logGet(43)) - raft.grpc.server.leader.outstanding.appends.max = 128 (default)
2019-08-27 08:32:46,265 [c179a657-9165-49fe-9ad6-e054b9d56145:group-29C44B8D7A45:LeaderElection73] INFO  server.RaftServerConfigKeys (ConfUtils.java:logGet(43)) - raft.server.rpc.request.timeout = 3000ms (default)
2019-08-27 08:32:46,265 [c179a657-9165-49fe-9ad6-e054b9d56145:group-29C44B8D7A45:LeaderElection73] INFO  server.RaftServerConfigKeys (ConfUtils.java:logGet(43)) - raft.server.log.appender.install.snapshot.enabled = false (custom)
2019-08-27 08:32:46,265 [c179a657-9165-49fe-9ad6-e054b9d56145:group-29C44B8D7A45:LeaderElection73] INFO  impl.RoleInfo (RoleInfo.java:updateAndGet(143)) - c179a657-9165-49fe-9ad6-e054b9d56145: start LeaderState
2019-08-27 08:32:46,265 [c179a657-9165-49fe-9ad6-e054b9d56145:group-29C44B8D7A45:LeaderElection73] INFO  segmented.SegmentedRaftLogWorker (SegmentedRaftLogWorker.java:startLogSegment(380)) - c179a657-9165-49fe-9ad6-e054b9d56145-SegmentedRaftLogWorker:Storage Directory /workdir/hadoop-ozone/integration-test/target/test-dir/MiniOzoneClusterImpl-d49177c5-c9c6-4953-9114-88aa1897b70a/datanode-5/data/ratis/b216247c-4632-4696-aea6-29c44b8d7a45: Starting segment from index:0
2019-08-27 08:32:46,266 [c179a657-9165-49fe-9ad6-e054b9d56145:group-29C44B8D7A45:LeaderElection73] INFO  impl.RaftServerImpl (ServerState.java:setRaftConf(361)) - c179a657-9165-49fe-9ad6-e054b9d56145:group-29C44B8D7A45 set configuration 0: [47cde36c-9fa2-4fed-9254-c7cf08d1e5f9:192.168.36.77:44491, 345d10c5-4a03-4a5c-baf7-3e40504e58a5:192.168.36.77:44664, c179a657-9165-49fe-9ad6-e054b9d56145:192.168.36.77:45949], old=null at 0
2019-08-27 08:32:46,295 [47cde36c-9fa2-4fed-9254-c7cf08d1e5f9-SegmentedRaftLogWorker:Storage Directory /workdir/hadoop-ozone/integration-test/target/test-dir/MiniOzoneClusterImpl-d49177c5-c9c6-4953-9114-88aa1897b70a/datanode-4/data/ratis/fec4b651-4d37-436a-8fbe-de93308fff82] INFO  segmented.SegmentedRaftLogWorker (SegmentedRaftLogWorker.java:execute(569)) - 47cde36c-9fa2-4fed-9254-c7cf08d1e5f9-SegmentedRaftLogWorker:Storage Directory /workdir/hadoop-ozone/integration-test/target/test-dir/MiniOzoneClusterImpl-d49177c5-c9c6-4953-9114-88aa1897b70a/datanode-4/data/ratis/fec4b651-4d37-436a-8fbe-de93308fff82: created new log segment /workdir/hadoop-ozone/integration-test/target/test-dir/MiniOzoneClusterImpl-d49177c5-c9c6-4953-9114-88aa1897b70a/datanode-4/data/ratis/fec4b651-4d37-436a-8fbe-de93308fff82/current/log_inprogress_0
2019-08-27 08:32:46,295 [Thread-3562] INFO  impl.FollowerState (FollowerState.java:run(106)) - c179a657-9165-49fe-9ad6-e054b9d56145:group-4FFE973BE4B0 changes to CANDIDATE, lastRpcTime:5211, electionTimeout:5184ms
2019-08-27 08:32:46,296 [Thread-3562] INFO  impl.RoleInfo (RoleInfo.java:shutdownFollowerState(121)) - c179a657-9165-49fe-9ad6-e054b9d56145: shutdown FollowerState
2019-08-27 08:32:46,298 [Thread-3562] INFO  impl.RaftServerImpl (RaftServerImpl.java:setRole(171)) - c179a657-9165-49fe-9ad6-e054b9d56145:group-4FFE973BE4B0 changes role from FOLLOWER to CANDIDATE at term 0 for changeToCandidate
2019-08-27 08:32:46,299 [Thread-3562] INFO  impl.RoleInfo (RoleInfo.java:updateAndGet(143)) - c179a657-9165-49fe-9ad6-e054b9d56145: start LeaderElection
2019-08-27 08:32:46,303 [grpc-default-executor-5] INFO  impl.RaftServerImpl (ServerState.java:setLeader(263)) - 47cde36c-9fa2-4fed-9254-c7cf08d1e5f9:group-29C44B8D7A45 change Leader from null to c179a657-9165-49fe-9ad6-e054b9d56145 at term 1 for appendEntries, leader elected after 5144ms
2019-08-27 08:32:46,304 [grpc-default-executor-10] INFO  impl.RaftServerImpl (ServerState.java:setLeader(263)) - 345d10c5-4a03-4a5c-baf7-3e40504e58a5:group-29C44B8D7A45 change Leader from null to c179a657-9165-49fe-9ad6-e054b9d56145 at term 1 for appendEntries, leader elected after 5144ms
2019-08-27 08:32:46,307 [grpc-default-executor-10] INFO  client.GrpcClientProtocolClient (GrpcClientProtocolClient.java:onNext(255)) - client-8CB5748F5A3B->345d10c5-4a03-4a5c-baf7-3e40504e58a5: receive RaftClientReply:client-8CB5748F5A3B->345d10c5-4a03-4a5c-baf7-3e40504e58a5@group-29C44B8D7A45, cid=182, FAILED org.apache.ratis.protocol.NotLeaderException: Server 345d10c5-4a03-4a5c-baf7-3e40504e58a5 is not the leader (null). Request must be sent to leader., logIndex=0, commits[345d10c5-4a03-4a5c-baf7-3e40504e58a5:c-1]
2019-08-27 08:32:46,310 [c179a657-9165-49fe-9ad6-e054b9d56145-SegmentedRaftLogWorker:Storage Directory /workdir/hadoop-ozone/integration-test/target/test-dir/MiniOzoneClusterImpl-d49177c5-c9c6-4953-9114-88aa1897b70a/datanode-5/data/ratis/b216247c-4632-4696-aea6-29c44b8d7a45] INFO  segmented.SegmentedRaftLogWorker (SegmentedRaftLogWorker.java:execute(569)) - c179a657-9165-49fe-9ad6-e054b9d56145-SegmentedRaftLogWorker:Storage Directory /workdir/hadoop-ozone/integration-test/target/test-dir/MiniOzoneClusterImpl-d49177c5-c9c6-4953-9114-88aa1897b70a/datanode-5/data/ratis/b216247c-4632-4696-aea6-29c44b8d7a45: created new log segment /workdir/hadoop-ozone/integration-test/target/test-dir/MiniOzoneClusterImpl-d49177c5-c9c6-4953-9114-88aa1897b70a/datanode-5/data/ratis/b216247c-4632-4696-aea6-29c44b8d7a45/current/log_inprogress_0
2019-08-27 08:32:46,310 [c179a657-9165-49fe-9ad6-e054b9d56145:group-4FFE973BE4B0:LeaderElection75] INFO  impl.LeaderElection (LeaderElection.java:askForVotes(181)) - c179a657-9165-49fe-9ad6-e054b9d56145:group-4FFE973BE4B0:LeaderElection75: begin an election at term 1 for -1: [c179a657-9165-49fe-9ad6-e054b9d56145:192.168.36.77:45949], old=null
2019-08-27 08:32:46,310 [grpc-default-executor-5] INFO  impl.RaftServerImpl (ServerState.java:setRaftConf(361)) - 47cde36c-9fa2-4fed-9254-c7cf08d1e5f9:group-29C44B8D7A45 set configuration 0: [47cde36c-9fa2-4fed-9254-c7cf08d1e5f9:192.168.36.77:44491, 345d10c5-4a03-4a5c-baf7-3e40504e58a5:192.168.36.77:44664, c179a657-9165-49fe-9ad6-e054b9d56145:192.168.36.77:45949], old=null at 0
2019-08-27 08:32:46,310 [c179a657-9165-49fe-9ad6-e054b9d56145:group-4FFE973BE4B0:LeaderElection75] INFO  impl.RoleInfo (RoleInfo.java:shutdownLeaderElection(134)) - c179a657-9165-49fe-9ad6-e054b9d56145: shutdown LeaderElection
2019-08-27 08:32:46,310 [grpc-default-executor-5] INFO  segmented.SegmentedRaftLogWorker (SegmentedRaftLogWorker.java:startLogSegment(380)) - 47cde36c-9fa2-4fed-9254-c7cf08d1e5f9-SegmentedRaftLogWorker:Storage Directory /workdir/hadoop-ozone/integration-test/target/test-dir/MiniOzoneClusterImpl-d49177c5-c9c6-4953-9114-88aa1897b70a/datanode-4/data/ratis/b216247c-4632-4696-aea6-29c44b8d7a45: Starting segment from index:0
2019-08-27 08:32:46,310 [c179a657-9165-49fe-9ad6-e054b9d56145:group-4FFE973BE4B0:LeaderElection75] INFO  impl.RaftServerImpl (RaftServerImpl.java:setRole(171)) - c179a657-9165-49fe-9ad6-e054b9d56145:group-4FFE973BE4B0 changes role from CANDIDATE to LEADER at term 1 for changeToLeader
2019-08-27 08:32:46,311 [grpc-default-executor-9] INFO  impl.RaftServerImpl (ServerState.java:setRaftConf(361)) - 345d10c5-4a03-4a5c-baf7-3e40504e58a5:group-29C44B8D7A45 set configuration 0: [47cde36c-9fa2-4fed-9254-c7cf08d1e5f9:192.168.36.77:44491, 345d10c5-4a03-4a5c-baf7-3e40504e58a5:192.168.36.77:44664, c179a657-9165-49fe-9ad6-e054b9d56145:192.168.36.77:45949], old=null at 0
2019-08-27 08:32:46,311 [c179a657-9165-49fe-9ad6-e054b9d56145:group-4FFE973BE4B0:LeaderElection75] INFO  impl.RaftServerImpl (ServerState.java:setLeader(263)) - c179a657-9165-49fe-9ad6-e054b9d56145:group-4FFE973BE4B0 change Leader from null to c179a657-9165-49fe-9ad6-e054b9d56145 at term 1 for becomeLeader, leader elected after 5230ms
2019-08-27 08:32:46,311 [grpc-default-executor-9] INFO  segmented.SegmentedRaftLogWorker (SegmentedRaftLogWorker.java:startLogSegment(380)) - 345d10c5-4a03-4a5c-baf7-3e40504e58a5-SegmentedRaftLogWorker:Storage Directory /workdir/hadoop-ozone/integration-test/target/test-dir/MiniOzoneClusterImpl-d49177c5-c9c6-4953-9114-88aa1897b70a/datanode-3/data/ratis/b216247c-4632-4696-aea6-29c44b8d7a45: Starting segment from index:0
2019-08-27 08:32:46,311 [c179a657-9165-49fe-9ad6-e054b9d56145:group-4FFE973BE4B0:LeaderElection75] INFO  server.RaftServerConfigKeys (ConfUtils.java:logGet(43)) - raft.server.staging.catchup.gap = 1000 (default)
2019-08-27 08:32:46,311 [c179a657-9165-49fe-9ad6-e054b9d56145:group-4FFE973BE4B0:LeaderElection75] INFO  server.RaftServerConfigKeys (ConfUtils.java:logGet(43)) - raft.server.rpc.sleep.time = 25ms (default)
2019-08-27 08:32:46,312 [c179a657-9165-49fe-9ad6-e054b9d56145:group-4FFE973BE4B0:LeaderElection75] INFO  server.RaftServerConfigKeys (ConfUtils.java:logGet(43)) - raft.server.write.element-limit = 4096 (default)
2019-08-27 08:32:46,312 [c179a657-9165-49fe-9ad6-e054b9d56145:group-4FFE973BE4B0:LeaderElection75] INFO  server.RaftServerConfigKeys (ConfUtils.java:logGet(43)) - raft.server.watch.timeout = 10s (default)
2019-08-27 08:32:46,312 [c179a657-9165-49fe-9ad6-e054b9d56145:group-4FFE973BE4B0:LeaderElection75] INFO  server.RaftServerConfigKeys (ConfUtils.java:logGet(43)) - raft.server.watch.timeout.denomination = 1s (default)
2019-08-27 08:32:46,312 [c179a657-9165-49fe-9ad6-e054b9d56145:group-4FFE973BE4B0:LeaderElection75] INFO  server.RaftServerConfigKeys (ConfUtils.java:logGet(43)) - raft.server.watch.element-limit = 65536 (default)
2019-08-27 08:32:46,312 [c179a657-9165-49fe-9ad6-e054b9d56145:group-4FFE973BE4B0:LeaderElection75] INFO  impl.RoleInfo (RoleInfo.java:updateAndGet(143)) - c179a657-9165-49fe-9ad6-e054b9d56145: start LeaderState
2019-08-27 08:32:46,312 [c179a657-9165-49fe-9ad6-e054b9d56145:group-4FFE973BE4B0:LeaderElection75] INFO  segmented.SegmentedRaftLogWorker (SegmentedRaftLogWorker.java:startLogSegment(380)) - c179a657-9165-49fe-9ad6-e054b9d56145-SegmentedRaftLogWorker:Storage Directory /workdir/hadoop-ozone/integration-test/target/test-dir/MiniOzoneClusterImpl-d49177c5-c9c6-4953-9114-88aa1897b70a/datanode-5/data/ratis/7eef33df-def5-464e-bff0-4ffe973be4b0: Starting segment from index:0
2019-08-27 08:32:46,313 [c179a657-9165-49fe-9ad6-e054b9d56145:group-4FFE973BE4B0:LeaderElection75] INFO  impl.RaftServerImpl (ServerState.java:setRaftConf(361)) - c179a657-9165-49fe-9ad6-e054b9d56145:group-4FFE973BE4B0 set configuration 0: [c179a657-9165-49fe-9ad6-e054b9d56145:192.168.36.77:45949], old=null at 0
2019-08-27 08:32:46,364 [47cde36c-9fa2-4fed-9254-c7cf08d1e5f9-SegmentedRaftLogWorker:Storage Directory /workdir/hadoop-ozone/integration-test/target/test-dir/MiniOzoneClusterImpl-d49177c5-c9c6-4953-9114-88aa1897b70a/datanode-4/data/ratis/b216247c-4632-4696-aea6-29c44b8d7a45] INFO  segmented.SegmentedRaftLogWorker (SegmentedRaftLogWorker.java:execute(569)) - 47cde36c-9fa2-4fed-9254-c7cf08d1e5f9-SegmentedRaftLogWorker:Storage Directory /workdir/hadoop-ozone/integration-test/target/test-dir/MiniOzoneClusterImpl-d49177c5-c9c6-4953-9114-88aa1897b70a/datanode-4/data/ratis/b216247c-4632-4696-aea6-29c44b8d7a45: created new log segment /workdir/hadoop-ozone/integration-test/target/test-dir/MiniOzoneClusterImpl-d49177c5-c9c6-4953-9114-88aa1897b70a/datanode-4/data/ratis/b216247c-4632-4696-aea6-29c44b8d7a45/current/log_inprogress_0
2019-08-27 08:32:46,364 [c179a657-9165-49fe-9ad6-e054b9d56145-SegmentedRaftLogWorker:Storage Directory /workdir/hadoop-ozone/integration-test/target/test-dir/MiniOzoneClusterImpl-d49177c5-c9c6-4953-9114-88aa1897b70a/datanode-5/data/ratis/7eef33df-def5-464e-bff0-4ffe973be4b0] INFO  segmented.SegmentedRaftLogWorker (SegmentedRaftLogWorker.java:execute(569)) - c179a657-9165-49fe-9ad6-e054b9d56145-SegmentedRaftLogWorker:Storage Directory /workdir/hadoop-ozone/integration-test/target/test-dir/MiniOzoneClusterImpl-d49177c5-c9c6-4953-9114-88aa1897b70a/datanode-5/data/ratis/7eef33df-def5-464e-bff0-4ffe973be4b0: created new log segment /workdir/hadoop-ozone/integration-test/target/test-dir/MiniOzoneClusterImpl-d49177c5-c9c6-4953-9114-88aa1897b70a/datanode-5/data/ratis/7eef33df-def5-464e-bff0-4ffe973be4b0/current/log_inprogress_0
2019-08-27 08:32:46,364 [345d10c5-4a03-4a5c-baf7-3e40504e58a5-SegmentedRaftLogWorker:Storage Directory /workdir/hadoop-ozone/integration-test/target/test-dir/MiniOzoneClusterImpl-d49177c5-c9c6-4953-9114-88aa1897b70a/datanode-3/data/ratis/b216247c-4632-4696-aea6-29c44b8d7a45] INFO  segmented.SegmentedRaftLogWorker (SegmentedRaftLogWorker.java:execute(569)) - 345d10c5-4a03-4a5c-baf7-3e40504e58a5-SegmentedRaftLogWorker:Storage Directory /workdir/hadoop-ozone/integration-test/target/test-dir/MiniOzoneClusterImpl-d49177c5-c9c6-4953-9114-88aa1897b70a/datanode-3/data/ratis/b216247c-4632-4696-aea6-29c44b8d7a45: created new log segment /workdir/hadoop-ozone/integration-test/target/test-dir/MiniOzoneClusterImpl-d49177c5-c9c6-4953-9114-88aa1897b70a/datanode-3/data/ratis/b216247c-4632-4696-aea6-29c44b8d7a45/current/log_inprogress_0
2019-08-27 08:32:46,596 | INFO  | SCMAudit | user=jenkins1000 | ip=192.168.36.77 | op=SEND_HEARTBEAT {datanodeUUID=a7415c16-3934-426f-880c-bd70b649961c, command=[]} | ret=SUCCESS |  
2019-08-27 08:32:46,691 | INFO  | SCMAudit | user=jenkins1000 | ip=192.168.36.77 | op=SEND_HEARTBEAT {datanodeUUID=50c0ab61-1758-43d2-a587-5cb94a3c81fe, command=[]} | ret=SUCCESS |  
2019-08-27 08:32:46,780 | INFO  | SCMAudit | user=jenkins1000 | ip=192.168.36.77 | op=SEND_HEARTBEAT {datanodeUUID=0d19c57b-e104-4f48-977d-bd1ef2c3206a, command=[]} | ret=SUCCESS |  
2019-08-27 08:32:46,869 | INFO  | SCMAudit | user=jenkins1000 | ip=192.168.36.77 | op=SEND_HEARTBEAT {datanodeUUID=345d10c5-4a03-4a5c-baf7-3e40504e58a5, command=[]} | ret=SUCCESS |  
2019-08-27 08:32:46,941 | INFO  | SCMAudit | user=jenkins1000 | ip=192.168.36.77 | op=SEND_HEARTBEAT {datanodeUUID=47cde36c-9fa2-4fed-9254-c7cf08d1e5f9, command=[]} | ret=SUCCESS |  
2019-08-27 08:32:47,015 | INFO  | SCMAudit | user=jenkins1000 | ip=192.168.36.77 | op=SEND_HEARTBEAT {datanodeUUID=c179a657-9165-49fe-9ad6-e054b9d56145, command=[]} | ret=SUCCESS |  
2019-08-27 08:32:47,118 | INFO  | SCMAudit | user=jenkins1000 | ip=192.168.36.77 | op=SEND_HEARTBEAT {datanodeUUID=54ae50f6-2c43-44f1-944a-6e503a426641, command=[]} | ret=SUCCESS |  
2019-08-27 08:32:47,455 | INFO  | DNAudit | user=null | ip=null | op=WRITE_CHUNK {blockData=conID: 1 locID: 102688015133179918 bcsId: 0} | ret=SUCCESS |  
2019-08-27 08:32:47,455 | INFO  | DNAudit | user=null | ip=null | op=WRITE_CHUNK {blockData=conID: 1 locID: 102688015133179918 bcsId: 0} | ret=SUCCESS |  
2019-08-27 08:32:47,455 | INFO  | DNAudit | user=null | ip=null | op=WRITE_CHUNK {blockData=conID: 1 locID: 102688015133179918 bcsId: 0} | ret=SUCCESS |  
2019-08-27 08:32:47,455 | INFO  | SCMAudit | user=jenkins1000 | ip=192.168.36.77 | op=SEND_HEARTBEAT {datanodeUUID=c179a657-9165-49fe-9ad6-e054b9d56145, command=[]} | ret=SUCCESS |  
2019-08-27 08:32:47,455 | INFO  | SCMAudit | user=jenkins1000 | ip=192.168.36.77 | op=SEND_HEARTBEAT {datanodeUUID=47cde36c-9fa2-4fed-9254-c7cf08d1e5f9, command=[]} | ret=SUCCESS |  
2019-08-27 08:32:47,455 | INFO  | SCMAudit | user=jenkins1000 | ip=192.168.36.77 | op=SEND_HEARTBEAT {datanodeUUID=345d10c5-4a03-4a5c-baf7-3e40504e58a5, command=[]} | ret=SUCCESS |  
2019-08-27 08:32:47,470 | INFO  | DNAudit | user=null | ip=null | op=WRITE_CHUNK {blockData=conID: 1 locID: 102688015133179918 bcsId: 0} | ret=SUCCESS |  
2019-08-27 08:32:47,474 [grpc-default-executor-9] INFO  client.GrpcClientProtocolClient (GrpcClientProtocolClient.java:onNext(255)) - client-8CB5748F5A3B->c179a657-9165-49fe-9ad6-e054b9d56145: receive RaftClientReply:client-8CB5748F5A3B->c179a657-9165-49fe-9ad6-e054b9d56145@group-29C44B8D7A45, cid=182, SUCCESS, logIndex=1, commits[c179a657-9165-49fe-9ad6-e054b9d56145:c1, 47cde36c-9fa2-4fed-9254-c7cf08d1e5f9:c0, 345d10c5-4a03-4a5c-baf7-3e40504e58a5:c0]
2019-08-27 08:32:47,479 | INFO  | DNAudit | user=null | ip=null | op=WRITE_CHUNK {blockData=conID: 1 locID: 102688015133179918 bcsId: 0} | ret=SUCCESS |  
2019-08-27 08:32:47,480 | INFO  | DNAudit | user=null | ip=null | op=WRITE_CHUNK {blockData=conID: 1 locID: 102688015133179918 bcsId: 0} | ret=SUCCESS |  
2019-08-27 08:32:47,481 | INFO  | DNAudit | user=null | ip=null | op=WRITE_CHUNK {blockData=conID: 1 locID: 102688015133179918 bcsId: 0} | ret=SUCCESS |  
2019-08-27 08:32:47,481 | INFO  | DNAudit | user=null | ip=null | op=WRITE_CHUNK {blockData=conID: 1 locID: 102688015133179918 bcsId: 0} | ret=SUCCESS |  
2019-08-27 08:32:47,482 | INFO  | DNAudit | user=null | ip=null | op=WRITE_CHUNK {blockData=conID: 1 locID: 102688015133179918 bcsId: 0} | ret=SUCCESS |  
2019-08-27 08:32:47,482 | INFO  | DNAudit | user=null | ip=null | op=WRITE_CHUNK {blockData=conID: 1 locID: 102688015133179918 bcsId: 0} | ret=SUCCESS |  
2019-08-27 08:32:47,483 | INFO  | DNAudit | user=null | ip=null | op=WRITE_CHUNK {blockData=conID: 1 locID: 102688015133179918 bcsId: 0} | ret=SUCCESS |  
2019-08-27 08:32:47,483 | INFO  | DNAudit | user=null | ip=null | op=WRITE_CHUNK {blockData=conID: 1 locID: 102688015133179918 bcsId: 0} | ret=SUCCESS |  
2019-08-27 08:32:47,484 | INFO  | DNAudit | user=null | ip=null | op=WRITE_CHUNK {blockData=conID: 1 locID: 102688015133179918 bcsId: 0} | ret=SUCCESS |  
2019-08-27 08:32:47,484 | INFO  | DNAudit | user=null | ip=null | op=WRITE_CHUNK {blockData=conID: 1 locID: 102688015133179918 bcsId: 0} | ret=SUCCESS |  
2019-08-27 08:32:47,485 | INFO  | DNAudit | user=null | ip=null | op=WRITE_CHUNK {blockData=conID: 1 locID: 102688015133179918 bcsId: 0} | ret=SUCCESS |  
2019-08-27 08:32:47,486 | INFO  | DNAudit | user=null | ip=null | op=WRITE_CHUNK {blockData=conID: 1 locID: 102688015133179918 bcsId: 0} | ret=SUCCESS |  
2019-08-27 08:32:47,490 [grpc-default-executor-9] INFO  client.GrpcClientProtocolClient (GrpcClientProtocolClient.java:onNext(255)) - client-8CB5748F5A3B->c179a657-9165-49fe-9ad6-e054b9d56145: receive RaftClientReply:client-8CB5748F5A3B->c179a657-9165-49fe-9ad6-e054b9d56145@group-29C44B8D7A45, cid=183, SUCCESS, logIndex=3, commits[c179a657-9165-49fe-9ad6-e054b9d56145:c4, 47cde36c-9fa2-4fed-9254-c7cf08d1e5f9:c1, 345d10c5-4a03-4a5c-baf7-3e40504e58a5:c1]
2019-08-27 08:32:47,516 | INFO  | DNAudit | user=null | ip=null | op=WRITE_CHUNK {blockData=conID: 1 locID: 102688015133179918 bcsId: 0} | ret=SUCCESS |  
2019-08-27 08:32:47,516 | INFO  | DNAudit | user=null | ip=null | op=WRITE_CHUNK {blockData=conID: 1 locID: 102688015133179918 bcsId: 0} | ret=SUCCESS |  
2019-08-27 08:32:47,547 | INFO  | DNAudit | user=null | ip=null | op=PUT_BLOCK {blockData=[blockId=conID: 1 locID: 102688015133179918 bcsId: 0,size=200]} | ret=SUCCESS |  
2019-08-27 08:32:47,548 | INFO  | DNAudit | user=null | ip=null | op=WRITE_CHUNK {blockData=conID: 1 locID: 102688015133179918 bcsId: 0} | ret=SUCCESS |  
2019-08-27 08:32:47,549 | INFO  | DNAudit | user=null | ip=null | op=WRITE_CHUNK {blockData=conID: 1 locID: 102688015133179918 bcsId: 0} | ret=SUCCESS |  
2019-08-27 08:32:47,549 [grpc-default-executor-10] INFO  client.GrpcClientProtocolClient (GrpcClientProtocolClient.java:onNext(255)) - client-8CB5748F5A3B->c179a657-9165-49fe-9ad6-e054b9d56145: receive RaftClientReply:client-8CB5748F5A3B->c179a657-9165-49fe-9ad6-e054b9d56145@group-29C44B8D7A45, cid=184, SUCCESS, logIndex=4, commits[c179a657-9165-49fe-9ad6-e054b9d56145:c12, 47cde36c-9fa2-4fed-9254-c7cf08d1e5f9:c7, 345d10c5-4a03-4a5c-baf7-3e40504e58a5:c7]
2019-08-27 08:32:47,550 [grpc-default-executor-10] INFO  client.GrpcClientProtocolClient (GrpcClientProtocolClient.java:onNext(255)) - client-8CB5748F5A3B->c179a657-9165-49fe-9ad6-e054b9d56145: receive RaftClientReply:client-8CB5748F5A3B->c179a657-9165-49fe-9ad6-e054b9d56145@group-29C44B8D7A45, cid=185, SUCCESS, logIndex=5, commits[c179a657-9165-49fe-9ad6-e054b9d56145:c12, 47cde36c-9fa2-4fed-9254-c7cf08d1e5f9:c7, 345d10c5-4a03-4a5c-baf7-3e40504e58a5:c7]
2019-08-27 08:32:47,550 [grpc-default-executor-10] INFO  client.GrpcClientProtocolClient (GrpcClientProtocolClient.java:onNext(255)) - client-8CB5748F5A3B->c179a657-9165-49fe-9ad6-e054b9d56145: receive RaftClientReply:client-8CB5748F5A3B->c179a657-9165-49fe-9ad6-e054b9d56145@group-29C44B8D7A45, cid=186, SUCCESS, logIndex=6, commits[c179a657-9165-49fe-9ad6-e054b9d56145:c12, 47cde36c-9fa2-4fed-9254-c7cf08d1e5f9:c7, 345d10c5-4a03-4a5c-baf7-3e40504e58a5:c7]
2019-08-27 08:32:47,595 | INFO  | SCMAudit | user=jenkins1000 | ip=192.168.36.77 | op=SEND_HEARTBEAT {datanodeUUID=a7415c16-3934-426f-880c-bd70b649961c, command=[]} | ret=SUCCESS |  
2019-08-27 08:32:47,606 | INFO  | DNAudit | user=null | ip=null | op=PUT_BLOCK {blockData=[blockId=conID: 1 locID: 102688015133179918 bcsId: 0,size=200]} | ret=SUCCESS |  
2019-08-27 08:32:47,606 | INFO  | DNAudit | user=null | ip=null | op=WRITE_CHUNK {blockData=conID: 1 locID: 102688015133179918 bcsId: 0} | ret=SUCCESS |  
2019-08-27 08:32:47,607 | INFO  | DNAudit | user=null | ip=null | op=WRITE_CHUNK {blockData=conID: 1 locID: 102688015133179918 bcsId: 0} | ret=SUCCESS |  
2019-08-27 08:32:47,665 | INFO  | DNAudit | user=null | ip=null | op=PUT_BLOCK {blockData=[blockId=conID: 1 locID: 102688015133179918 bcsId: 0,size=400]} | ret=SUCCESS |  
2019-08-27 08:32:47,665 | INFO  | DNAudit | user=null | ip=null | op=PUT_BLOCK {blockData=[blockId=conID: 1 locID: 102688015133179918 bcsId: 0,size=200]} | ret=SUCCESS |  
2019-08-27 08:32:47,666 | INFO  | DNAudit | user=null | ip=null | op=PUT_BLOCK {blockData=[blockId=conID: 1 locID: 102688015133179918 bcsId: 0,size=400]} | ret=SUCCESS |  
2019-08-27 08:32:47,666 | INFO  | DNAudit | user=null | ip=null | op=WRITE_CHUNK {blockData=conID: 1 locID: 102688015133179918 bcsId: 0} | ret=SUCCESS |  
2019-08-27 08:32:47,667 | INFO  | DNAudit | user=null | ip=null | op=WRITE_CHUNK {blockData=conID: 1 locID: 102688015133179918 bcsId: 0} | ret=SUCCESS |  
2019-08-27 08:32:47,667 [grpc-default-executor-10] INFO  client.GrpcClientProtocolClient (GrpcClientProtocolClient.java:onNext(255)) - client-8CB5748F5A3B->c179a657-9165-49fe-9ad6-e054b9d56145: receive RaftClientReply:client-8CB5748F5A3B->c179a657-9165-49fe-9ad6-e054b9d56145@group-29C44B8D7A45, cid=187, SUCCESS, logIndex=7, commits[c179a657-9165-49fe-9ad6-e054b9d56145:c12, 47cde36c-9fa2-4fed-9254-c7cf08d1e5f9:c7, 345d10c5-4a03-4a5c-baf7-3e40504e58a5:c7]
2019-08-27 08:32:47,667 | INFO  | DNAudit | user=null | ip=null | op=PUT_BLOCK {blockData=[blockId=conID: 1 locID: 102688015133179918 bcsId: 0,size=400]} | ret=SUCCESS |  
2019-08-27 08:32:47,681 | INFO  | DNAudit | user=null | ip=null | op=WRITE_CHUNK {blockData=conID: 1 locID: 102688015133179918 bcsId: 7} | ret=SUCCESS |  
2019-08-27 08:32:47,682 | INFO  | DNAudit | user=null | ip=null | op=WRITE_CHUNK {blockData=conID: 1 locID: 102688015133179918 bcsId: 7} | ret=SUCCESS |  
2019-08-27 08:32:47,682 | INFO  | DNAudit | user=null | ip=null | op=WRITE_CHUNK {blockData=conID: 1 locID: 102688015133179918 bcsId: 7} | ret=SUCCESS |  
2019-08-27 08:32:47,690 | INFO  | SCMAudit | user=jenkins1000 | ip=192.168.36.77 | op=SEND_HEARTBEAT {datanodeUUID=50c0ab61-1758-43d2-a587-5cb94a3c81fe, command=[]} | ret=SUCCESS |  
2019-08-27 08:32:47,694 | INFO  | DNAudit | user=null | ip=null | op=WRITE_CHUNK {blockData=conID: 1 locID: 102688015133179918 bcsId: 7} | ret=SUCCESS |  
2019-08-27 08:32:47,700 [grpc-default-executor-10] INFO  client.GrpcClientProtocolClient (GrpcClientProtocolClient.java:onNext(255)) - client-8CB5748F5A3B->c179a657-9165-49fe-9ad6-e054b9d56145: receive RaftClientReply:client-8CB5748F5A3B->c179a657-9165-49fe-9ad6-e054b9d56145@group-29C44B8D7A45, cid=188, SUCCESS, logIndex=13, commits[c179a657-9165-49fe-9ad6-e054b9d56145:c14, 47cde36c-9fa2-4fed-9254-c7cf08d1e5f9:c12, 345d10c5-4a03-4a5c-baf7-3e40504e58a5:c12]
2019-08-27 08:32:47,701 | INFO  | DNAudit | user=null | ip=null | op=PUT_BLOCK {blockData=[blockId=conID: 1 locID: 102688015133179918 bcsId: 0,size=450]} | ret=SUCCESS |  
2019-08-27 08:32:47,702 [grpc-default-executor-10] INFO  client.GrpcClientProtocolClient (GrpcClientProtocolClient.java:onNext(255)) - client-8CB5748F5A3B->c179a657-9165-49fe-9ad6-e054b9d56145: receive RaftClientReply:client-8CB5748F5A3B->c179a657-9165-49fe-9ad6-e054b9d56145@group-29C44B8D7A45, cid=189, SUCCESS, logIndex=14, commits[c179a657-9165-49fe-9ad6-e054b9d56145:c14, 47cde36c-9fa2-4fed-9254-c7cf08d1e5f9:c12, 345d10c5-4a03-4a5c-baf7-3e40504e58a5:c12]
2019-08-27 08:32:47,706 | INFO  | DNAudit | user=null | ip=null | op=WRITE_CHUNK {blockData=conID: 1 locID: 102688015133179918 bcsId: 7} | ret=SUCCESS |  
2019-08-27 08:32:47,706 | INFO  | DNAudit | user=null | ip=null | op=WRITE_CHUNK {blockData=conID: 1 locID: 102688015133179918 bcsId: 7} | ret=SUCCESS |  
2019-08-27 08:32:47,711 | INFO  | DNAudit | user=null | ip=null | op=PUT_BLOCK {blockData=[blockId=conID: 1 locID: 102688015133179918 bcsId: 0,size=450]} | ret=SUCCESS |  
2019-08-27 08:32:47,712 | INFO  | DNAudit | user=null | ip=null | op=PUT_BLOCK {blockData=[blockId=conID: 1 locID: 102688015133179918 bcsId: 0,size=450]} | ret=SUCCESS |  
2019-08-27 08:32:47,714 [grpc-default-executor-10] INFO  client.GrpcClientProtocolClient (GrpcClientProtocolClient.java:onNext(255)) - client-8CB5748F5A3B->c179a657-9165-49fe-9ad6-e054b9d56145: receive RaftClientReply:client-8CB5748F5A3B->c179a657-9165-49fe-9ad6-e054b9d56145@group-29C44B8D7A45, cid=190, SUCCESS, logIndex=0, commits[c179a657-9165-49fe-9ad6-e054b9d56145:c15, 47cde36c-9fa2-4fed-9254-c7cf08d1e5f9:c14, 345d10c5-4a03-4a5c-baf7-3e40504e58a5:c14]
2019-08-27 08:32:47,780 | INFO  | SCMAudit | user=jenkins1000 | ip=192.168.36.77 | op=SEND_HEARTBEAT {datanodeUUID=0d19c57b-e104-4f48-977d-bd1ef2c3206a, command=[]} | ret=SUCCESS |  
2019-08-27 08:32:48,118 | INFO  | SCMAudit | user=jenkins1000 | ip=192.168.36.77 | op=SEND_HEARTBEAT {datanodeUUID=54ae50f6-2c43-44f1-944a-6e503a426641, command=[]} | ret=SUCCESS |  
2019-08-27 08:32:48,454 [Datanode State Machine Thread - 0] INFO  statemachine.DatanodeStateMachine (DatanodeStateMachine.java:lambda$startDaemon$0(350)) - Ozone container server started.
2019-08-27 08:32:48,455 | INFO  | SCMAudit | user=jenkins1000 | ip=192.168.36.77 | op=SEND_HEARTBEAT {datanodeUUID=345d10c5-4a03-4a5c-baf7-3e40504e58a5, command=[]} | ret=SUCCESS |  
2019-08-27 08:32:48,455 | INFO  | SCMAudit | user=jenkins1000 | ip=192.168.36.77 | op=SEND_HEARTBEAT {datanodeUUID=47cde36c-9fa2-4fed-9254-c7cf08d1e5f9, command=[]} | ret=SUCCESS |  
2019-08-27 08:32:48,596 | INFO  | SCMAudit | user=jenkins1000 | ip=192.168.36.77 | op=SEND_HEARTBEAT {datanodeUUID=a7415c16-3934-426f-880c-bd70b649961c, command=[]} | ret=SUCCESS |  
2019-08-27 08:32:48,691 | INFO  | SCMAudit | user=jenkins1000 | ip=192.168.36.77 | op=SEND_HEARTBEAT {datanodeUUID=50c0ab61-1758-43d2-a587-5cb94a3c81fe, command=[]} | ret=SUCCESS |  
2019-08-27 08:32:48,780 | INFO  | SCMAudit | user=jenkins1000 | ip=192.168.36.77 | op=SEND_HEARTBEAT {datanodeUUID=0d19c57b-e104-4f48-977d-bd1ef2c3206a, command=[]} | ret=SUCCESS |  
2019-08-27 08:32:49,118 | INFO  | SCMAudit | user=jenkins1000 | ip=192.168.36.77 | op=SEND_HEARTBEAT {datanodeUUID=54ae50f6-2c43-44f1-944a-6e503a426641, command=[]} | ret=SUCCESS |  
2019-08-27 08:32:49,455 | INFO  | SCMAudit | user=jenkins1000 | ip=192.168.36.77 | op=SEND_HEARTBEAT {datanodeUUID=47cde36c-9fa2-4fed-9254-c7cf08d1e5f9, command=[]} | ret=SUCCESS |  
2019-08-27 08:32:49,455 | INFO  | SCMAudit | user=jenkins1000 | ip=192.168.36.77 | op=SEND_HEARTBEAT {datanodeUUID=345d10c5-4a03-4a5c-baf7-3e40504e58a5, command=[]} | ret=SUCCESS |  
2019-08-27 08:32:49,595 | INFO  | SCMAudit | user=jenkins1000 | ip=192.168.36.77 | op=SEND_HEARTBEAT {datanodeUUID=a7415c16-3934-426f-880c-bd70b649961c, command=[]} | ret=SUCCESS |  
2019-08-27 08:32:49,691 | INFO  | SCMAudit | user=jenkins1000 | ip=192.168.36.77 | op=SEND_HEARTBEAT {datanodeUUID=50c0ab61-1758-43d2-a587-5cb94a3c81fe, command=[]} | ret=SUCCESS |  
2019-08-27 08:32:49,779 | INFO  | SCMAudit | user=jenkins1000 | ip=192.168.36.77 | op=SEND_HEARTBEAT {datanodeUUID=0d19c57b-e104-4f48-977d-bd1ef2c3206a, command=[]} | ret=SUCCESS |  
2019-08-27 08:32:50,118 | INFO  | SCMAudit | user=jenkins1000 | ip=192.168.36.77 | op=SEND_HEARTBEAT {datanodeUUID=54ae50f6-2c43-44f1-944a-6e503a426641, command=[]} | ret=SUCCESS |  
2019-08-27 08:32:50,454 | INFO  | SCMAudit | user=jenkins1000 | ip=192.168.36.77 | op=SEND_HEARTBEAT {datanodeUUID=345d10c5-4a03-4a5c-baf7-3e40504e58a5, command=[]} | ret=SUCCESS |  
2019-08-27 08:32:50,454 | INFO  | SCMAudit | user=jenkins1000 | ip=192.168.36.77 | op=SEND_HEARTBEAT {datanodeUUID=47cde36c-9fa2-4fed-9254-c7cf08d1e5f9, command=[]} | ret=SUCCESS |  
2019-08-27 08:32:50,596 | INFO  | SCMAudit | user=jenkins1000 | ip=192.168.36.77 | op=SEND_HEARTBEAT {datanodeUUID=a7415c16-3934-426f-880c-bd70b649961c, command=[]} | ret=SUCCESS |  
2019-08-27 08:32:50,692 | INFO  | SCMAudit | user=jenkins1000 | ip=192.168.36.77 | op=SEND_HEARTBEAT {datanodeUUID=50c0ab61-1758-43d2-a587-5cb94a3c81fe, command=[]} | ret=SUCCESS |  
2019-08-27 08:32:50,780 | INFO  | SCMAudit | user=jenkins1000 | ip=192.168.36.77 | op=SEND_HEARTBEAT {datanodeUUID=0d19c57b-e104-4f48-977d-bd1ef2c3206a, command=[]} | ret=SUCCESS |  
2019-08-27 08:32:51,119 | INFO  | SCMAudit | user=jenkins1000 | ip=192.168.36.77 | op=SEND_HEARTBEAT {datanodeUUID=54ae50f6-2c43-44f1-944a-6e503a426641, command=[]} | ret=SUCCESS |  
2019-08-27 08:32:51,455 | INFO  | SCMAudit | user=jenkins1000 | ip=192.168.36.77 | op=SEND_HEARTBEAT {datanodeUUID=345d10c5-4a03-4a5c-baf7-3e40504e58a5, command=[]} | ret=SUCCESS |  
2019-08-27 08:32:51,455 | INFO  | SCMAudit | user=jenkins1000 | ip=192.168.36.77 | op=SEND_HEARTBEAT {datanodeUUID=47cde36c-9fa2-4fed-9254-c7cf08d1e5f9, command=[]} | ret=SUCCESS |  
2019-08-27 08:32:51,595 | INFO  | SCMAudit | user=jenkins1000 | ip=192.168.36.77 | op=SEND_HEARTBEAT {datanodeUUID=a7415c16-3934-426f-880c-bd70b649961c, command=[]} | ret=SUCCESS |  
2019-08-27 08:32:51,693 | INFO  | SCMAudit | user=jenkins1000 | ip=192.168.36.77 | op=SEND_HEARTBEAT {datanodeUUID=50c0ab61-1758-43d2-a587-5cb94a3c81fe, command=[]} | ret=SUCCESS |  
2019-08-27 08:32:51,780 | INFO  | SCMAudit | user=jenkins1000 | ip=192.168.36.77 | op=SEND_HEARTBEAT {datanodeUUID=0d19c57b-e104-4f48-977d-bd1ef2c3206a, command=[]} | ret=SUCCESS |  
2019-08-27 08:32:52,119 | INFO  | SCMAudit | user=jenkins1000 | ip=192.168.36.77 | op=SEND_HEARTBEAT {datanodeUUID=54ae50f6-2c43-44f1-944a-6e503a426641, command=[]} | ret=SUCCESS |  
2019-08-27 08:32:52,454 | INFO  | SCMAudit | user=jenkins1000 | ip=192.168.36.77 | op=SEND_HEARTBEAT {datanodeUUID=47cde36c-9fa2-4fed-9254-c7cf08d1e5f9, command=[]} | ret=SUCCESS |  
2019-08-27 08:32:52,454 | INFO  | SCMAudit | user=jenkins1000 | ip=192.168.36.77 | op=SEND_HEARTBEAT {datanodeUUID=345d10c5-4a03-4a5c-baf7-3e40504e58a5, command=[]} | ret=SUCCESS |  
2019-08-27 08:32:52,477 [EventQueue-StaleNodeForStaleNodeHandler] INFO  node.StaleNodeHandler (StaleNodeHandler.java:onMessage(58)) - Datanode c179a657-9165-49fe-9ad6-e054b9d56145{ip: 192.168.36.77, host: pr-hdds-738-64p2z-3138789487, networkLocation: /default-rack, certSerialId: null} moved to stale state. Finalizing its pipelines [PipelineID=b216247c-4632-4696-aea6-29c44b8d7a45, PipelineID=7eef33df-def5-464e-bff0-4ffe973be4b0]
2019-08-27 08:32:52,477 [EventQueue-StaleNodeForStaleNodeHandler] INFO  pipeline.SCMPipelineManager (SCMPipelineManager.java:finalizeAndDestroyPipeline(309)) - destroying pipeline:Pipeline[ Id: b216247c-4632-4696-aea6-29c44b8d7a45, Nodes: c179a657-9165-49fe-9ad6-e054b9d56145{ip: 192.168.36.77, host: pr-hdds-738-64p2z-3138789487, networkLocation: /default-rack, certSerialId: null}345d10c5-4a03-4a5c-baf7-3e40504e58a5{ip: 192.168.36.77, host: pr-hdds-738-64p2z-3138789487, networkLocation: /default-rack, certSerialId: null}47cde36c-9fa2-4fed-9254-c7cf08d1e5f9{ip: 192.168.36.77, host: pr-hdds-738-64p2z-3138789487, networkLocation: /default-rack, certSerialId: null}, Type:RATIS, Factor:THREE, State:OPEN]
2019-08-27 08:32:52,478 [EventQueue-StaleNodeForStaleNodeHandler] INFO  pipeline.PipelineStateManager (PipelineStateManager.java:finalizePipeline(123)) - Pipeline Pipeline[ Id: b216247c-4632-4696-aea6-29c44b8d7a45, Nodes: c179a657-9165-49fe-9ad6-e054b9d56145{ip: 192.168.36.77, host: pr-hdds-738-64p2z-3138789487, networkLocation: /default-rack, certSerialId: null}345d10c5-4a03-4a5c-baf7-3e40504e58a5{ip: 192.168.36.77, host: pr-hdds-738-64p2z-3138789487, networkLocation: /default-rack, certSerialId: null}47cde36c-9fa2-4fed-9254-c7cf08d1e5f9{ip: 192.168.36.77, host: pr-hdds-738-64p2z-3138789487, networkLocation: /default-rack, certSerialId: null}, Type:RATIS, Factor:THREE, State:CLOSED] moved to CLOSED state
2019-08-27 08:32:52,479 [EventQueue-CloseContainerForCloseContainerEventHandler] INFO  container.CloseContainerEventHandler (CloseContainerEventHandler.java:onMessage(61)) - Close container Event triggered for container : #1
2019-08-27 08:32:52,479 [EventQueue-StaleNodeForStaleNodeHandler] INFO  pipeline.SCMPipelineManager (SCMPipelineManager.java:finalizeAndDestroyPipeline(309)) - destroying pipeline:Pipeline[ Id: 7eef33df-def5-464e-bff0-4ffe973be4b0, Nodes: c179a657-9165-49fe-9ad6-e054b9d56145{ip: 192.168.36.77, host: pr-hdds-738-64p2z-3138789487, networkLocation: /default-rack, certSerialId: null}, Type:RATIS, Factor:ONE, State:OPEN]
2019-08-27 08:32:52,479 [EventQueue-StaleNodeForStaleNodeHandler] INFO  pipeline.PipelineStateManager (PipelineStateManager.java:finalizePipeline(123)) - Pipeline Pipeline[ Id: 7eef33df-def5-464e-bff0-4ffe973be4b0, Nodes: c179a657-9165-49fe-9ad6-e054b9d56145{ip: 192.168.36.77, host: pr-hdds-738-64p2z-3138789487, networkLocation: /default-rack, certSerialId: null}, Type:RATIS, Factor:ONE, State:CLOSED] moved to CLOSED state
2019-08-27 08:32:52,596 | INFO  | SCMAudit | user=jenkins1000 | ip=192.168.36.77 | op=SEND_HEARTBEAT {datanodeUUID=a7415c16-3934-426f-880c-bd70b649961c, command=[]} | ret=SUCCESS |  
2019-08-27 08:32:52,693 | INFO  | SCMAudit | user=jenkins1000 | ip=192.168.36.77 | op=SEND_HEARTBEAT {datanodeUUID=50c0ab61-1758-43d2-a587-5cb94a3c81fe, command=[]} | ret=SUCCESS |  
2019-08-27 08:32:52,716 [main] INFO  ozoneimpl.OzoneContainer (OzoneContainer.java:stop(199)) - Attempting to stop container services.
2019-08-27 08:32:52,717 [main] INFO  impl.RaftServerProxy (RaftServerProxy.java:lambda$close$4(314)) - c179a657-9165-49fe-9ad6-e054b9d56145: close
2019-08-27 08:32:52,718 [main] INFO  impl.RaftServerImpl (RaftServerImpl.java:lambda$shutdown$3(245)) - c179a657-9165-49fe-9ad6-e054b9d56145: shutdown group-29C44B8D7A45
2019-08-27 08:32:52,718 [ForkJoinPool.commonPool-worker-1] INFO  impl.RaftServerImpl (RaftServerImpl.java:lambda$shutdown$3(245)) - c179a657-9165-49fe-9ad6-e054b9d56145: shutdown group-4FFE973BE4B0
2019-08-27 08:32:52,719 [main] INFO  util.JmxRegister (JmxRegister.java:unregister(73)) - Successfully un-registered JMX Bean with object name Ratis:service=RaftServer,group=group-29C44B8D7A45,id=c179a657-9165-49fe-9ad6-e054b9d56145
2019-08-27 08:32:52,719 [ForkJoinPool.commonPool-worker-1] INFO  util.JmxRegister (JmxRegister.java:unregister(73)) - Successfully un-registered JMX Bean with object name Ratis:service=RaftServer,group=group-4FFE973BE4B0,id=c179a657-9165-49fe-9ad6-e054b9d56145
2019-08-27 08:32:52,719 [main] INFO  impl.RoleInfo (RoleInfo.java:shutdownLeaderState(104)) - c179a657-9165-49fe-9ad6-e054b9d56145: shutdown LeaderState
2019-08-27 08:32:52,720 [ForkJoinPool.commonPool-worker-1] INFO  impl.RoleInfo (RoleInfo.java:shutdownLeaderState(104)) - c179a657-9165-49fe-9ad6-e054b9d56145: shutdown LeaderState
2019-08-27 08:32:52,729 [org.apache.ratis.server.impl.LogAppender$AppenderDaemon$$Lambda$511/1850064077@3657d906] WARN  server.GrpcLogAppender (GrpcLogAppender.java:mayWait(143)) - GrpcLogAppender(c179a657-9165-49fe-9ad6-e054b9d56145->345d10c5-4a03-4a5c-baf7-3e40504e58a5): Wait interrupted by java.lang.InterruptedException
2019-08-27 08:32:52,729 [main] INFO  impl.PendingRequests (PendingRequests.java:sendNotLeaderResponses(202)) - c179a657-9165-49fe-9ad6-e054b9d56145-PendingRequests: sendNotLeaderResponses
2019-08-27 08:32:52,729 [ForkJoinPool.commonPool-worker-1] INFO  impl.PendingRequests (PendingRequests.java:sendNotLeaderResponses(202)) - c179a657-9165-49fe-9ad6-e054b9d56145-PendingRequests: sendNotLeaderResponses
2019-08-27 08:32:52,729 [org.apache.ratis.server.impl.LogAppender$AppenderDaemon$$Lambda$511/1850064077@73555908] WARN  server.GrpcLogAppender (GrpcLogAppender.java:mayWait(143)) - GrpcLogAppender(c179a657-9165-49fe-9ad6-e054b9d56145->47cde36c-9fa2-4fed-9254-c7cf08d1e5f9): Wait interrupted by java.lang.InterruptedException
2019-08-27 08:32:52,734 [ForkJoinPool.commonPool-worker-1] INFO  impl.StateMachineUpdater (StateMachineUpdater.java:stopAndJoin(115)) - StateMachineUpdater:c179a657-9165-49fe-9ad6-e054b9d56145:group-4FFE973BE4B0: set stopIndex = 0
2019-08-27 08:32:52,734 [ForkJoinPool.commonPool-worker-1] INFO  impl.RaftServerImpl (ServerState.java:close(394)) - c179a657-9165-49fe-9ad6-e054b9d56145:group-4FFE973BE4B0 closes. The last applied log index is 0
2019-08-27 08:32:52,734 [main] INFO  impl.StateMachineUpdater (StateMachineUpdater.java:stopAndJoin(115)) - StateMachineUpdater:c179a657-9165-49fe-9ad6-e054b9d56145:group-29C44B8D7A45: set stopIndex = 16
2019-08-27 08:32:52,730 [grpc-default-executor-9] INFO  server.GrpcServerProtocolService (GrpcServerProtocolService.java:onCompleted(104)) - 345d10c5-4a03-4a5c-baf7-3e40504e58a5: appendEntries completed
2019-08-27 08:32:52,735 [grpc-default-executor-10] INFO  server.GrpcServerProtocolService (GrpcServerProtocolService.java:onCompleted(104)) - 47cde36c-9fa2-4fed-9254-c7cf08d1e5f9: appendEntries completed
2019-08-27 08:32:52,735 [c179a657-9165-49fe-9ad6-e054b9d56145-SegmentedRaftLogWorker:Storage Directory /workdir/hadoop-ozone/integration-test/target/test-dir/MiniOzoneClusterImpl-d49177c5-c9c6-4953-9114-88aa1897b70a/datanode-5/data/ratis/7eef33df-def5-464e-bff0-4ffe973be4b0] INFO  segmented.SegmentedRaftLogWorker (SegmentedRaftLogWorker.java:run(313)) - c179a657-9165-49fe-9ad6-e054b9d56145-SegmentedRaftLogWorker:Storage Directory /workdir/hadoop-ozone/integration-test/target/test-dir/MiniOzoneClusterImpl-d49177c5-c9c6-4953-9114-88aa1897b70a/datanode-5/data/ratis/7eef33df-def5-464e-bff0-4ffe973be4b0 was interrupted, exiting. There are 0 tasks remaining in the queue.
2019-08-27 08:32:52,736 [grpc-default-executor-10] INFO  server.GrpcLogAppender (GrpcLogAppender.java:onCompleted(292)) - c179a657-9165-49fe-9ad6-e054b9d56145->345d10c5-4a03-4a5c-baf7-3e40504e58a5: follower responses appendEntries COMPLETED
2019-08-27 08:32:52,739 [ForkJoinPool.commonPool-worker-1] INFO  segmented.SegmentedRaftLogWorker (SegmentedRaftLogWorker.java:close(228)) - c179a657-9165-49fe-9ad6-e054b9d56145-SegmentedRaftLogWorker:Storage Directory /workdir/hadoop-ozone/integration-test/target/test-dir/MiniOzoneClusterImpl-d49177c5-c9c6-4953-9114-88aa1897b70a/datanode-5/data/ratis/7eef33df-def5-464e-bff0-4ffe973be4b0 close()
2019-08-27 08:32:52,734 [StateMachineUpdater:c179a657-9165-49fe-9ad6-e054b9d56145:group-29C44B8D7A45] INFO  ratis.ContainerStateMachine (ContainerStateMachine.java:takeSnapshot(283)) - group-29C44B8D7A45: Taking a snapshot at:(t:1, i:14) file /workdir/hadoop-ozone/integration-test/target/test-dir/MiniOzoneClusterImpl-d49177c5-c9c6-4953-9114-88aa1897b70a/datanode-5/data/ratis/b216247c-4632-4696-aea6-29c44b8d7a45/sm/snapshot.1_14
2019-08-27 08:32:52,739 [grpc-default-executor-10] INFO  impl.FollowerInfo (FollowerInfo.java:lambda$new$0(50)) - c179a657-9165-49fe-9ad6-e054b9d56145->345d10c5-4a03-4a5c-baf7-3e40504e58a5: nextIndex: updateUnconditionally 17 -> 16
2019-08-27 08:32:52,739 [grpc-default-executor-9] INFO  server.GrpcLogAppender (GrpcLogAppender.java:onCompleted(292)) - c179a657-9165-49fe-9ad6-e054b9d56145->47cde36c-9fa2-4fed-9254-c7cf08d1e5f9: follower responses appendEntries COMPLETED
2019-08-27 08:32:52,745 [grpc-default-executor-9] INFO  impl.FollowerInfo (FollowerInfo.java:lambda$new$0(50)) - c179a657-9165-49fe-9ad6-e054b9d56145->47cde36c-9fa2-4fed-9254-c7cf08d1e5f9: nextIndex: updateUnconditionally 17 -> 16
2019-08-27 08:32:52,753 [StateMachineUpdater:c179a657-9165-49fe-9ad6-e054b9d56145:group-29C44B8D7A45] INFO  ratis.ContainerStateMachine (ContainerStateMachine.java:takeSnapshot(294)) - group-29C44B8D7A45: Finished taking a snapshot at:(t:1, i:14) file:/workdir/hadoop-ozone/integration-test/target/test-dir/MiniOzoneClusterImpl-d49177c5-c9c6-4953-9114-88aa1897b70a/datanode-5/data/ratis/b216247c-4632-4696-aea6-29c44b8d7a45/sm/snapshot.1_14 time:19
2019-08-27 08:32:52,753 [StateMachineUpdater:c179a657-9165-49fe-9ad6-e054b9d56145:group-29C44B8D7A45] INFO  impl.StateMachineUpdater (StateMachineUpdater.java:takeSnapshot(242)) - StateMachineUpdater:c179a657-9165-49fe-9ad6-e054b9d56145:group-29C44B8D7A45: Took a snapshot at index 14
2019-08-27 08:32:52,753 [StateMachineUpdater:c179a657-9165-49fe-9ad6-e054b9d56145:group-29C44B8D7A45] INFO  impl.StateMachineUpdater (StateMachineUpdater.java:lambda$new$0(80)) - StateMachineUpdater:c179a657-9165-49fe-9ad6-e054b9d56145:group-29C44B8D7A45: snapshotIndex: updateIncreasingly -1 -> 14
2019-08-27 08:32:52,754 [main] INFO  impl.RaftServerImpl (ServerState.java:close(394)) - c179a657-9165-49fe-9ad6-e054b9d56145:group-29C44B8D7A45 closes. The last applied log index is 16
2019-08-27 08:32:52,755 [c179a657-9165-49fe-9ad6-e054b9d56145-SegmentedRaftLogWorker:Storage Directory /workdir/hadoop-ozone/integration-test/target/test-dir/MiniOzoneClusterImpl-d49177c5-c9c6-4953-9114-88aa1897b70a/datanode-5/data/ratis/b216247c-4632-4696-aea6-29c44b8d7a45] INFO  segmented.SegmentedRaftLogWorker (SegmentedRaftLogWorker.java:run(313)) - c179a657-9165-49fe-9ad6-e054b9d56145-SegmentedRaftLogWorker:Storage Directory /workdir/hadoop-ozone/integration-test/target/test-dir/MiniOzoneClusterImpl-d49177c5-c9c6-4953-9114-88aa1897b70a/datanode-5/data/ratis/b216247c-4632-4696-aea6-29c44b8d7a45 was interrupted, exiting. There are 0 tasks remaining in the queue.
2019-08-27 08:32:52,757 [main] INFO  segmented.SegmentedRaftLogWorker (SegmentedRaftLogWorker.java:close(228)) - c179a657-9165-49fe-9ad6-e054b9d56145-SegmentedRaftLogWorker:Storage Directory /workdir/hadoop-ozone/integration-test/target/test-dir/MiniOzoneClusterImpl-d49177c5-c9c6-4953-9114-88aa1897b70a/datanode-5/data/ratis/b216247c-4632-4696-aea6-29c44b8d7a45 close()
2019-08-27 08:32:52,762 [main] INFO  server.GrpcService (GrpcService.java:closeImpl(155)) - c179a657-9165-49fe-9ad6-e054b9d56145: shutdown server with port 45949 now
2019-08-27 08:32:52,763 [grpc-default-executor-10] WARN  client.GrpcClientProtocolService (LogUtils.java:warn(134)) - 3-UnorderedRequestStreamObserver3: onError: org.apache.ratis.thirdparty.io.grpc.StatusRuntimeException: CANCELLED: cancelled before receiving half close
2019-08-27 08:32:52,763 [main] INFO  server.GrpcService (GrpcService.java:closeImpl(163)) - c179a657-9165-49fe-9ad6-e054b9d56145: shutdown server with port 45949 successfully
2019-08-27 08:32:52,765 [main] INFO  utils.BackgroundService (BackgroundService.java:shutdown(148)) - Shutting down service BlockDeletingService
2019-08-27 08:32:52,767 [refreshUsed-/workdir/hadoop-ozone/integration-test/target/test-dir/MiniOzoneClusterImpl-d49177c5-c9c6-4953-9114-88aa1897b70a/datanode-5/data/containers] WARN  fs.CachingGetSpaceUsed (CachingGetSpaceUsed.java:run(183)) - Thread Interrupted waiting to refresh disk information: sleep interrupted
2019-08-27 08:32:52,780 | INFO  | SCMAudit | user=jenkins1000 | ip=192.168.36.77 | op=SEND_HEARTBEAT {datanodeUUID=0d19c57b-e104-4f48-977d-bd1ef2c3206a, command=[]} | ret=SUCCESS |  
2019-08-27 08:32:52,793 [main] INFO  statemachine.DatanodeStateMachine (DatanodeStateMachine.java:stopDaemon(395)) - Ozone container server stopped.
2019-08-27 08:32:52,795 [main] INFO  handler.ContextHandler (ContextHandler.java:doStop(910)) - Stopped o.e.j.w.WebAppContext@49491770{/,null,UNAVAILABLE}{/hddsDatanode}
2019-08-27 08:32:52,796 [main] INFO  server.AbstractConnector (AbstractConnector.java:doStop(318)) - Stopped ServerConnector@5bec3e0{HTTP/1.1,[http/1.1]}{0.0.0.0:0}
2019-08-27 08:32:52,797 [main] INFO  handler.ContextHandler (ContextHandler.java:doStop(910)) - Stopped o.e.j.s.ServletContextHandler@489110c2{/static,jar:file:/home/user/.m2/repository/org/apache/hadoop/hadoop-hdds-container-service/0.5.0-SNAPSHOT/hadoop-hdds-container-service-0.5.0-SNAPSHOT.jar!/webapps/static,UNAVAILABLE}
2019-08-27 08:32:52,797 [main] INFO  handler.ContextHandler (ContextHandler.java:doStop(910)) - Stopped o.e.j.s.ServletContextHandler@3cc9632d{/logs,file:///workdir/hadoop-ozone/integration-test/target/log,UNAVAILABLE}
2019-08-27 08:32:53,118 | INFO  | SCMAudit | user=jenkins1000 | ip=192.168.36.77 | op=SEND_HEARTBEAT {datanodeUUID=54ae50f6-2c43-44f1-944a-6e503a426641, command=[]} | ret=SUCCESS |  
2019-08-27 08:32:53,456 | INFO  | SCMAudit | user=jenkins1000 | ip=192.168.36.77 | op=SEND_HEARTBEAT {datanodeUUID=345d10c5-4a03-4a5c-baf7-3e40504e58a5, command=[commandType: closeContainerCommand closeContainerCommandProto { containerID: 1 pipelineID { id: "b216247c-4632-4696-aea6-29c44b8d7a45" } cmdId: 1 force: false } ]} | ret=SUCCESS |  
2019-08-27 08:32:53,456 | INFO  | SCMAudit | user=jenkins1000 | ip=192.168.36.77 | op=SEND_HEARTBEAT {datanodeUUID=47cde36c-9fa2-4fed-9254-c7cf08d1e5f9, command=[commandType: closeContainerCommand closeContainerCommandProto { containerID: 1 pipelineID { id: "b216247c-4632-4696-aea6-29c44b8d7a45" } cmdId: 1 force: false } ]} | ret=SUCCESS |  
2019-08-27 08:32:53,596 | INFO  | SCMAudit | user=jenkins1000 | ip=192.168.36.77 | op=SEND_HEARTBEAT {datanodeUUID=a7415c16-3934-426f-880c-bd70b649961c, command=[]} | ret=SUCCESS |  
2019-08-27 08:32:53,693 | INFO  | SCMAudit | user=jenkins1000 | ip=192.168.36.77 | op=SEND_HEARTBEAT {datanodeUUID=50c0ab61-1758-43d2-a587-5cb94a3c81fe, command=[]} | ret=SUCCESS |  
2019-08-27 08:32:53,780 | INFO  | SCMAudit | user=jenkins1000 | ip=192.168.36.77 | op=SEND_HEARTBEAT {datanodeUUID=0d19c57b-e104-4f48-977d-bd1ef2c3206a, command=[]} | ret=SUCCESS |  
2019-08-27 08:32:54,119 | INFO  | SCMAudit | user=jenkins1000 | ip=192.168.36.77 | op=SEND_HEARTBEAT {datanodeUUID=54ae50f6-2c43-44f1-944a-6e503a426641, command=[]} | ret=SUCCESS |  
2019-08-27 08:32:54,454 | INFO  | SCMAudit | user=jenkins1000 | ip=192.168.36.77 | op=SEND_HEARTBEAT {datanodeUUID=47cde36c-9fa2-4fed-9254-c7cf08d1e5f9, command=[]} | ret=SUCCESS |  
2019-08-27 08:32:54,454 | INFO  | SCMAudit | user=jenkins1000 | ip=192.168.36.77 | op=SEND_HEARTBEAT {datanodeUUID=345d10c5-4a03-4a5c-baf7-3e40504e58a5, command=[]} | ret=SUCCESS |  
2019-08-27 08:32:54,595 | INFO  | SCMAudit | user=jenkins1000 | ip=192.168.36.77 | op=SEND_HEARTBEAT {datanodeUUID=a7415c16-3934-426f-880c-bd70b649961c, command=[]} | ret=SUCCESS |  
2019-08-27 08:32:54,693 | INFO  | SCMAudit | user=jenkins1000 | ip=192.168.36.77 | op=SEND_HEARTBEAT {datanodeUUID=50c0ab61-1758-43d2-a587-5cb94a3c81fe, command=[]} | ret=SUCCESS |  
2019-08-27 08:32:54,781 | INFO  | SCMAudit | user=jenkins1000 | ip=192.168.36.77 | op=SEND_HEARTBEAT {datanodeUUID=0d19c57b-e104-4f48-977d-bd1ef2c3206a, command=[]} | ret=SUCCESS |  
2019-08-27 08:32:54,811 [grpc-default-executor-9] INFO  client.GrpcClientProtocolClient (GrpcClientProtocolClient.java:onNext(255)) - client-8CB5748F5A3B->47cde36c-9fa2-4fed-9254-c7cf08d1e5f9: receive RaftClientReply:client-8CB5748F5A3B->47cde36c-9fa2-4fed-9254-c7cf08d1e5f9@group-29C44B8D7A45, cid=191, FAILED org.apache.ratis.protocol.NotLeaderException: Server 47cde36c-9fa2-4fed-9254-c7cf08d1e5f9 is not the leader (c179a657-9165-49fe-9ad6-e054b9d56145:192.168.36.77:45949). Request must be sent to leader., logIndex=0, commits[47cde36c-9fa2-4fed-9254-c7cf08d1e5f9:c16, 345d10c5-4a03-4a5c-baf7-3e40504e58a5:c16, c179a657-9165-49fe-9ad6-e054b9d56145:c16]
2019-08-27 08:32:55,120 | INFO  | SCMAudit | user=jenkins1000 | ip=192.168.36.77 | op=SEND_HEARTBEAT {datanodeUUID=54ae50f6-2c43-44f1-944a-6e503a426641, command=[]} | ret=SUCCESS |  
2019-08-27 08:32:55,455 | INFO  | SCMAudit | user=jenkins1000 | ip=192.168.36.77 | op=SEND_HEARTBEAT {datanodeUUID=345d10c5-4a03-4a5c-baf7-3e40504e58a5, command=[]} | ret=SUCCESS |  
2019-08-27 08:32:55,455 | INFO  | SCMAudit | user=jenkins1000 | ip=192.168.36.77 | op=SEND_HEARTBEAT {datanodeUUID=47cde36c-9fa2-4fed-9254-c7cf08d1e5f9, command=[]} | ret=SUCCESS |  
2019-08-27 08:32:55,472 | INFO  | SCMAudit | user=jenkins1000 | ip=192.168.36.77 | op=SEND_HEARTBEAT {datanodeUUID=345d10c5-4a03-4a5c-baf7-3e40504e58a5, command=[]} | ret=SUCCESS |  
2019-08-27 08:32:55,472 | INFO  | SCMAudit | user=jenkins1000 | ip=192.168.36.77 | op=SEND_HEARTBEAT {datanodeUUID=47cde36c-9fa2-4fed-9254-c7cf08d1e5f9, command=[]} | ret=SUCCESS |  
2019-08-27 08:32:55,595 | INFO  | SCMAudit | user=jenkins1000 | ip=192.168.36.77 | op=SEND_HEARTBEAT {datanodeUUID=a7415c16-3934-426f-880c-bd70b649961c, command=[]} | ret=SUCCESS |  
2019-08-27 08:32:55,693 | INFO  | SCMAudit | user=jenkins1000 | ip=192.168.36.77 | op=SEND_HEARTBEAT {datanodeUUID=50c0ab61-1758-43d2-a587-5cb94a3c81fe, command=[]} | ret=SUCCESS |  
2019-08-27 08:32:55,781 | INFO  | SCMAudit | user=jenkins1000 | ip=192.168.36.77 | op=SEND_HEARTBEAT {datanodeUUID=0d19c57b-e104-4f48-977d-bd1ef2c3206a, command=[]} | ret=SUCCESS |  
2019-08-27 08:32:55,831 [grpc-default-executor-5] INFO  client.GrpcClientProtocolClient (GrpcClientProtocolClient.java:onNext(255)) - client-8CB5748F5A3B->345d10c5-4a03-4a5c-baf7-3e40504e58a5: receive RaftClientReply:client-8CB5748F5A3B->345d10c5-4a03-4a5c-baf7-3e40504e58a5@group-29C44B8D7A45, cid=191, FAILED org.apache.ratis.protocol.NotLeaderException: Server 345d10c5-4a03-4a5c-baf7-3e40504e58a5 is not the leader (c179a657-9165-49fe-9ad6-e054b9d56145:192.168.36.77:45949). Request must be sent to leader., logIndex=0, commits[345d10c5-4a03-4a5c-baf7-3e40504e58a5:c16, 47cde36c-9fa2-4fed-9254-c7cf08d1e5f9:c16, c179a657-9165-49fe-9ad6-e054b9d56145:c16]
2019-08-27 08:32:56,120 | INFO  | SCMAudit | user=jenkins1000 | ip=192.168.36.77 | op=SEND_HEARTBEAT {datanodeUUID=54ae50f6-2c43-44f1-944a-6e503a426641, command=[]} | ret=SUCCESS |  
2019-08-27 08:32:56,471 | INFO  | SCMAudit | user=jenkins1000 | ip=192.168.36.77 | op=SEND_HEARTBEAT {datanodeUUID=47cde36c-9fa2-4fed-9254-c7cf08d1e5f9, command=[]} | ret=SUCCESS |  
2019-08-27 08:32:56,471 | INFO  | SCMAudit | user=jenkins1000 | ip=192.168.36.77 | op=SEND_HEARTBEAT {datanodeUUID=345d10c5-4a03-4a5c-baf7-3e40504e58a5, command=[]} | ret=SUCCESS |  
2019-08-27 08:32:56,596 | INFO  | SCMAudit | user=jenkins1000 | ip=192.168.36.77 | op=SEND_HEARTBEAT {datanodeUUID=a7415c16-3934-426f-880c-bd70b649961c, command=[]} | ret=SUCCESS |  
2019-08-27 08:32:56,692 | INFO  | SCMAudit | user=jenkins1000 | ip=192.168.36.77 | op=SEND_HEARTBEAT {datanodeUUID=50c0ab61-1758-43d2-a587-5cb94a3c81fe, command=[]} | ret=SUCCESS |  
2019-08-27 08:32:56,781 | INFO  | SCMAudit | user=jenkins1000 | ip=192.168.36.77 | op=SEND_HEARTBEAT {datanodeUUID=0d19c57b-e104-4f48-977d-bd1ef2c3206a, command=[]} | ret=SUCCESS |  
2019-08-27 08:32:56,845 [grpc-default-executor-10] INFO  client.GrpcClientProtocolClient (GrpcClientProtocolClient.java:onNext(255)) - client-8CB5748F5A3B->345d10c5-4a03-4a5c-baf7-3e40504e58a5: receive RaftClientReply:client-8CB5748F5A3B->345d10c5-4a03-4a5c-baf7-3e40504e58a5@group-29C44B8D7A45, cid=191, FAILED org.apache.ratis.protocol.NotLeaderException: Server 345d10c5-4a03-4a5c-baf7-3e40504e58a5 is not the leader (c179a657-9165-49fe-9ad6-e054b9d56145:192.168.36.77:45949). Request must be sent to leader., logIndex=0, commits[345d10c5-4a03-4a5c-baf7-3e40504e58a5:c16, 47cde36c-9fa2-4fed-9254-c7cf08d1e5f9:c16, c179a657-9165-49fe-9ad6-e054b9d56145:c16]
2019-08-27 08:32:57,121 | INFO  | SCMAudit | user=jenkins1000 | ip=192.168.36.77 | op=SEND_HEARTBEAT {datanodeUUID=54ae50f6-2c43-44f1-944a-6e503a426641, command=[]} | ret=SUCCESS |  
2019-08-27 08:32:57,472 | INFO  | SCMAudit | user=jenkins1000 | ip=192.168.36.77 | op=SEND_HEARTBEAT {datanodeUUID=47cde36c-9fa2-4fed-9254-c7cf08d1e5f9, command=[]} | ret=SUCCESS |  
2019-08-27 08:32:57,472 | INFO  | SCMAudit | user=jenkins1000 | ip=192.168.36.77 | op=SEND_HEARTBEAT {datanodeUUID=345d10c5-4a03-4a5c-baf7-3e40504e58a5, command=[]} | ret=SUCCESS |  
2019-08-27 08:32:57,596 | INFO  | SCMAudit | user=jenkins1000 | ip=192.168.36.77 | op=SEND_HEARTBEAT {datanodeUUID=a7415c16-3934-426f-880c-bd70b649961c, command=[]} | ret=SUCCESS |  
2019-08-27 08:32:57,692 | INFO  | SCMAudit | user=jenkins1000 | ip=192.168.36.77 | op=SEND_HEARTBEAT {datanodeUUID=50c0ab61-1758-43d2-a587-5cb94a3c81fe, command=[]} | ret=SUCCESS |  
2019-08-27 08:32:57,780 | INFO  | SCMAudit | user=jenkins1000 | ip=192.168.36.77 | op=SEND_HEARTBEAT {datanodeUUID=0d19c57b-e104-4f48-977d-bd1ef2c3206a, command=[]} | ret=SUCCESS |  
2019-08-27 08:32:57,859 [grpc-default-executor-5] INFO  client.GrpcClientProtocolClient (GrpcClientProtocolClient.java:onNext(255)) - client-8CB5748F5A3B->345d10c5-4a03-4a5c-baf7-3e40504e58a5: receive RaftClientReply:client-8CB5748F5A3B->345d10c5-4a03-4a5c-baf7-3e40504e58a5@group-29C44B8D7A45, cid=191, FAILED org.apache.ratis.protocol.NotLeaderException: Server 345d10c5-4a03-4a5c-baf7-3e40504e58a5 is not the leader (c179a657-9165-49fe-9ad6-e054b9d56145:192.168.36.77:45949). Request must be sent to leader., logIndex=0, commits[345d10c5-4a03-4a5c-baf7-3e40504e58a5:c16, 47cde36c-9fa2-4fed-9254-c7cf08d1e5f9:c16, c179a657-9165-49fe-9ad6-e054b9d56145:c16]
2019-08-27 08:32:58,121 | INFO  | SCMAudit | user=jenkins1000 | ip=192.168.36.77 | op=SEND_HEARTBEAT {datanodeUUID=54ae50f6-2c43-44f1-944a-6e503a426641, command=[]} | ret=SUCCESS |  
2019-08-27 08:32:58,472 | INFO  | SCMAudit | user=jenkins1000 | ip=192.168.36.77 | op=SEND_HEARTBEAT {datanodeUUID=345d10c5-4a03-4a5c-baf7-3e40504e58a5, command=[]} | ret=SUCCESS |  
2019-08-27 08:32:58,472 | INFO  | SCMAudit | user=jenkins1000 | ip=192.168.36.77 | op=SEND_HEARTBEAT {datanodeUUID=47cde36c-9fa2-4fed-9254-c7cf08d1e5f9, command=[]} | ret=SUCCESS |  
2019-08-27 08:32:58,596 | INFO  | SCMAudit | user=jenkins1000 | ip=192.168.36.77 | op=SEND_HEARTBEAT {datanodeUUID=a7415c16-3934-426f-880c-bd70b649961c, command=[]} | ret=SUCCESS |  
2019-08-27 08:32:58,693 | INFO  | SCMAudit | user=jenkins1000 | ip=192.168.36.77 | op=SEND_HEARTBEAT {datanodeUUID=50c0ab61-1758-43d2-a587-5cb94a3c81fe, command=[]} | ret=SUCCESS |  
2019-08-27 08:32:58,781 | INFO  | SCMAudit | user=jenkins1000 | ip=192.168.36.77 | op=SEND_HEARTBEAT {datanodeUUID=0d19c57b-e104-4f48-977d-bd1ef2c3206a, command=[]} | ret=SUCCESS |  
2019-08-27 08:32:58,872 [grpc-default-executor-5] INFO  client.GrpcClientProtocolClient (GrpcClientProtocolClient.java:onNext(255)) - client-8CB5748F5A3B->47cde36c-9fa2-4fed-9254-c7cf08d1e5f9: receive RaftClientReply:client-8CB5748F5A3B->47cde36c-9fa2-4fed-9254-c7cf08d1e5f9@group-29C44B8D7A45, cid=191, FAILED org.apache.ratis.protocol.NotLeaderException: Server 47cde36c-9fa2-4fed-9254-c7cf08d1e5f9 is not the leader (c179a657-9165-49fe-9ad6-e054b9d56145:192.168.36.77:45949). Request must be sent to leader., logIndex=0, commits[47cde36c-9fa2-4fed-9254-c7cf08d1e5f9:c16, 345d10c5-4a03-4a5c-baf7-3e40504e58a5:c16, c179a657-9165-49fe-9ad6-e054b9d56145:c16]
2019-08-27 08:32:59,120 | INFO  | SCMAudit | user=jenkins1000 | ip=192.168.36.77 | op=SEND_HEARTBEAT {datanodeUUID=54ae50f6-2c43-44f1-944a-6e503a426641, command=[]} | ret=SUCCESS |  
2019-08-27 08:32:59,472 | INFO  | SCMAudit | user=jenkins1000 | ip=192.168.36.77 | op=SEND_HEARTBEAT {datanodeUUID=345d10c5-4a03-4a5c-baf7-3e40504e58a5, command=[]} | ret=SUCCESS |  
2019-08-27 08:32:59,472 | INFO  | SCMAudit | user=jenkins1000 | ip=192.168.36.77 | op=SEND_HEARTBEAT {datanodeUUID=47cde36c-9fa2-4fed-9254-c7cf08d1e5f9, command=[]} | ret=SUCCESS |  
2019-08-27 08:32:59,597 | INFO  | SCMAudit | user=jenkins1000 | ip=192.168.36.77 | op=SEND_HEARTBEAT {datanodeUUID=a7415c16-3934-426f-880c-bd70b649961c, command=[]} | ret=SUCCESS |  
2019-08-27 08:32:59,693 | INFO  | SCMAudit | user=jenkins1000 | ip=192.168.36.77 | op=SEND_HEARTBEAT {datanodeUUID=50c0ab61-1758-43d2-a587-5cb94a3c81fe, command=[]} | ret=SUCCESS |  
2019-08-27 08:32:59,781 | INFO  | SCMAudit | user=jenkins1000 | ip=192.168.36.77 | op=SEND_HEARTBEAT {datanodeUUID=0d19c57b-e104-4f48-977d-bd1ef2c3206a, command=[]} | ret=SUCCESS |  
2019-08-27 08:32:59,884 [grpc-default-executor-10] INFO  client.GrpcClientProtocolClient (GrpcClientProtocolClient.java:onNext(255)) - client-8CB5748F5A3B->345d10c5-4a03-4a5c-baf7-3e40504e58a5: receive RaftClientReply:client-8CB5748F5A3B->345d10c5-4a03-4a5c-baf7-3e40504e58a5@group-29C44B8D7A45, cid=191, FAILED org.apache.ratis.protocol.NotLeaderException: Server 345d10c5-4a03-4a5c-baf7-3e40504e58a5 is not the leader (c179a657-9165-49fe-9ad6-e054b9d56145:192.168.36.77:45949). Request must be sent to leader., logIndex=0, commits[345d10c5-4a03-4a5c-baf7-3e40504e58a5:c16, 47cde36c-9fa2-4fed-9254-c7cf08d1e5f9:c16, c179a657-9165-49fe-9ad6-e054b9d56145:c16]
2019-08-27 08:33:00,121 | INFO  | SCMAudit | user=jenkins1000 | ip=192.168.36.77 | op=SEND_HEARTBEAT {datanodeUUID=54ae50f6-2c43-44f1-944a-6e503a426641, command=[]} | ret=SUCCESS |  
2019-08-27 08:33:00,473 | INFO  | SCMAudit | user=jenkins1000 | ip=192.168.36.77 | op=SEND_HEARTBEAT {datanodeUUID=345d10c5-4a03-4a5c-baf7-3e40504e58a5, command=[]} | ret=SUCCESS |  
2019-08-27 08:33:00,473 | INFO  | SCMAudit | user=jenkins1000 | ip=192.168.36.77 | op=SEND_HEARTBEAT {datanodeUUID=47cde36c-9fa2-4fed-9254-c7cf08d1e5f9, command=[]} | ret=SUCCESS |  
2019-08-27 08:33:00,597 | INFO  | SCMAudit | user=jenkins1000 | ip=192.168.36.77 | op=SEND_HEARTBEAT {datanodeUUID=a7415c16-3934-426f-880c-bd70b649961c, command=[]} | ret=SUCCESS |  
2019-08-27 08:33:00,693 | INFO  | SCMAudit | user=jenkins1000 | ip=192.168.36.77 | op=SEND_HEARTBEAT {datanodeUUID=50c0ab61-1758-43d2-a587-5cb94a3c81fe, command=[]} | ret=SUCCESS |  
2019-08-27 08:33:00,780 | INFO  | SCMAudit | user=jenkins1000 | ip=192.168.36.77 | op=SEND_HEARTBEAT {datanodeUUID=0d19c57b-e104-4f48-977d-bd1ef2c3206a, command=[]} | ret=SUCCESS |  
2019-08-27 08:33:00,900 [grpc-default-executor-5] INFO  client.GrpcClientProtocolClient (GrpcClientProtocolClient.java:onNext(255)) - client-8CB5748F5A3B->345d10c5-4a03-4a5c-baf7-3e40504e58a5: receive RaftClientReply:client-8CB5748F5A3B->345d10c5-4a03-4a5c-baf7-3e40504e58a5@group-29C44B8D7A45, cid=191, FAILED org.apache.ratis.protocol.NotLeaderException: Server 345d10c5-4a03-4a5c-baf7-3e40504e58a5 is not the leader (c179a657-9165-49fe-9ad6-e054b9d56145:192.168.36.77:45949). Request must be sent to leader., logIndex=0, commits[345d10c5-4a03-4a5c-baf7-3e40504e58a5:c16, 47cde36c-9fa2-4fed-9254-c7cf08d1e5f9:c16, c179a657-9165-49fe-9ad6-e054b9d56145:c16]
2019-08-27 08:33:01,120 | INFO  | SCMAudit | user=jenkins1000 | ip=192.168.36.77 | op=SEND_HEARTBEAT {datanodeUUID=54ae50f6-2c43-44f1-944a-6e503a426641, command=[]} | ret=SUCCESS |  
2019-08-27 08:33:01,421 [Thread-3617] INFO  impl.FollowerState (FollowerState.java:run(106)) - 47cde36c-9fa2-4fed-9254-c7cf08d1e5f9:group-29C44B8D7A45 changes to CANDIDATE, lastRpcTime:8704, electionTimeout:5001ms
2019-08-27 08:33:01,422 [Thread-3617] INFO  impl.RoleInfo (RoleInfo.java:shutdownFollowerState(121)) - 47cde36c-9fa2-4fed-9254-c7cf08d1e5f9: shutdown FollowerState
2019-08-27 08:33:01,423 [Thread-3617] INFO  impl.RaftServerImpl (RaftServerImpl.java:setRole(171)) - 47cde36c-9fa2-4fed-9254-c7cf08d1e5f9:group-29C44B8D7A45 changes role from FOLLOWER to CANDIDATE at term 1 for changeToCandidate
2019-08-27 08:33:01,428 [Thread-3617] INFO  impl.RoleInfo (RoleInfo.java:updateAndGet(143)) - 47cde36c-9fa2-4fed-9254-c7cf08d1e5f9: start LeaderElection
2019-08-27 08:33:01,432 [47cde36c-9fa2-4fed-9254-c7cf08d1e5f9:group-29C44B8D7A45:LeaderElection76] INFO  impl.RaftServerImpl (ServerState.java:setLeader(263)) - 47cde36c-9fa2-4fed-9254-c7cf08d1e5f9:group-29C44B8D7A45 change Leader from c179a657-9165-49fe-9ad6-e054b9d56145 to null at term 1 for initElection
2019-08-27 08:33:01,448 [47cde36c-9fa2-4fed-9254-c7cf08d1e5f9:group-29C44B8D7A45:LeaderElection76] INFO  impl.LeaderElection (LeaderElection.java:askForVotes(181)) - 47cde36c-9fa2-4fed-9254-c7cf08d1e5f9:group-29C44B8D7A45:LeaderElection76: begin an election at term 2 for 0: [47cde36c-9fa2-4fed-9254-c7cf08d1e5f9:192.168.36.77:44491, 345d10c5-4a03-4a5c-baf7-3e40504e58a5:192.168.36.77:44664, c179a657-9165-49fe-9ad6-e054b9d56145:192.168.36.77:45949], old=null
2019-08-27 08:33:01,451 [47cde36c-9fa2-4fed-9254-c7cf08d1e5f9:group-29C44B8D7A45:LeaderElection76] INFO  impl.LeaderElection (LogUtils.java:infoOrTrace(149)) - 47cde36c-9fa2-4fed-9254-c7cf08d1e5f9:group-29C44B8D7A45:LeaderElection76 got exception when requesting votes: {}
java.util.concurrent.ExecutionException: org.apache.ratis.thirdparty.io.grpc.StatusRuntimeException: UNAVAILABLE: io exception
	at java.util.concurrent.FutureTask.report(FutureTask.java:122)
	at java.util.concurrent.FutureTask.get(FutureTask.java:192)
	at org.apache.ratis.server.impl.LeaderElection.waitForResults(LeaderElection.java:262)
	at org.apache.ratis.server.impl.LeaderElection.askForVotes(LeaderElection.java:200)
	at org.apache.ratis.server.impl.LeaderElection.run(LeaderElection.java:130)
	at java.lang.Thread.run(Thread.java:748)
Caused by: org.apache.ratis.thirdparty.io.grpc.StatusRuntimeException: UNAVAILABLE: io exception
	at org.apache.ratis.thirdparty.io.grpc.stub.ClientCalls.toStatusRuntimeException(ClientCalls.java:233)
	at org.apache.ratis.thirdparty.io.grpc.stub.ClientCalls.getUnchecked(ClientCalls.java:214)
	at org.apache.ratis.thirdparty.io.grpc.stub.ClientCalls.blockingUnaryCall(ClientCalls.java:139)
	at org.apache.ratis.proto.grpc.RaftServerProtocolServiceGrpc$RaftServerProtocolServiceBlockingStub.requestVote(RaftServerProtocolServiceGrpc.java:265)
	at org.apache.ratis.grpc.server.GrpcServerProtocolClient.requestVote(GrpcServerProtocolClient.java:83)
	at org.apache.ratis.grpc.server.GrpcService.requestVote(GrpcService.java:195)
	at org.apache.ratis.server.impl.LeaderElection.lambda$submitRequests$1(LeaderElection.java:237)
	at java.util.concurrent.FutureTask.run(FutureTask.java:266)
	at java.util.concurrent.Executors$RunnableAdapter.call(Executors.java:511)
	at java.util.concurrent.FutureTask.run(FutureTask.java:266)
	at java.util.concurrent.ThreadPoolExecutor.runWorker(ThreadPoolExecutor.java:1149)
	at java.util.concurrent.ThreadPoolExecutor$Worker.run(ThreadPoolExecutor.java:624)
	... 1 more
Caused by: org.apache.ratis.thirdparty.io.netty.channel.AbstractChannel$AnnotatedConnectException: Connection refused: /192.168.36.77:45949
	at sun.nio.ch.SocketChannelImpl.checkConnect(Native Method)
	at sun.nio.ch.SocketChannelImpl.finishConnect(SocketChannelImpl.java:717)
	at org.apache.ratis.thirdparty.io.netty.channel.socket.nio.NioSocketChannel.doFinishConnect(NioSocketChannel.java:327)
	at org.apache.ratis.thirdparty.io.netty.channel.nio.AbstractNioChannel$AbstractNioUnsafe.finishConnect(AbstractNioChannel.java:340)
	at org.apache.ratis.thirdparty.io.netty.channel.nio.NioEventLoop.processSelectedKey(NioEventLoop.java:632)
	at org.apache.ratis.thirdparty.io.netty.channel.nio.NioEventLoop.processSelectedKeysOptimized(NioEventLoop.java:579)
	at org.apache.ratis.thirdparty.io.netty.channel.nio.NioEventLoop.processSelectedKeys(NioEventLoop.java:496)
	at org.apache.ratis.thirdparty.io.netty.channel.nio.NioEventLoop.run(NioEventLoop.java:458)
	at org.apache.ratis.thirdparty.io.netty.util.concurrent.SingleThreadEventExecutor$5.run(SingleThreadEventExecutor.java:897)
	at org.apache.ratis.thirdparty.io.netty.util.concurrent.FastThreadLocalRunnable.run(FastThreadLocalRunnable.java:30)
	... 1 more
Caused by: java.net.ConnectException: Connection refused
	... 11 more
2019-08-27 08:33:01,456 [grpc-default-executor-5] INFO  impl.RaftServerImpl (ServerState.java:setLeader(263)) - 345d10c5-4a03-4a5c-baf7-3e40504e58a5:group-29C44B8D7A45 change Leader from c179a657-9165-49fe-9ad6-e054b9d56145 to null at term 2 for updateCurrentTerm
2019-08-27 08:33:01,456 [grpc-default-executor-5] INFO  impl.RaftServerImpl (RaftServerImpl.java:setRole(171)) - 345d10c5-4a03-4a5c-baf7-3e40504e58a5:group-29C44B8D7A45 changes role from FOLLOWER to FOLLOWER at term 2 for recognizeCandidate:47cde36c-9fa2-4fed-9254-c7cf08d1e5f9
2019-08-27 08:33:01,456 [grpc-default-executor-5] INFO  impl.RoleInfo (RoleInfo.java:shutdownFollowerState(121)) - 345d10c5-4a03-4a5c-baf7-3e40504e58a5: shutdown FollowerState
2019-08-27 08:33:01,456 [grpc-default-executor-5] INFO  impl.RoleInfo (RoleInfo.java:updateAndGet(143)) - 345d10c5-4a03-4a5c-baf7-3e40504e58a5: start FollowerState
2019-08-27 08:33:01,456 [Thread-3618] INFO  impl.FollowerState (FollowerState.java:run(114)) - 345d10c5-4a03-4a5c-baf7-3e40504e58a5: FollowerState was interrupted: java.lang.InterruptedException: sleep interrupted
2019-08-27 08:33:01,473 [47cde36c-9fa2-4fed-9254-c7cf08d1e5f9:group-29C44B8D7A45:LeaderElection76] INFO  impl.LeaderElection (LeaderElection.java:logAndReturn(56)) - 47cde36c-9fa2-4fed-9254-c7cf08d1e5f9:group-29C44B8D7A45:LeaderElection76: Election PASSED; received 1 response(s) [47cde36c-9fa2-4fed-9254-c7cf08d1e5f9<-345d10c5-4a03-4a5c-baf7-3e40504e58a5#0:OK-t2] and 1 exception(s); 47cde36c-9fa2-4fed-9254-c7cf08d1e5f9:t2, leader=null, voted=47cde36c-9fa2-4fed-9254-c7cf08d1e5f9, raftlog=47cde36c-9fa2-4fed-9254-c7cf08d1e5f9-SegmentedRaftLog:OPENED:c16,f16,i16, conf=0: [47cde36c-9fa2-4fed-9254-c7cf08d1e5f9:192.168.36.77:44491, 345d10c5-4a03-4a5c-baf7-3e40504e58a5:192.168.36.77:44664, c179a657-9165-49fe-9ad6-e054b9d56145:192.168.36.77:45949], old=null
2019-08-27 08:33:01,473 [47cde36c-9fa2-4fed-9254-c7cf08d1e5f9:group-29C44B8D7A45:LeaderElection76] INFO  impl.LeaderElection (LogUtils.java:infoOrTrace(149)) -   Exception 0: {}
java.util.concurrent.ExecutionException: org.apache.ratis.thirdparty.io.grpc.StatusRuntimeException: UNAVAILABLE: io exception
	at java.util.concurrent.FutureTask.report(FutureTask.java:122)
	at java.util.concurrent.FutureTask.get(FutureTask.java:192)
	at org.apache.ratis.server.impl.LeaderElection.waitForResults(LeaderElection.java:262)
	at org.apache.ratis.server.impl.LeaderElection.askForVotes(LeaderElection.java:200)
	at org.apache.ratis.server.impl.LeaderElection.run(LeaderElection.java:130)
	at java.lang.Thread.run(Thread.java:748)
Caused by: org.apache.ratis.thirdparty.io.grpc.StatusRuntimeException: UNAVAILABLE: io exception
	at org.apache.ratis.thirdparty.io.grpc.stub.ClientCalls.toStatusRuntimeException(ClientCalls.java:233)
	at org.apache.ratis.thirdparty.io.grpc.stub.ClientCalls.getUnchecked(ClientCalls.java:214)
	at org.apache.ratis.thirdparty.io.grpc.stub.ClientCalls.blockingUnaryCall(ClientCalls.java:139)
	at org.apache.ratis.proto.grpc.RaftServerProtocolServiceGrpc$RaftServerProtocolServiceBlockingStub.requestVote(RaftServerProtocolServiceGrpc.java:265)
	at org.apache.ratis.grpc.server.GrpcServerProtocolClient.requestVote(GrpcServerProtocolClient.java:83)
	at org.apache.ratis.grpc.server.GrpcService.requestVote(GrpcService.java:195)
	at org.apache.ratis.server.impl.LeaderElection.lambda$submitRequests$1(LeaderElection.java:237)
	at java.util.concurrent.FutureTask.run(FutureTask.java:266)
	at java.util.concurrent.Executors$RunnableAdapter.call(Executors.java:511)
	at java.util.concurrent.FutureTask.run(FutureTask.java:266)
	at java.util.concurrent.ThreadPoolExecutor.runWorker(ThreadPoolExecutor.java:1149)
	at java.util.concurrent.ThreadPoolExecutor$Worker.run(ThreadPoolExecutor.java:624)
	... 1 more
Caused by: org.apache.ratis.thirdparty.io.netty.channel.AbstractChannel$AnnotatedConnectException: Connection refused: /192.168.36.77:45949
	at sun.nio.ch.SocketChannelImpl.checkConnect(Native Method)
	at sun.nio.ch.SocketChannelImpl.finishConnect(SocketChannelImpl.java:717)
	at org.apache.ratis.thirdparty.io.netty.channel.socket.nio.NioSocketChannel.doFinishConnect(NioSocketChannel.java:327)
	at org.apache.ratis.thirdparty.io.netty.channel.nio.AbstractNioChannel$AbstractNioUnsafe.finishConnect(AbstractNioChannel.java:340)
	at org.apache.ratis.thirdparty.io.netty.channel.nio.NioEventLoop.processSelectedKey(NioEventLoop.java:632)
	at org.apache.ratis.thirdparty.io.netty.channel.nio.NioEventLoop.processSelectedKeysOptimized(NioEventLoop.java:579)
	at org.apache.ratis.thirdparty.io.netty.channel.nio.NioEventLoop.processSelectedKeys(NioEventLoop.java:496)
	at org.apache.ratis.thirdparty.io.netty.channel.nio.NioEventLoop.run(NioEventLoop.java:458)
	at org.apache.ratis.thirdparty.io.netty.util.concurrent.SingleThreadEventExecutor$5.run(SingleThreadEventExecutor.java:897)
	at org.apache.ratis.thirdparty.io.netty.util.concurrent.FastThreadLocalRunnable.run(FastThreadLocalRunnable.java:30)
	... 1 more
Caused by: java.net.ConnectException: Connection refused
	... 11 more
2019-08-27 08:33:01,474 [47cde36c-9fa2-4fed-9254-c7cf08d1e5f9:group-29C44B8D7A45:LeaderElection76] INFO  impl.RoleInfo (RoleInfo.java:shutdownLeaderElection(134)) - 47cde36c-9fa2-4fed-9254-c7cf08d1e5f9: shutdown LeaderElection
2019-08-27 08:33:01,474 [47cde36c-9fa2-4fed-9254-c7cf08d1e5f9:group-29C44B8D7A45:LeaderElection76] INFO  impl.RaftServerImpl (RaftServerImpl.java:setRole(171)) - 47cde36c-9fa2-4fed-9254-c7cf08d1e5f9:group-29C44B8D7A45 changes role from CANDIDATE to LEADER at term 2 for changeToLeader
2019-08-27 08:33:01,474 | INFO  | SCMAudit | user=jenkins1000 | ip=192.168.36.77 | op=SEND_HEARTBEAT {datanodeUUID=47cde36c-9fa2-4fed-9254-c7cf08d1e5f9, command=[]} | ret=SUCCESS |  
2019-08-27 08:33:01,474 | INFO  | SCMAudit | user=jenkins1000 | ip=192.168.36.77 | op=SEND_HEARTBEAT {datanodeUUID=345d10c5-4a03-4a5c-baf7-3e40504e58a5, command=[]} | ret=SUCCESS |  
2019-08-27 08:33:01,474 [47cde36c-9fa2-4fed-9254-c7cf08d1e5f9:group-29C44B8D7A45:LeaderElection76] INFO  impl.RaftServerImpl (ServerState.java:setLeader(263)) - 47cde36c-9fa2-4fed-9254-c7cf08d1e5f9:group-29C44B8D7A45 change Leader from null to 47cde36c-9fa2-4fed-9254-c7cf08d1e5f9 at term 2 for becomeLeader, leader elected after 41ms
2019-08-27 08:33:01,474 [47cde36c-9fa2-4fed-9254-c7cf08d1e5f9:group-29C44B8D7A45:LeaderElection76] INFO  server.RaftServerConfigKeys (ConfUtils.java:logGet(43)) - raft.server.staging.catchup.gap = 1000 (default)
2019-08-27 08:33:01,474 [47cde36c-9fa2-4fed-9254-c7cf08d1e5f9:group-29C44B8D7A45:LeaderElection76] INFO  server.RaftServerConfigKeys (ConfUtils.java:logGet(43)) - raft.server.rpc.sleep.time = 25ms (default)
2019-08-27 08:33:01,475 [47cde36c-9fa2-4fed-9254-c7cf08d1e5f9:group-29C44B8D7A45:LeaderElection76] INFO  server.RaftServerConfigKeys (ConfUtils.java:logGet(43)) - raft.server.write.element-limit = 4096 (default)
2019-08-27 08:33:01,475 [47cde36c-9fa2-4fed-9254-c7cf08d1e5f9:group-29C44B8D7A45:LeaderElection76] INFO  server.RaftServerConfigKeys (ConfUtils.java:logGet(43)) - raft.server.watch.timeout = 10s (default)
2019-08-27 08:33:01,475 [47cde36c-9fa2-4fed-9254-c7cf08d1e5f9:group-29C44B8D7A45:LeaderElection76] INFO  server.RaftServerConfigKeys (ConfUtils.java:logGet(43)) - raft.server.watch.timeout.denomination = 1s (default)
2019-08-27 08:33:01,475 [47cde36c-9fa2-4fed-9254-c7cf08d1e5f9:group-29C44B8D7A45:LeaderElection76] INFO  server.RaftServerConfigKeys (ConfUtils.java:logGet(43)) - raft.server.watch.element-limit = 65536 (default)
2019-08-27 08:33:01,475 [47cde36c-9fa2-4fed-9254-c7cf08d1e5f9:group-29C44B8D7A45:LeaderElection76] INFO  server.RaftServerConfigKeys (ConfUtils.java:logGet(43)) - raft.server.log.appender.snapshot.chunk.size.max = 16MB (=16777216) (default)
2019-08-27 08:33:01,476 [47cde36c-9fa2-4fed-9254-c7cf08d1e5f9:group-29C44B8D7A45:LeaderElection76] INFO  server.RaftServerConfigKeys (ConfUtils.java:logGet(43)) - raft.server.log.appender.buffer.byte-limit = 33554432 (custom)
2019-08-27 08:33:01,476 [47cde36c-9fa2-4fed-9254-c7cf08d1e5f9:group-29C44B8D7A45:LeaderElection76] INFO  server.RaftServerConfigKeys (ConfUtils.java:logGet(43)) - raft.server.log.appender.buffer.element-limit = 1 (custom)
2019-08-27 08:33:01,476 [47cde36c-9fa2-4fed-9254-c7cf08d1e5f9:group-29C44B8D7A45:LeaderElection76] INFO  grpc.GrpcConfigKeys$Server (ConfUtils.java:logGet(43)) - raft.grpc.server.leader.outstanding.appends.max = 128 (default)
2019-08-27 08:33:01,477 [47cde36c-9fa2-4fed-9254-c7cf08d1e5f9:group-29C44B8D7A45:LeaderElection76] INFO  server.RaftServerConfigKeys (ConfUtils.java:logGet(43)) - raft.server.rpc.request.timeout = 3000ms (default)
2019-08-27 08:33:01,477 [47cde36c-9fa2-4fed-9254-c7cf08d1e5f9:group-29C44B8D7A45:LeaderElection76] INFO  server.RaftServerConfigKeys (ConfUtils.java:logGet(43)) - raft.server.log.appender.install.snapshot.enabled = false (custom)
2019-08-27 08:33:01,477 [47cde36c-9fa2-4fed-9254-c7cf08d1e5f9:group-29C44B8D7A45:LeaderElection76] INFO  server.RaftServerConfigKeys (ConfUtils.java:logGet(43)) - raft.server.log.appender.snapshot.chunk.size.max = 16MB (=16777216) (default)
2019-08-27 08:33:01,477 [47cde36c-9fa2-4fed-9254-c7cf08d1e5f9:group-29C44B8D7A45:LeaderElection76] INFO  server.RaftServerConfigKeys (ConfUtils.java:logGet(43)) - raft.server.log.appender.buffer.byte-limit = 33554432 (custom)
2019-08-27 08:33:01,477 [47cde36c-9fa2-4fed-9254-c7cf08d1e5f9:group-29C44B8D7A45:LeaderElection76] INFO  server.RaftServerConfigKeys (ConfUtils.java:logGet(43)) - raft.server.log.appender.buffer.element-limit = 1 (custom)
2019-08-27 08:33:01,477 [47cde36c-9fa2-4fed-9254-c7cf08d1e5f9:group-29C44B8D7A45:LeaderElection76] INFO  grpc.GrpcConfigKeys$Server (ConfUtils.java:logGet(43)) - raft.grpc.server.leader.outstanding.appends.max = 128 (default)
2019-08-27 08:33:01,478 [47cde36c-9fa2-4fed-9254-c7cf08d1e5f9:group-29C44B8D7A45:LeaderElection76] INFO  server.RaftServerConfigKeys (ConfUtils.java:logGet(43)) - raft.server.rpc.request.timeout = 3000ms (default)
2019-08-27 08:33:01,478 [47cde36c-9fa2-4fed-9254-c7cf08d1e5f9:group-29C44B8D7A45:LeaderElection76] INFO  server.RaftServerConfigKeys (ConfUtils.java:logGet(43)) - raft.server.log.appender.install.snapshot.enabled = false (custom)
2019-08-27 08:33:01,478 [47cde36c-9fa2-4fed-9254-c7cf08d1e5f9:group-29C44B8D7A45:LeaderElection76] INFO  impl.RoleInfo (RoleInfo.java:updateAndGet(143)) - 47cde36c-9fa2-4fed-9254-c7cf08d1e5f9: start LeaderState
2019-08-27 08:33:01,479 [47cde36c-9fa2-4fed-9254-c7cf08d1e5f9:group-29C44B8D7A45:LeaderElection76] INFO  segmented.SegmentedRaftLogWorker (SegmentedRaftLogWorker.java:rollLogSegment(385)) - 47cde36c-9fa2-4fed-9254-c7cf08d1e5f9-SegmentedRaftLogWorker:Storage Directory /workdir/hadoop-ozone/integration-test/target/test-dir/MiniOzoneClusterImpl-d49177c5-c9c6-4953-9114-88aa1897b70a/datanode-4/data/ratis/b216247c-4632-4696-aea6-29c44b8d7a45: Rolling segment log-0_16 to index:16
2019-08-27 08:33:01,482 [47cde36c-9fa2-4fed-9254-c7cf08d1e5f9:group-29C44B8D7A45:LeaderElection76] INFO  impl.RaftServerImpl (ServerState.java:setRaftConf(361)) - 47cde36c-9fa2-4fed-9254-c7cf08d1e5f9:group-29C44B8D7A45 set configuration 17: [47cde36c-9fa2-4fed-9254-c7cf08d1e5f9:192.168.36.77:44491, 345d10c5-4a03-4a5c-baf7-3e40504e58a5:192.168.36.77:44664, c179a657-9165-49fe-9ad6-e054b9d56145:192.168.36.77:45949], old=null at 17
2019-08-27 08:33:01,482 [grpc-default-executor-5] WARN  server.GrpcLogAppender (LogUtils.java:warn(134)) - 47cde36c-9fa2-4fed-9254-c7cf08d1e5f9->c179a657-9165-49fe-9ad6-e054b9d56145: Failed appendEntries: org.apache.ratis.thirdparty.io.grpc.StatusRuntimeException: UNAVAILABLE: io exception
2019-08-27 08:33:01,483 [grpc-default-executor-5] INFO  impl.FollowerInfo (FollowerInfo.java:lambda$new$0(50)) - 47cde36c-9fa2-4fed-9254-c7cf08d1e5f9->c179a657-9165-49fe-9ad6-e054b9d56145: nextIndex: updateUnconditionally 17 -> 1
2019-08-27 08:33:01,483 [47cde36c-9fa2-4fed-9254-c7cf08d1e5f9-SegmentedRaftLogWorker:Storage Directory /workdir/hadoop-ozone/integration-test/target/test-dir/MiniOzoneClusterImpl-d49177c5-c9c6-4953-9114-88aa1897b70a/datanode-4/data/ratis/b216247c-4632-4696-aea6-29c44b8d7a45] INFO  segmented.SegmentedRaftLogWorker (SegmentedRaftLogWorker.java:execute(526)) - 47cde36c-9fa2-4fed-9254-c7cf08d1e5f9-SegmentedRaftLogWorker:Storage Directory /workdir/hadoop-ozone/integration-test/target/test-dir/MiniOzoneClusterImpl-d49177c5-c9c6-4953-9114-88aa1897b70a/datanode-4/data/ratis/b216247c-4632-4696-aea6-29c44b8d7a45: Rolled log segment from /workdir/hadoop-ozone/integration-test/target/test-dir/MiniOzoneClusterImpl-d49177c5-c9c6-4953-9114-88aa1897b70a/datanode-4/data/ratis/b216247c-4632-4696-aea6-29c44b8d7a45/current/log_inprogress_0 to /workdir/hadoop-ozone/integration-test/target/test-dir/MiniOzoneClusterImpl-d49177c5-c9c6-4953-9114-88aa1897b70a/datanode-4/data/ratis/b216247c-4632-4696-aea6-29c44b8d7a45/current/log_0-16
2019-08-27 08:33:01,483 [grpc-default-executor-10] INFO  impl.RaftServerImpl (ServerState.java:setLeader(263)) - 345d10c5-4a03-4a5c-baf7-3e40504e58a5:group-29C44B8D7A45 change Leader from null to 47cde36c-9fa2-4fed-9254-c7cf08d1e5f9 at term 2 for appendEntries, leader elected after 27ms
2019-08-27 08:33:01,525 [grpc-default-executor-10] INFO  impl.RaftServerImpl (ServerState.java:setRaftConf(361)) - 345d10c5-4a03-4a5c-baf7-3e40504e58a5:group-29C44B8D7A45 set configuration 17: [47cde36c-9fa2-4fed-9254-c7cf08d1e5f9:192.168.36.77:44491, 345d10c5-4a03-4a5c-baf7-3e40504e58a5:192.168.36.77:44664, c179a657-9165-49fe-9ad6-e054b9d56145:192.168.36.77:45949], old=null at 17
2019-08-27 08:33:01,525 [grpc-default-executor-10] INFO  segmented.SegmentedRaftLogWorker (SegmentedRaftLogWorker.java:rollLogSegment(385)) - 345d10c5-4a03-4a5c-baf7-3e40504e58a5-SegmentedRaftLogWorker:Storage Directory /workdir/hadoop-ozone/integration-test/target/test-dir/MiniOzoneClusterImpl-d49177c5-c9c6-4953-9114-88aa1897b70a/datanode-3/data/ratis/b216247c-4632-4696-aea6-29c44b8d7a45: Rolling segment log-0_16 to index:16
2019-08-27 08:33:01,526 [345d10c5-4a03-4a5c-baf7-3e40504e58a5-SegmentedRaftLogWorker:Storage Directory /workdir/hadoop-ozone/integration-test/target/test-dir/MiniOzoneClusterImpl-d49177c5-c9c6-4953-9114-88aa1897b70a/datanode-3/data/ratis/b216247c-4632-4696-aea6-29c44b8d7a45] INFO  segmented.SegmentedRaftLogWorker (SegmentedRaftLogWorker.java:execute(526)) - 345d10c5-4a03-4a5c-baf7-3e40504e58a5-SegmentedRaftLogWorker:Storage Directory /workdir/hadoop-ozone/integration-test/target/test-dir/MiniOzoneClusterImpl-d49177c5-c9c6-4953-9114-88aa1897b70a/datanode-3/data/ratis/b216247c-4632-4696-aea6-29c44b8d7a45: Rolled log segment from /workdir/hadoop-ozone/integration-test/target/test-dir/MiniOzoneClusterImpl-d49177c5-c9c6-4953-9114-88aa1897b70a/datanode-3/data/ratis/b216247c-4632-4696-aea6-29c44b8d7a45/current/log_inprogress_0 to /workdir/hadoop-ozone/integration-test/target/test-dir/MiniOzoneClusterImpl-d49177c5-c9c6-4953-9114-88aa1897b70a/datanode-3/data/ratis/b216247c-4632-4696-aea6-29c44b8d7a45/current/log_0-16
2019-08-27 08:33:01,537 [47cde36c-9fa2-4fed-9254-c7cf08d1e5f9-SegmentedRaftLogWorker:Storage Directory /workdir/hadoop-ozone/integration-test/target/test-dir/MiniOzoneClusterImpl-d49177c5-c9c6-4953-9114-88aa1897b70a/datanode-4/data/ratis/b216247c-4632-4696-aea6-29c44b8d7a45] INFO  segmented.SegmentedRaftLogWorker (SegmentedRaftLogWorker.java:execute(569)) - 47cde36c-9fa2-4fed-9254-c7cf08d1e5f9-SegmentedRaftLogWorker:Storage Directory /workdir/hadoop-ozone/integration-test/target/test-dir/MiniOzoneClusterImpl-d49177c5-c9c6-4953-9114-88aa1897b70a/datanode-4/data/ratis/b216247c-4632-4696-aea6-29c44b8d7a45: created new log segment /workdir/hadoop-ozone/integration-test/target/test-dir/MiniOzoneClusterImpl-d49177c5-c9c6-4953-9114-88aa1897b70a/datanode-4/data/ratis/b216247c-4632-4696-aea6-29c44b8d7a45/current/log_inprogress_17
2019-08-27 08:33:01,580 [345d10c5-4a03-4a5c-baf7-3e40504e58a5-SegmentedRaftLogWorker:Storage Directory /workdir/hadoop-ozone/integration-test/target/test-dir/MiniOzoneClusterImpl-d49177c5-c9c6-4953-9114-88aa1897b70a/datanode-3/data/ratis/b216247c-4632-4696-aea6-29c44b8d7a45] INFO  segmented.SegmentedRaftLogWorker (SegmentedRaftLogWorker.java:execute(569)) - 345d10c5-4a03-4a5c-baf7-3e40504e58a5-SegmentedRaftLogWorker:Storage Directory /workdir/hadoop-ozone/integration-test/target/test-dir/MiniOzoneClusterImpl-d49177c5-c9c6-4953-9114-88aa1897b70a/datanode-3/data/ratis/b216247c-4632-4696-aea6-29c44b8d7a45: created new log segment /workdir/hadoop-ozone/integration-test/target/test-dir/MiniOzoneClusterImpl-d49177c5-c9c6-4953-9114-88aa1897b70a/datanode-3/data/ratis/b216247c-4632-4696-aea6-29c44b8d7a45/current/log_inprogress_17
2019-08-27 08:33:01,595 | INFO  | DNAudit | user=null | ip=null | op=READ_CHUNK {blockData=conID: 1 locID: 102688015133179918 bcsId: 0} | ret=SUCCESS |  
2019-08-27 08:33:01,596 | INFO  | SCMAudit | user=jenkins1000 | ip=192.168.36.77 | op=SEND_HEARTBEAT {datanodeUUID=a7415c16-3934-426f-880c-bd70b649961c, command=[]} | ret=SUCCESS |  
2019-08-27 08:33:01,598 [grpc-default-executor-10] WARN  server.GrpcLogAppender (LogUtils.java:warn(134)) - 47cde36c-9fa2-4fed-9254-c7cf08d1e5f9->c179a657-9165-49fe-9ad6-e054b9d56145: Failed appendEntries: org.apache.ratis.thirdparty.io.grpc.StatusRuntimeException: UNAVAILABLE: io exception
2019-08-27 08:33:01,601 [grpc-default-executor-10] INFO  impl.FollowerInfo (FollowerInfo.java:lambda$new$0(50)) - 47cde36c-9fa2-4fed-9254-c7cf08d1e5f9->c179a657-9165-49fe-9ad6-e054b9d56145: nextIndex: updateUnconditionally 2 -> 1
2019-08-27 08:33:01,603 [grpc-default-executor-9] WARN  server.GrpcLogAppender (LogUtils.java:warn(134)) - 47cde36c-9fa2-4fed-9254-c7cf08d1e5f9->c179a657-9165-49fe-9ad6-e054b9d56145: Failed appendEntries: org.apache.ratis.thirdparty.io.grpc.StatusRuntimeException: UNAVAILABLE: io exception
2019-08-27 08:33:01,603 [grpc-default-executor-9] INFO  impl.FollowerInfo (FollowerInfo.java:lambda$new$0(50)) - 47cde36c-9fa2-4fed-9254-c7cf08d1e5f9->c179a657-9165-49fe-9ad6-e054b9d56145: nextIndex: updateUnconditionally 2 -> 1
2019-08-27 08:33:01,694 | INFO  | SCMAudit | user=jenkins1000 | ip=192.168.36.77 | op=SEND_HEARTBEAT {datanodeUUID=50c0ab61-1758-43d2-a587-5cb94a3c81fe, command=[]} | ret=SUCCESS |  
2019-08-27 08:33:01,781 | INFO  | SCMAudit | user=jenkins1000 | ip=192.168.36.77 | op=SEND_HEARTBEAT {datanodeUUID=0d19c57b-e104-4f48-977d-bd1ef2c3206a, command=[]} | ret=SUCCESS |  
2019-08-27 08:33:01,915 [grpc-default-executor-9] INFO  client.GrpcClientProtocolClient (GrpcClientProtocolClient.java:onNext(255)) - client-8CB5748F5A3B->345d10c5-4a03-4a5c-baf7-3e40504e58a5: receive RaftClientReply:client-8CB5748F5A3B->345d10c5-4a03-4a5c-baf7-3e40504e58a5@group-29C44B8D7A45, cid=191, FAILED org.apache.ratis.protocol.NotLeaderException: Server 345d10c5-4a03-4a5c-baf7-3e40504e58a5 is not the leader (47cde36c-9fa2-4fed-9254-c7cf08d1e5f9:192.168.36.77:44491). Request must be sent to leader., logIndex=0, commits[345d10c5-4a03-4a5c-baf7-3e40504e58a5:c17, 47cde36c-9fa2-4fed-9254-c7cf08d1e5f9:c17, c179a657-9165-49fe-9ad6-e054b9d56145:c16]
2019-08-27 08:33:01,922 | ERROR | DNAudit | user=null | ip=null | op=WRITE_CHUNK {blockData=conID: 1 locID: 102688015133179918 bcsId: 14} | ret=FAILURE | org.apache.hadoop.hdds.scm.container.common.helpers.ContainerNotOpenException: Container 1 in CLOSING state
	at org.apache.hadoop.ozone.container.common.impl.HddsDispatcher.validateContainerCommand(HddsDispatcher.java:408)
	at org.apache.hadoop.ozone.container.common.transport.server.ratis.ContainerStateMachine.startTransaction(ContainerStateMachine.java:309) 
2019-08-27 08:33:01,932 [grpc-default-executor-10] INFO  client.GrpcClientProtocolClient (GrpcClientProtocolClient.java:onNext(255)) - client-8CB5748F5A3B->47cde36c-9fa2-4fed-9254-c7cf08d1e5f9: receive RaftClientReply:client-8CB5748F5A3B->47cde36c-9fa2-4fed-9254-c7cf08d1e5f9@group-29C44B8D7A45, cid=191, FAILED org.apache.ratis.protocol.StateMachineException: org.apache.hadoop.hdds.scm.container.common.helpers.ContainerNotOpenException from Server 47cde36c-9fa2-4fed-9254-c7cf08d1e5f9: Container 1 in CLOSING state, logIndex=0, commits[47cde36c-9fa2-4fed-9254-c7cf08d1e5f9:c18, 345d10c5-4a03-4a5c-baf7-3e40504e58a5:c17, c179a657-9165-49fe-9ad6-e054b9d56145:c16]
2019-08-27 08:33:01,934 | ERROR | DNAudit | user=null | ip=null | op=WRITE_CHUNK {blockData=conID: 1 locID: 102688015133179918 bcsId: 14} | ret=FAILURE | org.apache.hadoop.hdds.scm.container.common.helpers.ContainerNotOpenException: Container 1 in CLOSING state
	at org.apache.hadoop.ozone.container.common.impl.HddsDispatcher.validateContainerCommand(HddsDispatcher.java:408)
	at org.apache.hadoop.ozone.container.common.transport.server.ratis.ContainerStateMachine.startTransaction(ContainerStateMachine.java:309) 
2019-08-27 08:33:01,935 | ERROR | DNAudit | user=null | ip=null | op=PUT_BLOCK {blockData=[blockId=conID: 1 locID: 102688015133179918 bcsId: 0,size=650]} | ret=FAILURE | org.apache.hadoop.hdds.scm.container.common.helpers.ContainerNotOpenException: Container 1 in CLOSING state
	at org.apache.hadoop.ozone.container.common.impl.HddsDispatcher.validateContainerCommand(HddsDispatcher.java:408)
	at org.apache.hadoop.ozone.container.common.transport.server.ratis.ContainerStateMachine.startTransaction(ContainerStateMachine.java:309) 
2019-08-27 08:33:01,946 [grpc-default-executor-10] INFO  client.GrpcClientProtocolClient (GrpcClientProtocolClient.java:onNext(255)) - client-8CB5748F5A3B->47cde36c-9fa2-4fed-9254-c7cf08d1e5f9: receive RaftClientReply:client-8CB5748F5A3B->47cde36c-9fa2-4fed-9254-c7cf08d1e5f9@group-29C44B8D7A45, cid=192, FAILED org.apache.ratis.protocol.StateMachineException: org.apache.hadoop.hdds.scm.container.common.helpers.ContainerNotOpenException from Server 47cde36c-9fa2-4fed-9254-c7cf08d1e5f9: Container 1 in CLOSING state, logIndex=0, commits[47cde36c-9fa2-4fed-9254-c7cf08d1e5f9:c18, 345d10c5-4a03-4a5c-baf7-3e40504e58a5:c17, c179a657-9165-49fe-9ad6-e054b9d56145:c16]
2019-08-27 08:33:01,946 | ERROR | DNAudit | user=null | ip=null | op=WRITE_CHUNK {blockData=conID: 1 locID: 102688015133179918 bcsId: 14} | ret=FAILURE | org.apache.hadoop.hdds.scm.container.common.helpers.ContainerNotOpenException: Container 1 in CLOSING state
	at org.apache.hadoop.ozone.container.common.impl.HddsDispatcher.validateContainerCommand(HddsDispatcher.java:408)
	at org.apache.hadoop.ozone.container.common.transport.server.ratis.ContainerStateMachine.startTransaction(ContainerStateMachine.java:309) 
2019-08-27 08:33:01,950 [grpc-default-executor-10] INFO  client.GrpcClientProtocolClient (GrpcClientProtocolClient.java:onNext(255)) - client-8CB5748F5A3B->47cde36c-9fa2-4fed-9254-c7cf08d1e5f9: receive RaftClientReply:client-8CB5748F5A3B->47cde36c-9fa2-4fed-9254-c7cf08d1e5f9@group-29C44B8D7A45, cid=193, FAILED org.apache.ratis.protocol.StateMachineException: org.apache.hadoop.hdds.scm.container.common.helpers.ContainerNotOpenException from Server 47cde36c-9fa2-4fed-9254-c7cf08d1e5f9: Container 1 in CLOSING state, logIndex=0, commits[47cde36c-9fa2-4fed-9254-c7cf08d1e5f9:c18, 345d10c5-4a03-4a5c-baf7-3e40504e58a5:c17, c179a657-9165-49fe-9ad6-e054b9d56145:c16]
2019-08-27 08:33:01,952 | ERROR | DNAudit | user=null | ip=null | op=WRITE_CHUNK {blockData=conID: 1 locID: 102688015133179918 bcsId: 14} | ret=FAILURE | org.apache.hadoop.hdds.scm.container.common.helpers.ContainerNotOpenException: Container 1 in CLOSING state
	at org.apache.hadoop.ozone.container.common.impl.HddsDispatcher.validateContainerCommand(HddsDispatcher.java:408)
	at org.apache.hadoop.ozone.container.common.transport.server.ratis.ContainerStateMachine.startTransaction(ContainerStateMachine.java:309) 
2019-08-27 08:33:01,953 [grpc-default-executor-10] INFO  client.GrpcClientProtocolClient (GrpcClientProtocolClient.java:onNext(255)) - client-8CB5748F5A3B->47cde36c-9fa2-4fed-9254-c7cf08d1e5f9: receive RaftClientReply:client-8CB5748F5A3B->47cde36c-9fa2-4fed-9254-c7cf08d1e5f9@group-29C44B8D7A45, cid=194, FAILED org.apache.ratis.protocol.StateMachineException: org.apache.hadoop.hdds.scm.container.common.helpers.ContainerNotOpenException from Server 47cde36c-9fa2-4fed-9254-c7cf08d1e5f9: Container 1 in CLOSING state, logIndex=0, commits[47cde36c-9fa2-4fed-9254-c7cf08d1e5f9:c18, 345d10c5-4a03-4a5c-baf7-3e40504e58a5:c17, c179a657-9165-49fe-9ad6-e054b9d56145:c16]
2019-08-27 08:33:01,959 | ERROR | DNAudit | user=null | ip=null | op=PUT_BLOCK {blockData=[blockId=conID: 1 locID: 102688015133179918 bcsId: 0,size=800]} | ret=FAILURE | org.apache.hadoop.hdds.scm.container.common.helpers.ContainerNotOpenException: Container 1 in CLOSING state
	at org.apache.hadoop.ozone.container.common.impl.HddsDispatcher.validateContainerCommand(HddsDispatcher.java:408)
	at org.apache.hadoop.ozone.container.common.transport.server.ratis.ContainerStateMachine.startTransaction(ContainerStateMachine.java:309) 
2019-08-27 08:33:01,961 [grpc-default-executor-10] INFO  client.GrpcClientProtocolClient (GrpcClientProtocolClient.java:onNext(255)) - client-8CB5748F5A3B->47cde36c-9fa2-4fed-9254-c7cf08d1e5f9: receive RaftClientReply:client-8CB5748F5A3B->47cde36c-9fa2-4fed-9254-c7cf08d1e5f9@group-29C44B8D7A45, cid=195, FAILED org.apache.ratis.protocol.StateMachineException: org.apache.hadoop.hdds.scm.container.common.helpers.ContainerNotOpenException from Server 47cde36c-9fa2-4fed-9254-c7cf08d1e5f9: Container 1 in CLOSING state, logIndex=0, commits[47cde36c-9fa2-4fed-9254-c7cf08d1e5f9:c18, 345d10c5-4a03-4a5c-baf7-3e40504e58a5:c17, c179a657-9165-49fe-9ad6-e054b9d56145:c16]
2019-08-27 08:33:01,965 [grpc-default-executor-10] INFO  client.GrpcClientProtocolClient (GrpcClientProtocolClient.java:onNext(255)) - client-8CB5748F5A3B->47cde36c-9fa2-4fed-9254-c7cf08d1e5f9: receive RaftClientReply:client-8CB5748F5A3B->47cde36c-9fa2-4fed-9254-c7cf08d1e5f9@group-29C44B8D7A45, cid=196, FAILED org.apache.ratis.protocol.StateMachineException: org.apache.hadoop.hdds.scm.container.common.helpers.ContainerNotOpenException from Server 47cde36c-9fa2-4fed-9254-c7cf08d1e5f9: Container 1 in CLOSING state, logIndex=0, commits[47cde36c-9fa2-4fed-9254-c7cf08d1e5f9:c18, 345d10c5-4a03-4a5c-baf7-3e40504e58a5:c17, c179a657-9165-49fe-9ad6-e054b9d56145:c16]
2019-08-27 08:33:02,005 | INFO  | SCMAudit | user=jenkins1000 | ip=192.168.36.77 | op=ALLOCATE_BLOCK {owner=c73355b7-c962-4dbd-984b-90252f215bcb, size=800, type=RATIS, factor=THREE} | ret=SUCCESS |  
2019-08-27 08:33:02,008 | INFO  | OMAudit | user=jenkins1000 | ip=127.0.0.1 | op=ALLOCATE_BLOCK {volume=testblockoutputstream, bucket=testblockoutputstream, key=bfea44cc-a71f-4ebf-a1ab-9cecbab854fa, dataSize=0, replicationType=null, replicationFactor=null, keyLocationInfo=null, clientID=102688015132983309} | ret=SUCCESS |  
2019-08-27 08:33:02,019 [grpc-default-executor-10] INFO  client.GrpcClientProtocolClient (GrpcClientProtocolClient.java:onNext(255)) - client-7047D187250D->0d19c57b-e104-4f48-977d-bd1ef2c3206a: receive RaftClientReply:client-7047D187250D->0d19c57b-e104-4f48-977d-bd1ef2c3206a@group-B10EB1E3C230, cid=197, FAILED org.apache.ratis.protocol.NotLeaderException: Server 0d19c57b-e104-4f48-977d-bd1ef2c3206a is not the leader (a7415c16-3934-426f-880c-bd70b649961c:192.168.36.77:40640). Request must be sent to leader., logIndex=0, commits[0d19c57b-e104-4f48-977d-bd1ef2c3206a:c0, 50c0ab61-1758-43d2-a587-5cb94a3c81fe:c0, a7415c16-3934-426f-880c-bd70b649961c:c0]
2019-08-27 08:33:02,120 | INFO  | SCMAudit | user=jenkins1000 | ip=192.168.36.77 | op=SEND_HEARTBEAT {datanodeUUID=54ae50f6-2c43-44f1-944a-6e503a426641, command=[]} | ret=SUCCESS |  
2019-08-27 08:33:02,213 | INFO  | DNAudit | user=null | ip=null | op=WRITE_CHUNK {blockData=conID: 2 locID: 102688016433479695 bcsId: 0} | ret=SUCCESS |  
2019-08-27 08:33:02,213 | INFO  | DNAudit | user=null | ip=null | op=WRITE_CHUNK {blockData=conID: 2 locID: 102688016433479695 bcsId: 0} | ret=SUCCESS |  
2019-08-27 08:33:02,213 | INFO  | DNAudit | user=null | ip=null | op=WRITE_CHUNK {blockData=conID: 2 locID: 102688016433479695 bcsId: 0} | ret=SUCCESS |  
2019-08-27 08:33:02,213 | INFO  | SCMAudit | user=jenkins1000 | ip=192.168.36.77 | op=SEND_HEARTBEAT {datanodeUUID=0d19c57b-e104-4f48-977d-bd1ef2c3206a, command=[]} | ret=SUCCESS |  
2019-08-27 08:33:02,213 | INFO  | SCMAudit | user=jenkins1000 | ip=192.168.36.77 | op=SEND_HEARTBEAT {datanodeUUID=50c0ab61-1758-43d2-a587-5cb94a3c81fe, command=[]} | ret=SUCCESS |  
2019-08-27 08:33:02,213 | INFO  | SCMAudit | user=jenkins1000 | ip=192.168.36.77 | op=SEND_HEARTBEAT {datanodeUUID=a7415c16-3934-426f-880c-bd70b649961c, command=[]} | ret=SUCCESS |  
2019-08-27 08:33:02,227 | INFO  | DNAudit | user=null | ip=null | op=WRITE_CHUNK {blockData=conID: 2 locID: 102688016433479695 bcsId: 0} | ret=SUCCESS |  
2019-08-27 08:33:02,231 [grpc-default-executor-10] INFO  client.GrpcClientProtocolClient (GrpcClientProtocolClient.java:onNext(255)) - client-7047D187250D->a7415c16-3934-426f-880c-bd70b649961c: receive RaftClientReply:client-7047D187250D->a7415c16-3934-426f-880c-bd70b649961c@group-B10EB1E3C230, cid=197, SUCCESS, logIndex=1, commits[a7415c16-3934-426f-880c-bd70b649961c:c1, 0d19c57b-e104-4f48-977d-bd1ef2c3206a:c0, 50c0ab61-1758-43d2-a587-5cb94a3c81fe:c0]
2019-08-27 08:33:02,235 | INFO  | DNAudit | user=null | ip=null | op=WRITE_CHUNK {blockData=conID: 2 locID: 102688016433479695 bcsId: 0} | ret=SUCCESS |  
2019-08-27 08:33:02,237 | INFO  | DNAudit | user=null | ip=null | op=WRITE_CHUNK {blockData=conID: 2 locID: 102688016433479695 bcsId: 0} | ret=SUCCESS |  
2019-08-27 08:33:02,237 | INFO  | DNAudit | user=null | ip=null | op=WRITE_CHUNK {blockData=conID: 2 locID: 102688016433479695 bcsId: 0} | ret=SUCCESS |  
2019-08-27 08:33:02,237 | INFO  | DNAudit | user=null | ip=null | op=WRITE_CHUNK {blockData=conID: 2 locID: 102688016433479695 bcsId: 0} | ret=SUCCESS |  
2019-08-27 08:33:02,237 | INFO  | DNAudit | user=null | ip=null | op=WRITE_CHUNK {blockData=conID: 2 locID: 102688016433479695 bcsId: 0} | ret=SUCCESS |  
2019-08-27 08:33:02,238 | INFO  | DNAudit | user=null | ip=null | op=WRITE_CHUNK {blockData=conID: 2 locID: 102688016433479695 bcsId: 0} | ret=SUCCESS |  
2019-08-27 08:33:02,238 | INFO  | DNAudit | user=null | ip=null | op=WRITE_CHUNK {blockData=conID: 2 locID: 102688016433479695 bcsId: 0} | ret=SUCCESS |  
2019-08-27 08:33:02,238 | INFO  | DNAudit | user=null | ip=null | op=WRITE_CHUNK {blockData=conID: 2 locID: 102688016433479695 bcsId: 0} | ret=SUCCESS |  
2019-08-27 08:33:02,239 | INFO  | DNAudit | user=null | ip=null | op=WRITE_CHUNK {blockData=conID: 2 locID: 102688016433479695 bcsId: 0} | ret=SUCCESS |  
2019-08-27 08:33:02,239 | INFO  | DNAudit | user=null | ip=null | op=WRITE_CHUNK {blockData=conID: 2 locID: 102688016433479695 bcsId: 0} | ret=SUCCESS |  
2019-08-27 08:33:02,239 | INFO  | DNAudit | user=null | ip=null | op=WRITE_CHUNK {blockData=conID: 2 locID: 102688016433479695 bcsId: 0} | ret=SUCCESS |  
2019-08-27 08:33:02,252 | INFO  | DNAudit | user=null | ip=null | op=WRITE_CHUNK {blockData=conID: 2 locID: 102688016433479695 bcsId: 0} | ret=SUCCESS |  
2019-08-27 08:33:02,256 [grpc-default-executor-5] INFO  client.GrpcClientProtocolClient (GrpcClientProtocolClient.java:onNext(255)) - client-7047D187250D->a7415c16-3934-426f-880c-bd70b649961c: receive RaftClientReply:client-7047D187250D->a7415c16-3934-426f-880c-bd70b649961c@group-B10EB1E3C230, cid=198, SUCCESS, logIndex=3, commits[a7415c16-3934-426f-880c-bd70b649961c:c6, 0d19c57b-e104-4f48-977d-bd1ef2c3206a:c1, 50c0ab61-1758-43d2-a587-5cb94a3c81fe:c1]
2019-08-27 08:33:02,266 | INFO  | DNAudit | user=null | ip=null | op=WRITE_CHUNK {blockData=conID: 2 locID: 102688016433479695 bcsId: 0} | ret=SUCCESS |  
2019-08-27 08:33:02,266 | INFO  | DNAudit | user=null | ip=null | op=WRITE_CHUNK {blockData=conID: 2 locID: 102688016433479695 bcsId: 0} | ret=SUCCESS |  
2019-08-27 08:33:02,285 | INFO  | DNAudit | user=null | ip=null | op=PUT_BLOCK {blockData=[blockId=conID: 2 locID: 102688016433479695 bcsId: 0,size=200]} | ret=SUCCESS |  
2019-08-27 08:33:02,286 | INFO  | DNAudit | user=null | ip=null | op=WRITE_CHUNK {blockData=conID: 2 locID: 102688016433479695 bcsId: 0} | ret=SUCCESS |  
2019-08-27 08:33:02,286 [grpc-default-executor-5] INFO  client.GrpcClientProtocolClient (GrpcClientProtocolClient.java:onNext(255)) - client-7047D187250D->a7415c16-3934-426f-880c-bd70b649961c: receive RaftClientReply:client-7047D187250D->a7415c16-3934-426f-880c-bd70b649961c@group-B10EB1E3C230, cid=199, SUCCESS, logIndex=4, commits[a7415c16-3934-426f-880c-bd70b649961c:c10, 0d19c57b-e104-4f48-977d-bd1ef2c3206a:c7, 50c0ab61-1758-43d2-a587-5cb94a3c81fe:c7]
2019-08-27 08:33:02,287 | INFO  | DNAudit | user=null | ip=null | op=WRITE_CHUNK {blockData=conID: 2 locID: 102688016433479695 bcsId: 0} | ret=SUCCESS |  
2019-08-27 08:33:02,288 [grpc-default-executor-5] INFO  client.GrpcClientProtocolClient (GrpcClientProtocolClient.java:onNext(255)) - client-7047D187250D->a7415c16-3934-426f-880c-bd70b649961c: receive RaftClientReply:client-7047D187250D->a7415c16-3934-426f-880c-bd70b649961c@group-B10EB1E3C230, cid=200, SUCCESS, logIndex=5, commits[a7415c16-3934-426f-880c-bd70b649961c:c10, 0d19c57b-e104-4f48-977d-bd1ef2c3206a:c7, 50c0ab61-1758-43d2-a587-5cb94a3c81fe:c7]
2019-08-27 08:33:02,289 [grpc-default-executor-5] INFO  client.GrpcClientProtocolClient (GrpcClientProtocolClient.java:onNext(255)) - client-7047D187250D->a7415c16-3934-426f-880c-bd70b649961c: receive RaftClientReply:client-7047D187250D->a7415c16-3934-426f-880c-bd70b649961c@group-B10EB1E3C230, cid=201, SUCCESS, logIndex=6, commits[a7415c16-3934-426f-880c-bd70b649961c:c10, 0d19c57b-e104-4f48-977d-bd1ef2c3206a:c7, 50c0ab61-1758-43d2-a587-5cb94a3c81fe:c7]
2019-08-27 08:33:02,349 | INFO  | DNAudit | user=null | ip=null | op=PUT_BLOCK {blockData=[blockId=conID: 2 locID: 102688016433479695 bcsId: 0,size=200]} | ret=SUCCESS |  
2019-08-27 08:33:02,350 | INFO  | DNAudit | user=null | ip=null | op=WRITE_CHUNK {blockData=conID: 2 locID: 102688016433479695 bcsId: 0} | ret=SUCCESS |  
2019-08-27 08:33:02,351 | INFO  | DNAudit | user=null | ip=null | op=WRITE_CHUNK {blockData=conID: 2 locID: 102688016433479695 bcsId: 0} | ret=SUCCESS |  
2019-08-27 08:33:02,408 | INFO  | DNAudit | user=null | ip=null | op=PUT_BLOCK {blockData=[blockId=conID: 2 locID: 102688016433479695 bcsId: 0,size=400]} | ret=SUCCESS |  
2019-08-27 08:33:02,408 | INFO  | DNAudit | user=null | ip=null | op=PUT_BLOCK {blockData=[blockId=conID: 2 locID: 102688016433479695 bcsId: 0,size=400]} | ret=SUCCESS |  
2019-08-27 08:33:02,408 | INFO  | DNAudit | user=null | ip=null | op=PUT_BLOCK {blockData=[blockId=conID: 2 locID: 102688016433479695 bcsId: 0,size=200]} | ret=SUCCESS |  
2019-08-27 08:33:02,408 | INFO  | DNAudit | user=null | ip=null | op=WRITE_CHUNK {blockData=conID: 2 locID: 102688016433479695 bcsId: 0} | ret=SUCCESS |  
2019-08-27 08:33:02,409 | INFO  | DNAudit | user=null | ip=null | op=WRITE_CHUNK {blockData=conID: 2 locID: 102688016433479695 bcsId: 0} | ret=SUCCESS |  
2019-08-27 08:33:02,410 | INFO  | DNAudit | user=null | ip=null | op=PUT_BLOCK {blockData=[blockId=conID: 2 locID: 102688016433479695 bcsId: 0,size=400]} | ret=SUCCESS |  
2019-08-27 08:33:02,410 [grpc-default-executor-5] INFO  client.GrpcClientProtocolClient (GrpcClientProtocolClient.java:onNext(255)) - client-7047D187250D->a7415c16-3934-426f-880c-bd70b649961c: receive RaftClientReply:client-7047D187250D->a7415c16-3934-426f-880c-bd70b649961c@group-B10EB1E3C230, cid=202, SUCCESS, logIndex=7, commits[a7415c16-3934-426f-880c-bd70b649961c:c10, 0d19c57b-e104-4f48-977d-bd1ef2c3206a:c7, 50c0ab61-1758-43d2-a587-5cb94a3c81fe:c7]
2019-08-27 08:33:02,414 | INFO  | DNAudit | user=null | ip=null | op=WRITE_CHUNK {blockData=conID: 2 locID: 102688016433479695 bcsId: 7} | ret=SUCCESS |  
2019-08-27 08:33:02,416 | INFO  | DNAudit | user=null | ip=null | op=WRITE_CHUNK {blockData=conID: 2 locID: 102688016433479695 bcsId: 7} | ret=SUCCESS |  
2019-08-27 08:33:02,416 | INFO  | DNAudit | user=null | ip=null | op=WRITE_CHUNK {blockData=conID: 2 locID: 102688016433479695 bcsId: 7} | ret=SUCCESS |  
2019-08-27 08:33:02,432 | INFO  | DNAudit | user=null | ip=null | op=WRITE_CHUNK {blockData=conID: 2 locID: 102688016433479695 bcsId: 7} | ret=SUCCESS |  
2019-08-27 08:33:02,435 | INFO  | DNAudit | user=null | ip=null | op=PUT_BLOCK {blockData=[blockId=conID: 2 locID: 102688016433479695 bcsId: 0,size=450]} | ret=SUCCESS |  
2019-08-27 08:33:02,435 [grpc-default-executor-5] INFO  client.GrpcClientProtocolClient (GrpcClientProtocolClient.java:onNext(255)) - client-7047D187250D->a7415c16-3934-426f-880c-bd70b649961c: receive RaftClientReply:client-7047D187250D->a7415c16-3934-426f-880c-bd70b649961c@group-B10EB1E3C230, cid=203, SUCCESS, logIndex=11, commits[a7415c16-3934-426f-880c-bd70b649961c:c12, 0d19c57b-e104-4f48-977d-bd1ef2c3206a:c10, 50c0ab61-1758-43d2-a587-5cb94a3c81fe:c10]
2019-08-27 08:33:02,436 [grpc-default-executor-5] INFO  client.GrpcClientProtocolClient (GrpcClientProtocolClient.java:onNext(255)) - client-7047D187250D->a7415c16-3934-426f-880c-bd70b649961c: receive RaftClientReply:client-7047D187250D->a7415c16-3934-426f-880c-bd70b649961c@group-B10EB1E3C230, cid=204, SUCCESS, logIndex=12, commits[a7415c16-3934-426f-880c-bd70b649961c:c12, 0d19c57b-e104-4f48-977d-bd1ef2c3206a:c10, 50c0ab61-1758-43d2-a587-5cb94a3c81fe:c10]
2019-08-27 08:33:02,443 | INFO  | DNAudit | user=null | ip=null | op=WRITE_CHUNK {blockData=conID: 2 locID: 102688016433479695 bcsId: 7} | ret=SUCCESS |  
2019-08-27 08:33:02,444 | INFO  | DNAudit | user=null | ip=null | op=WRITE_CHUNK {blockData=conID: 2 locID: 102688016433479695 bcsId: 7} | ret=SUCCESS |  
2019-08-27 08:33:02,453 | INFO  | DNAudit | user=null | ip=null | op=PUT_BLOCK {blockData=[blockId=conID: 2 locID: 102688016433479695 bcsId: 0,size=450]} | ret=SUCCESS |  
2019-08-27 08:33:02,453 | INFO  | DNAudit | user=null | ip=null | op=PUT_BLOCK {blockData=[blockId=conID: 2 locID: 102688016433479695 bcsId: 0,size=450]} | ret=SUCCESS |  
2019-08-27 08:33:02,457 [grpc-default-executor-5] INFO  client.GrpcClientProtocolClient (GrpcClientProtocolClient.java:onNext(255)) - client-7047D187250D->a7415c16-3934-426f-880c-bd70b649961c: receive RaftClientReply:client-7047D187250D->a7415c16-3934-426f-880c-bd70b649961c@group-B10EB1E3C230, cid=205, SUCCESS, logIndex=0, commits[a7415c16-3934-426f-880c-bd70b649961c:c13, 0d19c57b-e104-4f48-977d-bd1ef2c3206a:c12, 50c0ab61-1758-43d2-a587-5cb94a3c81fe:c12]
2019-08-27 08:33:02,458 [main] INFO  ozone.MiniOzoneClusterImpl (MiniOzoneClusterImpl.java:shutdown(307)) - Shutting down the Mini Ozone Cluster
2019-08-27 08:33:02,458 | INFO  | SCMAudit | user=null | ip=null | op=GET_SCM_INFO null | ret=SUCCESS |  
2019-08-27 08:33:02,458 [main] INFO  ozone.MiniOzoneClusterImpl (MiniOzoneClusterImpl.java:stop(322)) - Stopping the Mini Ozone Cluster
2019-08-27 08:33:02,459 [main] INFO  ozone.MiniOzoneClusterImpl (MiniOzoneClusterImpl.java:stop(324)) - Stopping the OzoneManager
2019-08-27 08:33:02,459 [main] INFO  ipc.Server (Server.java:stop(3082)) - Stopping server on 38031
2019-08-27 08:33:02,469 [IPC Server listener on 38031] INFO  ipc.Server (Server.java:run(1185)) - Stopping IPC Server listener on 38031
2019-08-27 08:33:02,469 [IPC Server Responder] INFO  ipc.Server (Server.java:run(1319)) - Stopping IPC Server Responder
2019-08-27 08:33:02,469 [main] INFO  ratis.OzoneManagerDoubleBuffer (OzoneManagerDoubleBuffer.java:stop(248)) - Stopping OMDoubleBuffer flush thread
2019-08-27 08:33:02,485 [OMDoubleBufferFlushThread] INFO  ratis.OzoneManagerDoubleBuffer (OzoneManagerDoubleBuffer.java:flushTransactions(191)) - OMDoubleBuffer flush thread OMDoubleBufferFlushThread is interrupted and will exit. OMDoubleBufferFlushThread
2019-08-27 08:33:02,495 | INFO  | SCMAudit | user=jenkins1000 | ip=192.168.36.77 | op=SEND_HEARTBEAT {datanodeUUID=345d10c5-4a03-4a5c-baf7-3e40504e58a5, command=[]} | ret=SUCCESS |  
2019-08-27 08:33:02,495 | INFO  | SCMAudit | user=jenkins1000 | ip=192.168.36.77 | op=SEND_HEARTBEAT {datanodeUUID=47cde36c-9fa2-4fed-9254-c7cf08d1e5f9, command=[]} | ret=SUCCESS |  
2019-08-27 08:33:02,495 [main] INFO  utils.BackgroundService (BackgroundService.java:shutdown(148)) - Shutting down service KeyDeletingService
2019-08-27 08:33:02,497 [main] INFO  handler.ContextHandler (ContextHandler.java:doStop(910)) - Stopped o.e.j.w.WebAppContext@743c3520{/,null,UNAVAILABLE}{/ozoneManager}
2019-08-27 08:33:02,498 [main] INFO  server.AbstractConnector (AbstractConnector.java:doStop(318)) - Stopped ServerConnector@6842c101{HTTP/1.1,[http/1.1]}{0.0.0.0:0}
2019-08-27 08:33:02,499 [main] INFO  handler.ContextHandler (ContextHandler.java:doStop(910)) - Stopped o.e.j.s.ServletContextHandler@63d677f5{/static,file:///workdir/hadoop-ozone/integration-test/target/test-classes/webapps/static,UNAVAILABLE}
2019-08-27 08:33:02,499 [main] INFO  handler.ContextHandler (ContextHandler.java:doStop(910)) - Stopped o.e.j.s.ServletContextHandler@28b523a{/logs,file:///workdir/hadoop-ozone/integration-test/target/log,UNAVAILABLE}
2019-08-27 08:33:02,502 [main] INFO  ozone.MiniOzoneClusterImpl (MiniOzoneClusterImpl.java:stop(330)) - Shutting the HddsDatanodes
2019-08-27 08:33:03,121 | INFO  | SCMAudit | user=jenkins1000 | ip=192.168.36.77 | op=SEND_HEARTBEAT {datanodeUUID=54ae50f6-2c43-44f1-944a-6e503a426641, command=[]} | ret=SUCCESS |  
2019-08-27 08:33:03,210 [Datanode State Machine Thread - 0] INFO  statemachine.DatanodeStateMachine (DatanodeStateMachine.java:lambda$startDaemon$0(350)) - Ozone container server started.
2019-08-27 08:33:03,211 | INFO  | SCMAudit | user=jenkins1000 | ip=192.168.36.77 | op=SEND_HEARTBEAT {datanodeUUID=a7415c16-3934-426f-880c-bd70b649961c, command=[]} | ret=SUCCESS |  
2019-08-27 08:33:03,211 | INFO  | SCMAudit | user=jenkins1000 | ip=192.168.36.77 | op=SEND_HEARTBEAT {datanodeUUID=0d19c57b-e104-4f48-977d-bd1ef2c3206a, command=[]} | ret=SUCCESS |  
2019-08-27 08:33:03,474 [Datanode State Machine Thread - 0] INFO  statemachine.DatanodeStateMachine (DatanodeStateMachine.java:lambda$startDaemon$0(350)) - Ozone container server started.
2019-08-27 08:33:03,475 | INFO  | SCMAudit | user=jenkins1000 | ip=192.168.36.77 | op=SEND_HEARTBEAT {datanodeUUID=345d10c5-4a03-4a5c-baf7-3e40504e58a5, command=[]} | ret=SUCCESS |  
2019-08-27 08:33:04,104 [grpc-default-executor-10] WARN  server.GrpcLogAppender (LogUtils.java:warn(134)) - 47cde36c-9fa2-4fed-9254-c7cf08d1e5f9->c179a657-9165-49fe-9ad6-e054b9d56145: Failed appendEntries: org.apache.ratis.thirdparty.io.grpc.StatusRuntimeException: UNAVAILABLE: io exception
2019-08-27 08:33:04,105 [grpc-default-executor-10] INFO  impl.FollowerInfo (FollowerInfo.java:lambda$new$0(50)) - 47cde36c-9fa2-4fed-9254-c7cf08d1e5f9->c179a657-9165-49fe-9ad6-e054b9d56145: nextIndex: updateUnconditionally 1 -> 0
2019-08-27 08:33:04,120 | INFO  | SCMAudit | user=jenkins1000 | ip=192.168.36.77 | op=SEND_HEARTBEAT {datanodeUUID=54ae50f6-2c43-44f1-944a-6e503a426641, command=[]} | ret=SUCCESS |  
2019-08-27 08:33:04,211 | INFO  | SCMAudit | user=jenkins1000 | ip=192.168.36.77 | op=SEND_HEARTBEAT {datanodeUUID=a7415c16-3934-426f-880c-bd70b649961c, command=[]} | ret=SUCCESS |  
2019-08-27 08:33:04,211 | INFO  | SCMAudit | user=jenkins1000 | ip=192.168.36.77 | op=SEND_HEARTBEAT {datanodeUUID=0d19c57b-e104-4f48-977d-bd1ef2c3206a, command=[]} | ret=SUCCESS |  
2019-08-27 08:33:04,475 | INFO  | SCMAudit | user=jenkins1000 | ip=192.168.36.77 | op=SEND_HEARTBEAT {datanodeUUID=345d10c5-4a03-4a5c-baf7-3e40504e58a5, command=[]} | ret=SUCCESS |  
2019-08-27 08:33:05,121 | INFO  | SCMAudit | user=jenkins1000 | ip=192.168.36.77 | op=SEND_HEARTBEAT {datanodeUUID=54ae50f6-2c43-44f1-944a-6e503a426641, command=[]} | ret=SUCCESS |  
2019-08-27 08:33:05,211 | INFO  | SCMAudit | user=jenkins1000 | ip=192.168.36.77 | op=SEND_HEARTBEAT {datanodeUUID=a7415c16-3934-426f-880c-bd70b649961c, command=[]} | ret=SUCCESS |  
2019-08-27 08:33:05,211 | INFO  | SCMAudit | user=jenkins1000 | ip=192.168.36.77 | op=SEND_HEARTBEAT {datanodeUUID=0d19c57b-e104-4f48-977d-bd1ef2c3206a, command=[]} | ret=SUCCESS |  
2019-08-27 08:33:05,475 | INFO  | SCMAudit | user=jenkins1000 | ip=192.168.36.77 | op=SEND_HEARTBEAT {datanodeUUID=345d10c5-4a03-4a5c-baf7-3e40504e58a5, command=[]} | ret=SUCCESS |  
2019-08-27 08:33:06,121 | INFO  | SCMAudit | user=jenkins1000 | ip=192.168.36.77 | op=SEND_HEARTBEAT {datanodeUUID=54ae50f6-2c43-44f1-944a-6e503a426641, command=[]} | ret=SUCCESS |  
2019-08-27 08:33:06,212 | INFO  | SCMAudit | user=jenkins1000 | ip=192.168.36.77 | op=SEND_HEARTBEAT {datanodeUUID=0d19c57b-e104-4f48-977d-bd1ef2c3206a, command=[]} | ret=SUCCESS |  
2019-08-27 08:33:06,212 | INFO  | SCMAudit | user=jenkins1000 | ip=192.168.36.77 | op=SEND_HEARTBEAT {datanodeUUID=a7415c16-3934-426f-880c-bd70b649961c, command=[]} | ret=SUCCESS |  
2019-08-27 08:33:06,476 | INFO  | SCMAudit | user=jenkins1000 | ip=192.168.36.77 | op=SEND_HEARTBEAT {datanodeUUID=345d10c5-4a03-4a5c-baf7-3e40504e58a5, command=[]} | ret=SUCCESS |  
2019-08-27 08:33:06,605 [grpc-default-executor-9] WARN  server.GrpcLogAppender (LogUtils.java:warn(134)) - 47cde36c-9fa2-4fed-9254-c7cf08d1e5f9->c179a657-9165-49fe-9ad6-e054b9d56145: Failed appendEntries: org.apache.ratis.thirdparty.io.grpc.StatusRuntimeException: UNAVAILABLE: io exception
2019-08-27 08:33:06,605 [grpc-default-executor-9] INFO  impl.FollowerInfo (FollowerInfo.java:lambda$new$0(50)) - 47cde36c-9fa2-4fed-9254-c7cf08d1e5f9->c179a657-9165-49fe-9ad6-e054b9d56145: nextIndex: updateUnconditionally 0 -> 0
2019-08-27 08:33:07,121 | INFO  | SCMAudit | user=jenkins1000 | ip=192.168.36.77 | op=SEND_HEARTBEAT {datanodeUUID=54ae50f6-2c43-44f1-944a-6e503a426641, command=[]} | ret=SUCCESS |  
2019-08-27 08:33:07,212 | INFO  | SCMAudit | user=jenkins1000 | ip=192.168.36.77 | op=SEND_HEARTBEAT {datanodeUUID=0d19c57b-e104-4f48-977d-bd1ef2c3206a, command=[]} | ret=SUCCESS |  
2019-08-27 08:33:07,212 | INFO  | SCMAudit | user=jenkins1000 | ip=192.168.36.77 | op=SEND_HEARTBEAT {datanodeUUID=a7415c16-3934-426f-880c-bd70b649961c, command=[]} | ret=SUCCESS |  
2019-08-27 08:33:07,233 [EventQueue-StaleNodeForStaleNodeHandler] INFO  node.StaleNodeHandler (StaleNodeHandler.java:onMessage(58)) - Datanode 50c0ab61-1758-43d2-a587-5cb94a3c81fe{ip: 192.168.36.77, host: pr-hdds-738-64p2z-3138789487, networkLocation: /default-rack, certSerialId: null} moved to stale state. Finalizing its pipelines [PipelineID=73b89743-7df3-4c33-88f5-45bff1f7d793, PipelineID=d5b325be-c05e-4808-9713-b10eb1e3c230]
2019-08-27 08:33:07,233 [EventQueue-StaleNodeForStaleNodeHandler] INFO  pipeline.SCMPipelineManager (SCMPipelineManager.java:finalizeAndDestroyPipeline(309)) - destroying pipeline:Pipeline[ Id: 73b89743-7df3-4c33-88f5-45bff1f7d793, Nodes: 50c0ab61-1758-43d2-a587-5cb94a3c81fe{ip: 192.168.36.77, host: pr-hdds-738-64p2z-3138789487, networkLocation: /default-rack, certSerialId: null}, Type:RATIS, Factor:ONE, State:OPEN]
2019-08-27 08:33:07,234 [EventQueue-StaleNodeForStaleNodeHandler] INFO  pipeline.PipelineStateManager (PipelineStateManager.java:finalizePipeline(123)) - Pipeline Pipeline[ Id: 73b89743-7df3-4c33-88f5-45bff1f7d793, Nodes: 50c0ab61-1758-43d2-a587-5cb94a3c81fe{ip: 192.168.36.77, host: pr-hdds-738-64p2z-3138789487, networkLocation: /default-rack, certSerialId: null}, Type:RATIS, Factor:ONE, State:CLOSED] moved to CLOSED state
2019-08-27 08:33:07,234 [EventQueue-StaleNodeForStaleNodeHandler] INFO  pipeline.SCMPipelineManager (SCMPipelineManager.java:finalizeAndDestroyPipeline(309)) - destroying pipeline:Pipeline[ Id: d5b325be-c05e-4808-9713-b10eb1e3c230, Nodes: 0d19c57b-e104-4f48-977d-bd1ef2c3206a{ip: 192.168.36.77, host: pr-hdds-738-64p2z-3138789487, networkLocation: /default-rack, certSerialId: null}a7415c16-3934-426f-880c-bd70b649961c{ip: 192.168.36.77, host: pr-hdds-738-64p2z-3138789487, networkLocation: /default-rack, certSerialId: null}50c0ab61-1758-43d2-a587-5cb94a3c81fe{ip: 192.168.36.77, host: pr-hdds-738-64p2z-3138789487, networkLocation: /default-rack, certSerialId: null}, Type:RATIS, Factor:THREE, State:OPEN]
2019-08-27 08:33:07,234 [EventQueue-StaleNodeForStaleNodeHandler] INFO  pipeline.PipelineStateManager (PipelineStateManager.java:finalizePipeline(123)) - Pipeline Pipeline[ Id: d5b325be-c05e-4808-9713-b10eb1e3c230, Nodes: 0d19c57b-e104-4f48-977d-bd1ef2c3206a{ip: 192.168.36.77, host: pr-hdds-738-64p2z-3138789487, networkLocation: /default-rack, certSerialId: null}a7415c16-3934-426f-880c-bd70b649961c{ip: 192.168.36.77, host: pr-hdds-738-64p2z-3138789487, networkLocation: /default-rack, certSerialId: null}50c0ab61-1758-43d2-a587-5cb94a3c81fe{ip: 192.168.36.77, host: pr-hdds-738-64p2z-3138789487, networkLocation: /default-rack, certSerialId: null}, Type:RATIS, Factor:THREE, State:CLOSED] moved to CLOSED state
2019-08-27 08:33:07,234 [EventQueue-CloseContainerForCloseContainerEventHandler] INFO  container.CloseContainerEventHandler (CloseContainerEventHandler.java:onMessage(61)) - Close container Event triggered for container : #2
2019-08-27 08:33:07,476 | INFO  | SCMAudit | user=jenkins1000 | ip=192.168.36.77 | op=SEND_HEARTBEAT {datanodeUUID=345d10c5-4a03-4a5c-baf7-3e40504e58a5, command=[]} | ret=SUCCESS |  
2019-08-27 08:33:07,504 [main] INFO  ozoneimpl.OzoneContainer (OzoneContainer.java:stop(199)) - Attempting to stop container services.
2019-08-27 08:33:07,504 [ForkJoinPool.commonPool-worker-0] INFO  ozoneimpl.OzoneContainer (OzoneContainer.java:stop(199)) - Attempting to stop container services.
2019-08-27 08:33:07,505 [main] INFO  impl.RaftServerProxy (RaftServerProxy.java:lambda$close$4(314)) - 47cde36c-9fa2-4fed-9254-c7cf08d1e5f9: close
2019-08-27 08:33:07,505 [ForkJoinPool.commonPool-worker-0] INFO  impl.RaftServerProxy (RaftServerProxy.java:lambda$close$4(314)) - 50c0ab61-1758-43d2-a587-5cb94a3c81fe: close
2019-08-27 08:33:07,506 [main] INFO  impl.RaftServerImpl (RaftServerImpl.java:lambda$shutdown$3(245)) - 47cde36c-9fa2-4fed-9254-c7cf08d1e5f9: shutdown group-29C44B8D7A45
2019-08-27 08:33:07,506 [ForkJoinPool.commonPool-worker-0] INFO  impl.RaftServerImpl (RaftServerImpl.java:lambda$shutdown$3(245)) - 50c0ab61-1758-43d2-a587-5cb94a3c81fe: shutdown group-45BFF1F7D793
2019-08-27 08:33:07,506 [main] INFO  util.JmxRegister (JmxRegister.java:unregister(73)) - Successfully un-registered JMX Bean with object name Ratis:service=RaftServer,group=group-29C44B8D7A45,id=47cde36c-9fa2-4fed-9254-c7cf08d1e5f9
2019-08-27 08:33:07,506 [ForkJoinPool.commonPool-worker-0] INFO  util.JmxRegister (JmxRegister.java:unregister(73)) - Successfully un-registered JMX Bean with object name Ratis:service=RaftServer,group=group-45BFF1F7D793,id=50c0ab61-1758-43d2-a587-5cb94a3c81fe
2019-08-27 08:33:07,507 [main] INFO  impl.RoleInfo (RoleInfo.java:shutdownLeaderState(104)) - 47cde36c-9fa2-4fed-9254-c7cf08d1e5f9: shutdown LeaderState
2019-08-27 08:33:07,507 [ForkJoinPool.commonPool-worker-0] INFO  impl.RoleInfo (RoleInfo.java:shutdownLeaderState(104)) - 50c0ab61-1758-43d2-a587-5cb94a3c81fe: shutdown LeaderState
2019-08-27 08:33:07,511 [org.apache.ratis.server.impl.LogAppender$AppenderDaemon$$Lambda$511/1850064077@7ab76ba] WARN  server.GrpcLogAppender (GrpcLogAppender.java:mayWait(143)) - GrpcLogAppender(47cde36c-9fa2-4fed-9254-c7cf08d1e5f9->c179a657-9165-49fe-9ad6-e054b9d56145): Wait interrupted by java.lang.InterruptedException
2019-08-27 08:33:07,511 [main] INFO  impl.PendingRequests (PendingRequests.java:sendNotLeaderResponses(202)) - 47cde36c-9fa2-4fed-9254-c7cf08d1e5f9-PendingRequests: sendNotLeaderResponses
2019-08-27 08:33:07,511 [org.apache.ratis.server.impl.LogAppender$AppenderDaemon$$Lambda$511/1850064077@27343f1f] WARN  server.GrpcLogAppender (GrpcLogAppender.java:mayWait(143)) - GrpcLogAppender(47cde36c-9fa2-4fed-9254-c7cf08d1e5f9->345d10c5-4a03-4a5c-baf7-3e40504e58a5): Wait interrupted by java.lang.InterruptedException
2019-08-27 08:33:07,511 [ForkJoinPool.commonPool-worker-0] INFO  impl.PendingRequests (PendingRequests.java:sendNotLeaderResponses(202)) - 50c0ab61-1758-43d2-a587-5cb94a3c81fe-PendingRequests: sendNotLeaderResponses
2019-08-27 08:33:07,512 [main] INFO  impl.StateMachineUpdater (StateMachineUpdater.java:stopAndJoin(115)) - StateMachineUpdater:47cde36c-9fa2-4fed-9254-c7cf08d1e5f9:group-29C44B8D7A45: set stopIndex = 18
2019-08-27 08:33:07,512 [grpc-default-executor-9] INFO  server.GrpcServerProtocolService (GrpcServerProtocolService.java:onCompleted(104)) - 345d10c5-4a03-4a5c-baf7-3e40504e58a5: appendEntries completed
2019-08-27 08:33:07,512 [StateMachineUpdater:47cde36c-9fa2-4fed-9254-c7cf08d1e5f9:group-29C44B8D7A45] INFO  ratis.ContainerStateMachine (ContainerStateMachine.java:takeSnapshot(283)) - group-29C44B8D7A45: Taking a snapshot at:(t:1, i:14) file /workdir/hadoop-ozone/integration-test/target/test-dir/MiniOzoneClusterImpl-d49177c5-c9c6-4953-9114-88aa1897b70a/datanode-4/data/ratis/b216247c-4632-4696-aea6-29c44b8d7a45/sm/snapshot.1_14
2019-08-27 08:33:07,512 [ForkJoinPool.commonPool-worker-0] INFO  impl.StateMachineUpdater (StateMachineUpdater.java:stopAndJoin(115)) - StateMachineUpdater:50c0ab61-1758-43d2-a587-5cb94a3c81fe:group-45BFF1F7D793: set stopIndex = 0
2019-08-27 08:33:07,513 [grpc-default-executor-9] INFO  server.GrpcLogAppender (GrpcLogAppender.java:onCompleted(292)) - 47cde36c-9fa2-4fed-9254-c7cf08d1e5f9->345d10c5-4a03-4a5c-baf7-3e40504e58a5: follower responses appendEntries COMPLETED
2019-08-27 08:33:07,513 [ForkJoinPool.commonPool-worker-0] INFO  impl.RaftServerImpl (ServerState.java:close(394)) - 50c0ab61-1758-43d2-a587-5cb94a3c81fe:group-45BFF1F7D793 closes. The last applied log index is 0
2019-08-27 08:33:07,513 [grpc-default-executor-9] INFO  impl.FollowerInfo (FollowerInfo.java:lambda$new$0(50)) - 47cde36c-9fa2-4fed-9254-c7cf08d1e5f9->345d10c5-4a03-4a5c-baf7-3e40504e58a5: nextIndex: updateUnconditionally 19 -> 18
2019-08-27 08:33:07,514 [50c0ab61-1758-43d2-a587-5cb94a3c81fe-SegmentedRaftLogWorker:Storage Directory /workdir/hadoop-ozone/integration-test/target/test-dir/MiniOzoneClusterImpl-d49177c5-c9c6-4953-9114-88aa1897b70a/datanode-1/data/ratis/73b89743-7df3-4c33-88f5-45bff1f7d793] INFO  segmented.SegmentedRaftLogWorker (SegmentedRaftLogWorker.java:run(313)) - 50c0ab61-1758-43d2-a587-5cb94a3c81fe-SegmentedRaftLogWorker:Storage Directory /workdir/hadoop-ozone/integration-test/target/test-dir/MiniOzoneClusterImpl-d49177c5-c9c6-4953-9114-88aa1897b70a/datanode-1/data/ratis/73b89743-7df3-4c33-88f5-45bff1f7d793 was interrupted, exiting. There are 0 tasks remaining in the queue.
2019-08-27 08:33:07,525 [ForkJoinPool.commonPool-worker-0] INFO  segmented.SegmentedRaftLogWorker (SegmentedRaftLogWorker.java:close(228)) - 50c0ab61-1758-43d2-a587-5cb94a3c81fe-SegmentedRaftLogWorker:Storage Directory /workdir/hadoop-ozone/integration-test/target/test-dir/MiniOzoneClusterImpl-d49177c5-c9c6-4953-9114-88aa1897b70a/datanode-1/data/ratis/73b89743-7df3-4c33-88f5-45bff1f7d793 close()
2019-08-27 08:33:07,528 [StateMachineUpdater:47cde36c-9fa2-4fed-9254-c7cf08d1e5f9:group-29C44B8D7A45] INFO  ratis.ContainerStateMachine (ContainerStateMachine.java:takeSnapshot(294)) - group-29C44B8D7A45: Finished taking a snapshot at:(t:1, i:14) file:/workdir/hadoop-ozone/integration-test/target/test-dir/MiniOzoneClusterImpl-d49177c5-c9c6-4953-9114-88aa1897b70a/datanode-4/data/ratis/b216247c-4632-4696-aea6-29c44b8d7a45/sm/snapshot.1_14 time:16
2019-08-27 08:33:07,529 [ForkJoinPool.commonPool-worker-0] INFO  impl.RaftServerImpl (RaftServerImpl.java:lambda$shutdown$3(245)) - 50c0ab61-1758-43d2-a587-5cb94a3c81fe: shutdown group-B10EB1E3C230
2019-08-27 08:33:07,529 [StateMachineUpdater:47cde36c-9fa2-4fed-9254-c7cf08d1e5f9:group-29C44B8D7A45] INFO  impl.StateMachineUpdater (StateMachineUpdater.java:takeSnapshot(242)) - StateMachineUpdater:47cde36c-9fa2-4fed-9254-c7cf08d1e5f9:group-29C44B8D7A45: Took a snapshot at index 14
2019-08-27 08:33:07,530 [ForkJoinPool.commonPool-worker-0] INFO  util.JmxRegister (JmxRegister.java:unregister(73)) - Successfully un-registered JMX Bean with object name Ratis:service=RaftServer,group=group-B10EB1E3C230,id=50c0ab61-1758-43d2-a587-5cb94a3c81fe
2019-08-27 08:33:07,530 [StateMachineUpdater:47cde36c-9fa2-4fed-9254-c7cf08d1e5f9:group-29C44B8D7A45] INFO  impl.StateMachineUpdater (StateMachineUpdater.java:lambda$new$0(80)) - StateMachineUpdater:47cde36c-9fa2-4fed-9254-c7cf08d1e5f9:group-29C44B8D7A45: snapshotIndex: updateIncreasingly -1 -> 14
2019-08-27 08:33:07,530 [ForkJoinPool.commonPool-worker-0] INFO  impl.RoleInfo (RoleInfo.java:shutdownFollowerState(121)) - 50c0ab61-1758-43d2-a587-5cb94a3c81fe: shutdown FollowerState
2019-08-27 08:33:07,530 [ForkJoinPool.commonPool-worker-0] INFO  impl.StateMachineUpdater (StateMachineUpdater.java:stopAndJoin(115)) - StateMachineUpdater:50c0ab61-1758-43d2-a587-5cb94a3c81fe:group-B10EB1E3C230: set stopIndex = 14
2019-08-27 08:33:07,530 [main] INFO  impl.RaftServerImpl (ServerState.java:close(394)) - 47cde36c-9fa2-4fed-9254-c7cf08d1e5f9:group-29C44B8D7A45 closes. The last applied log index is 18
2019-08-27 08:33:07,530 [StateMachineUpdater:50c0ab61-1758-43d2-a587-5cb94a3c81fe:group-B10EB1E3C230] INFO  ratis.ContainerStateMachine (ContainerStateMachine.java:takeSnapshot(283)) - group-B10EB1E3C230: Taking a snapshot at:(t:1, i:12) file /workdir/hadoop-ozone/integration-test/target/test-dir/MiniOzoneClusterImpl-d49177c5-c9c6-4953-9114-88aa1897b70a/datanode-1/data/ratis/d5b325be-c05e-4808-9713-b10eb1e3c230/sm/snapshot.1_12
2019-08-27 08:33:07,530 [Thread-3600] INFO  impl.FollowerState (FollowerState.java:run(114)) - 50c0ab61-1758-43d2-a587-5cb94a3c81fe: FollowerState was interrupted: java.lang.InterruptedException: sleep interrupted
2019-08-27 08:33:07,531 [47cde36c-9fa2-4fed-9254-c7cf08d1e5f9-SegmentedRaftLogWorker:Storage Directory /workdir/hadoop-ozone/integration-test/target/test-dir/MiniOzoneClusterImpl-d49177c5-c9c6-4953-9114-88aa1897b70a/datanode-4/data/ratis/b216247c-4632-4696-aea6-29c44b8d7a45] INFO  segmented.SegmentedRaftLogWorker (SegmentedRaftLogWorker.java:run(313)) - 47cde36c-9fa2-4fed-9254-c7cf08d1e5f9-SegmentedRaftLogWorker:Storage Directory /workdir/hadoop-ozone/integration-test/target/test-dir/MiniOzoneClusterImpl-d49177c5-c9c6-4953-9114-88aa1897b70a/datanode-4/data/ratis/b216247c-4632-4696-aea6-29c44b8d7a45 was interrupted, exiting. There are 0 tasks remaining in the queue.
2019-08-27 08:33:07,534 [main] INFO  segmented.SegmentedRaftLogWorker (SegmentedRaftLogWorker.java:close(228)) - 47cde36c-9fa2-4fed-9254-c7cf08d1e5f9-SegmentedRaftLogWorker:Storage Directory /workdir/hadoop-ozone/integration-test/target/test-dir/MiniOzoneClusterImpl-d49177c5-c9c6-4953-9114-88aa1897b70a/datanode-4/data/ratis/b216247c-4632-4696-aea6-29c44b8d7a45 close()
2019-08-27 08:33:07,534 [EventQueue-StaleNodeForStaleNodeHandler] INFO  node.StaleNodeHandler (StaleNodeHandler.java:onMessage(58)) - Datanode 47cde36c-9fa2-4fed-9254-c7cf08d1e5f9{ip: 192.168.36.77, host: pr-hdds-738-64p2z-3138789487, networkLocation: /default-rack, certSerialId: null} moved to stale state. Finalizing its pipelines [PipelineID=b216247c-4632-4696-aea6-29c44b8d7a45, PipelineID=fec4b651-4d37-436a-8fbe-de93308fff82]
2019-08-27 08:33:07,538 [EventQueue-StaleNodeForStaleNodeHandler] INFO  pipeline.SCMPipelineManager (SCMPipelineManager.java:finalizeAndDestroyPipeline(309)) - destroying pipeline:Pipeline[ Id: b216247c-4632-4696-aea6-29c44b8d7a45, Nodes: c179a657-9165-49fe-9ad6-e054b9d56145{ip: 192.168.36.77, host: pr-hdds-738-64p2z-3138789487, networkLocation: /default-rack, certSerialId: null}345d10c5-4a03-4a5c-baf7-3e40504e58a5{ip: 192.168.36.77, host: pr-hdds-738-64p2z-3138789487, networkLocation: /default-rack, certSerialId: null}47cde36c-9fa2-4fed-9254-c7cf08d1e5f9{ip: 192.168.36.77, host: pr-hdds-738-64p2z-3138789487, networkLocation: /default-rack, certSerialId: null}, Type:RATIS, Factor:THREE, State:CLOSED]
2019-08-27 08:33:07,538 [main] INFO  impl.RaftServerImpl (RaftServerImpl.java:lambda$shutdown$3(245)) - 47cde36c-9fa2-4fed-9254-c7cf08d1e5f9: shutdown group-DE93308FFF82
2019-08-27 08:33:07,539 [EventQueue-StaleNodeForStaleNodeHandler] INFO  pipeline.SCMPipelineManager (SCMPipelineManager.java:finalizeAndDestroyPipeline(309)) - destroying pipeline:Pipeline[ Id: fec4b651-4d37-436a-8fbe-de93308fff82, Nodes: 47cde36c-9fa2-4fed-9254-c7cf08d1e5f9{ip: 192.168.36.77, host: pr-hdds-738-64p2z-3138789487, networkLocation: /default-rack, certSerialId: null}, Type:RATIS, Factor:ONE, State:OPEN]
2019-08-27 08:33:07,539 [main] INFO  util.JmxRegister (JmxRegister.java:unregister(73)) - Successfully un-registered JMX Bean with object name Ratis:service=RaftServer,group=group-DE93308FFF82,id=47cde36c-9fa2-4fed-9254-c7cf08d1e5f9
2019-08-27 08:33:07,539 [EventQueue-StaleNodeForStaleNodeHandler] INFO  pipeline.PipelineStateManager (PipelineStateManager.java:finalizePipeline(123)) - Pipeline Pipeline[ Id: fec4b651-4d37-436a-8fbe-de93308fff82, Nodes: 47cde36c-9fa2-4fed-9254-c7cf08d1e5f9{ip: 192.168.36.77, host: pr-hdds-738-64p2z-3138789487, networkLocation: /default-rack, certSerialId: null}, Type:RATIS, Factor:ONE, State:CLOSED] moved to CLOSED state
2019-08-27 08:33:07,539 [main] INFO  impl.RoleInfo (RoleInfo.java:shutdownLeaderState(104)) - 47cde36c-9fa2-4fed-9254-c7cf08d1e5f9: shutdown LeaderState
2019-08-27 08:33:07,540 [main] INFO  impl.PendingRequests (PendingRequests.java:sendNotLeaderResponses(202)) - 47cde36c-9fa2-4fed-9254-c7cf08d1e5f9-PendingRequests: sendNotLeaderResponses
2019-08-27 08:33:07,540 [main] INFO  impl.StateMachineUpdater (StateMachineUpdater.java:stopAndJoin(115)) - StateMachineUpdater:47cde36c-9fa2-4fed-9254-c7cf08d1e5f9:group-DE93308FFF82: set stopIndex = 0
2019-08-27 08:33:07,541 [main] INFO  impl.RaftServerImpl (ServerState.java:close(394)) - 47cde36c-9fa2-4fed-9254-c7cf08d1e5f9:group-DE93308FFF82 closes. The last applied log index is 0
2019-08-27 08:33:07,541 [47cde36c-9fa2-4fed-9254-c7cf08d1e5f9-SegmentedRaftLogWorker:Storage Directory /workdir/hadoop-ozone/integration-test/target/test-dir/MiniOzoneClusterImpl-d49177c5-c9c6-4953-9114-88aa1897b70a/datanode-4/data/ratis/fec4b651-4d37-436a-8fbe-de93308fff82] INFO  segmented.SegmentedRaftLogWorker (SegmentedRaftLogWorker.java:run(313)) - 47cde36c-9fa2-4fed-9254-c7cf08d1e5f9-SegmentedRaftLogWorker:Storage Directory /workdir/hadoop-ozone/integration-test/target/test-dir/MiniOzoneClusterImpl-d49177c5-c9c6-4953-9114-88aa1897b70a/datanode-4/data/ratis/fec4b651-4d37-436a-8fbe-de93308fff82 was interrupted, exiting. There are 0 tasks remaining in the queue.
2019-08-27 08:33:07,543 [main] INFO  segmented.SegmentedRaftLogWorker (SegmentedRaftLogWorker.java:close(228)) - 47cde36c-9fa2-4fed-9254-c7cf08d1e5f9-SegmentedRaftLogWorker:Storage Directory /workdir/hadoop-ozone/integration-test/target/test-dir/MiniOzoneClusterImpl-d49177c5-c9c6-4953-9114-88aa1897b70a/datanode-4/data/ratis/fec4b651-4d37-436a-8fbe-de93308fff82 close()
2019-08-27 08:33:07,547 [StateMachineUpdater:50c0ab61-1758-43d2-a587-5cb94a3c81fe:group-B10EB1E3C230] INFO  ratis.ContainerStateMachine (ContainerStateMachine.java:takeSnapshot(294)) - group-B10EB1E3C230: Finished taking a snapshot at:(t:1, i:12) file:/workdir/hadoop-ozone/integration-test/target/test-dir/MiniOzoneClusterImpl-d49177c5-c9c6-4953-9114-88aa1897b70a/datanode-1/data/ratis/d5b325be-c05e-4808-9713-b10eb1e3c230/sm/snapshot.1_12 time:16
2019-08-27 08:33:07,547 [main] INFO  server.GrpcService (GrpcService.java:closeImpl(155)) - 47cde36c-9fa2-4fed-9254-c7cf08d1e5f9: shutdown server with port 44491 now
2019-08-27 08:33:07,547 [StateMachineUpdater:50c0ab61-1758-43d2-a587-5cb94a3c81fe:group-B10EB1E3C230] INFO  impl.StateMachineUpdater (StateMachineUpdater.java:takeSnapshot(242)) - StateMachineUpdater:50c0ab61-1758-43d2-a587-5cb94a3c81fe:group-B10EB1E3C230: Took a snapshot at index 12
2019-08-27 08:33:07,547 [StateMachineUpdater:50c0ab61-1758-43d2-a587-5cb94a3c81fe:group-B10EB1E3C230] INFO  impl.StateMachineUpdater (StateMachineUpdater.java:lambda$new$0(80)) - StateMachineUpdater:50c0ab61-1758-43d2-a587-5cb94a3c81fe:group-B10EB1E3C230: snapshotIndex: updateIncreasingly -1 -> 12
2019-08-27 08:33:07,548 [ForkJoinPool.commonPool-worker-0] INFO  impl.RaftServerImpl (ServerState.java:close(394)) - 50c0ab61-1758-43d2-a587-5cb94a3c81fe:group-B10EB1E3C230 closes. The last applied log index is 14
2019-08-27 08:33:07,548 [main] INFO  server.GrpcService (GrpcService.java:closeImpl(163)) - 47cde36c-9fa2-4fed-9254-c7cf08d1e5f9: shutdown server with port 44491 successfully
2019-08-27 08:33:07,548 [50c0ab61-1758-43d2-a587-5cb94a3c81fe-SegmentedRaftLogWorker:Storage Directory /workdir/hadoop-ozone/integration-test/target/test-dir/MiniOzoneClusterImpl-d49177c5-c9c6-4953-9114-88aa1897b70a/datanode-1/data/ratis/d5b325be-c05e-4808-9713-b10eb1e3c230] INFO  segmented.SegmentedRaftLogWorker (SegmentedRaftLogWorker.java:run(313)) - 50c0ab61-1758-43d2-a587-5cb94a3c81fe-SegmentedRaftLogWorker:Storage Directory /workdir/hadoop-ozone/integration-test/target/test-dir/MiniOzoneClusterImpl-d49177c5-c9c6-4953-9114-88aa1897b70a/datanode-1/data/ratis/d5b325be-c05e-4808-9713-b10eb1e3c230 was interrupted, exiting. There are 0 tasks remaining in the queue.
2019-08-27 08:33:07,551 [ForkJoinPool.commonPool-worker-0] INFO  segmented.SegmentedRaftLogWorker (SegmentedRaftLogWorker.java:close(228)) - 50c0ab61-1758-43d2-a587-5cb94a3c81fe-SegmentedRaftLogWorker:Storage Directory /workdir/hadoop-ozone/integration-test/target/test-dir/MiniOzoneClusterImpl-d49177c5-c9c6-4953-9114-88aa1897b70a/datanode-1/data/ratis/d5b325be-c05e-4808-9713-b10eb1e3c230 close()
2019-08-27 08:33:07,555 [ForkJoinPool.commonPool-worker-0] INFO  server.GrpcService (GrpcService.java:closeImpl(155)) - 50c0ab61-1758-43d2-a587-5cb94a3c81fe: shutdown server with port 42824 now
2019-08-27 08:33:07,555 [main] INFO  utils.BackgroundService (BackgroundService.java:shutdown(148)) - Shutting down service BlockDeletingService
2019-08-27 08:33:07,556 [grpc-default-executor-10] WARN  server.GrpcServerProtocolService (LogUtils.java:warn(134)) - 50c0ab61-1758-43d2-a587-5cb94a3c81fe: appendEntries onError: org.apache.ratis.thirdparty.io.grpc.StatusRuntimeException: CANCELLED: cancelled before receiving half close
2019-08-27 08:33:07,556 [ForkJoinPool.commonPool-worker-0] INFO  server.GrpcService (GrpcService.java:closeImpl(163)) - 50c0ab61-1758-43d2-a587-5cb94a3c81fe: shutdown server with port 42824 successfully
2019-08-27 08:33:07,556 [grpc-default-executor-9] WARN  server.GrpcLogAppender (LogUtils.java:warn(134)) - a7415c16-3934-426f-880c-bd70b649961c->50c0ab61-1758-43d2-a587-5cb94a3c81fe: Failed appendEntries: org.apache.ratis.thirdparty.io.grpc.StatusRuntimeException: CANCELLED: HTTP/2 error code: CANCEL
Received Rst Stream
2019-08-27 08:33:07,557 [refreshUsed-/workdir/hadoop-ozone/integration-test/target/test-dir/MiniOzoneClusterImpl-d49177c5-c9c6-4953-9114-88aa1897b70a/datanode-4/data/containers] WARN  fs.CachingGetSpaceUsed (CachingGetSpaceUsed.java:run(183)) - Thread Interrupted waiting to refresh disk information: sleep interrupted
2019-08-27 08:33:07,557 [grpc-default-executor-9] INFO  impl.FollowerInfo (FollowerInfo.java:lambda$new$0(50)) - a7415c16-3934-426f-880c-bd70b649961c->50c0ab61-1758-43d2-a587-5cb94a3c81fe: nextIndex: updateUnconditionally 15 -> 14
2019-08-27 08:33:07,559 [ForkJoinPool.commonPool-worker-0] INFO  utils.BackgroundService (BackgroundService.java:shutdown(148)) - Shutting down service BlockDeletingService
2019-08-27 08:33:07,561 [refreshUsed-/workdir/hadoop-ozone/integration-test/target/test-dir/MiniOzoneClusterImpl-d49177c5-c9c6-4953-9114-88aa1897b70a/datanode-1/data/containers] WARN  fs.CachingGetSpaceUsed (CachingGetSpaceUsed.java:run(183)) - Thread Interrupted waiting to refresh disk information: sleep interrupted
2019-08-27 08:33:07,581 [ForkJoinPool.commonPool-worker-0] INFO  statemachine.DatanodeStateMachine (DatanodeStateMachine.java:stopDaemon(395)) - Ozone container server stopped.
2019-08-27 08:33:07,587 [ForkJoinPool.commonPool-worker-0] INFO  handler.ContextHandler (ContextHandler.java:doStop(910)) - Stopped o.e.j.w.WebAppContext@454bcbbf{/,null,UNAVAILABLE}{/hddsDatanode}
2019-08-27 08:33:07,587 [ForkJoinPool.commonPool-worker-0] INFO  server.AbstractConnector (AbstractConnector.java:doStop(318)) - Stopped ServerConnector@2c9fdb64{HTTP/1.1,[http/1.1]}{0.0.0.0:0}
2019-08-27 08:33:07,589 [ForkJoinPool.commonPool-worker-0] INFO  handler.ContextHandler (ContextHandler.java:doStop(910)) - Stopped o.e.j.s.ServletContextHandler@7841bd30{/static,jar:file:/home/user/.m2/repository/org/apache/hadoop/hadoop-hdds-container-service/0.5.0-SNAPSHOT/hadoop-hdds-container-service-0.5.0-SNAPSHOT.jar!/webapps/static,UNAVAILABLE}
2019-08-27 08:33:07,591 [ForkJoinPool.commonPool-worker-0] INFO  handler.ContextHandler (ContextHandler.java:doStop(910)) - Stopped o.e.j.s.ServletContextHandler@6aea99e7{/logs,file:///workdir/hadoop-ozone/integration-test/target/log,UNAVAILABLE}
2019-08-27 08:33:07,596 [main] INFO  statemachine.DatanodeStateMachine (DatanodeStateMachine.java:stopDaemon(395)) - Ozone container server stopped.
2019-08-27 08:33:07,597 [main] INFO  handler.ContextHandler (ContextHandler.java:doStop(910)) - Stopped o.e.j.w.WebAppContext@4e958f08{/,null,UNAVAILABLE}{/hddsDatanode}
2019-08-27 08:33:07,598 [main] INFO  server.AbstractConnector (AbstractConnector.java:doStop(318)) - Stopped ServerConnector@71c0b742{HTTP/1.1,[http/1.1]}{0.0.0.0:0}
2019-08-27 08:33:07,598 [main] INFO  handler.ContextHandler (ContextHandler.java:doStop(910)) - Stopped o.e.j.s.ServletContextHandler@48f2054d{/static,jar:file:/home/user/.m2/repository/org/apache/hadoop/hadoop-hdds-container-service/0.5.0-SNAPSHOT/hadoop-hdds-container-service-0.5.0-SNAPSHOT.jar!/webapps/static,UNAVAILABLE}
2019-08-27 08:33:07,599 [main] INFO  handler.ContextHandler (ContextHandler.java:doStop(910)) - Stopped o.e.j.s.ServletContextHandler@5520f675{/logs,file:///workdir/hadoop-ozone/integration-test/target/log,UNAVAILABLE}
2019-08-27 08:33:08,121 | INFO  | SCMAudit | user=jenkins1000 | ip=192.168.36.77 | op=SEND_HEARTBEAT {datanodeUUID=54ae50f6-2c43-44f1-944a-6e503a426641, command=[]} | ret=SUCCESS |  
2019-08-27 08:33:08,211 [Datanode State Machine Thread - 0] INFO  statemachine.DatanodeStateMachine (DatanodeStateMachine.java:lambda$startDaemon$0(350)) - Ozone container server started.
2019-08-27 08:33:08,213 | INFO  | SCMAudit | user=jenkins1000 | ip=192.168.36.77 | op=SEND_HEARTBEAT {datanodeUUID=a7415c16-3934-426f-880c-bd70b649961c, command=[commandType: closeContainerCommand closeContainerCommandProto { containerID: 2 pipelineID { id: "d5b325be-c05e-4808-9713-b10eb1e3c230" } cmdId: 2 force: false } ]} | ret=SUCCESS |  
2019-08-27 08:33:08,475 [Datanode State Machine Thread - 0] INFO  statemachine.DatanodeStateMachine (DatanodeStateMachine.java:lambda$startDaemon$0(350)) - Ozone container server started.
2019-08-27 08:33:09,121 | INFO  | SCMAudit | user=jenkins1000 | ip=192.168.36.77 | op=SEND_HEARTBEAT {datanodeUUID=54ae50f6-2c43-44f1-944a-6e503a426641, command=[]} | ret=SUCCESS |  
2019-08-27 08:33:09,213 | INFO  | SCMAudit | user=jenkins1000 | ip=192.168.36.77 | op=SEND_HEARTBEAT {datanodeUUID=a7415c16-3934-426f-880c-bd70b649961c, command=[]} | ret=SUCCESS |  
2019-08-27 08:33:09,230 | INFO  | SCMAudit | user=jenkins1000 | ip=192.168.36.77 | op=SEND_HEARTBEAT {datanodeUUID=a7415c16-3934-426f-880c-bd70b649961c, command=[]} | ret=SUCCESS |  
2019-08-27 08:33:09,232 [grpc-default-executor-9] WARN  server.GrpcLogAppender (LogUtils.java:warn(134)) - a7415c16-3934-426f-880c-bd70b649961c->50c0ab61-1758-43d2-a587-5cb94a3c81fe: Failed appendEntries: org.apache.ratis.thirdparty.io.grpc.StatusRuntimeException: UNAVAILABLE: io exception
2019-08-27 08:33:09,233 [grpc-default-executor-9] INFO  impl.FollowerInfo (FollowerInfo.java:lambda$new$0(50)) - a7415c16-3934-426f-880c-bd70b649961c->50c0ab61-1758-43d2-a587-5cb94a3c81fe: nextIndex: updateUnconditionally 15 -> 14
2019-08-27 08:33:09,245 [grpc-default-executor-5] WARN  server.GrpcLogAppender (LogUtils.java:warn(134)) - a7415c16-3934-426f-880c-bd70b649961c->50c0ab61-1758-43d2-a587-5cb94a3c81fe: Failed appendEntries: org.apache.ratis.thirdparty.io.grpc.StatusRuntimeException: UNAVAILABLE: io exception
2019-08-27 08:33:09,245 [grpc-default-executor-5] INFO  impl.FollowerInfo (FollowerInfo.java:lambda$new$0(50)) - a7415c16-3934-426f-880c-bd70b649961c->50c0ab61-1758-43d2-a587-5cb94a3c81fe: nextIndex: updateUnconditionally 15 -> 14
2019-08-27 08:33:09,258 [grpc-default-executor-10] WARN  server.GrpcLogAppender (LogUtils.java:warn(134)) - a7415c16-3934-426f-880c-bd70b649961c->50c0ab61-1758-43d2-a587-5cb94a3c81fe: Failed appendEntries: org.apache.ratis.thirdparty.io.grpc.StatusRuntimeException: UNAVAILABLE: io exception
2019-08-27 08:33:09,258 [grpc-default-executor-10] INFO  impl.FollowerInfo (FollowerInfo.java:lambda$new$0(50)) - a7415c16-3934-426f-880c-bd70b649961c->50c0ab61-1758-43d2-a587-5cb94a3c81fe: nextIndex: updateUnconditionally 15 -> 14
2019-08-27 08:33:09,304 [RatisApplyTransactionExecutor 2] INFO  interfaces.Container (KeyValueContainer.java:compactDB(356)) - Container 2 is closed with bcsId 12.
2019-08-27 08:33:09,307 | INFO  | DNAudit | user=null | ip=null | op=CLOSE_CONTAINER {containerID=2} | ret=SUCCESS |  
2019-08-27 08:33:09,308 | INFO  | SCMAudit | user=jenkins1000 | ip=192.168.36.77 | op=SEND_HEARTBEAT {datanodeUUID=a7415c16-3934-426f-880c-bd70b649961c, command=[]} | ret=SUCCESS |  
2019-08-27 08:33:09,308 [EventQueue-IncrementalContainerReportForIncrementalContainerReportHandler] INFO  container.IncrementalContainerReportHandler (AbstractContainerReportHandler.java:updateContainerState(176)) - Moving container #2 to CLOSED state, datanode a7415c16-3934-426f-880c-bd70b649961c{ip: 192.168.36.77, host: pr-hdds-738-64p2z-3138789487, networkLocation: /default-rack, certSerialId: null} reported CLOSED replica.
2019-08-27 08:33:09,352 [RatisApplyTransactionExecutor 2] INFO  interfaces.Container (KeyValueContainer.java:compactDB(356)) - Container 2 is closed with bcsId 12.
2019-08-27 08:33:09,353 | INFO  | DNAudit | user=null | ip=null | op=CLOSE_CONTAINER {containerID=2} | ret=SUCCESS |  
2019-08-27 08:33:10,121 | INFO  | SCMAudit | user=jenkins1000 | ip=192.168.36.77 | op=SEND_HEARTBEAT {datanodeUUID=54ae50f6-2c43-44f1-944a-6e503a426641, command=[]} | ret=SUCCESS |  
2019-08-27 08:33:10,310 | INFO  | SCMAudit | user=jenkins1000 | ip=192.168.36.77 | op=SEND_HEARTBEAT {datanodeUUID=a7415c16-3934-426f-880c-bd70b649961c, command=[]} | ret=SUCCESS |  
2019-08-27 08:33:11,121 | INFO  | SCMAudit | user=jenkins1000 | ip=192.168.36.77 | op=SEND_HEARTBEAT {datanodeUUID=54ae50f6-2c43-44f1-944a-6e503a426641, command=[]} | ret=SUCCESS |  
2019-08-27 08:33:11,310 | INFO  | SCMAudit | user=jenkins1000 | ip=192.168.36.77 | op=SEND_HEARTBEAT {datanodeUUID=a7415c16-3934-426f-880c-bd70b649961c, command=[]} | ret=SUCCESS |  
2019-08-27 08:33:11,759 [grpc-default-executor-5] WARN  server.GrpcLogAppender (LogUtils.java:warn(134)) - a7415c16-3934-426f-880c-bd70b649961c->50c0ab61-1758-43d2-a587-5cb94a3c81fe: Failed appendEntries: org.apache.ratis.thirdparty.io.grpc.StatusRuntimeException: UNAVAILABLE: io exception
2019-08-27 08:33:11,759 [grpc-default-executor-5] INFO  impl.FollowerInfo (FollowerInfo.java:lambda$new$0(50)) - a7415c16-3934-426f-880c-bd70b649961c->50c0ab61-1758-43d2-a587-5cb94a3c81fe: nextIndex: updateUnconditionally 14 -> 13
2019-08-27 08:33:12,121 | INFO  | SCMAudit | user=jenkins1000 | ip=192.168.36.77 | op=SEND_HEARTBEAT {datanodeUUID=54ae50f6-2c43-44f1-944a-6e503a426641, command=[]} | ret=SUCCESS |  
2019-08-27 08:33:12,241 [EventQueue-StaleNodeForStaleNodeHandler] INFO  node.StaleNodeHandler (StaleNodeHandler.java:onMessage(58)) - Datanode 0d19c57b-e104-4f48-977d-bd1ef2c3206a{ip: 192.168.36.77, host: pr-hdds-738-64p2z-3138789487, networkLocation: /default-rack, certSerialId: null} moved to stale state. Finalizing its pipelines [PipelineID=d5b325be-c05e-4808-9713-b10eb1e3c230, PipelineID=6932f2ec-756b-4db6-aa0c-3b1b37efd643]
2019-08-27 08:33:12,241 [EventQueue-StaleNodeForStaleNodeHandler] INFO  pipeline.SCMPipelineManager (SCMPipelineManager.java:finalizeAndDestroyPipeline(309)) - destroying pipeline:Pipeline[ Id: d5b325be-c05e-4808-9713-b10eb1e3c230, Nodes: 0d19c57b-e104-4f48-977d-bd1ef2c3206a{ip: 192.168.36.77, host: pr-hdds-738-64p2z-3138789487, networkLocation: /default-rack, certSerialId: null}a7415c16-3934-426f-880c-bd70b649961c{ip: 192.168.36.77, host: pr-hdds-738-64p2z-3138789487, networkLocation: /default-rack, certSerialId: null}50c0ab61-1758-43d2-a587-5cb94a3c81fe{ip: 192.168.36.77, host: pr-hdds-738-64p2z-3138789487, networkLocation: /default-rack, certSerialId: null}, Type:RATIS, Factor:THREE, State:CLOSED]
2019-08-27 08:33:12,242 [EventQueue-StaleNodeForStaleNodeHandler] INFO  pipeline.SCMPipelineManager (SCMPipelineManager.java:finalizeAndDestroyPipeline(309)) - destroying pipeline:Pipeline[ Id: 6932f2ec-756b-4db6-aa0c-3b1b37efd643, Nodes: 0d19c57b-e104-4f48-977d-bd1ef2c3206a{ip: 192.168.36.77, host: pr-hdds-738-64p2z-3138789487, networkLocation: /default-rack, certSerialId: null}, Type:RATIS, Factor:ONE, State:OPEN]
2019-08-27 08:33:12,242 [EventQueue-StaleNodeForStaleNodeHandler] INFO  pipeline.PipelineStateManager (PipelineStateManager.java:finalizePipeline(123)) - Pipeline Pipeline[ Id: 6932f2ec-756b-4db6-aa0c-3b1b37efd643, Nodes: 0d19c57b-e104-4f48-977d-bd1ef2c3206a{ip: 192.168.36.77, host: pr-hdds-738-64p2z-3138789487, networkLocation: /default-rack, certSerialId: null}, Type:RATIS, Factor:ONE, State:CLOSED] moved to CLOSED state
2019-08-27 08:33:12,311 | INFO  | SCMAudit | user=jenkins1000 | ip=192.168.36.77 | op=SEND_HEARTBEAT {datanodeUUID=a7415c16-3934-426f-880c-bd70b649961c, command=[]} | ret=SUCCESS |  
2019-08-27 08:33:12,541 [EventQueue-StaleNodeForStaleNodeHandler] INFO  node.StaleNodeHandler (StaleNodeHandler.java:onMessage(58)) - Datanode 345d10c5-4a03-4a5c-baf7-3e40504e58a5{ip: 192.168.36.77, host: pr-hdds-738-64p2z-3138789487, networkLocation: /default-rack, certSerialId: null} moved to stale state. Finalizing its pipelines [PipelineID=c95fe5a1-b2e4-4a02-8241-c303887c7834, PipelineID=b216247c-4632-4696-aea6-29c44b8d7a45]
2019-08-27 08:33:12,542 [EventQueue-StaleNodeForStaleNodeHandler] INFO  pipeline.SCMPipelineManager (SCMPipelineManager.java:finalizeAndDestroyPipeline(309)) - destroying pipeline:Pipeline[ Id: c95fe5a1-b2e4-4a02-8241-c303887c7834, Nodes: 345d10c5-4a03-4a5c-baf7-3e40504e58a5{ip: 192.168.36.77, host: pr-hdds-738-64p2z-3138789487, networkLocation: /default-rack, certSerialId: null}, Type:RATIS, Factor:ONE, State:OPEN]
2019-08-27 08:33:12,542 [EventQueue-StaleNodeForStaleNodeHandler] INFO  pipeline.PipelineStateManager (PipelineStateManager.java:finalizePipeline(123)) - Pipeline Pipeline[ Id: c95fe5a1-b2e4-4a02-8241-c303887c7834, Nodes: 345d10c5-4a03-4a5c-baf7-3e40504e58a5{ip: 192.168.36.77, host: pr-hdds-738-64p2z-3138789487, networkLocation: /default-rack, certSerialId: null}, Type:RATIS, Factor:ONE, State:CLOSED] moved to CLOSED state
2019-08-27 08:33:12,542 [EventQueue-StaleNodeForStaleNodeHandler] INFO  pipeline.SCMPipelineManager (SCMPipelineManager.java:finalizeAndDestroyPipeline(309)) - destroying pipeline:Pipeline[ Id: b216247c-4632-4696-aea6-29c44b8d7a45, Nodes: c179a657-9165-49fe-9ad6-e054b9d56145{ip: 192.168.36.77, host: pr-hdds-738-64p2z-3138789487, networkLocation: /default-rack, certSerialId: null}345d10c5-4a03-4a5c-baf7-3e40504e58a5{ip: 192.168.36.77, host: pr-hdds-738-64p2z-3138789487, networkLocation: /default-rack, certSerialId: null}47cde36c-9fa2-4fed-9254-c7cf08d1e5f9{ip: 192.168.36.77, host: pr-hdds-738-64p2z-3138789487, networkLocation: /default-rack, certSerialId: null}, Type:RATIS, Factor:THREE, State:CLOSED]
2019-08-27 08:33:12,592 [ForkJoinPool.commonPool-worker-0] INFO  ozoneimpl.OzoneContainer (OzoneContainer.java:stop(199)) - Attempting to stop container services.
2019-08-27 08:33:12,592 [ForkJoinPool.commonPool-worker-0] INFO  impl.RaftServerProxy (RaftServerProxy.java:lambda$close$4(314)) - 0d19c57b-e104-4f48-977d-bd1ef2c3206a: close
2019-08-27 08:33:12,593 [ForkJoinPool.commonPool-worker-0] INFO  impl.RaftServerImpl (RaftServerImpl.java:lambda$shutdown$3(245)) - 0d19c57b-e104-4f48-977d-bd1ef2c3206a: shutdown group-B10EB1E3C230
2019-08-27 08:33:12,593 [ForkJoinPool.commonPool-worker-0] INFO  util.JmxRegister (JmxRegister.java:unregister(73)) - Successfully un-registered JMX Bean with object name Ratis:service=RaftServer,group=group-B10EB1E3C230,id=0d19c57b-e104-4f48-977d-bd1ef2c3206a
2019-08-27 08:33:12,593 [ForkJoinPool.commonPool-worker-0] INFO  impl.RoleInfo (RoleInfo.java:shutdownFollowerState(121)) - 0d19c57b-e104-4f48-977d-bd1ef2c3206a: shutdown FollowerState
2019-08-27 08:33:12,594 [ForkJoinPool.commonPool-worker-0] INFO  impl.StateMachineUpdater (StateMachineUpdater.java:stopAndJoin(115)) - StateMachineUpdater:0d19c57b-e104-4f48-977d-bd1ef2c3206a:group-B10EB1E3C230: set stopIndex = 16
2019-08-27 08:33:12,594 [Thread-3601] INFO  impl.FollowerState (FollowerState.java:run(114)) - 0d19c57b-e104-4f48-977d-bd1ef2c3206a: FollowerState was interrupted: java.lang.InterruptedException: sleep interrupted
2019-08-27 08:33:12,594 [StateMachineUpdater:0d19c57b-e104-4f48-977d-bd1ef2c3206a:group-B10EB1E3C230] INFO  ratis.ContainerStateMachine (ContainerStateMachine.java:takeSnapshot(283)) - group-B10EB1E3C230: Taking a snapshot at:(t:1, i:15) file /workdir/hadoop-ozone/integration-test/target/test-dir/MiniOzoneClusterImpl-d49177c5-c9c6-4953-9114-88aa1897b70a/datanode-2/data/ratis/d5b325be-c05e-4808-9713-b10eb1e3c230/sm/snapshot.1_15
2019-08-27 08:33:12,600 [main] INFO  ozoneimpl.OzoneContainer (OzoneContainer.java:stop(199)) - Attempting to stop container services.
2019-08-27 08:33:12,601 [main] INFO  impl.RaftServerProxy (RaftServerProxy.java:lambda$close$4(314)) - 345d10c5-4a03-4a5c-baf7-3e40504e58a5: close
2019-08-27 08:33:12,601 [main] INFO  impl.RaftServerImpl (RaftServerImpl.java:lambda$shutdown$3(245)) - 345d10c5-4a03-4a5c-baf7-3e40504e58a5: shutdown group-C303887C7834
2019-08-27 08:33:12,602 [main] INFO  util.JmxRegister (JmxRegister.java:unregister(73)) - Successfully un-registered JMX Bean with object name Ratis:service=RaftServer,group=group-C303887C7834,id=345d10c5-4a03-4a5c-baf7-3e40504e58a5
2019-08-27 08:33:12,602 [main] INFO  impl.RoleInfo (RoleInfo.java:shutdownLeaderState(104)) - 345d10c5-4a03-4a5c-baf7-3e40504e58a5: shutdown LeaderState
2019-08-27 08:33:12,603 [main] INFO  impl.PendingRequests (PendingRequests.java:sendNotLeaderResponses(202)) - 345d10c5-4a03-4a5c-baf7-3e40504e58a5-PendingRequests: sendNotLeaderResponses
2019-08-27 08:33:12,603 [main] INFO  impl.StateMachineUpdater (StateMachineUpdater.java:stopAndJoin(115)) - StateMachineUpdater:345d10c5-4a03-4a5c-baf7-3e40504e58a5:group-C303887C7834: set stopIndex = 0
2019-08-27 08:33:12,604 [main] INFO  impl.RaftServerImpl (ServerState.java:close(394)) - 345d10c5-4a03-4a5c-baf7-3e40504e58a5:group-C303887C7834 closes. The last applied log index is 0
2019-08-27 08:33:12,604 [345d10c5-4a03-4a5c-baf7-3e40504e58a5-SegmentedRaftLogWorker:Storage Directory /workdir/hadoop-ozone/integration-test/target/test-dir/MiniOzoneClusterImpl-d49177c5-c9c6-4953-9114-88aa1897b70a/datanode-3/data/ratis/c95fe5a1-b2e4-4a02-8241-c303887c7834] INFO  segmented.SegmentedRaftLogWorker (SegmentedRaftLogWorker.java:run(313)) - 345d10c5-4a03-4a5c-baf7-3e40504e58a5-SegmentedRaftLogWorker:Storage Directory /workdir/hadoop-ozone/integration-test/target/test-dir/MiniOzoneClusterImpl-d49177c5-c9c6-4953-9114-88aa1897b70a/datanode-3/data/ratis/c95fe5a1-b2e4-4a02-8241-c303887c7834 was interrupted, exiting. There are 0 tasks remaining in the queue.
2019-08-27 08:33:12,606 [main] INFO  segmented.SegmentedRaftLogWorker (SegmentedRaftLogWorker.java:close(228)) - 345d10c5-4a03-4a5c-baf7-3e40504e58a5-SegmentedRaftLogWorker:Storage Directory /workdir/hadoop-ozone/integration-test/target/test-dir/MiniOzoneClusterImpl-d49177c5-c9c6-4953-9114-88aa1897b70a/datanode-3/data/ratis/c95fe5a1-b2e4-4a02-8241-c303887c7834 close()
2019-08-27 08:33:12,610 [main] INFO  impl.RaftServerImpl (RaftServerImpl.java:lambda$shutdown$3(245)) - 345d10c5-4a03-4a5c-baf7-3e40504e58a5: shutdown group-29C44B8D7A45
2019-08-27 08:33:12,610 [StateMachineUpdater:0d19c57b-e104-4f48-977d-bd1ef2c3206a:group-B10EB1E3C230] INFO  ratis.ContainerStateMachine (ContainerStateMachine.java:takeSnapshot(294)) - group-B10EB1E3C230: Finished taking a snapshot at:(t:1, i:15) file:/workdir/hadoop-ozone/integration-test/target/test-dir/MiniOzoneClusterImpl-d49177c5-c9c6-4953-9114-88aa1897b70a/datanode-2/data/ratis/d5b325be-c05e-4808-9713-b10eb1e3c230/sm/snapshot.1_15 time:16
2019-08-27 08:33:12,610 [main] INFO  util.JmxRegister (JmxRegister.java:unregister(73)) - Successfully un-registered JMX Bean with object name Ratis:service=RaftServer,group=group-29C44B8D7A45,id=345d10c5-4a03-4a5c-baf7-3e40504e58a5
2019-08-27 08:33:12,611 [main] INFO  impl.RoleInfo (RoleInfo.java:shutdownFollowerState(121)) - 345d10c5-4a03-4a5c-baf7-3e40504e58a5: shutdown FollowerState
2019-08-27 08:33:12,610 [StateMachineUpdater:0d19c57b-e104-4f48-977d-bd1ef2c3206a:group-B10EB1E3C230] INFO  impl.StateMachineUpdater (StateMachineUpdater.java:takeSnapshot(242)) - StateMachineUpdater:0d19c57b-e104-4f48-977d-bd1ef2c3206a:group-B10EB1E3C230: Took a snapshot at index 15
2019-08-27 08:33:12,611 [StateMachineUpdater:345d10c5-4a03-4a5c-baf7-3e40504e58a5:group-29C44B8D7A45] INFO  ratis.ContainerStateMachine (ContainerStateMachine.java:takeSnapshot(283)) - group-29C44B8D7A45: Taking a snapshot at:(t:1, i:14) file /workdir/hadoop-ozone/integration-test/target/test-dir/MiniOzoneClusterImpl-d49177c5-c9c6-4953-9114-88aa1897b70a/datanode-3/data/ratis/b216247c-4632-4696-aea6-29c44b8d7a45/sm/snapshot.1_14
2019-08-27 08:33:12,611 [main] INFO  impl.StateMachineUpdater (StateMachineUpdater.java:stopAndJoin(115)) - StateMachineUpdater:345d10c5-4a03-4a5c-baf7-3e40504e58a5:group-29C44B8D7A45: set stopIndex = 18
2019-08-27 08:33:12,611 [StateMachineUpdater:0d19c57b-e104-4f48-977d-bd1ef2c3206a:group-B10EB1E3C230] INFO  impl.StateMachineUpdater (StateMachineUpdater.java:lambda$new$0(80)) - StateMachineUpdater:0d19c57b-e104-4f48-977d-bd1ef2c3206a:group-B10EB1E3C230: snapshotIndex: updateIncreasingly -1 -> 15
2019-08-27 08:33:12,611 [Thread-3741] INFO  impl.FollowerState (FollowerState.java:run(114)) - 345d10c5-4a03-4a5c-baf7-3e40504e58a5: FollowerState was interrupted: java.lang.InterruptedException: sleep interrupted
2019-08-27 08:33:12,614 [ForkJoinPool.commonPool-worker-0] INFO  impl.RaftServerImpl (ServerState.java:close(394)) - 0d19c57b-e104-4f48-977d-bd1ef2c3206a:group-B10EB1E3C230 closes. The last applied log index is 16
2019-08-27 08:33:12,614 [0d19c57b-e104-4f48-977d-bd1ef2c3206a-SegmentedRaftLogWorker:Storage Directory /workdir/hadoop-ozone/integration-test/target/test-dir/MiniOzoneClusterImpl-d49177c5-c9c6-4953-9114-88aa1897b70a/datanode-2/data/ratis/d5b325be-c05e-4808-9713-b10eb1e3c230] INFO  segmented.SegmentedRaftLogWorker (SegmentedRaftLogWorker.java:run(313)) - 0d19c57b-e104-4f48-977d-bd1ef2c3206a-SegmentedRaftLogWorker:Storage Directory /workdir/hadoop-ozone/integration-test/target/test-dir/MiniOzoneClusterImpl-d49177c5-c9c6-4953-9114-88aa1897b70a/datanode-2/data/ratis/d5b325be-c05e-4808-9713-b10eb1e3c230 was interrupted, exiting. There are 0 tasks remaining in the queue.
2019-08-27 08:33:12,616 [ForkJoinPool.commonPool-worker-0] INFO  segmented.SegmentedRaftLogWorker (SegmentedRaftLogWorker.java:close(228)) - 0d19c57b-e104-4f48-977d-bd1ef2c3206a-SegmentedRaftLogWorker:Storage Directory /workdir/hadoop-ozone/integration-test/target/test-dir/MiniOzoneClusterImpl-d49177c5-c9c6-4953-9114-88aa1897b70a/datanode-2/data/ratis/d5b325be-c05e-4808-9713-b10eb1e3c230 close()
2019-08-27 08:33:12,619 [ForkJoinPool.commonPool-worker-0] INFO  impl.RaftServerImpl (RaftServerImpl.java:lambda$shutdown$3(245)) - 0d19c57b-e104-4f48-977d-bd1ef2c3206a: shutdown group-3B1B37EFD643
2019-08-27 08:33:12,619 [ForkJoinPool.commonPool-worker-0] INFO  util.JmxRegister (JmxRegister.java:unregister(73)) - Successfully un-registered JMX Bean with object name Ratis:service=RaftServer,group=group-3B1B37EFD643,id=0d19c57b-e104-4f48-977d-bd1ef2c3206a
2019-08-27 08:33:12,620 [ForkJoinPool.commonPool-worker-0] INFO  impl.RoleInfo (RoleInfo.java:shutdownLeaderState(104)) - 0d19c57b-e104-4f48-977d-bd1ef2c3206a: shutdown LeaderState
2019-08-27 08:33:12,620 [ForkJoinPool.commonPool-worker-0] INFO  impl.PendingRequests (PendingRequests.java:sendNotLeaderResponses(202)) - 0d19c57b-e104-4f48-977d-bd1ef2c3206a-PendingRequests: sendNotLeaderResponses
2019-08-27 08:33:12,620 [ForkJoinPool.commonPool-worker-0] INFO  impl.StateMachineUpdater (StateMachineUpdater.java:stopAndJoin(115)) - StateMachineUpdater:0d19c57b-e104-4f48-977d-bd1ef2c3206a:group-3B1B37EFD643: set stopIndex = 0
2019-08-27 08:33:12,621 [ForkJoinPool.commonPool-worker-0] INFO  impl.RaftServerImpl (ServerState.java:close(394)) - 0d19c57b-e104-4f48-977d-bd1ef2c3206a:group-3B1B37EFD643 closes. The last applied log index is 0
2019-08-27 08:33:12,621 [0d19c57b-e104-4f48-977d-bd1ef2c3206a-SegmentedRaftLogWorker:Storage Directory /workdir/hadoop-ozone/integration-test/target/test-dir/MiniOzoneClusterImpl-d49177c5-c9c6-4953-9114-88aa1897b70a/datanode-2/data/ratis/6932f2ec-756b-4db6-aa0c-3b1b37efd643] INFO  segmented.SegmentedRaftLogWorker (SegmentedRaftLogWorker.java:run(313)) - 0d19c57b-e104-4f48-977d-bd1ef2c3206a-SegmentedRaftLogWorker:Storage Directory /workdir/hadoop-ozone/integration-test/target/test-dir/MiniOzoneClusterImpl-d49177c5-c9c6-4953-9114-88aa1897b70a/datanode-2/data/ratis/6932f2ec-756b-4db6-aa0c-3b1b37efd643 was interrupted, exiting. There are 0 tasks remaining in the queue.
2019-08-27 08:33:12,623 [ForkJoinPool.commonPool-worker-0] INFO  segmented.SegmentedRaftLogWorker (SegmentedRaftLogWorker.java:close(228)) - 0d19c57b-e104-4f48-977d-bd1ef2c3206a-SegmentedRaftLogWorker:Storage Directory /workdir/hadoop-ozone/integration-test/target/test-dir/MiniOzoneClusterImpl-d49177c5-c9c6-4953-9114-88aa1897b70a/datanode-2/data/ratis/6932f2ec-756b-4db6-aa0c-3b1b37efd643 close()
2019-08-27 08:33:12,625 [StateMachineUpdater:345d10c5-4a03-4a5c-baf7-3e40504e58a5:group-29C44B8D7A45] INFO  ratis.ContainerStateMachine (ContainerStateMachine.java:takeSnapshot(294)) - group-29C44B8D7A45: Finished taking a snapshot at:(t:1, i:14) file:/workdir/hadoop-ozone/integration-test/target/test-dir/MiniOzoneClusterImpl-d49177c5-c9c6-4953-9114-88aa1897b70a/datanode-3/data/ratis/b216247c-4632-4696-aea6-29c44b8d7a45/sm/snapshot.1_14 time:14
2019-08-27 08:33:12,626 [ForkJoinPool.commonPool-worker-0] INFO  server.GrpcService (GrpcService.java:closeImpl(155)) - 0d19c57b-e104-4f48-977d-bd1ef2c3206a: shutdown server with port 35275 now
2019-08-27 08:33:12,626 [StateMachineUpdater:345d10c5-4a03-4a5c-baf7-3e40504e58a5:group-29C44B8D7A45] INFO  impl.StateMachineUpdater (StateMachineUpdater.java:takeSnapshot(242)) - StateMachineUpdater:345d10c5-4a03-4a5c-baf7-3e40504e58a5:group-29C44B8D7A45: Took a snapshot at index 14
2019-08-27 08:33:12,627 [StateMachineUpdater:345d10c5-4a03-4a5c-baf7-3e40504e58a5:group-29C44B8D7A45] INFO  impl.StateMachineUpdater (StateMachineUpdater.java:lambda$new$0(80)) - StateMachineUpdater:345d10c5-4a03-4a5c-baf7-3e40504e58a5:group-29C44B8D7A45: snapshotIndex: updateIncreasingly -1 -> 14
2019-08-27 08:33:12,627 [main] INFO  impl.RaftServerImpl (ServerState.java:close(394)) - 345d10c5-4a03-4a5c-baf7-3e40504e58a5:group-29C44B8D7A45 closes. The last applied log index is 18
2019-08-27 08:33:12,627 [ForkJoinPool.commonPool-worker-0] INFO  server.GrpcService (GrpcService.java:closeImpl(163)) - 0d19c57b-e104-4f48-977d-bd1ef2c3206a: shutdown server with port 35275 successfully
2019-08-27 08:33:12,627 [grpc-default-executor-10] WARN  server.GrpcServerProtocolService (LogUtils.java:warn(134)) - 0d19c57b-e104-4f48-977d-bd1ef2c3206a: appendEntries onError: org.apache.ratis.thirdparty.io.grpc.StatusRuntimeException: CANCELLED: cancelled before receiving half close
2019-08-27 08:33:12,628 [grpc-default-executor-9] WARN  server.GrpcLogAppender (LogUtils.java:warn(134)) - a7415c16-3934-426f-880c-bd70b649961c->0d19c57b-e104-4f48-977d-bd1ef2c3206a: Failed appendEntries: org.apache.ratis.thirdparty.io.grpc.StatusRuntimeException: CANCELLED: HTTP/2 error code: CANCEL
Received Rst Stream
2019-08-27 08:33:12,628 [345d10c5-4a03-4a5c-baf7-3e40504e58a5-SegmentedRaftLogWorker:Storage Directory /workdir/hadoop-ozone/integration-test/target/test-dir/MiniOzoneClusterImpl-d49177c5-c9c6-4953-9114-88aa1897b70a/datanode-3/data/ratis/b216247c-4632-4696-aea6-29c44b8d7a45] INFO  segmented.SegmentedRaftLogWorker (SegmentedRaftLogWorker.java:run(313)) - 345d10c5-4a03-4a5c-baf7-3e40504e58a5-SegmentedRaftLogWorker:Storage Directory /workdir/hadoop-ozone/integration-test/target/test-dir/MiniOzoneClusterImpl-d49177c5-c9c6-4953-9114-88aa1897b70a/datanode-3/data/ratis/b216247c-4632-4696-aea6-29c44b8d7a45 was interrupted, exiting. There are 0 tasks remaining in the queue.
2019-08-27 08:33:12,628 [grpc-default-executor-9] INFO  impl.FollowerInfo (FollowerInfo.java:lambda$new$0(50)) - a7415c16-3934-426f-880c-bd70b649961c->0d19c57b-e104-4f48-977d-bd1ef2c3206a: nextIndex: updateUnconditionally 17 -> 16
2019-08-27 08:33:12,637 [main] INFO  segmented.SegmentedRaftLogWorker (SegmentedRaftLogWorker.java:close(228)) - 345d10c5-4a03-4a5c-baf7-3e40504e58a5-SegmentedRaftLogWorker:Storage Directory /workdir/hadoop-ozone/integration-test/target/test-dir/MiniOzoneClusterImpl-d49177c5-c9c6-4953-9114-88aa1897b70a/datanode-3/data/ratis/b216247c-4632-4696-aea6-29c44b8d7a45 close()
2019-08-27 08:33:12,638 [ForkJoinPool.commonPool-worker-0] INFO  utils.BackgroundService (BackgroundService.java:shutdown(148)) - Shutting down service BlockDeletingService
2019-08-27 08:33:12,640 [main] INFO  server.GrpcService (GrpcService.java:closeImpl(155)) - 345d10c5-4a03-4a5c-baf7-3e40504e58a5: shutdown server with port 44664 now
2019-08-27 08:33:12,641 [main] INFO  server.GrpcService (GrpcService.java:closeImpl(163)) - 345d10c5-4a03-4a5c-baf7-3e40504e58a5: shutdown server with port 44664 successfully
2019-08-27 08:33:12,642 [refreshUsed-/workdir/hadoop-ozone/integration-test/target/test-dir/MiniOzoneClusterImpl-d49177c5-c9c6-4953-9114-88aa1897b70a/datanode-2/data/containers] WARN  fs.CachingGetSpaceUsed (CachingGetSpaceUsed.java:run(183)) - Thread Interrupted waiting to refresh disk information: sleep interrupted
2019-08-27 08:33:12,644 [main] INFO  utils.BackgroundService (BackgroundService.java:shutdown(148)) - Shutting down service BlockDeletingService
2019-08-27 08:33:12,646 [refreshUsed-/workdir/hadoop-ozone/integration-test/target/test-dir/MiniOzoneClusterImpl-d49177c5-c9c6-4953-9114-88aa1897b70a/datanode-3/data/containers] WARN  fs.CachingGetSpaceUsed (CachingGetSpaceUsed.java:run(183)) - Thread Interrupted waiting to refresh disk information: sleep interrupted
2019-08-27 08:33:12,664 [main] INFO  statemachine.DatanodeStateMachine (DatanodeStateMachine.java:stopDaemon(395)) - Ozone container server stopped.
2019-08-27 08:33:12,665 [main] INFO  handler.ContextHandler (ContextHandler.java:doStop(910)) - Stopped o.e.j.w.WebAppContext@307cf964{/,null,UNAVAILABLE}{/hddsDatanode}
2019-08-27 08:33:12,665 [main] INFO  server.AbstractConnector (AbstractConnector.java:doStop(318)) - Stopped ServerConnector@374ccb9{HTTP/1.1,[http/1.1]}{0.0.0.0:0}
2019-08-27 08:33:12,666 [main] INFO  handler.ContextHandler (ContextHandler.java:doStop(910)) - Stopped o.e.j.s.ServletContextHandler@1e495414{/static,jar:file:/home/user/.m2/repository/org/apache/hadoop/hadoop-hdds-container-service/0.5.0-SNAPSHOT/hadoop-hdds-container-service-0.5.0-SNAPSHOT.jar!/webapps/static,UNAVAILABLE}
2019-08-27 08:33:12,666 [main] INFO  handler.ContextHandler (ContextHandler.java:doStop(910)) - Stopped o.e.j.s.ServletContextHandler@22a4ca4a{/logs,file:///workdir/hadoop-ozone/integration-test/target/log,UNAVAILABLE}
2019-08-27 08:33:12,670 [ForkJoinPool.commonPool-worker-0] INFO  statemachine.DatanodeStateMachine (DatanodeStateMachine.java:stopDaemon(395)) - Ozone container server stopped.
2019-08-27 08:33:12,674 [ForkJoinPool.commonPool-worker-0] INFO  handler.ContextHandler (ContextHandler.java:doStop(910)) - Stopped o.e.j.w.WebAppContext@4f3c7808{/,null,UNAVAILABLE}{/hddsDatanode}
2019-08-27 08:33:12,675 [ForkJoinPool.commonPool-worker-0] INFO  server.AbstractConnector (AbstractConnector.java:doStop(318)) - Stopped ServerConnector@4b4969ea{HTTP/1.1,[http/1.1]}{0.0.0.0:0}
2019-08-27 08:33:12,676 [ForkJoinPool.commonPool-worker-0] INFO  handler.ContextHandler (ContextHandler.java:doStop(910)) - Stopped o.e.j.s.ServletContextHandler@3f048c86{/static,jar:file:/home/user/.m2/repository/org/apache/hadoop/hadoop-hdds-container-service/0.5.0-SNAPSHOT/hadoop-hdds-container-service-0.5.0-SNAPSHOT.jar!/webapps/static,UNAVAILABLE}
2019-08-27 08:33:12,678 [ForkJoinPool.commonPool-worker-0] INFO  handler.ContextHandler (ContextHandler.java:doStop(910)) - Stopped o.e.j.s.ServletContextHandler@6c2a95d5{/logs,file:///workdir/hadoop-ozone/integration-test/target/log,UNAVAILABLE}
2019-08-27 08:33:13,121 [Datanode State Machine Thread - 0] INFO  statemachine.DatanodeStateMachine (DatanodeStateMachine.java:lambda$startDaemon$0(350)) - Ozone container server started.
2019-08-27 08:33:13,311 [Datanode State Machine Thread - 0] INFO  statemachine.DatanodeStateMachine (DatanodeStateMachine.java:lambda$startDaemon$0(350)) - Ozone container server started.
2019-08-27 08:33:14,259 [grpc-default-executor-9] WARN  server.GrpcLogAppender (LogUtils.java:warn(134)) - a7415c16-3934-426f-880c-bd70b649961c->50c0ab61-1758-43d2-a587-5cb94a3c81fe: Failed appendEntries: org.apache.ratis.thirdparty.io.grpc.StatusRuntimeException: UNAVAILABLE: io exception
2019-08-27 08:33:14,260 [grpc-default-executor-9] INFO  impl.FollowerInfo (FollowerInfo.java:lambda$new$0(50)) - a7415c16-3934-426f-880c-bd70b649961c->50c0ab61-1758-43d2-a587-5cb94a3c81fe: nextIndex: updateUnconditionally 13 -> 12
2019-08-27 08:33:14,260 [grpc-default-executor-5] WARN  server.GrpcLogAppender (LogUtils.java:warn(134)) - a7415c16-3934-426f-880c-bd70b649961c->0d19c57b-e104-4f48-977d-bd1ef2c3206a: Failed appendEntries: org.apache.ratis.thirdparty.io.grpc.StatusRuntimeException: UNAVAILABLE: io exception
2019-08-27 08:33:14,260 [grpc-default-executor-5] INFO  impl.FollowerInfo (FollowerInfo.java:lambda$new$0(50)) - a7415c16-3934-426f-880c-bd70b649961c->0d19c57b-e104-4f48-977d-bd1ef2c3206a: nextIndex: updateUnconditionally 16 -> 15
2019-08-27 08:33:16,763 [grpc-default-executor-5] WARN  server.GrpcLogAppender (LogUtils.java:warn(134)) - a7415c16-3934-426f-880c-bd70b649961c->0d19c57b-e104-4f48-977d-bd1ef2c3206a: Failed appendEntries: org.apache.ratis.thirdparty.io.grpc.StatusRuntimeException: UNAVAILABLE: io exception
2019-08-27 08:33:16,763 [grpc-default-executor-9] WARN  server.GrpcLogAppender (LogUtils.java:warn(134)) - a7415c16-3934-426f-880c-bd70b649961c->50c0ab61-1758-43d2-a587-5cb94a3c81fe: Failed appendEntries: org.apache.ratis.thirdparty.io.grpc.StatusRuntimeException: UNAVAILABLE: io exception
2019-08-27 08:33:16,764 [grpc-default-executor-5] INFO  impl.FollowerInfo (FollowerInfo.java:lambda$new$0(50)) - a7415c16-3934-426f-880c-bd70b649961c->0d19c57b-e104-4f48-977d-bd1ef2c3206a: nextIndex: updateUnconditionally 15 -> 14
2019-08-27 08:33:16,764 [grpc-default-executor-9] INFO  impl.FollowerInfo (FollowerInfo.java:lambda$new$0(50)) - a7415c16-3934-426f-880c-bd70b649961c->50c0ab61-1758-43d2-a587-5cb94a3c81fe: nextIndex: updateUnconditionally 12 -> 11
2019-08-27 08:33:17,148 [EventQueue-StaleNodeForStaleNodeHandler] INFO  node.StaleNodeHandler (StaleNodeHandler.java:onMessage(58)) - Datanode 54ae50f6-2c43-44f1-944a-6e503a426641{ip: 192.168.36.77, host: pr-hdds-738-64p2z-3138789487, networkLocation: /default-rack, certSerialId: null} moved to stale state. Finalizing its pipelines []
2019-08-27 08:33:17,348 [EventQueue-StaleNodeForStaleNodeHandler] INFO  node.StaleNodeHandler (StaleNodeHandler.java:onMessage(58)) - Datanode a7415c16-3934-426f-880c-bd70b649961c{ip: 192.168.36.77, host: pr-hdds-738-64p2z-3138789487, networkLocation: /default-rack, certSerialId: null} moved to stale state. Finalizing its pipelines [PipelineID=d5b325be-c05e-4808-9713-b10eb1e3c230, PipelineID=9364c588-ee77-437c-a497-f3466c240088]
2019-08-27 08:33:17,348 [EventQueue-StaleNodeForStaleNodeHandler] INFO  pipeline.SCMPipelineManager (SCMPipelineManager.java:finalizeAndDestroyPipeline(309)) - destroying pipeline:Pipeline[ Id: d5b325be-c05e-4808-9713-b10eb1e3c230, Nodes: 0d19c57b-e104-4f48-977d-bd1ef2c3206a{ip: 192.168.36.77, host: pr-hdds-738-64p2z-3138789487, networkLocation: /default-rack, certSerialId: null}a7415c16-3934-426f-880c-bd70b649961c{ip: 192.168.36.77, host: pr-hdds-738-64p2z-3138789487, networkLocation: /default-rack, certSerialId: null}50c0ab61-1758-43d2-a587-5cb94a3c81fe{ip: 192.168.36.77, host: pr-hdds-738-64p2z-3138789487, networkLocation: /default-rack, certSerialId: null}, Type:RATIS, Factor:THREE, State:CLOSED]
2019-08-27 08:33:17,349 [EventQueue-StaleNodeForStaleNodeHandler] INFO  pipeline.SCMPipelineManager (SCMPipelineManager.java:finalizeAndDestroyPipeline(309)) - destroying pipeline:Pipeline[ Id: 9364c588-ee77-437c-a497-f3466c240088, Nodes: a7415c16-3934-426f-880c-bd70b649961c{ip: 192.168.36.77, host: pr-hdds-738-64p2z-3138789487, networkLocation: /default-rack, certSerialId: null}, Type:RATIS, Factor:ONE, State:OPEN]
2019-08-27 08:33:17,349 [EventQueue-StaleNodeForStaleNodeHandler] INFO  pipeline.PipelineStateManager (PipelineStateManager.java:finalizePipeline(123)) - Pipeline Pipeline[ Id: 9364c588-ee77-437c-a497-f3466c240088, Nodes: a7415c16-3934-426f-880c-bd70b649961c{ip: 192.168.36.77, host: pr-hdds-738-64p2z-3138789487, networkLocation: /default-rack, certSerialId: null}, Type:RATIS, Factor:ONE, State:CLOSED] moved to CLOSED state
2019-08-27 08:33:17,671 [main] INFO  ozoneimpl.OzoneContainer (OzoneContainer.java:stop(199)) - Attempting to stop container services.
2019-08-27 08:33:17,672 [main] INFO  impl.RaftServerProxy (RaftServerProxy.java:lambda$close$4(314)) - 54ae50f6-2c43-44f1-944a-6e503a426641: close
2019-08-27 08:33:17,674 [main] INFO  server.GrpcService (GrpcService.java:closeImpl(155)) - 54ae50f6-2c43-44f1-944a-6e503a426641: shutdown server with port 36422 now
2019-08-27 08:33:17,675 [main] INFO  server.GrpcService (GrpcService.java:closeImpl(163)) - 54ae50f6-2c43-44f1-944a-6e503a426641: shutdown server with port 36422 successfully
2019-08-27 08:33:17,680 [ForkJoinPool.commonPool-worker-0] INFO  ozoneimpl.OzoneContainer (OzoneContainer.java:stop(199)) - Attempting to stop container services.
2019-08-27 08:33:17,681 [main] INFO  utils.BackgroundService (BackgroundService.java:shutdown(148)) - Shutting down service BlockDeletingService
2019-08-27 08:33:17,682 [ForkJoinPool.commonPool-worker-0] INFO  impl.RaftServerProxy (RaftServerProxy.java:lambda$close$4(314)) - a7415c16-3934-426f-880c-bd70b649961c: close
2019-08-27 08:33:17,682 [ForkJoinPool.commonPool-worker-0] INFO  impl.RaftServerImpl (RaftServerImpl.java:lambda$shutdown$3(245)) - a7415c16-3934-426f-880c-bd70b649961c: shutdown group-B10EB1E3C230
2019-08-27 08:33:17,683 [ForkJoinPool.commonPool-worker-0] INFO  util.JmxRegister (JmxRegister.java:unregister(73)) - Successfully un-registered JMX Bean with object name Ratis:service=RaftServer,group=group-B10EB1E3C230,id=a7415c16-3934-426f-880c-bd70b649961c
2019-08-27 08:33:17,684 [ForkJoinPool.commonPool-worker-0] INFO  impl.RoleInfo (RoleInfo.java:shutdownLeaderState(104)) - a7415c16-3934-426f-880c-bd70b649961c: shutdown LeaderState
2019-08-27 08:33:17,685 [refreshUsed-/workdir/hadoop-ozone/integration-test/target/test-dir/MiniOzoneClusterImpl-d49177c5-c9c6-4953-9114-88aa1897b70a/datanode-6/data/containers] WARN  fs.CachingGetSpaceUsed (CachingGetSpaceUsed.java:run(183)) - Thread Interrupted waiting to refresh disk information: sleep interrupted
2019-08-27 08:33:17,686 [org.apache.ratis.server.impl.LogAppender$AppenderDaemon$$Lambda$511/1850064077@47b0d36] WARN  server.GrpcLogAppender (GrpcLogAppender.java:mayWait(143)) - GrpcLogAppender(a7415c16-3934-426f-880c-bd70b649961c->0d19c57b-e104-4f48-977d-bd1ef2c3206a): Wait interrupted by java.lang.InterruptedException
2019-08-27 08:33:17,687 [org.apache.ratis.server.impl.LogAppender$AppenderDaemon$$Lambda$511/1850064077@417993dd] WARN  server.GrpcLogAppender (GrpcLogAppender.java:mayWait(143)) - GrpcLogAppender(a7415c16-3934-426f-880c-bd70b649961c->50c0ab61-1758-43d2-a587-5cb94a3c81fe): Wait interrupted by java.lang.InterruptedException
2019-08-27 08:33:17,686 [ForkJoinPool.commonPool-worker-0] INFO  impl.PendingRequests (PendingRequests.java:sendNotLeaderResponses(202)) - a7415c16-3934-426f-880c-bd70b649961c-PendingRequests: sendNotLeaderResponses
2019-08-27 08:33:17,689 [ForkJoinPool.commonPool-worker-0] INFO  impl.StateMachineUpdater (StateMachineUpdater.java:stopAndJoin(115)) - StateMachineUpdater:a7415c16-3934-426f-880c-bd70b649961c:group-B10EB1E3C230: set stopIndex = 16
2019-08-27 08:33:17,689 [StateMachineUpdater:a7415c16-3934-426f-880c-bd70b649961c:group-B10EB1E3C230] INFO  ratis.ContainerStateMachine (ContainerStateMachine.java:takeSnapshot(283)) - group-B10EB1E3C230: Taking a snapshot at:(t:1, i:16) file /workdir/hadoop-ozone/integration-test/target/test-dir/MiniOzoneClusterImpl-d49177c5-c9c6-4953-9114-88aa1897b70a/datanode-0/data/ratis/d5b325be-c05e-4808-9713-b10eb1e3c230/sm/snapshot.1_16
2019-08-27 08:33:17,707 [main] INFO  statemachine.DatanodeStateMachine (DatanodeStateMachine.java:stopDaemon(395)) - Ozone container server stopped.
2019-08-27 08:33:17,708 [main] INFO  handler.ContextHandler (ContextHandler.java:doStop(910)) - Stopped o.e.j.w.WebAppContext@7767bd4e{/,null,UNAVAILABLE}{/hddsDatanode}
2019-08-27 08:33:17,709 [StateMachineUpdater:a7415c16-3934-426f-880c-bd70b649961c:group-B10EB1E3C230] INFO  ratis.ContainerStateMachine (ContainerStateMachine.java:takeSnapshot(294)) - group-B10EB1E3C230: Finished taking a snapshot at:(t:1, i:16) file:/workdir/hadoop-ozone/integration-test/target/test-dir/MiniOzoneClusterImpl-d49177c5-c9c6-4953-9114-88aa1897b70a/datanode-0/data/ratis/d5b325be-c05e-4808-9713-b10eb1e3c230/sm/snapshot.1_16 time:20
2019-08-27 08:33:17,709 [StateMachineUpdater:a7415c16-3934-426f-880c-bd70b649961c:group-B10EB1E3C230] INFO  impl.StateMachineUpdater (StateMachineUpdater.java:takeSnapshot(242)) - StateMachineUpdater:a7415c16-3934-426f-880c-bd70b649961c:group-B10EB1E3C230: Took a snapshot at index 16
2019-08-27 08:33:17,710 [main] INFO  server.AbstractConnector (AbstractConnector.java:doStop(318)) - Stopped ServerConnector@7708b66a{HTTP/1.1,[http/1.1]}{0.0.0.0:0}
2019-08-27 08:33:17,710 [StateMachineUpdater:a7415c16-3934-426f-880c-bd70b649961c:group-B10EB1E3C230] INFO  impl.StateMachineUpdater (StateMachineUpdater.java:lambda$new$0(80)) - StateMachineUpdater:a7415c16-3934-426f-880c-bd70b649961c:group-B10EB1E3C230: snapshotIndex: updateIncreasingly -1 -> 16
2019-08-27 08:33:17,710 [main] INFO  handler.ContextHandler (ContextHandler.java:doStop(910)) - Stopped o.e.j.s.ServletContextHandler@26c7b1c6{/static,jar:file:/home/user/.m2/repository/org/apache/hadoop/hadoop-hdds-container-service/0.5.0-SNAPSHOT/hadoop-hdds-container-service-0.5.0-SNAPSHOT.jar!/webapps/static,UNAVAILABLE}
2019-08-27 08:33:17,711 [ForkJoinPool.commonPool-worker-0] INFO  impl.RaftServerImpl (ServerState.java:close(394)) - a7415c16-3934-426f-880c-bd70b649961c:group-B10EB1E3C230 closes. The last applied log index is 16
2019-08-27 08:33:17,711 [main] INFO  handler.ContextHandler (ContextHandler.java:doStop(910)) - Stopped o.e.j.s.ServletContextHandler@7d7ceca8{/logs,file:///workdir/hadoop-ozone/integration-test/target/log,UNAVAILABLE}
2019-08-27 08:33:17,711 [a7415c16-3934-426f-880c-bd70b649961c-SegmentedRaftLogWorker:Storage Directory /workdir/hadoop-ozone/integration-test/target/test-dir/MiniOzoneClusterImpl-d49177c5-c9c6-4953-9114-88aa1897b70a/datanode-0/data/ratis/d5b325be-c05e-4808-9713-b10eb1e3c230] INFO  segmented.SegmentedRaftLogWorker (SegmentedRaftLogWorker.java:run(313)) - a7415c16-3934-426f-880c-bd70b649961c-SegmentedRaftLogWorker:Storage Directory /workdir/hadoop-ozone/integration-test/target/test-dir/MiniOzoneClusterImpl-d49177c5-c9c6-4953-9114-88aa1897b70a/datanode-0/data/ratis/d5b325be-c05e-4808-9713-b10eb1e3c230 was interrupted, exiting. There are 0 tasks remaining in the queue.
2019-08-27 08:33:17,712 [ForkJoinPool.commonPool-worker-0] INFO  segmented.SegmentedRaftLogWorker (SegmentedRaftLogWorker.java:close(228)) - a7415c16-3934-426f-880c-bd70b649961c-SegmentedRaftLogWorker:Storage Directory /workdir/hadoop-ozone/integration-test/target/test-dir/MiniOzoneClusterImpl-d49177c5-c9c6-4953-9114-88aa1897b70a/datanode-0/data/ratis/d5b325be-c05e-4808-9713-b10eb1e3c230 close()
2019-08-27 08:33:17,713 [ForkJoinPool.commonPool-worker-0] INFO  impl.RaftServerImpl (RaftServerImpl.java:lambda$shutdown$3(245)) - a7415c16-3934-426f-880c-bd70b649961c: shutdown group-F3466C240088
2019-08-27 08:33:17,713 [ForkJoinPool.commonPool-worker-0] INFO  util.JmxRegister (JmxRegister.java:unregister(73)) - Successfully un-registered JMX Bean with object name Ratis:service=RaftServer,group=group-F3466C240088,id=a7415c16-3934-426f-880c-bd70b649961c
2019-08-27 08:33:17,713 [ForkJoinPool.commonPool-worker-0] INFO  impl.RoleInfo (RoleInfo.java:shutdownLeaderState(104)) - a7415c16-3934-426f-880c-bd70b649961c: shutdown LeaderState
2019-08-27 08:33:17,714 [ForkJoinPool.commonPool-worker-0] INFO  impl.PendingRequests (PendingRequests.java:sendNotLeaderResponses(202)) - a7415c16-3934-426f-880c-bd70b649961c-PendingRequests: sendNotLeaderResponses
2019-08-27 08:33:17,714 [ForkJoinPool.commonPool-worker-0] INFO  impl.StateMachineUpdater (StateMachineUpdater.java:stopAndJoin(115)) - StateMachineUpdater:a7415c16-3934-426f-880c-bd70b649961c:group-F3466C240088: set stopIndex = 0
2019-08-27 08:33:17,714 [ForkJoinPool.commonPool-worker-0] INFO  impl.RaftServerImpl (ServerState.java:close(394)) - a7415c16-3934-426f-880c-bd70b649961c:group-F3466C240088 closes. The last applied log index is 0
2019-08-27 08:33:17,715 [a7415c16-3934-426f-880c-bd70b649961c-SegmentedRaftLogWorker:Storage Directory /workdir/hadoop-ozone/integration-test/target/test-dir/MiniOzoneClusterImpl-d49177c5-c9c6-4953-9114-88aa1897b70a/datanode-0/data/ratis/9364c588-ee77-437c-a497-f3466c240088] INFO  segmented.SegmentedRaftLogWorker (SegmentedRaftLogWorker.java:run(313)) - a7415c16-3934-426f-880c-bd70b649961c-SegmentedRaftLogWorker:Storage Directory /workdir/hadoop-ozone/integration-test/target/test-dir/MiniOzoneClusterImpl-d49177c5-c9c6-4953-9114-88aa1897b70a/datanode-0/data/ratis/9364c588-ee77-437c-a497-f3466c240088 was interrupted, exiting. There are 0 tasks remaining in the queue.
2019-08-27 08:33:17,715 [ForkJoinPool.commonPool-worker-0] INFO  segmented.SegmentedRaftLogWorker (SegmentedRaftLogWorker.java:close(228)) - a7415c16-3934-426f-880c-bd70b649961c-SegmentedRaftLogWorker:Storage Directory /workdir/hadoop-ozone/integration-test/target/test-dir/MiniOzoneClusterImpl-d49177c5-c9c6-4953-9114-88aa1897b70a/datanode-0/data/ratis/9364c588-ee77-437c-a497-f3466c240088 close()
2019-08-27 08:33:17,716 [ForkJoinPool.commonPool-worker-0] INFO  server.GrpcService (GrpcService.java:closeImpl(155)) - a7415c16-3934-426f-880c-bd70b649961c: shutdown server with port 40640 now
2019-08-27 08:33:17,717 [grpc-default-executor-5] WARN  client.GrpcClientProtocolService (LogUtils.java:warn(134)) - 1-UnorderedRequestStreamObserver1: onError: org.apache.ratis.thirdparty.io.grpc.StatusRuntimeException: CANCELLED: cancelled before receiving half close
2019-08-27 08:33:17,717 [ForkJoinPool.commonPool-worker-0] INFO  server.GrpcService (GrpcService.java:closeImpl(163)) - a7415c16-3934-426f-880c-bd70b649961c: shutdown server with port 40640 successfully
2019-08-27 08:33:17,718 [ForkJoinPool.commonPool-worker-0] INFO  utils.BackgroundService (BackgroundService.java:shutdown(148)) - Shutting down service BlockDeletingService
2019-08-27 08:33:17,720 [refreshUsed-/workdir/hadoop-ozone/integration-test/target/test-dir/MiniOzoneClusterImpl-d49177c5-c9c6-4953-9114-88aa1897b70a/datanode-0/data/containers] WARN  fs.CachingGetSpaceUsed (CachingGetSpaceUsed.java:run(183)) - Thread Interrupted waiting to refresh disk information: sleep interrupted
2019-08-27 08:33:17,740 [ForkJoinPool.commonPool-worker-0] INFO  statemachine.DatanodeStateMachine (DatanodeStateMachine.java:stopDaemon(395)) - Ozone container server stopped.
2019-08-27 08:33:17,743 [ForkJoinPool.commonPool-worker-0] INFO  handler.ContextHandler (ContextHandler.java:doStop(910)) - Stopped o.e.j.w.WebAppContext@33eb0d4{/,null,UNAVAILABLE}{/hddsDatanode}
2019-08-27 08:33:17,743 [ForkJoinPool.commonPool-worker-0] INFO  server.AbstractConnector (AbstractConnector.java:doStop(318)) - Stopped ServerConnector@224d86d2{HTTP/1.1,[http/1.1]}{0.0.0.0:0}
2019-08-27 08:33:17,746 [ForkJoinPool.commonPool-worker-0] INFO  handler.ContextHandler (ContextHandler.java:doStop(910)) - Stopped o.e.j.s.ServletContextHandler@68dfda77{/static,jar:file:/home/user/.m2/repository/org/apache/hadoop/hadoop-hdds-container-service/0.5.0-SNAPSHOT/hadoop-hdds-container-service-0.5.0-SNAPSHOT.jar!/webapps/static,UNAVAILABLE}
2019-08-27 08:33:17,747 [ForkJoinPool.commonPool-worker-0] INFO  handler.ContextHandler (ContextHandler.java:doStop(910)) - Stopped o.e.j.s.ServletContextHandler@5fd43e58{/logs,file:///workdir/hadoop-ozone/integration-test/target/log,UNAVAILABLE}
2019-08-27 08:33:17,748 [main] INFO  ozone.MiniOzoneClusterImpl (MiniOzoneClusterImpl.java:stop(339)) - Stopping the StorageContainerManager
2019-08-27 08:33:17,748 [main] INFO  server.StorageContainerManager (StorageContainerManager.java:stop(797)) - Stopping Replication Manager Service.
2019-08-27 08:33:17,749 [main] INFO  container.ReplicationManager (ReplicationManager.java:stop(193)) - Stopping Replication Monitor Thread.
2019-08-27 08:33:17,749 [main] INFO  server.StorageContainerManager (StorageContainerManager.java:stop(804)) - Stopping Lease Manager of the command watchers
2019-08-27 08:33:17,749 [main] INFO  server.StorageContainerManager (StorageContainerManager.java:stop(811)) - Stopping datanode service RPC server
2019-08-27 08:33:17,749 [main] INFO  server.SCMDatanodeProtocolServer (SCMDatanodeProtocolServer.java:stop(367)) - Stopping the RPC server for DataNodes
2019-08-27 08:33:17,749 [main] INFO  ipc.Server (Server.java:stop(3082)) - Stopping server on 40052
2019-08-27 08:33:17,752 [IPC Server listener on 40052] INFO  ipc.Server (Server.java:run(1185)) - Stopping IPC Server listener on 40052
2019-08-27 08:33:17,753 [IPC Server Responder] INFO  ipc.Server (Server.java:run(1319)) - Stopping IPC Server Responder
2019-08-27 08:33:17,849 [SCM Heartbeat Processing Thread - 0] WARN  node.NodeStateManager (NodeStateManager.java:scheduleNextHealthCheck(646)) - Current Thread is interrupted, shutting down HB processing thread for Node Manager.
2019-08-27 08:33:17,849 [main] INFO  server.StorageContainerManager (StorageContainerManager.java:stop(819)) - Stopping block service RPC server
2019-08-27 08:33:17,849 [main] INFO  server.SCMBlockProtocolServer (SCMBlockProtocolServer.java:stop(148)) - Stopping the RPC server for Block Protocol
2019-08-27 08:33:17,849 [main] INFO  ipc.Server (Server.java:stop(3082)) - Stopping server on 36840
2019-08-27 08:33:17,851 [IPC Server listener on 36840] INFO  ipc.Server (Server.java:run(1185)) - Stopping IPC Server listener on 36840
2019-08-27 08:33:17,851 [main] INFO  server.StorageContainerManager (StorageContainerManager.java:stop(826)) - Stopping the StorageContainerLocationProtocol RPC server
2019-08-27 08:33:17,852 [main] INFO  server.SCMClientProtocolServer (SCMClientProtocolServer.java:stop(159)) - Stopping the RPC server for Client Protocol
2019-08-27 08:33:17,853 [IPC Server Responder] INFO  ipc.Server (Server.java:run(1319)) - Stopping IPC Server Responder
2019-08-27 08:33:17,854 [main] INFO  ipc.Server (Server.java:stop(3082)) - Stopping server on 34051
2019-08-27 08:33:17,856 [IPC Server listener on 34051] INFO  ipc.Server (Server.java:run(1185)) - Stopping IPC Server listener on 34051
2019-08-27 08:33:17,856 [main] INFO  server.StorageContainerManager (StorageContainerManager.java:stop(833)) - Stopping Storage Container Manager HTTP server.
2019-08-27 08:33:17,858 [IPC Server Responder] INFO  ipc.Server (Server.java:run(1319)) - Stopping IPC Server Responder
2019-08-27 08:33:17,858 [main] INFO  handler.ContextHandler (ContextHandler.java:doStop(910)) - Stopped o.e.j.w.WebAppContext@43c7fe8a{/,null,UNAVAILABLE}{/scm}
2019-08-27 08:33:17,859 [main] INFO  server.AbstractConnector (AbstractConnector.java:doStop(318)) - Stopped ServerConnector@67f946c3{HTTP/1.1,[http/1.1]}{0.0.0.0:0}
2019-08-27 08:33:17,860 [main] INFO  handler.ContextHandler (ContextHandler.java:doStop(910)) - Stopped o.e.j.s.ServletContextHandler@55877274{/static,file:///workdir/hadoop-ozone/integration-test/target/test-classes/webapps/static,UNAVAILABLE}
2019-08-27 08:33:17,860 [main] INFO  handler.ContextHandler (ContextHandler.java:doStop(910)) - Stopped o.e.j.s.ServletContextHandler@7da1e005{/logs,file:///workdir/hadoop-ozone/integration-test/target/log,UNAVAILABLE}
2019-08-27 08:33:17,861 [main] INFO  server.StorageContainerManager (StorageContainerManager.java:stop(844)) - Stopping Block Manager Service.
2019-08-27 08:33:17,861 [main] INFO  utils.BackgroundService (BackgroundService.java:shutdown(148)) - Shutting down service SCMBlockDeletingService
2019-08-27 08:33:17,862 [main] INFO  utils.BackgroundService (BackgroundService.java:shutdown(148)) - Shutting down service SCMBlockDeletingService
2019-08-27 08:33:17,862 [main] INFO  server.StorageContainerManager (StorageContainerManager.java:stop(866)) - Stopping SCM Event Queue.
2019-08-27 08:33:17,867 [main] INFO  impl.MetricsSystemImpl (MetricsSystemImpl.java:stop(210)) - Stopping HddsDatanode metrics system...
2019-08-27 08:33:17,879 [main] INFO  impl.MetricsSystemImpl (MetricsSystemImpl.java:stop(216)) - HddsDatanode metrics system stopped.
]]></system-out>
  </testcase>
  <testcase name="testFailureWithPrimeSizedData" classname="org.apache.hadoop.ozone.client.rpc.TestBlockOutputStreamWithFailures" time="35.677"/>
  <testcase name="testWatchForCommitWithCloseContainerException" classname="org.apache.hadoop.ozone.client.rpc.TestBlockOutputStreamWithFailures" time="34.758"/>
  <testcase name="testExceptionDuringClose" classname="org.apache.hadoop.ozone.client.rpc.TestBlockOutputStreamWithFailures" time="33.638"/>
</testsuite>