<?xml version="1.0" encoding="UTF-8"?>
<testsuite xmlns:xsi="http://www.w3.org/2001/XMLSchema-instance" xsi:noNamespaceSchemaLocation="https://maven.apache.org/surefire/maven-surefire-plugin/xsd/surefire-test-report.xsd" name="org.apache.hadoop.ozone.client.rpc.Test2WayCommitInRatis" time="41.341" tests="1" errors="1" skipped="0" failures="0">
  <properties>
    <property name="awt.toolkit" value="sun.awt.X11.XToolkit"/>
    <property name="file.encoding.pkg" value="sun.io"/>
    <property name="java.specification.version" value="1.8"/>
    <property name="sun.cpu.isalist" value=""/>
    <property name="sun.jnu.encoding" value="UTF-8"/>
    <property name="java.class.path" value="/workdir/hadoop-ozone/integration-test/target/test-classes:/workdir/hadoop-ozone/integration-test/target/classes:/home/user/.m2/repository/org/apache/hadoop/hadoop-ozone-common/0.5.0-SNAPSHOT/hadoop-ozone-common-0.5.0-SNAPSHOT.jar:/home/user/.m2/repository/org/apache/commons/commons-compress/1.4.1/commons-compress-1.4.1.jar:/home/user/.m2/repository/org/tukaani/xz/1.0/xz-1.0.jar:/home/user/.m2/repository/org/apache/hadoop/hadoop-common/3.2.0/hadoop-common-3.2.0.jar:/home/user/.m2/repository/org/apache/hadoop/hadoop-hdfs/3.2.0/hadoop-hdfs-3.2.0.jar:/home/user/.m2/repository/org/apache/hadoop/hadoop-hdfs-client/3.2.0/hadoop-hdfs-client-3.2.0.jar:/home/user/.m2/repository/com/fasterxml/jackson/core/jackson-annotations/2.9.5/jackson-annotations-2.9.5.jar:/home/user/.m2/repository/org/apache/hadoop/hadoop-hdds-common/0.5.0-SNAPSHOT/hadoop-hdds-common-0.5.0-SNAPSHOT.jar:/home/user/.m2/repository/javax/annotation/javax.annotation-api/1.2/javax.annotation-api-1.2.jar:/home/user/.m2/repository/org/apache/ratis/ratis-server/0.4.0-78e95b9-SNAPSHOT/ratis-server-0.4.0-78e95b9-SNAPSHOT.jar:/home/user/.m2/repository/org/apache/ratis/ratis-thirdparty-misc/0.2.0/ratis-thirdparty-misc-0.2.0.jar:/home/user/.m2/repository/org/apache/ratis/ratis-proto/0.4.0-78e95b9-SNAPSHOT/ratis-proto-0.4.0-78e95b9-SNAPSHOT.jar:/home/user/.m2/repository/org/apache/ratis/ratis-common/0.4.0-78e95b9-SNAPSHOT/ratis-common-0.4.0-78e95b9-SNAPSHOT.jar:/home/user/.m2/repository/org/apache/ratis/ratis-client/0.4.0-78e95b9-SNAPSHOT/ratis-client-0.4.0-78e95b9-SNAPSHOT.jar:/home/user/.m2/repository/org/apache/ratis/ratis-metrics/0.4.0-78e95b9-SNAPSHOT/ratis-metrics-0.4.0-78e95b9-SNAPSHOT.jar:/home/user/.m2/repository/com/github/joshelser/dropwizard-metrics-hadoop-metrics2-reporter/0.1.2/dropwizard-metrics-hadoop-metrics2-reporter-0.1.2.jar:/home/user/.m2/repository/io/dropwizard/metrics/metrics-jvm/3.2.5/metrics-jvm-3.2.5.jar:/home/user/.m2/repository/io/dropwizard/metrics/metrics-ganglia/3.2.5/metrics-ganglia-3.2.5.jar:/home/user/.m2/repository/info/ganglia/gmetric4j/gmetric4j/1.0.7/gmetric4j-1.0.7.jar:/home/user/.m2/repository/org/apache/ratis/ratis-netty/0.4.0-78e95b9-SNAPSHOT/ratis-netty-0.4.0-78e95b9-SNAPSHOT.jar:/home/user/.m2/repository/org/apache/ratis/ratis-grpc/0.4.0-78e95b9-SNAPSHOT/ratis-grpc-0.4.0-78e95b9-SNAPSHOT.jar:/home/user/.m2/repository/org/rocksdb/rocksdbjni/6.0.1/rocksdbjni-6.0.1.jar:/home/user/.m2/repository/org/apache/logging/log4j/log4j-api/2.11.0/log4j-api-2.11.0.jar:/home/user/.m2/repository/org/apache/logging/log4j/log4j-core/2.11.0/log4j-core-2.11.0.jar:/home/user/.m2/repository/com/lmax/disruptor/3.4.2/disruptor-3.4.2.jar:/home/user/.m2/repository/org/apache/commons/commons-pool2/2.6.0/commons-pool2-2.6.0.jar:/home/user/.m2/repository/org/bouncycastle/bcpkix-jdk15on/1.60/bcpkix-jdk15on-1.60.jar:/home/user/.m2/repository/commons-validator/commons-validator/1.6/commons-validator-1.6.jar:/home/user/.m2/repository/commons-digester/commons-digester/1.8.1/commons-digester-1.8.1.jar:/home/user/.m2/repository/io/jaegertracing/jaeger-client/0.33.1/jaeger-client-0.33.1.jar:/home/user/.m2/repository/io/jaegertracing/jaeger-thrift/0.33.1/jaeger-thrift-0.33.1.jar:/home/user/.m2/repository/org/apache/thrift/libthrift/0.11.0/libthrift-0.11.0.jar:/home/user/.m2/repository/com/squareup/okhttp3/okhttp/3.9.0/okhttp-3.9.0.jar:/home/user/.m2/repository/com/squareup/okio/okio/1.13.0/okio-1.13.0.jar:/home/user/.m2/repository/io/jaegertracing/jaeger-core/0.33.1/jaeger-core-0.33.1.jar:/home/user/.m2/repository/io/jaegertracing/jaeger-tracerresolver/0.33.1/jaeger-tracerresolver-0.33.1.jar:/home/user/.m2/repository/io/opentracing/contrib/opentracing-tracerresolver/0.1.5/opentracing-tracerresolver-0.1.5.jar:/home/user/.m2/repository/io/opentracing/opentracing-util/0.31.0/opentracing-util-0.31.0.jar:/home/user/.m2/repository/io/opentracing/opentracing-api/0.31.0/opentracing-api-0.31.0.jar:/home/user/.m2/repository/io/opentracing/opentracing-noop/0.31.0/opentracing-noop-0.31.0.jar:/home/user/.m2/repository/org/apache/hadoop/hadoop-hdds-server-framework/0.5.0-SNAPSHOT/hadoop-hdds-server-framework-0.5.0-SNAPSHOT.jar:/home/user/.m2/repository/org/apache/hadoop/hadoop-hdds-container-service/0.5.0-SNAPSHOT/hadoop-hdds-container-service-0.5.0-SNAPSHOT.jar:/home/user/.m2/repository/org/apache/hadoop/hadoop-hdds-client/0.5.0-SNAPSHOT/hadoop-hdds-client-0.5.0-SNAPSHOT.jar:/home/user/.m2/repository/org/apache/hadoop/hadoop-hdds-tools/0.5.0-SNAPSHOT/hadoop-hdds-tools-0.5.0-SNAPSHOT.jar:/home/user/.m2/repository/org/apache/hadoop/hadoop-hdds-server-scm/0.5.0-SNAPSHOT/hadoop-hdds-server-scm-0.5.0-SNAPSHOT.jar:/home/user/.m2/repository/org/apache/hadoop/hadoop-hdds-docs/0.5.0-SNAPSHOT/hadoop-hdds-docs-0.5.0-SNAPSHOT.jar:/home/user/.m2/repository/io/dropwizard/metrics/metrics-core/3.2.4/metrics-core-3.2.4.jar:/home/user/.m2/repository/org/hamcrest/hamcrest-all/1.3/hamcrest-all-1.3.jar:/home/user/.m2/repository/org/bouncycastle/bcprov-jdk15on/1.60/bcprov-jdk15on-1.60.jar:/home/user/.m2/repository/info/picocli/picocli/3.9.6/picocli-3.9.6.jar:/home/user/.m2/repository/com/google/protobuf/protobuf-java/2.5.0/protobuf-java-2.5.0.jar:/home/user/.m2/repository/com/google/guava/guava/11.0.2/guava-11.0.2.jar:/home/user/.m2/repository/org/apache/hadoop/hadoop-ozone-ozone-manager/0.5.0-SNAPSHOT/hadoop-ozone-ozone-manager-0.5.0-SNAPSHOT.jar:/home/user/.m2/repository/org/apache/hadoop/hadoop-minikdc/3.2.0/hadoop-minikdc-3.2.0.jar:/home/user/.m2/repository/commons-io/commons-io/2.5/commons-io-2.5.jar:/home/user/.m2/repository/org/apache/kerby/kerb-simplekdc/1.0.1/kerb-simplekdc-1.0.1.jar:/home/user/.m2/repository/org/apache/kerby/kerb-client/1.0.1/kerb-client-1.0.1.jar:/home/user/.m2/repository/org/apache/kerby/kerby-config/1.0.1/kerby-config-1.0.1.jar:/home/user/.m2/repository/org/apache/kerby/kerb-core/1.0.1/kerb-core-1.0.1.jar:/home/user/.m2/repository/org/apache/kerby/kerby-pkix/1.0.1/kerby-pkix-1.0.1.jar:/home/user/.m2/repository/org/apache/kerby/kerby-asn1/1.0.1/kerby-asn1-1.0.1.jar:/home/user/.m2/repository/org/apache/kerby/kerby-util/1.0.1/kerby-util-1.0.1.jar:/home/user/.m2/repository/org/apache/kerby/kerb-common/1.0.1/kerb-common-1.0.1.jar:/home/user/.m2/repository/org/apache/kerby/kerb-crypto/1.0.1/kerb-crypto-1.0.1.jar:/home/user/.m2/repository/org/apache/kerby/kerb-util/1.0.1/kerb-util-1.0.1.jar:/home/user/.m2/repository/org/apache/kerby/token-provider/1.0.1/token-provider-1.0.1.jar:/home/user/.m2/repository/org/apache/kerby/kerb-admin/1.0.1/kerb-admin-1.0.1.jar:/home/user/.m2/repository/org/apache/kerby/kerb-server/1.0.1/kerb-server-1.0.1.jar:/home/user/.m2/repository/org/apache/kerby/kerb-identity/1.0.1/kerb-identity-1.0.1.jar:/home/user/.m2/repository/org/apache/kerby/kerby-xdr/1.0.1/kerby-xdr-1.0.1.jar:/home/user/.m2/repository/org/slf4j/slf4j-log4j12/1.7.25/slf4j-log4j12-1.7.25.jar:/home/user/.m2/repository/org/apache/hadoop/hadoop-ozone-s3gateway/0.5.0-SNAPSHOT/hadoop-ozone-s3gateway-0.5.0-SNAPSHOT.jar:/home/user/.m2/repository/org/jboss/weld/servlet/weld-servlet/2.4.7.Final/weld-servlet-2.4.7.Final.jar:/home/user/.m2/repository/org/glassfish/jersey/containers/jersey-container-servlet-core/2.27/jersey-container-servlet-core-2.27.jar:/home/user/.m2/repository/org/glassfish/hk2/external/javax.inject/2.5.0-b42/javax.inject-2.5.0-b42.jar:/home/user/.m2/repository/org/glassfish/jersey/core/jersey-common/2.27/jersey-common-2.27.jar:/home/user/.m2/repository/org/glassfish/hk2/osgi-resource-locator/1.0.1/osgi-resource-locator-1.0.1.jar:/home/user/.m2/repository/javax/ws/rs/javax.ws.rs-api/2.1/javax.ws.rs-api-2.1.jar:/home/user/.m2/repository/org/glassfish/jersey/ext/cdi/jersey-cdi1x/2.27/jersey-cdi1x-2.27.jar:/home/user/.m2/repository/org/glassfish/jersey/inject/jersey-hk2/2.27/jersey-hk2-2.27.jar:/home/user/.m2/repository/org/glassfish/hk2/hk2-locator/2.5.0-b42/hk2-locator-2.5.0-b42.jar:/home/user/.m2/repository/org/javassist/javassist/3.22.0-CR2/javassist-3.22.0-CR2.jar:/home/user/.m2/repository/org/glassfish/hk2/hk2-api/2.5.0/hk2-api-2.5.0.jar:/home/user/.m2/repository/org/glassfish/hk2/external/jakarta.inject/2.5.0/jakarta.inject-2.5.0.jar:/home/user/.m2/repository/org/glassfish/hk2/hk2-utils/2.5.0/hk2-utils-2.5.0.jar:/home/user/.m2/repository/jakarta/annotation/jakarta.annotation-api/1.3.4/jakarta.annotation-api-1.3.4.jar:/home/user/.m2/repository/org/glassfish/hk2/external/aopalliance-repackaged/2.5.0/aopalliance-repackaged-2.5.0.jar:/home/user/.m2/repository/com/fasterxml/jackson/dataformat/jackson-dataformat-xml/2.9.0/jackson-dataformat-xml-2.9.0.jar:/home/user/.m2/repository/com/fasterxml/jackson/core/jackson-core/2.9.5/jackson-core-2.9.5.jar:/home/user/.m2/repository/com/fasterxml/jackson/module/jackson-module-jaxb-annotations/2.9.5/jackson-module-jaxb-annotations-2.9.5.jar:/home/user/.m2/repository/javax/enterprise/cdi-api/1.2/cdi-api-1.2.jar:/home/user/.m2/repository/javax/el/javax.el-api/3.0.0/javax.el-api-3.0.0.jar:/home/user/.m2/repository/javax/interceptor/javax.interceptor-api/1.2/javax.interceptor-api-1.2.jar:/home/user/.m2/repository/javax/inject/javax.inject/1/javax.inject-1.jar:/home/user/.m2/repository/com/sun/xml/bind/jaxb-impl/2.3.0.1/jaxb-impl-2.3.0.1.jar:/home/user/.m2/repository/com/sun/xml/bind/jaxb-core/2.3.0.1/jaxb-core-2.3.0.1.jar:/home/user/.m2/repository/javax/xml/bind/jaxb-api/2.3.0/jaxb-api-2.3.0.jar:/home/user/.m2/repository/javax/activation/activation/1.1.1/activation-1.1.1.jar:/home/user/.m2/repository/org/apache/hadoop/hadoop-ozone-csi/0.5.0-SNAPSHOT/hadoop-ozone-csi-0.5.0-SNAPSHOT.jar:/home/user/.m2/repository/com/google/protobuf/protobuf-java-util/3.5.1/protobuf-java-util-3.5.1.jar:/home/user/.m2/repository/org/apache/hadoop/hadoop-hdds-config/0.5.0-SNAPSHOT/hadoop-hdds-config-0.5.0-SNAPSHOT.jar:/home/user/.m2/repository/io/grpc/grpc-netty/1.17.1/grpc-netty-1.17.1.jar:/home/user/.m2/repository/io/grpc/grpc-core/1.17.1/grpc-core-1.17.1.jar:/home/user/.m2/repository/io/grpc/grpc-context/1.17.1/grpc-context-1.17.1.jar:/home/user/.m2/repository/com/google/errorprone/error_prone_annotations/2.2.0/error_prone_annotations-2.2.0.jar:/home/user/.m2/repository/org/codehaus/mojo/animal-sniffer-annotations/1.17/animal-sniffer-annotations-1.17.jar:/home/user/.m2/repository/io/opencensus/opencensus-api/0.17.0/opencensus-api-0.17.0.jar:/home/user/.m2/repository/io/opencensus/opencensus-contrib-grpc-metrics/0.17.0/opencensus-contrib-grpc-metrics-0.17.0.jar:/home/user/.m2/repository/io/netty/netty-codec-http2/4.1.30.Final/netty-codec-http2-4.1.30.Final.jar:/home/user/.m2/repository/io/netty/netty-codec-http/4.1.30.Final/netty-codec-http-4.1.30.Final.jar:/home/user/.m2/repository/io/netty/netty-codec/4.1.30.Final/netty-codec-4.1.30.Final.jar:/home/user/.m2/repository/io/netty/netty-handler/4.1.30.Final/netty-handler-4.1.30.Final.jar:/home/user/.m2/repository/io/netty/netty-handler-proxy/4.1.30.Final/netty-handler-proxy-4.1.30.Final.jar:/home/user/.m2/repository/io/netty/netty-codec-socks/4.1.30.Final/netty-codec-socks-4.1.30.Final.jar:/home/user/.m2/repository/io/netty/netty-transport-native-epoll/4.1.30.Final/netty-transport-native-epoll-4.1.30.Final.jar:/home/user/.m2/repository/io/netty/netty-common/4.1.30.Final/netty-common-4.1.30.Final.jar:/home/user/.m2/repository/io/netty/netty-buffer/4.1.30.Final/netty-buffer-4.1.30.Final.jar:/home/user/.m2/repository/io/netty/netty-transport/4.1.30.Final/netty-transport-4.1.30.Final.jar:/home/user/.m2/repository/io/netty/netty-resolver/4.1.30.Final/netty-resolver-4.1.30.Final.jar:/home/user/.m2/repository/io/netty/netty-transport-native-unix-common/4.1.30.Final/netty-transport-native-unix-common-4.1.30.Final.jar:/home/user/.m2/repository/io/grpc/grpc-protobuf/1.17.1/grpc-protobuf-1.17.1.jar:/home/user/.m2/repository/com/google/api/grpc/proto-google-common-protos/1.0.0/proto-google-common-protos-1.0.0.jar:/home/user/.m2/repository/io/grpc/grpc-protobuf-lite/1.17.1/grpc-protobuf-lite-1.17.1.jar:/home/user/.m2/repository/io/grpc/grpc-stub/1.17.1/grpc-stub-1.17.1.jar:/home/user/.m2/repository/org/apache/hadoop/hadoop-ozone-recon/0.5.0-SNAPSHOT/hadoop-ozone-recon-0.5.0-SNAPSHOT.jar:/home/user/.m2/repository/org/apache/hadoop/hadoop-ozone-reconcodegen/0.5.0-SNAPSHOT/hadoop-ozone-reconcodegen-0.5.0-SNAPSHOT.jar:/home/user/.m2/repository/com/google/inject/extensions/guice-multibindings/4.0/guice-multibindings-4.0.jar:/home/user/.m2/repository/com/google/inject/guice/4.0/guice-4.0.jar:/home/user/.m2/repository/aopalliance/aopalliance/1.0/aopalliance-1.0.jar:/home/user/.m2/repository/com/google/inject/extensions/guice-servlet/4.0/guice-servlet-4.0.jar:/home/user/.m2/repository/org/glassfish/jersey/containers/jersey-container-servlet/2.27/jersey-container-servlet-2.27.jar:/home/user/.m2/repository/org/glassfish/hk2/guice-bridge/2.5.0/guice-bridge-2.5.0.jar:/home/user/.m2/repository/org/glassfish/jersey/core/jersey-server/2.27/jersey-server-2.27.jar:/home/user/.m2/repository/org/glassfish/jersey/core/jersey-client/2.27/jersey-client-2.27.jar:/home/user/.m2/repository/org/glassfish/jersey/media/jersey-media-jaxb/2.27/jersey-media-jaxb-2.27.jar:/home/user/.m2/repository/javax/validation/validation-api/1.1.0.Final/validation-api-1.1.0.Final.jar:/home/user/.m2/repository/org/glassfish/jersey/media/jersey-media-json-jackson/2.27/jersey-media-json-jackson-2.27.jar:/home/user/.m2/repository/org/glassfish/jersey/ext/jersey-entity-filtering/2.27/jersey-entity-filtering-2.27.jar:/home/user/.m2/repository/com/google/inject/extensions/guice-assistedinject/4.0/guice-assistedinject-4.0.jar:/home/user/.m2/repository/org/jooq/jooq/3.11.10/jooq-3.11.10.jar:/home/user/.m2/repository/org/jooq/jooq-meta/3.11.10/jooq-meta-3.11.10.jar:/home/user/.m2/repository/org/jooq/jooq-codegen/3.11.10/jooq-codegen-3.11.10.jar:/home/user/.m2/repository/com/jolbox/bonecp/0.8.0.RELEASE/bonecp-0.8.0.RELEASE.jar:/home/user/.m2/repository/org/xerial/sqlite-jdbc/3.25.2/sqlite-jdbc-3.25.2.jar:/home/user/.m2/repository/org/springframework/spring-jdbc/5.1.3.RELEASE/spring-jdbc-5.1.3.RELEASE.jar:/home/user/.m2/repository/org/springframework/spring-beans/5.1.3.RELEASE/spring-beans-5.1.3.RELEASE.jar:/home/user/.m2/repository/org/springframework/spring-core/5.1.3.RELEASE/spring-core-5.1.3.RELEASE.jar:/home/user/.m2/repository/org/springframework/spring-jcl/5.1.3.RELEASE/spring-jcl-5.1.3.RELEASE.jar:/home/user/.m2/repository/org/springframework/spring-tx/5.1.3.RELEASE/spring-tx-5.1.3.RELEASE.jar:/home/user/.m2/repository/org/apache/hadoop/hadoop-ozone-client/0.5.0-SNAPSHOT/hadoop-ozone-client-0.5.0-SNAPSHOT.jar:/home/user/.m2/repository/commons-lang/commons-lang/2.6/commons-lang-2.6.jar:/home/user/.m2/repository/org/apache/hadoop/hadoop-ozone-ozone-manager/0.5.0-SNAPSHOT/hadoop-ozone-ozone-manager-0.5.0-SNAPSHOT-tests.jar:/home/user/.m2/repository/junit/junit/4.11/junit-4.11.jar:/home/user/.m2/repository/org/hamcrest/hamcrest-core/1.3/hamcrest-core-1.3.jar:/home/user/.m2/repository/org/openjdk/jmh/jmh-core/1.19/jmh-core-1.19.jar:/home/user/.m2/repository/net/sf/jopt-simple/jopt-simple/4.6/jopt-simple-4.6.jar:/home/user/.m2/repository/org/apache/commons/commons-math3/3.1.1/commons-math3-3.1.1.jar:/home/user/.m2/repository/org/openjdk/jmh/jmh-generator-annprocess/1.19/jmh-generator-annprocess-1.19.jar:/home/user/.m2/repository/org/mockito/mockito-all/1.8.5/mockito-all-1.8.5.jar:/home/user/.m2/repository/org/apache/hadoop/hadoop-kms/3.2.0/hadoop-kms-3.2.0.jar:/home/user/.m2/repository/org/apache/hadoop/hadoop-auth/3.2.0/hadoop-auth-3.2.0.jar:/home/user/.m2/repository/com/nimbusds/nimbus-jose-jwt/4.41.1/nimbus-jose-jwt-4.41.1.jar:/home/user/.m2/repository/com/github/stephenc/jcip/jcip-annotations/1.0-1/jcip-annotations-1.0-1.jar:/home/user/.m2/repository/net/minidev/json-smart/2.3/json-smart-2.3.jar:/home/user/.m2/repository/net/minidev/accessors-smart/1.2/accessors-smart-1.2.jar:/home/user/.m2/repository/org/ow2/asm/asm/5.0.4/asm-5.0.4.jar:/home/user/.m2/repository/org/apache/curator/curator-framework/2.12.0/curator-framework-2.12.0.jar:/home/user/.m2/repository/com/sun/jersey/jersey-core/1.19/jersey-core-1.19.jar:/home/user/.m2/repository/javax/ws/rs/jsr311-api/1.1.1/jsr311-api-1.1.1.jar:/home/user/.m2/repository/com/sun/jersey/jersey-server/1.19/jersey-server-1.19.jar:/home/user/.m2/repository/javax/servlet/javax.servlet-api/3.1.0/javax.servlet-api-3.1.0.jar:/home/user/.m2/repository/org/eclipse/jetty/jetty-server/9.3.24.v20180605/jetty-server-9.3.24.v20180605.jar:/home/user/.m2/repository/org/eclipse/jetty/jetty-http/9.3.24.v20180605/jetty-http-9.3.24.v20180605.jar:/home/user/.m2/repository/org/eclipse/jetty/jetty-io/9.3.24.v20180605/jetty-io-9.3.24.v20180605.jar:/home/user/.m2/repository/org/eclipse/jetty/jetty-webapp/9.3.24.v20180605/jetty-webapp-9.3.24.v20180605.jar:/home/user/.m2/repository/org/eclipse/jetty/jetty-xml/9.3.24.v20180605/jetty-xml-9.3.24.v20180605.jar:/home/user/.m2/repository/log4j/log4j/1.2.17/log4j-1.2.17.jar:/home/user/.m2/repository/org/slf4j/slf4j-api/1.7.25/slf4j-api-1.7.25.jar:/home/user/.m2/repository/org/slf4j/jul-to-slf4j/1.7.25/jul-to-slf4j-1.7.25.jar:/home/user/.m2/repository/org/eclipse/jetty/jetty-util/9.3.24.v20180605/jetty-util-9.3.24.v20180605.jar:/home/user/.m2/repository/com/fasterxml/jackson/core/jackson-databind/2.9.5/jackson-databind-2.9.5.jar:/home/user/.m2/repository/org/apache/hadoop/hadoop-kms/3.2.0/hadoop-kms-3.2.0-tests.jar:/home/user/.m2/repository/org/apache/hadoop/hadoop-hdds-server-scm/0.5.0-SNAPSHOT/hadoop-hdds-server-scm-0.5.0-SNAPSHOT-tests.jar:/home/user/.m2/repository/org/apache/hadoop/hadoop-hdds-container-service/0.5.0-SNAPSHOT/hadoop-hdds-container-service-0.5.0-SNAPSHOT-tests.jar:/home/user/.m2/repository/org/yaml/snakeyaml/1.16/snakeyaml-1.16.jar:/home/user/.m2/repository/org/apache/hadoop/hadoop-common/3.2.0/hadoop-common-3.2.0-tests.jar:/home/user/.m2/repository/org/apache/hadoop/hadoop-annotations/3.2.0/hadoop-annotations-3.2.0.jar:/usr/lib/jvm/java-1.8-openjdk/jre/../lib/tools.jar:/home/user/.m2/repository/commons-cli/commons-cli/1.2/commons-cli-1.2.jar:/home/user/.m2/repository/org/apache/httpcomponents/httpclient/4.5.2/httpclient-4.5.2.jar:/home/user/.m2/repository/org/apache/httpcomponents/httpcore/4.4.4/httpcore-4.4.4.jar:/home/user/.m2/repository/commons-codec/commons-codec/1.11/commons-codec-1.11.jar:/home/user/.m2/repository/commons-net/commons-net/3.6/commons-net-3.6.jar:/home/user/.m2/repository/commons-collections/commons-collections/3.2.2/commons-collections-3.2.2.jar:/home/user/.m2/repository/org/eclipse/jetty/jetty-servlet/9.3.24.v20180605/jetty-servlet-9.3.24.v20180605.jar:/home/user/.m2/repository/org/eclipse/jetty/jetty-security/9.3.24.v20180605/jetty-security-9.3.24.v20180605.jar:/home/user/.m2/repository/javax/servlet/jsp/jsp-api/2.1/jsp-api-2.1.jar:/home/user/.m2/repository/com/sun/jersey/jersey-servlet/1.19/jersey-servlet-1.19.jar:/home/user/.m2/repository/com/sun/jersey/jersey-json/1.19/jersey-json-1.19.jar:/home/user/.m2/repository/org/codehaus/jettison/jettison/1.1/jettison-1.1.jar:/home/user/.m2/repository/org/codehaus/jackson/jackson-core-asl/1.9.13/jackson-core-asl-1.9.13.jar:/home/user/.m2/repository/org/codehaus/jackson/jackson-mapper-asl/1.9.13/jackson-mapper-asl-1.9.13.jar:/home/user/.m2/repository/org/codehaus/jackson/jackson-jaxrs/1.9.13/jackson-jaxrs-1.9.13.jar:/home/user/.m2/repository/org/codehaus/jackson/jackson-xc/1.9.13/jackson-xc-1.9.13.jar:/home/user/.m2/repository/commons-logging/commons-logging/1.1.3/commons-logging-1.1.3.jar:/home/user/.m2/repository/commons-beanutils/commons-beanutils/1.9.3/commons-beanutils-1.9.3.jar:/home/user/.m2/repository/org/apache/commons/commons-configuration2/2.1.1/commons-configuration2-2.1.1.jar:/home/user/.m2/repository/org/apache/commons/commons-lang3/3.7/commons-lang3-3.7.jar:/home/user/.m2/repository/org/apache/commons/commons-text/1.4/commons-text-1.4.jar:/home/user/.m2/repository/org/apache/avro/avro/1.7.7/avro-1.7.7.jar:/home/user/.m2/repository/com/thoughtworks/paranamer/paranamer/2.3/paranamer-2.3.jar:/home/user/.m2/repository/org/xerial/snappy/snappy-java/1.0.5/snappy-java-1.0.5.jar:/home/user/.m2/repository/com/google/re2j/re2j/1.1/re2j-1.1.jar:/home/user/.m2/repository/com/google/code/gson/gson/2.2.4/gson-2.2.4.jar:/home/user/.m2/repository/com/jcraft/jsch/0.1.54/jsch-0.1.54.jar:/home/user/.m2/repository/org/apache/curator/curator-client/2.12.0/curator-client-2.12.0.jar:/home/user/.m2/repository/org/apache/curator/curator-recipes/2.12.0/curator-recipes-2.12.0.jar:/home/user/.m2/repository/com/google/code/findbugs/jsr305/3.0.0/jsr305-3.0.0.jar:/home/user/.m2/repository/org/apache/htrace/htrace-core4/4.1.0-incubating/htrace-core4-4.1.0-incubating.jar:/home/user/.m2/repository/org/apache/zookeeper/zookeeper/3.4.13/zookeeper-3.4.13.jar:/home/user/.m2/repository/org/apache/yetus/audience-annotations/0.5.0/audience-annotations-0.5.0.jar:/home/user/.m2/repository/org/codehaus/woodstox/stax2-api/3.1.4/stax2-api-3.1.4.jar:/home/user/.m2/repository/com/fasterxml/woodstox/woodstox-core/5.0.3/woodstox-core-5.0.3.jar:/home/user/.m2/repository/dnsjava/dnsjava/2.1.7/dnsjava-2.1.7.jar:/home/user/.m2/repository/org/apache/hadoop/hadoop-hdfs/3.2.0/hadoop-hdfs-3.2.0-tests.jar:/home/user/.m2/repository/org/eclipse/jetty/jetty-util-ajax/9.3.24.v20180605/jetty-util-ajax-9.3.24.v20180605.jar:/home/user/.m2/repository/commons-daemon/commons-daemon/1.0.13/commons-daemon-1.0.13.jar:/home/user/.m2/repository/io/netty/netty/3.10.5.Final/netty-3.10.5.Final.jar:/home/user/.m2/repository/io/netty/netty-all/4.0.52.Final/netty-all-4.0.52.Final.jar:/home/user/.m2/repository/org/fusesource/leveldbjni/leveldbjni-all/1.8/leveldbjni-all-1.8.jar:"/>
    <property name="java.vm.vendor" value="IcedTea"/>
    <property name="sun.arch.data.model" value="64"/>
    <property name="test.build.dir" value="/workdir/hadoop-ozone/integration-test/target/test-dir"/>
    <property name="test.cache.data" value=""/>
    <property name="java.vendor.url" value="https://icedtea.classpath.org"/>
    <property name="user.timezone" value=""/>
    <property name="java.vm.specification.version" value="1.8"/>
    <property name="os.name" value="Linux"/>
    <property name="test.build.data" value="/workdir/hadoop-ozone/integration-test/target/test-dir"/>
    <property name="user.country" value="US"/>
    <property name="sun.java.launcher" value="SUN_STANDARD"/>
    <property name="sun.boot.library.path" value="/usr/lib/jvm/java-1.8-openjdk/jre/lib/amd64"/>
    <property name="sun.java.command" value="/workdir/hadoop-ozone/integration-test/target/surefire/surefirebooter4896477477780030600.jar /workdir/hadoop-ozone/integration-test/target/surefire 2019-09-19T10-55-44_286-jvmRun1 surefire2799656111440566741tmp surefire_423462487257712903052tmp"/>
    <property name="test" value="!TestMiniChaosOzoneCluster"/>
    <property name="surefire.test.class.path" value="/workdir/hadoop-ozone/integration-test/target/test-classes:/workdir/hadoop-ozone/integration-test/target/classes:/home/user/.m2/repository/org/apache/hadoop/hadoop-ozone-common/0.5.0-SNAPSHOT/hadoop-ozone-common-0.5.0-SNAPSHOT.jar:/home/user/.m2/repository/org/apache/commons/commons-compress/1.4.1/commons-compress-1.4.1.jar:/home/user/.m2/repository/org/tukaani/xz/1.0/xz-1.0.jar:/home/user/.m2/repository/org/apache/hadoop/hadoop-common/3.2.0/hadoop-common-3.2.0.jar:/home/user/.m2/repository/org/apache/hadoop/hadoop-hdfs/3.2.0/hadoop-hdfs-3.2.0.jar:/home/user/.m2/repository/org/apache/hadoop/hadoop-hdfs-client/3.2.0/hadoop-hdfs-client-3.2.0.jar:/home/user/.m2/repository/com/fasterxml/jackson/core/jackson-annotations/2.9.5/jackson-annotations-2.9.5.jar:/home/user/.m2/repository/org/apache/hadoop/hadoop-hdds-common/0.5.0-SNAPSHOT/hadoop-hdds-common-0.5.0-SNAPSHOT.jar:/home/user/.m2/repository/javax/annotation/javax.annotation-api/1.2/javax.annotation-api-1.2.jar:/home/user/.m2/repository/org/apache/ratis/ratis-server/0.4.0-78e95b9-SNAPSHOT/ratis-server-0.4.0-78e95b9-SNAPSHOT.jar:/home/user/.m2/repository/org/apache/ratis/ratis-thirdparty-misc/0.2.0/ratis-thirdparty-misc-0.2.0.jar:/home/user/.m2/repository/org/apache/ratis/ratis-proto/0.4.0-78e95b9-SNAPSHOT/ratis-proto-0.4.0-78e95b9-SNAPSHOT.jar:/home/user/.m2/repository/org/apache/ratis/ratis-common/0.4.0-78e95b9-SNAPSHOT/ratis-common-0.4.0-78e95b9-SNAPSHOT.jar:/home/user/.m2/repository/org/apache/ratis/ratis-client/0.4.0-78e95b9-SNAPSHOT/ratis-client-0.4.0-78e95b9-SNAPSHOT.jar:/home/user/.m2/repository/org/apache/ratis/ratis-metrics/0.4.0-78e95b9-SNAPSHOT/ratis-metrics-0.4.0-78e95b9-SNAPSHOT.jar:/home/user/.m2/repository/com/github/joshelser/dropwizard-metrics-hadoop-metrics2-reporter/0.1.2/dropwizard-metrics-hadoop-metrics2-reporter-0.1.2.jar:/home/user/.m2/repository/io/dropwizard/metrics/metrics-jvm/3.2.5/metrics-jvm-3.2.5.jar:/home/user/.m2/repository/io/dropwizard/metrics/metrics-ganglia/3.2.5/metrics-ganglia-3.2.5.jar:/home/user/.m2/repository/info/ganglia/gmetric4j/gmetric4j/1.0.7/gmetric4j-1.0.7.jar:/home/user/.m2/repository/org/apache/ratis/ratis-netty/0.4.0-78e95b9-SNAPSHOT/ratis-netty-0.4.0-78e95b9-SNAPSHOT.jar:/home/user/.m2/repository/org/apache/ratis/ratis-grpc/0.4.0-78e95b9-SNAPSHOT/ratis-grpc-0.4.0-78e95b9-SNAPSHOT.jar:/home/user/.m2/repository/org/rocksdb/rocksdbjni/6.0.1/rocksdbjni-6.0.1.jar:/home/user/.m2/repository/org/apache/logging/log4j/log4j-api/2.11.0/log4j-api-2.11.0.jar:/home/user/.m2/repository/org/apache/logging/log4j/log4j-core/2.11.0/log4j-core-2.11.0.jar:/home/user/.m2/repository/com/lmax/disruptor/3.4.2/disruptor-3.4.2.jar:/home/user/.m2/repository/org/apache/commons/commons-pool2/2.6.0/commons-pool2-2.6.0.jar:/home/user/.m2/repository/org/bouncycastle/bcpkix-jdk15on/1.60/bcpkix-jdk15on-1.60.jar:/home/user/.m2/repository/commons-validator/commons-validator/1.6/commons-validator-1.6.jar:/home/user/.m2/repository/commons-digester/commons-digester/1.8.1/commons-digester-1.8.1.jar:/home/user/.m2/repository/io/jaegertracing/jaeger-client/0.33.1/jaeger-client-0.33.1.jar:/home/user/.m2/repository/io/jaegertracing/jaeger-thrift/0.33.1/jaeger-thrift-0.33.1.jar:/home/user/.m2/repository/org/apache/thrift/libthrift/0.11.0/libthrift-0.11.0.jar:/home/user/.m2/repository/com/squareup/okhttp3/okhttp/3.9.0/okhttp-3.9.0.jar:/home/user/.m2/repository/com/squareup/okio/okio/1.13.0/okio-1.13.0.jar:/home/user/.m2/repository/io/jaegertracing/jaeger-core/0.33.1/jaeger-core-0.33.1.jar:/home/user/.m2/repository/io/jaegertracing/jaeger-tracerresolver/0.33.1/jaeger-tracerresolver-0.33.1.jar:/home/user/.m2/repository/io/opentracing/contrib/opentracing-tracerresolver/0.1.5/opentracing-tracerresolver-0.1.5.jar:/home/user/.m2/repository/io/opentracing/opentracing-util/0.31.0/opentracing-util-0.31.0.jar:/home/user/.m2/repository/io/opentracing/opentracing-api/0.31.0/opentracing-api-0.31.0.jar:/home/user/.m2/repository/io/opentracing/opentracing-noop/0.31.0/opentracing-noop-0.31.0.jar:/home/user/.m2/repository/org/apache/hadoop/hadoop-hdds-server-framework/0.5.0-SNAPSHOT/hadoop-hdds-server-framework-0.5.0-SNAPSHOT.jar:/home/user/.m2/repository/org/apache/hadoop/hadoop-hdds-container-service/0.5.0-SNAPSHOT/hadoop-hdds-container-service-0.5.0-SNAPSHOT.jar:/home/user/.m2/repository/org/apache/hadoop/hadoop-hdds-client/0.5.0-SNAPSHOT/hadoop-hdds-client-0.5.0-SNAPSHOT.jar:/home/user/.m2/repository/org/apache/hadoop/hadoop-hdds-tools/0.5.0-SNAPSHOT/hadoop-hdds-tools-0.5.0-SNAPSHOT.jar:/home/user/.m2/repository/org/apache/hadoop/hadoop-hdds-server-scm/0.5.0-SNAPSHOT/hadoop-hdds-server-scm-0.5.0-SNAPSHOT.jar:/home/user/.m2/repository/org/apache/hadoop/hadoop-hdds-docs/0.5.0-SNAPSHOT/hadoop-hdds-docs-0.5.0-SNAPSHOT.jar:/home/user/.m2/repository/io/dropwizard/metrics/metrics-core/3.2.4/metrics-core-3.2.4.jar:/home/user/.m2/repository/org/hamcrest/hamcrest-all/1.3/hamcrest-all-1.3.jar:/home/user/.m2/repository/org/bouncycastle/bcprov-jdk15on/1.60/bcprov-jdk15on-1.60.jar:/home/user/.m2/repository/info/picocli/picocli/3.9.6/picocli-3.9.6.jar:/home/user/.m2/repository/com/google/protobuf/protobuf-java/2.5.0/protobuf-java-2.5.0.jar:/home/user/.m2/repository/com/google/guava/guava/11.0.2/guava-11.0.2.jar:/home/user/.m2/repository/org/apache/hadoop/hadoop-ozone-ozone-manager/0.5.0-SNAPSHOT/hadoop-ozone-ozone-manager-0.5.0-SNAPSHOT.jar:/home/user/.m2/repository/org/apache/hadoop/hadoop-minikdc/3.2.0/hadoop-minikdc-3.2.0.jar:/home/user/.m2/repository/commons-io/commons-io/2.5/commons-io-2.5.jar:/home/user/.m2/repository/org/apache/kerby/kerb-simplekdc/1.0.1/kerb-simplekdc-1.0.1.jar:/home/user/.m2/repository/org/apache/kerby/kerb-client/1.0.1/kerb-client-1.0.1.jar:/home/user/.m2/repository/org/apache/kerby/kerby-config/1.0.1/kerby-config-1.0.1.jar:/home/user/.m2/repository/org/apache/kerby/kerb-core/1.0.1/kerb-core-1.0.1.jar:/home/user/.m2/repository/org/apache/kerby/kerby-pkix/1.0.1/kerby-pkix-1.0.1.jar:/home/user/.m2/repository/org/apache/kerby/kerby-asn1/1.0.1/kerby-asn1-1.0.1.jar:/home/user/.m2/repository/org/apache/kerby/kerby-util/1.0.1/kerby-util-1.0.1.jar:/home/user/.m2/repository/org/apache/kerby/kerb-common/1.0.1/kerb-common-1.0.1.jar:/home/user/.m2/repository/org/apache/kerby/kerb-crypto/1.0.1/kerb-crypto-1.0.1.jar:/home/user/.m2/repository/org/apache/kerby/kerb-util/1.0.1/kerb-util-1.0.1.jar:/home/user/.m2/repository/org/apache/kerby/token-provider/1.0.1/token-provider-1.0.1.jar:/home/user/.m2/repository/org/apache/kerby/kerb-admin/1.0.1/kerb-admin-1.0.1.jar:/home/user/.m2/repository/org/apache/kerby/kerb-server/1.0.1/kerb-server-1.0.1.jar:/home/user/.m2/repository/org/apache/kerby/kerb-identity/1.0.1/kerb-identity-1.0.1.jar:/home/user/.m2/repository/org/apache/kerby/kerby-xdr/1.0.1/kerby-xdr-1.0.1.jar:/home/user/.m2/repository/org/slf4j/slf4j-log4j12/1.7.25/slf4j-log4j12-1.7.25.jar:/home/user/.m2/repository/org/apache/hadoop/hadoop-ozone-s3gateway/0.5.0-SNAPSHOT/hadoop-ozone-s3gateway-0.5.0-SNAPSHOT.jar:/home/user/.m2/repository/org/jboss/weld/servlet/weld-servlet/2.4.7.Final/weld-servlet-2.4.7.Final.jar:/home/user/.m2/repository/org/glassfish/jersey/containers/jersey-container-servlet-core/2.27/jersey-container-servlet-core-2.27.jar:/home/user/.m2/repository/org/glassfish/hk2/external/javax.inject/2.5.0-b42/javax.inject-2.5.0-b42.jar:/home/user/.m2/repository/org/glassfish/jersey/core/jersey-common/2.27/jersey-common-2.27.jar:/home/user/.m2/repository/org/glassfish/hk2/osgi-resource-locator/1.0.1/osgi-resource-locator-1.0.1.jar:/home/user/.m2/repository/javax/ws/rs/javax.ws.rs-api/2.1/javax.ws.rs-api-2.1.jar:/home/user/.m2/repository/org/glassfish/jersey/ext/cdi/jersey-cdi1x/2.27/jersey-cdi1x-2.27.jar:/home/user/.m2/repository/org/glassfish/jersey/inject/jersey-hk2/2.27/jersey-hk2-2.27.jar:/home/user/.m2/repository/org/glassfish/hk2/hk2-locator/2.5.0-b42/hk2-locator-2.5.0-b42.jar:/home/user/.m2/repository/org/javassist/javassist/3.22.0-CR2/javassist-3.22.0-CR2.jar:/home/user/.m2/repository/org/glassfish/hk2/hk2-api/2.5.0/hk2-api-2.5.0.jar:/home/user/.m2/repository/org/glassfish/hk2/external/jakarta.inject/2.5.0/jakarta.inject-2.5.0.jar:/home/user/.m2/repository/org/glassfish/hk2/hk2-utils/2.5.0/hk2-utils-2.5.0.jar:/home/user/.m2/repository/jakarta/annotation/jakarta.annotation-api/1.3.4/jakarta.annotation-api-1.3.4.jar:/home/user/.m2/repository/org/glassfish/hk2/external/aopalliance-repackaged/2.5.0/aopalliance-repackaged-2.5.0.jar:/home/user/.m2/repository/com/fasterxml/jackson/dataformat/jackson-dataformat-xml/2.9.0/jackson-dataformat-xml-2.9.0.jar:/home/user/.m2/repository/com/fasterxml/jackson/core/jackson-core/2.9.5/jackson-core-2.9.5.jar:/home/user/.m2/repository/com/fasterxml/jackson/module/jackson-module-jaxb-annotations/2.9.5/jackson-module-jaxb-annotations-2.9.5.jar:/home/user/.m2/repository/javax/enterprise/cdi-api/1.2/cdi-api-1.2.jar:/home/user/.m2/repository/javax/el/javax.el-api/3.0.0/javax.el-api-3.0.0.jar:/home/user/.m2/repository/javax/interceptor/javax.interceptor-api/1.2/javax.interceptor-api-1.2.jar:/home/user/.m2/repository/javax/inject/javax.inject/1/javax.inject-1.jar:/home/user/.m2/repository/com/sun/xml/bind/jaxb-impl/2.3.0.1/jaxb-impl-2.3.0.1.jar:/home/user/.m2/repository/com/sun/xml/bind/jaxb-core/2.3.0.1/jaxb-core-2.3.0.1.jar:/home/user/.m2/repository/javax/xml/bind/jaxb-api/2.3.0/jaxb-api-2.3.0.jar:/home/user/.m2/repository/javax/activation/activation/1.1.1/activation-1.1.1.jar:/home/user/.m2/repository/org/apache/hadoop/hadoop-ozone-csi/0.5.0-SNAPSHOT/hadoop-ozone-csi-0.5.0-SNAPSHOT.jar:/home/user/.m2/repository/com/google/protobuf/protobuf-java-util/3.5.1/protobuf-java-util-3.5.1.jar:/home/user/.m2/repository/org/apache/hadoop/hadoop-hdds-config/0.5.0-SNAPSHOT/hadoop-hdds-config-0.5.0-SNAPSHOT.jar:/home/user/.m2/repository/io/grpc/grpc-netty/1.17.1/grpc-netty-1.17.1.jar:/home/user/.m2/repository/io/grpc/grpc-core/1.17.1/grpc-core-1.17.1.jar:/home/user/.m2/repository/io/grpc/grpc-context/1.17.1/grpc-context-1.17.1.jar:/home/user/.m2/repository/com/google/errorprone/error_prone_annotations/2.2.0/error_prone_annotations-2.2.0.jar:/home/user/.m2/repository/org/codehaus/mojo/animal-sniffer-annotations/1.17/animal-sniffer-annotations-1.17.jar:/home/user/.m2/repository/io/opencensus/opencensus-api/0.17.0/opencensus-api-0.17.0.jar:/home/user/.m2/repository/io/opencensus/opencensus-contrib-grpc-metrics/0.17.0/opencensus-contrib-grpc-metrics-0.17.0.jar:/home/user/.m2/repository/io/netty/netty-codec-http2/4.1.30.Final/netty-codec-http2-4.1.30.Final.jar:/home/user/.m2/repository/io/netty/netty-codec-http/4.1.30.Final/netty-codec-http-4.1.30.Final.jar:/home/user/.m2/repository/io/netty/netty-codec/4.1.30.Final/netty-codec-4.1.30.Final.jar:/home/user/.m2/repository/io/netty/netty-handler/4.1.30.Final/netty-handler-4.1.30.Final.jar:/home/user/.m2/repository/io/netty/netty-handler-proxy/4.1.30.Final/netty-handler-proxy-4.1.30.Final.jar:/home/user/.m2/repository/io/netty/netty-codec-socks/4.1.30.Final/netty-codec-socks-4.1.30.Final.jar:/home/user/.m2/repository/io/netty/netty-transport-native-epoll/4.1.30.Final/netty-transport-native-epoll-4.1.30.Final.jar:/home/user/.m2/repository/io/netty/netty-common/4.1.30.Final/netty-common-4.1.30.Final.jar:/home/user/.m2/repository/io/netty/netty-buffer/4.1.30.Final/netty-buffer-4.1.30.Final.jar:/home/user/.m2/repository/io/netty/netty-transport/4.1.30.Final/netty-transport-4.1.30.Final.jar:/home/user/.m2/repository/io/netty/netty-resolver/4.1.30.Final/netty-resolver-4.1.30.Final.jar:/home/user/.m2/repository/io/netty/netty-transport-native-unix-common/4.1.30.Final/netty-transport-native-unix-common-4.1.30.Final.jar:/home/user/.m2/repository/io/grpc/grpc-protobuf/1.17.1/grpc-protobuf-1.17.1.jar:/home/user/.m2/repository/com/google/api/grpc/proto-google-common-protos/1.0.0/proto-google-common-protos-1.0.0.jar:/home/user/.m2/repository/io/grpc/grpc-protobuf-lite/1.17.1/grpc-protobuf-lite-1.17.1.jar:/home/user/.m2/repository/io/grpc/grpc-stub/1.17.1/grpc-stub-1.17.1.jar:/home/user/.m2/repository/org/apache/hadoop/hadoop-ozone-recon/0.5.0-SNAPSHOT/hadoop-ozone-recon-0.5.0-SNAPSHOT.jar:/home/user/.m2/repository/org/apache/hadoop/hadoop-ozone-reconcodegen/0.5.0-SNAPSHOT/hadoop-ozone-reconcodegen-0.5.0-SNAPSHOT.jar:/home/user/.m2/repository/com/google/inject/extensions/guice-multibindings/4.0/guice-multibindings-4.0.jar:/home/user/.m2/repository/com/google/inject/guice/4.0/guice-4.0.jar:/home/user/.m2/repository/aopalliance/aopalliance/1.0/aopalliance-1.0.jar:/home/user/.m2/repository/com/google/inject/extensions/guice-servlet/4.0/guice-servlet-4.0.jar:/home/user/.m2/repository/org/glassfish/jersey/containers/jersey-container-servlet/2.27/jersey-container-servlet-2.27.jar:/home/user/.m2/repository/org/glassfish/hk2/guice-bridge/2.5.0/guice-bridge-2.5.0.jar:/home/user/.m2/repository/org/glassfish/jersey/core/jersey-server/2.27/jersey-server-2.27.jar:/home/user/.m2/repository/org/glassfish/jersey/core/jersey-client/2.27/jersey-client-2.27.jar:/home/user/.m2/repository/org/glassfish/jersey/media/jersey-media-jaxb/2.27/jersey-media-jaxb-2.27.jar:/home/user/.m2/repository/javax/validation/validation-api/1.1.0.Final/validation-api-1.1.0.Final.jar:/home/user/.m2/repository/org/glassfish/jersey/media/jersey-media-json-jackson/2.27/jersey-media-json-jackson-2.27.jar:/home/user/.m2/repository/org/glassfish/jersey/ext/jersey-entity-filtering/2.27/jersey-entity-filtering-2.27.jar:/home/user/.m2/repository/com/google/inject/extensions/guice-assistedinject/4.0/guice-assistedinject-4.0.jar:/home/user/.m2/repository/org/jooq/jooq/3.11.10/jooq-3.11.10.jar:/home/user/.m2/repository/org/jooq/jooq-meta/3.11.10/jooq-meta-3.11.10.jar:/home/user/.m2/repository/org/jooq/jooq-codegen/3.11.10/jooq-codegen-3.11.10.jar:/home/user/.m2/repository/com/jolbox/bonecp/0.8.0.RELEASE/bonecp-0.8.0.RELEASE.jar:/home/user/.m2/repository/org/xerial/sqlite-jdbc/3.25.2/sqlite-jdbc-3.25.2.jar:/home/user/.m2/repository/org/springframework/spring-jdbc/5.1.3.RELEASE/spring-jdbc-5.1.3.RELEASE.jar:/home/user/.m2/repository/org/springframework/spring-beans/5.1.3.RELEASE/spring-beans-5.1.3.RELEASE.jar:/home/user/.m2/repository/org/springframework/spring-core/5.1.3.RELEASE/spring-core-5.1.3.RELEASE.jar:/home/user/.m2/repository/org/springframework/spring-jcl/5.1.3.RELEASE/spring-jcl-5.1.3.RELEASE.jar:/home/user/.m2/repository/org/springframework/spring-tx/5.1.3.RELEASE/spring-tx-5.1.3.RELEASE.jar:/home/user/.m2/repository/org/apache/hadoop/hadoop-ozone-client/0.5.0-SNAPSHOT/hadoop-ozone-client-0.5.0-SNAPSHOT.jar:/home/user/.m2/repository/commons-lang/commons-lang/2.6/commons-lang-2.6.jar:/home/user/.m2/repository/org/apache/hadoop/hadoop-ozone-ozone-manager/0.5.0-SNAPSHOT/hadoop-ozone-ozone-manager-0.5.0-SNAPSHOT-tests.jar:/home/user/.m2/repository/junit/junit/4.11/junit-4.11.jar:/home/user/.m2/repository/org/hamcrest/hamcrest-core/1.3/hamcrest-core-1.3.jar:/home/user/.m2/repository/org/openjdk/jmh/jmh-core/1.19/jmh-core-1.19.jar:/home/user/.m2/repository/net/sf/jopt-simple/jopt-simple/4.6/jopt-simple-4.6.jar:/home/user/.m2/repository/org/apache/commons/commons-math3/3.1.1/commons-math3-3.1.1.jar:/home/user/.m2/repository/org/openjdk/jmh/jmh-generator-annprocess/1.19/jmh-generator-annprocess-1.19.jar:/home/user/.m2/repository/org/mockito/mockito-all/1.8.5/mockito-all-1.8.5.jar:/home/user/.m2/repository/org/apache/hadoop/hadoop-kms/3.2.0/hadoop-kms-3.2.0.jar:/home/user/.m2/repository/org/apache/hadoop/hadoop-auth/3.2.0/hadoop-auth-3.2.0.jar:/home/user/.m2/repository/com/nimbusds/nimbus-jose-jwt/4.41.1/nimbus-jose-jwt-4.41.1.jar:/home/user/.m2/repository/com/github/stephenc/jcip/jcip-annotations/1.0-1/jcip-annotations-1.0-1.jar:/home/user/.m2/repository/net/minidev/json-smart/2.3/json-smart-2.3.jar:/home/user/.m2/repository/net/minidev/accessors-smart/1.2/accessors-smart-1.2.jar:/home/user/.m2/repository/org/ow2/asm/asm/5.0.4/asm-5.0.4.jar:/home/user/.m2/repository/org/apache/curator/curator-framework/2.12.0/curator-framework-2.12.0.jar:/home/user/.m2/repository/com/sun/jersey/jersey-core/1.19/jersey-core-1.19.jar:/home/user/.m2/repository/javax/ws/rs/jsr311-api/1.1.1/jsr311-api-1.1.1.jar:/home/user/.m2/repository/com/sun/jersey/jersey-server/1.19/jersey-server-1.19.jar:/home/user/.m2/repository/javax/servlet/javax.servlet-api/3.1.0/javax.servlet-api-3.1.0.jar:/home/user/.m2/repository/org/eclipse/jetty/jetty-server/9.3.24.v20180605/jetty-server-9.3.24.v20180605.jar:/home/user/.m2/repository/org/eclipse/jetty/jetty-http/9.3.24.v20180605/jetty-http-9.3.24.v20180605.jar:/home/user/.m2/repository/org/eclipse/jetty/jetty-io/9.3.24.v20180605/jetty-io-9.3.24.v20180605.jar:/home/user/.m2/repository/org/eclipse/jetty/jetty-webapp/9.3.24.v20180605/jetty-webapp-9.3.24.v20180605.jar:/home/user/.m2/repository/org/eclipse/jetty/jetty-xml/9.3.24.v20180605/jetty-xml-9.3.24.v20180605.jar:/home/user/.m2/repository/log4j/log4j/1.2.17/log4j-1.2.17.jar:/home/user/.m2/repository/org/slf4j/slf4j-api/1.7.25/slf4j-api-1.7.25.jar:/home/user/.m2/repository/org/slf4j/jul-to-slf4j/1.7.25/jul-to-slf4j-1.7.25.jar:/home/user/.m2/repository/org/eclipse/jetty/jetty-util/9.3.24.v20180605/jetty-util-9.3.24.v20180605.jar:/home/user/.m2/repository/com/fasterxml/jackson/core/jackson-databind/2.9.5/jackson-databind-2.9.5.jar:/home/user/.m2/repository/org/apache/hadoop/hadoop-kms/3.2.0/hadoop-kms-3.2.0-tests.jar:/home/user/.m2/repository/org/apache/hadoop/hadoop-hdds-server-scm/0.5.0-SNAPSHOT/hadoop-hdds-server-scm-0.5.0-SNAPSHOT-tests.jar:/home/user/.m2/repository/org/apache/hadoop/hadoop-hdds-container-service/0.5.0-SNAPSHOT/hadoop-hdds-container-service-0.5.0-SNAPSHOT-tests.jar:/home/user/.m2/repository/org/yaml/snakeyaml/1.16/snakeyaml-1.16.jar:/home/user/.m2/repository/org/apache/hadoop/hadoop-common/3.2.0/hadoop-common-3.2.0-tests.jar:/home/user/.m2/repository/org/apache/hadoop/hadoop-annotations/3.2.0/hadoop-annotations-3.2.0.jar:/usr/lib/jvm/java-1.8-openjdk/jre/../lib/tools.jar:/home/user/.m2/repository/commons-cli/commons-cli/1.2/commons-cli-1.2.jar:/home/user/.m2/repository/org/apache/httpcomponents/httpclient/4.5.2/httpclient-4.5.2.jar:/home/user/.m2/repository/org/apache/httpcomponents/httpcore/4.4.4/httpcore-4.4.4.jar:/home/user/.m2/repository/commons-codec/commons-codec/1.11/commons-codec-1.11.jar:/home/user/.m2/repository/commons-net/commons-net/3.6/commons-net-3.6.jar:/home/user/.m2/repository/commons-collections/commons-collections/3.2.2/commons-collections-3.2.2.jar:/home/user/.m2/repository/org/eclipse/jetty/jetty-servlet/9.3.24.v20180605/jetty-servlet-9.3.24.v20180605.jar:/home/user/.m2/repository/org/eclipse/jetty/jetty-security/9.3.24.v20180605/jetty-security-9.3.24.v20180605.jar:/home/user/.m2/repository/javax/servlet/jsp/jsp-api/2.1/jsp-api-2.1.jar:/home/user/.m2/repository/com/sun/jersey/jersey-servlet/1.19/jersey-servlet-1.19.jar:/home/user/.m2/repository/com/sun/jersey/jersey-json/1.19/jersey-json-1.19.jar:/home/user/.m2/repository/org/codehaus/jettison/jettison/1.1/jettison-1.1.jar:/home/user/.m2/repository/org/codehaus/jackson/jackson-core-asl/1.9.13/jackson-core-asl-1.9.13.jar:/home/user/.m2/repository/org/codehaus/jackson/jackson-mapper-asl/1.9.13/jackson-mapper-asl-1.9.13.jar:/home/user/.m2/repository/org/codehaus/jackson/jackson-jaxrs/1.9.13/jackson-jaxrs-1.9.13.jar:/home/user/.m2/repository/org/codehaus/jackson/jackson-xc/1.9.13/jackson-xc-1.9.13.jar:/home/user/.m2/repository/commons-logging/commons-logging/1.1.3/commons-logging-1.1.3.jar:/home/user/.m2/repository/commons-beanutils/commons-beanutils/1.9.3/commons-beanutils-1.9.3.jar:/home/user/.m2/repository/org/apache/commons/commons-configuration2/2.1.1/commons-configuration2-2.1.1.jar:/home/user/.m2/repository/org/apache/commons/commons-lang3/3.7/commons-lang3-3.7.jar:/home/user/.m2/repository/org/apache/commons/commons-text/1.4/commons-text-1.4.jar:/home/user/.m2/repository/org/apache/avro/avro/1.7.7/avro-1.7.7.jar:/home/user/.m2/repository/com/thoughtworks/paranamer/paranamer/2.3/paranamer-2.3.jar:/home/user/.m2/repository/org/xerial/snappy/snappy-java/1.0.5/snappy-java-1.0.5.jar:/home/user/.m2/repository/com/google/re2j/re2j/1.1/re2j-1.1.jar:/home/user/.m2/repository/com/google/code/gson/gson/2.2.4/gson-2.2.4.jar:/home/user/.m2/repository/com/jcraft/jsch/0.1.54/jsch-0.1.54.jar:/home/user/.m2/repository/org/apache/curator/curator-client/2.12.0/curator-client-2.12.0.jar:/home/user/.m2/repository/org/apache/curator/curator-recipes/2.12.0/curator-recipes-2.12.0.jar:/home/user/.m2/repository/com/google/code/findbugs/jsr305/3.0.0/jsr305-3.0.0.jar:/home/user/.m2/repository/org/apache/htrace/htrace-core4/4.1.0-incubating/htrace-core4-4.1.0-incubating.jar:/home/user/.m2/repository/org/apache/zookeeper/zookeeper/3.4.13/zookeeper-3.4.13.jar:/home/user/.m2/repository/org/apache/yetus/audience-annotations/0.5.0/audience-annotations-0.5.0.jar:/home/user/.m2/repository/org/codehaus/woodstox/stax2-api/3.1.4/stax2-api-3.1.4.jar:/home/user/.m2/repository/com/fasterxml/woodstox/woodstox-core/5.0.3/woodstox-core-5.0.3.jar:/home/user/.m2/repository/dnsjava/dnsjava/2.1.7/dnsjava-2.1.7.jar:/home/user/.m2/repository/org/apache/hadoop/hadoop-hdfs/3.2.0/hadoop-hdfs-3.2.0-tests.jar:/home/user/.m2/repository/org/eclipse/jetty/jetty-util-ajax/9.3.24.v20180605/jetty-util-ajax-9.3.24.v20180605.jar:/home/user/.m2/repository/commons-daemon/commons-daemon/1.0.13/commons-daemon-1.0.13.jar:/home/user/.m2/repository/io/netty/netty/3.10.5.Final/netty-3.10.5.Final.jar:/home/user/.m2/repository/io/netty/netty-all/4.0.52.Final/netty-all-4.0.52.Final.jar:/home/user/.m2/repository/org/fusesource/leveldbjni/leveldbjni-all/1.8/leveldbjni-all-1.8.jar:"/>
    <property name="sun.cpu.endian" value="little"/>
    <property name="user.home" value="/home/user"/>
    <property name="user.language" value="en"/>
    <property name="java.specification.vendor" value="Oracle Corporation"/>
    <property name="java.home" value="/usr/lib/jvm/java-1.8-openjdk/jre"/>
    <property name="java.security.krb5.conf" value="/workdir/hadoop-ozone/integration-test/target/test-classes/krb5.conf"/>
    <property name="basedir" value="/workdir/hadoop-ozone/integration-test"/>
    <property name="file.separator" value="/"/>
    <property name="line.separator" value="&#10;"/>
    <property name="java.vm.specification.vendor" value="Oracle Corporation"/>
    <property name="java.specification.name" value="Java Platform API Specification"/>
    <property name="java.awt.graphicsenv" value="sun.awt.X11GraphicsEnvironment"/>
    <property name="surefire.real.class.path" value="/workdir/hadoop-ozone/integration-test/target/surefire/surefirebooter4896477477780030600.jar"/>
    <property name="hadoop.log.dir" value="/workdir/hadoop-ozone/integration-test/target/log"/>
    <property name="sun.boot.class.path" value="/usr/lib/jvm/java-1.8-openjdk/jre/lib/resources.jar:/usr/lib/jvm/java-1.8-openjdk/jre/lib/rt.jar:/usr/lib/jvm/java-1.8-openjdk/jre/lib/sunrsasign.jar:/usr/lib/jvm/java-1.8-openjdk/jre/lib/jsse.jar:/usr/lib/jvm/java-1.8-openjdk/jre/lib/jce.jar:/usr/lib/jvm/java-1.8-openjdk/jre/lib/charsets.jar:/usr/lib/jvm/java-1.8-openjdk/jre/lib/jfr.jar:/usr/lib/jvm/java-1.8-openjdk/jre/classes"/>
    <property name="sun.management.compiler" value="HotSpot 64-Bit Tiered Compilers"/>
    <property name="java.runtime.version" value="1.8.0_212-b04"/>
    <property name="java.net.preferIPv4Stack" value="true"/>
    <property name="user.name" value="jenkins1000"/>
    <property name="path.separator" value=":"/>
    <property name="java.security.egd" value="file:///dev/urandom"/>
    <property name="os.version" value="3.10.0-957.12.2.el7.x86_64"/>
    <property name="java.endorsed.dirs" value="/usr/lib/jvm/java-1.8-openjdk/jre/lib/endorsed"/>
    <property name="java.runtime.name" value="OpenJDK Runtime Environment"/>
    <property name="file.encoding" value="UTF-8"/>
    <property name="java.vm.name" value="OpenJDK 64-Bit Server VM"/>
    <property name="test.build.webapps" value=""/>
    <property name="localRepository" value="/home/user/.m2/repository"/>
    <property name="java.vendor.url.bug" value="https://icedtea.classpath.org/bugzilla"/>
    <property name="java.io.tmpdir" value="/tmp"/>
    <property name="require.test.libhadoop" value=""/>
    <property name="java.version" value="1.8.0_212"/>
    <property name="user.dir" value="/workdir/hadoop-ozone/integration-test"/>
    <property name="os.arch" value="amd64"/>
    <property name="java.vm.specification.name" value="Java Virtual Machine Specification"/>
    <property name="test.build.classes" value="/workdir/hadoop-ozone/integration-test/target/test-classes"/>
    <property name="java.awt.printerjob" value="sun.print.PSPrinterJob"/>
    <property name="sun.os.patch.level" value="unknown"/>
    <property name="hadoop.tmp.dir" value="/workdir/hadoop-ozone/integration-test/target/tmp"/>
    <property name="java.library.path" value="/usr/lib/jvm/java-1.8-openjdk/jre/lib/amd64/server:/usr/lib/jvm/java-1.8-openjdk/jre/lib/amd64:/usr/lib/jvm/java-1.8-openjdk/jre/../lib/amd64:/workdir/hadoop-ozone/integration-test/target/native/target/usr/local/lib:/workdir/hadoop-ozone/integration-test/../../hadoop-common-project/hadoop-common/target/native/target/usr/local/lib:/usr/java/packages/lib/amd64:/usr/lib64:/lib64:/lib:/usr/lib"/>
    <property name="java.vm.info" value="mixed mode"/>
    <property name="java.vendor" value="IcedTea"/>
    <property name="java.vm.version" value="25.212-b04"/>
    <property name="java.ext.dirs" value="/usr/lib/jvm/java-1.8-openjdk/jre/lib/ext:/usr/java/packages/lib/ext"/>
    <property name="sun.io.unicode.encoding" value="UnicodeLittle"/>
    <property name="java.class.version" value="52.0"/>
  </properties>
  <testcase name="test2WayCommitForRetryfailure" classname="org.apache.hadoop.ozone.client.rpc.Test2WayCommitInRatis" time="41.275">
    <error message="org.apache.ratis.protocol.RaftRetryFailureException: Failed RaftClientRequest:client-646C490827ED-&gt;4e6ab8fe-18d2-4f01-9096-1736fef14755@group-A60CBF19A431, cid=13, seq=1*, RW, org.apache.hadoop.hdds.scm.XceiverClientRatis$$Lambda$322/1870234754@2aec0abc for 20 attempts with RetryLimited(maxAttempts=20, sleepTime=1000ms)" type="java.util.concurrent.ExecutionException">java.util.concurrent.ExecutionException: org.apache.ratis.protocol.RaftRetryFailureException: Failed RaftClientRequest:client-646C490827ED->4e6ab8fe-18d2-4f01-9096-1736fef14755@group-A60CBF19A431, cid=13, seq=1*, RW, org.apache.hadoop.hdds.scm.XceiverClientRatis$$Lambda$322/1870234754@2aec0abc for 20 attempts with RetryLimited(maxAttempts=20, sleepTime=1000ms)
	at java.util.concurrent.CompletableFuture.reportGet(CompletableFuture.java:357)
	at java.util.concurrent.CompletableFuture.get(CompletableFuture.java:1895)
	at org.apache.hadoop.ozone.client.rpc.Test2WayCommitInRatis.test2WayCommitForRetryfailure(Test2WayCommitInRatis.java:138)
	at sun.reflect.NativeMethodAccessorImpl.invoke0(Native Method)
	at sun.reflect.NativeMethodAccessorImpl.invoke(NativeMethodAccessorImpl.java:62)
	at sun.reflect.DelegatingMethodAccessorImpl.invoke(DelegatingMethodAccessorImpl.java:43)
	at java.lang.reflect.Method.invoke(Method.java:498)
	at org.junit.runners.model.FrameworkMethod$1.runReflectiveCall(FrameworkMethod.java:47)
	at org.junit.internal.runners.model.ReflectiveCallable.run(ReflectiveCallable.java:12)
	at org.junit.runners.model.FrameworkMethod.invokeExplosively(FrameworkMethod.java:44)
	at org.junit.internal.runners.statements.InvokeMethod.evaluate(InvokeMethod.java:17)
	at org.junit.runners.ParentRunner.runLeaf(ParentRunner.java:271)
	at org.junit.runners.BlockJUnit4ClassRunner.runChild(BlockJUnit4ClassRunner.java:70)
	at org.junit.runners.BlockJUnit4ClassRunner.runChild(BlockJUnit4ClassRunner.java:50)
	at org.junit.runners.ParentRunner$3.run(ParentRunner.java:238)
	at org.junit.runners.ParentRunner$1.schedule(ParentRunner.java:63)
	at org.junit.runners.ParentRunner.runChildren(ParentRunner.java:236)
	at org.junit.runners.ParentRunner.access$000(ParentRunner.java:53)
	at org.junit.runners.ParentRunner$2.evaluate(ParentRunner.java:229)
	at org.junit.runners.ParentRunner.run(ParentRunner.java:309)
	at org.apache.maven.surefire.junit4.JUnit4Provider.execute(JUnit4Provider.java:365)
	at org.apache.maven.surefire.junit4.JUnit4Provider.executeWithRerun(JUnit4Provider.java:273)
	at org.apache.maven.surefire.junit4.JUnit4Provider.executeTestSet(JUnit4Provider.java:238)
	at org.apache.maven.surefire.junit4.JUnit4Provider.invoke(JUnit4Provider.java:159)
	at org.apache.maven.surefire.booter.ForkedBooter.invokeProviderInSameClassLoader(ForkedBooter.java:384)
	at org.apache.maven.surefire.booter.ForkedBooter.runSuitesInProcess(ForkedBooter.java:345)
	at org.apache.maven.surefire.booter.ForkedBooter.execute(ForkedBooter.java:126)
	at org.apache.maven.surefire.booter.ForkedBooter.main(ForkedBooter.java:418)
Caused by: org.apache.ratis.protocol.RaftRetryFailureException: Failed RaftClientRequest:client-646C490827ED->4e6ab8fe-18d2-4f01-9096-1736fef14755@group-A60CBF19A431, cid=13, seq=1*, RW, org.apache.hadoop.hdds.scm.XceiverClientRatis$$Lambda$322/1870234754@2aec0abc for 20 attempts with RetryLimited(maxAttempts=20, sleepTime=1000ms)
	at org.apache.ratis.client.impl.RaftClientImpl.noMoreRetries(RaftClientImpl.java:271)
	at org.apache.ratis.client.impl.OrderedAsync.handleAsyncRetryFailure(OrderedAsync.java:138)
	at org.apache.ratis.client.impl.OrderedAsync.lambda$sendRequest$10(OrderedAsync.java:230)
	at java.util.concurrent.CompletableFuture.uniExceptionally(CompletableFuture.java:870)
	at java.util.concurrent.CompletableFuture$UniExceptionally.tryFire(CompletableFuture.java:852)
	at java.util.concurrent.CompletableFuture.postComplete(CompletableFuture.java:474)
	at java.util.concurrent.CompletableFuture.completeExceptionally(CompletableFuture.java:1977)
	at org.apache.ratis.grpc.client.GrpcClientProtocolClient$AsyncStreamObservers.completeReplyExceptionally(GrpcClientProtocolClient.java:339)
	at org.apache.ratis.grpc.client.GrpcClientProtocolClient$AsyncStreamObservers.access$000(GrpcClientProtocolClient.java:255)
	at org.apache.ratis.grpc.client.GrpcClientProtocolClient$AsyncStreamObservers$1.onNext(GrpcClientProtocolClient.java:267)
	at org.apache.ratis.grpc.client.GrpcClientProtocolClient$AsyncStreamObservers$1.onNext(GrpcClientProtocolClient.java:258)
	at org.apache.ratis.thirdparty.io.grpc.stub.ClientCalls$StreamObserverToCallListenerAdapter.onMessage(ClientCalls.java:421)
	at org.apache.ratis.thirdparty.io.grpc.ForwardingClientCallListener.onMessage(ForwardingClientCallListener.java:33)
	at org.apache.ratis.thirdparty.io.grpc.ForwardingClientCallListener.onMessage(ForwardingClientCallListener.java:33)
	at org.apache.ratis.thirdparty.io.grpc.internal.ClientCallImpl$ClientStreamListenerImpl$1MessagesAvailable.runInContext(ClientCallImpl.java:519)
	at org.apache.ratis.thirdparty.io.grpc.internal.ContextRunnable.run(ContextRunnable.java:37)
	at org.apache.ratis.thirdparty.io.grpc.internal.SerializingExecutor.run(SerializingExecutor.java:123)
	at java.util.concurrent.ThreadPoolExecutor.runWorker(ThreadPoolExecutor.java:1149)
	at java.util.concurrent.ThreadPoolExecutor$Worker.run(ThreadPoolExecutor.java:624)
	at java.lang.Thread.run(Thread.java:748)
Caused by: org.apache.ratis.protocol.NotLeaderException: Server 4e6ab8fe-18d2-4f01-9096-1736fef14755@group-A60CBF19A431 is not the leader
	at org.apache.ratis.client.impl.ClientProtoUtils.toRaftClientReply(ClientProtoUtils.java:243)
	at org.apache.ratis.grpc.client.GrpcClientProtocolClient$AsyncStreamObservers$1.onNext(GrpcClientProtocolClient.java:263)
	... 10 more
</error>
    <system-out><![CDATA[2019-09-19 12:12:51,008 [main] WARN  server.ServerUtils (ServerUtils.java:getScmDbDir(145)) - ozone.scm.db.dirs is not configured. We recommend adding this setting. Falling back to ozone.metadata.dirs instead.
2019-09-19 12:12:51,163 [main] WARN  server.ServerUtils (ServerUtils.java:getScmDbDir(145)) - ozone.scm.db.dirs is not configured. We recommend adding this setting. Falling back to ozone.metadata.dirs instead.
2019-09-19 12:12:51,166 [main] WARN  server.ServerUtils (ServerUtils.java:getScmDbDir(145)) - ozone.scm.db.dirs is not configured. We recommend adding this setting. Falling back to ozone.metadata.dirs instead.
2019-09-19 12:12:51,187 [main] INFO  util.log (Log.java:initialized(192)) - Logging initialized @969ms
2019-09-19 12:12:51,292 [main] INFO  db.DBStoreBuilder (DBStoreBuilder.java:addTable(110)) - using custom profile for table: deletedBlocks
2019-09-19 12:12:51,292 [main] INFO  db.DBStoreBuilder (DBStoreBuilder.java:processTables(161)) - Using default column profile:DBProfile.DISK for Table:deletedBlocks
2019-09-19 12:12:51,293 [main] INFO  db.DBStoreBuilder (DBStoreBuilder.java:addTable(110)) - using custom profile for table: validCerts
2019-09-19 12:12:51,293 [main] INFO  db.DBStoreBuilder (DBStoreBuilder.java:processTables(161)) - Using default column profile:DBProfile.DISK for Table:validCerts
2019-09-19 12:12:51,293 [main] INFO  db.DBStoreBuilder (DBStoreBuilder.java:addTable(110)) - using custom profile for table: revokedCerts
2019-09-19 12:12:51,294 [main] INFO  db.DBStoreBuilder (DBStoreBuilder.java:processTables(161)) - Using default column profile:DBProfile.DISK for Table:revokedCerts
2019-09-19 12:12:51,306 [main] INFO  db.DBStoreBuilder (DBStoreBuilder.java:addTable(110)) - using custom profile for table: default
2019-09-19 12:12:51,306 [main] INFO  db.DBStoreBuilder (DBStoreBuilder.java:processTables(167)) - Using default column profile:DBProfile.DISK for Table:default
2019-09-19 12:12:51,307 [main] INFO  db.DBStoreBuilder (DBStoreBuilder.java:getDbProfile(198)) - Using default options. DBProfile.DISK
2019-09-19 12:12:53,550 [main] INFO  net.NodeSchemaLoader (NodeSchemaLoader.java:loadSchemaFromFile(125)) - Loading file from sun.misc.CompoundEnumeration@235834f2
2019-09-19 12:12:53,552 [main] INFO  net.NodeSchemaLoader (NodeSchemaLoader.java:loadSchema(171)) - Loading network topology layer schema file
2019-09-19 12:12:53,623 [main] WARN  server.ServerUtils (ServerUtils.java:sanitizeUserArgs(70)) - ozone.scm.stale.node.interval value = 300000 is larger than max = 100000 based on the key value of ozone.scm.heartbeat.thread.interval, reset to the max value 100000.
2019-09-19 12:12:53,625 [main] WARN  server.ServerUtils (ServerUtils.java:sanitizeUserArgs(70)) - ozone.scm.stale.node.interval value = 300000 is larger than max = 100000 based on the key value of ozone.scm.heartbeat.thread.interval, reset to the max value 100000.
2019-09-19 12:12:53,627 [main] INFO  node.SCMNodeManager (SCMNodeManager.java:<init>(114)) - Entering startup safe mode.
2019-09-19 12:12:53,699 [main] INFO  algorithms.ContainerPlacementPolicyFactory (ContainerPlacementPolicyFactory.java:getPolicy(57)) - Create container placement policy of type org.apache.hadoop.hdds.scm.container.placement.algorithms.SCMContainerPlacementRandom
2019-09-19 12:12:53,713 [main] WARN  server.ServerUtils (ServerUtils.java:getScmDbDir(145)) - ozone.scm.db.dirs is not configured. We recommend adding this setting. Falling back to ozone.metadata.dirs instead.
2019-09-19 12:12:54,597 [main] INFO  pipeline.SCMPipelineManager (SCMPipelineManager.java:initializePipelineState(128)) - No pipeline exists in current db
2019-09-19 12:12:54,601 [main] WARN  server.ServerUtils (ServerUtils.java:getScmDbDir(145)) - ozone.scm.db.dirs is not configured. We recommend adding this setting. Falling back to ozone.metadata.dirs instead.
2019-09-19 12:12:55,595 [main] WARN  events.EventQueue (EventQueue.java:fireEvent(183)) - No event handler registered for event TypedEvent{payloadType=SafeModeStatus, name='SafeModeStatus'}
2019-09-19 12:12:56,021 [main] INFO  ipc.CallQueueManager (CallQueueManager.java:<init>(84)) - Using callQueue: class java.util.concurrent.LinkedBlockingQueue, queueCapacity: 2000, scheduler: class org.apache.hadoop.ipc.DefaultRpcScheduler, ipcBackoff: false.
2019-09-19 12:12:56,056 [Socket Reader #1 for port 43862] INFO  ipc.Server (Server.java:run(1074)) - Starting Socket Reader #1 for port 43862
2019-09-19 12:12:56,234 [main] INFO  ipc.CallQueueManager (CallQueueManager.java:<init>(84)) - Using callQueue: class java.util.concurrent.LinkedBlockingQueue, queueCapacity: 2000, scheduler: class org.apache.hadoop.ipc.DefaultRpcScheduler, ipcBackoff: false.
2019-09-19 12:12:56,235 [Socket Reader #1 for port 41696] INFO  ipc.Server (Server.java:run(1074)) - Starting Socket Reader #1 for port 41696
2019-09-19 12:12:56,248 [main] INFO  ipc.CallQueueManager (CallQueueManager.java:<init>(84)) - Using callQueue: class java.util.concurrent.LinkedBlockingQueue, queueCapacity: 2000, scheduler: class org.apache.hadoop.ipc.DefaultRpcScheduler, ipcBackoff: false.
2019-09-19 12:12:56,249 [Socket Reader #1 for port 35525] INFO  ipc.Server (Server.java:run(1074)) - Starting Socket Reader #1 for port 35525
2019-09-19 12:12:56,277 [main] INFO  hdfs.DFSUtil (DFSUtil.java:httpServerTemplateForNNAndJN(1641)) - Starting Web-server for scm at: http://0.0.0.0:0
2019-09-19 12:12:56,452 [main] INFO  server.AuthenticationFilter (AuthenticationFilter.java:constructSecretProvider(240)) - Unable to initialize FileSignerSecretProvider, falling back to use random secrets.
2019-09-19 12:12:56,459 [main] WARN  http.HttpRequestLog (HttpRequestLog.java:getRequestLog(97)) - Jetty request log can only be enabled using Log4j
2019-09-19 12:12:56,467 [main] INFO  http.HttpServer2 (HttpServer2.java:addGlobalFilter(975)) - Added global filter 'safety' (class=org.apache.hadoop.http.HttpServer2$QuotingInputFilter)
2019-09-19 12:12:56,470 [main] INFO  http.HttpServer2 (HttpServer2.java:addFilter(948)) - Added filter static_user_filter (class=org.apache.hadoop.http.lib.StaticUserWebFilter$StaticUserFilter) to context scm
2019-09-19 12:12:56,470 [main] INFO  http.HttpServer2 (HttpServer2.java:addFilter(958)) - Added filter static_user_filter (class=org.apache.hadoop.http.lib.StaticUserWebFilter$StaticUserFilter) to context static
2019-09-19 12:12:56,471 [main] INFO  http.HttpServer2 (HttpServer2.java:addFilter(958)) - Added filter static_user_filter (class=org.apache.hadoop.http.lib.StaticUserWebFilter$StaticUserFilter) to context logs
2019-09-19 12:12:56,501 [main] INFO  server.StorageContainerManager (StorageContainerManager.java:start(763)) - StorageContainerLocationProtocol RPC server is listening at /0.0.0.0:35525
2019-09-19 12:12:56,565 [main] WARN  impl.MetricsConfig (MetricsConfig.java:loadFirst(134)) - Cannot locate configuration: tried hadoop-metrics2-storagecontainermanager.properties,hadoop-metrics2.properties
2019-09-19 12:12:56,578 [main] INFO  impl.MetricsSystemImpl (MetricsSystemImpl.java:startTimer(374)) - Scheduled Metric snapshot period at 10 second(s).
2019-09-19 12:12:56,578 [main] INFO  impl.MetricsSystemImpl (MetricsSystemImpl.java:start(191)) - StorageContainerManager metrics system started
2019-09-19 12:12:56,805 [main] INFO  server.SCMClientProtocolServer (SCMClientProtocolServer.java:start(151)) - RPC server for Client  is listening at /0.0.0.0:35525
2019-09-19 12:12:56,806 [IPC Server Responder] INFO  ipc.Server (Server.java:run(1314)) - IPC Server Responder: starting
2019-09-19 12:12:56,806 [IPC Server listener on 35525] INFO  ipc.Server (Server.java:run(1153)) - IPC Server listener on 35525: starting
2019-09-19 12:12:56,810 [main] INFO  server.StorageContainerManager (StorageContainerManager.java:start(773)) - ScmBlockLocationProtocol RPC server is listening at /0.0.0.0:41696
2019-09-19 12:12:56,812 [main] INFO  server.SCMBlockProtocolServer (SCMBlockProtocolServer.java:start(146)) - RPC server for Block Protocol is listening at /0.0.0.0:41696
2019-09-19 12:12:56,812 [IPC Server Responder] INFO  ipc.Server (Server.java:run(1314)) - IPC Server Responder: starting
2019-09-19 12:12:56,812 [IPC Server listener on 41696] INFO  ipc.Server (Server.java:run(1153)) - IPC Server listener on 41696: starting
2019-09-19 12:12:56,816 [main] INFO  server.StorageContainerManager (StorageContainerManager.java:start(777)) - ScmDatanodeProtocl RPC server is listening at /0.0.0.0:43862
2019-09-19 12:12:56,817 [main] INFO  server.SCMDatanodeProtocolServer (SCMDatanodeProtocolServer.java:start(191)) - RPC server for DataNodes is listening at /0.0.0.0:43862
2019-09-19 12:12:56,817 [IPC Server Responder] INFO  ipc.Server (Server.java:run(1314)) - IPC Server Responder: starting
2019-09-19 12:12:56,817 [IPC Server listener on 43862] INFO  ipc.Server (Server.java:run(1153)) - IPC Server listener on 43862: starting
2019-09-19 12:12:56,822 [main] INFO  http.HttpServer2 (HttpServer2.java:bindListener(1191)) - Jetty bound to port 33126
2019-09-19 12:12:56,823 [main] INFO  server.Server (Server.java:doStart(351)) - jetty-9.3.24.v20180605, build timestamp: 2018-06-05T17:11:56Z, git hash: 84205aa28f11a4f31f2a3b86d1bba2cc8ab69827
2019-09-19 12:12:56,863 [main] INFO  handler.ContextHandler (ContextHandler.java:doStart(781)) - Started o.e.j.s.ServletContextHandler@45815ffc{/logs,file:///workdir/hadoop-ozone/integration-test/target/log,AVAILABLE}
2019-09-19 12:12:56,863 [main] INFO  handler.ContextHandler (ContextHandler.java:doStart(781)) - Started o.e.j.s.ServletContextHandler@d3957fe{/static,file:///workdir/hadoop-ozone/integration-test/target/test-classes/webapps/static,AVAILABLE}
2019-09-19 12:12:56,898 [main] INFO  handler.ContextHandler (ContextHandler.java:doStart(781)) - Started o.e.j.w.WebAppContext@4cc547a{/,file:///workdir/hadoop-ozone/integration-test/target/test-classes/webapps/scm/,AVAILABLE}{/scm}
2019-09-19 12:12:56,904 [main] INFO  server.AbstractConnector (AbstractConnector.java:doStart(278)) - Started ServerConnector@3574e198{HTTP/1.1,[http/1.1]}{0.0.0.0:33126}
2019-09-19 12:12:56,905 [main] INFO  server.Server (Server.java:doStart(419)) - Started @6686ms
2019-09-19 12:12:56,907 [main] INFO  impl.MetricsSinkAdapter (MetricsSinkAdapter.java:start(204)) - Sink prometheus started
2019-09-19 12:12:56,907 [main] INFO  impl.MetricsSystemImpl (MetricsSystemImpl.java:registerSink(301)) - Registered sink prometheus
2019-09-19 12:12:56,909 [main] INFO  server.BaseHttpServer (BaseHttpServer.java:updateConnectorAddress(215)) - HTTP server of SCM is listening at http://0.0.0.0:33126
2019-09-19 12:12:56,915 [org.apache.hadoop.util.JvmPauseMonitor$Monitor@67427b69] INFO  util.JvmPauseMonitor (JvmPauseMonitor.java:run(188)) - Starting JVM pause monitor
2019-09-19 12:12:56,918 [main] WARN  server.ServerUtils (ServerUtils.java:getDBPath(222)) - ozone.om.db.dirs is not configured. We recommend adding this setting. Falling back to ozone.metadata.dirs instead.
2019-09-19 12:12:57,027 [main] WARN  server.ServerUtils (ServerUtils.java:getDBPath(222)) - ozone.om.db.dirs is not configured. We recommend adding this setting. Falling back to ozone.metadata.dirs instead.
2019-09-19 12:12:57,027 [main] WARN  server.ServerUtils (ServerUtils.java:getDBPath(222)) - ozone.om.db.dirs is not configured. We recommend adding this setting. Falling back to ozone.metadata.dirs instead.
2019-09-19 12:12:57,028 [main] INFO  om.OzoneManager (OzoneManager.java:setOMNodeDetails(649)) - OM Service ID is not set. Setting it to the default ID: omServiceIdDefault
2019-09-19 12:12:57,029 [main] INFO  om.OzoneManager (OzoneManager.java:setOMNodeDetails(655)) - OM Node ID is not set. Setting it to the OmStorage's OmID: 166dcf52-ba14-46bc-b29b-c37094425f27
2019-09-19 12:12:57,030 [main] INFO  om.OzoneManager (OzoneManager.java:loadOMHAConfigs(606)) - Found matching OM address with OMServiceId: null, OMNodeId: null, RPC Address: localhost:0 and Ratis port: 9872
2019-09-19 12:12:57,747 [main] WARN  server.ServerUtils (ServerUtils.java:getDBPath(222)) - ozone.om.db.dirs is not configured. We recommend adding this setting. Falling back to ozone.metadata.dirs instead.
2019-09-19 12:12:57,754 [main] INFO  db.DBStoreBuilder (DBStoreBuilder.java:addTable(110)) - using custom profile for table: userTable
2019-09-19 12:12:57,755 [main] INFO  db.DBStoreBuilder (DBStoreBuilder.java:processTables(161)) - Using default column profile:DBProfile.DISK for Table:userTable
2019-09-19 12:12:57,755 [main] INFO  db.DBStoreBuilder (DBStoreBuilder.java:addTable(110)) - using custom profile for table: volumeTable
2019-09-19 12:12:57,755 [main] INFO  db.DBStoreBuilder (DBStoreBuilder.java:processTables(161)) - Using default column profile:DBProfile.DISK for Table:volumeTable
2019-09-19 12:12:57,755 [main] INFO  db.DBStoreBuilder (DBStoreBuilder.java:addTable(110)) - using custom profile for table: bucketTable
2019-09-19 12:12:57,756 [main] INFO  db.DBStoreBuilder (DBStoreBuilder.java:processTables(161)) - Using default column profile:DBProfile.DISK for Table:bucketTable
2019-09-19 12:12:57,756 [main] INFO  db.DBStoreBuilder (DBStoreBuilder.java:addTable(110)) - using custom profile for table: keyTable
2019-09-19 12:12:57,756 [main] INFO  db.DBStoreBuilder (DBStoreBuilder.java:processTables(161)) - Using default column profile:DBProfile.DISK for Table:keyTable
2019-09-19 12:12:57,756 [main] INFO  db.DBStoreBuilder (DBStoreBuilder.java:addTable(110)) - using custom profile for table: deletedTable
2019-09-19 12:12:57,757 [main] INFO  db.DBStoreBuilder (DBStoreBuilder.java:processTables(161)) - Using default column profile:DBProfile.DISK for Table:deletedTable
2019-09-19 12:12:57,757 [main] INFO  db.DBStoreBuilder (DBStoreBuilder.java:addTable(110)) - using custom profile for table: openKeyTable
2019-09-19 12:12:57,757 [main] INFO  db.DBStoreBuilder (DBStoreBuilder.java:processTables(161)) - Using default column profile:DBProfile.DISK for Table:openKeyTable
2019-09-19 12:12:57,757 [main] INFO  db.DBStoreBuilder (DBStoreBuilder.java:addTable(110)) - using custom profile for table: s3Table
2019-09-19 12:12:57,758 [main] INFO  db.DBStoreBuilder (DBStoreBuilder.java:processTables(161)) - Using default column profile:DBProfile.DISK for Table:s3Table
2019-09-19 12:12:57,758 [main] INFO  db.DBStoreBuilder (DBStoreBuilder.java:addTable(110)) - using custom profile for table: multipartInfoTable
2019-09-19 12:12:57,758 [main] INFO  db.DBStoreBuilder (DBStoreBuilder.java:processTables(161)) - Using default column profile:DBProfile.DISK for Table:multipartInfoTable
2019-09-19 12:12:57,758 [main] INFO  db.DBStoreBuilder (DBStoreBuilder.java:addTable(110)) - using custom profile for table: dTokenTable
2019-09-19 12:12:57,759 [main] INFO  db.DBStoreBuilder (DBStoreBuilder.java:processTables(161)) - Using default column profile:DBProfile.DISK for Table:dTokenTable
2019-09-19 12:12:57,759 [main] INFO  db.DBStoreBuilder (DBStoreBuilder.java:addTable(110)) - using custom profile for table: s3SecretTable
2019-09-19 12:12:57,759 [main] INFO  db.DBStoreBuilder (DBStoreBuilder.java:processTables(161)) - Using default column profile:DBProfile.DISK for Table:s3SecretTable
2019-09-19 12:12:57,759 [main] INFO  db.DBStoreBuilder (DBStoreBuilder.java:addTable(110)) - using custom profile for table: prefixTable
2019-09-19 12:12:57,760 [main] INFO  db.DBStoreBuilder (DBStoreBuilder.java:processTables(161)) - Using default column profile:DBProfile.DISK for Table:prefixTable
2019-09-19 12:12:57,760 [main] INFO  db.DBStoreBuilder (DBStoreBuilder.java:addTable(110)) - using custom profile for table: default
2019-09-19 12:12:57,760 [main] INFO  db.DBStoreBuilder (DBStoreBuilder.java:processTables(167)) - Using default column profile:DBProfile.DISK for Table:default
2019-09-19 12:12:57,760 [main] INFO  db.DBStoreBuilder (DBStoreBuilder.java:getDbProfile(198)) - Using default options. DBProfile.DISK
2019-09-19 12:13:04,339 [main] INFO  ipc.CallQueueManager (CallQueueManager.java:<init>(84)) - Using callQueue: class java.util.concurrent.LinkedBlockingQueue, queueCapacity: 2000, scheduler: class org.apache.hadoop.ipc.DefaultRpcScheduler, ipcBackoff: false.
2019-09-19 12:13:04,340 [Socket Reader #1 for port 34906] INFO  ipc.Server (Server.java:run(1074)) - Starting Socket Reader #1 for port 34906
2019-09-19 12:13:04,363 [main] INFO  om.OzoneManager (OzoneManager.java:start(1240)) - OzoneManager RPC server is listening at localhost/127.0.0.1:34906
2019-09-19 12:13:04,363 [main] INFO  impl.MetricsSystemImpl (MetricsSystemImpl.java:init(158)) - OzoneManager metrics system started (again)
2019-09-19 12:13:04,364 [IPC Server Responder] INFO  ipc.Server (Server.java:run(1314)) - IPC Server Responder: starting
2019-09-19 12:13:04,364 [IPC Server listener on 34906] INFO  ipc.Server (Server.java:run(1153)) - IPC Server listener on 34906: starting
2019-09-19 12:13:04,374 [main] INFO  hdfs.DFSUtil (DFSUtil.java:httpServerTemplateForNNAndJN(1641)) - Starting Web-server for ozoneManager at: http://0.0.0.0:0
2019-09-19 12:13:04,377 [main] INFO  server.AuthenticationFilter (AuthenticationFilter.java:constructSecretProvider(240)) - Unable to initialize FileSignerSecretProvider, falling back to use random secrets.
2019-09-19 12:13:04,378 [main] WARN  http.HttpRequestLog (HttpRequestLog.java:getRequestLog(97)) - Jetty request log can only be enabled using Log4j
2019-09-19 12:13:04,382 [main] INFO  http.HttpServer2 (HttpServer2.java:addGlobalFilter(975)) - Added global filter 'safety' (class=org.apache.hadoop.http.HttpServer2$QuotingInputFilter)
2019-09-19 12:13:04,384 [main] INFO  http.HttpServer2 (HttpServer2.java:addFilter(948)) - Added filter static_user_filter (class=org.apache.hadoop.http.lib.StaticUserWebFilter$StaticUserFilter) to context ozoneManager
2019-09-19 12:13:04,384 [main] INFO  http.HttpServer2 (HttpServer2.java:addFilter(958)) - Added filter static_user_filter (class=org.apache.hadoop.http.lib.StaticUserWebFilter$StaticUserFilter) to context logs
2019-09-19 12:13:04,385 [main] INFO  http.HttpServer2 (HttpServer2.java:addFilter(958)) - Added filter static_user_filter (class=org.apache.hadoop.http.lib.StaticUserWebFilter$StaticUserFilter) to context static
2019-09-19 12:13:04,388 [main] INFO  http.HttpServer2 (HttpServer2.java:bindListener(1191)) - Jetty bound to port 33786
2019-09-19 12:13:04,389 [main] INFO  server.Server (Server.java:doStart(351)) - jetty-9.3.24.v20180605, build timestamp: 2018-06-05T17:11:56Z, git hash: 84205aa28f11a4f31f2a3b86d1bba2cc8ab69827
2019-09-19 12:13:04,393 [main] INFO  handler.ContextHandler (ContextHandler.java:doStart(781)) - Started o.e.j.s.ServletContextHandler@4455f57d{/logs,file:///workdir/hadoop-ozone/integration-test/target/log,AVAILABLE}
2019-09-19 12:13:04,394 [main] INFO  handler.ContextHandler (ContextHandler.java:doStart(781)) - Started o.e.j.s.ServletContextHandler@4d0b0fd4{/static,file:///workdir/hadoop-ozone/integration-test/target/test-classes/webapps/static,AVAILABLE}
2019-09-19 12:13:04,401 [main] INFO  handler.ContextHandler (ContextHandler.java:doStart(781)) - Started o.e.j.w.WebAppContext@383f1975{/,file:///workdir/hadoop-ozone/integration-test/target/test-classes/webapps/ozoneManager/,AVAILABLE}{/ozoneManager}
2019-09-19 12:13:04,403 [main] INFO  server.AbstractConnector (AbstractConnector.java:doStart(278)) - Started ServerConnector@441cc260{HTTP/1.1,[http/1.1]}{0.0.0.0:33786}
2019-09-19 12:13:04,403 [main] INFO  server.Server (Server.java:doStart(419)) - Started @14185ms
2019-09-19 12:13:04,403 [main] WARN  impl.MetricsSystemImpl (MetricsSystemImpl.java:register(276)) - Sink prometheus already exists!
2019-09-19 12:13:04,404 [main] INFO  server.BaseHttpServer (BaseHttpServer.java:updateConnectorAddress(215)) - HTTP server of OZONEMANAGER is listening at http://0.0.0.0:33786
2019-09-19 12:13:04,786 [main] INFO  impl.MetricsSystemImpl (MetricsSystemImpl.java:init(158)) - HddsDatanode metrics system started (again)
2019-09-19 12:13:04,853 [main] INFO  ozone.HddsDatanodeService (HddsDatanodeService.java:start(184)) - HddsDatanodeService host:pr-hdds-2153-8htts-3549596055 ip:192.168.157.252
2019-09-19 12:13:04,891 [main] INFO  volume.HddsVolume (HddsVolume.java:<init>(176)) - Creating Volume: /workdir/hadoop-ozone/integration-test/target/test-dir/MiniOzoneClusterImpl-e0c4f6c0-f9e5-4c6e-8d6a-9a7c93045680/datanode-0/data/containers/hdds of  storage type : DISK and capacity : 1482555576320
2019-09-19 12:13:04,896 [main] INFO  volume.VolumeSet (VolumeSet.java:initializeVolumeSet(170)) - Added Volume : /workdir/hadoop-ozone/integration-test/target/test-dir/MiniOzoneClusterImpl-e0c4f6c0-f9e5-4c6e-8d6a-9a7c93045680/datanode-0/data/containers/hdds to VolumeSet
2019-09-19 12:13:04,899 [main] INFO  volume.ThrottledAsyncChecker (ThrottledAsyncChecker.java:schedule(139)) - Scheduling a check for org.apache.hadoop.ozone.container.common.volume.HddsVolume@30814f43
2019-09-19 12:13:04,917 [main] INFO  volume.HddsVolumeChecker (HddsVolumeChecker.java:checkAllVolumes(202)) - Scheduled health check for volume org.apache.hadoop.ozone.container.common.volume.HddsVolume@30814f43
2019-09-19 12:13:05,048 [main] INFO  impl.RaftServerProxy (ConfUtils.java:logGet(43)) - raft.rpc.type = GRPC (default)
2019-09-19 12:13:05,130 [main] INFO  grpc.GrpcFactory (GrpcFactory.java:checkPooledByteBufAllocatorUseCacheForAllThreads(45)) - PERFORMANCE WARNING: useCacheForAllThreads is true that may cause Netty to create a lot garbage objects and, as a result, trigger GC.
	It is recommended to disable useCacheForAllThreads by setting -Dorg.apache.ratis.thirdparty.io.netty.allocator.useCacheForAllThreads=false in command line.
2019-09-19 12:13:05,135 [main] INFO  grpc.GrpcConfigKeys$Server (ConfUtils.java:logGet(43)) - raft.grpc.server.port = 0 (default)
2019-09-19 12:13:05,136 [main] INFO  server.GrpcService (ConfUtils.java:logGet(43)) - raft.grpc.message.size.max = 33570816 (custom)
2019-09-19 12:13:05,138 [main] INFO  server.RaftServerConfigKeys (ConfUtils.java:logGet(43)) - raft.server.log.appender.buffer.byte-limit = 33554432 (custom)
2019-09-19 12:13:05,138 [main] INFO  server.GrpcService (ConfUtils.java:logGet(43)) - raft.grpc.flow.control.window = 1MB (=1048576) (default)
2019-09-19 12:13:05,139 [main] INFO  server.RaftServerConfigKeys (ConfUtils.java:logGet(43)) - raft.server.rpc.request.timeout = 3000ms (default)
2019-09-19 12:13:05,317 [main] INFO  server.RaftServerConfigKeys (ConfUtils.java:logGet(43)) - raft.server.storage.dir = [/workdir/hadoop-ozone/integration-test/target/test-dir/MiniOzoneClusterImpl-e0c4f6c0-f9e5-4c6e-8d6a-9a7c93045680/datanode-0/data/ratis] (custom)
2019-09-19 12:13:05,374 [main] INFO  hdfs.DFSUtil (DFSUtil.java:httpServerTemplateForNNAndJN(1641)) - Starting Web-server for hddsDatanode at: http://0.0.0.0:0
2019-09-19 12:13:05,377 [main] INFO  server.AuthenticationFilter (AuthenticationFilter.java:constructSecretProvider(240)) - Unable to initialize FileSignerSecretProvider, falling back to use random secrets.
2019-09-19 12:13:05,378 [main] WARN  http.HttpRequestLog (HttpRequestLog.java:getRequestLog(97)) - Jetty request log can only be enabled using Log4j
2019-09-19 12:13:05,382 [main] INFO  http.HttpServer2 (HttpServer2.java:addGlobalFilter(975)) - Added global filter 'safety' (class=org.apache.hadoop.http.HttpServer2$QuotingInputFilter)
2019-09-19 12:13:05,383 [main] INFO  http.HttpServer2 (HttpServer2.java:addFilter(948)) - Added filter static_user_filter (class=org.apache.hadoop.http.lib.StaticUserWebFilter$StaticUserFilter) to context hddsDatanode
2019-09-19 12:13:05,383 [main] INFO  http.HttpServer2 (HttpServer2.java:addFilter(958)) - Added filter static_user_filter (class=org.apache.hadoop.http.lib.StaticUserWebFilter$StaticUserFilter) to context static
2019-09-19 12:13:05,384 [main] INFO  http.HttpServer2 (HttpServer2.java:addFilter(958)) - Added filter static_user_filter (class=org.apache.hadoop.http.lib.StaticUserWebFilter$StaticUserFilter) to context logs
2019-09-19 12:13:05,385 [main] INFO  http.HttpServer2 (HttpServer2.java:bindListener(1191)) - Jetty bound to port 43345
2019-09-19 12:13:05,386 [main] INFO  server.Server (Server.java:doStart(351)) - jetty-9.3.24.v20180605, build timestamp: 2018-06-05T17:11:56Z, git hash: 84205aa28f11a4f31f2a3b86d1bba2cc8ab69827
2019-09-19 12:13:05,392 [main] INFO  handler.ContextHandler (ContextHandler.java:doStart(781)) - Started o.e.j.s.ServletContextHandler@60f70249{/logs,file:///workdir/hadoop-ozone/integration-test/target/log,AVAILABLE}
2019-09-19 12:13:05,393 [main] INFO  handler.ContextHandler (ContextHandler.java:doStart(781)) - Started o.e.j.s.ServletContextHandler@262816a8{/static,jar:file:/home/user/.m2/repository/org/apache/hadoop/hadoop-hdds-container-service/0.5.0-SNAPSHOT/hadoop-hdds-container-service-0.5.0-SNAPSHOT.jar!/webapps/static,AVAILABLE}
2019-09-19 12:13:05,443 [main] INFO  handler.ContextHandler (ContextHandler.java:doStart(781)) - Started o.e.j.w.WebAppContext@60bbacfc{/,file:///tmp/jetty-0.0.0.0-43345-hddsDatanode-_-any-2508698017705776669.dir/webapp/,AVAILABLE}{/hddsDatanode}
2019-09-19 12:13:05,444 [main] INFO  server.AbstractConnector (AbstractConnector.java:doStart(278)) - Started ServerConnector@65b97f47{HTTP/1.1,[http/1.1]}{0.0.0.0:43345}
2019-09-19 12:13:05,445 [main] INFO  server.Server (Server.java:doStart(419)) - Started @15227ms
2019-09-19 12:13:05,445 [main] WARN  impl.MetricsSystemImpl (MetricsSystemImpl.java:register(276)) - Sink prometheus already exists!
2019-09-19 12:13:05,446 [main] INFO  server.BaseHttpServer (BaseHttpServer.java:updateConnectorAddress(215)) - HTTP server of HDDSDATANODE is listening at http://0.0.0.0:43345
2019-09-19 12:13:05,447 [main] INFO  impl.MetricsSystemImpl (MetricsSystemImpl.java:init(158)) - HddsDatanode metrics system started (again)
2019-09-19 12:13:05,451 [main] INFO  ozone.HddsDatanodeService (HddsDatanodeService.java:start(184)) - HddsDatanodeService host:pr-hdds-2153-8htts-3549596055 ip:192.168.157.252
2019-09-19 12:13:05,456 [org.apache.hadoop.util.JvmPauseMonitor$Monitor@64ee531d] INFO  util.JvmPauseMonitor (JvmPauseMonitor.java:run(188)) - Starting JVM pause monitor
2019-09-19 12:13:05,461 [main] INFO  volume.HddsVolume (HddsVolume.java:<init>(176)) - Creating Volume: /workdir/hadoop-ozone/integration-test/target/test-dir/MiniOzoneClusterImpl-e0c4f6c0-f9e5-4c6e-8d6a-9a7c93045680/datanode-1/data/containers/hdds of  storage type : DISK and capacity : 1482555576320
2019-09-19 12:13:05,463 [main] INFO  volume.VolumeSet (VolumeSet.java:initializeVolumeSet(170)) - Added Volume : /workdir/hadoop-ozone/integration-test/target/test-dir/MiniOzoneClusterImpl-e0c4f6c0-f9e5-4c6e-8d6a-9a7c93045680/datanode-1/data/containers/hdds to VolumeSet
2019-09-19 12:13:05,463 [main] INFO  volume.ThrottledAsyncChecker (ThrottledAsyncChecker.java:schedule(139)) - Scheduling a check for org.apache.hadoop.ozone.container.common.volume.HddsVolume@4c6007fb
2019-09-19 12:13:05,466 [main] INFO  volume.HddsVolumeChecker (HddsVolumeChecker.java:checkAllVolumes(202)) - Scheduled health check for volume org.apache.hadoop.ozone.container.common.volume.HddsVolume@4c6007fb
2019-09-19 12:13:05,484 [main] INFO  impl.RaftServerProxy (ConfUtils.java:logGet(43)) - raft.rpc.type = GRPC (default)
2019-09-19 12:13:05,484 [main] INFO  grpc.GrpcFactory (GrpcFactory.java:checkPooledByteBufAllocatorUseCacheForAllThreads(45)) - PERFORMANCE WARNING: useCacheForAllThreads is true that may cause Netty to create a lot garbage objects and, as a result, trigger GC.
	It is recommended to disable useCacheForAllThreads by setting -Dorg.apache.ratis.thirdparty.io.netty.allocator.useCacheForAllThreads=false in command line.
2019-09-19 12:13:05,485 [main] INFO  grpc.GrpcConfigKeys$Server (ConfUtils.java:logGet(43)) - raft.grpc.server.port = 0 (default)
2019-09-19 12:13:05,485 [main] INFO  server.GrpcService (ConfUtils.java:logGet(43)) - raft.grpc.message.size.max = 33570816 (custom)
2019-09-19 12:13:05,485 [main] INFO  server.RaftServerConfigKeys (ConfUtils.java:logGet(43)) - raft.server.log.appender.buffer.byte-limit = 33554432 (custom)
2019-09-19 12:13:05,486 [main] INFO  server.GrpcService (ConfUtils.java:logGet(43)) - raft.grpc.flow.control.window = 1MB (=1048576) (default)
2019-09-19 12:13:05,486 [main] INFO  server.RaftServerConfigKeys (ConfUtils.java:logGet(43)) - raft.server.rpc.request.timeout = 3000ms (default)
2019-09-19 12:13:05,487 [main] INFO  server.RaftServerConfigKeys (ConfUtils.java:logGet(43)) - raft.server.storage.dir = [/workdir/hadoop-ozone/integration-test/target/test-dir/MiniOzoneClusterImpl-e0c4f6c0-f9e5-4c6e-8d6a-9a7c93045680/datanode-1/data/ratis] (custom)
2019-09-19 12:13:05,489 [main] INFO  hdfs.DFSUtil (DFSUtil.java:httpServerTemplateForNNAndJN(1641)) - Starting Web-server for hddsDatanode at: http://0.0.0.0:0
2019-09-19 12:13:05,490 [main] INFO  server.AuthenticationFilter (AuthenticationFilter.java:constructSecretProvider(240)) - Unable to initialize FileSignerSecretProvider, falling back to use random secrets.
2019-09-19 12:13:05,491 [main] WARN  http.HttpRequestLog (HttpRequestLog.java:getRequestLog(97)) - Jetty request log can only be enabled using Log4j
2019-09-19 12:13:05,493 [main] INFO  http.HttpServer2 (HttpServer2.java:addGlobalFilter(975)) - Added global filter 'safety' (class=org.apache.hadoop.http.HttpServer2$QuotingInputFilter)
2019-09-19 12:13:05,494 [main] INFO  http.HttpServer2 (HttpServer2.java:addFilter(948)) - Added filter static_user_filter (class=org.apache.hadoop.http.lib.StaticUserWebFilter$StaticUserFilter) to context hddsDatanode
2019-09-19 12:13:05,494 [main] INFO  http.HttpServer2 (HttpServer2.java:addFilter(958)) - Added filter static_user_filter (class=org.apache.hadoop.http.lib.StaticUserWebFilter$StaticUserFilter) to context static
2019-09-19 12:13:05,495 [main] INFO  http.HttpServer2 (HttpServer2.java:addFilter(958)) - Added filter static_user_filter (class=org.apache.hadoop.http.lib.StaticUserWebFilter$StaticUserFilter) to context logs
2019-09-19 12:13:05,495 [main] INFO  http.HttpServer2 (HttpServer2.java:bindListener(1191)) - Jetty bound to port 37603
2019-09-19 12:13:05,496 [main] INFO  server.Server (Server.java:doStart(351)) - jetty-9.3.24.v20180605, build timestamp: 2018-06-05T17:11:56Z, git hash: 84205aa28f11a4f31f2a3b86d1bba2cc8ab69827
2019-09-19 12:13:05,501 [main] INFO  handler.ContextHandler (ContextHandler.java:doStart(781)) - Started o.e.j.s.ServletContextHandler@3dffc764{/logs,file:///workdir/hadoop-ozone/integration-test/target/log,AVAILABLE}
2019-09-19 12:13:05,502 [main] INFO  handler.ContextHandler (ContextHandler.java:doStart(781)) - Started o.e.j.s.ServletContextHandler@561b61ed{/static,jar:file:/home/user/.m2/repository/org/apache/hadoop/hadoop-hdds-container-service/0.5.0-SNAPSHOT/hadoop-hdds-container-service-0.5.0-SNAPSHOT.jar!/webapps/static,AVAILABLE}
2019-09-19 12:13:05,536 [main] INFO  handler.ContextHandler (ContextHandler.java:doStart(781)) - Started o.e.j.w.WebAppContext@3c3a0032{/,file:///tmp/jetty-0.0.0.0-37603-hddsDatanode-_-any-597268171905754237.dir/webapp/,AVAILABLE}{/hddsDatanode}
2019-09-19 12:13:05,536 [main] INFO  server.AbstractConnector (AbstractConnector.java:doStart(278)) - Started ServerConnector@7ceb4478{HTTP/1.1,[http/1.1]}{0.0.0.0:37603}
2019-09-19 12:13:05,537 [main] INFO  server.Server (Server.java:doStart(419)) - Started @15320ms
2019-09-19 12:13:05,538 [main] WARN  impl.MetricsSystemImpl (MetricsSystemImpl.java:register(276)) - Sink prometheus already exists!
2019-09-19 12:13:05,539 [main] INFO  server.BaseHttpServer (BaseHttpServer.java:updateConnectorAddress(215)) - HTTP server of HDDSDATANODE is listening at http://0.0.0.0:37603
2019-09-19 12:13:05,539 [main] INFO  impl.MetricsSystemImpl (MetricsSystemImpl.java:init(158)) - HddsDatanode metrics system started (again)
2019-09-19 12:13:05,543 [main] INFO  ozone.HddsDatanodeService (HddsDatanodeService.java:start(184)) - HddsDatanodeService host:pr-hdds-2153-8htts-3549596055 ip:192.168.157.252
2019-09-19 12:13:05,543 [org.apache.hadoop.util.JvmPauseMonitor$Monitor@7ffe5ffb] INFO  util.JvmPauseMonitor (JvmPauseMonitor.java:run(188)) - Starting JVM pause monitor
2019-09-19 12:13:05,552 [main] INFO  volume.HddsVolume (HddsVolume.java:<init>(176)) - Creating Volume: /workdir/hadoop-ozone/integration-test/target/test-dir/MiniOzoneClusterImpl-e0c4f6c0-f9e5-4c6e-8d6a-9a7c93045680/datanode-2/data/containers/hdds of  storage type : DISK and capacity : 1482555576320
2019-09-19 12:13:05,553 [main] INFO  volume.VolumeSet (VolumeSet.java:initializeVolumeSet(170)) - Added Volume : /workdir/hadoop-ozone/integration-test/target/test-dir/MiniOzoneClusterImpl-e0c4f6c0-f9e5-4c6e-8d6a-9a7c93045680/datanode-2/data/containers/hdds to VolumeSet
2019-09-19 12:13:05,553 [main] INFO  volume.ThrottledAsyncChecker (ThrottledAsyncChecker.java:schedule(139)) - Scheduling a check for org.apache.hadoop.ozone.container.common.volume.HddsVolume@4da6d664
2019-09-19 12:13:05,554 [main] INFO  volume.HddsVolumeChecker (HddsVolumeChecker.java:checkAllVolumes(202)) - Scheduled health check for volume org.apache.hadoop.ozone.container.common.volume.HddsVolume@4da6d664
2019-09-19 12:13:05,570 [main] INFO  impl.RaftServerProxy (ConfUtils.java:logGet(43)) - raft.rpc.type = GRPC (default)
2019-09-19 12:13:05,571 [main] INFO  grpc.GrpcFactory (GrpcFactory.java:checkPooledByteBufAllocatorUseCacheForAllThreads(45)) - PERFORMANCE WARNING: useCacheForAllThreads is true that may cause Netty to create a lot garbage objects and, as a result, trigger GC.
	It is recommended to disable useCacheForAllThreads by setting -Dorg.apache.ratis.thirdparty.io.netty.allocator.useCacheForAllThreads=false in command line.
2019-09-19 12:13:05,571 [main] INFO  grpc.GrpcConfigKeys$Server (ConfUtils.java:logGet(43)) - raft.grpc.server.port = 0 (default)
2019-09-19 12:13:05,571 [main] INFO  server.GrpcService (ConfUtils.java:logGet(43)) - raft.grpc.message.size.max = 33570816 (custom)
2019-09-19 12:13:05,572 [main] INFO  server.RaftServerConfigKeys (ConfUtils.java:logGet(43)) - raft.server.log.appender.buffer.byte-limit = 33554432 (custom)
2019-09-19 12:13:05,572 [main] INFO  server.GrpcService (ConfUtils.java:logGet(43)) - raft.grpc.flow.control.window = 1MB (=1048576) (default)
2019-09-19 12:13:05,572 [main] INFO  server.RaftServerConfigKeys (ConfUtils.java:logGet(43)) - raft.server.rpc.request.timeout = 3000ms (default)
2019-09-19 12:13:05,573 [main] INFO  server.RaftServerConfigKeys (ConfUtils.java:logGet(43)) - raft.server.storage.dir = [/workdir/hadoop-ozone/integration-test/target/test-dir/MiniOzoneClusterImpl-e0c4f6c0-f9e5-4c6e-8d6a-9a7c93045680/datanode-2/data/ratis] (custom)
2019-09-19 12:13:05,575 [main] INFO  hdfs.DFSUtil (DFSUtil.java:httpServerTemplateForNNAndJN(1641)) - Starting Web-server for hddsDatanode at: http://0.0.0.0:0
2019-09-19 12:13:05,576 [main] INFO  server.AuthenticationFilter (AuthenticationFilter.java:constructSecretProvider(240)) - Unable to initialize FileSignerSecretProvider, falling back to use random secrets.
2019-09-19 12:13:05,577 [main] WARN  http.HttpRequestLog (HttpRequestLog.java:getRequestLog(97)) - Jetty request log can only be enabled using Log4j
2019-09-19 12:13:05,579 [main] INFO  http.HttpServer2 (HttpServer2.java:addGlobalFilter(975)) - Added global filter 'safety' (class=org.apache.hadoop.http.HttpServer2$QuotingInputFilter)
2019-09-19 12:13:05,579 [main] INFO  http.HttpServer2 (HttpServer2.java:addFilter(948)) - Added filter static_user_filter (class=org.apache.hadoop.http.lib.StaticUserWebFilter$StaticUserFilter) to context hddsDatanode
2019-09-19 12:13:05,580 [main] INFO  http.HttpServer2 (HttpServer2.java:addFilter(958)) - Added filter static_user_filter (class=org.apache.hadoop.http.lib.StaticUserWebFilter$StaticUserFilter) to context static
2019-09-19 12:13:05,580 [main] INFO  http.HttpServer2 (HttpServer2.java:addFilter(958)) - Added filter static_user_filter (class=org.apache.hadoop.http.lib.StaticUserWebFilter$StaticUserFilter) to context logs
2019-09-19 12:13:05,581 [main] INFO  http.HttpServer2 (HttpServer2.java:bindListener(1191)) - Jetty bound to port 36925
2019-09-19 12:13:05,581 [main] INFO  server.Server (Server.java:doStart(351)) - jetty-9.3.24.v20180605, build timestamp: 2018-06-05T17:11:56Z, git hash: 84205aa28f11a4f31f2a3b86d1bba2cc8ab69827
2019-09-19 12:13:05,585 [main] INFO  handler.ContextHandler (ContextHandler.java:doStart(781)) - Started o.e.j.s.ServletContextHandler@1aad0b1{/logs,file:///workdir/hadoop-ozone/integration-test/target/log,AVAILABLE}
2019-09-19 12:13:05,586 [main] INFO  handler.ContextHandler (ContextHandler.java:doStart(781)) - Started o.e.j.s.ServletContextHandler@5af8bb51{/static,jar:file:/home/user/.m2/repository/org/apache/hadoop/hadoop-hdds-container-service/0.5.0-SNAPSHOT/hadoop-hdds-container-service-0.5.0-SNAPSHOT.jar!/webapps/static,AVAILABLE}
2019-09-19 12:13:05,615 [main] INFO  handler.ContextHandler (ContextHandler.java:doStart(781)) - Started o.e.j.w.WebAppContext@56da7487{/,file:///tmp/jetty-0.0.0.0-36925-hddsDatanode-_-any-5259998082966657867.dir/webapp/,AVAILABLE}{/hddsDatanode}
2019-09-19 12:13:05,615 [main] INFO  server.AbstractConnector (AbstractConnector.java:doStart(278)) - Started ServerConnector@599e4d41{HTTP/1.1,[http/1.1]}{0.0.0.0:36925}
2019-09-19 12:13:05,616 [main] INFO  server.Server (Server.java:doStart(419)) - Started @15398ms
2019-09-19 12:13:05,616 [main] WARN  impl.MetricsSystemImpl (MetricsSystemImpl.java:register(276)) - Sink prometheus already exists!
2019-09-19 12:13:05,617 [main] INFO  server.BaseHttpServer (BaseHttpServer.java:updateConnectorAddress(215)) - HTTP server of HDDSDATANODE is listening at http://0.0.0.0:36925
2019-09-19 12:13:05,618 [main] INFO  impl.MetricsSystemImpl (MetricsSystemImpl.java:init(158)) - HddsDatanode metrics system started (again)
2019-09-19 12:13:05,621 [main] INFO  ozone.HddsDatanodeService (HddsDatanodeService.java:start(184)) - HddsDatanodeService host:pr-hdds-2153-8htts-3549596055 ip:192.168.157.252
2019-09-19 12:13:05,621 [org.apache.hadoop.util.JvmPauseMonitor$Monitor@60ca5fa3] INFO  util.JvmPauseMonitor (JvmPauseMonitor.java:run(188)) - Starting JVM pause monitor
2019-09-19 12:13:05,629 [main] INFO  volume.HddsVolume (HddsVolume.java:<init>(176)) - Creating Volume: /workdir/hadoop-ozone/integration-test/target/test-dir/MiniOzoneClusterImpl-e0c4f6c0-f9e5-4c6e-8d6a-9a7c93045680/datanode-3/data/containers/hdds of  storage type : DISK and capacity : 1482555576320
2019-09-19 12:13:05,630 [main] INFO  volume.VolumeSet (VolumeSet.java:initializeVolumeSet(170)) - Added Volume : /workdir/hadoop-ozone/integration-test/target/test-dir/MiniOzoneClusterImpl-e0c4f6c0-f9e5-4c6e-8d6a-9a7c93045680/datanode-3/data/containers/hdds to VolumeSet
2019-09-19 12:13:05,630 [main] INFO  volume.ThrottledAsyncChecker (ThrottledAsyncChecker.java:schedule(139)) - Scheduling a check for org.apache.hadoop.ozone.container.common.volume.HddsVolume@1981d861
2019-09-19 12:13:05,631 [main] INFO  volume.HddsVolumeChecker (HddsVolumeChecker.java:checkAllVolumes(202)) - Scheduled health check for volume org.apache.hadoop.ozone.container.common.volume.HddsVolume@1981d861
2019-09-19 12:13:05,632 [Datanode State Machine Thread - 0] INFO  datanode.InitDatanodeState (InitDatanodeState.java:persistContainerDatanodeDetails(140)) - DatanodeDetails is persisted to /workdir/hadoop-ozone/integration-test/target/test-dir/MiniOzoneClusterImpl-e0c4f6c0-f9e5-4c6e-8d6a-9a7c93045680/datanode-0/meta/datanode.id
2019-09-19 12:13:05,636 [Datanode State Machine Thread - 0] INFO  datanode.InitDatanodeState (InitDatanodeState.java:persistContainerDatanodeDetails(140)) - DatanodeDetails is persisted to /workdir/hadoop-ozone/integration-test/target/test-dir/MiniOzoneClusterImpl-e0c4f6c0-f9e5-4c6e-8d6a-9a7c93045680/datanode-2/meta/datanode.id
2019-09-19 12:13:05,638 [Datanode State Machine Thread - 0] INFO  datanode.InitDatanodeState (InitDatanodeState.java:persistContainerDatanodeDetails(140)) - DatanodeDetails is persisted to /workdir/hadoop-ozone/integration-test/target/test-dir/MiniOzoneClusterImpl-e0c4f6c0-f9e5-4c6e-8d6a-9a7c93045680/datanode-1/meta/datanode.id
2019-09-19 12:13:05,649 [main] INFO  impl.RaftServerProxy (ConfUtils.java:logGet(43)) - raft.rpc.type = GRPC (default)
2019-09-19 12:13:05,649 [main] INFO  grpc.GrpcFactory (GrpcFactory.java:checkPooledByteBufAllocatorUseCacheForAllThreads(45)) - PERFORMANCE WARNING: useCacheForAllThreads is true that may cause Netty to create a lot garbage objects and, as a result, trigger GC.
	It is recommended to disable useCacheForAllThreads by setting -Dorg.apache.ratis.thirdparty.io.netty.allocator.useCacheForAllThreads=false in command line.
2019-09-19 12:13:05,649 [main] INFO  grpc.GrpcConfigKeys$Server (ConfUtils.java:logGet(43)) - raft.grpc.server.port = 0 (default)
2019-09-19 12:13:05,649 [main] INFO  server.GrpcService (ConfUtils.java:logGet(43)) - raft.grpc.message.size.max = 33570816 (custom)
2019-09-19 12:13:05,650 [main] INFO  server.RaftServerConfigKeys (ConfUtils.java:logGet(43)) - raft.server.log.appender.buffer.byte-limit = 33554432 (custom)
2019-09-19 12:13:05,650 [main] INFO  server.GrpcService (ConfUtils.java:logGet(43)) - raft.grpc.flow.control.window = 1MB (=1048576) (default)
2019-09-19 12:13:05,650 [main] INFO  server.RaftServerConfigKeys (ConfUtils.java:logGet(43)) - raft.server.rpc.request.timeout = 3000ms (default)
2019-09-19 12:13:05,651 [main] INFO  server.RaftServerConfigKeys (ConfUtils.java:logGet(43)) - raft.server.storage.dir = [/workdir/hadoop-ozone/integration-test/target/test-dir/MiniOzoneClusterImpl-e0c4f6c0-f9e5-4c6e-8d6a-9a7c93045680/datanode-3/data/ratis] (custom)
2019-09-19 12:13:05,652 [main] INFO  hdfs.DFSUtil (DFSUtil.java:httpServerTemplateForNNAndJN(1641)) - Starting Web-server for hddsDatanode at: http://0.0.0.0:0
2019-09-19 12:13:05,654 [main] INFO  server.AuthenticationFilter (AuthenticationFilter.java:constructSecretProvider(240)) - Unable to initialize FileSignerSecretProvider, falling back to use random secrets.
2019-09-19 12:13:05,654 [main] WARN  http.HttpRequestLog (HttpRequestLog.java:getRequestLog(97)) - Jetty request log can only be enabled using Log4j
2019-09-19 12:13:05,656 [main] INFO  http.HttpServer2 (HttpServer2.java:addGlobalFilter(975)) - Added global filter 'safety' (class=org.apache.hadoop.http.HttpServer2$QuotingInputFilter)
2019-09-19 12:13:05,657 [main] INFO  http.HttpServer2 (HttpServer2.java:addFilter(948)) - Added filter static_user_filter (class=org.apache.hadoop.http.lib.StaticUserWebFilter$StaticUserFilter) to context hddsDatanode
2019-09-19 12:13:05,657 [main] INFO  http.HttpServer2 (HttpServer2.java:addFilter(958)) - Added filter static_user_filter (class=org.apache.hadoop.http.lib.StaticUserWebFilter$StaticUserFilter) to context logs
2019-09-19 12:13:05,657 [main] INFO  http.HttpServer2 (HttpServer2.java:addFilter(958)) - Added filter static_user_filter (class=org.apache.hadoop.http.lib.StaticUserWebFilter$StaticUserFilter) to context static
2019-09-19 12:13:05,658 [main] INFO  http.HttpServer2 (HttpServer2.java:bindListener(1191)) - Jetty bound to port 46414
2019-09-19 12:13:05,658 [main] INFO  server.Server (Server.java:doStart(351)) - jetty-9.3.24.v20180605, build timestamp: 2018-06-05T17:11:56Z, git hash: 84205aa28f11a4f31f2a3b86d1bba2cc8ab69827
2019-09-19 12:13:05,660 [main] INFO  handler.ContextHandler (ContextHandler.java:doStart(781)) - Started o.e.j.s.ServletContextHandler@68ab0936{/logs,file:///workdir/hadoop-ozone/integration-test/target/log,AVAILABLE}
2019-09-19 12:13:05,661 [main] INFO  handler.ContextHandler (ContextHandler.java:doStart(781)) - Started o.e.j.s.ServletContextHandler@42b84286{/static,jar:file:/home/user/.m2/repository/org/apache/hadoop/hadoop-hdds-container-service/0.5.0-SNAPSHOT/hadoop-hdds-container-service-0.5.0-SNAPSHOT.jar!/webapps/static,AVAILABLE}
2019-09-19 12:13:05,689 [main] INFO  handler.ContextHandler (ContextHandler.java:doStart(781)) - Started o.e.j.w.WebAppContext@6caf7803{/,file:///tmp/jetty-0.0.0.0-46414-hddsDatanode-_-any-97310891972836555.dir/webapp/,AVAILABLE}{/hddsDatanode}
2019-09-19 12:13:05,690 [main] INFO  server.AbstractConnector (AbstractConnector.java:doStart(278)) - Started ServerConnector@709ed6f3{HTTP/1.1,[http/1.1]}{0.0.0.0:46414}
2019-09-19 12:13:05,691 [main] INFO  server.Server (Server.java:doStart(419)) - Started @15473ms
2019-09-19 12:13:05,691 [main] WARN  impl.MetricsSystemImpl (MetricsSystemImpl.java:register(276)) - Sink prometheus already exists!
2019-09-19 12:13:05,691 [main] INFO  server.BaseHttpServer (BaseHttpServer.java:updateConnectorAddress(215)) - HTTP server of HDDSDATANODE is listening at http://0.0.0.0:46414
2019-09-19 12:13:05,692 [main] INFO  impl.MetricsSystemImpl (MetricsSystemImpl.java:init(158)) - HddsDatanode metrics system started (again)
2019-09-19 12:13:05,695 [main] INFO  ozone.HddsDatanodeService (HddsDatanodeService.java:start(184)) - HddsDatanodeService host:pr-hdds-2153-8htts-3549596055 ip:192.168.157.252
2019-09-19 12:13:05,695 [org.apache.hadoop.util.JvmPauseMonitor$Monitor@7cc7fd6b] INFO  util.JvmPauseMonitor (JvmPauseMonitor.java:run(188)) - Starting JVM pause monitor
2019-09-19 12:13:05,698 [Datanode State Machine Thread - 0] INFO  datanode.InitDatanodeState (InitDatanodeState.java:persistContainerDatanodeDetails(140)) - DatanodeDetails is persisted to /workdir/hadoop-ozone/integration-test/target/test-dir/MiniOzoneClusterImpl-e0c4f6c0-f9e5-4c6e-8d6a-9a7c93045680/datanode-3/meta/datanode.id
2019-09-19 12:13:05,706 [main] INFO  volume.HddsVolume (HddsVolume.java:<init>(176)) - Creating Volume: /workdir/hadoop-ozone/integration-test/target/test-dir/MiniOzoneClusterImpl-e0c4f6c0-f9e5-4c6e-8d6a-9a7c93045680/datanode-4/data/containers/hdds of  storage type : DISK and capacity : 1482555576320
2019-09-19 12:13:05,706 [main] INFO  volume.VolumeSet (VolumeSet.java:initializeVolumeSet(170)) - Added Volume : /workdir/hadoop-ozone/integration-test/target/test-dir/MiniOzoneClusterImpl-e0c4f6c0-f9e5-4c6e-8d6a-9a7c93045680/datanode-4/data/containers/hdds to VolumeSet
2019-09-19 12:13:05,706 [main] INFO  volume.ThrottledAsyncChecker (ThrottledAsyncChecker.java:schedule(139)) - Scheduling a check for org.apache.hadoop.ozone.container.common.volume.HddsVolume@18b8d173
2019-09-19 12:13:05,707 [main] INFO  volume.HddsVolumeChecker (HddsVolumeChecker.java:checkAllVolumes(202)) - Scheduled health check for volume org.apache.hadoop.ozone.container.common.volume.HddsVolume@18b8d173
2019-09-19 12:13:05,722 [main] INFO  impl.RaftServerProxy (ConfUtils.java:logGet(43)) - raft.rpc.type = GRPC (default)
2019-09-19 12:13:05,722 [main] INFO  grpc.GrpcFactory (GrpcFactory.java:checkPooledByteBufAllocatorUseCacheForAllThreads(45)) - PERFORMANCE WARNING: useCacheForAllThreads is true that may cause Netty to create a lot garbage objects and, as a result, trigger GC.
	It is recommended to disable useCacheForAllThreads by setting -Dorg.apache.ratis.thirdparty.io.netty.allocator.useCacheForAllThreads=false in command line.
2019-09-19 12:13:05,722 [main] INFO  grpc.GrpcConfigKeys$Server (ConfUtils.java:logGet(43)) - raft.grpc.server.port = 0 (default)
2019-09-19 12:13:05,723 [main] INFO  server.GrpcService (ConfUtils.java:logGet(43)) - raft.grpc.message.size.max = 33570816 (custom)
2019-09-19 12:13:05,723 [main] INFO  server.RaftServerConfigKeys (ConfUtils.java:logGet(43)) - raft.server.log.appender.buffer.byte-limit = 33554432 (custom)
2019-09-19 12:13:05,723 [main] INFO  server.GrpcService (ConfUtils.java:logGet(43)) - raft.grpc.flow.control.window = 1MB (=1048576) (default)
2019-09-19 12:13:05,723 [main] INFO  server.RaftServerConfigKeys (ConfUtils.java:logGet(43)) - raft.server.rpc.request.timeout = 3000ms (default)
2019-09-19 12:13:05,724 [main] INFO  server.RaftServerConfigKeys (ConfUtils.java:logGet(43)) - raft.server.storage.dir = [/workdir/hadoop-ozone/integration-test/target/test-dir/MiniOzoneClusterImpl-e0c4f6c0-f9e5-4c6e-8d6a-9a7c93045680/datanode-4/data/ratis] (custom)
2019-09-19 12:13:05,726 [main] INFO  hdfs.DFSUtil (DFSUtil.java:httpServerTemplateForNNAndJN(1641)) - Starting Web-server for hddsDatanode at: http://0.0.0.0:0
2019-09-19 12:13:05,727 [main] INFO  server.AuthenticationFilter (AuthenticationFilter.java:constructSecretProvider(240)) - Unable to initialize FileSignerSecretProvider, falling back to use random secrets.
2019-09-19 12:13:05,728 [main] WARN  http.HttpRequestLog (HttpRequestLog.java:getRequestLog(97)) - Jetty request log can only be enabled using Log4j
2019-09-19 12:13:05,729 [main] INFO  http.HttpServer2 (HttpServer2.java:addGlobalFilter(975)) - Added global filter 'safety' (class=org.apache.hadoop.http.HttpServer2$QuotingInputFilter)
2019-09-19 12:13:05,730 [main] INFO  http.HttpServer2 (HttpServer2.java:addFilter(948)) - Added filter static_user_filter (class=org.apache.hadoop.http.lib.StaticUserWebFilter$StaticUserFilter) to context hddsDatanode
2019-09-19 12:13:05,730 [main] INFO  http.HttpServer2 (HttpServer2.java:addFilter(958)) - Added filter static_user_filter (class=org.apache.hadoop.http.lib.StaticUserWebFilter$StaticUserFilter) to context logs
2019-09-19 12:13:05,731 [main] INFO  http.HttpServer2 (HttpServer2.java:addFilter(958)) - Added filter static_user_filter (class=org.apache.hadoop.http.lib.StaticUserWebFilter$StaticUserFilter) to context static
2019-09-19 12:13:05,731 [main] INFO  http.HttpServer2 (HttpServer2.java:bindListener(1191)) - Jetty bound to port 41112
2019-09-19 12:13:05,732 [main] INFO  server.Server (Server.java:doStart(351)) - jetty-9.3.24.v20180605, build timestamp: 2018-06-05T17:11:56Z, git hash: 84205aa28f11a4f31f2a3b86d1bba2cc8ab69827
2019-09-19 12:13:05,734 [main] INFO  handler.ContextHandler (ContextHandler.java:doStart(781)) - Started o.e.j.s.ServletContextHandler@2f4c2cd4{/logs,file:///workdir/hadoop-ozone/integration-test/target/log,AVAILABLE}
2019-09-19 12:13:05,734 [main] INFO  handler.ContextHandler (ContextHandler.java:doStart(781)) - Started o.e.j.s.ServletContextHandler@333c8791{/static,jar:file:/home/user/.m2/repository/org/apache/hadoop/hadoop-hdds-container-service/0.5.0-SNAPSHOT/hadoop-hdds-container-service-0.5.0-SNAPSHOT.jar!/webapps/static,AVAILABLE}
2019-09-19 12:13:05,763 [main] INFO  handler.ContextHandler (ContextHandler.java:doStart(781)) - Started o.e.j.w.WebAppContext@3204e238{/,file:///tmp/jetty-0.0.0.0-41112-hddsDatanode-_-any-2552981514199114349.dir/webapp/,AVAILABLE}{/hddsDatanode}
2019-09-19 12:13:05,763 [main] INFO  server.AbstractConnector (AbstractConnector.java:doStart(278)) - Started ServerConnector@38ed139b{HTTP/1.1,[http/1.1]}{0.0.0.0:41112}
2019-09-19 12:13:05,765 [main] INFO  server.Server (Server.java:doStart(419)) - Started @15547ms
2019-09-19 12:13:05,765 [main] WARN  impl.MetricsSystemImpl (MetricsSystemImpl.java:register(276)) - Sink prometheus already exists!
2019-09-19 12:13:05,765 [main] INFO  server.BaseHttpServer (BaseHttpServer.java:updateConnectorAddress(215)) - HTTP server of HDDSDATANODE is listening at http://0.0.0.0:41112
2019-09-19 12:13:05,766 [main] INFO  impl.MetricsSystemImpl (MetricsSystemImpl.java:init(158)) - HddsDatanode metrics system started (again)
2019-09-19 12:13:05,770 [main] INFO  ozone.HddsDatanodeService (HddsDatanodeService.java:start(184)) - HddsDatanodeService host:pr-hdds-2153-8htts-3549596055 ip:192.168.157.252
2019-09-19 12:13:05,770 [org.apache.hadoop.util.JvmPauseMonitor$Monitor@4e7878d6] INFO  util.JvmPauseMonitor (JvmPauseMonitor.java:run(188)) - Starting JVM pause monitor
2019-09-19 12:13:05,780 [main] INFO  volume.HddsVolume (HddsVolume.java:<init>(176)) - Creating Volume: /workdir/hadoop-ozone/integration-test/target/test-dir/MiniOzoneClusterImpl-e0c4f6c0-f9e5-4c6e-8d6a-9a7c93045680/datanode-5/data/containers/hdds of  storage type : DISK and capacity : 1482555576320
2019-09-19 12:13:05,780 [Datanode State Machine Thread - 0] INFO  datanode.InitDatanodeState (InitDatanodeState.java:persistContainerDatanodeDetails(140)) - DatanodeDetails is persisted to /workdir/hadoop-ozone/integration-test/target/test-dir/MiniOzoneClusterImpl-e0c4f6c0-f9e5-4c6e-8d6a-9a7c93045680/datanode-4/meta/datanode.id
2019-09-19 12:13:05,780 [main] INFO  volume.VolumeSet (VolumeSet.java:initializeVolumeSet(170)) - Added Volume : /workdir/hadoop-ozone/integration-test/target/test-dir/MiniOzoneClusterImpl-e0c4f6c0-f9e5-4c6e-8d6a-9a7c93045680/datanode-5/data/containers/hdds to VolumeSet
2019-09-19 12:13:05,780 [main] INFO  volume.ThrottledAsyncChecker (ThrottledAsyncChecker.java:schedule(139)) - Scheduling a check for org.apache.hadoop.ozone.container.common.volume.HddsVolume@56637cff
2019-09-19 12:13:05,781 [main] INFO  volume.HddsVolumeChecker (HddsVolumeChecker.java:checkAllVolumes(202)) - Scheduled health check for volume org.apache.hadoop.ozone.container.common.volume.HddsVolume@56637cff
2019-09-19 12:13:05,797 [main] INFO  impl.RaftServerProxy (ConfUtils.java:logGet(43)) - raft.rpc.type = GRPC (default)
2019-09-19 12:13:05,797 [main] INFO  grpc.GrpcFactory (GrpcFactory.java:checkPooledByteBufAllocatorUseCacheForAllThreads(45)) - PERFORMANCE WARNING: useCacheForAllThreads is true that may cause Netty to create a lot garbage objects and, as a result, trigger GC.
	It is recommended to disable useCacheForAllThreads by setting -Dorg.apache.ratis.thirdparty.io.netty.allocator.useCacheForAllThreads=false in command line.
2019-09-19 12:13:05,797 [main] INFO  grpc.GrpcConfigKeys$Server (ConfUtils.java:logGet(43)) - raft.grpc.server.port = 0 (default)
2019-09-19 12:13:05,797 [main] INFO  server.GrpcService (ConfUtils.java:logGet(43)) - raft.grpc.message.size.max = 33570816 (custom)
2019-09-19 12:13:05,798 [main] INFO  server.RaftServerConfigKeys (ConfUtils.java:logGet(43)) - raft.server.log.appender.buffer.byte-limit = 33554432 (custom)
2019-09-19 12:13:05,798 [main] INFO  server.GrpcService (ConfUtils.java:logGet(43)) - raft.grpc.flow.control.window = 1MB (=1048576) (default)
2019-09-19 12:13:05,798 [main] INFO  server.RaftServerConfigKeys (ConfUtils.java:logGet(43)) - raft.server.rpc.request.timeout = 3000ms (default)
2019-09-19 12:13:05,799 [main] INFO  server.RaftServerConfigKeys (ConfUtils.java:logGet(43)) - raft.server.storage.dir = [/workdir/hadoop-ozone/integration-test/target/test-dir/MiniOzoneClusterImpl-e0c4f6c0-f9e5-4c6e-8d6a-9a7c93045680/datanode-5/data/ratis] (custom)
2019-09-19 12:13:05,800 [main] INFO  hdfs.DFSUtil (DFSUtil.java:httpServerTemplateForNNAndJN(1641)) - Starting Web-server for hddsDatanode at: http://0.0.0.0:0
2019-09-19 12:13:05,802 [main] INFO  server.AuthenticationFilter (AuthenticationFilter.java:constructSecretProvider(240)) - Unable to initialize FileSignerSecretProvider, falling back to use random secrets.
2019-09-19 12:13:05,802 [main] WARN  http.HttpRequestLog (HttpRequestLog.java:getRequestLog(97)) - Jetty request log can only be enabled using Log4j
2019-09-19 12:13:05,804 [main] INFO  http.HttpServer2 (HttpServer2.java:addGlobalFilter(975)) - Added global filter 'safety' (class=org.apache.hadoop.http.HttpServer2$QuotingInputFilter)
2019-09-19 12:13:05,804 [main] INFO  http.HttpServer2 (HttpServer2.java:addFilter(948)) - Added filter static_user_filter (class=org.apache.hadoop.http.lib.StaticUserWebFilter$StaticUserFilter) to context hddsDatanode
2019-09-19 12:13:05,805 [main] INFO  http.HttpServer2 (HttpServer2.java:addFilter(958)) - Added filter static_user_filter (class=org.apache.hadoop.http.lib.StaticUserWebFilter$StaticUserFilter) to context static
2019-09-19 12:13:05,805 [main] INFO  http.HttpServer2 (HttpServer2.java:addFilter(958)) - Added filter static_user_filter (class=org.apache.hadoop.http.lib.StaticUserWebFilter$StaticUserFilter) to context logs
2019-09-19 12:13:05,806 [main] INFO  http.HttpServer2 (HttpServer2.java:bindListener(1191)) - Jetty bound to port 35156
2019-09-19 12:13:05,806 [main] INFO  server.Server (Server.java:doStart(351)) - jetty-9.3.24.v20180605, build timestamp: 2018-06-05T17:11:56Z, git hash: 84205aa28f11a4f31f2a3b86d1bba2cc8ab69827
2019-09-19 12:13:05,808 [main] INFO  handler.ContextHandler (ContextHandler.java:doStart(781)) - Started o.e.j.s.ServletContextHandler@3a66e67e{/logs,file:///workdir/hadoop-ozone/integration-test/target/log,AVAILABLE}
2019-09-19 12:13:05,808 [main] INFO  handler.ContextHandler (ContextHandler.java:doStart(781)) - Started o.e.j.s.ServletContextHandler@4596f8f3{/static,jar:file:/home/user/.m2/repository/org/apache/hadoop/hadoop-hdds-container-service/0.5.0-SNAPSHOT/hadoop-hdds-container-service-0.5.0-SNAPSHOT.jar!/webapps/static,AVAILABLE}
2019-09-19 12:13:05,837 [main] INFO  handler.ContextHandler (ContextHandler.java:doStart(781)) - Started o.e.j.w.WebAppContext@74fab04a{/,file:///tmp/jetty-0.0.0.0-35156-hddsDatanode-_-any-8716357165257144448.dir/webapp/,AVAILABLE}{/hddsDatanode}
2019-09-19 12:13:05,839 [main] INFO  server.AbstractConnector (AbstractConnector.java:doStart(278)) - Started ServerConnector@3c83468e{HTTP/1.1,[http/1.1]}{0.0.0.0:35156}
2019-09-19 12:13:05,839 [main] INFO  server.Server (Server.java:doStart(419)) - Started @15621ms
2019-09-19 12:13:05,839 [main] WARN  impl.MetricsSystemImpl (MetricsSystemImpl.java:register(276)) - Sink prometheus already exists!
2019-09-19 12:13:05,840 [main] INFO  server.BaseHttpServer (BaseHttpServer.java:updateConnectorAddress(215)) - HTTP server of HDDSDATANODE is listening at http://0.0.0.0:35156
2019-09-19 12:13:05,840 [main] INFO  impl.MetricsSystemImpl (MetricsSystemImpl.java:init(158)) - HddsDatanode metrics system started (again)
2019-09-19 12:13:05,844 [org.apache.hadoop.util.JvmPauseMonitor$Monitor@759594cf] INFO  util.JvmPauseMonitor (JvmPauseMonitor.java:run(188)) - Starting JVM pause monitor
2019-09-19 12:13:05,844 [main] INFO  ozone.HddsDatanodeService (HddsDatanodeService.java:start(184)) - HddsDatanodeService host:pr-hdds-2153-8htts-3549596055 ip:192.168.157.252
2019-09-19 12:13:05,846 [Datanode State Machine Thread - 0] INFO  datanode.InitDatanodeState (InitDatanodeState.java:persistContainerDatanodeDetails(140)) - DatanodeDetails is persisted to /workdir/hadoop-ozone/integration-test/target/test-dir/MiniOzoneClusterImpl-e0c4f6c0-f9e5-4c6e-8d6a-9a7c93045680/datanode-5/meta/datanode.id
2019-09-19 12:13:05,854 [main] INFO  volume.HddsVolume (HddsVolume.java:<init>(176)) - Creating Volume: /workdir/hadoop-ozone/integration-test/target/test-dir/MiniOzoneClusterImpl-e0c4f6c0-f9e5-4c6e-8d6a-9a7c93045680/datanode-6/data/containers/hdds of  storage type : DISK and capacity : 1482555576320
2019-09-19 12:13:05,854 [main] INFO  volume.VolumeSet (VolumeSet.java:initializeVolumeSet(170)) - Added Volume : /workdir/hadoop-ozone/integration-test/target/test-dir/MiniOzoneClusterImpl-e0c4f6c0-f9e5-4c6e-8d6a-9a7c93045680/datanode-6/data/containers/hdds to VolumeSet
2019-09-19 12:13:05,854 [main] INFO  volume.ThrottledAsyncChecker (ThrottledAsyncChecker.java:schedule(139)) - Scheduling a check for org.apache.hadoop.ozone.container.common.volume.HddsVolume@2dc3271b
2019-09-19 12:13:05,855 [main] INFO  volume.HddsVolumeChecker (HddsVolumeChecker.java:checkAllVolumes(202)) - Scheduled health check for volume org.apache.hadoop.ozone.container.common.volume.HddsVolume@2dc3271b
2019-09-19 12:13:05,869 [main] INFO  impl.RaftServerProxy (ConfUtils.java:logGet(43)) - raft.rpc.type = GRPC (default)
2019-09-19 12:13:05,869 [main] INFO  grpc.GrpcFactory (GrpcFactory.java:checkPooledByteBufAllocatorUseCacheForAllThreads(45)) - PERFORMANCE WARNING: useCacheForAllThreads is true that may cause Netty to create a lot garbage objects and, as a result, trigger GC.
	It is recommended to disable useCacheForAllThreads by setting -Dorg.apache.ratis.thirdparty.io.netty.allocator.useCacheForAllThreads=false in command line.
2019-09-19 12:13:05,870 [main] INFO  grpc.GrpcConfigKeys$Server (ConfUtils.java:logGet(43)) - raft.grpc.server.port = 0 (default)
2019-09-19 12:13:05,870 [main] INFO  server.GrpcService (ConfUtils.java:logGet(43)) - raft.grpc.message.size.max = 33570816 (custom)
2019-09-19 12:13:05,870 [main] INFO  server.RaftServerConfigKeys (ConfUtils.java:logGet(43)) - raft.server.log.appender.buffer.byte-limit = 33554432 (custom)
2019-09-19 12:13:05,870 [main] INFO  server.GrpcService (ConfUtils.java:logGet(43)) - raft.grpc.flow.control.window = 1MB (=1048576) (default)
2019-09-19 12:13:05,871 [main] INFO  server.RaftServerConfigKeys (ConfUtils.java:logGet(43)) - raft.server.rpc.request.timeout = 3000ms (default)
2019-09-19 12:13:05,871 [main] INFO  server.RaftServerConfigKeys (ConfUtils.java:logGet(43)) - raft.server.storage.dir = [/workdir/hadoop-ozone/integration-test/target/test-dir/MiniOzoneClusterImpl-e0c4f6c0-f9e5-4c6e-8d6a-9a7c93045680/datanode-6/data/ratis] (custom)
2019-09-19 12:13:05,872 [main] INFO  hdfs.DFSUtil (DFSUtil.java:httpServerTemplateForNNAndJN(1641)) - Starting Web-server for hddsDatanode at: http://0.0.0.0:0
2019-09-19 12:13:05,874 [main] INFO  server.AuthenticationFilter (AuthenticationFilter.java:constructSecretProvider(240)) - Unable to initialize FileSignerSecretProvider, falling back to use random secrets.
2019-09-19 12:13:05,874 [main] WARN  http.HttpRequestLog (HttpRequestLog.java:getRequestLog(97)) - Jetty request log can only be enabled using Log4j
2019-09-19 12:13:05,876 [main] INFO  http.HttpServer2 (HttpServer2.java:addGlobalFilter(975)) - Added global filter 'safety' (class=org.apache.hadoop.http.HttpServer2$QuotingInputFilter)
2019-09-19 12:13:05,876 [main] INFO  http.HttpServer2 (HttpServer2.java:addFilter(948)) - Added filter static_user_filter (class=org.apache.hadoop.http.lib.StaticUserWebFilter$StaticUserFilter) to context hddsDatanode
2019-09-19 12:13:05,876 [main] INFO  http.HttpServer2 (HttpServer2.java:addFilter(958)) - Added filter static_user_filter (class=org.apache.hadoop.http.lib.StaticUserWebFilter$StaticUserFilter) to context logs
2019-09-19 12:13:05,877 [main] INFO  http.HttpServer2 (HttpServer2.java:addFilter(958)) - Added filter static_user_filter (class=org.apache.hadoop.http.lib.StaticUserWebFilter$StaticUserFilter) to context static
2019-09-19 12:13:05,877 [main] INFO  http.HttpServer2 (HttpServer2.java:bindListener(1191)) - Jetty bound to port 33676
2019-09-19 12:13:05,878 [main] INFO  server.Server (Server.java:doStart(351)) - jetty-9.3.24.v20180605, build timestamp: 2018-06-05T17:11:56Z, git hash: 84205aa28f11a4f31f2a3b86d1bba2cc8ab69827
2019-09-19 12:13:05,879 [main] INFO  handler.ContextHandler (ContextHandler.java:doStart(781)) - Started o.e.j.s.ServletContextHandler@1a22e0ef{/logs,file:///workdir/hadoop-ozone/integration-test/target/log,AVAILABLE}
2019-09-19 12:13:05,880 [main] INFO  handler.ContextHandler (ContextHandler.java:doStart(781)) - Started o.e.j.s.ServletContextHandler@3b920bdc{/static,jar:file:/home/user/.m2/repository/org/apache/hadoop/hadoop-hdds-container-service/0.5.0-SNAPSHOT/hadoop-hdds-container-service-0.5.0-SNAPSHOT.jar!/webapps/static,AVAILABLE}
2019-09-19 12:13:05,908 [main] INFO  handler.ContextHandler (ContextHandler.java:doStart(781)) - Started o.e.j.w.WebAppContext@6e4c0d8c{/,file:///tmp/jetty-0.0.0.0-33676-hddsDatanode-_-any-3452749202797283936.dir/webapp/,AVAILABLE}{/hddsDatanode}
2019-09-19 12:13:05,909 [main] INFO  server.AbstractConnector (AbstractConnector.java:doStart(278)) - Started ServerConnector@3e3315d9{HTTP/1.1,[http/1.1]}{0.0.0.0:33676}
2019-09-19 12:13:05,910 [main] INFO  server.Server (Server.java:doStart(419)) - Started @15692ms
2019-09-19 12:13:05,910 [main] WARN  impl.MetricsSystemImpl (MetricsSystemImpl.java:register(276)) - Sink prometheus already exists!
2019-09-19 12:13:05,911 [main] INFO  server.BaseHttpServer (BaseHttpServer.java:updateConnectorAddress(215)) - HTTP server of HDDSDATANODE is listening at http://0.0.0.0:33676
2019-09-19 12:13:05,913 [main] INFO  ozone.MiniOzoneClusterImpl (MiniOzoneClusterImpl.java:lambda$waitForClusterToBeReady$0(140)) - Waiting for cluster to be ready. Got 0 of 7 DN Heartbeats.
2019-09-19 12:13:05,914 [org.apache.hadoop.util.JvmPauseMonitor$Monitor@44f83528] INFO  util.JvmPauseMonitor (JvmPauseMonitor.java:run(188)) - Starting JVM pause monitor
2019-09-19 12:13:05,917 [Datanode State Machine Thread - 0] INFO  datanode.InitDatanodeState (InitDatanodeState.java:persistContainerDatanodeDetails(140)) - DatanodeDetails is persisted to /workdir/hadoop-ozone/integration-test/target/test-dir/MiniOzoneClusterImpl-e0c4f6c0-f9e5-4c6e-8d6a-9a7c93045680/datanode-6/meta/datanode.id
2019-09-19 12:13:06,914 [main] INFO  ozone.MiniOzoneClusterImpl (MiniOzoneClusterImpl.java:lambda$waitForClusterToBeReady$0(140)) - Waiting for cluster to be ready. Got 0 of 7 DN Heartbeats.
2019-09-19 12:13:07,515 [Datanode State Machine Thread - 0] INFO  ozoneimpl.OzoneContainer (OzoneContainer.java:start(217)) - Attempting to start container services.
2019-09-19 12:13:07,518 [Datanode State Machine Thread - 0] INFO  ozoneimpl.OzoneContainer (OzoneContainer.java:startContainerScrub(179)) - Background container scanner has been disabled.
2019-09-19 12:13:07,519 [Datanode State Machine Thread - 0] INFO  ratis.XceiverServerRatis (XceiverServerRatis.java:start(408)) - Starting XceiverServerRatis 357e1d52-da6e-4a3f-8c53-892f84a5bd21 at port 0
2019-09-19 12:13:07,542 [Datanode State Machine Thread - 0] INFO  impl.RaftServerProxy (RaftServerProxy.java:lambda$start$3(299)) - 357e1d52-da6e-4a3f-8c53-892f84a5bd21: start RPC server
2019-09-19 12:13:07,563 [Datanode State Machine Thread - 0] INFO  ozoneimpl.OzoneContainer (OzoneContainer.java:start(217)) - Attempting to start container services.
2019-09-19 12:13:07,575 [Datanode State Machine Thread - 0] INFO  ozoneimpl.OzoneContainer (OzoneContainer.java:startContainerScrub(179)) - Background container scanner has been disabled.
2019-09-19 12:13:07,575 [Datanode State Machine Thread - 0] INFO  ratis.XceiverServerRatis (XceiverServerRatis.java:start(408)) - Starting XceiverServerRatis b758d66f-4695-4f8d-8a5a-f8e44558c557 at port 0
2019-09-19 12:13:07,587 [Datanode State Machine Thread - 0] INFO  impl.RaftServerProxy (RaftServerProxy.java:lambda$start$3(299)) - b758d66f-4695-4f8d-8a5a-f8e44558c557: start RPC server
2019-09-19 12:13:07,638 [Datanode State Machine Thread - 0] INFO  ozoneimpl.OzoneContainer (OzoneContainer.java:start(217)) - Attempting to start container services.
2019-09-19 12:13:07,642 [Datanode State Machine Thread - 0] INFO  ozoneimpl.OzoneContainer (OzoneContainer.java:startContainerScrub(179)) - Background container scanner has been disabled.
2019-09-19 12:13:07,643 [Datanode State Machine Thread - 0] INFO  ratis.XceiverServerRatis (XceiverServerRatis.java:start(408)) - Starting XceiverServerRatis b4461942-ccf8-4c18-8b81-7a511519d752 at port 0
2019-09-19 12:13:07,652 [Datanode State Machine Thread - 0] INFO  impl.RaftServerProxy (RaftServerProxy.java:lambda$start$3(299)) - b4461942-ccf8-4c18-8b81-7a511519d752: start RPC server
2019-09-19 12:13:07,704 [Datanode State Machine Thread - 0] INFO  server.GrpcService (GrpcService.java:startImpl(158)) - b4461942-ccf8-4c18-8b81-7a511519d752: GrpcService started, listening on 0.0.0.0/0.0.0.0:36487
2019-09-19 12:13:07,704 [Datanode State Machine Thread - 0] INFO  server.GrpcService (GrpcService.java:startImpl(158)) - b758d66f-4695-4f8d-8a5a-f8e44558c557: GrpcService started, listening on 0.0.0.0/0.0.0.0:36827
2019-09-19 12:13:07,706 [Datanode State Machine Thread - 0] INFO  ratis.XceiverServerRatis (XceiverServerRatis.java:start(418)) - XceiverServerRatis b4461942-ccf8-4c18-8b81-7a511519d752 is started using port 36487
2019-09-19 12:13:07,704 [Datanode State Machine Thread - 0] INFO  server.GrpcService (GrpcService.java:startImpl(158)) - 357e1d52-da6e-4a3f-8c53-892f84a5bd21: GrpcService started, listening on 0.0.0.0/0.0.0.0:40030
2019-09-19 12:13:07,706 [Datanode State Machine Thread - 0] INFO  ratis.XceiverServerRatis (XceiverServerRatis.java:start(418)) - XceiverServerRatis b758d66f-4695-4f8d-8a5a-f8e44558c557 is started using port 36827
2019-09-19 12:13:07,706 [Datanode State Machine Thread - 0] INFO  ratis.XceiverServerRatis (XceiverServerRatis.java:start(418)) - XceiverServerRatis 357e1d52-da6e-4a3f-8c53-892f84a5bd21 is started using port 40030
2019-09-19 12:13:07,714 [Datanode State Machine Thread - 0] INFO  ozoneimpl.OzoneContainer (OzoneContainer.java:start(217)) - Attempting to start container services.
2019-09-19 12:13:07,714 [Datanode State Machine Thread - 0] INFO  ozoneimpl.OzoneContainer (OzoneContainer.java:startContainerScrub(179)) - Background container scanner has been disabled.
2019-09-19 12:13:07,714 [Datanode State Machine Thread - 0] INFO  server.XceiverServerGrpc (XceiverServerGrpc.java:start(163)) - XceiverServerGrpc 357e1d52-da6e-4a3f-8c53-892f84a5bd21 is started using port 41095
2019-09-19 12:13:07,714 [Datanode State Machine Thread - 0] INFO  server.XceiverServerGrpc (XceiverServerGrpc.java:start(163)) - XceiverServerGrpc b4461942-ccf8-4c18-8b81-7a511519d752 is started using port 37676
2019-09-19 12:13:07,716 [Datanode State Machine Thread - 0] INFO  ratis.XceiverServerRatis (XceiverServerRatis.java:start(408)) - Starting XceiverServerRatis 2f0d8293-e38d-4dd5-8e48-724baf044eb9 at port 0
2019-09-19 12:13:07,716 [Datanode State Machine Thread - 0] INFO  server.XceiverServerGrpc (XceiverServerGrpc.java:start(163)) - XceiverServerGrpc b758d66f-4695-4f8d-8a5a-f8e44558c557 is started using port 44848
2019-09-19 12:13:07,729 [Datanode State Machine Thread - 0] INFO  impl.RaftServerProxy (RaftServerProxy.java:lambda$start$3(299)) - 2f0d8293-e38d-4dd5-8e48-724baf044eb9: start RPC server
2019-09-19 12:13:07,732 [Datanode State Machine Thread - 0] INFO  server.GrpcService (GrpcService.java:startImpl(158)) - 2f0d8293-e38d-4dd5-8e48-724baf044eb9: GrpcService started, listening on 0.0.0.0/0.0.0.0:35940
2019-09-19 12:13:07,732 [Datanode State Machine Thread - 0] INFO  ratis.XceiverServerRatis (XceiverServerRatis.java:start(418)) - XceiverServerRatis 2f0d8293-e38d-4dd5-8e48-724baf044eb9 is started using port 35940
2019-09-19 12:13:07,735 [Datanode State Machine Thread - 0] INFO  server.XceiverServerGrpc (XceiverServerGrpc.java:start(163)) - XceiverServerGrpc 2f0d8293-e38d-4dd5-8e48-724baf044eb9 is started using port 46613
2019-09-19 12:13:07,787 [Datanode State Machine Thread - 0] INFO  ozoneimpl.OzoneContainer (OzoneContainer.java:start(217)) - Attempting to start container services.
2019-09-19 12:13:07,787 [Datanode State Machine Thread - 0] INFO  ozoneimpl.OzoneContainer (OzoneContainer.java:startContainerScrub(179)) - Background container scanner has been disabled.
2019-09-19 12:13:07,787 [Datanode State Machine Thread - 0] INFO  ratis.XceiverServerRatis (XceiverServerRatis.java:start(408)) - Starting XceiverServerRatis 4e6ab8fe-18d2-4f01-9096-1736fef14755 at port 0
2019-09-19 12:13:07,796 [Datanode State Machine Thread - 0] INFO  impl.RaftServerProxy (RaftServerProxy.java:lambda$start$3(299)) - 4e6ab8fe-18d2-4f01-9096-1736fef14755: start RPC server
2019-09-19 12:13:07,800 [Datanode State Machine Thread - 0] INFO  server.GrpcService (GrpcService.java:startImpl(158)) - 4e6ab8fe-18d2-4f01-9096-1736fef14755: GrpcService started, listening on 0.0.0.0/0.0.0.0:40666
2019-09-19 12:13:07,801 [Datanode State Machine Thread - 0] INFO  ratis.XceiverServerRatis (XceiverServerRatis.java:start(418)) - XceiverServerRatis 4e6ab8fe-18d2-4f01-9096-1736fef14755 is started using port 40666
2019-09-19 12:13:07,803 [Datanode State Machine Thread - 0] INFO  server.XceiverServerGrpc (XceiverServerGrpc.java:start(163)) - XceiverServerGrpc 4e6ab8fe-18d2-4f01-9096-1736fef14755 is started using port 34486
2019-09-19 12:13:07,861 [Datanode State Machine Thread - 0] INFO  ozoneimpl.OzoneContainer (OzoneContainer.java:start(217)) - Attempting to start container services.
2019-09-19 12:13:07,862 [Datanode State Machine Thread - 0] INFO  ozoneimpl.OzoneContainer (OzoneContainer.java:startContainerScrub(179)) - Background container scanner has been disabled.
2019-09-19 12:13:07,862 [Datanode State Machine Thread - 0] INFO  ratis.XceiverServerRatis (XceiverServerRatis.java:start(408)) - Starting XceiverServerRatis 0c851e12-ff60-4b3e-9b1f-8a8c210c8764 at port 0
2019-09-19 12:13:07,872 [Datanode State Machine Thread - 0] INFO  impl.RaftServerProxy (RaftServerProxy.java:lambda$start$3(299)) - 0c851e12-ff60-4b3e-9b1f-8a8c210c8764: start RPC server
2019-09-19 12:13:07,876 [Datanode State Machine Thread - 0] INFO  server.GrpcService (GrpcService.java:startImpl(158)) - 0c851e12-ff60-4b3e-9b1f-8a8c210c8764: GrpcService started, listening on 0.0.0.0/0.0.0.0:39311
2019-09-19 12:13:07,876 [Datanode State Machine Thread - 0] INFO  ratis.XceiverServerRatis (XceiverServerRatis.java:start(418)) - XceiverServerRatis 0c851e12-ff60-4b3e-9b1f-8a8c210c8764 is started using port 39311
2019-09-19 12:13:07,881 [Datanode State Machine Thread - 0] INFO  server.XceiverServerGrpc (XceiverServerGrpc.java:start(163)) - XceiverServerGrpc 0c851e12-ff60-4b3e-9b1f-8a8c210c8764 is started using port 41823
2019-09-19 12:13:07,916 [main] INFO  ozone.MiniOzoneClusterImpl (MiniOzoneClusterImpl.java:lambda$waitForClusterToBeReady$0(140)) - Waiting for cluster to be ready. Got 0 of 7 DN Heartbeats.
2019-09-19 12:13:07,932 [Datanode State Machine Thread - 0] INFO  ozoneimpl.OzoneContainer (OzoneContainer.java:start(217)) - Attempting to start container services.
2019-09-19 12:13:07,932 [Datanode State Machine Thread - 0] INFO  ozoneimpl.OzoneContainer (OzoneContainer.java:startContainerScrub(179)) - Background container scanner has been disabled.
2019-09-19 12:13:07,932 [Datanode State Machine Thread - 0] INFO  ratis.XceiverServerRatis (XceiverServerRatis.java:start(408)) - Starting XceiverServerRatis 10e22e81-98cc-454d-8228-400cf28a0b73 at port 0
2019-09-19 12:13:07,941 [Datanode State Machine Thread - 0] INFO  impl.RaftServerProxy (RaftServerProxy.java:lambda$start$3(299)) - 10e22e81-98cc-454d-8228-400cf28a0b73: start RPC server
2019-09-19 12:13:07,945 [Datanode State Machine Thread - 0] INFO  server.GrpcService (GrpcService.java:startImpl(158)) - 10e22e81-98cc-454d-8228-400cf28a0b73: GrpcService started, listening on 0.0.0.0/0.0.0.0:40167
2019-09-19 12:13:07,946 [Datanode State Machine Thread - 0] INFO  ratis.XceiverServerRatis (XceiverServerRatis.java:start(418)) - XceiverServerRatis 10e22e81-98cc-454d-8228-400cf28a0b73 is started using port 40167
2019-09-19 12:13:07,952 [Datanode State Machine Thread - 0] INFO  server.XceiverServerGrpc (XceiverServerGrpc.java:start(163)) - XceiverServerGrpc 10e22e81-98cc-454d-8228-400cf28a0b73 is started using port 40294
2019-09-19 12:13:08,917 [main] INFO  ozone.MiniOzoneClusterImpl (MiniOzoneClusterImpl.java:lambda$waitForClusterToBeReady$0(140)) - Waiting for cluster to be ready. Got 0 of 7 DN Heartbeats.
2019-09-19 12:13:09,500 [IPC Server handler 2 on 43862] INFO  net.NetworkTopology (NetworkTopologyImpl.java:add(110)) - Added a new node: /default-rack/357e1d52-da6e-4a3f-8c53-892f84a5bd21
2019-09-19 12:13:09,500 [IPC Server handler 2 on 43862] INFO  node.SCMNodeManager (SCMNodeManager.java:register(266)) - Registered Data node : 357e1d52-da6e-4a3f-8c53-892f84a5bd21{ip: 192.168.157.252, host: pr-hdds-2153-8htts-3549596055, networkLocation: /default-rack, certSerialId: null}
2019-09-19 12:13:09,507 [EventQueue-NodeRegistrationContainerReportForDataNodeSafeModeRule] INFO  safemode.SCMSafeModeManager (DataNodeSafeModeRule.java:process(71)) - SCM in safe mode. 1 DataNodes registered, 1 required.
2019-09-19 12:13:09,510 [EventQueue-NodeRegistrationContainerReportForDataNodeSafeModeRule] INFO  safemode.SCMSafeModeManager (SCMSafeModeManager.java:validateSafeModeExitRules(177)) - ScmSafeModeManager, all rules are successfully validated
2019-09-19 12:13:09,510 [EventQueue-NodeRegistrationContainerReportForDataNodeSafeModeRule] INFO  safemode.SCMSafeModeManager (SCMSafeModeManager.java:exitSafeMode(193)) - SCM exiting safe mode.
2019-09-19 12:13:09,547 [IPC Server handler 3 on 43862] INFO  net.NetworkTopology (NetworkTopologyImpl.java:add(110)) - Added a new node: /default-rack/b758d66f-4695-4f8d-8a5a-f8e44558c557
2019-09-19 12:13:09,547 [IPC Server handler 3 on 43862] INFO  node.SCMNodeManager (SCMNodeManager.java:register(266)) - Registered Data node : b758d66f-4695-4f8d-8a5a-f8e44558c557{ip: 192.168.157.252, host: pr-hdds-2153-8htts-3549596055, networkLocation: /default-rack, certSerialId: null}
2019-09-19 12:13:09,628 [IPC Server handler 6 on 43862] INFO  net.NetworkTopology (NetworkTopologyImpl.java:add(110)) - Added a new node: /default-rack/b4461942-ccf8-4c18-8b81-7a511519d752
2019-09-19 12:13:09,628 [IPC Server handler 6 on 43862] INFO  node.SCMNodeManager (SCMNodeManager.java:register(266)) - Registered Data node : b4461942-ccf8-4c18-8b81-7a511519d752{ip: 192.168.157.252, host: pr-hdds-2153-8htts-3549596055, networkLocation: /default-rack, certSerialId: null}
2019-09-19 12:13:09,702 [IPC Server handler 4 on 43862] INFO  net.NetworkTopology (NetworkTopologyImpl.java:add(110)) - Added a new node: /default-rack/2f0d8293-e38d-4dd5-8e48-724baf044eb9
2019-09-19 12:13:09,703 [IPC Server handler 4 on 43862] INFO  node.SCMNodeManager (SCMNodeManager.java:register(266)) - Registered Data node : 2f0d8293-e38d-4dd5-8e48-724baf044eb9{ip: 192.168.157.252, host: pr-hdds-2153-8htts-3549596055, networkLocation: /default-rack, certSerialId: null}
2019-09-19 12:13:09,773 [IPC Server handler 7 on 43862] INFO  net.NetworkTopology (NetworkTopologyImpl.java:add(110)) - Added a new node: /default-rack/4e6ab8fe-18d2-4f01-9096-1736fef14755
2019-09-19 12:13:09,773 [IPC Server handler 7 on 43862] INFO  node.SCMNodeManager (SCMNodeManager.java:register(266)) - Registered Data node : 4e6ab8fe-18d2-4f01-9096-1736fef14755{ip: 192.168.157.252, host: pr-hdds-2153-8htts-3549596055, networkLocation: /default-rack, certSerialId: null}
2019-09-19 12:13:09,846 [IPC Server handler 0 on 43862] INFO  net.NetworkTopology (NetworkTopologyImpl.java:add(110)) - Added a new node: /default-rack/0c851e12-ff60-4b3e-9b1f-8a8c210c8764
2019-09-19 12:13:09,846 [IPC Server handler 0 on 43862] INFO  node.SCMNodeManager (SCMNodeManager.java:register(266)) - Registered Data node : 0c851e12-ff60-4b3e-9b1f-8a8c210c8764{ip: 192.168.157.252, host: pr-hdds-2153-8htts-3549596055, networkLocation: /default-rack, certSerialId: null}
2019-09-19 12:13:09,921 [main] INFO  ozone.MiniOzoneClusterImpl (MiniOzoneClusterImpl.java:lambda$waitForClusterToBeReady$0(140)) - Waiting for cluster to be ready. Got 6 of 7 DN Heartbeats.
2019-09-19 12:13:09,925 [IPC Server handler 2 on 43862] INFO  net.NetworkTopology (NetworkTopologyImpl.java:add(110)) - Added a new node: /default-rack/10e22e81-98cc-454d-8228-400cf28a0b73
2019-09-19 12:13:09,925 [IPC Server handler 2 on 43862] INFO  node.SCMNodeManager (SCMNodeManager.java:register(266)) - Registered Data node : 10e22e81-98cc-454d-8228-400cf28a0b73{ip: 192.168.157.252, host: pr-hdds-2153-8htts-3549596055, networkLocation: /default-rack, certSerialId: null}
2019-09-19 12:13:10,102 [grpc-default-executor-0] INFO  impl.RaftServerProxy (RaftServerProxy.java:addNew(89)) - 357e1d52-da6e-4a3f-8c53-892f84a5bd21: addNew group-D4D39907556F:[357e1d52-da6e-4a3f-8c53-892f84a5bd21:192.168.157.252:40030] returns group-D4D39907556F:java.util.concurrent.CompletableFuture@39a719c5[Not completed]
2019-09-19 12:13:10,127 [pool-27-thread-1] INFO  impl.RaftServerImpl (RaftServerImpl.java:<init>(95)) - 357e1d52-da6e-4a3f-8c53-892f84a5bd21: new RaftServerImpl for group-D4D39907556F:[357e1d52-da6e-4a3f-8c53-892f84a5bd21:192.168.157.252:40030] with ContainerStateMachine:uninitialized
2019-09-19 12:13:10,129 [pool-27-thread-1] INFO  server.RaftServerConfigKeys (ConfUtils.java:logGet(43)) - raft.server.rpc.timeout.min = 5s (custom)
2019-09-19 12:13:10,132 [pool-27-thread-1] INFO  server.RaftServerConfigKeys (ConfUtils.java:logGet(43)) - raft.server.rpc.timeout.max = 5200ms (custom)
2019-09-19 12:13:10,132 [pool-27-thread-1] INFO  server.RaftServerConfigKeys (ConfUtils.java:logGet(43)) - raft.server.rpcslowness.timeout = 120s (custom)
2019-09-19 12:13:10,133 [pool-27-thread-1] INFO  server.RaftServerConfigKeys (ConfUtils.java:logGet(43)) - raft.server.sleep.deviation.threshold = 300 (default)
2019-09-19 12:13:10,134 [pool-27-thread-1] INFO  server.RaftServerConfigKeys (ConfUtils.java:logGet(43)) - raft.server.log.appender.install.snapshot.enabled = false (custom)
2019-09-19 12:13:10,145 [pool-27-thread-1] INFO  impl.RaftServerImpl (ServerState.java:<init>(103)) - 357e1d52-da6e-4a3f-8c53-892f84a5bd21@group-D4D39907556F: ConfigurationManager, init=-1: [357e1d52-da6e-4a3f-8c53-892f84a5bd21:192.168.157.252:40030], old=null, confs=<EMPTY_MAP>
2019-09-19 12:13:10,145 [pool-27-thread-1] INFO  server.RaftServerConfigKeys (ConfUtils.java:logGet(43)) - raft.server.storage.dir = [/workdir/hadoop-ozone/integration-test/target/test-dir/MiniOzoneClusterImpl-e0c4f6c0-f9e5-4c6e-8d6a-9a7c93045680/datanode-0/data/ratis] (custom)
2019-09-19 12:13:10,155 [pool-27-thread-1] INFO  storage.RaftStorageDirectory (RaftStorageDirectory.java:analyzeStorage(246)) - The storage directory /workdir/hadoop-ozone/integration-test/target/test-dir/MiniOzoneClusterImpl-e0c4f6c0-f9e5-4c6e-8d6a-9a7c93045680/datanode-0/data/ratis/c0282bcc-d9f6-42ac-8395-d4d39907556f does not exist. Creating ...
2019-09-19 12:13:10,173 [pool-27-thread-1] INFO  storage.RaftStorageDirectory (RaftStorageDirectory.java:tryLock(328)) - Lock on /workdir/hadoop-ozone/integration-test/target/test-dir/MiniOzoneClusterImpl-e0c4f6c0-f9e5-4c6e-8d6a-9a7c93045680/datanode-0/data/ratis/c0282bcc-d9f6-42ac-8395-d4d39907556f/in_use.lock acquired by nodename 8246@pr-hdds-2153-8htts-3549596055
2019-09-19 12:13:10,189 [pool-27-thread-1] INFO  storage.RaftStorage (RaftStorage.java:format(72)) - Storage directory /workdir/hadoop-ozone/integration-test/target/test-dir/MiniOzoneClusterImpl-e0c4f6c0-f9e5-4c6e-8d6a-9a7c93045680/datanode-0/data/ratis/c0282bcc-d9f6-42ac-8395-d4d39907556f has been successfully formatted.
2019-09-19 12:13:10,191 [pool-27-thread-1] INFO  ratis.ContainerStateMachine (ContainerStateMachine.java:loadSnapshot(230)) - group-D4D39907556F: The snapshot info is null. Setting the last applied indexto:(t:0, i:~)
2019-09-19 12:13:10,192 [pool-27-thread-1] INFO  server.RaftServerConfigKeys (ConfUtils.java:logGet(43)) - raft.server.notification.no-leader.timeout = 120s (custom)
2019-09-19 12:13:10,194 [pool-27-thread-1] INFO  server.RaftServerConfigKeys (ConfUtils.java:logGet(43)) - raft.server.log.use.memory = false (default)
2019-09-19 12:13:10,200 [pool-27-thread-1] INFO  server.RaftServerConfigKeys (ConfUtils.java:logGet(43)) - raft.server.log.purge.gap = 1000000 (custom)
2019-09-19 12:13:10,201 [pool-27-thread-1] INFO  server.RaftServerConfigKeys (ConfUtils.java:logGet(43)) - raft.server.log.appender.buffer.byte-limit = 33554432 (custom)
2019-09-19 12:13:10,203 [pool-27-thread-1] INFO  server.RaftServerConfigKeys (ConfUtils.java:logGet(43)) - raft.server.log.segment.size.max = 1048576 (custom)
2019-09-19 12:13:10,207 [pool-27-thread-1] INFO  server.RaftServerConfigKeys (ConfUtils.java:logGet(43)) - raft.server.log.segment.cache.num.max = 2 (custom)
2019-09-19 12:13:10,213 [pool-27-thread-1] INFO  segmented.SegmentedRaftLogWorker (SegmentedRaftLogWorker.java:<init>(172)) - new 357e1d52-da6e-4a3f-8c53-892f84a5bd21@group-D4D39907556F-SegmentedRaftLogWorker for RaftStorage:Storage Directory /workdir/hadoop-ozone/integration-test/target/test-dir/MiniOzoneClusterImpl-e0c4f6c0-f9e5-4c6e-8d6a-9a7c93045680/datanode-0/data/ratis/c0282bcc-d9f6-42ac-8395-d4d39907556f
2019-09-19 12:13:10,214 [pool-27-thread-1] INFO  impl.MetricsSystemImpl (MetricsSystemImpl.java:init(158)) - ratis metrics system started (again)
2019-09-19 12:13:10,253 [pool-27-thread-1] INFO  server.RaftServerConfigKeys (ConfUtils.java:logGet(43)) - raft.server.log.queue.byte-limit = 2147483647 (custom)
2019-09-19 12:13:10,254 [pool-27-thread-1] INFO  server.RaftServerConfigKeys (ConfUtils.java:logGet(43)) - raft.server.log.queue.element-limit = 1024 (custom)
2019-09-19 12:13:10,257 [pool-27-thread-1] INFO  server.RaftServerConfigKeys (ConfUtils.java:logGet(43)) - raft.server.log.segment.size.max = 1048576 (custom)
2019-09-19 12:13:10,257 [pool-27-thread-1] INFO  server.RaftServerConfigKeys (ConfUtils.java:logGet(43)) - raft.server.log.preallocated.size = 16384 (custom)
2019-09-19 12:13:10,258 [pool-27-thread-1] INFO  server.RaftServerConfigKeys (ConfUtils.java:logGet(43)) - raft.server.log.write.buffer.size = 33554432 (custom)
2019-09-19 12:13:10,258 [pool-27-thread-1] INFO  server.RaftServerConfigKeys (ConfUtils.java:logGet(43)) - raft.server.log.force.sync.num = 128 (default)
2019-09-19 12:13:10,259 [pool-27-thread-1] INFO  server.RaftServerConfigKeys (ConfUtils.java:logGet(43)) - raft.server.log.statemachine.data.sync = true (default)
2019-09-19 12:13:10,259 [pool-27-thread-1] INFO  server.RaftServerConfigKeys (ConfUtils.java:logGet(43)) - raft.server.log.statemachine.data.sync.timeout = 10s (default)
2019-09-19 12:13:10,260 [pool-27-thread-1] INFO  server.RaftServerConfigKeys (ConfUtils.java:logGet(43)) - raft.server.log.statemachine.data.sync.timeout.retry = -1 (default)
2019-09-19 12:13:10,268 [pool-27-thread-1] INFO  server.RaftServerConfigKeys (ConfUtils.java:logGet(43)) - raft.server.log.statemachine.data.caching.enabled = true (custom)
2019-09-19 12:13:10,273 [pool-27-thread-1] INFO  segmented.SegmentedRaftLogWorker (SegmentedRaftLogWorker.java:lambda$new$0(132)) - 357e1d52-da6e-4a3f-8c53-892f84a5bd21@group-D4D39907556F-SegmentedRaftLogWorker: flushIndex: setUnconditionally 0 -> -1
2019-09-19 12:13:10,277 [pool-27-thread-1] INFO  server.RaftServerConfigKeys (ConfUtils.java:logGet(43)) - raft.server.snapshot.auto.trigger.enabled = true (custom)
2019-09-19 12:13:10,278 [pool-27-thread-1] INFO  server.RaftServerConfigKeys (ConfUtils.java:logGet(43)) - raft.server.snapshot.auto.trigger.threshold = 10000 (custom)
2019-09-19 12:13:10,279 [pool-27-thread-1] INFO  server.RaftServerConfigKeys (ConfUtils.java:logGet(43)) - raft.server.snapshot.retention.num.files = -1 (default)
2019-09-19 12:13:10,279 [pool-27-thread-1] INFO  server.RaftServerConfigKeys (ConfUtils.java:logGet(43)) - raft.server.retrycache.expirytime = 600000ms (custom)
2019-09-19 12:13:10,306 [pool-27-thread-1] INFO  impl.RaftServerImpl (RaftServerImpl.java:start(185)) - 357e1d52-da6e-4a3f-8c53-892f84a5bd21@group-D4D39907556F: start as a follower, conf=-1: [357e1d52-da6e-4a3f-8c53-892f84a5bd21:192.168.157.252:40030], old=null
2019-09-19 12:13:10,307 [pool-27-thread-1] INFO  impl.RaftServerImpl (RaftServerImpl.java:setRole(174)) - 357e1d52-da6e-4a3f-8c53-892f84a5bd21@group-D4D39907556F: changes role from      null to FOLLOWER at term 0 for startAsFollower
2019-09-19 12:13:10,308 [pool-27-thread-1] INFO  impl.RoleInfo (RoleInfo.java:updateAndGet(143)) - 357e1d52-da6e-4a3f-8c53-892f84a5bd21: start FollowerState
2019-09-19 12:13:10,309 [pool-27-thread-1] INFO  util.JmxRegister (JmxRegister.java:tryRegister(44)) - Successfully registered JMX Bean with object name Ratis:service=RaftServer,group=group-D4D39907556F,id=357e1d52-da6e-4a3f-8c53-892f84a5bd21
2019-09-19 12:13:10,387 [RatisPipelineUtilsThread] INFO  pipeline.PipelineStateManager (PipelineStateManager.java:addPipeline(56)) - Created pipeline Pipeline[ Id: c0282bcc-d9f6-42ac-8395-d4d39907556f, Nodes: 357e1d52-da6e-4a3f-8c53-892f84a5bd21{ip: 192.168.157.252, host: pr-hdds-2153-8htts-3549596055, networkLocation: /default-rack, certSerialId: null}, Type:RATIS, Factor:ONE, State:OPEN]
2019-09-19 12:13:10,423 [grpc-default-executor-0] INFO  impl.RaftServerProxy (RaftServerProxy.java:addNew(89)) - 0c851e12-ff60-4b3e-9b1f-8a8c210c8764: addNew group-F24DCE5B0E18:[0c851e12-ff60-4b3e-9b1f-8a8c210c8764:192.168.157.252:39311] returns group-F24DCE5B0E18:java.util.concurrent.CompletableFuture@3b7b8a0c[Not completed]
2019-09-19 12:13:10,484 [pool-77-thread-1] INFO  impl.RaftServerImpl (RaftServerImpl.java:<init>(95)) - 0c851e12-ff60-4b3e-9b1f-8a8c210c8764: new RaftServerImpl for group-F24DCE5B0E18:[0c851e12-ff60-4b3e-9b1f-8a8c210c8764:192.168.157.252:39311] with ContainerStateMachine:uninitialized
2019-09-19 12:13:10,486 [pool-77-thread-1] INFO  server.RaftServerConfigKeys (ConfUtils.java:logGet(43)) - raft.server.rpc.timeout.min = 5s (custom)
2019-09-19 12:13:10,486 [pool-77-thread-1] INFO  server.RaftServerConfigKeys (ConfUtils.java:logGet(43)) - raft.server.rpc.timeout.max = 5200ms (custom)
2019-09-19 12:13:10,486 [pool-77-thread-1] INFO  server.RaftServerConfigKeys (ConfUtils.java:logGet(43)) - raft.server.rpcslowness.timeout = 120s (custom)
2019-09-19 12:13:10,486 [pool-77-thread-1] INFO  server.RaftServerConfigKeys (ConfUtils.java:logGet(43)) - raft.server.sleep.deviation.threshold = 300 (default)
2019-09-19 12:13:10,487 [pool-77-thread-1] INFO  server.RaftServerConfigKeys (ConfUtils.java:logGet(43)) - raft.server.log.appender.install.snapshot.enabled = false (custom)
2019-09-19 12:13:10,487 [pool-77-thread-1] INFO  impl.RaftServerImpl (ServerState.java:<init>(103)) - 0c851e12-ff60-4b3e-9b1f-8a8c210c8764@group-F24DCE5B0E18: ConfigurationManager, init=-1: [0c851e12-ff60-4b3e-9b1f-8a8c210c8764:192.168.157.252:39311], old=null, confs=<EMPTY_MAP>
2019-09-19 12:13:10,487 [pool-77-thread-1] INFO  server.RaftServerConfigKeys (ConfUtils.java:logGet(43)) - raft.server.storage.dir = [/workdir/hadoop-ozone/integration-test/target/test-dir/MiniOzoneClusterImpl-e0c4f6c0-f9e5-4c6e-8d6a-9a7c93045680/datanode-5/data/ratis] (custom)
2019-09-19 12:13:10,488 [pool-77-thread-1] INFO  storage.RaftStorageDirectory (RaftStorageDirectory.java:analyzeStorage(246)) - The storage directory /workdir/hadoop-ozone/integration-test/target/test-dir/MiniOzoneClusterImpl-e0c4f6c0-f9e5-4c6e-8d6a-9a7c93045680/datanode-5/data/ratis/db15dd7a-f300-4c06-89e6-f24dce5b0e18 does not exist. Creating ...
2019-09-19 12:13:10,502 [pool-77-thread-1] INFO  storage.RaftStorageDirectory (RaftStorageDirectory.java:tryLock(328)) - Lock on /workdir/hadoop-ozone/integration-test/target/test-dir/MiniOzoneClusterImpl-e0c4f6c0-f9e5-4c6e-8d6a-9a7c93045680/datanode-5/data/ratis/db15dd7a-f300-4c06-89e6-f24dce5b0e18/in_use.lock acquired by nodename 8246@pr-hdds-2153-8htts-3549596055
2019-09-19 12:13:10,516 [pool-77-thread-1] INFO  storage.RaftStorage (RaftStorage.java:format(72)) - Storage directory /workdir/hadoop-ozone/integration-test/target/test-dir/MiniOzoneClusterImpl-e0c4f6c0-f9e5-4c6e-8d6a-9a7c93045680/datanode-5/data/ratis/db15dd7a-f300-4c06-89e6-f24dce5b0e18 has been successfully formatted.
2019-09-19 12:13:10,518 [pool-77-thread-1] INFO  ratis.ContainerStateMachine (ContainerStateMachine.java:loadSnapshot(230)) - group-F24DCE5B0E18: The snapshot info is null. Setting the last applied indexto:(t:0, i:~)
2019-09-19 12:13:10,520 [pool-77-thread-1] INFO  server.RaftServerConfigKeys (ConfUtils.java:logGet(43)) - raft.server.notification.no-leader.timeout = 120s (custom)
2019-09-19 12:13:10,520 [pool-77-thread-1] INFO  server.RaftServerConfigKeys (ConfUtils.java:logGet(43)) - raft.server.log.use.memory = false (default)
2019-09-19 12:13:10,520 [pool-77-thread-1] INFO  server.RaftServerConfigKeys (ConfUtils.java:logGet(43)) - raft.server.log.purge.gap = 1000000 (custom)
2019-09-19 12:13:10,520 [pool-77-thread-1] INFO  server.RaftServerConfigKeys (ConfUtils.java:logGet(43)) - raft.server.log.appender.buffer.byte-limit = 33554432 (custom)
2019-09-19 12:13:10,520 [pool-77-thread-1] INFO  server.RaftServerConfigKeys (ConfUtils.java:logGet(43)) - raft.server.log.segment.size.max = 1048576 (custom)
2019-09-19 12:13:10,521 [pool-77-thread-1] INFO  server.RaftServerConfigKeys (ConfUtils.java:logGet(43)) - raft.server.log.segment.cache.num.max = 2 (custom)
2019-09-19 12:13:10,521 [pool-77-thread-1] INFO  segmented.SegmentedRaftLogWorker (SegmentedRaftLogWorker.java:<init>(172)) - new 0c851e12-ff60-4b3e-9b1f-8a8c210c8764@group-F24DCE5B0E18-SegmentedRaftLogWorker for RaftStorage:Storage Directory /workdir/hadoop-ozone/integration-test/target/test-dir/MiniOzoneClusterImpl-e0c4f6c0-f9e5-4c6e-8d6a-9a7c93045680/datanode-5/data/ratis/db15dd7a-f300-4c06-89e6-f24dce5b0e18
2019-09-19 12:13:10,528 [pool-77-thread-1] INFO  server.RaftServerConfigKeys (ConfUtils.java:logGet(43)) - raft.server.log.queue.byte-limit = 2147483647 (custom)
2019-09-19 12:13:10,528 [pool-77-thread-1] INFO  server.RaftServerConfigKeys (ConfUtils.java:logGet(43)) - raft.server.log.queue.element-limit = 1024 (custom)
2019-09-19 12:13:10,528 [pool-77-thread-1] INFO  server.RaftServerConfigKeys (ConfUtils.java:logGet(43)) - raft.server.log.segment.size.max = 1048576 (custom)
2019-09-19 12:13:10,528 [pool-77-thread-1] INFO  server.RaftServerConfigKeys (ConfUtils.java:logGet(43)) - raft.server.log.preallocated.size = 16384 (custom)
2019-09-19 12:13:10,528 [pool-77-thread-1] INFO  server.RaftServerConfigKeys (ConfUtils.java:logGet(43)) - raft.server.log.write.buffer.size = 33554432 (custom)
2019-09-19 12:13:10,528 [pool-77-thread-1] INFO  server.RaftServerConfigKeys (ConfUtils.java:logGet(43)) - raft.server.log.force.sync.num = 128 (default)
2019-09-19 12:13:10,529 [pool-77-thread-1] INFO  server.RaftServerConfigKeys (ConfUtils.java:logGet(43)) - raft.server.log.statemachine.data.sync = true (default)
2019-09-19 12:13:10,529 [pool-77-thread-1] INFO  server.RaftServerConfigKeys (ConfUtils.java:logGet(43)) - raft.server.log.statemachine.data.sync.timeout = 10s (default)
2019-09-19 12:13:10,529 [pool-77-thread-1] INFO  server.RaftServerConfigKeys (ConfUtils.java:logGet(43)) - raft.server.log.statemachine.data.sync.timeout.retry = -1 (default)
2019-09-19 12:13:10,529 [pool-77-thread-1] INFO  server.RaftServerConfigKeys (ConfUtils.java:logGet(43)) - raft.server.log.statemachine.data.caching.enabled = true (custom)
2019-09-19 12:13:10,530 [pool-77-thread-1] INFO  segmented.SegmentedRaftLogWorker (SegmentedRaftLogWorker.java:lambda$new$0(132)) - 0c851e12-ff60-4b3e-9b1f-8a8c210c8764@group-F24DCE5B0E18-SegmentedRaftLogWorker: flushIndex: setUnconditionally 0 -> -1
2019-09-19 12:13:10,530 [pool-77-thread-1] INFO  server.RaftServerConfigKeys (ConfUtils.java:logGet(43)) - raft.server.snapshot.auto.trigger.enabled = true (custom)
2019-09-19 12:13:10,530 [pool-77-thread-1] INFO  server.RaftServerConfigKeys (ConfUtils.java:logGet(43)) - raft.server.snapshot.auto.trigger.threshold = 10000 (custom)
2019-09-19 12:13:10,530 [pool-77-thread-1] INFO  server.RaftServerConfigKeys (ConfUtils.java:logGet(43)) - raft.server.snapshot.retention.num.files = -1 (default)
2019-09-19 12:13:10,530 [pool-77-thread-1] INFO  server.RaftServerConfigKeys (ConfUtils.java:logGet(43)) - raft.server.retrycache.expirytime = 600000ms (custom)
2019-09-19 12:13:10,535 [pool-77-thread-1] INFO  impl.RaftServerImpl (RaftServerImpl.java:start(185)) - 0c851e12-ff60-4b3e-9b1f-8a8c210c8764@group-F24DCE5B0E18: start as a follower, conf=-1: [0c851e12-ff60-4b3e-9b1f-8a8c210c8764:192.168.157.252:39311], old=null
2019-09-19 12:13:10,536 [pool-77-thread-1] INFO  impl.RaftServerImpl (RaftServerImpl.java:setRole(174)) - 0c851e12-ff60-4b3e-9b1f-8a8c210c8764@group-F24DCE5B0E18: changes role from      null to FOLLOWER at term 0 for startAsFollower
2019-09-19 12:13:10,536 [pool-77-thread-1] INFO  impl.RoleInfo (RoleInfo.java:updateAndGet(143)) - 0c851e12-ff60-4b3e-9b1f-8a8c210c8764: start FollowerState
2019-09-19 12:13:10,538 [pool-77-thread-1] INFO  util.JmxRegister (JmxRegister.java:tryRegister(44)) - Successfully registered JMX Bean with object name Ratis:service=RaftServer,group=group-F24DCE5B0E18,id=0c851e12-ff60-4b3e-9b1f-8a8c210c8764
2019-09-19 12:13:10,555 [RatisPipelineUtilsThread] INFO  pipeline.PipelineStateManager (PipelineStateManager.java:addPipeline(56)) - Created pipeline Pipeline[ Id: db15dd7a-f300-4c06-89e6-f24dce5b0e18, Nodes: 0c851e12-ff60-4b3e-9b1f-8a8c210c8764{ip: 192.168.157.252, host: pr-hdds-2153-8htts-3549596055, networkLocation: /default-rack, certSerialId: null}, Type:RATIS, Factor:ONE, State:OPEN]
2019-09-19 12:13:10,594 [grpc-default-executor-0] INFO  impl.RaftServerProxy (RaftServerProxy.java:addNew(89)) - 4e6ab8fe-18d2-4f01-9096-1736fef14755: addNew group-31890C3FFF26:[4e6ab8fe-18d2-4f01-9096-1736fef14755:192.168.157.252:40666] returns group-31890C3FFF26:java.util.concurrent.CompletableFuture@2793fbd0[Not completed]
2019-09-19 12:13:10,639 [pool-67-thread-1] INFO  impl.RaftServerImpl (RaftServerImpl.java:<init>(95)) - 4e6ab8fe-18d2-4f01-9096-1736fef14755: new RaftServerImpl for group-31890C3FFF26:[4e6ab8fe-18d2-4f01-9096-1736fef14755:192.168.157.252:40666] with ContainerStateMachine:uninitialized
2019-09-19 12:13:10,640 [pool-67-thread-1] INFO  server.RaftServerConfigKeys (ConfUtils.java:logGet(43)) - raft.server.rpc.timeout.min = 5s (custom)
2019-09-19 12:13:10,640 [pool-67-thread-1] INFO  server.RaftServerConfigKeys (ConfUtils.java:logGet(43)) - raft.server.rpc.timeout.max = 5200ms (custom)
2019-09-19 12:13:10,640 [pool-67-thread-1] INFO  server.RaftServerConfigKeys (ConfUtils.java:logGet(43)) - raft.server.rpcslowness.timeout = 120s (custom)
2019-09-19 12:13:10,640 [pool-67-thread-1] INFO  server.RaftServerConfigKeys (ConfUtils.java:logGet(43)) - raft.server.sleep.deviation.threshold = 300 (default)
2019-09-19 12:13:10,640 [pool-67-thread-1] INFO  server.RaftServerConfigKeys (ConfUtils.java:logGet(43)) - raft.server.log.appender.install.snapshot.enabled = false (custom)
2019-09-19 12:13:10,640 [pool-67-thread-1] INFO  impl.RaftServerImpl (ServerState.java:<init>(103)) - 4e6ab8fe-18d2-4f01-9096-1736fef14755@group-31890C3FFF26: ConfigurationManager, init=-1: [4e6ab8fe-18d2-4f01-9096-1736fef14755:192.168.157.252:40666], old=null, confs=<EMPTY_MAP>
2019-09-19 12:13:10,641 [pool-67-thread-1] INFO  server.RaftServerConfigKeys (ConfUtils.java:logGet(43)) - raft.server.storage.dir = [/workdir/hadoop-ozone/integration-test/target/test-dir/MiniOzoneClusterImpl-e0c4f6c0-f9e5-4c6e-8d6a-9a7c93045680/datanode-4/data/ratis] (custom)
2019-09-19 12:13:10,641 [pool-67-thread-1] INFO  storage.RaftStorageDirectory (RaftStorageDirectory.java:analyzeStorage(246)) - The storage directory /workdir/hadoop-ozone/integration-test/target/test-dir/MiniOzoneClusterImpl-e0c4f6c0-f9e5-4c6e-8d6a-9a7c93045680/datanode-4/data/ratis/2cb5e496-3e6b-4cb6-b9bb-31890c3fff26 does not exist. Creating ...
2019-09-19 12:13:10,655 [pool-67-thread-1] INFO  storage.RaftStorageDirectory (RaftStorageDirectory.java:tryLock(328)) - Lock on /workdir/hadoop-ozone/integration-test/target/test-dir/MiniOzoneClusterImpl-e0c4f6c0-f9e5-4c6e-8d6a-9a7c93045680/datanode-4/data/ratis/2cb5e496-3e6b-4cb6-b9bb-31890c3fff26/in_use.lock acquired by nodename 8246@pr-hdds-2153-8htts-3549596055
2019-09-19 12:13:10,668 [pool-67-thread-1] INFO  storage.RaftStorage (RaftStorage.java:format(72)) - Storage directory /workdir/hadoop-ozone/integration-test/target/test-dir/MiniOzoneClusterImpl-e0c4f6c0-f9e5-4c6e-8d6a-9a7c93045680/datanode-4/data/ratis/2cb5e496-3e6b-4cb6-b9bb-31890c3fff26 has been successfully formatted.
2019-09-19 12:13:10,668 [pool-67-thread-1] INFO  ratis.ContainerStateMachine (ContainerStateMachine.java:loadSnapshot(230)) - group-31890C3FFF26: The snapshot info is null. Setting the last applied indexto:(t:0, i:~)
2019-09-19 12:13:10,668 [pool-67-thread-1] INFO  server.RaftServerConfigKeys (ConfUtils.java:logGet(43)) - raft.server.notification.no-leader.timeout = 120s (custom)
2019-09-19 12:13:10,668 [pool-67-thread-1] INFO  server.RaftServerConfigKeys (ConfUtils.java:logGet(43)) - raft.server.log.use.memory = false (default)
2019-09-19 12:13:10,668 [pool-67-thread-1] INFO  server.RaftServerConfigKeys (ConfUtils.java:logGet(43)) - raft.server.log.purge.gap = 1000000 (custom)
2019-09-19 12:13:10,669 [pool-67-thread-1] INFO  server.RaftServerConfigKeys (ConfUtils.java:logGet(43)) - raft.server.log.appender.buffer.byte-limit = 33554432 (custom)
2019-09-19 12:13:10,669 [pool-67-thread-1] INFO  server.RaftServerConfigKeys (ConfUtils.java:logGet(43)) - raft.server.log.segment.size.max = 1048576 (custom)
2019-09-19 12:13:10,669 [pool-67-thread-1] INFO  server.RaftServerConfigKeys (ConfUtils.java:logGet(43)) - raft.server.log.segment.cache.num.max = 2 (custom)
2019-09-19 12:13:10,669 [pool-67-thread-1] INFO  segmented.SegmentedRaftLogWorker (SegmentedRaftLogWorker.java:<init>(172)) - new 4e6ab8fe-18d2-4f01-9096-1736fef14755@group-31890C3FFF26-SegmentedRaftLogWorker for RaftStorage:Storage Directory /workdir/hadoop-ozone/integration-test/target/test-dir/MiniOzoneClusterImpl-e0c4f6c0-f9e5-4c6e-8d6a-9a7c93045680/datanode-4/data/ratis/2cb5e496-3e6b-4cb6-b9bb-31890c3fff26
2019-09-19 12:13:10,705 [pool-67-thread-1] INFO  server.RaftServerConfigKeys (ConfUtils.java:logGet(43)) - raft.server.log.queue.byte-limit = 2147483647 (custom)
2019-09-19 12:13:10,706 [pool-67-thread-1] INFO  server.RaftServerConfigKeys (ConfUtils.java:logGet(43)) - raft.server.log.queue.element-limit = 1024 (custom)
2019-09-19 12:13:10,706 [pool-67-thread-1] INFO  server.RaftServerConfigKeys (ConfUtils.java:logGet(43)) - raft.server.log.segment.size.max = 1048576 (custom)
2019-09-19 12:13:10,706 [pool-67-thread-1] INFO  server.RaftServerConfigKeys (ConfUtils.java:logGet(43)) - raft.server.log.preallocated.size = 16384 (custom)
2019-09-19 12:13:10,706 [pool-67-thread-1] INFO  server.RaftServerConfigKeys (ConfUtils.java:logGet(43)) - raft.server.log.write.buffer.size = 33554432 (custom)
2019-09-19 12:13:10,706 [pool-67-thread-1] INFO  server.RaftServerConfigKeys (ConfUtils.java:logGet(43)) - raft.server.log.force.sync.num = 128 (default)
2019-09-19 12:13:10,706 [pool-67-thread-1] INFO  server.RaftServerConfigKeys (ConfUtils.java:logGet(43)) - raft.server.log.statemachine.data.sync = true (default)
2019-09-19 12:13:10,707 [pool-67-thread-1] INFO  server.RaftServerConfigKeys (ConfUtils.java:logGet(43)) - raft.server.log.statemachine.data.sync.timeout = 10s (default)
2019-09-19 12:13:10,707 [pool-67-thread-1] INFO  server.RaftServerConfigKeys (ConfUtils.java:logGet(43)) - raft.server.log.statemachine.data.sync.timeout.retry = -1 (default)
2019-09-19 12:13:10,707 [pool-67-thread-1] INFO  server.RaftServerConfigKeys (ConfUtils.java:logGet(43)) - raft.server.log.statemachine.data.caching.enabled = true (custom)
2019-09-19 12:13:10,707 [pool-67-thread-1] INFO  segmented.SegmentedRaftLogWorker (SegmentedRaftLogWorker.java:lambda$new$0(132)) - 4e6ab8fe-18d2-4f01-9096-1736fef14755@group-31890C3FFF26-SegmentedRaftLogWorker: flushIndex: setUnconditionally 0 -> -1
2019-09-19 12:13:10,708 [pool-67-thread-1] INFO  server.RaftServerConfigKeys (ConfUtils.java:logGet(43)) - raft.server.snapshot.auto.trigger.enabled = true (custom)
2019-09-19 12:13:10,708 [pool-67-thread-1] INFO  server.RaftServerConfigKeys (ConfUtils.java:logGet(43)) - raft.server.snapshot.auto.trigger.threshold = 10000 (custom)
2019-09-19 12:13:10,708 [pool-67-thread-1] INFO  server.RaftServerConfigKeys (ConfUtils.java:logGet(43)) - raft.server.snapshot.retention.num.files = -1 (default)
2019-09-19 12:13:10,708 [pool-67-thread-1] INFO  server.RaftServerConfigKeys (ConfUtils.java:logGet(43)) - raft.server.retrycache.expirytime = 600000ms (custom)
2019-09-19 12:13:10,713 [pool-67-thread-1] INFO  impl.RaftServerImpl (RaftServerImpl.java:start(185)) - 4e6ab8fe-18d2-4f01-9096-1736fef14755@group-31890C3FFF26: start as a follower, conf=-1: [4e6ab8fe-18d2-4f01-9096-1736fef14755:192.168.157.252:40666], old=null
2019-09-19 12:13:10,713 [pool-67-thread-1] INFO  impl.RaftServerImpl (RaftServerImpl.java:setRole(174)) - 4e6ab8fe-18d2-4f01-9096-1736fef14755@group-31890C3FFF26: changes role from      null to FOLLOWER at term 0 for startAsFollower
2019-09-19 12:13:10,713 [pool-67-thread-1] INFO  impl.RoleInfo (RoleInfo.java:updateAndGet(143)) - 4e6ab8fe-18d2-4f01-9096-1736fef14755: start FollowerState
2019-09-19 12:13:10,713 [pool-67-thread-1] INFO  util.JmxRegister (JmxRegister.java:tryRegister(44)) - Successfully registered JMX Bean with object name Ratis:service=RaftServer,group=group-31890C3FFF26,id=4e6ab8fe-18d2-4f01-9096-1736fef14755
2019-09-19 12:13:10,727 [RatisPipelineUtilsThread] INFO  pipeline.PipelineStateManager (PipelineStateManager.java:addPipeline(56)) - Created pipeline Pipeline[ Id: 2cb5e496-3e6b-4cb6-b9bb-31890c3fff26, Nodes: 4e6ab8fe-18d2-4f01-9096-1736fef14755{ip: 192.168.157.252, host: pr-hdds-2153-8htts-3549596055, networkLocation: /default-rack, certSerialId: null}, Type:RATIS, Factor:ONE, State:OPEN]
2019-09-19 12:13:10,749 [grpc-default-executor-0] INFO  impl.RaftServerProxy (RaftServerProxy.java:addNew(89)) - 2f0d8293-e38d-4dd5-8e48-724baf044eb9: addNew group-7820FDB1FF3E:[2f0d8293-e38d-4dd5-8e48-724baf044eb9:192.168.157.252:35940] returns group-7820FDB1FF3E:java.util.concurrent.CompletableFuture@30bd6b90[Not completed]
2019-09-19 12:13:10,754 [pool-57-thread-1] INFO  impl.RaftServerImpl (RaftServerImpl.java:<init>(95)) - 2f0d8293-e38d-4dd5-8e48-724baf044eb9: new RaftServerImpl for group-7820FDB1FF3E:[2f0d8293-e38d-4dd5-8e48-724baf044eb9:192.168.157.252:35940] with ContainerStateMachine:uninitialized
2019-09-19 12:13:10,755 [pool-57-thread-1] INFO  server.RaftServerConfigKeys (ConfUtils.java:logGet(43)) - raft.server.rpc.timeout.min = 5s (custom)
2019-09-19 12:13:10,755 [pool-57-thread-1] INFO  server.RaftServerConfigKeys (ConfUtils.java:logGet(43)) - raft.server.rpc.timeout.max = 5200ms (custom)
2019-09-19 12:13:10,755 [pool-57-thread-1] INFO  server.RaftServerConfigKeys (ConfUtils.java:logGet(43)) - raft.server.rpcslowness.timeout = 120s (custom)
2019-09-19 12:13:10,755 [pool-57-thread-1] INFO  server.RaftServerConfigKeys (ConfUtils.java:logGet(43)) - raft.server.sleep.deviation.threshold = 300 (default)
2019-09-19 12:13:10,755 [pool-57-thread-1] INFO  server.RaftServerConfigKeys (ConfUtils.java:logGet(43)) - raft.server.log.appender.install.snapshot.enabled = false (custom)
2019-09-19 12:13:10,755 [pool-57-thread-1] INFO  impl.RaftServerImpl (ServerState.java:<init>(103)) - 2f0d8293-e38d-4dd5-8e48-724baf044eb9@group-7820FDB1FF3E: ConfigurationManager, init=-1: [2f0d8293-e38d-4dd5-8e48-724baf044eb9:192.168.157.252:35940], old=null, confs=<EMPTY_MAP>
2019-09-19 12:13:10,756 [pool-57-thread-1] INFO  server.RaftServerConfigKeys (ConfUtils.java:logGet(43)) - raft.server.storage.dir = [/workdir/hadoop-ozone/integration-test/target/test-dir/MiniOzoneClusterImpl-e0c4f6c0-f9e5-4c6e-8d6a-9a7c93045680/datanode-3/data/ratis] (custom)
2019-09-19 12:13:10,756 [pool-57-thread-1] INFO  storage.RaftStorageDirectory (RaftStorageDirectory.java:analyzeStorage(246)) - The storage directory /workdir/hadoop-ozone/integration-test/target/test-dir/MiniOzoneClusterImpl-e0c4f6c0-f9e5-4c6e-8d6a-9a7c93045680/datanode-3/data/ratis/27e6f4f0-f7a3-48fc-a296-7820fdb1ff3e does not exist. Creating ...
2019-09-19 12:13:10,770 [pool-57-thread-1] INFO  storage.RaftStorageDirectory (RaftStorageDirectory.java:tryLock(328)) - Lock on /workdir/hadoop-ozone/integration-test/target/test-dir/MiniOzoneClusterImpl-e0c4f6c0-f9e5-4c6e-8d6a-9a7c93045680/datanode-3/data/ratis/27e6f4f0-f7a3-48fc-a296-7820fdb1ff3e/in_use.lock acquired by nodename 8246@pr-hdds-2153-8htts-3549596055
2019-09-19 12:13:10,788 [pool-57-thread-1] INFO  storage.RaftStorage (RaftStorage.java:format(72)) - Storage directory /workdir/hadoop-ozone/integration-test/target/test-dir/MiniOzoneClusterImpl-e0c4f6c0-f9e5-4c6e-8d6a-9a7c93045680/datanode-3/data/ratis/27e6f4f0-f7a3-48fc-a296-7820fdb1ff3e has been successfully formatted.
2019-09-19 12:13:10,788 [pool-57-thread-1] INFO  ratis.ContainerStateMachine (ContainerStateMachine.java:loadSnapshot(230)) - group-7820FDB1FF3E: The snapshot info is null. Setting the last applied indexto:(t:0, i:~)
2019-09-19 12:13:10,788 [pool-57-thread-1] INFO  server.RaftServerConfigKeys (ConfUtils.java:logGet(43)) - raft.server.notification.no-leader.timeout = 120s (custom)
2019-09-19 12:13:10,788 [pool-57-thread-1] INFO  server.RaftServerConfigKeys (ConfUtils.java:logGet(43)) - raft.server.log.use.memory = false (default)
2019-09-19 12:13:10,788 [pool-57-thread-1] INFO  server.RaftServerConfigKeys (ConfUtils.java:logGet(43)) - raft.server.log.purge.gap = 1000000 (custom)
2019-09-19 12:13:10,789 [pool-57-thread-1] INFO  server.RaftServerConfigKeys (ConfUtils.java:logGet(43)) - raft.server.log.appender.buffer.byte-limit = 33554432 (custom)
2019-09-19 12:13:10,789 [pool-57-thread-1] INFO  server.RaftServerConfigKeys (ConfUtils.java:logGet(43)) - raft.server.log.segment.size.max = 1048576 (custom)
2019-09-19 12:13:10,789 [pool-57-thread-1] INFO  server.RaftServerConfigKeys (ConfUtils.java:logGet(43)) - raft.server.log.segment.cache.num.max = 2 (custom)
2019-09-19 12:13:10,789 [pool-57-thread-1] INFO  segmented.SegmentedRaftLogWorker (SegmentedRaftLogWorker.java:<init>(172)) - new 2f0d8293-e38d-4dd5-8e48-724baf044eb9@group-7820FDB1FF3E-SegmentedRaftLogWorker for RaftStorage:Storage Directory /workdir/hadoop-ozone/integration-test/target/test-dir/MiniOzoneClusterImpl-e0c4f6c0-f9e5-4c6e-8d6a-9a7c93045680/datanode-3/data/ratis/27e6f4f0-f7a3-48fc-a296-7820fdb1ff3e
2019-09-19 12:13:10,795 [pool-57-thread-1] INFO  server.RaftServerConfigKeys (ConfUtils.java:logGet(43)) - raft.server.log.queue.byte-limit = 2147483647 (custom)
2019-09-19 12:13:10,795 [pool-57-thread-1] INFO  server.RaftServerConfigKeys (ConfUtils.java:logGet(43)) - raft.server.log.queue.element-limit = 1024 (custom)
2019-09-19 12:13:10,795 [pool-57-thread-1] INFO  server.RaftServerConfigKeys (ConfUtils.java:logGet(43)) - raft.server.log.segment.size.max = 1048576 (custom)
2019-09-19 12:13:10,795 [pool-57-thread-1] INFO  server.RaftServerConfigKeys (ConfUtils.java:logGet(43)) - raft.server.log.preallocated.size = 16384 (custom)
2019-09-19 12:13:10,795 [pool-57-thread-1] INFO  server.RaftServerConfigKeys (ConfUtils.java:logGet(43)) - raft.server.log.write.buffer.size = 33554432 (custom)
2019-09-19 12:13:10,795 [pool-57-thread-1] INFO  server.RaftServerConfigKeys (ConfUtils.java:logGet(43)) - raft.server.log.force.sync.num = 128 (default)
2019-09-19 12:13:10,796 [pool-57-thread-1] INFO  server.RaftServerConfigKeys (ConfUtils.java:logGet(43)) - raft.server.log.statemachine.data.sync = true (default)
2019-09-19 12:13:10,796 [pool-57-thread-1] INFO  server.RaftServerConfigKeys (ConfUtils.java:logGet(43)) - raft.server.log.statemachine.data.sync.timeout = 10s (default)
2019-09-19 12:13:10,796 [pool-57-thread-1] INFO  server.RaftServerConfigKeys (ConfUtils.java:logGet(43)) - raft.server.log.statemachine.data.sync.timeout.retry = -1 (default)
2019-09-19 12:13:10,796 [pool-57-thread-1] INFO  server.RaftServerConfigKeys (ConfUtils.java:logGet(43)) - raft.server.log.statemachine.data.caching.enabled = true (custom)
2019-09-19 12:13:10,797 [pool-57-thread-1] INFO  segmented.SegmentedRaftLogWorker (SegmentedRaftLogWorker.java:lambda$new$0(132)) - 2f0d8293-e38d-4dd5-8e48-724baf044eb9@group-7820FDB1FF3E-SegmentedRaftLogWorker: flushIndex: setUnconditionally 0 -> -1
2019-09-19 12:13:10,797 [pool-57-thread-1] INFO  server.RaftServerConfigKeys (ConfUtils.java:logGet(43)) - raft.server.snapshot.auto.trigger.enabled = true (custom)
2019-09-19 12:13:10,797 [pool-57-thread-1] INFO  server.RaftServerConfigKeys (ConfUtils.java:logGet(43)) - raft.server.snapshot.auto.trigger.threshold = 10000 (custom)
2019-09-19 12:13:10,798 [pool-57-thread-1] INFO  server.RaftServerConfigKeys (ConfUtils.java:logGet(43)) - raft.server.snapshot.retention.num.files = -1 (default)
2019-09-19 12:13:10,798 [pool-57-thread-1] INFO  server.RaftServerConfigKeys (ConfUtils.java:logGet(43)) - raft.server.retrycache.expirytime = 600000ms (custom)
2019-09-19 12:13:10,805 [pool-57-thread-1] INFO  impl.RaftServerImpl (RaftServerImpl.java:start(185)) - 2f0d8293-e38d-4dd5-8e48-724baf044eb9@group-7820FDB1FF3E: start as a follower, conf=-1: [2f0d8293-e38d-4dd5-8e48-724baf044eb9:192.168.157.252:35940], old=null
2019-09-19 12:13:10,805 [pool-57-thread-1] INFO  impl.RaftServerImpl (RaftServerImpl.java:setRole(174)) - 2f0d8293-e38d-4dd5-8e48-724baf044eb9@group-7820FDB1FF3E: changes role from      null to FOLLOWER at term 0 for startAsFollower
2019-09-19 12:13:10,805 [pool-57-thread-1] INFO  impl.RoleInfo (RoleInfo.java:updateAndGet(143)) - 2f0d8293-e38d-4dd5-8e48-724baf044eb9: start FollowerState
2019-09-19 12:13:10,806 [pool-57-thread-1] INFO  util.JmxRegister (JmxRegister.java:tryRegister(44)) - Successfully registered JMX Bean with object name Ratis:service=RaftServer,group=group-7820FDB1FF3E,id=2f0d8293-e38d-4dd5-8e48-724baf044eb9
2019-09-19 12:13:10,820 [RatisPipelineUtilsThread] INFO  pipeline.PipelineStateManager (PipelineStateManager.java:addPipeline(56)) - Created pipeline Pipeline[ Id: 27e6f4f0-f7a3-48fc-a296-7820fdb1ff3e, Nodes: 2f0d8293-e38d-4dd5-8e48-724baf044eb9{ip: 192.168.157.252, host: pr-hdds-2153-8htts-3549596055, networkLocation: /default-rack, certSerialId: null}, Type:RATIS, Factor:ONE, State:OPEN]
2019-09-19 12:13:10,852 [grpc-default-executor-0] INFO  impl.RaftServerProxy (RaftServerProxy.java:addNew(89)) - b758d66f-4695-4f8d-8a5a-f8e44558c557: addNew group-EAC0B65233E0:[b758d66f-4695-4f8d-8a5a-f8e44558c557:192.168.157.252:36827] returns group-EAC0B65233E0:java.util.concurrent.CompletableFuture@2a623877[Not completed]
2019-09-19 12:13:10,855 [pool-37-thread-1] INFO  impl.RaftServerImpl (RaftServerImpl.java:<init>(95)) - b758d66f-4695-4f8d-8a5a-f8e44558c557: new RaftServerImpl for group-EAC0B65233E0:[b758d66f-4695-4f8d-8a5a-f8e44558c557:192.168.157.252:36827] with ContainerStateMachine:uninitialized
2019-09-19 12:13:10,855 [pool-37-thread-1] INFO  server.RaftServerConfigKeys (ConfUtils.java:logGet(43)) - raft.server.rpc.timeout.min = 5s (custom)
2019-09-19 12:13:10,855 [pool-37-thread-1] INFO  server.RaftServerConfigKeys (ConfUtils.java:logGet(43)) - raft.server.rpc.timeout.max = 5200ms (custom)
2019-09-19 12:13:10,856 [pool-37-thread-1] INFO  server.RaftServerConfigKeys (ConfUtils.java:logGet(43)) - raft.server.rpcslowness.timeout = 120s (custom)
2019-09-19 12:13:10,856 [pool-37-thread-1] INFO  server.RaftServerConfigKeys (ConfUtils.java:logGet(43)) - raft.server.sleep.deviation.threshold = 300 (default)
2019-09-19 12:13:10,856 [pool-37-thread-1] INFO  server.RaftServerConfigKeys (ConfUtils.java:logGet(43)) - raft.server.log.appender.install.snapshot.enabled = false (custom)
2019-09-19 12:13:10,856 [pool-37-thread-1] INFO  impl.RaftServerImpl (ServerState.java:<init>(103)) - b758d66f-4695-4f8d-8a5a-f8e44558c557@group-EAC0B65233E0: ConfigurationManager, init=-1: [b758d66f-4695-4f8d-8a5a-f8e44558c557:192.168.157.252:36827], old=null, confs=<EMPTY_MAP>
2019-09-19 12:13:10,857 [pool-37-thread-1] INFO  server.RaftServerConfigKeys (ConfUtils.java:logGet(43)) - raft.server.storage.dir = [/workdir/hadoop-ozone/integration-test/target/test-dir/MiniOzoneClusterImpl-e0c4f6c0-f9e5-4c6e-8d6a-9a7c93045680/datanode-1/data/ratis] (custom)
2019-09-19 12:13:10,857 [pool-37-thread-1] INFO  storage.RaftStorageDirectory (RaftStorageDirectory.java:analyzeStorage(246)) - The storage directory /workdir/hadoop-ozone/integration-test/target/test-dir/MiniOzoneClusterImpl-e0c4f6c0-f9e5-4c6e-8d6a-9a7c93045680/datanode-1/data/ratis/dbe2fb06-c7ff-4792-96c5-eac0b65233e0 does not exist. Creating ...
2019-09-19 12:13:10,870 [pool-37-thread-1] INFO  storage.RaftStorageDirectory (RaftStorageDirectory.java:tryLock(328)) - Lock on /workdir/hadoop-ozone/integration-test/target/test-dir/MiniOzoneClusterImpl-e0c4f6c0-f9e5-4c6e-8d6a-9a7c93045680/datanode-1/data/ratis/dbe2fb06-c7ff-4792-96c5-eac0b65233e0/in_use.lock acquired by nodename 8246@pr-hdds-2153-8htts-3549596055
2019-09-19 12:13:10,884 [pool-37-thread-1] INFO  storage.RaftStorage (RaftStorage.java:format(72)) - Storage directory /workdir/hadoop-ozone/integration-test/target/test-dir/MiniOzoneClusterImpl-e0c4f6c0-f9e5-4c6e-8d6a-9a7c93045680/datanode-1/data/ratis/dbe2fb06-c7ff-4792-96c5-eac0b65233e0 has been successfully formatted.
2019-09-19 12:13:10,884 [pool-37-thread-1] INFO  ratis.ContainerStateMachine (ContainerStateMachine.java:loadSnapshot(230)) - group-EAC0B65233E0: The snapshot info is null. Setting the last applied indexto:(t:0, i:~)
2019-09-19 12:13:10,884 [pool-37-thread-1] INFO  server.RaftServerConfigKeys (ConfUtils.java:logGet(43)) - raft.server.notification.no-leader.timeout = 120s (custom)
2019-09-19 12:13:10,884 [pool-37-thread-1] INFO  server.RaftServerConfigKeys (ConfUtils.java:logGet(43)) - raft.server.log.use.memory = false (default)
2019-09-19 12:13:10,885 [pool-37-thread-1] INFO  server.RaftServerConfigKeys (ConfUtils.java:logGet(43)) - raft.server.log.purge.gap = 1000000 (custom)
2019-09-19 12:13:10,885 [pool-37-thread-1] INFO  server.RaftServerConfigKeys (ConfUtils.java:logGet(43)) - raft.server.log.appender.buffer.byte-limit = 33554432 (custom)
2019-09-19 12:13:10,885 [pool-37-thread-1] INFO  server.RaftServerConfigKeys (ConfUtils.java:logGet(43)) - raft.server.log.segment.size.max = 1048576 (custom)
2019-09-19 12:13:10,885 [pool-37-thread-1] INFO  server.RaftServerConfigKeys (ConfUtils.java:logGet(43)) - raft.server.log.segment.cache.num.max = 2 (custom)
2019-09-19 12:13:10,885 [pool-37-thread-1] INFO  segmented.SegmentedRaftLogWorker (SegmentedRaftLogWorker.java:<init>(172)) - new b758d66f-4695-4f8d-8a5a-f8e44558c557@group-EAC0B65233E0-SegmentedRaftLogWorker for RaftStorage:Storage Directory /workdir/hadoop-ozone/integration-test/target/test-dir/MiniOzoneClusterImpl-e0c4f6c0-f9e5-4c6e-8d6a-9a7c93045680/datanode-1/data/ratis/dbe2fb06-c7ff-4792-96c5-eac0b65233e0
2019-09-19 12:13:10,890 [pool-37-thread-1] INFO  server.RaftServerConfigKeys (ConfUtils.java:logGet(43)) - raft.server.log.queue.byte-limit = 2147483647 (custom)
2019-09-19 12:13:10,891 [pool-37-thread-1] INFO  server.RaftServerConfigKeys (ConfUtils.java:logGet(43)) - raft.server.log.queue.element-limit = 1024 (custom)
2019-09-19 12:13:10,891 [pool-37-thread-1] INFO  server.RaftServerConfigKeys (ConfUtils.java:logGet(43)) - raft.server.log.segment.size.max = 1048576 (custom)
2019-09-19 12:13:10,891 [pool-37-thread-1] INFO  server.RaftServerConfigKeys (ConfUtils.java:logGet(43)) - raft.server.log.preallocated.size = 16384 (custom)
2019-09-19 12:13:10,891 [pool-37-thread-1] INFO  server.RaftServerConfigKeys (ConfUtils.java:logGet(43)) - raft.server.log.write.buffer.size = 33554432 (custom)
2019-09-19 12:13:10,891 [pool-37-thread-1] INFO  server.RaftServerConfigKeys (ConfUtils.java:logGet(43)) - raft.server.log.force.sync.num = 128 (default)
2019-09-19 12:13:10,891 [pool-37-thread-1] INFO  server.RaftServerConfigKeys (ConfUtils.java:logGet(43)) - raft.server.log.statemachine.data.sync = true (default)
2019-09-19 12:13:10,892 [pool-37-thread-1] INFO  server.RaftServerConfigKeys (ConfUtils.java:logGet(43)) - raft.server.log.statemachine.data.sync.timeout = 10s (default)
2019-09-19 12:13:10,892 [pool-37-thread-1] INFO  server.RaftServerConfigKeys (ConfUtils.java:logGet(43)) - raft.server.log.statemachine.data.sync.timeout.retry = -1 (default)
2019-09-19 12:13:10,892 [pool-37-thread-1] INFO  server.RaftServerConfigKeys (ConfUtils.java:logGet(43)) - raft.server.log.statemachine.data.caching.enabled = true (custom)
2019-09-19 12:13:10,893 [pool-37-thread-1] INFO  segmented.SegmentedRaftLogWorker (SegmentedRaftLogWorker.java:lambda$new$0(132)) - b758d66f-4695-4f8d-8a5a-f8e44558c557@group-EAC0B65233E0-SegmentedRaftLogWorker: flushIndex: setUnconditionally 0 -> -1
2019-09-19 12:13:10,893 [pool-37-thread-1] INFO  server.RaftServerConfigKeys (ConfUtils.java:logGet(43)) - raft.server.snapshot.auto.trigger.enabled = true (custom)
2019-09-19 12:13:10,893 [pool-37-thread-1] INFO  server.RaftServerConfigKeys (ConfUtils.java:logGet(43)) - raft.server.snapshot.auto.trigger.threshold = 10000 (custom)
2019-09-19 12:13:10,893 [pool-37-thread-1] INFO  server.RaftServerConfigKeys (ConfUtils.java:logGet(43)) - raft.server.snapshot.retention.num.files = -1 (default)
2019-09-19 12:13:10,893 [pool-37-thread-1] INFO  server.RaftServerConfigKeys (ConfUtils.java:logGet(43)) - raft.server.retrycache.expirytime = 600000ms (custom)
2019-09-19 12:13:10,898 [pool-37-thread-1] INFO  impl.RaftServerImpl (RaftServerImpl.java:start(185)) - b758d66f-4695-4f8d-8a5a-f8e44558c557@group-EAC0B65233E0: start as a follower, conf=-1: [b758d66f-4695-4f8d-8a5a-f8e44558c557:192.168.157.252:36827], old=null
2019-09-19 12:13:10,898 [pool-37-thread-1] INFO  impl.RaftServerImpl (RaftServerImpl.java:setRole(174)) - b758d66f-4695-4f8d-8a5a-f8e44558c557@group-EAC0B65233E0: changes role from      null to FOLLOWER at term 0 for startAsFollower
2019-09-19 12:13:10,898 [pool-37-thread-1] INFO  impl.RoleInfo (RoleInfo.java:updateAndGet(143)) - b758d66f-4695-4f8d-8a5a-f8e44558c557: start FollowerState
2019-09-19 12:13:10,899 [pool-37-thread-1] INFO  util.JmxRegister (JmxRegister.java:tryRegister(44)) - Successfully registered JMX Bean with object name Ratis:service=RaftServer,group=group-EAC0B65233E0,id=b758d66f-4695-4f8d-8a5a-f8e44558c557
2019-09-19 12:13:10,915 [RatisPipelineUtilsThread] INFO  pipeline.PipelineStateManager (PipelineStateManager.java:addPipeline(56)) - Created pipeline Pipeline[ Id: dbe2fb06-c7ff-4792-96c5-eac0b65233e0, Nodes: b758d66f-4695-4f8d-8a5a-f8e44558c557{ip: 192.168.157.252, host: pr-hdds-2153-8htts-3549596055, networkLocation: /default-rack, certSerialId: null}, Type:RATIS, Factor:ONE, State:OPEN]
2019-09-19 12:13:10,922 [main] INFO  ozone.MiniOzoneClusterImpl (MiniOzoneClusterImpl.java:lambda$waitForClusterToBeReady$0(140)) - Cluster is ready. Got 7 of 7 DN Heartbeats.
2019-09-19 12:13:10,942 [grpc-default-executor-0] INFO  impl.RaftServerProxy (RaftServerProxy.java:addNew(89)) - b4461942-ccf8-4c18-8b81-7a511519d752: addNew group-3922837359A6:[b4461942-ccf8-4c18-8b81-7a511519d752:192.168.157.252:36487] returns group-3922837359A6:java.util.concurrent.CompletableFuture@49c62666[Not completed]
2019-09-19 12:13:10,946 [pool-47-thread-1] INFO  impl.RaftServerImpl (RaftServerImpl.java:<init>(95)) - b4461942-ccf8-4c18-8b81-7a511519d752: new RaftServerImpl for group-3922837359A6:[b4461942-ccf8-4c18-8b81-7a511519d752:192.168.157.252:36487] with ContainerStateMachine:uninitialized
2019-09-19 12:13:10,946 [pool-47-thread-1] INFO  server.RaftServerConfigKeys (ConfUtils.java:logGet(43)) - raft.server.rpc.timeout.min = 5s (custom)
2019-09-19 12:13:10,946 [pool-47-thread-1] INFO  server.RaftServerConfigKeys (ConfUtils.java:logGet(43)) - raft.server.rpc.timeout.max = 5200ms (custom)
2019-09-19 12:13:10,946 [pool-47-thread-1] INFO  server.RaftServerConfigKeys (ConfUtils.java:logGet(43)) - raft.server.rpcslowness.timeout = 120s (custom)
2019-09-19 12:13:10,946 [pool-47-thread-1] INFO  server.RaftServerConfigKeys (ConfUtils.java:logGet(43)) - raft.server.sleep.deviation.threshold = 300 (default)
2019-09-19 12:13:10,946 [pool-47-thread-1] INFO  server.RaftServerConfigKeys (ConfUtils.java:logGet(43)) - raft.server.log.appender.install.snapshot.enabled = false (custom)
2019-09-19 12:13:10,947 [pool-47-thread-1] INFO  impl.RaftServerImpl (ServerState.java:<init>(103)) - b4461942-ccf8-4c18-8b81-7a511519d752@group-3922837359A6: ConfigurationManager, init=-1: [b4461942-ccf8-4c18-8b81-7a511519d752:192.168.157.252:36487], old=null, confs=<EMPTY_MAP>
2019-09-19 12:13:10,947 [pool-47-thread-1] INFO  server.RaftServerConfigKeys (ConfUtils.java:logGet(43)) - raft.server.storage.dir = [/workdir/hadoop-ozone/integration-test/target/test-dir/MiniOzoneClusterImpl-e0c4f6c0-f9e5-4c6e-8d6a-9a7c93045680/datanode-2/data/ratis] (custom)
2019-09-19 12:13:10,947 [pool-47-thread-1] INFO  storage.RaftStorageDirectory (RaftStorageDirectory.java:analyzeStorage(246)) - The storage directory /workdir/hadoop-ozone/integration-test/target/test-dir/MiniOzoneClusterImpl-e0c4f6c0-f9e5-4c6e-8d6a-9a7c93045680/datanode-2/data/ratis/6e45b62f-2fb9-4ce7-8a6b-3922837359a6 does not exist. Creating ...
2019-09-19 12:13:10,960 [pool-47-thread-1] INFO  storage.RaftStorageDirectory (RaftStorageDirectory.java:tryLock(328)) - Lock on /workdir/hadoop-ozone/integration-test/target/test-dir/MiniOzoneClusterImpl-e0c4f6c0-f9e5-4c6e-8d6a-9a7c93045680/datanode-2/data/ratis/6e45b62f-2fb9-4ce7-8a6b-3922837359a6/in_use.lock acquired by nodename 8246@pr-hdds-2153-8htts-3549596055
2019-09-19 12:13:10,973 [pool-47-thread-1] INFO  storage.RaftStorage (RaftStorage.java:format(72)) - Storage directory /workdir/hadoop-ozone/integration-test/target/test-dir/MiniOzoneClusterImpl-e0c4f6c0-f9e5-4c6e-8d6a-9a7c93045680/datanode-2/data/ratis/6e45b62f-2fb9-4ce7-8a6b-3922837359a6 has been successfully formatted.
2019-09-19 12:13:10,974 [pool-47-thread-1] INFO  ratis.ContainerStateMachine (ContainerStateMachine.java:loadSnapshot(230)) - group-3922837359A6: The snapshot info is null. Setting the last applied indexto:(t:0, i:~)
2019-09-19 12:13:10,974 [pool-47-thread-1] INFO  server.RaftServerConfigKeys (ConfUtils.java:logGet(43)) - raft.server.notification.no-leader.timeout = 120s (custom)
2019-09-19 12:13:10,974 [pool-47-thread-1] INFO  server.RaftServerConfigKeys (ConfUtils.java:logGet(43)) - raft.server.log.use.memory = false (default)
2019-09-19 12:13:10,974 [pool-47-thread-1] INFO  server.RaftServerConfigKeys (ConfUtils.java:logGet(43)) - raft.server.log.purge.gap = 1000000 (custom)
2019-09-19 12:13:10,974 [pool-47-thread-1] INFO  server.RaftServerConfigKeys (ConfUtils.java:logGet(43)) - raft.server.log.appender.buffer.byte-limit = 33554432 (custom)
2019-09-19 12:13:10,974 [pool-47-thread-1] INFO  server.RaftServerConfigKeys (ConfUtils.java:logGet(43)) - raft.server.log.segment.size.max = 1048576 (custom)
2019-09-19 12:13:10,975 [pool-47-thread-1] INFO  server.RaftServerConfigKeys (ConfUtils.java:logGet(43)) - raft.server.log.segment.cache.num.max = 2 (custom)
2019-09-19 12:13:10,975 [pool-47-thread-1] INFO  segmented.SegmentedRaftLogWorker (SegmentedRaftLogWorker.java:<init>(172)) - new b4461942-ccf8-4c18-8b81-7a511519d752@group-3922837359A6-SegmentedRaftLogWorker for RaftStorage:Storage Directory /workdir/hadoop-ozone/integration-test/target/test-dir/MiniOzoneClusterImpl-e0c4f6c0-f9e5-4c6e-8d6a-9a7c93045680/datanode-2/data/ratis/6e45b62f-2fb9-4ce7-8a6b-3922837359a6
2019-09-19 12:13:10,978 [pool-47-thread-1] INFO  server.RaftServerConfigKeys (ConfUtils.java:logGet(43)) - raft.server.log.queue.byte-limit = 2147483647 (custom)
2019-09-19 12:13:10,978 [pool-47-thread-1] INFO  server.RaftServerConfigKeys (ConfUtils.java:logGet(43)) - raft.server.log.queue.element-limit = 1024 (custom)
2019-09-19 12:13:10,978 [pool-47-thread-1] INFO  server.RaftServerConfigKeys (ConfUtils.java:logGet(43)) - raft.server.log.segment.size.max = 1048576 (custom)
2019-09-19 12:13:10,978 [pool-47-thread-1] INFO  server.RaftServerConfigKeys (ConfUtils.java:logGet(43)) - raft.server.log.preallocated.size = 16384 (custom)
2019-09-19 12:13:10,978 [pool-47-thread-1] INFO  server.RaftServerConfigKeys (ConfUtils.java:logGet(43)) - raft.server.log.write.buffer.size = 33554432 (custom)
2019-09-19 12:13:10,978 [pool-47-thread-1] INFO  server.RaftServerConfigKeys (ConfUtils.java:logGet(43)) - raft.server.log.force.sync.num = 128 (default)
2019-09-19 12:13:10,978 [pool-47-thread-1] INFO  server.RaftServerConfigKeys (ConfUtils.java:logGet(43)) - raft.server.log.statemachine.data.sync = true (default)
2019-09-19 12:13:10,979 [pool-47-thread-1] INFO  server.RaftServerConfigKeys (ConfUtils.java:logGet(43)) - raft.server.log.statemachine.data.sync.timeout = 10s (default)
2019-09-19 12:13:10,979 [pool-47-thread-1] INFO  server.RaftServerConfigKeys (ConfUtils.java:logGet(43)) - raft.server.log.statemachine.data.sync.timeout.retry = -1 (default)
2019-09-19 12:13:10,979 [pool-47-thread-1] INFO  server.RaftServerConfigKeys (ConfUtils.java:logGet(43)) - raft.server.log.statemachine.data.caching.enabled = true (custom)
2019-09-19 12:13:10,979 [pool-47-thread-1] INFO  segmented.SegmentedRaftLogWorker (SegmentedRaftLogWorker.java:lambda$new$0(132)) - b4461942-ccf8-4c18-8b81-7a511519d752@group-3922837359A6-SegmentedRaftLogWorker: flushIndex: setUnconditionally 0 -> -1
2019-09-19 12:13:10,980 [pool-47-thread-1] INFO  server.RaftServerConfigKeys (ConfUtils.java:logGet(43)) - raft.server.snapshot.auto.trigger.enabled = true (custom)
2019-09-19 12:13:10,980 [pool-47-thread-1] INFO  server.RaftServerConfigKeys (ConfUtils.java:logGet(43)) - raft.server.snapshot.auto.trigger.threshold = 10000 (custom)
2019-09-19 12:13:10,980 [pool-47-thread-1] INFO  server.RaftServerConfigKeys (ConfUtils.java:logGet(43)) - raft.server.snapshot.retention.num.files = -1 (default)
2019-09-19 12:13:10,980 [pool-47-thread-1] INFO  server.RaftServerConfigKeys (ConfUtils.java:logGet(43)) - raft.server.retrycache.expirytime = 600000ms (custom)
2019-09-19 12:13:10,983 [pool-47-thread-1] INFO  impl.RaftServerImpl (RaftServerImpl.java:start(185)) - b4461942-ccf8-4c18-8b81-7a511519d752@group-3922837359A6: start as a follower, conf=-1: [b4461942-ccf8-4c18-8b81-7a511519d752:192.168.157.252:36487], old=null
2019-09-19 12:13:10,983 [pool-47-thread-1] INFO  impl.RaftServerImpl (RaftServerImpl.java:setRole(174)) - b4461942-ccf8-4c18-8b81-7a511519d752@group-3922837359A6: changes role from      null to FOLLOWER at term 0 for startAsFollower
2019-09-19 12:13:10,983 [pool-47-thread-1] INFO  impl.RoleInfo (RoleInfo.java:updateAndGet(143)) - b4461942-ccf8-4c18-8b81-7a511519d752: start FollowerState
2019-09-19 12:13:10,983 [pool-47-thread-1] INFO  util.JmxRegister (JmxRegister.java:tryRegister(44)) - Successfully registered JMX Bean with object name Ratis:service=RaftServer,group=group-3922837359A6,id=b4461942-ccf8-4c18-8b81-7a511519d752
2019-09-19 12:13:10,997 [RatisPipelineUtilsThread] INFO  pipeline.PipelineStateManager (PipelineStateManager.java:addPipeline(56)) - Created pipeline Pipeline[ Id: 6e45b62f-2fb9-4ce7-8a6b-3922837359a6, Nodes: b4461942-ccf8-4c18-8b81-7a511519d752{ip: 192.168.157.252, host: pr-hdds-2153-8htts-3549596055, networkLocation: /default-rack, certSerialId: null}, Type:RATIS, Factor:ONE, State:OPEN]
2019-09-19 12:13:11,017 [grpc-default-executor-1] INFO  impl.RaftServerProxy (RaftServerProxy.java:addNew(89)) - 10e22e81-98cc-454d-8228-400cf28a0b73: addNew group-FC398C90974A:[10e22e81-98cc-454d-8228-400cf28a0b73:192.168.157.252:40167] returns group-FC398C90974A:java.util.concurrent.CompletableFuture@77f12d7c[Not completed]
2019-09-19 12:13:11,023 [pool-87-thread-1] INFO  impl.RaftServerImpl (RaftServerImpl.java:<init>(95)) - 10e22e81-98cc-454d-8228-400cf28a0b73: new RaftServerImpl for group-FC398C90974A:[10e22e81-98cc-454d-8228-400cf28a0b73:192.168.157.252:40167] with ContainerStateMachine:uninitialized
2019-09-19 12:13:11,023 [pool-87-thread-1] INFO  server.RaftServerConfigKeys (ConfUtils.java:logGet(43)) - raft.server.rpc.timeout.min = 5s (custom)
2019-09-19 12:13:11,025 [pool-87-thread-1] INFO  server.RaftServerConfigKeys (ConfUtils.java:logGet(43)) - raft.server.rpc.timeout.max = 5200ms (custom)
2019-09-19 12:13:11,025 [pool-87-thread-1] INFO  server.RaftServerConfigKeys (ConfUtils.java:logGet(43)) - raft.server.rpcslowness.timeout = 120s (custom)
2019-09-19 12:13:11,026 [pool-87-thread-1] INFO  server.RaftServerConfigKeys (ConfUtils.java:logGet(43)) - raft.server.sleep.deviation.threshold = 300 (default)
2019-09-19 12:13:11,026 [pool-87-thread-1] INFO  server.RaftServerConfigKeys (ConfUtils.java:logGet(43)) - raft.server.log.appender.install.snapshot.enabled = false (custom)
2019-09-19 12:13:11,026 [pool-87-thread-1] INFO  impl.RaftServerImpl (ServerState.java:<init>(103)) - 10e22e81-98cc-454d-8228-400cf28a0b73@group-FC398C90974A: ConfigurationManager, init=-1: [10e22e81-98cc-454d-8228-400cf28a0b73:192.168.157.252:40167], old=null, confs=<EMPTY_MAP>
2019-09-19 12:13:11,026 [pool-87-thread-1] INFO  server.RaftServerConfigKeys (ConfUtils.java:logGet(43)) - raft.server.storage.dir = [/workdir/hadoop-ozone/integration-test/target/test-dir/MiniOzoneClusterImpl-e0c4f6c0-f9e5-4c6e-8d6a-9a7c93045680/datanode-6/data/ratis] (custom)
2019-09-19 12:13:11,027 [pool-87-thread-1] INFO  storage.RaftStorageDirectory (RaftStorageDirectory.java:analyzeStorage(246)) - The storage directory /workdir/hadoop-ozone/integration-test/target/test-dir/MiniOzoneClusterImpl-e0c4f6c0-f9e5-4c6e-8d6a-9a7c93045680/datanode-6/data/ratis/920549e2-ad8d-4e07-b8c7-fc398c90974a does not exist. Creating ...
2019-09-19 12:13:11,040 [pool-87-thread-1] INFO  storage.RaftStorageDirectory (RaftStorageDirectory.java:tryLock(328)) - Lock on /workdir/hadoop-ozone/integration-test/target/test-dir/MiniOzoneClusterImpl-e0c4f6c0-f9e5-4c6e-8d6a-9a7c93045680/datanode-6/data/ratis/920549e2-ad8d-4e07-b8c7-fc398c90974a/in_use.lock acquired by nodename 8246@pr-hdds-2153-8htts-3549596055
2019-09-19 12:13:11,063 [pool-87-thread-1] INFO  storage.RaftStorage (RaftStorage.java:format(72)) - Storage directory /workdir/hadoop-ozone/integration-test/target/test-dir/MiniOzoneClusterImpl-e0c4f6c0-f9e5-4c6e-8d6a-9a7c93045680/datanode-6/data/ratis/920549e2-ad8d-4e07-b8c7-fc398c90974a has been successfully formatted.
2019-09-19 12:13:11,063 [pool-87-thread-1] INFO  ratis.ContainerStateMachine (ContainerStateMachine.java:loadSnapshot(230)) - group-FC398C90974A: The snapshot info is null. Setting the last applied indexto:(t:0, i:~)
2019-09-19 12:13:11,064 [pool-87-thread-1] INFO  server.RaftServerConfigKeys (ConfUtils.java:logGet(43)) - raft.server.notification.no-leader.timeout = 120s (custom)
2019-09-19 12:13:11,064 [pool-87-thread-1] INFO  server.RaftServerConfigKeys (ConfUtils.java:logGet(43)) - raft.server.log.use.memory = false (default)
2019-09-19 12:13:11,064 [pool-87-thread-1] INFO  server.RaftServerConfigKeys (ConfUtils.java:logGet(43)) - raft.server.log.purge.gap = 1000000 (custom)
2019-09-19 12:13:11,064 [pool-87-thread-1] INFO  server.RaftServerConfigKeys (ConfUtils.java:logGet(43)) - raft.server.log.appender.buffer.byte-limit = 33554432 (custom)
2019-09-19 12:13:11,064 [pool-87-thread-1] INFO  server.RaftServerConfigKeys (ConfUtils.java:logGet(43)) - raft.server.log.segment.size.max = 1048576 (custom)
2019-09-19 12:13:11,065 [pool-87-thread-1] INFO  server.RaftServerConfigKeys (ConfUtils.java:logGet(43)) - raft.server.log.segment.cache.num.max = 2 (custom)
2019-09-19 12:13:11,065 [pool-87-thread-1] INFO  segmented.SegmentedRaftLogWorker (SegmentedRaftLogWorker.java:<init>(172)) - new 10e22e81-98cc-454d-8228-400cf28a0b73@group-FC398C90974A-SegmentedRaftLogWorker for RaftStorage:Storage Directory /workdir/hadoop-ozone/integration-test/target/test-dir/MiniOzoneClusterImpl-e0c4f6c0-f9e5-4c6e-8d6a-9a7c93045680/datanode-6/data/ratis/920549e2-ad8d-4e07-b8c7-fc398c90974a
2019-09-19 12:13:11,069 [pool-87-thread-1] INFO  server.RaftServerConfigKeys (ConfUtils.java:logGet(43)) - raft.server.log.queue.byte-limit = 2147483647 (custom)
2019-09-19 12:13:11,069 [pool-87-thread-1] INFO  server.RaftServerConfigKeys (ConfUtils.java:logGet(43)) - raft.server.log.queue.element-limit = 1024 (custom)
2019-09-19 12:13:11,069 [pool-87-thread-1] INFO  server.RaftServerConfigKeys (ConfUtils.java:logGet(43)) - raft.server.log.segment.size.max = 1048576 (custom)
2019-09-19 12:13:11,069 [pool-87-thread-1] INFO  server.RaftServerConfigKeys (ConfUtils.java:logGet(43)) - raft.server.log.preallocated.size = 16384 (custom)
2019-09-19 12:13:11,070 [pool-87-thread-1] INFO  server.RaftServerConfigKeys (ConfUtils.java:logGet(43)) - raft.server.log.write.buffer.size = 33554432 (custom)
2019-09-19 12:13:11,070 [pool-87-thread-1] INFO  server.RaftServerConfigKeys (ConfUtils.java:logGet(43)) - raft.server.log.force.sync.num = 128 (default)
2019-09-19 12:13:11,070 [pool-87-thread-1] INFO  server.RaftServerConfigKeys (ConfUtils.java:logGet(43)) - raft.server.log.statemachine.data.sync = true (default)
2019-09-19 12:13:11,070 [pool-87-thread-1] INFO  server.RaftServerConfigKeys (ConfUtils.java:logGet(43)) - raft.server.log.statemachine.data.sync.timeout = 10s (default)
2019-09-19 12:13:11,070 [pool-87-thread-1] INFO  server.RaftServerConfigKeys (ConfUtils.java:logGet(43)) - raft.server.log.statemachine.data.sync.timeout.retry = -1 (default)
2019-09-19 12:13:11,071 [pool-87-thread-1] INFO  server.RaftServerConfigKeys (ConfUtils.java:logGet(43)) - raft.server.log.statemachine.data.caching.enabled = true (custom)
2019-09-19 12:13:11,071 [pool-87-thread-1] INFO  segmented.SegmentedRaftLogWorker (SegmentedRaftLogWorker.java:lambda$new$0(132)) - 10e22e81-98cc-454d-8228-400cf28a0b73@group-FC398C90974A-SegmentedRaftLogWorker: flushIndex: setUnconditionally 0 -> -1
2019-09-19 12:13:11,071 [pool-87-thread-1] INFO  server.RaftServerConfigKeys (ConfUtils.java:logGet(43)) - raft.server.snapshot.auto.trigger.enabled = true (custom)
2019-09-19 12:13:11,072 [pool-87-thread-1] INFO  server.RaftServerConfigKeys (ConfUtils.java:logGet(43)) - raft.server.snapshot.auto.trigger.threshold = 10000 (custom)
2019-09-19 12:13:11,072 [pool-87-thread-1] INFO  server.RaftServerConfigKeys (ConfUtils.java:logGet(43)) - raft.server.snapshot.retention.num.files = -1 (default)
2019-09-19 12:13:11,072 [pool-87-thread-1] INFO  server.RaftServerConfigKeys (ConfUtils.java:logGet(43)) - raft.server.retrycache.expirytime = 600000ms (custom)
2019-09-19 12:13:11,075 [pool-87-thread-1] INFO  impl.RaftServerImpl (RaftServerImpl.java:start(185)) - 10e22e81-98cc-454d-8228-400cf28a0b73@group-FC398C90974A: start as a follower, conf=-1: [10e22e81-98cc-454d-8228-400cf28a0b73:192.168.157.252:40167], old=null
2019-09-19 12:13:11,076 [pool-87-thread-1] INFO  impl.RaftServerImpl (RaftServerImpl.java:setRole(174)) - 10e22e81-98cc-454d-8228-400cf28a0b73@group-FC398C90974A: changes role from      null to FOLLOWER at term 0 for startAsFollower
2019-09-19 12:13:11,076 [pool-87-thread-1] INFO  impl.RoleInfo (RoleInfo.java:updateAndGet(143)) - 10e22e81-98cc-454d-8228-400cf28a0b73: start FollowerState
2019-09-19 12:13:11,076 [pool-87-thread-1] INFO  util.JmxRegister (JmxRegister.java:tryRegister(44)) - Successfully registered JMX Bean with object name Ratis:service=RaftServer,group=group-FC398C90974A,id=10e22e81-98cc-454d-8228-400cf28a0b73
2019-09-19 12:13:11,103 [RatisPipelineUtilsThread] INFO  pipeline.PipelineStateManager (PipelineStateManager.java:addPipeline(56)) - Created pipeline Pipeline[ Id: 920549e2-ad8d-4e07-b8c7-fc398c90974a, Nodes: 10e22e81-98cc-454d-8228-400cf28a0b73{ip: 192.168.157.252, host: pr-hdds-2153-8htts-3549596055, networkLocation: /default-rack, certSerialId: null}, Type:RATIS, Factor:ONE, State:OPEN]
2019-09-19 12:13:11,141 [grpc-default-executor-2] INFO  impl.RaftServerProxy (RaftServerProxy.java:addNew(89)) - 4e6ab8fe-18d2-4f01-9096-1736fef14755: addNew group-A60CBF19A431:[357e1d52-da6e-4a3f-8c53-892f84a5bd21:192.168.157.252:40030, 0c851e12-ff60-4b3e-9b1f-8a8c210c8764:192.168.157.252:39311, 4e6ab8fe-18d2-4f01-9096-1736fef14755:192.168.157.252:40666] returns group-A60CBF19A431:java.util.concurrent.CompletableFuture@2fb88bf[Not completed]
2019-09-19 12:13:11,145 [grpc-default-executor-2] INFO  impl.RaftServerProxy (RaftServerProxy.java:addNew(89)) - 0c851e12-ff60-4b3e-9b1f-8a8c210c8764: addNew group-A60CBF19A431:[357e1d52-da6e-4a3f-8c53-892f84a5bd21:192.168.157.252:40030, 0c851e12-ff60-4b3e-9b1f-8a8c210c8764:192.168.157.252:39311, 4e6ab8fe-18d2-4f01-9096-1736fef14755:192.168.157.252:40666] returns group-A60CBF19A431:java.util.concurrent.CompletableFuture@43c68284[Not completed]
2019-09-19 12:13:11,145 [pool-67-thread-1] INFO  impl.RaftServerImpl (RaftServerImpl.java:<init>(95)) - 4e6ab8fe-18d2-4f01-9096-1736fef14755: new RaftServerImpl for group-A60CBF19A431:[357e1d52-da6e-4a3f-8c53-892f84a5bd21:192.168.157.252:40030, 0c851e12-ff60-4b3e-9b1f-8a8c210c8764:192.168.157.252:39311, 4e6ab8fe-18d2-4f01-9096-1736fef14755:192.168.157.252:40666] with ContainerStateMachine:uninitialized
2019-09-19 12:13:11,145 [pool-67-thread-1] INFO  server.RaftServerConfigKeys (ConfUtils.java:logGet(43)) - raft.server.rpc.timeout.min = 5s (custom)
2019-09-19 12:13:11,145 [pool-67-thread-1] INFO  server.RaftServerConfigKeys (ConfUtils.java:logGet(43)) - raft.server.rpc.timeout.max = 5200ms (custom)
2019-09-19 12:13:11,146 [pool-67-thread-1] INFO  server.RaftServerConfigKeys (ConfUtils.java:logGet(43)) - raft.server.rpcslowness.timeout = 120s (custom)
2019-09-19 12:13:11,146 [pool-67-thread-1] INFO  server.RaftServerConfigKeys (ConfUtils.java:logGet(43)) - raft.server.sleep.deviation.threshold = 300 (default)
2019-09-19 12:13:11,146 [pool-67-thread-1] INFO  server.RaftServerConfigKeys (ConfUtils.java:logGet(43)) - raft.server.log.appender.install.snapshot.enabled = false (custom)
2019-09-19 12:13:11,148 [pool-67-thread-1] INFO  impl.RaftServerImpl (ServerState.java:<init>(103)) - 4e6ab8fe-18d2-4f01-9096-1736fef14755@group-A60CBF19A431: ConfigurationManager, init=-1: [357e1d52-da6e-4a3f-8c53-892f84a5bd21:192.168.157.252:40030, 0c851e12-ff60-4b3e-9b1f-8a8c210c8764:192.168.157.252:39311, 4e6ab8fe-18d2-4f01-9096-1736fef14755:192.168.157.252:40666], old=null, confs=<EMPTY_MAP>
2019-09-19 12:13:11,148 [pool-77-thread-1] INFO  impl.RaftServerImpl (RaftServerImpl.java:<init>(95)) - 0c851e12-ff60-4b3e-9b1f-8a8c210c8764: new RaftServerImpl for group-A60CBF19A431:[357e1d52-da6e-4a3f-8c53-892f84a5bd21:192.168.157.252:40030, 0c851e12-ff60-4b3e-9b1f-8a8c210c8764:192.168.157.252:39311, 4e6ab8fe-18d2-4f01-9096-1736fef14755:192.168.157.252:40666] with ContainerStateMachine:uninitialized
2019-09-19 12:13:11,148 [grpc-default-executor-2] INFO  impl.RaftServerProxy (RaftServerProxy.java:addNew(89)) - 357e1d52-da6e-4a3f-8c53-892f84a5bd21: addNew group-A60CBF19A431:[357e1d52-da6e-4a3f-8c53-892f84a5bd21:192.168.157.252:40030, 0c851e12-ff60-4b3e-9b1f-8a8c210c8764:192.168.157.252:39311, 4e6ab8fe-18d2-4f01-9096-1736fef14755:192.168.157.252:40666] returns group-A60CBF19A431:java.util.concurrent.CompletableFuture@72cf60c9[Not completed]
2019-09-19 12:13:11,148 [pool-77-thread-1] INFO  server.RaftServerConfigKeys (ConfUtils.java:logGet(43)) - raft.server.rpc.timeout.min = 5s (custom)
2019-09-19 12:13:11,148 [pool-67-thread-1] INFO  server.RaftServerConfigKeys (ConfUtils.java:logGet(43)) - raft.server.storage.dir = [/workdir/hadoop-ozone/integration-test/target/test-dir/MiniOzoneClusterImpl-e0c4f6c0-f9e5-4c6e-8d6a-9a7c93045680/datanode-4/data/ratis] (custom)
2019-09-19 12:13:11,148 [pool-77-thread-1] INFO  server.RaftServerConfigKeys (ConfUtils.java:logGet(43)) - raft.server.rpc.timeout.max = 5200ms (custom)
2019-09-19 12:13:11,149 [pool-77-thread-1] INFO  server.RaftServerConfigKeys (ConfUtils.java:logGet(43)) - raft.server.rpcslowness.timeout = 120s (custom)
2019-09-19 12:13:11,149 [pool-77-thread-1] INFO  server.RaftServerConfigKeys (ConfUtils.java:logGet(43)) - raft.server.sleep.deviation.threshold = 300 (default)
2019-09-19 12:13:11,149 [pool-77-thread-1] INFO  server.RaftServerConfigKeys (ConfUtils.java:logGet(43)) - raft.server.log.appender.install.snapshot.enabled = false (custom)
2019-09-19 12:13:11,149 [pool-67-thread-1] INFO  storage.RaftStorageDirectory (RaftStorageDirectory.java:analyzeStorage(246)) - The storage directory /workdir/hadoop-ozone/integration-test/target/test-dir/MiniOzoneClusterImpl-e0c4f6c0-f9e5-4c6e-8d6a-9a7c93045680/datanode-4/data/ratis/574ccee5-28de-441e-901d-a60cbf19a431 does not exist. Creating ...
2019-09-19 12:13:11,149 [pool-77-thread-1] INFO  impl.RaftServerImpl (ServerState.java:<init>(103)) - 0c851e12-ff60-4b3e-9b1f-8a8c210c8764@group-A60CBF19A431: ConfigurationManager, init=-1: [357e1d52-da6e-4a3f-8c53-892f84a5bd21:192.168.157.252:40030, 0c851e12-ff60-4b3e-9b1f-8a8c210c8764:192.168.157.252:39311, 4e6ab8fe-18d2-4f01-9096-1736fef14755:192.168.157.252:40666], old=null, confs=<EMPTY_MAP>
2019-09-19 12:13:11,149 [pool-77-thread-1] INFO  server.RaftServerConfigKeys (ConfUtils.java:logGet(43)) - raft.server.storage.dir = [/workdir/hadoop-ozone/integration-test/target/test-dir/MiniOzoneClusterImpl-e0c4f6c0-f9e5-4c6e-8d6a-9a7c93045680/datanode-5/data/ratis] (custom)
2019-09-19 12:13:11,150 [pool-77-thread-1] INFO  storage.RaftStorageDirectory (RaftStorageDirectory.java:analyzeStorage(246)) - The storage directory /workdir/hadoop-ozone/integration-test/target/test-dir/MiniOzoneClusterImpl-e0c4f6c0-f9e5-4c6e-8d6a-9a7c93045680/datanode-5/data/ratis/574ccee5-28de-441e-901d-a60cbf19a431 does not exist. Creating ...
2019-09-19 12:13:11,150 [pool-27-thread-1] INFO  impl.RaftServerImpl (RaftServerImpl.java:<init>(95)) - 357e1d52-da6e-4a3f-8c53-892f84a5bd21: new RaftServerImpl for group-A60CBF19A431:[357e1d52-da6e-4a3f-8c53-892f84a5bd21:192.168.157.252:40030, 0c851e12-ff60-4b3e-9b1f-8a8c210c8764:192.168.157.252:39311, 4e6ab8fe-18d2-4f01-9096-1736fef14755:192.168.157.252:40666] with ContainerStateMachine:uninitialized
2019-09-19 12:13:11,150 [pool-27-thread-1] INFO  server.RaftServerConfigKeys (ConfUtils.java:logGet(43)) - raft.server.rpc.timeout.min = 5s (custom)
2019-09-19 12:13:11,150 [pool-27-thread-1] INFO  server.RaftServerConfigKeys (ConfUtils.java:logGet(43)) - raft.server.rpc.timeout.max = 5200ms (custom)
2019-09-19 12:13:11,151 [pool-27-thread-1] INFO  server.RaftServerConfigKeys (ConfUtils.java:logGet(43)) - raft.server.rpcslowness.timeout = 120s (custom)
2019-09-19 12:13:11,151 [pool-27-thread-1] INFO  server.RaftServerConfigKeys (ConfUtils.java:logGet(43)) - raft.server.sleep.deviation.threshold = 300 (default)
2019-09-19 12:13:11,151 [pool-27-thread-1] INFO  server.RaftServerConfigKeys (ConfUtils.java:logGet(43)) - raft.server.log.appender.install.snapshot.enabled = false (custom)
2019-09-19 12:13:11,151 [pool-27-thread-1] INFO  impl.RaftServerImpl (ServerState.java:<init>(103)) - 357e1d52-da6e-4a3f-8c53-892f84a5bd21@group-A60CBF19A431: ConfigurationManager, init=-1: [357e1d52-da6e-4a3f-8c53-892f84a5bd21:192.168.157.252:40030, 0c851e12-ff60-4b3e-9b1f-8a8c210c8764:192.168.157.252:39311, 4e6ab8fe-18d2-4f01-9096-1736fef14755:192.168.157.252:40666], old=null, confs=<EMPTY_MAP>
2019-09-19 12:13:11,151 [pool-27-thread-1] INFO  server.RaftServerConfigKeys (ConfUtils.java:logGet(43)) - raft.server.storage.dir = [/workdir/hadoop-ozone/integration-test/target/test-dir/MiniOzoneClusterImpl-e0c4f6c0-f9e5-4c6e-8d6a-9a7c93045680/datanode-0/data/ratis] (custom)
2019-09-19 12:13:11,152 [pool-27-thread-1] INFO  storage.RaftStorageDirectory (RaftStorageDirectory.java:analyzeStorage(246)) - The storage directory /workdir/hadoop-ozone/integration-test/target/test-dir/MiniOzoneClusterImpl-e0c4f6c0-f9e5-4c6e-8d6a-9a7c93045680/datanode-0/data/ratis/574ccee5-28de-441e-901d-a60cbf19a431 does not exist. Creating ...
2019-09-19 12:13:11,466 [pool-27-thread-1] INFO  storage.RaftStorageDirectory (RaftStorageDirectory.java:tryLock(328)) - Lock on /workdir/hadoop-ozone/integration-test/target/test-dir/MiniOzoneClusterImpl-e0c4f6c0-f9e5-4c6e-8d6a-9a7c93045680/datanode-0/data/ratis/574ccee5-28de-441e-901d-a60cbf19a431/in_use.lock acquired by nodename 8246@pr-hdds-2153-8htts-3549596055
2019-09-19 12:13:11,466 [pool-77-thread-1] INFO  storage.RaftStorageDirectory (RaftStorageDirectory.java:tryLock(328)) - Lock on /workdir/hadoop-ozone/integration-test/target/test-dir/MiniOzoneClusterImpl-e0c4f6c0-f9e5-4c6e-8d6a-9a7c93045680/datanode-5/data/ratis/574ccee5-28de-441e-901d-a60cbf19a431/in_use.lock acquired by nodename 8246@pr-hdds-2153-8htts-3549596055
2019-09-19 12:13:11,466 [pool-67-thread-1] INFO  storage.RaftStorageDirectory (RaftStorageDirectory.java:tryLock(328)) - Lock on /workdir/hadoop-ozone/integration-test/target/test-dir/MiniOzoneClusterImpl-e0c4f6c0-f9e5-4c6e-8d6a-9a7c93045680/datanode-4/data/ratis/574ccee5-28de-441e-901d-a60cbf19a431/in_use.lock acquired by nodename 8246@pr-hdds-2153-8htts-3549596055
2019-09-19 12:13:11,483 [pool-77-thread-1] INFO  storage.RaftStorage (RaftStorage.java:format(72)) - Storage directory /workdir/hadoop-ozone/integration-test/target/test-dir/MiniOzoneClusterImpl-e0c4f6c0-f9e5-4c6e-8d6a-9a7c93045680/datanode-5/data/ratis/574ccee5-28de-441e-901d-a60cbf19a431 has been successfully formatted.
2019-09-19 12:13:11,483 [pool-27-thread-1] INFO  storage.RaftStorage (RaftStorage.java:format(72)) - Storage directory /workdir/hadoop-ozone/integration-test/target/test-dir/MiniOzoneClusterImpl-e0c4f6c0-f9e5-4c6e-8d6a-9a7c93045680/datanode-0/data/ratis/574ccee5-28de-441e-901d-a60cbf19a431 has been successfully formatted.
2019-09-19 12:13:11,483 [pool-67-thread-1] INFO  storage.RaftStorage (RaftStorage.java:format(72)) - Storage directory /workdir/hadoop-ozone/integration-test/target/test-dir/MiniOzoneClusterImpl-e0c4f6c0-f9e5-4c6e-8d6a-9a7c93045680/datanode-4/data/ratis/574ccee5-28de-441e-901d-a60cbf19a431 has been successfully formatted.
2019-09-19 12:13:11,484 [pool-77-thread-1] INFO  ratis.ContainerStateMachine (ContainerStateMachine.java:loadSnapshot(230)) - group-A60CBF19A431: The snapshot info is null. Setting the last applied indexto:(t:0, i:~)
2019-09-19 12:13:11,484 [pool-27-thread-1] INFO  ratis.ContainerStateMachine (ContainerStateMachine.java:loadSnapshot(230)) - group-A60CBF19A431: The snapshot info is null. Setting the last applied indexto:(t:0, i:~)
2019-09-19 12:13:11,484 [pool-77-thread-1] INFO  server.RaftServerConfigKeys (ConfUtils.java:logGet(43)) - raft.server.notification.no-leader.timeout = 120s (custom)
2019-09-19 12:13:11,484 [pool-27-thread-1] INFO  server.RaftServerConfigKeys (ConfUtils.java:logGet(43)) - raft.server.notification.no-leader.timeout = 120s (custom)
2019-09-19 12:13:11,484 [pool-67-thread-1] INFO  ratis.ContainerStateMachine (ContainerStateMachine.java:loadSnapshot(230)) - group-A60CBF19A431: The snapshot info is null. Setting the last applied indexto:(t:0, i:~)
2019-09-19 12:13:11,484 [pool-27-thread-1] INFO  server.RaftServerConfigKeys (ConfUtils.java:logGet(43)) - raft.server.log.use.memory = false (default)
2019-09-19 12:13:11,484 [pool-77-thread-1] INFO  server.RaftServerConfigKeys (ConfUtils.java:logGet(43)) - raft.server.log.use.memory = false (default)
2019-09-19 12:13:11,485 [pool-27-thread-1] INFO  server.RaftServerConfigKeys (ConfUtils.java:logGet(43)) - raft.server.log.purge.gap = 1000000 (custom)
2019-09-19 12:13:11,485 [pool-67-thread-1] INFO  server.RaftServerConfigKeys (ConfUtils.java:logGet(43)) - raft.server.notification.no-leader.timeout = 120s (custom)
2019-09-19 12:13:11,485 [pool-27-thread-1] INFO  server.RaftServerConfigKeys (ConfUtils.java:logGet(43)) - raft.server.log.appender.buffer.byte-limit = 33554432 (custom)
2019-09-19 12:13:11,485 [pool-77-thread-1] INFO  server.RaftServerConfigKeys (ConfUtils.java:logGet(43)) - raft.server.log.purge.gap = 1000000 (custom)
2019-09-19 12:13:11,485 [pool-27-thread-1] INFO  server.RaftServerConfigKeys (ConfUtils.java:logGet(43)) - raft.server.log.segment.size.max = 1048576 (custom)
2019-09-19 12:13:11,485 [pool-67-thread-1] INFO  server.RaftServerConfigKeys (ConfUtils.java:logGet(43)) - raft.server.log.use.memory = false (default)
2019-09-19 12:13:11,486 [pool-27-thread-1] INFO  server.RaftServerConfigKeys (ConfUtils.java:logGet(43)) - raft.server.log.segment.cache.num.max = 2 (custom)
2019-09-19 12:13:11,485 [pool-77-thread-1] INFO  server.RaftServerConfigKeys (ConfUtils.java:logGet(43)) - raft.server.log.appender.buffer.byte-limit = 33554432 (custom)
2019-09-19 12:13:11,486 [pool-27-thread-1] INFO  segmented.SegmentedRaftLogWorker (SegmentedRaftLogWorker.java:<init>(172)) - new 357e1d52-da6e-4a3f-8c53-892f84a5bd21@group-A60CBF19A431-SegmentedRaftLogWorker for RaftStorage:Storage Directory /workdir/hadoop-ozone/integration-test/target/test-dir/MiniOzoneClusterImpl-e0c4f6c0-f9e5-4c6e-8d6a-9a7c93045680/datanode-0/data/ratis/574ccee5-28de-441e-901d-a60cbf19a431
2019-09-19 12:13:11,486 [pool-67-thread-1] INFO  server.RaftServerConfigKeys (ConfUtils.java:logGet(43)) - raft.server.log.purge.gap = 1000000 (custom)
2019-09-19 12:13:11,486 [pool-27-thread-1] INFO  server.RaftServerConfigKeys (ConfUtils.java:logGet(43)) - raft.server.log.queue.byte-limit = 2147483647 (custom)
2019-09-19 12:13:11,486 [pool-77-thread-1] INFO  server.RaftServerConfigKeys (ConfUtils.java:logGet(43)) - raft.server.log.segment.size.max = 1048576 (custom)
2019-09-19 12:13:11,486 [pool-27-thread-1] INFO  server.RaftServerConfigKeys (ConfUtils.java:logGet(43)) - raft.server.log.queue.element-limit = 1024 (custom)
2019-09-19 12:13:11,486 [pool-67-thread-1] INFO  server.RaftServerConfigKeys (ConfUtils.java:logGet(43)) - raft.server.log.appender.buffer.byte-limit = 33554432 (custom)
2019-09-19 12:13:11,487 [pool-27-thread-1] INFO  server.RaftServerConfigKeys (ConfUtils.java:logGet(43)) - raft.server.log.segment.size.max = 1048576 (custom)
2019-09-19 12:13:11,486 [pool-77-thread-1] INFO  server.RaftServerConfigKeys (ConfUtils.java:logGet(43)) - raft.server.log.segment.cache.num.max = 2 (custom)
2019-09-19 12:13:11,487 [pool-67-thread-1] INFO  server.RaftServerConfigKeys (ConfUtils.java:logGet(43)) - raft.server.log.segment.size.max = 1048576 (custom)
2019-09-19 12:13:11,487 [pool-27-thread-1] INFO  server.RaftServerConfigKeys (ConfUtils.java:logGet(43)) - raft.server.log.preallocated.size = 16384 (custom)
2019-09-19 12:13:11,487 [pool-67-thread-1] INFO  server.RaftServerConfigKeys (ConfUtils.java:logGet(43)) - raft.server.log.segment.cache.num.max = 2 (custom)
2019-09-19 12:13:11,487 [pool-77-thread-1] INFO  segmented.SegmentedRaftLogWorker (SegmentedRaftLogWorker.java:<init>(172)) - new 0c851e12-ff60-4b3e-9b1f-8a8c210c8764@group-A60CBF19A431-SegmentedRaftLogWorker for RaftStorage:Storage Directory /workdir/hadoop-ozone/integration-test/target/test-dir/MiniOzoneClusterImpl-e0c4f6c0-f9e5-4c6e-8d6a-9a7c93045680/datanode-5/data/ratis/574ccee5-28de-441e-901d-a60cbf19a431
2019-09-19 12:13:11,488 [pool-67-thread-1] INFO  segmented.SegmentedRaftLogWorker (SegmentedRaftLogWorker.java:<init>(172)) - new 4e6ab8fe-18d2-4f01-9096-1736fef14755@group-A60CBF19A431-SegmentedRaftLogWorker for RaftStorage:Storage Directory /workdir/hadoop-ozone/integration-test/target/test-dir/MiniOzoneClusterImpl-e0c4f6c0-f9e5-4c6e-8d6a-9a7c93045680/datanode-4/data/ratis/574ccee5-28de-441e-901d-a60cbf19a431
2019-09-19 12:13:11,487 [pool-27-thread-1] INFO  server.RaftServerConfigKeys (ConfUtils.java:logGet(43)) - raft.server.log.write.buffer.size = 33554432 (custom)
2019-09-19 12:13:11,488 [pool-67-thread-1] INFO  server.RaftServerConfigKeys (ConfUtils.java:logGet(43)) - raft.server.log.queue.byte-limit = 2147483647 (custom)
2019-09-19 12:13:11,488 [pool-77-thread-1] INFO  server.RaftServerConfigKeys (ConfUtils.java:logGet(43)) - raft.server.log.queue.byte-limit = 2147483647 (custom)
2019-09-19 12:13:11,489 [pool-67-thread-1] INFO  server.RaftServerConfigKeys (ConfUtils.java:logGet(43)) - raft.server.log.queue.element-limit = 1024 (custom)
2019-09-19 12:13:11,488 [pool-27-thread-1] INFO  server.RaftServerConfigKeys (ConfUtils.java:logGet(43)) - raft.server.log.force.sync.num = 128 (default)
2019-09-19 12:13:11,489 [pool-67-thread-1] INFO  server.RaftServerConfigKeys (ConfUtils.java:logGet(43)) - raft.server.log.segment.size.max = 1048576 (custom)
2019-09-19 12:13:11,489 [pool-77-thread-1] INFO  server.RaftServerConfigKeys (ConfUtils.java:logGet(43)) - raft.server.log.queue.element-limit = 1024 (custom)
2019-09-19 12:13:11,489 [pool-67-thread-1] INFO  server.RaftServerConfigKeys (ConfUtils.java:logGet(43)) - raft.server.log.preallocated.size = 16384 (custom)
2019-09-19 12:13:11,489 [pool-27-thread-1] INFO  server.RaftServerConfigKeys (ConfUtils.java:logGet(43)) - raft.server.log.statemachine.data.sync = true (default)
2019-09-19 12:13:11,490 [pool-67-thread-1] INFO  server.RaftServerConfigKeys (ConfUtils.java:logGet(43)) - raft.server.log.write.buffer.size = 33554432 (custom)
2019-09-19 12:13:11,489 [pool-77-thread-1] INFO  server.RaftServerConfigKeys (ConfUtils.java:logGet(43)) - raft.server.log.segment.size.max = 1048576 (custom)
2019-09-19 12:13:11,490 [pool-67-thread-1] INFO  server.RaftServerConfigKeys (ConfUtils.java:logGet(43)) - raft.server.log.force.sync.num = 128 (default)
2019-09-19 12:13:11,490 [pool-27-thread-1] INFO  server.RaftServerConfigKeys (ConfUtils.java:logGet(43)) - raft.server.log.statemachine.data.sync.timeout = 10s (default)
2019-09-19 12:13:11,490 [pool-67-thread-1] INFO  server.RaftServerConfigKeys (ConfUtils.java:logGet(43)) - raft.server.log.statemachine.data.sync = true (default)
2019-09-19 12:13:11,490 [pool-77-thread-1] INFO  server.RaftServerConfigKeys (ConfUtils.java:logGet(43)) - raft.server.log.preallocated.size = 16384 (custom)
2019-09-19 12:13:11,491 [pool-67-thread-1] INFO  server.RaftServerConfigKeys (ConfUtils.java:logGet(43)) - raft.server.log.statemachine.data.sync.timeout = 10s (default)
2019-09-19 12:13:11,490 [pool-27-thread-1] INFO  server.RaftServerConfigKeys (ConfUtils.java:logGet(43)) - raft.server.log.statemachine.data.sync.timeout.retry = -1 (default)
2019-09-19 12:13:11,491 [pool-67-thread-1] INFO  server.RaftServerConfigKeys (ConfUtils.java:logGet(43)) - raft.server.log.statemachine.data.sync.timeout.retry = -1 (default)
2019-09-19 12:13:11,491 [pool-77-thread-1] INFO  server.RaftServerConfigKeys (ConfUtils.java:logGet(43)) - raft.server.log.write.buffer.size = 33554432 (custom)
2019-09-19 12:13:11,491 [pool-27-thread-1] INFO  server.RaftServerConfigKeys (ConfUtils.java:logGet(43)) - raft.server.log.statemachine.data.caching.enabled = true (custom)
2019-09-19 12:13:11,491 [pool-77-thread-1] INFO  server.RaftServerConfigKeys (ConfUtils.java:logGet(43)) - raft.server.log.force.sync.num = 128 (default)
2019-09-19 12:13:11,491 [pool-67-thread-1] INFO  server.RaftServerConfigKeys (ConfUtils.java:logGet(43)) - raft.server.log.statemachine.data.caching.enabled = true (custom)
2019-09-19 12:13:11,492 [pool-77-thread-1] INFO  server.RaftServerConfigKeys (ConfUtils.java:logGet(43)) - raft.server.log.statemachine.data.sync = true (default)
2019-09-19 12:13:11,492 [pool-27-thread-1] INFO  segmented.SegmentedRaftLogWorker (SegmentedRaftLogWorker.java:lambda$new$0(132)) - 357e1d52-da6e-4a3f-8c53-892f84a5bd21@group-A60CBF19A431-SegmentedRaftLogWorker: flushIndex: setUnconditionally 0 -> -1
2019-09-19 12:13:11,492 [pool-77-thread-1] INFO  server.RaftServerConfigKeys (ConfUtils.java:logGet(43)) - raft.server.log.statemachine.data.sync.timeout = 10s (default)
2019-09-19 12:13:11,492 [pool-67-thread-1] INFO  segmented.SegmentedRaftLogWorker (SegmentedRaftLogWorker.java:lambda$new$0(132)) - 4e6ab8fe-18d2-4f01-9096-1736fef14755@group-A60CBF19A431-SegmentedRaftLogWorker: flushIndex: setUnconditionally 0 -> -1
2019-09-19 12:13:11,492 [pool-27-thread-1] INFO  server.RaftServerConfigKeys (ConfUtils.java:logGet(43)) - raft.server.snapshot.auto.trigger.enabled = true (custom)
2019-09-19 12:13:11,492 [pool-77-thread-1] INFO  server.RaftServerConfigKeys (ConfUtils.java:logGet(43)) - raft.server.log.statemachine.data.sync.timeout.retry = -1 (default)
2019-09-19 12:13:11,493 [pool-67-thread-1] INFO  server.RaftServerConfigKeys (ConfUtils.java:logGet(43)) - raft.server.snapshot.auto.trigger.enabled = true (custom)
2019-09-19 12:13:11,492 [pool-27-thread-1] INFO  server.RaftServerConfigKeys (ConfUtils.java:logGet(43)) - raft.server.snapshot.auto.trigger.threshold = 10000 (custom)
2019-09-19 12:13:11,493 [pool-67-thread-1] INFO  server.RaftServerConfigKeys (ConfUtils.java:logGet(43)) - raft.server.snapshot.auto.trigger.threshold = 10000 (custom)
2019-09-19 12:13:11,493 [pool-77-thread-1] INFO  server.RaftServerConfigKeys (ConfUtils.java:logGet(43)) - raft.server.log.statemachine.data.caching.enabled = true (custom)
2019-09-19 12:13:11,493 [pool-67-thread-1] INFO  server.RaftServerConfigKeys (ConfUtils.java:logGet(43)) - raft.server.snapshot.retention.num.files = -1 (default)
2019-09-19 12:13:11,493 [pool-27-thread-1] INFO  server.RaftServerConfigKeys (ConfUtils.java:logGet(43)) - raft.server.snapshot.retention.num.files = -1 (default)
2019-09-19 12:13:11,493 [pool-77-thread-1] INFO  segmented.SegmentedRaftLogWorker (SegmentedRaftLogWorker.java:lambda$new$0(132)) - 0c851e12-ff60-4b3e-9b1f-8a8c210c8764@group-A60CBF19A431-SegmentedRaftLogWorker: flushIndex: setUnconditionally 0 -> -1
2019-09-19 12:13:11,493 [pool-27-thread-1] INFO  server.RaftServerConfigKeys (ConfUtils.java:logGet(43)) - raft.server.retrycache.expirytime = 600000ms (custom)
2019-09-19 12:13:11,493 [pool-67-thread-1] INFO  server.RaftServerConfigKeys (ConfUtils.java:logGet(43)) - raft.server.retrycache.expirytime = 600000ms (custom)
2019-09-19 12:13:11,494 [pool-77-thread-1] INFO  server.RaftServerConfigKeys (ConfUtils.java:logGet(43)) - raft.server.snapshot.auto.trigger.enabled = true (custom)
2019-09-19 12:13:11,494 [pool-77-thread-1] INFO  server.RaftServerConfigKeys (ConfUtils.java:logGet(43)) - raft.server.snapshot.auto.trigger.threshold = 10000 (custom)
2019-09-19 12:13:11,494 [pool-77-thread-1] INFO  server.RaftServerConfigKeys (ConfUtils.java:logGet(43)) - raft.server.snapshot.retention.num.files = -1 (default)
2019-09-19 12:13:11,494 [pool-77-thread-1] INFO  server.RaftServerConfigKeys (ConfUtils.java:logGet(43)) - raft.server.retrycache.expirytime = 600000ms (custom)
2019-09-19 12:13:11,498 [pool-27-thread-1] INFO  impl.RaftServerImpl (RaftServerImpl.java:start(185)) - 357e1d52-da6e-4a3f-8c53-892f84a5bd21@group-A60CBF19A431: start as a follower, conf=-1: [357e1d52-da6e-4a3f-8c53-892f84a5bd21:192.168.157.252:40030, 0c851e12-ff60-4b3e-9b1f-8a8c210c8764:192.168.157.252:39311, 4e6ab8fe-18d2-4f01-9096-1736fef14755:192.168.157.252:40666], old=null
2019-09-19 12:13:11,498 [pool-27-thread-1] INFO  impl.RaftServerImpl (RaftServerImpl.java:setRole(174)) - 357e1d52-da6e-4a3f-8c53-892f84a5bd21@group-A60CBF19A431: changes role from      null to FOLLOWER at term 0 for startAsFollower
2019-09-19 12:13:11,498 [pool-27-thread-1] INFO  impl.RoleInfo (RoleInfo.java:updateAndGet(143)) - 357e1d52-da6e-4a3f-8c53-892f84a5bd21: start FollowerState
2019-09-19 12:13:11,499 [pool-27-thread-1] INFO  util.JmxRegister (JmxRegister.java:tryRegister(44)) - Successfully registered JMX Bean with object name Ratis:service=RaftServer,group=group-A60CBF19A431,id=357e1d52-da6e-4a3f-8c53-892f84a5bd21
2019-09-19 12:13:11,499 [pool-67-thread-1] INFO  impl.RaftServerImpl (RaftServerImpl.java:start(185)) - 4e6ab8fe-18d2-4f01-9096-1736fef14755@group-A60CBF19A431: start as a follower, conf=-1: [357e1d52-da6e-4a3f-8c53-892f84a5bd21:192.168.157.252:40030, 0c851e12-ff60-4b3e-9b1f-8a8c210c8764:192.168.157.252:39311, 4e6ab8fe-18d2-4f01-9096-1736fef14755:192.168.157.252:40666], old=null
2019-09-19 12:13:11,499 [pool-77-thread-1] INFO  impl.RaftServerImpl (RaftServerImpl.java:start(185)) - 0c851e12-ff60-4b3e-9b1f-8a8c210c8764@group-A60CBF19A431: start as a follower, conf=-1: [357e1d52-da6e-4a3f-8c53-892f84a5bd21:192.168.157.252:40030, 0c851e12-ff60-4b3e-9b1f-8a8c210c8764:192.168.157.252:39311, 4e6ab8fe-18d2-4f01-9096-1736fef14755:192.168.157.252:40666], old=null
2019-09-19 12:13:11,499 [pool-67-thread-1] INFO  impl.RaftServerImpl (RaftServerImpl.java:setRole(174)) - 4e6ab8fe-18d2-4f01-9096-1736fef14755@group-A60CBF19A431: changes role from      null to FOLLOWER at term 0 for startAsFollower
2019-09-19 12:13:11,499 [pool-77-thread-1] INFO  impl.RaftServerImpl (RaftServerImpl.java:setRole(174)) - 0c851e12-ff60-4b3e-9b1f-8a8c210c8764@group-A60CBF19A431: changes role from      null to FOLLOWER at term 0 for startAsFollower
2019-09-19 12:13:11,500 [pool-67-thread-1] INFO  impl.RoleInfo (RoleInfo.java:updateAndGet(143)) - 4e6ab8fe-18d2-4f01-9096-1736fef14755: start FollowerState
2019-09-19 12:13:11,500 [pool-77-thread-1] INFO  impl.RoleInfo (RoleInfo.java:updateAndGet(143)) - 0c851e12-ff60-4b3e-9b1f-8a8c210c8764: start FollowerState
2019-09-19 12:13:11,505 [pool-67-thread-1] INFO  util.JmxRegister (JmxRegister.java:tryRegister(44)) - Successfully registered JMX Bean with object name Ratis:service=RaftServer,group=group-A60CBF19A431,id=4e6ab8fe-18d2-4f01-9096-1736fef14755
2019-09-19 12:13:11,505 [pool-77-thread-1] INFO  util.JmxRegister (JmxRegister.java:tryRegister(44)) - Successfully registered JMX Bean with object name Ratis:service=RaftServer,group=group-A60CBF19A431,id=0c851e12-ff60-4b3e-9b1f-8a8c210c8764
2019-09-19 12:13:11,529 [RatisPipelineUtilsThread] INFO  pipeline.PipelineStateManager (PipelineStateManager.java:addPipeline(56)) - Created pipeline Pipeline[ Id: 574ccee5-28de-441e-901d-a60cbf19a431, Nodes: 0c851e12-ff60-4b3e-9b1f-8a8c210c8764{ip: 192.168.157.252, host: pr-hdds-2153-8htts-3549596055, networkLocation: /default-rack, certSerialId: null}4e6ab8fe-18d2-4f01-9096-1736fef14755{ip: 192.168.157.252, host: pr-hdds-2153-8htts-3549596055, networkLocation: /default-rack, certSerialId: null}357e1d52-da6e-4a3f-8c53-892f84a5bd21{ip: 192.168.157.252, host: pr-hdds-2153-8htts-3549596055, networkLocation: /default-rack, certSerialId: null}, Type:RATIS, Factor:THREE, State:OPEN]
2019-09-19 12:13:11,529 [main] INFO  rpc.RpcClient (RpcClient.java:createVolume(301)) - Creating Volume: watchforcommithandlingtest, with jenkins1000 as owner.
2019-09-19 12:13:11,575 [grpc-default-executor-0] INFO  impl.RaftServerProxy (RaftServerProxy.java:addNew(89)) - b4461942-ccf8-4c18-8b81-7a511519d752: addNew group-5EEDD53916E2:[2f0d8293-e38d-4dd5-8e48-724baf044eb9:192.168.157.252:35940, b758d66f-4695-4f8d-8a5a-f8e44558c557:192.168.157.252:36827, b4461942-ccf8-4c18-8b81-7a511519d752:192.168.157.252:36487] returns group-5EEDD53916E2:java.util.concurrent.CompletableFuture@1938d90d[Not completed]
2019-09-19 12:13:11,576 [grpc-default-executor-1] INFO  impl.RaftServerProxy (RaftServerProxy.java:addNew(89)) - b758d66f-4695-4f8d-8a5a-f8e44558c557: addNew group-5EEDD53916E2:[2f0d8293-e38d-4dd5-8e48-724baf044eb9:192.168.157.252:35940, b758d66f-4695-4f8d-8a5a-f8e44558c557:192.168.157.252:36827, b4461942-ccf8-4c18-8b81-7a511519d752:192.168.157.252:36487] returns group-5EEDD53916E2:java.util.concurrent.CompletableFuture@79d46a38[Not completed]
2019-09-19 12:13:11,580 [grpc-default-executor-0] INFO  impl.RaftServerProxy (RaftServerProxy.java:addNew(89)) - 2f0d8293-e38d-4dd5-8e48-724baf044eb9: addNew group-5EEDD53916E2:[2f0d8293-e38d-4dd5-8e48-724baf044eb9:192.168.157.252:35940, b758d66f-4695-4f8d-8a5a-f8e44558c557:192.168.157.252:36827, b4461942-ccf8-4c18-8b81-7a511519d752:192.168.157.252:36487] returns group-5EEDD53916E2:java.util.concurrent.CompletableFuture@b8335d5[Not completed]
2019-09-19 12:13:11,580 [pool-47-thread-1] INFO  impl.RaftServerImpl (RaftServerImpl.java:<init>(95)) - b4461942-ccf8-4c18-8b81-7a511519d752: new RaftServerImpl for group-5EEDD53916E2:[2f0d8293-e38d-4dd5-8e48-724baf044eb9:192.168.157.252:35940, b758d66f-4695-4f8d-8a5a-f8e44558c557:192.168.157.252:36827, b4461942-ccf8-4c18-8b81-7a511519d752:192.168.157.252:36487] with ContainerStateMachine:uninitialized
2019-09-19 12:13:11,580 [pool-47-thread-1] INFO  server.RaftServerConfigKeys (ConfUtils.java:logGet(43)) - raft.server.rpc.timeout.min = 5s (custom)
2019-09-19 12:13:11,580 [pool-47-thread-1] INFO  server.RaftServerConfigKeys (ConfUtils.java:logGet(43)) - raft.server.rpc.timeout.max = 5200ms (custom)
2019-09-19 12:13:11,580 [pool-47-thread-1] INFO  server.RaftServerConfigKeys (ConfUtils.java:logGet(43)) - raft.server.rpcslowness.timeout = 120s (custom)
2019-09-19 12:13:11,580 [pool-47-thread-1] INFO  server.RaftServerConfigKeys (ConfUtils.java:logGet(43)) - raft.server.sleep.deviation.threshold = 300 (default)
2019-09-19 12:13:11,580 [pool-47-thread-1] INFO  server.RaftServerConfigKeys (ConfUtils.java:logGet(43)) - raft.server.log.appender.install.snapshot.enabled = false (custom)
2019-09-19 12:13:11,581 [pool-47-thread-1] INFO  impl.RaftServerImpl (ServerState.java:<init>(103)) - b4461942-ccf8-4c18-8b81-7a511519d752@group-5EEDD53916E2: ConfigurationManager, init=-1: [2f0d8293-e38d-4dd5-8e48-724baf044eb9:192.168.157.252:35940, b758d66f-4695-4f8d-8a5a-f8e44558c557:192.168.157.252:36827, b4461942-ccf8-4c18-8b81-7a511519d752:192.168.157.252:36487], old=null, confs=<EMPTY_MAP>
2019-09-19 12:13:11,581 [pool-47-thread-1] INFO  server.RaftServerConfigKeys (ConfUtils.java:logGet(43)) - raft.server.storage.dir = [/workdir/hadoop-ozone/integration-test/target/test-dir/MiniOzoneClusterImpl-e0c4f6c0-f9e5-4c6e-8d6a-9a7c93045680/datanode-2/data/ratis] (custom)
2019-09-19 12:13:11,581 [pool-37-thread-1] INFO  impl.RaftServerImpl (RaftServerImpl.java:<init>(95)) - b758d66f-4695-4f8d-8a5a-f8e44558c557: new RaftServerImpl for group-5EEDD53916E2:[2f0d8293-e38d-4dd5-8e48-724baf044eb9:192.168.157.252:35940, b758d66f-4695-4f8d-8a5a-f8e44558c557:192.168.157.252:36827, b4461942-ccf8-4c18-8b81-7a511519d752:192.168.157.252:36487] with ContainerStateMachine:uninitialized
2019-09-19 12:13:11,581 [pool-47-thread-1] INFO  storage.RaftStorageDirectory (RaftStorageDirectory.java:analyzeStorage(246)) - The storage directory /workdir/hadoop-ozone/integration-test/target/test-dir/MiniOzoneClusterImpl-e0c4f6c0-f9e5-4c6e-8d6a-9a7c93045680/datanode-2/data/ratis/70b64ca1-ad82-4ef6-a881-5eedd53916e2 does not exist. Creating ...
2019-09-19 12:13:11,581 [pool-37-thread-1] INFO  server.RaftServerConfigKeys (ConfUtils.java:logGet(43)) - raft.server.rpc.timeout.min = 5s (custom)
2019-09-19 12:13:11,582 [pool-37-thread-1] INFO  server.RaftServerConfigKeys (ConfUtils.java:logGet(43)) - raft.server.rpc.timeout.max = 5200ms (custom)
2019-09-19 12:13:11,582 [pool-37-thread-1] INFO  server.RaftServerConfigKeys (ConfUtils.java:logGet(43)) - raft.server.rpcslowness.timeout = 120s (custom)
2019-09-19 12:13:11,582 [pool-37-thread-1] INFO  server.RaftServerConfigKeys (ConfUtils.java:logGet(43)) - raft.server.sleep.deviation.threshold = 300 (default)
2019-09-19 12:13:11,582 [pool-37-thread-1] INFO  server.RaftServerConfigKeys (ConfUtils.java:logGet(43)) - raft.server.log.appender.install.snapshot.enabled = false (custom)
2019-09-19 12:13:11,582 [pool-37-thread-1] INFO  impl.RaftServerImpl (ServerState.java:<init>(103)) - b758d66f-4695-4f8d-8a5a-f8e44558c557@group-5EEDD53916E2: ConfigurationManager, init=-1: [2f0d8293-e38d-4dd5-8e48-724baf044eb9:192.168.157.252:35940, b758d66f-4695-4f8d-8a5a-f8e44558c557:192.168.157.252:36827, b4461942-ccf8-4c18-8b81-7a511519d752:192.168.157.252:36487], old=null, confs=<EMPTY_MAP>
2019-09-19 12:13:11,582 [pool-57-thread-1] INFO  impl.RaftServerImpl (RaftServerImpl.java:<init>(95)) - 2f0d8293-e38d-4dd5-8e48-724baf044eb9: new RaftServerImpl for group-5EEDD53916E2:[2f0d8293-e38d-4dd5-8e48-724baf044eb9:192.168.157.252:35940, b758d66f-4695-4f8d-8a5a-f8e44558c557:192.168.157.252:36827, b4461942-ccf8-4c18-8b81-7a511519d752:192.168.157.252:36487] with ContainerStateMachine:uninitialized
2019-09-19 12:13:11,582 [pool-37-thread-1] INFO  server.RaftServerConfigKeys (ConfUtils.java:logGet(43)) - raft.server.storage.dir = [/workdir/hadoop-ozone/integration-test/target/test-dir/MiniOzoneClusterImpl-e0c4f6c0-f9e5-4c6e-8d6a-9a7c93045680/datanode-1/data/ratis] (custom)
2019-09-19 12:13:11,583 [pool-57-thread-1] INFO  server.RaftServerConfigKeys (ConfUtils.java:logGet(43)) - raft.server.rpc.timeout.min = 5s (custom)
2019-09-19 12:13:11,583 [pool-57-thread-1] INFO  server.RaftServerConfigKeys (ConfUtils.java:logGet(43)) - raft.server.rpc.timeout.max = 5200ms (custom)
2019-09-19 12:13:11,583 [pool-37-thread-1] INFO  storage.RaftStorageDirectory (RaftStorageDirectory.java:analyzeStorage(246)) - The storage directory /workdir/hadoop-ozone/integration-test/target/test-dir/MiniOzoneClusterImpl-e0c4f6c0-f9e5-4c6e-8d6a-9a7c93045680/datanode-1/data/ratis/70b64ca1-ad82-4ef6-a881-5eedd53916e2 does not exist. Creating ...
2019-09-19 12:13:11,583 [pool-57-thread-1] INFO  server.RaftServerConfigKeys (ConfUtils.java:logGet(43)) - raft.server.rpcslowness.timeout = 120s (custom)
2019-09-19 12:13:11,583 [pool-57-thread-1] INFO  server.RaftServerConfigKeys (ConfUtils.java:logGet(43)) - raft.server.sleep.deviation.threshold = 300 (default)
2019-09-19 12:13:11,583 [pool-57-thread-1] INFO  server.RaftServerConfigKeys (ConfUtils.java:logGet(43)) - raft.server.log.appender.install.snapshot.enabled = false (custom)
2019-09-19 12:13:11,584 [pool-57-thread-1] INFO  impl.RaftServerImpl (ServerState.java:<init>(103)) - 2f0d8293-e38d-4dd5-8e48-724baf044eb9@group-5EEDD53916E2: ConfigurationManager, init=-1: [2f0d8293-e38d-4dd5-8e48-724baf044eb9:192.168.157.252:35940, b758d66f-4695-4f8d-8a5a-f8e44558c557:192.168.157.252:36827, b4461942-ccf8-4c18-8b81-7a511519d752:192.168.157.252:36487], old=null, confs=<EMPTY_MAP>
2019-09-19 12:13:11,584 [pool-57-thread-1] INFO  server.RaftServerConfigKeys (ConfUtils.java:logGet(43)) - raft.server.storage.dir = [/workdir/hadoop-ozone/integration-test/target/test-dir/MiniOzoneClusterImpl-e0c4f6c0-f9e5-4c6e-8d6a-9a7c93045680/datanode-3/data/ratis] (custom)
2019-09-19 12:13:11,584 [pool-57-thread-1] INFO  storage.RaftStorageDirectory (RaftStorageDirectory.java:analyzeStorage(246)) - The storage directory /workdir/hadoop-ozone/integration-test/target/test-dir/MiniOzoneClusterImpl-e0c4f6c0-f9e5-4c6e-8d6a-9a7c93045680/datanode-3/data/ratis/70b64ca1-ad82-4ef6-a881-5eedd53916e2 does not exist. Creating ...
2019-09-19 12:13:11,594 [pool-57-thread-1] INFO  storage.RaftStorageDirectory (RaftStorageDirectory.java:tryLock(328)) - Lock on /workdir/hadoop-ozone/integration-test/target/test-dir/MiniOzoneClusterImpl-e0c4f6c0-f9e5-4c6e-8d6a-9a7c93045680/datanode-3/data/ratis/70b64ca1-ad82-4ef6-a881-5eedd53916e2/in_use.lock acquired by nodename 8246@pr-hdds-2153-8htts-3549596055
2019-09-19 12:13:11,594 [pool-47-thread-1] INFO  storage.RaftStorageDirectory (RaftStorageDirectory.java:tryLock(328)) - Lock on /workdir/hadoop-ozone/integration-test/target/test-dir/MiniOzoneClusterImpl-e0c4f6c0-f9e5-4c6e-8d6a-9a7c93045680/datanode-2/data/ratis/70b64ca1-ad82-4ef6-a881-5eedd53916e2/in_use.lock acquired by nodename 8246@pr-hdds-2153-8htts-3549596055
2019-09-19 12:13:11,594 [pool-37-thread-1] INFO  storage.RaftStorageDirectory (RaftStorageDirectory.java:tryLock(328)) - Lock on /workdir/hadoop-ozone/integration-test/target/test-dir/MiniOzoneClusterImpl-e0c4f6c0-f9e5-4c6e-8d6a-9a7c93045680/datanode-1/data/ratis/70b64ca1-ad82-4ef6-a881-5eedd53916e2/in_use.lock acquired by nodename 8246@pr-hdds-2153-8htts-3549596055
2019-09-19 12:13:11,617 [pool-37-thread-1] INFO  storage.RaftStorage (RaftStorage.java:format(72)) - Storage directory /workdir/hadoop-ozone/integration-test/target/test-dir/MiniOzoneClusterImpl-e0c4f6c0-f9e5-4c6e-8d6a-9a7c93045680/datanode-1/data/ratis/70b64ca1-ad82-4ef6-a881-5eedd53916e2 has been successfully formatted.
2019-09-19 12:13:11,617 [pool-57-thread-1] INFO  storage.RaftStorage (RaftStorage.java:format(72)) - Storage directory /workdir/hadoop-ozone/integration-test/target/test-dir/MiniOzoneClusterImpl-e0c4f6c0-f9e5-4c6e-8d6a-9a7c93045680/datanode-3/data/ratis/70b64ca1-ad82-4ef6-a881-5eedd53916e2 has been successfully formatted.
2019-09-19 12:13:11,617 [pool-47-thread-1] INFO  storage.RaftStorage (RaftStorage.java:format(72)) - Storage directory /workdir/hadoop-ozone/integration-test/target/test-dir/MiniOzoneClusterImpl-e0c4f6c0-f9e5-4c6e-8d6a-9a7c93045680/datanode-2/data/ratis/70b64ca1-ad82-4ef6-a881-5eedd53916e2 has been successfully formatted.
2019-09-19 12:13:11,618 [pool-37-thread-1] INFO  ratis.ContainerStateMachine (ContainerStateMachine.java:loadSnapshot(230)) - group-5EEDD53916E2: The snapshot info is null. Setting the last applied indexto:(t:0, i:~)
2019-09-19 12:13:11,618 [pool-57-thread-1] INFO  ratis.ContainerStateMachine (ContainerStateMachine.java:loadSnapshot(230)) - group-5EEDD53916E2: The snapshot info is null. Setting the last applied indexto:(t:0, i:~)
2019-09-19 12:13:11,618 [pool-37-thread-1] INFO  server.RaftServerConfigKeys (ConfUtils.java:logGet(43)) - raft.server.notification.no-leader.timeout = 120s (custom)
2019-09-19 12:13:11,618 [pool-47-thread-1] INFO  ratis.ContainerStateMachine (ContainerStateMachine.java:loadSnapshot(230)) - group-5EEDD53916E2: The snapshot info is null. Setting the last applied indexto:(t:0, i:~)
2019-09-19 12:13:11,618 [pool-37-thread-1] INFO  server.RaftServerConfigKeys (ConfUtils.java:logGet(43)) - raft.server.log.use.memory = false (default)
2019-09-19 12:13:11,618 [pool-57-thread-1] INFO  server.RaftServerConfigKeys (ConfUtils.java:logGet(43)) - raft.server.notification.no-leader.timeout = 120s (custom)
2019-09-19 12:13:11,619 [pool-37-thread-1] INFO  server.RaftServerConfigKeys (ConfUtils.java:logGet(43)) - raft.server.log.purge.gap = 1000000 (custom)
2019-09-19 12:13:11,619 [pool-47-thread-1] INFO  server.RaftServerConfigKeys (ConfUtils.java:logGet(43)) - raft.server.notification.no-leader.timeout = 120s (custom)
2019-09-19 12:13:11,619 [pool-37-thread-1] INFO  server.RaftServerConfigKeys (ConfUtils.java:logGet(43)) - raft.server.log.appender.buffer.byte-limit = 33554432 (custom)
2019-09-19 12:13:11,619 [pool-57-thread-1] INFO  server.RaftServerConfigKeys (ConfUtils.java:logGet(43)) - raft.server.log.use.memory = false (default)
2019-09-19 12:13:11,619 [pool-37-thread-1] INFO  server.RaftServerConfigKeys (ConfUtils.java:logGet(43)) - raft.server.log.segment.size.max = 1048576 (custom)
2019-09-19 12:13:11,619 [pool-47-thread-1] INFO  server.RaftServerConfigKeys (ConfUtils.java:logGet(43)) - raft.server.log.use.memory = false (default)
2019-09-19 12:13:11,619 [pool-37-thread-1] INFO  server.RaftServerConfigKeys (ConfUtils.java:logGet(43)) - raft.server.log.segment.cache.num.max = 2 (custom)
2019-09-19 12:13:11,619 [pool-57-thread-1] INFO  server.RaftServerConfigKeys (ConfUtils.java:logGet(43)) - raft.server.log.purge.gap = 1000000 (custom)
2019-09-19 12:13:11,620 [pool-37-thread-1] INFO  segmented.SegmentedRaftLogWorker (SegmentedRaftLogWorker.java:<init>(172)) - new b758d66f-4695-4f8d-8a5a-f8e44558c557@group-5EEDD53916E2-SegmentedRaftLogWorker for RaftStorage:Storage Directory /workdir/hadoop-ozone/integration-test/target/test-dir/MiniOzoneClusterImpl-e0c4f6c0-f9e5-4c6e-8d6a-9a7c93045680/datanode-1/data/ratis/70b64ca1-ad82-4ef6-a881-5eedd53916e2
2019-09-19 12:13:11,620 [pool-47-thread-1] INFO  server.RaftServerConfigKeys (ConfUtils.java:logGet(43)) - raft.server.log.purge.gap = 1000000 (custom)
2019-09-19 12:13:11,620 [pool-37-thread-1] INFO  server.RaftServerConfigKeys (ConfUtils.java:logGet(43)) - raft.server.log.queue.byte-limit = 2147483647 (custom)
2019-09-19 12:13:11,620 [pool-57-thread-1] INFO  server.RaftServerConfigKeys (ConfUtils.java:logGet(43)) - raft.server.log.appender.buffer.byte-limit = 33554432 (custom)
2019-09-19 12:13:11,620 [pool-37-thread-1] INFO  server.RaftServerConfigKeys (ConfUtils.java:logGet(43)) - raft.server.log.queue.element-limit = 1024 (custom)
2019-09-19 12:13:11,620 [pool-47-thread-1] INFO  server.RaftServerConfigKeys (ConfUtils.java:logGet(43)) - raft.server.log.appender.buffer.byte-limit = 33554432 (custom)
2019-09-19 12:13:11,620 [pool-37-thread-1] INFO  server.RaftServerConfigKeys (ConfUtils.java:logGet(43)) - raft.server.log.segment.size.max = 1048576 (custom)
2019-09-19 12:13:11,620 [pool-57-thread-1] INFO  server.RaftServerConfigKeys (ConfUtils.java:logGet(43)) - raft.server.log.segment.size.max = 1048576 (custom)
2019-09-19 12:13:11,621 [pool-37-thread-1] INFO  server.RaftServerConfigKeys (ConfUtils.java:logGet(43)) - raft.server.log.preallocated.size = 16384 (custom)
2019-09-19 12:13:11,621 [pool-47-thread-1] INFO  server.RaftServerConfigKeys (ConfUtils.java:logGet(43)) - raft.server.log.segment.size.max = 1048576 (custom)
2019-09-19 12:13:11,621 [pool-37-thread-1] INFO  server.RaftServerConfigKeys (ConfUtils.java:logGet(43)) - raft.server.log.write.buffer.size = 33554432 (custom)
2019-09-19 12:13:11,621 [pool-57-thread-1] INFO  server.RaftServerConfigKeys (ConfUtils.java:logGet(43)) - raft.server.log.segment.cache.num.max = 2 (custom)
2019-09-19 12:13:11,621 [pool-37-thread-1] INFO  server.RaftServerConfigKeys (ConfUtils.java:logGet(43)) - raft.server.log.force.sync.num = 128 (default)
2019-09-19 12:13:11,621 [pool-47-thread-1] INFO  server.RaftServerConfigKeys (ConfUtils.java:logGet(43)) - raft.server.log.segment.cache.num.max = 2 (custom)
2019-09-19 12:13:11,621 [pool-37-thread-1] INFO  server.RaftServerConfigKeys (ConfUtils.java:logGet(43)) - raft.server.log.statemachine.data.sync = true (default)
2019-09-19 12:13:11,621 [pool-57-thread-1] INFO  segmented.SegmentedRaftLogWorker (SegmentedRaftLogWorker.java:<init>(172)) - new 2f0d8293-e38d-4dd5-8e48-724baf044eb9@group-5EEDD53916E2-SegmentedRaftLogWorker for RaftStorage:Storage Directory /workdir/hadoop-ozone/integration-test/target/test-dir/MiniOzoneClusterImpl-e0c4f6c0-f9e5-4c6e-8d6a-9a7c93045680/datanode-3/data/ratis/70b64ca1-ad82-4ef6-a881-5eedd53916e2
2019-09-19 12:13:11,622 [pool-37-thread-1] INFO  server.RaftServerConfigKeys (ConfUtils.java:logGet(43)) - raft.server.log.statemachine.data.sync.timeout = 10s (default)
2019-09-19 12:13:11,622 [pool-47-thread-1] INFO  segmented.SegmentedRaftLogWorker (SegmentedRaftLogWorker.java:<init>(172)) - new b4461942-ccf8-4c18-8b81-7a511519d752@group-5EEDD53916E2-SegmentedRaftLogWorker for RaftStorage:Storage Directory /workdir/hadoop-ozone/integration-test/target/test-dir/MiniOzoneClusterImpl-e0c4f6c0-f9e5-4c6e-8d6a-9a7c93045680/datanode-2/data/ratis/70b64ca1-ad82-4ef6-a881-5eedd53916e2
2019-09-19 12:13:11,622 [pool-37-thread-1] INFO  server.RaftServerConfigKeys (ConfUtils.java:logGet(43)) - raft.server.log.statemachine.data.sync.timeout.retry = -1 (default)
2019-09-19 12:13:11,622 [pool-57-thread-1] INFO  server.RaftServerConfigKeys (ConfUtils.java:logGet(43)) - raft.server.log.queue.byte-limit = 2147483647 (custom)
2019-09-19 12:13:11,622 [pool-37-thread-1] INFO  server.RaftServerConfigKeys (ConfUtils.java:logGet(43)) - raft.server.log.statemachine.data.caching.enabled = true (custom)
2019-09-19 12:13:11,622 [pool-47-thread-1] INFO  server.RaftServerConfigKeys (ConfUtils.java:logGet(43)) - raft.server.log.queue.byte-limit = 2147483647 (custom)
2019-09-19 12:13:11,622 [pool-57-thread-1] INFO  server.RaftServerConfigKeys (ConfUtils.java:logGet(43)) - raft.server.log.queue.element-limit = 1024 (custom)
2019-09-19 12:13:11,623 [pool-47-thread-1] INFO  server.RaftServerConfigKeys (ConfUtils.java:logGet(43)) - raft.server.log.queue.element-limit = 1024 (custom)
2019-09-19 12:13:11,623 [pool-37-thread-1] INFO  segmented.SegmentedRaftLogWorker (SegmentedRaftLogWorker.java:lambda$new$0(132)) - b758d66f-4695-4f8d-8a5a-f8e44558c557@group-5EEDD53916E2-SegmentedRaftLogWorker: flushIndex: setUnconditionally 0 -> -1
2019-09-19 12:13:11,623 [pool-47-thread-1] INFO  server.RaftServerConfigKeys (ConfUtils.java:logGet(43)) - raft.server.log.segment.size.max = 1048576 (custom)
2019-09-19 12:13:11,623 [pool-57-thread-1] INFO  server.RaftServerConfigKeys (ConfUtils.java:logGet(43)) - raft.server.log.segment.size.max = 1048576 (custom)
2019-09-19 12:13:11,623 [pool-47-thread-1] INFO  server.RaftServerConfigKeys (ConfUtils.java:logGet(43)) - raft.server.log.preallocated.size = 16384 (custom)
2019-09-19 12:13:11,623 [pool-37-thread-1] INFO  server.RaftServerConfigKeys (ConfUtils.java:logGet(43)) - raft.server.snapshot.auto.trigger.enabled = true (custom)
2019-09-19 12:13:11,624 [pool-47-thread-1] INFO  server.RaftServerConfigKeys (ConfUtils.java:logGet(43)) - raft.server.log.write.buffer.size = 33554432 (custom)
2019-09-19 12:13:11,623 [pool-57-thread-1] INFO  server.RaftServerConfigKeys (ConfUtils.java:logGet(43)) - raft.server.log.preallocated.size = 16384 (custom)
2019-09-19 12:13:11,624 [pool-47-thread-1] INFO  server.RaftServerConfigKeys (ConfUtils.java:logGet(43)) - raft.server.log.force.sync.num = 128 (default)
2019-09-19 12:13:11,624 [pool-37-thread-1] INFO  server.RaftServerConfigKeys (ConfUtils.java:logGet(43)) - raft.server.snapshot.auto.trigger.threshold = 10000 (custom)
2019-09-19 12:13:11,624 [pool-47-thread-1] INFO  server.RaftServerConfigKeys (ConfUtils.java:logGet(43)) - raft.server.log.statemachine.data.sync = true (default)
2019-09-19 12:13:11,624 [pool-57-thread-1] INFO  server.RaftServerConfigKeys (ConfUtils.java:logGet(43)) - raft.server.log.write.buffer.size = 33554432 (custom)
2019-09-19 12:13:11,625 [pool-47-thread-1] INFO  server.RaftServerConfigKeys (ConfUtils.java:logGet(43)) - raft.server.log.statemachine.data.sync.timeout = 10s (default)
2019-09-19 12:13:11,624 [pool-37-thread-1] INFO  server.RaftServerConfigKeys (ConfUtils.java:logGet(43)) - raft.server.snapshot.retention.num.files = -1 (default)
2019-09-19 12:13:11,625 [pool-47-thread-1] INFO  server.RaftServerConfigKeys (ConfUtils.java:logGet(43)) - raft.server.log.statemachine.data.sync.timeout.retry = -1 (default)
2019-09-19 12:13:11,625 [pool-57-thread-1] INFO  server.RaftServerConfigKeys (ConfUtils.java:logGet(43)) - raft.server.log.force.sync.num = 128 (default)
2019-09-19 12:13:11,625 [pool-37-thread-1] INFO  server.RaftServerConfigKeys (ConfUtils.java:logGet(43)) - raft.server.retrycache.expirytime = 600000ms (custom)
2019-09-19 12:13:11,625 [pool-57-thread-1] INFO  server.RaftServerConfigKeys (ConfUtils.java:logGet(43)) - raft.server.log.statemachine.data.sync = true (default)
2019-09-19 12:13:11,625 [pool-47-thread-1] INFO  server.RaftServerConfigKeys (ConfUtils.java:logGet(43)) - raft.server.log.statemachine.data.caching.enabled = true (custom)
2019-09-19 12:13:11,628 [pool-57-thread-1] INFO  server.RaftServerConfigKeys (ConfUtils.java:logGet(43)) - raft.server.log.statemachine.data.sync.timeout = 10s (default)
2019-09-19 12:13:11,628 [pool-47-thread-1] INFO  segmented.SegmentedRaftLogWorker (SegmentedRaftLogWorker.java:lambda$new$0(132)) - b4461942-ccf8-4c18-8b81-7a511519d752@group-5EEDD53916E2-SegmentedRaftLogWorker: flushIndex: setUnconditionally 0 -> -1
2019-09-19 12:13:11,628 [pool-57-thread-1] INFO  server.RaftServerConfigKeys (ConfUtils.java:logGet(43)) - raft.server.log.statemachine.data.sync.timeout.retry = -1 (default)
2019-09-19 12:13:11,629 [pool-47-thread-1] INFO  server.RaftServerConfigKeys (ConfUtils.java:logGet(43)) - raft.server.snapshot.auto.trigger.enabled = true (custom)
2019-09-19 12:13:11,629 [pool-47-thread-1] INFO  server.RaftServerConfigKeys (ConfUtils.java:logGet(43)) - raft.server.snapshot.auto.trigger.threshold = 10000 (custom)
2019-09-19 12:13:11,629 [pool-57-thread-1] INFO  server.RaftServerConfigKeys (ConfUtils.java:logGet(43)) - raft.server.log.statemachine.data.caching.enabled = true (custom)
2019-09-19 12:13:11,629 [pool-47-thread-1] INFO  server.RaftServerConfigKeys (ConfUtils.java:logGet(43)) - raft.server.snapshot.retention.num.files = -1 (default)
2019-09-19 12:13:11,629 [pool-57-thread-1] INFO  segmented.SegmentedRaftLogWorker (SegmentedRaftLogWorker.java:lambda$new$0(132)) - 2f0d8293-e38d-4dd5-8e48-724baf044eb9@group-5EEDD53916E2-SegmentedRaftLogWorker: flushIndex: setUnconditionally 0 -> -1
2019-09-19 12:13:11,629 [pool-47-thread-1] INFO  server.RaftServerConfigKeys (ConfUtils.java:logGet(43)) - raft.server.retrycache.expirytime = 600000ms (custom)
2019-09-19 12:13:11,630 [pool-57-thread-1] INFO  server.RaftServerConfigKeys (ConfUtils.java:logGet(43)) - raft.server.snapshot.auto.trigger.enabled = true (custom)
2019-09-19 12:13:11,630 [pool-57-thread-1] INFO  server.RaftServerConfigKeys (ConfUtils.java:logGet(43)) - raft.server.snapshot.auto.trigger.threshold = 10000 (custom)
2019-09-19 12:13:11,630 [pool-57-thread-1] INFO  server.RaftServerConfigKeys (ConfUtils.java:logGet(43)) - raft.server.snapshot.retention.num.files = -1 (default)
2019-09-19 12:13:11,630 [pool-57-thread-1] INFO  server.RaftServerConfigKeys (ConfUtils.java:logGet(43)) - raft.server.retrycache.expirytime = 600000ms (custom)
2019-09-19 12:13:11,631 [pool-37-thread-1] INFO  impl.RaftServerImpl (RaftServerImpl.java:start(185)) - b758d66f-4695-4f8d-8a5a-f8e44558c557@group-5EEDD53916E2: start as a follower, conf=-1: [2f0d8293-e38d-4dd5-8e48-724baf044eb9:192.168.157.252:35940, b758d66f-4695-4f8d-8a5a-f8e44558c557:192.168.157.252:36827, b4461942-ccf8-4c18-8b81-7a511519d752:192.168.157.252:36487], old=null
2019-09-19 12:13:11,631 [pool-37-thread-1] INFO  impl.RaftServerImpl (RaftServerImpl.java:setRole(174)) - b758d66f-4695-4f8d-8a5a-f8e44558c557@group-5EEDD53916E2: changes role from      null to FOLLOWER at term 0 for startAsFollower
2019-09-19 12:13:11,632 [pool-37-thread-1] INFO  impl.RoleInfo (RoleInfo.java:updateAndGet(143)) - b758d66f-4695-4f8d-8a5a-f8e44558c557: start FollowerState
2019-09-19 12:13:11,632 [pool-37-thread-1] INFO  util.JmxRegister (JmxRegister.java:tryRegister(44)) - Successfully registered JMX Bean with object name Ratis:service=RaftServer,group=group-5EEDD53916E2,id=b758d66f-4695-4f8d-8a5a-f8e44558c557
2019-09-19 12:13:11,637 [pool-47-thread-1] INFO  impl.RaftServerImpl (RaftServerImpl.java:start(185)) - b4461942-ccf8-4c18-8b81-7a511519d752@group-5EEDD53916E2: start as a follower, conf=-1: [2f0d8293-e38d-4dd5-8e48-724baf044eb9:192.168.157.252:35940, b758d66f-4695-4f8d-8a5a-f8e44558c557:192.168.157.252:36827, b4461942-ccf8-4c18-8b81-7a511519d752:192.168.157.252:36487], old=null
2019-09-19 12:13:11,637 [pool-47-thread-1] INFO  impl.RaftServerImpl (RaftServerImpl.java:setRole(174)) - b4461942-ccf8-4c18-8b81-7a511519d752@group-5EEDD53916E2: changes role from      null to FOLLOWER at term 0 for startAsFollower
2019-09-19 12:13:11,637 [pool-47-thread-1] INFO  impl.RoleInfo (RoleInfo.java:updateAndGet(143)) - b4461942-ccf8-4c18-8b81-7a511519d752: start FollowerState
2019-09-19 12:13:11,637 [pool-57-thread-1] INFO  impl.RaftServerImpl (RaftServerImpl.java:start(185)) - 2f0d8293-e38d-4dd5-8e48-724baf044eb9@group-5EEDD53916E2: start as a follower, conf=-1: [2f0d8293-e38d-4dd5-8e48-724baf044eb9:192.168.157.252:35940, b758d66f-4695-4f8d-8a5a-f8e44558c557:192.168.157.252:36827, b4461942-ccf8-4c18-8b81-7a511519d752:192.168.157.252:36487], old=null
2019-09-19 12:13:11,639 [pool-57-thread-1] INFO  impl.RaftServerImpl (RaftServerImpl.java:setRole(174)) - 2f0d8293-e38d-4dd5-8e48-724baf044eb9@group-5EEDD53916E2: changes role from      null to FOLLOWER at term 0 for startAsFollower
2019-09-19 12:13:11,639 [pool-47-thread-1] INFO  util.JmxRegister (JmxRegister.java:tryRegister(44)) - Successfully registered JMX Bean with object name Ratis:service=RaftServer,group=group-5EEDD53916E2,id=b4461942-ccf8-4c18-8b81-7a511519d752
2019-09-19 12:13:11,640 [pool-57-thread-1] INFO  impl.RoleInfo (RoleInfo.java:updateAndGet(143)) - 2f0d8293-e38d-4dd5-8e48-724baf044eb9: start FollowerState
2019-09-19 12:13:11,644 [pool-57-thread-1] INFO  util.JmxRegister (JmxRegister.java:tryRegister(44)) - Successfully registered JMX Bean with object name Ratis:service=RaftServer,group=group-5EEDD53916E2,id=2f0d8293-e38d-4dd5-8e48-724baf044eb9
2019-09-19 12:13:11,661 [RatisPipelineUtilsThread] INFO  pipeline.PipelineStateManager (PipelineStateManager.java:addPipeline(56)) - Created pipeline Pipeline[ Id: 70b64ca1-ad82-4ef6-a881-5eedd53916e2, Nodes: 2f0d8293-e38d-4dd5-8e48-724baf044eb9{ip: 192.168.157.252, host: pr-hdds-2153-8htts-3549596055, networkLocation: /default-rack, certSerialId: null}b758d66f-4695-4f8d-8a5a-f8e44558c557{ip: 192.168.157.252, host: pr-hdds-2153-8htts-3549596055, networkLocation: /default-rack, certSerialId: null}b4461942-ccf8-4c18-8b81-7a511519d752{ip: 192.168.157.252, host: pr-hdds-2153-8htts-3549596055, networkLocation: /default-rack, certSerialId: null}, Type:RATIS, Factor:THREE, State:OPEN]
2019-09-19 12:13:11,708 [IPC Server handler 1 on 34906] INFO  volume.OMVolumeCreateRequest (OMVolumeCreateRequest.java:validateAndUpdateCache(189)) - created volume:watchforcommithandlingtest for user:jenkins1000
2019-09-19 12:13:11,738 [main] INFO  rpc.RpcClient (RpcClient.java:createBucket(440)) - Creating Bucket: watchforcommithandlingtest/watchforcommithandlingtest, with Versioning false and Storage Type set to DISK and Encryption set to false 
2019-09-19 12:13:11,763 [main] INFO  ozone.MiniOzoneClusterImpl (MiniOzoneClusterImpl.java:getStorageContainerLocationClient(227)) - Creating StorageContainerLocationProtocol RPC client with address /0.0.0.0:35525
2019-09-19 12:13:12,211 [main] INFO  impl.MetricsSystemImpl (MetricsSystemImpl.java:init(158)) - XceiverClientMetrics metrics system started (again)
2019-09-19 12:13:12,316 [grpc-default-executor-0] INFO  client.GrpcClientProtocolClient (GrpcClientProtocolClient.java:onNext(264)) - client-646C490827ED->0c851e12-ff60-4b3e-9b1f-8a8c210c8764: receive RaftClientReply:client-646C490827ED->0c851e12-ff60-4b3e-9b1f-8a8c210c8764@group-A60CBF19A431, cid=13, FAILED org.apache.ratis.protocol.NotLeaderException: Server 0c851e12-ff60-4b3e-9b1f-8a8c210c8764@group-A60CBF19A431 is not the leader, logIndex=0, commits[0c851e12-ff60-4b3e-9b1f-8a8c210c8764:c-1]
2019-09-19 12:13:12,517 [Thread-238] INFO  container.ReplicationManager (ReplicationManager.java:start(162)) - Starting Replication Monitor Thread.
2019-09-19 12:13:12,524 [ReplicationMonitor] INFO  container.ReplicationManager (ReplicationManager.java:run(225)) - Replication Monitor Thread took 4 milliseconds for processing 1 containers.
2019-09-19 12:13:13,365 [grpc-default-executor-1] INFO  client.GrpcClientProtocolClient (GrpcClientProtocolClient.java:onNext(264)) - client-646C490827ED->4e6ab8fe-18d2-4f01-9096-1736fef14755: receive RaftClientReply:client-646C490827ED->4e6ab8fe-18d2-4f01-9096-1736fef14755@group-A60CBF19A431, cid=13, FAILED org.apache.ratis.protocol.NotLeaderException: Server 4e6ab8fe-18d2-4f01-9096-1736fef14755@group-A60CBF19A431 is not the leader, logIndex=0, commits[4e6ab8fe-18d2-4f01-9096-1736fef14755:c-1]
2019-09-19 12:13:14,396 [grpc-default-executor-1] INFO  client.GrpcClientProtocolClient (GrpcClientProtocolClient.java:onNext(264)) - client-646C490827ED->0c851e12-ff60-4b3e-9b1f-8a8c210c8764: receive RaftClientReply:client-646C490827ED->0c851e12-ff60-4b3e-9b1f-8a8c210c8764@group-A60CBF19A431, cid=13, FAILED org.apache.ratis.protocol.NotLeaderException: Server 0c851e12-ff60-4b3e-9b1f-8a8c210c8764@group-A60CBF19A431 is not the leader, logIndex=0, commits[0c851e12-ff60-4b3e-9b1f-8a8c210c8764:c-1]
2019-09-19 12:13:15,344 [Thread-240] INFO  impl.FollowerState (FollowerState.java:run(106)) - 357e1d52-da6e-4a3f-8c53-892f84a5bd21:group-D4D39907556F changes to CANDIDATE, lastRpcTime:5036, electionTimeout:5035ms
2019-09-19 12:13:15,349 [Thread-240] INFO  impl.RoleInfo (RoleInfo.java:shutdownFollowerState(121)) - 357e1d52-da6e-4a3f-8c53-892f84a5bd21: shutdown FollowerState
2019-09-19 12:13:15,349 [Thread-240] INFO  impl.RaftServerImpl (RaftServerImpl.java:setRole(174)) - 357e1d52-da6e-4a3f-8c53-892f84a5bd21@group-D4D39907556F: changes role from  FOLLOWER to CANDIDATE at term 0 for changeToCandidate
2019-09-19 12:13:15,357 [Thread-240] INFO  impl.RoleInfo (RoleInfo.java:updateAndGet(143)) - 357e1d52-da6e-4a3f-8c53-892f84a5bd21: start LeaderElection
2019-09-19 12:13:15,379 [357e1d52-da6e-4a3f-8c53-892f84a5bd21@group-D4D39907556F:LeaderElection1] INFO  impl.LeaderElection (LeaderElection.java:askForVotes(182)) - 357e1d52-da6e-4a3f-8c53-892f84a5bd21@group-D4D39907556F:LeaderElection1: begin an election at term 1 for -1: [357e1d52-da6e-4a3f-8c53-892f84a5bd21:192.168.157.252:40030], old=null
2019-09-19 12:13:15,381 [357e1d52-da6e-4a3f-8c53-892f84a5bd21@group-D4D39907556F:LeaderElection1] INFO  impl.RoleInfo (RoleInfo.java:shutdownLeaderElection(134)) - 357e1d52-da6e-4a3f-8c53-892f84a5bd21: shutdown LeaderElection
2019-09-19 12:13:15,381 [357e1d52-da6e-4a3f-8c53-892f84a5bd21@group-D4D39907556F:LeaderElection1] INFO  impl.RaftServerImpl (RaftServerImpl.java:setRole(174)) - 357e1d52-da6e-4a3f-8c53-892f84a5bd21@group-D4D39907556F: changes role from CANDIDATE to LEADER at term 1 for changeToLeader
2019-09-19 12:13:15,382 [357e1d52-da6e-4a3f-8c53-892f84a5bd21@group-D4D39907556F:LeaderElection1] INFO  impl.RaftServerImpl (ServerState.java:setLeader(253)) - 357e1d52-da6e-4a3f-8c53-892f84a5bd21@group-D4D39907556F: change Leader from null to 357e1d52-da6e-4a3f-8c53-892f84a5bd21 at term 1 for becomeLeader, leader elected after 5190ms
2019-09-19 12:13:15,392 [357e1d52-da6e-4a3f-8c53-892f84a5bd21@group-D4D39907556F:LeaderElection1] INFO  server.RaftServerConfigKeys (ConfUtils.java:logGet(43)) - raft.server.staging.catchup.gap = 1000 (default)
2019-09-19 12:13:15,392 [357e1d52-da6e-4a3f-8c53-892f84a5bd21@group-D4D39907556F:LeaderElection1] INFO  server.RaftServerConfigKeys (ConfUtils.java:logGet(43)) - raft.server.rpc.sleep.time = 25ms (default)
2019-09-19 12:13:15,395 [357e1d52-da6e-4a3f-8c53-892f84a5bd21@group-D4D39907556F:LeaderElection1] INFO  server.RaftServerConfigKeys (ConfUtils.java:logGet(43)) - raft.server.write.element-limit = 4096 (default)
2019-09-19 12:13:15,399 [357e1d52-da6e-4a3f-8c53-892f84a5bd21@group-D4D39907556F:LeaderElection1] INFO  server.RaftServerConfigKeys (ConfUtils.java:logGet(43)) - raft.server.watch.timeout = 10s (default)
2019-09-19 12:13:15,399 [357e1d52-da6e-4a3f-8c53-892f84a5bd21@group-D4D39907556F:LeaderElection1] INFO  server.RaftServerConfigKeys (ConfUtils.java:logGet(43)) - raft.server.watch.timeout.denomination = 1s (default)
2019-09-19 12:13:15,400 [357e1d52-da6e-4a3f-8c53-892f84a5bd21@group-D4D39907556F:LeaderElection1] INFO  server.RaftServerConfigKeys (ConfUtils.java:logGet(43)) - raft.server.watch.element-limit = 65536 (default)
2019-09-19 12:13:15,416 [357e1d52-da6e-4a3f-8c53-892f84a5bd21@group-D4D39907556F:LeaderElection1] INFO  impl.RoleInfo (RoleInfo.java:updateAndGet(143)) - 357e1d52-da6e-4a3f-8c53-892f84a5bd21: start LeaderState
2019-09-19 12:13:15,425 [grpc-default-executor-1] INFO  client.GrpcClientProtocolClient (GrpcClientProtocolClient.java:onNext(264)) - client-646C490827ED->4e6ab8fe-18d2-4f01-9096-1736fef14755: receive RaftClientReply:client-646C490827ED->4e6ab8fe-18d2-4f01-9096-1736fef14755@group-A60CBF19A431, cid=13, FAILED org.apache.ratis.protocol.NotLeaderException: Server 4e6ab8fe-18d2-4f01-9096-1736fef14755@group-A60CBF19A431 is not the leader, logIndex=0, commits[4e6ab8fe-18d2-4f01-9096-1736fef14755:c-1]
2019-09-19 12:13:15,463 [357e1d52-da6e-4a3f-8c53-892f84a5bd21@group-D4D39907556F:LeaderElection1] INFO  segmented.SegmentedRaftLogWorker (SegmentedRaftLogWorker.java:startLogSegment(380)) - 357e1d52-da6e-4a3f-8c53-892f84a5bd21@group-D4D39907556F-SegmentedRaftLogWorker: Starting segment from index:0
2019-09-19 12:13:15,473 [357e1d52-da6e-4a3f-8c53-892f84a5bd21@group-D4D39907556F:LeaderElection1] INFO  impl.RaftServerImpl (ServerState.java:setRaftConf(354)) - 357e1d52-da6e-4a3f-8c53-892f84a5bd21@group-D4D39907556F: set configuration 0: [357e1d52-da6e-4a3f-8c53-892f84a5bd21:192.168.157.252:40030], old=null at 0
2019-09-19 12:13:15,548 [Thread-243] INFO  impl.FollowerState (FollowerState.java:run(106)) - 0c851e12-ff60-4b3e-9b1f-8a8c210c8764:group-F24DCE5B0E18 changes to CANDIDATE, lastRpcTime:5012, electionTimeout:5010ms
2019-09-19 12:13:15,551 [Thread-243] INFO  impl.RoleInfo (RoleInfo.java:shutdownFollowerState(121)) - 0c851e12-ff60-4b3e-9b1f-8a8c210c8764: shutdown FollowerState
2019-09-19 12:13:15,551 [Thread-243] INFO  impl.RaftServerImpl (RaftServerImpl.java:setRole(174)) - 0c851e12-ff60-4b3e-9b1f-8a8c210c8764@group-F24DCE5B0E18: changes role from  FOLLOWER to CANDIDATE at term 0 for changeToCandidate
2019-09-19 12:13:15,551 [Thread-243] INFO  impl.RoleInfo (RoleInfo.java:updateAndGet(143)) - 0c851e12-ff60-4b3e-9b1f-8a8c210c8764: start LeaderElection
2019-09-19 12:13:15,571 [0c851e12-ff60-4b3e-9b1f-8a8c210c8764@group-F24DCE5B0E18:LeaderElection2] INFO  impl.LeaderElection (LeaderElection.java:askForVotes(182)) - 0c851e12-ff60-4b3e-9b1f-8a8c210c8764@group-F24DCE5B0E18:LeaderElection2: begin an election at term 1 for -1: [0c851e12-ff60-4b3e-9b1f-8a8c210c8764:192.168.157.252:39311], old=null
2019-09-19 12:13:15,573 [0c851e12-ff60-4b3e-9b1f-8a8c210c8764@group-F24DCE5B0E18:LeaderElection2] INFO  impl.RoleInfo (RoleInfo.java:shutdownLeaderElection(134)) - 0c851e12-ff60-4b3e-9b1f-8a8c210c8764: shutdown LeaderElection
2019-09-19 12:13:15,573 [0c851e12-ff60-4b3e-9b1f-8a8c210c8764@group-F24DCE5B0E18:LeaderElection2] INFO  impl.RaftServerImpl (RaftServerImpl.java:setRole(174)) - 0c851e12-ff60-4b3e-9b1f-8a8c210c8764@group-F24DCE5B0E18: changes role from CANDIDATE to LEADER at term 1 for changeToLeader
2019-09-19 12:13:15,573 [0c851e12-ff60-4b3e-9b1f-8a8c210c8764@group-F24DCE5B0E18:LeaderElection2] INFO  impl.RaftServerImpl (ServerState.java:setLeader(253)) - 0c851e12-ff60-4b3e-9b1f-8a8c210c8764@group-F24DCE5B0E18: change Leader from null to 0c851e12-ff60-4b3e-9b1f-8a8c210c8764 at term 1 for becomeLeader, leader elected after 5053ms
2019-09-19 12:13:15,575 [0c851e12-ff60-4b3e-9b1f-8a8c210c8764@group-F24DCE5B0E18:LeaderElection2] INFO  server.RaftServerConfigKeys (ConfUtils.java:logGet(43)) - raft.server.staging.catchup.gap = 1000 (default)
2019-09-19 12:13:15,575 [0c851e12-ff60-4b3e-9b1f-8a8c210c8764@group-F24DCE5B0E18:LeaderElection2] INFO  server.RaftServerConfigKeys (ConfUtils.java:logGet(43)) - raft.server.rpc.sleep.time = 25ms (default)
2019-09-19 12:13:15,576 [0c851e12-ff60-4b3e-9b1f-8a8c210c8764@group-F24DCE5B0E18:LeaderElection2] INFO  server.RaftServerConfigKeys (ConfUtils.java:logGet(43)) - raft.server.write.element-limit = 4096 (default)
2019-09-19 12:13:15,576 [0c851e12-ff60-4b3e-9b1f-8a8c210c8764@group-F24DCE5B0E18:LeaderElection2] INFO  server.RaftServerConfigKeys (ConfUtils.java:logGet(43)) - raft.server.watch.timeout = 10s (default)
2019-09-19 12:13:15,576 [0c851e12-ff60-4b3e-9b1f-8a8c210c8764@group-F24DCE5B0E18:LeaderElection2] INFO  server.RaftServerConfigKeys (ConfUtils.java:logGet(43)) - raft.server.watch.timeout.denomination = 1s (default)
2019-09-19 12:13:15,576 [0c851e12-ff60-4b3e-9b1f-8a8c210c8764@group-F24DCE5B0E18:LeaderElection2] INFO  server.RaftServerConfigKeys (ConfUtils.java:logGet(43)) - raft.server.watch.element-limit = 65536 (default)
2019-09-19 12:13:15,580 [0c851e12-ff60-4b3e-9b1f-8a8c210c8764@group-F24DCE5B0E18:LeaderElection2] INFO  impl.RoleInfo (RoleInfo.java:updateAndGet(143)) - 0c851e12-ff60-4b3e-9b1f-8a8c210c8764: start LeaderState
2019-09-19 12:13:15,580 [0c851e12-ff60-4b3e-9b1f-8a8c210c8764@group-F24DCE5B0E18:LeaderElection2] INFO  segmented.SegmentedRaftLogWorker (SegmentedRaftLogWorker.java:startLogSegment(380)) - 0c851e12-ff60-4b3e-9b1f-8a8c210c8764@group-F24DCE5B0E18-SegmentedRaftLogWorker: Starting segment from index:0
2019-09-19 12:13:15,581 [0c851e12-ff60-4b3e-9b1f-8a8c210c8764@group-F24DCE5B0E18:LeaderElection2] INFO  impl.RaftServerImpl (ServerState.java:setRaftConf(354)) - 0c851e12-ff60-4b3e-9b1f-8a8c210c8764@group-F24DCE5B0E18: set configuration 0: [0c851e12-ff60-4b3e-9b1f-8a8c210c8764:192.168.157.252:39311], old=null at 0
2019-09-19 12:13:15,695 [357e1d52-da6e-4a3f-8c53-892f84a5bd21@group-D4D39907556F-SegmentedRaftLogWorker] INFO  segmented.SegmentedRaftLogWorker (SegmentedRaftLogWorker.java:execute(569)) - 357e1d52-da6e-4a3f-8c53-892f84a5bd21@group-D4D39907556F-SegmentedRaftLogWorker: created new log segment /workdir/hadoop-ozone/integration-test/target/test-dir/MiniOzoneClusterImpl-e0c4f6c0-f9e5-4c6e-8d6a-9a7c93045680/datanode-0/data/ratis/c0282bcc-d9f6-42ac-8395-d4d39907556f/current/log_inprogress_0
2019-09-19 12:13:15,695 [0c851e12-ff60-4b3e-9b1f-8a8c210c8764@group-F24DCE5B0E18-SegmentedRaftLogWorker] INFO  segmented.SegmentedRaftLogWorker (SegmentedRaftLogWorker.java:execute(569)) - 0c851e12-ff60-4b3e-9b1f-8a8c210c8764@group-F24DCE5B0E18-SegmentedRaftLogWorker: created new log segment /workdir/hadoop-ozone/integration-test/target/test-dir/MiniOzoneClusterImpl-e0c4f6c0-f9e5-4c6e-8d6a-9a7c93045680/datanode-5/data/ratis/db15dd7a-f300-4c06-89e6-f24dce5b0e18/current/log_inprogress_0
2019-09-19 12:13:15,757 [Thread-246] INFO  impl.FollowerState (FollowerState.java:run(106)) - 4e6ab8fe-18d2-4f01-9096-1736fef14755:group-31890C3FFF26 changes to CANDIDATE, lastRpcTime:5044, electionTimeout:5044ms
2019-09-19 12:13:15,758 [Thread-246] INFO  impl.RoleInfo (RoleInfo.java:shutdownFollowerState(121)) - 4e6ab8fe-18d2-4f01-9096-1736fef14755: shutdown FollowerState
2019-09-19 12:13:15,758 [Thread-246] INFO  impl.RaftServerImpl (RaftServerImpl.java:setRole(174)) - 4e6ab8fe-18d2-4f01-9096-1736fef14755@group-31890C3FFF26: changes role from  FOLLOWER to CANDIDATE at term 0 for changeToCandidate
2019-09-19 12:13:15,758 [Thread-246] INFO  impl.RoleInfo (RoleInfo.java:updateAndGet(143)) - 4e6ab8fe-18d2-4f01-9096-1736fef14755: start LeaderElection
2019-09-19 12:13:15,778 [4e6ab8fe-18d2-4f01-9096-1736fef14755@group-31890C3FFF26:LeaderElection3] INFO  impl.LeaderElection (LeaderElection.java:askForVotes(182)) - 4e6ab8fe-18d2-4f01-9096-1736fef14755@group-31890C3FFF26:LeaderElection3: begin an election at term 1 for -1: [4e6ab8fe-18d2-4f01-9096-1736fef14755:192.168.157.252:40666], old=null
2019-09-19 12:13:15,778 [4e6ab8fe-18d2-4f01-9096-1736fef14755@group-31890C3FFF26:LeaderElection3] INFO  impl.RoleInfo (RoleInfo.java:shutdownLeaderElection(134)) - 4e6ab8fe-18d2-4f01-9096-1736fef14755: shutdown LeaderElection
2019-09-19 12:13:15,778 [4e6ab8fe-18d2-4f01-9096-1736fef14755@group-31890C3FFF26:LeaderElection3] INFO  impl.RaftServerImpl (RaftServerImpl.java:setRole(174)) - 4e6ab8fe-18d2-4f01-9096-1736fef14755@group-31890C3FFF26: changes role from CANDIDATE to LEADER at term 1 for changeToLeader
2019-09-19 12:13:15,778 [4e6ab8fe-18d2-4f01-9096-1736fef14755@group-31890C3FFF26:LeaderElection3] INFO  impl.RaftServerImpl (ServerState.java:setLeader(253)) - 4e6ab8fe-18d2-4f01-9096-1736fef14755@group-31890C3FFF26: change Leader from null to 4e6ab8fe-18d2-4f01-9096-1736fef14755 at term 1 for becomeLeader, leader elected after 5110ms
2019-09-19 12:13:15,781 [4e6ab8fe-18d2-4f01-9096-1736fef14755@group-31890C3FFF26:LeaderElection3] INFO  server.RaftServerConfigKeys (ConfUtils.java:logGet(43)) - raft.server.staging.catchup.gap = 1000 (default)
2019-09-19 12:13:15,781 [4e6ab8fe-18d2-4f01-9096-1736fef14755@group-31890C3FFF26:LeaderElection3] INFO  server.RaftServerConfigKeys (ConfUtils.java:logGet(43)) - raft.server.rpc.sleep.time = 25ms (default)
2019-09-19 12:13:15,781 [4e6ab8fe-18d2-4f01-9096-1736fef14755@group-31890C3FFF26:LeaderElection3] INFO  server.RaftServerConfigKeys (ConfUtils.java:logGet(43)) - raft.server.write.element-limit = 4096 (default)
2019-09-19 12:13:15,781 [4e6ab8fe-18d2-4f01-9096-1736fef14755@group-31890C3FFF26:LeaderElection3] INFO  server.RaftServerConfigKeys (ConfUtils.java:logGet(43)) - raft.server.watch.timeout = 10s (default)
2019-09-19 12:13:15,781 [4e6ab8fe-18d2-4f01-9096-1736fef14755@group-31890C3FFF26:LeaderElection3] INFO  server.RaftServerConfigKeys (ConfUtils.java:logGet(43)) - raft.server.watch.timeout.denomination = 1s (default)
2019-09-19 12:13:15,781 [4e6ab8fe-18d2-4f01-9096-1736fef14755@group-31890C3FFF26:LeaderElection3] INFO  server.RaftServerConfigKeys (ConfUtils.java:logGet(43)) - raft.server.watch.element-limit = 65536 (default)
2019-09-19 12:13:15,784 [4e6ab8fe-18d2-4f01-9096-1736fef14755@group-31890C3FFF26:LeaderElection3] INFO  impl.RoleInfo (RoleInfo.java:updateAndGet(143)) - 4e6ab8fe-18d2-4f01-9096-1736fef14755: start LeaderState
2019-09-19 12:13:15,785 [4e6ab8fe-18d2-4f01-9096-1736fef14755@group-31890C3FFF26:LeaderElection3] INFO  segmented.SegmentedRaftLogWorker (SegmentedRaftLogWorker.java:startLogSegment(380)) - 4e6ab8fe-18d2-4f01-9096-1736fef14755@group-31890C3FFF26-SegmentedRaftLogWorker: Starting segment from index:0
2019-09-19 12:13:15,785 [4e6ab8fe-18d2-4f01-9096-1736fef14755@group-31890C3FFF26:LeaderElection3] INFO  impl.RaftServerImpl (ServerState.java:setRaftConf(354)) - 4e6ab8fe-18d2-4f01-9096-1736fef14755@group-31890C3FFF26: set configuration 0: [4e6ab8fe-18d2-4f01-9096-1736fef14755:192.168.157.252:40666], old=null at 0
2019-09-19 12:13:15,836 [4e6ab8fe-18d2-4f01-9096-1736fef14755@group-31890C3FFF26-SegmentedRaftLogWorker] INFO  segmented.SegmentedRaftLogWorker (SegmentedRaftLogWorker.java:execute(569)) - 4e6ab8fe-18d2-4f01-9096-1736fef14755@group-31890C3FFF26-SegmentedRaftLogWorker: created new log segment /workdir/hadoop-ozone/integration-test/target/test-dir/MiniOzoneClusterImpl-e0c4f6c0-f9e5-4c6e-8d6a-9a7c93045680/datanode-4/data/ratis/2cb5e496-3e6b-4cb6-b9bb-31890c3fff26/current/log_inprogress_0
2019-09-19 12:13:15,883 [Thread-249] INFO  impl.FollowerState (FollowerState.java:run(106)) - 2f0d8293-e38d-4dd5-8e48-724baf044eb9:group-7820FDB1FF3E changes to CANDIDATE, lastRpcTime:5077, electionTimeout:5077ms
2019-09-19 12:13:15,883 [Thread-249] INFO  impl.RoleInfo (RoleInfo.java:shutdownFollowerState(121)) - 2f0d8293-e38d-4dd5-8e48-724baf044eb9: shutdown FollowerState
2019-09-19 12:13:15,883 [Thread-249] INFO  impl.RaftServerImpl (RaftServerImpl.java:setRole(174)) - 2f0d8293-e38d-4dd5-8e48-724baf044eb9@group-7820FDB1FF3E: changes role from  FOLLOWER to CANDIDATE at term 0 for changeToCandidate
2019-09-19 12:13:15,883 [Thread-249] INFO  impl.RoleInfo (RoleInfo.java:updateAndGet(143)) - 2f0d8293-e38d-4dd5-8e48-724baf044eb9: start LeaderElection
2019-09-19 12:13:15,902 [2f0d8293-e38d-4dd5-8e48-724baf044eb9@group-7820FDB1FF3E:LeaderElection4] INFO  impl.LeaderElection (LeaderElection.java:askForVotes(182)) - 2f0d8293-e38d-4dd5-8e48-724baf044eb9@group-7820FDB1FF3E:LeaderElection4: begin an election at term 1 for -1: [2f0d8293-e38d-4dd5-8e48-724baf044eb9:192.168.157.252:35940], old=null
2019-09-19 12:13:15,902 [2f0d8293-e38d-4dd5-8e48-724baf044eb9@group-7820FDB1FF3E:LeaderElection4] INFO  impl.RoleInfo (RoleInfo.java:shutdownLeaderElection(134)) - 2f0d8293-e38d-4dd5-8e48-724baf044eb9: shutdown LeaderElection
2019-09-19 12:13:15,902 [2f0d8293-e38d-4dd5-8e48-724baf044eb9@group-7820FDB1FF3E:LeaderElection4] INFO  impl.RaftServerImpl (RaftServerImpl.java:setRole(174)) - 2f0d8293-e38d-4dd5-8e48-724baf044eb9@group-7820FDB1FF3E: changes role from CANDIDATE to LEADER at term 1 for changeToLeader
2019-09-19 12:13:15,902 [2f0d8293-e38d-4dd5-8e48-724baf044eb9@group-7820FDB1FF3E:LeaderElection4] INFO  impl.RaftServerImpl (ServerState.java:setLeader(253)) - 2f0d8293-e38d-4dd5-8e48-724baf044eb9@group-7820FDB1FF3E: change Leader from null to 2f0d8293-e38d-4dd5-8e48-724baf044eb9 at term 1 for becomeLeader, leader elected after 5114ms
2019-09-19 12:13:15,905 [2f0d8293-e38d-4dd5-8e48-724baf044eb9@group-7820FDB1FF3E:LeaderElection4] INFO  server.RaftServerConfigKeys (ConfUtils.java:logGet(43)) - raft.server.staging.catchup.gap = 1000 (default)
2019-09-19 12:13:15,905 [2f0d8293-e38d-4dd5-8e48-724baf044eb9@group-7820FDB1FF3E:LeaderElection4] INFO  server.RaftServerConfigKeys (ConfUtils.java:logGet(43)) - raft.server.rpc.sleep.time = 25ms (default)
2019-09-19 12:13:15,905 [2f0d8293-e38d-4dd5-8e48-724baf044eb9@group-7820FDB1FF3E:LeaderElection4] INFO  server.RaftServerConfigKeys (ConfUtils.java:logGet(43)) - raft.server.write.element-limit = 4096 (default)
2019-09-19 12:13:15,905 [2f0d8293-e38d-4dd5-8e48-724baf044eb9@group-7820FDB1FF3E:LeaderElection4] INFO  server.RaftServerConfigKeys (ConfUtils.java:logGet(43)) - raft.server.watch.timeout = 10s (default)
2019-09-19 12:13:15,905 [2f0d8293-e38d-4dd5-8e48-724baf044eb9@group-7820FDB1FF3E:LeaderElection4] INFO  server.RaftServerConfigKeys (ConfUtils.java:logGet(43)) - raft.server.watch.timeout.denomination = 1s (default)
2019-09-19 12:13:15,909 [2f0d8293-e38d-4dd5-8e48-724baf044eb9@group-7820FDB1FF3E:LeaderElection4] INFO  server.RaftServerConfigKeys (ConfUtils.java:logGet(43)) - raft.server.watch.element-limit = 65536 (default)
2019-09-19 12:13:15,911 [2f0d8293-e38d-4dd5-8e48-724baf044eb9@group-7820FDB1FF3E:LeaderElection4] INFO  impl.RoleInfo (RoleInfo.java:updateAndGet(143)) - 2f0d8293-e38d-4dd5-8e48-724baf044eb9: start LeaderState
2019-09-19 12:13:15,912 [2f0d8293-e38d-4dd5-8e48-724baf044eb9@group-7820FDB1FF3E:LeaderElection4] INFO  segmented.SegmentedRaftLogWorker (SegmentedRaftLogWorker.java:startLogSegment(380)) - 2f0d8293-e38d-4dd5-8e48-724baf044eb9@group-7820FDB1FF3E-SegmentedRaftLogWorker: Starting segment from index:0
2019-09-19 12:13:15,912 [2f0d8293-e38d-4dd5-8e48-724baf044eb9@group-7820FDB1FF3E:LeaderElection4] INFO  impl.RaftServerImpl (ServerState.java:setRaftConf(354)) - 2f0d8293-e38d-4dd5-8e48-724baf044eb9@group-7820FDB1FF3E: set configuration 0: [2f0d8293-e38d-4dd5-8e48-724baf044eb9:192.168.157.252:35940], old=null at 0
2019-09-19 12:13:15,943 [Thread-252] INFO  impl.FollowerState (FollowerState.java:run(106)) - b758d66f-4695-4f8d-8a5a-f8e44558c557:group-EAC0B65233E0 changes to CANDIDATE, lastRpcTime:5044, electionTimeout:5018ms
2019-09-19 12:13:15,943 [Thread-252] INFO  impl.RoleInfo (RoleInfo.java:shutdownFollowerState(121)) - b758d66f-4695-4f8d-8a5a-f8e44558c557: shutdown FollowerState
2019-09-19 12:13:15,943 [Thread-252] INFO  impl.RaftServerImpl (RaftServerImpl.java:setRole(174)) - b758d66f-4695-4f8d-8a5a-f8e44558c557@group-EAC0B65233E0: changes role from  FOLLOWER to CANDIDATE at term 0 for changeToCandidate
2019-09-19 12:13:15,944 [Thread-252] INFO  impl.RoleInfo (RoleInfo.java:updateAndGet(143)) - b758d66f-4695-4f8d-8a5a-f8e44558c557: start LeaderElection
2019-09-19 12:13:15,956 [2f0d8293-e38d-4dd5-8e48-724baf044eb9@group-7820FDB1FF3E-SegmentedRaftLogWorker] INFO  segmented.SegmentedRaftLogWorker (SegmentedRaftLogWorker.java:execute(569)) - 2f0d8293-e38d-4dd5-8e48-724baf044eb9@group-7820FDB1FF3E-SegmentedRaftLogWorker: created new log segment /workdir/hadoop-ozone/integration-test/target/test-dir/MiniOzoneClusterImpl-e0c4f6c0-f9e5-4c6e-8d6a-9a7c93045680/datanode-3/data/ratis/27e6f4f0-f7a3-48fc-a296-7820fdb1ff3e/current/log_inprogress_0
2019-09-19 12:13:15,956 [b758d66f-4695-4f8d-8a5a-f8e44558c557@group-EAC0B65233E0:LeaderElection5] INFO  impl.LeaderElection (LeaderElection.java:askForVotes(182)) - b758d66f-4695-4f8d-8a5a-f8e44558c557@group-EAC0B65233E0:LeaderElection5: begin an election at term 1 for -1: [b758d66f-4695-4f8d-8a5a-f8e44558c557:192.168.157.252:36827], old=null
2019-09-19 12:13:15,956 [b758d66f-4695-4f8d-8a5a-f8e44558c557@group-EAC0B65233E0:LeaderElection5] INFO  impl.RoleInfo (RoleInfo.java:shutdownLeaderElection(134)) - b758d66f-4695-4f8d-8a5a-f8e44558c557: shutdown LeaderElection
2019-09-19 12:13:15,956 [b758d66f-4695-4f8d-8a5a-f8e44558c557@group-EAC0B65233E0:LeaderElection5] INFO  impl.RaftServerImpl (RaftServerImpl.java:setRole(174)) - b758d66f-4695-4f8d-8a5a-f8e44558c557@group-EAC0B65233E0: changes role from CANDIDATE to LEADER at term 1 for changeToLeader
2019-09-19 12:13:15,956 [b758d66f-4695-4f8d-8a5a-f8e44558c557@group-EAC0B65233E0:LeaderElection5] INFO  impl.RaftServerImpl (ServerState.java:setLeader(253)) - b758d66f-4695-4f8d-8a5a-f8e44558c557@group-EAC0B65233E0: change Leader from null to b758d66f-4695-4f8d-8a5a-f8e44558c557 at term 1 for becomeLeader, leader elected after 5071ms
2019-09-19 12:13:15,957 [b758d66f-4695-4f8d-8a5a-f8e44558c557@group-EAC0B65233E0:LeaderElection5] INFO  server.RaftServerConfigKeys (ConfUtils.java:logGet(43)) - raft.server.staging.catchup.gap = 1000 (default)
2019-09-19 12:13:15,958 [b758d66f-4695-4f8d-8a5a-f8e44558c557@group-EAC0B65233E0:LeaderElection5] INFO  server.RaftServerConfigKeys (ConfUtils.java:logGet(43)) - raft.server.rpc.sleep.time = 25ms (default)
2019-09-19 12:13:15,958 [b758d66f-4695-4f8d-8a5a-f8e44558c557@group-EAC0B65233E0:LeaderElection5] INFO  server.RaftServerConfigKeys (ConfUtils.java:logGet(43)) - raft.server.write.element-limit = 4096 (default)
2019-09-19 12:13:15,958 [b758d66f-4695-4f8d-8a5a-f8e44558c557@group-EAC0B65233E0:LeaderElection5] INFO  server.RaftServerConfigKeys (ConfUtils.java:logGet(43)) - raft.server.watch.timeout = 10s (default)
2019-09-19 12:13:15,958 [b758d66f-4695-4f8d-8a5a-f8e44558c557@group-EAC0B65233E0:LeaderElection5] INFO  server.RaftServerConfigKeys (ConfUtils.java:logGet(43)) - raft.server.watch.timeout.denomination = 1s (default)
2019-09-19 12:13:15,958 [b758d66f-4695-4f8d-8a5a-f8e44558c557@group-EAC0B65233E0:LeaderElection5] INFO  server.RaftServerConfigKeys (ConfUtils.java:logGet(43)) - raft.server.watch.element-limit = 65536 (default)
2019-09-19 12:13:15,960 [b758d66f-4695-4f8d-8a5a-f8e44558c557@group-EAC0B65233E0:LeaderElection5] INFO  impl.RoleInfo (RoleInfo.java:updateAndGet(143)) - b758d66f-4695-4f8d-8a5a-f8e44558c557: start LeaderState
2019-09-19 12:13:15,961 [b758d66f-4695-4f8d-8a5a-f8e44558c557@group-EAC0B65233E0:LeaderElection5] INFO  segmented.SegmentedRaftLogWorker (SegmentedRaftLogWorker.java:startLogSegment(380)) - b758d66f-4695-4f8d-8a5a-f8e44558c557@group-EAC0B65233E0-SegmentedRaftLogWorker: Starting segment from index:0
2019-09-19 12:13:15,961 [b758d66f-4695-4f8d-8a5a-f8e44558c557@group-EAC0B65233E0:LeaderElection5] INFO  impl.RaftServerImpl (ServerState.java:setRaftConf(354)) - b758d66f-4695-4f8d-8a5a-f8e44558c557@group-EAC0B65233E0: set configuration 0: [b758d66f-4695-4f8d-8a5a-f8e44558c557:192.168.157.252:36827], old=null at 0
2019-09-19 12:13:16,011 [Thread-255] INFO  impl.FollowerState (FollowerState.java:run(106)) - b4461942-ccf8-4c18-8b81-7a511519d752:group-3922837359A6 changes to CANDIDATE, lastRpcTime:5027, electionTimeout:5027ms
2019-09-19 12:13:16,011 [Thread-255] INFO  impl.RoleInfo (RoleInfo.java:shutdownFollowerState(121)) - b4461942-ccf8-4c18-8b81-7a511519d752: shutdown FollowerState
2019-09-19 12:13:16,011 [Thread-255] INFO  impl.RaftServerImpl (RaftServerImpl.java:setRole(174)) - b4461942-ccf8-4c18-8b81-7a511519d752@group-3922837359A6: changes role from  FOLLOWER to CANDIDATE at term 0 for changeToCandidate
2019-09-19 12:13:16,011 [Thread-255] INFO  impl.RoleInfo (RoleInfo.java:updateAndGet(143)) - b4461942-ccf8-4c18-8b81-7a511519d752: start LeaderElection
2019-09-19 12:13:16,014 [b758d66f-4695-4f8d-8a5a-f8e44558c557@group-EAC0B65233E0-SegmentedRaftLogWorker] INFO  segmented.SegmentedRaftLogWorker (SegmentedRaftLogWorker.java:execute(569)) - b758d66f-4695-4f8d-8a5a-f8e44558c557@group-EAC0B65233E0-SegmentedRaftLogWorker: created new log segment /workdir/hadoop-ozone/integration-test/target/test-dir/MiniOzoneClusterImpl-e0c4f6c0-f9e5-4c6e-8d6a-9a7c93045680/datanode-1/data/ratis/dbe2fb06-c7ff-4792-96c5-eac0b65233e0/current/log_inprogress_0
2019-09-19 12:13:16,029 [b4461942-ccf8-4c18-8b81-7a511519d752@group-3922837359A6:LeaderElection6] INFO  impl.LeaderElection (LeaderElection.java:askForVotes(182)) - b4461942-ccf8-4c18-8b81-7a511519d752@group-3922837359A6:LeaderElection6: begin an election at term 1 for -1: [b4461942-ccf8-4c18-8b81-7a511519d752:192.168.157.252:36487], old=null
2019-09-19 12:13:16,029 [b4461942-ccf8-4c18-8b81-7a511519d752@group-3922837359A6:LeaderElection6] INFO  impl.RoleInfo (RoleInfo.java:shutdownLeaderElection(134)) - b4461942-ccf8-4c18-8b81-7a511519d752: shutdown LeaderElection
2019-09-19 12:13:16,029 [b4461942-ccf8-4c18-8b81-7a511519d752@group-3922837359A6:LeaderElection6] INFO  impl.RaftServerImpl (RaftServerImpl.java:setRole(174)) - b4461942-ccf8-4c18-8b81-7a511519d752@group-3922837359A6: changes role from CANDIDATE to LEADER at term 1 for changeToLeader
2019-09-19 12:13:16,029 [b4461942-ccf8-4c18-8b81-7a511519d752@group-3922837359A6:LeaderElection6] INFO  impl.RaftServerImpl (ServerState.java:setLeader(253)) - b4461942-ccf8-4c18-8b81-7a511519d752@group-3922837359A6: change Leader from null to b4461942-ccf8-4c18-8b81-7a511519d752 at term 1 for becomeLeader, leader elected after 5055ms
2019-09-19 12:13:16,031 [b4461942-ccf8-4c18-8b81-7a511519d752@group-3922837359A6:LeaderElection6] INFO  server.RaftServerConfigKeys (ConfUtils.java:logGet(43)) - raft.server.staging.catchup.gap = 1000 (default)
2019-09-19 12:13:16,031 [b4461942-ccf8-4c18-8b81-7a511519d752@group-3922837359A6:LeaderElection6] INFO  server.RaftServerConfigKeys (ConfUtils.java:logGet(43)) - raft.server.rpc.sleep.time = 25ms (default)
2019-09-19 12:13:16,031 [b4461942-ccf8-4c18-8b81-7a511519d752@group-3922837359A6:LeaderElection6] INFO  server.RaftServerConfigKeys (ConfUtils.java:logGet(43)) - raft.server.write.element-limit = 4096 (default)
2019-09-19 12:13:16,031 [b4461942-ccf8-4c18-8b81-7a511519d752@group-3922837359A6:LeaderElection6] INFO  server.RaftServerConfigKeys (ConfUtils.java:logGet(43)) - raft.server.watch.timeout = 10s (default)
2019-09-19 12:13:16,032 [b4461942-ccf8-4c18-8b81-7a511519d752@group-3922837359A6:LeaderElection6] INFO  server.RaftServerConfigKeys (ConfUtils.java:logGet(43)) - raft.server.watch.timeout.denomination = 1s (default)
2019-09-19 12:13:16,032 [b4461942-ccf8-4c18-8b81-7a511519d752@group-3922837359A6:LeaderElection6] INFO  server.RaftServerConfigKeys (ConfUtils.java:logGet(43)) - raft.server.watch.element-limit = 65536 (default)
2019-09-19 12:13:16,035 [b4461942-ccf8-4c18-8b81-7a511519d752@group-3922837359A6:LeaderElection6] INFO  impl.RoleInfo (RoleInfo.java:updateAndGet(143)) - b4461942-ccf8-4c18-8b81-7a511519d752: start LeaderState
2019-09-19 12:13:16,035 [b4461942-ccf8-4c18-8b81-7a511519d752@group-3922837359A6:LeaderElection6] INFO  segmented.SegmentedRaftLogWorker (SegmentedRaftLogWorker.java:startLogSegment(380)) - b4461942-ccf8-4c18-8b81-7a511519d752@group-3922837359A6-SegmentedRaftLogWorker: Starting segment from index:0
2019-09-19 12:13:16,035 [b4461942-ccf8-4c18-8b81-7a511519d752@group-3922837359A6:LeaderElection6] INFO  impl.RaftServerImpl (ServerState.java:setRaftConf(354)) - b4461942-ccf8-4c18-8b81-7a511519d752@group-3922837359A6: set configuration 0: [b4461942-ccf8-4c18-8b81-7a511519d752:192.168.157.252:36487], old=null at 0
2019-09-19 12:13:16,086 [b4461942-ccf8-4c18-8b81-7a511519d752@group-3922837359A6-SegmentedRaftLogWorker] INFO  segmented.SegmentedRaftLogWorker (SegmentedRaftLogWorker.java:execute(569)) - b4461942-ccf8-4c18-8b81-7a511519d752@group-3922837359A6-SegmentedRaftLogWorker: created new log segment /workdir/hadoop-ozone/integration-test/target/test-dir/MiniOzoneClusterImpl-e0c4f6c0-f9e5-4c6e-8d6a-9a7c93045680/datanode-2/data/ratis/6e45b62f-2fb9-4ce7-8a6b-3922837359a6/current/log_inprogress_0
2019-09-19 12:13:16,118 [Thread-258] INFO  impl.FollowerState (FollowerState.java:run(106)) - 10e22e81-98cc-454d-8228-400cf28a0b73:group-FC398C90974A changes to CANDIDATE, lastRpcTime:5042, electionTimeout:5042ms
2019-09-19 12:13:16,119 [Thread-258] INFO  impl.RoleInfo (RoleInfo.java:shutdownFollowerState(121)) - 10e22e81-98cc-454d-8228-400cf28a0b73: shutdown FollowerState
2019-09-19 12:13:16,119 [Thread-258] INFO  impl.RaftServerImpl (RaftServerImpl.java:setRole(174)) - 10e22e81-98cc-454d-8228-400cf28a0b73@group-FC398C90974A: changes role from  FOLLOWER to CANDIDATE at term 0 for changeToCandidate
2019-09-19 12:13:16,119 [Thread-258] INFO  impl.RoleInfo (RoleInfo.java:updateAndGet(143)) - 10e22e81-98cc-454d-8228-400cf28a0b73: start LeaderElection
2019-09-19 12:13:16,137 [10e22e81-98cc-454d-8228-400cf28a0b73@group-FC398C90974A:LeaderElection7] INFO  impl.LeaderElection (LeaderElection.java:askForVotes(182)) - 10e22e81-98cc-454d-8228-400cf28a0b73@group-FC398C90974A:LeaderElection7: begin an election at term 1 for -1: [10e22e81-98cc-454d-8228-400cf28a0b73:192.168.157.252:40167], old=null
2019-09-19 12:13:16,137 [10e22e81-98cc-454d-8228-400cf28a0b73@group-FC398C90974A:LeaderElection7] INFO  impl.RoleInfo (RoleInfo.java:shutdownLeaderElection(134)) - 10e22e81-98cc-454d-8228-400cf28a0b73: shutdown LeaderElection
2019-09-19 12:13:16,137 [10e22e81-98cc-454d-8228-400cf28a0b73@group-FC398C90974A:LeaderElection7] INFO  impl.RaftServerImpl (RaftServerImpl.java:setRole(174)) - 10e22e81-98cc-454d-8228-400cf28a0b73@group-FC398C90974A: changes role from CANDIDATE to LEADER at term 1 for changeToLeader
2019-09-19 12:13:16,138 [10e22e81-98cc-454d-8228-400cf28a0b73@group-FC398C90974A:LeaderElection7] INFO  impl.RaftServerImpl (ServerState.java:setLeader(253)) - 10e22e81-98cc-454d-8228-400cf28a0b73@group-FC398C90974A: change Leader from null to 10e22e81-98cc-454d-8228-400cf28a0b73 at term 1 for becomeLeader, leader elected after 5073ms
2019-09-19 12:13:16,139 [10e22e81-98cc-454d-8228-400cf28a0b73@group-FC398C90974A:LeaderElection7] INFO  server.RaftServerConfigKeys (ConfUtils.java:logGet(43)) - raft.server.staging.catchup.gap = 1000 (default)
2019-09-19 12:13:16,140 [10e22e81-98cc-454d-8228-400cf28a0b73@group-FC398C90974A:LeaderElection7] INFO  server.RaftServerConfigKeys (ConfUtils.java:logGet(43)) - raft.server.rpc.sleep.time = 25ms (default)
2019-09-19 12:13:16,140 [10e22e81-98cc-454d-8228-400cf28a0b73@group-FC398C90974A:LeaderElection7] INFO  server.RaftServerConfigKeys (ConfUtils.java:logGet(43)) - raft.server.write.element-limit = 4096 (default)
2019-09-19 12:13:16,140 [10e22e81-98cc-454d-8228-400cf28a0b73@group-FC398C90974A:LeaderElection7] INFO  server.RaftServerConfigKeys (ConfUtils.java:logGet(43)) - raft.server.watch.timeout = 10s (default)
2019-09-19 12:13:16,140 [10e22e81-98cc-454d-8228-400cf28a0b73@group-FC398C90974A:LeaderElection7] INFO  server.RaftServerConfigKeys (ConfUtils.java:logGet(43)) - raft.server.watch.timeout.denomination = 1s (default)
2019-09-19 12:13:16,140 [10e22e81-98cc-454d-8228-400cf28a0b73@group-FC398C90974A:LeaderElection7] INFO  server.RaftServerConfigKeys (ConfUtils.java:logGet(43)) - raft.server.watch.element-limit = 65536 (default)
2019-09-19 12:13:16,144 [10e22e81-98cc-454d-8228-400cf28a0b73@group-FC398C90974A:LeaderElection7] INFO  impl.RoleInfo (RoleInfo.java:updateAndGet(143)) - 10e22e81-98cc-454d-8228-400cf28a0b73: start LeaderState
2019-09-19 12:13:16,144 [10e22e81-98cc-454d-8228-400cf28a0b73@group-FC398C90974A:LeaderElection7] INFO  segmented.SegmentedRaftLogWorker (SegmentedRaftLogWorker.java:startLogSegment(380)) - 10e22e81-98cc-454d-8228-400cf28a0b73@group-FC398C90974A-SegmentedRaftLogWorker: Starting segment from index:0
2019-09-19 12:13:16,145 [10e22e81-98cc-454d-8228-400cf28a0b73@group-FC398C90974A:LeaderElection7] INFO  impl.RaftServerImpl (ServerState.java:setRaftConf(354)) - 10e22e81-98cc-454d-8228-400cf28a0b73@group-FC398C90974A: set configuration 0: [10e22e81-98cc-454d-8228-400cf28a0b73:192.168.157.252:40167], old=null at 0
2019-09-19 12:13:16,453 [grpc-default-executor-1] INFO  client.GrpcClientProtocolClient (GrpcClientProtocolClient.java:onNext(264)) - client-646C490827ED->0c851e12-ff60-4b3e-9b1f-8a8c210c8764: receive RaftClientReply:client-646C490827ED->0c851e12-ff60-4b3e-9b1f-8a8c210c8764@group-A60CBF19A431, cid=13, FAILED org.apache.ratis.protocol.NotLeaderException: Server 0c851e12-ff60-4b3e-9b1f-8a8c210c8764@group-A60CBF19A431 is not the leader, logIndex=0, commits[0c851e12-ff60-4b3e-9b1f-8a8c210c8764:c-1]
2019-09-19 12:13:16,562 [Thread-268] INFO  impl.FollowerState (FollowerState.java:run(106)) - 4e6ab8fe-18d2-4f01-9096-1736fef14755:group-A60CBF19A431 changes to CANDIDATE, lastRpcTime:5062, electionTimeout:5062ms
2019-09-19 12:13:16,563 [Thread-268] INFO  impl.RoleInfo (RoleInfo.java:shutdownFollowerState(121)) - 4e6ab8fe-18d2-4f01-9096-1736fef14755: shutdown FollowerState
2019-09-19 12:13:16,563 [Thread-268] INFO  impl.RaftServerImpl (RaftServerImpl.java:setRole(174)) - 4e6ab8fe-18d2-4f01-9096-1736fef14755@group-A60CBF19A431: changes role from  FOLLOWER to CANDIDATE at term 0 for changeToCandidate
2019-09-19 12:13:16,563 [Thread-268] INFO  impl.RoleInfo (RoleInfo.java:updateAndGet(143)) - 4e6ab8fe-18d2-4f01-9096-1736fef14755: start LeaderElection
2019-09-19 12:13:16,577 [Thread-266] INFO  impl.FollowerState (FollowerState.java:run(106)) - 357e1d52-da6e-4a3f-8c53-892f84a5bd21:group-A60CBF19A431 changes to CANDIDATE, lastRpcTime:5078, electionTimeout:5078ms
2019-09-19 12:13:16,577 [Thread-266] INFO  impl.RoleInfo (RoleInfo.java:shutdownFollowerState(121)) - 357e1d52-da6e-4a3f-8c53-892f84a5bd21: shutdown FollowerState
2019-09-19 12:13:16,577 [Thread-266] INFO  impl.RaftServerImpl (RaftServerImpl.java:setRole(174)) - 357e1d52-da6e-4a3f-8c53-892f84a5bd21@group-A60CBF19A431: changes role from  FOLLOWER to CANDIDATE at term 0 for changeToCandidate
2019-09-19 12:13:16,577 [Thread-266] INFO  impl.RoleInfo (RoleInfo.java:updateAndGet(143)) - 357e1d52-da6e-4a3f-8c53-892f84a5bd21: start LeaderElection
2019-09-19 12:13:16,660 [Thread-269] INFO  impl.FollowerState (FollowerState.java:run(106)) - 0c851e12-ff60-4b3e-9b1f-8a8c210c8764:group-A60CBF19A431 changes to CANDIDATE, lastRpcTime:5160, electionTimeout:5155ms
2019-09-19 12:13:16,660 [Thread-269] INFO  impl.RoleInfo (RoleInfo.java:shutdownFollowerState(121)) - 0c851e12-ff60-4b3e-9b1f-8a8c210c8764: shutdown FollowerState
2019-09-19 12:13:16,660 [Thread-269] INFO  impl.RaftServerImpl (RaftServerImpl.java:setRole(174)) - 0c851e12-ff60-4b3e-9b1f-8a8c210c8764@group-A60CBF19A431: changes role from  FOLLOWER to CANDIDATE at term 0 for changeToCandidate
2019-09-19 12:13:16,669 [Thread-269] INFO  impl.RoleInfo (RoleInfo.java:updateAndGet(143)) - 0c851e12-ff60-4b3e-9b1f-8a8c210c8764: start LeaderElection
2019-09-19 12:13:16,794 [Thread-278] INFO  impl.FollowerState (FollowerState.java:run(106)) - 2f0d8293-e38d-4dd5-8e48-724baf044eb9:group-5EEDD53916E2 changes to CANDIDATE, lastRpcTime:5137, electionTimeout:5132ms
2019-09-19 12:13:16,795 [Thread-275] INFO  impl.FollowerState (FollowerState.java:run(106)) - b758d66f-4695-4f8d-8a5a-f8e44558c557:group-5EEDD53916E2 changes to CANDIDATE, lastRpcTime:5139, electionTimeout:5123ms
2019-09-19 12:13:16,795 [Thread-278] INFO  impl.RoleInfo (RoleInfo.java:shutdownFollowerState(121)) - 2f0d8293-e38d-4dd5-8e48-724baf044eb9: shutdown FollowerState
2019-09-19 12:13:16,795 [Thread-275] INFO  impl.RoleInfo (RoleInfo.java:shutdownFollowerState(121)) - b758d66f-4695-4f8d-8a5a-f8e44558c557: shutdown FollowerState
2019-09-19 12:13:16,795 [Thread-278] INFO  impl.RaftServerImpl (RaftServerImpl.java:setRole(174)) - 2f0d8293-e38d-4dd5-8e48-724baf044eb9@group-5EEDD53916E2: changes role from  FOLLOWER to CANDIDATE at term 0 for changeToCandidate
2019-09-19 12:13:16,795 [Thread-275] INFO  impl.RaftServerImpl (RaftServerImpl.java:setRole(174)) - b758d66f-4695-4f8d-8a5a-f8e44558c557@group-5EEDD53916E2: changes role from  FOLLOWER to CANDIDATE at term 0 for changeToCandidate
2019-09-19 12:13:16,796 [Thread-278] INFO  impl.RoleInfo (RoleInfo.java:updateAndGet(143)) - 2f0d8293-e38d-4dd5-8e48-724baf044eb9: start LeaderElection
2019-09-19 12:13:16,796 [Thread-275] INFO  impl.RoleInfo (RoleInfo.java:updateAndGet(143)) - b758d66f-4695-4f8d-8a5a-f8e44558c557: start LeaderElection
2019-09-19 12:13:16,819 [Thread-277] INFO  impl.FollowerState (FollowerState.java:run(106)) - b4461942-ccf8-4c18-8b81-7a511519d752:group-5EEDD53916E2 changes to CANDIDATE, lastRpcTime:5176, electionTimeout:5173ms
2019-09-19 12:13:16,819 [Thread-277] INFO  impl.RoleInfo (RoleInfo.java:shutdownFollowerState(121)) - b4461942-ccf8-4c18-8b81-7a511519d752: shutdown FollowerState
2019-09-19 12:13:16,825 [Thread-277] INFO  impl.RaftServerImpl (RaftServerImpl.java:setRole(174)) - b4461942-ccf8-4c18-8b81-7a511519d752@group-5EEDD53916E2: changes role from  FOLLOWER to CANDIDATE at term 0 for changeToCandidate
2019-09-19 12:13:16,829 [Thread-277] INFO  impl.RoleInfo (RoleInfo.java:updateAndGet(143)) - b4461942-ccf8-4c18-8b81-7a511519d752: start LeaderElection
2019-09-19 12:13:17,045 [10e22e81-98cc-454d-8228-400cf28a0b73@group-FC398C90974A-SegmentedRaftLogWorker] INFO  segmented.SegmentedRaftLogWorker (SegmentedRaftLogWorker.java:execute(569)) - 10e22e81-98cc-454d-8228-400cf28a0b73@group-FC398C90974A-SegmentedRaftLogWorker: created new log segment /workdir/hadoop-ozone/integration-test/target/test-dir/MiniOzoneClusterImpl-e0c4f6c0-f9e5-4c6e-8d6a-9a7c93045680/datanode-6/data/ratis/920549e2-ad8d-4e07-b8c7-fc398c90974a/current/log_inprogress_0
2019-09-19 12:13:17,048 [2f0d8293-e38d-4dd5-8e48-724baf044eb9@group-5EEDD53916E2:LeaderElection11] INFO  impl.LeaderElection (LeaderElection.java:askForVotes(182)) - 2f0d8293-e38d-4dd5-8e48-724baf044eb9@group-5EEDD53916E2:LeaderElection11: begin an election at term 1 for -1: [2f0d8293-e38d-4dd5-8e48-724baf044eb9:192.168.157.252:35940, b758d66f-4695-4f8d-8a5a-f8e44558c557:192.168.157.252:36827, b4461942-ccf8-4c18-8b81-7a511519d752:192.168.157.252:36487], old=null
2019-09-19 12:13:17,048 [0c851e12-ff60-4b3e-9b1f-8a8c210c8764@group-A60CBF19A431:LeaderElection10] INFO  impl.LeaderElection (LeaderElection.java:askForVotes(182)) - 0c851e12-ff60-4b3e-9b1f-8a8c210c8764@group-A60CBF19A431:LeaderElection10: begin an election at term 1 for -1: [357e1d52-da6e-4a3f-8c53-892f84a5bd21:192.168.157.252:40030, 0c851e12-ff60-4b3e-9b1f-8a8c210c8764:192.168.157.252:39311, 4e6ab8fe-18d2-4f01-9096-1736fef14755:192.168.157.252:40666], old=null
2019-09-19 12:13:17,048 [357e1d52-da6e-4a3f-8c53-892f84a5bd21@group-A60CBF19A431:LeaderElection9] INFO  impl.LeaderElection (LeaderElection.java:askForVotes(182)) - 357e1d52-da6e-4a3f-8c53-892f84a5bd21@group-A60CBF19A431:LeaderElection9: begin an election at term 1 for -1: [357e1d52-da6e-4a3f-8c53-892f84a5bd21:192.168.157.252:40030, 0c851e12-ff60-4b3e-9b1f-8a8c210c8764:192.168.157.252:39311, 4e6ab8fe-18d2-4f01-9096-1736fef14755:192.168.157.252:40666], old=null
2019-09-19 12:13:17,048 [4e6ab8fe-18d2-4f01-9096-1736fef14755@group-A60CBF19A431:LeaderElection8] INFO  impl.LeaderElection (LeaderElection.java:askForVotes(182)) - 4e6ab8fe-18d2-4f01-9096-1736fef14755@group-A60CBF19A431:LeaderElection8: begin an election at term 1 for -1: [357e1d52-da6e-4a3f-8c53-892f84a5bd21:192.168.157.252:40030, 0c851e12-ff60-4b3e-9b1f-8a8c210c8764:192.168.157.252:39311, 4e6ab8fe-18d2-4f01-9096-1736fef14755:192.168.157.252:40666], old=null
2019-09-19 12:13:17,048 [b4461942-ccf8-4c18-8b81-7a511519d752@group-5EEDD53916E2:LeaderElection13] INFO  impl.LeaderElection (LeaderElection.java:askForVotes(182)) - b4461942-ccf8-4c18-8b81-7a511519d752@group-5EEDD53916E2:LeaderElection13: begin an election at term 1 for -1: [2f0d8293-e38d-4dd5-8e48-724baf044eb9:192.168.157.252:35940, b758d66f-4695-4f8d-8a5a-f8e44558c557:192.168.157.252:36827, b4461942-ccf8-4c18-8b81-7a511519d752:192.168.157.252:36487], old=null
2019-09-19 12:13:17,048 [b758d66f-4695-4f8d-8a5a-f8e44558c557@group-5EEDD53916E2:LeaderElection12] INFO  impl.LeaderElection (LeaderElection.java:askForVotes(182)) - b758d66f-4695-4f8d-8a5a-f8e44558c557@group-5EEDD53916E2:LeaderElection12: begin an election at term 1 for -1: [2f0d8293-e38d-4dd5-8e48-724baf044eb9:192.168.157.252:35940, b758d66f-4695-4f8d-8a5a-f8e44558c557:192.168.157.252:36827, b4461942-ccf8-4c18-8b81-7a511519d752:192.168.157.252:36487], old=null
2019-09-19 12:13:17,139 [2f0d8293-e38d-4dd5-8e48-724baf044eb9@group-5EEDD53916E2:LeaderElection11] INFO  impl.LeaderElection (LeaderElection.java:logAndReturn(56)) - 2f0d8293-e38d-4dd5-8e48-724baf044eb9@group-5EEDD53916E2:LeaderElection11: Election REJECTED; received 2 response(s) [2f0d8293-e38d-4dd5-8e48-724baf044eb9<-b4461942-ccf8-4c18-8b81-7a511519d752#0:FAIL-t1, 2f0d8293-e38d-4dd5-8e48-724baf044eb9<-b758d66f-4695-4f8d-8a5a-f8e44558c557#0:FAIL-t1] and 0 exception(s); 2f0d8293-e38d-4dd5-8e48-724baf044eb9@group-5EEDD53916E2:t1, leader=null, voted=2f0d8293-e38d-4dd5-8e48-724baf044eb9, raftlog=2f0d8293-e38d-4dd5-8e48-724baf044eb9@group-5EEDD53916E2-SegmentedRaftLog:OPENED:c-1,f-1,i0, conf=-1: [2f0d8293-e38d-4dd5-8e48-724baf044eb9:192.168.157.252:35940, b758d66f-4695-4f8d-8a5a-f8e44558c557:192.168.157.252:36827, b4461942-ccf8-4c18-8b81-7a511519d752:192.168.157.252:36487], old=null
2019-09-19 12:13:17,139 [0c851e12-ff60-4b3e-9b1f-8a8c210c8764@group-A60CBF19A431:LeaderElection10] INFO  impl.LeaderElection (LeaderElection.java:logAndReturn(56)) - 0c851e12-ff60-4b3e-9b1f-8a8c210c8764@group-A60CBF19A431:LeaderElection10: Election REJECTED; received 2 response(s) [0c851e12-ff60-4b3e-9b1f-8a8c210c8764<-357e1d52-da6e-4a3f-8c53-892f84a5bd21#0:FAIL-t1, 0c851e12-ff60-4b3e-9b1f-8a8c210c8764<-4e6ab8fe-18d2-4f01-9096-1736fef14755#0:FAIL-t1] and 0 exception(s); 0c851e12-ff60-4b3e-9b1f-8a8c210c8764@group-A60CBF19A431:t1, leader=null, voted=0c851e12-ff60-4b3e-9b1f-8a8c210c8764, raftlog=0c851e12-ff60-4b3e-9b1f-8a8c210c8764@group-A60CBF19A431-SegmentedRaftLog:OPENED:c-1,f-1,i0, conf=-1: [357e1d52-da6e-4a3f-8c53-892f84a5bd21:192.168.157.252:40030, 0c851e12-ff60-4b3e-9b1f-8a8c210c8764:192.168.157.252:39311, 4e6ab8fe-18d2-4f01-9096-1736fef14755:192.168.157.252:40666], old=null
2019-09-19 12:13:17,139 [357e1d52-da6e-4a3f-8c53-892f84a5bd21@group-A60CBF19A431:LeaderElection9] INFO  impl.LeaderElection (LeaderElection.java:logAndReturn(56)) - 357e1d52-da6e-4a3f-8c53-892f84a5bd21@group-A60CBF19A431:LeaderElection9: Election REJECTED; received 2 response(s) [357e1d52-da6e-4a3f-8c53-892f84a5bd21<-0c851e12-ff60-4b3e-9b1f-8a8c210c8764#0:FAIL-t1, 357e1d52-da6e-4a3f-8c53-892f84a5bd21<-4e6ab8fe-18d2-4f01-9096-1736fef14755#0:FAIL-t1] and 0 exception(s); 357e1d52-da6e-4a3f-8c53-892f84a5bd21@group-A60CBF19A431:t1, leader=null, voted=357e1d52-da6e-4a3f-8c53-892f84a5bd21, raftlog=357e1d52-da6e-4a3f-8c53-892f84a5bd21@group-A60CBF19A431-SegmentedRaftLog:OPENED:c-1,f-1,i0, conf=-1: [357e1d52-da6e-4a3f-8c53-892f84a5bd21:192.168.157.252:40030, 0c851e12-ff60-4b3e-9b1f-8a8c210c8764:192.168.157.252:39311, 4e6ab8fe-18d2-4f01-9096-1736fef14755:192.168.157.252:40666], old=null
2019-09-19 12:13:17,143 [357e1d52-da6e-4a3f-8c53-892f84a5bd21@group-A60CBF19A431:LeaderElection9] INFO  impl.RaftServerImpl (RaftServerImpl.java:setRole(174)) - 357e1d52-da6e-4a3f-8c53-892f84a5bd21@group-A60CBF19A431: changes role from CANDIDATE to FOLLOWER at term 1 for DISCOVERED_A_NEW_TERM
2019-09-19 12:13:17,143 [0c851e12-ff60-4b3e-9b1f-8a8c210c8764@group-A60CBF19A431:LeaderElection10] INFO  impl.RaftServerImpl (RaftServerImpl.java:setRole(174)) - 0c851e12-ff60-4b3e-9b1f-8a8c210c8764@group-A60CBF19A431: changes role from CANDIDATE to FOLLOWER at term 1 for DISCOVERED_A_NEW_TERM
2019-09-19 12:13:17,148 [b4461942-ccf8-4c18-8b81-7a511519d752@group-5EEDD53916E2:LeaderElection13] INFO  impl.LeaderElection (LeaderElection.java:logAndReturn(56)) - b4461942-ccf8-4c18-8b81-7a511519d752@group-5EEDD53916E2:LeaderElection13: Election REJECTED; received 2 response(s) [b4461942-ccf8-4c18-8b81-7a511519d752<-2f0d8293-e38d-4dd5-8e48-724baf044eb9#0:FAIL-t1, b4461942-ccf8-4c18-8b81-7a511519d752<-b758d66f-4695-4f8d-8a5a-f8e44558c557#0:FAIL-t1] and 0 exception(s); b4461942-ccf8-4c18-8b81-7a511519d752@group-5EEDD53916E2:t1, leader=null, voted=b4461942-ccf8-4c18-8b81-7a511519d752, raftlog=b4461942-ccf8-4c18-8b81-7a511519d752@group-5EEDD53916E2-SegmentedRaftLog:OPENED:c-1,f-1,i0, conf=-1: [2f0d8293-e38d-4dd5-8e48-724baf044eb9:192.168.157.252:35940, b758d66f-4695-4f8d-8a5a-f8e44558c557:192.168.157.252:36827, b4461942-ccf8-4c18-8b81-7a511519d752:192.168.157.252:36487], old=null
2019-09-19 12:13:17,148 [357e1d52-da6e-4a3f-8c53-892f84a5bd21@group-A60CBF19A431:LeaderElection9] INFO  impl.RoleInfo (RoleInfo.java:shutdownLeaderElection(134)) - 357e1d52-da6e-4a3f-8c53-892f84a5bd21: shutdown LeaderElection
2019-09-19 12:13:17,143 [2f0d8293-e38d-4dd5-8e48-724baf044eb9@group-5EEDD53916E2:LeaderElection11] INFO  impl.RaftServerImpl (RaftServerImpl.java:setRole(174)) - 2f0d8293-e38d-4dd5-8e48-724baf044eb9@group-5EEDD53916E2: changes role from CANDIDATE to FOLLOWER at term 1 for DISCOVERED_A_NEW_TERM
2019-09-19 12:13:17,160 [357e1d52-da6e-4a3f-8c53-892f84a5bd21@group-A60CBF19A431:LeaderElection9] INFO  impl.RoleInfo (RoleInfo.java:updateAndGet(143)) - 357e1d52-da6e-4a3f-8c53-892f84a5bd21: start FollowerState
2019-09-19 12:13:17,150 [b4461942-ccf8-4c18-8b81-7a511519d752@group-5EEDD53916E2:LeaderElection13] INFO  impl.RaftServerImpl (RaftServerImpl.java:setRole(174)) - b4461942-ccf8-4c18-8b81-7a511519d752@group-5EEDD53916E2: changes role from CANDIDATE to FOLLOWER at term 1 for DISCOVERED_A_NEW_TERM
2019-09-19 12:13:17,148 [0c851e12-ff60-4b3e-9b1f-8a8c210c8764@group-A60CBF19A431:LeaderElection10] INFO  impl.RoleInfo (RoleInfo.java:shutdownLeaderElection(134)) - 0c851e12-ff60-4b3e-9b1f-8a8c210c8764: shutdown LeaderElection
2019-09-19 12:13:17,161 [b4461942-ccf8-4c18-8b81-7a511519d752@group-5EEDD53916E2:LeaderElection13] INFO  impl.RoleInfo (RoleInfo.java:shutdownLeaderElection(134)) - b4461942-ccf8-4c18-8b81-7a511519d752: shutdown LeaderElection
2019-09-19 12:13:17,160 [2f0d8293-e38d-4dd5-8e48-724baf044eb9@group-5EEDD53916E2:LeaderElection11] INFO  impl.RoleInfo (RoleInfo.java:shutdownLeaderElection(134)) - 2f0d8293-e38d-4dd5-8e48-724baf044eb9: shutdown LeaderElection
2019-09-19 12:13:17,161 [b4461942-ccf8-4c18-8b81-7a511519d752@group-5EEDD53916E2:LeaderElection13] INFO  impl.RoleInfo (RoleInfo.java:updateAndGet(143)) - b4461942-ccf8-4c18-8b81-7a511519d752: start FollowerState
2019-09-19 12:13:17,161 [0c851e12-ff60-4b3e-9b1f-8a8c210c8764@group-A60CBF19A431:LeaderElection10] INFO  impl.RoleInfo (RoleInfo.java:updateAndGet(143)) - 0c851e12-ff60-4b3e-9b1f-8a8c210c8764: start FollowerState
2019-09-19 12:13:17,161 [2f0d8293-e38d-4dd5-8e48-724baf044eb9@group-5EEDD53916E2:LeaderElection11] INFO  impl.RoleInfo (RoleInfo.java:updateAndGet(143)) - 2f0d8293-e38d-4dd5-8e48-724baf044eb9: start FollowerState
2019-09-19 12:13:17,162 [b758d66f-4695-4f8d-8a5a-f8e44558c557@group-5EEDD53916E2:LeaderElection12] INFO  impl.LeaderElection (LeaderElection.java:logAndReturn(56)) - b758d66f-4695-4f8d-8a5a-f8e44558c557@group-5EEDD53916E2:LeaderElection12: Election REJECTED; received 2 response(s) [b758d66f-4695-4f8d-8a5a-f8e44558c557<-2f0d8293-e38d-4dd5-8e48-724baf044eb9#0:FAIL-t1, b758d66f-4695-4f8d-8a5a-f8e44558c557<-b4461942-ccf8-4c18-8b81-7a511519d752#0:FAIL-t1] and 0 exception(s); b758d66f-4695-4f8d-8a5a-f8e44558c557@group-5EEDD53916E2:t1, leader=null, voted=b758d66f-4695-4f8d-8a5a-f8e44558c557, raftlog=b758d66f-4695-4f8d-8a5a-f8e44558c557@group-5EEDD53916E2-SegmentedRaftLog:OPENED:c-1,f-1,i0, conf=-1: [2f0d8293-e38d-4dd5-8e48-724baf044eb9:192.168.157.252:35940, b758d66f-4695-4f8d-8a5a-f8e44558c557:192.168.157.252:36827, b4461942-ccf8-4c18-8b81-7a511519d752:192.168.157.252:36487], old=null
2019-09-19 12:13:17,162 [b758d66f-4695-4f8d-8a5a-f8e44558c557@group-5EEDD53916E2:LeaderElection12] INFO  impl.RaftServerImpl (RaftServerImpl.java:setRole(174)) - b758d66f-4695-4f8d-8a5a-f8e44558c557@group-5EEDD53916E2: changes role from CANDIDATE to FOLLOWER at term 1 for DISCOVERED_A_NEW_TERM
2019-09-19 12:13:17,162 [b758d66f-4695-4f8d-8a5a-f8e44558c557@group-5EEDD53916E2:LeaderElection12] INFO  impl.RoleInfo (RoleInfo.java:shutdownLeaderElection(134)) - b758d66f-4695-4f8d-8a5a-f8e44558c557: shutdown LeaderElection
2019-09-19 12:13:17,162 [4e6ab8fe-18d2-4f01-9096-1736fef14755@group-A60CBF19A431:LeaderElection8] INFO  impl.LeaderElection (LeaderElection.java:logAndReturn(56)) - 4e6ab8fe-18d2-4f01-9096-1736fef14755@group-A60CBF19A431:LeaderElection8: Election REJECTED; received 2 response(s) [4e6ab8fe-18d2-4f01-9096-1736fef14755<-357e1d52-da6e-4a3f-8c53-892f84a5bd21#0:FAIL-t1, 4e6ab8fe-18d2-4f01-9096-1736fef14755<-0c851e12-ff60-4b3e-9b1f-8a8c210c8764#0:FAIL-t1] and 0 exception(s); 4e6ab8fe-18d2-4f01-9096-1736fef14755@group-A60CBF19A431:t1, leader=null, voted=4e6ab8fe-18d2-4f01-9096-1736fef14755, raftlog=4e6ab8fe-18d2-4f01-9096-1736fef14755@group-A60CBF19A431-SegmentedRaftLog:OPENED:c-1,f-1,i0, conf=-1: [357e1d52-da6e-4a3f-8c53-892f84a5bd21:192.168.157.252:40030, 0c851e12-ff60-4b3e-9b1f-8a8c210c8764:192.168.157.252:39311, 4e6ab8fe-18d2-4f01-9096-1736fef14755:192.168.157.252:40666], old=null
2019-09-19 12:13:17,164 [b758d66f-4695-4f8d-8a5a-f8e44558c557@group-5EEDD53916E2:LeaderElection12] INFO  impl.RoleInfo (RoleInfo.java:updateAndGet(143)) - b758d66f-4695-4f8d-8a5a-f8e44558c557: start FollowerState
2019-09-19 12:13:17,164 [4e6ab8fe-18d2-4f01-9096-1736fef14755@group-A60CBF19A431:LeaderElection8] INFO  impl.RaftServerImpl (RaftServerImpl.java:setRole(174)) - 4e6ab8fe-18d2-4f01-9096-1736fef14755@group-A60CBF19A431: changes role from CANDIDATE to FOLLOWER at term 1 for DISCOVERED_A_NEW_TERM
2019-09-19 12:13:17,165 [4e6ab8fe-18d2-4f01-9096-1736fef14755@group-A60CBF19A431:LeaderElection8] INFO  impl.RoleInfo (RoleInfo.java:shutdownLeaderElection(134)) - 4e6ab8fe-18d2-4f01-9096-1736fef14755: shutdown LeaderElection
2019-09-19 12:13:17,166 [4e6ab8fe-18d2-4f01-9096-1736fef14755@group-A60CBF19A431:LeaderElection8] INFO  impl.RoleInfo (RoleInfo.java:updateAndGet(143)) - 4e6ab8fe-18d2-4f01-9096-1736fef14755: start FollowerState
2019-09-19 12:13:17,482 [grpc-default-executor-5] INFO  client.GrpcClientProtocolClient (GrpcClientProtocolClient.java:onNext(264)) - client-646C490827ED->4e6ab8fe-18d2-4f01-9096-1736fef14755: receive RaftClientReply:client-646C490827ED->4e6ab8fe-18d2-4f01-9096-1736fef14755@group-A60CBF19A431, cid=13, FAILED org.apache.ratis.protocol.NotLeaderException: Server 4e6ab8fe-18d2-4f01-9096-1736fef14755@group-A60CBF19A431 is not the leader, logIndex=0, commits[4e6ab8fe-18d2-4f01-9096-1736fef14755:c-1]
2019-09-19 12:13:18,509 [grpc-default-executor-11] INFO  client.GrpcClientProtocolClient (GrpcClientProtocolClient.java:onNext(264)) - client-646C490827ED->357e1d52-da6e-4a3f-8c53-892f84a5bd21: receive RaftClientReply:client-646C490827ED->357e1d52-da6e-4a3f-8c53-892f84a5bd21@group-A60CBF19A431, cid=13, FAILED org.apache.ratis.protocol.NotLeaderException: Server 357e1d52-da6e-4a3f-8c53-892f84a5bd21@group-A60CBF19A431 is not the leader, logIndex=0, commits[357e1d52-da6e-4a3f-8c53-892f84a5bd21:c-1]
2019-09-19 12:13:19,536 [grpc-default-executor-5] INFO  client.GrpcClientProtocolClient (GrpcClientProtocolClient.java:onNext(264)) - client-646C490827ED->4e6ab8fe-18d2-4f01-9096-1736fef14755: receive RaftClientReply:client-646C490827ED->4e6ab8fe-18d2-4f01-9096-1736fef14755@group-A60CBF19A431, cid=13, FAILED org.apache.ratis.protocol.NotLeaderException: Server 4e6ab8fe-18d2-4f01-9096-1736fef14755@group-A60CBF19A431 is not the leader, logIndex=0, commits[4e6ab8fe-18d2-4f01-9096-1736fef14755:c-1]
2019-09-19 12:13:20,565 [grpc-default-executor-5] INFO  client.GrpcClientProtocolClient (GrpcClientProtocolClient.java:onNext(264)) - client-646C490827ED->0c851e12-ff60-4b3e-9b1f-8a8c210c8764: receive RaftClientReply:client-646C490827ED->0c851e12-ff60-4b3e-9b1f-8a8c210c8764@group-A60CBF19A431, cid=13, FAILED org.apache.ratis.protocol.NotLeaderException: Server 0c851e12-ff60-4b3e-9b1f-8a8c210c8764@group-A60CBF19A431 is not the leader, logIndex=0, commits[0c851e12-ff60-4b3e-9b1f-8a8c210c8764:c-1]
2019-09-19 12:13:21,594 [grpc-default-executor-11] INFO  client.GrpcClientProtocolClient (GrpcClientProtocolClient.java:onNext(264)) - client-646C490827ED->357e1d52-da6e-4a3f-8c53-892f84a5bd21: receive RaftClientReply:client-646C490827ED->357e1d52-da6e-4a3f-8c53-892f84a5bd21@group-A60CBF19A431, cid=13, FAILED org.apache.ratis.protocol.NotLeaderException: Server 357e1d52-da6e-4a3f-8c53-892f84a5bd21@group-A60CBF19A431 is not the leader, logIndex=0, commits[357e1d52-da6e-4a3f-8c53-892f84a5bd21:c-1]
2019-09-19 12:13:22,165 [Thread-327] INFO  impl.FollowerState (FollowerState.java:run(106)) - b4461942-ccf8-4c18-8b81-7a511519d752:group-5EEDD53916E2 changes to CANDIDATE, lastRpcTime:5003, electionTimeout:5003ms
2019-09-19 12:13:22,165 [Thread-327] INFO  impl.RoleInfo (RoleInfo.java:shutdownFollowerState(121)) - b4461942-ccf8-4c18-8b81-7a511519d752: shutdown FollowerState
2019-09-19 12:13:22,165 [Thread-327] INFO  impl.RaftServerImpl (RaftServerImpl.java:setRole(174)) - b4461942-ccf8-4c18-8b81-7a511519d752@group-5EEDD53916E2: changes role from  FOLLOWER to CANDIDATE at term 1 for changeToCandidate
2019-09-19 12:13:22,166 [Thread-327] INFO  impl.RoleInfo (RoleInfo.java:updateAndGet(143)) - b4461942-ccf8-4c18-8b81-7a511519d752: start LeaderElection
2019-09-19 12:13:22,183 [Thread-330] INFO  impl.FollowerState (FollowerState.java:run(106)) - 4e6ab8fe-18d2-4f01-9096-1736fef14755:group-A60CBF19A431 changes to CANDIDATE, lastRpcTime:5017, electionTimeout:5017ms
2019-09-19 12:13:22,183 [Thread-330] INFO  impl.RoleInfo (RoleInfo.java:shutdownFollowerState(121)) - 4e6ab8fe-18d2-4f01-9096-1736fef14755: shutdown FollowerState
2019-09-19 12:13:22,183 [Thread-330] INFO  impl.RaftServerImpl (RaftServerImpl.java:setRole(174)) - 4e6ab8fe-18d2-4f01-9096-1736fef14755@group-A60CBF19A431: changes role from  FOLLOWER to CANDIDATE at term 1 for changeToCandidate
2019-09-19 12:13:22,184 [Thread-330] INFO  impl.RoleInfo (RoleInfo.java:updateAndGet(143)) - 4e6ab8fe-18d2-4f01-9096-1736fef14755: start LeaderElection
2019-09-19 12:13:22,212 [Thread-326] INFO  impl.FollowerState (FollowerState.java:run(106)) - 0c851e12-ff60-4b3e-9b1f-8a8c210c8764:group-A60CBF19A431 changes to CANDIDATE, lastRpcTime:5051, electionTimeout:5050ms
2019-09-19 12:13:22,212 [Thread-326] INFO  impl.RoleInfo (RoleInfo.java:shutdownFollowerState(121)) - 0c851e12-ff60-4b3e-9b1f-8a8c210c8764: shutdown FollowerState
2019-09-19 12:13:22,212 [Thread-326] INFO  impl.RaftServerImpl (RaftServerImpl.java:setRole(174)) - 0c851e12-ff60-4b3e-9b1f-8a8c210c8764@group-A60CBF19A431: changes role from  FOLLOWER to CANDIDATE at term 1 for changeToCandidate
2019-09-19 12:13:22,213 [Thread-326] INFO  impl.RoleInfo (RoleInfo.java:updateAndGet(143)) - 0c851e12-ff60-4b3e-9b1f-8a8c210c8764: start LeaderElection
2019-09-19 12:13:22,242 [Thread-329] INFO  impl.FollowerState (FollowerState.java:run(106)) - b758d66f-4695-4f8d-8a5a-f8e44558c557:group-5EEDD53916E2 changes to CANDIDATE, lastRpcTime:5078, electionTimeout:5076ms
2019-09-19 12:13:22,242 [Thread-329] INFO  impl.RoleInfo (RoleInfo.java:shutdownFollowerState(121)) - b758d66f-4695-4f8d-8a5a-f8e44558c557: shutdown FollowerState
2019-09-19 12:13:22,242 [Thread-329] INFO  impl.RaftServerImpl (RaftServerImpl.java:setRole(174)) - b758d66f-4695-4f8d-8a5a-f8e44558c557@group-5EEDD53916E2: changes role from  FOLLOWER to CANDIDATE at term 1 for changeToCandidate
2019-09-19 12:13:22,243 [Thread-329] INFO  impl.RoleInfo (RoleInfo.java:updateAndGet(143)) - b758d66f-4695-4f8d-8a5a-f8e44558c557: start LeaderElection
2019-09-19 12:13:22,320 [Thread-328] INFO  impl.FollowerState (FollowerState.java:run(106)) - 2f0d8293-e38d-4dd5-8e48-724baf044eb9:group-5EEDD53916E2 changes to CANDIDATE, lastRpcTime:5158, electionTimeout:5158ms
2019-09-19 12:13:22,320 [Thread-328] INFO  impl.RoleInfo (RoleInfo.java:shutdownFollowerState(121)) - 2f0d8293-e38d-4dd5-8e48-724baf044eb9: shutdown FollowerState
2019-09-19 12:13:22,321 [Thread-328] INFO  impl.RaftServerImpl (RaftServerImpl.java:setRole(174)) - 2f0d8293-e38d-4dd5-8e48-724baf044eb9@group-5EEDD53916E2: changes role from  FOLLOWER to CANDIDATE at term 1 for changeToCandidate
2019-09-19 12:13:22,321 [Thread-328] INFO  impl.RoleInfo (RoleInfo.java:updateAndGet(143)) - 2f0d8293-e38d-4dd5-8e48-724baf044eb9: start LeaderElection
2019-09-19 12:13:22,338 [Thread-325] INFO  impl.FollowerState (FollowerState.java:run(106)) - 357e1d52-da6e-4a3f-8c53-892f84a5bd21:group-A60CBF19A431 changes to CANDIDATE, lastRpcTime:5177, electionTimeout:5177ms
2019-09-19 12:13:22,338 [Thread-325] INFO  impl.RoleInfo (RoleInfo.java:shutdownFollowerState(121)) - 357e1d52-da6e-4a3f-8c53-892f84a5bd21: shutdown FollowerState
2019-09-19 12:13:22,338 [Thread-325] INFO  impl.RaftServerImpl (RaftServerImpl.java:setRole(174)) - 357e1d52-da6e-4a3f-8c53-892f84a5bd21@group-A60CBF19A431: changes role from  FOLLOWER to CANDIDATE at term 1 for changeToCandidate
2019-09-19 12:13:22,339 [Thread-325] INFO  impl.RoleInfo (RoleInfo.java:updateAndGet(143)) - 357e1d52-da6e-4a3f-8c53-892f84a5bd21: start LeaderElection
2019-09-19 12:13:22,630 [grpc-default-executor-5] INFO  client.GrpcClientProtocolClient (GrpcClientProtocolClient.java:onNext(264)) - client-646C490827ED->0c851e12-ff60-4b3e-9b1f-8a8c210c8764: receive RaftClientReply:client-646C490827ED->0c851e12-ff60-4b3e-9b1f-8a8c210c8764@group-A60CBF19A431, cid=13, FAILED org.apache.ratis.protocol.NotLeaderException: Server 0c851e12-ff60-4b3e-9b1f-8a8c210c8764@group-A60CBF19A431 is not the leader, logIndex=0, commits[0c851e12-ff60-4b3e-9b1f-8a8c210c8764:c-1]
2019-09-19 12:13:23,661 [grpc-default-executor-11] INFO  client.GrpcClientProtocolClient (GrpcClientProtocolClient.java:onNext(264)) - client-646C490827ED->4e6ab8fe-18d2-4f01-9096-1736fef14755: receive RaftClientReply:client-646C490827ED->4e6ab8fe-18d2-4f01-9096-1736fef14755@group-A60CBF19A431, cid=13, FAILED org.apache.ratis.protocol.NotLeaderException: Server 4e6ab8fe-18d2-4f01-9096-1736fef14755@group-A60CBF19A431 is not the leader, logIndex=0, commits[4e6ab8fe-18d2-4f01-9096-1736fef14755:c-1]
2019-09-19 12:13:24,692 [grpc-default-executor-11] INFO  client.GrpcClientProtocolClient (GrpcClientProtocolClient.java:onNext(264)) - client-646C490827ED->357e1d52-da6e-4a3f-8c53-892f84a5bd21: receive RaftClientReply:client-646C490827ED->357e1d52-da6e-4a3f-8c53-892f84a5bd21@group-A60CBF19A431, cid=13, FAILED org.apache.ratis.protocol.NotLeaderException: Server 357e1d52-da6e-4a3f-8c53-892f84a5bd21@group-A60CBF19A431 is not the leader, logIndex=0, commits[357e1d52-da6e-4a3f-8c53-892f84a5bd21:c-1]
2019-09-19 12:13:25,723 [grpc-default-executor-5] INFO  client.GrpcClientProtocolClient (GrpcClientProtocolClient.java:onNext(264)) - client-646C490827ED->0c851e12-ff60-4b3e-9b1f-8a8c210c8764: receive RaftClientReply:client-646C490827ED->0c851e12-ff60-4b3e-9b1f-8a8c210c8764@group-A60CBF19A431, cid=13, FAILED org.apache.ratis.protocol.NotLeaderException: Server 0c851e12-ff60-4b3e-9b1f-8a8c210c8764@group-A60CBF19A431 is not the leader, logIndex=0, commits[0c851e12-ff60-4b3e-9b1f-8a8c210c8764:c-1]
2019-09-19 12:13:26,758 [grpc-default-executor-5] INFO  client.GrpcClientProtocolClient (GrpcClientProtocolClient.java:onNext(264)) - client-646C490827ED->357e1d52-da6e-4a3f-8c53-892f84a5bd21: receive RaftClientReply:client-646C490827ED->357e1d52-da6e-4a3f-8c53-892f84a5bd21@group-A60CBF19A431, cid=13, FAILED org.apache.ratis.protocol.NotLeaderException: Server 357e1d52-da6e-4a3f-8c53-892f84a5bd21@group-A60CBF19A431 is not the leader, logIndex=0, commits[357e1d52-da6e-4a3f-8c53-892f84a5bd21:c-1]
2019-09-19 12:13:27,341 [357e1d52-da6e-4a3f-8c53-892f84a5bd21@group-A60CBF19A431:LeaderElection19] INFO  impl.LeaderElection (LeaderElection.java:askForVotes(182)) - 357e1d52-da6e-4a3f-8c53-892f84a5bd21@group-A60CBF19A431:LeaderElection19: begin an election at term 2 for -1: [357e1d52-da6e-4a3f-8c53-892f84a5bd21:192.168.157.252:40030, 0c851e12-ff60-4b3e-9b1f-8a8c210c8764:192.168.157.252:39311, 4e6ab8fe-18d2-4f01-9096-1736fef14755:192.168.157.252:40666], old=null
2019-09-19 12:13:27,341 [b4461942-ccf8-4c18-8b81-7a511519d752@group-5EEDD53916E2:LeaderElection14] INFO  impl.LeaderElection (LeaderElection.java:askForVotes(182)) - b4461942-ccf8-4c18-8b81-7a511519d752@group-5EEDD53916E2:LeaderElection14: begin an election at term 2 for -1: [2f0d8293-e38d-4dd5-8e48-724baf044eb9:192.168.157.252:35940, b758d66f-4695-4f8d-8a5a-f8e44558c557:192.168.157.252:36827, b4461942-ccf8-4c18-8b81-7a511519d752:192.168.157.252:36487], old=null
2019-09-19 12:13:27,341 [b758d66f-4695-4f8d-8a5a-f8e44558c557@group-5EEDD53916E2:LeaderElection17] INFO  impl.LeaderElection (LeaderElection.java:askForVotes(182)) - b758d66f-4695-4f8d-8a5a-f8e44558c557@group-5EEDD53916E2:LeaderElection17: begin an election at term 2 for -1: [2f0d8293-e38d-4dd5-8e48-724baf044eb9:192.168.157.252:35940, b758d66f-4695-4f8d-8a5a-f8e44558c557:192.168.157.252:36827, b4461942-ccf8-4c18-8b81-7a511519d752:192.168.157.252:36487], old=null
2019-09-19 12:13:27,341 [4e6ab8fe-18d2-4f01-9096-1736fef14755@group-A60CBF19A431:LeaderElection15] INFO  impl.LeaderElection (LeaderElection.java:askForVotes(182)) - 4e6ab8fe-18d2-4f01-9096-1736fef14755@group-A60CBF19A431:LeaderElection15: begin an election at term 2 for -1: [357e1d52-da6e-4a3f-8c53-892f84a5bd21:192.168.157.252:40030, 0c851e12-ff60-4b3e-9b1f-8a8c210c8764:192.168.157.252:39311, 4e6ab8fe-18d2-4f01-9096-1736fef14755:192.168.157.252:40666], old=null
2019-09-19 12:13:27,341 [2f0d8293-e38d-4dd5-8e48-724baf044eb9@group-5EEDD53916E2:LeaderElection18] INFO  impl.LeaderElection (LeaderElection.java:askForVotes(182)) - 2f0d8293-e38d-4dd5-8e48-724baf044eb9@group-5EEDD53916E2:LeaderElection18: begin an election at term 2 for -1: [2f0d8293-e38d-4dd5-8e48-724baf044eb9:192.168.157.252:35940, b758d66f-4695-4f8d-8a5a-f8e44558c557:192.168.157.252:36827, b4461942-ccf8-4c18-8b81-7a511519d752:192.168.157.252:36487], old=null
2019-09-19 12:13:27,341 [0c851e12-ff60-4b3e-9b1f-8a8c210c8764@group-A60CBF19A431:LeaderElection16] INFO  impl.LeaderElection (LeaderElection.java:askForVotes(182)) - 0c851e12-ff60-4b3e-9b1f-8a8c210c8764@group-A60CBF19A431:LeaderElection16: begin an election at term 2 for -1: [357e1d52-da6e-4a3f-8c53-892f84a5bd21:192.168.157.252:40030, 0c851e12-ff60-4b3e-9b1f-8a8c210c8764:192.168.157.252:39311, 4e6ab8fe-18d2-4f01-9096-1736fef14755:192.168.157.252:40666], old=null
2019-09-19 12:13:27,373 [357e1d52-da6e-4a3f-8c53-892f84a5bd21@group-A60CBF19A431:LeaderElection19] INFO  impl.LeaderElection (LeaderElection.java:logAndReturn(56)) - 357e1d52-da6e-4a3f-8c53-892f84a5bd21@group-A60CBF19A431:LeaderElection19: Election REJECTED; received 2 response(s) [357e1d52-da6e-4a3f-8c53-892f84a5bd21<-0c851e12-ff60-4b3e-9b1f-8a8c210c8764#0:FAIL-t2, 357e1d52-da6e-4a3f-8c53-892f84a5bd21<-4e6ab8fe-18d2-4f01-9096-1736fef14755#0:FAIL-t2] and 0 exception(s); 357e1d52-da6e-4a3f-8c53-892f84a5bd21@group-A60CBF19A431:t2, leader=null, voted=357e1d52-da6e-4a3f-8c53-892f84a5bd21, raftlog=357e1d52-da6e-4a3f-8c53-892f84a5bd21@group-A60CBF19A431-SegmentedRaftLog:OPENED:c-1,f-1,i0, conf=-1: [357e1d52-da6e-4a3f-8c53-892f84a5bd21:192.168.157.252:40030, 0c851e12-ff60-4b3e-9b1f-8a8c210c8764:192.168.157.252:39311, 4e6ab8fe-18d2-4f01-9096-1736fef14755:192.168.157.252:40666], old=null
2019-09-19 12:13:27,374 [357e1d52-da6e-4a3f-8c53-892f84a5bd21@group-A60CBF19A431:LeaderElection19] INFO  impl.RaftServerImpl (RaftServerImpl.java:setRole(174)) - 357e1d52-da6e-4a3f-8c53-892f84a5bd21@group-A60CBF19A431: changes role from CANDIDATE to FOLLOWER at term 2 for DISCOVERED_A_NEW_TERM
2019-09-19 12:13:27,376 [357e1d52-da6e-4a3f-8c53-892f84a5bd21@group-A60CBF19A431:LeaderElection19] INFO  impl.RoleInfo (RoleInfo.java:shutdownLeaderElection(134)) - 357e1d52-da6e-4a3f-8c53-892f84a5bd21: shutdown LeaderElection
2019-09-19 12:13:27,377 [357e1d52-da6e-4a3f-8c53-892f84a5bd21@group-A60CBF19A431:LeaderElection19] INFO  impl.RoleInfo (RoleInfo.java:updateAndGet(143)) - 357e1d52-da6e-4a3f-8c53-892f84a5bd21: start FollowerState
2019-09-19 12:13:27,380 [4e6ab8fe-18d2-4f01-9096-1736fef14755@group-A60CBF19A431:LeaderElection15] INFO  impl.LeaderElection (LeaderElection.java:logAndReturn(56)) - 4e6ab8fe-18d2-4f01-9096-1736fef14755@group-A60CBF19A431:LeaderElection15: Election REJECTED; received 2 response(s) [4e6ab8fe-18d2-4f01-9096-1736fef14755<-357e1d52-da6e-4a3f-8c53-892f84a5bd21#0:FAIL-t2, 4e6ab8fe-18d2-4f01-9096-1736fef14755<-0c851e12-ff60-4b3e-9b1f-8a8c210c8764#0:FAIL-t2] and 0 exception(s); 4e6ab8fe-18d2-4f01-9096-1736fef14755@group-A60CBF19A431:t2, leader=null, voted=4e6ab8fe-18d2-4f01-9096-1736fef14755, raftlog=4e6ab8fe-18d2-4f01-9096-1736fef14755@group-A60CBF19A431-SegmentedRaftLog:OPENED:c-1,f-1,i0, conf=-1: [357e1d52-da6e-4a3f-8c53-892f84a5bd21:192.168.157.252:40030, 0c851e12-ff60-4b3e-9b1f-8a8c210c8764:192.168.157.252:39311, 4e6ab8fe-18d2-4f01-9096-1736fef14755:192.168.157.252:40666], old=null
2019-09-19 12:13:27,382 [4e6ab8fe-18d2-4f01-9096-1736fef14755@group-A60CBF19A431:LeaderElection15] INFO  impl.RaftServerImpl (RaftServerImpl.java:setRole(174)) - 4e6ab8fe-18d2-4f01-9096-1736fef14755@group-A60CBF19A431: changes role from CANDIDATE to FOLLOWER at term 2 for DISCOVERED_A_NEW_TERM
2019-09-19 12:13:27,384 [4e6ab8fe-18d2-4f01-9096-1736fef14755@group-A60CBF19A431:LeaderElection15] INFO  impl.RoleInfo (RoleInfo.java:shutdownLeaderElection(134)) - 4e6ab8fe-18d2-4f01-9096-1736fef14755: shutdown LeaderElection
2019-09-19 12:13:27,385 [4e6ab8fe-18d2-4f01-9096-1736fef14755@group-A60CBF19A431:LeaderElection15] INFO  impl.RoleInfo (RoleInfo.java:updateAndGet(143)) - 4e6ab8fe-18d2-4f01-9096-1736fef14755: start FollowerState
2019-09-19 12:13:27,387 [b758d66f-4695-4f8d-8a5a-f8e44558c557@group-5EEDD53916E2:LeaderElection17] INFO  impl.LeaderElection (LeaderElection.java:logAndReturn(56)) - b758d66f-4695-4f8d-8a5a-f8e44558c557@group-5EEDD53916E2:LeaderElection17: Election REJECTED; received 2 response(s) [b758d66f-4695-4f8d-8a5a-f8e44558c557<-2f0d8293-e38d-4dd5-8e48-724baf044eb9#0:FAIL-t2, b758d66f-4695-4f8d-8a5a-f8e44558c557<-b4461942-ccf8-4c18-8b81-7a511519d752#0:FAIL-t2] and 0 exception(s); b758d66f-4695-4f8d-8a5a-f8e44558c557@group-5EEDD53916E2:t2, leader=null, voted=b758d66f-4695-4f8d-8a5a-f8e44558c557, raftlog=b758d66f-4695-4f8d-8a5a-f8e44558c557@group-5EEDD53916E2-SegmentedRaftLog:OPENED:c-1,f-1,i0, conf=-1: [2f0d8293-e38d-4dd5-8e48-724baf044eb9:192.168.157.252:35940, b758d66f-4695-4f8d-8a5a-f8e44558c557:192.168.157.252:36827, b4461942-ccf8-4c18-8b81-7a511519d752:192.168.157.252:36487], old=null
2019-09-19 12:13:27,390 [b758d66f-4695-4f8d-8a5a-f8e44558c557@group-5EEDD53916E2:LeaderElection17] INFO  impl.RaftServerImpl (RaftServerImpl.java:setRole(174)) - b758d66f-4695-4f8d-8a5a-f8e44558c557@group-5EEDD53916E2: changes role from CANDIDATE to FOLLOWER at term 2 for DISCOVERED_A_NEW_TERM
2019-09-19 12:13:27,392 [b758d66f-4695-4f8d-8a5a-f8e44558c557@group-5EEDD53916E2:LeaderElection17] INFO  impl.RoleInfo (RoleInfo.java:shutdownLeaderElection(134)) - b758d66f-4695-4f8d-8a5a-f8e44558c557: shutdown LeaderElection
2019-09-19 12:13:27,392 [0c851e12-ff60-4b3e-9b1f-8a8c210c8764@group-A60CBF19A431:LeaderElection16] INFO  impl.LeaderElection (LeaderElection.java:logAndReturn(56)) - 0c851e12-ff60-4b3e-9b1f-8a8c210c8764@group-A60CBF19A431:LeaderElection16: Election REJECTED; received 2 response(s) [0c851e12-ff60-4b3e-9b1f-8a8c210c8764<-357e1d52-da6e-4a3f-8c53-892f84a5bd21#0:FAIL-t2, 0c851e12-ff60-4b3e-9b1f-8a8c210c8764<-4e6ab8fe-18d2-4f01-9096-1736fef14755#0:FAIL-t2] and 0 exception(s); 0c851e12-ff60-4b3e-9b1f-8a8c210c8764@group-A60CBF19A431:t2, leader=null, voted=0c851e12-ff60-4b3e-9b1f-8a8c210c8764, raftlog=0c851e12-ff60-4b3e-9b1f-8a8c210c8764@group-A60CBF19A431-SegmentedRaftLog:OPENED:c-1,f-1,i0, conf=-1: [357e1d52-da6e-4a3f-8c53-892f84a5bd21:192.168.157.252:40030, 0c851e12-ff60-4b3e-9b1f-8a8c210c8764:192.168.157.252:39311, 4e6ab8fe-18d2-4f01-9096-1736fef14755:192.168.157.252:40666], old=null
2019-09-19 12:13:27,395 [b758d66f-4695-4f8d-8a5a-f8e44558c557@group-5EEDD53916E2:LeaderElection17] INFO  impl.RoleInfo (RoleInfo.java:updateAndGet(143)) - b758d66f-4695-4f8d-8a5a-f8e44558c557: start FollowerState
2019-09-19 12:13:27,395 [0c851e12-ff60-4b3e-9b1f-8a8c210c8764@group-A60CBF19A431:LeaderElection16] INFO  impl.RaftServerImpl (RaftServerImpl.java:setRole(174)) - 0c851e12-ff60-4b3e-9b1f-8a8c210c8764@group-A60CBF19A431: changes role from CANDIDATE to FOLLOWER at term 2 for DISCOVERED_A_NEW_TERM
2019-09-19 12:13:27,406 [0c851e12-ff60-4b3e-9b1f-8a8c210c8764@group-A60CBF19A431:LeaderElection16] INFO  impl.RoleInfo (RoleInfo.java:shutdownLeaderElection(134)) - 0c851e12-ff60-4b3e-9b1f-8a8c210c8764: shutdown LeaderElection
2019-09-19 12:13:27,406 [0c851e12-ff60-4b3e-9b1f-8a8c210c8764@group-A60CBF19A431:LeaderElection16] INFO  impl.RoleInfo (RoleInfo.java:updateAndGet(143)) - 0c851e12-ff60-4b3e-9b1f-8a8c210c8764: start FollowerState
2019-09-19 12:13:27,407 [b4461942-ccf8-4c18-8b81-7a511519d752@group-5EEDD53916E2:LeaderElection14] INFO  impl.LeaderElection (LeaderElection.java:logAndReturn(56)) - b4461942-ccf8-4c18-8b81-7a511519d752@group-5EEDD53916E2:LeaderElection14: Election REJECTED; received 2 response(s) [b4461942-ccf8-4c18-8b81-7a511519d752<-2f0d8293-e38d-4dd5-8e48-724baf044eb9#0:FAIL-t2, b4461942-ccf8-4c18-8b81-7a511519d752<-b758d66f-4695-4f8d-8a5a-f8e44558c557#0:FAIL-t2] and 0 exception(s); b4461942-ccf8-4c18-8b81-7a511519d752@group-5EEDD53916E2:t2, leader=null, voted=b4461942-ccf8-4c18-8b81-7a511519d752, raftlog=b4461942-ccf8-4c18-8b81-7a511519d752@group-5EEDD53916E2-SegmentedRaftLog:OPENED:c-1,f-1,i0, conf=-1: [2f0d8293-e38d-4dd5-8e48-724baf044eb9:192.168.157.252:35940, b758d66f-4695-4f8d-8a5a-f8e44558c557:192.168.157.252:36827, b4461942-ccf8-4c18-8b81-7a511519d752:192.168.157.252:36487], old=null
2019-09-19 12:13:27,407 [b4461942-ccf8-4c18-8b81-7a511519d752@group-5EEDD53916E2:LeaderElection14] INFO  impl.RaftServerImpl (RaftServerImpl.java:setRole(174)) - b4461942-ccf8-4c18-8b81-7a511519d752@group-5EEDD53916E2: changes role from CANDIDATE to FOLLOWER at term 2 for DISCOVERED_A_NEW_TERM
2019-09-19 12:13:27,407 [b4461942-ccf8-4c18-8b81-7a511519d752@group-5EEDD53916E2:LeaderElection14] INFO  impl.RoleInfo (RoleInfo.java:shutdownLeaderElection(134)) - b4461942-ccf8-4c18-8b81-7a511519d752: shutdown LeaderElection
2019-09-19 12:13:27,408 [b4461942-ccf8-4c18-8b81-7a511519d752@group-5EEDD53916E2:LeaderElection14] INFO  impl.RoleInfo (RoleInfo.java:updateAndGet(143)) - b4461942-ccf8-4c18-8b81-7a511519d752: start FollowerState
2019-09-19 12:13:27,408 [2f0d8293-e38d-4dd5-8e48-724baf044eb9@group-5EEDD53916E2:LeaderElection18] INFO  impl.LeaderElection (LeaderElection.java:logAndReturn(56)) - 2f0d8293-e38d-4dd5-8e48-724baf044eb9@group-5EEDD53916E2:LeaderElection18: Election REJECTED; received 2 response(s) [2f0d8293-e38d-4dd5-8e48-724baf044eb9<-b4461942-ccf8-4c18-8b81-7a511519d752#0:FAIL-t2, 2f0d8293-e38d-4dd5-8e48-724baf044eb9<-b758d66f-4695-4f8d-8a5a-f8e44558c557#0:FAIL-t2] and 0 exception(s); 2f0d8293-e38d-4dd5-8e48-724baf044eb9@group-5EEDD53916E2:t2, leader=null, voted=2f0d8293-e38d-4dd5-8e48-724baf044eb9, raftlog=2f0d8293-e38d-4dd5-8e48-724baf044eb9@group-5EEDD53916E2-SegmentedRaftLog:OPENED:c-1,f-1,i0, conf=-1: [2f0d8293-e38d-4dd5-8e48-724baf044eb9:192.168.157.252:35940, b758d66f-4695-4f8d-8a5a-f8e44558c557:192.168.157.252:36827, b4461942-ccf8-4c18-8b81-7a511519d752:192.168.157.252:36487], old=null
2019-09-19 12:13:27,411 [2f0d8293-e38d-4dd5-8e48-724baf044eb9@group-5EEDD53916E2:LeaderElection18] INFO  impl.RaftServerImpl (RaftServerImpl.java:setRole(174)) - 2f0d8293-e38d-4dd5-8e48-724baf044eb9@group-5EEDD53916E2: changes role from CANDIDATE to FOLLOWER at term 2 for DISCOVERED_A_NEW_TERM
2019-09-19 12:13:27,411 [2f0d8293-e38d-4dd5-8e48-724baf044eb9@group-5EEDD53916E2:LeaderElection18] INFO  impl.RoleInfo (RoleInfo.java:shutdownLeaderElection(134)) - 2f0d8293-e38d-4dd5-8e48-724baf044eb9: shutdown LeaderElection
2019-09-19 12:13:27,411 [2f0d8293-e38d-4dd5-8e48-724baf044eb9@group-5EEDD53916E2:LeaderElection18] INFO  impl.RoleInfo (RoleInfo.java:updateAndGet(143)) - 2f0d8293-e38d-4dd5-8e48-724baf044eb9: start FollowerState
2019-09-19 12:13:27,783 [grpc-default-executor-6] INFO  client.GrpcClientProtocolClient (GrpcClientProtocolClient.java:onNext(264)) - client-646C490827ED->4e6ab8fe-18d2-4f01-9096-1736fef14755: receive RaftClientReply:client-646C490827ED->4e6ab8fe-18d2-4f01-9096-1736fef14755@group-A60CBF19A431, cid=13, FAILED org.apache.ratis.protocol.NotLeaderException: Server 4e6ab8fe-18d2-4f01-9096-1736fef14755@group-A60CBF19A431 is not the leader, logIndex=0, commits[4e6ab8fe-18d2-4f01-9096-1736fef14755:c-1]
2019-09-19 12:13:28,809 [grpc-default-executor-6] INFO  client.GrpcClientProtocolClient (GrpcClientProtocolClient.java:onNext(264)) - client-646C490827ED->0c851e12-ff60-4b3e-9b1f-8a8c210c8764: receive RaftClientReply:client-646C490827ED->0c851e12-ff60-4b3e-9b1f-8a8c210c8764@group-A60CBF19A431, cid=13, FAILED org.apache.ratis.protocol.NotLeaderException: Server 0c851e12-ff60-4b3e-9b1f-8a8c210c8764@group-A60CBF19A431 is not the leader, logIndex=0, commits[0c851e12-ff60-4b3e-9b1f-8a8c210c8764:c-1]
2019-09-19 12:13:29,837 [grpc-default-executor-9] INFO  client.GrpcClientProtocolClient (GrpcClientProtocolClient.java:onNext(264)) - client-646C490827ED->357e1d52-da6e-4a3f-8c53-892f84a5bd21: receive RaftClientReply:client-646C490827ED->357e1d52-da6e-4a3f-8c53-892f84a5bd21@group-A60CBF19A431, cid=13, FAILED org.apache.ratis.protocol.NotLeaderException: Server 357e1d52-da6e-4a3f-8c53-892f84a5bd21@group-A60CBF19A431 is not the leader, logIndex=0, commits[357e1d52-da6e-4a3f-8c53-892f84a5bd21:c-1]
2019-09-19 12:13:30,859 [grpc-default-executor-9] INFO  client.GrpcClientProtocolClient (GrpcClientProtocolClient.java:onNext(264)) - client-646C490827ED->0c851e12-ff60-4b3e-9b1f-8a8c210c8764: receive RaftClientReply:client-646C490827ED->0c851e12-ff60-4b3e-9b1f-8a8c210c8764@group-A60CBF19A431, cid=13, FAILED org.apache.ratis.protocol.NotLeaderException: Server 0c851e12-ff60-4b3e-9b1f-8a8c210c8764@group-A60CBF19A431 is not the leader, logIndex=0, commits[0c851e12-ff60-4b3e-9b1f-8a8c210c8764:c-1]
2019-09-19 12:13:31,899 [grpc-default-executor-6] INFO  client.GrpcClientProtocolClient (GrpcClientProtocolClient.java:onNext(264)) - client-646C490827ED->4e6ab8fe-18d2-4f01-9096-1736fef14755: receive RaftClientReply:client-646C490827ED->4e6ab8fe-18d2-4f01-9096-1736fef14755@group-A60CBF19A431, cid=13, FAILED org.apache.ratis.protocol.NotLeaderException: Server 4e6ab8fe-18d2-4f01-9096-1736fef14755@group-A60CBF19A431 is not the leader, logIndex=0, commits[4e6ab8fe-18d2-4f01-9096-1736fef14755:c-1]
]]></system-out>
    <system-err><![CDATA[ERROR StatusLogger No Log4j 2 configuration file found. Using default configuration (logging only errors to the console), or user programmatically provided configurations. Set system property 'log4j2.debug' to show Log4j 2 internal initialization logging. See https://logging.apache.org/log4j/2.x/manual/configuration.html for instructions on how to configure Log4j 2
]]></system-err>
  </testcase>
</testsuite>