<?xml version="1.0" encoding="UTF-8"?>
<testsuite xmlns:xsi="http://www.w3.org/2001/XMLSchema-instance" xsi:noNamespaceSchemaLocation="https://maven.apache.org/surefire/maven-surefire-plugin/xsd/surefire-test-report.xsd" name="org.apache.hadoop.ozone.client.rpc.TestMultiBlockWritesWithDnFailures" time="199.202" tests="2" errors="1" skipped="0" failures="0">
  <properties>
    <property name="awt.toolkit" value="sun.awt.X11.XToolkit"/>
    <property name="file.encoding.pkg" value="sun.io"/>
    <property name="java.specification.version" value="1.8"/>
    <property name="sun.cpu.isalist" value=""/>
    <property name="sun.jnu.encoding" value="UTF-8"/>
    <property name="java.class.path" value="/workdir/hadoop-ozone/integration-test/target/test-classes:/workdir/hadoop-ozone/integration-test/target/classes:/home/user/.m2/repository/org/apache/hadoop/hadoop-ozone-common/0.5.0-SNAPSHOT/hadoop-ozone-common-0.5.0-SNAPSHOT.jar:/home/user/.m2/repository/org/apache/commons/commons-compress/1.4.1/commons-compress-1.4.1.jar:/home/user/.m2/repository/org/tukaani/xz/1.0/xz-1.0.jar:/home/user/.m2/repository/org/apache/hadoop/hadoop-common/3.2.0/hadoop-common-3.2.0.jar:/home/user/.m2/repository/org/apache/hadoop/hadoop-hdfs/3.2.0/hadoop-hdfs-3.2.0.jar:/home/user/.m2/repository/org/apache/hadoop/hadoop-hdfs-client/3.2.0/hadoop-hdfs-client-3.2.0.jar:/home/user/.m2/repository/com/fasterxml/jackson/core/jackson-annotations/2.9.5/jackson-annotations-2.9.5.jar:/home/user/.m2/repository/org/apache/hadoop/hadoop-hdds-common/0.5.0-SNAPSHOT/hadoop-hdds-common-0.5.0-SNAPSHOT.jar:/home/user/.m2/repository/javax/annotation/javax.annotation-api/1.2/javax.annotation-api-1.2.jar:/home/user/.m2/repository/org/apache/ratis/ratis-server/0.4.0-78e95b9-SNAPSHOT/ratis-server-0.4.0-78e95b9-SNAPSHOT.jar:/home/user/.m2/repository/org/apache/ratis/ratis-thirdparty-misc/0.2.0/ratis-thirdparty-misc-0.2.0.jar:/home/user/.m2/repository/org/apache/ratis/ratis-proto/0.4.0-78e95b9-SNAPSHOT/ratis-proto-0.4.0-78e95b9-SNAPSHOT.jar:/home/user/.m2/repository/org/apache/ratis/ratis-common/0.4.0-78e95b9-SNAPSHOT/ratis-common-0.4.0-78e95b9-SNAPSHOT.jar:/home/user/.m2/repository/org/apache/ratis/ratis-client/0.4.0-78e95b9-SNAPSHOT/ratis-client-0.4.0-78e95b9-SNAPSHOT.jar:/home/user/.m2/repository/org/apache/ratis/ratis-metrics/0.4.0-78e95b9-SNAPSHOT/ratis-metrics-0.4.0-78e95b9-SNAPSHOT.jar:/home/user/.m2/repository/com/github/joshelser/dropwizard-metrics-hadoop-metrics2-reporter/0.1.2/dropwizard-metrics-hadoop-metrics2-reporter-0.1.2.jar:/home/user/.m2/repository/io/dropwizard/metrics/metrics-jvm/3.2.5/metrics-jvm-3.2.5.jar:/home/user/.m2/repository/io/dropwizard/metrics/metrics-ganglia/3.2.5/metrics-ganglia-3.2.5.jar:/home/user/.m2/repository/info/ganglia/gmetric4j/gmetric4j/1.0.7/gmetric4j-1.0.7.jar:/home/user/.m2/repository/org/apache/ratis/ratis-netty/0.4.0-78e95b9-SNAPSHOT/ratis-netty-0.4.0-78e95b9-SNAPSHOT.jar:/home/user/.m2/repository/org/apache/ratis/ratis-grpc/0.4.0-78e95b9-SNAPSHOT/ratis-grpc-0.4.0-78e95b9-SNAPSHOT.jar:/home/user/.m2/repository/org/rocksdb/rocksdbjni/6.0.1/rocksdbjni-6.0.1.jar:/home/user/.m2/repository/org/apache/logging/log4j/log4j-api/2.11.0/log4j-api-2.11.0.jar:/home/user/.m2/repository/org/apache/logging/log4j/log4j-core/2.11.0/log4j-core-2.11.0.jar:/home/user/.m2/repository/com/lmax/disruptor/3.4.2/disruptor-3.4.2.jar:/home/user/.m2/repository/org/apache/commons/commons-pool2/2.6.0/commons-pool2-2.6.0.jar:/home/user/.m2/repository/org/bouncycastle/bcpkix-jdk15on/1.60/bcpkix-jdk15on-1.60.jar:/home/user/.m2/repository/commons-validator/commons-validator/1.6/commons-validator-1.6.jar:/home/user/.m2/repository/commons-digester/commons-digester/1.8.1/commons-digester-1.8.1.jar:/home/user/.m2/repository/io/jaegertracing/jaeger-client/0.33.1/jaeger-client-0.33.1.jar:/home/user/.m2/repository/io/jaegertracing/jaeger-thrift/0.33.1/jaeger-thrift-0.33.1.jar:/home/user/.m2/repository/org/apache/thrift/libthrift/0.11.0/libthrift-0.11.0.jar:/home/user/.m2/repository/com/squareup/okhttp3/okhttp/3.9.0/okhttp-3.9.0.jar:/home/user/.m2/repository/com/squareup/okio/okio/1.13.0/okio-1.13.0.jar:/home/user/.m2/repository/io/jaegertracing/jaeger-core/0.33.1/jaeger-core-0.33.1.jar:/home/user/.m2/repository/io/jaegertracing/jaeger-tracerresolver/0.33.1/jaeger-tracerresolver-0.33.1.jar:/home/user/.m2/repository/io/opentracing/contrib/opentracing-tracerresolver/0.1.5/opentracing-tracerresolver-0.1.5.jar:/home/user/.m2/repository/io/opentracing/opentracing-util/0.31.0/opentracing-util-0.31.0.jar:/home/user/.m2/repository/io/opentracing/opentracing-api/0.31.0/opentracing-api-0.31.0.jar:/home/user/.m2/repository/io/opentracing/opentracing-noop/0.31.0/opentracing-noop-0.31.0.jar:/home/user/.m2/repository/org/apache/hadoop/hadoop-hdds-server-framework/0.5.0-SNAPSHOT/hadoop-hdds-server-framework-0.5.0-SNAPSHOT.jar:/home/user/.m2/repository/org/apache/hadoop/hadoop-hdds-container-service/0.5.0-SNAPSHOT/hadoop-hdds-container-service-0.5.0-SNAPSHOT.jar:/home/user/.m2/repository/org/apache/hadoop/hadoop-hdds-client/0.5.0-SNAPSHOT/hadoop-hdds-client-0.5.0-SNAPSHOT.jar:/home/user/.m2/repository/org/apache/hadoop/hadoop-hdds-tools/0.5.0-SNAPSHOT/hadoop-hdds-tools-0.5.0-SNAPSHOT.jar:/home/user/.m2/repository/org/apache/hadoop/hadoop-hdds-server-scm/0.5.0-SNAPSHOT/hadoop-hdds-server-scm-0.5.0-SNAPSHOT.jar:/home/user/.m2/repository/org/apache/hadoop/hadoop-hdds-docs/0.5.0-SNAPSHOT/hadoop-hdds-docs-0.5.0-SNAPSHOT.jar:/home/user/.m2/repository/io/dropwizard/metrics/metrics-core/3.2.4/metrics-core-3.2.4.jar:/home/user/.m2/repository/org/hamcrest/hamcrest-all/1.3/hamcrest-all-1.3.jar:/home/user/.m2/repository/org/bouncycastle/bcprov-jdk15on/1.60/bcprov-jdk15on-1.60.jar:/home/user/.m2/repository/info/picocli/picocli/3.9.6/picocli-3.9.6.jar:/home/user/.m2/repository/com/google/protobuf/protobuf-java/2.5.0/protobuf-java-2.5.0.jar:/home/user/.m2/repository/com/google/guava/guava/11.0.2/guava-11.0.2.jar:/home/user/.m2/repository/org/apache/hadoop/hadoop-ozone-ozone-manager/0.5.0-SNAPSHOT/hadoop-ozone-ozone-manager-0.5.0-SNAPSHOT.jar:/home/user/.m2/repository/org/apache/hadoop/hadoop-minikdc/3.2.0/hadoop-minikdc-3.2.0.jar:/home/user/.m2/repository/commons-io/commons-io/2.5/commons-io-2.5.jar:/home/user/.m2/repository/org/apache/kerby/kerb-simplekdc/1.0.1/kerb-simplekdc-1.0.1.jar:/home/user/.m2/repository/org/apache/kerby/kerb-client/1.0.1/kerb-client-1.0.1.jar:/home/user/.m2/repository/org/apache/kerby/kerby-config/1.0.1/kerby-config-1.0.1.jar:/home/user/.m2/repository/org/apache/kerby/kerb-core/1.0.1/kerb-core-1.0.1.jar:/home/user/.m2/repository/org/apache/kerby/kerby-pkix/1.0.1/kerby-pkix-1.0.1.jar:/home/user/.m2/repository/org/apache/kerby/kerby-asn1/1.0.1/kerby-asn1-1.0.1.jar:/home/user/.m2/repository/org/apache/kerby/kerby-util/1.0.1/kerby-util-1.0.1.jar:/home/user/.m2/repository/org/apache/kerby/kerb-common/1.0.1/kerb-common-1.0.1.jar:/home/user/.m2/repository/org/apache/kerby/kerb-crypto/1.0.1/kerb-crypto-1.0.1.jar:/home/user/.m2/repository/org/apache/kerby/kerb-util/1.0.1/kerb-util-1.0.1.jar:/home/user/.m2/repository/org/apache/kerby/token-provider/1.0.1/token-provider-1.0.1.jar:/home/user/.m2/repository/org/apache/kerby/kerb-admin/1.0.1/kerb-admin-1.0.1.jar:/home/user/.m2/repository/org/apache/kerby/kerb-server/1.0.1/kerb-server-1.0.1.jar:/home/user/.m2/repository/org/apache/kerby/kerb-identity/1.0.1/kerb-identity-1.0.1.jar:/home/user/.m2/repository/org/apache/kerby/kerby-xdr/1.0.1/kerby-xdr-1.0.1.jar:/home/user/.m2/repository/org/slf4j/slf4j-log4j12/1.7.25/slf4j-log4j12-1.7.25.jar:/home/user/.m2/repository/org/apache/hadoop/hadoop-ozone-s3gateway/0.5.0-SNAPSHOT/hadoop-ozone-s3gateway-0.5.0-SNAPSHOT.jar:/home/user/.m2/repository/org/jboss/weld/servlet/weld-servlet/2.4.7.Final/weld-servlet-2.4.7.Final.jar:/home/user/.m2/repository/org/glassfish/jersey/containers/jersey-container-servlet-core/2.27/jersey-container-servlet-core-2.27.jar:/home/user/.m2/repository/org/glassfish/hk2/external/javax.inject/2.5.0-b42/javax.inject-2.5.0-b42.jar:/home/user/.m2/repository/org/glassfish/jersey/core/jersey-common/2.27/jersey-common-2.27.jar:/home/user/.m2/repository/org/glassfish/hk2/osgi-resource-locator/1.0.1/osgi-resource-locator-1.0.1.jar:/home/user/.m2/repository/javax/ws/rs/javax.ws.rs-api/2.1/javax.ws.rs-api-2.1.jar:/home/user/.m2/repository/org/glassfish/jersey/ext/cdi/jersey-cdi1x/2.27/jersey-cdi1x-2.27.jar:/home/user/.m2/repository/org/glassfish/jersey/inject/jersey-hk2/2.27/jersey-hk2-2.27.jar:/home/user/.m2/repository/org/glassfish/hk2/hk2-locator/2.5.0-b42/hk2-locator-2.5.0-b42.jar:/home/user/.m2/repository/org/javassist/javassist/3.22.0-CR2/javassist-3.22.0-CR2.jar:/home/user/.m2/repository/org/glassfish/hk2/hk2-api/2.5.0/hk2-api-2.5.0.jar:/home/user/.m2/repository/org/glassfish/hk2/external/jakarta.inject/2.5.0/jakarta.inject-2.5.0.jar:/home/user/.m2/repository/org/glassfish/hk2/hk2-utils/2.5.0/hk2-utils-2.5.0.jar:/home/user/.m2/repository/jakarta/annotation/jakarta.annotation-api/1.3.4/jakarta.annotation-api-1.3.4.jar:/home/user/.m2/repository/org/glassfish/hk2/external/aopalliance-repackaged/2.5.0/aopalliance-repackaged-2.5.0.jar:/home/user/.m2/repository/com/fasterxml/jackson/dataformat/jackson-dataformat-xml/2.9.0/jackson-dataformat-xml-2.9.0.jar:/home/user/.m2/repository/com/fasterxml/jackson/core/jackson-core/2.9.5/jackson-core-2.9.5.jar:/home/user/.m2/repository/com/fasterxml/jackson/module/jackson-module-jaxb-annotations/2.9.5/jackson-module-jaxb-annotations-2.9.5.jar:/home/user/.m2/repository/javax/enterprise/cdi-api/1.2/cdi-api-1.2.jar:/home/user/.m2/repository/javax/el/javax.el-api/3.0.0/javax.el-api-3.0.0.jar:/home/user/.m2/repository/javax/interceptor/javax.interceptor-api/1.2/javax.interceptor-api-1.2.jar:/home/user/.m2/repository/javax/inject/javax.inject/1/javax.inject-1.jar:/home/user/.m2/repository/com/sun/xml/bind/jaxb-impl/2.3.0.1/jaxb-impl-2.3.0.1.jar:/home/user/.m2/repository/com/sun/xml/bind/jaxb-core/2.3.0.1/jaxb-core-2.3.0.1.jar:/home/user/.m2/repository/javax/xml/bind/jaxb-api/2.3.0/jaxb-api-2.3.0.jar:/home/user/.m2/repository/javax/activation/activation/1.1.1/activation-1.1.1.jar:/home/user/.m2/repository/org/apache/hadoop/hadoop-ozone-csi/0.5.0-SNAPSHOT/hadoop-ozone-csi-0.5.0-SNAPSHOT.jar:/home/user/.m2/repository/com/google/protobuf/protobuf-java-util/3.5.1/protobuf-java-util-3.5.1.jar:/home/user/.m2/repository/org/apache/hadoop/hadoop-hdds-config/0.5.0-SNAPSHOT/hadoop-hdds-config-0.5.0-SNAPSHOT.jar:/home/user/.m2/repository/io/grpc/grpc-netty/1.17.1/grpc-netty-1.17.1.jar:/home/user/.m2/repository/io/grpc/grpc-core/1.17.1/grpc-core-1.17.1.jar:/home/user/.m2/repository/io/grpc/grpc-context/1.17.1/grpc-context-1.17.1.jar:/home/user/.m2/repository/com/google/errorprone/error_prone_annotations/2.2.0/error_prone_annotations-2.2.0.jar:/home/user/.m2/repository/org/codehaus/mojo/animal-sniffer-annotations/1.17/animal-sniffer-annotations-1.17.jar:/home/user/.m2/repository/io/opencensus/opencensus-api/0.17.0/opencensus-api-0.17.0.jar:/home/user/.m2/repository/io/opencensus/opencensus-contrib-grpc-metrics/0.17.0/opencensus-contrib-grpc-metrics-0.17.0.jar:/home/user/.m2/repository/io/netty/netty-codec-http2/4.1.30.Final/netty-codec-http2-4.1.30.Final.jar:/home/user/.m2/repository/io/netty/netty-codec-http/4.1.30.Final/netty-codec-http-4.1.30.Final.jar:/home/user/.m2/repository/io/netty/netty-codec/4.1.30.Final/netty-codec-4.1.30.Final.jar:/home/user/.m2/repository/io/netty/netty-handler/4.1.30.Final/netty-handler-4.1.30.Final.jar:/home/user/.m2/repository/io/netty/netty-handler-proxy/4.1.30.Final/netty-handler-proxy-4.1.30.Final.jar:/home/user/.m2/repository/io/netty/netty-codec-socks/4.1.30.Final/netty-codec-socks-4.1.30.Final.jar:/home/user/.m2/repository/io/netty/netty-transport-native-epoll/4.1.30.Final/netty-transport-native-epoll-4.1.30.Final.jar:/home/user/.m2/repository/io/netty/netty-common/4.1.30.Final/netty-common-4.1.30.Final.jar:/home/user/.m2/repository/io/netty/netty-buffer/4.1.30.Final/netty-buffer-4.1.30.Final.jar:/home/user/.m2/repository/io/netty/netty-transport/4.1.30.Final/netty-transport-4.1.30.Final.jar:/home/user/.m2/repository/io/netty/netty-resolver/4.1.30.Final/netty-resolver-4.1.30.Final.jar:/home/user/.m2/repository/io/netty/netty-transport-native-unix-common/4.1.30.Final/netty-transport-native-unix-common-4.1.30.Final.jar:/home/user/.m2/repository/io/grpc/grpc-protobuf/1.17.1/grpc-protobuf-1.17.1.jar:/home/user/.m2/repository/com/google/api/grpc/proto-google-common-protos/1.0.0/proto-google-common-protos-1.0.0.jar:/home/user/.m2/repository/io/grpc/grpc-protobuf-lite/1.17.1/grpc-protobuf-lite-1.17.1.jar:/home/user/.m2/repository/io/grpc/grpc-stub/1.17.1/grpc-stub-1.17.1.jar:/home/user/.m2/repository/org/apache/hadoop/hadoop-ozone-recon/0.5.0-SNAPSHOT/hadoop-ozone-recon-0.5.0-SNAPSHOT.jar:/home/user/.m2/repository/org/apache/hadoop/hadoop-ozone-reconcodegen/0.5.0-SNAPSHOT/hadoop-ozone-reconcodegen-0.5.0-SNAPSHOT.jar:/home/user/.m2/repository/com/google/inject/extensions/guice-multibindings/4.0/guice-multibindings-4.0.jar:/home/user/.m2/repository/com/google/inject/guice/4.0/guice-4.0.jar:/home/user/.m2/repository/aopalliance/aopalliance/1.0/aopalliance-1.0.jar:/home/user/.m2/repository/com/google/inject/extensions/guice-servlet/4.0/guice-servlet-4.0.jar:/home/user/.m2/repository/org/glassfish/jersey/containers/jersey-container-servlet/2.27/jersey-container-servlet-2.27.jar:/home/user/.m2/repository/org/glassfish/hk2/guice-bridge/2.5.0/guice-bridge-2.5.0.jar:/home/user/.m2/repository/org/glassfish/jersey/core/jersey-server/2.27/jersey-server-2.27.jar:/home/user/.m2/repository/org/glassfish/jersey/core/jersey-client/2.27/jersey-client-2.27.jar:/home/user/.m2/repository/org/glassfish/jersey/media/jersey-media-jaxb/2.27/jersey-media-jaxb-2.27.jar:/home/user/.m2/repository/javax/validation/validation-api/1.1.0.Final/validation-api-1.1.0.Final.jar:/home/user/.m2/repository/org/glassfish/jersey/media/jersey-media-json-jackson/2.27/jersey-media-json-jackson-2.27.jar:/home/user/.m2/repository/org/glassfish/jersey/ext/jersey-entity-filtering/2.27/jersey-entity-filtering-2.27.jar:/home/user/.m2/repository/com/google/inject/extensions/guice-assistedinject/4.0/guice-assistedinject-4.0.jar:/home/user/.m2/repository/org/jooq/jooq/3.11.10/jooq-3.11.10.jar:/home/user/.m2/repository/org/jooq/jooq-meta/3.11.10/jooq-meta-3.11.10.jar:/home/user/.m2/repository/org/jooq/jooq-codegen/3.11.10/jooq-codegen-3.11.10.jar:/home/user/.m2/repository/com/jolbox/bonecp/0.8.0.RELEASE/bonecp-0.8.0.RELEASE.jar:/home/user/.m2/repository/org/xerial/sqlite-jdbc/3.25.2/sqlite-jdbc-3.25.2.jar:/home/user/.m2/repository/org/springframework/spring-jdbc/5.1.3.RELEASE/spring-jdbc-5.1.3.RELEASE.jar:/home/user/.m2/repository/org/springframework/spring-beans/5.1.3.RELEASE/spring-beans-5.1.3.RELEASE.jar:/home/user/.m2/repository/org/springframework/spring-core/5.1.3.RELEASE/spring-core-5.1.3.RELEASE.jar:/home/user/.m2/repository/org/springframework/spring-jcl/5.1.3.RELEASE/spring-jcl-5.1.3.RELEASE.jar:/home/user/.m2/repository/org/springframework/spring-tx/5.1.3.RELEASE/spring-tx-5.1.3.RELEASE.jar:/home/user/.m2/repository/org/apache/hadoop/hadoop-ozone-client/0.5.0-SNAPSHOT/hadoop-ozone-client-0.5.0-SNAPSHOT.jar:/home/user/.m2/repository/commons-lang/commons-lang/2.6/commons-lang-2.6.jar:/home/user/.m2/repository/org/apache/hadoop/hadoop-ozone-ozone-manager/0.5.0-SNAPSHOT/hadoop-ozone-ozone-manager-0.5.0-SNAPSHOT-tests.jar:/home/user/.m2/repository/junit/junit/4.11/junit-4.11.jar:/home/user/.m2/repository/org/hamcrest/hamcrest-core/1.3/hamcrest-core-1.3.jar:/home/user/.m2/repository/org/openjdk/jmh/jmh-core/1.19/jmh-core-1.19.jar:/home/user/.m2/repository/net/sf/jopt-simple/jopt-simple/4.6/jopt-simple-4.6.jar:/home/user/.m2/repository/org/apache/commons/commons-math3/3.1.1/commons-math3-3.1.1.jar:/home/user/.m2/repository/org/openjdk/jmh/jmh-generator-annprocess/1.19/jmh-generator-annprocess-1.19.jar:/home/user/.m2/repository/org/mockito/mockito-all/1.8.5/mockito-all-1.8.5.jar:/home/user/.m2/repository/org/apache/hadoop/hadoop-kms/3.2.0/hadoop-kms-3.2.0.jar:/home/user/.m2/repository/org/apache/hadoop/hadoop-auth/3.2.0/hadoop-auth-3.2.0.jar:/home/user/.m2/repository/com/nimbusds/nimbus-jose-jwt/4.41.1/nimbus-jose-jwt-4.41.1.jar:/home/user/.m2/repository/com/github/stephenc/jcip/jcip-annotations/1.0-1/jcip-annotations-1.0-1.jar:/home/user/.m2/repository/net/minidev/json-smart/2.3/json-smart-2.3.jar:/home/user/.m2/repository/net/minidev/accessors-smart/1.2/accessors-smart-1.2.jar:/home/user/.m2/repository/org/ow2/asm/asm/5.0.4/asm-5.0.4.jar:/home/user/.m2/repository/org/apache/curator/curator-framework/2.12.0/curator-framework-2.12.0.jar:/home/user/.m2/repository/com/sun/jersey/jersey-core/1.19/jersey-core-1.19.jar:/home/user/.m2/repository/javax/ws/rs/jsr311-api/1.1.1/jsr311-api-1.1.1.jar:/home/user/.m2/repository/com/sun/jersey/jersey-server/1.19/jersey-server-1.19.jar:/home/user/.m2/repository/javax/servlet/javax.servlet-api/3.1.0/javax.servlet-api-3.1.0.jar:/home/user/.m2/repository/org/eclipse/jetty/jetty-server/9.3.24.v20180605/jetty-server-9.3.24.v20180605.jar:/home/user/.m2/repository/org/eclipse/jetty/jetty-http/9.3.24.v20180605/jetty-http-9.3.24.v20180605.jar:/home/user/.m2/repository/org/eclipse/jetty/jetty-io/9.3.24.v20180605/jetty-io-9.3.24.v20180605.jar:/home/user/.m2/repository/org/eclipse/jetty/jetty-webapp/9.3.24.v20180605/jetty-webapp-9.3.24.v20180605.jar:/home/user/.m2/repository/org/eclipse/jetty/jetty-xml/9.3.24.v20180605/jetty-xml-9.3.24.v20180605.jar:/home/user/.m2/repository/log4j/log4j/1.2.17/log4j-1.2.17.jar:/home/user/.m2/repository/org/slf4j/slf4j-api/1.7.25/slf4j-api-1.7.25.jar:/home/user/.m2/repository/org/slf4j/jul-to-slf4j/1.7.25/jul-to-slf4j-1.7.25.jar:/home/user/.m2/repository/org/eclipse/jetty/jetty-util/9.3.24.v20180605/jetty-util-9.3.24.v20180605.jar:/home/user/.m2/repository/com/fasterxml/jackson/core/jackson-databind/2.9.5/jackson-databind-2.9.5.jar:/home/user/.m2/repository/org/apache/hadoop/hadoop-kms/3.2.0/hadoop-kms-3.2.0-tests.jar:/home/user/.m2/repository/org/apache/hadoop/hadoop-hdds-server-scm/0.5.0-SNAPSHOT/hadoop-hdds-server-scm-0.5.0-SNAPSHOT-tests.jar:/home/user/.m2/repository/org/apache/hadoop/hadoop-hdds-container-service/0.5.0-SNAPSHOT/hadoop-hdds-container-service-0.5.0-SNAPSHOT-tests.jar:/home/user/.m2/repository/org/yaml/snakeyaml/1.16/snakeyaml-1.16.jar:/home/user/.m2/repository/org/apache/hadoop/hadoop-common/3.2.0/hadoop-common-3.2.0-tests.jar:/home/user/.m2/repository/org/apache/hadoop/hadoop-annotations/3.2.0/hadoop-annotations-3.2.0.jar:/usr/lib/jvm/java-1.8-openjdk/jre/../lib/tools.jar:/home/user/.m2/repository/commons-cli/commons-cli/1.2/commons-cli-1.2.jar:/home/user/.m2/repository/org/apache/httpcomponents/httpclient/4.5.2/httpclient-4.5.2.jar:/home/user/.m2/repository/org/apache/httpcomponents/httpcore/4.4.4/httpcore-4.4.4.jar:/home/user/.m2/repository/commons-codec/commons-codec/1.11/commons-codec-1.11.jar:/home/user/.m2/repository/commons-net/commons-net/3.6/commons-net-3.6.jar:/home/user/.m2/repository/commons-collections/commons-collections/3.2.2/commons-collections-3.2.2.jar:/home/user/.m2/repository/org/eclipse/jetty/jetty-servlet/9.3.24.v20180605/jetty-servlet-9.3.24.v20180605.jar:/home/user/.m2/repository/org/eclipse/jetty/jetty-security/9.3.24.v20180605/jetty-security-9.3.24.v20180605.jar:/home/user/.m2/repository/javax/servlet/jsp/jsp-api/2.1/jsp-api-2.1.jar:/home/user/.m2/repository/com/sun/jersey/jersey-servlet/1.19/jersey-servlet-1.19.jar:/home/user/.m2/repository/com/sun/jersey/jersey-json/1.19/jersey-json-1.19.jar:/home/user/.m2/repository/org/codehaus/jettison/jettison/1.1/jettison-1.1.jar:/home/user/.m2/repository/org/codehaus/jackson/jackson-core-asl/1.9.13/jackson-core-asl-1.9.13.jar:/home/user/.m2/repository/org/codehaus/jackson/jackson-mapper-asl/1.9.13/jackson-mapper-asl-1.9.13.jar:/home/user/.m2/repository/org/codehaus/jackson/jackson-jaxrs/1.9.13/jackson-jaxrs-1.9.13.jar:/home/user/.m2/repository/org/codehaus/jackson/jackson-xc/1.9.13/jackson-xc-1.9.13.jar:/home/user/.m2/repository/commons-logging/commons-logging/1.1.3/commons-logging-1.1.3.jar:/home/user/.m2/repository/commons-beanutils/commons-beanutils/1.9.3/commons-beanutils-1.9.3.jar:/home/user/.m2/repository/org/apache/commons/commons-configuration2/2.1.1/commons-configuration2-2.1.1.jar:/home/user/.m2/repository/org/apache/commons/commons-lang3/3.7/commons-lang3-3.7.jar:/home/user/.m2/repository/org/apache/commons/commons-text/1.4/commons-text-1.4.jar:/home/user/.m2/repository/org/apache/avro/avro/1.7.7/avro-1.7.7.jar:/home/user/.m2/repository/com/thoughtworks/paranamer/paranamer/2.3/paranamer-2.3.jar:/home/user/.m2/repository/org/xerial/snappy/snappy-java/1.0.5/snappy-java-1.0.5.jar:/home/user/.m2/repository/com/google/re2j/re2j/1.1/re2j-1.1.jar:/home/user/.m2/repository/com/google/code/gson/gson/2.2.4/gson-2.2.4.jar:/home/user/.m2/repository/com/jcraft/jsch/0.1.54/jsch-0.1.54.jar:/home/user/.m2/repository/org/apache/curator/curator-client/2.12.0/curator-client-2.12.0.jar:/home/user/.m2/repository/org/apache/curator/curator-recipes/2.12.0/curator-recipes-2.12.0.jar:/home/user/.m2/repository/com/google/code/findbugs/jsr305/3.0.0/jsr305-3.0.0.jar:/home/user/.m2/repository/org/apache/htrace/htrace-core4/4.1.0-incubating/htrace-core4-4.1.0-incubating.jar:/home/user/.m2/repository/org/apache/zookeeper/zookeeper/3.4.13/zookeeper-3.4.13.jar:/home/user/.m2/repository/org/apache/yetus/audience-annotations/0.5.0/audience-annotations-0.5.0.jar:/home/user/.m2/repository/org/codehaus/woodstox/stax2-api/3.1.4/stax2-api-3.1.4.jar:/home/user/.m2/repository/com/fasterxml/woodstox/woodstox-core/5.0.3/woodstox-core-5.0.3.jar:/home/user/.m2/repository/dnsjava/dnsjava/2.1.7/dnsjava-2.1.7.jar:/home/user/.m2/repository/org/apache/hadoop/hadoop-hdfs/3.2.0/hadoop-hdfs-3.2.0-tests.jar:/home/user/.m2/repository/org/eclipse/jetty/jetty-util-ajax/9.3.24.v20180605/jetty-util-ajax-9.3.24.v20180605.jar:/home/user/.m2/repository/commons-daemon/commons-daemon/1.0.13/commons-daemon-1.0.13.jar:/home/user/.m2/repository/io/netty/netty/3.10.5.Final/netty-3.10.5.Final.jar:/home/user/.m2/repository/io/netty/netty-all/4.0.52.Final/netty-all-4.0.52.Final.jar:/home/user/.m2/repository/org/fusesource/leveldbjni/leveldbjni-all/1.8/leveldbjni-all-1.8.jar:"/>
    <property name="java.vm.vendor" value="IcedTea"/>
    <property name="sun.arch.data.model" value="64"/>
    <property name="test.build.dir" value="/workdir/hadoop-ozone/integration-test/target/test-dir"/>
    <property name="test.cache.data" value=""/>
    <property name="java.vendor.url" value="https://icedtea.classpath.org"/>
    <property name="user.timezone" value=""/>
    <property name="java.vm.specification.version" value="1.8"/>
    <property name="os.name" value="Linux"/>
    <property name="test.build.data" value="/workdir/hadoop-ozone/integration-test/target/test-dir"/>
    <property name="user.country" value="US"/>
    <property name="sun.java.launcher" value="SUN_STANDARD"/>
    <property name="sun.boot.library.path" value="/usr/lib/jvm/java-1.8-openjdk/jre/lib/amd64"/>
    <property name="sun.java.command" value="/workdir/hadoop-ozone/integration-test/target/surefire/surefirebooter8507494524274139920.jar /workdir/hadoop-ozone/integration-test/target/surefire 2019-09-19T10-55-44_286-jvmRun1 surefire5091097928449776838tmp surefire_414370019908069469535tmp"/>
    <property name="test" value="!TestMiniChaosOzoneCluster"/>
    <property name="surefire.test.class.path" value="/workdir/hadoop-ozone/integration-test/target/test-classes:/workdir/hadoop-ozone/integration-test/target/classes:/home/user/.m2/repository/org/apache/hadoop/hadoop-ozone-common/0.5.0-SNAPSHOT/hadoop-ozone-common-0.5.0-SNAPSHOT.jar:/home/user/.m2/repository/org/apache/commons/commons-compress/1.4.1/commons-compress-1.4.1.jar:/home/user/.m2/repository/org/tukaani/xz/1.0/xz-1.0.jar:/home/user/.m2/repository/org/apache/hadoop/hadoop-common/3.2.0/hadoop-common-3.2.0.jar:/home/user/.m2/repository/org/apache/hadoop/hadoop-hdfs/3.2.0/hadoop-hdfs-3.2.0.jar:/home/user/.m2/repository/org/apache/hadoop/hadoop-hdfs-client/3.2.0/hadoop-hdfs-client-3.2.0.jar:/home/user/.m2/repository/com/fasterxml/jackson/core/jackson-annotations/2.9.5/jackson-annotations-2.9.5.jar:/home/user/.m2/repository/org/apache/hadoop/hadoop-hdds-common/0.5.0-SNAPSHOT/hadoop-hdds-common-0.5.0-SNAPSHOT.jar:/home/user/.m2/repository/javax/annotation/javax.annotation-api/1.2/javax.annotation-api-1.2.jar:/home/user/.m2/repository/org/apache/ratis/ratis-server/0.4.0-78e95b9-SNAPSHOT/ratis-server-0.4.0-78e95b9-SNAPSHOT.jar:/home/user/.m2/repository/org/apache/ratis/ratis-thirdparty-misc/0.2.0/ratis-thirdparty-misc-0.2.0.jar:/home/user/.m2/repository/org/apache/ratis/ratis-proto/0.4.0-78e95b9-SNAPSHOT/ratis-proto-0.4.0-78e95b9-SNAPSHOT.jar:/home/user/.m2/repository/org/apache/ratis/ratis-common/0.4.0-78e95b9-SNAPSHOT/ratis-common-0.4.0-78e95b9-SNAPSHOT.jar:/home/user/.m2/repository/org/apache/ratis/ratis-client/0.4.0-78e95b9-SNAPSHOT/ratis-client-0.4.0-78e95b9-SNAPSHOT.jar:/home/user/.m2/repository/org/apache/ratis/ratis-metrics/0.4.0-78e95b9-SNAPSHOT/ratis-metrics-0.4.0-78e95b9-SNAPSHOT.jar:/home/user/.m2/repository/com/github/joshelser/dropwizard-metrics-hadoop-metrics2-reporter/0.1.2/dropwizard-metrics-hadoop-metrics2-reporter-0.1.2.jar:/home/user/.m2/repository/io/dropwizard/metrics/metrics-jvm/3.2.5/metrics-jvm-3.2.5.jar:/home/user/.m2/repository/io/dropwizard/metrics/metrics-ganglia/3.2.5/metrics-ganglia-3.2.5.jar:/home/user/.m2/repository/info/ganglia/gmetric4j/gmetric4j/1.0.7/gmetric4j-1.0.7.jar:/home/user/.m2/repository/org/apache/ratis/ratis-netty/0.4.0-78e95b9-SNAPSHOT/ratis-netty-0.4.0-78e95b9-SNAPSHOT.jar:/home/user/.m2/repository/org/apache/ratis/ratis-grpc/0.4.0-78e95b9-SNAPSHOT/ratis-grpc-0.4.0-78e95b9-SNAPSHOT.jar:/home/user/.m2/repository/org/rocksdb/rocksdbjni/6.0.1/rocksdbjni-6.0.1.jar:/home/user/.m2/repository/org/apache/logging/log4j/log4j-api/2.11.0/log4j-api-2.11.0.jar:/home/user/.m2/repository/org/apache/logging/log4j/log4j-core/2.11.0/log4j-core-2.11.0.jar:/home/user/.m2/repository/com/lmax/disruptor/3.4.2/disruptor-3.4.2.jar:/home/user/.m2/repository/org/apache/commons/commons-pool2/2.6.0/commons-pool2-2.6.0.jar:/home/user/.m2/repository/org/bouncycastle/bcpkix-jdk15on/1.60/bcpkix-jdk15on-1.60.jar:/home/user/.m2/repository/commons-validator/commons-validator/1.6/commons-validator-1.6.jar:/home/user/.m2/repository/commons-digester/commons-digester/1.8.1/commons-digester-1.8.1.jar:/home/user/.m2/repository/io/jaegertracing/jaeger-client/0.33.1/jaeger-client-0.33.1.jar:/home/user/.m2/repository/io/jaegertracing/jaeger-thrift/0.33.1/jaeger-thrift-0.33.1.jar:/home/user/.m2/repository/org/apache/thrift/libthrift/0.11.0/libthrift-0.11.0.jar:/home/user/.m2/repository/com/squareup/okhttp3/okhttp/3.9.0/okhttp-3.9.0.jar:/home/user/.m2/repository/com/squareup/okio/okio/1.13.0/okio-1.13.0.jar:/home/user/.m2/repository/io/jaegertracing/jaeger-core/0.33.1/jaeger-core-0.33.1.jar:/home/user/.m2/repository/io/jaegertracing/jaeger-tracerresolver/0.33.1/jaeger-tracerresolver-0.33.1.jar:/home/user/.m2/repository/io/opentracing/contrib/opentracing-tracerresolver/0.1.5/opentracing-tracerresolver-0.1.5.jar:/home/user/.m2/repository/io/opentracing/opentracing-util/0.31.0/opentracing-util-0.31.0.jar:/home/user/.m2/repository/io/opentracing/opentracing-api/0.31.0/opentracing-api-0.31.0.jar:/home/user/.m2/repository/io/opentracing/opentracing-noop/0.31.0/opentracing-noop-0.31.0.jar:/home/user/.m2/repository/org/apache/hadoop/hadoop-hdds-server-framework/0.5.0-SNAPSHOT/hadoop-hdds-server-framework-0.5.0-SNAPSHOT.jar:/home/user/.m2/repository/org/apache/hadoop/hadoop-hdds-container-service/0.5.0-SNAPSHOT/hadoop-hdds-container-service-0.5.0-SNAPSHOT.jar:/home/user/.m2/repository/org/apache/hadoop/hadoop-hdds-client/0.5.0-SNAPSHOT/hadoop-hdds-client-0.5.0-SNAPSHOT.jar:/home/user/.m2/repository/org/apache/hadoop/hadoop-hdds-tools/0.5.0-SNAPSHOT/hadoop-hdds-tools-0.5.0-SNAPSHOT.jar:/home/user/.m2/repository/org/apache/hadoop/hadoop-hdds-server-scm/0.5.0-SNAPSHOT/hadoop-hdds-server-scm-0.5.0-SNAPSHOT.jar:/home/user/.m2/repository/org/apache/hadoop/hadoop-hdds-docs/0.5.0-SNAPSHOT/hadoop-hdds-docs-0.5.0-SNAPSHOT.jar:/home/user/.m2/repository/io/dropwizard/metrics/metrics-core/3.2.4/metrics-core-3.2.4.jar:/home/user/.m2/repository/org/hamcrest/hamcrest-all/1.3/hamcrest-all-1.3.jar:/home/user/.m2/repository/org/bouncycastle/bcprov-jdk15on/1.60/bcprov-jdk15on-1.60.jar:/home/user/.m2/repository/info/picocli/picocli/3.9.6/picocli-3.9.6.jar:/home/user/.m2/repository/com/google/protobuf/protobuf-java/2.5.0/protobuf-java-2.5.0.jar:/home/user/.m2/repository/com/google/guava/guava/11.0.2/guava-11.0.2.jar:/home/user/.m2/repository/org/apache/hadoop/hadoop-ozone-ozone-manager/0.5.0-SNAPSHOT/hadoop-ozone-ozone-manager-0.5.0-SNAPSHOT.jar:/home/user/.m2/repository/org/apache/hadoop/hadoop-minikdc/3.2.0/hadoop-minikdc-3.2.0.jar:/home/user/.m2/repository/commons-io/commons-io/2.5/commons-io-2.5.jar:/home/user/.m2/repository/org/apache/kerby/kerb-simplekdc/1.0.1/kerb-simplekdc-1.0.1.jar:/home/user/.m2/repository/org/apache/kerby/kerb-client/1.0.1/kerb-client-1.0.1.jar:/home/user/.m2/repository/org/apache/kerby/kerby-config/1.0.1/kerby-config-1.0.1.jar:/home/user/.m2/repository/org/apache/kerby/kerb-core/1.0.1/kerb-core-1.0.1.jar:/home/user/.m2/repository/org/apache/kerby/kerby-pkix/1.0.1/kerby-pkix-1.0.1.jar:/home/user/.m2/repository/org/apache/kerby/kerby-asn1/1.0.1/kerby-asn1-1.0.1.jar:/home/user/.m2/repository/org/apache/kerby/kerby-util/1.0.1/kerby-util-1.0.1.jar:/home/user/.m2/repository/org/apache/kerby/kerb-common/1.0.1/kerb-common-1.0.1.jar:/home/user/.m2/repository/org/apache/kerby/kerb-crypto/1.0.1/kerb-crypto-1.0.1.jar:/home/user/.m2/repository/org/apache/kerby/kerb-util/1.0.1/kerb-util-1.0.1.jar:/home/user/.m2/repository/org/apache/kerby/token-provider/1.0.1/token-provider-1.0.1.jar:/home/user/.m2/repository/org/apache/kerby/kerb-admin/1.0.1/kerb-admin-1.0.1.jar:/home/user/.m2/repository/org/apache/kerby/kerb-server/1.0.1/kerb-server-1.0.1.jar:/home/user/.m2/repository/org/apache/kerby/kerb-identity/1.0.1/kerb-identity-1.0.1.jar:/home/user/.m2/repository/org/apache/kerby/kerby-xdr/1.0.1/kerby-xdr-1.0.1.jar:/home/user/.m2/repository/org/slf4j/slf4j-log4j12/1.7.25/slf4j-log4j12-1.7.25.jar:/home/user/.m2/repository/org/apache/hadoop/hadoop-ozone-s3gateway/0.5.0-SNAPSHOT/hadoop-ozone-s3gateway-0.5.0-SNAPSHOT.jar:/home/user/.m2/repository/org/jboss/weld/servlet/weld-servlet/2.4.7.Final/weld-servlet-2.4.7.Final.jar:/home/user/.m2/repository/org/glassfish/jersey/containers/jersey-container-servlet-core/2.27/jersey-container-servlet-core-2.27.jar:/home/user/.m2/repository/org/glassfish/hk2/external/javax.inject/2.5.0-b42/javax.inject-2.5.0-b42.jar:/home/user/.m2/repository/org/glassfish/jersey/core/jersey-common/2.27/jersey-common-2.27.jar:/home/user/.m2/repository/org/glassfish/hk2/osgi-resource-locator/1.0.1/osgi-resource-locator-1.0.1.jar:/home/user/.m2/repository/javax/ws/rs/javax.ws.rs-api/2.1/javax.ws.rs-api-2.1.jar:/home/user/.m2/repository/org/glassfish/jersey/ext/cdi/jersey-cdi1x/2.27/jersey-cdi1x-2.27.jar:/home/user/.m2/repository/org/glassfish/jersey/inject/jersey-hk2/2.27/jersey-hk2-2.27.jar:/home/user/.m2/repository/org/glassfish/hk2/hk2-locator/2.5.0-b42/hk2-locator-2.5.0-b42.jar:/home/user/.m2/repository/org/javassist/javassist/3.22.0-CR2/javassist-3.22.0-CR2.jar:/home/user/.m2/repository/org/glassfish/hk2/hk2-api/2.5.0/hk2-api-2.5.0.jar:/home/user/.m2/repository/org/glassfish/hk2/external/jakarta.inject/2.5.0/jakarta.inject-2.5.0.jar:/home/user/.m2/repository/org/glassfish/hk2/hk2-utils/2.5.0/hk2-utils-2.5.0.jar:/home/user/.m2/repository/jakarta/annotation/jakarta.annotation-api/1.3.4/jakarta.annotation-api-1.3.4.jar:/home/user/.m2/repository/org/glassfish/hk2/external/aopalliance-repackaged/2.5.0/aopalliance-repackaged-2.5.0.jar:/home/user/.m2/repository/com/fasterxml/jackson/dataformat/jackson-dataformat-xml/2.9.0/jackson-dataformat-xml-2.9.0.jar:/home/user/.m2/repository/com/fasterxml/jackson/core/jackson-core/2.9.5/jackson-core-2.9.5.jar:/home/user/.m2/repository/com/fasterxml/jackson/module/jackson-module-jaxb-annotations/2.9.5/jackson-module-jaxb-annotations-2.9.5.jar:/home/user/.m2/repository/javax/enterprise/cdi-api/1.2/cdi-api-1.2.jar:/home/user/.m2/repository/javax/el/javax.el-api/3.0.0/javax.el-api-3.0.0.jar:/home/user/.m2/repository/javax/interceptor/javax.interceptor-api/1.2/javax.interceptor-api-1.2.jar:/home/user/.m2/repository/javax/inject/javax.inject/1/javax.inject-1.jar:/home/user/.m2/repository/com/sun/xml/bind/jaxb-impl/2.3.0.1/jaxb-impl-2.3.0.1.jar:/home/user/.m2/repository/com/sun/xml/bind/jaxb-core/2.3.0.1/jaxb-core-2.3.0.1.jar:/home/user/.m2/repository/javax/xml/bind/jaxb-api/2.3.0/jaxb-api-2.3.0.jar:/home/user/.m2/repository/javax/activation/activation/1.1.1/activation-1.1.1.jar:/home/user/.m2/repository/org/apache/hadoop/hadoop-ozone-csi/0.5.0-SNAPSHOT/hadoop-ozone-csi-0.5.0-SNAPSHOT.jar:/home/user/.m2/repository/com/google/protobuf/protobuf-java-util/3.5.1/protobuf-java-util-3.5.1.jar:/home/user/.m2/repository/org/apache/hadoop/hadoop-hdds-config/0.5.0-SNAPSHOT/hadoop-hdds-config-0.5.0-SNAPSHOT.jar:/home/user/.m2/repository/io/grpc/grpc-netty/1.17.1/grpc-netty-1.17.1.jar:/home/user/.m2/repository/io/grpc/grpc-core/1.17.1/grpc-core-1.17.1.jar:/home/user/.m2/repository/io/grpc/grpc-context/1.17.1/grpc-context-1.17.1.jar:/home/user/.m2/repository/com/google/errorprone/error_prone_annotations/2.2.0/error_prone_annotations-2.2.0.jar:/home/user/.m2/repository/org/codehaus/mojo/animal-sniffer-annotations/1.17/animal-sniffer-annotations-1.17.jar:/home/user/.m2/repository/io/opencensus/opencensus-api/0.17.0/opencensus-api-0.17.0.jar:/home/user/.m2/repository/io/opencensus/opencensus-contrib-grpc-metrics/0.17.0/opencensus-contrib-grpc-metrics-0.17.0.jar:/home/user/.m2/repository/io/netty/netty-codec-http2/4.1.30.Final/netty-codec-http2-4.1.30.Final.jar:/home/user/.m2/repository/io/netty/netty-codec-http/4.1.30.Final/netty-codec-http-4.1.30.Final.jar:/home/user/.m2/repository/io/netty/netty-codec/4.1.30.Final/netty-codec-4.1.30.Final.jar:/home/user/.m2/repository/io/netty/netty-handler/4.1.30.Final/netty-handler-4.1.30.Final.jar:/home/user/.m2/repository/io/netty/netty-handler-proxy/4.1.30.Final/netty-handler-proxy-4.1.30.Final.jar:/home/user/.m2/repository/io/netty/netty-codec-socks/4.1.30.Final/netty-codec-socks-4.1.30.Final.jar:/home/user/.m2/repository/io/netty/netty-transport-native-epoll/4.1.30.Final/netty-transport-native-epoll-4.1.30.Final.jar:/home/user/.m2/repository/io/netty/netty-common/4.1.30.Final/netty-common-4.1.30.Final.jar:/home/user/.m2/repository/io/netty/netty-buffer/4.1.30.Final/netty-buffer-4.1.30.Final.jar:/home/user/.m2/repository/io/netty/netty-transport/4.1.30.Final/netty-transport-4.1.30.Final.jar:/home/user/.m2/repository/io/netty/netty-resolver/4.1.30.Final/netty-resolver-4.1.30.Final.jar:/home/user/.m2/repository/io/netty/netty-transport-native-unix-common/4.1.30.Final/netty-transport-native-unix-common-4.1.30.Final.jar:/home/user/.m2/repository/io/grpc/grpc-protobuf/1.17.1/grpc-protobuf-1.17.1.jar:/home/user/.m2/repository/com/google/api/grpc/proto-google-common-protos/1.0.0/proto-google-common-protos-1.0.0.jar:/home/user/.m2/repository/io/grpc/grpc-protobuf-lite/1.17.1/grpc-protobuf-lite-1.17.1.jar:/home/user/.m2/repository/io/grpc/grpc-stub/1.17.1/grpc-stub-1.17.1.jar:/home/user/.m2/repository/org/apache/hadoop/hadoop-ozone-recon/0.5.0-SNAPSHOT/hadoop-ozone-recon-0.5.0-SNAPSHOT.jar:/home/user/.m2/repository/org/apache/hadoop/hadoop-ozone-reconcodegen/0.5.0-SNAPSHOT/hadoop-ozone-reconcodegen-0.5.0-SNAPSHOT.jar:/home/user/.m2/repository/com/google/inject/extensions/guice-multibindings/4.0/guice-multibindings-4.0.jar:/home/user/.m2/repository/com/google/inject/guice/4.0/guice-4.0.jar:/home/user/.m2/repository/aopalliance/aopalliance/1.0/aopalliance-1.0.jar:/home/user/.m2/repository/com/google/inject/extensions/guice-servlet/4.0/guice-servlet-4.0.jar:/home/user/.m2/repository/org/glassfish/jersey/containers/jersey-container-servlet/2.27/jersey-container-servlet-2.27.jar:/home/user/.m2/repository/org/glassfish/hk2/guice-bridge/2.5.0/guice-bridge-2.5.0.jar:/home/user/.m2/repository/org/glassfish/jersey/core/jersey-server/2.27/jersey-server-2.27.jar:/home/user/.m2/repository/org/glassfish/jersey/core/jersey-client/2.27/jersey-client-2.27.jar:/home/user/.m2/repository/org/glassfish/jersey/media/jersey-media-jaxb/2.27/jersey-media-jaxb-2.27.jar:/home/user/.m2/repository/javax/validation/validation-api/1.1.0.Final/validation-api-1.1.0.Final.jar:/home/user/.m2/repository/org/glassfish/jersey/media/jersey-media-json-jackson/2.27/jersey-media-json-jackson-2.27.jar:/home/user/.m2/repository/org/glassfish/jersey/ext/jersey-entity-filtering/2.27/jersey-entity-filtering-2.27.jar:/home/user/.m2/repository/com/google/inject/extensions/guice-assistedinject/4.0/guice-assistedinject-4.0.jar:/home/user/.m2/repository/org/jooq/jooq/3.11.10/jooq-3.11.10.jar:/home/user/.m2/repository/org/jooq/jooq-meta/3.11.10/jooq-meta-3.11.10.jar:/home/user/.m2/repository/org/jooq/jooq-codegen/3.11.10/jooq-codegen-3.11.10.jar:/home/user/.m2/repository/com/jolbox/bonecp/0.8.0.RELEASE/bonecp-0.8.0.RELEASE.jar:/home/user/.m2/repository/org/xerial/sqlite-jdbc/3.25.2/sqlite-jdbc-3.25.2.jar:/home/user/.m2/repository/org/springframework/spring-jdbc/5.1.3.RELEASE/spring-jdbc-5.1.3.RELEASE.jar:/home/user/.m2/repository/org/springframework/spring-beans/5.1.3.RELEASE/spring-beans-5.1.3.RELEASE.jar:/home/user/.m2/repository/org/springframework/spring-core/5.1.3.RELEASE/spring-core-5.1.3.RELEASE.jar:/home/user/.m2/repository/org/springframework/spring-jcl/5.1.3.RELEASE/spring-jcl-5.1.3.RELEASE.jar:/home/user/.m2/repository/org/springframework/spring-tx/5.1.3.RELEASE/spring-tx-5.1.3.RELEASE.jar:/home/user/.m2/repository/org/apache/hadoop/hadoop-ozone-client/0.5.0-SNAPSHOT/hadoop-ozone-client-0.5.0-SNAPSHOT.jar:/home/user/.m2/repository/commons-lang/commons-lang/2.6/commons-lang-2.6.jar:/home/user/.m2/repository/org/apache/hadoop/hadoop-ozone-ozone-manager/0.5.0-SNAPSHOT/hadoop-ozone-ozone-manager-0.5.0-SNAPSHOT-tests.jar:/home/user/.m2/repository/junit/junit/4.11/junit-4.11.jar:/home/user/.m2/repository/org/hamcrest/hamcrest-core/1.3/hamcrest-core-1.3.jar:/home/user/.m2/repository/org/openjdk/jmh/jmh-core/1.19/jmh-core-1.19.jar:/home/user/.m2/repository/net/sf/jopt-simple/jopt-simple/4.6/jopt-simple-4.6.jar:/home/user/.m2/repository/org/apache/commons/commons-math3/3.1.1/commons-math3-3.1.1.jar:/home/user/.m2/repository/org/openjdk/jmh/jmh-generator-annprocess/1.19/jmh-generator-annprocess-1.19.jar:/home/user/.m2/repository/org/mockito/mockito-all/1.8.5/mockito-all-1.8.5.jar:/home/user/.m2/repository/org/apache/hadoop/hadoop-kms/3.2.0/hadoop-kms-3.2.0.jar:/home/user/.m2/repository/org/apache/hadoop/hadoop-auth/3.2.0/hadoop-auth-3.2.0.jar:/home/user/.m2/repository/com/nimbusds/nimbus-jose-jwt/4.41.1/nimbus-jose-jwt-4.41.1.jar:/home/user/.m2/repository/com/github/stephenc/jcip/jcip-annotations/1.0-1/jcip-annotations-1.0-1.jar:/home/user/.m2/repository/net/minidev/json-smart/2.3/json-smart-2.3.jar:/home/user/.m2/repository/net/minidev/accessors-smart/1.2/accessors-smart-1.2.jar:/home/user/.m2/repository/org/ow2/asm/asm/5.0.4/asm-5.0.4.jar:/home/user/.m2/repository/org/apache/curator/curator-framework/2.12.0/curator-framework-2.12.0.jar:/home/user/.m2/repository/com/sun/jersey/jersey-core/1.19/jersey-core-1.19.jar:/home/user/.m2/repository/javax/ws/rs/jsr311-api/1.1.1/jsr311-api-1.1.1.jar:/home/user/.m2/repository/com/sun/jersey/jersey-server/1.19/jersey-server-1.19.jar:/home/user/.m2/repository/javax/servlet/javax.servlet-api/3.1.0/javax.servlet-api-3.1.0.jar:/home/user/.m2/repository/org/eclipse/jetty/jetty-server/9.3.24.v20180605/jetty-server-9.3.24.v20180605.jar:/home/user/.m2/repository/org/eclipse/jetty/jetty-http/9.3.24.v20180605/jetty-http-9.3.24.v20180605.jar:/home/user/.m2/repository/org/eclipse/jetty/jetty-io/9.3.24.v20180605/jetty-io-9.3.24.v20180605.jar:/home/user/.m2/repository/org/eclipse/jetty/jetty-webapp/9.3.24.v20180605/jetty-webapp-9.3.24.v20180605.jar:/home/user/.m2/repository/org/eclipse/jetty/jetty-xml/9.3.24.v20180605/jetty-xml-9.3.24.v20180605.jar:/home/user/.m2/repository/log4j/log4j/1.2.17/log4j-1.2.17.jar:/home/user/.m2/repository/org/slf4j/slf4j-api/1.7.25/slf4j-api-1.7.25.jar:/home/user/.m2/repository/org/slf4j/jul-to-slf4j/1.7.25/jul-to-slf4j-1.7.25.jar:/home/user/.m2/repository/org/eclipse/jetty/jetty-util/9.3.24.v20180605/jetty-util-9.3.24.v20180605.jar:/home/user/.m2/repository/com/fasterxml/jackson/core/jackson-databind/2.9.5/jackson-databind-2.9.5.jar:/home/user/.m2/repository/org/apache/hadoop/hadoop-kms/3.2.0/hadoop-kms-3.2.0-tests.jar:/home/user/.m2/repository/org/apache/hadoop/hadoop-hdds-server-scm/0.5.0-SNAPSHOT/hadoop-hdds-server-scm-0.5.0-SNAPSHOT-tests.jar:/home/user/.m2/repository/org/apache/hadoop/hadoop-hdds-container-service/0.5.0-SNAPSHOT/hadoop-hdds-container-service-0.5.0-SNAPSHOT-tests.jar:/home/user/.m2/repository/org/yaml/snakeyaml/1.16/snakeyaml-1.16.jar:/home/user/.m2/repository/org/apache/hadoop/hadoop-common/3.2.0/hadoop-common-3.2.0-tests.jar:/home/user/.m2/repository/org/apache/hadoop/hadoop-annotations/3.2.0/hadoop-annotations-3.2.0.jar:/usr/lib/jvm/java-1.8-openjdk/jre/../lib/tools.jar:/home/user/.m2/repository/commons-cli/commons-cli/1.2/commons-cli-1.2.jar:/home/user/.m2/repository/org/apache/httpcomponents/httpclient/4.5.2/httpclient-4.5.2.jar:/home/user/.m2/repository/org/apache/httpcomponents/httpcore/4.4.4/httpcore-4.4.4.jar:/home/user/.m2/repository/commons-codec/commons-codec/1.11/commons-codec-1.11.jar:/home/user/.m2/repository/commons-net/commons-net/3.6/commons-net-3.6.jar:/home/user/.m2/repository/commons-collections/commons-collections/3.2.2/commons-collections-3.2.2.jar:/home/user/.m2/repository/org/eclipse/jetty/jetty-servlet/9.3.24.v20180605/jetty-servlet-9.3.24.v20180605.jar:/home/user/.m2/repository/org/eclipse/jetty/jetty-security/9.3.24.v20180605/jetty-security-9.3.24.v20180605.jar:/home/user/.m2/repository/javax/servlet/jsp/jsp-api/2.1/jsp-api-2.1.jar:/home/user/.m2/repository/com/sun/jersey/jersey-servlet/1.19/jersey-servlet-1.19.jar:/home/user/.m2/repository/com/sun/jersey/jersey-json/1.19/jersey-json-1.19.jar:/home/user/.m2/repository/org/codehaus/jettison/jettison/1.1/jettison-1.1.jar:/home/user/.m2/repository/org/codehaus/jackson/jackson-core-asl/1.9.13/jackson-core-asl-1.9.13.jar:/home/user/.m2/repository/org/codehaus/jackson/jackson-mapper-asl/1.9.13/jackson-mapper-asl-1.9.13.jar:/home/user/.m2/repository/org/codehaus/jackson/jackson-jaxrs/1.9.13/jackson-jaxrs-1.9.13.jar:/home/user/.m2/repository/org/codehaus/jackson/jackson-xc/1.9.13/jackson-xc-1.9.13.jar:/home/user/.m2/repository/commons-logging/commons-logging/1.1.3/commons-logging-1.1.3.jar:/home/user/.m2/repository/commons-beanutils/commons-beanutils/1.9.3/commons-beanutils-1.9.3.jar:/home/user/.m2/repository/org/apache/commons/commons-configuration2/2.1.1/commons-configuration2-2.1.1.jar:/home/user/.m2/repository/org/apache/commons/commons-lang3/3.7/commons-lang3-3.7.jar:/home/user/.m2/repository/org/apache/commons/commons-text/1.4/commons-text-1.4.jar:/home/user/.m2/repository/org/apache/avro/avro/1.7.7/avro-1.7.7.jar:/home/user/.m2/repository/com/thoughtworks/paranamer/paranamer/2.3/paranamer-2.3.jar:/home/user/.m2/repository/org/xerial/snappy/snappy-java/1.0.5/snappy-java-1.0.5.jar:/home/user/.m2/repository/com/google/re2j/re2j/1.1/re2j-1.1.jar:/home/user/.m2/repository/com/google/code/gson/gson/2.2.4/gson-2.2.4.jar:/home/user/.m2/repository/com/jcraft/jsch/0.1.54/jsch-0.1.54.jar:/home/user/.m2/repository/org/apache/curator/curator-client/2.12.0/curator-client-2.12.0.jar:/home/user/.m2/repository/org/apache/curator/curator-recipes/2.12.0/curator-recipes-2.12.0.jar:/home/user/.m2/repository/com/google/code/findbugs/jsr305/3.0.0/jsr305-3.0.0.jar:/home/user/.m2/repository/org/apache/htrace/htrace-core4/4.1.0-incubating/htrace-core4-4.1.0-incubating.jar:/home/user/.m2/repository/org/apache/zookeeper/zookeeper/3.4.13/zookeeper-3.4.13.jar:/home/user/.m2/repository/org/apache/yetus/audience-annotations/0.5.0/audience-annotations-0.5.0.jar:/home/user/.m2/repository/org/codehaus/woodstox/stax2-api/3.1.4/stax2-api-3.1.4.jar:/home/user/.m2/repository/com/fasterxml/woodstox/woodstox-core/5.0.3/woodstox-core-5.0.3.jar:/home/user/.m2/repository/dnsjava/dnsjava/2.1.7/dnsjava-2.1.7.jar:/home/user/.m2/repository/org/apache/hadoop/hadoop-hdfs/3.2.0/hadoop-hdfs-3.2.0-tests.jar:/home/user/.m2/repository/org/eclipse/jetty/jetty-util-ajax/9.3.24.v20180605/jetty-util-ajax-9.3.24.v20180605.jar:/home/user/.m2/repository/commons-daemon/commons-daemon/1.0.13/commons-daemon-1.0.13.jar:/home/user/.m2/repository/io/netty/netty/3.10.5.Final/netty-3.10.5.Final.jar:/home/user/.m2/repository/io/netty/netty-all/4.0.52.Final/netty-all-4.0.52.Final.jar:/home/user/.m2/repository/org/fusesource/leveldbjni/leveldbjni-all/1.8/leveldbjni-all-1.8.jar:"/>
    <property name="sun.cpu.endian" value="little"/>
    <property name="user.home" value="/home/user"/>
    <property name="user.language" value="en"/>
    <property name="java.specification.vendor" value="Oracle Corporation"/>
    <property name="java.home" value="/usr/lib/jvm/java-1.8-openjdk/jre"/>
    <property name="java.security.krb5.conf" value="/workdir/hadoop-ozone/integration-test/target/test-classes/krb5.conf"/>
    <property name="basedir" value="/workdir/hadoop-ozone/integration-test"/>
    <property name="file.separator" value="/"/>
    <property name="line.separator" value="&#10;"/>
    <property name="java.vm.specification.vendor" value="Oracle Corporation"/>
    <property name="java.specification.name" value="Java Platform API Specification"/>
    <property name="java.awt.graphicsenv" value="sun.awt.X11GraphicsEnvironment"/>
    <property name="surefire.real.class.path" value="/workdir/hadoop-ozone/integration-test/target/surefire/surefirebooter8507494524274139920.jar"/>
    <property name="hadoop.log.dir" value="/workdir/hadoop-ozone/integration-test/target/log"/>
    <property name="sun.boot.class.path" value="/usr/lib/jvm/java-1.8-openjdk/jre/lib/resources.jar:/usr/lib/jvm/java-1.8-openjdk/jre/lib/rt.jar:/usr/lib/jvm/java-1.8-openjdk/jre/lib/sunrsasign.jar:/usr/lib/jvm/java-1.8-openjdk/jre/lib/jsse.jar:/usr/lib/jvm/java-1.8-openjdk/jre/lib/jce.jar:/usr/lib/jvm/java-1.8-openjdk/jre/lib/charsets.jar:/usr/lib/jvm/java-1.8-openjdk/jre/lib/jfr.jar:/usr/lib/jvm/java-1.8-openjdk/jre/classes"/>
    <property name="sun.management.compiler" value="HotSpot 64-Bit Tiered Compilers"/>
    <property name="java.runtime.version" value="1.8.0_212-b04"/>
    <property name="java.net.preferIPv4Stack" value="true"/>
    <property name="user.name" value="jenkins1000"/>
    <property name="path.separator" value=":"/>
    <property name="java.security.egd" value="file:///dev/urandom"/>
    <property name="os.version" value="3.10.0-957.12.2.el7.x86_64"/>
    <property name="java.endorsed.dirs" value="/usr/lib/jvm/java-1.8-openjdk/jre/lib/endorsed"/>
    <property name="java.runtime.name" value="OpenJDK Runtime Environment"/>
    <property name="file.encoding" value="UTF-8"/>
    <property name="java.vm.name" value="OpenJDK 64-Bit Server VM"/>
    <property name="test.build.webapps" value=""/>
    <property name="localRepository" value="/home/user/.m2/repository"/>
    <property name="java.vendor.url.bug" value="https://icedtea.classpath.org/bugzilla"/>
    <property name="java.io.tmpdir" value="/tmp"/>
    <property name="require.test.libhadoop" value=""/>
    <property name="java.version" value="1.8.0_212"/>
    <property name="user.dir" value="/workdir/hadoop-ozone/integration-test"/>
    <property name="os.arch" value="amd64"/>
    <property name="java.vm.specification.name" value="Java Virtual Machine Specification"/>
    <property name="test.build.classes" value="/workdir/hadoop-ozone/integration-test/target/test-classes"/>
    <property name="java.awt.printerjob" value="sun.print.PSPrinterJob"/>
    <property name="sun.os.patch.level" value="unknown"/>
    <property name="hadoop.tmp.dir" value="/workdir/hadoop-ozone/integration-test/target/tmp"/>
    <property name="java.library.path" value="/usr/lib/jvm/java-1.8-openjdk/jre/lib/amd64/server:/usr/lib/jvm/java-1.8-openjdk/jre/lib/amd64:/usr/lib/jvm/java-1.8-openjdk/jre/../lib/amd64:/workdir/hadoop-ozone/integration-test/target/native/target/usr/local/lib:/workdir/hadoop-ozone/integration-test/../../hadoop-common-project/hadoop-common/target/native/target/usr/local/lib:/usr/java/packages/lib/amd64:/usr/lib64:/lib64:/lib:/usr/lib"/>
    <property name="java.vm.info" value="mixed mode"/>
    <property name="java.vendor" value="IcedTea"/>
    <property name="java.vm.version" value="25.212-b04"/>
    <property name="java.ext.dirs" value="/usr/lib/jvm/java-1.8-openjdk/jre/lib/ext:/usr/java/packages/lib/ext"/>
    <property name="sun.io.unicode.encoding" value="UnicodeLittle"/>
    <property name="java.class.version" value="52.0"/>
  </properties>
  <testcase name="testMultiBlockWritesWithIntermittentDnFailures" classname="org.apache.hadoop.ozone.client.rpc.TestMultiBlockWritesWithDnFailures" time="138.952">
    <error message="Allocated 0 blocks. Requested 1 blocks" type="INTERNAL_ERROR org.apache.hadoop.ozone.om.exceptions.OMException">INTERNAL_ERROR org.apache.hadoop.ozone.om.exceptions.OMException: Allocated 0 blocks. Requested 1 blocks
	at org.apache.hadoop.ozone.om.protocolPB.OzoneManagerProtocolClientSideTranslatorPB.handleError(OzoneManagerProtocolClientSideTranslatorPB.java:724)
	at org.apache.hadoop.ozone.om.protocolPB.OzoneManagerProtocolClientSideTranslatorPB.allocateBlock(OzoneManagerProtocolClientSideTranslatorPB.java:756)
	at sun.reflect.NativeMethodAccessorImpl.invoke0(Native Method)
	at sun.reflect.NativeMethodAccessorImpl.invoke(NativeMethodAccessorImpl.java:62)
	at sun.reflect.DelegatingMethodAccessorImpl.invoke(DelegatingMethodAccessorImpl.java:43)
	at java.lang.reflect.Method.invoke(Method.java:498)
	at org.apache.hadoop.hdds.tracing.TraceAllMethod.invoke(TraceAllMethod.java:66)
	at com.sun.proxy.$Proxy36.allocateBlock(Unknown Source)
	at org.apache.hadoop.ozone.client.io.BlockOutputStreamEntryPool.allocateNewBlock(BlockOutputStreamEntryPool.java:248)
	at org.apache.hadoop.ozone.client.io.BlockOutputStreamEntryPool.allocateBlockIfNeeded(BlockOutputStreamEntryPool.java:296)
	at org.apache.hadoop.ozone.client.io.KeyOutputStream.handleWrite(KeyOutputStream.java:201)
	at org.apache.hadoop.ozone.client.io.KeyOutputStream.handleRetry(KeyOutputStream.java:376)
	at org.apache.hadoop.ozone.client.io.KeyOutputStream.handleException(KeyOutputStream.java:325)
	at org.apache.hadoop.ozone.client.io.KeyOutputStream.handleWrite(KeyOutputStream.java:231)
	at org.apache.hadoop.ozone.client.io.KeyOutputStream.write(KeyOutputStream.java:193)
	at org.apache.hadoop.ozone.client.io.OzoneOutputStream.write(OzoneOutputStream.java:49)
	at java.io.OutputStream.write(OutputStream.java:75)
	at org.apache.hadoop.ozone.client.rpc.TestMultiBlockWritesWithDnFailures.testMultiBlockWritesWithIntermittentDnFailures(TestMultiBlockWritesWithDnFailures.java:196)
	at sun.reflect.NativeMethodAccessorImpl.invoke0(Native Method)
	at sun.reflect.NativeMethodAccessorImpl.invoke(NativeMethodAccessorImpl.java:62)
	at sun.reflect.DelegatingMethodAccessorImpl.invoke(DelegatingMethodAccessorImpl.java:43)
	at java.lang.reflect.Method.invoke(Method.java:498)
	at org.junit.runners.model.FrameworkMethod$1.runReflectiveCall(FrameworkMethod.java:47)
	at org.junit.internal.runners.model.ReflectiveCallable.run(ReflectiveCallable.java:12)
	at org.junit.runners.model.FrameworkMethod.invokeExplosively(FrameworkMethod.java:44)
	at org.junit.internal.runners.statements.InvokeMethod.evaluate(InvokeMethod.java:17)
	at org.junit.internal.runners.statements.RunAfters.evaluate(RunAfters.java:27)
	at org.junit.runners.ParentRunner.runLeaf(ParentRunner.java:271)
	at org.junit.runners.BlockJUnit4ClassRunner.runChild(BlockJUnit4ClassRunner.java:70)
	at org.junit.runners.BlockJUnit4ClassRunner.runChild(BlockJUnit4ClassRunner.java:50)
	at org.junit.runners.ParentRunner$3.run(ParentRunner.java:238)
	at org.junit.runners.ParentRunner$1.schedule(ParentRunner.java:63)
	at org.junit.runners.ParentRunner.runChildren(ParentRunner.java:236)
	at org.junit.runners.ParentRunner.access$000(ParentRunner.java:53)
	at org.junit.runners.ParentRunner$2.evaluate(ParentRunner.java:229)
	at org.junit.runners.ParentRunner.run(ParentRunner.java:309)
	at org.apache.maven.surefire.junit4.JUnit4Provider.execute(JUnit4Provider.java:365)
	at org.apache.maven.surefire.junit4.JUnit4Provider.executeWithRerun(JUnit4Provider.java:273)
	at org.apache.maven.surefire.junit4.JUnit4Provider.executeTestSet(JUnit4Provider.java:238)
	at org.apache.maven.surefire.junit4.JUnit4Provider.invoke(JUnit4Provider.java:159)
	at org.apache.maven.surefire.booter.ForkedBooter.invokeProviderInSameClassLoader(ForkedBooter.java:384)
	at org.apache.maven.surefire.booter.ForkedBooter.runSuitesInProcess(ForkedBooter.java:345)
	at org.apache.maven.surefire.booter.ForkedBooter.execute(ForkedBooter.java:126)
	at org.apache.maven.surefire.booter.ForkedBooter.main(ForkedBooter.java:418)
</error>
    <system-out><![CDATA[2019-09-19 12:09:30,780 [main] WARN  server.ServerUtils (ServerUtils.java:getScmDbDir(145)) - ozone.scm.db.dirs is not configured. We recommend adding this setting. Falling back to ozone.metadata.dirs instead.
2019-09-19 12:09:30,879 [main] WARN  server.ServerUtils (ServerUtils.java:getScmDbDir(145)) - ozone.scm.db.dirs is not configured. We recommend adding this setting. Falling back to ozone.metadata.dirs instead.
2019-09-19 12:09:30,882 [main] WARN  server.ServerUtils (ServerUtils.java:getScmDbDir(145)) - ozone.scm.db.dirs is not configured. We recommend adding this setting. Falling back to ozone.metadata.dirs instead.
2019-09-19 12:09:30,900 [main] INFO  util.log (Log.java:initialized(192)) - Logging initialized @956ms
2019-09-19 12:09:31,004 [main] INFO  db.DBStoreBuilder (DBStoreBuilder.java:addTable(110)) - using custom profile for table: deletedBlocks
2019-09-19 12:09:31,004 [main] INFO  db.DBStoreBuilder (DBStoreBuilder.java:processTables(161)) - Using default column profile:DBProfile.DISK for Table:deletedBlocks
2019-09-19 12:09:31,005 [main] INFO  db.DBStoreBuilder (DBStoreBuilder.java:addTable(110)) - using custom profile for table: validCerts
2019-09-19 12:09:31,005 [main] INFO  db.DBStoreBuilder (DBStoreBuilder.java:processTables(161)) - Using default column profile:DBProfile.DISK for Table:validCerts
2019-09-19 12:09:31,005 [main] INFO  db.DBStoreBuilder (DBStoreBuilder.java:addTable(110)) - using custom profile for table: revokedCerts
2019-09-19 12:09:31,006 [main] INFO  db.DBStoreBuilder (DBStoreBuilder.java:processTables(161)) - Using default column profile:DBProfile.DISK for Table:revokedCerts
2019-09-19 12:09:31,018 [main] INFO  db.DBStoreBuilder (DBStoreBuilder.java:addTable(110)) - using custom profile for table: default
2019-09-19 12:09:31,018 [main] INFO  db.DBStoreBuilder (DBStoreBuilder.java:processTables(167)) - Using default column profile:DBProfile.DISK for Table:default
2019-09-19 12:09:31,019 [main] INFO  db.DBStoreBuilder (DBStoreBuilder.java:getDbProfile(198)) - Using default options. DBProfile.DISK
2019-09-19 12:09:33,728 [main] INFO  net.NodeSchemaLoader (NodeSchemaLoader.java:loadSchemaFromFile(125)) - Loading file from sun.misc.CompoundEnumeration@3270d194
2019-09-19 12:09:33,730 [main] INFO  net.NodeSchemaLoader (NodeSchemaLoader.java:loadSchema(171)) - Loading network topology layer schema file
2019-09-19 12:09:33,802 [main] INFO  node.SCMNodeManager (SCMNodeManager.java:<init>(114)) - Entering startup safe mode.
2019-09-19 12:09:33,876 [main] INFO  algorithms.ContainerPlacementPolicyFactory (ContainerPlacementPolicyFactory.java:getPolicy(57)) - Create container placement policy of type org.apache.hadoop.hdds.scm.container.placement.algorithms.SCMContainerPlacementRandom
2019-09-19 12:09:33,891 [main] WARN  server.ServerUtils (ServerUtils.java:getScmDbDir(145)) - ozone.scm.db.dirs is not configured. We recommend adding this setting. Falling back to ozone.metadata.dirs instead.
2019-09-19 12:09:34,963 [main] INFO  pipeline.SCMPipelineManager (SCMPipelineManager.java:initializePipelineState(128)) - No pipeline exists in current db
2019-09-19 12:09:34,967 [main] WARN  server.ServerUtils (ServerUtils.java:getScmDbDir(145)) - ozone.scm.db.dirs is not configured. We recommend adding this setting. Falling back to ozone.metadata.dirs instead.
2019-09-19 12:09:36,347 [main] WARN  events.EventQueue (EventQueue.java:fireEvent(183)) - No event handler registered for event TypedEvent{payloadType=SafeModeStatus, name='SafeModeStatus'}
2019-09-19 12:09:36,781 [main] INFO  ipc.CallQueueManager (CallQueueManager.java:<init>(84)) - Using callQueue: class java.util.concurrent.LinkedBlockingQueue, queueCapacity: 2000, scheduler: class org.apache.hadoop.ipc.DefaultRpcScheduler, ipcBackoff: false.
2019-09-19 12:09:36,809 [Socket Reader #1 for port 42036] INFO  ipc.Server (Server.java:run(1074)) - Starting Socket Reader #1 for port 42036
2019-09-19 12:09:36,964 [main] INFO  ipc.CallQueueManager (CallQueueManager.java:<init>(84)) - Using callQueue: class java.util.concurrent.LinkedBlockingQueue, queueCapacity: 2000, scheduler: class org.apache.hadoop.ipc.DefaultRpcScheduler, ipcBackoff: false.
2019-09-19 12:09:36,966 [Socket Reader #1 for port 35736] INFO  ipc.Server (Server.java:run(1074)) - Starting Socket Reader #1 for port 35736
2019-09-19 12:09:36,978 [main] INFO  ipc.CallQueueManager (CallQueueManager.java:<init>(84)) - Using callQueue: class java.util.concurrent.LinkedBlockingQueue, queueCapacity: 2000, scheduler: class org.apache.hadoop.ipc.DefaultRpcScheduler, ipcBackoff: false.
2019-09-19 12:09:36,979 [Socket Reader #1 for port 42342] INFO  ipc.Server (Server.java:run(1074)) - Starting Socket Reader #1 for port 42342
2019-09-19 12:09:37,005 [main] INFO  hdfs.DFSUtil (DFSUtil.java:httpServerTemplateForNNAndJN(1641)) - Starting Web-server for scm at: http://0.0.0.0:0
2019-09-19 12:09:37,162 [main] INFO  server.AuthenticationFilter (AuthenticationFilter.java:constructSecretProvider(240)) - Unable to initialize FileSignerSecretProvider, falling back to use random secrets.
2019-09-19 12:09:37,171 [main] WARN  http.HttpRequestLog (HttpRequestLog.java:getRequestLog(97)) - Jetty request log can only be enabled using Log4j
2019-09-19 12:09:37,179 [main] INFO  http.HttpServer2 (HttpServer2.java:addGlobalFilter(975)) - Added global filter 'safety' (class=org.apache.hadoop.http.HttpServer2$QuotingInputFilter)
2019-09-19 12:09:37,182 [main] INFO  http.HttpServer2 (HttpServer2.java:addFilter(948)) - Added filter static_user_filter (class=org.apache.hadoop.http.lib.StaticUserWebFilter$StaticUserFilter) to context scm
2019-09-19 12:09:37,183 [main] INFO  http.HttpServer2 (HttpServer2.java:addFilter(958)) - Added filter static_user_filter (class=org.apache.hadoop.http.lib.StaticUserWebFilter$StaticUserFilter) to context logs
2019-09-19 12:09:37,183 [main] INFO  http.HttpServer2 (HttpServer2.java:addFilter(958)) - Added filter static_user_filter (class=org.apache.hadoop.http.lib.StaticUserWebFilter$StaticUserFilter) to context static
2019-09-19 12:09:37,215 [main] INFO  server.StorageContainerManager (StorageContainerManager.java:start(763)) - StorageContainerLocationProtocol RPC server is listening at /0.0.0.0:42342
2019-09-19 12:09:37,284 [main] WARN  impl.MetricsConfig (MetricsConfig.java:loadFirst(134)) - Cannot locate configuration: tried hadoop-metrics2-storagecontainermanager.properties,hadoop-metrics2.properties
2019-09-19 12:09:37,297 [main] INFO  impl.MetricsSystemImpl (MetricsSystemImpl.java:startTimer(374)) - Scheduled Metric snapshot period at 10 second(s).
2019-09-19 12:09:37,297 [main] INFO  impl.MetricsSystemImpl (MetricsSystemImpl.java:start(191)) - StorageContainerManager metrics system started
2019-09-19 12:09:37,537 [main] INFO  server.SCMClientProtocolServer (SCMClientProtocolServer.java:start(151)) - RPC server for Client  is listening at /0.0.0.0:42342
2019-09-19 12:09:37,538 [IPC Server listener on 42342] INFO  ipc.Server (Server.java:run(1153)) - IPC Server listener on 42342: starting
2019-09-19 12:09:37,538 [IPC Server Responder] INFO  ipc.Server (Server.java:run(1314)) - IPC Server Responder: starting
2019-09-19 12:09:37,542 [main] INFO  server.StorageContainerManager (StorageContainerManager.java:start(773)) - ScmBlockLocationProtocol RPC server is listening at /0.0.0.0:35736
2019-09-19 12:09:37,545 [main] INFO  server.SCMBlockProtocolServer (SCMBlockProtocolServer.java:start(146)) - RPC server for Block Protocol is listening at /0.0.0.0:35736
2019-09-19 12:09:37,545 [IPC Server Responder] INFO  ipc.Server (Server.java:run(1314)) - IPC Server Responder: starting
2019-09-19 12:09:37,545 [IPC Server listener on 35736] INFO  ipc.Server (Server.java:run(1153)) - IPC Server listener on 35736: starting
2019-09-19 12:09:37,549 [main] INFO  server.StorageContainerManager (StorageContainerManager.java:start(777)) - ScmDatanodeProtocl RPC server is listening at /0.0.0.0:42036
2019-09-19 12:09:37,549 [main] INFO  server.SCMDatanodeProtocolServer (SCMDatanodeProtocolServer.java:start(191)) - RPC server for DataNodes is listening at /0.0.0.0:42036
2019-09-19 12:09:37,550 [IPC Server Responder] INFO  ipc.Server (Server.java:run(1314)) - IPC Server Responder: starting
2019-09-19 12:09:37,551 [IPC Server listener on 42036] INFO  ipc.Server (Server.java:run(1153)) - IPC Server listener on 42036: starting
2019-09-19 12:09:37,556 [main] INFO  http.HttpServer2 (HttpServer2.java:bindListener(1191)) - Jetty bound to port 35198
2019-09-19 12:09:37,559 [main] INFO  server.Server (Server.java:doStart(351)) - jetty-9.3.24.v20180605, build timestamp: 2018-06-05T17:11:56Z, git hash: 84205aa28f11a4f31f2a3b86d1bba2cc8ab69827
2019-09-19 12:09:37,617 [main] INFO  handler.ContextHandler (ContextHandler.java:doStart(781)) - Started o.e.j.s.ServletContextHandler@732f29af{/logs,file:///workdir/hadoop-ozone/integration-test/target/log,AVAILABLE}
2019-09-19 12:09:37,618 [main] INFO  handler.ContextHandler (ContextHandler.java:doStart(781)) - Started o.e.j.s.ServletContextHandler@6622fc65{/static,file:///workdir/hadoop-ozone/integration-test/target/test-classes/webapps/static,AVAILABLE}
2019-09-19 12:09:37,659 [main] INFO  handler.ContextHandler (ContextHandler.java:doStart(781)) - Started o.e.j.w.WebAppContext@7555b920{/,file:///workdir/hadoop-ozone/integration-test/target/test-classes/webapps/scm/,AVAILABLE}{/scm}
2019-09-19 12:09:37,666 [main] INFO  server.AbstractConnector (AbstractConnector.java:doStart(278)) - Started ServerConnector@6db66836{HTTP/1.1,[http/1.1]}{0.0.0.0:35198}
2019-09-19 12:09:37,667 [main] INFO  server.Server (Server.java:doStart(419)) - Started @7722ms
2019-09-19 12:09:37,670 [main] INFO  impl.MetricsSinkAdapter (MetricsSinkAdapter.java:start(204)) - Sink prometheus started
2019-09-19 12:09:37,670 [main] INFO  impl.MetricsSystemImpl (MetricsSystemImpl.java:registerSink(301)) - Registered sink prometheus
2019-09-19 12:09:37,671 [main] INFO  server.BaseHttpServer (BaseHttpServer.java:updateConnectorAddress(215)) - HTTP server of SCM is listening at http://0.0.0.0:35198
2019-09-19 12:09:37,681 [org.apache.hadoop.util.JvmPauseMonitor$Monitor@78461bc4] INFO  util.JvmPauseMonitor (JvmPauseMonitor.java:run(188)) - Starting JVM pause monitor
2019-09-19 12:09:37,687 [main] WARN  server.ServerUtils (ServerUtils.java:getDBPath(222)) - ozone.om.db.dirs is not configured. We recommend adding this setting. Falling back to ozone.metadata.dirs instead.
2019-09-19 12:09:37,814 [main] WARN  server.ServerUtils (ServerUtils.java:getDBPath(222)) - ozone.om.db.dirs is not configured. We recommend adding this setting. Falling back to ozone.metadata.dirs instead.
2019-09-19 12:09:37,814 [main] WARN  server.ServerUtils (ServerUtils.java:getDBPath(222)) - ozone.om.db.dirs is not configured. We recommend adding this setting. Falling back to ozone.metadata.dirs instead.
2019-09-19 12:09:37,815 [main] INFO  om.OzoneManager (OzoneManager.java:setOMNodeDetails(649)) - OM Service ID is not set. Setting it to the default ID: omServiceIdDefault
2019-09-19 12:09:37,816 [main] INFO  om.OzoneManager (OzoneManager.java:setOMNodeDetails(655)) - OM Node ID is not set. Setting it to the OmStorage's OmID: db3cf193-f2b4-47df-b881-5c3e1151ec31
2019-09-19 12:09:37,817 [main] INFO  om.OzoneManager (OzoneManager.java:loadOMHAConfigs(606)) - Found matching OM address with OMServiceId: null, OMNodeId: null, RPC Address: localhost:0 and Ratis port: 9872
2019-09-19 12:09:38,586 [main] WARN  server.ServerUtils (ServerUtils.java:getDBPath(222)) - ozone.om.db.dirs is not configured. We recommend adding this setting. Falling back to ozone.metadata.dirs instead.
2019-09-19 12:09:38,594 [main] INFO  db.DBStoreBuilder (DBStoreBuilder.java:addTable(110)) - using custom profile for table: userTable
2019-09-19 12:09:38,594 [main] INFO  db.DBStoreBuilder (DBStoreBuilder.java:processTables(161)) - Using default column profile:DBProfile.DISK for Table:userTable
2019-09-19 12:09:38,594 [main] INFO  db.DBStoreBuilder (DBStoreBuilder.java:addTable(110)) - using custom profile for table: volumeTable
2019-09-19 12:09:38,594 [main] INFO  db.DBStoreBuilder (DBStoreBuilder.java:processTables(161)) - Using default column profile:DBProfile.DISK for Table:volumeTable
2019-09-19 12:09:38,595 [main] INFO  db.DBStoreBuilder (DBStoreBuilder.java:addTable(110)) - using custom profile for table: bucketTable
2019-09-19 12:09:38,595 [main] INFO  db.DBStoreBuilder (DBStoreBuilder.java:processTables(161)) - Using default column profile:DBProfile.DISK for Table:bucketTable
2019-09-19 12:09:38,595 [main] INFO  db.DBStoreBuilder (DBStoreBuilder.java:addTable(110)) - using custom profile for table: keyTable
2019-09-19 12:09:38,595 [main] INFO  db.DBStoreBuilder (DBStoreBuilder.java:processTables(161)) - Using default column profile:DBProfile.DISK for Table:keyTable
2019-09-19 12:09:38,596 [main] INFO  db.DBStoreBuilder (DBStoreBuilder.java:addTable(110)) - using custom profile for table: deletedTable
2019-09-19 12:09:38,596 [main] INFO  db.DBStoreBuilder (DBStoreBuilder.java:processTables(161)) - Using default column profile:DBProfile.DISK for Table:deletedTable
2019-09-19 12:09:38,596 [main] INFO  db.DBStoreBuilder (DBStoreBuilder.java:addTable(110)) - using custom profile for table: openKeyTable
2019-09-19 12:09:38,596 [main] INFO  db.DBStoreBuilder (DBStoreBuilder.java:processTables(161)) - Using default column profile:DBProfile.DISK for Table:openKeyTable
2019-09-19 12:09:38,597 [main] INFO  db.DBStoreBuilder (DBStoreBuilder.java:addTable(110)) - using custom profile for table: s3Table
2019-09-19 12:09:38,597 [main] INFO  db.DBStoreBuilder (DBStoreBuilder.java:processTables(161)) - Using default column profile:DBProfile.DISK for Table:s3Table
2019-09-19 12:09:38,597 [main] INFO  db.DBStoreBuilder (DBStoreBuilder.java:addTable(110)) - using custom profile for table: multipartInfoTable
2019-09-19 12:09:38,597 [main] INFO  db.DBStoreBuilder (DBStoreBuilder.java:processTables(161)) - Using default column profile:DBProfile.DISK for Table:multipartInfoTable
2019-09-19 12:09:38,598 [main] INFO  db.DBStoreBuilder (DBStoreBuilder.java:addTable(110)) - using custom profile for table: dTokenTable
2019-09-19 12:09:38,598 [main] INFO  db.DBStoreBuilder (DBStoreBuilder.java:processTables(161)) - Using default column profile:DBProfile.DISK for Table:dTokenTable
2019-09-19 12:09:38,598 [main] INFO  db.DBStoreBuilder (DBStoreBuilder.java:addTable(110)) - using custom profile for table: s3SecretTable
2019-09-19 12:09:38,599 [main] INFO  db.DBStoreBuilder (DBStoreBuilder.java:processTables(161)) - Using default column profile:DBProfile.DISK for Table:s3SecretTable
2019-09-19 12:09:38,599 [main] INFO  db.DBStoreBuilder (DBStoreBuilder.java:addTable(110)) - using custom profile for table: prefixTable
2019-09-19 12:09:38,599 [main] INFO  db.DBStoreBuilder (DBStoreBuilder.java:processTables(161)) - Using default column profile:DBProfile.DISK for Table:prefixTable
2019-09-19 12:09:38,599 [main] INFO  db.DBStoreBuilder (DBStoreBuilder.java:addTable(110)) - using custom profile for table: default
2019-09-19 12:09:38,600 [main] INFO  db.DBStoreBuilder (DBStoreBuilder.java:processTables(167)) - Using default column profile:DBProfile.DISK for Table:default
2019-09-19 12:09:38,600 [main] INFO  db.DBStoreBuilder (DBStoreBuilder.java:getDbProfile(198)) - Using default options. DBProfile.DISK
2019-09-19 12:09:45,716 [main] INFO  ipc.CallQueueManager (CallQueueManager.java:<init>(84)) - Using callQueue: class java.util.concurrent.LinkedBlockingQueue, queueCapacity: 2000, scheduler: class org.apache.hadoop.ipc.DefaultRpcScheduler, ipcBackoff: false.
2019-09-19 12:09:45,717 [Socket Reader #1 for port 35099] INFO  ipc.Server (Server.java:run(1074)) - Starting Socket Reader #1 for port 35099
2019-09-19 12:09:45,739 [main] INFO  om.OzoneManager (OzoneManager.java:start(1240)) - OzoneManager RPC server is listening at localhost/127.0.0.1:35099
2019-09-19 12:09:45,739 [main] INFO  impl.MetricsSystemImpl (MetricsSystemImpl.java:init(158)) - OzoneManager metrics system started (again)
2019-09-19 12:09:45,740 [IPC Server Responder] INFO  ipc.Server (Server.java:run(1314)) - IPC Server Responder: starting
2019-09-19 12:09:45,740 [IPC Server listener on 35099] INFO  ipc.Server (Server.java:run(1153)) - IPC Server listener on 35099: starting
2019-09-19 12:09:45,749 [main] INFO  hdfs.DFSUtil (DFSUtil.java:httpServerTemplateForNNAndJN(1641)) - Starting Web-server for ozoneManager at: http://0.0.0.0:0
2019-09-19 12:09:45,752 [main] INFO  server.AuthenticationFilter (AuthenticationFilter.java:constructSecretProvider(240)) - Unable to initialize FileSignerSecretProvider, falling back to use random secrets.
2019-09-19 12:09:45,753 [main] WARN  http.HttpRequestLog (HttpRequestLog.java:getRequestLog(97)) - Jetty request log can only be enabled using Log4j
2019-09-19 12:09:45,757 [main] INFO  http.HttpServer2 (HttpServer2.java:addGlobalFilter(975)) - Added global filter 'safety' (class=org.apache.hadoop.http.HttpServer2$QuotingInputFilter)
2019-09-19 12:09:45,759 [main] INFO  http.HttpServer2 (HttpServer2.java:addFilter(948)) - Added filter static_user_filter (class=org.apache.hadoop.http.lib.StaticUserWebFilter$StaticUserFilter) to context ozoneManager
2019-09-19 12:09:45,759 [main] INFO  http.HttpServer2 (HttpServer2.java:addFilter(958)) - Added filter static_user_filter (class=org.apache.hadoop.http.lib.StaticUserWebFilter$StaticUserFilter) to context logs
2019-09-19 12:09:45,759 [main] INFO  http.HttpServer2 (HttpServer2.java:addFilter(958)) - Added filter static_user_filter (class=org.apache.hadoop.http.lib.StaticUserWebFilter$StaticUserFilter) to context static
2019-09-19 12:09:45,763 [main] INFO  http.HttpServer2 (HttpServer2.java:bindListener(1191)) - Jetty bound to port 43779
2019-09-19 12:09:45,763 [main] INFO  server.Server (Server.java:doStart(351)) - jetty-9.3.24.v20180605, build timestamp: 2018-06-05T17:11:56Z, git hash: 84205aa28f11a4f31f2a3b86d1bba2cc8ab69827
2019-09-19 12:09:45,767 [main] INFO  handler.ContextHandler (ContextHandler.java:doStart(781)) - Started o.e.j.s.ServletContextHandler@25d3cfc8{/logs,file:///workdir/hadoop-ozone/integration-test/target/log,AVAILABLE}
2019-09-19 12:09:45,768 [main] INFO  handler.ContextHandler (ContextHandler.java:doStart(781)) - Started o.e.j.s.ServletContextHandler@2571066a{/static,file:///workdir/hadoop-ozone/integration-test/target/test-classes/webapps/static,AVAILABLE}
2019-09-19 12:09:45,775 [main] INFO  handler.ContextHandler (ContextHandler.java:doStart(781)) - Started o.e.j.w.WebAppContext@444548a0{/,file:///workdir/hadoop-ozone/integration-test/target/test-classes/webapps/ozoneManager/,AVAILABLE}{/ozoneManager}
2019-09-19 12:09:45,777 [main] INFO  server.AbstractConnector (AbstractConnector.java:doStart(278)) - Started ServerConnector@3766c667{HTTP/1.1,[http/1.1]}{0.0.0.0:43779}
2019-09-19 12:09:45,777 [main] INFO  server.Server (Server.java:doStart(419)) - Started @15833ms
2019-09-19 12:09:45,777 [main] WARN  impl.MetricsSystemImpl (MetricsSystemImpl.java:register(276)) - Sink prometheus already exists!
2019-09-19 12:09:45,778 [main] INFO  server.BaseHttpServer (BaseHttpServer.java:updateConnectorAddress(215)) - HTTP server of OZONEMANAGER is listening at http://0.0.0.0:43779
2019-09-19 12:09:46,124 [main] INFO  impl.MetricsSystemImpl (MetricsSystemImpl.java:init(158)) - HddsDatanode metrics system started (again)
2019-09-19 12:09:46,175 [main] INFO  ozone.HddsDatanodeService (HddsDatanodeService.java:start(184)) - HddsDatanodeService host:pr-hdds-2153-8htts-3549596055 ip:192.168.157.252
2019-09-19 12:09:46,210 [main] INFO  volume.HddsVolume (HddsVolume.java:<init>(176)) - Creating Volume: /workdir/hadoop-ozone/integration-test/target/test-dir/MiniOzoneClusterImpl-41742b35-60e3-4bf6-81de-f25e83920b6f/datanode-0/data/containers/hdds of  storage type : DISK and capacity : 1482555576320
2019-09-19 12:09:46,212 [main] INFO  volume.VolumeSet (VolumeSet.java:initializeVolumeSet(170)) - Added Volume : /workdir/hadoop-ozone/integration-test/target/test-dir/MiniOzoneClusterImpl-41742b35-60e3-4bf6-81de-f25e83920b6f/datanode-0/data/containers/hdds to VolumeSet
2019-09-19 12:09:46,215 [main] INFO  volume.ThrottledAsyncChecker (ThrottledAsyncChecker.java:schedule(139)) - Scheduling a check for org.apache.hadoop.ozone.container.common.volume.HddsVolume@7e2f86e6
2019-09-19 12:09:46,232 [main] INFO  volume.HddsVolumeChecker (HddsVolumeChecker.java:checkAllVolumes(202)) - Scheduled health check for volume org.apache.hadoop.ozone.container.common.volume.HddsVolume@7e2f86e6
2019-09-19 12:09:46,338 [main] INFO  impl.RaftServerProxy (ConfUtils.java:logGet(43)) - raft.rpc.type = GRPC (default)
2019-09-19 12:09:46,404 [main] INFO  grpc.GrpcFactory (GrpcFactory.java:checkPooledByteBufAllocatorUseCacheForAllThreads(45)) - PERFORMANCE WARNING: useCacheForAllThreads is true that may cause Netty to create a lot garbage objects and, as a result, trigger GC.
	It is recommended to disable useCacheForAllThreads by setting -Dorg.apache.ratis.thirdparty.io.netty.allocator.useCacheForAllThreads=false in command line.
2019-09-19 12:09:46,409 [main] INFO  grpc.GrpcConfigKeys$Server (ConfUtils.java:logGet(43)) - raft.grpc.server.port = 0 (default)
2019-09-19 12:09:46,410 [main] INFO  server.GrpcService (ConfUtils.java:logGet(43)) - raft.grpc.message.size.max = 33570816 (custom)
2019-09-19 12:09:46,411 [main] INFO  server.RaftServerConfigKeys (ConfUtils.java:logGet(43)) - raft.server.log.appender.buffer.byte-limit = 33554432 (custom)
2019-09-19 12:09:46,412 [main] INFO  server.GrpcService (ConfUtils.java:logGet(43)) - raft.grpc.flow.control.window = 1MB (=1048576) (default)
2019-09-19 12:09:46,413 [main] INFO  server.RaftServerConfigKeys (ConfUtils.java:logGet(43)) - raft.server.rpc.request.timeout = 3000ms (default)
2019-09-19 12:09:46,594 [main] INFO  server.RaftServerConfigKeys (ConfUtils.java:logGet(43)) - raft.server.storage.dir = [/workdir/hadoop-ozone/integration-test/target/test-dir/MiniOzoneClusterImpl-41742b35-60e3-4bf6-81de-f25e83920b6f/datanode-0/data/ratis] (custom)
2019-09-19 12:09:46,651 [main] INFO  hdfs.DFSUtil (DFSUtil.java:httpServerTemplateForNNAndJN(1641)) - Starting Web-server for hddsDatanode at: http://0.0.0.0:0
2019-09-19 12:09:46,654 [main] INFO  server.AuthenticationFilter (AuthenticationFilter.java:constructSecretProvider(240)) - Unable to initialize FileSignerSecretProvider, falling back to use random secrets.
2019-09-19 12:09:46,655 [main] WARN  http.HttpRequestLog (HttpRequestLog.java:getRequestLog(97)) - Jetty request log can only be enabled using Log4j
2019-09-19 12:09:46,658 [main] INFO  http.HttpServer2 (HttpServer2.java:addGlobalFilter(975)) - Added global filter 'safety' (class=org.apache.hadoop.http.HttpServer2$QuotingInputFilter)
2019-09-19 12:09:46,659 [main] INFO  http.HttpServer2 (HttpServer2.java:addFilter(948)) - Added filter static_user_filter (class=org.apache.hadoop.http.lib.StaticUserWebFilter$StaticUserFilter) to context hddsDatanode
2019-09-19 12:09:46,660 [main] INFO  http.HttpServer2 (HttpServer2.java:addFilter(958)) - Added filter static_user_filter (class=org.apache.hadoop.http.lib.StaticUserWebFilter$StaticUserFilter) to context logs
2019-09-19 12:09:46,660 [main] INFO  http.HttpServer2 (HttpServer2.java:addFilter(958)) - Added filter static_user_filter (class=org.apache.hadoop.http.lib.StaticUserWebFilter$StaticUserFilter) to context static
2019-09-19 12:09:46,662 [main] INFO  http.HttpServer2 (HttpServer2.java:bindListener(1191)) - Jetty bound to port 38184
2019-09-19 12:09:46,662 [main] INFO  server.Server (Server.java:doStart(351)) - jetty-9.3.24.v20180605, build timestamp: 2018-06-05T17:11:56Z, git hash: 84205aa28f11a4f31f2a3b86d1bba2cc8ab69827
2019-09-19 12:09:46,666 [main] INFO  handler.ContextHandler (ContextHandler.java:doStart(781)) - Started o.e.j.s.ServletContextHandler@6069dd38{/logs,file:///workdir/hadoop-ozone/integration-test/target/log,AVAILABLE}
2019-09-19 12:09:46,667 [main] INFO  handler.ContextHandler (ContextHandler.java:doStart(781)) - Started o.e.j.s.ServletContextHandler@558756be{/static,jar:file:/home/user/.m2/repository/org/apache/hadoop/hadoop-hdds-container-service/0.5.0-SNAPSHOT/hadoop-hdds-container-service-0.5.0-SNAPSHOT.jar!/webapps/static,AVAILABLE}
2019-09-19 12:09:46,717 [main] INFO  handler.ContextHandler (ContextHandler.java:doStart(781)) - Started o.e.j.w.WebAppContext@43e9089{/,file:///tmp/jetty-0.0.0.0-38184-hddsDatanode-_-any-947530935596761401.dir/webapp/,AVAILABLE}{/hddsDatanode}
2019-09-19 12:09:46,718 [main] INFO  server.AbstractConnector (AbstractConnector.java:doStart(278)) - Started ServerConnector@3c5dbdf8{HTTP/1.1,[http/1.1]}{0.0.0.0:38184}
2019-09-19 12:09:46,719 [main] INFO  server.Server (Server.java:doStart(419)) - Started @16774ms
2019-09-19 12:09:46,719 [main] WARN  impl.MetricsSystemImpl (MetricsSystemImpl.java:register(276)) - Sink prometheus already exists!
2019-09-19 12:09:46,720 [main] INFO  server.BaseHttpServer (BaseHttpServer.java:updateConnectorAddress(215)) - HTTP server of HDDSDATANODE is listening at http://0.0.0.0:38184
2019-09-19 12:09:46,721 [main] INFO  impl.MetricsSystemImpl (MetricsSystemImpl.java:init(158)) - HddsDatanode metrics system started (again)
2019-09-19 12:09:46,725 [main] INFO  ozone.HddsDatanodeService (HddsDatanodeService.java:start(184)) - HddsDatanodeService host:pr-hdds-2153-8htts-3549596055 ip:192.168.157.252
2019-09-19 12:09:46,726 [org.apache.hadoop.util.JvmPauseMonitor$Monitor@6f349bcc] INFO  util.JvmPauseMonitor (JvmPauseMonitor.java:run(188)) - Starting JVM pause monitor
2019-09-19 12:09:46,736 [main] INFO  volume.HddsVolume (HddsVolume.java:<init>(176)) - Creating Volume: /workdir/hadoop-ozone/integration-test/target/test-dir/MiniOzoneClusterImpl-41742b35-60e3-4bf6-81de-f25e83920b6f/datanode-1/data/containers/hdds of  storage type : DISK and capacity : 1482555576320
2019-09-19 12:09:46,736 [main] INFO  volume.VolumeSet (VolumeSet.java:initializeVolumeSet(170)) - Added Volume : /workdir/hadoop-ozone/integration-test/target/test-dir/MiniOzoneClusterImpl-41742b35-60e3-4bf6-81de-f25e83920b6f/datanode-1/data/containers/hdds to VolumeSet
2019-09-19 12:09:46,737 [main] INFO  volume.ThrottledAsyncChecker (ThrottledAsyncChecker.java:schedule(139)) - Scheduling a check for org.apache.hadoop.ozone.container.common.volume.HddsVolume@646c0a67
2019-09-19 12:09:46,738 [main] INFO  volume.HddsVolumeChecker (HddsVolumeChecker.java:checkAllVolumes(202)) - Scheduled health check for volume org.apache.hadoop.ozone.container.common.volume.HddsVolume@646c0a67
2019-09-19 12:09:46,756 [main] INFO  impl.RaftServerProxy (ConfUtils.java:logGet(43)) - raft.rpc.type = GRPC (default)
2019-09-19 12:09:46,757 [main] INFO  grpc.GrpcFactory (GrpcFactory.java:checkPooledByteBufAllocatorUseCacheForAllThreads(45)) - PERFORMANCE WARNING: useCacheForAllThreads is true that may cause Netty to create a lot garbage objects and, as a result, trigger GC.
	It is recommended to disable useCacheForAllThreads by setting -Dorg.apache.ratis.thirdparty.io.netty.allocator.useCacheForAllThreads=false in command line.
2019-09-19 12:09:46,758 [main] INFO  grpc.GrpcConfigKeys$Server (ConfUtils.java:logGet(43)) - raft.grpc.server.port = 0 (default)
2019-09-19 12:09:46,758 [main] INFO  server.GrpcService (ConfUtils.java:logGet(43)) - raft.grpc.message.size.max = 33570816 (custom)
2019-09-19 12:09:46,759 [main] INFO  server.RaftServerConfigKeys (ConfUtils.java:logGet(43)) - raft.server.log.appender.buffer.byte-limit = 33554432 (custom)
2019-09-19 12:09:46,759 [main] INFO  server.GrpcService (ConfUtils.java:logGet(43)) - raft.grpc.flow.control.window = 1MB (=1048576) (default)
2019-09-19 12:09:46,760 [main] INFO  server.RaftServerConfigKeys (ConfUtils.java:logGet(43)) - raft.server.rpc.request.timeout = 3000ms (default)
2019-09-19 12:09:46,761 [main] INFO  server.RaftServerConfigKeys (ConfUtils.java:logGet(43)) - raft.server.storage.dir = [/workdir/hadoop-ozone/integration-test/target/test-dir/MiniOzoneClusterImpl-41742b35-60e3-4bf6-81de-f25e83920b6f/datanode-1/data/ratis] (custom)
2019-09-19 12:09:46,763 [main] INFO  hdfs.DFSUtil (DFSUtil.java:httpServerTemplateForNNAndJN(1641)) - Starting Web-server for hddsDatanode at: http://0.0.0.0:0
2019-09-19 12:09:46,765 [main] INFO  server.AuthenticationFilter (AuthenticationFilter.java:constructSecretProvider(240)) - Unable to initialize FileSignerSecretProvider, falling back to use random secrets.
2019-09-19 12:09:46,765 [main] WARN  http.HttpRequestLog (HttpRequestLog.java:getRequestLog(97)) - Jetty request log can only be enabled using Log4j
2019-09-19 12:09:46,768 [main] INFO  http.HttpServer2 (HttpServer2.java:addGlobalFilter(975)) - Added global filter 'safety' (class=org.apache.hadoop.http.HttpServer2$QuotingInputFilter)
2019-09-19 12:09:46,769 [main] INFO  http.HttpServer2 (HttpServer2.java:addFilter(948)) - Added filter static_user_filter (class=org.apache.hadoop.http.lib.StaticUserWebFilter$StaticUserFilter) to context hddsDatanode
2019-09-19 12:09:46,769 [main] INFO  http.HttpServer2 (HttpServer2.java:addFilter(958)) - Added filter static_user_filter (class=org.apache.hadoop.http.lib.StaticUserWebFilter$StaticUserFilter) to context static
2019-09-19 12:09:46,769 [main] INFO  http.HttpServer2 (HttpServer2.java:addFilter(958)) - Added filter static_user_filter (class=org.apache.hadoop.http.lib.StaticUserWebFilter$StaticUserFilter) to context logs
2019-09-19 12:09:46,770 [main] INFO  http.HttpServer2 (HttpServer2.java:bindListener(1191)) - Jetty bound to port 37585
2019-09-19 12:09:46,770 [main] INFO  server.Server (Server.java:doStart(351)) - jetty-9.3.24.v20180605, build timestamp: 2018-06-05T17:11:56Z, git hash: 84205aa28f11a4f31f2a3b86d1bba2cc8ab69827
2019-09-19 12:09:46,772 [main] INFO  handler.ContextHandler (ContextHandler.java:doStart(781)) - Started o.e.j.s.ServletContextHandler@1e7ab390{/logs,file:///workdir/hadoop-ozone/integration-test/target/log,AVAILABLE}
2019-09-19 12:09:46,773 [main] INFO  handler.ContextHandler (ContextHandler.java:doStart(781)) - Started o.e.j.s.ServletContextHandler@77774571{/static,jar:file:/home/user/.m2/repository/org/apache/hadoop/hadoop-hdds-container-service/0.5.0-SNAPSHOT/hadoop-hdds-container-service-0.5.0-SNAPSHOT.jar!/webapps/static,AVAILABLE}
2019-09-19 12:09:46,802 [main] INFO  handler.ContextHandler (ContextHandler.java:doStart(781)) - Started o.e.j.w.WebAppContext@a451491{/,file:///tmp/jetty-0.0.0.0-37585-hddsDatanode-_-any-5845548884297809393.dir/webapp/,AVAILABLE}{/hddsDatanode}
2019-09-19 12:09:46,803 [main] INFO  server.AbstractConnector (AbstractConnector.java:doStart(278)) - Started ServerConnector@1422ac7f{HTTP/1.1,[http/1.1]}{0.0.0.0:37585}
2019-09-19 12:09:46,804 [main] INFO  server.Server (Server.java:doStart(419)) - Started @16860ms
2019-09-19 12:09:46,804 [main] WARN  impl.MetricsSystemImpl (MetricsSystemImpl.java:register(276)) - Sink prometheus already exists!
2019-09-19 12:09:46,805 [main] INFO  server.BaseHttpServer (BaseHttpServer.java:updateConnectorAddress(215)) - HTTP server of HDDSDATANODE is listening at http://0.0.0.0:37585
2019-09-19 12:09:46,805 [main] INFO  impl.MetricsSystemImpl (MetricsSystemImpl.java:init(158)) - HddsDatanode metrics system started (again)
2019-09-19 12:09:46,808 [org.apache.hadoop.util.JvmPauseMonitor$Monitor@41d511e8] INFO  util.JvmPauseMonitor (JvmPauseMonitor.java:run(188)) - Starting JVM pause monitor
2019-09-19 12:09:46,809 [main] INFO  ozone.HddsDatanodeService (HddsDatanodeService.java:start(184)) - HddsDatanodeService host:pr-hdds-2153-8htts-3549596055 ip:192.168.157.252
2019-09-19 12:09:46,816 [main] INFO  volume.HddsVolume (HddsVolume.java:<init>(176)) - Creating Volume: /workdir/hadoop-ozone/integration-test/target/test-dir/MiniOzoneClusterImpl-41742b35-60e3-4bf6-81de-f25e83920b6f/datanode-2/data/containers/hdds of  storage type : DISK and capacity : 1482555576320
2019-09-19 12:09:46,817 [main] INFO  volume.VolumeSet (VolumeSet.java:initializeVolumeSet(170)) - Added Volume : /workdir/hadoop-ozone/integration-test/target/test-dir/MiniOzoneClusterImpl-41742b35-60e3-4bf6-81de-f25e83920b6f/datanode-2/data/containers/hdds to VolumeSet
2019-09-19 12:09:46,817 [main] INFO  volume.ThrottledAsyncChecker (ThrottledAsyncChecker.java:schedule(139)) - Scheduling a check for org.apache.hadoop.ozone.container.common.volume.HddsVolume@6cff61fc
2019-09-19 12:09:46,817 [main] INFO  volume.HddsVolumeChecker (HddsVolumeChecker.java:checkAllVolumes(202)) - Scheduled health check for volume org.apache.hadoop.ozone.container.common.volume.HddsVolume@6cff61fc
2019-09-19 12:09:46,832 [main] INFO  impl.RaftServerProxy (ConfUtils.java:logGet(43)) - raft.rpc.type = GRPC (default)
2019-09-19 12:09:46,832 [main] INFO  grpc.GrpcFactory (GrpcFactory.java:checkPooledByteBufAllocatorUseCacheForAllThreads(45)) - PERFORMANCE WARNING: useCacheForAllThreads is true that may cause Netty to create a lot garbage objects and, as a result, trigger GC.
	It is recommended to disable useCacheForAllThreads by setting -Dorg.apache.ratis.thirdparty.io.netty.allocator.useCacheForAllThreads=false in command line.
2019-09-19 12:09:46,832 [main] INFO  grpc.GrpcConfigKeys$Server (ConfUtils.java:logGet(43)) - raft.grpc.server.port = 0 (default)
2019-09-19 12:09:46,833 [main] INFO  server.GrpcService (ConfUtils.java:logGet(43)) - raft.grpc.message.size.max = 33570816 (custom)
2019-09-19 12:09:46,833 [main] INFO  server.RaftServerConfigKeys (ConfUtils.java:logGet(43)) - raft.server.log.appender.buffer.byte-limit = 33554432 (custom)
2019-09-19 12:09:46,833 [main] INFO  server.GrpcService (ConfUtils.java:logGet(43)) - raft.grpc.flow.control.window = 1MB (=1048576) (default)
2019-09-19 12:09:46,833 [main] INFO  server.RaftServerConfigKeys (ConfUtils.java:logGet(43)) - raft.server.rpc.request.timeout = 3000ms (default)
2019-09-19 12:09:46,834 [main] INFO  server.RaftServerConfigKeys (ConfUtils.java:logGet(43)) - raft.server.storage.dir = [/workdir/hadoop-ozone/integration-test/target/test-dir/MiniOzoneClusterImpl-41742b35-60e3-4bf6-81de-f25e83920b6f/datanode-2/data/ratis] (custom)
2019-09-19 12:09:46,836 [main] INFO  hdfs.DFSUtil (DFSUtil.java:httpServerTemplateForNNAndJN(1641)) - Starting Web-server for hddsDatanode at: http://0.0.0.0:0
2019-09-19 12:09:46,837 [main] INFO  server.AuthenticationFilter (AuthenticationFilter.java:constructSecretProvider(240)) - Unable to initialize FileSignerSecretProvider, falling back to use random secrets.
2019-09-19 12:09:46,837 [main] WARN  http.HttpRequestLog (HttpRequestLog.java:getRequestLog(97)) - Jetty request log can only be enabled using Log4j
2019-09-19 12:09:46,839 [main] INFO  http.HttpServer2 (HttpServer2.java:addGlobalFilter(975)) - Added global filter 'safety' (class=org.apache.hadoop.http.HttpServer2$QuotingInputFilter)
2019-09-19 12:09:46,839 [main] INFO  http.HttpServer2 (HttpServer2.java:addFilter(948)) - Added filter static_user_filter (class=org.apache.hadoop.http.lib.StaticUserWebFilter$StaticUserFilter) to context hddsDatanode
2019-09-19 12:09:46,840 [main] INFO  http.HttpServer2 (HttpServer2.java:addFilter(958)) - Added filter static_user_filter (class=org.apache.hadoop.http.lib.StaticUserWebFilter$StaticUserFilter) to context logs
2019-09-19 12:09:46,840 [main] INFO  http.HttpServer2 (HttpServer2.java:addFilter(958)) - Added filter static_user_filter (class=org.apache.hadoop.http.lib.StaticUserWebFilter$StaticUserFilter) to context static
2019-09-19 12:09:46,840 [main] INFO  http.HttpServer2 (HttpServer2.java:bindListener(1191)) - Jetty bound to port 43474
2019-09-19 12:09:46,841 [main] INFO  server.Server (Server.java:doStart(351)) - jetty-9.3.24.v20180605, build timestamp: 2018-06-05T17:11:56Z, git hash: 84205aa28f11a4f31f2a3b86d1bba2cc8ab69827
2019-09-19 12:09:46,844 [main] INFO  handler.ContextHandler (ContextHandler.java:doStart(781)) - Started o.e.j.s.ServletContextHandler@44536de4{/logs,file:///workdir/hadoop-ozone/integration-test/target/log,AVAILABLE}
2019-09-19 12:09:46,845 [main] INFO  handler.ContextHandler (ContextHandler.java:doStart(781)) - Started o.e.j.s.ServletContextHandler@4d95a72e{/static,jar:file:/home/user/.m2/repository/org/apache/hadoop/hadoop-hdds-container-service/0.5.0-SNAPSHOT/hadoop-hdds-container-service-0.5.0-SNAPSHOT.jar!/webapps/static,AVAILABLE}
2019-09-19 12:09:46,860 [Datanode State Machine Thread - 0] INFO  datanode.InitDatanodeState (InitDatanodeState.java:persistContainerDatanodeDetails(140)) - DatanodeDetails is persisted to /workdir/hadoop-ozone/integration-test/target/test-dir/MiniOzoneClusterImpl-41742b35-60e3-4bf6-81de-f25e83920b6f/datanode-0/meta/datanode.id
2019-09-19 12:09:46,864 [Datanode State Machine Thread - 0] INFO  datanode.InitDatanodeState (InitDatanodeState.java:persistContainerDatanodeDetails(140)) - DatanodeDetails is persisted to /workdir/hadoop-ozone/integration-test/target/test-dir/MiniOzoneClusterImpl-41742b35-60e3-4bf6-81de-f25e83920b6f/datanode-1/meta/datanode.id
2019-09-19 12:09:46,877 [main] INFO  handler.ContextHandler (ContextHandler.java:doStart(781)) - Started o.e.j.w.WebAppContext@fc807c1{/,file:///tmp/jetty-0.0.0.0-43474-hddsDatanode-_-any-1735140486192271369.dir/webapp/,AVAILABLE}{/hddsDatanode}
2019-09-19 12:09:46,878 [main] INFO  server.AbstractConnector (AbstractConnector.java:doStart(278)) - Started ServerConnector@296e281a{HTTP/1.1,[http/1.1]}{0.0.0.0:43474}
2019-09-19 12:09:46,878 [main] INFO  server.Server (Server.java:doStart(419)) - Started @16934ms
2019-09-19 12:09:46,878 [main] WARN  impl.MetricsSystemImpl (MetricsSystemImpl.java:register(276)) - Sink prometheus already exists!
2019-09-19 12:09:46,879 [main] INFO  server.BaseHttpServer (BaseHttpServer.java:updateConnectorAddress(215)) - HTTP server of HDDSDATANODE is listening at http://0.0.0.0:43474
2019-09-19 12:09:46,879 [main] INFO  impl.MetricsSystemImpl (MetricsSystemImpl.java:init(158)) - HddsDatanode metrics system started (again)
2019-09-19 12:09:46,883 [main] INFO  ozone.HddsDatanodeService (HddsDatanodeService.java:start(184)) - HddsDatanodeService host:pr-hdds-2153-8htts-3549596055 ip:192.168.157.252
2019-09-19 12:09:46,883 [org.apache.hadoop.util.JvmPauseMonitor$Monitor@4c8c8241] INFO  util.JvmPauseMonitor (JvmPauseMonitor.java:run(188)) - Starting JVM pause monitor
2019-09-19 12:09:46,885 [Datanode State Machine Thread - 0] INFO  datanode.InitDatanodeState (InitDatanodeState.java:persistContainerDatanodeDetails(140)) - DatanodeDetails is persisted to /workdir/hadoop-ozone/integration-test/target/test-dir/MiniOzoneClusterImpl-41742b35-60e3-4bf6-81de-f25e83920b6f/datanode-2/meta/datanode.id
2019-09-19 12:09:46,890 [main] INFO  volume.HddsVolume (HddsVolume.java:<init>(176)) - Creating Volume: /workdir/hadoop-ozone/integration-test/target/test-dir/MiniOzoneClusterImpl-41742b35-60e3-4bf6-81de-f25e83920b6f/datanode-3/data/containers/hdds of  storage type : DISK and capacity : 1482555576320
2019-09-19 12:09:46,891 [main] INFO  volume.VolumeSet (VolumeSet.java:initializeVolumeSet(170)) - Added Volume : /workdir/hadoop-ozone/integration-test/target/test-dir/MiniOzoneClusterImpl-41742b35-60e3-4bf6-81de-f25e83920b6f/datanode-3/data/containers/hdds to VolumeSet
2019-09-19 12:09:46,891 [main] INFO  volume.ThrottledAsyncChecker (ThrottledAsyncChecker.java:schedule(139)) - Scheduling a check for org.apache.hadoop.ozone.container.common.volume.HddsVolume@784abd3e
2019-09-19 12:09:46,891 [main] INFO  volume.HddsVolumeChecker (HddsVolumeChecker.java:checkAllVolumes(202)) - Scheduled health check for volume org.apache.hadoop.ozone.container.common.volume.HddsVolume@784abd3e
2019-09-19 12:09:46,906 [main] INFO  impl.RaftServerProxy (ConfUtils.java:logGet(43)) - raft.rpc.type = GRPC (default)
2019-09-19 12:09:46,906 [main] INFO  grpc.GrpcFactory (GrpcFactory.java:checkPooledByteBufAllocatorUseCacheForAllThreads(45)) - PERFORMANCE WARNING: useCacheForAllThreads is true that may cause Netty to create a lot garbage objects and, as a result, trigger GC.
	It is recommended to disable useCacheForAllThreads by setting -Dorg.apache.ratis.thirdparty.io.netty.allocator.useCacheForAllThreads=false in command line.
2019-09-19 12:09:46,907 [main] INFO  grpc.GrpcConfigKeys$Server (ConfUtils.java:logGet(43)) - raft.grpc.server.port = 0 (default)
2019-09-19 12:09:46,907 [main] INFO  server.GrpcService (ConfUtils.java:logGet(43)) - raft.grpc.message.size.max = 33570816 (custom)
2019-09-19 12:09:46,907 [main] INFO  server.RaftServerConfigKeys (ConfUtils.java:logGet(43)) - raft.server.log.appender.buffer.byte-limit = 33554432 (custom)
2019-09-19 12:09:46,907 [main] INFO  server.GrpcService (ConfUtils.java:logGet(43)) - raft.grpc.flow.control.window = 1MB (=1048576) (default)
2019-09-19 12:09:46,908 [main] INFO  server.RaftServerConfigKeys (ConfUtils.java:logGet(43)) - raft.server.rpc.request.timeout = 3000ms (default)
2019-09-19 12:09:46,908 [main] INFO  server.RaftServerConfigKeys (ConfUtils.java:logGet(43)) - raft.server.storage.dir = [/workdir/hadoop-ozone/integration-test/target/test-dir/MiniOzoneClusterImpl-41742b35-60e3-4bf6-81de-f25e83920b6f/datanode-3/data/ratis] (custom)
2019-09-19 12:09:46,910 [main] INFO  hdfs.DFSUtil (DFSUtil.java:httpServerTemplateForNNAndJN(1641)) - Starting Web-server for hddsDatanode at: http://0.0.0.0:0
2019-09-19 12:09:46,911 [main] INFO  server.AuthenticationFilter (AuthenticationFilter.java:constructSecretProvider(240)) - Unable to initialize FileSignerSecretProvider, falling back to use random secrets.
2019-09-19 12:09:46,911 [main] WARN  http.HttpRequestLog (HttpRequestLog.java:getRequestLog(97)) - Jetty request log can only be enabled using Log4j
2019-09-19 12:09:46,913 [main] INFO  http.HttpServer2 (HttpServer2.java:addGlobalFilter(975)) - Added global filter 'safety' (class=org.apache.hadoop.http.HttpServer2$QuotingInputFilter)
2019-09-19 12:09:46,914 [main] INFO  http.HttpServer2 (HttpServer2.java:addFilter(948)) - Added filter static_user_filter (class=org.apache.hadoop.http.lib.StaticUserWebFilter$StaticUserFilter) to context hddsDatanode
2019-09-19 12:09:46,914 [main] INFO  http.HttpServer2 (HttpServer2.java:addFilter(958)) - Added filter static_user_filter (class=org.apache.hadoop.http.lib.StaticUserWebFilter$StaticUserFilter) to context static
2019-09-19 12:09:46,914 [main] INFO  http.HttpServer2 (HttpServer2.java:addFilter(958)) - Added filter static_user_filter (class=org.apache.hadoop.http.lib.StaticUserWebFilter$StaticUserFilter) to context logs
2019-09-19 12:09:46,915 [main] INFO  http.HttpServer2 (HttpServer2.java:bindListener(1191)) - Jetty bound to port 44499
2019-09-19 12:09:46,915 [main] INFO  server.Server (Server.java:doStart(351)) - jetty-9.3.24.v20180605, build timestamp: 2018-06-05T17:11:56Z, git hash: 84205aa28f11a4f31f2a3b86d1bba2cc8ab69827
2019-09-19 12:09:46,917 [main] INFO  handler.ContextHandler (ContextHandler.java:doStart(781)) - Started o.e.j.s.ServletContextHandler@53b7ce6{/logs,file:///workdir/hadoop-ozone/integration-test/target/log,AVAILABLE}
2019-09-19 12:09:46,917 [main] INFO  handler.ContextHandler (ContextHandler.java:doStart(781)) - Started o.e.j.s.ServletContextHandler@27d33393{/static,jar:file:/home/user/.m2/repository/org/apache/hadoop/hadoop-hdds-container-service/0.5.0-SNAPSHOT/hadoop-hdds-container-service-0.5.0-SNAPSHOT.jar!/webapps/static,AVAILABLE}
2019-09-19 12:09:46,948 [main] INFO  handler.ContextHandler (ContextHandler.java:doStart(781)) - Started o.e.j.w.WebAppContext@1716e8c5{/,file:///tmp/jetty-0.0.0.0-44499-hddsDatanode-_-any-2808269763325431284.dir/webapp/,AVAILABLE}{/hddsDatanode}
2019-09-19 12:09:46,952 [main] INFO  server.AbstractConnector (AbstractConnector.java:doStart(278)) - Started ServerConnector@6573d2f7{HTTP/1.1,[http/1.1]}{0.0.0.0:44499}
2019-09-19 12:09:46,952 [main] INFO  server.Server (Server.java:doStart(419)) - Started @17008ms
2019-09-19 12:09:46,952 [main] WARN  impl.MetricsSystemImpl (MetricsSystemImpl.java:register(276)) - Sink prometheus already exists!
2019-09-19 12:09:46,953 [main] INFO  server.BaseHttpServer (BaseHttpServer.java:updateConnectorAddress(215)) - HTTP server of HDDSDATANODE is listening at http://0.0.0.0:44499
2019-09-19 12:09:46,953 [main] INFO  impl.MetricsSystemImpl (MetricsSystemImpl.java:init(158)) - HddsDatanode metrics system started (again)
2019-09-19 12:09:46,956 [org.apache.hadoop.util.JvmPauseMonitor$Monitor@3267d0b3] INFO  util.JvmPauseMonitor (JvmPauseMonitor.java:run(188)) - Starting JVM pause monitor
2019-09-19 12:09:46,957 [main] INFO  ozone.HddsDatanodeService (HddsDatanodeService.java:start(184)) - HddsDatanodeService host:pr-hdds-2153-8htts-3549596055 ip:192.168.157.252
2019-09-19 12:09:46,958 [Datanode State Machine Thread - 0] INFO  datanode.InitDatanodeState (InitDatanodeState.java:persistContainerDatanodeDetails(140)) - DatanodeDetails is persisted to /workdir/hadoop-ozone/integration-test/target/test-dir/MiniOzoneClusterImpl-41742b35-60e3-4bf6-81de-f25e83920b6f/datanode-3/meta/datanode.id
2019-09-19 12:09:46,963 [main] INFO  volume.HddsVolume (HddsVolume.java:<init>(176)) - Creating Volume: /workdir/hadoop-ozone/integration-test/target/test-dir/MiniOzoneClusterImpl-41742b35-60e3-4bf6-81de-f25e83920b6f/datanode-4/data/containers/hdds of  storage type : DISK and capacity : 1482555576320
2019-09-19 12:09:46,963 [main] INFO  volume.VolumeSet (VolumeSet.java:initializeVolumeSet(170)) - Added Volume : /workdir/hadoop-ozone/integration-test/target/test-dir/MiniOzoneClusterImpl-41742b35-60e3-4bf6-81de-f25e83920b6f/datanode-4/data/containers/hdds to VolumeSet
2019-09-19 12:09:46,964 [main] INFO  volume.ThrottledAsyncChecker (ThrottledAsyncChecker.java:schedule(139)) - Scheduling a check for org.apache.hadoop.ozone.container.common.volume.HddsVolume@46349b95
2019-09-19 12:09:46,964 [main] INFO  volume.HddsVolumeChecker (HddsVolumeChecker.java:checkAllVolumes(202)) - Scheduled health check for volume org.apache.hadoop.ozone.container.common.volume.HddsVolume@46349b95
2019-09-19 12:09:46,978 [main] INFO  impl.RaftServerProxy (ConfUtils.java:logGet(43)) - raft.rpc.type = GRPC (default)
2019-09-19 12:09:46,978 [main] INFO  grpc.GrpcFactory (GrpcFactory.java:checkPooledByteBufAllocatorUseCacheForAllThreads(45)) - PERFORMANCE WARNING: useCacheForAllThreads is true that may cause Netty to create a lot garbage objects and, as a result, trigger GC.
	It is recommended to disable useCacheForAllThreads by setting -Dorg.apache.ratis.thirdparty.io.netty.allocator.useCacheForAllThreads=false in command line.
2019-09-19 12:09:46,978 [main] INFO  grpc.GrpcConfigKeys$Server (ConfUtils.java:logGet(43)) - raft.grpc.server.port = 0 (default)
2019-09-19 12:09:46,978 [main] INFO  server.GrpcService (ConfUtils.java:logGet(43)) - raft.grpc.message.size.max = 33570816 (custom)
2019-09-19 12:09:46,979 [main] INFO  server.RaftServerConfigKeys (ConfUtils.java:logGet(43)) - raft.server.log.appender.buffer.byte-limit = 33554432 (custom)
2019-09-19 12:09:46,979 [main] INFO  server.GrpcService (ConfUtils.java:logGet(43)) - raft.grpc.flow.control.window = 1MB (=1048576) (default)
2019-09-19 12:09:46,979 [main] INFO  server.RaftServerConfigKeys (ConfUtils.java:logGet(43)) - raft.server.rpc.request.timeout = 3000ms (default)
2019-09-19 12:09:46,980 [main] INFO  server.RaftServerConfigKeys (ConfUtils.java:logGet(43)) - raft.server.storage.dir = [/workdir/hadoop-ozone/integration-test/target/test-dir/MiniOzoneClusterImpl-41742b35-60e3-4bf6-81de-f25e83920b6f/datanode-4/data/ratis] (custom)
2019-09-19 12:09:46,982 [main] INFO  hdfs.DFSUtil (DFSUtil.java:httpServerTemplateForNNAndJN(1641)) - Starting Web-server for hddsDatanode at: http://0.0.0.0:0
2019-09-19 12:09:46,983 [main] INFO  server.AuthenticationFilter (AuthenticationFilter.java:constructSecretProvider(240)) - Unable to initialize FileSignerSecretProvider, falling back to use random secrets.
2019-09-19 12:09:46,983 [main] WARN  http.HttpRequestLog (HttpRequestLog.java:getRequestLog(97)) - Jetty request log can only be enabled using Log4j
2019-09-19 12:09:46,985 [main] INFO  http.HttpServer2 (HttpServer2.java:addGlobalFilter(975)) - Added global filter 'safety' (class=org.apache.hadoop.http.HttpServer2$QuotingInputFilter)
2019-09-19 12:09:46,985 [main] INFO  http.HttpServer2 (HttpServer2.java:addFilter(948)) - Added filter static_user_filter (class=org.apache.hadoop.http.lib.StaticUserWebFilter$StaticUserFilter) to context hddsDatanode
2019-09-19 12:09:46,986 [main] INFO  http.HttpServer2 (HttpServer2.java:addFilter(958)) - Added filter static_user_filter (class=org.apache.hadoop.http.lib.StaticUserWebFilter$StaticUserFilter) to context static
2019-09-19 12:09:46,986 [main] INFO  http.HttpServer2 (HttpServer2.java:addFilter(958)) - Added filter static_user_filter (class=org.apache.hadoop.http.lib.StaticUserWebFilter$StaticUserFilter) to context logs
2019-09-19 12:09:46,987 [main] INFO  http.HttpServer2 (HttpServer2.java:bindListener(1191)) - Jetty bound to port 34046
2019-09-19 12:09:46,987 [main] INFO  server.Server (Server.java:doStart(351)) - jetty-9.3.24.v20180605, build timestamp: 2018-06-05T17:11:56Z, git hash: 84205aa28f11a4f31f2a3b86d1bba2cc8ab69827
2019-09-19 12:09:46,989 [main] INFO  handler.ContextHandler (ContextHandler.java:doStart(781)) - Started o.e.j.s.ServletContextHandler@22eaa86e{/logs,file:///workdir/hadoop-ozone/integration-test/target/log,AVAILABLE}
2019-09-19 12:09:46,989 [main] INFO  handler.ContextHandler (ContextHandler.java:doStart(781)) - Started o.e.j.s.ServletContextHandler@1cc680e{/static,jar:file:/home/user/.m2/repository/org/apache/hadoop/hadoop-hdds-container-service/0.5.0-SNAPSHOT/hadoop-hdds-container-service-0.5.0-SNAPSHOT.jar!/webapps/static,AVAILABLE}
2019-09-19 12:09:47,018 [main] INFO  handler.ContextHandler (ContextHandler.java:doStart(781)) - Started o.e.j.w.WebAppContext@4dba773d{/,file:///tmp/jetty-0.0.0.0-34046-hddsDatanode-_-any-7157280033428319127.dir/webapp/,AVAILABLE}{/hddsDatanode}
2019-09-19 12:09:47,019 [main] INFO  server.AbstractConnector (AbstractConnector.java:doStart(278)) - Started ServerConnector@1d9bd4da{HTTP/1.1,[http/1.1]}{0.0.0.0:34046}
2019-09-19 12:09:47,019 [main] INFO  server.Server (Server.java:doStart(419)) - Started @17075ms
2019-09-19 12:09:47,020 [main] WARN  impl.MetricsSystemImpl (MetricsSystemImpl.java:register(276)) - Sink prometheus already exists!
2019-09-19 12:09:47,020 [main] INFO  server.BaseHttpServer (BaseHttpServer.java:updateConnectorAddress(215)) - HTTP server of HDDSDATANODE is listening at http://0.0.0.0:34046
2019-09-19 12:09:47,021 [main] INFO  impl.MetricsSystemImpl (MetricsSystemImpl.java:init(158)) - HddsDatanode metrics system started (again)
2019-09-19 12:09:47,024 [org.apache.hadoop.util.JvmPauseMonitor$Monitor@3262d132] INFO  util.JvmPauseMonitor (JvmPauseMonitor.java:run(188)) - Starting JVM pause monitor
2019-09-19 12:09:47,024 [main] INFO  ozone.HddsDatanodeService (HddsDatanodeService.java:start(184)) - HddsDatanodeService host:pr-hdds-2153-8htts-3549596055 ip:192.168.157.252
2019-09-19 12:09:47,026 [Datanode State Machine Thread - 0] INFO  datanode.InitDatanodeState (InitDatanodeState.java:persistContainerDatanodeDetails(140)) - DatanodeDetails is persisted to /workdir/hadoop-ozone/integration-test/target/test-dir/MiniOzoneClusterImpl-41742b35-60e3-4bf6-81de-f25e83920b6f/datanode-4/meta/datanode.id
2019-09-19 12:09:47,034 [main] INFO  volume.HddsVolume (HddsVolume.java:<init>(176)) - Creating Volume: /workdir/hadoop-ozone/integration-test/target/test-dir/MiniOzoneClusterImpl-41742b35-60e3-4bf6-81de-f25e83920b6f/datanode-5/data/containers/hdds of  storage type : DISK and capacity : 1482555576320
2019-09-19 12:09:47,034 [main] INFO  volume.VolumeSet (VolumeSet.java:initializeVolumeSet(170)) - Added Volume : /workdir/hadoop-ozone/integration-test/target/test-dir/MiniOzoneClusterImpl-41742b35-60e3-4bf6-81de-f25e83920b6f/datanode-5/data/containers/hdds to VolumeSet
2019-09-19 12:09:47,034 [main] INFO  volume.ThrottledAsyncChecker (ThrottledAsyncChecker.java:schedule(139)) - Scheduling a check for org.apache.hadoop.ozone.container.common.volume.HddsVolume@423b2b62
2019-09-19 12:09:47,035 [main] INFO  volume.HddsVolumeChecker (HddsVolumeChecker.java:checkAllVolumes(202)) - Scheduled health check for volume org.apache.hadoop.ozone.container.common.volume.HddsVolume@423b2b62
2019-09-19 12:09:47,049 [main] INFO  impl.RaftServerProxy (ConfUtils.java:logGet(43)) - raft.rpc.type = GRPC (default)
2019-09-19 12:09:47,049 [main] INFO  grpc.GrpcFactory (GrpcFactory.java:checkPooledByteBufAllocatorUseCacheForAllThreads(45)) - PERFORMANCE WARNING: useCacheForAllThreads is true that may cause Netty to create a lot garbage objects and, as a result, trigger GC.
	It is recommended to disable useCacheForAllThreads by setting -Dorg.apache.ratis.thirdparty.io.netty.allocator.useCacheForAllThreads=false in command line.
2019-09-19 12:09:47,050 [main] INFO  grpc.GrpcConfigKeys$Server (ConfUtils.java:logGet(43)) - raft.grpc.server.port = 0 (default)
2019-09-19 12:09:47,050 [main] INFO  server.GrpcService (ConfUtils.java:logGet(43)) - raft.grpc.message.size.max = 33570816 (custom)
2019-09-19 12:09:47,050 [main] INFO  server.RaftServerConfigKeys (ConfUtils.java:logGet(43)) - raft.server.log.appender.buffer.byte-limit = 33554432 (custom)
2019-09-19 12:09:47,051 [main] INFO  server.GrpcService (ConfUtils.java:logGet(43)) - raft.grpc.flow.control.window = 1MB (=1048576) (default)
2019-09-19 12:09:47,051 [main] INFO  server.RaftServerConfigKeys (ConfUtils.java:logGet(43)) - raft.server.rpc.request.timeout = 3000ms (default)
2019-09-19 12:09:47,052 [main] INFO  server.RaftServerConfigKeys (ConfUtils.java:logGet(43)) - raft.server.storage.dir = [/workdir/hadoop-ozone/integration-test/target/test-dir/MiniOzoneClusterImpl-41742b35-60e3-4bf6-81de-f25e83920b6f/datanode-5/data/ratis] (custom)
2019-09-19 12:09:47,053 [main] INFO  hdfs.DFSUtil (DFSUtil.java:httpServerTemplateForNNAndJN(1641)) - Starting Web-server for hddsDatanode at: http://0.0.0.0:0
2019-09-19 12:09:47,055 [main] INFO  server.AuthenticationFilter (AuthenticationFilter.java:constructSecretProvider(240)) - Unable to initialize FileSignerSecretProvider, falling back to use random secrets.
2019-09-19 12:09:47,055 [main] WARN  http.HttpRequestLog (HttpRequestLog.java:getRequestLog(97)) - Jetty request log can only be enabled using Log4j
2019-09-19 12:09:47,057 [main] INFO  http.HttpServer2 (HttpServer2.java:addGlobalFilter(975)) - Added global filter 'safety' (class=org.apache.hadoop.http.HttpServer2$QuotingInputFilter)
2019-09-19 12:09:47,057 [main] INFO  http.HttpServer2 (HttpServer2.java:addFilter(948)) - Added filter static_user_filter (class=org.apache.hadoop.http.lib.StaticUserWebFilter$StaticUserFilter) to context hddsDatanode
2019-09-19 12:09:47,058 [main] INFO  http.HttpServer2 (HttpServer2.java:addFilter(958)) - Added filter static_user_filter (class=org.apache.hadoop.http.lib.StaticUserWebFilter$StaticUserFilter) to context logs
2019-09-19 12:09:47,058 [main] INFO  http.HttpServer2 (HttpServer2.java:addFilter(958)) - Added filter static_user_filter (class=org.apache.hadoop.http.lib.StaticUserWebFilter$StaticUserFilter) to context static
2019-09-19 12:09:47,059 [main] INFO  http.HttpServer2 (HttpServer2.java:bindListener(1191)) - Jetty bound to port 41684
2019-09-19 12:09:47,059 [main] INFO  server.Server (Server.java:doStart(351)) - jetty-9.3.24.v20180605, build timestamp: 2018-06-05T17:11:56Z, git hash: 84205aa28f11a4f31f2a3b86d1bba2cc8ab69827
2019-09-19 12:09:47,060 [main] INFO  handler.ContextHandler (ContextHandler.java:doStart(781)) - Started o.e.j.s.ServletContextHandler@117d32e{/logs,file:///workdir/hadoop-ozone/integration-test/target/log,AVAILABLE}
2019-09-19 12:09:47,061 [main] INFO  handler.ContextHandler (ContextHandler.java:doStart(781)) - Started o.e.j.s.ServletContextHandler@2370ac7a{/static,jar:file:/home/user/.m2/repository/org/apache/hadoop/hadoop-hdds-container-service/0.5.0-SNAPSHOT/hadoop-hdds-container-service-0.5.0-SNAPSHOT.jar!/webapps/static,AVAILABLE}
2019-09-19 12:09:47,090 [main] INFO  handler.ContextHandler (ContextHandler.java:doStart(781)) - Started o.e.j.w.WebAppContext@1c26273d{/,file:///tmp/jetty-0.0.0.0-41684-hddsDatanode-_-any-7220465572010410333.dir/webapp/,AVAILABLE}{/hddsDatanode}
2019-09-19 12:09:47,091 [main] INFO  server.AbstractConnector (AbstractConnector.java:doStart(278)) - Started ServerConnector@3a37a501{HTTP/1.1,[http/1.1]}{0.0.0.0:41684}
2019-09-19 12:09:47,091 [main] INFO  server.Server (Server.java:doStart(419)) - Started @17147ms
2019-09-19 12:09:47,092 [main] WARN  impl.MetricsSystemImpl (MetricsSystemImpl.java:register(276)) - Sink prometheus already exists!
2019-09-19 12:09:47,092 [main] INFO  server.BaseHttpServer (BaseHttpServer.java:updateConnectorAddress(215)) - HTTP server of HDDSDATANODE is listening at http://0.0.0.0:41684
2019-09-19 12:09:47,093 [main] INFO  impl.MetricsSystemImpl (MetricsSystemImpl.java:init(158)) - HddsDatanode metrics system started (again)
2019-09-19 12:09:47,099 [main] INFO  ozone.HddsDatanodeService (HddsDatanodeService.java:start(184)) - HddsDatanodeService host:pr-hdds-2153-8htts-3549596055 ip:192.168.157.252
2019-09-19 12:09:47,102 [org.apache.hadoop.util.JvmPauseMonitor$Monitor@3db2dea4] INFO  util.JvmPauseMonitor (JvmPauseMonitor.java:run(188)) - Starting JVM pause monitor
2019-09-19 12:09:47,104 [Datanode State Machine Thread - 0] INFO  datanode.InitDatanodeState (InitDatanodeState.java:persistContainerDatanodeDetails(140)) - DatanodeDetails is persisted to /workdir/hadoop-ozone/integration-test/target/test-dir/MiniOzoneClusterImpl-41742b35-60e3-4bf6-81de-f25e83920b6f/datanode-5/meta/datanode.id
2019-09-19 12:09:47,111 [main] INFO  volume.HddsVolume (HddsVolume.java:<init>(176)) - Creating Volume: /workdir/hadoop-ozone/integration-test/target/test-dir/MiniOzoneClusterImpl-41742b35-60e3-4bf6-81de-f25e83920b6f/datanode-6/data/containers/hdds of  storage type : DISK and capacity : 1482555576320
2019-09-19 12:09:47,111 [main] INFO  volume.VolumeSet (VolumeSet.java:initializeVolumeSet(170)) - Added Volume : /workdir/hadoop-ozone/integration-test/target/test-dir/MiniOzoneClusterImpl-41742b35-60e3-4bf6-81de-f25e83920b6f/datanode-6/data/containers/hdds to VolumeSet
2019-09-19 12:09:47,112 [main] INFO  volume.ThrottledAsyncChecker (ThrottledAsyncChecker.java:schedule(139)) - Scheduling a check for org.apache.hadoop.ozone.container.common.volume.HddsVolume@3d0035d2
2019-09-19 12:09:47,112 [main] INFO  volume.HddsVolumeChecker (HddsVolumeChecker.java:checkAllVolumes(202)) - Scheduled health check for volume org.apache.hadoop.ozone.container.common.volume.HddsVolume@3d0035d2
2019-09-19 12:09:47,126 [main] INFO  impl.RaftServerProxy (ConfUtils.java:logGet(43)) - raft.rpc.type = GRPC (default)
2019-09-19 12:09:47,126 [main] INFO  grpc.GrpcFactory (GrpcFactory.java:checkPooledByteBufAllocatorUseCacheForAllThreads(45)) - PERFORMANCE WARNING: useCacheForAllThreads is true that may cause Netty to create a lot garbage objects and, as a result, trigger GC.
	It is recommended to disable useCacheForAllThreads by setting -Dorg.apache.ratis.thirdparty.io.netty.allocator.useCacheForAllThreads=false in command line.
2019-09-19 12:09:47,127 [main] INFO  grpc.GrpcConfigKeys$Server (ConfUtils.java:logGet(43)) - raft.grpc.server.port = 0 (default)
2019-09-19 12:09:47,127 [main] INFO  server.GrpcService (ConfUtils.java:logGet(43)) - raft.grpc.message.size.max = 33570816 (custom)
2019-09-19 12:09:47,127 [main] INFO  server.RaftServerConfigKeys (ConfUtils.java:logGet(43)) - raft.server.log.appender.buffer.byte-limit = 33554432 (custom)
2019-09-19 12:09:47,127 [main] INFO  server.GrpcService (ConfUtils.java:logGet(43)) - raft.grpc.flow.control.window = 1MB (=1048576) (default)
2019-09-19 12:09:47,128 [main] INFO  server.RaftServerConfigKeys (ConfUtils.java:logGet(43)) - raft.server.rpc.request.timeout = 3000ms (default)
2019-09-19 12:09:47,128 [main] INFO  server.RaftServerConfigKeys (ConfUtils.java:logGet(43)) - raft.server.storage.dir = [/workdir/hadoop-ozone/integration-test/target/test-dir/MiniOzoneClusterImpl-41742b35-60e3-4bf6-81de-f25e83920b6f/datanode-6/data/ratis] (custom)
2019-09-19 12:09:47,130 [main] INFO  hdfs.DFSUtil (DFSUtil.java:httpServerTemplateForNNAndJN(1641)) - Starting Web-server for hddsDatanode at: http://0.0.0.0:0
2019-09-19 12:09:47,131 [main] INFO  server.AuthenticationFilter (AuthenticationFilter.java:constructSecretProvider(240)) - Unable to initialize FileSignerSecretProvider, falling back to use random secrets.
2019-09-19 12:09:47,132 [main] WARN  http.HttpRequestLog (HttpRequestLog.java:getRequestLog(97)) - Jetty request log can only be enabled using Log4j
2019-09-19 12:09:47,133 [main] INFO  http.HttpServer2 (HttpServer2.java:addGlobalFilter(975)) - Added global filter 'safety' (class=org.apache.hadoop.http.HttpServer2$QuotingInputFilter)
2019-09-19 12:09:47,134 [main] INFO  http.HttpServer2 (HttpServer2.java:addFilter(948)) - Added filter static_user_filter (class=org.apache.hadoop.http.lib.StaticUserWebFilter$StaticUserFilter) to context hddsDatanode
2019-09-19 12:09:47,134 [main] INFO  http.HttpServer2 (HttpServer2.java:addFilter(958)) - Added filter static_user_filter (class=org.apache.hadoop.http.lib.StaticUserWebFilter$StaticUserFilter) to context static
2019-09-19 12:09:47,135 [main] INFO  http.HttpServer2 (HttpServer2.java:addFilter(958)) - Added filter static_user_filter (class=org.apache.hadoop.http.lib.StaticUserWebFilter$StaticUserFilter) to context logs
2019-09-19 12:09:47,135 [main] INFO  http.HttpServer2 (HttpServer2.java:bindListener(1191)) - Jetty bound to port 43681
2019-09-19 12:09:47,136 [main] INFO  server.Server (Server.java:doStart(351)) - jetty-9.3.24.v20180605, build timestamp: 2018-06-05T17:11:56Z, git hash: 84205aa28f11a4f31f2a3b86d1bba2cc8ab69827
2019-09-19 12:09:47,137 [main] INFO  handler.ContextHandler (ContextHandler.java:doStart(781)) - Started o.e.j.s.ServletContextHandler@3b920bdc{/logs,file:///workdir/hadoop-ozone/integration-test/target/log,AVAILABLE}
2019-09-19 12:09:47,138 [main] INFO  handler.ContextHandler (ContextHandler.java:doStart(781)) - Started o.e.j.s.ServletContextHandler@72fd8a3c{/static,jar:file:/home/user/.m2/repository/org/apache/hadoop/hadoop-hdds-container-service/0.5.0-SNAPSHOT/hadoop-hdds-container-service-0.5.0-SNAPSHOT.jar!/webapps/static,AVAILABLE}
2019-09-19 12:09:47,166 [main] INFO  handler.ContextHandler (ContextHandler.java:doStart(781)) - Started o.e.j.w.WebAppContext@64db4967{/,file:///tmp/jetty-0.0.0.0-43681-hddsDatanode-_-any-1693280232644556142.dir/webapp/,AVAILABLE}{/hddsDatanode}
2019-09-19 12:09:47,167 [main] INFO  server.AbstractConnector (AbstractConnector.java:doStart(278)) - Started ServerConnector@74e6094b{HTTP/1.1,[http/1.1]}{0.0.0.0:43681}
2019-09-19 12:09:47,168 [main] INFO  server.Server (Server.java:doStart(419)) - Started @17223ms
2019-09-19 12:09:47,168 [main] WARN  impl.MetricsSystemImpl (MetricsSystemImpl.java:register(276)) - Sink prometheus already exists!
2019-09-19 12:09:47,169 [main] INFO  server.BaseHttpServer (BaseHttpServer.java:updateConnectorAddress(215)) - HTTP server of HDDSDATANODE is listening at http://0.0.0.0:43681
2019-09-19 12:09:47,169 [main] INFO  impl.MetricsSystemImpl (MetricsSystemImpl.java:init(158)) - HddsDatanode metrics system started (again)
2019-09-19 12:09:47,173 [org.apache.hadoop.util.JvmPauseMonitor$Monitor@382d44f0] INFO  util.JvmPauseMonitor (JvmPauseMonitor.java:run(188)) - Starting JVM pause monitor
2019-09-19 12:09:47,173 [main] INFO  ozone.HddsDatanodeService (HddsDatanodeService.java:start(184)) - HddsDatanodeService host:pr-hdds-2153-8htts-3549596055 ip:192.168.157.252
2019-09-19 12:09:47,175 [Datanode State Machine Thread - 0] INFO  datanode.InitDatanodeState (InitDatanodeState.java:persistContainerDatanodeDetails(140)) - DatanodeDetails is persisted to /workdir/hadoop-ozone/integration-test/target/test-dir/MiniOzoneClusterImpl-41742b35-60e3-4bf6-81de-f25e83920b6f/datanode-6/meta/datanode.id
2019-09-19 12:09:47,182 [main] INFO  volume.HddsVolume (HddsVolume.java:<init>(176)) - Creating Volume: /workdir/hadoop-ozone/integration-test/target/test-dir/MiniOzoneClusterImpl-41742b35-60e3-4bf6-81de-f25e83920b6f/datanode-7/data/containers/hdds of  storage type : DISK and capacity : 1482555576320
2019-09-19 12:09:47,182 [main] INFO  volume.VolumeSet (VolumeSet.java:initializeVolumeSet(170)) - Added Volume : /workdir/hadoop-ozone/integration-test/target/test-dir/MiniOzoneClusterImpl-41742b35-60e3-4bf6-81de-f25e83920b6f/datanode-7/data/containers/hdds to VolumeSet
2019-09-19 12:09:47,182 [main] INFO  volume.ThrottledAsyncChecker (ThrottledAsyncChecker.java:schedule(139)) - Scheduling a check for org.apache.hadoop.ozone.container.common.volume.HddsVolume@7544ac86
2019-09-19 12:09:47,183 [main] INFO  volume.HddsVolumeChecker (HddsVolumeChecker.java:checkAllVolumes(202)) - Scheduled health check for volume org.apache.hadoop.ozone.container.common.volume.HddsVolume@7544ac86
2019-09-19 12:09:47,198 [main] INFO  impl.RaftServerProxy (ConfUtils.java:logGet(43)) - raft.rpc.type = GRPC (default)
2019-09-19 12:09:47,198 [main] INFO  grpc.GrpcFactory (GrpcFactory.java:checkPooledByteBufAllocatorUseCacheForAllThreads(45)) - PERFORMANCE WARNING: useCacheForAllThreads is true that may cause Netty to create a lot garbage objects and, as a result, trigger GC.
	It is recommended to disable useCacheForAllThreads by setting -Dorg.apache.ratis.thirdparty.io.netty.allocator.useCacheForAllThreads=false in command line.
2019-09-19 12:09:47,198 [main] INFO  grpc.GrpcConfigKeys$Server (ConfUtils.java:logGet(43)) - raft.grpc.server.port = 0 (default)
2019-09-19 12:09:47,199 [main] INFO  server.GrpcService (ConfUtils.java:logGet(43)) - raft.grpc.message.size.max = 33570816 (custom)
2019-09-19 12:09:47,199 [main] INFO  server.RaftServerConfigKeys (ConfUtils.java:logGet(43)) - raft.server.log.appender.buffer.byte-limit = 33554432 (custom)
2019-09-19 12:09:47,199 [main] INFO  server.GrpcService (ConfUtils.java:logGet(43)) - raft.grpc.flow.control.window = 1MB (=1048576) (default)
2019-09-19 12:09:47,199 [main] INFO  server.RaftServerConfigKeys (ConfUtils.java:logGet(43)) - raft.server.rpc.request.timeout = 3000ms (default)
2019-09-19 12:09:47,200 [main] INFO  server.RaftServerConfigKeys (ConfUtils.java:logGet(43)) - raft.server.storage.dir = [/workdir/hadoop-ozone/integration-test/target/test-dir/MiniOzoneClusterImpl-41742b35-60e3-4bf6-81de-f25e83920b6f/datanode-7/data/ratis] (custom)
2019-09-19 12:09:47,201 [main] INFO  hdfs.DFSUtil (DFSUtil.java:httpServerTemplateForNNAndJN(1641)) - Starting Web-server for hddsDatanode at: http://0.0.0.0:0
2019-09-19 12:09:47,203 [main] INFO  server.AuthenticationFilter (AuthenticationFilter.java:constructSecretProvider(240)) - Unable to initialize FileSignerSecretProvider, falling back to use random secrets.
2019-09-19 12:09:47,203 [main] WARN  http.HttpRequestLog (HttpRequestLog.java:getRequestLog(97)) - Jetty request log can only be enabled using Log4j
2019-09-19 12:09:47,205 [main] INFO  http.HttpServer2 (HttpServer2.java:addGlobalFilter(975)) - Added global filter 'safety' (class=org.apache.hadoop.http.HttpServer2$QuotingInputFilter)
2019-09-19 12:09:47,205 [main] INFO  http.HttpServer2 (HttpServer2.java:addFilter(948)) - Added filter static_user_filter (class=org.apache.hadoop.http.lib.StaticUserWebFilter$StaticUserFilter) to context hddsDatanode
2019-09-19 12:09:47,205 [main] INFO  http.HttpServer2 (HttpServer2.java:addFilter(958)) - Added filter static_user_filter (class=org.apache.hadoop.http.lib.StaticUserWebFilter$StaticUserFilter) to context logs
2019-09-19 12:09:47,206 [main] INFO  http.HttpServer2 (HttpServer2.java:addFilter(958)) - Added filter static_user_filter (class=org.apache.hadoop.http.lib.StaticUserWebFilter$StaticUserFilter) to context static
2019-09-19 12:09:47,206 [main] INFO  http.HttpServer2 (HttpServer2.java:bindListener(1191)) - Jetty bound to port 34749
2019-09-19 12:09:47,207 [main] INFO  server.Server (Server.java:doStart(351)) - jetty-9.3.24.v20180605, build timestamp: 2018-06-05T17:11:56Z, git hash: 84205aa28f11a4f31f2a3b86d1bba2cc8ab69827
2019-09-19 12:09:47,208 [main] INFO  handler.ContextHandler (ContextHandler.java:doStart(781)) - Started o.e.j.s.ServletContextHandler@75181b50{/logs,file:///workdir/hadoop-ozone/integration-test/target/log,AVAILABLE}
2019-09-19 12:09:47,209 [main] INFO  handler.ContextHandler (ContextHandler.java:doStart(781)) - Started o.e.j.s.ServletContextHandler@5f254608{/static,jar:file:/home/user/.m2/repository/org/apache/hadoop/hadoop-hdds-container-service/0.5.0-SNAPSHOT/hadoop-hdds-container-service-0.5.0-SNAPSHOT.jar!/webapps/static,AVAILABLE}
2019-09-19 12:09:47,238 [main] INFO  handler.ContextHandler (ContextHandler.java:doStart(781)) - Started o.e.j.w.WebAppContext@7e5843db{/,file:///tmp/jetty-0.0.0.0-34749-hddsDatanode-_-any-3948157132033514629.dir/webapp/,AVAILABLE}{/hddsDatanode}
2019-09-19 12:09:47,239 [main] INFO  server.AbstractConnector (AbstractConnector.java:doStart(278)) - Started ServerConnector@459f703f{HTTP/1.1,[http/1.1]}{0.0.0.0:34749}
2019-09-19 12:09:47,240 [main] INFO  server.Server (Server.java:doStart(419)) - Started @17296ms
2019-09-19 12:09:47,240 [main] WARN  impl.MetricsSystemImpl (MetricsSystemImpl.java:register(276)) - Sink prometheus already exists!
2019-09-19 12:09:47,241 [main] INFO  server.BaseHttpServer (BaseHttpServer.java:updateConnectorAddress(215)) - HTTP server of HDDSDATANODE is listening at http://0.0.0.0:34749
2019-09-19 12:09:47,241 [main] INFO  impl.MetricsSystemImpl (MetricsSystemImpl.java:init(158)) - HddsDatanode metrics system started (again)
2019-09-19 12:09:47,246 [org.apache.hadoop.util.JvmPauseMonitor$Monitor@74d6804f] INFO  util.JvmPauseMonitor (JvmPauseMonitor.java:run(188)) - Starting JVM pause monitor
2019-09-19 12:09:47,246 [main] INFO  ozone.HddsDatanodeService (HddsDatanodeService.java:start(184)) - HddsDatanodeService host:pr-hdds-2153-8htts-3549596055 ip:192.168.157.252
2019-09-19 12:09:47,249 [Datanode State Machine Thread - 0] INFO  datanode.InitDatanodeState (InitDatanodeState.java:persistContainerDatanodeDetails(140)) - DatanodeDetails is persisted to /workdir/hadoop-ozone/integration-test/target/test-dir/MiniOzoneClusterImpl-41742b35-60e3-4bf6-81de-f25e83920b6f/datanode-7/meta/datanode.id
2019-09-19 12:09:47,255 [main] INFO  volume.HddsVolume (HddsVolume.java:<init>(176)) - Creating Volume: /workdir/hadoop-ozone/integration-test/target/test-dir/MiniOzoneClusterImpl-41742b35-60e3-4bf6-81de-f25e83920b6f/datanode-8/data/containers/hdds of  storage type : DISK and capacity : 1482555576320
2019-09-19 12:09:47,256 [main] INFO  volume.VolumeSet (VolumeSet.java:initializeVolumeSet(170)) - Added Volume : /workdir/hadoop-ozone/integration-test/target/test-dir/MiniOzoneClusterImpl-41742b35-60e3-4bf6-81de-f25e83920b6f/datanode-8/data/containers/hdds to VolumeSet
2019-09-19 12:09:47,256 [main] INFO  volume.ThrottledAsyncChecker (ThrottledAsyncChecker.java:schedule(139)) - Scheduling a check for org.apache.hadoop.ozone.container.common.volume.HddsVolume@3078cac
2019-09-19 12:09:47,256 [main] INFO  volume.HddsVolumeChecker (HddsVolumeChecker.java:checkAllVolumes(202)) - Scheduled health check for volume org.apache.hadoop.ozone.container.common.volume.HddsVolume@3078cac
2019-09-19 12:09:47,271 [main] INFO  impl.RaftServerProxy (ConfUtils.java:logGet(43)) - raft.rpc.type = GRPC (default)
2019-09-19 12:09:47,271 [main] INFO  grpc.GrpcFactory (GrpcFactory.java:checkPooledByteBufAllocatorUseCacheForAllThreads(45)) - PERFORMANCE WARNING: useCacheForAllThreads is true that may cause Netty to create a lot garbage objects and, as a result, trigger GC.
	It is recommended to disable useCacheForAllThreads by setting -Dorg.apache.ratis.thirdparty.io.netty.allocator.useCacheForAllThreads=false in command line.
2019-09-19 12:09:47,271 [main] INFO  grpc.GrpcConfigKeys$Server (ConfUtils.java:logGet(43)) - raft.grpc.server.port = 0 (default)
2019-09-19 12:09:47,272 [main] INFO  server.GrpcService (ConfUtils.java:logGet(43)) - raft.grpc.message.size.max = 33570816 (custom)
2019-09-19 12:09:47,272 [main] INFO  server.RaftServerConfigKeys (ConfUtils.java:logGet(43)) - raft.server.log.appender.buffer.byte-limit = 33554432 (custom)
2019-09-19 12:09:47,272 [main] INFO  server.GrpcService (ConfUtils.java:logGet(43)) - raft.grpc.flow.control.window = 1MB (=1048576) (default)
2019-09-19 12:09:47,273 [main] INFO  server.RaftServerConfigKeys (ConfUtils.java:logGet(43)) - raft.server.rpc.request.timeout = 3000ms (default)
2019-09-19 12:09:47,273 [main] INFO  server.RaftServerConfigKeys (ConfUtils.java:logGet(43)) - raft.server.storage.dir = [/workdir/hadoop-ozone/integration-test/target/test-dir/MiniOzoneClusterImpl-41742b35-60e3-4bf6-81de-f25e83920b6f/datanode-8/data/ratis] (custom)
2019-09-19 12:09:47,275 [main] INFO  hdfs.DFSUtil (DFSUtil.java:httpServerTemplateForNNAndJN(1641)) - Starting Web-server for hddsDatanode at: http://0.0.0.0:0
2019-09-19 12:09:47,276 [main] INFO  server.AuthenticationFilter (AuthenticationFilter.java:constructSecretProvider(240)) - Unable to initialize FileSignerSecretProvider, falling back to use random secrets.
2019-09-19 12:09:47,276 [main] WARN  http.HttpRequestLog (HttpRequestLog.java:getRequestLog(97)) - Jetty request log can only be enabled using Log4j
2019-09-19 12:09:47,278 [main] INFO  http.HttpServer2 (HttpServer2.java:addGlobalFilter(975)) - Added global filter 'safety' (class=org.apache.hadoop.http.HttpServer2$QuotingInputFilter)
2019-09-19 12:09:47,278 [main] INFO  http.HttpServer2 (HttpServer2.java:addFilter(948)) - Added filter static_user_filter (class=org.apache.hadoop.http.lib.StaticUserWebFilter$StaticUserFilter) to context hddsDatanode
2019-09-19 12:09:47,279 [main] INFO  http.HttpServer2 (HttpServer2.java:addFilter(958)) - Added filter static_user_filter (class=org.apache.hadoop.http.lib.StaticUserWebFilter$StaticUserFilter) to context logs
2019-09-19 12:09:47,279 [main] INFO  http.HttpServer2 (HttpServer2.java:addFilter(958)) - Added filter static_user_filter (class=org.apache.hadoop.http.lib.StaticUserWebFilter$StaticUserFilter) to context static
2019-09-19 12:09:47,280 [main] INFO  http.HttpServer2 (HttpServer2.java:bindListener(1191)) - Jetty bound to port 41279
2019-09-19 12:09:47,280 [main] INFO  server.Server (Server.java:doStart(351)) - jetty-9.3.24.v20180605, build timestamp: 2018-06-05T17:11:56Z, git hash: 84205aa28f11a4f31f2a3b86d1bba2cc8ab69827
2019-09-19 12:09:47,282 [main] INFO  handler.ContextHandler (ContextHandler.java:doStart(781)) - Started o.e.j.s.ServletContextHandler@58740366{/logs,file:///workdir/hadoop-ozone/integration-test/target/log,AVAILABLE}
2019-09-19 12:09:47,282 [main] INFO  handler.ContextHandler (ContextHandler.java:doStart(781)) - Started o.e.j.s.ServletContextHandler@2bc426f0{/static,jar:file:/home/user/.m2/repository/org/apache/hadoop/hadoop-hdds-container-service/0.5.0-SNAPSHOT/hadoop-hdds-container-service-0.5.0-SNAPSHOT.jar!/webapps/static,AVAILABLE}
2019-09-19 12:09:47,355 [main] INFO  handler.ContextHandler (ContextHandler.java:doStart(781)) - Started o.e.j.w.WebAppContext@15405bd6{/,file:///tmp/jetty-0.0.0.0-41279-hddsDatanode-_-any-7368555646357344394.dir/webapp/,AVAILABLE}{/hddsDatanode}
2019-09-19 12:09:47,357 [main] INFO  server.AbstractConnector (AbstractConnector.java:doStart(278)) - Started ServerConnector@352ed70d{HTTP/1.1,[http/1.1]}{0.0.0.0:41279}
2019-09-19 12:09:47,357 [main] INFO  server.Server (Server.java:doStart(419)) - Started @17413ms
2019-09-19 12:09:47,380 [main] WARN  impl.MetricsSystemImpl (MetricsSystemImpl.java:register(276)) - Sink prometheus already exists!
2019-09-19 12:09:47,381 [main] INFO  server.BaseHttpServer (BaseHttpServer.java:updateConnectorAddress(215)) - HTTP server of HDDSDATANODE is listening at http://0.0.0.0:41279
2019-09-19 12:09:47,382 [main] INFO  impl.MetricsSystemImpl (MetricsSystemImpl.java:init(158)) - HddsDatanode metrics system started (again)
2019-09-19 12:09:47,387 [org.apache.hadoop.util.JvmPauseMonitor$Monitor@53a80a4f] INFO  util.JvmPauseMonitor (JvmPauseMonitor.java:run(188)) - Starting JVM pause monitor
2019-09-19 12:09:47,388 [main] INFO  ozone.HddsDatanodeService (HddsDatanodeService.java:start(184)) - HddsDatanodeService host:pr-hdds-2153-8htts-3549596055 ip:192.168.157.252
2019-09-19 12:09:47,389 [Datanode State Machine Thread - 0] INFO  datanode.InitDatanodeState (InitDatanodeState.java:persistContainerDatanodeDetails(140)) - DatanodeDetails is persisted to /workdir/hadoop-ozone/integration-test/target/test-dir/MiniOzoneClusterImpl-41742b35-60e3-4bf6-81de-f25e83920b6f/datanode-8/meta/datanode.id
2019-09-19 12:09:47,407 [main] INFO  volume.HddsVolume (HddsVolume.java:<init>(176)) - Creating Volume: /workdir/hadoop-ozone/integration-test/target/test-dir/MiniOzoneClusterImpl-41742b35-60e3-4bf6-81de-f25e83920b6f/datanode-9/data/containers/hdds of  storage type : DISK and capacity : 1482555576320
2019-09-19 12:09:47,418 [main] INFO  volume.VolumeSet (VolumeSet.java:initializeVolumeSet(170)) - Added Volume : /workdir/hadoop-ozone/integration-test/target/test-dir/MiniOzoneClusterImpl-41742b35-60e3-4bf6-81de-f25e83920b6f/datanode-9/data/containers/hdds to VolumeSet
2019-09-19 12:09:47,419 [main] INFO  volume.ThrottledAsyncChecker (ThrottledAsyncChecker.java:schedule(139)) - Scheduling a check for org.apache.hadoop.ozone.container.common.volume.HddsVolume@33634f04
2019-09-19 12:09:47,420 [main] INFO  volume.HddsVolumeChecker (HddsVolumeChecker.java:checkAllVolumes(202)) - Scheduled health check for volume org.apache.hadoop.ozone.container.common.volume.HddsVolume@33634f04
2019-09-19 12:09:47,440 [main] INFO  impl.RaftServerProxy (ConfUtils.java:logGet(43)) - raft.rpc.type = GRPC (default)
2019-09-19 12:09:47,441 [main] INFO  grpc.GrpcFactory (GrpcFactory.java:checkPooledByteBufAllocatorUseCacheForAllThreads(45)) - PERFORMANCE WARNING: useCacheForAllThreads is true that may cause Netty to create a lot garbage objects and, as a result, trigger GC.
	It is recommended to disable useCacheForAllThreads by setting -Dorg.apache.ratis.thirdparty.io.netty.allocator.useCacheForAllThreads=false in command line.
2019-09-19 12:09:47,441 [main] INFO  grpc.GrpcConfigKeys$Server (ConfUtils.java:logGet(43)) - raft.grpc.server.port = 0 (default)
2019-09-19 12:09:47,442 [main] INFO  server.GrpcService (ConfUtils.java:logGet(43)) - raft.grpc.message.size.max = 33570816 (custom)
2019-09-19 12:09:47,442 [main] INFO  server.RaftServerConfigKeys (ConfUtils.java:logGet(43)) - raft.server.log.appender.buffer.byte-limit = 33554432 (custom)
2019-09-19 12:09:47,442 [main] INFO  server.GrpcService (ConfUtils.java:logGet(43)) - raft.grpc.flow.control.window = 1MB (=1048576) (default)
2019-09-19 12:09:47,443 [main] INFO  server.RaftServerConfigKeys (ConfUtils.java:logGet(43)) - raft.server.rpc.request.timeout = 3000ms (default)
2019-09-19 12:09:47,444 [main] INFO  server.RaftServerConfigKeys (ConfUtils.java:logGet(43)) - raft.server.storage.dir = [/workdir/hadoop-ozone/integration-test/target/test-dir/MiniOzoneClusterImpl-41742b35-60e3-4bf6-81de-f25e83920b6f/datanode-9/data/ratis] (custom)
2019-09-19 12:09:47,446 [main] INFO  hdfs.DFSUtil (DFSUtil.java:httpServerTemplateForNNAndJN(1641)) - Starting Web-server for hddsDatanode at: http://0.0.0.0:0
2019-09-19 12:09:47,447 [main] INFO  server.AuthenticationFilter (AuthenticationFilter.java:constructSecretProvider(240)) - Unable to initialize FileSignerSecretProvider, falling back to use random secrets.
2019-09-19 12:09:47,448 [main] WARN  http.HttpRequestLog (HttpRequestLog.java:getRequestLog(97)) - Jetty request log can only be enabled using Log4j
2019-09-19 12:09:47,449 [main] INFO  http.HttpServer2 (HttpServer2.java:addGlobalFilter(975)) - Added global filter 'safety' (class=org.apache.hadoop.http.HttpServer2$QuotingInputFilter)
2019-09-19 12:09:47,450 [main] INFO  http.HttpServer2 (HttpServer2.java:addFilter(948)) - Added filter static_user_filter (class=org.apache.hadoop.http.lib.StaticUserWebFilter$StaticUserFilter) to context hddsDatanode
2019-09-19 12:09:47,450 [main] INFO  http.HttpServer2 (HttpServer2.java:addFilter(958)) - Added filter static_user_filter (class=org.apache.hadoop.http.lib.StaticUserWebFilter$StaticUserFilter) to context static
2019-09-19 12:09:47,451 [main] INFO  http.HttpServer2 (HttpServer2.java:addFilter(958)) - Added filter static_user_filter (class=org.apache.hadoop.http.lib.StaticUserWebFilter$StaticUserFilter) to context logs
2019-09-19 12:09:47,451 [main] INFO  http.HttpServer2 (HttpServer2.java:bindListener(1191)) - Jetty bound to port 41737
2019-09-19 12:09:47,452 [main] INFO  server.Server (Server.java:doStart(351)) - jetty-9.3.24.v20180605, build timestamp: 2018-06-05T17:11:56Z, git hash: 84205aa28f11a4f31f2a3b86d1bba2cc8ab69827
2019-09-19 12:09:47,454 [main] INFO  handler.ContextHandler (ContextHandler.java:doStart(781)) - Started o.e.j.s.ServletContextHandler@77865933{/logs,file:///workdir/hadoop-ozone/integration-test/target/log,AVAILABLE}
2019-09-19 12:09:47,454 [main] INFO  handler.ContextHandler (ContextHandler.java:doStart(781)) - Started o.e.j.s.ServletContextHandler@4d18b73a{/static,jar:file:/home/user/.m2/repository/org/apache/hadoop/hadoop-hdds-container-service/0.5.0-SNAPSHOT/hadoop-hdds-container-service-0.5.0-SNAPSHOT.jar!/webapps/static,AVAILABLE}
2019-09-19 12:09:47,485 [main] INFO  handler.ContextHandler (ContextHandler.java:doStart(781)) - Started o.e.j.w.WebAppContext@cda6019{/,file:///tmp/jetty-0.0.0.0-41737-hddsDatanode-_-any-3936286273011548472.dir/webapp/,AVAILABLE}{/hddsDatanode}
2019-09-19 12:09:47,487 [main] INFO  server.AbstractConnector (AbstractConnector.java:doStart(278)) - Started ServerConnector@797c3c3b{HTTP/1.1,[http/1.1]}{0.0.0.0:41737}
2019-09-19 12:09:47,487 [main] INFO  server.Server (Server.java:doStart(419)) - Started @17543ms
2019-09-19 12:09:47,487 [main] WARN  impl.MetricsSystemImpl (MetricsSystemImpl.java:register(276)) - Sink prometheus already exists!
2019-09-19 12:09:47,488 [main] INFO  server.BaseHttpServer (BaseHttpServer.java:updateConnectorAddress(215)) - HTTP server of HDDSDATANODE is listening at http://0.0.0.0:41737
2019-09-19 12:09:47,493 [main] INFO  ozone.MiniOzoneClusterImpl (MiniOzoneClusterImpl.java:lambda$waitForClusterToBeReady$0(140)) - Waiting for cluster to be ready. Got 0 of 10 DN Heartbeats.
2019-09-19 12:09:47,496 [org.apache.hadoop.util.JvmPauseMonitor$Monitor@ff50466] INFO  util.JvmPauseMonitor (JvmPauseMonitor.java:run(188)) - Starting JVM pause monitor
2019-09-19 12:09:47,498 [Datanode State Machine Thread - 0] INFO  datanode.InitDatanodeState (InitDatanodeState.java:persistContainerDatanodeDetails(140)) - DatanodeDetails is persisted to /workdir/hadoop-ozone/integration-test/target/test-dir/MiniOzoneClusterImpl-41742b35-60e3-4bf6-81de-f25e83920b6f/datanode-9/meta/datanode.id
2019-09-19 12:09:48,496 [main] INFO  ozone.MiniOzoneClusterImpl (MiniOzoneClusterImpl.java:lambda$waitForClusterToBeReady$0(140)) - Waiting for cluster to be ready. Got 0 of 10 DN Heartbeats.
2019-09-19 12:09:48,784 [Datanode State Machine Thread - 0] INFO  ozoneimpl.OzoneContainer (OzoneContainer.java:start(217)) - Attempting to start container services.
2019-09-19 12:09:48,785 [Datanode State Machine Thread - 0] INFO  ozoneimpl.OzoneContainer (OzoneContainer.java:startContainerScrub(179)) - Background container scanner has been disabled.
2019-09-19 12:09:48,785 [Datanode State Machine Thread - 0] INFO  ratis.XceiverServerRatis (XceiverServerRatis.java:start(408)) - Starting XceiverServerRatis c825e6de-820b-4b06-9ed0-c7da8c2503e7 at port 0
2019-09-19 12:09:48,825 [Datanode State Machine Thread - 0] INFO  impl.RaftServerProxy (RaftServerProxy.java:lambda$start$3(299)) - c825e6de-820b-4b06-9ed0-c7da8c2503e7: start RPC server
2019-09-19 12:09:48,827 [Datanode State Machine Thread - 0] INFO  ozoneimpl.OzoneContainer (OzoneContainer.java:start(217)) - Attempting to start container services.
2019-09-19 12:09:48,831 [Datanode State Machine Thread - 0] INFO  ozoneimpl.OzoneContainer (OzoneContainer.java:startContainerScrub(179)) - Background container scanner has been disabled.
2019-09-19 12:09:48,831 [Datanode State Machine Thread - 0] INFO  ratis.XceiverServerRatis (XceiverServerRatis.java:start(408)) - Starting XceiverServerRatis 03555e6f-e7ac-4c8b-ad84-7222370bb52c at port 0
2019-09-19 12:09:48,838 [Datanode State Machine Thread - 0] INFO  impl.RaftServerProxy (RaftServerProxy.java:lambda$start$3(299)) - 03555e6f-e7ac-4c8b-ad84-7222370bb52c: start RPC server
2019-09-19 12:09:48,900 [Datanode State Machine Thread - 0] INFO  ozoneimpl.OzoneContainer (OzoneContainer.java:start(217)) - Attempting to start container services.
2019-09-19 12:09:48,900 [Datanode State Machine Thread - 0] INFO  ozoneimpl.OzoneContainer (OzoneContainer.java:startContainerScrub(179)) - Background container scanner has been disabled.
2019-09-19 12:09:48,900 [Datanode State Machine Thread - 0] INFO  ratis.XceiverServerRatis (XceiverServerRatis.java:start(408)) - Starting XceiverServerRatis 4736e737-07ca-4f6d-84d7-0ed6bd660367 at port 0
2019-09-19 12:09:48,912 [Datanode State Machine Thread - 0] INFO  impl.RaftServerProxy (RaftServerProxy.java:lambda$start$3(299)) - 4736e737-07ca-4f6d-84d7-0ed6bd660367: start RPC server
2019-09-19 12:09:48,966 [Datanode State Machine Thread - 0] INFO  server.GrpcService (GrpcService.java:startImpl(158)) - 4736e737-07ca-4f6d-84d7-0ed6bd660367: GrpcService started, listening on 0.0.0.0/0.0.0.0:43438
2019-09-19 12:09:48,966 [Datanode State Machine Thread - 0] INFO  server.GrpcService (GrpcService.java:startImpl(158)) - c825e6de-820b-4b06-9ed0-c7da8c2503e7: GrpcService started, listening on 0.0.0.0/0.0.0.0:34403
2019-09-19 12:09:48,966 [Datanode State Machine Thread - 0] INFO  server.GrpcService (GrpcService.java:startImpl(158)) - 03555e6f-e7ac-4c8b-ad84-7222370bb52c: GrpcService started, listening on 0.0.0.0/0.0.0.0:33098
2019-09-19 12:09:48,968 [Datanode State Machine Thread - 0] INFO  ratis.XceiverServerRatis (XceiverServerRatis.java:start(418)) - XceiverServerRatis c825e6de-820b-4b06-9ed0-c7da8c2503e7 is started using port 34403
2019-09-19 12:09:48,967 [Datanode State Machine Thread - 0] INFO  ratis.XceiverServerRatis (XceiverServerRatis.java:start(418)) - XceiverServerRatis 4736e737-07ca-4f6d-84d7-0ed6bd660367 is started using port 43438
2019-09-19 12:09:48,968 [Datanode State Machine Thread - 0] INFO  ratis.XceiverServerRatis (XceiverServerRatis.java:start(418)) - XceiverServerRatis 03555e6f-e7ac-4c8b-ad84-7222370bb52c is started using port 33098
2019-09-19 12:09:48,975 [Datanode State Machine Thread - 0] INFO  server.XceiverServerGrpc (XceiverServerGrpc.java:start(163)) - XceiverServerGrpc 4736e737-07ca-4f6d-84d7-0ed6bd660367 is started using port 40792
2019-09-19 12:09:48,975 [Datanode State Machine Thread - 0] INFO  server.XceiverServerGrpc (XceiverServerGrpc.java:start(163)) - XceiverServerGrpc 03555e6f-e7ac-4c8b-ad84-7222370bb52c is started using port 42859
2019-09-19 12:09:48,977 [Datanode State Machine Thread - 0] INFO  ozoneimpl.OzoneContainer (OzoneContainer.java:start(217)) - Attempting to start container services.
2019-09-19 12:09:48,975 [Datanode State Machine Thread - 0] INFO  server.XceiverServerGrpc (XceiverServerGrpc.java:start(163)) - XceiverServerGrpc c825e6de-820b-4b06-9ed0-c7da8c2503e7 is started using port 46492
2019-09-19 12:09:48,977 [Datanode State Machine Thread - 0] INFO  ozoneimpl.OzoneContainer (OzoneContainer.java:startContainerScrub(179)) - Background container scanner has been disabled.
2019-09-19 12:09:48,977 [Datanode State Machine Thread - 0] INFO  ratis.XceiverServerRatis (XceiverServerRatis.java:start(408)) - Starting XceiverServerRatis 0536a24c-34e3-4c8a-9a31-895de5497f4a at port 0
2019-09-19 12:09:48,987 [Datanode State Machine Thread - 0] INFO  impl.RaftServerProxy (RaftServerProxy.java:lambda$start$3(299)) - 0536a24c-34e3-4c8a-9a31-895de5497f4a: start RPC server
2019-09-19 12:09:48,989 [Datanode State Machine Thread - 0] INFO  server.GrpcService (GrpcService.java:startImpl(158)) - 0536a24c-34e3-4c8a-9a31-895de5497f4a: GrpcService started, listening on 0.0.0.0/0.0.0.0:36571
2019-09-19 12:09:48,990 [Datanode State Machine Thread - 0] INFO  ratis.XceiverServerRatis (XceiverServerRatis.java:start(418)) - XceiverServerRatis 0536a24c-34e3-4c8a-9a31-895de5497f4a is started using port 36571
2019-09-19 12:09:48,992 [Datanode State Machine Thread - 0] INFO  server.XceiverServerGrpc (XceiverServerGrpc.java:start(163)) - XceiverServerGrpc 0536a24c-34e3-4c8a-9a31-895de5497f4a is started using port 45381
2019-09-19 12:09:49,041 [Datanode State Machine Thread - 0] INFO  ozoneimpl.OzoneContainer (OzoneContainer.java:start(217)) - Attempting to start container services.
2019-09-19 12:09:49,041 [Datanode State Machine Thread - 0] INFO  ozoneimpl.OzoneContainer (OzoneContainer.java:startContainerScrub(179)) - Background container scanner has been disabled.
2019-09-19 12:09:49,041 [Datanode State Machine Thread - 0] INFO  ratis.XceiverServerRatis (XceiverServerRatis.java:start(408)) - Starting XceiverServerRatis 587dad1b-1a08-4278-9ac1-e315232e0934 at port 0
2019-09-19 12:09:49,047 [Datanode State Machine Thread - 0] INFO  impl.RaftServerProxy (RaftServerProxy.java:lambda$start$3(299)) - 587dad1b-1a08-4278-9ac1-e315232e0934: start RPC server
2019-09-19 12:09:49,051 [Datanode State Machine Thread - 0] INFO  server.GrpcService (GrpcService.java:startImpl(158)) - 587dad1b-1a08-4278-9ac1-e315232e0934: GrpcService started, listening on 0.0.0.0/0.0.0.0:39759
2019-09-19 12:09:49,051 [Datanode State Machine Thread - 0] INFO  ratis.XceiverServerRatis (XceiverServerRatis.java:start(418)) - XceiverServerRatis 587dad1b-1a08-4278-9ac1-e315232e0934 is started using port 39759
2019-09-19 12:09:49,053 [Datanode State Machine Thread - 0] INFO  server.XceiverServerGrpc (XceiverServerGrpc.java:start(163)) - XceiverServerGrpc 587dad1b-1a08-4278-9ac1-e315232e0934 is started using port 46700
2019-09-19 12:09:49,119 [Datanode State Machine Thread - 0] INFO  ozoneimpl.OzoneContainer (OzoneContainer.java:start(217)) - Attempting to start container services.
2019-09-19 12:09:49,119 [Datanode State Machine Thread - 0] INFO  ozoneimpl.OzoneContainer (OzoneContainer.java:startContainerScrub(179)) - Background container scanner has been disabled.
2019-09-19 12:09:49,120 [Datanode State Machine Thread - 0] INFO  ratis.XceiverServerRatis (XceiverServerRatis.java:start(408)) - Starting XceiverServerRatis 9ff75243-8f90-489e-ad4c-fbb8c473db2a at port 0
2019-09-19 12:09:49,126 [Datanode State Machine Thread - 0] INFO  impl.RaftServerProxy (RaftServerProxy.java:lambda$start$3(299)) - 9ff75243-8f90-489e-ad4c-fbb8c473db2a: start RPC server
2019-09-19 12:09:49,130 [Datanode State Machine Thread - 0] INFO  server.GrpcService (GrpcService.java:startImpl(158)) - 9ff75243-8f90-489e-ad4c-fbb8c473db2a: GrpcService started, listening on 0.0.0.0/0.0.0.0:45547
2019-09-19 12:09:49,131 [Datanode State Machine Thread - 0] INFO  ratis.XceiverServerRatis (XceiverServerRatis.java:start(418)) - XceiverServerRatis 9ff75243-8f90-489e-ad4c-fbb8c473db2a is started using port 45547
2019-09-19 12:09:49,133 [Datanode State Machine Thread - 0] INFO  server.XceiverServerGrpc (XceiverServerGrpc.java:start(163)) - XceiverServerGrpc 9ff75243-8f90-489e-ad4c-fbb8c473db2a is started using port 38607
2019-09-19 12:09:49,189 [Datanode State Machine Thread - 0] INFO  ozoneimpl.OzoneContainer (OzoneContainer.java:start(217)) - Attempting to start container services.
2019-09-19 12:09:49,190 [Datanode State Machine Thread - 0] INFO  ozoneimpl.OzoneContainer (OzoneContainer.java:startContainerScrub(179)) - Background container scanner has been disabled.
2019-09-19 12:09:49,190 [Datanode State Machine Thread - 0] INFO  ratis.XceiverServerRatis (XceiverServerRatis.java:start(408)) - Starting XceiverServerRatis 7c8a32d9-49ab-449b-8cc8-032a8828a8ac at port 0
2019-09-19 12:09:49,196 [Datanode State Machine Thread - 0] INFO  impl.RaftServerProxy (RaftServerProxy.java:lambda$start$3(299)) - 7c8a32d9-49ab-449b-8cc8-032a8828a8ac: start RPC server
2019-09-19 12:09:49,203 [Datanode State Machine Thread - 0] INFO  server.GrpcService (GrpcService.java:startImpl(158)) - 7c8a32d9-49ab-449b-8cc8-032a8828a8ac: GrpcService started, listening on 0.0.0.0/0.0.0.0:41017
2019-09-19 12:09:49,203 [Datanode State Machine Thread - 0] INFO  ratis.XceiverServerRatis (XceiverServerRatis.java:start(418)) - XceiverServerRatis 7c8a32d9-49ab-449b-8cc8-032a8828a8ac is started using port 41017
2019-09-19 12:09:49,207 [Datanode State Machine Thread - 0] INFO  server.XceiverServerGrpc (XceiverServerGrpc.java:start(163)) - XceiverServerGrpc 7c8a32d9-49ab-449b-8cc8-032a8828a8ac is started using port 36867
2019-09-19 12:09:49,265 [Datanode State Machine Thread - 0] INFO  ozoneimpl.OzoneContainer (OzoneContainer.java:start(217)) - Attempting to start container services.
2019-09-19 12:09:49,265 [Datanode State Machine Thread - 0] INFO  ozoneimpl.OzoneContainer (OzoneContainer.java:startContainerScrub(179)) - Background container scanner has been disabled.
2019-09-19 12:09:49,265 [Datanode State Machine Thread - 0] INFO  ratis.XceiverServerRatis (XceiverServerRatis.java:start(408)) - Starting XceiverServerRatis a409f42d-bc3a-405f-bf07-8265a8a77aff at port 0
2019-09-19 12:09:49,273 [Datanode State Machine Thread - 0] INFO  impl.RaftServerProxy (RaftServerProxy.java:lambda$start$3(299)) - a409f42d-bc3a-405f-bf07-8265a8a77aff: start RPC server
2019-09-19 12:09:49,278 [Datanode State Machine Thread - 0] INFO  server.GrpcService (GrpcService.java:startImpl(158)) - a409f42d-bc3a-405f-bf07-8265a8a77aff: GrpcService started, listening on 0.0.0.0/0.0.0.0:38022
2019-09-19 12:09:49,278 [Datanode State Machine Thread - 0] INFO  ratis.XceiverServerRatis (XceiverServerRatis.java:start(418)) - XceiverServerRatis a409f42d-bc3a-405f-bf07-8265a8a77aff is started using port 38022
2019-09-19 12:09:49,283 [Datanode State Machine Thread - 0] INFO  server.XceiverServerGrpc (XceiverServerGrpc.java:start(163)) - XceiverServerGrpc a409f42d-bc3a-405f-bf07-8265a8a77aff is started using port 35722
2019-09-19 12:09:49,407 [Datanode State Machine Thread - 0] INFO  ozoneimpl.OzoneContainer (OzoneContainer.java:start(217)) - Attempting to start container services.
2019-09-19 12:09:49,407 [Datanode State Machine Thread - 0] INFO  ozoneimpl.OzoneContainer (OzoneContainer.java:startContainerScrub(179)) - Background container scanner has been disabled.
2019-09-19 12:09:49,407 [Datanode State Machine Thread - 0] INFO  ratis.XceiverServerRatis (XceiverServerRatis.java:start(408)) - Starting XceiverServerRatis 1b83d917-1d73-4cac-8d1d-dc3b4981903d at port 0
2019-09-19 12:09:49,415 [Datanode State Machine Thread - 0] INFO  impl.RaftServerProxy (RaftServerProxy.java:lambda$start$3(299)) - 1b83d917-1d73-4cac-8d1d-dc3b4981903d: start RPC server
2019-09-19 12:09:49,421 [Datanode State Machine Thread - 0] INFO  server.GrpcService (GrpcService.java:startImpl(158)) - 1b83d917-1d73-4cac-8d1d-dc3b4981903d: GrpcService started, listening on 0.0.0.0/0.0.0.0:34953
2019-09-19 12:09:49,421 [Datanode State Machine Thread - 0] INFO  ratis.XceiverServerRatis (XceiverServerRatis.java:start(418)) - XceiverServerRatis 1b83d917-1d73-4cac-8d1d-dc3b4981903d is started using port 34953
2019-09-19 12:09:49,427 [Datanode State Machine Thread - 0] INFO  server.XceiverServerGrpc (XceiverServerGrpc.java:start(163)) - XceiverServerGrpc 1b83d917-1d73-4cac-8d1d-dc3b4981903d is started using port 45415
2019-09-19 12:09:49,500 [main] INFO  ozone.MiniOzoneClusterImpl (MiniOzoneClusterImpl.java:lambda$waitForClusterToBeReady$0(140)) - Waiting for cluster to be ready. Got 0 of 10 DN Heartbeats.
2019-09-19 12:09:49,518 [Datanode State Machine Thread - 0] INFO  ozoneimpl.OzoneContainer (OzoneContainer.java:start(217)) - Attempting to start container services.
2019-09-19 12:09:49,519 [Datanode State Machine Thread - 0] INFO  ozoneimpl.OzoneContainer (OzoneContainer.java:startContainerScrub(179)) - Background container scanner has been disabled.
2019-09-19 12:09:49,519 [Datanode State Machine Thread - 0] INFO  ratis.XceiverServerRatis (XceiverServerRatis.java:start(408)) - Starting XceiverServerRatis 35717865-8144-46c5-963e-0895e96939ac at port 0
2019-09-19 12:09:49,529 [Datanode State Machine Thread - 0] INFO  impl.RaftServerProxy (RaftServerProxy.java:lambda$start$3(299)) - 35717865-8144-46c5-963e-0895e96939ac: start RPC server
2019-09-19 12:09:49,553 [Datanode State Machine Thread - 0] INFO  server.GrpcService (GrpcService.java:startImpl(158)) - 35717865-8144-46c5-963e-0895e96939ac: GrpcService started, listening on 0.0.0.0/0.0.0.0:34648
2019-09-19 12:09:49,554 [Datanode State Machine Thread - 0] INFO  ratis.XceiverServerRatis (XceiverServerRatis.java:start(418)) - XceiverServerRatis 35717865-8144-46c5-963e-0895e96939ac is started using port 34648
2019-09-19 12:09:49,587 [Datanode State Machine Thread - 0] INFO  server.XceiverServerGrpc (XceiverServerGrpc.java:start(163)) - XceiverServerGrpc 35717865-8144-46c5-963e-0895e96939ac is started using port 40829
2019-09-19 12:09:50,500 [main] INFO  ozone.MiniOzoneClusterImpl (MiniOzoneClusterImpl.java:lambda$waitForClusterToBeReady$0(140)) - Waiting for cluster to be ready. Got 0 of 10 DN Heartbeats.
2019-09-19 12:09:50,758 [IPC Server handler 1 on 42036] INFO  net.NetworkTopology (NetworkTopologyImpl.java:add(110)) - Added a new node: /default-rack/c825e6de-820b-4b06-9ed0-c7da8c2503e7
2019-09-19 12:09:50,758 [IPC Server handler 1 on 42036] INFO  node.SCMNodeManager (SCMNodeManager.java:register(266)) - Registered Data node : c825e6de-820b-4b06-9ed0-c7da8c2503e7{ip: 192.168.157.252, host: pr-hdds-2153-8htts-3549596055, networkLocation: /default-rack, certSerialId: null}
2019-09-19 12:09:50,764 [EventQueue-NodeRegistrationContainerReportForDataNodeSafeModeRule] INFO  safemode.SCMSafeModeManager (DataNodeSafeModeRule.java:process(71)) - SCM in safe mode. 1 DataNodes registered, 1 required.
2019-09-19 12:09:50,767 [EventQueue-NodeRegistrationContainerReportForDataNodeSafeModeRule] INFO  safemode.SCMSafeModeManager (SCMSafeModeManager.java:validateSafeModeExitRules(177)) - ScmSafeModeManager, all rules are successfully validated
2019-09-19 12:09:50,767 [EventQueue-NodeRegistrationContainerReportForDataNodeSafeModeRule] INFO  safemode.SCMSafeModeManager (SCMSafeModeManager.java:exitSafeMode(193)) - SCM exiting safe mode.
2019-09-19 12:09:50,814 [IPC Server handler 3 on 42036] INFO  net.NetworkTopology (NetworkTopologyImpl.java:add(110)) - Added a new node: /default-rack/03555e6f-e7ac-4c8b-ad84-7222370bb52c
2019-09-19 12:09:50,815 [IPC Server handler 3 on 42036] INFO  node.SCMNodeManager (SCMNodeManager.java:register(266)) - Registered Data node : 03555e6f-e7ac-4c8b-ad84-7222370bb52c{ip: 192.168.157.252, host: pr-hdds-2153-8htts-3549596055, networkLocation: /default-rack, certSerialId: null}
2019-09-19 12:09:50,885 [IPC Server handler 2 on 42036] INFO  net.NetworkTopology (NetworkTopologyImpl.java:add(110)) - Added a new node: /default-rack/4736e737-07ca-4f6d-84d7-0ed6bd660367
2019-09-19 12:09:50,886 [IPC Server handler 2 on 42036] INFO  node.SCMNodeManager (SCMNodeManager.java:register(266)) - Registered Data node : 4736e737-07ca-4f6d-84d7-0ed6bd660367{ip: 192.168.157.252, host: pr-hdds-2153-8htts-3549596055, networkLocation: /default-rack, certSerialId: null}
2019-09-19 12:09:50,964 [IPC Server handler 4 on 42036] INFO  net.NetworkTopology (NetworkTopologyImpl.java:add(110)) - Added a new node: /default-rack/0536a24c-34e3-4c8a-9a31-895de5497f4a
2019-09-19 12:09:50,964 [IPC Server handler 4 on 42036] INFO  node.SCMNodeManager (SCMNodeManager.java:register(266)) - Registered Data node : 0536a24c-34e3-4c8a-9a31-895de5497f4a{ip: 192.168.157.252, host: pr-hdds-2153-8htts-3549596055, networkLocation: /default-rack, certSerialId: null}
2019-09-19 12:09:51,030 [IPC Server handler 5 on 42036] INFO  net.NetworkTopology (NetworkTopologyImpl.java:add(110)) - Added a new node: /default-rack/587dad1b-1a08-4278-9ac1-e315232e0934
2019-09-19 12:09:51,030 [IPC Server handler 5 on 42036] INFO  node.SCMNodeManager (SCMNodeManager.java:register(266)) - Registered Data node : 587dad1b-1a08-4278-9ac1-e315232e0934{ip: 192.168.157.252, host: pr-hdds-2153-8htts-3549596055, networkLocation: /default-rack, certSerialId: null}
2019-09-19 12:09:51,107 [IPC Server handler 6 on 42036] INFO  net.NetworkTopology (NetworkTopologyImpl.java:add(110)) - Added a new node: /default-rack/9ff75243-8f90-489e-ad4c-fbb8c473db2a
2019-09-19 12:09:51,108 [IPC Server handler 6 on 42036] INFO  node.SCMNodeManager (SCMNodeManager.java:register(266)) - Registered Data node : 9ff75243-8f90-489e-ad4c-fbb8c473db2a{ip: 192.168.157.252, host: pr-hdds-2153-8htts-3549596055, networkLocation: /default-rack, certSerialId: null}
2019-09-19 12:09:51,190 [IPC Server handler 8 on 42036] INFO  net.NetworkTopology (NetworkTopologyImpl.java:add(110)) - Added a new node: /default-rack/7c8a32d9-49ab-449b-8cc8-032a8828a8ac
2019-09-19 12:09:51,191 [IPC Server handler 8 on 42036] INFO  node.SCMNodeManager (SCMNodeManager.java:register(266)) - Registered Data node : 7c8a32d9-49ab-449b-8cc8-032a8828a8ac{ip: 192.168.157.252, host: pr-hdds-2153-8htts-3549596055, networkLocation: /default-rack, certSerialId: null}
2019-09-19 12:09:51,250 [IPC Server handler 7 on 42036] INFO  net.NetworkTopology (NetworkTopologyImpl.java:add(110)) - Added a new node: /default-rack/a409f42d-bc3a-405f-bf07-8265a8a77aff
2019-09-19 12:09:51,250 [IPC Server handler 7 on 42036] INFO  node.SCMNodeManager (SCMNodeManager.java:register(266)) - Registered Data node : a409f42d-bc3a-405f-bf07-8265a8a77aff{ip: 192.168.157.252, host: pr-hdds-2153-8htts-3549596055, networkLocation: /default-rack, certSerialId: null}
2019-09-19 12:09:51,357 [grpc-default-executor-0] INFO  impl.RaftServerProxy (RaftServerProxy.java:addNew(89)) - c825e6de-820b-4b06-9ed0-c7da8c2503e7: addNew group-683F9775C086:[c825e6de-820b-4b06-9ed0-c7da8c2503e7:192.168.157.252:34403] returns group-683F9775C086:java.util.concurrent.CompletableFuture@45e9f804[Not completed]
2019-09-19 12:09:51,377 [pool-27-thread-1] INFO  impl.RaftServerImpl (RaftServerImpl.java:<init>(95)) - c825e6de-820b-4b06-9ed0-c7da8c2503e7: new RaftServerImpl for group-683F9775C086:[c825e6de-820b-4b06-9ed0-c7da8c2503e7:192.168.157.252:34403] with ContainerStateMachine:uninitialized
2019-09-19 12:09:51,379 [pool-27-thread-1] INFO  server.RaftServerConfigKeys (ConfUtils.java:logGet(43)) - raft.server.rpc.timeout.min = 1s (custom)
2019-09-19 12:09:51,381 [pool-27-thread-1] INFO  server.RaftServerConfigKeys (ConfUtils.java:logGet(43)) - raft.server.rpc.timeout.max = 1200ms (custom)
2019-09-19 12:09:51,381 [pool-27-thread-1] INFO  server.RaftServerConfigKeys (ConfUtils.java:logGet(43)) - raft.server.rpcslowness.timeout = 120s (custom)
2019-09-19 12:09:51,381 [pool-27-thread-1] INFO  server.RaftServerConfigKeys (ConfUtils.java:logGet(43)) - raft.server.sleep.deviation.threshold = 300 (default)
2019-09-19 12:09:51,383 [pool-27-thread-1] INFO  server.RaftServerConfigKeys (ConfUtils.java:logGet(43)) - raft.server.log.appender.install.snapshot.enabled = false (custom)
2019-09-19 12:09:51,403 [IPC Server handler 9 on 42036] INFO  net.NetworkTopology (NetworkTopologyImpl.java:add(110)) - Added a new node: /default-rack/1b83d917-1d73-4cac-8d1d-dc3b4981903d
2019-09-19 12:09:51,404 [IPC Server handler 9 on 42036] INFO  node.SCMNodeManager (SCMNodeManager.java:register(266)) - Registered Data node : 1b83d917-1d73-4cac-8d1d-dc3b4981903d{ip: 192.168.157.252, host: pr-hdds-2153-8htts-3549596055, networkLocation: /default-rack, certSerialId: null}
2019-09-19 12:09:51,409 [pool-27-thread-1] INFO  impl.RaftServerImpl (ServerState.java:<init>(103)) - c825e6de-820b-4b06-9ed0-c7da8c2503e7@group-683F9775C086: ConfigurationManager, init=-1: [c825e6de-820b-4b06-9ed0-c7da8c2503e7:192.168.157.252:34403], old=null, confs=<EMPTY_MAP>
2019-09-19 12:09:51,409 [pool-27-thread-1] INFO  server.RaftServerConfigKeys (ConfUtils.java:logGet(43)) - raft.server.storage.dir = [/workdir/hadoop-ozone/integration-test/target/test-dir/MiniOzoneClusterImpl-41742b35-60e3-4bf6-81de-f25e83920b6f/datanode-0/data/ratis] (custom)
2019-09-19 12:09:51,418 [pool-27-thread-1] INFO  storage.RaftStorageDirectory (RaftStorageDirectory.java:analyzeStorage(246)) - The storage directory /workdir/hadoop-ozone/integration-test/target/test-dir/MiniOzoneClusterImpl-41742b35-60e3-4bf6-81de-f25e83920b6f/datanode-0/data/ratis/89efb96b-79e7-4a60-a68d-683f9775c086 does not exist. Creating ...
2019-09-19 12:09:51,436 [pool-27-thread-1] INFO  storage.RaftStorageDirectory (RaftStorageDirectory.java:tryLock(328)) - Lock on /workdir/hadoop-ozone/integration-test/target/test-dir/MiniOzoneClusterImpl-41742b35-60e3-4bf6-81de-f25e83920b6f/datanode-0/data/ratis/89efb96b-79e7-4a60-a68d-683f9775c086/in_use.lock acquired by nodename 3169@pr-hdds-2153-8htts-3549596055
2019-09-19 12:09:51,450 [pool-27-thread-1] INFO  storage.RaftStorage (RaftStorage.java:format(72)) - Storage directory /workdir/hadoop-ozone/integration-test/target/test-dir/MiniOzoneClusterImpl-41742b35-60e3-4bf6-81de-f25e83920b6f/datanode-0/data/ratis/89efb96b-79e7-4a60-a68d-683f9775c086 has been successfully formatted.
2019-09-19 12:09:51,452 [pool-27-thread-1] INFO  ratis.ContainerStateMachine (ContainerStateMachine.java:loadSnapshot(230)) - group-683F9775C086: The snapshot info is null. Setting the last applied indexto:(t:0, i:~)
2019-09-19 12:09:51,453 [pool-27-thread-1] INFO  server.RaftServerConfigKeys (ConfUtils.java:logGet(43)) - raft.server.notification.no-leader.timeout = 120s (custom)
2019-09-19 12:09:51,455 [pool-27-thread-1] INFO  server.RaftServerConfigKeys (ConfUtils.java:logGet(43)) - raft.server.log.use.memory = false (default)
2019-09-19 12:09:51,461 [pool-27-thread-1] INFO  server.RaftServerConfigKeys (ConfUtils.java:logGet(43)) - raft.server.log.purge.gap = 1000000 (custom)
2019-09-19 12:09:51,461 [pool-27-thread-1] INFO  server.RaftServerConfigKeys (ConfUtils.java:logGet(43)) - raft.server.log.appender.buffer.byte-limit = 33554432 (custom)
2019-09-19 12:09:51,463 [pool-27-thread-1] INFO  server.RaftServerConfigKeys (ConfUtils.java:logGet(43)) - raft.server.log.segment.size.max = 1048576 (custom)
2019-09-19 12:09:51,468 [pool-27-thread-1] INFO  server.RaftServerConfigKeys (ConfUtils.java:logGet(43)) - raft.server.log.segment.cache.num.max = 2 (custom)
2019-09-19 12:09:51,474 [pool-27-thread-1] INFO  segmented.SegmentedRaftLogWorker (SegmentedRaftLogWorker.java:<init>(172)) - new c825e6de-820b-4b06-9ed0-c7da8c2503e7@group-683F9775C086-SegmentedRaftLogWorker for RaftStorage:Storage Directory /workdir/hadoop-ozone/integration-test/target/test-dir/MiniOzoneClusterImpl-41742b35-60e3-4bf6-81de-f25e83920b6f/datanode-0/data/ratis/89efb96b-79e7-4a60-a68d-683f9775c086
2019-09-19 12:09:51,475 [pool-27-thread-1] INFO  impl.MetricsSystemImpl (MetricsSystemImpl.java:init(158)) - ratis metrics system started (again)
2019-09-19 12:09:51,500 [IPC Server handler 13 on 42036] INFO  net.NetworkTopology (NetworkTopologyImpl.java:add(110)) - Added a new node: /default-rack/35717865-8144-46c5-963e-0895e96939ac
2019-09-19 12:09:51,500 [IPC Server handler 13 on 42036] INFO  node.SCMNodeManager (SCMNodeManager.java:register(266)) - Registered Data node : 35717865-8144-46c5-963e-0895e96939ac{ip: 192.168.157.252, host: pr-hdds-2153-8htts-3549596055, networkLocation: /default-rack, certSerialId: null}
2019-09-19 12:09:51,501 [main] INFO  ozone.MiniOzoneClusterImpl (MiniOzoneClusterImpl.java:lambda$waitForClusterToBeReady$0(140)) - Cluster is ready. Got 10 of 10 DN Heartbeats.
2019-09-19 12:09:51,531 [pool-27-thread-1] INFO  server.RaftServerConfigKeys (ConfUtils.java:logGet(43)) - raft.server.log.queue.byte-limit = 2147483647 (custom)
2019-09-19 12:09:51,532 [pool-27-thread-1] INFO  server.RaftServerConfigKeys (ConfUtils.java:logGet(43)) - raft.server.log.queue.element-limit = 1024 (custom)
2019-09-19 12:09:51,536 [pool-27-thread-1] INFO  server.RaftServerConfigKeys (ConfUtils.java:logGet(43)) - raft.server.log.segment.size.max = 1048576 (custom)
2019-09-19 12:09:51,537 [pool-27-thread-1] INFO  server.RaftServerConfigKeys (ConfUtils.java:logGet(43)) - raft.server.log.preallocated.size = 16384 (custom)
2019-09-19 12:09:51,537 [pool-27-thread-1] INFO  server.RaftServerConfigKeys (ConfUtils.java:logGet(43)) - raft.server.log.write.buffer.size = 33554432 (custom)
2019-09-19 12:09:51,538 [pool-27-thread-1] INFO  server.RaftServerConfigKeys (ConfUtils.java:logGet(43)) - raft.server.log.force.sync.num = 128 (default)
2019-09-19 12:09:51,539 [pool-27-thread-1] INFO  server.RaftServerConfigKeys (ConfUtils.java:logGet(43)) - raft.server.log.statemachine.data.sync = true (default)
2019-09-19 12:09:51,540 [pool-27-thread-1] INFO  server.RaftServerConfigKeys (ConfUtils.java:logGet(43)) - raft.server.log.statemachine.data.sync.timeout = 10s (default)
2019-09-19 12:09:51,540 [pool-27-thread-1] INFO  server.RaftServerConfigKeys (ConfUtils.java:logGet(43)) - raft.server.log.statemachine.data.sync.timeout.retry = -1 (default)
2019-09-19 12:09:51,560 [pool-27-thread-1] INFO  server.RaftServerConfigKeys (ConfUtils.java:logGet(43)) - raft.server.log.statemachine.data.caching.enabled = true (custom)
2019-09-19 12:09:51,568 [pool-27-thread-1] INFO  segmented.SegmentedRaftLogWorker (SegmentedRaftLogWorker.java:lambda$new$0(132)) - c825e6de-820b-4b06-9ed0-c7da8c2503e7@group-683F9775C086-SegmentedRaftLogWorker: flushIndex: setUnconditionally 0 -> -1
2019-09-19 12:09:51,576 [pool-27-thread-1] INFO  server.RaftServerConfigKeys (ConfUtils.java:logGet(43)) - raft.server.snapshot.auto.trigger.enabled = true (custom)
2019-09-19 12:09:51,578 [pool-27-thread-1] INFO  server.RaftServerConfigKeys (ConfUtils.java:logGet(43)) - raft.server.snapshot.auto.trigger.threshold = 10000 (custom)
2019-09-19 12:09:51,579 [pool-27-thread-1] INFO  server.RaftServerConfigKeys (ConfUtils.java:logGet(43)) - raft.server.snapshot.retention.num.files = -1 (default)
2019-09-19 12:09:51,580 [pool-27-thread-1] INFO  server.RaftServerConfigKeys (ConfUtils.java:logGet(43)) - raft.server.retrycache.expirytime = 600000ms (custom)
2019-09-19 12:09:51,621 [pool-27-thread-1] INFO  impl.RaftServerImpl (RaftServerImpl.java:start(185)) - c825e6de-820b-4b06-9ed0-c7da8c2503e7@group-683F9775C086: start as a follower, conf=-1: [c825e6de-820b-4b06-9ed0-c7da8c2503e7:192.168.157.252:34403], old=null
2019-09-19 12:09:51,622 [pool-27-thread-1] INFO  impl.RaftServerImpl (RaftServerImpl.java:setRole(174)) - c825e6de-820b-4b06-9ed0-c7da8c2503e7@group-683F9775C086: changes role from      null to FOLLOWER at term 0 for startAsFollower
2019-09-19 12:09:51,624 [pool-27-thread-1] INFO  impl.RoleInfo (RoleInfo.java:updateAndGet(143)) - c825e6de-820b-4b06-9ed0-c7da8c2503e7: start FollowerState
2019-09-19 12:09:51,626 [pool-27-thread-1] INFO  util.JmxRegister (JmxRegister.java:tryRegister(44)) - Successfully registered JMX Bean with object name Ratis:service=RaftServer,group=group-683F9775C086,id=c825e6de-820b-4b06-9ed0-c7da8c2503e7
2019-09-19 12:09:51,693 [RatisPipelineUtilsThread] INFO  pipeline.PipelineStateManager (PipelineStateManager.java:addPipeline(56)) - Created pipeline Pipeline[ Id: 89efb96b-79e7-4a60-a68d-683f9775c086, Nodes: c825e6de-820b-4b06-9ed0-c7da8c2503e7{ip: 192.168.157.252, host: pr-hdds-2153-8htts-3549596055, networkLocation: /default-rack, certSerialId: null}, Type:RATIS, Factor:ONE, State:OPEN]
2019-09-19 12:09:51,741 [grpc-default-executor-0] INFO  impl.RaftServerProxy (RaftServerProxy.java:addNew(89)) - 1b83d917-1d73-4cac-8d1d-dc3b4981903d: addNew group-227C1E695BB6:[1b83d917-1d73-4cac-8d1d-dc3b4981903d:192.168.157.252:34953] returns group-227C1E695BB6:java.util.concurrent.CompletableFuture@592a969[Not completed]
2019-09-19 12:09:51,812 [pool-107-thread-1] INFO  impl.RaftServerImpl (RaftServerImpl.java:<init>(95)) - 1b83d917-1d73-4cac-8d1d-dc3b4981903d: new RaftServerImpl for group-227C1E695BB6:[1b83d917-1d73-4cac-8d1d-dc3b4981903d:192.168.157.252:34953] with ContainerStateMachine:uninitialized
2019-09-19 12:09:51,817 [pool-107-thread-1] INFO  server.RaftServerConfigKeys (ConfUtils.java:logGet(43)) - raft.server.rpc.timeout.min = 1s (custom)
2019-09-19 12:09:51,817 [pool-107-thread-1] INFO  server.RaftServerConfigKeys (ConfUtils.java:logGet(43)) - raft.server.rpc.timeout.max = 1200ms (custom)
2019-09-19 12:09:51,817 [pool-107-thread-1] INFO  server.RaftServerConfigKeys (ConfUtils.java:logGet(43)) - raft.server.rpcslowness.timeout = 120s (custom)
2019-09-19 12:09:51,817 [pool-107-thread-1] INFO  server.RaftServerConfigKeys (ConfUtils.java:logGet(43)) - raft.server.sleep.deviation.threshold = 300 (default)
2019-09-19 12:09:51,817 [pool-107-thread-1] INFO  server.RaftServerConfigKeys (ConfUtils.java:logGet(43)) - raft.server.log.appender.install.snapshot.enabled = false (custom)
2019-09-19 12:09:51,817 [pool-107-thread-1] INFO  impl.RaftServerImpl (ServerState.java:<init>(103)) - 1b83d917-1d73-4cac-8d1d-dc3b4981903d@group-227C1E695BB6: ConfigurationManager, init=-1: [1b83d917-1d73-4cac-8d1d-dc3b4981903d:192.168.157.252:34953], old=null, confs=<EMPTY_MAP>
2019-09-19 12:09:51,817 [pool-107-thread-1] INFO  server.RaftServerConfigKeys (ConfUtils.java:logGet(43)) - raft.server.storage.dir = [/workdir/hadoop-ozone/integration-test/target/test-dir/MiniOzoneClusterImpl-41742b35-60e3-4bf6-81de-f25e83920b6f/datanode-8/data/ratis] (custom)
2019-09-19 12:09:51,818 [pool-107-thread-1] INFO  storage.RaftStorageDirectory (RaftStorageDirectory.java:analyzeStorage(246)) - The storage directory /workdir/hadoop-ozone/integration-test/target/test-dir/MiniOzoneClusterImpl-41742b35-60e3-4bf6-81de-f25e83920b6f/datanode-8/data/ratis/12a90300-9a72-467e-b777-227c1e695bb6 does not exist. Creating ...
2019-09-19 12:09:51,833 [pool-107-thread-1] INFO  storage.RaftStorageDirectory (RaftStorageDirectory.java:tryLock(328)) - Lock on /workdir/hadoop-ozone/integration-test/target/test-dir/MiniOzoneClusterImpl-41742b35-60e3-4bf6-81de-f25e83920b6f/datanode-8/data/ratis/12a90300-9a72-467e-b777-227c1e695bb6/in_use.lock acquired by nodename 3169@pr-hdds-2153-8htts-3549596055
2019-09-19 12:09:51,845 [pool-107-thread-1] INFO  storage.RaftStorage (RaftStorage.java:format(72)) - Storage directory /workdir/hadoop-ozone/integration-test/target/test-dir/MiniOzoneClusterImpl-41742b35-60e3-4bf6-81de-f25e83920b6f/datanode-8/data/ratis/12a90300-9a72-467e-b777-227c1e695bb6 has been successfully formatted.
2019-09-19 12:09:51,847 [pool-107-thread-1] INFO  ratis.ContainerStateMachine (ContainerStateMachine.java:loadSnapshot(230)) - group-227C1E695BB6: The snapshot info is null. Setting the last applied indexto:(t:0, i:~)
2019-09-19 12:09:51,849 [pool-107-thread-1] INFO  server.RaftServerConfigKeys (ConfUtils.java:logGet(43)) - raft.server.notification.no-leader.timeout = 120s (custom)
2019-09-19 12:09:51,849 [pool-107-thread-1] INFO  server.RaftServerConfigKeys (ConfUtils.java:logGet(43)) - raft.server.log.use.memory = false (default)
2019-09-19 12:09:51,849 [pool-107-thread-1] INFO  server.RaftServerConfigKeys (ConfUtils.java:logGet(43)) - raft.server.log.purge.gap = 1000000 (custom)
2019-09-19 12:09:51,849 [pool-107-thread-1] INFO  server.RaftServerConfigKeys (ConfUtils.java:logGet(43)) - raft.server.log.appender.buffer.byte-limit = 33554432 (custom)
2019-09-19 12:09:51,850 [pool-107-thread-1] INFO  server.RaftServerConfigKeys (ConfUtils.java:logGet(43)) - raft.server.log.segment.size.max = 1048576 (custom)
2019-09-19 12:09:51,850 [pool-107-thread-1] INFO  server.RaftServerConfigKeys (ConfUtils.java:logGet(43)) - raft.server.log.segment.cache.num.max = 2 (custom)
2019-09-19 12:09:51,850 [pool-107-thread-1] INFO  segmented.SegmentedRaftLogWorker (SegmentedRaftLogWorker.java:<init>(172)) - new 1b83d917-1d73-4cac-8d1d-dc3b4981903d@group-227C1E695BB6-SegmentedRaftLogWorker for RaftStorage:Storage Directory /workdir/hadoop-ozone/integration-test/target/test-dir/MiniOzoneClusterImpl-41742b35-60e3-4bf6-81de-f25e83920b6f/datanode-8/data/ratis/12a90300-9a72-467e-b777-227c1e695bb6
2019-09-19 12:09:51,856 [pool-107-thread-1] INFO  server.RaftServerConfigKeys (ConfUtils.java:logGet(43)) - raft.server.log.queue.byte-limit = 2147483647 (custom)
2019-09-19 12:09:51,856 [pool-107-thread-1] INFO  server.RaftServerConfigKeys (ConfUtils.java:logGet(43)) - raft.server.log.queue.element-limit = 1024 (custom)
2019-09-19 12:09:51,856 [pool-107-thread-1] INFO  server.RaftServerConfigKeys (ConfUtils.java:logGet(43)) - raft.server.log.segment.size.max = 1048576 (custom)
2019-09-19 12:09:51,856 [pool-107-thread-1] INFO  server.RaftServerConfigKeys (ConfUtils.java:logGet(43)) - raft.server.log.preallocated.size = 16384 (custom)
2019-09-19 12:09:51,856 [pool-107-thread-1] INFO  server.RaftServerConfigKeys (ConfUtils.java:logGet(43)) - raft.server.log.write.buffer.size = 33554432 (custom)
2019-09-19 12:09:51,856 [pool-107-thread-1] INFO  server.RaftServerConfigKeys (ConfUtils.java:logGet(43)) - raft.server.log.force.sync.num = 128 (default)
2019-09-19 12:09:51,856 [pool-107-thread-1] INFO  server.RaftServerConfigKeys (ConfUtils.java:logGet(43)) - raft.server.log.statemachine.data.sync = true (default)
2019-09-19 12:09:51,856 [pool-107-thread-1] INFO  server.RaftServerConfigKeys (ConfUtils.java:logGet(43)) - raft.server.log.statemachine.data.sync.timeout = 10s (default)
2019-09-19 12:09:51,857 [pool-107-thread-1] INFO  server.RaftServerConfigKeys (ConfUtils.java:logGet(43)) - raft.server.log.statemachine.data.sync.timeout.retry = -1 (default)
2019-09-19 12:09:51,857 [pool-107-thread-1] INFO  server.RaftServerConfigKeys (ConfUtils.java:logGet(43)) - raft.server.log.statemachine.data.caching.enabled = true (custom)
2019-09-19 12:09:51,857 [pool-107-thread-1] INFO  segmented.SegmentedRaftLogWorker (SegmentedRaftLogWorker.java:lambda$new$0(132)) - 1b83d917-1d73-4cac-8d1d-dc3b4981903d@group-227C1E695BB6-SegmentedRaftLogWorker: flushIndex: setUnconditionally 0 -> -1
2019-09-19 12:09:51,857 [pool-107-thread-1] INFO  server.RaftServerConfigKeys (ConfUtils.java:logGet(43)) - raft.server.snapshot.auto.trigger.enabled = true (custom)
2019-09-19 12:09:51,858 [pool-107-thread-1] INFO  server.RaftServerConfigKeys (ConfUtils.java:logGet(43)) - raft.server.snapshot.auto.trigger.threshold = 10000 (custom)
2019-09-19 12:09:51,858 [pool-107-thread-1] INFO  server.RaftServerConfigKeys (ConfUtils.java:logGet(43)) - raft.server.snapshot.retention.num.files = -1 (default)
2019-09-19 12:09:51,858 [pool-107-thread-1] INFO  server.RaftServerConfigKeys (ConfUtils.java:logGet(43)) - raft.server.retrycache.expirytime = 600000ms (custom)
2019-09-19 12:09:51,862 [pool-107-thread-1] INFO  impl.RaftServerImpl (RaftServerImpl.java:start(185)) - 1b83d917-1d73-4cac-8d1d-dc3b4981903d@group-227C1E695BB6: start as a follower, conf=-1: [1b83d917-1d73-4cac-8d1d-dc3b4981903d:192.168.157.252:34953], old=null
2019-09-19 12:09:51,862 [pool-107-thread-1] INFO  impl.RaftServerImpl (RaftServerImpl.java:setRole(174)) - 1b83d917-1d73-4cac-8d1d-dc3b4981903d@group-227C1E695BB6: changes role from      null to FOLLOWER at term 0 for startAsFollower
2019-09-19 12:09:51,862 [pool-107-thread-1] INFO  impl.RoleInfo (RoleInfo.java:updateAndGet(143)) - 1b83d917-1d73-4cac-8d1d-dc3b4981903d: start FollowerState
2019-09-19 12:09:51,864 [pool-107-thread-1] INFO  util.JmxRegister (JmxRegister.java:tryRegister(44)) - Successfully registered JMX Bean with object name Ratis:service=RaftServer,group=group-227C1E695BB6,id=1b83d917-1d73-4cac-8d1d-dc3b4981903d
2019-09-19 12:09:51,887 [RatisPipelineUtilsThread] INFO  pipeline.PipelineStateManager (PipelineStateManager.java:addPipeline(56)) - Created pipeline Pipeline[ Id: 12a90300-9a72-467e-b777-227c1e695bb6, Nodes: 1b83d917-1d73-4cac-8d1d-dc3b4981903d{ip: 192.168.157.252, host: pr-hdds-2153-8htts-3549596055, networkLocation: /default-rack, certSerialId: null}, Type:RATIS, Factor:ONE, State:OPEN]
2019-09-19 12:09:51,909 [grpc-default-executor-0] INFO  impl.RaftServerProxy (RaftServerProxy.java:addNew(89)) - 7c8a32d9-49ab-449b-8cc8-032a8828a8ac: addNew group-3F562E8F0E58:[7c8a32d9-49ab-449b-8cc8-032a8828a8ac:192.168.157.252:41017] returns group-3F562E8F0E58:java.util.concurrent.CompletableFuture@5659f4ce[Not completed]
2019-09-19 12:09:51,947 [pool-87-thread-1] INFO  impl.RaftServerImpl (RaftServerImpl.java:<init>(95)) - 7c8a32d9-49ab-449b-8cc8-032a8828a8ac: new RaftServerImpl for group-3F562E8F0E58:[7c8a32d9-49ab-449b-8cc8-032a8828a8ac:192.168.157.252:41017] with ContainerStateMachine:uninitialized
2019-09-19 12:09:51,947 [pool-87-thread-1] INFO  server.RaftServerConfigKeys (ConfUtils.java:logGet(43)) - raft.server.rpc.timeout.min = 1s (custom)
2019-09-19 12:09:51,947 [pool-87-thread-1] INFO  server.RaftServerConfigKeys (ConfUtils.java:logGet(43)) - raft.server.rpc.timeout.max = 1200ms (custom)
2019-09-19 12:09:51,947 [pool-87-thread-1] INFO  server.RaftServerConfigKeys (ConfUtils.java:logGet(43)) - raft.server.rpcslowness.timeout = 120s (custom)
2019-09-19 12:09:51,947 [pool-87-thread-1] INFO  server.RaftServerConfigKeys (ConfUtils.java:logGet(43)) - raft.server.sleep.deviation.threshold = 300 (default)
2019-09-19 12:09:51,947 [pool-87-thread-1] INFO  server.RaftServerConfigKeys (ConfUtils.java:logGet(43)) - raft.server.log.appender.install.snapshot.enabled = false (custom)
2019-09-19 12:09:51,948 [pool-87-thread-1] INFO  impl.RaftServerImpl (ServerState.java:<init>(103)) - 7c8a32d9-49ab-449b-8cc8-032a8828a8ac@group-3F562E8F0E58: ConfigurationManager, init=-1: [7c8a32d9-49ab-449b-8cc8-032a8828a8ac:192.168.157.252:41017], old=null, confs=<EMPTY_MAP>
2019-09-19 12:09:51,948 [pool-87-thread-1] INFO  server.RaftServerConfigKeys (ConfUtils.java:logGet(43)) - raft.server.storage.dir = [/workdir/hadoop-ozone/integration-test/target/test-dir/MiniOzoneClusterImpl-41742b35-60e3-4bf6-81de-f25e83920b6f/datanode-6/data/ratis] (custom)
2019-09-19 12:09:51,948 [pool-87-thread-1] INFO  storage.RaftStorageDirectory (RaftStorageDirectory.java:analyzeStorage(246)) - The storage directory /workdir/hadoop-ozone/integration-test/target/test-dir/MiniOzoneClusterImpl-41742b35-60e3-4bf6-81de-f25e83920b6f/datanode-6/data/ratis/0c17d2d1-6ddd-4ac0-b885-3f562e8f0e58 does not exist. Creating ...
2019-09-19 12:09:51,961 [pool-87-thread-1] INFO  storage.RaftStorageDirectory (RaftStorageDirectory.java:tryLock(328)) - Lock on /workdir/hadoop-ozone/integration-test/target/test-dir/MiniOzoneClusterImpl-41742b35-60e3-4bf6-81de-f25e83920b6f/datanode-6/data/ratis/0c17d2d1-6ddd-4ac0-b885-3f562e8f0e58/in_use.lock acquired by nodename 3169@pr-hdds-2153-8htts-3549596055
2019-09-19 12:09:51,974 [pool-87-thread-1] INFO  storage.RaftStorage (RaftStorage.java:format(72)) - Storage directory /workdir/hadoop-ozone/integration-test/target/test-dir/MiniOzoneClusterImpl-41742b35-60e3-4bf6-81de-f25e83920b6f/datanode-6/data/ratis/0c17d2d1-6ddd-4ac0-b885-3f562e8f0e58 has been successfully formatted.
2019-09-19 12:09:51,974 [pool-87-thread-1] INFO  ratis.ContainerStateMachine (ContainerStateMachine.java:loadSnapshot(230)) - group-3F562E8F0E58: The snapshot info is null. Setting the last applied indexto:(t:0, i:~)
2019-09-19 12:09:51,974 [pool-87-thread-1] INFO  server.RaftServerConfigKeys (ConfUtils.java:logGet(43)) - raft.server.notification.no-leader.timeout = 120s (custom)
2019-09-19 12:09:51,975 [pool-87-thread-1] INFO  server.RaftServerConfigKeys (ConfUtils.java:logGet(43)) - raft.server.log.use.memory = false (default)
2019-09-19 12:09:51,975 [pool-87-thread-1] INFO  server.RaftServerConfigKeys (ConfUtils.java:logGet(43)) - raft.server.log.purge.gap = 1000000 (custom)
2019-09-19 12:09:51,975 [pool-87-thread-1] INFO  server.RaftServerConfigKeys (ConfUtils.java:logGet(43)) - raft.server.log.appender.buffer.byte-limit = 33554432 (custom)
2019-09-19 12:09:51,975 [pool-87-thread-1] INFO  server.RaftServerConfigKeys (ConfUtils.java:logGet(43)) - raft.server.log.segment.size.max = 1048576 (custom)
2019-09-19 12:09:51,975 [pool-87-thread-1] INFO  server.RaftServerConfigKeys (ConfUtils.java:logGet(43)) - raft.server.log.segment.cache.num.max = 2 (custom)
2019-09-19 12:09:51,975 [pool-87-thread-1] INFO  segmented.SegmentedRaftLogWorker (SegmentedRaftLogWorker.java:<init>(172)) - new 7c8a32d9-49ab-449b-8cc8-032a8828a8ac@group-3F562E8F0E58-SegmentedRaftLogWorker for RaftStorage:Storage Directory /workdir/hadoop-ozone/integration-test/target/test-dir/MiniOzoneClusterImpl-41742b35-60e3-4bf6-81de-f25e83920b6f/datanode-6/data/ratis/0c17d2d1-6ddd-4ac0-b885-3f562e8f0e58
2019-09-19 12:09:52,011 [pool-87-thread-1] INFO  server.RaftServerConfigKeys (ConfUtils.java:logGet(43)) - raft.server.log.queue.byte-limit = 2147483647 (custom)
2019-09-19 12:09:52,011 [pool-87-thread-1] INFO  server.RaftServerConfigKeys (ConfUtils.java:logGet(43)) - raft.server.log.queue.element-limit = 1024 (custom)
2019-09-19 12:09:52,012 [pool-87-thread-1] INFO  server.RaftServerConfigKeys (ConfUtils.java:logGet(43)) - raft.server.log.segment.size.max = 1048576 (custom)
2019-09-19 12:09:52,012 [pool-87-thread-1] INFO  server.RaftServerConfigKeys (ConfUtils.java:logGet(43)) - raft.server.log.preallocated.size = 16384 (custom)
2019-09-19 12:09:52,012 [pool-87-thread-1] INFO  server.RaftServerConfigKeys (ConfUtils.java:logGet(43)) - raft.server.log.write.buffer.size = 33554432 (custom)
2019-09-19 12:09:52,012 [pool-87-thread-1] INFO  server.RaftServerConfigKeys (ConfUtils.java:logGet(43)) - raft.server.log.force.sync.num = 128 (default)
2019-09-19 12:09:52,012 [pool-87-thread-1] INFO  server.RaftServerConfigKeys (ConfUtils.java:logGet(43)) - raft.server.log.statemachine.data.sync = true (default)
2019-09-19 12:09:52,012 [pool-87-thread-1] INFO  server.RaftServerConfigKeys (ConfUtils.java:logGet(43)) - raft.server.log.statemachine.data.sync.timeout = 10s (default)
2019-09-19 12:09:52,012 [pool-87-thread-1] INFO  server.RaftServerConfigKeys (ConfUtils.java:logGet(43)) - raft.server.log.statemachine.data.sync.timeout.retry = -1 (default)
2019-09-19 12:09:52,013 [pool-87-thread-1] INFO  server.RaftServerConfigKeys (ConfUtils.java:logGet(43)) - raft.server.log.statemachine.data.caching.enabled = true (custom)
2019-09-19 12:09:52,013 [pool-87-thread-1] INFO  segmented.SegmentedRaftLogWorker (SegmentedRaftLogWorker.java:lambda$new$0(132)) - 7c8a32d9-49ab-449b-8cc8-032a8828a8ac@group-3F562E8F0E58-SegmentedRaftLogWorker: flushIndex: setUnconditionally 0 -> -1
2019-09-19 12:09:52,013 [pool-87-thread-1] INFO  server.RaftServerConfigKeys (ConfUtils.java:logGet(43)) - raft.server.snapshot.auto.trigger.enabled = true (custom)
2019-09-19 12:09:52,013 [pool-87-thread-1] INFO  server.RaftServerConfigKeys (ConfUtils.java:logGet(43)) - raft.server.snapshot.auto.trigger.threshold = 10000 (custom)
2019-09-19 12:09:52,013 [pool-87-thread-1] INFO  server.RaftServerConfigKeys (ConfUtils.java:logGet(43)) - raft.server.snapshot.retention.num.files = -1 (default)
2019-09-19 12:09:52,014 [pool-87-thread-1] INFO  server.RaftServerConfigKeys (ConfUtils.java:logGet(43)) - raft.server.retrycache.expirytime = 600000ms (custom)
2019-09-19 12:09:52,017 [pool-87-thread-1] INFO  impl.RaftServerImpl (RaftServerImpl.java:start(185)) - 7c8a32d9-49ab-449b-8cc8-032a8828a8ac@group-3F562E8F0E58: start as a follower, conf=-1: [7c8a32d9-49ab-449b-8cc8-032a8828a8ac:192.168.157.252:41017], old=null
2019-09-19 12:09:52,018 [pool-87-thread-1] INFO  impl.RaftServerImpl (RaftServerImpl.java:setRole(174)) - 7c8a32d9-49ab-449b-8cc8-032a8828a8ac@group-3F562E8F0E58: changes role from      null to FOLLOWER at term 0 for startAsFollower
2019-09-19 12:09:52,018 [pool-87-thread-1] INFO  impl.RoleInfo (RoleInfo.java:updateAndGet(143)) - 7c8a32d9-49ab-449b-8cc8-032a8828a8ac: start FollowerState
2019-09-19 12:09:52,018 [pool-87-thread-1] INFO  util.JmxRegister (JmxRegister.java:tryRegister(44)) - Successfully registered JMX Bean with object name Ratis:service=RaftServer,group=group-3F562E8F0E58,id=7c8a32d9-49ab-449b-8cc8-032a8828a8ac
2019-09-19 12:09:52,037 [RatisPipelineUtilsThread] INFO  pipeline.PipelineStateManager (PipelineStateManager.java:addPipeline(56)) - Created pipeline Pipeline[ Id: 0c17d2d1-6ddd-4ac0-b885-3f562e8f0e58, Nodes: 7c8a32d9-49ab-449b-8cc8-032a8828a8ac{ip: 192.168.157.252, host: pr-hdds-2153-8htts-3549596055, networkLocation: /default-rack, certSerialId: null}, Type:RATIS, Factor:ONE, State:OPEN]
2019-09-19 12:09:52,064 [grpc-default-executor-0] INFO  impl.RaftServerProxy (RaftServerProxy.java:addNew(89)) - 4736e737-07ca-4f6d-84d7-0ed6bd660367: addNew group-4414BCCDBD5C:[4736e737-07ca-4f6d-84d7-0ed6bd660367:192.168.157.252:43438] returns group-4414BCCDBD5C:java.util.concurrent.CompletableFuture@40d0311a[Not completed]
2019-09-19 12:09:52,072 [pool-47-thread-1] INFO  impl.RaftServerImpl (RaftServerImpl.java:<init>(95)) - 4736e737-07ca-4f6d-84d7-0ed6bd660367: new RaftServerImpl for group-4414BCCDBD5C:[4736e737-07ca-4f6d-84d7-0ed6bd660367:192.168.157.252:43438] with ContainerStateMachine:uninitialized
2019-09-19 12:09:52,072 [pool-47-thread-1] INFO  server.RaftServerConfigKeys (ConfUtils.java:logGet(43)) - raft.server.rpc.timeout.min = 1s (custom)
2019-09-19 12:09:52,072 [pool-47-thread-1] INFO  server.RaftServerConfigKeys (ConfUtils.java:logGet(43)) - raft.server.rpc.timeout.max = 1200ms (custom)
2019-09-19 12:09:52,072 [pool-47-thread-1] INFO  server.RaftServerConfigKeys (ConfUtils.java:logGet(43)) - raft.server.rpcslowness.timeout = 120s (custom)
2019-09-19 12:09:52,073 [pool-47-thread-1] INFO  server.RaftServerConfigKeys (ConfUtils.java:logGet(43)) - raft.server.sleep.deviation.threshold = 300 (default)
2019-09-19 12:09:52,073 [pool-47-thread-1] INFO  server.RaftServerConfigKeys (ConfUtils.java:logGet(43)) - raft.server.log.appender.install.snapshot.enabled = false (custom)
2019-09-19 12:09:52,073 [pool-47-thread-1] INFO  impl.RaftServerImpl (ServerState.java:<init>(103)) - 4736e737-07ca-4f6d-84d7-0ed6bd660367@group-4414BCCDBD5C: ConfigurationManager, init=-1: [4736e737-07ca-4f6d-84d7-0ed6bd660367:192.168.157.252:43438], old=null, confs=<EMPTY_MAP>
2019-09-19 12:09:52,073 [pool-47-thread-1] INFO  server.RaftServerConfigKeys (ConfUtils.java:logGet(43)) - raft.server.storage.dir = [/workdir/hadoop-ozone/integration-test/target/test-dir/MiniOzoneClusterImpl-41742b35-60e3-4bf6-81de-f25e83920b6f/datanode-2/data/ratis] (custom)
2019-09-19 12:09:52,074 [pool-47-thread-1] INFO  storage.RaftStorageDirectory (RaftStorageDirectory.java:analyzeStorage(246)) - The storage directory /workdir/hadoop-ozone/integration-test/target/test-dir/MiniOzoneClusterImpl-41742b35-60e3-4bf6-81de-f25e83920b6f/datanode-2/data/ratis/34b2993d-3f58-4207-b098-4414bccdbd5c does not exist. Creating ...
2019-09-19 12:09:52,088 [pool-47-thread-1] INFO  storage.RaftStorageDirectory (RaftStorageDirectory.java:tryLock(328)) - Lock on /workdir/hadoop-ozone/integration-test/target/test-dir/MiniOzoneClusterImpl-41742b35-60e3-4bf6-81de-f25e83920b6f/datanode-2/data/ratis/34b2993d-3f58-4207-b098-4414bccdbd5c/in_use.lock acquired by nodename 3169@pr-hdds-2153-8htts-3549596055
2019-09-19 12:09:52,102 [pool-47-thread-1] INFO  storage.RaftStorage (RaftStorage.java:format(72)) - Storage directory /workdir/hadoop-ozone/integration-test/target/test-dir/MiniOzoneClusterImpl-41742b35-60e3-4bf6-81de-f25e83920b6f/datanode-2/data/ratis/34b2993d-3f58-4207-b098-4414bccdbd5c has been successfully formatted.
2019-09-19 12:09:52,102 [pool-47-thread-1] INFO  ratis.ContainerStateMachine (ContainerStateMachine.java:loadSnapshot(230)) - group-4414BCCDBD5C: The snapshot info is null. Setting the last applied indexto:(t:0, i:~)
2019-09-19 12:09:52,102 [pool-47-thread-1] INFO  server.RaftServerConfigKeys (ConfUtils.java:logGet(43)) - raft.server.notification.no-leader.timeout = 120s (custom)
2019-09-19 12:09:52,102 [pool-47-thread-1] INFO  server.RaftServerConfigKeys (ConfUtils.java:logGet(43)) - raft.server.log.use.memory = false (default)
2019-09-19 12:09:52,102 [pool-47-thread-1] INFO  server.RaftServerConfigKeys (ConfUtils.java:logGet(43)) - raft.server.log.purge.gap = 1000000 (custom)
2019-09-19 12:09:52,103 [pool-47-thread-1] INFO  server.RaftServerConfigKeys (ConfUtils.java:logGet(43)) - raft.server.log.appender.buffer.byte-limit = 33554432 (custom)
2019-09-19 12:09:52,103 [pool-47-thread-1] INFO  server.RaftServerConfigKeys (ConfUtils.java:logGet(43)) - raft.server.log.segment.size.max = 1048576 (custom)
2019-09-19 12:09:52,103 [pool-47-thread-1] INFO  server.RaftServerConfigKeys (ConfUtils.java:logGet(43)) - raft.server.log.segment.cache.num.max = 2 (custom)
2019-09-19 12:09:52,103 [pool-47-thread-1] INFO  segmented.SegmentedRaftLogWorker (SegmentedRaftLogWorker.java:<init>(172)) - new 4736e737-07ca-4f6d-84d7-0ed6bd660367@group-4414BCCDBD5C-SegmentedRaftLogWorker for RaftStorage:Storage Directory /workdir/hadoop-ozone/integration-test/target/test-dir/MiniOzoneClusterImpl-41742b35-60e3-4bf6-81de-f25e83920b6f/datanode-2/data/ratis/34b2993d-3f58-4207-b098-4414bccdbd5c
2019-09-19 12:09:52,107 [pool-47-thread-1] INFO  server.RaftServerConfigKeys (ConfUtils.java:logGet(43)) - raft.server.log.queue.byte-limit = 2147483647 (custom)
2019-09-19 12:09:52,107 [pool-47-thread-1] INFO  server.RaftServerConfigKeys (ConfUtils.java:logGet(43)) - raft.server.log.queue.element-limit = 1024 (custom)
2019-09-19 12:09:52,107 [pool-47-thread-1] INFO  server.RaftServerConfigKeys (ConfUtils.java:logGet(43)) - raft.server.log.segment.size.max = 1048576 (custom)
2019-09-19 12:09:52,107 [pool-47-thread-1] INFO  server.RaftServerConfigKeys (ConfUtils.java:logGet(43)) - raft.server.log.preallocated.size = 16384 (custom)
2019-09-19 12:09:52,107 [pool-47-thread-1] INFO  server.RaftServerConfigKeys (ConfUtils.java:logGet(43)) - raft.server.log.write.buffer.size = 33554432 (custom)
2019-09-19 12:09:52,108 [pool-47-thread-1] INFO  server.RaftServerConfigKeys (ConfUtils.java:logGet(43)) - raft.server.log.force.sync.num = 128 (default)
2019-09-19 12:09:52,108 [pool-47-thread-1] INFO  server.RaftServerConfigKeys (ConfUtils.java:logGet(43)) - raft.server.log.statemachine.data.sync = true (default)
2019-09-19 12:09:52,108 [pool-47-thread-1] INFO  server.RaftServerConfigKeys (ConfUtils.java:logGet(43)) - raft.server.log.statemachine.data.sync.timeout = 10s (default)
2019-09-19 12:09:52,108 [pool-47-thread-1] INFO  server.RaftServerConfigKeys (ConfUtils.java:logGet(43)) - raft.server.log.statemachine.data.sync.timeout.retry = -1 (default)
2019-09-19 12:09:52,108 [pool-47-thread-1] INFO  server.RaftServerConfigKeys (ConfUtils.java:logGet(43)) - raft.server.log.statemachine.data.caching.enabled = true (custom)
2019-09-19 12:09:52,109 [pool-47-thread-1] INFO  segmented.SegmentedRaftLogWorker (SegmentedRaftLogWorker.java:lambda$new$0(132)) - 4736e737-07ca-4f6d-84d7-0ed6bd660367@group-4414BCCDBD5C-SegmentedRaftLogWorker: flushIndex: setUnconditionally 0 -> -1
2019-09-19 12:09:52,109 [pool-47-thread-1] INFO  server.RaftServerConfigKeys (ConfUtils.java:logGet(43)) - raft.server.snapshot.auto.trigger.enabled = true (custom)
2019-09-19 12:09:52,109 [pool-47-thread-1] INFO  server.RaftServerConfigKeys (ConfUtils.java:logGet(43)) - raft.server.snapshot.auto.trigger.threshold = 10000 (custom)
2019-09-19 12:09:52,109 [pool-47-thread-1] INFO  server.RaftServerConfigKeys (ConfUtils.java:logGet(43)) - raft.server.snapshot.retention.num.files = -1 (default)
2019-09-19 12:09:52,109 [pool-47-thread-1] INFO  server.RaftServerConfigKeys (ConfUtils.java:logGet(43)) - raft.server.retrycache.expirytime = 600000ms (custom)
2019-09-19 12:09:52,200 [pool-47-thread-1] INFO  impl.RaftServerImpl (RaftServerImpl.java:start(185)) - 4736e737-07ca-4f6d-84d7-0ed6bd660367@group-4414BCCDBD5C: start as a follower, conf=-1: [4736e737-07ca-4f6d-84d7-0ed6bd660367:192.168.157.252:43438], old=null
2019-09-19 12:09:52,200 [pool-47-thread-1] INFO  impl.RaftServerImpl (RaftServerImpl.java:setRole(174)) - 4736e737-07ca-4f6d-84d7-0ed6bd660367@group-4414BCCDBD5C: changes role from      null to FOLLOWER at term 0 for startAsFollower
2019-09-19 12:09:52,201 [pool-47-thread-1] INFO  impl.RoleInfo (RoleInfo.java:updateAndGet(143)) - 4736e737-07ca-4f6d-84d7-0ed6bd660367: start FollowerState
2019-09-19 12:09:52,201 [pool-47-thread-1] INFO  util.JmxRegister (JmxRegister.java:tryRegister(44)) - Successfully registered JMX Bean with object name Ratis:service=RaftServer,group=group-4414BCCDBD5C,id=4736e737-07ca-4f6d-84d7-0ed6bd660367
2019-09-19 12:09:52,249 [RatisPipelineUtilsThread] INFO  pipeline.PipelineStateManager (PipelineStateManager.java:addPipeline(56)) - Created pipeline Pipeline[ Id: 34b2993d-3f58-4207-b098-4414bccdbd5c, Nodes: 4736e737-07ca-4f6d-84d7-0ed6bd660367{ip: 192.168.157.252, host: pr-hdds-2153-8htts-3549596055, networkLocation: /default-rack, certSerialId: null}, Type:RATIS, Factor:ONE, State:OPEN]
2019-09-19 12:09:52,265 [grpc-default-executor-0] INFO  impl.RaftServerProxy (RaftServerProxy.java:addNew(89)) - 9ff75243-8f90-489e-ad4c-fbb8c473db2a: addNew group-D837D86DA98E:[9ff75243-8f90-489e-ad4c-fbb8c473db2a:192.168.157.252:45547] returns group-D837D86DA98E:java.util.concurrent.CompletableFuture@6987dd4f[Not completed]
2019-09-19 12:09:52,270 [pool-77-thread-1] INFO  impl.RaftServerImpl (RaftServerImpl.java:<init>(95)) - 9ff75243-8f90-489e-ad4c-fbb8c473db2a: new RaftServerImpl for group-D837D86DA98E:[9ff75243-8f90-489e-ad4c-fbb8c473db2a:192.168.157.252:45547] with ContainerStateMachine:uninitialized
2019-09-19 12:09:52,270 [pool-77-thread-1] INFO  server.RaftServerConfigKeys (ConfUtils.java:logGet(43)) - raft.server.rpc.timeout.min = 1s (custom)
2019-09-19 12:09:52,270 [pool-77-thread-1] INFO  server.RaftServerConfigKeys (ConfUtils.java:logGet(43)) - raft.server.rpc.timeout.max = 1200ms (custom)
2019-09-19 12:09:52,271 [pool-77-thread-1] INFO  server.RaftServerConfigKeys (ConfUtils.java:logGet(43)) - raft.server.rpcslowness.timeout = 120s (custom)
2019-09-19 12:09:52,271 [pool-77-thread-1] INFO  server.RaftServerConfigKeys (ConfUtils.java:logGet(43)) - raft.server.sleep.deviation.threshold = 300 (default)
2019-09-19 12:09:52,271 [pool-77-thread-1] INFO  server.RaftServerConfigKeys (ConfUtils.java:logGet(43)) - raft.server.log.appender.install.snapshot.enabled = false (custom)
2019-09-19 12:09:52,271 [pool-77-thread-1] INFO  impl.RaftServerImpl (ServerState.java:<init>(103)) - 9ff75243-8f90-489e-ad4c-fbb8c473db2a@group-D837D86DA98E: ConfigurationManager, init=-1: [9ff75243-8f90-489e-ad4c-fbb8c473db2a:192.168.157.252:45547], old=null, confs=<EMPTY_MAP>
2019-09-19 12:09:52,271 [pool-77-thread-1] INFO  server.RaftServerConfigKeys (ConfUtils.java:logGet(43)) - raft.server.storage.dir = [/workdir/hadoop-ozone/integration-test/target/test-dir/MiniOzoneClusterImpl-41742b35-60e3-4bf6-81de-f25e83920b6f/datanode-5/data/ratis] (custom)
2019-09-19 12:09:52,272 [pool-77-thread-1] INFO  storage.RaftStorageDirectory (RaftStorageDirectory.java:analyzeStorage(246)) - The storage directory /workdir/hadoop-ozone/integration-test/target/test-dir/MiniOzoneClusterImpl-41742b35-60e3-4bf6-81de-f25e83920b6f/datanode-5/data/ratis/c91589d0-513f-491c-a6b0-d837d86da98e does not exist. Creating ...
2019-09-19 12:09:52,285 [pool-77-thread-1] INFO  storage.RaftStorageDirectory (RaftStorageDirectory.java:tryLock(328)) - Lock on /workdir/hadoop-ozone/integration-test/target/test-dir/MiniOzoneClusterImpl-41742b35-60e3-4bf6-81de-f25e83920b6f/datanode-5/data/ratis/c91589d0-513f-491c-a6b0-d837d86da98e/in_use.lock acquired by nodename 3169@pr-hdds-2153-8htts-3549596055
2019-09-19 12:09:52,299 [pool-77-thread-1] INFO  storage.RaftStorage (RaftStorage.java:format(72)) - Storage directory /workdir/hadoop-ozone/integration-test/target/test-dir/MiniOzoneClusterImpl-41742b35-60e3-4bf6-81de-f25e83920b6f/datanode-5/data/ratis/c91589d0-513f-491c-a6b0-d837d86da98e has been successfully formatted.
2019-09-19 12:09:52,299 [pool-77-thread-1] INFO  ratis.ContainerStateMachine (ContainerStateMachine.java:loadSnapshot(230)) - group-D837D86DA98E: The snapshot info is null. Setting the last applied indexto:(t:0, i:~)
2019-09-19 12:09:52,299 [pool-77-thread-1] INFO  server.RaftServerConfigKeys (ConfUtils.java:logGet(43)) - raft.server.notification.no-leader.timeout = 120s (custom)
2019-09-19 12:09:52,299 [pool-77-thread-1] INFO  server.RaftServerConfigKeys (ConfUtils.java:logGet(43)) - raft.server.log.use.memory = false (default)
2019-09-19 12:09:52,299 [pool-77-thread-1] INFO  server.RaftServerConfigKeys (ConfUtils.java:logGet(43)) - raft.server.log.purge.gap = 1000000 (custom)
2019-09-19 12:09:52,299 [pool-77-thread-1] INFO  server.RaftServerConfigKeys (ConfUtils.java:logGet(43)) - raft.server.log.appender.buffer.byte-limit = 33554432 (custom)
2019-09-19 12:09:52,300 [pool-77-thread-1] INFO  server.RaftServerConfigKeys (ConfUtils.java:logGet(43)) - raft.server.log.segment.size.max = 1048576 (custom)
2019-09-19 12:09:52,300 [pool-77-thread-1] INFO  server.RaftServerConfigKeys (ConfUtils.java:logGet(43)) - raft.server.log.segment.cache.num.max = 2 (custom)
2019-09-19 12:09:52,300 [pool-77-thread-1] INFO  segmented.SegmentedRaftLogWorker (SegmentedRaftLogWorker.java:<init>(172)) - new 9ff75243-8f90-489e-ad4c-fbb8c473db2a@group-D837D86DA98E-SegmentedRaftLogWorker for RaftStorage:Storage Directory /workdir/hadoop-ozone/integration-test/target/test-dir/MiniOzoneClusterImpl-41742b35-60e3-4bf6-81de-f25e83920b6f/datanode-5/data/ratis/c91589d0-513f-491c-a6b0-d837d86da98e
2019-09-19 12:09:52,314 [pool-77-thread-1] INFO  server.RaftServerConfigKeys (ConfUtils.java:logGet(43)) - raft.server.log.queue.byte-limit = 2147483647 (custom)
2019-09-19 12:09:52,314 [pool-77-thread-1] INFO  server.RaftServerConfigKeys (ConfUtils.java:logGet(43)) - raft.server.log.queue.element-limit = 1024 (custom)
2019-09-19 12:09:52,314 [pool-77-thread-1] INFO  server.RaftServerConfigKeys (ConfUtils.java:logGet(43)) - raft.server.log.segment.size.max = 1048576 (custom)
2019-09-19 12:09:52,314 [pool-77-thread-1] INFO  server.RaftServerConfigKeys (ConfUtils.java:logGet(43)) - raft.server.log.preallocated.size = 16384 (custom)
2019-09-19 12:09:52,314 [pool-77-thread-1] INFO  server.RaftServerConfigKeys (ConfUtils.java:logGet(43)) - raft.server.log.write.buffer.size = 33554432 (custom)
2019-09-19 12:09:52,314 [pool-77-thread-1] INFO  server.RaftServerConfigKeys (ConfUtils.java:logGet(43)) - raft.server.log.force.sync.num = 128 (default)
2019-09-19 12:09:52,314 [pool-77-thread-1] INFO  server.RaftServerConfigKeys (ConfUtils.java:logGet(43)) - raft.server.log.statemachine.data.sync = true (default)
2019-09-19 12:09:52,315 [pool-77-thread-1] INFO  server.RaftServerConfigKeys (ConfUtils.java:logGet(43)) - raft.server.log.statemachine.data.sync.timeout = 10s (default)
2019-09-19 12:09:52,315 [pool-77-thread-1] INFO  server.RaftServerConfigKeys (ConfUtils.java:logGet(43)) - raft.server.log.statemachine.data.sync.timeout.retry = -1 (default)
2019-09-19 12:09:52,315 [pool-77-thread-1] INFO  server.RaftServerConfigKeys (ConfUtils.java:logGet(43)) - raft.server.log.statemachine.data.caching.enabled = true (custom)
2019-09-19 12:09:52,315 [pool-77-thread-1] INFO  segmented.SegmentedRaftLogWorker (SegmentedRaftLogWorker.java:lambda$new$0(132)) - 9ff75243-8f90-489e-ad4c-fbb8c473db2a@group-D837D86DA98E-SegmentedRaftLogWorker: flushIndex: setUnconditionally 0 -> -1
2019-09-19 12:09:52,316 [pool-77-thread-1] INFO  server.RaftServerConfigKeys (ConfUtils.java:logGet(43)) - raft.server.snapshot.auto.trigger.enabled = true (custom)
2019-09-19 12:09:52,316 [pool-77-thread-1] INFO  server.RaftServerConfigKeys (ConfUtils.java:logGet(43)) - raft.server.snapshot.auto.trigger.threshold = 10000 (custom)
2019-09-19 12:09:52,316 [pool-77-thread-1] INFO  server.RaftServerConfigKeys (ConfUtils.java:logGet(43)) - raft.server.snapshot.retention.num.files = -1 (default)
2019-09-19 12:09:52,316 [pool-77-thread-1] INFO  server.RaftServerConfigKeys (ConfUtils.java:logGet(43)) - raft.server.retrycache.expirytime = 600000ms (custom)
2019-09-19 12:09:52,319 [pool-77-thread-1] INFO  impl.RaftServerImpl (RaftServerImpl.java:start(185)) - 9ff75243-8f90-489e-ad4c-fbb8c473db2a@group-D837D86DA98E: start as a follower, conf=-1: [9ff75243-8f90-489e-ad4c-fbb8c473db2a:192.168.157.252:45547], old=null
2019-09-19 12:09:52,319 [pool-77-thread-1] INFO  impl.RaftServerImpl (RaftServerImpl.java:setRole(174)) - 9ff75243-8f90-489e-ad4c-fbb8c473db2a@group-D837D86DA98E: changes role from      null to FOLLOWER at term 0 for startAsFollower
2019-09-19 12:09:52,319 [pool-77-thread-1] INFO  impl.RoleInfo (RoleInfo.java:updateAndGet(143)) - 9ff75243-8f90-489e-ad4c-fbb8c473db2a: start FollowerState
2019-09-19 12:09:52,320 [pool-77-thread-1] INFO  util.JmxRegister (JmxRegister.java:tryRegister(44)) - Successfully registered JMX Bean with object name Ratis:service=RaftServer,group=group-D837D86DA98E,id=9ff75243-8f90-489e-ad4c-fbb8c473db2a
2019-09-19 12:09:52,339 [RatisPipelineUtilsThread] INFO  pipeline.PipelineStateManager (PipelineStateManager.java:addPipeline(56)) - Created pipeline Pipeline[ Id: c91589d0-513f-491c-a6b0-d837d86da98e, Nodes: 9ff75243-8f90-489e-ad4c-fbb8c473db2a{ip: 192.168.157.252, host: pr-hdds-2153-8htts-3549596055, networkLocation: /default-rack, certSerialId: null}, Type:RATIS, Factor:ONE, State:OPEN]
2019-09-19 12:09:52,357 [grpc-default-executor-0] INFO  impl.RaftServerProxy (RaftServerProxy.java:addNew(89)) - 587dad1b-1a08-4278-9ac1-e315232e0934: addNew group-50A9F9A9F427:[587dad1b-1a08-4278-9ac1-e315232e0934:192.168.157.252:39759] returns group-50A9F9A9F427:java.util.concurrent.CompletableFuture@4812a141[Not completed]
2019-09-19 12:09:52,364 [pool-67-thread-1] INFO  impl.RaftServerImpl (RaftServerImpl.java:<init>(95)) - 587dad1b-1a08-4278-9ac1-e315232e0934: new RaftServerImpl for group-50A9F9A9F427:[587dad1b-1a08-4278-9ac1-e315232e0934:192.168.157.252:39759] with ContainerStateMachine:uninitialized
2019-09-19 12:09:52,364 [pool-67-thread-1] INFO  server.RaftServerConfigKeys (ConfUtils.java:logGet(43)) - raft.server.rpc.timeout.min = 1s (custom)
2019-09-19 12:09:52,364 [pool-67-thread-1] INFO  server.RaftServerConfigKeys (ConfUtils.java:logGet(43)) - raft.server.rpc.timeout.max = 1200ms (custom)
2019-09-19 12:09:52,364 [pool-67-thread-1] INFO  server.RaftServerConfigKeys (ConfUtils.java:logGet(43)) - raft.server.rpcslowness.timeout = 120s (custom)
2019-09-19 12:09:52,364 [pool-67-thread-1] INFO  server.RaftServerConfigKeys (ConfUtils.java:logGet(43)) - raft.server.sleep.deviation.threshold = 300 (default)
2019-09-19 12:09:52,365 [pool-67-thread-1] INFO  server.RaftServerConfigKeys (ConfUtils.java:logGet(43)) - raft.server.log.appender.install.snapshot.enabled = false (custom)
2019-09-19 12:09:52,365 [pool-67-thread-1] INFO  impl.RaftServerImpl (ServerState.java:<init>(103)) - 587dad1b-1a08-4278-9ac1-e315232e0934@group-50A9F9A9F427: ConfigurationManager, init=-1: [587dad1b-1a08-4278-9ac1-e315232e0934:192.168.157.252:39759], old=null, confs=<EMPTY_MAP>
2019-09-19 12:09:52,365 [pool-67-thread-1] INFO  server.RaftServerConfigKeys (ConfUtils.java:logGet(43)) - raft.server.storage.dir = [/workdir/hadoop-ozone/integration-test/target/test-dir/MiniOzoneClusterImpl-41742b35-60e3-4bf6-81de-f25e83920b6f/datanode-4/data/ratis] (custom)
2019-09-19 12:09:52,365 [pool-67-thread-1] INFO  storage.RaftStorageDirectory (RaftStorageDirectory.java:analyzeStorage(246)) - The storage directory /workdir/hadoop-ozone/integration-test/target/test-dir/MiniOzoneClusterImpl-41742b35-60e3-4bf6-81de-f25e83920b6f/datanode-4/data/ratis/20d40328-64e7-4f08-b4d7-50a9f9a9f427 does not exist. Creating ...
2019-09-19 12:09:52,378 [pool-67-thread-1] INFO  storage.RaftStorageDirectory (RaftStorageDirectory.java:tryLock(328)) - Lock on /workdir/hadoop-ozone/integration-test/target/test-dir/MiniOzoneClusterImpl-41742b35-60e3-4bf6-81de-f25e83920b6f/datanode-4/data/ratis/20d40328-64e7-4f08-b4d7-50a9f9a9f427/in_use.lock acquired by nodename 3169@pr-hdds-2153-8htts-3549596055
2019-09-19 12:09:52,391 [pool-67-thread-1] INFO  storage.RaftStorage (RaftStorage.java:format(72)) - Storage directory /workdir/hadoop-ozone/integration-test/target/test-dir/MiniOzoneClusterImpl-41742b35-60e3-4bf6-81de-f25e83920b6f/datanode-4/data/ratis/20d40328-64e7-4f08-b4d7-50a9f9a9f427 has been successfully formatted.
2019-09-19 12:09:52,392 [pool-67-thread-1] INFO  ratis.ContainerStateMachine (ContainerStateMachine.java:loadSnapshot(230)) - group-50A9F9A9F427: The snapshot info is null. Setting the last applied indexto:(t:0, i:~)
2019-09-19 12:09:52,392 [pool-67-thread-1] INFO  server.RaftServerConfigKeys (ConfUtils.java:logGet(43)) - raft.server.notification.no-leader.timeout = 120s (custom)
2019-09-19 12:09:52,392 [pool-67-thread-1] INFO  server.RaftServerConfigKeys (ConfUtils.java:logGet(43)) - raft.server.log.use.memory = false (default)
2019-09-19 12:09:52,392 [pool-67-thread-1] INFO  server.RaftServerConfigKeys (ConfUtils.java:logGet(43)) - raft.server.log.purge.gap = 1000000 (custom)
2019-09-19 12:09:52,392 [pool-67-thread-1] INFO  server.RaftServerConfigKeys (ConfUtils.java:logGet(43)) - raft.server.log.appender.buffer.byte-limit = 33554432 (custom)
2019-09-19 12:09:52,392 [pool-67-thread-1] INFO  server.RaftServerConfigKeys (ConfUtils.java:logGet(43)) - raft.server.log.segment.size.max = 1048576 (custom)
2019-09-19 12:09:52,392 [pool-67-thread-1] INFO  server.RaftServerConfigKeys (ConfUtils.java:logGet(43)) - raft.server.log.segment.cache.num.max = 2 (custom)
2019-09-19 12:09:52,392 [pool-67-thread-1] INFO  segmented.SegmentedRaftLogWorker (SegmentedRaftLogWorker.java:<init>(172)) - new 587dad1b-1a08-4278-9ac1-e315232e0934@group-50A9F9A9F427-SegmentedRaftLogWorker for RaftStorage:Storage Directory /workdir/hadoop-ozone/integration-test/target/test-dir/MiniOzoneClusterImpl-41742b35-60e3-4bf6-81de-f25e83920b6f/datanode-4/data/ratis/20d40328-64e7-4f08-b4d7-50a9f9a9f427
2019-09-19 12:09:52,395 [pool-67-thread-1] INFO  server.RaftServerConfigKeys (ConfUtils.java:logGet(43)) - raft.server.log.queue.byte-limit = 2147483647 (custom)
2019-09-19 12:09:52,396 [pool-67-thread-1] INFO  server.RaftServerConfigKeys (ConfUtils.java:logGet(43)) - raft.server.log.queue.element-limit = 1024 (custom)
2019-09-19 12:09:52,396 [pool-67-thread-1] INFO  server.RaftServerConfigKeys (ConfUtils.java:logGet(43)) - raft.server.log.segment.size.max = 1048576 (custom)
2019-09-19 12:09:52,396 [pool-67-thread-1] INFO  server.RaftServerConfigKeys (ConfUtils.java:logGet(43)) - raft.server.log.preallocated.size = 16384 (custom)
2019-09-19 12:09:52,396 [pool-67-thread-1] INFO  server.RaftServerConfigKeys (ConfUtils.java:logGet(43)) - raft.server.log.write.buffer.size = 33554432 (custom)
2019-09-19 12:09:52,396 [pool-67-thread-1] INFO  server.RaftServerConfigKeys (ConfUtils.java:logGet(43)) - raft.server.log.force.sync.num = 128 (default)
2019-09-19 12:09:52,396 [pool-67-thread-1] INFO  server.RaftServerConfigKeys (ConfUtils.java:logGet(43)) - raft.server.log.statemachine.data.sync = true (default)
2019-09-19 12:09:52,396 [pool-67-thread-1] INFO  server.RaftServerConfigKeys (ConfUtils.java:logGet(43)) - raft.server.log.statemachine.data.sync.timeout = 10s (default)
2019-09-19 12:09:52,396 [pool-67-thread-1] INFO  server.RaftServerConfigKeys (ConfUtils.java:logGet(43)) - raft.server.log.statemachine.data.sync.timeout.retry = -1 (default)
2019-09-19 12:09:52,397 [pool-67-thread-1] INFO  server.RaftServerConfigKeys (ConfUtils.java:logGet(43)) - raft.server.log.statemachine.data.caching.enabled = true (custom)
2019-09-19 12:09:52,397 [pool-67-thread-1] INFO  segmented.SegmentedRaftLogWorker (SegmentedRaftLogWorker.java:lambda$new$0(132)) - 587dad1b-1a08-4278-9ac1-e315232e0934@group-50A9F9A9F427-SegmentedRaftLogWorker: flushIndex: setUnconditionally 0 -> -1
2019-09-19 12:09:52,397 [pool-67-thread-1] INFO  server.RaftServerConfigKeys (ConfUtils.java:logGet(43)) - raft.server.snapshot.auto.trigger.enabled = true (custom)
2019-09-19 12:09:52,397 [pool-67-thread-1] INFO  server.RaftServerConfigKeys (ConfUtils.java:logGet(43)) - raft.server.snapshot.auto.trigger.threshold = 10000 (custom)
2019-09-19 12:09:52,398 [pool-67-thread-1] INFO  server.RaftServerConfigKeys (ConfUtils.java:logGet(43)) - raft.server.snapshot.retention.num.files = -1 (default)
2019-09-19 12:09:52,398 [pool-67-thread-1] INFO  server.RaftServerConfigKeys (ConfUtils.java:logGet(43)) - raft.server.retrycache.expirytime = 600000ms (custom)
2019-09-19 12:09:52,440 [pool-67-thread-1] INFO  impl.RaftServerImpl (RaftServerImpl.java:start(185)) - 587dad1b-1a08-4278-9ac1-e315232e0934@group-50A9F9A9F427: start as a follower, conf=-1: [587dad1b-1a08-4278-9ac1-e315232e0934:192.168.157.252:39759], old=null
2019-09-19 12:09:52,441 [pool-67-thread-1] INFO  impl.RaftServerImpl (RaftServerImpl.java:setRole(174)) - 587dad1b-1a08-4278-9ac1-e315232e0934@group-50A9F9A9F427: changes role from      null to FOLLOWER at term 0 for startAsFollower
2019-09-19 12:09:52,442 [pool-67-thread-1] INFO  impl.RoleInfo (RoleInfo.java:updateAndGet(143)) - 587dad1b-1a08-4278-9ac1-e315232e0934: start FollowerState
2019-09-19 12:09:52,442 [pool-67-thread-1] INFO  util.JmxRegister (JmxRegister.java:tryRegister(44)) - Successfully registered JMX Bean with object name Ratis:service=RaftServer,group=group-50A9F9A9F427,id=587dad1b-1a08-4278-9ac1-e315232e0934
2019-09-19 12:09:52,455 [main] INFO  rpc.RpcClient (RpcClient.java:createVolume(301)) - Creating Volume: datanodefailurehandlingtest, with jenkins1000 as owner.
2019-09-19 12:09:52,460 [RatisPipelineUtilsThread] INFO  pipeline.PipelineStateManager (PipelineStateManager.java:addPipeline(56)) - Created pipeline Pipeline[ Id: 20d40328-64e7-4f08-b4d7-50a9f9a9f427, Nodes: 587dad1b-1a08-4278-9ac1-e315232e0934{ip: 192.168.157.252, host: pr-hdds-2153-8htts-3549596055, networkLocation: /default-rack, certSerialId: null}, Type:RATIS, Factor:ONE, State:OPEN]
2019-09-19 12:09:52,484 [grpc-default-executor-0] INFO  impl.RaftServerProxy (RaftServerProxy.java:addNew(89)) - a409f42d-bc3a-405f-bf07-8265a8a77aff: addNew group-0D1FBEF284BC:[a409f42d-bc3a-405f-bf07-8265a8a77aff:192.168.157.252:38022] returns group-0D1FBEF284BC:java.util.concurrent.CompletableFuture@d6fd578[Not completed]
2019-09-19 12:09:52,491 [pool-97-thread-1] INFO  impl.RaftServerImpl (RaftServerImpl.java:<init>(95)) - a409f42d-bc3a-405f-bf07-8265a8a77aff: new RaftServerImpl for group-0D1FBEF284BC:[a409f42d-bc3a-405f-bf07-8265a8a77aff:192.168.157.252:38022] with ContainerStateMachine:uninitialized
2019-09-19 12:09:52,492 [pool-97-thread-1] INFO  server.RaftServerConfigKeys (ConfUtils.java:logGet(43)) - raft.server.rpc.timeout.min = 1s (custom)
2019-09-19 12:09:52,492 [pool-97-thread-1] INFO  server.RaftServerConfigKeys (ConfUtils.java:logGet(43)) - raft.server.rpc.timeout.max = 1200ms (custom)
2019-09-19 12:09:52,492 [pool-97-thread-1] INFO  server.RaftServerConfigKeys (ConfUtils.java:logGet(43)) - raft.server.rpcslowness.timeout = 120s (custom)
2019-09-19 12:09:52,493 [pool-97-thread-1] INFO  server.RaftServerConfigKeys (ConfUtils.java:logGet(43)) - raft.server.sleep.deviation.threshold = 300 (default)
2019-09-19 12:09:52,493 [pool-97-thread-1] INFO  server.RaftServerConfigKeys (ConfUtils.java:logGet(43)) - raft.server.log.appender.install.snapshot.enabled = false (custom)
2019-09-19 12:09:52,493 [pool-97-thread-1] INFO  impl.RaftServerImpl (ServerState.java:<init>(103)) - a409f42d-bc3a-405f-bf07-8265a8a77aff@group-0D1FBEF284BC: ConfigurationManager, init=-1: [a409f42d-bc3a-405f-bf07-8265a8a77aff:192.168.157.252:38022], old=null, confs=<EMPTY_MAP>
2019-09-19 12:09:52,493 [pool-97-thread-1] INFO  server.RaftServerConfigKeys (ConfUtils.java:logGet(43)) - raft.server.storage.dir = [/workdir/hadoop-ozone/integration-test/target/test-dir/MiniOzoneClusterImpl-41742b35-60e3-4bf6-81de-f25e83920b6f/datanode-7/data/ratis] (custom)
2019-09-19 12:09:52,494 [pool-97-thread-1] INFO  storage.RaftStorageDirectory (RaftStorageDirectory.java:analyzeStorage(246)) - The storage directory /workdir/hadoop-ozone/integration-test/target/test-dir/MiniOzoneClusterImpl-41742b35-60e3-4bf6-81de-f25e83920b6f/datanode-7/data/ratis/275c5100-e66d-4353-a8d3-0d1fbef284bc does not exist. Creating ...
2019-09-19 12:09:52,507 [pool-97-thread-1] INFO  storage.RaftStorageDirectory (RaftStorageDirectory.java:tryLock(328)) - Lock on /workdir/hadoop-ozone/integration-test/target/test-dir/MiniOzoneClusterImpl-41742b35-60e3-4bf6-81de-f25e83920b6f/datanode-7/data/ratis/275c5100-e66d-4353-a8d3-0d1fbef284bc/in_use.lock acquired by nodename 3169@pr-hdds-2153-8htts-3549596055
2019-09-19 12:09:52,526 [pool-97-thread-1] INFO  storage.RaftStorage (RaftStorage.java:format(72)) - Storage directory /workdir/hadoop-ozone/integration-test/target/test-dir/MiniOzoneClusterImpl-41742b35-60e3-4bf6-81de-f25e83920b6f/datanode-7/data/ratis/275c5100-e66d-4353-a8d3-0d1fbef284bc has been successfully formatted.
2019-09-19 12:09:52,527 [pool-97-thread-1] INFO  ratis.ContainerStateMachine (ContainerStateMachine.java:loadSnapshot(230)) - group-0D1FBEF284BC: The snapshot info is null. Setting the last applied indexto:(t:0, i:~)
2019-09-19 12:09:52,527 [pool-97-thread-1] INFO  server.RaftServerConfigKeys (ConfUtils.java:logGet(43)) - raft.server.notification.no-leader.timeout = 120s (custom)
2019-09-19 12:09:52,527 [pool-97-thread-1] INFO  server.RaftServerConfigKeys (ConfUtils.java:logGet(43)) - raft.server.log.use.memory = false (default)
2019-09-19 12:09:52,530 [pool-97-thread-1] INFO  server.RaftServerConfigKeys (ConfUtils.java:logGet(43)) - raft.server.log.purge.gap = 1000000 (custom)
2019-09-19 12:09:52,530 [pool-97-thread-1] INFO  server.RaftServerConfigKeys (ConfUtils.java:logGet(43)) - raft.server.log.appender.buffer.byte-limit = 33554432 (custom)
2019-09-19 12:09:52,530 [pool-97-thread-1] INFO  server.RaftServerConfigKeys (ConfUtils.java:logGet(43)) - raft.server.log.segment.size.max = 1048576 (custom)
2019-09-19 12:09:52,530 [pool-97-thread-1] INFO  server.RaftServerConfigKeys (ConfUtils.java:logGet(43)) - raft.server.log.segment.cache.num.max = 2 (custom)
2019-09-19 12:09:52,530 [pool-97-thread-1] INFO  segmented.SegmentedRaftLogWorker (SegmentedRaftLogWorker.java:<init>(172)) - new a409f42d-bc3a-405f-bf07-8265a8a77aff@group-0D1FBEF284BC-SegmentedRaftLogWorker for RaftStorage:Storage Directory /workdir/hadoop-ozone/integration-test/target/test-dir/MiniOzoneClusterImpl-41742b35-60e3-4bf6-81de-f25e83920b6f/datanode-7/data/ratis/275c5100-e66d-4353-a8d3-0d1fbef284bc
2019-09-19 12:09:52,535 [pool-97-thread-1] INFO  server.RaftServerConfigKeys (ConfUtils.java:logGet(43)) - raft.server.log.queue.byte-limit = 2147483647 (custom)
2019-09-19 12:09:52,535 [pool-97-thread-1] INFO  server.RaftServerConfigKeys (ConfUtils.java:logGet(43)) - raft.server.log.queue.element-limit = 1024 (custom)
2019-09-19 12:09:52,535 [pool-97-thread-1] INFO  server.RaftServerConfigKeys (ConfUtils.java:logGet(43)) - raft.server.log.segment.size.max = 1048576 (custom)
2019-09-19 12:09:52,535 [pool-97-thread-1] INFO  server.RaftServerConfigKeys (ConfUtils.java:logGet(43)) - raft.server.log.preallocated.size = 16384 (custom)
2019-09-19 12:09:52,535 [pool-97-thread-1] INFO  server.RaftServerConfigKeys (ConfUtils.java:logGet(43)) - raft.server.log.write.buffer.size = 33554432 (custom)
2019-09-19 12:09:52,535 [pool-97-thread-1] INFO  server.RaftServerConfigKeys (ConfUtils.java:logGet(43)) - raft.server.log.force.sync.num = 128 (default)
2019-09-19 12:09:52,536 [pool-97-thread-1] INFO  server.RaftServerConfigKeys (ConfUtils.java:logGet(43)) - raft.server.log.statemachine.data.sync = true (default)
2019-09-19 12:09:52,536 [pool-97-thread-1] INFO  server.RaftServerConfigKeys (ConfUtils.java:logGet(43)) - raft.server.log.statemachine.data.sync.timeout = 10s (default)
2019-09-19 12:09:52,536 [pool-97-thread-1] INFO  server.RaftServerConfigKeys (ConfUtils.java:logGet(43)) - raft.server.log.statemachine.data.sync.timeout.retry = -1 (default)
2019-09-19 12:09:52,536 [pool-97-thread-1] INFO  server.RaftServerConfigKeys (ConfUtils.java:logGet(43)) - raft.server.log.statemachine.data.caching.enabled = true (custom)
2019-09-19 12:09:52,537 [pool-97-thread-1] INFO  segmented.SegmentedRaftLogWorker (SegmentedRaftLogWorker.java:lambda$new$0(132)) - a409f42d-bc3a-405f-bf07-8265a8a77aff@group-0D1FBEF284BC-SegmentedRaftLogWorker: flushIndex: setUnconditionally 0 -> -1
2019-09-19 12:09:52,537 [pool-97-thread-1] INFO  server.RaftServerConfigKeys (ConfUtils.java:logGet(43)) - raft.server.snapshot.auto.trigger.enabled = true (custom)
2019-09-19 12:09:52,537 [pool-97-thread-1] INFO  server.RaftServerConfigKeys (ConfUtils.java:logGet(43)) - raft.server.snapshot.auto.trigger.threshold = 10000 (custom)
2019-09-19 12:09:52,537 [pool-97-thread-1] INFO  server.RaftServerConfigKeys (ConfUtils.java:logGet(43)) - raft.server.snapshot.retention.num.files = -1 (default)
2019-09-19 12:09:52,537 [pool-97-thread-1] INFO  server.RaftServerConfigKeys (ConfUtils.java:logGet(43)) - raft.server.retrycache.expirytime = 600000ms (custom)
2019-09-19 12:09:52,540 [pool-97-thread-1] INFO  impl.RaftServerImpl (RaftServerImpl.java:start(185)) - a409f42d-bc3a-405f-bf07-8265a8a77aff@group-0D1FBEF284BC: start as a follower, conf=-1: [a409f42d-bc3a-405f-bf07-8265a8a77aff:192.168.157.252:38022], old=null
2019-09-19 12:09:52,541 [pool-97-thread-1] INFO  impl.RaftServerImpl (RaftServerImpl.java:setRole(174)) - a409f42d-bc3a-405f-bf07-8265a8a77aff@group-0D1FBEF284BC: changes role from      null to FOLLOWER at term 0 for startAsFollower
2019-09-19 12:09:52,541 [pool-97-thread-1] INFO  impl.RoleInfo (RoleInfo.java:updateAndGet(143)) - a409f42d-bc3a-405f-bf07-8265a8a77aff: start FollowerState
2019-09-19 12:09:52,541 [pool-97-thread-1] INFO  util.JmxRegister (JmxRegister.java:tryRegister(44)) - Successfully registered JMX Bean with object name Ratis:service=RaftServer,group=group-0D1FBEF284BC,id=a409f42d-bc3a-405f-bf07-8265a8a77aff
2019-09-19 12:09:52,584 [RatisPipelineUtilsThread] INFO  pipeline.PipelineStateManager (PipelineStateManager.java:addPipeline(56)) - Created pipeline Pipeline[ Id: 275c5100-e66d-4353-a8d3-0d1fbef284bc, Nodes: a409f42d-bc3a-405f-bf07-8265a8a77aff{ip: 192.168.157.252, host: pr-hdds-2153-8htts-3549596055, networkLocation: /default-rack, certSerialId: null}, Type:RATIS, Factor:ONE, State:OPEN]
2019-09-19 12:09:52,609 [grpc-default-executor-0] INFO  impl.RaftServerProxy (RaftServerProxy.java:addNew(89)) - 35717865-8144-46c5-963e-0895e96939ac: addNew group-4CB96557AA13:[35717865-8144-46c5-963e-0895e96939ac:192.168.157.252:34648] returns group-4CB96557AA13:java.util.concurrent.CompletableFuture@4371eec3[Not completed]
2019-09-19 12:09:52,616 [pool-117-thread-1] INFO  impl.RaftServerImpl (RaftServerImpl.java:<init>(95)) - 35717865-8144-46c5-963e-0895e96939ac: new RaftServerImpl for group-4CB96557AA13:[35717865-8144-46c5-963e-0895e96939ac:192.168.157.252:34648] with ContainerStateMachine:uninitialized
2019-09-19 12:09:52,617 [pool-117-thread-1] INFO  server.RaftServerConfigKeys (ConfUtils.java:logGet(43)) - raft.server.rpc.timeout.min = 1s (custom)
2019-09-19 12:09:52,617 [pool-117-thread-1] INFO  server.RaftServerConfigKeys (ConfUtils.java:logGet(43)) - raft.server.rpc.timeout.max = 1200ms (custom)
2019-09-19 12:09:52,617 [pool-117-thread-1] INFO  server.RaftServerConfigKeys (ConfUtils.java:logGet(43)) - raft.server.rpcslowness.timeout = 120s (custom)
2019-09-19 12:09:52,617 [pool-117-thread-1] INFO  server.RaftServerConfigKeys (ConfUtils.java:logGet(43)) - raft.server.sleep.deviation.threshold = 300 (default)
2019-09-19 12:09:52,617 [pool-117-thread-1] INFO  server.RaftServerConfigKeys (ConfUtils.java:logGet(43)) - raft.server.log.appender.install.snapshot.enabled = false (custom)
2019-09-19 12:09:52,618 [pool-117-thread-1] INFO  impl.RaftServerImpl (ServerState.java:<init>(103)) - 35717865-8144-46c5-963e-0895e96939ac@group-4CB96557AA13: ConfigurationManager, init=-1: [35717865-8144-46c5-963e-0895e96939ac:192.168.157.252:34648], old=null, confs=<EMPTY_MAP>
2019-09-19 12:09:52,618 [pool-117-thread-1] INFO  server.RaftServerConfigKeys (ConfUtils.java:logGet(43)) - raft.server.storage.dir = [/workdir/hadoop-ozone/integration-test/target/test-dir/MiniOzoneClusterImpl-41742b35-60e3-4bf6-81de-f25e83920b6f/datanode-9/data/ratis] (custom)
2019-09-19 12:09:52,618 [pool-117-thread-1] INFO  storage.RaftStorageDirectory (RaftStorageDirectory.java:analyzeStorage(246)) - The storage directory /workdir/hadoop-ozone/integration-test/target/test-dir/MiniOzoneClusterImpl-41742b35-60e3-4bf6-81de-f25e83920b6f/datanode-9/data/ratis/4acbe0ce-4c92-43e8-a96f-4cb96557aa13 does not exist. Creating ...
2019-09-19 12:09:52,629 [Thread-285] INFO  impl.FollowerState (FollowerState.java:run(106)) - c825e6de-820b-4b06-9ed0-c7da8c2503e7:group-683F9775C086 changes to CANDIDATE, lastRpcTime:1006, electionTimeout:1005ms
2019-09-19 12:09:52,633 [pool-117-thread-1] INFO  storage.RaftStorageDirectory (RaftStorageDirectory.java:tryLock(328)) - Lock on /workdir/hadoop-ozone/integration-test/target/test-dir/MiniOzoneClusterImpl-41742b35-60e3-4bf6-81de-f25e83920b6f/datanode-9/data/ratis/4acbe0ce-4c92-43e8-a96f-4cb96557aa13/in_use.lock acquired by nodename 3169@pr-hdds-2153-8htts-3549596055
2019-09-19 12:09:52,634 [Thread-285] INFO  impl.RoleInfo (RoleInfo.java:shutdownFollowerState(121)) - c825e6de-820b-4b06-9ed0-c7da8c2503e7: shutdown FollowerState
2019-09-19 12:09:52,634 [Thread-285] INFO  impl.RaftServerImpl (RaftServerImpl.java:setRole(174)) - c825e6de-820b-4b06-9ed0-c7da8c2503e7@group-683F9775C086: changes role from  FOLLOWER to CANDIDATE at term 0 for changeToCandidate
2019-09-19 12:09:52,642 [Thread-285] INFO  impl.RoleInfo (RoleInfo.java:updateAndGet(143)) - c825e6de-820b-4b06-9ed0-c7da8c2503e7: start LeaderElection
2019-09-19 12:09:52,648 [pool-117-thread-1] INFO  storage.RaftStorage (RaftStorage.java:format(72)) - Storage directory /workdir/hadoop-ozone/integration-test/target/test-dir/MiniOzoneClusterImpl-41742b35-60e3-4bf6-81de-f25e83920b6f/datanode-9/data/ratis/4acbe0ce-4c92-43e8-a96f-4cb96557aa13 has been successfully formatted.
2019-09-19 12:09:52,649 [pool-117-thread-1] INFO  ratis.ContainerStateMachine (ContainerStateMachine.java:loadSnapshot(230)) - group-4CB96557AA13: The snapshot info is null. Setting the last applied indexto:(t:0, i:~)
2019-09-19 12:09:52,649 [pool-117-thread-1] INFO  server.RaftServerConfigKeys (ConfUtils.java:logGet(43)) - raft.server.notification.no-leader.timeout = 120s (custom)
2019-09-19 12:09:52,649 [pool-117-thread-1] INFO  server.RaftServerConfigKeys (ConfUtils.java:logGet(43)) - raft.server.log.use.memory = false (default)
2019-09-19 12:09:52,649 [pool-117-thread-1] INFO  server.RaftServerConfigKeys (ConfUtils.java:logGet(43)) - raft.server.log.purge.gap = 1000000 (custom)
2019-09-19 12:09:52,649 [pool-117-thread-1] INFO  server.RaftServerConfigKeys (ConfUtils.java:logGet(43)) - raft.server.log.appender.buffer.byte-limit = 33554432 (custom)
2019-09-19 12:09:52,649 [pool-117-thread-1] INFO  server.RaftServerConfigKeys (ConfUtils.java:logGet(43)) - raft.server.log.segment.size.max = 1048576 (custom)
2019-09-19 12:09:52,650 [pool-117-thread-1] INFO  server.RaftServerConfigKeys (ConfUtils.java:logGet(43)) - raft.server.log.segment.cache.num.max = 2 (custom)
2019-09-19 12:09:52,650 [pool-117-thread-1] INFO  segmented.SegmentedRaftLogWorker (SegmentedRaftLogWorker.java:<init>(172)) - new 35717865-8144-46c5-963e-0895e96939ac@group-4CB96557AA13-SegmentedRaftLogWorker for RaftStorage:Storage Directory /workdir/hadoop-ozone/integration-test/target/test-dir/MiniOzoneClusterImpl-41742b35-60e3-4bf6-81de-f25e83920b6f/datanode-9/data/ratis/4acbe0ce-4c92-43e8-a96f-4cb96557aa13
2019-09-19 12:09:52,653 [pool-117-thread-1] INFO  server.RaftServerConfigKeys (ConfUtils.java:logGet(43)) - raft.server.log.queue.byte-limit = 2147483647 (custom)
2019-09-19 12:09:52,653 [pool-117-thread-1] INFO  server.RaftServerConfigKeys (ConfUtils.java:logGet(43)) - raft.server.log.queue.element-limit = 1024 (custom)
2019-09-19 12:09:52,653 [pool-117-thread-1] INFO  server.RaftServerConfigKeys (ConfUtils.java:logGet(43)) - raft.server.log.segment.size.max = 1048576 (custom)
2019-09-19 12:09:52,653 [pool-117-thread-1] INFO  server.RaftServerConfigKeys (ConfUtils.java:logGet(43)) - raft.server.log.preallocated.size = 16384 (custom)
2019-09-19 12:09:52,653 [pool-117-thread-1] INFO  server.RaftServerConfigKeys (ConfUtils.java:logGet(43)) - raft.server.log.write.buffer.size = 33554432 (custom)
2019-09-19 12:09:52,654 [pool-117-thread-1] INFO  server.RaftServerConfigKeys (ConfUtils.java:logGet(43)) - raft.server.log.force.sync.num = 128 (default)
2019-09-19 12:09:52,654 [pool-117-thread-1] INFO  server.RaftServerConfigKeys (ConfUtils.java:logGet(43)) - raft.server.log.statemachine.data.sync = true (default)
2019-09-19 12:09:52,654 [pool-117-thread-1] INFO  server.RaftServerConfigKeys (ConfUtils.java:logGet(43)) - raft.server.log.statemachine.data.sync.timeout = 10s (default)
2019-09-19 12:09:52,654 [pool-117-thread-1] INFO  server.RaftServerConfigKeys (ConfUtils.java:logGet(43)) - raft.server.log.statemachine.data.sync.timeout.retry = -1 (default)
2019-09-19 12:09:52,654 [pool-117-thread-1] INFO  server.RaftServerConfigKeys (ConfUtils.java:logGet(43)) - raft.server.log.statemachine.data.caching.enabled = true (custom)
2019-09-19 12:09:52,655 [pool-117-thread-1] INFO  segmented.SegmentedRaftLogWorker (SegmentedRaftLogWorker.java:lambda$new$0(132)) - 35717865-8144-46c5-963e-0895e96939ac@group-4CB96557AA13-SegmentedRaftLogWorker: flushIndex: setUnconditionally 0 -> -1
2019-09-19 12:09:52,655 [pool-117-thread-1] INFO  server.RaftServerConfigKeys (ConfUtils.java:logGet(43)) - raft.server.snapshot.auto.trigger.enabled = true (custom)
2019-09-19 12:09:52,655 [pool-117-thread-1] INFO  server.RaftServerConfigKeys (ConfUtils.java:logGet(43)) - raft.server.snapshot.auto.trigger.threshold = 10000 (custom)
2019-09-19 12:09:52,655 [pool-117-thread-1] INFO  server.RaftServerConfigKeys (ConfUtils.java:logGet(43)) - raft.server.snapshot.retention.num.files = -1 (default)
2019-09-19 12:09:52,656 [pool-117-thread-1] INFO  server.RaftServerConfigKeys (ConfUtils.java:logGet(43)) - raft.server.retrycache.expirytime = 600000ms (custom)
2019-09-19 12:09:52,658 [pool-117-thread-1] INFO  impl.RaftServerImpl (RaftServerImpl.java:start(185)) - 35717865-8144-46c5-963e-0895e96939ac@group-4CB96557AA13: start as a follower, conf=-1: [35717865-8144-46c5-963e-0895e96939ac:192.168.157.252:34648], old=null
2019-09-19 12:09:52,658 [pool-117-thread-1] INFO  impl.RaftServerImpl (RaftServerImpl.java:setRole(174)) - 35717865-8144-46c5-963e-0895e96939ac@group-4CB96557AA13: changes role from      null to FOLLOWER at term 0 for startAsFollower
2019-09-19 12:09:52,659 [pool-117-thread-1] INFO  impl.RoleInfo (RoleInfo.java:updateAndGet(143)) - 35717865-8144-46c5-963e-0895e96939ac: start FollowerState
2019-09-19 12:09:52,659 [pool-117-thread-1] INFO  util.JmxRegister (JmxRegister.java:tryRegister(44)) - Successfully registered JMX Bean with object name Ratis:service=RaftServer,group=group-4CB96557AA13,id=35717865-8144-46c5-963e-0895e96939ac
2019-09-19 12:09:52,663 [c825e6de-820b-4b06-9ed0-c7da8c2503e7@group-683F9775C086:LeaderElection1] INFO  impl.LeaderElection (LeaderElection.java:askForVotes(182)) - c825e6de-820b-4b06-9ed0-c7da8c2503e7@group-683F9775C086:LeaderElection1: begin an election at term 1 for -1: [c825e6de-820b-4b06-9ed0-c7da8c2503e7:192.168.157.252:34403], old=null
2019-09-19 12:09:52,668 [c825e6de-820b-4b06-9ed0-c7da8c2503e7@group-683F9775C086:LeaderElection1] INFO  impl.RoleInfo (RoleInfo.java:shutdownLeaderElection(134)) - c825e6de-820b-4b06-9ed0-c7da8c2503e7: shutdown LeaderElection
2019-09-19 12:09:52,672 [c825e6de-820b-4b06-9ed0-c7da8c2503e7@group-683F9775C086:LeaderElection1] INFO  impl.RaftServerImpl (RaftServerImpl.java:setRole(174)) - c825e6de-820b-4b06-9ed0-c7da8c2503e7@group-683F9775C086: changes role from CANDIDATE to LEADER at term 1 for changeToLeader
2019-09-19 12:09:52,672 [c825e6de-820b-4b06-9ed0-c7da8c2503e7@group-683F9775C086:LeaderElection1] INFO  impl.RaftServerImpl (ServerState.java:setLeader(253)) - c825e6de-820b-4b06-9ed0-c7da8c2503e7@group-683F9775C086: change Leader from null to c825e6de-820b-4b06-9ed0-c7da8c2503e7 at term 1 for becomeLeader, leader elected after 1219ms
2019-09-19 12:09:52,672 [RatisPipelineUtilsThread] INFO  pipeline.PipelineStateManager (PipelineStateManager.java:addPipeline(56)) - Created pipeline Pipeline[ Id: 4acbe0ce-4c92-43e8-a96f-4cb96557aa13, Nodes: 35717865-8144-46c5-963e-0895e96939ac{ip: 192.168.157.252, host: pr-hdds-2153-8htts-3549596055, networkLocation: /default-rack, certSerialId: null}, Type:RATIS, Factor:ONE, State:OPEN]
2019-09-19 12:09:52,683 [c825e6de-820b-4b06-9ed0-c7da8c2503e7@group-683F9775C086:LeaderElection1] INFO  server.RaftServerConfigKeys (ConfUtils.java:logGet(43)) - raft.server.staging.catchup.gap = 1000 (default)
2019-09-19 12:09:52,684 [c825e6de-820b-4b06-9ed0-c7da8c2503e7@group-683F9775C086:LeaderElection1] INFO  server.RaftServerConfigKeys (ConfUtils.java:logGet(43)) - raft.server.rpc.sleep.time = 25ms (default)
2019-09-19 12:09:52,688 [c825e6de-820b-4b06-9ed0-c7da8c2503e7@group-683F9775C086:LeaderElection1] INFO  server.RaftServerConfigKeys (ConfUtils.java:logGet(43)) - raft.server.write.element-limit = 4096 (default)
2019-09-19 12:09:52,690 [grpc-default-executor-0] INFO  impl.RaftServerProxy (RaftServerProxy.java:addNew(89)) - 03555e6f-e7ac-4c8b-ad84-7222370bb52c: addNew group-0AEF56DAE9E9:[03555e6f-e7ac-4c8b-ad84-7222370bb52c:192.168.157.252:33098] returns group-0AEF56DAE9E9:java.util.concurrent.CompletableFuture@601b850b[Not completed]
2019-09-19 12:09:52,704 [pool-37-thread-1] INFO  impl.RaftServerImpl (RaftServerImpl.java:<init>(95)) - 03555e6f-e7ac-4c8b-ad84-7222370bb52c: new RaftServerImpl for group-0AEF56DAE9E9:[03555e6f-e7ac-4c8b-ad84-7222370bb52c:192.168.157.252:33098] with ContainerStateMachine:uninitialized
2019-09-19 12:09:52,706 [pool-37-thread-1] INFO  server.RaftServerConfigKeys (ConfUtils.java:logGet(43)) - raft.server.rpc.timeout.min = 1s (custom)
2019-09-19 12:09:52,706 [pool-37-thread-1] INFO  server.RaftServerConfigKeys (ConfUtils.java:logGet(43)) - raft.server.rpc.timeout.max = 1200ms (custom)
2019-09-19 12:09:52,706 [IPC Server handler 11 on 35099] INFO  volume.OMVolumeCreateRequest (OMVolumeCreateRequest.java:validateAndUpdateCache(189)) - created volume:datanodefailurehandlingtest for user:jenkins1000
2019-09-19 12:09:52,706 [pool-37-thread-1] INFO  server.RaftServerConfigKeys (ConfUtils.java:logGet(43)) - raft.server.rpcslowness.timeout = 120s (custom)
2019-09-19 12:09:52,706 [c825e6de-820b-4b06-9ed0-c7da8c2503e7@group-683F9775C086:LeaderElection1] INFO  server.RaftServerConfigKeys (ConfUtils.java:logGet(43)) - raft.server.watch.timeout = 10s (default)
2019-09-19 12:09:52,709 [pool-37-thread-1] INFO  server.RaftServerConfigKeys (ConfUtils.java:logGet(43)) - raft.server.sleep.deviation.threshold = 300 (default)
2019-09-19 12:09:52,709 [c825e6de-820b-4b06-9ed0-c7da8c2503e7@group-683F9775C086:LeaderElection1] INFO  server.RaftServerConfigKeys (ConfUtils.java:logGet(43)) - raft.server.watch.timeout.denomination = 1s (default)
2019-09-19 12:09:52,709 [pool-37-thread-1] INFO  server.RaftServerConfigKeys (ConfUtils.java:logGet(43)) - raft.server.log.appender.install.snapshot.enabled = false (custom)
2019-09-19 12:09:52,710 [pool-37-thread-1] INFO  impl.RaftServerImpl (ServerState.java:<init>(103)) - 03555e6f-e7ac-4c8b-ad84-7222370bb52c@group-0AEF56DAE9E9: ConfigurationManager, init=-1: [03555e6f-e7ac-4c8b-ad84-7222370bb52c:192.168.157.252:33098], old=null, confs=<EMPTY_MAP>
2019-09-19 12:09:52,710 [pool-37-thread-1] INFO  server.RaftServerConfigKeys (ConfUtils.java:logGet(43)) - raft.server.storage.dir = [/workdir/hadoop-ozone/integration-test/target/test-dir/MiniOzoneClusterImpl-41742b35-60e3-4bf6-81de-f25e83920b6f/datanode-1/data/ratis] (custom)
2019-09-19 12:09:52,710 [pool-37-thread-1] INFO  storage.RaftStorageDirectory (RaftStorageDirectory.java:analyzeStorage(246)) - The storage directory /workdir/hadoop-ozone/integration-test/target/test-dir/MiniOzoneClusterImpl-41742b35-60e3-4bf6-81de-f25e83920b6f/datanode-1/data/ratis/3a70cc70-ea6d-4720-82fb-0aef56dae9e9 does not exist. Creating ...
2019-09-19 12:09:52,710 [c825e6de-820b-4b06-9ed0-c7da8c2503e7@group-683F9775C086:LeaderElection1] INFO  server.RaftServerConfigKeys (ConfUtils.java:logGet(43)) - raft.server.watch.element-limit = 65536 (default)
2019-09-19 12:09:52,724 [pool-37-thread-1] INFO  storage.RaftStorageDirectory (RaftStorageDirectory.java:tryLock(328)) - Lock on /workdir/hadoop-ozone/integration-test/target/test-dir/MiniOzoneClusterImpl-41742b35-60e3-4bf6-81de-f25e83920b6f/datanode-1/data/ratis/3a70cc70-ea6d-4720-82fb-0aef56dae9e9/in_use.lock acquired by nodename 3169@pr-hdds-2153-8htts-3549596055
2019-09-19 12:09:52,737 [pool-37-thread-1] INFO  storage.RaftStorage (RaftStorage.java:format(72)) - Storage directory /workdir/hadoop-ozone/integration-test/target/test-dir/MiniOzoneClusterImpl-41742b35-60e3-4bf6-81de-f25e83920b6f/datanode-1/data/ratis/3a70cc70-ea6d-4720-82fb-0aef56dae9e9 has been successfully formatted.
2019-09-19 12:09:52,737 [pool-37-thread-1] INFO  ratis.ContainerStateMachine (ContainerStateMachine.java:loadSnapshot(230)) - group-0AEF56DAE9E9: The snapshot info is null. Setting the last applied indexto:(t:0, i:~)
2019-09-19 12:09:52,737 [pool-37-thread-1] INFO  server.RaftServerConfigKeys (ConfUtils.java:logGet(43)) - raft.server.notification.no-leader.timeout = 120s (custom)
2019-09-19 12:09:52,737 [pool-37-thread-1] INFO  server.RaftServerConfigKeys (ConfUtils.java:logGet(43)) - raft.server.log.use.memory = false (default)
2019-09-19 12:09:52,738 [pool-37-thread-1] INFO  server.RaftServerConfigKeys (ConfUtils.java:logGet(43)) - raft.server.log.purge.gap = 1000000 (custom)
2019-09-19 12:09:52,738 [pool-37-thread-1] INFO  server.RaftServerConfigKeys (ConfUtils.java:logGet(43)) - raft.server.log.appender.buffer.byte-limit = 33554432 (custom)
2019-09-19 12:09:52,738 [pool-37-thread-1] INFO  server.RaftServerConfigKeys (ConfUtils.java:logGet(43)) - raft.server.log.segment.size.max = 1048576 (custom)
2019-09-19 12:09:52,738 [pool-37-thread-1] INFO  server.RaftServerConfigKeys (ConfUtils.java:logGet(43)) - raft.server.log.segment.cache.num.max = 2 (custom)
2019-09-19 12:09:52,738 [pool-37-thread-1] INFO  segmented.SegmentedRaftLogWorker (SegmentedRaftLogWorker.java:<init>(172)) - new 03555e6f-e7ac-4c8b-ad84-7222370bb52c@group-0AEF56DAE9E9-SegmentedRaftLogWorker for RaftStorage:Storage Directory /workdir/hadoop-ozone/integration-test/target/test-dir/MiniOzoneClusterImpl-41742b35-60e3-4bf6-81de-f25e83920b6f/datanode-1/data/ratis/3a70cc70-ea6d-4720-82fb-0aef56dae9e9
2019-09-19 12:09:52,739 [main] INFO  rpc.RpcClient (RpcClient.java:createBucket(440)) - Creating Bucket: datanodefailurehandlingtest/datanodefailurehandlingtest, with Versioning false and Storage Type set to DISK and Encryption set to false 
2019-09-19 12:09:52,742 [c825e6de-820b-4b06-9ed0-c7da8c2503e7@group-683F9775C086:LeaderElection1] INFO  impl.RoleInfo (RoleInfo.java:updateAndGet(143)) - c825e6de-820b-4b06-9ed0-c7da8c2503e7: start LeaderState
2019-09-19 12:09:52,743 [pool-37-thread-1] INFO  server.RaftServerConfigKeys (ConfUtils.java:logGet(43)) - raft.server.log.queue.byte-limit = 2147483647 (custom)
2019-09-19 12:09:52,743 [pool-37-thread-1] INFO  server.RaftServerConfigKeys (ConfUtils.java:logGet(43)) - raft.server.log.queue.element-limit = 1024 (custom)
2019-09-19 12:09:52,743 [pool-37-thread-1] INFO  server.RaftServerConfigKeys (ConfUtils.java:logGet(43)) - raft.server.log.segment.size.max = 1048576 (custom)
2019-09-19 12:09:52,744 [pool-37-thread-1] INFO  server.RaftServerConfigKeys (ConfUtils.java:logGet(43)) - raft.server.log.preallocated.size = 16384 (custom)
2019-09-19 12:09:52,744 [pool-37-thread-1] INFO  server.RaftServerConfigKeys (ConfUtils.java:logGet(43)) - raft.server.log.write.buffer.size = 33554432 (custom)
2019-09-19 12:09:52,744 [pool-37-thread-1] INFO  server.RaftServerConfigKeys (ConfUtils.java:logGet(43)) - raft.server.log.force.sync.num = 128 (default)
2019-09-19 12:09:52,744 [pool-37-thread-1] INFO  server.RaftServerConfigKeys (ConfUtils.java:logGet(43)) - raft.server.log.statemachine.data.sync = true (default)
2019-09-19 12:09:52,744 [pool-37-thread-1] INFO  server.RaftServerConfigKeys (ConfUtils.java:logGet(43)) - raft.server.log.statemachine.data.sync.timeout = 10s (default)
2019-09-19 12:09:52,744 [pool-37-thread-1] INFO  server.RaftServerConfigKeys (ConfUtils.java:logGet(43)) - raft.server.log.statemachine.data.sync.timeout.retry = -1 (default)
2019-09-19 12:09:52,745 [pool-37-thread-1] INFO  server.RaftServerConfigKeys (ConfUtils.java:logGet(43)) - raft.server.log.statemachine.data.caching.enabled = true (custom)
2019-09-19 12:09:52,745 [pool-37-thread-1] INFO  segmented.SegmentedRaftLogWorker (SegmentedRaftLogWorker.java:lambda$new$0(132)) - 03555e6f-e7ac-4c8b-ad84-7222370bb52c@group-0AEF56DAE9E9-SegmentedRaftLogWorker: flushIndex: setUnconditionally 0 -> -1
2019-09-19 12:09:52,745 [pool-37-thread-1] INFO  server.RaftServerConfigKeys (ConfUtils.java:logGet(43)) - raft.server.snapshot.auto.trigger.enabled = true (custom)
2019-09-19 12:09:52,746 [pool-37-thread-1] INFO  server.RaftServerConfigKeys (ConfUtils.java:logGet(43)) - raft.server.snapshot.auto.trigger.threshold = 10000 (custom)
2019-09-19 12:09:52,746 [pool-37-thread-1] INFO  server.RaftServerConfigKeys (ConfUtils.java:logGet(43)) - raft.server.snapshot.retention.num.files = -1 (default)
2019-09-19 12:09:52,746 [pool-37-thread-1] INFO  server.RaftServerConfigKeys (ConfUtils.java:logGet(43)) - raft.server.retrycache.expirytime = 600000ms (custom)
2019-09-19 12:09:52,754 [pool-37-thread-1] INFO  impl.RaftServerImpl (RaftServerImpl.java:start(185)) - 03555e6f-e7ac-4c8b-ad84-7222370bb52c@group-0AEF56DAE9E9: start as a follower, conf=-1: [03555e6f-e7ac-4c8b-ad84-7222370bb52c:192.168.157.252:33098], old=null
2019-09-19 12:09:52,754 [pool-37-thread-1] INFO  impl.RaftServerImpl (RaftServerImpl.java:setRole(174)) - 03555e6f-e7ac-4c8b-ad84-7222370bb52c@group-0AEF56DAE9E9: changes role from      null to FOLLOWER at term 0 for startAsFollower
2019-09-19 12:09:52,754 [pool-37-thread-1] INFO  impl.RoleInfo (RoleInfo.java:updateAndGet(143)) - 03555e6f-e7ac-4c8b-ad84-7222370bb52c: start FollowerState
2019-09-19 12:09:52,755 [pool-37-thread-1] INFO  util.JmxRegister (JmxRegister.java:tryRegister(44)) - Successfully registered JMX Bean with object name Ratis:service=RaftServer,group=group-0AEF56DAE9E9,id=03555e6f-e7ac-4c8b-ad84-7222370bb52c
2019-09-19 12:09:53,043 [Thread-292] INFO  impl.FollowerState (FollowerState.java:run(106)) - 7c8a32d9-49ab-449b-8cc8-032a8828a8ac:group-3F562E8F0E58 changes to CANDIDATE, lastRpcTime:1024, electionTimeout:1011ms
2019-09-19 12:09:53,043 [Thread-289] INFO  impl.FollowerState (FollowerState.java:run(106)) - 1b83d917-1d73-4cac-8d1d-dc3b4981903d:group-227C1E695BB6 changes to CANDIDATE, lastRpcTime:1180, electionTimeout:1094ms
2019-09-19 12:09:53,067 [Thread-292] INFO  impl.RoleInfo (RoleInfo.java:shutdownFollowerState(121)) - 7c8a32d9-49ab-449b-8cc8-032a8828a8ac: shutdown FollowerState
2019-09-19 12:09:53,067 [Thread-289] INFO  impl.RoleInfo (RoleInfo.java:shutdownFollowerState(121)) - 1b83d917-1d73-4cac-8d1d-dc3b4981903d: shutdown FollowerState
2019-09-19 12:09:53,067 [Thread-292] INFO  impl.RaftServerImpl (RaftServerImpl.java:setRole(174)) - 7c8a32d9-49ab-449b-8cc8-032a8828a8ac@group-3F562E8F0E58: changes role from  FOLLOWER to CANDIDATE at term 0 for changeToCandidate
2019-09-19 12:09:53,067 [Thread-289] INFO  impl.RaftServerImpl (RaftServerImpl.java:setRole(174)) - 1b83d917-1d73-4cac-8d1d-dc3b4981903d@group-227C1E695BB6: changes role from  FOLLOWER to CANDIDATE at term 0 for changeToCandidate
2019-09-19 12:09:53,068 [Thread-292] INFO  impl.RoleInfo (RoleInfo.java:updateAndGet(143)) - 7c8a32d9-49ab-449b-8cc8-032a8828a8ac: start LeaderElection
2019-09-19 12:09:53,069 [Thread-289] INFO  impl.RoleInfo (RoleInfo.java:updateAndGet(143)) - 1b83d917-1d73-4cac-8d1d-dc3b4981903d: start LeaderElection
2019-09-19 12:09:53,084 [RatisPipelineUtilsThread] INFO  pipeline.PipelineStateManager (PipelineStateManager.java:addPipeline(56)) - Created pipeline Pipeline[ Id: 3a70cc70-ea6d-4720-82fb-0aef56dae9e9, Nodes: 03555e6f-e7ac-4c8b-ad84-7222370bb52c{ip: 192.168.157.252, host: pr-hdds-2153-8htts-3549596055, networkLocation: /default-rack, certSerialId: null}, Type:RATIS, Factor:ONE, State:OPEN]
2019-09-19 12:09:53,115 [c825e6de-820b-4b06-9ed0-c7da8c2503e7@group-683F9775C086:LeaderElection1] INFO  segmented.SegmentedRaftLogWorker (SegmentedRaftLogWorker.java:startLogSegment(380)) - c825e6de-820b-4b06-9ed0-c7da8c2503e7@group-683F9775C086-SegmentedRaftLogWorker: Starting segment from index:0
2019-09-19 12:09:53,127 [grpc-default-executor-0] INFO  impl.RaftServerProxy (RaftServerProxy.java:addNew(89)) - 0536a24c-34e3-4c8a-9a31-895de5497f4a: addNew group-DA9D8D659A88:[0536a24c-34e3-4c8a-9a31-895de5497f4a:192.168.157.252:36571] returns group-DA9D8D659A88:java.util.concurrent.CompletableFuture@2f16e5e2[Not completed]
2019-09-19 12:09:53,132 [pool-57-thread-1] INFO  impl.RaftServerImpl (RaftServerImpl.java:<init>(95)) - 0536a24c-34e3-4c8a-9a31-895de5497f4a: new RaftServerImpl for group-DA9D8D659A88:[0536a24c-34e3-4c8a-9a31-895de5497f4a:192.168.157.252:36571] with ContainerStateMachine:uninitialized
2019-09-19 12:09:53,132 [pool-57-thread-1] INFO  server.RaftServerConfigKeys (ConfUtils.java:logGet(43)) - raft.server.rpc.timeout.min = 1s (custom)
2019-09-19 12:09:53,133 [pool-57-thread-1] INFO  server.RaftServerConfigKeys (ConfUtils.java:logGet(43)) - raft.server.rpc.timeout.max = 1200ms (custom)
2019-09-19 12:09:53,133 [pool-57-thread-1] INFO  server.RaftServerConfigKeys (ConfUtils.java:logGet(43)) - raft.server.rpcslowness.timeout = 120s (custom)
2019-09-19 12:09:53,133 [c825e6de-820b-4b06-9ed0-c7da8c2503e7@group-683F9775C086:LeaderElection1] INFO  impl.RaftServerImpl (ServerState.java:setRaftConf(354)) - c825e6de-820b-4b06-9ed0-c7da8c2503e7@group-683F9775C086: set configuration 0: [c825e6de-820b-4b06-9ed0-c7da8c2503e7:192.168.157.252:34403], old=null at 0
2019-09-19 12:09:53,133 [pool-57-thread-1] INFO  server.RaftServerConfigKeys (ConfUtils.java:logGet(43)) - raft.server.sleep.deviation.threshold = 300 (default)
2019-09-19 12:09:53,136 [pool-57-thread-1] INFO  server.RaftServerConfigKeys (ConfUtils.java:logGet(43)) - raft.server.log.appender.install.snapshot.enabled = false (custom)
2019-09-19 12:09:53,136 [pool-57-thread-1] INFO  impl.RaftServerImpl (ServerState.java:<init>(103)) - 0536a24c-34e3-4c8a-9a31-895de5497f4a@group-DA9D8D659A88: ConfigurationManager, init=-1: [0536a24c-34e3-4c8a-9a31-895de5497f4a:192.168.157.252:36571], old=null, confs=<EMPTY_MAP>
2019-09-19 12:09:53,136 [pool-57-thread-1] INFO  server.RaftServerConfigKeys (ConfUtils.java:logGet(43)) - raft.server.storage.dir = [/workdir/hadoop-ozone/integration-test/target/test-dir/MiniOzoneClusterImpl-41742b35-60e3-4bf6-81de-f25e83920b6f/datanode-3/data/ratis] (custom)
2019-09-19 12:09:53,137 [pool-57-thread-1] INFO  storage.RaftStorageDirectory (RaftStorageDirectory.java:analyzeStorage(246)) - The storage directory /workdir/hadoop-ozone/integration-test/target/test-dir/MiniOzoneClusterImpl-41742b35-60e3-4bf6-81de-f25e83920b6f/datanode-3/data/ratis/fc99a89c-6aff-4c44-aa09-da9d8d659a88 does not exist. Creating ...
2019-09-19 12:09:53,387 [Thread-295] INFO  impl.FollowerState (FollowerState.java:run(106)) - 4736e737-07ca-4f6d-84d7-0ed6bd660367:group-4414BCCDBD5C changes to CANDIDATE, lastRpcTime:1186, electionTimeout:1186ms
2019-09-19 12:09:53,388 [Thread-295] INFO  impl.RoleInfo (RoleInfo.java:shutdownFollowerState(121)) - 4736e737-07ca-4f6d-84d7-0ed6bd660367: shutdown FollowerState
2019-09-19 12:09:53,388 [Thread-295] INFO  impl.RaftServerImpl (RaftServerImpl.java:setRole(174)) - 4736e737-07ca-4f6d-84d7-0ed6bd660367@group-4414BCCDBD5C: changes role from  FOLLOWER to CANDIDATE at term 0 for changeToCandidate
2019-09-19 12:09:53,388 [Thread-295] INFO  impl.RoleInfo (RoleInfo.java:updateAndGet(143)) - 4736e737-07ca-4f6d-84d7-0ed6bd660367: start LeaderElection
2019-09-19 12:09:53,456 [Thread-299] INFO  impl.FollowerState (FollowerState.java:run(106)) - 9ff75243-8f90-489e-ad4c-fbb8c473db2a:group-D837D86DA98E changes to CANDIDATE, lastRpcTime:1136, electionTimeout:1136ms
2019-09-19 12:09:53,456 [Thread-299] INFO  impl.RoleInfo (RoleInfo.java:shutdownFollowerState(121)) - 9ff75243-8f90-489e-ad4c-fbb8c473db2a: shutdown FollowerState
2019-09-19 12:09:53,456 [Thread-299] INFO  impl.RaftServerImpl (RaftServerImpl.java:setRole(174)) - 9ff75243-8f90-489e-ad4c-fbb8c473db2a@group-D837D86DA98E: changes role from  FOLLOWER to CANDIDATE at term 0 for changeToCandidate
2019-09-19 12:09:53,457 [Thread-299] INFO  impl.RoleInfo (RoleInfo.java:updateAndGet(143)) - 9ff75243-8f90-489e-ad4c-fbb8c473db2a: start LeaderElection
2019-09-19 12:09:53,508 [Thread-303] INFO  impl.FollowerState (FollowerState.java:run(106)) - 587dad1b-1a08-4278-9ac1-e315232e0934:group-50A9F9A9F427 changes to CANDIDATE, lastRpcTime:1066, electionTimeout:1059ms
2019-09-19 12:09:53,519 [Thread-303] INFO  impl.RoleInfo (RoleInfo.java:shutdownFollowerState(121)) - 587dad1b-1a08-4278-9ac1-e315232e0934: shutdown FollowerState
2019-09-19 12:09:53,519 [Thread-303] INFO  impl.RaftServerImpl (RaftServerImpl.java:setRole(174)) - 587dad1b-1a08-4278-9ac1-e315232e0934@group-50A9F9A9F427: changes role from  FOLLOWER to CANDIDATE at term 0 for changeToCandidate
2019-09-19 12:09:53,519 [Thread-303] INFO  impl.RoleInfo (RoleInfo.java:updateAndGet(143)) - 587dad1b-1a08-4278-9ac1-e315232e0934: start LeaderElection
2019-09-19 12:09:53,640 [Thread-306] INFO  impl.FollowerState (FollowerState.java:run(106)) - a409f42d-bc3a-405f-bf07-8265a8a77aff:group-0D1FBEF284BC changes to CANDIDATE, lastRpcTime:1099, electionTimeout:1099ms
2019-09-19 12:09:53,641 [Thread-306] INFO  impl.RoleInfo (RoleInfo.java:shutdownFollowerState(121)) - a409f42d-bc3a-405f-bf07-8265a8a77aff: shutdown FollowerState
2019-09-19 12:09:53,641 [Thread-306] INFO  impl.RaftServerImpl (RaftServerImpl.java:setRole(174)) - a409f42d-bc3a-405f-bf07-8265a8a77aff@group-0D1FBEF284BC: changes role from  FOLLOWER to CANDIDATE at term 0 for changeToCandidate
2019-09-19 12:09:53,641 [Thread-306] INFO  impl.RoleInfo (RoleInfo.java:updateAndGet(143)) - a409f42d-bc3a-405f-bf07-8265a8a77aff: start LeaderElection
2019-09-19 12:09:53,738 [Thread-310] INFO  impl.FollowerState (FollowerState.java:run(106)) - 35717865-8144-46c5-963e-0895e96939ac:group-4CB96557AA13 changes to CANDIDATE, lastRpcTime:1079, electionTimeout:1079ms
2019-09-19 12:09:53,739 [Thread-310] INFO  impl.RoleInfo (RoleInfo.java:shutdownFollowerState(121)) - 35717865-8144-46c5-963e-0895e96939ac: shutdown FollowerState
2019-09-19 12:09:53,739 [Thread-310] INFO  impl.RaftServerImpl (RaftServerImpl.java:setRole(174)) - 35717865-8144-46c5-963e-0895e96939ac@group-4CB96557AA13: changes role from  FOLLOWER to CANDIDATE at term 0 for changeToCandidate
2019-09-19 12:09:53,739 [Thread-310] INFO  impl.RoleInfo (RoleInfo.java:updateAndGet(143)) - 35717865-8144-46c5-963e-0895e96939ac: start LeaderElection
2019-09-19 12:09:53,775 [Thread-283] INFO  container.ReplicationManager (ReplicationManager.java:start(162)) - Starting Replication Monitor Thread.
2019-09-19 12:09:53,780 [ReplicationMonitor] INFO  container.ReplicationManager (ReplicationManager.java:run(225)) - Replication Monitor Thread took 0 milliseconds for processing 0 containers.
2019-09-19 12:09:53,871 [Thread-314] INFO  impl.FollowerState (FollowerState.java:run(106)) - 03555e6f-e7ac-4c8b-ad84-7222370bb52c:group-0AEF56DAE9E9 changes to CANDIDATE, lastRpcTime:1116, electionTimeout:1116ms
2019-09-19 12:09:53,871 [Thread-314] INFO  impl.RoleInfo (RoleInfo.java:shutdownFollowerState(121)) - 03555e6f-e7ac-4c8b-ad84-7222370bb52c: shutdown FollowerState
2019-09-19 12:09:53,872 [Thread-314] INFO  impl.RaftServerImpl (RaftServerImpl.java:setRole(174)) - 03555e6f-e7ac-4c8b-ad84-7222370bb52c@group-0AEF56DAE9E9: changes role from  FOLLOWER to CANDIDATE at term 0 for changeToCandidate
2019-09-19 12:09:53,872 [Thread-314] INFO  impl.RoleInfo (RoleInfo.java:updateAndGet(143)) - 03555e6f-e7ac-4c8b-ad84-7222370bb52c: start LeaderElection
2019-09-19 12:09:54,071 [7c8a32d9-49ab-449b-8cc8-032a8828a8ac@group-3F562E8F0E58:LeaderElection2] INFO  impl.LeaderElection (LeaderElection.java:askForVotes(182)) - 7c8a32d9-49ab-449b-8cc8-032a8828a8ac@group-3F562E8F0E58:LeaderElection2: begin an election at term 1 for -1: [7c8a32d9-49ab-449b-8cc8-032a8828a8ac:192.168.157.252:41017], old=null
2019-09-19 12:09:54,071 [1b83d917-1d73-4cac-8d1d-dc3b4981903d@group-227C1E695BB6:LeaderElection3] INFO  impl.LeaderElection (LeaderElection.java:askForVotes(182)) - 1b83d917-1d73-4cac-8d1d-dc3b4981903d@group-227C1E695BB6:LeaderElection3: begin an election at term 1 for -1: [1b83d917-1d73-4cac-8d1d-dc3b4981903d:192.168.157.252:34953], old=null
2019-09-19 12:09:54,075 [7c8a32d9-49ab-449b-8cc8-032a8828a8ac@group-3F562E8F0E58:LeaderElection2] INFO  impl.RoleInfo (RoleInfo.java:shutdownLeaderElection(134)) - 7c8a32d9-49ab-449b-8cc8-032a8828a8ac: shutdown LeaderElection
2019-09-19 12:09:54,075 [1b83d917-1d73-4cac-8d1d-dc3b4981903d@group-227C1E695BB6:LeaderElection3] INFO  impl.RoleInfo (RoleInfo.java:shutdownLeaderElection(134)) - 1b83d917-1d73-4cac-8d1d-dc3b4981903d: shutdown LeaderElection
2019-09-19 12:09:54,075 [7c8a32d9-49ab-449b-8cc8-032a8828a8ac@group-3F562E8F0E58:LeaderElection2] INFO  impl.RaftServerImpl (RaftServerImpl.java:setRole(174)) - 7c8a32d9-49ab-449b-8cc8-032a8828a8ac@group-3F562E8F0E58: changes role from CANDIDATE to LEADER at term 1 for changeToLeader
2019-09-19 12:09:54,075 [1b83d917-1d73-4cac-8d1d-dc3b4981903d@group-227C1E695BB6:LeaderElection3] INFO  impl.RaftServerImpl (RaftServerImpl.java:setRole(174)) - 1b83d917-1d73-4cac-8d1d-dc3b4981903d@group-227C1E695BB6: changes role from CANDIDATE to LEADER at term 1 for changeToLeader
2019-09-19 12:09:54,075 [7c8a32d9-49ab-449b-8cc8-032a8828a8ac@group-3F562E8F0E58:LeaderElection2] INFO  impl.RaftServerImpl (ServerState.java:setLeader(253)) - 7c8a32d9-49ab-449b-8cc8-032a8828a8ac@group-3F562E8F0E58: change Leader from null to 7c8a32d9-49ab-449b-8cc8-032a8828a8ac at term 1 for becomeLeader, leader elected after 2100ms
2019-09-19 12:09:54,075 [1b83d917-1d73-4cac-8d1d-dc3b4981903d@group-227C1E695BB6:LeaderElection3] INFO  impl.RaftServerImpl (ServerState.java:setLeader(253)) - 1b83d917-1d73-4cac-8d1d-dc3b4981903d@group-227C1E695BB6: change Leader from null to 1b83d917-1d73-4cac-8d1d-dc3b4981903d at term 1 for becomeLeader, leader elected after 2226ms
2019-09-19 12:09:54,075 [7c8a32d9-49ab-449b-8cc8-032a8828a8ac@group-3F562E8F0E58:LeaderElection2] INFO  server.RaftServerConfigKeys (ConfUtils.java:logGet(43)) - raft.server.staging.catchup.gap = 1000 (default)
2019-09-19 12:09:54,076 [1b83d917-1d73-4cac-8d1d-dc3b4981903d@group-227C1E695BB6:LeaderElection3] INFO  server.RaftServerConfigKeys (ConfUtils.java:logGet(43)) - raft.server.staging.catchup.gap = 1000 (default)
2019-09-19 12:09:54,076 [7c8a32d9-49ab-449b-8cc8-032a8828a8ac@group-3F562E8F0E58:LeaderElection2] INFO  server.RaftServerConfigKeys (ConfUtils.java:logGet(43)) - raft.server.rpc.sleep.time = 25ms (default)
2019-09-19 12:09:54,076 [1b83d917-1d73-4cac-8d1d-dc3b4981903d@group-227C1E695BB6:LeaderElection3] INFO  server.RaftServerConfigKeys (ConfUtils.java:logGet(43)) - raft.server.rpc.sleep.time = 25ms (default)
2019-09-19 12:09:54,076 [7c8a32d9-49ab-449b-8cc8-032a8828a8ac@group-3F562E8F0E58:LeaderElection2] INFO  server.RaftServerConfigKeys (ConfUtils.java:logGet(43)) - raft.server.write.element-limit = 4096 (default)
2019-09-19 12:09:54,076 [1b83d917-1d73-4cac-8d1d-dc3b4981903d@group-227C1E695BB6:LeaderElection3] INFO  server.RaftServerConfigKeys (ConfUtils.java:logGet(43)) - raft.server.write.element-limit = 4096 (default)
2019-09-19 12:09:54,076 [7c8a32d9-49ab-449b-8cc8-032a8828a8ac@group-3F562E8F0E58:LeaderElection2] INFO  server.RaftServerConfigKeys (ConfUtils.java:logGet(43)) - raft.server.watch.timeout = 10s (default)
2019-09-19 12:09:54,076 [1b83d917-1d73-4cac-8d1d-dc3b4981903d@group-227C1E695BB6:LeaderElection3] INFO  server.RaftServerConfigKeys (ConfUtils.java:logGet(43)) - raft.server.watch.timeout = 10s (default)
2019-09-19 12:09:54,076 [7c8a32d9-49ab-449b-8cc8-032a8828a8ac@group-3F562E8F0E58:LeaderElection2] INFO  server.RaftServerConfigKeys (ConfUtils.java:logGet(43)) - raft.server.watch.timeout.denomination = 1s (default)
2019-09-19 12:09:54,077 [1b83d917-1d73-4cac-8d1d-dc3b4981903d@group-227C1E695BB6:LeaderElection3] INFO  server.RaftServerConfigKeys (ConfUtils.java:logGet(43)) - raft.server.watch.timeout.denomination = 1s (default)
2019-09-19 12:09:54,077 [7c8a32d9-49ab-449b-8cc8-032a8828a8ac@group-3F562E8F0E58:LeaderElection2] INFO  server.RaftServerConfigKeys (ConfUtils.java:logGet(43)) - raft.server.watch.element-limit = 65536 (default)
2019-09-19 12:09:54,077 [1b83d917-1d73-4cac-8d1d-dc3b4981903d@group-227C1E695BB6:LeaderElection3] INFO  server.RaftServerConfigKeys (ConfUtils.java:logGet(43)) - raft.server.watch.element-limit = 65536 (default)
2019-09-19 12:09:54,081 [7c8a32d9-49ab-449b-8cc8-032a8828a8ac@group-3F562E8F0E58:LeaderElection2] INFO  impl.RoleInfo (RoleInfo.java:updateAndGet(143)) - 7c8a32d9-49ab-449b-8cc8-032a8828a8ac: start LeaderState
2019-09-19 12:09:54,081 [7c8a32d9-49ab-449b-8cc8-032a8828a8ac@group-3F562E8F0E58:LeaderElection2] INFO  segmented.SegmentedRaftLogWorker (SegmentedRaftLogWorker.java:startLogSegment(380)) - 7c8a32d9-49ab-449b-8cc8-032a8828a8ac@group-3F562E8F0E58-SegmentedRaftLogWorker: Starting segment from index:0
2019-09-19 12:09:54,081 [1b83d917-1d73-4cac-8d1d-dc3b4981903d@group-227C1E695BB6:LeaderElection3] INFO  impl.RoleInfo (RoleInfo.java:updateAndGet(143)) - 1b83d917-1d73-4cac-8d1d-dc3b4981903d: start LeaderState
2019-09-19 12:09:54,081 [1b83d917-1d73-4cac-8d1d-dc3b4981903d@group-227C1E695BB6:LeaderElection3] INFO  segmented.SegmentedRaftLogWorker (SegmentedRaftLogWorker.java:startLogSegment(380)) - 1b83d917-1d73-4cac-8d1d-dc3b4981903d@group-227C1E695BB6-SegmentedRaftLogWorker: Starting segment from index:0
2019-09-19 12:09:54,082 [7c8a32d9-49ab-449b-8cc8-032a8828a8ac@group-3F562E8F0E58:LeaderElection2] INFO  impl.RaftServerImpl (ServerState.java:setRaftConf(354)) - 7c8a32d9-49ab-449b-8cc8-032a8828a8ac@group-3F562E8F0E58: set configuration 0: [7c8a32d9-49ab-449b-8cc8-032a8828a8ac:192.168.157.252:41017], old=null at 0
2019-09-19 12:09:54,082 [03555e6f-e7ac-4c8b-ad84-7222370bb52c@group-0AEF56DAE9E9:LeaderElection9] INFO  impl.LeaderElection (LeaderElection.java:askForVotes(182)) - 03555e6f-e7ac-4c8b-ad84-7222370bb52c@group-0AEF56DAE9E9:LeaderElection9: begin an election at term 1 for -1: [03555e6f-e7ac-4c8b-ad84-7222370bb52c:192.168.157.252:33098], old=null
2019-09-19 12:09:54,082 [35717865-8144-46c5-963e-0895e96939ac@group-4CB96557AA13:LeaderElection8] INFO  impl.LeaderElection (LeaderElection.java:askForVotes(182)) - 35717865-8144-46c5-963e-0895e96939ac@group-4CB96557AA13:LeaderElection8: begin an election at term 1 for -1: [35717865-8144-46c5-963e-0895e96939ac:192.168.157.252:34648], old=null
2019-09-19 12:09:54,082 [c825e6de-820b-4b06-9ed0-c7da8c2503e7@group-683F9775C086-SegmentedRaftLogWorker] INFO  segmented.SegmentedRaftLogWorker (SegmentedRaftLogWorker.java:execute(569)) - c825e6de-820b-4b06-9ed0-c7da8c2503e7@group-683F9775C086-SegmentedRaftLogWorker: created new log segment /workdir/hadoop-ozone/integration-test/target/test-dir/MiniOzoneClusterImpl-41742b35-60e3-4bf6-81de-f25e83920b6f/datanode-0/data/ratis/89efb96b-79e7-4a60-a68d-683f9775c086/current/log_inprogress_0
2019-09-19 12:09:54,082 [9ff75243-8f90-489e-ad4c-fbb8c473db2a@group-D837D86DA98E:LeaderElection5] INFO  impl.LeaderElection (LeaderElection.java:askForVotes(182)) - 9ff75243-8f90-489e-ad4c-fbb8c473db2a@group-D837D86DA98E:LeaderElection5: begin an election at term 1 for -1: [9ff75243-8f90-489e-ad4c-fbb8c473db2a:192.168.157.252:45547], old=null
2019-09-19 12:09:54,082 [pool-57-thread-1] INFO  storage.RaftStorageDirectory (RaftStorageDirectory.java:tryLock(328)) - Lock on /workdir/hadoop-ozone/integration-test/target/test-dir/MiniOzoneClusterImpl-41742b35-60e3-4bf6-81de-f25e83920b6f/datanode-3/data/ratis/fc99a89c-6aff-4c44-aa09-da9d8d659a88/in_use.lock acquired by nodename 3169@pr-hdds-2153-8htts-3549596055
2019-09-19 12:09:54,082 [a409f42d-bc3a-405f-bf07-8265a8a77aff@group-0D1FBEF284BC:LeaderElection7] INFO  impl.LeaderElection (LeaderElection.java:askForVotes(182)) - a409f42d-bc3a-405f-bf07-8265a8a77aff@group-0D1FBEF284BC:LeaderElection7: begin an election at term 1 for -1: [a409f42d-bc3a-405f-bf07-8265a8a77aff:192.168.157.252:38022], old=null
2019-09-19 12:09:54,125 [9ff75243-8f90-489e-ad4c-fbb8c473db2a@group-D837D86DA98E:LeaderElection5] INFO  impl.RoleInfo (RoleInfo.java:shutdownLeaderElection(134)) - 9ff75243-8f90-489e-ad4c-fbb8c473db2a: shutdown LeaderElection
2019-09-19 12:09:54,125 [35717865-8144-46c5-963e-0895e96939ac@group-4CB96557AA13:LeaderElection8] INFO  impl.RoleInfo (RoleInfo.java:shutdownLeaderElection(134)) - 35717865-8144-46c5-963e-0895e96939ac: shutdown LeaderElection
2019-09-19 12:09:54,125 [4736e737-07ca-4f6d-84d7-0ed6bd660367@group-4414BCCDBD5C:LeaderElection4] INFO  impl.LeaderElection (LeaderElection.java:askForVotes(182)) - 4736e737-07ca-4f6d-84d7-0ed6bd660367@group-4414BCCDBD5C:LeaderElection4: begin an election at term 1 for -1: [4736e737-07ca-4f6d-84d7-0ed6bd660367:192.168.157.252:43438], old=null
2019-09-19 12:09:54,125 [1b83d917-1d73-4cac-8d1d-dc3b4981903d@group-227C1E695BB6:LeaderElection3] INFO  impl.RaftServerImpl (ServerState.java:setRaftConf(354)) - 1b83d917-1d73-4cac-8d1d-dc3b4981903d@group-227C1E695BB6: set configuration 0: [1b83d917-1d73-4cac-8d1d-dc3b4981903d:192.168.157.252:34953], old=null at 0
2019-09-19 12:09:54,125 [03555e6f-e7ac-4c8b-ad84-7222370bb52c@group-0AEF56DAE9E9:LeaderElection9] INFO  impl.RoleInfo (RoleInfo.java:shutdownLeaderElection(134)) - 03555e6f-e7ac-4c8b-ad84-7222370bb52c: shutdown LeaderElection
2019-09-19 12:09:54,125 [587dad1b-1a08-4278-9ac1-e315232e0934@group-50A9F9A9F427:LeaderElection6] INFO  impl.LeaderElection (LeaderElection.java:askForVotes(182)) - 587dad1b-1a08-4278-9ac1-e315232e0934@group-50A9F9A9F427:LeaderElection6: begin an election at term 1 for -1: [587dad1b-1a08-4278-9ac1-e315232e0934:192.168.157.252:39759], old=null
2019-09-19 12:09:54,129 [03555e6f-e7ac-4c8b-ad84-7222370bb52c@group-0AEF56DAE9E9:LeaderElection9] INFO  impl.RaftServerImpl (RaftServerImpl.java:setRole(174)) - 03555e6f-e7ac-4c8b-ad84-7222370bb52c@group-0AEF56DAE9E9: changes role from CANDIDATE to LEADER at term 1 for changeToLeader
2019-09-19 12:09:54,126 [4736e737-07ca-4f6d-84d7-0ed6bd660367@group-4414BCCDBD5C:LeaderElection4] INFO  impl.RoleInfo (RoleInfo.java:shutdownLeaderElection(134)) - 4736e737-07ca-4f6d-84d7-0ed6bd660367: shutdown LeaderElection
2019-09-19 12:09:54,126 [35717865-8144-46c5-963e-0895e96939ac@group-4CB96557AA13:LeaderElection8] INFO  impl.RaftServerImpl (RaftServerImpl.java:setRole(174)) - 35717865-8144-46c5-963e-0895e96939ac@group-4CB96557AA13: changes role from CANDIDATE to LEADER at term 1 for changeToLeader
2019-09-19 12:09:54,126 [9ff75243-8f90-489e-ad4c-fbb8c473db2a@group-D837D86DA98E:LeaderElection5] INFO  impl.RaftServerImpl (RaftServerImpl.java:setRole(174)) - 9ff75243-8f90-489e-ad4c-fbb8c473db2a@group-D837D86DA98E: changes role from CANDIDATE to LEADER at term 1 for changeToLeader
2019-09-19 12:09:54,126 [a409f42d-bc3a-405f-bf07-8265a8a77aff@group-0D1FBEF284BC:LeaderElection7] INFO  impl.RoleInfo (RoleInfo.java:shutdownLeaderElection(134)) - a409f42d-bc3a-405f-bf07-8265a8a77aff: shutdown LeaderElection
2019-09-19 12:09:54,130 [9ff75243-8f90-489e-ad4c-fbb8c473db2a@group-D837D86DA98E:LeaderElection5] INFO  impl.RaftServerImpl (ServerState.java:setLeader(253)) - 9ff75243-8f90-489e-ad4c-fbb8c473db2a@group-D837D86DA98E: change Leader from null to 9ff75243-8f90-489e-ad4c-fbb8c473db2a at term 1 for becomeLeader, leader elected after 1831ms
2019-09-19 12:09:54,130 [35717865-8144-46c5-963e-0895e96939ac@group-4CB96557AA13:LeaderElection8] INFO  impl.RaftServerImpl (ServerState.java:setLeader(253)) - 35717865-8144-46c5-963e-0895e96939ac@group-4CB96557AA13: change Leader from null to 35717865-8144-46c5-963e-0895e96939ac at term 1 for becomeLeader, leader elected after 1481ms
2019-09-19 12:09:54,130 [4736e737-07ca-4f6d-84d7-0ed6bd660367@group-4414BCCDBD5C:LeaderElection4] INFO  impl.RaftServerImpl (RaftServerImpl.java:setRole(174)) - 4736e737-07ca-4f6d-84d7-0ed6bd660367@group-4414BCCDBD5C: changes role from CANDIDATE to LEADER at term 1 for changeToLeader
2019-09-19 12:09:54,130 [03555e6f-e7ac-4c8b-ad84-7222370bb52c@group-0AEF56DAE9E9:LeaderElection9] INFO  impl.RaftServerImpl (ServerState.java:setLeader(253)) - 03555e6f-e7ac-4c8b-ad84-7222370bb52c@group-0AEF56DAE9E9: change Leader from null to 03555e6f-e7ac-4c8b-ad84-7222370bb52c at term 1 for becomeLeader, leader elected after 1392ms
2019-09-19 12:09:54,130 [587dad1b-1a08-4278-9ac1-e315232e0934@group-50A9F9A9F427:LeaderElection6] INFO  impl.RoleInfo (RoleInfo.java:shutdownLeaderElection(134)) - 587dad1b-1a08-4278-9ac1-e315232e0934: shutdown LeaderElection
2019-09-19 12:09:54,131 [03555e6f-e7ac-4c8b-ad84-7222370bb52c@group-0AEF56DAE9E9:LeaderElection9] INFO  server.RaftServerConfigKeys (ConfUtils.java:logGet(43)) - raft.server.staging.catchup.gap = 1000 (default)
2019-09-19 12:09:54,131 [4736e737-07ca-4f6d-84d7-0ed6bd660367@group-4414BCCDBD5C:LeaderElection4] INFO  impl.RaftServerImpl (ServerState.java:setLeader(253)) - 4736e737-07ca-4f6d-84d7-0ed6bd660367@group-4414BCCDBD5C: change Leader from null to 4736e737-07ca-4f6d-84d7-0ed6bd660367 at term 1 for becomeLeader, leader elected after 2028ms
2019-09-19 12:09:54,131 [35717865-8144-46c5-963e-0895e96939ac@group-4CB96557AA13:LeaderElection8] INFO  server.RaftServerConfigKeys (ConfUtils.java:logGet(43)) - raft.server.staging.catchup.gap = 1000 (default)
2019-09-19 12:09:54,131 [9ff75243-8f90-489e-ad4c-fbb8c473db2a@group-D837D86DA98E:LeaderElection5] INFO  server.RaftServerConfigKeys (ConfUtils.java:logGet(43)) - raft.server.staging.catchup.gap = 1000 (default)
2019-09-19 12:09:54,130 [a409f42d-bc3a-405f-bf07-8265a8a77aff@group-0D1FBEF284BC:LeaderElection7] INFO  impl.RaftServerImpl (RaftServerImpl.java:setRole(174)) - a409f42d-bc3a-405f-bf07-8265a8a77aff@group-0D1FBEF284BC: changes role from CANDIDATE to LEADER at term 1 for changeToLeader
2019-09-19 12:09:54,132 [9ff75243-8f90-489e-ad4c-fbb8c473db2a@group-D837D86DA98E:LeaderElection5] INFO  server.RaftServerConfigKeys (ConfUtils.java:logGet(43)) - raft.server.rpc.sleep.time = 25ms (default)
2019-09-19 12:09:54,132 [35717865-8144-46c5-963e-0895e96939ac@group-4CB96557AA13:LeaderElection8] INFO  server.RaftServerConfigKeys (ConfUtils.java:logGet(43)) - raft.server.rpc.sleep.time = 25ms (default)
2019-09-19 12:09:54,132 [9ff75243-8f90-489e-ad4c-fbb8c473db2a@group-D837D86DA98E:LeaderElection5] INFO  server.RaftServerConfigKeys (ConfUtils.java:logGet(43)) - raft.server.write.element-limit = 4096 (default)
2019-09-19 12:09:54,132 [4736e737-07ca-4f6d-84d7-0ed6bd660367@group-4414BCCDBD5C:LeaderElection4] INFO  server.RaftServerConfigKeys (ConfUtils.java:logGet(43)) - raft.server.staging.catchup.gap = 1000 (default)
2019-09-19 12:09:54,131 [03555e6f-e7ac-4c8b-ad84-7222370bb52c@group-0AEF56DAE9E9:LeaderElection9] INFO  server.RaftServerConfigKeys (ConfUtils.java:logGet(43)) - raft.server.rpc.sleep.time = 25ms (default)
2019-09-19 12:09:54,131 [587dad1b-1a08-4278-9ac1-e315232e0934@group-50A9F9A9F427:LeaderElection6] INFO  impl.RaftServerImpl (RaftServerImpl.java:setRole(174)) - 587dad1b-1a08-4278-9ac1-e315232e0934@group-50A9F9A9F427: changes role from CANDIDATE to LEADER at term 1 for changeToLeader
2019-09-19 12:09:54,133 [4736e737-07ca-4f6d-84d7-0ed6bd660367@group-4414BCCDBD5C:LeaderElection4] INFO  server.RaftServerConfigKeys (ConfUtils.java:logGet(43)) - raft.server.rpc.sleep.time = 25ms (default)
2019-09-19 12:09:54,133 [9ff75243-8f90-489e-ad4c-fbb8c473db2a@group-D837D86DA98E:LeaderElection5] INFO  server.RaftServerConfigKeys (ConfUtils.java:logGet(43)) - raft.server.watch.timeout = 10s (default)
2019-09-19 12:09:54,133 [35717865-8144-46c5-963e-0895e96939ac@group-4CB96557AA13:LeaderElection8] INFO  server.RaftServerConfigKeys (ConfUtils.java:logGet(43)) - raft.server.write.element-limit = 4096 (default)
2019-09-19 12:09:54,132 [a409f42d-bc3a-405f-bf07-8265a8a77aff@group-0D1FBEF284BC:LeaderElection7] INFO  impl.RaftServerImpl (ServerState.java:setLeader(253)) - a409f42d-bc3a-405f-bf07-8265a8a77aff@group-0D1FBEF284BC: change Leader from null to a409f42d-bc3a-405f-bf07-8265a8a77aff at term 1 for becomeLeader, leader elected after 1605ms
2019-09-19 12:09:54,134 [35717865-8144-46c5-963e-0895e96939ac@group-4CB96557AA13:LeaderElection8] INFO  server.RaftServerConfigKeys (ConfUtils.java:logGet(43)) - raft.server.watch.timeout = 10s (default)
2019-09-19 12:09:54,133 [9ff75243-8f90-489e-ad4c-fbb8c473db2a@group-D837D86DA98E:LeaderElection5] INFO  server.RaftServerConfigKeys (ConfUtils.java:logGet(43)) - raft.server.watch.timeout.denomination = 1s (default)
2019-09-19 12:09:54,133 [4736e737-07ca-4f6d-84d7-0ed6bd660367@group-4414BCCDBD5C:LeaderElection4] INFO  server.RaftServerConfigKeys (ConfUtils.java:logGet(43)) - raft.server.write.element-limit = 4096 (default)
2019-09-19 12:09:54,133 [03555e6f-e7ac-4c8b-ad84-7222370bb52c@group-0AEF56DAE9E9:LeaderElection9] INFO  server.RaftServerConfigKeys (ConfUtils.java:logGet(43)) - raft.server.write.element-limit = 4096 (default)
2019-09-19 12:09:54,133 [587dad1b-1a08-4278-9ac1-e315232e0934@group-50A9F9A9F427:LeaderElection6] INFO  impl.RaftServerImpl (ServerState.java:setLeader(253)) - 587dad1b-1a08-4278-9ac1-e315232e0934@group-50A9F9A9F427: change Leader from null to 587dad1b-1a08-4278-9ac1-e315232e0934 at term 1 for becomeLeader, leader elected after 1741ms
2019-09-19 12:09:54,135 [03555e6f-e7ac-4c8b-ad84-7222370bb52c@group-0AEF56DAE9E9:LeaderElection9] INFO  server.RaftServerConfigKeys (ConfUtils.java:logGet(43)) - raft.server.watch.timeout = 10s (default)
2019-09-19 12:09:54,134 [4736e737-07ca-4f6d-84d7-0ed6bd660367@group-4414BCCDBD5C:LeaderElection4] INFO  server.RaftServerConfigKeys (ConfUtils.java:logGet(43)) - raft.server.watch.timeout = 10s (default)
2019-09-19 12:09:54,134 [9ff75243-8f90-489e-ad4c-fbb8c473db2a@group-D837D86DA98E:LeaderElection5] INFO  server.RaftServerConfigKeys (ConfUtils.java:logGet(43)) - raft.server.watch.element-limit = 65536 (default)
2019-09-19 12:09:54,134 [35717865-8144-46c5-963e-0895e96939ac@group-4CB96557AA13:LeaderElection8] INFO  server.RaftServerConfigKeys (ConfUtils.java:logGet(43)) - raft.server.watch.timeout.denomination = 1s (default)
2019-09-19 12:09:54,134 [a409f42d-bc3a-405f-bf07-8265a8a77aff@group-0D1FBEF284BC:LeaderElection7] INFO  server.RaftServerConfigKeys (ConfUtils.java:logGet(43)) - raft.server.staging.catchup.gap = 1000 (default)
2019-09-19 12:09:54,135 [35717865-8144-46c5-963e-0895e96939ac@group-4CB96557AA13:LeaderElection8] INFO  server.RaftServerConfigKeys (ConfUtils.java:logGet(43)) - raft.server.watch.element-limit = 65536 (default)
2019-09-19 12:09:54,135 [4736e737-07ca-4f6d-84d7-0ed6bd660367@group-4414BCCDBD5C:LeaderElection4] INFO  server.RaftServerConfigKeys (ConfUtils.java:logGet(43)) - raft.server.watch.timeout.denomination = 1s (default)
2019-09-19 12:09:54,135 [03555e6f-e7ac-4c8b-ad84-7222370bb52c@group-0AEF56DAE9E9:LeaderElection9] INFO  server.RaftServerConfigKeys (ConfUtils.java:logGet(43)) - raft.server.watch.timeout.denomination = 1s (default)
2019-09-19 12:09:54,135 [587dad1b-1a08-4278-9ac1-e315232e0934@group-50A9F9A9F427:LeaderElection6] INFO  server.RaftServerConfigKeys (ConfUtils.java:logGet(43)) - raft.server.staging.catchup.gap = 1000 (default)
2019-09-19 12:09:54,136 [03555e6f-e7ac-4c8b-ad84-7222370bb52c@group-0AEF56DAE9E9:LeaderElection9] INFO  server.RaftServerConfigKeys (ConfUtils.java:logGet(43)) - raft.server.watch.element-limit = 65536 (default)
2019-09-19 12:09:54,136 [4736e737-07ca-4f6d-84d7-0ed6bd660367@group-4414BCCDBD5C:LeaderElection4] INFO  server.RaftServerConfigKeys (ConfUtils.java:logGet(43)) - raft.server.watch.element-limit = 65536 (default)
2019-09-19 12:09:54,136 [a409f42d-bc3a-405f-bf07-8265a8a77aff@group-0D1FBEF284BC:LeaderElection7] INFO  server.RaftServerConfigKeys (ConfUtils.java:logGet(43)) - raft.server.rpc.sleep.time = 25ms (default)
2019-09-19 12:09:54,136 [587dad1b-1a08-4278-9ac1-e315232e0934@group-50A9F9A9F427:LeaderElection6] INFO  server.RaftServerConfigKeys (ConfUtils.java:logGet(43)) - raft.server.rpc.sleep.time = 25ms (default)
2019-09-19 12:09:54,137 [a409f42d-bc3a-405f-bf07-8265a8a77aff@group-0D1FBEF284BC:LeaderElection7] INFO  server.RaftServerConfigKeys (ConfUtils.java:logGet(43)) - raft.server.write.element-limit = 4096 (default)
2019-09-19 12:09:54,137 [a409f42d-bc3a-405f-bf07-8265a8a77aff@group-0D1FBEF284BC:LeaderElection7] INFO  server.RaftServerConfigKeys (ConfUtils.java:logGet(43)) - raft.server.watch.timeout = 10s (default)
2019-09-19 12:09:54,137 [587dad1b-1a08-4278-9ac1-e315232e0934@group-50A9F9A9F427:LeaderElection6] INFO  server.RaftServerConfigKeys (ConfUtils.java:logGet(43)) - raft.server.write.element-limit = 4096 (default)
2019-09-19 12:09:54,137 [a409f42d-bc3a-405f-bf07-8265a8a77aff@group-0D1FBEF284BC:LeaderElection7] INFO  server.RaftServerConfigKeys (ConfUtils.java:logGet(43)) - raft.server.watch.timeout.denomination = 1s (default)
2019-09-19 12:09:54,137 [587dad1b-1a08-4278-9ac1-e315232e0934@group-50A9F9A9F427:LeaderElection6] INFO  server.RaftServerConfigKeys (ConfUtils.java:logGet(43)) - raft.server.watch.timeout = 10s (default)
2019-09-19 12:09:54,138 [a409f42d-bc3a-405f-bf07-8265a8a77aff@group-0D1FBEF284BC:LeaderElection7] INFO  server.RaftServerConfigKeys (ConfUtils.java:logGet(43)) - raft.server.watch.element-limit = 65536 (default)
2019-09-19 12:09:54,138 [7c8a32d9-49ab-449b-8cc8-032a8828a8ac@group-3F562E8F0E58-SegmentedRaftLogWorker] INFO  segmented.SegmentedRaftLogWorker (SegmentedRaftLogWorker.java:execute(569)) - 7c8a32d9-49ab-449b-8cc8-032a8828a8ac@group-3F562E8F0E58-SegmentedRaftLogWorker: created new log segment /workdir/hadoop-ozone/integration-test/target/test-dir/MiniOzoneClusterImpl-41742b35-60e3-4bf6-81de-f25e83920b6f/datanode-6/data/ratis/0c17d2d1-6ddd-4ac0-b885-3f562e8f0e58/current/log_inprogress_0
2019-09-19 12:09:54,138 [587dad1b-1a08-4278-9ac1-e315232e0934@group-50A9F9A9F427:LeaderElection6] INFO  server.RaftServerConfigKeys (ConfUtils.java:logGet(43)) - raft.server.watch.timeout.denomination = 1s (default)
2019-09-19 12:09:54,138 [1b83d917-1d73-4cac-8d1d-dc3b4981903d@group-227C1E695BB6-SegmentedRaftLogWorker] INFO  segmented.SegmentedRaftLogWorker (SegmentedRaftLogWorker.java:execute(569)) - 1b83d917-1d73-4cac-8d1d-dc3b4981903d@group-227C1E695BB6-SegmentedRaftLogWorker: created new log segment /workdir/hadoop-ozone/integration-test/target/test-dir/MiniOzoneClusterImpl-41742b35-60e3-4bf6-81de-f25e83920b6f/datanode-8/data/ratis/12a90300-9a72-467e-b777-227c1e695bb6/current/log_inprogress_0
2019-09-19 12:09:54,138 [587dad1b-1a08-4278-9ac1-e315232e0934@group-50A9F9A9F427:LeaderElection6] INFO  server.RaftServerConfigKeys (ConfUtils.java:logGet(43)) - raft.server.watch.element-limit = 65536 (default)
2019-09-19 12:09:54,138 [pool-57-thread-1] INFO  storage.RaftStorage (RaftStorage.java:format(72)) - Storage directory /workdir/hadoop-ozone/integration-test/target/test-dir/MiniOzoneClusterImpl-41742b35-60e3-4bf6-81de-f25e83920b6f/datanode-3/data/ratis/fc99a89c-6aff-4c44-aa09-da9d8d659a88 has been successfully formatted.
2019-09-19 12:09:54,139 [pool-57-thread-1] INFO  ratis.ContainerStateMachine (ContainerStateMachine.java:loadSnapshot(230)) - group-DA9D8D659A88: The snapshot info is null. Setting the last applied indexto:(t:0, i:~)
2019-09-19 12:09:54,139 [pool-57-thread-1] INFO  server.RaftServerConfigKeys (ConfUtils.java:logGet(43)) - raft.server.notification.no-leader.timeout = 120s (custom)
2019-09-19 12:09:54,139 [pool-57-thread-1] INFO  server.RaftServerConfigKeys (ConfUtils.java:logGet(43)) - raft.server.log.use.memory = false (default)
2019-09-19 12:09:54,140 [pool-57-thread-1] INFO  server.RaftServerConfigKeys (ConfUtils.java:logGet(43)) - raft.server.log.purge.gap = 1000000 (custom)
2019-09-19 12:09:54,140 [pool-57-thread-1] INFO  server.RaftServerConfigKeys (ConfUtils.java:logGet(43)) - raft.server.log.appender.buffer.byte-limit = 33554432 (custom)
2019-09-19 12:09:54,140 [pool-57-thread-1] INFO  server.RaftServerConfigKeys (ConfUtils.java:logGet(43)) - raft.server.log.segment.size.max = 1048576 (custom)
2019-09-19 12:09:54,140 [pool-57-thread-1] INFO  server.RaftServerConfigKeys (ConfUtils.java:logGet(43)) - raft.server.log.segment.cache.num.max = 2 (custom)
2019-09-19 12:09:54,140 [pool-57-thread-1] INFO  segmented.SegmentedRaftLogWorker (SegmentedRaftLogWorker.java:<init>(172)) - new 0536a24c-34e3-4c8a-9a31-895de5497f4a@group-DA9D8D659A88-SegmentedRaftLogWorker for RaftStorage:Storage Directory /workdir/hadoop-ozone/integration-test/target/test-dir/MiniOzoneClusterImpl-41742b35-60e3-4bf6-81de-f25e83920b6f/datanode-3/data/ratis/fc99a89c-6aff-4c44-aa09-da9d8d659a88
2019-09-19 12:09:54,145 [9ff75243-8f90-489e-ad4c-fbb8c473db2a@group-D837D86DA98E:LeaderElection5] INFO  impl.RoleInfo (RoleInfo.java:updateAndGet(143)) - 9ff75243-8f90-489e-ad4c-fbb8c473db2a: start LeaderState
2019-09-19 12:09:54,146 [9ff75243-8f90-489e-ad4c-fbb8c473db2a@group-D837D86DA98E:LeaderElection5] INFO  segmented.SegmentedRaftLogWorker (SegmentedRaftLogWorker.java:startLogSegment(380)) - 9ff75243-8f90-489e-ad4c-fbb8c473db2a@group-D837D86DA98E-SegmentedRaftLogWorker: Starting segment from index:0
2019-09-19 12:09:54,146 [9ff75243-8f90-489e-ad4c-fbb8c473db2a@group-D837D86DA98E:LeaderElection5] INFO  impl.RaftServerImpl (ServerState.java:setRaftConf(354)) - 9ff75243-8f90-489e-ad4c-fbb8c473db2a@group-D837D86DA98E: set configuration 0: [9ff75243-8f90-489e-ad4c-fbb8c473db2a:192.168.157.252:45547], old=null at 0
2019-09-19 12:09:54,184 [35717865-8144-46c5-963e-0895e96939ac@group-4CB96557AA13:LeaderElection8] INFO  impl.RoleInfo (RoleInfo.java:updateAndGet(143)) - 35717865-8144-46c5-963e-0895e96939ac: start LeaderState
2019-09-19 12:09:54,184 [35717865-8144-46c5-963e-0895e96939ac@group-4CB96557AA13:LeaderElection8] INFO  segmented.SegmentedRaftLogWorker (SegmentedRaftLogWorker.java:startLogSegment(380)) - 35717865-8144-46c5-963e-0895e96939ac@group-4CB96557AA13-SegmentedRaftLogWorker: Starting segment from index:0
2019-09-19 12:09:54,185 [35717865-8144-46c5-963e-0895e96939ac@group-4CB96557AA13:LeaderElection8] INFO  impl.RaftServerImpl (ServerState.java:setRaftConf(354)) - 35717865-8144-46c5-963e-0895e96939ac@group-4CB96557AA13: set configuration 0: [35717865-8144-46c5-963e-0895e96939ac:192.168.157.252:34648], old=null at 0
2019-09-19 12:09:54,217 [9ff75243-8f90-489e-ad4c-fbb8c473db2a@group-D837D86DA98E-SegmentedRaftLogWorker] INFO  segmented.SegmentedRaftLogWorker (SegmentedRaftLogWorker.java:execute(569)) - 9ff75243-8f90-489e-ad4c-fbb8c473db2a@group-D837D86DA98E-SegmentedRaftLogWorker: created new log segment /workdir/hadoop-ozone/integration-test/target/test-dir/MiniOzoneClusterImpl-41742b35-60e3-4bf6-81de-f25e83920b6f/datanode-5/data/ratis/c91589d0-513f-491c-a6b0-d837d86da98e/current/log_inprogress_0
2019-09-19 12:09:54,219 [4736e737-07ca-4f6d-84d7-0ed6bd660367@group-4414BCCDBD5C:LeaderElection4] INFO  impl.RoleInfo (RoleInfo.java:updateAndGet(143)) - 4736e737-07ca-4f6d-84d7-0ed6bd660367: start LeaderState
2019-09-19 12:09:54,220 [4736e737-07ca-4f6d-84d7-0ed6bd660367@group-4414BCCDBD5C:LeaderElection4] INFO  segmented.SegmentedRaftLogWorker (SegmentedRaftLogWorker.java:startLogSegment(380)) - 4736e737-07ca-4f6d-84d7-0ed6bd660367@group-4414BCCDBD5C-SegmentedRaftLogWorker: Starting segment from index:0
2019-09-19 12:09:54,220 [03555e6f-e7ac-4c8b-ad84-7222370bb52c@group-0AEF56DAE9E9:LeaderElection9] INFO  impl.RoleInfo (RoleInfo.java:updateAndGet(143)) - 03555e6f-e7ac-4c8b-ad84-7222370bb52c: start LeaderState
2019-09-19 12:09:54,220 [a409f42d-bc3a-405f-bf07-8265a8a77aff@group-0D1FBEF284BC:LeaderElection7] INFO  impl.RoleInfo (RoleInfo.java:updateAndGet(143)) - a409f42d-bc3a-405f-bf07-8265a8a77aff: start LeaderState
2019-09-19 12:09:54,220 [4736e737-07ca-4f6d-84d7-0ed6bd660367@group-4414BCCDBD5C:LeaderElection4] INFO  impl.RaftServerImpl (ServerState.java:setRaftConf(354)) - 4736e737-07ca-4f6d-84d7-0ed6bd660367@group-4414BCCDBD5C: set configuration 0: [4736e737-07ca-4f6d-84d7-0ed6bd660367:192.168.157.252:43438], old=null at 0
2019-09-19 12:09:54,220 [03555e6f-e7ac-4c8b-ad84-7222370bb52c@group-0AEF56DAE9E9:LeaderElection9] INFO  segmented.SegmentedRaftLogWorker (SegmentedRaftLogWorker.java:startLogSegment(380)) - 03555e6f-e7ac-4c8b-ad84-7222370bb52c@group-0AEF56DAE9E9-SegmentedRaftLogWorker: Starting segment from index:0
2019-09-19 12:09:54,221 [pool-57-thread-1] INFO  server.RaftServerConfigKeys (ConfUtils.java:logGet(43)) - raft.server.log.queue.byte-limit = 2147483647 (custom)
2019-09-19 12:09:54,220 [587dad1b-1a08-4278-9ac1-e315232e0934@group-50A9F9A9F427:LeaderElection6] INFO  impl.RoleInfo (RoleInfo.java:updateAndGet(143)) - 587dad1b-1a08-4278-9ac1-e315232e0934: start LeaderState
2019-09-19 12:09:54,262 [pool-57-thread-1] INFO  server.RaftServerConfigKeys (ConfUtils.java:logGet(43)) - raft.server.log.queue.element-limit = 1024 (custom)
2019-09-19 12:09:54,221 [a409f42d-bc3a-405f-bf07-8265a8a77aff@group-0D1FBEF284BC:LeaderElection7] INFO  segmented.SegmentedRaftLogWorker (SegmentedRaftLogWorker.java:startLogSegment(380)) - a409f42d-bc3a-405f-bf07-8265a8a77aff@group-0D1FBEF284BC-SegmentedRaftLogWorker: Starting segment from index:0
2019-09-19 12:09:54,261 [35717865-8144-46c5-963e-0895e96939ac@group-4CB96557AA13-SegmentedRaftLogWorker] INFO  segmented.SegmentedRaftLogWorker (SegmentedRaftLogWorker.java:execute(569)) - 35717865-8144-46c5-963e-0895e96939ac@group-4CB96557AA13-SegmentedRaftLogWorker: created new log segment /workdir/hadoop-ozone/integration-test/target/test-dir/MiniOzoneClusterImpl-41742b35-60e3-4bf6-81de-f25e83920b6f/datanode-9/data/ratis/4acbe0ce-4c92-43e8-a96f-4cb96557aa13/current/log_inprogress_0
2019-09-19 12:09:54,262 [587dad1b-1a08-4278-9ac1-e315232e0934@group-50A9F9A9F427:LeaderElection6] INFO  segmented.SegmentedRaftLogWorker (SegmentedRaftLogWorker.java:startLogSegment(380)) - 587dad1b-1a08-4278-9ac1-e315232e0934@group-50A9F9A9F427-SegmentedRaftLogWorker: Starting segment from index:0
2019-09-19 12:09:54,262 [pool-57-thread-1] INFO  server.RaftServerConfigKeys (ConfUtils.java:logGet(43)) - raft.server.log.segment.size.max = 1048576 (custom)
2019-09-19 12:09:54,262 [03555e6f-e7ac-4c8b-ad84-7222370bb52c@group-0AEF56DAE9E9:LeaderElection9] INFO  impl.RaftServerImpl (ServerState.java:setRaftConf(354)) - 03555e6f-e7ac-4c8b-ad84-7222370bb52c@group-0AEF56DAE9E9: set configuration 0: [03555e6f-e7ac-4c8b-ad84-7222370bb52c:192.168.157.252:33098], old=null at 0
2019-09-19 12:09:54,263 [pool-57-thread-1] INFO  server.RaftServerConfigKeys (ConfUtils.java:logGet(43)) - raft.server.log.preallocated.size = 16384 (custom)
2019-09-19 12:09:54,263 [a409f42d-bc3a-405f-bf07-8265a8a77aff@group-0D1FBEF284BC:LeaderElection7] INFO  impl.RaftServerImpl (ServerState.java:setRaftConf(354)) - a409f42d-bc3a-405f-bf07-8265a8a77aff@group-0D1FBEF284BC: set configuration 0: [a409f42d-bc3a-405f-bf07-8265a8a77aff:192.168.157.252:38022], old=null at 0
2019-09-19 12:09:54,307 [587dad1b-1a08-4278-9ac1-e315232e0934@group-50A9F9A9F427:LeaderElection6] INFO  impl.RaftServerImpl (ServerState.java:setRaftConf(354)) - 587dad1b-1a08-4278-9ac1-e315232e0934@group-50A9F9A9F427: set configuration 0: [587dad1b-1a08-4278-9ac1-e315232e0934:192.168.157.252:39759], old=null at 0
2019-09-19 12:09:54,307 [pool-57-thread-1] INFO  server.RaftServerConfigKeys (ConfUtils.java:logGet(43)) - raft.server.log.write.buffer.size = 33554432 (custom)
2019-09-19 12:09:54,307 [4736e737-07ca-4f6d-84d7-0ed6bd660367@group-4414BCCDBD5C-SegmentedRaftLogWorker] INFO  segmented.SegmentedRaftLogWorker (SegmentedRaftLogWorker.java:execute(569)) - 4736e737-07ca-4f6d-84d7-0ed6bd660367@group-4414BCCDBD5C-SegmentedRaftLogWorker: created new log segment /workdir/hadoop-ozone/integration-test/target/test-dir/MiniOzoneClusterImpl-41742b35-60e3-4bf6-81de-f25e83920b6f/datanode-2/data/ratis/34b2993d-3f58-4207-b098-4414bccdbd5c/current/log_inprogress_0
2019-09-19 12:09:54,313 [pool-57-thread-1] INFO  server.RaftServerConfigKeys (ConfUtils.java:logGet(43)) - raft.server.log.force.sync.num = 128 (default)
2019-09-19 12:09:54,314 [pool-57-thread-1] INFO  server.RaftServerConfigKeys (ConfUtils.java:logGet(43)) - raft.server.log.statemachine.data.sync = true (default)
2019-09-19 12:09:54,314 [pool-57-thread-1] INFO  server.RaftServerConfigKeys (ConfUtils.java:logGet(43)) - raft.server.log.statemachine.data.sync.timeout = 10s (default)
2019-09-19 12:09:54,314 [pool-57-thread-1] INFO  server.RaftServerConfigKeys (ConfUtils.java:logGet(43)) - raft.server.log.statemachine.data.sync.timeout.retry = -1 (default)
2019-09-19 12:09:54,315 [pool-57-thread-1] INFO  server.RaftServerConfigKeys (ConfUtils.java:logGet(43)) - raft.server.log.statemachine.data.caching.enabled = true (custom)
2019-09-19 12:09:54,315 [pool-57-thread-1] INFO  segmented.SegmentedRaftLogWorker (SegmentedRaftLogWorker.java:lambda$new$0(132)) - 0536a24c-34e3-4c8a-9a31-895de5497f4a@group-DA9D8D659A88-SegmentedRaftLogWorker: flushIndex: setUnconditionally 0 -> -1
2019-09-19 12:09:54,316 [pool-57-thread-1] INFO  server.RaftServerConfigKeys (ConfUtils.java:logGet(43)) - raft.server.snapshot.auto.trigger.enabled = true (custom)
2019-09-19 12:09:54,316 [pool-57-thread-1] INFO  server.RaftServerConfigKeys (ConfUtils.java:logGet(43)) - raft.server.snapshot.auto.trigger.threshold = 10000 (custom)
2019-09-19 12:09:54,316 [pool-57-thread-1] INFO  server.RaftServerConfigKeys (ConfUtils.java:logGet(43)) - raft.server.snapshot.retention.num.files = -1 (default)
2019-09-19 12:09:54,316 [pool-57-thread-1] INFO  server.RaftServerConfigKeys (ConfUtils.java:logGet(43)) - raft.server.retrycache.expirytime = 600000ms (custom)
2019-09-19 12:09:54,319 [pool-57-thread-1] INFO  impl.RaftServerImpl (RaftServerImpl.java:start(185)) - 0536a24c-34e3-4c8a-9a31-895de5497f4a@group-DA9D8D659A88: start as a follower, conf=-1: [0536a24c-34e3-4c8a-9a31-895de5497f4a:192.168.157.252:36571], old=null
2019-09-19 12:09:54,320 [pool-57-thread-1] INFO  impl.RaftServerImpl (RaftServerImpl.java:setRole(174)) - 0536a24c-34e3-4c8a-9a31-895de5497f4a@group-DA9D8D659A88: changes role from      null to FOLLOWER at term 0 for startAsFollower
2019-09-19 12:09:54,320 [pool-57-thread-1] INFO  impl.RoleInfo (RoleInfo.java:updateAndGet(143)) - 0536a24c-34e3-4c8a-9a31-895de5497f4a: start FollowerState
2019-09-19 12:09:54,320 [pool-57-thread-1] INFO  util.JmxRegister (JmxRegister.java:tryRegister(44)) - Successfully registered JMX Bean with object name Ratis:service=RaftServer,group=group-DA9D8D659A88,id=0536a24c-34e3-4c8a-9a31-895de5497f4a
2019-09-19 12:09:54,320 [587dad1b-1a08-4278-9ac1-e315232e0934@group-50A9F9A9F427-SegmentedRaftLogWorker] INFO  segmented.SegmentedRaftLogWorker (SegmentedRaftLogWorker.java:execute(569)) - 587dad1b-1a08-4278-9ac1-e315232e0934@group-50A9F9A9F427-SegmentedRaftLogWorker: created new log segment /workdir/hadoop-ozone/integration-test/target/test-dir/MiniOzoneClusterImpl-41742b35-60e3-4bf6-81de-f25e83920b6f/datanode-4/data/ratis/20d40328-64e7-4f08-b4d7-50a9f9a9f427/current/log_inprogress_0
2019-09-19 12:09:54,320 [03555e6f-e7ac-4c8b-ad84-7222370bb52c@group-0AEF56DAE9E9-SegmentedRaftLogWorker] INFO  segmented.SegmentedRaftLogWorker (SegmentedRaftLogWorker.java:execute(569)) - 03555e6f-e7ac-4c8b-ad84-7222370bb52c@group-0AEF56DAE9E9-SegmentedRaftLogWorker: created new log segment /workdir/hadoop-ozone/integration-test/target/test-dir/MiniOzoneClusterImpl-41742b35-60e3-4bf6-81de-f25e83920b6f/datanode-1/data/ratis/3a70cc70-ea6d-4720-82fb-0aef56dae9e9/current/log_inprogress_0
2019-09-19 12:09:54,320 [a409f42d-bc3a-405f-bf07-8265a8a77aff@group-0D1FBEF284BC-SegmentedRaftLogWorker] INFO  segmented.SegmentedRaftLogWorker (SegmentedRaftLogWorker.java:execute(569)) - a409f42d-bc3a-405f-bf07-8265a8a77aff@group-0D1FBEF284BC-SegmentedRaftLogWorker: created new log segment /workdir/hadoop-ozone/integration-test/target/test-dir/MiniOzoneClusterImpl-41742b35-60e3-4bf6-81de-f25e83920b6f/datanode-7/data/ratis/275c5100-e66d-4353-a8d3-0d1fbef284bc/current/log_inprogress_0
2019-09-19 12:09:54,330 [RatisPipelineUtilsThread] INFO  pipeline.PipelineStateManager (PipelineStateManager.java:addPipeline(56)) - Created pipeline Pipeline[ Id: fc99a89c-6aff-4c44-aa09-da9d8d659a88, Nodes: 0536a24c-34e3-4c8a-9a31-895de5497f4a{ip: 192.168.157.252, host: pr-hdds-2153-8htts-3549596055, networkLocation: /default-rack, certSerialId: null}, Type:RATIS, Factor:ONE, State:OPEN]
2019-09-19 12:09:54,361 [grpc-default-executor-2] INFO  impl.RaftServerProxy (RaftServerProxy.java:addNew(89)) - 7c8a32d9-49ab-449b-8cc8-032a8828a8ac: addNew group-7041D5508450:[1b83d917-1d73-4cac-8d1d-dc3b4981903d:192.168.157.252:34953, 7c8a32d9-49ab-449b-8cc8-032a8828a8ac:192.168.157.252:41017, 4736e737-07ca-4f6d-84d7-0ed6bd660367:192.168.157.252:43438] returns group-7041D5508450:java.util.concurrent.CompletableFuture@41e47221[Not completed]
2019-09-19 12:09:54,366 [grpc-default-executor-1] INFO  impl.RaftServerProxy (RaftServerProxy.java:addNew(89)) - 1b83d917-1d73-4cac-8d1d-dc3b4981903d: addNew group-7041D5508450:[1b83d917-1d73-4cac-8d1d-dc3b4981903d:192.168.157.252:34953, 7c8a32d9-49ab-449b-8cc8-032a8828a8ac:192.168.157.252:41017, 4736e737-07ca-4f6d-84d7-0ed6bd660367:192.168.157.252:43438] returns group-7041D5508450:java.util.concurrent.CompletableFuture@4d9dca48[Not completed]
2019-09-19 12:09:54,366 [grpc-default-executor-2] INFO  impl.RaftServerProxy (RaftServerProxy.java:addNew(89)) - 4736e737-07ca-4f6d-84d7-0ed6bd660367: addNew group-7041D5508450:[1b83d917-1d73-4cac-8d1d-dc3b4981903d:192.168.157.252:34953, 7c8a32d9-49ab-449b-8cc8-032a8828a8ac:192.168.157.252:41017, 4736e737-07ca-4f6d-84d7-0ed6bd660367:192.168.157.252:43438] returns group-7041D5508450:java.util.concurrent.CompletableFuture@4e6f479[Not completed]
2019-09-19 12:09:54,366 [pool-87-thread-1] INFO  impl.RaftServerImpl (RaftServerImpl.java:<init>(95)) - 7c8a32d9-49ab-449b-8cc8-032a8828a8ac: new RaftServerImpl for group-7041D5508450:[1b83d917-1d73-4cac-8d1d-dc3b4981903d:192.168.157.252:34953, 7c8a32d9-49ab-449b-8cc8-032a8828a8ac:192.168.157.252:41017, 4736e737-07ca-4f6d-84d7-0ed6bd660367:192.168.157.252:43438] with ContainerStateMachine:uninitialized
2019-09-19 12:09:54,367 [pool-87-thread-1] INFO  server.RaftServerConfigKeys (ConfUtils.java:logGet(43)) - raft.server.rpc.timeout.min = 1s (custom)
2019-09-19 12:09:54,367 [pool-87-thread-1] INFO  server.RaftServerConfigKeys (ConfUtils.java:logGet(43)) - raft.server.rpc.timeout.max = 1200ms (custom)
2019-09-19 12:09:54,367 [pool-87-thread-1] INFO  server.RaftServerConfigKeys (ConfUtils.java:logGet(43)) - raft.server.rpcslowness.timeout = 120s (custom)
2019-09-19 12:09:54,367 [pool-87-thread-1] INFO  server.RaftServerConfigKeys (ConfUtils.java:logGet(43)) - raft.server.sleep.deviation.threshold = 300 (default)
2019-09-19 12:09:54,368 [pool-87-thread-1] INFO  server.RaftServerConfigKeys (ConfUtils.java:logGet(43)) - raft.server.log.appender.install.snapshot.enabled = false (custom)
2019-09-19 12:09:54,368 [pool-87-thread-1] INFO  impl.RaftServerImpl (ServerState.java:<init>(103)) - 7c8a32d9-49ab-449b-8cc8-032a8828a8ac@group-7041D5508450: ConfigurationManager, init=-1: [1b83d917-1d73-4cac-8d1d-dc3b4981903d:192.168.157.252:34953, 7c8a32d9-49ab-449b-8cc8-032a8828a8ac:192.168.157.252:41017, 4736e737-07ca-4f6d-84d7-0ed6bd660367:192.168.157.252:43438], old=null, confs=<EMPTY_MAP>
2019-09-19 12:09:54,368 [pool-47-thread-1] INFO  impl.RaftServerImpl (RaftServerImpl.java:<init>(95)) - 4736e737-07ca-4f6d-84d7-0ed6bd660367: new RaftServerImpl for group-7041D5508450:[1b83d917-1d73-4cac-8d1d-dc3b4981903d:192.168.157.252:34953, 7c8a32d9-49ab-449b-8cc8-032a8828a8ac:192.168.157.252:41017, 4736e737-07ca-4f6d-84d7-0ed6bd660367:192.168.157.252:43438] with ContainerStateMachine:uninitialized
2019-09-19 12:09:54,368 [pool-87-thread-1] INFO  server.RaftServerConfigKeys (ConfUtils.java:logGet(43)) - raft.server.storage.dir = [/workdir/hadoop-ozone/integration-test/target/test-dir/MiniOzoneClusterImpl-41742b35-60e3-4bf6-81de-f25e83920b6f/datanode-6/data/ratis] (custom)
2019-09-19 12:09:54,368 [pool-47-thread-1] INFO  server.RaftServerConfigKeys (ConfUtils.java:logGet(43)) - raft.server.rpc.timeout.min = 1s (custom)
2019-09-19 12:09:54,368 [pool-107-thread-1] INFO  impl.RaftServerImpl (RaftServerImpl.java:<init>(95)) - 1b83d917-1d73-4cac-8d1d-dc3b4981903d: new RaftServerImpl for group-7041D5508450:[1b83d917-1d73-4cac-8d1d-dc3b4981903d:192.168.157.252:34953, 7c8a32d9-49ab-449b-8cc8-032a8828a8ac:192.168.157.252:41017, 4736e737-07ca-4f6d-84d7-0ed6bd660367:192.168.157.252:43438] with ContainerStateMachine:uninitialized
2019-09-19 12:09:54,369 [pool-47-thread-1] INFO  server.RaftServerConfigKeys (ConfUtils.java:logGet(43)) - raft.server.rpc.timeout.max = 1200ms (custom)
2019-09-19 12:09:54,369 [pool-87-thread-1] INFO  storage.RaftStorageDirectory (RaftStorageDirectory.java:analyzeStorage(246)) - The storage directory /workdir/hadoop-ozone/integration-test/target/test-dir/MiniOzoneClusterImpl-41742b35-60e3-4bf6-81de-f25e83920b6f/datanode-6/data/ratis/293346ac-77ad-4ab0-9118-7041d5508450 does not exist. Creating ...
2019-09-19 12:09:54,369 [pool-107-thread-1] INFO  server.RaftServerConfigKeys (ConfUtils.java:logGet(43)) - raft.server.rpc.timeout.min = 1s (custom)
2019-09-19 12:09:54,369 [pool-47-thread-1] INFO  server.RaftServerConfigKeys (ConfUtils.java:logGet(43)) - raft.server.rpcslowness.timeout = 120s (custom)
2019-09-19 12:09:54,369 [pool-107-thread-1] INFO  server.RaftServerConfigKeys (ConfUtils.java:logGet(43)) - raft.server.rpc.timeout.max = 1200ms (custom)
2019-09-19 12:09:54,369 [pool-47-thread-1] INFO  server.RaftServerConfigKeys (ConfUtils.java:logGet(43)) - raft.server.sleep.deviation.threshold = 300 (default)
2019-09-19 12:09:54,369 [pool-107-thread-1] INFO  server.RaftServerConfigKeys (ConfUtils.java:logGet(43)) - raft.server.rpcslowness.timeout = 120s (custom)
2019-09-19 12:09:54,370 [pool-47-thread-1] INFO  server.RaftServerConfigKeys (ConfUtils.java:logGet(43)) - raft.server.log.appender.install.snapshot.enabled = false (custom)
2019-09-19 12:09:54,370 [pool-107-thread-1] INFO  server.RaftServerConfigKeys (ConfUtils.java:logGet(43)) - raft.server.sleep.deviation.threshold = 300 (default)
2019-09-19 12:09:54,370 [pool-47-thread-1] INFO  impl.RaftServerImpl (ServerState.java:<init>(103)) - 4736e737-07ca-4f6d-84d7-0ed6bd660367@group-7041D5508450: ConfigurationManager, init=-1: [1b83d917-1d73-4cac-8d1d-dc3b4981903d:192.168.157.252:34953, 7c8a32d9-49ab-449b-8cc8-032a8828a8ac:192.168.157.252:41017, 4736e737-07ca-4f6d-84d7-0ed6bd660367:192.168.157.252:43438], old=null, confs=<EMPTY_MAP>
2019-09-19 12:09:54,370 [pool-107-thread-1] INFO  server.RaftServerConfigKeys (ConfUtils.java:logGet(43)) - raft.server.log.appender.install.snapshot.enabled = false (custom)
2019-09-19 12:09:54,370 [pool-47-thread-1] INFO  server.RaftServerConfigKeys (ConfUtils.java:logGet(43)) - raft.server.storage.dir = [/workdir/hadoop-ozone/integration-test/target/test-dir/MiniOzoneClusterImpl-41742b35-60e3-4bf6-81de-f25e83920b6f/datanode-2/data/ratis] (custom)
2019-09-19 12:09:54,370 [pool-107-thread-1] INFO  impl.RaftServerImpl (ServerState.java:<init>(103)) - 1b83d917-1d73-4cac-8d1d-dc3b4981903d@group-7041D5508450: ConfigurationManager, init=-1: [1b83d917-1d73-4cac-8d1d-dc3b4981903d:192.168.157.252:34953, 7c8a32d9-49ab-449b-8cc8-032a8828a8ac:192.168.157.252:41017, 4736e737-07ca-4f6d-84d7-0ed6bd660367:192.168.157.252:43438], old=null, confs=<EMPTY_MAP>
2019-09-19 12:09:54,370 [pool-107-thread-1] INFO  server.RaftServerConfigKeys (ConfUtils.java:logGet(43)) - raft.server.storage.dir = [/workdir/hadoop-ozone/integration-test/target/test-dir/MiniOzoneClusterImpl-41742b35-60e3-4bf6-81de-f25e83920b6f/datanode-8/data/ratis] (custom)
2019-09-19 12:09:54,371 [pool-47-thread-1] INFO  storage.RaftStorageDirectory (RaftStorageDirectory.java:analyzeStorage(246)) - The storage directory /workdir/hadoop-ozone/integration-test/target/test-dir/MiniOzoneClusterImpl-41742b35-60e3-4bf6-81de-f25e83920b6f/datanode-2/data/ratis/293346ac-77ad-4ab0-9118-7041d5508450 does not exist. Creating ...
2019-09-19 12:09:54,371 [pool-107-thread-1] INFO  storage.RaftStorageDirectory (RaftStorageDirectory.java:analyzeStorage(246)) - The storage directory /workdir/hadoop-ozone/integration-test/target/test-dir/MiniOzoneClusterImpl-41742b35-60e3-4bf6-81de-f25e83920b6f/datanode-8/data/ratis/293346ac-77ad-4ab0-9118-7041d5508450 does not exist. Creating ...
2019-09-19 12:09:54,383 [pool-87-thread-1] INFO  storage.RaftStorageDirectory (RaftStorageDirectory.java:tryLock(328)) - Lock on /workdir/hadoop-ozone/integration-test/target/test-dir/MiniOzoneClusterImpl-41742b35-60e3-4bf6-81de-f25e83920b6f/datanode-6/data/ratis/293346ac-77ad-4ab0-9118-7041d5508450/in_use.lock acquired by nodename 3169@pr-hdds-2153-8htts-3549596055
2019-09-19 12:09:54,383 [pool-47-thread-1] INFO  storage.RaftStorageDirectory (RaftStorageDirectory.java:tryLock(328)) - Lock on /workdir/hadoop-ozone/integration-test/target/test-dir/MiniOzoneClusterImpl-41742b35-60e3-4bf6-81de-f25e83920b6f/datanode-2/data/ratis/293346ac-77ad-4ab0-9118-7041d5508450/in_use.lock acquired by nodename 3169@pr-hdds-2153-8htts-3549596055
2019-09-19 12:09:54,383 [pool-107-thread-1] INFO  storage.RaftStorageDirectory (RaftStorageDirectory.java:tryLock(328)) - Lock on /workdir/hadoop-ozone/integration-test/target/test-dir/MiniOzoneClusterImpl-41742b35-60e3-4bf6-81de-f25e83920b6f/datanode-8/data/ratis/293346ac-77ad-4ab0-9118-7041d5508450/in_use.lock acquired by nodename 3169@pr-hdds-2153-8htts-3549596055
2019-09-19 12:09:54,397 [pool-107-thread-1] INFO  storage.RaftStorage (RaftStorage.java:format(72)) - Storage directory /workdir/hadoop-ozone/integration-test/target/test-dir/MiniOzoneClusterImpl-41742b35-60e3-4bf6-81de-f25e83920b6f/datanode-8/data/ratis/293346ac-77ad-4ab0-9118-7041d5508450 has been successfully formatted.
2019-09-19 12:09:54,397 [pool-47-thread-1] INFO  storage.RaftStorage (RaftStorage.java:format(72)) - Storage directory /workdir/hadoop-ozone/integration-test/target/test-dir/MiniOzoneClusterImpl-41742b35-60e3-4bf6-81de-f25e83920b6f/datanode-2/data/ratis/293346ac-77ad-4ab0-9118-7041d5508450 has been successfully formatted.
2019-09-19 12:09:54,398 [pool-107-thread-1] INFO  ratis.ContainerStateMachine (ContainerStateMachine.java:loadSnapshot(230)) - group-7041D5508450: The snapshot info is null. Setting the last applied indexto:(t:0, i:~)
2019-09-19 12:09:54,397 [pool-87-thread-1] INFO  storage.RaftStorage (RaftStorage.java:format(72)) - Storage directory /workdir/hadoop-ozone/integration-test/target/test-dir/MiniOzoneClusterImpl-41742b35-60e3-4bf6-81de-f25e83920b6f/datanode-6/data/ratis/293346ac-77ad-4ab0-9118-7041d5508450 has been successfully formatted.
2019-09-19 12:09:54,398 [pool-107-thread-1] INFO  server.RaftServerConfigKeys (ConfUtils.java:logGet(43)) - raft.server.notification.no-leader.timeout = 120s (custom)
2019-09-19 12:09:54,398 [pool-47-thread-1] INFO  ratis.ContainerStateMachine (ContainerStateMachine.java:loadSnapshot(230)) - group-7041D5508450: The snapshot info is null. Setting the last applied indexto:(t:0, i:~)
2019-09-19 12:09:54,398 [pool-87-thread-1] INFO  ratis.ContainerStateMachine (ContainerStateMachine.java:loadSnapshot(230)) - group-7041D5508450: The snapshot info is null. Setting the last applied indexto:(t:0, i:~)
2019-09-19 12:09:54,398 [pool-107-thread-1] INFO  server.RaftServerConfigKeys (ConfUtils.java:logGet(43)) - raft.server.log.use.memory = false (default)
2019-09-19 12:09:54,398 [pool-87-thread-1] INFO  server.RaftServerConfigKeys (ConfUtils.java:logGet(43)) - raft.server.notification.no-leader.timeout = 120s (custom)
2019-09-19 12:09:54,398 [pool-47-thread-1] INFO  server.RaftServerConfigKeys (ConfUtils.java:logGet(43)) - raft.server.notification.no-leader.timeout = 120s (custom)
2019-09-19 12:09:54,399 [pool-87-thread-1] INFO  server.RaftServerConfigKeys (ConfUtils.java:logGet(43)) - raft.server.log.use.memory = false (default)
2019-09-19 12:09:54,398 [pool-107-thread-1] INFO  server.RaftServerConfigKeys (ConfUtils.java:logGet(43)) - raft.server.log.purge.gap = 1000000 (custom)
2019-09-19 12:09:54,399 [pool-87-thread-1] INFO  server.RaftServerConfigKeys (ConfUtils.java:logGet(43)) - raft.server.log.purge.gap = 1000000 (custom)
2019-09-19 12:09:54,399 [pool-47-thread-1] INFO  server.RaftServerConfigKeys (ConfUtils.java:logGet(43)) - raft.server.log.use.memory = false (default)
2019-09-19 12:09:54,399 [pool-87-thread-1] INFO  server.RaftServerConfigKeys (ConfUtils.java:logGet(43)) - raft.server.log.appender.buffer.byte-limit = 33554432 (custom)
2019-09-19 12:09:54,399 [pool-107-thread-1] INFO  server.RaftServerConfigKeys (ConfUtils.java:logGet(43)) - raft.server.log.appender.buffer.byte-limit = 33554432 (custom)
2019-09-19 12:09:54,399 [pool-87-thread-1] INFO  server.RaftServerConfigKeys (ConfUtils.java:logGet(43)) - raft.server.log.segment.size.max = 1048576 (custom)
2019-09-19 12:09:54,399 [pool-47-thread-1] INFO  server.RaftServerConfigKeys (ConfUtils.java:logGet(43)) - raft.server.log.purge.gap = 1000000 (custom)
2019-09-19 12:09:54,400 [pool-87-thread-1] INFO  server.RaftServerConfigKeys (ConfUtils.java:logGet(43)) - raft.server.log.segment.cache.num.max = 2 (custom)
2019-09-19 12:09:54,399 [pool-107-thread-1] INFO  server.RaftServerConfigKeys (ConfUtils.java:logGet(43)) - raft.server.log.segment.size.max = 1048576 (custom)
2019-09-19 12:09:54,400 [pool-87-thread-1] INFO  segmented.SegmentedRaftLogWorker (SegmentedRaftLogWorker.java:<init>(172)) - new 7c8a32d9-49ab-449b-8cc8-032a8828a8ac@group-7041D5508450-SegmentedRaftLogWorker for RaftStorage:Storage Directory /workdir/hadoop-ozone/integration-test/target/test-dir/MiniOzoneClusterImpl-41742b35-60e3-4bf6-81de-f25e83920b6f/datanode-6/data/ratis/293346ac-77ad-4ab0-9118-7041d5508450
2019-09-19 12:09:54,400 [pool-47-thread-1] INFO  server.RaftServerConfigKeys (ConfUtils.java:logGet(43)) - raft.server.log.appender.buffer.byte-limit = 33554432 (custom)
2019-09-19 12:09:54,400 [pool-87-thread-1] INFO  server.RaftServerConfigKeys (ConfUtils.java:logGet(43)) - raft.server.log.queue.byte-limit = 2147483647 (custom)
2019-09-19 12:09:54,400 [pool-107-thread-1] INFO  server.RaftServerConfigKeys (ConfUtils.java:logGet(43)) - raft.server.log.segment.cache.num.max = 2 (custom)
2019-09-19 12:09:54,400 [pool-87-thread-1] INFO  server.RaftServerConfigKeys (ConfUtils.java:logGet(43)) - raft.server.log.queue.element-limit = 1024 (custom)
2019-09-19 12:09:54,400 [pool-47-thread-1] INFO  server.RaftServerConfigKeys (ConfUtils.java:logGet(43)) - raft.server.log.segment.size.max = 1048576 (custom)
2019-09-19 12:09:54,401 [pool-87-thread-1] INFO  server.RaftServerConfigKeys (ConfUtils.java:logGet(43)) - raft.server.log.segment.size.max = 1048576 (custom)
2019-09-19 12:09:54,401 [pool-107-thread-1] INFO  segmented.SegmentedRaftLogWorker (SegmentedRaftLogWorker.java:<init>(172)) - new 1b83d917-1d73-4cac-8d1d-dc3b4981903d@group-7041D5508450-SegmentedRaftLogWorker for RaftStorage:Storage Directory /workdir/hadoop-ozone/integration-test/target/test-dir/MiniOzoneClusterImpl-41742b35-60e3-4bf6-81de-f25e83920b6f/datanode-8/data/ratis/293346ac-77ad-4ab0-9118-7041d5508450
2019-09-19 12:09:54,401 [pool-87-thread-1] INFO  server.RaftServerConfigKeys (ConfUtils.java:logGet(43)) - raft.server.log.preallocated.size = 16384 (custom)
2019-09-19 12:09:54,401 [pool-47-thread-1] INFO  server.RaftServerConfigKeys (ConfUtils.java:logGet(43)) - raft.server.log.segment.cache.num.max = 2 (custom)
2019-09-19 12:09:54,401 [pool-87-thread-1] INFO  server.RaftServerConfigKeys (ConfUtils.java:logGet(43)) - raft.server.log.write.buffer.size = 33554432 (custom)
2019-09-19 12:09:54,401 [pool-107-thread-1] INFO  server.RaftServerConfigKeys (ConfUtils.java:logGet(43)) - raft.server.log.queue.byte-limit = 2147483647 (custom)
2019-09-19 12:09:54,402 [pool-87-thread-1] INFO  server.RaftServerConfigKeys (ConfUtils.java:logGet(43)) - raft.server.log.force.sync.num = 128 (default)
2019-09-19 12:09:54,401 [pool-47-thread-1] INFO  segmented.SegmentedRaftLogWorker (SegmentedRaftLogWorker.java:<init>(172)) - new 4736e737-07ca-4f6d-84d7-0ed6bd660367@group-7041D5508450-SegmentedRaftLogWorker for RaftStorage:Storage Directory /workdir/hadoop-ozone/integration-test/target/test-dir/MiniOzoneClusterImpl-41742b35-60e3-4bf6-81de-f25e83920b6f/datanode-2/data/ratis/293346ac-77ad-4ab0-9118-7041d5508450
2019-09-19 12:09:54,402 [pool-87-thread-1] INFO  server.RaftServerConfigKeys (ConfUtils.java:logGet(43)) - raft.server.log.statemachine.data.sync = true (default)
2019-09-19 12:09:54,402 [pool-107-thread-1] INFO  server.RaftServerConfigKeys (ConfUtils.java:logGet(43)) - raft.server.log.queue.element-limit = 1024 (custom)
2019-09-19 12:09:54,402 [pool-87-thread-1] INFO  server.RaftServerConfigKeys (ConfUtils.java:logGet(43)) - raft.server.log.statemachine.data.sync.timeout = 10s (default)
2019-09-19 12:09:54,402 [pool-47-thread-1] INFO  server.RaftServerConfigKeys (ConfUtils.java:logGet(43)) - raft.server.log.queue.byte-limit = 2147483647 (custom)
2019-09-19 12:09:54,402 [pool-87-thread-1] INFO  server.RaftServerConfigKeys (ConfUtils.java:logGet(43)) - raft.server.log.statemachine.data.sync.timeout.retry = -1 (default)
2019-09-19 12:09:54,402 [pool-107-thread-1] INFO  server.RaftServerConfigKeys (ConfUtils.java:logGet(43)) - raft.server.log.segment.size.max = 1048576 (custom)
2019-09-19 12:09:54,403 [pool-47-thread-1] INFO  server.RaftServerConfigKeys (ConfUtils.java:logGet(43)) - raft.server.log.queue.element-limit = 1024 (custom)
2019-09-19 12:09:54,403 [pool-107-thread-1] INFO  server.RaftServerConfigKeys (ConfUtils.java:logGet(43)) - raft.server.log.preallocated.size = 16384 (custom)
2019-09-19 12:09:54,403 [pool-87-thread-1] INFO  server.RaftServerConfigKeys (ConfUtils.java:logGet(43)) - raft.server.log.statemachine.data.caching.enabled = true (custom)
2019-09-19 12:09:54,403 [pool-107-thread-1] INFO  server.RaftServerConfigKeys (ConfUtils.java:logGet(43)) - raft.server.log.write.buffer.size = 33554432 (custom)
2019-09-19 12:09:54,403 [pool-47-thread-1] INFO  server.RaftServerConfigKeys (ConfUtils.java:logGet(43)) - raft.server.log.segment.size.max = 1048576 (custom)
2019-09-19 12:09:54,403 [pool-107-thread-1] INFO  server.RaftServerConfigKeys (ConfUtils.java:logGet(43)) - raft.server.log.force.sync.num = 128 (default)
2019-09-19 12:09:54,403 [pool-87-thread-1] INFO  segmented.SegmentedRaftLogWorker (SegmentedRaftLogWorker.java:lambda$new$0(132)) - 7c8a32d9-49ab-449b-8cc8-032a8828a8ac@group-7041D5508450-SegmentedRaftLogWorker: flushIndex: setUnconditionally 0 -> -1
2019-09-19 12:09:54,403 [pool-47-thread-1] INFO  server.RaftServerConfigKeys (ConfUtils.java:logGet(43)) - raft.server.log.preallocated.size = 16384 (custom)
2019-09-19 12:09:54,403 [pool-107-thread-1] INFO  server.RaftServerConfigKeys (ConfUtils.java:logGet(43)) - raft.server.log.statemachine.data.sync = true (default)
2019-09-19 12:09:54,404 [pool-87-thread-1] INFO  server.RaftServerConfigKeys (ConfUtils.java:logGet(43)) - raft.server.snapshot.auto.trigger.enabled = true (custom)
2019-09-19 12:09:54,404 [pool-47-thread-1] INFO  server.RaftServerConfigKeys (ConfUtils.java:logGet(43)) - raft.server.log.write.buffer.size = 33554432 (custom)
2019-09-19 12:09:54,404 [pool-87-thread-1] INFO  server.RaftServerConfigKeys (ConfUtils.java:logGet(43)) - raft.server.snapshot.auto.trigger.threshold = 10000 (custom)
2019-09-19 12:09:54,404 [pool-107-thread-1] INFO  server.RaftServerConfigKeys (ConfUtils.java:logGet(43)) - raft.server.log.statemachine.data.sync.timeout = 10s (default)
2019-09-19 12:09:54,404 [pool-87-thread-1] INFO  server.RaftServerConfigKeys (ConfUtils.java:logGet(43)) - raft.server.snapshot.retention.num.files = -1 (default)
2019-09-19 12:09:54,404 [pool-47-thread-1] INFO  server.RaftServerConfigKeys (ConfUtils.java:logGet(43)) - raft.server.log.force.sync.num = 128 (default)
2019-09-19 12:09:54,405 [pool-87-thread-1] INFO  server.RaftServerConfigKeys (ConfUtils.java:logGet(43)) - raft.server.retrycache.expirytime = 600000ms (custom)
2019-09-19 12:09:54,404 [pool-107-thread-1] INFO  server.RaftServerConfigKeys (ConfUtils.java:logGet(43)) - raft.server.log.statemachine.data.sync.timeout.retry = -1 (default)
2019-09-19 12:09:54,405 [pool-47-thread-1] INFO  server.RaftServerConfigKeys (ConfUtils.java:logGet(43)) - raft.server.log.statemachine.data.sync = true (default)
2019-09-19 12:09:54,405 [pool-107-thread-1] INFO  server.RaftServerConfigKeys (ConfUtils.java:logGet(43)) - raft.server.log.statemachine.data.caching.enabled = true (custom)
2019-09-19 12:09:54,405 [pool-47-thread-1] INFO  server.RaftServerConfigKeys (ConfUtils.java:logGet(43)) - raft.server.log.statemachine.data.sync.timeout = 10s (default)
2019-09-19 12:09:54,405 [pool-47-thread-1] INFO  server.RaftServerConfigKeys (ConfUtils.java:logGet(43)) - raft.server.log.statemachine.data.sync.timeout.retry = -1 (default)
2019-09-19 12:09:54,405 [pool-107-thread-1] INFO  segmented.SegmentedRaftLogWorker (SegmentedRaftLogWorker.java:lambda$new$0(132)) - 1b83d917-1d73-4cac-8d1d-dc3b4981903d@group-7041D5508450-SegmentedRaftLogWorker: flushIndex: setUnconditionally 0 -> -1
2019-09-19 12:09:54,405 [pool-47-thread-1] INFO  server.RaftServerConfigKeys (ConfUtils.java:logGet(43)) - raft.server.log.statemachine.data.caching.enabled = true (custom)
2019-09-19 12:09:54,406 [pool-107-thread-1] INFO  server.RaftServerConfigKeys (ConfUtils.java:logGet(43)) - raft.server.snapshot.auto.trigger.enabled = true (custom)
2019-09-19 12:09:54,406 [pool-47-thread-1] INFO  segmented.SegmentedRaftLogWorker (SegmentedRaftLogWorker.java:lambda$new$0(132)) - 4736e737-07ca-4f6d-84d7-0ed6bd660367@group-7041D5508450-SegmentedRaftLogWorker: flushIndex: setUnconditionally 0 -> -1
2019-09-19 12:09:54,406 [pool-107-thread-1] INFO  server.RaftServerConfigKeys (ConfUtils.java:logGet(43)) - raft.server.snapshot.auto.trigger.threshold = 10000 (custom)
2019-09-19 12:09:54,406 [pool-107-thread-1] INFO  server.RaftServerConfigKeys (ConfUtils.java:logGet(43)) - raft.server.snapshot.retention.num.files = -1 (default)
2019-09-19 12:09:54,406 [pool-47-thread-1] INFO  server.RaftServerConfigKeys (ConfUtils.java:logGet(43)) - raft.server.snapshot.auto.trigger.enabled = true (custom)
2019-09-19 12:09:54,406 [pool-107-thread-1] INFO  server.RaftServerConfigKeys (ConfUtils.java:logGet(43)) - raft.server.retrycache.expirytime = 600000ms (custom)
2019-09-19 12:09:54,406 [pool-47-thread-1] INFO  server.RaftServerConfigKeys (ConfUtils.java:logGet(43)) - raft.server.snapshot.auto.trigger.threshold = 10000 (custom)
2019-09-19 12:09:54,406 [pool-47-thread-1] INFO  server.RaftServerConfigKeys (ConfUtils.java:logGet(43)) - raft.server.snapshot.retention.num.files = -1 (default)
2019-09-19 12:09:54,407 [pool-47-thread-1] INFO  server.RaftServerConfigKeys (ConfUtils.java:logGet(43)) - raft.server.retrycache.expirytime = 600000ms (custom)
2019-09-19 12:09:54,409 [pool-87-thread-1] INFO  impl.RaftServerImpl (RaftServerImpl.java:start(185)) - 7c8a32d9-49ab-449b-8cc8-032a8828a8ac@group-7041D5508450: start as a follower, conf=-1: [1b83d917-1d73-4cac-8d1d-dc3b4981903d:192.168.157.252:34953, 7c8a32d9-49ab-449b-8cc8-032a8828a8ac:192.168.157.252:41017, 4736e737-07ca-4f6d-84d7-0ed6bd660367:192.168.157.252:43438], old=null
2019-09-19 12:09:54,409 [pool-87-thread-1] INFO  impl.RaftServerImpl (RaftServerImpl.java:setRole(174)) - 7c8a32d9-49ab-449b-8cc8-032a8828a8ac@group-7041D5508450: changes role from      null to FOLLOWER at term 0 for startAsFollower
2019-09-19 12:09:54,409 [pool-87-thread-1] INFO  impl.RoleInfo (RoleInfo.java:updateAndGet(143)) - 7c8a32d9-49ab-449b-8cc8-032a8828a8ac: start FollowerState
2019-09-19 12:09:54,410 [pool-107-thread-1] INFO  impl.RaftServerImpl (RaftServerImpl.java:start(185)) - 1b83d917-1d73-4cac-8d1d-dc3b4981903d@group-7041D5508450: start as a follower, conf=-1: [1b83d917-1d73-4cac-8d1d-dc3b4981903d:192.168.157.252:34953, 7c8a32d9-49ab-449b-8cc8-032a8828a8ac:192.168.157.252:41017, 4736e737-07ca-4f6d-84d7-0ed6bd660367:192.168.157.252:43438], old=null
2019-09-19 12:09:54,410 [pool-107-thread-1] INFO  impl.RaftServerImpl (RaftServerImpl.java:setRole(174)) - 1b83d917-1d73-4cac-8d1d-dc3b4981903d@group-7041D5508450: changes role from      null to FOLLOWER at term 0 for startAsFollower
2019-09-19 12:09:54,410 [pool-107-thread-1] INFO  impl.RoleInfo (RoleInfo.java:updateAndGet(143)) - 1b83d917-1d73-4cac-8d1d-dc3b4981903d: start FollowerState
2019-09-19 12:09:54,410 [pool-87-thread-1] INFO  util.JmxRegister (JmxRegister.java:tryRegister(44)) - Successfully registered JMX Bean with object name Ratis:service=RaftServer,group=group-7041D5508450,id=7c8a32d9-49ab-449b-8cc8-032a8828a8ac
2019-09-19 12:09:54,410 [pool-47-thread-1] INFO  impl.RaftServerImpl (RaftServerImpl.java:start(185)) - 4736e737-07ca-4f6d-84d7-0ed6bd660367@group-7041D5508450: start as a follower, conf=-1: [1b83d917-1d73-4cac-8d1d-dc3b4981903d:192.168.157.252:34953, 7c8a32d9-49ab-449b-8cc8-032a8828a8ac:192.168.157.252:41017, 4736e737-07ca-4f6d-84d7-0ed6bd660367:192.168.157.252:43438], old=null
2019-09-19 12:09:54,410 [pool-107-thread-1] INFO  util.JmxRegister (JmxRegister.java:tryRegister(44)) - Successfully registered JMX Bean with object name Ratis:service=RaftServer,group=group-7041D5508450,id=1b83d917-1d73-4cac-8d1d-dc3b4981903d
2019-09-19 12:09:54,410 [pool-47-thread-1] INFO  impl.RaftServerImpl (RaftServerImpl.java:setRole(174)) - 4736e737-07ca-4f6d-84d7-0ed6bd660367@group-7041D5508450: changes role from      null to FOLLOWER at term 0 for startAsFollower
2019-09-19 12:09:54,410 [pool-47-thread-1] INFO  impl.RoleInfo (RoleInfo.java:updateAndGet(143)) - 4736e737-07ca-4f6d-84d7-0ed6bd660367: start FollowerState
2019-09-19 12:09:54,411 [pool-47-thread-1] INFO  util.JmxRegister (JmxRegister.java:tryRegister(44)) - Successfully registered JMX Bean with object name Ratis:service=RaftServer,group=group-7041D5508450,id=4736e737-07ca-4f6d-84d7-0ed6bd660367
2019-09-19 12:09:54,440 [RatisPipelineUtilsThread] INFO  pipeline.PipelineStateManager (PipelineStateManager.java:addPipeline(56)) - Created pipeline Pipeline[ Id: 293346ac-77ad-4ab0-9118-7041d5508450, Nodes: 1b83d917-1d73-4cac-8d1d-dc3b4981903d{ip: 192.168.157.252, host: pr-hdds-2153-8htts-3549596055, networkLocation: /default-rack, certSerialId: null}7c8a32d9-49ab-449b-8cc8-032a8828a8ac{ip: 192.168.157.252, host: pr-hdds-2153-8htts-3549596055, networkLocation: /default-rack, certSerialId: null}4736e737-07ca-4f6d-84d7-0ed6bd660367{ip: 192.168.157.252, host: pr-hdds-2153-8htts-3549596055, networkLocation: /default-rack, certSerialId: null}, Type:RATIS, Factor:THREE, State:OPEN]
2019-09-19 12:09:54,459 [grpc-default-executor-0] INFO  impl.RaftServerProxy (RaftServerProxy.java:addNew(89)) - 587dad1b-1a08-4278-9ac1-e315232e0934: addNew group-82AF4051E50B:[9ff75243-8f90-489e-ad4c-fbb8c473db2a:192.168.157.252:45547, 587dad1b-1a08-4278-9ac1-e315232e0934:192.168.157.252:39759, a409f42d-bc3a-405f-bf07-8265a8a77aff:192.168.157.252:38022] returns group-82AF4051E50B:java.util.concurrent.CompletableFuture@1f698d95[Not completed]
2019-09-19 12:09:54,459 [grpc-default-executor-1] INFO  impl.RaftServerProxy (RaftServerProxy.java:addNew(89)) - 9ff75243-8f90-489e-ad4c-fbb8c473db2a: addNew group-82AF4051E50B:[9ff75243-8f90-489e-ad4c-fbb8c473db2a:192.168.157.252:45547, 587dad1b-1a08-4278-9ac1-e315232e0934:192.168.157.252:39759, a409f42d-bc3a-405f-bf07-8265a8a77aff:192.168.157.252:38022] returns group-82AF4051E50B:java.util.concurrent.CompletableFuture@629941d5[Not completed]
2019-09-19 12:09:54,462 [pool-67-thread-1] INFO  impl.RaftServerImpl (RaftServerImpl.java:<init>(95)) - 587dad1b-1a08-4278-9ac1-e315232e0934: new RaftServerImpl for group-82AF4051E50B:[9ff75243-8f90-489e-ad4c-fbb8c473db2a:192.168.157.252:45547, 587dad1b-1a08-4278-9ac1-e315232e0934:192.168.157.252:39759, a409f42d-bc3a-405f-bf07-8265a8a77aff:192.168.157.252:38022] with ContainerStateMachine:uninitialized
2019-09-19 12:09:54,464 [pool-67-thread-1] INFO  server.RaftServerConfigKeys (ConfUtils.java:logGet(43)) - raft.server.rpc.timeout.min = 1s (custom)
2019-09-19 12:09:54,464 [pool-67-thread-1] INFO  server.RaftServerConfigKeys (ConfUtils.java:logGet(43)) - raft.server.rpc.timeout.max = 1200ms (custom)
2019-09-19 12:09:54,464 [pool-67-thread-1] INFO  server.RaftServerConfigKeys (ConfUtils.java:logGet(43)) - raft.server.rpcslowness.timeout = 120s (custom)
2019-09-19 12:09:54,464 [pool-67-thread-1] INFO  server.RaftServerConfigKeys (ConfUtils.java:logGet(43)) - raft.server.sleep.deviation.threshold = 300 (default)
2019-09-19 12:09:54,464 [pool-67-thread-1] INFO  server.RaftServerConfigKeys (ConfUtils.java:logGet(43)) - raft.server.log.appender.install.snapshot.enabled = false (custom)
2019-09-19 12:09:54,464 [pool-67-thread-1] INFO  impl.RaftServerImpl (ServerState.java:<init>(103)) - 587dad1b-1a08-4278-9ac1-e315232e0934@group-82AF4051E50B: ConfigurationManager, init=-1: [9ff75243-8f90-489e-ad4c-fbb8c473db2a:192.168.157.252:45547, 587dad1b-1a08-4278-9ac1-e315232e0934:192.168.157.252:39759, a409f42d-bc3a-405f-bf07-8265a8a77aff:192.168.157.252:38022], old=null, confs=<EMPTY_MAP>
2019-09-19 12:09:54,464 [pool-67-thread-1] INFO  server.RaftServerConfigKeys (ConfUtils.java:logGet(43)) - raft.server.storage.dir = [/workdir/hadoop-ozone/integration-test/target/test-dir/MiniOzoneClusterImpl-41742b35-60e3-4bf6-81de-f25e83920b6f/datanode-4/data/ratis] (custom)
2019-09-19 12:09:54,465 [grpc-default-executor-1] INFO  impl.RaftServerProxy (RaftServerProxy.java:addNew(89)) - a409f42d-bc3a-405f-bf07-8265a8a77aff: addNew group-82AF4051E50B:[9ff75243-8f90-489e-ad4c-fbb8c473db2a:192.168.157.252:45547, 587dad1b-1a08-4278-9ac1-e315232e0934:192.168.157.252:39759, a409f42d-bc3a-405f-bf07-8265a8a77aff:192.168.157.252:38022] returns group-82AF4051E50B:java.util.concurrent.CompletableFuture@395d3555[Not completed]
2019-09-19 12:09:54,465 [pool-67-thread-1] INFO  storage.RaftStorageDirectory (RaftStorageDirectory.java:analyzeStorage(246)) - The storage directory /workdir/hadoop-ozone/integration-test/target/test-dir/MiniOzoneClusterImpl-41742b35-60e3-4bf6-81de-f25e83920b6f/datanode-4/data/ratis/dcea782e-2ecf-47a0-b031-82af4051e50b does not exist. Creating ...
2019-09-19 12:09:54,465 [pool-77-thread-1] INFO  impl.RaftServerImpl (RaftServerImpl.java:<init>(95)) - 9ff75243-8f90-489e-ad4c-fbb8c473db2a: new RaftServerImpl for group-82AF4051E50B:[9ff75243-8f90-489e-ad4c-fbb8c473db2a:192.168.157.252:45547, 587dad1b-1a08-4278-9ac1-e315232e0934:192.168.157.252:39759, a409f42d-bc3a-405f-bf07-8265a8a77aff:192.168.157.252:38022] with ContainerStateMachine:uninitialized
2019-09-19 12:09:54,465 [pool-77-thread-1] INFO  server.RaftServerConfigKeys (ConfUtils.java:logGet(43)) - raft.server.rpc.timeout.min = 1s (custom)
2019-09-19 12:09:54,466 [pool-77-thread-1] INFO  server.RaftServerConfigKeys (ConfUtils.java:logGet(43)) - raft.server.rpc.timeout.max = 1200ms (custom)
2019-09-19 12:09:54,466 [pool-97-thread-1] INFO  impl.RaftServerImpl (RaftServerImpl.java:<init>(95)) - a409f42d-bc3a-405f-bf07-8265a8a77aff: new RaftServerImpl for group-82AF4051E50B:[9ff75243-8f90-489e-ad4c-fbb8c473db2a:192.168.157.252:45547, 587dad1b-1a08-4278-9ac1-e315232e0934:192.168.157.252:39759, a409f42d-bc3a-405f-bf07-8265a8a77aff:192.168.157.252:38022] with ContainerStateMachine:uninitialized
2019-09-19 12:09:54,466 [pool-77-thread-1] INFO  server.RaftServerConfigKeys (ConfUtils.java:logGet(43)) - raft.server.rpcslowness.timeout = 120s (custom)
2019-09-19 12:09:54,466 [pool-97-thread-1] INFO  server.RaftServerConfigKeys (ConfUtils.java:logGet(43)) - raft.server.rpc.timeout.min = 1s (custom)
2019-09-19 12:09:54,466 [pool-77-thread-1] INFO  server.RaftServerConfigKeys (ConfUtils.java:logGet(43)) - raft.server.sleep.deviation.threshold = 300 (default)
2019-09-19 12:09:54,466 [pool-97-thread-1] INFO  server.RaftServerConfigKeys (ConfUtils.java:logGet(43)) - raft.server.rpc.timeout.max = 1200ms (custom)
2019-09-19 12:09:54,466 [pool-77-thread-1] INFO  server.RaftServerConfigKeys (ConfUtils.java:logGet(43)) - raft.server.log.appender.install.snapshot.enabled = false (custom)
2019-09-19 12:09:54,467 [pool-97-thread-1] INFO  server.RaftServerConfigKeys (ConfUtils.java:logGet(43)) - raft.server.rpcslowness.timeout = 120s (custom)
2019-09-19 12:09:54,467 [pool-77-thread-1] INFO  impl.RaftServerImpl (ServerState.java:<init>(103)) - 9ff75243-8f90-489e-ad4c-fbb8c473db2a@group-82AF4051E50B: ConfigurationManager, init=-1: [9ff75243-8f90-489e-ad4c-fbb8c473db2a:192.168.157.252:45547, 587dad1b-1a08-4278-9ac1-e315232e0934:192.168.157.252:39759, a409f42d-bc3a-405f-bf07-8265a8a77aff:192.168.157.252:38022], old=null, confs=<EMPTY_MAP>
2019-09-19 12:09:54,467 [pool-97-thread-1] INFO  server.RaftServerConfigKeys (ConfUtils.java:logGet(43)) - raft.server.sleep.deviation.threshold = 300 (default)
2019-09-19 12:09:54,467 [pool-97-thread-1] INFO  server.RaftServerConfigKeys (ConfUtils.java:logGet(43)) - raft.server.log.appender.install.snapshot.enabled = false (custom)
2019-09-19 12:09:54,467 [pool-77-thread-1] INFO  server.RaftServerConfigKeys (ConfUtils.java:logGet(43)) - raft.server.storage.dir = [/workdir/hadoop-ozone/integration-test/target/test-dir/MiniOzoneClusterImpl-41742b35-60e3-4bf6-81de-f25e83920b6f/datanode-5/data/ratis] (custom)
2019-09-19 12:09:54,467 [pool-97-thread-1] INFO  impl.RaftServerImpl (ServerState.java:<init>(103)) - a409f42d-bc3a-405f-bf07-8265a8a77aff@group-82AF4051E50B: ConfigurationManager, init=-1: [9ff75243-8f90-489e-ad4c-fbb8c473db2a:192.168.157.252:45547, 587dad1b-1a08-4278-9ac1-e315232e0934:192.168.157.252:39759, a409f42d-bc3a-405f-bf07-8265a8a77aff:192.168.157.252:38022], old=null, confs=<EMPTY_MAP>
2019-09-19 12:09:54,467 [pool-97-thread-1] INFO  server.RaftServerConfigKeys (ConfUtils.java:logGet(43)) - raft.server.storage.dir = [/workdir/hadoop-ozone/integration-test/target/test-dir/MiniOzoneClusterImpl-41742b35-60e3-4bf6-81de-f25e83920b6f/datanode-7/data/ratis] (custom)
2019-09-19 12:09:54,467 [pool-77-thread-1] INFO  storage.RaftStorageDirectory (RaftStorageDirectory.java:analyzeStorage(246)) - The storage directory /workdir/hadoop-ozone/integration-test/target/test-dir/MiniOzoneClusterImpl-41742b35-60e3-4bf6-81de-f25e83920b6f/datanode-5/data/ratis/dcea782e-2ecf-47a0-b031-82af4051e50b does not exist. Creating ...
2019-09-19 12:09:54,468 [pool-97-thread-1] INFO  storage.RaftStorageDirectory (RaftStorageDirectory.java:analyzeStorage(246)) - The storage directory /workdir/hadoop-ozone/integration-test/target/test-dir/MiniOzoneClusterImpl-41742b35-60e3-4bf6-81de-f25e83920b6f/datanode-7/data/ratis/dcea782e-2ecf-47a0-b031-82af4051e50b does not exist. Creating ...
2019-09-19 12:09:54,478 [pool-67-thread-1] INFO  storage.RaftStorageDirectory (RaftStorageDirectory.java:tryLock(328)) - Lock on /workdir/hadoop-ozone/integration-test/target/test-dir/MiniOzoneClusterImpl-41742b35-60e3-4bf6-81de-f25e83920b6f/datanode-4/data/ratis/dcea782e-2ecf-47a0-b031-82af4051e50b/in_use.lock acquired by nodename 3169@pr-hdds-2153-8htts-3549596055
2019-09-19 12:09:54,478 [pool-77-thread-1] INFO  storage.RaftStorageDirectory (RaftStorageDirectory.java:tryLock(328)) - Lock on /workdir/hadoop-ozone/integration-test/target/test-dir/MiniOzoneClusterImpl-41742b35-60e3-4bf6-81de-f25e83920b6f/datanode-5/data/ratis/dcea782e-2ecf-47a0-b031-82af4051e50b/in_use.lock acquired by nodename 3169@pr-hdds-2153-8htts-3549596055
2019-09-19 12:09:54,478 [pool-97-thread-1] INFO  storage.RaftStorageDirectory (RaftStorageDirectory.java:tryLock(328)) - Lock on /workdir/hadoop-ozone/integration-test/target/test-dir/MiniOzoneClusterImpl-41742b35-60e3-4bf6-81de-f25e83920b6f/datanode-7/data/ratis/dcea782e-2ecf-47a0-b031-82af4051e50b/in_use.lock acquired by nodename 3169@pr-hdds-2153-8htts-3549596055
2019-09-19 12:09:54,492 [pool-77-thread-1] INFO  storage.RaftStorage (RaftStorage.java:format(72)) - Storage directory /workdir/hadoop-ozone/integration-test/target/test-dir/MiniOzoneClusterImpl-41742b35-60e3-4bf6-81de-f25e83920b6f/datanode-5/data/ratis/dcea782e-2ecf-47a0-b031-82af4051e50b has been successfully formatted.
2019-09-19 12:09:54,492 [pool-67-thread-1] INFO  storage.RaftStorage (RaftStorage.java:format(72)) - Storage directory /workdir/hadoop-ozone/integration-test/target/test-dir/MiniOzoneClusterImpl-41742b35-60e3-4bf6-81de-f25e83920b6f/datanode-4/data/ratis/dcea782e-2ecf-47a0-b031-82af4051e50b has been successfully formatted.
2019-09-19 12:09:54,492 [pool-97-thread-1] INFO  storage.RaftStorage (RaftStorage.java:format(72)) - Storage directory /workdir/hadoop-ozone/integration-test/target/test-dir/MiniOzoneClusterImpl-41742b35-60e3-4bf6-81de-f25e83920b6f/datanode-7/data/ratis/dcea782e-2ecf-47a0-b031-82af4051e50b has been successfully formatted.
2019-09-19 12:09:54,492 [pool-67-thread-1] INFO  ratis.ContainerStateMachine (ContainerStateMachine.java:loadSnapshot(230)) - group-82AF4051E50B: The snapshot info is null. Setting the last applied indexto:(t:0, i:~)
2019-09-19 12:09:54,492 [pool-77-thread-1] INFO  ratis.ContainerStateMachine (ContainerStateMachine.java:loadSnapshot(230)) - group-82AF4051E50B: The snapshot info is null. Setting the last applied indexto:(t:0, i:~)
2019-09-19 12:09:54,493 [pool-67-thread-1] INFO  server.RaftServerConfigKeys (ConfUtils.java:logGet(43)) - raft.server.notification.no-leader.timeout = 120s (custom)
2019-09-19 12:09:54,493 [pool-97-thread-1] INFO  ratis.ContainerStateMachine (ContainerStateMachine.java:loadSnapshot(230)) - group-82AF4051E50B: The snapshot info is null. Setting the last applied indexto:(t:0, i:~)
2019-09-19 12:09:54,493 [pool-67-thread-1] INFO  server.RaftServerConfigKeys (ConfUtils.java:logGet(43)) - raft.server.log.use.memory = false (default)
2019-09-19 12:09:54,493 [pool-77-thread-1] INFO  server.RaftServerConfigKeys (ConfUtils.java:logGet(43)) - raft.server.notification.no-leader.timeout = 120s (custom)
2019-09-19 12:09:54,493 [pool-67-thread-1] INFO  server.RaftServerConfigKeys (ConfUtils.java:logGet(43)) - raft.server.log.purge.gap = 1000000 (custom)
2019-09-19 12:09:54,493 [pool-97-thread-1] INFO  server.RaftServerConfigKeys (ConfUtils.java:logGet(43)) - raft.server.notification.no-leader.timeout = 120s (custom)
2019-09-19 12:09:54,493 [pool-67-thread-1] INFO  server.RaftServerConfigKeys (ConfUtils.java:logGet(43)) - raft.server.log.appender.buffer.byte-limit = 33554432 (custom)
2019-09-19 12:09:54,493 [pool-77-thread-1] INFO  server.RaftServerConfigKeys (ConfUtils.java:logGet(43)) - raft.server.log.use.memory = false (default)
2019-09-19 12:09:54,493 [pool-67-thread-1] INFO  server.RaftServerConfigKeys (ConfUtils.java:logGet(43)) - raft.server.log.segment.size.max = 1048576 (custom)
2019-09-19 12:09:54,493 [pool-97-thread-1] INFO  server.RaftServerConfigKeys (ConfUtils.java:logGet(43)) - raft.server.log.use.memory = false (default)
2019-09-19 12:09:54,494 [pool-67-thread-1] INFO  server.RaftServerConfigKeys (ConfUtils.java:logGet(43)) - raft.server.log.segment.cache.num.max = 2 (custom)
2019-09-19 12:09:54,493 [pool-77-thread-1] INFO  server.RaftServerConfigKeys (ConfUtils.java:logGet(43)) - raft.server.log.purge.gap = 1000000 (custom)
2019-09-19 12:09:54,494 [pool-67-thread-1] INFO  segmented.SegmentedRaftLogWorker (SegmentedRaftLogWorker.java:<init>(172)) - new 587dad1b-1a08-4278-9ac1-e315232e0934@group-82AF4051E50B-SegmentedRaftLogWorker for RaftStorage:Storage Directory /workdir/hadoop-ozone/integration-test/target/test-dir/MiniOzoneClusterImpl-41742b35-60e3-4bf6-81de-f25e83920b6f/datanode-4/data/ratis/dcea782e-2ecf-47a0-b031-82af4051e50b
2019-09-19 12:09:54,494 [pool-97-thread-1] INFO  server.RaftServerConfigKeys (ConfUtils.java:logGet(43)) - raft.server.log.purge.gap = 1000000 (custom)
2019-09-19 12:09:54,494 [pool-67-thread-1] INFO  server.RaftServerConfigKeys (ConfUtils.java:logGet(43)) - raft.server.log.queue.byte-limit = 2147483647 (custom)
2019-09-19 12:09:54,494 [pool-77-thread-1] INFO  server.RaftServerConfigKeys (ConfUtils.java:logGet(43)) - raft.server.log.appender.buffer.byte-limit = 33554432 (custom)
2019-09-19 12:09:54,494 [pool-67-thread-1] INFO  server.RaftServerConfigKeys (ConfUtils.java:logGet(43)) - raft.server.log.queue.element-limit = 1024 (custom)
2019-09-19 12:09:54,494 [pool-97-thread-1] INFO  server.RaftServerConfigKeys (ConfUtils.java:logGet(43)) - raft.server.log.appender.buffer.byte-limit = 33554432 (custom)
2019-09-19 12:09:54,494 [pool-67-thread-1] INFO  server.RaftServerConfigKeys (ConfUtils.java:logGet(43)) - raft.server.log.segment.size.max = 1048576 (custom)
2019-09-19 12:09:54,494 [pool-77-thread-1] INFO  server.RaftServerConfigKeys (ConfUtils.java:logGet(43)) - raft.server.log.segment.size.max = 1048576 (custom)
2019-09-19 12:09:54,495 [pool-67-thread-1] INFO  server.RaftServerConfigKeys (ConfUtils.java:logGet(43)) - raft.server.log.preallocated.size = 16384 (custom)
2019-09-19 12:09:54,494 [pool-97-thread-1] INFO  server.RaftServerConfigKeys (ConfUtils.java:logGet(43)) - raft.server.log.segment.size.max = 1048576 (custom)
2019-09-19 12:09:54,495 [pool-67-thread-1] INFO  server.RaftServerConfigKeys (ConfUtils.java:logGet(43)) - raft.server.log.write.buffer.size = 33554432 (custom)
2019-09-19 12:09:54,495 [pool-77-thread-1] INFO  server.RaftServerConfigKeys (ConfUtils.java:logGet(43)) - raft.server.log.segment.cache.num.max = 2 (custom)
2019-09-19 12:09:54,495 [pool-67-thread-1] INFO  server.RaftServerConfigKeys (ConfUtils.java:logGet(43)) - raft.server.log.force.sync.num = 128 (default)
2019-09-19 12:09:54,495 [pool-97-thread-1] INFO  server.RaftServerConfigKeys (ConfUtils.java:logGet(43)) - raft.server.log.segment.cache.num.max = 2 (custom)
2019-09-19 12:09:54,495 [pool-67-thread-1] INFO  server.RaftServerConfigKeys (ConfUtils.java:logGet(43)) - raft.server.log.statemachine.data.sync = true (default)
2019-09-19 12:09:54,495 [pool-77-thread-1] INFO  segmented.SegmentedRaftLogWorker (SegmentedRaftLogWorker.java:<init>(172)) - new 9ff75243-8f90-489e-ad4c-fbb8c473db2a@group-82AF4051E50B-SegmentedRaftLogWorker for RaftStorage:Storage Directory /workdir/hadoop-ozone/integration-test/target/test-dir/MiniOzoneClusterImpl-41742b35-60e3-4bf6-81de-f25e83920b6f/datanode-5/data/ratis/dcea782e-2ecf-47a0-b031-82af4051e50b
2019-09-19 12:09:54,495 [pool-67-thread-1] INFO  server.RaftServerConfigKeys (ConfUtils.java:logGet(43)) - raft.server.log.statemachine.data.sync.timeout = 10s (default)
2019-09-19 12:09:54,495 [pool-97-thread-1] INFO  segmented.SegmentedRaftLogWorker (SegmentedRaftLogWorker.java:<init>(172)) - new a409f42d-bc3a-405f-bf07-8265a8a77aff@group-82AF4051E50B-SegmentedRaftLogWorker for RaftStorage:Storage Directory /workdir/hadoop-ozone/integration-test/target/test-dir/MiniOzoneClusterImpl-41742b35-60e3-4bf6-81de-f25e83920b6f/datanode-7/data/ratis/dcea782e-2ecf-47a0-b031-82af4051e50b
2019-09-19 12:09:54,495 [pool-67-thread-1] INFO  server.RaftServerConfigKeys (ConfUtils.java:logGet(43)) - raft.server.log.statemachine.data.sync.timeout.retry = -1 (default)
2019-09-19 12:09:54,495 [pool-77-thread-1] INFO  server.RaftServerConfigKeys (ConfUtils.java:logGet(43)) - raft.server.log.queue.byte-limit = 2147483647 (custom)
2019-09-19 12:09:54,496 [pool-97-thread-1] INFO  server.RaftServerConfigKeys (ConfUtils.java:logGet(43)) - raft.server.log.queue.byte-limit = 2147483647 (custom)
2019-09-19 12:09:54,496 [pool-77-thread-1] INFO  server.RaftServerConfigKeys (ConfUtils.java:logGet(43)) - raft.server.log.queue.element-limit = 1024 (custom)
2019-09-19 12:09:54,496 [pool-67-thread-1] INFO  server.RaftServerConfigKeys (ConfUtils.java:logGet(43)) - raft.server.log.statemachine.data.caching.enabled = true (custom)
2019-09-19 12:09:54,496 [pool-77-thread-1] INFO  server.RaftServerConfigKeys (ConfUtils.java:logGet(43)) - raft.server.log.segment.size.max = 1048576 (custom)
2019-09-19 12:09:54,496 [pool-97-thread-1] INFO  server.RaftServerConfigKeys (ConfUtils.java:logGet(43)) - raft.server.log.queue.element-limit = 1024 (custom)
2019-09-19 12:09:54,496 [pool-67-thread-1] INFO  segmented.SegmentedRaftLogWorker (SegmentedRaftLogWorker.java:lambda$new$0(132)) - 587dad1b-1a08-4278-9ac1-e315232e0934@group-82AF4051E50B-SegmentedRaftLogWorker: flushIndex: setUnconditionally 0 -> -1
2019-09-19 12:09:54,496 [pool-77-thread-1] INFO  server.RaftServerConfigKeys (ConfUtils.java:logGet(43)) - raft.server.log.preallocated.size = 16384 (custom)
2019-09-19 12:09:54,496 [pool-97-thread-1] INFO  server.RaftServerConfigKeys (ConfUtils.java:logGet(43)) - raft.server.log.segment.size.max = 1048576 (custom)
2019-09-19 12:09:54,497 [pool-77-thread-1] INFO  server.RaftServerConfigKeys (ConfUtils.java:logGet(43)) - raft.server.log.write.buffer.size = 33554432 (custom)
2019-09-19 12:09:54,497 [pool-67-thread-1] INFO  server.RaftServerConfigKeys (ConfUtils.java:logGet(43)) - raft.server.snapshot.auto.trigger.enabled = true (custom)
2019-09-19 12:09:54,497 [pool-97-thread-1] INFO  server.RaftServerConfigKeys (ConfUtils.java:logGet(43)) - raft.server.log.preallocated.size = 16384 (custom)
2019-09-19 12:09:54,497 [pool-67-thread-1] INFO  server.RaftServerConfigKeys (ConfUtils.java:logGet(43)) - raft.server.snapshot.auto.trigger.threshold = 10000 (custom)
2019-09-19 12:09:54,497 [pool-77-thread-1] INFO  server.RaftServerConfigKeys (ConfUtils.java:logGet(43)) - raft.server.log.force.sync.num = 128 (default)
2019-09-19 12:09:54,497 [pool-67-thread-1] INFO  server.RaftServerConfigKeys (ConfUtils.java:logGet(43)) - raft.server.snapshot.retention.num.files = -1 (default)
2019-09-19 12:09:54,497 [pool-97-thread-1] INFO  server.RaftServerConfigKeys (ConfUtils.java:logGet(43)) - raft.server.log.write.buffer.size = 33554432 (custom)
2019-09-19 12:09:54,497 [pool-67-thread-1] INFO  server.RaftServerConfigKeys (ConfUtils.java:logGet(43)) - raft.server.retrycache.expirytime = 600000ms (custom)
2019-09-19 12:09:54,497 [pool-77-thread-1] INFO  server.RaftServerConfigKeys (ConfUtils.java:logGet(43)) - raft.server.log.statemachine.data.sync = true (default)
2019-09-19 12:09:54,497 [pool-97-thread-1] INFO  server.RaftServerConfigKeys (ConfUtils.java:logGet(43)) - raft.server.log.force.sync.num = 128 (default)
2019-09-19 12:09:54,498 [pool-77-thread-1] INFO  server.RaftServerConfigKeys (ConfUtils.java:logGet(43)) - raft.server.log.statemachine.data.sync.timeout = 10s (default)
2019-09-19 12:09:54,498 [pool-97-thread-1] INFO  server.RaftServerConfigKeys (ConfUtils.java:logGet(43)) - raft.server.log.statemachine.data.sync = true (default)
2019-09-19 12:09:54,498 [pool-77-thread-1] INFO  server.RaftServerConfigKeys (ConfUtils.java:logGet(43)) - raft.server.log.statemachine.data.sync.timeout.retry = -1 (default)
2019-09-19 12:09:54,498 [pool-97-thread-1] INFO  server.RaftServerConfigKeys (ConfUtils.java:logGet(43)) - raft.server.log.statemachine.data.sync.timeout = 10s (default)
2019-09-19 12:09:54,498 [pool-97-thread-1] INFO  server.RaftServerConfigKeys (ConfUtils.java:logGet(43)) - raft.server.log.statemachine.data.sync.timeout.retry = -1 (default)
2019-09-19 12:09:54,498 [pool-77-thread-1] INFO  server.RaftServerConfigKeys (ConfUtils.java:logGet(43)) - raft.server.log.statemachine.data.caching.enabled = true (custom)
2019-09-19 12:09:54,498 [pool-97-thread-1] INFO  server.RaftServerConfigKeys (ConfUtils.java:logGet(43)) - raft.server.log.statemachine.data.caching.enabled = true (custom)
2019-09-19 12:09:54,499 [pool-77-thread-1] INFO  segmented.SegmentedRaftLogWorker (SegmentedRaftLogWorker.java:lambda$new$0(132)) - 9ff75243-8f90-489e-ad4c-fbb8c473db2a@group-82AF4051E50B-SegmentedRaftLogWorker: flushIndex: setUnconditionally 0 -> -1
2019-09-19 12:09:54,499 [pool-97-thread-1] INFO  segmented.SegmentedRaftLogWorker (SegmentedRaftLogWorker.java:lambda$new$0(132)) - a409f42d-bc3a-405f-bf07-8265a8a77aff@group-82AF4051E50B-SegmentedRaftLogWorker: flushIndex: setUnconditionally 0 -> -1
2019-09-19 12:09:54,499 [pool-77-thread-1] INFO  server.RaftServerConfigKeys (ConfUtils.java:logGet(43)) - raft.server.snapshot.auto.trigger.enabled = true (custom)
2019-09-19 12:09:54,499 [pool-97-thread-1] INFO  server.RaftServerConfigKeys (ConfUtils.java:logGet(43)) - raft.server.snapshot.auto.trigger.enabled = true (custom)
2019-09-19 12:09:54,499 [pool-77-thread-1] INFO  server.RaftServerConfigKeys (ConfUtils.java:logGet(43)) - raft.server.snapshot.auto.trigger.threshold = 10000 (custom)
2019-09-19 12:09:54,499 [pool-97-thread-1] INFO  server.RaftServerConfigKeys (ConfUtils.java:logGet(43)) - raft.server.snapshot.auto.trigger.threshold = 10000 (custom)
2019-09-19 12:09:54,499 [pool-77-thread-1] INFO  server.RaftServerConfigKeys (ConfUtils.java:logGet(43)) - raft.server.snapshot.retention.num.files = -1 (default)
2019-09-19 12:09:54,499 [pool-97-thread-1] INFO  server.RaftServerConfigKeys (ConfUtils.java:logGet(43)) - raft.server.snapshot.retention.num.files = -1 (default)
2019-09-19 12:09:54,500 [pool-77-thread-1] INFO  server.RaftServerConfigKeys (ConfUtils.java:logGet(43)) - raft.server.retrycache.expirytime = 600000ms (custom)
2019-09-19 12:09:54,500 [pool-67-thread-1] INFO  impl.RaftServerImpl (RaftServerImpl.java:start(185)) - 587dad1b-1a08-4278-9ac1-e315232e0934@group-82AF4051E50B: start as a follower, conf=-1: [9ff75243-8f90-489e-ad4c-fbb8c473db2a:192.168.157.252:45547, 587dad1b-1a08-4278-9ac1-e315232e0934:192.168.157.252:39759, a409f42d-bc3a-405f-bf07-8265a8a77aff:192.168.157.252:38022], old=null
2019-09-19 12:09:54,500 [pool-97-thread-1] INFO  server.RaftServerConfigKeys (ConfUtils.java:logGet(43)) - raft.server.retrycache.expirytime = 600000ms (custom)
2019-09-19 12:09:54,500 [pool-67-thread-1] INFO  impl.RaftServerImpl (RaftServerImpl.java:setRole(174)) - 587dad1b-1a08-4278-9ac1-e315232e0934@group-82AF4051E50B: changes role from      null to FOLLOWER at term 0 for startAsFollower
2019-09-19 12:09:54,500 [pool-67-thread-1] INFO  impl.RoleInfo (RoleInfo.java:updateAndGet(143)) - 587dad1b-1a08-4278-9ac1-e315232e0934: start FollowerState
2019-09-19 12:09:54,500 [pool-67-thread-1] INFO  util.JmxRegister (JmxRegister.java:tryRegister(44)) - Successfully registered JMX Bean with object name Ratis:service=RaftServer,group=group-82AF4051E50B,id=587dad1b-1a08-4278-9ac1-e315232e0934
2019-09-19 12:09:54,502 [pool-77-thread-1] INFO  impl.RaftServerImpl (RaftServerImpl.java:start(185)) - 9ff75243-8f90-489e-ad4c-fbb8c473db2a@group-82AF4051E50B: start as a follower, conf=-1: [9ff75243-8f90-489e-ad4c-fbb8c473db2a:192.168.157.252:45547, 587dad1b-1a08-4278-9ac1-e315232e0934:192.168.157.252:39759, a409f42d-bc3a-405f-bf07-8265a8a77aff:192.168.157.252:38022], old=null
2019-09-19 12:09:54,502 [pool-77-thread-1] INFO  impl.RaftServerImpl (RaftServerImpl.java:setRole(174)) - 9ff75243-8f90-489e-ad4c-fbb8c473db2a@group-82AF4051E50B: changes role from      null to FOLLOWER at term 0 for startAsFollower
2019-09-19 12:09:54,502 [pool-97-thread-1] INFO  impl.RaftServerImpl (RaftServerImpl.java:start(185)) - a409f42d-bc3a-405f-bf07-8265a8a77aff@group-82AF4051E50B: start as a follower, conf=-1: [9ff75243-8f90-489e-ad4c-fbb8c473db2a:192.168.157.252:45547, 587dad1b-1a08-4278-9ac1-e315232e0934:192.168.157.252:39759, a409f42d-bc3a-405f-bf07-8265a8a77aff:192.168.157.252:38022], old=null
2019-09-19 12:09:54,502 [pool-77-thread-1] INFO  impl.RoleInfo (RoleInfo.java:updateAndGet(143)) - 9ff75243-8f90-489e-ad4c-fbb8c473db2a: start FollowerState
2019-09-19 12:09:54,502 [pool-97-thread-1] INFO  impl.RaftServerImpl (RaftServerImpl.java:setRole(174)) - a409f42d-bc3a-405f-bf07-8265a8a77aff@group-82AF4051E50B: changes role from      null to FOLLOWER at term 0 for startAsFollower
2019-09-19 12:09:54,503 [pool-97-thread-1] INFO  impl.RoleInfo (RoleInfo.java:updateAndGet(143)) - a409f42d-bc3a-405f-bf07-8265a8a77aff: start FollowerState
2019-09-19 12:09:54,503 [pool-77-thread-1] INFO  util.JmxRegister (JmxRegister.java:tryRegister(44)) - Successfully registered JMX Bean with object name Ratis:service=RaftServer,group=group-82AF4051E50B,id=9ff75243-8f90-489e-ad4c-fbb8c473db2a
2019-09-19 12:09:54,503 [pool-97-thread-1] INFO  util.JmxRegister (JmxRegister.java:tryRegister(44)) - Successfully registered JMX Bean with object name Ratis:service=RaftServer,group=group-82AF4051E50B,id=a409f42d-bc3a-405f-bf07-8265a8a77aff
2019-09-19 12:09:54,521 [RatisPipelineUtilsThread] INFO  pipeline.PipelineStateManager (PipelineStateManager.java:addPipeline(56)) - Created pipeline Pipeline[ Id: dcea782e-2ecf-47a0-b031-82af4051e50b, Nodes: 9ff75243-8f90-489e-ad4c-fbb8c473db2a{ip: 192.168.157.252, host: pr-hdds-2153-8htts-3549596055, networkLocation: /default-rack, certSerialId: null}587dad1b-1a08-4278-9ac1-e315232e0934{ip: 192.168.157.252, host: pr-hdds-2153-8htts-3549596055, networkLocation: /default-rack, certSerialId: null}a409f42d-bc3a-405f-bf07-8265a8a77aff{ip: 192.168.157.252, host: pr-hdds-2153-8htts-3549596055, networkLocation: /default-rack, certSerialId: null}, Type:RATIS, Factor:THREE, State:OPEN]
2019-09-19 12:09:54,542 [grpc-default-executor-2] INFO  impl.RaftServerProxy (RaftServerProxy.java:addNew(89)) - 0536a24c-34e3-4c8a-9a31-895de5497f4a: addNew group-11E1763585E1:[0536a24c-34e3-4c8a-9a31-895de5497f4a:192.168.157.252:36571, 35717865-8144-46c5-963e-0895e96939ac:192.168.157.252:34648, 03555e6f-e7ac-4c8b-ad84-7222370bb52c:192.168.157.252:33098] returns group-11E1763585E1:java.util.concurrent.CompletableFuture@57bf6884[Not completed]
2019-09-19 12:09:54,542 [grpc-default-executor-1] INFO  impl.RaftServerProxy (RaftServerProxy.java:addNew(89)) - 03555e6f-e7ac-4c8b-ad84-7222370bb52c: addNew group-11E1763585E1:[0536a24c-34e3-4c8a-9a31-895de5497f4a:192.168.157.252:36571, 35717865-8144-46c5-963e-0895e96939ac:192.168.157.252:34648, 03555e6f-e7ac-4c8b-ad84-7222370bb52c:192.168.157.252:33098] returns group-11E1763585E1:java.util.concurrent.CompletableFuture@400fd1fa[Not completed]
2019-09-19 12:09:54,542 [grpc-default-executor-0] INFO  impl.RaftServerProxy (RaftServerProxy.java:addNew(89)) - 35717865-8144-46c5-963e-0895e96939ac: addNew group-11E1763585E1:[0536a24c-34e3-4c8a-9a31-895de5497f4a:192.168.157.252:36571, 35717865-8144-46c5-963e-0895e96939ac:192.168.157.252:34648, 03555e6f-e7ac-4c8b-ad84-7222370bb52c:192.168.157.252:33098] returns group-11E1763585E1:java.util.concurrent.CompletableFuture@277d8fd4[Not completed]
2019-09-19 12:09:54,546 [pool-37-thread-1] INFO  impl.RaftServerImpl (RaftServerImpl.java:<init>(95)) - 03555e6f-e7ac-4c8b-ad84-7222370bb52c: new RaftServerImpl for group-11E1763585E1:[0536a24c-34e3-4c8a-9a31-895de5497f4a:192.168.157.252:36571, 35717865-8144-46c5-963e-0895e96939ac:192.168.157.252:34648, 03555e6f-e7ac-4c8b-ad84-7222370bb52c:192.168.157.252:33098] with ContainerStateMachine:uninitialized
2019-09-19 12:09:54,546 [pool-37-thread-1] INFO  server.RaftServerConfigKeys (ConfUtils.java:logGet(43)) - raft.server.rpc.timeout.min = 1s (custom)
2019-09-19 12:09:54,546 [pool-37-thread-1] INFO  server.RaftServerConfigKeys (ConfUtils.java:logGet(43)) - raft.server.rpc.timeout.max = 1200ms (custom)
2019-09-19 12:09:54,546 [pool-37-thread-1] INFO  server.RaftServerConfigKeys (ConfUtils.java:logGet(43)) - raft.server.rpcslowness.timeout = 120s (custom)
2019-09-19 12:09:54,546 [pool-37-thread-1] INFO  server.RaftServerConfigKeys (ConfUtils.java:logGet(43)) - raft.server.sleep.deviation.threshold = 300 (default)
2019-09-19 12:09:54,546 [pool-37-thread-1] INFO  server.RaftServerConfigKeys (ConfUtils.java:logGet(43)) - raft.server.log.appender.install.snapshot.enabled = false (custom)
2019-09-19 12:09:54,546 [pool-57-thread-1] INFO  impl.RaftServerImpl (RaftServerImpl.java:<init>(95)) - 0536a24c-34e3-4c8a-9a31-895de5497f4a: new RaftServerImpl for group-11E1763585E1:[0536a24c-34e3-4c8a-9a31-895de5497f4a:192.168.157.252:36571, 35717865-8144-46c5-963e-0895e96939ac:192.168.157.252:34648, 03555e6f-e7ac-4c8b-ad84-7222370bb52c:192.168.157.252:33098] with ContainerStateMachine:uninitialized
2019-09-19 12:09:54,546 [pool-37-thread-1] INFO  impl.RaftServerImpl (ServerState.java:<init>(103)) - 03555e6f-e7ac-4c8b-ad84-7222370bb52c@group-11E1763585E1: ConfigurationManager, init=-1: [0536a24c-34e3-4c8a-9a31-895de5497f4a:192.168.157.252:36571, 35717865-8144-46c5-963e-0895e96939ac:192.168.157.252:34648, 03555e6f-e7ac-4c8b-ad84-7222370bb52c:192.168.157.252:33098], old=null, confs=<EMPTY_MAP>
2019-09-19 12:09:54,546 [pool-57-thread-1] INFO  server.RaftServerConfigKeys (ConfUtils.java:logGet(43)) - raft.server.rpc.timeout.min = 1s (custom)
2019-09-19 12:09:54,546 [pool-37-thread-1] INFO  server.RaftServerConfigKeys (ConfUtils.java:logGet(43)) - raft.server.storage.dir = [/workdir/hadoop-ozone/integration-test/target/test-dir/MiniOzoneClusterImpl-41742b35-60e3-4bf6-81de-f25e83920b6f/datanode-1/data/ratis] (custom)
2019-09-19 12:09:54,546 [pool-57-thread-1] INFO  server.RaftServerConfigKeys (ConfUtils.java:logGet(43)) - raft.server.rpc.timeout.max = 1200ms (custom)
2019-09-19 12:09:54,547 [pool-57-thread-1] INFO  server.RaftServerConfigKeys (ConfUtils.java:logGet(43)) - raft.server.rpcslowness.timeout = 120s (custom)
2019-09-19 12:09:54,547 [pool-57-thread-1] INFO  server.RaftServerConfigKeys (ConfUtils.java:logGet(43)) - raft.server.sleep.deviation.threshold = 300 (default)
2019-09-19 12:09:54,547 [pool-37-thread-1] INFO  storage.RaftStorageDirectory (RaftStorageDirectory.java:analyzeStorage(246)) - The storage directory /workdir/hadoop-ozone/integration-test/target/test-dir/MiniOzoneClusterImpl-41742b35-60e3-4bf6-81de-f25e83920b6f/datanode-1/data/ratis/aed8ff52-0610-457a-8f1b-11e1763585e1 does not exist. Creating ...
2019-09-19 12:09:54,547 [pool-117-thread-1] INFO  impl.RaftServerImpl (RaftServerImpl.java:<init>(95)) - 35717865-8144-46c5-963e-0895e96939ac: new RaftServerImpl for group-11E1763585E1:[0536a24c-34e3-4c8a-9a31-895de5497f4a:192.168.157.252:36571, 35717865-8144-46c5-963e-0895e96939ac:192.168.157.252:34648, 03555e6f-e7ac-4c8b-ad84-7222370bb52c:192.168.157.252:33098] with ContainerStateMachine:uninitialized
2019-09-19 12:09:54,547 [pool-57-thread-1] INFO  server.RaftServerConfigKeys (ConfUtils.java:logGet(43)) - raft.server.log.appender.install.snapshot.enabled = false (custom)
2019-09-19 12:09:54,547 [pool-117-thread-1] INFO  server.RaftServerConfigKeys (ConfUtils.java:logGet(43)) - raft.server.rpc.timeout.min = 1s (custom)
2019-09-19 12:09:54,547 [pool-57-thread-1] INFO  impl.RaftServerImpl (ServerState.java:<init>(103)) - 0536a24c-34e3-4c8a-9a31-895de5497f4a@group-11E1763585E1: ConfigurationManager, init=-1: [0536a24c-34e3-4c8a-9a31-895de5497f4a:192.168.157.252:36571, 35717865-8144-46c5-963e-0895e96939ac:192.168.157.252:34648, 03555e6f-e7ac-4c8b-ad84-7222370bb52c:192.168.157.252:33098], old=null, confs=<EMPTY_MAP>
2019-09-19 12:09:54,547 [pool-117-thread-1] INFO  server.RaftServerConfigKeys (ConfUtils.java:logGet(43)) - raft.server.rpc.timeout.max = 1200ms (custom)
2019-09-19 12:09:54,547 [pool-57-thread-1] INFO  server.RaftServerConfigKeys (ConfUtils.java:logGet(43)) - raft.server.storage.dir = [/workdir/hadoop-ozone/integration-test/target/test-dir/MiniOzoneClusterImpl-41742b35-60e3-4bf6-81de-f25e83920b6f/datanode-3/data/ratis] (custom)
2019-09-19 12:09:54,547 [pool-117-thread-1] INFO  server.RaftServerConfigKeys (ConfUtils.java:logGet(43)) - raft.server.rpcslowness.timeout = 120s (custom)
2019-09-19 12:09:54,548 [pool-117-thread-1] INFO  server.RaftServerConfigKeys (ConfUtils.java:logGet(43)) - raft.server.sleep.deviation.threshold = 300 (default)
2019-09-19 12:09:54,548 [pool-117-thread-1] INFO  server.RaftServerConfigKeys (ConfUtils.java:logGet(43)) - raft.server.log.appender.install.snapshot.enabled = false (custom)
2019-09-19 12:09:54,548 [pool-57-thread-1] INFO  storage.RaftStorageDirectory (RaftStorageDirectory.java:analyzeStorage(246)) - The storage directory /workdir/hadoop-ozone/integration-test/target/test-dir/MiniOzoneClusterImpl-41742b35-60e3-4bf6-81de-f25e83920b6f/datanode-3/data/ratis/aed8ff52-0610-457a-8f1b-11e1763585e1 does not exist. Creating ...
2019-09-19 12:09:54,548 [pool-117-thread-1] INFO  impl.RaftServerImpl (ServerState.java:<init>(103)) - 35717865-8144-46c5-963e-0895e96939ac@group-11E1763585E1: ConfigurationManager, init=-1: [0536a24c-34e3-4c8a-9a31-895de5497f4a:192.168.157.252:36571, 35717865-8144-46c5-963e-0895e96939ac:192.168.157.252:34648, 03555e6f-e7ac-4c8b-ad84-7222370bb52c:192.168.157.252:33098], old=null, confs=<EMPTY_MAP>
2019-09-19 12:09:54,548 [pool-117-thread-1] INFO  server.RaftServerConfigKeys (ConfUtils.java:logGet(43)) - raft.server.storage.dir = [/workdir/hadoop-ozone/integration-test/target/test-dir/MiniOzoneClusterImpl-41742b35-60e3-4bf6-81de-f25e83920b6f/datanode-9/data/ratis] (custom)
2019-09-19 12:09:54,548 [pool-117-thread-1] INFO  storage.RaftStorageDirectory (RaftStorageDirectory.java:analyzeStorage(246)) - The storage directory /workdir/hadoop-ozone/integration-test/target/test-dir/MiniOzoneClusterImpl-41742b35-60e3-4bf6-81de-f25e83920b6f/datanode-9/data/ratis/aed8ff52-0610-457a-8f1b-11e1763585e1 does not exist. Creating ...
2019-09-19 12:09:54,560 [pool-37-thread-1] INFO  storage.RaftStorageDirectory (RaftStorageDirectory.java:tryLock(328)) - Lock on /workdir/hadoop-ozone/integration-test/target/test-dir/MiniOzoneClusterImpl-41742b35-60e3-4bf6-81de-f25e83920b6f/datanode-1/data/ratis/aed8ff52-0610-457a-8f1b-11e1763585e1/in_use.lock acquired by nodename 3169@pr-hdds-2153-8htts-3549596055
2019-09-19 12:09:54,560 [pool-57-thread-1] INFO  storage.RaftStorageDirectory (RaftStorageDirectory.java:tryLock(328)) - Lock on /workdir/hadoop-ozone/integration-test/target/test-dir/MiniOzoneClusterImpl-41742b35-60e3-4bf6-81de-f25e83920b6f/datanode-3/data/ratis/aed8ff52-0610-457a-8f1b-11e1763585e1/in_use.lock acquired by nodename 3169@pr-hdds-2153-8htts-3549596055
2019-09-19 12:09:54,560 [pool-117-thread-1] INFO  storage.RaftStorageDirectory (RaftStorageDirectory.java:tryLock(328)) - Lock on /workdir/hadoop-ozone/integration-test/target/test-dir/MiniOzoneClusterImpl-41742b35-60e3-4bf6-81de-f25e83920b6f/datanode-9/data/ratis/aed8ff52-0610-457a-8f1b-11e1763585e1/in_use.lock acquired by nodename 3169@pr-hdds-2153-8htts-3549596055
2019-09-19 12:09:54,586 [pool-37-thread-1] INFO  storage.RaftStorage (RaftStorage.java:format(72)) - Storage directory /workdir/hadoop-ozone/integration-test/target/test-dir/MiniOzoneClusterImpl-41742b35-60e3-4bf6-81de-f25e83920b6f/datanode-1/data/ratis/aed8ff52-0610-457a-8f1b-11e1763585e1 has been successfully formatted.
2019-09-19 12:09:54,586 [pool-57-thread-1] INFO  storage.RaftStorage (RaftStorage.java:format(72)) - Storage directory /workdir/hadoop-ozone/integration-test/target/test-dir/MiniOzoneClusterImpl-41742b35-60e3-4bf6-81de-f25e83920b6f/datanode-3/data/ratis/aed8ff52-0610-457a-8f1b-11e1763585e1 has been successfully formatted.
2019-09-19 12:09:54,586 [pool-117-thread-1] INFO  storage.RaftStorage (RaftStorage.java:format(72)) - Storage directory /workdir/hadoop-ozone/integration-test/target/test-dir/MiniOzoneClusterImpl-41742b35-60e3-4bf6-81de-f25e83920b6f/datanode-9/data/ratis/aed8ff52-0610-457a-8f1b-11e1763585e1 has been successfully formatted.
2019-09-19 12:09:54,586 [pool-57-thread-1] INFO  ratis.ContainerStateMachine (ContainerStateMachine.java:loadSnapshot(230)) - group-11E1763585E1: The snapshot info is null. Setting the last applied indexto:(t:0, i:~)
2019-09-19 12:09:54,586 [pool-37-thread-1] INFO  ratis.ContainerStateMachine (ContainerStateMachine.java:loadSnapshot(230)) - group-11E1763585E1: The snapshot info is null. Setting the last applied indexto:(t:0, i:~)
2019-09-19 12:09:54,586 [pool-117-thread-1] INFO  ratis.ContainerStateMachine (ContainerStateMachine.java:loadSnapshot(230)) - group-11E1763585E1: The snapshot info is null. Setting the last applied indexto:(t:0, i:~)
2019-09-19 12:09:54,587 [pool-37-thread-1] INFO  server.RaftServerConfigKeys (ConfUtils.java:logGet(43)) - raft.server.notification.no-leader.timeout = 120s (custom)
2019-09-19 12:09:54,586 [pool-57-thread-1] INFO  server.RaftServerConfigKeys (ConfUtils.java:logGet(43)) - raft.server.notification.no-leader.timeout = 120s (custom)
2019-09-19 12:09:54,587 [pool-37-thread-1] INFO  server.RaftServerConfigKeys (ConfUtils.java:logGet(43)) - raft.server.log.use.memory = false (default)
2019-09-19 12:09:54,587 [pool-117-thread-1] INFO  server.RaftServerConfigKeys (ConfUtils.java:logGet(43)) - raft.server.notification.no-leader.timeout = 120s (custom)
2019-09-19 12:09:54,587 [pool-37-thread-1] INFO  server.RaftServerConfigKeys (ConfUtils.java:logGet(43)) - raft.server.log.purge.gap = 1000000 (custom)
2019-09-19 12:09:54,587 [pool-57-thread-1] INFO  server.RaftServerConfigKeys (ConfUtils.java:logGet(43)) - raft.server.log.use.memory = false (default)
2019-09-19 12:09:54,587 [pool-37-thread-1] INFO  server.RaftServerConfigKeys (ConfUtils.java:logGet(43)) - raft.server.log.appender.buffer.byte-limit = 33554432 (custom)
2019-09-19 12:09:54,587 [pool-117-thread-1] INFO  server.RaftServerConfigKeys (ConfUtils.java:logGet(43)) - raft.server.log.use.memory = false (default)
2019-09-19 12:09:54,587 [pool-37-thread-1] INFO  server.RaftServerConfigKeys (ConfUtils.java:logGet(43)) - raft.server.log.segment.size.max = 1048576 (custom)
2019-09-19 12:09:54,587 [pool-57-thread-1] INFO  server.RaftServerConfigKeys (ConfUtils.java:logGet(43)) - raft.server.log.purge.gap = 1000000 (custom)
2019-09-19 12:09:54,588 [pool-37-thread-1] INFO  server.RaftServerConfigKeys (ConfUtils.java:logGet(43)) - raft.server.log.segment.cache.num.max = 2 (custom)
2019-09-19 12:09:54,588 [pool-117-thread-1] INFO  server.RaftServerConfigKeys (ConfUtils.java:logGet(43)) - raft.server.log.purge.gap = 1000000 (custom)
2019-09-19 12:09:54,588 [pool-37-thread-1] INFO  segmented.SegmentedRaftLogWorker (SegmentedRaftLogWorker.java:<init>(172)) - new 03555e6f-e7ac-4c8b-ad84-7222370bb52c@group-11E1763585E1-SegmentedRaftLogWorker for RaftStorage:Storage Directory /workdir/hadoop-ozone/integration-test/target/test-dir/MiniOzoneClusterImpl-41742b35-60e3-4bf6-81de-f25e83920b6f/datanode-1/data/ratis/aed8ff52-0610-457a-8f1b-11e1763585e1
2019-09-19 12:09:54,588 [pool-57-thread-1] INFO  server.RaftServerConfigKeys (ConfUtils.java:logGet(43)) - raft.server.log.appender.buffer.byte-limit = 33554432 (custom)
2019-09-19 12:09:54,588 [pool-37-thread-1] INFO  server.RaftServerConfigKeys (ConfUtils.java:logGet(43)) - raft.server.log.queue.byte-limit = 2147483647 (custom)
2019-09-19 12:09:54,588 [pool-117-thread-1] INFO  server.RaftServerConfigKeys (ConfUtils.java:logGet(43)) - raft.server.log.appender.buffer.byte-limit = 33554432 (custom)
2019-09-19 12:09:54,588 [pool-37-thread-1] INFO  server.RaftServerConfigKeys (ConfUtils.java:logGet(43)) - raft.server.log.queue.element-limit = 1024 (custom)
2019-09-19 12:09:54,588 [pool-57-thread-1] INFO  server.RaftServerConfigKeys (ConfUtils.java:logGet(43)) - raft.server.log.segment.size.max = 1048576 (custom)
2019-09-19 12:09:54,589 [pool-37-thread-1] INFO  server.RaftServerConfigKeys (ConfUtils.java:logGet(43)) - raft.server.log.segment.size.max = 1048576 (custom)
2019-09-19 12:09:54,588 [pool-117-thread-1] INFO  server.RaftServerConfigKeys (ConfUtils.java:logGet(43)) - raft.server.log.segment.size.max = 1048576 (custom)
2019-09-19 12:09:54,589 [pool-37-thread-1] INFO  server.RaftServerConfigKeys (ConfUtils.java:logGet(43)) - raft.server.log.preallocated.size = 16384 (custom)
2019-09-19 12:09:54,589 [pool-57-thread-1] INFO  server.RaftServerConfigKeys (ConfUtils.java:logGet(43)) - raft.server.log.segment.cache.num.max = 2 (custom)
2019-09-19 12:09:54,589 [pool-37-thread-1] INFO  server.RaftServerConfigKeys (ConfUtils.java:logGet(43)) - raft.server.log.write.buffer.size = 33554432 (custom)
2019-09-19 12:09:54,589 [pool-117-thread-1] INFO  server.RaftServerConfigKeys (ConfUtils.java:logGet(43)) - raft.server.log.segment.cache.num.max = 2 (custom)
2019-09-19 12:09:54,589 [pool-37-thread-1] INFO  server.RaftServerConfigKeys (ConfUtils.java:logGet(43)) - raft.server.log.force.sync.num = 128 (default)
2019-09-19 12:09:54,589 [pool-57-thread-1] INFO  segmented.SegmentedRaftLogWorker (SegmentedRaftLogWorker.java:<init>(172)) - new 0536a24c-34e3-4c8a-9a31-895de5497f4a@group-11E1763585E1-SegmentedRaftLogWorker for RaftStorage:Storage Directory /workdir/hadoop-ozone/integration-test/target/test-dir/MiniOzoneClusterImpl-41742b35-60e3-4bf6-81de-f25e83920b6f/datanode-3/data/ratis/aed8ff52-0610-457a-8f1b-11e1763585e1
2019-09-19 12:09:54,589 [pool-37-thread-1] INFO  server.RaftServerConfigKeys (ConfUtils.java:logGet(43)) - raft.server.log.statemachine.data.sync = true (default)
2019-09-19 12:09:54,589 [pool-117-thread-1] INFO  segmented.SegmentedRaftLogWorker (SegmentedRaftLogWorker.java:<init>(172)) - new 35717865-8144-46c5-963e-0895e96939ac@group-11E1763585E1-SegmentedRaftLogWorker for RaftStorage:Storage Directory /workdir/hadoop-ozone/integration-test/target/test-dir/MiniOzoneClusterImpl-41742b35-60e3-4bf6-81de-f25e83920b6f/datanode-9/data/ratis/aed8ff52-0610-457a-8f1b-11e1763585e1
2019-09-19 12:09:54,590 [pool-37-thread-1] INFO  server.RaftServerConfigKeys (ConfUtils.java:logGet(43)) - raft.server.log.statemachine.data.sync.timeout = 10s (default)
2019-09-19 12:09:54,589 [pool-57-thread-1] INFO  server.RaftServerConfigKeys (ConfUtils.java:logGet(43)) - raft.server.log.queue.byte-limit = 2147483647 (custom)
2019-09-19 12:09:54,590 [pool-37-thread-1] INFO  server.RaftServerConfigKeys (ConfUtils.java:logGet(43)) - raft.server.log.statemachine.data.sync.timeout.retry = -1 (default)
2019-09-19 12:09:54,590 [pool-117-thread-1] INFO  server.RaftServerConfigKeys (ConfUtils.java:logGet(43)) - raft.server.log.queue.byte-limit = 2147483647 (custom)
2019-09-19 12:09:54,590 [pool-37-thread-1] INFO  server.RaftServerConfigKeys (ConfUtils.java:logGet(43)) - raft.server.log.statemachine.data.caching.enabled = true (custom)
2019-09-19 12:09:54,590 [pool-57-thread-1] INFO  server.RaftServerConfigKeys (ConfUtils.java:logGet(43)) - raft.server.log.queue.element-limit = 1024 (custom)
2019-09-19 12:09:54,590 [pool-37-thread-1] INFO  segmented.SegmentedRaftLogWorker (SegmentedRaftLogWorker.java:lambda$new$0(132)) - 03555e6f-e7ac-4c8b-ad84-7222370bb52c@group-11E1763585E1-SegmentedRaftLogWorker: flushIndex: setUnconditionally 0 -> -1
2019-09-19 12:09:54,590 [pool-117-thread-1] INFO  server.RaftServerConfigKeys (ConfUtils.java:logGet(43)) - raft.server.log.queue.element-limit = 1024 (custom)
2019-09-19 12:09:54,590 [pool-57-thread-1] INFO  server.RaftServerConfigKeys (ConfUtils.java:logGet(43)) - raft.server.log.segment.size.max = 1048576 (custom)
2019-09-19 12:09:54,591 [pool-37-thread-1] INFO  server.RaftServerConfigKeys (ConfUtils.java:logGet(43)) - raft.server.snapshot.auto.trigger.enabled = true (custom)
2019-09-19 12:09:54,591 [pool-117-thread-1] INFO  server.RaftServerConfigKeys (ConfUtils.java:logGet(43)) - raft.server.log.segment.size.max = 1048576 (custom)
2019-09-19 12:09:54,591 [pool-37-thread-1] INFO  server.RaftServerConfigKeys (ConfUtils.java:logGet(43)) - raft.server.snapshot.auto.trigger.threshold = 10000 (custom)
2019-09-19 12:09:54,591 [pool-57-thread-1] INFO  server.RaftServerConfigKeys (ConfUtils.java:logGet(43)) - raft.server.log.preallocated.size = 16384 (custom)
2019-09-19 12:09:54,591 [pool-37-thread-1] INFO  server.RaftServerConfigKeys (ConfUtils.java:logGet(43)) - raft.server.snapshot.retention.num.files = -1 (default)
2019-09-19 12:09:54,591 [pool-117-thread-1] INFO  server.RaftServerConfigKeys (ConfUtils.java:logGet(43)) - raft.server.log.preallocated.size = 16384 (custom)
2019-09-19 12:09:54,592 [pool-37-thread-1] INFO  server.RaftServerConfigKeys (ConfUtils.java:logGet(43)) - raft.server.retrycache.expirytime = 600000ms (custom)
2019-09-19 12:09:54,591 [pool-57-thread-1] INFO  server.RaftServerConfigKeys (ConfUtils.java:logGet(43)) - raft.server.log.write.buffer.size = 33554432 (custom)
2019-09-19 12:09:54,592 [pool-117-thread-1] INFO  server.RaftServerConfigKeys (ConfUtils.java:logGet(43)) - raft.server.log.write.buffer.size = 33554432 (custom)
2019-09-19 12:09:54,592 [pool-57-thread-1] INFO  server.RaftServerConfigKeys (ConfUtils.java:logGet(43)) - raft.server.log.force.sync.num = 128 (default)
2019-09-19 12:09:54,592 [pool-117-thread-1] INFO  server.RaftServerConfigKeys (ConfUtils.java:logGet(43)) - raft.server.log.force.sync.num = 128 (default)
2019-09-19 12:09:54,592 [pool-57-thread-1] INFO  server.RaftServerConfigKeys (ConfUtils.java:logGet(43)) - raft.server.log.statemachine.data.sync = true (default)
2019-09-19 12:09:54,592 [pool-117-thread-1] INFO  server.RaftServerConfigKeys (ConfUtils.java:logGet(43)) - raft.server.log.statemachine.data.sync = true (default)
2019-09-19 12:09:54,593 [pool-57-thread-1] INFO  server.RaftServerConfigKeys (ConfUtils.java:logGet(43)) - raft.server.log.statemachine.data.sync.timeout = 10s (default)
2019-09-19 12:09:54,593 [pool-117-thread-1] INFO  server.RaftServerConfigKeys (ConfUtils.java:logGet(43)) - raft.server.log.statemachine.data.sync.timeout = 10s (default)
2019-09-19 12:09:54,593 [pool-57-thread-1] INFO  server.RaftServerConfigKeys (ConfUtils.java:logGet(43)) - raft.server.log.statemachine.data.sync.timeout.retry = -1 (default)
2019-09-19 12:09:54,593 [pool-117-thread-1] INFO  server.RaftServerConfigKeys (ConfUtils.java:logGet(43)) - raft.server.log.statemachine.data.sync.timeout.retry = -1 (default)
2019-09-19 12:09:54,593 [pool-57-thread-1] INFO  server.RaftServerConfigKeys (ConfUtils.java:logGet(43)) - raft.server.log.statemachine.data.caching.enabled = true (custom)
2019-09-19 12:09:54,593 [pool-117-thread-1] INFO  server.RaftServerConfigKeys (ConfUtils.java:logGet(43)) - raft.server.log.statemachine.data.caching.enabled = true (custom)
2019-09-19 12:09:54,594 [pool-57-thread-1] INFO  segmented.SegmentedRaftLogWorker (SegmentedRaftLogWorker.java:lambda$new$0(132)) - 0536a24c-34e3-4c8a-9a31-895de5497f4a@group-11E1763585E1-SegmentedRaftLogWorker: flushIndex: setUnconditionally 0 -> -1
2019-09-19 12:09:54,594 [pool-117-thread-1] INFO  segmented.SegmentedRaftLogWorker (SegmentedRaftLogWorker.java:lambda$new$0(132)) - 35717865-8144-46c5-963e-0895e96939ac@group-11E1763585E1-SegmentedRaftLogWorker: flushIndex: setUnconditionally 0 -> -1
2019-09-19 12:09:54,594 [pool-37-thread-1] INFO  impl.RaftServerImpl (RaftServerImpl.java:start(185)) - 03555e6f-e7ac-4c8b-ad84-7222370bb52c@group-11E1763585E1: start as a follower, conf=-1: [0536a24c-34e3-4c8a-9a31-895de5497f4a:192.168.157.252:36571, 35717865-8144-46c5-963e-0895e96939ac:192.168.157.252:34648, 03555e6f-e7ac-4c8b-ad84-7222370bb52c:192.168.157.252:33098], old=null
2019-09-19 12:09:54,594 [pool-57-thread-1] INFO  server.RaftServerConfigKeys (ConfUtils.java:logGet(43)) - raft.server.snapshot.auto.trigger.enabled = true (custom)
2019-09-19 12:09:54,594 [pool-117-thread-1] INFO  server.RaftServerConfigKeys (ConfUtils.java:logGet(43)) - raft.server.snapshot.auto.trigger.enabled = true (custom)
2019-09-19 12:09:54,594 [pool-37-thread-1] INFO  impl.RaftServerImpl (RaftServerImpl.java:setRole(174)) - 03555e6f-e7ac-4c8b-ad84-7222370bb52c@group-11E1763585E1: changes role from      null to FOLLOWER at term 0 for startAsFollower
2019-09-19 12:09:54,594 [pool-117-thread-1] INFO  server.RaftServerConfigKeys (ConfUtils.java:logGet(43)) - raft.server.snapshot.auto.trigger.threshold = 10000 (custom)
2019-09-19 12:09:54,594 [pool-57-thread-1] INFO  server.RaftServerConfigKeys (ConfUtils.java:logGet(43)) - raft.server.snapshot.auto.trigger.threshold = 10000 (custom)
2019-09-19 12:09:54,594 [pool-117-thread-1] INFO  server.RaftServerConfigKeys (ConfUtils.java:logGet(43)) - raft.server.snapshot.retention.num.files = -1 (default)
2019-09-19 12:09:54,594 [pool-37-thread-1] INFO  impl.RoleInfo (RoleInfo.java:updateAndGet(143)) - 03555e6f-e7ac-4c8b-ad84-7222370bb52c: start FollowerState
2019-09-19 12:09:54,595 [pool-57-thread-1] INFO  server.RaftServerConfigKeys (ConfUtils.java:logGet(43)) - raft.server.snapshot.retention.num.files = -1 (default)
2019-09-19 12:09:54,595 [pool-117-thread-1] INFO  server.RaftServerConfigKeys (ConfUtils.java:logGet(43)) - raft.server.retrycache.expirytime = 600000ms (custom)
2019-09-19 12:09:54,595 [pool-37-thread-1] INFO  util.JmxRegister (JmxRegister.java:tryRegister(44)) - Successfully registered JMX Bean with object name Ratis:service=RaftServer,group=group-11E1763585E1,id=03555e6f-e7ac-4c8b-ad84-7222370bb52c
2019-09-19 12:09:54,595 [pool-57-thread-1] INFO  server.RaftServerConfigKeys (ConfUtils.java:logGet(43)) - raft.server.retrycache.expirytime = 600000ms (custom)
2019-09-19 12:09:54,602 [pool-117-thread-1] INFO  impl.RaftServerImpl (RaftServerImpl.java:start(185)) - 35717865-8144-46c5-963e-0895e96939ac@group-11E1763585E1: start as a follower, conf=-1: [0536a24c-34e3-4c8a-9a31-895de5497f4a:192.168.157.252:36571, 35717865-8144-46c5-963e-0895e96939ac:192.168.157.252:34648, 03555e6f-e7ac-4c8b-ad84-7222370bb52c:192.168.157.252:33098], old=null
2019-09-19 12:09:54,602 [pool-117-thread-1] INFO  impl.RaftServerImpl (RaftServerImpl.java:setRole(174)) - 35717865-8144-46c5-963e-0895e96939ac@group-11E1763585E1: changes role from      null to FOLLOWER at term 0 for startAsFollower
2019-09-19 12:09:54,603 [pool-117-thread-1] INFO  impl.RoleInfo (RoleInfo.java:updateAndGet(143)) - 35717865-8144-46c5-963e-0895e96939ac: start FollowerState
2019-09-19 12:09:54,603 [pool-117-thread-1] INFO  util.JmxRegister (JmxRegister.java:tryRegister(44)) - Successfully registered JMX Bean with object name Ratis:service=RaftServer,group=group-11E1763585E1,id=35717865-8144-46c5-963e-0895e96939ac
2019-09-19 12:09:54,604 [pool-57-thread-1] INFO  impl.RaftServerImpl (RaftServerImpl.java:start(185)) - 0536a24c-34e3-4c8a-9a31-895de5497f4a@group-11E1763585E1: start as a follower, conf=-1: [0536a24c-34e3-4c8a-9a31-895de5497f4a:192.168.157.252:36571, 35717865-8144-46c5-963e-0895e96939ac:192.168.157.252:34648, 03555e6f-e7ac-4c8b-ad84-7222370bb52c:192.168.157.252:33098], old=null
2019-09-19 12:09:54,604 [pool-57-thread-1] INFO  impl.RaftServerImpl (RaftServerImpl.java:setRole(174)) - 0536a24c-34e3-4c8a-9a31-895de5497f4a@group-11E1763585E1: changes role from      null to FOLLOWER at term 0 for startAsFollower
2019-09-19 12:09:54,604 [pool-57-thread-1] INFO  impl.RoleInfo (RoleInfo.java:updateAndGet(143)) - 0536a24c-34e3-4c8a-9a31-895de5497f4a: start FollowerState
2019-09-19 12:09:54,607 [pool-57-thread-1] INFO  util.JmxRegister (JmxRegister.java:tryRegister(44)) - Successfully registered JMX Bean with object name Ratis:service=RaftServer,group=group-11E1763585E1,id=0536a24c-34e3-4c8a-9a31-895de5497f4a
2019-09-19 12:09:54,612 [RatisPipelineUtilsThread] INFO  pipeline.PipelineStateManager (PipelineStateManager.java:addPipeline(56)) - Created pipeline Pipeline[ Id: aed8ff52-0610-457a-8f1b-11e1763585e1, Nodes: 35717865-8144-46c5-963e-0895e96939ac{ip: 192.168.157.252, host: pr-hdds-2153-8htts-3549596055, networkLocation: /default-rack, certSerialId: null}03555e6f-e7ac-4c8b-ad84-7222370bb52c{ip: 192.168.157.252, host: pr-hdds-2153-8htts-3549596055, networkLocation: /default-rack, certSerialId: null}0536a24c-34e3-4c8a-9a31-895de5497f4a{ip: 192.168.157.252, host: pr-hdds-2153-8htts-3549596055, networkLocation: /default-rack, certSerialId: null}, Type:RATIS, Factor:THREE, State:OPEN]
2019-09-19 12:09:54,848 [main] INFO  impl.MetricsSystemImpl (MetricsSystemImpl.java:init(158)) - XceiverClientMetrics metrics system started (again)
2019-09-19 12:09:54,987 [grpc-default-executor-2] INFO  client.GrpcClientProtocolClient (GrpcClientProtocolClient.java:onNext(264)) - client-62E111188F8E->35717865-8144-46c5-963e-0895e96939ac: receive RaftClientReply:client-62E111188F8E->35717865-8144-46c5-963e-0895e96939ac@group-11E1763585E1, cid=19, FAILED org.apache.ratis.protocol.NotLeaderException: Server 35717865-8144-46c5-963e-0895e96939ac@group-11E1763585E1 is not the leader, logIndex=0, commits[35717865-8144-46c5-963e-0895e96939ac:c-1]
2019-09-19 12:09:55,488 [Thread-335] INFO  impl.FollowerState (FollowerState.java:run(106)) - 0536a24c-34e3-4c8a-9a31-895de5497f4a:group-DA9D8D659A88 changes to CANDIDATE, lastRpcTime:1168, electionTimeout:1168ms
2019-09-19 12:09:55,489 [Thread-335] INFO  impl.RoleInfo (RoleInfo.java:shutdownFollowerState(121)) - 0536a24c-34e3-4c8a-9a31-895de5497f4a: shutdown FollowerState
2019-09-19 12:09:55,489 [Thread-335] INFO  impl.RaftServerImpl (RaftServerImpl.java:setRole(174)) - 0536a24c-34e3-4c8a-9a31-895de5497f4a@group-DA9D8D659A88: changes role from  FOLLOWER to CANDIDATE at term 0 for changeToCandidate
2019-09-19 12:09:55,489 [Thread-335] INFO  impl.RoleInfo (RoleInfo.java:updateAndGet(143)) - 0536a24c-34e3-4c8a-9a31-895de5497f4a: start LeaderElection
2019-09-19 12:09:55,511 [0536a24c-34e3-4c8a-9a31-895de5497f4a@group-DA9D8D659A88:LeaderElection10] INFO  impl.LeaderElection (LeaderElection.java:askForVotes(182)) - 0536a24c-34e3-4c8a-9a31-895de5497f4a@group-DA9D8D659A88:LeaderElection10: begin an election at term 1 for -1: [0536a24c-34e3-4c8a-9a31-895de5497f4a:192.168.157.252:36571], old=null
2019-09-19 12:09:55,511 [0536a24c-34e3-4c8a-9a31-895de5497f4a@group-DA9D8D659A88:LeaderElection10] INFO  impl.RoleInfo (RoleInfo.java:shutdownLeaderElection(134)) - 0536a24c-34e3-4c8a-9a31-895de5497f4a: shutdown LeaderElection
2019-09-19 12:09:55,511 [0536a24c-34e3-4c8a-9a31-895de5497f4a@group-DA9D8D659A88:LeaderElection10] INFO  impl.RaftServerImpl (RaftServerImpl.java:setRole(174)) - 0536a24c-34e3-4c8a-9a31-895de5497f4a@group-DA9D8D659A88: changes role from CANDIDATE to LEADER at term 1 for changeToLeader
2019-09-19 12:09:55,511 [0536a24c-34e3-4c8a-9a31-895de5497f4a@group-DA9D8D659A88:LeaderElection10] INFO  impl.RaftServerImpl (ServerState.java:setLeader(253)) - 0536a24c-34e3-4c8a-9a31-895de5497f4a@group-DA9D8D659A88: change Leader from null to 0536a24c-34e3-4c8a-9a31-895de5497f4a at term 1 for becomeLeader, leader elected after 1372ms
2019-09-19 12:09:55,512 [0536a24c-34e3-4c8a-9a31-895de5497f4a@group-DA9D8D659A88:LeaderElection10] INFO  server.RaftServerConfigKeys (ConfUtils.java:logGet(43)) - raft.server.staging.catchup.gap = 1000 (default)
2019-09-19 12:09:55,512 [0536a24c-34e3-4c8a-9a31-895de5497f4a@group-DA9D8D659A88:LeaderElection10] INFO  server.RaftServerConfigKeys (ConfUtils.java:logGet(43)) - raft.server.rpc.sleep.time = 25ms (default)
2019-09-19 12:09:55,512 [0536a24c-34e3-4c8a-9a31-895de5497f4a@group-DA9D8D659A88:LeaderElection10] INFO  server.RaftServerConfigKeys (ConfUtils.java:logGet(43)) - raft.server.write.element-limit = 4096 (default)
2019-09-19 12:09:55,512 [0536a24c-34e3-4c8a-9a31-895de5497f4a@group-DA9D8D659A88:LeaderElection10] INFO  server.RaftServerConfigKeys (ConfUtils.java:logGet(43)) - raft.server.watch.timeout = 10s (default)
2019-09-19 12:09:55,513 [0536a24c-34e3-4c8a-9a31-895de5497f4a@group-DA9D8D659A88:LeaderElection10] INFO  server.RaftServerConfigKeys (ConfUtils.java:logGet(43)) - raft.server.watch.timeout.denomination = 1s (default)
2019-09-19 12:09:55,513 [0536a24c-34e3-4c8a-9a31-895de5497f4a@group-DA9D8D659A88:LeaderElection10] INFO  server.RaftServerConfigKeys (ConfUtils.java:logGet(43)) - raft.server.watch.element-limit = 65536 (default)
2019-09-19 12:09:55,517 [0536a24c-34e3-4c8a-9a31-895de5497f4a@group-DA9D8D659A88:LeaderElection10] INFO  impl.RoleInfo (RoleInfo.java:updateAndGet(143)) - 0536a24c-34e3-4c8a-9a31-895de5497f4a: start LeaderState
2019-09-19 12:09:55,517 [0536a24c-34e3-4c8a-9a31-895de5497f4a@group-DA9D8D659A88:LeaderElection10] INFO  segmented.SegmentedRaftLogWorker (SegmentedRaftLogWorker.java:startLogSegment(380)) - 0536a24c-34e3-4c8a-9a31-895de5497f4a@group-DA9D8D659A88-SegmentedRaftLogWorker: Starting segment from index:0
2019-09-19 12:09:55,518 [0536a24c-34e3-4c8a-9a31-895de5497f4a@group-DA9D8D659A88:LeaderElection10] INFO  impl.RaftServerImpl (ServerState.java:setRaftConf(354)) - 0536a24c-34e3-4c8a-9a31-895de5497f4a@group-DA9D8D659A88: set configuration 0: [0536a24c-34e3-4c8a-9a31-895de5497f4a:192.168.157.252:36571], old=null at 0
2019-09-19 12:09:55,559 [Thread-341] INFO  impl.FollowerState (FollowerState.java:run(106)) - 1b83d917-1d73-4cac-8d1d-dc3b4981903d:group-7041D5508450 changes to CANDIDATE, lastRpcTime:1149, electionTimeout:1149ms
2019-09-19 12:09:55,560 [Thread-341] INFO  impl.RoleInfo (RoleInfo.java:shutdownFollowerState(121)) - 1b83d917-1d73-4cac-8d1d-dc3b4981903d: shutdown FollowerState
2019-09-19 12:09:55,560 [Thread-341] INFO  impl.RaftServerImpl (RaftServerImpl.java:setRole(174)) - 1b83d917-1d73-4cac-8d1d-dc3b4981903d@group-7041D5508450: changes role from  FOLLOWER to CANDIDATE at term 0 for changeToCandidate
2019-09-19 12:09:55,560 [Thread-341] INFO  impl.RoleInfo (RoleInfo.java:updateAndGet(143)) - 1b83d917-1d73-4cac-8d1d-dc3b4981903d: start LeaderElection
2019-09-19 12:09:55,563 [Thread-352] INFO  impl.FollowerState (FollowerState.java:run(106)) - a409f42d-bc3a-405f-bf07-8265a8a77aff:group-82AF4051E50B changes to CANDIDATE, lastRpcTime:1060, electionTimeout:1059ms
2019-09-19 12:09:55,567 [Thread-352] INFO  impl.RoleInfo (RoleInfo.java:shutdownFollowerState(121)) - a409f42d-bc3a-405f-bf07-8265a8a77aff: shutdown FollowerState
2019-09-19 12:09:55,567 [Thread-352] INFO  impl.RaftServerImpl (RaftServerImpl.java:setRole(174)) - a409f42d-bc3a-405f-bf07-8265a8a77aff@group-82AF4051E50B: changes role from  FOLLOWER to CANDIDATE at term 0 for changeToCandidate
2019-09-19 12:09:55,568 [Thread-352] INFO  impl.RoleInfo (RoleInfo.java:updateAndGet(143)) - a409f42d-bc3a-405f-bf07-8265a8a77aff: start LeaderElection
2019-09-19 12:09:55,574 [0536a24c-34e3-4c8a-9a31-895de5497f4a@group-DA9D8D659A88-SegmentedRaftLogWorker] INFO  segmented.SegmentedRaftLogWorker (SegmentedRaftLogWorker.java:execute(569)) - 0536a24c-34e3-4c8a-9a31-895de5497f4a@group-DA9D8D659A88-SegmentedRaftLogWorker: created new log segment /workdir/hadoop-ozone/integration-test/target/test-dir/MiniOzoneClusterImpl-41742b35-60e3-4bf6-81de-f25e83920b6f/datanode-3/data/ratis/fc99a89c-6aff-4c44-aa09-da9d8d659a88/current/log_inprogress_0
2019-09-19 12:09:55,574 [1b83d917-1d73-4cac-8d1d-dc3b4981903d@group-7041D5508450:LeaderElection11] INFO  impl.LeaderElection (LeaderElection.java:askForVotes(182)) - 1b83d917-1d73-4cac-8d1d-dc3b4981903d@group-7041D5508450:LeaderElection11: begin an election at term 1 for -1: [1b83d917-1d73-4cac-8d1d-dc3b4981903d:192.168.157.252:34953, 7c8a32d9-49ab-449b-8cc8-032a8828a8ac:192.168.157.252:41017, 4736e737-07ca-4f6d-84d7-0ed6bd660367:192.168.157.252:43438], old=null
2019-09-19 12:09:55,579 [Thread-342] INFO  impl.FollowerState (FollowerState.java:run(106)) - 4736e737-07ca-4f6d-84d7-0ed6bd660367:group-7041D5508450 changes to CANDIDATE, lastRpcTime:1168, electionTimeout:1168ms
2019-09-19 12:09:55,579 [Thread-342] INFO  impl.RoleInfo (RoleInfo.java:shutdownFollowerState(121)) - 4736e737-07ca-4f6d-84d7-0ed6bd660367: shutdown FollowerState
2019-09-19 12:09:55,579 [Thread-342] INFO  impl.RaftServerImpl (RaftServerImpl.java:setRole(174)) - 4736e737-07ca-4f6d-84d7-0ed6bd660367@group-7041D5508450: changes role from  FOLLOWER to CANDIDATE at term 0 for changeToCandidate
2019-09-19 12:09:55,580 [Thread-342] INFO  impl.RoleInfo (RoleInfo.java:updateAndGet(143)) - 4736e737-07ca-4f6d-84d7-0ed6bd660367: start LeaderElection
2019-09-19 12:09:55,589 [a409f42d-bc3a-405f-bf07-8265a8a77aff@group-82AF4051E50B:LeaderElection12] INFO  impl.LeaderElection (LeaderElection.java:askForVotes(182)) - a409f42d-bc3a-405f-bf07-8265a8a77aff@group-82AF4051E50B:LeaderElection12: begin an election at term 1 for -1: [9ff75243-8f90-489e-ad4c-fbb8c473db2a:192.168.157.252:45547, 587dad1b-1a08-4278-9ac1-e315232e0934:192.168.157.252:39759, a409f42d-bc3a-405f-bf07-8265a8a77aff:192.168.157.252:38022], old=null
2019-09-19 12:09:55,593 [4736e737-07ca-4f6d-84d7-0ed6bd660367@group-7041D5508450:LeaderElection13] INFO  impl.LeaderElection (LeaderElection.java:askForVotes(182)) - 4736e737-07ca-4f6d-84d7-0ed6bd660367@group-7041D5508450:LeaderElection13: begin an election at term 1 for -1: [1b83d917-1d73-4cac-8d1d-dc3b4981903d:192.168.157.252:34953, 7c8a32d9-49ab-449b-8cc8-032a8828a8ac:192.168.157.252:41017, 4736e737-07ca-4f6d-84d7-0ed6bd660367:192.168.157.252:43438], old=null
2019-09-19 12:09:55,599 [Thread-340] INFO  impl.FollowerState (FollowerState.java:run(106)) - 7c8a32d9-49ab-449b-8cc8-032a8828a8ac:group-7041D5508450 changes to CANDIDATE, lastRpcTime:1190, electionTimeout:1189ms
2019-09-19 12:09:55,600 [Thread-349] INFO  impl.FollowerState (FollowerState.java:run(106)) - 587dad1b-1a08-4278-9ac1-e315232e0934:group-82AF4051E50B changes to CANDIDATE, lastRpcTime:1099, electionTimeout:1098ms
2019-09-19 12:09:55,600 [Thread-340] INFO  impl.RoleInfo (RoleInfo.java:shutdownFollowerState(121)) - 7c8a32d9-49ab-449b-8cc8-032a8828a8ac: shutdown FollowerState
2019-09-19 12:09:55,600 [Thread-349] INFO  impl.RoleInfo (RoleInfo.java:shutdownFollowerState(121)) - 587dad1b-1a08-4278-9ac1-e315232e0934: shutdown FollowerState
2019-09-19 12:09:55,600 [Thread-340] INFO  impl.RaftServerImpl (RaftServerImpl.java:setRole(174)) - 7c8a32d9-49ab-449b-8cc8-032a8828a8ac@group-7041D5508450: changes role from  FOLLOWER to CANDIDATE at term 0 for changeToCandidate
2019-09-19 12:09:55,605 [Thread-349] INFO  impl.RaftServerImpl (RaftServerImpl.java:setRole(174)) - 587dad1b-1a08-4278-9ac1-e315232e0934@group-82AF4051E50B: changes role from  FOLLOWER to CANDIDATE at term 0 for changeToCandidate
2019-09-19 12:09:55,605 [Thread-340] INFO  impl.RoleInfo (RoleInfo.java:updateAndGet(143)) - 7c8a32d9-49ab-449b-8cc8-032a8828a8ac: start LeaderElection
2019-09-19 12:09:55,611 [Thread-349] INFO  impl.RoleInfo (RoleInfo.java:updateAndGet(143)) - 587dad1b-1a08-4278-9ac1-e315232e0934: start LeaderElection
2019-09-19 12:09:55,636 [7c8a32d9-49ab-449b-8cc8-032a8828a8ac@group-7041D5508450:LeaderElection14] INFO  impl.LeaderElection (LeaderElection.java:askForVotes(182)) - 7c8a32d9-49ab-449b-8cc8-032a8828a8ac@group-7041D5508450:LeaderElection14: begin an election at term 1 for -1: [1b83d917-1d73-4cac-8d1d-dc3b4981903d:192.168.157.252:34953, 7c8a32d9-49ab-449b-8cc8-032a8828a8ac:192.168.157.252:41017, 4736e737-07ca-4f6d-84d7-0ed6bd660367:192.168.157.252:43438], old=null
2019-09-19 12:09:55,636 [587dad1b-1a08-4278-9ac1-e315232e0934@group-82AF4051E50B:LeaderElection15] INFO  impl.LeaderElection (LeaderElection.java:askForVotes(182)) - 587dad1b-1a08-4278-9ac1-e315232e0934@group-82AF4051E50B:LeaderElection15: begin an election at term 1 for -1: [9ff75243-8f90-489e-ad4c-fbb8c473db2a:192.168.157.252:45547, 587dad1b-1a08-4278-9ac1-e315232e0934:192.168.157.252:39759, a409f42d-bc3a-405f-bf07-8265a8a77aff:192.168.157.252:38022], old=null
2019-09-19 12:09:55,643 [grpc-default-executor-4] INFO  impl.RaftServerImpl (RaftServerImpl.java:setRole(174)) - 9ff75243-8f90-489e-ad4c-fbb8c473db2a@group-82AF4051E50B: changes role from  FOLLOWER to FOLLOWER at term 1 for recognizeCandidate:a409f42d-bc3a-405f-bf07-8265a8a77aff
2019-09-19 12:09:55,643 [grpc-default-executor-4] INFO  impl.RoleInfo (RoleInfo.java:shutdownFollowerState(121)) - 9ff75243-8f90-489e-ad4c-fbb8c473db2a: shutdown FollowerState
2019-09-19 12:09:55,646 [grpc-default-executor-4] INFO  impl.RoleInfo (RoleInfo.java:updateAndGet(143)) - 9ff75243-8f90-489e-ad4c-fbb8c473db2a: start FollowerState
2019-09-19 12:09:55,651 [Thread-351] INFO  impl.FollowerState (FollowerState.java:run(115)) - 9ff75243-8f90-489e-ad4c-fbb8c473db2a: FollowerState was interrupted: java.lang.InterruptedException: sleep interrupted
2019-09-19 12:09:55,671 [Thread-362] INFO  impl.FollowerState (FollowerState.java:run(106)) - 0536a24c-34e3-4c8a-9a31-895de5497f4a:group-11E1763585E1 changes to CANDIDATE, lastRpcTime:1066, electionTimeout:1064ms
2019-09-19 12:09:55,671 [Thread-362] INFO  impl.RoleInfo (RoleInfo.java:shutdownFollowerState(121)) - 0536a24c-34e3-4c8a-9a31-895de5497f4a: shutdown FollowerState
2019-09-19 12:09:55,671 [Thread-362] INFO  impl.RaftServerImpl (RaftServerImpl.java:setRole(174)) - 0536a24c-34e3-4c8a-9a31-895de5497f4a@group-11E1763585E1: changes role from  FOLLOWER to CANDIDATE at term 0 for changeToCandidate
2019-09-19 12:09:55,675 [Thread-362] INFO  impl.RoleInfo (RoleInfo.java:updateAndGet(143)) - 0536a24c-34e3-4c8a-9a31-895de5497f4a: start LeaderElection
2019-09-19 12:09:55,683 [4736e737-07ca-4f6d-84d7-0ed6bd660367@group-7041D5508450:LeaderElection13] INFO  impl.LeaderElection (LeaderElection.java:logAndReturn(56)) - 4736e737-07ca-4f6d-84d7-0ed6bd660367@group-7041D5508450:LeaderElection13: Election REJECTED; received 2 response(s) [4736e737-07ca-4f6d-84d7-0ed6bd660367<-1b83d917-1d73-4cac-8d1d-dc3b4981903d#0:FAIL-t1, 4736e737-07ca-4f6d-84d7-0ed6bd660367<-7c8a32d9-49ab-449b-8cc8-032a8828a8ac#0:FAIL-t1] and 0 exception(s); 4736e737-07ca-4f6d-84d7-0ed6bd660367@group-7041D5508450:t1, leader=null, voted=4736e737-07ca-4f6d-84d7-0ed6bd660367, raftlog=4736e737-07ca-4f6d-84d7-0ed6bd660367@group-7041D5508450-SegmentedRaftLog:OPENED:c-1,f-1,i0, conf=-1: [1b83d917-1d73-4cac-8d1d-dc3b4981903d:192.168.157.252:34953, 7c8a32d9-49ab-449b-8cc8-032a8828a8ac:192.168.157.252:41017, 4736e737-07ca-4f6d-84d7-0ed6bd660367:192.168.157.252:43438], old=null
2019-09-19 12:09:55,684 [1b83d917-1d73-4cac-8d1d-dc3b4981903d@group-7041D5508450:LeaderElection11] INFO  impl.LeaderElection (LeaderElection.java:logAndReturn(56)) - 1b83d917-1d73-4cac-8d1d-dc3b4981903d@group-7041D5508450:LeaderElection11: Election REJECTED; received 2 response(s) [1b83d917-1d73-4cac-8d1d-dc3b4981903d<-4736e737-07ca-4f6d-84d7-0ed6bd660367#0:FAIL-t1, 1b83d917-1d73-4cac-8d1d-dc3b4981903d<-7c8a32d9-49ab-449b-8cc8-032a8828a8ac#0:FAIL-t1] and 0 exception(s); 1b83d917-1d73-4cac-8d1d-dc3b4981903d@group-7041D5508450:t1, leader=null, voted=1b83d917-1d73-4cac-8d1d-dc3b4981903d, raftlog=1b83d917-1d73-4cac-8d1d-dc3b4981903d@group-7041D5508450-SegmentedRaftLog:OPENED:c-1,f-1,i0, conf=-1: [1b83d917-1d73-4cac-8d1d-dc3b4981903d:192.168.157.252:34953, 7c8a32d9-49ab-449b-8cc8-032a8828a8ac:192.168.157.252:41017, 4736e737-07ca-4f6d-84d7-0ed6bd660367:192.168.157.252:43438], old=null
2019-09-19 12:09:55,684 [4736e737-07ca-4f6d-84d7-0ed6bd660367@group-7041D5508450:LeaderElection13] INFO  impl.RaftServerImpl (RaftServerImpl.java:setRole(174)) - 4736e737-07ca-4f6d-84d7-0ed6bd660367@group-7041D5508450: changes role from CANDIDATE to FOLLOWER at term 1 for DISCOVERED_A_NEW_TERM
2019-09-19 12:09:55,686 [4736e737-07ca-4f6d-84d7-0ed6bd660367@group-7041D5508450:LeaderElection13] INFO  impl.RoleInfo (RoleInfo.java:shutdownLeaderElection(134)) - 4736e737-07ca-4f6d-84d7-0ed6bd660367: shutdown LeaderElection
2019-09-19 12:09:55,688 [1b83d917-1d73-4cac-8d1d-dc3b4981903d@group-7041D5508450:LeaderElection11] INFO  impl.RaftServerImpl (RaftServerImpl.java:setRole(174)) - 1b83d917-1d73-4cac-8d1d-dc3b4981903d@group-7041D5508450: changes role from CANDIDATE to FOLLOWER at term 1 for DISCOVERED_A_NEW_TERM
2019-09-19 12:09:55,696 [1b83d917-1d73-4cac-8d1d-dc3b4981903d@group-7041D5508450:LeaderElection11] INFO  impl.RoleInfo (RoleInfo.java:shutdownLeaderElection(134)) - 1b83d917-1d73-4cac-8d1d-dc3b4981903d: shutdown LeaderElection
2019-09-19 12:09:55,696 [4736e737-07ca-4f6d-84d7-0ed6bd660367@group-7041D5508450:LeaderElection13] INFO  impl.RoleInfo (RoleInfo.java:updateAndGet(143)) - 4736e737-07ca-4f6d-84d7-0ed6bd660367: start FollowerState
2019-09-19 12:09:55,697 [1b83d917-1d73-4cac-8d1d-dc3b4981903d@group-7041D5508450:LeaderElection11] INFO  impl.RoleInfo (RoleInfo.java:updateAndGet(143)) - 1b83d917-1d73-4cac-8d1d-dc3b4981903d: start FollowerState
2019-09-19 12:09:55,697 [0536a24c-34e3-4c8a-9a31-895de5497f4a@group-11E1763585E1:LeaderElection16] INFO  impl.LeaderElection (LeaderElection.java:askForVotes(182)) - 0536a24c-34e3-4c8a-9a31-895de5497f4a@group-11E1763585E1:LeaderElection16: begin an election at term 1 for -1: [0536a24c-34e3-4c8a-9a31-895de5497f4a:192.168.157.252:36571, 35717865-8144-46c5-963e-0895e96939ac:192.168.157.252:34648, 03555e6f-e7ac-4c8b-ad84-7222370bb52c:192.168.157.252:33098], old=null
2019-09-19 12:09:55,714 [a409f42d-bc3a-405f-bf07-8265a8a77aff@group-82AF4051E50B:LeaderElection12] INFO  impl.LeaderElection (LeaderElection.java:logAndReturn(56)) - a409f42d-bc3a-405f-bf07-8265a8a77aff@group-82AF4051E50B:LeaderElection12: Election PASSED; received 2 response(s) [a409f42d-bc3a-405f-bf07-8265a8a77aff<-9ff75243-8f90-489e-ad4c-fbb8c473db2a#0:OK-t1, a409f42d-bc3a-405f-bf07-8265a8a77aff<-587dad1b-1a08-4278-9ac1-e315232e0934#0:FAIL-t1] and 0 exception(s); a409f42d-bc3a-405f-bf07-8265a8a77aff@group-82AF4051E50B:t1, leader=null, voted=a409f42d-bc3a-405f-bf07-8265a8a77aff, raftlog=a409f42d-bc3a-405f-bf07-8265a8a77aff@group-82AF4051E50B-SegmentedRaftLog:OPENED:c-1,f-1,i0, conf=-1: [9ff75243-8f90-489e-ad4c-fbb8c473db2a:192.168.157.252:45547, 587dad1b-1a08-4278-9ac1-e315232e0934:192.168.157.252:39759, a409f42d-bc3a-405f-bf07-8265a8a77aff:192.168.157.252:38022], old=null
2019-09-19 12:09:55,719 [a409f42d-bc3a-405f-bf07-8265a8a77aff@group-82AF4051E50B:LeaderElection12] INFO  impl.RoleInfo (RoleInfo.java:shutdownLeaderElection(134)) - a409f42d-bc3a-405f-bf07-8265a8a77aff: shutdown LeaderElection
2019-09-19 12:09:55,722 [a409f42d-bc3a-405f-bf07-8265a8a77aff@group-82AF4051E50B:LeaderElection12] INFO  impl.RaftServerImpl (RaftServerImpl.java:setRole(174)) - a409f42d-bc3a-405f-bf07-8265a8a77aff@group-82AF4051E50B: changes role from CANDIDATE to LEADER at term 1 for changeToLeader
2019-09-19 12:09:55,723 [a409f42d-bc3a-405f-bf07-8265a8a77aff@group-82AF4051E50B:LeaderElection12] INFO  impl.RaftServerImpl (ServerState.java:setLeader(253)) - a409f42d-bc3a-405f-bf07-8265a8a77aff@group-82AF4051E50B: change Leader from null to a409f42d-bc3a-405f-bf07-8265a8a77aff at term 1 for becomeLeader, leader elected after 1229ms
2019-09-19 12:09:55,723 [a409f42d-bc3a-405f-bf07-8265a8a77aff@group-82AF4051E50B:LeaderElection12] INFO  server.RaftServerConfigKeys (ConfUtils.java:logGet(43)) - raft.server.staging.catchup.gap = 1000 (default)
2019-09-19 12:09:55,723 [587dad1b-1a08-4278-9ac1-e315232e0934@group-82AF4051E50B:LeaderElection15] INFO  impl.LeaderElection (LeaderElection.java:logAndReturn(56)) - 587dad1b-1a08-4278-9ac1-e315232e0934@group-82AF4051E50B:LeaderElection15: Election REJECTED; received 2 response(s) [587dad1b-1a08-4278-9ac1-e315232e0934<-9ff75243-8f90-489e-ad4c-fbb8c473db2a#0:FAIL-t1, 587dad1b-1a08-4278-9ac1-e315232e0934<-a409f42d-bc3a-405f-bf07-8265a8a77aff#0:FAIL-t1] and 0 exception(s); 587dad1b-1a08-4278-9ac1-e315232e0934@group-82AF4051E50B:t1, leader=null, voted=587dad1b-1a08-4278-9ac1-e315232e0934, raftlog=587dad1b-1a08-4278-9ac1-e315232e0934@group-82AF4051E50B-SegmentedRaftLog:OPENED:c-1,f-1,i0, conf=-1: [9ff75243-8f90-489e-ad4c-fbb8c473db2a:192.168.157.252:45547, 587dad1b-1a08-4278-9ac1-e315232e0934:192.168.157.252:39759, a409f42d-bc3a-405f-bf07-8265a8a77aff:192.168.157.252:38022], old=null
2019-09-19 12:09:55,723 [a409f42d-bc3a-405f-bf07-8265a8a77aff@group-82AF4051E50B:LeaderElection12] INFO  server.RaftServerConfigKeys (ConfUtils.java:logGet(43)) - raft.server.rpc.sleep.time = 25ms (default)
2019-09-19 12:09:55,740 [587dad1b-1a08-4278-9ac1-e315232e0934@group-82AF4051E50B:LeaderElection15] INFO  impl.RaftServerImpl (RaftServerImpl.java:setRole(174)) - 587dad1b-1a08-4278-9ac1-e315232e0934@group-82AF4051E50B: changes role from CANDIDATE to FOLLOWER at term 1 for DISCOVERED_A_NEW_TERM
2019-09-19 12:09:55,743 [Thread-360] INFO  impl.FollowerState (FollowerState.java:run(106)) - 35717865-8144-46c5-963e-0895e96939ac:group-11E1763585E1 changes to CANDIDATE, lastRpcTime:1140, electionTimeout:1138ms
2019-09-19 12:09:55,743 [587dad1b-1a08-4278-9ac1-e315232e0934@group-82AF4051E50B:LeaderElection15] INFO  impl.RoleInfo (RoleInfo.java:shutdownLeaderElection(134)) - 587dad1b-1a08-4278-9ac1-e315232e0934: shutdown LeaderElection
2019-09-19 12:09:55,743 [Thread-360] INFO  impl.RoleInfo (RoleInfo.java:shutdownFollowerState(121)) - 35717865-8144-46c5-963e-0895e96939ac: shutdown FollowerState
2019-09-19 12:09:55,743 [a409f42d-bc3a-405f-bf07-8265a8a77aff@group-82AF4051E50B:LeaderElection12] INFO  server.RaftServerConfigKeys (ConfUtils.java:logGet(43)) - raft.server.write.element-limit = 4096 (default)
2019-09-19 12:09:55,743 [Thread-360] INFO  impl.RaftServerImpl (RaftServerImpl.java:setRole(174)) - 35717865-8144-46c5-963e-0895e96939ac@group-11E1763585E1: changes role from  FOLLOWER to CANDIDATE at term 0 for changeToCandidate
2019-09-19 12:09:55,744 [a409f42d-bc3a-405f-bf07-8265a8a77aff@group-82AF4051E50B:LeaderElection12] INFO  server.RaftServerConfigKeys (ConfUtils.java:logGet(43)) - raft.server.watch.timeout = 10s (default)
2019-09-19 12:09:55,743 [587dad1b-1a08-4278-9ac1-e315232e0934@group-82AF4051E50B:LeaderElection15] INFO  impl.RoleInfo (RoleInfo.java:updateAndGet(143)) - 587dad1b-1a08-4278-9ac1-e315232e0934: start FollowerState
2019-09-19 12:09:55,744 [a409f42d-bc3a-405f-bf07-8265a8a77aff@group-82AF4051E50B:LeaderElection12] INFO  server.RaftServerConfigKeys (ConfUtils.java:logGet(43)) - raft.server.watch.timeout.denomination = 1s (default)
2019-09-19 12:09:55,744 [Thread-360] INFO  impl.RoleInfo (RoleInfo.java:updateAndGet(143)) - 35717865-8144-46c5-963e-0895e96939ac: start LeaderElection
2019-09-19 12:09:55,746 [a409f42d-bc3a-405f-bf07-8265a8a77aff@group-82AF4051E50B:LeaderElection12] INFO  server.RaftServerConfigKeys (ConfUtils.java:logGet(43)) - raft.server.watch.element-limit = 65536 (default)
2019-09-19 12:09:55,752 [7c8a32d9-49ab-449b-8cc8-032a8828a8ac@group-7041D5508450:LeaderElection14] INFO  impl.LeaderElection (LeaderElection.java:logAndReturn(56)) - 7c8a32d9-49ab-449b-8cc8-032a8828a8ac@group-7041D5508450:LeaderElection14: Election REJECTED; received 2 response(s) [7c8a32d9-49ab-449b-8cc8-032a8828a8ac<-1b83d917-1d73-4cac-8d1d-dc3b4981903d#0:FAIL-t1, 7c8a32d9-49ab-449b-8cc8-032a8828a8ac<-4736e737-07ca-4f6d-84d7-0ed6bd660367#0:FAIL-t1] and 0 exception(s); 7c8a32d9-49ab-449b-8cc8-032a8828a8ac@group-7041D5508450:t1, leader=null, voted=7c8a32d9-49ab-449b-8cc8-032a8828a8ac, raftlog=7c8a32d9-49ab-449b-8cc8-032a8828a8ac@group-7041D5508450-SegmentedRaftLog:OPENED:c-1,f-1,i0, conf=-1: [1b83d917-1d73-4cac-8d1d-dc3b4981903d:192.168.157.252:34953, 7c8a32d9-49ab-449b-8cc8-032a8828a8ac:192.168.157.252:41017, 4736e737-07ca-4f6d-84d7-0ed6bd660367:192.168.157.252:43438], old=null
2019-09-19 12:09:55,752 [7c8a32d9-49ab-449b-8cc8-032a8828a8ac@group-7041D5508450:LeaderElection14] INFO  impl.RaftServerImpl (RaftServerImpl.java:setRole(174)) - 7c8a32d9-49ab-449b-8cc8-032a8828a8ac@group-7041D5508450: changes role from CANDIDATE to FOLLOWER at term 1 for DISCOVERED_A_NEW_TERM
2019-09-19 12:09:55,752 [7c8a32d9-49ab-449b-8cc8-032a8828a8ac@group-7041D5508450:LeaderElection14] INFO  impl.RoleInfo (RoleInfo.java:shutdownLeaderElection(134)) - 7c8a32d9-49ab-449b-8cc8-032a8828a8ac: shutdown LeaderElection
2019-09-19 12:09:55,752 [7c8a32d9-49ab-449b-8cc8-032a8828a8ac@group-7041D5508450:LeaderElection14] INFO  impl.RoleInfo (RoleInfo.java:updateAndGet(143)) - 7c8a32d9-49ab-449b-8cc8-032a8828a8ac: start FollowerState
2019-09-19 12:09:55,761 [grpc-default-executor-9] INFO  impl.RaftServerImpl (RaftServerImpl.java:setRole(174)) - 03555e6f-e7ac-4c8b-ad84-7222370bb52c@group-11E1763585E1: changes role from  FOLLOWER to FOLLOWER at term 1 for recognizeCandidate:0536a24c-34e3-4c8a-9a31-895de5497f4a
2019-09-19 12:09:55,764 [grpc-default-executor-9] INFO  impl.RoleInfo (RoleInfo.java:shutdownFollowerState(121)) - 03555e6f-e7ac-4c8b-ad84-7222370bb52c: shutdown FollowerState
2019-09-19 12:09:55,764 [grpc-default-executor-9] INFO  impl.RoleInfo (RoleInfo.java:updateAndGet(143)) - 03555e6f-e7ac-4c8b-ad84-7222370bb52c: start FollowerState
2019-09-19 12:09:55,764 [Thread-356] INFO  impl.FollowerState (FollowerState.java:run(115)) - 03555e6f-e7ac-4c8b-ad84-7222370bb52c: FollowerState was interrupted: java.lang.InterruptedException: sleep interrupted
2019-09-19 12:09:55,767 [35717865-8144-46c5-963e-0895e96939ac@group-11E1763585E1:LeaderElection17] INFO  impl.LeaderElection (LeaderElection.java:askForVotes(182)) - 35717865-8144-46c5-963e-0895e96939ac@group-11E1763585E1:LeaderElection17: begin an election at term 1 for -1: [0536a24c-34e3-4c8a-9a31-895de5497f4a:192.168.157.252:36571, 35717865-8144-46c5-963e-0895e96939ac:192.168.157.252:34648, 03555e6f-e7ac-4c8b-ad84-7222370bb52c:192.168.157.252:33098], old=null
2019-09-19 12:09:55,774 [a409f42d-bc3a-405f-bf07-8265a8a77aff@group-82AF4051E50B:LeaderElection12] INFO  server.RaftServerConfigKeys (ConfUtils.java:logGet(43)) - raft.server.log.appender.snapshot.chunk.size.max = 16MB (=16777216) (default)
2019-09-19 12:09:55,774 [a409f42d-bc3a-405f-bf07-8265a8a77aff@group-82AF4051E50B:LeaderElection12] INFO  server.RaftServerConfigKeys (ConfUtils.java:logGet(43)) - raft.server.log.appender.buffer.byte-limit = 33554432 (custom)
2019-09-19 12:09:55,775 [a409f42d-bc3a-405f-bf07-8265a8a77aff@group-82AF4051E50B:LeaderElection12] INFO  server.RaftServerConfigKeys (ConfUtils.java:logGet(43)) - raft.server.log.appender.buffer.element-limit = 1 (custom)
2019-09-19 12:09:55,784 [a409f42d-bc3a-405f-bf07-8265a8a77aff@group-82AF4051E50B:LeaderElection12] INFO  grpc.GrpcConfigKeys$Server (ConfUtils.java:logGet(43)) - raft.grpc.server.leader.outstanding.appends.max = 128 (default)
2019-09-19 12:09:55,787 [a409f42d-bc3a-405f-bf07-8265a8a77aff@group-82AF4051E50B:LeaderElection12] INFO  server.RaftServerConfigKeys (ConfUtils.java:logGet(43)) - raft.server.rpc.request.timeout = 3000ms (default)
2019-09-19 12:09:55,789 [a409f42d-bc3a-405f-bf07-8265a8a77aff@group-82AF4051E50B:LeaderElection12] INFO  server.RaftServerConfigKeys (ConfUtils.java:logGet(43)) - raft.server.log.appender.install.snapshot.enabled = false (custom)
2019-09-19 12:09:55,789 [35717865-8144-46c5-963e-0895e96939ac@group-11E1763585E1:LeaderElection17] INFO  impl.LeaderElection (LeaderElection.java:logAndReturn(56)) - 35717865-8144-46c5-963e-0895e96939ac@group-11E1763585E1:LeaderElection17: Election REJECTED; received 2 response(s) [35717865-8144-46c5-963e-0895e96939ac<-0536a24c-34e3-4c8a-9a31-895de5497f4a#0:FAIL-t1, 35717865-8144-46c5-963e-0895e96939ac<-03555e6f-e7ac-4c8b-ad84-7222370bb52c#0:FAIL-t1] and 0 exception(s); 35717865-8144-46c5-963e-0895e96939ac@group-11E1763585E1:t1, leader=null, voted=35717865-8144-46c5-963e-0895e96939ac, raftlog=35717865-8144-46c5-963e-0895e96939ac@group-11E1763585E1-SegmentedRaftLog:OPENED:c-1,f-1,i0, conf=-1: [0536a24c-34e3-4c8a-9a31-895de5497f4a:192.168.157.252:36571, 35717865-8144-46c5-963e-0895e96939ac:192.168.157.252:34648, 03555e6f-e7ac-4c8b-ad84-7222370bb52c:192.168.157.252:33098], old=null
2019-09-19 12:09:55,789 [35717865-8144-46c5-963e-0895e96939ac@group-11E1763585E1:LeaderElection17] INFO  impl.RaftServerImpl (RaftServerImpl.java:setRole(174)) - 35717865-8144-46c5-963e-0895e96939ac@group-11E1763585E1: changes role from CANDIDATE to FOLLOWER at term 1 for DISCOVERED_A_NEW_TERM
2019-09-19 12:09:55,791 [35717865-8144-46c5-963e-0895e96939ac@group-11E1763585E1:LeaderElection17] INFO  impl.RoleInfo (RoleInfo.java:shutdownLeaderElection(134)) - 35717865-8144-46c5-963e-0895e96939ac: shutdown LeaderElection
2019-09-19 12:09:55,791 [35717865-8144-46c5-963e-0895e96939ac@group-11E1763585E1:LeaderElection17] INFO  impl.RoleInfo (RoleInfo.java:updateAndGet(143)) - 35717865-8144-46c5-963e-0895e96939ac: start FollowerState
2019-09-19 12:09:55,792 [a409f42d-bc3a-405f-bf07-8265a8a77aff@group-82AF4051E50B:LeaderElection12] INFO  server.RaftServerConfigKeys (ConfUtils.java:logGet(43)) - raft.server.log.appender.snapshot.chunk.size.max = 16MB (=16777216) (default)
2019-09-19 12:09:55,795 [0536a24c-34e3-4c8a-9a31-895de5497f4a@group-11E1763585E1:LeaderElection16] INFO  impl.LeaderElection (LeaderElection.java:logAndReturn(56)) - 0536a24c-34e3-4c8a-9a31-895de5497f4a@group-11E1763585E1:LeaderElection16: Election PASSED; received 2 response(s) [0536a24c-34e3-4c8a-9a31-895de5497f4a<-35717865-8144-46c5-963e-0895e96939ac#0:FAIL-t1, 0536a24c-34e3-4c8a-9a31-895de5497f4a<-03555e6f-e7ac-4c8b-ad84-7222370bb52c#0:OK-t1] and 0 exception(s); 0536a24c-34e3-4c8a-9a31-895de5497f4a@group-11E1763585E1:t1, leader=null, voted=0536a24c-34e3-4c8a-9a31-895de5497f4a, raftlog=0536a24c-34e3-4c8a-9a31-895de5497f4a@group-11E1763585E1-SegmentedRaftLog:OPENED:c-1,f-1,i0, conf=-1: [0536a24c-34e3-4c8a-9a31-895de5497f4a:192.168.157.252:36571, 35717865-8144-46c5-963e-0895e96939ac:192.168.157.252:34648, 03555e6f-e7ac-4c8b-ad84-7222370bb52c:192.168.157.252:33098], old=null
2019-09-19 12:09:55,795 [a409f42d-bc3a-405f-bf07-8265a8a77aff@group-82AF4051E50B:LeaderElection12] INFO  server.RaftServerConfigKeys (ConfUtils.java:logGet(43)) - raft.server.log.appender.buffer.byte-limit = 33554432 (custom)
2019-09-19 12:09:55,795 [0536a24c-34e3-4c8a-9a31-895de5497f4a@group-11E1763585E1:LeaderElection16] INFO  impl.RoleInfo (RoleInfo.java:shutdownLeaderElection(134)) - 0536a24c-34e3-4c8a-9a31-895de5497f4a: shutdown LeaderElection
2019-09-19 12:09:55,796 [a409f42d-bc3a-405f-bf07-8265a8a77aff@group-82AF4051E50B:LeaderElection12] INFO  server.RaftServerConfigKeys (ConfUtils.java:logGet(43)) - raft.server.log.appender.buffer.element-limit = 1 (custom)
2019-09-19 12:09:55,797 [0536a24c-34e3-4c8a-9a31-895de5497f4a@group-11E1763585E1:LeaderElection16] INFO  impl.RaftServerImpl (RaftServerImpl.java:setRole(174)) - 0536a24c-34e3-4c8a-9a31-895de5497f4a@group-11E1763585E1: changes role from CANDIDATE to LEADER at term 1 for changeToLeader
2019-09-19 12:09:55,798 [a409f42d-bc3a-405f-bf07-8265a8a77aff@group-82AF4051E50B:LeaderElection12] INFO  grpc.GrpcConfigKeys$Server (ConfUtils.java:logGet(43)) - raft.grpc.server.leader.outstanding.appends.max = 128 (default)
2019-09-19 12:09:55,798 [0536a24c-34e3-4c8a-9a31-895de5497f4a@group-11E1763585E1:LeaderElection16] INFO  impl.RaftServerImpl (ServerState.java:setLeader(253)) - 0536a24c-34e3-4c8a-9a31-895de5497f4a@group-11E1763585E1: change Leader from null to 0536a24c-34e3-4c8a-9a31-895de5497f4a at term 1 for becomeLeader, leader elected after 1211ms
2019-09-19 12:09:55,798 [a409f42d-bc3a-405f-bf07-8265a8a77aff@group-82AF4051E50B:LeaderElection12] INFO  server.RaftServerConfigKeys (ConfUtils.java:logGet(43)) - raft.server.rpc.request.timeout = 3000ms (default)
2019-09-19 12:09:55,798 [0536a24c-34e3-4c8a-9a31-895de5497f4a@group-11E1763585E1:LeaderElection16] INFO  server.RaftServerConfigKeys (ConfUtils.java:logGet(43)) - raft.server.staging.catchup.gap = 1000 (default)
2019-09-19 12:09:55,798 [a409f42d-bc3a-405f-bf07-8265a8a77aff@group-82AF4051E50B:LeaderElection12] INFO  server.RaftServerConfigKeys (ConfUtils.java:logGet(43)) - raft.server.log.appender.install.snapshot.enabled = false (custom)
2019-09-19 12:09:55,798 [0536a24c-34e3-4c8a-9a31-895de5497f4a@group-11E1763585E1:LeaderElection16] INFO  server.RaftServerConfigKeys (ConfUtils.java:logGet(43)) - raft.server.rpc.sleep.time = 25ms (default)
2019-09-19 12:09:55,799 [0536a24c-34e3-4c8a-9a31-895de5497f4a@group-11E1763585E1:LeaderElection16] INFO  server.RaftServerConfigKeys (ConfUtils.java:logGet(43)) - raft.server.write.element-limit = 4096 (default)
2019-09-19 12:09:55,799 [0536a24c-34e3-4c8a-9a31-895de5497f4a@group-11E1763585E1:LeaderElection16] INFO  server.RaftServerConfigKeys (ConfUtils.java:logGet(43)) - raft.server.watch.timeout = 10s (default)
2019-09-19 12:09:55,799 [0536a24c-34e3-4c8a-9a31-895de5497f4a@group-11E1763585E1:LeaderElection16] INFO  server.RaftServerConfigKeys (ConfUtils.java:logGet(43)) - raft.server.watch.timeout.denomination = 1s (default)
2019-09-19 12:09:55,799 [0536a24c-34e3-4c8a-9a31-895de5497f4a@group-11E1763585E1:LeaderElection16] INFO  server.RaftServerConfigKeys (ConfUtils.java:logGet(43)) - raft.server.watch.element-limit = 65536 (default)
2019-09-19 12:09:55,800 [a409f42d-bc3a-405f-bf07-8265a8a77aff@group-82AF4051E50B:LeaderElection12] INFO  impl.RoleInfo (RoleInfo.java:updateAndGet(143)) - a409f42d-bc3a-405f-bf07-8265a8a77aff: start LeaderState
2019-09-19 12:09:55,800 [a409f42d-bc3a-405f-bf07-8265a8a77aff@group-82AF4051E50B:LeaderElection12] INFO  segmented.SegmentedRaftLogWorker (SegmentedRaftLogWorker.java:startLogSegment(380)) - a409f42d-bc3a-405f-bf07-8265a8a77aff@group-82AF4051E50B-SegmentedRaftLogWorker: Starting segment from index:0
2019-09-19 12:09:55,801 [a409f42d-bc3a-405f-bf07-8265a8a77aff@group-82AF4051E50B:LeaderElection12] INFO  impl.RaftServerImpl (ServerState.java:setRaftConf(354)) - a409f42d-bc3a-405f-bf07-8265a8a77aff@group-82AF4051E50B: set configuration 0: [9ff75243-8f90-489e-ad4c-fbb8c473db2a:192.168.157.252:45547, 587dad1b-1a08-4278-9ac1-e315232e0934:192.168.157.252:39759, a409f42d-bc3a-405f-bf07-8265a8a77aff:192.168.157.252:38022], old=null at 0
2019-09-19 12:09:55,829 [0536a24c-34e3-4c8a-9a31-895de5497f4a@group-11E1763585E1:LeaderElection16] INFO  server.RaftServerConfigKeys (ConfUtils.java:logGet(43)) - raft.server.log.appender.snapshot.chunk.size.max = 16MB (=16777216) (default)
2019-09-19 12:09:55,830 [0536a24c-34e3-4c8a-9a31-895de5497f4a@group-11E1763585E1:LeaderElection16] INFO  server.RaftServerConfigKeys (ConfUtils.java:logGet(43)) - raft.server.log.appender.buffer.byte-limit = 33554432 (custom)
2019-09-19 12:09:55,830 [0536a24c-34e3-4c8a-9a31-895de5497f4a@group-11E1763585E1:LeaderElection16] INFO  server.RaftServerConfigKeys (ConfUtils.java:logGet(43)) - raft.server.log.appender.buffer.element-limit = 1 (custom)
2019-09-19 12:09:55,830 [0536a24c-34e3-4c8a-9a31-895de5497f4a@group-11E1763585E1:LeaderElection16] INFO  grpc.GrpcConfigKeys$Server (ConfUtils.java:logGet(43)) - raft.grpc.server.leader.outstanding.appends.max = 128 (default)
2019-09-19 12:09:55,833 [0536a24c-34e3-4c8a-9a31-895de5497f4a@group-11E1763585E1:LeaderElection16] INFO  server.RaftServerConfigKeys (ConfUtils.java:logGet(43)) - raft.server.rpc.request.timeout = 3000ms (default)
2019-09-19 12:09:55,834 [0536a24c-34e3-4c8a-9a31-895de5497f4a@group-11E1763585E1:LeaderElection16] INFO  server.RaftServerConfigKeys (ConfUtils.java:logGet(43)) - raft.server.log.appender.install.snapshot.enabled = false (custom)
2019-09-19 12:09:55,834 [0536a24c-34e3-4c8a-9a31-895de5497f4a@group-11E1763585E1:LeaderElection16] INFO  server.RaftServerConfigKeys (ConfUtils.java:logGet(43)) - raft.server.log.appender.snapshot.chunk.size.max = 16MB (=16777216) (default)
2019-09-19 12:09:55,834 [0536a24c-34e3-4c8a-9a31-895de5497f4a@group-11E1763585E1:LeaderElection16] INFO  server.RaftServerConfigKeys (ConfUtils.java:logGet(43)) - raft.server.log.appender.buffer.byte-limit = 33554432 (custom)
2019-09-19 12:09:55,834 [0536a24c-34e3-4c8a-9a31-895de5497f4a@group-11E1763585E1:LeaderElection16] INFO  server.RaftServerConfigKeys (ConfUtils.java:logGet(43)) - raft.server.log.appender.buffer.element-limit = 1 (custom)
2019-09-19 12:09:55,835 [0536a24c-34e3-4c8a-9a31-895de5497f4a@group-11E1763585E1:LeaderElection16] INFO  grpc.GrpcConfigKeys$Server (ConfUtils.java:logGet(43)) - raft.grpc.server.leader.outstanding.appends.max = 128 (default)
2019-09-19 12:09:55,835 [0536a24c-34e3-4c8a-9a31-895de5497f4a@group-11E1763585E1:LeaderElection16] INFO  server.RaftServerConfigKeys (ConfUtils.java:logGet(43)) - raft.server.rpc.request.timeout = 3000ms (default)
2019-09-19 12:09:55,835 [0536a24c-34e3-4c8a-9a31-895de5497f4a@group-11E1763585E1:LeaderElection16] INFO  server.RaftServerConfigKeys (ConfUtils.java:logGet(43)) - raft.server.log.appender.install.snapshot.enabled = false (custom)
2019-09-19 12:09:55,836 [0536a24c-34e3-4c8a-9a31-895de5497f4a@group-11E1763585E1:LeaderElection16] INFO  impl.RoleInfo (RoleInfo.java:updateAndGet(143)) - 0536a24c-34e3-4c8a-9a31-895de5497f4a: start LeaderState
2019-09-19 12:09:55,836 [0536a24c-34e3-4c8a-9a31-895de5497f4a@group-11E1763585E1:LeaderElection16] INFO  segmented.SegmentedRaftLogWorker (SegmentedRaftLogWorker.java:startLogSegment(380)) - 0536a24c-34e3-4c8a-9a31-895de5497f4a@group-11E1763585E1-SegmentedRaftLogWorker: Starting segment from index:0
2019-09-19 12:09:55,837 [0536a24c-34e3-4c8a-9a31-895de5497f4a@group-11E1763585E1:LeaderElection16] INFO  impl.RaftServerImpl (ServerState.java:setRaftConf(354)) - 0536a24c-34e3-4c8a-9a31-895de5497f4a@group-11E1763585E1: set configuration 0: [0536a24c-34e3-4c8a-9a31-895de5497f4a:192.168.157.252:36571, 35717865-8144-46c5-963e-0895e96939ac:192.168.157.252:34648, 03555e6f-e7ac-4c8b-ad84-7222370bb52c:192.168.157.252:33098], old=null at 0
2019-09-19 12:09:55,841 [a409f42d-bc3a-405f-bf07-8265a8a77aff@group-82AF4051E50B-SegmentedRaftLogWorker] INFO  segmented.SegmentedRaftLogWorker (SegmentedRaftLogWorker.java:execute(569)) - a409f42d-bc3a-405f-bf07-8265a8a77aff@group-82AF4051E50B-SegmentedRaftLogWorker: created new log segment /workdir/hadoop-ozone/integration-test/target/test-dir/MiniOzoneClusterImpl-41742b35-60e3-4bf6-81de-f25e83920b6f/datanode-7/data/ratis/dcea782e-2ecf-47a0-b031-82af4051e50b/current/log_inprogress_0
2019-09-19 12:09:55,882 [grpc-default-executor-2] INFO  impl.RaftServerImpl (ServerState.java:setLeader(253)) - 35717865-8144-46c5-963e-0895e96939ac@group-11E1763585E1: change Leader from null to 0536a24c-34e3-4c8a-9a31-895de5497f4a at term 1 for appendEntries, leader elected after 1295ms
2019-09-19 12:09:55,883 [grpc-default-executor-1] INFO  impl.RaftServerImpl (ServerState.java:setLeader(253)) - 03555e6f-e7ac-4c8b-ad84-7222370bb52c@group-11E1763585E1: change Leader from null to 0536a24c-34e3-4c8a-9a31-895de5497f4a at term 1 for appendEntries, leader elected after 1295ms
2019-09-19 12:09:55,883 [grpc-default-executor-4] INFO  impl.RaftServerImpl (ServerState.java:setLeader(253)) - 587dad1b-1a08-4278-9ac1-e315232e0934@group-82AF4051E50B: change Leader from null to a409f42d-bc3a-405f-bf07-8265a8a77aff at term 1 for appendEntries, leader elected after 1390ms
2019-09-19 12:09:55,883 [grpc-default-executor-9] INFO  impl.RaftServerImpl (ServerState.java:setLeader(253)) - 9ff75243-8f90-489e-ad4c-fbb8c473db2a@group-82AF4051E50B: change Leader from null to a409f42d-bc3a-405f-bf07-8265a8a77aff at term 1 for appendEntries, leader elected after 1390ms
2019-09-19 12:09:55,890 [0536a24c-34e3-4c8a-9a31-895de5497f4a@group-11E1763585E1-SegmentedRaftLogWorker] INFO  segmented.SegmentedRaftLogWorker (SegmentedRaftLogWorker.java:execute(569)) - 0536a24c-34e3-4c8a-9a31-895de5497f4a@group-11E1763585E1-SegmentedRaftLogWorker: created new log segment /workdir/hadoop-ozone/integration-test/target/test-dir/MiniOzoneClusterImpl-41742b35-60e3-4bf6-81de-f25e83920b6f/datanode-3/data/ratis/aed8ff52-0610-457a-8f1b-11e1763585e1/current/log_inprogress_0
2019-09-19 12:09:55,916 [grpc-default-executor-2] INFO  impl.RaftServerImpl (ServerState.java:setRaftConf(354)) - 587dad1b-1a08-4278-9ac1-e315232e0934@group-82AF4051E50B: set configuration 0: [9ff75243-8f90-489e-ad4c-fbb8c473db2a:192.168.157.252:45547, 587dad1b-1a08-4278-9ac1-e315232e0934:192.168.157.252:39759, a409f42d-bc3a-405f-bf07-8265a8a77aff:192.168.157.252:38022], old=null at 0
2019-09-19 12:09:55,916 [grpc-default-executor-4] INFO  impl.RaftServerImpl (ServerState.java:setRaftConf(354)) - 9ff75243-8f90-489e-ad4c-fbb8c473db2a@group-82AF4051E50B: set configuration 0: [9ff75243-8f90-489e-ad4c-fbb8c473db2a:192.168.157.252:45547, 587dad1b-1a08-4278-9ac1-e315232e0934:192.168.157.252:39759, a409f42d-bc3a-405f-bf07-8265a8a77aff:192.168.157.252:38022], old=null at 0
2019-09-19 12:09:55,916 [grpc-default-executor-2] INFO  segmented.SegmentedRaftLogWorker (SegmentedRaftLogWorker.java:startLogSegment(380)) - 587dad1b-1a08-4278-9ac1-e315232e0934@group-82AF4051E50B-SegmentedRaftLogWorker: Starting segment from index:0
2019-09-19 12:09:55,916 [grpc-default-executor-9] INFO  impl.RaftServerImpl (ServerState.java:setRaftConf(354)) - 35717865-8144-46c5-963e-0895e96939ac@group-11E1763585E1: set configuration 0: [0536a24c-34e3-4c8a-9a31-895de5497f4a:192.168.157.252:36571, 35717865-8144-46c5-963e-0895e96939ac:192.168.157.252:34648, 03555e6f-e7ac-4c8b-ad84-7222370bb52c:192.168.157.252:33098], old=null at 0
2019-09-19 12:09:55,916 [grpc-default-executor-1] INFO  impl.RaftServerImpl (ServerState.java:setRaftConf(354)) - 03555e6f-e7ac-4c8b-ad84-7222370bb52c@group-11E1763585E1: set configuration 0: [0536a24c-34e3-4c8a-9a31-895de5497f4a:192.168.157.252:36571, 35717865-8144-46c5-963e-0895e96939ac:192.168.157.252:34648, 03555e6f-e7ac-4c8b-ad84-7222370bb52c:192.168.157.252:33098], old=null at 0
2019-09-19 12:09:55,917 [grpc-default-executor-9] INFO  segmented.SegmentedRaftLogWorker (SegmentedRaftLogWorker.java:startLogSegment(380)) - 35717865-8144-46c5-963e-0895e96939ac@group-11E1763585E1-SegmentedRaftLogWorker: Starting segment from index:0
2019-09-19 12:09:55,916 [grpc-default-executor-4] INFO  segmented.SegmentedRaftLogWorker (SegmentedRaftLogWorker.java:startLogSegment(380)) - 9ff75243-8f90-489e-ad4c-fbb8c473db2a@group-82AF4051E50B-SegmentedRaftLogWorker: Starting segment from index:0
2019-09-19 12:09:55,917 [grpc-default-executor-1] INFO  segmented.SegmentedRaftLogWorker (SegmentedRaftLogWorker.java:startLogSegment(380)) - 03555e6f-e7ac-4c8b-ad84-7222370bb52c@group-11E1763585E1-SegmentedRaftLogWorker: Starting segment from index:0
2019-09-19 12:09:55,958 [03555e6f-e7ac-4c8b-ad84-7222370bb52c@group-11E1763585E1-SegmentedRaftLogWorker] INFO  segmented.SegmentedRaftLogWorker (SegmentedRaftLogWorker.java:execute(569)) - 03555e6f-e7ac-4c8b-ad84-7222370bb52c@group-11E1763585E1-SegmentedRaftLogWorker: created new log segment /workdir/hadoop-ozone/integration-test/target/test-dir/MiniOzoneClusterImpl-41742b35-60e3-4bf6-81de-f25e83920b6f/datanode-1/data/ratis/aed8ff52-0610-457a-8f1b-11e1763585e1/current/log_inprogress_0
2019-09-19 12:09:55,958 [35717865-8144-46c5-963e-0895e96939ac@group-11E1763585E1-SegmentedRaftLogWorker] INFO  segmented.SegmentedRaftLogWorker (SegmentedRaftLogWorker.java:execute(569)) - 35717865-8144-46c5-963e-0895e96939ac@group-11E1763585E1-SegmentedRaftLogWorker: created new log segment /workdir/hadoop-ozone/integration-test/target/test-dir/MiniOzoneClusterImpl-41742b35-60e3-4bf6-81de-f25e83920b6f/datanode-9/data/ratis/aed8ff52-0610-457a-8f1b-11e1763585e1/current/log_inprogress_0
2019-09-19 12:09:55,958 [587dad1b-1a08-4278-9ac1-e315232e0934@group-82AF4051E50B-SegmentedRaftLogWorker] INFO  segmented.SegmentedRaftLogWorker (SegmentedRaftLogWorker.java:execute(569)) - 587dad1b-1a08-4278-9ac1-e315232e0934@group-82AF4051E50B-SegmentedRaftLogWorker: created new log segment /workdir/hadoop-ozone/integration-test/target/test-dir/MiniOzoneClusterImpl-41742b35-60e3-4bf6-81de-f25e83920b6f/datanode-4/data/ratis/dcea782e-2ecf-47a0-b031-82af4051e50b/current/log_inprogress_0
2019-09-19 12:09:55,958 [9ff75243-8f90-489e-ad4c-fbb8c473db2a@group-82AF4051E50B-SegmentedRaftLogWorker] INFO  segmented.SegmentedRaftLogWorker (SegmentedRaftLogWorker.java:execute(569)) - 9ff75243-8f90-489e-ad4c-fbb8c473db2a@group-82AF4051E50B-SegmentedRaftLogWorker: created new log segment /workdir/hadoop-ozone/integration-test/target/test-dir/MiniOzoneClusterImpl-41742b35-60e3-4bf6-81de-f25e83920b6f/datanode-5/data/ratis/dcea782e-2ecf-47a0-b031-82af4051e50b/current/log_inprogress_0
2019-09-19 12:09:56,041 [grpc-default-executor-9] INFO  client.GrpcClientProtocolClient (GrpcClientProtocolClient.java:onNext(264)) - client-62E111188F8E->03555e6f-e7ac-4c8b-ad84-7222370bb52c: receive RaftClientReply:client-62E111188F8E->03555e6f-e7ac-4c8b-ad84-7222370bb52c@group-11E1763585E1, cid=19, FAILED org.apache.ratis.protocol.NotLeaderException: Server 03555e6f-e7ac-4c8b-ad84-7222370bb52c@group-11E1763585E1 is not the leader 0536a24c-34e3-4c8a-9a31-895de5497f4a:192.168.157.252:36571, logIndex=0, commits[03555e6f-e7ac-4c8b-ad84-7222370bb52c:c0, 0536a24c-34e3-4c8a-9a31-895de5497f4a:c0, 35717865-8144-46c5-963e-0895e96939ac:c-1]
2019-09-19 12:09:56,841 [Thread-386] INFO  impl.FollowerState (FollowerState.java:run(106)) - 4736e737-07ca-4f6d-84d7-0ed6bd660367:group-7041D5508450 changes to CANDIDATE, lastRpcTime:1145, electionTimeout:1137ms
2019-09-19 12:09:56,843 [Thread-386] INFO  impl.RoleInfo (RoleInfo.java:shutdownFollowerState(121)) - 4736e737-07ca-4f6d-84d7-0ed6bd660367: shutdown FollowerState
2019-09-19 12:09:56,843 [Thread-386] INFO  impl.RaftServerImpl (RaftServerImpl.java:setRole(174)) - 4736e737-07ca-4f6d-84d7-0ed6bd660367@group-7041D5508450: changes role from  FOLLOWER to CANDIDATE at term 1 for changeToCandidate
2019-09-19 12:09:56,844 [Thread-386] INFO  impl.RoleInfo (RoleInfo.java:updateAndGet(143)) - 4736e737-07ca-4f6d-84d7-0ed6bd660367: start LeaderElection
2019-09-19 12:09:56,900 [Thread-387] INFO  impl.FollowerState (FollowerState.java:run(106)) - 1b83d917-1d73-4cac-8d1d-dc3b4981903d:group-7041D5508450 changes to CANDIDATE, lastRpcTime:1202, electionTimeout:1196ms
2019-09-19 12:09:56,905 [Thread-387] INFO  impl.RoleInfo (RoleInfo.java:shutdownFollowerState(121)) - 1b83d917-1d73-4cac-8d1d-dc3b4981903d: shutdown FollowerState
2019-09-19 12:09:56,905 [Thread-387] INFO  impl.RaftServerImpl (RaftServerImpl.java:setRole(174)) - 1b83d917-1d73-4cac-8d1d-dc3b4981903d@group-7041D5508450: changes role from  FOLLOWER to CANDIDATE at term 1 for changeToCandidate
2019-09-19 12:09:56,905 [Thread-387] INFO  impl.RoleInfo (RoleInfo.java:updateAndGet(143)) - 1b83d917-1d73-4cac-8d1d-dc3b4981903d: start LeaderElection
2019-09-19 12:09:56,948 [Thread-393] INFO  impl.FollowerState (FollowerState.java:run(106)) - 7c8a32d9-49ab-449b-8cc8-032a8828a8ac:group-7041D5508450 changes to CANDIDATE, lastRpcTime:1195, electionTimeout:1195ms
2019-09-19 12:09:56,948 [Thread-393] INFO  impl.RoleInfo (RoleInfo.java:shutdownFollowerState(121)) - 7c8a32d9-49ab-449b-8cc8-032a8828a8ac: shutdown FollowerState
2019-09-19 12:09:56,948 [Thread-393] INFO  impl.RaftServerImpl (RaftServerImpl.java:setRole(174)) - 7c8a32d9-49ab-449b-8cc8-032a8828a8ac@group-7041D5508450: changes role from  FOLLOWER to CANDIDATE at term 1 for changeToCandidate
2019-09-19 12:09:56,949 [Thread-393] INFO  impl.RoleInfo (RoleInfo.java:updateAndGet(143)) - 7c8a32d9-49ab-449b-8cc8-032a8828a8ac: start LeaderElection
2019-09-19 12:09:59,196 [java.util.concurrent.ThreadPoolExecutor$Worker@13fea181[State = -1, empty queue]] WARN  server.GrpcLogAppender (GrpcLogAppender.java:timeoutAppendRequest(200)) - 0536a24c-34e3-4c8a-9a31-895de5497f4a@group-11E1763585E1->35717865-8144-46c5-963e-0895e96939ac-GrpcLogAppender: appendEntries Timeout, request=0536a24c-34e3-4c8a-9a31-895de5497f4a->35717865-8144-46c5-963e-0895e96939ac#2-t1, previous=(t:1, i:0), leaderCommit=0, initializing? false, entries: size=1, first=(t:1, i:1), STATEMACHINELOGENTRY, client-62E111188F8E, cid=19
2019-09-19 12:09:59,196 [java.util.concurrent.ThreadPoolExecutor$Worker@40d69547[State = -1, empty queue]] WARN  server.GrpcLogAppender (GrpcLogAppender.java:timeoutAppendRequest(200)) - 0536a24c-34e3-4c8a-9a31-895de5497f4a@group-11E1763585E1->03555e6f-e7ac-4c8b-ad84-7222370bb52c-GrpcLogAppender: appendEntries Timeout, request=0536a24c-34e3-4c8a-9a31-895de5497f4a->03555e6f-e7ac-4c8b-ad84-7222370bb52c#2-t1, previous=(t:1, i:0), leaderCommit=0, initializing? false, entries: size=1, first=(t:1, i:1), STATEMACHINELOGENTRY, client-62E111188F8E, cid=19
2019-09-19 12:09:59,696 [java.util.concurrent.ThreadPoolExecutor$Worker@13fea181[State = -1, empty queue]] WARN  server.GrpcLogAppender (GrpcLogAppender.java:timeoutAppendRequest(200)) - 0536a24c-34e3-4c8a-9a31-895de5497f4a@group-11E1763585E1->35717865-8144-46c5-963e-0895e96939ac-GrpcLogAppender: appendEntries Timeout, request=0536a24c-34e3-4c8a-9a31-895de5497f4a->35717865-8144-46c5-963e-0895e96939ac#3-t1, previous=(t:1, i:1), leaderCommit=0, initializing? false, entries: <empty>
2019-09-19 12:09:59,696 [java.util.concurrent.ThreadPoolExecutor$Worker@40d69547[State = -1, empty queue]] WARN  server.GrpcLogAppender (GrpcLogAppender.java:timeoutAppendRequest(200)) - 0536a24c-34e3-4c8a-9a31-895de5497f4a@group-11E1763585E1->03555e6f-e7ac-4c8b-ad84-7222370bb52c-GrpcLogAppender: appendEntries Timeout, request=0536a24c-34e3-4c8a-9a31-895de5497f4a->03555e6f-e7ac-4c8b-ad84-7222370bb52c#3-t1, previous=(t:1, i:1), leaderCommit=0, initializing? false, entries: <empty>
2019-09-19 12:10:00,197 [java.util.concurrent.ThreadPoolExecutor$Worker@40d69547[State = -1, empty queue]] WARN  server.GrpcLogAppender (GrpcLogAppender.java:timeoutAppendRequest(200)) - 0536a24c-34e3-4c8a-9a31-895de5497f4a@group-11E1763585E1->03555e6f-e7ac-4c8b-ad84-7222370bb52c-GrpcLogAppender: appendEntries Timeout, request=0536a24c-34e3-4c8a-9a31-895de5497f4a->03555e6f-e7ac-4c8b-ad84-7222370bb52c#4-t1, previous=(t:1, i:1), leaderCommit=0, initializing? false, entries: <empty>
2019-09-19 12:10:00,197 [java.util.concurrent.ThreadPoolExecutor$Worker@13fea181[State = -1, empty queue]] WARN  server.GrpcLogAppender (GrpcLogAppender.java:timeoutAppendRequest(200)) - 0536a24c-34e3-4c8a-9a31-895de5497f4a@group-11E1763585E1->35717865-8144-46c5-963e-0895e96939ac-GrpcLogAppender: appendEntries Timeout, request=0536a24c-34e3-4c8a-9a31-895de5497f4a->35717865-8144-46c5-963e-0895e96939ac#4-t1, previous=(t:1, i:1), leaderCommit=0, initializing? false, entries: <empty>
2019-09-19 12:10:00,288 [4736e737-07ca-4f6d-84d7-0ed6bd660367@group-7041D5508450:LeaderElection18] INFO  impl.LeaderElection (LeaderElection.java:askForVotes(182)) - 4736e737-07ca-4f6d-84d7-0ed6bd660367@group-7041D5508450:LeaderElection18: begin an election at term 2 for -1: [1b83d917-1d73-4cac-8d1d-dc3b4981903d:192.168.157.252:34953, 7c8a32d9-49ab-449b-8cc8-032a8828a8ac:192.168.157.252:41017, 4736e737-07ca-4f6d-84d7-0ed6bd660367:192.168.157.252:43438], old=null
2019-09-19 12:10:00,289 [7c8a32d9-49ab-449b-8cc8-032a8828a8ac@group-7041D5508450:LeaderElection20] INFO  impl.LeaderElection (LeaderElection.java:askForVotes(182)) - 7c8a32d9-49ab-449b-8cc8-032a8828a8ac@group-7041D5508450:LeaderElection20: begin an election at term 2 for -1: [1b83d917-1d73-4cac-8d1d-dc3b4981903d:192.168.157.252:34953, 7c8a32d9-49ab-449b-8cc8-032a8828a8ac:192.168.157.252:41017, 4736e737-07ca-4f6d-84d7-0ed6bd660367:192.168.157.252:43438], old=null
2019-09-19 12:10:00,289 [1b83d917-1d73-4cac-8d1d-dc3b4981903d@group-7041D5508450:LeaderElection19] INFO  impl.LeaderElection (LeaderElection.java:askForVotes(182)) - 1b83d917-1d73-4cac-8d1d-dc3b4981903d@group-7041D5508450:LeaderElection19: begin an election at term 2 for -1: [1b83d917-1d73-4cac-8d1d-dc3b4981903d:192.168.157.252:34953, 7c8a32d9-49ab-449b-8cc8-032a8828a8ac:192.168.157.252:41017, 4736e737-07ca-4f6d-84d7-0ed6bd660367:192.168.157.252:43438], old=null
2019-09-19 12:10:00,325 [4736e737-07ca-4f6d-84d7-0ed6bd660367@group-7041D5508450:LeaderElection18] INFO  impl.LeaderElection (LeaderElection.java:logAndReturn(56)) - 4736e737-07ca-4f6d-84d7-0ed6bd660367@group-7041D5508450:LeaderElection18: Election REJECTED; received 2 response(s) [4736e737-07ca-4f6d-84d7-0ed6bd660367<-1b83d917-1d73-4cac-8d1d-dc3b4981903d#0:FAIL-t2, 4736e737-07ca-4f6d-84d7-0ed6bd660367<-7c8a32d9-49ab-449b-8cc8-032a8828a8ac#0:FAIL-t2] and 0 exception(s); 4736e737-07ca-4f6d-84d7-0ed6bd660367@group-7041D5508450:t2, leader=null, voted=4736e737-07ca-4f6d-84d7-0ed6bd660367, raftlog=4736e737-07ca-4f6d-84d7-0ed6bd660367@group-7041D5508450-SegmentedRaftLog:OPENED:c-1,f-1,i0, conf=-1: [1b83d917-1d73-4cac-8d1d-dc3b4981903d:192.168.157.252:34953, 7c8a32d9-49ab-449b-8cc8-032a8828a8ac:192.168.157.252:41017, 4736e737-07ca-4f6d-84d7-0ed6bd660367:192.168.157.252:43438], old=null
2019-09-19 12:10:00,326 [4736e737-07ca-4f6d-84d7-0ed6bd660367@group-7041D5508450:LeaderElection18] INFO  impl.RaftServerImpl (RaftServerImpl.java:setRole(174)) - 4736e737-07ca-4f6d-84d7-0ed6bd660367@group-7041D5508450: changes role from CANDIDATE to FOLLOWER at term 2 for DISCOVERED_A_NEW_TERM
2019-09-19 12:10:00,326 [1b83d917-1d73-4cac-8d1d-dc3b4981903d@group-7041D5508450:LeaderElection19] INFO  impl.LeaderElection (LeaderElection.java:logAndReturn(56)) - 1b83d917-1d73-4cac-8d1d-dc3b4981903d@group-7041D5508450:LeaderElection19: Election REJECTED; received 2 response(s) [1b83d917-1d73-4cac-8d1d-dc3b4981903d<-4736e737-07ca-4f6d-84d7-0ed6bd660367#0:FAIL-t2, 1b83d917-1d73-4cac-8d1d-dc3b4981903d<-7c8a32d9-49ab-449b-8cc8-032a8828a8ac#0:FAIL-t2] and 0 exception(s); 1b83d917-1d73-4cac-8d1d-dc3b4981903d@group-7041D5508450:t2, leader=null, voted=1b83d917-1d73-4cac-8d1d-dc3b4981903d, raftlog=1b83d917-1d73-4cac-8d1d-dc3b4981903d@group-7041D5508450-SegmentedRaftLog:OPENED:c-1,f-1,i0, conf=-1: [1b83d917-1d73-4cac-8d1d-dc3b4981903d:192.168.157.252:34953, 7c8a32d9-49ab-449b-8cc8-032a8828a8ac:192.168.157.252:41017, 4736e737-07ca-4f6d-84d7-0ed6bd660367:192.168.157.252:43438], old=null
2019-09-19 12:10:00,329 [4736e737-07ca-4f6d-84d7-0ed6bd660367@group-7041D5508450:LeaderElection18] INFO  impl.RoleInfo (RoleInfo.java:shutdownLeaderElection(134)) - 4736e737-07ca-4f6d-84d7-0ed6bd660367: shutdown LeaderElection
2019-09-19 12:10:00,331 [1b83d917-1d73-4cac-8d1d-dc3b4981903d@group-7041D5508450:LeaderElection19] INFO  impl.RaftServerImpl (RaftServerImpl.java:setRole(174)) - 1b83d917-1d73-4cac-8d1d-dc3b4981903d@group-7041D5508450: changes role from CANDIDATE to FOLLOWER at term 2 for DISCOVERED_A_NEW_TERM
2019-09-19 12:10:00,336 [4736e737-07ca-4f6d-84d7-0ed6bd660367@group-7041D5508450:LeaderElection18] INFO  impl.RoleInfo (RoleInfo.java:updateAndGet(143)) - 4736e737-07ca-4f6d-84d7-0ed6bd660367: start FollowerState
2019-09-19 12:10:00,335 [7c8a32d9-49ab-449b-8cc8-032a8828a8ac@group-7041D5508450:LeaderElection20] INFO  impl.LeaderElection (LeaderElection.java:logAndReturn(56)) - 7c8a32d9-49ab-449b-8cc8-032a8828a8ac@group-7041D5508450:LeaderElection20: Election REJECTED; received 2 response(s) [7c8a32d9-49ab-449b-8cc8-032a8828a8ac<-1b83d917-1d73-4cac-8d1d-dc3b4981903d#0:FAIL-t2, 7c8a32d9-49ab-449b-8cc8-032a8828a8ac<-4736e737-07ca-4f6d-84d7-0ed6bd660367#0:FAIL-t2] and 0 exception(s); 7c8a32d9-49ab-449b-8cc8-032a8828a8ac@group-7041D5508450:t2, leader=null, voted=7c8a32d9-49ab-449b-8cc8-032a8828a8ac, raftlog=7c8a32d9-49ab-449b-8cc8-032a8828a8ac@group-7041D5508450-SegmentedRaftLog:OPENED:c-1,f-1,i0, conf=-1: [1b83d917-1d73-4cac-8d1d-dc3b4981903d:192.168.157.252:34953, 7c8a32d9-49ab-449b-8cc8-032a8828a8ac:192.168.157.252:41017, 4736e737-07ca-4f6d-84d7-0ed6bd660367:192.168.157.252:43438], old=null
2019-09-19 12:10:00,336 [1b83d917-1d73-4cac-8d1d-dc3b4981903d@group-7041D5508450:LeaderElection19] INFO  impl.RoleInfo (RoleInfo.java:shutdownLeaderElection(134)) - 1b83d917-1d73-4cac-8d1d-dc3b4981903d: shutdown LeaderElection
2019-09-19 12:10:00,338 [7c8a32d9-49ab-449b-8cc8-032a8828a8ac@group-7041D5508450:LeaderElection20] INFO  impl.RaftServerImpl (RaftServerImpl.java:setRole(174)) - 7c8a32d9-49ab-449b-8cc8-032a8828a8ac@group-7041D5508450: changes role from CANDIDATE to FOLLOWER at term 2 for DISCOVERED_A_NEW_TERM
2019-09-19 12:10:00,345 [7c8a32d9-49ab-449b-8cc8-032a8828a8ac@group-7041D5508450:LeaderElection20] INFO  impl.RoleInfo (RoleInfo.java:shutdownLeaderElection(134)) - 7c8a32d9-49ab-449b-8cc8-032a8828a8ac: shutdown LeaderElection
2019-09-19 12:10:00,345 [1b83d917-1d73-4cac-8d1d-dc3b4981903d@group-7041D5508450:LeaderElection19] INFO  impl.RoleInfo (RoleInfo.java:updateAndGet(143)) - 1b83d917-1d73-4cac-8d1d-dc3b4981903d: start FollowerState
2019-09-19 12:10:00,345 [7c8a32d9-49ab-449b-8cc8-032a8828a8ac@group-7041D5508450:LeaderElection20] INFO  impl.RoleInfo (RoleInfo.java:updateAndGet(143)) - 7c8a32d9-49ab-449b-8cc8-032a8828a8ac: start FollowerState
2019-09-19 12:10:00,710 [java.util.concurrent.ThreadPoolExecutor$Worker@40d69547[State = -1, empty queue]] WARN  server.GrpcLogAppender (GrpcLogAppender.java:timeoutAppendRequest(200)) - 0536a24c-34e3-4c8a-9a31-895de5497f4a@group-11E1763585E1->03555e6f-e7ac-4c8b-ad84-7222370bb52c-GrpcLogAppender: appendEntries Timeout, request=0536a24c-34e3-4c8a-9a31-895de5497f4a->03555e6f-e7ac-4c8b-ad84-7222370bb52c#5-t1, previous=(t:1, i:1), leaderCommit=0, initializing? false, entries: <empty>
2019-09-19 12:10:00,710 [java.util.concurrent.ThreadPoolExecutor$Worker@13fea181[State = -1, empty queue]] WARN  server.GrpcLogAppender (GrpcLogAppender.java:timeoutAppendRequest(200)) - 0536a24c-34e3-4c8a-9a31-895de5497f4a@group-11E1763585E1->35717865-8144-46c5-963e-0895e96939ac-GrpcLogAppender: appendEntries Timeout, request=0536a24c-34e3-4c8a-9a31-895de5497f4a->35717865-8144-46c5-963e-0895e96939ac#5-t1, previous=(t:1, i:1), leaderCommit=0, initializing? false, entries: <empty>
2019-09-19 12:10:00,924 [grpc-default-executor-9] WARN  server.GrpcLogAppender (GrpcLogAppender.java:onNextImpl(251)) - 0536a24c-34e3-4c8a-9a31-895de5497f4a@group-11E1763585E1->03555e6f-e7ac-4c8b-ad84-7222370bb52c-AppendLogResponseHandler: Request not found, ignoring reply: 0536a24c-34e3-4c8a-9a31-895de5497f4a<-03555e6f-e7ac-4c8b-ad84-7222370bb52c#2:OK,SUCCESS,nextIndex:2,term:1,followerCommit:0
2019-09-19 12:10:00,924 [grpc-default-executor-9] WARN  server.GrpcLogAppender (GrpcLogAppender.java:onNextImpl(251)) - 0536a24c-34e3-4c8a-9a31-895de5497f4a@group-11E1763585E1->03555e6f-e7ac-4c8b-ad84-7222370bb52c-AppendLogResponseHandler: Request not found, ignoring reply: 0536a24c-34e3-4c8a-9a31-895de5497f4a<-03555e6f-e7ac-4c8b-ad84-7222370bb52c#3:OK,SUCCESS,nextIndex:2,term:1,followerCommit:0
2019-09-19 12:10:00,928 [grpc-default-executor-4] WARN  server.GrpcLogAppender (GrpcLogAppender.java:onNextImpl(251)) - 0536a24c-34e3-4c8a-9a31-895de5497f4a@group-11E1763585E1->35717865-8144-46c5-963e-0895e96939ac-AppendLogResponseHandler: Request not found, ignoring reply: 0536a24c-34e3-4c8a-9a31-895de5497f4a<-35717865-8144-46c5-963e-0895e96939ac#2:OK,SUCCESS,nextIndex:2,term:1,followerCommit:0
2019-09-19 12:10:00,928 [grpc-default-executor-9] WARN  server.GrpcLogAppender (GrpcLogAppender.java:onNextImpl(251)) - 0536a24c-34e3-4c8a-9a31-895de5497f4a@group-11E1763585E1->03555e6f-e7ac-4c8b-ad84-7222370bb52c-AppendLogResponseHandler: Request not found, ignoring reply: 0536a24c-34e3-4c8a-9a31-895de5497f4a<-03555e6f-e7ac-4c8b-ad84-7222370bb52c#4:OK,SUCCESS,nextIndex:2,term:1,followerCommit:0
2019-09-19 12:10:00,928 [grpc-default-executor-4] WARN  server.GrpcLogAppender (GrpcLogAppender.java:onNextImpl(251)) - 0536a24c-34e3-4c8a-9a31-895de5497f4a@group-11E1763585E1->35717865-8144-46c5-963e-0895e96939ac-AppendLogResponseHandler: Request not found, ignoring reply: 0536a24c-34e3-4c8a-9a31-895de5497f4a<-35717865-8144-46c5-963e-0895e96939ac#3:OK,SUCCESS,nextIndex:2,term:1,followerCommit:0
2019-09-19 12:10:00,928 [grpc-default-executor-9] WARN  server.GrpcLogAppender (GrpcLogAppender.java:onNextImpl(251)) - 0536a24c-34e3-4c8a-9a31-895de5497f4a@group-11E1763585E1->03555e6f-e7ac-4c8b-ad84-7222370bb52c-AppendLogResponseHandler: Request not found, ignoring reply: 0536a24c-34e3-4c8a-9a31-895de5497f4a<-03555e6f-e7ac-4c8b-ad84-7222370bb52c#5:OK,SUCCESS,nextIndex:2,term:1,followerCommit:0
2019-09-19 12:10:00,929 [grpc-default-executor-4] WARN  server.GrpcLogAppender (GrpcLogAppender.java:onNextImpl(251)) - 0536a24c-34e3-4c8a-9a31-895de5497f4a@group-11E1763585E1->35717865-8144-46c5-963e-0895e96939ac-AppendLogResponseHandler: Request not found, ignoring reply: 0536a24c-34e3-4c8a-9a31-895de5497f4a<-35717865-8144-46c5-963e-0895e96939ac#4:OK,SUCCESS,nextIndex:2,term:1,followerCommit:0
2019-09-19 12:10:00,929 [grpc-default-executor-4] WARN  server.GrpcLogAppender (GrpcLogAppender.java:onNextImpl(251)) - 0536a24c-34e3-4c8a-9a31-895de5497f4a@group-11E1763585E1->35717865-8144-46c5-963e-0895e96939ac-AppendLogResponseHandler: Request not found, ignoring reply: 0536a24c-34e3-4c8a-9a31-895de5497f4a<-35717865-8144-46c5-963e-0895e96939ac#5:OK,SUCCESS,nextIndex:2,term:1,followerCommit:0
2019-09-19 12:10:01,168 [grpc-default-executor-4] INFO  client.GrpcClientProtocolClient (GrpcClientProtocolClient.java:onNext(264)) - client-62E111188F8E->03555e6f-e7ac-4c8b-ad84-7222370bb52c: receive RaftClientReply:client-62E111188F8E->03555e6f-e7ac-4c8b-ad84-7222370bb52c@group-11E1763585E1, cid=19, FAILED org.apache.ratis.protocol.NotLeaderException: Server 03555e6f-e7ac-4c8b-ad84-7222370bb52c@group-11E1763585E1 is not the leader 0536a24c-34e3-4c8a-9a31-895de5497f4a:192.168.157.252:36571, logIndex=0, commits[03555e6f-e7ac-4c8b-ad84-7222370bb52c:c1, 0536a24c-34e3-4c8a-9a31-895de5497f4a:c1, 35717865-8144-46c5-963e-0895e96939ac:c0]
2019-09-19 12:10:01,209 [grpc-default-executor-9] INFO  client.GrpcClientProtocolClient (GrpcClientProtocolClient.java:onNext(264)) - client-62E111188F8E->0536a24c-34e3-4c8a-9a31-895de5497f4a: receive RaftClientReply:client-62E111188F8E->0536a24c-34e3-4c8a-9a31-895de5497f4a@group-11E1763585E1, cid=19, SUCCESS, logIndex=1, commits[0536a24c-34e3-4c8a-9a31-895de5497f4a:c1, 35717865-8144-46c5-963e-0895e96939ac:c0, 03555e6f-e7ac-4c8b-ad84-7222370bb52c:c0]
2019-09-19 12:10:01,360 [Thread-459] INFO  impl.FollowerState (FollowerState.java:run(106)) - 4736e737-07ca-4f6d-84d7-0ed6bd660367:group-7041D5508450 changes to CANDIDATE, lastRpcTime:1024, electionTimeout:1022ms
2019-09-19 12:10:01,365 [Thread-459] INFO  impl.RoleInfo (RoleInfo.java:shutdownFollowerState(121)) - 4736e737-07ca-4f6d-84d7-0ed6bd660367: shutdown FollowerState
2019-09-19 12:10:01,365 [Thread-459] INFO  impl.RaftServerImpl (RaftServerImpl.java:setRole(174)) - 4736e737-07ca-4f6d-84d7-0ed6bd660367@group-7041D5508450: changes role from  FOLLOWER to CANDIDATE at term 2 for changeToCandidate
2019-09-19 12:10:01,365 [Thread-459] INFO  impl.RoleInfo (RoleInfo.java:updateAndGet(143)) - 4736e737-07ca-4f6d-84d7-0ed6bd660367: start LeaderElection
2019-09-19 12:10:01,480 [Thread-460] INFO  impl.FollowerState (FollowerState.java:run(106)) - 1b83d917-1d73-4cac-8d1d-dc3b4981903d:group-7041D5508450 changes to CANDIDATE, lastRpcTime:1135, electionTimeout:1131ms
2019-09-19 12:10:01,481 [Thread-460] INFO  impl.RoleInfo (RoleInfo.java:shutdownFollowerState(121)) - 1b83d917-1d73-4cac-8d1d-dc3b4981903d: shutdown FollowerState
2019-09-19 12:10:01,481 [Thread-460] INFO  impl.RaftServerImpl (RaftServerImpl.java:setRole(174)) - 1b83d917-1d73-4cac-8d1d-dc3b4981903d@group-7041D5508450: changes role from  FOLLOWER to CANDIDATE at term 2 for changeToCandidate
2019-09-19 12:10:01,481 [Thread-460] INFO  impl.RoleInfo (RoleInfo.java:updateAndGet(143)) - 1b83d917-1d73-4cac-8d1d-dc3b4981903d: start LeaderElection
2019-09-19 12:10:01,488 [Thread-461] INFO  impl.FollowerState (FollowerState.java:run(106)) - 7c8a32d9-49ab-449b-8cc8-032a8828a8ac:group-7041D5508450 changes to CANDIDATE, lastRpcTime:1143, electionTimeout:1139ms
2019-09-19 12:10:01,489 [Thread-461] INFO  impl.RoleInfo (RoleInfo.java:shutdownFollowerState(121)) - 7c8a32d9-49ab-449b-8cc8-032a8828a8ac: shutdown FollowerState
2019-09-19 12:10:01,489 [Thread-461] INFO  impl.RaftServerImpl (RaftServerImpl.java:setRole(174)) - 7c8a32d9-49ab-449b-8cc8-032a8828a8ac@group-7041D5508450: changes role from  FOLLOWER to CANDIDATE at term 2 for changeToCandidate
2019-09-19 12:10:01,489 [Thread-461] INFO  impl.RoleInfo (RoleInfo.java:updateAndGet(143)) - 7c8a32d9-49ab-449b-8cc8-032a8828a8ac: start LeaderElection
2019-09-19 12:10:01,637 [4736e737-07ca-4f6d-84d7-0ed6bd660367@group-7041D5508450:LeaderElection21] INFO  impl.LeaderElection (LeaderElection.java:askForVotes(182)) - 4736e737-07ca-4f6d-84d7-0ed6bd660367@group-7041D5508450:LeaderElection21: begin an election at term 3 for -1: [1b83d917-1d73-4cac-8d1d-dc3b4981903d:192.168.157.252:34953, 7c8a32d9-49ab-449b-8cc8-032a8828a8ac:192.168.157.252:41017, 4736e737-07ca-4f6d-84d7-0ed6bd660367:192.168.157.252:43438], old=null
2019-09-19 12:10:01,638 [1b83d917-1d73-4cac-8d1d-dc3b4981903d@group-7041D5508450:LeaderElection22] INFO  impl.LeaderElection (LeaderElection.java:askForVotes(182)) - 1b83d917-1d73-4cac-8d1d-dc3b4981903d@group-7041D5508450:LeaderElection22: begin an election at term 3 for -1: [1b83d917-1d73-4cac-8d1d-dc3b4981903d:192.168.157.252:34953, 7c8a32d9-49ab-449b-8cc8-032a8828a8ac:192.168.157.252:41017, 4736e737-07ca-4f6d-84d7-0ed6bd660367:192.168.157.252:43438], old=null
2019-09-19 12:10:01,638 [7c8a32d9-49ab-449b-8cc8-032a8828a8ac@group-7041D5508450:LeaderElection23] INFO  impl.LeaderElection (LeaderElection.java:askForVotes(182)) - 7c8a32d9-49ab-449b-8cc8-032a8828a8ac@group-7041D5508450:LeaderElection23: begin an election at term 3 for -1: [1b83d917-1d73-4cac-8d1d-dc3b4981903d:192.168.157.252:34953, 7c8a32d9-49ab-449b-8cc8-032a8828a8ac:192.168.157.252:41017, 4736e737-07ca-4f6d-84d7-0ed6bd660367:192.168.157.252:43438], old=null
2019-09-19 12:10:01,646 [1b83d917-1d73-4cac-8d1d-dc3b4981903d@group-7041D5508450:LeaderElection22] INFO  impl.LeaderElection (LeaderElection.java:logAndReturn(56)) - 1b83d917-1d73-4cac-8d1d-dc3b4981903d@group-7041D5508450:LeaderElection22: Election REJECTED; received 2 response(s) [1b83d917-1d73-4cac-8d1d-dc3b4981903d<-4736e737-07ca-4f6d-84d7-0ed6bd660367#0:FAIL-t3, 1b83d917-1d73-4cac-8d1d-dc3b4981903d<-7c8a32d9-49ab-449b-8cc8-032a8828a8ac#0:FAIL-t3] and 0 exception(s); 1b83d917-1d73-4cac-8d1d-dc3b4981903d@group-7041D5508450:t3, leader=null, voted=1b83d917-1d73-4cac-8d1d-dc3b4981903d, raftlog=1b83d917-1d73-4cac-8d1d-dc3b4981903d@group-7041D5508450-SegmentedRaftLog:OPENED:c-1,f-1,i0, conf=-1: [1b83d917-1d73-4cac-8d1d-dc3b4981903d:192.168.157.252:34953, 7c8a32d9-49ab-449b-8cc8-032a8828a8ac:192.168.157.252:41017, 4736e737-07ca-4f6d-84d7-0ed6bd660367:192.168.157.252:43438], old=null
2019-09-19 12:10:01,646 [1b83d917-1d73-4cac-8d1d-dc3b4981903d@group-7041D5508450:LeaderElection22] INFO  impl.RaftServerImpl (RaftServerImpl.java:setRole(174)) - 1b83d917-1d73-4cac-8d1d-dc3b4981903d@group-7041D5508450: changes role from CANDIDATE to FOLLOWER at term 3 for DISCOVERED_A_NEW_TERM
2019-09-19 12:10:01,646 [4736e737-07ca-4f6d-84d7-0ed6bd660367@group-7041D5508450:LeaderElection21] INFO  impl.LeaderElection (LeaderElection.java:logAndReturn(56)) - 4736e737-07ca-4f6d-84d7-0ed6bd660367@group-7041D5508450:LeaderElection21: Election REJECTED; received 2 response(s) [4736e737-07ca-4f6d-84d7-0ed6bd660367<-1b83d917-1d73-4cac-8d1d-dc3b4981903d#0:FAIL-t3, 4736e737-07ca-4f6d-84d7-0ed6bd660367<-7c8a32d9-49ab-449b-8cc8-032a8828a8ac#0:FAIL-t3] and 0 exception(s); 4736e737-07ca-4f6d-84d7-0ed6bd660367@group-7041D5508450:t3, leader=null, voted=4736e737-07ca-4f6d-84d7-0ed6bd660367, raftlog=4736e737-07ca-4f6d-84d7-0ed6bd660367@group-7041D5508450-SegmentedRaftLog:OPENED:c-1,f-1,i0, conf=-1: [1b83d917-1d73-4cac-8d1d-dc3b4981903d:192.168.157.252:34953, 7c8a32d9-49ab-449b-8cc8-032a8828a8ac:192.168.157.252:41017, 4736e737-07ca-4f6d-84d7-0ed6bd660367:192.168.157.252:43438], old=null
2019-09-19 12:10:01,652 [1b83d917-1d73-4cac-8d1d-dc3b4981903d@group-7041D5508450:LeaderElection22] INFO  impl.RoleInfo (RoleInfo.java:shutdownLeaderElection(134)) - 1b83d917-1d73-4cac-8d1d-dc3b4981903d: shutdown LeaderElection
2019-09-19 12:10:01,652 [4736e737-07ca-4f6d-84d7-0ed6bd660367@group-7041D5508450:LeaderElection21] INFO  impl.RaftServerImpl (RaftServerImpl.java:setRole(174)) - 4736e737-07ca-4f6d-84d7-0ed6bd660367@group-7041D5508450: changes role from CANDIDATE to FOLLOWER at term 3 for DISCOVERED_A_NEW_TERM
2019-09-19 12:10:01,660 [7c8a32d9-49ab-449b-8cc8-032a8828a8ac@group-7041D5508450:LeaderElection23] INFO  impl.LeaderElection (LeaderElection.java:logAndReturn(56)) - 7c8a32d9-49ab-449b-8cc8-032a8828a8ac@group-7041D5508450:LeaderElection23: Election REJECTED; received 2 response(s) [7c8a32d9-49ab-449b-8cc8-032a8828a8ac<-1b83d917-1d73-4cac-8d1d-dc3b4981903d#0:FAIL-t3, 7c8a32d9-49ab-449b-8cc8-032a8828a8ac<-4736e737-07ca-4f6d-84d7-0ed6bd660367#0:FAIL-t3] and 0 exception(s); 7c8a32d9-49ab-449b-8cc8-032a8828a8ac@group-7041D5508450:t3, leader=null, voted=7c8a32d9-49ab-449b-8cc8-032a8828a8ac, raftlog=7c8a32d9-49ab-449b-8cc8-032a8828a8ac@group-7041D5508450-SegmentedRaftLog:OPENED:c-1,f-1,i0, conf=-1: [1b83d917-1d73-4cac-8d1d-dc3b4981903d:192.168.157.252:34953, 7c8a32d9-49ab-449b-8cc8-032a8828a8ac:192.168.157.252:41017, 4736e737-07ca-4f6d-84d7-0ed6bd660367:192.168.157.252:43438], old=null
2019-09-19 12:10:01,660 [4736e737-07ca-4f6d-84d7-0ed6bd660367@group-7041D5508450:LeaderElection21] INFO  impl.RoleInfo (RoleInfo.java:shutdownLeaderElection(134)) - 4736e737-07ca-4f6d-84d7-0ed6bd660367: shutdown LeaderElection
2019-09-19 12:10:01,671 [7c8a32d9-49ab-449b-8cc8-032a8828a8ac@group-7041D5508450:LeaderElection23] INFO  impl.RaftServerImpl (RaftServerImpl.java:setRole(174)) - 7c8a32d9-49ab-449b-8cc8-032a8828a8ac@group-7041D5508450: changes role from CANDIDATE to FOLLOWER at term 3 for DISCOVERED_A_NEW_TERM
2019-09-19 12:10:01,680 [7c8a32d9-49ab-449b-8cc8-032a8828a8ac@group-7041D5508450:LeaderElection23] INFO  impl.RoleInfo (RoleInfo.java:shutdownLeaderElection(134)) - 7c8a32d9-49ab-449b-8cc8-032a8828a8ac: shutdown LeaderElection
2019-09-19 12:10:01,657 [1b83d917-1d73-4cac-8d1d-dc3b4981903d@group-7041D5508450:LeaderElection22] INFO  impl.RoleInfo (RoleInfo.java:updateAndGet(143)) - 1b83d917-1d73-4cac-8d1d-dc3b4981903d: start FollowerState
2019-09-19 12:10:01,691 [7c8a32d9-49ab-449b-8cc8-032a8828a8ac@group-7041D5508450:LeaderElection23] INFO  impl.RoleInfo (RoleInfo.java:updateAndGet(143)) - 7c8a32d9-49ab-449b-8cc8-032a8828a8ac: start FollowerState
2019-09-19 12:10:01,680 [4736e737-07ca-4f6d-84d7-0ed6bd660367@group-7041D5508450:LeaderElection21] INFO  impl.RoleInfo (RoleInfo.java:updateAndGet(143)) - 4736e737-07ca-4f6d-84d7-0ed6bd660367: start FollowerState
2019-09-19 12:10:01,715 [grpc-default-executor-1] INFO  client.GrpcClientProtocolClient (GrpcClientProtocolClient.java:onNext(264)) - client-62E111188F8E->0536a24c-34e3-4c8a-9a31-895de5497f4a: receive RaftClientReply:client-62E111188F8E->0536a24c-34e3-4c8a-9a31-895de5497f4a@group-11E1763585E1, cid=20, SUCCESS, logIndex=3, commits[0536a24c-34e3-4c8a-9a31-895de5497f4a:c8, 35717865-8144-46c5-963e-0895e96939ac:c6, 03555e6f-e7ac-4c8b-ad84-7222370bb52c:c6]
2019-09-19 12:10:01,717 [grpc-default-executor-1] INFO  client.GrpcClientProtocolClient (GrpcClientProtocolClient.java:onNext(264)) - client-62E111188F8E->0536a24c-34e3-4c8a-9a31-895de5497f4a: receive RaftClientReply:client-62E111188F8E->0536a24c-34e3-4c8a-9a31-895de5497f4a@group-11E1763585E1, cid=21, SUCCESS, logIndex=4, commits[0536a24c-34e3-4c8a-9a31-895de5497f4a:c8, 35717865-8144-46c5-963e-0895e96939ac:c6, 03555e6f-e7ac-4c8b-ad84-7222370bb52c:c6]
2019-09-19 12:10:02,793 [grpc-default-executor-1] INFO  client.GrpcClientProtocolClient (GrpcClientProtocolClient.java:onNext(264)) - client-62E111188F8E->0536a24c-34e3-4c8a-9a31-895de5497f4a: receive RaftClientReply:client-62E111188F8E->0536a24c-34e3-4c8a-9a31-895de5497f4a@group-11E1763585E1, cid=22, SUCCESS, logIndex=5, commits[0536a24c-34e3-4c8a-9a31-895de5497f4a:c8, 35717865-8144-46c5-963e-0895e96939ac:c8, 03555e6f-e7ac-4c8b-ad84-7222370bb52c:c8]
2019-09-19 12:10:02,828 [Thread-505] INFO  impl.FollowerState (FollowerState.java:run(106)) - 4736e737-07ca-4f6d-84d7-0ed6bd660367:group-7041D5508450 changes to CANDIDATE, lastRpcTime:1147, electionTimeout:1133ms
2019-09-19 12:10:02,828 [Thread-505] INFO  impl.RoleInfo (RoleInfo.java:shutdownFollowerState(121)) - 4736e737-07ca-4f6d-84d7-0ed6bd660367: shutdown FollowerState
2019-09-19 12:10:02,828 [Thread-505] INFO  impl.RaftServerImpl (RaftServerImpl.java:setRole(174)) - 4736e737-07ca-4f6d-84d7-0ed6bd660367@group-7041D5508450: changes role from  FOLLOWER to CANDIDATE at term 3 for changeToCandidate
2019-09-19 12:10:02,828 [Thread-505] INFO  impl.RoleInfo (RoleInfo.java:updateAndGet(143)) - 4736e737-07ca-4f6d-84d7-0ed6bd660367: start LeaderElection
2019-09-19 12:10:02,842 [Thread-504] INFO  impl.FollowerState (FollowerState.java:run(106)) - 1b83d917-1d73-4cac-8d1d-dc3b4981903d:group-7041D5508450 changes to CANDIDATE, lastRpcTime:1184, electionTimeout:1148ms
2019-09-19 12:10:02,842 [Thread-504] INFO  impl.RoleInfo (RoleInfo.java:shutdownFollowerState(121)) - 1b83d917-1d73-4cac-8d1d-dc3b4981903d: shutdown FollowerState
2019-09-19 12:10:02,842 [Thread-504] INFO  impl.RaftServerImpl (RaftServerImpl.java:setRole(174)) - 1b83d917-1d73-4cac-8d1d-dc3b4981903d@group-7041D5508450: changes role from  FOLLOWER to CANDIDATE at term 3 for changeToCandidate
2019-09-19 12:10:02,843 [Thread-504] INFO  impl.RoleInfo (RoleInfo.java:updateAndGet(143)) - 1b83d917-1d73-4cac-8d1d-dc3b4981903d: start LeaderElection
2019-09-19 12:10:02,847 [Thread-506] INFO  impl.FollowerState (FollowerState.java:run(106)) - 7c8a32d9-49ab-449b-8cc8-032a8828a8ac:group-7041D5508450 changes to CANDIDATE, lastRpcTime:1155, electionTimeout:1152ms
2019-09-19 12:10:02,847 [Thread-506] INFO  impl.RoleInfo (RoleInfo.java:shutdownFollowerState(121)) - 7c8a32d9-49ab-449b-8cc8-032a8828a8ac: shutdown FollowerState
2019-09-19 12:10:02,847 [4736e737-07ca-4f6d-84d7-0ed6bd660367@group-7041D5508450:LeaderElection24] INFO  impl.LeaderElection (LeaderElection.java:askForVotes(182)) - 4736e737-07ca-4f6d-84d7-0ed6bd660367@group-7041D5508450:LeaderElection24: begin an election at term 4 for -1: [1b83d917-1d73-4cac-8d1d-dc3b4981903d:192.168.157.252:34953, 7c8a32d9-49ab-449b-8cc8-032a8828a8ac:192.168.157.252:41017, 4736e737-07ca-4f6d-84d7-0ed6bd660367:192.168.157.252:43438], old=null
2019-09-19 12:10:02,847 [Thread-506] INFO  impl.RaftServerImpl (RaftServerImpl.java:setRole(174)) - 7c8a32d9-49ab-449b-8cc8-032a8828a8ac@group-7041D5508450: changes role from  FOLLOWER to CANDIDATE at term 3 for changeToCandidate
2019-09-19 12:10:02,847 [Thread-506] INFO  impl.RoleInfo (RoleInfo.java:updateAndGet(143)) - 7c8a32d9-49ab-449b-8cc8-032a8828a8ac: start LeaderElection
2019-09-19 12:10:02,858 [grpc-default-executor-2] INFO  client.GrpcClientProtocolClient (GrpcClientProtocolClient.java:onNext(264)) - client-62E111188F8E->0536a24c-34e3-4c8a-9a31-895de5497f4a: receive RaftClientReply:client-62E111188F8E->0536a24c-34e3-4c8a-9a31-895de5497f4a@group-11E1763585E1, cid=23, SUCCESS, logIndex=9, commits[0536a24c-34e3-4c8a-9a31-895de5497f4a:c9, 35717865-8144-46c5-963e-0895e96939ac:c8, 03555e6f-e7ac-4c8b-ad84-7222370bb52c:c8]
2019-09-19 12:10:02,861 [grpc-default-executor-1] INFO  client.GrpcClientProtocolClient (GrpcClientProtocolClient.java:onNext(264)) - client-62E111188F8E->0536a24c-34e3-4c8a-9a31-895de5497f4a: receive RaftClientReply:client-62E111188F8E->0536a24c-34e3-4c8a-9a31-895de5497f4a@group-11E1763585E1, cid=24, SUCCESS, logIndex=10, commits[0536a24c-34e3-4c8a-9a31-895de5497f4a:c10, 35717865-8144-46c5-963e-0895e96939ac:c8, 03555e6f-e7ac-4c8b-ad84-7222370bb52c:c8]
2019-09-19 12:10:02,862 [7c8a32d9-49ab-449b-8cc8-032a8828a8ac@group-7041D5508450:LeaderElection26] INFO  impl.LeaderElection (LeaderElection.java:askForVotes(182)) - 7c8a32d9-49ab-449b-8cc8-032a8828a8ac@group-7041D5508450:LeaderElection26: begin an election at term 4 for -1: [1b83d917-1d73-4cac-8d1d-dc3b4981903d:192.168.157.252:34953, 7c8a32d9-49ab-449b-8cc8-032a8828a8ac:192.168.157.252:41017, 4736e737-07ca-4f6d-84d7-0ed6bd660367:192.168.157.252:43438], old=null
2019-09-19 12:10:02,862 [1b83d917-1d73-4cac-8d1d-dc3b4981903d@group-7041D5508450:LeaderElection25] INFO  impl.LeaderElection (LeaderElection.java:askForVotes(182)) - 1b83d917-1d73-4cac-8d1d-dc3b4981903d@group-7041D5508450:LeaderElection25: begin an election at term 4 for -1: [1b83d917-1d73-4cac-8d1d-dc3b4981903d:192.168.157.252:34953, 7c8a32d9-49ab-449b-8cc8-032a8828a8ac:192.168.157.252:41017, 4736e737-07ca-4f6d-84d7-0ed6bd660367:192.168.157.252:43438], old=null
2019-09-19 12:10:02,863 [4736e737-07ca-4f6d-84d7-0ed6bd660367@group-7041D5508450:LeaderElection24] INFO  impl.LeaderElection (LeaderElection.java:logAndReturn(56)) - 4736e737-07ca-4f6d-84d7-0ed6bd660367@group-7041D5508450:LeaderElection24: Election REJECTED; received 2 response(s) [4736e737-07ca-4f6d-84d7-0ed6bd660367<-1b83d917-1d73-4cac-8d1d-dc3b4981903d#0:FAIL-t4, 4736e737-07ca-4f6d-84d7-0ed6bd660367<-7c8a32d9-49ab-449b-8cc8-032a8828a8ac#0:FAIL-t4] and 0 exception(s); 4736e737-07ca-4f6d-84d7-0ed6bd660367@group-7041D5508450:t4, leader=null, voted=4736e737-07ca-4f6d-84d7-0ed6bd660367, raftlog=4736e737-07ca-4f6d-84d7-0ed6bd660367@group-7041D5508450-SegmentedRaftLog:OPENED:c-1,f-1,i0, conf=-1: [1b83d917-1d73-4cac-8d1d-dc3b4981903d:192.168.157.252:34953, 7c8a32d9-49ab-449b-8cc8-032a8828a8ac:192.168.157.252:41017, 4736e737-07ca-4f6d-84d7-0ed6bd660367:192.168.157.252:43438], old=null
2019-09-19 12:10:02,864 [4736e737-07ca-4f6d-84d7-0ed6bd660367@group-7041D5508450:LeaderElection24] INFO  impl.RaftServerImpl (RaftServerImpl.java:setRole(174)) - 4736e737-07ca-4f6d-84d7-0ed6bd660367@group-7041D5508450: changes role from CANDIDATE to FOLLOWER at term 4 for DISCOVERED_A_NEW_TERM
2019-09-19 12:10:02,864 [4736e737-07ca-4f6d-84d7-0ed6bd660367@group-7041D5508450:LeaderElection24] INFO  impl.RoleInfo (RoleInfo.java:shutdownLeaderElection(134)) - 4736e737-07ca-4f6d-84d7-0ed6bd660367: shutdown LeaderElection
2019-09-19 12:10:02,864 [4736e737-07ca-4f6d-84d7-0ed6bd660367@group-7041D5508450:LeaderElection24] INFO  impl.RoleInfo (RoleInfo.java:updateAndGet(143)) - 4736e737-07ca-4f6d-84d7-0ed6bd660367: start FollowerState
2019-09-19 12:10:02,867 [7c8a32d9-49ab-449b-8cc8-032a8828a8ac@group-7041D5508450:LeaderElection26] INFO  impl.LeaderElection (LeaderElection.java:logAndReturn(56)) - 7c8a32d9-49ab-449b-8cc8-032a8828a8ac@group-7041D5508450:LeaderElection26: Election REJECTED; received 2 response(s) [7c8a32d9-49ab-449b-8cc8-032a8828a8ac<-1b83d917-1d73-4cac-8d1d-dc3b4981903d#0:FAIL-t4, 7c8a32d9-49ab-449b-8cc8-032a8828a8ac<-4736e737-07ca-4f6d-84d7-0ed6bd660367#0:FAIL-t4] and 0 exception(s); 7c8a32d9-49ab-449b-8cc8-032a8828a8ac@group-7041D5508450:t4, leader=null, voted=7c8a32d9-49ab-449b-8cc8-032a8828a8ac, raftlog=7c8a32d9-49ab-449b-8cc8-032a8828a8ac@group-7041D5508450-SegmentedRaftLog:OPENED:c-1,f-1,i0, conf=-1: [1b83d917-1d73-4cac-8d1d-dc3b4981903d:192.168.157.252:34953, 7c8a32d9-49ab-449b-8cc8-032a8828a8ac:192.168.157.252:41017, 4736e737-07ca-4f6d-84d7-0ed6bd660367:192.168.157.252:43438], old=null
2019-09-19 12:10:02,870 [7c8a32d9-49ab-449b-8cc8-032a8828a8ac@group-7041D5508450:LeaderElection26] INFO  impl.RaftServerImpl (RaftServerImpl.java:setRole(174)) - 7c8a32d9-49ab-449b-8cc8-032a8828a8ac@group-7041D5508450: changes role from CANDIDATE to FOLLOWER at term 4 for DISCOVERED_A_NEW_TERM
2019-09-19 12:10:02,871 [7c8a32d9-49ab-449b-8cc8-032a8828a8ac@group-7041D5508450:LeaderElection26] INFO  impl.RoleInfo (RoleInfo.java:shutdownLeaderElection(134)) - 7c8a32d9-49ab-449b-8cc8-032a8828a8ac: shutdown LeaderElection
2019-09-19 12:10:02,871 [1b83d917-1d73-4cac-8d1d-dc3b4981903d@group-7041D5508450:LeaderElection25] INFO  impl.LeaderElection (LeaderElection.java:logAndReturn(56)) - 1b83d917-1d73-4cac-8d1d-dc3b4981903d@group-7041D5508450:LeaderElection25: Election REJECTED; received 2 response(s) [1b83d917-1d73-4cac-8d1d-dc3b4981903d<-4736e737-07ca-4f6d-84d7-0ed6bd660367#0:FAIL-t4, 1b83d917-1d73-4cac-8d1d-dc3b4981903d<-7c8a32d9-49ab-449b-8cc8-032a8828a8ac#0:FAIL-t4] and 0 exception(s); 1b83d917-1d73-4cac-8d1d-dc3b4981903d@group-7041D5508450:t4, leader=null, voted=1b83d917-1d73-4cac-8d1d-dc3b4981903d, raftlog=1b83d917-1d73-4cac-8d1d-dc3b4981903d@group-7041D5508450-SegmentedRaftLog:OPENED:c-1,f-1,i0, conf=-1: [1b83d917-1d73-4cac-8d1d-dc3b4981903d:192.168.157.252:34953, 7c8a32d9-49ab-449b-8cc8-032a8828a8ac:192.168.157.252:41017, 4736e737-07ca-4f6d-84d7-0ed6bd660367:192.168.157.252:43438], old=null
2019-09-19 12:10:02,873 [7c8a32d9-49ab-449b-8cc8-032a8828a8ac@group-7041D5508450:LeaderElection26] INFO  impl.RoleInfo (RoleInfo.java:updateAndGet(143)) - 7c8a32d9-49ab-449b-8cc8-032a8828a8ac: start FollowerState
2019-09-19 12:10:02,873 [1b83d917-1d73-4cac-8d1d-dc3b4981903d@group-7041D5508450:LeaderElection25] INFO  impl.RaftServerImpl (RaftServerImpl.java:setRole(174)) - 1b83d917-1d73-4cac-8d1d-dc3b4981903d@group-7041D5508450: changes role from CANDIDATE to FOLLOWER at term 4 for DISCOVERED_A_NEW_TERM
2019-09-19 12:10:02,875 [1b83d917-1d73-4cac-8d1d-dc3b4981903d@group-7041D5508450:LeaderElection25] INFO  impl.RoleInfo (RoleInfo.java:shutdownLeaderElection(134)) - 1b83d917-1d73-4cac-8d1d-dc3b4981903d: shutdown LeaderElection
2019-09-19 12:10:02,875 [1b83d917-1d73-4cac-8d1d-dc3b4981903d@group-7041D5508450:LeaderElection25] INFO  impl.RoleInfo (RoleInfo.java:updateAndGet(143)) - 1b83d917-1d73-4cac-8d1d-dc3b4981903d: start FollowerState
2019-09-19 12:10:02,883 [grpc-default-executor-9] INFO  client.GrpcClientProtocolClient (GrpcClientProtocolClient.java:onNext(264)) - client-62E111188F8E->0536a24c-34e3-4c8a-9a31-895de5497f4a: receive RaftClientReply:client-62E111188F8E->0536a24c-34e3-4c8a-9a31-895de5497f4a@group-11E1763585E1, cid=25, SUCCESS, logIndex=11, commits[0536a24c-34e3-4c8a-9a31-895de5497f4a:c12, 35717865-8144-46c5-963e-0895e96939ac:c8, 03555e6f-e7ac-4c8b-ad84-7222370bb52c:c8]
2019-09-19 12:10:02,884 [grpc-default-executor-9] INFO  client.GrpcClientProtocolClient (GrpcClientProtocolClient.java:onNext(264)) - client-62E111188F8E->0536a24c-34e3-4c8a-9a31-895de5497f4a: receive RaftClientReply:client-62E111188F8E->0536a24c-34e3-4c8a-9a31-895de5497f4a@group-11E1763585E1, cid=26, SUCCESS, logIndex=12, commits[0536a24c-34e3-4c8a-9a31-895de5497f4a:c12, 35717865-8144-46c5-963e-0895e96939ac:c8, 03555e6f-e7ac-4c8b-ad84-7222370bb52c:c9]
2019-09-19 12:10:02,914 [grpc-default-executor-4] INFO  client.GrpcClientProtocolClient (GrpcClientProtocolClient.java:onNext(264)) - client-62E111188F8E->0536a24c-34e3-4c8a-9a31-895de5497f4a: receive RaftClientReply:client-62E111188F8E->0536a24c-34e3-4c8a-9a31-895de5497f4a@group-11E1763585E1, cid=27, SUCCESS, logIndex=0, commits[0536a24c-34e3-4c8a-9a31-895de5497f4a:c16, 35717865-8144-46c5-963e-0895e96939ac:c12, 03555e6f-e7ac-4c8b-ad84-7222370bb52c:c12]
2019-09-19 12:10:02,919 [grpc-default-executor-4] INFO  client.GrpcClientProtocolClient (GrpcClientProtocolClient.java:onNext(264)) - client-62E111188F8E->0536a24c-34e3-4c8a-9a31-895de5497f4a: receive RaftClientReply:client-62E111188F8E->0536a24c-34e3-4c8a-9a31-895de5497f4a@group-11E1763585E1, cid=28, SUCCESS, logIndex=0, commits[0536a24c-34e3-4c8a-9a31-895de5497f4a:c16, 35717865-8144-46c5-963e-0895e96939ac:c12, 03555e6f-e7ac-4c8b-ad84-7222370bb52c:c12]
2019-09-19 12:10:02,953 [grpc-default-executor-4] INFO  client.GrpcClientProtocolClient (GrpcClientProtocolClient.java:onNext(264)) - client-F1DE9C258D1C->1b83d917-1d73-4cac-8d1d-dc3b4981903d: receive RaftClientReply:client-F1DE9C258D1C->1b83d917-1d73-4cac-8d1d-dc3b4981903d@group-7041D5508450, cid=29, FAILED org.apache.ratis.protocol.NotLeaderException: Server 1b83d917-1d73-4cac-8d1d-dc3b4981903d@group-7041D5508450 is not the leader, logIndex=0, commits[1b83d917-1d73-4cac-8d1d-dc3b4981903d:c-1]
2019-09-19 12:10:03,922 [Thread-535] INFO  impl.FollowerState (FollowerState.java:run(106)) - 4736e737-07ca-4f6d-84d7-0ed6bd660367:group-7041D5508450 changes to CANDIDATE, lastRpcTime:1057, electionTimeout:1057ms
2019-09-19 12:10:03,922 [Thread-535] INFO  impl.RoleInfo (RoleInfo.java:shutdownFollowerState(121)) - 4736e737-07ca-4f6d-84d7-0ed6bd660367: shutdown FollowerState
2019-09-19 12:10:03,922 [Thread-535] INFO  impl.RaftServerImpl (RaftServerImpl.java:setRole(174)) - 4736e737-07ca-4f6d-84d7-0ed6bd660367@group-7041D5508450: changes role from  FOLLOWER to CANDIDATE at term 4 for changeToCandidate
2019-09-19 12:10:03,922 [Thread-535] INFO  impl.RoleInfo (RoleInfo.java:updateAndGet(143)) - 4736e737-07ca-4f6d-84d7-0ed6bd660367: start LeaderElection
2019-09-19 12:10:03,942 [Thread-536] INFO  impl.FollowerState (FollowerState.java:run(106)) - 7c8a32d9-49ab-449b-8cc8-032a8828a8ac:group-7041D5508450 changes to CANDIDATE, lastRpcTime:1068, electionTimeout:1066ms
2019-09-19 12:10:03,942 [Thread-536] INFO  impl.RoleInfo (RoleInfo.java:shutdownFollowerState(121)) - 7c8a32d9-49ab-449b-8cc8-032a8828a8ac: shutdown FollowerState
2019-09-19 12:10:03,942 [Thread-536] INFO  impl.RaftServerImpl (RaftServerImpl.java:setRole(174)) - 7c8a32d9-49ab-449b-8cc8-032a8828a8ac@group-7041D5508450: changes role from  FOLLOWER to CANDIDATE at term 4 for changeToCandidate
2019-09-19 12:10:03,942 [Thread-536] INFO  impl.RoleInfo (RoleInfo.java:updateAndGet(143)) - 7c8a32d9-49ab-449b-8cc8-032a8828a8ac: start LeaderElection
2019-09-19 12:10:03,980 [Thread-539] INFO  impl.FollowerState (FollowerState.java:run(106)) - 1b83d917-1d73-4cac-8d1d-dc3b4981903d:group-7041D5508450 changes to CANDIDATE, lastRpcTime:1104, electionTimeout:1102ms
2019-09-19 12:10:03,980 [Thread-539] INFO  impl.RoleInfo (RoleInfo.java:shutdownFollowerState(121)) - 1b83d917-1d73-4cac-8d1d-dc3b4981903d: shutdown FollowerState
2019-09-19 12:10:03,980 [Thread-539] INFO  impl.RaftServerImpl (RaftServerImpl.java:setRole(174)) - 1b83d917-1d73-4cac-8d1d-dc3b4981903d@group-7041D5508450: changes role from  FOLLOWER to CANDIDATE at term 4 for changeToCandidate
2019-09-19 12:10:03,981 [Thread-539] INFO  impl.RoleInfo (RoleInfo.java:updateAndGet(143)) - 1b83d917-1d73-4cac-8d1d-dc3b4981903d: start LeaderElection
2019-09-19 12:10:04,007 [grpc-default-executor-9] INFO  client.GrpcClientProtocolClient (GrpcClientProtocolClient.java:onNext(264)) - client-F1DE9C258D1C->4736e737-07ca-4f6d-84d7-0ed6bd660367: receive RaftClientReply:client-F1DE9C258D1C->4736e737-07ca-4f6d-84d7-0ed6bd660367@group-7041D5508450, cid=29, FAILED org.apache.ratis.protocol.NotLeaderException: Server 4736e737-07ca-4f6d-84d7-0ed6bd660367@group-7041D5508450 is not the leader, logIndex=0, commits[4736e737-07ca-4f6d-84d7-0ed6bd660367:c-1]
2019-09-19 12:10:04,162 [4736e737-07ca-4f6d-84d7-0ed6bd660367@group-7041D5508450:LeaderElection27] INFO  impl.LeaderElection (LeaderElection.java:askForVotes(182)) - 4736e737-07ca-4f6d-84d7-0ed6bd660367@group-7041D5508450:LeaderElection27: begin an election at term 5 for -1: [1b83d917-1d73-4cac-8d1d-dc3b4981903d:192.168.157.252:34953, 7c8a32d9-49ab-449b-8cc8-032a8828a8ac:192.168.157.252:41017, 4736e737-07ca-4f6d-84d7-0ed6bd660367:192.168.157.252:43438], old=null
2019-09-19 12:10:04,163 [1b83d917-1d73-4cac-8d1d-dc3b4981903d@group-7041D5508450:LeaderElection29] INFO  impl.LeaderElection (LeaderElection.java:askForVotes(182)) - 1b83d917-1d73-4cac-8d1d-dc3b4981903d@group-7041D5508450:LeaderElection29: begin an election at term 5 for -1: [1b83d917-1d73-4cac-8d1d-dc3b4981903d:192.168.157.252:34953, 7c8a32d9-49ab-449b-8cc8-032a8828a8ac:192.168.157.252:41017, 4736e737-07ca-4f6d-84d7-0ed6bd660367:192.168.157.252:43438], old=null
2019-09-19 12:10:04,163 [7c8a32d9-49ab-449b-8cc8-032a8828a8ac@group-7041D5508450:LeaderElection28] INFO  impl.LeaderElection (LeaderElection.java:askForVotes(182)) - 7c8a32d9-49ab-449b-8cc8-032a8828a8ac@group-7041D5508450:LeaderElection28: begin an election at term 5 for -1: [1b83d917-1d73-4cac-8d1d-dc3b4981903d:192.168.157.252:34953, 7c8a32d9-49ab-449b-8cc8-032a8828a8ac:192.168.157.252:41017, 4736e737-07ca-4f6d-84d7-0ed6bd660367:192.168.157.252:43438], old=null
2019-09-19 12:10:04,168 [4736e737-07ca-4f6d-84d7-0ed6bd660367@group-7041D5508450:LeaderElection27] INFO  impl.LeaderElection (LeaderElection.java:logAndReturn(56)) - 4736e737-07ca-4f6d-84d7-0ed6bd660367@group-7041D5508450:LeaderElection27: Election REJECTED; received 2 response(s) [4736e737-07ca-4f6d-84d7-0ed6bd660367<-1b83d917-1d73-4cac-8d1d-dc3b4981903d#0:FAIL-t5, 4736e737-07ca-4f6d-84d7-0ed6bd660367<-7c8a32d9-49ab-449b-8cc8-032a8828a8ac#0:FAIL-t5] and 0 exception(s); 4736e737-07ca-4f6d-84d7-0ed6bd660367@group-7041D5508450:t5, leader=null, voted=4736e737-07ca-4f6d-84d7-0ed6bd660367, raftlog=4736e737-07ca-4f6d-84d7-0ed6bd660367@group-7041D5508450-SegmentedRaftLog:OPENED:c-1,f-1,i0, conf=-1: [1b83d917-1d73-4cac-8d1d-dc3b4981903d:192.168.157.252:34953, 7c8a32d9-49ab-449b-8cc8-032a8828a8ac:192.168.157.252:41017, 4736e737-07ca-4f6d-84d7-0ed6bd660367:192.168.157.252:43438], old=null
2019-09-19 12:10:04,168 [4736e737-07ca-4f6d-84d7-0ed6bd660367@group-7041D5508450:LeaderElection27] INFO  impl.RaftServerImpl (RaftServerImpl.java:setRole(174)) - 4736e737-07ca-4f6d-84d7-0ed6bd660367@group-7041D5508450: changes role from CANDIDATE to FOLLOWER at term 5 for DISCOVERED_A_NEW_TERM
2019-09-19 12:10:04,169 [4736e737-07ca-4f6d-84d7-0ed6bd660367@group-7041D5508450:LeaderElection27] INFO  impl.RoleInfo (RoleInfo.java:shutdownLeaderElection(134)) - 4736e737-07ca-4f6d-84d7-0ed6bd660367: shutdown LeaderElection
2019-09-19 12:10:04,169 [4736e737-07ca-4f6d-84d7-0ed6bd660367@group-7041D5508450:LeaderElection27] INFO  impl.RoleInfo (RoleInfo.java:updateAndGet(143)) - 4736e737-07ca-4f6d-84d7-0ed6bd660367: start FollowerState
2019-09-19 12:10:04,169 [1b83d917-1d73-4cac-8d1d-dc3b4981903d@group-7041D5508450:LeaderElection29] INFO  impl.LeaderElection (LeaderElection.java:logAndReturn(56)) - 1b83d917-1d73-4cac-8d1d-dc3b4981903d@group-7041D5508450:LeaderElection29: Election REJECTED; received 2 response(s) [1b83d917-1d73-4cac-8d1d-dc3b4981903d<-4736e737-07ca-4f6d-84d7-0ed6bd660367#0:FAIL-t5, 1b83d917-1d73-4cac-8d1d-dc3b4981903d<-7c8a32d9-49ab-449b-8cc8-032a8828a8ac#0:FAIL-t5] and 0 exception(s); 1b83d917-1d73-4cac-8d1d-dc3b4981903d@group-7041D5508450:t5, leader=null, voted=1b83d917-1d73-4cac-8d1d-dc3b4981903d, raftlog=1b83d917-1d73-4cac-8d1d-dc3b4981903d@group-7041D5508450-SegmentedRaftLog:OPENED:c-1,f-1,i0, conf=-1: [1b83d917-1d73-4cac-8d1d-dc3b4981903d:192.168.157.252:34953, 7c8a32d9-49ab-449b-8cc8-032a8828a8ac:192.168.157.252:41017, 4736e737-07ca-4f6d-84d7-0ed6bd660367:192.168.157.252:43438], old=null
2019-09-19 12:10:04,169 [7c8a32d9-49ab-449b-8cc8-032a8828a8ac@group-7041D5508450:LeaderElection28] INFO  impl.LeaderElection (LeaderElection.java:logAndReturn(56)) - 7c8a32d9-49ab-449b-8cc8-032a8828a8ac@group-7041D5508450:LeaderElection28: Election REJECTED; received 2 response(s) [7c8a32d9-49ab-449b-8cc8-032a8828a8ac<-1b83d917-1d73-4cac-8d1d-dc3b4981903d#0:FAIL-t5, 7c8a32d9-49ab-449b-8cc8-032a8828a8ac<-4736e737-07ca-4f6d-84d7-0ed6bd660367#0:FAIL-t5] and 0 exception(s); 7c8a32d9-49ab-449b-8cc8-032a8828a8ac@group-7041D5508450:t5, leader=null, voted=7c8a32d9-49ab-449b-8cc8-032a8828a8ac, raftlog=7c8a32d9-49ab-449b-8cc8-032a8828a8ac@group-7041D5508450-SegmentedRaftLog:OPENED:c-1,f-1,i0, conf=-1: [1b83d917-1d73-4cac-8d1d-dc3b4981903d:192.168.157.252:34953, 7c8a32d9-49ab-449b-8cc8-032a8828a8ac:192.168.157.252:41017, 4736e737-07ca-4f6d-84d7-0ed6bd660367:192.168.157.252:43438], old=null
2019-09-19 12:10:04,173 [1b83d917-1d73-4cac-8d1d-dc3b4981903d@group-7041D5508450:LeaderElection29] INFO  impl.RaftServerImpl (RaftServerImpl.java:setRole(174)) - 1b83d917-1d73-4cac-8d1d-dc3b4981903d@group-7041D5508450: changes role from CANDIDATE to FOLLOWER at term 5 for DISCOVERED_A_NEW_TERM
2019-09-19 12:10:04,176 [1b83d917-1d73-4cac-8d1d-dc3b4981903d@group-7041D5508450:LeaderElection29] INFO  impl.RoleInfo (RoleInfo.java:shutdownLeaderElection(134)) - 1b83d917-1d73-4cac-8d1d-dc3b4981903d: shutdown LeaderElection
2019-09-19 12:10:04,176 [7c8a32d9-49ab-449b-8cc8-032a8828a8ac@group-7041D5508450:LeaderElection28] INFO  impl.RaftServerImpl (RaftServerImpl.java:setRole(174)) - 7c8a32d9-49ab-449b-8cc8-032a8828a8ac@group-7041D5508450: changes role from CANDIDATE to FOLLOWER at term 5 for DISCOVERED_A_NEW_TERM
2019-09-19 12:10:04,179 [7c8a32d9-49ab-449b-8cc8-032a8828a8ac@group-7041D5508450:LeaderElection28] INFO  impl.RoleInfo (RoleInfo.java:shutdownLeaderElection(134)) - 7c8a32d9-49ab-449b-8cc8-032a8828a8ac: shutdown LeaderElection
2019-09-19 12:10:04,179 [1b83d917-1d73-4cac-8d1d-dc3b4981903d@group-7041D5508450:LeaderElection29] INFO  impl.RoleInfo (RoleInfo.java:updateAndGet(143)) - 1b83d917-1d73-4cac-8d1d-dc3b4981903d: start FollowerState
2019-09-19 12:10:04,179 [7c8a32d9-49ab-449b-8cc8-032a8828a8ac@group-7041D5508450:LeaderElection28] INFO  impl.RoleInfo (RoleInfo.java:updateAndGet(143)) - 7c8a32d9-49ab-449b-8cc8-032a8828a8ac: start FollowerState
2019-09-19 12:10:05,031 [grpc-default-executor-4] INFO  client.GrpcClientProtocolClient (GrpcClientProtocolClient.java:onNext(264)) - client-F1DE9C258D1C->7c8a32d9-49ab-449b-8cc8-032a8828a8ac: receive RaftClientReply:client-F1DE9C258D1C->7c8a32d9-49ab-449b-8cc8-032a8828a8ac@group-7041D5508450, cid=29, FAILED org.apache.ratis.protocol.NotLeaderException: Server 7c8a32d9-49ab-449b-8cc8-032a8828a8ac@group-7041D5508450 is not the leader, logIndex=0, commits[7c8a32d9-49ab-449b-8cc8-032a8828a8ac:c-1]
2019-09-19 12:10:05,188 [Thread-581] INFO  impl.FollowerState (FollowerState.java:run(106)) - 1b83d917-1d73-4cac-8d1d-dc3b4981903d:group-7041D5508450 changes to CANDIDATE, lastRpcTime:1008, electionTimeout:1008ms
2019-09-19 12:10:05,188 [Thread-581] INFO  impl.RoleInfo (RoleInfo.java:shutdownFollowerState(121)) - 1b83d917-1d73-4cac-8d1d-dc3b4981903d: shutdown FollowerState
2019-09-19 12:10:05,188 [Thread-581] INFO  impl.RaftServerImpl (RaftServerImpl.java:setRole(174)) - 1b83d917-1d73-4cac-8d1d-dc3b4981903d@group-7041D5508450: changes role from  FOLLOWER to CANDIDATE at term 5 for changeToCandidate
2019-09-19 12:10:05,188 [Thread-581] INFO  impl.RoleInfo (RoleInfo.java:updateAndGet(143)) - 1b83d917-1d73-4cac-8d1d-dc3b4981903d: start LeaderElection
2019-09-19 12:10:05,207 [1b83d917-1d73-4cac-8d1d-dc3b4981903d@group-7041D5508450:LeaderElection30] INFO  impl.LeaderElection (LeaderElection.java:askForVotes(182)) - 1b83d917-1d73-4cac-8d1d-dc3b4981903d@group-7041D5508450:LeaderElection30: begin an election at term 6 for -1: [1b83d917-1d73-4cac-8d1d-dc3b4981903d:192.168.157.252:34953, 7c8a32d9-49ab-449b-8cc8-032a8828a8ac:192.168.157.252:41017, 4736e737-07ca-4f6d-84d7-0ed6bd660367:192.168.157.252:43438], old=null
2019-09-19 12:10:05,211 [grpc-default-executor-8] INFO  impl.RaftServerImpl (RaftServerImpl.java:setRole(174)) - 4736e737-07ca-4f6d-84d7-0ed6bd660367@group-7041D5508450: changes role from  FOLLOWER to FOLLOWER at term 6 for recognizeCandidate:1b83d917-1d73-4cac-8d1d-dc3b4981903d
2019-09-19 12:10:05,212 [grpc-default-executor-4] INFO  impl.RaftServerImpl (RaftServerImpl.java:setRole(174)) - 7c8a32d9-49ab-449b-8cc8-032a8828a8ac@group-7041D5508450: changes role from  FOLLOWER to FOLLOWER at term 6 for recognizeCandidate:1b83d917-1d73-4cac-8d1d-dc3b4981903d
2019-09-19 12:10:05,212 [grpc-default-executor-8] INFO  impl.RoleInfo (RoleInfo.java:shutdownFollowerState(121)) - 4736e737-07ca-4f6d-84d7-0ed6bd660367: shutdown FollowerState
2019-09-19 12:10:05,212 [grpc-default-executor-4] INFO  impl.RoleInfo (RoleInfo.java:shutdownFollowerState(121)) - 7c8a32d9-49ab-449b-8cc8-032a8828a8ac: shutdown FollowerState
2019-09-19 12:10:05,212 [Thread-580] INFO  impl.FollowerState (FollowerState.java:run(115)) - 4736e737-07ca-4f6d-84d7-0ed6bd660367: FollowerState was interrupted: java.lang.InterruptedException: sleep interrupted
2019-09-19 12:10:05,212 [Thread-582] INFO  impl.FollowerState (FollowerState.java:run(115)) - 7c8a32d9-49ab-449b-8cc8-032a8828a8ac: FollowerState was interrupted: java.lang.InterruptedException: sleep interrupted
2019-09-19 12:10:05,212 [grpc-default-executor-8] INFO  impl.RoleInfo (RoleInfo.java:updateAndGet(143)) - 4736e737-07ca-4f6d-84d7-0ed6bd660367: start FollowerState
2019-09-19 12:10:05,212 [grpc-default-executor-4] INFO  impl.RoleInfo (RoleInfo.java:updateAndGet(143)) - 7c8a32d9-49ab-449b-8cc8-032a8828a8ac: start FollowerState
2019-09-19 12:10:05,235 [1b83d917-1d73-4cac-8d1d-dc3b4981903d@group-7041D5508450:LeaderElection30] INFO  impl.LeaderElection (LeaderElection.java:logAndReturn(56)) - 1b83d917-1d73-4cac-8d1d-dc3b4981903d@group-7041D5508450:LeaderElection30: Election PASSED; received 1 response(s) [1b83d917-1d73-4cac-8d1d-dc3b4981903d<-7c8a32d9-49ab-449b-8cc8-032a8828a8ac#0:OK-t6] and 0 exception(s); 1b83d917-1d73-4cac-8d1d-dc3b4981903d@group-7041D5508450:t6, leader=null, voted=1b83d917-1d73-4cac-8d1d-dc3b4981903d, raftlog=1b83d917-1d73-4cac-8d1d-dc3b4981903d@group-7041D5508450-SegmentedRaftLog:OPENED:c-1,f-1,i0, conf=-1: [1b83d917-1d73-4cac-8d1d-dc3b4981903d:192.168.157.252:34953, 7c8a32d9-49ab-449b-8cc8-032a8828a8ac:192.168.157.252:41017, 4736e737-07ca-4f6d-84d7-0ed6bd660367:192.168.157.252:43438], old=null
2019-09-19 12:10:05,235 [1b83d917-1d73-4cac-8d1d-dc3b4981903d@group-7041D5508450:LeaderElection30] INFO  impl.RoleInfo (RoleInfo.java:shutdownLeaderElection(134)) - 1b83d917-1d73-4cac-8d1d-dc3b4981903d: shutdown LeaderElection
2019-09-19 12:10:05,235 [1b83d917-1d73-4cac-8d1d-dc3b4981903d@group-7041D5508450:LeaderElection30] INFO  impl.RaftServerImpl (RaftServerImpl.java:setRole(174)) - 1b83d917-1d73-4cac-8d1d-dc3b4981903d@group-7041D5508450: changes role from CANDIDATE to LEADER at term 6 for changeToLeader
2019-09-19 12:10:05,236 [1b83d917-1d73-4cac-8d1d-dc3b4981903d@group-7041D5508450:LeaderElection30] INFO  impl.RaftServerImpl (ServerState.java:setLeader(253)) - 1b83d917-1d73-4cac-8d1d-dc3b4981903d@group-7041D5508450: change Leader from null to 1b83d917-1d73-4cac-8d1d-dc3b4981903d at term 6 for becomeLeader, leader elected after 10837ms
2019-09-19 12:10:05,236 [1b83d917-1d73-4cac-8d1d-dc3b4981903d@group-7041D5508450:LeaderElection30] INFO  server.RaftServerConfigKeys (ConfUtils.java:logGet(43)) - raft.server.staging.catchup.gap = 1000 (default)
2019-09-19 12:10:05,236 [1b83d917-1d73-4cac-8d1d-dc3b4981903d@group-7041D5508450:LeaderElection30] INFO  server.RaftServerConfigKeys (ConfUtils.java:logGet(43)) - raft.server.rpc.sleep.time = 25ms (default)
2019-09-19 12:10:05,236 [1b83d917-1d73-4cac-8d1d-dc3b4981903d@group-7041D5508450:LeaderElection30] INFO  server.RaftServerConfigKeys (ConfUtils.java:logGet(43)) - raft.server.write.element-limit = 4096 (default)
2019-09-19 12:10:05,236 [1b83d917-1d73-4cac-8d1d-dc3b4981903d@group-7041D5508450:LeaderElection30] INFO  server.RaftServerConfigKeys (ConfUtils.java:logGet(43)) - raft.server.watch.timeout = 10s (default)
2019-09-19 12:10:05,236 [1b83d917-1d73-4cac-8d1d-dc3b4981903d@group-7041D5508450:LeaderElection30] INFO  server.RaftServerConfigKeys (ConfUtils.java:logGet(43)) - raft.server.watch.timeout.denomination = 1s (default)
2019-09-19 12:10:05,237 [1b83d917-1d73-4cac-8d1d-dc3b4981903d@group-7041D5508450:LeaderElection30] INFO  server.RaftServerConfigKeys (ConfUtils.java:logGet(43)) - raft.server.watch.element-limit = 65536 (default)
2019-09-19 12:10:05,240 [1b83d917-1d73-4cac-8d1d-dc3b4981903d@group-7041D5508450:LeaderElection30] INFO  server.RaftServerConfigKeys (ConfUtils.java:logGet(43)) - raft.server.log.appender.snapshot.chunk.size.max = 16MB (=16777216) (default)
2019-09-19 12:10:05,240 [1b83d917-1d73-4cac-8d1d-dc3b4981903d@group-7041D5508450:LeaderElection30] INFO  server.RaftServerConfigKeys (ConfUtils.java:logGet(43)) - raft.server.log.appender.buffer.byte-limit = 33554432 (custom)
2019-09-19 12:10:05,240 [1b83d917-1d73-4cac-8d1d-dc3b4981903d@group-7041D5508450:LeaderElection30] INFO  server.RaftServerConfigKeys (ConfUtils.java:logGet(43)) - raft.server.log.appender.buffer.element-limit = 1 (custom)
2019-09-19 12:10:05,240 [1b83d917-1d73-4cac-8d1d-dc3b4981903d@group-7041D5508450:LeaderElection30] INFO  grpc.GrpcConfigKeys$Server (ConfUtils.java:logGet(43)) - raft.grpc.server.leader.outstanding.appends.max = 128 (default)
2019-09-19 12:10:05,240 [1b83d917-1d73-4cac-8d1d-dc3b4981903d@group-7041D5508450:LeaderElection30] INFO  server.RaftServerConfigKeys (ConfUtils.java:logGet(43)) - raft.server.rpc.request.timeout = 3000ms (default)
2019-09-19 12:10:05,241 [1b83d917-1d73-4cac-8d1d-dc3b4981903d@group-7041D5508450:LeaderElection30] INFO  server.RaftServerConfigKeys (ConfUtils.java:logGet(43)) - raft.server.log.appender.install.snapshot.enabled = false (custom)
2019-09-19 12:10:05,241 [1b83d917-1d73-4cac-8d1d-dc3b4981903d@group-7041D5508450:LeaderElection30] INFO  server.RaftServerConfigKeys (ConfUtils.java:logGet(43)) - raft.server.log.appender.snapshot.chunk.size.max = 16MB (=16777216) (default)
2019-09-19 12:10:05,241 [1b83d917-1d73-4cac-8d1d-dc3b4981903d@group-7041D5508450:LeaderElection30] INFO  server.RaftServerConfigKeys (ConfUtils.java:logGet(43)) - raft.server.log.appender.buffer.byte-limit = 33554432 (custom)
2019-09-19 12:10:05,241 [1b83d917-1d73-4cac-8d1d-dc3b4981903d@group-7041D5508450:LeaderElection30] INFO  server.RaftServerConfigKeys (ConfUtils.java:logGet(43)) - raft.server.log.appender.buffer.element-limit = 1 (custom)
2019-09-19 12:10:05,241 [1b83d917-1d73-4cac-8d1d-dc3b4981903d@group-7041D5508450:LeaderElection30] INFO  grpc.GrpcConfigKeys$Server (ConfUtils.java:logGet(43)) - raft.grpc.server.leader.outstanding.appends.max = 128 (default)
2019-09-19 12:10:05,242 [1b83d917-1d73-4cac-8d1d-dc3b4981903d@group-7041D5508450:LeaderElection30] INFO  server.RaftServerConfigKeys (ConfUtils.java:logGet(43)) - raft.server.rpc.request.timeout = 3000ms (default)
2019-09-19 12:10:05,242 [1b83d917-1d73-4cac-8d1d-dc3b4981903d@group-7041D5508450:LeaderElection30] INFO  server.RaftServerConfigKeys (ConfUtils.java:logGet(43)) - raft.server.log.appender.install.snapshot.enabled = false (custom)
2019-09-19 12:10:05,242 [1b83d917-1d73-4cac-8d1d-dc3b4981903d@group-7041D5508450:LeaderElection30] INFO  impl.RoleInfo (RoleInfo.java:updateAndGet(143)) - 1b83d917-1d73-4cac-8d1d-dc3b4981903d: start LeaderState
2019-09-19 12:10:05,242 [1b83d917-1d73-4cac-8d1d-dc3b4981903d@group-7041D5508450:LeaderElection30] INFO  segmented.SegmentedRaftLogWorker (SegmentedRaftLogWorker.java:startLogSegment(380)) - 1b83d917-1d73-4cac-8d1d-dc3b4981903d@group-7041D5508450-SegmentedRaftLogWorker: Starting segment from index:0
2019-09-19 12:10:05,243 [1b83d917-1d73-4cac-8d1d-dc3b4981903d@group-7041D5508450:LeaderElection30] INFO  impl.RaftServerImpl (ServerState.java:setRaftConf(354)) - 1b83d917-1d73-4cac-8d1d-dc3b4981903d@group-7041D5508450: set configuration 0: [1b83d917-1d73-4cac-8d1d-dc3b4981903d:192.168.157.252:34953, 7c8a32d9-49ab-449b-8cc8-032a8828a8ac:192.168.157.252:41017, 4736e737-07ca-4f6d-84d7-0ed6bd660367:192.168.157.252:43438], old=null at 0
2019-09-19 12:10:05,245 [grpc-default-executor-4] INFO  impl.RaftServerImpl (ServerState.java:setLeader(253)) - 4736e737-07ca-4f6d-84d7-0ed6bd660367@group-7041D5508450: change Leader from null to 1b83d917-1d73-4cac-8d1d-dc3b4981903d at term 6 for appendEntries, leader elected after 10847ms
2019-09-19 12:10:05,245 [grpc-default-executor-8] INFO  impl.RaftServerImpl (ServerState.java:setLeader(253)) - 7c8a32d9-49ab-449b-8cc8-032a8828a8ac@group-7041D5508450: change Leader from null to 1b83d917-1d73-4cac-8d1d-dc3b4981903d at term 6 for appendEntries, leader elected after 10846ms
2019-09-19 12:10:05,274 [grpc-default-executor-8] INFO  impl.RaftServerImpl (ServerState.java:setRaftConf(354)) - 7c8a32d9-49ab-449b-8cc8-032a8828a8ac@group-7041D5508450: set configuration 0: [1b83d917-1d73-4cac-8d1d-dc3b4981903d:192.168.157.252:34953, 7c8a32d9-49ab-449b-8cc8-032a8828a8ac:192.168.157.252:41017, 4736e737-07ca-4f6d-84d7-0ed6bd660367:192.168.157.252:43438], old=null at 0
2019-09-19 12:10:05,274 [grpc-default-executor-4] INFO  impl.RaftServerImpl (ServerState.java:setRaftConf(354)) - 4736e737-07ca-4f6d-84d7-0ed6bd660367@group-7041D5508450: set configuration 0: [1b83d917-1d73-4cac-8d1d-dc3b4981903d:192.168.157.252:34953, 7c8a32d9-49ab-449b-8cc8-032a8828a8ac:192.168.157.252:41017, 4736e737-07ca-4f6d-84d7-0ed6bd660367:192.168.157.252:43438], old=null at 0
2019-09-19 12:10:05,274 [grpc-default-executor-8] INFO  segmented.SegmentedRaftLogWorker (SegmentedRaftLogWorker.java:startLogSegment(380)) - 7c8a32d9-49ab-449b-8cc8-032a8828a8ac@group-7041D5508450-SegmentedRaftLogWorker: Starting segment from index:0
2019-09-19 12:10:05,274 [grpc-default-executor-4] INFO  segmented.SegmentedRaftLogWorker (SegmentedRaftLogWorker.java:startLogSegment(380)) - 4736e737-07ca-4f6d-84d7-0ed6bd660367@group-7041D5508450-SegmentedRaftLogWorker: Starting segment from index:0
2019-09-19 12:10:05,283 [1b83d917-1d73-4cac-8d1d-dc3b4981903d@group-7041D5508450-SegmentedRaftLogWorker] INFO  segmented.SegmentedRaftLogWorker (SegmentedRaftLogWorker.java:execute(569)) - 1b83d917-1d73-4cac-8d1d-dc3b4981903d@group-7041D5508450-SegmentedRaftLogWorker: created new log segment /workdir/hadoop-ozone/integration-test/target/test-dir/MiniOzoneClusterImpl-41742b35-60e3-4bf6-81de-f25e83920b6f/datanode-8/data/ratis/293346ac-77ad-4ab0-9118-7041d5508450/current/log_inprogress_0
2019-09-19 12:10:05,317 [4736e737-07ca-4f6d-84d7-0ed6bd660367@group-7041D5508450-SegmentedRaftLogWorker] INFO  segmented.SegmentedRaftLogWorker (SegmentedRaftLogWorker.java:execute(569)) - 4736e737-07ca-4f6d-84d7-0ed6bd660367@group-7041D5508450-SegmentedRaftLogWorker: created new log segment /workdir/hadoop-ozone/integration-test/target/test-dir/MiniOzoneClusterImpl-41742b35-60e3-4bf6-81de-f25e83920b6f/datanode-2/data/ratis/293346ac-77ad-4ab0-9118-7041d5508450/current/log_inprogress_0
2019-09-19 12:10:05,317 [7c8a32d9-49ab-449b-8cc8-032a8828a8ac@group-7041D5508450-SegmentedRaftLogWorker] INFO  segmented.SegmentedRaftLogWorker (SegmentedRaftLogWorker.java:execute(569)) - 7c8a32d9-49ab-449b-8cc8-032a8828a8ac@group-7041D5508450-SegmentedRaftLogWorker: created new log segment /workdir/hadoop-ozone/integration-test/target/test-dir/MiniOzoneClusterImpl-41742b35-60e3-4bf6-81de-f25e83920b6f/datanode-6/data/ratis/293346ac-77ad-4ab0-9118-7041d5508450/current/log_inprogress_0
2019-09-19 12:10:06,059 [grpc-default-executor-8] INFO  client.GrpcClientProtocolClient (GrpcClientProtocolClient.java:onNext(264)) - client-F1DE9C258D1C->4736e737-07ca-4f6d-84d7-0ed6bd660367: receive RaftClientReply:client-F1DE9C258D1C->4736e737-07ca-4f6d-84d7-0ed6bd660367@group-7041D5508450, cid=29, FAILED org.apache.ratis.protocol.NotLeaderException: Server 4736e737-07ca-4f6d-84d7-0ed6bd660367@group-7041D5508450 is not the leader 1b83d917-1d73-4cac-8d1d-dc3b4981903d:192.168.157.252:34953, logIndex=0, commits[4736e737-07ca-4f6d-84d7-0ed6bd660367:c0, 1b83d917-1d73-4cac-8d1d-dc3b4981903d:c0, 7c8a32d9-49ab-449b-8cc8-032a8828a8ac:c-1]
2019-09-19 12:10:06,971 [grpc-default-executor-4] INFO  client.GrpcClientProtocolClient (GrpcClientProtocolClient.java:onNext(264)) - client-F1DE9C258D1C->1b83d917-1d73-4cac-8d1d-dc3b4981903d: receive RaftClientReply:client-F1DE9C258D1C->1b83d917-1d73-4cac-8d1d-dc3b4981903d@group-7041D5508450, cid=29, SUCCESS, logIndex=1, commits[1b83d917-1d73-4cac-8d1d-dc3b4981903d:c1, 7c8a32d9-49ab-449b-8cc8-032a8828a8ac:c0, 4736e737-07ca-4f6d-84d7-0ed6bd660367:c0]
2019-09-19 12:10:07,487 [grpc-default-executor-9] INFO  client.GrpcClientProtocolClient (GrpcClientProtocolClient.java:onNext(264)) - client-F1DE9C258D1C->1b83d917-1d73-4cac-8d1d-dc3b4981903d: receive RaftClientReply:client-F1DE9C258D1C->1b83d917-1d73-4cac-8d1d-dc3b4981903d@group-7041D5508450, cid=30, SUCCESS, logIndex=3, commits[1b83d917-1d73-4cac-8d1d-dc3b4981903d:c8, 7c8a32d9-49ab-449b-8cc8-032a8828a8ac:c6, 4736e737-07ca-4f6d-84d7-0ed6bd660367:c6]
2019-09-19 12:10:07,512 [grpc-default-executor-9] INFO  client.GrpcClientProtocolClient (GrpcClientProtocolClient.java:onNext(264)) - client-F1DE9C258D1C->1b83d917-1d73-4cac-8d1d-dc3b4981903d: receive RaftClientReply:client-F1DE9C258D1C->1b83d917-1d73-4cac-8d1d-dc3b4981903d@group-7041D5508450, cid=31, SUCCESS, logIndex=4, commits[1b83d917-1d73-4cac-8d1d-dc3b4981903d:c8, 7c8a32d9-49ab-449b-8cc8-032a8828a8ac:c6, 4736e737-07ca-4f6d-84d7-0ed6bd660367:c6]
2019-09-19 12:10:08,199 [grpc-default-executor-4] INFO  client.GrpcClientProtocolClient (GrpcClientProtocolClient.java:onNext(264)) - client-F1DE9C258D1C->1b83d917-1d73-4cac-8d1d-dc3b4981903d: receive RaftClientReply:client-F1DE9C258D1C->1b83d917-1d73-4cac-8d1d-dc3b4981903d@group-7041D5508450, cid=32, SUCCESS, logIndex=5, commits[1b83d917-1d73-4cac-8d1d-dc3b4981903d:c8, 7c8a32d9-49ab-449b-8cc8-032a8828a8ac:c8, 4736e737-07ca-4f6d-84d7-0ed6bd660367:c8]
2019-09-19 12:10:08,253 [grpc-default-executor-4] INFO  client.GrpcClientProtocolClient (GrpcClientProtocolClient.java:onNext(264)) - client-F1DE9C258D1C->1b83d917-1d73-4cac-8d1d-dc3b4981903d: receive RaftClientReply:client-F1DE9C258D1C->1b83d917-1d73-4cac-8d1d-dc3b4981903d@group-7041D5508450, cid=33, SUCCESS, logIndex=9, commits[1b83d917-1d73-4cac-8d1d-dc3b4981903d:c10, 7c8a32d9-49ab-449b-8cc8-032a8828a8ac:c8, 4736e737-07ca-4f6d-84d7-0ed6bd660367:c8]
2019-09-19 12:10:08,254 [grpc-default-executor-4] INFO  client.GrpcClientProtocolClient (GrpcClientProtocolClient.java:onNext(264)) - client-F1DE9C258D1C->1b83d917-1d73-4cac-8d1d-dc3b4981903d: receive RaftClientReply:client-F1DE9C258D1C->1b83d917-1d73-4cac-8d1d-dc3b4981903d@group-7041D5508450, cid=34, SUCCESS, logIndex=10, commits[1b83d917-1d73-4cac-8d1d-dc3b4981903d:c10, 7c8a32d9-49ab-449b-8cc8-032a8828a8ac:c8, 4736e737-07ca-4f6d-84d7-0ed6bd660367:c8]
2019-09-19 12:10:08,266 [grpc-default-executor-8] INFO  client.GrpcClientProtocolClient (GrpcClientProtocolClient.java:onNext(264)) - client-F1DE9C258D1C->1b83d917-1d73-4cac-8d1d-dc3b4981903d: receive RaftClientReply:client-F1DE9C258D1C->1b83d917-1d73-4cac-8d1d-dc3b4981903d@group-7041D5508450, cid=35, SUCCESS, logIndex=11, commits[1b83d917-1d73-4cac-8d1d-dc3b4981903d:c12, 7c8a32d9-49ab-449b-8cc8-032a8828a8ac:c8, 4736e737-07ca-4f6d-84d7-0ed6bd660367:c10]
2019-09-19 12:10:08,266 [grpc-default-executor-8] INFO  client.GrpcClientProtocolClient (GrpcClientProtocolClient.java:onNext(264)) - client-F1DE9C258D1C->1b83d917-1d73-4cac-8d1d-dc3b4981903d: receive RaftClientReply:client-F1DE9C258D1C->1b83d917-1d73-4cac-8d1d-dc3b4981903d@group-7041D5508450, cid=36, SUCCESS, logIndex=12, commits[1b83d917-1d73-4cac-8d1d-dc3b4981903d:c14, 7c8a32d9-49ab-449b-8cc8-032a8828a8ac:c10, 4736e737-07ca-4f6d-84d7-0ed6bd660367:c10]
2019-09-19 12:10:08,294 [grpc-default-executor-8] INFO  client.GrpcClientProtocolClient (GrpcClientProtocolClient.java:onNext(264)) - client-F1DE9C258D1C->1b83d917-1d73-4cac-8d1d-dc3b4981903d: receive RaftClientReply:client-F1DE9C258D1C->1b83d917-1d73-4cac-8d1d-dc3b4981903d@group-7041D5508450, cid=37, SUCCESS, logIndex=0, commits[1b83d917-1d73-4cac-8d1d-dc3b4981903d:c16, 7c8a32d9-49ab-449b-8cc8-032a8828a8ac:c12, 4736e737-07ca-4f6d-84d7-0ed6bd660367:c12]
2019-09-19 12:10:11,302 [java.util.concurrent.ThreadPoolExecutor$Worker@4f8ba3d5[State = -1, empty queue]] WARN  server.GrpcLogAppender (GrpcLogAppender.java:timeoutAppendRequest(200)) - 1b83d917-1d73-4cac-8d1d-dc3b4981903d@group-7041D5508450->7c8a32d9-49ab-449b-8cc8-032a8828a8ac-GrpcLogAppender: appendEntries Timeout, request=1b83d917-1d73-4cac-8d1d-dc3b4981903d->7c8a32d9-49ab-449b-8cc8-032a8828a8ac#22-t6, previous=(t:6, i:16), leaderCommit=16, initializing? false, entries: size=1, first=(t:6, i:17), STATEMACHINELOGENTRY, client-F1DE9C258D1C, cid=38
2019-09-19 12:10:11,302 [java.util.concurrent.ThreadPoolExecutor$Worker@5019c524[State = -1, empty queue]] WARN  server.GrpcLogAppender (GrpcLogAppender.java:timeoutAppendRequest(200)) - 1b83d917-1d73-4cac-8d1d-dc3b4981903d@group-7041D5508450->4736e737-07ca-4f6d-84d7-0ed6bd660367-GrpcLogAppender: appendEntries Timeout, request=1b83d917-1d73-4cac-8d1d-dc3b4981903d->4736e737-07ca-4f6d-84d7-0ed6bd660367#22-t6, previous=(t:6, i:16), leaderCommit=16, initializing? false, entries: size=1, first=(t:6, i:17), STATEMACHINELOGENTRY, client-F1DE9C258D1C, cid=38
2019-09-19 12:10:11,303 [java.util.concurrent.ThreadPoolExecutor$Worker@4f8ba3d5[State = -1, empty queue]] WARN  server.GrpcLogAppender (GrpcLogAppender.java:timeoutAppendRequest(200)) - 1b83d917-1d73-4cac-8d1d-dc3b4981903d@group-7041D5508450->7c8a32d9-49ab-449b-8cc8-032a8828a8ac-GrpcLogAppender: appendEntries Timeout, request=1b83d917-1d73-4cac-8d1d-dc3b4981903d->7c8a32d9-49ab-449b-8cc8-032a8828a8ac#23-t6, previous=(t:6, i:17), leaderCommit=16, initializing? false, entries: size=1, first=(t:6, i:18), STATEMACHINELOGENTRY, client-F1DE9C258D1C, cid=39
2019-09-19 12:10:11,306 [java.util.concurrent.ThreadPoolExecutor$Worker@5019c524[State = -1, empty queue]] WARN  server.GrpcLogAppender (GrpcLogAppender.java:timeoutAppendRequest(200)) - 1b83d917-1d73-4cac-8d1d-dc3b4981903d@group-7041D5508450->4736e737-07ca-4f6d-84d7-0ed6bd660367-GrpcLogAppender: appendEntries Timeout, request=1b83d917-1d73-4cac-8d1d-dc3b4981903d->4736e737-07ca-4f6d-84d7-0ed6bd660367#23-t6, previous=(t:6, i:17), leaderCommit=16, initializing? false, entries: size=1, first=(t:6, i:18), STATEMACHINELOGENTRY, client-F1DE9C258D1C, cid=39
2019-09-19 12:10:11,309 [java.util.concurrent.ThreadPoolExecutor$Worker@5019c524[State = -1, empty queue]] WARN  server.GrpcLogAppender (GrpcLogAppender.java:timeoutAppendRequest(200)) - 1b83d917-1d73-4cac-8d1d-dc3b4981903d@group-7041D5508450->4736e737-07ca-4f6d-84d7-0ed6bd660367-GrpcLogAppender: appendEntries Timeout, request=1b83d917-1d73-4cac-8d1d-dc3b4981903d->4736e737-07ca-4f6d-84d7-0ed6bd660367#24-t6, previous=(t:6, i:18), leaderCommit=16, initializing? false, entries: size=1, first=(t:6, i:19), STATEMACHINELOGENTRY, client-F1DE9C258D1C, cid=40
2019-09-19 12:10:11,309 [java.util.concurrent.ThreadPoolExecutor$Worker@4f8ba3d5[State = -1, empty queue]] WARN  server.GrpcLogAppender (GrpcLogAppender.java:timeoutAppendRequest(200)) - 1b83d917-1d73-4cac-8d1d-dc3b4981903d@group-7041D5508450->7c8a32d9-49ab-449b-8cc8-032a8828a8ac-GrpcLogAppender: appendEntries Timeout, request=1b83d917-1d73-4cac-8d1d-dc3b4981903d->7c8a32d9-49ab-449b-8cc8-032a8828a8ac#24-t6, previous=(t:6, i:18), leaderCommit=16, initializing? false, entries: size=1, first=(t:6, i:19), STATEMACHINELOGENTRY, client-F1DE9C258D1C, cid=40
2019-09-19 12:10:11,312 [java.util.concurrent.ThreadPoolExecutor$Worker@5019c524[State = -1, empty queue]] WARN  server.GrpcLogAppender (GrpcLogAppender.java:timeoutAppendRequest(200)) - 1b83d917-1d73-4cac-8d1d-dc3b4981903d@group-7041D5508450->4736e737-07ca-4f6d-84d7-0ed6bd660367-GrpcLogAppender: appendEntries Timeout, request=1b83d917-1d73-4cac-8d1d-dc3b4981903d->4736e737-07ca-4f6d-84d7-0ed6bd660367#25-t6, previous=(t:6, i:19), leaderCommit=16, initializing? false, entries: size=1, first=(t:6, i:20), STATEMACHINELOGENTRY, client-F1DE9C258D1C, cid=41
2019-09-19 12:10:11,314 [java.util.concurrent.ThreadPoolExecutor$Worker@4f8ba3d5[State = -1, empty queue]] WARN  server.GrpcLogAppender (GrpcLogAppender.java:timeoutAppendRequest(200)) - 1b83d917-1d73-4cac-8d1d-dc3b4981903d@group-7041D5508450->7c8a32d9-49ab-449b-8cc8-032a8828a8ac-GrpcLogAppender: appendEntries Timeout, request=1b83d917-1d73-4cac-8d1d-dc3b4981903d->7c8a32d9-49ab-449b-8cc8-032a8828a8ac#25-t6, previous=(t:6, i:19), leaderCommit=16, initializing? false, entries: size=1, first=(t:6, i:20), STATEMACHINELOGENTRY, client-F1DE9C258D1C, cid=41
2019-09-19 12:10:11,811 [java.util.concurrent.ThreadPoolExecutor$Worker@5019c524[State = -1, empty queue]] WARN  server.GrpcLogAppender (GrpcLogAppender.java:timeoutAppendRequest(200)) - 1b83d917-1d73-4cac-8d1d-dc3b4981903d@group-7041D5508450->4736e737-07ca-4f6d-84d7-0ed6bd660367-GrpcLogAppender: appendEntries Timeout, request=1b83d917-1d73-4cac-8d1d-dc3b4981903d->4736e737-07ca-4f6d-84d7-0ed6bd660367#26-t6, previous=(t:6, i:20), leaderCommit=16, initializing? false, entries: <empty>
2019-09-19 12:10:11,811 [java.util.concurrent.ThreadPoolExecutor$Worker@4f8ba3d5[State = -1, empty queue]] WARN  server.GrpcLogAppender (GrpcLogAppender.java:timeoutAppendRequest(200)) - 1b83d917-1d73-4cac-8d1d-dc3b4981903d@group-7041D5508450->7c8a32d9-49ab-449b-8cc8-032a8828a8ac-GrpcLogAppender: appendEntries Timeout, request=1b83d917-1d73-4cac-8d1d-dc3b4981903d->7c8a32d9-49ab-449b-8cc8-032a8828a8ac#26-t6, previous=(t:6, i:20), leaderCommit=16, initializing? false, entries: <empty>
2019-09-19 12:10:12,317 [java.util.concurrent.ThreadPoolExecutor$Worker@5019c524[State = -1, empty queue]] WARN  server.GrpcLogAppender (GrpcLogAppender.java:timeoutAppendRequest(200)) - 1b83d917-1d73-4cac-8d1d-dc3b4981903d@group-7041D5508450->4736e737-07ca-4f6d-84d7-0ed6bd660367-GrpcLogAppender: appendEntries Timeout, request=1b83d917-1d73-4cac-8d1d-dc3b4981903d->4736e737-07ca-4f6d-84d7-0ed6bd660367#27-t6, previous=(t:6, i:20), leaderCommit=16, initializing? false, entries: <empty>
2019-09-19 12:10:12,317 [java.util.concurrent.ThreadPoolExecutor$Worker@4f8ba3d5[State = -1, empty queue]] WARN  server.GrpcLogAppender (GrpcLogAppender.java:timeoutAppendRequest(200)) - 1b83d917-1d73-4cac-8d1d-dc3b4981903d@group-7041D5508450->7c8a32d9-49ab-449b-8cc8-032a8828a8ac-GrpcLogAppender: appendEntries Timeout, request=1b83d917-1d73-4cac-8d1d-dc3b4981903d->7c8a32d9-49ab-449b-8cc8-032a8828a8ac#27-t6, previous=(t:6, i:20), leaderCommit=16, initializing? false, entries: <empty>
2019-09-19 12:10:12,812 [java.util.concurrent.ThreadPoolExecutor$Worker@5019c524[State = -1, empty queue]] WARN  server.GrpcLogAppender (GrpcLogAppender.java:timeoutAppendRequest(200)) - 1b83d917-1d73-4cac-8d1d-dc3b4981903d@group-7041D5508450->4736e737-07ca-4f6d-84d7-0ed6bd660367-GrpcLogAppender: appendEntries Timeout, request=1b83d917-1d73-4cac-8d1d-dc3b4981903d->4736e737-07ca-4f6d-84d7-0ed6bd660367#28-t6, previous=(t:6, i:20), leaderCommit=16, initializing? false, entries: <empty>
2019-09-19 12:10:12,812 [java.util.concurrent.ThreadPoolExecutor$Worker@4f8ba3d5[State = -1, empty queue]] WARN  server.GrpcLogAppender (GrpcLogAppender.java:timeoutAppendRequest(200)) - 1b83d917-1d73-4cac-8d1d-dc3b4981903d@group-7041D5508450->7c8a32d9-49ab-449b-8cc8-032a8828a8ac-GrpcLogAppender: appendEntries Timeout, request=1b83d917-1d73-4cac-8d1d-dc3b4981903d->7c8a32d9-49ab-449b-8cc8-032a8828a8ac#28-t6, previous=(t:6, i:20), leaderCommit=16, initializing? false, entries: <empty>
2019-09-19 12:10:13,313 [java.util.concurrent.ThreadPoolExecutor$Worker@5019c524[State = -1, empty queue]] WARN  server.GrpcLogAppender (GrpcLogAppender.java:timeoutAppendRequest(200)) - 1b83d917-1d73-4cac-8d1d-dc3b4981903d@group-7041D5508450->4736e737-07ca-4f6d-84d7-0ed6bd660367-GrpcLogAppender: appendEntries Timeout, request=1b83d917-1d73-4cac-8d1d-dc3b4981903d->4736e737-07ca-4f6d-84d7-0ed6bd660367#29-t6, previous=(t:6, i:20), leaderCommit=16, initializing? false, entries: <empty>
2019-09-19 12:10:13,313 [java.util.concurrent.ThreadPoolExecutor$Worker@4f8ba3d5[State = -1, empty queue]] WARN  server.GrpcLogAppender (GrpcLogAppender.java:timeoutAppendRequest(200)) - 1b83d917-1d73-4cac-8d1d-dc3b4981903d@group-7041D5508450->7c8a32d9-49ab-449b-8cc8-032a8828a8ac-GrpcLogAppender: appendEntries Timeout, request=1b83d917-1d73-4cac-8d1d-dc3b4981903d->7c8a32d9-49ab-449b-8cc8-032a8828a8ac#29-t6, previous=(t:6, i:20), leaderCommit=16, initializing? false, entries: <empty>
2019-09-19 12:10:13,331 [grpc-default-executor-9] INFO  client.GrpcClientProtocolClient (GrpcClientProtocolClient.java:onNext(264)) - client-F1DE9C258D1C->4736e737-07ca-4f6d-84d7-0ed6bd660367: receive RaftClientReply:client-F1DE9C258D1C->4736e737-07ca-4f6d-84d7-0ed6bd660367@group-7041D5508450, cid=38, FAILED org.apache.ratis.protocol.NotLeaderException: Server 4736e737-07ca-4f6d-84d7-0ed6bd660367@group-7041D5508450 is not the leader 1b83d917-1d73-4cac-8d1d-dc3b4981903d:192.168.157.252:34953, logIndex=0, commits[4736e737-07ca-4f6d-84d7-0ed6bd660367:c16, 1b83d917-1d73-4cac-8d1d-dc3b4981903d:c16, 7c8a32d9-49ab-449b-8cc8-032a8828a8ac:c12]
2019-09-19 12:10:13,813 [java.util.concurrent.ThreadPoolExecutor$Worker@4f8ba3d5[State = -1, empty queue]] WARN  server.GrpcLogAppender (GrpcLogAppender.java:timeoutAppendRequest(200)) - 1b83d917-1d73-4cac-8d1d-dc3b4981903d@group-7041D5508450->7c8a32d9-49ab-449b-8cc8-032a8828a8ac-GrpcLogAppender: appendEntries Timeout, request=1b83d917-1d73-4cac-8d1d-dc3b4981903d->7c8a32d9-49ab-449b-8cc8-032a8828a8ac#30-t6, previous=(t:6, i:20), leaderCommit=16, initializing? false, entries: <empty>
2019-09-19 12:10:13,814 [java.util.concurrent.ThreadPoolExecutor$Worker@5019c524[State = -1, empty queue]] WARN  server.GrpcLogAppender (GrpcLogAppender.java:timeoutAppendRequest(200)) - 1b83d917-1d73-4cac-8d1d-dc3b4981903d@group-7041D5508450->4736e737-07ca-4f6d-84d7-0ed6bd660367-GrpcLogAppender: appendEntries Timeout, request=1b83d917-1d73-4cac-8d1d-dc3b4981903d->4736e737-07ca-4f6d-84d7-0ed6bd660367#30-t6, previous=(t:6, i:20), leaderCommit=16, initializing? false, entries: <empty>
2019-09-19 12:10:14,315 [java.util.concurrent.ThreadPoolExecutor$Worker@4f8ba3d5[State = -1, empty queue]] WARN  server.GrpcLogAppender (GrpcLogAppender.java:timeoutAppendRequest(200)) - 1b83d917-1d73-4cac-8d1d-dc3b4981903d@group-7041D5508450->7c8a32d9-49ab-449b-8cc8-032a8828a8ac-GrpcLogAppender: appendEntries Timeout, request=1b83d917-1d73-4cac-8d1d-dc3b4981903d->7c8a32d9-49ab-449b-8cc8-032a8828a8ac#31-t6, previous=(t:6, i:20), leaderCommit=16, initializing? false, entries: <empty>
2019-09-19 12:10:14,315 [java.util.concurrent.ThreadPoolExecutor$Worker@5019c524[State = -1, empty queue]] WARN  server.GrpcLogAppender (GrpcLogAppender.java:timeoutAppendRequest(200)) - 1b83d917-1d73-4cac-8d1d-dc3b4981903d@group-7041D5508450->4736e737-07ca-4f6d-84d7-0ed6bd660367-GrpcLogAppender: appendEntries Timeout, request=1b83d917-1d73-4cac-8d1d-dc3b4981903d->4736e737-07ca-4f6d-84d7-0ed6bd660367#31-t6, previous=(t:6, i:20), leaderCommit=16, initializing? false, entries: <empty>
2019-09-19 12:10:14,821 [java.util.concurrent.ThreadPoolExecutor$Worker@4f8ba3d5[State = -1, empty queue]] WARN  server.GrpcLogAppender (GrpcLogAppender.java:timeoutAppendRequest(200)) - 1b83d917-1d73-4cac-8d1d-dc3b4981903d@group-7041D5508450->7c8a32d9-49ab-449b-8cc8-032a8828a8ac-GrpcLogAppender: appendEntries Timeout, request=1b83d917-1d73-4cac-8d1d-dc3b4981903d->7c8a32d9-49ab-449b-8cc8-032a8828a8ac#32-t6, previous=(t:6, i:20), leaderCommit=16, initializing? false, entries: <empty>
2019-09-19 12:10:14,821 [java.util.concurrent.ThreadPoolExecutor$Worker@5019c524[State = -1, empty queue]] WARN  server.GrpcLogAppender (GrpcLogAppender.java:timeoutAppendRequest(200)) - 1b83d917-1d73-4cac-8d1d-dc3b4981903d@group-7041D5508450->4736e737-07ca-4f6d-84d7-0ed6bd660367-GrpcLogAppender: appendEntries Timeout, request=1b83d917-1d73-4cac-8d1d-dc3b4981903d->4736e737-07ca-4f6d-84d7-0ed6bd660367#32-t6, previous=(t:6, i:20), leaderCommit=16, initializing? false, entries: <empty>
2019-09-19 12:10:15,322 [java.util.concurrent.ThreadPoolExecutor$Worker@4f8ba3d5[State = -1, empty queue]] WARN  server.GrpcLogAppender (GrpcLogAppender.java:timeoutAppendRequest(200)) - 1b83d917-1d73-4cac-8d1d-dc3b4981903d@group-7041D5508450->7c8a32d9-49ab-449b-8cc8-032a8828a8ac-GrpcLogAppender: appendEntries Timeout, request=1b83d917-1d73-4cac-8d1d-dc3b4981903d->7c8a32d9-49ab-449b-8cc8-032a8828a8ac#33-t6, previous=(t:6, i:20), leaderCommit=16, initializing? false, entries: <empty>
2019-09-19 12:10:15,322 [java.util.concurrent.ThreadPoolExecutor$Worker@5019c524[State = -1, empty queue]] WARN  server.GrpcLogAppender (GrpcLogAppender.java:timeoutAppendRequest(200)) - 1b83d917-1d73-4cac-8d1d-dc3b4981903d@group-7041D5508450->4736e737-07ca-4f6d-84d7-0ed6bd660367-GrpcLogAppender: appendEntries Timeout, request=1b83d917-1d73-4cac-8d1d-dc3b4981903d->4736e737-07ca-4f6d-84d7-0ed6bd660367#33-t6, previous=(t:6, i:20), leaderCommit=16, initializing? false, entries: <empty>
2019-09-19 12:10:15,822 [java.util.concurrent.ThreadPoolExecutor$Worker@4f8ba3d5[State = -1, empty queue]] WARN  server.GrpcLogAppender (GrpcLogAppender.java:timeoutAppendRequest(200)) - 1b83d917-1d73-4cac-8d1d-dc3b4981903d@group-7041D5508450->7c8a32d9-49ab-449b-8cc8-032a8828a8ac-GrpcLogAppender: appendEntries Timeout, request=1b83d917-1d73-4cac-8d1d-dc3b4981903d->7c8a32d9-49ab-449b-8cc8-032a8828a8ac#34-t6, previous=(t:6, i:20), leaderCommit=16, initializing? false, entries: <empty>
2019-09-19 12:10:15,822 [java.util.concurrent.ThreadPoolExecutor$Worker@5019c524[State = -1, empty queue]] WARN  server.GrpcLogAppender (GrpcLogAppender.java:timeoutAppendRequest(200)) - 1b83d917-1d73-4cac-8d1d-dc3b4981903d@group-7041D5508450->4736e737-07ca-4f6d-84d7-0ed6bd660367-GrpcLogAppender: appendEntries Timeout, request=1b83d917-1d73-4cac-8d1d-dc3b4981903d->4736e737-07ca-4f6d-84d7-0ed6bd660367#34-t6, previous=(t:6, i:20), leaderCommit=16, initializing? false, entries: <empty>
2019-09-19 12:10:16,322 [java.util.concurrent.ThreadPoolExecutor$Worker@4f8ba3d5[State = -1, empty queue]] WARN  server.GrpcLogAppender (GrpcLogAppender.java:timeoutAppendRequest(200)) - 1b83d917-1d73-4cac-8d1d-dc3b4981903d@group-7041D5508450->7c8a32d9-49ab-449b-8cc8-032a8828a8ac-GrpcLogAppender: appendEntries Timeout, request=1b83d917-1d73-4cac-8d1d-dc3b4981903d->7c8a32d9-49ab-449b-8cc8-032a8828a8ac#35-t6, previous=(t:6, i:20), leaderCommit=16, initializing? false, entries: <empty>
2019-09-19 12:10:16,322 [java.util.concurrent.ThreadPoolExecutor$Worker@5019c524[State = -1, empty queue]] WARN  server.GrpcLogAppender (GrpcLogAppender.java:timeoutAppendRequest(200)) - 1b83d917-1d73-4cac-8d1d-dc3b4981903d@group-7041D5508450->4736e737-07ca-4f6d-84d7-0ed6bd660367-GrpcLogAppender: appendEntries Timeout, request=1b83d917-1d73-4cac-8d1d-dc3b4981903d->4736e737-07ca-4f6d-84d7-0ed6bd660367#35-t6, previous=(t:6, i:20), leaderCommit=16, initializing? false, entries: <empty>
2019-09-19 12:10:16,824 [java.util.concurrent.ThreadPoolExecutor$Worker@5019c524[State = -1, empty queue]] WARN  server.GrpcLogAppender (GrpcLogAppender.java:timeoutAppendRequest(200)) - 1b83d917-1d73-4cac-8d1d-dc3b4981903d@group-7041D5508450->4736e737-07ca-4f6d-84d7-0ed6bd660367-GrpcLogAppender: appendEntries Timeout, request=1b83d917-1d73-4cac-8d1d-dc3b4981903d->4736e737-07ca-4f6d-84d7-0ed6bd660367#36-t6, previous=(t:6, i:20), leaderCommit=16, initializing? false, entries: <empty>
2019-09-19 12:10:16,824 [java.util.concurrent.ThreadPoolExecutor$Worker@4f8ba3d5[State = -1, empty queue]] WARN  server.GrpcLogAppender (GrpcLogAppender.java:timeoutAppendRequest(200)) - 1b83d917-1d73-4cac-8d1d-dc3b4981903d@group-7041D5508450->7c8a32d9-49ab-449b-8cc8-032a8828a8ac-GrpcLogAppender: appendEntries Timeout, request=1b83d917-1d73-4cac-8d1d-dc3b4981903d->7c8a32d9-49ab-449b-8cc8-032a8828a8ac#36-t6, previous=(t:6, i:20), leaderCommit=16, initializing? false, entries: <empty>
2019-09-19 12:10:17,324 [java.util.concurrent.ThreadPoolExecutor$Worker@5019c524[State = -1, empty queue]] WARN  server.GrpcLogAppender (GrpcLogAppender.java:timeoutAppendRequest(200)) - 1b83d917-1d73-4cac-8d1d-dc3b4981903d@group-7041D5508450->4736e737-07ca-4f6d-84d7-0ed6bd660367-GrpcLogAppender: appendEntries Timeout, request=1b83d917-1d73-4cac-8d1d-dc3b4981903d->4736e737-07ca-4f6d-84d7-0ed6bd660367#37-t6, previous=(t:6, i:20), leaderCommit=16, initializing? false, entries: <empty>
2019-09-19 12:10:17,324 [java.util.concurrent.ThreadPoolExecutor$Worker@4f8ba3d5[State = -1, empty queue]] WARN  server.GrpcLogAppender (GrpcLogAppender.java:timeoutAppendRequest(200)) - 1b83d917-1d73-4cac-8d1d-dc3b4981903d@group-7041D5508450->7c8a32d9-49ab-449b-8cc8-032a8828a8ac-GrpcLogAppender: appendEntries Timeout, request=1b83d917-1d73-4cac-8d1d-dc3b4981903d->7c8a32d9-49ab-449b-8cc8-032a8828a8ac#37-t6, previous=(t:6, i:20), leaderCommit=16, initializing? false, entries: <empty>
2019-09-19 12:10:17,828 [java.util.concurrent.ThreadPoolExecutor$Worker@4f8ba3d5[State = -1, empty queue]] WARN  server.GrpcLogAppender (GrpcLogAppender.java:timeoutAppendRequest(200)) - 1b83d917-1d73-4cac-8d1d-dc3b4981903d@group-7041D5508450->7c8a32d9-49ab-449b-8cc8-032a8828a8ac-GrpcLogAppender: appendEntries Timeout, request=1b83d917-1d73-4cac-8d1d-dc3b4981903d->7c8a32d9-49ab-449b-8cc8-032a8828a8ac#38-t6, previous=(t:6, i:20), leaderCommit=16, initializing? false, entries: <empty>
2019-09-19 12:10:17,828 [java.util.concurrent.ThreadPoolExecutor$Worker@5019c524[State = -1, empty queue]] WARN  server.GrpcLogAppender (GrpcLogAppender.java:timeoutAppendRequest(200)) - 1b83d917-1d73-4cac-8d1d-dc3b4981903d@group-7041D5508450->4736e737-07ca-4f6d-84d7-0ed6bd660367-GrpcLogAppender: appendEntries Timeout, request=1b83d917-1d73-4cac-8d1d-dc3b4981903d->4736e737-07ca-4f6d-84d7-0ed6bd660367#38-t6, previous=(t:6, i:20), leaderCommit=16, initializing? false, entries: <empty>
2019-09-19 12:10:18,309 [4736e737-07ca-4f6d-84d7-0ed6bd660367@group-7041D5508450-SegmentedRaftLogWorker] WARN  segmented.SegmentedRaftLogWorker (SegmentedRaftLogWorker.java:getFromFuture(90)) - Timeout 0/~
org.apache.ratis.protocol.TimeoutIOException: Timeout 10s: WriteLog:17: (t:6, i:17), STATEMACHINELOGENTRY, client-F1DE9C258D1C, cid=38-writeStateMachineData
	at org.apache.ratis.util.IOUtils.getFromFuture(IOUtils.java:87)
	at org.apache.ratis.server.raftlog.segmented.SegmentedRaftLogWorker$StateMachineDataPolicy.getFromFuture(SegmentedRaftLogWorker.java:87)
	at org.apache.ratis.server.raftlog.segmented.SegmentedRaftLogWorker$WriteLog.execute(SegmentedRaftLogWorker.java:477)
	at org.apache.ratis.server.raftlog.segmented.SegmentedRaftLogWorker.run(SegmentedRaftLogWorker.java:289)
	at java.lang.Thread.run(Thread.java:748)
Caused by: java.util.concurrent.TimeoutException
	at java.util.concurrent.CompletableFuture.timedGet(CompletableFuture.java:1771)
	at java.util.concurrent.CompletableFuture.get(CompletableFuture.java:1915)
	at org.apache.ratis.util.IOUtils.getFromFuture(IOUtils.java:79)
	... 4 more
2019-09-19 12:10:18,312 [7c8a32d9-49ab-449b-8cc8-032a8828a8ac@group-7041D5508450-SegmentedRaftLogWorker] WARN  segmented.SegmentedRaftLogWorker (SegmentedRaftLogWorker.java:getFromFuture(90)) - Timeout 0/~
org.apache.ratis.protocol.TimeoutIOException: Timeout 10s: WriteLog:17: (t:6, i:17), STATEMACHINELOGENTRY, client-F1DE9C258D1C, cid=38-writeStateMachineData
	at org.apache.ratis.util.IOUtils.getFromFuture(IOUtils.java:87)
	at org.apache.ratis.server.raftlog.segmented.SegmentedRaftLogWorker$StateMachineDataPolicy.getFromFuture(SegmentedRaftLogWorker.java:87)
	at org.apache.ratis.server.raftlog.segmented.SegmentedRaftLogWorker$WriteLog.execute(SegmentedRaftLogWorker.java:477)
	at org.apache.ratis.server.raftlog.segmented.SegmentedRaftLogWorker.run(SegmentedRaftLogWorker.java:289)
	at java.lang.Thread.run(Thread.java:748)
Caused by: java.util.concurrent.TimeoutException
	at java.util.concurrent.CompletableFuture.timedGet(CompletableFuture.java:1771)
	at java.util.concurrent.CompletableFuture.get(CompletableFuture.java:1915)
	at org.apache.ratis.util.IOUtils.getFromFuture(IOUtils.java:79)
	... 4 more
2019-09-19 12:10:18,328 [java.util.concurrent.ThreadPoolExecutor$Worker@4f8ba3d5[State = -1, empty queue]] WARN  server.GrpcLogAppender (GrpcLogAppender.java:timeoutAppendRequest(200)) - 1b83d917-1d73-4cac-8d1d-dc3b4981903d@group-7041D5508450->7c8a32d9-49ab-449b-8cc8-032a8828a8ac-GrpcLogAppender: appendEntries Timeout, request=1b83d917-1d73-4cac-8d1d-dc3b4981903d->7c8a32d9-49ab-449b-8cc8-032a8828a8ac#39-t6, previous=(t:6, i:20), leaderCommit=16, initializing? false, entries: <empty>
2019-09-19 12:10:18,328 [java.util.concurrent.ThreadPoolExecutor$Worker@5019c524[State = -1, empty queue]] WARN  server.GrpcLogAppender (GrpcLogAppender.java:timeoutAppendRequest(200)) - 1b83d917-1d73-4cac-8d1d-dc3b4981903d@group-7041D5508450->4736e737-07ca-4f6d-84d7-0ed6bd660367-GrpcLogAppender: appendEntries Timeout, request=1b83d917-1d73-4cac-8d1d-dc3b4981903d->4736e737-07ca-4f6d-84d7-0ed6bd660367#39-t6, previous=(t:6, i:20), leaderCommit=16, initializing? false, entries: <empty>
2019-09-19 12:10:18,419 [grpc-default-executor-9] INFO  client.GrpcClientProtocolClient (GrpcClientProtocolClient.java:onNext(264)) - client-F1DE9C258D1C->7c8a32d9-49ab-449b-8cc8-032a8828a8ac: receive RaftClientReply:client-F1DE9C258D1C->7c8a32d9-49ab-449b-8cc8-032a8828a8ac@group-7041D5508450, cid=38, FAILED org.apache.ratis.protocol.NotLeaderException: Server 7c8a32d9-49ab-449b-8cc8-032a8828a8ac@group-7041D5508450 is not the leader 1b83d917-1d73-4cac-8d1d-dc3b4981903d:192.168.157.252:34953, logIndex=0, commits[7c8a32d9-49ab-449b-8cc8-032a8828a8ac:c16, 1b83d917-1d73-4cac-8d1d-dc3b4981903d:c16, 4736e737-07ca-4f6d-84d7-0ed6bd660367:c12]
2019-09-19 12:10:18,836 [java.util.concurrent.ThreadPoolExecutor$Worker@4f8ba3d5[State = -1, empty queue]] WARN  server.GrpcLogAppender (GrpcLogAppender.java:timeoutAppendRequest(200)) - 1b83d917-1d73-4cac-8d1d-dc3b4981903d@group-7041D5508450->7c8a32d9-49ab-449b-8cc8-032a8828a8ac-GrpcLogAppender: appendEntries Timeout, request=1b83d917-1d73-4cac-8d1d-dc3b4981903d->7c8a32d9-49ab-449b-8cc8-032a8828a8ac#40-t6, previous=(t:6, i:20), leaderCommit=16, initializing? false, entries: <empty>
2019-09-19 12:10:18,836 [java.util.concurrent.ThreadPoolExecutor$Worker@5019c524[State = -1, empty queue]] WARN  server.GrpcLogAppender (GrpcLogAppender.java:timeoutAppendRequest(200)) - 1b83d917-1d73-4cac-8d1d-dc3b4981903d@group-7041D5508450->4736e737-07ca-4f6d-84d7-0ed6bd660367-GrpcLogAppender: appendEntries Timeout, request=1b83d917-1d73-4cac-8d1d-dc3b4981903d->4736e737-07ca-4f6d-84d7-0ed6bd660367#40-t6, previous=(t:6, i:20), leaderCommit=16, initializing? false, entries: <empty>
2019-09-19 12:10:19,336 [java.util.concurrent.ThreadPoolExecutor$Worker@4f8ba3d5[State = -1, empty queue]] WARN  server.GrpcLogAppender (GrpcLogAppender.java:timeoutAppendRequest(200)) - 1b83d917-1d73-4cac-8d1d-dc3b4981903d@group-7041D5508450->7c8a32d9-49ab-449b-8cc8-032a8828a8ac-GrpcLogAppender: appendEntries Timeout, request=1b83d917-1d73-4cac-8d1d-dc3b4981903d->7c8a32d9-49ab-449b-8cc8-032a8828a8ac#41-t6, previous=(t:6, i:20), leaderCommit=16, initializing? false, entries: <empty>
2019-09-19 12:10:19,336 [java.util.concurrent.ThreadPoolExecutor$Worker@5019c524[State = -1, empty queue]] WARN  server.GrpcLogAppender (GrpcLogAppender.java:timeoutAppendRequest(200)) - 1b83d917-1d73-4cac-8d1d-dc3b4981903d@group-7041D5508450->4736e737-07ca-4f6d-84d7-0ed6bd660367-GrpcLogAppender: appendEntries Timeout, request=1b83d917-1d73-4cac-8d1d-dc3b4981903d->4736e737-07ca-4f6d-84d7-0ed6bd660367#41-t6, previous=(t:6, i:20), leaderCommit=16, initializing? false, entries: <empty>
2019-09-19 12:10:19,367 [1b83d917-1d73-4cac-8d1d-dc3b4981903d@group-7041D5508450-SegmentedRaftLogWorker] WARN  segmented.SegmentedRaftLogWorker (SegmentedRaftLogWorker.java:getFromFuture(90)) - Timeout 0/~
org.apache.ratis.protocol.TimeoutIOException: Timeout 10s: WriteLog:19: (t:6, i:19), STATEMACHINELOGENTRY, client-F1DE9C258D1C, cid=40-writeStateMachineData
	at org.apache.ratis.util.IOUtils.getFromFuture(IOUtils.java:87)
	at org.apache.ratis.server.raftlog.segmented.SegmentedRaftLogWorker$StateMachineDataPolicy.getFromFuture(SegmentedRaftLogWorker.java:87)
	at org.apache.ratis.server.raftlog.segmented.SegmentedRaftLogWorker$WriteLog.execute(SegmentedRaftLogWorker.java:477)
	at org.apache.ratis.server.raftlog.segmented.SegmentedRaftLogWorker.run(SegmentedRaftLogWorker.java:289)
	at java.lang.Thread.run(Thread.java:748)
Caused by: java.util.concurrent.TimeoutException
	at java.util.concurrent.CompletableFuture.timedGet(CompletableFuture.java:1771)
	at java.util.concurrent.CompletableFuture.get(CompletableFuture.java:1915)
	at org.apache.ratis.util.IOUtils.getFromFuture(IOUtils.java:79)
	... 4 more
2019-09-19 12:10:19,836 [java.util.concurrent.ThreadPoolExecutor$Worker@5019c524[State = -1, empty queue]] WARN  server.GrpcLogAppender (GrpcLogAppender.java:timeoutAppendRequest(200)) - 1b83d917-1d73-4cac-8d1d-dc3b4981903d@group-7041D5508450->4736e737-07ca-4f6d-84d7-0ed6bd660367-GrpcLogAppender: appendEntries Timeout, request=1b83d917-1d73-4cac-8d1d-dc3b4981903d->4736e737-07ca-4f6d-84d7-0ed6bd660367#42-t6, previous=(t:6, i:20), leaderCommit=16, initializing? false, entries: <empty>
2019-09-19 12:10:19,836 [java.util.concurrent.ThreadPoolExecutor$Worker@4f8ba3d5[State = -1, empty queue]] WARN  server.GrpcLogAppender (GrpcLogAppender.java:timeoutAppendRequest(200)) - 1b83d917-1d73-4cac-8d1d-dc3b4981903d@group-7041D5508450->7c8a32d9-49ab-449b-8cc8-032a8828a8ac-GrpcLogAppender: appendEntries Timeout, request=1b83d917-1d73-4cac-8d1d-dc3b4981903d->7c8a32d9-49ab-449b-8cc8-032a8828a8ac#42-t6, previous=(t:6, i:20), leaderCommit=16, initializing? false, entries: <empty>
2019-09-19 12:10:20,337 [java.util.concurrent.ThreadPoolExecutor$Worker@5019c524[State = -1, empty queue]] WARN  server.GrpcLogAppender (GrpcLogAppender.java:timeoutAppendRequest(200)) - 1b83d917-1d73-4cac-8d1d-dc3b4981903d@group-7041D5508450->4736e737-07ca-4f6d-84d7-0ed6bd660367-GrpcLogAppender: appendEntries Timeout, request=1b83d917-1d73-4cac-8d1d-dc3b4981903d->4736e737-07ca-4f6d-84d7-0ed6bd660367#43-t6, previous=(t:6, i:20), leaderCommit=16, initializing? false, entries: <empty>
2019-09-19 12:10:20,337 [java.util.concurrent.ThreadPoolExecutor$Worker@4f8ba3d5[State = -1, empty queue]] WARN  server.GrpcLogAppender (GrpcLogAppender.java:timeoutAppendRequest(200)) - 1b83d917-1d73-4cac-8d1d-dc3b4981903d@group-7041D5508450->7c8a32d9-49ab-449b-8cc8-032a8828a8ac-GrpcLogAppender: appendEntries Timeout, request=1b83d917-1d73-4cac-8d1d-dc3b4981903d->7c8a32d9-49ab-449b-8cc8-032a8828a8ac#43-t6, previous=(t:6, i:20), leaderCommit=16, initializing? false, entries: <empty>
2019-09-19 12:10:20,837 [java.util.concurrent.ThreadPoolExecutor$Worker@5019c524[State = -1, empty queue]] WARN  server.GrpcLogAppender (GrpcLogAppender.java:timeoutAppendRequest(200)) - 1b83d917-1d73-4cac-8d1d-dc3b4981903d@group-7041D5508450->4736e737-07ca-4f6d-84d7-0ed6bd660367-GrpcLogAppender: appendEntries Timeout, request=1b83d917-1d73-4cac-8d1d-dc3b4981903d->4736e737-07ca-4f6d-84d7-0ed6bd660367#44-t6, previous=(t:6, i:20), leaderCommit=16, initializing? false, entries: <empty>
2019-09-19 12:10:20,837 [java.util.concurrent.ThreadPoolExecutor$Worker@4f8ba3d5[State = -1, empty queue]] WARN  server.GrpcLogAppender (GrpcLogAppender.java:timeoutAppendRequest(200)) - 1b83d917-1d73-4cac-8d1d-dc3b4981903d@group-7041D5508450->7c8a32d9-49ab-449b-8cc8-032a8828a8ac-GrpcLogAppender: appendEntries Timeout, request=1b83d917-1d73-4cac-8d1d-dc3b4981903d->7c8a32d9-49ab-449b-8cc8-032a8828a8ac#44-t6, previous=(t:6, i:20), leaderCommit=16, initializing? false, entries: <empty>
2019-09-19 12:10:21,337 [java.util.concurrent.ThreadPoolExecutor$Worker@4f8ba3d5[State = -1, empty queue]] WARN  server.GrpcLogAppender (GrpcLogAppender.java:timeoutAppendRequest(200)) - 1b83d917-1d73-4cac-8d1d-dc3b4981903d@group-7041D5508450->7c8a32d9-49ab-449b-8cc8-032a8828a8ac-GrpcLogAppender: appendEntries Timeout, request=1b83d917-1d73-4cac-8d1d-dc3b4981903d->7c8a32d9-49ab-449b-8cc8-032a8828a8ac#45-t6, previous=(t:6, i:20), leaderCommit=16, initializing? false, entries: <empty>
2019-09-19 12:10:21,337 [java.util.concurrent.ThreadPoolExecutor$Worker@5019c524[State = -1, empty queue]] WARN  server.GrpcLogAppender (GrpcLogAppender.java:timeoutAppendRequest(200)) - 1b83d917-1d73-4cac-8d1d-dc3b4981903d@group-7041D5508450->4736e737-07ca-4f6d-84d7-0ed6bd660367-GrpcLogAppender: appendEntries Timeout, request=1b83d917-1d73-4cac-8d1d-dc3b4981903d->4736e737-07ca-4f6d-84d7-0ed6bd660367#45-t6, previous=(t:6, i:20), leaderCommit=16, initializing? false, entries: <empty>
2019-09-19 12:10:21,841 [java.util.concurrent.ThreadPoolExecutor$Worker@4f8ba3d5[State = -1, empty queue]] WARN  server.GrpcLogAppender (GrpcLogAppender.java:timeoutAppendRequest(200)) - 1b83d917-1d73-4cac-8d1d-dc3b4981903d@group-7041D5508450->7c8a32d9-49ab-449b-8cc8-032a8828a8ac-GrpcLogAppender: appendEntries Timeout, request=1b83d917-1d73-4cac-8d1d-dc3b4981903d->7c8a32d9-49ab-449b-8cc8-032a8828a8ac#46-t6, previous=(t:6, i:20), leaderCommit=16, initializing? false, entries: <empty>
2019-09-19 12:10:21,841 [java.util.concurrent.ThreadPoolExecutor$Worker@5019c524[State = -1, empty queue]] WARN  server.GrpcLogAppender (GrpcLogAppender.java:timeoutAppendRequest(200)) - 1b83d917-1d73-4cac-8d1d-dc3b4981903d@group-7041D5508450->4736e737-07ca-4f6d-84d7-0ed6bd660367-GrpcLogAppender: appendEntries Timeout, request=1b83d917-1d73-4cac-8d1d-dc3b4981903d->4736e737-07ca-4f6d-84d7-0ed6bd660367#46-t6, previous=(t:6, i:20), leaderCommit=16, initializing? false, entries: <empty>
2019-09-19 12:10:22,341 [java.util.concurrent.ThreadPoolExecutor$Worker@5019c524[State = -1, empty queue]] WARN  server.GrpcLogAppender (GrpcLogAppender.java:timeoutAppendRequest(200)) - 1b83d917-1d73-4cac-8d1d-dc3b4981903d@group-7041D5508450->4736e737-07ca-4f6d-84d7-0ed6bd660367-GrpcLogAppender: appendEntries Timeout, request=1b83d917-1d73-4cac-8d1d-dc3b4981903d->4736e737-07ca-4f6d-84d7-0ed6bd660367#47-t6, previous=(t:6, i:20), leaderCommit=16, initializing? false, entries: <empty>
2019-09-19 12:10:22,341 [java.util.concurrent.ThreadPoolExecutor$Worker@4f8ba3d5[State = -1, empty queue]] WARN  server.GrpcLogAppender (GrpcLogAppender.java:timeoutAppendRequest(200)) - 1b83d917-1d73-4cac-8d1d-dc3b4981903d@group-7041D5508450->7c8a32d9-49ab-449b-8cc8-032a8828a8ac-GrpcLogAppender: appendEntries Timeout, request=1b83d917-1d73-4cac-8d1d-dc3b4981903d->7c8a32d9-49ab-449b-8cc8-032a8828a8ac#47-t6, previous=(t:6, i:20), leaderCommit=16, initializing? false, entries: <empty>
2019-09-19 12:10:22,844 [java.util.concurrent.ThreadPoolExecutor$Worker@4f8ba3d5[State = -1, empty queue]] WARN  server.GrpcLogAppender (GrpcLogAppender.java:timeoutAppendRequest(200)) - 1b83d917-1d73-4cac-8d1d-dc3b4981903d@group-7041D5508450->7c8a32d9-49ab-449b-8cc8-032a8828a8ac-GrpcLogAppender: appendEntries Timeout, request=1b83d917-1d73-4cac-8d1d-dc3b4981903d->7c8a32d9-49ab-449b-8cc8-032a8828a8ac#48-t6, previous=(t:6, i:20), leaderCommit=16, initializing? false, entries: <empty>
2019-09-19 12:10:22,844 [java.util.concurrent.ThreadPoolExecutor$Worker@5019c524[State = -1, empty queue]] WARN  server.GrpcLogAppender (GrpcLogAppender.java:timeoutAppendRequest(200)) - 1b83d917-1d73-4cac-8d1d-dc3b4981903d@group-7041D5508450->4736e737-07ca-4f6d-84d7-0ed6bd660367-GrpcLogAppender: appendEntries Timeout, request=1b83d917-1d73-4cac-8d1d-dc3b4981903d->4736e737-07ca-4f6d-84d7-0ed6bd660367#48-t6, previous=(t:6, i:20), leaderCommit=16, initializing? false, entries: <empty>
2019-09-19 12:10:23,345 [java.util.concurrent.ThreadPoolExecutor$Worker@5019c524[State = -1, empty queue]] WARN  server.GrpcLogAppender (GrpcLogAppender.java:timeoutAppendRequest(200)) - 1b83d917-1d73-4cac-8d1d-dc3b4981903d@group-7041D5508450->4736e737-07ca-4f6d-84d7-0ed6bd660367-GrpcLogAppender: appendEntries Timeout, request=1b83d917-1d73-4cac-8d1d-dc3b4981903d->4736e737-07ca-4f6d-84d7-0ed6bd660367#49-t6, previous=(t:6, i:20), leaderCommit=16, initializing? false, entries: <empty>
2019-09-19 12:10:23,345 [java.util.concurrent.ThreadPoolExecutor$Worker@4f8ba3d5[State = -1, empty queue]] WARN  server.GrpcLogAppender (GrpcLogAppender.java:timeoutAppendRequest(200)) - 1b83d917-1d73-4cac-8d1d-dc3b4981903d@group-7041D5508450->7c8a32d9-49ab-449b-8cc8-032a8828a8ac-GrpcLogAppender: appendEntries Timeout, request=1b83d917-1d73-4cac-8d1d-dc3b4981903d->7c8a32d9-49ab-449b-8cc8-032a8828a8ac#49-t6, previous=(t:6, i:20), leaderCommit=16, initializing? false, entries: <empty>
2019-09-19 12:10:23,491 [grpc-default-executor-4] INFO  client.GrpcClientProtocolClient (GrpcClientProtocolClient.java:onNext(264)) - client-F1DE9C258D1C->7c8a32d9-49ab-449b-8cc8-032a8828a8ac: receive RaftClientReply:client-F1DE9C258D1C->7c8a32d9-49ab-449b-8cc8-032a8828a8ac@group-7041D5508450, cid=38, FAILED org.apache.ratis.protocol.NotLeaderException: Server 7c8a32d9-49ab-449b-8cc8-032a8828a8ac@group-7041D5508450 is not the leader 1b83d917-1d73-4cac-8d1d-dc3b4981903d:192.168.157.252:34953, logIndex=0, commits[7c8a32d9-49ab-449b-8cc8-032a8828a8ac:c16, 1b83d917-1d73-4cac-8d1d-dc3b4981903d:c16, 4736e737-07ca-4f6d-84d7-0ed6bd660367:c12]
2019-09-19 12:10:23,848 [java.util.concurrent.ThreadPoolExecutor$Worker@5019c524[State = -1, empty queue]] WARN  server.GrpcLogAppender (GrpcLogAppender.java:timeoutAppendRequest(200)) - 1b83d917-1d73-4cac-8d1d-dc3b4981903d@group-7041D5508450->4736e737-07ca-4f6d-84d7-0ed6bd660367-GrpcLogAppender: appendEntries Timeout, request=1b83d917-1d73-4cac-8d1d-dc3b4981903d->4736e737-07ca-4f6d-84d7-0ed6bd660367#50-t6, previous=(t:6, i:20), leaderCommit=16, initializing? false, entries: <empty>
2019-09-19 12:10:23,848 [java.util.concurrent.ThreadPoolExecutor$Worker@4f8ba3d5[State = -1, empty queue]] WARN  server.GrpcLogAppender (GrpcLogAppender.java:timeoutAppendRequest(200)) - 1b83d917-1d73-4cac-8d1d-dc3b4981903d@group-7041D5508450->7c8a32d9-49ab-449b-8cc8-032a8828a8ac-GrpcLogAppender: appendEntries Timeout, request=1b83d917-1d73-4cac-8d1d-dc3b4981903d->7c8a32d9-49ab-449b-8cc8-032a8828a8ac#50-t6, previous=(t:6, i:20), leaderCommit=16, initializing? false, entries: <empty>
2019-09-19 12:10:24,348 [java.util.concurrent.ThreadPoolExecutor$Worker@4f8ba3d5[State = -1, empty queue]] WARN  server.GrpcLogAppender (GrpcLogAppender.java:timeoutAppendRequest(200)) - 1b83d917-1d73-4cac-8d1d-dc3b4981903d@group-7041D5508450->7c8a32d9-49ab-449b-8cc8-032a8828a8ac-GrpcLogAppender: appendEntries Timeout, request=1b83d917-1d73-4cac-8d1d-dc3b4981903d->7c8a32d9-49ab-449b-8cc8-032a8828a8ac#51-t6, previous=(t:6, i:20), leaderCommit=16, initializing? false, entries: <empty>
2019-09-19 12:10:24,348 [java.util.concurrent.ThreadPoolExecutor$Worker@5019c524[State = -1, empty queue]] WARN  server.GrpcLogAppender (GrpcLogAppender.java:timeoutAppendRequest(200)) - 1b83d917-1d73-4cac-8d1d-dc3b4981903d@group-7041D5508450->4736e737-07ca-4f6d-84d7-0ed6bd660367-GrpcLogAppender: appendEntries Timeout, request=1b83d917-1d73-4cac-8d1d-dc3b4981903d->4736e737-07ca-4f6d-84d7-0ed6bd660367#51-t6, previous=(t:6, i:20), leaderCommit=16, initializing? false, entries: <empty>
2019-09-19 12:10:24,848 [java.util.concurrent.ThreadPoolExecutor$Worker@4f8ba3d5[State = -1, empty queue]] WARN  server.GrpcLogAppender (GrpcLogAppender.java:timeoutAppendRequest(200)) - 1b83d917-1d73-4cac-8d1d-dc3b4981903d@group-7041D5508450->7c8a32d9-49ab-449b-8cc8-032a8828a8ac-GrpcLogAppender: appendEntries Timeout, request=1b83d917-1d73-4cac-8d1d-dc3b4981903d->7c8a32d9-49ab-449b-8cc8-032a8828a8ac#52-t6, previous=(t:6, i:20), leaderCommit=16, initializing? false, entries: <empty>
2019-09-19 12:10:24,848 [java.util.concurrent.ThreadPoolExecutor$Worker@5019c524[State = -1, empty queue]] WARN  server.GrpcLogAppender (GrpcLogAppender.java:timeoutAppendRequest(200)) - 1b83d917-1d73-4cac-8d1d-dc3b4981903d@group-7041D5508450->4736e737-07ca-4f6d-84d7-0ed6bd660367-GrpcLogAppender: appendEntries Timeout, request=1b83d917-1d73-4cac-8d1d-dc3b4981903d->4736e737-07ca-4f6d-84d7-0ed6bd660367#52-t6, previous=(t:6, i:20), leaderCommit=16, initializing? false, entries: <empty>
2019-09-19 12:10:25,349 [java.util.concurrent.ThreadPoolExecutor$Worker@5019c524[State = -1, empty queue]] WARN  server.GrpcLogAppender (GrpcLogAppender.java:timeoutAppendRequest(200)) - 1b83d917-1d73-4cac-8d1d-dc3b4981903d@group-7041D5508450->4736e737-07ca-4f6d-84d7-0ed6bd660367-GrpcLogAppender: appendEntries Timeout, request=1b83d917-1d73-4cac-8d1d-dc3b4981903d->4736e737-07ca-4f6d-84d7-0ed6bd660367#53-t6, previous=(t:6, i:20), leaderCommit=16, initializing? false, entries: <empty>
2019-09-19 12:10:25,349 [java.util.concurrent.ThreadPoolExecutor$Worker@4f8ba3d5[State = -1, empty queue]] WARN  server.GrpcLogAppender (GrpcLogAppender.java:timeoutAppendRequest(200)) - 1b83d917-1d73-4cac-8d1d-dc3b4981903d@group-7041D5508450->7c8a32d9-49ab-449b-8cc8-032a8828a8ac-GrpcLogAppender: appendEntries Timeout, request=1b83d917-1d73-4cac-8d1d-dc3b4981903d->7c8a32d9-49ab-449b-8cc8-032a8828a8ac#53-t6, previous=(t:6, i:20), leaderCommit=16, initializing? false, entries: <empty>
2019-09-19 12:10:25,849 [java.util.concurrent.ThreadPoolExecutor$Worker@5019c524[State = -1, empty queue]] WARN  server.GrpcLogAppender (GrpcLogAppender.java:timeoutAppendRequest(200)) - 1b83d917-1d73-4cac-8d1d-dc3b4981903d@group-7041D5508450->4736e737-07ca-4f6d-84d7-0ed6bd660367-GrpcLogAppender: appendEntries Timeout, request=1b83d917-1d73-4cac-8d1d-dc3b4981903d->4736e737-07ca-4f6d-84d7-0ed6bd660367#54-t6, previous=(t:6, i:20), leaderCommit=16, initializing? false, entries: <empty>
2019-09-19 12:10:25,849 [java.util.concurrent.ThreadPoolExecutor$Worker@4f8ba3d5[State = -1, empty queue]] WARN  server.GrpcLogAppender (GrpcLogAppender.java:timeoutAppendRequest(200)) - 1b83d917-1d73-4cac-8d1d-dc3b4981903d@group-7041D5508450->7c8a32d9-49ab-449b-8cc8-032a8828a8ac-GrpcLogAppender: appendEntries Timeout, request=1b83d917-1d73-4cac-8d1d-dc3b4981903d->7c8a32d9-49ab-449b-8cc8-032a8828a8ac#54-t6, previous=(t:6, i:20), leaderCommit=16, initializing? false, entries: <empty>
2019-09-19 12:10:26,350 [java.util.concurrent.ThreadPoolExecutor$Worker@5019c524[State = -1, empty queue]] WARN  server.GrpcLogAppender (GrpcLogAppender.java:timeoutAppendRequest(200)) - 1b83d917-1d73-4cac-8d1d-dc3b4981903d@group-7041D5508450->4736e737-07ca-4f6d-84d7-0ed6bd660367-GrpcLogAppender: appendEntries Timeout, request=1b83d917-1d73-4cac-8d1d-dc3b4981903d->4736e737-07ca-4f6d-84d7-0ed6bd660367#55-t6, previous=(t:6, i:20), leaderCommit=16, initializing? false, entries: <empty>
2019-09-19 12:10:26,350 [java.util.concurrent.ThreadPoolExecutor$Worker@4f8ba3d5[State = -1, empty queue]] WARN  server.GrpcLogAppender (GrpcLogAppender.java:timeoutAppendRequest(200)) - 1b83d917-1d73-4cac-8d1d-dc3b4981903d@group-7041D5508450->7c8a32d9-49ab-449b-8cc8-032a8828a8ac-GrpcLogAppender: appendEntries Timeout, request=1b83d917-1d73-4cac-8d1d-dc3b4981903d->7c8a32d9-49ab-449b-8cc8-032a8828a8ac#55-t6, previous=(t:6, i:20), leaderCommit=16, initializing? false, entries: <empty>
2019-09-19 12:10:26,523 [main] WARN  io.KeyOutputStream (KeyOutputStream.java:handleException(276)) - Encountered exception java.io.IOException: Unexpected Storage Container Exception: java.util.concurrent.CompletionException: java.util.concurrent.CompletionException: org.apache.ratis.protocol.RaftRetryFailureException: Failed RaftClientRequest:client-F1DE9C258D1C->1b83d917-1d73-4cac-8d1d-dc3b4981903d@group-7041D5508450, cid=38, seq=9*, RW, org.apache.hadoop.hdds.scm.XceiverClientRatis$$Lambda$403/1583001542@6248906d for 10 attempts with RetryLimited(maxAttempts=10, sleepTime=1000ms) on the pipeline Pipeline[ Id: 293346ac-77ad-4ab0-9118-7041d5508450, Nodes: 1b83d917-1d73-4cac-8d1d-dc3b4981903d{ip: 192.168.157.252, host: pr-hdds-2153-8htts-3549596055, networkLocation: /default-rack, certSerialId: null}7c8a32d9-49ab-449b-8cc8-032a8828a8ac{ip: 192.168.157.252, host: pr-hdds-2153-8htts-3549596055, networkLocation: /default-rack, certSerialId: null}4736e737-07ca-4f6d-84d7-0ed6bd660367{ip: 192.168.157.252, host: pr-hdds-2153-8htts-3549596055, networkLocation: /default-rack, certSerialId: null}, Type:RATIS, Factor:THREE, State:OPEN]. The last committed block length is 0, uncommitted data length is 2097152 retry count 0
2019-09-19 12:10:26,568 [grpc-default-executor-8] INFO  client.GrpcClientProtocolClient (GrpcClientProtocolClient.java:onNext(264)) - client-57877EF1F934->9ff75243-8f90-489e-ad4c-fbb8c473db2a: receive RaftClientReply:client-57877EF1F934->9ff75243-8f90-489e-ad4c-fbb8c473db2a@group-82AF4051E50B, cid=42, FAILED org.apache.ratis.protocol.NotLeaderException: Server 9ff75243-8f90-489e-ad4c-fbb8c473db2a@group-82AF4051E50B is not the leader a409f42d-bc3a-405f-bf07-8265a8a77aff:192.168.157.252:38022, logIndex=0, commits[9ff75243-8f90-489e-ad4c-fbb8c473db2a:c0, 587dad1b-1a08-4278-9ac1-e315232e0934:c0, a409f42d-bc3a-405f-bf07-8265a8a77aff:c0]
2019-09-19 12:10:26,852 [java.util.concurrent.ThreadPoolExecutor$Worker@5019c524[State = -1, empty queue]] WARN  server.GrpcLogAppender (GrpcLogAppender.java:timeoutAppendRequest(200)) - 1b83d917-1d73-4cac-8d1d-dc3b4981903d@group-7041D5508450->4736e737-07ca-4f6d-84d7-0ed6bd660367-GrpcLogAppender: appendEntries Timeout, request=1b83d917-1d73-4cac-8d1d-dc3b4981903d->4736e737-07ca-4f6d-84d7-0ed6bd660367#56-t6, previous=(t:6, i:20), leaderCommit=16, initializing? false, entries: <empty>
2019-09-19 12:10:26,852 [java.util.concurrent.ThreadPoolExecutor$Worker@4f8ba3d5[State = -1, empty queue]] WARN  server.GrpcLogAppender (GrpcLogAppender.java:timeoutAppendRequest(200)) - 1b83d917-1d73-4cac-8d1d-dc3b4981903d@group-7041D5508450->7c8a32d9-49ab-449b-8cc8-032a8828a8ac-GrpcLogAppender: appendEntries Timeout, request=1b83d917-1d73-4cac-8d1d-dc3b4981903d->7c8a32d9-49ab-449b-8cc8-032a8828a8ac#56-t6, previous=(t:6, i:20), leaderCommit=16, initializing? false, entries: <empty>
2019-09-19 12:10:27,353 [java.util.concurrent.ThreadPoolExecutor$Worker@5019c524[State = -1, empty queue]] WARN  server.GrpcLogAppender (GrpcLogAppender.java:timeoutAppendRequest(200)) - 1b83d917-1d73-4cac-8d1d-dc3b4981903d@group-7041D5508450->4736e737-07ca-4f6d-84d7-0ed6bd660367-GrpcLogAppender: appendEntries Timeout, request=1b83d917-1d73-4cac-8d1d-dc3b4981903d->4736e737-07ca-4f6d-84d7-0ed6bd660367#57-t6, previous=(t:6, i:20), leaderCommit=16, initializing? false, entries: <empty>
2019-09-19 12:10:27,353 [java.util.concurrent.ThreadPoolExecutor$Worker@4f8ba3d5[State = -1, empty queue]] WARN  server.GrpcLogAppender (GrpcLogAppender.java:timeoutAppendRequest(200)) - 1b83d917-1d73-4cac-8d1d-dc3b4981903d@group-7041D5508450->7c8a32d9-49ab-449b-8cc8-032a8828a8ac-GrpcLogAppender: appendEntries Timeout, request=1b83d917-1d73-4cac-8d1d-dc3b4981903d->7c8a32d9-49ab-449b-8cc8-032a8828a8ac#57-t6, previous=(t:6, i:20), leaderCommit=16, initializing? false, entries: <empty>
2019-09-19 12:10:27,864 [java.util.concurrent.ThreadPoolExecutor$Worker@4f8ba3d5[State = -1, empty queue]] WARN  server.GrpcLogAppender (GrpcLogAppender.java:timeoutAppendRequest(200)) - 1b83d917-1d73-4cac-8d1d-dc3b4981903d@group-7041D5508450->7c8a32d9-49ab-449b-8cc8-032a8828a8ac-GrpcLogAppender: appendEntries Timeout, request=1b83d917-1d73-4cac-8d1d-dc3b4981903d->7c8a32d9-49ab-449b-8cc8-032a8828a8ac#58-t6, previous=(t:6, i:20), leaderCommit=16, initializing? false, entries: <empty>
2019-09-19 12:10:27,864 [java.util.concurrent.ThreadPoolExecutor$Worker@5019c524[State = -1, empty queue]] WARN  server.GrpcLogAppender (GrpcLogAppender.java:timeoutAppendRequest(200)) - 1b83d917-1d73-4cac-8d1d-dc3b4981903d@group-7041D5508450->4736e737-07ca-4f6d-84d7-0ed6bd660367-GrpcLogAppender: appendEntries Timeout, request=1b83d917-1d73-4cac-8d1d-dc3b4981903d->4736e737-07ca-4f6d-84d7-0ed6bd660367#58-t6, previous=(t:6, i:20), leaderCommit=16, initializing? false, entries: <empty>
2019-09-19 12:10:28,034 [grpc-default-executor-8] INFO  client.GrpcClientProtocolClient (GrpcClientProtocolClient.java:onNext(264)) - client-57877EF1F934->a409f42d-bc3a-405f-bf07-8265a8a77aff: receive RaftClientReply:client-57877EF1F934->a409f42d-bc3a-405f-bf07-8265a8a77aff@group-82AF4051E50B, cid=42, SUCCESS, logIndex=1, commits[a409f42d-bc3a-405f-bf07-8265a8a77aff:c1, 9ff75243-8f90-489e-ad4c-fbb8c473db2a:c0, 587dad1b-1a08-4278-9ac1-e315232e0934:c0]
2019-09-19 12:10:28,312 [4736e737-07ca-4f6d-84d7-0ed6bd660367@group-7041D5508450-SegmentedRaftLogWorker] WARN  segmented.SegmentedRaftLogWorker (SegmentedRaftLogWorker.java:getFromFuture(90)) - Timeout 1/~
org.apache.ratis.protocol.TimeoutIOException: Timeout 10s: WriteLog:17: (t:6, i:17), STATEMACHINELOGENTRY, client-F1DE9C258D1C, cid=38-writeStateMachineData
	at org.apache.ratis.util.IOUtils.getFromFuture(IOUtils.java:87)
	at org.apache.ratis.server.raftlog.segmented.SegmentedRaftLogWorker$StateMachineDataPolicy.getFromFuture(SegmentedRaftLogWorker.java:87)
	at org.apache.ratis.server.raftlog.segmented.SegmentedRaftLogWorker$WriteLog.execute(SegmentedRaftLogWorker.java:477)
	at org.apache.ratis.server.raftlog.segmented.SegmentedRaftLogWorker.run(SegmentedRaftLogWorker.java:289)
	at java.lang.Thread.run(Thread.java:748)
Caused by: java.util.concurrent.TimeoutException
	at java.util.concurrent.CompletableFuture.timedGet(CompletableFuture.java:1771)
	at java.util.concurrent.CompletableFuture.get(CompletableFuture.java:1915)
	at org.apache.ratis.util.IOUtils.getFromFuture(IOUtils.java:79)
	... 4 more
2019-09-19 12:10:28,313 [7c8a32d9-49ab-449b-8cc8-032a8828a8ac@group-7041D5508450-SegmentedRaftLogWorker] WARN  segmented.SegmentedRaftLogWorker (SegmentedRaftLogWorker.java:getFromFuture(90)) - Timeout 1/~
org.apache.ratis.protocol.TimeoutIOException: Timeout 10s: WriteLog:17: (t:6, i:17), STATEMACHINELOGENTRY, client-F1DE9C258D1C, cid=38-writeStateMachineData
	at org.apache.ratis.util.IOUtils.getFromFuture(IOUtils.java:87)
	at org.apache.ratis.server.raftlog.segmented.SegmentedRaftLogWorker$StateMachineDataPolicy.getFromFuture(SegmentedRaftLogWorker.java:87)
	at org.apache.ratis.server.raftlog.segmented.SegmentedRaftLogWorker$WriteLog.execute(SegmentedRaftLogWorker.java:477)
	at org.apache.ratis.server.raftlog.segmented.SegmentedRaftLogWorker.run(SegmentedRaftLogWorker.java:289)
	at java.lang.Thread.run(Thread.java:748)
Caused by: java.util.concurrent.TimeoutException
	at java.util.concurrent.CompletableFuture.timedGet(CompletableFuture.java:1771)
	at java.util.concurrent.CompletableFuture.get(CompletableFuture.java:1915)
	at org.apache.ratis.util.IOUtils.getFromFuture(IOUtils.java:79)
	... 4 more
2019-09-19 12:10:28,362 [java.util.concurrent.ThreadPoolExecutor$Worker@5019c524[State = -1, empty queue]] WARN  server.GrpcLogAppender (GrpcLogAppender.java:timeoutAppendRequest(200)) - 1b83d917-1d73-4cac-8d1d-dc3b4981903d@group-7041D5508450->4736e737-07ca-4f6d-84d7-0ed6bd660367-GrpcLogAppender: appendEntries Timeout, request=1b83d917-1d73-4cac-8d1d-dc3b4981903d->4736e737-07ca-4f6d-84d7-0ed6bd660367#59-t6, previous=(t:6, i:20), leaderCommit=16, initializing? false, entries: <empty>
2019-09-19 12:10:28,362 [java.util.concurrent.ThreadPoolExecutor$Worker@4f8ba3d5[State = -1, empty queue]] WARN  server.GrpcLogAppender (GrpcLogAppender.java:timeoutAppendRequest(200)) - 1b83d917-1d73-4cac-8d1d-dc3b4981903d@group-7041D5508450->7c8a32d9-49ab-449b-8cc8-032a8828a8ac-GrpcLogAppender: appendEntries Timeout, request=1b83d917-1d73-4cac-8d1d-dc3b4981903d->7c8a32d9-49ab-449b-8cc8-032a8828a8ac#59-t6, previous=(t:6, i:20), leaderCommit=16, initializing? false, entries: <empty>
2019-09-19 12:10:28,511 [grpc-default-executor-9] INFO  client.GrpcClientProtocolClient (GrpcClientProtocolClient.java:onNext(264)) - client-57877EF1F934->a409f42d-bc3a-405f-bf07-8265a8a77aff: receive RaftClientReply:client-57877EF1F934->a409f42d-bc3a-405f-bf07-8265a8a77aff@group-82AF4051E50B, cid=43, SUCCESS, logIndex=3, commits[a409f42d-bc3a-405f-bf07-8265a8a77aff:c7, 9ff75243-8f90-489e-ad4c-fbb8c473db2a:c6, 587dad1b-1a08-4278-9ac1-e315232e0934:c6]
2019-09-19 12:10:28,512 [grpc-default-executor-9] INFO  client.GrpcClientProtocolClient (GrpcClientProtocolClient.java:onNext(264)) - client-57877EF1F934->a409f42d-bc3a-405f-bf07-8265a8a77aff: receive RaftClientReply:client-57877EF1F934->a409f42d-bc3a-405f-bf07-8265a8a77aff@group-82AF4051E50B, cid=44, SUCCESS, logIndex=4, commits[a409f42d-bc3a-405f-bf07-8265a8a77aff:c7, 9ff75243-8f90-489e-ad4c-fbb8c473db2a:c6, 587dad1b-1a08-4278-9ac1-e315232e0934:c6]
2019-09-19 12:10:28,868 [java.util.concurrent.ThreadPoolExecutor$Worker@4f8ba3d5[State = -1, empty queue]] WARN  server.GrpcLogAppender (GrpcLogAppender.java:timeoutAppendRequest(200)) - 1b83d917-1d73-4cac-8d1d-dc3b4981903d@group-7041D5508450->7c8a32d9-49ab-449b-8cc8-032a8828a8ac-GrpcLogAppender: appendEntries Timeout, request=1b83d917-1d73-4cac-8d1d-dc3b4981903d->7c8a32d9-49ab-449b-8cc8-032a8828a8ac#60-t6, previous=(t:6, i:20), leaderCommit=16, initializing? false, entries: <empty>
2019-09-19 12:10:28,868 [java.util.concurrent.ThreadPoolExecutor$Worker@5019c524[State = -1, empty queue]] WARN  server.GrpcLogAppender (GrpcLogAppender.java:timeoutAppendRequest(200)) - 1b83d917-1d73-4cac-8d1d-dc3b4981903d@group-7041D5508450->4736e737-07ca-4f6d-84d7-0ed6bd660367-GrpcLogAppender: appendEntries Timeout, request=1b83d917-1d73-4cac-8d1d-dc3b4981903d->4736e737-07ca-4f6d-84d7-0ed6bd660367#60-t6, previous=(t:6, i:20), leaderCommit=16, initializing? false, entries: <empty>
2019-09-19 12:10:29,282 [grpc-default-executor-9] INFO  client.GrpcClientProtocolClient (GrpcClientProtocolClient.java:onNext(264)) - client-57877EF1F934->a409f42d-bc3a-405f-bf07-8265a8a77aff: receive RaftClientReply:client-57877EF1F934->a409f42d-bc3a-405f-bf07-8265a8a77aff@group-82AF4051E50B, cid=45, SUCCESS, logIndex=5, commits[a409f42d-bc3a-405f-bf07-8265a8a77aff:c7, 9ff75243-8f90-489e-ad4c-fbb8c473db2a:c7, 587dad1b-1a08-4278-9ac1-e315232e0934:c7]
2019-09-19 12:10:29,368 [1b83d917-1d73-4cac-8d1d-dc3b4981903d@group-7041D5508450-SegmentedRaftLogWorker] WARN  segmented.SegmentedRaftLogWorker (SegmentedRaftLogWorker.java:getFromFuture(90)) - Timeout 1/~
org.apache.ratis.protocol.TimeoutIOException: Timeout 10s: WriteLog:19: (t:6, i:19), STATEMACHINELOGENTRY, client-F1DE9C258D1C, cid=40-writeStateMachineData
	at org.apache.ratis.util.IOUtils.getFromFuture(IOUtils.java:87)
	at org.apache.ratis.server.raftlog.segmented.SegmentedRaftLogWorker$StateMachineDataPolicy.getFromFuture(SegmentedRaftLogWorker.java:87)
	at org.apache.ratis.server.raftlog.segmented.SegmentedRaftLogWorker$WriteLog.execute(SegmentedRaftLogWorker.java:477)
	at org.apache.ratis.server.raftlog.segmented.SegmentedRaftLogWorker.run(SegmentedRaftLogWorker.java:289)
	at java.lang.Thread.run(Thread.java:748)
Caused by: java.util.concurrent.TimeoutException
	at java.util.concurrent.CompletableFuture.timedGet(CompletableFuture.java:1771)
	at java.util.concurrent.CompletableFuture.get(CompletableFuture.java:1915)
	at org.apache.ratis.util.IOUtils.getFromFuture(IOUtils.java:79)
	... 4 more
2019-09-19 12:10:29,368 [java.util.concurrent.ThreadPoolExecutor$Worker@5019c524[State = -1, empty queue]] WARN  server.GrpcLogAppender (GrpcLogAppender.java:timeoutAppendRequest(200)) - 1b83d917-1d73-4cac-8d1d-dc3b4981903d@group-7041D5508450->4736e737-07ca-4f6d-84d7-0ed6bd660367-GrpcLogAppender: appendEntries Timeout, request=1b83d917-1d73-4cac-8d1d-dc3b4981903d->4736e737-07ca-4f6d-84d7-0ed6bd660367#61-t6, previous=(t:6, i:20), leaderCommit=16, initializing? false, entries: <empty>
2019-09-19 12:10:29,368 [java.util.concurrent.ThreadPoolExecutor$Worker@4f8ba3d5[State = -1, empty queue]] WARN  server.GrpcLogAppender (GrpcLogAppender.java:timeoutAppendRequest(200)) - 1b83d917-1d73-4cac-8d1d-dc3b4981903d@group-7041D5508450->7c8a32d9-49ab-449b-8cc8-032a8828a8ac-GrpcLogAppender: appendEntries Timeout, request=1b83d917-1d73-4cac-8d1d-dc3b4981903d->7c8a32d9-49ab-449b-8cc8-032a8828a8ac#61-t6, previous=(t:6, i:20), leaderCommit=16, initializing? false, entries: <empty>
2019-09-19 12:10:29,867 [Datanode State Machine Thread - 0] INFO  statemachine.DatanodeStateMachine (DatanodeStateMachine.java:lambda$startDaemon$0(350)) - Ozone container server started.
2019-09-19 12:10:29,868 [java.util.concurrent.ThreadPoolExecutor$Worker@5019c524[State = -1, empty queue]] WARN  server.GrpcLogAppender (GrpcLogAppender.java:timeoutAppendRequest(200)) - 1b83d917-1d73-4cac-8d1d-dc3b4981903d@group-7041D5508450->4736e737-07ca-4f6d-84d7-0ed6bd660367-GrpcLogAppender: appendEntries Timeout, request=1b83d917-1d73-4cac-8d1d-dc3b4981903d->4736e737-07ca-4f6d-84d7-0ed6bd660367#62-t6, previous=(t:6, i:20), leaderCommit=16, initializing? false, entries: <empty>
2019-09-19 12:10:29,868 [java.util.concurrent.ThreadPoolExecutor$Worker@4f8ba3d5[State = -1, empty queue]] WARN  server.GrpcLogAppender (GrpcLogAppender.java:timeoutAppendRequest(200)) - 1b83d917-1d73-4cac-8d1d-dc3b4981903d@group-7041D5508450->7c8a32d9-49ab-449b-8cc8-032a8828a8ac-GrpcLogAppender: appendEntries Timeout, request=1b83d917-1d73-4cac-8d1d-dc3b4981903d->7c8a32d9-49ab-449b-8cc8-032a8828a8ac#62-t6, previous=(t:6, i:20), leaderCommit=16, initializing? false, entries: <empty>
2019-09-19 12:10:30,369 [java.util.concurrent.ThreadPoolExecutor$Worker@5019c524[State = -1, empty queue]] WARN  server.GrpcLogAppender (GrpcLogAppender.java:timeoutAppendRequest(200)) - 1b83d917-1d73-4cac-8d1d-dc3b4981903d@group-7041D5508450->4736e737-07ca-4f6d-84d7-0ed6bd660367-GrpcLogAppender: appendEntries Timeout, request=1b83d917-1d73-4cac-8d1d-dc3b4981903d->4736e737-07ca-4f6d-84d7-0ed6bd660367#63-t6, previous=(t:6, i:20), leaderCommit=16, initializing? false, entries: <empty>
2019-09-19 12:10:30,369 [java.util.concurrent.ThreadPoolExecutor$Worker@4f8ba3d5[State = -1, empty queue]] WARN  server.GrpcLogAppender (GrpcLogAppender.java:timeoutAppendRequest(200)) - 1b83d917-1d73-4cac-8d1d-dc3b4981903d@group-7041D5508450->7c8a32d9-49ab-449b-8cc8-032a8828a8ac-GrpcLogAppender: appendEntries Timeout, request=1b83d917-1d73-4cac-8d1d-dc3b4981903d->7c8a32d9-49ab-449b-8cc8-032a8828a8ac#63-t6, previous=(t:6, i:20), leaderCommit=16, initializing? false, entries: <empty>
2019-09-19 12:10:30,869 [java.util.concurrent.ThreadPoolExecutor$Worker@5019c524[State = -1, empty queue]] WARN  server.GrpcLogAppender (GrpcLogAppender.java:timeoutAppendRequest(200)) - 1b83d917-1d73-4cac-8d1d-dc3b4981903d@group-7041D5508450->4736e737-07ca-4f6d-84d7-0ed6bd660367-GrpcLogAppender: appendEntries Timeout, request=1b83d917-1d73-4cac-8d1d-dc3b4981903d->4736e737-07ca-4f6d-84d7-0ed6bd660367#64-t6, previous=(t:6, i:20), leaderCommit=16, initializing? false, entries: <empty>
2019-09-19 12:10:30,869 [java.util.concurrent.ThreadPoolExecutor$Worker@4f8ba3d5[State = -1, empty queue]] WARN  server.GrpcLogAppender (GrpcLogAppender.java:timeoutAppendRequest(200)) - 1b83d917-1d73-4cac-8d1d-dc3b4981903d@group-7041D5508450->7c8a32d9-49ab-449b-8cc8-032a8828a8ac-GrpcLogAppender: appendEntries Timeout, request=1b83d917-1d73-4cac-8d1d-dc3b4981903d->7c8a32d9-49ab-449b-8cc8-032a8828a8ac#64-t6, previous=(t:6, i:20), leaderCommit=16, initializing? false, entries: <empty>
2019-09-19 12:10:31,369 [java.util.concurrent.ThreadPoolExecutor$Worker@4f8ba3d5[State = -1, empty queue]] WARN  server.GrpcLogAppender (GrpcLogAppender.java:timeoutAppendRequest(200)) - 1b83d917-1d73-4cac-8d1d-dc3b4981903d@group-7041D5508450->7c8a32d9-49ab-449b-8cc8-032a8828a8ac-GrpcLogAppender: appendEntries Timeout, request=1b83d917-1d73-4cac-8d1d-dc3b4981903d->7c8a32d9-49ab-449b-8cc8-032a8828a8ac#65-t6, previous=(t:6, i:20), leaderCommit=16, initializing? false, entries: <empty>
2019-09-19 12:10:31,369 [java.util.concurrent.ThreadPoolExecutor$Worker@5019c524[State = -1, empty queue]] WARN  server.GrpcLogAppender (GrpcLogAppender.java:timeoutAppendRequest(200)) - 1b83d917-1d73-4cac-8d1d-dc3b4981903d@group-7041D5508450->4736e737-07ca-4f6d-84d7-0ed6bd660367-GrpcLogAppender: appendEntries Timeout, request=1b83d917-1d73-4cac-8d1d-dc3b4981903d->4736e737-07ca-4f6d-84d7-0ed6bd660367#65-t6, previous=(t:6, i:20), leaderCommit=16, initializing? false, entries: <empty>
2019-09-19 12:10:31,869 [java.util.concurrent.ThreadPoolExecutor$Worker@5019c524[State = -1, empty queue]] WARN  server.GrpcLogAppender (GrpcLogAppender.java:timeoutAppendRequest(200)) - 1b83d917-1d73-4cac-8d1d-dc3b4981903d@group-7041D5508450->4736e737-07ca-4f6d-84d7-0ed6bd660367-GrpcLogAppender: appendEntries Timeout, request=1b83d917-1d73-4cac-8d1d-dc3b4981903d->4736e737-07ca-4f6d-84d7-0ed6bd660367#66-t6, previous=(t:6, i:20), leaderCommit=16, initializing? false, entries: <empty>
2019-09-19 12:10:31,869 [java.util.concurrent.ThreadPoolExecutor$Worker@4f8ba3d5[State = -1, empty queue]] WARN  server.GrpcLogAppender (GrpcLogAppender.java:timeoutAppendRequest(200)) - 1b83d917-1d73-4cac-8d1d-dc3b4981903d@group-7041D5508450->7c8a32d9-49ab-449b-8cc8-032a8828a8ac-GrpcLogAppender: appendEntries Timeout, request=1b83d917-1d73-4cac-8d1d-dc3b4981903d->7c8a32d9-49ab-449b-8cc8-032a8828a8ac#66-t6, previous=(t:6, i:20), leaderCommit=16, initializing? false, entries: <empty>
2019-09-19 12:10:32,370 [java.util.concurrent.ThreadPoolExecutor$Worker@4f8ba3d5[State = -1, empty queue]] WARN  server.GrpcLogAppender (GrpcLogAppender.java:timeoutAppendRequest(200)) - 1b83d917-1d73-4cac-8d1d-dc3b4981903d@group-7041D5508450->7c8a32d9-49ab-449b-8cc8-032a8828a8ac-GrpcLogAppender: appendEntries Timeout, request=1b83d917-1d73-4cac-8d1d-dc3b4981903d->7c8a32d9-49ab-449b-8cc8-032a8828a8ac#67-t6, previous=(t:6, i:20), leaderCommit=16, initializing? false, entries: <empty>
2019-09-19 12:10:32,370 [java.util.concurrent.ThreadPoolExecutor$Worker@5019c524[State = -1, empty queue]] WARN  server.GrpcLogAppender (GrpcLogAppender.java:timeoutAppendRequest(200)) - 1b83d917-1d73-4cac-8d1d-dc3b4981903d@group-7041D5508450->4736e737-07ca-4f6d-84d7-0ed6bd660367-GrpcLogAppender: appendEntries Timeout, request=1b83d917-1d73-4cac-8d1d-dc3b4981903d->4736e737-07ca-4f6d-84d7-0ed6bd660367#67-t6, previous=(t:6, i:20), leaderCommit=16, initializing? false, entries: <empty>
2019-09-19 12:10:32,870 [java.util.concurrent.ThreadPoolExecutor$Worker@4f8ba3d5[State = -1, empty queue]] WARN  server.GrpcLogAppender (GrpcLogAppender.java:timeoutAppendRequest(200)) - 1b83d917-1d73-4cac-8d1d-dc3b4981903d@group-7041D5508450->7c8a32d9-49ab-449b-8cc8-032a8828a8ac-GrpcLogAppender: appendEntries Timeout, request=1b83d917-1d73-4cac-8d1d-dc3b4981903d->7c8a32d9-49ab-449b-8cc8-032a8828a8ac#68-t6, previous=(t:6, i:20), leaderCommit=16, initializing? false, entries: <empty>
2019-09-19 12:10:32,870 [java.util.concurrent.ThreadPoolExecutor$Worker@5019c524[State = -1, empty queue]] WARN  server.GrpcLogAppender (GrpcLogAppender.java:timeoutAppendRequest(200)) - 1b83d917-1d73-4cac-8d1d-dc3b4981903d@group-7041D5508450->4736e737-07ca-4f6d-84d7-0ed6bd660367-GrpcLogAppender: appendEntries Timeout, request=1b83d917-1d73-4cac-8d1d-dc3b4981903d->4736e737-07ca-4f6d-84d7-0ed6bd660367#68-t6, previous=(t:6, i:20), leaderCommit=16, initializing? false, entries: <empty>
2019-09-19 12:10:33,370 [java.util.concurrent.ThreadPoolExecutor$Worker@4f8ba3d5[State = -1, empty queue]] WARN  server.GrpcLogAppender (GrpcLogAppender.java:timeoutAppendRequest(200)) - 1b83d917-1d73-4cac-8d1d-dc3b4981903d@group-7041D5508450->7c8a32d9-49ab-449b-8cc8-032a8828a8ac-GrpcLogAppender: appendEntries Timeout, request=1b83d917-1d73-4cac-8d1d-dc3b4981903d->7c8a32d9-49ab-449b-8cc8-032a8828a8ac#69-t6, previous=(t:6, i:20), leaderCommit=16, initializing? false, entries: <empty>
2019-09-19 12:10:33,370 [java.util.concurrent.ThreadPoolExecutor$Worker@5019c524[State = -1, empty queue]] WARN  server.GrpcLogAppender (GrpcLogAppender.java:timeoutAppendRequest(200)) - 1b83d917-1d73-4cac-8d1d-dc3b4981903d@group-7041D5508450->4736e737-07ca-4f6d-84d7-0ed6bd660367-GrpcLogAppender: appendEntries Timeout, request=1b83d917-1d73-4cac-8d1d-dc3b4981903d->4736e737-07ca-4f6d-84d7-0ed6bd660367#69-t6, previous=(t:6, i:20), leaderCommit=16, initializing? false, entries: <empty>
2019-09-19 12:10:33,870 [java.util.concurrent.ThreadPoolExecutor$Worker@5019c524[State = -1, empty queue]] WARN  server.GrpcLogAppender (GrpcLogAppender.java:timeoutAppendRequest(200)) - 1b83d917-1d73-4cac-8d1d-dc3b4981903d@group-7041D5508450->4736e737-07ca-4f6d-84d7-0ed6bd660367-GrpcLogAppender: appendEntries Timeout, request=1b83d917-1d73-4cac-8d1d-dc3b4981903d->4736e737-07ca-4f6d-84d7-0ed6bd660367#70-t6, previous=(t:6, i:20), leaderCommit=16, initializing? false, entries: <empty>
2019-09-19 12:10:33,870 [java.util.concurrent.ThreadPoolExecutor$Worker@4f8ba3d5[State = -1, empty queue]] WARN  server.GrpcLogAppender (GrpcLogAppender.java:timeoutAppendRequest(200)) - 1b83d917-1d73-4cac-8d1d-dc3b4981903d@group-7041D5508450->7c8a32d9-49ab-449b-8cc8-032a8828a8ac-GrpcLogAppender: appendEntries Timeout, request=1b83d917-1d73-4cac-8d1d-dc3b4981903d->7c8a32d9-49ab-449b-8cc8-032a8828a8ac#70-t6, previous=(t:6, i:20), leaderCommit=16, initializing? false, entries: <empty>
2019-09-19 12:10:34,288 [main] INFO  ozoneimpl.OzoneContainer (OzoneContainer.java:stop(231)) - Attempting to stop container services.
2019-09-19 12:10:34,290 [main] INFO  impl.RaftServerProxy (RaftServerProxy.java:lambda$close$4(314)) - 35717865-8144-46c5-963e-0895e96939ac: close
2019-09-19 12:10:34,292 [main] INFO  impl.RaftServerImpl (RaftServerImpl.java:lambda$shutdown$3(251)) - 35717865-8144-46c5-963e-0895e96939ac@group-4CB96557AA13: shutdown
2019-09-19 12:10:34,293 [main] INFO  util.JmxRegister (JmxRegister.java:unregister(73)) - Successfully un-registered JMX Bean with object name Ratis:service=RaftServer,group=group-4CB96557AA13,id=35717865-8144-46c5-963e-0895e96939ac
2019-09-19 12:10:34,293 [main] INFO  impl.RoleInfo (RoleInfo.java:shutdownLeaderState(104)) - 35717865-8144-46c5-963e-0895e96939ac: shutdown LeaderState
2019-09-19 12:10:34,294 [main] INFO  impl.PendingRequests (PendingRequests.java:sendNotLeaderResponses(202)) - 35717865-8144-46c5-963e-0895e96939ac-PendingRequests: sendNotLeaderResponses
2019-09-19 12:10:34,298 [main] INFO  impl.StateMachineUpdater (StateMachineUpdater.java:stopAndJoin(125)) - 35717865-8144-46c5-963e-0895e96939ac@group-4CB96557AA13-StateMachineUpdater: set stopIndex = 0
2019-09-19 12:10:34,298 [main] INFO  impl.RaftServerImpl (ServerState.java:close(385)) - 35717865-8144-46c5-963e-0895e96939ac@group-4CB96557AA13: closes. applyIndex: 0
2019-09-19 12:10:34,301 [35717865-8144-46c5-963e-0895e96939ac@group-4CB96557AA13-SegmentedRaftLogWorker] INFO  segmented.SegmentedRaftLogWorker (SegmentedRaftLogWorker.java:run(313)) - 35717865-8144-46c5-963e-0895e96939ac@group-4CB96557AA13-SegmentedRaftLogWorker was interrupted, exiting. There are 0 tasks remaining in the queue.
2019-09-19 12:10:34,306 [main] INFO  segmented.SegmentedRaftLogWorker (SegmentedRaftLogWorker.java:close(228)) - 35717865-8144-46c5-963e-0895e96939ac@group-4CB96557AA13-SegmentedRaftLogWorker close()
2019-09-19 12:10:34,309 [main] INFO  impl.RaftServerImpl (RaftServerImpl.java:lambda$shutdown$3(251)) - 35717865-8144-46c5-963e-0895e96939ac@group-11E1763585E1: shutdown
2019-09-19 12:10:34,310 [main] INFO  util.JmxRegister (JmxRegister.java:unregister(73)) - Successfully un-registered JMX Bean with object name Ratis:service=RaftServer,group=group-11E1763585E1,id=35717865-8144-46c5-963e-0895e96939ac
2019-09-19 12:10:34,310 [main] INFO  impl.RoleInfo (RoleInfo.java:shutdownFollowerState(121)) - 35717865-8144-46c5-963e-0895e96939ac: shutdown FollowerState
2019-09-19 12:10:34,310 [main] INFO  impl.StateMachineUpdater (StateMachineUpdater.java:stopAndJoin(125)) - 35717865-8144-46c5-963e-0895e96939ac@group-11E1763585E1-StateMachineUpdater: set stopIndex = 16
2019-09-19 12:10:34,311 [35717865-8144-46c5-963e-0895e96939ac@group-11E1763585E1-StateMachineUpdater] INFO  ratis.ContainerStateMachine (ContainerStateMachine.java:takeSnapshot(289)) - group-11E1763585E1: Taking a snapshot at:(t:1, i:12) file /workdir/hadoop-ozone/integration-test/target/test-dir/MiniOzoneClusterImpl-41742b35-60e3-4bf6-81de-f25e83920b6f/datanode-9/data/ratis/aed8ff52-0610-457a-8f1b-11e1763585e1/sm/snapshot.1_12
2019-09-19 12:10:34,310 [Thread-398] INFO  impl.FollowerState (FollowerState.java:run(115)) - 35717865-8144-46c5-963e-0895e96939ac: FollowerState was interrupted: java.lang.InterruptedException: sleep interrupted
2019-09-19 12:10:34,371 [java.util.concurrent.ThreadPoolExecutor$Worker@5019c524[State = -1, empty queue]] WARN  server.GrpcLogAppender (GrpcLogAppender.java:timeoutAppendRequest(200)) - 1b83d917-1d73-4cac-8d1d-dc3b4981903d@group-7041D5508450->4736e737-07ca-4f6d-84d7-0ed6bd660367-GrpcLogAppender: appendEntries Timeout, request=1b83d917-1d73-4cac-8d1d-dc3b4981903d->4736e737-07ca-4f6d-84d7-0ed6bd660367#71-t6, previous=(t:6, i:20), leaderCommit=16, initializing? false, entries: <empty>
2019-09-19 12:10:34,371 [java.util.concurrent.ThreadPoolExecutor$Worker@4f8ba3d5[State = -1, empty queue]] WARN  server.GrpcLogAppender (GrpcLogAppender.java:timeoutAppendRequest(200)) - 1b83d917-1d73-4cac-8d1d-dc3b4981903d@group-7041D5508450->7c8a32d9-49ab-449b-8cc8-032a8828a8ac-GrpcLogAppender: appendEntries Timeout, request=1b83d917-1d73-4cac-8d1d-dc3b4981903d->7c8a32d9-49ab-449b-8cc8-032a8828a8ac#71-t6, previous=(t:6, i:20), leaderCommit=16, initializing? false, entries: <empty>
2019-09-19 12:10:34,871 [java.util.concurrent.ThreadPoolExecutor$Worker@4f8ba3d5[State = -1, empty queue]] WARN  server.GrpcLogAppender (GrpcLogAppender.java:timeoutAppendRequest(200)) - 1b83d917-1d73-4cac-8d1d-dc3b4981903d@group-7041D5508450->7c8a32d9-49ab-449b-8cc8-032a8828a8ac-GrpcLogAppender: appendEntries Timeout, request=1b83d917-1d73-4cac-8d1d-dc3b4981903d->7c8a32d9-49ab-449b-8cc8-032a8828a8ac#72-t6, previous=(t:6, i:20), leaderCommit=16, initializing? false, entries: <empty>
2019-09-19 12:10:34,871 [java.util.concurrent.ThreadPoolExecutor$Worker@5019c524[State = -1, empty queue]] WARN  server.GrpcLogAppender (GrpcLogAppender.java:timeoutAppendRequest(200)) - 1b83d917-1d73-4cac-8d1d-dc3b4981903d@group-7041D5508450->4736e737-07ca-4f6d-84d7-0ed6bd660367-GrpcLogAppender: appendEntries Timeout, request=1b83d917-1d73-4cac-8d1d-dc3b4981903d->4736e737-07ca-4f6d-84d7-0ed6bd660367#72-t6, previous=(t:6, i:20), leaderCommit=16, initializing? false, entries: <empty>
2019-09-19 12:10:34,940 [35717865-8144-46c5-963e-0895e96939ac@group-11E1763585E1-StateMachineUpdater] INFO  ratis.ContainerStateMachine (ContainerStateMachine.java:takeSnapshot(300)) - group-11E1763585E1: Finished taking a snapshot at:(t:1, i:12) file:/workdir/hadoop-ozone/integration-test/target/test-dir/MiniOzoneClusterImpl-41742b35-60e3-4bf6-81de-f25e83920b6f/datanode-9/data/ratis/aed8ff52-0610-457a-8f1b-11e1763585e1/sm/snapshot.1_12 time:629
2019-09-19 12:10:34,940 [35717865-8144-46c5-963e-0895e96939ac@group-11E1763585E1-StateMachineUpdater] INFO  impl.StateMachineUpdater (StateMachineUpdater.java:takeSnapshot(258)) - 35717865-8144-46c5-963e-0895e96939ac@group-11E1763585E1-StateMachineUpdater: Took a snapshot at index 12
2019-09-19 12:10:34,944 [35717865-8144-46c5-963e-0895e96939ac@group-11E1763585E1-StateMachineUpdater] INFO  impl.StateMachineUpdater (StateMachineUpdater.java:lambda$new$0(83)) - 35717865-8144-46c5-963e-0895e96939ac@group-11E1763585E1-StateMachineUpdater: snapshotIndex: updateIncreasingly -1 -> 12
2019-09-19 12:10:34,949 [35717865-8144-46c5-963e-0895e96939ac@group-11E1763585E1-StateMachineUpdater] INFO  ratis.ContainerStateMachine (ContainerStateMachine.java:takeSnapshot(289)) - group-11E1763585E1: Taking a snapshot at:(t:1, i:12) file /workdir/hadoop-ozone/integration-test/target/test-dir/MiniOzoneClusterImpl-41742b35-60e3-4bf6-81de-f25e83920b6f/datanode-9/data/ratis/aed8ff52-0610-457a-8f1b-11e1763585e1/sm/snapshot.1_12
2019-09-19 12:10:34,957 [35717865-8144-46c5-963e-0895e96939ac@group-11E1763585E1-StateMachineUpdater] INFO  ratis.ContainerStateMachine (ContainerStateMachine.java:takeSnapshot(300)) - group-11E1763585E1: Finished taking a snapshot at:(t:1, i:12) file:/workdir/hadoop-ozone/integration-test/target/test-dir/MiniOzoneClusterImpl-41742b35-60e3-4bf6-81de-f25e83920b6f/datanode-9/data/ratis/aed8ff52-0610-457a-8f1b-11e1763585e1/sm/snapshot.1_12 time:8
2019-09-19 12:10:34,957 [35717865-8144-46c5-963e-0895e96939ac@group-11E1763585E1-StateMachineUpdater] INFO  impl.StateMachineUpdater (StateMachineUpdater.java:takeSnapshot(258)) - 35717865-8144-46c5-963e-0895e96939ac@group-11E1763585E1-StateMachineUpdater: Took a snapshot at index 12
2019-09-19 12:10:34,957 [35717865-8144-46c5-963e-0895e96939ac@group-11E1763585E1-StateMachineUpdater] INFO  impl.StateMachineUpdater (StateMachineUpdater.java:lambda$new$0(83)) - 35717865-8144-46c5-963e-0895e96939ac@group-11E1763585E1-StateMachineUpdater: snapshotIndex: updateIncreasingly 12 -> 12
2019-09-19 12:10:34,958 [main] INFO  impl.RaftServerImpl (ServerState.java:close(385)) - 35717865-8144-46c5-963e-0895e96939ac@group-11E1763585E1: closes. applyIndex: 16
2019-09-19 12:10:34,958 [35717865-8144-46c5-963e-0895e96939ac@group-11E1763585E1-SegmentedRaftLogWorker] INFO  segmented.SegmentedRaftLogWorker (SegmentedRaftLogWorker.java:run(313)) - 35717865-8144-46c5-963e-0895e96939ac@group-11E1763585E1-SegmentedRaftLogWorker was interrupted, exiting. There are 0 tasks remaining in the queue.
2019-09-19 12:10:34,960 [main] INFO  segmented.SegmentedRaftLogWorker (SegmentedRaftLogWorker.java:close(228)) - 35717865-8144-46c5-963e-0895e96939ac@group-11E1763585E1-SegmentedRaftLogWorker close()
2019-09-19 12:10:34,964 [main] INFO  server.GrpcService (GrpcService.java:closeImpl(164)) - 35717865-8144-46c5-963e-0895e96939ac: shutdown server with port 34648 now
2019-09-19 12:10:34,972 [main] INFO  server.GrpcService (GrpcService.java:closeImpl(172)) - 35717865-8144-46c5-963e-0895e96939ac: shutdown server with port 34648 successfully
2019-09-19 12:10:34,972 [grpc-default-executor-8] WARN  server.GrpcServerProtocolService (LogUtils.java:warn(134)) - 35717865-8144-46c5-963e-0895e96939ac: installSnapshot onError, lastRequest: 0536a24c-34e3-4c8a-9a31-895de5497f4a->35717865-8144-46c5-963e-0895e96939ac#92-t1, previous=(t:1, i:16), leaderCommit=16, initializing? false, entries: <empty>: org.apache.ratis.thirdparty.io.grpc.StatusRuntimeException: CANCELLED: cancelled before receiving half close
2019-09-19 12:10:34,973 [grpc-default-executor-9] WARN  server.GrpcLogAppender (LogUtils.java:warn(134)) - 0536a24c-34e3-4c8a-9a31-895de5497f4a@group-11E1763585E1->35717865-8144-46c5-963e-0895e96939ac-AppendLogResponseHandler: Failed appendEntries: org.apache.ratis.thirdparty.io.grpc.StatusRuntimeException: CANCELLED: HTTP/2 error code: CANCEL
Received Rst Stream
2019-09-19 12:10:34,978 [grpc-default-executor-9] INFO  impl.FollowerInfo (FollowerInfo.java:lambda$new$0(51)) - 0536a24c-34e3-4c8a-9a31-895de5497f4a@group-11E1763585E1->35717865-8144-46c5-963e-0895e96939ac: nextIndex: updateUnconditionally 17 -> 16
2019-09-19 12:10:34,987 [refreshUsed-/workdir/hadoop-ozone/integration-test/target/test-dir/MiniOzoneClusterImpl-41742b35-60e3-4bf6-81de-f25e83920b6f/datanode-9/data/containers] WARN  fs.CachingGetSpaceUsed (CachingGetSpaceUsed.java:run(183)) - Thread Interrupted waiting to refresh disk information: sleep interrupted
2019-09-19 12:10:35,003 [main] INFO  utils.BackgroundService (BackgroundService.java:shutdown(148)) - Shutting down service BlockDeletingService
2019-09-19 12:10:35,009 [main] INFO  statemachine.DatanodeStateMachine (DatanodeStateMachine.java:stopDaemon(395)) - Ozone container server stopped.
2019-09-19 12:10:35,019 [main] INFO  handler.ContextHandler (ContextHandler.java:doStop(910)) - Stopped o.e.j.w.WebAppContext@cda6019{/,null,UNAVAILABLE}{/hddsDatanode}
2019-09-19 12:10:35,026 [main] INFO  server.AbstractConnector (AbstractConnector.java:doStop(318)) - Stopped ServerConnector@797c3c3b{HTTP/1.1,[http/1.1]}{0.0.0.0:0}
2019-09-19 12:10:35,026 [main] INFO  handler.ContextHandler (ContextHandler.java:doStop(910)) - Stopped o.e.j.s.ServletContextHandler@4d18b73a{/static,jar:file:/home/user/.m2/repository/org/apache/hadoop/hadoop-hdds-container-service/0.5.0-SNAPSHOT/hadoop-hdds-container-service-0.5.0-SNAPSHOT.jar!/webapps/static,UNAVAILABLE}
2019-09-19 12:10:35,026 [main] INFO  handler.ContextHandler (ContextHandler.java:doStop(910)) - Stopped o.e.j.s.ServletContextHandler@77865933{/logs,file:///workdir/hadoop-ozone/integration-test/target/log,UNAVAILABLE}
2019-09-19 12:10:35,080 [grpc-default-executor-8] INFO  client.GrpcClientProtocolClient (GrpcClientProtocolClient.java:onNext(264)) - client-57877EF1F934->a409f42d-bc3a-405f-bf07-8265a8a77aff: receive RaftClientReply:client-57877EF1F934->a409f42d-bc3a-405f-bf07-8265a8a77aff@group-82AF4051E50B, cid=46, SUCCESS, logIndex=8, commits[a409f42d-bc3a-405f-bf07-8265a8a77aff:c11, 9ff75243-8f90-489e-ad4c-fbb8c473db2a:c7, 587dad1b-1a08-4278-9ac1-e315232e0934:c7]
2019-09-19 12:10:35,081 [grpc-default-executor-8] INFO  client.GrpcClientProtocolClient (GrpcClientProtocolClient.java:onNext(264)) - client-57877EF1F934->a409f42d-bc3a-405f-bf07-8265a8a77aff: receive RaftClientReply:client-57877EF1F934->a409f42d-bc3a-405f-bf07-8265a8a77aff@group-82AF4051E50B, cid=47, SUCCESS, logIndex=9, commits[a409f42d-bc3a-405f-bf07-8265a8a77aff:c11, 9ff75243-8f90-489e-ad4c-fbb8c473db2a:c7, 587dad1b-1a08-4278-9ac1-e315232e0934:c7]
2019-09-19 12:10:35,082 [grpc-default-executor-8] INFO  client.GrpcClientProtocolClient (GrpcClientProtocolClient.java:onNext(264)) - client-57877EF1F934->a409f42d-bc3a-405f-bf07-8265a8a77aff: receive RaftClientReply:client-57877EF1F934->a409f42d-bc3a-405f-bf07-8265a8a77aff@group-82AF4051E50B, cid=48, SUCCESS, logIndex=10, commits[a409f42d-bc3a-405f-bf07-8265a8a77aff:c11, 9ff75243-8f90-489e-ad4c-fbb8c473db2a:c7, 587dad1b-1a08-4278-9ac1-e315232e0934:c7]
2019-09-19 12:10:35,083 [grpc-default-executor-8] INFO  client.GrpcClientProtocolClient (GrpcClientProtocolClient.java:onNext(264)) - client-57877EF1F934->a409f42d-bc3a-405f-bf07-8265a8a77aff: receive RaftClientReply:client-57877EF1F934->a409f42d-bc3a-405f-bf07-8265a8a77aff@group-82AF4051E50B, cid=49, SUCCESS, logIndex=11, commits[a409f42d-bc3a-405f-bf07-8265a8a77aff:c11, 9ff75243-8f90-489e-ad4c-fbb8c473db2a:c7, 587dad1b-1a08-4278-9ac1-e315232e0934:c7]
2019-09-19 12:10:35,096 [grpc-default-executor-8] INFO  client.GrpcClientProtocolClient (GrpcClientProtocolClient.java:onNext(264)) - client-57877EF1F934->a409f42d-bc3a-405f-bf07-8265a8a77aff: receive RaftClientReply:client-57877EF1F934->a409f42d-bc3a-405f-bf07-8265a8a77aff@group-82AF4051E50B, cid=50, SUCCESS, logIndex=0, commits[a409f42d-bc3a-405f-bf07-8265a8a77aff:c12, 9ff75243-8f90-489e-ad4c-fbb8c473db2a:c11, 587dad1b-1a08-4278-9ac1-e315232e0934:c11]
2019-09-19 12:10:35,098 [grpc-default-executor-8] INFO  client.GrpcClientProtocolClient (GrpcClientProtocolClient.java:onNext(264)) - client-57877EF1F934->a409f42d-bc3a-405f-bf07-8265a8a77aff: receive RaftClientReply:client-57877EF1F934->a409f42d-bc3a-405f-bf07-8265a8a77aff@group-82AF4051E50B, cid=51, SUCCESS, logIndex=0, commits[a409f42d-bc3a-405f-bf07-8265a8a77aff:c13, 9ff75243-8f90-489e-ad4c-fbb8c473db2a:c11, 587dad1b-1a08-4278-9ac1-e315232e0934:c11]
2019-09-19 12:10:35,279 [grpc-default-executor-9] WARN  server.GrpcLogAppender (LogUtils.java:warn(134)) - 0536a24c-34e3-4c8a-9a31-895de5497f4a@group-11E1763585E1->35717865-8144-46c5-963e-0895e96939ac-AppendLogResponseHandler: Failed appendEntries: org.apache.ratis.thirdparty.io.grpc.StatusRuntimeException: UNAVAILABLE: io exception
2019-09-19 12:10:35,290 [grpc-default-executor-9] INFO  impl.FollowerInfo (FollowerInfo.java:lambda$new$0(51)) - 0536a24c-34e3-4c8a-9a31-895de5497f4a@group-11E1763585E1->35717865-8144-46c5-963e-0895e96939ac: nextIndex: updateUnconditionally 16 -> 15
2019-09-19 12:10:35,371 [java.util.concurrent.ThreadPoolExecutor$Worker@4f8ba3d5[State = -1, empty queue]] WARN  server.GrpcLogAppender (GrpcLogAppender.java:timeoutAppendRequest(200)) - 1b83d917-1d73-4cac-8d1d-dc3b4981903d@group-7041D5508450->7c8a32d9-49ab-449b-8cc8-032a8828a8ac-GrpcLogAppender: appendEntries Timeout, request=1b83d917-1d73-4cac-8d1d-dc3b4981903d->7c8a32d9-49ab-449b-8cc8-032a8828a8ac#73-t6, previous=(t:6, i:20), leaderCommit=16, initializing? false, entries: <empty>
2019-09-19 12:10:35,372 [java.util.concurrent.ThreadPoolExecutor$Worker@5019c524[State = -1, empty queue]] WARN  server.GrpcLogAppender (GrpcLogAppender.java:timeoutAppendRequest(200)) - 1b83d917-1d73-4cac-8d1d-dc3b4981903d@group-7041D5508450->4736e737-07ca-4f6d-84d7-0ed6bd660367-GrpcLogAppender: appendEntries Timeout, request=1b83d917-1d73-4cac-8d1d-dc3b4981903d->4736e737-07ca-4f6d-84d7-0ed6bd660367#73-t6, previous=(t:6, i:20), leaderCommit=16, initializing? false, entries: <empty>
2019-09-19 12:10:35,770 [grpc-default-executor-8] WARN  server.GrpcLogAppender (LogUtils.java:warn(134)) - 0536a24c-34e3-4c8a-9a31-895de5497f4a@group-11E1763585E1->35717865-8144-46c5-963e-0895e96939ac-AppendLogResponseHandler: Failed appendEntries: org.apache.ratis.thirdparty.io.grpc.StatusRuntimeException: UNAVAILABLE: io exception
2019-09-19 12:10:35,773 [grpc-default-executor-8] INFO  impl.FollowerInfo (FollowerInfo.java:lambda$new$0(51)) - 0536a24c-34e3-4c8a-9a31-895de5497f4a@group-11E1763585E1->35717865-8144-46c5-963e-0895e96939ac: nextIndex: updateUnconditionally 15 -> 14
2019-09-19 12:10:35,872 [java.util.concurrent.ThreadPoolExecutor$Worker@4f8ba3d5[State = -1, empty queue]] WARN  server.GrpcLogAppender (GrpcLogAppender.java:timeoutAppendRequest(200)) - 1b83d917-1d73-4cac-8d1d-dc3b4981903d@group-7041D5508450->7c8a32d9-49ab-449b-8cc8-032a8828a8ac-GrpcLogAppender: appendEntries Timeout, request=1b83d917-1d73-4cac-8d1d-dc3b4981903d->7c8a32d9-49ab-449b-8cc8-032a8828a8ac#74-t6, previous=(t:6, i:20), leaderCommit=16, initializing? false, entries: <empty>
2019-09-19 12:10:35,872 [java.util.concurrent.ThreadPoolExecutor$Worker@5019c524[State = -1, empty queue]] WARN  server.GrpcLogAppender (GrpcLogAppender.java:timeoutAppendRequest(200)) - 1b83d917-1d73-4cac-8d1d-dc3b4981903d@group-7041D5508450->4736e737-07ca-4f6d-84d7-0ed6bd660367-GrpcLogAppender: appendEntries Timeout, request=1b83d917-1d73-4cac-8d1d-dc3b4981903d->4736e737-07ca-4f6d-84d7-0ed6bd660367#74-t6, previous=(t:6, i:20), leaderCommit=16, initializing? false, entries: <empty>
2019-09-19 12:10:36,271 [grpc-default-executor-9] WARN  server.GrpcLogAppender (LogUtils.java:warn(134)) - 0536a24c-34e3-4c8a-9a31-895de5497f4a@group-11E1763585E1->35717865-8144-46c5-963e-0895e96939ac-AppendLogResponseHandler: Failed appendEntries: org.apache.ratis.thirdparty.io.grpc.StatusRuntimeException: UNAVAILABLE: io exception
2019-09-19 12:10:36,275 [grpc-default-executor-9] INFO  impl.FollowerInfo (FollowerInfo.java:lambda$new$0(51)) - 0536a24c-34e3-4c8a-9a31-895de5497f4a@group-11E1763585E1->35717865-8144-46c5-963e-0895e96939ac: nextIndex: updateUnconditionally 14 -> 13
2019-09-19 12:10:36,372 [java.util.concurrent.ThreadPoolExecutor$Worker@4f8ba3d5[State = -1, empty queue]] WARN  server.GrpcLogAppender (GrpcLogAppender.java:timeoutAppendRequest(200)) - 1b83d917-1d73-4cac-8d1d-dc3b4981903d@group-7041D5508450->7c8a32d9-49ab-449b-8cc8-032a8828a8ac-GrpcLogAppender: appendEntries Timeout, request=1b83d917-1d73-4cac-8d1d-dc3b4981903d->7c8a32d9-49ab-449b-8cc8-032a8828a8ac#75-t6, previous=(t:6, i:20), leaderCommit=16, initializing? false, entries: <empty>
2019-09-19 12:10:36,372 [java.util.concurrent.ThreadPoolExecutor$Worker@5019c524[State = -1, empty queue]] WARN  server.GrpcLogAppender (GrpcLogAppender.java:timeoutAppendRequest(200)) - 1b83d917-1d73-4cac-8d1d-dc3b4981903d@group-7041D5508450->4736e737-07ca-4f6d-84d7-0ed6bd660367-GrpcLogAppender: appendEntries Timeout, request=1b83d917-1d73-4cac-8d1d-dc3b4981903d->4736e737-07ca-4f6d-84d7-0ed6bd660367#75-t6, previous=(t:6, i:20), leaderCommit=16, initializing? false, entries: <empty>
2019-09-19 12:10:36,772 [grpc-default-executor-1] WARN  server.GrpcLogAppender (LogUtils.java:warn(134)) - 0536a24c-34e3-4c8a-9a31-895de5497f4a@group-11E1763585E1->35717865-8144-46c5-963e-0895e96939ac-AppendLogResponseHandler: Failed appendEntries: org.apache.ratis.thirdparty.io.grpc.StatusRuntimeException: UNAVAILABLE: io exception
2019-09-19 12:10:36,776 [grpc-default-executor-1] INFO  impl.FollowerInfo (FollowerInfo.java:lambda$new$0(51)) - 0536a24c-34e3-4c8a-9a31-895de5497f4a@group-11E1763585E1->35717865-8144-46c5-963e-0895e96939ac: nextIndex: updateUnconditionally 13 -> 12
2019-09-19 12:10:36,872 [java.util.concurrent.ThreadPoolExecutor$Worker@4f8ba3d5[State = -1, empty queue]] WARN  server.GrpcLogAppender (GrpcLogAppender.java:timeoutAppendRequest(200)) - 1b83d917-1d73-4cac-8d1d-dc3b4981903d@group-7041D5508450->7c8a32d9-49ab-449b-8cc8-032a8828a8ac-GrpcLogAppender: appendEntries Timeout, request=1b83d917-1d73-4cac-8d1d-dc3b4981903d->7c8a32d9-49ab-449b-8cc8-032a8828a8ac#76-t6, previous=(t:6, i:20), leaderCommit=16, initializing? false, entries: <empty>
2019-09-19 12:10:36,872 [java.util.concurrent.ThreadPoolExecutor$Worker@5019c524[State = -1, empty queue]] WARN  server.GrpcLogAppender (GrpcLogAppender.java:timeoutAppendRequest(200)) - 1b83d917-1d73-4cac-8d1d-dc3b4981903d@group-7041D5508450->4736e737-07ca-4f6d-84d7-0ed6bd660367-GrpcLogAppender: appendEntries Timeout, request=1b83d917-1d73-4cac-8d1d-dc3b4981903d->4736e737-07ca-4f6d-84d7-0ed6bd660367#76-t6, previous=(t:6, i:20), leaderCommit=16, initializing? false, entries: <empty>
2019-09-19 12:10:37,274 [grpc-default-executor-9] WARN  server.GrpcLogAppender (LogUtils.java:warn(134)) - 0536a24c-34e3-4c8a-9a31-895de5497f4a@group-11E1763585E1->35717865-8144-46c5-963e-0895e96939ac-AppendLogResponseHandler: Failed appendEntries: org.apache.ratis.thirdparty.io.grpc.StatusRuntimeException: UNAVAILABLE: io exception
2019-09-19 12:10:37,279 [grpc-default-executor-9] INFO  impl.FollowerInfo (FollowerInfo.java:lambda$new$0(51)) - 0536a24c-34e3-4c8a-9a31-895de5497f4a@group-11E1763585E1->35717865-8144-46c5-963e-0895e96939ac: nextIndex: updateUnconditionally 12 -> 11
2019-09-19 12:10:37,373 [java.util.concurrent.ThreadPoolExecutor$Worker@4f8ba3d5[State = -1, empty queue]] WARN  server.GrpcLogAppender (GrpcLogAppender.java:timeoutAppendRequest(200)) - 1b83d917-1d73-4cac-8d1d-dc3b4981903d@group-7041D5508450->7c8a32d9-49ab-449b-8cc8-032a8828a8ac-GrpcLogAppender: appendEntries Timeout, request=1b83d917-1d73-4cac-8d1d-dc3b4981903d->7c8a32d9-49ab-449b-8cc8-032a8828a8ac#77-t6, previous=(t:6, i:20), leaderCommit=16, initializing? false, entries: <empty>
2019-09-19 12:10:37,373 [java.util.concurrent.ThreadPoolExecutor$Worker@5019c524[State = -1, empty queue]] WARN  server.GrpcLogAppender (GrpcLogAppender.java:timeoutAppendRequest(200)) - 1b83d917-1d73-4cac-8d1d-dc3b4981903d@group-7041D5508450->4736e737-07ca-4f6d-84d7-0ed6bd660367-GrpcLogAppender: appendEntries Timeout, request=1b83d917-1d73-4cac-8d1d-dc3b4981903d->4736e737-07ca-4f6d-84d7-0ed6bd660367#77-t6, previous=(t:6, i:20), leaderCommit=16, initializing? false, entries: <empty>
2019-09-19 12:10:37,775 [grpc-default-executor-8] WARN  server.GrpcLogAppender (LogUtils.java:warn(134)) - 0536a24c-34e3-4c8a-9a31-895de5497f4a@group-11E1763585E1->35717865-8144-46c5-963e-0895e96939ac-AppendLogResponseHandler: Failed appendEntries: org.apache.ratis.thirdparty.io.grpc.StatusRuntimeException: UNAVAILABLE: io exception
2019-09-19 12:10:37,780 [grpc-default-executor-8] INFO  impl.FollowerInfo (FollowerInfo.java:lambda$new$0(51)) - 0536a24c-34e3-4c8a-9a31-895de5497f4a@group-11E1763585E1->35717865-8144-46c5-963e-0895e96939ac: nextIndex: updateUnconditionally 11 -> 10
2019-09-19 12:10:37,873 [java.util.concurrent.ThreadPoolExecutor$Worker@4f8ba3d5[State = -1, empty queue]] WARN  server.GrpcLogAppender (GrpcLogAppender.java:timeoutAppendRequest(200)) - 1b83d917-1d73-4cac-8d1d-dc3b4981903d@group-7041D5508450->7c8a32d9-49ab-449b-8cc8-032a8828a8ac-GrpcLogAppender: appendEntries Timeout, request=1b83d917-1d73-4cac-8d1d-dc3b4981903d->7c8a32d9-49ab-449b-8cc8-032a8828a8ac#78-t6, previous=(t:6, i:20), leaderCommit=16, initializing? false, entries: <empty>
2019-09-19 12:10:37,873 [java.util.concurrent.ThreadPoolExecutor$Worker@5019c524[State = -1, empty queue]] WARN  server.GrpcLogAppender (GrpcLogAppender.java:timeoutAppendRequest(200)) - 1b83d917-1d73-4cac-8d1d-dc3b4981903d@group-7041D5508450->4736e737-07ca-4f6d-84d7-0ed6bd660367-GrpcLogAppender: appendEntries Timeout, request=1b83d917-1d73-4cac-8d1d-dc3b4981903d->4736e737-07ca-4f6d-84d7-0ed6bd660367#78-t6, previous=(t:6, i:20), leaderCommit=16, initializing? false, entries: <empty>
2019-09-19 12:10:38,106 [java.util.concurrent.ThreadPoolExecutor$Worker@5db7d907[State = -1, empty queue]] WARN  server.GrpcLogAppender (GrpcLogAppender.java:timeoutAppendRequest(200)) - a409f42d-bc3a-405f-bf07-8265a8a77aff@group-82AF4051E50B->9ff75243-8f90-489e-ad4c-fbb8c473db2a-GrpcLogAppender: appendEntries Timeout, request=a409f42d-bc3a-405f-bf07-8265a8a77aff->9ff75243-8f90-489e-ad4c-fbb8c473db2a#90-t1, previous=(t:1, i:13), leaderCommit=13, initializing? false, entries: size=1, first=(t:1, i:14), STATEMACHINELOGENTRY, client-57877EF1F934, cid=52
2019-09-19 12:10:38,106 [java.util.concurrent.ThreadPoolExecutor$Worker@3ef0e39a[State = -1, empty queue]] WARN  server.GrpcLogAppender (GrpcLogAppender.java:timeoutAppendRequest(200)) - a409f42d-bc3a-405f-bf07-8265a8a77aff@group-82AF4051E50B->587dad1b-1a08-4278-9ac1-e315232e0934-GrpcLogAppender: appendEntries Timeout, request=a409f42d-bc3a-405f-bf07-8265a8a77aff->587dad1b-1a08-4278-9ac1-e315232e0934#90-t1, previous=(t:1, i:13), leaderCommit=13, initializing? false, entries: size=1, first=(t:1, i:14), STATEMACHINELOGENTRY, client-57877EF1F934, cid=52
2019-09-19 12:10:38,106 [java.util.concurrent.ThreadPoolExecutor$Worker@5db7d907[State = -1, empty queue]] WARN  server.GrpcLogAppender (GrpcLogAppender.java:timeoutAppendRequest(200)) - a409f42d-bc3a-405f-bf07-8265a8a77aff@group-82AF4051E50B->9ff75243-8f90-489e-ad4c-fbb8c473db2a-GrpcLogAppender: appendEntries Timeout, request=a409f42d-bc3a-405f-bf07-8265a8a77aff->9ff75243-8f90-489e-ad4c-fbb8c473db2a#91-t1, previous=(t:1, i:14), leaderCommit=13, initializing? false, entries: size=1, first=(t:1, i:15), STATEMACHINELOGENTRY, client-57877EF1F934, cid=53
2019-09-19 12:10:38,110 [java.util.concurrent.ThreadPoolExecutor$Worker@3ef0e39a[State = -1, empty queue]] WARN  server.GrpcLogAppender (GrpcLogAppender.java:timeoutAppendRequest(200)) - a409f42d-bc3a-405f-bf07-8265a8a77aff@group-82AF4051E50B->587dad1b-1a08-4278-9ac1-e315232e0934-GrpcLogAppender: appendEntries Timeout, request=a409f42d-bc3a-405f-bf07-8265a8a77aff->587dad1b-1a08-4278-9ac1-e315232e0934#91-t1, previous=(t:1, i:14), leaderCommit=13, initializing? false, entries: size=1, first=(t:1, i:15), STATEMACHINELOGENTRY, client-57877EF1F934, cid=53
2019-09-19 12:10:38,113 [java.util.concurrent.ThreadPoolExecutor$Worker@3ef0e39a[State = -1, empty queue]] WARN  server.GrpcLogAppender (GrpcLogAppender.java:timeoutAppendRequest(200)) - a409f42d-bc3a-405f-bf07-8265a8a77aff@group-82AF4051E50B->587dad1b-1a08-4278-9ac1-e315232e0934-GrpcLogAppender: appendEntries Timeout, request=a409f42d-bc3a-405f-bf07-8265a8a77aff->587dad1b-1a08-4278-9ac1-e315232e0934#92-t1, previous=(t:1, i:15), leaderCommit=13, initializing? false, entries: size=1, first=(t:1, i:16), STATEMACHINELOGENTRY, client-57877EF1F934, cid=54
2019-09-19 12:10:38,113 [java.util.concurrent.ThreadPoolExecutor$Worker@5db7d907[State = -1, empty queue]] WARN  server.GrpcLogAppender (GrpcLogAppender.java:timeoutAppendRequest(200)) - a409f42d-bc3a-405f-bf07-8265a8a77aff@group-82AF4051E50B->9ff75243-8f90-489e-ad4c-fbb8c473db2a-GrpcLogAppender: appendEntries Timeout, request=a409f42d-bc3a-405f-bf07-8265a8a77aff->9ff75243-8f90-489e-ad4c-fbb8c473db2a#92-t1, previous=(t:1, i:15), leaderCommit=13, initializing? false, entries: size=1, first=(t:1, i:16), STATEMACHINELOGENTRY, client-57877EF1F934, cid=54
2019-09-19 12:10:38,116 [java.util.concurrent.ThreadPoolExecutor$Worker@3ef0e39a[State = -1, empty queue]] WARN  server.GrpcLogAppender (GrpcLogAppender.java:timeoutAppendRequest(200)) - a409f42d-bc3a-405f-bf07-8265a8a77aff@group-82AF4051E50B->587dad1b-1a08-4278-9ac1-e315232e0934-GrpcLogAppender: appendEntries Timeout, request=a409f42d-bc3a-405f-bf07-8265a8a77aff->587dad1b-1a08-4278-9ac1-e315232e0934#93-t1, previous=(t:1, i:16), leaderCommit=13, initializing? false, entries: size=1, first=(t:1, i:17), STATEMACHINELOGENTRY, client-57877EF1F934, cid=55
2019-09-19 12:10:38,116 [java.util.concurrent.ThreadPoolExecutor$Worker@5db7d907[State = -1, empty queue]] WARN  server.GrpcLogAppender (GrpcLogAppender.java:timeoutAppendRequest(200)) - a409f42d-bc3a-405f-bf07-8265a8a77aff@group-82AF4051E50B->9ff75243-8f90-489e-ad4c-fbb8c473db2a-GrpcLogAppender: appendEntries Timeout, request=a409f42d-bc3a-405f-bf07-8265a8a77aff->9ff75243-8f90-489e-ad4c-fbb8c473db2a#93-t1, previous=(t:1, i:16), leaderCommit=13, initializing? false, entries: size=1, first=(t:1, i:17), STATEMACHINELOGENTRY, client-57877EF1F934, cid=55
2019-09-19 12:10:38,275 [grpc-default-executor-1] WARN  server.GrpcLogAppender (LogUtils.java:warn(134)) - 0536a24c-34e3-4c8a-9a31-895de5497f4a@group-11E1763585E1->35717865-8144-46c5-963e-0895e96939ac-AppendLogResponseHandler: Failed appendEntries: org.apache.ratis.thirdparty.io.grpc.StatusRuntimeException: UNAVAILABLE: io exception
2019-09-19 12:10:38,284 [grpc-default-executor-1] INFO  impl.FollowerInfo (FollowerInfo.java:lambda$new$0(51)) - 0536a24c-34e3-4c8a-9a31-895de5497f4a@group-11E1763585E1->35717865-8144-46c5-963e-0895e96939ac: nextIndex: updateUnconditionally 10 -> 9
2019-09-19 12:10:38,313 [4736e737-07ca-4f6d-84d7-0ed6bd660367@group-7041D5508450-SegmentedRaftLogWorker] WARN  segmented.SegmentedRaftLogWorker (SegmentedRaftLogWorker.java:getFromFuture(90)) - Timeout 2/~
org.apache.ratis.protocol.TimeoutIOException: Timeout 10s: WriteLog:17: (t:6, i:17), STATEMACHINELOGENTRY, client-F1DE9C258D1C, cid=38-writeStateMachineData
	at org.apache.ratis.util.IOUtils.getFromFuture(IOUtils.java:87)
	at org.apache.ratis.server.raftlog.segmented.SegmentedRaftLogWorker$StateMachineDataPolicy.getFromFuture(SegmentedRaftLogWorker.java:87)
	at org.apache.ratis.server.raftlog.segmented.SegmentedRaftLogWorker$WriteLog.execute(SegmentedRaftLogWorker.java:477)
	at org.apache.ratis.server.raftlog.segmented.SegmentedRaftLogWorker.run(SegmentedRaftLogWorker.java:289)
	at java.lang.Thread.run(Thread.java:748)
Caused by: java.util.concurrent.TimeoutException
	at java.util.concurrent.CompletableFuture.timedGet(CompletableFuture.java:1771)
	at java.util.concurrent.CompletableFuture.get(CompletableFuture.java:1915)
	at org.apache.ratis.util.IOUtils.getFromFuture(IOUtils.java:79)
	... 4 more
2019-09-19 12:10:38,316 [7c8a32d9-49ab-449b-8cc8-032a8828a8ac@group-7041D5508450-SegmentedRaftLogWorker] WARN  segmented.SegmentedRaftLogWorker (SegmentedRaftLogWorker.java:getFromFuture(90)) - Timeout 2/~
org.apache.ratis.protocol.TimeoutIOException: Timeout 10s: WriteLog:17: (t:6, i:17), STATEMACHINELOGENTRY, client-F1DE9C258D1C, cid=38-writeStateMachineData
	at org.apache.ratis.util.IOUtils.getFromFuture(IOUtils.java:87)
	at org.apache.ratis.server.raftlog.segmented.SegmentedRaftLogWorker$StateMachineDataPolicy.getFromFuture(SegmentedRaftLogWorker.java:87)
	at org.apache.ratis.server.raftlog.segmented.SegmentedRaftLogWorker$WriteLog.execute(SegmentedRaftLogWorker.java:477)
	at org.apache.ratis.server.raftlog.segmented.SegmentedRaftLogWorker.run(SegmentedRaftLogWorker.java:289)
	at java.lang.Thread.run(Thread.java:748)
Caused by: java.util.concurrent.TimeoutException
	at java.util.concurrent.CompletableFuture.timedGet(CompletableFuture.java:1771)
	at java.util.concurrent.CompletableFuture.get(CompletableFuture.java:1915)
	at org.apache.ratis.util.IOUtils.getFromFuture(IOUtils.java:79)
	... 4 more
2019-09-19 12:10:38,373 [java.util.concurrent.ThreadPoolExecutor$Worker@4f8ba3d5[State = -1, empty queue]] WARN  server.GrpcLogAppender (GrpcLogAppender.java:timeoutAppendRequest(200)) - 1b83d917-1d73-4cac-8d1d-dc3b4981903d@group-7041D5508450->7c8a32d9-49ab-449b-8cc8-032a8828a8ac-GrpcLogAppender: appendEntries Timeout, request=1b83d917-1d73-4cac-8d1d-dc3b4981903d->7c8a32d9-49ab-449b-8cc8-032a8828a8ac#79-t6, previous=(t:6, i:20), leaderCommit=16, initializing? false, entries: <empty>
2019-09-19 12:10:38,373 [java.util.concurrent.ThreadPoolExecutor$Worker@5019c524[State = -1, empty queue]] WARN  server.GrpcLogAppender (GrpcLogAppender.java:timeoutAppendRequest(200)) - 1b83d917-1d73-4cac-8d1d-dc3b4981903d@group-7041D5508450->4736e737-07ca-4f6d-84d7-0ed6bd660367-GrpcLogAppender: appendEntries Timeout, request=1b83d917-1d73-4cac-8d1d-dc3b4981903d->4736e737-07ca-4f6d-84d7-0ed6bd660367#79-t6, previous=(t:6, i:20), leaderCommit=16, initializing? false, entries: <empty>
2019-09-19 12:10:38,611 [java.util.concurrent.ThreadPoolExecutor$Worker@3ef0e39a[State = -1, empty queue]] WARN  server.GrpcLogAppender (GrpcLogAppender.java:timeoutAppendRequest(200)) - a409f42d-bc3a-405f-bf07-8265a8a77aff@group-82AF4051E50B->587dad1b-1a08-4278-9ac1-e315232e0934-GrpcLogAppender: appendEntries Timeout, request=a409f42d-bc3a-405f-bf07-8265a8a77aff->587dad1b-1a08-4278-9ac1-e315232e0934#94-t1, previous=(t:1, i:17), leaderCommit=13, initializing? false, entries: <empty>
2019-09-19 12:10:38,611 [java.util.concurrent.ThreadPoolExecutor$Worker@5db7d907[State = -1, empty queue]] WARN  server.GrpcLogAppender (GrpcLogAppender.java:timeoutAppendRequest(200)) - a409f42d-bc3a-405f-bf07-8265a8a77aff@group-82AF4051E50B->9ff75243-8f90-489e-ad4c-fbb8c473db2a-GrpcLogAppender: appendEntries Timeout, request=a409f42d-bc3a-405f-bf07-8265a8a77aff->9ff75243-8f90-489e-ad4c-fbb8c473db2a#94-t1, previous=(t:1, i:17), leaderCommit=13, initializing? false, entries: <empty>
2019-09-19 12:10:38,776 [grpc-default-executor-9] WARN  server.GrpcLogAppender (LogUtils.java:warn(134)) - 0536a24c-34e3-4c8a-9a31-895de5497f4a@group-11E1763585E1->35717865-8144-46c5-963e-0895e96939ac-AppendLogResponseHandler: Failed appendEntries: org.apache.ratis.thirdparty.io.grpc.StatusRuntimeException: UNAVAILABLE: io exception
2019-09-19 12:10:38,781 [grpc-default-executor-9] INFO  impl.FollowerInfo (FollowerInfo.java:lambda$new$0(51)) - 0536a24c-34e3-4c8a-9a31-895de5497f4a@group-11E1763585E1->35717865-8144-46c5-963e-0895e96939ac: nextIndex: updateUnconditionally 9 -> 8
2019-09-19 12:10:38,873 [java.util.concurrent.ThreadPoolExecutor$Worker@4f8ba3d5[State = -1, empty queue]] WARN  server.GrpcLogAppender (GrpcLogAppender.java:timeoutAppendRequest(200)) - 1b83d917-1d73-4cac-8d1d-dc3b4981903d@group-7041D5508450->7c8a32d9-49ab-449b-8cc8-032a8828a8ac-GrpcLogAppender: appendEntries Timeout, request=1b83d917-1d73-4cac-8d1d-dc3b4981903d->7c8a32d9-49ab-449b-8cc8-032a8828a8ac#80-t6, previous=(t:6, i:20), leaderCommit=16, initializing? false, entries: <empty>
2019-09-19 12:10:38,873 [java.util.concurrent.ThreadPoolExecutor$Worker@5019c524[State = -1, empty queue]] WARN  server.GrpcLogAppender (GrpcLogAppender.java:timeoutAppendRequest(200)) - 1b83d917-1d73-4cac-8d1d-dc3b4981903d@group-7041D5508450->4736e737-07ca-4f6d-84d7-0ed6bd660367-GrpcLogAppender: appendEntries Timeout, request=1b83d917-1d73-4cac-8d1d-dc3b4981903d->4736e737-07ca-4f6d-84d7-0ed6bd660367#80-t6, previous=(t:6, i:20), leaderCommit=16, initializing? false, entries: <empty>
2019-09-19 12:10:39,111 [java.util.concurrent.ThreadPoolExecutor$Worker@5db7d907[State = -1, empty queue]] WARN  server.GrpcLogAppender (GrpcLogAppender.java:timeoutAppendRequest(200)) - a409f42d-bc3a-405f-bf07-8265a8a77aff@group-82AF4051E50B->9ff75243-8f90-489e-ad4c-fbb8c473db2a-GrpcLogAppender: appendEntries Timeout, request=a409f42d-bc3a-405f-bf07-8265a8a77aff->9ff75243-8f90-489e-ad4c-fbb8c473db2a#95-t1, previous=(t:1, i:17), leaderCommit=13, initializing? false, entries: <empty>
2019-09-19 12:10:39,111 [java.util.concurrent.ThreadPoolExecutor$Worker@3ef0e39a[State = -1, empty queue]] WARN  server.GrpcLogAppender (GrpcLogAppender.java:timeoutAppendRequest(200)) - a409f42d-bc3a-405f-bf07-8265a8a77aff@group-82AF4051E50B->587dad1b-1a08-4278-9ac1-e315232e0934-GrpcLogAppender: appendEntries Timeout, request=a409f42d-bc3a-405f-bf07-8265a8a77aff->587dad1b-1a08-4278-9ac1-e315232e0934#95-t1, previous=(t:1, i:17), leaderCommit=13, initializing? false, entries: <empty>
2019-09-19 12:10:39,277 [grpc-default-executor-9] WARN  server.GrpcLogAppender (LogUtils.java:warn(134)) - 0536a24c-34e3-4c8a-9a31-895de5497f4a@group-11E1763585E1->35717865-8144-46c5-963e-0895e96939ac-AppendLogResponseHandler: Failed appendEntries: org.apache.ratis.thirdparty.io.grpc.StatusRuntimeException: UNAVAILABLE: io exception
2019-09-19 12:10:39,280 [grpc-default-executor-9] INFO  impl.FollowerInfo (FollowerInfo.java:lambda$new$0(51)) - 0536a24c-34e3-4c8a-9a31-895de5497f4a@group-11E1763585E1->35717865-8144-46c5-963e-0895e96939ac: nextIndex: updateUnconditionally 8 -> 7
2019-09-19 12:10:39,369 [1b83d917-1d73-4cac-8d1d-dc3b4981903d@group-7041D5508450-SegmentedRaftLogWorker] WARN  segmented.SegmentedRaftLogWorker (SegmentedRaftLogWorker.java:getFromFuture(90)) - Timeout 2/~
org.apache.ratis.protocol.TimeoutIOException: Timeout 10s: WriteLog:19: (t:6, i:19), STATEMACHINELOGENTRY, client-F1DE9C258D1C, cid=40-writeStateMachineData
	at org.apache.ratis.util.IOUtils.getFromFuture(IOUtils.java:87)
	at org.apache.ratis.server.raftlog.segmented.SegmentedRaftLogWorker$StateMachineDataPolicy.getFromFuture(SegmentedRaftLogWorker.java:87)
	at org.apache.ratis.server.raftlog.segmented.SegmentedRaftLogWorker$WriteLog.execute(SegmentedRaftLogWorker.java:477)
	at org.apache.ratis.server.raftlog.segmented.SegmentedRaftLogWorker.run(SegmentedRaftLogWorker.java:289)
	at java.lang.Thread.run(Thread.java:748)
Caused by: java.util.concurrent.TimeoutException
	at java.util.concurrent.CompletableFuture.timedGet(CompletableFuture.java:1771)
	at java.util.concurrent.CompletableFuture.get(CompletableFuture.java:1915)
	at org.apache.ratis.util.IOUtils.getFromFuture(IOUtils.java:79)
	... 4 more
2019-09-19 12:10:39,374 [java.util.concurrent.ThreadPoolExecutor$Worker@4f8ba3d5[State = -1, empty queue]] WARN  server.GrpcLogAppender (GrpcLogAppender.java:timeoutAppendRequest(200)) - 1b83d917-1d73-4cac-8d1d-dc3b4981903d@group-7041D5508450->7c8a32d9-49ab-449b-8cc8-032a8828a8ac-GrpcLogAppender: appendEntries Timeout, request=1b83d917-1d73-4cac-8d1d-dc3b4981903d->7c8a32d9-49ab-449b-8cc8-032a8828a8ac#81-t6, previous=(t:6, i:20), leaderCommit=16, initializing? false, entries: <empty>
2019-09-19 12:10:39,374 [java.util.concurrent.ThreadPoolExecutor$Worker@5019c524[State = -1, empty queue]] WARN  server.GrpcLogAppender (GrpcLogAppender.java:timeoutAppendRequest(200)) - 1b83d917-1d73-4cac-8d1d-dc3b4981903d@group-7041D5508450->4736e737-07ca-4f6d-84d7-0ed6bd660367-GrpcLogAppender: appendEntries Timeout, request=1b83d917-1d73-4cac-8d1d-dc3b4981903d->4736e737-07ca-4f6d-84d7-0ed6bd660367#81-t6, previous=(t:6, i:20), leaderCommit=16, initializing? false, entries: <empty>
2019-09-19 12:10:39,612 [java.util.concurrent.ThreadPoolExecutor$Worker@5db7d907[State = -1, empty queue]] WARN  server.GrpcLogAppender (GrpcLogAppender.java:timeoutAppendRequest(200)) - a409f42d-bc3a-405f-bf07-8265a8a77aff@group-82AF4051E50B->9ff75243-8f90-489e-ad4c-fbb8c473db2a-GrpcLogAppender: appendEntries Timeout, request=a409f42d-bc3a-405f-bf07-8265a8a77aff->9ff75243-8f90-489e-ad4c-fbb8c473db2a#96-t1, previous=(t:1, i:17), leaderCommit=13, initializing? false, entries: <empty>
2019-09-19 12:10:39,612 [java.util.concurrent.ThreadPoolExecutor$Worker@3ef0e39a[State = -1, empty queue]] WARN  server.GrpcLogAppender (GrpcLogAppender.java:timeoutAppendRequest(200)) - a409f42d-bc3a-405f-bf07-8265a8a77aff@group-82AF4051E50B->587dad1b-1a08-4278-9ac1-e315232e0934-GrpcLogAppender: appendEntries Timeout, request=a409f42d-bc3a-405f-bf07-8265a8a77aff->587dad1b-1a08-4278-9ac1-e315232e0934#96-t1, previous=(t:1, i:17), leaderCommit=13, initializing? false, entries: <empty>
2019-09-19 12:10:39,778 [grpc-default-executor-8] WARN  server.GrpcLogAppender (LogUtils.java:warn(134)) - 0536a24c-34e3-4c8a-9a31-895de5497f4a@group-11E1763585E1->35717865-8144-46c5-963e-0895e96939ac-AppendLogResponseHandler: Failed appendEntries: org.apache.ratis.thirdparty.io.grpc.StatusRuntimeException: UNAVAILABLE: io exception
2019-09-19 12:10:39,781 [grpc-default-executor-8] INFO  impl.FollowerInfo (FollowerInfo.java:lambda$new$0(51)) - 0536a24c-34e3-4c8a-9a31-895de5497f4a@group-11E1763585E1->35717865-8144-46c5-963e-0895e96939ac: nextIndex: updateUnconditionally 7 -> 6
2019-09-19 12:10:39,874 [java.util.concurrent.ThreadPoolExecutor$Worker@4f8ba3d5[State = -1, empty queue]] WARN  server.GrpcLogAppender (GrpcLogAppender.java:timeoutAppendRequest(200)) - 1b83d917-1d73-4cac-8d1d-dc3b4981903d@group-7041D5508450->7c8a32d9-49ab-449b-8cc8-032a8828a8ac-GrpcLogAppender: appendEntries Timeout, request=1b83d917-1d73-4cac-8d1d-dc3b4981903d->7c8a32d9-49ab-449b-8cc8-032a8828a8ac#82-t6, previous=(t:6, i:20), leaderCommit=16, initializing? false, entries: <empty>
2019-09-19 12:10:39,874 [java.util.concurrent.ThreadPoolExecutor$Worker@5019c524[State = -1, empty queue]] WARN  server.GrpcLogAppender (GrpcLogAppender.java:timeoutAppendRequest(200)) - 1b83d917-1d73-4cac-8d1d-dc3b4981903d@group-7041D5508450->4736e737-07ca-4f6d-84d7-0ed6bd660367-GrpcLogAppender: appendEntries Timeout, request=1b83d917-1d73-4cac-8d1d-dc3b4981903d->4736e737-07ca-4f6d-84d7-0ed6bd660367#82-t6, previous=(t:6, i:20), leaderCommit=16, initializing? false, entries: <empty>
2019-09-19 12:10:40,112 [java.util.concurrent.ThreadPoolExecutor$Worker@5db7d907[State = -1, empty queue]] WARN  server.GrpcLogAppender (GrpcLogAppender.java:timeoutAppendRequest(200)) - a409f42d-bc3a-405f-bf07-8265a8a77aff@group-82AF4051E50B->9ff75243-8f90-489e-ad4c-fbb8c473db2a-GrpcLogAppender: appendEntries Timeout, request=a409f42d-bc3a-405f-bf07-8265a8a77aff->9ff75243-8f90-489e-ad4c-fbb8c473db2a#97-t1, previous=(t:1, i:17), leaderCommit=13, initializing? false, entries: <empty>
2019-09-19 12:10:40,112 [java.util.concurrent.ThreadPoolExecutor$Worker@3ef0e39a[State = -1, empty queue]] WARN  server.GrpcLogAppender (GrpcLogAppender.java:timeoutAppendRequest(200)) - a409f42d-bc3a-405f-bf07-8265a8a77aff@group-82AF4051E50B->587dad1b-1a08-4278-9ac1-e315232e0934-GrpcLogAppender: appendEntries Timeout, request=a409f42d-bc3a-405f-bf07-8265a8a77aff->587dad1b-1a08-4278-9ac1-e315232e0934#97-t1, previous=(t:1, i:17), leaderCommit=13, initializing? false, entries: <empty>
2019-09-19 12:10:40,150 [grpc-default-executor-8] INFO  client.GrpcClientProtocolClient (GrpcClientProtocolClient.java:onNext(264)) - client-57877EF1F934->9ff75243-8f90-489e-ad4c-fbb8c473db2a: receive RaftClientReply:client-57877EF1F934->9ff75243-8f90-489e-ad4c-fbb8c473db2a@group-82AF4051E50B, cid=52, FAILED org.apache.ratis.protocol.NotLeaderException: Server 9ff75243-8f90-489e-ad4c-fbb8c473db2a@group-82AF4051E50B is not the leader a409f42d-bc3a-405f-bf07-8265a8a77aff:192.168.157.252:38022, logIndex=0, commits[9ff75243-8f90-489e-ad4c-fbb8c473db2a:c13, 587dad1b-1a08-4278-9ac1-e315232e0934:c11, a409f42d-bc3a-405f-bf07-8265a8a77aff:c13]
2019-09-19 12:10:40,279 [grpc-default-executor-9] WARN  server.GrpcLogAppender (LogUtils.java:warn(134)) - 0536a24c-34e3-4c8a-9a31-895de5497f4a@group-11E1763585E1->35717865-8144-46c5-963e-0895e96939ac-AppendLogResponseHandler: Failed appendEntries: org.apache.ratis.thirdparty.io.grpc.StatusRuntimeException: UNAVAILABLE: io exception
2019-09-19 12:10:40,283 [grpc-default-executor-9] INFO  impl.FollowerInfo (FollowerInfo.java:lambda$new$0(51)) - 0536a24c-34e3-4c8a-9a31-895de5497f4a@group-11E1763585E1->35717865-8144-46c5-963e-0895e96939ac: nextIndex: updateUnconditionally 6 -> 5
2019-09-19 12:10:40,375 [java.util.concurrent.ThreadPoolExecutor$Worker@5019c524[State = -1, empty queue]] WARN  server.GrpcLogAppender (GrpcLogAppender.java:timeoutAppendRequest(200)) - 1b83d917-1d73-4cac-8d1d-dc3b4981903d@group-7041D5508450->4736e737-07ca-4f6d-84d7-0ed6bd660367-GrpcLogAppender: appendEntries Timeout, request=1b83d917-1d73-4cac-8d1d-dc3b4981903d->4736e737-07ca-4f6d-84d7-0ed6bd660367#83-t6, previous=(t:6, i:20), leaderCommit=16, initializing? false, entries: <empty>
2019-09-19 12:10:40,375 [java.util.concurrent.ThreadPoolExecutor$Worker@4f8ba3d5[State = -1, empty queue]] WARN  server.GrpcLogAppender (GrpcLogAppender.java:timeoutAppendRequest(200)) - 1b83d917-1d73-4cac-8d1d-dc3b4981903d@group-7041D5508450->7c8a32d9-49ab-449b-8cc8-032a8828a8ac-GrpcLogAppender: appendEntries Timeout, request=1b83d917-1d73-4cac-8d1d-dc3b4981903d->7c8a32d9-49ab-449b-8cc8-032a8828a8ac#83-t6, previous=(t:6, i:20), leaderCommit=16, initializing? false, entries: <empty>
2019-09-19 12:10:40,612 [java.util.concurrent.ThreadPoolExecutor$Worker@5db7d907[State = -1, empty queue]] WARN  server.GrpcLogAppender (GrpcLogAppender.java:timeoutAppendRequest(200)) - a409f42d-bc3a-405f-bf07-8265a8a77aff@group-82AF4051E50B->9ff75243-8f90-489e-ad4c-fbb8c473db2a-GrpcLogAppender: appendEntries Timeout, request=a409f42d-bc3a-405f-bf07-8265a8a77aff->9ff75243-8f90-489e-ad4c-fbb8c473db2a#98-t1, previous=(t:1, i:17), leaderCommit=13, initializing? false, entries: <empty>
2019-09-19 12:10:40,612 [java.util.concurrent.ThreadPoolExecutor$Worker@3ef0e39a[State = -1, empty queue]] WARN  server.GrpcLogAppender (GrpcLogAppender.java:timeoutAppendRequest(200)) - a409f42d-bc3a-405f-bf07-8265a8a77aff@group-82AF4051E50B->587dad1b-1a08-4278-9ac1-e315232e0934-GrpcLogAppender: appendEntries Timeout, request=a409f42d-bc3a-405f-bf07-8265a8a77aff->587dad1b-1a08-4278-9ac1-e315232e0934#98-t1, previous=(t:1, i:17), leaderCommit=13, initializing? false, entries: <empty>
2019-09-19 12:10:40,781 [grpc-default-executor-8] WARN  server.GrpcLogAppender (LogUtils.java:warn(134)) - 0536a24c-34e3-4c8a-9a31-895de5497f4a@group-11E1763585E1->35717865-8144-46c5-963e-0895e96939ac-AppendLogResponseHandler: Failed appendEntries: org.apache.ratis.thirdparty.io.grpc.StatusRuntimeException: UNAVAILABLE: io exception
2019-09-19 12:10:40,790 [grpc-default-executor-8] INFO  impl.FollowerInfo (FollowerInfo.java:lambda$new$0(51)) - 0536a24c-34e3-4c8a-9a31-895de5497f4a@group-11E1763585E1->35717865-8144-46c5-963e-0895e96939ac: nextIndex: updateUnconditionally 5 -> 4
2019-09-19 12:10:40,877 [java.util.concurrent.ThreadPoolExecutor$Worker@5019c524[State = -1, empty queue]] WARN  server.GrpcLogAppender (GrpcLogAppender.java:timeoutAppendRequest(200)) - 1b83d917-1d73-4cac-8d1d-dc3b4981903d@group-7041D5508450->4736e737-07ca-4f6d-84d7-0ed6bd660367-GrpcLogAppender: appendEntries Timeout, request=1b83d917-1d73-4cac-8d1d-dc3b4981903d->4736e737-07ca-4f6d-84d7-0ed6bd660367#84-t6, previous=(t:6, i:20), leaderCommit=16, initializing? false, entries: <empty>
2019-09-19 12:10:40,877 [java.util.concurrent.ThreadPoolExecutor$Worker@4f8ba3d5[State = -1, empty queue]] WARN  server.GrpcLogAppender (GrpcLogAppender.java:timeoutAppendRequest(200)) - 1b83d917-1d73-4cac-8d1d-dc3b4981903d@group-7041D5508450->7c8a32d9-49ab-449b-8cc8-032a8828a8ac-GrpcLogAppender: appendEntries Timeout, request=1b83d917-1d73-4cac-8d1d-dc3b4981903d->7c8a32d9-49ab-449b-8cc8-032a8828a8ac#84-t6, previous=(t:6, i:20), leaderCommit=16, initializing? false, entries: <empty>
2019-09-19 12:10:41,113 [java.util.concurrent.ThreadPoolExecutor$Worker@3ef0e39a[State = -1, empty queue]] WARN  server.GrpcLogAppender (GrpcLogAppender.java:timeoutAppendRequest(200)) - a409f42d-bc3a-405f-bf07-8265a8a77aff@group-82AF4051E50B->587dad1b-1a08-4278-9ac1-e315232e0934-GrpcLogAppender: appendEntries Timeout, request=a409f42d-bc3a-405f-bf07-8265a8a77aff->587dad1b-1a08-4278-9ac1-e315232e0934#99-t1, previous=(t:1, i:17), leaderCommit=13, initializing? false, entries: <empty>
2019-09-19 12:10:41,113 [java.util.concurrent.ThreadPoolExecutor$Worker@5db7d907[State = -1, empty queue]] WARN  server.GrpcLogAppender (GrpcLogAppender.java:timeoutAppendRequest(200)) - a409f42d-bc3a-405f-bf07-8265a8a77aff@group-82AF4051E50B->9ff75243-8f90-489e-ad4c-fbb8c473db2a-GrpcLogAppender: appendEntries Timeout, request=a409f42d-bc3a-405f-bf07-8265a8a77aff->9ff75243-8f90-489e-ad4c-fbb8c473db2a#99-t1, previous=(t:1, i:17), leaderCommit=13, initializing? false, entries: <empty>
2019-09-19 12:10:41,282 [grpc-default-executor-1] WARN  server.GrpcLogAppender (LogUtils.java:warn(134)) - 0536a24c-34e3-4c8a-9a31-895de5497f4a@group-11E1763585E1->35717865-8144-46c5-963e-0895e96939ac-AppendLogResponseHandler: Failed appendEntries: org.apache.ratis.thirdparty.io.grpc.StatusRuntimeException: UNAVAILABLE: io exception
2019-09-19 12:10:41,286 [grpc-default-executor-1] INFO  impl.FollowerInfo (FollowerInfo.java:lambda$new$0(51)) - 0536a24c-34e3-4c8a-9a31-895de5497f4a@group-11E1763585E1->35717865-8144-46c5-963e-0895e96939ac: nextIndex: updateUnconditionally 4 -> 3
2019-09-19 12:10:41,377 [java.util.concurrent.ThreadPoolExecutor$Worker@4f8ba3d5[State = -1, empty queue]] WARN  server.GrpcLogAppender (GrpcLogAppender.java:timeoutAppendRequest(200)) - 1b83d917-1d73-4cac-8d1d-dc3b4981903d@group-7041D5508450->7c8a32d9-49ab-449b-8cc8-032a8828a8ac-GrpcLogAppender: appendEntries Timeout, request=1b83d917-1d73-4cac-8d1d-dc3b4981903d->7c8a32d9-49ab-449b-8cc8-032a8828a8ac#85-t6, previous=(t:6, i:20), leaderCommit=16, initializing? false, entries: <empty>
2019-09-19 12:10:41,377 [java.util.concurrent.ThreadPoolExecutor$Worker@5019c524[State = -1, empty queue]] WARN  server.GrpcLogAppender (GrpcLogAppender.java:timeoutAppendRequest(200)) - 1b83d917-1d73-4cac-8d1d-dc3b4981903d@group-7041D5508450->4736e737-07ca-4f6d-84d7-0ed6bd660367-GrpcLogAppender: appendEntries Timeout, request=1b83d917-1d73-4cac-8d1d-dc3b4981903d->4736e737-07ca-4f6d-84d7-0ed6bd660367#85-t6, previous=(t:6, i:20), leaderCommit=16, initializing? false, entries: <empty>
2019-09-19 12:10:41,614 [java.util.concurrent.ThreadPoolExecutor$Worker@3ef0e39a[State = -1, empty queue]] WARN  server.GrpcLogAppender (GrpcLogAppender.java:timeoutAppendRequest(200)) - a409f42d-bc3a-405f-bf07-8265a8a77aff@group-82AF4051E50B->587dad1b-1a08-4278-9ac1-e315232e0934-GrpcLogAppender: appendEntries Timeout, request=a409f42d-bc3a-405f-bf07-8265a8a77aff->587dad1b-1a08-4278-9ac1-e315232e0934#100-t1, previous=(t:1, i:17), leaderCommit=13, initializing? false, entries: <empty>
2019-09-19 12:10:41,614 [java.util.concurrent.ThreadPoolExecutor$Worker@5db7d907[State = -1, empty queue]] WARN  server.GrpcLogAppender (GrpcLogAppender.java:timeoutAppendRequest(200)) - a409f42d-bc3a-405f-bf07-8265a8a77aff@group-82AF4051E50B->9ff75243-8f90-489e-ad4c-fbb8c473db2a-GrpcLogAppender: appendEntries Timeout, request=a409f42d-bc3a-405f-bf07-8265a8a77aff->9ff75243-8f90-489e-ad4c-fbb8c473db2a#100-t1, previous=(t:1, i:17), leaderCommit=13, initializing? false, entries: <empty>
2019-09-19 12:10:41,783 [grpc-default-executor-9] WARN  server.GrpcLogAppender (LogUtils.java:warn(134)) - 0536a24c-34e3-4c8a-9a31-895de5497f4a@group-11E1763585E1->35717865-8144-46c5-963e-0895e96939ac-AppendLogResponseHandler: Failed appendEntries: org.apache.ratis.thirdparty.io.grpc.StatusRuntimeException: UNAVAILABLE: io exception
2019-09-19 12:10:41,789 [grpc-default-executor-9] INFO  impl.FollowerInfo (FollowerInfo.java:lambda$new$0(51)) - 0536a24c-34e3-4c8a-9a31-895de5497f4a@group-11E1763585E1->35717865-8144-46c5-963e-0895e96939ac: nextIndex: updateUnconditionally 3 -> 2
2019-09-19 12:10:41,877 [java.util.concurrent.ThreadPoolExecutor$Worker@4f8ba3d5[State = -1, empty queue]] WARN  server.GrpcLogAppender (GrpcLogAppender.java:timeoutAppendRequest(200)) - 1b83d917-1d73-4cac-8d1d-dc3b4981903d@group-7041D5508450->7c8a32d9-49ab-449b-8cc8-032a8828a8ac-GrpcLogAppender: appendEntries Timeout, request=1b83d917-1d73-4cac-8d1d-dc3b4981903d->7c8a32d9-49ab-449b-8cc8-032a8828a8ac#86-t6, previous=(t:6, i:20), leaderCommit=16, initializing? false, entries: <empty>
2019-09-19 12:10:41,877 [java.util.concurrent.ThreadPoolExecutor$Worker@5019c524[State = -1, empty queue]] WARN  server.GrpcLogAppender (GrpcLogAppender.java:timeoutAppendRequest(200)) - 1b83d917-1d73-4cac-8d1d-dc3b4981903d@group-7041D5508450->4736e737-07ca-4f6d-84d7-0ed6bd660367-GrpcLogAppender: appendEntries Timeout, request=1b83d917-1d73-4cac-8d1d-dc3b4981903d->4736e737-07ca-4f6d-84d7-0ed6bd660367#86-t6, previous=(t:6, i:20), leaderCommit=16, initializing? false, entries: <empty>
2019-09-19 12:10:42,133 [java.util.concurrent.ThreadPoolExecutor$Worker@3ef0e39a[State = -1, empty queue]] WARN  server.GrpcLogAppender (GrpcLogAppender.java:timeoutAppendRequest(200)) - a409f42d-bc3a-405f-bf07-8265a8a77aff@group-82AF4051E50B->587dad1b-1a08-4278-9ac1-e315232e0934-GrpcLogAppender: appendEntries Timeout, request=a409f42d-bc3a-405f-bf07-8265a8a77aff->587dad1b-1a08-4278-9ac1-e315232e0934#101-t1, previous=(t:1, i:17), leaderCommit=13, initializing? false, entries: <empty>
2019-09-19 12:10:42,133 [java.util.concurrent.ThreadPoolExecutor$Worker@5db7d907[State = -1, empty queue]] WARN  server.GrpcLogAppender (GrpcLogAppender.java:timeoutAppendRequest(200)) - a409f42d-bc3a-405f-bf07-8265a8a77aff@group-82AF4051E50B->9ff75243-8f90-489e-ad4c-fbb8c473db2a-GrpcLogAppender: appendEntries Timeout, request=a409f42d-bc3a-405f-bf07-8265a8a77aff->9ff75243-8f90-489e-ad4c-fbb8c473db2a#101-t1, previous=(t:1, i:17), leaderCommit=13, initializing? false, entries: <empty>
2019-09-19 12:10:42,286 [grpc-default-executor-1] WARN  server.GrpcLogAppender (LogUtils.java:warn(134)) - 0536a24c-34e3-4c8a-9a31-895de5497f4a@group-11E1763585E1->35717865-8144-46c5-963e-0895e96939ac-AppendLogResponseHandler: Failed appendEntries: org.apache.ratis.thirdparty.io.grpc.StatusRuntimeException: UNAVAILABLE: io exception
2019-09-19 12:10:42,293 [grpc-default-executor-1] INFO  impl.FollowerInfo (FollowerInfo.java:lambda$new$0(51)) - 0536a24c-34e3-4c8a-9a31-895de5497f4a@group-11E1763585E1->35717865-8144-46c5-963e-0895e96939ac: nextIndex: updateUnconditionally 2 -> 1
2019-09-19 12:10:42,377 [java.util.concurrent.ThreadPoolExecutor$Worker@4f8ba3d5[State = -1, empty queue]] WARN  server.GrpcLogAppender (GrpcLogAppender.java:timeoutAppendRequest(200)) - 1b83d917-1d73-4cac-8d1d-dc3b4981903d@group-7041D5508450->7c8a32d9-49ab-449b-8cc8-032a8828a8ac-GrpcLogAppender: appendEntries Timeout, request=1b83d917-1d73-4cac-8d1d-dc3b4981903d->7c8a32d9-49ab-449b-8cc8-032a8828a8ac#87-t6, previous=(t:6, i:20), leaderCommit=16, initializing? false, entries: <empty>
2019-09-19 12:10:42,378 [java.util.concurrent.ThreadPoolExecutor$Worker@5019c524[State = -1, empty queue]] WARN  server.GrpcLogAppender (GrpcLogAppender.java:timeoutAppendRequest(200)) - 1b83d917-1d73-4cac-8d1d-dc3b4981903d@group-7041D5508450->4736e737-07ca-4f6d-84d7-0ed6bd660367-GrpcLogAppender: appendEntries Timeout, request=1b83d917-1d73-4cac-8d1d-dc3b4981903d->4736e737-07ca-4f6d-84d7-0ed6bd660367#87-t6, previous=(t:6, i:20), leaderCommit=16, initializing? false, entries: <empty>
2019-09-19 12:10:42,633 [java.util.concurrent.ThreadPoolExecutor$Worker@5db7d907[State = -1, empty queue]] WARN  server.GrpcLogAppender (GrpcLogAppender.java:timeoutAppendRequest(200)) - a409f42d-bc3a-405f-bf07-8265a8a77aff@group-82AF4051E50B->9ff75243-8f90-489e-ad4c-fbb8c473db2a-GrpcLogAppender: appendEntries Timeout, request=a409f42d-bc3a-405f-bf07-8265a8a77aff->9ff75243-8f90-489e-ad4c-fbb8c473db2a#102-t1, previous=(t:1, i:17), leaderCommit=13, initializing? false, entries: <empty>
2019-09-19 12:10:42,633 [java.util.concurrent.ThreadPoolExecutor$Worker@3ef0e39a[State = -1, empty queue]] WARN  server.GrpcLogAppender (GrpcLogAppender.java:timeoutAppendRequest(200)) - a409f42d-bc3a-405f-bf07-8265a8a77aff@group-82AF4051E50B->587dad1b-1a08-4278-9ac1-e315232e0934-GrpcLogAppender: appendEntries Timeout, request=a409f42d-bc3a-405f-bf07-8265a8a77aff->587dad1b-1a08-4278-9ac1-e315232e0934#102-t1, previous=(t:1, i:17), leaderCommit=13, initializing? false, entries: <empty>
2019-09-19 12:10:42,787 [grpc-default-executor-8] WARN  server.GrpcLogAppender (LogUtils.java:warn(134)) - 0536a24c-34e3-4c8a-9a31-895de5497f4a@group-11E1763585E1->35717865-8144-46c5-963e-0895e96939ac-AppendLogResponseHandler: Failed appendEntries: org.apache.ratis.thirdparty.io.grpc.StatusRuntimeException: UNAVAILABLE: io exception
2019-09-19 12:10:42,791 [grpc-default-executor-8] INFO  impl.FollowerInfo (FollowerInfo.java:lambda$new$0(51)) - 0536a24c-34e3-4c8a-9a31-895de5497f4a@group-11E1763585E1->35717865-8144-46c5-963e-0895e96939ac: nextIndex: updateUnconditionally 1 -> 0
2019-09-19 12:10:42,878 [java.util.concurrent.ThreadPoolExecutor$Worker@4f8ba3d5[State = -1, empty queue]] WARN  server.GrpcLogAppender (GrpcLogAppender.java:timeoutAppendRequest(200)) - 1b83d917-1d73-4cac-8d1d-dc3b4981903d@group-7041D5508450->7c8a32d9-49ab-449b-8cc8-032a8828a8ac-GrpcLogAppender: appendEntries Timeout, request=1b83d917-1d73-4cac-8d1d-dc3b4981903d->7c8a32d9-49ab-449b-8cc8-032a8828a8ac#88-t6, previous=(t:6, i:20), leaderCommit=16, initializing? false, entries: <empty>
2019-09-19 12:10:42,878 [java.util.concurrent.ThreadPoolExecutor$Worker@5019c524[State = -1, empty queue]] WARN  server.GrpcLogAppender (GrpcLogAppender.java:timeoutAppendRequest(200)) - 1b83d917-1d73-4cac-8d1d-dc3b4981903d@group-7041D5508450->4736e737-07ca-4f6d-84d7-0ed6bd660367-GrpcLogAppender: appendEntries Timeout, request=1b83d917-1d73-4cac-8d1d-dc3b4981903d->4736e737-07ca-4f6d-84d7-0ed6bd660367#88-t6, previous=(t:6, i:20), leaderCommit=16, initializing? false, entries: <empty>
2019-09-19 12:10:43,134 [java.util.concurrent.ThreadPoolExecutor$Worker@3ef0e39a[State = -1, empty queue]] WARN  server.GrpcLogAppender (GrpcLogAppender.java:timeoutAppendRequest(200)) - a409f42d-bc3a-405f-bf07-8265a8a77aff@group-82AF4051E50B->587dad1b-1a08-4278-9ac1-e315232e0934-GrpcLogAppender: appendEntries Timeout, request=a409f42d-bc3a-405f-bf07-8265a8a77aff->587dad1b-1a08-4278-9ac1-e315232e0934#103-t1, previous=(t:1, i:17), leaderCommit=13, initializing? false, entries: <empty>
2019-09-19 12:10:43,134 [java.util.concurrent.ThreadPoolExecutor$Worker@5db7d907[State = -1, empty queue]] WARN  server.GrpcLogAppender (GrpcLogAppender.java:timeoutAppendRequest(200)) - a409f42d-bc3a-405f-bf07-8265a8a77aff@group-82AF4051E50B->9ff75243-8f90-489e-ad4c-fbb8c473db2a-GrpcLogAppender: appendEntries Timeout, request=a409f42d-bc3a-405f-bf07-8265a8a77aff->9ff75243-8f90-489e-ad4c-fbb8c473db2a#103-t1, previous=(t:1, i:17), leaderCommit=13, initializing? false, entries: <empty>
2019-09-19 12:10:43,287 [grpc-default-executor-1] WARN  server.GrpcLogAppender (LogUtils.java:warn(134)) - 0536a24c-34e3-4c8a-9a31-895de5497f4a@group-11E1763585E1->35717865-8144-46c5-963e-0895e96939ac-AppendLogResponseHandler: Failed appendEntries: org.apache.ratis.thirdparty.io.grpc.StatusRuntimeException: UNAVAILABLE: io exception
2019-09-19 12:10:43,290 [grpc-default-executor-1] INFO  impl.FollowerInfo (FollowerInfo.java:lambda$new$0(51)) - 0536a24c-34e3-4c8a-9a31-895de5497f4a@group-11E1763585E1->35717865-8144-46c5-963e-0895e96939ac: nextIndex: updateUnconditionally 0 -> 0
2019-09-19 12:10:43,378 [java.util.concurrent.ThreadPoolExecutor$Worker@4f8ba3d5[State = -1, empty queue]] WARN  server.GrpcLogAppender (GrpcLogAppender.java:timeoutAppendRequest(200)) - 1b83d917-1d73-4cac-8d1d-dc3b4981903d@group-7041D5508450->7c8a32d9-49ab-449b-8cc8-032a8828a8ac-GrpcLogAppender: appendEntries Timeout, request=1b83d917-1d73-4cac-8d1d-dc3b4981903d->7c8a32d9-49ab-449b-8cc8-032a8828a8ac#89-t6, previous=(t:6, i:20), leaderCommit=16, initializing? false, entries: <empty>
2019-09-19 12:10:43,378 [java.util.concurrent.ThreadPoolExecutor$Worker@5019c524[State = -1, empty queue]] WARN  server.GrpcLogAppender (GrpcLogAppender.java:timeoutAppendRequest(200)) - 1b83d917-1d73-4cac-8d1d-dc3b4981903d@group-7041D5508450->4736e737-07ca-4f6d-84d7-0ed6bd660367-GrpcLogAppender: appendEntries Timeout, request=1b83d917-1d73-4cac-8d1d-dc3b4981903d->4736e737-07ca-4f6d-84d7-0ed6bd660367#89-t6, previous=(t:6, i:20), leaderCommit=16, initializing? false, entries: <empty>
2019-09-19 12:10:43,634 [java.util.concurrent.ThreadPoolExecutor$Worker@5db7d907[State = -1, empty queue]] WARN  server.GrpcLogAppender (GrpcLogAppender.java:timeoutAppendRequest(200)) - a409f42d-bc3a-405f-bf07-8265a8a77aff@group-82AF4051E50B->9ff75243-8f90-489e-ad4c-fbb8c473db2a-GrpcLogAppender: appendEntries Timeout, request=a409f42d-bc3a-405f-bf07-8265a8a77aff->9ff75243-8f90-489e-ad4c-fbb8c473db2a#104-t1, previous=(t:1, i:17), leaderCommit=13, initializing? false, entries: <empty>
2019-09-19 12:10:43,635 [java.util.concurrent.ThreadPoolExecutor$Worker@3ef0e39a[State = -1, empty queue]] WARN  server.GrpcLogAppender (GrpcLogAppender.java:timeoutAppendRequest(200)) - a409f42d-bc3a-405f-bf07-8265a8a77aff@group-82AF4051E50B->587dad1b-1a08-4278-9ac1-e315232e0934-GrpcLogAppender: appendEntries Timeout, request=a409f42d-bc3a-405f-bf07-8265a8a77aff->587dad1b-1a08-4278-9ac1-e315232e0934#104-t1, previous=(t:1, i:17), leaderCommit=13, initializing? false, entries: <empty>
2019-09-19 12:10:43,789 [grpc-default-executor-9] WARN  server.GrpcLogAppender (LogUtils.java:warn(134)) - 0536a24c-34e3-4c8a-9a31-895de5497f4a@group-11E1763585E1->35717865-8144-46c5-963e-0895e96939ac-AppendLogResponseHandler: Failed appendEntries: org.apache.ratis.thirdparty.io.grpc.StatusRuntimeException: UNAVAILABLE: io exception
2019-09-19 12:10:43,799 [grpc-default-executor-9] INFO  impl.FollowerInfo (FollowerInfo.java:lambda$new$0(51)) - 0536a24c-34e3-4c8a-9a31-895de5497f4a@group-11E1763585E1->35717865-8144-46c5-963e-0895e96939ac: nextIndex: updateUnconditionally 0 -> 0
2019-09-19 12:10:43,878 [java.util.concurrent.ThreadPoolExecutor$Worker@4f8ba3d5[State = -1, empty queue]] WARN  server.GrpcLogAppender (GrpcLogAppender.java:timeoutAppendRequest(200)) - 1b83d917-1d73-4cac-8d1d-dc3b4981903d@group-7041D5508450->7c8a32d9-49ab-449b-8cc8-032a8828a8ac-GrpcLogAppender: appendEntries Timeout, request=1b83d917-1d73-4cac-8d1d-dc3b4981903d->7c8a32d9-49ab-449b-8cc8-032a8828a8ac#90-t6, previous=(t:6, i:20), leaderCommit=16, initializing? false, entries: <empty>
2019-09-19 12:10:43,878 [java.util.concurrent.ThreadPoolExecutor$Worker@5019c524[State = -1, empty queue]] WARN  server.GrpcLogAppender (GrpcLogAppender.java:timeoutAppendRequest(200)) - 1b83d917-1d73-4cac-8d1d-dc3b4981903d@group-7041D5508450->4736e737-07ca-4f6d-84d7-0ed6bd660367-GrpcLogAppender: appendEntries Timeout, request=1b83d917-1d73-4cac-8d1d-dc3b4981903d->4736e737-07ca-4f6d-84d7-0ed6bd660367#90-t6, previous=(t:6, i:20), leaderCommit=16, initializing? false, entries: <empty>
2019-09-19 12:10:44,134 [java.util.concurrent.ThreadPoolExecutor$Worker@3ef0e39a[State = -1, empty queue]] WARN  server.GrpcLogAppender (GrpcLogAppender.java:timeoutAppendRequest(200)) - a409f42d-bc3a-405f-bf07-8265a8a77aff@group-82AF4051E50B->587dad1b-1a08-4278-9ac1-e315232e0934-GrpcLogAppender: appendEntries Timeout, request=a409f42d-bc3a-405f-bf07-8265a8a77aff->587dad1b-1a08-4278-9ac1-e315232e0934#105-t1, previous=(t:1, i:17), leaderCommit=13, initializing? false, entries: <empty>
2019-09-19 12:10:44,134 [java.util.concurrent.ThreadPoolExecutor$Worker@5db7d907[State = -1, empty queue]] WARN  server.GrpcLogAppender (GrpcLogAppender.java:timeoutAppendRequest(200)) - a409f42d-bc3a-405f-bf07-8265a8a77aff@group-82AF4051E50B->9ff75243-8f90-489e-ad4c-fbb8c473db2a-GrpcLogAppender: appendEntries Timeout, request=a409f42d-bc3a-405f-bf07-8265a8a77aff->9ff75243-8f90-489e-ad4c-fbb8c473db2a#105-t1, previous=(t:1, i:17), leaderCommit=13, initializing? false, entries: <empty>
2019-09-19 12:10:44,289 [grpc-default-executor-9] WARN  server.GrpcLogAppender (LogUtils.java:warn(134)) - 0536a24c-34e3-4c8a-9a31-895de5497f4a@group-11E1763585E1->35717865-8144-46c5-963e-0895e96939ac-AppendLogResponseHandler: Failed appendEntries: org.apache.ratis.thirdparty.io.grpc.StatusRuntimeException: UNAVAILABLE: io exception
2019-09-19 12:10:44,298 [grpc-default-executor-9] INFO  impl.FollowerInfo (FollowerInfo.java:lambda$new$0(51)) - 0536a24c-34e3-4c8a-9a31-895de5497f4a@group-11E1763585E1->35717865-8144-46c5-963e-0895e96939ac: nextIndex: updateUnconditionally 0 -> 0
2019-09-19 12:10:44,378 [java.util.concurrent.ThreadPoolExecutor$Worker@5019c524[State = -1, empty queue]] WARN  server.GrpcLogAppender (GrpcLogAppender.java:timeoutAppendRequest(200)) - 1b83d917-1d73-4cac-8d1d-dc3b4981903d@group-7041D5508450->4736e737-07ca-4f6d-84d7-0ed6bd660367-GrpcLogAppender: appendEntries Timeout, request=1b83d917-1d73-4cac-8d1d-dc3b4981903d->4736e737-07ca-4f6d-84d7-0ed6bd660367#91-t6, previous=(t:6, i:20), leaderCommit=16, initializing? false, entries: <empty>
2019-09-19 12:10:44,378 [java.util.concurrent.ThreadPoolExecutor$Worker@4f8ba3d5[State = -1, empty queue]] WARN  server.GrpcLogAppender (GrpcLogAppender.java:timeoutAppendRequest(200)) - 1b83d917-1d73-4cac-8d1d-dc3b4981903d@group-7041D5508450->7c8a32d9-49ab-449b-8cc8-032a8828a8ac-GrpcLogAppender: appendEntries Timeout, request=1b83d917-1d73-4cac-8d1d-dc3b4981903d->7c8a32d9-49ab-449b-8cc8-032a8828a8ac#91-t6, previous=(t:6, i:20), leaderCommit=16, initializing? false, entries: <empty>
2019-09-19 12:10:44,635 [java.util.concurrent.ThreadPoolExecutor$Worker@5db7d907[State = -1, empty queue]] WARN  server.GrpcLogAppender (GrpcLogAppender.java:timeoutAppendRequest(200)) - a409f42d-bc3a-405f-bf07-8265a8a77aff@group-82AF4051E50B->9ff75243-8f90-489e-ad4c-fbb8c473db2a-GrpcLogAppender: appendEntries Timeout, request=a409f42d-bc3a-405f-bf07-8265a8a77aff->9ff75243-8f90-489e-ad4c-fbb8c473db2a#106-t1, previous=(t:1, i:17), leaderCommit=13, initializing? false, entries: <empty>
2019-09-19 12:10:44,635 [java.util.concurrent.ThreadPoolExecutor$Worker@3ef0e39a[State = -1, empty queue]] WARN  server.GrpcLogAppender (GrpcLogAppender.java:timeoutAppendRequest(200)) - a409f42d-bc3a-405f-bf07-8265a8a77aff@group-82AF4051E50B->587dad1b-1a08-4278-9ac1-e315232e0934-GrpcLogAppender: appendEntries Timeout, request=a409f42d-bc3a-405f-bf07-8265a8a77aff->587dad1b-1a08-4278-9ac1-e315232e0934#106-t1, previous=(t:1, i:17), leaderCommit=13, initializing? false, entries: <empty>
2019-09-19 12:10:44,806 [grpc-default-executor-8] WARN  server.GrpcLogAppender (LogUtils.java:warn(134)) - 0536a24c-34e3-4c8a-9a31-895de5497f4a@group-11E1763585E1->35717865-8144-46c5-963e-0895e96939ac-AppendLogResponseHandler: Failed appendEntries: org.apache.ratis.thirdparty.io.grpc.StatusRuntimeException: UNAVAILABLE: io exception
2019-09-19 12:10:44,807 [grpc-default-executor-8] INFO  impl.FollowerInfo (FollowerInfo.java:lambda$new$0(51)) - 0536a24c-34e3-4c8a-9a31-895de5497f4a@group-11E1763585E1->35717865-8144-46c5-963e-0895e96939ac: nextIndex: updateUnconditionally 0 -> 0
2019-09-19 12:10:44,879 [java.util.concurrent.ThreadPoolExecutor$Worker@4f8ba3d5[State = -1, empty queue]] WARN  server.GrpcLogAppender (GrpcLogAppender.java:timeoutAppendRequest(200)) - 1b83d917-1d73-4cac-8d1d-dc3b4981903d@group-7041D5508450->7c8a32d9-49ab-449b-8cc8-032a8828a8ac-GrpcLogAppender: appendEntries Timeout, request=1b83d917-1d73-4cac-8d1d-dc3b4981903d->7c8a32d9-49ab-449b-8cc8-032a8828a8ac#92-t6, previous=(t:6, i:20), leaderCommit=16, initializing? false, entries: <empty>
2019-09-19 12:10:44,879 [java.util.concurrent.ThreadPoolExecutor$Worker@5019c524[State = -1, empty queue]] WARN  server.GrpcLogAppender (GrpcLogAppender.java:timeoutAppendRequest(200)) - 1b83d917-1d73-4cac-8d1d-dc3b4981903d@group-7041D5508450->4736e737-07ca-4f6d-84d7-0ed6bd660367-GrpcLogAppender: appendEntries Timeout, request=1b83d917-1d73-4cac-8d1d-dc3b4981903d->4736e737-07ca-4f6d-84d7-0ed6bd660367#92-t6, previous=(t:6, i:20), leaderCommit=16, initializing? false, entries: <empty>
2019-09-19 12:10:45,110 [587dad1b-1a08-4278-9ac1-e315232e0934@group-82AF4051E50B-SegmentedRaftLogWorker] WARN  segmented.SegmentedRaftLogWorker (SegmentedRaftLogWorker.java:getFromFuture(90)) - Timeout 0/~
org.apache.ratis.protocol.TimeoutIOException: Timeout 10s: WriteLog:14: (t:1, i:14), STATEMACHINELOGENTRY, client-57877EF1F934, cid=52-writeStateMachineData
	at org.apache.ratis.util.IOUtils.getFromFuture(IOUtils.java:87)
	at org.apache.ratis.server.raftlog.segmented.SegmentedRaftLogWorker$StateMachineDataPolicy.getFromFuture(SegmentedRaftLogWorker.java:87)
	at org.apache.ratis.server.raftlog.segmented.SegmentedRaftLogWorker$WriteLog.execute(SegmentedRaftLogWorker.java:477)
	at org.apache.ratis.server.raftlog.segmented.SegmentedRaftLogWorker.run(SegmentedRaftLogWorker.java:289)
	at java.lang.Thread.run(Thread.java:748)
Caused by: java.util.concurrent.TimeoutException
	at java.util.concurrent.CompletableFuture.timedGet(CompletableFuture.java:1771)
	at java.util.concurrent.CompletableFuture.get(CompletableFuture.java:1915)
	at org.apache.ratis.util.IOUtils.getFromFuture(IOUtils.java:79)
	... 4 more
2019-09-19 12:10:45,111 [9ff75243-8f90-489e-ad4c-fbb8c473db2a@group-82AF4051E50B-SegmentedRaftLogWorker] WARN  segmented.SegmentedRaftLogWorker (SegmentedRaftLogWorker.java:getFromFuture(90)) - Timeout 0/~
org.apache.ratis.protocol.TimeoutIOException: Timeout 10s: WriteLog:14: (t:1, i:14), STATEMACHINELOGENTRY, client-57877EF1F934, cid=52-writeStateMachineData
	at org.apache.ratis.util.IOUtils.getFromFuture(IOUtils.java:87)
	at org.apache.ratis.server.raftlog.segmented.SegmentedRaftLogWorker$StateMachineDataPolicy.getFromFuture(SegmentedRaftLogWorker.java:87)
	at org.apache.ratis.server.raftlog.segmented.SegmentedRaftLogWorker$WriteLog.execute(SegmentedRaftLogWorker.java:477)
	at org.apache.ratis.server.raftlog.segmented.SegmentedRaftLogWorker.run(SegmentedRaftLogWorker.java:289)
	at java.lang.Thread.run(Thread.java:748)
Caused by: java.util.concurrent.TimeoutException
	at java.util.concurrent.CompletableFuture.timedGet(CompletableFuture.java:1771)
	at java.util.concurrent.CompletableFuture.get(CompletableFuture.java:1915)
	at org.apache.ratis.util.IOUtils.getFromFuture(IOUtils.java:79)
	... 4 more
2019-09-19 12:10:45,135 [java.util.concurrent.ThreadPoolExecutor$Worker@5db7d907[State = -1, empty queue]] WARN  server.GrpcLogAppender (GrpcLogAppender.java:timeoutAppendRequest(200)) - a409f42d-bc3a-405f-bf07-8265a8a77aff@group-82AF4051E50B->9ff75243-8f90-489e-ad4c-fbb8c473db2a-GrpcLogAppender: appendEntries Timeout, request=a409f42d-bc3a-405f-bf07-8265a8a77aff->9ff75243-8f90-489e-ad4c-fbb8c473db2a#107-t1, previous=(t:1, i:17), leaderCommit=13, initializing? false, entries: <empty>
2019-09-19 12:10:45,135 [java.util.concurrent.ThreadPoolExecutor$Worker@3ef0e39a[State = -1, empty queue]] WARN  server.GrpcLogAppender (GrpcLogAppender.java:timeoutAppendRequest(200)) - a409f42d-bc3a-405f-bf07-8265a8a77aff@group-82AF4051E50B->587dad1b-1a08-4278-9ac1-e315232e0934-GrpcLogAppender: appendEntries Timeout, request=a409f42d-bc3a-405f-bf07-8265a8a77aff->587dad1b-1a08-4278-9ac1-e315232e0934#107-t1, previous=(t:1, i:17), leaderCommit=13, initializing? false, entries: <empty>
2019-09-19 12:10:45,218 [grpc-default-executor-8] INFO  client.GrpcClientProtocolClient (GrpcClientProtocolClient.java:onNext(264)) - client-57877EF1F934->587dad1b-1a08-4278-9ac1-e315232e0934: receive RaftClientReply:client-57877EF1F934->587dad1b-1a08-4278-9ac1-e315232e0934@group-82AF4051E50B, cid=52, FAILED org.apache.ratis.protocol.NotLeaderException: Server 587dad1b-1a08-4278-9ac1-e315232e0934@group-82AF4051E50B is not the leader a409f42d-bc3a-405f-bf07-8265a8a77aff:192.168.157.252:38022, logIndex=0, commits[587dad1b-1a08-4278-9ac1-e315232e0934:c13, 9ff75243-8f90-489e-ad4c-fbb8c473db2a:c11, a409f42d-bc3a-405f-bf07-8265a8a77aff:c13]
2019-09-19 12:10:45,291 [grpc-default-executor-8] WARN  server.GrpcLogAppender (LogUtils.java:warn(134)) - 0536a24c-34e3-4c8a-9a31-895de5497f4a@group-11E1763585E1->35717865-8144-46c5-963e-0895e96939ac-AppendLogResponseHandler: Failed appendEntries: org.apache.ratis.thirdparty.io.grpc.StatusRuntimeException: UNAVAILABLE: io exception
2019-09-19 12:10:45,291 [grpc-default-executor-8] INFO  impl.FollowerInfo (FollowerInfo.java:lambda$new$0(51)) - 0536a24c-34e3-4c8a-9a31-895de5497f4a@group-11E1763585E1->35717865-8144-46c5-963e-0895e96939ac: nextIndex: updateUnconditionally 0 -> 0
2019-09-19 12:10:45,379 [java.util.concurrent.ThreadPoolExecutor$Worker@5019c524[State = -1, empty queue]] WARN  server.GrpcLogAppender (GrpcLogAppender.java:timeoutAppendRequest(200)) - 1b83d917-1d73-4cac-8d1d-dc3b4981903d@group-7041D5508450->4736e737-07ca-4f6d-84d7-0ed6bd660367-GrpcLogAppender: appendEntries Timeout, request=1b83d917-1d73-4cac-8d1d-dc3b4981903d->4736e737-07ca-4f6d-84d7-0ed6bd660367#93-t6, previous=(t:6, i:20), leaderCommit=16, initializing? false, entries: <empty>
2019-09-19 12:10:45,379 [java.util.concurrent.ThreadPoolExecutor$Worker@4f8ba3d5[State = -1, empty queue]] WARN  server.GrpcLogAppender (GrpcLogAppender.java:timeoutAppendRequest(200)) - 1b83d917-1d73-4cac-8d1d-dc3b4981903d@group-7041D5508450->7c8a32d9-49ab-449b-8cc8-032a8828a8ac-GrpcLogAppender: appendEntries Timeout, request=1b83d917-1d73-4cac-8d1d-dc3b4981903d->7c8a32d9-49ab-449b-8cc8-032a8828a8ac#93-t6, previous=(t:6, i:20), leaderCommit=16, initializing? false, entries: <empty>
2019-09-19 12:10:45,636 [java.util.concurrent.ThreadPoolExecutor$Worker@3ef0e39a[State = -1, empty queue]] WARN  server.GrpcLogAppender (GrpcLogAppender.java:timeoutAppendRequest(200)) - a409f42d-bc3a-405f-bf07-8265a8a77aff@group-82AF4051E50B->587dad1b-1a08-4278-9ac1-e315232e0934-GrpcLogAppender: appendEntries Timeout, request=a409f42d-bc3a-405f-bf07-8265a8a77aff->587dad1b-1a08-4278-9ac1-e315232e0934#108-t1, previous=(t:1, i:17), leaderCommit=13, initializing? false, entries: <empty>
2019-09-19 12:10:45,636 [java.util.concurrent.ThreadPoolExecutor$Worker@5db7d907[State = -1, empty queue]] WARN  server.GrpcLogAppender (GrpcLogAppender.java:timeoutAppendRequest(200)) - a409f42d-bc3a-405f-bf07-8265a8a77aff@group-82AF4051E50B->9ff75243-8f90-489e-ad4c-fbb8c473db2a-GrpcLogAppender: appendEntries Timeout, request=a409f42d-bc3a-405f-bf07-8265a8a77aff->9ff75243-8f90-489e-ad4c-fbb8c473db2a#108-t1, previous=(t:1, i:17), leaderCommit=13, initializing? false, entries: <empty>
2019-09-19 12:10:45,792 [grpc-default-executor-1] WARN  server.GrpcLogAppender (LogUtils.java:warn(134)) - 0536a24c-34e3-4c8a-9a31-895de5497f4a@group-11E1763585E1->35717865-8144-46c5-963e-0895e96939ac-AppendLogResponseHandler: Failed appendEntries: org.apache.ratis.thirdparty.io.grpc.StatusRuntimeException: UNAVAILABLE: io exception
2019-09-19 12:10:45,793 [grpc-default-executor-1] INFO  impl.FollowerInfo (FollowerInfo.java:lambda$new$0(51)) - 0536a24c-34e3-4c8a-9a31-895de5497f4a@group-11E1763585E1->35717865-8144-46c5-963e-0895e96939ac: nextIndex: updateUnconditionally 0 -> 0
2019-09-19 12:10:45,879 [java.util.concurrent.ThreadPoolExecutor$Worker@5019c524[State = -1, empty queue]] WARN  server.GrpcLogAppender (GrpcLogAppender.java:timeoutAppendRequest(200)) - 1b83d917-1d73-4cac-8d1d-dc3b4981903d@group-7041D5508450->4736e737-07ca-4f6d-84d7-0ed6bd660367-GrpcLogAppender: appendEntries Timeout, request=1b83d917-1d73-4cac-8d1d-dc3b4981903d->4736e737-07ca-4f6d-84d7-0ed6bd660367#94-t6, previous=(t:6, i:20), leaderCommit=16, initializing? false, entries: <empty>
2019-09-19 12:10:45,879 [java.util.concurrent.ThreadPoolExecutor$Worker@4f8ba3d5[State = -1, empty queue]] WARN  server.GrpcLogAppender (GrpcLogAppender.java:timeoutAppendRequest(200)) - 1b83d917-1d73-4cac-8d1d-dc3b4981903d@group-7041D5508450->7c8a32d9-49ab-449b-8cc8-032a8828a8ac-GrpcLogAppender: appendEntries Timeout, request=1b83d917-1d73-4cac-8d1d-dc3b4981903d->7c8a32d9-49ab-449b-8cc8-032a8828a8ac#94-t6, previous=(t:6, i:20), leaderCommit=16, initializing? false, entries: <empty>
2019-09-19 12:10:46,124 [a409f42d-bc3a-405f-bf07-8265a8a77aff@group-82AF4051E50B-SegmentedRaftLogWorker] WARN  segmented.SegmentedRaftLogWorker (SegmentedRaftLogWorker.java:getFromFuture(90)) - Timeout 0/~
org.apache.ratis.protocol.TimeoutIOException: Timeout 10s: WriteLog:16: (t:1, i:16), STATEMACHINELOGENTRY, client-57877EF1F934, cid=54-writeStateMachineData
	at org.apache.ratis.util.IOUtils.getFromFuture(IOUtils.java:87)
	at org.apache.ratis.server.raftlog.segmented.SegmentedRaftLogWorker$StateMachineDataPolicy.getFromFuture(SegmentedRaftLogWorker.java:87)
	at org.apache.ratis.server.raftlog.segmented.SegmentedRaftLogWorker$WriteLog.execute(SegmentedRaftLogWorker.java:477)
	at org.apache.ratis.server.raftlog.segmented.SegmentedRaftLogWorker.run(SegmentedRaftLogWorker.java:289)
	at java.lang.Thread.run(Thread.java:748)
Caused by: java.util.concurrent.TimeoutException
	at java.util.concurrent.CompletableFuture.timedGet(CompletableFuture.java:1771)
	at java.util.concurrent.CompletableFuture.get(CompletableFuture.java:1915)
	at org.apache.ratis.util.IOUtils.getFromFuture(IOUtils.java:79)
	... 4 more
2019-09-19 12:10:46,136 [java.util.concurrent.ThreadPoolExecutor$Worker@5db7d907[State = -1, empty queue]] WARN  server.GrpcLogAppender (GrpcLogAppender.java:timeoutAppendRequest(200)) - a409f42d-bc3a-405f-bf07-8265a8a77aff@group-82AF4051E50B->9ff75243-8f90-489e-ad4c-fbb8c473db2a-GrpcLogAppender: appendEntries Timeout, request=a409f42d-bc3a-405f-bf07-8265a8a77aff->9ff75243-8f90-489e-ad4c-fbb8c473db2a#109-t1, previous=(t:1, i:17), leaderCommit=13, initializing? false, entries: <empty>
2019-09-19 12:10:46,136 [java.util.concurrent.ThreadPoolExecutor$Worker@3ef0e39a[State = -1, empty queue]] WARN  server.GrpcLogAppender (GrpcLogAppender.java:timeoutAppendRequest(200)) - a409f42d-bc3a-405f-bf07-8265a8a77aff@group-82AF4051E50B->587dad1b-1a08-4278-9ac1-e315232e0934-GrpcLogAppender: appendEntries Timeout, request=a409f42d-bc3a-405f-bf07-8265a8a77aff->587dad1b-1a08-4278-9ac1-e315232e0934#109-t1, previous=(t:1, i:17), leaderCommit=13, initializing? false, entries: <empty>
2019-09-19 12:10:46,293 [grpc-default-executor-9] WARN  server.GrpcLogAppender (LogUtils.java:warn(134)) - 0536a24c-34e3-4c8a-9a31-895de5497f4a@group-11E1763585E1->35717865-8144-46c5-963e-0895e96939ac-AppendLogResponseHandler: Failed appendEntries: org.apache.ratis.thirdparty.io.grpc.StatusRuntimeException: UNAVAILABLE: io exception
2019-09-19 12:10:46,293 [grpc-default-executor-9] INFO  impl.FollowerInfo (FollowerInfo.java:lambda$new$0(51)) - 0536a24c-34e3-4c8a-9a31-895de5497f4a@group-11E1763585E1->35717865-8144-46c5-963e-0895e96939ac: nextIndex: updateUnconditionally 0 -> 0
2019-09-19 12:10:46,380 [java.util.concurrent.ThreadPoolExecutor$Worker@4f8ba3d5[State = -1, empty queue]] WARN  server.GrpcLogAppender (GrpcLogAppender.java:timeoutAppendRequest(200)) - 1b83d917-1d73-4cac-8d1d-dc3b4981903d@group-7041D5508450->7c8a32d9-49ab-449b-8cc8-032a8828a8ac-GrpcLogAppender: appendEntries Timeout, request=1b83d917-1d73-4cac-8d1d-dc3b4981903d->7c8a32d9-49ab-449b-8cc8-032a8828a8ac#95-t6, previous=(t:6, i:20), leaderCommit=16, initializing? false, entries: <empty>
2019-09-19 12:10:46,380 [java.util.concurrent.ThreadPoolExecutor$Worker@5019c524[State = -1, empty queue]] WARN  server.GrpcLogAppender (GrpcLogAppender.java:timeoutAppendRequest(200)) - 1b83d917-1d73-4cac-8d1d-dc3b4981903d@group-7041D5508450->4736e737-07ca-4f6d-84d7-0ed6bd660367-GrpcLogAppender: appendEntries Timeout, request=1b83d917-1d73-4cac-8d1d-dc3b4981903d->4736e737-07ca-4f6d-84d7-0ed6bd660367#95-t6, previous=(t:6, i:20), leaderCommit=16, initializing? false, entries: <empty>
2019-09-19 12:10:46,637 [java.util.concurrent.ThreadPoolExecutor$Worker@5db7d907[State = -1, empty queue]] WARN  server.GrpcLogAppender (GrpcLogAppender.java:timeoutAppendRequest(200)) - a409f42d-bc3a-405f-bf07-8265a8a77aff@group-82AF4051E50B->9ff75243-8f90-489e-ad4c-fbb8c473db2a-GrpcLogAppender: appendEntries Timeout, request=a409f42d-bc3a-405f-bf07-8265a8a77aff->9ff75243-8f90-489e-ad4c-fbb8c473db2a#110-t1, previous=(t:1, i:17), leaderCommit=13, initializing? false, entries: <empty>
2019-09-19 12:10:46,637 [java.util.concurrent.ThreadPoolExecutor$Worker@3ef0e39a[State = -1, empty queue]] WARN  server.GrpcLogAppender (GrpcLogAppender.java:timeoutAppendRequest(200)) - a409f42d-bc3a-405f-bf07-8265a8a77aff@group-82AF4051E50B->587dad1b-1a08-4278-9ac1-e315232e0934-GrpcLogAppender: appendEntries Timeout, request=a409f42d-bc3a-405f-bf07-8265a8a77aff->587dad1b-1a08-4278-9ac1-e315232e0934#110-t1, previous=(t:1, i:17), leaderCommit=13, initializing? false, entries: <empty>
2019-09-19 12:10:46,793 [grpc-default-executor-8] WARN  server.GrpcLogAppender (LogUtils.java:warn(134)) - 0536a24c-34e3-4c8a-9a31-895de5497f4a@group-11E1763585E1->35717865-8144-46c5-963e-0895e96939ac-AppendLogResponseHandler: Failed appendEntries: org.apache.ratis.thirdparty.io.grpc.StatusRuntimeException: UNAVAILABLE: io exception
2019-09-19 12:10:46,794 [grpc-default-executor-8] INFO  impl.FollowerInfo (FollowerInfo.java:lambda$new$0(51)) - 0536a24c-34e3-4c8a-9a31-895de5497f4a@group-11E1763585E1->35717865-8144-46c5-963e-0895e96939ac: nextIndex: updateUnconditionally 0 -> 0
2019-09-19 12:10:46,880 [java.util.concurrent.ThreadPoolExecutor$Worker@4f8ba3d5[State = -1, empty queue]] WARN  server.GrpcLogAppender (GrpcLogAppender.java:timeoutAppendRequest(200)) - 1b83d917-1d73-4cac-8d1d-dc3b4981903d@group-7041D5508450->7c8a32d9-49ab-449b-8cc8-032a8828a8ac-GrpcLogAppender: appendEntries Timeout, request=1b83d917-1d73-4cac-8d1d-dc3b4981903d->7c8a32d9-49ab-449b-8cc8-032a8828a8ac#96-t6, previous=(t:6, i:20), leaderCommit=16, initializing? false, entries: <empty>
2019-09-19 12:10:46,880 [java.util.concurrent.ThreadPoolExecutor$Worker@5019c524[State = -1, empty queue]] WARN  server.GrpcLogAppender (GrpcLogAppender.java:timeoutAppendRequest(200)) - 1b83d917-1d73-4cac-8d1d-dc3b4981903d@group-7041D5508450->4736e737-07ca-4f6d-84d7-0ed6bd660367-GrpcLogAppender: appendEntries Timeout, request=1b83d917-1d73-4cac-8d1d-dc3b4981903d->4736e737-07ca-4f6d-84d7-0ed6bd660367#96-t6, previous=(t:6, i:20), leaderCommit=16, initializing? false, entries: <empty>
2019-09-19 12:10:47,137 [java.util.concurrent.ThreadPoolExecutor$Worker@5db7d907[State = -1, empty queue]] WARN  server.GrpcLogAppender (GrpcLogAppender.java:timeoutAppendRequest(200)) - a409f42d-bc3a-405f-bf07-8265a8a77aff@group-82AF4051E50B->9ff75243-8f90-489e-ad4c-fbb8c473db2a-GrpcLogAppender: appendEntries Timeout, request=a409f42d-bc3a-405f-bf07-8265a8a77aff->9ff75243-8f90-489e-ad4c-fbb8c473db2a#111-t1, previous=(t:1, i:17), leaderCommit=13, initializing? false, entries: <empty>
2019-09-19 12:10:47,137 [java.util.concurrent.ThreadPoolExecutor$Worker@3ef0e39a[State = -1, empty queue]] WARN  server.GrpcLogAppender (GrpcLogAppender.java:timeoutAppendRequest(200)) - a409f42d-bc3a-405f-bf07-8265a8a77aff@group-82AF4051E50B->587dad1b-1a08-4278-9ac1-e315232e0934-GrpcLogAppender: appendEntries Timeout, request=a409f42d-bc3a-405f-bf07-8265a8a77aff->587dad1b-1a08-4278-9ac1-e315232e0934#111-t1, previous=(t:1, i:17), leaderCommit=13, initializing? false, entries: <empty>
2019-09-19 12:10:47,295 [grpc-default-executor-9] WARN  server.GrpcLogAppender (LogUtils.java:warn(134)) - 0536a24c-34e3-4c8a-9a31-895de5497f4a@group-11E1763585E1->35717865-8144-46c5-963e-0895e96939ac-AppendLogResponseHandler: Failed appendEntries: org.apache.ratis.thirdparty.io.grpc.StatusRuntimeException: UNAVAILABLE: io exception
2019-09-19 12:10:47,295 [grpc-default-executor-9] INFO  impl.FollowerInfo (FollowerInfo.java:lambda$new$0(51)) - 0536a24c-34e3-4c8a-9a31-895de5497f4a@group-11E1763585E1->35717865-8144-46c5-963e-0895e96939ac: nextIndex: updateUnconditionally 0 -> 0
2019-09-19 12:10:47,380 [java.util.concurrent.ThreadPoolExecutor$Worker@4f8ba3d5[State = -1, empty queue]] WARN  server.GrpcLogAppender (GrpcLogAppender.java:timeoutAppendRequest(200)) - 1b83d917-1d73-4cac-8d1d-dc3b4981903d@group-7041D5508450->7c8a32d9-49ab-449b-8cc8-032a8828a8ac-GrpcLogAppender: appendEntries Timeout, request=1b83d917-1d73-4cac-8d1d-dc3b4981903d->7c8a32d9-49ab-449b-8cc8-032a8828a8ac#97-t6, previous=(t:6, i:20), leaderCommit=16, initializing? false, entries: <empty>
2019-09-19 12:10:47,380 [java.util.concurrent.ThreadPoolExecutor$Worker@5019c524[State = -1, empty queue]] WARN  server.GrpcLogAppender (GrpcLogAppender.java:timeoutAppendRequest(200)) - 1b83d917-1d73-4cac-8d1d-dc3b4981903d@group-7041D5508450->4736e737-07ca-4f6d-84d7-0ed6bd660367-GrpcLogAppender: appendEntries Timeout, request=1b83d917-1d73-4cac-8d1d-dc3b4981903d->4736e737-07ca-4f6d-84d7-0ed6bd660367#97-t6, previous=(t:6, i:20), leaderCommit=16, initializing? false, entries: <empty>
2019-09-19 12:10:47,638 [java.util.concurrent.ThreadPoolExecutor$Worker@3ef0e39a[State = -1, empty queue]] WARN  server.GrpcLogAppender (GrpcLogAppender.java:timeoutAppendRequest(200)) - a409f42d-bc3a-405f-bf07-8265a8a77aff@group-82AF4051E50B->587dad1b-1a08-4278-9ac1-e315232e0934-GrpcLogAppender: appendEntries Timeout, request=a409f42d-bc3a-405f-bf07-8265a8a77aff->587dad1b-1a08-4278-9ac1-e315232e0934#112-t1, previous=(t:1, i:17), leaderCommit=13, initializing? false, entries: <empty>
2019-09-19 12:10:47,638 [java.util.concurrent.ThreadPoolExecutor$Worker@5db7d907[State = -1, empty queue]] WARN  server.GrpcLogAppender (GrpcLogAppender.java:timeoutAppendRequest(200)) - a409f42d-bc3a-405f-bf07-8265a8a77aff@group-82AF4051E50B->9ff75243-8f90-489e-ad4c-fbb8c473db2a-GrpcLogAppender: appendEntries Timeout, request=a409f42d-bc3a-405f-bf07-8265a8a77aff->9ff75243-8f90-489e-ad4c-fbb8c473db2a#112-t1, previous=(t:1, i:17), leaderCommit=13, initializing? false, entries: <empty>
2019-09-19 12:10:47,795 [grpc-default-executor-9] WARN  server.GrpcLogAppender (LogUtils.java:warn(134)) - 0536a24c-34e3-4c8a-9a31-895de5497f4a@group-11E1763585E1->35717865-8144-46c5-963e-0895e96939ac-AppendLogResponseHandler: Failed appendEntries: org.apache.ratis.thirdparty.io.grpc.StatusRuntimeException: UNAVAILABLE: io exception
2019-09-19 12:10:47,796 [grpc-default-executor-9] INFO  impl.FollowerInfo (FollowerInfo.java:lambda$new$0(51)) - 0536a24c-34e3-4c8a-9a31-895de5497f4a@group-11E1763585E1->35717865-8144-46c5-963e-0895e96939ac: nextIndex: updateUnconditionally 0 -> 0
2019-09-19 12:10:47,881 [java.util.concurrent.ThreadPoolExecutor$Worker@5019c524[State = -1, empty queue]] WARN  server.GrpcLogAppender (GrpcLogAppender.java:timeoutAppendRequest(200)) - 1b83d917-1d73-4cac-8d1d-dc3b4981903d@group-7041D5508450->4736e737-07ca-4f6d-84d7-0ed6bd660367-GrpcLogAppender: appendEntries Timeout, request=1b83d917-1d73-4cac-8d1d-dc3b4981903d->4736e737-07ca-4f6d-84d7-0ed6bd660367#98-t6, previous=(t:6, i:20), leaderCommit=16, initializing? false, entries: <empty>
2019-09-19 12:10:47,881 [java.util.concurrent.ThreadPoolExecutor$Worker@4f8ba3d5[State = -1, empty queue]] WARN  server.GrpcLogAppender (GrpcLogAppender.java:timeoutAppendRequest(200)) - 1b83d917-1d73-4cac-8d1d-dc3b4981903d@group-7041D5508450->7c8a32d9-49ab-449b-8cc8-032a8828a8ac-GrpcLogAppender: appendEntries Timeout, request=1b83d917-1d73-4cac-8d1d-dc3b4981903d->7c8a32d9-49ab-449b-8cc8-032a8828a8ac#98-t6, previous=(t:6, i:20), leaderCommit=16, initializing? false, entries: <empty>
2019-09-19 12:10:48,138 [java.util.concurrent.ThreadPoolExecutor$Worker@5db7d907[State = -1, empty queue]] WARN  server.GrpcLogAppender (GrpcLogAppender.java:timeoutAppendRequest(200)) - a409f42d-bc3a-405f-bf07-8265a8a77aff@group-82AF4051E50B->9ff75243-8f90-489e-ad4c-fbb8c473db2a-GrpcLogAppender: appendEntries Timeout, request=a409f42d-bc3a-405f-bf07-8265a8a77aff->9ff75243-8f90-489e-ad4c-fbb8c473db2a#113-t1, previous=(t:1, i:17), leaderCommit=13, initializing? false, entries: <empty>
2019-09-19 12:10:48,138 [java.util.concurrent.ThreadPoolExecutor$Worker@3ef0e39a[State = -1, empty queue]] WARN  server.GrpcLogAppender (GrpcLogAppender.java:timeoutAppendRequest(200)) - a409f42d-bc3a-405f-bf07-8265a8a77aff@group-82AF4051E50B->587dad1b-1a08-4278-9ac1-e315232e0934-GrpcLogAppender: appendEntries Timeout, request=a409f42d-bc3a-405f-bf07-8265a8a77aff->587dad1b-1a08-4278-9ac1-e315232e0934#113-t1, previous=(t:1, i:17), leaderCommit=13, initializing? false, entries: <empty>
2019-09-19 12:10:48,296 [grpc-default-executor-1] WARN  server.GrpcLogAppender (LogUtils.java:warn(134)) - 0536a24c-34e3-4c8a-9a31-895de5497f4a@group-11E1763585E1->35717865-8144-46c5-963e-0895e96939ac-AppendLogResponseHandler: Failed appendEntries: org.apache.ratis.thirdparty.io.grpc.StatusRuntimeException: UNAVAILABLE: io exception
2019-09-19 12:10:48,297 [grpc-default-executor-1] INFO  impl.FollowerInfo (FollowerInfo.java:lambda$new$0(51)) - 0536a24c-34e3-4c8a-9a31-895de5497f4a@group-11E1763585E1->35717865-8144-46c5-963e-0895e96939ac: nextIndex: updateUnconditionally 0 -> 0
2019-09-19 12:10:48,317 [4736e737-07ca-4f6d-84d7-0ed6bd660367@group-7041D5508450-SegmentedRaftLogWorker] WARN  segmented.SegmentedRaftLogWorker (SegmentedRaftLogWorker.java:getFromFuture(90)) - Timeout 3/~
org.apache.ratis.protocol.TimeoutIOException: Timeout 10s: WriteLog:17: (t:6, i:17), STATEMACHINELOGENTRY, client-F1DE9C258D1C, cid=38-writeStateMachineData
	at org.apache.ratis.util.IOUtils.getFromFuture(IOUtils.java:87)
	at org.apache.ratis.server.raftlog.segmented.SegmentedRaftLogWorker$StateMachineDataPolicy.getFromFuture(SegmentedRaftLogWorker.java:87)
	at org.apache.ratis.server.raftlog.segmented.SegmentedRaftLogWorker$WriteLog.execute(SegmentedRaftLogWorker.java:477)
	at org.apache.ratis.server.raftlog.segmented.SegmentedRaftLogWorker.run(SegmentedRaftLogWorker.java:289)
	at java.lang.Thread.run(Thread.java:748)
Caused by: java.util.concurrent.TimeoutException
	at java.util.concurrent.CompletableFuture.timedGet(CompletableFuture.java:1771)
	at java.util.concurrent.CompletableFuture.get(CompletableFuture.java:1915)
	at org.apache.ratis.util.IOUtils.getFromFuture(IOUtils.java:79)
	... 4 more
2019-09-19 12:10:48,317 [7c8a32d9-49ab-449b-8cc8-032a8828a8ac@group-7041D5508450-SegmentedRaftLogWorker] WARN  segmented.SegmentedRaftLogWorker (SegmentedRaftLogWorker.java:getFromFuture(90)) - Timeout 3/~
org.apache.ratis.protocol.TimeoutIOException: Timeout 10s: WriteLog:17: (t:6, i:17), STATEMACHINELOGENTRY, client-F1DE9C258D1C, cid=38-writeStateMachineData
	at org.apache.ratis.util.IOUtils.getFromFuture(IOUtils.java:87)
	at org.apache.ratis.server.raftlog.segmented.SegmentedRaftLogWorker$StateMachineDataPolicy.getFromFuture(SegmentedRaftLogWorker.java:87)
	at org.apache.ratis.server.raftlog.segmented.SegmentedRaftLogWorker$WriteLog.execute(SegmentedRaftLogWorker.java:477)
	at org.apache.ratis.server.raftlog.segmented.SegmentedRaftLogWorker.run(SegmentedRaftLogWorker.java:289)
	at java.lang.Thread.run(Thread.java:748)
Caused by: java.util.concurrent.TimeoutException
	at java.util.concurrent.CompletableFuture.timedGet(CompletableFuture.java:1771)
	at java.util.concurrent.CompletableFuture.get(CompletableFuture.java:1915)
	at org.apache.ratis.util.IOUtils.getFromFuture(IOUtils.java:79)
	... 4 more
2019-09-19 12:10:48,383 [java.util.concurrent.ThreadPoolExecutor$Worker@5019c524[State = -1, empty queue]] WARN  server.GrpcLogAppender (GrpcLogAppender.java:timeoutAppendRequest(200)) - 1b83d917-1d73-4cac-8d1d-dc3b4981903d@group-7041D5508450->4736e737-07ca-4f6d-84d7-0ed6bd660367-GrpcLogAppender: appendEntries Timeout, request=1b83d917-1d73-4cac-8d1d-dc3b4981903d->4736e737-07ca-4f6d-84d7-0ed6bd660367#99-t6, previous=(t:6, i:20), leaderCommit=16, initializing? false, entries: <empty>
2019-09-19 12:10:48,383 [java.util.concurrent.ThreadPoolExecutor$Worker@4f8ba3d5[State = -1, empty queue]] WARN  server.GrpcLogAppender (GrpcLogAppender.java:timeoutAppendRequest(200)) - 1b83d917-1d73-4cac-8d1d-dc3b4981903d@group-7041D5508450->7c8a32d9-49ab-449b-8cc8-032a8828a8ac-GrpcLogAppender: appendEntries Timeout, request=1b83d917-1d73-4cac-8d1d-dc3b4981903d->7c8a32d9-49ab-449b-8cc8-032a8828a8ac#99-t6, previous=(t:6, i:20), leaderCommit=16, initializing? false, entries: <empty>
2019-09-19 12:10:48,638 [java.util.concurrent.ThreadPoolExecutor$Worker@3ef0e39a[State = -1, empty queue]] WARN  server.GrpcLogAppender (GrpcLogAppender.java:timeoutAppendRequest(200)) - a409f42d-bc3a-405f-bf07-8265a8a77aff@group-82AF4051E50B->587dad1b-1a08-4278-9ac1-e315232e0934-GrpcLogAppender: appendEntries Timeout, request=a409f42d-bc3a-405f-bf07-8265a8a77aff->587dad1b-1a08-4278-9ac1-e315232e0934#114-t1, previous=(t:1, i:17), leaderCommit=13, initializing? false, entries: <empty>
2019-09-19 12:10:48,638 [java.util.concurrent.ThreadPoolExecutor$Worker@5db7d907[State = -1, empty queue]] WARN  server.GrpcLogAppender (GrpcLogAppender.java:timeoutAppendRequest(200)) - a409f42d-bc3a-405f-bf07-8265a8a77aff@group-82AF4051E50B->9ff75243-8f90-489e-ad4c-fbb8c473db2a-GrpcLogAppender: appendEntries Timeout, request=a409f42d-bc3a-405f-bf07-8265a8a77aff->9ff75243-8f90-489e-ad4c-fbb8c473db2a#114-t1, previous=(t:1, i:17), leaderCommit=13, initializing? false, entries: <empty>
2019-09-19 12:10:48,797 [grpc-default-executor-9] WARN  server.GrpcLogAppender (LogUtils.java:warn(134)) - 0536a24c-34e3-4c8a-9a31-895de5497f4a@group-11E1763585E1->35717865-8144-46c5-963e-0895e96939ac-AppendLogResponseHandler: Failed appendEntries: org.apache.ratis.thirdparty.io.grpc.StatusRuntimeException: UNAVAILABLE: io exception
2019-09-19 12:10:48,797 [grpc-default-executor-9] INFO  impl.FollowerInfo (FollowerInfo.java:lambda$new$0(51)) - 0536a24c-34e3-4c8a-9a31-895de5497f4a@group-11E1763585E1->35717865-8144-46c5-963e-0895e96939ac: nextIndex: updateUnconditionally 0 -> 0
2019-09-19 12:10:48,883 [java.util.concurrent.ThreadPoolExecutor$Worker@5019c524[State = -1, empty queue]] WARN  server.GrpcLogAppender (GrpcLogAppender.java:timeoutAppendRequest(200)) - 1b83d917-1d73-4cac-8d1d-dc3b4981903d@group-7041D5508450->4736e737-07ca-4f6d-84d7-0ed6bd660367-GrpcLogAppender: appendEntries Timeout, request=1b83d917-1d73-4cac-8d1d-dc3b4981903d->4736e737-07ca-4f6d-84d7-0ed6bd660367#100-t6, previous=(t:6, i:20), leaderCommit=16, initializing? false, entries: <empty>
2019-09-19 12:10:48,883 [java.util.concurrent.ThreadPoolExecutor$Worker@4f8ba3d5[State = -1, empty queue]] WARN  server.GrpcLogAppender (GrpcLogAppender.java:timeoutAppendRequest(200)) - 1b83d917-1d73-4cac-8d1d-dc3b4981903d@group-7041D5508450->7c8a32d9-49ab-449b-8cc8-032a8828a8ac-GrpcLogAppender: appendEntries Timeout, request=1b83d917-1d73-4cac-8d1d-dc3b4981903d->7c8a32d9-49ab-449b-8cc8-032a8828a8ac#100-t6, previous=(t:6, i:20), leaderCommit=16, initializing? false, entries: <empty>
2019-09-19 12:10:49,138 [java.util.concurrent.ThreadPoolExecutor$Worker@5db7d907[State = -1, empty queue]] WARN  server.GrpcLogAppender (GrpcLogAppender.java:timeoutAppendRequest(200)) - a409f42d-bc3a-405f-bf07-8265a8a77aff@group-82AF4051E50B->9ff75243-8f90-489e-ad4c-fbb8c473db2a-GrpcLogAppender: appendEntries Timeout, request=a409f42d-bc3a-405f-bf07-8265a8a77aff->9ff75243-8f90-489e-ad4c-fbb8c473db2a#115-t1, previous=(t:1, i:17), leaderCommit=13, initializing? false, entries: <empty>
2019-09-19 12:10:49,138 [java.util.concurrent.ThreadPoolExecutor$Worker@3ef0e39a[State = -1, empty queue]] WARN  server.GrpcLogAppender (GrpcLogAppender.java:timeoutAppendRequest(200)) - a409f42d-bc3a-405f-bf07-8265a8a77aff@group-82AF4051E50B->587dad1b-1a08-4278-9ac1-e315232e0934-GrpcLogAppender: appendEntries Timeout, request=a409f42d-bc3a-405f-bf07-8265a8a77aff->587dad1b-1a08-4278-9ac1-e315232e0934#115-t1, previous=(t:1, i:17), leaderCommit=13, initializing? false, entries: <empty>
2019-09-19 12:10:49,297 [grpc-default-executor-8] WARN  server.GrpcLogAppender (LogUtils.java:warn(134)) - 0536a24c-34e3-4c8a-9a31-895de5497f4a@group-11E1763585E1->35717865-8144-46c5-963e-0895e96939ac-AppendLogResponseHandler: Failed appendEntries: org.apache.ratis.thirdparty.io.grpc.StatusRuntimeException: UNAVAILABLE: io exception
2019-09-19 12:10:49,298 [grpc-default-executor-8] INFO  impl.FollowerInfo (FollowerInfo.java:lambda$new$0(51)) - 0536a24c-34e3-4c8a-9a31-895de5497f4a@group-11E1763585E1->35717865-8144-46c5-963e-0895e96939ac: nextIndex: updateUnconditionally 0 -> 0
2019-09-19 12:10:49,370 [1b83d917-1d73-4cac-8d1d-dc3b4981903d@group-7041D5508450-SegmentedRaftLogWorker] WARN  segmented.SegmentedRaftLogWorker (SegmentedRaftLogWorker.java:getFromFuture(90)) - Timeout 3/~
org.apache.ratis.protocol.TimeoutIOException: Timeout 10s: WriteLog:19: (t:6, i:19), STATEMACHINELOGENTRY, client-F1DE9C258D1C, cid=40-writeStateMachineData
	at org.apache.ratis.util.IOUtils.getFromFuture(IOUtils.java:87)
	at org.apache.ratis.server.raftlog.segmented.SegmentedRaftLogWorker$StateMachineDataPolicy.getFromFuture(SegmentedRaftLogWorker.java:87)
	at org.apache.ratis.server.raftlog.segmented.SegmentedRaftLogWorker$WriteLog.execute(SegmentedRaftLogWorker.java:477)
	at org.apache.ratis.server.raftlog.segmented.SegmentedRaftLogWorker.run(SegmentedRaftLogWorker.java:289)
	at java.lang.Thread.run(Thread.java:748)
Caused by: java.util.concurrent.TimeoutException
	at java.util.concurrent.CompletableFuture.timedGet(CompletableFuture.java:1771)
	at java.util.concurrent.CompletableFuture.get(CompletableFuture.java:1915)
	at org.apache.ratis.util.IOUtils.getFromFuture(IOUtils.java:79)
	... 4 more
2019-09-19 12:10:49,383 [java.util.concurrent.ThreadPoolExecutor$Worker@5019c524[State = -1, empty queue]] WARN  server.GrpcLogAppender (GrpcLogAppender.java:timeoutAppendRequest(200)) - 1b83d917-1d73-4cac-8d1d-dc3b4981903d@group-7041D5508450->4736e737-07ca-4f6d-84d7-0ed6bd660367-GrpcLogAppender: appendEntries Timeout, request=1b83d917-1d73-4cac-8d1d-dc3b4981903d->4736e737-07ca-4f6d-84d7-0ed6bd660367#101-t6, previous=(t:6, i:20), leaderCommit=16, initializing? false, entries: <empty>
2019-09-19 12:10:49,383 [java.util.concurrent.ThreadPoolExecutor$Worker@4f8ba3d5[State = -1, empty queue]] WARN  server.GrpcLogAppender (GrpcLogAppender.java:timeoutAppendRequest(200)) - 1b83d917-1d73-4cac-8d1d-dc3b4981903d@group-7041D5508450->7c8a32d9-49ab-449b-8cc8-032a8828a8ac-GrpcLogAppender: appendEntries Timeout, request=1b83d917-1d73-4cac-8d1d-dc3b4981903d->7c8a32d9-49ab-449b-8cc8-032a8828a8ac#101-t6, previous=(t:6, i:20), leaderCommit=16, initializing? false, entries: <empty>
2019-09-19 12:10:49,639 [java.util.concurrent.ThreadPoolExecutor$Worker@3ef0e39a[State = -1, empty queue]] WARN  server.GrpcLogAppender (GrpcLogAppender.java:timeoutAppendRequest(200)) - a409f42d-bc3a-405f-bf07-8265a8a77aff@group-82AF4051E50B->587dad1b-1a08-4278-9ac1-e315232e0934-GrpcLogAppender: appendEntries Timeout, request=a409f42d-bc3a-405f-bf07-8265a8a77aff->587dad1b-1a08-4278-9ac1-e315232e0934#116-t1, previous=(t:1, i:17), leaderCommit=13, initializing? false, entries: <empty>
2019-09-19 12:10:49,639 [java.util.concurrent.ThreadPoolExecutor$Worker@5db7d907[State = -1, empty queue]] WARN  server.GrpcLogAppender (GrpcLogAppender.java:timeoutAppendRequest(200)) - a409f42d-bc3a-405f-bf07-8265a8a77aff@group-82AF4051E50B->9ff75243-8f90-489e-ad4c-fbb8c473db2a-GrpcLogAppender: appendEntries Timeout, request=a409f42d-bc3a-405f-bf07-8265a8a77aff->9ff75243-8f90-489e-ad4c-fbb8c473db2a#116-t1, previous=(t:1, i:17), leaderCommit=13, initializing? false, entries: <empty>
2019-09-19 12:10:49,799 [grpc-default-executor-9] WARN  server.GrpcLogAppender (LogUtils.java:warn(134)) - 0536a24c-34e3-4c8a-9a31-895de5497f4a@group-11E1763585E1->35717865-8144-46c5-963e-0895e96939ac-AppendLogResponseHandler: Failed appendEntries: org.apache.ratis.thirdparty.io.grpc.StatusRuntimeException: UNAVAILABLE: io exception
2019-09-19 12:10:49,799 [grpc-default-executor-9] INFO  impl.FollowerInfo (FollowerInfo.java:lambda$new$0(51)) - 0536a24c-34e3-4c8a-9a31-895de5497f4a@group-11E1763585E1->35717865-8144-46c5-963e-0895e96939ac: nextIndex: updateUnconditionally 0 -> 0
2019-09-19 12:10:49,883 [java.util.concurrent.ThreadPoolExecutor$Worker@5019c524[State = -1, empty queue]] WARN  server.GrpcLogAppender (GrpcLogAppender.java:timeoutAppendRequest(200)) - 1b83d917-1d73-4cac-8d1d-dc3b4981903d@group-7041D5508450->4736e737-07ca-4f6d-84d7-0ed6bd660367-GrpcLogAppender: appendEntries Timeout, request=1b83d917-1d73-4cac-8d1d-dc3b4981903d->4736e737-07ca-4f6d-84d7-0ed6bd660367#102-t6, previous=(t:6, i:20), leaderCommit=16, initializing? false, entries: <empty>
2019-09-19 12:10:49,883 [java.util.concurrent.ThreadPoolExecutor$Worker@4f8ba3d5[State = -1, empty queue]] WARN  server.GrpcLogAppender (GrpcLogAppender.java:timeoutAppendRequest(200)) - 1b83d917-1d73-4cac-8d1d-dc3b4981903d@group-7041D5508450->7c8a32d9-49ab-449b-8cc8-032a8828a8ac-GrpcLogAppender: appendEntries Timeout, request=1b83d917-1d73-4cac-8d1d-dc3b4981903d->7c8a32d9-49ab-449b-8cc8-032a8828a8ac#102-t6, previous=(t:6, i:20), leaderCommit=16, initializing? false, entries: <empty>
2019-09-19 12:10:50,139 [java.util.concurrent.ThreadPoolExecutor$Worker@5db7d907[State = -1, empty queue]] WARN  server.GrpcLogAppender (GrpcLogAppender.java:timeoutAppendRequest(200)) - a409f42d-bc3a-405f-bf07-8265a8a77aff@group-82AF4051E50B->9ff75243-8f90-489e-ad4c-fbb8c473db2a-GrpcLogAppender: appendEntries Timeout, request=a409f42d-bc3a-405f-bf07-8265a8a77aff->9ff75243-8f90-489e-ad4c-fbb8c473db2a#117-t1, previous=(t:1, i:17), leaderCommit=13, initializing? false, entries: <empty>
2019-09-19 12:10:50,139 [java.util.concurrent.ThreadPoolExecutor$Worker@3ef0e39a[State = -1, empty queue]] WARN  server.GrpcLogAppender (GrpcLogAppender.java:timeoutAppendRequest(200)) - a409f42d-bc3a-405f-bf07-8265a8a77aff@group-82AF4051E50B->587dad1b-1a08-4278-9ac1-e315232e0934-GrpcLogAppender: appendEntries Timeout, request=a409f42d-bc3a-405f-bf07-8265a8a77aff->587dad1b-1a08-4278-9ac1-e315232e0934#117-t1, previous=(t:1, i:17), leaderCommit=13, initializing? false, entries: <empty>
2019-09-19 12:10:50,258 [grpc-default-executor-8] INFO  client.GrpcClientProtocolClient (GrpcClientProtocolClient.java:onNext(264)) - client-57877EF1F934->587dad1b-1a08-4278-9ac1-e315232e0934: receive RaftClientReply:client-57877EF1F934->587dad1b-1a08-4278-9ac1-e315232e0934@group-82AF4051E50B, cid=52, FAILED org.apache.ratis.protocol.NotLeaderException: Server 587dad1b-1a08-4278-9ac1-e315232e0934@group-82AF4051E50B is not the leader a409f42d-bc3a-405f-bf07-8265a8a77aff:192.168.157.252:38022, logIndex=0, commits[587dad1b-1a08-4278-9ac1-e315232e0934:c13, 9ff75243-8f90-489e-ad4c-fbb8c473db2a:c11, a409f42d-bc3a-405f-bf07-8265a8a77aff:c13]
2019-09-19 12:10:50,299 [grpc-default-executor-1] WARN  server.GrpcLogAppender (LogUtils.java:warn(134)) - 0536a24c-34e3-4c8a-9a31-895de5497f4a@group-11E1763585E1->35717865-8144-46c5-963e-0895e96939ac-AppendLogResponseHandler: Failed appendEntries: org.apache.ratis.thirdparty.io.grpc.StatusRuntimeException: UNAVAILABLE: io exception
2019-09-19 12:10:50,300 [grpc-default-executor-1] INFO  impl.FollowerInfo (FollowerInfo.java:lambda$new$0(51)) - 0536a24c-34e3-4c8a-9a31-895de5497f4a@group-11E1763585E1->35717865-8144-46c5-963e-0895e96939ac: nextIndex: updateUnconditionally 0 -> 0
2019-09-19 12:10:50,384 [java.util.concurrent.ThreadPoolExecutor$Worker@5019c524[State = -1, empty queue]] WARN  server.GrpcLogAppender (GrpcLogAppender.java:timeoutAppendRequest(200)) - 1b83d917-1d73-4cac-8d1d-dc3b4981903d@group-7041D5508450->4736e737-07ca-4f6d-84d7-0ed6bd660367-GrpcLogAppender: appendEntries Timeout, request=1b83d917-1d73-4cac-8d1d-dc3b4981903d->4736e737-07ca-4f6d-84d7-0ed6bd660367#103-t6, previous=(t:6, i:20), leaderCommit=16, initializing? false, entries: <empty>
2019-09-19 12:10:50,387 [java.util.concurrent.ThreadPoolExecutor$Worker@4f8ba3d5[State = -1, empty queue]] WARN  server.GrpcLogAppender (GrpcLogAppender.java:timeoutAppendRequest(200)) - 1b83d917-1d73-4cac-8d1d-dc3b4981903d@group-7041D5508450->7c8a32d9-49ab-449b-8cc8-032a8828a8ac-GrpcLogAppender: appendEntries Timeout, request=1b83d917-1d73-4cac-8d1d-dc3b4981903d->7c8a32d9-49ab-449b-8cc8-032a8828a8ac#103-t6, previous=(t:6, i:20), leaderCommit=16, initializing? false, entries: <empty>
2019-09-19 12:10:50,639 [java.util.concurrent.ThreadPoolExecutor$Worker@5db7d907[State = -1, empty queue]] WARN  server.GrpcLogAppender (GrpcLogAppender.java:timeoutAppendRequest(200)) - a409f42d-bc3a-405f-bf07-8265a8a77aff@group-82AF4051E50B->9ff75243-8f90-489e-ad4c-fbb8c473db2a-GrpcLogAppender: appendEntries Timeout, request=a409f42d-bc3a-405f-bf07-8265a8a77aff->9ff75243-8f90-489e-ad4c-fbb8c473db2a#118-t1, previous=(t:1, i:17), leaderCommit=13, initializing? false, entries: <empty>
2019-09-19 12:10:50,639 [java.util.concurrent.ThreadPoolExecutor$Worker@3ef0e39a[State = -1, empty queue]] WARN  server.GrpcLogAppender (GrpcLogAppender.java:timeoutAppendRequest(200)) - a409f42d-bc3a-405f-bf07-8265a8a77aff@group-82AF4051E50B->587dad1b-1a08-4278-9ac1-e315232e0934-GrpcLogAppender: appendEntries Timeout, request=a409f42d-bc3a-405f-bf07-8265a8a77aff->587dad1b-1a08-4278-9ac1-e315232e0934#118-t1, previous=(t:1, i:17), leaderCommit=13, initializing? false, entries: <empty>
2019-09-19 12:10:50,800 [grpc-default-executor-8] WARN  server.GrpcLogAppender (LogUtils.java:warn(134)) - 0536a24c-34e3-4c8a-9a31-895de5497f4a@group-11E1763585E1->35717865-8144-46c5-963e-0895e96939ac-AppendLogResponseHandler: Failed appendEntries: org.apache.ratis.thirdparty.io.grpc.StatusRuntimeException: UNAVAILABLE: io exception
2019-09-19 12:10:50,801 [grpc-default-executor-8] INFO  impl.FollowerInfo (FollowerInfo.java:lambda$new$0(51)) - 0536a24c-34e3-4c8a-9a31-895de5497f4a@group-11E1763585E1->35717865-8144-46c5-963e-0895e96939ac: nextIndex: updateUnconditionally 0 -> 0
2019-09-19 12:10:50,884 [java.util.concurrent.ThreadPoolExecutor$Worker@5019c524[State = -1, empty queue]] WARN  server.GrpcLogAppender (GrpcLogAppender.java:timeoutAppendRequest(200)) - 1b83d917-1d73-4cac-8d1d-dc3b4981903d@group-7041D5508450->4736e737-07ca-4f6d-84d7-0ed6bd660367-GrpcLogAppender: appendEntries Timeout, request=1b83d917-1d73-4cac-8d1d-dc3b4981903d->4736e737-07ca-4f6d-84d7-0ed6bd660367#104-t6, previous=(t:6, i:20), leaderCommit=16, initializing? false, entries: <empty>
2019-09-19 12:10:50,884 [java.util.concurrent.ThreadPoolExecutor$Worker@4f8ba3d5[State = -1, empty queue]] WARN  server.GrpcLogAppender (GrpcLogAppender.java:timeoutAppendRequest(200)) - 1b83d917-1d73-4cac-8d1d-dc3b4981903d@group-7041D5508450->7c8a32d9-49ab-449b-8cc8-032a8828a8ac-GrpcLogAppender: appendEntries Timeout, request=1b83d917-1d73-4cac-8d1d-dc3b4981903d->7c8a32d9-49ab-449b-8cc8-032a8828a8ac#104-t6, previous=(t:6, i:20), leaderCommit=16, initializing? false, entries: <empty>
2019-09-19 12:10:51,139 [java.util.concurrent.ThreadPoolExecutor$Worker@5db7d907[State = -1, empty queue]] WARN  server.GrpcLogAppender (GrpcLogAppender.java:timeoutAppendRequest(200)) - a409f42d-bc3a-405f-bf07-8265a8a77aff@group-82AF4051E50B->9ff75243-8f90-489e-ad4c-fbb8c473db2a-GrpcLogAppender: appendEntries Timeout, request=a409f42d-bc3a-405f-bf07-8265a8a77aff->9ff75243-8f90-489e-ad4c-fbb8c473db2a#119-t1, previous=(t:1, i:17), leaderCommit=13, initializing? false, entries: <empty>
2019-09-19 12:10:51,139 [java.util.concurrent.ThreadPoolExecutor$Worker@3ef0e39a[State = -1, empty queue]] WARN  server.GrpcLogAppender (GrpcLogAppender.java:timeoutAppendRequest(200)) - a409f42d-bc3a-405f-bf07-8265a8a77aff@group-82AF4051E50B->587dad1b-1a08-4278-9ac1-e315232e0934-GrpcLogAppender: appendEntries Timeout, request=a409f42d-bc3a-405f-bf07-8265a8a77aff->587dad1b-1a08-4278-9ac1-e315232e0934#119-t1, previous=(t:1, i:17), leaderCommit=13, initializing? false, entries: <empty>
2019-09-19 12:10:51,301 [grpc-default-executor-1] WARN  server.GrpcLogAppender (LogUtils.java:warn(134)) - 0536a24c-34e3-4c8a-9a31-895de5497f4a@group-11E1763585E1->35717865-8144-46c5-963e-0895e96939ac-AppendLogResponseHandler: Failed appendEntries: org.apache.ratis.thirdparty.io.grpc.StatusRuntimeException: UNAVAILABLE: io exception
2019-09-19 12:10:51,301 [grpc-default-executor-1] INFO  impl.FollowerInfo (FollowerInfo.java:lambda$new$0(51)) - 0536a24c-34e3-4c8a-9a31-895de5497f4a@group-11E1763585E1->35717865-8144-46c5-963e-0895e96939ac: nextIndex: updateUnconditionally 0 -> 0
2019-09-19 12:10:51,384 [java.util.concurrent.ThreadPoolExecutor$Worker@5019c524[State = -1, empty queue]] WARN  server.GrpcLogAppender (GrpcLogAppender.java:timeoutAppendRequest(200)) - 1b83d917-1d73-4cac-8d1d-dc3b4981903d@group-7041D5508450->4736e737-07ca-4f6d-84d7-0ed6bd660367-GrpcLogAppender: appendEntries Timeout, request=1b83d917-1d73-4cac-8d1d-dc3b4981903d->4736e737-07ca-4f6d-84d7-0ed6bd660367#105-t6, previous=(t:6, i:20), leaderCommit=16, initializing? false, entries: <empty>
2019-09-19 12:10:51,384 [java.util.concurrent.ThreadPoolExecutor$Worker@4f8ba3d5[State = -1, empty queue]] WARN  server.GrpcLogAppender (GrpcLogAppender.java:timeoutAppendRequest(200)) - 1b83d917-1d73-4cac-8d1d-dc3b4981903d@group-7041D5508450->7c8a32d9-49ab-449b-8cc8-032a8828a8ac-GrpcLogAppender: appendEntries Timeout, request=1b83d917-1d73-4cac-8d1d-dc3b4981903d->7c8a32d9-49ab-449b-8cc8-032a8828a8ac#105-t6, previous=(t:6, i:20), leaderCommit=16, initializing? false, entries: <empty>
2019-09-19 12:10:51,640 [java.util.concurrent.ThreadPoolExecutor$Worker@5db7d907[State = -1, empty queue]] WARN  server.GrpcLogAppender (GrpcLogAppender.java:timeoutAppendRequest(200)) - a409f42d-bc3a-405f-bf07-8265a8a77aff@group-82AF4051E50B->9ff75243-8f90-489e-ad4c-fbb8c473db2a-GrpcLogAppender: appendEntries Timeout, request=a409f42d-bc3a-405f-bf07-8265a8a77aff->9ff75243-8f90-489e-ad4c-fbb8c473db2a#120-t1, previous=(t:1, i:17), leaderCommit=13, initializing? false, entries: <empty>
2019-09-19 12:10:51,640 [java.util.concurrent.ThreadPoolExecutor$Worker@3ef0e39a[State = -1, empty queue]] WARN  server.GrpcLogAppender (GrpcLogAppender.java:timeoutAppendRequest(200)) - a409f42d-bc3a-405f-bf07-8265a8a77aff@group-82AF4051E50B->587dad1b-1a08-4278-9ac1-e315232e0934-GrpcLogAppender: appendEntries Timeout, request=a409f42d-bc3a-405f-bf07-8265a8a77aff->587dad1b-1a08-4278-9ac1-e315232e0934#120-t1, previous=(t:1, i:17), leaderCommit=13, initializing? false, entries: <empty>
2019-09-19 12:10:51,802 [grpc-default-executor-8] WARN  server.GrpcLogAppender (LogUtils.java:warn(134)) - 0536a24c-34e3-4c8a-9a31-895de5497f4a@group-11E1763585E1->35717865-8144-46c5-963e-0895e96939ac-AppendLogResponseHandler: Failed appendEntries: org.apache.ratis.thirdparty.io.grpc.StatusRuntimeException: UNAVAILABLE: io exception
2019-09-19 12:10:51,803 [grpc-default-executor-8] INFO  impl.FollowerInfo (FollowerInfo.java:lambda$new$0(51)) - 0536a24c-34e3-4c8a-9a31-895de5497f4a@group-11E1763585E1->35717865-8144-46c5-963e-0895e96939ac: nextIndex: updateUnconditionally 0 -> 0
2019-09-19 12:10:51,884 [java.util.concurrent.ThreadPoolExecutor$Worker@5019c524[State = -1, empty queue]] WARN  server.GrpcLogAppender (GrpcLogAppender.java:timeoutAppendRequest(200)) - 1b83d917-1d73-4cac-8d1d-dc3b4981903d@group-7041D5508450->4736e737-07ca-4f6d-84d7-0ed6bd660367-GrpcLogAppender: appendEntries Timeout, request=1b83d917-1d73-4cac-8d1d-dc3b4981903d->4736e737-07ca-4f6d-84d7-0ed6bd660367#106-t6, previous=(t:6, i:20), leaderCommit=16, initializing? false, entries: <empty>
2019-09-19 12:10:51,884 [java.util.concurrent.ThreadPoolExecutor$Worker@4f8ba3d5[State = -1, empty queue]] WARN  server.GrpcLogAppender (GrpcLogAppender.java:timeoutAppendRequest(200)) - 1b83d917-1d73-4cac-8d1d-dc3b4981903d@group-7041D5508450->7c8a32d9-49ab-449b-8cc8-032a8828a8ac-GrpcLogAppender: appendEntries Timeout, request=1b83d917-1d73-4cac-8d1d-dc3b4981903d->7c8a32d9-49ab-449b-8cc8-032a8828a8ac#106-t6, previous=(t:6, i:20), leaderCommit=16, initializing? false, entries: <empty>
2019-09-19 12:10:52,140 [java.util.concurrent.ThreadPoolExecutor$Worker@3ef0e39a[State = -1, empty queue]] WARN  server.GrpcLogAppender (GrpcLogAppender.java:timeoutAppendRequest(200)) - a409f42d-bc3a-405f-bf07-8265a8a77aff@group-82AF4051E50B->587dad1b-1a08-4278-9ac1-e315232e0934-GrpcLogAppender: appendEntries Timeout, request=a409f42d-bc3a-405f-bf07-8265a8a77aff->587dad1b-1a08-4278-9ac1-e315232e0934#121-t1, previous=(t:1, i:17), leaderCommit=13, initializing? false, entries: <empty>
2019-09-19 12:10:52,140 [java.util.concurrent.ThreadPoolExecutor$Worker@5db7d907[State = -1, empty queue]] WARN  server.GrpcLogAppender (GrpcLogAppender.java:timeoutAppendRequest(200)) - a409f42d-bc3a-405f-bf07-8265a8a77aff@group-82AF4051E50B->9ff75243-8f90-489e-ad4c-fbb8c473db2a-GrpcLogAppender: appendEntries Timeout, request=a409f42d-bc3a-405f-bf07-8265a8a77aff->9ff75243-8f90-489e-ad4c-fbb8c473db2a#121-t1, previous=(t:1, i:17), leaderCommit=13, initializing? false, entries: <empty>
2019-09-19 12:10:52,304 [grpc-default-executor-9] WARN  server.GrpcLogAppender (LogUtils.java:warn(134)) - 0536a24c-34e3-4c8a-9a31-895de5497f4a@group-11E1763585E1->35717865-8144-46c5-963e-0895e96939ac-AppendLogResponseHandler: Failed appendEntries: org.apache.ratis.thirdparty.io.grpc.StatusRuntimeException: UNAVAILABLE: io exception
2019-09-19 12:10:52,305 [grpc-default-executor-9] INFO  impl.FollowerInfo (FollowerInfo.java:lambda$new$0(51)) - 0536a24c-34e3-4c8a-9a31-895de5497f4a@group-11E1763585E1->35717865-8144-46c5-963e-0895e96939ac: nextIndex: updateUnconditionally 0 -> 0
2019-09-19 12:10:52,384 [java.util.concurrent.ThreadPoolExecutor$Worker@5019c524[State = -1, empty queue]] WARN  server.GrpcLogAppender (GrpcLogAppender.java:timeoutAppendRequest(200)) - 1b83d917-1d73-4cac-8d1d-dc3b4981903d@group-7041D5508450->4736e737-07ca-4f6d-84d7-0ed6bd660367-GrpcLogAppender: appendEntries Timeout, request=1b83d917-1d73-4cac-8d1d-dc3b4981903d->4736e737-07ca-4f6d-84d7-0ed6bd660367#107-t6, previous=(t:6, i:20), leaderCommit=16, initializing? false, entries: <empty>
2019-09-19 12:10:52,385 [java.util.concurrent.ThreadPoolExecutor$Worker@4f8ba3d5[State = -1, empty queue]] WARN  server.GrpcLogAppender (GrpcLogAppender.java:timeoutAppendRequest(200)) - 1b83d917-1d73-4cac-8d1d-dc3b4981903d@group-7041D5508450->7c8a32d9-49ab-449b-8cc8-032a8828a8ac-GrpcLogAppender: appendEntries Timeout, request=1b83d917-1d73-4cac-8d1d-dc3b4981903d->7c8a32d9-49ab-449b-8cc8-032a8828a8ac#107-t6, previous=(t:6, i:20), leaderCommit=16, initializing? false, entries: <empty>
2019-09-19 12:10:52,640 [java.util.concurrent.ThreadPoolExecutor$Worker@3ef0e39a[State = -1, empty queue]] WARN  server.GrpcLogAppender (GrpcLogAppender.java:timeoutAppendRequest(200)) - a409f42d-bc3a-405f-bf07-8265a8a77aff@group-82AF4051E50B->587dad1b-1a08-4278-9ac1-e315232e0934-GrpcLogAppender: appendEntries Timeout, request=a409f42d-bc3a-405f-bf07-8265a8a77aff->587dad1b-1a08-4278-9ac1-e315232e0934#122-t1, previous=(t:1, i:17), leaderCommit=13, initializing? false, entries: <empty>
2019-09-19 12:10:52,640 [java.util.concurrent.ThreadPoolExecutor$Worker@5db7d907[State = -1, empty queue]] WARN  server.GrpcLogAppender (GrpcLogAppender.java:timeoutAppendRequest(200)) - a409f42d-bc3a-405f-bf07-8265a8a77aff@group-82AF4051E50B->9ff75243-8f90-489e-ad4c-fbb8c473db2a-GrpcLogAppender: appendEntries Timeout, request=a409f42d-bc3a-405f-bf07-8265a8a77aff->9ff75243-8f90-489e-ad4c-fbb8c473db2a#122-t1, previous=(t:1, i:17), leaderCommit=13, initializing? false, entries: <empty>
2019-09-19 12:10:52,804 [grpc-default-executor-1] WARN  server.GrpcLogAppender (LogUtils.java:warn(134)) - 0536a24c-34e3-4c8a-9a31-895de5497f4a@group-11E1763585E1->35717865-8144-46c5-963e-0895e96939ac-AppendLogResponseHandler: Failed appendEntries: org.apache.ratis.thirdparty.io.grpc.StatusRuntimeException: UNAVAILABLE: io exception
2019-09-19 12:10:52,804 [grpc-default-executor-1] INFO  impl.FollowerInfo (FollowerInfo.java:lambda$new$0(51)) - 0536a24c-34e3-4c8a-9a31-895de5497f4a@group-11E1763585E1->35717865-8144-46c5-963e-0895e96939ac: nextIndex: updateUnconditionally 0 -> 0
2019-09-19 12:10:52,885 [java.util.concurrent.ThreadPoolExecutor$Worker@5019c524[State = -1, empty queue]] WARN  server.GrpcLogAppender (GrpcLogAppender.java:timeoutAppendRequest(200)) - 1b83d917-1d73-4cac-8d1d-dc3b4981903d@group-7041D5508450->4736e737-07ca-4f6d-84d7-0ed6bd660367-GrpcLogAppender: appendEntries Timeout, request=1b83d917-1d73-4cac-8d1d-dc3b4981903d->4736e737-07ca-4f6d-84d7-0ed6bd660367#108-t6, previous=(t:6, i:20), leaderCommit=16, initializing? false, entries: <empty>
2019-09-19 12:10:52,885 [java.util.concurrent.ThreadPoolExecutor$Worker@4f8ba3d5[State = -1, empty queue]] WARN  server.GrpcLogAppender (GrpcLogAppender.java:timeoutAppendRequest(200)) - 1b83d917-1d73-4cac-8d1d-dc3b4981903d@group-7041D5508450->7c8a32d9-49ab-449b-8cc8-032a8828a8ac-GrpcLogAppender: appendEntries Timeout, request=1b83d917-1d73-4cac-8d1d-dc3b4981903d->7c8a32d9-49ab-449b-8cc8-032a8828a8ac#108-t6, previous=(t:6, i:20), leaderCommit=16, initializing? false, entries: <empty>
2019-09-19 12:10:53,140 [java.util.concurrent.ThreadPoolExecutor$Worker@3ef0e39a[State = -1, empty queue]] WARN  server.GrpcLogAppender (GrpcLogAppender.java:timeoutAppendRequest(200)) - a409f42d-bc3a-405f-bf07-8265a8a77aff@group-82AF4051E50B->587dad1b-1a08-4278-9ac1-e315232e0934-GrpcLogAppender: appendEntries Timeout, request=a409f42d-bc3a-405f-bf07-8265a8a77aff->587dad1b-1a08-4278-9ac1-e315232e0934#123-t1, previous=(t:1, i:17), leaderCommit=13, initializing? false, entries: <empty>
2019-09-19 12:10:53,140 [java.util.concurrent.ThreadPoolExecutor$Worker@5db7d907[State = -1, empty queue]] WARN  server.GrpcLogAppender (GrpcLogAppender.java:timeoutAppendRequest(200)) - a409f42d-bc3a-405f-bf07-8265a8a77aff@group-82AF4051E50B->9ff75243-8f90-489e-ad4c-fbb8c473db2a-GrpcLogAppender: appendEntries Timeout, request=a409f42d-bc3a-405f-bf07-8265a8a77aff->9ff75243-8f90-489e-ad4c-fbb8c473db2a#123-t1, previous=(t:1, i:17), leaderCommit=13, initializing? false, entries: <empty>
2019-09-19 12:10:53,282 [main] WARN  io.KeyOutputStream (KeyOutputStream.java:handleException(276)) - Encountered exception java.io.IOException: Unexpected Storage Container Exception: java.util.concurrent.CompletionException: java.util.concurrent.CompletionException: org.apache.ratis.protocol.RaftRetryFailureException: Failed RaftClientRequest:client-57877EF1F934->a409f42d-bc3a-405f-bf07-8265a8a77aff@group-82AF4051E50B, cid=52, seq=9*, RW, org.apache.hadoop.hdds.scm.XceiverClientRatis$$Lambda$403/1583001542@fd35d59 for 10 attempts with RetryLimited(maxAttempts=10, sleepTime=1000ms) on the pipeline Pipeline[ Id: dcea782e-2ecf-47a0-b031-82af4051e50b, Nodes: 9ff75243-8f90-489e-ad4c-fbb8c473db2a{ip: 192.168.157.252, host: pr-hdds-2153-8htts-3549596055, networkLocation: /default-rack, certSerialId: null}587dad1b-1a08-4278-9ac1-e315232e0934{ip: 192.168.157.252, host: pr-hdds-2153-8htts-3549596055, networkLocation: /default-rack, certSerialId: null}a409f42d-bc3a-405f-bf07-8265a8a77aff{ip: 192.168.157.252, host: pr-hdds-2153-8htts-3549596055, networkLocation: /default-rack, certSerialId: null}, Type:RATIS, Factor:THREE, State:OPEN]. The last committed block length is 0, uncommitted data length is 2097152 retry count 0
2019-09-19 12:10:53,319 [grpc-default-executor-8] WARN  server.GrpcLogAppender (LogUtils.java:warn(134)) - 0536a24c-34e3-4c8a-9a31-895de5497f4a@group-11E1763585E1->35717865-8144-46c5-963e-0895e96939ac-AppendLogResponseHandler: Failed appendEntries: org.apache.ratis.thirdparty.io.grpc.StatusRuntimeException: UNAVAILABLE: io exception
2019-09-19 12:10:53,320 [grpc-default-executor-8] INFO  impl.FollowerInfo (FollowerInfo.java:lambda$new$0(51)) - 0536a24c-34e3-4c8a-9a31-895de5497f4a@group-11E1763585E1->35717865-8144-46c5-963e-0895e96939ac: nextIndex: updateUnconditionally 0 -> 0
2019-09-19 12:10:53,387 [java.util.concurrent.ThreadPoolExecutor$Worker@5019c524[State = -1, empty queue]] WARN  server.GrpcLogAppender (GrpcLogAppender.java:timeoutAppendRequest(200)) - 1b83d917-1d73-4cac-8d1d-dc3b4981903d@group-7041D5508450->4736e737-07ca-4f6d-84d7-0ed6bd660367-GrpcLogAppender: appendEntries Timeout, request=1b83d917-1d73-4cac-8d1d-dc3b4981903d->4736e737-07ca-4f6d-84d7-0ed6bd660367#109-t6, previous=(t:6, i:20), leaderCommit=16, initializing? false, entries: <empty>
2019-09-19 12:10:53,389 [java.util.concurrent.ThreadPoolExecutor$Worker@4f8ba3d5[State = -1, empty queue]] WARN  server.GrpcLogAppender (GrpcLogAppender.java:timeoutAppendRequest(200)) - 1b83d917-1d73-4cac-8d1d-dc3b4981903d@group-7041D5508450->7c8a32d9-49ab-449b-8cc8-032a8828a8ac-GrpcLogAppender: appendEntries Timeout, request=1b83d917-1d73-4cac-8d1d-dc3b4981903d->7c8a32d9-49ab-449b-8cc8-032a8828a8ac#109-t6, previous=(t:6, i:20), leaderCommit=16, initializing? false, entries: <empty>
2019-09-19 12:10:53,641 [java.util.concurrent.ThreadPoolExecutor$Worker@5db7d907[State = -1, empty queue]] WARN  server.GrpcLogAppender (GrpcLogAppender.java:timeoutAppendRequest(200)) - a409f42d-bc3a-405f-bf07-8265a8a77aff@group-82AF4051E50B->9ff75243-8f90-489e-ad4c-fbb8c473db2a-GrpcLogAppender: appendEntries Timeout, request=a409f42d-bc3a-405f-bf07-8265a8a77aff->9ff75243-8f90-489e-ad4c-fbb8c473db2a#124-t1, previous=(t:1, i:17), leaderCommit=13, initializing? false, entries: <empty>
2019-09-19 12:10:53,641 [java.util.concurrent.ThreadPoolExecutor$Worker@3ef0e39a[State = -1, empty queue]] WARN  server.GrpcLogAppender (GrpcLogAppender.java:timeoutAppendRequest(200)) - a409f42d-bc3a-405f-bf07-8265a8a77aff@group-82AF4051E50B->587dad1b-1a08-4278-9ac1-e315232e0934-GrpcLogAppender: appendEntries Timeout, request=a409f42d-bc3a-405f-bf07-8265a8a77aff->587dad1b-1a08-4278-9ac1-e315232e0934#124-t1, previous=(t:1, i:17), leaderCommit=13, initializing? false, entries: <empty>
2019-09-19 12:10:53,807 [grpc-default-executor-2] WARN  server.GrpcLogAppender (LogUtils.java:warn(134)) - 0536a24c-34e3-4c8a-9a31-895de5497f4a@group-11E1763585E1->35717865-8144-46c5-963e-0895e96939ac-AppendLogResponseHandler: Failed appendEntries: org.apache.ratis.thirdparty.io.grpc.StatusRuntimeException: UNAVAILABLE: io exception
2019-09-19 12:10:53,807 [grpc-default-executor-2] INFO  impl.FollowerInfo (FollowerInfo.java:lambda$new$0(51)) - 0536a24c-34e3-4c8a-9a31-895de5497f4a@group-11E1763585E1->35717865-8144-46c5-963e-0895e96939ac: nextIndex: updateUnconditionally 0 -> 0
2019-09-19 12:10:53,888 [java.util.concurrent.ThreadPoolExecutor$Worker@5019c524[State = -1, empty queue]] WARN  server.GrpcLogAppender (GrpcLogAppender.java:timeoutAppendRequest(200)) - 1b83d917-1d73-4cac-8d1d-dc3b4981903d@group-7041D5508450->4736e737-07ca-4f6d-84d7-0ed6bd660367-GrpcLogAppender: appendEntries Timeout, request=1b83d917-1d73-4cac-8d1d-dc3b4981903d->4736e737-07ca-4f6d-84d7-0ed6bd660367#110-t6, previous=(t:6, i:20), leaderCommit=16, initializing? false, entries: <empty>
2019-09-19 12:10:53,888 [java.util.concurrent.ThreadPoolExecutor$Worker@4f8ba3d5[State = -1, empty queue]] WARN  server.GrpcLogAppender (GrpcLogAppender.java:timeoutAppendRequest(200)) - 1b83d917-1d73-4cac-8d1d-dc3b4981903d@group-7041D5508450->7c8a32d9-49ab-449b-8cc8-032a8828a8ac-GrpcLogAppender: appendEntries Timeout, request=1b83d917-1d73-4cac-8d1d-dc3b4981903d->7c8a32d9-49ab-449b-8cc8-032a8828a8ac#110-t6, previous=(t:6, i:20), leaderCommit=16, initializing? false, entries: <empty>
2019-09-19 12:10:54,141 [java.util.concurrent.ThreadPoolExecutor$Worker@3ef0e39a[State = -1, empty queue]] WARN  server.GrpcLogAppender (GrpcLogAppender.java:timeoutAppendRequest(200)) - a409f42d-bc3a-405f-bf07-8265a8a77aff@group-82AF4051E50B->587dad1b-1a08-4278-9ac1-e315232e0934-GrpcLogAppender: appendEntries Timeout, request=a409f42d-bc3a-405f-bf07-8265a8a77aff->587dad1b-1a08-4278-9ac1-e315232e0934#125-t1, previous=(t:1, i:17), leaderCommit=13, initializing? false, entries: <empty>
2019-09-19 12:10:54,141 [java.util.concurrent.ThreadPoolExecutor$Worker@5db7d907[State = -1, empty queue]] WARN  server.GrpcLogAppender (GrpcLogAppender.java:timeoutAppendRequest(200)) - a409f42d-bc3a-405f-bf07-8265a8a77aff@group-82AF4051E50B->9ff75243-8f90-489e-ad4c-fbb8c473db2a-GrpcLogAppender: appendEntries Timeout, request=a409f42d-bc3a-405f-bf07-8265a8a77aff->9ff75243-8f90-489e-ad4c-fbb8c473db2a#125-t1, previous=(t:1, i:17), leaderCommit=13, initializing? false, entries: <empty>
2019-09-19 12:10:54,340 [grpc-default-executor-8] WARN  server.GrpcLogAppender (LogUtils.java:warn(134)) - 0536a24c-34e3-4c8a-9a31-895de5497f4a@group-11E1763585E1->35717865-8144-46c5-963e-0895e96939ac-AppendLogResponseHandler: Failed appendEntries: org.apache.ratis.thirdparty.io.grpc.StatusRuntimeException: UNAVAILABLE: io exception
2019-09-19 12:10:54,340 [grpc-default-executor-8] INFO  impl.FollowerInfo (FollowerInfo.java:lambda$new$0(51)) - 0536a24c-34e3-4c8a-9a31-895de5497f4a@group-11E1763585E1->35717865-8144-46c5-963e-0895e96939ac: nextIndex: updateUnconditionally 0 -> 0
2019-09-19 12:10:54,384 [grpc-default-executor-4] INFO  client.GrpcClientProtocolClient (GrpcClientProtocolClient.java:onNext(264)) - client-D287D123B867->03555e6f-e7ac-4c8b-ad84-7222370bb52c: receive RaftClientReply:client-D287D123B867->03555e6f-e7ac-4c8b-ad84-7222370bb52c@group-11E1763585E1, cid=56, FAILED org.apache.ratis.protocol.NotLeaderException: Server 03555e6f-e7ac-4c8b-ad84-7222370bb52c@group-11E1763585E1 is not the leader 0536a24c-34e3-4c8a-9a31-895de5497f4a:192.168.157.252:36571, logIndex=0, commits[03555e6f-e7ac-4c8b-ad84-7222370bb52c:c16, 0536a24c-34e3-4c8a-9a31-895de5497f4a:c16, 35717865-8144-46c5-963e-0895e96939ac:c16]
2019-09-19 12:10:54,393 [java.util.concurrent.ThreadPoolExecutor$Worker@4f8ba3d5[State = -1, empty queue]] WARN  server.GrpcLogAppender (GrpcLogAppender.java:timeoutAppendRequest(200)) - 1b83d917-1d73-4cac-8d1d-dc3b4981903d@group-7041D5508450->7c8a32d9-49ab-449b-8cc8-032a8828a8ac-GrpcLogAppender: appendEntries Timeout, request=1b83d917-1d73-4cac-8d1d-dc3b4981903d->7c8a32d9-49ab-449b-8cc8-032a8828a8ac#111-t6, previous=(t:6, i:20), leaderCommit=16, initializing? false, entries: <empty>
2019-09-19 12:10:54,393 [java.util.concurrent.ThreadPoolExecutor$Worker@5019c524[State = -1, empty queue]] WARN  server.GrpcLogAppender (GrpcLogAppender.java:timeoutAppendRequest(200)) - 1b83d917-1d73-4cac-8d1d-dc3b4981903d@group-7041D5508450->4736e737-07ca-4f6d-84d7-0ed6bd660367-GrpcLogAppender: appendEntries Timeout, request=1b83d917-1d73-4cac-8d1d-dc3b4981903d->4736e737-07ca-4f6d-84d7-0ed6bd660367#111-t6, previous=(t:6, i:20), leaderCommit=16, initializing? false, entries: <empty>
2019-09-19 12:10:54,406 [grpc-default-executor-4] WARN  server.GrpcLogAppender (LogUtils.java:warn(134)) - 0536a24c-34e3-4c8a-9a31-895de5497f4a@group-11E1763585E1->35717865-8144-46c5-963e-0895e96939ac-AppendLogResponseHandler: Failed appendEntries: org.apache.ratis.thirdparty.io.grpc.StatusRuntimeException: UNAVAILABLE: io exception
2019-09-19 12:10:54,406 [grpc-default-executor-4] INFO  impl.FollowerInfo (FollowerInfo.java:lambda$new$0(51)) - 0536a24c-34e3-4c8a-9a31-895de5497f4a@group-11E1763585E1->35717865-8144-46c5-963e-0895e96939ac: nextIndex: updateUnconditionally 1 -> 0
2019-09-19 12:10:54,641 [java.util.concurrent.ThreadPoolExecutor$Worker@3ef0e39a[State = -1, empty queue]] WARN  server.GrpcLogAppender (GrpcLogAppender.java:timeoutAppendRequest(200)) - a409f42d-bc3a-405f-bf07-8265a8a77aff@group-82AF4051E50B->587dad1b-1a08-4278-9ac1-e315232e0934-GrpcLogAppender: appendEntries Timeout, request=a409f42d-bc3a-405f-bf07-8265a8a77aff->587dad1b-1a08-4278-9ac1-e315232e0934#126-t1, previous=(t:1, i:17), leaderCommit=13, initializing? false, entries: <empty>
2019-09-19 12:10:54,641 [java.util.concurrent.ThreadPoolExecutor$Worker@5db7d907[State = -1, empty queue]] WARN  server.GrpcLogAppender (GrpcLogAppender.java:timeoutAppendRequest(200)) - a409f42d-bc3a-405f-bf07-8265a8a77aff@group-82AF4051E50B->9ff75243-8f90-489e-ad4c-fbb8c473db2a-GrpcLogAppender: appendEntries Timeout, request=a409f42d-bc3a-405f-bf07-8265a8a77aff->9ff75243-8f90-489e-ad4c-fbb8c473db2a#126-t1, previous=(t:1, i:17), leaderCommit=13, initializing? false, entries: <empty>
2019-09-19 12:10:54,891 [java.util.concurrent.ThreadPoolExecutor$Worker@4f8ba3d5[State = -1, empty queue]] WARN  server.GrpcLogAppender (GrpcLogAppender.java:timeoutAppendRequest(200)) - 1b83d917-1d73-4cac-8d1d-dc3b4981903d@group-7041D5508450->7c8a32d9-49ab-449b-8cc8-032a8828a8ac-GrpcLogAppender: appendEntries Timeout, request=1b83d917-1d73-4cac-8d1d-dc3b4981903d->7c8a32d9-49ab-449b-8cc8-032a8828a8ac#112-t6, previous=(t:6, i:20), leaderCommit=16, initializing? false, entries: <empty>
2019-09-19 12:10:54,891 [java.util.concurrent.ThreadPoolExecutor$Worker@5019c524[State = -1, empty queue]] WARN  server.GrpcLogAppender (GrpcLogAppender.java:timeoutAppendRequest(200)) - 1b83d917-1d73-4cac-8d1d-dc3b4981903d@group-7041D5508450->4736e737-07ca-4f6d-84d7-0ed6bd660367-GrpcLogAppender: appendEntries Timeout, request=1b83d917-1d73-4cac-8d1d-dc3b4981903d->4736e737-07ca-4f6d-84d7-0ed6bd660367#112-t6, previous=(t:6, i:20), leaderCommit=16, initializing? false, entries: <empty>
2019-09-19 12:10:54,907 [grpc-default-executor-2] WARN  server.GrpcLogAppender (LogUtils.java:warn(134)) - 0536a24c-34e3-4c8a-9a31-895de5497f4a@group-11E1763585E1->35717865-8144-46c5-963e-0895e96939ac-AppendLogResponseHandler: Failed appendEntries: org.apache.ratis.thirdparty.io.grpc.StatusRuntimeException: UNAVAILABLE: io exception
2019-09-19 12:10:54,907 [grpc-default-executor-2] INFO  impl.FollowerInfo (FollowerInfo.java:lambda$new$0(51)) - 0536a24c-34e3-4c8a-9a31-895de5497f4a@group-11E1763585E1->35717865-8144-46c5-963e-0895e96939ac: nextIndex: updateUnconditionally 0 -> 0
2019-09-19 12:10:55,112 [587dad1b-1a08-4278-9ac1-e315232e0934@group-82AF4051E50B-SegmentedRaftLogWorker] WARN  segmented.SegmentedRaftLogWorker (SegmentedRaftLogWorker.java:getFromFuture(90)) - Timeout 1/~
org.apache.ratis.protocol.TimeoutIOException: Timeout 10s: WriteLog:14: (t:1, i:14), STATEMACHINELOGENTRY, client-57877EF1F934, cid=52-writeStateMachineData
	at org.apache.ratis.util.IOUtils.getFromFuture(IOUtils.java:87)
	at org.apache.ratis.server.raftlog.segmented.SegmentedRaftLogWorker$StateMachineDataPolicy.getFromFuture(SegmentedRaftLogWorker.java:87)
	at org.apache.ratis.server.raftlog.segmented.SegmentedRaftLogWorker$WriteLog.execute(SegmentedRaftLogWorker.java:477)
	at org.apache.ratis.server.raftlog.segmented.SegmentedRaftLogWorker.run(SegmentedRaftLogWorker.java:289)
	at java.lang.Thread.run(Thread.java:748)
Caused by: java.util.concurrent.TimeoutException
	at java.util.concurrent.CompletableFuture.timedGet(CompletableFuture.java:1771)
	at java.util.concurrent.CompletableFuture.get(CompletableFuture.java:1915)
	at org.apache.ratis.util.IOUtils.getFromFuture(IOUtils.java:79)
	... 4 more
2019-09-19 12:10:55,112 [9ff75243-8f90-489e-ad4c-fbb8c473db2a@group-82AF4051E50B-SegmentedRaftLogWorker] WARN  segmented.SegmentedRaftLogWorker (SegmentedRaftLogWorker.java:getFromFuture(90)) - Timeout 1/~
org.apache.ratis.protocol.TimeoutIOException: Timeout 10s: WriteLog:14: (t:1, i:14), STATEMACHINELOGENTRY, client-57877EF1F934, cid=52-writeStateMachineData
	at org.apache.ratis.util.IOUtils.getFromFuture(IOUtils.java:87)
	at org.apache.ratis.server.raftlog.segmented.SegmentedRaftLogWorker$StateMachineDataPolicy.getFromFuture(SegmentedRaftLogWorker.java:87)
	at org.apache.ratis.server.raftlog.segmented.SegmentedRaftLogWorker$WriteLog.execute(SegmentedRaftLogWorker.java:477)
	at org.apache.ratis.server.raftlog.segmented.SegmentedRaftLogWorker.run(SegmentedRaftLogWorker.java:289)
	at java.lang.Thread.run(Thread.java:748)
Caused by: java.util.concurrent.TimeoutException
	at java.util.concurrent.CompletableFuture.timedGet(CompletableFuture.java:1771)
	at java.util.concurrent.CompletableFuture.get(CompletableFuture.java:1915)
	at org.apache.ratis.util.IOUtils.getFromFuture(IOUtils.java:79)
	... 4 more
2019-09-19 12:10:55,142 [java.util.concurrent.ThreadPoolExecutor$Worker@3ef0e39a[State = -1, empty queue]] WARN  server.GrpcLogAppender (GrpcLogAppender.java:timeoutAppendRequest(200)) - a409f42d-bc3a-405f-bf07-8265a8a77aff@group-82AF4051E50B->587dad1b-1a08-4278-9ac1-e315232e0934-GrpcLogAppender: appendEntries Timeout, request=a409f42d-bc3a-405f-bf07-8265a8a77aff->587dad1b-1a08-4278-9ac1-e315232e0934#127-t1, previous=(t:1, i:17), leaderCommit=13, initializing? false, entries: <empty>
2019-09-19 12:10:55,142 [java.util.concurrent.ThreadPoolExecutor$Worker@5db7d907[State = -1, empty queue]] WARN  server.GrpcLogAppender (GrpcLogAppender.java:timeoutAppendRequest(200)) - a409f42d-bc3a-405f-bf07-8265a8a77aff@group-82AF4051E50B->9ff75243-8f90-489e-ad4c-fbb8c473db2a-GrpcLogAppender: appendEntries Timeout, request=a409f42d-bc3a-405f-bf07-8265a8a77aff->9ff75243-8f90-489e-ad4c-fbb8c473db2a#127-t1, previous=(t:1, i:17), leaderCommit=13, initializing? false, entries: <empty>
2019-09-19 12:10:55,174 [grpc-default-executor-4] WARN  server.GrpcLogAppender (LogUtils.java:warn(134)) - 0536a24c-34e3-4c8a-9a31-895de5497f4a@group-11E1763585E1->35717865-8144-46c5-963e-0895e96939ac-AppendLogResponseHandler: Failed appendEntries: org.apache.ratis.thirdparty.io.grpc.StatusRuntimeException: UNAVAILABLE: io exception
2019-09-19 12:10:55,175 [grpc-default-executor-8] INFO  client.GrpcClientProtocolClient (GrpcClientProtocolClient.java:onNext(264)) - client-D287D123B867->0536a24c-34e3-4c8a-9a31-895de5497f4a: receive RaftClientReply:client-D287D123B867->0536a24c-34e3-4c8a-9a31-895de5497f4a@group-11E1763585E1, cid=56, SUCCESS, logIndex=17, commits[0536a24c-34e3-4c8a-9a31-895de5497f4a:c17, 35717865-8144-46c5-963e-0895e96939ac:c16, 03555e6f-e7ac-4c8b-ad84-7222370bb52c:c16]
2019-09-19 12:10:55,175 [grpc-default-executor-4] INFO  impl.FollowerInfo (FollowerInfo.java:lambda$new$0(51)) - 0536a24c-34e3-4c8a-9a31-895de5497f4a@group-11E1763585E1->35717865-8144-46c5-963e-0895e96939ac: nextIndex: updateUnconditionally 1 -> 0
2019-09-19 12:10:55,188 [grpc-default-executor-9] WARN  server.GrpcLogAppender (LogUtils.java:warn(134)) - 0536a24c-34e3-4c8a-9a31-895de5497f4a@group-11E1763585E1->35717865-8144-46c5-963e-0895e96939ac-AppendLogResponseHandler: Failed appendEntries: org.apache.ratis.thirdparty.io.grpc.StatusRuntimeException: UNAVAILABLE: io exception
2019-09-19 12:10:55,188 [grpc-default-executor-9] INFO  impl.FollowerInfo (FollowerInfo.java:lambda$new$0(51)) - 0536a24c-34e3-4c8a-9a31-895de5497f4a@group-11E1763585E1->35717865-8144-46c5-963e-0895e96939ac: nextIndex: updateUnconditionally 1 -> 0
2019-09-19 12:10:55,191 [grpc-default-executor-4] WARN  server.GrpcLogAppender (LogUtils.java:warn(134)) - 0536a24c-34e3-4c8a-9a31-895de5497f4a@group-11E1763585E1->35717865-8144-46c5-963e-0895e96939ac-AppendLogResponseHandler: Failed appendEntries: org.apache.ratis.thirdparty.io.grpc.StatusRuntimeException: UNAVAILABLE: io exception
2019-09-19 12:10:55,192 [grpc-default-executor-4] INFO  impl.FollowerInfo (FollowerInfo.java:lambda$new$0(51)) - 0536a24c-34e3-4c8a-9a31-895de5497f4a@group-11E1763585E1->35717865-8144-46c5-963e-0895e96939ac: nextIndex: updateUnconditionally 1 -> 0
2019-09-19 12:10:55,200 [grpc-default-executor-9] WARN  server.GrpcLogAppender (LogUtils.java:warn(134)) - 0536a24c-34e3-4c8a-9a31-895de5497f4a@group-11E1763585E1->35717865-8144-46c5-963e-0895e96939ac-AppendLogResponseHandler: Failed appendEntries: org.apache.ratis.thirdparty.io.grpc.StatusRuntimeException: UNAVAILABLE: io exception
2019-09-19 12:10:55,200 [grpc-default-executor-9] INFO  impl.FollowerInfo (FollowerInfo.java:lambda$new$0(51)) - 0536a24c-34e3-4c8a-9a31-895de5497f4a@group-11E1763585E1->35717865-8144-46c5-963e-0895e96939ac: nextIndex: updateUnconditionally 1 -> 0
2019-09-19 12:10:55,212 [grpc-default-executor-4] WARN  server.GrpcLogAppender (LogUtils.java:warn(134)) - 0536a24c-34e3-4c8a-9a31-895de5497f4a@group-11E1763585E1->35717865-8144-46c5-963e-0895e96939ac-AppendLogResponseHandler: Failed appendEntries: org.apache.ratis.thirdparty.io.grpc.StatusRuntimeException: UNAVAILABLE: io exception
2019-09-19 12:10:55,213 [grpc-default-executor-4] INFO  impl.FollowerInfo (FollowerInfo.java:lambda$new$0(51)) - 0536a24c-34e3-4c8a-9a31-895de5497f4a@group-11E1763585E1->35717865-8144-46c5-963e-0895e96939ac: nextIndex: updateUnconditionally 1 -> 0
2019-09-19 12:10:55,224 [grpc-default-executor-9] WARN  server.GrpcLogAppender (LogUtils.java:warn(134)) - 0536a24c-34e3-4c8a-9a31-895de5497f4a@group-11E1763585E1->35717865-8144-46c5-963e-0895e96939ac-AppendLogResponseHandler: Failed appendEntries: org.apache.ratis.thirdparty.io.grpc.StatusRuntimeException: UNAVAILABLE: io exception
2019-09-19 12:10:55,224 [grpc-default-executor-9] INFO  impl.FollowerInfo (FollowerInfo.java:lambda$new$0(51)) - 0536a24c-34e3-4c8a-9a31-895de5497f4a@group-11E1763585E1->35717865-8144-46c5-963e-0895e96939ac: nextIndex: updateUnconditionally 1 -> 0
2019-09-19 12:10:55,259 [grpc-default-executor-9] INFO  client.GrpcClientProtocolClient (GrpcClientProtocolClient.java:onNext(264)) - client-D287D123B867->0536a24c-34e3-4c8a-9a31-895de5497f4a: receive RaftClientReply:client-D287D123B867->0536a24c-34e3-4c8a-9a31-895de5497f4a@group-11E1763585E1, cid=57, SUCCESS, logIndex=19, commits[0536a24c-34e3-4c8a-9a31-895de5497f4a:c24, 35717865-8144-46c5-963e-0895e96939ac:c16, 03555e6f-e7ac-4c8b-ad84-7222370bb52c:c21]
2019-09-19 12:10:55,260 [grpc-default-executor-9] INFO  client.GrpcClientProtocolClient (GrpcClientProtocolClient.java:onNext(264)) - client-D287D123B867->0536a24c-34e3-4c8a-9a31-895de5497f4a: receive RaftClientReply:client-D287D123B867->0536a24c-34e3-4c8a-9a31-895de5497f4a@group-11E1763585E1, cid=58, SUCCESS, logIndex=20, commits[0536a24c-34e3-4c8a-9a31-895de5497f4a:c24, 35717865-8144-46c5-963e-0895e96939ac:c16, 03555e6f-e7ac-4c8b-ad84-7222370bb52c:c21]
2019-09-19 12:10:55,300 [grpc-default-executor-9] INFO  client.GrpcClientProtocolClient (GrpcClientProtocolClient.java:onNext(264)) - client-D287D123B867->0536a24c-34e3-4c8a-9a31-895de5497f4a: receive RaftClientReply:client-D287D123B867->0536a24c-34e3-4c8a-9a31-895de5497f4a@group-11E1763585E1, cid=59, SUCCESS, logIndex=21, commits[0536a24c-34e3-4c8a-9a31-895de5497f4a:c24, 35717865-8144-46c5-963e-0895e96939ac:c16, 03555e6f-e7ac-4c8b-ad84-7222370bb52c:c21]
2019-09-19 12:10:55,400 [java.util.concurrent.ThreadPoolExecutor$Worker@5019c524[State = -1, empty queue]] WARN  server.GrpcLogAppender (GrpcLogAppender.java:timeoutAppendRequest(200)) - 1b83d917-1d73-4cac-8d1d-dc3b4981903d@group-7041D5508450->4736e737-07ca-4f6d-84d7-0ed6bd660367-GrpcLogAppender: appendEntries Timeout, request=1b83d917-1d73-4cac-8d1d-dc3b4981903d->4736e737-07ca-4f6d-84d7-0ed6bd660367#113-t6, previous=(t:6, i:20), leaderCommit=16, initializing? false, entries: <empty>
2019-09-19 12:10:55,400 [java.util.concurrent.ThreadPoolExecutor$Worker@4f8ba3d5[State = -1, empty queue]] WARN  server.GrpcLogAppender (GrpcLogAppender.java:timeoutAppendRequest(200)) - 1b83d917-1d73-4cac-8d1d-dc3b4981903d@group-7041D5508450->7c8a32d9-49ab-449b-8cc8-032a8828a8ac-GrpcLogAppender: appendEntries Timeout, request=1b83d917-1d73-4cac-8d1d-dc3b4981903d->7c8a32d9-49ab-449b-8cc8-032a8828a8ac#113-t6, previous=(t:6, i:20), leaderCommit=16, initializing? false, entries: <empty>
2019-09-19 12:10:55,642 [java.util.concurrent.ThreadPoolExecutor$Worker@5db7d907[State = -1, empty queue]] WARN  server.GrpcLogAppender (GrpcLogAppender.java:timeoutAppendRequest(200)) - a409f42d-bc3a-405f-bf07-8265a8a77aff@group-82AF4051E50B->9ff75243-8f90-489e-ad4c-fbb8c473db2a-GrpcLogAppender: appendEntries Timeout, request=a409f42d-bc3a-405f-bf07-8265a8a77aff->9ff75243-8f90-489e-ad4c-fbb8c473db2a#128-t1, previous=(t:1, i:17), leaderCommit=13, initializing? false, entries: <empty>
2019-09-19 12:10:55,642 [java.util.concurrent.ThreadPoolExecutor$Worker@3ef0e39a[State = -1, empty queue]] WARN  server.GrpcLogAppender (GrpcLogAppender.java:timeoutAppendRequest(200)) - a409f42d-bc3a-405f-bf07-8265a8a77aff@group-82AF4051E50B->587dad1b-1a08-4278-9ac1-e315232e0934-GrpcLogAppender: appendEntries Timeout, request=a409f42d-bc3a-405f-bf07-8265a8a77aff->587dad1b-1a08-4278-9ac1-e315232e0934#128-t1, previous=(t:1, i:17), leaderCommit=13, initializing? false, entries: <empty>
2019-09-19 12:10:55,726 [grpc-default-executor-2] WARN  server.GrpcLogAppender (LogUtils.java:warn(134)) - 0536a24c-34e3-4c8a-9a31-895de5497f4a@group-11E1763585E1->35717865-8144-46c5-963e-0895e96939ac-AppendLogResponseHandler: Failed appendEntries: org.apache.ratis.thirdparty.io.grpc.StatusRuntimeException: UNAVAILABLE: io exception
2019-09-19 12:10:55,726 [grpc-default-executor-2] INFO  impl.FollowerInfo (FollowerInfo.java:lambda$new$0(51)) - 0536a24c-34e3-4c8a-9a31-895de5497f4a@group-11E1763585E1->35717865-8144-46c5-963e-0895e96939ac: nextIndex: updateUnconditionally 0 -> 0
2019-09-19 12:10:55,900 [java.util.concurrent.ThreadPoolExecutor$Worker@5019c524[State = -1, empty queue]] WARN  server.GrpcLogAppender (GrpcLogAppender.java:timeoutAppendRequest(200)) - 1b83d917-1d73-4cac-8d1d-dc3b4981903d@group-7041D5508450->4736e737-07ca-4f6d-84d7-0ed6bd660367-GrpcLogAppender: appendEntries Timeout, request=1b83d917-1d73-4cac-8d1d-dc3b4981903d->4736e737-07ca-4f6d-84d7-0ed6bd660367#114-t6, previous=(t:6, i:20), leaderCommit=16, initializing? false, entries: <empty>
2019-09-19 12:10:55,900 [java.util.concurrent.ThreadPoolExecutor$Worker@4f8ba3d5[State = -1, empty queue]] WARN  server.GrpcLogAppender (GrpcLogAppender.java:timeoutAppendRequest(200)) - 1b83d917-1d73-4cac-8d1d-dc3b4981903d@group-7041D5508450->7c8a32d9-49ab-449b-8cc8-032a8828a8ac-GrpcLogAppender: appendEntries Timeout, request=1b83d917-1d73-4cac-8d1d-dc3b4981903d->7c8a32d9-49ab-449b-8cc8-032a8828a8ac#114-t6, previous=(t:6, i:20), leaderCommit=16, initializing? false, entries: <empty>
2019-09-19 12:10:56,125 [a409f42d-bc3a-405f-bf07-8265a8a77aff@group-82AF4051E50B-SegmentedRaftLogWorker] WARN  segmented.SegmentedRaftLogWorker (SegmentedRaftLogWorker.java:getFromFuture(90)) - Timeout 1/~
org.apache.ratis.protocol.TimeoutIOException: Timeout 10s: WriteLog:16: (t:1, i:16), STATEMACHINELOGENTRY, client-57877EF1F934, cid=54-writeStateMachineData
	at org.apache.ratis.util.IOUtils.getFromFuture(IOUtils.java:87)
	at org.apache.ratis.server.raftlog.segmented.SegmentedRaftLogWorker$StateMachineDataPolicy.getFromFuture(SegmentedRaftLogWorker.java:87)
	at org.apache.ratis.server.raftlog.segmented.SegmentedRaftLogWorker$WriteLog.execute(SegmentedRaftLogWorker.java:477)
	at org.apache.ratis.server.raftlog.segmented.SegmentedRaftLogWorker.run(SegmentedRaftLogWorker.java:289)
	at java.lang.Thread.run(Thread.java:748)
Caused by: java.util.concurrent.TimeoutException
	at java.util.concurrent.CompletableFuture.timedGet(CompletableFuture.java:1771)
	at java.util.concurrent.CompletableFuture.get(CompletableFuture.java:1915)
	at org.apache.ratis.util.IOUtils.getFromFuture(IOUtils.java:79)
	... 4 more
2019-09-19 12:10:56,142 [java.util.concurrent.ThreadPoolExecutor$Worker@5db7d907[State = -1, empty queue]] WARN  server.GrpcLogAppender (GrpcLogAppender.java:timeoutAppendRequest(200)) - a409f42d-bc3a-405f-bf07-8265a8a77aff@group-82AF4051E50B->9ff75243-8f90-489e-ad4c-fbb8c473db2a-GrpcLogAppender: appendEntries Timeout, request=a409f42d-bc3a-405f-bf07-8265a8a77aff->9ff75243-8f90-489e-ad4c-fbb8c473db2a#129-t1, previous=(t:1, i:17), leaderCommit=13, initializing? false, entries: <empty>
2019-09-19 12:10:56,142 [java.util.concurrent.ThreadPoolExecutor$Worker@3ef0e39a[State = -1, empty queue]] WARN  server.GrpcLogAppender (GrpcLogAppender.java:timeoutAppendRequest(200)) - a409f42d-bc3a-405f-bf07-8265a8a77aff@group-82AF4051E50B->587dad1b-1a08-4278-9ac1-e315232e0934-GrpcLogAppender: appendEntries Timeout, request=a409f42d-bc3a-405f-bf07-8265a8a77aff->587dad1b-1a08-4278-9ac1-e315232e0934#129-t1, previous=(t:1, i:17), leaderCommit=13, initializing? false, entries: <empty>
2019-09-19 12:10:56,226 [grpc-default-executor-9] WARN  server.GrpcLogAppender (LogUtils.java:warn(134)) - 0536a24c-34e3-4c8a-9a31-895de5497f4a@group-11E1763585E1->35717865-8144-46c5-963e-0895e96939ac-AppendLogResponseHandler: Failed appendEntries: org.apache.ratis.thirdparty.io.grpc.StatusRuntimeException: UNAVAILABLE: io exception
2019-09-19 12:10:56,226 [grpc-default-executor-9] INFO  impl.FollowerInfo (FollowerInfo.java:lambda$new$0(51)) - 0536a24c-34e3-4c8a-9a31-895de5497f4a@group-11E1763585E1->35717865-8144-46c5-963e-0895e96939ac: nextIndex: updateUnconditionally 0 -> 0
2019-09-19 12:10:56,400 [java.util.concurrent.ThreadPoolExecutor$Worker@5019c524[State = -1, empty queue]] WARN  server.GrpcLogAppender (GrpcLogAppender.java:timeoutAppendRequest(200)) - 1b83d917-1d73-4cac-8d1d-dc3b4981903d@group-7041D5508450->4736e737-07ca-4f6d-84d7-0ed6bd660367-GrpcLogAppender: appendEntries Timeout, request=1b83d917-1d73-4cac-8d1d-dc3b4981903d->4736e737-07ca-4f6d-84d7-0ed6bd660367#115-t6, previous=(t:6, i:20), leaderCommit=16, initializing? false, entries: <empty>
2019-09-19 12:10:56,400 [java.util.concurrent.ThreadPoolExecutor$Worker@4f8ba3d5[State = -1, empty queue]] WARN  server.GrpcLogAppender (GrpcLogAppender.java:timeoutAppendRequest(200)) - 1b83d917-1d73-4cac-8d1d-dc3b4981903d@group-7041D5508450->7c8a32d9-49ab-449b-8cc8-032a8828a8ac-GrpcLogAppender: appendEntries Timeout, request=1b83d917-1d73-4cac-8d1d-dc3b4981903d->7c8a32d9-49ab-449b-8cc8-032a8828a8ac#115-t6, previous=(t:6, i:20), leaderCommit=16, initializing? false, entries: <empty>
2019-09-19 12:10:56,643 [java.util.concurrent.ThreadPoolExecutor$Worker@3ef0e39a[State = -1, empty queue]] WARN  server.GrpcLogAppender (GrpcLogAppender.java:timeoutAppendRequest(200)) - a409f42d-bc3a-405f-bf07-8265a8a77aff@group-82AF4051E50B->587dad1b-1a08-4278-9ac1-e315232e0934-GrpcLogAppender: appendEntries Timeout, request=a409f42d-bc3a-405f-bf07-8265a8a77aff->587dad1b-1a08-4278-9ac1-e315232e0934#130-t1, previous=(t:1, i:17), leaderCommit=13, initializing? false, entries: <empty>
2019-09-19 12:10:56,643 [java.util.concurrent.ThreadPoolExecutor$Worker@5db7d907[State = -1, empty queue]] WARN  server.GrpcLogAppender (GrpcLogAppender.java:timeoutAppendRequest(200)) - a409f42d-bc3a-405f-bf07-8265a8a77aff@group-82AF4051E50B->9ff75243-8f90-489e-ad4c-fbb8c473db2a-GrpcLogAppender: appendEntries Timeout, request=a409f42d-bc3a-405f-bf07-8265a8a77aff->9ff75243-8f90-489e-ad4c-fbb8c473db2a#130-t1, previous=(t:1, i:17), leaderCommit=13, initializing? false, entries: <empty>
2019-09-19 12:10:56,727 [grpc-default-executor-2] WARN  server.GrpcLogAppender (LogUtils.java:warn(134)) - 0536a24c-34e3-4c8a-9a31-895de5497f4a@group-11E1763585E1->35717865-8144-46c5-963e-0895e96939ac-AppendLogResponseHandler: Failed appendEntries: org.apache.ratis.thirdparty.io.grpc.StatusRuntimeException: UNAVAILABLE: io exception
2019-09-19 12:10:56,728 [grpc-default-executor-2] INFO  impl.FollowerInfo (FollowerInfo.java:lambda$new$0(51)) - 0536a24c-34e3-4c8a-9a31-895de5497f4a@group-11E1763585E1->35717865-8144-46c5-963e-0895e96939ac: nextIndex: updateUnconditionally 0 -> 0
2019-09-19 12:10:56,900 [java.util.concurrent.ThreadPoolExecutor$Worker@5019c524[State = -1, empty queue]] WARN  server.GrpcLogAppender (GrpcLogAppender.java:timeoutAppendRequest(200)) - 1b83d917-1d73-4cac-8d1d-dc3b4981903d@group-7041D5508450->4736e737-07ca-4f6d-84d7-0ed6bd660367-GrpcLogAppender: appendEntries Timeout, request=1b83d917-1d73-4cac-8d1d-dc3b4981903d->4736e737-07ca-4f6d-84d7-0ed6bd660367#116-t6, previous=(t:6, i:20), leaderCommit=16, initializing? false, entries: <empty>
2019-09-19 12:10:56,900 [java.util.concurrent.ThreadPoolExecutor$Worker@4f8ba3d5[State = -1, empty queue]] WARN  server.GrpcLogAppender (GrpcLogAppender.java:timeoutAppendRequest(200)) - 1b83d917-1d73-4cac-8d1d-dc3b4981903d@group-7041D5508450->7c8a32d9-49ab-449b-8cc8-032a8828a8ac-GrpcLogAppender: appendEntries Timeout, request=1b83d917-1d73-4cac-8d1d-dc3b4981903d->7c8a32d9-49ab-449b-8cc8-032a8828a8ac#116-t6, previous=(t:6, i:20), leaderCommit=16, initializing? false, entries: <empty>
2019-09-19 12:10:57,143 [java.util.concurrent.ThreadPoolExecutor$Worker@3ef0e39a[State = -1, empty queue]] WARN  server.GrpcLogAppender (GrpcLogAppender.java:timeoutAppendRequest(200)) - a409f42d-bc3a-405f-bf07-8265a8a77aff@group-82AF4051E50B->587dad1b-1a08-4278-9ac1-e315232e0934-GrpcLogAppender: appendEntries Timeout, request=a409f42d-bc3a-405f-bf07-8265a8a77aff->587dad1b-1a08-4278-9ac1-e315232e0934#131-t1, previous=(t:1, i:17), leaderCommit=13, initializing? false, entries: <empty>
2019-09-19 12:10:57,143 [java.util.concurrent.ThreadPoolExecutor$Worker@5db7d907[State = -1, empty queue]] WARN  server.GrpcLogAppender (GrpcLogAppender.java:timeoutAppendRequest(200)) - a409f42d-bc3a-405f-bf07-8265a8a77aff@group-82AF4051E50B->9ff75243-8f90-489e-ad4c-fbb8c473db2a-GrpcLogAppender: appendEntries Timeout, request=a409f42d-bc3a-405f-bf07-8265a8a77aff->9ff75243-8f90-489e-ad4c-fbb8c473db2a#131-t1, previous=(t:1, i:17), leaderCommit=13, initializing? false, entries: <empty>
2019-09-19 12:10:57,228 [grpc-default-executor-4] WARN  server.GrpcLogAppender (LogUtils.java:warn(134)) - 0536a24c-34e3-4c8a-9a31-895de5497f4a@group-11E1763585E1->35717865-8144-46c5-963e-0895e96939ac-AppendLogResponseHandler: Failed appendEntries: org.apache.ratis.thirdparty.io.grpc.StatusRuntimeException: UNAVAILABLE: io exception
2019-09-19 12:10:57,228 [grpc-default-executor-4] INFO  impl.FollowerInfo (FollowerInfo.java:lambda$new$0(51)) - 0536a24c-34e3-4c8a-9a31-895de5497f4a@group-11E1763585E1->35717865-8144-46c5-963e-0895e96939ac: nextIndex: updateUnconditionally 0 -> 0
2019-09-19 12:10:57,401 [java.util.concurrent.ThreadPoolExecutor$Worker@5019c524[State = -1, empty queue]] WARN  server.GrpcLogAppender (GrpcLogAppender.java:timeoutAppendRequest(200)) - 1b83d917-1d73-4cac-8d1d-dc3b4981903d@group-7041D5508450->4736e737-07ca-4f6d-84d7-0ed6bd660367-GrpcLogAppender: appendEntries Timeout, request=1b83d917-1d73-4cac-8d1d-dc3b4981903d->4736e737-07ca-4f6d-84d7-0ed6bd660367#117-t6, previous=(t:6, i:20), leaderCommit=16, initializing? false, entries: <empty>
2019-09-19 12:10:57,401 [java.util.concurrent.ThreadPoolExecutor$Worker@4f8ba3d5[State = -1, empty queue]] WARN  server.GrpcLogAppender (GrpcLogAppender.java:timeoutAppendRequest(200)) - 1b83d917-1d73-4cac-8d1d-dc3b4981903d@group-7041D5508450->7c8a32d9-49ab-449b-8cc8-032a8828a8ac-GrpcLogAppender: appendEntries Timeout, request=1b83d917-1d73-4cac-8d1d-dc3b4981903d->7c8a32d9-49ab-449b-8cc8-032a8828a8ac#117-t6, previous=(t:6, i:20), leaderCommit=16, initializing? false, entries: <empty>
2019-09-19 12:10:57,643 [java.util.concurrent.ThreadPoolExecutor$Worker@3ef0e39a[State = -1, empty queue]] WARN  server.GrpcLogAppender (GrpcLogAppender.java:timeoutAppendRequest(200)) - a409f42d-bc3a-405f-bf07-8265a8a77aff@group-82AF4051E50B->587dad1b-1a08-4278-9ac1-e315232e0934-GrpcLogAppender: appendEntries Timeout, request=a409f42d-bc3a-405f-bf07-8265a8a77aff->587dad1b-1a08-4278-9ac1-e315232e0934#132-t1, previous=(t:1, i:17), leaderCommit=13, initializing? false, entries: <empty>
2019-09-19 12:10:57,643 [java.util.concurrent.ThreadPoolExecutor$Worker@5db7d907[State = -1, empty queue]] WARN  server.GrpcLogAppender (GrpcLogAppender.java:timeoutAppendRequest(200)) - a409f42d-bc3a-405f-bf07-8265a8a77aff@group-82AF4051E50B->9ff75243-8f90-489e-ad4c-fbb8c473db2a-GrpcLogAppender: appendEntries Timeout, request=a409f42d-bc3a-405f-bf07-8265a8a77aff->9ff75243-8f90-489e-ad4c-fbb8c473db2a#132-t1, previous=(t:1, i:17), leaderCommit=13, initializing? false, entries: <empty>
2019-09-19 12:10:57,731 [grpc-default-executor-9] WARN  server.GrpcLogAppender (LogUtils.java:warn(134)) - 0536a24c-34e3-4c8a-9a31-895de5497f4a@group-11E1763585E1->35717865-8144-46c5-963e-0895e96939ac-AppendLogResponseHandler: Failed appendEntries: org.apache.ratis.thirdparty.io.grpc.StatusRuntimeException: UNAVAILABLE: io exception
2019-09-19 12:10:57,732 [grpc-default-executor-9] INFO  impl.FollowerInfo (FollowerInfo.java:lambda$new$0(51)) - 0536a24c-34e3-4c8a-9a31-895de5497f4a@group-11E1763585E1->35717865-8144-46c5-963e-0895e96939ac: nextIndex: updateUnconditionally 0 -> 0
2019-09-19 12:10:57,901 [java.util.concurrent.ThreadPoolExecutor$Worker@4f8ba3d5[State = -1, empty queue]] WARN  server.GrpcLogAppender (GrpcLogAppender.java:timeoutAppendRequest(200)) - 1b83d917-1d73-4cac-8d1d-dc3b4981903d@group-7041D5508450->7c8a32d9-49ab-449b-8cc8-032a8828a8ac-GrpcLogAppender: appendEntries Timeout, request=1b83d917-1d73-4cac-8d1d-dc3b4981903d->7c8a32d9-49ab-449b-8cc8-032a8828a8ac#118-t6, previous=(t:6, i:20), leaderCommit=16, initializing? false, entries: <empty>
2019-09-19 12:10:57,901 [java.util.concurrent.ThreadPoolExecutor$Worker@5019c524[State = -1, empty queue]] WARN  server.GrpcLogAppender (GrpcLogAppender.java:timeoutAppendRequest(200)) - 1b83d917-1d73-4cac-8d1d-dc3b4981903d@group-7041D5508450->4736e737-07ca-4f6d-84d7-0ed6bd660367-GrpcLogAppender: appendEntries Timeout, request=1b83d917-1d73-4cac-8d1d-dc3b4981903d->4736e737-07ca-4f6d-84d7-0ed6bd660367#118-t6, previous=(t:6, i:20), leaderCommit=16, initializing? false, entries: <empty>
2019-09-19 12:10:58,144 [java.util.concurrent.ThreadPoolExecutor$Worker@3ef0e39a[State = -1, empty queue]] WARN  server.GrpcLogAppender (GrpcLogAppender.java:timeoutAppendRequest(200)) - a409f42d-bc3a-405f-bf07-8265a8a77aff@group-82AF4051E50B->587dad1b-1a08-4278-9ac1-e315232e0934-GrpcLogAppender: appendEntries Timeout, request=a409f42d-bc3a-405f-bf07-8265a8a77aff->587dad1b-1a08-4278-9ac1-e315232e0934#133-t1, previous=(t:1, i:17), leaderCommit=13, initializing? false, entries: <empty>
2019-09-19 12:10:58,144 [java.util.concurrent.ThreadPoolExecutor$Worker@5db7d907[State = -1, empty queue]] WARN  server.GrpcLogAppender (GrpcLogAppender.java:timeoutAppendRequest(200)) - a409f42d-bc3a-405f-bf07-8265a8a77aff@group-82AF4051E50B->9ff75243-8f90-489e-ad4c-fbb8c473db2a-GrpcLogAppender: appendEntries Timeout, request=a409f42d-bc3a-405f-bf07-8265a8a77aff->9ff75243-8f90-489e-ad4c-fbb8c473db2a#133-t1, previous=(t:1, i:17), leaderCommit=13, initializing? false, entries: <empty>
2019-09-19 12:10:58,231 [grpc-default-executor-4] WARN  server.GrpcLogAppender (LogUtils.java:warn(134)) - 0536a24c-34e3-4c8a-9a31-895de5497f4a@group-11E1763585E1->35717865-8144-46c5-963e-0895e96939ac-AppendLogResponseHandler: Failed appendEntries: org.apache.ratis.thirdparty.io.grpc.StatusRuntimeException: UNAVAILABLE: io exception
2019-09-19 12:10:58,232 [grpc-default-executor-4] INFO  impl.FollowerInfo (FollowerInfo.java:lambda$new$0(51)) - 0536a24c-34e3-4c8a-9a31-895de5497f4a@group-11E1763585E1->35717865-8144-46c5-963e-0895e96939ac: nextIndex: updateUnconditionally 0 -> 0
2019-09-19 12:10:58,317 [4736e737-07ca-4f6d-84d7-0ed6bd660367@group-7041D5508450-SegmentedRaftLogWorker] WARN  segmented.SegmentedRaftLogWorker (SegmentedRaftLogWorker.java:getFromFuture(90)) - Timeout 4/~
org.apache.ratis.protocol.TimeoutIOException: Timeout 10s: WriteLog:17: (t:6, i:17), STATEMACHINELOGENTRY, client-F1DE9C258D1C, cid=38-writeStateMachineData
	at org.apache.ratis.util.IOUtils.getFromFuture(IOUtils.java:87)
	at org.apache.ratis.server.raftlog.segmented.SegmentedRaftLogWorker$StateMachineDataPolicy.getFromFuture(SegmentedRaftLogWorker.java:87)
	at org.apache.ratis.server.raftlog.segmented.SegmentedRaftLogWorker$WriteLog.execute(SegmentedRaftLogWorker.java:477)
	at org.apache.ratis.server.raftlog.segmented.SegmentedRaftLogWorker.run(SegmentedRaftLogWorker.java:289)
	at java.lang.Thread.run(Thread.java:748)
Caused by: java.util.concurrent.TimeoutException
	at java.util.concurrent.CompletableFuture.timedGet(CompletableFuture.java:1771)
	at java.util.concurrent.CompletableFuture.get(CompletableFuture.java:1915)
	at org.apache.ratis.util.IOUtils.getFromFuture(IOUtils.java:79)
	... 4 more
2019-09-19 12:10:58,329 [7c8a32d9-49ab-449b-8cc8-032a8828a8ac@group-7041D5508450-SegmentedRaftLogWorker] WARN  segmented.SegmentedRaftLogWorker (SegmentedRaftLogWorker.java:getFromFuture(90)) - Timeout 4/~
org.apache.ratis.protocol.TimeoutIOException: Timeout 10s: WriteLog:17: (t:6, i:17), STATEMACHINELOGENTRY, client-F1DE9C258D1C, cid=38-writeStateMachineData
	at org.apache.ratis.util.IOUtils.getFromFuture(IOUtils.java:87)
	at org.apache.ratis.server.raftlog.segmented.SegmentedRaftLogWorker$StateMachineDataPolicy.getFromFuture(SegmentedRaftLogWorker.java:87)
	at org.apache.ratis.server.raftlog.segmented.SegmentedRaftLogWorker$WriteLog.execute(SegmentedRaftLogWorker.java:477)
	at org.apache.ratis.server.raftlog.segmented.SegmentedRaftLogWorker.run(SegmentedRaftLogWorker.java:289)
	at java.lang.Thread.run(Thread.java:748)
Caused by: java.util.concurrent.TimeoutException
	at java.util.concurrent.CompletableFuture.timedGet(CompletableFuture.java:1771)
	at java.util.concurrent.CompletableFuture.get(CompletableFuture.java:1915)
	at org.apache.ratis.util.IOUtils.getFromFuture(IOUtils.java:79)
	... 4 more
2019-09-19 12:10:58,401 [java.util.concurrent.ThreadPoolExecutor$Worker@4f8ba3d5[State = -1, empty queue]] WARN  server.GrpcLogAppender (GrpcLogAppender.java:timeoutAppendRequest(200)) - 1b83d917-1d73-4cac-8d1d-dc3b4981903d@group-7041D5508450->7c8a32d9-49ab-449b-8cc8-032a8828a8ac-GrpcLogAppender: appendEntries Timeout, request=1b83d917-1d73-4cac-8d1d-dc3b4981903d->7c8a32d9-49ab-449b-8cc8-032a8828a8ac#119-t6, previous=(t:6, i:20), leaderCommit=16, initializing? false, entries: <empty>
2019-09-19 12:10:58,401 [java.util.concurrent.ThreadPoolExecutor$Worker@5019c524[State = -1, empty queue]] WARN  server.GrpcLogAppender (GrpcLogAppender.java:timeoutAppendRequest(200)) - 1b83d917-1d73-4cac-8d1d-dc3b4981903d@group-7041D5508450->4736e737-07ca-4f6d-84d7-0ed6bd660367-GrpcLogAppender: appendEntries Timeout, request=1b83d917-1d73-4cac-8d1d-dc3b4981903d->4736e737-07ca-4f6d-84d7-0ed6bd660367#119-t6, previous=(t:6, i:20), leaderCommit=16, initializing? false, entries: <empty>
2019-09-19 12:10:58,644 [java.util.concurrent.ThreadPoolExecutor$Worker@3ef0e39a[State = -1, empty queue]] WARN  server.GrpcLogAppender (GrpcLogAppender.java:timeoutAppendRequest(200)) - a409f42d-bc3a-405f-bf07-8265a8a77aff@group-82AF4051E50B->587dad1b-1a08-4278-9ac1-e315232e0934-GrpcLogAppender: appendEntries Timeout, request=a409f42d-bc3a-405f-bf07-8265a8a77aff->587dad1b-1a08-4278-9ac1-e315232e0934#134-t1, previous=(t:1, i:17), leaderCommit=13, initializing? false, entries: <empty>
2019-09-19 12:10:58,644 [java.util.concurrent.ThreadPoolExecutor$Worker@5db7d907[State = -1, empty queue]] WARN  server.GrpcLogAppender (GrpcLogAppender.java:timeoutAppendRequest(200)) - a409f42d-bc3a-405f-bf07-8265a8a77aff@group-82AF4051E50B->9ff75243-8f90-489e-ad4c-fbb8c473db2a-GrpcLogAppender: appendEntries Timeout, request=a409f42d-bc3a-405f-bf07-8265a8a77aff->9ff75243-8f90-489e-ad4c-fbb8c473db2a#134-t1, previous=(t:1, i:17), leaderCommit=13, initializing? false, entries: <empty>
2019-09-19 12:10:58,732 [grpc-default-executor-9] WARN  server.GrpcLogAppender (LogUtils.java:warn(134)) - 0536a24c-34e3-4c8a-9a31-895de5497f4a@group-11E1763585E1->35717865-8144-46c5-963e-0895e96939ac-AppendLogResponseHandler: Failed appendEntries: org.apache.ratis.thirdparty.io.grpc.StatusRuntimeException: UNAVAILABLE: io exception
2019-09-19 12:10:58,733 [grpc-default-executor-9] INFO  impl.FollowerInfo (FollowerInfo.java:lambda$new$0(51)) - 0536a24c-34e3-4c8a-9a31-895de5497f4a@group-11E1763585E1->35717865-8144-46c5-963e-0895e96939ac: nextIndex: updateUnconditionally 0 -> 0
2019-09-19 12:10:58,901 [java.util.concurrent.ThreadPoolExecutor$Worker@4f8ba3d5[State = -1, empty queue]] WARN  server.GrpcLogAppender (GrpcLogAppender.java:timeoutAppendRequest(200)) - 1b83d917-1d73-4cac-8d1d-dc3b4981903d@group-7041D5508450->7c8a32d9-49ab-449b-8cc8-032a8828a8ac-GrpcLogAppender: appendEntries Timeout, request=1b83d917-1d73-4cac-8d1d-dc3b4981903d->7c8a32d9-49ab-449b-8cc8-032a8828a8ac#120-t6, previous=(t:6, i:20), leaderCommit=16, initializing? false, entries: <empty>
2019-09-19 12:10:58,901 [java.util.concurrent.ThreadPoolExecutor$Worker@5019c524[State = -1, empty queue]] WARN  server.GrpcLogAppender (GrpcLogAppender.java:timeoutAppendRequest(200)) - 1b83d917-1d73-4cac-8d1d-dc3b4981903d@group-7041D5508450->4736e737-07ca-4f6d-84d7-0ed6bd660367-GrpcLogAppender: appendEntries Timeout, request=1b83d917-1d73-4cac-8d1d-dc3b4981903d->4736e737-07ca-4f6d-84d7-0ed6bd660367#120-t6, previous=(t:6, i:20), leaderCommit=16, initializing? false, entries: <empty>
2019-09-19 12:10:59,144 [java.util.concurrent.ThreadPoolExecutor$Worker@3ef0e39a[State = -1, empty queue]] WARN  server.GrpcLogAppender (GrpcLogAppender.java:timeoutAppendRequest(200)) - a409f42d-bc3a-405f-bf07-8265a8a77aff@group-82AF4051E50B->587dad1b-1a08-4278-9ac1-e315232e0934-GrpcLogAppender: appendEntries Timeout, request=a409f42d-bc3a-405f-bf07-8265a8a77aff->587dad1b-1a08-4278-9ac1-e315232e0934#135-t1, previous=(t:1, i:17), leaderCommit=13, initializing? false, entries: <empty>
2019-09-19 12:10:59,144 [java.util.concurrent.ThreadPoolExecutor$Worker@5db7d907[State = -1, empty queue]] WARN  server.GrpcLogAppender (GrpcLogAppender.java:timeoutAppendRequest(200)) - a409f42d-bc3a-405f-bf07-8265a8a77aff@group-82AF4051E50B->9ff75243-8f90-489e-ad4c-fbb8c473db2a-GrpcLogAppender: appendEntries Timeout, request=a409f42d-bc3a-405f-bf07-8265a8a77aff->9ff75243-8f90-489e-ad4c-fbb8c473db2a#135-t1, previous=(t:1, i:17), leaderCommit=13, initializing? false, entries: <empty>
2019-09-19 12:10:59,234 [grpc-default-executor-2] WARN  server.GrpcLogAppender (LogUtils.java:warn(134)) - 0536a24c-34e3-4c8a-9a31-895de5497f4a@group-11E1763585E1->35717865-8144-46c5-963e-0895e96939ac-AppendLogResponseHandler: Failed appendEntries: org.apache.ratis.thirdparty.io.grpc.StatusRuntimeException: UNAVAILABLE: io exception
2019-09-19 12:10:59,234 [grpc-default-executor-2] INFO  impl.FollowerInfo (FollowerInfo.java:lambda$new$0(51)) - 0536a24c-34e3-4c8a-9a31-895de5497f4a@group-11E1763585E1->35717865-8144-46c5-963e-0895e96939ac: nextIndex: updateUnconditionally 0 -> 0
2019-09-19 12:10:59,370 [1b83d917-1d73-4cac-8d1d-dc3b4981903d@group-7041D5508450-SegmentedRaftLogWorker] WARN  segmented.SegmentedRaftLogWorker (SegmentedRaftLogWorker.java:getFromFuture(90)) - Timeout 4/~
org.apache.ratis.protocol.TimeoutIOException: Timeout 10s: WriteLog:19: (t:6, i:19), STATEMACHINELOGENTRY, client-F1DE9C258D1C, cid=40-writeStateMachineData
	at org.apache.ratis.util.IOUtils.getFromFuture(IOUtils.java:87)
	at org.apache.ratis.server.raftlog.segmented.SegmentedRaftLogWorker$StateMachineDataPolicy.getFromFuture(SegmentedRaftLogWorker.java:87)
	at org.apache.ratis.server.raftlog.segmented.SegmentedRaftLogWorker$WriteLog.execute(SegmentedRaftLogWorker.java:477)
	at org.apache.ratis.server.raftlog.segmented.SegmentedRaftLogWorker.run(SegmentedRaftLogWorker.java:289)
	at java.lang.Thread.run(Thread.java:748)
Caused by: java.util.concurrent.TimeoutException
	at java.util.concurrent.CompletableFuture.timedGet(CompletableFuture.java:1771)
	at java.util.concurrent.CompletableFuture.get(CompletableFuture.java:1915)
	at org.apache.ratis.util.IOUtils.getFromFuture(IOUtils.java:79)
	... 4 more
2019-09-19 12:10:59,402 [java.util.concurrent.ThreadPoolExecutor$Worker@4f8ba3d5[State = -1, empty queue]] WARN  server.GrpcLogAppender (GrpcLogAppender.java:timeoutAppendRequest(200)) - 1b83d917-1d73-4cac-8d1d-dc3b4981903d@group-7041D5508450->7c8a32d9-49ab-449b-8cc8-032a8828a8ac-GrpcLogAppender: appendEntries Timeout, request=1b83d917-1d73-4cac-8d1d-dc3b4981903d->7c8a32d9-49ab-449b-8cc8-032a8828a8ac#121-t6, previous=(t:6, i:20), leaderCommit=16, initializing? false, entries: <empty>
2019-09-19 12:10:59,402 [java.util.concurrent.ThreadPoolExecutor$Worker@5019c524[State = -1, empty queue]] WARN  server.GrpcLogAppender (GrpcLogAppender.java:timeoutAppendRequest(200)) - 1b83d917-1d73-4cac-8d1d-dc3b4981903d@group-7041D5508450->4736e737-07ca-4f6d-84d7-0ed6bd660367-GrpcLogAppender: appendEntries Timeout, request=1b83d917-1d73-4cac-8d1d-dc3b4981903d->4736e737-07ca-4f6d-84d7-0ed6bd660367#121-t6, previous=(t:6, i:20), leaderCommit=16, initializing? false, entries: <empty>
2019-09-19 12:10:59,644 [java.util.concurrent.ThreadPoolExecutor$Worker@3ef0e39a[State = -1, empty queue]] WARN  server.GrpcLogAppender (GrpcLogAppender.java:timeoutAppendRequest(200)) - a409f42d-bc3a-405f-bf07-8265a8a77aff@group-82AF4051E50B->587dad1b-1a08-4278-9ac1-e315232e0934-GrpcLogAppender: appendEntries Timeout, request=a409f42d-bc3a-405f-bf07-8265a8a77aff->587dad1b-1a08-4278-9ac1-e315232e0934#136-t1, previous=(t:1, i:17), leaderCommit=13, initializing? false, entries: <empty>
2019-09-19 12:10:59,644 [java.util.concurrent.ThreadPoolExecutor$Worker@5db7d907[State = -1, empty queue]] WARN  server.GrpcLogAppender (GrpcLogAppender.java:timeoutAppendRequest(200)) - a409f42d-bc3a-405f-bf07-8265a8a77aff@group-82AF4051E50B->9ff75243-8f90-489e-ad4c-fbb8c473db2a-GrpcLogAppender: appendEntries Timeout, request=a409f42d-bc3a-405f-bf07-8265a8a77aff->9ff75243-8f90-489e-ad4c-fbb8c473db2a#136-t1, previous=(t:1, i:17), leaderCommit=13, initializing? false, entries: <empty>
2019-09-19 12:10:59,734 [grpc-default-executor-9] WARN  server.GrpcLogAppender (LogUtils.java:warn(134)) - 0536a24c-34e3-4c8a-9a31-895de5497f4a@group-11E1763585E1->35717865-8144-46c5-963e-0895e96939ac-AppendLogResponseHandler: Failed appendEntries: org.apache.ratis.thirdparty.io.grpc.StatusRuntimeException: UNAVAILABLE: io exception
2019-09-19 12:10:59,734 [grpc-default-executor-9] INFO  impl.FollowerInfo (FollowerInfo.java:lambda$new$0(51)) - 0536a24c-34e3-4c8a-9a31-895de5497f4a@group-11E1763585E1->35717865-8144-46c5-963e-0895e96939ac: nextIndex: updateUnconditionally 0 -> 0
2019-09-19 12:10:59,902 [java.util.concurrent.ThreadPoolExecutor$Worker@4f8ba3d5[State = -1, empty queue]] WARN  server.GrpcLogAppender (GrpcLogAppender.java:timeoutAppendRequest(200)) - 1b83d917-1d73-4cac-8d1d-dc3b4981903d@group-7041D5508450->7c8a32d9-49ab-449b-8cc8-032a8828a8ac-GrpcLogAppender: appendEntries Timeout, request=1b83d917-1d73-4cac-8d1d-dc3b4981903d->7c8a32d9-49ab-449b-8cc8-032a8828a8ac#122-t6, previous=(t:6, i:20), leaderCommit=16, initializing? false, entries: <empty>
2019-09-19 12:10:59,902 [java.util.concurrent.ThreadPoolExecutor$Worker@5019c524[State = -1, empty queue]] WARN  server.GrpcLogAppender (GrpcLogAppender.java:timeoutAppendRequest(200)) - 1b83d917-1d73-4cac-8d1d-dc3b4981903d@group-7041D5508450->4736e737-07ca-4f6d-84d7-0ed6bd660367-GrpcLogAppender: appendEntries Timeout, request=1b83d917-1d73-4cac-8d1d-dc3b4981903d->4736e737-07ca-4f6d-84d7-0ed6bd660367#122-t6, previous=(t:6, i:20), leaderCommit=16, initializing? false, entries: <empty>
2019-09-19 12:11:00,145 [java.util.concurrent.ThreadPoolExecutor$Worker@3ef0e39a[State = -1, empty queue]] WARN  server.GrpcLogAppender (GrpcLogAppender.java:timeoutAppendRequest(200)) - a409f42d-bc3a-405f-bf07-8265a8a77aff@group-82AF4051E50B->587dad1b-1a08-4278-9ac1-e315232e0934-GrpcLogAppender: appendEntries Timeout, request=a409f42d-bc3a-405f-bf07-8265a8a77aff->587dad1b-1a08-4278-9ac1-e315232e0934#137-t1, previous=(t:1, i:17), leaderCommit=13, initializing? false, entries: <empty>
2019-09-19 12:11:00,145 [java.util.concurrent.ThreadPoolExecutor$Worker@5db7d907[State = -1, empty queue]] WARN  server.GrpcLogAppender (GrpcLogAppender.java:timeoutAppendRequest(200)) - a409f42d-bc3a-405f-bf07-8265a8a77aff@group-82AF4051E50B->9ff75243-8f90-489e-ad4c-fbb8c473db2a-GrpcLogAppender: appendEntries Timeout, request=a409f42d-bc3a-405f-bf07-8265a8a77aff->9ff75243-8f90-489e-ad4c-fbb8c473db2a#137-t1, previous=(t:1, i:17), leaderCommit=13, initializing? false, entries: <empty>
2019-09-19 12:11:00,236 [grpc-default-executor-2] WARN  server.GrpcLogAppender (LogUtils.java:warn(134)) - 0536a24c-34e3-4c8a-9a31-895de5497f4a@group-11E1763585E1->35717865-8144-46c5-963e-0895e96939ac-AppendLogResponseHandler: Failed appendEntries: org.apache.ratis.thirdparty.io.grpc.StatusRuntimeException: UNAVAILABLE: io exception
2019-09-19 12:11:00,236 [grpc-default-executor-2] INFO  impl.FollowerInfo (FollowerInfo.java:lambda$new$0(51)) - 0536a24c-34e3-4c8a-9a31-895de5497f4a@group-11E1763585E1->35717865-8144-46c5-963e-0895e96939ac: nextIndex: updateUnconditionally 0 -> 0
2019-09-19 12:11:00,301 [main] WARN  scm.XceiverClientRatis (XceiverClientRatis.java:watchForCommit(262)) - 3 way commit failed on pipeline Pipeline[ Id: aed8ff52-0610-457a-8f1b-11e1763585e1, Nodes: 35717865-8144-46c5-963e-0895e96939ac{ip: 192.168.157.252, host: pr-hdds-2153-8htts-3549596055, networkLocation: /default-rack, certSerialId: null}03555e6f-e7ac-4c8b-ad84-7222370bb52c{ip: 192.168.157.252, host: pr-hdds-2153-8htts-3549596055, networkLocation: /default-rack, certSerialId: null}0536a24c-34e3-4c8a-9a31-895de5497f4a{ip: 192.168.157.252, host: pr-hdds-2153-8htts-3549596055, networkLocation: /default-rack, certSerialId: null}, Type:RATIS, Factor:THREE, State:OPEN]
java.util.concurrent.TimeoutException
	at java.util.concurrent.CompletableFuture.timedGet(CompletableFuture.java:1771)
	at java.util.concurrent.CompletableFuture.get(CompletableFuture.java:1915)
	at org.apache.hadoop.hdds.scm.XceiverClientRatis.watchForCommit(XceiverClientRatis.java:259)
	at org.apache.hadoop.hdds.scm.storage.CommitWatcher.watchForCommit(CommitWatcher.java:194)
	at org.apache.hadoop.hdds.scm.storage.CommitWatcher.watchOnFirstIndex(CommitWatcher.java:135)
	at org.apache.hadoop.hdds.scm.storage.BlockOutputStream.watchForCommit(BlockOutputStream.java:347)
	at org.apache.hadoop.hdds.scm.storage.BlockOutputStream.handleFullBuffer(BlockOutputStream.java:324)
	at org.apache.hadoop.hdds.scm.storage.BlockOutputStream.writeOnRetry(BlockOutputStream.java:302)
	at org.apache.hadoop.ozone.client.io.BlockOutputStreamEntry.writeOnRetry(BlockOutputStreamEntry.java:200)
	at org.apache.hadoop.ozone.client.io.KeyOutputStream.handleWrite(KeyOutputStream.java:209)
	at org.apache.hadoop.ozone.client.io.KeyOutputStream.handleRetry(KeyOutputStream.java:376)
	at org.apache.hadoop.ozone.client.io.KeyOutputStream.handleException(KeyOutputStream.java:325)
	at org.apache.hadoop.ozone.client.io.KeyOutputStream.handleWrite(KeyOutputStream.java:231)
	at org.apache.hadoop.ozone.client.io.KeyOutputStream.write(KeyOutputStream.java:193)
	at org.apache.hadoop.ozone.client.io.OzoneOutputStream.write(OzoneOutputStream.java:49)
	at java.io.OutputStream.write(OutputStream.java:75)
	at org.apache.hadoop.ozone.client.rpc.TestMultiBlockWritesWithDnFailures.testMultiBlockWritesWithIntermittentDnFailures(TestMultiBlockWritesWithDnFailures.java:192)
	at sun.reflect.NativeMethodAccessorImpl.invoke0(Native Method)
	at sun.reflect.NativeMethodAccessorImpl.invoke(NativeMethodAccessorImpl.java:62)
	at sun.reflect.DelegatingMethodAccessorImpl.invoke(DelegatingMethodAccessorImpl.java:43)
	at java.lang.reflect.Method.invoke(Method.java:498)
	at org.junit.runners.model.FrameworkMethod$1.runReflectiveCall(FrameworkMethod.java:47)
	at org.junit.internal.runners.model.ReflectiveCallable.run(ReflectiveCallable.java:12)
	at org.junit.runners.model.FrameworkMethod.invokeExplosively(FrameworkMethod.java:44)
	at org.junit.internal.runners.statements.InvokeMethod.evaluate(InvokeMethod.java:17)
	at org.junit.internal.runners.statements.RunAfters.evaluate(RunAfters.java:27)
	at org.junit.runners.ParentRunner.runLeaf(ParentRunner.java:271)
	at org.junit.runners.BlockJUnit4ClassRunner.runChild(BlockJUnit4ClassRunner.java:70)
	at org.junit.runners.BlockJUnit4ClassRunner.runChild(BlockJUnit4ClassRunner.java:50)
	at org.junit.runners.ParentRunner$3.run(ParentRunner.java:238)
	at org.junit.runners.ParentRunner$1.schedule(ParentRunner.java:63)
	at org.junit.runners.ParentRunner.runChildren(ParentRunner.java:236)
	at org.junit.runners.ParentRunner.access$000(ParentRunner.java:53)
	at org.junit.runners.ParentRunner$2.evaluate(ParentRunner.java:229)
	at org.junit.runners.ParentRunner.run(ParentRunner.java:309)
	at org.apache.maven.surefire.junit4.JUnit4Provider.execute(JUnit4Provider.java:365)
	at org.apache.maven.surefire.junit4.JUnit4Provider.executeWithRerun(JUnit4Provider.java:273)
	at org.apache.maven.surefire.junit4.JUnit4Provider.executeTestSet(JUnit4Provider.java:238)
	at org.apache.maven.surefire.junit4.JUnit4Provider.invoke(JUnit4Provider.java:159)
	at org.apache.maven.surefire.booter.ForkedBooter.invokeProviderInSameClassLoader(ForkedBooter.java:384)
	at org.apache.maven.surefire.booter.ForkedBooter.runSuitesInProcess(ForkedBooter.java:345)
	at org.apache.maven.surefire.booter.ForkedBooter.execute(ForkedBooter.java:126)
	at org.apache.maven.surefire.booter.ForkedBooter.main(ForkedBooter.java:418)
2019-09-19 12:11:00,306 [grpc-default-executor-2] INFO  client.GrpcClientProtocolClient (GrpcClientProtocolClient.java:onNext(264)) - client-D287D123B867->0536a24c-34e3-4c8a-9a31-895de5497f4a: receive RaftClientReply:client-D287D123B867->0536a24c-34e3-4c8a-9a31-895de5497f4a@group-11E1763585E1, cid=61, SUCCESS, logIndex=0, commits[0536a24c-34e3-4c8a-9a31-895de5497f4a:c24, 35717865-8144-46c5-963e-0895e96939ac:c16, 03555e6f-e7ac-4c8b-ad84-7222370bb52c:c24]
2019-09-19 12:11:00,310 [main] INFO  scm.XceiverClientRatis (XceiverClientRatis.java:lambda$watchForCommit$7(280)) - Could not commit index 19 on pipeline Pipeline[ Id: aed8ff52-0610-457a-8f1b-11e1763585e1, Nodes: 35717865-8144-46c5-963e-0895e96939ac{ip: 192.168.157.252, host: pr-hdds-2153-8htts-3549596055, networkLocation: /default-rack, certSerialId: null}03555e6f-e7ac-4c8b-ad84-7222370bb52c{ip: 192.168.157.252, host: pr-hdds-2153-8htts-3549596055, networkLocation: /default-rack, certSerialId: null}0536a24c-34e3-4c8a-9a31-895de5497f4a{ip: 192.168.157.252, host: pr-hdds-2153-8htts-3549596055, networkLocation: /default-rack, certSerialId: null}, Type:RATIS, Factor:THREE, State:OPEN] to all the nodes. Server 35717865-8144-46c5-963e-0895e96939ac has failed. Committed by majority.
2019-09-19 12:11:00,317 [main] WARN  storage.BlockOutputStream (BlockOutputStream.java:watchForCommit(353)) - Failed to commit BlockId conID: 7 locID: 102819106215034887 bcsId: 21 on Pipeline[ Id: aed8ff52-0610-457a-8f1b-11e1763585e1, Nodes: 35717865-8144-46c5-963e-0895e96939ac{ip: 192.168.157.252, host: pr-hdds-2153-8htts-3549596055, networkLocation: /default-rack, certSerialId: null}03555e6f-e7ac-4c8b-ad84-7222370bb52c{ip: 192.168.157.252, host: pr-hdds-2153-8htts-3549596055, networkLocation: /default-rack, certSerialId: null}0536a24c-34e3-4c8a-9a31-895de5497f4a{ip: 192.168.157.252, host: pr-hdds-2153-8htts-3549596055, networkLocation: /default-rack, certSerialId: null}, Type:RATIS, Factor:THREE, State:OPEN]. Failed nodes: [35717865-8144-46c5-963e-0895e96939ac{ip: null, host: null, networkLocation: /default-rack, certSerialId: null}]
2019-09-19 12:11:00,332 [grpc-default-executor-4] WARN  server.GrpcLogAppender (LogUtils.java:warn(134)) - 0536a24c-34e3-4c8a-9a31-895de5497f4a@group-11E1763585E1->35717865-8144-46c5-963e-0895e96939ac-AppendLogResponseHandler: Failed appendEntries: org.apache.ratis.thirdparty.io.grpc.StatusRuntimeException: UNAVAILABLE: io exception
2019-09-19 12:11:00,335 [grpc-default-executor-4] INFO  impl.FollowerInfo (FollowerInfo.java:lambda$new$0(51)) - 0536a24c-34e3-4c8a-9a31-895de5497f4a@group-11E1763585E1->35717865-8144-46c5-963e-0895e96939ac: nextIndex: updateUnconditionally 1 -> 0
2019-09-19 12:11:00,351 [grpc-default-executor-2] WARN  server.GrpcLogAppender (LogUtils.java:warn(134)) - 0536a24c-34e3-4c8a-9a31-895de5497f4a@group-11E1763585E1->35717865-8144-46c5-963e-0895e96939ac-AppendLogResponseHandler: Failed appendEntries: org.apache.ratis.thirdparty.io.grpc.StatusRuntimeException: UNAVAILABLE: io exception
2019-09-19 12:11:00,354 [grpc-default-executor-2] INFO  impl.FollowerInfo (FollowerInfo.java:lambda$new$0(51)) - 0536a24c-34e3-4c8a-9a31-895de5497f4a@group-11E1763585E1->35717865-8144-46c5-963e-0895e96939ac: nextIndex: updateUnconditionally 1 -> 0
2019-09-19 12:11:00,354 [grpc-default-executor-4] INFO  client.GrpcClientProtocolClient (GrpcClientProtocolClient.java:onNext(264)) - client-D287D123B867->0536a24c-34e3-4c8a-9a31-895de5497f4a: receive RaftClientReply:client-D287D123B867->0536a24c-34e3-4c8a-9a31-895de5497f4a@group-11E1763585E1, cid=62, SUCCESS, logIndex=25, commits[0536a24c-34e3-4c8a-9a31-895de5497f4a:c26, 35717865-8144-46c5-963e-0895e96939ac:c16, 03555e6f-e7ac-4c8b-ad84-7222370bb52c:c24]
2019-09-19 12:11:00,356 [grpc-default-executor-4] INFO  client.GrpcClientProtocolClient (GrpcClientProtocolClient.java:onNext(264)) - client-D287D123B867->0536a24c-34e3-4c8a-9a31-895de5497f4a: receive RaftClientReply:client-D287D123B867->0536a24c-34e3-4c8a-9a31-895de5497f4a@group-11E1763585E1, cid=63, SUCCESS, logIndex=26, commits[0536a24c-34e3-4c8a-9a31-895de5497f4a:c26, 35717865-8144-46c5-963e-0895e96939ac:c16, 03555e6f-e7ac-4c8b-ad84-7222370bb52c:c24]
2019-09-19 12:11:00,363 [grpc-default-executor-9] WARN  server.GrpcLogAppender (LogUtils.java:warn(134)) - 0536a24c-34e3-4c8a-9a31-895de5497f4a@group-11E1763585E1->35717865-8144-46c5-963e-0895e96939ac-AppendLogResponseHandler: Failed appendEntries: org.apache.ratis.thirdparty.io.grpc.StatusRuntimeException: UNAVAILABLE: io exception
2019-09-19 12:11:00,363 [grpc-default-executor-9] INFO  impl.FollowerInfo (FollowerInfo.java:lambda$new$0(51)) - 0536a24c-34e3-4c8a-9a31-895de5497f4a@group-11E1763585E1->35717865-8144-46c5-963e-0895e96939ac: nextIndex: updateUnconditionally 1 -> 0
2019-09-19 12:11:00,402 [java.util.concurrent.ThreadPoolExecutor$Worker@4f8ba3d5[State = -1, empty queue]] WARN  server.GrpcLogAppender (GrpcLogAppender.java:timeoutAppendRequest(200)) - 1b83d917-1d73-4cac-8d1d-dc3b4981903d@group-7041D5508450->7c8a32d9-49ab-449b-8cc8-032a8828a8ac-GrpcLogAppender: appendEntries Timeout, request=1b83d917-1d73-4cac-8d1d-dc3b4981903d->7c8a32d9-49ab-449b-8cc8-032a8828a8ac#123-t6, previous=(t:6, i:20), leaderCommit=16, initializing? false, entries: <empty>
2019-09-19 12:11:00,402 [java.util.concurrent.ThreadPoolExecutor$Worker@5019c524[State = -1, empty queue]] WARN  server.GrpcLogAppender (GrpcLogAppender.java:timeoutAppendRequest(200)) - 1b83d917-1d73-4cac-8d1d-dc3b4981903d@group-7041D5508450->4736e737-07ca-4f6d-84d7-0ed6bd660367-GrpcLogAppender: appendEntries Timeout, request=1b83d917-1d73-4cac-8d1d-dc3b4981903d->4736e737-07ca-4f6d-84d7-0ed6bd660367#123-t6, previous=(t:6, i:20), leaderCommit=16, initializing? false, entries: <empty>
2019-09-19 12:11:00,645 [java.util.concurrent.ThreadPoolExecutor$Worker@3ef0e39a[State = -1, empty queue]] WARN  server.GrpcLogAppender (GrpcLogAppender.java:timeoutAppendRequest(200)) - a409f42d-bc3a-405f-bf07-8265a8a77aff@group-82AF4051E50B->587dad1b-1a08-4278-9ac1-e315232e0934-GrpcLogAppender: appendEntries Timeout, request=a409f42d-bc3a-405f-bf07-8265a8a77aff->587dad1b-1a08-4278-9ac1-e315232e0934#138-t1, previous=(t:1, i:17), leaderCommit=13, initializing? false, entries: <empty>
2019-09-19 12:11:00,645 [java.util.concurrent.ThreadPoolExecutor$Worker@5db7d907[State = -1, empty queue]] WARN  server.GrpcLogAppender (GrpcLogAppender.java:timeoutAppendRequest(200)) - a409f42d-bc3a-405f-bf07-8265a8a77aff@group-82AF4051E50B->9ff75243-8f90-489e-ad4c-fbb8c473db2a-GrpcLogAppender: appendEntries Timeout, request=a409f42d-bc3a-405f-bf07-8265a8a77aff->9ff75243-8f90-489e-ad4c-fbb8c473db2a#138-t1, previous=(t:1, i:17), leaderCommit=13, initializing? false, entries: <empty>
2019-09-19 12:11:00,865 [grpc-default-executor-2] WARN  server.GrpcLogAppender (LogUtils.java:warn(134)) - 0536a24c-34e3-4c8a-9a31-895de5497f4a@group-11E1763585E1->35717865-8144-46c5-963e-0895e96939ac-AppendLogResponseHandler: Failed appendEntries: org.apache.ratis.thirdparty.io.grpc.StatusRuntimeException: UNAVAILABLE: io exception
2019-09-19 12:11:00,865 [grpc-default-executor-2] INFO  impl.FollowerInfo (FollowerInfo.java:lambda$new$0(51)) - 0536a24c-34e3-4c8a-9a31-895de5497f4a@group-11E1763585E1->35717865-8144-46c5-963e-0895e96939ac: nextIndex: updateUnconditionally 0 -> 0
2019-09-19 12:11:00,902 [java.util.concurrent.ThreadPoolExecutor$Worker@4f8ba3d5[State = -1, empty queue]] WARN  server.GrpcLogAppender (GrpcLogAppender.java:timeoutAppendRequest(200)) - 1b83d917-1d73-4cac-8d1d-dc3b4981903d@group-7041D5508450->7c8a32d9-49ab-449b-8cc8-032a8828a8ac-GrpcLogAppender: appendEntries Timeout, request=1b83d917-1d73-4cac-8d1d-dc3b4981903d->7c8a32d9-49ab-449b-8cc8-032a8828a8ac#124-t6, previous=(t:6, i:20), leaderCommit=16, initializing? false, entries: <empty>
2019-09-19 12:11:00,902 [java.util.concurrent.ThreadPoolExecutor$Worker@5019c524[State = -1, empty queue]] WARN  server.GrpcLogAppender (GrpcLogAppender.java:timeoutAppendRequest(200)) - 1b83d917-1d73-4cac-8d1d-dc3b4981903d@group-7041D5508450->4736e737-07ca-4f6d-84d7-0ed6bd660367-GrpcLogAppender: appendEntries Timeout, request=1b83d917-1d73-4cac-8d1d-dc3b4981903d->4736e737-07ca-4f6d-84d7-0ed6bd660367#124-t6, previous=(t:6, i:20), leaderCommit=16, initializing? false, entries: <empty>
2019-09-19 12:11:01,145 [java.util.concurrent.ThreadPoolExecutor$Worker@3ef0e39a[State = -1, empty queue]] WARN  server.GrpcLogAppender (GrpcLogAppender.java:timeoutAppendRequest(200)) - a409f42d-bc3a-405f-bf07-8265a8a77aff@group-82AF4051E50B->587dad1b-1a08-4278-9ac1-e315232e0934-GrpcLogAppender: appendEntries Timeout, request=a409f42d-bc3a-405f-bf07-8265a8a77aff->587dad1b-1a08-4278-9ac1-e315232e0934#139-t1, previous=(t:1, i:17), leaderCommit=13, initializing? false, entries: <empty>
2019-09-19 12:11:01,145 [java.util.concurrent.ThreadPoolExecutor$Worker@5db7d907[State = -1, empty queue]] WARN  server.GrpcLogAppender (GrpcLogAppender.java:timeoutAppendRequest(200)) - a409f42d-bc3a-405f-bf07-8265a8a77aff@group-82AF4051E50B->9ff75243-8f90-489e-ad4c-fbb8c473db2a-GrpcLogAppender: appendEntries Timeout, request=a409f42d-bc3a-405f-bf07-8265a8a77aff->9ff75243-8f90-489e-ad4c-fbb8c473db2a#139-t1, previous=(t:1, i:17), leaderCommit=13, initializing? false, entries: <empty>
2019-09-19 12:11:01,152 [Datanode State Machine Thread - 0] INFO  statemachine.DatanodeStateMachine (DatanodeStateMachine.java:lambda$startDaemon$0(350)) - Ozone container server started.
2019-09-19 12:11:01,366 [grpc-default-executor-9] WARN  server.GrpcLogAppender (LogUtils.java:warn(134)) - 0536a24c-34e3-4c8a-9a31-895de5497f4a@group-11E1763585E1->35717865-8144-46c5-963e-0895e96939ac-AppendLogResponseHandler: Failed appendEntries: org.apache.ratis.thirdparty.io.grpc.StatusRuntimeException: UNAVAILABLE: io exception
2019-09-19 12:11:01,366 [grpc-default-executor-9] INFO  impl.FollowerInfo (FollowerInfo.java:lambda$new$0(51)) - 0536a24c-34e3-4c8a-9a31-895de5497f4a@group-11E1763585E1->35717865-8144-46c5-963e-0895e96939ac: nextIndex: updateUnconditionally 0 -> 0
2019-09-19 12:11:01,402 [java.util.concurrent.ThreadPoolExecutor$Worker@4f8ba3d5[State = -1, empty queue]] WARN  server.GrpcLogAppender (GrpcLogAppender.java:timeoutAppendRequest(200)) - 1b83d917-1d73-4cac-8d1d-dc3b4981903d@group-7041D5508450->7c8a32d9-49ab-449b-8cc8-032a8828a8ac-GrpcLogAppender: appendEntries Timeout, request=1b83d917-1d73-4cac-8d1d-dc3b4981903d->7c8a32d9-49ab-449b-8cc8-032a8828a8ac#125-t6, previous=(t:6, i:20), leaderCommit=16, initializing? false, entries: <empty>
2019-09-19 12:11:01,402 [java.util.concurrent.ThreadPoolExecutor$Worker@5019c524[State = -1, empty queue]] WARN  server.GrpcLogAppender (GrpcLogAppender.java:timeoutAppendRequest(200)) - 1b83d917-1d73-4cac-8d1d-dc3b4981903d@group-7041D5508450->4736e737-07ca-4f6d-84d7-0ed6bd660367-GrpcLogAppender: appendEntries Timeout, request=1b83d917-1d73-4cac-8d1d-dc3b4981903d->4736e737-07ca-4f6d-84d7-0ed6bd660367#125-t6, previous=(t:6, i:20), leaderCommit=16, initializing? false, entries: <empty>
2019-09-19 12:11:01,646 [java.util.concurrent.ThreadPoolExecutor$Worker@5db7d907[State = -1, empty queue]] WARN  server.GrpcLogAppender (GrpcLogAppender.java:timeoutAppendRequest(200)) - a409f42d-bc3a-405f-bf07-8265a8a77aff@group-82AF4051E50B->9ff75243-8f90-489e-ad4c-fbb8c473db2a-GrpcLogAppender: appendEntries Timeout, request=a409f42d-bc3a-405f-bf07-8265a8a77aff->9ff75243-8f90-489e-ad4c-fbb8c473db2a#140-t1, previous=(t:1, i:17), leaderCommit=13, initializing? false, entries: <empty>
2019-09-19 12:11:01,646 [java.util.concurrent.ThreadPoolExecutor$Worker@3ef0e39a[State = -1, empty queue]] WARN  server.GrpcLogAppender (GrpcLogAppender.java:timeoutAppendRequest(200)) - a409f42d-bc3a-405f-bf07-8265a8a77aff@group-82AF4051E50B->587dad1b-1a08-4278-9ac1-e315232e0934-GrpcLogAppender: appendEntries Timeout, request=a409f42d-bc3a-405f-bf07-8265a8a77aff->587dad1b-1a08-4278-9ac1-e315232e0934#140-t1, previous=(t:1, i:17), leaderCommit=13, initializing? false, entries: <empty>
2019-09-19 12:11:01,866 [grpc-default-executor-4] WARN  server.GrpcLogAppender (LogUtils.java:warn(134)) - 0536a24c-34e3-4c8a-9a31-895de5497f4a@group-11E1763585E1->35717865-8144-46c5-963e-0895e96939ac-AppendLogResponseHandler: Failed appendEntries: org.apache.ratis.thirdparty.io.grpc.StatusRuntimeException: UNAVAILABLE: io exception
2019-09-19 12:11:01,867 [grpc-default-executor-4] INFO  impl.FollowerInfo (FollowerInfo.java:lambda$new$0(51)) - 0536a24c-34e3-4c8a-9a31-895de5497f4a@group-11E1763585E1->35717865-8144-46c5-963e-0895e96939ac: nextIndex: updateUnconditionally 0 -> 0
2019-09-19 12:11:01,903 [java.util.concurrent.ThreadPoolExecutor$Worker@4f8ba3d5[State = -1, empty queue]] WARN  server.GrpcLogAppender (GrpcLogAppender.java:timeoutAppendRequest(200)) - 1b83d917-1d73-4cac-8d1d-dc3b4981903d@group-7041D5508450->7c8a32d9-49ab-449b-8cc8-032a8828a8ac-GrpcLogAppender: appendEntries Timeout, request=1b83d917-1d73-4cac-8d1d-dc3b4981903d->7c8a32d9-49ab-449b-8cc8-032a8828a8ac#126-t6, previous=(t:6, i:20), leaderCommit=16, initializing? false, entries: <empty>
2019-09-19 12:11:01,903 [java.util.concurrent.ThreadPoolExecutor$Worker@5019c524[State = -1, empty queue]] WARN  server.GrpcLogAppender (GrpcLogAppender.java:timeoutAppendRequest(200)) - 1b83d917-1d73-4cac-8d1d-dc3b4981903d@group-7041D5508450->4736e737-07ca-4f6d-84d7-0ed6bd660367-GrpcLogAppender: appendEntries Timeout, request=1b83d917-1d73-4cac-8d1d-dc3b4981903d->4736e737-07ca-4f6d-84d7-0ed6bd660367#126-t6, previous=(t:6, i:20), leaderCommit=16, initializing? false, entries: <empty>
2019-09-19 12:11:02,146 [java.util.concurrent.ThreadPoolExecutor$Worker@3ef0e39a[State = -1, empty queue]] WARN  server.GrpcLogAppender (GrpcLogAppender.java:timeoutAppendRequest(200)) - a409f42d-bc3a-405f-bf07-8265a8a77aff@group-82AF4051E50B->587dad1b-1a08-4278-9ac1-e315232e0934-GrpcLogAppender: appendEntries Timeout, request=a409f42d-bc3a-405f-bf07-8265a8a77aff->587dad1b-1a08-4278-9ac1-e315232e0934#141-t1, previous=(t:1, i:17), leaderCommit=13, initializing? false, entries: <empty>
2019-09-19 12:11:02,146 [java.util.concurrent.ThreadPoolExecutor$Worker@5db7d907[State = -1, empty queue]] WARN  server.GrpcLogAppender (GrpcLogAppender.java:timeoutAppendRequest(200)) - a409f42d-bc3a-405f-bf07-8265a8a77aff@group-82AF4051E50B->9ff75243-8f90-489e-ad4c-fbb8c473db2a-GrpcLogAppender: appendEntries Timeout, request=a409f42d-bc3a-405f-bf07-8265a8a77aff->9ff75243-8f90-489e-ad4c-fbb8c473db2a#141-t1, previous=(t:1, i:17), leaderCommit=13, initializing? false, entries: <empty>
2019-09-19 12:11:02,367 [grpc-default-executor-9] WARN  server.GrpcLogAppender (LogUtils.java:warn(134)) - 0536a24c-34e3-4c8a-9a31-895de5497f4a@group-11E1763585E1->35717865-8144-46c5-963e-0895e96939ac-AppendLogResponseHandler: Failed appendEntries: org.apache.ratis.thirdparty.io.grpc.StatusRuntimeException: UNAVAILABLE: io exception
2019-09-19 12:11:02,367 [grpc-default-executor-9] INFO  impl.FollowerInfo (FollowerInfo.java:lambda$new$0(51)) - 0536a24c-34e3-4c8a-9a31-895de5497f4a@group-11E1763585E1->35717865-8144-46c5-963e-0895e96939ac: nextIndex: updateUnconditionally 0 -> 0
2019-09-19 12:11:02,403 [java.util.concurrent.ThreadPoolExecutor$Worker@5019c524[State = -1, empty queue]] WARN  server.GrpcLogAppender (GrpcLogAppender.java:timeoutAppendRequest(200)) - 1b83d917-1d73-4cac-8d1d-dc3b4981903d@group-7041D5508450->4736e737-07ca-4f6d-84d7-0ed6bd660367-GrpcLogAppender: appendEntries Timeout, request=1b83d917-1d73-4cac-8d1d-dc3b4981903d->4736e737-07ca-4f6d-84d7-0ed6bd660367#127-t6, previous=(t:6, i:20), leaderCommit=16, initializing? false, entries: <empty>
2019-09-19 12:11:02,403 [java.util.concurrent.ThreadPoolExecutor$Worker@4f8ba3d5[State = -1, empty queue]] WARN  server.GrpcLogAppender (GrpcLogAppender.java:timeoutAppendRequest(200)) - 1b83d917-1d73-4cac-8d1d-dc3b4981903d@group-7041D5508450->7c8a32d9-49ab-449b-8cc8-032a8828a8ac-GrpcLogAppender: appendEntries Timeout, request=1b83d917-1d73-4cac-8d1d-dc3b4981903d->7c8a32d9-49ab-449b-8cc8-032a8828a8ac#127-t6, previous=(t:6, i:20), leaderCommit=16, initializing? false, entries: <empty>
2019-09-19 12:11:02,647 [java.util.concurrent.ThreadPoolExecutor$Worker@3ef0e39a[State = -1, empty queue]] WARN  server.GrpcLogAppender (GrpcLogAppender.java:timeoutAppendRequest(200)) - a409f42d-bc3a-405f-bf07-8265a8a77aff@group-82AF4051E50B->587dad1b-1a08-4278-9ac1-e315232e0934-GrpcLogAppender: appendEntries Timeout, request=a409f42d-bc3a-405f-bf07-8265a8a77aff->587dad1b-1a08-4278-9ac1-e315232e0934#142-t1, previous=(t:1, i:17), leaderCommit=13, initializing? false, entries: <empty>
2019-09-19 12:11:02,647 [java.util.concurrent.ThreadPoolExecutor$Worker@5db7d907[State = -1, empty queue]] WARN  server.GrpcLogAppender (GrpcLogAppender.java:timeoutAppendRequest(200)) - a409f42d-bc3a-405f-bf07-8265a8a77aff@group-82AF4051E50B->9ff75243-8f90-489e-ad4c-fbb8c473db2a-GrpcLogAppender: appendEntries Timeout, request=a409f42d-bc3a-405f-bf07-8265a8a77aff->9ff75243-8f90-489e-ad4c-fbb8c473db2a#142-t1, previous=(t:1, i:17), leaderCommit=13, initializing? false, entries: <empty>
2019-09-19 12:11:02,869 [grpc-default-executor-2] WARN  server.GrpcLogAppender (LogUtils.java:warn(134)) - 0536a24c-34e3-4c8a-9a31-895de5497f4a@group-11E1763585E1->35717865-8144-46c5-963e-0895e96939ac-AppendLogResponseHandler: Failed appendEntries: org.apache.ratis.thirdparty.io.grpc.StatusRuntimeException: UNAVAILABLE: io exception
2019-09-19 12:11:02,869 [grpc-default-executor-2] INFO  impl.FollowerInfo (FollowerInfo.java:lambda$new$0(51)) - 0536a24c-34e3-4c8a-9a31-895de5497f4a@group-11E1763585E1->35717865-8144-46c5-963e-0895e96939ac: nextIndex: updateUnconditionally 0 -> 0
2019-09-19 12:11:02,903 [java.util.concurrent.ThreadPoolExecutor$Worker@4f8ba3d5[State = -1, empty queue]] WARN  server.GrpcLogAppender (GrpcLogAppender.java:timeoutAppendRequest(200)) - 1b83d917-1d73-4cac-8d1d-dc3b4981903d@group-7041D5508450->7c8a32d9-49ab-449b-8cc8-032a8828a8ac-GrpcLogAppender: appendEntries Timeout, request=1b83d917-1d73-4cac-8d1d-dc3b4981903d->7c8a32d9-49ab-449b-8cc8-032a8828a8ac#128-t6, previous=(t:6, i:20), leaderCommit=16, initializing? false, entries: <empty>
2019-09-19 12:11:02,903 [java.util.concurrent.ThreadPoolExecutor$Worker@5019c524[State = -1, empty queue]] WARN  server.GrpcLogAppender (GrpcLogAppender.java:timeoutAppendRequest(200)) - 1b83d917-1d73-4cac-8d1d-dc3b4981903d@group-7041D5508450->4736e737-07ca-4f6d-84d7-0ed6bd660367-GrpcLogAppender: appendEntries Timeout, request=1b83d917-1d73-4cac-8d1d-dc3b4981903d->4736e737-07ca-4f6d-84d7-0ed6bd660367#128-t6, previous=(t:6, i:20), leaderCommit=16, initializing? false, entries: <empty>
2019-09-19 12:11:03,147 [java.util.concurrent.ThreadPoolExecutor$Worker@3ef0e39a[State = -1, empty queue]] WARN  server.GrpcLogAppender (GrpcLogAppender.java:timeoutAppendRequest(200)) - a409f42d-bc3a-405f-bf07-8265a8a77aff@group-82AF4051E50B->587dad1b-1a08-4278-9ac1-e315232e0934-GrpcLogAppender: appendEntries Timeout, request=a409f42d-bc3a-405f-bf07-8265a8a77aff->587dad1b-1a08-4278-9ac1-e315232e0934#143-t1, previous=(t:1, i:17), leaderCommit=13, initializing? false, entries: <empty>
2019-09-19 12:11:03,147 [java.util.concurrent.ThreadPoolExecutor$Worker@5db7d907[State = -1, empty queue]] WARN  server.GrpcLogAppender (GrpcLogAppender.java:timeoutAppendRequest(200)) - a409f42d-bc3a-405f-bf07-8265a8a77aff@group-82AF4051E50B->9ff75243-8f90-489e-ad4c-fbb8c473db2a-GrpcLogAppender: appendEntries Timeout, request=a409f42d-bc3a-405f-bf07-8265a8a77aff->9ff75243-8f90-489e-ad4c-fbb8c473db2a#143-t1, previous=(t:1, i:17), leaderCommit=13, initializing? false, entries: <empty>
2019-09-19 12:11:03,374 [grpc-default-executor-9] WARN  server.GrpcLogAppender (LogUtils.java:warn(134)) - 0536a24c-34e3-4c8a-9a31-895de5497f4a@group-11E1763585E1->35717865-8144-46c5-963e-0895e96939ac-AppendLogResponseHandler: Failed appendEntries: org.apache.ratis.thirdparty.io.grpc.StatusRuntimeException: UNAVAILABLE: io exception
2019-09-19 12:11:03,374 [grpc-default-executor-9] INFO  impl.FollowerInfo (FollowerInfo.java:lambda$new$0(51)) - 0536a24c-34e3-4c8a-9a31-895de5497f4a@group-11E1763585E1->35717865-8144-46c5-963e-0895e96939ac: nextIndex: updateUnconditionally 0 -> 0
2019-09-19 12:11:03,403 [java.util.concurrent.ThreadPoolExecutor$Worker@4f8ba3d5[State = -1, empty queue]] WARN  server.GrpcLogAppender (GrpcLogAppender.java:timeoutAppendRequest(200)) - 1b83d917-1d73-4cac-8d1d-dc3b4981903d@group-7041D5508450->7c8a32d9-49ab-449b-8cc8-032a8828a8ac-GrpcLogAppender: appendEntries Timeout, request=1b83d917-1d73-4cac-8d1d-dc3b4981903d->7c8a32d9-49ab-449b-8cc8-032a8828a8ac#129-t6, previous=(t:6, i:20), leaderCommit=16, initializing? false, entries: <empty>
2019-09-19 12:11:03,403 [java.util.concurrent.ThreadPoolExecutor$Worker@5019c524[State = -1, empty queue]] WARN  server.GrpcLogAppender (GrpcLogAppender.java:timeoutAppendRequest(200)) - 1b83d917-1d73-4cac-8d1d-dc3b4981903d@group-7041D5508450->4736e737-07ca-4f6d-84d7-0ed6bd660367-GrpcLogAppender: appendEntries Timeout, request=1b83d917-1d73-4cac-8d1d-dc3b4981903d->4736e737-07ca-4f6d-84d7-0ed6bd660367#129-t6, previous=(t:6, i:20), leaderCommit=16, initializing? false, entries: <empty>
2019-09-19 12:11:03,647 [java.util.concurrent.ThreadPoolExecutor$Worker@3ef0e39a[State = -1, empty queue]] WARN  server.GrpcLogAppender (GrpcLogAppender.java:timeoutAppendRequest(200)) - a409f42d-bc3a-405f-bf07-8265a8a77aff@group-82AF4051E50B->587dad1b-1a08-4278-9ac1-e315232e0934-GrpcLogAppender: appendEntries Timeout, request=a409f42d-bc3a-405f-bf07-8265a8a77aff->587dad1b-1a08-4278-9ac1-e315232e0934#144-t1, previous=(t:1, i:17), leaderCommit=13, initializing? false, entries: <empty>
2019-09-19 12:11:03,647 [java.util.concurrent.ThreadPoolExecutor$Worker@5db7d907[State = -1, empty queue]] WARN  server.GrpcLogAppender (GrpcLogAppender.java:timeoutAppendRequest(200)) - a409f42d-bc3a-405f-bf07-8265a8a77aff@group-82AF4051E50B->9ff75243-8f90-489e-ad4c-fbb8c473db2a-GrpcLogAppender: appendEntries Timeout, request=a409f42d-bc3a-405f-bf07-8265a8a77aff->9ff75243-8f90-489e-ad4c-fbb8c473db2a#144-t1, previous=(t:1, i:17), leaderCommit=13, initializing? false, entries: <empty>
2019-09-19 12:11:03,874 [grpc-default-executor-4] WARN  server.GrpcLogAppender (LogUtils.java:warn(134)) - 0536a24c-34e3-4c8a-9a31-895de5497f4a@group-11E1763585E1->35717865-8144-46c5-963e-0895e96939ac-AppendLogResponseHandler: Failed appendEntries: org.apache.ratis.thirdparty.io.grpc.StatusRuntimeException: UNAVAILABLE: io exception
2019-09-19 12:11:03,875 [grpc-default-executor-4] INFO  impl.FollowerInfo (FollowerInfo.java:lambda$new$0(51)) - 0536a24c-34e3-4c8a-9a31-895de5497f4a@group-11E1763585E1->35717865-8144-46c5-963e-0895e96939ac: nextIndex: updateUnconditionally 0 -> 0
2019-09-19 12:11:03,904 [java.util.concurrent.ThreadPoolExecutor$Worker@4f8ba3d5[State = -1, empty queue]] WARN  server.GrpcLogAppender (GrpcLogAppender.java:timeoutAppendRequest(200)) - 1b83d917-1d73-4cac-8d1d-dc3b4981903d@group-7041D5508450->7c8a32d9-49ab-449b-8cc8-032a8828a8ac-GrpcLogAppender: appendEntries Timeout, request=1b83d917-1d73-4cac-8d1d-dc3b4981903d->7c8a32d9-49ab-449b-8cc8-032a8828a8ac#130-t6, previous=(t:6, i:20), leaderCommit=16, initializing? false, entries: <empty>
2019-09-19 12:11:03,904 [java.util.concurrent.ThreadPoolExecutor$Worker@5019c524[State = -1, empty queue]] WARN  server.GrpcLogAppender (GrpcLogAppender.java:timeoutAppendRequest(200)) - 1b83d917-1d73-4cac-8d1d-dc3b4981903d@group-7041D5508450->4736e737-07ca-4f6d-84d7-0ed6bd660367-GrpcLogAppender: appendEntries Timeout, request=1b83d917-1d73-4cac-8d1d-dc3b4981903d->4736e737-07ca-4f6d-84d7-0ed6bd660367#130-t6, previous=(t:6, i:20), leaderCommit=16, initializing? false, entries: <empty>
2019-09-19 12:11:04,148 [java.util.concurrent.ThreadPoolExecutor$Worker@3ef0e39a[State = -1, empty queue]] WARN  server.GrpcLogAppender (GrpcLogAppender.java:timeoutAppendRequest(200)) - a409f42d-bc3a-405f-bf07-8265a8a77aff@group-82AF4051E50B->587dad1b-1a08-4278-9ac1-e315232e0934-GrpcLogAppender: appendEntries Timeout, request=a409f42d-bc3a-405f-bf07-8265a8a77aff->587dad1b-1a08-4278-9ac1-e315232e0934#145-t1, previous=(t:1, i:17), leaderCommit=13, initializing? false, entries: <empty>
2019-09-19 12:11:04,148 [java.util.concurrent.ThreadPoolExecutor$Worker@5db7d907[State = -1, empty queue]] WARN  server.GrpcLogAppender (GrpcLogAppender.java:timeoutAppendRequest(200)) - a409f42d-bc3a-405f-bf07-8265a8a77aff@group-82AF4051E50B->9ff75243-8f90-489e-ad4c-fbb8c473db2a-GrpcLogAppender: appendEntries Timeout, request=a409f42d-bc3a-405f-bf07-8265a8a77aff->9ff75243-8f90-489e-ad4c-fbb8c473db2a#145-t1, previous=(t:1, i:17), leaderCommit=13, initializing? false, entries: <empty>
2019-09-19 12:11:04,378 [grpc-default-executor-2] WARN  server.GrpcLogAppender (LogUtils.java:warn(134)) - 0536a24c-34e3-4c8a-9a31-895de5497f4a@group-11E1763585E1->35717865-8144-46c5-963e-0895e96939ac-AppendLogResponseHandler: Failed appendEntries: org.apache.ratis.thirdparty.io.grpc.StatusRuntimeException: UNAVAILABLE: io exception
2019-09-19 12:11:04,378 [grpc-default-executor-2] INFO  impl.FollowerInfo (FollowerInfo.java:lambda$new$0(51)) - 0536a24c-34e3-4c8a-9a31-895de5497f4a@group-11E1763585E1->35717865-8144-46c5-963e-0895e96939ac: nextIndex: updateUnconditionally 0 -> 0
2019-09-19 12:11:04,404 [java.util.concurrent.ThreadPoolExecutor$Worker@4f8ba3d5[State = -1, empty queue]] WARN  server.GrpcLogAppender (GrpcLogAppender.java:timeoutAppendRequest(200)) - 1b83d917-1d73-4cac-8d1d-dc3b4981903d@group-7041D5508450->7c8a32d9-49ab-449b-8cc8-032a8828a8ac-GrpcLogAppender: appendEntries Timeout, request=1b83d917-1d73-4cac-8d1d-dc3b4981903d->7c8a32d9-49ab-449b-8cc8-032a8828a8ac#131-t6, previous=(t:6, i:20), leaderCommit=16, initializing? false, entries: <empty>
2019-09-19 12:11:04,404 [java.util.concurrent.ThreadPoolExecutor$Worker@5019c524[State = -1, empty queue]] WARN  server.GrpcLogAppender (GrpcLogAppender.java:timeoutAppendRequest(200)) - 1b83d917-1d73-4cac-8d1d-dc3b4981903d@group-7041D5508450->4736e737-07ca-4f6d-84d7-0ed6bd660367-GrpcLogAppender: appendEntries Timeout, request=1b83d917-1d73-4cac-8d1d-dc3b4981903d->4736e737-07ca-4f6d-84d7-0ed6bd660367#131-t6, previous=(t:6, i:20), leaderCommit=16, initializing? false, entries: <empty>
2019-09-19 12:11:04,648 [java.util.concurrent.ThreadPoolExecutor$Worker@3ef0e39a[State = -1, empty queue]] WARN  server.GrpcLogAppender (GrpcLogAppender.java:timeoutAppendRequest(200)) - a409f42d-bc3a-405f-bf07-8265a8a77aff@group-82AF4051E50B->587dad1b-1a08-4278-9ac1-e315232e0934-GrpcLogAppender: appendEntries Timeout, request=a409f42d-bc3a-405f-bf07-8265a8a77aff->587dad1b-1a08-4278-9ac1-e315232e0934#146-t1, previous=(t:1, i:17), leaderCommit=13, initializing? false, entries: <empty>
2019-09-19 12:11:04,648 [java.util.concurrent.ThreadPoolExecutor$Worker@5db7d907[State = -1, empty queue]] WARN  server.GrpcLogAppender (GrpcLogAppender.java:timeoutAppendRequest(200)) - a409f42d-bc3a-405f-bf07-8265a8a77aff@group-82AF4051E50B->9ff75243-8f90-489e-ad4c-fbb8c473db2a-GrpcLogAppender: appendEntries Timeout, request=a409f42d-bc3a-405f-bf07-8265a8a77aff->9ff75243-8f90-489e-ad4c-fbb8c473db2a#146-t1, previous=(t:1, i:17), leaderCommit=13, initializing? false, entries: <empty>
2019-09-19 12:11:04,878 [grpc-default-executor-9] WARN  server.GrpcLogAppender (LogUtils.java:warn(134)) - 0536a24c-34e3-4c8a-9a31-895de5497f4a@group-11E1763585E1->35717865-8144-46c5-963e-0895e96939ac-AppendLogResponseHandler: Failed appendEntries: org.apache.ratis.thirdparty.io.grpc.StatusRuntimeException: UNAVAILABLE: io exception
2019-09-19 12:11:04,879 [grpc-default-executor-9] INFO  impl.FollowerInfo (FollowerInfo.java:lambda$new$0(51)) - 0536a24c-34e3-4c8a-9a31-895de5497f4a@group-11E1763585E1->35717865-8144-46c5-963e-0895e96939ac: nextIndex: updateUnconditionally 0 -> 0
2019-09-19 12:11:04,904 [java.util.concurrent.ThreadPoolExecutor$Worker@4f8ba3d5[State = -1, empty queue]] WARN  server.GrpcLogAppender (GrpcLogAppender.java:timeoutAppendRequest(200)) - 1b83d917-1d73-4cac-8d1d-dc3b4981903d@group-7041D5508450->7c8a32d9-49ab-449b-8cc8-032a8828a8ac-GrpcLogAppender: appendEntries Timeout, request=1b83d917-1d73-4cac-8d1d-dc3b4981903d->7c8a32d9-49ab-449b-8cc8-032a8828a8ac#132-t6, previous=(t:6, i:20), leaderCommit=16, initializing? false, entries: <empty>
2019-09-19 12:11:04,904 [java.util.concurrent.ThreadPoolExecutor$Worker@5019c524[State = -1, empty queue]] WARN  server.GrpcLogAppender (GrpcLogAppender.java:timeoutAppendRequest(200)) - 1b83d917-1d73-4cac-8d1d-dc3b4981903d@group-7041D5508450->4736e737-07ca-4f6d-84d7-0ed6bd660367-GrpcLogAppender: appendEntries Timeout, request=1b83d917-1d73-4cac-8d1d-dc3b4981903d->4736e737-07ca-4f6d-84d7-0ed6bd660367#132-t6, previous=(t:6, i:20), leaderCommit=16, initializing? false, entries: <empty>
2019-09-19 12:11:05,112 [587dad1b-1a08-4278-9ac1-e315232e0934@group-82AF4051E50B-SegmentedRaftLogWorker] WARN  segmented.SegmentedRaftLogWorker (SegmentedRaftLogWorker.java:getFromFuture(90)) - Timeout 2/~
org.apache.ratis.protocol.TimeoutIOException: Timeout 10s: WriteLog:14: (t:1, i:14), STATEMACHINELOGENTRY, client-57877EF1F934, cid=52-writeStateMachineData
	at org.apache.ratis.util.IOUtils.getFromFuture(IOUtils.java:87)
	at org.apache.ratis.server.raftlog.segmented.SegmentedRaftLogWorker$StateMachineDataPolicy.getFromFuture(SegmentedRaftLogWorker.java:87)
	at org.apache.ratis.server.raftlog.segmented.SegmentedRaftLogWorker$WriteLog.execute(SegmentedRaftLogWorker.java:477)
	at org.apache.ratis.server.raftlog.segmented.SegmentedRaftLogWorker.run(SegmentedRaftLogWorker.java:289)
	at java.lang.Thread.run(Thread.java:748)
Caused by: java.util.concurrent.TimeoutException
	at java.util.concurrent.CompletableFuture.timedGet(CompletableFuture.java:1771)
	at java.util.concurrent.CompletableFuture.get(CompletableFuture.java:1915)
	at org.apache.ratis.util.IOUtils.getFromFuture(IOUtils.java:79)
	... 4 more
2019-09-19 12:11:05,113 [9ff75243-8f90-489e-ad4c-fbb8c473db2a@group-82AF4051E50B-SegmentedRaftLogWorker] WARN  segmented.SegmentedRaftLogWorker (SegmentedRaftLogWorker.java:getFromFuture(90)) - Timeout 2/~
org.apache.ratis.protocol.TimeoutIOException: Timeout 10s: WriteLog:14: (t:1, i:14), STATEMACHINELOGENTRY, client-57877EF1F934, cid=52-writeStateMachineData
	at org.apache.ratis.util.IOUtils.getFromFuture(IOUtils.java:87)
	at org.apache.ratis.server.raftlog.segmented.SegmentedRaftLogWorker$StateMachineDataPolicy.getFromFuture(SegmentedRaftLogWorker.java:87)
	at org.apache.ratis.server.raftlog.segmented.SegmentedRaftLogWorker$WriteLog.execute(SegmentedRaftLogWorker.java:477)
	at org.apache.ratis.server.raftlog.segmented.SegmentedRaftLogWorker.run(SegmentedRaftLogWorker.java:289)
	at java.lang.Thread.run(Thread.java:748)
Caused by: java.util.concurrent.TimeoutException
	at java.util.concurrent.CompletableFuture.timedGet(CompletableFuture.java:1771)
	at java.util.concurrent.CompletableFuture.get(CompletableFuture.java:1915)
	at org.apache.ratis.util.IOUtils.getFromFuture(IOUtils.java:79)
	... 4 more
2019-09-19 12:11:05,148 [java.util.concurrent.ThreadPoolExecutor$Worker@3ef0e39a[State = -1, empty queue]] WARN  server.GrpcLogAppender (GrpcLogAppender.java:timeoutAppendRequest(200)) - a409f42d-bc3a-405f-bf07-8265a8a77aff@group-82AF4051E50B->587dad1b-1a08-4278-9ac1-e315232e0934-GrpcLogAppender: appendEntries Timeout, request=a409f42d-bc3a-405f-bf07-8265a8a77aff->587dad1b-1a08-4278-9ac1-e315232e0934#147-t1, previous=(t:1, i:17), leaderCommit=13, initializing? false, entries: <empty>
2019-09-19 12:11:05,148 [java.util.concurrent.ThreadPoolExecutor$Worker@5db7d907[State = -1, empty queue]] WARN  server.GrpcLogAppender (GrpcLogAppender.java:timeoutAppendRequest(200)) - a409f42d-bc3a-405f-bf07-8265a8a77aff@group-82AF4051E50B->9ff75243-8f90-489e-ad4c-fbb8c473db2a-GrpcLogAppender: appendEntries Timeout, request=a409f42d-bc3a-405f-bf07-8265a8a77aff->9ff75243-8f90-489e-ad4c-fbb8c473db2a#147-t1, previous=(t:1, i:17), leaderCommit=13, initializing? false, entries: <empty>
2019-09-19 12:11:05,358 [main] INFO  ozoneimpl.OzoneContainer (OzoneContainer.java:stop(231)) - Attempting to stop container services.
2019-09-19 12:11:05,359 [main] INFO  impl.RaftServerProxy (RaftServerProxy.java:lambda$close$4(314)) - 03555e6f-e7ac-4c8b-ad84-7222370bb52c: close
2019-09-19 12:11:05,360 [main] INFO  impl.RaftServerImpl (RaftServerImpl.java:lambda$shutdown$3(251)) - 03555e6f-e7ac-4c8b-ad84-7222370bb52c@group-0AEF56DAE9E9: shutdown
2019-09-19 12:11:05,360 [main] INFO  util.JmxRegister (JmxRegister.java:unregister(73)) - Successfully un-registered JMX Bean with object name Ratis:service=RaftServer,group=group-0AEF56DAE9E9,id=03555e6f-e7ac-4c8b-ad84-7222370bb52c
2019-09-19 12:11:05,361 [main] INFO  impl.RoleInfo (RoleInfo.java:shutdownLeaderState(104)) - 03555e6f-e7ac-4c8b-ad84-7222370bb52c: shutdown LeaderState
2019-09-19 12:11:05,361 [main] INFO  impl.PendingRequests (PendingRequests.java:sendNotLeaderResponses(202)) - 03555e6f-e7ac-4c8b-ad84-7222370bb52c-PendingRequests: sendNotLeaderResponses
2019-09-19 12:11:05,362 [main] INFO  impl.StateMachineUpdater (StateMachineUpdater.java:stopAndJoin(125)) - 03555e6f-e7ac-4c8b-ad84-7222370bb52c@group-0AEF56DAE9E9-StateMachineUpdater: set stopIndex = 0
2019-09-19 12:11:05,362 [main] INFO  impl.RaftServerImpl (ServerState.java:close(385)) - 03555e6f-e7ac-4c8b-ad84-7222370bb52c@group-0AEF56DAE9E9: closes. applyIndex: 0
2019-09-19 12:11:05,363 [03555e6f-e7ac-4c8b-ad84-7222370bb52c@group-0AEF56DAE9E9-SegmentedRaftLogWorker] INFO  segmented.SegmentedRaftLogWorker (SegmentedRaftLogWorker.java:run(313)) - 03555e6f-e7ac-4c8b-ad84-7222370bb52c@group-0AEF56DAE9E9-SegmentedRaftLogWorker was interrupted, exiting. There are 0 tasks remaining in the queue.
2019-09-19 12:11:05,379 [main] INFO  segmented.SegmentedRaftLogWorker (SegmentedRaftLogWorker.java:close(228)) - 03555e6f-e7ac-4c8b-ad84-7222370bb52c@group-0AEF56DAE9E9-SegmentedRaftLogWorker close()
2019-09-19 12:11:05,379 [grpc-default-executor-4] WARN  server.GrpcLogAppender (LogUtils.java:warn(134)) - 0536a24c-34e3-4c8a-9a31-895de5497f4a@group-11E1763585E1->35717865-8144-46c5-963e-0895e96939ac-AppendLogResponseHandler: Failed appendEntries: org.apache.ratis.thirdparty.io.grpc.StatusRuntimeException: UNAVAILABLE: io exception
2019-09-19 12:11:05,384 [main] INFO  impl.RaftServerImpl (RaftServerImpl.java:lambda$shutdown$3(251)) - 03555e6f-e7ac-4c8b-ad84-7222370bb52c@group-11E1763585E1: shutdown
2019-09-19 12:11:05,385 [grpc-default-executor-4] INFO  impl.FollowerInfo (FollowerInfo.java:lambda$new$0(51)) - 0536a24c-34e3-4c8a-9a31-895de5497f4a@group-11E1763585E1->35717865-8144-46c5-963e-0895e96939ac: nextIndex: updateUnconditionally 0 -> 0
2019-09-19 12:11:05,385 [main] INFO  util.JmxRegister (JmxRegister.java:unregister(73)) - Successfully un-registered JMX Bean with object name Ratis:service=RaftServer,group=group-11E1763585E1,id=03555e6f-e7ac-4c8b-ad84-7222370bb52c
2019-09-19 12:11:05,385 [main] INFO  impl.RoleInfo (RoleInfo.java:shutdownFollowerState(121)) - 03555e6f-e7ac-4c8b-ad84-7222370bb52c: shutdown FollowerState
2019-09-19 12:11:05,386 [main] INFO  impl.StateMachineUpdater (StateMachineUpdater.java:stopAndJoin(125)) - 03555e6f-e7ac-4c8b-ad84-7222370bb52c@group-11E1763585E1-StateMachineUpdater: set stopIndex = 28
2019-09-19 12:11:05,386 [Thread-394] INFO  impl.FollowerState (FollowerState.java:run(115)) - 03555e6f-e7ac-4c8b-ad84-7222370bb52c: FollowerState was interrupted: java.lang.InterruptedException: sleep interrupted
2019-09-19 12:11:05,386 [03555e6f-e7ac-4c8b-ad84-7222370bb52c@group-11E1763585E1-StateMachineUpdater] INFO  ratis.ContainerStateMachine (ContainerStateMachine.java:takeSnapshot(289)) - group-11E1763585E1: Taking a snapshot at:(t:1, i:26) file /workdir/hadoop-ozone/integration-test/target/test-dir/MiniOzoneClusterImpl-41742b35-60e3-4bf6-81de-f25e83920b6f/datanode-1/data/ratis/aed8ff52-0610-457a-8f1b-11e1763585e1/sm/snapshot.1_26
2019-09-19 12:11:05,400 [03555e6f-e7ac-4c8b-ad84-7222370bb52c@group-11E1763585E1-StateMachineUpdater] INFO  ratis.ContainerStateMachine (ContainerStateMachine.java:takeSnapshot(300)) - group-11E1763585E1: Finished taking a snapshot at:(t:1, i:26) file:/workdir/hadoop-ozone/integration-test/target/test-dir/MiniOzoneClusterImpl-41742b35-60e3-4bf6-81de-f25e83920b6f/datanode-1/data/ratis/aed8ff52-0610-457a-8f1b-11e1763585e1/sm/snapshot.1_26 time:15
2019-09-19 12:11:05,400 [03555e6f-e7ac-4c8b-ad84-7222370bb52c@group-11E1763585E1-StateMachineUpdater] INFO  impl.StateMachineUpdater (StateMachineUpdater.java:takeSnapshot(258)) - 03555e6f-e7ac-4c8b-ad84-7222370bb52c@group-11E1763585E1-StateMachineUpdater: Took a snapshot at index 26
2019-09-19 12:11:05,400 [03555e6f-e7ac-4c8b-ad84-7222370bb52c@group-11E1763585E1-StateMachineUpdater] INFO  impl.StateMachineUpdater (StateMachineUpdater.java:lambda$new$0(83)) - 03555e6f-e7ac-4c8b-ad84-7222370bb52c@group-11E1763585E1-StateMachineUpdater: snapshotIndex: updateIncreasingly -1 -> 26
2019-09-19 12:11:05,401 [03555e6f-e7ac-4c8b-ad84-7222370bb52c@group-11E1763585E1-StateMachineUpdater] INFO  ratis.ContainerStateMachine (ContainerStateMachine.java:takeSnapshot(289)) - group-11E1763585E1: Taking a snapshot at:(t:1, i:26) file /workdir/hadoop-ozone/integration-test/target/test-dir/MiniOzoneClusterImpl-41742b35-60e3-4bf6-81de-f25e83920b6f/datanode-1/data/ratis/aed8ff52-0610-457a-8f1b-11e1763585e1/sm/snapshot.1_26
2019-09-19 12:11:05,404 [java.util.concurrent.ThreadPoolExecutor$Worker@4f8ba3d5[State = -1, empty queue]] WARN  server.GrpcLogAppender (GrpcLogAppender.java:timeoutAppendRequest(200)) - 1b83d917-1d73-4cac-8d1d-dc3b4981903d@group-7041D5508450->7c8a32d9-49ab-449b-8cc8-032a8828a8ac-GrpcLogAppender: appendEntries Timeout, request=1b83d917-1d73-4cac-8d1d-dc3b4981903d->7c8a32d9-49ab-449b-8cc8-032a8828a8ac#133-t6, previous=(t:6, i:20), leaderCommit=16, initializing? false, entries: <empty>
2019-09-19 12:11:05,404 [java.util.concurrent.ThreadPoolExecutor$Worker@5019c524[State = -1, empty queue]] WARN  server.GrpcLogAppender (GrpcLogAppender.java:timeoutAppendRequest(200)) - 1b83d917-1d73-4cac-8d1d-dc3b4981903d@group-7041D5508450->4736e737-07ca-4f6d-84d7-0ed6bd660367-GrpcLogAppender: appendEntries Timeout, request=1b83d917-1d73-4cac-8d1d-dc3b4981903d->4736e737-07ca-4f6d-84d7-0ed6bd660367#133-t6, previous=(t:6, i:20), leaderCommit=16, initializing? false, entries: <empty>
2019-09-19 12:11:05,412 [03555e6f-e7ac-4c8b-ad84-7222370bb52c@group-11E1763585E1-StateMachineUpdater] INFO  ratis.ContainerStateMachine (ContainerStateMachine.java:takeSnapshot(300)) - group-11E1763585E1: Finished taking a snapshot at:(t:1, i:26) file:/workdir/hadoop-ozone/integration-test/target/test-dir/MiniOzoneClusterImpl-41742b35-60e3-4bf6-81de-f25e83920b6f/datanode-1/data/ratis/aed8ff52-0610-457a-8f1b-11e1763585e1/sm/snapshot.1_26 time:12
2019-09-19 12:11:05,412 [03555e6f-e7ac-4c8b-ad84-7222370bb52c@group-11E1763585E1-StateMachineUpdater] INFO  impl.StateMachineUpdater (StateMachineUpdater.java:takeSnapshot(258)) - 03555e6f-e7ac-4c8b-ad84-7222370bb52c@group-11E1763585E1-StateMachineUpdater: Took a snapshot at index 26
2019-09-19 12:11:05,413 [03555e6f-e7ac-4c8b-ad84-7222370bb52c@group-11E1763585E1-StateMachineUpdater] INFO  impl.StateMachineUpdater (StateMachineUpdater.java:lambda$new$0(83)) - 03555e6f-e7ac-4c8b-ad84-7222370bb52c@group-11E1763585E1-StateMachineUpdater: snapshotIndex: updateIncreasingly 26 -> 26
2019-09-19 12:11:05,413 [main] INFO  impl.RaftServerImpl (ServerState.java:close(385)) - 03555e6f-e7ac-4c8b-ad84-7222370bb52c@group-11E1763585E1: closes. applyIndex: 28
2019-09-19 12:11:05,413 [03555e6f-e7ac-4c8b-ad84-7222370bb52c@group-11E1763585E1-SegmentedRaftLogWorker] INFO  segmented.SegmentedRaftLogWorker (SegmentedRaftLogWorker.java:run(313)) - 03555e6f-e7ac-4c8b-ad84-7222370bb52c@group-11E1763585E1-SegmentedRaftLogWorker was interrupted, exiting. There are 0 tasks remaining in the queue.
2019-09-19 12:11:05,416 [main] INFO  segmented.SegmentedRaftLogWorker (SegmentedRaftLogWorker.java:close(228)) - 03555e6f-e7ac-4c8b-ad84-7222370bb52c@group-11E1763585E1-SegmentedRaftLogWorker close()
2019-09-19 12:11:05,421 [main] INFO  server.GrpcService (GrpcService.java:closeImpl(164)) - 03555e6f-e7ac-4c8b-ad84-7222370bb52c: shutdown server with port 33098 now
2019-09-19 12:11:05,422 [grpc-default-executor-4] WARN  server.GrpcServerProtocolService (LogUtils.java:warn(134)) - 03555e6f-e7ac-4c8b-ad84-7222370bb52c: installSnapshot onError, lastRequest: 0536a24c-34e3-4c8a-9a31-895de5497f4a->03555e6f-e7ac-4c8b-ad84-7222370bb52c#164-t1, previous=(t:1, i:28), leaderCommit=28, initializing? false, entries: <empty>: org.apache.ratis.thirdparty.io.grpc.StatusRuntimeException: CANCELLED: cancelled before receiving half close
2019-09-19 12:11:05,424 [main] INFO  server.GrpcService (GrpcService.java:closeImpl(172)) - 03555e6f-e7ac-4c8b-ad84-7222370bb52c: shutdown server with port 33098 successfully
2019-09-19 12:11:05,425 [grpc-default-executor-9] WARN  server.GrpcLogAppender (LogUtils.java:warn(134)) - 0536a24c-34e3-4c8a-9a31-895de5497f4a@group-11E1763585E1->03555e6f-e7ac-4c8b-ad84-7222370bb52c-AppendLogResponseHandler: Failed appendEntries: org.apache.ratis.thirdparty.io.grpc.StatusRuntimeException: CANCELLED: HTTP/2 error code: CANCEL
Received Rst Stream
2019-09-19 12:11:05,429 [grpc-default-executor-9] INFO  impl.FollowerInfo (FollowerInfo.java:lambda$new$0(51)) - 0536a24c-34e3-4c8a-9a31-895de5497f4a@group-11E1763585E1->03555e6f-e7ac-4c8b-ad84-7222370bb52c: nextIndex: updateUnconditionally 29 -> 28
2019-09-19 12:11:05,432 [refreshUsed-/workdir/hadoop-ozone/integration-test/target/test-dir/MiniOzoneClusterImpl-41742b35-60e3-4bf6-81de-f25e83920b6f/datanode-1/data/containers] WARN  fs.CachingGetSpaceUsed (CachingGetSpaceUsed.java:run(183)) - Thread Interrupted waiting to refresh disk information: sleep interrupted
2019-09-19 12:11:05,455 [main] INFO  utils.BackgroundService (BackgroundService.java:shutdown(148)) - Shutting down service BlockDeletingService
2019-09-19 12:11:05,464 [main] INFO  statemachine.DatanodeStateMachine (DatanodeStateMachine.java:stopDaemon(395)) - Ozone container server stopped.
2019-09-19 12:11:05,477 [main] INFO  handler.ContextHandler (ContextHandler.java:doStop(910)) - Stopped o.e.j.w.WebAppContext@a451491{/,null,UNAVAILABLE}{/hddsDatanode}
2019-09-19 12:11:05,478 [main] INFO  server.AbstractConnector (AbstractConnector.java:doStop(318)) - Stopped ServerConnector@1422ac7f{HTTP/1.1,[http/1.1]}{0.0.0.0:0}
2019-09-19 12:11:05,478 [main] INFO  handler.ContextHandler (ContextHandler.java:doStop(910)) - Stopped o.e.j.s.ServletContextHandler@77774571{/static,jar:file:/home/user/.m2/repository/org/apache/hadoop/hadoop-hdds-container-service/0.5.0-SNAPSHOT/hadoop-hdds-container-service-0.5.0-SNAPSHOT.jar!/webapps/static,UNAVAILABLE}
2019-09-19 12:11:05,479 [main] INFO  handler.ContextHandler (ContextHandler.java:doStop(910)) - Stopped o.e.j.s.ServletContextHandler@1e7ab390{/logs,file:///workdir/hadoop-ozone/integration-test/target/log,UNAVAILABLE}
2019-09-19 12:11:05,521 [grpc-default-executor-2] WARN  server.GrpcLogAppender (LogUtils.java:warn(134)) - 0536a24c-34e3-4c8a-9a31-895de5497f4a@group-11E1763585E1->03555e6f-e7ac-4c8b-ad84-7222370bb52c-AppendLogResponseHandler: Failed appendEntries: org.apache.ratis.thirdparty.io.grpc.StatusRuntimeException: UNAVAILABLE: io exception
2019-09-19 12:11:05,521 [grpc-default-executor-8] WARN  server.GrpcLogAppender (LogUtils.java:warn(134)) - 0536a24c-34e3-4c8a-9a31-895de5497f4a@group-11E1763585E1->35717865-8144-46c5-963e-0895e96939ac-AppendLogResponseHandler: Failed appendEntries: org.apache.ratis.thirdparty.io.grpc.StatusRuntimeException: UNAVAILABLE: io exception
2019-09-19 12:11:05,521 [grpc-default-executor-2] INFO  impl.FollowerInfo (FollowerInfo.java:lambda$new$0(51)) - 0536a24c-34e3-4c8a-9a31-895de5497f4a@group-11E1763585E1->03555e6f-e7ac-4c8b-ad84-7222370bb52c: nextIndex: updateUnconditionally 29 -> 28
2019-09-19 12:11:05,522 [grpc-default-executor-8] INFO  impl.FollowerInfo (FollowerInfo.java:lambda$new$0(51)) - 0536a24c-34e3-4c8a-9a31-895de5497f4a@group-11E1763585E1->35717865-8144-46c5-963e-0895e96939ac: nextIndex: updateUnconditionally 1 -> 0
2019-09-19 12:11:05,585 [Thread-1408] INFO  client.GrpcClientProtocolService (GrpcClientProtocolService.java:lambda$processClientRequest$0(278)) - Failed RaftClientRequest:client-D287D123B867->0536a24c-34e3-4c8a-9a31-895de5497f4a@group-11E1763585E1, cid=60, seq=0, Watch-ALL_COMMITTED(19), Message:<EMPTY>, reply=RaftClientReply:client-D287D123B867->0536a24c-34e3-4c8a-9a31-895de5497f4a@group-11E1763585E1, cid=60, FAILED org.apache.ratis.protocol.NotReplicatedException: Request with call Id 60 and log index 19 is not yet replicated to ALL_COMMITTED, logIndex=19, commits[0536a24c-34e3-4c8a-9a31-895de5497f4a:c28, 35717865-8144-46c5-963e-0895e96939ac:c16, 03555e6f-e7ac-4c8b-ad84-7222370bb52c:c28]
2019-09-19 12:11:05,591 [grpc-default-executor-8] INFO  client.GrpcClientProtocolClient (GrpcClientProtocolClient.java:onNext(264)) - client-D287D123B867->0536a24c-34e3-4c8a-9a31-895de5497f4a: receive RaftClientReply:client-D287D123B867->0536a24c-34e3-4c8a-9a31-895de5497f4a@group-11E1763585E1, cid=60, FAILED org.apache.ratis.protocol.NotReplicatedException: Request with call Id 60 and log index 19 is not yet replicated to ALL_COMMITTED, logIndex=19, commits[0536a24c-34e3-4c8a-9a31-895de5497f4a:c28, 35717865-8144-46c5-963e-0895e96939ac:c16, 03555e6f-e7ac-4c8b-ad84-7222370bb52c:c28]
2019-09-19 12:11:05,648 [java.util.concurrent.ThreadPoolExecutor$Worker@5db7d907[State = -1, empty queue]] WARN  server.GrpcLogAppender (GrpcLogAppender.java:timeoutAppendRequest(200)) - a409f42d-bc3a-405f-bf07-8265a8a77aff@group-82AF4051E50B->9ff75243-8f90-489e-ad4c-fbb8c473db2a-GrpcLogAppender: appendEntries Timeout, request=a409f42d-bc3a-405f-bf07-8265a8a77aff->9ff75243-8f90-489e-ad4c-fbb8c473db2a#148-t1, previous=(t:1, i:17), leaderCommit=13, initializing? false, entries: <empty>
2019-09-19 12:11:05,652 [java.util.concurrent.ThreadPoolExecutor$Worker@3ef0e39a[State = -1, empty queue]] WARN  server.GrpcLogAppender (GrpcLogAppender.java:timeoutAppendRequest(200)) - a409f42d-bc3a-405f-bf07-8265a8a77aff@group-82AF4051E50B->587dad1b-1a08-4278-9ac1-e315232e0934-GrpcLogAppender: appendEntries Timeout, request=a409f42d-bc3a-405f-bf07-8265a8a77aff->587dad1b-1a08-4278-9ac1-e315232e0934#148-t1, previous=(t:1, i:17), leaderCommit=13, initializing? false, entries: <empty>
2019-09-19 12:11:05,904 [java.util.concurrent.ThreadPoolExecutor$Worker@4f8ba3d5[State = -1, empty queue]] WARN  server.GrpcLogAppender (GrpcLogAppender.java:timeoutAppendRequest(200)) - 1b83d917-1d73-4cac-8d1d-dc3b4981903d@group-7041D5508450->7c8a32d9-49ab-449b-8cc8-032a8828a8ac-GrpcLogAppender: appendEntries Timeout, request=1b83d917-1d73-4cac-8d1d-dc3b4981903d->7c8a32d9-49ab-449b-8cc8-032a8828a8ac#134-t6, previous=(t:6, i:20), leaderCommit=16, initializing? false, entries: <empty>
2019-09-19 12:11:05,905 [java.util.concurrent.ThreadPoolExecutor$Worker@5019c524[State = -1, empty queue]] WARN  server.GrpcLogAppender (GrpcLogAppender.java:timeoutAppendRequest(200)) - 1b83d917-1d73-4cac-8d1d-dc3b4981903d@group-7041D5508450->4736e737-07ca-4f6d-84d7-0ed6bd660367-GrpcLogAppender: appendEntries Timeout, request=1b83d917-1d73-4cac-8d1d-dc3b4981903d->4736e737-07ca-4f6d-84d7-0ed6bd660367#134-t6, previous=(t:6, i:20), leaderCommit=16, initializing? false, entries: <empty>
2019-09-19 12:11:06,022 [grpc-default-executor-8] WARN  server.GrpcLogAppender (LogUtils.java:warn(134)) - 0536a24c-34e3-4c8a-9a31-895de5497f4a@group-11E1763585E1->03555e6f-e7ac-4c8b-ad84-7222370bb52c-AppendLogResponseHandler: Failed appendEntries: org.apache.ratis.thirdparty.io.grpc.StatusRuntimeException: UNAVAILABLE: io exception
2019-09-19 12:11:06,022 [grpc-default-executor-9] WARN  server.GrpcLogAppender (LogUtils.java:warn(134)) - 0536a24c-34e3-4c8a-9a31-895de5497f4a@group-11E1763585E1->35717865-8144-46c5-963e-0895e96939ac-AppendLogResponseHandler: Failed appendEntries: org.apache.ratis.thirdparty.io.grpc.StatusRuntimeException: UNAVAILABLE: io exception
2019-09-19 12:11:06,023 [grpc-default-executor-8] INFO  impl.FollowerInfo (FollowerInfo.java:lambda$new$0(51)) - 0536a24c-34e3-4c8a-9a31-895de5497f4a@group-11E1763585E1->03555e6f-e7ac-4c8b-ad84-7222370bb52c: nextIndex: updateUnconditionally 28 -> 27
2019-09-19 12:11:06,023 [grpc-default-executor-9] INFO  impl.FollowerInfo (FollowerInfo.java:lambda$new$0(51)) - 0536a24c-34e3-4c8a-9a31-895de5497f4a@group-11E1763585E1->35717865-8144-46c5-963e-0895e96939ac: nextIndex: updateUnconditionally 0 -> 0
2019-09-19 12:11:06,126 [a409f42d-bc3a-405f-bf07-8265a8a77aff@group-82AF4051E50B-SegmentedRaftLogWorker] WARN  segmented.SegmentedRaftLogWorker (SegmentedRaftLogWorker.java:getFromFuture(90)) - Timeout 2/~
org.apache.ratis.protocol.TimeoutIOException: Timeout 10s: WriteLog:16: (t:1, i:16), STATEMACHINELOGENTRY, client-57877EF1F934, cid=54-writeStateMachineData
	at org.apache.ratis.util.IOUtils.getFromFuture(IOUtils.java:87)
	at org.apache.ratis.server.raftlog.segmented.SegmentedRaftLogWorker$StateMachineDataPolicy.getFromFuture(SegmentedRaftLogWorker.java:87)
	at org.apache.ratis.server.raftlog.segmented.SegmentedRaftLogWorker$WriteLog.execute(SegmentedRaftLogWorker.java:477)
	at org.apache.ratis.server.raftlog.segmented.SegmentedRaftLogWorker.run(SegmentedRaftLogWorker.java:289)
	at java.lang.Thread.run(Thread.java:748)
Caused by: java.util.concurrent.TimeoutException
	at java.util.concurrent.CompletableFuture.timedGet(CompletableFuture.java:1771)
	at java.util.concurrent.CompletableFuture.get(CompletableFuture.java:1915)
	at org.apache.ratis.util.IOUtils.getFromFuture(IOUtils.java:79)
	... 4 more
2019-09-19 12:11:06,149 [java.util.concurrent.ThreadPoolExecutor$Worker@5db7d907[State = -1, empty queue]] WARN  server.GrpcLogAppender (GrpcLogAppender.java:timeoutAppendRequest(200)) - a409f42d-bc3a-405f-bf07-8265a8a77aff@group-82AF4051E50B->9ff75243-8f90-489e-ad4c-fbb8c473db2a-GrpcLogAppender: appendEntries Timeout, request=a409f42d-bc3a-405f-bf07-8265a8a77aff->9ff75243-8f90-489e-ad4c-fbb8c473db2a#149-t1, previous=(t:1, i:17), leaderCommit=13, initializing? false, entries: <empty>
2019-09-19 12:11:06,149 [java.util.concurrent.ThreadPoolExecutor$Worker@3ef0e39a[State = -1, empty queue]] WARN  server.GrpcLogAppender (GrpcLogAppender.java:timeoutAppendRequest(200)) - a409f42d-bc3a-405f-bf07-8265a8a77aff@group-82AF4051E50B->587dad1b-1a08-4278-9ac1-e315232e0934-GrpcLogAppender: appendEntries Timeout, request=a409f42d-bc3a-405f-bf07-8265a8a77aff->587dad1b-1a08-4278-9ac1-e315232e0934#149-t1, previous=(t:1, i:17), leaderCommit=13, initializing? false, entries: <empty>
2019-09-19 12:11:06,405 [java.util.concurrent.ThreadPoolExecutor$Worker@4f8ba3d5[State = -1, empty queue]] WARN  server.GrpcLogAppender (GrpcLogAppender.java:timeoutAppendRequest(200)) - 1b83d917-1d73-4cac-8d1d-dc3b4981903d@group-7041D5508450->7c8a32d9-49ab-449b-8cc8-032a8828a8ac-GrpcLogAppender: appendEntries Timeout, request=1b83d917-1d73-4cac-8d1d-dc3b4981903d->7c8a32d9-49ab-449b-8cc8-032a8828a8ac#135-t6, previous=(t:6, i:20), leaderCommit=16, initializing? false, entries: <empty>
2019-09-19 12:11:06,405 [java.util.concurrent.ThreadPoolExecutor$Worker@5019c524[State = -1, empty queue]] WARN  server.GrpcLogAppender (GrpcLogAppender.java:timeoutAppendRequest(200)) - 1b83d917-1d73-4cac-8d1d-dc3b4981903d@group-7041D5508450->4736e737-07ca-4f6d-84d7-0ed6bd660367-GrpcLogAppender: appendEntries Timeout, request=1b83d917-1d73-4cac-8d1d-dc3b4981903d->4736e737-07ca-4f6d-84d7-0ed6bd660367#135-t6, previous=(t:6, i:20), leaderCommit=16, initializing? false, entries: <empty>
2019-09-19 12:11:06,523 [grpc-default-executor-1] WARN  server.GrpcLogAppender (LogUtils.java:warn(134)) - 0536a24c-34e3-4c8a-9a31-895de5497f4a@group-11E1763585E1->35717865-8144-46c5-963e-0895e96939ac-AppendLogResponseHandler: Failed appendEntries: org.apache.ratis.thirdparty.io.grpc.StatusRuntimeException: UNAVAILABLE: io exception
2019-09-19 12:11:06,523 [grpc-default-executor-10] WARN  server.GrpcLogAppender (LogUtils.java:warn(134)) - 0536a24c-34e3-4c8a-9a31-895de5497f4a@group-11E1763585E1->03555e6f-e7ac-4c8b-ad84-7222370bb52c-AppendLogResponseHandler: Failed appendEntries: org.apache.ratis.thirdparty.io.grpc.StatusRuntimeException: UNAVAILABLE: io exception
2019-09-19 12:11:06,524 [grpc-default-executor-1] INFO  impl.FollowerInfo (FollowerInfo.java:lambda$new$0(51)) - 0536a24c-34e3-4c8a-9a31-895de5497f4a@group-11E1763585E1->35717865-8144-46c5-963e-0895e96939ac: nextIndex: updateUnconditionally 0 -> 0
2019-09-19 12:11:06,524 [grpc-default-executor-10] INFO  impl.FollowerInfo (FollowerInfo.java:lambda$new$0(51)) - 0536a24c-34e3-4c8a-9a31-895de5497f4a@group-11E1763585E1->03555e6f-e7ac-4c8b-ad84-7222370bb52c: nextIndex: updateUnconditionally 27 -> 26
2019-09-19 12:11:06,649 [java.util.concurrent.ThreadPoolExecutor$Worker@3ef0e39a[State = -1, empty queue]] WARN  server.GrpcLogAppender (GrpcLogAppender.java:timeoutAppendRequest(200)) - a409f42d-bc3a-405f-bf07-8265a8a77aff@group-82AF4051E50B->587dad1b-1a08-4278-9ac1-e315232e0934-GrpcLogAppender: appendEntries Timeout, request=a409f42d-bc3a-405f-bf07-8265a8a77aff->587dad1b-1a08-4278-9ac1-e315232e0934#150-t1, previous=(t:1, i:17), leaderCommit=13, initializing? false, entries: <empty>
2019-09-19 12:11:06,649 [java.util.concurrent.ThreadPoolExecutor$Worker@5db7d907[State = -1, empty queue]] WARN  server.GrpcLogAppender (GrpcLogAppender.java:timeoutAppendRequest(200)) - a409f42d-bc3a-405f-bf07-8265a8a77aff@group-82AF4051E50B->9ff75243-8f90-489e-ad4c-fbb8c473db2a-GrpcLogAppender: appendEntries Timeout, request=a409f42d-bc3a-405f-bf07-8265a8a77aff->9ff75243-8f90-489e-ad4c-fbb8c473db2a#150-t1, previous=(t:1, i:17), leaderCommit=13, initializing? false, entries: <empty>
2019-09-19 12:11:06,905 [java.util.concurrent.ThreadPoolExecutor$Worker@4f8ba3d5[State = -1, empty queue]] WARN  server.GrpcLogAppender (GrpcLogAppender.java:timeoutAppendRequest(200)) - 1b83d917-1d73-4cac-8d1d-dc3b4981903d@group-7041D5508450->7c8a32d9-49ab-449b-8cc8-032a8828a8ac-GrpcLogAppender: appendEntries Timeout, request=1b83d917-1d73-4cac-8d1d-dc3b4981903d->7c8a32d9-49ab-449b-8cc8-032a8828a8ac#136-t6, previous=(t:6, i:20), leaderCommit=16, initializing? false, entries: <empty>
2019-09-19 12:11:06,905 [java.util.concurrent.ThreadPoolExecutor$Worker@5019c524[State = -1, empty queue]] WARN  server.GrpcLogAppender (GrpcLogAppender.java:timeoutAppendRequest(200)) - 1b83d917-1d73-4cac-8d1d-dc3b4981903d@group-7041D5508450->4736e737-07ca-4f6d-84d7-0ed6bd660367-GrpcLogAppender: appendEntries Timeout, request=1b83d917-1d73-4cac-8d1d-dc3b4981903d->4736e737-07ca-4f6d-84d7-0ed6bd660367#136-t6, previous=(t:6, i:20), leaderCommit=16, initializing? false, entries: <empty>
2019-09-19 12:11:07,024 [grpc-default-executor-4] WARN  server.GrpcLogAppender (LogUtils.java:warn(134)) - 0536a24c-34e3-4c8a-9a31-895de5497f4a@group-11E1763585E1->03555e6f-e7ac-4c8b-ad84-7222370bb52c-AppendLogResponseHandler: Failed appendEntries: org.apache.ratis.thirdparty.io.grpc.StatusRuntimeException: UNAVAILABLE: io exception
2019-09-19 12:11:07,024 [grpc-default-executor-10] WARN  server.GrpcLogAppender (LogUtils.java:warn(134)) - 0536a24c-34e3-4c8a-9a31-895de5497f4a@group-11E1763585E1->35717865-8144-46c5-963e-0895e96939ac-AppendLogResponseHandler: Failed appendEntries: org.apache.ratis.thirdparty.io.grpc.StatusRuntimeException: UNAVAILABLE: io exception
2019-09-19 12:11:07,024 [grpc-default-executor-4] INFO  impl.FollowerInfo (FollowerInfo.java:lambda$new$0(51)) - 0536a24c-34e3-4c8a-9a31-895de5497f4a@group-11E1763585E1->03555e6f-e7ac-4c8b-ad84-7222370bb52c: nextIndex: updateUnconditionally 26 -> 25
2019-09-19 12:11:07,025 [grpc-default-executor-10] INFO  impl.FollowerInfo (FollowerInfo.java:lambda$new$0(51)) - 0536a24c-34e3-4c8a-9a31-895de5497f4a@group-11E1763585E1->35717865-8144-46c5-963e-0895e96939ac: nextIndex: updateUnconditionally 0 -> 0
2019-09-19 12:11:07,150 [java.util.concurrent.ThreadPoolExecutor$Worker@3ef0e39a[State = -1, empty queue]] WARN  server.GrpcLogAppender (GrpcLogAppender.java:timeoutAppendRequest(200)) - a409f42d-bc3a-405f-bf07-8265a8a77aff@group-82AF4051E50B->587dad1b-1a08-4278-9ac1-e315232e0934-GrpcLogAppender: appendEntries Timeout, request=a409f42d-bc3a-405f-bf07-8265a8a77aff->587dad1b-1a08-4278-9ac1-e315232e0934#151-t1, previous=(t:1, i:17), leaderCommit=13, initializing? false, entries: <empty>
2019-09-19 12:11:07,150 [java.util.concurrent.ThreadPoolExecutor$Worker@5db7d907[State = -1, empty queue]] WARN  server.GrpcLogAppender (GrpcLogAppender.java:timeoutAppendRequest(200)) - a409f42d-bc3a-405f-bf07-8265a8a77aff@group-82AF4051E50B->9ff75243-8f90-489e-ad4c-fbb8c473db2a-GrpcLogAppender: appendEntries Timeout, request=a409f42d-bc3a-405f-bf07-8265a8a77aff->9ff75243-8f90-489e-ad4c-fbb8c473db2a#151-t1, previous=(t:1, i:17), leaderCommit=13, initializing? false, entries: <empty>
2019-09-19 12:11:07,405 [java.util.concurrent.ThreadPoolExecutor$Worker@4f8ba3d5[State = -1, empty queue]] WARN  server.GrpcLogAppender (GrpcLogAppender.java:timeoutAppendRequest(200)) - 1b83d917-1d73-4cac-8d1d-dc3b4981903d@group-7041D5508450->7c8a32d9-49ab-449b-8cc8-032a8828a8ac-GrpcLogAppender: appendEntries Timeout, request=1b83d917-1d73-4cac-8d1d-dc3b4981903d->7c8a32d9-49ab-449b-8cc8-032a8828a8ac#137-t6, previous=(t:6, i:20), leaderCommit=16, initializing? false, entries: <empty>
2019-09-19 12:11:07,405 [java.util.concurrent.ThreadPoolExecutor$Worker@5019c524[State = -1, empty queue]] WARN  server.GrpcLogAppender (GrpcLogAppender.java:timeoutAppendRequest(200)) - 1b83d917-1d73-4cac-8d1d-dc3b4981903d@group-7041D5508450->4736e737-07ca-4f6d-84d7-0ed6bd660367-GrpcLogAppender: appendEntries Timeout, request=1b83d917-1d73-4cac-8d1d-dc3b4981903d->4736e737-07ca-4f6d-84d7-0ed6bd660367#137-t6, previous=(t:6, i:20), leaderCommit=16, initializing? false, entries: <empty>
2019-09-19 12:11:07,526 [grpc-default-executor-9] WARN  server.GrpcLogAppender (LogUtils.java:warn(134)) - 0536a24c-34e3-4c8a-9a31-895de5497f4a@group-11E1763585E1->35717865-8144-46c5-963e-0895e96939ac-AppendLogResponseHandler: Failed appendEntries: org.apache.ratis.thirdparty.io.grpc.StatusRuntimeException: UNAVAILABLE: io exception
2019-09-19 12:11:07,526 [grpc-default-executor-8] WARN  server.GrpcLogAppender (LogUtils.java:warn(134)) - 0536a24c-34e3-4c8a-9a31-895de5497f4a@group-11E1763585E1->03555e6f-e7ac-4c8b-ad84-7222370bb52c-AppendLogResponseHandler: Failed appendEntries: org.apache.ratis.thirdparty.io.grpc.StatusRuntimeException: UNAVAILABLE: io exception
2019-09-19 12:11:07,526 [grpc-default-executor-9] INFO  impl.FollowerInfo (FollowerInfo.java:lambda$new$0(51)) - 0536a24c-34e3-4c8a-9a31-895de5497f4a@group-11E1763585E1->35717865-8144-46c5-963e-0895e96939ac: nextIndex: updateUnconditionally 0 -> 0
2019-09-19 12:11:07,527 [grpc-default-executor-8] INFO  impl.FollowerInfo (FollowerInfo.java:lambda$new$0(51)) - 0536a24c-34e3-4c8a-9a31-895de5497f4a@group-11E1763585E1->03555e6f-e7ac-4c8b-ad84-7222370bb52c: nextIndex: updateUnconditionally 25 -> 24
2019-09-19 12:11:07,650 [java.util.concurrent.ThreadPoolExecutor$Worker@3ef0e39a[State = -1, empty queue]] WARN  server.GrpcLogAppender (GrpcLogAppender.java:timeoutAppendRequest(200)) - a409f42d-bc3a-405f-bf07-8265a8a77aff@group-82AF4051E50B->587dad1b-1a08-4278-9ac1-e315232e0934-GrpcLogAppender: appendEntries Timeout, request=a409f42d-bc3a-405f-bf07-8265a8a77aff->587dad1b-1a08-4278-9ac1-e315232e0934#152-t1, previous=(t:1, i:17), leaderCommit=13, initializing? false, entries: <empty>
2019-09-19 12:11:07,650 [java.util.concurrent.ThreadPoolExecutor$Worker@5db7d907[State = -1, empty queue]] WARN  server.GrpcLogAppender (GrpcLogAppender.java:timeoutAppendRequest(200)) - a409f42d-bc3a-405f-bf07-8265a8a77aff@group-82AF4051E50B->9ff75243-8f90-489e-ad4c-fbb8c473db2a-GrpcLogAppender: appendEntries Timeout, request=a409f42d-bc3a-405f-bf07-8265a8a77aff->9ff75243-8f90-489e-ad4c-fbb8c473db2a#152-t1, previous=(t:1, i:17), leaderCommit=13, initializing? false, entries: <empty>
2019-09-19 12:11:07,905 [java.util.concurrent.ThreadPoolExecutor$Worker@4f8ba3d5[State = -1, empty queue]] WARN  server.GrpcLogAppender (GrpcLogAppender.java:timeoutAppendRequest(200)) - 1b83d917-1d73-4cac-8d1d-dc3b4981903d@group-7041D5508450->7c8a32d9-49ab-449b-8cc8-032a8828a8ac-GrpcLogAppender: appendEntries Timeout, request=1b83d917-1d73-4cac-8d1d-dc3b4981903d->7c8a32d9-49ab-449b-8cc8-032a8828a8ac#138-t6, previous=(t:6, i:20), leaderCommit=16, initializing? false, entries: <empty>
2019-09-19 12:11:07,905 [java.util.concurrent.ThreadPoolExecutor$Worker@5019c524[State = -1, empty queue]] WARN  server.GrpcLogAppender (GrpcLogAppender.java:timeoutAppendRequest(200)) - 1b83d917-1d73-4cac-8d1d-dc3b4981903d@group-7041D5508450->4736e737-07ca-4f6d-84d7-0ed6bd660367-GrpcLogAppender: appendEntries Timeout, request=1b83d917-1d73-4cac-8d1d-dc3b4981903d->4736e737-07ca-4f6d-84d7-0ed6bd660367#138-t6, previous=(t:6, i:20), leaderCommit=16, initializing? false, entries: <empty>
2019-09-19 12:11:08,027 [grpc-default-executor-9] WARN  server.GrpcLogAppender (LogUtils.java:warn(134)) - 0536a24c-34e3-4c8a-9a31-895de5497f4a@group-11E1763585E1->03555e6f-e7ac-4c8b-ad84-7222370bb52c-AppendLogResponseHandler: Failed appendEntries: org.apache.ratis.thirdparty.io.grpc.StatusRuntimeException: UNAVAILABLE: io exception
2019-09-19 12:11:08,027 [grpc-default-executor-2] WARN  server.GrpcLogAppender (LogUtils.java:warn(134)) - 0536a24c-34e3-4c8a-9a31-895de5497f4a@group-11E1763585E1->35717865-8144-46c5-963e-0895e96939ac-AppendLogResponseHandler: Failed appendEntries: org.apache.ratis.thirdparty.io.grpc.StatusRuntimeException: UNAVAILABLE: io exception
2019-09-19 12:11:08,028 [grpc-default-executor-9] INFO  impl.FollowerInfo (FollowerInfo.java:lambda$new$0(51)) - 0536a24c-34e3-4c8a-9a31-895de5497f4a@group-11E1763585E1->03555e6f-e7ac-4c8b-ad84-7222370bb52c: nextIndex: updateUnconditionally 24 -> 23
2019-09-19 12:11:08,028 [grpc-default-executor-2] INFO  impl.FollowerInfo (FollowerInfo.java:lambda$new$0(51)) - 0536a24c-34e3-4c8a-9a31-895de5497f4a@group-11E1763585E1->35717865-8144-46c5-963e-0895e96939ac: nextIndex: updateUnconditionally 0 -> 0
2019-09-19 12:11:08,150 [java.util.concurrent.ThreadPoolExecutor$Worker@3ef0e39a[State = -1, empty queue]] WARN  server.GrpcLogAppender (GrpcLogAppender.java:timeoutAppendRequest(200)) - a409f42d-bc3a-405f-bf07-8265a8a77aff@group-82AF4051E50B->587dad1b-1a08-4278-9ac1-e315232e0934-GrpcLogAppender: appendEntries Timeout, request=a409f42d-bc3a-405f-bf07-8265a8a77aff->587dad1b-1a08-4278-9ac1-e315232e0934#153-t1, previous=(t:1, i:17), leaderCommit=13, initializing? false, entries: <empty>
2019-09-19 12:11:08,150 [java.util.concurrent.ThreadPoolExecutor$Worker@5db7d907[State = -1, empty queue]] WARN  server.GrpcLogAppender (GrpcLogAppender.java:timeoutAppendRequest(200)) - a409f42d-bc3a-405f-bf07-8265a8a77aff@group-82AF4051E50B->9ff75243-8f90-489e-ad4c-fbb8c473db2a-GrpcLogAppender: appendEntries Timeout, request=a409f42d-bc3a-405f-bf07-8265a8a77aff->9ff75243-8f90-489e-ad4c-fbb8c473db2a#153-t1, previous=(t:1, i:17), leaderCommit=13, initializing? false, entries: <empty>
2019-09-19 12:11:08,330 [4736e737-07ca-4f6d-84d7-0ed6bd660367@group-7041D5508450-SegmentedRaftLogWorker] WARN  segmented.SegmentedRaftLogWorker (SegmentedRaftLogWorker.java:getFromFuture(90)) - Timeout 5/~
org.apache.ratis.protocol.TimeoutIOException: Timeout 10s: WriteLog:17: (t:6, i:17), STATEMACHINELOGENTRY, client-F1DE9C258D1C, cid=38-writeStateMachineData
	at org.apache.ratis.util.IOUtils.getFromFuture(IOUtils.java:87)
	at org.apache.ratis.server.raftlog.segmented.SegmentedRaftLogWorker$StateMachineDataPolicy.getFromFuture(SegmentedRaftLogWorker.java:87)
	at org.apache.ratis.server.raftlog.segmented.SegmentedRaftLogWorker$WriteLog.execute(SegmentedRaftLogWorker.java:477)
	at org.apache.ratis.server.raftlog.segmented.SegmentedRaftLogWorker.run(SegmentedRaftLogWorker.java:289)
	at java.lang.Thread.run(Thread.java:748)
Caused by: java.util.concurrent.TimeoutException
	at java.util.concurrent.CompletableFuture.timedGet(CompletableFuture.java:1771)
	at java.util.concurrent.CompletableFuture.get(CompletableFuture.java:1915)
	at org.apache.ratis.util.IOUtils.getFromFuture(IOUtils.java:79)
	... 4 more
2019-09-19 12:11:08,339 [7c8a32d9-49ab-449b-8cc8-032a8828a8ac@group-7041D5508450-SegmentedRaftLogWorker] WARN  segmented.SegmentedRaftLogWorker (SegmentedRaftLogWorker.java:getFromFuture(90)) - Timeout 5/~
org.apache.ratis.protocol.TimeoutIOException: Timeout 10s: WriteLog:17: (t:6, i:17), STATEMACHINELOGENTRY, client-F1DE9C258D1C, cid=38-writeStateMachineData
	at org.apache.ratis.util.IOUtils.getFromFuture(IOUtils.java:87)
	at org.apache.ratis.server.raftlog.segmented.SegmentedRaftLogWorker$StateMachineDataPolicy.getFromFuture(SegmentedRaftLogWorker.java:87)
	at org.apache.ratis.server.raftlog.segmented.SegmentedRaftLogWorker$WriteLog.execute(SegmentedRaftLogWorker.java:477)
	at org.apache.ratis.server.raftlog.segmented.SegmentedRaftLogWorker.run(SegmentedRaftLogWorker.java:289)
	at java.lang.Thread.run(Thread.java:748)
Caused by: java.util.concurrent.TimeoutException
	at java.util.concurrent.CompletableFuture.timedGet(CompletableFuture.java:1771)
	at java.util.concurrent.CompletableFuture.get(CompletableFuture.java:1915)
	at org.apache.ratis.util.IOUtils.getFromFuture(IOUtils.java:79)
	... 4 more
2019-09-19 12:11:08,406 [java.util.concurrent.ThreadPoolExecutor$Worker@4f8ba3d5[State = -1, empty queue]] WARN  server.GrpcLogAppender (GrpcLogAppender.java:timeoutAppendRequest(200)) - 1b83d917-1d73-4cac-8d1d-dc3b4981903d@group-7041D5508450->7c8a32d9-49ab-449b-8cc8-032a8828a8ac-GrpcLogAppender: appendEntries Timeout, request=1b83d917-1d73-4cac-8d1d-dc3b4981903d->7c8a32d9-49ab-449b-8cc8-032a8828a8ac#139-t6, previous=(t:6, i:20), leaderCommit=16, initializing? false, entries: <empty>
2019-09-19 12:11:08,406 [java.util.concurrent.ThreadPoolExecutor$Worker@5019c524[State = -1, empty queue]] WARN  server.GrpcLogAppender (GrpcLogAppender.java:timeoutAppendRequest(200)) - 1b83d917-1d73-4cac-8d1d-dc3b4981903d@group-7041D5508450->4736e737-07ca-4f6d-84d7-0ed6bd660367-GrpcLogAppender: appendEntries Timeout, request=1b83d917-1d73-4cac-8d1d-dc3b4981903d->4736e737-07ca-4f6d-84d7-0ed6bd660367#139-t6, previous=(t:6, i:20), leaderCommit=16, initializing? false, entries: <empty>
2019-09-19 12:11:08,532 [grpc-default-executor-9] WARN  server.GrpcLogAppender (LogUtils.java:warn(134)) - 0536a24c-34e3-4c8a-9a31-895de5497f4a@group-11E1763585E1->03555e6f-e7ac-4c8b-ad84-7222370bb52c-AppendLogResponseHandler: Failed appendEntries: org.apache.ratis.thirdparty.io.grpc.StatusRuntimeException: UNAVAILABLE: io exception
2019-09-19 12:11:08,532 [grpc-default-executor-8] WARN  server.GrpcLogAppender (LogUtils.java:warn(134)) - 0536a24c-34e3-4c8a-9a31-895de5497f4a@group-11E1763585E1->35717865-8144-46c5-963e-0895e96939ac-AppendLogResponseHandler: Failed appendEntries: org.apache.ratis.thirdparty.io.grpc.StatusRuntimeException: UNAVAILABLE: io exception
2019-09-19 12:11:08,533 [grpc-default-executor-9] INFO  impl.FollowerInfo (FollowerInfo.java:lambda$new$0(51)) - 0536a24c-34e3-4c8a-9a31-895de5497f4a@group-11E1763585E1->03555e6f-e7ac-4c8b-ad84-7222370bb52c: nextIndex: updateUnconditionally 23 -> 22
2019-09-19 12:11:08,533 [grpc-default-executor-8] INFO  impl.FollowerInfo (FollowerInfo.java:lambda$new$0(51)) - 0536a24c-34e3-4c8a-9a31-895de5497f4a@group-11E1763585E1->35717865-8144-46c5-963e-0895e96939ac: nextIndex: updateUnconditionally 0 -> 0
2019-09-19 12:11:08,653 [java.util.concurrent.ThreadPoolExecutor$Worker@3ef0e39a[State = -1, empty queue]] WARN  server.GrpcLogAppender (GrpcLogAppender.java:timeoutAppendRequest(200)) - a409f42d-bc3a-405f-bf07-8265a8a77aff@group-82AF4051E50B->587dad1b-1a08-4278-9ac1-e315232e0934-GrpcLogAppender: appendEntries Timeout, request=a409f42d-bc3a-405f-bf07-8265a8a77aff->587dad1b-1a08-4278-9ac1-e315232e0934#154-t1, previous=(t:1, i:17), leaderCommit=13, initializing? false, entries: <empty>
2019-09-19 12:11:08,653 [java.util.concurrent.ThreadPoolExecutor$Worker@5db7d907[State = -1, empty queue]] WARN  server.GrpcLogAppender (GrpcLogAppender.java:timeoutAppendRequest(200)) - a409f42d-bc3a-405f-bf07-8265a8a77aff@group-82AF4051E50B->9ff75243-8f90-489e-ad4c-fbb8c473db2a-GrpcLogAppender: appendEntries Timeout, request=a409f42d-bc3a-405f-bf07-8265a8a77aff->9ff75243-8f90-489e-ad4c-fbb8c473db2a#154-t1, previous=(t:1, i:17), leaderCommit=13, initializing? false, entries: <empty>
2019-09-19 12:11:08,906 [java.util.concurrent.ThreadPoolExecutor$Worker@5019c524[State = -1, empty queue]] WARN  server.GrpcLogAppender (GrpcLogAppender.java:timeoutAppendRequest(200)) - 1b83d917-1d73-4cac-8d1d-dc3b4981903d@group-7041D5508450->4736e737-07ca-4f6d-84d7-0ed6bd660367-GrpcLogAppender: appendEntries Timeout, request=1b83d917-1d73-4cac-8d1d-dc3b4981903d->4736e737-07ca-4f6d-84d7-0ed6bd660367#140-t6, previous=(t:6, i:20), leaderCommit=16, initializing? false, entries: <empty>
2019-09-19 12:11:08,906 [java.util.concurrent.ThreadPoolExecutor$Worker@4f8ba3d5[State = -1, empty queue]] WARN  server.GrpcLogAppender (GrpcLogAppender.java:timeoutAppendRequest(200)) - 1b83d917-1d73-4cac-8d1d-dc3b4981903d@group-7041D5508450->7c8a32d9-49ab-449b-8cc8-032a8828a8ac-GrpcLogAppender: appendEntries Timeout, request=1b83d917-1d73-4cac-8d1d-dc3b4981903d->7c8a32d9-49ab-449b-8cc8-032a8828a8ac#140-t6, previous=(t:6, i:20), leaderCommit=16, initializing? false, entries: <empty>
2019-09-19 12:11:09,034 [grpc-default-executor-9] WARN  server.GrpcLogAppender (LogUtils.java:warn(134)) - 0536a24c-34e3-4c8a-9a31-895de5497f4a@group-11E1763585E1->35717865-8144-46c5-963e-0895e96939ac-AppendLogResponseHandler: Failed appendEntries: org.apache.ratis.thirdparty.io.grpc.StatusRuntimeException: UNAVAILABLE: io exception
2019-09-19 12:11:09,034 [grpc-default-executor-4] WARN  server.GrpcLogAppender (LogUtils.java:warn(134)) - 0536a24c-34e3-4c8a-9a31-895de5497f4a@group-11E1763585E1->03555e6f-e7ac-4c8b-ad84-7222370bb52c-AppendLogResponseHandler: Failed appendEntries: org.apache.ratis.thirdparty.io.grpc.StatusRuntimeException: UNAVAILABLE: io exception
2019-09-19 12:11:09,034 [grpc-default-executor-9] INFO  impl.FollowerInfo (FollowerInfo.java:lambda$new$0(51)) - 0536a24c-34e3-4c8a-9a31-895de5497f4a@group-11E1763585E1->35717865-8144-46c5-963e-0895e96939ac: nextIndex: updateUnconditionally 0 -> 0
2019-09-19 12:11:09,035 [grpc-default-executor-4] INFO  impl.FollowerInfo (FollowerInfo.java:lambda$new$0(51)) - 0536a24c-34e3-4c8a-9a31-895de5497f4a@group-11E1763585E1->03555e6f-e7ac-4c8b-ad84-7222370bb52c: nextIndex: updateUnconditionally 22 -> 21
2019-09-19 12:11:09,153 [java.util.concurrent.ThreadPoolExecutor$Worker@5db7d907[State = -1, empty queue]] WARN  server.GrpcLogAppender (GrpcLogAppender.java:timeoutAppendRequest(200)) - a409f42d-bc3a-405f-bf07-8265a8a77aff@group-82AF4051E50B->9ff75243-8f90-489e-ad4c-fbb8c473db2a-GrpcLogAppender: appendEntries Timeout, request=a409f42d-bc3a-405f-bf07-8265a8a77aff->9ff75243-8f90-489e-ad4c-fbb8c473db2a#155-t1, previous=(t:1, i:17), leaderCommit=13, initializing? false, entries: <empty>
2019-09-19 12:11:09,153 [java.util.concurrent.ThreadPoolExecutor$Worker@3ef0e39a[State = -1, empty queue]] WARN  server.GrpcLogAppender (GrpcLogAppender.java:timeoutAppendRequest(200)) - a409f42d-bc3a-405f-bf07-8265a8a77aff@group-82AF4051E50B->587dad1b-1a08-4278-9ac1-e315232e0934-GrpcLogAppender: appendEntries Timeout, request=a409f42d-bc3a-405f-bf07-8265a8a77aff->587dad1b-1a08-4278-9ac1-e315232e0934#155-t1, previous=(t:1, i:17), leaderCommit=13, initializing? false, entries: <empty>
2019-09-19 12:11:09,371 [1b83d917-1d73-4cac-8d1d-dc3b4981903d@group-7041D5508450-SegmentedRaftLogWorker] WARN  segmented.SegmentedRaftLogWorker (SegmentedRaftLogWorker.java:getFromFuture(90)) - Timeout 5/~
org.apache.ratis.protocol.TimeoutIOException: Timeout 10s: WriteLog:19: (t:6, i:19), STATEMACHINELOGENTRY, client-F1DE9C258D1C, cid=40-writeStateMachineData
	at org.apache.ratis.util.IOUtils.getFromFuture(IOUtils.java:87)
	at org.apache.ratis.server.raftlog.segmented.SegmentedRaftLogWorker$StateMachineDataPolicy.getFromFuture(SegmentedRaftLogWorker.java:87)
	at org.apache.ratis.server.raftlog.segmented.SegmentedRaftLogWorker$WriteLog.execute(SegmentedRaftLogWorker.java:477)
	at org.apache.ratis.server.raftlog.segmented.SegmentedRaftLogWorker.run(SegmentedRaftLogWorker.java:289)
	at java.lang.Thread.run(Thread.java:748)
Caused by: java.util.concurrent.TimeoutException
	at java.util.concurrent.CompletableFuture.timedGet(CompletableFuture.java:1771)
	at java.util.concurrent.CompletableFuture.get(CompletableFuture.java:1915)
	at org.apache.ratis.util.IOUtils.getFromFuture(IOUtils.java:79)
	... 4 more
2019-09-19 12:11:09,406 [java.util.concurrent.ThreadPoolExecutor$Worker@5019c524[State = -1, empty queue]] WARN  server.GrpcLogAppender (GrpcLogAppender.java:timeoutAppendRequest(200)) - 1b83d917-1d73-4cac-8d1d-dc3b4981903d@group-7041D5508450->4736e737-07ca-4f6d-84d7-0ed6bd660367-GrpcLogAppender: appendEntries Timeout, request=1b83d917-1d73-4cac-8d1d-dc3b4981903d->4736e737-07ca-4f6d-84d7-0ed6bd660367#141-t6, previous=(t:6, i:20), leaderCommit=16, initializing? false, entries: <empty>
2019-09-19 12:11:09,406 [java.util.concurrent.ThreadPoolExecutor$Worker@4f8ba3d5[State = -1, empty queue]] WARN  server.GrpcLogAppender (GrpcLogAppender.java:timeoutAppendRequest(200)) - 1b83d917-1d73-4cac-8d1d-dc3b4981903d@group-7041D5508450->7c8a32d9-49ab-449b-8cc8-032a8828a8ac-GrpcLogAppender: appendEntries Timeout, request=1b83d917-1d73-4cac-8d1d-dc3b4981903d->7c8a32d9-49ab-449b-8cc8-032a8828a8ac#141-t6, previous=(t:6, i:20), leaderCommit=16, initializing? false, entries: <empty>
2019-09-19 12:11:09,537 [grpc-default-executor-9] WARN  server.GrpcLogAppender (LogUtils.java:warn(134)) - 0536a24c-34e3-4c8a-9a31-895de5497f4a@group-11E1763585E1->35717865-8144-46c5-963e-0895e96939ac-AppendLogResponseHandler: Failed appendEntries: org.apache.ratis.thirdparty.io.grpc.StatusRuntimeException: UNAVAILABLE: io exception
2019-09-19 12:11:09,537 [grpc-default-executor-2] WARN  server.GrpcLogAppender (LogUtils.java:warn(134)) - 0536a24c-34e3-4c8a-9a31-895de5497f4a@group-11E1763585E1->03555e6f-e7ac-4c8b-ad84-7222370bb52c-AppendLogResponseHandler: Failed appendEntries: org.apache.ratis.thirdparty.io.grpc.StatusRuntimeException: UNAVAILABLE: io exception
2019-09-19 12:11:09,537 [grpc-default-executor-9] INFO  impl.FollowerInfo (FollowerInfo.java:lambda$new$0(51)) - 0536a24c-34e3-4c8a-9a31-895de5497f4a@group-11E1763585E1->35717865-8144-46c5-963e-0895e96939ac: nextIndex: updateUnconditionally 0 -> 0
2019-09-19 12:11:09,538 [grpc-default-executor-2] INFO  impl.FollowerInfo (FollowerInfo.java:lambda$new$0(51)) - 0536a24c-34e3-4c8a-9a31-895de5497f4a@group-11E1763585E1->03555e6f-e7ac-4c8b-ad84-7222370bb52c: nextIndex: updateUnconditionally 21 -> 20
2019-09-19 12:11:09,586 [Thread-1442] INFO  client.GrpcClientProtocolService (GrpcClientProtocolService.java:lambda$processClientRequest$0(278)) - Failed RaftClientRequest:client-D287D123B867->0536a24c-34e3-4c8a-9a31-895de5497f4a@group-11E1763585E1, cid=60, seq=0, Watch-ALL_COMMITTED(19), Message:<EMPTY>, reply=RaftClientReply:client-D287D123B867->0536a24c-34e3-4c8a-9a31-895de5497f4a@group-11E1763585E1, cid=60, FAILED org.apache.ratis.protocol.NotReplicatedException: Request with call Id 60 and log index 19 is not yet replicated to ALL_COMMITTED, logIndex=19, commits[0536a24c-34e3-4c8a-9a31-895de5497f4a:c28, 35717865-8144-46c5-963e-0895e96939ac:c16, 03555e6f-e7ac-4c8b-ad84-7222370bb52c:c28]
2019-09-19 12:11:09,653 [java.util.concurrent.ThreadPoolExecutor$Worker@3ef0e39a[State = -1, empty queue]] WARN  server.GrpcLogAppender (GrpcLogAppender.java:timeoutAppendRequest(200)) - a409f42d-bc3a-405f-bf07-8265a8a77aff@group-82AF4051E50B->587dad1b-1a08-4278-9ac1-e315232e0934-GrpcLogAppender: appendEntries Timeout, request=a409f42d-bc3a-405f-bf07-8265a8a77aff->587dad1b-1a08-4278-9ac1-e315232e0934#156-t1, previous=(t:1, i:17), leaderCommit=13, initializing? false, entries: <empty>
2019-09-19 12:11:09,653 [java.util.concurrent.ThreadPoolExecutor$Worker@5db7d907[State = -1, empty queue]] WARN  server.GrpcLogAppender (GrpcLogAppender.java:timeoutAppendRequest(200)) - a409f42d-bc3a-405f-bf07-8265a8a77aff@group-82AF4051E50B->9ff75243-8f90-489e-ad4c-fbb8c473db2a-GrpcLogAppender: appendEntries Timeout, request=a409f42d-bc3a-405f-bf07-8265a8a77aff->9ff75243-8f90-489e-ad4c-fbb8c473db2a#156-t1, previous=(t:1, i:17), leaderCommit=13, initializing? false, entries: <empty>
2019-09-19 12:11:09,906 [java.util.concurrent.ThreadPoolExecutor$Worker@5019c524[State = -1, empty queue]] WARN  server.GrpcLogAppender (GrpcLogAppender.java:timeoutAppendRequest(200)) - 1b83d917-1d73-4cac-8d1d-dc3b4981903d@group-7041D5508450->4736e737-07ca-4f6d-84d7-0ed6bd660367-GrpcLogAppender: appendEntries Timeout, request=1b83d917-1d73-4cac-8d1d-dc3b4981903d->4736e737-07ca-4f6d-84d7-0ed6bd660367#142-t6, previous=(t:6, i:20), leaderCommit=16, initializing? false, entries: <empty>
2019-09-19 12:11:09,906 [java.util.concurrent.ThreadPoolExecutor$Worker@4f8ba3d5[State = -1, empty queue]] WARN  server.GrpcLogAppender (GrpcLogAppender.java:timeoutAppendRequest(200)) - 1b83d917-1d73-4cac-8d1d-dc3b4981903d@group-7041D5508450->7c8a32d9-49ab-449b-8cc8-032a8828a8ac-GrpcLogAppender: appendEntries Timeout, request=1b83d917-1d73-4cac-8d1d-dc3b4981903d->7c8a32d9-49ab-449b-8cc8-032a8828a8ac#142-t6, previous=(t:6, i:20), leaderCommit=16, initializing? false, entries: <empty>
2019-09-19 12:11:10,039 [grpc-default-executor-1] WARN  server.GrpcLogAppender (LogUtils.java:warn(134)) - 0536a24c-34e3-4c8a-9a31-895de5497f4a@group-11E1763585E1->03555e6f-e7ac-4c8b-ad84-7222370bb52c-AppendLogResponseHandler: Failed appendEntries: org.apache.ratis.thirdparty.io.grpc.StatusRuntimeException: UNAVAILABLE: io exception
2019-09-19 12:11:10,039 [grpc-default-executor-10] WARN  server.GrpcLogAppender (LogUtils.java:warn(134)) - 0536a24c-34e3-4c8a-9a31-895de5497f4a@group-11E1763585E1->35717865-8144-46c5-963e-0895e96939ac-AppendLogResponseHandler: Failed appendEntries: org.apache.ratis.thirdparty.io.grpc.StatusRuntimeException: UNAVAILABLE: io exception
2019-09-19 12:11:10,039 [grpc-default-executor-1] INFO  impl.FollowerInfo (FollowerInfo.java:lambda$new$0(51)) - 0536a24c-34e3-4c8a-9a31-895de5497f4a@group-11E1763585E1->03555e6f-e7ac-4c8b-ad84-7222370bb52c: nextIndex: updateUnconditionally 20 -> 19
2019-09-19 12:11:10,040 [grpc-default-executor-10] INFO  impl.FollowerInfo (FollowerInfo.java:lambda$new$0(51)) - 0536a24c-34e3-4c8a-9a31-895de5497f4a@group-11E1763585E1->35717865-8144-46c5-963e-0895e96939ac: nextIndex: updateUnconditionally 0 -> 0
2019-09-19 12:11:10,153 [java.util.concurrent.ThreadPoolExecutor$Worker@5db7d907[State = -1, empty queue]] WARN  server.GrpcLogAppender (GrpcLogAppender.java:timeoutAppendRequest(200)) - a409f42d-bc3a-405f-bf07-8265a8a77aff@group-82AF4051E50B->9ff75243-8f90-489e-ad4c-fbb8c473db2a-GrpcLogAppender: appendEntries Timeout, request=a409f42d-bc3a-405f-bf07-8265a8a77aff->9ff75243-8f90-489e-ad4c-fbb8c473db2a#157-t1, previous=(t:1, i:17), leaderCommit=13, initializing? false, entries: <empty>
2019-09-19 12:11:10,153 [java.util.concurrent.ThreadPoolExecutor$Worker@3ef0e39a[State = -1, empty queue]] WARN  server.GrpcLogAppender (GrpcLogAppender.java:timeoutAppendRequest(200)) - a409f42d-bc3a-405f-bf07-8265a8a77aff@group-82AF4051E50B->587dad1b-1a08-4278-9ac1-e315232e0934-GrpcLogAppender: appendEntries Timeout, request=a409f42d-bc3a-405f-bf07-8265a8a77aff->587dad1b-1a08-4278-9ac1-e315232e0934#157-t1, previous=(t:1, i:17), leaderCommit=13, initializing? false, entries: <empty>
2019-09-19 12:11:10,407 [java.util.concurrent.ThreadPoolExecutor$Worker@5019c524[State = -1, empty queue]] WARN  server.GrpcLogAppender (GrpcLogAppender.java:timeoutAppendRequest(200)) - 1b83d917-1d73-4cac-8d1d-dc3b4981903d@group-7041D5508450->4736e737-07ca-4f6d-84d7-0ed6bd660367-GrpcLogAppender: appendEntries Timeout, request=1b83d917-1d73-4cac-8d1d-dc3b4981903d->4736e737-07ca-4f6d-84d7-0ed6bd660367#143-t6, previous=(t:6, i:20), leaderCommit=16, initializing? false, entries: <empty>
2019-09-19 12:11:10,407 [java.util.concurrent.ThreadPoolExecutor$Worker@4f8ba3d5[State = -1, empty queue]] WARN  server.GrpcLogAppender (GrpcLogAppender.java:timeoutAppendRequest(200)) - 1b83d917-1d73-4cac-8d1d-dc3b4981903d@group-7041D5508450->7c8a32d9-49ab-449b-8cc8-032a8828a8ac-GrpcLogAppender: appendEntries Timeout, request=1b83d917-1d73-4cac-8d1d-dc3b4981903d->7c8a32d9-49ab-449b-8cc8-032a8828a8ac#143-t6, previous=(t:6, i:20), leaderCommit=16, initializing? false, entries: <empty>
2019-09-19 12:11:10,539 [grpc-default-executor-9] WARN  server.GrpcLogAppender (LogUtils.java:warn(134)) - 0536a24c-34e3-4c8a-9a31-895de5497f4a@group-11E1763585E1->03555e6f-e7ac-4c8b-ad84-7222370bb52c-AppendLogResponseHandler: Failed appendEntries: org.apache.ratis.thirdparty.io.grpc.StatusRuntimeException: UNAVAILABLE: io exception
2019-09-19 12:11:10,539 [grpc-default-executor-10] WARN  server.GrpcLogAppender (LogUtils.java:warn(134)) - 0536a24c-34e3-4c8a-9a31-895de5497f4a@group-11E1763585E1->35717865-8144-46c5-963e-0895e96939ac-AppendLogResponseHandler: Failed appendEntries: org.apache.ratis.thirdparty.io.grpc.StatusRuntimeException: UNAVAILABLE: io exception
2019-09-19 12:11:10,539 [grpc-default-executor-9] INFO  impl.FollowerInfo (FollowerInfo.java:lambda$new$0(51)) - 0536a24c-34e3-4c8a-9a31-895de5497f4a@group-11E1763585E1->03555e6f-e7ac-4c8b-ad84-7222370bb52c: nextIndex: updateUnconditionally 19 -> 18
2019-09-19 12:11:10,540 [grpc-default-executor-10] INFO  impl.FollowerInfo (FollowerInfo.java:lambda$new$0(51)) - 0536a24c-34e3-4c8a-9a31-895de5497f4a@group-11E1763585E1->35717865-8144-46c5-963e-0895e96939ac: nextIndex: updateUnconditionally 0 -> 0
2019-09-19 12:11:10,654 [java.util.concurrent.ThreadPoolExecutor$Worker@5db7d907[State = -1, empty queue]] WARN  server.GrpcLogAppender (GrpcLogAppender.java:timeoutAppendRequest(200)) - a409f42d-bc3a-405f-bf07-8265a8a77aff@group-82AF4051E50B->9ff75243-8f90-489e-ad4c-fbb8c473db2a-GrpcLogAppender: appendEntries Timeout, request=a409f42d-bc3a-405f-bf07-8265a8a77aff->9ff75243-8f90-489e-ad4c-fbb8c473db2a#158-t1, previous=(t:1, i:17), leaderCommit=13, initializing? false, entries: <empty>
2019-09-19 12:11:10,654 [java.util.concurrent.ThreadPoolExecutor$Worker@3ef0e39a[State = -1, empty queue]] WARN  server.GrpcLogAppender (GrpcLogAppender.java:timeoutAppendRequest(200)) - a409f42d-bc3a-405f-bf07-8265a8a77aff@group-82AF4051E50B->587dad1b-1a08-4278-9ac1-e315232e0934-GrpcLogAppender: appendEntries Timeout, request=a409f42d-bc3a-405f-bf07-8265a8a77aff->587dad1b-1a08-4278-9ac1-e315232e0934#158-t1, previous=(t:1, i:17), leaderCommit=13, initializing? false, entries: <empty>
2019-09-19 12:11:10,907 [java.util.concurrent.ThreadPoolExecutor$Worker@4f8ba3d5[State = -1, empty queue]] WARN  server.GrpcLogAppender (GrpcLogAppender.java:timeoutAppendRequest(200)) - 1b83d917-1d73-4cac-8d1d-dc3b4981903d@group-7041D5508450->7c8a32d9-49ab-449b-8cc8-032a8828a8ac-GrpcLogAppender: appendEntries Timeout, request=1b83d917-1d73-4cac-8d1d-dc3b4981903d->7c8a32d9-49ab-449b-8cc8-032a8828a8ac#144-t6, previous=(t:6, i:20), leaderCommit=16, initializing? false, entries: <empty>
2019-09-19 12:11:10,907 [java.util.concurrent.ThreadPoolExecutor$Worker@5019c524[State = -1, empty queue]] WARN  server.GrpcLogAppender (GrpcLogAppender.java:timeoutAppendRequest(200)) - 1b83d917-1d73-4cac-8d1d-dc3b4981903d@group-7041D5508450->4736e737-07ca-4f6d-84d7-0ed6bd660367-GrpcLogAppender: appendEntries Timeout, request=1b83d917-1d73-4cac-8d1d-dc3b4981903d->4736e737-07ca-4f6d-84d7-0ed6bd660367#144-t6, previous=(t:6, i:20), leaderCommit=16, initializing? false, entries: <empty>
2019-09-19 12:11:11,040 [grpc-default-executor-2] WARN  server.GrpcLogAppender (LogUtils.java:warn(134)) - 0536a24c-34e3-4c8a-9a31-895de5497f4a@group-11E1763585E1->03555e6f-e7ac-4c8b-ad84-7222370bb52c-AppendLogResponseHandler: Failed appendEntries: org.apache.ratis.thirdparty.io.grpc.StatusRuntimeException: UNAVAILABLE: io exception
2019-09-19 12:11:11,040 [grpc-default-executor-10] WARN  server.GrpcLogAppender (LogUtils.java:warn(134)) - 0536a24c-34e3-4c8a-9a31-895de5497f4a@group-11E1763585E1->35717865-8144-46c5-963e-0895e96939ac-AppendLogResponseHandler: Failed appendEntries: org.apache.ratis.thirdparty.io.grpc.StatusRuntimeException: UNAVAILABLE: io exception
2019-09-19 12:11:11,040 [grpc-default-executor-2] INFO  impl.FollowerInfo (FollowerInfo.java:lambda$new$0(51)) - 0536a24c-34e3-4c8a-9a31-895de5497f4a@group-11E1763585E1->03555e6f-e7ac-4c8b-ad84-7222370bb52c: nextIndex: updateUnconditionally 18 -> 17
2019-09-19 12:11:11,041 [grpc-default-executor-10] INFO  impl.FollowerInfo (FollowerInfo.java:lambda$new$0(51)) - 0536a24c-34e3-4c8a-9a31-895de5497f4a@group-11E1763585E1->35717865-8144-46c5-963e-0895e96939ac: nextIndex: updateUnconditionally 0 -> 0
2019-09-19 12:11:11,155 [java.util.concurrent.ThreadPoolExecutor$Worker@5db7d907[State = -1, empty queue]] WARN  server.GrpcLogAppender (GrpcLogAppender.java:timeoutAppendRequest(200)) - a409f42d-bc3a-405f-bf07-8265a8a77aff@group-82AF4051E50B->9ff75243-8f90-489e-ad4c-fbb8c473db2a-GrpcLogAppender: appendEntries Timeout, request=a409f42d-bc3a-405f-bf07-8265a8a77aff->9ff75243-8f90-489e-ad4c-fbb8c473db2a#159-t1, previous=(t:1, i:17), leaderCommit=13, initializing? false, entries: <empty>
2019-09-19 12:11:11,155 [java.util.concurrent.ThreadPoolExecutor$Worker@3ef0e39a[State = -1, empty queue]] WARN  server.GrpcLogAppender (GrpcLogAppender.java:timeoutAppendRequest(200)) - a409f42d-bc3a-405f-bf07-8265a8a77aff@group-82AF4051E50B->587dad1b-1a08-4278-9ac1-e315232e0934-GrpcLogAppender: appendEntries Timeout, request=a409f42d-bc3a-405f-bf07-8265a8a77aff->587dad1b-1a08-4278-9ac1-e315232e0934#159-t1, previous=(t:1, i:17), leaderCommit=13, initializing? false, entries: <empty>
2019-09-19 12:11:11,407 [java.util.concurrent.ThreadPoolExecutor$Worker@4f8ba3d5[State = -1, empty queue]] WARN  server.GrpcLogAppender (GrpcLogAppender.java:timeoutAppendRequest(200)) - 1b83d917-1d73-4cac-8d1d-dc3b4981903d@group-7041D5508450->7c8a32d9-49ab-449b-8cc8-032a8828a8ac-GrpcLogAppender: appendEntries Timeout, request=1b83d917-1d73-4cac-8d1d-dc3b4981903d->7c8a32d9-49ab-449b-8cc8-032a8828a8ac#145-t6, previous=(t:6, i:20), leaderCommit=16, initializing? false, entries: <empty>
2019-09-19 12:11:11,407 [java.util.concurrent.ThreadPoolExecutor$Worker@5019c524[State = -1, empty queue]] WARN  server.GrpcLogAppender (GrpcLogAppender.java:timeoutAppendRequest(200)) - 1b83d917-1d73-4cac-8d1d-dc3b4981903d@group-7041D5508450->4736e737-07ca-4f6d-84d7-0ed6bd660367-GrpcLogAppender: appendEntries Timeout, request=1b83d917-1d73-4cac-8d1d-dc3b4981903d->4736e737-07ca-4f6d-84d7-0ed6bd660367#145-t6, previous=(t:6, i:20), leaderCommit=16, initializing? false, entries: <empty>
2019-09-19 12:11:11,542 [grpc-default-executor-8] WARN  server.GrpcLogAppender (LogUtils.java:warn(134)) - 0536a24c-34e3-4c8a-9a31-895de5497f4a@group-11E1763585E1->35717865-8144-46c5-963e-0895e96939ac-AppendLogResponseHandler: Failed appendEntries: org.apache.ratis.thirdparty.io.grpc.StatusRuntimeException: UNAVAILABLE: io exception
2019-09-19 12:11:11,542 [grpc-default-executor-4] WARN  server.GrpcLogAppender (LogUtils.java:warn(134)) - 0536a24c-34e3-4c8a-9a31-895de5497f4a@group-11E1763585E1->03555e6f-e7ac-4c8b-ad84-7222370bb52c-AppendLogResponseHandler: Failed appendEntries: org.apache.ratis.thirdparty.io.grpc.StatusRuntimeException: UNAVAILABLE: io exception
2019-09-19 12:11:11,543 [grpc-default-executor-8] INFO  impl.FollowerInfo (FollowerInfo.java:lambda$new$0(51)) - 0536a24c-34e3-4c8a-9a31-895de5497f4a@group-11E1763585E1->35717865-8144-46c5-963e-0895e96939ac: nextIndex: updateUnconditionally 0 -> 0
2019-09-19 12:11:11,543 [grpc-default-executor-4] INFO  impl.FollowerInfo (FollowerInfo.java:lambda$new$0(51)) - 0536a24c-34e3-4c8a-9a31-895de5497f4a@group-11E1763585E1->03555e6f-e7ac-4c8b-ad84-7222370bb52c: nextIndex: updateUnconditionally 17 -> 16
2019-09-19 12:11:11,655 [java.util.concurrent.ThreadPoolExecutor$Worker@5db7d907[State = -1, empty queue]] WARN  server.GrpcLogAppender (GrpcLogAppender.java:timeoutAppendRequest(200)) - a409f42d-bc3a-405f-bf07-8265a8a77aff@group-82AF4051E50B->9ff75243-8f90-489e-ad4c-fbb8c473db2a-GrpcLogAppender: appendEntries Timeout, request=a409f42d-bc3a-405f-bf07-8265a8a77aff->9ff75243-8f90-489e-ad4c-fbb8c473db2a#160-t1, previous=(t:1, i:17), leaderCommit=13, initializing? false, entries: <empty>
2019-09-19 12:11:11,655 [java.util.concurrent.ThreadPoolExecutor$Worker@3ef0e39a[State = -1, empty queue]] WARN  server.GrpcLogAppender (GrpcLogAppender.java:timeoutAppendRequest(200)) - a409f42d-bc3a-405f-bf07-8265a8a77aff@group-82AF4051E50B->587dad1b-1a08-4278-9ac1-e315232e0934-GrpcLogAppender: appendEntries Timeout, request=a409f42d-bc3a-405f-bf07-8265a8a77aff->587dad1b-1a08-4278-9ac1-e315232e0934#160-t1, previous=(t:1, i:17), leaderCommit=13, initializing? false, entries: <empty>
2019-09-19 12:11:11,908 [java.util.concurrent.ThreadPoolExecutor$Worker@5019c524[State = -1, empty queue]] WARN  server.GrpcLogAppender (GrpcLogAppender.java:timeoutAppendRequest(200)) - 1b83d917-1d73-4cac-8d1d-dc3b4981903d@group-7041D5508450->4736e737-07ca-4f6d-84d7-0ed6bd660367-GrpcLogAppender: appendEntries Timeout, request=1b83d917-1d73-4cac-8d1d-dc3b4981903d->4736e737-07ca-4f6d-84d7-0ed6bd660367#146-t6, previous=(t:6, i:20), leaderCommit=16, initializing? false, entries: <empty>
2019-09-19 12:11:11,908 [java.util.concurrent.ThreadPoolExecutor$Worker@4f8ba3d5[State = -1, empty queue]] WARN  server.GrpcLogAppender (GrpcLogAppender.java:timeoutAppendRequest(200)) - 1b83d917-1d73-4cac-8d1d-dc3b4981903d@group-7041D5508450->7c8a32d9-49ab-449b-8cc8-032a8828a8ac-GrpcLogAppender: appendEntries Timeout, request=1b83d917-1d73-4cac-8d1d-dc3b4981903d->7c8a32d9-49ab-449b-8cc8-032a8828a8ac#146-t6, previous=(t:6, i:20), leaderCommit=16, initializing? false, entries: <empty>
2019-09-19 12:11:12,043 [grpc-default-executor-8] WARN  server.GrpcLogAppender (LogUtils.java:warn(134)) - 0536a24c-34e3-4c8a-9a31-895de5497f4a@group-11E1763585E1->03555e6f-e7ac-4c8b-ad84-7222370bb52c-AppendLogResponseHandler: Failed appendEntries: org.apache.ratis.thirdparty.io.grpc.StatusRuntimeException: UNAVAILABLE: io exception
2019-09-19 12:11:12,043 [grpc-default-executor-10] WARN  server.GrpcLogAppender (LogUtils.java:warn(134)) - 0536a24c-34e3-4c8a-9a31-895de5497f4a@group-11E1763585E1->35717865-8144-46c5-963e-0895e96939ac-AppendLogResponseHandler: Failed appendEntries: org.apache.ratis.thirdparty.io.grpc.StatusRuntimeException: UNAVAILABLE: io exception
2019-09-19 12:11:12,043 [grpc-default-executor-8] INFO  impl.FollowerInfo (FollowerInfo.java:lambda$new$0(51)) - 0536a24c-34e3-4c8a-9a31-895de5497f4a@group-11E1763585E1->03555e6f-e7ac-4c8b-ad84-7222370bb52c: nextIndex: updateUnconditionally 16 -> 15
2019-09-19 12:11:12,044 [grpc-default-executor-10] INFO  impl.FollowerInfo (FollowerInfo.java:lambda$new$0(51)) - 0536a24c-34e3-4c8a-9a31-895de5497f4a@group-11E1763585E1->35717865-8144-46c5-963e-0895e96939ac: nextIndex: updateUnconditionally 0 -> 0
2019-09-19 12:11:12,155 [java.util.concurrent.ThreadPoolExecutor$Worker@5db7d907[State = -1, empty queue]] WARN  server.GrpcLogAppender (GrpcLogAppender.java:timeoutAppendRequest(200)) - a409f42d-bc3a-405f-bf07-8265a8a77aff@group-82AF4051E50B->9ff75243-8f90-489e-ad4c-fbb8c473db2a-GrpcLogAppender: appendEntries Timeout, request=a409f42d-bc3a-405f-bf07-8265a8a77aff->9ff75243-8f90-489e-ad4c-fbb8c473db2a#161-t1, previous=(t:1, i:17), leaderCommit=13, initializing? false, entries: <empty>
2019-09-19 12:11:12,155 [java.util.concurrent.ThreadPoolExecutor$Worker@3ef0e39a[State = -1, empty queue]] WARN  server.GrpcLogAppender (GrpcLogAppender.java:timeoutAppendRequest(200)) - a409f42d-bc3a-405f-bf07-8265a8a77aff@group-82AF4051E50B->587dad1b-1a08-4278-9ac1-e315232e0934-GrpcLogAppender: appendEntries Timeout, request=a409f42d-bc3a-405f-bf07-8265a8a77aff->587dad1b-1a08-4278-9ac1-e315232e0934#161-t1, previous=(t:1, i:17), leaderCommit=13, initializing? false, entries: <empty>
2019-09-19 12:11:12,408 [java.util.concurrent.ThreadPoolExecutor$Worker@5019c524[State = -1, empty queue]] WARN  server.GrpcLogAppender (GrpcLogAppender.java:timeoutAppendRequest(200)) - 1b83d917-1d73-4cac-8d1d-dc3b4981903d@group-7041D5508450->4736e737-07ca-4f6d-84d7-0ed6bd660367-GrpcLogAppender: appendEntries Timeout, request=1b83d917-1d73-4cac-8d1d-dc3b4981903d->4736e737-07ca-4f6d-84d7-0ed6bd660367#147-t6, previous=(t:6, i:20), leaderCommit=16, initializing? false, entries: <empty>
2019-09-19 12:11:12,408 [java.util.concurrent.ThreadPoolExecutor$Worker@4f8ba3d5[State = -1, empty queue]] WARN  server.GrpcLogAppender (GrpcLogAppender.java:timeoutAppendRequest(200)) - 1b83d917-1d73-4cac-8d1d-dc3b4981903d@group-7041D5508450->7c8a32d9-49ab-449b-8cc8-032a8828a8ac-GrpcLogAppender: appendEntries Timeout, request=1b83d917-1d73-4cac-8d1d-dc3b4981903d->7c8a32d9-49ab-449b-8cc8-032a8828a8ac#147-t6, previous=(t:6, i:20), leaderCommit=16, initializing? false, entries: <empty>
2019-09-19 12:11:12,545 [grpc-default-executor-9] WARN  server.GrpcLogAppender (LogUtils.java:warn(134)) - 0536a24c-34e3-4c8a-9a31-895de5497f4a@group-11E1763585E1->03555e6f-e7ac-4c8b-ad84-7222370bb52c-AppendLogResponseHandler: Failed appendEntries: org.apache.ratis.thirdparty.io.grpc.StatusRuntimeException: UNAVAILABLE: io exception
2019-09-19 12:11:12,545 [grpc-default-executor-4] WARN  server.GrpcLogAppender (LogUtils.java:warn(134)) - 0536a24c-34e3-4c8a-9a31-895de5497f4a@group-11E1763585E1->35717865-8144-46c5-963e-0895e96939ac-AppendLogResponseHandler: Failed appendEntries: org.apache.ratis.thirdparty.io.grpc.StatusRuntimeException: UNAVAILABLE: io exception
2019-09-19 12:11:12,546 [grpc-default-executor-9] INFO  impl.FollowerInfo (FollowerInfo.java:lambda$new$0(51)) - 0536a24c-34e3-4c8a-9a31-895de5497f4a@group-11E1763585E1->03555e6f-e7ac-4c8b-ad84-7222370bb52c: nextIndex: updateUnconditionally 15 -> 14
2019-09-19 12:11:12,546 [grpc-default-executor-4] INFO  impl.FollowerInfo (FollowerInfo.java:lambda$new$0(51)) - 0536a24c-34e3-4c8a-9a31-895de5497f4a@group-11E1763585E1->35717865-8144-46c5-963e-0895e96939ac: nextIndex: updateUnconditionally 0 -> 0
2019-09-19 12:11:12,675 [java.util.concurrent.ThreadPoolExecutor$Worker@5db7d907[State = -1, empty queue]] WARN  server.GrpcLogAppender (GrpcLogAppender.java:timeoutAppendRequest(200)) - a409f42d-bc3a-405f-bf07-8265a8a77aff@group-82AF4051E50B->9ff75243-8f90-489e-ad4c-fbb8c473db2a-GrpcLogAppender: appendEntries Timeout, request=a409f42d-bc3a-405f-bf07-8265a8a77aff->9ff75243-8f90-489e-ad4c-fbb8c473db2a#162-t1, previous=(t:1, i:17), leaderCommit=13, initializing? false, entries: <empty>
2019-09-19 12:11:12,675 [java.util.concurrent.ThreadPoolExecutor$Worker@3ef0e39a[State = -1, empty queue]] WARN  server.GrpcLogAppender (GrpcLogAppender.java:timeoutAppendRequest(200)) - a409f42d-bc3a-405f-bf07-8265a8a77aff@group-82AF4051E50B->587dad1b-1a08-4278-9ac1-e315232e0934-GrpcLogAppender: appendEntries Timeout, request=a409f42d-bc3a-405f-bf07-8265a8a77aff->587dad1b-1a08-4278-9ac1-e315232e0934#162-t1, previous=(t:1, i:17), leaderCommit=13, initializing? false, entries: <empty>
2019-09-19 12:11:12,911 [java.util.concurrent.ThreadPoolExecutor$Worker@5019c524[State = -1, empty queue]] WARN  server.GrpcLogAppender (GrpcLogAppender.java:timeoutAppendRequest(200)) - 1b83d917-1d73-4cac-8d1d-dc3b4981903d@group-7041D5508450->4736e737-07ca-4f6d-84d7-0ed6bd660367-GrpcLogAppender: appendEntries Timeout, request=1b83d917-1d73-4cac-8d1d-dc3b4981903d->4736e737-07ca-4f6d-84d7-0ed6bd660367#148-t6, previous=(t:6, i:20), leaderCommit=16, initializing? false, entries: <empty>
2019-09-19 12:11:12,911 [java.util.concurrent.ThreadPoolExecutor$Worker@4f8ba3d5[State = -1, empty queue]] WARN  server.GrpcLogAppender (GrpcLogAppender.java:timeoutAppendRequest(200)) - 1b83d917-1d73-4cac-8d1d-dc3b4981903d@group-7041D5508450->7c8a32d9-49ab-449b-8cc8-032a8828a8ac-GrpcLogAppender: appendEntries Timeout, request=1b83d917-1d73-4cac-8d1d-dc3b4981903d->7c8a32d9-49ab-449b-8cc8-032a8828a8ac#148-t6, previous=(t:6, i:20), leaderCommit=16, initializing? false, entries: <empty>
2019-09-19 12:11:13,046 [grpc-default-executor-2] WARN  server.GrpcLogAppender (LogUtils.java:warn(134)) - 0536a24c-34e3-4c8a-9a31-895de5497f4a@group-11E1763585E1->03555e6f-e7ac-4c8b-ad84-7222370bb52c-AppendLogResponseHandler: Failed appendEntries: org.apache.ratis.thirdparty.io.grpc.StatusRuntimeException: UNAVAILABLE: io exception
2019-09-19 12:11:13,046 [grpc-default-executor-4] WARN  server.GrpcLogAppender (LogUtils.java:warn(134)) - 0536a24c-34e3-4c8a-9a31-895de5497f4a@group-11E1763585E1->35717865-8144-46c5-963e-0895e96939ac-AppendLogResponseHandler: Failed appendEntries: org.apache.ratis.thirdparty.io.grpc.StatusRuntimeException: UNAVAILABLE: io exception
2019-09-19 12:11:13,046 [grpc-default-executor-2] INFO  impl.FollowerInfo (FollowerInfo.java:lambda$new$0(51)) - 0536a24c-34e3-4c8a-9a31-895de5497f4a@group-11E1763585E1->03555e6f-e7ac-4c8b-ad84-7222370bb52c: nextIndex: updateUnconditionally 14 -> 13
2019-09-19 12:11:13,046 [grpc-default-executor-4] INFO  impl.FollowerInfo (FollowerInfo.java:lambda$new$0(51)) - 0536a24c-34e3-4c8a-9a31-895de5497f4a@group-11E1763585E1->35717865-8144-46c5-963e-0895e96939ac: nextIndex: updateUnconditionally 0 -> 0
2019-09-19 12:11:13,176 [java.util.concurrent.ThreadPoolExecutor$Worker@5db7d907[State = -1, empty queue]] WARN  server.GrpcLogAppender (GrpcLogAppender.java:timeoutAppendRequest(200)) - a409f42d-bc3a-405f-bf07-8265a8a77aff@group-82AF4051E50B->9ff75243-8f90-489e-ad4c-fbb8c473db2a-GrpcLogAppender: appendEntries Timeout, request=a409f42d-bc3a-405f-bf07-8265a8a77aff->9ff75243-8f90-489e-ad4c-fbb8c473db2a#163-t1, previous=(t:1, i:17), leaderCommit=13, initializing? false, entries: <empty>
2019-09-19 12:11:13,176 [java.util.concurrent.ThreadPoolExecutor$Worker@3ef0e39a[State = -1, empty queue]] WARN  server.GrpcLogAppender (GrpcLogAppender.java:timeoutAppendRequest(200)) - a409f42d-bc3a-405f-bf07-8265a8a77aff@group-82AF4051E50B->587dad1b-1a08-4278-9ac1-e315232e0934-GrpcLogAppender: appendEntries Timeout, request=a409f42d-bc3a-405f-bf07-8265a8a77aff->587dad1b-1a08-4278-9ac1-e315232e0934#163-t1, previous=(t:1, i:17), leaderCommit=13, initializing? false, entries: <empty>
2019-09-19 12:11:13,412 [java.util.concurrent.ThreadPoolExecutor$Worker@4f8ba3d5[State = -1, empty queue]] WARN  server.GrpcLogAppender (GrpcLogAppender.java:timeoutAppendRequest(200)) - 1b83d917-1d73-4cac-8d1d-dc3b4981903d@group-7041D5508450->7c8a32d9-49ab-449b-8cc8-032a8828a8ac-GrpcLogAppender: appendEntries Timeout, request=1b83d917-1d73-4cac-8d1d-dc3b4981903d->7c8a32d9-49ab-449b-8cc8-032a8828a8ac#149-t6, previous=(t:6, i:20), leaderCommit=16, initializing? false, entries: <empty>
2019-09-19 12:11:13,412 [java.util.concurrent.ThreadPoolExecutor$Worker@5019c524[State = -1, empty queue]] WARN  server.GrpcLogAppender (GrpcLogAppender.java:timeoutAppendRequest(200)) - 1b83d917-1d73-4cac-8d1d-dc3b4981903d@group-7041D5508450->4736e737-07ca-4f6d-84d7-0ed6bd660367-GrpcLogAppender: appendEntries Timeout, request=1b83d917-1d73-4cac-8d1d-dc3b4981903d->4736e737-07ca-4f6d-84d7-0ed6bd660367#149-t6, previous=(t:6, i:20), leaderCommit=16, initializing? false, entries: <empty>
2019-09-19 12:11:13,546 [grpc-default-executor-2] WARN  server.GrpcLogAppender (LogUtils.java:warn(134)) - 0536a24c-34e3-4c8a-9a31-895de5497f4a@group-11E1763585E1->03555e6f-e7ac-4c8b-ad84-7222370bb52c-AppendLogResponseHandler: Failed appendEntries: org.apache.ratis.thirdparty.io.grpc.StatusRuntimeException: UNAVAILABLE: io exception
2019-09-19 12:11:13,546 [grpc-default-executor-10] WARN  server.GrpcLogAppender (LogUtils.java:warn(134)) - 0536a24c-34e3-4c8a-9a31-895de5497f4a@group-11E1763585E1->35717865-8144-46c5-963e-0895e96939ac-AppendLogResponseHandler: Failed appendEntries: org.apache.ratis.thirdparty.io.grpc.StatusRuntimeException: UNAVAILABLE: io exception
2019-09-19 12:11:13,547 [grpc-default-executor-2] INFO  impl.FollowerInfo (FollowerInfo.java:lambda$new$0(51)) - 0536a24c-34e3-4c8a-9a31-895de5497f4a@group-11E1763585E1->03555e6f-e7ac-4c8b-ad84-7222370bb52c: nextIndex: updateUnconditionally 13 -> 12
2019-09-19 12:11:13,547 [grpc-default-executor-10] INFO  impl.FollowerInfo (FollowerInfo.java:lambda$new$0(51)) - 0536a24c-34e3-4c8a-9a31-895de5497f4a@group-11E1763585E1->35717865-8144-46c5-963e-0895e96939ac: nextIndex: updateUnconditionally 0 -> 0
2019-09-19 12:11:13,584 [Thread-1477] INFO  client.GrpcClientProtocolService (GrpcClientProtocolService.java:lambda$processClientRequest$0(278)) - Failed RaftClientRequest:client-D287D123B867->0536a24c-34e3-4c8a-9a31-895de5497f4a@group-11E1763585E1, cid=60, seq=0, Watch-ALL_COMMITTED(19), Message:<EMPTY>, reply=RaftClientReply:client-D287D123B867->0536a24c-34e3-4c8a-9a31-895de5497f4a@group-11E1763585E1, cid=60, FAILED org.apache.ratis.protocol.NotReplicatedException: Request with call Id 60 and log index 19 is not yet replicated to ALL_COMMITTED, logIndex=19, commits[0536a24c-34e3-4c8a-9a31-895de5497f4a:c28, 35717865-8144-46c5-963e-0895e96939ac:c16, 03555e6f-e7ac-4c8b-ad84-7222370bb52c:c28]
2019-09-19 12:11:13,676 [java.util.concurrent.ThreadPoolExecutor$Worker@3ef0e39a[State = -1, empty queue]] WARN  server.GrpcLogAppender (GrpcLogAppender.java:timeoutAppendRequest(200)) - a409f42d-bc3a-405f-bf07-8265a8a77aff@group-82AF4051E50B->587dad1b-1a08-4278-9ac1-e315232e0934-GrpcLogAppender: appendEntries Timeout, request=a409f42d-bc3a-405f-bf07-8265a8a77aff->587dad1b-1a08-4278-9ac1-e315232e0934#164-t1, previous=(t:1, i:17), leaderCommit=13, initializing? false, entries: <empty>
2019-09-19 12:11:13,676 [java.util.concurrent.ThreadPoolExecutor$Worker@5db7d907[State = -1, empty queue]] WARN  server.GrpcLogAppender (GrpcLogAppender.java:timeoutAppendRequest(200)) - a409f42d-bc3a-405f-bf07-8265a8a77aff@group-82AF4051E50B->9ff75243-8f90-489e-ad4c-fbb8c473db2a-GrpcLogAppender: appendEntries Timeout, request=a409f42d-bc3a-405f-bf07-8265a8a77aff->9ff75243-8f90-489e-ad4c-fbb8c473db2a#164-t1, previous=(t:1, i:17), leaderCommit=13, initializing? false, entries: <empty>
2019-09-19 12:11:13,912 [java.util.concurrent.ThreadPoolExecutor$Worker@4f8ba3d5[State = -1, empty queue]] WARN  server.GrpcLogAppender (GrpcLogAppender.java:timeoutAppendRequest(200)) - 1b83d917-1d73-4cac-8d1d-dc3b4981903d@group-7041D5508450->7c8a32d9-49ab-449b-8cc8-032a8828a8ac-GrpcLogAppender: appendEntries Timeout, request=1b83d917-1d73-4cac-8d1d-dc3b4981903d->7c8a32d9-49ab-449b-8cc8-032a8828a8ac#150-t6, previous=(t:6, i:20), leaderCommit=16, initializing? false, entries: <empty>
2019-09-19 12:11:13,912 [java.util.concurrent.ThreadPoolExecutor$Worker@5019c524[State = -1, empty queue]] WARN  server.GrpcLogAppender (GrpcLogAppender.java:timeoutAppendRequest(200)) - 1b83d917-1d73-4cac-8d1d-dc3b4981903d@group-7041D5508450->4736e737-07ca-4f6d-84d7-0ed6bd660367-GrpcLogAppender: appendEntries Timeout, request=1b83d917-1d73-4cac-8d1d-dc3b4981903d->4736e737-07ca-4f6d-84d7-0ed6bd660367#150-t6, previous=(t:6, i:20), leaderCommit=16, initializing? false, entries: <empty>
2019-09-19 12:11:14,048 [grpc-default-executor-8] WARN  server.GrpcLogAppender (LogUtils.java:warn(134)) - 0536a24c-34e3-4c8a-9a31-895de5497f4a@group-11E1763585E1->35717865-8144-46c5-963e-0895e96939ac-AppendLogResponseHandler: Failed appendEntries: org.apache.ratis.thirdparty.io.grpc.StatusRuntimeException: UNAVAILABLE: io exception
2019-09-19 12:11:14,048 [grpc-default-executor-4] WARN  server.GrpcLogAppender (LogUtils.java:warn(134)) - 0536a24c-34e3-4c8a-9a31-895de5497f4a@group-11E1763585E1->03555e6f-e7ac-4c8b-ad84-7222370bb52c-AppendLogResponseHandler: Failed appendEntries: org.apache.ratis.thirdparty.io.grpc.StatusRuntimeException: UNAVAILABLE: io exception
2019-09-19 12:11:14,048 [grpc-default-executor-8] INFO  impl.FollowerInfo (FollowerInfo.java:lambda$new$0(51)) - 0536a24c-34e3-4c8a-9a31-895de5497f4a@group-11E1763585E1->35717865-8144-46c5-963e-0895e96939ac: nextIndex: updateUnconditionally 0 -> 0
2019-09-19 12:11:14,049 [grpc-default-executor-4] INFO  impl.FollowerInfo (FollowerInfo.java:lambda$new$0(51)) - 0536a24c-34e3-4c8a-9a31-895de5497f4a@group-11E1763585E1->03555e6f-e7ac-4c8b-ad84-7222370bb52c: nextIndex: updateUnconditionally 12 -> 11
2019-09-19 12:11:14,176 [java.util.concurrent.ThreadPoolExecutor$Worker@5db7d907[State = -1, empty queue]] WARN  server.GrpcLogAppender (GrpcLogAppender.java:timeoutAppendRequest(200)) - a409f42d-bc3a-405f-bf07-8265a8a77aff@group-82AF4051E50B->9ff75243-8f90-489e-ad4c-fbb8c473db2a-GrpcLogAppender: appendEntries Timeout, request=a409f42d-bc3a-405f-bf07-8265a8a77aff->9ff75243-8f90-489e-ad4c-fbb8c473db2a#165-t1, previous=(t:1, i:17), leaderCommit=13, initializing? false, entries: <empty>
2019-09-19 12:11:14,176 [java.util.concurrent.ThreadPoolExecutor$Worker@3ef0e39a[State = -1, empty queue]] WARN  server.GrpcLogAppender (GrpcLogAppender.java:timeoutAppendRequest(200)) - a409f42d-bc3a-405f-bf07-8265a8a77aff@group-82AF4051E50B->587dad1b-1a08-4278-9ac1-e315232e0934-GrpcLogAppender: appendEntries Timeout, request=a409f42d-bc3a-405f-bf07-8265a8a77aff->587dad1b-1a08-4278-9ac1-e315232e0934#165-t1, previous=(t:1, i:17), leaderCommit=13, initializing? false, entries: <empty>
2019-09-19 12:11:14,412 [java.util.concurrent.ThreadPoolExecutor$Worker@5019c524[State = -1, empty queue]] WARN  server.GrpcLogAppender (GrpcLogAppender.java:timeoutAppendRequest(200)) - 1b83d917-1d73-4cac-8d1d-dc3b4981903d@group-7041D5508450->4736e737-07ca-4f6d-84d7-0ed6bd660367-GrpcLogAppender: appendEntries Timeout, request=1b83d917-1d73-4cac-8d1d-dc3b4981903d->4736e737-07ca-4f6d-84d7-0ed6bd660367#151-t6, previous=(t:6, i:20), leaderCommit=16, initializing? false, entries: <empty>
2019-09-19 12:11:14,412 [java.util.concurrent.ThreadPoolExecutor$Worker@4f8ba3d5[State = -1, empty queue]] WARN  server.GrpcLogAppender (GrpcLogAppender.java:timeoutAppendRequest(200)) - 1b83d917-1d73-4cac-8d1d-dc3b4981903d@group-7041D5508450->7c8a32d9-49ab-449b-8cc8-032a8828a8ac-GrpcLogAppender: appendEntries Timeout, request=1b83d917-1d73-4cac-8d1d-dc3b4981903d->7c8a32d9-49ab-449b-8cc8-032a8828a8ac#151-t6, previous=(t:6, i:20), leaderCommit=16, initializing? false, entries: <empty>
2019-09-19 12:11:14,551 [grpc-default-executor-2] WARN  server.GrpcLogAppender (LogUtils.java:warn(134)) - 0536a24c-34e3-4c8a-9a31-895de5497f4a@group-11E1763585E1->35717865-8144-46c5-963e-0895e96939ac-AppendLogResponseHandler: Failed appendEntries: org.apache.ratis.thirdparty.io.grpc.StatusRuntimeException: UNAVAILABLE: io exception
2019-09-19 12:11:14,551 [grpc-default-executor-1] WARN  server.GrpcLogAppender (LogUtils.java:warn(134)) - 0536a24c-34e3-4c8a-9a31-895de5497f4a@group-11E1763585E1->03555e6f-e7ac-4c8b-ad84-7222370bb52c-AppendLogResponseHandler: Failed appendEntries: org.apache.ratis.thirdparty.io.grpc.StatusRuntimeException: UNAVAILABLE: io exception
2019-09-19 12:11:14,552 [grpc-default-executor-2] INFO  impl.FollowerInfo (FollowerInfo.java:lambda$new$0(51)) - 0536a24c-34e3-4c8a-9a31-895de5497f4a@group-11E1763585E1->35717865-8144-46c5-963e-0895e96939ac: nextIndex: updateUnconditionally 0 -> 0
2019-09-19 12:11:14,552 [grpc-default-executor-1] INFO  impl.FollowerInfo (FollowerInfo.java:lambda$new$0(51)) - 0536a24c-34e3-4c8a-9a31-895de5497f4a@group-11E1763585E1->03555e6f-e7ac-4c8b-ad84-7222370bb52c: nextIndex: updateUnconditionally 11 -> 10
2019-09-19 12:11:14,677 [java.util.concurrent.ThreadPoolExecutor$Worker@3ef0e39a[State = -1, empty queue]] WARN  server.GrpcLogAppender (GrpcLogAppender.java:timeoutAppendRequest(200)) - a409f42d-bc3a-405f-bf07-8265a8a77aff@group-82AF4051E50B->587dad1b-1a08-4278-9ac1-e315232e0934-GrpcLogAppender: appendEntries Timeout, request=a409f42d-bc3a-405f-bf07-8265a8a77aff->587dad1b-1a08-4278-9ac1-e315232e0934#166-t1, previous=(t:1, i:17), leaderCommit=13, initializing? false, entries: <empty>
2019-09-19 12:11:14,677 [java.util.concurrent.ThreadPoolExecutor$Worker@5db7d907[State = -1, empty queue]] WARN  server.GrpcLogAppender (GrpcLogAppender.java:timeoutAppendRequest(200)) - a409f42d-bc3a-405f-bf07-8265a8a77aff@group-82AF4051E50B->9ff75243-8f90-489e-ad4c-fbb8c473db2a-GrpcLogAppender: appendEntries Timeout, request=a409f42d-bc3a-405f-bf07-8265a8a77aff->9ff75243-8f90-489e-ad4c-fbb8c473db2a#166-t1, previous=(t:1, i:17), leaderCommit=13, initializing? false, entries: <empty>
2019-09-19 12:11:14,913 [java.util.concurrent.ThreadPoolExecutor$Worker@5019c524[State = -1, empty queue]] WARN  server.GrpcLogAppender (GrpcLogAppender.java:timeoutAppendRequest(200)) - 1b83d917-1d73-4cac-8d1d-dc3b4981903d@group-7041D5508450->4736e737-07ca-4f6d-84d7-0ed6bd660367-GrpcLogAppender: appendEntries Timeout, request=1b83d917-1d73-4cac-8d1d-dc3b4981903d->4736e737-07ca-4f6d-84d7-0ed6bd660367#152-t6, previous=(t:6, i:20), leaderCommit=16, initializing? false, entries: <empty>
2019-09-19 12:11:14,913 [java.util.concurrent.ThreadPoolExecutor$Worker@4f8ba3d5[State = -1, empty queue]] WARN  server.GrpcLogAppender (GrpcLogAppender.java:timeoutAppendRequest(200)) - 1b83d917-1d73-4cac-8d1d-dc3b4981903d@group-7041D5508450->7c8a32d9-49ab-449b-8cc8-032a8828a8ac-GrpcLogAppender: appendEntries Timeout, request=1b83d917-1d73-4cac-8d1d-dc3b4981903d->7c8a32d9-49ab-449b-8cc8-032a8828a8ac#152-t6, previous=(t:6, i:20), leaderCommit=16, initializing? false, entries: <empty>
2019-09-19 12:11:15,054 [grpc-default-executor-2] WARN  server.GrpcLogAppender (LogUtils.java:warn(134)) - 0536a24c-34e3-4c8a-9a31-895de5497f4a@group-11E1763585E1->35717865-8144-46c5-963e-0895e96939ac-AppendLogResponseHandler: Failed appendEntries: org.apache.ratis.thirdparty.io.grpc.StatusRuntimeException: UNAVAILABLE: io exception
2019-09-19 12:11:15,054 [grpc-default-executor-10] WARN  server.GrpcLogAppender (LogUtils.java:warn(134)) - 0536a24c-34e3-4c8a-9a31-895de5497f4a@group-11E1763585E1->03555e6f-e7ac-4c8b-ad84-7222370bb52c-AppendLogResponseHandler: Failed appendEntries: org.apache.ratis.thirdparty.io.grpc.StatusRuntimeException: UNAVAILABLE: io exception
2019-09-19 12:11:15,055 [grpc-default-executor-2] INFO  impl.FollowerInfo (FollowerInfo.java:lambda$new$0(51)) - 0536a24c-34e3-4c8a-9a31-895de5497f4a@group-11E1763585E1->35717865-8144-46c5-963e-0895e96939ac: nextIndex: updateUnconditionally 0 -> 0
2019-09-19 12:11:15,055 [grpc-default-executor-10] INFO  impl.FollowerInfo (FollowerInfo.java:lambda$new$0(51)) - 0536a24c-34e3-4c8a-9a31-895de5497f4a@group-11E1763585E1->03555e6f-e7ac-4c8b-ad84-7222370bb52c: nextIndex: updateUnconditionally 10 -> 9
2019-09-19 12:11:15,114 [587dad1b-1a08-4278-9ac1-e315232e0934@group-82AF4051E50B-SegmentedRaftLogWorker] WARN  segmented.SegmentedRaftLogWorker (SegmentedRaftLogWorker.java:getFromFuture(90)) - Timeout 3/~
org.apache.ratis.protocol.TimeoutIOException: Timeout 10s: WriteLog:14: (t:1, i:14), STATEMACHINELOGENTRY, client-57877EF1F934, cid=52-writeStateMachineData
	at org.apache.ratis.util.IOUtils.getFromFuture(IOUtils.java:87)
	at org.apache.ratis.server.raftlog.segmented.SegmentedRaftLogWorker$StateMachineDataPolicy.getFromFuture(SegmentedRaftLogWorker.java:87)
	at org.apache.ratis.server.raftlog.segmented.SegmentedRaftLogWorker$WriteLog.execute(SegmentedRaftLogWorker.java:477)
	at org.apache.ratis.server.raftlog.segmented.SegmentedRaftLogWorker.run(SegmentedRaftLogWorker.java:289)
	at java.lang.Thread.run(Thread.java:748)
Caused by: java.util.concurrent.TimeoutException
	at java.util.concurrent.CompletableFuture.timedGet(CompletableFuture.java:1771)
	at java.util.concurrent.CompletableFuture.get(CompletableFuture.java:1915)
	at org.apache.ratis.util.IOUtils.getFromFuture(IOUtils.java:79)
	... 4 more
2019-09-19 12:11:15,114 [9ff75243-8f90-489e-ad4c-fbb8c473db2a@group-82AF4051E50B-SegmentedRaftLogWorker] WARN  segmented.SegmentedRaftLogWorker (SegmentedRaftLogWorker.java:getFromFuture(90)) - Timeout 3/~
org.apache.ratis.protocol.TimeoutIOException: Timeout 10s: WriteLog:14: (t:1, i:14), STATEMACHINELOGENTRY, client-57877EF1F934, cid=52-writeStateMachineData
	at org.apache.ratis.util.IOUtils.getFromFuture(IOUtils.java:87)
	at org.apache.ratis.server.raftlog.segmented.SegmentedRaftLogWorker$StateMachineDataPolicy.getFromFuture(SegmentedRaftLogWorker.java:87)
	at org.apache.ratis.server.raftlog.segmented.SegmentedRaftLogWorker$WriteLog.execute(SegmentedRaftLogWorker.java:477)
	at org.apache.ratis.server.raftlog.segmented.SegmentedRaftLogWorker.run(SegmentedRaftLogWorker.java:289)
	at java.lang.Thread.run(Thread.java:748)
Caused by: java.util.concurrent.TimeoutException
	at java.util.concurrent.CompletableFuture.timedGet(CompletableFuture.java:1771)
	at java.util.concurrent.CompletableFuture.get(CompletableFuture.java:1915)
	at org.apache.ratis.util.IOUtils.getFromFuture(IOUtils.java:79)
	... 4 more
2019-09-19 12:11:15,177 [java.util.concurrent.ThreadPoolExecutor$Worker@3ef0e39a[State = -1, empty queue]] WARN  server.GrpcLogAppender (GrpcLogAppender.java:timeoutAppendRequest(200)) - a409f42d-bc3a-405f-bf07-8265a8a77aff@group-82AF4051E50B->587dad1b-1a08-4278-9ac1-e315232e0934-GrpcLogAppender: appendEntries Timeout, request=a409f42d-bc3a-405f-bf07-8265a8a77aff->587dad1b-1a08-4278-9ac1-e315232e0934#167-t1, previous=(t:1, i:17), leaderCommit=13, initializing? false, entries: <empty>
2019-09-19 12:11:15,177 [java.util.concurrent.ThreadPoolExecutor$Worker@5db7d907[State = -1, empty queue]] WARN  server.GrpcLogAppender (GrpcLogAppender.java:timeoutAppendRequest(200)) - a409f42d-bc3a-405f-bf07-8265a8a77aff@group-82AF4051E50B->9ff75243-8f90-489e-ad4c-fbb8c473db2a-GrpcLogAppender: appendEntries Timeout, request=a409f42d-bc3a-405f-bf07-8265a8a77aff->9ff75243-8f90-489e-ad4c-fbb8c473db2a#167-t1, previous=(t:1, i:17), leaderCommit=13, initializing? false, entries: <empty>
2019-09-19 12:11:15,413 [java.util.concurrent.ThreadPoolExecutor$Worker@5019c524[State = -1, empty queue]] WARN  server.GrpcLogAppender (GrpcLogAppender.java:timeoutAppendRequest(200)) - 1b83d917-1d73-4cac-8d1d-dc3b4981903d@group-7041D5508450->4736e737-07ca-4f6d-84d7-0ed6bd660367-GrpcLogAppender: appendEntries Timeout, request=1b83d917-1d73-4cac-8d1d-dc3b4981903d->4736e737-07ca-4f6d-84d7-0ed6bd660367#153-t6, previous=(t:6, i:20), leaderCommit=16, initializing? false, entries: <empty>
2019-09-19 12:11:15,413 [java.util.concurrent.ThreadPoolExecutor$Worker@4f8ba3d5[State = -1, empty queue]] WARN  server.GrpcLogAppender (GrpcLogAppender.java:timeoutAppendRequest(200)) - 1b83d917-1d73-4cac-8d1d-dc3b4981903d@group-7041D5508450->7c8a32d9-49ab-449b-8cc8-032a8828a8ac-GrpcLogAppender: appendEntries Timeout, request=1b83d917-1d73-4cac-8d1d-dc3b4981903d->7c8a32d9-49ab-449b-8cc8-032a8828a8ac#153-t6, previous=(t:6, i:20), leaderCommit=16, initializing? false, entries: <empty>
2019-09-19 12:11:15,557 [grpc-default-executor-2] WARN  server.GrpcLogAppender (LogUtils.java:warn(134)) - 0536a24c-34e3-4c8a-9a31-895de5497f4a@group-11E1763585E1->03555e6f-e7ac-4c8b-ad84-7222370bb52c-AppendLogResponseHandler: Failed appendEntries: org.apache.ratis.thirdparty.io.grpc.StatusRuntimeException: UNAVAILABLE: io exception
2019-09-19 12:11:15,557 [grpc-default-executor-9] WARN  server.GrpcLogAppender (LogUtils.java:warn(134)) - 0536a24c-34e3-4c8a-9a31-895de5497f4a@group-11E1763585E1->35717865-8144-46c5-963e-0895e96939ac-AppendLogResponseHandler: Failed appendEntries: org.apache.ratis.thirdparty.io.grpc.StatusRuntimeException: UNAVAILABLE: io exception
2019-09-19 12:11:15,558 [grpc-default-executor-2] INFO  impl.FollowerInfo (FollowerInfo.java:lambda$new$0(51)) - 0536a24c-34e3-4c8a-9a31-895de5497f4a@group-11E1763585E1->03555e6f-e7ac-4c8b-ad84-7222370bb52c: nextIndex: updateUnconditionally 9 -> 8
2019-09-19 12:11:15,558 [grpc-default-executor-9] INFO  impl.FollowerInfo (FollowerInfo.java:lambda$new$0(51)) - 0536a24c-34e3-4c8a-9a31-895de5497f4a@group-11E1763585E1->35717865-8144-46c5-963e-0895e96939ac: nextIndex: updateUnconditionally 0 -> 0
2019-09-19 12:11:15,677 [java.util.concurrent.ThreadPoolExecutor$Worker@5db7d907[State = -1, empty queue]] WARN  server.GrpcLogAppender (GrpcLogAppender.java:timeoutAppendRequest(200)) - a409f42d-bc3a-405f-bf07-8265a8a77aff@group-82AF4051E50B->9ff75243-8f90-489e-ad4c-fbb8c473db2a-GrpcLogAppender: appendEntries Timeout, request=a409f42d-bc3a-405f-bf07-8265a8a77aff->9ff75243-8f90-489e-ad4c-fbb8c473db2a#168-t1, previous=(t:1, i:17), leaderCommit=13, initializing? false, entries: <empty>
2019-09-19 12:11:15,677 [java.util.concurrent.ThreadPoolExecutor$Worker@3ef0e39a[State = -1, empty queue]] WARN  server.GrpcLogAppender (GrpcLogAppender.java:timeoutAppendRequest(200)) - a409f42d-bc3a-405f-bf07-8265a8a77aff@group-82AF4051E50B->587dad1b-1a08-4278-9ac1-e315232e0934-GrpcLogAppender: appendEntries Timeout, request=a409f42d-bc3a-405f-bf07-8265a8a77aff->587dad1b-1a08-4278-9ac1-e315232e0934#168-t1, previous=(t:1, i:17), leaderCommit=13, initializing? false, entries: <empty>
2019-09-19 12:11:15,913 [java.util.concurrent.ThreadPoolExecutor$Worker@4f8ba3d5[State = -1, empty queue]] WARN  server.GrpcLogAppender (GrpcLogAppender.java:timeoutAppendRequest(200)) - 1b83d917-1d73-4cac-8d1d-dc3b4981903d@group-7041D5508450->7c8a32d9-49ab-449b-8cc8-032a8828a8ac-GrpcLogAppender: appendEntries Timeout, request=1b83d917-1d73-4cac-8d1d-dc3b4981903d->7c8a32d9-49ab-449b-8cc8-032a8828a8ac#154-t6, previous=(t:6, i:20), leaderCommit=16, initializing? false, entries: <empty>
2019-09-19 12:11:15,913 [java.util.concurrent.ThreadPoolExecutor$Worker@5019c524[State = -1, empty queue]] WARN  server.GrpcLogAppender (GrpcLogAppender.java:timeoutAppendRequest(200)) - 1b83d917-1d73-4cac-8d1d-dc3b4981903d@group-7041D5508450->4736e737-07ca-4f6d-84d7-0ed6bd660367-GrpcLogAppender: appendEntries Timeout, request=1b83d917-1d73-4cac-8d1d-dc3b4981903d->4736e737-07ca-4f6d-84d7-0ed6bd660367#154-t6, previous=(t:6, i:20), leaderCommit=16, initializing? false, entries: <empty>
2019-09-19 12:11:16,058 [grpc-default-executor-10] WARN  server.GrpcLogAppender (LogUtils.java:warn(134)) - 0536a24c-34e3-4c8a-9a31-895de5497f4a@group-11E1763585E1->03555e6f-e7ac-4c8b-ad84-7222370bb52c-AppendLogResponseHandler: Failed appendEntries: org.apache.ratis.thirdparty.io.grpc.StatusRuntimeException: UNAVAILABLE: io exception
2019-09-19 12:11:16,058 [grpc-default-executor-8] WARN  server.GrpcLogAppender (LogUtils.java:warn(134)) - 0536a24c-34e3-4c8a-9a31-895de5497f4a@group-11E1763585E1->35717865-8144-46c5-963e-0895e96939ac-AppendLogResponseHandler: Failed appendEntries: org.apache.ratis.thirdparty.io.grpc.StatusRuntimeException: UNAVAILABLE: io exception
2019-09-19 12:11:16,059 [grpc-default-executor-10] INFO  impl.FollowerInfo (FollowerInfo.java:lambda$new$0(51)) - 0536a24c-34e3-4c8a-9a31-895de5497f4a@group-11E1763585E1->03555e6f-e7ac-4c8b-ad84-7222370bb52c: nextIndex: updateUnconditionally 8 -> 7
2019-09-19 12:11:16,059 [grpc-default-executor-8] INFO  impl.FollowerInfo (FollowerInfo.java:lambda$new$0(51)) - 0536a24c-34e3-4c8a-9a31-895de5497f4a@group-11E1763585E1->35717865-8144-46c5-963e-0895e96939ac: nextIndex: updateUnconditionally 0 -> 0
2019-09-19 12:11:16,127 [a409f42d-bc3a-405f-bf07-8265a8a77aff@group-82AF4051E50B-SegmentedRaftLogWorker] WARN  segmented.SegmentedRaftLogWorker (SegmentedRaftLogWorker.java:getFromFuture(90)) - Timeout 3/~
org.apache.ratis.protocol.TimeoutIOException: Timeout 10s: WriteLog:16: (t:1, i:16), STATEMACHINELOGENTRY, client-57877EF1F934, cid=54-writeStateMachineData
	at org.apache.ratis.util.IOUtils.getFromFuture(IOUtils.java:87)
	at org.apache.ratis.server.raftlog.segmented.SegmentedRaftLogWorker$StateMachineDataPolicy.getFromFuture(SegmentedRaftLogWorker.java:87)
	at org.apache.ratis.server.raftlog.segmented.SegmentedRaftLogWorker$WriteLog.execute(SegmentedRaftLogWorker.java:477)
	at org.apache.ratis.server.raftlog.segmented.SegmentedRaftLogWorker.run(SegmentedRaftLogWorker.java:289)
	at java.lang.Thread.run(Thread.java:748)
Caused by: java.util.concurrent.TimeoutException
	at java.util.concurrent.CompletableFuture.timedGet(CompletableFuture.java:1771)
	at java.util.concurrent.CompletableFuture.get(CompletableFuture.java:1915)
	at org.apache.ratis.util.IOUtils.getFromFuture(IOUtils.java:79)
	... 4 more
2019-09-19 12:11:16,178 [java.util.concurrent.ThreadPoolExecutor$Worker@3ef0e39a[State = -1, empty queue]] WARN  server.GrpcLogAppender (GrpcLogAppender.java:timeoutAppendRequest(200)) - a409f42d-bc3a-405f-bf07-8265a8a77aff@group-82AF4051E50B->587dad1b-1a08-4278-9ac1-e315232e0934-GrpcLogAppender: appendEntries Timeout, request=a409f42d-bc3a-405f-bf07-8265a8a77aff->587dad1b-1a08-4278-9ac1-e315232e0934#169-t1, previous=(t:1, i:17), leaderCommit=13, initializing? false, entries: <empty>
2019-09-19 12:11:16,178 [java.util.concurrent.ThreadPoolExecutor$Worker@5db7d907[State = -1, empty queue]] WARN  server.GrpcLogAppender (GrpcLogAppender.java:timeoutAppendRequest(200)) - a409f42d-bc3a-405f-bf07-8265a8a77aff@group-82AF4051E50B->9ff75243-8f90-489e-ad4c-fbb8c473db2a-GrpcLogAppender: appendEntries Timeout, request=a409f42d-bc3a-405f-bf07-8265a8a77aff->9ff75243-8f90-489e-ad4c-fbb8c473db2a#169-t1, previous=(t:1, i:17), leaderCommit=13, initializing? false, entries: <empty>
2019-09-19 12:11:16,414 [java.util.concurrent.ThreadPoolExecutor$Worker@5019c524[State = -1, empty queue]] WARN  server.GrpcLogAppender (GrpcLogAppender.java:timeoutAppendRequest(200)) - 1b83d917-1d73-4cac-8d1d-dc3b4981903d@group-7041D5508450->4736e737-07ca-4f6d-84d7-0ed6bd660367-GrpcLogAppender: appendEntries Timeout, request=1b83d917-1d73-4cac-8d1d-dc3b4981903d->4736e737-07ca-4f6d-84d7-0ed6bd660367#155-t6, previous=(t:6, i:20), leaderCommit=16, initializing? false, entries: <empty>
2019-09-19 12:11:16,414 [java.util.concurrent.ThreadPoolExecutor$Worker@4f8ba3d5[State = -1, empty queue]] WARN  server.GrpcLogAppender (GrpcLogAppender.java:timeoutAppendRequest(200)) - 1b83d917-1d73-4cac-8d1d-dc3b4981903d@group-7041D5508450->7c8a32d9-49ab-449b-8cc8-032a8828a8ac-GrpcLogAppender: appendEntries Timeout, request=1b83d917-1d73-4cac-8d1d-dc3b4981903d->7c8a32d9-49ab-449b-8cc8-032a8828a8ac#155-t6, previous=(t:6, i:20), leaderCommit=16, initializing? false, entries: <empty>
2019-09-19 12:11:16,559 [grpc-default-executor-9] WARN  server.GrpcLogAppender (LogUtils.java:warn(134)) - 0536a24c-34e3-4c8a-9a31-895de5497f4a@group-11E1763585E1->35717865-8144-46c5-963e-0895e96939ac-AppendLogResponseHandler: Failed appendEntries: org.apache.ratis.thirdparty.io.grpc.StatusRuntimeException: UNAVAILABLE: io exception
2019-09-19 12:11:16,559 [grpc-default-executor-4] WARN  server.GrpcLogAppender (LogUtils.java:warn(134)) - 0536a24c-34e3-4c8a-9a31-895de5497f4a@group-11E1763585E1->03555e6f-e7ac-4c8b-ad84-7222370bb52c-AppendLogResponseHandler: Failed appendEntries: org.apache.ratis.thirdparty.io.grpc.StatusRuntimeException: UNAVAILABLE: io exception
2019-09-19 12:11:16,559 [grpc-default-executor-9] INFO  impl.FollowerInfo (FollowerInfo.java:lambda$new$0(51)) - 0536a24c-34e3-4c8a-9a31-895de5497f4a@group-11E1763585E1->35717865-8144-46c5-963e-0895e96939ac: nextIndex: updateUnconditionally 0 -> 0
2019-09-19 12:11:16,560 [grpc-default-executor-4] INFO  impl.FollowerInfo (FollowerInfo.java:lambda$new$0(51)) - 0536a24c-34e3-4c8a-9a31-895de5497f4a@group-11E1763585E1->03555e6f-e7ac-4c8b-ad84-7222370bb52c: nextIndex: updateUnconditionally 7 -> 6
2019-09-19 12:11:16,683 [java.util.concurrent.ThreadPoolExecutor$Worker@3ef0e39a[State = -1, empty queue]] WARN  server.GrpcLogAppender (GrpcLogAppender.java:timeoutAppendRequest(200)) - a409f42d-bc3a-405f-bf07-8265a8a77aff@group-82AF4051E50B->587dad1b-1a08-4278-9ac1-e315232e0934-GrpcLogAppender: appendEntries Timeout, request=a409f42d-bc3a-405f-bf07-8265a8a77aff->587dad1b-1a08-4278-9ac1-e315232e0934#170-t1, previous=(t:1, i:17), leaderCommit=13, initializing? false, entries: <empty>
2019-09-19 12:11:16,683 [java.util.concurrent.ThreadPoolExecutor$Worker@5db7d907[State = -1, empty queue]] WARN  server.GrpcLogAppender (GrpcLogAppender.java:timeoutAppendRequest(200)) - a409f42d-bc3a-405f-bf07-8265a8a77aff@group-82AF4051E50B->9ff75243-8f90-489e-ad4c-fbb8c473db2a-GrpcLogAppender: appendEntries Timeout, request=a409f42d-bc3a-405f-bf07-8265a8a77aff->9ff75243-8f90-489e-ad4c-fbb8c473db2a#170-t1, previous=(t:1, i:17), leaderCommit=13, initializing? false, entries: <empty>
2019-09-19 12:11:16,914 [java.util.concurrent.ThreadPoolExecutor$Worker@4f8ba3d5[State = -1, empty queue]] WARN  server.GrpcLogAppender (GrpcLogAppender.java:timeoutAppendRequest(200)) - 1b83d917-1d73-4cac-8d1d-dc3b4981903d@group-7041D5508450->7c8a32d9-49ab-449b-8cc8-032a8828a8ac-GrpcLogAppender: appendEntries Timeout, request=1b83d917-1d73-4cac-8d1d-dc3b4981903d->7c8a32d9-49ab-449b-8cc8-032a8828a8ac#156-t6, previous=(t:6, i:20), leaderCommit=16, initializing? false, entries: <empty>
2019-09-19 12:11:16,914 [java.util.concurrent.ThreadPoolExecutor$Worker@5019c524[State = -1, empty queue]] WARN  server.GrpcLogAppender (GrpcLogAppender.java:timeoutAppendRequest(200)) - 1b83d917-1d73-4cac-8d1d-dc3b4981903d@group-7041D5508450->4736e737-07ca-4f6d-84d7-0ed6bd660367-GrpcLogAppender: appendEntries Timeout, request=1b83d917-1d73-4cac-8d1d-dc3b4981903d->4736e737-07ca-4f6d-84d7-0ed6bd660367#156-t6, previous=(t:6, i:20), leaderCommit=16, initializing? false, entries: <empty>
2019-09-19 12:11:17,060 [grpc-default-executor-10] WARN  server.GrpcLogAppender (LogUtils.java:warn(134)) - 0536a24c-34e3-4c8a-9a31-895de5497f4a@group-11E1763585E1->03555e6f-e7ac-4c8b-ad84-7222370bb52c-AppendLogResponseHandler: Failed appendEntries: org.apache.ratis.thirdparty.io.grpc.StatusRuntimeException: UNAVAILABLE: io exception
2019-09-19 12:11:17,060 [grpc-default-executor-4] WARN  server.GrpcLogAppender (LogUtils.java:warn(134)) - 0536a24c-34e3-4c8a-9a31-895de5497f4a@group-11E1763585E1->35717865-8144-46c5-963e-0895e96939ac-AppendLogResponseHandler: Failed appendEntries: org.apache.ratis.thirdparty.io.grpc.StatusRuntimeException: UNAVAILABLE: io exception
2019-09-19 12:11:17,060 [grpc-default-executor-10] INFO  impl.FollowerInfo (FollowerInfo.java:lambda$new$0(51)) - 0536a24c-34e3-4c8a-9a31-895de5497f4a@group-11E1763585E1->03555e6f-e7ac-4c8b-ad84-7222370bb52c: nextIndex: updateUnconditionally 6 -> 5
2019-09-19 12:11:17,061 [grpc-default-executor-4] INFO  impl.FollowerInfo (FollowerInfo.java:lambda$new$0(51)) - 0536a24c-34e3-4c8a-9a31-895de5497f4a@group-11E1763585E1->35717865-8144-46c5-963e-0895e96939ac: nextIndex: updateUnconditionally 0 -> 0
2019-09-19 12:11:17,183 [java.util.concurrent.ThreadPoolExecutor$Worker@5db7d907[State = -1, empty queue]] WARN  server.GrpcLogAppender (GrpcLogAppender.java:timeoutAppendRequest(200)) - a409f42d-bc3a-405f-bf07-8265a8a77aff@group-82AF4051E50B->9ff75243-8f90-489e-ad4c-fbb8c473db2a-GrpcLogAppender: appendEntries Timeout, request=a409f42d-bc3a-405f-bf07-8265a8a77aff->9ff75243-8f90-489e-ad4c-fbb8c473db2a#171-t1, previous=(t:1, i:17), leaderCommit=13, initializing? false, entries: <empty>
2019-09-19 12:11:17,183 [java.util.concurrent.ThreadPoolExecutor$Worker@3ef0e39a[State = -1, empty queue]] WARN  server.GrpcLogAppender (GrpcLogAppender.java:timeoutAppendRequest(200)) - a409f42d-bc3a-405f-bf07-8265a8a77aff@group-82AF4051E50B->587dad1b-1a08-4278-9ac1-e315232e0934-GrpcLogAppender: appendEntries Timeout, request=a409f42d-bc3a-405f-bf07-8265a8a77aff->587dad1b-1a08-4278-9ac1-e315232e0934#171-t1, previous=(t:1, i:17), leaderCommit=13, initializing? false, entries: <empty>
2019-09-19 12:11:17,414 [java.util.concurrent.ThreadPoolExecutor$Worker@4f8ba3d5[State = -1, empty queue]] WARN  server.GrpcLogAppender (GrpcLogAppender.java:timeoutAppendRequest(200)) - 1b83d917-1d73-4cac-8d1d-dc3b4981903d@group-7041D5508450->7c8a32d9-49ab-449b-8cc8-032a8828a8ac-GrpcLogAppender: appendEntries Timeout, request=1b83d917-1d73-4cac-8d1d-dc3b4981903d->7c8a32d9-49ab-449b-8cc8-032a8828a8ac#157-t6, previous=(t:6, i:20), leaderCommit=16, initializing? false, entries: <empty>
2019-09-19 12:11:17,414 [java.util.concurrent.ThreadPoolExecutor$Worker@5019c524[State = -1, empty queue]] WARN  server.GrpcLogAppender (GrpcLogAppender.java:timeoutAppendRequest(200)) - 1b83d917-1d73-4cac-8d1d-dc3b4981903d@group-7041D5508450->4736e737-07ca-4f6d-84d7-0ed6bd660367-GrpcLogAppender: appendEntries Timeout, request=1b83d917-1d73-4cac-8d1d-dc3b4981903d->4736e737-07ca-4f6d-84d7-0ed6bd660367#157-t6, previous=(t:6, i:20), leaderCommit=16, initializing? false, entries: <empty>
2019-09-19 12:11:17,561 [grpc-default-executor-9] WARN  server.GrpcLogAppender (LogUtils.java:warn(134)) - 0536a24c-34e3-4c8a-9a31-895de5497f4a@group-11E1763585E1->35717865-8144-46c5-963e-0895e96939ac-AppendLogResponseHandler: Failed appendEntries: org.apache.ratis.thirdparty.io.grpc.StatusRuntimeException: UNAVAILABLE: io exception
2019-09-19 12:11:17,561 [grpc-default-executor-10] WARN  server.GrpcLogAppender (LogUtils.java:warn(134)) - 0536a24c-34e3-4c8a-9a31-895de5497f4a@group-11E1763585E1->03555e6f-e7ac-4c8b-ad84-7222370bb52c-AppendLogResponseHandler: Failed appendEntries: org.apache.ratis.thirdparty.io.grpc.StatusRuntimeException: UNAVAILABLE: io exception
2019-09-19 12:11:17,561 [grpc-default-executor-9] INFO  impl.FollowerInfo (FollowerInfo.java:lambda$new$0(51)) - 0536a24c-34e3-4c8a-9a31-895de5497f4a@group-11E1763585E1->35717865-8144-46c5-963e-0895e96939ac: nextIndex: updateUnconditionally 0 -> 0
2019-09-19 12:11:17,561 [grpc-default-executor-10] INFO  impl.FollowerInfo (FollowerInfo.java:lambda$new$0(51)) - 0536a24c-34e3-4c8a-9a31-895de5497f4a@group-11E1763585E1->03555e6f-e7ac-4c8b-ad84-7222370bb52c: nextIndex: updateUnconditionally 5 -> 4
2019-09-19 12:11:17,776 [java.util.concurrent.ThreadPoolExecutor$Worker@5db7d907[State = -1, empty queue]] WARN  server.GrpcLogAppender (GrpcLogAppender.java:timeoutAppendRequest(200)) - a409f42d-bc3a-405f-bf07-8265a8a77aff@group-82AF4051E50B->9ff75243-8f90-489e-ad4c-fbb8c473db2a-GrpcLogAppender: appendEntries Timeout, request=a409f42d-bc3a-405f-bf07-8265a8a77aff->9ff75243-8f90-489e-ad4c-fbb8c473db2a#172-t1, previous=(t:1, i:17), leaderCommit=13, initializing? false, entries: <empty>
2019-09-19 12:11:17,776 [java.util.concurrent.ThreadPoolExecutor$Worker@3ef0e39a[State = -1, empty queue]] WARN  server.GrpcLogAppender (GrpcLogAppender.java:timeoutAppendRequest(200)) - a409f42d-bc3a-405f-bf07-8265a8a77aff@group-82AF4051E50B->587dad1b-1a08-4278-9ac1-e315232e0934-GrpcLogAppender: appendEntries Timeout, request=a409f42d-bc3a-405f-bf07-8265a8a77aff->587dad1b-1a08-4278-9ac1-e315232e0934#172-t1, previous=(t:1, i:17), leaderCommit=13, initializing? false, entries: <empty>
2019-09-19 12:11:17,915 [java.util.concurrent.ThreadPoolExecutor$Worker@4f8ba3d5[State = -1, empty queue]] WARN  server.GrpcLogAppender (GrpcLogAppender.java:timeoutAppendRequest(200)) - 1b83d917-1d73-4cac-8d1d-dc3b4981903d@group-7041D5508450->7c8a32d9-49ab-449b-8cc8-032a8828a8ac-GrpcLogAppender: appendEntries Timeout, request=1b83d917-1d73-4cac-8d1d-dc3b4981903d->7c8a32d9-49ab-449b-8cc8-032a8828a8ac#158-t6, previous=(t:6, i:20), leaderCommit=16, initializing? false, entries: <empty>
2019-09-19 12:11:17,915 [java.util.concurrent.ThreadPoolExecutor$Worker@5019c524[State = -1, empty queue]] WARN  server.GrpcLogAppender (GrpcLogAppender.java:timeoutAppendRequest(200)) - 1b83d917-1d73-4cac-8d1d-dc3b4981903d@group-7041D5508450->4736e737-07ca-4f6d-84d7-0ed6bd660367-GrpcLogAppender: appendEntries Timeout, request=1b83d917-1d73-4cac-8d1d-dc3b4981903d->4736e737-07ca-4f6d-84d7-0ed6bd660367#158-t6, previous=(t:6, i:20), leaderCommit=16, initializing? false, entries: <empty>
2019-09-19 12:11:18,062 [grpc-default-executor-1] WARN  server.GrpcLogAppender (LogUtils.java:warn(134)) - 0536a24c-34e3-4c8a-9a31-895de5497f4a@group-11E1763585E1->03555e6f-e7ac-4c8b-ad84-7222370bb52c-AppendLogResponseHandler: Failed appendEntries: org.apache.ratis.thirdparty.io.grpc.StatusRuntimeException: UNAVAILABLE: io exception
2019-09-19 12:11:18,062 [grpc-default-executor-8] WARN  server.GrpcLogAppender (LogUtils.java:warn(134)) - 0536a24c-34e3-4c8a-9a31-895de5497f4a@group-11E1763585E1->35717865-8144-46c5-963e-0895e96939ac-AppendLogResponseHandler: Failed appendEntries: org.apache.ratis.thirdparty.io.grpc.StatusRuntimeException: UNAVAILABLE: io exception
2019-09-19 12:11:18,062 [grpc-default-executor-1] INFO  impl.FollowerInfo (FollowerInfo.java:lambda$new$0(51)) - 0536a24c-34e3-4c8a-9a31-895de5497f4a@group-11E1763585E1->03555e6f-e7ac-4c8b-ad84-7222370bb52c: nextIndex: updateUnconditionally 4 -> 3
2019-09-19 12:11:18,062 [grpc-default-executor-8] INFO  impl.FollowerInfo (FollowerInfo.java:lambda$new$0(51)) - 0536a24c-34e3-4c8a-9a31-895de5497f4a@group-11E1763585E1->35717865-8144-46c5-963e-0895e96939ac: nextIndex: updateUnconditionally 0 -> 0
2019-09-19 12:11:18,184 [java.util.concurrent.ThreadPoolExecutor$Worker@5db7d907[State = -1, empty queue]] WARN  server.GrpcLogAppender (GrpcLogAppender.java:timeoutAppendRequest(200)) - a409f42d-bc3a-405f-bf07-8265a8a77aff@group-82AF4051E50B->9ff75243-8f90-489e-ad4c-fbb8c473db2a-GrpcLogAppender: appendEntries Timeout, request=a409f42d-bc3a-405f-bf07-8265a8a77aff->9ff75243-8f90-489e-ad4c-fbb8c473db2a#173-t1, previous=(t:1, i:17), leaderCommit=13, initializing? false, entries: <empty>
2019-09-19 12:11:18,184 [java.util.concurrent.ThreadPoolExecutor$Worker@3ef0e39a[State = -1, empty queue]] WARN  server.GrpcLogAppender (GrpcLogAppender.java:timeoutAppendRequest(200)) - a409f42d-bc3a-405f-bf07-8265a8a77aff@group-82AF4051E50B->587dad1b-1a08-4278-9ac1-e315232e0934-GrpcLogAppender: appendEntries Timeout, request=a409f42d-bc3a-405f-bf07-8265a8a77aff->587dad1b-1a08-4278-9ac1-e315232e0934#173-t1, previous=(t:1, i:17), leaderCommit=13, initializing? false, entries: <empty>
2019-09-19 12:11:18,331 [4736e737-07ca-4f6d-84d7-0ed6bd660367@group-7041D5508450-SegmentedRaftLogWorker] WARN  segmented.SegmentedRaftLogWorker (SegmentedRaftLogWorker.java:getFromFuture(90)) - Timeout 6/~
org.apache.ratis.protocol.TimeoutIOException: Timeout 10s: WriteLog:17: (t:6, i:17), STATEMACHINELOGENTRY, client-F1DE9C258D1C, cid=38-writeStateMachineData
	at org.apache.ratis.util.IOUtils.getFromFuture(IOUtils.java:87)
	at org.apache.ratis.server.raftlog.segmented.SegmentedRaftLogWorker$StateMachineDataPolicy.getFromFuture(SegmentedRaftLogWorker.java:87)
	at org.apache.ratis.server.raftlog.segmented.SegmentedRaftLogWorker$WriteLog.execute(SegmentedRaftLogWorker.java:477)
	at org.apache.ratis.server.raftlog.segmented.SegmentedRaftLogWorker.run(SegmentedRaftLogWorker.java:289)
	at java.lang.Thread.run(Thread.java:748)
Caused by: java.util.concurrent.TimeoutException
	at java.util.concurrent.CompletableFuture.timedGet(CompletableFuture.java:1771)
	at java.util.concurrent.CompletableFuture.get(CompletableFuture.java:1915)
	at org.apache.ratis.util.IOUtils.getFromFuture(IOUtils.java:79)
	... 4 more
2019-09-19 12:11:18,339 [7c8a32d9-49ab-449b-8cc8-032a8828a8ac@group-7041D5508450-SegmentedRaftLogWorker] WARN  segmented.SegmentedRaftLogWorker (SegmentedRaftLogWorker.java:getFromFuture(90)) - Timeout 6/~
org.apache.ratis.protocol.TimeoutIOException: Timeout 10s: WriteLog:17: (t:6, i:17), STATEMACHINELOGENTRY, client-F1DE9C258D1C, cid=38-writeStateMachineData
	at org.apache.ratis.util.IOUtils.getFromFuture(IOUtils.java:87)
	at org.apache.ratis.server.raftlog.segmented.SegmentedRaftLogWorker$StateMachineDataPolicy.getFromFuture(SegmentedRaftLogWorker.java:87)
	at org.apache.ratis.server.raftlog.segmented.SegmentedRaftLogWorker$WriteLog.execute(SegmentedRaftLogWorker.java:477)
	at org.apache.ratis.server.raftlog.segmented.SegmentedRaftLogWorker.run(SegmentedRaftLogWorker.java:289)
	at java.lang.Thread.run(Thread.java:748)
Caused by: java.util.concurrent.TimeoutException
	at java.util.concurrent.CompletableFuture.timedGet(CompletableFuture.java:1771)
	at java.util.concurrent.CompletableFuture.get(CompletableFuture.java:1915)
	at org.apache.ratis.util.IOUtils.getFromFuture(IOUtils.java:79)
	... 4 more
2019-09-19 12:11:18,415 [java.util.concurrent.ThreadPoolExecutor$Worker@5019c524[State = -1, empty queue]] WARN  server.GrpcLogAppender (GrpcLogAppender.java:timeoutAppendRequest(200)) - 1b83d917-1d73-4cac-8d1d-dc3b4981903d@group-7041D5508450->4736e737-07ca-4f6d-84d7-0ed6bd660367-GrpcLogAppender: appendEntries Timeout, request=1b83d917-1d73-4cac-8d1d-dc3b4981903d->4736e737-07ca-4f6d-84d7-0ed6bd660367#159-t6, previous=(t:6, i:20), leaderCommit=16, initializing? false, entries: <empty>
2019-09-19 12:11:18,416 [java.util.concurrent.ThreadPoolExecutor$Worker@4f8ba3d5[State = -1, empty queue]] WARN  server.GrpcLogAppender (GrpcLogAppender.java:timeoutAppendRequest(200)) - 1b83d917-1d73-4cac-8d1d-dc3b4981903d@group-7041D5508450->7c8a32d9-49ab-449b-8cc8-032a8828a8ac-GrpcLogAppender: appendEntries Timeout, request=1b83d917-1d73-4cac-8d1d-dc3b4981903d->7c8a32d9-49ab-449b-8cc8-032a8828a8ac#159-t6, previous=(t:6, i:20), leaderCommit=16, initializing? false, entries: <empty>
2019-09-19 12:11:18,562 [grpc-default-executor-1] WARN  server.GrpcLogAppender (LogUtils.java:warn(134)) - 0536a24c-34e3-4c8a-9a31-895de5497f4a@group-11E1763585E1->35717865-8144-46c5-963e-0895e96939ac-AppendLogResponseHandler: Failed appendEntries: org.apache.ratis.thirdparty.io.grpc.StatusRuntimeException: UNAVAILABLE: io exception
2019-09-19 12:11:18,562 [grpc-default-executor-8] WARN  server.GrpcLogAppender (LogUtils.java:warn(134)) - 0536a24c-34e3-4c8a-9a31-895de5497f4a@group-11E1763585E1->03555e6f-e7ac-4c8b-ad84-7222370bb52c-AppendLogResponseHandler: Failed appendEntries: org.apache.ratis.thirdparty.io.grpc.StatusRuntimeException: UNAVAILABLE: io exception
2019-09-19 12:11:18,563 [grpc-default-executor-1] INFO  impl.FollowerInfo (FollowerInfo.java:lambda$new$0(51)) - 0536a24c-34e3-4c8a-9a31-895de5497f4a@group-11E1763585E1->35717865-8144-46c5-963e-0895e96939ac: nextIndex: updateUnconditionally 0 -> 0
2019-09-19 12:11:18,563 [grpc-default-executor-8] INFO  impl.FollowerInfo (FollowerInfo.java:lambda$new$0(51)) - 0536a24c-34e3-4c8a-9a31-895de5497f4a@group-11E1763585E1->03555e6f-e7ac-4c8b-ad84-7222370bb52c: nextIndex: updateUnconditionally 3 -> 2
2019-09-19 12:11:18,684 [java.util.concurrent.ThreadPoolExecutor$Worker@3ef0e39a[State = -1, empty queue]] WARN  server.GrpcLogAppender (GrpcLogAppender.java:timeoutAppendRequest(200)) - a409f42d-bc3a-405f-bf07-8265a8a77aff@group-82AF4051E50B->587dad1b-1a08-4278-9ac1-e315232e0934-GrpcLogAppender: appendEntries Timeout, request=a409f42d-bc3a-405f-bf07-8265a8a77aff->587dad1b-1a08-4278-9ac1-e315232e0934#174-t1, previous=(t:1, i:17), leaderCommit=13, initializing? false, entries: <empty>
2019-09-19 12:11:18,684 [java.util.concurrent.ThreadPoolExecutor$Worker@5db7d907[State = -1, empty queue]] WARN  server.GrpcLogAppender (GrpcLogAppender.java:timeoutAppendRequest(200)) - a409f42d-bc3a-405f-bf07-8265a8a77aff@group-82AF4051E50B->9ff75243-8f90-489e-ad4c-fbb8c473db2a-GrpcLogAppender: appendEntries Timeout, request=a409f42d-bc3a-405f-bf07-8265a8a77aff->9ff75243-8f90-489e-ad4c-fbb8c473db2a#174-t1, previous=(t:1, i:17), leaderCommit=13, initializing? false, entries: <empty>
2019-09-19 12:11:18,916 [java.util.concurrent.ThreadPoolExecutor$Worker@5019c524[State = -1, empty queue]] WARN  server.GrpcLogAppender (GrpcLogAppender.java:timeoutAppendRequest(200)) - 1b83d917-1d73-4cac-8d1d-dc3b4981903d@group-7041D5508450->4736e737-07ca-4f6d-84d7-0ed6bd660367-GrpcLogAppender: appendEntries Timeout, request=1b83d917-1d73-4cac-8d1d-dc3b4981903d->4736e737-07ca-4f6d-84d7-0ed6bd660367#160-t6, previous=(t:6, i:20), leaderCommit=16, initializing? false, entries: <empty>
2019-09-19 12:11:18,916 [java.util.concurrent.ThreadPoolExecutor$Worker@4f8ba3d5[State = -1, empty queue]] WARN  server.GrpcLogAppender (GrpcLogAppender.java:timeoutAppendRequest(200)) - 1b83d917-1d73-4cac-8d1d-dc3b4981903d@group-7041D5508450->7c8a32d9-49ab-449b-8cc8-032a8828a8ac-GrpcLogAppender: appendEntries Timeout, request=1b83d917-1d73-4cac-8d1d-dc3b4981903d->7c8a32d9-49ab-449b-8cc8-032a8828a8ac#160-t6, previous=(t:6, i:20), leaderCommit=16, initializing? false, entries: <empty>
2019-09-19 12:11:19,063 [grpc-default-executor-2] WARN  server.GrpcLogAppender (LogUtils.java:warn(134)) - 0536a24c-34e3-4c8a-9a31-895de5497f4a@group-11E1763585E1->03555e6f-e7ac-4c8b-ad84-7222370bb52c-AppendLogResponseHandler: Failed appendEntries: org.apache.ratis.thirdparty.io.grpc.StatusRuntimeException: UNAVAILABLE: io exception
2019-09-19 12:11:19,063 [grpc-default-executor-4] WARN  server.GrpcLogAppender (LogUtils.java:warn(134)) - 0536a24c-34e3-4c8a-9a31-895de5497f4a@group-11E1763585E1->35717865-8144-46c5-963e-0895e96939ac-AppendLogResponseHandler: Failed appendEntries: org.apache.ratis.thirdparty.io.grpc.StatusRuntimeException: UNAVAILABLE: io exception
2019-09-19 12:11:19,063 [grpc-default-executor-2] INFO  impl.FollowerInfo (FollowerInfo.java:lambda$new$0(51)) - 0536a24c-34e3-4c8a-9a31-895de5497f4a@group-11E1763585E1->03555e6f-e7ac-4c8b-ad84-7222370bb52c: nextIndex: updateUnconditionally 2 -> 1
2019-09-19 12:11:19,064 [grpc-default-executor-4] INFO  impl.FollowerInfo (FollowerInfo.java:lambda$new$0(51)) - 0536a24c-34e3-4c8a-9a31-895de5497f4a@group-11E1763585E1->35717865-8144-46c5-963e-0895e96939ac: nextIndex: updateUnconditionally 0 -> 0
2019-09-19 12:11:19,184 [java.util.concurrent.ThreadPoolExecutor$Worker@3ef0e39a[State = -1, empty queue]] WARN  server.GrpcLogAppender (GrpcLogAppender.java:timeoutAppendRequest(200)) - a409f42d-bc3a-405f-bf07-8265a8a77aff@group-82AF4051E50B->587dad1b-1a08-4278-9ac1-e315232e0934-GrpcLogAppender: appendEntries Timeout, request=a409f42d-bc3a-405f-bf07-8265a8a77aff->587dad1b-1a08-4278-9ac1-e315232e0934#175-t1, previous=(t:1, i:17), leaderCommit=13, initializing? false, entries: <empty>
2019-09-19 12:11:19,184 [java.util.concurrent.ThreadPoolExecutor$Worker@5db7d907[State = -1, empty queue]] WARN  server.GrpcLogAppender (GrpcLogAppender.java:timeoutAppendRequest(200)) - a409f42d-bc3a-405f-bf07-8265a8a77aff@group-82AF4051E50B->9ff75243-8f90-489e-ad4c-fbb8c473db2a-GrpcLogAppender: appendEntries Timeout, request=a409f42d-bc3a-405f-bf07-8265a8a77aff->9ff75243-8f90-489e-ad4c-fbb8c473db2a#175-t1, previous=(t:1, i:17), leaderCommit=13, initializing? false, entries: <empty>
2019-09-19 12:11:19,372 [1b83d917-1d73-4cac-8d1d-dc3b4981903d@group-7041D5508450-SegmentedRaftLogWorker] WARN  segmented.SegmentedRaftLogWorker (SegmentedRaftLogWorker.java:getFromFuture(90)) - Timeout 6/~
org.apache.ratis.protocol.TimeoutIOException: Timeout 10s: WriteLog:19: (t:6, i:19), STATEMACHINELOGENTRY, client-F1DE9C258D1C, cid=40-writeStateMachineData
	at org.apache.ratis.util.IOUtils.getFromFuture(IOUtils.java:87)
	at org.apache.ratis.server.raftlog.segmented.SegmentedRaftLogWorker$StateMachineDataPolicy.getFromFuture(SegmentedRaftLogWorker.java:87)
	at org.apache.ratis.server.raftlog.segmented.SegmentedRaftLogWorker$WriteLog.execute(SegmentedRaftLogWorker.java:477)
	at org.apache.ratis.server.raftlog.segmented.SegmentedRaftLogWorker.run(SegmentedRaftLogWorker.java:289)
	at java.lang.Thread.run(Thread.java:748)
Caused by: java.util.concurrent.TimeoutException
	at java.util.concurrent.CompletableFuture.timedGet(CompletableFuture.java:1771)
	at java.util.concurrent.CompletableFuture.get(CompletableFuture.java:1915)
	at org.apache.ratis.util.IOUtils.getFromFuture(IOUtils.java:79)
	... 4 more
2019-09-19 12:11:19,416 [java.util.concurrent.ThreadPoolExecutor$Worker@5019c524[State = -1, empty queue]] WARN  server.GrpcLogAppender (GrpcLogAppender.java:timeoutAppendRequest(200)) - 1b83d917-1d73-4cac-8d1d-dc3b4981903d@group-7041D5508450->4736e737-07ca-4f6d-84d7-0ed6bd660367-GrpcLogAppender: appendEntries Timeout, request=1b83d917-1d73-4cac-8d1d-dc3b4981903d->4736e737-07ca-4f6d-84d7-0ed6bd660367#161-t6, previous=(t:6, i:20), leaderCommit=16, initializing? false, entries: <empty>
2019-09-19 12:11:19,416 [java.util.concurrent.ThreadPoolExecutor$Worker@4f8ba3d5[State = -1, empty queue]] WARN  server.GrpcLogAppender (GrpcLogAppender.java:timeoutAppendRequest(200)) - 1b83d917-1d73-4cac-8d1d-dc3b4981903d@group-7041D5508450->7c8a32d9-49ab-449b-8cc8-032a8828a8ac-GrpcLogAppender: appendEntries Timeout, request=1b83d917-1d73-4cac-8d1d-dc3b4981903d->7c8a32d9-49ab-449b-8cc8-032a8828a8ac#161-t6, previous=(t:6, i:20), leaderCommit=16, initializing? false, entries: <empty>
2019-09-19 12:11:19,563 [grpc-default-executor-10] WARN  server.GrpcLogAppender (LogUtils.java:warn(134)) - 0536a24c-34e3-4c8a-9a31-895de5497f4a@group-11E1763585E1->03555e6f-e7ac-4c8b-ad84-7222370bb52c-AppendLogResponseHandler: Failed appendEntries: org.apache.ratis.thirdparty.io.grpc.StatusRuntimeException: UNAVAILABLE: io exception
2019-09-19 12:11:19,563 [grpc-default-executor-1] WARN  server.GrpcLogAppender (LogUtils.java:warn(134)) - 0536a24c-34e3-4c8a-9a31-895de5497f4a@group-11E1763585E1->35717865-8144-46c5-963e-0895e96939ac-AppendLogResponseHandler: Failed appendEntries: org.apache.ratis.thirdparty.io.grpc.StatusRuntimeException: UNAVAILABLE: io exception
2019-09-19 12:11:19,564 [grpc-default-executor-10] INFO  impl.FollowerInfo (FollowerInfo.java:lambda$new$0(51)) - 0536a24c-34e3-4c8a-9a31-895de5497f4a@group-11E1763585E1->03555e6f-e7ac-4c8b-ad84-7222370bb52c: nextIndex: updateUnconditionally 1 -> 0
2019-09-19 12:11:19,564 [grpc-default-executor-1] INFO  impl.FollowerInfo (FollowerInfo.java:lambda$new$0(51)) - 0536a24c-34e3-4c8a-9a31-895de5497f4a@group-11E1763585E1->35717865-8144-46c5-963e-0895e96939ac: nextIndex: updateUnconditionally 0 -> 0
2019-09-19 12:11:19,684 [java.util.concurrent.ThreadPoolExecutor$Worker@5db7d907[State = -1, empty queue]] WARN  server.GrpcLogAppender (GrpcLogAppender.java:timeoutAppendRequest(200)) - a409f42d-bc3a-405f-bf07-8265a8a77aff@group-82AF4051E50B->9ff75243-8f90-489e-ad4c-fbb8c473db2a-GrpcLogAppender: appendEntries Timeout, request=a409f42d-bc3a-405f-bf07-8265a8a77aff->9ff75243-8f90-489e-ad4c-fbb8c473db2a#176-t1, previous=(t:1, i:17), leaderCommit=13, initializing? false, entries: <empty>
2019-09-19 12:11:19,684 [java.util.concurrent.ThreadPoolExecutor$Worker@3ef0e39a[State = -1, empty queue]] WARN  server.GrpcLogAppender (GrpcLogAppender.java:timeoutAppendRequest(200)) - a409f42d-bc3a-405f-bf07-8265a8a77aff@group-82AF4051E50B->587dad1b-1a08-4278-9ac1-e315232e0934-GrpcLogAppender: appendEntries Timeout, request=a409f42d-bc3a-405f-bf07-8265a8a77aff->587dad1b-1a08-4278-9ac1-e315232e0934#176-t1, previous=(t:1, i:17), leaderCommit=13, initializing? false, entries: <empty>
2019-09-19 12:11:19,916 [java.util.concurrent.ThreadPoolExecutor$Worker@5019c524[State = -1, empty queue]] WARN  server.GrpcLogAppender (GrpcLogAppender.java:timeoutAppendRequest(200)) - 1b83d917-1d73-4cac-8d1d-dc3b4981903d@group-7041D5508450->4736e737-07ca-4f6d-84d7-0ed6bd660367-GrpcLogAppender: appendEntries Timeout, request=1b83d917-1d73-4cac-8d1d-dc3b4981903d->4736e737-07ca-4f6d-84d7-0ed6bd660367#162-t6, previous=(t:6, i:20), leaderCommit=16, initializing? false, entries: <empty>
2019-09-19 12:11:19,916 [java.util.concurrent.ThreadPoolExecutor$Worker@4f8ba3d5[State = -1, empty queue]] WARN  server.GrpcLogAppender (GrpcLogAppender.java:timeoutAppendRequest(200)) - 1b83d917-1d73-4cac-8d1d-dc3b4981903d@group-7041D5508450->7c8a32d9-49ab-449b-8cc8-032a8828a8ac-GrpcLogAppender: appendEntries Timeout, request=1b83d917-1d73-4cac-8d1d-dc3b4981903d->7c8a32d9-49ab-449b-8cc8-032a8828a8ac#162-t6, previous=(t:6, i:20), leaderCommit=16, initializing? false, entries: <empty>
2019-09-19 12:11:20,064 [grpc-default-executor-4] WARN  server.GrpcLogAppender (LogUtils.java:warn(134)) - 0536a24c-34e3-4c8a-9a31-895de5497f4a@group-11E1763585E1->03555e6f-e7ac-4c8b-ad84-7222370bb52c-AppendLogResponseHandler: Failed appendEntries: org.apache.ratis.thirdparty.io.grpc.StatusRuntimeException: UNAVAILABLE: io exception
2019-09-19 12:11:20,064 [grpc-default-executor-8] WARN  server.GrpcLogAppender (LogUtils.java:warn(134)) - 0536a24c-34e3-4c8a-9a31-895de5497f4a@group-11E1763585E1->35717865-8144-46c5-963e-0895e96939ac-AppendLogResponseHandler: Failed appendEntries: org.apache.ratis.thirdparty.io.grpc.StatusRuntimeException: UNAVAILABLE: io exception
2019-09-19 12:11:20,065 [grpc-default-executor-4] INFO  impl.FollowerInfo (FollowerInfo.java:lambda$new$0(51)) - 0536a24c-34e3-4c8a-9a31-895de5497f4a@group-11E1763585E1->03555e6f-e7ac-4c8b-ad84-7222370bb52c: nextIndex: updateUnconditionally 0 -> 0
2019-09-19 12:11:20,065 [grpc-default-executor-8] INFO  impl.FollowerInfo (FollowerInfo.java:lambda$new$0(51)) - 0536a24c-34e3-4c8a-9a31-895de5497f4a@group-11E1763585E1->35717865-8144-46c5-963e-0895e96939ac: nextIndex: updateUnconditionally 0 -> 0
2019-09-19 12:11:20,185 [java.util.concurrent.ThreadPoolExecutor$Worker@5db7d907[State = -1, empty queue]] WARN  server.GrpcLogAppender (GrpcLogAppender.java:timeoutAppendRequest(200)) - a409f42d-bc3a-405f-bf07-8265a8a77aff@group-82AF4051E50B->9ff75243-8f90-489e-ad4c-fbb8c473db2a-GrpcLogAppender: appendEntries Timeout, request=a409f42d-bc3a-405f-bf07-8265a8a77aff->9ff75243-8f90-489e-ad4c-fbb8c473db2a#177-t1, previous=(t:1, i:17), leaderCommit=13, initializing? false, entries: <empty>
2019-09-19 12:11:20,185 [java.util.concurrent.ThreadPoolExecutor$Worker@3ef0e39a[State = -1, empty queue]] WARN  server.GrpcLogAppender (GrpcLogAppender.java:timeoutAppendRequest(200)) - a409f42d-bc3a-405f-bf07-8265a8a77aff@group-82AF4051E50B->587dad1b-1a08-4278-9ac1-e315232e0934-GrpcLogAppender: appendEntries Timeout, request=a409f42d-bc3a-405f-bf07-8265a8a77aff->587dad1b-1a08-4278-9ac1-e315232e0934#177-t1, previous=(t:1, i:17), leaderCommit=13, initializing? false, entries: <empty>
2019-09-19 12:11:20,416 [java.util.concurrent.ThreadPoolExecutor$Worker@5019c524[State = -1, empty queue]] WARN  server.GrpcLogAppender (GrpcLogAppender.java:timeoutAppendRequest(200)) - 1b83d917-1d73-4cac-8d1d-dc3b4981903d@group-7041D5508450->4736e737-07ca-4f6d-84d7-0ed6bd660367-GrpcLogAppender: appendEntries Timeout, request=1b83d917-1d73-4cac-8d1d-dc3b4981903d->4736e737-07ca-4f6d-84d7-0ed6bd660367#163-t6, previous=(t:6, i:20), leaderCommit=16, initializing? false, entries: <empty>
2019-09-19 12:11:20,417 [java.util.concurrent.ThreadPoolExecutor$Worker@4f8ba3d5[State = -1, empty queue]] WARN  server.GrpcLogAppender (GrpcLogAppender.java:timeoutAppendRequest(200)) - 1b83d917-1d73-4cac-8d1d-dc3b4981903d@group-7041D5508450->7c8a32d9-49ab-449b-8cc8-032a8828a8ac-GrpcLogAppender: appendEntries Timeout, request=1b83d917-1d73-4cac-8d1d-dc3b4981903d->7c8a32d9-49ab-449b-8cc8-032a8828a8ac#163-t6, previous=(t:6, i:20), leaderCommit=16, initializing? false, entries: <empty>
2019-09-19 12:11:20,569 [grpc-default-executor-1] WARN  server.GrpcLogAppender (LogUtils.java:warn(134)) - 0536a24c-34e3-4c8a-9a31-895de5497f4a@group-11E1763585E1->35717865-8144-46c5-963e-0895e96939ac-AppendLogResponseHandler: Failed appendEntries: org.apache.ratis.thirdparty.io.grpc.StatusRuntimeException: UNAVAILABLE: io exception
2019-09-19 12:11:20,569 [grpc-default-executor-2] WARN  server.GrpcLogAppender (LogUtils.java:warn(134)) - 0536a24c-34e3-4c8a-9a31-895de5497f4a@group-11E1763585E1->03555e6f-e7ac-4c8b-ad84-7222370bb52c-AppendLogResponseHandler: Failed appendEntries: org.apache.ratis.thirdparty.io.grpc.StatusRuntimeException: UNAVAILABLE: io exception
2019-09-19 12:11:20,569 [grpc-default-executor-1] INFO  impl.FollowerInfo (FollowerInfo.java:lambda$new$0(51)) - 0536a24c-34e3-4c8a-9a31-895de5497f4a@group-11E1763585E1->35717865-8144-46c5-963e-0895e96939ac: nextIndex: updateUnconditionally 0 -> 0
2019-09-19 12:11:20,570 [grpc-default-executor-2] INFO  impl.FollowerInfo (FollowerInfo.java:lambda$new$0(51)) - 0536a24c-34e3-4c8a-9a31-895de5497f4a@group-11E1763585E1->03555e6f-e7ac-4c8b-ad84-7222370bb52c: nextIndex: updateUnconditionally 0 -> 0
2019-09-19 12:11:20,776 [java.util.concurrent.ThreadPoolExecutor$Worker@5db7d907[State = -1, empty queue]] WARN  server.GrpcLogAppender (GrpcLogAppender.java:timeoutAppendRequest(200)) - a409f42d-bc3a-405f-bf07-8265a8a77aff@group-82AF4051E50B->9ff75243-8f90-489e-ad4c-fbb8c473db2a-GrpcLogAppender: appendEntries Timeout, request=a409f42d-bc3a-405f-bf07-8265a8a77aff->9ff75243-8f90-489e-ad4c-fbb8c473db2a#178-t1, previous=(t:1, i:17), leaderCommit=13, initializing? false, entries: <empty>
2019-09-19 12:11:20,776 [java.util.concurrent.ThreadPoolExecutor$Worker@3ef0e39a[State = -1, empty queue]] WARN  server.GrpcLogAppender (GrpcLogAppender.java:timeoutAppendRequest(200)) - a409f42d-bc3a-405f-bf07-8265a8a77aff@group-82AF4051E50B->587dad1b-1a08-4278-9ac1-e315232e0934-GrpcLogAppender: appendEntries Timeout, request=a409f42d-bc3a-405f-bf07-8265a8a77aff->587dad1b-1a08-4278-9ac1-e315232e0934#178-t1, previous=(t:1, i:17), leaderCommit=13, initializing? false, entries: <empty>
2019-09-19 12:11:20,917 [java.util.concurrent.ThreadPoolExecutor$Worker@5019c524[State = -1, empty queue]] WARN  server.GrpcLogAppender (GrpcLogAppender.java:timeoutAppendRequest(200)) - 1b83d917-1d73-4cac-8d1d-dc3b4981903d@group-7041D5508450->4736e737-07ca-4f6d-84d7-0ed6bd660367-GrpcLogAppender: appendEntries Timeout, request=1b83d917-1d73-4cac-8d1d-dc3b4981903d->4736e737-07ca-4f6d-84d7-0ed6bd660367#164-t6, previous=(t:6, i:20), leaderCommit=16, initializing? false, entries: <empty>
2019-09-19 12:11:20,917 [java.util.concurrent.ThreadPoolExecutor$Worker@4f8ba3d5[State = -1, empty queue]] WARN  server.GrpcLogAppender (GrpcLogAppender.java:timeoutAppendRequest(200)) - 1b83d917-1d73-4cac-8d1d-dc3b4981903d@group-7041D5508450->7c8a32d9-49ab-449b-8cc8-032a8828a8ac-GrpcLogAppender: appendEntries Timeout, request=1b83d917-1d73-4cac-8d1d-dc3b4981903d->7c8a32d9-49ab-449b-8cc8-032a8828a8ac#164-t6, previous=(t:6, i:20), leaderCommit=16, initializing? false, entries: <empty>
2019-09-19 12:11:21,070 [grpc-default-executor-4] WARN  server.GrpcLogAppender (LogUtils.java:warn(134)) - 0536a24c-34e3-4c8a-9a31-895de5497f4a@group-11E1763585E1->35717865-8144-46c5-963e-0895e96939ac-AppendLogResponseHandler: Failed appendEntries: org.apache.ratis.thirdparty.io.grpc.StatusRuntimeException: UNAVAILABLE: io exception
2019-09-19 12:11:21,070 [grpc-default-executor-9] WARN  server.GrpcLogAppender (LogUtils.java:warn(134)) - 0536a24c-34e3-4c8a-9a31-895de5497f4a@group-11E1763585E1->03555e6f-e7ac-4c8b-ad84-7222370bb52c-AppendLogResponseHandler: Failed appendEntries: org.apache.ratis.thirdparty.io.grpc.StatusRuntimeException: UNAVAILABLE: io exception
2019-09-19 12:11:21,070 [grpc-default-executor-4] INFO  impl.FollowerInfo (FollowerInfo.java:lambda$new$0(51)) - 0536a24c-34e3-4c8a-9a31-895de5497f4a@group-11E1763585E1->35717865-8144-46c5-963e-0895e96939ac: nextIndex: updateUnconditionally 0 -> 0
2019-09-19 12:11:21,070 [grpc-default-executor-9] INFO  impl.FollowerInfo (FollowerInfo.java:lambda$new$0(51)) - 0536a24c-34e3-4c8a-9a31-895de5497f4a@group-11E1763585E1->03555e6f-e7ac-4c8b-ad84-7222370bb52c: nextIndex: updateUnconditionally 0 -> 0
2019-09-19 12:11:21,276 [java.util.concurrent.ThreadPoolExecutor$Worker@5db7d907[State = -1, empty queue]] WARN  server.GrpcLogAppender (GrpcLogAppender.java:timeoutAppendRequest(200)) - a409f42d-bc3a-405f-bf07-8265a8a77aff@group-82AF4051E50B->9ff75243-8f90-489e-ad4c-fbb8c473db2a-GrpcLogAppender: appendEntries Timeout, request=a409f42d-bc3a-405f-bf07-8265a8a77aff->9ff75243-8f90-489e-ad4c-fbb8c473db2a#179-t1, previous=(t:1, i:17), leaderCommit=13, initializing? false, entries: <empty>
2019-09-19 12:11:21,276 [java.util.concurrent.ThreadPoolExecutor$Worker@3ef0e39a[State = -1, empty queue]] WARN  server.GrpcLogAppender (GrpcLogAppender.java:timeoutAppendRequest(200)) - a409f42d-bc3a-405f-bf07-8265a8a77aff@group-82AF4051E50B->587dad1b-1a08-4278-9ac1-e315232e0934-GrpcLogAppender: appendEntries Timeout, request=a409f42d-bc3a-405f-bf07-8265a8a77aff->587dad1b-1a08-4278-9ac1-e315232e0934#179-t1, previous=(t:1, i:17), leaderCommit=13, initializing? false, entries: <empty>
2019-09-19 12:11:21,417 [java.util.concurrent.ThreadPoolExecutor$Worker@5019c524[State = -1, empty queue]] WARN  server.GrpcLogAppender (GrpcLogAppender.java:timeoutAppendRequest(200)) - 1b83d917-1d73-4cac-8d1d-dc3b4981903d@group-7041D5508450->4736e737-07ca-4f6d-84d7-0ed6bd660367-GrpcLogAppender: appendEntries Timeout, request=1b83d917-1d73-4cac-8d1d-dc3b4981903d->4736e737-07ca-4f6d-84d7-0ed6bd660367#165-t6, previous=(t:6, i:20), leaderCommit=16, initializing? false, entries: <empty>
2019-09-19 12:11:21,417 [java.util.concurrent.ThreadPoolExecutor$Worker@4f8ba3d5[State = -1, empty queue]] WARN  server.GrpcLogAppender (GrpcLogAppender.java:timeoutAppendRequest(200)) - 1b83d917-1d73-4cac-8d1d-dc3b4981903d@group-7041D5508450->7c8a32d9-49ab-449b-8cc8-032a8828a8ac-GrpcLogAppender: appendEntries Timeout, request=1b83d917-1d73-4cac-8d1d-dc3b4981903d->7c8a32d9-49ab-449b-8cc8-032a8828a8ac#165-t6, previous=(t:6, i:20), leaderCommit=16, initializing? false, entries: <empty>
2019-09-19 12:11:21,570 [grpc-default-executor-8] WARN  server.GrpcLogAppender (LogUtils.java:warn(134)) - 0536a24c-34e3-4c8a-9a31-895de5497f4a@group-11E1763585E1->03555e6f-e7ac-4c8b-ad84-7222370bb52c-AppendLogResponseHandler: Failed appendEntries: org.apache.ratis.thirdparty.io.grpc.StatusRuntimeException: UNAVAILABLE: io exception
2019-09-19 12:11:21,570 [grpc-default-executor-10] WARN  server.GrpcLogAppender (LogUtils.java:warn(134)) - 0536a24c-34e3-4c8a-9a31-895de5497f4a@group-11E1763585E1->35717865-8144-46c5-963e-0895e96939ac-AppendLogResponseHandler: Failed appendEntries: org.apache.ratis.thirdparty.io.grpc.StatusRuntimeException: UNAVAILABLE: io exception
2019-09-19 12:11:21,570 [grpc-default-executor-8] INFO  impl.FollowerInfo (FollowerInfo.java:lambda$new$0(51)) - 0536a24c-34e3-4c8a-9a31-895de5497f4a@group-11E1763585E1->03555e6f-e7ac-4c8b-ad84-7222370bb52c: nextIndex: updateUnconditionally 0 -> 0
2019-09-19 12:11:21,570 [grpc-default-executor-10] INFO  impl.FollowerInfo (FollowerInfo.java:lambda$new$0(51)) - 0536a24c-34e3-4c8a-9a31-895de5497f4a@group-11E1763585E1->35717865-8144-46c5-963e-0895e96939ac: nextIndex: updateUnconditionally 0 -> 0
2019-09-19 12:11:21,776 [java.util.concurrent.ThreadPoolExecutor$Worker@5db7d907[State = -1, empty queue]] WARN  server.GrpcLogAppender (GrpcLogAppender.java:timeoutAppendRequest(200)) - a409f42d-bc3a-405f-bf07-8265a8a77aff@group-82AF4051E50B->9ff75243-8f90-489e-ad4c-fbb8c473db2a-GrpcLogAppender: appendEntries Timeout, request=a409f42d-bc3a-405f-bf07-8265a8a77aff->9ff75243-8f90-489e-ad4c-fbb8c473db2a#180-t1, previous=(t:1, i:17), leaderCommit=13, initializing? false, entries: <empty>
2019-09-19 12:11:21,777 [java.util.concurrent.ThreadPoolExecutor$Worker@3ef0e39a[State = -1, empty queue]] WARN  server.GrpcLogAppender (GrpcLogAppender.java:timeoutAppendRequest(200)) - a409f42d-bc3a-405f-bf07-8265a8a77aff@group-82AF4051E50B->587dad1b-1a08-4278-9ac1-e315232e0934-GrpcLogAppender: appendEntries Timeout, request=a409f42d-bc3a-405f-bf07-8265a8a77aff->587dad1b-1a08-4278-9ac1-e315232e0934#180-t1, previous=(t:1, i:17), leaderCommit=13, initializing? false, entries: <empty>
2019-09-19 12:11:21,917 [java.util.concurrent.ThreadPoolExecutor$Worker@5019c524[State = -1, empty queue]] WARN  server.GrpcLogAppender (GrpcLogAppender.java:timeoutAppendRequest(200)) - 1b83d917-1d73-4cac-8d1d-dc3b4981903d@group-7041D5508450->4736e737-07ca-4f6d-84d7-0ed6bd660367-GrpcLogAppender: appendEntries Timeout, request=1b83d917-1d73-4cac-8d1d-dc3b4981903d->4736e737-07ca-4f6d-84d7-0ed6bd660367#166-t6, previous=(t:6, i:20), leaderCommit=16, initializing? false, entries: <empty>
2019-09-19 12:11:21,917 [java.util.concurrent.ThreadPoolExecutor$Worker@4f8ba3d5[State = -1, empty queue]] WARN  server.GrpcLogAppender (GrpcLogAppender.java:timeoutAppendRequest(200)) - 1b83d917-1d73-4cac-8d1d-dc3b4981903d@group-7041D5508450->7c8a32d9-49ab-449b-8cc8-032a8828a8ac-GrpcLogAppender: appendEntries Timeout, request=1b83d917-1d73-4cac-8d1d-dc3b4981903d->7c8a32d9-49ab-449b-8cc8-032a8828a8ac#166-t6, previous=(t:6, i:20), leaderCommit=16, initializing? false, entries: <empty>
2019-09-19 12:11:22,072 [grpc-default-executor-1] WARN  server.GrpcLogAppender (LogUtils.java:warn(134)) - 0536a24c-34e3-4c8a-9a31-895de5497f4a@group-11E1763585E1->35717865-8144-46c5-963e-0895e96939ac-AppendLogResponseHandler: Failed appendEntries: org.apache.ratis.thirdparty.io.grpc.StatusRuntimeException: UNAVAILABLE: io exception
2019-09-19 12:11:22,072 [grpc-default-executor-4] WARN  server.GrpcLogAppender (LogUtils.java:warn(134)) - 0536a24c-34e3-4c8a-9a31-895de5497f4a@group-11E1763585E1->03555e6f-e7ac-4c8b-ad84-7222370bb52c-AppendLogResponseHandler: Failed appendEntries: org.apache.ratis.thirdparty.io.grpc.StatusRuntimeException: UNAVAILABLE: io exception
2019-09-19 12:11:22,072 [grpc-default-executor-1] INFO  impl.FollowerInfo (FollowerInfo.java:lambda$new$0(51)) - 0536a24c-34e3-4c8a-9a31-895de5497f4a@group-11E1763585E1->35717865-8144-46c5-963e-0895e96939ac: nextIndex: updateUnconditionally 0 -> 0
2019-09-19 12:11:22,073 [grpc-default-executor-4] INFO  impl.FollowerInfo (FollowerInfo.java:lambda$new$0(51)) - 0536a24c-34e3-4c8a-9a31-895de5497f4a@group-11E1763585E1->03555e6f-e7ac-4c8b-ad84-7222370bb52c: nextIndex: updateUnconditionally 0 -> 0
2019-09-19 12:11:22,277 [java.util.concurrent.ThreadPoolExecutor$Worker@5db7d907[State = -1, empty queue]] WARN  server.GrpcLogAppender (GrpcLogAppender.java:timeoutAppendRequest(200)) - a409f42d-bc3a-405f-bf07-8265a8a77aff@group-82AF4051E50B->9ff75243-8f90-489e-ad4c-fbb8c473db2a-GrpcLogAppender: appendEntries Timeout, request=a409f42d-bc3a-405f-bf07-8265a8a77aff->9ff75243-8f90-489e-ad4c-fbb8c473db2a#181-t1, previous=(t:1, i:17), leaderCommit=13, initializing? false, entries: <empty>
2019-09-19 12:11:22,277 [java.util.concurrent.ThreadPoolExecutor$Worker@3ef0e39a[State = -1, empty queue]] WARN  server.GrpcLogAppender (GrpcLogAppender.java:timeoutAppendRequest(200)) - a409f42d-bc3a-405f-bf07-8265a8a77aff@group-82AF4051E50B->587dad1b-1a08-4278-9ac1-e315232e0934-GrpcLogAppender: appendEntries Timeout, request=a409f42d-bc3a-405f-bf07-8265a8a77aff->587dad1b-1a08-4278-9ac1-e315232e0934#181-t1, previous=(t:1, i:17), leaderCommit=13, initializing? false, entries: <empty>
2019-09-19 12:11:22,417 [java.util.concurrent.ThreadPoolExecutor$Worker@5019c524[State = -1, empty queue]] WARN  server.GrpcLogAppender (GrpcLogAppender.java:timeoutAppendRequest(200)) - 1b83d917-1d73-4cac-8d1d-dc3b4981903d@group-7041D5508450->4736e737-07ca-4f6d-84d7-0ed6bd660367-GrpcLogAppender: appendEntries Timeout, request=1b83d917-1d73-4cac-8d1d-dc3b4981903d->4736e737-07ca-4f6d-84d7-0ed6bd660367#167-t6, previous=(t:6, i:20), leaderCommit=16, initializing? false, entries: <empty>
2019-09-19 12:11:22,417 [java.util.concurrent.ThreadPoolExecutor$Worker@4f8ba3d5[State = -1, empty queue]] WARN  server.GrpcLogAppender (GrpcLogAppender.java:timeoutAppendRequest(200)) - 1b83d917-1d73-4cac-8d1d-dc3b4981903d@group-7041D5508450->7c8a32d9-49ab-449b-8cc8-032a8828a8ac-GrpcLogAppender: appendEntries Timeout, request=1b83d917-1d73-4cac-8d1d-dc3b4981903d->7c8a32d9-49ab-449b-8cc8-032a8828a8ac#167-t6, previous=(t:6, i:20), leaderCommit=16, initializing? false, entries: <empty>
2019-09-19 12:11:22,572 [grpc-default-executor-10] WARN  server.GrpcLogAppender (LogUtils.java:warn(134)) - 0536a24c-34e3-4c8a-9a31-895de5497f4a@group-11E1763585E1->03555e6f-e7ac-4c8b-ad84-7222370bb52c-AppendLogResponseHandler: Failed appendEntries: org.apache.ratis.thirdparty.io.grpc.StatusRuntimeException: UNAVAILABLE: io exception
2019-09-19 12:11:22,572 [grpc-default-executor-8] WARN  server.GrpcLogAppender (LogUtils.java:warn(134)) - 0536a24c-34e3-4c8a-9a31-895de5497f4a@group-11E1763585E1->35717865-8144-46c5-963e-0895e96939ac-AppendLogResponseHandler: Failed appendEntries: org.apache.ratis.thirdparty.io.grpc.StatusRuntimeException: UNAVAILABLE: io exception
2019-09-19 12:11:22,572 [grpc-default-executor-10] INFO  impl.FollowerInfo (FollowerInfo.java:lambda$new$0(51)) - 0536a24c-34e3-4c8a-9a31-895de5497f4a@group-11E1763585E1->03555e6f-e7ac-4c8b-ad84-7222370bb52c: nextIndex: updateUnconditionally 0 -> 0
2019-09-19 12:11:22,572 [grpc-default-executor-8] INFO  impl.FollowerInfo (FollowerInfo.java:lambda$new$0(51)) - 0536a24c-34e3-4c8a-9a31-895de5497f4a@group-11E1763585E1->35717865-8144-46c5-963e-0895e96939ac: nextIndex: updateUnconditionally 0 -> 0
2019-09-19 12:11:22,777 [java.util.concurrent.ThreadPoolExecutor$Worker@5db7d907[State = -1, empty queue]] WARN  server.GrpcLogAppender (GrpcLogAppender.java:timeoutAppendRequest(200)) - a409f42d-bc3a-405f-bf07-8265a8a77aff@group-82AF4051E50B->9ff75243-8f90-489e-ad4c-fbb8c473db2a-GrpcLogAppender: appendEntries Timeout, request=a409f42d-bc3a-405f-bf07-8265a8a77aff->9ff75243-8f90-489e-ad4c-fbb8c473db2a#182-t1, previous=(t:1, i:17), leaderCommit=13, initializing? false, entries: <empty>
2019-09-19 12:11:22,777 [java.util.concurrent.ThreadPoolExecutor$Worker@3ef0e39a[State = -1, empty queue]] WARN  server.GrpcLogAppender (GrpcLogAppender.java:timeoutAppendRequest(200)) - a409f42d-bc3a-405f-bf07-8265a8a77aff@group-82AF4051E50B->587dad1b-1a08-4278-9ac1-e315232e0934-GrpcLogAppender: appendEntries Timeout, request=a409f42d-bc3a-405f-bf07-8265a8a77aff->587dad1b-1a08-4278-9ac1-e315232e0934#182-t1, previous=(t:1, i:17), leaderCommit=13, initializing? false, entries: <empty>
2019-09-19 12:11:22,918 [java.util.concurrent.ThreadPoolExecutor$Worker@4f8ba3d5[State = -1, empty queue]] WARN  server.GrpcLogAppender (GrpcLogAppender.java:timeoutAppendRequest(200)) - 1b83d917-1d73-4cac-8d1d-dc3b4981903d@group-7041D5508450->7c8a32d9-49ab-449b-8cc8-032a8828a8ac-GrpcLogAppender: appendEntries Timeout, request=1b83d917-1d73-4cac-8d1d-dc3b4981903d->7c8a32d9-49ab-449b-8cc8-032a8828a8ac#168-t6, previous=(t:6, i:20), leaderCommit=16, initializing? false, entries: <empty>
2019-09-19 12:11:22,918 [java.util.concurrent.ThreadPoolExecutor$Worker@5019c524[State = -1, empty queue]] WARN  server.GrpcLogAppender (GrpcLogAppender.java:timeoutAppendRequest(200)) - 1b83d917-1d73-4cac-8d1d-dc3b4981903d@group-7041D5508450->4736e737-07ca-4f6d-84d7-0ed6bd660367-GrpcLogAppender: appendEntries Timeout, request=1b83d917-1d73-4cac-8d1d-dc3b4981903d->4736e737-07ca-4f6d-84d7-0ed6bd660367#168-t6, previous=(t:6, i:20), leaderCommit=16, initializing? false, entries: <empty>
2019-09-19 12:11:23,075 [grpc-default-executor-1] WARN  server.GrpcLogAppender (LogUtils.java:warn(134)) - 0536a24c-34e3-4c8a-9a31-895de5497f4a@group-11E1763585E1->35717865-8144-46c5-963e-0895e96939ac-AppendLogResponseHandler: Failed appendEntries: org.apache.ratis.thirdparty.io.grpc.StatusRuntimeException: UNAVAILABLE: io exception
2019-09-19 12:11:23,075 [grpc-default-executor-9] WARN  server.GrpcLogAppender (LogUtils.java:warn(134)) - 0536a24c-34e3-4c8a-9a31-895de5497f4a@group-11E1763585E1->03555e6f-e7ac-4c8b-ad84-7222370bb52c-AppendLogResponseHandler: Failed appendEntries: org.apache.ratis.thirdparty.io.grpc.StatusRuntimeException: UNAVAILABLE: io exception
2019-09-19 12:11:23,075 [grpc-default-executor-1] INFO  impl.FollowerInfo (FollowerInfo.java:lambda$new$0(51)) - 0536a24c-34e3-4c8a-9a31-895de5497f4a@group-11E1763585E1->35717865-8144-46c5-963e-0895e96939ac: nextIndex: updateUnconditionally 0 -> 0
2019-09-19 12:11:23,076 [grpc-default-executor-9] INFO  impl.FollowerInfo (FollowerInfo.java:lambda$new$0(51)) - 0536a24c-34e3-4c8a-9a31-895de5497f4a@group-11E1763585E1->03555e6f-e7ac-4c8b-ad84-7222370bb52c: nextIndex: updateUnconditionally 0 -> 0
2019-09-19 12:11:23,277 [java.util.concurrent.ThreadPoolExecutor$Worker@5db7d907[State = -1, empty queue]] WARN  server.GrpcLogAppender (GrpcLogAppender.java:timeoutAppendRequest(200)) - a409f42d-bc3a-405f-bf07-8265a8a77aff@group-82AF4051E50B->9ff75243-8f90-489e-ad4c-fbb8c473db2a-GrpcLogAppender: appendEntries Timeout, request=a409f42d-bc3a-405f-bf07-8265a8a77aff->9ff75243-8f90-489e-ad4c-fbb8c473db2a#183-t1, previous=(t:1, i:17), leaderCommit=13, initializing? false, entries: <empty>
2019-09-19 12:11:23,277 [java.util.concurrent.ThreadPoolExecutor$Worker@3ef0e39a[State = -1, empty queue]] WARN  server.GrpcLogAppender (GrpcLogAppender.java:timeoutAppendRequest(200)) - a409f42d-bc3a-405f-bf07-8265a8a77aff@group-82AF4051E50B->587dad1b-1a08-4278-9ac1-e315232e0934-GrpcLogAppender: appendEntries Timeout, request=a409f42d-bc3a-405f-bf07-8265a8a77aff->587dad1b-1a08-4278-9ac1-e315232e0934#183-t1, previous=(t:1, i:17), leaderCommit=13, initializing? false, entries: <empty>
2019-09-19 12:11:23,418 [java.util.concurrent.ThreadPoolExecutor$Worker@5019c524[State = -1, empty queue]] WARN  server.GrpcLogAppender (GrpcLogAppender.java:timeoutAppendRequest(200)) - 1b83d917-1d73-4cac-8d1d-dc3b4981903d@group-7041D5508450->4736e737-07ca-4f6d-84d7-0ed6bd660367-GrpcLogAppender: appendEntries Timeout, request=1b83d917-1d73-4cac-8d1d-dc3b4981903d->4736e737-07ca-4f6d-84d7-0ed6bd660367#169-t6, previous=(t:6, i:20), leaderCommit=16, initializing? false, entries: <empty>
2019-09-19 12:11:23,418 [java.util.concurrent.ThreadPoolExecutor$Worker@4f8ba3d5[State = -1, empty queue]] WARN  server.GrpcLogAppender (GrpcLogAppender.java:timeoutAppendRequest(200)) - 1b83d917-1d73-4cac-8d1d-dc3b4981903d@group-7041D5508450->7c8a32d9-49ab-449b-8cc8-032a8828a8ac-GrpcLogAppender: appendEntries Timeout, request=1b83d917-1d73-4cac-8d1d-dc3b4981903d->7c8a32d9-49ab-449b-8cc8-032a8828a8ac#169-t6, previous=(t:6, i:20), leaderCommit=16, initializing? false, entries: <empty>
2019-09-19 12:11:23,575 [grpc-default-executor-10] WARN  server.GrpcLogAppender (LogUtils.java:warn(134)) - 0536a24c-34e3-4c8a-9a31-895de5497f4a@group-11E1763585E1->03555e6f-e7ac-4c8b-ad84-7222370bb52c-AppendLogResponseHandler: Failed appendEntries: org.apache.ratis.thirdparty.io.grpc.StatusRuntimeException: UNAVAILABLE: io exception
2019-09-19 12:11:23,575 [grpc-default-executor-2] WARN  server.GrpcLogAppender (LogUtils.java:warn(134)) - 0536a24c-34e3-4c8a-9a31-895de5497f4a@group-11E1763585E1->35717865-8144-46c5-963e-0895e96939ac-AppendLogResponseHandler: Failed appendEntries: org.apache.ratis.thirdparty.io.grpc.StatusRuntimeException: UNAVAILABLE: io exception
2019-09-19 12:11:23,575 [grpc-default-executor-10] INFO  impl.FollowerInfo (FollowerInfo.java:lambda$new$0(51)) - 0536a24c-34e3-4c8a-9a31-895de5497f4a@group-11E1763585E1->03555e6f-e7ac-4c8b-ad84-7222370bb52c: nextIndex: updateUnconditionally 0 -> 0
2019-09-19 12:11:23,575 [grpc-default-executor-2] INFO  impl.FollowerInfo (FollowerInfo.java:lambda$new$0(51)) - 0536a24c-34e3-4c8a-9a31-895de5497f4a@group-11E1763585E1->35717865-8144-46c5-963e-0895e96939ac: nextIndex: updateUnconditionally 0 -> 0
2019-09-19 12:11:23,778 [java.util.concurrent.ThreadPoolExecutor$Worker@5db7d907[State = -1, empty queue]] WARN  server.GrpcLogAppender (GrpcLogAppender.java:timeoutAppendRequest(200)) - a409f42d-bc3a-405f-bf07-8265a8a77aff@group-82AF4051E50B->9ff75243-8f90-489e-ad4c-fbb8c473db2a-GrpcLogAppender: appendEntries Timeout, request=a409f42d-bc3a-405f-bf07-8265a8a77aff->9ff75243-8f90-489e-ad4c-fbb8c473db2a#184-t1, previous=(t:1, i:17), leaderCommit=13, initializing? false, entries: <empty>
2019-09-19 12:11:23,778 [java.util.concurrent.ThreadPoolExecutor$Worker@3ef0e39a[State = -1, empty queue]] WARN  server.GrpcLogAppender (GrpcLogAppender.java:timeoutAppendRequest(200)) - a409f42d-bc3a-405f-bf07-8265a8a77aff@group-82AF4051E50B->587dad1b-1a08-4278-9ac1-e315232e0934-GrpcLogAppender: appendEntries Timeout, request=a409f42d-bc3a-405f-bf07-8265a8a77aff->587dad1b-1a08-4278-9ac1-e315232e0934#184-t1, previous=(t:1, i:17), leaderCommit=13, initializing? false, entries: <empty>
2019-09-19 12:11:23,918 [java.util.concurrent.ThreadPoolExecutor$Worker@5019c524[State = -1, empty queue]] WARN  server.GrpcLogAppender (GrpcLogAppender.java:timeoutAppendRequest(200)) - 1b83d917-1d73-4cac-8d1d-dc3b4981903d@group-7041D5508450->4736e737-07ca-4f6d-84d7-0ed6bd660367-GrpcLogAppender: appendEntries Timeout, request=1b83d917-1d73-4cac-8d1d-dc3b4981903d->4736e737-07ca-4f6d-84d7-0ed6bd660367#170-t6, previous=(t:6, i:20), leaderCommit=16, initializing? false, entries: <empty>
2019-09-19 12:11:23,918 [java.util.concurrent.ThreadPoolExecutor$Worker@4f8ba3d5[State = -1, empty queue]] WARN  server.GrpcLogAppender (GrpcLogAppender.java:timeoutAppendRequest(200)) - 1b83d917-1d73-4cac-8d1d-dc3b4981903d@group-7041D5508450->7c8a32d9-49ab-449b-8cc8-032a8828a8ac-GrpcLogAppender: appendEntries Timeout, request=1b83d917-1d73-4cac-8d1d-dc3b4981903d->7c8a32d9-49ab-449b-8cc8-032a8828a8ac#170-t6, previous=(t:6, i:20), leaderCommit=16, initializing? false, entries: <empty>
2019-09-19 12:11:24,075 [grpc-default-executor-9] WARN  server.GrpcLogAppender (LogUtils.java:warn(134)) - 0536a24c-34e3-4c8a-9a31-895de5497f4a@group-11E1763585E1->03555e6f-e7ac-4c8b-ad84-7222370bb52c-AppendLogResponseHandler: Failed appendEntries: org.apache.ratis.thirdparty.io.grpc.StatusRuntimeException: UNAVAILABLE: io exception
2019-09-19 12:11:24,075 [grpc-default-executor-10] WARN  server.GrpcLogAppender (LogUtils.java:warn(134)) - 0536a24c-34e3-4c8a-9a31-895de5497f4a@group-11E1763585E1->35717865-8144-46c5-963e-0895e96939ac-AppendLogResponseHandler: Failed appendEntries: org.apache.ratis.thirdparty.io.grpc.StatusRuntimeException: UNAVAILABLE: io exception
2019-09-19 12:11:24,075 [grpc-default-executor-9] INFO  impl.FollowerInfo (FollowerInfo.java:lambda$new$0(51)) - 0536a24c-34e3-4c8a-9a31-895de5497f4a@group-11E1763585E1->03555e6f-e7ac-4c8b-ad84-7222370bb52c: nextIndex: updateUnconditionally 0 -> 0
2019-09-19 12:11:24,076 [grpc-default-executor-10] INFO  impl.FollowerInfo (FollowerInfo.java:lambda$new$0(51)) - 0536a24c-34e3-4c8a-9a31-895de5497f4a@group-11E1763585E1->35717865-8144-46c5-963e-0895e96939ac: nextIndex: updateUnconditionally 0 -> 0
2019-09-19 12:11:24,278 [java.util.concurrent.ThreadPoolExecutor$Worker@5db7d907[State = -1, empty queue]] WARN  server.GrpcLogAppender (GrpcLogAppender.java:timeoutAppendRequest(200)) - a409f42d-bc3a-405f-bf07-8265a8a77aff@group-82AF4051E50B->9ff75243-8f90-489e-ad4c-fbb8c473db2a-GrpcLogAppender: appendEntries Timeout, request=a409f42d-bc3a-405f-bf07-8265a8a77aff->9ff75243-8f90-489e-ad4c-fbb8c473db2a#185-t1, previous=(t:1, i:17), leaderCommit=13, initializing? false, entries: <empty>
2019-09-19 12:11:24,278 [java.util.concurrent.ThreadPoolExecutor$Worker@3ef0e39a[State = -1, empty queue]] WARN  server.GrpcLogAppender (GrpcLogAppender.java:timeoutAppendRequest(200)) - a409f42d-bc3a-405f-bf07-8265a8a77aff@group-82AF4051E50B->587dad1b-1a08-4278-9ac1-e315232e0934-GrpcLogAppender: appendEntries Timeout, request=a409f42d-bc3a-405f-bf07-8265a8a77aff->587dad1b-1a08-4278-9ac1-e315232e0934#185-t1, previous=(t:1, i:17), leaderCommit=13, initializing? false, entries: <empty>
2019-09-19 12:11:24,418 [java.util.concurrent.ThreadPoolExecutor$Worker@5019c524[State = -1, empty queue]] WARN  server.GrpcLogAppender (GrpcLogAppender.java:timeoutAppendRequest(200)) - 1b83d917-1d73-4cac-8d1d-dc3b4981903d@group-7041D5508450->4736e737-07ca-4f6d-84d7-0ed6bd660367-GrpcLogAppender: appendEntries Timeout, request=1b83d917-1d73-4cac-8d1d-dc3b4981903d->4736e737-07ca-4f6d-84d7-0ed6bd660367#171-t6, previous=(t:6, i:20), leaderCommit=16, initializing? false, entries: <empty>
2019-09-19 12:11:24,418 [java.util.concurrent.ThreadPoolExecutor$Worker@4f8ba3d5[State = -1, empty queue]] WARN  server.GrpcLogAppender (GrpcLogAppender.java:timeoutAppendRequest(200)) - 1b83d917-1d73-4cac-8d1d-dc3b4981903d@group-7041D5508450->7c8a32d9-49ab-449b-8cc8-032a8828a8ac-GrpcLogAppender: appendEntries Timeout, request=1b83d917-1d73-4cac-8d1d-dc3b4981903d->7c8a32d9-49ab-449b-8cc8-032a8828a8ac#171-t6, previous=(t:6, i:20), leaderCommit=16, initializing? false, entries: <empty>
2019-09-19 12:11:24,576 [grpc-default-executor-8] WARN  server.GrpcLogAppender (LogUtils.java:warn(134)) - 0536a24c-34e3-4c8a-9a31-895de5497f4a@group-11E1763585E1->35717865-8144-46c5-963e-0895e96939ac-AppendLogResponseHandler: Failed appendEntries: org.apache.ratis.thirdparty.io.grpc.StatusRuntimeException: UNAVAILABLE: io exception
2019-09-19 12:11:24,576 [grpc-default-executor-4] WARN  server.GrpcLogAppender (LogUtils.java:warn(134)) - 0536a24c-34e3-4c8a-9a31-895de5497f4a@group-11E1763585E1->03555e6f-e7ac-4c8b-ad84-7222370bb52c-AppendLogResponseHandler: Failed appendEntries: org.apache.ratis.thirdparty.io.grpc.StatusRuntimeException: UNAVAILABLE: io exception
2019-09-19 12:11:24,576 [grpc-default-executor-8] INFO  impl.FollowerInfo (FollowerInfo.java:lambda$new$0(51)) - 0536a24c-34e3-4c8a-9a31-895de5497f4a@group-11E1763585E1->35717865-8144-46c5-963e-0895e96939ac: nextIndex: updateUnconditionally 0 -> 0
2019-09-19 12:11:24,577 [grpc-default-executor-4] INFO  impl.FollowerInfo (FollowerInfo.java:lambda$new$0(51)) - 0536a24c-34e3-4c8a-9a31-895de5497f4a@group-11E1763585E1->03555e6f-e7ac-4c8b-ad84-7222370bb52c: nextIndex: updateUnconditionally 0 -> 0
2019-09-19 12:11:24,778 [java.util.concurrent.ThreadPoolExecutor$Worker@5db7d907[State = -1, empty queue]] WARN  server.GrpcLogAppender (GrpcLogAppender.java:timeoutAppendRequest(200)) - a409f42d-bc3a-405f-bf07-8265a8a77aff@group-82AF4051E50B->9ff75243-8f90-489e-ad4c-fbb8c473db2a-GrpcLogAppender: appendEntries Timeout, request=a409f42d-bc3a-405f-bf07-8265a8a77aff->9ff75243-8f90-489e-ad4c-fbb8c473db2a#186-t1, previous=(t:1, i:17), leaderCommit=13, initializing? false, entries: <empty>
2019-09-19 12:11:24,778 [java.util.concurrent.ThreadPoolExecutor$Worker@3ef0e39a[State = -1, empty queue]] WARN  server.GrpcLogAppender (GrpcLogAppender.java:timeoutAppendRequest(200)) - a409f42d-bc3a-405f-bf07-8265a8a77aff@group-82AF4051E50B->587dad1b-1a08-4278-9ac1-e315232e0934-GrpcLogAppender: appendEntries Timeout, request=a409f42d-bc3a-405f-bf07-8265a8a77aff->587dad1b-1a08-4278-9ac1-e315232e0934#186-t1, previous=(t:1, i:17), leaderCommit=13, initializing? false, entries: <empty>
2019-09-19 12:11:24,918 [java.util.concurrent.ThreadPoolExecutor$Worker@5019c524[State = -1, empty queue]] WARN  server.GrpcLogAppender (GrpcLogAppender.java:timeoutAppendRequest(200)) - 1b83d917-1d73-4cac-8d1d-dc3b4981903d@group-7041D5508450->4736e737-07ca-4f6d-84d7-0ed6bd660367-GrpcLogAppender: appendEntries Timeout, request=1b83d917-1d73-4cac-8d1d-dc3b4981903d->4736e737-07ca-4f6d-84d7-0ed6bd660367#172-t6, previous=(t:6, i:20), leaderCommit=16, initializing? false, entries: <empty>
2019-09-19 12:11:24,919 [java.util.concurrent.ThreadPoolExecutor$Worker@4f8ba3d5[State = -1, empty queue]] WARN  server.GrpcLogAppender (GrpcLogAppender.java:timeoutAppendRequest(200)) - 1b83d917-1d73-4cac-8d1d-dc3b4981903d@group-7041D5508450->7c8a32d9-49ab-449b-8cc8-032a8828a8ac-GrpcLogAppender: appendEntries Timeout, request=1b83d917-1d73-4cac-8d1d-dc3b4981903d->7c8a32d9-49ab-449b-8cc8-032a8828a8ac#172-t6, previous=(t:6, i:20), leaderCommit=16, initializing? false, entries: <empty>
2019-09-19 12:11:25,077 [grpc-default-executor-9] WARN  server.GrpcLogAppender (LogUtils.java:warn(134)) - 0536a24c-34e3-4c8a-9a31-895de5497f4a@group-11E1763585E1->03555e6f-e7ac-4c8b-ad84-7222370bb52c-AppendLogResponseHandler: Failed appendEntries: org.apache.ratis.thirdparty.io.grpc.StatusRuntimeException: UNAVAILABLE: io exception
2019-09-19 12:11:25,077 [grpc-default-executor-10] WARN  server.GrpcLogAppender (LogUtils.java:warn(134)) - 0536a24c-34e3-4c8a-9a31-895de5497f4a@group-11E1763585E1->35717865-8144-46c5-963e-0895e96939ac-AppendLogResponseHandler: Failed appendEntries: org.apache.ratis.thirdparty.io.grpc.StatusRuntimeException: UNAVAILABLE: io exception
2019-09-19 12:11:25,077 [grpc-default-executor-9] INFO  impl.FollowerInfo (FollowerInfo.java:lambda$new$0(51)) - 0536a24c-34e3-4c8a-9a31-895de5497f4a@group-11E1763585E1->03555e6f-e7ac-4c8b-ad84-7222370bb52c: nextIndex: updateUnconditionally 0 -> 0
2019-09-19 12:11:25,078 [grpc-default-executor-10] INFO  impl.FollowerInfo (FollowerInfo.java:lambda$new$0(51)) - 0536a24c-34e3-4c8a-9a31-895de5497f4a@group-11E1763585E1->35717865-8144-46c5-963e-0895e96939ac: nextIndex: updateUnconditionally 0 -> 0
2019-09-19 12:11:25,115 [587dad1b-1a08-4278-9ac1-e315232e0934@group-82AF4051E50B-SegmentedRaftLogWorker] WARN  segmented.SegmentedRaftLogWorker (SegmentedRaftLogWorker.java:getFromFuture(90)) - Timeout 4/~
org.apache.ratis.protocol.TimeoutIOException: Timeout 10s: WriteLog:14: (t:1, i:14), STATEMACHINELOGENTRY, client-57877EF1F934, cid=52-writeStateMachineData
	at org.apache.ratis.util.IOUtils.getFromFuture(IOUtils.java:87)
	at org.apache.ratis.server.raftlog.segmented.SegmentedRaftLogWorker$StateMachineDataPolicy.getFromFuture(SegmentedRaftLogWorker.java:87)
	at org.apache.ratis.server.raftlog.segmented.SegmentedRaftLogWorker$WriteLog.execute(SegmentedRaftLogWorker.java:477)
	at org.apache.ratis.server.raftlog.segmented.SegmentedRaftLogWorker.run(SegmentedRaftLogWorker.java:289)
	at java.lang.Thread.run(Thread.java:748)
Caused by: java.util.concurrent.TimeoutException
	at java.util.concurrent.CompletableFuture.timedGet(CompletableFuture.java:1771)
	at java.util.concurrent.CompletableFuture.get(CompletableFuture.java:1915)
	at org.apache.ratis.util.IOUtils.getFromFuture(IOUtils.java:79)
	... 4 more
2019-09-19 12:11:25,115 [9ff75243-8f90-489e-ad4c-fbb8c473db2a@group-82AF4051E50B-SegmentedRaftLogWorker] WARN  segmented.SegmentedRaftLogWorker (SegmentedRaftLogWorker.java:getFromFuture(90)) - Timeout 4/~
org.apache.ratis.protocol.TimeoutIOException: Timeout 10s: WriteLog:14: (t:1, i:14), STATEMACHINELOGENTRY, client-57877EF1F934, cid=52-writeStateMachineData
	at org.apache.ratis.util.IOUtils.getFromFuture(IOUtils.java:87)
	at org.apache.ratis.server.raftlog.segmented.SegmentedRaftLogWorker$StateMachineDataPolicy.getFromFuture(SegmentedRaftLogWorker.java:87)
	at org.apache.ratis.server.raftlog.segmented.SegmentedRaftLogWorker$WriteLog.execute(SegmentedRaftLogWorker.java:477)
	at org.apache.ratis.server.raftlog.segmented.SegmentedRaftLogWorker.run(SegmentedRaftLogWorker.java:289)
	at java.lang.Thread.run(Thread.java:748)
Caused by: java.util.concurrent.TimeoutException
	at java.util.concurrent.CompletableFuture.timedGet(CompletableFuture.java:1771)
	at java.util.concurrent.CompletableFuture.get(CompletableFuture.java:1915)
	at org.apache.ratis.util.IOUtils.getFromFuture(IOUtils.java:79)
	... 4 more
2019-09-19 12:11:25,279 [java.util.concurrent.ThreadPoolExecutor$Worker@5db7d907[State = -1, empty queue]] WARN  server.GrpcLogAppender (GrpcLogAppender.java:timeoutAppendRequest(200)) - a409f42d-bc3a-405f-bf07-8265a8a77aff@group-82AF4051E50B->9ff75243-8f90-489e-ad4c-fbb8c473db2a-GrpcLogAppender: appendEntries Timeout, request=a409f42d-bc3a-405f-bf07-8265a8a77aff->9ff75243-8f90-489e-ad4c-fbb8c473db2a#187-t1, previous=(t:1, i:17), leaderCommit=13, initializing? false, entries: <empty>
2019-09-19 12:11:25,279 [java.util.concurrent.ThreadPoolExecutor$Worker@3ef0e39a[State = -1, empty queue]] WARN  server.GrpcLogAppender (GrpcLogAppender.java:timeoutAppendRequest(200)) - a409f42d-bc3a-405f-bf07-8265a8a77aff@group-82AF4051E50B->587dad1b-1a08-4278-9ac1-e315232e0934-GrpcLogAppender: appendEntries Timeout, request=a409f42d-bc3a-405f-bf07-8265a8a77aff->587dad1b-1a08-4278-9ac1-e315232e0934#187-t1, previous=(t:1, i:17), leaderCommit=13, initializing? false, entries: <empty>
2019-09-19 12:11:25,418 [java.util.concurrent.ThreadPoolExecutor$Worker@5019c524[State = -1, empty queue]] WARN  server.GrpcLogAppender (GrpcLogAppender.java:timeoutAppendRequest(200)) - 1b83d917-1d73-4cac-8d1d-dc3b4981903d@group-7041D5508450->4736e737-07ca-4f6d-84d7-0ed6bd660367-GrpcLogAppender: appendEntries Timeout, request=1b83d917-1d73-4cac-8d1d-dc3b4981903d->4736e737-07ca-4f6d-84d7-0ed6bd660367#173-t6, previous=(t:6, i:20), leaderCommit=16, initializing? false, entries: <empty>
2019-09-19 12:11:25,419 [java.util.concurrent.ThreadPoolExecutor$Worker@4f8ba3d5[State = -1, empty queue]] WARN  server.GrpcLogAppender (GrpcLogAppender.java:timeoutAppendRequest(200)) - 1b83d917-1d73-4cac-8d1d-dc3b4981903d@group-7041D5508450->7c8a32d9-49ab-449b-8cc8-032a8828a8ac-GrpcLogAppender: appendEntries Timeout, request=1b83d917-1d73-4cac-8d1d-dc3b4981903d->7c8a32d9-49ab-449b-8cc8-032a8828a8ac#173-t6, previous=(t:6, i:20), leaderCommit=16, initializing? false, entries: <empty>
2019-09-19 12:11:25,577 [grpc-default-executor-2] WARN  server.GrpcLogAppender (LogUtils.java:warn(134)) - 0536a24c-34e3-4c8a-9a31-895de5497f4a@group-11E1763585E1->03555e6f-e7ac-4c8b-ad84-7222370bb52c-AppendLogResponseHandler: Failed appendEntries: org.apache.ratis.thirdparty.io.grpc.StatusRuntimeException: UNAVAILABLE: io exception
2019-09-19 12:11:25,577 [grpc-default-executor-1] WARN  server.GrpcLogAppender (LogUtils.java:warn(134)) - 0536a24c-34e3-4c8a-9a31-895de5497f4a@group-11E1763585E1->35717865-8144-46c5-963e-0895e96939ac-AppendLogResponseHandler: Failed appendEntries: org.apache.ratis.thirdparty.io.grpc.StatusRuntimeException: UNAVAILABLE: io exception
2019-09-19 12:11:25,578 [grpc-default-executor-2] INFO  impl.FollowerInfo (FollowerInfo.java:lambda$new$0(51)) - 0536a24c-34e3-4c8a-9a31-895de5497f4a@group-11E1763585E1->03555e6f-e7ac-4c8b-ad84-7222370bb52c: nextIndex: updateUnconditionally 0 -> 0
2019-09-19 12:11:25,578 [grpc-default-executor-1] INFO  impl.FollowerInfo (FollowerInfo.java:lambda$new$0(51)) - 0536a24c-34e3-4c8a-9a31-895de5497f4a@group-11E1763585E1->35717865-8144-46c5-963e-0895e96939ac: nextIndex: updateUnconditionally 0 -> 0
2019-09-19 12:11:25,779 [java.util.concurrent.ThreadPoolExecutor$Worker@5db7d907[State = -1, empty queue]] WARN  server.GrpcLogAppender (GrpcLogAppender.java:timeoutAppendRequest(200)) - a409f42d-bc3a-405f-bf07-8265a8a77aff@group-82AF4051E50B->9ff75243-8f90-489e-ad4c-fbb8c473db2a-GrpcLogAppender: appendEntries Timeout, request=a409f42d-bc3a-405f-bf07-8265a8a77aff->9ff75243-8f90-489e-ad4c-fbb8c473db2a#188-t1, previous=(t:1, i:17), leaderCommit=13, initializing? false, entries: <empty>
2019-09-19 12:11:25,779 [java.util.concurrent.ThreadPoolExecutor$Worker@3ef0e39a[State = -1, empty queue]] WARN  server.GrpcLogAppender (GrpcLogAppender.java:timeoutAppendRequest(200)) - a409f42d-bc3a-405f-bf07-8265a8a77aff@group-82AF4051E50B->587dad1b-1a08-4278-9ac1-e315232e0934-GrpcLogAppender: appendEntries Timeout, request=a409f42d-bc3a-405f-bf07-8265a8a77aff->587dad1b-1a08-4278-9ac1-e315232e0934#188-t1, previous=(t:1, i:17), leaderCommit=13, initializing? false, entries: <empty>
2019-09-19 12:11:25,919 [java.util.concurrent.ThreadPoolExecutor$Worker@4f8ba3d5[State = -1, empty queue]] WARN  server.GrpcLogAppender (GrpcLogAppender.java:timeoutAppendRequest(200)) - 1b83d917-1d73-4cac-8d1d-dc3b4981903d@group-7041D5508450->7c8a32d9-49ab-449b-8cc8-032a8828a8ac-GrpcLogAppender: appendEntries Timeout, request=1b83d917-1d73-4cac-8d1d-dc3b4981903d->7c8a32d9-49ab-449b-8cc8-032a8828a8ac#174-t6, previous=(t:6, i:20), leaderCommit=16, initializing? false, entries: <empty>
2019-09-19 12:11:25,919 [java.util.concurrent.ThreadPoolExecutor$Worker@5019c524[State = -1, empty queue]] WARN  server.GrpcLogAppender (GrpcLogAppender.java:timeoutAppendRequest(200)) - 1b83d917-1d73-4cac-8d1d-dc3b4981903d@group-7041D5508450->4736e737-07ca-4f6d-84d7-0ed6bd660367-GrpcLogAppender: appendEntries Timeout, request=1b83d917-1d73-4cac-8d1d-dc3b4981903d->4736e737-07ca-4f6d-84d7-0ed6bd660367#174-t6, previous=(t:6, i:20), leaderCommit=16, initializing? false, entries: <empty>
2019-09-19 12:11:26,078 [grpc-default-executor-4] WARN  server.GrpcLogAppender (LogUtils.java:warn(134)) - 0536a24c-34e3-4c8a-9a31-895de5497f4a@group-11E1763585E1->35717865-8144-46c5-963e-0895e96939ac-AppendLogResponseHandler: Failed appendEntries: org.apache.ratis.thirdparty.io.grpc.StatusRuntimeException: UNAVAILABLE: io exception
2019-09-19 12:11:26,078 [grpc-default-executor-1] WARN  server.GrpcLogAppender (LogUtils.java:warn(134)) - 0536a24c-34e3-4c8a-9a31-895de5497f4a@group-11E1763585E1->03555e6f-e7ac-4c8b-ad84-7222370bb52c-AppendLogResponseHandler: Failed appendEntries: org.apache.ratis.thirdparty.io.grpc.StatusRuntimeException: UNAVAILABLE: io exception
2019-09-19 12:11:26,078 [grpc-default-executor-4] INFO  impl.FollowerInfo (FollowerInfo.java:lambda$new$0(51)) - 0536a24c-34e3-4c8a-9a31-895de5497f4a@group-11E1763585E1->35717865-8144-46c5-963e-0895e96939ac: nextIndex: updateUnconditionally 0 -> 0
2019-09-19 12:11:26,078 [grpc-default-executor-1] INFO  impl.FollowerInfo (FollowerInfo.java:lambda$new$0(51)) - 0536a24c-34e3-4c8a-9a31-895de5497f4a@group-11E1763585E1->03555e6f-e7ac-4c8b-ad84-7222370bb52c: nextIndex: updateUnconditionally 0 -> 0
2019-09-19 12:11:26,127 [a409f42d-bc3a-405f-bf07-8265a8a77aff@group-82AF4051E50B-SegmentedRaftLogWorker] WARN  segmented.SegmentedRaftLogWorker (SegmentedRaftLogWorker.java:getFromFuture(90)) - Timeout 4/~
org.apache.ratis.protocol.TimeoutIOException: Timeout 10s: WriteLog:16: (t:1, i:16), STATEMACHINELOGENTRY, client-57877EF1F934, cid=54-writeStateMachineData
	at org.apache.ratis.util.IOUtils.getFromFuture(IOUtils.java:87)
	at org.apache.ratis.server.raftlog.segmented.SegmentedRaftLogWorker$StateMachineDataPolicy.getFromFuture(SegmentedRaftLogWorker.java:87)
	at org.apache.ratis.server.raftlog.segmented.SegmentedRaftLogWorker$WriteLog.execute(SegmentedRaftLogWorker.java:477)
	at org.apache.ratis.server.raftlog.segmented.SegmentedRaftLogWorker.run(SegmentedRaftLogWorker.java:289)
	at java.lang.Thread.run(Thread.java:748)
Caused by: java.util.concurrent.TimeoutException
	at java.util.concurrent.CompletableFuture.timedGet(CompletableFuture.java:1771)
	at java.util.concurrent.CompletableFuture.get(CompletableFuture.java:1915)
	at org.apache.ratis.util.IOUtils.getFromFuture(IOUtils.java:79)
	... 4 more
2019-09-19 12:11:26,279 [java.util.concurrent.ThreadPoolExecutor$Worker@3ef0e39a[State = -1, empty queue]] WARN  server.GrpcLogAppender (GrpcLogAppender.java:timeoutAppendRequest(200)) - a409f42d-bc3a-405f-bf07-8265a8a77aff@group-82AF4051E50B->587dad1b-1a08-4278-9ac1-e315232e0934-GrpcLogAppender: appendEntries Timeout, request=a409f42d-bc3a-405f-bf07-8265a8a77aff->587dad1b-1a08-4278-9ac1-e315232e0934#189-t1, previous=(t:1, i:17), leaderCommit=13, initializing? false, entries: <empty>
2019-09-19 12:11:26,279 [java.util.concurrent.ThreadPoolExecutor$Worker@5db7d907[State = -1, empty queue]] WARN  server.GrpcLogAppender (GrpcLogAppender.java:timeoutAppendRequest(200)) - a409f42d-bc3a-405f-bf07-8265a8a77aff@group-82AF4051E50B->9ff75243-8f90-489e-ad4c-fbb8c473db2a-GrpcLogAppender: appendEntries Timeout, request=a409f42d-bc3a-405f-bf07-8265a8a77aff->9ff75243-8f90-489e-ad4c-fbb8c473db2a#189-t1, previous=(t:1, i:17), leaderCommit=13, initializing? false, entries: <empty>
2019-09-19 12:11:26,420 [java.util.concurrent.ThreadPoolExecutor$Worker@4f8ba3d5[State = -1, empty queue]] WARN  server.GrpcLogAppender (GrpcLogAppender.java:timeoutAppendRequest(200)) - 1b83d917-1d73-4cac-8d1d-dc3b4981903d@group-7041D5508450->7c8a32d9-49ab-449b-8cc8-032a8828a8ac-GrpcLogAppender: appendEntries Timeout, request=1b83d917-1d73-4cac-8d1d-dc3b4981903d->7c8a32d9-49ab-449b-8cc8-032a8828a8ac#175-t6, previous=(t:6, i:20), leaderCommit=16, initializing? false, entries: <empty>
2019-09-19 12:11:26,420 [java.util.concurrent.ThreadPoolExecutor$Worker@5019c524[State = -1, empty queue]] WARN  server.GrpcLogAppender (GrpcLogAppender.java:timeoutAppendRequest(200)) - 1b83d917-1d73-4cac-8d1d-dc3b4981903d@group-7041D5508450->4736e737-07ca-4f6d-84d7-0ed6bd660367-GrpcLogAppender: appendEntries Timeout, request=1b83d917-1d73-4cac-8d1d-dc3b4981903d->4736e737-07ca-4f6d-84d7-0ed6bd660367#175-t6, previous=(t:6, i:20), leaderCommit=16, initializing? false, entries: <empty>
2019-09-19 12:11:26,578 [grpc-default-executor-8] WARN  server.GrpcLogAppender (LogUtils.java:warn(134)) - 0536a24c-34e3-4c8a-9a31-895de5497f4a@group-11E1763585E1->35717865-8144-46c5-963e-0895e96939ac-AppendLogResponseHandler: Failed appendEntries: org.apache.ratis.thirdparty.io.grpc.StatusRuntimeException: UNAVAILABLE: io exception
2019-09-19 12:11:26,578 [grpc-default-executor-1] WARN  server.GrpcLogAppender (LogUtils.java:warn(134)) - 0536a24c-34e3-4c8a-9a31-895de5497f4a@group-11E1763585E1->03555e6f-e7ac-4c8b-ad84-7222370bb52c-AppendLogResponseHandler: Failed appendEntries: org.apache.ratis.thirdparty.io.grpc.StatusRuntimeException: UNAVAILABLE: io exception
2019-09-19 12:11:26,579 [grpc-default-executor-8] INFO  impl.FollowerInfo (FollowerInfo.java:lambda$new$0(51)) - 0536a24c-34e3-4c8a-9a31-895de5497f4a@group-11E1763585E1->35717865-8144-46c5-963e-0895e96939ac: nextIndex: updateUnconditionally 0 -> 0
2019-09-19 12:11:26,579 [grpc-default-executor-1] INFO  impl.FollowerInfo (FollowerInfo.java:lambda$new$0(51)) - 0536a24c-34e3-4c8a-9a31-895de5497f4a@group-11E1763585E1->03555e6f-e7ac-4c8b-ad84-7222370bb52c: nextIndex: updateUnconditionally 0 -> 0
2019-09-19 12:11:26,630 [main] WARN  io.KeyOutputStream (KeyOutputStream.java:handleException(276)) - Encountered exception java.io.IOException: Unexpected Storage Container Exception: java.util.concurrent.CompletionException: java.util.concurrent.CompletionException: org.apache.ratis.protocol.RaftRetryFailureException: Failed RaftClientRequest:client-D287D123B867->0536a24c-34e3-4c8a-9a31-895de5497f4a@group-11E1763585E1, cid=64, seq=7*, RW, org.apache.hadoop.hdds.scm.XceiverClientRatis$$Lambda$403/1583001542@e11d176 for 10 attempts with RetryLimited(maxAttempts=10, sleepTime=1000ms) on the pipeline Pipeline[ Id: aed8ff52-0610-457a-8f1b-11e1763585e1, Nodes: 35717865-8144-46c5-963e-0895e96939ac{ip: 192.168.157.252, host: pr-hdds-2153-8htts-3549596055, networkLocation: /default-rack, certSerialId: null}03555e6f-e7ac-4c8b-ad84-7222370bb52c{ip: 192.168.157.252, host: pr-hdds-2153-8htts-3549596055, networkLocation: /default-rack, certSerialId: null}0536a24c-34e3-4c8a-9a31-895de5497f4a{ip: 192.168.157.252, host: pr-hdds-2153-8htts-3549596055, networkLocation: /default-rack, certSerialId: null}, Type:RATIS, Factor:THREE, State:OPEN]. The last committed block length is 2097152, uncommitted data length is 2097152 retry count 0
2019-09-19 12:11:26,664 [IPC Server handler 15 on 35736] WARN  block.BlockManagerImpl (BlockManagerImpl.java:allocateBlock(192)) - Pipeline creation failed for type:RATIS factor:THREE. Retrying get pipelines call once.
org.apache.hadoop.hdds.scm.pipeline.InsufficientDatanodesException: Cannot create pipeline of factor 3 using 1 nodes.
	at org.apache.hadoop.hdds.scm.pipeline.RatisPipelineProvider.create(RatisPipelineProvider.java:152)
	at org.apache.hadoop.hdds.scm.pipeline.PipelineFactory.create(PipelineFactory.java:57)
	at org.apache.hadoop.hdds.scm.pipeline.SCMPipelineManager.createPipeline(SCMPipelineManager.java:151)
	at org.apache.hadoop.hdds.scm.block.BlockManagerImpl.allocateBlock(BlockManagerImpl.java:190)
	at org.apache.hadoop.hdds.scm.server.SCMBlockProtocolServer.allocateBlock(SCMBlockProtocolServer.java:182)
	at org.apache.hadoop.ozone.protocolPB.ScmBlockLocationProtocolServerSideTranslatorPB.allocateScmBlock(ScmBlockLocationProtocolServerSideTranslatorPB.java:183)
	at org.apache.hadoop.ozone.protocolPB.ScmBlockLocationProtocolServerSideTranslatorPB.processMessage(ScmBlockLocationProtocolServerSideTranslatorPB.java:141)
	at org.apache.hadoop.ozone.protocolPB.ScmBlockLocationProtocolServerSideTranslatorPB.send(ScmBlockLocationProtocolServerSideTranslatorPB.java:116)
	at org.apache.hadoop.hdds.protocol.proto.ScmBlockLocationProtocolProtos$ScmBlockLocationProtocolService$2.callBlockingMethod(ScmBlockLocationProtocolProtos.java:13157)
	at org.apache.hadoop.ipc.ProtobufRpcEngine$Server$ProtoBufRpcInvoker.call(ProtobufRpcEngine.java:524)
	at org.apache.hadoop.ipc.RPC$Server.call(RPC.java:1025)
	at org.apache.hadoop.ipc.Server$RpcCall.run(Server.java:876)
	at org.apache.hadoop.ipc.Server$RpcCall.run(Server.java:822)
	at java.security.AccessController.doPrivileged(Native Method)
	at javax.security.auth.Subject.doAs(Subject.java:422)
	at org.apache.hadoop.security.UserGroupInformation.doAs(UserGroupInformation.java:1730)
	at org.apache.hadoop.ipc.Server$Handler.run(Server.java:2682)
2019-09-19 12:11:26,667 [IPC Server handler 15 on 35736] INFO  block.BlockManagerImpl (BlockManagerImpl.java:allocateBlock(198)) - Could not find available pipeline of type:RATIS and factor:THREE even after retrying
2019-09-19 12:11:26,667 [IPC Server handler 15 on 35736] ERROR block.BlockManagerImpl (BlockManagerImpl.java:allocateBlock(222)) - Unable to allocate a block for the size: 4194304, type: RATIS, factor: THREE
2019-09-19 12:11:26,673 [main] ERROR io.BlockOutputStreamEntryPool (BlockOutputStreamEntryPool.java:allocateBlockIfNeeded(299)) - Try to allocate more blocks for write failed, already allocated 0 blocks for this write.
INTERNAL_ERROR org.apache.hadoop.ozone.om.exceptions.OMException: Allocated 0 blocks. Requested 1 blocks
	at org.apache.hadoop.ozone.om.protocolPB.OzoneManagerProtocolClientSideTranslatorPB.handleError(OzoneManagerProtocolClientSideTranslatorPB.java:724)
	at org.apache.hadoop.ozone.om.protocolPB.OzoneManagerProtocolClientSideTranslatorPB.allocateBlock(OzoneManagerProtocolClientSideTranslatorPB.java:756)
	at sun.reflect.NativeMethodAccessorImpl.invoke0(Native Method)
	at sun.reflect.NativeMethodAccessorImpl.invoke(NativeMethodAccessorImpl.java:62)
	at sun.reflect.DelegatingMethodAccessorImpl.invoke(DelegatingMethodAccessorImpl.java:43)
	at java.lang.reflect.Method.invoke(Method.java:498)
	at org.apache.hadoop.hdds.tracing.TraceAllMethod.invoke(TraceAllMethod.java:66)
	at com.sun.proxy.$Proxy36.allocateBlock(Unknown Source)
	at org.apache.hadoop.ozone.client.io.BlockOutputStreamEntryPool.allocateNewBlock(BlockOutputStreamEntryPool.java:248)
	at org.apache.hadoop.ozone.client.io.BlockOutputStreamEntryPool.allocateBlockIfNeeded(BlockOutputStreamEntryPool.java:296)
	at org.apache.hadoop.ozone.client.io.KeyOutputStream.handleWrite(KeyOutputStream.java:201)
	at org.apache.hadoop.ozone.client.io.KeyOutputStream.handleRetry(KeyOutputStream.java:376)
	at org.apache.hadoop.ozone.client.io.KeyOutputStream.handleException(KeyOutputStream.java:325)
	at org.apache.hadoop.ozone.client.io.KeyOutputStream.handleWrite(KeyOutputStream.java:231)
	at org.apache.hadoop.ozone.client.io.KeyOutputStream.write(KeyOutputStream.java:193)
	at org.apache.hadoop.ozone.client.io.OzoneOutputStream.write(OzoneOutputStream.java:49)
	at java.io.OutputStream.write(OutputStream.java:75)
	at org.apache.hadoop.ozone.client.rpc.TestMultiBlockWritesWithDnFailures.testMultiBlockWritesWithIntermittentDnFailures(TestMultiBlockWritesWithDnFailures.java:196)
	at sun.reflect.NativeMethodAccessorImpl.invoke0(Native Method)
	at sun.reflect.NativeMethodAccessorImpl.invoke(NativeMethodAccessorImpl.java:62)
	at sun.reflect.DelegatingMethodAccessorImpl.invoke(DelegatingMethodAccessorImpl.java:43)
	at java.lang.reflect.Method.invoke(Method.java:498)
	at org.junit.runners.model.FrameworkMethod$1.runReflectiveCall(FrameworkMethod.java:47)
	at org.junit.internal.runners.model.ReflectiveCallable.run(ReflectiveCallable.java:12)
	at org.junit.runners.model.FrameworkMethod.invokeExplosively(FrameworkMethod.java:44)
	at org.junit.internal.runners.statements.InvokeMethod.evaluate(InvokeMethod.java:17)
	at org.junit.internal.runners.statements.RunAfters.evaluate(RunAfters.java:27)
	at org.junit.runners.ParentRunner.runLeaf(ParentRunner.java:271)
	at org.junit.runners.BlockJUnit4ClassRunner.runChild(BlockJUnit4ClassRunner.java:70)
	at org.junit.runners.BlockJUnit4ClassRunner.runChild(BlockJUnit4ClassRunner.java:50)
	at org.junit.runners.ParentRunner$3.run(ParentRunner.java:238)
	at org.junit.runners.ParentRunner$1.schedule(ParentRunner.java:63)
	at org.junit.runners.ParentRunner.runChildren(ParentRunner.java:236)
	at org.junit.runners.ParentRunner.access$000(ParentRunner.java:53)
	at org.junit.runners.ParentRunner$2.evaluate(ParentRunner.java:229)
	at org.junit.runners.ParentRunner.run(ParentRunner.java:309)
	at org.apache.maven.surefire.junit4.JUnit4Provider.execute(JUnit4Provider.java:365)
	at org.apache.maven.surefire.junit4.JUnit4Provider.executeWithRerun(JUnit4Provider.java:273)
	at org.apache.maven.surefire.junit4.JUnit4Provider.executeTestSet(JUnit4Provider.java:238)
	at org.apache.maven.surefire.junit4.JUnit4Provider.invoke(JUnit4Provider.java:159)
	at org.apache.maven.surefire.booter.ForkedBooter.invokeProviderInSameClassLoader(ForkedBooter.java:384)
	at org.apache.maven.surefire.booter.ForkedBooter.runSuitesInProcess(ForkedBooter.java:345)
	at org.apache.maven.surefire.booter.ForkedBooter.execute(ForkedBooter.java:126)
	at org.apache.maven.surefire.booter.ForkedBooter.main(ForkedBooter.java:418)
2019-09-19 12:11:26,676 [main] INFO  ozone.MiniOzoneClusterImpl (MiniOzoneClusterImpl.java:shutdown(307)) - Shutting down the Mini Ozone Cluster
2019-09-19 12:11:26,676 [main] INFO  ozone.MiniOzoneClusterImpl (MiniOzoneClusterImpl.java:stop(322)) - Stopping the Mini Ozone Cluster
2019-09-19 12:11:26,677 [main] INFO  ozone.MiniOzoneClusterImpl (MiniOzoneClusterImpl.java:stop(324)) - Stopping the OzoneManager
2019-09-19 12:11:26,677 [main] INFO  ipc.Server (Server.java:stop(3082)) - Stopping server on 35099
2019-09-19 12:11:26,690 [IPC Server listener on 35099] INFO  ipc.Server (Server.java:run(1185)) - Stopping IPC Server listener on 35099
2019-09-19 12:11:26,692 [main] INFO  ratis.OzoneManagerDoubleBuffer (OzoneManagerDoubleBuffer.java:stop(248)) - Stopping OMDoubleBuffer flush thread
2019-09-19 12:11:26,699 [IPC Server Responder] INFO  ipc.Server (Server.java:run(1319)) - Stopping IPC Server Responder
2019-09-19 12:11:26,701 [OMDoubleBufferFlushThread] INFO  ratis.OzoneManagerDoubleBuffer (OzoneManagerDoubleBuffer.java:flushTransactions(191)) - OMDoubleBuffer flush thread OMDoubleBufferFlushThread is interrupted and will exit. OMDoubleBufferFlushThread
2019-09-19 12:11:26,709 [main] INFO  utils.BackgroundService (BackgroundService.java:shutdown(148)) - Shutting down service KeyDeletingService
2019-09-19 12:11:26,736 [main] INFO  handler.ContextHandler (ContextHandler.java:doStop(910)) - Stopped o.e.j.w.WebAppContext@444548a0{/,null,UNAVAILABLE}{/ozoneManager}
2019-09-19 12:11:26,737 [main] INFO  server.AbstractConnector (AbstractConnector.java:doStop(318)) - Stopped ServerConnector@3766c667{HTTP/1.1,[http/1.1]}{0.0.0.0:0}
2019-09-19 12:11:26,738 [main] INFO  handler.ContextHandler (ContextHandler.java:doStop(910)) - Stopped o.e.j.s.ServletContextHandler@2571066a{/static,file:///workdir/hadoop-ozone/integration-test/target/test-classes/webapps/static,UNAVAILABLE}
2019-09-19 12:11:26,738 [main] INFO  handler.ContextHandler (ContextHandler.java:doStop(910)) - Stopped o.e.j.s.ServletContextHandler@25d3cfc8{/logs,file:///workdir/hadoop-ozone/integration-test/target/log,UNAVAILABLE}
2019-09-19 12:11:26,743 [main] INFO  ozone.MiniOzoneClusterImpl (MiniOzoneClusterImpl.java:stop(330)) - Shutting the HddsDatanodes
2019-09-19 12:11:26,779 [java.util.concurrent.ThreadPoolExecutor$Worker@5db7d907[State = -1, empty queue]] WARN  server.GrpcLogAppender (GrpcLogAppender.java:timeoutAppendRequest(200)) - a409f42d-bc3a-405f-bf07-8265a8a77aff@group-82AF4051E50B->9ff75243-8f90-489e-ad4c-fbb8c473db2a-GrpcLogAppender: appendEntries Timeout, request=a409f42d-bc3a-405f-bf07-8265a8a77aff->9ff75243-8f90-489e-ad4c-fbb8c473db2a#190-t1, previous=(t:1, i:17), leaderCommit=13, initializing? false, entries: <empty>
2019-09-19 12:11:26,779 [java.util.concurrent.ThreadPoolExecutor$Worker@3ef0e39a[State = -1, empty queue]] WARN  server.GrpcLogAppender (GrpcLogAppender.java:timeoutAppendRequest(200)) - a409f42d-bc3a-405f-bf07-8265a8a77aff@group-82AF4051E50B->587dad1b-1a08-4278-9ac1-e315232e0934-GrpcLogAppender: appendEntries Timeout, request=a409f42d-bc3a-405f-bf07-8265a8a77aff->587dad1b-1a08-4278-9ac1-e315232e0934#190-t1, previous=(t:1, i:17), leaderCommit=13, initializing? false, entries: <empty>
2019-09-19 12:11:26,920 [java.util.concurrent.ThreadPoolExecutor$Worker@4f8ba3d5[State = -1, empty queue]] WARN  server.GrpcLogAppender (GrpcLogAppender.java:timeoutAppendRequest(200)) - 1b83d917-1d73-4cac-8d1d-dc3b4981903d@group-7041D5508450->7c8a32d9-49ab-449b-8cc8-032a8828a8ac-GrpcLogAppender: appendEntries Timeout, request=1b83d917-1d73-4cac-8d1d-dc3b4981903d->7c8a32d9-49ab-449b-8cc8-032a8828a8ac#176-t6, previous=(t:6, i:20), leaderCommit=16, initializing? false, entries: <empty>
2019-09-19 12:11:26,920 [java.util.concurrent.ThreadPoolExecutor$Worker@5019c524[State = -1, empty queue]] WARN  server.GrpcLogAppender (GrpcLogAppender.java:timeoutAppendRequest(200)) - 1b83d917-1d73-4cac-8d1d-dc3b4981903d@group-7041D5508450->4736e737-07ca-4f6d-84d7-0ed6bd660367-GrpcLogAppender: appendEntries Timeout, request=1b83d917-1d73-4cac-8d1d-dc3b4981903d->4736e737-07ca-4f6d-84d7-0ed6bd660367#176-t6, previous=(t:6, i:20), leaderCommit=16, initializing? false, entries: <empty>
2019-09-19 12:11:27,079 [grpc-default-executor-1] WARN  server.GrpcLogAppender (LogUtils.java:warn(134)) - 0536a24c-34e3-4c8a-9a31-895de5497f4a@group-11E1763585E1->35717865-8144-46c5-963e-0895e96939ac-AppendLogResponseHandler: Failed appendEntries: org.apache.ratis.thirdparty.io.grpc.StatusRuntimeException: UNAVAILABLE: io exception
2019-09-19 12:11:27,079 [grpc-default-executor-10] WARN  server.GrpcLogAppender (LogUtils.java:warn(134)) - 0536a24c-34e3-4c8a-9a31-895de5497f4a@group-11E1763585E1->03555e6f-e7ac-4c8b-ad84-7222370bb52c-AppendLogResponseHandler: Failed appendEntries: org.apache.ratis.thirdparty.io.grpc.StatusRuntimeException: UNAVAILABLE: io exception
2019-09-19 12:11:27,079 [grpc-default-executor-1] INFO  impl.FollowerInfo (FollowerInfo.java:lambda$new$0(51)) - 0536a24c-34e3-4c8a-9a31-895de5497f4a@group-11E1763585E1->35717865-8144-46c5-963e-0895e96939ac: nextIndex: updateUnconditionally 0 -> 0
2019-09-19 12:11:27,080 [grpc-default-executor-10] INFO  impl.FollowerInfo (FollowerInfo.java:lambda$new$0(51)) - 0536a24c-34e3-4c8a-9a31-895de5497f4a@group-11E1763585E1->03555e6f-e7ac-4c8b-ad84-7222370bb52c: nextIndex: updateUnconditionally 0 -> 0
2019-09-19 12:11:27,144 [Datanode State Machine Thread - 0] INFO  statemachine.DatanodeStateMachine (DatanodeStateMachine.java:lambda$startDaemon$0(350)) - Ozone container server started.
2019-09-19 12:11:27,280 [java.util.concurrent.ThreadPoolExecutor$Worker@5db7d907[State = -1, empty queue]] WARN  server.GrpcLogAppender (GrpcLogAppender.java:timeoutAppendRequest(200)) - a409f42d-bc3a-405f-bf07-8265a8a77aff@group-82AF4051E50B->9ff75243-8f90-489e-ad4c-fbb8c473db2a-GrpcLogAppender: appendEntries Timeout, request=a409f42d-bc3a-405f-bf07-8265a8a77aff->9ff75243-8f90-489e-ad4c-fbb8c473db2a#191-t1, previous=(t:1, i:17), leaderCommit=13, initializing? false, entries: <empty>
2019-09-19 12:11:27,280 [java.util.concurrent.ThreadPoolExecutor$Worker@3ef0e39a[State = -1, empty queue]] WARN  server.GrpcLogAppender (GrpcLogAppender.java:timeoutAppendRequest(200)) - a409f42d-bc3a-405f-bf07-8265a8a77aff@group-82AF4051E50B->587dad1b-1a08-4278-9ac1-e315232e0934-GrpcLogAppender: appendEntries Timeout, request=a409f42d-bc3a-405f-bf07-8265a8a77aff->587dad1b-1a08-4278-9ac1-e315232e0934#191-t1, previous=(t:1, i:17), leaderCommit=13, initializing? false, entries: <empty>
2019-09-19 12:11:27,405 [Datanode State Machine Thread - 0] INFO  statemachine.DatanodeStateMachine (DatanodeStateMachine.java:lambda$startDaemon$0(350)) - Ozone container server started.
2019-09-19 12:11:27,420 [java.util.concurrent.ThreadPoolExecutor$Worker@4f8ba3d5[State = -1, empty queue]] WARN  server.GrpcLogAppender (GrpcLogAppender.java:timeoutAppendRequest(200)) - 1b83d917-1d73-4cac-8d1d-dc3b4981903d@group-7041D5508450->7c8a32d9-49ab-449b-8cc8-032a8828a8ac-GrpcLogAppender: appendEntries Timeout, request=1b83d917-1d73-4cac-8d1d-dc3b4981903d->7c8a32d9-49ab-449b-8cc8-032a8828a8ac#177-t6, previous=(t:6, i:20), leaderCommit=16, initializing? false, entries: <empty>
2019-09-19 12:11:27,420 [java.util.concurrent.ThreadPoolExecutor$Worker@5019c524[State = -1, empty queue]] WARN  server.GrpcLogAppender (GrpcLogAppender.java:timeoutAppendRequest(200)) - 1b83d917-1d73-4cac-8d1d-dc3b4981903d@group-7041D5508450->4736e737-07ca-4f6d-84d7-0ed6bd660367-GrpcLogAppender: appendEntries Timeout, request=1b83d917-1d73-4cac-8d1d-dc3b4981903d->4736e737-07ca-4f6d-84d7-0ed6bd660367#177-t6, previous=(t:6, i:20), leaderCommit=16, initializing? false, entries: <empty>
2019-09-19 12:11:27,580 [grpc-default-executor-9] WARN  server.GrpcLogAppender (LogUtils.java:warn(134)) - 0536a24c-34e3-4c8a-9a31-895de5497f4a@group-11E1763585E1->35717865-8144-46c5-963e-0895e96939ac-AppendLogResponseHandler: Failed appendEntries: org.apache.ratis.thirdparty.io.grpc.StatusRuntimeException: UNAVAILABLE: io exception
2019-09-19 12:11:27,580 [grpc-default-executor-2] WARN  server.GrpcLogAppender (LogUtils.java:warn(134)) - 0536a24c-34e3-4c8a-9a31-895de5497f4a@group-11E1763585E1->03555e6f-e7ac-4c8b-ad84-7222370bb52c-AppendLogResponseHandler: Failed appendEntries: org.apache.ratis.thirdparty.io.grpc.StatusRuntimeException: UNAVAILABLE: io exception
2019-09-19 12:11:27,581 [grpc-default-executor-9] INFO  impl.FollowerInfo (FollowerInfo.java:lambda$new$0(51)) - 0536a24c-34e3-4c8a-9a31-895de5497f4a@group-11E1763585E1->35717865-8144-46c5-963e-0895e96939ac: nextIndex: updateUnconditionally 0 -> 0
2019-09-19 12:11:27,581 [grpc-default-executor-2] INFO  impl.FollowerInfo (FollowerInfo.java:lambda$new$0(51)) - 0536a24c-34e3-4c8a-9a31-895de5497f4a@group-11E1763585E1->03555e6f-e7ac-4c8b-ad84-7222370bb52c: nextIndex: updateUnconditionally 0 -> 0
2019-09-19 12:11:27,780 [java.util.concurrent.ThreadPoolExecutor$Worker@5db7d907[State = -1, empty queue]] WARN  server.GrpcLogAppender (GrpcLogAppender.java:timeoutAppendRequest(200)) - a409f42d-bc3a-405f-bf07-8265a8a77aff@group-82AF4051E50B->9ff75243-8f90-489e-ad4c-fbb8c473db2a-GrpcLogAppender: appendEntries Timeout, request=a409f42d-bc3a-405f-bf07-8265a8a77aff->9ff75243-8f90-489e-ad4c-fbb8c473db2a#192-t1, previous=(t:1, i:17), leaderCommit=13, initializing? false, entries: <empty>
2019-09-19 12:11:27,780 [java.util.concurrent.ThreadPoolExecutor$Worker@3ef0e39a[State = -1, empty queue]] WARN  server.GrpcLogAppender (GrpcLogAppender.java:timeoutAppendRequest(200)) - a409f42d-bc3a-405f-bf07-8265a8a77aff@group-82AF4051E50B->587dad1b-1a08-4278-9ac1-e315232e0934-GrpcLogAppender: appendEntries Timeout, request=a409f42d-bc3a-405f-bf07-8265a8a77aff->587dad1b-1a08-4278-9ac1-e315232e0934#192-t1, previous=(t:1, i:17), leaderCommit=13, initializing? false, entries: <empty>
2019-09-19 12:11:27,920 [java.util.concurrent.ThreadPoolExecutor$Worker@5019c524[State = -1, empty queue]] WARN  server.GrpcLogAppender (GrpcLogAppender.java:timeoutAppendRequest(200)) - 1b83d917-1d73-4cac-8d1d-dc3b4981903d@group-7041D5508450->4736e737-07ca-4f6d-84d7-0ed6bd660367-GrpcLogAppender: appendEntries Timeout, request=1b83d917-1d73-4cac-8d1d-dc3b4981903d->4736e737-07ca-4f6d-84d7-0ed6bd660367#178-t6, previous=(t:6, i:20), leaderCommit=16, initializing? false, entries: <empty>
2019-09-19 12:11:27,920 [java.util.concurrent.ThreadPoolExecutor$Worker@4f8ba3d5[State = -1, empty queue]] WARN  server.GrpcLogAppender (GrpcLogAppender.java:timeoutAppendRequest(200)) - 1b83d917-1d73-4cac-8d1d-dc3b4981903d@group-7041D5508450->7c8a32d9-49ab-449b-8cc8-032a8828a8ac-GrpcLogAppender: appendEntries Timeout, request=1b83d917-1d73-4cac-8d1d-dc3b4981903d->7c8a32d9-49ab-449b-8cc8-032a8828a8ac#178-t6, previous=(t:6, i:20), leaderCommit=16, initializing? false, entries: <empty>
2019-09-19 12:11:28,081 [grpc-default-executor-1] WARN  server.GrpcLogAppender (LogUtils.java:warn(134)) - 0536a24c-34e3-4c8a-9a31-895de5497f4a@group-11E1763585E1->03555e6f-e7ac-4c8b-ad84-7222370bb52c-AppendLogResponseHandler: Failed appendEntries: org.apache.ratis.thirdparty.io.grpc.StatusRuntimeException: UNAVAILABLE: io exception
2019-09-19 12:11:28,081 [grpc-default-executor-10] WARN  server.GrpcLogAppender (LogUtils.java:warn(134)) - 0536a24c-34e3-4c8a-9a31-895de5497f4a@group-11E1763585E1->35717865-8144-46c5-963e-0895e96939ac-AppendLogResponseHandler: Failed appendEntries: org.apache.ratis.thirdparty.io.grpc.StatusRuntimeException: UNAVAILABLE: io exception
2019-09-19 12:11:28,081 [grpc-default-executor-1] INFO  impl.FollowerInfo (FollowerInfo.java:lambda$new$0(51)) - 0536a24c-34e3-4c8a-9a31-895de5497f4a@group-11E1763585E1->03555e6f-e7ac-4c8b-ad84-7222370bb52c: nextIndex: updateUnconditionally 0 -> 0
2019-09-19 12:11:28,081 [grpc-default-executor-10] INFO  impl.FollowerInfo (FollowerInfo.java:lambda$new$0(51)) - 0536a24c-34e3-4c8a-9a31-895de5497f4a@group-11E1763585E1->35717865-8144-46c5-963e-0895e96939ac: nextIndex: updateUnconditionally 0 -> 0
2019-09-19 12:11:28,280 [java.util.concurrent.ThreadPoolExecutor$Worker@3ef0e39a[State = -1, empty queue]] WARN  server.GrpcLogAppender (GrpcLogAppender.java:timeoutAppendRequest(200)) - a409f42d-bc3a-405f-bf07-8265a8a77aff@group-82AF4051E50B->587dad1b-1a08-4278-9ac1-e315232e0934-GrpcLogAppender: appendEntries Timeout, request=a409f42d-bc3a-405f-bf07-8265a8a77aff->587dad1b-1a08-4278-9ac1-e315232e0934#193-t1, previous=(t:1, i:17), leaderCommit=13, initializing? false, entries: <empty>
2019-09-19 12:11:28,280 [java.util.concurrent.ThreadPoolExecutor$Worker@5db7d907[State = -1, empty queue]] WARN  server.GrpcLogAppender (GrpcLogAppender.java:timeoutAppendRequest(200)) - a409f42d-bc3a-405f-bf07-8265a8a77aff@group-82AF4051E50B->9ff75243-8f90-489e-ad4c-fbb8c473db2a-GrpcLogAppender: appendEntries Timeout, request=a409f42d-bc3a-405f-bf07-8265a8a77aff->9ff75243-8f90-489e-ad4c-fbb8c473db2a#193-t1, previous=(t:1, i:17), leaderCommit=13, initializing? false, entries: <empty>
2019-09-19 12:11:28,332 [4736e737-07ca-4f6d-84d7-0ed6bd660367@group-7041D5508450-SegmentedRaftLogWorker] WARN  segmented.SegmentedRaftLogWorker (SegmentedRaftLogWorker.java:getFromFuture(90)) - Timeout 7/~
org.apache.ratis.protocol.TimeoutIOException: Timeout 10s: WriteLog:17: (t:6, i:17), STATEMACHINELOGENTRY, client-F1DE9C258D1C, cid=38-writeStateMachineData
	at org.apache.ratis.util.IOUtils.getFromFuture(IOUtils.java:87)
	at org.apache.ratis.server.raftlog.segmented.SegmentedRaftLogWorker$StateMachineDataPolicy.getFromFuture(SegmentedRaftLogWorker.java:87)
	at org.apache.ratis.server.raftlog.segmented.SegmentedRaftLogWorker$WriteLog.execute(SegmentedRaftLogWorker.java:477)
	at org.apache.ratis.server.raftlog.segmented.SegmentedRaftLogWorker.run(SegmentedRaftLogWorker.java:289)
	at java.lang.Thread.run(Thread.java:748)
Caused by: java.util.concurrent.TimeoutException
	at java.util.concurrent.CompletableFuture.timedGet(CompletableFuture.java:1771)
	at java.util.concurrent.CompletableFuture.get(CompletableFuture.java:1915)
	at org.apache.ratis.util.IOUtils.getFromFuture(IOUtils.java:79)
	... 4 more
2019-09-19 12:11:28,340 [7c8a32d9-49ab-449b-8cc8-032a8828a8ac@group-7041D5508450-SegmentedRaftLogWorker] WARN  segmented.SegmentedRaftLogWorker (SegmentedRaftLogWorker.java:getFromFuture(90)) - Timeout 7/~
org.apache.ratis.protocol.TimeoutIOException: Timeout 10s: WriteLog:17: (t:6, i:17), STATEMACHINELOGENTRY, client-F1DE9C258D1C, cid=38-writeStateMachineData
	at org.apache.ratis.util.IOUtils.getFromFuture(IOUtils.java:87)
	at org.apache.ratis.server.raftlog.segmented.SegmentedRaftLogWorker$StateMachineDataPolicy.getFromFuture(SegmentedRaftLogWorker.java:87)
	at org.apache.ratis.server.raftlog.segmented.SegmentedRaftLogWorker$WriteLog.execute(SegmentedRaftLogWorker.java:477)
	at org.apache.ratis.server.raftlog.segmented.SegmentedRaftLogWorker.run(SegmentedRaftLogWorker.java:289)
	at java.lang.Thread.run(Thread.java:748)
Caused by: java.util.concurrent.TimeoutException
	at java.util.concurrent.CompletableFuture.timedGet(CompletableFuture.java:1771)
	at java.util.concurrent.CompletableFuture.get(CompletableFuture.java:1915)
	at org.apache.ratis.util.IOUtils.getFromFuture(IOUtils.java:79)
	... 4 more
2019-09-19 12:11:28,421 [java.util.concurrent.ThreadPoolExecutor$Worker@4f8ba3d5[State = -1, empty queue]] WARN  server.GrpcLogAppender (GrpcLogAppender.java:timeoutAppendRequest(200)) - 1b83d917-1d73-4cac-8d1d-dc3b4981903d@group-7041D5508450->7c8a32d9-49ab-449b-8cc8-032a8828a8ac-GrpcLogAppender: appendEntries Timeout, request=1b83d917-1d73-4cac-8d1d-dc3b4981903d->7c8a32d9-49ab-449b-8cc8-032a8828a8ac#179-t6, previous=(t:6, i:20), leaderCommit=16, initializing? false, entries: <empty>
2019-09-19 12:11:28,421 [java.util.concurrent.ThreadPoolExecutor$Worker@5019c524[State = -1, empty queue]] WARN  server.GrpcLogAppender (GrpcLogAppender.java:timeoutAppendRequest(200)) - 1b83d917-1d73-4cac-8d1d-dc3b4981903d@group-7041D5508450->4736e737-07ca-4f6d-84d7-0ed6bd660367-GrpcLogAppender: appendEntries Timeout, request=1b83d917-1d73-4cac-8d1d-dc3b4981903d->4736e737-07ca-4f6d-84d7-0ed6bd660367#179-t6, previous=(t:6, i:20), leaderCommit=16, initializing? false, entries: <empty>
2019-09-19 12:11:28,582 [grpc-default-executor-4] WARN  server.GrpcLogAppender (LogUtils.java:warn(134)) - 0536a24c-34e3-4c8a-9a31-895de5497f4a@group-11E1763585E1->03555e6f-e7ac-4c8b-ad84-7222370bb52c-AppendLogResponseHandler: Failed appendEntries: org.apache.ratis.thirdparty.io.grpc.StatusRuntimeException: UNAVAILABLE: io exception
2019-09-19 12:11:28,582 [grpc-default-executor-9] WARN  server.GrpcLogAppender (LogUtils.java:warn(134)) - 0536a24c-34e3-4c8a-9a31-895de5497f4a@group-11E1763585E1->35717865-8144-46c5-963e-0895e96939ac-AppendLogResponseHandler: Failed appendEntries: org.apache.ratis.thirdparty.io.grpc.StatusRuntimeException: UNAVAILABLE: io exception
2019-09-19 12:11:28,582 [grpc-default-executor-4] INFO  impl.FollowerInfo (FollowerInfo.java:lambda$new$0(51)) - 0536a24c-34e3-4c8a-9a31-895de5497f4a@group-11E1763585E1->03555e6f-e7ac-4c8b-ad84-7222370bb52c: nextIndex: updateUnconditionally 0 -> 0
2019-09-19 12:11:28,582 [grpc-default-executor-9] INFO  impl.FollowerInfo (FollowerInfo.java:lambda$new$0(51)) - 0536a24c-34e3-4c8a-9a31-895de5497f4a@group-11E1763585E1->35717865-8144-46c5-963e-0895e96939ac: nextIndex: updateUnconditionally 0 -> 0
2019-09-19 12:11:28,780 [java.util.concurrent.ThreadPoolExecutor$Worker@5db7d907[State = -1, empty queue]] WARN  server.GrpcLogAppender (GrpcLogAppender.java:timeoutAppendRequest(200)) - a409f42d-bc3a-405f-bf07-8265a8a77aff@group-82AF4051E50B->9ff75243-8f90-489e-ad4c-fbb8c473db2a-GrpcLogAppender: appendEntries Timeout, request=a409f42d-bc3a-405f-bf07-8265a8a77aff->9ff75243-8f90-489e-ad4c-fbb8c473db2a#194-t1, previous=(t:1, i:17), leaderCommit=13, initializing? false, entries: <empty>
2019-09-19 12:11:28,780 [java.util.concurrent.ThreadPoolExecutor$Worker@3ef0e39a[State = -1, empty queue]] WARN  server.GrpcLogAppender (GrpcLogAppender.java:timeoutAppendRequest(200)) - a409f42d-bc3a-405f-bf07-8265a8a77aff@group-82AF4051E50B->587dad1b-1a08-4278-9ac1-e315232e0934-GrpcLogAppender: appendEntries Timeout, request=a409f42d-bc3a-405f-bf07-8265a8a77aff->587dad1b-1a08-4278-9ac1-e315232e0934#194-t1, previous=(t:1, i:17), leaderCommit=13, initializing? false, entries: <empty>
2019-09-19 12:11:28,921 [java.util.concurrent.ThreadPoolExecutor$Worker@5019c524[State = -1, empty queue]] WARN  server.GrpcLogAppender (GrpcLogAppender.java:timeoutAppendRequest(200)) - 1b83d917-1d73-4cac-8d1d-dc3b4981903d@group-7041D5508450->4736e737-07ca-4f6d-84d7-0ed6bd660367-GrpcLogAppender: appendEntries Timeout, request=1b83d917-1d73-4cac-8d1d-dc3b4981903d->4736e737-07ca-4f6d-84d7-0ed6bd660367#180-t6, previous=(t:6, i:20), leaderCommit=16, initializing? false, entries: <empty>
2019-09-19 12:11:28,921 [java.util.concurrent.ThreadPoolExecutor$Worker@4f8ba3d5[State = -1, empty queue]] WARN  server.GrpcLogAppender (GrpcLogAppender.java:timeoutAppendRequest(200)) - 1b83d917-1d73-4cac-8d1d-dc3b4981903d@group-7041D5508450->7c8a32d9-49ab-449b-8cc8-032a8828a8ac-GrpcLogAppender: appendEntries Timeout, request=1b83d917-1d73-4cac-8d1d-dc3b4981903d->7c8a32d9-49ab-449b-8cc8-032a8828a8ac#180-t6, previous=(t:6, i:20), leaderCommit=16, initializing? false, entries: <empty>
2019-09-19 12:11:29,082 [grpc-default-executor-10] WARN  server.GrpcLogAppender (LogUtils.java:warn(134)) - 0536a24c-34e3-4c8a-9a31-895de5497f4a@group-11E1763585E1->35717865-8144-46c5-963e-0895e96939ac-AppendLogResponseHandler: Failed appendEntries: org.apache.ratis.thirdparty.io.grpc.StatusRuntimeException: UNAVAILABLE: io exception
2019-09-19 12:11:29,082 [grpc-default-executor-4] WARN  server.GrpcLogAppender (LogUtils.java:warn(134)) - 0536a24c-34e3-4c8a-9a31-895de5497f4a@group-11E1763585E1->03555e6f-e7ac-4c8b-ad84-7222370bb52c-AppendLogResponseHandler: Failed appendEntries: org.apache.ratis.thirdparty.io.grpc.StatusRuntimeException: UNAVAILABLE: io exception
2019-09-19 12:11:29,083 [grpc-default-executor-10] INFO  impl.FollowerInfo (FollowerInfo.java:lambda$new$0(51)) - 0536a24c-34e3-4c8a-9a31-895de5497f4a@group-11E1763585E1->35717865-8144-46c5-963e-0895e96939ac: nextIndex: updateUnconditionally 0 -> 0
2019-09-19 12:11:29,083 [grpc-default-executor-4] INFO  impl.FollowerInfo (FollowerInfo.java:lambda$new$0(51)) - 0536a24c-34e3-4c8a-9a31-895de5497f4a@group-11E1763585E1->03555e6f-e7ac-4c8b-ad84-7222370bb52c: nextIndex: updateUnconditionally 0 -> 0
2019-09-19 12:11:29,281 [java.util.concurrent.ThreadPoolExecutor$Worker@5db7d907[State = -1, empty queue]] WARN  server.GrpcLogAppender (GrpcLogAppender.java:timeoutAppendRequest(200)) - a409f42d-bc3a-405f-bf07-8265a8a77aff@group-82AF4051E50B->9ff75243-8f90-489e-ad4c-fbb8c473db2a-GrpcLogAppender: appendEntries Timeout, request=a409f42d-bc3a-405f-bf07-8265a8a77aff->9ff75243-8f90-489e-ad4c-fbb8c473db2a#195-t1, previous=(t:1, i:17), leaderCommit=13, initializing? false, entries: <empty>
2019-09-19 12:11:29,281 [java.util.concurrent.ThreadPoolExecutor$Worker@3ef0e39a[State = -1, empty queue]] WARN  server.GrpcLogAppender (GrpcLogAppender.java:timeoutAppendRequest(200)) - a409f42d-bc3a-405f-bf07-8265a8a77aff@group-82AF4051E50B->587dad1b-1a08-4278-9ac1-e315232e0934-GrpcLogAppender: appendEntries Timeout, request=a409f42d-bc3a-405f-bf07-8265a8a77aff->587dad1b-1a08-4278-9ac1-e315232e0934#195-t1, previous=(t:1, i:17), leaderCommit=13, initializing? false, entries: <empty>
2019-09-19 12:11:29,373 [1b83d917-1d73-4cac-8d1d-dc3b4981903d@group-7041D5508450-SegmentedRaftLogWorker] WARN  segmented.SegmentedRaftLogWorker (SegmentedRaftLogWorker.java:getFromFuture(90)) - Timeout 7/~
org.apache.ratis.protocol.TimeoutIOException: Timeout 10s: WriteLog:19: (t:6, i:19), STATEMACHINELOGENTRY, client-F1DE9C258D1C, cid=40-writeStateMachineData
	at org.apache.ratis.util.IOUtils.getFromFuture(IOUtils.java:87)
	at org.apache.ratis.server.raftlog.segmented.SegmentedRaftLogWorker$StateMachineDataPolicy.getFromFuture(SegmentedRaftLogWorker.java:87)
	at org.apache.ratis.server.raftlog.segmented.SegmentedRaftLogWorker$WriteLog.execute(SegmentedRaftLogWorker.java:477)
	at org.apache.ratis.server.raftlog.segmented.SegmentedRaftLogWorker.run(SegmentedRaftLogWorker.java:289)
	at java.lang.Thread.run(Thread.java:748)
Caused by: java.util.concurrent.TimeoutException
	at java.util.concurrent.CompletableFuture.timedGet(CompletableFuture.java:1771)
	at java.util.concurrent.CompletableFuture.get(CompletableFuture.java:1915)
	at org.apache.ratis.util.IOUtils.getFromFuture(IOUtils.java:79)
	... 4 more
2019-09-19 12:11:29,421 [java.util.concurrent.ThreadPoolExecutor$Worker@4f8ba3d5[State = -1, empty queue]] WARN  server.GrpcLogAppender (GrpcLogAppender.java:timeoutAppendRequest(200)) - 1b83d917-1d73-4cac-8d1d-dc3b4981903d@group-7041D5508450->7c8a32d9-49ab-449b-8cc8-032a8828a8ac-GrpcLogAppender: appendEntries Timeout, request=1b83d917-1d73-4cac-8d1d-dc3b4981903d->7c8a32d9-49ab-449b-8cc8-032a8828a8ac#181-t6, previous=(t:6, i:20), leaderCommit=16, initializing? false, entries: <empty>
2019-09-19 12:11:29,421 [java.util.concurrent.ThreadPoolExecutor$Worker@5019c524[State = -1, empty queue]] WARN  server.GrpcLogAppender (GrpcLogAppender.java:timeoutAppendRequest(200)) - 1b83d917-1d73-4cac-8d1d-dc3b4981903d@group-7041D5508450->4736e737-07ca-4f6d-84d7-0ed6bd660367-GrpcLogAppender: appendEntries Timeout, request=1b83d917-1d73-4cac-8d1d-dc3b4981903d->4736e737-07ca-4f6d-84d7-0ed6bd660367#181-t6, previous=(t:6, i:20), leaderCommit=16, initializing? false, entries: <empty>
2019-09-19 12:11:29,585 [grpc-default-executor-10] WARN  server.GrpcLogAppender (LogUtils.java:warn(134)) - 0536a24c-34e3-4c8a-9a31-895de5497f4a@group-11E1763585E1->03555e6f-e7ac-4c8b-ad84-7222370bb52c-AppendLogResponseHandler: Failed appendEntries: org.apache.ratis.thirdparty.io.grpc.StatusRuntimeException: UNAVAILABLE: io exception
2019-09-19 12:11:29,585 [grpc-default-executor-4] WARN  server.GrpcLogAppender (LogUtils.java:warn(134)) - 0536a24c-34e3-4c8a-9a31-895de5497f4a@group-11E1763585E1->35717865-8144-46c5-963e-0895e96939ac-AppendLogResponseHandler: Failed appendEntries: org.apache.ratis.thirdparty.io.grpc.StatusRuntimeException: UNAVAILABLE: io exception
2019-09-19 12:11:29,585 [grpc-default-executor-10] INFO  impl.FollowerInfo (FollowerInfo.java:lambda$new$0(51)) - 0536a24c-34e3-4c8a-9a31-895de5497f4a@group-11E1763585E1->03555e6f-e7ac-4c8b-ad84-7222370bb52c: nextIndex: updateUnconditionally 0 -> 0
2019-09-19 12:11:29,586 [grpc-default-executor-4] INFO  impl.FollowerInfo (FollowerInfo.java:lambda$new$0(51)) - 0536a24c-34e3-4c8a-9a31-895de5497f4a@group-11E1763585E1->35717865-8144-46c5-963e-0895e96939ac: nextIndex: updateUnconditionally 0 -> 0
2019-09-19 12:11:29,781 [java.util.concurrent.ThreadPoolExecutor$Worker@5db7d907[State = -1, empty queue]] WARN  server.GrpcLogAppender (GrpcLogAppender.java:timeoutAppendRequest(200)) - a409f42d-bc3a-405f-bf07-8265a8a77aff@group-82AF4051E50B->9ff75243-8f90-489e-ad4c-fbb8c473db2a-GrpcLogAppender: appendEntries Timeout, request=a409f42d-bc3a-405f-bf07-8265a8a77aff->9ff75243-8f90-489e-ad4c-fbb8c473db2a#196-t1, previous=(t:1, i:17), leaderCommit=13, initializing? false, entries: <empty>
2019-09-19 12:11:29,781 [java.util.concurrent.ThreadPoolExecutor$Worker@3ef0e39a[State = -1, empty queue]] WARN  server.GrpcLogAppender (GrpcLogAppender.java:timeoutAppendRequest(200)) - a409f42d-bc3a-405f-bf07-8265a8a77aff@group-82AF4051E50B->587dad1b-1a08-4278-9ac1-e315232e0934-GrpcLogAppender: appendEntries Timeout, request=a409f42d-bc3a-405f-bf07-8265a8a77aff->587dad1b-1a08-4278-9ac1-e315232e0934#196-t1, previous=(t:1, i:17), leaderCommit=13, initializing? false, entries: <empty>
2019-09-19 12:11:29,921 [java.util.concurrent.ThreadPoolExecutor$Worker@4f8ba3d5[State = -1, empty queue]] WARN  server.GrpcLogAppender (GrpcLogAppender.java:timeoutAppendRequest(200)) - 1b83d917-1d73-4cac-8d1d-dc3b4981903d@group-7041D5508450->7c8a32d9-49ab-449b-8cc8-032a8828a8ac-GrpcLogAppender: appendEntries Timeout, request=1b83d917-1d73-4cac-8d1d-dc3b4981903d->7c8a32d9-49ab-449b-8cc8-032a8828a8ac#182-t6, previous=(t:6, i:20), leaderCommit=16, initializing? false, entries: <empty>
2019-09-19 12:11:29,921 [java.util.concurrent.ThreadPoolExecutor$Worker@5019c524[State = -1, empty queue]] WARN  server.GrpcLogAppender (GrpcLogAppender.java:timeoutAppendRequest(200)) - 1b83d917-1d73-4cac-8d1d-dc3b4981903d@group-7041D5508450->4736e737-07ca-4f6d-84d7-0ed6bd660367-GrpcLogAppender: appendEntries Timeout, request=1b83d917-1d73-4cac-8d1d-dc3b4981903d->4736e737-07ca-4f6d-84d7-0ed6bd660367#182-t6, previous=(t:6, i:20), leaderCommit=16, initializing? false, entries: <empty>
2019-09-19 12:11:30,088 [grpc-default-executor-4] WARN  server.GrpcLogAppender (LogUtils.java:warn(134)) - 0536a24c-34e3-4c8a-9a31-895de5497f4a@group-11E1763585E1->35717865-8144-46c5-963e-0895e96939ac-AppendLogResponseHandler: Failed appendEntries: org.apache.ratis.thirdparty.io.grpc.StatusRuntimeException: UNAVAILABLE: io exception
2019-09-19 12:11:30,088 [grpc-default-executor-2] WARN  server.GrpcLogAppender (LogUtils.java:warn(134)) - 0536a24c-34e3-4c8a-9a31-895de5497f4a@group-11E1763585E1->03555e6f-e7ac-4c8b-ad84-7222370bb52c-AppendLogResponseHandler: Failed appendEntries: org.apache.ratis.thirdparty.io.grpc.StatusRuntimeException: UNAVAILABLE: io exception
2019-09-19 12:11:30,089 [grpc-default-executor-4] INFO  impl.FollowerInfo (FollowerInfo.java:lambda$new$0(51)) - 0536a24c-34e3-4c8a-9a31-895de5497f4a@group-11E1763585E1->35717865-8144-46c5-963e-0895e96939ac: nextIndex: updateUnconditionally 0 -> 0
2019-09-19 12:11:30,089 [grpc-default-executor-2] INFO  impl.FollowerInfo (FollowerInfo.java:lambda$new$0(51)) - 0536a24c-34e3-4c8a-9a31-895de5497f4a@group-11E1763585E1->03555e6f-e7ac-4c8b-ad84-7222370bb52c: nextIndex: updateUnconditionally 0 -> 0
2019-09-19 12:11:30,281 [java.util.concurrent.ThreadPoolExecutor$Worker@5db7d907[State = -1, empty queue]] WARN  server.GrpcLogAppender (GrpcLogAppender.java:timeoutAppendRequest(200)) - a409f42d-bc3a-405f-bf07-8265a8a77aff@group-82AF4051E50B->9ff75243-8f90-489e-ad4c-fbb8c473db2a-GrpcLogAppender: appendEntries Timeout, request=a409f42d-bc3a-405f-bf07-8265a8a77aff->9ff75243-8f90-489e-ad4c-fbb8c473db2a#197-t1, previous=(t:1, i:17), leaderCommit=13, initializing? false, entries: <empty>
2019-09-19 12:11:30,281 [java.util.concurrent.ThreadPoolExecutor$Worker@3ef0e39a[State = -1, empty queue]] WARN  server.GrpcLogAppender (GrpcLogAppender.java:timeoutAppendRequest(200)) - a409f42d-bc3a-405f-bf07-8265a8a77aff@group-82AF4051E50B->587dad1b-1a08-4278-9ac1-e315232e0934-GrpcLogAppender: appendEntries Timeout, request=a409f42d-bc3a-405f-bf07-8265a8a77aff->587dad1b-1a08-4278-9ac1-e315232e0934#197-t1, previous=(t:1, i:17), leaderCommit=13, initializing? false, entries: <empty>
2019-09-19 12:11:30,422 [java.util.concurrent.ThreadPoolExecutor$Worker@4f8ba3d5[State = -1, empty queue]] WARN  server.GrpcLogAppender (GrpcLogAppender.java:timeoutAppendRequest(200)) - 1b83d917-1d73-4cac-8d1d-dc3b4981903d@group-7041D5508450->7c8a32d9-49ab-449b-8cc8-032a8828a8ac-GrpcLogAppender: appendEntries Timeout, request=1b83d917-1d73-4cac-8d1d-dc3b4981903d->7c8a32d9-49ab-449b-8cc8-032a8828a8ac#183-t6, previous=(t:6, i:20), leaderCommit=16, initializing? false, entries: <empty>
2019-09-19 12:11:30,422 [java.util.concurrent.ThreadPoolExecutor$Worker@5019c524[State = -1, empty queue]] WARN  server.GrpcLogAppender (GrpcLogAppender.java:timeoutAppendRequest(200)) - 1b83d917-1d73-4cac-8d1d-dc3b4981903d@group-7041D5508450->4736e737-07ca-4f6d-84d7-0ed6bd660367-GrpcLogAppender: appendEntries Timeout, request=1b83d917-1d73-4cac-8d1d-dc3b4981903d->4736e737-07ca-4f6d-84d7-0ed6bd660367#183-t6, previous=(t:6, i:20), leaderCommit=16, initializing? false, entries: <empty>
2019-09-19 12:11:30,588 [grpc-default-executor-1] WARN  server.GrpcLogAppender (LogUtils.java:warn(134)) - 0536a24c-34e3-4c8a-9a31-895de5497f4a@group-11E1763585E1->35717865-8144-46c5-963e-0895e96939ac-AppendLogResponseHandler: Failed appendEntries: org.apache.ratis.thirdparty.io.grpc.StatusRuntimeException: UNAVAILABLE: io exception
2019-09-19 12:11:30,588 [grpc-default-executor-8] WARN  server.GrpcLogAppender (LogUtils.java:warn(134)) - 0536a24c-34e3-4c8a-9a31-895de5497f4a@group-11E1763585E1->03555e6f-e7ac-4c8b-ad84-7222370bb52c-AppendLogResponseHandler: Failed appendEntries: org.apache.ratis.thirdparty.io.grpc.StatusRuntimeException: UNAVAILABLE: io exception
2019-09-19 12:11:30,588 [grpc-default-executor-1] INFO  impl.FollowerInfo (FollowerInfo.java:lambda$new$0(51)) - 0536a24c-34e3-4c8a-9a31-895de5497f4a@group-11E1763585E1->35717865-8144-46c5-963e-0895e96939ac: nextIndex: updateUnconditionally 0 -> 0
2019-09-19 12:11:30,589 [grpc-default-executor-8] INFO  impl.FollowerInfo (FollowerInfo.java:lambda$new$0(51)) - 0536a24c-34e3-4c8a-9a31-895de5497f4a@group-11E1763585E1->03555e6f-e7ac-4c8b-ad84-7222370bb52c: nextIndex: updateUnconditionally 0 -> 0
2019-09-19 12:11:30,781 [java.util.concurrent.ThreadPoolExecutor$Worker@3ef0e39a[State = -1, empty queue]] WARN  server.GrpcLogAppender (GrpcLogAppender.java:timeoutAppendRequest(200)) - a409f42d-bc3a-405f-bf07-8265a8a77aff@group-82AF4051E50B->587dad1b-1a08-4278-9ac1-e315232e0934-GrpcLogAppender: appendEntries Timeout, request=a409f42d-bc3a-405f-bf07-8265a8a77aff->587dad1b-1a08-4278-9ac1-e315232e0934#198-t1, previous=(t:1, i:17), leaderCommit=13, initializing? false, entries: <empty>
2019-09-19 12:11:30,781 [java.util.concurrent.ThreadPoolExecutor$Worker@5db7d907[State = -1, empty queue]] WARN  server.GrpcLogAppender (GrpcLogAppender.java:timeoutAppendRequest(200)) - a409f42d-bc3a-405f-bf07-8265a8a77aff@group-82AF4051E50B->9ff75243-8f90-489e-ad4c-fbb8c473db2a-GrpcLogAppender: appendEntries Timeout, request=a409f42d-bc3a-405f-bf07-8265a8a77aff->9ff75243-8f90-489e-ad4c-fbb8c473db2a#198-t1, previous=(t:1, i:17), leaderCommit=13, initializing? false, entries: <empty>
2019-09-19 12:11:30,922 [java.util.concurrent.ThreadPoolExecutor$Worker@4f8ba3d5[State = -1, empty queue]] WARN  server.GrpcLogAppender (GrpcLogAppender.java:timeoutAppendRequest(200)) - 1b83d917-1d73-4cac-8d1d-dc3b4981903d@group-7041D5508450->7c8a32d9-49ab-449b-8cc8-032a8828a8ac-GrpcLogAppender: appendEntries Timeout, request=1b83d917-1d73-4cac-8d1d-dc3b4981903d->7c8a32d9-49ab-449b-8cc8-032a8828a8ac#184-t6, previous=(t:6, i:20), leaderCommit=16, initializing? false, entries: <empty>
2019-09-19 12:11:30,922 [java.util.concurrent.ThreadPoolExecutor$Worker@5019c524[State = -1, empty queue]] WARN  server.GrpcLogAppender (GrpcLogAppender.java:timeoutAppendRequest(200)) - 1b83d917-1d73-4cac-8d1d-dc3b4981903d@group-7041D5508450->4736e737-07ca-4f6d-84d7-0ed6bd660367-GrpcLogAppender: appendEntries Timeout, request=1b83d917-1d73-4cac-8d1d-dc3b4981903d->4736e737-07ca-4f6d-84d7-0ed6bd660367#184-t6, previous=(t:6, i:20), leaderCommit=16, initializing? false, entries: <empty>
2019-09-19 12:11:31,088 [grpc-default-executor-4] WARN  server.GrpcLogAppender (LogUtils.java:warn(134)) - 0536a24c-34e3-4c8a-9a31-895de5497f4a@group-11E1763585E1->35717865-8144-46c5-963e-0895e96939ac-AppendLogResponseHandler: Failed appendEntries: org.apache.ratis.thirdparty.io.grpc.StatusRuntimeException: UNAVAILABLE: io exception
2019-09-19 12:11:31,088 [grpc-default-executor-9] WARN  server.GrpcLogAppender (LogUtils.java:warn(134)) - 0536a24c-34e3-4c8a-9a31-895de5497f4a@group-11E1763585E1->03555e6f-e7ac-4c8b-ad84-7222370bb52c-AppendLogResponseHandler: Failed appendEntries: org.apache.ratis.thirdparty.io.grpc.StatusRuntimeException: UNAVAILABLE: io exception
2019-09-19 12:11:31,088 [grpc-default-executor-4] INFO  impl.FollowerInfo (FollowerInfo.java:lambda$new$0(51)) - 0536a24c-34e3-4c8a-9a31-895de5497f4a@group-11E1763585E1->35717865-8144-46c5-963e-0895e96939ac: nextIndex: updateUnconditionally 0 -> 0
2019-09-19 12:11:31,089 [grpc-default-executor-9] INFO  impl.FollowerInfo (FollowerInfo.java:lambda$new$0(51)) - 0536a24c-34e3-4c8a-9a31-895de5497f4a@group-11E1763585E1->03555e6f-e7ac-4c8b-ad84-7222370bb52c: nextIndex: updateUnconditionally 0 -> 0
2019-09-19 12:11:31,282 [java.util.concurrent.ThreadPoolExecutor$Worker@5db7d907[State = -1, empty queue]] WARN  server.GrpcLogAppender (GrpcLogAppender.java:timeoutAppendRequest(200)) - a409f42d-bc3a-405f-bf07-8265a8a77aff@group-82AF4051E50B->9ff75243-8f90-489e-ad4c-fbb8c473db2a-GrpcLogAppender: appendEntries Timeout, request=a409f42d-bc3a-405f-bf07-8265a8a77aff->9ff75243-8f90-489e-ad4c-fbb8c473db2a#199-t1, previous=(t:1, i:17), leaderCommit=13, initializing? false, entries: <empty>
2019-09-19 12:11:31,282 [java.util.concurrent.ThreadPoolExecutor$Worker@3ef0e39a[State = -1, empty queue]] WARN  server.GrpcLogAppender (GrpcLogAppender.java:timeoutAppendRequest(200)) - a409f42d-bc3a-405f-bf07-8265a8a77aff@group-82AF4051E50B->587dad1b-1a08-4278-9ac1-e315232e0934-GrpcLogAppender: appendEntries Timeout, request=a409f42d-bc3a-405f-bf07-8265a8a77aff->587dad1b-1a08-4278-9ac1-e315232e0934#199-t1, previous=(t:1, i:17), leaderCommit=13, initializing? false, entries: <empty>
2019-09-19 12:11:31,422 [java.util.concurrent.ThreadPoolExecutor$Worker@5019c524[State = -1, empty queue]] WARN  server.GrpcLogAppender (GrpcLogAppender.java:timeoutAppendRequest(200)) - 1b83d917-1d73-4cac-8d1d-dc3b4981903d@group-7041D5508450->4736e737-07ca-4f6d-84d7-0ed6bd660367-GrpcLogAppender: appendEntries Timeout, request=1b83d917-1d73-4cac-8d1d-dc3b4981903d->4736e737-07ca-4f6d-84d7-0ed6bd660367#185-t6, previous=(t:6, i:20), leaderCommit=16, initializing? false, entries: <empty>
2019-09-19 12:11:31,422 [java.util.concurrent.ThreadPoolExecutor$Worker@4f8ba3d5[State = -1, empty queue]] WARN  server.GrpcLogAppender (GrpcLogAppender.java:timeoutAppendRequest(200)) - 1b83d917-1d73-4cac-8d1d-dc3b4981903d@group-7041D5508450->7c8a32d9-49ab-449b-8cc8-032a8828a8ac-GrpcLogAppender: appendEntries Timeout, request=1b83d917-1d73-4cac-8d1d-dc3b4981903d->7c8a32d9-49ab-449b-8cc8-032a8828a8ac#185-t6, previous=(t:6, i:20), leaderCommit=16, initializing? false, entries: <empty>
2019-09-19 12:11:31,589 [grpc-default-executor-1] WARN  server.GrpcLogAppender (LogUtils.java:warn(134)) - 0536a24c-34e3-4c8a-9a31-895de5497f4a@group-11E1763585E1->03555e6f-e7ac-4c8b-ad84-7222370bb52c-AppendLogResponseHandler: Failed appendEntries: org.apache.ratis.thirdparty.io.grpc.StatusRuntimeException: UNAVAILABLE: io exception
2019-09-19 12:11:31,589 [grpc-default-executor-8] WARN  server.GrpcLogAppender (LogUtils.java:warn(134)) - 0536a24c-34e3-4c8a-9a31-895de5497f4a@group-11E1763585E1->35717865-8144-46c5-963e-0895e96939ac-AppendLogResponseHandler: Failed appendEntries: org.apache.ratis.thirdparty.io.grpc.StatusRuntimeException: UNAVAILABLE: io exception
2019-09-19 12:11:31,589 [grpc-default-executor-1] INFO  impl.FollowerInfo (FollowerInfo.java:lambda$new$0(51)) - 0536a24c-34e3-4c8a-9a31-895de5497f4a@group-11E1763585E1->03555e6f-e7ac-4c8b-ad84-7222370bb52c: nextIndex: updateUnconditionally 0 -> 0
2019-09-19 12:11:31,590 [grpc-default-executor-8] INFO  impl.FollowerInfo (FollowerInfo.java:lambda$new$0(51)) - 0536a24c-34e3-4c8a-9a31-895de5497f4a@group-11E1763585E1->35717865-8144-46c5-963e-0895e96939ac: nextIndex: updateUnconditionally 0 -> 0
2019-09-19 12:11:31,746 [main] INFO  ozoneimpl.OzoneContainer (OzoneContainer.java:stop(231)) - Attempting to stop container services.
2019-09-19 12:11:31,746 [ForkJoinPool.commonPool-worker-0] INFO  ozoneimpl.OzoneContainer (OzoneContainer.java:stop(231)) - Attempting to stop container services.
2019-09-19 12:11:31,747 [main] INFO  impl.RaftServerProxy (RaftServerProxy.java:lambda$close$4(314)) - 9ff75243-8f90-489e-ad4c-fbb8c473db2a: close
2019-09-19 12:11:31,747 [ForkJoinPool.commonPool-worker-0] INFO  impl.RaftServerProxy (RaftServerProxy.java:lambda$close$4(314)) - 4736e737-07ca-4f6d-84d7-0ed6bd660367: close
2019-09-19 12:11:31,748 [main] INFO  impl.RaftServerImpl (RaftServerImpl.java:lambda$shutdown$3(251)) - 9ff75243-8f90-489e-ad4c-fbb8c473db2a@group-D837D86DA98E: shutdown
2019-09-19 12:11:31,748 [ForkJoinPool.commonPool-worker-0] INFO  impl.RaftServerImpl (RaftServerImpl.java:lambda$shutdown$3(251)) - 4736e737-07ca-4f6d-84d7-0ed6bd660367@group-7041D5508450: shutdown
2019-09-19 12:11:31,748 [main] INFO  util.JmxRegister (JmxRegister.java:unregister(73)) - Successfully un-registered JMX Bean with object name Ratis:service=RaftServer,group=group-D837D86DA98E,id=9ff75243-8f90-489e-ad4c-fbb8c473db2a
2019-09-19 12:11:31,749 [ForkJoinPool.commonPool-worker-0] INFO  util.JmxRegister (JmxRegister.java:unregister(73)) - Successfully un-registered JMX Bean with object name Ratis:service=RaftServer,group=group-7041D5508450,id=4736e737-07ca-4f6d-84d7-0ed6bd660367
2019-09-19 12:11:31,749 [main] INFO  impl.RoleInfo (RoleInfo.java:shutdownLeaderState(104)) - 9ff75243-8f90-489e-ad4c-fbb8c473db2a: shutdown LeaderState
2019-09-19 12:11:31,749 [ForkJoinPool.commonPool-worker-0] INFO  impl.RoleInfo (RoleInfo.java:shutdownFollowerState(121)) - 4736e737-07ca-4f6d-84d7-0ed6bd660367: shutdown FollowerState
2019-09-19 12:11:31,750 [main] INFO  impl.PendingRequests (PendingRequests.java:sendNotLeaderResponses(202)) - 9ff75243-8f90-489e-ad4c-fbb8c473db2a-PendingRequests: sendNotLeaderResponses
2019-09-19 12:11:31,750 [4736e737-07ca-4f6d-84d7-0ed6bd660367@group-7041D5508450-StateMachineUpdater] INFO  ratis.ContainerStateMachine (ContainerStateMachine.java:takeSnapshot(289)) - group-7041D5508450: Taking a snapshot at:(t:6, i:12) file /workdir/hadoop-ozone/integration-test/target/test-dir/MiniOzoneClusterImpl-41742b35-60e3-4bf6-81de-f25e83920b6f/datanode-2/data/ratis/293346ac-77ad-4ab0-9118-7041d5508450/sm/snapshot.6_12
2019-09-19 12:11:31,750 [Thread-596] INFO  impl.FollowerState (FollowerState.java:run(115)) - 4736e737-07ca-4f6d-84d7-0ed6bd660367: FollowerState was interrupted: java.lang.InterruptedException: sleep interrupted
2019-09-19 12:11:31,750 [ForkJoinPool.commonPool-worker-0] INFO  impl.StateMachineUpdater (StateMachineUpdater.java:stopAndJoin(125)) - 4736e737-07ca-4f6d-84d7-0ed6bd660367@group-7041D5508450-StateMachineUpdater: set stopIndex = 16
2019-09-19 12:11:31,751 [main] INFO  impl.StateMachineUpdater (StateMachineUpdater.java:stopAndJoin(125)) - 9ff75243-8f90-489e-ad4c-fbb8c473db2a@group-D837D86DA98E-StateMachineUpdater: set stopIndex = 0
2019-09-19 12:11:31,755 [main] INFO  impl.RaftServerImpl (ServerState.java:close(385)) - 9ff75243-8f90-489e-ad4c-fbb8c473db2a@group-D837D86DA98E: closes. applyIndex: 0
2019-09-19 12:11:31,755 [9ff75243-8f90-489e-ad4c-fbb8c473db2a@group-D837D86DA98E-SegmentedRaftLogWorker] INFO  segmented.SegmentedRaftLogWorker (SegmentedRaftLogWorker.java:run(313)) - 9ff75243-8f90-489e-ad4c-fbb8c473db2a@group-D837D86DA98E-SegmentedRaftLogWorker was interrupted, exiting. There are 0 tasks remaining in the queue.
2019-09-19 12:11:31,758 [main] INFO  segmented.SegmentedRaftLogWorker (SegmentedRaftLogWorker.java:close(228)) - 9ff75243-8f90-489e-ad4c-fbb8c473db2a@group-D837D86DA98E-SegmentedRaftLogWorker close()
2019-09-19 12:11:31,763 [main] INFO  impl.RaftServerImpl (RaftServerImpl.java:lambda$shutdown$3(251)) - 9ff75243-8f90-489e-ad4c-fbb8c473db2a@group-82AF4051E50B: shutdown
2019-09-19 12:11:31,764 [main] INFO  util.JmxRegister (JmxRegister.java:unregister(73)) - Successfully un-registered JMX Bean with object name Ratis:service=RaftServer,group=group-82AF4051E50B,id=9ff75243-8f90-489e-ad4c-fbb8c473db2a
2019-09-19 12:11:31,764 [main] INFO  impl.RoleInfo (RoleInfo.java:shutdownFollowerState(121)) - 9ff75243-8f90-489e-ad4c-fbb8c473db2a: shutdown FollowerState
2019-09-19 12:11:31,765 [main] INFO  impl.StateMachineUpdater (StateMachineUpdater.java:stopAndJoin(125)) - 9ff75243-8f90-489e-ad4c-fbb8c473db2a@group-82AF4051E50B-StateMachineUpdater: set stopIndex = 13
2019-09-19 12:11:31,765 [9ff75243-8f90-489e-ad4c-fbb8c473db2a@group-82AF4051E50B-StateMachineUpdater] INFO  ratis.ContainerStateMachine (ContainerStateMachine.java:takeSnapshot(289)) - group-82AF4051E50B: Taking a snapshot at:(t:1, i:11) file /workdir/hadoop-ozone/integration-test/target/test-dir/MiniOzoneClusterImpl-41742b35-60e3-4bf6-81de-f25e83920b6f/datanode-5/data/ratis/dcea782e-2ecf-47a0-b031-82af4051e50b/sm/snapshot.1_11
2019-09-19 12:11:31,765 [Thread-384] INFO  impl.FollowerState (FollowerState.java:run(115)) - 9ff75243-8f90-489e-ad4c-fbb8c473db2a: FollowerState was interrupted: java.lang.InterruptedException: sleep interrupted
2019-09-19 12:11:31,782 [java.util.concurrent.ThreadPoolExecutor$Worker@5db7d907[State = -1, empty queue]] WARN  server.GrpcLogAppender (GrpcLogAppender.java:timeoutAppendRequest(200)) - a409f42d-bc3a-405f-bf07-8265a8a77aff@group-82AF4051E50B->9ff75243-8f90-489e-ad4c-fbb8c473db2a-GrpcLogAppender: appendEntries Timeout, request=a409f42d-bc3a-405f-bf07-8265a8a77aff->9ff75243-8f90-489e-ad4c-fbb8c473db2a#200-t1, previous=(t:1, i:17), leaderCommit=13, initializing? false, entries: <empty>
2019-09-19 12:11:31,782 [java.util.concurrent.ThreadPoolExecutor$Worker@3ef0e39a[State = -1, empty queue]] WARN  server.GrpcLogAppender (GrpcLogAppender.java:timeoutAppendRequest(200)) - a409f42d-bc3a-405f-bf07-8265a8a77aff@group-82AF4051E50B->587dad1b-1a08-4278-9ac1-e315232e0934-GrpcLogAppender: appendEntries Timeout, request=a409f42d-bc3a-405f-bf07-8265a8a77aff->587dad1b-1a08-4278-9ac1-e315232e0934#200-t1, previous=(t:1, i:17), leaderCommit=13, initializing? false, entries: <empty>
2019-09-19 12:11:31,922 [java.util.concurrent.ThreadPoolExecutor$Worker@5019c524[State = -1, empty queue]] WARN  server.GrpcLogAppender (GrpcLogAppender.java:timeoutAppendRequest(200)) - 1b83d917-1d73-4cac-8d1d-dc3b4981903d@group-7041D5508450->4736e737-07ca-4f6d-84d7-0ed6bd660367-GrpcLogAppender: appendEntries Timeout, request=1b83d917-1d73-4cac-8d1d-dc3b4981903d->4736e737-07ca-4f6d-84d7-0ed6bd660367#186-t6, previous=(t:6, i:20), leaderCommit=16, initializing? false, entries: <empty>
2019-09-19 12:11:31,922 [java.util.concurrent.ThreadPoolExecutor$Worker@4f8ba3d5[State = -1, empty queue]] WARN  server.GrpcLogAppender (GrpcLogAppender.java:timeoutAppendRequest(200)) - 1b83d917-1d73-4cac-8d1d-dc3b4981903d@group-7041D5508450->7c8a32d9-49ab-449b-8cc8-032a8828a8ac-GrpcLogAppender: appendEntries Timeout, request=1b83d917-1d73-4cac-8d1d-dc3b4981903d->7c8a32d9-49ab-449b-8cc8-032a8828a8ac#186-t6, previous=(t:6, i:20), leaderCommit=16, initializing? false, entries: <empty>
2019-09-19 12:11:32,089 [grpc-default-executor-9] WARN  server.GrpcLogAppender (LogUtils.java:warn(134)) - 0536a24c-34e3-4c8a-9a31-895de5497f4a@group-11E1763585E1->03555e6f-e7ac-4c8b-ad84-7222370bb52c-AppendLogResponseHandler: Failed appendEntries: org.apache.ratis.thirdparty.io.grpc.StatusRuntimeException: UNAVAILABLE: io exception
2019-09-19 12:11:32,089 [grpc-default-executor-4] WARN  server.GrpcLogAppender (LogUtils.java:warn(134)) - 0536a24c-34e3-4c8a-9a31-895de5497f4a@group-11E1763585E1->35717865-8144-46c5-963e-0895e96939ac-AppendLogResponseHandler: Failed appendEntries: org.apache.ratis.thirdparty.io.grpc.StatusRuntimeException: UNAVAILABLE: io exception
2019-09-19 12:11:32,090 [grpc-default-executor-9] INFO  impl.FollowerInfo (FollowerInfo.java:lambda$new$0(51)) - 0536a24c-34e3-4c8a-9a31-895de5497f4a@group-11E1763585E1->03555e6f-e7ac-4c8b-ad84-7222370bb52c: nextIndex: updateUnconditionally 0 -> 0
2019-09-19 12:11:32,090 [grpc-default-executor-4] INFO  impl.FollowerInfo (FollowerInfo.java:lambda$new$0(51)) - 0536a24c-34e3-4c8a-9a31-895de5497f4a@group-11E1763585E1->35717865-8144-46c5-963e-0895e96939ac: nextIndex: updateUnconditionally 0 -> 0
2019-09-19 12:11:32,283 [java.util.concurrent.ThreadPoolExecutor$Worker@3ef0e39a[State = -1, empty queue]] WARN  server.GrpcLogAppender (GrpcLogAppender.java:timeoutAppendRequest(200)) - a409f42d-bc3a-405f-bf07-8265a8a77aff@group-82AF4051E50B->587dad1b-1a08-4278-9ac1-e315232e0934-GrpcLogAppender: appendEntries Timeout, request=a409f42d-bc3a-405f-bf07-8265a8a77aff->587dad1b-1a08-4278-9ac1-e315232e0934#201-t1, previous=(t:1, i:17), leaderCommit=13, initializing? false, entries: <empty>
2019-09-19 12:11:32,283 [java.util.concurrent.ThreadPoolExecutor$Worker@5db7d907[State = -1, empty queue]] WARN  server.GrpcLogAppender (GrpcLogAppender.java:timeoutAppendRequest(200)) - a409f42d-bc3a-405f-bf07-8265a8a77aff@group-82AF4051E50B->9ff75243-8f90-489e-ad4c-fbb8c473db2a-GrpcLogAppender: appendEntries Timeout, request=a409f42d-bc3a-405f-bf07-8265a8a77aff->9ff75243-8f90-489e-ad4c-fbb8c473db2a#201-t1, previous=(t:1, i:17), leaderCommit=13, initializing? false, entries: <empty>
2019-09-19 12:11:32,423 [java.util.concurrent.ThreadPoolExecutor$Worker@5019c524[State = -1, empty queue]] WARN  server.GrpcLogAppender (GrpcLogAppender.java:timeoutAppendRequest(200)) - 1b83d917-1d73-4cac-8d1d-dc3b4981903d@group-7041D5508450->4736e737-07ca-4f6d-84d7-0ed6bd660367-GrpcLogAppender: appendEntries Timeout, request=1b83d917-1d73-4cac-8d1d-dc3b4981903d->4736e737-07ca-4f6d-84d7-0ed6bd660367#187-t6, previous=(t:6, i:20), leaderCommit=16, initializing? false, entries: <empty>
2019-09-19 12:11:32,423 [java.util.concurrent.ThreadPoolExecutor$Worker@4f8ba3d5[State = -1, empty queue]] WARN  server.GrpcLogAppender (GrpcLogAppender.java:timeoutAppendRequest(200)) - 1b83d917-1d73-4cac-8d1d-dc3b4981903d@group-7041D5508450->7c8a32d9-49ab-449b-8cc8-032a8828a8ac-GrpcLogAppender: appendEntries Timeout, request=1b83d917-1d73-4cac-8d1d-dc3b4981903d->7c8a32d9-49ab-449b-8cc8-032a8828a8ac#187-t6, previous=(t:6, i:20), leaderCommit=16, initializing? false, entries: <empty>
2019-09-19 12:11:32,590 [grpc-default-executor-9] WARN  server.GrpcLogAppender (LogUtils.java:warn(134)) - 0536a24c-34e3-4c8a-9a31-895de5497f4a@group-11E1763585E1->35717865-8144-46c5-963e-0895e96939ac-AppendLogResponseHandler: Failed appendEntries: org.apache.ratis.thirdparty.io.grpc.StatusRuntimeException: UNAVAILABLE: io exception
2019-09-19 12:11:32,590 [grpc-default-executor-8] WARN  server.GrpcLogAppender (LogUtils.java:warn(134)) - 0536a24c-34e3-4c8a-9a31-895de5497f4a@group-11E1763585E1->03555e6f-e7ac-4c8b-ad84-7222370bb52c-AppendLogResponseHandler: Failed appendEntries: org.apache.ratis.thirdparty.io.grpc.StatusRuntimeException: UNAVAILABLE: io exception
2019-09-19 12:11:32,590 [grpc-default-executor-9] INFO  impl.FollowerInfo (FollowerInfo.java:lambda$new$0(51)) - 0536a24c-34e3-4c8a-9a31-895de5497f4a@group-11E1763585E1->35717865-8144-46c5-963e-0895e96939ac: nextIndex: updateUnconditionally 0 -> 0
2019-09-19 12:11:32,591 [grpc-default-executor-8] INFO  impl.FollowerInfo (FollowerInfo.java:lambda$new$0(51)) - 0536a24c-34e3-4c8a-9a31-895de5497f4a@group-11E1763585E1->03555e6f-e7ac-4c8b-ad84-7222370bb52c: nextIndex: updateUnconditionally 0 -> 0
2019-09-19 12:11:32,784 [java.util.concurrent.ThreadPoolExecutor$Worker@5db7d907[State = -1, empty queue]] WARN  server.GrpcLogAppender (GrpcLogAppender.java:timeoutAppendRequest(200)) - a409f42d-bc3a-405f-bf07-8265a8a77aff@group-82AF4051E50B->9ff75243-8f90-489e-ad4c-fbb8c473db2a-GrpcLogAppender: appendEntries Timeout, request=a409f42d-bc3a-405f-bf07-8265a8a77aff->9ff75243-8f90-489e-ad4c-fbb8c473db2a#202-t1, previous=(t:1, i:17), leaderCommit=13, initializing? false, entries: <empty>
2019-09-19 12:11:32,784 [java.util.concurrent.ThreadPoolExecutor$Worker@3ef0e39a[State = -1, empty queue]] WARN  server.GrpcLogAppender (GrpcLogAppender.java:timeoutAppendRequest(200)) - a409f42d-bc3a-405f-bf07-8265a8a77aff@group-82AF4051E50B->587dad1b-1a08-4278-9ac1-e315232e0934-GrpcLogAppender: appendEntries Timeout, request=a409f42d-bc3a-405f-bf07-8265a8a77aff->587dad1b-1a08-4278-9ac1-e315232e0934#202-t1, previous=(t:1, i:17), leaderCommit=13, initializing? false, entries: <empty>
2019-09-19 12:11:32,923 [java.util.concurrent.ThreadPoolExecutor$Worker@5019c524[State = -1, empty queue]] WARN  server.GrpcLogAppender (GrpcLogAppender.java:timeoutAppendRequest(200)) - 1b83d917-1d73-4cac-8d1d-dc3b4981903d@group-7041D5508450->4736e737-07ca-4f6d-84d7-0ed6bd660367-GrpcLogAppender: appendEntries Timeout, request=1b83d917-1d73-4cac-8d1d-dc3b4981903d->4736e737-07ca-4f6d-84d7-0ed6bd660367#188-t6, previous=(t:6, i:20), leaderCommit=16, initializing? false, entries: <empty>
2019-09-19 12:11:32,923 [java.util.concurrent.ThreadPoolExecutor$Worker@4f8ba3d5[State = -1, empty queue]] WARN  server.GrpcLogAppender (GrpcLogAppender.java:timeoutAppendRequest(200)) - 1b83d917-1d73-4cac-8d1d-dc3b4981903d@group-7041D5508450->7c8a32d9-49ab-449b-8cc8-032a8828a8ac-GrpcLogAppender: appendEntries Timeout, request=1b83d917-1d73-4cac-8d1d-dc3b4981903d->7c8a32d9-49ab-449b-8cc8-032a8828a8ac#188-t6, previous=(t:6, i:20), leaderCommit=16, initializing? false, entries: <empty>
2019-09-19 12:11:33,064 [4736e737-07ca-4f6d-84d7-0ed6bd660367@group-7041D5508450-StateMachineUpdater] INFO  ratis.ContainerStateMachine (ContainerStateMachine.java:takeSnapshot(300)) - group-7041D5508450: Finished taking a snapshot at:(t:6, i:12) file:/workdir/hadoop-ozone/integration-test/target/test-dir/MiniOzoneClusterImpl-41742b35-60e3-4bf6-81de-f25e83920b6f/datanode-2/data/ratis/293346ac-77ad-4ab0-9118-7041d5508450/sm/snapshot.6_12 time:1314
2019-09-19 12:11:33,064 [9ff75243-8f90-489e-ad4c-fbb8c473db2a@group-82AF4051E50B-StateMachineUpdater] INFO  ratis.ContainerStateMachine (ContainerStateMachine.java:takeSnapshot(300)) - group-82AF4051E50B: Finished taking a snapshot at:(t:1, i:11) file:/workdir/hadoop-ozone/integration-test/target/test-dir/MiniOzoneClusterImpl-41742b35-60e3-4bf6-81de-f25e83920b6f/datanode-5/data/ratis/dcea782e-2ecf-47a0-b031-82af4051e50b/sm/snapshot.1_11 time:1299
2019-09-19 12:11:33,064 [4736e737-07ca-4f6d-84d7-0ed6bd660367@group-7041D5508450-StateMachineUpdater] INFO  impl.StateMachineUpdater (StateMachineUpdater.java:takeSnapshot(258)) - 4736e737-07ca-4f6d-84d7-0ed6bd660367@group-7041D5508450-StateMachineUpdater: Took a snapshot at index 12
2019-09-19 12:11:33,065 [9ff75243-8f90-489e-ad4c-fbb8c473db2a@group-82AF4051E50B-StateMachineUpdater] INFO  impl.StateMachineUpdater (StateMachineUpdater.java:takeSnapshot(258)) - 9ff75243-8f90-489e-ad4c-fbb8c473db2a@group-82AF4051E50B-StateMachineUpdater: Took a snapshot at index 11
2019-09-19 12:11:33,065 [4736e737-07ca-4f6d-84d7-0ed6bd660367@group-7041D5508450-StateMachineUpdater] INFO  impl.StateMachineUpdater (StateMachineUpdater.java:lambda$new$0(83)) - 4736e737-07ca-4f6d-84d7-0ed6bd660367@group-7041D5508450-StateMachineUpdater: snapshotIndex: updateIncreasingly -1 -> 12
2019-09-19 12:11:33,065 [9ff75243-8f90-489e-ad4c-fbb8c473db2a@group-82AF4051E50B-StateMachineUpdater] INFO  impl.StateMachineUpdater (StateMachineUpdater.java:lambda$new$0(83)) - 9ff75243-8f90-489e-ad4c-fbb8c473db2a@group-82AF4051E50B-StateMachineUpdater: snapshotIndex: updateIncreasingly -1 -> 11
2019-09-19 12:11:33,066 [9ff75243-8f90-489e-ad4c-fbb8c473db2a@group-82AF4051E50B-StateMachineUpdater] INFO  ratis.ContainerStateMachine (ContainerStateMachine.java:takeSnapshot(289)) - group-82AF4051E50B: Taking a snapshot at:(t:1, i:11) file /workdir/hadoop-ozone/integration-test/target/test-dir/MiniOzoneClusterImpl-41742b35-60e3-4bf6-81de-f25e83920b6f/datanode-5/data/ratis/dcea782e-2ecf-47a0-b031-82af4051e50b/sm/snapshot.1_11
2019-09-19 12:11:33,066 [4736e737-07ca-4f6d-84d7-0ed6bd660367@group-7041D5508450-StateMachineUpdater] INFO  ratis.ContainerStateMachine (ContainerStateMachine.java:takeSnapshot(289)) - group-7041D5508450: Taking a snapshot at:(t:6, i:12) file /workdir/hadoop-ozone/integration-test/target/test-dir/MiniOzoneClusterImpl-41742b35-60e3-4bf6-81de-f25e83920b6f/datanode-2/data/ratis/293346ac-77ad-4ab0-9118-7041d5508450/sm/snapshot.6_12
2019-09-19 12:11:33,079 [9ff75243-8f90-489e-ad4c-fbb8c473db2a@group-82AF4051E50B-StateMachineUpdater] INFO  ratis.ContainerStateMachine (ContainerStateMachine.java:takeSnapshot(300)) - group-82AF4051E50B: Finished taking a snapshot at:(t:1, i:11) file:/workdir/hadoop-ozone/integration-test/target/test-dir/MiniOzoneClusterImpl-41742b35-60e3-4bf6-81de-f25e83920b6f/datanode-5/data/ratis/dcea782e-2ecf-47a0-b031-82af4051e50b/sm/snapshot.1_11 time:13
2019-09-19 12:11:33,079 [4736e737-07ca-4f6d-84d7-0ed6bd660367@group-7041D5508450-StateMachineUpdater] INFO  ratis.ContainerStateMachine (ContainerStateMachine.java:takeSnapshot(300)) - group-7041D5508450: Finished taking a snapshot at:(t:6, i:12) file:/workdir/hadoop-ozone/integration-test/target/test-dir/MiniOzoneClusterImpl-41742b35-60e3-4bf6-81de-f25e83920b6f/datanode-2/data/ratis/293346ac-77ad-4ab0-9118-7041d5508450/sm/snapshot.6_12 time:13
2019-09-19 12:11:33,079 [4736e737-07ca-4f6d-84d7-0ed6bd660367@group-7041D5508450-StateMachineUpdater] INFO  impl.StateMachineUpdater (StateMachineUpdater.java:takeSnapshot(258)) - 4736e737-07ca-4f6d-84d7-0ed6bd660367@group-7041D5508450-StateMachineUpdater: Took a snapshot at index 12
2019-09-19 12:11:33,079 [4736e737-07ca-4f6d-84d7-0ed6bd660367@group-7041D5508450-StateMachineUpdater] INFO  impl.StateMachineUpdater (StateMachineUpdater.java:lambda$new$0(83)) - 4736e737-07ca-4f6d-84d7-0ed6bd660367@group-7041D5508450-StateMachineUpdater: snapshotIndex: updateIncreasingly 12 -> 12
2019-09-19 12:11:33,079 [9ff75243-8f90-489e-ad4c-fbb8c473db2a@group-82AF4051E50B-StateMachineUpdater] INFO  impl.StateMachineUpdater (StateMachineUpdater.java:takeSnapshot(258)) - 9ff75243-8f90-489e-ad4c-fbb8c473db2a@group-82AF4051E50B-StateMachineUpdater: Took a snapshot at index 11
2019-09-19 12:11:33,080 [9ff75243-8f90-489e-ad4c-fbb8c473db2a@group-82AF4051E50B-StateMachineUpdater] INFO  impl.StateMachineUpdater (StateMachineUpdater.java:lambda$new$0(83)) - 9ff75243-8f90-489e-ad4c-fbb8c473db2a@group-82AF4051E50B-StateMachineUpdater: snapshotIndex: updateIncreasingly 11 -> 11
2019-09-19 12:11:33,080 [ForkJoinPool.commonPool-worker-0] INFO  impl.RaftServerImpl (ServerState.java:close(385)) - 4736e737-07ca-4f6d-84d7-0ed6bd660367@group-7041D5508450: closes. applyIndex: 16
2019-09-19 12:11:33,080 [main] INFO  impl.RaftServerImpl (ServerState.java:close(385)) - 9ff75243-8f90-489e-ad4c-fbb8c473db2a@group-82AF4051E50B: closes. applyIndex: 13
2019-09-19 12:11:33,091 [grpc-default-executor-2] WARN  server.GrpcLogAppender (LogUtils.java:warn(134)) - 0536a24c-34e3-4c8a-9a31-895de5497f4a@group-11E1763585E1->35717865-8144-46c5-963e-0895e96939ac-AppendLogResponseHandler: Failed appendEntries: org.apache.ratis.thirdparty.io.grpc.StatusRuntimeException: UNAVAILABLE: io exception
2019-09-19 12:11:33,091 [grpc-default-executor-10] WARN  server.GrpcLogAppender (LogUtils.java:warn(134)) - 0536a24c-34e3-4c8a-9a31-895de5497f4a@group-11E1763585E1->03555e6f-e7ac-4c8b-ad84-7222370bb52c-AppendLogResponseHandler: Failed appendEntries: org.apache.ratis.thirdparty.io.grpc.StatusRuntimeException: UNAVAILABLE: io exception
2019-09-19 12:11:33,091 [grpc-default-executor-2] INFO  impl.FollowerInfo (FollowerInfo.java:lambda$new$0(51)) - 0536a24c-34e3-4c8a-9a31-895de5497f4a@group-11E1763585E1->35717865-8144-46c5-963e-0895e96939ac: nextIndex: updateUnconditionally 0 -> 0
2019-09-19 12:11:33,091 [grpc-default-executor-10] INFO  impl.FollowerInfo (FollowerInfo.java:lambda$new$0(51)) - 0536a24c-34e3-4c8a-9a31-895de5497f4a@group-11E1763585E1->03555e6f-e7ac-4c8b-ad84-7222370bb52c: nextIndex: updateUnconditionally 0 -> 0
2019-09-19 12:11:33,101 [4736e737-07ca-4f6d-84d7-0ed6bd660367@group-7041D5508450-SegmentedRaftLogWorker] ERROR ratis.XceiverServerRatis (XceiverServerRatis.java:triggerPipelineClose(572)) - pipeline Action CLOSE  on pipeline PipelineID=293346ac-77ad-4ab0-9118-7041d5508450.Reason : WriteLog:17: (t:6, i:17), STATEMACHINELOGENTRY, client-F1DE9C258D1C, cid=38-writeStateMachineData interrupted.
2019-09-19 12:11:33,101 [9ff75243-8f90-489e-ad4c-fbb8c473db2a@group-82AF4051E50B-SegmentedRaftLogWorker] ERROR ratis.XceiverServerRatis (XceiverServerRatis.java:triggerPipelineClose(572)) - pipeline Action CLOSE  on pipeline PipelineID=dcea782e-2ecf-47a0-b031-82af4051e50b.Reason : WriteLog:14: (t:1, i:14), STATEMACHINELOGENTRY, client-57877EF1F934, cid=52-writeStateMachineData interrupted.
2019-09-19 12:11:33,106 [ForkJoinPool.commonPool-worker-0] INFO  segmented.SegmentedRaftLogWorker (SegmentedRaftLogWorker.java:close(228)) - 4736e737-07ca-4f6d-84d7-0ed6bd660367@group-7041D5508450-SegmentedRaftLogWorker close()
2019-09-19 12:11:33,106 [main] INFO  segmented.SegmentedRaftLogWorker (SegmentedRaftLogWorker.java:close(228)) - 9ff75243-8f90-489e-ad4c-fbb8c473db2a@group-82AF4051E50B-SegmentedRaftLogWorker close()
2019-09-19 12:11:33,111 [ForkJoinPool.commonPool-worker-0] INFO  impl.RaftServerImpl (RaftServerImpl.java:lambda$shutdown$3(251)) - 4736e737-07ca-4f6d-84d7-0ed6bd660367@group-4414BCCDBD5C: shutdown
2019-09-19 12:11:33,115 [main] INFO  server.GrpcService (GrpcService.java:closeImpl(164)) - 9ff75243-8f90-489e-ad4c-fbb8c473db2a: shutdown server with port 45547 now
2019-09-19 12:11:33,115 [ForkJoinPool.commonPool-worker-0] INFO  util.JmxRegister (JmxRegister.java:unregister(73)) - Successfully un-registered JMX Bean with object name Ratis:service=RaftServer,group=group-4414BCCDBD5C,id=4736e737-07ca-4f6d-84d7-0ed6bd660367
2019-09-19 12:11:33,116 [ForkJoinPool.commonPool-worker-0] INFO  impl.RoleInfo (RoleInfo.java:shutdownLeaderState(104)) - 4736e737-07ca-4f6d-84d7-0ed6bd660367: shutdown LeaderState
2019-09-19 12:11:33,116 [ForkJoinPool.commonPool-worker-0] INFO  impl.PendingRequests (PendingRequests.java:sendNotLeaderResponses(202)) - 4736e737-07ca-4f6d-84d7-0ed6bd660367-PendingRequests: sendNotLeaderResponses
2019-09-19 12:11:33,118 [grpc-default-executor-2] WARN  server.GrpcServerProtocolService (LogUtils.java:warn(134)) - 9ff75243-8f90-489e-ad4c-fbb8c473db2a: installSnapshot onError, lastRequest: a409f42d-bc3a-405f-bf07-8265a8a77aff->9ff75243-8f90-489e-ad4c-fbb8c473db2a#208-t1, previous=(t:1, i:17), leaderCommit=13, initializing? false, entries: <empty>: org.apache.ratis.thirdparty.io.grpc.StatusRuntimeException: CANCELLED: cancelled before receiving half close
2019-09-19 12:11:33,119 [main] INFO  server.GrpcService (GrpcService.java:closeImpl(172)) - 9ff75243-8f90-489e-ad4c-fbb8c473db2a: shutdown server with port 45547 successfully
2019-09-19 12:11:33,119 [ForkJoinPool.commonPool-worker-0] INFO  impl.StateMachineUpdater (StateMachineUpdater.java:stopAndJoin(125)) - 4736e737-07ca-4f6d-84d7-0ed6bd660367@group-4414BCCDBD5C-StateMachineUpdater: set stopIndex = 0
2019-09-19 12:11:33,119 [ForkJoinPool.commonPool-worker-0] INFO  impl.RaftServerImpl (ServerState.java:close(385)) - 4736e737-07ca-4f6d-84d7-0ed6bd660367@group-4414BCCDBD5C: closes. applyIndex: 0
2019-09-19 12:11:33,119 [grpc-default-executor-8] WARN  server.GrpcLogAppender (LogUtils.java:warn(134)) - a409f42d-bc3a-405f-bf07-8265a8a77aff@group-82AF4051E50B->9ff75243-8f90-489e-ad4c-fbb8c473db2a-AppendLogResponseHandler: Failed appendEntries: org.apache.ratis.thirdparty.io.grpc.StatusRuntimeException: CANCELLED: HTTP/2 error code: CANCEL
Received Rst Stream
2019-09-19 12:11:33,120 [4736e737-07ca-4f6d-84d7-0ed6bd660367@group-4414BCCDBD5C-SegmentedRaftLogWorker] INFO  segmented.SegmentedRaftLogWorker (SegmentedRaftLogWorker.java:run(313)) - 4736e737-07ca-4f6d-84d7-0ed6bd660367@group-4414BCCDBD5C-SegmentedRaftLogWorker was interrupted, exiting. There are 0 tasks remaining in the queue.
2019-09-19 12:11:33,120 [grpc-default-executor-8] INFO  impl.FollowerInfo (FollowerInfo.java:lambda$new$0(51)) - a409f42d-bc3a-405f-bf07-8265a8a77aff@group-82AF4051E50B->9ff75243-8f90-489e-ad4c-fbb8c473db2a: nextIndex: updateUnconditionally 18 -> 14
2019-09-19 12:11:33,122 [ForkJoinPool.commonPool-worker-0] INFO  segmented.SegmentedRaftLogWorker (SegmentedRaftLogWorker.java:close(228)) - 4736e737-07ca-4f6d-84d7-0ed6bd660367@group-4414BCCDBD5C-SegmentedRaftLogWorker close()
2019-09-19 12:11:33,126 [ForkJoinPool.commonPool-worker-0] INFO  server.GrpcService (GrpcService.java:closeImpl(164)) - 4736e737-07ca-4f6d-84d7-0ed6bd660367: shutdown server with port 43438 now
2019-09-19 12:11:33,127 [grpc-default-executor-2] WARN  server.GrpcServerProtocolService (LogUtils.java:warn(134)) - 4736e737-07ca-4f6d-84d7-0ed6bd660367: installSnapshot onError, lastRequest: 1b83d917-1d73-4cac-8d1d-dc3b4981903d->4736e737-07ca-4f6d-84d7-0ed6bd660367#194-t6, previous=(t:6, i:20), leaderCommit=16, initializing? false, entries: <empty>: org.apache.ratis.thirdparty.io.grpc.StatusRuntimeException: CANCELLED: cancelled before receiving half close
2019-09-19 12:11:33,127 [grpc-default-executor-10] WARN  server.GrpcLogAppender (LogUtils.java:warn(134)) - 1b83d917-1d73-4cac-8d1d-dc3b4981903d@group-7041D5508450->4736e737-07ca-4f6d-84d7-0ed6bd660367-AppendLogResponseHandler: Failed appendEntries: org.apache.ratis.thirdparty.io.grpc.StatusRuntimeException: CANCELLED: HTTP/2 error code: CANCEL
Received Rst Stream
2019-09-19 12:11:33,127 [ForkJoinPool.commonPool-worker-0] INFO  server.GrpcService (GrpcService.java:closeImpl(172)) - 4736e737-07ca-4f6d-84d7-0ed6bd660367: shutdown server with port 43438 successfully
2019-09-19 12:11:33,127 [grpc-default-executor-10] INFO  impl.FollowerInfo (FollowerInfo.java:lambda$new$0(51)) - 1b83d917-1d73-4cac-8d1d-dc3b4981903d@group-7041D5508450->4736e737-07ca-4f6d-84d7-0ed6bd660367: nextIndex: updateUnconditionally 21 -> 17
2019-09-19 12:11:33,135 [refreshUsed-/workdir/hadoop-ozone/integration-test/target/test-dir/MiniOzoneClusterImpl-41742b35-60e3-4bf6-81de-f25e83920b6f/datanode-5/data/containers] WARN  fs.CachingGetSpaceUsed (CachingGetSpaceUsed.java:run(183)) - Thread Interrupted waiting to refresh disk information: sleep interrupted
2019-09-19 12:11:33,137 [refreshUsed-/workdir/hadoop-ozone/integration-test/target/test-dir/MiniOzoneClusterImpl-41742b35-60e3-4bf6-81de-f25e83920b6f/datanode-2/data/containers] WARN  fs.CachingGetSpaceUsed (CachingGetSpaceUsed.java:run(183)) - Thread Interrupted waiting to refresh disk information: sleep interrupted
2019-09-19 12:11:33,156 [ForkJoinPool.commonPool-worker-0] INFO  utils.BackgroundService (BackgroundService.java:shutdown(148)) - Shutting down service BlockDeletingService
2019-09-19 12:11:33,162 [ForkJoinPool.commonPool-worker-0] INFO  statemachine.DatanodeStateMachine (DatanodeStateMachine.java:stopDaemon(395)) - Ozone container server stopped.
2019-09-19 12:11:33,166 [main] INFO  utils.BackgroundService (BackgroundService.java:shutdown(148)) - Shutting down service BlockDeletingService
2019-09-19 12:11:33,167 [ForkJoinPool.commonPool-worker-0] INFO  handler.ContextHandler (ContextHandler.java:doStop(910)) - Stopped o.e.j.w.WebAppContext@fc807c1{/,null,UNAVAILABLE}{/hddsDatanode}
2019-09-19 12:11:33,173 [main] INFO  statemachine.DatanodeStateMachine (DatanodeStateMachine.java:stopDaemon(395)) - Ozone container server stopped.
2019-09-19 12:11:33,173 [ForkJoinPool.commonPool-worker-0] INFO  server.AbstractConnector (AbstractConnector.java:doStop(318)) - Stopped ServerConnector@296e281a{HTTP/1.1,[http/1.1]}{0.0.0.0:0}
2019-09-19 12:11:33,177 [ForkJoinPool.commonPool-worker-0] INFO  handler.ContextHandler (ContextHandler.java:doStop(910)) - Stopped o.e.j.s.ServletContextHandler@4d95a72e{/static,jar:file:/home/user/.m2/repository/org/apache/hadoop/hadoop-hdds-container-service/0.5.0-SNAPSHOT/hadoop-hdds-container-service-0.5.0-SNAPSHOT.jar!/webapps/static,UNAVAILABLE}
2019-09-19 12:11:33,177 [main] INFO  handler.ContextHandler (ContextHandler.java:doStop(910)) - Stopped o.e.j.w.WebAppContext@1c26273d{/,null,UNAVAILABLE}{/hddsDatanode}
2019-09-19 12:11:33,179 [ForkJoinPool.commonPool-worker-0] INFO  handler.ContextHandler (ContextHandler.java:doStop(910)) - Stopped o.e.j.s.ServletContextHandler@44536de4{/logs,file:///workdir/hadoop-ozone/integration-test/target/log,UNAVAILABLE}
2019-09-19 12:11:33,180 [main] INFO  server.AbstractConnector (AbstractConnector.java:doStop(318)) - Stopped ServerConnector@3a37a501{HTTP/1.1,[http/1.1]}{0.0.0.0:0}
2019-09-19 12:11:33,182 [main] INFO  handler.ContextHandler (ContextHandler.java:doStop(910)) - Stopped o.e.j.s.ServletContextHandler@2370ac7a{/static,jar:file:/home/user/.m2/repository/org/apache/hadoop/hadoop-hdds-container-service/0.5.0-SNAPSHOT/hadoop-hdds-container-service-0.5.0-SNAPSHOT.jar!/webapps/static,UNAVAILABLE}
2019-09-19 12:11:33,182 [main] INFO  handler.ContextHandler (ContextHandler.java:doStop(910)) - Stopped o.e.j.s.ServletContextHandler@117d32e{/logs,file:///workdir/hadoop-ozone/integration-test/target/log,UNAVAILABLE}
2019-09-19 12:11:33,284 [java.util.concurrent.ThreadPoolExecutor$Worker@3ef0e39a[State = -1, empty queue]] WARN  server.GrpcLogAppender (GrpcLogAppender.java:timeoutAppendRequest(200)) - a409f42d-bc3a-405f-bf07-8265a8a77aff@group-82AF4051E50B->587dad1b-1a08-4278-9ac1-e315232e0934-GrpcLogAppender: appendEntries Timeout, request=a409f42d-bc3a-405f-bf07-8265a8a77aff->587dad1b-1a08-4278-9ac1-e315232e0934#203-t1, previous=(t:1, i:17), leaderCommit=13, initializing? false, entries: <empty>
2019-09-19 12:11:33,288 [grpc-default-executor-8] WARN  server.GrpcLogAppender (LogUtils.java:warn(134)) - a409f42d-bc3a-405f-bf07-8265a8a77aff@group-82AF4051E50B->9ff75243-8f90-489e-ad4c-fbb8c473db2a-AppendLogResponseHandler: Failed appendEntries: org.apache.ratis.thirdparty.io.grpc.StatusRuntimeException: UNAVAILABLE: io exception
2019-09-19 12:11:33,288 [grpc-default-executor-8] INFO  impl.FollowerInfo (FollowerInfo.java:lambda$new$0(51)) - a409f42d-bc3a-405f-bf07-8265a8a77aff@group-82AF4051E50B->9ff75243-8f90-489e-ad4c-fbb8c473db2a: nextIndex: updateUnconditionally 14 -> 13
2019-09-19 12:11:33,387 [Datanode State Machine Thread - 0] INFO  statemachine.DatanodeStateMachine (DatanodeStateMachine.java:lambda$startDaemon$0(350)) - Ozone container server started.
2019-09-19 12:11:33,423 [java.util.concurrent.ThreadPoolExecutor$Worker@4f8ba3d5[State = -1, empty queue]] WARN  server.GrpcLogAppender (GrpcLogAppender.java:timeoutAppendRequest(200)) - 1b83d917-1d73-4cac-8d1d-dc3b4981903d@group-7041D5508450->7c8a32d9-49ab-449b-8cc8-032a8828a8ac-GrpcLogAppender: appendEntries Timeout, request=1b83d917-1d73-4cac-8d1d-dc3b4981903d->7c8a32d9-49ab-449b-8cc8-032a8828a8ac#189-t6, previous=(t:6, i:20), leaderCommit=16, initializing? false, entries: <empty>
2019-09-19 12:11:33,426 [grpc-default-executor-2] WARN  server.GrpcLogAppender (LogUtils.java:warn(134)) - 1b83d917-1d73-4cac-8d1d-dc3b4981903d@group-7041D5508450->4736e737-07ca-4f6d-84d7-0ed6bd660367-AppendLogResponseHandler: Failed appendEntries: org.apache.ratis.thirdparty.io.grpc.StatusRuntimeException: UNAVAILABLE: io exception
2019-09-19 12:11:33,427 [grpc-default-executor-2] INFO  impl.FollowerInfo (FollowerInfo.java:lambda$new$0(51)) - 1b83d917-1d73-4cac-8d1d-dc3b4981903d@group-7041D5508450->4736e737-07ca-4f6d-84d7-0ed6bd660367: nextIndex: updateUnconditionally 17 -> 16
2019-09-19 12:11:33,591 [grpc-default-executor-10] WARN  server.GrpcLogAppender (LogUtils.java:warn(134)) - 0536a24c-34e3-4c8a-9a31-895de5497f4a@group-11E1763585E1->03555e6f-e7ac-4c8b-ad84-7222370bb52c-AppendLogResponseHandler: Failed appendEntries: org.apache.ratis.thirdparty.io.grpc.StatusRuntimeException: UNAVAILABLE: io exception
2019-09-19 12:11:33,591 [grpc-default-executor-9] WARN  server.GrpcLogAppender (LogUtils.java:warn(134)) - 0536a24c-34e3-4c8a-9a31-895de5497f4a@group-11E1763585E1->35717865-8144-46c5-963e-0895e96939ac-AppendLogResponseHandler: Failed appendEntries: org.apache.ratis.thirdparty.io.grpc.StatusRuntimeException: UNAVAILABLE: io exception
2019-09-19 12:11:33,591 [grpc-default-executor-10] INFO  impl.FollowerInfo (FollowerInfo.java:lambda$new$0(51)) - 0536a24c-34e3-4c8a-9a31-895de5497f4a@group-11E1763585E1->03555e6f-e7ac-4c8b-ad84-7222370bb52c: nextIndex: updateUnconditionally 0 -> 0
2019-09-19 12:11:33,591 [grpc-default-executor-9] INFO  impl.FollowerInfo (FollowerInfo.java:lambda$new$0(51)) - 0536a24c-34e3-4c8a-9a31-895de5497f4a@group-11E1763585E1->35717865-8144-46c5-963e-0895e96939ac: nextIndex: updateUnconditionally 0 -> 0
2019-09-19 12:11:33,785 [java.util.concurrent.ThreadPoolExecutor$Worker@3ef0e39a[State = -1, empty queue]] WARN  server.GrpcLogAppender (GrpcLogAppender.java:timeoutAppendRequest(200)) - a409f42d-bc3a-405f-bf07-8265a8a77aff@group-82AF4051E50B->587dad1b-1a08-4278-9ac1-e315232e0934-GrpcLogAppender: appendEntries Timeout, request=a409f42d-bc3a-405f-bf07-8265a8a77aff->587dad1b-1a08-4278-9ac1-e315232e0934#204-t1, previous=(t:1, i:17), leaderCommit=13, initializing? false, entries: <empty>
2019-09-19 12:11:33,788 [grpc-default-executor-9] WARN  server.GrpcLogAppender (LogUtils.java:warn(134)) - a409f42d-bc3a-405f-bf07-8265a8a77aff@group-82AF4051E50B->9ff75243-8f90-489e-ad4c-fbb8c473db2a-AppendLogResponseHandler: Failed appendEntries: org.apache.ratis.thirdparty.io.grpc.StatusRuntimeException: UNAVAILABLE: io exception
2019-09-19 12:11:33,788 [grpc-default-executor-9] INFO  impl.FollowerInfo (FollowerInfo.java:lambda$new$0(51)) - a409f42d-bc3a-405f-bf07-8265a8a77aff@group-82AF4051E50B->9ff75243-8f90-489e-ad4c-fbb8c473db2a: nextIndex: updateUnconditionally 13 -> 12
2019-09-19 12:11:33,923 [java.util.concurrent.ThreadPoolExecutor$Worker@4f8ba3d5[State = -1, empty queue]] WARN  server.GrpcLogAppender (GrpcLogAppender.java:timeoutAppendRequest(200)) - 1b83d917-1d73-4cac-8d1d-dc3b4981903d@group-7041D5508450->7c8a32d9-49ab-449b-8cc8-032a8828a8ac-GrpcLogAppender: appendEntries Timeout, request=1b83d917-1d73-4cac-8d1d-dc3b4981903d->7c8a32d9-49ab-449b-8cc8-032a8828a8ac#190-t6, previous=(t:6, i:20), leaderCommit=16, initializing? false, entries: <empty>
2019-09-19 12:11:33,927 [grpc-default-executor-8] WARN  server.GrpcLogAppender (LogUtils.java:warn(134)) - 1b83d917-1d73-4cac-8d1d-dc3b4981903d@group-7041D5508450->4736e737-07ca-4f6d-84d7-0ed6bd660367-AppendLogResponseHandler: Failed appendEntries: org.apache.ratis.thirdparty.io.grpc.StatusRuntimeException: UNAVAILABLE: io exception
2019-09-19 12:11:33,927 [grpc-default-executor-8] INFO  impl.FollowerInfo (FollowerInfo.java:lambda$new$0(51)) - 1b83d917-1d73-4cac-8d1d-dc3b4981903d@group-7041D5508450->4736e737-07ca-4f6d-84d7-0ed6bd660367: nextIndex: updateUnconditionally 16 -> 15
2019-09-19 12:11:34,092 [grpc-default-executor-9] WARN  server.GrpcLogAppender (LogUtils.java:warn(134)) - 0536a24c-34e3-4c8a-9a31-895de5497f4a@group-11E1763585E1->03555e6f-e7ac-4c8b-ad84-7222370bb52c-AppendLogResponseHandler: Failed appendEntries: org.apache.ratis.thirdparty.io.grpc.StatusRuntimeException: UNAVAILABLE: io exception
2019-09-19 12:11:34,092 [grpc-default-executor-9] INFO  impl.FollowerInfo (FollowerInfo.java:lambda$new$0(51)) - 0536a24c-34e3-4c8a-9a31-895de5497f4a@group-11E1763585E1->03555e6f-e7ac-4c8b-ad84-7222370bb52c: nextIndex: updateUnconditionally 0 -> 0
2019-09-19 12:11:34,092 [grpc-default-executor-2] WARN  server.GrpcLogAppender (LogUtils.java:warn(134)) - 0536a24c-34e3-4c8a-9a31-895de5497f4a@group-11E1763585E1->35717865-8144-46c5-963e-0895e96939ac-AppendLogResponseHandler: Failed appendEntries: org.apache.ratis.thirdparty.io.grpc.StatusRuntimeException: UNAVAILABLE: io exception
2019-09-19 12:11:34,092 [grpc-default-executor-2] INFO  impl.FollowerInfo (FollowerInfo.java:lambda$new$0(51)) - 0536a24c-34e3-4c8a-9a31-895de5497f4a@group-11E1763585E1->35717865-8144-46c5-963e-0895e96939ac: nextIndex: updateUnconditionally 0 -> 0
2019-09-19 12:11:34,156 [Datanode State Machine Thread - 0] INFO  statemachine.DatanodeStateMachine (DatanodeStateMachine.java:lambda$startDaemon$0(350)) - Ozone container server started.
2019-09-19 12:11:34,285 [java.util.concurrent.ThreadPoolExecutor$Worker@3ef0e39a[State = -1, empty queue]] WARN  server.GrpcLogAppender (GrpcLogAppender.java:timeoutAppendRequest(200)) - a409f42d-bc3a-405f-bf07-8265a8a77aff@group-82AF4051E50B->587dad1b-1a08-4278-9ac1-e315232e0934-GrpcLogAppender: appendEntries Timeout, request=a409f42d-bc3a-405f-bf07-8265a8a77aff->587dad1b-1a08-4278-9ac1-e315232e0934#205-t1, previous=(t:1, i:17), leaderCommit=13, initializing? false, entries: <empty>
2019-09-19 12:11:34,289 [grpc-default-executor-2] WARN  server.GrpcLogAppender (LogUtils.java:warn(134)) - a409f42d-bc3a-405f-bf07-8265a8a77aff@group-82AF4051E50B->9ff75243-8f90-489e-ad4c-fbb8c473db2a-AppendLogResponseHandler: Failed appendEntries: org.apache.ratis.thirdparty.io.grpc.StatusRuntimeException: UNAVAILABLE: io exception
2019-09-19 12:11:34,290 [grpc-default-executor-2] INFO  impl.FollowerInfo (FollowerInfo.java:lambda$new$0(51)) - a409f42d-bc3a-405f-bf07-8265a8a77aff@group-82AF4051E50B->9ff75243-8f90-489e-ad4c-fbb8c473db2a: nextIndex: updateUnconditionally 12 -> 11
2019-09-19 12:11:34,424 [java.util.concurrent.ThreadPoolExecutor$Worker@4f8ba3d5[State = -1, empty queue]] WARN  server.GrpcLogAppender (GrpcLogAppender.java:timeoutAppendRequest(200)) - 1b83d917-1d73-4cac-8d1d-dc3b4981903d@group-7041D5508450->7c8a32d9-49ab-449b-8cc8-032a8828a8ac-GrpcLogAppender: appendEntries Timeout, request=1b83d917-1d73-4cac-8d1d-dc3b4981903d->7c8a32d9-49ab-449b-8cc8-032a8828a8ac#191-t6, previous=(t:6, i:20), leaderCommit=16, initializing? false, entries: <empty>
2019-09-19 12:11:34,427 [grpc-default-executor-2] WARN  server.GrpcLogAppender (LogUtils.java:warn(134)) - 1b83d917-1d73-4cac-8d1d-dc3b4981903d@group-7041D5508450->4736e737-07ca-4f6d-84d7-0ed6bd660367-AppendLogResponseHandler: Failed appendEntries: org.apache.ratis.thirdparty.io.grpc.StatusRuntimeException: UNAVAILABLE: io exception
2019-09-19 12:11:34,428 [grpc-default-executor-2] INFO  impl.FollowerInfo (FollowerInfo.java:lambda$new$0(51)) - 1b83d917-1d73-4cac-8d1d-dc3b4981903d@group-7041D5508450->4736e737-07ca-4f6d-84d7-0ed6bd660367: nextIndex: updateUnconditionally 15 -> 14
2019-09-19 12:11:34,592 [grpc-default-executor-1] WARN  server.GrpcLogAppender (LogUtils.java:warn(134)) - 0536a24c-34e3-4c8a-9a31-895de5497f4a@group-11E1763585E1->35717865-8144-46c5-963e-0895e96939ac-AppendLogResponseHandler: Failed appendEntries: org.apache.ratis.thirdparty.io.grpc.StatusRuntimeException: UNAVAILABLE: io exception
2019-09-19 12:11:34,592 [grpc-default-executor-4] WARN  server.GrpcLogAppender (LogUtils.java:warn(134)) - 0536a24c-34e3-4c8a-9a31-895de5497f4a@group-11E1763585E1->03555e6f-e7ac-4c8b-ad84-7222370bb52c-AppendLogResponseHandler: Failed appendEntries: org.apache.ratis.thirdparty.io.grpc.StatusRuntimeException: UNAVAILABLE: io exception
2019-09-19 12:11:34,593 [grpc-default-executor-1] INFO  impl.FollowerInfo (FollowerInfo.java:lambda$new$0(51)) - 0536a24c-34e3-4c8a-9a31-895de5497f4a@group-11E1763585E1->35717865-8144-46c5-963e-0895e96939ac: nextIndex: updateUnconditionally 0 -> 0
2019-09-19 12:11:34,593 [grpc-default-executor-4] INFO  impl.FollowerInfo (FollowerInfo.java:lambda$new$0(51)) - 0536a24c-34e3-4c8a-9a31-895de5497f4a@group-11E1763585E1->03555e6f-e7ac-4c8b-ad84-7222370bb52c: nextIndex: updateUnconditionally 0 -> 0
2019-09-19 12:11:34,785 [java.util.concurrent.ThreadPoolExecutor$Worker@3ef0e39a[State = -1, empty queue]] WARN  server.GrpcLogAppender (GrpcLogAppender.java:timeoutAppendRequest(200)) - a409f42d-bc3a-405f-bf07-8265a8a77aff@group-82AF4051E50B->587dad1b-1a08-4278-9ac1-e315232e0934-GrpcLogAppender: appendEntries Timeout, request=a409f42d-bc3a-405f-bf07-8265a8a77aff->587dad1b-1a08-4278-9ac1-e315232e0934#206-t1, previous=(t:1, i:17), leaderCommit=13, initializing? false, entries: <empty>
2019-09-19 12:11:34,790 [grpc-default-executor-8] WARN  server.GrpcLogAppender (LogUtils.java:warn(134)) - a409f42d-bc3a-405f-bf07-8265a8a77aff@group-82AF4051E50B->9ff75243-8f90-489e-ad4c-fbb8c473db2a-AppendLogResponseHandler: Failed appendEntries: org.apache.ratis.thirdparty.io.grpc.StatusRuntimeException: UNAVAILABLE: io exception
2019-09-19 12:11:34,790 [grpc-default-executor-8] INFO  impl.FollowerInfo (FollowerInfo.java:lambda$new$0(51)) - a409f42d-bc3a-405f-bf07-8265a8a77aff@group-82AF4051E50B->9ff75243-8f90-489e-ad4c-fbb8c473db2a: nextIndex: updateUnconditionally 11 -> 10
2019-09-19 12:11:34,924 [java.util.concurrent.ThreadPoolExecutor$Worker@4f8ba3d5[State = -1, empty queue]] WARN  server.GrpcLogAppender (GrpcLogAppender.java:timeoutAppendRequest(200)) - 1b83d917-1d73-4cac-8d1d-dc3b4981903d@group-7041D5508450->7c8a32d9-49ab-449b-8cc8-032a8828a8ac-GrpcLogAppender: appendEntries Timeout, request=1b83d917-1d73-4cac-8d1d-dc3b4981903d->7c8a32d9-49ab-449b-8cc8-032a8828a8ac#192-t6, previous=(t:6, i:20), leaderCommit=16, initializing? false, entries: <empty>
2019-09-19 12:11:34,928 [grpc-default-executor-1] WARN  server.GrpcLogAppender (LogUtils.java:warn(134)) - 1b83d917-1d73-4cac-8d1d-dc3b4981903d@group-7041D5508450->4736e737-07ca-4f6d-84d7-0ed6bd660367-AppendLogResponseHandler: Failed appendEntries: org.apache.ratis.thirdparty.io.grpc.StatusRuntimeException: UNAVAILABLE: io exception
2019-09-19 12:11:34,928 [grpc-default-executor-1] INFO  impl.FollowerInfo (FollowerInfo.java:lambda$new$0(51)) - 1b83d917-1d73-4cac-8d1d-dc3b4981903d@group-7041D5508450->4736e737-07ca-4f6d-84d7-0ed6bd660367: nextIndex: updateUnconditionally 14 -> 13
2019-09-19 12:11:35,093 [grpc-default-executor-9] WARN  server.GrpcLogAppender (LogUtils.java:warn(134)) - 0536a24c-34e3-4c8a-9a31-895de5497f4a@group-11E1763585E1->35717865-8144-46c5-963e-0895e96939ac-AppendLogResponseHandler: Failed appendEntries: org.apache.ratis.thirdparty.io.grpc.StatusRuntimeException: UNAVAILABLE: io exception
2019-09-19 12:11:35,093 [grpc-default-executor-10] WARN  server.GrpcLogAppender (LogUtils.java:warn(134)) - 0536a24c-34e3-4c8a-9a31-895de5497f4a@group-11E1763585E1->03555e6f-e7ac-4c8b-ad84-7222370bb52c-AppendLogResponseHandler: Failed appendEntries: org.apache.ratis.thirdparty.io.grpc.StatusRuntimeException: UNAVAILABLE: io exception
2019-09-19 12:11:35,093 [grpc-default-executor-9] INFO  impl.FollowerInfo (FollowerInfo.java:lambda$new$0(51)) - 0536a24c-34e3-4c8a-9a31-895de5497f4a@group-11E1763585E1->35717865-8144-46c5-963e-0895e96939ac: nextIndex: updateUnconditionally 0 -> 0
2019-09-19 12:11:35,094 [grpc-default-executor-10] INFO  impl.FollowerInfo (FollowerInfo.java:lambda$new$0(51)) - 0536a24c-34e3-4c8a-9a31-895de5497f4a@group-11E1763585E1->03555e6f-e7ac-4c8b-ad84-7222370bb52c: nextIndex: updateUnconditionally 0 -> 0
2019-09-19 12:11:35,116 [587dad1b-1a08-4278-9ac1-e315232e0934@group-82AF4051E50B-SegmentedRaftLogWorker] WARN  segmented.SegmentedRaftLogWorker (SegmentedRaftLogWorker.java:getFromFuture(90)) - Timeout 5/~
org.apache.ratis.protocol.TimeoutIOException: Timeout 10s: WriteLog:14: (t:1, i:14), STATEMACHINELOGENTRY, client-57877EF1F934, cid=52-writeStateMachineData
	at org.apache.ratis.util.IOUtils.getFromFuture(IOUtils.java:87)
	at org.apache.ratis.server.raftlog.segmented.SegmentedRaftLogWorker$StateMachineDataPolicy.getFromFuture(SegmentedRaftLogWorker.java:87)
	at org.apache.ratis.server.raftlog.segmented.SegmentedRaftLogWorker$WriteLog.execute(SegmentedRaftLogWorker.java:477)
	at org.apache.ratis.server.raftlog.segmented.SegmentedRaftLogWorker.run(SegmentedRaftLogWorker.java:289)
	at java.lang.Thread.run(Thread.java:748)
Caused by: java.util.concurrent.TimeoutException
	at java.util.concurrent.CompletableFuture.timedGet(CompletableFuture.java:1771)
	at java.util.concurrent.CompletableFuture.get(CompletableFuture.java:1915)
	at org.apache.ratis.util.IOUtils.getFromFuture(IOUtils.java:79)
	... 4 more
2019-09-19 12:11:35,285 [java.util.concurrent.ThreadPoolExecutor$Worker@3ef0e39a[State = -1, empty queue]] WARN  server.GrpcLogAppender (GrpcLogAppender.java:timeoutAppendRequest(200)) - a409f42d-bc3a-405f-bf07-8265a8a77aff@group-82AF4051E50B->587dad1b-1a08-4278-9ac1-e315232e0934-GrpcLogAppender: appendEntries Timeout, request=a409f42d-bc3a-405f-bf07-8265a8a77aff->587dad1b-1a08-4278-9ac1-e315232e0934#207-t1, previous=(t:1, i:17), leaderCommit=13, initializing? false, entries: <empty>
2019-09-19 12:11:35,291 [grpc-default-executor-4] WARN  server.GrpcLogAppender (LogUtils.java:warn(134)) - a409f42d-bc3a-405f-bf07-8265a8a77aff@group-82AF4051E50B->9ff75243-8f90-489e-ad4c-fbb8c473db2a-AppendLogResponseHandler: Failed appendEntries: org.apache.ratis.thirdparty.io.grpc.StatusRuntimeException: UNAVAILABLE: io exception
2019-09-19 12:11:35,291 [grpc-default-executor-4] INFO  impl.FollowerInfo (FollowerInfo.java:lambda$new$0(51)) - a409f42d-bc3a-405f-bf07-8265a8a77aff@group-82AF4051E50B->9ff75243-8f90-489e-ad4c-fbb8c473db2a: nextIndex: updateUnconditionally 10 -> 9
2019-09-19 12:11:35,424 [java.util.concurrent.ThreadPoolExecutor$Worker@4f8ba3d5[State = -1, empty queue]] WARN  server.GrpcLogAppender (GrpcLogAppender.java:timeoutAppendRequest(200)) - 1b83d917-1d73-4cac-8d1d-dc3b4981903d@group-7041D5508450->7c8a32d9-49ab-449b-8cc8-032a8828a8ac-GrpcLogAppender: appendEntries Timeout, request=1b83d917-1d73-4cac-8d1d-dc3b4981903d->7c8a32d9-49ab-449b-8cc8-032a8828a8ac#193-t6, previous=(t:6, i:20), leaderCommit=16, initializing? false, entries: <empty>
2019-09-19 12:11:35,428 [grpc-default-executor-9] WARN  server.GrpcLogAppender (LogUtils.java:warn(134)) - 1b83d917-1d73-4cac-8d1d-dc3b4981903d@group-7041D5508450->4736e737-07ca-4f6d-84d7-0ed6bd660367-AppendLogResponseHandler: Failed appendEntries: org.apache.ratis.thirdparty.io.grpc.StatusRuntimeException: UNAVAILABLE: io exception
2019-09-19 12:11:35,429 [grpc-default-executor-9] INFO  impl.FollowerInfo (FollowerInfo.java:lambda$new$0(51)) - 1b83d917-1d73-4cac-8d1d-dc3b4981903d@group-7041D5508450->4736e737-07ca-4f6d-84d7-0ed6bd660367: nextIndex: updateUnconditionally 13 -> 12
2019-09-19 12:11:35,596 [grpc-default-executor-10] WARN  server.GrpcLogAppender (LogUtils.java:warn(134)) - 0536a24c-34e3-4c8a-9a31-895de5497f4a@group-11E1763585E1->35717865-8144-46c5-963e-0895e96939ac-AppendLogResponseHandler: Failed appendEntries: org.apache.ratis.thirdparty.io.grpc.StatusRuntimeException: UNAVAILABLE: io exception
2019-09-19 12:11:35,596 [grpc-default-executor-4] WARN  server.GrpcLogAppender (LogUtils.java:warn(134)) - 0536a24c-34e3-4c8a-9a31-895de5497f4a@group-11E1763585E1->03555e6f-e7ac-4c8b-ad84-7222370bb52c-AppendLogResponseHandler: Failed appendEntries: org.apache.ratis.thirdparty.io.grpc.StatusRuntimeException: UNAVAILABLE: io exception
2019-09-19 12:11:35,596 [grpc-default-executor-10] INFO  impl.FollowerInfo (FollowerInfo.java:lambda$new$0(51)) - 0536a24c-34e3-4c8a-9a31-895de5497f4a@group-11E1763585E1->35717865-8144-46c5-963e-0895e96939ac: nextIndex: updateUnconditionally 0 -> 0
2019-09-19 12:11:35,597 [grpc-default-executor-4] INFO  impl.FollowerInfo (FollowerInfo.java:lambda$new$0(51)) - 0536a24c-34e3-4c8a-9a31-895de5497f4a@group-11E1763585E1->03555e6f-e7ac-4c8b-ad84-7222370bb52c: nextIndex: updateUnconditionally 0 -> 0
2019-09-19 12:11:35,786 [java.util.concurrent.ThreadPoolExecutor$Worker@3ef0e39a[State = -1, empty queue]] WARN  server.GrpcLogAppender (GrpcLogAppender.java:timeoutAppendRequest(200)) - a409f42d-bc3a-405f-bf07-8265a8a77aff@group-82AF4051E50B->587dad1b-1a08-4278-9ac1-e315232e0934-GrpcLogAppender: appendEntries Timeout, request=a409f42d-bc3a-405f-bf07-8265a8a77aff->587dad1b-1a08-4278-9ac1-e315232e0934#208-t1, previous=(t:1, i:17), leaderCommit=13, initializing? false, entries: <empty>
2019-09-19 12:11:35,791 [grpc-default-executor-1] WARN  server.GrpcLogAppender (LogUtils.java:warn(134)) - a409f42d-bc3a-405f-bf07-8265a8a77aff@group-82AF4051E50B->9ff75243-8f90-489e-ad4c-fbb8c473db2a-AppendLogResponseHandler: Failed appendEntries: org.apache.ratis.thirdparty.io.grpc.StatusRuntimeException: UNAVAILABLE: io exception
2019-09-19 12:11:35,792 [grpc-default-executor-1] INFO  impl.FollowerInfo (FollowerInfo.java:lambda$new$0(51)) - a409f42d-bc3a-405f-bf07-8265a8a77aff@group-82AF4051E50B->9ff75243-8f90-489e-ad4c-fbb8c473db2a: nextIndex: updateUnconditionally 9 -> 8
2019-09-19 12:11:35,924 [java.util.concurrent.ThreadPoolExecutor$Worker@4f8ba3d5[State = -1, empty queue]] WARN  server.GrpcLogAppender (GrpcLogAppender.java:timeoutAppendRequest(200)) - 1b83d917-1d73-4cac-8d1d-dc3b4981903d@group-7041D5508450->7c8a32d9-49ab-449b-8cc8-032a8828a8ac-GrpcLogAppender: appendEntries Timeout, request=1b83d917-1d73-4cac-8d1d-dc3b4981903d->7c8a32d9-49ab-449b-8cc8-032a8828a8ac#194-t6, previous=(t:6, i:20), leaderCommit=16, initializing? false, entries: <empty>
2019-09-19 12:11:35,928 [grpc-default-executor-10] WARN  server.GrpcLogAppender (LogUtils.java:warn(134)) - 1b83d917-1d73-4cac-8d1d-dc3b4981903d@group-7041D5508450->4736e737-07ca-4f6d-84d7-0ed6bd660367-AppendLogResponseHandler: Failed appendEntries: org.apache.ratis.thirdparty.io.grpc.StatusRuntimeException: UNAVAILABLE: io exception
2019-09-19 12:11:35,929 [grpc-default-executor-10] INFO  impl.FollowerInfo (FollowerInfo.java:lambda$new$0(51)) - 1b83d917-1d73-4cac-8d1d-dc3b4981903d@group-7041D5508450->4736e737-07ca-4f6d-84d7-0ed6bd660367: nextIndex: updateUnconditionally 12 -> 11
2019-09-19 12:11:36,095 [grpc-default-executor-4] WARN  server.GrpcLogAppender (LogUtils.java:warn(134)) - 0536a24c-34e3-4c8a-9a31-895de5497f4a@group-11E1763585E1->03555e6f-e7ac-4c8b-ad84-7222370bb52c-AppendLogResponseHandler: Failed appendEntries: org.apache.ratis.thirdparty.io.grpc.StatusRuntimeException: UNAVAILABLE: io exception
2019-09-19 12:11:36,095 [grpc-default-executor-9] WARN  server.GrpcLogAppender (LogUtils.java:warn(134)) - 0536a24c-34e3-4c8a-9a31-895de5497f4a@group-11E1763585E1->35717865-8144-46c5-963e-0895e96939ac-AppendLogResponseHandler: Failed appendEntries: org.apache.ratis.thirdparty.io.grpc.StatusRuntimeException: UNAVAILABLE: io exception
2019-09-19 12:11:36,095 [grpc-default-executor-4] INFO  impl.FollowerInfo (FollowerInfo.java:lambda$new$0(51)) - 0536a24c-34e3-4c8a-9a31-895de5497f4a@group-11E1763585E1->03555e6f-e7ac-4c8b-ad84-7222370bb52c: nextIndex: updateUnconditionally 0 -> 0
2019-09-19 12:11:36,096 [grpc-default-executor-9] INFO  impl.FollowerInfo (FollowerInfo.java:lambda$new$0(51)) - 0536a24c-34e3-4c8a-9a31-895de5497f4a@group-11E1763585E1->35717865-8144-46c5-963e-0895e96939ac: nextIndex: updateUnconditionally 0 -> 0
2019-09-19 12:11:36,128 [a409f42d-bc3a-405f-bf07-8265a8a77aff@group-82AF4051E50B-SegmentedRaftLogWorker] WARN  segmented.SegmentedRaftLogWorker (SegmentedRaftLogWorker.java:getFromFuture(90)) - Timeout 5/~
org.apache.ratis.protocol.TimeoutIOException: Timeout 10s: WriteLog:16: (t:1, i:16), STATEMACHINELOGENTRY, client-57877EF1F934, cid=54-writeStateMachineData
	at org.apache.ratis.util.IOUtils.getFromFuture(IOUtils.java:87)
	at org.apache.ratis.server.raftlog.segmented.SegmentedRaftLogWorker$StateMachineDataPolicy.getFromFuture(SegmentedRaftLogWorker.java:87)
	at org.apache.ratis.server.raftlog.segmented.SegmentedRaftLogWorker$WriteLog.execute(SegmentedRaftLogWorker.java:477)
	at org.apache.ratis.server.raftlog.segmented.SegmentedRaftLogWorker.run(SegmentedRaftLogWorker.java:289)
	at java.lang.Thread.run(Thread.java:748)
Caused by: java.util.concurrent.TimeoutException
	at java.util.concurrent.CompletableFuture.timedGet(CompletableFuture.java:1771)
	at java.util.concurrent.CompletableFuture.get(CompletableFuture.java:1915)
	at org.apache.ratis.util.IOUtils.getFromFuture(IOUtils.java:79)
	... 4 more
2019-09-19 12:11:36,286 [java.util.concurrent.ThreadPoolExecutor$Worker@3ef0e39a[State = -1, empty queue]] WARN  server.GrpcLogAppender (GrpcLogAppender.java:timeoutAppendRequest(200)) - a409f42d-bc3a-405f-bf07-8265a8a77aff@group-82AF4051E50B->587dad1b-1a08-4278-9ac1-e315232e0934-GrpcLogAppender: appendEntries Timeout, request=a409f42d-bc3a-405f-bf07-8265a8a77aff->587dad1b-1a08-4278-9ac1-e315232e0934#209-t1, previous=(t:1, i:17), leaderCommit=13, initializing? false, entries: <empty>
2019-09-19 12:11:36,292 [grpc-default-executor-10] WARN  server.GrpcLogAppender (LogUtils.java:warn(134)) - a409f42d-bc3a-405f-bf07-8265a8a77aff@group-82AF4051E50B->9ff75243-8f90-489e-ad4c-fbb8c473db2a-AppendLogResponseHandler: Failed appendEntries: org.apache.ratis.thirdparty.io.grpc.StatusRuntimeException: UNAVAILABLE: io exception
2019-09-19 12:11:36,293 [grpc-default-executor-10] INFO  impl.FollowerInfo (FollowerInfo.java:lambda$new$0(51)) - a409f42d-bc3a-405f-bf07-8265a8a77aff@group-82AF4051E50B->9ff75243-8f90-489e-ad4c-fbb8c473db2a: nextIndex: updateUnconditionally 8 -> 7
2019-09-19 12:11:36,425 [java.util.concurrent.ThreadPoolExecutor$Worker@4f8ba3d5[State = -1, empty queue]] WARN  server.GrpcLogAppender (GrpcLogAppender.java:timeoutAppendRequest(200)) - 1b83d917-1d73-4cac-8d1d-dc3b4981903d@group-7041D5508450->7c8a32d9-49ab-449b-8cc8-032a8828a8ac-GrpcLogAppender: appendEntries Timeout, request=1b83d917-1d73-4cac-8d1d-dc3b4981903d->7c8a32d9-49ab-449b-8cc8-032a8828a8ac#195-t6, previous=(t:6, i:20), leaderCommit=16, initializing? false, entries: <empty>
2019-09-19 12:11:36,429 [grpc-default-executor-4] WARN  server.GrpcLogAppender (LogUtils.java:warn(134)) - 1b83d917-1d73-4cac-8d1d-dc3b4981903d@group-7041D5508450->4736e737-07ca-4f6d-84d7-0ed6bd660367-AppendLogResponseHandler: Failed appendEntries: org.apache.ratis.thirdparty.io.grpc.StatusRuntimeException: UNAVAILABLE: io exception
2019-09-19 12:11:36,429 [grpc-default-executor-4] INFO  impl.FollowerInfo (FollowerInfo.java:lambda$new$0(51)) - 1b83d917-1d73-4cac-8d1d-dc3b4981903d@group-7041D5508450->4736e737-07ca-4f6d-84d7-0ed6bd660367: nextIndex: updateUnconditionally 11 -> 10
2019-09-19 12:11:36,596 [grpc-default-executor-9] WARN  server.GrpcLogAppender (LogUtils.java:warn(134)) - 0536a24c-34e3-4c8a-9a31-895de5497f4a@group-11E1763585E1->03555e6f-e7ac-4c8b-ad84-7222370bb52c-AppendLogResponseHandler: Failed appendEntries: org.apache.ratis.thirdparty.io.grpc.StatusRuntimeException: UNAVAILABLE: io exception
2019-09-19 12:11:36,596 [grpc-default-executor-1] WARN  server.GrpcLogAppender (LogUtils.java:warn(134)) - 0536a24c-34e3-4c8a-9a31-895de5497f4a@group-11E1763585E1->35717865-8144-46c5-963e-0895e96939ac-AppendLogResponseHandler: Failed appendEntries: org.apache.ratis.thirdparty.io.grpc.StatusRuntimeException: UNAVAILABLE: io exception
2019-09-19 12:11:36,596 [grpc-default-executor-9] INFO  impl.FollowerInfo (FollowerInfo.java:lambda$new$0(51)) - 0536a24c-34e3-4c8a-9a31-895de5497f4a@group-11E1763585E1->03555e6f-e7ac-4c8b-ad84-7222370bb52c: nextIndex: updateUnconditionally 0 -> 0
2019-09-19 12:11:36,596 [grpc-default-executor-1] INFO  impl.FollowerInfo (FollowerInfo.java:lambda$new$0(51)) - 0536a24c-34e3-4c8a-9a31-895de5497f4a@group-11E1763585E1->35717865-8144-46c5-963e-0895e96939ac: nextIndex: updateUnconditionally 0 -> 0
2019-09-19 12:11:36,786 [java.util.concurrent.ThreadPoolExecutor$Worker@3ef0e39a[State = -1, empty queue]] WARN  server.GrpcLogAppender (GrpcLogAppender.java:timeoutAppendRequest(200)) - a409f42d-bc3a-405f-bf07-8265a8a77aff@group-82AF4051E50B->587dad1b-1a08-4278-9ac1-e315232e0934-GrpcLogAppender: appendEntries Timeout, request=a409f42d-bc3a-405f-bf07-8265a8a77aff->587dad1b-1a08-4278-9ac1-e315232e0934#210-t1, previous=(t:1, i:17), leaderCommit=13, initializing? false, entries: <empty>
2019-09-19 12:11:36,792 [grpc-default-executor-4] WARN  server.GrpcLogAppender (LogUtils.java:warn(134)) - a409f42d-bc3a-405f-bf07-8265a8a77aff@group-82AF4051E50B->9ff75243-8f90-489e-ad4c-fbb8c473db2a-AppendLogResponseHandler: Failed appendEntries: org.apache.ratis.thirdparty.io.grpc.StatusRuntimeException: UNAVAILABLE: io exception
2019-09-19 12:11:36,793 [grpc-default-executor-4] INFO  impl.FollowerInfo (FollowerInfo.java:lambda$new$0(51)) - a409f42d-bc3a-405f-bf07-8265a8a77aff@group-82AF4051E50B->9ff75243-8f90-489e-ad4c-fbb8c473db2a: nextIndex: updateUnconditionally 7 -> 6
2019-09-19 12:11:36,925 [java.util.concurrent.ThreadPoolExecutor$Worker@4f8ba3d5[State = -1, empty queue]] WARN  server.GrpcLogAppender (GrpcLogAppender.java:timeoutAppendRequest(200)) - 1b83d917-1d73-4cac-8d1d-dc3b4981903d@group-7041D5508450->7c8a32d9-49ab-449b-8cc8-032a8828a8ac-GrpcLogAppender: appendEntries Timeout, request=1b83d917-1d73-4cac-8d1d-dc3b4981903d->7c8a32d9-49ab-449b-8cc8-032a8828a8ac#196-t6, previous=(t:6, i:20), leaderCommit=16, initializing? false, entries: <empty>
2019-09-19 12:11:36,931 [grpc-default-executor-9] WARN  server.GrpcLogAppender (LogUtils.java:warn(134)) - 1b83d917-1d73-4cac-8d1d-dc3b4981903d@group-7041D5508450->4736e737-07ca-4f6d-84d7-0ed6bd660367-AppendLogResponseHandler: Failed appendEntries: org.apache.ratis.thirdparty.io.grpc.StatusRuntimeException: UNAVAILABLE: io exception
2019-09-19 12:11:36,931 [grpc-default-executor-9] INFO  impl.FollowerInfo (FollowerInfo.java:lambda$new$0(51)) - 1b83d917-1d73-4cac-8d1d-dc3b4981903d@group-7041D5508450->4736e737-07ca-4f6d-84d7-0ed6bd660367: nextIndex: updateUnconditionally 10 -> 9
2019-09-19 12:11:37,097 [grpc-default-executor-2] WARN  server.GrpcLogAppender (LogUtils.java:warn(134)) - 0536a24c-34e3-4c8a-9a31-895de5497f4a@group-11E1763585E1->35717865-8144-46c5-963e-0895e96939ac-AppendLogResponseHandler: Failed appendEntries: org.apache.ratis.thirdparty.io.grpc.StatusRuntimeException: UNAVAILABLE: io exception
2019-09-19 12:11:37,097 [grpc-default-executor-4] WARN  server.GrpcLogAppender (LogUtils.java:warn(134)) - 0536a24c-34e3-4c8a-9a31-895de5497f4a@group-11E1763585E1->03555e6f-e7ac-4c8b-ad84-7222370bb52c-AppendLogResponseHandler: Failed appendEntries: org.apache.ratis.thirdparty.io.grpc.StatusRuntimeException: UNAVAILABLE: io exception
2019-09-19 12:11:37,097 [grpc-default-executor-2] INFO  impl.FollowerInfo (FollowerInfo.java:lambda$new$0(51)) - 0536a24c-34e3-4c8a-9a31-895de5497f4a@group-11E1763585E1->35717865-8144-46c5-963e-0895e96939ac: nextIndex: updateUnconditionally 0 -> 0
2019-09-19 12:11:37,097 [grpc-default-executor-4] INFO  impl.FollowerInfo (FollowerInfo.java:lambda$new$0(51)) - 0536a24c-34e3-4c8a-9a31-895de5497f4a@group-11E1763585E1->03555e6f-e7ac-4c8b-ad84-7222370bb52c: nextIndex: updateUnconditionally 0 -> 0
2019-09-19 12:11:37,286 [java.util.concurrent.ThreadPoolExecutor$Worker@3ef0e39a[State = -1, empty queue]] WARN  server.GrpcLogAppender (GrpcLogAppender.java:timeoutAppendRequest(200)) - a409f42d-bc3a-405f-bf07-8265a8a77aff@group-82AF4051E50B->587dad1b-1a08-4278-9ac1-e315232e0934-GrpcLogAppender: appendEntries Timeout, request=a409f42d-bc3a-405f-bf07-8265a8a77aff->587dad1b-1a08-4278-9ac1-e315232e0934#211-t1, previous=(t:1, i:17), leaderCommit=13, initializing? false, entries: <empty>
2019-09-19 12:11:37,295 [grpc-default-executor-1] WARN  server.GrpcLogAppender (LogUtils.java:warn(134)) - a409f42d-bc3a-405f-bf07-8265a8a77aff@group-82AF4051E50B->9ff75243-8f90-489e-ad4c-fbb8c473db2a-AppendLogResponseHandler: Failed appendEntries: org.apache.ratis.thirdparty.io.grpc.StatusRuntimeException: UNAVAILABLE: io exception
2019-09-19 12:11:37,296 [grpc-default-executor-1] INFO  impl.FollowerInfo (FollowerInfo.java:lambda$new$0(51)) - a409f42d-bc3a-405f-bf07-8265a8a77aff@group-82AF4051E50B->9ff75243-8f90-489e-ad4c-fbb8c473db2a: nextIndex: updateUnconditionally 6 -> 5
2019-09-19 12:11:37,425 [java.util.concurrent.ThreadPoolExecutor$Worker@4f8ba3d5[State = -1, empty queue]] WARN  server.GrpcLogAppender (GrpcLogAppender.java:timeoutAppendRequest(200)) - 1b83d917-1d73-4cac-8d1d-dc3b4981903d@group-7041D5508450->7c8a32d9-49ab-449b-8cc8-032a8828a8ac-GrpcLogAppender: appendEntries Timeout, request=1b83d917-1d73-4cac-8d1d-dc3b4981903d->7c8a32d9-49ab-449b-8cc8-032a8828a8ac#197-t6, previous=(t:6, i:20), leaderCommit=16, initializing? false, entries: <empty>
2019-09-19 12:11:37,431 [grpc-default-executor-2] WARN  server.GrpcLogAppender (LogUtils.java:warn(134)) - 1b83d917-1d73-4cac-8d1d-dc3b4981903d@group-7041D5508450->4736e737-07ca-4f6d-84d7-0ed6bd660367-AppendLogResponseHandler: Failed appendEntries: org.apache.ratis.thirdparty.io.grpc.StatusRuntimeException: UNAVAILABLE: io exception
2019-09-19 12:11:37,431 [grpc-default-executor-2] INFO  impl.FollowerInfo (FollowerInfo.java:lambda$new$0(51)) - 1b83d917-1d73-4cac-8d1d-dc3b4981903d@group-7041D5508450->4736e737-07ca-4f6d-84d7-0ed6bd660367: nextIndex: updateUnconditionally 9 -> 8
2019-09-19 12:11:37,597 [grpc-default-executor-9] WARN  server.GrpcLogAppender (LogUtils.java:warn(134)) - 0536a24c-34e3-4c8a-9a31-895de5497f4a@group-11E1763585E1->03555e6f-e7ac-4c8b-ad84-7222370bb52c-AppendLogResponseHandler: Failed appendEntries: org.apache.ratis.thirdparty.io.grpc.StatusRuntimeException: UNAVAILABLE: io exception
2019-09-19 12:11:37,597 [grpc-default-executor-1] WARN  server.GrpcLogAppender (LogUtils.java:warn(134)) - 0536a24c-34e3-4c8a-9a31-895de5497f4a@group-11E1763585E1->35717865-8144-46c5-963e-0895e96939ac-AppendLogResponseHandler: Failed appendEntries: org.apache.ratis.thirdparty.io.grpc.StatusRuntimeException: UNAVAILABLE: io exception
2019-09-19 12:11:37,598 [grpc-default-executor-9] INFO  impl.FollowerInfo (FollowerInfo.java:lambda$new$0(51)) - 0536a24c-34e3-4c8a-9a31-895de5497f4a@group-11E1763585E1->03555e6f-e7ac-4c8b-ad84-7222370bb52c: nextIndex: updateUnconditionally 0 -> 0
2019-09-19 12:11:37,598 [grpc-default-executor-1] INFO  impl.FollowerInfo (FollowerInfo.java:lambda$new$0(51)) - 0536a24c-34e3-4c8a-9a31-895de5497f4a@group-11E1763585E1->35717865-8144-46c5-963e-0895e96939ac: nextIndex: updateUnconditionally 0 -> 0
2019-09-19 12:11:37,787 [java.util.concurrent.ThreadPoolExecutor$Worker@3ef0e39a[State = -1, empty queue]] WARN  server.GrpcLogAppender (GrpcLogAppender.java:timeoutAppendRequest(200)) - a409f42d-bc3a-405f-bf07-8265a8a77aff@group-82AF4051E50B->587dad1b-1a08-4278-9ac1-e315232e0934-GrpcLogAppender: appendEntries Timeout, request=a409f42d-bc3a-405f-bf07-8265a8a77aff->587dad1b-1a08-4278-9ac1-e315232e0934#212-t1, previous=(t:1, i:17), leaderCommit=13, initializing? false, entries: <empty>
2019-09-19 12:11:37,795 [grpc-default-executor-4] WARN  server.GrpcLogAppender (LogUtils.java:warn(134)) - a409f42d-bc3a-405f-bf07-8265a8a77aff@group-82AF4051E50B->9ff75243-8f90-489e-ad4c-fbb8c473db2a-AppendLogResponseHandler: Failed appendEntries: org.apache.ratis.thirdparty.io.grpc.StatusRuntimeException: UNAVAILABLE: io exception
2019-09-19 12:11:37,795 [grpc-default-executor-4] INFO  impl.FollowerInfo (FollowerInfo.java:lambda$new$0(51)) - a409f42d-bc3a-405f-bf07-8265a8a77aff@group-82AF4051E50B->9ff75243-8f90-489e-ad4c-fbb8c473db2a: nextIndex: updateUnconditionally 5 -> 4
2019-09-19 12:11:37,925 [java.util.concurrent.ThreadPoolExecutor$Worker@4f8ba3d5[State = -1, empty queue]] WARN  server.GrpcLogAppender (GrpcLogAppender.java:timeoutAppendRequest(200)) - 1b83d917-1d73-4cac-8d1d-dc3b4981903d@group-7041D5508450->7c8a32d9-49ab-449b-8cc8-032a8828a8ac-GrpcLogAppender: appendEntries Timeout, request=1b83d917-1d73-4cac-8d1d-dc3b4981903d->7c8a32d9-49ab-449b-8cc8-032a8828a8ac#198-t6, previous=(t:6, i:20), leaderCommit=16, initializing? false, entries: <empty>
2019-09-19 12:11:37,931 [grpc-default-executor-9] WARN  server.GrpcLogAppender (LogUtils.java:warn(134)) - 1b83d917-1d73-4cac-8d1d-dc3b4981903d@group-7041D5508450->4736e737-07ca-4f6d-84d7-0ed6bd660367-AppendLogResponseHandler: Failed appendEntries: org.apache.ratis.thirdparty.io.grpc.StatusRuntimeException: UNAVAILABLE: io exception
2019-09-19 12:11:37,932 [grpc-default-executor-9] INFO  impl.FollowerInfo (FollowerInfo.java:lambda$new$0(51)) - 1b83d917-1d73-4cac-8d1d-dc3b4981903d@group-7041D5508450->4736e737-07ca-4f6d-84d7-0ed6bd660367: nextIndex: updateUnconditionally 8 -> 7
2019-09-19 12:11:38,097 [grpc-default-executor-1] WARN  server.GrpcLogAppender (LogUtils.java:warn(134)) - 0536a24c-34e3-4c8a-9a31-895de5497f4a@group-11E1763585E1->35717865-8144-46c5-963e-0895e96939ac-AppendLogResponseHandler: Failed appendEntries: org.apache.ratis.thirdparty.io.grpc.StatusRuntimeException: UNAVAILABLE: io exception
2019-09-19 12:11:38,098 [grpc-default-executor-1] INFO  impl.FollowerInfo (FollowerInfo.java:lambda$new$0(51)) - 0536a24c-34e3-4c8a-9a31-895de5497f4a@group-11E1763585E1->35717865-8144-46c5-963e-0895e96939ac: nextIndex: updateUnconditionally 0 -> 0
2019-09-19 12:11:38,098 [grpc-default-executor-10] WARN  server.GrpcLogAppender (LogUtils.java:warn(134)) - 0536a24c-34e3-4c8a-9a31-895de5497f4a@group-11E1763585E1->03555e6f-e7ac-4c8b-ad84-7222370bb52c-AppendLogResponseHandler: Failed appendEntries: org.apache.ratis.thirdparty.io.grpc.StatusRuntimeException: UNAVAILABLE: io exception
2019-09-19 12:11:38,098 [grpc-default-executor-10] INFO  impl.FollowerInfo (FollowerInfo.java:lambda$new$0(51)) - 0536a24c-34e3-4c8a-9a31-895de5497f4a@group-11E1763585E1->03555e6f-e7ac-4c8b-ad84-7222370bb52c: nextIndex: updateUnconditionally 0 -> 0
2019-09-19 12:11:38,184 [ForkJoinPool.commonPool-worker-0] INFO  ozoneimpl.OzoneContainer (OzoneContainer.java:stop(231)) - Attempting to stop container services.
2019-09-19 12:11:38,184 [main] INFO  ozoneimpl.OzoneContainer (OzoneContainer.java:stop(231)) - Attempting to stop container services.
2019-09-19 12:11:38,185 [ForkJoinPool.commonPool-worker-0] INFO  impl.RaftServerProxy (RaftServerProxy.java:lambda$close$4(314)) - 0536a24c-34e3-4c8a-9a31-895de5497f4a: close
2019-09-19 12:11:38,185 [main] INFO  impl.RaftServerProxy (RaftServerProxy.java:lambda$close$4(314)) - 7c8a32d9-49ab-449b-8cc8-032a8828a8ac: close
2019-09-19 12:11:38,185 [ForkJoinPool.commonPool-worker-0] INFO  impl.RaftServerImpl (RaftServerImpl.java:lambda$shutdown$3(251)) - 0536a24c-34e3-4c8a-9a31-895de5497f4a@group-DA9D8D659A88: shutdown
2019-09-19 12:11:38,186 [main] INFO  impl.RaftServerImpl (RaftServerImpl.java:lambda$shutdown$3(251)) - 7c8a32d9-49ab-449b-8cc8-032a8828a8ac@group-7041D5508450: shutdown
2019-09-19 12:11:38,186 [ForkJoinPool.commonPool-worker-0] INFO  util.JmxRegister (JmxRegister.java:unregister(73)) - Successfully un-registered JMX Bean with object name Ratis:service=RaftServer,group=group-DA9D8D659A88,id=0536a24c-34e3-4c8a-9a31-895de5497f4a
2019-09-19 12:11:38,186 [main] INFO  util.JmxRegister (JmxRegister.java:unregister(73)) - Successfully un-registered JMX Bean with object name Ratis:service=RaftServer,group=group-7041D5508450,id=7c8a32d9-49ab-449b-8cc8-032a8828a8ac
2019-09-19 12:11:38,186 [ForkJoinPool.commonPool-worker-0] INFO  impl.RoleInfo (RoleInfo.java:shutdownLeaderState(104)) - 0536a24c-34e3-4c8a-9a31-895de5497f4a: shutdown LeaderState
2019-09-19 12:11:38,187 [main] INFO  impl.RoleInfo (RoleInfo.java:shutdownFollowerState(121)) - 7c8a32d9-49ab-449b-8cc8-032a8828a8ac: shutdown FollowerState
2019-09-19 12:11:38,187 [ForkJoinPool.commonPool-worker-0] INFO  impl.PendingRequests (PendingRequests.java:sendNotLeaderResponses(202)) - 0536a24c-34e3-4c8a-9a31-895de5497f4a-PendingRequests: sendNotLeaderResponses
2019-09-19 12:11:38,187 [Thread-597] INFO  impl.FollowerState (FollowerState.java:run(115)) - 7c8a32d9-49ab-449b-8cc8-032a8828a8ac: FollowerState was interrupted: java.lang.InterruptedException: sleep interrupted
2019-09-19 12:11:38,187 [7c8a32d9-49ab-449b-8cc8-032a8828a8ac@group-7041D5508450-StateMachineUpdater] INFO  ratis.ContainerStateMachine (ContainerStateMachine.java:takeSnapshot(289)) - group-7041D5508450: Taking a snapshot at:(t:6, i:12) file /workdir/hadoop-ozone/integration-test/target/test-dir/MiniOzoneClusterImpl-41742b35-60e3-4bf6-81de-f25e83920b6f/datanode-6/data/ratis/293346ac-77ad-4ab0-9118-7041d5508450/sm/snapshot.6_12
2019-09-19 12:11:38,187 [main] INFO  impl.StateMachineUpdater (StateMachineUpdater.java:stopAndJoin(125)) - 7c8a32d9-49ab-449b-8cc8-032a8828a8ac@group-7041D5508450-StateMachineUpdater: set stopIndex = 16
2019-09-19 12:11:38,189 [ForkJoinPool.commonPool-worker-0] INFO  impl.StateMachineUpdater (StateMachineUpdater.java:stopAndJoin(125)) - 0536a24c-34e3-4c8a-9a31-895de5497f4a@group-DA9D8D659A88-StateMachineUpdater: set stopIndex = 0
2019-09-19 12:11:38,190 [ForkJoinPool.commonPool-worker-0] INFO  impl.RaftServerImpl (ServerState.java:close(385)) - 0536a24c-34e3-4c8a-9a31-895de5497f4a@group-DA9D8D659A88: closes. applyIndex: 0
2019-09-19 12:11:38,191 [0536a24c-34e3-4c8a-9a31-895de5497f4a@group-DA9D8D659A88-SegmentedRaftLogWorker] INFO  segmented.SegmentedRaftLogWorker (SegmentedRaftLogWorker.java:run(313)) - 0536a24c-34e3-4c8a-9a31-895de5497f4a@group-DA9D8D659A88-SegmentedRaftLogWorker was interrupted, exiting. There are 0 tasks remaining in the queue.
2019-09-19 12:11:38,202 [ForkJoinPool.commonPool-worker-0] INFO  segmented.SegmentedRaftLogWorker (SegmentedRaftLogWorker.java:close(228)) - 0536a24c-34e3-4c8a-9a31-895de5497f4a@group-DA9D8D659A88-SegmentedRaftLogWorker close()
2019-09-19 12:11:38,205 [ForkJoinPool.commonPool-worker-0] INFO  impl.RaftServerImpl (RaftServerImpl.java:lambda$shutdown$3(251)) - 0536a24c-34e3-4c8a-9a31-895de5497f4a@group-11E1763585E1: shutdown
2019-09-19 12:11:38,205 [7c8a32d9-49ab-449b-8cc8-032a8828a8ac@group-7041D5508450-StateMachineUpdater] INFO  ratis.ContainerStateMachine (ContainerStateMachine.java:takeSnapshot(300)) - group-7041D5508450: Finished taking a snapshot at:(t:6, i:12) file:/workdir/hadoop-ozone/integration-test/target/test-dir/MiniOzoneClusterImpl-41742b35-60e3-4bf6-81de-f25e83920b6f/datanode-6/data/ratis/293346ac-77ad-4ab0-9118-7041d5508450/sm/snapshot.6_12 time:17
2019-09-19 12:11:38,205 [ForkJoinPool.commonPool-worker-0] INFO  util.JmxRegister (JmxRegister.java:unregister(73)) - Successfully un-registered JMX Bean with object name Ratis:service=RaftServer,group=group-11E1763585E1,id=0536a24c-34e3-4c8a-9a31-895de5497f4a
2019-09-19 12:11:38,205 [7c8a32d9-49ab-449b-8cc8-032a8828a8ac@group-7041D5508450-StateMachineUpdater] INFO  impl.StateMachineUpdater (StateMachineUpdater.java:takeSnapshot(258)) - 7c8a32d9-49ab-449b-8cc8-032a8828a8ac@group-7041D5508450-StateMachineUpdater: Took a snapshot at index 12
2019-09-19 12:11:38,205 [ForkJoinPool.commonPool-worker-0] INFO  impl.RoleInfo (RoleInfo.java:shutdownLeaderState(104)) - 0536a24c-34e3-4c8a-9a31-895de5497f4a: shutdown LeaderState
2019-09-19 12:11:38,206 [7c8a32d9-49ab-449b-8cc8-032a8828a8ac@group-7041D5508450-StateMachineUpdater] INFO  impl.StateMachineUpdater (StateMachineUpdater.java:lambda$new$0(83)) - 7c8a32d9-49ab-449b-8cc8-032a8828a8ac@group-7041D5508450-StateMachineUpdater: snapshotIndex: updateIncreasingly -1 -> 12
2019-09-19 12:11:38,208 [ForkJoinPool.commonPool-worker-0] INFO  impl.PendingRequests (PendingRequests.java:sendNotLeaderResponses(202)) - 0536a24c-34e3-4c8a-9a31-895de5497f4a-PendingRequests: sendNotLeaderResponses
2019-09-19 12:11:38,208 [org.apache.ratis.server.impl.LogAppender$AppenderDaemon$$Lambda$486/1978513215@5bec6b6d] WARN  server.GrpcLogAppender (GrpcLogAppender.java:mayWait(143)) - 0536a24c-34e3-4c8a-9a31-895de5497f4a@group-11E1763585E1->03555e6f-e7ac-4c8b-ad84-7222370bb52c-GrpcLogAppender: Wait interrupted by java.lang.InterruptedException
2019-09-19 12:11:38,208 [7c8a32d9-49ab-449b-8cc8-032a8828a8ac@group-7041D5508450-StateMachineUpdater] INFO  ratis.ContainerStateMachine (ContainerStateMachine.java:takeSnapshot(289)) - group-7041D5508450: Taking a snapshot at:(t:6, i:12) file /workdir/hadoop-ozone/integration-test/target/test-dir/MiniOzoneClusterImpl-41742b35-60e3-4bf6-81de-f25e83920b6f/datanode-6/data/ratis/293346ac-77ad-4ab0-9118-7041d5508450/sm/snapshot.6_12
2019-09-19 12:11:38,208 [org.apache.ratis.server.impl.LogAppender$AppenderDaemon$$Lambda$486/1978513215@41b8740a] WARN  server.GrpcLogAppender (GrpcLogAppender.java:mayWait(143)) - 0536a24c-34e3-4c8a-9a31-895de5497f4a@group-11E1763585E1->35717865-8144-46c5-963e-0895e96939ac-GrpcLogAppender: Wait interrupted by java.lang.InterruptedException
2019-09-19 12:11:38,212 [ForkJoinPool.commonPool-worker-0] INFO  impl.StateMachineUpdater (StateMachineUpdater.java:stopAndJoin(125)) - 0536a24c-34e3-4c8a-9a31-895de5497f4a@group-11E1763585E1-StateMachineUpdater: set stopIndex = 28
2019-09-19 12:11:38,212 [0536a24c-34e3-4c8a-9a31-895de5497f4a@group-11E1763585E1-StateMachineUpdater] INFO  ratis.ContainerStateMachine (ContainerStateMachine.java:takeSnapshot(289)) - group-11E1763585E1: Taking a snapshot at:(t:1, i:26) file /workdir/hadoop-ozone/integration-test/target/test-dir/MiniOzoneClusterImpl-41742b35-60e3-4bf6-81de-f25e83920b6f/datanode-3/data/ratis/aed8ff52-0610-457a-8f1b-11e1763585e1/sm/snapshot.1_26
2019-09-19 12:11:38,222 [0536a24c-34e3-4c8a-9a31-895de5497f4a@group-11E1763585E1-StateMachineUpdater] INFO  ratis.ContainerStateMachine (ContainerStateMachine.java:takeSnapshot(300)) - group-11E1763585E1: Finished taking a snapshot at:(t:1, i:26) file:/workdir/hadoop-ozone/integration-test/target/test-dir/MiniOzoneClusterImpl-41742b35-60e3-4bf6-81de-f25e83920b6f/datanode-3/data/ratis/aed8ff52-0610-457a-8f1b-11e1763585e1/sm/snapshot.1_26 time:10
2019-09-19 12:11:38,222 [7c8a32d9-49ab-449b-8cc8-032a8828a8ac@group-7041D5508450-StateMachineUpdater] INFO  ratis.ContainerStateMachine (ContainerStateMachine.java:takeSnapshot(300)) - group-7041D5508450: Finished taking a snapshot at:(t:6, i:12) file:/workdir/hadoop-ozone/integration-test/target/test-dir/MiniOzoneClusterImpl-41742b35-60e3-4bf6-81de-f25e83920b6f/datanode-6/data/ratis/293346ac-77ad-4ab0-9118-7041d5508450/sm/snapshot.6_12 time:14
2019-09-19 12:11:38,222 [0536a24c-34e3-4c8a-9a31-895de5497f4a@group-11E1763585E1-StateMachineUpdater] INFO  impl.StateMachineUpdater (StateMachineUpdater.java:takeSnapshot(258)) - 0536a24c-34e3-4c8a-9a31-895de5497f4a@group-11E1763585E1-StateMachineUpdater: Took a snapshot at index 26
2019-09-19 12:11:38,222 [7c8a32d9-49ab-449b-8cc8-032a8828a8ac@group-7041D5508450-StateMachineUpdater] INFO  impl.StateMachineUpdater (StateMachineUpdater.java:takeSnapshot(258)) - 7c8a32d9-49ab-449b-8cc8-032a8828a8ac@group-7041D5508450-StateMachineUpdater: Took a snapshot at index 12
2019-09-19 12:11:38,222 [0536a24c-34e3-4c8a-9a31-895de5497f4a@group-11E1763585E1-StateMachineUpdater] INFO  impl.StateMachineUpdater (StateMachineUpdater.java:lambda$new$0(83)) - 0536a24c-34e3-4c8a-9a31-895de5497f4a@group-11E1763585E1-StateMachineUpdater: snapshotIndex: updateIncreasingly -1 -> 26
2019-09-19 12:11:38,222 [7c8a32d9-49ab-449b-8cc8-032a8828a8ac@group-7041D5508450-StateMachineUpdater] INFO  impl.StateMachineUpdater (StateMachineUpdater.java:lambda$new$0(83)) - 7c8a32d9-49ab-449b-8cc8-032a8828a8ac@group-7041D5508450-StateMachineUpdater: snapshotIndex: updateIncreasingly 12 -> 12
2019-09-19 12:11:38,223 [0536a24c-34e3-4c8a-9a31-895de5497f4a@group-11E1763585E1-StateMachineUpdater] INFO  ratis.ContainerStateMachine (ContainerStateMachine.java:takeSnapshot(289)) - group-11E1763585E1: Taking a snapshot at:(t:1, i:26) file /workdir/hadoop-ozone/integration-test/target/test-dir/MiniOzoneClusterImpl-41742b35-60e3-4bf6-81de-f25e83920b6f/datanode-3/data/ratis/aed8ff52-0610-457a-8f1b-11e1763585e1/sm/snapshot.1_26
2019-09-19 12:11:38,223 [main] INFO  impl.RaftServerImpl (ServerState.java:close(385)) - 7c8a32d9-49ab-449b-8cc8-032a8828a8ac@group-7041D5508450: closes. applyIndex: 16
2019-09-19 12:11:38,225 [7c8a32d9-49ab-449b-8cc8-032a8828a8ac@group-7041D5508450-SegmentedRaftLogWorker] ERROR ratis.XceiverServerRatis (XceiverServerRatis.java:triggerPipelineClose(572)) - pipeline Action CLOSE  on pipeline PipelineID=293346ac-77ad-4ab0-9118-7041d5508450.Reason : WriteLog:17: (t:6, i:17), STATEMACHINELOGENTRY, client-F1DE9C258D1C, cid=38-writeStateMachineData interrupted.
2019-09-19 12:11:38,227 [main] INFO  segmented.SegmentedRaftLogWorker (SegmentedRaftLogWorker.java:close(228)) - 7c8a32d9-49ab-449b-8cc8-032a8828a8ac@group-7041D5508450-SegmentedRaftLogWorker close()
2019-09-19 12:11:38,235 [main] INFO  impl.RaftServerImpl (RaftServerImpl.java:lambda$shutdown$3(251)) - 7c8a32d9-49ab-449b-8cc8-032a8828a8ac@group-3F562E8F0E58: shutdown
2019-09-19 12:11:38,236 [main] INFO  util.JmxRegister (JmxRegister.java:unregister(73)) - Successfully un-registered JMX Bean with object name Ratis:service=RaftServer,group=group-3F562E8F0E58,id=7c8a32d9-49ab-449b-8cc8-032a8828a8ac
2019-09-19 12:11:38,236 [0536a24c-34e3-4c8a-9a31-895de5497f4a@group-11E1763585E1-StateMachineUpdater] INFO  ratis.ContainerStateMachine (ContainerStateMachine.java:takeSnapshot(300)) - group-11E1763585E1: Finished taking a snapshot at:(t:1, i:26) file:/workdir/hadoop-ozone/integration-test/target/test-dir/MiniOzoneClusterImpl-41742b35-60e3-4bf6-81de-f25e83920b6f/datanode-3/data/ratis/aed8ff52-0610-457a-8f1b-11e1763585e1/sm/snapshot.1_26 time:14
2019-09-19 12:11:38,236 [main] INFO  impl.RoleInfo (RoleInfo.java:shutdownLeaderState(104)) - 7c8a32d9-49ab-449b-8cc8-032a8828a8ac: shutdown LeaderState
2019-09-19 12:11:38,236 [0536a24c-34e3-4c8a-9a31-895de5497f4a@group-11E1763585E1-StateMachineUpdater] INFO  impl.StateMachineUpdater (StateMachineUpdater.java:takeSnapshot(258)) - 0536a24c-34e3-4c8a-9a31-895de5497f4a@group-11E1763585E1-StateMachineUpdater: Took a snapshot at index 26
2019-09-19 12:11:38,237 [main] INFO  impl.PendingRequests (PendingRequests.java:sendNotLeaderResponses(202)) - 7c8a32d9-49ab-449b-8cc8-032a8828a8ac-PendingRequests: sendNotLeaderResponses
2019-09-19 12:11:38,237 [0536a24c-34e3-4c8a-9a31-895de5497f4a@group-11E1763585E1-StateMachineUpdater] INFO  impl.StateMachineUpdater (StateMachineUpdater.java:lambda$new$0(83)) - 0536a24c-34e3-4c8a-9a31-895de5497f4a@group-11E1763585E1-StateMachineUpdater: snapshotIndex: updateIncreasingly 26 -> 26
2019-09-19 12:11:38,237 [main] INFO  impl.StateMachineUpdater (StateMachineUpdater.java:stopAndJoin(125)) - 7c8a32d9-49ab-449b-8cc8-032a8828a8ac@group-3F562E8F0E58-StateMachineUpdater: set stopIndex = 0
2019-09-19 12:11:38,238 [ForkJoinPool.commonPool-worker-0] INFO  impl.RaftServerImpl (ServerState.java:close(385)) - 0536a24c-34e3-4c8a-9a31-895de5497f4a@group-11E1763585E1: closes. applyIndex: 28
2019-09-19 12:11:38,238 [main] INFO  impl.RaftServerImpl (ServerState.java:close(385)) - 7c8a32d9-49ab-449b-8cc8-032a8828a8ac@group-3F562E8F0E58: closes. applyIndex: 0
2019-09-19 12:11:38,239 [0536a24c-34e3-4c8a-9a31-895de5497f4a@group-11E1763585E1-SegmentedRaftLogWorker] INFO  segmented.SegmentedRaftLogWorker (SegmentedRaftLogWorker.java:run(313)) - 0536a24c-34e3-4c8a-9a31-895de5497f4a@group-11E1763585E1-SegmentedRaftLogWorker was interrupted, exiting. There are 0 tasks remaining in the queue.
2019-09-19 12:11:38,239 [7c8a32d9-49ab-449b-8cc8-032a8828a8ac@group-3F562E8F0E58-SegmentedRaftLogWorker] INFO  segmented.SegmentedRaftLogWorker (SegmentedRaftLogWorker.java:run(313)) - 7c8a32d9-49ab-449b-8cc8-032a8828a8ac@group-3F562E8F0E58-SegmentedRaftLogWorker was interrupted, exiting. There are 0 tasks remaining in the queue.
2019-09-19 12:11:38,239 [ForkJoinPool.commonPool-worker-0] INFO  segmented.SegmentedRaftLogWorker (SegmentedRaftLogWorker.java:close(228)) - 0536a24c-34e3-4c8a-9a31-895de5497f4a@group-11E1763585E1-SegmentedRaftLogWorker close()
2019-09-19 12:11:38,239 [main] INFO  segmented.SegmentedRaftLogWorker (SegmentedRaftLogWorker.java:close(228)) - 7c8a32d9-49ab-449b-8cc8-032a8828a8ac@group-3F562E8F0E58-SegmentedRaftLogWorker close()
2019-09-19 12:11:38,242 [ForkJoinPool.commonPool-worker-0] INFO  server.GrpcService (GrpcService.java:closeImpl(164)) - 0536a24c-34e3-4c8a-9a31-895de5497f4a: shutdown server with port 36571 now
2019-09-19 12:11:38,245 [main] INFO  server.GrpcService (GrpcService.java:closeImpl(164)) - 7c8a32d9-49ab-449b-8cc8-032a8828a8ac: shutdown server with port 41017 now
2019-09-19 12:11:38,245 [ForkJoinPool.commonPool-worker-0] INFO  server.GrpcService (GrpcService.java:closeImpl(172)) - 0536a24c-34e3-4c8a-9a31-895de5497f4a: shutdown server with port 36571 successfully
2019-09-19 12:11:38,246 [main] INFO  server.GrpcService (GrpcService.java:closeImpl(172)) - 7c8a32d9-49ab-449b-8cc8-032a8828a8ac: shutdown server with port 41017 successfully
2019-09-19 12:11:38,246 [grpc-default-executor-1] WARN  server.GrpcServerProtocolService (LogUtils.java:warn(134)) - 7c8a32d9-49ab-449b-8cc8-032a8828a8ac: installSnapshot onError, lastRequest: 1b83d917-1d73-4cac-8d1d-dc3b4981903d->7c8a32d9-49ab-449b-8cc8-032a8828a8ac#204-t6, previous=(t:6, i:20), leaderCommit=16, initializing? false, entries: <empty>: org.apache.ratis.thirdparty.io.grpc.StatusRuntimeException: CANCELLED: cancelled before receiving half close
2019-09-19 12:11:38,246 [grpc-default-executor-4] WARN  server.GrpcLogAppender (LogUtils.java:warn(134)) - 1b83d917-1d73-4cac-8d1d-dc3b4981903d@group-7041D5508450->7c8a32d9-49ab-449b-8cc8-032a8828a8ac-AppendLogResponseHandler: Failed appendEntries: org.apache.ratis.thirdparty.io.grpc.StatusRuntimeException: CANCELLED: HTTP/2 error code: CANCEL
Received Rst Stream
2019-09-19 12:11:38,247 [grpc-default-executor-4] INFO  impl.FollowerInfo (FollowerInfo.java:lambda$new$0(51)) - 1b83d917-1d73-4cac-8d1d-dc3b4981903d@group-7041D5508450->7c8a32d9-49ab-449b-8cc8-032a8828a8ac: nextIndex: updateUnconditionally 21 -> 17
2019-09-19 12:11:38,248 [refreshUsed-/workdir/hadoop-ozone/integration-test/target/test-dir/MiniOzoneClusterImpl-41742b35-60e3-4bf6-81de-f25e83920b6f/datanode-3/data/containers] WARN  fs.CachingGetSpaceUsed (CachingGetSpaceUsed.java:run(183)) - Thread Interrupted waiting to refresh disk information: sleep interrupted
2019-09-19 12:11:38,248 [refreshUsed-/workdir/hadoop-ozone/integration-test/target/test-dir/MiniOzoneClusterImpl-41742b35-60e3-4bf6-81de-f25e83920b6f/datanode-6/data/containers] WARN  fs.CachingGetSpaceUsed (CachingGetSpaceUsed.java:run(183)) - Thread Interrupted waiting to refresh disk information: sleep interrupted
2019-09-19 12:11:38,270 [main] INFO  utils.BackgroundService (BackgroundService.java:shutdown(148)) - Shutting down service BlockDeletingService
2019-09-19 12:11:38,275 [main] INFO  statemachine.DatanodeStateMachine (DatanodeStateMachine.java:stopDaemon(395)) - Ozone container server stopped.
2019-09-19 12:11:38,277 [ForkJoinPool.commonPool-worker-0] INFO  utils.BackgroundService (BackgroundService.java:shutdown(148)) - Shutting down service BlockDeletingService
2019-09-19 12:11:38,277 [main] INFO  handler.ContextHandler (ContextHandler.java:doStop(910)) - Stopped o.e.j.w.WebAppContext@64db4967{/,null,UNAVAILABLE}{/hddsDatanode}
2019-09-19 12:11:38,282 [ForkJoinPool.commonPool-worker-0] INFO  statemachine.DatanodeStateMachine (DatanodeStateMachine.java:stopDaemon(395)) - Ozone container server stopped.
2019-09-19 12:11:38,283 [main] INFO  server.AbstractConnector (AbstractConnector.java:doStop(318)) - Stopped ServerConnector@74e6094b{HTTP/1.1,[http/1.1]}{0.0.0.0:0}
2019-09-19 12:11:38,286 [main] INFO  handler.ContextHandler (ContextHandler.java:doStop(910)) - Stopped o.e.j.s.ServletContextHandler@72fd8a3c{/static,jar:file:/home/user/.m2/repository/org/apache/hadoop/hadoop-hdds-container-service/0.5.0-SNAPSHOT/hadoop-hdds-container-service-0.5.0-SNAPSHOT.jar!/webapps/static,UNAVAILABLE}
2019-09-19 12:11:38,288 [java.util.concurrent.ThreadPoolExecutor$Worker@3ef0e39a[State = -1, empty queue]] WARN  server.GrpcLogAppender (GrpcLogAppender.java:timeoutAppendRequest(200)) - a409f42d-bc3a-405f-bf07-8265a8a77aff@group-82AF4051E50B->587dad1b-1a08-4278-9ac1-e315232e0934-GrpcLogAppender: appendEntries Timeout, request=a409f42d-bc3a-405f-bf07-8265a8a77aff->587dad1b-1a08-4278-9ac1-e315232e0934#213-t1, previous=(t:1, i:17), leaderCommit=13, initializing? false, entries: <empty>
2019-09-19 12:11:38,288 [ForkJoinPool.commonPool-worker-0] INFO  handler.ContextHandler (ContextHandler.java:doStop(910)) - Stopped o.e.j.w.WebAppContext@1716e8c5{/,null,UNAVAILABLE}{/hddsDatanode}
2019-09-19 12:11:38,288 [main] INFO  handler.ContextHandler (ContextHandler.java:doStop(910)) - Stopped o.e.j.s.ServletContextHandler@3b920bdc{/logs,file:///workdir/hadoop-ozone/integration-test/target/log,UNAVAILABLE}
2019-09-19 12:11:38,289 [ForkJoinPool.commonPool-worker-0] INFO  server.AbstractConnector (AbstractConnector.java:doStop(318)) - Stopped ServerConnector@6573d2f7{HTTP/1.1,[http/1.1]}{0.0.0.0:0}
2019-09-19 12:11:38,291 [ForkJoinPool.commonPool-worker-0] INFO  handler.ContextHandler (ContextHandler.java:doStop(910)) - Stopped o.e.j.s.ServletContextHandler@27d33393{/static,jar:file:/home/user/.m2/repository/org/apache/hadoop/hadoop-hdds-container-service/0.5.0-SNAPSHOT/hadoop-hdds-container-service-0.5.0-SNAPSHOT.jar!/webapps/static,UNAVAILABLE}
2019-09-19 12:11:38,293 [ForkJoinPool.commonPool-worker-0] INFO  handler.ContextHandler (ContextHandler.java:doStop(910)) - Stopped o.e.j.s.ServletContextHandler@53b7ce6{/logs,file:///workdir/hadoop-ozone/integration-test/target/log,UNAVAILABLE}
2019-09-19 12:11:38,295 [grpc-default-executor-9] WARN  server.GrpcLogAppender (LogUtils.java:warn(134)) - a409f42d-bc3a-405f-bf07-8265a8a77aff@group-82AF4051E50B->9ff75243-8f90-489e-ad4c-fbb8c473db2a-AppendLogResponseHandler: Failed appendEntries: org.apache.ratis.thirdparty.io.grpc.StatusRuntimeException: UNAVAILABLE: io exception
2019-09-19 12:11:38,295 [grpc-default-executor-9] INFO  impl.FollowerInfo (FollowerInfo.java:lambda$new$0(51)) - a409f42d-bc3a-405f-bf07-8265a8a77aff@group-82AF4051E50B->9ff75243-8f90-489e-ad4c-fbb8c473db2a: nextIndex: updateUnconditionally 4 -> 3
2019-09-19 12:11:38,394 [Datanode State Machine Thread - 0] INFO  statemachine.DatanodeStateMachine (DatanodeStateMachine.java:lambda$startDaemon$0(350)) - Ozone container server started.
2019-09-19 12:11:38,431 [grpc-default-executor-9] WARN  server.GrpcLogAppender (LogUtils.java:warn(134)) - 1b83d917-1d73-4cac-8d1d-dc3b4981903d@group-7041D5508450->7c8a32d9-49ab-449b-8cc8-032a8828a8ac-AppendLogResponseHandler: Failed appendEntries: org.apache.ratis.thirdparty.io.grpc.StatusRuntimeException: UNAVAILABLE: io exception
2019-09-19 12:11:38,431 [grpc-default-executor-9] INFO  impl.FollowerInfo (FollowerInfo.java:lambda$new$0(51)) - 1b83d917-1d73-4cac-8d1d-dc3b4981903d@group-7041D5508450->7c8a32d9-49ab-449b-8cc8-032a8828a8ac: nextIndex: updateUnconditionally 17 -> 16
2019-09-19 12:11:38,432 [grpc-default-executor-10] WARN  server.GrpcLogAppender (LogUtils.java:warn(134)) - 1b83d917-1d73-4cac-8d1d-dc3b4981903d@group-7041D5508450->4736e737-07ca-4f6d-84d7-0ed6bd660367-AppendLogResponseHandler: Failed appendEntries: org.apache.ratis.thirdparty.io.grpc.StatusRuntimeException: UNAVAILABLE: io exception
2019-09-19 12:11:38,432 [grpc-default-executor-10] INFO  impl.FollowerInfo (FollowerInfo.java:lambda$new$0(51)) - 1b83d917-1d73-4cac-8d1d-dc3b4981903d@group-7041D5508450->4736e737-07ca-4f6d-84d7-0ed6bd660367: nextIndex: updateUnconditionally 7 -> 6
2019-09-19 12:11:38,787 [java.util.concurrent.ThreadPoolExecutor$Worker@3ef0e39a[State = -1, empty queue]] WARN  server.GrpcLogAppender (GrpcLogAppender.java:timeoutAppendRequest(200)) - a409f42d-bc3a-405f-bf07-8265a8a77aff@group-82AF4051E50B->587dad1b-1a08-4278-9ac1-e315232e0934-GrpcLogAppender: appendEntries Timeout, request=a409f42d-bc3a-405f-bf07-8265a8a77aff->587dad1b-1a08-4278-9ac1-e315232e0934#214-t1, previous=(t:1, i:17), leaderCommit=13, initializing? false, entries: <empty>
2019-09-19 12:11:38,796 [grpc-default-executor-10] WARN  server.GrpcLogAppender (LogUtils.java:warn(134)) - a409f42d-bc3a-405f-bf07-8265a8a77aff@group-82AF4051E50B->9ff75243-8f90-489e-ad4c-fbb8c473db2a-AppendLogResponseHandler: Failed appendEntries: org.apache.ratis.thirdparty.io.grpc.StatusRuntimeException: UNAVAILABLE: io exception
2019-09-19 12:11:38,796 [grpc-default-executor-10] INFO  impl.FollowerInfo (FollowerInfo.java:lambda$new$0(51)) - a409f42d-bc3a-405f-bf07-8265a8a77aff@group-82AF4051E50B->9ff75243-8f90-489e-ad4c-fbb8c473db2a: nextIndex: updateUnconditionally 3 -> 2
2019-09-19 12:11:38,929 [grpc-default-executor-4] WARN  server.GrpcLogAppender (LogUtils.java:warn(134)) - 1b83d917-1d73-4cac-8d1d-dc3b4981903d@group-7041D5508450->7c8a32d9-49ab-449b-8cc8-032a8828a8ac-AppendLogResponseHandler: Failed appendEntries: org.apache.ratis.thirdparty.io.grpc.StatusRuntimeException: UNAVAILABLE: io exception
2019-09-19 12:11:38,930 [grpc-default-executor-4] INFO  impl.FollowerInfo (FollowerInfo.java:lambda$new$0(51)) - 1b83d917-1d73-4cac-8d1d-dc3b4981903d@group-7041D5508450->7c8a32d9-49ab-449b-8cc8-032a8828a8ac: nextIndex: updateUnconditionally 16 -> 15
2019-09-19 12:11:38,932 [grpc-default-executor-10] WARN  server.GrpcLogAppender (LogUtils.java:warn(134)) - 1b83d917-1d73-4cac-8d1d-dc3b4981903d@group-7041D5508450->4736e737-07ca-4f6d-84d7-0ed6bd660367-AppendLogResponseHandler: Failed appendEntries: org.apache.ratis.thirdparty.io.grpc.StatusRuntimeException: UNAVAILABLE: io exception
2019-09-19 12:11:38,932 [grpc-default-executor-10] INFO  impl.FollowerInfo (FollowerInfo.java:lambda$new$0(51)) - 1b83d917-1d73-4cac-8d1d-dc3b4981903d@group-7041D5508450->4736e737-07ca-4f6d-84d7-0ed6bd660367: nextIndex: updateUnconditionally 6 -> 5
2019-09-19 12:11:39,144 [Datanode State Machine Thread - 0] INFO  statemachine.DatanodeStateMachine (DatanodeStateMachine.java:lambda$startDaemon$0(350)) - Ozone container server started.
2019-09-19 12:11:39,288 [java.util.concurrent.ThreadPoolExecutor$Worker@3ef0e39a[State = -1, empty queue]] WARN  server.GrpcLogAppender (GrpcLogAppender.java:timeoutAppendRequest(200)) - a409f42d-bc3a-405f-bf07-8265a8a77aff@group-82AF4051E50B->587dad1b-1a08-4278-9ac1-e315232e0934-GrpcLogAppender: appendEntries Timeout, request=a409f42d-bc3a-405f-bf07-8265a8a77aff->587dad1b-1a08-4278-9ac1-e315232e0934#215-t1, previous=(t:1, i:17), leaderCommit=13, initializing? false, entries: <empty>
2019-09-19 12:11:39,296 [grpc-default-executor-1] WARN  server.GrpcLogAppender (LogUtils.java:warn(134)) - a409f42d-bc3a-405f-bf07-8265a8a77aff@group-82AF4051E50B->9ff75243-8f90-489e-ad4c-fbb8c473db2a-AppendLogResponseHandler: Failed appendEntries: org.apache.ratis.thirdparty.io.grpc.StatusRuntimeException: UNAVAILABLE: io exception
2019-09-19 12:11:39,297 [grpc-default-executor-1] INFO  impl.FollowerInfo (FollowerInfo.java:lambda$new$0(51)) - a409f42d-bc3a-405f-bf07-8265a8a77aff@group-82AF4051E50B->9ff75243-8f90-489e-ad4c-fbb8c473db2a: nextIndex: updateUnconditionally 2 -> 1
2019-09-19 12:11:39,374 [1b83d917-1d73-4cac-8d1d-dc3b4981903d@group-7041D5508450-SegmentedRaftLogWorker] WARN  segmented.SegmentedRaftLogWorker (SegmentedRaftLogWorker.java:getFromFuture(90)) - Timeout 8/~
org.apache.ratis.protocol.TimeoutIOException: Timeout 10s: WriteLog:19: (t:6, i:19), STATEMACHINELOGENTRY, client-F1DE9C258D1C, cid=40-writeStateMachineData
	at org.apache.ratis.util.IOUtils.getFromFuture(IOUtils.java:87)
	at org.apache.ratis.server.raftlog.segmented.SegmentedRaftLogWorker$StateMachineDataPolicy.getFromFuture(SegmentedRaftLogWorker.java:87)
	at org.apache.ratis.server.raftlog.segmented.SegmentedRaftLogWorker$WriteLog.execute(SegmentedRaftLogWorker.java:477)
	at org.apache.ratis.server.raftlog.segmented.SegmentedRaftLogWorker.run(SegmentedRaftLogWorker.java:289)
	at java.lang.Thread.run(Thread.java:748)
Caused by: java.util.concurrent.TimeoutException
	at java.util.concurrent.CompletableFuture.timedGet(CompletableFuture.java:1771)
	at java.util.concurrent.CompletableFuture.get(CompletableFuture.java:1915)
	at org.apache.ratis.util.IOUtils.getFromFuture(IOUtils.java:79)
	... 4 more
2019-09-19 12:11:39,430 [grpc-default-executor-10] WARN  server.GrpcLogAppender (LogUtils.java:warn(134)) - 1b83d917-1d73-4cac-8d1d-dc3b4981903d@group-7041D5508450->7c8a32d9-49ab-449b-8cc8-032a8828a8ac-AppendLogResponseHandler: Failed appendEntries: org.apache.ratis.thirdparty.io.grpc.StatusRuntimeException: UNAVAILABLE: io exception
2019-09-19 12:11:39,430 [grpc-default-executor-10] INFO  impl.FollowerInfo (FollowerInfo.java:lambda$new$0(51)) - 1b83d917-1d73-4cac-8d1d-dc3b4981903d@group-7041D5508450->7c8a32d9-49ab-449b-8cc8-032a8828a8ac: nextIndex: updateUnconditionally 15 -> 14
2019-09-19 12:11:39,432 [grpc-default-executor-4] WARN  server.GrpcLogAppender (LogUtils.java:warn(134)) - 1b83d917-1d73-4cac-8d1d-dc3b4981903d@group-7041D5508450->4736e737-07ca-4f6d-84d7-0ed6bd660367-AppendLogResponseHandler: Failed appendEntries: org.apache.ratis.thirdparty.io.grpc.StatusRuntimeException: UNAVAILABLE: io exception
2019-09-19 12:11:39,433 [grpc-default-executor-4] INFO  impl.FollowerInfo (FollowerInfo.java:lambda$new$0(51)) - 1b83d917-1d73-4cac-8d1d-dc3b4981903d@group-7041D5508450->4736e737-07ca-4f6d-84d7-0ed6bd660367: nextIndex: updateUnconditionally 5 -> 4
2019-09-19 12:11:39,788 [java.util.concurrent.ThreadPoolExecutor$Worker@3ef0e39a[State = -1, empty queue]] WARN  server.GrpcLogAppender (GrpcLogAppender.java:timeoutAppendRequest(200)) - a409f42d-bc3a-405f-bf07-8265a8a77aff@group-82AF4051E50B->587dad1b-1a08-4278-9ac1-e315232e0934-GrpcLogAppender: appendEntries Timeout, request=a409f42d-bc3a-405f-bf07-8265a8a77aff->587dad1b-1a08-4278-9ac1-e315232e0934#216-t1, previous=(t:1, i:17), leaderCommit=13, initializing? false, entries: <empty>
2019-09-19 12:11:39,797 [grpc-default-executor-1] WARN  server.GrpcLogAppender (LogUtils.java:warn(134)) - a409f42d-bc3a-405f-bf07-8265a8a77aff@group-82AF4051E50B->9ff75243-8f90-489e-ad4c-fbb8c473db2a-AppendLogResponseHandler: Failed appendEntries: org.apache.ratis.thirdparty.io.grpc.StatusRuntimeException: UNAVAILABLE: io exception
2019-09-19 12:11:39,797 [grpc-default-executor-1] INFO  impl.FollowerInfo (FollowerInfo.java:lambda$new$0(51)) - a409f42d-bc3a-405f-bf07-8265a8a77aff@group-82AF4051E50B->9ff75243-8f90-489e-ad4c-fbb8c473db2a: nextIndex: updateUnconditionally 1 -> 0
2019-09-19 12:11:39,930 [grpc-default-executor-10] WARN  server.GrpcLogAppender (LogUtils.java:warn(134)) - 1b83d917-1d73-4cac-8d1d-dc3b4981903d@group-7041D5508450->7c8a32d9-49ab-449b-8cc8-032a8828a8ac-AppendLogResponseHandler: Failed appendEntries: org.apache.ratis.thirdparty.io.grpc.StatusRuntimeException: UNAVAILABLE: io exception
2019-09-19 12:11:39,931 [grpc-default-executor-10] INFO  impl.FollowerInfo (FollowerInfo.java:lambda$new$0(51)) - 1b83d917-1d73-4cac-8d1d-dc3b4981903d@group-7041D5508450->7c8a32d9-49ab-449b-8cc8-032a8828a8ac: nextIndex: updateUnconditionally 14 -> 13
2019-09-19 12:11:39,933 [grpc-default-executor-4] WARN  server.GrpcLogAppender (LogUtils.java:warn(134)) - 1b83d917-1d73-4cac-8d1d-dc3b4981903d@group-7041D5508450->4736e737-07ca-4f6d-84d7-0ed6bd660367-AppendLogResponseHandler: Failed appendEntries: org.apache.ratis.thirdparty.io.grpc.StatusRuntimeException: UNAVAILABLE: io exception
2019-09-19 12:11:39,933 [grpc-default-executor-4] INFO  impl.FollowerInfo (FollowerInfo.java:lambda$new$0(51)) - 1b83d917-1d73-4cac-8d1d-dc3b4981903d@group-7041D5508450->4736e737-07ca-4f6d-84d7-0ed6bd660367: nextIndex: updateUnconditionally 4 -> 3
2019-09-19 12:11:40,289 [java.util.concurrent.ThreadPoolExecutor$Worker@3ef0e39a[State = -1, empty queue]] WARN  server.GrpcLogAppender (GrpcLogAppender.java:timeoutAppendRequest(200)) - a409f42d-bc3a-405f-bf07-8265a8a77aff@group-82AF4051E50B->587dad1b-1a08-4278-9ac1-e315232e0934-GrpcLogAppender: appendEntries Timeout, request=a409f42d-bc3a-405f-bf07-8265a8a77aff->587dad1b-1a08-4278-9ac1-e315232e0934#217-t1, previous=(t:1, i:17), leaderCommit=13, initializing? false, entries: <empty>
2019-09-19 12:11:40,297 [grpc-default-executor-4] WARN  server.GrpcLogAppender (LogUtils.java:warn(134)) - a409f42d-bc3a-405f-bf07-8265a8a77aff@group-82AF4051E50B->9ff75243-8f90-489e-ad4c-fbb8c473db2a-AppendLogResponseHandler: Failed appendEntries: org.apache.ratis.thirdparty.io.grpc.StatusRuntimeException: UNAVAILABLE: io exception
2019-09-19 12:11:40,298 [grpc-default-executor-4] INFO  impl.FollowerInfo (FollowerInfo.java:lambda$new$0(51)) - a409f42d-bc3a-405f-bf07-8265a8a77aff@group-82AF4051E50B->9ff75243-8f90-489e-ad4c-fbb8c473db2a: nextIndex: updateUnconditionally 0 -> 0
2019-09-19 12:11:40,431 [grpc-default-executor-4] WARN  server.GrpcLogAppender (LogUtils.java:warn(134)) - 1b83d917-1d73-4cac-8d1d-dc3b4981903d@group-7041D5508450->7c8a32d9-49ab-449b-8cc8-032a8828a8ac-AppendLogResponseHandler: Failed appendEntries: org.apache.ratis.thirdparty.io.grpc.StatusRuntimeException: UNAVAILABLE: io exception
2019-09-19 12:11:40,431 [grpc-default-executor-4] INFO  impl.FollowerInfo (FollowerInfo.java:lambda$new$0(51)) - 1b83d917-1d73-4cac-8d1d-dc3b4981903d@group-7041D5508450->7c8a32d9-49ab-449b-8cc8-032a8828a8ac: nextIndex: updateUnconditionally 13 -> 12
2019-09-19 12:11:40,433 [grpc-default-executor-1] WARN  server.GrpcLogAppender (LogUtils.java:warn(134)) - 1b83d917-1d73-4cac-8d1d-dc3b4981903d@group-7041D5508450->4736e737-07ca-4f6d-84d7-0ed6bd660367-AppendLogResponseHandler: Failed appendEntries: org.apache.ratis.thirdparty.io.grpc.StatusRuntimeException: UNAVAILABLE: io exception
2019-09-19 12:11:40,433 [grpc-default-executor-1] INFO  impl.FollowerInfo (FollowerInfo.java:lambda$new$0(51)) - 1b83d917-1d73-4cac-8d1d-dc3b4981903d@group-7041D5508450->4736e737-07ca-4f6d-84d7-0ed6bd660367: nextIndex: updateUnconditionally 3 -> 2
2019-09-19 12:11:40,789 [java.util.concurrent.ThreadPoolExecutor$Worker@3ef0e39a[State = -1, empty queue]] WARN  server.GrpcLogAppender (GrpcLogAppender.java:timeoutAppendRequest(200)) - a409f42d-bc3a-405f-bf07-8265a8a77aff@group-82AF4051E50B->587dad1b-1a08-4278-9ac1-e315232e0934-GrpcLogAppender: appendEntries Timeout, request=a409f42d-bc3a-405f-bf07-8265a8a77aff->587dad1b-1a08-4278-9ac1-e315232e0934#218-t1, previous=(t:1, i:17), leaderCommit=13, initializing? false, entries: <empty>
2019-09-19 12:11:40,799 [grpc-default-executor-1] WARN  server.GrpcLogAppender (LogUtils.java:warn(134)) - a409f42d-bc3a-405f-bf07-8265a8a77aff@group-82AF4051E50B->9ff75243-8f90-489e-ad4c-fbb8c473db2a-AppendLogResponseHandler: Failed appendEntries: org.apache.ratis.thirdparty.io.grpc.StatusRuntimeException: UNAVAILABLE: io exception
2019-09-19 12:11:40,800 [grpc-default-executor-1] INFO  impl.FollowerInfo (FollowerInfo.java:lambda$new$0(51)) - a409f42d-bc3a-405f-bf07-8265a8a77aff@group-82AF4051E50B->9ff75243-8f90-489e-ad4c-fbb8c473db2a: nextIndex: updateUnconditionally 0 -> 0
2019-09-19 12:11:40,931 [grpc-default-executor-10] WARN  server.GrpcLogAppender (LogUtils.java:warn(134)) - 1b83d917-1d73-4cac-8d1d-dc3b4981903d@group-7041D5508450->7c8a32d9-49ab-449b-8cc8-032a8828a8ac-AppendLogResponseHandler: Failed appendEntries: org.apache.ratis.thirdparty.io.grpc.StatusRuntimeException: UNAVAILABLE: io exception
2019-09-19 12:11:40,932 [grpc-default-executor-10] INFO  impl.FollowerInfo (FollowerInfo.java:lambda$new$0(51)) - 1b83d917-1d73-4cac-8d1d-dc3b4981903d@group-7041D5508450->7c8a32d9-49ab-449b-8cc8-032a8828a8ac: nextIndex: updateUnconditionally 12 -> 11
2019-09-19 12:11:40,934 [grpc-default-executor-4] WARN  server.GrpcLogAppender (LogUtils.java:warn(134)) - 1b83d917-1d73-4cac-8d1d-dc3b4981903d@group-7041D5508450->4736e737-07ca-4f6d-84d7-0ed6bd660367-AppendLogResponseHandler: Failed appendEntries: org.apache.ratis.thirdparty.io.grpc.StatusRuntimeException: UNAVAILABLE: io exception
2019-09-19 12:11:40,934 [grpc-default-executor-4] INFO  impl.FollowerInfo (FollowerInfo.java:lambda$new$0(51)) - 1b83d917-1d73-4cac-8d1d-dc3b4981903d@group-7041D5508450->4736e737-07ca-4f6d-84d7-0ed6bd660367: nextIndex: updateUnconditionally 2 -> 1
2019-09-19 12:11:41,289 [java.util.concurrent.ThreadPoolExecutor$Worker@3ef0e39a[State = -1, empty queue]] WARN  server.GrpcLogAppender (GrpcLogAppender.java:timeoutAppendRequest(200)) - a409f42d-bc3a-405f-bf07-8265a8a77aff@group-82AF4051E50B->587dad1b-1a08-4278-9ac1-e315232e0934-GrpcLogAppender: appendEntries Timeout, request=a409f42d-bc3a-405f-bf07-8265a8a77aff->587dad1b-1a08-4278-9ac1-e315232e0934#219-t1, previous=(t:1, i:17), leaderCommit=13, initializing? false, entries: <empty>
2019-09-19 12:11:41,300 [grpc-default-executor-4] WARN  server.GrpcLogAppender (LogUtils.java:warn(134)) - a409f42d-bc3a-405f-bf07-8265a8a77aff@group-82AF4051E50B->9ff75243-8f90-489e-ad4c-fbb8c473db2a-AppendLogResponseHandler: Failed appendEntries: org.apache.ratis.thirdparty.io.grpc.StatusRuntimeException: UNAVAILABLE: io exception
2019-09-19 12:11:41,300 [grpc-default-executor-4] INFO  impl.FollowerInfo (FollowerInfo.java:lambda$new$0(51)) - a409f42d-bc3a-405f-bf07-8265a8a77aff@group-82AF4051E50B->9ff75243-8f90-489e-ad4c-fbb8c473db2a: nextIndex: updateUnconditionally 0 -> 0
2019-09-19 12:11:41,432 [grpc-default-executor-1] WARN  server.GrpcLogAppender (LogUtils.java:warn(134)) - 1b83d917-1d73-4cac-8d1d-dc3b4981903d@group-7041D5508450->7c8a32d9-49ab-449b-8cc8-032a8828a8ac-AppendLogResponseHandler: Failed appendEntries: org.apache.ratis.thirdparty.io.grpc.StatusRuntimeException: UNAVAILABLE: io exception
2019-09-19 12:11:41,432 [grpc-default-executor-1] INFO  impl.FollowerInfo (FollowerInfo.java:lambda$new$0(51)) - 1b83d917-1d73-4cac-8d1d-dc3b4981903d@group-7041D5508450->7c8a32d9-49ab-449b-8cc8-032a8828a8ac: nextIndex: updateUnconditionally 11 -> 10
2019-09-19 12:11:41,434 [grpc-default-executor-1] WARN  server.GrpcLogAppender (LogUtils.java:warn(134)) - 1b83d917-1d73-4cac-8d1d-dc3b4981903d@group-7041D5508450->4736e737-07ca-4f6d-84d7-0ed6bd660367-AppendLogResponseHandler: Failed appendEntries: org.apache.ratis.thirdparty.io.grpc.StatusRuntimeException: UNAVAILABLE: io exception
2019-09-19 12:11:41,435 [grpc-default-executor-1] INFO  impl.FollowerInfo (FollowerInfo.java:lambda$new$0(51)) - 1b83d917-1d73-4cac-8d1d-dc3b4981903d@group-7041D5508450->4736e737-07ca-4f6d-84d7-0ed6bd660367: nextIndex: updateUnconditionally 1 -> 0
2019-09-19 12:11:41,789 [java.util.concurrent.ThreadPoolExecutor$Worker@3ef0e39a[State = -1, empty queue]] WARN  server.GrpcLogAppender (GrpcLogAppender.java:timeoutAppendRequest(200)) - a409f42d-bc3a-405f-bf07-8265a8a77aff@group-82AF4051E50B->587dad1b-1a08-4278-9ac1-e315232e0934-GrpcLogAppender: appendEntries Timeout, request=a409f42d-bc3a-405f-bf07-8265a8a77aff->587dad1b-1a08-4278-9ac1-e315232e0934#220-t1, previous=(t:1, i:17), leaderCommit=13, initializing? false, entries: <empty>
2019-09-19 12:11:41,800 [grpc-default-executor-1] WARN  server.GrpcLogAppender (LogUtils.java:warn(134)) - a409f42d-bc3a-405f-bf07-8265a8a77aff@group-82AF4051E50B->9ff75243-8f90-489e-ad4c-fbb8c473db2a-AppendLogResponseHandler: Failed appendEntries: org.apache.ratis.thirdparty.io.grpc.StatusRuntimeException: UNAVAILABLE: io exception
2019-09-19 12:11:41,800 [grpc-default-executor-1] INFO  impl.FollowerInfo (FollowerInfo.java:lambda$new$0(51)) - a409f42d-bc3a-405f-bf07-8265a8a77aff@group-82AF4051E50B->9ff75243-8f90-489e-ad4c-fbb8c473db2a: nextIndex: updateUnconditionally 0 -> 0
2019-09-19 12:11:41,932 [grpc-default-executor-1] WARN  server.GrpcLogAppender (LogUtils.java:warn(134)) - 1b83d917-1d73-4cac-8d1d-dc3b4981903d@group-7041D5508450->7c8a32d9-49ab-449b-8cc8-032a8828a8ac-AppendLogResponseHandler: Failed appendEntries: org.apache.ratis.thirdparty.io.grpc.StatusRuntimeException: UNAVAILABLE: io exception
2019-09-19 12:11:41,933 [grpc-default-executor-1] INFO  impl.FollowerInfo (FollowerInfo.java:lambda$new$0(51)) - 1b83d917-1d73-4cac-8d1d-dc3b4981903d@group-7041D5508450->7c8a32d9-49ab-449b-8cc8-032a8828a8ac: nextIndex: updateUnconditionally 10 -> 9
2019-09-19 12:11:41,935 [grpc-default-executor-1] WARN  server.GrpcLogAppender (LogUtils.java:warn(134)) - 1b83d917-1d73-4cac-8d1d-dc3b4981903d@group-7041D5508450->4736e737-07ca-4f6d-84d7-0ed6bd660367-AppendLogResponseHandler: Failed appendEntries: org.apache.ratis.thirdparty.io.grpc.StatusRuntimeException: UNAVAILABLE: io exception
2019-09-19 12:11:41,935 [grpc-default-executor-1] INFO  impl.FollowerInfo (FollowerInfo.java:lambda$new$0(51)) - 1b83d917-1d73-4cac-8d1d-dc3b4981903d@group-7041D5508450->4736e737-07ca-4f6d-84d7-0ed6bd660367: nextIndex: updateUnconditionally 0 -> 0
2019-09-19 12:11:42,290 [java.util.concurrent.ThreadPoolExecutor$Worker@3ef0e39a[State = -1, empty queue]] WARN  server.GrpcLogAppender (GrpcLogAppender.java:timeoutAppendRequest(200)) - a409f42d-bc3a-405f-bf07-8265a8a77aff@group-82AF4051E50B->587dad1b-1a08-4278-9ac1-e315232e0934-GrpcLogAppender: appendEntries Timeout, request=a409f42d-bc3a-405f-bf07-8265a8a77aff->587dad1b-1a08-4278-9ac1-e315232e0934#221-t1, previous=(t:1, i:17), leaderCommit=13, initializing? false, entries: <empty>
2019-09-19 12:11:42,301 [grpc-default-executor-1] WARN  server.GrpcLogAppender (LogUtils.java:warn(134)) - a409f42d-bc3a-405f-bf07-8265a8a77aff@group-82AF4051E50B->9ff75243-8f90-489e-ad4c-fbb8c473db2a-AppendLogResponseHandler: Failed appendEntries: org.apache.ratis.thirdparty.io.grpc.StatusRuntimeException: UNAVAILABLE: io exception
2019-09-19 12:11:42,302 [grpc-default-executor-1] INFO  impl.FollowerInfo (FollowerInfo.java:lambda$new$0(51)) - a409f42d-bc3a-405f-bf07-8265a8a77aff@group-82AF4051E50B->9ff75243-8f90-489e-ad4c-fbb8c473db2a: nextIndex: updateUnconditionally 0 -> 0
2019-09-19 12:11:42,433 [grpc-default-executor-1] WARN  server.GrpcLogAppender (LogUtils.java:warn(134)) - 1b83d917-1d73-4cac-8d1d-dc3b4981903d@group-7041D5508450->7c8a32d9-49ab-449b-8cc8-032a8828a8ac-AppendLogResponseHandler: Failed appendEntries: org.apache.ratis.thirdparty.io.grpc.StatusRuntimeException: UNAVAILABLE: io exception
2019-09-19 12:11:42,434 [grpc-default-executor-1] INFO  impl.FollowerInfo (FollowerInfo.java:lambda$new$0(51)) - 1b83d917-1d73-4cac-8d1d-dc3b4981903d@group-7041D5508450->7c8a32d9-49ab-449b-8cc8-032a8828a8ac: nextIndex: updateUnconditionally 9 -> 8
2019-09-19 12:11:42,435 [grpc-default-executor-1] WARN  server.GrpcLogAppender (LogUtils.java:warn(134)) - 1b83d917-1d73-4cac-8d1d-dc3b4981903d@group-7041D5508450->4736e737-07ca-4f6d-84d7-0ed6bd660367-AppendLogResponseHandler: Failed appendEntries: org.apache.ratis.thirdparty.io.grpc.StatusRuntimeException: UNAVAILABLE: io exception
2019-09-19 12:11:42,436 [grpc-default-executor-1] INFO  impl.FollowerInfo (FollowerInfo.java:lambda$new$0(51)) - 1b83d917-1d73-4cac-8d1d-dc3b4981903d@group-7041D5508450->4736e737-07ca-4f6d-84d7-0ed6bd660367: nextIndex: updateUnconditionally 0 -> 0
2019-09-19 12:11:42,790 [java.util.concurrent.ThreadPoolExecutor$Worker@3ef0e39a[State = -1, empty queue]] WARN  server.GrpcLogAppender (GrpcLogAppender.java:timeoutAppendRequest(200)) - a409f42d-bc3a-405f-bf07-8265a8a77aff@group-82AF4051E50B->587dad1b-1a08-4278-9ac1-e315232e0934-GrpcLogAppender: appendEntries Timeout, request=a409f42d-bc3a-405f-bf07-8265a8a77aff->587dad1b-1a08-4278-9ac1-e315232e0934#222-t1, previous=(t:1, i:17), leaderCommit=13, initializing? false, entries: <empty>
2019-09-19 12:11:42,803 [grpc-default-executor-4] WARN  server.GrpcLogAppender (LogUtils.java:warn(134)) - a409f42d-bc3a-405f-bf07-8265a8a77aff@group-82AF4051E50B->9ff75243-8f90-489e-ad4c-fbb8c473db2a-AppendLogResponseHandler: Failed appendEntries: org.apache.ratis.thirdparty.io.grpc.StatusRuntimeException: UNAVAILABLE: io exception
2019-09-19 12:11:42,803 [grpc-default-executor-4] INFO  impl.FollowerInfo (FollowerInfo.java:lambda$new$0(51)) - a409f42d-bc3a-405f-bf07-8265a8a77aff@group-82AF4051E50B->9ff75243-8f90-489e-ad4c-fbb8c473db2a: nextIndex: updateUnconditionally 0 -> 0
2019-09-19 12:11:42,934 [grpc-default-executor-10] WARN  server.GrpcLogAppender (LogUtils.java:warn(134)) - 1b83d917-1d73-4cac-8d1d-dc3b4981903d@group-7041D5508450->7c8a32d9-49ab-449b-8cc8-032a8828a8ac-AppendLogResponseHandler: Failed appendEntries: org.apache.ratis.thirdparty.io.grpc.StatusRuntimeException: UNAVAILABLE: io exception
2019-09-19 12:11:42,934 [grpc-default-executor-10] INFO  impl.FollowerInfo (FollowerInfo.java:lambda$new$0(51)) - 1b83d917-1d73-4cac-8d1d-dc3b4981903d@group-7041D5508450->7c8a32d9-49ab-449b-8cc8-032a8828a8ac: nextIndex: updateUnconditionally 8 -> 7
2019-09-19 12:11:42,936 [grpc-default-executor-1] WARN  server.GrpcLogAppender (LogUtils.java:warn(134)) - 1b83d917-1d73-4cac-8d1d-dc3b4981903d@group-7041D5508450->4736e737-07ca-4f6d-84d7-0ed6bd660367-AppendLogResponseHandler: Failed appendEntries: org.apache.ratis.thirdparty.io.grpc.StatusRuntimeException: UNAVAILABLE: io exception
2019-09-19 12:11:42,936 [grpc-default-executor-1] INFO  impl.FollowerInfo (FollowerInfo.java:lambda$new$0(51)) - 1b83d917-1d73-4cac-8d1d-dc3b4981903d@group-7041D5508450->4736e737-07ca-4f6d-84d7-0ed6bd660367: nextIndex: updateUnconditionally 0 -> 0
2019-09-19 12:11:43,290 [java.util.concurrent.ThreadPoolExecutor$Worker@3ef0e39a[State = -1, empty queue]] WARN  server.GrpcLogAppender (GrpcLogAppender.java:timeoutAppendRequest(200)) - a409f42d-bc3a-405f-bf07-8265a8a77aff@group-82AF4051E50B->587dad1b-1a08-4278-9ac1-e315232e0934-GrpcLogAppender: appendEntries Timeout, request=a409f42d-bc3a-405f-bf07-8265a8a77aff->587dad1b-1a08-4278-9ac1-e315232e0934#223-t1, previous=(t:1, i:17), leaderCommit=13, initializing? false, entries: <empty>
2019-09-19 12:11:43,294 [main] INFO  ozoneimpl.OzoneContainer (OzoneContainer.java:stop(231)) - Attempting to stop container services.
2019-09-19 12:11:43,294 [ForkJoinPool.commonPool-worker-0] INFO  ozoneimpl.OzoneContainer (OzoneContainer.java:stop(231)) - Attempting to stop container services.
2019-09-19 12:11:43,295 [ForkJoinPool.commonPool-worker-0] INFO  impl.RaftServerProxy (RaftServerProxy.java:lambda$close$4(314)) - 587dad1b-1a08-4278-9ac1-e315232e0934: close
2019-09-19 12:11:43,295 [main] INFO  impl.RaftServerProxy (RaftServerProxy.java:lambda$close$4(314)) - 1b83d917-1d73-4cac-8d1d-dc3b4981903d: close
2019-09-19 12:11:43,296 [ForkJoinPool.commonPool-worker-0] INFO  impl.RaftServerImpl (RaftServerImpl.java:lambda$shutdown$3(251)) - 587dad1b-1a08-4278-9ac1-e315232e0934@group-50A9F9A9F427: shutdown
2019-09-19 12:11:43,296 [main] INFO  impl.RaftServerImpl (RaftServerImpl.java:lambda$shutdown$3(251)) - 1b83d917-1d73-4cac-8d1d-dc3b4981903d@group-227C1E695BB6: shutdown
2019-09-19 12:11:43,296 [ForkJoinPool.commonPool-worker-0] INFO  util.JmxRegister (JmxRegister.java:unregister(73)) - Successfully un-registered JMX Bean with object name Ratis:service=RaftServer,group=group-50A9F9A9F427,id=587dad1b-1a08-4278-9ac1-e315232e0934
2019-09-19 12:11:43,297 [main] INFO  util.JmxRegister (JmxRegister.java:unregister(73)) - Successfully un-registered JMX Bean with object name Ratis:service=RaftServer,group=group-227C1E695BB6,id=1b83d917-1d73-4cac-8d1d-dc3b4981903d
2019-09-19 12:11:43,297 [ForkJoinPool.commonPool-worker-0] INFO  impl.RoleInfo (RoleInfo.java:shutdownLeaderState(104)) - 587dad1b-1a08-4278-9ac1-e315232e0934: shutdown LeaderState
2019-09-19 12:11:43,298 [main] INFO  impl.RoleInfo (RoleInfo.java:shutdownLeaderState(104)) - 1b83d917-1d73-4cac-8d1d-dc3b4981903d: shutdown LeaderState
2019-09-19 12:11:43,298 [ForkJoinPool.commonPool-worker-0] INFO  impl.PendingRequests (PendingRequests.java:sendNotLeaderResponses(202)) - 587dad1b-1a08-4278-9ac1-e315232e0934-PendingRequests: sendNotLeaderResponses
2019-09-19 12:11:43,298 [main] INFO  impl.PendingRequests (PendingRequests.java:sendNotLeaderResponses(202)) - 1b83d917-1d73-4cac-8d1d-dc3b4981903d-PendingRequests: sendNotLeaderResponses
2019-09-19 12:11:43,299 [ForkJoinPool.commonPool-worker-0] INFO  impl.StateMachineUpdater (StateMachineUpdater.java:stopAndJoin(125)) - 587dad1b-1a08-4278-9ac1-e315232e0934@group-50A9F9A9F427-StateMachineUpdater: set stopIndex = 0
2019-09-19 12:11:43,299 [main] INFO  impl.StateMachineUpdater (StateMachineUpdater.java:stopAndJoin(125)) - 1b83d917-1d73-4cac-8d1d-dc3b4981903d@group-227C1E695BB6-StateMachineUpdater: set stopIndex = 0
2019-09-19 12:11:43,299 [ForkJoinPool.commonPool-worker-0] INFO  impl.RaftServerImpl (ServerState.java:close(385)) - 587dad1b-1a08-4278-9ac1-e315232e0934@group-50A9F9A9F427: closes. applyIndex: 0
2019-09-19 12:11:43,300 [main] INFO  impl.RaftServerImpl (ServerState.java:close(385)) - 1b83d917-1d73-4cac-8d1d-dc3b4981903d@group-227C1E695BB6: closes. applyIndex: 0
2019-09-19 12:11:43,300 [587dad1b-1a08-4278-9ac1-e315232e0934@group-50A9F9A9F427-SegmentedRaftLogWorker] INFO  segmented.SegmentedRaftLogWorker (SegmentedRaftLogWorker.java:run(313)) - 587dad1b-1a08-4278-9ac1-e315232e0934@group-50A9F9A9F427-SegmentedRaftLogWorker was interrupted, exiting. There are 0 tasks remaining in the queue.
2019-09-19 12:11:43,301 [1b83d917-1d73-4cac-8d1d-dc3b4981903d@group-227C1E695BB6-SegmentedRaftLogWorker] INFO  segmented.SegmentedRaftLogWorker (SegmentedRaftLogWorker.java:run(313)) - 1b83d917-1d73-4cac-8d1d-dc3b4981903d@group-227C1E695BB6-SegmentedRaftLogWorker was interrupted, exiting. There are 0 tasks remaining in the queue.
2019-09-19 12:11:43,303 [grpc-default-executor-4] WARN  server.GrpcLogAppender (LogUtils.java:warn(134)) - a409f42d-bc3a-405f-bf07-8265a8a77aff@group-82AF4051E50B->9ff75243-8f90-489e-ad4c-fbb8c473db2a-AppendLogResponseHandler: Failed appendEntries: org.apache.ratis.thirdparty.io.grpc.StatusRuntimeException: UNAVAILABLE: io exception
2019-09-19 12:11:43,304 [grpc-default-executor-4] INFO  impl.FollowerInfo (FollowerInfo.java:lambda$new$0(51)) - a409f42d-bc3a-405f-bf07-8265a8a77aff@group-82AF4051E50B->9ff75243-8f90-489e-ad4c-fbb8c473db2a: nextIndex: updateUnconditionally 0 -> 0
2019-09-19 12:11:43,307 [ForkJoinPool.commonPool-worker-0] INFO  segmented.SegmentedRaftLogWorker (SegmentedRaftLogWorker.java:close(228)) - 587dad1b-1a08-4278-9ac1-e315232e0934@group-50A9F9A9F427-SegmentedRaftLogWorker close()
2019-09-19 12:11:43,307 [main] INFO  segmented.SegmentedRaftLogWorker (SegmentedRaftLogWorker.java:close(228)) - 1b83d917-1d73-4cac-8d1d-dc3b4981903d@group-227C1E695BB6-SegmentedRaftLogWorker close()
2019-09-19 12:11:43,309 [ForkJoinPool.commonPool-worker-0] INFO  impl.RaftServerImpl (RaftServerImpl.java:lambda$shutdown$3(251)) - 587dad1b-1a08-4278-9ac1-e315232e0934@group-82AF4051E50B: shutdown
2019-09-19 12:11:43,311 [main] INFO  impl.RaftServerImpl (RaftServerImpl.java:lambda$shutdown$3(251)) - 1b83d917-1d73-4cac-8d1d-dc3b4981903d@group-7041D5508450: shutdown
2019-09-19 12:11:43,311 [ForkJoinPool.commonPool-worker-0] INFO  util.JmxRegister (JmxRegister.java:unregister(73)) - Successfully un-registered JMX Bean with object name Ratis:service=RaftServer,group=group-82AF4051E50B,id=587dad1b-1a08-4278-9ac1-e315232e0934
2019-09-19 12:11:43,312 [main] INFO  util.JmxRegister (JmxRegister.java:unregister(73)) - Successfully un-registered JMX Bean with object name Ratis:service=RaftServer,group=group-7041D5508450,id=1b83d917-1d73-4cac-8d1d-dc3b4981903d
2019-09-19 12:11:43,312 [ForkJoinPool.commonPool-worker-0] INFO  impl.RoleInfo (RoleInfo.java:shutdownFollowerState(121)) - 587dad1b-1a08-4278-9ac1-e315232e0934: shutdown FollowerState
2019-09-19 12:11:43,312 [main] INFO  impl.RoleInfo (RoleInfo.java:shutdownLeaderState(104)) - 1b83d917-1d73-4cac-8d1d-dc3b4981903d: shutdown LeaderState
2019-09-19 12:11:43,313 [587dad1b-1a08-4278-9ac1-e315232e0934@group-82AF4051E50B-StateMachineUpdater] INFO  ratis.ContainerStateMachine (ContainerStateMachine.java:takeSnapshot(289)) - group-82AF4051E50B: Taking a snapshot at:(t:1, i:11) file /workdir/hadoop-ozone/integration-test/target/test-dir/MiniOzoneClusterImpl-41742b35-60e3-4bf6-81de-f25e83920b6f/datanode-4/data/ratis/dcea782e-2ecf-47a0-b031-82af4051e50b/sm/snapshot.1_11
2019-09-19 12:11:43,313 [Thread-391] INFO  impl.FollowerState (FollowerState.java:run(115)) - 587dad1b-1a08-4278-9ac1-e315232e0934: FollowerState was interrupted: java.lang.InterruptedException: sleep interrupted
2019-09-19 12:11:43,313 [ForkJoinPool.commonPool-worker-0] INFO  impl.StateMachineUpdater (StateMachineUpdater.java:stopAndJoin(125)) - 587dad1b-1a08-4278-9ac1-e315232e0934@group-82AF4051E50B-StateMachineUpdater: set stopIndex = 13
2019-09-19 12:11:43,316 [org.apache.ratis.server.impl.LogAppender$AppenderDaemon$$Lambda$486/1978513215@2199dc47] WARN  server.GrpcLogAppender (GrpcLogAppender.java:mayWait(143)) - 1b83d917-1d73-4cac-8d1d-dc3b4981903d@group-7041D5508450->4736e737-07ca-4f6d-84d7-0ed6bd660367-GrpcLogAppender: Wait interrupted by java.lang.InterruptedException
2019-09-19 12:11:43,316 [org.apache.ratis.server.impl.LogAppender$AppenderDaemon$$Lambda$486/1978513215@5e7735fe] WARN  server.GrpcLogAppender (GrpcLogAppender.java:mayWait(143)) - 1b83d917-1d73-4cac-8d1d-dc3b4981903d@group-7041D5508450->7c8a32d9-49ab-449b-8cc8-032a8828a8ac-GrpcLogAppender: Wait interrupted by java.lang.InterruptedException
2019-09-19 12:11:43,316 [main] INFO  impl.PendingRequests (PendingRequests.java:sendNotLeaderResponses(202)) - 1b83d917-1d73-4cac-8d1d-dc3b4981903d-PendingRequests: sendNotLeaderResponses
2019-09-19 12:11:43,323 [main] INFO  impl.StateMachineUpdater (StateMachineUpdater.java:stopAndJoin(125)) - 1b83d917-1d73-4cac-8d1d-dc3b4981903d@group-7041D5508450-StateMachineUpdater: set stopIndex = 16
2019-09-19 12:11:43,323 [1b83d917-1d73-4cac-8d1d-dc3b4981903d@group-7041D5508450-StateMachineUpdater] INFO  ratis.ContainerStateMachine (ContainerStateMachine.java:takeSnapshot(289)) - group-7041D5508450: Taking a snapshot at:(t:6, i:14) file /workdir/hadoop-ozone/integration-test/target/test-dir/MiniOzoneClusterImpl-41742b35-60e3-4bf6-81de-f25e83920b6f/datanode-8/data/ratis/293346ac-77ad-4ab0-9118-7041d5508450/sm/snapshot.6_14
2019-09-19 12:11:43,791 [java.util.concurrent.ThreadPoolExecutor$Worker@3ef0e39a[State = -1, empty queue]] WARN  server.GrpcLogAppender (GrpcLogAppender.java:timeoutAppendRequest(200)) - a409f42d-bc3a-405f-bf07-8265a8a77aff@group-82AF4051E50B->587dad1b-1a08-4278-9ac1-e315232e0934-GrpcLogAppender: appendEntries Timeout, request=a409f42d-bc3a-405f-bf07-8265a8a77aff->587dad1b-1a08-4278-9ac1-e315232e0934#224-t1, previous=(t:1, i:17), leaderCommit=13, initializing? false, entries: <empty>
2019-09-19 12:11:43,803 [grpc-default-executor-4] WARN  server.GrpcLogAppender (LogUtils.java:warn(134)) - a409f42d-bc3a-405f-bf07-8265a8a77aff@group-82AF4051E50B->9ff75243-8f90-489e-ad4c-fbb8c473db2a-AppendLogResponseHandler: Failed appendEntries: org.apache.ratis.thirdparty.io.grpc.StatusRuntimeException: UNAVAILABLE: io exception
2019-09-19 12:11:43,804 [grpc-default-executor-4] INFO  impl.FollowerInfo (FollowerInfo.java:lambda$new$0(51)) - a409f42d-bc3a-405f-bf07-8265a8a77aff@group-82AF4051E50B->9ff75243-8f90-489e-ad4c-fbb8c473db2a: nextIndex: updateUnconditionally 0 -> 0
2019-09-19 12:11:44,008 [587dad1b-1a08-4278-9ac1-e315232e0934@group-82AF4051E50B-StateMachineUpdater] INFO  ratis.ContainerStateMachine (ContainerStateMachine.java:takeSnapshot(300)) - group-82AF4051E50B: Finished taking a snapshot at:(t:1, i:11) file:/workdir/hadoop-ozone/integration-test/target/test-dir/MiniOzoneClusterImpl-41742b35-60e3-4bf6-81de-f25e83920b6f/datanode-4/data/ratis/dcea782e-2ecf-47a0-b031-82af4051e50b/sm/snapshot.1_11 time:695
2019-09-19 12:11:44,008 [1b83d917-1d73-4cac-8d1d-dc3b4981903d@group-7041D5508450-StateMachineUpdater] INFO  ratis.ContainerStateMachine (ContainerStateMachine.java:takeSnapshot(300)) - group-7041D5508450: Finished taking a snapshot at:(t:6, i:14) file:/workdir/hadoop-ozone/integration-test/target/test-dir/MiniOzoneClusterImpl-41742b35-60e3-4bf6-81de-f25e83920b6f/datanode-8/data/ratis/293346ac-77ad-4ab0-9118-7041d5508450/sm/snapshot.6_14 time:684
2019-09-19 12:11:44,008 [587dad1b-1a08-4278-9ac1-e315232e0934@group-82AF4051E50B-StateMachineUpdater] INFO  impl.StateMachineUpdater (StateMachineUpdater.java:takeSnapshot(258)) - 587dad1b-1a08-4278-9ac1-e315232e0934@group-82AF4051E50B-StateMachineUpdater: Took a snapshot at index 11
2019-09-19 12:11:44,008 [1b83d917-1d73-4cac-8d1d-dc3b4981903d@group-7041D5508450-StateMachineUpdater] INFO  impl.StateMachineUpdater (StateMachineUpdater.java:takeSnapshot(258)) - 1b83d917-1d73-4cac-8d1d-dc3b4981903d@group-7041D5508450-StateMachineUpdater: Took a snapshot at index 14
2019-09-19 12:11:44,008 [587dad1b-1a08-4278-9ac1-e315232e0934@group-82AF4051E50B-StateMachineUpdater] INFO  impl.StateMachineUpdater (StateMachineUpdater.java:lambda$new$0(83)) - 587dad1b-1a08-4278-9ac1-e315232e0934@group-82AF4051E50B-StateMachineUpdater: snapshotIndex: updateIncreasingly -1 -> 11
2019-09-19 12:11:44,008 [1b83d917-1d73-4cac-8d1d-dc3b4981903d@group-7041D5508450-StateMachineUpdater] INFO  impl.StateMachineUpdater (StateMachineUpdater.java:lambda$new$0(83)) - 1b83d917-1d73-4cac-8d1d-dc3b4981903d@group-7041D5508450-StateMachineUpdater: snapshotIndex: updateIncreasingly -1 -> 14
2019-09-19 12:11:44,009 [1b83d917-1d73-4cac-8d1d-dc3b4981903d@group-7041D5508450-StateMachineUpdater] INFO  ratis.ContainerStateMachine (ContainerStateMachine.java:takeSnapshot(289)) - group-7041D5508450: Taking a snapshot at:(t:6, i:14) file /workdir/hadoop-ozone/integration-test/target/test-dir/MiniOzoneClusterImpl-41742b35-60e3-4bf6-81de-f25e83920b6f/datanode-8/data/ratis/293346ac-77ad-4ab0-9118-7041d5508450/sm/snapshot.6_14
2019-09-19 12:11:44,009 [587dad1b-1a08-4278-9ac1-e315232e0934@group-82AF4051E50B-StateMachineUpdater] INFO  ratis.ContainerStateMachine (ContainerStateMachine.java:takeSnapshot(289)) - group-82AF4051E50B: Taking a snapshot at:(t:1, i:11) file /workdir/hadoop-ozone/integration-test/target/test-dir/MiniOzoneClusterImpl-41742b35-60e3-4bf6-81de-f25e83920b6f/datanode-4/data/ratis/dcea782e-2ecf-47a0-b031-82af4051e50b/sm/snapshot.1_11
2019-09-19 12:11:44,022 [587dad1b-1a08-4278-9ac1-e315232e0934@group-82AF4051E50B-StateMachineUpdater] INFO  ratis.ContainerStateMachine (ContainerStateMachine.java:takeSnapshot(300)) - group-82AF4051E50B: Finished taking a snapshot at:(t:1, i:11) file:/workdir/hadoop-ozone/integration-test/target/test-dir/MiniOzoneClusterImpl-41742b35-60e3-4bf6-81de-f25e83920b6f/datanode-4/data/ratis/dcea782e-2ecf-47a0-b031-82af4051e50b/sm/snapshot.1_11 time:13
2019-09-19 12:11:44,022 [1b83d917-1d73-4cac-8d1d-dc3b4981903d@group-7041D5508450-StateMachineUpdater] INFO  ratis.ContainerStateMachine (ContainerStateMachine.java:takeSnapshot(300)) - group-7041D5508450: Finished taking a snapshot at:(t:6, i:14) file:/workdir/hadoop-ozone/integration-test/target/test-dir/MiniOzoneClusterImpl-41742b35-60e3-4bf6-81de-f25e83920b6f/datanode-8/data/ratis/293346ac-77ad-4ab0-9118-7041d5508450/sm/snapshot.6_14 time:13
2019-09-19 12:11:44,022 [587dad1b-1a08-4278-9ac1-e315232e0934@group-82AF4051E50B-StateMachineUpdater] INFO  impl.StateMachineUpdater (StateMachineUpdater.java:takeSnapshot(258)) - 587dad1b-1a08-4278-9ac1-e315232e0934@group-82AF4051E50B-StateMachineUpdater: Took a snapshot at index 11
2019-09-19 12:11:44,022 [1b83d917-1d73-4cac-8d1d-dc3b4981903d@group-7041D5508450-StateMachineUpdater] INFO  impl.StateMachineUpdater (StateMachineUpdater.java:takeSnapshot(258)) - 1b83d917-1d73-4cac-8d1d-dc3b4981903d@group-7041D5508450-StateMachineUpdater: Took a snapshot at index 14
2019-09-19 12:11:44,022 [587dad1b-1a08-4278-9ac1-e315232e0934@group-82AF4051E50B-StateMachineUpdater] INFO  impl.StateMachineUpdater (StateMachineUpdater.java:lambda$new$0(83)) - 587dad1b-1a08-4278-9ac1-e315232e0934@group-82AF4051E50B-StateMachineUpdater: snapshotIndex: updateIncreasingly 11 -> 11
2019-09-19 12:11:44,022 [1b83d917-1d73-4cac-8d1d-dc3b4981903d@group-7041D5508450-StateMachineUpdater] INFO  impl.StateMachineUpdater (StateMachineUpdater.java:lambda$new$0(83)) - 1b83d917-1d73-4cac-8d1d-dc3b4981903d@group-7041D5508450-StateMachineUpdater: snapshotIndex: updateIncreasingly 14 -> 14
2019-09-19 12:11:44,022 [ForkJoinPool.commonPool-worker-0] INFO  impl.RaftServerImpl (ServerState.java:close(385)) - 587dad1b-1a08-4278-9ac1-e315232e0934@group-82AF4051E50B: closes. applyIndex: 13
2019-09-19 12:11:44,023 [main] INFO  impl.RaftServerImpl (ServerState.java:close(385)) - 1b83d917-1d73-4cac-8d1d-dc3b4981903d@group-7041D5508450: closes. applyIndex: 16
2019-09-19 12:11:44,026 [587dad1b-1a08-4278-9ac1-e315232e0934@group-82AF4051E50B-SegmentedRaftLogWorker] ERROR ratis.XceiverServerRatis (XceiverServerRatis.java:triggerPipelineClose(572)) - pipeline Action CLOSE  on pipeline PipelineID=dcea782e-2ecf-47a0-b031-82af4051e50b.Reason : WriteLog:14: (t:1, i:14), STATEMACHINELOGENTRY, client-57877EF1F934, cid=52-writeStateMachineData interrupted.
2019-09-19 12:11:44,028 [1b83d917-1d73-4cac-8d1d-dc3b4981903d@group-7041D5508450-SegmentedRaftLogWorker] ERROR ratis.XceiverServerRatis (XceiverServerRatis.java:triggerPipelineClose(572)) - pipeline Action CLOSE  on pipeline PipelineID=293346ac-77ad-4ab0-9118-7041d5508450.Reason : WriteLog:19: (t:6, i:19), STATEMACHINELOGENTRY, client-F1DE9C258D1C, cid=40-writeStateMachineData interrupted.
2019-09-19 12:11:44,028 [ForkJoinPool.commonPool-worker-0] INFO  segmented.SegmentedRaftLogWorker (SegmentedRaftLogWorker.java:close(228)) - 587dad1b-1a08-4278-9ac1-e315232e0934@group-82AF4051E50B-SegmentedRaftLogWorker close()
2019-09-19 12:11:44,030 [ForkJoinPool.commonPool-worker-0] INFO  server.GrpcService (GrpcService.java:closeImpl(164)) - 587dad1b-1a08-4278-9ac1-e315232e0934: shutdown server with port 39759 now
2019-09-19 12:11:44,031 [grpc-default-executor-10] WARN  server.GrpcServerProtocolService (LogUtils.java:warn(134)) - 587dad1b-1a08-4278-9ac1-e315232e0934: installSnapshot onError, lastRequest: a409f42d-bc3a-405f-bf07-8265a8a77aff->587dad1b-1a08-4278-9ac1-e315232e0934#230-t1, previous=(t:1, i:17), leaderCommit=13, initializing? false, entries: <empty>: org.apache.ratis.thirdparty.io.grpc.StatusRuntimeException: CANCELLED: cancelled before receiving half close
2019-09-19 12:11:44,031 [grpc-default-executor-4] WARN  server.GrpcLogAppender (LogUtils.java:warn(134)) - a409f42d-bc3a-405f-bf07-8265a8a77aff@group-82AF4051E50B->587dad1b-1a08-4278-9ac1-e315232e0934-AppendLogResponseHandler: Failed appendEntries: org.apache.ratis.thirdparty.io.grpc.StatusRuntimeException: CANCELLED: HTTP/2 error code: CANCEL
Received Rst Stream
2019-09-19 12:11:44,031 [ForkJoinPool.commonPool-worker-0] INFO  server.GrpcService (GrpcService.java:closeImpl(172)) - 587dad1b-1a08-4278-9ac1-e315232e0934: shutdown server with port 39759 successfully
2019-09-19 12:11:44,031 [grpc-default-executor-4] INFO  impl.FollowerInfo (FollowerInfo.java:lambda$new$0(51)) - a409f42d-bc3a-405f-bf07-8265a8a77aff@group-82AF4051E50B->587dad1b-1a08-4278-9ac1-e315232e0934: nextIndex: updateUnconditionally 18 -> 14
2019-09-19 12:11:44,033 [refreshUsed-/workdir/hadoop-ozone/integration-test/target/test-dir/MiniOzoneClusterImpl-41742b35-60e3-4bf6-81de-f25e83920b6f/datanode-4/data/containers] WARN  fs.CachingGetSpaceUsed (CachingGetSpaceUsed.java:run(183)) - Thread Interrupted waiting to refresh disk information: sleep interrupted
2019-09-19 12:11:44,039 [main] INFO  segmented.SegmentedRaftLogWorker (SegmentedRaftLogWorker.java:close(228)) - 1b83d917-1d73-4cac-8d1d-dc3b4981903d@group-7041D5508450-SegmentedRaftLogWorker close()
2019-09-19 12:11:44,041 [main] INFO  server.GrpcService (GrpcService.java:closeImpl(164)) - 1b83d917-1d73-4cac-8d1d-dc3b4981903d: shutdown server with port 34953 now
2019-09-19 12:11:44,041 [main] INFO  server.GrpcService (GrpcService.java:closeImpl(172)) - 1b83d917-1d73-4cac-8d1d-dc3b4981903d: shutdown server with port 34953 successfully
2019-09-19 12:11:44,043 [refreshUsed-/workdir/hadoop-ozone/integration-test/target/test-dir/MiniOzoneClusterImpl-41742b35-60e3-4bf6-81de-f25e83920b6f/datanode-8/data/containers] WARN  fs.CachingGetSpaceUsed (CachingGetSpaceUsed.java:run(183)) - Thread Interrupted waiting to refresh disk information: sleep interrupted
2019-09-19 12:11:44,064 [ForkJoinPool.commonPool-worker-0] INFO  utils.BackgroundService (BackgroundService.java:shutdown(148)) - Shutting down service BlockDeletingService
2019-09-19 12:11:44,068 [ForkJoinPool.commonPool-worker-0] INFO  statemachine.DatanodeStateMachine (DatanodeStateMachine.java:stopDaemon(395)) - Ozone container server stopped.
2019-09-19 12:11:44,072 [ForkJoinPool.commonPool-worker-0] INFO  handler.ContextHandler (ContextHandler.java:doStop(910)) - Stopped o.e.j.w.WebAppContext@4dba773d{/,null,UNAVAILABLE}{/hddsDatanode}
2019-09-19 12:11:44,073 [main] INFO  utils.BackgroundService (BackgroundService.java:shutdown(148)) - Shutting down service BlockDeletingService
2019-09-19 12:11:44,073 [ForkJoinPool.commonPool-worker-0] INFO  server.AbstractConnector (AbstractConnector.java:doStop(318)) - Stopped ServerConnector@1d9bd4da{HTTP/1.1,[http/1.1]}{0.0.0.0:0}
2019-09-19 12:11:44,077 [main] INFO  statemachine.DatanodeStateMachine (DatanodeStateMachine.java:stopDaemon(395)) - Ozone container server stopped.
2019-09-19 12:11:44,077 [ForkJoinPool.commonPool-worker-0] INFO  handler.ContextHandler (ContextHandler.java:doStop(910)) - Stopped o.e.j.s.ServletContextHandler@1cc680e{/static,jar:file:/home/user/.m2/repository/org/apache/hadoop/hadoop-hdds-container-service/0.5.0-SNAPSHOT/hadoop-hdds-container-service-0.5.0-SNAPSHOT.jar!/webapps/static,UNAVAILABLE}
2019-09-19 12:11:44,079 [ForkJoinPool.commonPool-worker-0] INFO  handler.ContextHandler (ContextHandler.java:doStop(910)) - Stopped o.e.j.s.ServletContextHandler@22eaa86e{/logs,file:///workdir/hadoop-ozone/integration-test/target/log,UNAVAILABLE}
2019-09-19 12:11:44,080 [main] INFO  handler.ContextHandler (ContextHandler.java:doStop(910)) - Stopped o.e.j.w.WebAppContext@15405bd6{/,null,UNAVAILABLE}{/hddsDatanode}
2019-09-19 12:11:44,081 [main] INFO  server.AbstractConnector (AbstractConnector.java:doStop(318)) - Stopped ServerConnector@352ed70d{HTTP/1.1,[http/1.1]}{0.0.0.0:0}
2019-09-19 12:11:44,082 [main] INFO  handler.ContextHandler (ContextHandler.java:doStop(910)) - Stopped o.e.j.s.ServletContextHandler@2bc426f0{/static,jar:file:/home/user/.m2/repository/org/apache/hadoop/hadoop-hdds-container-service/0.5.0-SNAPSHOT/hadoop-hdds-container-service-0.5.0-SNAPSHOT.jar!/webapps/static,UNAVAILABLE}
2019-09-19 12:11:44,083 [main] INFO  handler.ContextHandler (ContextHandler.java:doStop(910)) - Stopped o.e.j.s.ServletContextHandler@58740366{/logs,file:///workdir/hadoop-ozone/integration-test/target/log,UNAVAILABLE}
2019-09-19 12:11:44,154 [Datanode State Machine Thread - 0] INFO  statemachine.DatanodeStateMachine (DatanodeStateMachine.java:lambda$startDaemon$0(350)) - Ozone container server started.
2019-09-19 12:11:44,295 [grpc-default-executor-10] WARN  server.GrpcLogAppender (LogUtils.java:warn(134)) - a409f42d-bc3a-405f-bf07-8265a8a77aff@group-82AF4051E50B->587dad1b-1a08-4278-9ac1-e315232e0934-AppendLogResponseHandler: Failed appendEntries: org.apache.ratis.thirdparty.io.grpc.StatusRuntimeException: UNAVAILABLE: io exception
2019-09-19 12:11:44,296 [grpc-default-executor-10] INFO  impl.FollowerInfo (FollowerInfo.java:lambda$new$0(51)) - a409f42d-bc3a-405f-bf07-8265a8a77aff@group-82AF4051E50B->587dad1b-1a08-4278-9ac1-e315232e0934: nextIndex: updateUnconditionally 14 -> 13
2019-09-19 12:11:44,304 [grpc-default-executor-1] WARN  server.GrpcLogAppender (LogUtils.java:warn(134)) - a409f42d-bc3a-405f-bf07-8265a8a77aff@group-82AF4051E50B->9ff75243-8f90-489e-ad4c-fbb8c473db2a-AppendLogResponseHandler: Failed appendEntries: org.apache.ratis.thirdparty.io.grpc.StatusRuntimeException: UNAVAILABLE: io exception
2019-09-19 12:11:44,304 [grpc-default-executor-1] INFO  impl.FollowerInfo (FollowerInfo.java:lambda$new$0(51)) - a409f42d-bc3a-405f-bf07-8265a8a77aff@group-82AF4051E50B->9ff75243-8f90-489e-ad4c-fbb8c473db2a: nextIndex: updateUnconditionally 0 -> 0
2019-09-19 12:11:44,776 [Datanode State Machine Thread - 0] INFO  statemachine.DatanodeStateMachine (DatanodeStateMachine.java:lambda$startDaemon$0(350)) - Ozone container server started.
2019-09-19 12:11:44,796 [grpc-default-executor-4] WARN  server.GrpcLogAppender (LogUtils.java:warn(134)) - a409f42d-bc3a-405f-bf07-8265a8a77aff@group-82AF4051E50B->587dad1b-1a08-4278-9ac1-e315232e0934-AppendLogResponseHandler: Failed appendEntries: org.apache.ratis.thirdparty.io.grpc.StatusRuntimeException: UNAVAILABLE: io exception
2019-09-19 12:11:44,796 [grpc-default-executor-4] INFO  impl.FollowerInfo (FollowerInfo.java:lambda$new$0(51)) - a409f42d-bc3a-405f-bf07-8265a8a77aff@group-82AF4051E50B->587dad1b-1a08-4278-9ac1-e315232e0934: nextIndex: updateUnconditionally 13 -> 12
2019-09-19 12:11:44,804 [grpc-default-executor-1] WARN  server.GrpcLogAppender (LogUtils.java:warn(134)) - a409f42d-bc3a-405f-bf07-8265a8a77aff@group-82AF4051E50B->9ff75243-8f90-489e-ad4c-fbb8c473db2a-AppendLogResponseHandler: Failed appendEntries: org.apache.ratis.thirdparty.io.grpc.StatusRuntimeException: UNAVAILABLE: io exception
2019-09-19 12:11:44,805 [grpc-default-executor-1] INFO  impl.FollowerInfo (FollowerInfo.java:lambda$new$0(51)) - a409f42d-bc3a-405f-bf07-8265a8a77aff@group-82AF4051E50B->9ff75243-8f90-489e-ad4c-fbb8c473db2a: nextIndex: updateUnconditionally 0 -> 0
2019-09-19 12:11:45,297 [grpc-default-executor-4] WARN  server.GrpcLogAppender (LogUtils.java:warn(134)) - a409f42d-bc3a-405f-bf07-8265a8a77aff@group-82AF4051E50B->587dad1b-1a08-4278-9ac1-e315232e0934-AppendLogResponseHandler: Failed appendEntries: org.apache.ratis.thirdparty.io.grpc.StatusRuntimeException: UNAVAILABLE: io exception
2019-09-19 12:11:45,297 [grpc-default-executor-4] INFO  impl.FollowerInfo (FollowerInfo.java:lambda$new$0(51)) - a409f42d-bc3a-405f-bf07-8265a8a77aff@group-82AF4051E50B->587dad1b-1a08-4278-9ac1-e315232e0934: nextIndex: updateUnconditionally 12 -> 11
2019-09-19 12:11:45,305 [grpc-default-executor-4] WARN  server.GrpcLogAppender (LogUtils.java:warn(134)) - a409f42d-bc3a-405f-bf07-8265a8a77aff@group-82AF4051E50B->9ff75243-8f90-489e-ad4c-fbb8c473db2a-AppendLogResponseHandler: Failed appendEntries: org.apache.ratis.thirdparty.io.grpc.StatusRuntimeException: UNAVAILABLE: io exception
2019-09-19 12:11:45,305 [grpc-default-executor-4] INFO  impl.FollowerInfo (FollowerInfo.java:lambda$new$0(51)) - a409f42d-bc3a-405f-bf07-8265a8a77aff@group-82AF4051E50B->9ff75243-8f90-489e-ad4c-fbb8c473db2a: nextIndex: updateUnconditionally 0 -> 0
2019-09-19 12:11:45,797 [grpc-default-executor-4] WARN  server.GrpcLogAppender (LogUtils.java:warn(134)) - a409f42d-bc3a-405f-bf07-8265a8a77aff@group-82AF4051E50B->587dad1b-1a08-4278-9ac1-e315232e0934-AppendLogResponseHandler: Failed appendEntries: org.apache.ratis.thirdparty.io.grpc.StatusRuntimeException: UNAVAILABLE: io exception
2019-09-19 12:11:45,798 [grpc-default-executor-4] INFO  impl.FollowerInfo (FollowerInfo.java:lambda$new$0(51)) - a409f42d-bc3a-405f-bf07-8265a8a77aff@group-82AF4051E50B->587dad1b-1a08-4278-9ac1-e315232e0934: nextIndex: updateUnconditionally 11 -> 10
2019-09-19 12:11:45,805 [grpc-default-executor-4] WARN  server.GrpcLogAppender (LogUtils.java:warn(134)) - a409f42d-bc3a-405f-bf07-8265a8a77aff@group-82AF4051E50B->9ff75243-8f90-489e-ad4c-fbb8c473db2a-AppendLogResponseHandler: Failed appendEntries: org.apache.ratis.thirdparty.io.grpc.StatusRuntimeException: UNAVAILABLE: io exception
2019-09-19 12:11:45,805 [grpc-default-executor-4] INFO  impl.FollowerInfo (FollowerInfo.java:lambda$new$0(51)) - a409f42d-bc3a-405f-bf07-8265a8a77aff@group-82AF4051E50B->9ff75243-8f90-489e-ad4c-fbb8c473db2a: nextIndex: updateUnconditionally 0 -> 0
2019-09-19 12:11:46,129 [a409f42d-bc3a-405f-bf07-8265a8a77aff@group-82AF4051E50B-SegmentedRaftLogWorker] WARN  segmented.SegmentedRaftLogWorker (SegmentedRaftLogWorker.java:getFromFuture(90)) - Timeout 6/~
org.apache.ratis.protocol.TimeoutIOException: Timeout 10s: WriteLog:16: (t:1, i:16), STATEMACHINELOGENTRY, client-57877EF1F934, cid=54-writeStateMachineData
	at org.apache.ratis.util.IOUtils.getFromFuture(IOUtils.java:87)
	at org.apache.ratis.server.raftlog.segmented.SegmentedRaftLogWorker$StateMachineDataPolicy.getFromFuture(SegmentedRaftLogWorker.java:87)
	at org.apache.ratis.server.raftlog.segmented.SegmentedRaftLogWorker$WriteLog.execute(SegmentedRaftLogWorker.java:477)
	at org.apache.ratis.server.raftlog.segmented.SegmentedRaftLogWorker.run(SegmentedRaftLogWorker.java:289)
	at java.lang.Thread.run(Thread.java:748)
Caused by: java.util.concurrent.TimeoutException
	at java.util.concurrent.CompletableFuture.timedGet(CompletableFuture.java:1771)
	at java.util.concurrent.CompletableFuture.get(CompletableFuture.java:1915)
	at org.apache.ratis.util.IOUtils.getFromFuture(IOUtils.java:79)
	... 4 more
2019-09-19 12:11:46,298 [grpc-default-executor-4] WARN  server.GrpcLogAppender (LogUtils.java:warn(134)) - a409f42d-bc3a-405f-bf07-8265a8a77aff@group-82AF4051E50B->587dad1b-1a08-4278-9ac1-e315232e0934-AppendLogResponseHandler: Failed appendEntries: org.apache.ratis.thirdparty.io.grpc.StatusRuntimeException: UNAVAILABLE: io exception
2019-09-19 12:11:46,298 [grpc-default-executor-4] INFO  impl.FollowerInfo (FollowerInfo.java:lambda$new$0(51)) - a409f42d-bc3a-405f-bf07-8265a8a77aff@group-82AF4051E50B->587dad1b-1a08-4278-9ac1-e315232e0934: nextIndex: updateUnconditionally 10 -> 9
2019-09-19 12:11:46,305 [grpc-default-executor-4] WARN  server.GrpcLogAppender (LogUtils.java:warn(134)) - a409f42d-bc3a-405f-bf07-8265a8a77aff@group-82AF4051E50B->9ff75243-8f90-489e-ad4c-fbb8c473db2a-AppendLogResponseHandler: Failed appendEntries: org.apache.ratis.thirdparty.io.grpc.StatusRuntimeException: UNAVAILABLE: io exception
2019-09-19 12:11:46,306 [grpc-default-executor-4] INFO  impl.FollowerInfo (FollowerInfo.java:lambda$new$0(51)) - a409f42d-bc3a-405f-bf07-8265a8a77aff@group-82AF4051E50B->9ff75243-8f90-489e-ad4c-fbb8c473db2a: nextIndex: updateUnconditionally 0 -> 0
2019-09-19 12:11:46,798 [grpc-default-executor-1] WARN  server.GrpcLogAppender (LogUtils.java:warn(134)) - a409f42d-bc3a-405f-bf07-8265a8a77aff@group-82AF4051E50B->587dad1b-1a08-4278-9ac1-e315232e0934-AppendLogResponseHandler: Failed appendEntries: org.apache.ratis.thirdparty.io.grpc.StatusRuntimeException: UNAVAILABLE: io exception
2019-09-19 12:11:46,799 [grpc-default-executor-1] INFO  impl.FollowerInfo (FollowerInfo.java:lambda$new$0(51)) - a409f42d-bc3a-405f-bf07-8265a8a77aff@group-82AF4051E50B->587dad1b-1a08-4278-9ac1-e315232e0934: nextIndex: updateUnconditionally 9 -> 8
2019-09-19 12:11:46,806 [grpc-default-executor-4] WARN  server.GrpcLogAppender (LogUtils.java:warn(134)) - a409f42d-bc3a-405f-bf07-8265a8a77aff@group-82AF4051E50B->9ff75243-8f90-489e-ad4c-fbb8c473db2a-AppendLogResponseHandler: Failed appendEntries: org.apache.ratis.thirdparty.io.grpc.StatusRuntimeException: UNAVAILABLE: io exception
2019-09-19 12:11:46,807 [grpc-default-executor-4] INFO  impl.FollowerInfo (FollowerInfo.java:lambda$new$0(51)) - a409f42d-bc3a-405f-bf07-8265a8a77aff@group-82AF4051E50B->9ff75243-8f90-489e-ad4c-fbb8c473db2a: nextIndex: updateUnconditionally 0 -> 0
2019-09-19 12:11:47,302 [grpc-default-executor-4] WARN  server.GrpcLogAppender (LogUtils.java:warn(134)) - a409f42d-bc3a-405f-bf07-8265a8a77aff@group-82AF4051E50B->587dad1b-1a08-4278-9ac1-e315232e0934-AppendLogResponseHandler: Failed appendEntries: org.apache.ratis.thirdparty.io.grpc.StatusRuntimeException: UNAVAILABLE: io exception
2019-09-19 12:11:47,303 [grpc-default-executor-4] INFO  impl.FollowerInfo (FollowerInfo.java:lambda$new$0(51)) - a409f42d-bc3a-405f-bf07-8265a8a77aff@group-82AF4051E50B->587dad1b-1a08-4278-9ac1-e315232e0934: nextIndex: updateUnconditionally 8 -> 7
2019-09-19 12:11:47,307 [grpc-default-executor-1] WARN  server.GrpcLogAppender (LogUtils.java:warn(134)) - a409f42d-bc3a-405f-bf07-8265a8a77aff@group-82AF4051E50B->9ff75243-8f90-489e-ad4c-fbb8c473db2a-AppendLogResponseHandler: Failed appendEntries: org.apache.ratis.thirdparty.io.grpc.StatusRuntimeException: UNAVAILABLE: io exception
2019-09-19 12:11:47,307 [grpc-default-executor-1] INFO  impl.FollowerInfo (FollowerInfo.java:lambda$new$0(51)) - a409f42d-bc3a-405f-bf07-8265a8a77aff@group-82AF4051E50B->9ff75243-8f90-489e-ad4c-fbb8c473db2a: nextIndex: updateUnconditionally 0 -> 0
2019-09-19 12:11:47,806 [grpc-default-executor-9] WARN  server.GrpcLogAppender (LogUtils.java:warn(134)) - a409f42d-bc3a-405f-bf07-8265a8a77aff@group-82AF4051E50B->587dad1b-1a08-4278-9ac1-e315232e0934-AppendLogResponseHandler: Failed appendEntries: org.apache.ratis.thirdparty.io.grpc.StatusRuntimeException: UNAVAILABLE: io exception
2019-09-19 12:11:47,807 [grpc-default-executor-9] INFO  impl.FollowerInfo (FollowerInfo.java:lambda$new$0(51)) - a409f42d-bc3a-405f-bf07-8265a8a77aff@group-82AF4051E50B->587dad1b-1a08-4278-9ac1-e315232e0934: nextIndex: updateUnconditionally 7 -> 6
2019-09-19 12:11:47,808 [grpc-default-executor-10] WARN  server.GrpcLogAppender (LogUtils.java:warn(134)) - a409f42d-bc3a-405f-bf07-8265a8a77aff@group-82AF4051E50B->9ff75243-8f90-489e-ad4c-fbb8c473db2a-AppendLogResponseHandler: Failed appendEntries: org.apache.ratis.thirdparty.io.grpc.StatusRuntimeException: UNAVAILABLE: io exception
2019-09-19 12:11:47,808 [grpc-default-executor-10] INFO  impl.FollowerInfo (FollowerInfo.java:lambda$new$0(51)) - a409f42d-bc3a-405f-bf07-8265a8a77aff@group-82AF4051E50B->9ff75243-8f90-489e-ad4c-fbb8c473db2a: nextIndex: updateUnconditionally 0 -> 0
2019-09-19 12:11:48,304 [grpc-default-executor-1] WARN  server.GrpcLogAppender (LogUtils.java:warn(134)) - a409f42d-bc3a-405f-bf07-8265a8a77aff@group-82AF4051E50B->587dad1b-1a08-4278-9ac1-e315232e0934-AppendLogResponseHandler: Failed appendEntries: org.apache.ratis.thirdparty.io.grpc.StatusRuntimeException: UNAVAILABLE: io exception
2019-09-19 12:11:48,304 [grpc-default-executor-1] INFO  impl.FollowerInfo (FollowerInfo.java:lambda$new$0(51)) - a409f42d-bc3a-405f-bf07-8265a8a77aff@group-82AF4051E50B->587dad1b-1a08-4278-9ac1-e315232e0934: nextIndex: updateUnconditionally 6 -> 5
2019-09-19 12:11:48,308 [grpc-default-executor-9] WARN  server.GrpcLogAppender (LogUtils.java:warn(134)) - a409f42d-bc3a-405f-bf07-8265a8a77aff@group-82AF4051E50B->9ff75243-8f90-489e-ad4c-fbb8c473db2a-AppendLogResponseHandler: Failed appendEntries: org.apache.ratis.thirdparty.io.grpc.StatusRuntimeException: UNAVAILABLE: io exception
2019-09-19 12:11:48,312 [grpc-default-executor-9] INFO  impl.FollowerInfo (FollowerInfo.java:lambda$new$0(51)) - a409f42d-bc3a-405f-bf07-8265a8a77aff@group-82AF4051E50B->9ff75243-8f90-489e-ad4c-fbb8c473db2a: nextIndex: updateUnconditionally 0 -> 0
2019-09-19 12:11:48,804 [grpc-default-executor-10] WARN  server.GrpcLogAppender (LogUtils.java:warn(134)) - a409f42d-bc3a-405f-bf07-8265a8a77aff@group-82AF4051E50B->587dad1b-1a08-4278-9ac1-e315232e0934-AppendLogResponseHandler: Failed appendEntries: org.apache.ratis.thirdparty.io.grpc.StatusRuntimeException: UNAVAILABLE: io exception
2019-09-19 12:11:48,805 [grpc-default-executor-10] INFO  impl.FollowerInfo (FollowerInfo.java:lambda$new$0(51)) - a409f42d-bc3a-405f-bf07-8265a8a77aff@group-82AF4051E50B->587dad1b-1a08-4278-9ac1-e315232e0934: nextIndex: updateUnconditionally 5 -> 4
2019-09-19 12:11:48,808 [grpc-default-executor-9] WARN  server.GrpcLogAppender (LogUtils.java:warn(134)) - a409f42d-bc3a-405f-bf07-8265a8a77aff@group-82AF4051E50B->9ff75243-8f90-489e-ad4c-fbb8c473db2a-AppendLogResponseHandler: Failed appendEntries: org.apache.ratis.thirdparty.io.grpc.StatusRuntimeException: UNAVAILABLE: io exception
2019-09-19 12:11:48,809 [grpc-default-executor-9] INFO  impl.FollowerInfo (FollowerInfo.java:lambda$new$0(51)) - a409f42d-bc3a-405f-bf07-8265a8a77aff@group-82AF4051E50B->9ff75243-8f90-489e-ad4c-fbb8c473db2a: nextIndex: updateUnconditionally 0 -> 0
2019-09-19 12:11:49,082 [ForkJoinPool.commonPool-worker-0] INFO  ozoneimpl.OzoneContainer (OzoneContainer.java:stop(231)) - Attempting to stop container services.
2019-09-19 12:11:49,083 [ForkJoinPool.commonPool-worker-0] INFO  impl.RaftServerProxy (RaftServerProxy.java:lambda$close$4(314)) - c825e6de-820b-4b06-9ed0-c7da8c2503e7: close
2019-09-19 12:11:49,084 [ForkJoinPool.commonPool-worker-0] INFO  impl.RaftServerImpl (RaftServerImpl.java:lambda$shutdown$3(251)) - c825e6de-820b-4b06-9ed0-c7da8c2503e7@group-683F9775C086: shutdown
2019-09-19 12:11:49,084 [ForkJoinPool.commonPool-worker-0] INFO  util.JmxRegister (JmxRegister.java:unregister(73)) - Successfully un-registered JMX Bean with object name Ratis:service=RaftServer,group=group-683F9775C086,id=c825e6de-820b-4b06-9ed0-c7da8c2503e7
2019-09-19 12:11:49,084 [ForkJoinPool.commonPool-worker-0] INFO  impl.RoleInfo (RoleInfo.java:shutdownLeaderState(104)) - c825e6de-820b-4b06-9ed0-c7da8c2503e7: shutdown LeaderState
2019-09-19 12:11:49,084 [main] INFO  ozoneimpl.OzoneContainer (OzoneContainer.java:stop(231)) - Attempting to stop container services.
2019-09-19 12:11:49,085 [ForkJoinPool.commonPool-worker-0] INFO  impl.PendingRequests (PendingRequests.java:sendNotLeaderResponses(202)) - c825e6de-820b-4b06-9ed0-c7da8c2503e7-PendingRequests: sendNotLeaderResponses
2019-09-19 12:11:49,085 [main] INFO  impl.RaftServerProxy (RaftServerProxy.java:lambda$close$4(314)) - a409f42d-bc3a-405f-bf07-8265a8a77aff: close
2019-09-19 12:11:49,085 [main] INFO  impl.RaftServerImpl (RaftServerImpl.java:lambda$shutdown$3(251)) - a409f42d-bc3a-405f-bf07-8265a8a77aff@group-0D1FBEF284BC: shutdown
2019-09-19 12:11:49,086 [ForkJoinPool.commonPool-worker-0] INFO  impl.StateMachineUpdater (StateMachineUpdater.java:stopAndJoin(125)) - c825e6de-820b-4b06-9ed0-c7da8c2503e7@group-683F9775C086-StateMachineUpdater: set stopIndex = 0
2019-09-19 12:11:49,086 [main] INFO  util.JmxRegister (JmxRegister.java:unregister(73)) - Successfully un-registered JMX Bean with object name Ratis:service=RaftServer,group=group-0D1FBEF284BC,id=a409f42d-bc3a-405f-bf07-8265a8a77aff
2019-09-19 12:11:49,086 [ForkJoinPool.commonPool-worker-0] INFO  impl.RaftServerImpl (ServerState.java:close(385)) - c825e6de-820b-4b06-9ed0-c7da8c2503e7@group-683F9775C086: closes. applyIndex: 0
2019-09-19 12:11:49,086 [main] INFO  impl.RoleInfo (RoleInfo.java:shutdownLeaderState(104)) - a409f42d-bc3a-405f-bf07-8265a8a77aff: shutdown LeaderState
2019-09-19 12:11:49,087 [main] INFO  impl.PendingRequests (PendingRequests.java:sendNotLeaderResponses(202)) - a409f42d-bc3a-405f-bf07-8265a8a77aff-PendingRequests: sendNotLeaderResponses
2019-09-19 12:11:49,087 [c825e6de-820b-4b06-9ed0-c7da8c2503e7@group-683F9775C086-SegmentedRaftLogWorker] INFO  segmented.SegmentedRaftLogWorker (SegmentedRaftLogWorker.java:run(313)) - c825e6de-820b-4b06-9ed0-c7da8c2503e7@group-683F9775C086-SegmentedRaftLogWorker was interrupted, exiting. There are 0 tasks remaining in the queue.
2019-09-19 12:11:49,087 [main] INFO  impl.StateMachineUpdater (StateMachineUpdater.java:stopAndJoin(125)) - a409f42d-bc3a-405f-bf07-8265a8a77aff@group-0D1FBEF284BC-StateMachineUpdater: set stopIndex = 0
2019-09-19 12:11:49,087 [main] INFO  impl.RaftServerImpl (ServerState.java:close(385)) - a409f42d-bc3a-405f-bf07-8265a8a77aff@group-0D1FBEF284BC: closes. applyIndex: 0
2019-09-19 12:11:49,087 [ForkJoinPool.commonPool-worker-0] INFO  segmented.SegmentedRaftLogWorker (SegmentedRaftLogWorker.java:close(228)) - c825e6de-820b-4b06-9ed0-c7da8c2503e7@group-683F9775C086-SegmentedRaftLogWorker close()
2019-09-19 12:11:49,088 [a409f42d-bc3a-405f-bf07-8265a8a77aff@group-0D1FBEF284BC-SegmentedRaftLogWorker] INFO  segmented.SegmentedRaftLogWorker (SegmentedRaftLogWorker.java:run(313)) - a409f42d-bc3a-405f-bf07-8265a8a77aff@group-0D1FBEF284BC-SegmentedRaftLogWorker was interrupted, exiting. There are 0 tasks remaining in the queue.
2019-09-19 12:11:49,089 [ForkJoinPool.commonPool-worker-0] INFO  server.GrpcService (GrpcService.java:closeImpl(164)) - c825e6de-820b-4b06-9ed0-c7da8c2503e7: shutdown server with port 34403 now
2019-09-19 12:11:49,089 [main] INFO  segmented.SegmentedRaftLogWorker (SegmentedRaftLogWorker.java:close(228)) - a409f42d-bc3a-405f-bf07-8265a8a77aff@group-0D1FBEF284BC-SegmentedRaftLogWorker close()
2019-09-19 12:11:49,091 [main] INFO  impl.RaftServerImpl (RaftServerImpl.java:lambda$shutdown$3(251)) - a409f42d-bc3a-405f-bf07-8265a8a77aff@group-82AF4051E50B: shutdown
2019-09-19 12:11:49,092 [main] INFO  util.JmxRegister (JmxRegister.java:unregister(73)) - Successfully un-registered JMX Bean with object name Ratis:service=RaftServer,group=group-82AF4051E50B,id=a409f42d-bc3a-405f-bf07-8265a8a77aff
2019-09-19 12:11:49,092 [ForkJoinPool.commonPool-worker-0] INFO  server.GrpcService (GrpcService.java:closeImpl(172)) - c825e6de-820b-4b06-9ed0-c7da8c2503e7: shutdown server with port 34403 successfully
2019-09-19 12:11:49,092 [main] INFO  impl.RoleInfo (RoleInfo.java:shutdownLeaderState(104)) - a409f42d-bc3a-405f-bf07-8265a8a77aff: shutdown LeaderState
2019-09-19 12:11:49,095 [main] INFO  impl.PendingRequests (PendingRequests.java:sendNotLeaderResponses(202)) - a409f42d-bc3a-405f-bf07-8265a8a77aff-PendingRequests: sendNotLeaderResponses
2019-09-19 12:11:49,095 [org.apache.ratis.server.impl.LogAppender$AppenderDaemon$$Lambda$486/1978513215@420d6dbe] WARN  server.GrpcLogAppender (GrpcLogAppender.java:mayWait(143)) - a409f42d-bc3a-405f-bf07-8265a8a77aff@group-82AF4051E50B->9ff75243-8f90-489e-ad4c-fbb8c473db2a-GrpcLogAppender: Wait interrupted by java.lang.InterruptedException
2019-09-19 12:11:49,095 [org.apache.ratis.server.impl.LogAppender$AppenderDaemon$$Lambda$486/1978513215@64c3e14a] WARN  server.GrpcLogAppender (GrpcLogAppender.java:mayWait(143)) - a409f42d-bc3a-405f-bf07-8265a8a77aff@group-82AF4051E50B->587dad1b-1a08-4278-9ac1-e315232e0934-GrpcLogAppender: Wait interrupted by java.lang.InterruptedException
2019-09-19 12:11:49,100 [main] INFO  impl.StateMachineUpdater (StateMachineUpdater.java:stopAndJoin(125)) - a409f42d-bc3a-405f-bf07-8265a8a77aff@group-82AF4051E50B-StateMachineUpdater: set stopIndex = 13
2019-09-19 12:11:49,100 [a409f42d-bc3a-405f-bf07-8265a8a77aff@group-82AF4051E50B-StateMachineUpdater] INFO  ratis.ContainerStateMachine (ContainerStateMachine.java:takeSnapshot(289)) - group-82AF4051E50B: Taking a snapshot at:(t:1, i:11) file /workdir/hadoop-ozone/integration-test/target/test-dir/MiniOzoneClusterImpl-41742b35-60e3-4bf6-81de-f25e83920b6f/datanode-7/data/ratis/dcea782e-2ecf-47a0-b031-82af4051e50b/sm/snapshot.1_11
2019-09-19 12:11:49,100 [refreshUsed-/workdir/hadoop-ozone/integration-test/target/test-dir/MiniOzoneClusterImpl-41742b35-60e3-4bf6-81de-f25e83920b6f/datanode-0/data/containers] WARN  fs.CachingGetSpaceUsed (CachingGetSpaceUsed.java:run(183)) - Thread Interrupted waiting to refresh disk information: sleep interrupted
2019-09-19 12:11:49,114 [a409f42d-bc3a-405f-bf07-8265a8a77aff@group-82AF4051E50B-StateMachineUpdater] INFO  ratis.ContainerStateMachine (ContainerStateMachine.java:takeSnapshot(300)) - group-82AF4051E50B: Finished taking a snapshot at:(t:1, i:11) file:/workdir/hadoop-ozone/integration-test/target/test-dir/MiniOzoneClusterImpl-41742b35-60e3-4bf6-81de-f25e83920b6f/datanode-7/data/ratis/dcea782e-2ecf-47a0-b031-82af4051e50b/sm/snapshot.1_11 time:13
2019-09-19 12:11:49,114 [a409f42d-bc3a-405f-bf07-8265a8a77aff@group-82AF4051E50B-StateMachineUpdater] INFO  impl.StateMachineUpdater (StateMachineUpdater.java:takeSnapshot(258)) - a409f42d-bc3a-405f-bf07-8265a8a77aff@group-82AF4051E50B-StateMachineUpdater: Took a snapshot at index 11
2019-09-19 12:11:49,114 [a409f42d-bc3a-405f-bf07-8265a8a77aff@group-82AF4051E50B-StateMachineUpdater] INFO  impl.StateMachineUpdater (StateMachineUpdater.java:lambda$new$0(83)) - a409f42d-bc3a-405f-bf07-8265a8a77aff@group-82AF4051E50B-StateMachineUpdater: snapshotIndex: updateIncreasingly -1 -> 11
2019-09-19 12:11:49,114 [a409f42d-bc3a-405f-bf07-8265a8a77aff@group-82AF4051E50B-StateMachineUpdater] INFO  ratis.ContainerStateMachine (ContainerStateMachine.java:takeSnapshot(289)) - group-82AF4051E50B: Taking a snapshot at:(t:1, i:11) file /workdir/hadoop-ozone/integration-test/target/test-dir/MiniOzoneClusterImpl-41742b35-60e3-4bf6-81de-f25e83920b6f/datanode-7/data/ratis/dcea782e-2ecf-47a0-b031-82af4051e50b/sm/snapshot.1_11
2019-09-19 12:11:49,119 [ForkJoinPool.commonPool-worker-0] INFO  utils.BackgroundService (BackgroundService.java:shutdown(148)) - Shutting down service BlockDeletingService
2019-09-19 12:11:49,122 [ForkJoinPool.commonPool-worker-0] INFO  statemachine.DatanodeStateMachine (DatanodeStateMachine.java:stopDaemon(395)) - Ozone container server stopped.
2019-09-19 12:11:49,127 [ForkJoinPool.commonPool-worker-0] INFO  handler.ContextHandler (ContextHandler.java:doStop(910)) - Stopped o.e.j.w.WebAppContext@43e9089{/,null,UNAVAILABLE}{/hddsDatanode}
2019-09-19 12:11:49,127 [a409f42d-bc3a-405f-bf07-8265a8a77aff@group-82AF4051E50B-StateMachineUpdater] INFO  ratis.ContainerStateMachine (ContainerStateMachine.java:takeSnapshot(300)) - group-82AF4051E50B: Finished taking a snapshot at:(t:1, i:11) file:/workdir/hadoop-ozone/integration-test/target/test-dir/MiniOzoneClusterImpl-41742b35-60e3-4bf6-81de-f25e83920b6f/datanode-7/data/ratis/dcea782e-2ecf-47a0-b031-82af4051e50b/sm/snapshot.1_11 time:13
2019-09-19 12:11:49,127 [a409f42d-bc3a-405f-bf07-8265a8a77aff@group-82AF4051E50B-StateMachineUpdater] INFO  impl.StateMachineUpdater (StateMachineUpdater.java:takeSnapshot(258)) - a409f42d-bc3a-405f-bf07-8265a8a77aff@group-82AF4051E50B-StateMachineUpdater: Took a snapshot at index 11
2019-09-19 12:11:49,127 [a409f42d-bc3a-405f-bf07-8265a8a77aff@group-82AF4051E50B-StateMachineUpdater] INFO  impl.StateMachineUpdater (StateMachineUpdater.java:lambda$new$0(83)) - a409f42d-bc3a-405f-bf07-8265a8a77aff@group-82AF4051E50B-StateMachineUpdater: snapshotIndex: updateIncreasingly 11 -> 11
2019-09-19 12:11:49,127 [main] INFO  impl.RaftServerImpl (ServerState.java:close(385)) - a409f42d-bc3a-405f-bf07-8265a8a77aff@group-82AF4051E50B: closes. applyIndex: 13
2019-09-19 12:11:49,128 [ForkJoinPool.commonPool-worker-0] INFO  server.AbstractConnector (AbstractConnector.java:doStop(318)) - Stopped ServerConnector@3c5dbdf8{HTTP/1.1,[http/1.1]}{0.0.0.0:0}
2019-09-19 12:11:49,130 [ForkJoinPool.commonPool-worker-0] INFO  handler.ContextHandler (ContextHandler.java:doStop(910)) - Stopped o.e.j.s.ServletContextHandler@558756be{/static,jar:file:/home/user/.m2/repository/org/apache/hadoop/hadoop-hdds-container-service/0.5.0-SNAPSHOT/hadoop-hdds-container-service-0.5.0-SNAPSHOT.jar!/webapps/static,UNAVAILABLE}
2019-09-19 12:11:49,130 [a409f42d-bc3a-405f-bf07-8265a8a77aff@group-82AF4051E50B-SegmentedRaftLogWorker] ERROR ratis.XceiverServerRatis (XceiverServerRatis.java:triggerPipelineClose(572)) - pipeline Action CLOSE  on pipeline PipelineID=dcea782e-2ecf-47a0-b031-82af4051e50b.Reason : WriteLog:16: (t:1, i:16), STATEMACHINELOGENTRY, client-57877EF1F934, cid=54-writeStateMachineData interrupted.
2019-09-19 12:11:49,131 [ForkJoinPool.commonPool-worker-0] INFO  handler.ContextHandler (ContextHandler.java:doStop(910)) - Stopped o.e.j.s.ServletContextHandler@6069dd38{/logs,file:///workdir/hadoop-ozone/integration-test/target/log,UNAVAILABLE}
2019-09-19 12:11:49,142 [main] INFO  segmented.SegmentedRaftLogWorker (SegmentedRaftLogWorker.java:close(228)) - a409f42d-bc3a-405f-bf07-8265a8a77aff@group-82AF4051E50B-SegmentedRaftLogWorker close()
2019-09-19 12:11:49,143 [main] INFO  server.GrpcService (GrpcService.java:closeImpl(164)) - a409f42d-bc3a-405f-bf07-8265a8a77aff: shutdown server with port 38022 now
2019-09-19 12:11:49,143 [main] INFO  server.GrpcService (GrpcService.java:closeImpl(172)) - a409f42d-bc3a-405f-bf07-8265a8a77aff: shutdown server with port 38022 successfully
2019-09-19 12:11:49,145 [refreshUsed-/workdir/hadoop-ozone/integration-test/target/test-dir/MiniOzoneClusterImpl-41742b35-60e3-4bf6-81de-f25e83920b6f/datanode-7/data/containers] WARN  fs.CachingGetSpaceUsed (CachingGetSpaceUsed.java:run(183)) - Thread Interrupted waiting to refresh disk information: sleep interrupted
2019-09-19 12:11:49,161 [main] INFO  utils.BackgroundService (BackgroundService.java:shutdown(148)) - Shutting down service BlockDeletingService
2019-09-19 12:11:49,164 [main] INFO  statemachine.DatanodeStateMachine (DatanodeStateMachine.java:stopDaemon(395)) - Ozone container server stopped.
2019-09-19 12:11:49,165 [main] INFO  handler.ContextHandler (ContextHandler.java:doStop(910)) - Stopped o.e.j.w.WebAppContext@7e5843db{/,null,UNAVAILABLE}{/hddsDatanode}
2019-09-19 12:11:49,165 [main] INFO  server.AbstractConnector (AbstractConnector.java:doStop(318)) - Stopped ServerConnector@459f703f{HTTP/1.1,[http/1.1]}{0.0.0.0:0}
2019-09-19 12:11:49,166 [main] INFO  handler.ContextHandler (ContextHandler.java:doStop(910)) - Stopped o.e.j.s.ServletContextHandler@5f254608{/static,jar:file:/home/user/.m2/repository/org/apache/hadoop/hadoop-hdds-container-service/0.5.0-SNAPSHOT/hadoop-hdds-container-service-0.5.0-SNAPSHOT.jar!/webapps/static,UNAVAILABLE}
2019-09-19 12:11:49,166 [main] INFO  handler.ContextHandler (ContextHandler.java:doStop(910)) - Stopped o.e.j.s.ServletContextHandler@75181b50{/logs,file:///workdir/hadoop-ozone/integration-test/target/log,UNAVAILABLE}
2019-09-19 12:11:49,167 [main] INFO  ozone.MiniOzoneClusterImpl (MiniOzoneClusterImpl.java:stop(339)) - Stopping the StorageContainerManager
2019-09-19 12:11:49,167 [main] INFO  server.StorageContainerManager (StorageContainerManager.java:stop(801)) - Stopping Replication Manager Service.
2019-09-19 12:11:49,168 [main] INFO  container.ReplicationManager (ReplicationManager.java:stop(203)) - Stopping Replication Monitor Thread.
2019-09-19 12:11:49,168 [main] INFO  server.StorageContainerManager (StorageContainerManager.java:stop(808)) - Stopping Lease Manager of the command watchers
2019-09-19 12:11:49,168 [main] INFO  server.StorageContainerManager (StorageContainerManager.java:stop(815)) - Stopping datanode service RPC server
2019-09-19 12:11:49,168 [main] INFO  server.SCMDatanodeProtocolServer (SCMDatanodeProtocolServer.java:stop(367)) - Stopping the RPC server for DataNodes
2019-09-19 12:11:49,168 [main] INFO  ipc.Server (Server.java:stop(3082)) - Stopping server on 42036
2019-09-19 12:11:49,170 [IPC Server listener on 42036] INFO  ipc.Server (Server.java:run(1185)) - Stopping IPC Server listener on 42036
2019-09-19 12:11:49,171 [IPC Server Responder] INFO  ipc.Server (Server.java:run(1319)) - Stopping IPC Server Responder
2019-09-19 12:11:49,216 [SCM Heartbeat Processing Thread - 0] WARN  node.NodeStateManager (NodeStateManager.java:scheduleNextHealthCheck(646)) - Current Thread is interrupted, shutting down HB processing thread for Node Manager.
2019-09-19 12:11:49,216 [main] INFO  server.StorageContainerManager (StorageContainerManager.java:stop(823)) - Stopping block service RPC server
2019-09-19 12:11:49,217 [main] INFO  server.SCMBlockProtocolServer (SCMBlockProtocolServer.java:stop(155)) - Stopping the RPC server for Block Protocol
2019-09-19 12:11:49,217 [main] INFO  ipc.Server (Server.java:stop(3082)) - Stopping server on 35736
2019-09-19 12:11:49,220 [IPC Server listener on 35736] INFO  ipc.Server (Server.java:run(1185)) - Stopping IPC Server listener on 35736
2019-09-19 12:11:49,220 [main] INFO  server.StorageContainerManager (StorageContainerManager.java:stop(830)) - Stopping the StorageContainerLocationProtocol RPC server
2019-09-19 12:11:49,220 [IPC Server Responder] INFO  ipc.Server (Server.java:run(1319)) - Stopping IPC Server Responder
2019-09-19 12:11:49,221 [main] INFO  server.SCMClientProtocolServer (SCMClientProtocolServer.java:stop(159)) - Stopping the RPC server for Client Protocol
2019-09-19 12:11:49,221 [main] INFO  ipc.Server (Server.java:stop(3082)) - Stopping server on 42342
2019-09-19 12:11:49,223 [main] INFO  server.StorageContainerManager (StorageContainerManager.java:stop(837)) - Stopping Storage Container Manager HTTP server.
2019-09-19 12:11:49,223 [IPC Server listener on 42342] INFO  ipc.Server (Server.java:run(1185)) - Stopping IPC Server listener on 42342
2019-09-19 12:11:49,223 [IPC Server Responder] INFO  ipc.Server (Server.java:run(1319)) - Stopping IPC Server Responder
2019-09-19 12:11:49,225 [main] INFO  handler.ContextHandler (ContextHandler.java:doStop(910)) - Stopped o.e.j.w.WebAppContext@7555b920{/,null,UNAVAILABLE}{/scm}
2019-09-19 12:11:49,226 [main] INFO  server.AbstractConnector (AbstractConnector.java:doStop(318)) - Stopped ServerConnector@6db66836{HTTP/1.1,[http/1.1]}{0.0.0.0:0}
2019-09-19 12:11:49,226 [main] INFO  handler.ContextHandler (ContextHandler.java:doStop(910)) - Stopped o.e.j.s.ServletContextHandler@6622fc65{/static,file:///workdir/hadoop-ozone/integration-test/target/test-classes/webapps/static,UNAVAILABLE}
2019-09-19 12:11:49,227 [main] INFO  handler.ContextHandler (ContextHandler.java:doStop(910)) - Stopped o.e.j.s.ServletContextHandler@732f29af{/logs,file:///workdir/hadoop-ozone/integration-test/target/log,UNAVAILABLE}
2019-09-19 12:11:49,228 [main] INFO  server.StorageContainerManager (StorageContainerManager.java:stop(848)) - Stopping Block Manager Service.
2019-09-19 12:11:49,228 [main] INFO  utils.BackgroundService (BackgroundService.java:shutdown(148)) - Shutting down service SCMBlockDeletingService
2019-09-19 12:11:49,228 [main] INFO  utils.BackgroundService (BackgroundService.java:shutdown(148)) - Shutting down service SCMBlockDeletingService
2019-09-19 12:11:49,229 [main] INFO  server.StorageContainerManager (StorageContainerManager.java:stop(870)) - Stopping SCM Event Queue.
2019-09-19 12:11:49,237 [main] INFO  impl.MetricsSystemImpl (MetricsSystemImpl.java:stop(210)) - Stopping XceiverClientMetrics metrics system...
2019-09-19 12:11:49,251 [prometheus] INFO  impl.MetricsSinkAdapter (MetricsSinkAdapter.java:publishMetricsFromQueue(141)) - prometheus thread interrupted.
2019-09-19 12:11:49,252 [main] INFO  impl.MetricsSystemImpl (MetricsSystemImpl.java:stop(216)) - XceiverClientMetrics metrics system stopped.
]]></system-out>
    <system-err><![CDATA[ERROR StatusLogger No Log4j 2 configuration file found. Using default configuration (logging only errors to the console), or user programmatically provided configurations. Set system property 'log4j2.debug' to show Log4j 2 internal initialization logging. See https://logging.apache.org/log4j/2.x/manual/configuration.html for instructions on how to configure Log4j 2
Sep 19, 2019 12:10:34 PM org.apache.ratis.thirdparty.io.grpc.internal.SerializingExecutor run
SEVERE: Exception while executing runnable org.apache.ratis.thirdparty.io.grpc.internal.ServerImpl$JumpToApplicationThreadServerStreamListener$1Closed@35d14137
org.apache.ratis.thirdparty.io.grpc.StatusRuntimeException: CANCELLED: call already cancelled
	at org.apache.ratis.thirdparty.io.grpc.Status.asRuntimeException(Status.java:517)
	at org.apache.ratis.thirdparty.io.grpc.stub.ServerCalls$ServerCallStreamObserverImpl.onCompleted(ServerCalls.java:356)
	at org.apache.ratis.grpc.server.GrpcServerProtocolService$ServerRequestStreamObserver.onError(GrpcServerProtocolService.java:121)
	at org.apache.ratis.thirdparty.io.grpc.stub.ServerCalls$StreamingServerCallHandler$StreamingServerCallListener.onCancel(ServerCalls.java:269)
	at org.apache.ratis.thirdparty.io.grpc.internal.ServerCallImpl$ServerStreamListenerImpl.closed(ServerCallImpl.java:293)
	at org.apache.ratis.thirdparty.io.grpc.internal.ServerImpl$JumpToApplicationThreadServerStreamListener$1Closed.runInContext(ServerImpl.java:741)
	at org.apache.ratis.thirdparty.io.grpc.internal.ContextRunnable.run(ContextRunnable.java:37)
	at org.apache.ratis.thirdparty.io.grpc.internal.SerializingExecutor.run(SerializingExecutor.java:123)
	at java.util.concurrent.ThreadPoolExecutor.runWorker(ThreadPoolExecutor.java:1149)
	at java.util.concurrent.ThreadPoolExecutor$Worker.run(ThreadPoolExecutor.java:624)
	at java.lang.Thread.run(Thread.java:748)

Sep 19, 2019 12:11:05 PM org.apache.ratis.thirdparty.io.grpc.internal.SerializingExecutor run
SEVERE: Exception while executing runnable org.apache.ratis.thirdparty.io.grpc.internal.ServerImpl$JumpToApplicationThreadServerStreamListener$1Closed@1349a815
org.apache.ratis.thirdparty.io.grpc.StatusRuntimeException: CANCELLED: call already cancelled
	at org.apache.ratis.thirdparty.io.grpc.Status.asRuntimeException(Status.java:517)
	at org.apache.ratis.thirdparty.io.grpc.stub.ServerCalls$ServerCallStreamObserverImpl.onCompleted(ServerCalls.java:356)
	at org.apache.ratis.grpc.server.GrpcServerProtocolService$ServerRequestStreamObserver.onError(GrpcServerProtocolService.java:121)
	at org.apache.ratis.thirdparty.io.grpc.stub.ServerCalls$StreamingServerCallHandler$StreamingServerCallListener.onCancel(ServerCalls.java:269)
	at org.apache.ratis.thirdparty.io.grpc.internal.ServerCallImpl$ServerStreamListenerImpl.closed(ServerCallImpl.java:293)
	at org.apache.ratis.thirdparty.io.grpc.internal.ServerImpl$JumpToApplicationThreadServerStreamListener$1Closed.runInContext(ServerImpl.java:741)
	at org.apache.ratis.thirdparty.io.grpc.internal.ContextRunnable.run(ContextRunnable.java:37)
	at org.apache.ratis.thirdparty.io.grpc.internal.SerializingExecutor.run(SerializingExecutor.java:123)
	at java.util.concurrent.ThreadPoolExecutor.runWorker(ThreadPoolExecutor.java:1149)
	at java.util.concurrent.ThreadPoolExecutor$Worker.run(ThreadPoolExecutor.java:624)
	at java.lang.Thread.run(Thread.java:748)

Sep 19, 2019 12:11:33 PM org.apache.ratis.thirdparty.io.grpc.internal.SerializingExecutor run
SEVERE: Exception while executing runnable org.apache.ratis.thirdparty.io.grpc.internal.ServerImpl$JumpToApplicationThreadServerStreamListener$1Closed@307fd3ee
org.apache.ratis.thirdparty.io.grpc.StatusRuntimeException: CANCELLED: call already cancelled
	at org.apache.ratis.thirdparty.io.grpc.Status.asRuntimeException(Status.java:517)
	at org.apache.ratis.thirdparty.io.grpc.stub.ServerCalls$ServerCallStreamObserverImpl.onCompleted(ServerCalls.java:356)
	at org.apache.ratis.grpc.server.GrpcServerProtocolService$ServerRequestStreamObserver.onError(GrpcServerProtocolService.java:121)
	at org.apache.ratis.thirdparty.io.grpc.stub.ServerCalls$StreamingServerCallHandler$StreamingServerCallListener.onCancel(ServerCalls.java:269)
	at org.apache.ratis.thirdparty.io.grpc.internal.ServerCallImpl$ServerStreamListenerImpl.closed(ServerCallImpl.java:293)
	at org.apache.ratis.thirdparty.io.grpc.internal.ServerImpl$JumpToApplicationThreadServerStreamListener$1Closed.runInContext(ServerImpl.java:741)
	at org.apache.ratis.thirdparty.io.grpc.internal.ContextRunnable.run(ContextRunnable.java:37)
	at org.apache.ratis.thirdparty.io.grpc.internal.SerializingExecutor.run(SerializingExecutor.java:123)
	at java.util.concurrent.ThreadPoolExecutor.runWorker(ThreadPoolExecutor.java:1149)
	at java.util.concurrent.ThreadPoolExecutor$Worker.run(ThreadPoolExecutor.java:624)
	at java.lang.Thread.run(Thread.java:748)

Sep 19, 2019 12:11:33 PM org.apache.ratis.thirdparty.io.grpc.internal.SerializingExecutor run
SEVERE: Exception while executing runnable org.apache.ratis.thirdparty.io.grpc.internal.ServerImpl$JumpToApplicationThreadServerStreamListener$1Closed@5cd6ba3c
org.apache.ratis.thirdparty.io.grpc.StatusRuntimeException: CANCELLED: call already cancelled
	at org.apache.ratis.thirdparty.io.grpc.Status.asRuntimeException(Status.java:517)
	at org.apache.ratis.thirdparty.io.grpc.stub.ServerCalls$ServerCallStreamObserverImpl.onCompleted(ServerCalls.java:356)
	at org.apache.ratis.grpc.server.GrpcServerProtocolService$ServerRequestStreamObserver.onError(GrpcServerProtocolService.java:121)
	at org.apache.ratis.thirdparty.io.grpc.stub.ServerCalls$StreamingServerCallHandler$StreamingServerCallListener.onCancel(ServerCalls.java:269)
	at org.apache.ratis.thirdparty.io.grpc.internal.ServerCallImpl$ServerStreamListenerImpl.closed(ServerCallImpl.java:293)
	at org.apache.ratis.thirdparty.io.grpc.internal.ServerImpl$JumpToApplicationThreadServerStreamListener$1Closed.runInContext(ServerImpl.java:741)
	at org.apache.ratis.thirdparty.io.grpc.internal.ContextRunnable.run(ContextRunnable.java:37)
	at org.apache.ratis.thirdparty.io.grpc.internal.SerializingExecutor.run(SerializingExecutor.java:123)
	at java.util.concurrent.ThreadPoolExecutor.runWorker(ThreadPoolExecutor.java:1149)
	at java.util.concurrent.ThreadPoolExecutor$Worker.run(ThreadPoolExecutor.java:624)
	at java.lang.Thread.run(Thread.java:748)

Sep 19, 2019 12:11:38 PM org.apache.ratis.thirdparty.io.grpc.internal.SerializingExecutor run
SEVERE: Exception while executing runnable org.apache.ratis.thirdparty.io.grpc.internal.ServerImpl$JumpToApplicationThreadServerStreamListener$1Closed@4f19947e
org.apache.ratis.thirdparty.io.grpc.StatusRuntimeException: CANCELLED: call already cancelled
	at org.apache.ratis.thirdparty.io.grpc.Status.asRuntimeException(Status.java:517)
	at org.apache.ratis.thirdparty.io.grpc.stub.ServerCalls$ServerCallStreamObserverImpl.onCompleted(ServerCalls.java:356)
	at org.apache.ratis.grpc.server.GrpcServerProtocolService$ServerRequestStreamObserver.onError(GrpcServerProtocolService.java:121)
	at org.apache.ratis.thirdparty.io.grpc.stub.ServerCalls$StreamingServerCallHandler$StreamingServerCallListener.onCancel(ServerCalls.java:269)
	at org.apache.ratis.thirdparty.io.grpc.internal.ServerCallImpl$ServerStreamListenerImpl.closed(ServerCallImpl.java:293)
	at org.apache.ratis.thirdparty.io.grpc.internal.ServerImpl$JumpToApplicationThreadServerStreamListener$1Closed.runInContext(ServerImpl.java:741)
	at org.apache.ratis.thirdparty.io.grpc.internal.ContextRunnable.run(ContextRunnable.java:37)
	at org.apache.ratis.thirdparty.io.grpc.internal.SerializingExecutor.run(SerializingExecutor.java:123)
	at java.util.concurrent.ThreadPoolExecutor.runWorker(ThreadPoolExecutor.java:1149)
	at java.util.concurrent.ThreadPoolExecutor$Worker.run(ThreadPoolExecutor.java:624)
	at java.lang.Thread.run(Thread.java:748)

Sep 19, 2019 12:11:44 PM org.apache.ratis.thirdparty.io.grpc.internal.SerializingExecutor run
SEVERE: Exception while executing runnable org.apache.ratis.thirdparty.io.grpc.internal.ServerImpl$JumpToApplicationThreadServerStreamListener$1Closed@4599a6c
org.apache.ratis.thirdparty.io.grpc.StatusRuntimeException: CANCELLED: call already cancelled
	at org.apache.ratis.thirdparty.io.grpc.Status.asRuntimeException(Status.java:517)
	at org.apache.ratis.thirdparty.io.grpc.stub.ServerCalls$ServerCallStreamObserverImpl.onCompleted(ServerCalls.java:356)
	at org.apache.ratis.grpc.server.GrpcServerProtocolService$ServerRequestStreamObserver.onError(GrpcServerProtocolService.java:121)
	at org.apache.ratis.thirdparty.io.grpc.stub.ServerCalls$StreamingServerCallHandler$StreamingServerCallListener.onCancel(ServerCalls.java:269)
	at org.apache.ratis.thirdparty.io.grpc.internal.ServerCallImpl$ServerStreamListenerImpl.closed(ServerCallImpl.java:293)
	at org.apache.ratis.thirdparty.io.grpc.internal.ServerImpl$JumpToApplicationThreadServerStreamListener$1Closed.runInContext(ServerImpl.java:741)
	at org.apache.ratis.thirdparty.io.grpc.internal.ContextRunnable.run(ContextRunnable.java:37)
	at org.apache.ratis.thirdparty.io.grpc.internal.SerializingExecutor.run(SerializingExecutor.java:123)
	at java.util.concurrent.ThreadPoolExecutor.runWorker(ThreadPoolExecutor.java:1149)
	at java.util.concurrent.ThreadPoolExecutor$Worker.run(ThreadPoolExecutor.java:624)
	at java.lang.Thread.run(Thread.java:748)

]]></system-err>
  </testcase>
  <testcase name="testMultiBlockWritesWithDnFailures" classname="org.apache.hadoop.ozone.client.rpc.TestMultiBlockWritesWithDnFailures" time="60.189"/>
</testsuite>