<?xml version="1.0" encoding="UTF-8"?>
<testsuite xmlns:xsi="http://www.w3.org/2001/XMLSchema-instance" xsi:noNamespaceSchemaLocation="https://maven.apache.org/surefire/maven-surefire-plugin/xsd/surefire-test-report.xsd" name="org.apache.hadoop.ozone.client.rpc.TestWatchForCommit" time="234.912" tests="6" errors="2" skipped="0" failures="0">
  <properties>
    <property name="awt.toolkit" value="sun.awt.X11.XToolkit"/>
    <property name="file.encoding.pkg" value="sun.io"/>
    <property name="java.specification.version" value="1.8"/>
    <property name="sun.cpu.isalist" value=""/>
    <property name="sun.jnu.encoding" value="UTF-8"/>
    <property name="java.class.path" value="/tmp/workdir/hadoop-ozone/integration-test/target/test-classes:/tmp/workdir/hadoop-ozone/integration-test/target/classes:/home/user/.m2/repository/org/apache/hadoop/hadoop-ozone-common/0.5.0-SNAPSHOT/hadoop-ozone-common-0.5.0-SNAPSHOT.jar:/home/user/.m2/repository/org/apache/commons/commons-compress/1.4.1/commons-compress-1.4.1.jar:/home/user/.m2/repository/org/tukaani/xz/1.0/xz-1.0.jar:/home/user/.m2/repository/org/apache/hadoop/hadoop-common/3.2.0/hadoop-common-3.2.0.jar:/home/user/.m2/repository/org/apache/hadoop/hadoop-hdfs/3.2.0/hadoop-hdfs-3.2.0.jar:/home/user/.m2/repository/org/apache/hadoop/hadoop-hdfs-client/3.2.0/hadoop-hdfs-client-3.2.0.jar:/home/user/.m2/repository/com/fasterxml/jackson/core/jackson-annotations/2.9.5/jackson-annotations-2.9.5.jar:/home/user/.m2/repository/org/apache/hadoop/hadoop-hdds-common/0.5.0-SNAPSHOT/hadoop-hdds-common-0.5.0-SNAPSHOT.jar:/home/user/.m2/repository/javax/annotation/javax.annotation-api/1.2/javax.annotation-api-1.2.jar:/home/user/.m2/repository/org/apache/ratis/ratis-server/0.4.0-2337318-SNAPSHOT/ratis-server-0.4.0-2337318-SNAPSHOT.jar:/home/user/.m2/repository/org/apache/ratis/ratis-thirdparty-misc/0.2.0/ratis-thirdparty-misc-0.2.0.jar:/home/user/.m2/repository/org/apache/ratis/ratis-proto/0.4.0-2337318-SNAPSHOT/ratis-proto-0.4.0-2337318-SNAPSHOT.jar:/home/user/.m2/repository/org/apache/ratis/ratis-common/0.4.0-2337318-SNAPSHOT/ratis-common-0.4.0-2337318-SNAPSHOT.jar:/home/user/.m2/repository/org/apache/ratis/ratis-client/0.4.0-2337318-SNAPSHOT/ratis-client-0.4.0-2337318-SNAPSHOT.jar:/home/user/.m2/repository/org/apache/ratis/ratis-metrics/0.4.0-2337318-SNAPSHOT/ratis-metrics-0.4.0-2337318-SNAPSHOT.jar:/home/user/.m2/repository/org/apache/ratis/ratis-netty/0.4.0-2337318-SNAPSHOT/ratis-netty-0.4.0-2337318-SNAPSHOT.jar:/home/user/.m2/repository/org/apache/ratis/ratis-grpc/0.4.0-2337318-SNAPSHOT/ratis-grpc-0.4.0-2337318-SNAPSHOT.jar:/home/user/.m2/repository/org/rocksdb/rocksdbjni/6.0.1/rocksdbjni-6.0.1.jar:/home/user/.m2/repository/org/apache/logging/log4j/log4j-api/2.11.0/log4j-api-2.11.0.jar:/home/user/.m2/repository/org/apache/logging/log4j/log4j-core/2.11.0/log4j-core-2.11.0.jar:/home/user/.m2/repository/com/lmax/disruptor/3.4.2/disruptor-3.4.2.jar:/home/user/.m2/repository/org/apache/commons/commons-pool2/2.6.0/commons-pool2-2.6.0.jar:/home/user/.m2/repository/org/bouncycastle/bcpkix-jdk15on/1.60/bcpkix-jdk15on-1.60.jar:/home/user/.m2/repository/commons-validator/commons-validator/1.6/commons-validator-1.6.jar:/home/user/.m2/repository/commons-digester/commons-digester/1.8.1/commons-digester-1.8.1.jar:/home/user/.m2/repository/io/jaegertracing/jaeger-client/0.33.1/jaeger-client-0.33.1.jar:/home/user/.m2/repository/io/jaegertracing/jaeger-thrift/0.33.1/jaeger-thrift-0.33.1.jar:/home/user/.m2/repository/org/apache/thrift/libthrift/0.11.0/libthrift-0.11.0.jar:/home/user/.m2/repository/com/squareup/okhttp3/okhttp/3.9.0/okhttp-3.9.0.jar:/home/user/.m2/repository/com/squareup/okio/okio/1.13.0/okio-1.13.0.jar:/home/user/.m2/repository/io/jaegertracing/jaeger-core/0.33.1/jaeger-core-0.33.1.jar:/home/user/.m2/repository/io/jaegertracing/jaeger-tracerresolver/0.33.1/jaeger-tracerresolver-0.33.1.jar:/home/user/.m2/repository/io/opentracing/contrib/opentracing-tracerresolver/0.1.5/opentracing-tracerresolver-0.1.5.jar:/home/user/.m2/repository/io/opentracing/opentracing-util/0.31.0/opentracing-util-0.31.0.jar:/home/user/.m2/repository/io/opentracing/opentracing-api/0.31.0/opentracing-api-0.31.0.jar:/home/user/.m2/repository/io/opentracing/opentracing-noop/0.31.0/opentracing-noop-0.31.0.jar:/home/user/.m2/repository/org/apache/hadoop/hadoop-hdds-server-framework/0.5.0-SNAPSHOT/hadoop-hdds-server-framework-0.5.0-SNAPSHOT.jar:/home/user/.m2/repository/org/apache/hadoop/hadoop-hdds-container-service/0.5.0-SNAPSHOT/hadoop-hdds-container-service-0.5.0-SNAPSHOT.jar:/home/user/.m2/repository/org/apache/hadoop/hadoop-hdds-client/0.5.0-SNAPSHOT/hadoop-hdds-client-0.5.0-SNAPSHOT.jar:/home/user/.m2/repository/org/apache/hadoop/hadoop-hdds-tools/0.5.0-SNAPSHOT/hadoop-hdds-tools-0.5.0-SNAPSHOT.jar:/home/user/.m2/repository/org/apache/hadoop/hadoop-hdds-server-scm/0.5.0-SNAPSHOT/hadoop-hdds-server-scm-0.5.0-SNAPSHOT.jar:/home/user/.m2/repository/org/apache/hadoop/hadoop-hdds-docs/0.5.0-SNAPSHOT/hadoop-hdds-docs-0.5.0-SNAPSHOT.jar:/home/user/.m2/repository/io/dropwizard/metrics/metrics-core/3.2.4/metrics-core-3.2.4.jar:/home/user/.m2/repository/org/hamcrest/hamcrest-all/1.3/hamcrest-all-1.3.jar:/home/user/.m2/repository/org/bouncycastle/bcprov-jdk15on/1.60/bcprov-jdk15on-1.60.jar:/home/user/.m2/repository/info/picocli/picocli/3.9.6/picocli-3.9.6.jar:/home/user/.m2/repository/com/google/protobuf/protobuf-java/2.5.0/protobuf-java-2.5.0.jar:/home/user/.m2/repository/com/google/guava/guava/11.0.2/guava-11.0.2.jar:/home/user/.m2/repository/org/apache/hadoop/hadoop-ozone-ozone-manager/0.5.0-SNAPSHOT/hadoop-ozone-ozone-manager-0.5.0-SNAPSHOT.jar:/home/user/.m2/repository/org/apache/hadoop/hadoop-minikdc/3.2.0/hadoop-minikdc-3.2.0.jar:/home/user/.m2/repository/commons-io/commons-io/2.5/commons-io-2.5.jar:/home/user/.m2/repository/org/apache/kerby/kerb-simplekdc/1.0.1/kerb-simplekdc-1.0.1.jar:/home/user/.m2/repository/org/apache/kerby/kerb-client/1.0.1/kerb-client-1.0.1.jar:/home/user/.m2/repository/org/apache/kerby/kerby-config/1.0.1/kerby-config-1.0.1.jar:/home/user/.m2/repository/org/apache/kerby/kerb-core/1.0.1/kerb-core-1.0.1.jar:/home/user/.m2/repository/org/apache/kerby/kerby-pkix/1.0.1/kerby-pkix-1.0.1.jar:/home/user/.m2/repository/org/apache/kerby/kerby-asn1/1.0.1/kerby-asn1-1.0.1.jar:/home/user/.m2/repository/org/apache/kerby/kerby-util/1.0.1/kerby-util-1.0.1.jar:/home/user/.m2/repository/org/apache/kerby/kerb-common/1.0.1/kerb-common-1.0.1.jar:/home/user/.m2/repository/org/apache/kerby/kerb-crypto/1.0.1/kerb-crypto-1.0.1.jar:/home/user/.m2/repository/org/apache/kerby/kerb-util/1.0.1/kerb-util-1.0.1.jar:/home/user/.m2/repository/org/apache/kerby/token-provider/1.0.1/token-provider-1.0.1.jar:/home/user/.m2/repository/org/apache/kerby/kerb-admin/1.0.1/kerb-admin-1.0.1.jar:/home/user/.m2/repository/org/apache/kerby/kerb-server/1.0.1/kerb-server-1.0.1.jar:/home/user/.m2/repository/org/apache/kerby/kerb-identity/1.0.1/kerb-identity-1.0.1.jar:/home/user/.m2/repository/org/apache/kerby/kerby-xdr/1.0.1/kerby-xdr-1.0.1.jar:/home/user/.m2/repository/org/slf4j/slf4j-log4j12/1.7.25/slf4j-log4j12-1.7.25.jar:/home/user/.m2/repository/org/apache/hadoop/hadoop-ozone-objectstore-service/0.5.0-SNAPSHOT/hadoop-ozone-objectstore-service-0.5.0-SNAPSHOT.jar:/home/user/.m2/repository/org/apache/hadoop/hadoop-ozone-s3gateway/0.5.0-SNAPSHOT/hadoop-ozone-s3gateway-0.5.0-SNAPSHOT.jar:/home/user/.m2/repository/org/jboss/weld/servlet/weld-servlet/2.4.7.Final/weld-servlet-2.4.7.Final.jar:/home/user/.m2/repository/org/glassfish/jersey/containers/jersey-container-servlet-core/2.27/jersey-container-servlet-core-2.27.jar:/home/user/.m2/repository/org/glassfish/hk2/external/javax.inject/2.5.0-b42/javax.inject-2.5.0-b42.jar:/home/user/.m2/repository/org/glassfish/jersey/core/jersey-common/2.27/jersey-common-2.27.jar:/home/user/.m2/repository/org/glassfish/hk2/osgi-resource-locator/1.0.1/osgi-resource-locator-1.0.1.jar:/home/user/.m2/repository/javax/ws/rs/javax.ws.rs-api/2.1/javax.ws.rs-api-2.1.jar:/home/user/.m2/repository/org/glassfish/jersey/ext/cdi/jersey-cdi1x/2.27/jersey-cdi1x-2.27.jar:/home/user/.m2/repository/org/glassfish/jersey/inject/jersey-hk2/2.27/jersey-hk2-2.27.jar:/home/user/.m2/repository/org/glassfish/hk2/hk2-locator/2.5.0-b42/hk2-locator-2.5.0-b42.jar:/home/user/.m2/repository/org/javassist/javassist/3.22.0-CR2/javassist-3.22.0-CR2.jar:/home/user/.m2/repository/org/glassfish/hk2/hk2-api/2.5.0/hk2-api-2.5.0.jar:/home/user/.m2/repository/org/glassfish/hk2/external/jakarta.inject/2.5.0/jakarta.inject-2.5.0.jar:/home/user/.m2/repository/org/glassfish/hk2/hk2-utils/2.5.0/hk2-utils-2.5.0.jar:/home/user/.m2/repository/jakarta/annotation/jakarta.annotation-api/1.3.4/jakarta.annotation-api-1.3.4.jar:/home/user/.m2/repository/org/glassfish/hk2/external/aopalliance-repackaged/2.5.0/aopalliance-repackaged-2.5.0.jar:/home/user/.m2/repository/com/fasterxml/jackson/dataformat/jackson-dataformat-xml/2.9.0/jackson-dataformat-xml-2.9.0.jar:/home/user/.m2/repository/com/fasterxml/jackson/core/jackson-core/2.9.5/jackson-core-2.9.5.jar:/home/user/.m2/repository/com/fasterxml/jackson/module/jackson-module-jaxb-annotations/2.9.5/jackson-module-jaxb-annotations-2.9.5.jar:/home/user/.m2/repository/javax/enterprise/cdi-api/1.2/cdi-api-1.2.jar:/home/user/.m2/repository/javax/el/javax.el-api/3.0.0/javax.el-api-3.0.0.jar:/home/user/.m2/repository/javax/interceptor/javax.interceptor-api/1.2/javax.interceptor-api-1.2.jar:/home/user/.m2/repository/javax/inject/javax.inject/1/javax.inject-1.jar:/home/user/.m2/repository/com/sun/xml/bind/jaxb-impl/2.3.0.1/jaxb-impl-2.3.0.1.jar:/home/user/.m2/repository/com/sun/xml/bind/jaxb-core/2.3.0.1/jaxb-core-2.3.0.1.jar:/home/user/.m2/repository/javax/xml/bind/jaxb-api/2.3.0/jaxb-api-2.3.0.jar:/home/user/.m2/repository/javax/activation/activation/1.1.1/activation-1.1.1.jar:/home/user/.m2/repository/org/apache/hadoop/hadoop-ozone-csi/0.5.0-SNAPSHOT/hadoop-ozone-csi-0.5.0-SNAPSHOT.jar:/home/user/.m2/repository/com/google/protobuf/protobuf-java-util/3.5.1/protobuf-java-util-3.5.1.jar:/home/user/.m2/repository/org/apache/hadoop/hadoop-hdds-config/0.5.0-SNAPSHOT/hadoop-hdds-config-0.5.0-SNAPSHOT.jar:/home/user/.m2/repository/io/grpc/grpc-netty/1.17.1/grpc-netty-1.17.1.jar:/home/user/.m2/repository/io/grpc/grpc-core/1.17.1/grpc-core-1.17.1.jar:/home/user/.m2/repository/io/grpc/grpc-context/1.17.1/grpc-context-1.17.1.jar:/home/user/.m2/repository/com/google/errorprone/error_prone_annotations/2.2.0/error_prone_annotations-2.2.0.jar:/home/user/.m2/repository/org/codehaus/mojo/animal-sniffer-annotations/1.17/animal-sniffer-annotations-1.17.jar:/home/user/.m2/repository/io/opencensus/opencensus-api/0.17.0/opencensus-api-0.17.0.jar:/home/user/.m2/repository/io/opencensus/opencensus-contrib-grpc-metrics/0.17.0/opencensus-contrib-grpc-metrics-0.17.0.jar:/home/user/.m2/repository/io/netty/netty-codec-http2/4.1.30.Final/netty-codec-http2-4.1.30.Final.jar:/home/user/.m2/repository/io/netty/netty-codec-http/4.1.30.Final/netty-codec-http-4.1.30.Final.jar:/home/user/.m2/repository/io/netty/netty-codec/4.1.30.Final/netty-codec-4.1.30.Final.jar:/home/user/.m2/repository/io/netty/netty-handler/4.1.30.Final/netty-handler-4.1.30.Final.jar:/home/user/.m2/repository/io/netty/netty-handler-proxy/4.1.30.Final/netty-handler-proxy-4.1.30.Final.jar:/home/user/.m2/repository/io/netty/netty-codec-socks/4.1.30.Final/netty-codec-socks-4.1.30.Final.jar:/home/user/.m2/repository/io/netty/netty-transport-native-epoll/4.1.30.Final/netty-transport-native-epoll-4.1.30.Final.jar:/home/user/.m2/repository/io/netty/netty-common/4.1.30.Final/netty-common-4.1.30.Final.jar:/home/user/.m2/repository/io/netty/netty-buffer/4.1.30.Final/netty-buffer-4.1.30.Final.jar:/home/user/.m2/repository/io/netty/netty-transport/4.1.30.Final/netty-transport-4.1.30.Final.jar:/home/user/.m2/repository/io/netty/netty-resolver/4.1.30.Final/netty-resolver-4.1.30.Final.jar:/home/user/.m2/repository/io/netty/netty-transport-native-unix-common/4.1.30.Final/netty-transport-native-unix-common-4.1.30.Final.jar:/home/user/.m2/repository/io/grpc/grpc-protobuf/1.17.1/grpc-protobuf-1.17.1.jar:/home/user/.m2/repository/com/google/api/grpc/proto-google-common-protos/1.0.0/proto-google-common-protos-1.0.0.jar:/home/user/.m2/repository/io/grpc/grpc-protobuf-lite/1.17.1/grpc-protobuf-lite-1.17.1.jar:/home/user/.m2/repository/io/grpc/grpc-stub/1.17.1/grpc-stub-1.17.1.jar:/home/user/.m2/repository/org/apache/hadoop/hadoop-ozone-recon/0.5.0-SNAPSHOT/hadoop-ozone-recon-0.5.0-SNAPSHOT.jar:/home/user/.m2/repository/org/apache/hadoop/hadoop-ozone-reconcodegen/0.5.0-SNAPSHOT/hadoop-ozone-reconcodegen-0.5.0-SNAPSHOT.jar:/home/user/.m2/repository/com/google/inject/extensions/guice-multibindings/4.0/guice-multibindings-4.0.jar:/home/user/.m2/repository/com/google/inject/guice/4.0/guice-4.0.jar:/home/user/.m2/repository/aopalliance/aopalliance/1.0/aopalliance-1.0.jar:/home/user/.m2/repository/com/google/inject/extensions/guice-servlet/4.0/guice-servlet-4.0.jar:/home/user/.m2/repository/org/glassfish/jersey/containers/jersey-container-servlet/2.27/jersey-container-servlet-2.27.jar:/home/user/.m2/repository/org/glassfish/hk2/guice-bridge/2.5.0/guice-bridge-2.5.0.jar:/home/user/.m2/repository/org/glassfish/jersey/core/jersey-server/2.27/jersey-server-2.27.jar:/home/user/.m2/repository/org/glassfish/jersey/core/jersey-client/2.27/jersey-client-2.27.jar:/home/user/.m2/repository/org/glassfish/jersey/media/jersey-media-jaxb/2.27/jersey-media-jaxb-2.27.jar:/home/user/.m2/repository/javax/validation/validation-api/1.1.0.Final/validation-api-1.1.0.Final.jar:/home/user/.m2/repository/org/glassfish/jersey/media/jersey-media-json-jackson/2.27/jersey-media-json-jackson-2.27.jar:/home/user/.m2/repository/org/glassfish/jersey/ext/jersey-entity-filtering/2.27/jersey-entity-filtering-2.27.jar:/home/user/.m2/repository/com/google/inject/extensions/guice-assistedinject/4.0/guice-assistedinject-4.0.jar:/home/user/.m2/repository/org/jooq/jooq/3.11.10/jooq-3.11.10.jar:/home/user/.m2/repository/org/jooq/jooq-meta/3.11.10/jooq-meta-3.11.10.jar:/home/user/.m2/repository/org/jooq/jooq-codegen/3.11.10/jooq-codegen-3.11.10.jar:/home/user/.m2/repository/com/jolbox/bonecp/0.8.0.RELEASE/bonecp-0.8.0.RELEASE.jar:/home/user/.m2/repository/org/xerial/sqlite-jdbc/3.25.2/sqlite-jdbc-3.25.2.jar:/home/user/.m2/repository/org/springframework/spring-jdbc/5.1.3.RELEASE/spring-jdbc-5.1.3.RELEASE.jar:/home/user/.m2/repository/org/springframework/spring-beans/5.1.3.RELEASE/spring-beans-5.1.3.RELEASE.jar:/home/user/.m2/repository/org/springframework/spring-core/5.1.3.RELEASE/spring-core-5.1.3.RELEASE.jar:/home/user/.m2/repository/org/springframework/spring-jcl/5.1.3.RELEASE/spring-jcl-5.1.3.RELEASE.jar:/home/user/.m2/repository/org/springframework/spring-tx/5.1.3.RELEASE/spring-tx-5.1.3.RELEASE.jar:/home/user/.m2/repository/org/apache/hadoop/hadoop-ozone-client/0.5.0-SNAPSHOT/hadoop-ozone-client-0.5.0-SNAPSHOT.jar:/home/user/.m2/repository/commons-lang/commons-lang/2.6/commons-lang-2.6.jar:/home/user/.m2/repository/org/apache/hadoop/hadoop-ozone-ozone-manager/0.5.0-SNAPSHOT/hadoop-ozone-ozone-manager-0.5.0-SNAPSHOT-tests.jar:/home/user/.m2/repository/junit/junit/4.11/junit-4.11.jar:/home/user/.m2/repository/org/hamcrest/hamcrest-core/1.3/hamcrest-core-1.3.jar:/home/user/.m2/repository/org/openjdk/jmh/jmh-core/1.19/jmh-core-1.19.jar:/home/user/.m2/repository/net/sf/jopt-simple/jopt-simple/4.6/jopt-simple-4.6.jar:/home/user/.m2/repository/org/apache/commons/commons-math3/3.1.1/commons-math3-3.1.1.jar:/home/user/.m2/repository/org/openjdk/jmh/jmh-generator-annprocess/1.19/jmh-generator-annprocess-1.19.jar:/home/user/.m2/repository/org/mockito/mockito-all/1.8.5/mockito-all-1.8.5.jar:/home/user/.m2/repository/org/apache/hadoop/hadoop-kms/3.2.0/hadoop-kms-3.2.0.jar:/home/user/.m2/repository/org/apache/hadoop/hadoop-auth/3.2.0/hadoop-auth-3.2.0.jar:/home/user/.m2/repository/com/nimbusds/nimbus-jose-jwt/4.41.1/nimbus-jose-jwt-4.41.1.jar:/home/user/.m2/repository/com/github/stephenc/jcip/jcip-annotations/1.0-1/jcip-annotations-1.0-1.jar:/home/user/.m2/repository/net/minidev/json-smart/2.3/json-smart-2.3.jar:/home/user/.m2/repository/net/minidev/accessors-smart/1.2/accessors-smart-1.2.jar:/home/user/.m2/repository/org/ow2/asm/asm/5.0.4/asm-5.0.4.jar:/home/user/.m2/repository/org/apache/curator/curator-framework/2.12.0/curator-framework-2.12.0.jar:/home/user/.m2/repository/com/sun/jersey/jersey-core/1.19/jersey-core-1.19.jar:/home/user/.m2/repository/javax/ws/rs/jsr311-api/1.1.1/jsr311-api-1.1.1.jar:/home/user/.m2/repository/com/sun/jersey/jersey-server/1.19/jersey-server-1.19.jar:/home/user/.m2/repository/javax/servlet/javax.servlet-api/3.1.0/javax.servlet-api-3.1.0.jar:/home/user/.m2/repository/org/eclipse/jetty/jetty-server/9.3.24.v20180605/jetty-server-9.3.24.v20180605.jar:/home/user/.m2/repository/org/eclipse/jetty/jetty-http/9.3.24.v20180605/jetty-http-9.3.24.v20180605.jar:/home/user/.m2/repository/org/eclipse/jetty/jetty-io/9.3.24.v20180605/jetty-io-9.3.24.v20180605.jar:/home/user/.m2/repository/org/eclipse/jetty/jetty-webapp/9.3.24.v20180605/jetty-webapp-9.3.24.v20180605.jar:/home/user/.m2/repository/org/eclipse/jetty/jetty-xml/9.3.24.v20180605/jetty-xml-9.3.24.v20180605.jar:/home/user/.m2/repository/log4j/log4j/1.2.17/log4j-1.2.17.jar:/home/user/.m2/repository/org/slf4j/slf4j-api/1.7.25/slf4j-api-1.7.25.jar:/home/user/.m2/repository/org/slf4j/jul-to-slf4j/1.7.25/jul-to-slf4j-1.7.25.jar:/home/user/.m2/repository/org/eclipse/jetty/jetty-util/9.3.24.v20180605/jetty-util-9.3.24.v20180605.jar:/home/user/.m2/repository/com/fasterxml/jackson/core/jackson-databind/2.9.5/jackson-databind-2.9.5.jar:/home/user/.m2/repository/org/apache/hadoop/hadoop-kms/3.2.0/hadoop-kms-3.2.0-tests.jar:/home/user/.m2/repository/org/apache/hadoop/hadoop-hdds-server-scm/0.5.0-SNAPSHOT/hadoop-hdds-server-scm-0.5.0-SNAPSHOT-tests.jar:/home/user/.m2/repository/org/apache/hadoop/hadoop-hdds-container-service/0.5.0-SNAPSHOT/hadoop-hdds-container-service-0.5.0-SNAPSHOT-tests.jar:/home/user/.m2/repository/org/yaml/snakeyaml/1.16/snakeyaml-1.16.jar:/home/user/.m2/repository/org/apache/hadoop/hadoop-common/3.2.0/hadoop-common-3.2.0-tests.jar:/home/user/.m2/repository/org/apache/hadoop/hadoop-annotations/3.2.0/hadoop-annotations-3.2.0.jar:/usr/lib/jvm/java-1.8-openjdk/jre/../lib/tools.jar:/home/user/.m2/repository/commons-cli/commons-cli/1.2/commons-cli-1.2.jar:/home/user/.m2/repository/org/apache/httpcomponents/httpclient/4.5.2/httpclient-4.5.2.jar:/home/user/.m2/repository/org/apache/httpcomponents/httpcore/4.4.4/httpcore-4.4.4.jar:/home/user/.m2/repository/commons-codec/commons-codec/1.11/commons-codec-1.11.jar:/home/user/.m2/repository/commons-net/commons-net/3.6/commons-net-3.6.jar:/home/user/.m2/repository/commons-collections/commons-collections/3.2.2/commons-collections-3.2.2.jar:/home/user/.m2/repository/org/eclipse/jetty/jetty-servlet/9.3.24.v20180605/jetty-servlet-9.3.24.v20180605.jar:/home/user/.m2/repository/org/eclipse/jetty/jetty-security/9.3.24.v20180605/jetty-security-9.3.24.v20180605.jar:/home/user/.m2/repository/javax/servlet/jsp/jsp-api/2.1/jsp-api-2.1.jar:/home/user/.m2/repository/com/sun/jersey/jersey-servlet/1.19/jersey-servlet-1.19.jar:/home/user/.m2/repository/com/sun/jersey/jersey-json/1.19/jersey-json-1.19.jar:/home/user/.m2/repository/org/codehaus/jettison/jettison/1.1/jettison-1.1.jar:/home/user/.m2/repository/org/codehaus/jackson/jackson-core-asl/1.9.13/jackson-core-asl-1.9.13.jar:/home/user/.m2/repository/org/codehaus/jackson/jackson-mapper-asl/1.9.13/jackson-mapper-asl-1.9.13.jar:/home/user/.m2/repository/org/codehaus/jackson/jackson-jaxrs/1.9.13/jackson-jaxrs-1.9.13.jar:/home/user/.m2/repository/org/codehaus/jackson/jackson-xc/1.9.13/jackson-xc-1.9.13.jar:/home/user/.m2/repository/commons-logging/commons-logging/1.1.3/commons-logging-1.1.3.jar:/home/user/.m2/repository/commons-beanutils/commons-beanutils/1.9.3/commons-beanutils-1.9.3.jar:/home/user/.m2/repository/org/apache/commons/commons-configuration2/2.1.1/commons-configuration2-2.1.1.jar:/home/user/.m2/repository/org/apache/commons/commons-lang3/3.7/commons-lang3-3.7.jar:/home/user/.m2/repository/org/apache/commons/commons-text/1.4/commons-text-1.4.jar:/home/user/.m2/repository/org/apache/avro/avro/1.7.7/avro-1.7.7.jar:/home/user/.m2/repository/com/thoughtworks/paranamer/paranamer/2.3/paranamer-2.3.jar:/home/user/.m2/repository/org/xerial/snappy/snappy-java/1.0.5/snappy-java-1.0.5.jar:/home/user/.m2/repository/com/google/re2j/re2j/1.1/re2j-1.1.jar:/home/user/.m2/repository/com/google/code/gson/gson/2.2.4/gson-2.2.4.jar:/home/user/.m2/repository/com/jcraft/jsch/0.1.54/jsch-0.1.54.jar:/home/user/.m2/repository/org/apache/curator/curator-client/2.12.0/curator-client-2.12.0.jar:/home/user/.m2/repository/org/apache/curator/curator-recipes/2.12.0/curator-recipes-2.12.0.jar:/home/user/.m2/repository/com/google/code/findbugs/jsr305/3.0.0/jsr305-3.0.0.jar:/home/user/.m2/repository/org/apache/htrace/htrace-core4/4.1.0-incubating/htrace-core4-4.1.0-incubating.jar:/home/user/.m2/repository/org/apache/zookeeper/zookeeper/3.4.13/zookeeper-3.4.13.jar:/home/user/.m2/repository/org/apache/yetus/audience-annotations/0.5.0/audience-annotations-0.5.0.jar:/home/user/.m2/repository/org/codehaus/woodstox/stax2-api/3.1.4/stax2-api-3.1.4.jar:/home/user/.m2/repository/com/fasterxml/woodstox/woodstox-core/5.0.3/woodstox-core-5.0.3.jar:/home/user/.m2/repository/dnsjava/dnsjava/2.1.7/dnsjava-2.1.7.jar:/home/user/.m2/repository/org/apache/hadoop/hadoop-hdfs/3.2.0/hadoop-hdfs-3.2.0-tests.jar:/home/user/.m2/repository/org/eclipse/jetty/jetty-util-ajax/9.3.24.v20180605/jetty-util-ajax-9.3.24.v20180605.jar:/home/user/.m2/repository/commons-daemon/commons-daemon/1.0.13/commons-daemon-1.0.13.jar:/home/user/.m2/repository/io/netty/netty/3.10.5.Final/netty-3.10.5.Final.jar:/home/user/.m2/repository/io/netty/netty-all/4.0.52.Final/netty-all-4.0.52.Final.jar:/home/user/.m2/repository/org/fusesource/leveldbjni/leveldbjni-all/1.8/leveldbjni-all-1.8.jar:"/>
    <property name="java.vm.vendor" value="IcedTea"/>
    <property name="sun.arch.data.model" value="64"/>
    <property name="test.build.dir" value="/tmp/workdir/hadoop-ozone/integration-test/target/test-dir"/>
    <property name="test.cache.data" value=""/>
    <property name="java.vendor.url" value="https://icedtea.classpath.org"/>
    <property name="user.timezone" value=""/>
    <property name="java.vm.specification.version" value="1.8"/>
    <property name="os.name" value="Linux"/>
    <property name="test.build.data" value="/tmp/workdir/hadoop-ozone/integration-test/target/test-dir"/>
    <property name="user.country" value="US"/>
    <property name="sun.java.launcher" value="SUN_STANDARD"/>
    <property name="sun.boot.library.path" value="/usr/lib/jvm/java-1.8-openjdk/jre/lib/amd64"/>
    <property name="sun.java.command" value="/tmp/workdir/hadoop-ozone/integration-test/target/surefire/surefirebooter2405025243909506436.jar /tmp/workdir/hadoop-ozone/integration-test/target/surefire 2019-07-13T22-10-59_871-jvmRun1 surefire684844099406475722tmp surefire_399017566762696683608tmp"/>
    <property name="surefire.test.class.path" value="/tmp/workdir/hadoop-ozone/integration-test/target/test-classes:/tmp/workdir/hadoop-ozone/integration-test/target/classes:/home/user/.m2/repository/org/apache/hadoop/hadoop-ozone-common/0.5.0-SNAPSHOT/hadoop-ozone-common-0.5.0-SNAPSHOT.jar:/home/user/.m2/repository/org/apache/commons/commons-compress/1.4.1/commons-compress-1.4.1.jar:/home/user/.m2/repository/org/tukaani/xz/1.0/xz-1.0.jar:/home/user/.m2/repository/org/apache/hadoop/hadoop-common/3.2.0/hadoop-common-3.2.0.jar:/home/user/.m2/repository/org/apache/hadoop/hadoop-hdfs/3.2.0/hadoop-hdfs-3.2.0.jar:/home/user/.m2/repository/org/apache/hadoop/hadoop-hdfs-client/3.2.0/hadoop-hdfs-client-3.2.0.jar:/home/user/.m2/repository/com/fasterxml/jackson/core/jackson-annotations/2.9.5/jackson-annotations-2.9.5.jar:/home/user/.m2/repository/org/apache/hadoop/hadoop-hdds-common/0.5.0-SNAPSHOT/hadoop-hdds-common-0.5.0-SNAPSHOT.jar:/home/user/.m2/repository/javax/annotation/javax.annotation-api/1.2/javax.annotation-api-1.2.jar:/home/user/.m2/repository/org/apache/ratis/ratis-server/0.4.0-2337318-SNAPSHOT/ratis-server-0.4.0-2337318-SNAPSHOT.jar:/home/user/.m2/repository/org/apache/ratis/ratis-thirdparty-misc/0.2.0/ratis-thirdparty-misc-0.2.0.jar:/home/user/.m2/repository/org/apache/ratis/ratis-proto/0.4.0-2337318-SNAPSHOT/ratis-proto-0.4.0-2337318-SNAPSHOT.jar:/home/user/.m2/repository/org/apache/ratis/ratis-common/0.4.0-2337318-SNAPSHOT/ratis-common-0.4.0-2337318-SNAPSHOT.jar:/home/user/.m2/repository/org/apache/ratis/ratis-client/0.4.0-2337318-SNAPSHOT/ratis-client-0.4.0-2337318-SNAPSHOT.jar:/home/user/.m2/repository/org/apache/ratis/ratis-metrics/0.4.0-2337318-SNAPSHOT/ratis-metrics-0.4.0-2337318-SNAPSHOT.jar:/home/user/.m2/repository/org/apache/ratis/ratis-netty/0.4.0-2337318-SNAPSHOT/ratis-netty-0.4.0-2337318-SNAPSHOT.jar:/home/user/.m2/repository/org/apache/ratis/ratis-grpc/0.4.0-2337318-SNAPSHOT/ratis-grpc-0.4.0-2337318-SNAPSHOT.jar:/home/user/.m2/repository/org/rocksdb/rocksdbjni/6.0.1/rocksdbjni-6.0.1.jar:/home/user/.m2/repository/org/apache/logging/log4j/log4j-api/2.11.0/log4j-api-2.11.0.jar:/home/user/.m2/repository/org/apache/logging/log4j/log4j-core/2.11.0/log4j-core-2.11.0.jar:/home/user/.m2/repository/com/lmax/disruptor/3.4.2/disruptor-3.4.2.jar:/home/user/.m2/repository/org/apache/commons/commons-pool2/2.6.0/commons-pool2-2.6.0.jar:/home/user/.m2/repository/org/bouncycastle/bcpkix-jdk15on/1.60/bcpkix-jdk15on-1.60.jar:/home/user/.m2/repository/commons-validator/commons-validator/1.6/commons-validator-1.6.jar:/home/user/.m2/repository/commons-digester/commons-digester/1.8.1/commons-digester-1.8.1.jar:/home/user/.m2/repository/io/jaegertracing/jaeger-client/0.33.1/jaeger-client-0.33.1.jar:/home/user/.m2/repository/io/jaegertracing/jaeger-thrift/0.33.1/jaeger-thrift-0.33.1.jar:/home/user/.m2/repository/org/apache/thrift/libthrift/0.11.0/libthrift-0.11.0.jar:/home/user/.m2/repository/com/squareup/okhttp3/okhttp/3.9.0/okhttp-3.9.0.jar:/home/user/.m2/repository/com/squareup/okio/okio/1.13.0/okio-1.13.0.jar:/home/user/.m2/repository/io/jaegertracing/jaeger-core/0.33.1/jaeger-core-0.33.1.jar:/home/user/.m2/repository/io/jaegertracing/jaeger-tracerresolver/0.33.1/jaeger-tracerresolver-0.33.1.jar:/home/user/.m2/repository/io/opentracing/contrib/opentracing-tracerresolver/0.1.5/opentracing-tracerresolver-0.1.5.jar:/home/user/.m2/repository/io/opentracing/opentracing-util/0.31.0/opentracing-util-0.31.0.jar:/home/user/.m2/repository/io/opentracing/opentracing-api/0.31.0/opentracing-api-0.31.0.jar:/home/user/.m2/repository/io/opentracing/opentracing-noop/0.31.0/opentracing-noop-0.31.0.jar:/home/user/.m2/repository/org/apache/hadoop/hadoop-hdds-server-framework/0.5.0-SNAPSHOT/hadoop-hdds-server-framework-0.5.0-SNAPSHOT.jar:/home/user/.m2/repository/org/apache/hadoop/hadoop-hdds-container-service/0.5.0-SNAPSHOT/hadoop-hdds-container-service-0.5.0-SNAPSHOT.jar:/home/user/.m2/repository/org/apache/hadoop/hadoop-hdds-client/0.5.0-SNAPSHOT/hadoop-hdds-client-0.5.0-SNAPSHOT.jar:/home/user/.m2/repository/org/apache/hadoop/hadoop-hdds-tools/0.5.0-SNAPSHOT/hadoop-hdds-tools-0.5.0-SNAPSHOT.jar:/home/user/.m2/repository/org/apache/hadoop/hadoop-hdds-server-scm/0.5.0-SNAPSHOT/hadoop-hdds-server-scm-0.5.0-SNAPSHOT.jar:/home/user/.m2/repository/org/apache/hadoop/hadoop-hdds-docs/0.5.0-SNAPSHOT/hadoop-hdds-docs-0.5.0-SNAPSHOT.jar:/home/user/.m2/repository/io/dropwizard/metrics/metrics-core/3.2.4/metrics-core-3.2.4.jar:/home/user/.m2/repository/org/hamcrest/hamcrest-all/1.3/hamcrest-all-1.3.jar:/home/user/.m2/repository/org/bouncycastle/bcprov-jdk15on/1.60/bcprov-jdk15on-1.60.jar:/home/user/.m2/repository/info/picocli/picocli/3.9.6/picocli-3.9.6.jar:/home/user/.m2/repository/com/google/protobuf/protobuf-java/2.5.0/protobuf-java-2.5.0.jar:/home/user/.m2/repository/com/google/guava/guava/11.0.2/guava-11.0.2.jar:/home/user/.m2/repository/org/apache/hadoop/hadoop-ozone-ozone-manager/0.5.0-SNAPSHOT/hadoop-ozone-ozone-manager-0.5.0-SNAPSHOT.jar:/home/user/.m2/repository/org/apache/hadoop/hadoop-minikdc/3.2.0/hadoop-minikdc-3.2.0.jar:/home/user/.m2/repository/commons-io/commons-io/2.5/commons-io-2.5.jar:/home/user/.m2/repository/org/apache/kerby/kerb-simplekdc/1.0.1/kerb-simplekdc-1.0.1.jar:/home/user/.m2/repository/org/apache/kerby/kerb-client/1.0.1/kerb-client-1.0.1.jar:/home/user/.m2/repository/org/apache/kerby/kerby-config/1.0.1/kerby-config-1.0.1.jar:/home/user/.m2/repository/org/apache/kerby/kerb-core/1.0.1/kerb-core-1.0.1.jar:/home/user/.m2/repository/org/apache/kerby/kerby-pkix/1.0.1/kerby-pkix-1.0.1.jar:/home/user/.m2/repository/org/apache/kerby/kerby-asn1/1.0.1/kerby-asn1-1.0.1.jar:/home/user/.m2/repository/org/apache/kerby/kerby-util/1.0.1/kerby-util-1.0.1.jar:/home/user/.m2/repository/org/apache/kerby/kerb-common/1.0.1/kerb-common-1.0.1.jar:/home/user/.m2/repository/org/apache/kerby/kerb-crypto/1.0.1/kerb-crypto-1.0.1.jar:/home/user/.m2/repository/org/apache/kerby/kerb-util/1.0.1/kerb-util-1.0.1.jar:/home/user/.m2/repository/org/apache/kerby/token-provider/1.0.1/token-provider-1.0.1.jar:/home/user/.m2/repository/org/apache/kerby/kerb-admin/1.0.1/kerb-admin-1.0.1.jar:/home/user/.m2/repository/org/apache/kerby/kerb-server/1.0.1/kerb-server-1.0.1.jar:/home/user/.m2/repository/org/apache/kerby/kerb-identity/1.0.1/kerb-identity-1.0.1.jar:/home/user/.m2/repository/org/apache/kerby/kerby-xdr/1.0.1/kerby-xdr-1.0.1.jar:/home/user/.m2/repository/org/slf4j/slf4j-log4j12/1.7.25/slf4j-log4j12-1.7.25.jar:/home/user/.m2/repository/org/apache/hadoop/hadoop-ozone-objectstore-service/0.5.0-SNAPSHOT/hadoop-ozone-objectstore-service-0.5.0-SNAPSHOT.jar:/home/user/.m2/repository/org/apache/hadoop/hadoop-ozone-s3gateway/0.5.0-SNAPSHOT/hadoop-ozone-s3gateway-0.5.0-SNAPSHOT.jar:/home/user/.m2/repository/org/jboss/weld/servlet/weld-servlet/2.4.7.Final/weld-servlet-2.4.7.Final.jar:/home/user/.m2/repository/org/glassfish/jersey/containers/jersey-container-servlet-core/2.27/jersey-container-servlet-core-2.27.jar:/home/user/.m2/repository/org/glassfish/hk2/external/javax.inject/2.5.0-b42/javax.inject-2.5.0-b42.jar:/home/user/.m2/repository/org/glassfish/jersey/core/jersey-common/2.27/jersey-common-2.27.jar:/home/user/.m2/repository/org/glassfish/hk2/osgi-resource-locator/1.0.1/osgi-resource-locator-1.0.1.jar:/home/user/.m2/repository/javax/ws/rs/javax.ws.rs-api/2.1/javax.ws.rs-api-2.1.jar:/home/user/.m2/repository/org/glassfish/jersey/ext/cdi/jersey-cdi1x/2.27/jersey-cdi1x-2.27.jar:/home/user/.m2/repository/org/glassfish/jersey/inject/jersey-hk2/2.27/jersey-hk2-2.27.jar:/home/user/.m2/repository/org/glassfish/hk2/hk2-locator/2.5.0-b42/hk2-locator-2.5.0-b42.jar:/home/user/.m2/repository/org/javassist/javassist/3.22.0-CR2/javassist-3.22.0-CR2.jar:/home/user/.m2/repository/org/glassfish/hk2/hk2-api/2.5.0/hk2-api-2.5.0.jar:/home/user/.m2/repository/org/glassfish/hk2/external/jakarta.inject/2.5.0/jakarta.inject-2.5.0.jar:/home/user/.m2/repository/org/glassfish/hk2/hk2-utils/2.5.0/hk2-utils-2.5.0.jar:/home/user/.m2/repository/jakarta/annotation/jakarta.annotation-api/1.3.4/jakarta.annotation-api-1.3.4.jar:/home/user/.m2/repository/org/glassfish/hk2/external/aopalliance-repackaged/2.5.0/aopalliance-repackaged-2.5.0.jar:/home/user/.m2/repository/com/fasterxml/jackson/dataformat/jackson-dataformat-xml/2.9.0/jackson-dataformat-xml-2.9.0.jar:/home/user/.m2/repository/com/fasterxml/jackson/core/jackson-core/2.9.5/jackson-core-2.9.5.jar:/home/user/.m2/repository/com/fasterxml/jackson/module/jackson-module-jaxb-annotations/2.9.5/jackson-module-jaxb-annotations-2.9.5.jar:/home/user/.m2/repository/javax/enterprise/cdi-api/1.2/cdi-api-1.2.jar:/home/user/.m2/repository/javax/el/javax.el-api/3.0.0/javax.el-api-3.0.0.jar:/home/user/.m2/repository/javax/interceptor/javax.interceptor-api/1.2/javax.interceptor-api-1.2.jar:/home/user/.m2/repository/javax/inject/javax.inject/1/javax.inject-1.jar:/home/user/.m2/repository/com/sun/xml/bind/jaxb-impl/2.3.0.1/jaxb-impl-2.3.0.1.jar:/home/user/.m2/repository/com/sun/xml/bind/jaxb-core/2.3.0.1/jaxb-core-2.3.0.1.jar:/home/user/.m2/repository/javax/xml/bind/jaxb-api/2.3.0/jaxb-api-2.3.0.jar:/home/user/.m2/repository/javax/activation/activation/1.1.1/activation-1.1.1.jar:/home/user/.m2/repository/org/apache/hadoop/hadoop-ozone-csi/0.5.0-SNAPSHOT/hadoop-ozone-csi-0.5.0-SNAPSHOT.jar:/home/user/.m2/repository/com/google/protobuf/protobuf-java-util/3.5.1/protobuf-java-util-3.5.1.jar:/home/user/.m2/repository/org/apache/hadoop/hadoop-hdds-config/0.5.0-SNAPSHOT/hadoop-hdds-config-0.5.0-SNAPSHOT.jar:/home/user/.m2/repository/io/grpc/grpc-netty/1.17.1/grpc-netty-1.17.1.jar:/home/user/.m2/repository/io/grpc/grpc-core/1.17.1/grpc-core-1.17.1.jar:/home/user/.m2/repository/io/grpc/grpc-context/1.17.1/grpc-context-1.17.1.jar:/home/user/.m2/repository/com/google/errorprone/error_prone_annotations/2.2.0/error_prone_annotations-2.2.0.jar:/home/user/.m2/repository/org/codehaus/mojo/animal-sniffer-annotations/1.17/animal-sniffer-annotations-1.17.jar:/home/user/.m2/repository/io/opencensus/opencensus-api/0.17.0/opencensus-api-0.17.0.jar:/home/user/.m2/repository/io/opencensus/opencensus-contrib-grpc-metrics/0.17.0/opencensus-contrib-grpc-metrics-0.17.0.jar:/home/user/.m2/repository/io/netty/netty-codec-http2/4.1.30.Final/netty-codec-http2-4.1.30.Final.jar:/home/user/.m2/repository/io/netty/netty-codec-http/4.1.30.Final/netty-codec-http-4.1.30.Final.jar:/home/user/.m2/repository/io/netty/netty-codec/4.1.30.Final/netty-codec-4.1.30.Final.jar:/home/user/.m2/repository/io/netty/netty-handler/4.1.30.Final/netty-handler-4.1.30.Final.jar:/home/user/.m2/repository/io/netty/netty-handler-proxy/4.1.30.Final/netty-handler-proxy-4.1.30.Final.jar:/home/user/.m2/repository/io/netty/netty-codec-socks/4.1.30.Final/netty-codec-socks-4.1.30.Final.jar:/home/user/.m2/repository/io/netty/netty-transport-native-epoll/4.1.30.Final/netty-transport-native-epoll-4.1.30.Final.jar:/home/user/.m2/repository/io/netty/netty-common/4.1.30.Final/netty-common-4.1.30.Final.jar:/home/user/.m2/repository/io/netty/netty-buffer/4.1.30.Final/netty-buffer-4.1.30.Final.jar:/home/user/.m2/repository/io/netty/netty-transport/4.1.30.Final/netty-transport-4.1.30.Final.jar:/home/user/.m2/repository/io/netty/netty-resolver/4.1.30.Final/netty-resolver-4.1.30.Final.jar:/home/user/.m2/repository/io/netty/netty-transport-native-unix-common/4.1.30.Final/netty-transport-native-unix-common-4.1.30.Final.jar:/home/user/.m2/repository/io/grpc/grpc-protobuf/1.17.1/grpc-protobuf-1.17.1.jar:/home/user/.m2/repository/com/google/api/grpc/proto-google-common-protos/1.0.0/proto-google-common-protos-1.0.0.jar:/home/user/.m2/repository/io/grpc/grpc-protobuf-lite/1.17.1/grpc-protobuf-lite-1.17.1.jar:/home/user/.m2/repository/io/grpc/grpc-stub/1.17.1/grpc-stub-1.17.1.jar:/home/user/.m2/repository/org/apache/hadoop/hadoop-ozone-recon/0.5.0-SNAPSHOT/hadoop-ozone-recon-0.5.0-SNAPSHOT.jar:/home/user/.m2/repository/org/apache/hadoop/hadoop-ozone-reconcodegen/0.5.0-SNAPSHOT/hadoop-ozone-reconcodegen-0.5.0-SNAPSHOT.jar:/home/user/.m2/repository/com/google/inject/extensions/guice-multibindings/4.0/guice-multibindings-4.0.jar:/home/user/.m2/repository/com/google/inject/guice/4.0/guice-4.0.jar:/home/user/.m2/repository/aopalliance/aopalliance/1.0/aopalliance-1.0.jar:/home/user/.m2/repository/com/google/inject/extensions/guice-servlet/4.0/guice-servlet-4.0.jar:/home/user/.m2/repository/org/glassfish/jersey/containers/jersey-container-servlet/2.27/jersey-container-servlet-2.27.jar:/home/user/.m2/repository/org/glassfish/hk2/guice-bridge/2.5.0/guice-bridge-2.5.0.jar:/home/user/.m2/repository/org/glassfish/jersey/core/jersey-server/2.27/jersey-server-2.27.jar:/home/user/.m2/repository/org/glassfish/jersey/core/jersey-client/2.27/jersey-client-2.27.jar:/home/user/.m2/repository/org/glassfish/jersey/media/jersey-media-jaxb/2.27/jersey-media-jaxb-2.27.jar:/home/user/.m2/repository/javax/validation/validation-api/1.1.0.Final/validation-api-1.1.0.Final.jar:/home/user/.m2/repository/org/glassfish/jersey/media/jersey-media-json-jackson/2.27/jersey-media-json-jackson-2.27.jar:/home/user/.m2/repository/org/glassfish/jersey/ext/jersey-entity-filtering/2.27/jersey-entity-filtering-2.27.jar:/home/user/.m2/repository/com/google/inject/extensions/guice-assistedinject/4.0/guice-assistedinject-4.0.jar:/home/user/.m2/repository/org/jooq/jooq/3.11.10/jooq-3.11.10.jar:/home/user/.m2/repository/org/jooq/jooq-meta/3.11.10/jooq-meta-3.11.10.jar:/home/user/.m2/repository/org/jooq/jooq-codegen/3.11.10/jooq-codegen-3.11.10.jar:/home/user/.m2/repository/com/jolbox/bonecp/0.8.0.RELEASE/bonecp-0.8.0.RELEASE.jar:/home/user/.m2/repository/org/xerial/sqlite-jdbc/3.25.2/sqlite-jdbc-3.25.2.jar:/home/user/.m2/repository/org/springframework/spring-jdbc/5.1.3.RELEASE/spring-jdbc-5.1.3.RELEASE.jar:/home/user/.m2/repository/org/springframework/spring-beans/5.1.3.RELEASE/spring-beans-5.1.3.RELEASE.jar:/home/user/.m2/repository/org/springframework/spring-core/5.1.3.RELEASE/spring-core-5.1.3.RELEASE.jar:/home/user/.m2/repository/org/springframework/spring-jcl/5.1.3.RELEASE/spring-jcl-5.1.3.RELEASE.jar:/home/user/.m2/repository/org/springframework/spring-tx/5.1.3.RELEASE/spring-tx-5.1.3.RELEASE.jar:/home/user/.m2/repository/org/apache/hadoop/hadoop-ozone-client/0.5.0-SNAPSHOT/hadoop-ozone-client-0.5.0-SNAPSHOT.jar:/home/user/.m2/repository/commons-lang/commons-lang/2.6/commons-lang-2.6.jar:/home/user/.m2/repository/org/apache/hadoop/hadoop-ozone-ozone-manager/0.5.0-SNAPSHOT/hadoop-ozone-ozone-manager-0.5.0-SNAPSHOT-tests.jar:/home/user/.m2/repository/junit/junit/4.11/junit-4.11.jar:/home/user/.m2/repository/org/hamcrest/hamcrest-core/1.3/hamcrest-core-1.3.jar:/home/user/.m2/repository/org/openjdk/jmh/jmh-core/1.19/jmh-core-1.19.jar:/home/user/.m2/repository/net/sf/jopt-simple/jopt-simple/4.6/jopt-simple-4.6.jar:/home/user/.m2/repository/org/apache/commons/commons-math3/3.1.1/commons-math3-3.1.1.jar:/home/user/.m2/repository/org/openjdk/jmh/jmh-generator-annprocess/1.19/jmh-generator-annprocess-1.19.jar:/home/user/.m2/repository/org/mockito/mockito-all/1.8.5/mockito-all-1.8.5.jar:/home/user/.m2/repository/org/apache/hadoop/hadoop-kms/3.2.0/hadoop-kms-3.2.0.jar:/home/user/.m2/repository/org/apache/hadoop/hadoop-auth/3.2.0/hadoop-auth-3.2.0.jar:/home/user/.m2/repository/com/nimbusds/nimbus-jose-jwt/4.41.1/nimbus-jose-jwt-4.41.1.jar:/home/user/.m2/repository/com/github/stephenc/jcip/jcip-annotations/1.0-1/jcip-annotations-1.0-1.jar:/home/user/.m2/repository/net/minidev/json-smart/2.3/json-smart-2.3.jar:/home/user/.m2/repository/net/minidev/accessors-smart/1.2/accessors-smart-1.2.jar:/home/user/.m2/repository/org/ow2/asm/asm/5.0.4/asm-5.0.4.jar:/home/user/.m2/repository/org/apache/curator/curator-framework/2.12.0/curator-framework-2.12.0.jar:/home/user/.m2/repository/com/sun/jersey/jersey-core/1.19/jersey-core-1.19.jar:/home/user/.m2/repository/javax/ws/rs/jsr311-api/1.1.1/jsr311-api-1.1.1.jar:/home/user/.m2/repository/com/sun/jersey/jersey-server/1.19/jersey-server-1.19.jar:/home/user/.m2/repository/javax/servlet/javax.servlet-api/3.1.0/javax.servlet-api-3.1.0.jar:/home/user/.m2/repository/org/eclipse/jetty/jetty-server/9.3.24.v20180605/jetty-server-9.3.24.v20180605.jar:/home/user/.m2/repository/org/eclipse/jetty/jetty-http/9.3.24.v20180605/jetty-http-9.3.24.v20180605.jar:/home/user/.m2/repository/org/eclipse/jetty/jetty-io/9.3.24.v20180605/jetty-io-9.3.24.v20180605.jar:/home/user/.m2/repository/org/eclipse/jetty/jetty-webapp/9.3.24.v20180605/jetty-webapp-9.3.24.v20180605.jar:/home/user/.m2/repository/org/eclipse/jetty/jetty-xml/9.3.24.v20180605/jetty-xml-9.3.24.v20180605.jar:/home/user/.m2/repository/log4j/log4j/1.2.17/log4j-1.2.17.jar:/home/user/.m2/repository/org/slf4j/slf4j-api/1.7.25/slf4j-api-1.7.25.jar:/home/user/.m2/repository/org/slf4j/jul-to-slf4j/1.7.25/jul-to-slf4j-1.7.25.jar:/home/user/.m2/repository/org/eclipse/jetty/jetty-util/9.3.24.v20180605/jetty-util-9.3.24.v20180605.jar:/home/user/.m2/repository/com/fasterxml/jackson/core/jackson-databind/2.9.5/jackson-databind-2.9.5.jar:/home/user/.m2/repository/org/apache/hadoop/hadoop-kms/3.2.0/hadoop-kms-3.2.0-tests.jar:/home/user/.m2/repository/org/apache/hadoop/hadoop-hdds-server-scm/0.5.0-SNAPSHOT/hadoop-hdds-server-scm-0.5.0-SNAPSHOT-tests.jar:/home/user/.m2/repository/org/apache/hadoop/hadoop-hdds-container-service/0.5.0-SNAPSHOT/hadoop-hdds-container-service-0.5.0-SNAPSHOT-tests.jar:/home/user/.m2/repository/org/yaml/snakeyaml/1.16/snakeyaml-1.16.jar:/home/user/.m2/repository/org/apache/hadoop/hadoop-common/3.2.0/hadoop-common-3.2.0-tests.jar:/home/user/.m2/repository/org/apache/hadoop/hadoop-annotations/3.2.0/hadoop-annotations-3.2.0.jar:/usr/lib/jvm/java-1.8-openjdk/jre/../lib/tools.jar:/home/user/.m2/repository/commons-cli/commons-cli/1.2/commons-cli-1.2.jar:/home/user/.m2/repository/org/apache/httpcomponents/httpclient/4.5.2/httpclient-4.5.2.jar:/home/user/.m2/repository/org/apache/httpcomponents/httpcore/4.4.4/httpcore-4.4.4.jar:/home/user/.m2/repository/commons-codec/commons-codec/1.11/commons-codec-1.11.jar:/home/user/.m2/repository/commons-net/commons-net/3.6/commons-net-3.6.jar:/home/user/.m2/repository/commons-collections/commons-collections/3.2.2/commons-collections-3.2.2.jar:/home/user/.m2/repository/org/eclipse/jetty/jetty-servlet/9.3.24.v20180605/jetty-servlet-9.3.24.v20180605.jar:/home/user/.m2/repository/org/eclipse/jetty/jetty-security/9.3.24.v20180605/jetty-security-9.3.24.v20180605.jar:/home/user/.m2/repository/javax/servlet/jsp/jsp-api/2.1/jsp-api-2.1.jar:/home/user/.m2/repository/com/sun/jersey/jersey-servlet/1.19/jersey-servlet-1.19.jar:/home/user/.m2/repository/com/sun/jersey/jersey-json/1.19/jersey-json-1.19.jar:/home/user/.m2/repository/org/codehaus/jettison/jettison/1.1/jettison-1.1.jar:/home/user/.m2/repository/org/codehaus/jackson/jackson-core-asl/1.9.13/jackson-core-asl-1.9.13.jar:/home/user/.m2/repository/org/codehaus/jackson/jackson-mapper-asl/1.9.13/jackson-mapper-asl-1.9.13.jar:/home/user/.m2/repository/org/codehaus/jackson/jackson-jaxrs/1.9.13/jackson-jaxrs-1.9.13.jar:/home/user/.m2/repository/org/codehaus/jackson/jackson-xc/1.9.13/jackson-xc-1.9.13.jar:/home/user/.m2/repository/commons-logging/commons-logging/1.1.3/commons-logging-1.1.3.jar:/home/user/.m2/repository/commons-beanutils/commons-beanutils/1.9.3/commons-beanutils-1.9.3.jar:/home/user/.m2/repository/org/apache/commons/commons-configuration2/2.1.1/commons-configuration2-2.1.1.jar:/home/user/.m2/repository/org/apache/commons/commons-lang3/3.7/commons-lang3-3.7.jar:/home/user/.m2/repository/org/apache/commons/commons-text/1.4/commons-text-1.4.jar:/home/user/.m2/repository/org/apache/avro/avro/1.7.7/avro-1.7.7.jar:/home/user/.m2/repository/com/thoughtworks/paranamer/paranamer/2.3/paranamer-2.3.jar:/home/user/.m2/repository/org/xerial/snappy/snappy-java/1.0.5/snappy-java-1.0.5.jar:/home/user/.m2/repository/com/google/re2j/re2j/1.1/re2j-1.1.jar:/home/user/.m2/repository/com/google/code/gson/gson/2.2.4/gson-2.2.4.jar:/home/user/.m2/repository/com/jcraft/jsch/0.1.54/jsch-0.1.54.jar:/home/user/.m2/repository/org/apache/curator/curator-client/2.12.0/curator-client-2.12.0.jar:/home/user/.m2/repository/org/apache/curator/curator-recipes/2.12.0/curator-recipes-2.12.0.jar:/home/user/.m2/repository/com/google/code/findbugs/jsr305/3.0.0/jsr305-3.0.0.jar:/home/user/.m2/repository/org/apache/htrace/htrace-core4/4.1.0-incubating/htrace-core4-4.1.0-incubating.jar:/home/user/.m2/repository/org/apache/zookeeper/zookeeper/3.4.13/zookeeper-3.4.13.jar:/home/user/.m2/repository/org/apache/yetus/audience-annotations/0.5.0/audience-annotations-0.5.0.jar:/home/user/.m2/repository/org/codehaus/woodstox/stax2-api/3.1.4/stax2-api-3.1.4.jar:/home/user/.m2/repository/com/fasterxml/woodstox/woodstox-core/5.0.3/woodstox-core-5.0.3.jar:/home/user/.m2/repository/dnsjava/dnsjava/2.1.7/dnsjava-2.1.7.jar:/home/user/.m2/repository/org/apache/hadoop/hadoop-hdfs/3.2.0/hadoop-hdfs-3.2.0-tests.jar:/home/user/.m2/repository/org/eclipse/jetty/jetty-util-ajax/9.3.24.v20180605/jetty-util-ajax-9.3.24.v20180605.jar:/home/user/.m2/repository/commons-daemon/commons-daemon/1.0.13/commons-daemon-1.0.13.jar:/home/user/.m2/repository/io/netty/netty/3.10.5.Final/netty-3.10.5.Final.jar:/home/user/.m2/repository/io/netty/netty-all/4.0.52.Final/netty-all-4.0.52.Final.jar:/home/user/.m2/repository/org/fusesource/leveldbjni/leveldbjni-all/1.8/leveldbjni-all-1.8.jar:"/>
    <property name="sun.cpu.endian" value="little"/>
    <property name="user.home" value="/home/user"/>
    <property name="user.language" value="en"/>
    <property name="java.specification.vendor" value="Oracle Corporation"/>
    <property name="java.home" value="/usr/lib/jvm/java-1.8-openjdk/jre"/>
    <property name="java.security.krb5.conf" value="/tmp/workdir/hadoop-ozone/integration-test/target/test-classes/krb5.conf"/>
    <property name="basedir" value="/tmp/workdir/hadoop-ozone/integration-test"/>
    <property name="file.separator" value="/"/>
    <property name="line.separator" value="&#10;"/>
    <property name="java.vm.specification.vendor" value="Oracle Corporation"/>
    <property name="java.specification.name" value="Java Platform API Specification"/>
    <property name="java.awt.graphicsenv" value="sun.awt.X11GraphicsEnvironment"/>
    <property name="surefire.real.class.path" value="/tmp/workdir/hadoop-ozone/integration-test/target/surefire/surefirebooter2405025243909506436.jar"/>
    <property name="hadoop.log.dir" value="/tmp/workdir/hadoop-ozone/integration-test/target/log"/>
    <property name="sun.boot.class.path" value="/usr/lib/jvm/java-1.8-openjdk/jre/lib/resources.jar:/usr/lib/jvm/java-1.8-openjdk/jre/lib/rt.jar:/usr/lib/jvm/java-1.8-openjdk/jre/lib/sunrsasign.jar:/usr/lib/jvm/java-1.8-openjdk/jre/lib/jsse.jar:/usr/lib/jvm/java-1.8-openjdk/jre/lib/jce.jar:/usr/lib/jvm/java-1.8-openjdk/jre/lib/charsets.jar:/usr/lib/jvm/java-1.8-openjdk/jre/lib/jfr.jar:/usr/lib/jvm/java-1.8-openjdk/jre/classes"/>
    <property name="sun.management.compiler" value="HotSpot 64-Bit Tiered Compilers"/>
    <property name="java.runtime.version" value="1.8.0_212-b04"/>
    <property name="java.net.preferIPv4Stack" value="true"/>
    <property name="user.name" value="jenkins1000"/>
    <property name="path.separator" value=":"/>
    <property name="java.security.egd" value="file:///dev/urandom"/>
    <property name="os.version" value="3.10.0-957.12.2.el7.x86_64"/>
    <property name="java.endorsed.dirs" value="/usr/lib/jvm/java-1.8-openjdk/jre/lib/endorsed"/>
    <property name="java.runtime.name" value="OpenJDK Runtime Environment"/>
    <property name="file.encoding" value="UTF-8"/>
    <property name="java.vm.name" value="OpenJDK 64-Bit Server VM"/>
    <property name="test.build.webapps" value=""/>
    <property name="localRepository" value="/home/user/.m2/repository"/>
    <property name="java.vendor.url.bug" value="https://icedtea.classpath.org/bugzilla"/>
    <property name="java.io.tmpdir" value="/tmp"/>
    <property name="require.test.libhadoop" value=""/>
    <property name="java.version" value="1.8.0_212"/>
    <property name="user.dir" value="/tmp/workdir/hadoop-ozone/integration-test"/>
    <property name="os.arch" value="amd64"/>
    <property name="java.vm.specification.name" value="Java Virtual Machine Specification"/>
    <property name="test.build.classes" value="/tmp/workdir/hadoop-ozone/integration-test/target/test-classes"/>
    <property name="java.awt.printerjob" value="sun.print.PSPrinterJob"/>
    <property name="sun.os.patch.level" value="unknown"/>
    <property name="hadoop.tmp.dir" value="/tmp/workdir/hadoop-ozone/integration-test/target/tmp"/>
    <property name="java.library.path" value="/usr/lib/jvm/java-1.8-openjdk/jre/lib/amd64/server:/usr/lib/jvm/java-1.8-openjdk/jre/lib/amd64:/usr/lib/jvm/java-1.8-openjdk/jre/../lib/amd64:/tmp/workdir/hadoop-ozone/integration-test/target/native/target/usr/local/lib:/tmp/workdir/hadoop-ozone/integration-test/../../hadoop-common-project/hadoop-common/target/native/target/usr/local/lib:/usr/java/packages/lib/amd64:/usr/lib64:/lib64:/lib:/usr/lib"/>
    <property name="java.vm.info" value="mixed mode"/>
    <property name="java.vendor" value="IcedTea"/>
    <property name="java.vm.version" value="25.212-b04"/>
    <property name="java.ext.dirs" value="/usr/lib/jvm/java-1.8-openjdk/jre/lib/ext:/usr/java/packages/lib/ext"/>
    <property name="sun.io.unicode.encoding" value="UnicodeLittle"/>
    <property name="java.class.version" value="52.0"/>
  </properties>
  <testcase name="testWatchForCommitWithKeyWrite" classname="org.apache.hadoop.ozone.client.rpc.TestWatchForCommit" time="31.293">
    <error message="Unexpected OzoneException: java.io.IOException: java.util.concurrent.ExecutionException: org.apache.ratis.thirdparty.io.grpc.StatusRuntimeException: UNAVAILABLE: io exception" type="java.io.IOException">java.io.IOException: Unexpected OzoneException: java.io.IOException: java.util.concurrent.ExecutionException: org.apache.ratis.thirdparty.io.grpc.StatusRuntimeException: UNAVAILABLE: io exception
	at org.apache.hadoop.hdds.scm.storage.ChunkInputStream.readChunk(ChunkInputStream.java:342)
	at org.apache.hadoop.hdds.scm.storage.ChunkInputStream.readChunkFromContainer(ChunkInputStream.java:307)
	at org.apache.hadoop.hdds.scm.storage.ChunkInputStream.prepareRead(ChunkInputStream.java:259)
	at org.apache.hadoop.hdds.scm.storage.ChunkInputStream.read(ChunkInputStream.java:144)
	at org.apache.hadoop.hdds.scm.storage.BlockInputStream.read(BlockInputStream.java:239)
	at org.apache.hadoop.ozone.client.io.KeyInputStream.read(KeyInputStream.java:171)
	at org.apache.hadoop.ozone.client.io.OzoneInputStream.read(OzoneInputStream.java:47)
	at java.io.InputStream.read(InputStream.java:101)
	at org.apache.hadoop.ozone.container.ContainerTestHelper.validateData(ContainerTestHelper.java:709)
	at org.apache.hadoop.ozone.client.rpc.TestWatchForCommit.validateData(TestWatchForCommit.java:499)
	at org.apache.hadoop.ozone.client.rpc.TestWatchForCommit.testWatchForCommitWithKeyWrite(TestWatchForCommit.java:276)
	at sun.reflect.NativeMethodAccessorImpl.invoke0(Native Method)
	at sun.reflect.NativeMethodAccessorImpl.invoke(NativeMethodAccessorImpl.java:62)
	at sun.reflect.DelegatingMethodAccessorImpl.invoke(DelegatingMethodAccessorImpl.java:43)
	at java.lang.reflect.Method.invoke(Method.java:498)
	at org.junit.runners.model.FrameworkMethod$1.runReflectiveCall(FrameworkMethod.java:47)
	at org.junit.internal.runners.model.ReflectiveCallable.run(ReflectiveCallable.java:12)
	at org.junit.runners.model.FrameworkMethod.invokeExplosively(FrameworkMethod.java:44)
	at org.junit.internal.runners.statements.InvokeMethod.evaluate(InvokeMethod.java:17)
	at org.junit.runners.ParentRunner.runLeaf(ParentRunner.java:271)
	at org.junit.runners.BlockJUnit4ClassRunner.runChild(BlockJUnit4ClassRunner.java:70)
	at org.junit.runners.BlockJUnit4ClassRunner.runChild(BlockJUnit4ClassRunner.java:50)
	at org.junit.runners.ParentRunner$3.run(ParentRunner.java:238)
	at org.junit.runners.ParentRunner$1.schedule(ParentRunner.java:63)
	at org.junit.runners.ParentRunner.runChildren(ParentRunner.java:236)
	at org.junit.runners.ParentRunner.access$000(ParentRunner.java:53)
	at org.junit.runners.ParentRunner$2.evaluate(ParentRunner.java:229)
	at org.junit.runners.ParentRunner.run(ParentRunner.java:309)
	at org.apache.maven.surefire.junit4.JUnit4Provider.execute(JUnit4Provider.java:365)
	at org.apache.maven.surefire.junit4.JUnit4Provider.executeWithRerun(JUnit4Provider.java:273)
	at org.apache.maven.surefire.junit4.JUnit4Provider.executeTestSet(JUnit4Provider.java:238)
	at org.apache.maven.surefire.junit4.JUnit4Provider.invoke(JUnit4Provider.java:159)
	at org.apache.maven.surefire.booter.ForkedBooter.invokeProviderInSameClassLoader(ForkedBooter.java:384)
	at org.apache.maven.surefire.booter.ForkedBooter.runSuitesInProcess(ForkedBooter.java:345)
	at org.apache.maven.surefire.booter.ForkedBooter.execute(ForkedBooter.java:126)
	at org.apache.maven.surefire.booter.ForkedBooter.main(ForkedBooter.java:418)
Caused by: java.io.IOException: java.util.concurrent.ExecutionException: org.apache.ratis.thirdparty.io.grpc.StatusRuntimeException: UNAVAILABLE: io exception
	at org.apache.hadoop.hdds.scm.XceiverClientGrpc.sendCommandWithRetry(XceiverClientGrpc.java:295)
	at org.apache.hadoop.hdds.scm.XceiverClientGrpc.sendCommandWithTraceIDAndRetry(XceiverClientGrpc.java:248)
	at org.apache.hadoop.hdds.scm.XceiverClientGrpc.sendCommand(XceiverClientGrpc.java:231)
	at org.apache.hadoop.hdds.scm.storage.ContainerProtocolCalls.readChunk(ContainerProtocolCalls.java:245)
	at org.apache.hadoop.hdds.scm.storage.ChunkInputStream.readChunk(ChunkInputStream.java:335)
	... 35 more
Caused by: java.util.concurrent.ExecutionException: org.apache.ratis.thirdparty.io.grpc.StatusRuntimeException: UNAVAILABLE: io exception
	at java.util.concurrent.CompletableFuture.reportGet(CompletableFuture.java:357)
	at java.util.concurrent.CompletableFuture.get(CompletableFuture.java:1895)
	at org.apache.hadoop.hdds.scm.XceiverClientGrpc.sendCommandWithRetry(XceiverClientGrpc.java:279)
	... 39 more
Caused by: org.apache.ratis.thirdparty.io.grpc.StatusRuntimeException: UNAVAILABLE: io exception
	at org.apache.ratis.thirdparty.io.grpc.Status.asRuntimeException(Status.java:526)
	at org.apache.ratis.thirdparty.io.grpc.stub.ClientCalls$StreamObserverToCallListenerAdapter.onClose(ClientCalls.java:434)
	at org.apache.ratis.thirdparty.io.grpc.PartialForwardingClientCallListener.onClose(PartialForwardingClientCallListener.java:39)
	at org.apache.ratis.thirdparty.io.grpc.ForwardingClientCallListener.onClose(ForwardingClientCallListener.java:23)
	at org.apache.ratis.thirdparty.io.grpc.ForwardingClientCallListener$SimpleForwardingClientCallListener.onClose(ForwardingClientCallListener.java:40)
	at org.apache.ratis.thirdparty.io.grpc.internal.CensusStatsModule$StatsClientInterceptor$1$1.onClose(CensusStatsModule.java:678)
	at org.apache.ratis.thirdparty.io.grpc.PartialForwardingClientCallListener.onClose(PartialForwardingClientCallListener.java:39)
	at org.apache.ratis.thirdparty.io.grpc.ForwardingClientCallListener.onClose(ForwardingClientCallListener.java:23)
	at org.apache.ratis.thirdparty.io.grpc.ForwardingClientCallListener$SimpleForwardingClientCallListener.onClose(ForwardingClientCallListener.java:40)
	at org.apache.ratis.thirdparty.io.grpc.internal.CensusTracingModule$TracingClientInterceptor$1$1.onClose(CensusTracingModule.java:397)
	at org.apache.ratis.thirdparty.io.grpc.internal.ClientCallImpl.closeObserver(ClientCallImpl.java:459)
	at org.apache.ratis.thirdparty.io.grpc.internal.ClientCallImpl.access$300(ClientCallImpl.java:63)
	at org.apache.ratis.thirdparty.io.grpc.internal.ClientCallImpl$ClientStreamListenerImpl.close(ClientCallImpl.java:546)
	at org.apache.ratis.thirdparty.io.grpc.internal.ClientCallImpl$ClientStreamListenerImpl.access$600(ClientCallImpl.java:467)
	at org.apache.ratis.thirdparty.io.grpc.internal.ClientCallImpl$ClientStreamListenerImpl$1StreamClosed.runInContext(ClientCallImpl.java:584)
	at org.apache.ratis.thirdparty.io.grpc.internal.ContextRunnable.run(ContextRunnable.java:37)
	at org.apache.ratis.thirdparty.io.grpc.internal.SerializingExecutor.run(SerializingExecutor.java:123)
	at java.util.concurrent.ThreadPoolExecutor.runWorker(ThreadPoolExecutor.java:1149)
	at java.util.concurrent.ThreadPoolExecutor$Worker.run(ThreadPoolExecutor.java:624)
	at java.lang.Thread.run(Thread.java:748)
Caused by: org.apache.ratis.thirdparty.io.netty.channel.AbstractChannel$AnnotatedConnectException: Connection refused: /192.168.5.159:42913
	at sun.nio.ch.SocketChannelImpl.checkConnect(Native Method)
	at sun.nio.ch.SocketChannelImpl.finishConnect(SocketChannelImpl.java:717)
	at org.apache.ratis.thirdparty.io.netty.channel.socket.nio.NioSocketChannel.doFinishConnect(NioSocketChannel.java:327)
	at org.apache.ratis.thirdparty.io.netty.channel.nio.AbstractNioChannel$AbstractNioUnsafe.finishConnect(AbstractNioChannel.java:340)
	at org.apache.ratis.thirdparty.io.netty.channel.nio.NioEventLoop.processSelectedKey(NioEventLoop.java:632)
	at org.apache.ratis.thirdparty.io.netty.channel.nio.NioEventLoop.processSelectedKeysOptimized(NioEventLoop.java:579)
	at org.apache.ratis.thirdparty.io.netty.channel.nio.NioEventLoop.processSelectedKeys(NioEventLoop.java:496)
	at org.apache.ratis.thirdparty.io.netty.channel.nio.NioEventLoop.run(NioEventLoop.java:458)
	at org.apache.ratis.thirdparty.io.netty.util.concurrent.SingleThreadEventExecutor$5.run(SingleThreadEventExecutor.java:897)
	at org.apache.ratis.thirdparty.io.netty.util.concurrent.FastThreadLocalRunnable.run(FastThreadLocalRunnable.java:30)
	... 1 more
Caused by: java.net.ConnectException: Connection refused
	... 11 more
</error>
    <system-out><![CDATA[2019-07-13 22:36:26,081 WARN  server.ServerUtils (ServerUtils.java:getScmDbDir(145)) - ozone.scm.db.dirs is not configured. We recommend adding this setting. Falling back to ozone.metadata.dirs instead.
2019-07-13 22:36:26,158 WARN  server.ServerUtils (ServerUtils.java:getScmDbDir(145)) - ozone.scm.db.dirs is not configured. We recommend adding this setting. Falling back to ozone.metadata.dirs instead.
2019-07-13 22:36:26,160 WARN  server.ServerUtils (ServerUtils.java:getScmDbDir(145)) - ozone.scm.db.dirs is not configured. We recommend adding this setting. Falling back to ozone.metadata.dirs instead.
2019-07-13 22:36:26,172 INFO  util.log (Log.java:initialized(192)) - Logging initialized @780ms
2019-07-13 22:36:26,251 INFO  db.DBStoreBuilder (DBStoreBuilder.java:addTable(110)) - using custom profile for table: deletedBlocks
2019-07-13 22:36:26,251 INFO  db.DBStoreBuilder (DBStoreBuilder.java:processTables(161)) - Using default column profile:DBProfile.DISK for Table:deletedBlocks
2019-07-13 22:36:26,251 INFO  db.DBStoreBuilder (DBStoreBuilder.java:addTable(110)) - using custom profile for table: validCerts
2019-07-13 22:36:26,251 INFO  db.DBStoreBuilder (DBStoreBuilder.java:processTables(161)) - Using default column profile:DBProfile.DISK for Table:validCerts
2019-07-13 22:36:26,252 INFO  db.DBStoreBuilder (DBStoreBuilder.java:addTable(110)) - using custom profile for table: revokedCerts
2019-07-13 22:36:26,252 INFO  db.DBStoreBuilder (DBStoreBuilder.java:processTables(161)) - Using default column profile:DBProfile.DISK for Table:revokedCerts
2019-07-13 22:36:26,261 INFO  db.DBStoreBuilder (DBStoreBuilder.java:addTable(110)) - using custom profile for table: default
2019-07-13 22:36:26,261 INFO  db.DBStoreBuilder (DBStoreBuilder.java:processTables(167)) - Using default column profile:DBProfile.DISK for Table:default
2019-07-13 22:36:26,262 INFO  db.DBStoreBuilder (DBStoreBuilder.java:getDbProfile(198)) - Using default options. DBProfile.DISK
2019-07-13 22:36:26,351 INFO  net.NodeSchemaLoader (NodeSchemaLoader.java:loadSchemaFromFile(125)) - Loading file from sun.misc.CompoundEnumeration@7714e963
2019-07-13 22:36:26,353 INFO  net.NodeSchemaLoader (NodeSchemaLoader.java:loadSchema(171)) - Loading network topology layer schema file
2019-07-13 22:36:26,406 WARN  server.ServerUtils (ServerUtils.java:sanitizeUserArgs(70)) - ozone.scm.stale.node.interval value = 300000 is larger than max = 100000 based on the key value of ozone.scm.heartbeat.thread.interval, reset to the max value 100000.
2019-07-13 22:36:26,408 WARN  server.ServerUtils (ServerUtils.java:sanitizeUserArgs(70)) - ozone.scm.stale.node.interval value = 300000 is larger than max = 100000 based on the key value of ozone.scm.heartbeat.thread.interval, reset to the max value 100000.
2019-07-13 22:36:26,409 INFO  node.SCMNodeManager (SCMNodeManager.java:<init>(119)) - Entering startup safe mode.
2019-07-13 22:36:26,475 WARN  server.ServerUtils (ServerUtils.java:getScmDbDir(145)) - ozone.scm.db.dirs is not configured. We recommend adding this setting. Falling back to ozone.metadata.dirs instead.
2019-07-13 22:36:26,513 INFO  pipeline.SCMPipelineManager (SCMPipelineManager.java:initializePipelineState(126)) - No pipeline exists in current db
2019-07-13 22:36:26,515 WARN  server.ServerUtils (ServerUtils.java:getScmDbDir(145)) - ozone.scm.db.dirs is not configured. We recommend adding this setting. Falling back to ozone.metadata.dirs instead.
2019-07-13 22:36:26,587 WARN  events.EventQueue (EventQueue.java:fireEvent(175)) - No event handler registered for event TypedEvent{payloadType=SafeModeStatus, name='SafeModeStatus'}
2019-07-13 22:36:26,840 INFO  ipc.CallQueueManager (CallQueueManager.java:<init>(84)) - Using callQueue: class java.util.concurrent.LinkedBlockingQueue, queueCapacity: 2000, scheduler: class org.apache.hadoop.ipc.DefaultRpcScheduler, ipcBackoff: false.
2019-07-13 22:36:26,860 INFO  ipc.Server (Server.java:run(1074)) - Starting Socket Reader #1 for port 35390
2019-07-13 22:36:26,877 INFO  ipc.CallQueueManager (CallQueueManager.java:<init>(84)) - Using callQueue: class java.util.concurrent.LinkedBlockingQueue, queueCapacity: 2000, scheduler: class org.apache.hadoop.ipc.DefaultRpcScheduler, ipcBackoff: false.
2019-07-13 22:36:26,878 INFO  ipc.Server (Server.java:run(1074)) - Starting Socket Reader #1 for port 41598
2019-07-13 22:36:26,883 INFO  ipc.CallQueueManager (CallQueueManager.java:<init>(84)) - Using callQueue: class java.util.concurrent.LinkedBlockingQueue, queueCapacity: 2000, scheduler: class org.apache.hadoop.ipc.DefaultRpcScheduler, ipcBackoff: false.
2019-07-13 22:36:26,884 INFO  ipc.Server (Server.java:run(1074)) - Starting Socket Reader #1 for port 46860
2019-07-13 22:36:27,019 INFO  hdfs.DFSUtil (DFSUtil.java:httpServerTemplateForNNAndJN(1641)) - Starting Web-server for scm at: http://0.0.0.0:0
2019-07-13 22:36:27,181 INFO  server.AuthenticationFilter (AuthenticationFilter.java:constructSecretProvider(240)) - Unable to initialize FileSignerSecretProvider, falling back to use random secrets.
2019-07-13 22:36:27,189 WARN  http.HttpRequestLog (HttpRequestLog.java:getRequestLog(97)) - Jetty request log can only be enabled using Log4j
2019-07-13 22:36:27,201 INFO  http.HttpServer2 (HttpServer2.java:addGlobalFilter(975)) - Added global filter 'safety' (class=org.apache.hadoop.http.HttpServer2$QuotingInputFilter)
2019-07-13 22:36:27,206 INFO  http.HttpServer2 (HttpServer2.java:addFilter(948)) - Added filter static_user_filter (class=org.apache.hadoop.http.lib.StaticUserWebFilter$StaticUserFilter) to context scm
2019-07-13 22:36:27,206 INFO  http.HttpServer2 (HttpServer2.java:addFilter(958)) - Added filter static_user_filter (class=org.apache.hadoop.http.lib.StaticUserWebFilter$StaticUserFilter) to context static
2019-07-13 22:36:27,207 INFO  http.HttpServer2 (HttpServer2.java:addFilter(958)) - Added filter static_user_filter (class=org.apache.hadoop.http.lib.StaticUserWebFilter$StaticUserFilter) to context logs
2019-07-13 22:36:27,246 INFO  server.StorageContainerManager (StorageContainerManager.java:start(759)) - StorageContainerLocationProtocol RPC server is listening at /0.0.0.0:46860
2019-07-13 22:36:27,311 WARN  impl.MetricsConfig (MetricsConfig.java:loadFirst(134)) - Cannot locate configuration: tried hadoop-metrics2-storagecontainermanager.properties,hadoop-metrics2.properties
2019-07-13 22:36:27,324 INFO  impl.MetricsSystemImpl (MetricsSystemImpl.java:startTimer(374)) - Scheduled Metric snapshot period at 10 second(s).
2019-07-13 22:36:27,324 INFO  impl.MetricsSystemImpl (MetricsSystemImpl.java:start(191)) - StorageContainerManager metrics system started
2019-07-13 22:36:27,537 INFO  server.SCMClientProtocolServer (SCMClientProtocolServer.java:start(149)) - RPC server for Client  is listening at /0.0.0.0:46860
2019-07-13 22:36:27,537 INFO  ipc.Server (Server.java:run(1314)) - IPC Server Responder: starting
2019-07-13 22:36:27,538 INFO  ipc.Server (Server.java:run(1153)) - IPC Server listener on 46860: starting
2019-07-13 22:36:27,545 INFO  server.StorageContainerManager (StorageContainerManager.java:start(768)) - ScmBlockLocationProtocol RPC server is listening at /0.0.0.0:41598
2019-07-13 22:36:27,545 INFO  server.SCMBlockProtocolServer (SCMBlockProtocolServer.java:start(140)) - RPC server for Block Protocol is listening at /0.0.0.0:41598
2019-07-13 22:36:27,545 INFO  ipc.Server (Server.java:run(1314)) - IPC Server Responder: starting
2019-07-13 22:36:27,545 INFO  ipc.Server (Server.java:run(1153)) - IPC Server listener on 41598: starting
2019-07-13 22:36:27,551 INFO  server.StorageContainerManager (StorageContainerManager.java:start(772)) - ScmDatanodeProtocl RPC server is listening at /0.0.0.0:35390
2019-07-13 22:36:27,551 INFO  server.SCMDatanodeProtocolServer (SCMDatanodeProtocolServer.java:start(191)) - RPC server for DataNodes is listening at /0.0.0.0:35390
2019-07-13 22:36:27,552 INFO  ipc.Server (Server.java:run(1314)) - IPC Server Responder: starting
2019-07-13 22:36:27,553 INFO  ipc.Server (Server.java:run(1153)) - IPC Server listener on 35390: starting
2019-07-13 22:36:27,563 INFO  http.HttpServer2 (HttpServer2.java:bindListener(1191)) - Jetty bound to port 44984
2019-07-13 22:36:27,565 INFO  server.Server (Server.java:doStart(351)) - jetty-9.3.24.v20180605, build timestamp: 2018-06-05T17:11:56Z, git hash: 84205aa28f11a4f31f2a3b86d1bba2cc8ab69827
2019-07-13 22:36:27,602 INFO  handler.ContextHandler (ContextHandler.java:doStart(781)) - Started o.e.j.s.ServletContextHandler@6bbe2511{/logs,file:///tmp/workdir/hadoop-ozone/integration-test/target/log,AVAILABLE}
2019-07-13 22:36:27,602 INFO  handler.ContextHandler (ContextHandler.java:doStart(781)) - Started o.e.j.s.ServletContextHandler@76012793{/static,file:///tmp/workdir/hadoop-ozone/integration-test/target/test-classes/webapps/static,AVAILABLE}
2019-07-13 22:36:27,633 INFO  handler.ContextHandler (ContextHandler.java:doStart(781)) - Started o.e.j.w.WebAppContext@6a1d204a{/,file:///tmp/workdir/hadoop-ozone/integration-test/target/test-classes/webapps/scm/,AVAILABLE}{/scm}
2019-07-13 22:36:27,638 INFO  server.AbstractConnector (AbstractConnector.java:doStart(278)) - Started ServerConnector@9d157ff{HTTP/1.1,[http/1.1]}{0.0.0.0:44984}
2019-07-13 22:36:27,638 INFO  server.Server (Server.java:doStart(419)) - Started @2246ms
2019-07-13 22:36:27,639 INFO  server.BaseHttpServer (BaseHttpServer.java:updateConnectorAddress(207)) - HTTP server of SCM is listening at http://0.0.0.0:44984
2019-07-13 22:36:27,649 INFO  util.JvmPauseMonitor (JvmPauseMonitor.java:run(188)) - Starting JVM pause monitor
2019-07-13 22:36:27,652 WARN  server.ServerUtils (ServerUtils.java:getDBPath(222)) - ozone.om.db.dirs is not configured. We recommend adding this setting. Falling back to ozone.metadata.dirs instead.
2019-07-13 22:36:27,758 WARN  server.ServerUtils (ServerUtils.java:getDBPath(222)) - ozone.om.db.dirs is not configured. We recommend adding this setting. Falling back to ozone.metadata.dirs instead.
2019-07-13 22:36:27,759 INFO  om.OzoneManager (OzoneManager.java:setOMNodeDetails(630)) - OM Service ID is not set. Setting it to the default ID: omServiceIdDefault
2019-07-13 22:36:27,759 INFO  om.OzoneManager (OzoneManager.java:setOMNodeDetails(636)) - OM Node ID is not set. Setting it to the OmStorage's OmID: 608ad472-089b-4260-a48c-b8e5fd295cfc
2019-07-13 22:36:27,760 INFO  om.OzoneManager (OzoneManager.java:loadOMHAConfigs(587)) - Found matching OM address with OMServiceId: null, OMNodeId: null, RPC Address: localhost:0 and Ratis port: 9872
2019-07-13 22:36:28,019 WARN  server.ServerUtils (ServerUtils.java:getDBPath(222)) - ozone.om.db.dirs is not configured. We recommend adding this setting. Falling back to ozone.metadata.dirs instead.
2019-07-13 22:36:28,031 INFO  db.DBStoreBuilder (DBStoreBuilder.java:addTable(110)) - using custom profile for table: userTable
2019-07-13 22:36:28,031 INFO  db.DBStoreBuilder (DBStoreBuilder.java:processTables(161)) - Using default column profile:DBProfile.DISK for Table:userTable
2019-07-13 22:36:28,032 INFO  db.DBStoreBuilder (DBStoreBuilder.java:addTable(110)) - using custom profile for table: volumeTable
2019-07-13 22:36:28,032 INFO  db.DBStoreBuilder (DBStoreBuilder.java:processTables(161)) - Using default column profile:DBProfile.DISK for Table:volumeTable
2019-07-13 22:36:28,033 INFO  db.DBStoreBuilder (DBStoreBuilder.java:addTable(110)) - using custom profile for table: bucketTable
2019-07-13 22:36:28,033 INFO  db.DBStoreBuilder (DBStoreBuilder.java:processTables(161)) - Using default column profile:DBProfile.DISK for Table:bucketTable
2019-07-13 22:36:28,034 INFO  db.DBStoreBuilder (DBStoreBuilder.java:addTable(110)) - using custom profile for table: keyTable
2019-07-13 22:36:28,034 INFO  db.DBStoreBuilder (DBStoreBuilder.java:processTables(161)) - Using default column profile:DBProfile.DISK for Table:keyTable
2019-07-13 22:36:28,034 INFO  db.DBStoreBuilder (DBStoreBuilder.java:addTable(110)) - using custom profile for table: deletedTable
2019-07-13 22:36:28,035 INFO  db.DBStoreBuilder (DBStoreBuilder.java:processTables(161)) - Using default column profile:DBProfile.DISK for Table:deletedTable
2019-07-13 22:36:28,035 INFO  db.DBStoreBuilder (DBStoreBuilder.java:addTable(110)) - using custom profile for table: openKeyTable
2019-07-13 22:36:28,035 INFO  db.DBStoreBuilder (DBStoreBuilder.java:processTables(161)) - Using default column profile:DBProfile.DISK for Table:openKeyTable
2019-07-13 22:36:28,036 INFO  db.DBStoreBuilder (DBStoreBuilder.java:addTable(110)) - using custom profile for table: s3Table
2019-07-13 22:36:28,036 INFO  db.DBStoreBuilder (DBStoreBuilder.java:processTables(161)) - Using default column profile:DBProfile.DISK for Table:s3Table
2019-07-13 22:36:28,037 INFO  db.DBStoreBuilder (DBStoreBuilder.java:addTable(110)) - using custom profile for table: multipartInfoTable
2019-07-13 22:36:28,037 INFO  db.DBStoreBuilder (DBStoreBuilder.java:processTables(161)) - Using default column profile:DBProfile.DISK for Table:multipartInfoTable
2019-07-13 22:36:28,038 INFO  db.DBStoreBuilder (DBStoreBuilder.java:addTable(110)) - using custom profile for table: dTokenTable
2019-07-13 22:36:28,038 INFO  db.DBStoreBuilder (DBStoreBuilder.java:processTables(161)) - Using default column profile:DBProfile.DISK for Table:dTokenTable
2019-07-13 22:36:28,038 INFO  db.DBStoreBuilder (DBStoreBuilder.java:addTable(110)) - using custom profile for table: s3SecretTable
2019-07-13 22:36:28,039 INFO  db.DBStoreBuilder (DBStoreBuilder.java:processTables(161)) - Using default column profile:DBProfile.DISK for Table:s3SecretTable
2019-07-13 22:36:28,039 INFO  db.DBStoreBuilder (DBStoreBuilder.java:addTable(110)) - using custom profile for table: prefixTable
2019-07-13 22:36:28,039 INFO  db.DBStoreBuilder (DBStoreBuilder.java:processTables(161)) - Using default column profile:DBProfile.DISK for Table:prefixTable
2019-07-13 22:36:28,040 INFO  db.DBStoreBuilder (DBStoreBuilder.java:addTable(110)) - using custom profile for table: default
2019-07-13 22:36:28,040 INFO  db.DBStoreBuilder (DBStoreBuilder.java:processTables(167)) - Using default column profile:DBProfile.DISK for Table:default
2019-07-13 22:36:28,041 INFO  db.DBStoreBuilder (DBStoreBuilder.java:getDbProfile(198)) - Using default options. DBProfile.DISK
2019-07-13 22:36:28,743 INFO  ipc.CallQueueManager (CallQueueManager.java:<init>(84)) - Using callQueue: class java.util.concurrent.LinkedBlockingQueue, queueCapacity: 2000, scheduler: class org.apache.hadoop.ipc.DefaultRpcScheduler, ipcBackoff: false.
2019-07-13 22:36:28,745 INFO  ipc.Server (Server.java:run(1074)) - Starting Socket Reader #1 for port 45867
2019-07-13 22:36:28,773 WARN  server.ServerUtils (ServerUtils.java:getDBPath(222)) - ozone.om.db.dirs is not configured. We recommend adding this setting. Falling back to ozone.metadata.dirs instead.
2019-07-13 22:36:28,773 INFO  om.OzoneManager (OzoneManager.java:start(1228)) - OzoneManager RPC server is listening at localhost/127.0.0.1:45867
2019-07-13 22:36:28,773 INFO  impl.MetricsSystemImpl (MetricsSystemImpl.java:init(158)) - OzoneManager metrics system started (again)
2019-07-13 22:36:28,775 INFO  ipc.Server (Server.java:run(1314)) - IPC Server Responder: starting
2019-07-13 22:36:28,776 INFO  ipc.Server (Server.java:run(1153)) - IPC Server listener on 45867: starting
2019-07-13 22:36:28,788 INFO  hdfs.DFSUtil (DFSUtil.java:httpServerTemplateForNNAndJN(1641)) - Starting Web-server for ozoneManager at: http://0.0.0.0:0
2019-07-13 22:36:28,791 INFO  server.AuthenticationFilter (AuthenticationFilter.java:constructSecretProvider(240)) - Unable to initialize FileSignerSecretProvider, falling back to use random secrets.
2019-07-13 22:36:28,792 WARN  http.HttpRequestLog (HttpRequestLog.java:getRequestLog(97)) - Jetty request log can only be enabled using Log4j
2019-07-13 22:36:28,796 INFO  http.HttpServer2 (HttpServer2.java:addGlobalFilter(975)) - Added global filter 'safety' (class=org.apache.hadoop.http.HttpServer2$QuotingInputFilter)
2019-07-13 22:36:28,798 INFO  http.HttpServer2 (HttpServer2.java:addFilter(948)) - Added filter static_user_filter (class=org.apache.hadoop.http.lib.StaticUserWebFilter$StaticUserFilter) to context ozoneManager
2019-07-13 22:36:28,798 INFO  http.HttpServer2 (HttpServer2.java:addFilter(958)) - Added filter static_user_filter (class=org.apache.hadoop.http.lib.StaticUserWebFilter$StaticUserFilter) to context logs
2019-07-13 22:36:28,798 INFO  http.HttpServer2 (HttpServer2.java:addFilter(958)) - Added filter static_user_filter (class=org.apache.hadoop.http.lib.StaticUserWebFilter$StaticUserFilter) to context static
2019-07-13 22:36:28,802 INFO  http.HttpServer2 (HttpServer2.java:bindListener(1191)) - Jetty bound to port 34780
2019-07-13 22:36:28,802 INFO  server.Server (Server.java:doStart(351)) - jetty-9.3.24.v20180605, build timestamp: 2018-06-05T17:11:56Z, git hash: 84205aa28f11a4f31f2a3b86d1bba2cc8ab69827
2019-07-13 22:36:28,805 INFO  handler.ContextHandler (ContextHandler.java:doStart(781)) - Started o.e.j.s.ServletContextHandler@3e134896{/logs,file:///tmp/workdir/hadoop-ozone/integration-test/target/log,AVAILABLE}
2019-07-13 22:36:28,806 INFO  handler.ContextHandler (ContextHandler.java:doStart(781)) - Started o.e.j.s.ServletContextHandler@2e3a5237{/static,file:///tmp/workdir/hadoop-ozone/integration-test/target/test-classes/webapps/static,AVAILABLE}
2019-07-13 22:36:28,813 INFO  handler.ContextHandler (ContextHandler.java:doStart(781)) - Started o.e.j.w.WebAppContext@5b78fdb1{/,file:///tmp/workdir/hadoop-ozone/integration-test/target/test-classes/webapps/ozoneManager/,AVAILABLE}{/ozoneManager}
2019-07-13 22:36:28,814 INFO  server.AbstractConnector (AbstractConnector.java:doStart(278)) - Started ServerConnector@48bfb884{HTTP/1.1,[http/1.1]}{0.0.0.0:34780}
2019-07-13 22:36:28,815 INFO  server.Server (Server.java:doStart(419)) - Started @3422ms
2019-07-13 22:36:28,816 INFO  server.BaseHttpServer (BaseHttpServer.java:updateConnectorAddress(207)) - HTTP server of OZONEMANAGER is listening at http://0.0.0.0:34780
2019-07-13 22:36:29,096 INFO  impl.MetricsSystemImpl (MetricsSystemImpl.java:init(158)) - HddsDatanode metrics system started (again)
2019-07-13 22:36:29,179 INFO  ozone.HddsDatanodeService (HddsDatanodeService.java:start(185)) - HddsDatanodeService host:trunk-nightly-x8m8d-1534914823 ip:192.168.5.159
2019-07-13 22:36:29,208 INFO  volume.HddsVolume (HddsVolume.java:<init>(176)) - Creating Volume: /tmp/workdir/hadoop-ozone/integration-test/target/test-dir/MiniOzoneClusterImpl-40637dfe-807c-41e2-8a87-8c36a2d45a05/datanode-0/data/containers/hdds of  storage type : DISK and capacity : 52710309888
2019-07-13 22:36:29,210 INFO  volume.VolumeSet (VolumeSet.java:initializeVolumeSet(170)) - Added Volume : /tmp/workdir/hadoop-ozone/integration-test/target/test-dir/MiniOzoneClusterImpl-40637dfe-807c-41e2-8a87-8c36a2d45a05/datanode-0/data/containers/hdds to VolumeSet
2019-07-13 22:36:29,213 INFO  volume.ThrottledAsyncChecker (ThrottledAsyncChecker.java:schedule(140)) - Scheduling a check for org.apache.hadoop.ozone.container.common.volume.HddsVolume@1f52eb6f
2019-07-13 22:36:29,229 INFO  volume.HddsVolumeChecker (HddsVolumeChecker.java:checkAllVolumes(203)) - Scheduled health check for volume org.apache.hadoop.ozone.container.common.volume.HddsVolume@1f52eb6f
2019-07-13 22:36:29,339 INFO  impl.RaftServerProxy (ConfUtils.java:logGet(43)) - raft.rpc.type = GRPC (default)
2019-07-13 22:36:29,402 INFO  grpc.GrpcFactory (GrpcFactory.java:checkPooledByteBufAllocatorUseCacheForAllThreads(45)) - PERFORMANCE WARNING: useCacheForAllThreads is true that may cause Netty to create a lot garbage objects and, as a result, trigger GC.
	It is recommended to disable useCacheForAllThreads by setting -Dorg.apache.ratis.thirdparty.io.netty.allocator.useCacheForAllThreads=false in command line.
2019-07-13 22:36:29,406 INFO  grpc.GrpcConfigKeys$Server (ConfUtils.java:logGet(43)) - raft.grpc.server.port = 0 (default)
2019-07-13 22:36:29,407 INFO  server.GrpcService (ConfUtils.java:logGet(43)) - raft.grpc.message.size.max = 33570816 (custom)
2019-07-13 22:36:29,409 INFO  server.RaftServerConfigKeys (ConfUtils.java:logGet(43)) - raft.server.log.appender.buffer.byte-limit = 33554432 (custom)
2019-07-13 22:36:29,410 INFO  server.GrpcService (ConfUtils.java:logGet(43)) - raft.grpc.flow.control.window = 1MB (=1048576) (default)
2019-07-13 22:36:29,410 INFO  server.RaftServerConfigKeys (ConfUtils.java:logGet(43)) - raft.server.rpc.request.timeout = 3000ms (default)
2019-07-13 22:36:29,566 INFO  server.RaftServerConfigKeys (ConfUtils.java:logGet(43)) - raft.server.storage.dir = [/tmp/workdir/hadoop-ozone/integration-test/target/test-dir/MiniOzoneClusterImpl-40637dfe-807c-41e2-8a87-8c36a2d45a05/datanode-0/data/ratis] (custom)
2019-07-13 22:36:29,602 INFO  replication.SimpleContainerDownloader (SimpleContainerDownloader.java:<init>(72)) - Starting container downloader service to copy containers to replicate.
2019-07-13 22:36:29,616 INFO  hdfs.DFSUtil (DFSUtil.java:httpServerTemplateForNNAndJN(1641)) - Starting Web-server for hddsDatanode at: http://0.0.0.0:0
2019-07-13 22:36:29,618 INFO  server.AuthenticationFilter (AuthenticationFilter.java:constructSecretProvider(240)) - Unable to initialize FileSignerSecretProvider, falling back to use random secrets.
2019-07-13 22:36:29,618 WARN  http.HttpRequestLog (HttpRequestLog.java:getRequestLog(97)) - Jetty request log can only be enabled using Log4j
2019-07-13 22:36:29,620 INFO  http.HttpServer2 (HttpServer2.java:addGlobalFilter(975)) - Added global filter 'safety' (class=org.apache.hadoop.http.HttpServer2$QuotingInputFilter)
2019-07-13 22:36:29,621 INFO  http.HttpServer2 (HttpServer2.java:addFilter(948)) - Added filter static_user_filter (class=org.apache.hadoop.http.lib.StaticUserWebFilter$StaticUserFilter) to context hddsDatanode
2019-07-13 22:36:29,621 INFO  http.HttpServer2 (HttpServer2.java:addFilter(958)) - Added filter static_user_filter (class=org.apache.hadoop.http.lib.StaticUserWebFilter$StaticUserFilter) to context static
2019-07-13 22:36:29,621 INFO  http.HttpServer2 (HttpServer2.java:addFilter(958)) - Added filter static_user_filter (class=org.apache.hadoop.http.lib.StaticUserWebFilter$StaticUserFilter) to context logs
2019-07-13 22:36:29,622 INFO  http.HttpServer2 (HttpServer2.java:bindListener(1191)) - Jetty bound to port 39455
2019-07-13 22:36:29,622 INFO  server.Server (Server.java:doStart(351)) - jetty-9.3.24.v20180605, build timestamp: 2018-06-05T17:11:56Z, git hash: 84205aa28f11a4f31f2a3b86d1bba2cc8ab69827
2019-07-13 22:36:29,625 INFO  handler.ContextHandler (ContextHandler.java:doStart(781)) - Started o.e.j.s.ServletContextHandler@761956ac{/logs,file:///tmp/workdir/hadoop-ozone/integration-test/target/log,AVAILABLE}
2019-07-13 22:36:29,625 INFO  handler.ContextHandler (ContextHandler.java:doStart(781)) - Started o.e.j.s.ServletContextHandler@304d0259{/static,jar:file:/home/user/.m2/repository/org/apache/hadoop/hadoop-hdds-container-service/0.5.0-SNAPSHOT/hadoop-hdds-container-service-0.5.0-SNAPSHOT.jar!/webapps/static,AVAILABLE}
2019-07-13 22:36:29,657 INFO  handler.ContextHandler (ContextHandler.java:doStart(781)) - Started o.e.j.w.WebAppContext@124ac145{/,file:///tmp/jetty-0.0.0.0-39455-hddsDatanode-_-any-9103611892917362658.dir/webapp/,AVAILABLE}{/hddsDatanode}
2019-07-13 22:36:29,657 INFO  server.AbstractConnector (AbstractConnector.java:doStart(278)) - Started ServerConnector@2def7a7a{HTTP/1.1,[http/1.1]}{0.0.0.0:39455}
2019-07-13 22:36:29,658 INFO  server.Server (Server.java:doStart(419)) - Started @4266ms
2019-07-13 22:36:29,659 INFO  server.BaseHttpServer (BaseHttpServer.java:updateConnectorAddress(207)) - HTTP server of HDDSDATANODE is listening at http://0.0.0.0:39455
2019-07-13 22:36:30,544 INFO  ozone.HddsDatanodeService (HddsDatanodeService.java:startPlugins(396)) - Started plug-in org.apache.hadoop.ozone.web.OzoneHddsDatanodeService@69f2cb04
2019-07-13 22:36:30,548 INFO  impl.MetricsSystemImpl (MetricsSystemImpl.java:init(158)) - HddsDatanode metrics system started (again)
2019-07-13 22:36:30,549 INFO  ozone.HddsDatanodeService (HddsDatanodeService.java:start(185)) - HddsDatanodeService host:trunk-nightly-x8m8d-1534914823 ip:192.168.5.159
2019-07-13 22:36:30,558 INFO  util.JvmPauseMonitor (JvmPauseMonitor.java:run(188)) - Starting JVM pause monitor
2019-07-13 22:36:30,568 INFO  volume.HddsVolume (HddsVolume.java:<init>(176)) - Creating Volume: /tmp/workdir/hadoop-ozone/integration-test/target/test-dir/MiniOzoneClusterImpl-40637dfe-807c-41e2-8a87-8c36a2d45a05/datanode-1/data/containers/hdds of  storage type : DISK and capacity : 52710309888
2019-07-13 22:36:30,568 INFO  volume.VolumeSet (VolumeSet.java:initializeVolumeSet(170)) - Added Volume : /tmp/workdir/hadoop-ozone/integration-test/target/test-dir/MiniOzoneClusterImpl-40637dfe-807c-41e2-8a87-8c36a2d45a05/datanode-1/data/containers/hdds to VolumeSet
2019-07-13 22:36:30,569 INFO  volume.ThrottledAsyncChecker (ThrottledAsyncChecker.java:schedule(140)) - Scheduling a check for org.apache.hadoop.ozone.container.common.volume.HddsVolume@656a3d6b
2019-07-13 22:36:30,570 INFO  volume.HddsVolumeChecker (HddsVolumeChecker.java:checkAllVolumes(203)) - Scheduled health check for volume org.apache.hadoop.ozone.container.common.volume.HddsVolume@656a3d6b
2019-07-13 22:36:30,594 INFO  impl.RaftServerProxy (ConfUtils.java:logGet(43)) - raft.rpc.type = GRPC (default)
2019-07-13 22:36:30,595 INFO  grpc.GrpcFactory (GrpcFactory.java:checkPooledByteBufAllocatorUseCacheForAllThreads(45)) - PERFORMANCE WARNING: useCacheForAllThreads is true that may cause Netty to create a lot garbage objects and, as a result, trigger GC.
	It is recommended to disable useCacheForAllThreads by setting -Dorg.apache.ratis.thirdparty.io.netty.allocator.useCacheForAllThreads=false in command line.
2019-07-13 22:36:30,595 INFO  grpc.GrpcConfigKeys$Server (ConfUtils.java:logGet(43)) - raft.grpc.server.port = 0 (default)
2019-07-13 22:36:30,596 INFO  server.GrpcService (ConfUtils.java:logGet(43)) - raft.grpc.message.size.max = 33570816 (custom)
2019-07-13 22:36:30,596 INFO  server.RaftServerConfigKeys (ConfUtils.java:logGet(43)) - raft.server.log.appender.buffer.byte-limit = 33554432 (custom)
2019-07-13 22:36:30,596 INFO  server.GrpcService (ConfUtils.java:logGet(43)) - raft.grpc.flow.control.window = 1MB (=1048576) (default)
2019-07-13 22:36:30,597 INFO  server.RaftServerConfigKeys (ConfUtils.java:logGet(43)) - raft.server.rpc.request.timeout = 3000ms (default)
2019-07-13 22:36:30,598 INFO  server.RaftServerConfigKeys (ConfUtils.java:logGet(43)) - raft.server.storage.dir = [/tmp/workdir/hadoop-ozone/integration-test/target/test-dir/MiniOzoneClusterImpl-40637dfe-807c-41e2-8a87-8c36a2d45a05/datanode-1/data/ratis] (custom)
2019-07-13 22:36:30,598 INFO  replication.SimpleContainerDownloader (SimpleContainerDownloader.java:<init>(72)) - Starting container downloader service to copy containers to replicate.
2019-07-13 22:36:30,600 INFO  hdfs.DFSUtil (DFSUtil.java:httpServerTemplateForNNAndJN(1641)) - Starting Web-server for hddsDatanode at: http://0.0.0.0:0
2019-07-13 22:36:30,604 INFO  server.AuthenticationFilter (AuthenticationFilter.java:constructSecretProvider(240)) - Unable to initialize FileSignerSecretProvider, falling back to use random secrets.
2019-07-13 22:36:30,605 WARN  http.HttpRequestLog (HttpRequestLog.java:getRequestLog(97)) - Jetty request log can only be enabled using Log4j
2019-07-13 22:36:30,608 INFO  http.HttpServer2 (HttpServer2.java:addGlobalFilter(975)) - Added global filter 'safety' (class=org.apache.hadoop.http.HttpServer2$QuotingInputFilter)
2019-07-13 22:36:30,610 INFO  http.HttpServer2 (HttpServer2.java:addFilter(948)) - Added filter static_user_filter (class=org.apache.hadoop.http.lib.StaticUserWebFilter$StaticUserFilter) to context hddsDatanode
2019-07-13 22:36:30,610 INFO  http.HttpServer2 (HttpServer2.java:addFilter(958)) - Added filter static_user_filter (class=org.apache.hadoop.http.lib.StaticUserWebFilter$StaticUserFilter) to context static
2019-07-13 22:36:30,610 INFO  http.HttpServer2 (HttpServer2.java:addFilter(958)) - Added filter static_user_filter (class=org.apache.hadoop.http.lib.StaticUserWebFilter$StaticUserFilter) to context logs
2019-07-13 22:36:30,612 INFO  http.HttpServer2 (HttpServer2.java:bindListener(1191)) - Jetty bound to port 34505
2019-07-13 22:36:30,613 INFO  server.Server (Server.java:doStart(351)) - jetty-9.3.24.v20180605, build timestamp: 2018-06-05T17:11:56Z, git hash: 84205aa28f11a4f31f2a3b86d1bba2cc8ab69827
2019-07-13 22:36:30,616 INFO  handler.ContextHandler (ContextHandler.java:doStart(781)) - Started o.e.j.s.ServletContextHandler@733fb462{/logs,file:///tmp/workdir/hadoop-ozone/integration-test/target/log,AVAILABLE}
2019-07-13 22:36:30,617 INFO  handler.ContextHandler (ContextHandler.java:doStart(781)) - Started o.e.j.s.ServletContextHandler@359066bc{/static,jar:file:/home/user/.m2/repository/org/apache/hadoop/hadoop-hdds-container-service/0.5.0-SNAPSHOT/hadoop-hdds-container-service-0.5.0-SNAPSHOT.jar!/webapps/static,AVAILABLE}
2019-07-13 22:36:30,668 INFO  handler.ContextHandler (ContextHandler.java:doStart(781)) - Started o.e.j.w.WebAppContext@2a8b33ba{/,file:///tmp/jetty-0.0.0.0-34505-hddsDatanode-_-any-7762500855392258875.dir/webapp/,AVAILABLE}{/hddsDatanode}
2019-07-13 22:36:30,669 INFO  server.AbstractConnector (AbstractConnector.java:doStart(278)) - Started ServerConnector@4e8b357d{HTTP/1.1,[http/1.1]}{0.0.0.0:34505}
2019-07-13 22:36:30,670 INFO  server.Server (Server.java:doStart(419)) - Started @5277ms
2019-07-13 22:36:30,671 INFO  server.BaseHttpServer (BaseHttpServer.java:updateConnectorAddress(207)) - HTTP server of HDDSDATANODE is listening at http://0.0.0.0:34505
2019-07-13 22:36:30,681 INFO  datanode.InitDatanodeState (InitDatanodeState.java:persistContainerDatanodeDetails(140)) - DatanodeDetails is persisted to /tmp/workdir/hadoop-ozone/integration-test/target/test-dir/MiniOzoneClusterImpl-40637dfe-807c-41e2-8a87-8c36a2d45a05/datanode-0/meta/datanode.id
2019-07-13 22:36:30,820 INFO  ozone.HddsDatanodeService (HddsDatanodeService.java:startPlugins(396)) - Started plug-in org.apache.hadoop.ozone.web.OzoneHddsDatanodeService@6097fca9
2019-07-13 22:36:30,821 INFO  impl.MetricsSystemImpl (MetricsSystemImpl.java:init(158)) - HddsDatanode metrics system started (again)
2019-07-13 22:36:30,821 INFO  ozone.HddsDatanodeService (HddsDatanodeService.java:start(185)) - HddsDatanodeService host:trunk-nightly-x8m8d-1534914823 ip:192.168.5.159
2019-07-13 22:36:30,823 INFO  util.JvmPauseMonitor (JvmPauseMonitor.java:run(188)) - Starting JVM pause monitor
2019-07-13 22:36:30,835 INFO  volume.HddsVolume (HddsVolume.java:<init>(176)) - Creating Volume: /tmp/workdir/hadoop-ozone/integration-test/target/test-dir/MiniOzoneClusterImpl-40637dfe-807c-41e2-8a87-8c36a2d45a05/datanode-2/data/containers/hdds of  storage type : DISK and capacity : 52710309888
2019-07-13 22:36:30,835 INFO  volume.VolumeSet (VolumeSet.java:initializeVolumeSet(170)) - Added Volume : /tmp/workdir/hadoop-ozone/integration-test/target/test-dir/MiniOzoneClusterImpl-40637dfe-807c-41e2-8a87-8c36a2d45a05/datanode-2/data/containers/hdds to VolumeSet
2019-07-13 22:36:30,835 INFO  volume.ThrottledAsyncChecker (ThrottledAsyncChecker.java:schedule(140)) - Scheduling a check for org.apache.hadoop.ozone.container.common.volume.HddsVolume@6371cf2f
2019-07-13 22:36:30,836 INFO  volume.HddsVolumeChecker (HddsVolumeChecker.java:checkAllVolumes(203)) - Scheduled health check for volume org.apache.hadoop.ozone.container.common.volume.HddsVolume@6371cf2f
2019-07-13 22:36:30,837 INFO  datanode.InitDatanodeState (InitDatanodeState.java:persistContainerDatanodeDetails(140)) - DatanodeDetails is persisted to /tmp/workdir/hadoop-ozone/integration-test/target/test-dir/MiniOzoneClusterImpl-40637dfe-807c-41e2-8a87-8c36a2d45a05/datanode-1/meta/datanode.id
2019-07-13 22:36:30,850 INFO  impl.RaftServerProxy (ConfUtils.java:logGet(43)) - raft.rpc.type = GRPC (default)
2019-07-13 22:36:30,851 INFO  grpc.GrpcFactory (GrpcFactory.java:checkPooledByteBufAllocatorUseCacheForAllThreads(45)) - PERFORMANCE WARNING: useCacheForAllThreads is true that may cause Netty to create a lot garbage objects and, as a result, trigger GC.
	It is recommended to disable useCacheForAllThreads by setting -Dorg.apache.ratis.thirdparty.io.netty.allocator.useCacheForAllThreads=false in command line.
2019-07-13 22:36:30,851 INFO  grpc.GrpcConfigKeys$Server (ConfUtils.java:logGet(43)) - raft.grpc.server.port = 0 (default)
2019-07-13 22:36:30,851 INFO  server.GrpcService (ConfUtils.java:logGet(43)) - raft.grpc.message.size.max = 33570816 (custom)
2019-07-13 22:36:30,851 INFO  server.RaftServerConfigKeys (ConfUtils.java:logGet(43)) - raft.server.log.appender.buffer.byte-limit = 33554432 (custom)
2019-07-13 22:36:30,852 INFO  server.GrpcService (ConfUtils.java:logGet(43)) - raft.grpc.flow.control.window = 1MB (=1048576) (default)
2019-07-13 22:36:30,852 INFO  server.RaftServerConfigKeys (ConfUtils.java:logGet(43)) - raft.server.rpc.request.timeout = 3000ms (default)
2019-07-13 22:36:30,853 INFO  server.RaftServerConfigKeys (ConfUtils.java:logGet(43)) - raft.server.storage.dir = [/tmp/workdir/hadoop-ozone/integration-test/target/test-dir/MiniOzoneClusterImpl-40637dfe-807c-41e2-8a87-8c36a2d45a05/datanode-2/data/ratis] (custom)
2019-07-13 22:36:30,854 INFO  replication.SimpleContainerDownloader (SimpleContainerDownloader.java:<init>(72)) - Starting container downloader service to copy containers to replicate.
2019-07-13 22:36:30,855 INFO  hdfs.DFSUtil (DFSUtil.java:httpServerTemplateForNNAndJN(1641)) - Starting Web-server for hddsDatanode at: http://0.0.0.0:0
2019-07-13 22:36:30,856 INFO  server.AuthenticationFilter (AuthenticationFilter.java:constructSecretProvider(240)) - Unable to initialize FileSignerSecretProvider, falling back to use random secrets.
2019-07-13 22:36:30,857 WARN  http.HttpRequestLog (HttpRequestLog.java:getRequestLog(97)) - Jetty request log can only be enabled using Log4j
2019-07-13 22:36:30,858 INFO  http.HttpServer2 (HttpServer2.java:addGlobalFilter(975)) - Added global filter 'safety' (class=org.apache.hadoop.http.HttpServer2$QuotingInputFilter)
2019-07-13 22:36:30,859 INFO  http.HttpServer2 (HttpServer2.java:addFilter(948)) - Added filter static_user_filter (class=org.apache.hadoop.http.lib.StaticUserWebFilter$StaticUserFilter) to context hddsDatanode
2019-07-13 22:36:30,859 INFO  http.HttpServer2 (HttpServer2.java:addFilter(958)) - Added filter static_user_filter (class=org.apache.hadoop.http.lib.StaticUserWebFilter$StaticUserFilter) to context logs
2019-07-13 22:36:30,859 INFO  http.HttpServer2 (HttpServer2.java:addFilter(958)) - Added filter static_user_filter (class=org.apache.hadoop.http.lib.StaticUserWebFilter$StaticUserFilter) to context static
2019-07-13 22:36:30,860 INFO  http.HttpServer2 (HttpServer2.java:bindListener(1191)) - Jetty bound to port 45842
2019-07-13 22:36:30,860 INFO  server.Server (Server.java:doStart(351)) - jetty-9.3.24.v20180605, build timestamp: 2018-06-05T17:11:56Z, git hash: 84205aa28f11a4f31f2a3b86d1bba2cc8ab69827
2019-07-13 22:36:30,865 INFO  handler.ContextHandler (ContextHandler.java:doStart(781)) - Started o.e.j.s.ServletContextHandler@3b97907c{/logs,file:///tmp/workdir/hadoop-ozone/integration-test/target/log,AVAILABLE}
2019-07-13 22:36:30,865 INFO  handler.ContextHandler (ContextHandler.java:doStart(781)) - Started o.e.j.s.ServletContextHandler@631c6d11{/static,jar:file:/home/user/.m2/repository/org/apache/hadoop/hadoop-hdds-container-service/0.5.0-SNAPSHOT/hadoop-hdds-container-service-0.5.0-SNAPSHOT.jar!/webapps/static,AVAILABLE}
2019-07-13 22:36:30,893 INFO  handler.ContextHandler (ContextHandler.java:doStart(781)) - Started o.e.j.w.WebAppContext@61608e1a{/,file:///tmp/jetty-0.0.0.0-45842-hddsDatanode-_-any-1262416893968688792.dir/webapp/,AVAILABLE}{/hddsDatanode}
2019-07-13 22:36:30,894 INFO  server.AbstractConnector (AbstractConnector.java:doStart(278)) - Started ServerConnector@7c46c9c3{HTTP/1.1,[http/1.1]}{0.0.0.0:45842}
2019-07-13 22:36:30,894 INFO  server.Server (Server.java:doStart(419)) - Started @5502ms
2019-07-13 22:36:30,896 INFO  server.BaseHttpServer (BaseHttpServer.java:updateConnectorAddress(207)) - HTTP server of HDDSDATANODE is listening at http://0.0.0.0:45842
2019-07-13 22:36:31,034 INFO  ozone.HddsDatanodeService (HddsDatanodeService.java:startPlugins(396)) - Started plug-in org.apache.hadoop.ozone.web.OzoneHddsDatanodeService@4026461d
2019-07-13 22:36:31,035 INFO  impl.MetricsSystemImpl (MetricsSystemImpl.java:init(158)) - HddsDatanode metrics system started (again)
2019-07-13 22:36:31,035 INFO  ozone.HddsDatanodeService (HddsDatanodeService.java:start(185)) - HddsDatanodeService host:trunk-nightly-x8m8d-1534914823 ip:192.168.5.159
2019-07-13 22:36:31,038 INFO  util.JvmPauseMonitor (JvmPauseMonitor.java:run(188)) - Starting JVM pause monitor
2019-07-13 22:36:31,042 INFO  datanode.InitDatanodeState (InitDatanodeState.java:persistContainerDatanodeDetails(140)) - DatanodeDetails is persisted to /tmp/workdir/hadoop-ozone/integration-test/target/test-dir/MiniOzoneClusterImpl-40637dfe-807c-41e2-8a87-8c36a2d45a05/datanode-2/meta/datanode.id
2019-07-13 22:36:31,045 INFO  volume.HddsVolume (HddsVolume.java:<init>(176)) - Creating Volume: /tmp/workdir/hadoop-ozone/integration-test/target/test-dir/MiniOzoneClusterImpl-40637dfe-807c-41e2-8a87-8c36a2d45a05/datanode-3/data/containers/hdds of  storage type : DISK and capacity : 52710309888
2019-07-13 22:36:31,046 INFO  volume.VolumeSet (VolumeSet.java:initializeVolumeSet(170)) - Added Volume : /tmp/workdir/hadoop-ozone/integration-test/target/test-dir/MiniOzoneClusterImpl-40637dfe-807c-41e2-8a87-8c36a2d45a05/datanode-3/data/containers/hdds to VolumeSet
2019-07-13 22:36:31,046 INFO  volume.ThrottledAsyncChecker (ThrottledAsyncChecker.java:schedule(140)) - Scheduling a check for org.apache.hadoop.ozone.container.common.volume.HddsVolume@57bd6a8f
2019-07-13 22:36:31,047 INFO  volume.HddsVolumeChecker (HddsVolumeChecker.java:checkAllVolumes(203)) - Scheduled health check for volume org.apache.hadoop.ozone.container.common.volume.HddsVolume@57bd6a8f
2019-07-13 22:36:31,060 INFO  impl.RaftServerProxy (ConfUtils.java:logGet(43)) - raft.rpc.type = GRPC (default)
2019-07-13 22:36:31,061 INFO  grpc.GrpcFactory (GrpcFactory.java:checkPooledByteBufAllocatorUseCacheForAllThreads(45)) - PERFORMANCE WARNING: useCacheForAllThreads is true that may cause Netty to create a lot garbage objects and, as a result, trigger GC.
	It is recommended to disable useCacheForAllThreads by setting -Dorg.apache.ratis.thirdparty.io.netty.allocator.useCacheForAllThreads=false in command line.
2019-07-13 22:36:31,061 INFO  grpc.GrpcConfigKeys$Server (ConfUtils.java:logGet(43)) - raft.grpc.server.port = 0 (default)
2019-07-13 22:36:31,061 INFO  server.GrpcService (ConfUtils.java:logGet(43)) - raft.grpc.message.size.max = 33570816 (custom)
2019-07-13 22:36:31,062 INFO  server.RaftServerConfigKeys (ConfUtils.java:logGet(43)) - raft.server.log.appender.buffer.byte-limit = 33554432 (custom)
2019-07-13 22:36:31,062 INFO  server.GrpcService (ConfUtils.java:logGet(43)) - raft.grpc.flow.control.window = 1MB (=1048576) (default)
2019-07-13 22:36:31,062 INFO  server.RaftServerConfigKeys (ConfUtils.java:logGet(43)) - raft.server.rpc.request.timeout = 3000ms (default)
2019-07-13 22:36:31,063 INFO  server.RaftServerConfigKeys (ConfUtils.java:logGet(43)) - raft.server.storage.dir = [/tmp/workdir/hadoop-ozone/integration-test/target/test-dir/MiniOzoneClusterImpl-40637dfe-807c-41e2-8a87-8c36a2d45a05/datanode-3/data/ratis] (custom)
2019-07-13 22:36:31,063 INFO  replication.SimpleContainerDownloader (SimpleContainerDownloader.java:<init>(72)) - Starting container downloader service to copy containers to replicate.
2019-07-13 22:36:31,064 INFO  hdfs.DFSUtil (DFSUtil.java:httpServerTemplateForNNAndJN(1641)) - Starting Web-server for hddsDatanode at: http://0.0.0.0:0
2019-07-13 22:36:31,065 INFO  server.AuthenticationFilter (AuthenticationFilter.java:constructSecretProvider(240)) - Unable to initialize FileSignerSecretProvider, falling back to use random secrets.
2019-07-13 22:36:31,066 WARN  http.HttpRequestLog (HttpRequestLog.java:getRequestLog(97)) - Jetty request log can only be enabled using Log4j
2019-07-13 22:36:31,067 INFO  http.HttpServer2 (HttpServer2.java:addGlobalFilter(975)) - Added global filter 'safety' (class=org.apache.hadoop.http.HttpServer2$QuotingInputFilter)
2019-07-13 22:36:31,068 INFO  http.HttpServer2 (HttpServer2.java:addFilter(948)) - Added filter static_user_filter (class=org.apache.hadoop.http.lib.StaticUserWebFilter$StaticUserFilter) to context hddsDatanode
2019-07-13 22:36:31,068 INFO  http.HttpServer2 (HttpServer2.java:addFilter(958)) - Added filter static_user_filter (class=org.apache.hadoop.http.lib.StaticUserWebFilter$StaticUserFilter) to context static
2019-07-13 22:36:31,068 INFO  http.HttpServer2 (HttpServer2.java:addFilter(958)) - Added filter static_user_filter (class=org.apache.hadoop.http.lib.StaticUserWebFilter$StaticUserFilter) to context logs
2019-07-13 22:36:31,069 INFO  http.HttpServer2 (HttpServer2.java:bindListener(1191)) - Jetty bound to port 42158
2019-07-13 22:36:31,069 INFO  server.Server (Server.java:doStart(351)) - jetty-9.3.24.v20180605, build timestamp: 2018-06-05T17:11:56Z, git hash: 84205aa28f11a4f31f2a3b86d1bba2cc8ab69827
2019-07-13 22:36:31,073 INFO  handler.ContextHandler (ContextHandler.java:doStart(781)) - Started o.e.j.s.ServletContextHandler@5f395ce1{/logs,file:///tmp/workdir/hadoop-ozone/integration-test/target/log,AVAILABLE}
2019-07-13 22:36:31,074 INFO  handler.ContextHandler (ContextHandler.java:doStart(781)) - Started o.e.j.s.ServletContextHandler@1e30db85{/static,jar:file:/home/user/.m2/repository/org/apache/hadoop/hadoop-hdds-container-service/0.5.0-SNAPSHOT/hadoop-hdds-container-service-0.5.0-SNAPSHOT.jar!/webapps/static,AVAILABLE}
2019-07-13 22:36:31,121 INFO  handler.ContextHandler (ContextHandler.java:doStart(781)) - Started o.e.j.w.WebAppContext@1e00bfe2{/,file:///tmp/jetty-0.0.0.0-42158-hddsDatanode-_-any-4050535860116863713.dir/webapp/,AVAILABLE}{/hddsDatanode}
2019-07-13 22:36:31,123 INFO  server.AbstractConnector (AbstractConnector.java:doStart(278)) - Started ServerConnector@4702e7a5{HTTP/1.1,[http/1.1]}{0.0.0.0:42158}
2019-07-13 22:36:31,124 INFO  server.Server (Server.java:doStart(419)) - Started @5731ms
2019-07-13 22:36:31,125 INFO  server.BaseHttpServer (BaseHttpServer.java:updateConnectorAddress(207)) - HTTP server of HDDSDATANODE is listening at http://0.0.0.0:42158
2019-07-13 22:36:31,293 INFO  ozone.HddsDatanodeService (HddsDatanodeService.java:startPlugins(396)) - Started plug-in org.apache.hadoop.ozone.web.OzoneHddsDatanodeService@1bd8afc8
2019-07-13 22:36:31,294 INFO  impl.MetricsSystemImpl (MetricsSystemImpl.java:init(158)) - HddsDatanode metrics system started (again)
2019-07-13 22:36:31,294 INFO  ozone.HddsDatanodeService (HddsDatanodeService.java:start(185)) - HddsDatanodeService host:trunk-nightly-x8m8d-1534914823 ip:192.168.5.159
2019-07-13 22:36:31,297 INFO  util.JvmPauseMonitor (JvmPauseMonitor.java:run(188)) - Starting JVM pause monitor
2019-07-13 22:36:31,299 INFO  datanode.InitDatanodeState (InitDatanodeState.java:persistContainerDatanodeDetails(140)) - DatanodeDetails is persisted to /tmp/workdir/hadoop-ozone/integration-test/target/test-dir/MiniOzoneClusterImpl-40637dfe-807c-41e2-8a87-8c36a2d45a05/datanode-3/meta/datanode.id
2019-07-13 22:36:31,304 INFO  volume.HddsVolume (HddsVolume.java:<init>(176)) - Creating Volume: /tmp/workdir/hadoop-ozone/integration-test/target/test-dir/MiniOzoneClusterImpl-40637dfe-807c-41e2-8a87-8c36a2d45a05/datanode-4/data/containers/hdds of  storage type : DISK and capacity : 52710309888
2019-07-13 22:36:31,306 INFO  volume.VolumeSet (VolumeSet.java:initializeVolumeSet(170)) - Added Volume : /tmp/workdir/hadoop-ozone/integration-test/target/test-dir/MiniOzoneClusterImpl-40637dfe-807c-41e2-8a87-8c36a2d45a05/datanode-4/data/containers/hdds to VolumeSet
2019-07-13 22:36:31,306 INFO  volume.ThrottledAsyncChecker (ThrottledAsyncChecker.java:schedule(140)) - Scheduling a check for org.apache.hadoop.ozone.container.common.volume.HddsVolume@77a0dd63
2019-07-13 22:36:31,307 INFO  volume.HddsVolumeChecker (HddsVolumeChecker.java:checkAllVolumes(203)) - Scheduled health check for volume org.apache.hadoop.ozone.container.common.volume.HddsVolume@77a0dd63
2019-07-13 22:36:31,323 INFO  impl.RaftServerProxy (ConfUtils.java:logGet(43)) - raft.rpc.type = GRPC (default)
2019-07-13 22:36:31,324 INFO  grpc.GrpcFactory (GrpcFactory.java:checkPooledByteBufAllocatorUseCacheForAllThreads(45)) - PERFORMANCE WARNING: useCacheForAllThreads is true that may cause Netty to create a lot garbage objects and, as a result, trigger GC.
	It is recommended to disable useCacheForAllThreads by setting -Dorg.apache.ratis.thirdparty.io.netty.allocator.useCacheForAllThreads=false in command line.
2019-07-13 22:36:31,324 INFO  grpc.GrpcConfigKeys$Server (ConfUtils.java:logGet(43)) - raft.grpc.server.port = 0 (default)
2019-07-13 22:36:31,325 INFO  server.GrpcService (ConfUtils.java:logGet(43)) - raft.grpc.message.size.max = 33570816 (custom)
2019-07-13 22:36:31,325 INFO  server.RaftServerConfigKeys (ConfUtils.java:logGet(43)) - raft.server.log.appender.buffer.byte-limit = 33554432 (custom)
2019-07-13 22:36:31,325 INFO  server.GrpcService (ConfUtils.java:logGet(43)) - raft.grpc.flow.control.window = 1MB (=1048576) (default)
2019-07-13 22:36:31,325 INFO  server.RaftServerConfigKeys (ConfUtils.java:logGet(43)) - raft.server.rpc.request.timeout = 3000ms (default)
2019-07-13 22:36:31,326 INFO  server.RaftServerConfigKeys (ConfUtils.java:logGet(43)) - raft.server.storage.dir = [/tmp/workdir/hadoop-ozone/integration-test/target/test-dir/MiniOzoneClusterImpl-40637dfe-807c-41e2-8a87-8c36a2d45a05/datanode-4/data/ratis] (custom)
2019-07-13 22:36:31,327 INFO  replication.SimpleContainerDownloader (SimpleContainerDownloader.java:<init>(72)) - Starting container downloader service to copy containers to replicate.
2019-07-13 22:36:31,328 INFO  hdfs.DFSUtil (DFSUtil.java:httpServerTemplateForNNAndJN(1641)) - Starting Web-server for hddsDatanode at: http://0.0.0.0:0
2019-07-13 22:36:31,329 INFO  server.AuthenticationFilter (AuthenticationFilter.java:constructSecretProvider(240)) - Unable to initialize FileSignerSecretProvider, falling back to use random secrets.
2019-07-13 22:36:31,330 WARN  http.HttpRequestLog (HttpRequestLog.java:getRequestLog(97)) - Jetty request log can only be enabled using Log4j
2019-07-13 22:36:31,332 INFO  http.HttpServer2 (HttpServer2.java:addGlobalFilter(975)) - Added global filter 'safety' (class=org.apache.hadoop.http.HttpServer2$QuotingInputFilter)
2019-07-13 22:36:31,332 INFO  http.HttpServer2 (HttpServer2.java:addFilter(948)) - Added filter static_user_filter (class=org.apache.hadoop.http.lib.StaticUserWebFilter$StaticUserFilter) to context hddsDatanode
2019-07-13 22:36:31,332 INFO  http.HttpServer2 (HttpServer2.java:addFilter(958)) - Added filter static_user_filter (class=org.apache.hadoop.http.lib.StaticUserWebFilter$StaticUserFilter) to context static
2019-07-13 22:36:31,333 INFO  http.HttpServer2 (HttpServer2.java:addFilter(958)) - Added filter static_user_filter (class=org.apache.hadoop.http.lib.StaticUserWebFilter$StaticUserFilter) to context logs
2019-07-13 22:36:31,333 INFO  http.HttpServer2 (HttpServer2.java:bindListener(1191)) - Jetty bound to port 43160
2019-07-13 22:36:31,333 INFO  server.Server (Server.java:doStart(351)) - jetty-9.3.24.v20180605, build timestamp: 2018-06-05T17:11:56Z, git hash: 84205aa28f11a4f31f2a3b86d1bba2cc8ab69827
2019-07-13 22:36:31,338 INFO  handler.ContextHandler (ContextHandler.java:doStart(781)) - Started o.e.j.s.ServletContextHandler@7aa01bd9{/logs,file:///tmp/workdir/hadoop-ozone/integration-test/target/log,AVAILABLE}
2019-07-13 22:36:31,339 INFO  handler.ContextHandler (ContextHandler.java:doStart(781)) - Started o.e.j.s.ServletContextHandler@615db358{/static,jar:file:/home/user/.m2/repository/org/apache/hadoop/hadoop-hdds-container-service/0.5.0-SNAPSHOT/hadoop-hdds-container-service-0.5.0-SNAPSHOT.jar!/webapps/static,AVAILABLE}
2019-07-13 22:36:31,366 INFO  handler.ContextHandler (ContextHandler.java:doStart(781)) - Started o.e.j.w.WebAppContext@34136bd1{/,file:///tmp/jetty-0.0.0.0-43160-hddsDatanode-_-any-9011316416950072680.dir/webapp/,AVAILABLE}{/hddsDatanode}
2019-07-13 22:36:31,367 INFO  server.AbstractConnector (AbstractConnector.java:doStart(278)) - Started ServerConnector@6de7778f{HTTP/1.1,[http/1.1]}{0.0.0.0:43160}
2019-07-13 22:36:31,368 INFO  server.Server (Server.java:doStart(419)) - Started @5975ms
2019-07-13 22:36:31,372 INFO  server.BaseHttpServer (BaseHttpServer.java:updateConnectorAddress(207)) - HTTP server of HDDSDATANODE is listening at http://0.0.0.0:43160
2019-07-13 22:36:31,508 INFO  ozone.HddsDatanodeService (HddsDatanodeService.java:startPlugins(396)) - Started plug-in org.apache.hadoop.ozone.web.OzoneHddsDatanodeService@5fdd97c1
2019-07-13 22:36:31,508 INFO  impl.MetricsSystemImpl (MetricsSystemImpl.java:init(158)) - HddsDatanode metrics system started (again)
2019-07-13 22:36:31,509 INFO  ozone.HddsDatanodeService (HddsDatanodeService.java:start(185)) - HddsDatanodeService host:trunk-nightly-x8m8d-1534914823 ip:192.168.5.159
2019-07-13 22:36:31,510 INFO  util.JvmPauseMonitor (JvmPauseMonitor.java:run(188)) - Starting JVM pause monitor
2019-07-13 22:36:31,512 INFO  datanode.InitDatanodeState (InitDatanodeState.java:persistContainerDatanodeDetails(140)) - DatanodeDetails is persisted to /tmp/workdir/hadoop-ozone/integration-test/target/test-dir/MiniOzoneClusterImpl-40637dfe-807c-41e2-8a87-8c36a2d45a05/datanode-4/meta/datanode.id
2019-07-13 22:36:31,518 INFO  volume.HddsVolume (HddsVolume.java:<init>(176)) - Creating Volume: /tmp/workdir/hadoop-ozone/integration-test/target/test-dir/MiniOzoneClusterImpl-40637dfe-807c-41e2-8a87-8c36a2d45a05/datanode-5/data/containers/hdds of  storage type : DISK and capacity : 52710309888
2019-07-13 22:36:31,518 INFO  volume.VolumeSet (VolumeSet.java:initializeVolumeSet(170)) - Added Volume : /tmp/workdir/hadoop-ozone/integration-test/target/test-dir/MiniOzoneClusterImpl-40637dfe-807c-41e2-8a87-8c36a2d45a05/datanode-5/data/containers/hdds to VolumeSet
2019-07-13 22:36:31,518 INFO  volume.ThrottledAsyncChecker (ThrottledAsyncChecker.java:schedule(140)) - Scheduling a check for org.apache.hadoop.ozone.container.common.volume.HddsVolume@37d3e140
2019-07-13 22:36:31,519 INFO  volume.HddsVolumeChecker (HddsVolumeChecker.java:checkAllVolumes(203)) - Scheduled health check for volume org.apache.hadoop.ozone.container.common.volume.HddsVolume@37d3e140
2019-07-13 22:36:31,534 INFO  impl.RaftServerProxy (ConfUtils.java:logGet(43)) - raft.rpc.type = GRPC (default)
2019-07-13 22:36:31,535 INFO  grpc.GrpcFactory (GrpcFactory.java:checkPooledByteBufAllocatorUseCacheForAllThreads(45)) - PERFORMANCE WARNING: useCacheForAllThreads is true that may cause Netty to create a lot garbage objects and, as a result, trigger GC.
	It is recommended to disable useCacheForAllThreads by setting -Dorg.apache.ratis.thirdparty.io.netty.allocator.useCacheForAllThreads=false in command line.
2019-07-13 22:36:31,535 INFO  grpc.GrpcConfigKeys$Server (ConfUtils.java:logGet(43)) - raft.grpc.server.port = 0 (default)
2019-07-13 22:36:31,535 INFO  server.GrpcService (ConfUtils.java:logGet(43)) - raft.grpc.message.size.max = 33570816 (custom)
2019-07-13 22:36:31,535 INFO  server.RaftServerConfigKeys (ConfUtils.java:logGet(43)) - raft.server.log.appender.buffer.byte-limit = 33554432 (custom)
2019-07-13 22:36:31,535 INFO  server.GrpcService (ConfUtils.java:logGet(43)) - raft.grpc.flow.control.window = 1MB (=1048576) (default)
2019-07-13 22:36:31,536 INFO  server.RaftServerConfigKeys (ConfUtils.java:logGet(43)) - raft.server.rpc.request.timeout = 3000ms (default)
2019-07-13 22:36:31,536 INFO  server.RaftServerConfigKeys (ConfUtils.java:logGet(43)) - raft.server.storage.dir = [/tmp/workdir/hadoop-ozone/integration-test/target/test-dir/MiniOzoneClusterImpl-40637dfe-807c-41e2-8a87-8c36a2d45a05/datanode-5/data/ratis] (custom)
2019-07-13 22:36:31,537 INFO  replication.SimpleContainerDownloader (SimpleContainerDownloader.java:<init>(72)) - Starting container downloader service to copy containers to replicate.
2019-07-13 22:36:31,538 INFO  hdfs.DFSUtil (DFSUtil.java:httpServerTemplateForNNAndJN(1641)) - Starting Web-server for hddsDatanode at: http://0.0.0.0:0
2019-07-13 22:36:31,539 INFO  server.AuthenticationFilter (AuthenticationFilter.java:constructSecretProvider(240)) - Unable to initialize FileSignerSecretProvider, falling back to use random secrets.
2019-07-13 22:36:31,540 WARN  http.HttpRequestLog (HttpRequestLog.java:getRequestLog(97)) - Jetty request log can only be enabled using Log4j
2019-07-13 22:36:31,541 INFO  http.HttpServer2 (HttpServer2.java:addGlobalFilter(975)) - Added global filter 'safety' (class=org.apache.hadoop.http.HttpServer2$QuotingInputFilter)
2019-07-13 22:36:31,542 INFO  http.HttpServer2 (HttpServer2.java:addFilter(948)) - Added filter static_user_filter (class=org.apache.hadoop.http.lib.StaticUserWebFilter$StaticUserFilter) to context hddsDatanode
2019-07-13 22:36:31,542 INFO  http.HttpServer2 (HttpServer2.java:addFilter(958)) - Added filter static_user_filter (class=org.apache.hadoop.http.lib.StaticUserWebFilter$StaticUserFilter) to context static
2019-07-13 22:36:31,543 INFO  http.HttpServer2 (HttpServer2.java:addFilter(958)) - Added filter static_user_filter (class=org.apache.hadoop.http.lib.StaticUserWebFilter$StaticUserFilter) to context logs
2019-07-13 22:36:31,543 INFO  http.HttpServer2 (HttpServer2.java:bindListener(1191)) - Jetty bound to port 41744
2019-07-13 22:36:31,543 INFO  server.Server (Server.java:doStart(351)) - jetty-9.3.24.v20180605, build timestamp: 2018-06-05T17:11:56Z, git hash: 84205aa28f11a4f31f2a3b86d1bba2cc8ab69827
2019-07-13 22:36:31,546 INFO  handler.ContextHandler (ContextHandler.java:doStart(781)) - Started o.e.j.s.ServletContextHandler@545d2560{/logs,file:///tmp/workdir/hadoop-ozone/integration-test/target/log,AVAILABLE}
2019-07-13 22:36:31,547 INFO  handler.ContextHandler (ContextHandler.java:doStart(781)) - Started o.e.j.s.ServletContextHandler@6885ed19{/static,jar:file:/home/user/.m2/repository/org/apache/hadoop/hadoop-hdds-container-service/0.5.0-SNAPSHOT/hadoop-hdds-container-service-0.5.0-SNAPSHOT.jar!/webapps/static,AVAILABLE}
2019-07-13 22:36:31,575 INFO  handler.ContextHandler (ContextHandler.java:doStart(781)) - Started o.e.j.w.WebAppContext@40c8067{/,file:///tmp/jetty-0.0.0.0-41744-hddsDatanode-_-any-4844834093773146895.dir/webapp/,AVAILABLE}{/hddsDatanode}
2019-07-13 22:36:31,576 INFO  server.AbstractConnector (AbstractConnector.java:doStart(278)) - Started ServerConnector@46bb0bdf{HTTP/1.1,[http/1.1]}{0.0.0.0:41744}
2019-07-13 22:36:31,576 INFO  server.Server (Server.java:doStart(419)) - Started @6184ms
2019-07-13 22:36:31,577 INFO  server.BaseHttpServer (BaseHttpServer.java:updateConnectorAddress(207)) - HTTP server of HDDSDATANODE is listening at http://0.0.0.0:41744
2019-07-13 22:36:31,735 INFO  ozone.HddsDatanodeService (HddsDatanodeService.java:startPlugins(396)) - Started plug-in org.apache.hadoop.ozone.web.OzoneHddsDatanodeService@7d25913
2019-07-13 22:36:31,735 INFO  impl.MetricsSystemImpl (MetricsSystemImpl.java:init(158)) - HddsDatanode metrics system started (again)
2019-07-13 22:36:31,735 INFO  ozone.HddsDatanodeService (HddsDatanodeService.java:start(185)) - HddsDatanodeService host:trunk-nightly-x8m8d-1534914823 ip:192.168.5.159
2019-07-13 22:36:31,738 INFO  util.JvmPauseMonitor (JvmPauseMonitor.java:run(188)) - Starting JVM pause monitor
2019-07-13 22:36:31,740 INFO  datanode.InitDatanodeState (InitDatanodeState.java:persistContainerDatanodeDetails(140)) - DatanodeDetails is persisted to /tmp/workdir/hadoop-ozone/integration-test/target/test-dir/MiniOzoneClusterImpl-40637dfe-807c-41e2-8a87-8c36a2d45a05/datanode-5/meta/datanode.id
2019-07-13 22:36:31,746 INFO  volume.HddsVolume (HddsVolume.java:<init>(176)) - Creating Volume: /tmp/workdir/hadoop-ozone/integration-test/target/test-dir/MiniOzoneClusterImpl-40637dfe-807c-41e2-8a87-8c36a2d45a05/datanode-6/data/containers/hdds of  storage type : DISK and capacity : 52710309888
2019-07-13 22:36:31,747 INFO  volume.VolumeSet (VolumeSet.java:initializeVolumeSet(170)) - Added Volume : /tmp/workdir/hadoop-ozone/integration-test/target/test-dir/MiniOzoneClusterImpl-40637dfe-807c-41e2-8a87-8c36a2d45a05/datanode-6/data/containers/hdds to VolumeSet
2019-07-13 22:36:31,747 INFO  volume.ThrottledAsyncChecker (ThrottledAsyncChecker.java:schedule(140)) - Scheduling a check for org.apache.hadoop.ozone.container.common.volume.HddsVolume@40a1b6d4
2019-07-13 22:36:31,747 INFO  volume.HddsVolumeChecker (HddsVolumeChecker.java:checkAllVolumes(203)) - Scheduled health check for volume org.apache.hadoop.ozone.container.common.volume.HddsVolume@40a1b6d4
2019-07-13 22:36:31,762 INFO  impl.RaftServerProxy (ConfUtils.java:logGet(43)) - raft.rpc.type = GRPC (default)
2019-07-13 22:36:31,762 INFO  grpc.GrpcFactory (GrpcFactory.java:checkPooledByteBufAllocatorUseCacheForAllThreads(45)) - PERFORMANCE WARNING: useCacheForAllThreads is true that may cause Netty to create a lot garbage objects and, as a result, trigger GC.
	It is recommended to disable useCacheForAllThreads by setting -Dorg.apache.ratis.thirdparty.io.netty.allocator.useCacheForAllThreads=false in command line.
2019-07-13 22:36:31,763 INFO  grpc.GrpcConfigKeys$Server (ConfUtils.java:logGet(43)) - raft.grpc.server.port = 0 (default)
2019-07-13 22:36:31,763 INFO  server.GrpcService (ConfUtils.java:logGet(43)) - raft.grpc.message.size.max = 33570816 (custom)
2019-07-13 22:36:31,763 INFO  server.RaftServerConfigKeys (ConfUtils.java:logGet(43)) - raft.server.log.appender.buffer.byte-limit = 33554432 (custom)
2019-07-13 22:36:31,763 INFO  server.GrpcService (ConfUtils.java:logGet(43)) - raft.grpc.flow.control.window = 1MB (=1048576) (default)
2019-07-13 22:36:31,763 INFO  server.RaftServerConfigKeys (ConfUtils.java:logGet(43)) - raft.server.rpc.request.timeout = 3000ms (default)
2019-07-13 22:36:31,764 INFO  server.RaftServerConfigKeys (ConfUtils.java:logGet(43)) - raft.server.storage.dir = [/tmp/workdir/hadoop-ozone/integration-test/target/test-dir/MiniOzoneClusterImpl-40637dfe-807c-41e2-8a87-8c36a2d45a05/datanode-6/data/ratis] (custom)
2019-07-13 22:36:31,765 INFO  replication.SimpleContainerDownloader (SimpleContainerDownloader.java:<init>(72)) - Starting container downloader service to copy containers to replicate.
2019-07-13 22:36:31,766 INFO  hdfs.DFSUtil (DFSUtil.java:httpServerTemplateForNNAndJN(1641)) - Starting Web-server for hddsDatanode at: http://0.0.0.0:0
2019-07-13 22:36:31,767 INFO  server.AuthenticationFilter (AuthenticationFilter.java:constructSecretProvider(240)) - Unable to initialize FileSignerSecretProvider, falling back to use random secrets.
2019-07-13 22:36:31,767 WARN  http.HttpRequestLog (HttpRequestLog.java:getRequestLog(97)) - Jetty request log can only be enabled using Log4j
2019-07-13 22:36:31,769 INFO  http.HttpServer2 (HttpServer2.java:addGlobalFilter(975)) - Added global filter 'safety' (class=org.apache.hadoop.http.HttpServer2$QuotingInputFilter)
2019-07-13 22:36:31,769 INFO  http.HttpServer2 (HttpServer2.java:addFilter(948)) - Added filter static_user_filter (class=org.apache.hadoop.http.lib.StaticUserWebFilter$StaticUserFilter) to context hddsDatanode
2019-07-13 22:36:31,769 INFO  http.HttpServer2 (HttpServer2.java:addFilter(958)) - Added filter static_user_filter (class=org.apache.hadoop.http.lib.StaticUserWebFilter$StaticUserFilter) to context static
2019-07-13 22:36:31,769 INFO  http.HttpServer2 (HttpServer2.java:addFilter(958)) - Added filter static_user_filter (class=org.apache.hadoop.http.lib.StaticUserWebFilter$StaticUserFilter) to context logs
2019-07-13 22:36:31,770 INFO  http.HttpServer2 (HttpServer2.java:bindListener(1191)) - Jetty bound to port 38354
2019-07-13 22:36:31,770 INFO  server.Server (Server.java:doStart(351)) - jetty-9.3.24.v20180605, build timestamp: 2018-06-05T17:11:56Z, git hash: 84205aa28f11a4f31f2a3b86d1bba2cc8ab69827
2019-07-13 22:36:31,818 INFO  handler.ContextHandler (ContextHandler.java:doStart(781)) - Started o.e.j.s.ServletContextHandler@718989fa{/logs,file:///tmp/workdir/hadoop-ozone/integration-test/target/log,AVAILABLE}
2019-07-13 22:36:31,819 INFO  handler.ContextHandler (ContextHandler.java:doStart(781)) - Started o.e.j.s.ServletContextHandler@6568f998{/static,jar:file:/home/user/.m2/repository/org/apache/hadoop/hadoop-hdds-container-service/0.5.0-SNAPSHOT/hadoop-hdds-container-service-0.5.0-SNAPSHOT.jar!/webapps/static,AVAILABLE}
2019-07-13 22:36:31,882 INFO  handler.ContextHandler (ContextHandler.java:doStart(781)) - Started o.e.j.w.WebAppContext@448ade1{/,file:///tmp/jetty-0.0.0.0-38354-hddsDatanode-_-any-1860553750925556397.dir/webapp/,AVAILABLE}{/hddsDatanode}
2019-07-13 22:36:31,882 INFO  server.AbstractConnector (AbstractConnector.java:doStart(278)) - Started ServerConnector@21f9c6ea{HTTP/1.1,[http/1.1]}{0.0.0.0:38354}
2019-07-13 22:36:31,883 INFO  server.Server (Server.java:doStart(419)) - Started @6491ms
2019-07-13 22:36:31,884 INFO  server.BaseHttpServer (BaseHttpServer.java:updateConnectorAddress(207)) - HTTP server of HDDSDATANODE is listening at http://0.0.0.0:38354
2019-07-13 22:36:32,018 INFO  ozone.HddsDatanodeService (HddsDatanodeService.java:startPlugins(396)) - Started plug-in org.apache.hadoop.ozone.web.OzoneHddsDatanodeService@112c2930
2019-07-13 22:36:32,019 INFO  ozone.MiniOzoneClusterImpl (MiniOzoneClusterImpl.java:lambda$waitForClusterToBeReady$0(142)) - Waiting for cluster to be ready. Got 0 of 7 DN Heartbeats.
2019-07-13 22:36:32,021 INFO  util.JvmPauseMonitor (JvmPauseMonitor.java:run(188)) - Starting JVM pause monitor
2019-07-13 22:36:32,023 INFO  datanode.InitDatanodeState (InitDatanodeState.java:persistContainerDatanodeDetails(140)) - DatanodeDetails is persisted to /tmp/workdir/hadoop-ozone/integration-test/target/test-dir/MiniOzoneClusterImpl-40637dfe-807c-41e2-8a87-8c36a2d45a05/datanode-6/meta/datanode.id
2019-07-13 22:36:32,621 INFO  ozoneimpl.OzoneContainer (OzoneContainer.java:start(186)) - Attempting to start container services.
2019-07-13 22:36:32,621 INFO  ozoneimpl.OzoneContainer (OzoneContainer.java:startContainerScrub(160)) - Background container scrubber has been disabled by hdds.containerscrub.enabled
2019-07-13 22:36:32,622 INFO  ratis.XceiverServerRatis (XceiverServerRatis.java:start(418)) - Starting XceiverServerRatis 90fad2f9-8619-403a-b387-4386a6a7dcfc at port 0
2019-07-13 22:36:32,647 INFO  impl.RaftServerProxy (RaftServerProxy.java:lambda$start$3(299)) - 90fad2f9-8619-403a-b387-4386a6a7dcfc: start RPC server
2019-07-13 22:36:32,770 INFO  server.GrpcService (GrpcService.java:startImpl(149)) - 90fad2f9-8619-403a-b387-4386a6a7dcfc: GrpcService started, listening on 0.0.0.0/0.0.0.0:45766
2019-07-13 22:36:32,770 INFO  ratis.XceiverServerRatis (XceiverServerRatis.java:start(428)) - XceiverServerRatis 90fad2f9-8619-403a-b387-4386a6a7dcfc is started using port 45766
2019-07-13 22:36:32,773 INFO  server.XceiverServerGrpc (XceiverServerGrpc.java:start(161)) - XceiverServerGrpc 90fad2f9-8619-403a-b387-4386a6a7dcfc is started using port 46779
2019-07-13 22:36:32,838 INFO  ozoneimpl.OzoneContainer (OzoneContainer.java:start(186)) - Attempting to start container services.
2019-07-13 22:36:32,840 INFO  ozoneimpl.OzoneContainer (OzoneContainer.java:startContainerScrub(160)) - Background container scrubber has been disabled by hdds.containerscrub.enabled
2019-07-13 22:36:32,841 INFO  ratis.XceiverServerRatis (XceiverServerRatis.java:start(418)) - Starting XceiverServerRatis 4b315b76-54dd-4e3a-8b9a-0eb280f315a1 at port 0
2019-07-13 22:36:32,848 INFO  impl.RaftServerProxy (RaftServerProxy.java:lambda$start$3(299)) - 4b315b76-54dd-4e3a-8b9a-0eb280f315a1: start RPC server
2019-07-13 22:36:32,852 INFO  server.GrpcService (GrpcService.java:startImpl(149)) - 4b315b76-54dd-4e3a-8b9a-0eb280f315a1: GrpcService started, listening on 0.0.0.0/0.0.0.0:41812
2019-07-13 22:36:32,852 INFO  ratis.XceiverServerRatis (XceiverServerRatis.java:start(428)) - XceiverServerRatis 4b315b76-54dd-4e3a-8b9a-0eb280f315a1 is started using port 41812
2019-07-13 22:36:32,855 INFO  server.XceiverServerGrpc (XceiverServerGrpc.java:start(161)) - XceiverServerGrpc 4b315b76-54dd-4e3a-8b9a-0eb280f315a1 is started using port 38846
2019-07-13 22:36:33,020 INFO  ozone.MiniOzoneClusterImpl (MiniOzoneClusterImpl.java:lambda$waitForClusterToBeReady$0(142)) - Waiting for cluster to be ready. Got 0 of 7 DN Heartbeats.
2019-07-13 22:36:33,046 INFO  ozoneimpl.OzoneContainer (OzoneContainer.java:start(186)) - Attempting to start container services.
2019-07-13 22:36:33,048 INFO  ozoneimpl.OzoneContainer (OzoneContainer.java:startContainerScrub(160)) - Background container scrubber has been disabled by hdds.containerscrub.enabled
2019-07-13 22:36:33,049 INFO  ratis.XceiverServerRatis (XceiverServerRatis.java:start(418)) - Starting XceiverServerRatis 25ed64b7-dc5e-4ab6-bb2c-86c9bed5f07f at port 0
2019-07-13 22:36:33,056 INFO  impl.RaftServerProxy (RaftServerProxy.java:lambda$start$3(299)) - 25ed64b7-dc5e-4ab6-bb2c-86c9bed5f07f: start RPC server
2019-07-13 22:36:33,060 INFO  server.GrpcService (GrpcService.java:startImpl(149)) - 25ed64b7-dc5e-4ab6-bb2c-86c9bed5f07f: GrpcService started, listening on 0.0.0.0/0.0.0.0:42037
2019-07-13 22:36:33,060 INFO  ratis.XceiverServerRatis (XceiverServerRatis.java:start(428)) - XceiverServerRatis 25ed64b7-dc5e-4ab6-bb2c-86c9bed5f07f is started using port 42037
2019-07-13 22:36:33,063 INFO  server.XceiverServerGrpc (XceiverServerGrpc.java:start(161)) - XceiverServerGrpc 25ed64b7-dc5e-4ab6-bb2c-86c9bed5f07f is started using port 39879
2019-07-13 22:36:33,305 INFO  ozoneimpl.OzoneContainer (OzoneContainer.java:start(186)) - Attempting to start container services.
2019-07-13 22:36:33,308 INFO  ozoneimpl.OzoneContainer (OzoneContainer.java:startContainerScrub(160)) - Background container scrubber has been disabled by hdds.containerscrub.enabled
2019-07-13 22:36:33,308 INFO  ratis.XceiverServerRatis (XceiverServerRatis.java:start(418)) - Starting XceiverServerRatis 931aa43a-3005-4ae9-bd51-950a6ab0f1a0 at port 0
2019-07-13 22:36:33,318 INFO  impl.RaftServerProxy (RaftServerProxy.java:lambda$start$3(299)) - 931aa43a-3005-4ae9-bd51-950a6ab0f1a0: start RPC server
2019-07-13 22:36:33,322 INFO  server.GrpcService (GrpcService.java:startImpl(149)) - 931aa43a-3005-4ae9-bd51-950a6ab0f1a0: GrpcService started, listening on 0.0.0.0/0.0.0.0:40307
2019-07-13 22:36:33,322 INFO  ratis.XceiverServerRatis (XceiverServerRatis.java:start(428)) - XceiverServerRatis 931aa43a-3005-4ae9-bd51-950a6ab0f1a0 is started using port 40307
2019-07-13 22:36:33,326 INFO  server.XceiverServerGrpc (XceiverServerGrpc.java:start(161)) - XceiverServerGrpc 931aa43a-3005-4ae9-bd51-950a6ab0f1a0 is started using port 44228
2019-07-13 22:36:33,519 INFO  ozoneimpl.OzoneContainer (OzoneContainer.java:start(186)) - Attempting to start container services.
2019-07-13 22:36:33,522 INFO  ozoneimpl.OzoneContainer (OzoneContainer.java:startContainerScrub(160)) - Background container scrubber has been disabled by hdds.containerscrub.enabled
2019-07-13 22:36:33,522 INFO  ratis.XceiverServerRatis (XceiverServerRatis.java:start(418)) - Starting XceiverServerRatis bf9e593e-7983-4fed-9d6c-fff1d62489b6 at port 0
2019-07-13 22:36:33,531 INFO  impl.RaftServerProxy (RaftServerProxy.java:lambda$start$3(299)) - bf9e593e-7983-4fed-9d6c-fff1d62489b6: start RPC server
2019-07-13 22:36:33,536 INFO  server.GrpcService (GrpcService.java:startImpl(149)) - bf9e593e-7983-4fed-9d6c-fff1d62489b6: GrpcService started, listening on 0.0.0.0/0.0.0.0:41407
2019-07-13 22:36:33,536 INFO  ratis.XceiverServerRatis (XceiverServerRatis.java:start(428)) - XceiverServerRatis bf9e593e-7983-4fed-9d6c-fff1d62489b6 is started using port 41407
2019-07-13 22:36:33,540 INFO  server.XceiverServerGrpc (XceiverServerGrpc.java:start(161)) - XceiverServerGrpc bf9e593e-7983-4fed-9d6c-fff1d62489b6 is started using port 34306
2019-07-13 22:36:33,753 INFO  ozoneimpl.OzoneContainer (OzoneContainer.java:start(186)) - Attempting to start container services.
2019-07-13 22:36:33,756 INFO  ozoneimpl.OzoneContainer (OzoneContainer.java:startContainerScrub(160)) - Background container scrubber has been disabled by hdds.containerscrub.enabled
2019-07-13 22:36:33,756 INFO  ratis.XceiverServerRatis (XceiverServerRatis.java:start(418)) - Starting XceiverServerRatis c76790ed-5c5b-4d4d-a5dc-fb4e5e696d3d at port 0
2019-07-13 22:36:33,764 INFO  impl.RaftServerProxy (RaftServerProxy.java:lambda$start$3(299)) - c76790ed-5c5b-4d4d-a5dc-fb4e5e696d3d: start RPC server
2019-07-13 22:36:33,768 INFO  server.GrpcService (GrpcService.java:startImpl(149)) - c76790ed-5c5b-4d4d-a5dc-fb4e5e696d3d: GrpcService started, listening on 0.0.0.0/0.0.0.0:35866
2019-07-13 22:36:33,768 INFO  ratis.XceiverServerRatis (XceiverServerRatis.java:start(428)) - XceiverServerRatis c76790ed-5c5b-4d4d-a5dc-fb4e5e696d3d is started using port 35866
2019-07-13 22:36:33,772 INFO  server.XceiverServerGrpc (XceiverServerGrpc.java:start(161)) - XceiverServerGrpc c76790ed-5c5b-4d4d-a5dc-fb4e5e696d3d is started using port 33684
2019-07-13 22:36:34,020 INFO  ozone.MiniOzoneClusterImpl (MiniOzoneClusterImpl.java:lambda$waitForClusterToBeReady$0(142)) - Waiting for cluster to be ready. Got 0 of 7 DN Heartbeats.
2019-07-13 22:36:34,029 INFO  ozoneimpl.OzoneContainer (OzoneContainer.java:start(186)) - Attempting to start container services.
2019-07-13 22:36:34,032 INFO  ozoneimpl.OzoneContainer (OzoneContainer.java:startContainerScrub(160)) - Background container scrubber has been disabled by hdds.containerscrub.enabled
2019-07-13 22:36:34,032 INFO  ratis.XceiverServerRatis (XceiverServerRatis.java:start(418)) - Starting XceiverServerRatis 7c51e767-727f-44cf-ac53-49a5938351e1 at port 0
2019-07-13 22:36:34,044 INFO  impl.RaftServerProxy (RaftServerProxy.java:lambda$start$3(299)) - 7c51e767-727f-44cf-ac53-49a5938351e1: start RPC server
2019-07-13 22:36:34,050 INFO  server.GrpcService (GrpcService.java:startImpl(149)) - 7c51e767-727f-44cf-ac53-49a5938351e1: GrpcService started, listening on 0.0.0.0/0.0.0.0:36546
2019-07-13 22:36:34,050 INFO  ratis.XceiverServerRatis (XceiverServerRatis.java:start(428)) - XceiverServerRatis 7c51e767-727f-44cf-ac53-49a5938351e1 is started using port 36546
2019-07-13 22:36:34,054 INFO  server.XceiverServerGrpc (XceiverServerGrpc.java:start(161)) - XceiverServerGrpc 7c51e767-727f-44cf-ac53-49a5938351e1 is started using port 42913
2019-07-13 22:36:34,607 INFO  net.NetworkTopology (NetworkTopologyImpl.java:add(110)) - Added a new node: /default-rack/192.168.5.159
2019-07-13 22:36:34,607 INFO  node.SCMNodeManager (SCMNodeManager.java:register(269)) - Registered Data node : 90fad2f9-8619-403a-b387-4386a6a7dcfc{ip: 192.168.5.159, host: trunk-nightly-x8m8d-1534914823, networkLocation: /default-rack, certSerialId: null}
2019-07-13 22:36:34,614 INFO  safemode.SCMSafeModeManager (DataNodeSafeModeRule.java:process(71)) - SCM in safe mode. 1 DataNodes registered, 1 required.
2019-07-13 22:36:34,614 INFO  safemode.SCMSafeModeManager (SCMSafeModeManager.java:validateSafeModeExitRules(177)) - ScmSafeModeManager, all rules are successfully validated
2019-07-13 22:36:34,614 INFO  safemode.SCMSafeModeManager (SCMSafeModeManager.java:exitSafeMode(193)) - SCM exiting safe mode.
2019-07-13 22:36:34,828 INFO  node.SCMNodeManager (SCMNodeManager.java:register(269)) - Registered Data node : 4b315b76-54dd-4e3a-8b9a-0eb280f315a1{ip: 192.168.5.159, host: trunk-nightly-x8m8d-1534914823, networkLocation: /default-rack, certSerialId: null}
2019-07-13 22:36:35,021 INFO  ozone.MiniOzoneClusterImpl (MiniOzoneClusterImpl.java:lambda$waitForClusterToBeReady$0(142)) - Waiting for cluster to be ready. Got 2 of 7 DN Heartbeats.
2019-07-13 22:36:35,041 INFO  node.SCMNodeManager (SCMNodeManager.java:register(269)) - Registered Data node : 25ed64b7-dc5e-4ab6-bb2c-86c9bed5f07f{ip: 192.168.5.159, host: trunk-nightly-x8m8d-1534914823, networkLocation: /default-rack, certSerialId: null}
2019-07-13 22:36:35,514 INFO  node.SCMNodeManager (SCMNodeManager.java:register(269)) - Registered Data node : 931aa43a-3005-4ae9-bd51-950a6ab0f1a0{ip: 192.168.5.159, host: trunk-nightly-x8m8d-1534914823, networkLocation: /default-rack, certSerialId: null}
2019-07-13 22:36:35,514 INFO  node.SCMNodeManager (SCMNodeManager.java:register(269)) - Registered Data node : bf9e593e-7983-4fed-9d6c-fff1d62489b6{ip: 192.168.5.159, host: trunk-nightly-x8m8d-1534914823, networkLocation: /default-rack, certSerialId: null}
2019-07-13 22:36:35,565 INFO  impl.RaftServerProxy (RaftServerProxy.java:addNew(89)) - 90fad2f9-8619-403a-b387-4386a6a7dcfc: addNew group-DF8CDF2D5803:[90fad2f9-8619-403a-b387-4386a6a7dcfc:192.168.5.159:45766] returns group-DF8CDF2D5803:java.util.concurrent.CompletableFuture@434d4e08[Not completed]
2019-07-13 22:36:35,576 INFO  impl.RaftServerImpl (RaftServerImpl.java:<init>(93)) - 90fad2f9-8619-403a-b387-4386a6a7dcfc: new RaftServerImpl for group-DF8CDF2D5803:[90fad2f9-8619-403a-b387-4386a6a7dcfc:192.168.5.159:45766] with ContainerStateMachine:uninitialized
2019-07-13 22:36:35,578 INFO  server.RaftServerConfigKeys (ConfUtils.java:logGet(43)) - raft.server.rpc.timeout.min = 5s (custom)
2019-07-13 22:36:35,578 INFO  server.RaftServerConfigKeys (ConfUtils.java:logGet(43)) - raft.server.rpc.timeout.max = 5200ms (custom)
2019-07-13 22:36:35,578 INFO  server.RaftServerConfigKeys (ConfUtils.java:logGet(43)) - raft.server.rpcslowness.timeout = 120s (custom)
2019-07-13 22:36:35,579 INFO  server.RaftServerConfigKeys (ConfUtils.java:logGet(43)) - raft.server.sleep.deviation.threshold = 300 (default)
2019-07-13 22:36:35,580 INFO  server.RaftServerConfigKeys (ConfUtils.java:logGet(43)) - raft.server.log.appender.install.snapshot.enabled = false (custom)
2019-07-13 22:36:35,589 INFO  impl.RaftServerImpl (ServerState.java:<init>(105)) - 90fad2f9-8619-403a-b387-4386a6a7dcfc:group-DF8CDF2D5803 ConfigurationManager, init=-1: [90fad2f9-8619-403a-b387-4386a6a7dcfc:192.168.5.159:45766], old=null, confs=<EMPTY_MAP>
2019-07-13 22:36:35,589 INFO  server.RaftServerConfigKeys (ConfUtils.java:logGet(43)) - raft.server.storage.dir = [/tmp/workdir/hadoop-ozone/integration-test/target/test-dir/MiniOzoneClusterImpl-40637dfe-807c-41e2-8a87-8c36a2d45a05/datanode-0/data/ratis] (custom)
2019-07-13 22:36:35,598 INFO  storage.RaftStorageDirectory (RaftStorageDirectory.java:analyzeStorage(246)) - The storage directory /tmp/workdir/hadoop-ozone/integration-test/target/test-dir/MiniOzoneClusterImpl-40637dfe-807c-41e2-8a87-8c36a2d45a05/datanode-0/data/ratis/478f5df5-5092-440d-aa37-df8cdf2d5803 does not exist. Creating ...
2019-07-13 22:36:35,615 INFO  storage.RaftStorageDirectory (RaftStorageDirectory.java:tryLock(328)) - Lock on /tmp/workdir/hadoop-ozone/integration-test/target/test-dir/MiniOzoneClusterImpl-40637dfe-807c-41e2-8a87-8c36a2d45a05/datanode-0/data/ratis/478f5df5-5092-440d-aa37-df8cdf2d5803/in_use.lock acquired by nodename 19245@trunk-nightly-x8m8d-1534914823
2019-07-13 22:36:35,620 INFO  storage.RaftStorage (RaftStorage.java:format(72)) - Storage directory /tmp/workdir/hadoop-ozone/integration-test/target/test-dir/MiniOzoneClusterImpl-40637dfe-807c-41e2-8a87-8c36a2d45a05/datanode-0/data/ratis/478f5df5-5092-440d-aa37-df8cdf2d5803 has been successfully formatted.
2019-07-13 22:36:35,622 INFO  ratis.ContainerStateMachine (ContainerStateMachine.java:loadSnapshot(200)) - The snapshot info is null.Setting the last applied index to:(t:0, i:~)
2019-07-13 22:36:35,622 INFO  server.RaftServerConfigKeys (ConfUtils.java:logGet(43)) - raft.server.leader.election.timeout = 120s (custom)
2019-07-13 22:36:35,625 INFO  server.RaftServerConfigKeys (ConfUtils.java:logGet(43)) - raft.server.log.use.memory = false (default)
2019-07-13 22:36:35,631 INFO  server.RaftServerConfigKeys (ConfUtils.java:logGet(43)) - raft.server.log.purge.gap = 1000000000 (custom)
2019-07-13 22:36:35,631 INFO  server.RaftServerConfigKeys (ConfUtils.java:logGet(43)) - raft.server.log.appender.buffer.byte-limit = 33554432 (custom)
2019-07-13 22:36:35,633 INFO  server.RaftServerConfigKeys (ConfUtils.java:logGet(43)) - raft.server.log.segment.size.max = 1048576 (custom)
2019-07-13 22:36:35,638 INFO  server.RaftServerConfigKeys (ConfUtils.java:logGet(43)) - raft.server.log.segment.cache.num.max = 2 (custom)
2019-07-13 22:36:35,643 INFO  segmented.SegmentedRaftLogWorker (SegmentedRaftLogWorker.java:<init>(172)) - new 90fad2f9-8619-403a-b387-4386a6a7dcfc-SegmentedRaftLogWorker:Storage Directory /tmp/workdir/hadoop-ozone/integration-test/target/test-dir/MiniOzoneClusterImpl-40637dfe-807c-41e2-8a87-8c36a2d45a05/datanode-0/data/ratis/478f5df5-5092-440d-aa37-df8cdf2d5803 for RaftStorage:Storage Directory /tmp/workdir/hadoop-ozone/integration-test/target/test-dir/MiniOzoneClusterImpl-40637dfe-807c-41e2-8a87-8c36a2d45a05/datanode-0/data/ratis/478f5df5-5092-440d-aa37-df8cdf2d5803
2019-07-13 22:36:35,655 INFO  server.RaftServerConfigKeys (ConfUtils.java:logGet(43)) - raft.server.log.queue.byte-limit = 2147483647 (custom)
2019-07-13 22:36:35,656 INFO  server.RaftServerConfigKeys (ConfUtils.java:logGet(43)) - raft.server.log.queue.element-limit = 1024 (custom)
2019-07-13 22:36:35,664 INFO  server.RaftServerConfigKeys (ConfUtils.java:logGet(43)) - raft.server.log.segment.size.max = 1048576 (custom)
2019-07-13 22:36:35,665 INFO  server.RaftServerConfigKeys (ConfUtils.java:logGet(43)) - raft.server.log.preallocated.size = 16384 (custom)
2019-07-13 22:36:35,665 INFO  server.RaftServerConfigKeys (ConfUtils.java:logGet(43)) - raft.server.log.write.buffer.size = 33554432 (custom)
2019-07-13 22:36:35,666 INFO  server.RaftServerConfigKeys (ConfUtils.java:logGet(43)) - raft.server.log.force.sync.num = 128 (default)
2019-07-13 22:36:35,667 INFO  server.RaftServerConfigKeys (ConfUtils.java:logGet(43)) - raft.server.log.statemachine.data.sync = true (default)
2019-07-13 22:36:35,667 INFO  server.RaftServerConfigKeys (ConfUtils.java:logGet(43)) - raft.server.log.statemachine.data.sync.timeout = 10s (default)
2019-07-13 22:36:35,667 INFO  server.RaftServerConfigKeys (ConfUtils.java:logGet(43)) - raft.server.log.statemachine.data.sync.timeout.retry = -1 (default)
2019-07-13 22:36:35,676 INFO  server.RaftServerConfigKeys (ConfUtils.java:logGet(43)) - raft.server.log.statemachine.data.caching.enabled = true (custom)
2019-07-13 22:36:35,687 INFO  segmented.SegmentedRaftLogWorker (SegmentedRaftLogWorker.java:lambda$new$0(132)) - 90fad2f9-8619-403a-b387-4386a6a7dcfc-SegmentedRaftLogWorker:Storage Directory /tmp/workdir/hadoop-ozone/integration-test/target/test-dir/MiniOzoneClusterImpl-40637dfe-807c-41e2-8a87-8c36a2d45a05/datanode-0/data/ratis/478f5df5-5092-440d-aa37-df8cdf2d5803: flushIndex: setUnconditionally 0 -> -1
2019-07-13 22:36:35,691 INFO  server.RaftServerConfigKeys (ConfUtils.java:logGet(43)) - raft.server.snapshot.auto.trigger.enabled = true (custom)
2019-07-13 22:36:35,692 INFO  server.RaftServerConfigKeys (ConfUtils.java:logGet(43)) - raft.server.snapshot.auto.trigger.threshold = 10000 (custom)
2019-07-13 22:36:35,692 INFO  server.RaftServerConfigKeys (ConfUtils.java:logGet(43)) - raft.server.retrycache.expirytime = 600000ms (custom)
2019-07-13 22:36:35,712 INFO  impl.RaftServerImpl (RaftServerImpl.java:start(180)) - 90fad2f9-8619-403a-b387-4386a6a7dcfc: start group-DF8CDF2D5803
2019-07-13 22:36:35,712 INFO  impl.RaftServerImpl (RaftServerImpl.java:setRole(171)) - 90fad2f9-8619-403a-b387-4386a6a7dcfc:group-DF8CDF2D5803 changes role from null to FOLLOWER at term 0 for startAsFollower
2019-07-13 22:36:35,713 INFO  impl.RoleInfo (RoleInfo.java:updateAndGet(143)) - 90fad2f9-8619-403a-b387-4386a6a7dcfc: start FollowerState
2019-07-13 22:36:35,715 INFO  util.JmxRegister (JmxRegister.java:tryRegister(44)) - Successfully registered JMX Bean with object name Ratis:service=RaftServer,group=group-DF8CDF2D5803,id=90fad2f9-8619-403a-b387-4386a6a7dcfc
2019-07-13 22:36:35,742 INFO  node.SCMNodeManager (SCMNodeManager.java:register(269)) - Registered Data node : c76790ed-5c5b-4d4d-a5dc-fb4e5e696d3d{ip: 192.168.5.159, host: trunk-nightly-x8m8d-1534914823, networkLocation: /default-rack, certSerialId: null}
2019-07-13 22:36:35,785 INFO  pipeline.PipelineStateManager (PipelineStateManager.java:addPipeline(56)) - Created pipeline Pipeline[ Id: 478f5df5-5092-440d-aa37-df8cdf2d5803, Nodes: 90fad2f9-8619-403a-b387-4386a6a7dcfc{ip: 192.168.5.159, host: trunk-nightly-x8m8d-1534914823, networkLocation: /default-rack, certSerialId: null}, Type:RATIS, Factor:ONE, State:OPEN]
2019-07-13 22:36:35,815 INFO  impl.RaftServerProxy (RaftServerProxy.java:addNew(89)) - bf9e593e-7983-4fed-9d6c-fff1d62489b6: addNew group-7FAEF086F0EA:[bf9e593e-7983-4fed-9d6c-fff1d62489b6:192.168.5.159:41407] returns group-7FAEF086F0EA:java.util.concurrent.CompletableFuture@6e368e73[Not completed]
2019-07-13 22:36:35,868 INFO  impl.RaftServerImpl (RaftServerImpl.java:<init>(93)) - bf9e593e-7983-4fed-9d6c-fff1d62489b6: new RaftServerImpl for group-7FAEF086F0EA:[bf9e593e-7983-4fed-9d6c-fff1d62489b6:192.168.5.159:41407] with ContainerStateMachine:uninitialized
2019-07-13 22:36:35,871 INFO  server.RaftServerConfigKeys (ConfUtils.java:logGet(43)) - raft.server.rpc.timeout.min = 5s (custom)
2019-07-13 22:36:35,871 INFO  server.RaftServerConfigKeys (ConfUtils.java:logGet(43)) - raft.server.rpc.timeout.max = 5200ms (custom)
2019-07-13 22:36:35,872 INFO  server.RaftServerConfigKeys (ConfUtils.java:logGet(43)) - raft.server.rpcslowness.timeout = 120s (custom)
2019-07-13 22:36:35,872 INFO  server.RaftServerConfigKeys (ConfUtils.java:logGet(43)) - raft.server.sleep.deviation.threshold = 300 (default)
2019-07-13 22:36:35,872 INFO  server.RaftServerConfigKeys (ConfUtils.java:logGet(43)) - raft.server.log.appender.install.snapshot.enabled = false (custom)
2019-07-13 22:36:35,872 INFO  impl.RaftServerImpl (ServerState.java:<init>(105)) - bf9e593e-7983-4fed-9d6c-fff1d62489b6:group-7FAEF086F0EA ConfigurationManager, init=-1: [bf9e593e-7983-4fed-9d6c-fff1d62489b6:192.168.5.159:41407], old=null, confs=<EMPTY_MAP>
2019-07-13 22:36:35,873 INFO  server.RaftServerConfigKeys (ConfUtils.java:logGet(43)) - raft.server.storage.dir = [/tmp/workdir/hadoop-ozone/integration-test/target/test-dir/MiniOzoneClusterImpl-40637dfe-807c-41e2-8a87-8c36a2d45a05/datanode-4/data/ratis] (custom)
2019-07-13 22:36:35,873 INFO  storage.RaftStorageDirectory (RaftStorageDirectory.java:analyzeStorage(246)) - The storage directory /tmp/workdir/hadoop-ozone/integration-test/target/test-dir/MiniOzoneClusterImpl-40637dfe-807c-41e2-8a87-8c36a2d45a05/datanode-4/data/ratis/c4c56116-07fb-4e94-bb2f-7faef086f0ea does not exist. Creating ...
2019-07-13 22:36:35,887 INFO  storage.RaftStorageDirectory (RaftStorageDirectory.java:tryLock(328)) - Lock on /tmp/workdir/hadoop-ozone/integration-test/target/test-dir/MiniOzoneClusterImpl-40637dfe-807c-41e2-8a87-8c36a2d45a05/datanode-4/data/ratis/c4c56116-07fb-4e94-bb2f-7faef086f0ea/in_use.lock acquired by nodename 19245@trunk-nightly-x8m8d-1534914823
2019-07-13 22:36:35,902 INFO  storage.RaftStorage (RaftStorage.java:format(72)) - Storage directory /tmp/workdir/hadoop-ozone/integration-test/target/test-dir/MiniOzoneClusterImpl-40637dfe-807c-41e2-8a87-8c36a2d45a05/datanode-4/data/ratis/c4c56116-07fb-4e94-bb2f-7faef086f0ea has been successfully formatted.
2019-07-13 22:36:35,904 INFO  ratis.ContainerStateMachine (ContainerStateMachine.java:loadSnapshot(200)) - The snapshot info is null.Setting the last applied index to:(t:0, i:~)
2019-07-13 22:36:35,905 INFO  server.RaftServerConfigKeys (ConfUtils.java:logGet(43)) - raft.server.leader.election.timeout = 120s (custom)
2019-07-13 22:36:35,905 INFO  server.RaftServerConfigKeys (ConfUtils.java:logGet(43)) - raft.server.log.use.memory = false (default)
2019-07-13 22:36:35,906 INFO  server.RaftServerConfigKeys (ConfUtils.java:logGet(43)) - raft.server.log.purge.gap = 1000000000 (custom)
2019-07-13 22:36:35,906 INFO  server.RaftServerConfigKeys (ConfUtils.java:logGet(43)) - raft.server.log.appender.buffer.byte-limit = 33554432 (custom)
2019-07-13 22:36:35,906 INFO  server.RaftServerConfigKeys (ConfUtils.java:logGet(43)) - raft.server.log.segment.size.max = 1048576 (custom)
2019-07-13 22:36:35,906 INFO  server.RaftServerConfigKeys (ConfUtils.java:logGet(43)) - raft.server.log.segment.cache.num.max = 2 (custom)
2019-07-13 22:36:35,906 INFO  segmented.SegmentedRaftLogWorker (SegmentedRaftLogWorker.java:<init>(172)) - new bf9e593e-7983-4fed-9d6c-fff1d62489b6-SegmentedRaftLogWorker:Storage Directory /tmp/workdir/hadoop-ozone/integration-test/target/test-dir/MiniOzoneClusterImpl-40637dfe-807c-41e2-8a87-8c36a2d45a05/datanode-4/data/ratis/c4c56116-07fb-4e94-bb2f-7faef086f0ea for RaftStorage:Storage Directory /tmp/workdir/hadoop-ozone/integration-test/target/test-dir/MiniOzoneClusterImpl-40637dfe-807c-41e2-8a87-8c36a2d45a05/datanode-4/data/ratis/c4c56116-07fb-4e94-bb2f-7faef086f0ea
2019-07-13 22:36:35,908 INFO  server.RaftServerConfigKeys (ConfUtils.java:logGet(43)) - raft.server.log.queue.byte-limit = 2147483647 (custom)
2019-07-13 22:36:35,908 INFO  server.RaftServerConfigKeys (ConfUtils.java:logGet(43)) - raft.server.log.queue.element-limit = 1024 (custom)
2019-07-13 22:36:35,909 INFO  server.RaftServerConfigKeys (ConfUtils.java:logGet(43)) - raft.server.log.segment.size.max = 1048576 (custom)
2019-07-13 22:36:35,909 INFO  server.RaftServerConfigKeys (ConfUtils.java:logGet(43)) - raft.server.log.preallocated.size = 16384 (custom)
2019-07-13 22:36:35,909 INFO  server.RaftServerConfigKeys (ConfUtils.java:logGet(43)) - raft.server.log.write.buffer.size = 33554432 (custom)
2019-07-13 22:36:35,909 INFO  server.RaftServerConfigKeys (ConfUtils.java:logGet(43)) - raft.server.log.force.sync.num = 128 (default)
2019-07-13 22:36:35,909 INFO  server.RaftServerConfigKeys (ConfUtils.java:logGet(43)) - raft.server.log.statemachine.data.sync = true (default)
2019-07-13 22:36:35,910 INFO  server.RaftServerConfigKeys (ConfUtils.java:logGet(43)) - raft.server.log.statemachine.data.sync.timeout = 10s (default)
2019-07-13 22:36:35,910 INFO  server.RaftServerConfigKeys (ConfUtils.java:logGet(43)) - raft.server.log.statemachine.data.sync.timeout.retry = -1 (default)
2019-07-13 22:36:35,910 INFO  server.RaftServerConfigKeys (ConfUtils.java:logGet(43)) - raft.server.log.statemachine.data.caching.enabled = true (custom)
2019-07-13 22:36:35,911 INFO  segmented.SegmentedRaftLogWorker (SegmentedRaftLogWorker.java:lambda$new$0(132)) - bf9e593e-7983-4fed-9d6c-fff1d62489b6-SegmentedRaftLogWorker:Storage Directory /tmp/workdir/hadoop-ozone/integration-test/target/test-dir/MiniOzoneClusterImpl-40637dfe-807c-41e2-8a87-8c36a2d45a05/datanode-4/data/ratis/c4c56116-07fb-4e94-bb2f-7faef086f0ea: flushIndex: setUnconditionally 0 -> -1
2019-07-13 22:36:35,911 INFO  server.RaftServerConfigKeys (ConfUtils.java:logGet(43)) - raft.server.snapshot.auto.trigger.enabled = true (custom)
2019-07-13 22:36:35,912 INFO  server.RaftServerConfigKeys (ConfUtils.java:logGet(43)) - raft.server.snapshot.auto.trigger.threshold = 10000 (custom)
2019-07-13 22:36:35,912 INFO  server.RaftServerConfigKeys (ConfUtils.java:logGet(43)) - raft.server.retrycache.expirytime = 600000ms (custom)
2019-07-13 22:36:35,912 INFO  impl.RaftServerImpl (RaftServerImpl.java:start(180)) - bf9e593e-7983-4fed-9d6c-fff1d62489b6: start group-7FAEF086F0EA
2019-07-13 22:36:35,912 INFO  impl.RaftServerImpl (RaftServerImpl.java:setRole(171)) - bf9e593e-7983-4fed-9d6c-fff1d62489b6:group-7FAEF086F0EA changes role from null to FOLLOWER at term 0 for startAsFollower
2019-07-13 22:36:35,913 INFO  impl.RoleInfo (RoleInfo.java:updateAndGet(143)) - bf9e593e-7983-4fed-9d6c-fff1d62489b6: start FollowerState
2019-07-13 22:36:35,914 INFO  util.JmxRegister (JmxRegister.java:tryRegister(44)) - Successfully registered JMX Bean with object name Ratis:service=RaftServer,group=group-7FAEF086F0EA,id=bf9e593e-7983-4fed-9d6c-fff1d62489b6
2019-07-13 22:36:35,927 INFO  pipeline.PipelineStateManager (PipelineStateManager.java:addPipeline(56)) - Created pipeline Pipeline[ Id: c4c56116-07fb-4e94-bb2f-7faef086f0ea, Nodes: bf9e593e-7983-4fed-9d6c-fff1d62489b6{ip: 192.168.5.159, host: trunk-nightly-x8m8d-1534914823, networkLocation: /default-rack, certSerialId: null}, Type:RATIS, Factor:ONE, State:OPEN]
2019-07-13 22:36:35,952 INFO  impl.RaftServerProxy (RaftServerProxy.java:addNew(89)) - 931aa43a-3005-4ae9-bd51-950a6ab0f1a0: addNew group-5D76CFC82C2C:[931aa43a-3005-4ae9-bd51-950a6ab0f1a0:192.168.5.159:40307] returns group-5D76CFC82C2C:java.util.concurrent.CompletableFuture@1f4724fd[Not completed]
2019-07-13 22:36:35,962 INFO  impl.RaftServerImpl (RaftServerImpl.java:<init>(93)) - 931aa43a-3005-4ae9-bd51-950a6ab0f1a0: new RaftServerImpl for group-5D76CFC82C2C:[931aa43a-3005-4ae9-bd51-950a6ab0f1a0:192.168.5.159:40307] with ContainerStateMachine:uninitialized
2019-07-13 22:36:35,963 INFO  server.RaftServerConfigKeys (ConfUtils.java:logGet(43)) - raft.server.rpc.timeout.min = 5s (custom)
2019-07-13 22:36:35,963 INFO  server.RaftServerConfigKeys (ConfUtils.java:logGet(43)) - raft.server.rpc.timeout.max = 5200ms (custom)
2019-07-13 22:36:35,964 INFO  server.RaftServerConfigKeys (ConfUtils.java:logGet(43)) - raft.server.rpcslowness.timeout = 120s (custom)
2019-07-13 22:36:35,964 INFO  server.RaftServerConfigKeys (ConfUtils.java:logGet(43)) - raft.server.sleep.deviation.threshold = 300 (default)
2019-07-13 22:36:35,964 INFO  server.RaftServerConfigKeys (ConfUtils.java:logGet(43)) - raft.server.log.appender.install.snapshot.enabled = false (custom)
2019-07-13 22:36:35,964 INFO  impl.RaftServerImpl (ServerState.java:<init>(105)) - 931aa43a-3005-4ae9-bd51-950a6ab0f1a0:group-5D76CFC82C2C ConfigurationManager, init=-1: [931aa43a-3005-4ae9-bd51-950a6ab0f1a0:192.168.5.159:40307], old=null, confs=<EMPTY_MAP>
2019-07-13 22:36:35,964 INFO  server.RaftServerConfigKeys (ConfUtils.java:logGet(43)) - raft.server.storage.dir = [/tmp/workdir/hadoop-ozone/integration-test/target/test-dir/MiniOzoneClusterImpl-40637dfe-807c-41e2-8a87-8c36a2d45a05/datanode-3/data/ratis] (custom)
2019-07-13 22:36:35,965 INFO  storage.RaftStorageDirectory (RaftStorageDirectory.java:analyzeStorage(246)) - The storage directory /tmp/workdir/hadoop-ozone/integration-test/target/test-dir/MiniOzoneClusterImpl-40637dfe-807c-41e2-8a87-8c36a2d45a05/datanode-3/data/ratis/4b153ec3-e6f8-4c9c-b89a-5d76cfc82c2c does not exist. Creating ...
2019-07-13 22:36:35,969 INFO  storage.RaftStorageDirectory (RaftStorageDirectory.java:tryLock(328)) - Lock on /tmp/workdir/hadoop-ozone/integration-test/target/test-dir/MiniOzoneClusterImpl-40637dfe-807c-41e2-8a87-8c36a2d45a05/datanode-3/data/ratis/4b153ec3-e6f8-4c9c-b89a-5d76cfc82c2c/in_use.lock acquired by nodename 19245@trunk-nightly-x8m8d-1534914823
2019-07-13 22:36:35,972 INFO  storage.RaftStorage (RaftStorage.java:format(72)) - Storage directory /tmp/workdir/hadoop-ozone/integration-test/target/test-dir/MiniOzoneClusterImpl-40637dfe-807c-41e2-8a87-8c36a2d45a05/datanode-3/data/ratis/4b153ec3-e6f8-4c9c-b89a-5d76cfc82c2c has been successfully formatted.
2019-07-13 22:36:35,973 INFO  ratis.ContainerStateMachine (ContainerStateMachine.java:loadSnapshot(200)) - The snapshot info is null.Setting the last applied index to:(t:0, i:~)
2019-07-13 22:36:35,973 INFO  server.RaftServerConfigKeys (ConfUtils.java:logGet(43)) - raft.server.leader.election.timeout = 120s (custom)
2019-07-13 22:36:35,973 INFO  server.RaftServerConfigKeys (ConfUtils.java:logGet(43)) - raft.server.log.use.memory = false (default)
2019-07-13 22:36:35,973 INFO  server.RaftServerConfigKeys (ConfUtils.java:logGet(43)) - raft.server.log.purge.gap = 1000000000 (custom)
2019-07-13 22:36:35,974 INFO  server.RaftServerConfigKeys (ConfUtils.java:logGet(43)) - raft.server.log.appender.buffer.byte-limit = 33554432 (custom)
2019-07-13 22:36:35,974 INFO  server.RaftServerConfigKeys (ConfUtils.java:logGet(43)) - raft.server.log.segment.size.max = 1048576 (custom)
2019-07-13 22:36:35,974 INFO  server.RaftServerConfigKeys (ConfUtils.java:logGet(43)) - raft.server.log.segment.cache.num.max = 2 (custom)
2019-07-13 22:36:35,974 INFO  segmented.SegmentedRaftLogWorker (SegmentedRaftLogWorker.java:<init>(172)) - new 931aa43a-3005-4ae9-bd51-950a6ab0f1a0-SegmentedRaftLogWorker:Storage Directory /tmp/workdir/hadoop-ozone/integration-test/target/test-dir/MiniOzoneClusterImpl-40637dfe-807c-41e2-8a87-8c36a2d45a05/datanode-3/data/ratis/4b153ec3-e6f8-4c9c-b89a-5d76cfc82c2c for RaftStorage:Storage Directory /tmp/workdir/hadoop-ozone/integration-test/target/test-dir/MiniOzoneClusterImpl-40637dfe-807c-41e2-8a87-8c36a2d45a05/datanode-3/data/ratis/4b153ec3-e6f8-4c9c-b89a-5d76cfc82c2c
2019-07-13 22:36:35,975 INFO  server.RaftServerConfigKeys (ConfUtils.java:logGet(43)) - raft.server.log.queue.byte-limit = 2147483647 (custom)
2019-07-13 22:36:35,975 INFO  server.RaftServerConfigKeys (ConfUtils.java:logGet(43)) - raft.server.log.queue.element-limit = 1024 (custom)
2019-07-13 22:36:35,975 INFO  server.RaftServerConfigKeys (ConfUtils.java:logGet(43)) - raft.server.log.segment.size.max = 1048576 (custom)
2019-07-13 22:36:35,975 INFO  server.RaftServerConfigKeys (ConfUtils.java:logGet(43)) - raft.server.log.preallocated.size = 16384 (custom)
2019-07-13 22:36:35,976 INFO  server.RaftServerConfigKeys (ConfUtils.java:logGet(43)) - raft.server.log.write.buffer.size = 33554432 (custom)
2019-07-13 22:36:35,976 INFO  server.RaftServerConfigKeys (ConfUtils.java:logGet(43)) - raft.server.log.force.sync.num = 128 (default)
2019-07-13 22:36:35,976 INFO  server.RaftServerConfigKeys (ConfUtils.java:logGet(43)) - raft.server.log.statemachine.data.sync = true (default)
2019-07-13 22:36:35,976 INFO  server.RaftServerConfigKeys (ConfUtils.java:logGet(43)) - raft.server.log.statemachine.data.sync.timeout = 10s (default)
2019-07-13 22:36:35,977 INFO  server.RaftServerConfigKeys (ConfUtils.java:logGet(43)) - raft.server.log.statemachine.data.sync.timeout.retry = -1 (default)
2019-07-13 22:36:35,977 INFO  server.RaftServerConfigKeys (ConfUtils.java:logGet(43)) - raft.server.log.statemachine.data.caching.enabled = true (custom)
2019-07-13 22:36:35,977 INFO  segmented.SegmentedRaftLogWorker (SegmentedRaftLogWorker.java:lambda$new$0(132)) - 931aa43a-3005-4ae9-bd51-950a6ab0f1a0-SegmentedRaftLogWorker:Storage Directory /tmp/workdir/hadoop-ozone/integration-test/target/test-dir/MiniOzoneClusterImpl-40637dfe-807c-41e2-8a87-8c36a2d45a05/datanode-3/data/ratis/4b153ec3-e6f8-4c9c-b89a-5d76cfc82c2c: flushIndex: setUnconditionally 0 -> -1
2019-07-13 22:36:35,978 INFO  server.RaftServerConfigKeys (ConfUtils.java:logGet(43)) - raft.server.snapshot.auto.trigger.enabled = true (custom)
2019-07-13 22:36:35,978 INFO  server.RaftServerConfigKeys (ConfUtils.java:logGet(43)) - raft.server.snapshot.auto.trigger.threshold = 10000 (custom)
2019-07-13 22:36:35,978 INFO  server.RaftServerConfigKeys (ConfUtils.java:logGet(43)) - raft.server.retrycache.expirytime = 600000ms (custom)
2019-07-13 22:36:35,979 INFO  impl.RaftServerImpl (RaftServerImpl.java:start(180)) - 931aa43a-3005-4ae9-bd51-950a6ab0f1a0: start group-5D76CFC82C2C
2019-07-13 22:36:35,979 INFO  impl.RaftServerImpl (RaftServerImpl.java:setRole(171)) - 931aa43a-3005-4ae9-bd51-950a6ab0f1a0:group-5D76CFC82C2C changes role from null to FOLLOWER at term 0 for startAsFollower
2019-07-13 22:36:35,979 INFO  impl.RoleInfo (RoleInfo.java:updateAndGet(143)) - 931aa43a-3005-4ae9-bd51-950a6ab0f1a0: start FollowerState
2019-07-13 22:36:35,980 INFO  util.JmxRegister (JmxRegister.java:tryRegister(44)) - Successfully registered JMX Bean with object name Ratis:service=RaftServer,group=group-5D76CFC82C2C,id=931aa43a-3005-4ae9-bd51-950a6ab0f1a0
2019-07-13 22:36:35,990 INFO  pipeline.PipelineStateManager (PipelineStateManager.java:addPipeline(56)) - Created pipeline Pipeline[ Id: 4b153ec3-e6f8-4c9c-b89a-5d76cfc82c2c, Nodes: 931aa43a-3005-4ae9-bd51-950a6ab0f1a0{ip: 192.168.5.159, host: trunk-nightly-x8m8d-1534914823, networkLocation: /default-rack, certSerialId: null}, Type:RATIS, Factor:ONE, State:OPEN]
2019-07-13 22:36:36,010 INFO  impl.RaftServerProxy (RaftServerProxy.java:addNew(89)) - 4b315b76-54dd-4e3a-8b9a-0eb280f315a1: addNew group-4E8296B4B27C:[4b315b76-54dd-4e3a-8b9a-0eb280f315a1:192.168.5.159:41812] returns group-4E8296B4B27C:java.util.concurrent.CompletableFuture@7ca7e984[Not completed]
2019-07-13 22:36:36,012 INFO  impl.RaftServerImpl (RaftServerImpl.java:<init>(93)) - 4b315b76-54dd-4e3a-8b9a-0eb280f315a1: new RaftServerImpl for group-4E8296B4B27C:[4b315b76-54dd-4e3a-8b9a-0eb280f315a1:192.168.5.159:41812] with ContainerStateMachine:uninitialized
2019-07-13 22:36:36,013 INFO  server.RaftServerConfigKeys (ConfUtils.java:logGet(43)) - raft.server.rpc.timeout.min = 5s (custom)
2019-07-13 22:36:36,014 INFO  server.RaftServerConfigKeys (ConfUtils.java:logGet(43)) - raft.server.rpc.timeout.max = 5200ms (custom)
2019-07-13 22:36:36,014 INFO  server.RaftServerConfigKeys (ConfUtils.java:logGet(43)) - raft.server.rpcslowness.timeout = 120s (custom)
2019-07-13 22:36:36,014 INFO  server.RaftServerConfigKeys (ConfUtils.java:logGet(43)) - raft.server.sleep.deviation.threshold = 300 (default)
2019-07-13 22:36:36,014 INFO  server.RaftServerConfigKeys (ConfUtils.java:logGet(43)) - raft.server.log.appender.install.snapshot.enabled = false (custom)
2019-07-13 22:36:36,014 INFO  impl.RaftServerImpl (ServerState.java:<init>(105)) - 4b315b76-54dd-4e3a-8b9a-0eb280f315a1:group-4E8296B4B27C ConfigurationManager, init=-1: [4b315b76-54dd-4e3a-8b9a-0eb280f315a1:192.168.5.159:41812], old=null, confs=<EMPTY_MAP>
2019-07-13 22:36:36,015 INFO  server.RaftServerConfigKeys (ConfUtils.java:logGet(43)) - raft.server.storage.dir = [/tmp/workdir/hadoop-ozone/integration-test/target/test-dir/MiniOzoneClusterImpl-40637dfe-807c-41e2-8a87-8c36a2d45a05/datanode-1/data/ratis] (custom)
2019-07-13 22:36:36,015 INFO  storage.RaftStorageDirectory (RaftStorageDirectory.java:analyzeStorage(246)) - The storage directory /tmp/workdir/hadoop-ozone/integration-test/target/test-dir/MiniOzoneClusterImpl-40637dfe-807c-41e2-8a87-8c36a2d45a05/datanode-1/data/ratis/4582b2d0-fdfe-4e15-ab5e-4e8296b4b27c does not exist. Creating ...
2019-07-13 22:36:36,023 INFO  ozone.MiniOzoneClusterImpl (MiniOzoneClusterImpl.java:lambda$waitForClusterToBeReady$0(142)) - Waiting for cluster to be ready. Got 6 of 7 DN Heartbeats.
2019-07-13 22:36:36,024 INFO  node.SCMNodeManager (SCMNodeManager.java:register(269)) - Registered Data node : 7c51e767-727f-44cf-ac53-49a5938351e1{ip: 192.168.5.159, host: trunk-nightly-x8m8d-1534914823, networkLocation: /default-rack, certSerialId: null}
2019-07-13 22:36:36,027 INFO  storage.RaftStorageDirectory (RaftStorageDirectory.java:tryLock(328)) - Lock on /tmp/workdir/hadoop-ozone/integration-test/target/test-dir/MiniOzoneClusterImpl-40637dfe-807c-41e2-8a87-8c36a2d45a05/datanode-1/data/ratis/4582b2d0-fdfe-4e15-ab5e-4e8296b4b27c/in_use.lock acquired by nodename 19245@trunk-nightly-x8m8d-1534914823
2019-07-13 22:36:36,030 INFO  storage.RaftStorage (RaftStorage.java:format(72)) - Storage directory /tmp/workdir/hadoop-ozone/integration-test/target/test-dir/MiniOzoneClusterImpl-40637dfe-807c-41e2-8a87-8c36a2d45a05/datanode-1/data/ratis/4582b2d0-fdfe-4e15-ab5e-4e8296b4b27c has been successfully formatted.
2019-07-13 22:36:36,031 INFO  ratis.ContainerStateMachine (ContainerStateMachine.java:loadSnapshot(200)) - The snapshot info is null.Setting the last applied index to:(t:0, i:~)
2019-07-13 22:36:36,031 INFO  server.RaftServerConfigKeys (ConfUtils.java:logGet(43)) - raft.server.leader.election.timeout = 120s (custom)
2019-07-13 22:36:36,031 INFO  server.RaftServerConfigKeys (ConfUtils.java:logGet(43)) - raft.server.log.use.memory = false (default)
2019-07-13 22:36:36,031 INFO  server.RaftServerConfigKeys (ConfUtils.java:logGet(43)) - raft.server.log.purge.gap = 1000000000 (custom)
2019-07-13 22:36:36,031 INFO  server.RaftServerConfigKeys (ConfUtils.java:logGet(43)) - raft.server.log.appender.buffer.byte-limit = 33554432 (custom)
2019-07-13 22:36:36,032 INFO  server.RaftServerConfigKeys (ConfUtils.java:logGet(43)) - raft.server.log.segment.size.max = 1048576 (custom)
2019-07-13 22:36:36,032 INFO  server.RaftServerConfigKeys (ConfUtils.java:logGet(43)) - raft.server.log.segment.cache.num.max = 2 (custom)
2019-07-13 22:36:36,032 INFO  segmented.SegmentedRaftLogWorker (SegmentedRaftLogWorker.java:<init>(172)) - new 4b315b76-54dd-4e3a-8b9a-0eb280f315a1-SegmentedRaftLogWorker:Storage Directory /tmp/workdir/hadoop-ozone/integration-test/target/test-dir/MiniOzoneClusterImpl-40637dfe-807c-41e2-8a87-8c36a2d45a05/datanode-1/data/ratis/4582b2d0-fdfe-4e15-ab5e-4e8296b4b27c for RaftStorage:Storage Directory /tmp/workdir/hadoop-ozone/integration-test/target/test-dir/MiniOzoneClusterImpl-40637dfe-807c-41e2-8a87-8c36a2d45a05/datanode-1/data/ratis/4582b2d0-fdfe-4e15-ab5e-4e8296b4b27c
2019-07-13 22:36:36,032 INFO  server.RaftServerConfigKeys (ConfUtils.java:logGet(43)) - raft.server.log.queue.byte-limit = 2147483647 (custom)
2019-07-13 22:36:36,032 INFO  server.RaftServerConfigKeys (ConfUtils.java:logGet(43)) - raft.server.log.queue.element-limit = 1024 (custom)
2019-07-13 22:36:36,033 INFO  server.RaftServerConfigKeys (ConfUtils.java:logGet(43)) - raft.server.log.segment.size.max = 1048576 (custom)
2019-07-13 22:36:36,033 INFO  server.RaftServerConfigKeys (ConfUtils.java:logGet(43)) - raft.server.log.preallocated.size = 16384 (custom)
2019-07-13 22:36:36,033 INFO  server.RaftServerConfigKeys (ConfUtils.java:logGet(43)) - raft.server.log.write.buffer.size = 33554432 (custom)
2019-07-13 22:36:36,033 INFO  server.RaftServerConfigKeys (ConfUtils.java:logGet(43)) - raft.server.log.force.sync.num = 128 (default)
2019-07-13 22:36:36,033 INFO  server.RaftServerConfigKeys (ConfUtils.java:logGet(43)) - raft.server.log.statemachine.data.sync = true (default)
2019-07-13 22:36:36,034 INFO  server.RaftServerConfigKeys (ConfUtils.java:logGet(43)) - raft.server.log.statemachine.data.sync.timeout = 10s (default)
2019-07-13 22:36:36,034 INFO  server.RaftServerConfigKeys (ConfUtils.java:logGet(43)) - raft.server.log.statemachine.data.sync.timeout.retry = -1 (default)
2019-07-13 22:36:36,034 INFO  server.RaftServerConfigKeys (ConfUtils.java:logGet(43)) - raft.server.log.statemachine.data.caching.enabled = true (custom)
2019-07-13 22:36:36,035 INFO  segmented.SegmentedRaftLogWorker (SegmentedRaftLogWorker.java:lambda$new$0(132)) - 4b315b76-54dd-4e3a-8b9a-0eb280f315a1-SegmentedRaftLogWorker:Storage Directory /tmp/workdir/hadoop-ozone/integration-test/target/test-dir/MiniOzoneClusterImpl-40637dfe-807c-41e2-8a87-8c36a2d45a05/datanode-1/data/ratis/4582b2d0-fdfe-4e15-ab5e-4e8296b4b27c: flushIndex: setUnconditionally 0 -> -1
2019-07-13 22:36:36,035 INFO  server.RaftServerConfigKeys (ConfUtils.java:logGet(43)) - raft.server.snapshot.auto.trigger.enabled = true (custom)
2019-07-13 22:36:36,035 INFO  server.RaftServerConfigKeys (ConfUtils.java:logGet(43)) - raft.server.snapshot.auto.trigger.threshold = 10000 (custom)
2019-07-13 22:36:36,035 INFO  server.RaftServerConfigKeys (ConfUtils.java:logGet(43)) - raft.server.retrycache.expirytime = 600000ms (custom)
2019-07-13 22:36:36,036 INFO  impl.RaftServerImpl (RaftServerImpl.java:start(180)) - 4b315b76-54dd-4e3a-8b9a-0eb280f315a1: start group-4E8296B4B27C
2019-07-13 22:36:36,036 INFO  impl.RaftServerImpl (RaftServerImpl.java:setRole(171)) - 4b315b76-54dd-4e3a-8b9a-0eb280f315a1:group-4E8296B4B27C changes role from null to FOLLOWER at term 0 for startAsFollower
2019-07-13 22:36:36,036 INFO  impl.RoleInfo (RoleInfo.java:updateAndGet(143)) - 4b315b76-54dd-4e3a-8b9a-0eb280f315a1: start FollowerState
2019-07-13 22:36:36,037 INFO  util.JmxRegister (JmxRegister.java:tryRegister(44)) - Successfully registered JMX Bean with object name Ratis:service=RaftServer,group=group-4E8296B4B27C,id=4b315b76-54dd-4e3a-8b9a-0eb280f315a1
2019-07-13 22:36:36,047 INFO  pipeline.PipelineStateManager (PipelineStateManager.java:addPipeline(56)) - Created pipeline Pipeline[ Id: 4582b2d0-fdfe-4e15-ab5e-4e8296b4b27c, Nodes: 4b315b76-54dd-4e3a-8b9a-0eb280f315a1{ip: 192.168.5.159, host: trunk-nightly-x8m8d-1534914823, networkLocation: /default-rack, certSerialId: null}, Type:RATIS, Factor:ONE, State:OPEN]
2019-07-13 22:36:36,074 INFO  impl.RaftServerProxy (RaftServerProxy.java:addNew(89)) - 7c51e767-727f-44cf-ac53-49a5938351e1: addNew group-B80CFBAFAA10:[7c51e767-727f-44cf-ac53-49a5938351e1:192.168.5.159:36546] returns group-B80CFBAFAA10:java.util.concurrent.CompletableFuture@23d68eb[Not completed]
2019-07-13 22:36:36,076 INFO  impl.RaftServerImpl (RaftServerImpl.java:<init>(93)) - 7c51e767-727f-44cf-ac53-49a5938351e1: new RaftServerImpl for group-B80CFBAFAA10:[7c51e767-727f-44cf-ac53-49a5938351e1:192.168.5.159:36546] with ContainerStateMachine:uninitialized
2019-07-13 22:36:36,078 INFO  server.RaftServerConfigKeys (ConfUtils.java:logGet(43)) - raft.server.rpc.timeout.min = 5s (custom)
2019-07-13 22:36:36,078 INFO  server.RaftServerConfigKeys (ConfUtils.java:logGet(43)) - raft.server.rpc.timeout.max = 5200ms (custom)
2019-07-13 22:36:36,078 INFO  server.RaftServerConfigKeys (ConfUtils.java:logGet(43)) - raft.server.rpcslowness.timeout = 120s (custom)
2019-07-13 22:36:36,078 INFO  server.RaftServerConfigKeys (ConfUtils.java:logGet(43)) - raft.server.sleep.deviation.threshold = 300 (default)
2019-07-13 22:36:36,078 INFO  server.RaftServerConfigKeys (ConfUtils.java:logGet(43)) - raft.server.log.appender.install.snapshot.enabled = false (custom)
2019-07-13 22:36:36,079 INFO  impl.RaftServerImpl (ServerState.java:<init>(105)) - 7c51e767-727f-44cf-ac53-49a5938351e1:group-B80CFBAFAA10 ConfigurationManager, init=-1: [7c51e767-727f-44cf-ac53-49a5938351e1:192.168.5.159:36546], old=null, confs=<EMPTY_MAP>
2019-07-13 22:36:36,079 INFO  server.RaftServerConfigKeys (ConfUtils.java:logGet(43)) - raft.server.storage.dir = [/tmp/workdir/hadoop-ozone/integration-test/target/test-dir/MiniOzoneClusterImpl-40637dfe-807c-41e2-8a87-8c36a2d45a05/datanode-6/data/ratis] (custom)
2019-07-13 22:36:36,079 INFO  storage.RaftStorageDirectory (RaftStorageDirectory.java:analyzeStorage(246)) - The storage directory /tmp/workdir/hadoop-ozone/integration-test/target/test-dir/MiniOzoneClusterImpl-40637dfe-807c-41e2-8a87-8c36a2d45a05/datanode-6/data/ratis/2681cd04-c8fc-46f3-a850-b80cfbafaa10 does not exist. Creating ...
2019-07-13 22:36:36,091 INFO  storage.RaftStorageDirectory (RaftStorageDirectory.java:tryLock(328)) - Lock on /tmp/workdir/hadoop-ozone/integration-test/target/test-dir/MiniOzoneClusterImpl-40637dfe-807c-41e2-8a87-8c36a2d45a05/datanode-6/data/ratis/2681cd04-c8fc-46f3-a850-b80cfbafaa10/in_use.lock acquired by nodename 19245@trunk-nightly-x8m8d-1534914823
2019-07-13 22:36:36,097 INFO  storage.RaftStorage (RaftStorage.java:format(72)) - Storage directory /tmp/workdir/hadoop-ozone/integration-test/target/test-dir/MiniOzoneClusterImpl-40637dfe-807c-41e2-8a87-8c36a2d45a05/datanode-6/data/ratis/2681cd04-c8fc-46f3-a850-b80cfbafaa10 has been successfully formatted.
2019-07-13 22:36:36,097 INFO  ratis.ContainerStateMachine (ContainerStateMachine.java:loadSnapshot(200)) - The snapshot info is null.Setting the last applied index to:(t:0, i:~)
2019-07-13 22:36:36,097 INFO  server.RaftServerConfigKeys (ConfUtils.java:logGet(43)) - raft.server.leader.election.timeout = 120s (custom)
2019-07-13 22:36:36,097 INFO  server.RaftServerConfigKeys (ConfUtils.java:logGet(43)) - raft.server.log.use.memory = false (default)
2019-07-13 22:36:36,097 INFO  server.RaftServerConfigKeys (ConfUtils.java:logGet(43)) - raft.server.log.purge.gap = 1000000000 (custom)
2019-07-13 22:36:36,098 INFO  server.RaftServerConfigKeys (ConfUtils.java:logGet(43)) - raft.server.log.appender.buffer.byte-limit = 33554432 (custom)
2019-07-13 22:36:36,098 INFO  server.RaftServerConfigKeys (ConfUtils.java:logGet(43)) - raft.server.log.segment.size.max = 1048576 (custom)
2019-07-13 22:36:36,098 INFO  server.RaftServerConfigKeys (ConfUtils.java:logGet(43)) - raft.server.log.segment.cache.num.max = 2 (custom)
2019-07-13 22:36:36,098 INFO  segmented.SegmentedRaftLogWorker (SegmentedRaftLogWorker.java:<init>(172)) - new 7c51e767-727f-44cf-ac53-49a5938351e1-SegmentedRaftLogWorker:Storage Directory /tmp/workdir/hadoop-ozone/integration-test/target/test-dir/MiniOzoneClusterImpl-40637dfe-807c-41e2-8a87-8c36a2d45a05/datanode-6/data/ratis/2681cd04-c8fc-46f3-a850-b80cfbafaa10 for RaftStorage:Storage Directory /tmp/workdir/hadoop-ozone/integration-test/target/test-dir/MiniOzoneClusterImpl-40637dfe-807c-41e2-8a87-8c36a2d45a05/datanode-6/data/ratis/2681cd04-c8fc-46f3-a850-b80cfbafaa10
2019-07-13 22:36:36,098 INFO  server.RaftServerConfigKeys (ConfUtils.java:logGet(43)) - raft.server.log.queue.byte-limit = 2147483647 (custom)
2019-07-13 22:36:36,099 INFO  server.RaftServerConfigKeys (ConfUtils.java:logGet(43)) - raft.server.log.queue.element-limit = 1024 (custom)
2019-07-13 22:36:36,099 INFO  server.RaftServerConfigKeys (ConfUtils.java:logGet(43)) - raft.server.log.segment.size.max = 1048576 (custom)
2019-07-13 22:36:36,099 INFO  server.RaftServerConfigKeys (ConfUtils.java:logGet(43)) - raft.server.log.preallocated.size = 16384 (custom)
2019-07-13 22:36:36,099 INFO  server.RaftServerConfigKeys (ConfUtils.java:logGet(43)) - raft.server.log.write.buffer.size = 33554432 (custom)
2019-07-13 22:36:36,099 INFO  server.RaftServerConfigKeys (ConfUtils.java:logGet(43)) - raft.server.log.force.sync.num = 128 (default)
2019-07-13 22:36:36,100 INFO  server.RaftServerConfigKeys (ConfUtils.java:logGet(43)) - raft.server.log.statemachine.data.sync = true (default)
2019-07-13 22:36:36,100 INFO  server.RaftServerConfigKeys (ConfUtils.java:logGet(43)) - raft.server.log.statemachine.data.sync.timeout = 10s (default)
2019-07-13 22:36:36,100 INFO  server.RaftServerConfigKeys (ConfUtils.java:logGet(43)) - raft.server.log.statemachine.data.sync.timeout.retry = -1 (default)
2019-07-13 22:36:36,100 INFO  server.RaftServerConfigKeys (ConfUtils.java:logGet(43)) - raft.server.log.statemachine.data.caching.enabled = true (custom)
2019-07-13 22:36:36,101 INFO  segmented.SegmentedRaftLogWorker (SegmentedRaftLogWorker.java:lambda$new$0(132)) - 7c51e767-727f-44cf-ac53-49a5938351e1-SegmentedRaftLogWorker:Storage Directory /tmp/workdir/hadoop-ozone/integration-test/target/test-dir/MiniOzoneClusterImpl-40637dfe-807c-41e2-8a87-8c36a2d45a05/datanode-6/data/ratis/2681cd04-c8fc-46f3-a850-b80cfbafaa10: flushIndex: setUnconditionally 0 -> -1
2019-07-13 22:36:36,101 INFO  server.RaftServerConfigKeys (ConfUtils.java:logGet(43)) - raft.server.snapshot.auto.trigger.enabled = true (custom)
2019-07-13 22:36:36,101 INFO  server.RaftServerConfigKeys (ConfUtils.java:logGet(43)) - raft.server.snapshot.auto.trigger.threshold = 10000 (custom)
2019-07-13 22:36:36,102 INFO  server.RaftServerConfigKeys (ConfUtils.java:logGet(43)) - raft.server.retrycache.expirytime = 600000ms (custom)
2019-07-13 22:36:36,102 INFO  impl.RaftServerImpl (RaftServerImpl.java:start(180)) - 7c51e767-727f-44cf-ac53-49a5938351e1: start group-B80CFBAFAA10
2019-07-13 22:36:36,102 INFO  impl.RaftServerImpl (RaftServerImpl.java:setRole(171)) - 7c51e767-727f-44cf-ac53-49a5938351e1:group-B80CFBAFAA10 changes role from null to FOLLOWER at term 0 for startAsFollower
2019-07-13 22:36:36,102 INFO  impl.RoleInfo (RoleInfo.java:updateAndGet(143)) - 7c51e767-727f-44cf-ac53-49a5938351e1: start FollowerState
2019-07-13 22:36:36,103 INFO  util.JmxRegister (JmxRegister.java:tryRegister(44)) - Successfully registered JMX Bean with object name Ratis:service=RaftServer,group=group-B80CFBAFAA10,id=7c51e767-727f-44cf-ac53-49a5938351e1
2019-07-13 22:36:36,117 INFO  pipeline.PipelineStateManager (PipelineStateManager.java:addPipeline(56)) - Created pipeline Pipeline[ Id: 2681cd04-c8fc-46f3-a850-b80cfbafaa10, Nodes: 7c51e767-727f-44cf-ac53-49a5938351e1{ip: 192.168.5.159, host: trunk-nightly-x8m8d-1534914823, networkLocation: /default-rack, certSerialId: null}, Type:RATIS, Factor:ONE, State:OPEN]
2019-07-13 22:36:36,141 INFO  impl.RaftServerProxy (RaftServerProxy.java:addNew(89)) - c76790ed-5c5b-4d4d-a5dc-fb4e5e696d3d: addNew group-66255FDCF6D5:[c76790ed-5c5b-4d4d-a5dc-fb4e5e696d3d:192.168.5.159:35866] returns group-66255FDCF6D5:java.util.concurrent.CompletableFuture@2b245f61[Not completed]
2019-07-13 22:36:36,143 INFO  impl.RaftServerImpl (RaftServerImpl.java:<init>(93)) - c76790ed-5c5b-4d4d-a5dc-fb4e5e696d3d: new RaftServerImpl for group-66255FDCF6D5:[c76790ed-5c5b-4d4d-a5dc-fb4e5e696d3d:192.168.5.159:35866] with ContainerStateMachine:uninitialized
2019-07-13 22:36:36,145 INFO  server.RaftServerConfigKeys (ConfUtils.java:logGet(43)) - raft.server.rpc.timeout.min = 5s (custom)
2019-07-13 22:36:36,145 INFO  server.RaftServerConfigKeys (ConfUtils.java:logGet(43)) - raft.server.rpc.timeout.max = 5200ms (custom)
2019-07-13 22:36:36,145 INFO  server.RaftServerConfigKeys (ConfUtils.java:logGet(43)) - raft.server.rpcslowness.timeout = 120s (custom)
2019-07-13 22:36:36,145 INFO  server.RaftServerConfigKeys (ConfUtils.java:logGet(43)) - raft.server.sleep.deviation.threshold = 300 (default)
2019-07-13 22:36:36,146 INFO  server.RaftServerConfigKeys (ConfUtils.java:logGet(43)) - raft.server.log.appender.install.snapshot.enabled = false (custom)
2019-07-13 22:36:36,146 INFO  impl.RaftServerImpl (ServerState.java:<init>(105)) - c76790ed-5c5b-4d4d-a5dc-fb4e5e696d3d:group-66255FDCF6D5 ConfigurationManager, init=-1: [c76790ed-5c5b-4d4d-a5dc-fb4e5e696d3d:192.168.5.159:35866], old=null, confs=<EMPTY_MAP>
2019-07-13 22:36:36,146 INFO  server.RaftServerConfigKeys (ConfUtils.java:logGet(43)) - raft.server.storage.dir = [/tmp/workdir/hadoop-ozone/integration-test/target/test-dir/MiniOzoneClusterImpl-40637dfe-807c-41e2-8a87-8c36a2d45a05/datanode-5/data/ratis] (custom)
2019-07-13 22:36:36,147 INFO  storage.RaftStorageDirectory (RaftStorageDirectory.java:analyzeStorage(246)) - The storage directory /tmp/workdir/hadoop-ozone/integration-test/target/test-dir/MiniOzoneClusterImpl-40637dfe-807c-41e2-8a87-8c36a2d45a05/datanode-5/data/ratis/bcf218b9-71bf-47b6-a2c1-66255fdcf6d5 does not exist. Creating ...
2019-07-13 22:36:36,164 INFO  storage.RaftStorageDirectory (RaftStorageDirectory.java:tryLock(328)) - Lock on /tmp/workdir/hadoop-ozone/integration-test/target/test-dir/MiniOzoneClusterImpl-40637dfe-807c-41e2-8a87-8c36a2d45a05/datanode-5/data/ratis/bcf218b9-71bf-47b6-a2c1-66255fdcf6d5/in_use.lock acquired by nodename 19245@trunk-nightly-x8m8d-1534914823
2019-07-13 22:36:36,167 INFO  storage.RaftStorage (RaftStorage.java:format(72)) - Storage directory /tmp/workdir/hadoop-ozone/integration-test/target/test-dir/MiniOzoneClusterImpl-40637dfe-807c-41e2-8a87-8c36a2d45a05/datanode-5/data/ratis/bcf218b9-71bf-47b6-a2c1-66255fdcf6d5 has been successfully formatted.
2019-07-13 22:36:36,168 INFO  ratis.ContainerStateMachine (ContainerStateMachine.java:loadSnapshot(200)) - The snapshot info is null.Setting the last applied index to:(t:0, i:~)
2019-07-13 22:36:36,168 INFO  server.RaftServerConfigKeys (ConfUtils.java:logGet(43)) - raft.server.leader.election.timeout = 120s (custom)
2019-07-13 22:36:36,168 INFO  server.RaftServerConfigKeys (ConfUtils.java:logGet(43)) - raft.server.log.use.memory = false (default)
2019-07-13 22:36:36,168 INFO  server.RaftServerConfigKeys (ConfUtils.java:logGet(43)) - raft.server.log.purge.gap = 1000000000 (custom)
2019-07-13 22:36:36,168 INFO  server.RaftServerConfigKeys (ConfUtils.java:logGet(43)) - raft.server.log.appender.buffer.byte-limit = 33554432 (custom)
2019-07-13 22:36:36,169 INFO  server.RaftServerConfigKeys (ConfUtils.java:logGet(43)) - raft.server.log.segment.size.max = 1048576 (custom)
2019-07-13 22:36:36,169 INFO  server.RaftServerConfigKeys (ConfUtils.java:logGet(43)) - raft.server.log.segment.cache.num.max = 2 (custom)
2019-07-13 22:36:36,169 INFO  segmented.SegmentedRaftLogWorker (SegmentedRaftLogWorker.java:<init>(172)) - new c76790ed-5c5b-4d4d-a5dc-fb4e5e696d3d-SegmentedRaftLogWorker:Storage Directory /tmp/workdir/hadoop-ozone/integration-test/target/test-dir/MiniOzoneClusterImpl-40637dfe-807c-41e2-8a87-8c36a2d45a05/datanode-5/data/ratis/bcf218b9-71bf-47b6-a2c1-66255fdcf6d5 for RaftStorage:Storage Directory /tmp/workdir/hadoop-ozone/integration-test/target/test-dir/MiniOzoneClusterImpl-40637dfe-807c-41e2-8a87-8c36a2d45a05/datanode-5/data/ratis/bcf218b9-71bf-47b6-a2c1-66255fdcf6d5
2019-07-13 22:36:36,169 INFO  server.RaftServerConfigKeys (ConfUtils.java:logGet(43)) - raft.server.log.queue.byte-limit = 2147483647 (custom)
2019-07-13 22:36:36,169 INFO  server.RaftServerConfigKeys (ConfUtils.java:logGet(43)) - raft.server.log.queue.element-limit = 1024 (custom)
2019-07-13 22:36:36,170 INFO  server.RaftServerConfigKeys (ConfUtils.java:logGet(43)) - raft.server.log.segment.size.max = 1048576 (custom)
2019-07-13 22:36:36,170 INFO  server.RaftServerConfigKeys (ConfUtils.java:logGet(43)) - raft.server.log.preallocated.size = 16384 (custom)
2019-07-13 22:36:36,170 INFO  server.RaftServerConfigKeys (ConfUtils.java:logGet(43)) - raft.server.log.write.buffer.size = 33554432 (custom)
2019-07-13 22:36:36,171 INFO  server.RaftServerConfigKeys (ConfUtils.java:logGet(43)) - raft.server.log.force.sync.num = 128 (default)
2019-07-13 22:36:36,171 INFO  server.RaftServerConfigKeys (ConfUtils.java:logGet(43)) - raft.server.log.statemachine.data.sync = true (default)
2019-07-13 22:36:36,171 INFO  server.RaftServerConfigKeys (ConfUtils.java:logGet(43)) - raft.server.log.statemachine.data.sync.timeout = 10s (default)
2019-07-13 22:36:36,171 INFO  server.RaftServerConfigKeys (ConfUtils.java:logGet(43)) - raft.server.log.statemachine.data.sync.timeout.retry = -1 (default)
2019-07-13 22:36:36,172 INFO  server.RaftServerConfigKeys (ConfUtils.java:logGet(43)) - raft.server.log.statemachine.data.caching.enabled = true (custom)
2019-07-13 22:36:36,172 INFO  segmented.SegmentedRaftLogWorker (SegmentedRaftLogWorker.java:lambda$new$0(132)) - c76790ed-5c5b-4d4d-a5dc-fb4e5e696d3d-SegmentedRaftLogWorker:Storage Directory /tmp/workdir/hadoop-ozone/integration-test/target/test-dir/MiniOzoneClusterImpl-40637dfe-807c-41e2-8a87-8c36a2d45a05/datanode-5/data/ratis/bcf218b9-71bf-47b6-a2c1-66255fdcf6d5: flushIndex: setUnconditionally 0 -> -1
2019-07-13 22:36:36,173 INFO  server.RaftServerConfigKeys (ConfUtils.java:logGet(43)) - raft.server.snapshot.auto.trigger.enabled = true (custom)
2019-07-13 22:36:36,173 INFO  server.RaftServerConfigKeys (ConfUtils.java:logGet(43)) - raft.server.snapshot.auto.trigger.threshold = 10000 (custom)
2019-07-13 22:36:36,173 INFO  server.RaftServerConfigKeys (ConfUtils.java:logGet(43)) - raft.server.retrycache.expirytime = 600000ms (custom)
2019-07-13 22:36:36,173 INFO  impl.RaftServerImpl (RaftServerImpl.java:start(180)) - c76790ed-5c5b-4d4d-a5dc-fb4e5e696d3d: start group-66255FDCF6D5
2019-07-13 22:36:36,173 INFO  impl.RaftServerImpl (RaftServerImpl.java:setRole(171)) - c76790ed-5c5b-4d4d-a5dc-fb4e5e696d3d:group-66255FDCF6D5 changes role from null to FOLLOWER at term 0 for startAsFollower
2019-07-13 22:36:36,174 INFO  impl.RoleInfo (RoleInfo.java:updateAndGet(143)) - c76790ed-5c5b-4d4d-a5dc-fb4e5e696d3d: start FollowerState
2019-07-13 22:36:36,174 INFO  util.JmxRegister (JmxRegister.java:tryRegister(44)) - Successfully registered JMX Bean with object name Ratis:service=RaftServer,group=group-66255FDCF6D5,id=c76790ed-5c5b-4d4d-a5dc-fb4e5e696d3d
2019-07-13 22:36:36,186 INFO  pipeline.PipelineStateManager (PipelineStateManager.java:addPipeline(56)) - Created pipeline Pipeline[ Id: bcf218b9-71bf-47b6-a2c1-66255fdcf6d5, Nodes: c76790ed-5c5b-4d4d-a5dc-fb4e5e696d3d{ip: 192.168.5.159, host: trunk-nightly-x8m8d-1534914823, networkLocation: /default-rack, certSerialId: null}, Type:RATIS, Factor:ONE, State:OPEN]
2019-07-13 22:36:36,203 INFO  impl.RaftServerProxy (RaftServerProxy.java:addNew(89)) - 25ed64b7-dc5e-4ab6-bb2c-86c9bed5f07f: addNew group-9445B0422AEC:[25ed64b7-dc5e-4ab6-bb2c-86c9bed5f07f:192.168.5.159:42037] returns group-9445B0422AEC:java.util.concurrent.CompletableFuture@15d25d98[Not completed]
2019-07-13 22:36:36,205 INFO  impl.RaftServerImpl (RaftServerImpl.java:<init>(93)) - 25ed64b7-dc5e-4ab6-bb2c-86c9bed5f07f: new RaftServerImpl for group-9445B0422AEC:[25ed64b7-dc5e-4ab6-bb2c-86c9bed5f07f:192.168.5.159:42037] with ContainerStateMachine:uninitialized
2019-07-13 22:36:36,206 INFO  server.RaftServerConfigKeys (ConfUtils.java:logGet(43)) - raft.server.rpc.timeout.min = 5s (custom)
2019-07-13 22:36:36,206 INFO  server.RaftServerConfigKeys (ConfUtils.java:logGet(43)) - raft.server.rpc.timeout.max = 5200ms (custom)
2019-07-13 22:36:36,207 INFO  server.RaftServerConfigKeys (ConfUtils.java:logGet(43)) - raft.server.rpcslowness.timeout = 120s (custom)
2019-07-13 22:36:36,207 INFO  server.RaftServerConfigKeys (ConfUtils.java:logGet(43)) - raft.server.sleep.deviation.threshold = 300 (default)
2019-07-13 22:36:36,207 INFO  server.RaftServerConfigKeys (ConfUtils.java:logGet(43)) - raft.server.log.appender.install.snapshot.enabled = false (custom)
2019-07-13 22:36:36,207 INFO  impl.RaftServerImpl (ServerState.java:<init>(105)) - 25ed64b7-dc5e-4ab6-bb2c-86c9bed5f07f:group-9445B0422AEC ConfigurationManager, init=-1: [25ed64b7-dc5e-4ab6-bb2c-86c9bed5f07f:192.168.5.159:42037], old=null, confs=<EMPTY_MAP>
2019-07-13 22:36:36,208 INFO  server.RaftServerConfigKeys (ConfUtils.java:logGet(43)) - raft.server.storage.dir = [/tmp/workdir/hadoop-ozone/integration-test/target/test-dir/MiniOzoneClusterImpl-40637dfe-807c-41e2-8a87-8c36a2d45a05/datanode-2/data/ratis] (custom)
2019-07-13 22:36:36,208 INFO  storage.RaftStorageDirectory (RaftStorageDirectory.java:analyzeStorage(246)) - The storage directory /tmp/workdir/hadoop-ozone/integration-test/target/test-dir/MiniOzoneClusterImpl-40637dfe-807c-41e2-8a87-8c36a2d45a05/datanode-2/data/ratis/8900a2fe-6ef7-4d27-8db6-9445b0422aec does not exist. Creating ...
2019-07-13 22:36:36,219 INFO  storage.RaftStorageDirectory (RaftStorageDirectory.java:tryLock(328)) - Lock on /tmp/workdir/hadoop-ozone/integration-test/target/test-dir/MiniOzoneClusterImpl-40637dfe-807c-41e2-8a87-8c36a2d45a05/datanode-2/data/ratis/8900a2fe-6ef7-4d27-8db6-9445b0422aec/in_use.lock acquired by nodename 19245@trunk-nightly-x8m8d-1534914823
2019-07-13 22:36:36,223 INFO  storage.RaftStorage (RaftStorage.java:format(72)) - Storage directory /tmp/workdir/hadoop-ozone/integration-test/target/test-dir/MiniOzoneClusterImpl-40637dfe-807c-41e2-8a87-8c36a2d45a05/datanode-2/data/ratis/8900a2fe-6ef7-4d27-8db6-9445b0422aec has been successfully formatted.
2019-07-13 22:36:36,224 INFO  ratis.ContainerStateMachine (ContainerStateMachine.java:loadSnapshot(200)) - The snapshot info is null.Setting the last applied index to:(t:0, i:~)
2019-07-13 22:36:36,224 INFO  server.RaftServerConfigKeys (ConfUtils.java:logGet(43)) - raft.server.leader.election.timeout = 120s (custom)
2019-07-13 22:36:36,224 INFO  server.RaftServerConfigKeys (ConfUtils.java:logGet(43)) - raft.server.log.use.memory = false (default)
2019-07-13 22:36:36,224 INFO  server.RaftServerConfigKeys (ConfUtils.java:logGet(43)) - raft.server.log.purge.gap = 1000000000 (custom)
2019-07-13 22:36:36,224 INFO  server.RaftServerConfigKeys (ConfUtils.java:logGet(43)) - raft.server.log.appender.buffer.byte-limit = 33554432 (custom)
2019-07-13 22:36:36,225 INFO  server.RaftServerConfigKeys (ConfUtils.java:logGet(43)) - raft.server.log.segment.size.max = 1048576 (custom)
2019-07-13 22:36:36,225 INFO  server.RaftServerConfigKeys (ConfUtils.java:logGet(43)) - raft.server.log.segment.cache.num.max = 2 (custom)
2019-07-13 22:36:36,225 INFO  segmented.SegmentedRaftLogWorker (SegmentedRaftLogWorker.java:<init>(172)) - new 25ed64b7-dc5e-4ab6-bb2c-86c9bed5f07f-SegmentedRaftLogWorker:Storage Directory /tmp/workdir/hadoop-ozone/integration-test/target/test-dir/MiniOzoneClusterImpl-40637dfe-807c-41e2-8a87-8c36a2d45a05/datanode-2/data/ratis/8900a2fe-6ef7-4d27-8db6-9445b0422aec for RaftStorage:Storage Directory /tmp/workdir/hadoop-ozone/integration-test/target/test-dir/MiniOzoneClusterImpl-40637dfe-807c-41e2-8a87-8c36a2d45a05/datanode-2/data/ratis/8900a2fe-6ef7-4d27-8db6-9445b0422aec
2019-07-13 22:36:36,225 INFO  server.RaftServerConfigKeys (ConfUtils.java:logGet(43)) - raft.server.log.queue.byte-limit = 2147483647 (custom)
2019-07-13 22:36:36,225 INFO  server.RaftServerConfigKeys (ConfUtils.java:logGet(43)) - raft.server.log.queue.element-limit = 1024 (custom)
2019-07-13 22:36:36,226 INFO  server.RaftServerConfigKeys (ConfUtils.java:logGet(43)) - raft.server.log.segment.size.max = 1048576 (custom)
2019-07-13 22:36:36,226 INFO  server.RaftServerConfigKeys (ConfUtils.java:logGet(43)) - raft.server.log.preallocated.size = 16384 (custom)
2019-07-13 22:36:36,226 INFO  server.RaftServerConfigKeys (ConfUtils.java:logGet(43)) - raft.server.log.write.buffer.size = 33554432 (custom)
2019-07-13 22:36:36,226 INFO  server.RaftServerConfigKeys (ConfUtils.java:logGet(43)) - raft.server.log.force.sync.num = 128 (default)
2019-07-13 22:36:36,227 INFO  server.RaftServerConfigKeys (ConfUtils.java:logGet(43)) - raft.server.log.statemachine.data.sync = true (default)
2019-07-13 22:36:36,227 INFO  server.RaftServerConfigKeys (ConfUtils.java:logGet(43)) - raft.server.log.statemachine.data.sync.timeout = 10s (default)
2019-07-13 22:36:36,227 INFO  server.RaftServerConfigKeys (ConfUtils.java:logGet(43)) - raft.server.log.statemachine.data.sync.timeout.retry = -1 (default)
2019-07-13 22:36:36,227 INFO  server.RaftServerConfigKeys (ConfUtils.java:logGet(43)) - raft.server.log.statemachine.data.caching.enabled = true (custom)
2019-07-13 22:36:36,228 INFO  segmented.SegmentedRaftLogWorker (SegmentedRaftLogWorker.java:lambda$new$0(132)) - 25ed64b7-dc5e-4ab6-bb2c-86c9bed5f07f-SegmentedRaftLogWorker:Storage Directory /tmp/workdir/hadoop-ozone/integration-test/target/test-dir/MiniOzoneClusterImpl-40637dfe-807c-41e2-8a87-8c36a2d45a05/datanode-2/data/ratis/8900a2fe-6ef7-4d27-8db6-9445b0422aec: flushIndex: setUnconditionally 0 -> -1
2019-07-13 22:36:36,228 INFO  server.RaftServerConfigKeys (ConfUtils.java:logGet(43)) - raft.server.snapshot.auto.trigger.enabled = true (custom)
2019-07-13 22:36:36,229 INFO  server.RaftServerConfigKeys (ConfUtils.java:logGet(43)) - raft.server.snapshot.auto.trigger.threshold = 10000 (custom)
2019-07-13 22:36:36,229 INFO  server.RaftServerConfigKeys (ConfUtils.java:logGet(43)) - raft.server.retrycache.expirytime = 600000ms (custom)
2019-07-13 22:36:36,229 INFO  impl.RaftServerImpl (RaftServerImpl.java:start(180)) - 25ed64b7-dc5e-4ab6-bb2c-86c9bed5f07f: start group-9445B0422AEC
2019-07-13 22:36:36,229 INFO  impl.RaftServerImpl (RaftServerImpl.java:setRole(171)) - 25ed64b7-dc5e-4ab6-bb2c-86c9bed5f07f:group-9445B0422AEC changes role from null to FOLLOWER at term 0 for startAsFollower
2019-07-13 22:36:36,230 INFO  impl.RoleInfo (RoleInfo.java:updateAndGet(143)) - 25ed64b7-dc5e-4ab6-bb2c-86c9bed5f07f: start FollowerState
2019-07-13 22:36:36,230 INFO  util.JmxRegister (JmxRegister.java:tryRegister(44)) - Successfully registered JMX Bean with object name Ratis:service=RaftServer,group=group-9445B0422AEC,id=25ed64b7-dc5e-4ab6-bb2c-86c9bed5f07f
2019-07-13 22:36:36,244 INFO  pipeline.PipelineStateManager (PipelineStateManager.java:addPipeline(56)) - Created pipeline Pipeline[ Id: 8900a2fe-6ef7-4d27-8db6-9445b0422aec, Nodes: 25ed64b7-dc5e-4ab6-bb2c-86c9bed5f07f{ip: 192.168.5.159, host: trunk-nightly-x8m8d-1534914823, networkLocation: /default-rack, certSerialId: null}, Type:RATIS, Factor:ONE, State:OPEN]
2019-07-13 22:36:36,277 INFO  impl.RaftServerProxy (RaftServerProxy.java:addNew(89)) - 7c51e767-727f-44cf-ac53-49a5938351e1: addNew group-4C38967AC463:[931aa43a-3005-4ae9-bd51-950a6ab0f1a0:192.168.5.159:40307, bf9e593e-7983-4fed-9d6c-fff1d62489b6:192.168.5.159:41407, 7c51e767-727f-44cf-ac53-49a5938351e1:192.168.5.159:36546] returns group-4C38967AC463:java.util.concurrent.CompletableFuture@13c7cb04[Not completed]
2019-07-13 22:36:36,281 INFO  impl.RaftServerProxy (RaftServerProxy.java:addNew(89)) - bf9e593e-7983-4fed-9d6c-fff1d62489b6: addNew group-4C38967AC463:[931aa43a-3005-4ae9-bd51-950a6ab0f1a0:192.168.5.159:40307, bf9e593e-7983-4fed-9d6c-fff1d62489b6:192.168.5.159:41407, 7c51e767-727f-44cf-ac53-49a5938351e1:192.168.5.159:36546] returns group-4C38967AC463:java.util.concurrent.CompletableFuture@17f84da4[Not completed]
2019-07-13 22:36:36,282 INFO  impl.RaftServerProxy (RaftServerProxy.java:addNew(89)) - 931aa43a-3005-4ae9-bd51-950a6ab0f1a0: addNew group-4C38967AC463:[931aa43a-3005-4ae9-bd51-950a6ab0f1a0:192.168.5.159:40307, bf9e593e-7983-4fed-9d6c-fff1d62489b6:192.168.5.159:41407, 7c51e767-727f-44cf-ac53-49a5938351e1:192.168.5.159:36546] returns group-4C38967AC463:java.util.concurrent.CompletableFuture@5485365e[Not completed]
2019-07-13 22:36:36,282 INFO  impl.RaftServerImpl (RaftServerImpl.java:<init>(93)) - 7c51e767-727f-44cf-ac53-49a5938351e1: new RaftServerImpl for group-4C38967AC463:[931aa43a-3005-4ae9-bd51-950a6ab0f1a0:192.168.5.159:40307, bf9e593e-7983-4fed-9d6c-fff1d62489b6:192.168.5.159:41407, 7c51e767-727f-44cf-ac53-49a5938351e1:192.168.5.159:36546] with ContainerStateMachine:uninitialized
2019-07-13 22:36:36,282 INFO  server.RaftServerConfigKeys (ConfUtils.java:logGet(43)) - raft.server.rpc.timeout.min = 5s (custom)
2019-07-13 22:36:36,283 INFO  server.RaftServerConfigKeys (ConfUtils.java:logGet(43)) - raft.server.rpc.timeout.max = 5200ms (custom)
2019-07-13 22:36:36,283 INFO  server.RaftServerConfigKeys (ConfUtils.java:logGet(43)) - raft.server.rpcslowness.timeout = 120s (custom)
2019-07-13 22:36:36,283 INFO  server.RaftServerConfigKeys (ConfUtils.java:logGet(43)) - raft.server.sleep.deviation.threshold = 300 (default)
2019-07-13 22:36:36,283 INFO  server.RaftServerConfigKeys (ConfUtils.java:logGet(43)) - raft.server.log.appender.install.snapshot.enabled = false (custom)
2019-07-13 22:36:36,283 INFO  impl.RaftServerImpl (RaftServerImpl.java:<init>(93)) - bf9e593e-7983-4fed-9d6c-fff1d62489b6: new RaftServerImpl for group-4C38967AC463:[931aa43a-3005-4ae9-bd51-950a6ab0f1a0:192.168.5.159:40307, bf9e593e-7983-4fed-9d6c-fff1d62489b6:192.168.5.159:41407, 7c51e767-727f-44cf-ac53-49a5938351e1:192.168.5.159:36546] with ContainerStateMachine:uninitialized
2019-07-13 22:36:36,283 INFO  impl.RaftServerImpl (ServerState.java:<init>(105)) - 7c51e767-727f-44cf-ac53-49a5938351e1:group-4C38967AC463 ConfigurationManager, init=-1: [931aa43a-3005-4ae9-bd51-950a6ab0f1a0:192.168.5.159:40307, bf9e593e-7983-4fed-9d6c-fff1d62489b6:192.168.5.159:41407, 7c51e767-727f-44cf-ac53-49a5938351e1:192.168.5.159:36546], old=null, confs=<EMPTY_MAP>
2019-07-13 22:36:36,283 INFO  server.RaftServerConfigKeys (ConfUtils.java:logGet(43)) - raft.server.rpc.timeout.min = 5s (custom)
2019-07-13 22:36:36,284 INFO  server.RaftServerConfigKeys (ConfUtils.java:logGet(43)) - raft.server.storage.dir = [/tmp/workdir/hadoop-ozone/integration-test/target/test-dir/MiniOzoneClusterImpl-40637dfe-807c-41e2-8a87-8c36a2d45a05/datanode-6/data/ratis] (custom)
2019-07-13 22:36:36,284 INFO  server.RaftServerConfigKeys (ConfUtils.java:logGet(43)) - raft.server.rpc.timeout.max = 5200ms (custom)
2019-07-13 22:36:36,284 INFO  server.RaftServerConfigKeys (ConfUtils.java:logGet(43)) - raft.server.rpcslowness.timeout = 120s (custom)
2019-07-13 22:36:36,284 INFO  impl.RaftServerImpl (RaftServerImpl.java:<init>(93)) - 931aa43a-3005-4ae9-bd51-950a6ab0f1a0: new RaftServerImpl for group-4C38967AC463:[931aa43a-3005-4ae9-bd51-950a6ab0f1a0:192.168.5.159:40307, bf9e593e-7983-4fed-9d6c-fff1d62489b6:192.168.5.159:41407, 7c51e767-727f-44cf-ac53-49a5938351e1:192.168.5.159:36546] with ContainerStateMachine:uninitialized
2019-07-13 22:36:36,284 INFO  server.RaftServerConfigKeys (ConfUtils.java:logGet(43)) - raft.server.sleep.deviation.threshold = 300 (default)
2019-07-13 22:36:36,284 INFO  server.RaftServerConfigKeys (ConfUtils.java:logGet(43)) - raft.server.rpc.timeout.min = 5s (custom)
2019-07-13 22:36:36,284 INFO  storage.RaftStorageDirectory (RaftStorageDirectory.java:analyzeStorage(246)) - The storage directory /tmp/workdir/hadoop-ozone/integration-test/target/test-dir/MiniOzoneClusterImpl-40637dfe-807c-41e2-8a87-8c36a2d45a05/datanode-6/data/ratis/91d49eb2-c5d8-4ffe-8166-4c38967ac463 does not exist. Creating ...
2019-07-13 22:36:36,284 INFO  server.RaftServerConfigKeys (ConfUtils.java:logGet(43)) - raft.server.rpc.timeout.max = 5200ms (custom)
2019-07-13 22:36:36,284 INFO  server.RaftServerConfigKeys (ConfUtils.java:logGet(43)) - raft.server.log.appender.install.snapshot.enabled = false (custom)
2019-07-13 22:36:36,285 INFO  server.RaftServerConfigKeys (ConfUtils.java:logGet(43)) - raft.server.rpcslowness.timeout = 120s (custom)
2019-07-13 22:36:36,285 INFO  impl.RaftServerImpl (ServerState.java:<init>(105)) - bf9e593e-7983-4fed-9d6c-fff1d62489b6:group-4C38967AC463 ConfigurationManager, init=-1: [931aa43a-3005-4ae9-bd51-950a6ab0f1a0:192.168.5.159:40307, bf9e593e-7983-4fed-9d6c-fff1d62489b6:192.168.5.159:41407, 7c51e767-727f-44cf-ac53-49a5938351e1:192.168.5.159:36546], old=null, confs=<EMPTY_MAP>
2019-07-13 22:36:36,285 INFO  server.RaftServerConfigKeys (ConfUtils.java:logGet(43)) - raft.server.sleep.deviation.threshold = 300 (default)
2019-07-13 22:36:36,285 INFO  server.RaftServerConfigKeys (ConfUtils.java:logGet(43)) - raft.server.storage.dir = [/tmp/workdir/hadoop-ozone/integration-test/target/test-dir/MiniOzoneClusterImpl-40637dfe-807c-41e2-8a87-8c36a2d45a05/datanode-4/data/ratis] (custom)
2019-07-13 22:36:36,285 INFO  server.RaftServerConfigKeys (ConfUtils.java:logGet(43)) - raft.server.log.appender.install.snapshot.enabled = false (custom)
2019-07-13 22:36:36,286 INFO  impl.RaftServerImpl (ServerState.java:<init>(105)) - 931aa43a-3005-4ae9-bd51-950a6ab0f1a0:group-4C38967AC463 ConfigurationManager, init=-1: [931aa43a-3005-4ae9-bd51-950a6ab0f1a0:192.168.5.159:40307, bf9e593e-7983-4fed-9d6c-fff1d62489b6:192.168.5.159:41407, 7c51e767-727f-44cf-ac53-49a5938351e1:192.168.5.159:36546], old=null, confs=<EMPTY_MAP>
2019-07-13 22:36:36,286 INFO  storage.RaftStorageDirectory (RaftStorageDirectory.java:analyzeStorage(246)) - The storage directory /tmp/workdir/hadoop-ozone/integration-test/target/test-dir/MiniOzoneClusterImpl-40637dfe-807c-41e2-8a87-8c36a2d45a05/datanode-4/data/ratis/91d49eb2-c5d8-4ffe-8166-4c38967ac463 does not exist. Creating ...
2019-07-13 22:36:36,286 INFO  server.RaftServerConfigKeys (ConfUtils.java:logGet(43)) - raft.server.storage.dir = [/tmp/workdir/hadoop-ozone/integration-test/target/test-dir/MiniOzoneClusterImpl-40637dfe-807c-41e2-8a87-8c36a2d45a05/datanode-3/data/ratis] (custom)
2019-07-13 22:36:36,286 INFO  storage.RaftStorageDirectory (RaftStorageDirectory.java:analyzeStorage(246)) - The storage directory /tmp/workdir/hadoop-ozone/integration-test/target/test-dir/MiniOzoneClusterImpl-40637dfe-807c-41e2-8a87-8c36a2d45a05/datanode-3/data/ratis/91d49eb2-c5d8-4ffe-8166-4c38967ac463 does not exist. Creating ...
2019-07-13 22:36:36,289 INFO  storage.RaftStorageDirectory (RaftStorageDirectory.java:tryLock(328)) - Lock on /tmp/workdir/hadoop-ozone/integration-test/target/test-dir/MiniOzoneClusterImpl-40637dfe-807c-41e2-8a87-8c36a2d45a05/datanode-6/data/ratis/91d49eb2-c5d8-4ffe-8166-4c38967ac463/in_use.lock acquired by nodename 19245@trunk-nightly-x8m8d-1534914823
2019-07-13 22:36:36,289 INFO  storage.RaftStorageDirectory (RaftStorageDirectory.java:tryLock(328)) - Lock on /tmp/workdir/hadoop-ozone/integration-test/target/test-dir/MiniOzoneClusterImpl-40637dfe-807c-41e2-8a87-8c36a2d45a05/datanode-3/data/ratis/91d49eb2-c5d8-4ffe-8166-4c38967ac463/in_use.lock acquired by nodename 19245@trunk-nightly-x8m8d-1534914823
2019-07-13 22:36:36,289 INFO  storage.RaftStorageDirectory (RaftStorageDirectory.java:tryLock(328)) - Lock on /tmp/workdir/hadoop-ozone/integration-test/target/test-dir/MiniOzoneClusterImpl-40637dfe-807c-41e2-8a87-8c36a2d45a05/datanode-4/data/ratis/91d49eb2-c5d8-4ffe-8166-4c38967ac463/in_use.lock acquired by nodename 19245@trunk-nightly-x8m8d-1534914823
2019-07-13 22:36:36,293 INFO  storage.RaftStorage (RaftStorage.java:format(72)) - Storage directory /tmp/workdir/hadoop-ozone/integration-test/target/test-dir/MiniOzoneClusterImpl-40637dfe-807c-41e2-8a87-8c36a2d45a05/datanode-3/data/ratis/91d49eb2-c5d8-4ffe-8166-4c38967ac463 has been successfully formatted.
2019-07-13 22:36:36,293 INFO  storage.RaftStorage (RaftStorage.java:format(72)) - Storage directory /tmp/workdir/hadoop-ozone/integration-test/target/test-dir/MiniOzoneClusterImpl-40637dfe-807c-41e2-8a87-8c36a2d45a05/datanode-4/data/ratis/91d49eb2-c5d8-4ffe-8166-4c38967ac463 has been successfully formatted.
2019-07-13 22:36:36,293 INFO  storage.RaftStorage (RaftStorage.java:format(72)) - Storage directory /tmp/workdir/hadoop-ozone/integration-test/target/test-dir/MiniOzoneClusterImpl-40637dfe-807c-41e2-8a87-8c36a2d45a05/datanode-6/data/ratis/91d49eb2-c5d8-4ffe-8166-4c38967ac463 has been successfully formatted.
2019-07-13 22:36:36,294 INFO  ratis.ContainerStateMachine (ContainerStateMachine.java:loadSnapshot(200)) - The snapshot info is null.Setting the last applied index to:(t:0, i:~)
2019-07-13 22:36:36,294 INFO  ratis.ContainerStateMachine (ContainerStateMachine.java:loadSnapshot(200)) - The snapshot info is null.Setting the last applied index to:(t:0, i:~)
2019-07-13 22:36:36,294 INFO  server.RaftServerConfigKeys (ConfUtils.java:logGet(43)) - raft.server.leader.election.timeout = 120s (custom)
2019-07-13 22:36:36,294 INFO  ratis.ContainerStateMachine (ContainerStateMachine.java:loadSnapshot(200)) - The snapshot info is null.Setting the last applied index to:(t:0, i:~)
2019-07-13 22:36:36,295 INFO  server.RaftServerConfigKeys (ConfUtils.java:logGet(43)) - raft.server.log.use.memory = false (default)
2019-07-13 22:36:36,294 INFO  server.RaftServerConfigKeys (ConfUtils.java:logGet(43)) - raft.server.leader.election.timeout = 120s (custom)
2019-07-13 22:36:36,295 INFO  server.RaftServerConfigKeys (ConfUtils.java:logGet(43)) - raft.server.log.purge.gap = 1000000000 (custom)
2019-07-13 22:36:36,295 INFO  server.RaftServerConfigKeys (ConfUtils.java:logGet(43)) - raft.server.leader.election.timeout = 120s (custom)
2019-07-13 22:36:36,295 INFO  server.RaftServerConfigKeys (ConfUtils.java:logGet(43)) - raft.server.log.appender.buffer.byte-limit = 33554432 (custom)
2019-07-13 22:36:36,295 INFO  server.RaftServerConfigKeys (ConfUtils.java:logGet(43)) - raft.server.log.use.memory = false (default)
2019-07-13 22:36:36,296 INFO  server.RaftServerConfigKeys (ConfUtils.java:logGet(43)) - raft.server.log.segment.size.max = 1048576 (custom)
2019-07-13 22:36:36,295 INFO  server.RaftServerConfigKeys (ConfUtils.java:logGet(43)) - raft.server.log.use.memory = false (default)
2019-07-13 22:36:36,296 INFO  server.RaftServerConfigKeys (ConfUtils.java:logGet(43)) - raft.server.log.segment.cache.num.max = 2 (custom)
2019-07-13 22:36:36,296 INFO  server.RaftServerConfigKeys (ConfUtils.java:logGet(43)) - raft.server.log.purge.gap = 1000000000 (custom)
2019-07-13 22:36:36,296 INFO  segmented.SegmentedRaftLogWorker (SegmentedRaftLogWorker.java:<init>(172)) - new bf9e593e-7983-4fed-9d6c-fff1d62489b6-SegmentedRaftLogWorker:Storage Directory /tmp/workdir/hadoop-ozone/integration-test/target/test-dir/MiniOzoneClusterImpl-40637dfe-807c-41e2-8a87-8c36a2d45a05/datanode-4/data/ratis/91d49eb2-c5d8-4ffe-8166-4c38967ac463 for RaftStorage:Storage Directory /tmp/workdir/hadoop-ozone/integration-test/target/test-dir/MiniOzoneClusterImpl-40637dfe-807c-41e2-8a87-8c36a2d45a05/datanode-4/data/ratis/91d49eb2-c5d8-4ffe-8166-4c38967ac463
2019-07-13 22:36:36,296 INFO  server.RaftServerConfigKeys (ConfUtils.java:logGet(43)) - raft.server.log.purge.gap = 1000000000 (custom)
2019-07-13 22:36:36,297 INFO  server.RaftServerConfigKeys (ConfUtils.java:logGet(43)) - raft.server.log.queue.byte-limit = 2147483647 (custom)
2019-07-13 22:36:36,296 INFO  server.RaftServerConfigKeys (ConfUtils.java:logGet(43)) - raft.server.log.appender.buffer.byte-limit = 33554432 (custom)
2019-07-13 22:36:36,299 INFO  server.RaftServerConfigKeys (ConfUtils.java:logGet(43)) - raft.server.log.queue.element-limit = 1024 (custom)
2019-07-13 22:36:36,297 INFO  server.RaftServerConfigKeys (ConfUtils.java:logGet(43)) - raft.server.log.appender.buffer.byte-limit = 33554432 (custom)
2019-07-13 22:36:36,299 INFO  server.RaftServerConfigKeys (ConfUtils.java:logGet(43)) - raft.server.log.segment.size.max = 1048576 (custom)
2019-07-13 22:36:36,299 INFO  server.RaftServerConfigKeys (ConfUtils.java:logGet(43)) - raft.server.log.segment.size.max = 1048576 (custom)
2019-07-13 22:36:36,299 INFO  server.RaftServerConfigKeys (ConfUtils.java:logGet(43)) - raft.server.log.preallocated.size = 16384 (custom)
2019-07-13 22:36:36,299 INFO  server.RaftServerConfigKeys (ConfUtils.java:logGet(43)) - raft.server.log.segment.size.max = 1048576 (custom)
2019-07-13 22:36:36,300 INFO  server.RaftServerConfigKeys (ConfUtils.java:logGet(43)) - raft.server.log.write.buffer.size = 33554432 (custom)
2019-07-13 22:36:36,300 INFO  server.RaftServerConfigKeys (ConfUtils.java:logGet(43)) - raft.server.log.segment.cache.num.max = 2 (custom)
2019-07-13 22:36:36,300 INFO  server.RaftServerConfigKeys (ConfUtils.java:logGet(43)) - raft.server.log.force.sync.num = 128 (default)
2019-07-13 22:36:36,300 INFO  server.RaftServerConfigKeys (ConfUtils.java:logGet(43)) - raft.server.log.segment.cache.num.max = 2 (custom)
2019-07-13 22:36:36,300 INFO  server.RaftServerConfigKeys (ConfUtils.java:logGet(43)) - raft.server.log.statemachine.data.sync = true (default)
2019-07-13 22:36:36,300 INFO  segmented.SegmentedRaftLogWorker (SegmentedRaftLogWorker.java:<init>(172)) - new 931aa43a-3005-4ae9-bd51-950a6ab0f1a0-SegmentedRaftLogWorker:Storage Directory /tmp/workdir/hadoop-ozone/integration-test/target/test-dir/MiniOzoneClusterImpl-40637dfe-807c-41e2-8a87-8c36a2d45a05/datanode-3/data/ratis/91d49eb2-c5d8-4ffe-8166-4c38967ac463 for RaftStorage:Storage Directory /tmp/workdir/hadoop-ozone/integration-test/target/test-dir/MiniOzoneClusterImpl-40637dfe-807c-41e2-8a87-8c36a2d45a05/datanode-3/data/ratis/91d49eb2-c5d8-4ffe-8166-4c38967ac463
2019-07-13 22:36:36,301 INFO  server.RaftServerConfigKeys (ConfUtils.java:logGet(43)) - raft.server.log.statemachine.data.sync.timeout = 10s (default)
2019-07-13 22:36:36,301 INFO  segmented.SegmentedRaftLogWorker (SegmentedRaftLogWorker.java:<init>(172)) - new 7c51e767-727f-44cf-ac53-49a5938351e1-SegmentedRaftLogWorker:Storage Directory /tmp/workdir/hadoop-ozone/integration-test/target/test-dir/MiniOzoneClusterImpl-40637dfe-807c-41e2-8a87-8c36a2d45a05/datanode-6/data/ratis/91d49eb2-c5d8-4ffe-8166-4c38967ac463 for RaftStorage:Storage Directory /tmp/workdir/hadoop-ozone/integration-test/target/test-dir/MiniOzoneClusterImpl-40637dfe-807c-41e2-8a87-8c36a2d45a05/datanode-6/data/ratis/91d49eb2-c5d8-4ffe-8166-4c38967ac463
2019-07-13 22:36:36,301 INFO  server.RaftServerConfigKeys (ConfUtils.java:logGet(43)) - raft.server.log.statemachine.data.sync.timeout.retry = -1 (default)
2019-07-13 22:36:36,301 INFO  server.RaftServerConfigKeys (ConfUtils.java:logGet(43)) - raft.server.log.queue.byte-limit = 2147483647 (custom)
2019-07-13 22:36:36,306 INFO  server.RaftServerConfigKeys (ConfUtils.java:logGet(43)) - raft.server.log.statemachine.data.caching.enabled = true (custom)
2019-07-13 22:36:36,306 INFO  server.RaftServerConfigKeys (ConfUtils.java:logGet(43)) - raft.server.log.queue.element-limit = 1024 (custom)
2019-07-13 22:36:36,303 INFO  server.RaftServerConfigKeys (ConfUtils.java:logGet(43)) - raft.server.log.queue.byte-limit = 2147483647 (custom)
2019-07-13 22:36:36,306 INFO  segmented.SegmentedRaftLogWorker (SegmentedRaftLogWorker.java:lambda$new$0(132)) - bf9e593e-7983-4fed-9d6c-fff1d62489b6-SegmentedRaftLogWorker:Storage Directory /tmp/workdir/hadoop-ozone/integration-test/target/test-dir/MiniOzoneClusterImpl-40637dfe-807c-41e2-8a87-8c36a2d45a05/datanode-4/data/ratis/91d49eb2-c5d8-4ffe-8166-4c38967ac463: flushIndex: setUnconditionally 0 -> -1
2019-07-13 22:36:36,306 INFO  server.RaftServerConfigKeys (ConfUtils.java:logGet(43)) - raft.server.log.segment.size.max = 1048576 (custom)
2019-07-13 22:36:36,306 INFO  server.RaftServerConfigKeys (ConfUtils.java:logGet(43)) - raft.server.log.queue.element-limit = 1024 (custom)
2019-07-13 22:36:36,307 INFO  server.RaftServerConfigKeys (ConfUtils.java:logGet(43)) - raft.server.snapshot.auto.trigger.enabled = true (custom)
2019-07-13 22:36:36,307 INFO  server.RaftServerConfigKeys (ConfUtils.java:logGet(43)) - raft.server.log.preallocated.size = 16384 (custom)
2019-07-13 22:36:36,307 INFO  server.RaftServerConfigKeys (ConfUtils.java:logGet(43)) - raft.server.snapshot.auto.trigger.threshold = 10000 (custom)
2019-07-13 22:36:36,307 INFO  server.RaftServerConfigKeys (ConfUtils.java:logGet(43)) - raft.server.log.segment.size.max = 1048576 (custom)
2019-07-13 22:36:36,308 INFO  server.RaftServerConfigKeys (ConfUtils.java:logGet(43)) - raft.server.retrycache.expirytime = 600000ms (custom)
2019-07-13 22:36:36,307 INFO  server.RaftServerConfigKeys (ConfUtils.java:logGet(43)) - raft.server.log.write.buffer.size = 33554432 (custom)
2019-07-13 22:36:36,308 INFO  server.RaftServerConfigKeys (ConfUtils.java:logGet(43)) - raft.server.log.preallocated.size = 16384 (custom)
2019-07-13 22:36:36,308 INFO  impl.RaftServerImpl (RaftServerImpl.java:start(180)) - bf9e593e-7983-4fed-9d6c-fff1d62489b6: start group-4C38967AC463
2019-07-13 22:36:36,308 INFO  server.RaftServerConfigKeys (ConfUtils.java:logGet(43)) - raft.server.log.force.sync.num = 128 (default)
2019-07-13 22:36:36,308 INFO  impl.RaftServerImpl (RaftServerImpl.java:setRole(171)) - bf9e593e-7983-4fed-9d6c-fff1d62489b6:group-4C38967AC463 changes role from null to FOLLOWER at term 0 for startAsFollower
2019-07-13 22:36:36,308 INFO  server.RaftServerConfigKeys (ConfUtils.java:logGet(43)) - raft.server.log.write.buffer.size = 33554432 (custom)
2019-07-13 22:36:36,309 INFO  impl.RoleInfo (RoleInfo.java:updateAndGet(143)) - bf9e593e-7983-4fed-9d6c-fff1d62489b6: start FollowerState
2019-07-13 22:36:36,309 INFO  server.RaftServerConfigKeys (ConfUtils.java:logGet(43)) - raft.server.log.statemachine.data.sync = true (default)
2019-07-13 22:36:36,309 INFO  server.RaftServerConfigKeys (ConfUtils.java:logGet(43)) - raft.server.log.force.sync.num = 128 (default)
2019-07-13 22:36:36,309 INFO  server.RaftServerConfigKeys (ConfUtils.java:logGet(43)) - raft.server.log.statemachine.data.sync.timeout = 10s (default)
2019-07-13 22:36:36,310 INFO  util.JmxRegister (JmxRegister.java:tryRegister(44)) - Successfully registered JMX Bean with object name Ratis:service=RaftServer,group=group-4C38967AC463,id=bf9e593e-7983-4fed-9d6c-fff1d62489b6
2019-07-13 22:36:36,310 INFO  server.RaftServerConfigKeys (ConfUtils.java:logGet(43)) - raft.server.log.statemachine.data.sync = true (default)
2019-07-13 22:36:36,310 INFO  server.RaftServerConfigKeys (ConfUtils.java:logGet(43)) - raft.server.log.statemachine.data.sync.timeout.retry = -1 (default)
2019-07-13 22:36:36,310 INFO  server.RaftServerConfigKeys (ConfUtils.java:logGet(43)) - raft.server.log.statemachine.data.sync.timeout = 10s (default)
2019-07-13 22:36:36,310 INFO  server.RaftServerConfigKeys (ConfUtils.java:logGet(43)) - raft.server.log.statemachine.data.caching.enabled = true (custom)
2019-07-13 22:36:36,310 INFO  server.RaftServerConfigKeys (ConfUtils.java:logGet(43)) - raft.server.log.statemachine.data.sync.timeout.retry = -1 (default)
2019-07-13 22:36:36,311 INFO  segmented.SegmentedRaftLogWorker (SegmentedRaftLogWorker.java:lambda$new$0(132)) - 931aa43a-3005-4ae9-bd51-950a6ab0f1a0-SegmentedRaftLogWorker:Storage Directory /tmp/workdir/hadoop-ozone/integration-test/target/test-dir/MiniOzoneClusterImpl-40637dfe-807c-41e2-8a87-8c36a2d45a05/datanode-3/data/ratis/91d49eb2-c5d8-4ffe-8166-4c38967ac463: flushIndex: setUnconditionally 0 -> -1
2019-07-13 22:36:36,311 INFO  server.RaftServerConfigKeys (ConfUtils.java:logGet(43)) - raft.server.log.statemachine.data.caching.enabled = true (custom)
2019-07-13 22:36:36,311 INFO  server.RaftServerConfigKeys (ConfUtils.java:logGet(43)) - raft.server.snapshot.auto.trigger.enabled = true (custom)
2019-07-13 22:36:36,311 INFO  server.RaftServerConfigKeys (ConfUtils.java:logGet(43)) - raft.server.snapshot.auto.trigger.threshold = 10000 (custom)
2019-07-13 22:36:36,311 INFO  segmented.SegmentedRaftLogWorker (SegmentedRaftLogWorker.java:lambda$new$0(132)) - 7c51e767-727f-44cf-ac53-49a5938351e1-SegmentedRaftLogWorker:Storage Directory /tmp/workdir/hadoop-ozone/integration-test/target/test-dir/MiniOzoneClusterImpl-40637dfe-807c-41e2-8a87-8c36a2d45a05/datanode-6/data/ratis/91d49eb2-c5d8-4ffe-8166-4c38967ac463: flushIndex: setUnconditionally 0 -> -1
2019-07-13 22:36:36,312 INFO  server.RaftServerConfigKeys (ConfUtils.java:logGet(43)) - raft.server.retrycache.expirytime = 600000ms (custom)
2019-07-13 22:36:36,312 INFO  server.RaftServerConfigKeys (ConfUtils.java:logGet(43)) - raft.server.snapshot.auto.trigger.enabled = true (custom)
2019-07-13 22:36:36,312 INFO  impl.RaftServerImpl (RaftServerImpl.java:start(180)) - 931aa43a-3005-4ae9-bd51-950a6ab0f1a0: start group-4C38967AC463
2019-07-13 22:36:36,312 INFO  server.RaftServerConfigKeys (ConfUtils.java:logGet(43)) - raft.server.snapshot.auto.trigger.threshold = 10000 (custom)
2019-07-13 22:36:36,312 INFO  impl.RaftServerImpl (RaftServerImpl.java:setRole(171)) - 931aa43a-3005-4ae9-bd51-950a6ab0f1a0:group-4C38967AC463 changes role from null to FOLLOWER at term 0 for startAsFollower
2019-07-13 22:36:36,316 INFO  server.RaftServerConfigKeys (ConfUtils.java:logGet(43)) - raft.server.retrycache.expirytime = 600000ms (custom)
2019-07-13 22:36:36,316 INFO  impl.RoleInfo (RoleInfo.java:updateAndGet(143)) - 931aa43a-3005-4ae9-bd51-950a6ab0f1a0: start FollowerState
2019-07-13 22:36:36,317 INFO  impl.RaftServerImpl (RaftServerImpl.java:start(180)) - 7c51e767-727f-44cf-ac53-49a5938351e1: start group-4C38967AC463
2019-07-13 22:36:36,317 INFO  impl.RaftServerImpl (RaftServerImpl.java:setRole(171)) - 7c51e767-727f-44cf-ac53-49a5938351e1:group-4C38967AC463 changes role from null to FOLLOWER at term 0 for startAsFollower
2019-07-13 22:36:36,319 INFO  impl.RoleInfo (RoleInfo.java:updateAndGet(143)) - 7c51e767-727f-44cf-ac53-49a5938351e1: start FollowerState
2019-07-13 22:36:36,321 INFO  util.JmxRegister (JmxRegister.java:tryRegister(44)) - Successfully registered JMX Bean with object name Ratis:service=RaftServer,group=group-4C38967AC463,id=931aa43a-3005-4ae9-bd51-950a6ab0f1a0
2019-07-13 22:36:36,321 INFO  util.JmxRegister (JmxRegister.java:tryRegister(44)) - Successfully registered JMX Bean with object name Ratis:service=RaftServer,group=group-4C38967AC463,id=7c51e767-727f-44cf-ac53-49a5938351e1
2019-07-13 22:36:36,338 INFO  pipeline.PipelineStateManager (PipelineStateManager.java:addPipeline(56)) - Created pipeline Pipeline[ Id: 91d49eb2-c5d8-4ffe-8166-4c38967ac463, Nodes: bf9e593e-7983-4fed-9d6c-fff1d62489b6{ip: 192.168.5.159, host: trunk-nightly-x8m8d-1534914823, networkLocation: /default-rack, certSerialId: null}7c51e767-727f-44cf-ac53-49a5938351e1{ip: 192.168.5.159, host: trunk-nightly-x8m8d-1534914823, networkLocation: /default-rack, certSerialId: null}931aa43a-3005-4ae9-bd51-950a6ab0f1a0{ip: 192.168.5.159, host: trunk-nightly-x8m8d-1534914823, networkLocation: /default-rack, certSerialId: null}, Type:RATIS, Factor:THREE, State:OPEN]
2019-07-13 22:36:36,378 INFO  impl.RaftServerProxy (RaftServerProxy.java:addNew(89)) - c76790ed-5c5b-4d4d-a5dc-fb4e5e696d3d: addNew group-7D501A796C5C:[4b315b76-54dd-4e3a-8b9a-0eb280f315a1:192.168.5.159:41812, c76790ed-5c5b-4d4d-a5dc-fb4e5e696d3d:192.168.5.159:35866, 90fad2f9-8619-403a-b387-4386a6a7dcfc:192.168.5.159:45766] returns group-7D501A796C5C:java.util.concurrent.CompletableFuture@3cf422e4[Not completed]
2019-07-13 22:36:36,378 INFO  impl.RaftServerProxy (RaftServerProxy.java:addNew(89)) - 4b315b76-54dd-4e3a-8b9a-0eb280f315a1: addNew group-7D501A796C5C:[4b315b76-54dd-4e3a-8b9a-0eb280f315a1:192.168.5.159:41812, c76790ed-5c5b-4d4d-a5dc-fb4e5e696d3d:192.168.5.159:35866, 90fad2f9-8619-403a-b387-4386a6a7dcfc:192.168.5.159:45766] returns group-7D501A796C5C:java.util.concurrent.CompletableFuture@25a70999[Not completed]
2019-07-13 22:36:36,380 INFO  impl.RaftServerProxy (RaftServerProxy.java:addNew(89)) - 90fad2f9-8619-403a-b387-4386a6a7dcfc: addNew group-7D501A796C5C:[4b315b76-54dd-4e3a-8b9a-0eb280f315a1:192.168.5.159:41812, c76790ed-5c5b-4d4d-a5dc-fb4e5e696d3d:192.168.5.159:35866, 90fad2f9-8619-403a-b387-4386a6a7dcfc:192.168.5.159:45766] returns group-7D501A796C5C:java.util.concurrent.CompletableFuture@4e507b32[Not completed]
2019-07-13 22:36:36,382 INFO  impl.RaftServerImpl (RaftServerImpl.java:<init>(93)) - c76790ed-5c5b-4d4d-a5dc-fb4e5e696d3d: new RaftServerImpl for group-7D501A796C5C:[4b315b76-54dd-4e3a-8b9a-0eb280f315a1:192.168.5.159:41812, c76790ed-5c5b-4d4d-a5dc-fb4e5e696d3d:192.168.5.159:35866, 90fad2f9-8619-403a-b387-4386a6a7dcfc:192.168.5.159:45766] with ContainerStateMachine:uninitialized
2019-07-13 22:36:36,382 INFO  server.RaftServerConfigKeys (ConfUtils.java:logGet(43)) - raft.server.rpc.timeout.min = 5s (custom)
2019-07-13 22:36:36,382 INFO  server.RaftServerConfigKeys (ConfUtils.java:logGet(43)) - raft.server.rpc.timeout.max = 5200ms (custom)
2019-07-13 22:36:36,382 INFO  server.RaftServerConfigKeys (ConfUtils.java:logGet(43)) - raft.server.rpcslowness.timeout = 120s (custom)
2019-07-13 22:36:36,383 INFO  server.RaftServerConfigKeys (ConfUtils.java:logGet(43)) - raft.server.sleep.deviation.threshold = 300 (default)
2019-07-13 22:36:36,383 INFO  server.RaftServerConfigKeys (ConfUtils.java:logGet(43)) - raft.server.log.appender.install.snapshot.enabled = false (custom)
2019-07-13 22:36:36,383 INFO  impl.RaftServerImpl (RaftServerImpl.java:<init>(93)) - 90fad2f9-8619-403a-b387-4386a6a7dcfc: new RaftServerImpl for group-7D501A796C5C:[4b315b76-54dd-4e3a-8b9a-0eb280f315a1:192.168.5.159:41812, c76790ed-5c5b-4d4d-a5dc-fb4e5e696d3d:192.168.5.159:35866, 90fad2f9-8619-403a-b387-4386a6a7dcfc:192.168.5.159:45766] with ContainerStateMachine:uninitialized
2019-07-13 22:36:36,383 INFO  impl.RaftServerImpl (ServerState.java:<init>(105)) - c76790ed-5c5b-4d4d-a5dc-fb4e5e696d3d:group-7D501A796C5C ConfigurationManager, init=-1: [4b315b76-54dd-4e3a-8b9a-0eb280f315a1:192.168.5.159:41812, c76790ed-5c5b-4d4d-a5dc-fb4e5e696d3d:192.168.5.159:35866, 90fad2f9-8619-403a-b387-4386a6a7dcfc:192.168.5.159:45766], old=null, confs=<EMPTY_MAP>
2019-07-13 22:36:36,383 INFO  server.RaftServerConfigKeys (ConfUtils.java:logGet(43)) - raft.server.rpc.timeout.min = 5s (custom)
2019-07-13 22:36:36,383 INFO  server.RaftServerConfigKeys (ConfUtils.java:logGet(43)) - raft.server.storage.dir = [/tmp/workdir/hadoop-ozone/integration-test/target/test-dir/MiniOzoneClusterImpl-40637dfe-807c-41e2-8a87-8c36a2d45a05/datanode-5/data/ratis] (custom)
2019-07-13 22:36:36,383 INFO  server.RaftServerConfigKeys (ConfUtils.java:logGet(43)) - raft.server.rpc.timeout.max = 5200ms (custom)
2019-07-13 22:36:36,384 INFO  server.RaftServerConfigKeys (ConfUtils.java:logGet(43)) - raft.server.rpcslowness.timeout = 120s (custom)
2019-07-13 22:36:36,384 INFO  storage.RaftStorageDirectory (RaftStorageDirectory.java:analyzeStorage(246)) - The storage directory /tmp/workdir/hadoop-ozone/integration-test/target/test-dir/MiniOzoneClusterImpl-40637dfe-807c-41e2-8a87-8c36a2d45a05/datanode-5/data/ratis/4eb935d6-f604-4748-aa33-7d501a796c5c does not exist. Creating ...
2019-07-13 22:36:36,384 INFO  impl.RaftServerImpl (RaftServerImpl.java:<init>(93)) - 4b315b76-54dd-4e3a-8b9a-0eb280f315a1: new RaftServerImpl for group-7D501A796C5C:[4b315b76-54dd-4e3a-8b9a-0eb280f315a1:192.168.5.159:41812, c76790ed-5c5b-4d4d-a5dc-fb4e5e696d3d:192.168.5.159:35866, 90fad2f9-8619-403a-b387-4386a6a7dcfc:192.168.5.159:45766] with ContainerStateMachine:uninitialized
2019-07-13 22:36:36,384 INFO  server.RaftServerConfigKeys (ConfUtils.java:logGet(43)) - raft.server.sleep.deviation.threshold = 300 (default)
2019-07-13 22:36:36,384 INFO  server.RaftServerConfigKeys (ConfUtils.java:logGet(43)) - raft.server.rpc.timeout.min = 5s (custom)
2019-07-13 22:36:36,384 INFO  server.RaftServerConfigKeys (ConfUtils.java:logGet(43)) - raft.server.log.appender.install.snapshot.enabled = false (custom)
2019-07-13 22:36:36,384 INFO  server.RaftServerConfigKeys (ConfUtils.java:logGet(43)) - raft.server.rpc.timeout.max = 5200ms (custom)
2019-07-13 22:36:36,385 INFO  impl.RaftServerImpl (ServerState.java:<init>(105)) - 90fad2f9-8619-403a-b387-4386a6a7dcfc:group-7D501A796C5C ConfigurationManager, init=-1: [4b315b76-54dd-4e3a-8b9a-0eb280f315a1:192.168.5.159:41812, c76790ed-5c5b-4d4d-a5dc-fb4e5e696d3d:192.168.5.159:35866, 90fad2f9-8619-403a-b387-4386a6a7dcfc:192.168.5.159:45766], old=null, confs=<EMPTY_MAP>
2019-07-13 22:36:36,385 INFO  server.RaftServerConfigKeys (ConfUtils.java:logGet(43)) - raft.server.rpcslowness.timeout = 120s (custom)
2019-07-13 22:36:36,385 INFO  server.RaftServerConfigKeys (ConfUtils.java:logGet(43)) - raft.server.storage.dir = [/tmp/workdir/hadoop-ozone/integration-test/target/test-dir/MiniOzoneClusterImpl-40637dfe-807c-41e2-8a87-8c36a2d45a05/datanode-0/data/ratis] (custom)
2019-07-13 22:36:36,385 INFO  server.RaftServerConfigKeys (ConfUtils.java:logGet(43)) - raft.server.sleep.deviation.threshold = 300 (default)
2019-07-13 22:36:36,385 INFO  server.RaftServerConfigKeys (ConfUtils.java:logGet(43)) - raft.server.log.appender.install.snapshot.enabled = false (custom)
2019-07-13 22:36:36,385 INFO  storage.RaftStorageDirectory (RaftStorageDirectory.java:analyzeStorage(246)) - The storage directory /tmp/workdir/hadoop-ozone/integration-test/target/test-dir/MiniOzoneClusterImpl-40637dfe-807c-41e2-8a87-8c36a2d45a05/datanode-0/data/ratis/4eb935d6-f604-4748-aa33-7d501a796c5c does not exist. Creating ...
2019-07-13 22:36:36,386 INFO  impl.RaftServerImpl (ServerState.java:<init>(105)) - 4b315b76-54dd-4e3a-8b9a-0eb280f315a1:group-7D501A796C5C ConfigurationManager, init=-1: [4b315b76-54dd-4e3a-8b9a-0eb280f315a1:192.168.5.159:41812, c76790ed-5c5b-4d4d-a5dc-fb4e5e696d3d:192.168.5.159:35866, 90fad2f9-8619-403a-b387-4386a6a7dcfc:192.168.5.159:45766], old=null, confs=<EMPTY_MAP>
2019-07-13 22:36:36,386 INFO  server.RaftServerConfigKeys (ConfUtils.java:logGet(43)) - raft.server.storage.dir = [/tmp/workdir/hadoop-ozone/integration-test/target/test-dir/MiniOzoneClusterImpl-40637dfe-807c-41e2-8a87-8c36a2d45a05/datanode-1/data/ratis] (custom)
2019-07-13 22:36:36,386 INFO  storage.RaftStorageDirectory (RaftStorageDirectory.java:analyzeStorage(246)) - The storage directory /tmp/workdir/hadoop-ozone/integration-test/target/test-dir/MiniOzoneClusterImpl-40637dfe-807c-41e2-8a87-8c36a2d45a05/datanode-1/data/ratis/4eb935d6-f604-4748-aa33-7d501a796c5c does not exist. Creating ...
2019-07-13 22:36:36,396 INFO  storage.RaftStorageDirectory (RaftStorageDirectory.java:tryLock(328)) - Lock on /tmp/workdir/hadoop-ozone/integration-test/target/test-dir/MiniOzoneClusterImpl-40637dfe-807c-41e2-8a87-8c36a2d45a05/datanode-0/data/ratis/4eb935d6-f604-4748-aa33-7d501a796c5c/in_use.lock acquired by nodename 19245@trunk-nightly-x8m8d-1534914823
2019-07-13 22:36:36,396 INFO  storage.RaftStorageDirectory (RaftStorageDirectory.java:tryLock(328)) - Lock on /tmp/workdir/hadoop-ozone/integration-test/target/test-dir/MiniOzoneClusterImpl-40637dfe-807c-41e2-8a87-8c36a2d45a05/datanode-1/data/ratis/4eb935d6-f604-4748-aa33-7d501a796c5c/in_use.lock acquired by nodename 19245@trunk-nightly-x8m8d-1534914823
2019-07-13 22:36:36,396 INFO  storage.RaftStorageDirectory (RaftStorageDirectory.java:tryLock(328)) - Lock on /tmp/workdir/hadoop-ozone/integration-test/target/test-dir/MiniOzoneClusterImpl-40637dfe-807c-41e2-8a87-8c36a2d45a05/datanode-5/data/ratis/4eb935d6-f604-4748-aa33-7d501a796c5c/in_use.lock acquired by nodename 19245@trunk-nightly-x8m8d-1534914823
2019-07-13 22:36:36,407 INFO  storage.RaftStorage (RaftStorage.java:format(72)) - Storage directory /tmp/workdir/hadoop-ozone/integration-test/target/test-dir/MiniOzoneClusterImpl-40637dfe-807c-41e2-8a87-8c36a2d45a05/datanode-0/data/ratis/4eb935d6-f604-4748-aa33-7d501a796c5c has been successfully formatted.
2019-07-13 22:36:36,408 INFO  storage.RaftStorage (RaftStorage.java:format(72)) - Storage directory /tmp/workdir/hadoop-ozone/integration-test/target/test-dir/MiniOzoneClusterImpl-40637dfe-807c-41e2-8a87-8c36a2d45a05/datanode-5/data/ratis/4eb935d6-f604-4748-aa33-7d501a796c5c has been successfully formatted.
2019-07-13 22:36:36,408 INFO  storage.RaftStorage (RaftStorage.java:format(72)) - Storage directory /tmp/workdir/hadoop-ozone/integration-test/target/test-dir/MiniOzoneClusterImpl-40637dfe-807c-41e2-8a87-8c36a2d45a05/datanode-1/data/ratis/4eb935d6-f604-4748-aa33-7d501a796c5c has been successfully formatted.
2019-07-13 22:36:36,408 INFO  ratis.ContainerStateMachine (ContainerStateMachine.java:loadSnapshot(200)) - The snapshot info is null.Setting the last applied index to:(t:0, i:~)
2019-07-13 22:36:36,408 INFO  ratis.ContainerStateMachine (ContainerStateMachine.java:loadSnapshot(200)) - The snapshot info is null.Setting the last applied index to:(t:0, i:~)
2019-07-13 22:36:36,408 INFO  server.RaftServerConfigKeys (ConfUtils.java:logGet(43)) - raft.server.leader.election.timeout = 120s (custom)
2019-07-13 22:36:36,408 INFO  ratis.ContainerStateMachine (ContainerStateMachine.java:loadSnapshot(200)) - The snapshot info is null.Setting the last applied index to:(t:0, i:~)
2019-07-13 22:36:36,408 INFO  server.RaftServerConfigKeys (ConfUtils.java:logGet(43)) - raft.server.log.use.memory = false (default)
2019-07-13 22:36:36,408 INFO  server.RaftServerConfigKeys (ConfUtils.java:logGet(43)) - raft.server.leader.election.timeout = 120s (custom)
2019-07-13 22:36:36,409 INFO  server.RaftServerConfigKeys (ConfUtils.java:logGet(43)) - raft.server.log.purge.gap = 1000000000 (custom)
2019-07-13 22:36:36,409 INFO  server.RaftServerConfigKeys (ConfUtils.java:logGet(43)) - raft.server.log.appender.buffer.byte-limit = 33554432 (custom)
2019-07-13 22:36:36,409 INFO  server.RaftServerConfigKeys (ConfUtils.java:logGet(43)) - raft.server.leader.election.timeout = 120s (custom)
2019-07-13 22:36:36,409 INFO  server.RaftServerConfigKeys (ConfUtils.java:logGet(43)) - raft.server.log.segment.size.max = 1048576 (custom)
2019-07-13 22:36:36,409 INFO  server.RaftServerConfigKeys (ConfUtils.java:logGet(43)) - raft.server.log.use.memory = false (default)
2019-07-13 22:36:36,409 INFO  server.RaftServerConfigKeys (ConfUtils.java:logGet(43)) - raft.server.log.segment.cache.num.max = 2 (custom)
2019-07-13 22:36:36,409 INFO  server.RaftServerConfigKeys (ConfUtils.java:logGet(43)) - raft.server.log.use.memory = false (default)
2019-07-13 22:36:36,410 INFO  segmented.SegmentedRaftLogWorker (SegmentedRaftLogWorker.java:<init>(172)) - new c76790ed-5c5b-4d4d-a5dc-fb4e5e696d3d-SegmentedRaftLogWorker:Storage Directory /tmp/workdir/hadoop-ozone/integration-test/target/test-dir/MiniOzoneClusterImpl-40637dfe-807c-41e2-8a87-8c36a2d45a05/datanode-5/data/ratis/4eb935d6-f604-4748-aa33-7d501a796c5c for RaftStorage:Storage Directory /tmp/workdir/hadoop-ozone/integration-test/target/test-dir/MiniOzoneClusterImpl-40637dfe-807c-41e2-8a87-8c36a2d45a05/datanode-5/data/ratis/4eb935d6-f604-4748-aa33-7d501a796c5c
2019-07-13 22:36:36,410 INFO  server.RaftServerConfigKeys (ConfUtils.java:logGet(43)) - raft.server.log.purge.gap = 1000000000 (custom)
2019-07-13 22:36:36,410 INFO  server.RaftServerConfigKeys (ConfUtils.java:logGet(43)) - raft.server.log.queue.byte-limit = 2147483647 (custom)
2019-07-13 22:36:36,410 INFO  server.RaftServerConfigKeys (ConfUtils.java:logGet(43)) - raft.server.log.purge.gap = 1000000000 (custom)
2019-07-13 22:36:36,413 INFO  server.RaftServerConfigKeys (ConfUtils.java:logGet(43)) - raft.server.log.queue.element-limit = 1024 (custom)
2019-07-13 22:36:36,410 INFO  server.RaftServerConfigKeys (ConfUtils.java:logGet(43)) - raft.server.log.appender.buffer.byte-limit = 33554432 (custom)
2019-07-13 22:36:36,413 INFO  server.RaftServerConfigKeys (ConfUtils.java:logGet(43)) - raft.server.log.segment.size.max = 1048576 (custom)
2019-07-13 22:36:36,413 INFO  server.RaftServerConfigKeys (ConfUtils.java:logGet(43)) - raft.server.log.appender.buffer.byte-limit = 33554432 (custom)
2019-07-13 22:36:36,413 INFO  server.RaftServerConfigKeys (ConfUtils.java:logGet(43)) - raft.server.log.preallocated.size = 16384 (custom)
2019-07-13 22:36:36,413 INFO  server.RaftServerConfigKeys (ConfUtils.java:logGet(43)) - raft.server.log.segment.size.max = 1048576 (custom)
2019-07-13 22:36:36,414 INFO  server.RaftServerConfigKeys (ConfUtils.java:logGet(43)) - raft.server.log.write.buffer.size = 33554432 (custom)
2019-07-13 22:36:36,413 INFO  server.RaftServerConfigKeys (ConfUtils.java:logGet(43)) - raft.server.log.segment.size.max = 1048576 (custom)
2019-07-13 22:36:36,414 INFO  server.RaftServerConfigKeys (ConfUtils.java:logGet(43)) - raft.server.log.force.sync.num = 128 (default)
2019-07-13 22:36:36,414 INFO  server.RaftServerConfigKeys (ConfUtils.java:logGet(43)) - raft.server.log.segment.cache.num.max = 2 (custom)
2019-07-13 22:36:36,414 INFO  server.RaftServerConfigKeys (ConfUtils.java:logGet(43)) - raft.server.log.statemachine.data.sync = true (default)
2019-07-13 22:36:36,414 INFO  server.RaftServerConfigKeys (ConfUtils.java:logGet(43)) - raft.server.log.segment.cache.num.max = 2 (custom)
2019-07-13 22:36:36,414 INFO  server.RaftServerConfigKeys (ConfUtils.java:logGet(43)) - raft.server.log.statemachine.data.sync.timeout = 10s (default)
2019-07-13 22:36:36,414 INFO  segmented.SegmentedRaftLogWorker (SegmentedRaftLogWorker.java:<init>(172)) - new 90fad2f9-8619-403a-b387-4386a6a7dcfc-SegmentedRaftLogWorker:Storage Directory /tmp/workdir/hadoop-ozone/integration-test/target/test-dir/MiniOzoneClusterImpl-40637dfe-807c-41e2-8a87-8c36a2d45a05/datanode-0/data/ratis/4eb935d6-f604-4748-aa33-7d501a796c5c for RaftStorage:Storage Directory /tmp/workdir/hadoop-ozone/integration-test/target/test-dir/MiniOzoneClusterImpl-40637dfe-807c-41e2-8a87-8c36a2d45a05/datanode-0/data/ratis/4eb935d6-f604-4748-aa33-7d501a796c5c
2019-07-13 22:36:36,415 INFO  server.RaftServerConfigKeys (ConfUtils.java:logGet(43)) - raft.server.log.statemachine.data.sync.timeout.retry = -1 (default)
2019-07-13 22:36:36,415 INFO  segmented.SegmentedRaftLogWorker (SegmentedRaftLogWorker.java:<init>(172)) - new 4b315b76-54dd-4e3a-8b9a-0eb280f315a1-SegmentedRaftLogWorker:Storage Directory /tmp/workdir/hadoop-ozone/integration-test/target/test-dir/MiniOzoneClusterImpl-40637dfe-807c-41e2-8a87-8c36a2d45a05/datanode-1/data/ratis/4eb935d6-f604-4748-aa33-7d501a796c5c for RaftStorage:Storage Directory /tmp/workdir/hadoop-ozone/integration-test/target/test-dir/MiniOzoneClusterImpl-40637dfe-807c-41e2-8a87-8c36a2d45a05/datanode-1/data/ratis/4eb935d6-f604-4748-aa33-7d501a796c5c
2019-07-13 22:36:36,417 INFO  server.RaftServerConfigKeys (ConfUtils.java:logGet(43)) - raft.server.log.statemachine.data.caching.enabled = true (custom)
2019-07-13 22:36:36,415 INFO  server.RaftServerConfigKeys (ConfUtils.java:logGet(43)) - raft.server.log.queue.byte-limit = 2147483647 (custom)
2019-07-13 22:36:36,420 INFO  segmented.SegmentedRaftLogWorker (SegmentedRaftLogWorker.java:lambda$new$0(132)) - c76790ed-5c5b-4d4d-a5dc-fb4e5e696d3d-SegmentedRaftLogWorker:Storage Directory /tmp/workdir/hadoop-ozone/integration-test/target/test-dir/MiniOzoneClusterImpl-40637dfe-807c-41e2-8a87-8c36a2d45a05/datanode-5/data/ratis/4eb935d6-f604-4748-aa33-7d501a796c5c: flushIndex: setUnconditionally 0 -> -1
2019-07-13 22:36:36,417 INFO  server.RaftServerConfigKeys (ConfUtils.java:logGet(43)) - raft.server.log.queue.byte-limit = 2147483647 (custom)
2019-07-13 22:36:36,420 INFO  server.RaftServerConfigKeys (ConfUtils.java:logGet(43)) - raft.server.snapshot.auto.trigger.enabled = true (custom)
2019-07-13 22:36:36,420 INFO  server.RaftServerConfigKeys (ConfUtils.java:logGet(43)) - raft.server.log.queue.element-limit = 1024 (custom)
2019-07-13 22:36:36,420 INFO  server.RaftServerConfigKeys (ConfUtils.java:logGet(43)) - raft.server.log.queue.element-limit = 1024 (custom)
2019-07-13 22:36:36,420 INFO  server.RaftServerConfigKeys (ConfUtils.java:logGet(43)) - raft.server.snapshot.auto.trigger.threshold = 10000 (custom)
2019-07-13 22:36:36,421 INFO  server.RaftServerConfigKeys (ConfUtils.java:logGet(43)) - raft.server.log.segment.size.max = 1048576 (custom)
2019-07-13 22:36:36,421 INFO  server.RaftServerConfigKeys (ConfUtils.java:logGet(43)) - raft.server.log.segment.size.max = 1048576 (custom)
2019-07-13 22:36:36,421 INFO  server.RaftServerConfigKeys (ConfUtils.java:logGet(43)) - raft.server.log.preallocated.size = 16384 (custom)
2019-07-13 22:36:36,421 INFO  server.RaftServerConfigKeys (ConfUtils.java:logGet(43)) - raft.server.retrycache.expirytime = 600000ms (custom)
2019-07-13 22:36:36,421 INFO  server.RaftServerConfigKeys (ConfUtils.java:logGet(43)) - raft.server.log.write.buffer.size = 33554432 (custom)
2019-07-13 22:36:36,421 INFO  server.RaftServerConfigKeys (ConfUtils.java:logGet(43)) - raft.server.log.preallocated.size = 16384 (custom)
2019-07-13 22:36:36,422 INFO  server.RaftServerConfigKeys (ConfUtils.java:logGet(43)) - raft.server.log.force.sync.num = 128 (default)
2019-07-13 22:36:36,422 INFO  impl.RaftServerImpl (RaftServerImpl.java:start(180)) - c76790ed-5c5b-4d4d-a5dc-fb4e5e696d3d: start group-7D501A796C5C
2019-07-13 22:36:36,422 INFO  server.RaftServerConfigKeys (ConfUtils.java:logGet(43)) - raft.server.log.statemachine.data.sync = true (default)
2019-07-13 22:36:36,422 INFO  server.RaftServerConfigKeys (ConfUtils.java:logGet(43)) - raft.server.log.write.buffer.size = 33554432 (custom)
2019-07-13 22:36:36,422 INFO  server.RaftServerConfigKeys (ConfUtils.java:logGet(43)) - raft.server.log.statemachine.data.sync.timeout = 10s (default)
2019-07-13 22:36:36,422 INFO  impl.RaftServerImpl (RaftServerImpl.java:setRole(171)) - c76790ed-5c5b-4d4d-a5dc-fb4e5e696d3d:group-7D501A796C5C changes role from null to FOLLOWER at term 0 for startAsFollower
2019-07-13 22:36:36,423 INFO  server.RaftServerConfigKeys (ConfUtils.java:logGet(43)) - raft.server.log.statemachine.data.sync.timeout.retry = -1 (default)
2019-07-13 22:36:36,423 INFO  server.RaftServerConfigKeys (ConfUtils.java:logGet(43)) - raft.server.log.force.sync.num = 128 (default)
2019-07-13 22:36:36,423 INFO  server.RaftServerConfigKeys (ConfUtils.java:logGet(43)) - raft.server.log.statemachine.data.caching.enabled = true (custom)
2019-07-13 22:36:36,423 INFO  impl.RoleInfo (RoleInfo.java:updateAndGet(143)) - c76790ed-5c5b-4d4d-a5dc-fb4e5e696d3d: start FollowerState
2019-07-13 22:36:36,423 INFO  server.RaftServerConfigKeys (ConfUtils.java:logGet(43)) - raft.server.log.statemachine.data.sync = true (default)
2019-07-13 22:36:36,424 INFO  segmented.SegmentedRaftLogWorker (SegmentedRaftLogWorker.java:lambda$new$0(132)) - 4b315b76-54dd-4e3a-8b9a-0eb280f315a1-SegmentedRaftLogWorker:Storage Directory /tmp/workdir/hadoop-ozone/integration-test/target/test-dir/MiniOzoneClusterImpl-40637dfe-807c-41e2-8a87-8c36a2d45a05/datanode-1/data/ratis/4eb935d6-f604-4748-aa33-7d501a796c5c: flushIndex: setUnconditionally 0 -> -1
2019-07-13 22:36:36,424 INFO  util.JmxRegister (JmxRegister.java:tryRegister(44)) - Successfully registered JMX Bean with object name Ratis:service=RaftServer,group=group-7D501A796C5C,id=c76790ed-5c5b-4d4d-a5dc-fb4e5e696d3d
2019-07-13 22:36:36,424 INFO  server.RaftServerConfigKeys (ConfUtils.java:logGet(43)) - raft.server.log.statemachine.data.sync.timeout = 10s (default)
2019-07-13 22:36:36,424 INFO  server.RaftServerConfigKeys (ConfUtils.java:logGet(43)) - raft.server.snapshot.auto.trigger.enabled = true (custom)
2019-07-13 22:36:36,424 INFO  server.RaftServerConfigKeys (ConfUtils.java:logGet(43)) - raft.server.log.statemachine.data.sync.timeout.retry = -1 (default)
2019-07-13 22:36:36,425 INFO  server.RaftServerConfigKeys (ConfUtils.java:logGet(43)) - raft.server.snapshot.auto.trigger.threshold = 10000 (custom)
2019-07-13 22:36:36,425 INFO  server.RaftServerConfigKeys (ConfUtils.java:logGet(43)) - raft.server.log.statemachine.data.caching.enabled = true (custom)
2019-07-13 22:36:36,425 INFO  server.RaftServerConfigKeys (ConfUtils.java:logGet(43)) - raft.server.retrycache.expirytime = 600000ms (custom)
2019-07-13 22:36:36,425 INFO  segmented.SegmentedRaftLogWorker (SegmentedRaftLogWorker.java:lambda$new$0(132)) - 90fad2f9-8619-403a-b387-4386a6a7dcfc-SegmentedRaftLogWorker:Storage Directory /tmp/workdir/hadoop-ozone/integration-test/target/test-dir/MiniOzoneClusterImpl-40637dfe-807c-41e2-8a87-8c36a2d45a05/datanode-0/data/ratis/4eb935d6-f604-4748-aa33-7d501a796c5c: flushIndex: setUnconditionally 0 -> -1
2019-07-13 22:36:36,425 INFO  impl.RaftServerImpl (RaftServerImpl.java:start(180)) - 4b315b76-54dd-4e3a-8b9a-0eb280f315a1: start group-7D501A796C5C
2019-07-13 22:36:36,426 INFO  impl.RaftServerImpl (RaftServerImpl.java:setRole(171)) - 4b315b76-54dd-4e3a-8b9a-0eb280f315a1:group-7D501A796C5C changes role from null to FOLLOWER at term 0 for startAsFollower
2019-07-13 22:36:36,426 INFO  server.RaftServerConfigKeys (ConfUtils.java:logGet(43)) - raft.server.snapshot.auto.trigger.enabled = true (custom)
2019-07-13 22:36:36,426 INFO  impl.RoleInfo (RoleInfo.java:updateAndGet(143)) - 4b315b76-54dd-4e3a-8b9a-0eb280f315a1: start FollowerState
2019-07-13 22:36:36,426 INFO  server.RaftServerConfigKeys (ConfUtils.java:logGet(43)) - raft.server.snapshot.auto.trigger.threshold = 10000 (custom)
2019-07-13 22:36:36,428 INFO  server.RaftServerConfigKeys (ConfUtils.java:logGet(43)) - raft.server.retrycache.expirytime = 600000ms (custom)
2019-07-13 22:36:36,428 INFO  util.JmxRegister (JmxRegister.java:tryRegister(44)) - Successfully registered JMX Bean with object name Ratis:service=RaftServer,group=group-7D501A796C5C,id=4b315b76-54dd-4e3a-8b9a-0eb280f315a1
2019-07-13 22:36:36,429 INFO  impl.RaftServerImpl (RaftServerImpl.java:start(180)) - 90fad2f9-8619-403a-b387-4386a6a7dcfc: start group-7D501A796C5C
2019-07-13 22:36:36,431 INFO  impl.RaftServerImpl (RaftServerImpl.java:setRole(171)) - 90fad2f9-8619-403a-b387-4386a6a7dcfc:group-7D501A796C5C changes role from null to FOLLOWER at term 0 for startAsFollower
2019-07-13 22:36:36,431 INFO  impl.RoleInfo (RoleInfo.java:updateAndGet(143)) - 90fad2f9-8619-403a-b387-4386a6a7dcfc: start FollowerState
2019-07-13 22:36:36,436 INFO  util.JmxRegister (JmxRegister.java:tryRegister(44)) - Successfully registered JMX Bean with object name Ratis:service=RaftServer,group=group-7D501A796C5C,id=90fad2f9-8619-403a-b387-4386a6a7dcfc
2019-07-13 22:36:36,457 INFO  pipeline.PipelineStateManager (PipelineStateManager.java:addPipeline(56)) - Created pipeline Pipeline[ Id: 4eb935d6-f604-4748-aa33-7d501a796c5c, Nodes: 90fad2f9-8619-403a-b387-4386a6a7dcfc{ip: 192.168.5.159, host: trunk-nightly-x8m8d-1534914823, networkLocation: /default-rack, certSerialId: null}4b315b76-54dd-4e3a-8b9a-0eb280f315a1{ip: 192.168.5.159, host: trunk-nightly-x8m8d-1534914823, networkLocation: /default-rack, certSerialId: null}c76790ed-5c5b-4d4d-a5dc-fb4e5e696d3d{ip: 192.168.5.159, host: trunk-nightly-x8m8d-1534914823, networkLocation: /default-rack, certSerialId: null}, Type:RATIS, Factor:THREE, State:OPEN]
2019-07-13 22:36:37,023 INFO  ozone.MiniOzoneClusterImpl (MiniOzoneClusterImpl.java:lambda$waitForClusterToBeReady$0(142)) - Cluster is ready. Got 7 of 7 DN Heartbeats.
2019-07-13 22:36:37,356 INFO  rpc.RpcClient (RpcClient.java:createVolume(287)) - Creating Volume: watchforcommithandlingtest, with jenkins1000 as owner.
2019-07-13 22:36:37,405 INFO  rpc.RpcClient (RpcClient.java:createBucket(424)) - Creating Bucket: watchforcommithandlingtest/watchforcommithandlingtest, with Versioning false and Storage Type set to DISK and Encryption set to false 
2019-07-13 22:36:37,422 INFO  ozone.MiniOzoneClusterImpl (MiniOzoneClusterImpl.java:getStorageContainerLocationClient(241)) - Creating StorageContainerLocationProtocol RPC client with address /0.0.0.0:46860
2019-07-13 22:36:37,617 INFO  container.ReplicationManager (ReplicationManager.java:start(155)) - Starting Replication Monitor Thread.
2019-07-13 22:36:37,623 INFO  container.ReplicationManager (ReplicationManager.java:run(207)) - Replication Monitor Thread took 4 milliseconds for processing 1 containers.
2019-07-13 22:36:37,683 INFO  client.GrpcClientProtocolClient (GrpcClientProtocolClient.java:onNext(255)) - client-7BE6B2320197->bf9e593e-7983-4fed-9d6c-fff1d62489b6: receive RaftClientReply:client-7BE6B2320197->bf9e593e-7983-4fed-9d6c-fff1d62489b6@group-4C38967AC463, cid=13, FAILED org.apache.ratis.protocol.NotLeaderException: Server bf9e593e-7983-4fed-9d6c-fff1d62489b6 is not the leader (null). Request must be sent to leader., logIndex=0, commits[bf9e593e-7983-4fed-9d6c-fff1d62489b6:c-1]
2019-07-13 22:36:38,731 INFO  client.GrpcClientProtocolClient (GrpcClientProtocolClient.java:onNext(255)) - client-7BE6B2320197->931aa43a-3005-4ae9-bd51-950a6ab0f1a0: receive RaftClientReply:client-7BE6B2320197->931aa43a-3005-4ae9-bd51-950a6ab0f1a0@group-4C38967AC463, cid=13, FAILED org.apache.ratis.protocol.NotLeaderException: Server 931aa43a-3005-4ae9-bd51-950a6ab0f1a0 is not the leader (null). Request must be sent to leader., logIndex=0, commits[931aa43a-3005-4ae9-bd51-950a6ab0f1a0:c-1]
2019-07-13 22:36:39,759 INFO  client.GrpcClientProtocolClient (GrpcClientProtocolClient.java:onNext(255)) - client-7BE6B2320197->bf9e593e-7983-4fed-9d6c-fff1d62489b6: receive RaftClientReply:client-7BE6B2320197->bf9e593e-7983-4fed-9d6c-fff1d62489b6@group-4C38967AC463, cid=13, FAILED org.apache.ratis.protocol.NotLeaderException: Server bf9e593e-7983-4fed-9d6c-fff1d62489b6 is not the leader (null). Request must be sent to leader., logIndex=0, commits[bf9e593e-7983-4fed-9d6c-fff1d62489b6:c-1]
2019-07-13 22:36:40,787 INFO  client.GrpcClientProtocolClient (GrpcClientProtocolClient.java:onNext(255)) - client-7BE6B2320197->7c51e767-727f-44cf-ac53-49a5938351e1: receive RaftClientReply:client-7BE6B2320197->7c51e767-727f-44cf-ac53-49a5938351e1@group-4C38967AC463, cid=13, FAILED org.apache.ratis.protocol.NotLeaderException: Server 7c51e767-727f-44cf-ac53-49a5938351e1 is not the leader (null). Request must be sent to leader., logIndex=0, commits[7c51e767-727f-44cf-ac53-49a5938351e1:c-1]
2019-07-13 22:36:40,830 INFO  impl.FollowerState (FollowerState.java:run(106)) - 90fad2f9-8619-403a-b387-4386a6a7dcfc:group-DF8CDF2D5803 changes to CANDIDATE, lastRpcTime:5116, electionTimeout:5116ms
2019-07-13 22:36:40,830 INFO  impl.RoleInfo (RoleInfo.java:shutdownFollowerState(121)) - 90fad2f9-8619-403a-b387-4386a6a7dcfc: shutdown FollowerState
2019-07-13 22:36:40,830 INFO  impl.RaftServerImpl (RaftServerImpl.java:setRole(171)) - 90fad2f9-8619-403a-b387-4386a6a7dcfc:group-DF8CDF2D5803 changes role from FOLLOWER to CANDIDATE at term 0 for changeToCandidate
2019-07-13 22:36:40,834 INFO  impl.RoleInfo (RoleInfo.java:updateAndGet(143)) - 90fad2f9-8619-403a-b387-4386a6a7dcfc: start LeaderElection
2019-07-13 22:36:40,854 INFO  impl.LeaderElection (LeaderElection.java:askForVotes(181)) - 90fad2f9-8619-403a-b387-4386a6a7dcfc:group-DF8CDF2D5803:LeaderElection1: begin an election at term 1 for -1: [90fad2f9-8619-403a-b387-4386a6a7dcfc:192.168.5.159:45766], old=null
2019-07-13 22:36:40,856 INFO  impl.RoleInfo (RoleInfo.java:shutdownLeaderElection(134)) - 90fad2f9-8619-403a-b387-4386a6a7dcfc: shutdown LeaderElection
2019-07-13 22:36:40,857 INFO  impl.RaftServerImpl (RaftServerImpl.java:setRole(171)) - 90fad2f9-8619-403a-b387-4386a6a7dcfc:group-DF8CDF2D5803 changes role from CANDIDATE to LEADER at term 1 for changeToLeader
2019-07-13 22:36:40,857 INFO  impl.RaftServerImpl (ServerState.java:setLeader(263)) - 90fad2f9-8619-403a-b387-4386a6a7dcfc:group-DF8CDF2D5803 change Leader from null to 90fad2f9-8619-403a-b387-4386a6a7dcfc at term 1 for becomeLeader, leader elected after 5234ms
2019-07-13 22:36:40,866 INFO  server.RaftServerConfigKeys (ConfUtils.java:logGet(43)) - raft.server.staging.catchup.gap = 1000 (default)
2019-07-13 22:36:40,866 INFO  server.RaftServerConfigKeys (ConfUtils.java:logGet(43)) - raft.server.rpc.sleep.time = 25ms (default)
2019-07-13 22:36:40,870 INFO  server.RaftServerConfigKeys (ConfUtils.java:logGet(43)) - raft.server.write.element-limit = 4096 (default)
2019-07-13 22:36:40,873 INFO  server.RaftServerConfigKeys (ConfUtils.java:logGet(43)) - raft.server.watch.timeout = 10s (default)
2019-07-13 22:36:40,874 INFO  server.RaftServerConfigKeys (ConfUtils.java:logGet(43)) - raft.server.watch.timeout.denomination = 1s (default)
2019-07-13 22:36:40,875 INFO  server.RaftServerConfigKeys (ConfUtils.java:logGet(43)) - raft.server.watch.element-limit = 65536 (default)
2019-07-13 22:36:40,887 INFO  impl.RoleInfo (RoleInfo.java:updateAndGet(143)) - 90fad2f9-8619-403a-b387-4386a6a7dcfc: start LeaderState
2019-07-13 22:36:40,915 INFO  segmented.SegmentedRaftLogWorker (SegmentedRaftLogWorker.java:startLogSegment(380)) - 90fad2f9-8619-403a-b387-4386a6a7dcfc-SegmentedRaftLogWorker:Storage Directory /tmp/workdir/hadoop-ozone/integration-test/target/test-dir/MiniOzoneClusterImpl-40637dfe-807c-41e2-8a87-8c36a2d45a05/datanode-0/data/ratis/478f5df5-5092-440d-aa37-df8cdf2d5803: Starting segment from index:0
2019-07-13 22:36:40,925 INFO  impl.RaftServerImpl (ServerState.java:setRaftConf(361)) - 90fad2f9-8619-403a-b387-4386a6a7dcfc:group-DF8CDF2D5803 set configuration 0: [90fad2f9-8619-403a-b387-4386a6a7dcfc:192.168.5.159:45766], old=null at 0
2019-07-13 22:36:40,987 INFO  impl.FollowerState (FollowerState.java:run(106)) - bf9e593e-7983-4fed-9d6c-fff1d62489b6:group-7FAEF086F0EA changes to CANDIDATE, lastRpcTime:5074, electionTimeout:5073ms
2019-07-13 22:36:40,989 INFO  impl.RoleInfo (RoleInfo.java:shutdownFollowerState(121)) - bf9e593e-7983-4fed-9d6c-fff1d62489b6: shutdown FollowerState
2019-07-13 22:36:40,990 INFO  impl.RaftServerImpl (RaftServerImpl.java:setRole(171)) - bf9e593e-7983-4fed-9d6c-fff1d62489b6:group-7FAEF086F0EA changes role from FOLLOWER to CANDIDATE at term 0 for changeToCandidate
2019-07-13 22:36:40,990 INFO  impl.RoleInfo (RoleInfo.java:updateAndGet(143)) - bf9e593e-7983-4fed-9d6c-fff1d62489b6: start LeaderElection
2019-07-13 22:36:41,010 INFO  impl.LeaderElection (LeaderElection.java:askForVotes(181)) - bf9e593e-7983-4fed-9d6c-fff1d62489b6:group-7FAEF086F0EA:LeaderElection2: begin an election at term 1 for -1: [bf9e593e-7983-4fed-9d6c-fff1d62489b6:192.168.5.159:41407], old=null
2019-07-13 22:36:41,010 INFO  impl.RoleInfo (RoleInfo.java:shutdownLeaderElection(134)) - bf9e593e-7983-4fed-9d6c-fff1d62489b6: shutdown LeaderElection
2019-07-13 22:36:41,010 INFO  impl.RaftServerImpl (RaftServerImpl.java:setRole(171)) - bf9e593e-7983-4fed-9d6c-fff1d62489b6:group-7FAEF086F0EA changes role from CANDIDATE to LEADER at term 1 for changeToLeader
2019-07-13 22:36:41,010 INFO  impl.RaftServerImpl (ServerState.java:setLeader(263)) - bf9e593e-7983-4fed-9d6c-fff1d62489b6:group-7FAEF086F0EA change Leader from null to bf9e593e-7983-4fed-9d6c-fff1d62489b6 at term 1 for becomeLeader, leader elected after 5105ms
2019-07-13 22:36:41,010 INFO  server.RaftServerConfigKeys (ConfUtils.java:logGet(43)) - raft.server.staging.catchup.gap = 1000 (default)
2019-07-13 22:36:41,010 INFO  server.RaftServerConfigKeys (ConfUtils.java:logGet(43)) - raft.server.rpc.sleep.time = 25ms (default)
2019-07-13 22:36:41,011 INFO  server.RaftServerConfigKeys (ConfUtils.java:logGet(43)) - raft.server.write.element-limit = 4096 (default)
2019-07-13 22:36:41,011 INFO  server.RaftServerConfigKeys (ConfUtils.java:logGet(43)) - raft.server.watch.timeout = 10s (default)
2019-07-13 22:36:41,013 INFO  server.RaftServerConfigKeys (ConfUtils.java:logGet(43)) - raft.server.watch.timeout.denomination = 1s (default)
2019-07-13 22:36:41,013 INFO  server.RaftServerConfigKeys (ConfUtils.java:logGet(43)) - raft.server.watch.element-limit = 65536 (default)
2019-07-13 22:36:41,014 INFO  impl.RoleInfo (RoleInfo.java:updateAndGet(143)) - bf9e593e-7983-4fed-9d6c-fff1d62489b6: start LeaderState
2019-07-13 22:36:41,014 INFO  segmented.SegmentedRaftLogWorker (SegmentedRaftLogWorker.java:startLogSegment(380)) - bf9e593e-7983-4fed-9d6c-fff1d62489b6-SegmentedRaftLogWorker:Storage Directory /tmp/workdir/hadoop-ozone/integration-test/target/test-dir/MiniOzoneClusterImpl-40637dfe-807c-41e2-8a87-8c36a2d45a05/datanode-4/data/ratis/c4c56116-07fb-4e94-bb2f-7faef086f0ea: Starting segment from index:0
2019-07-13 22:36:41,015 INFO  impl.RaftServerImpl (ServerState.java:setRaftConf(361)) - bf9e593e-7983-4fed-9d6c-fff1d62489b6:group-7FAEF086F0EA set configuration 0: [bf9e593e-7983-4fed-9d6c-fff1d62489b6:192.168.5.159:41407], old=null at 0
2019-07-13 22:36:41,126 INFO  impl.FollowerState (FollowerState.java:run(106)) - 4b315b76-54dd-4e3a-8b9a-0eb280f315a1:group-4E8296B4B27C changes to CANDIDATE, lastRpcTime:5089, electionTimeout:5089ms
2019-07-13 22:36:41,126 INFO  impl.RoleInfo (RoleInfo.java:shutdownFollowerState(121)) - 4b315b76-54dd-4e3a-8b9a-0eb280f315a1: shutdown FollowerState
2019-07-13 22:36:41,126 INFO  impl.RaftServerImpl (RaftServerImpl.java:setRole(171)) - 4b315b76-54dd-4e3a-8b9a-0eb280f315a1:group-4E8296B4B27C changes role from FOLLOWER to CANDIDATE at term 0 for changeToCandidate
2019-07-13 22:36:41,126 INFO  impl.RoleInfo (RoleInfo.java:updateAndGet(143)) - 4b315b76-54dd-4e3a-8b9a-0eb280f315a1: start LeaderElection
2019-07-13 22:36:41,133 INFO  segmented.SegmentedRaftLogWorker (SegmentedRaftLogWorker.java:execute(569)) - 90fad2f9-8619-403a-b387-4386a6a7dcfc-SegmentedRaftLogWorker:Storage Directory /tmp/workdir/hadoop-ozone/integration-test/target/test-dir/MiniOzoneClusterImpl-40637dfe-807c-41e2-8a87-8c36a2d45a05/datanode-0/data/ratis/478f5df5-5092-440d-aa37-df8cdf2d5803: created new log segment /tmp/workdir/hadoop-ozone/integration-test/target/test-dir/MiniOzoneClusterImpl-40637dfe-807c-41e2-8a87-8c36a2d45a05/datanode-0/data/ratis/478f5df5-5092-440d-aa37-df8cdf2d5803/current/log_inprogress_0
2019-07-13 22:36:41,133 INFO  segmented.SegmentedRaftLogWorker (SegmentedRaftLogWorker.java:execute(569)) - bf9e593e-7983-4fed-9d6c-fff1d62489b6-SegmentedRaftLogWorker:Storage Directory /tmp/workdir/hadoop-ozone/integration-test/target/test-dir/MiniOzoneClusterImpl-40637dfe-807c-41e2-8a87-8c36a2d45a05/datanode-4/data/ratis/c4c56116-07fb-4e94-bb2f-7faef086f0ea: created new log segment /tmp/workdir/hadoop-ozone/integration-test/target/test-dir/MiniOzoneClusterImpl-40637dfe-807c-41e2-8a87-8c36a2d45a05/datanode-4/data/ratis/c4c56116-07fb-4e94-bb2f-7faef086f0ea/current/log_inprogress_0
2019-07-13 22:36:41,138 INFO  impl.FollowerState (FollowerState.java:run(106)) - 931aa43a-3005-4ae9-bd51-950a6ab0f1a0:group-5D76CFC82C2C changes to CANDIDATE, lastRpcTime:5158, electionTimeout:5158ms
2019-07-13 22:36:41,140 INFO  impl.RoleInfo (RoleInfo.java:shutdownFollowerState(121)) - 931aa43a-3005-4ae9-bd51-950a6ab0f1a0: shutdown FollowerState
2019-07-13 22:36:41,140 INFO  impl.RaftServerImpl (RaftServerImpl.java:setRole(171)) - 931aa43a-3005-4ae9-bd51-950a6ab0f1a0:group-5D76CFC82C2C changes role from FOLLOWER to CANDIDATE at term 0 for changeToCandidate
2019-07-13 22:36:41,140 INFO  impl.RoleInfo (RoleInfo.java:updateAndGet(143)) - 931aa43a-3005-4ae9-bd51-950a6ab0f1a0: start LeaderElection
2019-07-13 22:36:41,146 INFO  impl.LeaderElection (LeaderElection.java:askForVotes(181)) - 4b315b76-54dd-4e3a-8b9a-0eb280f315a1:group-4E8296B4B27C:LeaderElection3: begin an election at term 1 for -1: [4b315b76-54dd-4e3a-8b9a-0eb280f315a1:192.168.5.159:41812], old=null
2019-07-13 22:36:41,149 INFO  impl.RoleInfo (RoleInfo.java:shutdownLeaderElection(134)) - 4b315b76-54dd-4e3a-8b9a-0eb280f315a1: shutdown LeaderElection
2019-07-13 22:36:41,149 INFO  impl.RaftServerImpl (RaftServerImpl.java:setRole(171)) - 4b315b76-54dd-4e3a-8b9a-0eb280f315a1:group-4E8296B4B27C changes role from CANDIDATE to LEADER at term 1 for changeToLeader
2019-07-13 22:36:41,150 INFO  impl.RaftServerImpl (ServerState.java:setLeader(263)) - 4b315b76-54dd-4e3a-8b9a-0eb280f315a1:group-4E8296B4B27C change Leader from null to 4b315b76-54dd-4e3a-8b9a-0eb280f315a1 at term 1 for becomeLeader, leader elected after 5118ms
2019-07-13 22:36:41,150 INFO  server.RaftServerConfigKeys (ConfUtils.java:logGet(43)) - raft.server.staging.catchup.gap = 1000 (default)
2019-07-13 22:36:41,150 INFO  server.RaftServerConfigKeys (ConfUtils.java:logGet(43)) - raft.server.rpc.sleep.time = 25ms (default)
2019-07-13 22:36:41,150 INFO  server.RaftServerConfigKeys (ConfUtils.java:logGet(43)) - raft.server.write.element-limit = 4096 (default)
2019-07-13 22:36:41,150 INFO  server.RaftServerConfigKeys (ConfUtils.java:logGet(43)) - raft.server.watch.timeout = 10s (default)
2019-07-13 22:36:41,150 INFO  server.RaftServerConfigKeys (ConfUtils.java:logGet(43)) - raft.server.watch.timeout.denomination = 1s (default)
2019-07-13 22:36:41,151 INFO  server.RaftServerConfigKeys (ConfUtils.java:logGet(43)) - raft.server.watch.element-limit = 65536 (default)
2019-07-13 22:36:41,151 INFO  impl.RoleInfo (RoleInfo.java:updateAndGet(143)) - 4b315b76-54dd-4e3a-8b9a-0eb280f315a1: start LeaderState
2019-07-13 22:36:41,151 INFO  segmented.SegmentedRaftLogWorker (SegmentedRaftLogWorker.java:startLogSegment(380)) - 4b315b76-54dd-4e3a-8b9a-0eb280f315a1-SegmentedRaftLogWorker:Storage Directory /tmp/workdir/hadoop-ozone/integration-test/target/test-dir/MiniOzoneClusterImpl-40637dfe-807c-41e2-8a87-8c36a2d45a05/datanode-1/data/ratis/4582b2d0-fdfe-4e15-ab5e-4e8296b4b27c: Starting segment from index:0
2019-07-13 22:36:41,152 INFO  impl.RaftServerImpl (ServerState.java:setRaftConf(361)) - 4b315b76-54dd-4e3a-8b9a-0eb280f315a1:group-4E8296B4B27C set configuration 0: [4b315b76-54dd-4e3a-8b9a-0eb280f315a1:192.168.5.159:41812], old=null at 0
2019-07-13 22:36:41,169 INFO  impl.LeaderElection (LeaderElection.java:askForVotes(181)) - 931aa43a-3005-4ae9-bd51-950a6ab0f1a0:group-5D76CFC82C2C:LeaderElection4: begin an election at term 1 for -1: [931aa43a-3005-4ae9-bd51-950a6ab0f1a0:192.168.5.159:40307], old=null
2019-07-13 22:36:41,169 INFO  impl.RoleInfo (RoleInfo.java:shutdownLeaderElection(134)) - 931aa43a-3005-4ae9-bd51-950a6ab0f1a0: shutdown LeaderElection
2019-07-13 22:36:41,170 INFO  impl.RaftServerImpl (RaftServerImpl.java:setRole(171)) - 931aa43a-3005-4ae9-bd51-950a6ab0f1a0:group-5D76CFC82C2C changes role from CANDIDATE to LEADER at term 1 for changeToLeader
2019-07-13 22:36:41,170 INFO  impl.RaftServerImpl (ServerState.java:setLeader(263)) - 931aa43a-3005-4ae9-bd51-950a6ab0f1a0:group-5D76CFC82C2C change Leader from null to 931aa43a-3005-4ae9-bd51-950a6ab0f1a0 at term 1 for becomeLeader, leader elected after 5196ms
2019-07-13 22:36:41,170 INFO  server.RaftServerConfigKeys (ConfUtils.java:logGet(43)) - raft.server.staging.catchup.gap = 1000 (default)
2019-07-13 22:36:41,170 INFO  server.RaftServerConfigKeys (ConfUtils.java:logGet(43)) - raft.server.rpc.sleep.time = 25ms (default)
2019-07-13 22:36:41,170 INFO  server.RaftServerConfigKeys (ConfUtils.java:logGet(43)) - raft.server.write.element-limit = 4096 (default)
2019-07-13 22:36:41,170 INFO  server.RaftServerConfigKeys (ConfUtils.java:logGet(43)) - raft.server.watch.timeout = 10s (default)
2019-07-13 22:36:41,171 INFO  server.RaftServerConfigKeys (ConfUtils.java:logGet(43)) - raft.server.watch.timeout.denomination = 1s (default)
2019-07-13 22:36:41,171 INFO  server.RaftServerConfigKeys (ConfUtils.java:logGet(43)) - raft.server.watch.element-limit = 65536 (default)
2019-07-13 22:36:41,171 INFO  impl.RoleInfo (RoleInfo.java:updateAndGet(143)) - 931aa43a-3005-4ae9-bd51-950a6ab0f1a0: start LeaderState
2019-07-13 22:36:41,171 INFO  segmented.SegmentedRaftLogWorker (SegmentedRaftLogWorker.java:startLogSegment(380)) - 931aa43a-3005-4ae9-bd51-950a6ab0f1a0-SegmentedRaftLogWorker:Storage Directory /tmp/workdir/hadoop-ozone/integration-test/target/test-dir/MiniOzoneClusterImpl-40637dfe-807c-41e2-8a87-8c36a2d45a05/datanode-3/data/ratis/4b153ec3-e6f8-4c9c-b89a-5d76cfc82c2c: Starting segment from index:0
2019-07-13 22:36:41,172 INFO  segmented.SegmentedRaftLogWorker (SegmentedRaftLogWorker.java:execute(569)) - 4b315b76-54dd-4e3a-8b9a-0eb280f315a1-SegmentedRaftLogWorker:Storage Directory /tmp/workdir/hadoop-ozone/integration-test/target/test-dir/MiniOzoneClusterImpl-40637dfe-807c-41e2-8a87-8c36a2d45a05/datanode-1/data/ratis/4582b2d0-fdfe-4e15-ab5e-4e8296b4b27c: created new log segment /tmp/workdir/hadoop-ozone/integration-test/target/test-dir/MiniOzoneClusterImpl-40637dfe-807c-41e2-8a87-8c36a2d45a05/datanode-1/data/ratis/4582b2d0-fdfe-4e15-ab5e-4e8296b4b27c/current/log_inprogress_0
2019-07-13 22:36:41,172 INFO  impl.RaftServerImpl (ServerState.java:setRaftConf(361)) - 931aa43a-3005-4ae9-bd51-950a6ab0f1a0:group-5D76CFC82C2C set configuration 0: [931aa43a-3005-4ae9-bd51-950a6ab0f1a0:192.168.5.159:40307], old=null at 0
2019-07-13 22:36:41,193 INFO  segmented.SegmentedRaftLogWorker (SegmentedRaftLogWorker.java:execute(569)) - 931aa43a-3005-4ae9-bd51-950a6ab0f1a0-SegmentedRaftLogWorker:Storage Directory /tmp/workdir/hadoop-ozone/integration-test/target/test-dir/MiniOzoneClusterImpl-40637dfe-807c-41e2-8a87-8c36a2d45a05/datanode-3/data/ratis/4b153ec3-e6f8-4c9c-b89a-5d76cfc82c2c: created new log segment /tmp/workdir/hadoop-ozone/integration-test/target/test-dir/MiniOzoneClusterImpl-40637dfe-807c-41e2-8a87-8c36a2d45a05/datanode-3/data/ratis/4b153ec3-e6f8-4c9c-b89a-5d76cfc82c2c/current/log_inprogress_0
2019-07-13 22:36:41,195 INFO  impl.FollowerState (FollowerState.java:run(106)) - c76790ed-5c5b-4d4d-a5dc-fb4e5e696d3d:group-66255FDCF6D5 changes to CANDIDATE, lastRpcTime:5021, electionTimeout:5019ms
2019-07-13 22:36:41,195 INFO  impl.RoleInfo (RoleInfo.java:shutdownFollowerState(121)) - c76790ed-5c5b-4d4d-a5dc-fb4e5e696d3d: shutdown FollowerState
2019-07-13 22:36:41,195 INFO  impl.RaftServerImpl (RaftServerImpl.java:setRole(171)) - c76790ed-5c5b-4d4d-a5dc-fb4e5e696d3d:group-66255FDCF6D5 changes role from FOLLOWER to CANDIDATE at term 0 for changeToCandidate
2019-07-13 22:36:41,196 INFO  impl.RoleInfo (RoleInfo.java:updateAndGet(143)) - c76790ed-5c5b-4d4d-a5dc-fb4e5e696d3d: start LeaderElection
2019-07-13 22:36:41,203 INFO  impl.LeaderElection (LeaderElection.java:askForVotes(181)) - c76790ed-5c5b-4d4d-a5dc-fb4e5e696d3d:group-66255FDCF6D5:LeaderElection5: begin an election at term 1 for -1: [c76790ed-5c5b-4d4d-a5dc-fb4e5e696d3d:192.168.5.159:35866], old=null
2019-07-13 22:36:41,205 INFO  impl.RoleInfo (RoleInfo.java:shutdownLeaderElection(134)) - c76790ed-5c5b-4d4d-a5dc-fb4e5e696d3d: shutdown LeaderElection
2019-07-13 22:36:41,205 INFO  impl.RaftServerImpl (RaftServerImpl.java:setRole(171)) - c76790ed-5c5b-4d4d-a5dc-fb4e5e696d3d:group-66255FDCF6D5 changes role from CANDIDATE to LEADER at term 1 for changeToLeader
2019-07-13 22:36:41,206 INFO  impl.RaftServerImpl (ServerState.java:setLeader(263)) - c76790ed-5c5b-4d4d-a5dc-fb4e5e696d3d:group-66255FDCF6D5 change Leader from null to c76790ed-5c5b-4d4d-a5dc-fb4e5e696d3d at term 1 for becomeLeader, leader elected after 5037ms
2019-07-13 22:36:41,206 INFO  server.RaftServerConfigKeys (ConfUtils.java:logGet(43)) - raft.server.staging.catchup.gap = 1000 (default)
2019-07-13 22:36:41,206 INFO  server.RaftServerConfigKeys (ConfUtils.java:logGet(43)) - raft.server.rpc.sleep.time = 25ms (default)
2019-07-13 22:36:41,206 INFO  server.RaftServerConfigKeys (ConfUtils.java:logGet(43)) - raft.server.write.element-limit = 4096 (default)
2019-07-13 22:36:41,206 INFO  server.RaftServerConfigKeys (ConfUtils.java:logGet(43)) - raft.server.watch.timeout = 10s (default)
2019-07-13 22:36:41,206 INFO  server.RaftServerConfigKeys (ConfUtils.java:logGet(43)) - raft.server.watch.timeout.denomination = 1s (default)
2019-07-13 22:36:41,207 INFO  server.RaftServerConfigKeys (ConfUtils.java:logGet(43)) - raft.server.watch.element-limit = 65536 (default)
2019-07-13 22:36:41,207 INFO  impl.RoleInfo (RoleInfo.java:updateAndGet(143)) - c76790ed-5c5b-4d4d-a5dc-fb4e5e696d3d: start LeaderState
2019-07-13 22:36:41,207 INFO  segmented.SegmentedRaftLogWorker (SegmentedRaftLogWorker.java:startLogSegment(380)) - c76790ed-5c5b-4d4d-a5dc-fb4e5e696d3d-SegmentedRaftLogWorker:Storage Directory /tmp/workdir/hadoop-ozone/integration-test/target/test-dir/MiniOzoneClusterImpl-40637dfe-807c-41e2-8a87-8c36a2d45a05/datanode-5/data/ratis/bcf218b9-71bf-47b6-a2c1-66255fdcf6d5: Starting segment from index:0
2019-07-13 22:36:41,208 INFO  impl.RaftServerImpl (ServerState.java:setRaftConf(361)) - c76790ed-5c5b-4d4d-a5dc-fb4e5e696d3d:group-66255FDCF6D5 set configuration 0: [c76790ed-5c5b-4d4d-a5dc-fb4e5e696d3d:192.168.5.159:35866], old=null at 0
2019-07-13 22:36:41,230 INFO  segmented.SegmentedRaftLogWorker (SegmentedRaftLogWorker.java:execute(569)) - c76790ed-5c5b-4d4d-a5dc-fb4e5e696d3d-SegmentedRaftLogWorker:Storage Directory /tmp/workdir/hadoop-ozone/integration-test/target/test-dir/MiniOzoneClusterImpl-40637dfe-807c-41e2-8a87-8c36a2d45a05/datanode-5/data/ratis/bcf218b9-71bf-47b6-a2c1-66255fdcf6d5: created new log segment /tmp/workdir/hadoop-ozone/integration-test/target/test-dir/MiniOzoneClusterImpl-40637dfe-807c-41e2-8a87-8c36a2d45a05/datanode-5/data/ratis/bcf218b9-71bf-47b6-a2c1-66255fdcf6d5/current/log_inprogress_0
2019-07-13 22:36:41,279 INFO  impl.FollowerState (FollowerState.java:run(106)) - 25ed64b7-dc5e-4ab6-bb2c-86c9bed5f07f:group-9445B0422AEC changes to CANDIDATE, lastRpcTime:5049, electionTimeout:5049ms
2019-07-13 22:36:41,279 INFO  impl.RoleInfo (RoleInfo.java:shutdownFollowerState(121)) - 25ed64b7-dc5e-4ab6-bb2c-86c9bed5f07f: shutdown FollowerState
2019-07-13 22:36:41,279 INFO  impl.RaftServerImpl (RaftServerImpl.java:setRole(171)) - 25ed64b7-dc5e-4ab6-bb2c-86c9bed5f07f:group-9445B0422AEC changes role from FOLLOWER to CANDIDATE at term 0 for changeToCandidate
2019-07-13 22:36:41,280 INFO  impl.RoleInfo (RoleInfo.java:updateAndGet(143)) - 25ed64b7-dc5e-4ab6-bb2c-86c9bed5f07f: start LeaderElection
2019-07-13 22:36:41,294 INFO  impl.FollowerState (FollowerState.java:run(106)) - 7c51e767-727f-44cf-ac53-49a5938351e1:group-B80CFBAFAA10 changes to CANDIDATE, lastRpcTime:5191, electionTimeout:5191ms
2019-07-13 22:36:41,304 INFO  impl.RoleInfo (RoleInfo.java:shutdownFollowerState(121)) - 7c51e767-727f-44cf-ac53-49a5938351e1: shutdown FollowerState
2019-07-13 22:36:41,305 INFO  impl.LeaderElection (LeaderElection.java:askForVotes(181)) - 25ed64b7-dc5e-4ab6-bb2c-86c9bed5f07f:group-9445B0422AEC:LeaderElection6: begin an election at term 1 for -1: [25ed64b7-dc5e-4ab6-bb2c-86c9bed5f07f:192.168.5.159:42037], old=null
2019-07-13 22:36:41,305 INFO  impl.RaftServerImpl (RaftServerImpl.java:setRole(171)) - 7c51e767-727f-44cf-ac53-49a5938351e1:group-B80CFBAFAA10 changes role from FOLLOWER to CANDIDATE at term 0 for changeToCandidate
2019-07-13 22:36:41,307 INFO  impl.RoleInfo (RoleInfo.java:shutdownLeaderElection(134)) - 25ed64b7-dc5e-4ab6-bb2c-86c9bed5f07f: shutdown LeaderElection
2019-07-13 22:36:41,307 INFO  impl.RoleInfo (RoleInfo.java:updateAndGet(143)) - 7c51e767-727f-44cf-ac53-49a5938351e1: start LeaderElection
2019-07-13 22:36:41,307 INFO  impl.RaftServerImpl (RaftServerImpl.java:setRole(171)) - 25ed64b7-dc5e-4ab6-bb2c-86c9bed5f07f:group-9445B0422AEC changes role from CANDIDATE to LEADER at term 1 for changeToLeader
2019-07-13 22:36:41,307 INFO  impl.RaftServerImpl (ServerState.java:setLeader(263)) - 25ed64b7-dc5e-4ab6-bb2c-86c9bed5f07f:group-9445B0422AEC change Leader from null to 25ed64b7-dc5e-4ab6-bb2c-86c9bed5f07f at term 1 for becomeLeader, leader elected after 5083ms
2019-07-13 22:36:41,314 INFO  server.RaftServerConfigKeys (ConfUtils.java:logGet(43)) - raft.server.staging.catchup.gap = 1000 (default)
2019-07-13 22:36:41,314 INFO  server.RaftServerConfigKeys (ConfUtils.java:logGet(43)) - raft.server.rpc.sleep.time = 25ms (default)
2019-07-13 22:36:41,314 INFO  server.RaftServerConfigKeys (ConfUtils.java:logGet(43)) - raft.server.write.element-limit = 4096 (default)
2019-07-13 22:36:41,314 INFO  server.RaftServerConfigKeys (ConfUtils.java:logGet(43)) - raft.server.watch.timeout = 10s (default)
2019-07-13 22:36:41,314 INFO  server.RaftServerConfigKeys (ConfUtils.java:logGet(43)) - raft.server.watch.timeout.denomination = 1s (default)
2019-07-13 22:36:41,315 INFO  server.RaftServerConfigKeys (ConfUtils.java:logGet(43)) - raft.server.watch.element-limit = 65536 (default)
2019-07-13 22:36:41,315 INFO  impl.RoleInfo (RoleInfo.java:updateAndGet(143)) - 25ed64b7-dc5e-4ab6-bb2c-86c9bed5f07f: start LeaderState
2019-07-13 22:36:41,315 INFO  segmented.SegmentedRaftLogWorker (SegmentedRaftLogWorker.java:startLogSegment(380)) - 25ed64b7-dc5e-4ab6-bb2c-86c9bed5f07f-SegmentedRaftLogWorker:Storage Directory /tmp/workdir/hadoop-ozone/integration-test/target/test-dir/MiniOzoneClusterImpl-40637dfe-807c-41e2-8a87-8c36a2d45a05/datanode-2/data/ratis/8900a2fe-6ef7-4d27-8db6-9445b0422aec: Starting segment from index:0
2019-07-13 22:36:41,316 INFO  impl.RaftServerImpl (ServerState.java:setRaftConf(361)) - 25ed64b7-dc5e-4ab6-bb2c-86c9bed5f07f:group-9445B0422AEC set configuration 0: [25ed64b7-dc5e-4ab6-bb2c-86c9bed5f07f:192.168.5.159:42037], old=null at 0
2019-07-13 22:36:41,336 INFO  impl.LeaderElection (LeaderElection.java:askForVotes(181)) - 7c51e767-727f-44cf-ac53-49a5938351e1:group-B80CFBAFAA10:LeaderElection7: begin an election at term 1 for -1: [7c51e767-727f-44cf-ac53-49a5938351e1:192.168.5.159:36546], old=null
2019-07-13 22:36:41,336 INFO  impl.RoleInfo (RoleInfo.java:shutdownLeaderElection(134)) - 7c51e767-727f-44cf-ac53-49a5938351e1: shutdown LeaderElection
2019-07-13 22:36:41,337 INFO  impl.RaftServerImpl (RaftServerImpl.java:setRole(171)) - 7c51e767-727f-44cf-ac53-49a5938351e1:group-B80CFBAFAA10 changes role from CANDIDATE to LEADER at term 1 for changeToLeader
2019-07-13 22:36:41,337 INFO  impl.RaftServerImpl (ServerState.java:setLeader(263)) - 7c51e767-727f-44cf-ac53-49a5938351e1:group-B80CFBAFAA10 change Leader from null to 7c51e767-727f-44cf-ac53-49a5938351e1 at term 1 for becomeLeader, leader elected after 5239ms
2019-07-13 22:36:41,337 INFO  server.RaftServerConfigKeys (ConfUtils.java:logGet(43)) - raft.server.staging.catchup.gap = 1000 (default)
2019-07-13 22:36:41,337 INFO  server.RaftServerConfigKeys (ConfUtils.java:logGet(43)) - raft.server.rpc.sleep.time = 25ms (default)
2019-07-13 22:36:41,338 INFO  server.RaftServerConfigKeys (ConfUtils.java:logGet(43)) - raft.server.write.element-limit = 4096 (default)
2019-07-13 22:36:41,338 INFO  server.RaftServerConfigKeys (ConfUtils.java:logGet(43)) - raft.server.watch.timeout = 10s (default)
2019-07-13 22:36:41,338 INFO  server.RaftServerConfigKeys (ConfUtils.java:logGet(43)) - raft.server.watch.timeout.denomination = 1s (default)
2019-07-13 22:36:41,338 INFO  server.RaftServerConfigKeys (ConfUtils.java:logGet(43)) - raft.server.watch.element-limit = 65536 (default)
2019-07-13 22:36:41,339 INFO  impl.RoleInfo (RoleInfo.java:updateAndGet(143)) - 7c51e767-727f-44cf-ac53-49a5938351e1: start LeaderState
2019-07-13 22:36:41,339 INFO  segmented.SegmentedRaftLogWorker (SegmentedRaftLogWorker.java:startLogSegment(380)) - 7c51e767-727f-44cf-ac53-49a5938351e1-SegmentedRaftLogWorker:Storage Directory /tmp/workdir/hadoop-ozone/integration-test/target/test-dir/MiniOzoneClusterImpl-40637dfe-807c-41e2-8a87-8c36a2d45a05/datanode-6/data/ratis/2681cd04-c8fc-46f3-a850-b80cfbafaa10: Starting segment from index:0
2019-07-13 22:36:41,340 INFO  segmented.SegmentedRaftLogWorker (SegmentedRaftLogWorker.java:execute(569)) - 25ed64b7-dc5e-4ab6-bb2c-86c9bed5f07f-SegmentedRaftLogWorker:Storage Directory /tmp/workdir/hadoop-ozone/integration-test/target/test-dir/MiniOzoneClusterImpl-40637dfe-807c-41e2-8a87-8c36a2d45a05/datanode-2/data/ratis/8900a2fe-6ef7-4d27-8db6-9445b0422aec: created new log segment /tmp/workdir/hadoop-ozone/integration-test/target/test-dir/MiniOzoneClusterImpl-40637dfe-807c-41e2-8a87-8c36a2d45a05/datanode-2/data/ratis/8900a2fe-6ef7-4d27-8db6-9445b0422aec/current/log_inprogress_0
2019-07-13 22:36:41,340 INFO  impl.RaftServerImpl (ServerState.java:setRaftConf(361)) - 7c51e767-727f-44cf-ac53-49a5938351e1:group-B80CFBAFAA10 set configuration 0: [7c51e767-727f-44cf-ac53-49a5938351e1:192.168.5.159:36546], old=null at 0
2019-07-13 22:36:41,360 INFO  impl.FollowerState (FollowerState.java:run(106)) - 7c51e767-727f-44cf-ac53-49a5938351e1:group-4C38967AC463 changes to CANDIDATE, lastRpcTime:5040, electionTimeout:5035ms
2019-07-13 22:36:41,362 INFO  impl.RoleInfo (RoleInfo.java:shutdownFollowerState(121)) - 7c51e767-727f-44cf-ac53-49a5938351e1: shutdown FollowerState
2019-07-13 22:36:41,362 INFO  impl.RaftServerImpl (RaftServerImpl.java:setRole(171)) - 7c51e767-727f-44cf-ac53-49a5938351e1:group-4C38967AC463 changes role from FOLLOWER to CANDIDATE at term 0 for changeToCandidate
2019-07-13 22:36:41,362 INFO  impl.RoleInfo (RoleInfo.java:updateAndGet(143)) - 7c51e767-727f-44cf-ac53-49a5938351e1: start LeaderElection
2019-07-13 22:36:41,367 INFO  segmented.SegmentedRaftLogWorker (SegmentedRaftLogWorker.java:execute(569)) - 7c51e767-727f-44cf-ac53-49a5938351e1-SegmentedRaftLogWorker:Storage Directory /tmp/workdir/hadoop-ozone/integration-test/target/test-dir/MiniOzoneClusterImpl-40637dfe-807c-41e2-8a87-8c36a2d45a05/datanode-6/data/ratis/2681cd04-c8fc-46f3-a850-b80cfbafaa10: created new log segment /tmp/workdir/hadoop-ozone/integration-test/target/test-dir/MiniOzoneClusterImpl-40637dfe-807c-41e2-8a87-8c36a2d45a05/datanode-6/data/ratis/2681cd04-c8fc-46f3-a850-b80cfbafaa10/current/log_inprogress_0
2019-07-13 22:36:41,370 INFO  impl.LeaderElection (LeaderElection.java:askForVotes(181)) - 7c51e767-727f-44cf-ac53-49a5938351e1:group-4C38967AC463:LeaderElection8: begin an election at term 1 for -1: [931aa43a-3005-4ae9-bd51-950a6ab0f1a0:192.168.5.159:40307, bf9e593e-7983-4fed-9d6c-fff1d62489b6:192.168.5.159:41407, 7c51e767-727f-44cf-ac53-49a5938351e1:192.168.5.159:36546], old=null
2019-07-13 22:36:41,373 INFO  impl.FollowerState (FollowerState.java:run(106)) - bf9e593e-7983-4fed-9d6c-fff1d62489b6:group-4C38967AC463 changes to CANDIDATE, lastRpcTime:5063, electionTimeout:5063ms
2019-07-13 22:36:41,375 INFO  impl.RoleInfo (RoleInfo.java:shutdownFollowerState(121)) - bf9e593e-7983-4fed-9d6c-fff1d62489b6: shutdown FollowerState
2019-07-13 22:36:41,375 INFO  impl.RaftServerImpl (RaftServerImpl.java:setRole(171)) - bf9e593e-7983-4fed-9d6c-fff1d62489b6:group-4C38967AC463 changes role from FOLLOWER to CANDIDATE at term 0 for changeToCandidate
2019-07-13 22:36:41,375 INFO  impl.RoleInfo (RoleInfo.java:updateAndGet(143)) - bf9e593e-7983-4fed-9d6c-fff1d62489b6: start LeaderElection
2019-07-13 22:36:41,391 INFO  impl.LeaderElection (LeaderElection.java:askForVotes(181)) - bf9e593e-7983-4fed-9d6c-fff1d62489b6:group-4C38967AC463:LeaderElection9: begin an election at term 1 for -1: [931aa43a-3005-4ae9-bd51-950a6ab0f1a0:192.168.5.159:40307, bf9e593e-7983-4fed-9d6c-fff1d62489b6:192.168.5.159:41407, 7c51e767-727f-44cf-ac53-49a5938351e1:192.168.5.159:36546], old=null
2019-07-13 22:36:41,437 INFO  impl.RaftServerImpl (RaftServerImpl.java:setRole(171)) - 931aa43a-3005-4ae9-bd51-950a6ab0f1a0:group-4C38967AC463 changes role from FOLLOWER to FOLLOWER at term 1 for recognizeCandidate:bf9e593e-7983-4fed-9d6c-fff1d62489b6
2019-07-13 22:36:41,437 INFO  impl.RoleInfo (RoleInfo.java:shutdownFollowerState(121)) - 931aa43a-3005-4ae9-bd51-950a6ab0f1a0: shutdown FollowerState
2019-07-13 22:36:41,437 INFO  impl.RoleInfo (RoleInfo.java:updateAndGet(143)) - 931aa43a-3005-4ae9-bd51-950a6ab0f1a0: start FollowerState
2019-07-13 22:36:41,437 INFO  impl.FollowerState (FollowerState.java:run(114)) - 931aa43a-3005-4ae9-bd51-950a6ab0f1a0: FollowerState was interrupted: java.lang.InterruptedException: sleep interrupted
2019-07-13 22:36:41,440 INFO  impl.FollowerState (FollowerState.java:run(106)) - 90fad2f9-8619-403a-b387-4386a6a7dcfc:group-7D501A796C5C changes to CANDIDATE, lastRpcTime:5008, electionTimeout:5004ms
2019-07-13 22:36:41,441 INFO  impl.RoleInfo (RoleInfo.java:shutdownFollowerState(121)) - 90fad2f9-8619-403a-b387-4386a6a7dcfc: shutdown FollowerState
2019-07-13 22:36:41,441 INFO  impl.RaftServerImpl (RaftServerImpl.java:setRole(171)) - 90fad2f9-8619-403a-b387-4386a6a7dcfc:group-7D501A796C5C changes role from FOLLOWER to CANDIDATE at term 0 for changeToCandidate
2019-07-13 22:36:41,441 INFO  impl.RoleInfo (RoleInfo.java:updateAndGet(143)) - 90fad2f9-8619-403a-b387-4386a6a7dcfc: start LeaderElection
2019-07-13 22:36:41,446 INFO  impl.FollowerState (FollowerState.java:run(106)) - c76790ed-5c5b-4d4d-a5dc-fb4e5e696d3d:group-7D501A796C5C changes to CANDIDATE, lastRpcTime:5023, electionTimeout:5021ms
2019-07-13 22:36:41,447 INFO  impl.RoleInfo (RoleInfo.java:shutdownFollowerState(121)) - c76790ed-5c5b-4d4d-a5dc-fb4e5e696d3d: shutdown FollowerState
2019-07-13 22:36:41,447 INFO  impl.RaftServerImpl (RaftServerImpl.java:setRole(171)) - c76790ed-5c5b-4d4d-a5dc-fb4e5e696d3d:group-7D501A796C5C changes role from FOLLOWER to CANDIDATE at term 0 for changeToCandidate
2019-07-13 22:36:41,447 INFO  impl.RoleInfo (RoleInfo.java:updateAndGet(143)) - c76790ed-5c5b-4d4d-a5dc-fb4e5e696d3d: start LeaderElection
2019-07-13 22:36:41,459 INFO  impl.LeaderElection (LeaderElection.java:askForVotes(181)) - 90fad2f9-8619-403a-b387-4386a6a7dcfc:group-7D501A796C5C:LeaderElection10: begin an election at term 1 for -1: [4b315b76-54dd-4e3a-8b9a-0eb280f315a1:192.168.5.159:41812, c76790ed-5c5b-4d4d-a5dc-fb4e5e696d3d:192.168.5.159:35866, 90fad2f9-8619-403a-b387-4386a6a7dcfc:192.168.5.159:45766], old=null
2019-07-13 22:36:41,459 INFO  impl.LeaderElection (LeaderElection.java:askForVotes(181)) - c76790ed-5c5b-4d4d-a5dc-fb4e5e696d3d:group-7D501A796C5C:LeaderElection11: begin an election at term 1 for -1: [4b315b76-54dd-4e3a-8b9a-0eb280f315a1:192.168.5.159:41812, c76790ed-5c5b-4d4d-a5dc-fb4e5e696d3d:192.168.5.159:35866, 90fad2f9-8619-403a-b387-4386a6a7dcfc:192.168.5.159:45766], old=null
2019-07-13 22:36:41,479 INFO  impl.LeaderElection (LeaderElection.java:logAndReturn(56)) - bf9e593e-7983-4fed-9d6c-fff1d62489b6:group-4C38967AC463:LeaderElection9: Election PASSED; received 2 response(s) [bf9e593e-7983-4fed-9d6c-fff1d62489b6<-931aa43a-3005-4ae9-bd51-950a6ab0f1a0#0:OK-t1, bf9e593e-7983-4fed-9d6c-fff1d62489b6<-7c51e767-727f-44cf-ac53-49a5938351e1#0:FAIL-t1] and 0 exception(s); bf9e593e-7983-4fed-9d6c-fff1d62489b6:t1, leader=null, voted=bf9e593e-7983-4fed-9d6c-fff1d62489b6, raftlog=bf9e593e-7983-4fed-9d6c-fff1d62489b6-SegmentedRaftLog:OPENED:c-1,f-1,i0, conf=-1: [931aa43a-3005-4ae9-bd51-950a6ab0f1a0:192.168.5.159:40307, bf9e593e-7983-4fed-9d6c-fff1d62489b6:192.168.5.159:41407, 7c51e767-727f-44cf-ac53-49a5938351e1:192.168.5.159:36546], old=null
2019-07-13 22:36:41,479 INFO  impl.LeaderElection (LeaderElection.java:logAndReturn(56)) - 7c51e767-727f-44cf-ac53-49a5938351e1:group-4C38967AC463:LeaderElection8: Election REJECTED; received 2 response(s) [7c51e767-727f-44cf-ac53-49a5938351e1<-931aa43a-3005-4ae9-bd51-950a6ab0f1a0#0:FAIL-t1, 7c51e767-727f-44cf-ac53-49a5938351e1<-bf9e593e-7983-4fed-9d6c-fff1d62489b6#0:FAIL-t1] and 0 exception(s); 7c51e767-727f-44cf-ac53-49a5938351e1:t1, leader=null, voted=7c51e767-727f-44cf-ac53-49a5938351e1, raftlog=7c51e767-727f-44cf-ac53-49a5938351e1-SegmentedRaftLog:OPENED:c-1,f-1,i0, conf=-1: [931aa43a-3005-4ae9-bd51-950a6ab0f1a0:192.168.5.159:40307, bf9e593e-7983-4fed-9d6c-fff1d62489b6:192.168.5.159:41407, 7c51e767-727f-44cf-ac53-49a5938351e1:192.168.5.159:36546], old=null
2019-07-13 22:36:41,479 INFO  impl.RoleInfo (RoleInfo.java:shutdownLeaderElection(134)) - bf9e593e-7983-4fed-9d6c-fff1d62489b6: shutdown LeaderElection
2019-07-13 22:36:41,479 INFO  impl.RaftServerImpl (RaftServerImpl.java:setRole(171)) - 7c51e767-727f-44cf-ac53-49a5938351e1:group-4C38967AC463 changes role from CANDIDATE to FOLLOWER at term 1 for DISCOVERED_A_NEW_TERM
2019-07-13 22:36:41,484 INFO  impl.RoleInfo (RoleInfo.java:shutdownLeaderElection(134)) - 7c51e767-727f-44cf-ac53-49a5938351e1: shutdown LeaderElection
2019-07-13 22:36:41,481 INFO  impl.RaftServerImpl (RaftServerImpl.java:setRole(171)) - bf9e593e-7983-4fed-9d6c-fff1d62489b6:group-4C38967AC463 changes role from CANDIDATE to LEADER at term 1 for changeToLeader
2019-07-13 22:36:41,488 INFO  impl.RoleInfo (RoleInfo.java:updateAndGet(143)) - 7c51e767-727f-44cf-ac53-49a5938351e1: start FollowerState
2019-07-13 22:36:41,488 INFO  impl.RaftServerImpl (ServerState.java:setLeader(263)) - bf9e593e-7983-4fed-9d6c-fff1d62489b6:group-4C38967AC463 change Leader from null to bf9e593e-7983-4fed-9d6c-fff1d62489b6 at term 1 for becomeLeader, leader elected after 5193ms
2019-07-13 22:36:41,489 INFO  server.RaftServerConfigKeys (ConfUtils.java:logGet(43)) - raft.server.staging.catchup.gap = 1000 (default)
2019-07-13 22:36:41,490 INFO  server.RaftServerConfigKeys (ConfUtils.java:logGet(43)) - raft.server.rpc.sleep.time = 25ms (default)
2019-07-13 22:36:41,491 INFO  server.RaftServerConfigKeys (ConfUtils.java:logGet(43)) - raft.server.write.element-limit = 4096 (default)
2019-07-13 22:36:41,492 INFO  server.RaftServerConfigKeys (ConfUtils.java:logGet(43)) - raft.server.watch.timeout = 10s (default)
2019-07-13 22:36:41,493 INFO  impl.RaftServerImpl (RaftServerImpl.java:setRole(171)) - 4b315b76-54dd-4e3a-8b9a-0eb280f315a1:group-7D501A796C5C changes role from FOLLOWER to FOLLOWER at term 1 for recognizeCandidate:90fad2f9-8619-403a-b387-4386a6a7dcfc
2019-07-13 22:36:41,494 INFO  impl.RoleInfo (RoleInfo.java:shutdownFollowerState(121)) - 4b315b76-54dd-4e3a-8b9a-0eb280f315a1: shutdown FollowerState
2019-07-13 22:36:41,493 INFO  server.RaftServerConfigKeys (ConfUtils.java:logGet(43)) - raft.server.watch.timeout.denomination = 1s (default)
2019-07-13 22:36:41,495 INFO  impl.RoleInfo (RoleInfo.java:updateAndGet(143)) - 4b315b76-54dd-4e3a-8b9a-0eb280f315a1: start FollowerState
2019-07-13 22:36:41,495 INFO  impl.FollowerState (FollowerState.java:run(114)) - 4b315b76-54dd-4e3a-8b9a-0eb280f315a1: FollowerState was interrupted: java.lang.InterruptedException: sleep interrupted
2019-07-13 22:36:41,496 INFO  server.RaftServerConfigKeys (ConfUtils.java:logGet(43)) - raft.server.watch.element-limit = 65536 (default)
2019-07-13 22:36:41,504 INFO  server.RaftServerConfigKeys (ConfUtils.java:logGet(43)) - raft.server.log.appender.snapshot.chunk.size.max = 16MB (=16777216) (default)
2019-07-13 22:36:41,505 INFO  server.RaftServerConfigKeys (ConfUtils.java:logGet(43)) - raft.server.log.appender.buffer.byte-limit = 33554432 (custom)
2019-07-13 22:36:41,505 INFO  server.RaftServerConfigKeys (ConfUtils.java:logGet(43)) - raft.server.log.appender.buffer.element-limit = 1 (custom)
2019-07-13 22:36:41,510 INFO  grpc.GrpcConfigKeys$Server (ConfUtils.java:logGet(43)) - raft.grpc.server.leader.outstanding.appends.max = 128 (default)
2019-07-13 22:36:41,511 INFO  server.RaftServerConfigKeys (ConfUtils.java:logGet(43)) - raft.server.rpc.request.timeout = 3000ms (default)
2019-07-13 22:36:41,511 INFO  server.RaftServerConfigKeys (ConfUtils.java:logGet(43)) - raft.server.log.appender.install.snapshot.enabled = false (custom)
2019-07-13 22:36:41,511 INFO  server.RaftServerConfigKeys (ConfUtils.java:logGet(43)) - raft.server.log.appender.snapshot.chunk.size.max = 16MB (=16777216) (default)
2019-07-13 22:36:41,511 INFO  server.RaftServerConfigKeys (ConfUtils.java:logGet(43)) - raft.server.log.appender.buffer.byte-limit = 33554432 (custom)
2019-07-13 22:36:41,511 INFO  server.RaftServerConfigKeys (ConfUtils.java:logGet(43)) - raft.server.log.appender.buffer.element-limit = 1 (custom)
2019-07-13 22:36:41,512 INFO  grpc.GrpcConfigKeys$Server (ConfUtils.java:logGet(43)) - raft.grpc.server.leader.outstanding.appends.max = 128 (default)
2019-07-13 22:36:41,512 INFO  server.RaftServerConfigKeys (ConfUtils.java:logGet(43)) - raft.server.rpc.request.timeout = 3000ms (default)
2019-07-13 22:36:41,512 INFO  server.RaftServerConfigKeys (ConfUtils.java:logGet(43)) - raft.server.log.appender.install.snapshot.enabled = false (custom)
2019-07-13 22:36:41,515 INFO  impl.LeaderElection (LeaderElection.java:logAndReturn(56)) - 90fad2f9-8619-403a-b387-4386a6a7dcfc:group-7D501A796C5C:LeaderElection10: Election PASSED; received 2 response(s) [90fad2f9-8619-403a-b387-4386a6a7dcfc<-4b315b76-54dd-4e3a-8b9a-0eb280f315a1#0:OK-t1, 90fad2f9-8619-403a-b387-4386a6a7dcfc<-c76790ed-5c5b-4d4d-a5dc-fb4e5e696d3d#0:FAIL-t1] and 0 exception(s); 90fad2f9-8619-403a-b387-4386a6a7dcfc:t1, leader=null, voted=90fad2f9-8619-403a-b387-4386a6a7dcfc, raftlog=90fad2f9-8619-403a-b387-4386a6a7dcfc-SegmentedRaftLog:OPENED:c-1,f-1,i0, conf=-1: [4b315b76-54dd-4e3a-8b9a-0eb280f315a1:192.168.5.159:41812, c76790ed-5c5b-4d4d-a5dc-fb4e5e696d3d:192.168.5.159:35866, 90fad2f9-8619-403a-b387-4386a6a7dcfc:192.168.5.159:45766], old=null
2019-07-13 22:36:41,516 INFO  impl.RoleInfo (RoleInfo.java:shutdownLeaderElection(134)) - 90fad2f9-8619-403a-b387-4386a6a7dcfc: shutdown LeaderElection
2019-07-13 22:36:41,516 INFO  impl.LeaderElection (LeaderElection.java:logAndReturn(56)) - c76790ed-5c5b-4d4d-a5dc-fb4e5e696d3d:group-7D501A796C5C:LeaderElection11: Election REJECTED; received 2 response(s) [c76790ed-5c5b-4d4d-a5dc-fb4e5e696d3d<-4b315b76-54dd-4e3a-8b9a-0eb280f315a1#0:FAIL-t1, c76790ed-5c5b-4d4d-a5dc-fb4e5e696d3d<-90fad2f9-8619-403a-b387-4386a6a7dcfc#0:FAIL-t1] and 0 exception(s); c76790ed-5c5b-4d4d-a5dc-fb4e5e696d3d:t1, leader=null, voted=c76790ed-5c5b-4d4d-a5dc-fb4e5e696d3d, raftlog=c76790ed-5c5b-4d4d-a5dc-fb4e5e696d3d-SegmentedRaftLog:OPENED:c-1,f-1,i0, conf=-1: [4b315b76-54dd-4e3a-8b9a-0eb280f315a1:192.168.5.159:41812, c76790ed-5c5b-4d4d-a5dc-fb4e5e696d3d:192.168.5.159:35866, 90fad2f9-8619-403a-b387-4386a6a7dcfc:192.168.5.159:45766], old=null
2019-07-13 22:36:41,518 INFO  impl.RaftServerImpl (RaftServerImpl.java:setRole(171)) - 90fad2f9-8619-403a-b387-4386a6a7dcfc:group-7D501A796C5C changes role from CANDIDATE to LEADER at term 1 for changeToLeader
2019-07-13 22:36:41,519 INFO  impl.RaftServerImpl (RaftServerImpl.java:setRole(171)) - c76790ed-5c5b-4d4d-a5dc-fb4e5e696d3d:group-7D501A796C5C changes role from CANDIDATE to FOLLOWER at term 1 for DISCOVERED_A_NEW_TERM
2019-07-13 22:36:41,521 INFO  impl.RoleInfo (RoleInfo.java:updateAndGet(143)) - bf9e593e-7983-4fed-9d6c-fff1d62489b6: start LeaderState
2019-07-13 22:36:41,519 INFO  impl.RaftServerImpl (ServerState.java:setLeader(263)) - 90fad2f9-8619-403a-b387-4386a6a7dcfc:group-7D501A796C5C change Leader from null to 90fad2f9-8619-403a-b387-4386a6a7dcfc at term 1 for becomeLeader, leader elected after 5110ms
2019-07-13 22:36:41,522 INFO  segmented.SegmentedRaftLogWorker (SegmentedRaftLogWorker.java:startLogSegment(380)) - bf9e593e-7983-4fed-9d6c-fff1d62489b6-SegmentedRaftLogWorker:Storage Directory /tmp/workdir/hadoop-ozone/integration-test/target/test-dir/MiniOzoneClusterImpl-40637dfe-807c-41e2-8a87-8c36a2d45a05/datanode-4/data/ratis/91d49eb2-c5d8-4ffe-8166-4c38967ac463: Starting segment from index:0
2019-07-13 22:36:41,521 INFO  impl.RoleInfo (RoleInfo.java:shutdownLeaderElection(134)) - c76790ed-5c5b-4d4d-a5dc-fb4e5e696d3d: shutdown LeaderElection
2019-07-13 22:36:41,522 INFO  server.RaftServerConfigKeys (ConfUtils.java:logGet(43)) - raft.server.staging.catchup.gap = 1000 (default)
2019-07-13 22:36:41,522 INFO  server.RaftServerConfigKeys (ConfUtils.java:logGet(43)) - raft.server.rpc.sleep.time = 25ms (default)
2019-07-13 22:36:41,522 INFO  impl.RoleInfo (RoleInfo.java:updateAndGet(143)) - c76790ed-5c5b-4d4d-a5dc-fb4e5e696d3d: start FollowerState
2019-07-13 22:36:41,522 INFO  server.RaftServerConfigKeys (ConfUtils.java:logGet(43)) - raft.server.write.element-limit = 4096 (default)
2019-07-13 22:36:41,523 INFO  impl.RaftServerImpl (ServerState.java:setRaftConf(361)) - bf9e593e-7983-4fed-9d6c-fff1d62489b6:group-4C38967AC463 set configuration 0: [931aa43a-3005-4ae9-bd51-950a6ab0f1a0:192.168.5.159:40307, bf9e593e-7983-4fed-9d6c-fff1d62489b6:192.168.5.159:41407, 7c51e767-727f-44cf-ac53-49a5938351e1:192.168.5.159:36546], old=null at 0
2019-07-13 22:36:41,523 INFO  server.RaftServerConfigKeys (ConfUtils.java:logGet(43)) - raft.server.watch.timeout = 10s (default)
2019-07-13 22:36:41,540 INFO  server.RaftServerConfigKeys (ConfUtils.java:logGet(43)) - raft.server.watch.timeout.denomination = 1s (default)
2019-07-13 22:36:41,540 INFO  server.RaftServerConfigKeys (ConfUtils.java:logGet(43)) - raft.server.watch.element-limit = 65536 (default)
2019-07-13 22:36:41,540 INFO  server.RaftServerConfigKeys (ConfUtils.java:logGet(43)) - raft.server.log.appender.snapshot.chunk.size.max = 16MB (=16777216) (default)
2019-07-13 22:36:41,541 INFO  server.RaftServerConfigKeys (ConfUtils.java:logGet(43)) - raft.server.log.appender.buffer.byte-limit = 33554432 (custom)
2019-07-13 22:36:41,541 INFO  server.RaftServerConfigKeys (ConfUtils.java:logGet(43)) - raft.server.log.appender.buffer.element-limit = 1 (custom)
2019-07-13 22:36:41,541 INFO  grpc.GrpcConfigKeys$Server (ConfUtils.java:logGet(43)) - raft.grpc.server.leader.outstanding.appends.max = 128 (default)
2019-07-13 22:36:41,541 INFO  server.RaftServerConfigKeys (ConfUtils.java:logGet(43)) - raft.server.rpc.request.timeout = 3000ms (default)
2019-07-13 22:36:41,542 INFO  server.RaftServerConfigKeys (ConfUtils.java:logGet(43)) - raft.server.log.appender.install.snapshot.enabled = false (custom)
2019-07-13 22:36:41,542 INFO  server.RaftServerConfigKeys (ConfUtils.java:logGet(43)) - raft.server.log.appender.snapshot.chunk.size.max = 16MB (=16777216) (default)
2019-07-13 22:36:41,542 INFO  server.RaftServerConfigKeys (ConfUtils.java:logGet(43)) - raft.server.log.appender.buffer.byte-limit = 33554432 (custom)
2019-07-13 22:36:41,542 INFO  server.RaftServerConfigKeys (ConfUtils.java:logGet(43)) - raft.server.log.appender.buffer.element-limit = 1 (custom)
2019-07-13 22:36:41,542 INFO  grpc.GrpcConfigKeys$Server (ConfUtils.java:logGet(43)) - raft.grpc.server.leader.outstanding.appends.max = 128 (default)
2019-07-13 22:36:41,542 INFO  server.RaftServerConfigKeys (ConfUtils.java:logGet(43)) - raft.server.rpc.request.timeout = 3000ms (default)
2019-07-13 22:36:41,543 INFO  server.RaftServerConfigKeys (ConfUtils.java:logGet(43)) - raft.server.log.appender.install.snapshot.enabled = false (custom)
2019-07-13 22:36:41,543 INFO  impl.RoleInfo (RoleInfo.java:updateAndGet(143)) - 90fad2f9-8619-403a-b387-4386a6a7dcfc: start LeaderState
2019-07-13 22:36:41,544 INFO  segmented.SegmentedRaftLogWorker (SegmentedRaftLogWorker.java:startLogSegment(380)) - 90fad2f9-8619-403a-b387-4386a6a7dcfc-SegmentedRaftLogWorker:Storage Directory /tmp/workdir/hadoop-ozone/integration-test/target/test-dir/MiniOzoneClusterImpl-40637dfe-807c-41e2-8a87-8c36a2d45a05/datanode-0/data/ratis/4eb935d6-f604-4748-aa33-7d501a796c5c: Starting segment from index:0
2019-07-13 22:36:41,545 INFO  impl.RaftServerImpl (ServerState.java:setRaftConf(361)) - 90fad2f9-8619-403a-b387-4386a6a7dcfc:group-7D501A796C5C set configuration 0: [4b315b76-54dd-4e3a-8b9a-0eb280f315a1:192.168.5.159:41812, c76790ed-5c5b-4d4d-a5dc-fb4e5e696d3d:192.168.5.159:35866, 90fad2f9-8619-403a-b387-4386a6a7dcfc:192.168.5.159:45766], old=null at 0
2019-07-13 22:36:41,560 INFO  segmented.SegmentedRaftLogWorker (SegmentedRaftLogWorker.java:execute(569)) - bf9e593e-7983-4fed-9d6c-fff1d62489b6-SegmentedRaftLogWorker:Storage Directory /tmp/workdir/hadoop-ozone/integration-test/target/test-dir/MiniOzoneClusterImpl-40637dfe-807c-41e2-8a87-8c36a2d45a05/datanode-4/data/ratis/91d49eb2-c5d8-4ffe-8166-4c38967ac463: created new log segment /tmp/workdir/hadoop-ozone/integration-test/target/test-dir/MiniOzoneClusterImpl-40637dfe-807c-41e2-8a87-8c36a2d45a05/datanode-4/data/ratis/91d49eb2-c5d8-4ffe-8166-4c38967ac463/current/log_inprogress_0
2019-07-13 22:36:41,565 INFO  segmented.SegmentedRaftLogWorker (SegmentedRaftLogWorker.java:execute(569)) - 90fad2f9-8619-403a-b387-4386a6a7dcfc-SegmentedRaftLogWorker:Storage Directory /tmp/workdir/hadoop-ozone/integration-test/target/test-dir/MiniOzoneClusterImpl-40637dfe-807c-41e2-8a87-8c36a2d45a05/datanode-0/data/ratis/4eb935d6-f604-4748-aa33-7d501a796c5c: created new log segment /tmp/workdir/hadoop-ozone/integration-test/target/test-dir/MiniOzoneClusterImpl-40637dfe-807c-41e2-8a87-8c36a2d45a05/datanode-0/data/ratis/4eb935d6-f604-4748-aa33-7d501a796c5c/current/log_inprogress_0
2019-07-13 22:36:41,579 INFO  impl.RaftServerImpl (ServerState.java:setLeader(263)) - 4b315b76-54dd-4e3a-8b9a-0eb280f315a1:group-7D501A796C5C change Leader from null to 90fad2f9-8619-403a-b387-4386a6a7dcfc at term 1 for appendEntries, leader elected after 5170ms
2019-07-13 22:36:41,581 INFO  impl.RaftServerImpl (ServerState.java:setLeader(263)) - c76790ed-5c5b-4d4d-a5dc-fb4e5e696d3d:group-7D501A796C5C change Leader from null to 90fad2f9-8619-403a-b387-4386a6a7dcfc at term 1 for appendEntries, leader elected after 5172ms
2019-07-13 22:36:41,581 INFO  impl.RaftServerImpl (ServerState.java:setLeader(263)) - 7c51e767-727f-44cf-ac53-49a5938351e1:group-4C38967AC463 change Leader from null to bf9e593e-7983-4fed-9d6c-fff1d62489b6 at term 1 for appendEntries, leader elected after 5285ms
2019-07-13 22:36:41,581 INFO  impl.RaftServerImpl (ServerState.java:setLeader(263)) - 931aa43a-3005-4ae9-bd51-950a6ab0f1a0:group-4C38967AC463 change Leader from null to bf9e593e-7983-4fed-9d6c-fff1d62489b6 at term 1 for appendEntries, leader elected after 5286ms
2019-07-13 22:36:41,611 INFO  impl.RaftServerImpl (ServerState.java:setRaftConf(361)) - 931aa43a-3005-4ae9-bd51-950a6ab0f1a0:group-4C38967AC463 set configuration 0: [931aa43a-3005-4ae9-bd51-950a6ab0f1a0:192.168.5.159:40307, bf9e593e-7983-4fed-9d6c-fff1d62489b6:192.168.5.159:41407, 7c51e767-727f-44cf-ac53-49a5938351e1:192.168.5.159:36546], old=null at 0
2019-07-13 22:36:41,612 INFO  impl.RaftServerImpl (ServerState.java:setRaftConf(361)) - 4b315b76-54dd-4e3a-8b9a-0eb280f315a1:group-7D501A796C5C set configuration 0: [4b315b76-54dd-4e3a-8b9a-0eb280f315a1:192.168.5.159:41812, c76790ed-5c5b-4d4d-a5dc-fb4e5e696d3d:192.168.5.159:35866, 90fad2f9-8619-403a-b387-4386a6a7dcfc:192.168.5.159:45766], old=null at 0
2019-07-13 22:36:41,612 INFO  impl.RaftServerImpl (ServerState.java:setRaftConf(361)) - c76790ed-5c5b-4d4d-a5dc-fb4e5e696d3d:group-7D501A796C5C set configuration 0: [4b315b76-54dd-4e3a-8b9a-0eb280f315a1:192.168.5.159:41812, c76790ed-5c5b-4d4d-a5dc-fb4e5e696d3d:192.168.5.159:35866, 90fad2f9-8619-403a-b387-4386a6a7dcfc:192.168.5.159:45766], old=null at 0
2019-07-13 22:36:41,611 INFO  impl.RaftServerImpl (ServerState.java:setRaftConf(361)) - 7c51e767-727f-44cf-ac53-49a5938351e1:group-4C38967AC463 set configuration 0: [931aa43a-3005-4ae9-bd51-950a6ab0f1a0:192.168.5.159:40307, bf9e593e-7983-4fed-9d6c-fff1d62489b6:192.168.5.159:41407, 7c51e767-727f-44cf-ac53-49a5938351e1:192.168.5.159:36546], old=null at 0
2019-07-13 22:36:41,612 INFO  segmented.SegmentedRaftLogWorker (SegmentedRaftLogWorker.java:startLogSegment(380)) - c76790ed-5c5b-4d4d-a5dc-fb4e5e696d3d-SegmentedRaftLogWorker:Storage Directory /tmp/workdir/hadoop-ozone/integration-test/target/test-dir/MiniOzoneClusterImpl-40637dfe-807c-41e2-8a87-8c36a2d45a05/datanode-5/data/ratis/4eb935d6-f604-4748-aa33-7d501a796c5c: Starting segment from index:0
2019-07-13 22:36:41,612 INFO  segmented.SegmentedRaftLogWorker (SegmentedRaftLogWorker.java:startLogSegment(380)) - 4b315b76-54dd-4e3a-8b9a-0eb280f315a1-SegmentedRaftLogWorker:Storage Directory /tmp/workdir/hadoop-ozone/integration-test/target/test-dir/MiniOzoneClusterImpl-40637dfe-807c-41e2-8a87-8c36a2d45a05/datanode-1/data/ratis/4eb935d6-f604-4748-aa33-7d501a796c5c: Starting segment from index:0
2019-07-13 22:36:41,612 INFO  segmented.SegmentedRaftLogWorker (SegmentedRaftLogWorker.java:startLogSegment(380)) - 931aa43a-3005-4ae9-bd51-950a6ab0f1a0-SegmentedRaftLogWorker:Storage Directory /tmp/workdir/hadoop-ozone/integration-test/target/test-dir/MiniOzoneClusterImpl-40637dfe-807c-41e2-8a87-8c36a2d45a05/datanode-3/data/ratis/91d49eb2-c5d8-4ffe-8166-4c38967ac463: Starting segment from index:0
2019-07-13 22:36:41,612 INFO  segmented.SegmentedRaftLogWorker (SegmentedRaftLogWorker.java:startLogSegment(380)) - 7c51e767-727f-44cf-ac53-49a5938351e1-SegmentedRaftLogWorker:Storage Directory /tmp/workdir/hadoop-ozone/integration-test/target/test-dir/MiniOzoneClusterImpl-40637dfe-807c-41e2-8a87-8c36a2d45a05/datanode-6/data/ratis/91d49eb2-c5d8-4ffe-8166-4c38967ac463: Starting segment from index:0
2019-07-13 22:36:41,641 INFO  segmented.SegmentedRaftLogWorker (SegmentedRaftLogWorker.java:execute(569)) - 931aa43a-3005-4ae9-bd51-950a6ab0f1a0-SegmentedRaftLogWorker:Storage Directory /tmp/workdir/hadoop-ozone/integration-test/target/test-dir/MiniOzoneClusterImpl-40637dfe-807c-41e2-8a87-8c36a2d45a05/datanode-3/data/ratis/91d49eb2-c5d8-4ffe-8166-4c38967ac463: created new log segment /tmp/workdir/hadoop-ozone/integration-test/target/test-dir/MiniOzoneClusterImpl-40637dfe-807c-41e2-8a87-8c36a2d45a05/datanode-3/data/ratis/91d49eb2-c5d8-4ffe-8166-4c38967ac463/current/log_inprogress_0
2019-07-13 22:36:41,641 INFO  segmented.SegmentedRaftLogWorker (SegmentedRaftLogWorker.java:execute(569)) - 4b315b76-54dd-4e3a-8b9a-0eb280f315a1-SegmentedRaftLogWorker:Storage Directory /tmp/workdir/hadoop-ozone/integration-test/target/test-dir/MiniOzoneClusterImpl-40637dfe-807c-41e2-8a87-8c36a2d45a05/datanode-1/data/ratis/4eb935d6-f604-4748-aa33-7d501a796c5c: created new log segment /tmp/workdir/hadoop-ozone/integration-test/target/test-dir/MiniOzoneClusterImpl-40637dfe-807c-41e2-8a87-8c36a2d45a05/datanode-1/data/ratis/4eb935d6-f604-4748-aa33-7d501a796c5c/current/log_inprogress_0
2019-07-13 22:36:41,641 INFO  segmented.SegmentedRaftLogWorker (SegmentedRaftLogWorker.java:execute(569)) - 7c51e767-727f-44cf-ac53-49a5938351e1-SegmentedRaftLogWorker:Storage Directory /tmp/workdir/hadoop-ozone/integration-test/target/test-dir/MiniOzoneClusterImpl-40637dfe-807c-41e2-8a87-8c36a2d45a05/datanode-6/data/ratis/91d49eb2-c5d8-4ffe-8166-4c38967ac463: created new log segment /tmp/workdir/hadoop-ozone/integration-test/target/test-dir/MiniOzoneClusterImpl-40637dfe-807c-41e2-8a87-8c36a2d45a05/datanode-6/data/ratis/91d49eb2-c5d8-4ffe-8166-4c38967ac463/current/log_inprogress_0
2019-07-13 22:36:41,641 INFO  segmented.SegmentedRaftLogWorker (SegmentedRaftLogWorker.java:execute(569)) - c76790ed-5c5b-4d4d-a5dc-fb4e5e696d3d-SegmentedRaftLogWorker:Storage Directory /tmp/workdir/hadoop-ozone/integration-test/target/test-dir/MiniOzoneClusterImpl-40637dfe-807c-41e2-8a87-8c36a2d45a05/datanode-5/data/ratis/4eb935d6-f604-4748-aa33-7d501a796c5c: created new log segment /tmp/workdir/hadoop-ozone/integration-test/target/test-dir/MiniOzoneClusterImpl-40637dfe-807c-41e2-8a87-8c36a2d45a05/datanode-5/data/ratis/4eb935d6-f604-4748-aa33-7d501a796c5c/current/log_inprogress_0
2019-07-13 22:36:42,021 INFO  client.GrpcClientProtocolClient (GrpcClientProtocolClient.java:onNext(255)) - client-7BE6B2320197->bf9e593e-7983-4fed-9d6c-fff1d62489b6: receive RaftClientReply:client-7BE6B2320197->bf9e593e-7983-4fed-9d6c-fff1d62489b6@group-4C38967AC463, cid=13, SUCCESS, logIndex=1, commits[bf9e593e-7983-4fed-9d6c-fff1d62489b6:c1, 931aa43a-3005-4ae9-bd51-950a6ab0f1a0:c0, 7c51e767-727f-44cf-ac53-49a5938351e1:c0]
2019-07-13 22:36:42,060 INFO  client.GrpcClientProtocolClient (GrpcClientProtocolClient.java:onNext(255)) - client-7BE6B2320197->bf9e593e-7983-4fed-9d6c-fff1d62489b6: receive RaftClientReply:client-7BE6B2320197->bf9e593e-7983-4fed-9d6c-fff1d62489b6@group-4C38967AC463, cid=14, SUCCESS, logIndex=3, commits[bf9e593e-7983-4fed-9d6c-fff1d62489b6:c3, 931aa43a-3005-4ae9-bd51-950a6ab0f1a0:c2, 7c51e767-727f-44cf-ac53-49a5938351e1:c2]
2019-07-13 22:36:42,114 INFO  client.GrpcClientProtocolClient (GrpcClientProtocolClient.java:onNext(255)) - client-7BE6B2320197->bf9e593e-7983-4fed-9d6c-fff1d62489b6: receive RaftClientReply:client-7BE6B2320197->bf9e593e-7983-4fed-9d6c-fff1d62489b6@group-4C38967AC463, cid=15, SUCCESS, logIndex=4, commits[bf9e593e-7983-4fed-9d6c-fff1d62489b6:c12, 931aa43a-3005-4ae9-bd51-950a6ab0f1a0:c8, 7c51e767-727f-44cf-ac53-49a5938351e1:c8]
2019-07-13 22:36:42,119 INFO  client.GrpcClientProtocolClient (GrpcClientProtocolClient.java:onNext(255)) - client-7BE6B2320197->bf9e593e-7983-4fed-9d6c-fff1d62489b6: receive RaftClientReply:client-7BE6B2320197->bf9e593e-7983-4fed-9d6c-fff1d62489b6@group-4C38967AC463, cid=16, SUCCESS, logIndex=6, commits[bf9e593e-7983-4fed-9d6c-fff1d62489b6:c12, 931aa43a-3005-4ae9-bd51-950a6ab0f1a0:c8, 7c51e767-727f-44cf-ac53-49a5938351e1:c8]
2019-07-13 22:36:42,122 INFO  client.GrpcClientProtocolClient (GrpcClientProtocolClient.java:onNext(255)) - client-7BE6B2320197->bf9e593e-7983-4fed-9d6c-fff1d62489b6: receive RaftClientReply:client-7BE6B2320197->bf9e593e-7983-4fed-9d6c-fff1d62489b6@group-4C38967AC463, cid=17, SUCCESS, logIndex=7, commits[bf9e593e-7983-4fed-9d6c-fff1d62489b6:c12, 931aa43a-3005-4ae9-bd51-950a6ab0f1a0:c8, 7c51e767-727f-44cf-ac53-49a5938351e1:c8]
2019-07-13 22:36:42,146 INFO  client.GrpcClientProtocolClient (GrpcClientProtocolClient.java:onNext(255)) - client-7BE6B2320197->bf9e593e-7983-4fed-9d6c-fff1d62489b6: receive RaftClientReply:client-7BE6B2320197->bf9e593e-7983-4fed-9d6c-fff1d62489b6@group-4C38967AC463, cid=18, SUCCESS, logIndex=8, commits[bf9e593e-7983-4fed-9d6c-fff1d62489b6:c12, 931aa43a-3005-4ae9-bd51-950a6ab0f1a0:c8, 7c51e767-727f-44cf-ac53-49a5938351e1:c8]
2019-07-13 22:36:42,179 INFO  client.GrpcClientProtocolClient (GrpcClientProtocolClient.java:onNext(255)) - client-7BE6B2320197->bf9e593e-7983-4fed-9d6c-fff1d62489b6: receive RaftClientReply:client-7BE6B2320197->bf9e593e-7983-4fed-9d6c-fff1d62489b6@group-4C38967AC463, cid=19, SUCCESS, logIndex=13, commits[bf9e593e-7983-4fed-9d6c-fff1d62489b6:c14, 931aa43a-3005-4ae9-bd51-950a6ab0f1a0:c12, 7c51e767-727f-44cf-ac53-49a5938351e1:c12]
2019-07-13 22:36:42,180 INFO  client.GrpcClientProtocolClient (GrpcClientProtocolClient.java:onNext(255)) - client-7BE6B2320197->bf9e593e-7983-4fed-9d6c-fff1d62489b6: receive RaftClientReply:client-7BE6B2320197->bf9e593e-7983-4fed-9d6c-fff1d62489b6@group-4C38967AC463, cid=20, SUCCESS, logIndex=14, commits[bf9e593e-7983-4fed-9d6c-fff1d62489b6:c14, 931aa43a-3005-4ae9-bd51-950a6ab0f1a0:c12, 7c51e767-727f-44cf-ac53-49a5938351e1:c12]
2019-07-13 22:36:42,203 INFO  client.GrpcClientProtocolClient (GrpcClientProtocolClient.java:onNext(255)) - client-7BE6B2320197->bf9e593e-7983-4fed-9d6c-fff1d62489b6: receive RaftClientReply:client-7BE6B2320197->bf9e593e-7983-4fed-9d6c-fff1d62489b6@group-4C38967AC463, cid=21, SUCCESS, logIndex=0, commits[bf9e593e-7983-4fed-9d6c-fff1d62489b6:c16, 931aa43a-3005-4ae9-bd51-950a6ab0f1a0:c14, 7c51e767-727f-44cf-ac53-49a5938351e1:c14]
2019-07-13 22:36:42,205 INFO  datanode.ObjectStoreHandler (ObjectStoreHandler.java:close(155)) - Closing ObjectStoreHandler.
2019-07-13 22:36:42,206 INFO  ozone.HddsDatanodeService (HddsDatanodeService.java:stop(452)) - Stopped plug-in org.apache.hadoop.ozone.web.OzoneHddsDatanodeService@5fdd97c1
2019-07-13 22:36:42,915 INFO  statemachine.DatanodeStateMachine (DatanodeStateMachine.java:lambda$startDaemon$0(350)) - Ozone container server started.
2019-07-13 22:36:47,208 INFO  ozoneimpl.OzoneContainer (OzoneContainer.java:stop(199)) - Attempting to stop container services.
2019-07-13 22:36:47,209 INFO  impl.RaftServerProxy (RaftServerProxy.java:lambda$close$4(314)) - bf9e593e-7983-4fed-9d6c-fff1d62489b6: close
2019-07-13 22:36:47,211 INFO  impl.RaftServerImpl (RaftServerImpl.java:lambda$shutdown$3(245)) - bf9e593e-7983-4fed-9d6c-fff1d62489b6: shutdown group-7FAEF086F0EA
2019-07-13 22:36:47,212 INFO  util.JmxRegister (JmxRegister.java:unregister(73)) - Successfully un-registered JMX Bean with object name Ratis:service=RaftServer,group=group-7FAEF086F0EA,id=bf9e593e-7983-4fed-9d6c-fff1d62489b6
2019-07-13 22:36:47,212 INFO  impl.RoleInfo (RoleInfo.java:shutdownLeaderState(104)) - bf9e593e-7983-4fed-9d6c-fff1d62489b6: shutdown LeaderState
2019-07-13 22:36:47,213 INFO  impl.PendingRequests (PendingRequests.java:sendNotLeaderResponses(202)) - bf9e593e-7983-4fed-9d6c-fff1d62489b6-PendingRequests: sendNotLeaderResponses
2019-07-13 22:36:47,216 INFO  impl.StateMachineUpdater (StateMachineUpdater.java:stopAndJoin(115)) - StateMachineUpdater:bf9e593e-7983-4fed-9d6c-fff1d62489b6:group-7FAEF086F0EA: set stopIndex = 0
2019-07-13 22:36:47,216 INFO  ratis.ContainerStateMachine (ContainerStateMachine.java:takeSnapshot(246)) - Taking snapshot at termIndex:(t:0, i:~)
2019-07-13 22:36:47,231 INFO  impl.RaftServerImpl (ServerState.java:close(394)) - bf9e593e-7983-4fed-9d6c-fff1d62489b6:group-7FAEF086F0EA closes. The last applied log index is 0
2019-07-13 22:36:47,234 INFO  segmented.SegmentedRaftLogWorker (SegmentedRaftLogWorker.java:run(313)) - bf9e593e-7983-4fed-9d6c-fff1d62489b6-SegmentedRaftLogWorker:Storage Directory /tmp/workdir/hadoop-ozone/integration-test/target/test-dir/MiniOzoneClusterImpl-40637dfe-807c-41e2-8a87-8c36a2d45a05/datanode-4/data/ratis/c4c56116-07fb-4e94-bb2f-7faef086f0ea was interrupted, exiting. There are 0 tasks remaining in the queue.
2019-07-13 22:36:47,238 INFO  segmented.SegmentedRaftLogWorker (SegmentedRaftLogWorker.java:close(228)) - bf9e593e-7983-4fed-9d6c-fff1d62489b6-SegmentedRaftLogWorker:Storage Directory /tmp/workdir/hadoop-ozone/integration-test/target/test-dir/MiniOzoneClusterImpl-40637dfe-807c-41e2-8a87-8c36a2d45a05/datanode-4/data/ratis/c4c56116-07fb-4e94-bb2f-7faef086f0ea close()
2019-07-13 22:36:47,252 INFO  impl.RaftServerImpl (RaftServerImpl.java:lambda$shutdown$3(245)) - bf9e593e-7983-4fed-9d6c-fff1d62489b6: shutdown group-4C38967AC463
2019-07-13 22:36:47,252 INFO  util.JmxRegister (JmxRegister.java:unregister(73)) - Successfully un-registered JMX Bean with object name Ratis:service=RaftServer,group=group-4C38967AC463,id=bf9e593e-7983-4fed-9d6c-fff1d62489b6
2019-07-13 22:36:47,252 INFO  impl.RoleInfo (RoleInfo.java:shutdownLeaderState(104)) - bf9e593e-7983-4fed-9d6c-fff1d62489b6: shutdown LeaderState
2019-07-13 22:36:47,256 INFO  impl.PendingRequests (PendingRequests.java:sendNotLeaderResponses(202)) - bf9e593e-7983-4fed-9d6c-fff1d62489b6-PendingRequests: sendNotLeaderResponses
2019-07-13 22:36:47,256 WARN  server.GrpcLogAppender (GrpcLogAppender.java:mayWait(143)) - GrpcLogAppender(bf9e593e-7983-4fed-9d6c-fff1d62489b6->931aa43a-3005-4ae9-bd51-950a6ab0f1a0): Wait interrupted by java.lang.InterruptedException
2019-07-13 22:36:47,256 WARN  server.GrpcLogAppender (GrpcLogAppender.java:mayWait(143)) - GrpcLogAppender(bf9e593e-7983-4fed-9d6c-fff1d62489b6->7c51e767-727f-44cf-ac53-49a5938351e1): Wait interrupted by java.lang.InterruptedException
2019-07-13 22:36:47,260 INFO  server.GrpcServerProtocolService (GrpcServerProtocolService.java:onCompleted(104)) - 7c51e767-727f-44cf-ac53-49a5938351e1: appendEntries completed
2019-07-13 22:36:47,260 INFO  server.GrpcServerProtocolService (GrpcServerProtocolService.java:onCompleted(104)) - 931aa43a-3005-4ae9-bd51-950a6ab0f1a0: appendEntries completed
2019-07-13 22:36:47,268 INFO  server.GrpcLogAppender (GrpcLogAppender.java:onCompleted(292)) - bf9e593e-7983-4fed-9d6c-fff1d62489b6->7c51e767-727f-44cf-ac53-49a5938351e1: follower responses appendEntries COMPLETED
2019-07-13 22:36:47,268 INFO  ratis.ContainerStateMachine (ContainerStateMachine.java:takeSnapshot(246)) - Taking snapshot at termIndex:(t:1, i:14)
2019-07-13 22:36:47,268 INFO  impl.StateMachineUpdater (StateMachineUpdater.java:stopAndJoin(115)) - StateMachineUpdater:bf9e593e-7983-4fed-9d6c-fff1d62489b6:group-4C38967AC463: set stopIndex = 16
2019-07-13 22:36:47,270 INFO  ratis.ContainerStateMachine (ContainerStateMachine.java:takeSnapshot(250)) - Taking a snapshot to file /tmp/workdir/hadoop-ozone/integration-test/target/test-dir/MiniOzoneClusterImpl-40637dfe-807c-41e2-8a87-8c36a2d45a05/datanode-4/data/ratis/91d49eb2-c5d8-4ffe-8166-4c38967ac463/sm/snapshot.1_14
2019-07-13 22:36:47,270 INFO  server.GrpcLogAppender (GrpcLogAppender.java:onCompleted(292)) - bf9e593e-7983-4fed-9d6c-fff1d62489b6->931aa43a-3005-4ae9-bd51-950a6ab0f1a0: follower responses appendEntries COMPLETED
2019-07-13 22:36:47,278 INFO  impl.FollowerInfo (FollowerInfo.java:lambda$new$0(50)) - bf9e593e-7983-4fed-9d6c-fff1d62489b6->7c51e767-727f-44cf-ac53-49a5938351e1: nextIndex: updateUnconditionally 17 -> 16
2019-07-13 22:36:47,279 INFO  impl.FollowerInfo (FollowerInfo.java:lambda$new$0(50)) - bf9e593e-7983-4fed-9d6c-fff1d62489b6->931aa43a-3005-4ae9-bd51-950a6ab0f1a0: nextIndex: updateUnconditionally 17 -> 16
2019-07-13 22:36:47,291 INFO  impl.StateMachineUpdater (StateMachineUpdater.java:takeSnapshot(242)) - StateMachineUpdater:bf9e593e-7983-4fed-9d6c-fff1d62489b6:group-4C38967AC463: Took a snapshot at index 14
2019-07-13 22:36:47,293 INFO  impl.StateMachineUpdater (StateMachineUpdater.java:lambda$new$0(80)) - StateMachineUpdater:bf9e593e-7983-4fed-9d6c-fff1d62489b6:group-4C38967AC463: snapshotIndex: updateIncreasingly -1 -> 14
2019-07-13 22:36:47,298 INFO  impl.RaftServerImpl (ServerState.java:close(394)) - bf9e593e-7983-4fed-9d6c-fff1d62489b6:group-4C38967AC463 closes. The last applied log index is 16
2019-07-13 22:36:47,299 INFO  segmented.SegmentedRaftLogWorker (SegmentedRaftLogWorker.java:run(313)) - bf9e593e-7983-4fed-9d6c-fff1d62489b6-SegmentedRaftLogWorker:Storage Directory /tmp/workdir/hadoop-ozone/integration-test/target/test-dir/MiniOzoneClusterImpl-40637dfe-807c-41e2-8a87-8c36a2d45a05/datanode-4/data/ratis/91d49eb2-c5d8-4ffe-8166-4c38967ac463 was interrupted, exiting. There are 0 tasks remaining in the queue.
2019-07-13 22:36:47,301 INFO  segmented.SegmentedRaftLogWorker (SegmentedRaftLogWorker.java:close(228)) - bf9e593e-7983-4fed-9d6c-fff1d62489b6-SegmentedRaftLogWorker:Storage Directory /tmp/workdir/hadoop-ozone/integration-test/target/test-dir/MiniOzoneClusterImpl-40637dfe-807c-41e2-8a87-8c36a2d45a05/datanode-4/data/ratis/91d49eb2-c5d8-4ffe-8166-4c38967ac463 close()
2019-07-13 22:36:47,305 INFO  server.GrpcService (GrpcService.java:closeImpl(155)) - bf9e593e-7983-4fed-9d6c-fff1d62489b6: shutdown server with port 41407 now
2019-07-13 22:36:47,310 INFO  server.GrpcService (GrpcService.java:closeImpl(163)) - bf9e593e-7983-4fed-9d6c-fff1d62489b6: shutdown server with port 41407 successfully
2019-07-13 22:36:47,311 WARN  client.GrpcClientProtocolService (LogUtils.java:warn(134)) - 3-UnorderedRequestStreamObserver3: onError: org.apache.ratis.thirdparty.io.grpc.StatusRuntimeException: CANCELLED: cancelled before receiving half close
2019-07-13 22:36:47,320 INFO  utils.BackgroundService (BackgroundService.java:shutdown(148)) - Shutting down service BlockDeletingService
2019-07-13 22:36:47,321 WARN  fs.CachingGetSpaceUsed (CachingGetSpaceUsed.java:run(183)) - Thread Interrupted waiting to refresh disk information: sleep interrupted
2019-07-13 22:36:47,339 INFO  statemachine.DatanodeStateMachine (DatanodeStateMachine.java:stopDaemon(395)) - Ozone container server stopped.
2019-07-13 22:36:47,342 INFO  handler.ContextHandler (ContextHandler.java:doStop(910)) - Stopped o.e.j.w.WebAppContext@34136bd1{/,null,UNAVAILABLE}{/hddsDatanode}
2019-07-13 22:36:47,347 INFO  server.AbstractConnector (AbstractConnector.java:doStop(318)) - Stopped ServerConnector@6de7778f{HTTP/1.1,[http/1.1]}{0.0.0.0:0}
2019-07-13 22:36:47,347 INFO  handler.ContextHandler (ContextHandler.java:doStop(910)) - Stopped o.e.j.s.ServletContextHandler@615db358{/static,jar:file:/home/user/.m2/repository/org/apache/hadoop/hadoop-hdds-container-service/0.5.0-SNAPSHOT/hadoop-hdds-container-service-0.5.0-SNAPSHOT.jar!/webapps/static,UNAVAILABLE}
2019-07-13 22:36:47,348 INFO  handler.ContextHandler (ContextHandler.java:doStop(910)) - Stopped o.e.j.s.ServletContextHandler@7aa01bd9{/logs,file:///tmp/workdir/hadoop-ozone/integration-test/target/log,UNAVAILABLE}
2019-07-13 22:36:47,349 INFO  datanode.ObjectStoreHandler (ObjectStoreHandler.java:close(155)) - Closing ObjectStoreHandler.
2019-07-13 22:36:47,350 INFO  ozone.HddsDatanodeService (HddsDatanodeService.java:stop(452)) - Stopped plug-in org.apache.hadoop.ozone.web.OzoneHddsDatanodeService@112c2930
2019-07-13 22:36:47,994 INFO  statemachine.DatanodeStateMachine (DatanodeStateMachine.java:lambda$startDaemon$0(350)) - Ozone container server started.
2019-07-13 22:36:52,351 INFO  ozoneimpl.OzoneContainer (OzoneContainer.java:stop(199)) - Attempting to stop container services.
2019-07-13 22:36:52,352 INFO  impl.RaftServerProxy (RaftServerProxy.java:lambda$close$4(314)) - 7c51e767-727f-44cf-ac53-49a5938351e1: close
2019-07-13 22:36:52,353 INFO  impl.RaftServerImpl (RaftServerImpl.java:lambda$shutdown$3(245)) - 7c51e767-727f-44cf-ac53-49a5938351e1: shutdown group-4C38967AC463
2019-07-13 22:36:52,353 INFO  impl.RaftServerImpl (RaftServerImpl.java:lambda$shutdown$3(245)) - 7c51e767-727f-44cf-ac53-49a5938351e1: shutdown group-B80CFBAFAA10
2019-07-13 22:36:52,353 INFO  util.JmxRegister (JmxRegister.java:unregister(73)) - Successfully un-registered JMX Bean with object name Ratis:service=RaftServer,group=group-4C38967AC463,id=7c51e767-727f-44cf-ac53-49a5938351e1
2019-07-13 22:36:52,353 INFO  util.JmxRegister (JmxRegister.java:unregister(73)) - Successfully un-registered JMX Bean with object name Ratis:service=RaftServer,group=group-B80CFBAFAA10,id=7c51e767-727f-44cf-ac53-49a5938351e1
2019-07-13 22:36:52,354 INFO  impl.RoleInfo (RoleInfo.java:shutdownFollowerState(121)) - 7c51e767-727f-44cf-ac53-49a5938351e1: shutdown FollowerState
2019-07-13 22:36:52,354 INFO  impl.RoleInfo (RoleInfo.java:shutdownLeaderState(104)) - 7c51e767-727f-44cf-ac53-49a5938351e1: shutdown LeaderState
2019-07-13 22:36:52,355 INFO  ratis.ContainerStateMachine (ContainerStateMachine.java:takeSnapshot(246)) - Taking snapshot at termIndex:(t:1, i:14)
2019-07-13 22:36:52,354 INFO  impl.FollowerState (FollowerState.java:run(114)) - 7c51e767-727f-44cf-ac53-49a5938351e1: FollowerState was interrupted: java.lang.InterruptedException: sleep interrupted
2019-07-13 22:36:52,354 INFO  impl.StateMachineUpdater (StateMachineUpdater.java:stopAndJoin(115)) - StateMachineUpdater:7c51e767-727f-44cf-ac53-49a5938351e1:group-4C38967AC463: set stopIndex = 16
2019-07-13 22:36:52,357 INFO  ratis.ContainerStateMachine (ContainerStateMachine.java:takeSnapshot(250)) - Taking a snapshot to file /tmp/workdir/hadoop-ozone/integration-test/target/test-dir/MiniOzoneClusterImpl-40637dfe-807c-41e2-8a87-8c36a2d45a05/datanode-6/data/ratis/91d49eb2-c5d8-4ffe-8166-4c38967ac463/sm/snapshot.1_14
2019-07-13 22:36:52,355 INFO  impl.PendingRequests (PendingRequests.java:sendNotLeaderResponses(202)) - 7c51e767-727f-44cf-ac53-49a5938351e1-PendingRequests: sendNotLeaderResponses
2019-07-13 22:36:52,360 INFO  impl.StateMachineUpdater (StateMachineUpdater.java:stopAndJoin(115)) - StateMachineUpdater:7c51e767-727f-44cf-ac53-49a5938351e1:group-B80CFBAFAA10: set stopIndex = 0
2019-07-13 22:36:52,360 INFO  ratis.ContainerStateMachine (ContainerStateMachine.java:takeSnapshot(246)) - Taking snapshot at termIndex:(t:0, i:~)
2019-07-13 22:36:52,361 INFO  impl.RaftServerImpl (ServerState.java:close(394)) - 7c51e767-727f-44cf-ac53-49a5938351e1:group-B80CFBAFAA10 closes. The last applied log index is 0
2019-07-13 22:36:52,361 INFO  segmented.SegmentedRaftLogWorker (SegmentedRaftLogWorker.java:run(313)) - 7c51e767-727f-44cf-ac53-49a5938351e1-SegmentedRaftLogWorker:Storage Directory /tmp/workdir/hadoop-ozone/integration-test/target/test-dir/MiniOzoneClusterImpl-40637dfe-807c-41e2-8a87-8c36a2d45a05/datanode-6/data/ratis/2681cd04-c8fc-46f3-a850-b80cfbafaa10 was interrupted, exiting. There are 0 tasks remaining in the queue.
2019-07-13 22:36:52,372 INFO  impl.StateMachineUpdater (StateMachineUpdater.java:takeSnapshot(242)) - StateMachineUpdater:7c51e767-727f-44cf-ac53-49a5938351e1:group-4C38967AC463: Took a snapshot at index 14
2019-07-13 22:36:52,372 INFO  segmented.SegmentedRaftLogWorker (SegmentedRaftLogWorker.java:close(228)) - 7c51e767-727f-44cf-ac53-49a5938351e1-SegmentedRaftLogWorker:Storage Directory /tmp/workdir/hadoop-ozone/integration-test/target/test-dir/MiniOzoneClusterImpl-40637dfe-807c-41e2-8a87-8c36a2d45a05/datanode-6/data/ratis/2681cd04-c8fc-46f3-a850-b80cfbafaa10 close()
2019-07-13 22:36:52,372 INFO  impl.StateMachineUpdater (StateMachineUpdater.java:lambda$new$0(80)) - StateMachineUpdater:7c51e767-727f-44cf-ac53-49a5938351e1:group-4C38967AC463: snapshotIndex: updateIncreasingly -1 -> 14
2019-07-13 22:36:52,376 INFO  impl.RaftServerImpl (ServerState.java:close(394)) - 7c51e767-727f-44cf-ac53-49a5938351e1:group-4C38967AC463 closes. The last applied log index is 16
2019-07-13 22:36:52,377 INFO  segmented.SegmentedRaftLogWorker (SegmentedRaftLogWorker.java:run(313)) - 7c51e767-727f-44cf-ac53-49a5938351e1-SegmentedRaftLogWorker:Storage Directory /tmp/workdir/hadoop-ozone/integration-test/target/test-dir/MiniOzoneClusterImpl-40637dfe-807c-41e2-8a87-8c36a2d45a05/datanode-6/data/ratis/91d49eb2-c5d8-4ffe-8166-4c38967ac463 was interrupted, exiting. There are 0 tasks remaining in the queue.
2019-07-13 22:36:52,379 INFO  segmented.SegmentedRaftLogWorker (SegmentedRaftLogWorker.java:close(228)) - 7c51e767-727f-44cf-ac53-49a5938351e1-SegmentedRaftLogWorker:Storage Directory /tmp/workdir/hadoop-ozone/integration-test/target/test-dir/MiniOzoneClusterImpl-40637dfe-807c-41e2-8a87-8c36a2d45a05/datanode-6/data/ratis/91d49eb2-c5d8-4ffe-8166-4c38967ac463 close()
2019-07-13 22:36:52,383 INFO  server.GrpcService (GrpcService.java:closeImpl(155)) - 7c51e767-727f-44cf-ac53-49a5938351e1: shutdown server with port 36546 now
2019-07-13 22:36:52,389 INFO  server.GrpcService (GrpcService.java:closeImpl(163)) - 7c51e767-727f-44cf-ac53-49a5938351e1: shutdown server with port 36546 successfully
2019-07-13 22:36:52,391 INFO  utils.BackgroundService (BackgroundService.java:shutdown(148)) - Shutting down service BlockDeletingService
2019-07-13 22:36:52,392 WARN  fs.CachingGetSpaceUsed (CachingGetSpaceUsed.java:run(183)) - Thread Interrupted waiting to refresh disk information: sleep interrupted
2019-07-13 22:36:52,416 INFO  statemachine.DatanodeStateMachine (DatanodeStateMachine.java:stopDaemon(395)) - Ozone container server stopped.
2019-07-13 22:36:52,429 INFO  handler.ContextHandler (ContextHandler.java:doStop(910)) - Stopped o.e.j.w.WebAppContext@448ade1{/,null,UNAVAILABLE}{/hddsDatanode}
2019-07-13 22:36:52,430 INFO  server.AbstractConnector (AbstractConnector.java:doStop(318)) - Stopped ServerConnector@21f9c6ea{HTTP/1.1,[http/1.1]}{0.0.0.0:0}
2019-07-13 22:36:52,430 INFO  handler.ContextHandler (ContextHandler.java:doStop(910)) - Stopped o.e.j.s.ServletContextHandler@6568f998{/static,jar:file:/home/user/.m2/repository/org/apache/hadoop/hadoop-hdds-container-service/0.5.0-SNAPSHOT/hadoop-hdds-container-service-0.5.0-SNAPSHOT.jar!/webapps/static,UNAVAILABLE}
2019-07-13 22:36:52,431 INFO  handler.ContextHandler (ContextHandler.java:doStop(910)) - Stopped o.e.j.s.ServletContextHandler@718989fa{/logs,file:///tmp/workdir/hadoop-ozone/integration-test/target/log,UNAVAILABLE}
2019-07-13 22:36:56,506 WARN  io.KeyOutputStream (KeyOutputStream.java:handleException(276)) - Encountered exception java.io.IOException: Unexpected Storage Container Exception: java.util.concurrent.CompletionException: java.util.concurrent.CompletionException: org.apache.ratis.protocol.RaftRetryFailureException: Failed RaftClientRequest:client-7BE6B2320197->7c51e767-727f-44cf-ac53-49a5938351e1@group-4C38967AC463, cid=22, seq=9*, RW, org.apache.hadoop.hdds.scm.XceiverClientRatis$$Lambda$311/674659751@6ffe2325 for 5 attempts with RetryLimited(maxAttempts=5, sleepTime=1000ms) on the pipeline Pipeline[ Id: 91d49eb2-c5d8-4ffe-8166-4c38967ac463, Nodes: bf9e593e-7983-4fed-9d6c-fff1d62489b6{ip: 192.168.5.159, host: trunk-nightly-x8m8d-1534914823, networkLocation: /default-rack, certSerialId: null}7c51e767-727f-44cf-ac53-49a5938351e1{ip: 192.168.5.159, host: trunk-nightly-x8m8d-1534914823, networkLocation: /default-rack, certSerialId: null}931aa43a-3005-4ae9-bd51-950a6ab0f1a0{ip: 192.168.5.159, host: trunk-nightly-x8m8d-1534914823, networkLocation: /default-rack, certSerialId: null}, Type:RATIS, Factor:THREE, State:OPEN]. The last committed block length is 450, uncommitted data length is 350 retry count 0
2019-07-13 22:36:56,663 INFO  impl.FollowerState (FollowerState.java:run(106)) - 931aa43a-3005-4ae9-bd51-950a6ab0f1a0:group-4C38967AC463 changes to CANDIDATE, lastRpcTime:9472, electionTimeout:5024ms
2019-07-13 22:36:56,663 INFO  impl.RoleInfo (RoleInfo.java:shutdownFollowerState(121)) - 931aa43a-3005-4ae9-bd51-950a6ab0f1a0: shutdown FollowerState
2019-07-13 22:36:56,663 INFO  impl.RaftServerImpl (RaftServerImpl.java:setRole(171)) - 931aa43a-3005-4ae9-bd51-950a6ab0f1a0:group-4C38967AC463 changes role from FOLLOWER to CANDIDATE at term 1 for changeToCandidate
2019-07-13 22:36:56,664 INFO  impl.RoleInfo (RoleInfo.java:updateAndGet(143)) - 931aa43a-3005-4ae9-bd51-950a6ab0f1a0: start LeaderElection
2019-07-13 22:36:56,666 INFO  impl.RaftServerImpl (ServerState.java:setLeader(263)) - 931aa43a-3005-4ae9-bd51-950a6ab0f1a0:group-4C38967AC463 change Leader from bf9e593e-7983-4fed-9d6c-fff1d62489b6 to null at term 1 for initElection
2019-07-13 22:36:56,684 INFO  impl.LeaderElection (LeaderElection.java:askForVotes(181)) - 931aa43a-3005-4ae9-bd51-950a6ab0f1a0:group-4C38967AC463:LeaderElection12: begin an election at term 2 for 0: [931aa43a-3005-4ae9-bd51-950a6ab0f1a0:192.168.5.159:40307, bf9e593e-7983-4fed-9d6c-fff1d62489b6:192.168.5.159:41407, 7c51e767-727f-44cf-ac53-49a5938351e1:192.168.5.159:36546], old=null
2019-07-13 22:36:56,699 INFO  impl.LeaderElection (LogUtils.java:infoOrTrace(149)) - 931aa43a-3005-4ae9-bd51-950a6ab0f1a0:group-4C38967AC463:LeaderElection12 got exception when requesting votes: {}
java.util.concurrent.ExecutionException: org.apache.ratis.thirdparty.io.grpc.StatusRuntimeException: UNAVAILABLE: io exception
	at java.util.concurrent.FutureTask.report(FutureTask.java:122)
	at java.util.concurrent.FutureTask.get(FutureTask.java:192)
	at org.apache.ratis.server.impl.LeaderElection.waitForResults(LeaderElection.java:262)
	at org.apache.ratis.server.impl.LeaderElection.askForVotes(LeaderElection.java:200)
	at org.apache.ratis.server.impl.LeaderElection.run(LeaderElection.java:130)
	at java.lang.Thread.run(Thread.java:748)
Caused by: org.apache.ratis.thirdparty.io.grpc.StatusRuntimeException: UNAVAILABLE: io exception
	at org.apache.ratis.thirdparty.io.grpc.stub.ClientCalls.toStatusRuntimeException(ClientCalls.java:233)
	at org.apache.ratis.thirdparty.io.grpc.stub.ClientCalls.getUnchecked(ClientCalls.java:214)
	at org.apache.ratis.thirdparty.io.grpc.stub.ClientCalls.blockingUnaryCall(ClientCalls.java:139)
	at org.apache.ratis.proto.grpc.RaftServerProtocolServiceGrpc$RaftServerProtocolServiceBlockingStub.requestVote(RaftServerProtocolServiceGrpc.java:265)
	at org.apache.ratis.grpc.server.GrpcServerProtocolClient.requestVote(GrpcServerProtocolClient.java:83)
	at org.apache.ratis.grpc.server.GrpcService.requestVote(GrpcService.java:195)
	at org.apache.ratis.server.impl.LeaderElection.lambda$submitRequests$1(LeaderElection.java:237)
	at java.util.concurrent.FutureTask.run(FutureTask.java:266)
	at java.util.concurrent.Executors$RunnableAdapter.call(Executors.java:511)
	at java.util.concurrent.FutureTask.run(FutureTask.java:266)
	at java.util.concurrent.ThreadPoolExecutor.runWorker(ThreadPoolExecutor.java:1149)
	at java.util.concurrent.ThreadPoolExecutor$Worker.run(ThreadPoolExecutor.java:624)
	... 1 more
Caused by: org.apache.ratis.thirdparty.io.netty.channel.AbstractChannel$AnnotatedConnectException: Connection refused: /192.168.5.159:36546
	at sun.nio.ch.SocketChannelImpl.checkConnect(Native Method)
	at sun.nio.ch.SocketChannelImpl.finishConnect(SocketChannelImpl.java:717)
	at org.apache.ratis.thirdparty.io.netty.channel.socket.nio.NioSocketChannel.doFinishConnect(NioSocketChannel.java:327)
	at org.apache.ratis.thirdparty.io.netty.channel.nio.AbstractNioChannel$AbstractNioUnsafe.finishConnect(AbstractNioChannel.java:340)
	at org.apache.ratis.thirdparty.io.netty.channel.nio.NioEventLoop.processSelectedKey(NioEventLoop.java:632)
	at org.apache.ratis.thirdparty.io.netty.channel.nio.NioEventLoop.processSelectedKeysOptimized(NioEventLoop.java:579)
	at org.apache.ratis.thirdparty.io.netty.channel.nio.NioEventLoop.processSelectedKeys(NioEventLoop.java:496)
	at org.apache.ratis.thirdparty.io.netty.channel.nio.NioEventLoop.run(NioEventLoop.java:458)
	at org.apache.ratis.thirdparty.io.netty.util.concurrent.SingleThreadEventExecutor$5.run(SingleThreadEventExecutor.java:897)
	at org.apache.ratis.thirdparty.io.netty.util.concurrent.FastThreadLocalRunnable.run(FastThreadLocalRunnable.java:30)
	... 1 more
Caused by: java.net.ConnectException: Connection refused
	... 11 more
2019-07-13 22:36:56,704 INFO  impl.LeaderElection (LogUtils.java:infoOrTrace(149)) - 931aa43a-3005-4ae9-bd51-950a6ab0f1a0:group-4C38967AC463:LeaderElection12 got exception when requesting votes: {}
java.util.concurrent.ExecutionException: org.apache.ratis.thirdparty.io.grpc.StatusRuntimeException: UNAVAILABLE: io exception
	at java.util.concurrent.FutureTask.report(FutureTask.java:122)
	at java.util.concurrent.FutureTask.get(FutureTask.java:192)
	at org.apache.ratis.server.impl.LeaderElection.waitForResults(LeaderElection.java:262)
	at org.apache.ratis.server.impl.LeaderElection.askForVotes(LeaderElection.java:200)
	at org.apache.ratis.server.impl.LeaderElection.run(LeaderElection.java:130)
	at java.lang.Thread.run(Thread.java:748)
Caused by: org.apache.ratis.thirdparty.io.grpc.StatusRuntimeException: UNAVAILABLE: io exception
	at org.apache.ratis.thirdparty.io.grpc.stub.ClientCalls.toStatusRuntimeException(ClientCalls.java:233)
	at org.apache.ratis.thirdparty.io.grpc.stub.ClientCalls.getUnchecked(ClientCalls.java:214)
	at org.apache.ratis.thirdparty.io.grpc.stub.ClientCalls.blockingUnaryCall(ClientCalls.java:139)
	at org.apache.ratis.proto.grpc.RaftServerProtocolServiceGrpc$RaftServerProtocolServiceBlockingStub.requestVote(RaftServerProtocolServiceGrpc.java:265)
	at org.apache.ratis.grpc.server.GrpcServerProtocolClient.requestVote(GrpcServerProtocolClient.java:83)
	at org.apache.ratis.grpc.server.GrpcService.requestVote(GrpcService.java:195)
	at org.apache.ratis.server.impl.LeaderElection.lambda$submitRequests$1(LeaderElection.java:237)
	at java.util.concurrent.FutureTask.run(FutureTask.java:266)
	at java.util.concurrent.Executors$RunnableAdapter.call(Executors.java:511)
	at java.util.concurrent.FutureTask.run(FutureTask.java:266)
	at java.util.concurrent.ThreadPoolExecutor.runWorker(ThreadPoolExecutor.java:1149)
	at java.util.concurrent.ThreadPoolExecutor$Worker.run(ThreadPoolExecutor.java:624)
	... 1 more
Caused by: org.apache.ratis.thirdparty.io.netty.channel.AbstractChannel$AnnotatedConnectException: Connection refused: /192.168.5.159:41407
	at sun.nio.ch.SocketChannelImpl.checkConnect(Native Method)
	at sun.nio.ch.SocketChannelImpl.finishConnect(SocketChannelImpl.java:717)
	at org.apache.ratis.thirdparty.io.netty.channel.socket.nio.NioSocketChannel.doFinishConnect(NioSocketChannel.java:327)
	at org.apache.ratis.thirdparty.io.netty.channel.nio.AbstractNioChannel$AbstractNioUnsafe.finishConnect(AbstractNioChannel.java:340)
	at org.apache.ratis.thirdparty.io.netty.channel.nio.NioEventLoop.processSelectedKey(NioEventLoop.java:632)
	at org.apache.ratis.thirdparty.io.netty.channel.nio.NioEventLoop.processSelectedKeysOptimized(NioEventLoop.java:579)
	at org.apache.ratis.thirdparty.io.netty.channel.nio.NioEventLoop.processSelectedKeys(NioEventLoop.java:496)
	at org.apache.ratis.thirdparty.io.netty.channel.nio.NioEventLoop.run(NioEventLoop.java:458)
	at org.apache.ratis.thirdparty.io.netty.util.concurrent.SingleThreadEventExecutor$5.run(SingleThreadEventExecutor.java:897)
	at org.apache.ratis.thirdparty.io.netty.util.concurrent.FastThreadLocalRunnable.run(FastThreadLocalRunnable.java:30)
	... 1 more
Caused by: java.net.ConnectException: Connection refused
	... 11 more
2019-07-13 22:36:56,706 INFO  impl.LeaderElection (LeaderElection.java:logAndReturn(56)) - 931aa43a-3005-4ae9-bd51-950a6ab0f1a0:group-4C38967AC463:LeaderElection12: Election REJECTED; received 0 response(s) [] and 2 exception(s); 931aa43a-3005-4ae9-bd51-950a6ab0f1a0:t2, leader=null, voted=931aa43a-3005-4ae9-bd51-950a6ab0f1a0, raftlog=931aa43a-3005-4ae9-bd51-950a6ab0f1a0-SegmentedRaftLog:OPENED:c16,f16,i16, conf=0: [931aa43a-3005-4ae9-bd51-950a6ab0f1a0:192.168.5.159:40307, bf9e593e-7983-4fed-9d6c-fff1d62489b6:192.168.5.159:41407, 7c51e767-727f-44cf-ac53-49a5938351e1:192.168.5.159:36546], old=null
2019-07-13 22:36:56,706 INFO  impl.LeaderElection (LogUtils.java:infoOrTrace(149)) -   Exception 0: {}
java.util.concurrent.ExecutionException: org.apache.ratis.thirdparty.io.grpc.StatusRuntimeException: UNAVAILABLE: io exception
	at java.util.concurrent.FutureTask.report(FutureTask.java:122)
	at java.util.concurrent.FutureTask.get(FutureTask.java:192)
	at org.apache.ratis.server.impl.LeaderElection.waitForResults(LeaderElection.java:262)
	at org.apache.ratis.server.impl.LeaderElection.askForVotes(LeaderElection.java:200)
	at org.apache.ratis.server.impl.LeaderElection.run(LeaderElection.java:130)
	at java.lang.Thread.run(Thread.java:748)
Caused by: org.apache.ratis.thirdparty.io.grpc.StatusRuntimeException: UNAVAILABLE: io exception
	at org.apache.ratis.thirdparty.io.grpc.stub.ClientCalls.toStatusRuntimeException(ClientCalls.java:233)
	at org.apache.ratis.thirdparty.io.grpc.stub.ClientCalls.getUnchecked(ClientCalls.java:214)
	at org.apache.ratis.thirdparty.io.grpc.stub.ClientCalls.blockingUnaryCall(ClientCalls.java:139)
	at org.apache.ratis.proto.grpc.RaftServerProtocolServiceGrpc$RaftServerProtocolServiceBlockingStub.requestVote(RaftServerProtocolServiceGrpc.java:265)
	at org.apache.ratis.grpc.server.GrpcServerProtocolClient.requestVote(GrpcServerProtocolClient.java:83)
	at org.apache.ratis.grpc.server.GrpcService.requestVote(GrpcService.java:195)
	at org.apache.ratis.server.impl.LeaderElection.lambda$submitRequests$1(LeaderElection.java:237)
	at java.util.concurrent.FutureTask.run(FutureTask.java:266)
	at java.util.concurrent.Executors$RunnableAdapter.call(Executors.java:511)
	at java.util.concurrent.FutureTask.run(FutureTask.java:266)
	at java.util.concurrent.ThreadPoolExecutor.runWorker(ThreadPoolExecutor.java:1149)
	at java.util.concurrent.ThreadPoolExecutor$Worker.run(ThreadPoolExecutor.java:624)
	... 1 more
Caused by: org.apache.ratis.thirdparty.io.netty.channel.AbstractChannel$AnnotatedConnectException: Connection refused: /192.168.5.159:36546
	at sun.nio.ch.SocketChannelImpl.checkConnect(Native Method)
	at sun.nio.ch.SocketChannelImpl.finishConnect(SocketChannelImpl.java:717)
	at org.apache.ratis.thirdparty.io.netty.channel.socket.nio.NioSocketChannel.doFinishConnect(NioSocketChannel.java:327)
	at org.apache.ratis.thirdparty.io.netty.channel.nio.AbstractNioChannel$AbstractNioUnsafe.finishConnect(AbstractNioChannel.java:340)
	at org.apache.ratis.thirdparty.io.netty.channel.nio.NioEventLoop.processSelectedKey(NioEventLoop.java:632)
	at org.apache.ratis.thirdparty.io.netty.channel.nio.NioEventLoop.processSelectedKeysOptimized(NioEventLoop.java:579)
	at org.apache.ratis.thirdparty.io.netty.channel.nio.NioEventLoop.processSelectedKeys(NioEventLoop.java:496)
	at org.apache.ratis.thirdparty.io.netty.channel.nio.NioEventLoop.run(NioEventLoop.java:458)
	at org.apache.ratis.thirdparty.io.netty.util.concurrent.SingleThreadEventExecutor$5.run(SingleThreadEventExecutor.java:897)
	at org.apache.ratis.thirdparty.io.netty.util.concurrent.FastThreadLocalRunnable.run(FastThreadLocalRunnable.java:30)
	... 1 more
Caused by: java.net.ConnectException: Connection refused
	... 11 more
2019-07-13 22:36:56,707 INFO  impl.LeaderElection (LogUtils.java:infoOrTrace(149)) -   Exception 1: {}
java.util.concurrent.ExecutionException: org.apache.ratis.thirdparty.io.grpc.StatusRuntimeException: UNAVAILABLE: io exception
	at java.util.concurrent.FutureTask.report(FutureTask.java:122)
	at java.util.concurrent.FutureTask.get(FutureTask.java:192)
	at org.apache.ratis.server.impl.LeaderElection.waitForResults(LeaderElection.java:262)
	at org.apache.ratis.server.impl.LeaderElection.askForVotes(LeaderElection.java:200)
	at org.apache.ratis.server.impl.LeaderElection.run(LeaderElection.java:130)
	at java.lang.Thread.run(Thread.java:748)
Caused by: org.apache.ratis.thirdparty.io.grpc.StatusRuntimeException: UNAVAILABLE: io exception
	at org.apache.ratis.thirdparty.io.grpc.stub.ClientCalls.toStatusRuntimeException(ClientCalls.java:233)
	at org.apache.ratis.thirdparty.io.grpc.stub.ClientCalls.getUnchecked(ClientCalls.java:214)
	at org.apache.ratis.thirdparty.io.grpc.stub.ClientCalls.blockingUnaryCall(ClientCalls.java:139)
	at org.apache.ratis.proto.grpc.RaftServerProtocolServiceGrpc$RaftServerProtocolServiceBlockingStub.requestVote(RaftServerProtocolServiceGrpc.java:265)
	at org.apache.ratis.grpc.server.GrpcServerProtocolClient.requestVote(GrpcServerProtocolClient.java:83)
	at org.apache.ratis.grpc.server.GrpcService.requestVote(GrpcService.java:195)
	at org.apache.ratis.server.impl.LeaderElection.lambda$submitRequests$1(LeaderElection.java:237)
	at java.util.concurrent.FutureTask.run(FutureTask.java:266)
	at java.util.concurrent.Executors$RunnableAdapter.call(Executors.java:511)
	at java.util.concurrent.FutureTask.run(FutureTask.java:266)
	at java.util.concurrent.ThreadPoolExecutor.runWorker(ThreadPoolExecutor.java:1149)
	at java.util.concurrent.ThreadPoolExecutor$Worker.run(ThreadPoolExecutor.java:624)
	... 1 more
Caused by: org.apache.ratis.thirdparty.io.netty.channel.AbstractChannel$AnnotatedConnectException: Connection refused: /192.168.5.159:41407
	at sun.nio.ch.SocketChannelImpl.checkConnect(Native Method)
	at sun.nio.ch.SocketChannelImpl.finishConnect(SocketChannelImpl.java:717)
	at org.apache.ratis.thirdparty.io.netty.channel.socket.nio.NioSocketChannel.doFinishConnect(NioSocketChannel.java:327)
	at org.apache.ratis.thirdparty.io.netty.channel.nio.AbstractNioChannel$AbstractNioUnsafe.finishConnect(AbstractNioChannel.java:340)
	at org.apache.ratis.thirdparty.io.netty.channel.nio.NioEventLoop.processSelectedKey(NioEventLoop.java:632)
	at org.apache.ratis.thirdparty.io.netty.channel.nio.NioEventLoop.processSelectedKeysOptimized(NioEventLoop.java:579)
	at org.apache.ratis.thirdparty.io.netty.channel.nio.NioEventLoop.processSelectedKeys(NioEventLoop.java:496)
	at org.apache.ratis.thirdparty.io.netty.channel.nio.NioEventLoop.run(NioEventLoop.java:458)
	at org.apache.ratis.thirdparty.io.netty.util.concurrent.SingleThreadEventExecutor$5.run(SingleThreadEventExecutor.java:897)
	at org.apache.ratis.thirdparty.io.netty.util.concurrent.FastThreadLocalRunnable.run(FastThreadLocalRunnable.java:30)
	... 1 more
Caused by: java.net.ConnectException: Connection refused
	... 11 more
2019-07-13 22:36:56,712 INFO  impl.RaftServerImpl (RaftServerImpl.java:setRole(171)) - 931aa43a-3005-4ae9-bd51-950a6ab0f1a0:group-4C38967AC463 changes role from CANDIDATE to FOLLOWER at term 2 for DISCOVERED_A_NEW_TERM
2019-07-13 22:36:56,714 INFO  impl.RoleInfo (RoleInfo.java:shutdownLeaderElection(134)) - 931aa43a-3005-4ae9-bd51-950a6ab0f1a0: shutdown LeaderElection
2019-07-13 22:36:56,715 INFO  impl.RoleInfo (RoleInfo.java:updateAndGet(143)) - 931aa43a-3005-4ae9-bd51-950a6ab0f1a0: start FollowerState
2019-07-13 22:36:56,720 INFO  client.GrpcClientProtocolClient (GrpcClientProtocolClient.java:onNext(255)) - client-0325B9400D8C->90fad2f9-8619-403a-b387-4386a6a7dcfc: receive RaftClientReply:client-0325B9400D8C->90fad2f9-8619-403a-b387-4386a6a7dcfc@group-7D501A796C5C, cid=28, SUCCESS, logIndex=1, commits[90fad2f9-8619-403a-b387-4386a6a7dcfc:c1, 4b315b76-54dd-4e3a-8b9a-0eb280f315a1:c0, c76790ed-5c5b-4d4d-a5dc-fb4e5e696d3d:c0]
2019-07-13 22:36:56,755 INFO  client.GrpcClientProtocolClient (GrpcClientProtocolClient.java:onNext(255)) - client-0325B9400D8C->90fad2f9-8619-403a-b387-4386a6a7dcfc: receive RaftClientReply:client-0325B9400D8C->90fad2f9-8619-403a-b387-4386a6a7dcfc@group-7D501A796C5C, cid=29, SUCCESS, logIndex=3, commits[90fad2f9-8619-403a-b387-4386a6a7dcfc:c3, 4b315b76-54dd-4e3a-8b9a-0eb280f315a1:c2, c76790ed-5c5b-4d4d-a5dc-fb4e5e696d3d:c2]
2019-07-13 22:36:56,795 INFO  client.GrpcClientProtocolClient (GrpcClientProtocolClient.java:onNext(255)) - client-0325B9400D8C->90fad2f9-8619-403a-b387-4386a6a7dcfc: receive RaftClientReply:client-0325B9400D8C->90fad2f9-8619-403a-b387-4386a6a7dcfc@group-7D501A796C5C, cid=30, SUCCESS, logIndex=4, commits[90fad2f9-8619-403a-b387-4386a6a7dcfc:c12, 4b315b76-54dd-4e3a-8b9a-0eb280f315a1:c7, c76790ed-5c5b-4d4d-a5dc-fb4e5e696d3d:c7]
2019-07-13 22:36:56,796 INFO  client.GrpcClientProtocolClient (GrpcClientProtocolClient.java:onNext(255)) - client-0325B9400D8C->90fad2f9-8619-403a-b387-4386a6a7dcfc: receive RaftClientReply:client-0325B9400D8C->90fad2f9-8619-403a-b387-4386a6a7dcfc@group-7D501A796C5C, cid=31, SUCCESS, logIndex=5, commits[90fad2f9-8619-403a-b387-4386a6a7dcfc:c12, 4b315b76-54dd-4e3a-8b9a-0eb280f315a1:c7, c76790ed-5c5b-4d4d-a5dc-fb4e5e696d3d:c7]
2019-07-13 22:36:56,798 INFO  client.GrpcClientProtocolClient (GrpcClientProtocolClient.java:onNext(255)) - client-0325B9400D8C->90fad2f9-8619-403a-b387-4386a6a7dcfc: receive RaftClientReply:client-0325B9400D8C->90fad2f9-8619-403a-b387-4386a6a7dcfc@group-7D501A796C5C, cid=32, SUCCESS, logIndex=6, commits[90fad2f9-8619-403a-b387-4386a6a7dcfc:c12, 4b315b76-54dd-4e3a-8b9a-0eb280f315a1:c7, c76790ed-5c5b-4d4d-a5dc-fb4e5e696d3d:c7]
2019-07-13 22:36:56,849 INFO  client.GrpcClientProtocolClient (GrpcClientProtocolClient.java:onNext(255)) - client-0325B9400D8C->90fad2f9-8619-403a-b387-4386a6a7dcfc: receive RaftClientReply:client-0325B9400D8C->90fad2f9-8619-403a-b387-4386a6a7dcfc@group-7D501A796C5C, cid=33, SUCCESS, logIndex=7, commits[90fad2f9-8619-403a-b387-4386a6a7dcfc:c12, 4b315b76-54dd-4e3a-8b9a-0eb280f315a1:c7, c76790ed-5c5b-4d4d-a5dc-fb4e5e696d3d:c7]
2019-07-13 22:36:56,872 INFO  client.GrpcClientProtocolClient (GrpcClientProtocolClient.java:onNext(255)) - client-0325B9400D8C->90fad2f9-8619-403a-b387-4386a6a7dcfc: receive RaftClientReply:client-0325B9400D8C->90fad2f9-8619-403a-b387-4386a6a7dcfc@group-7D501A796C5C, cid=34, SUCCESS, logIndex=13, commits[90fad2f9-8619-403a-b387-4386a6a7dcfc:c14, 4b315b76-54dd-4e3a-8b9a-0eb280f315a1:c12, c76790ed-5c5b-4d4d-a5dc-fb4e5e696d3d:c12]
2019-07-13 22:36:56,872 INFO  client.GrpcClientProtocolClient (GrpcClientProtocolClient.java:onNext(255)) - client-0325B9400D8C->90fad2f9-8619-403a-b387-4386a6a7dcfc: receive RaftClientReply:client-0325B9400D8C->90fad2f9-8619-403a-b387-4386a6a7dcfc@group-7D501A796C5C, cid=35, SUCCESS, logIndex=14, commits[90fad2f9-8619-403a-b387-4386a6a7dcfc:c14, 4b315b76-54dd-4e3a-8b9a-0eb280f315a1:c12, c76790ed-5c5b-4d4d-a5dc-fb4e5e696d3d:c12]
2019-07-13 22:36:56,879 INFO  client.GrpcClientProtocolClient (GrpcClientProtocolClient.java:onNext(255)) - client-0325B9400D8C->90fad2f9-8619-403a-b387-4386a6a7dcfc: receive RaftClientReply:client-0325B9400D8C->90fad2f9-8619-403a-b387-4386a6a7dcfc@group-7D501A796C5C, cid=36, SUCCESS, logIndex=0, commits[90fad2f9-8619-403a-b387-4386a6a7dcfc:c16, 4b315b76-54dd-4e3a-8b9a-0eb280f315a1:c14, c76790ed-5c5b-4d4d-a5dc-fb4e5e696d3d:c14]
2019-07-13 22:36:56,942 INFO  pipeline.Pipeline (Pipeline.java:getProtobufMessage(195)) - Serialize pipeline PipelineID=91d49eb2-c5d8-4ffe-8166-4c38967ac463 with nodesInOrder{ }
2019-07-13 22:36:56,942 INFO  pipeline.Pipeline (Pipeline.java:getProtobufMessage(195)) - Serialize pipeline PipelineID=4eb935d6-f604-4748-aa33-7d501a796c5c with nodesInOrder{ }
2019-07-13 22:36:56,943 INFO  pipeline.Pipeline (Pipeline.java:build(342)) - Deserialize nodesInOrder [7c51e767-727f-44cf-ac53-49a5938351e1{ip: 192.168.5.159, host: trunk-nightly-x8m8d-1534914823, networkLocation: /default-rack, certSerialId: null}, 7c51e767-727f-44cf-ac53-49a5938351e1{ip: 192.168.5.159, host: trunk-nightly-x8m8d-1534914823, networkLocation: /default-rack, certSerialId: null}, 7c51e767-727f-44cf-ac53-49a5938351e1{ip: 192.168.5.159, host: trunk-nightly-x8m8d-1534914823, networkLocation: /default-rack, certSerialId: null}] in pipeline PipelineID=91d49eb2-c5d8-4ffe-8166-4c38967ac463
2019-07-13 22:36:57,055 ERROR scm.XceiverClientGrpc (XceiverClientGrpc.java:sendCommandWithRetry(308)) - Failed to execute command cmdType: ReadChunk
traceID: "3ddf2117f84947f7:3ddf2117f84947f7:0:0"
containerID: 1
datanodeUuid: "7c51e767-727f-44cf-ac53-49a5938351e1"
readChunk {
  blockID {
    containerID: 1
    localID: 102436529604395009
    blockCommitSequenceId: 14
  }
  chunkData {
    chunkName: "2511cce568893b975361e616e5291b47_stream_6ffeee3b-b0d0-4aa4-a16e-e5c53e523443_chunk_1"
    offset: 0
    len: 100
    checksumData {
      type: CRC32
      bytesPerChecksum: 1048576
      checksums: "\000\000\000\000\243o\000#"
    }
  }
}
 on the pipeline PipelineID=91d49eb2-c5d8-4ffe-8166-4c38967ac463
]]></system-out>
    <system-err><![CDATA[ERROR StatusLogger No Log4j 2 configuration file found. Using default configuration (logging only errors to the console), or user programmatically provided configurations. Set system property 'log4j2.debug' to show Log4j 2 internal initialization logging. See https://logging.apache.org/log4j/2.x/manual/configuration.html for instructions on how to configure Log4j 2
Jul 13, 2019 10:36:29 PM com.sun.jersey.server.impl.application.WebApplicationImpl _initiate
INFO: Initiating Jersey application, version 'Jersey: 1.19 02/11/2015 03:25 AM'
Jul 13, 2019 10:36:30 PM com.sun.jersey.server.impl.application.WebApplicationImpl _initiate
INFO: Initiating Jersey application, version 'Jersey: 1.19 02/11/2015 03:25 AM'
Jul 13, 2019 10:36:30 PM com.sun.jersey.server.impl.application.WebApplicationImpl _initiate
INFO: Initiating Jersey application, version 'Jersey: 1.19 02/11/2015 03:25 AM'
Jul 13, 2019 10:36:31 PM com.sun.jersey.server.impl.application.WebApplicationImpl _initiate
INFO: Initiating Jersey application, version 'Jersey: 1.19 02/11/2015 03:25 AM'
Jul 13, 2019 10:36:31 PM com.sun.jersey.server.impl.application.WebApplicationImpl _initiate
INFO: Initiating Jersey application, version 'Jersey: 1.19 02/11/2015 03:25 AM'
Jul 13, 2019 10:36:31 PM com.sun.jersey.server.impl.application.WebApplicationImpl _initiate
INFO: Initiating Jersey application, version 'Jersey: 1.19 02/11/2015 03:25 AM'
Jul 13, 2019 10:36:31 PM com.sun.jersey.server.impl.application.WebApplicationImpl _initiate
INFO: Initiating Jersey application, version 'Jersey: 1.19 02/11/2015 03:25 AM'
]]></system-err>
  </testcase>
  <testcase name="testWatchForCommitWithSmallerTimeoutValue" classname="org.apache.hadoop.ozone.client.rpc.TestWatchForCommit" time="43.386"/>
  <testcase name="testWatchForCommitForRetryfailure" classname="org.apache.hadoop.ozone.client.rpc.TestWatchForCommit" time="52.765"/>
  <testcase name="testWatchForCommitForGroupMismatchException" classname="org.apache.hadoop.ozone.client.rpc.TestWatchForCommit" time="37.561"/>
  <testcase name="test2WayCommitForTimeoutException" classname="org.apache.hadoop.ozone.client.rpc.TestWatchForCommit" time="26.905">
    <error message="org.apache.ratis.protocol.RaftRetryFailureException: Failed RaftClientRequest:client-C104B929EE11-&gt;4bda7ba0-4524-4538-88f4-90e4b8f4e191@group-1E65B0DE3A35, cid=108, seq=2*, RW, org.apache.hadoop.hdds.scm.XceiverClientRatis$$Lambda$311/674659751@2440447 for 10 attempts with RetryLimited(maxAttempts=10, sleepTime=1000ms)" type="java.util.concurrent.ExecutionException">java.util.concurrent.ExecutionException: org.apache.ratis.protocol.RaftRetryFailureException: Failed RaftClientRequest:client-C104B929EE11->4bda7ba0-4524-4538-88f4-90e4b8f4e191@group-1E65B0DE3A35, cid=108, seq=2*, RW, org.apache.hadoop.hdds.scm.XceiverClientRatis$$Lambda$311/674659751@2440447 for 10 attempts with RetryLimited(maxAttempts=10, sleepTime=1000ms)
	at java.util.concurrent.CompletableFuture.reportGet(CompletableFuture.java:357)
	at java.util.concurrent.CompletableFuture.get(CompletableFuture.java:1895)
	at org.apache.hadoop.ozone.client.rpc.TestWatchForCommit.test2WayCommitForTimeoutException(TestWatchForCommit.java:432)
	at sun.reflect.NativeMethodAccessorImpl.invoke0(Native Method)
	at sun.reflect.NativeMethodAccessorImpl.invoke(NativeMethodAccessorImpl.java:62)
	at sun.reflect.DelegatingMethodAccessorImpl.invoke(DelegatingMethodAccessorImpl.java:43)
	at java.lang.reflect.Method.invoke(Method.java:498)
	at org.junit.runners.model.FrameworkMethod$1.runReflectiveCall(FrameworkMethod.java:47)
	at org.junit.internal.runners.model.ReflectiveCallable.run(ReflectiveCallable.java:12)
	at org.junit.runners.model.FrameworkMethod.invokeExplosively(FrameworkMethod.java:44)
	at org.junit.internal.runners.statements.InvokeMethod.evaluate(InvokeMethod.java:17)
	at org.junit.runners.ParentRunner.runLeaf(ParentRunner.java:271)
	at org.junit.runners.BlockJUnit4ClassRunner.runChild(BlockJUnit4ClassRunner.java:70)
	at org.junit.runners.BlockJUnit4ClassRunner.runChild(BlockJUnit4ClassRunner.java:50)
	at org.junit.runners.ParentRunner$3.run(ParentRunner.java:238)
	at org.junit.runners.ParentRunner$1.schedule(ParentRunner.java:63)
	at org.junit.runners.ParentRunner.runChildren(ParentRunner.java:236)
	at org.junit.runners.ParentRunner.access$000(ParentRunner.java:53)
	at org.junit.runners.ParentRunner$2.evaluate(ParentRunner.java:229)
	at org.junit.runners.ParentRunner.run(ParentRunner.java:309)
	at org.apache.maven.surefire.junit4.JUnit4Provider.execute(JUnit4Provider.java:365)
	at org.apache.maven.surefire.junit4.JUnit4Provider.executeWithRerun(JUnit4Provider.java:273)
	at org.apache.maven.surefire.junit4.JUnit4Provider.executeTestSet(JUnit4Provider.java:238)
	at org.apache.maven.surefire.junit4.JUnit4Provider.invoke(JUnit4Provider.java:159)
	at org.apache.maven.surefire.booter.ForkedBooter.invokeProviderInSameClassLoader(ForkedBooter.java:384)
	at org.apache.maven.surefire.booter.ForkedBooter.runSuitesInProcess(ForkedBooter.java:345)
	at org.apache.maven.surefire.booter.ForkedBooter.execute(ForkedBooter.java:126)
	at org.apache.maven.surefire.booter.ForkedBooter.main(ForkedBooter.java:418)
Caused by: org.apache.ratis.protocol.RaftRetryFailureException: Failed RaftClientRequest:client-C104B929EE11->4bda7ba0-4524-4538-88f4-90e4b8f4e191@group-1E65B0DE3A35, cid=108, seq=2*, RW, org.apache.hadoop.hdds.scm.XceiverClientRatis$$Lambda$311/674659751@2440447 for 10 attempts with RetryLimited(maxAttempts=10, sleepTime=1000ms)
	at org.apache.ratis.client.impl.RaftClientImpl.noMoreRetries(RaftClientImpl.java:272)
	at org.apache.ratis.client.impl.OrderedAsync.handleAsyncRetryFailure(OrderedAsync.java:138)
	at org.apache.ratis.client.impl.OrderedAsync.lambda$sendRequest$10(OrderedAsync.java:230)
	at java.util.concurrent.CompletableFuture.uniExceptionally(CompletableFuture.java:870)
	at java.util.concurrent.CompletableFuture$UniExceptionally.tryFire(CompletableFuture.java:852)
	at java.util.concurrent.CompletableFuture.postComplete(CompletableFuture.java:474)
	at java.util.concurrent.CompletableFuture.completeExceptionally(CompletableFuture.java:1977)
	at org.apache.ratis.grpc.client.GrpcClientProtocolClient$AsyncStreamObservers.completeReplyExceptionally(GrpcClientProtocolClient.java:330)
	at org.apache.ratis.grpc.client.GrpcClientProtocolClient$AsyncStreamObservers.access$000(GrpcClientProtocolClient.java:246)
	at org.apache.ratis.grpc.client.GrpcClientProtocolClient$AsyncStreamObservers$1.onError(GrpcClientProtocolClient.java:275)
	at org.apache.ratis.thirdparty.io.grpc.stub.ClientCalls$StreamObserverToCallListenerAdapter.onClose(ClientCalls.java:434)
	at org.apache.ratis.thirdparty.io.grpc.PartialForwardingClientCallListener.onClose(PartialForwardingClientCallListener.java:39)
	at org.apache.ratis.thirdparty.io.grpc.ForwardingClientCallListener.onClose(ForwardingClientCallListener.java:23)
	at org.apache.ratis.thirdparty.io.grpc.ForwardingClientCallListener$SimpleForwardingClientCallListener.onClose(ForwardingClientCallListener.java:40)
	at org.apache.ratis.thirdparty.io.grpc.internal.CensusStatsModule$StatsClientInterceptor$1$1.onClose(CensusStatsModule.java:678)
	at org.apache.ratis.thirdparty.io.grpc.PartialForwardingClientCallListener.onClose(PartialForwardingClientCallListener.java:39)
	at org.apache.ratis.thirdparty.io.grpc.ForwardingClientCallListener.onClose(ForwardingClientCallListener.java:23)
	at org.apache.ratis.thirdparty.io.grpc.ForwardingClientCallListener$SimpleForwardingClientCallListener.onClose(ForwardingClientCallListener.java:40)
	at org.apache.ratis.thirdparty.io.grpc.internal.CensusTracingModule$TracingClientInterceptor$1$1.onClose(CensusTracingModule.java:397)
	at org.apache.ratis.thirdparty.io.grpc.internal.ClientCallImpl.closeObserver(ClientCallImpl.java:459)
	at org.apache.ratis.thirdparty.io.grpc.internal.ClientCallImpl.access$300(ClientCallImpl.java:63)
	at org.apache.ratis.thirdparty.io.grpc.internal.ClientCallImpl$ClientStreamListenerImpl.close(ClientCallImpl.java:546)
	at org.apache.ratis.thirdparty.io.grpc.internal.ClientCallImpl$ClientStreamListenerImpl.access$600(ClientCallImpl.java:467)
	at org.apache.ratis.thirdparty.io.grpc.internal.ClientCallImpl$ClientStreamListenerImpl$1StreamClosed.runInContext(ClientCallImpl.java:584)
	at org.apache.ratis.thirdparty.io.grpc.internal.ContextRunnable.run(ContextRunnable.java:37)
	at org.apache.ratis.thirdparty.io.grpc.internal.SerializingExecutor.run(SerializingExecutor.java:123)
	at java.util.concurrent.ThreadPoolExecutor.runWorker(ThreadPoolExecutor.java:1149)
	at java.util.concurrent.ThreadPoolExecutor$Worker.run(ThreadPoolExecutor.java:624)
	at java.lang.Thread.run(Thread.java:748)
Caused by: java.io.IOException: org.apache.ratis.thirdparty.io.grpc.StatusRuntimeException: UNAVAILABLE: io exception
	at org.apache.ratis.grpc.GrpcUtil.unwrapException(GrpcUtil.java:76)
	at org.apache.ratis.grpc.GrpcUtil.unwrapIOException(GrpcUtil.java:128)
	at org.apache.ratis.grpc.client.GrpcClientProtocolClient$AsyncStreamObservers$1.onError(GrpcClientProtocolClient.java:274)
	... 19 more
Caused by: org.apache.ratis.thirdparty.io.grpc.StatusRuntimeException: UNAVAILABLE: io exception
	at org.apache.ratis.thirdparty.io.grpc.Status.asRuntimeException(Status.java:526)
	... 19 more
Caused by: org.apache.ratis.thirdparty.io.netty.channel.AbstractChannel$AnnotatedConnectException: Connection refused: /192.168.5.159:37681
	at sun.nio.ch.SocketChannelImpl.checkConnect(Native Method)
	at sun.nio.ch.SocketChannelImpl.finishConnect(SocketChannelImpl.java:717)
	at org.apache.ratis.thirdparty.io.netty.channel.socket.nio.NioSocketChannel.doFinishConnect(NioSocketChannel.java:327)
	at org.apache.ratis.thirdparty.io.netty.channel.nio.AbstractNioChannel$AbstractNioUnsafe.finishConnect(AbstractNioChannel.java:340)
	at org.apache.ratis.thirdparty.io.netty.channel.nio.NioEventLoop.processSelectedKey(NioEventLoop.java:632)
	at org.apache.ratis.thirdparty.io.netty.channel.nio.NioEventLoop.processSelectedKeysOptimized(NioEventLoop.java:579)
	at org.apache.ratis.thirdparty.io.netty.channel.nio.NioEventLoop.processSelectedKeys(NioEventLoop.java:496)
	at org.apache.ratis.thirdparty.io.netty.channel.nio.NioEventLoop.run(NioEventLoop.java:458)
	at org.apache.ratis.thirdparty.io.netty.util.concurrent.SingleThreadEventExecutor$5.run(SingleThreadEventExecutor.java:897)
	at org.apache.ratis.thirdparty.io.netty.util.concurrent.FastThreadLocalRunnable.run(FastThreadLocalRunnable.java:30)
	... 1 more
Caused by: java.net.ConnectException: Connection refused
	... 11 more
</error>
    <system-out><![CDATA[2019-07-13 22:39:10,803 WARN  server.ServerUtils (ServerUtils.java:getScmDbDir(145)) - ozone.scm.db.dirs is not configured. We recommend adding this setting. Falling back to ozone.metadata.dirs instead.
2019-07-13 22:39:10,811 WARN  server.ServerUtils (ServerUtils.java:getScmDbDir(145)) - ozone.scm.db.dirs is not configured. We recommend adding this setting. Falling back to ozone.metadata.dirs instead.
2019-07-13 22:39:10,812 WARN  server.ServerUtils (ServerUtils.java:getScmDbDir(145)) - ozone.scm.db.dirs is not configured. We recommend adding this setting. Falling back to ozone.metadata.dirs instead.
2019-07-13 22:39:10,812 INFO  db.DBStoreBuilder (DBStoreBuilder.java:addTable(110)) - using custom profile for table: deletedBlocks
2019-07-13 22:39:10,812 INFO  db.DBStoreBuilder (DBStoreBuilder.java:processTables(161)) - Using default column profile:DBProfile.DISK for Table:deletedBlocks
2019-07-13 22:39:10,812 INFO  db.DBStoreBuilder (DBStoreBuilder.java:addTable(110)) - using custom profile for table: validCerts
2019-07-13 22:39:10,813 INFO  db.DBStoreBuilder (DBStoreBuilder.java:processTables(161)) - Using default column profile:DBProfile.DISK for Table:validCerts
2019-07-13 22:39:10,813 INFO  db.DBStoreBuilder (DBStoreBuilder.java:addTable(110)) - using custom profile for table: revokedCerts
2019-07-13 22:39:10,813 INFO  db.DBStoreBuilder (DBStoreBuilder.java:processTables(161)) - Using default column profile:DBProfile.DISK for Table:revokedCerts
2019-07-13 22:39:10,813 INFO  db.DBStoreBuilder (DBStoreBuilder.java:addTable(110)) - using custom profile for table: default
2019-07-13 22:39:10,814 INFO  db.DBStoreBuilder (DBStoreBuilder.java:processTables(167)) - Using default column profile:DBProfile.DISK for Table:default
2019-07-13 22:39:10,814 INFO  db.DBStoreBuilder (DBStoreBuilder.java:getDbProfile(198)) - Using default options. DBProfile.DISK
2019-07-13 22:39:10,896 INFO  net.NodeSchemaLoader (NodeSchemaLoader.java:loadSchemaFromFile(125)) - Loading file from sun.misc.CompoundEnumeration@d8cece4
2019-07-13 22:39:10,896 INFO  net.NodeSchemaLoader (NodeSchemaLoader.java:loadSchema(171)) - Loading network topology layer schema file
2019-07-13 22:39:10,900 WARN  server.ServerUtils (ServerUtils.java:sanitizeUserArgs(70)) - ozone.scm.stale.node.interval value = 300000 is larger than max = 100000 based on the key value of ozone.scm.heartbeat.thread.interval, reset to the max value 100000.
2019-07-13 22:39:10,900 WARN  server.ServerUtils (ServerUtils.java:sanitizeUserArgs(70)) - ozone.scm.stale.node.interval value = 300000 is larger than max = 100000 based on the key value of ozone.scm.heartbeat.thread.interval, reset to the max value 100000.
2019-07-13 22:39:10,901 INFO  node.SCMNodeManager (SCMNodeManager.java:<init>(119)) - Entering startup safe mode.
2019-07-13 22:39:10,901 WARN  server.ServerUtils (ServerUtils.java:getScmDbDir(145)) - ozone.scm.db.dirs is not configured. We recommend adding this setting. Falling back to ozone.metadata.dirs instead.
2019-07-13 22:39:10,924 INFO  pipeline.SCMPipelineManager (SCMPipelineManager.java:initializePipelineState(126)) - No pipeline exists in current db
2019-07-13 22:39:10,924 WARN  server.ServerUtils (ServerUtils.java:getScmDbDir(145)) - ozone.scm.db.dirs is not configured. We recommend adding this setting. Falling back to ozone.metadata.dirs instead.
2019-07-13 22:39:10,955 WARN  events.EventQueue (EventQueue.java:fireEvent(175)) - No event handler registered for event TypedEvent{payloadType=SafeModeStatus, name='SafeModeStatus'}
2019-07-13 22:39:10,956 INFO  ipc.CallQueueManager (CallQueueManager.java:<init>(84)) - Using callQueue: class java.util.concurrent.LinkedBlockingQueue, queueCapacity: 2000, scheduler: class org.apache.hadoop.ipc.DefaultRpcScheduler, ipcBackoff: false.
2019-07-13 22:39:10,957 INFO  ipc.Server (Server.java:run(1074)) - Starting Socket Reader #1 for port 33147
2019-07-13 22:39:10,961 INFO  ipc.CallQueueManager (CallQueueManager.java:<init>(84)) - Using callQueue: class java.util.concurrent.LinkedBlockingQueue, queueCapacity: 2000, scheduler: class org.apache.hadoop.ipc.DefaultRpcScheduler, ipcBackoff: false.
2019-07-13 22:39:10,962 INFO  ipc.Server (Server.java:run(1074)) - Starting Socket Reader #1 for port 35766
2019-07-13 22:39:10,964 INFO  ipc.CallQueueManager (CallQueueManager.java:<init>(84)) - Using callQueue: class java.util.concurrent.LinkedBlockingQueue, queueCapacity: 2000, scheduler: class org.apache.hadoop.ipc.DefaultRpcScheduler, ipcBackoff: false.
2019-07-13 22:39:10,965 INFO  ipc.Server (Server.java:run(1074)) - Starting Socket Reader #1 for port 35217
2019-07-13 22:39:10,979 INFO  hdfs.DFSUtil (DFSUtil.java:httpServerTemplateForNNAndJN(1641)) - Starting Web-server for scm at: http://0.0.0.0:0
2019-07-13 22:39:10,981 INFO  server.AuthenticationFilter (AuthenticationFilter.java:constructSecretProvider(240)) - Unable to initialize FileSignerSecretProvider, falling back to use random secrets.
2019-07-13 22:39:10,982 WARN  http.HttpRequestLog (HttpRequestLog.java:getRequestLog(97)) - Jetty request log can only be enabled using Log4j
2019-07-13 22:39:10,985 INFO  http.HttpServer2 (HttpServer2.java:addGlobalFilter(975)) - Added global filter 'safety' (class=org.apache.hadoop.http.HttpServer2$QuotingInputFilter)
2019-07-13 22:39:10,985 INFO  http.HttpServer2 (HttpServer2.java:addFilter(948)) - Added filter static_user_filter (class=org.apache.hadoop.http.lib.StaticUserWebFilter$StaticUserFilter) to context scm
2019-07-13 22:39:10,986 INFO  http.HttpServer2 (HttpServer2.java:addFilter(958)) - Added filter static_user_filter (class=org.apache.hadoop.http.lib.StaticUserWebFilter$StaticUserFilter) to context logs
2019-07-13 22:39:10,986 INFO  http.HttpServer2 (HttpServer2.java:addFilter(958)) - Added filter static_user_filter (class=org.apache.hadoop.http.lib.StaticUserWebFilter$StaticUserFilter) to context static
2019-07-13 22:39:10,988 INFO  server.StorageContainerManager (StorageContainerManager.java:start(759)) - StorageContainerLocationProtocol RPC server is listening at /0.0.0.0:35217
2019-07-13 22:39:10,991 WARN  impl.MetricsConfig (MetricsConfig.java:loadFirst(134)) - Cannot locate configuration: tried hadoop-metrics2-storagecontainermanager.properties,hadoop-metrics2.properties
2019-07-13 22:39:10,992 INFO  impl.MetricsSystemImpl (MetricsSystemImpl.java:startTimer(374)) - Scheduled Metric snapshot period at 10 second(s).
2019-07-13 22:39:10,993 INFO  impl.MetricsSystemImpl (MetricsSystemImpl.java:start(191)) - StorageContainerManager metrics system started
2019-07-13 22:39:11,126 INFO  server.SCMClientProtocolServer (SCMClientProtocolServer.java:start(149)) - RPC server for Client  is listening at /0.0.0.0:35217
2019-07-13 22:39:11,127 INFO  ipc.Server (Server.java:run(1314)) - IPC Server Responder: starting
2019-07-13 22:39:11,127 INFO  ipc.Server (Server.java:run(1153)) - IPC Server listener on 35217: starting
2019-07-13 22:39:11,135 INFO  server.StorageContainerManager (StorageContainerManager.java:start(768)) - ScmBlockLocationProtocol RPC server is listening at /0.0.0.0:35766
2019-07-13 22:39:11,135 INFO  server.SCMBlockProtocolServer (SCMBlockProtocolServer.java:start(140)) - RPC server for Block Protocol is listening at /0.0.0.0:35766
2019-07-13 22:39:11,135 INFO  ipc.Server (Server.java:run(1314)) - IPC Server Responder: starting
2019-07-13 22:39:11,135 INFO  ipc.Server (Server.java:run(1153)) - IPC Server listener on 35766: starting
2019-07-13 22:39:11,143 INFO  server.StorageContainerManager (StorageContainerManager.java:start(772)) - ScmDatanodeProtocl RPC server is listening at /0.0.0.0:33147
2019-07-13 22:39:11,143 INFO  server.SCMDatanodeProtocolServer (SCMDatanodeProtocolServer.java:start(191)) - RPC server for DataNodes is listening at /0.0.0.0:33147
2019-07-13 22:39:11,144 INFO  ipc.Server (Server.java:run(1314)) - IPC Server Responder: starting
2019-07-13 22:39:11,144 INFO  ipc.Server (Server.java:run(1153)) - IPC Server listener on 33147: starting
2019-07-13 22:39:11,158 INFO  http.HttpServer2 (HttpServer2.java:bindListener(1191)) - Jetty bound to port 34853
2019-07-13 22:39:11,159 INFO  server.Server (Server.java:doStart(351)) - jetty-9.3.24.v20180605, build timestamp: 2018-06-05T17:11:56Z, git hash: 84205aa28f11a4f31f2a3b86d1bba2cc8ab69827
2019-07-13 22:39:11,161 INFO  handler.ContextHandler (ContextHandler.java:doStart(781)) - Started o.e.j.s.ServletContextHandler@2b8b5d9e{/logs,file:///tmp/workdir/hadoop-ozone/integration-test/target/log,AVAILABLE}
2019-07-13 22:39:11,161 INFO  handler.ContextHandler (ContextHandler.java:doStart(781)) - Started o.e.j.s.ServletContextHandler@52737c1{/static,file:///tmp/workdir/hadoop-ozone/integration-test/target/test-classes/webapps/static,AVAILABLE}
2019-07-13 22:39:11,167 INFO  handler.ContextHandler (ContextHandler.java:doStart(781)) - Started o.e.j.w.WebAppContext@4c51fc9a{/,file:///tmp/workdir/hadoop-ozone/integration-test/target/test-classes/webapps/scm/,AVAILABLE}{/scm}
2019-07-13 22:39:11,168 INFO  server.AbstractConnector (AbstractConnector.java:doStart(278)) - Started ServerConnector@425376cc{HTTP/1.1,[http/1.1]}{0.0.0.0:34853}
2019-07-13 22:39:11,170 INFO  server.Server (Server.java:doStart(419)) - Started @165777ms
2019-07-13 22:39:11,171 INFO  server.BaseHttpServer (BaseHttpServer.java:updateConnectorAddress(207)) - HTTP server of SCM is listening at http://0.0.0.0:34853
2019-07-13 22:39:11,171 WARN  server.ServerUtils (ServerUtils.java:getDBPath(222)) - ozone.om.db.dirs is not configured. We recommend adding this setting. Falling back to ozone.metadata.dirs instead.
2019-07-13 22:39:11,173 INFO  util.JvmPauseMonitor (JvmPauseMonitor.java:run(188)) - Starting JVM pause monitor
2019-07-13 22:39:11,181 WARN  server.ServerUtils (ServerUtils.java:getDBPath(222)) - ozone.om.db.dirs is not configured. We recommend adding this setting. Falling back to ozone.metadata.dirs instead.
2019-07-13 22:39:11,182 INFO  om.OzoneManager (OzoneManager.java:setOMNodeDetails(630)) - OM Service ID is not set. Setting it to the default ID: omServiceIdDefault
2019-07-13 22:39:11,182 INFO  om.OzoneManager (OzoneManager.java:setOMNodeDetails(636)) - OM Node ID is not set. Setting it to the OmStorage's OmID: aaab6311-2072-4238-8d68-61f247126263
2019-07-13 22:39:11,182 INFO  om.OzoneManager (OzoneManager.java:loadOMHAConfigs(587)) - Found matching OM address with OMServiceId: null, OMNodeId: null, RPC Address: localhost:0 and Ratis port: 9872
2019-07-13 22:39:11,193 WARN  server.ServerUtils (ServerUtils.java:getDBPath(222)) - ozone.om.db.dirs is not configured. We recommend adding this setting. Falling back to ozone.metadata.dirs instead.
2019-07-13 22:39:11,194 INFO  db.DBStoreBuilder (DBStoreBuilder.java:addTable(110)) - using custom profile for table: userTable
2019-07-13 22:39:11,194 INFO  db.DBStoreBuilder (DBStoreBuilder.java:processTables(161)) - Using default column profile:DBProfile.DISK for Table:userTable
2019-07-13 22:39:11,194 INFO  db.DBStoreBuilder (DBStoreBuilder.java:addTable(110)) - using custom profile for table: volumeTable
2019-07-13 22:39:11,194 INFO  db.DBStoreBuilder (DBStoreBuilder.java:processTables(161)) - Using default column profile:DBProfile.DISK for Table:volumeTable
2019-07-13 22:39:11,195 INFO  db.DBStoreBuilder (DBStoreBuilder.java:addTable(110)) - using custom profile for table: bucketTable
2019-07-13 22:39:11,195 INFO  db.DBStoreBuilder (DBStoreBuilder.java:processTables(161)) - Using default column profile:DBProfile.DISK for Table:bucketTable
2019-07-13 22:39:11,195 INFO  db.DBStoreBuilder (DBStoreBuilder.java:addTable(110)) - using custom profile for table: keyTable
2019-07-13 22:39:11,195 INFO  db.DBStoreBuilder (DBStoreBuilder.java:processTables(161)) - Using default column profile:DBProfile.DISK for Table:keyTable
2019-07-13 22:39:11,195 INFO  db.DBStoreBuilder (DBStoreBuilder.java:addTable(110)) - using custom profile for table: deletedTable
2019-07-13 22:39:11,196 INFO  db.DBStoreBuilder (DBStoreBuilder.java:processTables(161)) - Using default column profile:DBProfile.DISK for Table:deletedTable
2019-07-13 22:39:11,196 INFO  db.DBStoreBuilder (DBStoreBuilder.java:addTable(110)) - using custom profile for table: openKeyTable
2019-07-13 22:39:11,196 INFO  db.DBStoreBuilder (DBStoreBuilder.java:processTables(161)) - Using default column profile:DBProfile.DISK for Table:openKeyTable
2019-07-13 22:39:11,196 INFO  db.DBStoreBuilder (DBStoreBuilder.java:addTable(110)) - using custom profile for table: s3Table
2019-07-13 22:39:11,196 INFO  db.DBStoreBuilder (DBStoreBuilder.java:processTables(161)) - Using default column profile:DBProfile.DISK for Table:s3Table
2019-07-13 22:39:11,197 INFO  db.DBStoreBuilder (DBStoreBuilder.java:addTable(110)) - using custom profile for table: multipartInfoTable
2019-07-13 22:39:11,197 INFO  db.DBStoreBuilder (DBStoreBuilder.java:processTables(161)) - Using default column profile:DBProfile.DISK for Table:multipartInfoTable
2019-07-13 22:39:11,197 INFO  db.DBStoreBuilder (DBStoreBuilder.java:addTable(110)) - using custom profile for table: dTokenTable
2019-07-13 22:39:11,197 INFO  db.DBStoreBuilder (DBStoreBuilder.java:processTables(161)) - Using default column profile:DBProfile.DISK for Table:dTokenTable
2019-07-13 22:39:11,197 INFO  db.DBStoreBuilder (DBStoreBuilder.java:addTable(110)) - using custom profile for table: s3SecretTable
2019-07-13 22:39:11,198 INFO  db.DBStoreBuilder (DBStoreBuilder.java:processTables(161)) - Using default column profile:DBProfile.DISK for Table:s3SecretTable
2019-07-13 22:39:11,198 INFO  db.DBStoreBuilder (DBStoreBuilder.java:addTable(110)) - using custom profile for table: prefixTable
2019-07-13 22:39:11,198 INFO  db.DBStoreBuilder (DBStoreBuilder.java:processTables(161)) - Using default column profile:DBProfile.DISK for Table:prefixTable
2019-07-13 22:39:11,198 INFO  db.DBStoreBuilder (DBStoreBuilder.java:addTable(110)) - using custom profile for table: default
2019-07-13 22:39:11,198 INFO  db.DBStoreBuilder (DBStoreBuilder.java:processTables(167)) - Using default column profile:DBProfile.DISK for Table:default
2019-07-13 22:39:11,198 INFO  db.DBStoreBuilder (DBStoreBuilder.java:getDbProfile(198)) - Using default options. DBProfile.DISK
2019-07-13 22:39:11,526 INFO  ipc.CallQueueManager (CallQueueManager.java:<init>(84)) - Using callQueue: class java.util.concurrent.LinkedBlockingQueue, queueCapacity: 2000, scheduler: class org.apache.hadoop.ipc.DefaultRpcScheduler, ipcBackoff: false.
2019-07-13 22:39:11,527 INFO  ipc.Server (Server.java:run(1074)) - Starting Socket Reader #1 for port 41161
2019-07-13 22:39:11,549 WARN  server.ServerUtils (ServerUtils.java:getDBPath(222)) - ozone.om.db.dirs is not configured. We recommend adding this setting. Falling back to ozone.metadata.dirs instead.
2019-07-13 22:39:11,550 INFO  om.OzoneManager (OzoneManager.java:start(1228)) - OzoneManager RPC server is listening at localhost/127.0.0.1:41161
2019-07-13 22:39:11,550 INFO  impl.MetricsSystemImpl (MetricsSystemImpl.java:init(158)) - OzoneManager metrics system started (again)
2019-07-13 22:39:11,551 INFO  ipc.Server (Server.java:run(1314)) - IPC Server Responder: starting
2019-07-13 22:39:11,551 INFO  ipc.Server (Server.java:run(1153)) - IPC Server listener on 41161: starting
2019-07-13 22:39:11,561 INFO  hdfs.DFSUtil (DFSUtil.java:httpServerTemplateForNNAndJN(1641)) - Starting Web-server for ozoneManager at: http://0.0.0.0:0
2019-07-13 22:39:11,563 INFO  server.AuthenticationFilter (AuthenticationFilter.java:constructSecretProvider(240)) - Unable to initialize FileSignerSecretProvider, falling back to use random secrets.
2019-07-13 22:39:11,563 WARN  http.HttpRequestLog (HttpRequestLog.java:getRequestLog(97)) - Jetty request log can only be enabled using Log4j
2019-07-13 22:39:11,566 INFO  http.HttpServer2 (HttpServer2.java:addGlobalFilter(975)) - Added global filter 'safety' (class=org.apache.hadoop.http.HttpServer2$QuotingInputFilter)
2019-07-13 22:39:11,566 INFO  http.HttpServer2 (HttpServer2.java:addFilter(948)) - Added filter static_user_filter (class=org.apache.hadoop.http.lib.StaticUserWebFilter$StaticUserFilter) to context ozoneManager
2019-07-13 22:39:11,567 INFO  http.HttpServer2 (HttpServer2.java:addFilter(958)) - Added filter static_user_filter (class=org.apache.hadoop.http.lib.StaticUserWebFilter$StaticUserFilter) to context logs
2019-07-13 22:39:11,567 INFO  http.HttpServer2 (HttpServer2.java:addFilter(958)) - Added filter static_user_filter (class=org.apache.hadoop.http.lib.StaticUserWebFilter$StaticUserFilter) to context static
2019-07-13 22:39:11,568 INFO  http.HttpServer2 (HttpServer2.java:bindListener(1191)) - Jetty bound to port 34864
2019-07-13 22:39:11,568 INFO  server.Server (Server.java:doStart(351)) - jetty-9.3.24.v20180605, build timestamp: 2018-06-05T17:11:56Z, git hash: 84205aa28f11a4f31f2a3b86d1bba2cc8ab69827
2019-07-13 22:39:11,570 INFO  handler.ContextHandler (ContextHandler.java:doStart(781)) - Started o.e.j.s.ServletContextHandler@39ee07a9{/logs,file:///tmp/workdir/hadoop-ozone/integration-test/target/log,AVAILABLE}
2019-07-13 22:39:11,571 INFO  handler.ContextHandler (ContextHandler.java:doStart(781)) - Started o.e.j.s.ServletContextHandler@7adde776{/static,file:///tmp/workdir/hadoop-ozone/integration-test/target/test-classes/webapps/static,AVAILABLE}
2019-07-13 22:39:11,576 INFO  handler.ContextHandler (ContextHandler.java:doStart(781)) - Started o.e.j.w.WebAppContext@1237aa73{/,file:///tmp/workdir/hadoop-ozone/integration-test/target/test-classes/webapps/ozoneManager/,AVAILABLE}{/ozoneManager}
2019-07-13 22:39:11,577 INFO  server.AbstractConnector (AbstractConnector.java:doStart(278)) - Started ServerConnector@1dbb9a4a{HTTP/1.1,[http/1.1]}{0.0.0.0:34864}
2019-07-13 22:39:11,579 INFO  server.Server (Server.java:doStart(419)) - Started @166187ms
2019-07-13 22:39:11,580 INFO  server.BaseHttpServer (BaseHttpServer.java:updateConnectorAddress(207)) - HTTP server of OZONEMANAGER is listening at http://0.0.0.0:34864
2019-07-13 22:39:11,602 INFO  impl.MetricsSystemImpl (MetricsSystemImpl.java:init(158)) - HddsDatanode metrics system started (again)
2019-07-13 22:39:11,602 INFO  ozone.HddsDatanodeService (HddsDatanodeService.java:start(185)) - HddsDatanodeService host:trunk-nightly-x8m8d-1534914823 ip:192.168.5.159
2019-07-13 22:39:11,615 INFO  volume.HddsVolume (HddsVolume.java:<init>(176)) - Creating Volume: /tmp/workdir/hadoop-ozone/integration-test/target/test-dir/MiniOzoneClusterImpl-ae05db68-18ba-4bf1-995b-9a16c5287bb4/datanode-0/data/containers/hdds of  storage type : DISK and capacity : 52710309888
2019-07-13 22:39:11,615 INFO  volume.VolumeSet (VolumeSet.java:initializeVolumeSet(170)) - Added Volume : /tmp/workdir/hadoop-ozone/integration-test/target/test-dir/MiniOzoneClusterImpl-ae05db68-18ba-4bf1-995b-9a16c5287bb4/datanode-0/data/containers/hdds to VolumeSet
2019-07-13 22:39:11,615 INFO  volume.ThrottledAsyncChecker (ThrottledAsyncChecker.java:schedule(140)) - Scheduling a check for org.apache.hadoop.ozone.container.common.volume.HddsVolume@4cbd17b3
2019-07-13 22:39:11,616 INFO  volume.HddsVolumeChecker (HddsVolumeChecker.java:checkAllVolumes(203)) - Scheduled health check for volume org.apache.hadoop.ozone.container.common.volume.HddsVolume@4cbd17b3
2019-07-13 22:39:11,636 INFO  impl.RaftServerProxy (ConfUtils.java:logGet(43)) - raft.rpc.type = GRPC (default)
2019-07-13 22:39:11,636 INFO  grpc.GrpcFactory (GrpcFactory.java:checkPooledByteBufAllocatorUseCacheForAllThreads(45)) - PERFORMANCE WARNING: useCacheForAllThreads is true that may cause Netty to create a lot garbage objects and, as a result, trigger GC.
	It is recommended to disable useCacheForAllThreads by setting -Dorg.apache.ratis.thirdparty.io.netty.allocator.useCacheForAllThreads=false in command line.
2019-07-13 22:39:11,637 INFO  grpc.GrpcConfigKeys$Server (ConfUtils.java:logGet(43)) - raft.grpc.server.port = 0 (default)
2019-07-13 22:39:11,637 INFO  server.GrpcService (ConfUtils.java:logGet(43)) - raft.grpc.message.size.max = 33570816 (custom)
2019-07-13 22:39:11,637 INFO  server.RaftServerConfigKeys (ConfUtils.java:logGet(43)) - raft.server.log.appender.buffer.byte-limit = 33554432 (custom)
2019-07-13 22:39:11,638 INFO  server.GrpcService (ConfUtils.java:logGet(43)) - raft.grpc.flow.control.window = 1MB (=1048576) (default)
2019-07-13 22:39:11,638 INFO  server.RaftServerConfigKeys (ConfUtils.java:logGet(43)) - raft.server.rpc.request.timeout = 3000ms (default)
2019-07-13 22:39:11,639 INFO  server.RaftServerConfigKeys (ConfUtils.java:logGet(43)) - raft.server.storage.dir = [/tmp/workdir/hadoop-ozone/integration-test/target/test-dir/MiniOzoneClusterImpl-ae05db68-18ba-4bf1-995b-9a16c5287bb4/datanode-0/data/ratis] (custom)
2019-07-13 22:39:11,639 INFO  replication.SimpleContainerDownloader (SimpleContainerDownloader.java:<init>(72)) - Starting container downloader service to copy containers to replicate.
2019-07-13 22:39:11,641 INFO  hdfs.DFSUtil (DFSUtil.java:httpServerTemplateForNNAndJN(1641)) - Starting Web-server for hddsDatanode at: http://0.0.0.0:0
2019-07-13 22:39:11,643 INFO  server.AuthenticationFilter (AuthenticationFilter.java:constructSecretProvider(240)) - Unable to initialize FileSignerSecretProvider, falling back to use random secrets.
2019-07-13 22:39:11,643 WARN  http.HttpRequestLog (HttpRequestLog.java:getRequestLog(97)) - Jetty request log can only be enabled using Log4j
2019-07-13 22:39:11,645 INFO  http.HttpServer2 (HttpServer2.java:addGlobalFilter(975)) - Added global filter 'safety' (class=org.apache.hadoop.http.HttpServer2$QuotingInputFilter)
2019-07-13 22:39:11,646 INFO  http.HttpServer2 (HttpServer2.java:addFilter(948)) - Added filter static_user_filter (class=org.apache.hadoop.http.lib.StaticUserWebFilter$StaticUserFilter) to context hddsDatanode
2019-07-13 22:39:11,646 INFO  http.HttpServer2 (HttpServer2.java:addFilter(958)) - Added filter static_user_filter (class=org.apache.hadoop.http.lib.StaticUserWebFilter$StaticUserFilter) to context logs
2019-07-13 22:39:11,647 INFO  http.HttpServer2 (HttpServer2.java:addFilter(958)) - Added filter static_user_filter (class=org.apache.hadoop.http.lib.StaticUserWebFilter$StaticUserFilter) to context static
2019-07-13 22:39:11,647 INFO  http.HttpServer2 (HttpServer2.java:bindListener(1191)) - Jetty bound to port 36355
2019-07-13 22:39:11,648 INFO  server.Server (Server.java:doStart(351)) - jetty-9.3.24.v20180605, build timestamp: 2018-06-05T17:11:56Z, git hash: 84205aa28f11a4f31f2a3b86d1bba2cc8ab69827
2019-07-13 22:39:11,650 INFO  handler.ContextHandler (ContextHandler.java:doStart(781)) - Started o.e.j.s.ServletContextHandler@5ce03a9d{/logs,file:///tmp/workdir/hadoop-ozone/integration-test/target/log,AVAILABLE}
2019-07-13 22:39:11,650 INFO  handler.ContextHandler (ContextHandler.java:doStart(781)) - Started o.e.j.s.ServletContextHandler@1067192a{/static,jar:file:/home/user/.m2/repository/org/apache/hadoop/hadoop-hdds-container-service/0.5.0-SNAPSHOT/hadoop-hdds-container-service-0.5.0-SNAPSHOT.jar!/webapps/static,AVAILABLE}
2019-07-13 22:39:11,686 INFO  handler.ContextHandler (ContextHandler.java:doStart(781)) - Started o.e.j.w.WebAppContext@50331591{/,file:///tmp/jetty-0.0.0.0-36355-hddsDatanode-_-any-7062191956390322852.dir/webapp/,AVAILABLE}{/hddsDatanode}
2019-07-13 22:39:11,686 INFO  server.AbstractConnector (AbstractConnector.java:doStart(278)) - Started ServerConnector@5cfde2a4{HTTP/1.1,[http/1.1]}{0.0.0.0:36355}
2019-07-13 22:39:11,689 INFO  server.Server (Server.java:doStart(419)) - Started @166297ms
2019-07-13 22:39:11,690 INFO  server.BaseHttpServer (BaseHttpServer.java:updateConnectorAddress(207)) - HTTP server of HDDSDATANODE is listening at http://0.0.0.0:36355
2019-07-13 22:39:11,805 INFO  ozone.HddsDatanodeService (HddsDatanodeService.java:startPlugins(396)) - Started plug-in org.apache.hadoop.ozone.web.OzoneHddsDatanodeService@588614f9
2019-07-13 22:39:11,805 INFO  impl.MetricsSystemImpl (MetricsSystemImpl.java:init(158)) - HddsDatanode metrics system started (again)
2019-07-13 22:39:11,805 INFO  ozone.HddsDatanodeService (HddsDatanodeService.java:start(185)) - HddsDatanodeService host:trunk-nightly-x8m8d-1534914823 ip:192.168.5.159
2019-07-13 22:39:11,806 INFO  util.JvmPauseMonitor (JvmPauseMonitor.java:run(188)) - Starting JVM pause monitor
2019-07-13 22:39:11,808 INFO  datanode.InitDatanodeState (InitDatanodeState.java:persistContainerDatanodeDetails(140)) - DatanodeDetails is persisted to /tmp/workdir/hadoop-ozone/integration-test/target/test-dir/MiniOzoneClusterImpl-ae05db68-18ba-4bf1-995b-9a16c5287bb4/datanode-0/meta/datanode.id
2019-07-13 22:39:11,817 INFO  volume.HddsVolume (HddsVolume.java:<init>(176)) - Creating Volume: /tmp/workdir/hadoop-ozone/integration-test/target/test-dir/MiniOzoneClusterImpl-ae05db68-18ba-4bf1-995b-9a16c5287bb4/datanode-1/data/containers/hdds of  storage type : DISK and capacity : 52710309888
2019-07-13 22:39:11,818 INFO  volume.VolumeSet (VolumeSet.java:initializeVolumeSet(170)) - Added Volume : /tmp/workdir/hadoop-ozone/integration-test/target/test-dir/MiniOzoneClusterImpl-ae05db68-18ba-4bf1-995b-9a16c5287bb4/datanode-1/data/containers/hdds to VolumeSet
2019-07-13 22:39:11,818 INFO  volume.ThrottledAsyncChecker (ThrottledAsyncChecker.java:schedule(140)) - Scheduling a check for org.apache.hadoop.ozone.container.common.volume.HddsVolume@62075e3d
2019-07-13 22:39:11,818 INFO  volume.HddsVolumeChecker (HddsVolumeChecker.java:checkAllVolumes(203)) - Scheduled health check for volume org.apache.hadoop.ozone.container.common.volume.HddsVolume@62075e3d
2019-07-13 22:39:11,833 INFO  impl.RaftServerProxy (ConfUtils.java:logGet(43)) - raft.rpc.type = GRPC (default)
2019-07-13 22:39:11,833 INFO  grpc.GrpcFactory (GrpcFactory.java:checkPooledByteBufAllocatorUseCacheForAllThreads(45)) - PERFORMANCE WARNING: useCacheForAllThreads is true that may cause Netty to create a lot garbage objects and, as a result, trigger GC.
	It is recommended to disable useCacheForAllThreads by setting -Dorg.apache.ratis.thirdparty.io.netty.allocator.useCacheForAllThreads=false in command line.
2019-07-13 22:39:11,833 INFO  grpc.GrpcConfigKeys$Server (ConfUtils.java:logGet(43)) - raft.grpc.server.port = 0 (default)
2019-07-13 22:39:11,833 INFO  server.GrpcService (ConfUtils.java:logGet(43)) - raft.grpc.message.size.max = 33570816 (custom)
2019-07-13 22:39:11,834 INFO  server.RaftServerConfigKeys (ConfUtils.java:logGet(43)) - raft.server.log.appender.buffer.byte-limit = 33554432 (custom)
2019-07-13 22:39:11,834 INFO  server.GrpcService (ConfUtils.java:logGet(43)) - raft.grpc.flow.control.window = 1MB (=1048576) (default)
2019-07-13 22:39:11,834 INFO  server.RaftServerConfigKeys (ConfUtils.java:logGet(43)) - raft.server.rpc.request.timeout = 3000ms (default)
2019-07-13 22:39:11,834 INFO  server.RaftServerConfigKeys (ConfUtils.java:logGet(43)) - raft.server.storage.dir = [/tmp/workdir/hadoop-ozone/integration-test/target/test-dir/MiniOzoneClusterImpl-ae05db68-18ba-4bf1-995b-9a16c5287bb4/datanode-1/data/ratis] (custom)
2019-07-13 22:39:11,835 INFO  replication.SimpleContainerDownloader (SimpleContainerDownloader.java:<init>(72)) - Starting container downloader service to copy containers to replicate.
2019-07-13 22:39:11,836 INFO  hdfs.DFSUtil (DFSUtil.java:httpServerTemplateForNNAndJN(1641)) - Starting Web-server for hddsDatanode at: http://0.0.0.0:0
2019-07-13 22:39:11,838 INFO  server.AuthenticationFilter (AuthenticationFilter.java:constructSecretProvider(240)) - Unable to initialize FileSignerSecretProvider, falling back to use random secrets.
2019-07-13 22:39:11,838 WARN  http.HttpRequestLog (HttpRequestLog.java:getRequestLog(97)) - Jetty request log can only be enabled using Log4j
2019-07-13 22:39:11,840 INFO  http.HttpServer2 (HttpServer2.java:addGlobalFilter(975)) - Added global filter 'safety' (class=org.apache.hadoop.http.HttpServer2$QuotingInputFilter)
2019-07-13 22:39:11,840 INFO  http.HttpServer2 (HttpServer2.java:addFilter(948)) - Added filter static_user_filter (class=org.apache.hadoop.http.lib.StaticUserWebFilter$StaticUserFilter) to context hddsDatanode
2019-07-13 22:39:11,841 INFO  http.HttpServer2 (HttpServer2.java:addFilter(958)) - Added filter static_user_filter (class=org.apache.hadoop.http.lib.StaticUserWebFilter$StaticUserFilter) to context static
2019-07-13 22:39:11,841 INFO  http.HttpServer2 (HttpServer2.java:addFilter(958)) - Added filter static_user_filter (class=org.apache.hadoop.http.lib.StaticUserWebFilter$StaticUserFilter) to context logs
2019-07-13 22:39:11,842 INFO  http.HttpServer2 (HttpServer2.java:bindListener(1191)) - Jetty bound to port 40663
2019-07-13 22:39:11,842 INFO  server.Server (Server.java:doStart(351)) - jetty-9.3.24.v20180605, build timestamp: 2018-06-05T17:11:56Z, git hash: 84205aa28f11a4f31f2a3b86d1bba2cc8ab69827
2019-07-13 22:39:11,843 INFO  handler.ContextHandler (ContextHandler.java:doStart(781)) - Started o.e.j.s.ServletContextHandler@63e4bbf9{/logs,file:///tmp/workdir/hadoop-ozone/integration-test/target/log,AVAILABLE}
2019-07-13 22:39:11,844 INFO  handler.ContextHandler (ContextHandler.java:doStart(781)) - Started o.e.j.s.ServletContextHandler@6d7a343f{/static,jar:file:/home/user/.m2/repository/org/apache/hadoop/hadoop-hdds-container-service/0.5.0-SNAPSHOT/hadoop-hdds-container-service-0.5.0-SNAPSHOT.jar!/webapps/static,AVAILABLE}
2019-07-13 22:39:11,885 INFO  handler.ContextHandler (ContextHandler.java:doStart(781)) - Started o.e.j.w.WebAppContext@4ed74d03{/,file:///tmp/jetty-0.0.0.0-40663-hddsDatanode-_-any-5038280878191134317.dir/webapp/,AVAILABLE}{/hddsDatanode}
2019-07-13 22:39:11,885 INFO  server.AbstractConnector (AbstractConnector.java:doStart(278)) - Started ServerConnector@7ec729be{HTTP/1.1,[http/1.1]}{0.0.0.0:40663}
2019-07-13 22:39:11,888 INFO  server.Server (Server.java:doStart(419)) - Started @166495ms
2019-07-13 22:39:11,889 INFO  server.BaseHttpServer (BaseHttpServer.java:updateConnectorAddress(207)) - HTTP server of HDDSDATANODE is listening at http://0.0.0.0:40663
2019-07-13 22:39:12,020 INFO  ozone.HddsDatanodeService (HddsDatanodeService.java:startPlugins(396)) - Started plug-in org.apache.hadoop.ozone.web.OzoneHddsDatanodeService@13e6ab86
2019-07-13 22:39:12,021 INFO  impl.MetricsSystemImpl (MetricsSystemImpl.java:init(158)) - HddsDatanode metrics system started (again)
2019-07-13 22:39:12,021 INFO  ozone.HddsDatanodeService (HddsDatanodeService.java:start(185)) - HddsDatanodeService host:trunk-nightly-x8m8d-1534914823 ip:192.168.5.159
2019-07-13 22:39:12,022 INFO  util.JvmPauseMonitor (JvmPauseMonitor.java:run(188)) - Starting JVM pause monitor
2019-07-13 22:39:12,023 INFO  datanode.InitDatanodeState (InitDatanodeState.java:persistContainerDatanodeDetails(140)) - DatanodeDetails is persisted to /tmp/workdir/hadoop-ozone/integration-test/target/test-dir/MiniOzoneClusterImpl-ae05db68-18ba-4bf1-995b-9a16c5287bb4/datanode-1/meta/datanode.id
2019-07-13 22:39:12,034 INFO  volume.HddsVolume (HddsVolume.java:<init>(176)) - Creating Volume: /tmp/workdir/hadoop-ozone/integration-test/target/test-dir/MiniOzoneClusterImpl-ae05db68-18ba-4bf1-995b-9a16c5287bb4/datanode-2/data/containers/hdds of  storage type : DISK and capacity : 52710309888
2019-07-13 22:39:12,034 INFO  volume.VolumeSet (VolumeSet.java:initializeVolumeSet(170)) - Added Volume : /tmp/workdir/hadoop-ozone/integration-test/target/test-dir/MiniOzoneClusterImpl-ae05db68-18ba-4bf1-995b-9a16c5287bb4/datanode-2/data/containers/hdds to VolumeSet
2019-07-13 22:39:12,034 INFO  volume.ThrottledAsyncChecker (ThrottledAsyncChecker.java:schedule(140)) - Scheduling a check for org.apache.hadoop.ozone.container.common.volume.HddsVolume@4dfe56dc
2019-07-13 22:39:12,035 INFO  volume.HddsVolumeChecker (HddsVolumeChecker.java:checkAllVolumes(203)) - Scheduled health check for volume org.apache.hadoop.ozone.container.common.volume.HddsVolume@4dfe56dc
2019-07-13 22:39:12,055 INFO  impl.RaftServerProxy (ConfUtils.java:logGet(43)) - raft.rpc.type = GRPC (default)
2019-07-13 22:39:12,056 INFO  grpc.GrpcFactory (GrpcFactory.java:checkPooledByteBufAllocatorUseCacheForAllThreads(45)) - PERFORMANCE WARNING: useCacheForAllThreads is true that may cause Netty to create a lot garbage objects and, as a result, trigger GC.
	It is recommended to disable useCacheForAllThreads by setting -Dorg.apache.ratis.thirdparty.io.netty.allocator.useCacheForAllThreads=false in command line.
2019-07-13 22:39:12,056 INFO  grpc.GrpcConfigKeys$Server (ConfUtils.java:logGet(43)) - raft.grpc.server.port = 0 (default)
2019-07-13 22:39:12,056 INFO  server.GrpcService (ConfUtils.java:logGet(43)) - raft.grpc.message.size.max = 33570816 (custom)
2019-07-13 22:39:12,057 INFO  server.RaftServerConfigKeys (ConfUtils.java:logGet(43)) - raft.server.log.appender.buffer.byte-limit = 33554432 (custom)
2019-07-13 22:39:12,057 INFO  server.GrpcService (ConfUtils.java:logGet(43)) - raft.grpc.flow.control.window = 1MB (=1048576) (default)
2019-07-13 22:39:12,057 INFO  server.RaftServerConfigKeys (ConfUtils.java:logGet(43)) - raft.server.rpc.request.timeout = 3000ms (default)
2019-07-13 22:39:12,058 INFO  server.RaftServerConfigKeys (ConfUtils.java:logGet(43)) - raft.server.storage.dir = [/tmp/workdir/hadoop-ozone/integration-test/target/test-dir/MiniOzoneClusterImpl-ae05db68-18ba-4bf1-995b-9a16c5287bb4/datanode-2/data/ratis] (custom)
2019-07-13 22:39:12,058 INFO  replication.SimpleContainerDownloader (SimpleContainerDownloader.java:<init>(72)) - Starting container downloader service to copy containers to replicate.
2019-07-13 22:39:12,059 INFO  hdfs.DFSUtil (DFSUtil.java:httpServerTemplateForNNAndJN(1641)) - Starting Web-server for hddsDatanode at: http://0.0.0.0:0
2019-07-13 22:39:12,061 INFO  server.AuthenticationFilter (AuthenticationFilter.java:constructSecretProvider(240)) - Unable to initialize FileSignerSecretProvider, falling back to use random secrets.
2019-07-13 22:39:12,061 WARN  http.HttpRequestLog (HttpRequestLog.java:getRequestLog(97)) - Jetty request log can only be enabled using Log4j
2019-07-13 22:39:12,063 INFO  http.HttpServer2 (HttpServer2.java:addGlobalFilter(975)) - Added global filter 'safety' (class=org.apache.hadoop.http.HttpServer2$QuotingInputFilter)
2019-07-13 22:39:12,064 INFO  http.HttpServer2 (HttpServer2.java:addFilter(948)) - Added filter static_user_filter (class=org.apache.hadoop.http.lib.StaticUserWebFilter$StaticUserFilter) to context hddsDatanode
2019-07-13 22:39:12,064 INFO  http.HttpServer2 (HttpServer2.java:addFilter(958)) - Added filter static_user_filter (class=org.apache.hadoop.http.lib.StaticUserWebFilter$StaticUserFilter) to context logs
2019-07-13 22:39:12,064 INFO  http.HttpServer2 (HttpServer2.java:addFilter(958)) - Added filter static_user_filter (class=org.apache.hadoop.http.lib.StaticUserWebFilter$StaticUserFilter) to context static
2019-07-13 22:39:12,065 INFO  http.HttpServer2 (HttpServer2.java:bindListener(1191)) - Jetty bound to port 46040
2019-07-13 22:39:12,065 INFO  server.Server (Server.java:doStart(351)) - jetty-9.3.24.v20180605, build timestamp: 2018-06-05T17:11:56Z, git hash: 84205aa28f11a4f31f2a3b86d1bba2cc8ab69827
2019-07-13 22:39:12,067 INFO  handler.ContextHandler (ContextHandler.java:doStart(781)) - Started o.e.j.s.ServletContextHandler@2bfe4df9{/logs,file:///tmp/workdir/hadoop-ozone/integration-test/target/log,AVAILABLE}
2019-07-13 22:39:12,067 INFO  handler.ContextHandler (ContextHandler.java:doStart(781)) - Started o.e.j.s.ServletContextHandler@121b7a95{/static,jar:file:/home/user/.m2/repository/org/apache/hadoop/hadoop-hdds-container-service/0.5.0-SNAPSHOT/hadoop-hdds-container-service-0.5.0-SNAPSHOT.jar!/webapps/static,AVAILABLE}
2019-07-13 22:39:12,106 INFO  handler.ContextHandler (ContextHandler.java:doStart(781)) - Started o.e.j.w.WebAppContext@4f2a0909{/,file:///tmp/jetty-0.0.0.0-46040-hddsDatanode-_-any-8357478101098160600.dir/webapp/,AVAILABLE}{/hddsDatanode}
2019-07-13 22:39:12,107 INFO  server.AbstractConnector (AbstractConnector.java:doStart(278)) - Started ServerConnector@34947355{HTTP/1.1,[http/1.1]}{0.0.0.0:46040}
2019-07-13 22:39:12,109 INFO  server.Server (Server.java:doStart(419)) - Started @166717ms
2019-07-13 22:39:12,111 INFO  server.BaseHttpServer (BaseHttpServer.java:updateConnectorAddress(207)) - HTTP server of HDDSDATANODE is listening at http://0.0.0.0:46040
2019-07-13 22:39:12,233 INFO  ozone.HddsDatanodeService (HddsDatanodeService.java:startPlugins(396)) - Started plug-in org.apache.hadoop.ozone.web.OzoneHddsDatanodeService@3599b7e8
2019-07-13 22:39:12,234 INFO  impl.MetricsSystemImpl (MetricsSystemImpl.java:init(158)) - HddsDatanode metrics system started (again)
2019-07-13 22:39:12,234 INFO  ozone.HddsDatanodeService (HddsDatanodeService.java:start(185)) - HddsDatanodeService host:trunk-nightly-x8m8d-1534914823 ip:192.168.5.159
2019-07-13 22:39:12,235 INFO  util.JvmPauseMonitor (JvmPauseMonitor.java:run(188)) - Starting JVM pause monitor
2019-07-13 22:39:12,236 INFO  datanode.InitDatanodeState (InitDatanodeState.java:persistContainerDatanodeDetails(140)) - DatanodeDetails is persisted to /tmp/workdir/hadoop-ozone/integration-test/target/test-dir/MiniOzoneClusterImpl-ae05db68-18ba-4bf1-995b-9a16c5287bb4/datanode-2/meta/datanode.id
2019-07-13 22:39:12,247 INFO  volume.HddsVolume (HddsVolume.java:<init>(176)) - Creating Volume: /tmp/workdir/hadoop-ozone/integration-test/target/test-dir/MiniOzoneClusterImpl-ae05db68-18ba-4bf1-995b-9a16c5287bb4/datanode-3/data/containers/hdds of  storage type : DISK and capacity : 52710309888
2019-07-13 22:39:12,247 INFO  volume.VolumeSet (VolumeSet.java:initializeVolumeSet(170)) - Added Volume : /tmp/workdir/hadoop-ozone/integration-test/target/test-dir/MiniOzoneClusterImpl-ae05db68-18ba-4bf1-995b-9a16c5287bb4/datanode-3/data/containers/hdds to VolumeSet
2019-07-13 22:39:12,247 INFO  volume.ThrottledAsyncChecker (ThrottledAsyncChecker.java:schedule(140)) - Scheduling a check for org.apache.hadoop.ozone.container.common.volume.HddsVolume@534c3b9d
2019-07-13 22:39:12,248 INFO  volume.HddsVolumeChecker (HddsVolumeChecker.java:checkAllVolumes(203)) - Scheduled health check for volume org.apache.hadoop.ozone.container.common.volume.HddsVolume@534c3b9d
2019-07-13 22:39:12,265 INFO  impl.RaftServerProxy (ConfUtils.java:logGet(43)) - raft.rpc.type = GRPC (default)
2019-07-13 22:39:12,265 INFO  grpc.GrpcFactory (GrpcFactory.java:checkPooledByteBufAllocatorUseCacheForAllThreads(45)) - PERFORMANCE WARNING: useCacheForAllThreads is true that may cause Netty to create a lot garbage objects and, as a result, trigger GC.
	It is recommended to disable useCacheForAllThreads by setting -Dorg.apache.ratis.thirdparty.io.netty.allocator.useCacheForAllThreads=false in command line.
2019-07-13 22:39:12,265 INFO  grpc.GrpcConfigKeys$Server (ConfUtils.java:logGet(43)) - raft.grpc.server.port = 0 (default)
2019-07-13 22:39:12,265 INFO  server.GrpcService (ConfUtils.java:logGet(43)) - raft.grpc.message.size.max = 33570816 (custom)
2019-07-13 22:39:12,265 INFO  server.RaftServerConfigKeys (ConfUtils.java:logGet(43)) - raft.server.log.appender.buffer.byte-limit = 33554432 (custom)
2019-07-13 22:39:12,266 INFO  server.GrpcService (ConfUtils.java:logGet(43)) - raft.grpc.flow.control.window = 1MB (=1048576) (default)
2019-07-13 22:39:12,266 INFO  server.RaftServerConfigKeys (ConfUtils.java:logGet(43)) - raft.server.rpc.request.timeout = 3000ms (default)
2019-07-13 22:39:12,266 INFO  server.RaftServerConfigKeys (ConfUtils.java:logGet(43)) - raft.server.storage.dir = [/tmp/workdir/hadoop-ozone/integration-test/target/test-dir/MiniOzoneClusterImpl-ae05db68-18ba-4bf1-995b-9a16c5287bb4/datanode-3/data/ratis] (custom)
2019-07-13 22:39:12,266 INFO  replication.SimpleContainerDownloader (SimpleContainerDownloader.java:<init>(72)) - Starting container downloader service to copy containers to replicate.
2019-07-13 22:39:12,268 INFO  hdfs.DFSUtil (DFSUtil.java:httpServerTemplateForNNAndJN(1641)) - Starting Web-server for hddsDatanode at: http://0.0.0.0:0
2019-07-13 22:39:12,270 INFO  server.AuthenticationFilter (AuthenticationFilter.java:constructSecretProvider(240)) - Unable to initialize FileSignerSecretProvider, falling back to use random secrets.
2019-07-13 22:39:12,270 WARN  http.HttpRequestLog (HttpRequestLog.java:getRequestLog(97)) - Jetty request log can only be enabled using Log4j
2019-07-13 22:39:12,272 INFO  http.HttpServer2 (HttpServer2.java:addGlobalFilter(975)) - Added global filter 'safety' (class=org.apache.hadoop.http.HttpServer2$QuotingInputFilter)
2019-07-13 22:39:12,273 INFO  http.HttpServer2 (HttpServer2.java:addFilter(948)) - Added filter static_user_filter (class=org.apache.hadoop.http.lib.StaticUserWebFilter$StaticUserFilter) to context hddsDatanode
2019-07-13 22:39:12,273 INFO  http.HttpServer2 (HttpServer2.java:addFilter(958)) - Added filter static_user_filter (class=org.apache.hadoop.http.lib.StaticUserWebFilter$StaticUserFilter) to context logs
2019-07-13 22:39:12,273 INFO  http.HttpServer2 (HttpServer2.java:addFilter(958)) - Added filter static_user_filter (class=org.apache.hadoop.http.lib.StaticUserWebFilter$StaticUserFilter) to context static
2019-07-13 22:39:12,274 INFO  http.HttpServer2 (HttpServer2.java:bindListener(1191)) - Jetty bound to port 42881
2019-07-13 22:39:12,274 INFO  server.Server (Server.java:doStart(351)) - jetty-9.3.24.v20180605, build timestamp: 2018-06-05T17:11:56Z, git hash: 84205aa28f11a4f31f2a3b86d1bba2cc8ab69827
2019-07-13 22:39:12,276 INFO  handler.ContextHandler (ContextHandler.java:doStart(781)) - Started o.e.j.s.ServletContextHandler@22d23c27{/logs,file:///tmp/workdir/hadoop-ozone/integration-test/target/log,AVAILABLE}
2019-07-13 22:39:12,277 INFO  handler.ContextHandler (ContextHandler.java:doStart(781)) - Started o.e.j.s.ServletContextHandler@74fd5fb0{/static,jar:file:/home/user/.m2/repository/org/apache/hadoop/hadoop-hdds-container-service/0.5.0-SNAPSHOT/hadoop-hdds-container-service-0.5.0-SNAPSHOT.jar!/webapps/static,AVAILABLE}
2019-07-13 22:39:12,318 INFO  handler.ContextHandler (ContextHandler.java:doStart(781)) - Started o.e.j.w.WebAppContext@48064a5a{/,file:///tmp/jetty-0.0.0.0-42881-hddsDatanode-_-any-5089079222645067701.dir/webapp/,AVAILABLE}{/hddsDatanode}
2019-07-13 22:39:12,318 INFO  server.AbstractConnector (AbstractConnector.java:doStart(278)) - Started ServerConnector@7d018c58{HTTP/1.1,[http/1.1]}{0.0.0.0:42881}
2019-07-13 22:39:12,320 INFO  server.Server (Server.java:doStart(419)) - Started @166928ms
2019-07-13 22:39:12,321 INFO  server.BaseHttpServer (BaseHttpServer.java:updateConnectorAddress(207)) - HTTP server of HDDSDATANODE is listening at http://0.0.0.0:42881
2019-07-13 22:39:12,436 INFO  ozone.HddsDatanodeService (HddsDatanodeService.java:startPlugins(396)) - Started plug-in org.apache.hadoop.ozone.web.OzoneHddsDatanodeService@79a88f45
2019-07-13 22:39:12,436 INFO  impl.MetricsSystemImpl (MetricsSystemImpl.java:init(158)) - HddsDatanode metrics system started (again)
2019-07-13 22:39:12,437 INFO  ozone.HddsDatanodeService (HddsDatanodeService.java:start(185)) - HddsDatanodeService host:trunk-nightly-x8m8d-1534914823 ip:192.168.5.159
2019-07-13 22:39:12,438 INFO  util.JvmPauseMonitor (JvmPauseMonitor.java:run(188)) - Starting JVM pause monitor
2019-07-13 22:39:12,439 INFO  datanode.InitDatanodeState (InitDatanodeState.java:persistContainerDatanodeDetails(140)) - DatanodeDetails is persisted to /tmp/workdir/hadoop-ozone/integration-test/target/test-dir/MiniOzoneClusterImpl-ae05db68-18ba-4bf1-995b-9a16c5287bb4/datanode-3/meta/datanode.id
2019-07-13 22:39:12,450 INFO  volume.HddsVolume (HddsVolume.java:<init>(176)) - Creating Volume: /tmp/workdir/hadoop-ozone/integration-test/target/test-dir/MiniOzoneClusterImpl-ae05db68-18ba-4bf1-995b-9a16c5287bb4/datanode-4/data/containers/hdds of  storage type : DISK and capacity : 52710309888
2019-07-13 22:39:12,450 INFO  volume.VolumeSet (VolumeSet.java:initializeVolumeSet(170)) - Added Volume : /tmp/workdir/hadoop-ozone/integration-test/target/test-dir/MiniOzoneClusterImpl-ae05db68-18ba-4bf1-995b-9a16c5287bb4/datanode-4/data/containers/hdds to VolumeSet
2019-07-13 22:39:12,451 INFO  volume.ThrottledAsyncChecker (ThrottledAsyncChecker.java:schedule(140)) - Scheduling a check for org.apache.hadoop.ozone.container.common.volume.HddsVolume@3ad5f99
2019-07-13 22:39:12,451 INFO  volume.HddsVolumeChecker (HddsVolumeChecker.java:checkAllVolumes(203)) - Scheduled health check for volume org.apache.hadoop.ozone.container.common.volume.HddsVolume@3ad5f99
2019-07-13 22:39:12,467 INFO  impl.RaftServerProxy (ConfUtils.java:logGet(43)) - raft.rpc.type = GRPC (default)
2019-07-13 22:39:12,467 INFO  grpc.GrpcFactory (GrpcFactory.java:checkPooledByteBufAllocatorUseCacheForAllThreads(45)) - PERFORMANCE WARNING: useCacheForAllThreads is true that may cause Netty to create a lot garbage objects and, as a result, trigger GC.
	It is recommended to disable useCacheForAllThreads by setting -Dorg.apache.ratis.thirdparty.io.netty.allocator.useCacheForAllThreads=false in command line.
2019-07-13 22:39:12,467 INFO  grpc.GrpcConfigKeys$Server (ConfUtils.java:logGet(43)) - raft.grpc.server.port = 0 (default)
2019-07-13 22:39:12,468 INFO  server.GrpcService (ConfUtils.java:logGet(43)) - raft.grpc.message.size.max = 33570816 (custom)
2019-07-13 22:39:12,468 INFO  server.RaftServerConfigKeys (ConfUtils.java:logGet(43)) - raft.server.log.appender.buffer.byte-limit = 33554432 (custom)
2019-07-13 22:39:12,468 INFO  server.GrpcService (ConfUtils.java:logGet(43)) - raft.grpc.flow.control.window = 1MB (=1048576) (default)
2019-07-13 22:39:12,468 INFO  server.RaftServerConfigKeys (ConfUtils.java:logGet(43)) - raft.server.rpc.request.timeout = 3000ms (default)
2019-07-13 22:39:12,468 INFO  server.RaftServerConfigKeys (ConfUtils.java:logGet(43)) - raft.server.storage.dir = [/tmp/workdir/hadoop-ozone/integration-test/target/test-dir/MiniOzoneClusterImpl-ae05db68-18ba-4bf1-995b-9a16c5287bb4/datanode-4/data/ratis] (custom)
2019-07-13 22:39:12,469 INFO  replication.SimpleContainerDownloader (SimpleContainerDownloader.java:<init>(72)) - Starting container downloader service to copy containers to replicate.
2019-07-13 22:39:12,470 INFO  hdfs.DFSUtil (DFSUtil.java:httpServerTemplateForNNAndJN(1641)) - Starting Web-server for hddsDatanode at: http://0.0.0.0:0
2019-07-13 22:39:12,471 INFO  server.AuthenticationFilter (AuthenticationFilter.java:constructSecretProvider(240)) - Unable to initialize FileSignerSecretProvider, falling back to use random secrets.
2019-07-13 22:39:12,471 WARN  http.HttpRequestLog (HttpRequestLog.java:getRequestLog(97)) - Jetty request log can only be enabled using Log4j
2019-07-13 22:39:12,473 INFO  http.HttpServer2 (HttpServer2.java:addGlobalFilter(975)) - Added global filter 'safety' (class=org.apache.hadoop.http.HttpServer2$QuotingInputFilter)
2019-07-13 22:39:12,473 INFO  http.HttpServer2 (HttpServer2.java:addFilter(948)) - Added filter static_user_filter (class=org.apache.hadoop.http.lib.StaticUserWebFilter$StaticUserFilter) to context hddsDatanode
2019-07-13 22:39:12,473 INFO  http.HttpServer2 (HttpServer2.java:addFilter(958)) - Added filter static_user_filter (class=org.apache.hadoop.http.lib.StaticUserWebFilter$StaticUserFilter) to context logs
2019-07-13 22:39:12,473 INFO  http.HttpServer2 (HttpServer2.java:addFilter(958)) - Added filter static_user_filter (class=org.apache.hadoop.http.lib.StaticUserWebFilter$StaticUserFilter) to context static
2019-07-13 22:39:12,474 INFO  http.HttpServer2 (HttpServer2.java:bindListener(1191)) - Jetty bound to port 33460
2019-07-13 22:39:12,474 INFO  server.Server (Server.java:doStart(351)) - jetty-9.3.24.v20180605, build timestamp: 2018-06-05T17:11:56Z, git hash: 84205aa28f11a4f31f2a3b86d1bba2cc8ab69827
2019-07-13 22:39:12,476 INFO  handler.ContextHandler (ContextHandler.java:doStart(781)) - Started o.e.j.s.ServletContextHandler@73cdf5f9{/logs,file:///tmp/workdir/hadoop-ozone/integration-test/target/log,AVAILABLE}
2019-07-13 22:39:12,476 INFO  handler.ContextHandler (ContextHandler.java:doStart(781)) - Started o.e.j.s.ServletContextHandler@57f83dc7{/static,jar:file:/home/user/.m2/repository/org/apache/hadoop/hadoop-hdds-container-service/0.5.0-SNAPSHOT/hadoop-hdds-container-service-0.5.0-SNAPSHOT.jar!/webapps/static,AVAILABLE}
2019-07-13 22:39:12,503 INFO  handler.ContextHandler (ContextHandler.java:doStart(781)) - Started o.e.j.w.WebAppContext@5c7c22ce{/,file:///tmp/jetty-0.0.0.0-33460-hddsDatanode-_-any-3643700232521291777.dir/webapp/,AVAILABLE}{/hddsDatanode}
2019-07-13 22:39:12,503 INFO  server.AbstractConnector (AbstractConnector.java:doStart(278)) - Started ServerConnector@738ed8d3{HTTP/1.1,[http/1.1]}{0.0.0.0:33460}
2019-07-13 22:39:12,505 INFO  server.Server (Server.java:doStart(419)) - Started @167113ms
2019-07-13 22:39:12,506 INFO  server.BaseHttpServer (BaseHttpServer.java:updateConnectorAddress(207)) - HTTP server of HDDSDATANODE is listening at http://0.0.0.0:33460
2019-07-13 22:39:12,607 INFO  ozone.HddsDatanodeService (HddsDatanodeService.java:startPlugins(396)) - Started plug-in org.apache.hadoop.ozone.web.OzoneHddsDatanodeService@a642c54
2019-07-13 22:39:12,607 INFO  impl.MetricsSystemImpl (MetricsSystemImpl.java:init(158)) - HddsDatanode metrics system started (again)
2019-07-13 22:39:12,608 INFO  ozone.HddsDatanodeService (HddsDatanodeService.java:start(185)) - HddsDatanodeService host:trunk-nightly-x8m8d-1534914823 ip:192.168.5.159
2019-07-13 22:39:12,609 INFO  util.JvmPauseMonitor (JvmPauseMonitor.java:run(188)) - Starting JVM pause monitor
2019-07-13 22:39:12,610 INFO  datanode.InitDatanodeState (InitDatanodeState.java:persistContainerDatanodeDetails(140)) - DatanodeDetails is persisted to /tmp/workdir/hadoop-ozone/integration-test/target/test-dir/MiniOzoneClusterImpl-ae05db68-18ba-4bf1-995b-9a16c5287bb4/datanode-4/meta/datanode.id
2019-07-13 22:39:12,620 INFO  volume.HddsVolume (HddsVolume.java:<init>(176)) - Creating Volume: /tmp/workdir/hadoop-ozone/integration-test/target/test-dir/MiniOzoneClusterImpl-ae05db68-18ba-4bf1-995b-9a16c5287bb4/datanode-5/data/containers/hdds of  storage type : DISK and capacity : 52710309888
2019-07-13 22:39:12,620 INFO  volume.VolumeSet (VolumeSet.java:initializeVolumeSet(170)) - Added Volume : /tmp/workdir/hadoop-ozone/integration-test/target/test-dir/MiniOzoneClusterImpl-ae05db68-18ba-4bf1-995b-9a16c5287bb4/datanode-5/data/containers/hdds to VolumeSet
2019-07-13 22:39:12,620 INFO  volume.ThrottledAsyncChecker (ThrottledAsyncChecker.java:schedule(140)) - Scheduling a check for org.apache.hadoop.ozone.container.common.volume.HddsVolume@54e39504
2019-07-13 22:39:12,621 INFO  volume.HddsVolumeChecker (HddsVolumeChecker.java:checkAllVolumes(203)) - Scheduled health check for volume org.apache.hadoop.ozone.container.common.volume.HddsVolume@54e39504
2019-07-13 22:39:12,636 INFO  impl.RaftServerProxy (ConfUtils.java:logGet(43)) - raft.rpc.type = GRPC (default)
2019-07-13 22:39:12,636 INFO  grpc.GrpcFactory (GrpcFactory.java:checkPooledByteBufAllocatorUseCacheForAllThreads(45)) - PERFORMANCE WARNING: useCacheForAllThreads is true that may cause Netty to create a lot garbage objects and, as a result, trigger GC.
	It is recommended to disable useCacheForAllThreads by setting -Dorg.apache.ratis.thirdparty.io.netty.allocator.useCacheForAllThreads=false in command line.
2019-07-13 22:39:12,636 INFO  grpc.GrpcConfigKeys$Server (ConfUtils.java:logGet(43)) - raft.grpc.server.port = 0 (default)
2019-07-13 22:39:12,636 INFO  server.GrpcService (ConfUtils.java:logGet(43)) - raft.grpc.message.size.max = 33570816 (custom)
2019-07-13 22:39:12,637 INFO  server.RaftServerConfigKeys (ConfUtils.java:logGet(43)) - raft.server.log.appender.buffer.byte-limit = 33554432 (custom)
2019-07-13 22:39:12,637 INFO  server.GrpcService (ConfUtils.java:logGet(43)) - raft.grpc.flow.control.window = 1MB (=1048576) (default)
2019-07-13 22:39:12,637 INFO  server.RaftServerConfigKeys (ConfUtils.java:logGet(43)) - raft.server.rpc.request.timeout = 3000ms (default)
2019-07-13 22:39:12,637 INFO  server.RaftServerConfigKeys (ConfUtils.java:logGet(43)) - raft.server.storage.dir = [/tmp/workdir/hadoop-ozone/integration-test/target/test-dir/MiniOzoneClusterImpl-ae05db68-18ba-4bf1-995b-9a16c5287bb4/datanode-5/data/ratis] (custom)
2019-07-13 22:39:12,638 INFO  replication.SimpleContainerDownloader (SimpleContainerDownloader.java:<init>(72)) - Starting container downloader service to copy containers to replicate.
2019-07-13 22:39:12,639 INFO  hdfs.DFSUtil (DFSUtil.java:httpServerTemplateForNNAndJN(1641)) - Starting Web-server for hddsDatanode at: http://0.0.0.0:0
2019-07-13 22:39:12,640 INFO  server.AuthenticationFilter (AuthenticationFilter.java:constructSecretProvider(240)) - Unable to initialize FileSignerSecretProvider, falling back to use random secrets.
2019-07-13 22:39:12,640 WARN  http.HttpRequestLog (HttpRequestLog.java:getRequestLog(97)) - Jetty request log can only be enabled using Log4j
2019-07-13 22:39:12,641 INFO  http.HttpServer2 (HttpServer2.java:addGlobalFilter(975)) - Added global filter 'safety' (class=org.apache.hadoop.http.HttpServer2$QuotingInputFilter)
2019-07-13 22:39:12,642 INFO  http.HttpServer2 (HttpServer2.java:addFilter(948)) - Added filter static_user_filter (class=org.apache.hadoop.http.lib.StaticUserWebFilter$StaticUserFilter) to context hddsDatanode
2019-07-13 22:39:12,642 INFO  http.HttpServer2 (HttpServer2.java:addFilter(958)) - Added filter static_user_filter (class=org.apache.hadoop.http.lib.StaticUserWebFilter$StaticUserFilter) to context logs
2019-07-13 22:39:12,642 INFO  http.HttpServer2 (HttpServer2.java:addFilter(958)) - Added filter static_user_filter (class=org.apache.hadoop.http.lib.StaticUserWebFilter$StaticUserFilter) to context static
2019-07-13 22:39:12,642 INFO  http.HttpServer2 (HttpServer2.java:bindListener(1191)) - Jetty bound to port 38323
2019-07-13 22:39:12,643 INFO  server.Server (Server.java:doStart(351)) - jetty-9.3.24.v20180605, build timestamp: 2018-06-05T17:11:56Z, git hash: 84205aa28f11a4f31f2a3b86d1bba2cc8ab69827
2019-07-13 22:39:12,644 INFO  handler.ContextHandler (ContextHandler.java:doStart(781)) - Started o.e.j.s.ServletContextHandler@64455184{/logs,file:///tmp/workdir/hadoop-ozone/integration-test/target/log,AVAILABLE}
2019-07-13 22:39:12,644 INFO  handler.ContextHandler (ContextHandler.java:doStart(781)) - Started o.e.j.s.ServletContextHandler@48900d4a{/static,jar:file:/home/user/.m2/repository/org/apache/hadoop/hadoop-hdds-container-service/0.5.0-SNAPSHOT/hadoop-hdds-container-service-0.5.0-SNAPSHOT.jar!/webapps/static,AVAILABLE}
2019-07-13 22:39:12,674 INFO  handler.ContextHandler (ContextHandler.java:doStart(781)) - Started o.e.j.w.WebAppContext@42516ce2{/,file:///tmp/jetty-0.0.0.0-38323-hddsDatanode-_-any-6375077701065456353.dir/webapp/,AVAILABLE}{/hddsDatanode}
2019-07-13 22:39:12,675 INFO  server.AbstractConnector (AbstractConnector.java:doStart(278)) - Started ServerConnector@74e111a8{HTTP/1.1,[http/1.1]}{0.0.0.0:38323}
2019-07-13 22:39:12,678 INFO  server.Server (Server.java:doStart(419)) - Started @167285ms
2019-07-13 22:39:12,679 INFO  server.BaseHttpServer (BaseHttpServer.java:updateConnectorAddress(207)) - HTTP server of HDDSDATANODE is listening at http://0.0.0.0:38323
2019-07-13 22:39:12,781 INFO  ozone.HddsDatanodeService (HddsDatanodeService.java:startPlugins(396)) - Started plug-in org.apache.hadoop.ozone.web.OzoneHddsDatanodeService@36b86248
2019-07-13 22:39:12,781 INFO  impl.MetricsSystemImpl (MetricsSystemImpl.java:init(158)) - HddsDatanode metrics system started (again)
2019-07-13 22:39:12,782 INFO  ozone.HddsDatanodeService (HddsDatanodeService.java:start(185)) - HddsDatanodeService host:trunk-nightly-x8m8d-1534914823 ip:192.168.5.159
2019-07-13 22:39:12,783 INFO  util.JvmPauseMonitor (JvmPauseMonitor.java:run(188)) - Starting JVM pause monitor
2019-07-13 22:39:12,784 INFO  datanode.InitDatanodeState (InitDatanodeState.java:persistContainerDatanodeDetails(140)) - DatanodeDetails is persisted to /tmp/workdir/hadoop-ozone/integration-test/target/test-dir/MiniOzoneClusterImpl-ae05db68-18ba-4bf1-995b-9a16c5287bb4/datanode-5/meta/datanode.id
2019-07-13 22:39:12,795 INFO  volume.HddsVolume (HddsVolume.java:<init>(176)) - Creating Volume: /tmp/workdir/hadoop-ozone/integration-test/target/test-dir/MiniOzoneClusterImpl-ae05db68-18ba-4bf1-995b-9a16c5287bb4/datanode-6/data/containers/hdds of  storage type : DISK and capacity : 52710309888
2019-07-13 22:39:12,796 INFO  volume.VolumeSet (VolumeSet.java:initializeVolumeSet(170)) - Added Volume : /tmp/workdir/hadoop-ozone/integration-test/target/test-dir/MiniOzoneClusterImpl-ae05db68-18ba-4bf1-995b-9a16c5287bb4/datanode-6/data/containers/hdds to VolumeSet
2019-07-13 22:39:12,796 INFO  volume.ThrottledAsyncChecker (ThrottledAsyncChecker.java:schedule(140)) - Scheduling a check for org.apache.hadoop.ozone.container.common.volume.HddsVolume@4578d654
2019-07-13 22:39:12,796 INFO  volume.HddsVolumeChecker (HddsVolumeChecker.java:checkAllVolumes(203)) - Scheduled health check for volume org.apache.hadoop.ozone.container.common.volume.HddsVolume@4578d654
2019-07-13 22:39:12,812 INFO  impl.RaftServerProxy (ConfUtils.java:logGet(43)) - raft.rpc.type = GRPC (default)
2019-07-13 22:39:12,812 INFO  grpc.GrpcFactory (GrpcFactory.java:checkPooledByteBufAllocatorUseCacheForAllThreads(45)) - PERFORMANCE WARNING: useCacheForAllThreads is true that may cause Netty to create a lot garbage objects and, as a result, trigger GC.
	It is recommended to disable useCacheForAllThreads by setting -Dorg.apache.ratis.thirdparty.io.netty.allocator.useCacheForAllThreads=false in command line.
2019-07-13 22:39:12,812 INFO  grpc.GrpcConfigKeys$Server (ConfUtils.java:logGet(43)) - raft.grpc.server.port = 0 (default)
2019-07-13 22:39:12,813 INFO  server.GrpcService (ConfUtils.java:logGet(43)) - raft.grpc.message.size.max = 33570816 (custom)
2019-07-13 22:39:12,813 INFO  server.RaftServerConfigKeys (ConfUtils.java:logGet(43)) - raft.server.log.appender.buffer.byte-limit = 33554432 (custom)
2019-07-13 22:39:12,813 INFO  server.GrpcService (ConfUtils.java:logGet(43)) - raft.grpc.flow.control.window = 1MB (=1048576) (default)
2019-07-13 22:39:12,813 INFO  server.RaftServerConfigKeys (ConfUtils.java:logGet(43)) - raft.server.rpc.request.timeout = 3000ms (default)
2019-07-13 22:39:12,814 INFO  server.RaftServerConfigKeys (ConfUtils.java:logGet(43)) - raft.server.storage.dir = [/tmp/workdir/hadoop-ozone/integration-test/target/test-dir/MiniOzoneClusterImpl-ae05db68-18ba-4bf1-995b-9a16c5287bb4/datanode-6/data/ratis] (custom)
2019-07-13 22:39:12,814 INFO  replication.SimpleContainerDownloader (SimpleContainerDownloader.java:<init>(72)) - Starting container downloader service to copy containers to replicate.
2019-07-13 22:39:12,815 INFO  hdfs.DFSUtil (DFSUtil.java:httpServerTemplateForNNAndJN(1641)) - Starting Web-server for hddsDatanode at: http://0.0.0.0:0
2019-07-13 22:39:12,816 INFO  server.AuthenticationFilter (AuthenticationFilter.java:constructSecretProvider(240)) - Unable to initialize FileSignerSecretProvider, falling back to use random secrets.
2019-07-13 22:39:12,817 WARN  http.HttpRequestLog (HttpRequestLog.java:getRequestLog(97)) - Jetty request log can only be enabled using Log4j
2019-07-13 22:39:12,818 INFO  http.HttpServer2 (HttpServer2.java:addGlobalFilter(975)) - Added global filter 'safety' (class=org.apache.hadoop.http.HttpServer2$QuotingInputFilter)
2019-07-13 22:39:12,818 INFO  http.HttpServer2 (HttpServer2.java:addFilter(948)) - Added filter static_user_filter (class=org.apache.hadoop.http.lib.StaticUserWebFilter$StaticUserFilter) to context hddsDatanode
2019-07-13 22:39:12,818 INFO  http.HttpServer2 (HttpServer2.java:addFilter(958)) - Added filter static_user_filter (class=org.apache.hadoop.http.lib.StaticUserWebFilter$StaticUserFilter) to context logs
2019-07-13 22:39:12,818 INFO  http.HttpServer2 (HttpServer2.java:addFilter(958)) - Added filter static_user_filter (class=org.apache.hadoop.http.lib.StaticUserWebFilter$StaticUserFilter) to context static
2019-07-13 22:39:12,819 INFO  http.HttpServer2 (HttpServer2.java:bindListener(1191)) - Jetty bound to port 36833
2019-07-13 22:39:12,819 INFO  server.Server (Server.java:doStart(351)) - jetty-9.3.24.v20180605, build timestamp: 2018-06-05T17:11:56Z, git hash: 84205aa28f11a4f31f2a3b86d1bba2cc8ab69827
2019-07-13 22:39:12,821 INFO  handler.ContextHandler (ContextHandler.java:doStart(781)) - Started o.e.j.s.ServletContextHandler@44a25dc7{/logs,file:///tmp/workdir/hadoop-ozone/integration-test/target/log,AVAILABLE}
2019-07-13 22:39:12,821 INFO  handler.ContextHandler (ContextHandler.java:doStart(781)) - Started o.e.j.s.ServletContextHandler@4bacabc4{/static,jar:file:/home/user/.m2/repository/org/apache/hadoop/hadoop-hdds-container-service/0.5.0-SNAPSHOT/hadoop-hdds-container-service-0.5.0-SNAPSHOT.jar!/webapps/static,AVAILABLE}
2019-07-13 22:39:12,847 INFO  handler.ContextHandler (ContextHandler.java:doStart(781)) - Started o.e.j.w.WebAppContext@41a6ab50{/,file:///tmp/jetty-0.0.0.0-36833-hddsDatanode-_-any-9146245219251564935.dir/webapp/,AVAILABLE}{/hddsDatanode}
2019-07-13 22:39:12,848 INFO  server.AbstractConnector (AbstractConnector.java:doStart(278)) - Started ServerConnector@6dc98c02{HTTP/1.1,[http/1.1]}{0.0.0.0:36833}
2019-07-13 22:39:12,848 INFO  server.Server (Server.java:doStart(419)) - Started @167455ms
2019-07-13 22:39:12,851 INFO  server.BaseHttpServer (BaseHttpServer.java:updateConnectorAddress(207)) - HTTP server of HDDSDATANODE is listening at http://0.0.0.0:36833
2019-07-13 22:39:12,951 INFO  ozone.HddsDatanodeService (HddsDatanodeService.java:startPlugins(396)) - Started plug-in org.apache.hadoop.ozone.web.OzoneHddsDatanodeService@7f088b5c
2019-07-13 22:39:12,951 INFO  ozone.MiniOzoneClusterImpl (MiniOzoneClusterImpl.java:lambda$waitForClusterToBeReady$0(142)) - Waiting for cluster to be ready. Got 0 of 7 DN Heartbeats.
2019-07-13 22:39:12,952 INFO  util.JvmPauseMonitor (JvmPauseMonitor.java:run(188)) - Starting JVM pause monitor
2019-07-13 22:39:12,954 INFO  datanode.InitDatanodeState (InitDatanodeState.java:persistContainerDatanodeDetails(140)) - DatanodeDetails is persisted to /tmp/workdir/hadoop-ozone/integration-test/target/test-dir/MiniOzoneClusterImpl-ae05db68-18ba-4bf1-995b-9a16c5287bb4/datanode-6/meta/datanode.id
2019-07-13 22:39:13,870 INFO  ozoneimpl.OzoneContainer (OzoneContainer.java:start(186)) - Attempting to start container services.
2019-07-13 22:39:13,870 INFO  ozoneimpl.OzoneContainer (OzoneContainer.java:startContainerScrub(160)) - Background container scrubber has been disabled by hdds.containerscrub.enabled
2019-07-13 22:39:13,870 INFO  ratis.XceiverServerRatis (XceiverServerRatis.java:start(418)) - Starting XceiverServerRatis 4bda7ba0-4524-4538-88f4-90e4b8f4e191 at port 0
2019-07-13 22:39:13,878 INFO  impl.RaftServerProxy (RaftServerProxy.java:lambda$start$3(299)) - 4bda7ba0-4524-4538-88f4-90e4b8f4e191: start RPC server
2019-07-13 22:39:13,879 INFO  server.GrpcService (GrpcService.java:startImpl(149)) - 4bda7ba0-4524-4538-88f4-90e4b8f4e191: GrpcService started, listening on 0.0.0.0/0.0.0.0:37681
2019-07-13 22:39:13,879 INFO  ratis.XceiverServerRatis (XceiverServerRatis.java:start(428)) - XceiverServerRatis 4bda7ba0-4524-4538-88f4-90e4b8f4e191 is started using port 37681
2019-07-13 22:39:13,880 INFO  server.XceiverServerGrpc (XceiverServerGrpc.java:start(161)) - XceiverServerGrpc 4bda7ba0-4524-4538-88f4-90e4b8f4e191 is started using port 39772
2019-07-13 22:39:13,951 INFO  ozone.MiniOzoneClusterImpl (MiniOzoneClusterImpl.java:lambda$waitForClusterToBeReady$0(142)) - Waiting for cluster to be ready. Got 0 of 7 DN Heartbeats.
2019-07-13 22:39:14,036 INFO  ozoneimpl.OzoneContainer (OzoneContainer.java:start(186)) - Attempting to start container services.
2019-07-13 22:39:14,036 INFO  ozoneimpl.OzoneContainer (OzoneContainer.java:startContainerScrub(160)) - Background container scrubber has been disabled by hdds.containerscrub.enabled
2019-07-13 22:39:14,036 INFO  ratis.XceiverServerRatis (XceiverServerRatis.java:start(418)) - Starting XceiverServerRatis 49bd2d0c-aff6-4308-aa5c-2cebe2048af3 at port 0
2019-07-13 22:39:14,044 INFO  impl.RaftServerProxy (RaftServerProxy.java:lambda$start$3(299)) - 49bd2d0c-aff6-4308-aa5c-2cebe2048af3: start RPC server
2019-07-13 22:39:14,044 INFO  server.GrpcService (GrpcService.java:startImpl(149)) - 49bd2d0c-aff6-4308-aa5c-2cebe2048af3: GrpcService started, listening on 0.0.0.0/0.0.0.0:43578
2019-07-13 22:39:14,045 INFO  ratis.XceiverServerRatis (XceiverServerRatis.java:start(428)) - XceiverServerRatis 49bd2d0c-aff6-4308-aa5c-2cebe2048af3 is started using port 43578
2019-07-13 22:39:14,050 INFO  server.XceiverServerGrpc (XceiverServerGrpc.java:start(161)) - XceiverServerGrpc 49bd2d0c-aff6-4308-aa5c-2cebe2048af3 is started using port 36750
2019-07-13 22:39:14,242 INFO  ozoneimpl.OzoneContainer (OzoneContainer.java:start(186)) - Attempting to start container services.
2019-07-13 22:39:14,242 INFO  ozoneimpl.OzoneContainer (OzoneContainer.java:startContainerScrub(160)) - Background container scrubber has been disabled by hdds.containerscrub.enabled
2019-07-13 22:39:14,242 INFO  ratis.XceiverServerRatis (XceiverServerRatis.java:start(418)) - Starting XceiverServerRatis 4db0d2ab-2bf5-4a6b-8979-1cbb97645a4e at port 0
2019-07-13 22:39:14,250 INFO  impl.RaftServerProxy (RaftServerProxy.java:lambda$start$3(299)) - 4db0d2ab-2bf5-4a6b-8979-1cbb97645a4e: start RPC server
2019-07-13 22:39:14,256 INFO  server.GrpcService (GrpcService.java:startImpl(149)) - 4db0d2ab-2bf5-4a6b-8979-1cbb97645a4e: GrpcService started, listening on 0.0.0.0/0.0.0.0:39196
2019-07-13 22:39:14,256 INFO  ratis.XceiverServerRatis (XceiverServerRatis.java:start(428)) - XceiverServerRatis 4db0d2ab-2bf5-4a6b-8979-1cbb97645a4e is started using port 39196
2019-07-13 22:39:14,259 INFO  server.XceiverServerGrpc (XceiverServerGrpc.java:start(161)) - XceiverServerGrpc 4db0d2ab-2bf5-4a6b-8979-1cbb97645a4e is started using port 39081
2019-07-13 22:39:14,451 INFO  ozoneimpl.OzoneContainer (OzoneContainer.java:start(186)) - Attempting to start container services.
2019-07-13 22:39:14,451 INFO  ozoneimpl.OzoneContainer (OzoneContainer.java:startContainerScrub(160)) - Background container scrubber has been disabled by hdds.containerscrub.enabled
2019-07-13 22:39:14,451 INFO  ratis.XceiverServerRatis (XceiverServerRatis.java:start(418)) - Starting XceiverServerRatis a689ed27-5aa8-494e-b0a3-bc2d6ea2552c at port 0
2019-07-13 22:39:14,458 INFO  impl.RaftServerProxy (RaftServerProxy.java:lambda$start$3(299)) - a689ed27-5aa8-494e-b0a3-bc2d6ea2552c: start RPC server
2019-07-13 22:39:14,459 INFO  server.GrpcService (GrpcService.java:startImpl(149)) - a689ed27-5aa8-494e-b0a3-bc2d6ea2552c: GrpcService started, listening on 0.0.0.0/0.0.0.0:45440
2019-07-13 22:39:14,459 INFO  ratis.XceiverServerRatis (XceiverServerRatis.java:start(428)) - XceiverServerRatis a689ed27-5aa8-494e-b0a3-bc2d6ea2552c is started using port 45440
2019-07-13 22:39:14,460 INFO  server.XceiverServerGrpc (XceiverServerGrpc.java:start(161)) - XceiverServerGrpc a689ed27-5aa8-494e-b0a3-bc2d6ea2552c is started using port 40893
2019-07-13 22:39:14,617 INFO  ozoneimpl.OzoneContainer (OzoneContainer.java:start(186)) - Attempting to start container services.
2019-07-13 22:39:14,617 INFO  ozoneimpl.OzoneContainer (OzoneContainer.java:startContainerScrub(160)) - Background container scrubber has been disabled by hdds.containerscrub.enabled
2019-07-13 22:39:14,617 INFO  ratis.XceiverServerRatis (XceiverServerRatis.java:start(418)) - Starting XceiverServerRatis f66c5826-718c-4d80-96e0-f5c673c55abc at port 0
2019-07-13 22:39:14,626 INFO  impl.RaftServerProxy (RaftServerProxy.java:lambda$start$3(299)) - f66c5826-718c-4d80-96e0-f5c673c55abc: start RPC server
2019-07-13 22:39:14,632 INFO  server.GrpcService (GrpcService.java:startImpl(149)) - f66c5826-718c-4d80-96e0-f5c673c55abc: GrpcService started, listening on 0.0.0.0/0.0.0.0:36685
2019-07-13 22:39:14,632 INFO  ratis.XceiverServerRatis (XceiverServerRatis.java:start(428)) - XceiverServerRatis f66c5826-718c-4d80-96e0-f5c673c55abc is started using port 36685
2019-07-13 22:39:14,633 INFO  server.XceiverServerGrpc (XceiverServerGrpc.java:start(161)) - XceiverServerGrpc f66c5826-718c-4d80-96e0-f5c673c55abc is started using port 39730
2019-07-13 22:39:14,789 INFO  ozoneimpl.OzoneContainer (OzoneContainer.java:start(186)) - Attempting to start container services.
2019-07-13 22:39:14,789 INFO  ozoneimpl.OzoneContainer (OzoneContainer.java:startContainerScrub(160)) - Background container scrubber has been disabled by hdds.containerscrub.enabled
2019-07-13 22:39:14,789 INFO  ratis.XceiverServerRatis (XceiverServerRatis.java:start(418)) - Starting XceiverServerRatis 631bd49e-30a6-4824-97a3-d108bad3b331 at port 0
2019-07-13 22:39:14,797 INFO  impl.RaftServerProxy (RaftServerProxy.java:lambda$start$3(299)) - 631bd49e-30a6-4824-97a3-d108bad3b331: start RPC server
2019-07-13 22:39:14,802 INFO  server.GrpcService (GrpcService.java:startImpl(149)) - 631bd49e-30a6-4824-97a3-d108bad3b331: GrpcService started, listening on 0.0.0.0/0.0.0.0:41895
2019-07-13 22:39:14,802 INFO  ratis.XceiverServerRatis (XceiverServerRatis.java:start(428)) - XceiverServerRatis 631bd49e-30a6-4824-97a3-d108bad3b331 is started using port 41895
2019-07-13 22:39:14,802 INFO  server.XceiverServerGrpc (XceiverServerGrpc.java:start(161)) - XceiverServerGrpc 631bd49e-30a6-4824-97a3-d108bad3b331 is started using port 46035
2019-07-13 22:39:14,925 INFO  impl.FollowerState (FollowerState.java:run(106)) - 931aa43a-3005-4ae9-bd51-950a6ab0f1a0:group-4C38967AC463 changes to CANDIDATE, lastRpcTime:5016, electionTimeout:5016ms
2019-07-13 22:39:14,925 INFO  impl.RoleInfo (RoleInfo.java:shutdownFollowerState(121)) - 931aa43a-3005-4ae9-bd51-950a6ab0f1a0: shutdown FollowerState
2019-07-13 22:39:14,926 INFO  impl.RaftServerImpl (RaftServerImpl.java:setRole(171)) - 931aa43a-3005-4ae9-bd51-950a6ab0f1a0:group-4C38967AC463 changes role from FOLLOWER to CANDIDATE at term 28 for changeToCandidate
2019-07-13 22:39:14,926 INFO  impl.RoleInfo (RoleInfo.java:updateAndGet(143)) - 931aa43a-3005-4ae9-bd51-950a6ab0f1a0: start LeaderElection
2019-07-13 22:39:14,943 INFO  impl.LeaderElection (LeaderElection.java:askForVotes(181)) - 931aa43a-3005-4ae9-bd51-950a6ab0f1a0:group-4C38967AC463:LeaderElection85: begin an election at term 29 for 0: [931aa43a-3005-4ae9-bd51-950a6ab0f1a0:192.168.5.159:40307, bf9e593e-7983-4fed-9d6c-fff1d62489b6:192.168.5.159:41407, 7c51e767-727f-44cf-ac53-49a5938351e1:192.168.5.159:36546], old=null
2019-07-13 22:39:14,944 INFO  impl.LeaderElection (LogUtils.java:infoOrTrace(149)) - 931aa43a-3005-4ae9-bd51-950a6ab0f1a0:group-4C38967AC463:LeaderElection85 got exception when requesting votes: {}
java.util.concurrent.ExecutionException: org.apache.ratis.thirdparty.io.grpc.StatusRuntimeException: UNAVAILABLE: io exception
	at java.util.concurrent.FutureTask.report(FutureTask.java:122)
	at java.util.concurrent.FutureTask.get(FutureTask.java:192)
	at org.apache.ratis.server.impl.LeaderElection.waitForResults(LeaderElection.java:262)
	at org.apache.ratis.server.impl.LeaderElection.askForVotes(LeaderElection.java:200)
	at org.apache.ratis.server.impl.LeaderElection.run(LeaderElection.java:130)
	at java.lang.Thread.run(Thread.java:748)
Caused by: org.apache.ratis.thirdparty.io.grpc.StatusRuntimeException: UNAVAILABLE: io exception
	at org.apache.ratis.thirdparty.io.grpc.stub.ClientCalls.toStatusRuntimeException(ClientCalls.java:233)
	at org.apache.ratis.thirdparty.io.grpc.stub.ClientCalls.getUnchecked(ClientCalls.java:214)
	at org.apache.ratis.thirdparty.io.grpc.stub.ClientCalls.blockingUnaryCall(ClientCalls.java:139)
	at org.apache.ratis.proto.grpc.RaftServerProtocolServiceGrpc$RaftServerProtocolServiceBlockingStub.requestVote(RaftServerProtocolServiceGrpc.java:265)
	at org.apache.ratis.grpc.server.GrpcServerProtocolClient.requestVote(GrpcServerProtocolClient.java:83)
	at org.apache.ratis.grpc.server.GrpcService.requestVote(GrpcService.java:195)
	at org.apache.ratis.server.impl.LeaderElection.lambda$submitRequests$1(LeaderElection.java:237)
	at java.util.concurrent.FutureTask.run(FutureTask.java:266)
	at java.util.concurrent.Executors$RunnableAdapter.call(Executors.java:511)
	at java.util.concurrent.FutureTask.run(FutureTask.java:266)
	at java.util.concurrent.ThreadPoolExecutor.runWorker(ThreadPoolExecutor.java:1149)
	at java.util.concurrent.ThreadPoolExecutor$Worker.run(ThreadPoolExecutor.java:624)
	... 1 more
Caused by: org.apache.ratis.thirdparty.io.netty.channel.AbstractChannel$AnnotatedConnectException: Connection refused: /192.168.5.159:41407
	at sun.nio.ch.SocketChannelImpl.checkConnect(Native Method)
	at sun.nio.ch.SocketChannelImpl.finishConnect(SocketChannelImpl.java:717)
	at org.apache.ratis.thirdparty.io.netty.channel.socket.nio.NioSocketChannel.doFinishConnect(NioSocketChannel.java:327)
	at org.apache.ratis.thirdparty.io.netty.channel.nio.AbstractNioChannel$AbstractNioUnsafe.finishConnect(AbstractNioChannel.java:340)
	at org.apache.ratis.thirdparty.io.netty.channel.nio.NioEventLoop.processSelectedKey(NioEventLoop.java:632)
	at org.apache.ratis.thirdparty.io.netty.channel.nio.NioEventLoop.processSelectedKeysOptimized(NioEventLoop.java:579)
	at org.apache.ratis.thirdparty.io.netty.channel.nio.NioEventLoop.processSelectedKeys(NioEventLoop.java:496)
	at org.apache.ratis.thirdparty.io.netty.channel.nio.NioEventLoop.run(NioEventLoop.java:458)
	at org.apache.ratis.thirdparty.io.netty.util.concurrent.SingleThreadEventExecutor$5.run(SingleThreadEventExecutor.java:897)
	at org.apache.ratis.thirdparty.io.netty.util.concurrent.FastThreadLocalRunnable.run(FastThreadLocalRunnable.java:30)
	... 1 more
Caused by: java.net.ConnectException: Connection refused
	... 11 more
2019-07-13 22:39:14,948 INFO  impl.LeaderElection (LogUtils.java:infoOrTrace(149)) - 931aa43a-3005-4ae9-bd51-950a6ab0f1a0:group-4C38967AC463:LeaderElection85 got exception when requesting votes: {}
java.util.concurrent.ExecutionException: org.apache.ratis.thirdparty.io.grpc.StatusRuntimeException: UNAVAILABLE: io exception
	at java.util.concurrent.FutureTask.report(FutureTask.java:122)
	at java.util.concurrent.FutureTask.get(FutureTask.java:192)
	at org.apache.ratis.server.impl.LeaderElection.waitForResults(LeaderElection.java:262)
	at org.apache.ratis.server.impl.LeaderElection.askForVotes(LeaderElection.java:200)
	at org.apache.ratis.server.impl.LeaderElection.run(LeaderElection.java:130)
	at java.lang.Thread.run(Thread.java:748)
Caused by: org.apache.ratis.thirdparty.io.grpc.StatusRuntimeException: UNAVAILABLE: io exception
	at org.apache.ratis.thirdparty.io.grpc.stub.ClientCalls.toStatusRuntimeException(ClientCalls.java:233)
	at org.apache.ratis.thirdparty.io.grpc.stub.ClientCalls.getUnchecked(ClientCalls.java:214)
	at org.apache.ratis.thirdparty.io.grpc.stub.ClientCalls.blockingUnaryCall(ClientCalls.java:139)
	at org.apache.ratis.proto.grpc.RaftServerProtocolServiceGrpc$RaftServerProtocolServiceBlockingStub.requestVote(RaftServerProtocolServiceGrpc.java:265)
	at org.apache.ratis.grpc.server.GrpcServerProtocolClient.requestVote(GrpcServerProtocolClient.java:83)
	at org.apache.ratis.grpc.server.GrpcService.requestVote(GrpcService.java:195)
	at org.apache.ratis.server.impl.LeaderElection.lambda$submitRequests$1(LeaderElection.java:237)
	at java.util.concurrent.FutureTask.run(FutureTask.java:266)
	at java.util.concurrent.Executors$RunnableAdapter.call(Executors.java:511)
	at java.util.concurrent.FutureTask.run(FutureTask.java:266)
	at java.util.concurrent.ThreadPoolExecutor.runWorker(ThreadPoolExecutor.java:1149)
	at java.util.concurrent.ThreadPoolExecutor$Worker.run(ThreadPoolExecutor.java:624)
	... 1 more
Caused by: org.apache.ratis.thirdparty.io.netty.channel.AbstractChannel$AnnotatedConnectException: Connection refused: /192.168.5.159:36546
	at sun.nio.ch.SocketChannelImpl.checkConnect(Native Method)
	at sun.nio.ch.SocketChannelImpl.finishConnect(SocketChannelImpl.java:717)
	at org.apache.ratis.thirdparty.io.netty.channel.socket.nio.NioSocketChannel.doFinishConnect(NioSocketChannel.java:327)
	at org.apache.ratis.thirdparty.io.netty.channel.nio.AbstractNioChannel$AbstractNioUnsafe.finishConnect(AbstractNioChannel.java:340)
	at org.apache.ratis.thirdparty.io.netty.channel.nio.NioEventLoop.processSelectedKey(NioEventLoop.java:632)
	at org.apache.ratis.thirdparty.io.netty.channel.nio.NioEventLoop.processSelectedKeysOptimized(NioEventLoop.java:579)
	at org.apache.ratis.thirdparty.io.netty.channel.nio.NioEventLoop.processSelectedKeys(NioEventLoop.java:496)
	at org.apache.ratis.thirdparty.io.netty.channel.nio.NioEventLoop.run(NioEventLoop.java:458)
	at org.apache.ratis.thirdparty.io.netty.util.concurrent.SingleThreadEventExecutor$5.run(SingleThreadEventExecutor.java:897)
	at org.apache.ratis.thirdparty.io.netty.util.concurrent.FastThreadLocalRunnable.run(FastThreadLocalRunnable.java:30)
	... 1 more
Caused by: java.net.ConnectException: Connection refused
	... 11 more
2019-07-13 22:39:14,951 INFO  impl.LeaderElection (LeaderElection.java:logAndReturn(56)) - 931aa43a-3005-4ae9-bd51-950a6ab0f1a0:group-4C38967AC463:LeaderElection85: Election REJECTED; received 0 response(s) [] and 2 exception(s); 931aa43a-3005-4ae9-bd51-950a6ab0f1a0:t29, leader=null, voted=931aa43a-3005-4ae9-bd51-950a6ab0f1a0, raftlog=931aa43a-3005-4ae9-bd51-950a6ab0f1a0-SegmentedRaftLog:OPENED:c16,f16,i16, conf=0: [931aa43a-3005-4ae9-bd51-950a6ab0f1a0:192.168.5.159:40307, bf9e593e-7983-4fed-9d6c-fff1d62489b6:192.168.5.159:41407, 7c51e767-727f-44cf-ac53-49a5938351e1:192.168.5.159:36546], old=null
2019-07-13 22:39:14,951 INFO  impl.LeaderElection (LogUtils.java:infoOrTrace(149)) -   Exception 0: {}
java.util.concurrent.ExecutionException: org.apache.ratis.thirdparty.io.grpc.StatusRuntimeException: UNAVAILABLE: io exception
	at java.util.concurrent.FutureTask.report(FutureTask.java:122)
	at java.util.concurrent.FutureTask.get(FutureTask.java:192)
	at org.apache.ratis.server.impl.LeaderElection.waitForResults(LeaderElection.java:262)
	at org.apache.ratis.server.impl.LeaderElection.askForVotes(LeaderElection.java:200)
	at org.apache.ratis.server.impl.LeaderElection.run(LeaderElection.java:130)
	at java.lang.Thread.run(Thread.java:748)
Caused by: org.apache.ratis.thirdparty.io.grpc.StatusRuntimeException: UNAVAILABLE: io exception
	at org.apache.ratis.thirdparty.io.grpc.stub.ClientCalls.toStatusRuntimeException(ClientCalls.java:233)
	at org.apache.ratis.thirdparty.io.grpc.stub.ClientCalls.getUnchecked(ClientCalls.java:214)
	at org.apache.ratis.thirdparty.io.grpc.stub.ClientCalls.blockingUnaryCall(ClientCalls.java:139)
	at org.apache.ratis.proto.grpc.RaftServerProtocolServiceGrpc$RaftServerProtocolServiceBlockingStub.requestVote(RaftServerProtocolServiceGrpc.java:265)
	at org.apache.ratis.grpc.server.GrpcServerProtocolClient.requestVote(GrpcServerProtocolClient.java:83)
	at org.apache.ratis.grpc.server.GrpcService.requestVote(GrpcService.java:195)
	at org.apache.ratis.server.impl.LeaderElection.lambda$submitRequests$1(LeaderElection.java:237)
	at java.util.concurrent.FutureTask.run(FutureTask.java:266)
	at java.util.concurrent.Executors$RunnableAdapter.call(Executors.java:511)
	at java.util.concurrent.FutureTask.run(FutureTask.java:266)
	at java.util.concurrent.ThreadPoolExecutor.runWorker(ThreadPoolExecutor.java:1149)
	at java.util.concurrent.ThreadPoolExecutor$Worker.run(ThreadPoolExecutor.java:624)
	... 1 more
Caused by: org.apache.ratis.thirdparty.io.netty.channel.AbstractChannel$AnnotatedConnectException: Connection refused: /192.168.5.159:41407
	at sun.nio.ch.SocketChannelImpl.checkConnect(Native Method)
	at sun.nio.ch.SocketChannelImpl.finishConnect(SocketChannelImpl.java:717)
	at org.apache.ratis.thirdparty.io.netty.channel.socket.nio.NioSocketChannel.doFinishConnect(NioSocketChannel.java:327)
	at org.apache.ratis.thirdparty.io.netty.channel.nio.AbstractNioChannel$AbstractNioUnsafe.finishConnect(AbstractNioChannel.java:340)
	at org.apache.ratis.thirdparty.io.netty.channel.nio.NioEventLoop.processSelectedKey(NioEventLoop.java:632)
	at org.apache.ratis.thirdparty.io.netty.channel.nio.NioEventLoop.processSelectedKeysOptimized(NioEventLoop.java:579)
	at org.apache.ratis.thirdparty.io.netty.channel.nio.NioEventLoop.processSelectedKeys(NioEventLoop.java:496)
	at org.apache.ratis.thirdparty.io.netty.channel.nio.NioEventLoop.run(NioEventLoop.java:458)
	at org.apache.ratis.thirdparty.io.netty.util.concurrent.SingleThreadEventExecutor$5.run(SingleThreadEventExecutor.java:897)
	at org.apache.ratis.thirdparty.io.netty.util.concurrent.FastThreadLocalRunnable.run(FastThreadLocalRunnable.java:30)
	... 1 more
Caused by: java.net.ConnectException: Connection refused
	... 11 more
2019-07-13 22:39:14,952 INFO  impl.LeaderElection (LogUtils.java:infoOrTrace(149)) -   Exception 1: {}
java.util.concurrent.ExecutionException: org.apache.ratis.thirdparty.io.grpc.StatusRuntimeException: UNAVAILABLE: io exception
	at java.util.concurrent.FutureTask.report(FutureTask.java:122)
	at java.util.concurrent.FutureTask.get(FutureTask.java:192)
	at org.apache.ratis.server.impl.LeaderElection.waitForResults(LeaderElection.java:262)
	at org.apache.ratis.server.impl.LeaderElection.askForVotes(LeaderElection.java:200)
	at org.apache.ratis.server.impl.LeaderElection.run(LeaderElection.java:130)
	at java.lang.Thread.run(Thread.java:748)
Caused by: org.apache.ratis.thirdparty.io.grpc.StatusRuntimeException: UNAVAILABLE: io exception
	at org.apache.ratis.thirdparty.io.grpc.stub.ClientCalls.toStatusRuntimeException(ClientCalls.java:233)
	at org.apache.ratis.thirdparty.io.grpc.stub.ClientCalls.getUnchecked(ClientCalls.java:214)
	at org.apache.ratis.thirdparty.io.grpc.stub.ClientCalls.blockingUnaryCall(ClientCalls.java:139)
	at org.apache.ratis.proto.grpc.RaftServerProtocolServiceGrpc$RaftServerProtocolServiceBlockingStub.requestVote(RaftServerProtocolServiceGrpc.java:265)
	at org.apache.ratis.grpc.server.GrpcServerProtocolClient.requestVote(GrpcServerProtocolClient.java:83)
	at org.apache.ratis.grpc.server.GrpcService.requestVote(GrpcService.java:195)
	at org.apache.ratis.server.impl.LeaderElection.lambda$submitRequests$1(LeaderElection.java:237)
	at java.util.concurrent.FutureTask.run(FutureTask.java:266)
	at java.util.concurrent.Executors$RunnableAdapter.call(Executors.java:511)
	at java.util.concurrent.FutureTask.run(FutureTask.java:266)
	at java.util.concurrent.ThreadPoolExecutor.runWorker(ThreadPoolExecutor.java:1149)
	at java.util.concurrent.ThreadPoolExecutor$Worker.run(ThreadPoolExecutor.java:624)
	... 1 more
Caused by: org.apache.ratis.thirdparty.io.netty.channel.AbstractChannel$AnnotatedConnectException: Connection refused: /192.168.5.159:36546
	at sun.nio.ch.SocketChannelImpl.checkConnect(Native Method)
	at sun.nio.ch.SocketChannelImpl.finishConnect(SocketChannelImpl.java:717)
	at org.apache.ratis.thirdparty.io.netty.channel.socket.nio.NioSocketChannel.doFinishConnect(NioSocketChannel.java:327)
	at org.apache.ratis.thirdparty.io.netty.channel.nio.AbstractNioChannel$AbstractNioUnsafe.finishConnect(AbstractNioChannel.java:340)
	at org.apache.ratis.thirdparty.io.netty.channel.nio.NioEventLoop.processSelectedKey(NioEventLoop.java:632)
	at org.apache.ratis.thirdparty.io.netty.channel.nio.NioEventLoop.processSelectedKeysOptimized(NioEventLoop.java:579)
	at org.apache.ratis.thirdparty.io.netty.channel.nio.NioEventLoop.processSelectedKeys(NioEventLoop.java:496)
	at org.apache.ratis.thirdparty.io.netty.channel.nio.NioEventLoop.run(NioEventLoop.java:458)
	at org.apache.ratis.thirdparty.io.netty.util.concurrent.SingleThreadEventExecutor$5.run(SingleThreadEventExecutor.java:897)
	at org.apache.ratis.thirdparty.io.netty.util.concurrent.FastThreadLocalRunnable.run(FastThreadLocalRunnable.java:30)
	... 1 more
Caused by: java.net.ConnectException: Connection refused
	... 11 more
2019-07-13 22:39:14,952 INFO  impl.RaftServerImpl (RaftServerImpl.java:setRole(171)) - 931aa43a-3005-4ae9-bd51-950a6ab0f1a0:group-4C38967AC463 changes role from CANDIDATE to FOLLOWER at term 29 for DISCOVERED_A_NEW_TERM
2019-07-13 22:39:14,952 INFO  ozone.MiniOzoneClusterImpl (MiniOzoneClusterImpl.java:lambda$waitForClusterToBeReady$0(142)) - Waiting for cluster to be ready. Got 0 of 7 DN Heartbeats.
2019-07-13 22:39:14,952 INFO  impl.RoleInfo (RoleInfo.java:shutdownLeaderElection(134)) - 931aa43a-3005-4ae9-bd51-950a6ab0f1a0: shutdown LeaderElection
2019-07-13 22:39:14,953 INFO  impl.RoleInfo (RoleInfo.java:updateAndGet(143)) - 931aa43a-3005-4ae9-bd51-950a6ab0f1a0: start FollowerState
2019-07-13 22:39:14,957 INFO  ozoneimpl.OzoneContainer (OzoneContainer.java:start(186)) - Attempting to start container services.
2019-07-13 22:39:14,957 INFO  ozoneimpl.OzoneContainer (OzoneContainer.java:startContainerScrub(160)) - Background container scrubber has been disabled by hdds.containerscrub.enabled
2019-07-13 22:39:14,957 INFO  ratis.XceiverServerRatis (XceiverServerRatis.java:start(418)) - Starting XceiverServerRatis bd4ee36a-163f-41b3-9835-398a73d63a00 at port 0
2019-07-13 22:39:14,965 INFO  impl.RaftServerProxy (RaftServerProxy.java:lambda$start$3(299)) - bd4ee36a-163f-41b3-9835-398a73d63a00: start RPC server
2019-07-13 22:39:14,969 INFO  server.GrpcService (GrpcService.java:startImpl(149)) - bd4ee36a-163f-41b3-9835-398a73d63a00: GrpcService started, listening on 0.0.0.0/0.0.0.0:44929
2019-07-13 22:39:14,969 INFO  ratis.XceiverServerRatis (XceiverServerRatis.java:start(428)) - XceiverServerRatis bd4ee36a-163f-41b3-9835-398a73d63a00 is started using port 44929
2019-07-13 22:39:14,985 INFO  server.XceiverServerGrpc (XceiverServerGrpc.java:start(161)) - XceiverServerGrpc bd4ee36a-163f-41b3-9835-398a73d63a00 is started using port 41439
2019-07-13 22:39:15,046 INFO  pipeline.PipelineActionHandler (PipelineActionHandler.java:onMessage(60)) - Received pipeline action CLOSE for Pipeline[ Id: 91d49eb2-c5d8-4ffe-8166-4c38967ac463, Nodes: bf9e593e-7983-4fed-9d6c-fff1d62489b6{ip: 192.168.5.159, host: trunk-nightly-x8m8d-1534914823, networkLocation: /default-rack, certSerialId: null}7c51e767-727f-44cf-ac53-49a5938351e1{ip: 192.168.5.159, host: trunk-nightly-x8m8d-1534914823, networkLocation: /default-rack, certSerialId: null}931aa43a-3005-4ae9-bd51-950a6ab0f1a0{ip: 192.168.5.159, host: trunk-nightly-x8m8d-1534914823, networkLocation: /default-rack, certSerialId: null}, Type:RATIS, Factor:THREE, State:CLOSED] from datanode [}
2019-07-13 22:39:15,046 INFO  pipeline.SCMPipelineManager (SCMPipelineManager.java:finalizeAndDestroyPipeline(309)) - destroying pipeline:Pipeline[ Id: 91d49eb2-c5d8-4ffe-8166-4c38967ac463, Nodes: bf9e593e-7983-4fed-9d6c-fff1d62489b6{ip: 192.168.5.159, host: trunk-nightly-x8m8d-1534914823, networkLocation: /default-rack, certSerialId: null}7c51e767-727f-44cf-ac53-49a5938351e1{ip: 192.168.5.159, host: trunk-nightly-x8m8d-1534914823, networkLocation: /default-rack, certSerialId: null}931aa43a-3005-4ae9-bd51-950a6ab0f1a0{ip: 192.168.5.159, host: trunk-nightly-x8m8d-1534914823, networkLocation: /default-rack, certSerialId: null}, Type:RATIS, Factor:THREE, State:CLOSED]
2019-07-13 22:39:15,812 INFO  net.NetworkTopology (NetworkTopologyImpl.java:add(110)) - Added a new node: /default-rack/192.168.5.159
2019-07-13 22:39:15,816 INFO  node.SCMNodeManager (SCMNodeManager.java:register(269)) - Registered Data node : 4bda7ba0-4524-4538-88f4-90e4b8f4e191{ip: 192.168.5.159, host: trunk-nightly-x8m8d-1534914823, networkLocation: /default-rack, certSerialId: null}
2019-07-13 22:39:15,817 INFO  safemode.SCMSafeModeManager (DataNodeSafeModeRule.java:process(71)) - SCM in safe mode. 1 DataNodes registered, 1 required.
2019-07-13 22:39:15,821 INFO  safemode.SCMSafeModeManager (SCMSafeModeManager.java:validateSafeModeExitRules(177)) - ScmSafeModeManager, all rules are successfully validated
2019-07-13 22:39:15,821 INFO  safemode.SCMSafeModeManager (SCMSafeModeManager.java:exitSafeMode(193)) - SCM exiting safe mode.
2019-07-13 22:39:15,832 INFO  impl.RaftServerProxy (RaftServerProxy.java:addNew(89)) - 4bda7ba0-4524-4538-88f4-90e4b8f4e191: addNew group-7D96FAA538D7:[4bda7ba0-4524-4538-88f4-90e4b8f4e191:192.168.5.159:37681] returns group-7D96FAA538D7:java.util.concurrent.CompletableFuture@1fdcaec6[Not completed]
2019-07-13 22:39:15,833 INFO  impl.RaftServerImpl (RaftServerImpl.java:<init>(93)) - 4bda7ba0-4524-4538-88f4-90e4b8f4e191: new RaftServerImpl for group-7D96FAA538D7:[4bda7ba0-4524-4538-88f4-90e4b8f4e191:192.168.5.159:37681] with ContainerStateMachine:uninitialized
2019-07-13 22:39:15,834 INFO  server.RaftServerConfigKeys (ConfUtils.java:logGet(43)) - raft.server.rpc.timeout.min = 5s (custom)
2019-07-13 22:39:15,834 INFO  server.RaftServerConfigKeys (ConfUtils.java:logGet(43)) - raft.server.rpc.timeout.max = 5200ms (custom)
2019-07-13 22:39:15,834 INFO  server.RaftServerConfigKeys (ConfUtils.java:logGet(43)) - raft.server.rpcslowness.timeout = 120s (custom)
2019-07-13 22:39:15,834 INFO  server.RaftServerConfigKeys (ConfUtils.java:logGet(43)) - raft.server.sleep.deviation.threshold = 300 (default)
2019-07-13 22:39:15,834 INFO  server.RaftServerConfigKeys (ConfUtils.java:logGet(43)) - raft.server.log.appender.install.snapshot.enabled = false (custom)
2019-07-13 22:39:15,834 INFO  impl.RaftServerImpl (ServerState.java:<init>(105)) - 4bda7ba0-4524-4538-88f4-90e4b8f4e191:group-7D96FAA538D7 ConfigurationManager, init=-1: [4bda7ba0-4524-4538-88f4-90e4b8f4e191:192.168.5.159:37681], old=null, confs=<EMPTY_MAP>
2019-07-13 22:39:15,835 INFO  server.RaftServerConfigKeys (ConfUtils.java:logGet(43)) - raft.server.storage.dir = [/tmp/workdir/hadoop-ozone/integration-test/target/test-dir/MiniOzoneClusterImpl-ae05db68-18ba-4bf1-995b-9a16c5287bb4/datanode-0/data/ratis] (custom)
2019-07-13 22:39:15,835 INFO  storage.RaftStorageDirectory (RaftStorageDirectory.java:analyzeStorage(246)) - The storage directory /tmp/workdir/hadoop-ozone/integration-test/target/test-dir/MiniOzoneClusterImpl-ae05db68-18ba-4bf1-995b-9a16c5287bb4/datanode-0/data/ratis/92949665-3968-4415-b5a3-7d96faa538d7 does not exist. Creating ...
2019-07-13 22:39:15,848 INFO  storage.RaftStorageDirectory (RaftStorageDirectory.java:tryLock(328)) - Lock on /tmp/workdir/hadoop-ozone/integration-test/target/test-dir/MiniOzoneClusterImpl-ae05db68-18ba-4bf1-995b-9a16c5287bb4/datanode-0/data/ratis/92949665-3968-4415-b5a3-7d96faa538d7/in_use.lock acquired by nodename 19245@trunk-nightly-x8m8d-1534914823
2019-07-13 22:39:15,851 INFO  storage.RaftStorage (RaftStorage.java:format(72)) - Storage directory /tmp/workdir/hadoop-ozone/integration-test/target/test-dir/MiniOzoneClusterImpl-ae05db68-18ba-4bf1-995b-9a16c5287bb4/datanode-0/data/ratis/92949665-3968-4415-b5a3-7d96faa538d7 has been successfully formatted.
2019-07-13 22:39:15,851 INFO  ratis.ContainerStateMachine (ContainerStateMachine.java:loadSnapshot(200)) - The snapshot info is null.Setting the last applied index to:(t:0, i:~)
2019-07-13 22:39:15,852 INFO  server.RaftServerConfigKeys (ConfUtils.java:logGet(43)) - raft.server.leader.election.timeout = 120s (custom)
2019-07-13 22:39:15,852 INFO  server.RaftServerConfigKeys (ConfUtils.java:logGet(43)) - raft.server.log.use.memory = false (default)
2019-07-13 22:39:15,852 INFO  server.RaftServerConfigKeys (ConfUtils.java:logGet(43)) - raft.server.log.purge.gap = 1000000000 (custom)
2019-07-13 22:39:15,852 INFO  server.RaftServerConfigKeys (ConfUtils.java:logGet(43)) - raft.server.log.appender.buffer.byte-limit = 33554432 (custom)
2019-07-13 22:39:15,852 INFO  server.RaftServerConfigKeys (ConfUtils.java:logGet(43)) - raft.server.log.segment.size.max = 1048576 (custom)
2019-07-13 22:39:15,852 INFO  server.RaftServerConfigKeys (ConfUtils.java:logGet(43)) - raft.server.log.segment.cache.num.max = 2 (custom)
2019-07-13 22:39:15,853 INFO  segmented.SegmentedRaftLogWorker (SegmentedRaftLogWorker.java:<init>(172)) - new 4bda7ba0-4524-4538-88f4-90e4b8f4e191-SegmentedRaftLogWorker:Storage Directory /tmp/workdir/hadoop-ozone/integration-test/target/test-dir/MiniOzoneClusterImpl-ae05db68-18ba-4bf1-995b-9a16c5287bb4/datanode-0/data/ratis/92949665-3968-4415-b5a3-7d96faa538d7 for RaftStorage:Storage Directory /tmp/workdir/hadoop-ozone/integration-test/target/test-dir/MiniOzoneClusterImpl-ae05db68-18ba-4bf1-995b-9a16c5287bb4/datanode-0/data/ratis/92949665-3968-4415-b5a3-7d96faa538d7
2019-07-13 22:39:15,853 INFO  server.RaftServerConfigKeys (ConfUtils.java:logGet(43)) - raft.server.log.queue.byte-limit = 2147483647 (custom)
2019-07-13 22:39:15,853 INFO  server.RaftServerConfigKeys (ConfUtils.java:logGet(43)) - raft.server.log.queue.element-limit = 1024 (custom)
2019-07-13 22:39:15,853 INFO  server.RaftServerConfigKeys (ConfUtils.java:logGet(43)) - raft.server.log.segment.size.max = 1048576 (custom)
2019-07-13 22:39:15,853 INFO  server.RaftServerConfigKeys (ConfUtils.java:logGet(43)) - raft.server.log.preallocated.size = 16384 (custom)
2019-07-13 22:39:15,853 INFO  server.RaftServerConfigKeys (ConfUtils.java:logGet(43)) - raft.server.log.write.buffer.size = 33554432 (custom)
2019-07-13 22:39:15,854 INFO  server.RaftServerConfigKeys (ConfUtils.java:logGet(43)) - raft.server.log.force.sync.num = 128 (default)
2019-07-13 22:39:15,854 INFO  server.RaftServerConfigKeys (ConfUtils.java:logGet(43)) - raft.server.log.statemachine.data.sync = true (default)
2019-07-13 22:39:15,854 INFO  server.RaftServerConfigKeys (ConfUtils.java:logGet(43)) - raft.server.log.statemachine.data.sync.timeout = 10s (default)
2019-07-13 22:39:15,854 INFO  server.RaftServerConfigKeys (ConfUtils.java:logGet(43)) - raft.server.log.statemachine.data.sync.timeout.retry = -1 (default)
2019-07-13 22:39:15,854 INFO  server.RaftServerConfigKeys (ConfUtils.java:logGet(43)) - raft.server.log.statemachine.data.caching.enabled = true (custom)
2019-07-13 22:39:15,855 INFO  segmented.SegmentedRaftLogWorker (SegmentedRaftLogWorker.java:lambda$new$0(132)) - 4bda7ba0-4524-4538-88f4-90e4b8f4e191-SegmentedRaftLogWorker:Storage Directory /tmp/workdir/hadoop-ozone/integration-test/target/test-dir/MiniOzoneClusterImpl-ae05db68-18ba-4bf1-995b-9a16c5287bb4/datanode-0/data/ratis/92949665-3968-4415-b5a3-7d96faa538d7: flushIndex: setUnconditionally 0 -> -1
2019-07-13 22:39:15,855 INFO  server.RaftServerConfigKeys (ConfUtils.java:logGet(43)) - raft.server.snapshot.auto.trigger.enabled = true (custom)
2019-07-13 22:39:15,855 INFO  server.RaftServerConfigKeys (ConfUtils.java:logGet(43)) - raft.server.snapshot.auto.trigger.threshold = 10000 (custom)
2019-07-13 22:39:15,855 INFO  server.RaftServerConfigKeys (ConfUtils.java:logGet(43)) - raft.server.retrycache.expirytime = 600000ms (custom)
2019-07-13 22:39:15,856 INFO  impl.RaftServerImpl (RaftServerImpl.java:start(180)) - 4bda7ba0-4524-4538-88f4-90e4b8f4e191: start group-7D96FAA538D7
2019-07-13 22:39:15,856 INFO  impl.RaftServerImpl (RaftServerImpl.java:setRole(171)) - 4bda7ba0-4524-4538-88f4-90e4b8f4e191:group-7D96FAA538D7 changes role from null to FOLLOWER at term 0 for startAsFollower
2019-07-13 22:39:15,856 INFO  impl.RoleInfo (RoleInfo.java:updateAndGet(143)) - 4bda7ba0-4524-4538-88f4-90e4b8f4e191: start FollowerState
2019-07-13 22:39:15,856 INFO  util.JmxRegister (JmxRegister.java:tryRegister(44)) - Successfully registered JMX Bean with object name Ratis:service=RaftServer,group=group-7D96FAA538D7,id=4bda7ba0-4524-4538-88f4-90e4b8f4e191
2019-07-13 22:39:15,859 INFO  pipeline.PipelineStateManager (PipelineStateManager.java:addPipeline(56)) - Created pipeline Pipeline[ Id: 92949665-3968-4415-b5a3-7d96faa538d7, Nodes: 4bda7ba0-4524-4538-88f4-90e4b8f4e191{ip: 192.168.5.159, host: trunk-nightly-x8m8d-1534914823, networkLocation: /default-rack, certSerialId: null}, Type:RATIS, Factor:ONE, State:OPEN]
2019-07-13 22:39:15,953 INFO  ozone.MiniOzoneClusterImpl (MiniOzoneClusterImpl.java:lambda$waitForClusterToBeReady$0(142)) - Waiting for cluster to be ready. Got 1 of 7 DN Heartbeats.
2019-07-13 22:39:16,024 INFO  node.SCMNodeManager (SCMNodeManager.java:register(269)) - Registered Data node : 49bd2d0c-aff6-4308-aa5c-2cebe2048af3{ip: 192.168.5.159, host: trunk-nightly-x8m8d-1534914823, networkLocation: /default-rack, certSerialId: null}
2019-07-13 22:39:16,039 INFO  impl.RaftServerProxy (RaftServerProxy.java:addNew(89)) - 49bd2d0c-aff6-4308-aa5c-2cebe2048af3: addNew group-3F1752EF8C0E:[49bd2d0c-aff6-4308-aa5c-2cebe2048af3:192.168.5.159:43578] returns group-3F1752EF8C0E:java.util.concurrent.CompletableFuture@2a15adef[Not completed]
2019-07-13 22:39:16,040 INFO  impl.RaftServerImpl (RaftServerImpl.java:<init>(93)) - 49bd2d0c-aff6-4308-aa5c-2cebe2048af3: new RaftServerImpl for group-3F1752EF8C0E:[49bd2d0c-aff6-4308-aa5c-2cebe2048af3:192.168.5.159:43578] with ContainerStateMachine:uninitialized
2019-07-13 22:39:16,040 INFO  server.RaftServerConfigKeys (ConfUtils.java:logGet(43)) - raft.server.rpc.timeout.min = 5s (custom)
2019-07-13 22:39:16,040 INFO  server.RaftServerConfigKeys (ConfUtils.java:logGet(43)) - raft.server.rpc.timeout.max = 5200ms (custom)
2019-07-13 22:39:16,040 INFO  server.RaftServerConfigKeys (ConfUtils.java:logGet(43)) - raft.server.rpcslowness.timeout = 120s (custom)
2019-07-13 22:39:16,040 INFO  server.RaftServerConfigKeys (ConfUtils.java:logGet(43)) - raft.server.sleep.deviation.threshold = 300 (default)
2019-07-13 22:39:16,040 INFO  server.RaftServerConfigKeys (ConfUtils.java:logGet(43)) - raft.server.log.appender.install.snapshot.enabled = false (custom)
2019-07-13 22:39:16,041 INFO  impl.RaftServerImpl (ServerState.java:<init>(105)) - 49bd2d0c-aff6-4308-aa5c-2cebe2048af3:group-3F1752EF8C0E ConfigurationManager, init=-1: [49bd2d0c-aff6-4308-aa5c-2cebe2048af3:192.168.5.159:43578], old=null, confs=<EMPTY_MAP>
2019-07-13 22:39:16,041 INFO  server.RaftServerConfigKeys (ConfUtils.java:logGet(43)) - raft.server.storage.dir = [/tmp/workdir/hadoop-ozone/integration-test/target/test-dir/MiniOzoneClusterImpl-ae05db68-18ba-4bf1-995b-9a16c5287bb4/datanode-1/data/ratis] (custom)
2019-07-13 22:39:16,041 INFO  storage.RaftStorageDirectory (RaftStorageDirectory.java:analyzeStorage(246)) - The storage directory /tmp/workdir/hadoop-ozone/integration-test/target/test-dir/MiniOzoneClusterImpl-ae05db68-18ba-4bf1-995b-9a16c5287bb4/datanode-1/data/ratis/33d2e95b-55a2-41fb-b677-3f1752ef8c0e does not exist. Creating ...
2019-07-13 22:39:16,053 INFO  storage.RaftStorageDirectory (RaftStorageDirectory.java:tryLock(328)) - Lock on /tmp/workdir/hadoop-ozone/integration-test/target/test-dir/MiniOzoneClusterImpl-ae05db68-18ba-4bf1-995b-9a16c5287bb4/datanode-1/data/ratis/33d2e95b-55a2-41fb-b677-3f1752ef8c0e/in_use.lock acquired by nodename 19245@trunk-nightly-x8m8d-1534914823
2019-07-13 22:39:16,067 INFO  storage.RaftStorage (RaftStorage.java:format(72)) - Storage directory /tmp/workdir/hadoop-ozone/integration-test/target/test-dir/MiniOzoneClusterImpl-ae05db68-18ba-4bf1-995b-9a16c5287bb4/datanode-1/data/ratis/33d2e95b-55a2-41fb-b677-3f1752ef8c0e has been successfully formatted.
2019-07-13 22:39:16,068 INFO  ratis.ContainerStateMachine (ContainerStateMachine.java:loadSnapshot(200)) - The snapshot info is null.Setting the last applied index to:(t:0, i:~)
2019-07-13 22:39:16,068 INFO  server.RaftServerConfigKeys (ConfUtils.java:logGet(43)) - raft.server.leader.election.timeout = 120s (custom)
2019-07-13 22:39:16,068 INFO  server.RaftServerConfigKeys (ConfUtils.java:logGet(43)) - raft.server.log.use.memory = false (default)
2019-07-13 22:39:16,068 INFO  server.RaftServerConfigKeys (ConfUtils.java:logGet(43)) - raft.server.log.purge.gap = 1000000000 (custom)
2019-07-13 22:39:16,068 INFO  server.RaftServerConfigKeys (ConfUtils.java:logGet(43)) - raft.server.log.appender.buffer.byte-limit = 33554432 (custom)
2019-07-13 22:39:16,068 INFO  server.RaftServerConfigKeys (ConfUtils.java:logGet(43)) - raft.server.log.segment.size.max = 1048576 (custom)
2019-07-13 22:39:16,069 INFO  server.RaftServerConfigKeys (ConfUtils.java:logGet(43)) - raft.server.log.segment.cache.num.max = 2 (custom)
2019-07-13 22:39:16,069 INFO  segmented.SegmentedRaftLogWorker (SegmentedRaftLogWorker.java:<init>(172)) - new 49bd2d0c-aff6-4308-aa5c-2cebe2048af3-SegmentedRaftLogWorker:Storage Directory /tmp/workdir/hadoop-ozone/integration-test/target/test-dir/MiniOzoneClusterImpl-ae05db68-18ba-4bf1-995b-9a16c5287bb4/datanode-1/data/ratis/33d2e95b-55a2-41fb-b677-3f1752ef8c0e for RaftStorage:Storage Directory /tmp/workdir/hadoop-ozone/integration-test/target/test-dir/MiniOzoneClusterImpl-ae05db68-18ba-4bf1-995b-9a16c5287bb4/datanode-1/data/ratis/33d2e95b-55a2-41fb-b677-3f1752ef8c0e
2019-07-13 22:39:16,069 INFO  server.RaftServerConfigKeys (ConfUtils.java:logGet(43)) - raft.server.log.queue.byte-limit = 2147483647 (custom)
2019-07-13 22:39:16,069 INFO  server.RaftServerConfigKeys (ConfUtils.java:logGet(43)) - raft.server.log.queue.element-limit = 1024 (custom)
2019-07-13 22:39:16,069 INFO  server.RaftServerConfigKeys (ConfUtils.java:logGet(43)) - raft.server.log.segment.size.max = 1048576 (custom)
2019-07-13 22:39:16,069 INFO  server.RaftServerConfigKeys (ConfUtils.java:logGet(43)) - raft.server.log.preallocated.size = 16384 (custom)
2019-07-13 22:39:16,070 INFO  server.RaftServerConfigKeys (ConfUtils.java:logGet(43)) - raft.server.log.write.buffer.size = 33554432 (custom)
2019-07-13 22:39:16,070 INFO  server.RaftServerConfigKeys (ConfUtils.java:logGet(43)) - raft.server.log.force.sync.num = 128 (default)
2019-07-13 22:39:16,070 INFO  server.RaftServerConfigKeys (ConfUtils.java:logGet(43)) - raft.server.log.statemachine.data.sync = true (default)
2019-07-13 22:39:16,070 INFO  server.RaftServerConfigKeys (ConfUtils.java:logGet(43)) - raft.server.log.statemachine.data.sync.timeout = 10s (default)
2019-07-13 22:39:16,070 INFO  server.RaftServerConfigKeys (ConfUtils.java:logGet(43)) - raft.server.log.statemachine.data.sync.timeout.retry = -1 (default)
2019-07-13 22:39:16,070 INFO  server.RaftServerConfigKeys (ConfUtils.java:logGet(43)) - raft.server.log.statemachine.data.caching.enabled = true (custom)
2019-07-13 22:39:16,071 INFO  segmented.SegmentedRaftLogWorker (SegmentedRaftLogWorker.java:lambda$new$0(132)) - 49bd2d0c-aff6-4308-aa5c-2cebe2048af3-SegmentedRaftLogWorker:Storage Directory /tmp/workdir/hadoop-ozone/integration-test/target/test-dir/MiniOzoneClusterImpl-ae05db68-18ba-4bf1-995b-9a16c5287bb4/datanode-1/data/ratis/33d2e95b-55a2-41fb-b677-3f1752ef8c0e: flushIndex: setUnconditionally 0 -> -1
2019-07-13 22:39:16,071 INFO  server.RaftServerConfigKeys (ConfUtils.java:logGet(43)) - raft.server.snapshot.auto.trigger.enabled = true (custom)
2019-07-13 22:39:16,071 INFO  server.RaftServerConfigKeys (ConfUtils.java:logGet(43)) - raft.server.snapshot.auto.trigger.threshold = 10000 (custom)
2019-07-13 22:39:16,071 INFO  server.RaftServerConfigKeys (ConfUtils.java:logGet(43)) - raft.server.retrycache.expirytime = 600000ms (custom)
2019-07-13 22:39:16,072 INFO  impl.RaftServerImpl (RaftServerImpl.java:start(180)) - 49bd2d0c-aff6-4308-aa5c-2cebe2048af3: start group-3F1752EF8C0E
2019-07-13 22:39:16,072 INFO  impl.RaftServerImpl (RaftServerImpl.java:setRole(171)) - 49bd2d0c-aff6-4308-aa5c-2cebe2048af3:group-3F1752EF8C0E changes role from null to FOLLOWER at term 0 for startAsFollower
2019-07-13 22:39:16,072 INFO  impl.RoleInfo (RoleInfo.java:updateAndGet(143)) - 49bd2d0c-aff6-4308-aa5c-2cebe2048af3: start FollowerState
2019-07-13 22:39:16,072 INFO  util.JmxRegister (JmxRegister.java:tryRegister(44)) - Successfully registered JMX Bean with object name Ratis:service=RaftServer,group=group-3F1752EF8C0E,id=49bd2d0c-aff6-4308-aa5c-2cebe2048af3
2019-07-13 22:39:16,075 INFO  pipeline.PipelineStateManager (PipelineStateManager.java:addPipeline(56)) - Created pipeline Pipeline[ Id: 33d2e95b-55a2-41fb-b677-3f1752ef8c0e, Nodes: 49bd2d0c-aff6-4308-aa5c-2cebe2048af3{ip: 192.168.5.159, host: trunk-nightly-x8m8d-1534914823, networkLocation: /default-rack, certSerialId: null}, Type:RATIS, Factor:ONE, State:OPEN]
2019-07-13 22:39:16,238 INFO  node.SCMNodeManager (SCMNodeManager.java:register(269)) - Registered Data node : 4db0d2ab-2bf5-4a6b-8979-1cbb97645a4e{ip: 192.168.5.159, host: trunk-nightly-x8m8d-1534914823, networkLocation: /default-rack, certSerialId: null}
2019-07-13 22:39:16,249 INFO  impl.RaftServerProxy (RaftServerProxy.java:addNew(89)) - 4db0d2ab-2bf5-4a6b-8979-1cbb97645a4e: addNew group-E733D8B25D8D:[4db0d2ab-2bf5-4a6b-8979-1cbb97645a4e:192.168.5.159:39196] returns group-E733D8B25D8D:java.util.concurrent.CompletableFuture@47b7f370[Not completed]
2019-07-13 22:39:16,250 INFO  impl.RaftServerImpl (RaftServerImpl.java:<init>(93)) - 4db0d2ab-2bf5-4a6b-8979-1cbb97645a4e: new RaftServerImpl for group-E733D8B25D8D:[4db0d2ab-2bf5-4a6b-8979-1cbb97645a4e:192.168.5.159:39196] with ContainerStateMachine:uninitialized
2019-07-13 22:39:16,250 INFO  server.RaftServerConfigKeys (ConfUtils.java:logGet(43)) - raft.server.rpc.timeout.min = 5s (custom)
2019-07-13 22:39:16,250 INFO  server.RaftServerConfigKeys (ConfUtils.java:logGet(43)) - raft.server.rpc.timeout.max = 5200ms (custom)
2019-07-13 22:39:16,250 INFO  server.RaftServerConfigKeys (ConfUtils.java:logGet(43)) - raft.server.rpcslowness.timeout = 120s (custom)
2019-07-13 22:39:16,251 INFO  server.RaftServerConfigKeys (ConfUtils.java:logGet(43)) - raft.server.sleep.deviation.threshold = 300 (default)
2019-07-13 22:39:16,251 INFO  server.RaftServerConfigKeys (ConfUtils.java:logGet(43)) - raft.server.log.appender.install.snapshot.enabled = false (custom)
2019-07-13 22:39:16,251 INFO  impl.RaftServerImpl (ServerState.java:<init>(105)) - 4db0d2ab-2bf5-4a6b-8979-1cbb97645a4e:group-E733D8B25D8D ConfigurationManager, init=-1: [4db0d2ab-2bf5-4a6b-8979-1cbb97645a4e:192.168.5.159:39196], old=null, confs=<EMPTY_MAP>
2019-07-13 22:39:16,251 INFO  server.RaftServerConfigKeys (ConfUtils.java:logGet(43)) - raft.server.storage.dir = [/tmp/workdir/hadoop-ozone/integration-test/target/test-dir/MiniOzoneClusterImpl-ae05db68-18ba-4bf1-995b-9a16c5287bb4/datanode-2/data/ratis] (custom)
2019-07-13 22:39:16,252 INFO  storage.RaftStorageDirectory (RaftStorageDirectory.java:analyzeStorage(246)) - The storage directory /tmp/workdir/hadoop-ozone/integration-test/target/test-dir/MiniOzoneClusterImpl-ae05db68-18ba-4bf1-995b-9a16c5287bb4/datanode-2/data/ratis/363222fc-3bb5-4287-abe5-e733d8b25d8d does not exist. Creating ...
2019-07-13 22:39:16,257 INFO  storage.RaftStorageDirectory (RaftStorageDirectory.java:tryLock(328)) - Lock on /tmp/workdir/hadoop-ozone/integration-test/target/test-dir/MiniOzoneClusterImpl-ae05db68-18ba-4bf1-995b-9a16c5287bb4/datanode-2/data/ratis/363222fc-3bb5-4287-abe5-e733d8b25d8d/in_use.lock acquired by nodename 19245@trunk-nightly-x8m8d-1534914823
2019-07-13 22:39:16,270 INFO  storage.RaftStorage (RaftStorage.java:format(72)) - Storage directory /tmp/workdir/hadoop-ozone/integration-test/target/test-dir/MiniOzoneClusterImpl-ae05db68-18ba-4bf1-995b-9a16c5287bb4/datanode-2/data/ratis/363222fc-3bb5-4287-abe5-e733d8b25d8d has been successfully formatted.
2019-07-13 22:39:16,271 INFO  ratis.ContainerStateMachine (ContainerStateMachine.java:loadSnapshot(200)) - The snapshot info is null.Setting the last applied index to:(t:0, i:~)
2019-07-13 22:39:16,271 INFO  server.RaftServerConfigKeys (ConfUtils.java:logGet(43)) - raft.server.leader.election.timeout = 120s (custom)
2019-07-13 22:39:16,271 INFO  server.RaftServerConfigKeys (ConfUtils.java:logGet(43)) - raft.server.log.use.memory = false (default)
2019-07-13 22:39:16,271 INFO  server.RaftServerConfigKeys (ConfUtils.java:logGet(43)) - raft.server.log.purge.gap = 1000000000 (custom)
2019-07-13 22:39:16,271 INFO  server.RaftServerConfigKeys (ConfUtils.java:logGet(43)) - raft.server.log.appender.buffer.byte-limit = 33554432 (custom)
2019-07-13 22:39:16,271 INFO  server.RaftServerConfigKeys (ConfUtils.java:logGet(43)) - raft.server.log.segment.size.max = 1048576 (custom)
2019-07-13 22:39:16,272 INFO  server.RaftServerConfigKeys (ConfUtils.java:logGet(43)) - raft.server.log.segment.cache.num.max = 2 (custom)
2019-07-13 22:39:16,272 INFO  segmented.SegmentedRaftLogWorker (SegmentedRaftLogWorker.java:<init>(172)) - new 4db0d2ab-2bf5-4a6b-8979-1cbb97645a4e-SegmentedRaftLogWorker:Storage Directory /tmp/workdir/hadoop-ozone/integration-test/target/test-dir/MiniOzoneClusterImpl-ae05db68-18ba-4bf1-995b-9a16c5287bb4/datanode-2/data/ratis/363222fc-3bb5-4287-abe5-e733d8b25d8d for RaftStorage:Storage Directory /tmp/workdir/hadoop-ozone/integration-test/target/test-dir/MiniOzoneClusterImpl-ae05db68-18ba-4bf1-995b-9a16c5287bb4/datanode-2/data/ratis/363222fc-3bb5-4287-abe5-e733d8b25d8d
2019-07-13 22:39:16,272 INFO  server.RaftServerConfigKeys (ConfUtils.java:logGet(43)) - raft.server.log.queue.byte-limit = 2147483647 (custom)
2019-07-13 22:39:16,272 INFO  server.RaftServerConfigKeys (ConfUtils.java:logGet(43)) - raft.server.log.queue.element-limit = 1024 (custom)
2019-07-13 22:39:16,272 INFO  server.RaftServerConfigKeys (ConfUtils.java:logGet(43)) - raft.server.log.segment.size.max = 1048576 (custom)
2019-07-13 22:39:16,273 INFO  server.RaftServerConfigKeys (ConfUtils.java:logGet(43)) - raft.server.log.preallocated.size = 16384 (custom)
2019-07-13 22:39:16,273 INFO  server.RaftServerConfigKeys (ConfUtils.java:logGet(43)) - raft.server.log.write.buffer.size = 33554432 (custom)
2019-07-13 22:39:16,273 INFO  server.RaftServerConfigKeys (ConfUtils.java:logGet(43)) - raft.server.log.force.sync.num = 128 (default)
2019-07-13 22:39:16,273 INFO  server.RaftServerConfigKeys (ConfUtils.java:logGet(43)) - raft.server.log.statemachine.data.sync = true (default)
2019-07-13 22:39:16,273 INFO  server.RaftServerConfigKeys (ConfUtils.java:logGet(43)) - raft.server.log.statemachine.data.sync.timeout = 10s (default)
2019-07-13 22:39:16,273 INFO  server.RaftServerConfigKeys (ConfUtils.java:logGet(43)) - raft.server.log.statemachine.data.sync.timeout.retry = -1 (default)
2019-07-13 22:39:16,274 INFO  server.RaftServerConfigKeys (ConfUtils.java:logGet(43)) - raft.server.log.statemachine.data.caching.enabled = true (custom)
2019-07-13 22:39:16,274 INFO  segmented.SegmentedRaftLogWorker (SegmentedRaftLogWorker.java:lambda$new$0(132)) - 4db0d2ab-2bf5-4a6b-8979-1cbb97645a4e-SegmentedRaftLogWorker:Storage Directory /tmp/workdir/hadoop-ozone/integration-test/target/test-dir/MiniOzoneClusterImpl-ae05db68-18ba-4bf1-995b-9a16c5287bb4/datanode-2/data/ratis/363222fc-3bb5-4287-abe5-e733d8b25d8d: flushIndex: setUnconditionally 0 -> -1
2019-07-13 22:39:16,274 INFO  server.RaftServerConfigKeys (ConfUtils.java:logGet(43)) - raft.server.snapshot.auto.trigger.enabled = true (custom)
2019-07-13 22:39:16,274 INFO  server.RaftServerConfigKeys (ConfUtils.java:logGet(43)) - raft.server.snapshot.auto.trigger.threshold = 10000 (custom)
2019-07-13 22:39:16,275 INFO  server.RaftServerConfigKeys (ConfUtils.java:logGet(43)) - raft.server.retrycache.expirytime = 600000ms (custom)
2019-07-13 22:39:16,275 INFO  impl.RaftServerImpl (RaftServerImpl.java:start(180)) - 4db0d2ab-2bf5-4a6b-8979-1cbb97645a4e: start group-E733D8B25D8D
2019-07-13 22:39:16,275 INFO  impl.RaftServerImpl (RaftServerImpl.java:setRole(171)) - 4db0d2ab-2bf5-4a6b-8979-1cbb97645a4e:group-E733D8B25D8D changes role from null to FOLLOWER at term 0 for startAsFollower
2019-07-13 22:39:16,275 INFO  impl.RoleInfo (RoleInfo.java:updateAndGet(143)) - 4db0d2ab-2bf5-4a6b-8979-1cbb97645a4e: start FollowerState
2019-07-13 22:39:16,276 INFO  util.JmxRegister (JmxRegister.java:tryRegister(44)) - Successfully registered JMX Bean with object name Ratis:service=RaftServer,group=group-E733D8B25D8D,id=4db0d2ab-2bf5-4a6b-8979-1cbb97645a4e
2019-07-13 22:39:16,278 INFO  pipeline.PipelineStateManager (PipelineStateManager.java:addPipeline(56)) - Created pipeline Pipeline[ Id: 363222fc-3bb5-4287-abe5-e733d8b25d8d, Nodes: 4db0d2ab-2bf5-4a6b-8979-1cbb97645a4e{ip: 192.168.5.159, host: trunk-nightly-x8m8d-1534914823, networkLocation: /default-rack, certSerialId: null}, Type:RATIS, Factor:ONE, State:OPEN]
2019-07-13 22:39:16,297 INFO  impl.RaftServerProxy (RaftServerProxy.java:addNew(89)) - 4db0d2ab-2bf5-4a6b-8979-1cbb97645a4e: addNew group-1E65B0DE3A35:[49bd2d0c-aff6-4308-aa5c-2cebe2048af3:192.168.5.159:43578, 4bda7ba0-4524-4538-88f4-90e4b8f4e191:192.168.5.159:37681, 4db0d2ab-2bf5-4a6b-8979-1cbb97645a4e:192.168.5.159:39196] returns group-1E65B0DE3A35:java.util.concurrent.CompletableFuture@3c145a74[Not completed]
2019-07-13 22:39:16,297 INFO  impl.RaftServerProxy (RaftServerProxy.java:addNew(89)) - 49bd2d0c-aff6-4308-aa5c-2cebe2048af3: addNew group-1E65B0DE3A35:[49bd2d0c-aff6-4308-aa5c-2cebe2048af3:192.168.5.159:43578, 4bda7ba0-4524-4538-88f4-90e4b8f4e191:192.168.5.159:37681, 4db0d2ab-2bf5-4a6b-8979-1cbb97645a4e:192.168.5.159:39196] returns group-1E65B0DE3A35:java.util.concurrent.CompletableFuture@5fd8a6bb[Not completed]
2019-07-13 22:39:16,297 INFO  impl.RaftServerProxy (RaftServerProxy.java:addNew(89)) - 4bda7ba0-4524-4538-88f4-90e4b8f4e191: addNew group-1E65B0DE3A35:[49bd2d0c-aff6-4308-aa5c-2cebe2048af3:192.168.5.159:43578, 4bda7ba0-4524-4538-88f4-90e4b8f4e191:192.168.5.159:37681, 4db0d2ab-2bf5-4a6b-8979-1cbb97645a4e:192.168.5.159:39196] returns group-1E65B0DE3A35:java.util.concurrent.CompletableFuture@5b5fc490[Not completed]
2019-07-13 22:39:16,298 INFO  impl.RaftServerImpl (RaftServerImpl.java:<init>(93)) - 4db0d2ab-2bf5-4a6b-8979-1cbb97645a4e: new RaftServerImpl for group-1E65B0DE3A35:[49bd2d0c-aff6-4308-aa5c-2cebe2048af3:192.168.5.159:43578, 4bda7ba0-4524-4538-88f4-90e4b8f4e191:192.168.5.159:37681, 4db0d2ab-2bf5-4a6b-8979-1cbb97645a4e:192.168.5.159:39196] with ContainerStateMachine:uninitialized
2019-07-13 22:39:16,298 INFO  server.RaftServerConfigKeys (ConfUtils.java:logGet(43)) - raft.server.rpc.timeout.min = 5s (custom)
2019-07-13 22:39:16,298 INFO  server.RaftServerConfigKeys (ConfUtils.java:logGet(43)) - raft.server.rpc.timeout.max = 5200ms (custom)
2019-07-13 22:39:16,298 INFO  server.RaftServerConfigKeys (ConfUtils.java:logGet(43)) - raft.server.rpcslowness.timeout = 120s (custom)
2019-07-13 22:39:16,299 INFO  server.RaftServerConfigKeys (ConfUtils.java:logGet(43)) - raft.server.sleep.deviation.threshold = 300 (default)
2019-07-13 22:39:16,299 INFO  impl.RaftServerImpl (RaftServerImpl.java:<init>(93)) - 49bd2d0c-aff6-4308-aa5c-2cebe2048af3: new RaftServerImpl for group-1E65B0DE3A35:[49bd2d0c-aff6-4308-aa5c-2cebe2048af3:192.168.5.159:43578, 4bda7ba0-4524-4538-88f4-90e4b8f4e191:192.168.5.159:37681, 4db0d2ab-2bf5-4a6b-8979-1cbb97645a4e:192.168.5.159:39196] with ContainerStateMachine:uninitialized
2019-07-13 22:39:16,299 INFO  server.RaftServerConfigKeys (ConfUtils.java:logGet(43)) - raft.server.log.appender.install.snapshot.enabled = false (custom)
2019-07-13 22:39:16,299 INFO  server.RaftServerConfigKeys (ConfUtils.java:logGet(43)) - raft.server.rpc.timeout.min = 5s (custom)
2019-07-13 22:39:16,299 INFO  impl.RaftServerImpl (ServerState.java:<init>(105)) - 4db0d2ab-2bf5-4a6b-8979-1cbb97645a4e:group-1E65B0DE3A35 ConfigurationManager, init=-1: [49bd2d0c-aff6-4308-aa5c-2cebe2048af3:192.168.5.159:43578, 4bda7ba0-4524-4538-88f4-90e4b8f4e191:192.168.5.159:37681, 4db0d2ab-2bf5-4a6b-8979-1cbb97645a4e:192.168.5.159:39196], old=null, confs=<EMPTY_MAP>
2019-07-13 22:39:16,299 INFO  server.RaftServerConfigKeys (ConfUtils.java:logGet(43)) - raft.server.rpc.timeout.max = 5200ms (custom)
2019-07-13 22:39:16,299 INFO  impl.RaftServerImpl (RaftServerImpl.java:<init>(93)) - 4bda7ba0-4524-4538-88f4-90e4b8f4e191: new RaftServerImpl for group-1E65B0DE3A35:[49bd2d0c-aff6-4308-aa5c-2cebe2048af3:192.168.5.159:43578, 4bda7ba0-4524-4538-88f4-90e4b8f4e191:192.168.5.159:37681, 4db0d2ab-2bf5-4a6b-8979-1cbb97645a4e:192.168.5.159:39196] with ContainerStateMachine:uninitialized
2019-07-13 22:39:16,299 INFO  server.RaftServerConfigKeys (ConfUtils.java:logGet(43)) - raft.server.rpcslowness.timeout = 120s (custom)
2019-07-13 22:39:16,299 INFO  server.RaftServerConfigKeys (ConfUtils.java:logGet(43)) - raft.server.storage.dir = [/tmp/workdir/hadoop-ozone/integration-test/target/test-dir/MiniOzoneClusterImpl-ae05db68-18ba-4bf1-995b-9a16c5287bb4/datanode-2/data/ratis] (custom)
2019-07-13 22:39:16,300 INFO  server.RaftServerConfigKeys (ConfUtils.java:logGet(43)) - raft.server.sleep.deviation.threshold = 300 (default)
2019-07-13 22:39:16,300 INFO  server.RaftServerConfigKeys (ConfUtils.java:logGet(43)) - raft.server.rpc.timeout.min = 5s (custom)
2019-07-13 22:39:16,300 INFO  server.RaftServerConfigKeys (ConfUtils.java:logGet(43)) - raft.server.log.appender.install.snapshot.enabled = false (custom)
2019-07-13 22:39:16,300 INFO  storage.RaftStorageDirectory (RaftStorageDirectory.java:analyzeStorage(246)) - The storage directory /tmp/workdir/hadoop-ozone/integration-test/target/test-dir/MiniOzoneClusterImpl-ae05db68-18ba-4bf1-995b-9a16c5287bb4/datanode-2/data/ratis/00ac5a53-8bcd-4f5d-8015-1e65b0de3a35 does not exist. Creating ...
2019-07-13 22:39:16,300 INFO  impl.RaftServerImpl (ServerState.java:<init>(105)) - 49bd2d0c-aff6-4308-aa5c-2cebe2048af3:group-1E65B0DE3A35 ConfigurationManager, init=-1: [49bd2d0c-aff6-4308-aa5c-2cebe2048af3:192.168.5.159:43578, 4bda7ba0-4524-4538-88f4-90e4b8f4e191:192.168.5.159:37681, 4db0d2ab-2bf5-4a6b-8979-1cbb97645a4e:192.168.5.159:39196], old=null, confs=<EMPTY_MAP>
2019-07-13 22:39:16,300 INFO  server.RaftServerConfigKeys (ConfUtils.java:logGet(43)) - raft.server.rpc.timeout.max = 5200ms (custom)
2019-07-13 22:39:16,301 INFO  server.RaftServerConfigKeys (ConfUtils.java:logGet(43)) - raft.server.storage.dir = [/tmp/workdir/hadoop-ozone/integration-test/target/test-dir/MiniOzoneClusterImpl-ae05db68-18ba-4bf1-995b-9a16c5287bb4/datanode-1/data/ratis] (custom)
2019-07-13 22:39:16,301 INFO  server.RaftServerConfigKeys (ConfUtils.java:logGet(43)) - raft.server.rpcslowness.timeout = 120s (custom)
2019-07-13 22:39:16,301 INFO  server.RaftServerConfigKeys (ConfUtils.java:logGet(43)) - raft.server.sleep.deviation.threshold = 300 (default)
2019-07-13 22:39:16,301 INFO  server.RaftServerConfigKeys (ConfUtils.java:logGet(43)) - raft.server.log.appender.install.snapshot.enabled = false (custom)
2019-07-13 22:39:16,301 INFO  storage.RaftStorageDirectory (RaftStorageDirectory.java:analyzeStorage(246)) - The storage directory /tmp/workdir/hadoop-ozone/integration-test/target/test-dir/MiniOzoneClusterImpl-ae05db68-18ba-4bf1-995b-9a16c5287bb4/datanode-1/data/ratis/00ac5a53-8bcd-4f5d-8015-1e65b0de3a35 does not exist. Creating ...
2019-07-13 22:39:16,302 INFO  impl.RaftServerImpl (ServerState.java:<init>(105)) - 4bda7ba0-4524-4538-88f4-90e4b8f4e191:group-1E65B0DE3A35 ConfigurationManager, init=-1: [49bd2d0c-aff6-4308-aa5c-2cebe2048af3:192.168.5.159:43578, 4bda7ba0-4524-4538-88f4-90e4b8f4e191:192.168.5.159:37681, 4db0d2ab-2bf5-4a6b-8979-1cbb97645a4e:192.168.5.159:39196], old=null, confs=<EMPTY_MAP>
2019-07-13 22:39:16,302 INFO  server.RaftServerConfigKeys (ConfUtils.java:logGet(43)) - raft.server.storage.dir = [/tmp/workdir/hadoop-ozone/integration-test/target/test-dir/MiniOzoneClusterImpl-ae05db68-18ba-4bf1-995b-9a16c5287bb4/datanode-0/data/ratis] (custom)
2019-07-13 22:39:16,302 INFO  storage.RaftStorageDirectory (RaftStorageDirectory.java:analyzeStorage(246)) - The storage directory /tmp/workdir/hadoop-ozone/integration-test/target/test-dir/MiniOzoneClusterImpl-ae05db68-18ba-4bf1-995b-9a16c5287bb4/datanode-0/data/ratis/00ac5a53-8bcd-4f5d-8015-1e65b0de3a35 does not exist. Creating ...
2019-07-13 22:39:16,313 INFO  storage.RaftStorageDirectory (RaftStorageDirectory.java:tryLock(328)) - Lock on /tmp/workdir/hadoop-ozone/integration-test/target/test-dir/MiniOzoneClusterImpl-ae05db68-18ba-4bf1-995b-9a16c5287bb4/datanode-1/data/ratis/00ac5a53-8bcd-4f5d-8015-1e65b0de3a35/in_use.lock acquired by nodename 19245@trunk-nightly-x8m8d-1534914823
2019-07-13 22:39:16,313 INFO  storage.RaftStorageDirectory (RaftStorageDirectory.java:tryLock(328)) - Lock on /tmp/workdir/hadoop-ozone/integration-test/target/test-dir/MiniOzoneClusterImpl-ae05db68-18ba-4bf1-995b-9a16c5287bb4/datanode-2/data/ratis/00ac5a53-8bcd-4f5d-8015-1e65b0de3a35/in_use.lock acquired by nodename 19245@trunk-nightly-x8m8d-1534914823
2019-07-13 22:39:16,313 INFO  storage.RaftStorageDirectory (RaftStorageDirectory.java:tryLock(328)) - Lock on /tmp/workdir/hadoop-ozone/integration-test/target/test-dir/MiniOzoneClusterImpl-ae05db68-18ba-4bf1-995b-9a16c5287bb4/datanode-0/data/ratis/00ac5a53-8bcd-4f5d-8015-1e65b0de3a35/in_use.lock acquired by nodename 19245@trunk-nightly-x8m8d-1534914823
2019-07-13 22:39:16,319 INFO  storage.RaftStorage (RaftStorage.java:format(72)) - Storage directory /tmp/workdir/hadoop-ozone/integration-test/target/test-dir/MiniOzoneClusterImpl-ae05db68-18ba-4bf1-995b-9a16c5287bb4/datanode-2/data/ratis/00ac5a53-8bcd-4f5d-8015-1e65b0de3a35 has been successfully formatted.
2019-07-13 22:39:16,319 INFO  storage.RaftStorage (RaftStorage.java:format(72)) - Storage directory /tmp/workdir/hadoop-ozone/integration-test/target/test-dir/MiniOzoneClusterImpl-ae05db68-18ba-4bf1-995b-9a16c5287bb4/datanode-1/data/ratis/00ac5a53-8bcd-4f5d-8015-1e65b0de3a35 has been successfully formatted.
2019-07-13 22:39:16,319 INFO  storage.RaftStorage (RaftStorage.java:format(72)) - Storage directory /tmp/workdir/hadoop-ozone/integration-test/target/test-dir/MiniOzoneClusterImpl-ae05db68-18ba-4bf1-995b-9a16c5287bb4/datanode-0/data/ratis/00ac5a53-8bcd-4f5d-8015-1e65b0de3a35 has been successfully formatted.
2019-07-13 22:39:16,320 INFO  ratis.ContainerStateMachine (ContainerStateMachine.java:loadSnapshot(200)) - The snapshot info is null.Setting the last applied index to:(t:0, i:~)
2019-07-13 22:39:16,320 INFO  ratis.ContainerStateMachine (ContainerStateMachine.java:loadSnapshot(200)) - The snapshot info is null.Setting the last applied index to:(t:0, i:~)
2019-07-13 22:39:16,320 INFO  ratis.ContainerStateMachine (ContainerStateMachine.java:loadSnapshot(200)) - The snapshot info is null.Setting the last applied index to:(t:0, i:~)
2019-07-13 22:39:16,320 INFO  server.RaftServerConfigKeys (ConfUtils.java:logGet(43)) - raft.server.leader.election.timeout = 120s (custom)
2019-07-13 22:39:16,320 INFO  server.RaftServerConfigKeys (ConfUtils.java:logGet(43)) - raft.server.log.use.memory = false (default)
2019-07-13 22:39:16,320 INFO  server.RaftServerConfigKeys (ConfUtils.java:logGet(43)) - raft.server.leader.election.timeout = 120s (custom)
2019-07-13 22:39:16,321 INFO  server.RaftServerConfigKeys (ConfUtils.java:logGet(43)) - raft.server.log.purge.gap = 1000000000 (custom)
2019-07-13 22:39:16,320 INFO  server.RaftServerConfigKeys (ConfUtils.java:logGet(43)) - raft.server.leader.election.timeout = 120s (custom)
2019-07-13 22:39:16,321 INFO  server.RaftServerConfigKeys (ConfUtils.java:logGet(43)) - raft.server.log.appender.buffer.byte-limit = 33554432 (custom)
2019-07-13 22:39:16,321 INFO  server.RaftServerConfigKeys (ConfUtils.java:logGet(43)) - raft.server.log.use.memory = false (default)
2019-07-13 22:39:16,321 INFO  server.RaftServerConfigKeys (ConfUtils.java:logGet(43)) - raft.server.log.segment.size.max = 1048576 (custom)
2019-07-13 22:39:16,321 INFO  server.RaftServerConfigKeys (ConfUtils.java:logGet(43)) - raft.server.log.use.memory = false (default)
2019-07-13 22:39:16,322 INFO  server.RaftServerConfigKeys (ConfUtils.java:logGet(43)) - raft.server.log.segment.cache.num.max = 2 (custom)
2019-07-13 22:39:16,321 INFO  server.RaftServerConfigKeys (ConfUtils.java:logGet(43)) - raft.server.log.purge.gap = 1000000000 (custom)
2019-07-13 22:39:16,322 INFO  segmented.SegmentedRaftLogWorker (SegmentedRaftLogWorker.java:<init>(172)) - new 4bda7ba0-4524-4538-88f4-90e4b8f4e191-SegmentedRaftLogWorker:Storage Directory /tmp/workdir/hadoop-ozone/integration-test/target/test-dir/MiniOzoneClusterImpl-ae05db68-18ba-4bf1-995b-9a16c5287bb4/datanode-0/data/ratis/00ac5a53-8bcd-4f5d-8015-1e65b0de3a35 for RaftStorage:Storage Directory /tmp/workdir/hadoop-ozone/integration-test/target/test-dir/MiniOzoneClusterImpl-ae05db68-18ba-4bf1-995b-9a16c5287bb4/datanode-0/data/ratis/00ac5a53-8bcd-4f5d-8015-1e65b0de3a35
2019-07-13 22:39:16,322 INFO  server.RaftServerConfigKeys (ConfUtils.java:logGet(43)) - raft.server.log.purge.gap = 1000000000 (custom)
2019-07-13 22:39:16,322 INFO  server.RaftServerConfigKeys (ConfUtils.java:logGet(43)) - raft.server.log.queue.byte-limit = 2147483647 (custom)
2019-07-13 22:39:16,322 INFO  server.RaftServerConfigKeys (ConfUtils.java:logGet(43)) - raft.server.log.appender.buffer.byte-limit = 33554432 (custom)
2019-07-13 22:39:16,323 INFO  server.RaftServerConfigKeys (ConfUtils.java:logGet(43)) - raft.server.log.queue.element-limit = 1024 (custom)
2019-07-13 22:39:16,323 INFO  server.RaftServerConfigKeys (ConfUtils.java:logGet(43)) - raft.server.log.appender.buffer.byte-limit = 33554432 (custom)
2019-07-13 22:39:16,323 INFO  server.RaftServerConfigKeys (ConfUtils.java:logGet(43)) - raft.server.log.segment.size.max = 1048576 (custom)
2019-07-13 22:39:16,323 INFO  server.RaftServerConfigKeys (ConfUtils.java:logGet(43)) - raft.server.log.segment.size.max = 1048576 (custom)
2019-07-13 22:39:16,323 INFO  server.RaftServerConfigKeys (ConfUtils.java:logGet(43)) - raft.server.log.preallocated.size = 16384 (custom)
2019-07-13 22:39:16,324 INFO  server.RaftServerConfigKeys (ConfUtils.java:logGet(43)) - raft.server.log.write.buffer.size = 33554432 (custom)
2019-07-13 22:39:16,323 INFO  server.RaftServerConfigKeys (ConfUtils.java:logGet(43)) - raft.server.log.segment.size.max = 1048576 (custom)
2019-07-13 22:39:16,324 INFO  server.RaftServerConfigKeys (ConfUtils.java:logGet(43)) - raft.server.log.force.sync.num = 128 (default)
2019-07-13 22:39:16,324 INFO  server.RaftServerConfigKeys (ConfUtils.java:logGet(43)) - raft.server.log.statemachine.data.sync = true (default)
2019-07-13 22:39:16,324 INFO  server.RaftServerConfigKeys (ConfUtils.java:logGet(43)) - raft.server.log.segment.cache.num.max = 2 (custom)
2019-07-13 22:39:16,324 INFO  server.RaftServerConfigKeys (ConfUtils.java:logGet(43)) - raft.server.log.statemachine.data.sync.timeout = 10s (default)
2019-07-13 22:39:16,324 INFO  server.RaftServerConfigKeys (ConfUtils.java:logGet(43)) - raft.server.log.segment.cache.num.max = 2 (custom)
2019-07-13 22:39:16,325 INFO  server.RaftServerConfigKeys (ConfUtils.java:logGet(43)) - raft.server.log.statemachine.data.sync.timeout.retry = -1 (default)
2019-07-13 22:39:16,325 INFO  segmented.SegmentedRaftLogWorker (SegmentedRaftLogWorker.java:<init>(172)) - new 4db0d2ab-2bf5-4a6b-8979-1cbb97645a4e-SegmentedRaftLogWorker:Storage Directory /tmp/workdir/hadoop-ozone/integration-test/target/test-dir/MiniOzoneClusterImpl-ae05db68-18ba-4bf1-995b-9a16c5287bb4/datanode-2/data/ratis/00ac5a53-8bcd-4f5d-8015-1e65b0de3a35 for RaftStorage:Storage Directory /tmp/workdir/hadoop-ozone/integration-test/target/test-dir/MiniOzoneClusterImpl-ae05db68-18ba-4bf1-995b-9a16c5287bb4/datanode-2/data/ratis/00ac5a53-8bcd-4f5d-8015-1e65b0de3a35
2019-07-13 22:39:16,325 INFO  server.RaftServerConfigKeys (ConfUtils.java:logGet(43)) - raft.server.log.statemachine.data.caching.enabled = true (custom)
2019-07-13 22:39:16,325 INFO  segmented.SegmentedRaftLogWorker (SegmentedRaftLogWorker.java:<init>(172)) - new 49bd2d0c-aff6-4308-aa5c-2cebe2048af3-SegmentedRaftLogWorker:Storage Directory /tmp/workdir/hadoop-ozone/integration-test/target/test-dir/MiniOzoneClusterImpl-ae05db68-18ba-4bf1-995b-9a16c5287bb4/datanode-1/data/ratis/00ac5a53-8bcd-4f5d-8015-1e65b0de3a35 for RaftStorage:Storage Directory /tmp/workdir/hadoop-ozone/integration-test/target/test-dir/MiniOzoneClusterImpl-ae05db68-18ba-4bf1-995b-9a16c5287bb4/datanode-1/data/ratis/00ac5a53-8bcd-4f5d-8015-1e65b0de3a35
2019-07-13 22:39:16,326 INFO  segmented.SegmentedRaftLogWorker (SegmentedRaftLogWorker.java:lambda$new$0(132)) - 4bda7ba0-4524-4538-88f4-90e4b8f4e191-SegmentedRaftLogWorker:Storage Directory /tmp/workdir/hadoop-ozone/integration-test/target/test-dir/MiniOzoneClusterImpl-ae05db68-18ba-4bf1-995b-9a16c5287bb4/datanode-0/data/ratis/00ac5a53-8bcd-4f5d-8015-1e65b0de3a35: flushIndex: setUnconditionally 0 -> -1
2019-07-13 22:39:16,325 INFO  server.RaftServerConfigKeys (ConfUtils.java:logGet(43)) - raft.server.log.queue.byte-limit = 2147483647 (custom)
2019-07-13 22:39:16,326 INFO  server.RaftServerConfigKeys (ConfUtils.java:logGet(43)) - raft.server.log.queue.element-limit = 1024 (custom)
2019-07-13 22:39:16,326 INFO  server.RaftServerConfigKeys (ConfUtils.java:logGet(43)) - raft.server.log.queue.byte-limit = 2147483647 (custom)
2019-07-13 22:39:16,326 INFO  server.RaftServerConfigKeys (ConfUtils.java:logGet(43)) - raft.server.log.segment.size.max = 1048576 (custom)
2019-07-13 22:39:16,326 INFO  server.RaftServerConfigKeys (ConfUtils.java:logGet(43)) - raft.server.snapshot.auto.trigger.enabled = true (custom)
2019-07-13 22:39:16,326 INFO  server.RaftServerConfigKeys (ConfUtils.java:logGet(43)) - raft.server.log.preallocated.size = 16384 (custom)
2019-07-13 22:39:16,326 INFO  server.RaftServerConfigKeys (ConfUtils.java:logGet(43)) - raft.server.log.queue.element-limit = 1024 (custom)
2019-07-13 22:39:16,327 INFO  server.RaftServerConfigKeys (ConfUtils.java:logGet(43)) - raft.server.log.write.buffer.size = 33554432 (custom)
2019-07-13 22:39:16,327 INFO  server.RaftServerConfigKeys (ConfUtils.java:logGet(43)) - raft.server.snapshot.auto.trigger.threshold = 10000 (custom)
2019-07-13 22:39:16,327 INFO  server.RaftServerConfigKeys (ConfUtils.java:logGet(43)) - raft.server.log.force.sync.num = 128 (default)
2019-07-13 22:39:16,327 INFO  server.RaftServerConfigKeys (ConfUtils.java:logGet(43)) - raft.server.log.statemachine.data.sync = true (default)
2019-07-13 22:39:16,327 INFO  server.RaftServerConfigKeys (ConfUtils.java:logGet(43)) - raft.server.log.segment.size.max = 1048576 (custom)
2019-07-13 22:39:16,328 INFO  server.RaftServerConfigKeys (ConfUtils.java:logGet(43)) - raft.server.log.statemachine.data.sync.timeout = 10s (default)
2019-07-13 22:39:16,327 INFO  server.RaftServerConfigKeys (ConfUtils.java:logGet(43)) - raft.server.retrycache.expirytime = 600000ms (custom)
2019-07-13 22:39:16,328 INFO  server.RaftServerConfigKeys (ConfUtils.java:logGet(43)) - raft.server.log.statemachine.data.sync.timeout.retry = -1 (default)
2019-07-13 22:39:16,328 INFO  server.RaftServerConfigKeys (ConfUtils.java:logGet(43)) - raft.server.log.preallocated.size = 16384 (custom)
2019-07-13 22:39:16,328 INFO  server.RaftServerConfigKeys (ConfUtils.java:logGet(43)) - raft.server.log.statemachine.data.caching.enabled = true (custom)
2019-07-13 22:39:16,328 INFO  impl.RaftServerImpl (RaftServerImpl.java:start(180)) - 4bda7ba0-4524-4538-88f4-90e4b8f4e191: start group-1E65B0DE3A35
2019-07-13 22:39:16,329 INFO  segmented.SegmentedRaftLogWorker (SegmentedRaftLogWorker.java:lambda$new$0(132)) - 4db0d2ab-2bf5-4a6b-8979-1cbb97645a4e-SegmentedRaftLogWorker:Storage Directory /tmp/workdir/hadoop-ozone/integration-test/target/test-dir/MiniOzoneClusterImpl-ae05db68-18ba-4bf1-995b-9a16c5287bb4/datanode-2/data/ratis/00ac5a53-8bcd-4f5d-8015-1e65b0de3a35: flushIndex: setUnconditionally 0 -> -1
2019-07-13 22:39:16,328 INFO  server.RaftServerConfigKeys (ConfUtils.java:logGet(43)) - raft.server.log.write.buffer.size = 33554432 (custom)
2019-07-13 22:39:16,329 INFO  impl.RaftServerImpl (RaftServerImpl.java:setRole(171)) - 4bda7ba0-4524-4538-88f4-90e4b8f4e191:group-1E65B0DE3A35 changes role from null to FOLLOWER at term 0 for startAsFollower
2019-07-13 22:39:16,329 INFO  server.RaftServerConfigKeys (ConfUtils.java:logGet(43)) - raft.server.snapshot.auto.trigger.enabled = true (custom)
2019-07-13 22:39:16,329 INFO  impl.RoleInfo (RoleInfo.java:updateAndGet(143)) - 4bda7ba0-4524-4538-88f4-90e4b8f4e191: start FollowerState
2019-07-13 22:39:16,329 INFO  server.RaftServerConfigKeys (ConfUtils.java:logGet(43)) - raft.server.log.force.sync.num = 128 (default)
2019-07-13 22:39:16,329 INFO  server.RaftServerConfigKeys (ConfUtils.java:logGet(43)) - raft.server.snapshot.auto.trigger.threshold = 10000 (custom)
2019-07-13 22:39:16,330 INFO  util.JmxRegister (JmxRegister.java:tryRegister(44)) - Successfully registered JMX Bean with object name Ratis:service=RaftServer,group=group-1E65B0DE3A35,id=4bda7ba0-4524-4538-88f4-90e4b8f4e191
2019-07-13 22:39:16,330 INFO  server.RaftServerConfigKeys (ConfUtils.java:logGet(43)) - raft.server.log.statemachine.data.sync = true (default)
2019-07-13 22:39:16,330 INFO  server.RaftServerConfigKeys (ConfUtils.java:logGet(43)) - raft.server.retrycache.expirytime = 600000ms (custom)
2019-07-13 22:39:16,330 INFO  server.RaftServerConfigKeys (ConfUtils.java:logGet(43)) - raft.server.log.statemachine.data.sync.timeout = 10s (default)
2019-07-13 22:39:16,330 INFO  impl.RaftServerImpl (RaftServerImpl.java:start(180)) - 4db0d2ab-2bf5-4a6b-8979-1cbb97645a4e: start group-1E65B0DE3A35
2019-07-13 22:39:16,331 INFO  server.RaftServerConfigKeys (ConfUtils.java:logGet(43)) - raft.server.log.statemachine.data.sync.timeout.retry = -1 (default)
2019-07-13 22:39:16,331 INFO  impl.RaftServerImpl (RaftServerImpl.java:setRole(171)) - 4db0d2ab-2bf5-4a6b-8979-1cbb97645a4e:group-1E65B0DE3A35 changes role from null to FOLLOWER at term 0 for startAsFollower
2019-07-13 22:39:16,331 INFO  server.RaftServerConfigKeys (ConfUtils.java:logGet(43)) - raft.server.log.statemachine.data.caching.enabled = true (custom)
2019-07-13 22:39:16,331 INFO  impl.RoleInfo (RoleInfo.java:updateAndGet(143)) - 4db0d2ab-2bf5-4a6b-8979-1cbb97645a4e: start FollowerState
2019-07-13 22:39:16,332 INFO  segmented.SegmentedRaftLogWorker (SegmentedRaftLogWorker.java:lambda$new$0(132)) - 49bd2d0c-aff6-4308-aa5c-2cebe2048af3-SegmentedRaftLogWorker:Storage Directory /tmp/workdir/hadoop-ozone/integration-test/target/test-dir/MiniOzoneClusterImpl-ae05db68-18ba-4bf1-995b-9a16c5287bb4/datanode-1/data/ratis/00ac5a53-8bcd-4f5d-8015-1e65b0de3a35: flushIndex: setUnconditionally 0 -> -1
2019-07-13 22:39:16,332 INFO  util.JmxRegister (JmxRegister.java:tryRegister(44)) - Successfully registered JMX Bean with object name Ratis:service=RaftServer,group=group-1E65B0DE3A35,id=4db0d2ab-2bf5-4a6b-8979-1cbb97645a4e
2019-07-13 22:39:16,332 INFO  server.RaftServerConfigKeys (ConfUtils.java:logGet(43)) - raft.server.snapshot.auto.trigger.enabled = true (custom)
2019-07-13 22:39:16,332 INFO  server.RaftServerConfigKeys (ConfUtils.java:logGet(43)) - raft.server.snapshot.auto.trigger.threshold = 10000 (custom)
2019-07-13 22:39:16,332 INFO  server.RaftServerConfigKeys (ConfUtils.java:logGet(43)) - raft.server.retrycache.expirytime = 600000ms (custom)
2019-07-13 22:39:16,333 INFO  impl.RaftServerImpl (RaftServerImpl.java:start(180)) - 49bd2d0c-aff6-4308-aa5c-2cebe2048af3: start group-1E65B0DE3A35
2019-07-13 22:39:16,333 INFO  impl.RaftServerImpl (RaftServerImpl.java:setRole(171)) - 49bd2d0c-aff6-4308-aa5c-2cebe2048af3:group-1E65B0DE3A35 changes role from null to FOLLOWER at term 0 for startAsFollower
2019-07-13 22:39:16,333 INFO  impl.RoleInfo (RoleInfo.java:updateAndGet(143)) - 49bd2d0c-aff6-4308-aa5c-2cebe2048af3: start FollowerState
2019-07-13 22:39:16,333 INFO  util.JmxRegister (JmxRegister.java:tryRegister(44)) - Successfully registered JMX Bean with object name Ratis:service=RaftServer,group=group-1E65B0DE3A35,id=49bd2d0c-aff6-4308-aa5c-2cebe2048af3
2019-07-13 22:39:16,336 INFO  pipeline.PipelineStateManager (PipelineStateManager.java:addPipeline(56)) - Created pipeline Pipeline[ Id: 00ac5a53-8bcd-4f5d-8015-1e65b0de3a35, Nodes: 4bda7ba0-4524-4538-88f4-90e4b8f4e191{ip: 192.168.5.159, host: trunk-nightly-x8m8d-1534914823, networkLocation: /default-rack, certSerialId: null}4db0d2ab-2bf5-4a6b-8979-1cbb97645a4e{ip: 192.168.5.159, host: trunk-nightly-x8m8d-1534914823, networkLocation: /default-rack, certSerialId: null}49bd2d0c-aff6-4308-aa5c-2cebe2048af3{ip: 192.168.5.159, host: trunk-nightly-x8m8d-1534914823, networkLocation: /default-rack, certSerialId: null}, Type:RATIS, Factor:THREE, State:OPEN]
2019-07-13 22:39:16,438 INFO  node.SCMNodeManager (SCMNodeManager.java:register(269)) - Registered Data node : a689ed27-5aa8-494e-b0a3-bc2d6ea2552c{ip: 192.168.5.159, host: trunk-nightly-x8m8d-1534914823, networkLocation: /default-rack, certSerialId: null}
2019-07-13 22:39:16,449 INFO  impl.RaftServerProxy (RaftServerProxy.java:addNew(89)) - a689ed27-5aa8-494e-b0a3-bc2d6ea2552c: addNew group-891052B072B4:[a689ed27-5aa8-494e-b0a3-bc2d6ea2552c:192.168.5.159:45440] returns group-891052B072B4:java.util.concurrent.CompletableFuture@3e790867[Not completed]
2019-07-13 22:39:16,450 INFO  impl.RaftServerImpl (RaftServerImpl.java:<init>(93)) - a689ed27-5aa8-494e-b0a3-bc2d6ea2552c: new RaftServerImpl for group-891052B072B4:[a689ed27-5aa8-494e-b0a3-bc2d6ea2552c:192.168.5.159:45440] with ContainerStateMachine:uninitialized
2019-07-13 22:39:16,450 INFO  server.RaftServerConfigKeys (ConfUtils.java:logGet(43)) - raft.server.rpc.timeout.min = 5s (custom)
2019-07-13 22:39:16,450 INFO  server.RaftServerConfigKeys (ConfUtils.java:logGet(43)) - raft.server.rpc.timeout.max = 5200ms (custom)
2019-07-13 22:39:16,450 INFO  server.RaftServerConfigKeys (ConfUtils.java:logGet(43)) - raft.server.rpcslowness.timeout = 120s (custom)
2019-07-13 22:39:16,450 INFO  server.RaftServerConfigKeys (ConfUtils.java:logGet(43)) - raft.server.sleep.deviation.threshold = 300 (default)
2019-07-13 22:39:16,450 INFO  server.RaftServerConfigKeys (ConfUtils.java:logGet(43)) - raft.server.log.appender.install.snapshot.enabled = false (custom)
2019-07-13 22:39:16,450 INFO  impl.RaftServerImpl (ServerState.java:<init>(105)) - a689ed27-5aa8-494e-b0a3-bc2d6ea2552c:group-891052B072B4 ConfigurationManager, init=-1: [a689ed27-5aa8-494e-b0a3-bc2d6ea2552c:192.168.5.159:45440], old=null, confs=<EMPTY_MAP>
2019-07-13 22:39:16,450 INFO  server.RaftServerConfigKeys (ConfUtils.java:logGet(43)) - raft.server.storage.dir = [/tmp/workdir/hadoop-ozone/integration-test/target/test-dir/MiniOzoneClusterImpl-ae05db68-18ba-4bf1-995b-9a16c5287bb4/datanode-3/data/ratis] (custom)
2019-07-13 22:39:16,451 INFO  storage.RaftStorageDirectory (RaftStorageDirectory.java:analyzeStorage(246)) - The storage directory /tmp/workdir/hadoop-ozone/integration-test/target/test-dir/MiniOzoneClusterImpl-ae05db68-18ba-4bf1-995b-9a16c5287bb4/datanode-3/data/ratis/23596093-6eb3-4da0-90d7-891052b072b4 does not exist. Creating ...
2019-07-13 22:39:16,464 INFO  storage.RaftStorageDirectory (RaftStorageDirectory.java:tryLock(328)) - Lock on /tmp/workdir/hadoop-ozone/integration-test/target/test-dir/MiniOzoneClusterImpl-ae05db68-18ba-4bf1-995b-9a16c5287bb4/datanode-3/data/ratis/23596093-6eb3-4da0-90d7-891052b072b4/in_use.lock acquired by nodename 19245@trunk-nightly-x8m8d-1534914823
2019-07-13 22:39:16,468 INFO  storage.RaftStorage (RaftStorage.java:format(72)) - Storage directory /tmp/workdir/hadoop-ozone/integration-test/target/test-dir/MiniOzoneClusterImpl-ae05db68-18ba-4bf1-995b-9a16c5287bb4/datanode-3/data/ratis/23596093-6eb3-4da0-90d7-891052b072b4 has been successfully formatted.
2019-07-13 22:39:16,469 INFO  ratis.ContainerStateMachine (ContainerStateMachine.java:loadSnapshot(200)) - The snapshot info is null.Setting the last applied index to:(t:0, i:~)
2019-07-13 22:39:16,469 INFO  server.RaftServerConfigKeys (ConfUtils.java:logGet(43)) - raft.server.leader.election.timeout = 120s (custom)
2019-07-13 22:39:16,469 INFO  server.RaftServerConfigKeys (ConfUtils.java:logGet(43)) - raft.server.log.use.memory = false (default)
2019-07-13 22:39:16,469 INFO  server.RaftServerConfigKeys (ConfUtils.java:logGet(43)) - raft.server.log.purge.gap = 1000000000 (custom)
2019-07-13 22:39:16,469 INFO  server.RaftServerConfigKeys (ConfUtils.java:logGet(43)) - raft.server.log.appender.buffer.byte-limit = 33554432 (custom)
2019-07-13 22:39:16,469 INFO  server.RaftServerConfigKeys (ConfUtils.java:logGet(43)) - raft.server.log.segment.size.max = 1048576 (custom)
2019-07-13 22:39:16,469 INFO  server.RaftServerConfigKeys (ConfUtils.java:logGet(43)) - raft.server.log.segment.cache.num.max = 2 (custom)
2019-07-13 22:39:16,470 INFO  segmented.SegmentedRaftLogWorker (SegmentedRaftLogWorker.java:<init>(172)) - new a689ed27-5aa8-494e-b0a3-bc2d6ea2552c-SegmentedRaftLogWorker:Storage Directory /tmp/workdir/hadoop-ozone/integration-test/target/test-dir/MiniOzoneClusterImpl-ae05db68-18ba-4bf1-995b-9a16c5287bb4/datanode-3/data/ratis/23596093-6eb3-4da0-90d7-891052b072b4 for RaftStorage:Storage Directory /tmp/workdir/hadoop-ozone/integration-test/target/test-dir/MiniOzoneClusterImpl-ae05db68-18ba-4bf1-995b-9a16c5287bb4/datanode-3/data/ratis/23596093-6eb3-4da0-90d7-891052b072b4
2019-07-13 22:39:16,470 INFO  server.RaftServerConfigKeys (ConfUtils.java:logGet(43)) - raft.server.log.queue.byte-limit = 2147483647 (custom)
2019-07-13 22:39:16,470 INFO  server.RaftServerConfigKeys (ConfUtils.java:logGet(43)) - raft.server.log.queue.element-limit = 1024 (custom)
2019-07-13 22:39:16,470 INFO  server.RaftServerConfigKeys (ConfUtils.java:logGet(43)) - raft.server.log.segment.size.max = 1048576 (custom)
2019-07-13 22:39:16,470 INFO  server.RaftServerConfigKeys (ConfUtils.java:logGet(43)) - raft.server.log.preallocated.size = 16384 (custom)
2019-07-13 22:39:16,470 INFO  server.RaftServerConfigKeys (ConfUtils.java:logGet(43)) - raft.server.log.write.buffer.size = 33554432 (custom)
2019-07-13 22:39:16,470 INFO  server.RaftServerConfigKeys (ConfUtils.java:logGet(43)) - raft.server.log.force.sync.num = 128 (default)
2019-07-13 22:39:16,470 INFO  server.RaftServerConfigKeys (ConfUtils.java:logGet(43)) - raft.server.log.statemachine.data.sync = true (default)
2019-07-13 22:39:16,471 INFO  server.RaftServerConfigKeys (ConfUtils.java:logGet(43)) - raft.server.log.statemachine.data.sync.timeout = 10s (default)
2019-07-13 22:39:16,471 INFO  server.RaftServerConfigKeys (ConfUtils.java:logGet(43)) - raft.server.log.statemachine.data.sync.timeout.retry = -1 (default)
2019-07-13 22:39:16,471 INFO  server.RaftServerConfigKeys (ConfUtils.java:logGet(43)) - raft.server.log.statemachine.data.caching.enabled = true (custom)
2019-07-13 22:39:16,471 INFO  segmented.SegmentedRaftLogWorker (SegmentedRaftLogWorker.java:lambda$new$0(132)) - a689ed27-5aa8-494e-b0a3-bc2d6ea2552c-SegmentedRaftLogWorker:Storage Directory /tmp/workdir/hadoop-ozone/integration-test/target/test-dir/MiniOzoneClusterImpl-ae05db68-18ba-4bf1-995b-9a16c5287bb4/datanode-3/data/ratis/23596093-6eb3-4da0-90d7-891052b072b4: flushIndex: setUnconditionally 0 -> -1
2019-07-13 22:39:16,472 INFO  server.RaftServerConfigKeys (ConfUtils.java:logGet(43)) - raft.server.snapshot.auto.trigger.enabled = true (custom)
2019-07-13 22:39:16,472 INFO  server.RaftServerConfigKeys (ConfUtils.java:logGet(43)) - raft.server.snapshot.auto.trigger.threshold = 10000 (custom)
2019-07-13 22:39:16,472 INFO  server.RaftServerConfigKeys (ConfUtils.java:logGet(43)) - raft.server.retrycache.expirytime = 600000ms (custom)
2019-07-13 22:39:16,472 INFO  impl.RaftServerImpl (RaftServerImpl.java:start(180)) - a689ed27-5aa8-494e-b0a3-bc2d6ea2552c: start group-891052B072B4
2019-07-13 22:39:16,472 INFO  impl.RaftServerImpl (RaftServerImpl.java:setRole(171)) - a689ed27-5aa8-494e-b0a3-bc2d6ea2552c:group-891052B072B4 changes role from null to FOLLOWER at term 0 for startAsFollower
2019-07-13 22:39:16,472 INFO  impl.RoleInfo (RoleInfo.java:updateAndGet(143)) - a689ed27-5aa8-494e-b0a3-bc2d6ea2552c: start FollowerState
2019-07-13 22:39:16,473 INFO  util.JmxRegister (JmxRegister.java:tryRegister(44)) - Successfully registered JMX Bean with object name Ratis:service=RaftServer,group=group-891052B072B4,id=a689ed27-5aa8-494e-b0a3-bc2d6ea2552c
2019-07-13 22:39:16,475 INFO  pipeline.PipelineStateManager (PipelineStateManager.java:addPipeline(56)) - Created pipeline Pipeline[ Id: 23596093-6eb3-4da0-90d7-891052b072b4, Nodes: a689ed27-5aa8-494e-b0a3-bc2d6ea2552c{ip: 192.168.5.159, host: trunk-nightly-x8m8d-1534914823, networkLocation: /default-rack, certSerialId: null}, Type:RATIS, Factor:ONE, State:OPEN]
2019-07-13 22:39:16,610 INFO  node.SCMNodeManager (SCMNodeManager.java:register(269)) - Registered Data node : f66c5826-718c-4d80-96e0-f5c673c55abc{ip: 192.168.5.159, host: trunk-nightly-x8m8d-1534914823, networkLocation: /default-rack, certSerialId: null}
2019-07-13 22:39:16,623 INFO  impl.RaftServerProxy (RaftServerProxy.java:addNew(89)) - f66c5826-718c-4d80-96e0-f5c673c55abc: addNew group-2138A3FE7E2F:[f66c5826-718c-4d80-96e0-f5c673c55abc:192.168.5.159:36685] returns group-2138A3FE7E2F:java.util.concurrent.CompletableFuture@15b2e353[Not completed]
2019-07-13 22:39:16,624 INFO  impl.RaftServerImpl (RaftServerImpl.java:<init>(93)) - f66c5826-718c-4d80-96e0-f5c673c55abc: new RaftServerImpl for group-2138A3FE7E2F:[f66c5826-718c-4d80-96e0-f5c673c55abc:192.168.5.159:36685] with ContainerStateMachine:uninitialized
2019-07-13 22:39:16,624 INFO  server.RaftServerConfigKeys (ConfUtils.java:logGet(43)) - raft.server.rpc.timeout.min = 5s (custom)
2019-07-13 22:39:16,624 INFO  server.RaftServerConfigKeys (ConfUtils.java:logGet(43)) - raft.server.rpc.timeout.max = 5200ms (custom)
2019-07-13 22:39:16,625 INFO  server.RaftServerConfigKeys (ConfUtils.java:logGet(43)) - raft.server.rpcslowness.timeout = 120s (custom)
2019-07-13 22:39:16,625 INFO  server.RaftServerConfigKeys (ConfUtils.java:logGet(43)) - raft.server.sleep.deviation.threshold = 300 (default)
2019-07-13 22:39:16,625 INFO  server.RaftServerConfigKeys (ConfUtils.java:logGet(43)) - raft.server.log.appender.install.snapshot.enabled = false (custom)
2019-07-13 22:39:16,625 INFO  impl.RaftServerImpl (ServerState.java:<init>(105)) - f66c5826-718c-4d80-96e0-f5c673c55abc:group-2138A3FE7E2F ConfigurationManager, init=-1: [f66c5826-718c-4d80-96e0-f5c673c55abc:192.168.5.159:36685], old=null, confs=<EMPTY_MAP>
2019-07-13 22:39:16,625 INFO  server.RaftServerConfigKeys (ConfUtils.java:logGet(43)) - raft.server.storage.dir = [/tmp/workdir/hadoop-ozone/integration-test/target/test-dir/MiniOzoneClusterImpl-ae05db68-18ba-4bf1-995b-9a16c5287bb4/datanode-4/data/ratis] (custom)
2019-07-13 22:39:16,626 INFO  storage.RaftStorageDirectory (RaftStorageDirectory.java:analyzeStorage(246)) - The storage directory /tmp/workdir/hadoop-ozone/integration-test/target/test-dir/MiniOzoneClusterImpl-ae05db68-18ba-4bf1-995b-9a16c5287bb4/datanode-4/data/ratis/32a250e1-a63d-4732-bd3c-2138a3fe7e2f does not exist. Creating ...
2019-07-13 22:39:16,638 INFO  storage.RaftStorageDirectory (RaftStorageDirectory.java:tryLock(328)) - Lock on /tmp/workdir/hadoop-ozone/integration-test/target/test-dir/MiniOzoneClusterImpl-ae05db68-18ba-4bf1-995b-9a16c5287bb4/datanode-4/data/ratis/32a250e1-a63d-4732-bd3c-2138a3fe7e2f/in_use.lock acquired by nodename 19245@trunk-nightly-x8m8d-1534914823
2019-07-13 22:39:16,651 INFO  storage.RaftStorage (RaftStorage.java:format(72)) - Storage directory /tmp/workdir/hadoop-ozone/integration-test/target/test-dir/MiniOzoneClusterImpl-ae05db68-18ba-4bf1-995b-9a16c5287bb4/datanode-4/data/ratis/32a250e1-a63d-4732-bd3c-2138a3fe7e2f has been successfully formatted.
2019-07-13 22:39:16,651 INFO  ratis.ContainerStateMachine (ContainerStateMachine.java:loadSnapshot(200)) - The snapshot info is null.Setting the last applied index to:(t:0, i:~)
2019-07-13 22:39:16,651 INFO  server.RaftServerConfigKeys (ConfUtils.java:logGet(43)) - raft.server.leader.election.timeout = 120s (custom)
2019-07-13 22:39:16,651 INFO  server.RaftServerConfigKeys (ConfUtils.java:logGet(43)) - raft.server.log.use.memory = false (default)
2019-07-13 22:39:16,652 INFO  server.RaftServerConfigKeys (ConfUtils.java:logGet(43)) - raft.server.log.purge.gap = 1000000000 (custom)
2019-07-13 22:39:16,652 INFO  server.RaftServerConfigKeys (ConfUtils.java:logGet(43)) - raft.server.log.appender.buffer.byte-limit = 33554432 (custom)
2019-07-13 22:39:16,652 INFO  server.RaftServerConfigKeys (ConfUtils.java:logGet(43)) - raft.server.log.segment.size.max = 1048576 (custom)
2019-07-13 22:39:16,652 INFO  server.RaftServerConfigKeys (ConfUtils.java:logGet(43)) - raft.server.log.segment.cache.num.max = 2 (custom)
2019-07-13 22:39:16,652 INFO  segmented.SegmentedRaftLogWorker (SegmentedRaftLogWorker.java:<init>(172)) - new f66c5826-718c-4d80-96e0-f5c673c55abc-SegmentedRaftLogWorker:Storage Directory /tmp/workdir/hadoop-ozone/integration-test/target/test-dir/MiniOzoneClusterImpl-ae05db68-18ba-4bf1-995b-9a16c5287bb4/datanode-4/data/ratis/32a250e1-a63d-4732-bd3c-2138a3fe7e2f for RaftStorage:Storage Directory /tmp/workdir/hadoop-ozone/integration-test/target/test-dir/MiniOzoneClusterImpl-ae05db68-18ba-4bf1-995b-9a16c5287bb4/datanode-4/data/ratis/32a250e1-a63d-4732-bd3c-2138a3fe7e2f
2019-07-13 22:39:16,653 INFO  server.RaftServerConfigKeys (ConfUtils.java:logGet(43)) - raft.server.log.queue.byte-limit = 2147483647 (custom)
2019-07-13 22:39:16,653 INFO  server.RaftServerConfigKeys (ConfUtils.java:logGet(43)) - raft.server.log.queue.element-limit = 1024 (custom)
2019-07-13 22:39:16,653 INFO  server.RaftServerConfigKeys (ConfUtils.java:logGet(43)) - raft.server.log.segment.size.max = 1048576 (custom)
2019-07-13 22:39:16,653 INFO  server.RaftServerConfigKeys (ConfUtils.java:logGet(43)) - raft.server.log.preallocated.size = 16384 (custom)
2019-07-13 22:39:16,653 INFO  server.RaftServerConfigKeys (ConfUtils.java:logGet(43)) - raft.server.log.write.buffer.size = 33554432 (custom)
2019-07-13 22:39:16,653 INFO  server.RaftServerConfigKeys (ConfUtils.java:logGet(43)) - raft.server.log.force.sync.num = 128 (default)
2019-07-13 22:39:16,654 INFO  server.RaftServerConfigKeys (ConfUtils.java:logGet(43)) - raft.server.log.statemachine.data.sync = true (default)
2019-07-13 22:39:16,654 INFO  server.RaftServerConfigKeys (ConfUtils.java:logGet(43)) - raft.server.log.statemachine.data.sync.timeout = 10s (default)
2019-07-13 22:39:16,654 INFO  server.RaftServerConfigKeys (ConfUtils.java:logGet(43)) - raft.server.log.statemachine.data.sync.timeout.retry = -1 (default)
2019-07-13 22:39:16,654 INFO  server.RaftServerConfigKeys (ConfUtils.java:logGet(43)) - raft.server.log.statemachine.data.caching.enabled = true (custom)
2019-07-13 22:39:16,655 INFO  segmented.SegmentedRaftLogWorker (SegmentedRaftLogWorker.java:lambda$new$0(132)) - f66c5826-718c-4d80-96e0-f5c673c55abc-SegmentedRaftLogWorker:Storage Directory /tmp/workdir/hadoop-ozone/integration-test/target/test-dir/MiniOzoneClusterImpl-ae05db68-18ba-4bf1-995b-9a16c5287bb4/datanode-4/data/ratis/32a250e1-a63d-4732-bd3c-2138a3fe7e2f: flushIndex: setUnconditionally 0 -> -1
2019-07-13 22:39:16,655 INFO  server.RaftServerConfigKeys (ConfUtils.java:logGet(43)) - raft.server.snapshot.auto.trigger.enabled = true (custom)
2019-07-13 22:39:16,655 INFO  server.RaftServerConfigKeys (ConfUtils.java:logGet(43)) - raft.server.snapshot.auto.trigger.threshold = 10000 (custom)
2019-07-13 22:39:16,655 INFO  server.RaftServerConfigKeys (ConfUtils.java:logGet(43)) - raft.server.retrycache.expirytime = 600000ms (custom)
2019-07-13 22:39:16,656 INFO  impl.RaftServerImpl (RaftServerImpl.java:start(180)) - f66c5826-718c-4d80-96e0-f5c673c55abc: start group-2138A3FE7E2F
2019-07-13 22:39:16,656 INFO  impl.RaftServerImpl (RaftServerImpl.java:setRole(171)) - f66c5826-718c-4d80-96e0-f5c673c55abc:group-2138A3FE7E2F changes role from null to FOLLOWER at term 0 for startAsFollower
2019-07-13 22:39:16,656 INFO  impl.RoleInfo (RoleInfo.java:updateAndGet(143)) - f66c5826-718c-4d80-96e0-f5c673c55abc: start FollowerState
2019-07-13 22:39:16,656 INFO  util.JmxRegister (JmxRegister.java:tryRegister(44)) - Successfully registered JMX Bean with object name Ratis:service=RaftServer,group=group-2138A3FE7E2F,id=f66c5826-718c-4d80-96e0-f5c673c55abc
2019-07-13 22:39:16,659 INFO  pipeline.PipelineStateManager (PipelineStateManager.java:addPipeline(56)) - Created pipeline Pipeline[ Id: 32a250e1-a63d-4732-bd3c-2138a3fe7e2f, Nodes: f66c5826-718c-4d80-96e0-f5c673c55abc{ip: 192.168.5.159, host: trunk-nightly-x8m8d-1534914823, networkLocation: /default-rack, certSerialId: null}, Type:RATIS, Factor:ONE, State:OPEN]
2019-07-13 22:39:16,785 INFO  node.SCMNodeManager (SCMNodeManager.java:register(269)) - Registered Data node : 631bd49e-30a6-4824-97a3-d108bad3b331{ip: 192.168.5.159, host: trunk-nightly-x8m8d-1534914823, networkLocation: /default-rack, certSerialId: null}
2019-07-13 22:39:16,801 INFO  impl.RaftServerProxy (RaftServerProxy.java:addNew(89)) - 631bd49e-30a6-4824-97a3-d108bad3b331: addNew group-F5FF5C2FE860:[631bd49e-30a6-4824-97a3-d108bad3b331:192.168.5.159:41895] returns group-F5FF5C2FE860:java.util.concurrent.CompletableFuture@3cbf0e21[Not completed]
2019-07-13 22:39:16,802 INFO  impl.RaftServerImpl (RaftServerImpl.java:<init>(93)) - 631bd49e-30a6-4824-97a3-d108bad3b331: new RaftServerImpl for group-F5FF5C2FE860:[631bd49e-30a6-4824-97a3-d108bad3b331:192.168.5.159:41895] with ContainerStateMachine:uninitialized
2019-07-13 22:39:16,802 INFO  server.RaftServerConfigKeys (ConfUtils.java:logGet(43)) - raft.server.rpc.timeout.min = 5s (custom)
2019-07-13 22:39:16,802 INFO  server.RaftServerConfigKeys (ConfUtils.java:logGet(43)) - raft.server.rpc.timeout.max = 5200ms (custom)
2019-07-13 22:39:16,802 INFO  server.RaftServerConfigKeys (ConfUtils.java:logGet(43)) - raft.server.rpcslowness.timeout = 120s (custom)
2019-07-13 22:39:16,802 INFO  server.RaftServerConfigKeys (ConfUtils.java:logGet(43)) - raft.server.sleep.deviation.threshold = 300 (default)
2019-07-13 22:39:16,802 INFO  server.RaftServerConfigKeys (ConfUtils.java:logGet(43)) - raft.server.log.appender.install.snapshot.enabled = false (custom)
2019-07-13 22:39:16,803 INFO  impl.RaftServerImpl (ServerState.java:<init>(105)) - 631bd49e-30a6-4824-97a3-d108bad3b331:group-F5FF5C2FE860 ConfigurationManager, init=-1: [631bd49e-30a6-4824-97a3-d108bad3b331:192.168.5.159:41895], old=null, confs=<EMPTY_MAP>
2019-07-13 22:39:16,803 INFO  server.RaftServerConfigKeys (ConfUtils.java:logGet(43)) - raft.server.storage.dir = [/tmp/workdir/hadoop-ozone/integration-test/target/test-dir/MiniOzoneClusterImpl-ae05db68-18ba-4bf1-995b-9a16c5287bb4/datanode-5/data/ratis] (custom)
2019-07-13 22:39:16,803 INFO  storage.RaftStorageDirectory (RaftStorageDirectory.java:analyzeStorage(246)) - The storage directory /tmp/workdir/hadoop-ozone/integration-test/target/test-dir/MiniOzoneClusterImpl-ae05db68-18ba-4bf1-995b-9a16c5287bb4/datanode-5/data/ratis/68bd8528-bb8c-40ef-a238-f5ff5c2fe860 does not exist. Creating ...
2019-07-13 22:39:16,809 INFO  storage.RaftStorageDirectory (RaftStorageDirectory.java:tryLock(328)) - Lock on /tmp/workdir/hadoop-ozone/integration-test/target/test-dir/MiniOzoneClusterImpl-ae05db68-18ba-4bf1-995b-9a16c5287bb4/datanode-5/data/ratis/68bd8528-bb8c-40ef-a238-f5ff5c2fe860/in_use.lock acquired by nodename 19245@trunk-nightly-x8m8d-1534914823
2019-07-13 22:39:16,812 INFO  storage.RaftStorage (RaftStorage.java:format(72)) - Storage directory /tmp/workdir/hadoop-ozone/integration-test/target/test-dir/MiniOzoneClusterImpl-ae05db68-18ba-4bf1-995b-9a16c5287bb4/datanode-5/data/ratis/68bd8528-bb8c-40ef-a238-f5ff5c2fe860 has been successfully formatted.
2019-07-13 22:39:16,812 INFO  ratis.ContainerStateMachine (ContainerStateMachine.java:loadSnapshot(200)) - The snapshot info is null.Setting the last applied index to:(t:0, i:~)
2019-07-13 22:39:16,812 INFO  server.RaftServerConfigKeys (ConfUtils.java:logGet(43)) - raft.server.leader.election.timeout = 120s (custom)
2019-07-13 22:39:16,813 INFO  server.RaftServerConfigKeys (ConfUtils.java:logGet(43)) - raft.server.log.use.memory = false (default)
2019-07-13 22:39:16,813 INFO  server.RaftServerConfigKeys (ConfUtils.java:logGet(43)) - raft.server.log.purge.gap = 1000000000 (custom)
2019-07-13 22:39:16,813 INFO  server.RaftServerConfigKeys (ConfUtils.java:logGet(43)) - raft.server.log.appender.buffer.byte-limit = 33554432 (custom)
2019-07-13 22:39:16,813 INFO  server.RaftServerConfigKeys (ConfUtils.java:logGet(43)) - raft.server.log.segment.size.max = 1048576 (custom)
2019-07-13 22:39:16,813 INFO  server.RaftServerConfigKeys (ConfUtils.java:logGet(43)) - raft.server.log.segment.cache.num.max = 2 (custom)
2019-07-13 22:39:16,813 INFO  segmented.SegmentedRaftLogWorker (SegmentedRaftLogWorker.java:<init>(172)) - new 631bd49e-30a6-4824-97a3-d108bad3b331-SegmentedRaftLogWorker:Storage Directory /tmp/workdir/hadoop-ozone/integration-test/target/test-dir/MiniOzoneClusterImpl-ae05db68-18ba-4bf1-995b-9a16c5287bb4/datanode-5/data/ratis/68bd8528-bb8c-40ef-a238-f5ff5c2fe860 for RaftStorage:Storage Directory /tmp/workdir/hadoop-ozone/integration-test/target/test-dir/MiniOzoneClusterImpl-ae05db68-18ba-4bf1-995b-9a16c5287bb4/datanode-5/data/ratis/68bd8528-bb8c-40ef-a238-f5ff5c2fe860
2019-07-13 22:39:16,814 INFO  server.RaftServerConfigKeys (ConfUtils.java:logGet(43)) - raft.server.log.queue.byte-limit = 2147483647 (custom)
2019-07-13 22:39:16,814 INFO  server.RaftServerConfigKeys (ConfUtils.java:logGet(43)) - raft.server.log.queue.element-limit = 1024 (custom)
2019-07-13 22:39:16,814 INFO  server.RaftServerConfigKeys (ConfUtils.java:logGet(43)) - raft.server.log.segment.size.max = 1048576 (custom)
2019-07-13 22:39:16,814 INFO  server.RaftServerConfigKeys (ConfUtils.java:logGet(43)) - raft.server.log.preallocated.size = 16384 (custom)
2019-07-13 22:39:16,814 INFO  server.RaftServerConfigKeys (ConfUtils.java:logGet(43)) - raft.server.log.write.buffer.size = 33554432 (custom)
2019-07-13 22:39:16,814 INFO  server.RaftServerConfigKeys (ConfUtils.java:logGet(43)) - raft.server.log.force.sync.num = 128 (default)
2019-07-13 22:39:16,815 INFO  server.RaftServerConfigKeys (ConfUtils.java:logGet(43)) - raft.server.log.statemachine.data.sync = true (default)
2019-07-13 22:39:16,815 INFO  server.RaftServerConfigKeys (ConfUtils.java:logGet(43)) - raft.server.log.statemachine.data.sync.timeout = 10s (default)
2019-07-13 22:39:16,815 INFO  server.RaftServerConfigKeys (ConfUtils.java:logGet(43)) - raft.server.log.statemachine.data.sync.timeout.retry = -1 (default)
2019-07-13 22:39:16,815 INFO  server.RaftServerConfigKeys (ConfUtils.java:logGet(43)) - raft.server.log.statemachine.data.caching.enabled = true (custom)
2019-07-13 22:39:16,816 INFO  segmented.SegmentedRaftLogWorker (SegmentedRaftLogWorker.java:lambda$new$0(132)) - 631bd49e-30a6-4824-97a3-d108bad3b331-SegmentedRaftLogWorker:Storage Directory /tmp/workdir/hadoop-ozone/integration-test/target/test-dir/MiniOzoneClusterImpl-ae05db68-18ba-4bf1-995b-9a16c5287bb4/datanode-5/data/ratis/68bd8528-bb8c-40ef-a238-f5ff5c2fe860: flushIndex: setUnconditionally 0 -> -1
2019-07-13 22:39:16,816 INFO  server.RaftServerConfigKeys (ConfUtils.java:logGet(43)) - raft.server.snapshot.auto.trigger.enabled = true (custom)
2019-07-13 22:39:16,816 INFO  server.RaftServerConfigKeys (ConfUtils.java:logGet(43)) - raft.server.snapshot.auto.trigger.threshold = 10000 (custom)
2019-07-13 22:39:16,816 INFO  server.RaftServerConfigKeys (ConfUtils.java:logGet(43)) - raft.server.retrycache.expirytime = 600000ms (custom)
2019-07-13 22:39:16,817 INFO  impl.RaftServerImpl (RaftServerImpl.java:start(180)) - 631bd49e-30a6-4824-97a3-d108bad3b331: start group-F5FF5C2FE860
2019-07-13 22:39:16,817 INFO  impl.RaftServerImpl (RaftServerImpl.java:setRole(171)) - 631bd49e-30a6-4824-97a3-d108bad3b331:group-F5FF5C2FE860 changes role from null to FOLLOWER at term 0 for startAsFollower
2019-07-13 22:39:16,817 INFO  impl.RoleInfo (RoleInfo.java:updateAndGet(143)) - 631bd49e-30a6-4824-97a3-d108bad3b331: start FollowerState
2019-07-13 22:39:16,817 INFO  util.JmxRegister (JmxRegister.java:tryRegister(44)) - Successfully registered JMX Bean with object name Ratis:service=RaftServer,group=group-F5FF5C2FE860,id=631bd49e-30a6-4824-97a3-d108bad3b331
2019-07-13 22:39:16,820 INFO  pipeline.PipelineStateManager (PipelineStateManager.java:addPipeline(56)) - Created pipeline Pipeline[ Id: 68bd8528-bb8c-40ef-a238-f5ff5c2fe860, Nodes: 631bd49e-30a6-4824-97a3-d108bad3b331{ip: 192.168.5.159, host: trunk-nightly-x8m8d-1534914823, networkLocation: /default-rack, certSerialId: null}, Type:RATIS, Factor:ONE, State:OPEN]
2019-07-13 22:39:16,833 INFO  impl.RaftServerProxy (RaftServerProxy.java:addNew(89)) - f66c5826-718c-4d80-96e0-f5c673c55abc: addNew group-566FFF85478B:[a689ed27-5aa8-494e-b0a3-bc2d6ea2552c:192.168.5.159:45440, 631bd49e-30a6-4824-97a3-d108bad3b331:192.168.5.159:41895, f66c5826-718c-4d80-96e0-f5c673c55abc:192.168.5.159:36685] returns group-566FFF85478B:java.util.concurrent.CompletableFuture@23e00378[Not completed]
2019-07-13 22:39:16,833 INFO  impl.RaftServerImpl (RaftServerImpl.java:<init>(93)) - f66c5826-718c-4d80-96e0-f5c673c55abc: new RaftServerImpl for group-566FFF85478B:[a689ed27-5aa8-494e-b0a3-bc2d6ea2552c:192.168.5.159:45440, 631bd49e-30a6-4824-97a3-d108bad3b331:192.168.5.159:41895, f66c5826-718c-4d80-96e0-f5c673c55abc:192.168.5.159:36685] with ContainerStateMachine:uninitialized
2019-07-13 22:39:16,834 INFO  server.RaftServerConfigKeys (ConfUtils.java:logGet(43)) - raft.server.rpc.timeout.min = 5s (custom)
2019-07-13 22:39:16,834 INFO  impl.RaftServerProxy (RaftServerProxy.java:addNew(89)) - a689ed27-5aa8-494e-b0a3-bc2d6ea2552c: addNew group-566FFF85478B:[a689ed27-5aa8-494e-b0a3-bc2d6ea2552c:192.168.5.159:45440, 631bd49e-30a6-4824-97a3-d108bad3b331:192.168.5.159:41895, f66c5826-718c-4d80-96e0-f5c673c55abc:192.168.5.159:36685] returns group-566FFF85478B:java.util.concurrent.CompletableFuture@24644bd2[Not completed]
2019-07-13 22:39:16,834 INFO  impl.RaftServerProxy (RaftServerProxy.java:addNew(89)) - 631bd49e-30a6-4824-97a3-d108bad3b331: addNew group-566FFF85478B:[a689ed27-5aa8-494e-b0a3-bc2d6ea2552c:192.168.5.159:45440, 631bd49e-30a6-4824-97a3-d108bad3b331:192.168.5.159:41895, f66c5826-718c-4d80-96e0-f5c673c55abc:192.168.5.159:36685] returns group-566FFF85478B:java.util.concurrent.CompletableFuture@2f4468ab[Not completed]
2019-07-13 22:39:16,834 INFO  server.RaftServerConfigKeys (ConfUtils.java:logGet(43)) - raft.server.rpc.timeout.max = 5200ms (custom)
2019-07-13 22:39:16,834 INFO  server.RaftServerConfigKeys (ConfUtils.java:logGet(43)) - raft.server.rpcslowness.timeout = 120s (custom)
2019-07-13 22:39:16,834 INFO  server.RaftServerConfigKeys (ConfUtils.java:logGet(43)) - raft.server.sleep.deviation.threshold = 300 (default)
2019-07-13 22:39:16,834 INFO  server.RaftServerConfigKeys (ConfUtils.java:logGet(43)) - raft.server.log.appender.install.snapshot.enabled = false (custom)
2019-07-13 22:39:16,835 INFO  impl.RaftServerImpl (RaftServerImpl.java:<init>(93)) - a689ed27-5aa8-494e-b0a3-bc2d6ea2552c: new RaftServerImpl for group-566FFF85478B:[a689ed27-5aa8-494e-b0a3-bc2d6ea2552c:192.168.5.159:45440, 631bd49e-30a6-4824-97a3-d108bad3b331:192.168.5.159:41895, f66c5826-718c-4d80-96e0-f5c673c55abc:192.168.5.159:36685] with ContainerStateMachine:uninitialized
2019-07-13 22:39:16,835 INFO  impl.RaftServerImpl (ServerState.java:<init>(105)) - f66c5826-718c-4d80-96e0-f5c673c55abc:group-566FFF85478B ConfigurationManager, init=-1: [a689ed27-5aa8-494e-b0a3-bc2d6ea2552c:192.168.5.159:45440, 631bd49e-30a6-4824-97a3-d108bad3b331:192.168.5.159:41895, f66c5826-718c-4d80-96e0-f5c673c55abc:192.168.5.159:36685], old=null, confs=<EMPTY_MAP>
2019-07-13 22:39:16,835 INFO  server.RaftServerConfigKeys (ConfUtils.java:logGet(43)) - raft.server.rpc.timeout.min = 5s (custom)
2019-07-13 22:39:16,835 INFO  server.RaftServerConfigKeys (ConfUtils.java:logGet(43)) - raft.server.storage.dir = [/tmp/workdir/hadoop-ozone/integration-test/target/test-dir/MiniOzoneClusterImpl-ae05db68-18ba-4bf1-995b-9a16c5287bb4/datanode-4/data/ratis] (custom)
2019-07-13 22:39:16,835 INFO  impl.RaftServerImpl (RaftServerImpl.java:<init>(93)) - 631bd49e-30a6-4824-97a3-d108bad3b331: new RaftServerImpl for group-566FFF85478B:[a689ed27-5aa8-494e-b0a3-bc2d6ea2552c:192.168.5.159:45440, 631bd49e-30a6-4824-97a3-d108bad3b331:192.168.5.159:41895, f66c5826-718c-4d80-96e0-f5c673c55abc:192.168.5.159:36685] with ContainerStateMachine:uninitialized
2019-07-13 22:39:16,835 INFO  server.RaftServerConfigKeys (ConfUtils.java:logGet(43)) - raft.server.rpc.timeout.max = 5200ms (custom)
2019-07-13 22:39:16,835 INFO  storage.RaftStorageDirectory (RaftStorageDirectory.java:analyzeStorage(246)) - The storage directory /tmp/workdir/hadoop-ozone/integration-test/target/test-dir/MiniOzoneClusterImpl-ae05db68-18ba-4bf1-995b-9a16c5287bb4/datanode-4/data/ratis/f433d52e-6b8e-4d7a-8b9b-566fff85478b does not exist. Creating ...
2019-07-13 22:39:16,835 INFO  server.RaftServerConfigKeys (ConfUtils.java:logGet(43)) - raft.server.rpc.timeout.min = 5s (custom)
2019-07-13 22:39:16,835 INFO  server.RaftServerConfigKeys (ConfUtils.java:logGet(43)) - raft.server.rpcslowness.timeout = 120s (custom)
2019-07-13 22:39:16,836 INFO  server.RaftServerConfigKeys (ConfUtils.java:logGet(43)) - raft.server.rpc.timeout.max = 5200ms (custom)
2019-07-13 22:39:16,836 INFO  server.RaftServerConfigKeys (ConfUtils.java:logGet(43)) - raft.server.sleep.deviation.threshold = 300 (default)
2019-07-13 22:39:16,836 INFO  server.RaftServerConfigKeys (ConfUtils.java:logGet(43)) - raft.server.rpcslowness.timeout = 120s (custom)
2019-07-13 22:39:16,836 INFO  server.RaftServerConfigKeys (ConfUtils.java:logGet(43)) - raft.server.log.appender.install.snapshot.enabled = false (custom)
2019-07-13 22:39:16,836 INFO  server.RaftServerConfigKeys (ConfUtils.java:logGet(43)) - raft.server.sleep.deviation.threshold = 300 (default)
2019-07-13 22:39:16,836 INFO  impl.RaftServerImpl (ServerState.java:<init>(105)) - a689ed27-5aa8-494e-b0a3-bc2d6ea2552c:group-566FFF85478B ConfigurationManager, init=-1: [a689ed27-5aa8-494e-b0a3-bc2d6ea2552c:192.168.5.159:45440, 631bd49e-30a6-4824-97a3-d108bad3b331:192.168.5.159:41895, f66c5826-718c-4d80-96e0-f5c673c55abc:192.168.5.159:36685], old=null, confs=<EMPTY_MAP>
2019-07-13 22:39:16,837 INFO  server.RaftServerConfigKeys (ConfUtils.java:logGet(43)) - raft.server.log.appender.install.snapshot.enabled = false (custom)
2019-07-13 22:39:16,837 INFO  server.RaftServerConfigKeys (ConfUtils.java:logGet(43)) - raft.server.storage.dir = [/tmp/workdir/hadoop-ozone/integration-test/target/test-dir/MiniOzoneClusterImpl-ae05db68-18ba-4bf1-995b-9a16c5287bb4/datanode-3/data/ratis] (custom)
2019-07-13 22:39:16,837 INFO  impl.RaftServerImpl (ServerState.java:<init>(105)) - 631bd49e-30a6-4824-97a3-d108bad3b331:group-566FFF85478B ConfigurationManager, init=-1: [a689ed27-5aa8-494e-b0a3-bc2d6ea2552c:192.168.5.159:45440, 631bd49e-30a6-4824-97a3-d108bad3b331:192.168.5.159:41895, f66c5826-718c-4d80-96e0-f5c673c55abc:192.168.5.159:36685], old=null, confs=<EMPTY_MAP>
2019-07-13 22:39:16,837 INFO  server.RaftServerConfigKeys (ConfUtils.java:logGet(43)) - raft.server.storage.dir = [/tmp/workdir/hadoop-ozone/integration-test/target/test-dir/MiniOzoneClusterImpl-ae05db68-18ba-4bf1-995b-9a16c5287bb4/datanode-5/data/ratis] (custom)
2019-07-13 22:39:16,837 INFO  storage.RaftStorageDirectory (RaftStorageDirectory.java:analyzeStorage(246)) - The storage directory /tmp/workdir/hadoop-ozone/integration-test/target/test-dir/MiniOzoneClusterImpl-ae05db68-18ba-4bf1-995b-9a16c5287bb4/datanode-3/data/ratis/f433d52e-6b8e-4d7a-8b9b-566fff85478b does not exist. Creating ...
2019-07-13 22:39:16,838 INFO  storage.RaftStorageDirectory (RaftStorageDirectory.java:analyzeStorage(246)) - The storage directory /tmp/workdir/hadoop-ozone/integration-test/target/test-dir/MiniOzoneClusterImpl-ae05db68-18ba-4bf1-995b-9a16c5287bb4/datanode-5/data/ratis/f433d52e-6b8e-4d7a-8b9b-566fff85478b does not exist. Creating ...
2019-07-13 22:39:16,848 INFO  storage.RaftStorageDirectory (RaftStorageDirectory.java:tryLock(328)) - Lock on /tmp/workdir/hadoop-ozone/integration-test/target/test-dir/MiniOzoneClusterImpl-ae05db68-18ba-4bf1-995b-9a16c5287bb4/datanode-4/data/ratis/f433d52e-6b8e-4d7a-8b9b-566fff85478b/in_use.lock acquired by nodename 19245@trunk-nightly-x8m8d-1534914823
2019-07-13 22:39:16,848 INFO  storage.RaftStorageDirectory (RaftStorageDirectory.java:tryLock(328)) - Lock on /tmp/workdir/hadoop-ozone/integration-test/target/test-dir/MiniOzoneClusterImpl-ae05db68-18ba-4bf1-995b-9a16c5287bb4/datanode-3/data/ratis/f433d52e-6b8e-4d7a-8b9b-566fff85478b/in_use.lock acquired by nodename 19245@trunk-nightly-x8m8d-1534914823
2019-07-13 22:39:16,848 INFO  storage.RaftStorageDirectory (RaftStorageDirectory.java:tryLock(328)) - Lock on /tmp/workdir/hadoop-ozone/integration-test/target/test-dir/MiniOzoneClusterImpl-ae05db68-18ba-4bf1-995b-9a16c5287bb4/datanode-5/data/ratis/f433d52e-6b8e-4d7a-8b9b-566fff85478b/in_use.lock acquired by nodename 19245@trunk-nightly-x8m8d-1534914823
2019-07-13 22:39:16,854 INFO  storage.RaftStorage (RaftStorage.java:format(72)) - Storage directory /tmp/workdir/hadoop-ozone/integration-test/target/test-dir/MiniOzoneClusterImpl-ae05db68-18ba-4bf1-995b-9a16c5287bb4/datanode-4/data/ratis/f433d52e-6b8e-4d7a-8b9b-566fff85478b has been successfully formatted.
2019-07-13 22:39:16,854 INFO  storage.RaftStorage (RaftStorage.java:format(72)) - Storage directory /tmp/workdir/hadoop-ozone/integration-test/target/test-dir/MiniOzoneClusterImpl-ae05db68-18ba-4bf1-995b-9a16c5287bb4/datanode-5/data/ratis/f433d52e-6b8e-4d7a-8b9b-566fff85478b has been successfully formatted.
2019-07-13 22:39:16,854 INFO  storage.RaftStorage (RaftStorage.java:format(72)) - Storage directory /tmp/workdir/hadoop-ozone/integration-test/target/test-dir/MiniOzoneClusterImpl-ae05db68-18ba-4bf1-995b-9a16c5287bb4/datanode-3/data/ratis/f433d52e-6b8e-4d7a-8b9b-566fff85478b has been successfully formatted.
2019-07-13 22:39:16,855 INFO  ratis.ContainerStateMachine (ContainerStateMachine.java:loadSnapshot(200)) - The snapshot info is null.Setting the last applied index to:(t:0, i:~)
2019-07-13 22:39:16,855 INFO  ratis.ContainerStateMachine (ContainerStateMachine.java:loadSnapshot(200)) - The snapshot info is null.Setting the last applied index to:(t:0, i:~)
2019-07-13 22:39:16,854 INFO  ratis.ContainerStateMachine (ContainerStateMachine.java:loadSnapshot(200)) - The snapshot info is null.Setting the last applied index to:(t:0, i:~)
2019-07-13 22:39:16,855 INFO  server.RaftServerConfigKeys (ConfUtils.java:logGet(43)) - raft.server.leader.election.timeout = 120s (custom)
2019-07-13 22:39:16,855 INFO  server.RaftServerConfigKeys (ConfUtils.java:logGet(43)) - raft.server.leader.election.timeout = 120s (custom)
2019-07-13 22:39:16,855 INFO  server.RaftServerConfigKeys (ConfUtils.java:logGet(43)) - raft.server.log.use.memory = false (default)
2019-07-13 22:39:16,855 INFO  server.RaftServerConfigKeys (ConfUtils.java:logGet(43)) - raft.server.leader.election.timeout = 120s (custom)
2019-07-13 22:39:16,856 INFO  server.RaftServerConfigKeys (ConfUtils.java:logGet(43)) - raft.server.log.purge.gap = 1000000000 (custom)
2019-07-13 22:39:16,855 INFO  server.RaftServerConfigKeys (ConfUtils.java:logGet(43)) - raft.server.log.use.memory = false (default)
2019-07-13 22:39:16,856 INFO  server.RaftServerConfigKeys (ConfUtils.java:logGet(43)) - raft.server.log.appender.buffer.byte-limit = 33554432 (custom)
2019-07-13 22:39:16,856 INFO  server.RaftServerConfigKeys (ConfUtils.java:logGet(43)) - raft.server.log.use.memory = false (default)
2019-07-13 22:39:16,856 INFO  server.RaftServerConfigKeys (ConfUtils.java:logGet(43)) - raft.server.log.segment.size.max = 1048576 (custom)
2019-07-13 22:39:16,856 INFO  server.RaftServerConfigKeys (ConfUtils.java:logGet(43)) - raft.server.log.purge.gap = 1000000000 (custom)
2019-07-13 22:39:16,857 INFO  server.RaftServerConfigKeys (ConfUtils.java:logGet(43)) - raft.server.log.segment.cache.num.max = 2 (custom)
2019-07-13 22:39:16,856 INFO  server.RaftServerConfigKeys (ConfUtils.java:logGet(43)) - raft.server.log.purge.gap = 1000000000 (custom)
2019-07-13 22:39:16,857 INFO  segmented.SegmentedRaftLogWorker (SegmentedRaftLogWorker.java:<init>(172)) - new a689ed27-5aa8-494e-b0a3-bc2d6ea2552c-SegmentedRaftLogWorker:Storage Directory /tmp/workdir/hadoop-ozone/integration-test/target/test-dir/MiniOzoneClusterImpl-ae05db68-18ba-4bf1-995b-9a16c5287bb4/datanode-3/data/ratis/f433d52e-6b8e-4d7a-8b9b-566fff85478b for RaftStorage:Storage Directory /tmp/workdir/hadoop-ozone/integration-test/target/test-dir/MiniOzoneClusterImpl-ae05db68-18ba-4bf1-995b-9a16c5287bb4/datanode-3/data/ratis/f433d52e-6b8e-4d7a-8b9b-566fff85478b
2019-07-13 22:39:16,857 INFO  server.RaftServerConfigKeys (ConfUtils.java:logGet(43)) - raft.server.log.appender.buffer.byte-limit = 33554432 (custom)
2019-07-13 22:39:16,857 INFO  server.RaftServerConfigKeys (ConfUtils.java:logGet(43)) - raft.server.log.queue.byte-limit = 2147483647 (custom)
2019-07-13 22:39:16,857 INFO  server.RaftServerConfigKeys (ConfUtils.java:logGet(43)) - raft.server.log.appender.buffer.byte-limit = 33554432 (custom)
2019-07-13 22:39:16,858 INFO  server.RaftServerConfigKeys (ConfUtils.java:logGet(43)) - raft.server.log.queue.element-limit = 1024 (custom)
2019-07-13 22:39:16,857 INFO  server.RaftServerConfigKeys (ConfUtils.java:logGet(43)) - raft.server.log.segment.size.max = 1048576 (custom)
2019-07-13 22:39:16,858 INFO  server.RaftServerConfigKeys (ConfUtils.java:logGet(43)) - raft.server.log.segment.size.max = 1048576 (custom)
2019-07-13 22:39:16,858 INFO  server.RaftServerConfigKeys (ConfUtils.java:logGet(43)) - raft.server.log.segment.size.max = 1048576 (custom)
2019-07-13 22:39:16,858 INFO  server.RaftServerConfigKeys (ConfUtils.java:logGet(43)) - raft.server.log.preallocated.size = 16384 (custom)
2019-07-13 22:39:16,858 INFO  server.RaftServerConfigKeys (ConfUtils.java:logGet(43)) - raft.server.log.write.buffer.size = 33554432 (custom)
2019-07-13 22:39:16,858 INFO  server.RaftServerConfigKeys (ConfUtils.java:logGet(43)) - raft.server.log.segment.cache.num.max = 2 (custom)
2019-07-13 22:39:16,859 INFO  server.RaftServerConfigKeys (ConfUtils.java:logGet(43)) - raft.server.log.force.sync.num = 128 (default)
2019-07-13 22:39:16,858 INFO  server.RaftServerConfigKeys (ConfUtils.java:logGet(43)) - raft.server.log.segment.cache.num.max = 2 (custom)
2019-07-13 22:39:16,859 INFO  server.RaftServerConfigKeys (ConfUtils.java:logGet(43)) - raft.server.log.statemachine.data.sync = true (default)
2019-07-13 22:39:16,859 INFO  segmented.SegmentedRaftLogWorker (SegmentedRaftLogWorker.java:<init>(172)) - new 631bd49e-30a6-4824-97a3-d108bad3b331-SegmentedRaftLogWorker:Storage Directory /tmp/workdir/hadoop-ozone/integration-test/target/test-dir/MiniOzoneClusterImpl-ae05db68-18ba-4bf1-995b-9a16c5287bb4/datanode-5/data/ratis/f433d52e-6b8e-4d7a-8b9b-566fff85478b for RaftStorage:Storage Directory /tmp/workdir/hadoop-ozone/integration-test/target/test-dir/MiniOzoneClusterImpl-ae05db68-18ba-4bf1-995b-9a16c5287bb4/datanode-5/data/ratis/f433d52e-6b8e-4d7a-8b9b-566fff85478b
2019-07-13 22:39:16,859 INFO  server.RaftServerConfigKeys (ConfUtils.java:logGet(43)) - raft.server.log.statemachine.data.sync.timeout = 10s (default)
2019-07-13 22:39:16,859 INFO  segmented.SegmentedRaftLogWorker (SegmentedRaftLogWorker.java:<init>(172)) - new f66c5826-718c-4d80-96e0-f5c673c55abc-SegmentedRaftLogWorker:Storage Directory /tmp/workdir/hadoop-ozone/integration-test/target/test-dir/MiniOzoneClusterImpl-ae05db68-18ba-4bf1-995b-9a16c5287bb4/datanode-4/data/ratis/f433d52e-6b8e-4d7a-8b9b-566fff85478b for RaftStorage:Storage Directory /tmp/workdir/hadoop-ozone/integration-test/target/test-dir/MiniOzoneClusterImpl-ae05db68-18ba-4bf1-995b-9a16c5287bb4/datanode-4/data/ratis/f433d52e-6b8e-4d7a-8b9b-566fff85478b
2019-07-13 22:39:16,860 INFO  server.RaftServerConfigKeys (ConfUtils.java:logGet(43)) - raft.server.log.statemachine.data.sync.timeout.retry = -1 (default)
2019-07-13 22:39:16,859 INFO  server.RaftServerConfigKeys (ConfUtils.java:logGet(43)) - raft.server.log.queue.byte-limit = 2147483647 (custom)
2019-07-13 22:39:16,860 INFO  server.RaftServerConfigKeys (ConfUtils.java:logGet(43)) - raft.server.log.statemachine.data.caching.enabled = true (custom)
2019-07-13 22:39:16,860 INFO  server.RaftServerConfigKeys (ConfUtils.java:logGet(43)) - raft.server.log.queue.byte-limit = 2147483647 (custom)
2019-07-13 22:39:16,860 INFO  server.RaftServerConfigKeys (ConfUtils.java:logGet(43)) - raft.server.log.queue.element-limit = 1024 (custom)
2019-07-13 22:39:16,860 INFO  server.RaftServerConfigKeys (ConfUtils.java:logGet(43)) - raft.server.log.queue.element-limit = 1024 (custom)
2019-07-13 22:39:16,860 INFO  server.RaftServerConfigKeys (ConfUtils.java:logGet(43)) - raft.server.log.segment.size.max = 1048576 (custom)
2019-07-13 22:39:16,860 INFO  segmented.SegmentedRaftLogWorker (SegmentedRaftLogWorker.java:lambda$new$0(132)) - a689ed27-5aa8-494e-b0a3-bc2d6ea2552c-SegmentedRaftLogWorker:Storage Directory /tmp/workdir/hadoop-ozone/integration-test/target/test-dir/MiniOzoneClusterImpl-ae05db68-18ba-4bf1-995b-9a16c5287bb4/datanode-3/data/ratis/f433d52e-6b8e-4d7a-8b9b-566fff85478b: flushIndex: setUnconditionally 0 -> -1
2019-07-13 22:39:16,861 INFO  server.RaftServerConfigKeys (ConfUtils.java:logGet(43)) - raft.server.log.preallocated.size = 16384 (custom)
2019-07-13 22:39:16,861 INFO  server.RaftServerConfigKeys (ConfUtils.java:logGet(43)) - raft.server.log.segment.size.max = 1048576 (custom)
2019-07-13 22:39:16,861 INFO  server.RaftServerConfigKeys (ConfUtils.java:logGet(43)) - raft.server.snapshot.auto.trigger.enabled = true (custom)
2019-07-13 22:39:16,861 INFO  server.RaftServerConfigKeys (ConfUtils.java:logGet(43)) - raft.server.log.write.buffer.size = 33554432 (custom)
2019-07-13 22:39:16,861 INFO  server.RaftServerConfigKeys (ConfUtils.java:logGet(43)) - raft.server.snapshot.auto.trigger.threshold = 10000 (custom)
2019-07-13 22:39:16,861 INFO  server.RaftServerConfigKeys (ConfUtils.java:logGet(43)) - raft.server.log.preallocated.size = 16384 (custom)
2019-07-13 22:39:16,862 INFO  server.RaftServerConfigKeys (ConfUtils.java:logGet(43)) - raft.server.retrycache.expirytime = 600000ms (custom)
2019-07-13 22:39:16,861 INFO  server.RaftServerConfigKeys (ConfUtils.java:logGet(43)) - raft.server.log.force.sync.num = 128 (default)
2019-07-13 22:39:16,862 INFO  impl.RaftServerImpl (RaftServerImpl.java:start(180)) - a689ed27-5aa8-494e-b0a3-bc2d6ea2552c: start group-566FFF85478B
2019-07-13 22:39:16,862 INFO  server.RaftServerConfigKeys (ConfUtils.java:logGet(43)) - raft.server.log.write.buffer.size = 33554432 (custom)
2019-07-13 22:39:16,862 INFO  impl.RaftServerImpl (RaftServerImpl.java:setRole(171)) - a689ed27-5aa8-494e-b0a3-bc2d6ea2552c:group-566FFF85478B changes role from null to FOLLOWER at term 0 for startAsFollower
2019-07-13 22:39:16,862 INFO  server.RaftServerConfigKeys (ConfUtils.java:logGet(43)) - raft.server.log.statemachine.data.sync = true (default)
2019-07-13 22:39:16,862 INFO  impl.RoleInfo (RoleInfo.java:updateAndGet(143)) - a689ed27-5aa8-494e-b0a3-bc2d6ea2552c: start FollowerState
2019-07-13 22:39:16,862 INFO  server.RaftServerConfigKeys (ConfUtils.java:logGet(43)) - raft.server.log.force.sync.num = 128 (default)
2019-07-13 22:39:16,863 INFO  server.RaftServerConfigKeys (ConfUtils.java:logGet(43)) - raft.server.log.statemachine.data.sync.timeout = 10s (default)
2019-07-13 22:39:16,863 INFO  server.RaftServerConfigKeys (ConfUtils.java:logGet(43)) - raft.server.log.statemachine.data.sync = true (default)
2019-07-13 22:39:16,863 INFO  util.JmxRegister (JmxRegister.java:tryRegister(44)) - Successfully registered JMX Bean with object name Ratis:service=RaftServer,group=group-566FFF85478B,id=a689ed27-5aa8-494e-b0a3-bc2d6ea2552c
2019-07-13 22:39:16,863 INFO  server.RaftServerConfigKeys (ConfUtils.java:logGet(43)) - raft.server.log.statemachine.data.sync.timeout.retry = -1 (default)
2019-07-13 22:39:16,863 INFO  server.RaftServerConfigKeys (ConfUtils.java:logGet(43)) - raft.server.log.statemachine.data.sync.timeout = 10s (default)
2019-07-13 22:39:16,864 INFO  server.RaftServerConfigKeys (ConfUtils.java:logGet(43)) - raft.server.log.statemachine.data.caching.enabled = true (custom)
2019-07-13 22:39:16,864 INFO  server.RaftServerConfigKeys (ConfUtils.java:logGet(43)) - raft.server.log.statemachine.data.sync.timeout.retry = -1 (default)
2019-07-13 22:39:16,864 INFO  segmented.SegmentedRaftLogWorker (SegmentedRaftLogWorker.java:lambda$new$0(132)) - f66c5826-718c-4d80-96e0-f5c673c55abc-SegmentedRaftLogWorker:Storage Directory /tmp/workdir/hadoop-ozone/integration-test/target/test-dir/MiniOzoneClusterImpl-ae05db68-18ba-4bf1-995b-9a16c5287bb4/datanode-4/data/ratis/f433d52e-6b8e-4d7a-8b9b-566fff85478b: flushIndex: setUnconditionally 0 -> -1
2019-07-13 22:39:16,864 INFO  server.RaftServerConfigKeys (ConfUtils.java:logGet(43)) - raft.server.log.statemachine.data.caching.enabled = true (custom)
2019-07-13 22:39:16,865 INFO  server.RaftServerConfigKeys (ConfUtils.java:logGet(43)) - raft.server.snapshot.auto.trigger.enabled = true (custom)
2019-07-13 22:39:16,865 INFO  segmented.SegmentedRaftLogWorker (SegmentedRaftLogWorker.java:lambda$new$0(132)) - 631bd49e-30a6-4824-97a3-d108bad3b331-SegmentedRaftLogWorker:Storage Directory /tmp/workdir/hadoop-ozone/integration-test/target/test-dir/MiniOzoneClusterImpl-ae05db68-18ba-4bf1-995b-9a16c5287bb4/datanode-5/data/ratis/f433d52e-6b8e-4d7a-8b9b-566fff85478b: flushIndex: setUnconditionally 0 -> -1
2019-07-13 22:39:16,865 INFO  server.RaftServerConfigKeys (ConfUtils.java:logGet(43)) - raft.server.snapshot.auto.trigger.threshold = 10000 (custom)
2019-07-13 22:39:16,865 INFO  server.RaftServerConfigKeys (ConfUtils.java:logGet(43)) - raft.server.retrycache.expirytime = 600000ms (custom)
2019-07-13 22:39:16,865 INFO  server.RaftServerConfigKeys (ConfUtils.java:logGet(43)) - raft.server.snapshot.auto.trigger.enabled = true (custom)
2019-07-13 22:39:16,865 INFO  impl.RaftServerImpl (RaftServerImpl.java:start(180)) - f66c5826-718c-4d80-96e0-f5c673c55abc: start group-566FFF85478B
2019-07-13 22:39:16,865 INFO  server.RaftServerConfigKeys (ConfUtils.java:logGet(43)) - raft.server.snapshot.auto.trigger.threshold = 10000 (custom)
2019-07-13 22:39:16,866 INFO  impl.RaftServerImpl (RaftServerImpl.java:setRole(171)) - f66c5826-718c-4d80-96e0-f5c673c55abc:group-566FFF85478B changes role from null to FOLLOWER at term 0 for startAsFollower
2019-07-13 22:39:16,866 INFO  server.RaftServerConfigKeys (ConfUtils.java:logGet(43)) - raft.server.retrycache.expirytime = 600000ms (custom)
2019-07-13 22:39:16,866 INFO  impl.RoleInfo (RoleInfo.java:updateAndGet(143)) - f66c5826-718c-4d80-96e0-f5c673c55abc: start FollowerState
2019-07-13 22:39:16,866 INFO  impl.RaftServerImpl (RaftServerImpl.java:start(180)) - 631bd49e-30a6-4824-97a3-d108bad3b331: start group-566FFF85478B
2019-07-13 22:39:16,866 INFO  impl.RaftServerImpl (RaftServerImpl.java:setRole(171)) - 631bd49e-30a6-4824-97a3-d108bad3b331:group-566FFF85478B changes role from null to FOLLOWER at term 0 for startAsFollower
2019-07-13 22:39:16,866 INFO  impl.RoleInfo (RoleInfo.java:updateAndGet(143)) - 631bd49e-30a6-4824-97a3-d108bad3b331: start FollowerState
2019-07-13 22:39:16,866 INFO  util.JmxRegister (JmxRegister.java:tryRegister(44)) - Successfully registered JMX Bean with object name Ratis:service=RaftServer,group=group-566FFF85478B,id=f66c5826-718c-4d80-96e0-f5c673c55abc
2019-07-13 22:39:16,867 INFO  util.JmxRegister (JmxRegister.java:tryRegister(44)) - Successfully registered JMX Bean with object name Ratis:service=RaftServer,group=group-566FFF85478B,id=631bd49e-30a6-4824-97a3-d108bad3b331
2019-07-13 22:39:16,869 INFO  pipeline.PipelineStateManager (PipelineStateManager.java:addPipeline(56)) - Created pipeline Pipeline[ Id: f433d52e-6b8e-4d7a-8b9b-566fff85478b, Nodes: a689ed27-5aa8-494e-b0a3-bc2d6ea2552c{ip: 192.168.5.159, host: trunk-nightly-x8m8d-1534914823, networkLocation: /default-rack, certSerialId: null}f66c5826-718c-4d80-96e0-f5c673c55abc{ip: 192.168.5.159, host: trunk-nightly-x8m8d-1534914823, networkLocation: /default-rack, certSerialId: null}631bd49e-30a6-4824-97a3-d108bad3b331{ip: 192.168.5.159, host: trunk-nightly-x8m8d-1534914823, networkLocation: /default-rack, certSerialId: null}, Type:RATIS, Factor:THREE, State:OPEN]
2019-07-13 22:39:16,953 INFO  ozone.MiniOzoneClusterImpl (MiniOzoneClusterImpl.java:lambda$waitForClusterToBeReady$0(142)) - Waiting for cluster to be ready. Got 6 of 7 DN Heartbeats.
2019-07-13 22:39:16,954 INFO  node.SCMNodeManager (SCMNodeManager.java:register(269)) - Registered Data node : bd4ee36a-163f-41b3-9835-398a73d63a00{ip: 192.168.5.159, host: trunk-nightly-x8m8d-1534914823, networkLocation: /default-rack, certSerialId: null}
2019-07-13 22:39:16,966 INFO  impl.RaftServerProxy (RaftServerProxy.java:addNew(89)) - bd4ee36a-163f-41b3-9835-398a73d63a00: addNew group-BC8913B4DB33:[bd4ee36a-163f-41b3-9835-398a73d63a00:192.168.5.159:44929] returns group-BC8913B4DB33:java.util.concurrent.CompletableFuture@45af6fe2[Not completed]
2019-07-13 22:39:16,967 INFO  impl.RaftServerImpl (RaftServerImpl.java:<init>(93)) - bd4ee36a-163f-41b3-9835-398a73d63a00: new RaftServerImpl for group-BC8913B4DB33:[bd4ee36a-163f-41b3-9835-398a73d63a00:192.168.5.159:44929] with ContainerStateMachine:uninitialized
2019-07-13 22:39:16,967 INFO  server.RaftServerConfigKeys (ConfUtils.java:logGet(43)) - raft.server.rpc.timeout.min = 5s (custom)
2019-07-13 22:39:16,967 INFO  server.RaftServerConfigKeys (ConfUtils.java:logGet(43)) - raft.server.rpc.timeout.max = 5200ms (custom)
2019-07-13 22:39:16,967 INFO  server.RaftServerConfigKeys (ConfUtils.java:logGet(43)) - raft.server.rpcslowness.timeout = 120s (custom)
2019-07-13 22:39:16,967 INFO  server.RaftServerConfigKeys (ConfUtils.java:logGet(43)) - raft.server.sleep.deviation.threshold = 300 (default)
2019-07-13 22:39:16,968 INFO  server.RaftServerConfigKeys (ConfUtils.java:logGet(43)) - raft.server.log.appender.install.snapshot.enabled = false (custom)
2019-07-13 22:39:16,968 INFO  impl.RaftServerImpl (ServerState.java:<init>(105)) - bd4ee36a-163f-41b3-9835-398a73d63a00:group-BC8913B4DB33 ConfigurationManager, init=-1: [bd4ee36a-163f-41b3-9835-398a73d63a00:192.168.5.159:44929], old=null, confs=<EMPTY_MAP>
2019-07-13 22:39:16,968 INFO  server.RaftServerConfigKeys (ConfUtils.java:logGet(43)) - raft.server.storage.dir = [/tmp/workdir/hadoop-ozone/integration-test/target/test-dir/MiniOzoneClusterImpl-ae05db68-18ba-4bf1-995b-9a16c5287bb4/datanode-6/data/ratis] (custom)
2019-07-13 22:39:16,968 INFO  storage.RaftStorageDirectory (RaftStorageDirectory.java:analyzeStorage(246)) - The storage directory /tmp/workdir/hadoop-ozone/integration-test/target/test-dir/MiniOzoneClusterImpl-ae05db68-18ba-4bf1-995b-9a16c5287bb4/datanode-6/data/ratis/9ca61dec-a1a7-4419-8515-bc8913b4db33 does not exist. Creating ...
2019-07-13 22:39:16,980 INFO  storage.RaftStorageDirectory (RaftStorageDirectory.java:tryLock(328)) - Lock on /tmp/workdir/hadoop-ozone/integration-test/target/test-dir/MiniOzoneClusterImpl-ae05db68-18ba-4bf1-995b-9a16c5287bb4/datanode-6/data/ratis/9ca61dec-a1a7-4419-8515-bc8913b4db33/in_use.lock acquired by nodename 19245@trunk-nightly-x8m8d-1534914823
2019-07-13 22:39:16,992 INFO  storage.RaftStorage (RaftStorage.java:format(72)) - Storage directory /tmp/workdir/hadoop-ozone/integration-test/target/test-dir/MiniOzoneClusterImpl-ae05db68-18ba-4bf1-995b-9a16c5287bb4/datanode-6/data/ratis/9ca61dec-a1a7-4419-8515-bc8913b4db33 has been successfully formatted.
2019-07-13 22:39:16,992 INFO  ratis.ContainerStateMachine (ContainerStateMachine.java:loadSnapshot(200)) - The snapshot info is null.Setting the last applied index to:(t:0, i:~)
2019-07-13 22:39:16,992 INFO  server.RaftServerConfigKeys (ConfUtils.java:logGet(43)) - raft.server.leader.election.timeout = 120s (custom)
2019-07-13 22:39:16,992 INFO  server.RaftServerConfigKeys (ConfUtils.java:logGet(43)) - raft.server.log.use.memory = false (default)
2019-07-13 22:39:16,992 INFO  server.RaftServerConfigKeys (ConfUtils.java:logGet(43)) - raft.server.log.purge.gap = 1000000000 (custom)
2019-07-13 22:39:16,993 INFO  server.RaftServerConfigKeys (ConfUtils.java:logGet(43)) - raft.server.log.appender.buffer.byte-limit = 33554432 (custom)
2019-07-13 22:39:16,993 INFO  server.RaftServerConfigKeys (ConfUtils.java:logGet(43)) - raft.server.log.segment.size.max = 1048576 (custom)
2019-07-13 22:39:16,993 INFO  server.RaftServerConfigKeys (ConfUtils.java:logGet(43)) - raft.server.log.segment.cache.num.max = 2 (custom)
2019-07-13 22:39:16,993 INFO  segmented.SegmentedRaftLogWorker (SegmentedRaftLogWorker.java:<init>(172)) - new bd4ee36a-163f-41b3-9835-398a73d63a00-SegmentedRaftLogWorker:Storage Directory /tmp/workdir/hadoop-ozone/integration-test/target/test-dir/MiniOzoneClusterImpl-ae05db68-18ba-4bf1-995b-9a16c5287bb4/datanode-6/data/ratis/9ca61dec-a1a7-4419-8515-bc8913b4db33 for RaftStorage:Storage Directory /tmp/workdir/hadoop-ozone/integration-test/target/test-dir/MiniOzoneClusterImpl-ae05db68-18ba-4bf1-995b-9a16c5287bb4/datanode-6/data/ratis/9ca61dec-a1a7-4419-8515-bc8913b4db33
2019-07-13 22:39:16,993 INFO  server.RaftServerConfigKeys (ConfUtils.java:logGet(43)) - raft.server.log.queue.byte-limit = 2147483647 (custom)
2019-07-13 22:39:16,994 INFO  server.RaftServerConfigKeys (ConfUtils.java:logGet(43)) - raft.server.log.queue.element-limit = 1024 (custom)
2019-07-13 22:39:16,994 INFO  server.RaftServerConfigKeys (ConfUtils.java:logGet(43)) - raft.server.log.segment.size.max = 1048576 (custom)
2019-07-13 22:39:16,994 INFO  server.RaftServerConfigKeys (ConfUtils.java:logGet(43)) - raft.server.log.preallocated.size = 16384 (custom)
2019-07-13 22:39:16,994 INFO  server.RaftServerConfigKeys (ConfUtils.java:logGet(43)) - raft.server.log.write.buffer.size = 33554432 (custom)
2019-07-13 22:39:16,994 INFO  server.RaftServerConfigKeys (ConfUtils.java:logGet(43)) - raft.server.log.force.sync.num = 128 (default)
2019-07-13 22:39:16,995 INFO  server.RaftServerConfigKeys (ConfUtils.java:logGet(43)) - raft.server.log.statemachine.data.sync = true (default)
2019-07-13 22:39:16,995 INFO  server.RaftServerConfigKeys (ConfUtils.java:logGet(43)) - raft.server.log.statemachine.data.sync.timeout = 10s (default)
2019-07-13 22:39:16,995 INFO  server.RaftServerConfigKeys (ConfUtils.java:logGet(43)) - raft.server.log.statemachine.data.sync.timeout.retry = -1 (default)
2019-07-13 22:39:16,995 INFO  server.RaftServerConfigKeys (ConfUtils.java:logGet(43)) - raft.server.log.statemachine.data.caching.enabled = true (custom)
2019-07-13 22:39:16,996 INFO  segmented.SegmentedRaftLogWorker (SegmentedRaftLogWorker.java:lambda$new$0(132)) - bd4ee36a-163f-41b3-9835-398a73d63a00-SegmentedRaftLogWorker:Storage Directory /tmp/workdir/hadoop-ozone/integration-test/target/test-dir/MiniOzoneClusterImpl-ae05db68-18ba-4bf1-995b-9a16c5287bb4/datanode-6/data/ratis/9ca61dec-a1a7-4419-8515-bc8913b4db33: flushIndex: setUnconditionally 0 -> -1
2019-07-13 22:39:16,996 INFO  server.RaftServerConfigKeys (ConfUtils.java:logGet(43)) - raft.server.snapshot.auto.trigger.enabled = true (custom)
2019-07-13 22:39:16,996 INFO  server.RaftServerConfigKeys (ConfUtils.java:logGet(43)) - raft.server.snapshot.auto.trigger.threshold = 10000 (custom)
2019-07-13 22:39:16,996 INFO  server.RaftServerConfigKeys (ConfUtils.java:logGet(43)) - raft.server.retrycache.expirytime = 600000ms (custom)
2019-07-13 22:39:16,997 INFO  impl.RaftServerImpl (RaftServerImpl.java:start(180)) - bd4ee36a-163f-41b3-9835-398a73d63a00: start group-BC8913B4DB33
2019-07-13 22:39:16,997 INFO  impl.RaftServerImpl (RaftServerImpl.java:setRole(171)) - bd4ee36a-163f-41b3-9835-398a73d63a00:group-BC8913B4DB33 changes role from null to FOLLOWER at term 0 for startAsFollower
2019-07-13 22:39:16,997 INFO  impl.RoleInfo (RoleInfo.java:updateAndGet(143)) - bd4ee36a-163f-41b3-9835-398a73d63a00: start FollowerState
2019-07-13 22:39:16,997 INFO  util.JmxRegister (JmxRegister.java:tryRegister(44)) - Successfully registered JMX Bean with object name Ratis:service=RaftServer,group=group-BC8913B4DB33,id=bd4ee36a-163f-41b3-9835-398a73d63a00
2019-07-13 22:39:17,000 INFO  pipeline.PipelineStateManager (PipelineStateManager.java:addPipeline(56)) - Created pipeline Pipeline[ Id: 9ca61dec-a1a7-4419-8515-bc8913b4db33, Nodes: bd4ee36a-163f-41b3-9835-398a73d63a00{ip: 192.168.5.159, host: trunk-nightly-x8m8d-1534914823, networkLocation: /default-rack, certSerialId: null}, Type:RATIS, Factor:ONE, State:OPEN]
2019-07-13 22:39:17,954 INFO  ozone.MiniOzoneClusterImpl (MiniOzoneClusterImpl.java:lambda$waitForClusterToBeReady$0(142)) - Cluster is ready. Got 7 of 7 DN Heartbeats.
2019-07-13 22:39:18,013 INFO  rpc.RpcClient (RpcClient.java:createVolume(287)) - Creating Volume: watchforcommithandlingtest, with jenkins1000 as owner.
2019-07-13 22:39:18,031 INFO  rpc.RpcClient (RpcClient.java:createBucket(424)) - Creating Bucket: watchforcommithandlingtest/watchforcommithandlingtest, with Versioning false and Storage Type set to DISK and Encryption set to false 
2019-07-13 22:39:18,036 INFO  ozone.MiniOzoneClusterImpl (MiniOzoneClusterImpl.java:getStorageContainerLocationClient(241)) - Creating StorageContainerLocationProtocol RPC client with address /0.0.0.0:35217
2019-07-13 22:39:18,064 INFO  client.GrpcClientProtocolClient (GrpcClientProtocolClient.java:onNext(255)) - client-C104B929EE11->4bda7ba0-4524-4538-88f4-90e4b8f4e191: receive RaftClientReply:client-C104B929EE11->4bda7ba0-4524-4538-88f4-90e4b8f4e191@group-1E65B0DE3A35, cid=103, FAILED org.apache.ratis.protocol.NotLeaderException: Server 4bda7ba0-4524-4538-88f4-90e4b8f4e191 is not the leader (null). Request must be sent to leader., logIndex=0, commits[4bda7ba0-4524-4538-88f4-90e4b8f4e191:c-1]
2019-07-13 22:39:18,822 INFO  container.ReplicationManager (ReplicationManager.java:start(155)) - Starting Replication Monitor Thread.
2019-07-13 22:39:18,829 INFO  container.ReplicationManager (ReplicationManager.java:run(207)) - Replication Monitor Thread took 0 milliseconds for processing 1 containers.
2019-07-13 22:39:19,090 INFO  client.GrpcClientProtocolClient (GrpcClientProtocolClient.java:onNext(255)) - client-C104B929EE11->4db0d2ab-2bf5-4a6b-8979-1cbb97645a4e: receive RaftClientReply:client-C104B929EE11->4db0d2ab-2bf5-4a6b-8979-1cbb97645a4e@group-1E65B0DE3A35, cid=103, FAILED org.apache.ratis.protocol.NotLeaderException: Server 4db0d2ab-2bf5-4a6b-8979-1cbb97645a4e is not the leader (null). Request must be sent to leader., logIndex=0, commits[4db0d2ab-2bf5-4a6b-8979-1cbb97645a4e:c-1]
2019-07-13 22:39:20,020 INFO  impl.FollowerState (FollowerState.java:run(106)) - 931aa43a-3005-4ae9-bd51-950a6ab0f1a0:group-4C38967AC463 changes to CANDIDATE, lastRpcTime:5067, electionTimeout:5067ms
2019-07-13 22:39:20,020 INFO  impl.RoleInfo (RoleInfo.java:shutdownFollowerState(121)) - 931aa43a-3005-4ae9-bd51-950a6ab0f1a0: shutdown FollowerState
2019-07-13 22:39:20,021 INFO  impl.RaftServerImpl (RaftServerImpl.java:setRole(171)) - 931aa43a-3005-4ae9-bd51-950a6ab0f1a0:group-4C38967AC463 changes role from FOLLOWER to CANDIDATE at term 29 for changeToCandidate
2019-07-13 22:39:20,021 INFO  impl.RoleInfo (RoleInfo.java:updateAndGet(143)) - 931aa43a-3005-4ae9-bd51-950a6ab0f1a0: start LeaderElection
2019-07-13 22:39:20,045 INFO  impl.LeaderElection (LeaderElection.java:askForVotes(181)) - 931aa43a-3005-4ae9-bd51-950a6ab0f1a0:group-4C38967AC463:LeaderElection86: begin an election at term 30 for 0: [931aa43a-3005-4ae9-bd51-950a6ab0f1a0:192.168.5.159:40307, bf9e593e-7983-4fed-9d6c-fff1d62489b6:192.168.5.159:41407, 7c51e767-727f-44cf-ac53-49a5938351e1:192.168.5.159:36546], old=null
2019-07-13 22:39:20,046 INFO  pipeline.PipelineActionHandler (PipelineActionHandler.java:onMessage(60)) - Received pipeline action CLOSE for Pipeline[ Id: 91d49eb2-c5d8-4ffe-8166-4c38967ac463, Nodes: bf9e593e-7983-4fed-9d6c-fff1d62489b6{ip: 192.168.5.159, host: trunk-nightly-x8m8d-1534914823, networkLocation: /default-rack, certSerialId: null}7c51e767-727f-44cf-ac53-49a5938351e1{ip: 192.168.5.159, host: trunk-nightly-x8m8d-1534914823, networkLocation: /default-rack, certSerialId: null}931aa43a-3005-4ae9-bd51-950a6ab0f1a0{ip: 192.168.5.159, host: trunk-nightly-x8m8d-1534914823, networkLocation: /default-rack, certSerialId: null}, Type:RATIS, Factor:THREE, State:CLOSED] from datanode [}
2019-07-13 22:39:20,046 INFO  pipeline.SCMPipelineManager (SCMPipelineManager.java:finalizeAndDestroyPipeline(309)) - destroying pipeline:Pipeline[ Id: 91d49eb2-c5d8-4ffe-8166-4c38967ac463, Nodes: bf9e593e-7983-4fed-9d6c-fff1d62489b6{ip: 192.168.5.159, host: trunk-nightly-x8m8d-1534914823, networkLocation: /default-rack, certSerialId: null}7c51e767-727f-44cf-ac53-49a5938351e1{ip: 192.168.5.159, host: trunk-nightly-x8m8d-1534914823, networkLocation: /default-rack, certSerialId: null}931aa43a-3005-4ae9-bd51-950a6ab0f1a0{ip: 192.168.5.159, host: trunk-nightly-x8m8d-1534914823, networkLocation: /default-rack, certSerialId: null}, Type:RATIS, Factor:THREE, State:CLOSED]
2019-07-13 22:39:20,047 INFO  impl.LeaderElection (LogUtils.java:infoOrTrace(149)) - 931aa43a-3005-4ae9-bd51-950a6ab0f1a0:group-4C38967AC463:LeaderElection86 got exception when requesting votes: {}
java.util.concurrent.ExecutionException: org.apache.ratis.thirdparty.io.grpc.StatusRuntimeException: UNAVAILABLE: io exception
	at java.util.concurrent.FutureTask.report(FutureTask.java:122)
	at java.util.concurrent.FutureTask.get(FutureTask.java:192)
	at org.apache.ratis.server.impl.LeaderElection.waitForResults(LeaderElection.java:262)
	at org.apache.ratis.server.impl.LeaderElection.askForVotes(LeaderElection.java:200)
	at org.apache.ratis.server.impl.LeaderElection.run(LeaderElection.java:130)
	at java.lang.Thread.run(Thread.java:748)
Caused by: org.apache.ratis.thirdparty.io.grpc.StatusRuntimeException: UNAVAILABLE: io exception
	at org.apache.ratis.thirdparty.io.grpc.stub.ClientCalls.toStatusRuntimeException(ClientCalls.java:233)
	at org.apache.ratis.thirdparty.io.grpc.stub.ClientCalls.getUnchecked(ClientCalls.java:214)
	at org.apache.ratis.thirdparty.io.grpc.stub.ClientCalls.blockingUnaryCall(ClientCalls.java:139)
	at org.apache.ratis.proto.grpc.RaftServerProtocolServiceGrpc$RaftServerProtocolServiceBlockingStub.requestVote(RaftServerProtocolServiceGrpc.java:265)
	at org.apache.ratis.grpc.server.GrpcServerProtocolClient.requestVote(GrpcServerProtocolClient.java:83)
	at org.apache.ratis.grpc.server.GrpcService.requestVote(GrpcService.java:195)
	at org.apache.ratis.server.impl.LeaderElection.lambda$submitRequests$1(LeaderElection.java:237)
	at java.util.concurrent.FutureTask.run(FutureTask.java:266)
	at java.util.concurrent.Executors$RunnableAdapter.call(Executors.java:511)
	at java.util.concurrent.FutureTask.run(FutureTask.java:266)
	at java.util.concurrent.ThreadPoolExecutor.runWorker(ThreadPoolExecutor.java:1149)
	at java.util.concurrent.ThreadPoolExecutor$Worker.run(ThreadPoolExecutor.java:624)
	... 1 more
Caused by: org.apache.ratis.thirdparty.io.netty.channel.AbstractChannel$AnnotatedConnectException: Connection refused: /192.168.5.159:41407
	at sun.nio.ch.SocketChannelImpl.checkConnect(Native Method)
	at sun.nio.ch.SocketChannelImpl.finishConnect(SocketChannelImpl.java:717)
	at org.apache.ratis.thirdparty.io.netty.channel.socket.nio.NioSocketChannel.doFinishConnect(NioSocketChannel.java:327)
	at org.apache.ratis.thirdparty.io.netty.channel.nio.AbstractNioChannel$AbstractNioUnsafe.finishConnect(AbstractNioChannel.java:340)
	at org.apache.ratis.thirdparty.io.netty.channel.nio.NioEventLoop.processSelectedKey(NioEventLoop.java:632)
	at org.apache.ratis.thirdparty.io.netty.channel.nio.NioEventLoop.processSelectedKeysOptimized(NioEventLoop.java:579)
	at org.apache.ratis.thirdparty.io.netty.channel.nio.NioEventLoop.processSelectedKeys(NioEventLoop.java:496)
	at org.apache.ratis.thirdparty.io.netty.channel.nio.NioEventLoop.run(NioEventLoop.java:458)
	at org.apache.ratis.thirdparty.io.netty.util.concurrent.SingleThreadEventExecutor$5.run(SingleThreadEventExecutor.java:897)
	at org.apache.ratis.thirdparty.io.netty.util.concurrent.FastThreadLocalRunnable.run(FastThreadLocalRunnable.java:30)
	... 1 more
Caused by: java.net.ConnectException: Connection refused
	... 11 more
2019-07-13 22:39:20,054 INFO  impl.LeaderElection (LogUtils.java:infoOrTrace(149)) - 931aa43a-3005-4ae9-bd51-950a6ab0f1a0:group-4C38967AC463:LeaderElection86 got exception when requesting votes: {}
java.util.concurrent.ExecutionException: org.apache.ratis.thirdparty.io.grpc.StatusRuntimeException: UNAVAILABLE: io exception
	at java.util.concurrent.FutureTask.report(FutureTask.java:122)
	at java.util.concurrent.FutureTask.get(FutureTask.java:192)
	at org.apache.ratis.server.impl.LeaderElection.waitForResults(LeaderElection.java:262)
	at org.apache.ratis.server.impl.LeaderElection.askForVotes(LeaderElection.java:200)
	at org.apache.ratis.server.impl.LeaderElection.run(LeaderElection.java:130)
	at java.lang.Thread.run(Thread.java:748)
Caused by: org.apache.ratis.thirdparty.io.grpc.StatusRuntimeException: UNAVAILABLE: io exception
	at org.apache.ratis.thirdparty.io.grpc.stub.ClientCalls.toStatusRuntimeException(ClientCalls.java:233)
	at org.apache.ratis.thirdparty.io.grpc.stub.ClientCalls.getUnchecked(ClientCalls.java:214)
	at org.apache.ratis.thirdparty.io.grpc.stub.ClientCalls.blockingUnaryCall(ClientCalls.java:139)
	at org.apache.ratis.proto.grpc.RaftServerProtocolServiceGrpc$RaftServerProtocolServiceBlockingStub.requestVote(RaftServerProtocolServiceGrpc.java:265)
	at org.apache.ratis.grpc.server.GrpcServerProtocolClient.requestVote(GrpcServerProtocolClient.java:83)
	at org.apache.ratis.grpc.server.GrpcService.requestVote(GrpcService.java:195)
	at org.apache.ratis.server.impl.LeaderElection.lambda$submitRequests$1(LeaderElection.java:237)
	at java.util.concurrent.FutureTask.run(FutureTask.java:266)
	at java.util.concurrent.Executors$RunnableAdapter.call(Executors.java:511)
	at java.util.concurrent.FutureTask.run(FutureTask.java:266)
	at java.util.concurrent.ThreadPoolExecutor.runWorker(ThreadPoolExecutor.java:1149)
	at java.util.concurrent.ThreadPoolExecutor$Worker.run(ThreadPoolExecutor.java:624)
	... 1 more
Caused by: org.apache.ratis.thirdparty.io.netty.channel.AbstractChannel$AnnotatedConnectException: Connection refused: /192.168.5.159:36546
	at sun.nio.ch.SocketChannelImpl.checkConnect(Native Method)
	at sun.nio.ch.SocketChannelImpl.finishConnect(SocketChannelImpl.java:717)
	at org.apache.ratis.thirdparty.io.netty.channel.socket.nio.NioSocketChannel.doFinishConnect(NioSocketChannel.java:327)
	at org.apache.ratis.thirdparty.io.netty.channel.nio.AbstractNioChannel$AbstractNioUnsafe.finishConnect(AbstractNioChannel.java:340)
	at org.apache.ratis.thirdparty.io.netty.channel.nio.NioEventLoop.processSelectedKey(NioEventLoop.java:632)
	at org.apache.ratis.thirdparty.io.netty.channel.nio.NioEventLoop.processSelectedKeysOptimized(NioEventLoop.java:579)
	at org.apache.ratis.thirdparty.io.netty.channel.nio.NioEventLoop.processSelectedKeys(NioEventLoop.java:496)
	at org.apache.ratis.thirdparty.io.netty.channel.nio.NioEventLoop.run(NioEventLoop.java:458)
	at org.apache.ratis.thirdparty.io.netty.util.concurrent.SingleThreadEventExecutor$5.run(SingleThreadEventExecutor.java:897)
	at org.apache.ratis.thirdparty.io.netty.util.concurrent.FastThreadLocalRunnable.run(FastThreadLocalRunnable.java:30)
	... 1 more
Caused by: java.net.ConnectException: Connection refused
	... 11 more
2019-07-13 22:39:20,058 INFO  impl.LeaderElection (LeaderElection.java:logAndReturn(56)) - 931aa43a-3005-4ae9-bd51-950a6ab0f1a0:group-4C38967AC463:LeaderElection86: Election REJECTED; received 0 response(s) [] and 2 exception(s); 931aa43a-3005-4ae9-bd51-950a6ab0f1a0:t30, leader=null, voted=931aa43a-3005-4ae9-bd51-950a6ab0f1a0, raftlog=931aa43a-3005-4ae9-bd51-950a6ab0f1a0-SegmentedRaftLog:OPENED:c16,f16,i16, conf=0: [931aa43a-3005-4ae9-bd51-950a6ab0f1a0:192.168.5.159:40307, bf9e593e-7983-4fed-9d6c-fff1d62489b6:192.168.5.159:41407, 7c51e767-727f-44cf-ac53-49a5938351e1:192.168.5.159:36546], old=null
2019-07-13 22:39:20,058 INFO  impl.LeaderElection (LogUtils.java:infoOrTrace(149)) -   Exception 0: {}
java.util.concurrent.ExecutionException: org.apache.ratis.thirdparty.io.grpc.StatusRuntimeException: UNAVAILABLE: io exception
	at java.util.concurrent.FutureTask.report(FutureTask.java:122)
	at java.util.concurrent.FutureTask.get(FutureTask.java:192)
	at org.apache.ratis.server.impl.LeaderElection.waitForResults(LeaderElection.java:262)
	at org.apache.ratis.server.impl.LeaderElection.askForVotes(LeaderElection.java:200)
	at org.apache.ratis.server.impl.LeaderElection.run(LeaderElection.java:130)
	at java.lang.Thread.run(Thread.java:748)
Caused by: org.apache.ratis.thirdparty.io.grpc.StatusRuntimeException: UNAVAILABLE: io exception
	at org.apache.ratis.thirdparty.io.grpc.stub.ClientCalls.toStatusRuntimeException(ClientCalls.java:233)
	at org.apache.ratis.thirdparty.io.grpc.stub.ClientCalls.getUnchecked(ClientCalls.java:214)
	at org.apache.ratis.thirdparty.io.grpc.stub.ClientCalls.blockingUnaryCall(ClientCalls.java:139)
	at org.apache.ratis.proto.grpc.RaftServerProtocolServiceGrpc$RaftServerProtocolServiceBlockingStub.requestVote(RaftServerProtocolServiceGrpc.java:265)
	at org.apache.ratis.grpc.server.GrpcServerProtocolClient.requestVote(GrpcServerProtocolClient.java:83)
	at org.apache.ratis.grpc.server.GrpcService.requestVote(GrpcService.java:195)
	at org.apache.ratis.server.impl.LeaderElection.lambda$submitRequests$1(LeaderElection.java:237)
	at java.util.concurrent.FutureTask.run(FutureTask.java:266)
	at java.util.concurrent.Executors$RunnableAdapter.call(Executors.java:511)
	at java.util.concurrent.FutureTask.run(FutureTask.java:266)
	at java.util.concurrent.ThreadPoolExecutor.runWorker(ThreadPoolExecutor.java:1149)
	at java.util.concurrent.ThreadPoolExecutor$Worker.run(ThreadPoolExecutor.java:624)
	... 1 more
Caused by: org.apache.ratis.thirdparty.io.netty.channel.AbstractChannel$AnnotatedConnectException: Connection refused: /192.168.5.159:41407
	at sun.nio.ch.SocketChannelImpl.checkConnect(Native Method)
	at sun.nio.ch.SocketChannelImpl.finishConnect(SocketChannelImpl.java:717)
	at org.apache.ratis.thirdparty.io.netty.channel.socket.nio.NioSocketChannel.doFinishConnect(NioSocketChannel.java:327)
	at org.apache.ratis.thirdparty.io.netty.channel.nio.AbstractNioChannel$AbstractNioUnsafe.finishConnect(AbstractNioChannel.java:340)
	at org.apache.ratis.thirdparty.io.netty.channel.nio.NioEventLoop.processSelectedKey(NioEventLoop.java:632)
	at org.apache.ratis.thirdparty.io.netty.channel.nio.NioEventLoop.processSelectedKeysOptimized(NioEventLoop.java:579)
	at org.apache.ratis.thirdparty.io.netty.channel.nio.NioEventLoop.processSelectedKeys(NioEventLoop.java:496)
	at org.apache.ratis.thirdparty.io.netty.channel.nio.NioEventLoop.run(NioEventLoop.java:458)
	at org.apache.ratis.thirdparty.io.netty.util.concurrent.SingleThreadEventExecutor$5.run(SingleThreadEventExecutor.java:897)
	at org.apache.ratis.thirdparty.io.netty.util.concurrent.FastThreadLocalRunnable.run(FastThreadLocalRunnable.java:30)
	... 1 more
Caused by: java.net.ConnectException: Connection refused
	... 11 more
2019-07-13 22:39:20,059 INFO  impl.LeaderElection (LogUtils.java:infoOrTrace(149)) -   Exception 1: {}
java.util.concurrent.ExecutionException: org.apache.ratis.thirdparty.io.grpc.StatusRuntimeException: UNAVAILABLE: io exception
	at java.util.concurrent.FutureTask.report(FutureTask.java:122)
	at java.util.concurrent.FutureTask.get(FutureTask.java:192)
	at org.apache.ratis.server.impl.LeaderElection.waitForResults(LeaderElection.java:262)
	at org.apache.ratis.server.impl.LeaderElection.askForVotes(LeaderElection.java:200)
	at org.apache.ratis.server.impl.LeaderElection.run(LeaderElection.java:130)
	at java.lang.Thread.run(Thread.java:748)
Caused by: org.apache.ratis.thirdparty.io.grpc.StatusRuntimeException: UNAVAILABLE: io exception
	at org.apache.ratis.thirdparty.io.grpc.stub.ClientCalls.toStatusRuntimeException(ClientCalls.java:233)
	at org.apache.ratis.thirdparty.io.grpc.stub.ClientCalls.getUnchecked(ClientCalls.java:214)
	at org.apache.ratis.thirdparty.io.grpc.stub.ClientCalls.blockingUnaryCall(ClientCalls.java:139)
	at org.apache.ratis.proto.grpc.RaftServerProtocolServiceGrpc$RaftServerProtocolServiceBlockingStub.requestVote(RaftServerProtocolServiceGrpc.java:265)
	at org.apache.ratis.grpc.server.GrpcServerProtocolClient.requestVote(GrpcServerProtocolClient.java:83)
	at org.apache.ratis.grpc.server.GrpcService.requestVote(GrpcService.java:195)
	at org.apache.ratis.server.impl.LeaderElection.lambda$submitRequests$1(LeaderElection.java:237)
	at java.util.concurrent.FutureTask.run(FutureTask.java:266)
	at java.util.concurrent.Executors$RunnableAdapter.call(Executors.java:511)
	at java.util.concurrent.FutureTask.run(FutureTask.java:266)
	at java.util.concurrent.ThreadPoolExecutor.runWorker(ThreadPoolExecutor.java:1149)
	at java.util.concurrent.ThreadPoolExecutor$Worker.run(ThreadPoolExecutor.java:624)
	... 1 more
Caused by: org.apache.ratis.thirdparty.io.netty.channel.AbstractChannel$AnnotatedConnectException: Connection refused: /192.168.5.159:36546
	at sun.nio.ch.SocketChannelImpl.checkConnect(Native Method)
	at sun.nio.ch.SocketChannelImpl.finishConnect(SocketChannelImpl.java:717)
	at org.apache.ratis.thirdparty.io.netty.channel.socket.nio.NioSocketChannel.doFinishConnect(NioSocketChannel.java:327)
	at org.apache.ratis.thirdparty.io.netty.channel.nio.AbstractNioChannel$AbstractNioUnsafe.finishConnect(AbstractNioChannel.java:340)
	at org.apache.ratis.thirdparty.io.netty.channel.nio.NioEventLoop.processSelectedKey(NioEventLoop.java:632)
	at org.apache.ratis.thirdparty.io.netty.channel.nio.NioEventLoop.processSelectedKeysOptimized(NioEventLoop.java:579)
	at org.apache.ratis.thirdparty.io.netty.channel.nio.NioEventLoop.processSelectedKeys(NioEventLoop.java:496)
	at org.apache.ratis.thirdparty.io.netty.channel.nio.NioEventLoop.run(NioEventLoop.java:458)
	at org.apache.ratis.thirdparty.io.netty.util.concurrent.SingleThreadEventExecutor$5.run(SingleThreadEventExecutor.java:897)
	at org.apache.ratis.thirdparty.io.netty.util.concurrent.FastThreadLocalRunnable.run(FastThreadLocalRunnable.java:30)
	... 1 more
Caused by: java.net.ConnectException: Connection refused
	... 11 more
2019-07-13 22:39:20,059 INFO  impl.RaftServerImpl (RaftServerImpl.java:setRole(171)) - 931aa43a-3005-4ae9-bd51-950a6ab0f1a0:group-4C38967AC463 changes role from CANDIDATE to FOLLOWER at term 30 for DISCOVERED_A_NEW_TERM
2019-07-13 22:39:20,059 INFO  impl.RoleInfo (RoleInfo.java:shutdownLeaderElection(134)) - 931aa43a-3005-4ae9-bd51-950a6ab0f1a0: shutdown LeaderElection
2019-07-13 22:39:20,059 INFO  impl.RoleInfo (RoleInfo.java:updateAndGet(143)) - 931aa43a-3005-4ae9-bd51-950a6ab0f1a0: start FollowerState
2019-07-13 22:39:20,110 INFO  client.GrpcClientProtocolClient (GrpcClientProtocolClient.java:onNext(255)) - client-C104B929EE11->4bda7ba0-4524-4538-88f4-90e4b8f4e191: receive RaftClientReply:client-C104B929EE11->4bda7ba0-4524-4538-88f4-90e4b8f4e191@group-1E65B0DE3A35, cid=103, FAILED org.apache.ratis.protocol.NotLeaderException: Server 4bda7ba0-4524-4538-88f4-90e4b8f4e191 is not the leader (null). Request must be sent to leader., logIndex=0, commits[4bda7ba0-4524-4538-88f4-90e4b8f4e191:c-1]
2019-07-13 22:39:20,909 INFO  impl.FollowerState (FollowerState.java:run(106)) - 4bda7ba0-4524-4538-88f4-90e4b8f4e191:group-7D96FAA538D7 changes to CANDIDATE, lastRpcTime:5053, electionTimeout:5053ms
2019-07-13 22:39:20,910 INFO  impl.RoleInfo (RoleInfo.java:shutdownFollowerState(121)) - 4bda7ba0-4524-4538-88f4-90e4b8f4e191: shutdown FollowerState
2019-07-13 22:39:20,910 INFO  impl.RaftServerImpl (RaftServerImpl.java:setRole(171)) - 4bda7ba0-4524-4538-88f4-90e4b8f4e191:group-7D96FAA538D7 changes role from FOLLOWER to CANDIDATE at term 0 for changeToCandidate
2019-07-13 22:39:20,910 INFO  impl.RoleInfo (RoleInfo.java:updateAndGet(143)) - 4bda7ba0-4524-4538-88f4-90e4b8f4e191: start LeaderElection
2019-07-13 22:39:20,937 INFO  impl.LeaderElection (LeaderElection.java:askForVotes(181)) - 4bda7ba0-4524-4538-88f4-90e4b8f4e191:group-7D96FAA538D7:LeaderElection87: begin an election at term 1 for -1: [4bda7ba0-4524-4538-88f4-90e4b8f4e191:192.168.5.159:37681], old=null
2019-07-13 22:39:20,938 INFO  impl.RoleInfo (RoleInfo.java:shutdownLeaderElection(134)) - 4bda7ba0-4524-4538-88f4-90e4b8f4e191: shutdown LeaderElection
2019-07-13 22:39:20,938 INFO  impl.RaftServerImpl (RaftServerImpl.java:setRole(171)) - 4bda7ba0-4524-4538-88f4-90e4b8f4e191:group-7D96FAA538D7 changes role from CANDIDATE to LEADER at term 1 for changeToLeader
2019-07-13 22:39:20,938 INFO  impl.RaftServerImpl (ServerState.java:setLeader(263)) - 4bda7ba0-4524-4538-88f4-90e4b8f4e191:group-7D96FAA538D7 change Leader from null to 4bda7ba0-4524-4538-88f4-90e4b8f4e191 at term 1 for becomeLeader, leader elected after 5086ms
2019-07-13 22:39:20,938 INFO  server.RaftServerConfigKeys (ConfUtils.java:logGet(43)) - raft.server.staging.catchup.gap = 1000 (default)
2019-07-13 22:39:20,938 INFO  server.RaftServerConfigKeys (ConfUtils.java:logGet(43)) - raft.server.rpc.sleep.time = 25ms (default)
2019-07-13 22:39:20,938 INFO  server.RaftServerConfigKeys (ConfUtils.java:logGet(43)) - raft.server.write.element-limit = 4096 (default)
2019-07-13 22:39:20,939 INFO  server.RaftServerConfigKeys (ConfUtils.java:logGet(43)) - raft.server.watch.timeout = 10s (default)
2019-07-13 22:39:20,939 INFO  server.RaftServerConfigKeys (ConfUtils.java:logGet(43)) - raft.server.watch.timeout.denomination = 1s (default)
2019-07-13 22:39:20,939 INFO  server.RaftServerConfigKeys (ConfUtils.java:logGet(43)) - raft.server.watch.element-limit = 65536 (default)
2019-07-13 22:39:20,939 INFO  impl.RoleInfo (RoleInfo.java:updateAndGet(143)) - 4bda7ba0-4524-4538-88f4-90e4b8f4e191: start LeaderState
2019-07-13 22:39:20,939 INFO  segmented.SegmentedRaftLogWorker (SegmentedRaftLogWorker.java:startLogSegment(380)) - 4bda7ba0-4524-4538-88f4-90e4b8f4e191-SegmentedRaftLogWorker:Storage Directory /tmp/workdir/hadoop-ozone/integration-test/target/test-dir/MiniOzoneClusterImpl-ae05db68-18ba-4bf1-995b-9a16c5287bb4/datanode-0/data/ratis/92949665-3968-4415-b5a3-7d96faa538d7: Starting segment from index:0
2019-07-13 22:39:20,940 INFO  impl.RaftServerImpl (ServerState.java:setRaftConf(361)) - 4bda7ba0-4524-4538-88f4-90e4b8f4e191:group-7D96FAA538D7 set configuration 0: [4bda7ba0-4524-4538-88f4-90e4b8f4e191:192.168.5.159:37681], old=null at 0
2019-07-13 22:39:20,970 INFO  segmented.SegmentedRaftLogWorker (SegmentedRaftLogWorker.java:execute(569)) - 4bda7ba0-4524-4538-88f4-90e4b8f4e191-SegmentedRaftLogWorker:Storage Directory /tmp/workdir/hadoop-ozone/integration-test/target/test-dir/MiniOzoneClusterImpl-ae05db68-18ba-4bf1-995b-9a16c5287bb4/datanode-0/data/ratis/92949665-3968-4415-b5a3-7d96faa538d7: created new log segment /tmp/workdir/hadoop-ozone/integration-test/target/test-dir/MiniOzoneClusterImpl-ae05db68-18ba-4bf1-995b-9a16c5287bb4/datanode-0/data/ratis/92949665-3968-4415-b5a3-7d96faa538d7/current/log_inprogress_0
2019-07-13 22:39:21,131 INFO  client.GrpcClientProtocolClient (GrpcClientProtocolClient.java:onNext(255)) - client-C104B929EE11->4db0d2ab-2bf5-4a6b-8979-1cbb97645a4e: receive RaftClientReply:client-C104B929EE11->4db0d2ab-2bf5-4a6b-8979-1cbb97645a4e@group-1E65B0DE3A35, cid=103, FAILED org.apache.ratis.protocol.NotLeaderException: Server 4db0d2ab-2bf5-4a6b-8979-1cbb97645a4e is not the leader (null). Request must be sent to leader., logIndex=0, commits[4db0d2ab-2bf5-4a6b-8979-1cbb97645a4e:c-1]
2019-07-13 22:39:21,131 INFO  impl.FollowerState (FollowerState.java:run(106)) - 49bd2d0c-aff6-4308-aa5c-2cebe2048af3:group-3F1752EF8C0E changes to CANDIDATE, lastRpcTime:5058, electionTimeout:5058ms
2019-07-13 22:39:21,139 INFO  impl.RoleInfo (RoleInfo.java:shutdownFollowerState(121)) - 49bd2d0c-aff6-4308-aa5c-2cebe2048af3: shutdown FollowerState
2019-07-13 22:39:21,139 INFO  impl.RaftServerImpl (RaftServerImpl.java:setRole(171)) - 49bd2d0c-aff6-4308-aa5c-2cebe2048af3:group-3F1752EF8C0E changes role from FOLLOWER to CANDIDATE at term 0 for changeToCandidate
2019-07-13 22:39:21,139 INFO  impl.RoleInfo (RoleInfo.java:updateAndGet(143)) - 49bd2d0c-aff6-4308-aa5c-2cebe2048af3: start LeaderElection
2019-07-13 22:39:21,166 INFO  impl.LeaderElection (LeaderElection.java:askForVotes(181)) - 49bd2d0c-aff6-4308-aa5c-2cebe2048af3:group-3F1752EF8C0E:LeaderElection88: begin an election at term 1 for -1: [49bd2d0c-aff6-4308-aa5c-2cebe2048af3:192.168.5.159:43578], old=null
2019-07-13 22:39:21,166 INFO  impl.RoleInfo (RoleInfo.java:shutdownLeaderElection(134)) - 49bd2d0c-aff6-4308-aa5c-2cebe2048af3: shutdown LeaderElection
2019-07-13 22:39:21,166 INFO  impl.RaftServerImpl (RaftServerImpl.java:setRole(171)) - 49bd2d0c-aff6-4308-aa5c-2cebe2048af3:group-3F1752EF8C0E changes role from CANDIDATE to LEADER at term 1 for changeToLeader
2019-07-13 22:39:21,166 INFO  impl.RaftServerImpl (ServerState.java:setLeader(263)) - 49bd2d0c-aff6-4308-aa5c-2cebe2048af3:group-3F1752EF8C0E change Leader from null to 49bd2d0c-aff6-4308-aa5c-2cebe2048af3 at term 1 for becomeLeader, leader elected after 5098ms
2019-07-13 22:39:21,166 INFO  server.RaftServerConfigKeys (ConfUtils.java:logGet(43)) - raft.server.staging.catchup.gap = 1000 (default)
2019-07-13 22:39:21,166 INFO  server.RaftServerConfigKeys (ConfUtils.java:logGet(43)) - raft.server.rpc.sleep.time = 25ms (default)
2019-07-13 22:39:21,167 INFO  server.RaftServerConfigKeys (ConfUtils.java:logGet(43)) - raft.server.write.element-limit = 4096 (default)
2019-07-13 22:39:21,167 INFO  server.RaftServerConfigKeys (ConfUtils.java:logGet(43)) - raft.server.watch.timeout = 10s (default)
2019-07-13 22:39:21,167 INFO  server.RaftServerConfigKeys (ConfUtils.java:logGet(43)) - raft.server.watch.timeout.denomination = 1s (default)
2019-07-13 22:39:21,167 INFO  server.RaftServerConfigKeys (ConfUtils.java:logGet(43)) - raft.server.watch.element-limit = 65536 (default)
2019-07-13 22:39:21,167 INFO  impl.RoleInfo (RoleInfo.java:updateAndGet(143)) - 49bd2d0c-aff6-4308-aa5c-2cebe2048af3: start LeaderState
2019-07-13 22:39:21,168 INFO  segmented.SegmentedRaftLogWorker (SegmentedRaftLogWorker.java:startLogSegment(380)) - 49bd2d0c-aff6-4308-aa5c-2cebe2048af3-SegmentedRaftLogWorker:Storage Directory /tmp/workdir/hadoop-ozone/integration-test/target/test-dir/MiniOzoneClusterImpl-ae05db68-18ba-4bf1-995b-9a16c5287bb4/datanode-1/data/ratis/33d2e95b-55a2-41fb-b677-3f1752ef8c0e: Starting segment from index:0
2019-07-13 22:39:21,168 INFO  impl.RaftServerImpl (ServerState.java:setRaftConf(361)) - 49bd2d0c-aff6-4308-aa5c-2cebe2048af3:group-3F1752EF8C0E set configuration 0: [49bd2d0c-aff6-4308-aa5c-2cebe2048af3:192.168.5.159:43578], old=null at 0
2019-07-13 22:39:21,190 INFO  segmented.SegmentedRaftLogWorker (SegmentedRaftLogWorker.java:execute(569)) - 49bd2d0c-aff6-4308-aa5c-2cebe2048af3-SegmentedRaftLogWorker:Storage Directory /tmp/workdir/hadoop-ozone/integration-test/target/test-dir/MiniOzoneClusterImpl-ae05db68-18ba-4bf1-995b-9a16c5287bb4/datanode-1/data/ratis/33d2e95b-55a2-41fb-b677-3f1752ef8c0e: created new log segment /tmp/workdir/hadoop-ozone/integration-test/target/test-dir/MiniOzoneClusterImpl-ae05db68-18ba-4bf1-995b-9a16c5287bb4/datanode-1/data/ratis/33d2e95b-55a2-41fb-b677-3f1752ef8c0e/current/log_inprogress_0
2019-07-13 22:39:21,388 INFO  impl.FollowerState (FollowerState.java:run(106)) - 4db0d2ab-2bf5-4a6b-8979-1cbb97645a4e:group-E733D8B25D8D changes to CANDIDATE, lastRpcTime:5112, electionTimeout:5112ms
2019-07-13 22:39:21,388 INFO  impl.RoleInfo (RoleInfo.java:shutdownFollowerState(121)) - 4db0d2ab-2bf5-4a6b-8979-1cbb97645a4e: shutdown FollowerState
2019-07-13 22:39:21,388 INFO  impl.RaftServerImpl (RaftServerImpl.java:setRole(171)) - 4db0d2ab-2bf5-4a6b-8979-1cbb97645a4e:group-E733D8B25D8D changes role from FOLLOWER to CANDIDATE at term 0 for changeToCandidate
2019-07-13 22:39:21,388 INFO  impl.RoleInfo (RoleInfo.java:updateAndGet(143)) - 4db0d2ab-2bf5-4a6b-8979-1cbb97645a4e: start LeaderElection
2019-07-13 22:39:21,419 INFO  impl.LeaderElection (LeaderElection.java:askForVotes(181)) - 4db0d2ab-2bf5-4a6b-8979-1cbb97645a4e:group-E733D8B25D8D:LeaderElection89: begin an election at term 1 for -1: [4db0d2ab-2bf5-4a6b-8979-1cbb97645a4e:192.168.5.159:39196], old=null
2019-07-13 22:39:21,419 INFO  impl.RoleInfo (RoleInfo.java:shutdownLeaderElection(134)) - 4db0d2ab-2bf5-4a6b-8979-1cbb97645a4e: shutdown LeaderElection
2019-07-13 22:39:21,419 INFO  impl.RaftServerImpl (RaftServerImpl.java:setRole(171)) - 4db0d2ab-2bf5-4a6b-8979-1cbb97645a4e:group-E733D8B25D8D changes role from CANDIDATE to LEADER at term 1 for changeToLeader
2019-07-13 22:39:21,419 INFO  impl.RaftServerImpl (ServerState.java:setLeader(263)) - 4db0d2ab-2bf5-4a6b-8979-1cbb97645a4e:group-E733D8B25D8D change Leader from null to 4db0d2ab-2bf5-4a6b-8979-1cbb97645a4e at term 1 for becomeLeader, leader elected after 5148ms
2019-07-13 22:39:21,419 INFO  server.RaftServerConfigKeys (ConfUtils.java:logGet(43)) - raft.server.staging.catchup.gap = 1000 (default)
2019-07-13 22:39:21,420 INFO  server.RaftServerConfigKeys (ConfUtils.java:logGet(43)) - raft.server.rpc.sleep.time = 25ms (default)
2019-07-13 22:39:21,420 INFO  server.RaftServerConfigKeys (ConfUtils.java:logGet(43)) - raft.server.write.element-limit = 4096 (default)
2019-07-13 22:39:21,420 INFO  server.RaftServerConfigKeys (ConfUtils.java:logGet(43)) - raft.server.watch.timeout = 10s (default)
2019-07-13 22:39:21,420 INFO  server.RaftServerConfigKeys (ConfUtils.java:logGet(43)) - raft.server.watch.timeout.denomination = 1s (default)
2019-07-13 22:39:21,420 INFO  server.RaftServerConfigKeys (ConfUtils.java:logGet(43)) - raft.server.watch.element-limit = 65536 (default)
2019-07-13 22:39:21,420 INFO  impl.RoleInfo (RoleInfo.java:updateAndGet(143)) - 4db0d2ab-2bf5-4a6b-8979-1cbb97645a4e: start LeaderState
2019-07-13 22:39:21,420 INFO  impl.FollowerState (FollowerState.java:run(106)) - 49bd2d0c-aff6-4308-aa5c-2cebe2048af3:group-1E65B0DE3A35 changes to CANDIDATE, lastRpcTime:5087, electionTimeout:5087ms
2019-07-13 22:39:21,421 INFO  impl.RoleInfo (RoleInfo.java:shutdownFollowerState(121)) - 49bd2d0c-aff6-4308-aa5c-2cebe2048af3: shutdown FollowerState
2019-07-13 22:39:21,421 INFO  segmented.SegmentedRaftLogWorker (SegmentedRaftLogWorker.java:startLogSegment(380)) - 4db0d2ab-2bf5-4a6b-8979-1cbb97645a4e-SegmentedRaftLogWorker:Storage Directory /tmp/workdir/hadoop-ozone/integration-test/target/test-dir/MiniOzoneClusterImpl-ae05db68-18ba-4bf1-995b-9a16c5287bb4/datanode-2/data/ratis/363222fc-3bb5-4287-abe5-e733d8b25d8d: Starting segment from index:0
2019-07-13 22:39:21,421 INFO  impl.RaftServerImpl (RaftServerImpl.java:setRole(171)) - 49bd2d0c-aff6-4308-aa5c-2cebe2048af3:group-1E65B0DE3A35 changes role from FOLLOWER to CANDIDATE at term 0 for changeToCandidate
2019-07-13 22:39:21,421 INFO  impl.RoleInfo (RoleInfo.java:updateAndGet(143)) - 49bd2d0c-aff6-4308-aa5c-2cebe2048af3: start LeaderElection
2019-07-13 22:39:21,421 INFO  impl.RaftServerImpl (ServerState.java:setRaftConf(361)) - 4db0d2ab-2bf5-4a6b-8979-1cbb97645a4e:group-E733D8B25D8D set configuration 0: [4db0d2ab-2bf5-4a6b-8979-1cbb97645a4e:192.168.5.159:39196], old=null at 0
2019-07-13 22:39:21,443 INFO  impl.FollowerState (FollowerState.java:run(106)) - 4db0d2ab-2bf5-4a6b-8979-1cbb97645a4e:group-1E65B0DE3A35 changes to CANDIDATE, lastRpcTime:5111, electionTimeout:5092ms
2019-07-13 22:39:21,443 INFO  impl.RoleInfo (RoleInfo.java:shutdownFollowerState(121)) - 4db0d2ab-2bf5-4a6b-8979-1cbb97645a4e: shutdown FollowerState
2019-07-13 22:39:21,452 INFO  segmented.SegmentedRaftLogWorker (SegmentedRaftLogWorker.java:execute(569)) - 4db0d2ab-2bf5-4a6b-8979-1cbb97645a4e-SegmentedRaftLogWorker:Storage Directory /tmp/workdir/hadoop-ozone/integration-test/target/test-dir/MiniOzoneClusterImpl-ae05db68-18ba-4bf1-995b-9a16c5287bb4/datanode-2/data/ratis/363222fc-3bb5-4287-abe5-e733d8b25d8d: created new log segment /tmp/workdir/hadoop-ozone/integration-test/target/test-dir/MiniOzoneClusterImpl-ae05db68-18ba-4bf1-995b-9a16c5287bb4/datanode-2/data/ratis/363222fc-3bb5-4287-abe5-e733d8b25d8d/current/log_inprogress_0
2019-07-13 22:39:21,452 INFO  impl.RaftServerImpl (RaftServerImpl.java:setRole(171)) - 4db0d2ab-2bf5-4a6b-8979-1cbb97645a4e:group-1E65B0DE3A35 changes role from FOLLOWER to CANDIDATE at term 0 for changeToCandidate
2019-07-13 22:39:21,453 INFO  impl.RoleInfo (RoleInfo.java:updateAndGet(143)) - 4db0d2ab-2bf5-4a6b-8979-1cbb97645a4e: start LeaderElection
2019-07-13 22:39:21,464 INFO  impl.LeaderElection (LeaderElection.java:askForVotes(181)) - 4db0d2ab-2bf5-4a6b-8979-1cbb97645a4e:group-1E65B0DE3A35:LeaderElection91: begin an election at term 1 for -1: [49bd2d0c-aff6-4308-aa5c-2cebe2048af3:192.168.5.159:43578, 4bda7ba0-4524-4538-88f4-90e4b8f4e191:192.168.5.159:37681, 4db0d2ab-2bf5-4a6b-8979-1cbb97645a4e:192.168.5.159:39196], old=null
2019-07-13 22:39:21,464 INFO  impl.LeaderElection (LeaderElection.java:askForVotes(181)) - 49bd2d0c-aff6-4308-aa5c-2cebe2048af3:group-1E65B0DE3A35:LeaderElection90: begin an election at term 1 for -1: [49bd2d0c-aff6-4308-aa5c-2cebe2048af3:192.168.5.159:43578, 4bda7ba0-4524-4538-88f4-90e4b8f4e191:192.168.5.159:37681, 4db0d2ab-2bf5-4a6b-8979-1cbb97645a4e:192.168.5.159:39196], old=null
2019-07-13 22:39:21,467 INFO  impl.FollowerState (FollowerState.java:run(106)) - 4bda7ba0-4524-4538-88f4-90e4b8f4e191:group-1E65B0DE3A35 changes to CANDIDATE, lastRpcTime:5137, electionTimeout:5137ms
2019-07-13 22:39:21,467 INFO  impl.RoleInfo (RoleInfo.java:shutdownFollowerState(121)) - 4bda7ba0-4524-4538-88f4-90e4b8f4e191: shutdown FollowerState
2019-07-13 22:39:21,467 INFO  impl.RaftServerImpl (RaftServerImpl.java:setRole(171)) - 4bda7ba0-4524-4538-88f4-90e4b8f4e191:group-1E65B0DE3A35 changes role from FOLLOWER to CANDIDATE at term 0 for changeToCandidate
2019-07-13 22:39:21,467 INFO  impl.RoleInfo (RoleInfo.java:updateAndGet(143)) - 4bda7ba0-4524-4538-88f4-90e4b8f4e191: start LeaderElection
2019-07-13 22:39:21,482 INFO  impl.FollowerState (FollowerState.java:run(106)) - a689ed27-5aa8-494e-b0a3-bc2d6ea2552c:group-891052B072B4 changes to CANDIDATE, lastRpcTime:5009, electionTimeout:5009ms
2019-07-13 22:39:21,482 INFO  impl.RoleInfo (RoleInfo.java:shutdownFollowerState(121)) - a689ed27-5aa8-494e-b0a3-bc2d6ea2552c: shutdown FollowerState
2019-07-13 22:39:21,482 INFO  impl.RaftServerImpl (RaftServerImpl.java:setRole(171)) - a689ed27-5aa8-494e-b0a3-bc2d6ea2552c:group-891052B072B4 changes role from FOLLOWER to CANDIDATE at term 0 for changeToCandidate
2019-07-13 22:39:21,482 INFO  impl.LeaderElection (LeaderElection.java:askForVotes(181)) - 4bda7ba0-4524-4538-88f4-90e4b8f4e191:group-1E65B0DE3A35:LeaderElection92: begin an election at term 1 for -1: [49bd2d0c-aff6-4308-aa5c-2cebe2048af3:192.168.5.159:43578, 4bda7ba0-4524-4538-88f4-90e4b8f4e191:192.168.5.159:37681, 4db0d2ab-2bf5-4a6b-8979-1cbb97645a4e:192.168.5.159:39196], old=null
2019-07-13 22:39:21,482 INFO  impl.RoleInfo (RoleInfo.java:updateAndGet(143)) - a689ed27-5aa8-494e-b0a3-bc2d6ea2552c: start LeaderElection
2019-07-13 22:39:21,492 INFO  impl.LeaderElection (LeaderElection.java:logAndReturn(56)) - 4db0d2ab-2bf5-4a6b-8979-1cbb97645a4e:group-1E65B0DE3A35:LeaderElection91: Election REJECTED; received 2 response(s) [4db0d2ab-2bf5-4a6b-8979-1cbb97645a4e<-49bd2d0c-aff6-4308-aa5c-2cebe2048af3#0:FAIL-t1, 4db0d2ab-2bf5-4a6b-8979-1cbb97645a4e<-4bda7ba0-4524-4538-88f4-90e4b8f4e191#0:FAIL-t1] and 0 exception(s); 4db0d2ab-2bf5-4a6b-8979-1cbb97645a4e:t1, leader=null, voted=4db0d2ab-2bf5-4a6b-8979-1cbb97645a4e, raftlog=4db0d2ab-2bf5-4a6b-8979-1cbb97645a4e-SegmentedRaftLog:OPENED:c-1,f-1,i0, conf=-1: [49bd2d0c-aff6-4308-aa5c-2cebe2048af3:192.168.5.159:43578, 4bda7ba0-4524-4538-88f4-90e4b8f4e191:192.168.5.159:37681, 4db0d2ab-2bf5-4a6b-8979-1cbb97645a4e:192.168.5.159:39196], old=null
2019-07-13 22:39:21,492 INFO  impl.LeaderElection (LeaderElection.java:logAndReturn(56)) - 49bd2d0c-aff6-4308-aa5c-2cebe2048af3:group-1E65B0DE3A35:LeaderElection90: Election REJECTED; received 2 response(s) [49bd2d0c-aff6-4308-aa5c-2cebe2048af3<-4bda7ba0-4524-4538-88f4-90e4b8f4e191#0:FAIL-t1, 49bd2d0c-aff6-4308-aa5c-2cebe2048af3<-4db0d2ab-2bf5-4a6b-8979-1cbb97645a4e#0:FAIL-t1] and 0 exception(s); 49bd2d0c-aff6-4308-aa5c-2cebe2048af3:t1, leader=null, voted=49bd2d0c-aff6-4308-aa5c-2cebe2048af3, raftlog=49bd2d0c-aff6-4308-aa5c-2cebe2048af3-SegmentedRaftLog:OPENED:c-1,f-1,i0, conf=-1: [49bd2d0c-aff6-4308-aa5c-2cebe2048af3:192.168.5.159:43578, 4bda7ba0-4524-4538-88f4-90e4b8f4e191:192.168.5.159:37681, 4db0d2ab-2bf5-4a6b-8979-1cbb97645a4e:192.168.5.159:39196], old=null
2019-07-13 22:39:21,492 INFO  impl.RaftServerImpl (RaftServerImpl.java:setRole(171)) - 4db0d2ab-2bf5-4a6b-8979-1cbb97645a4e:group-1E65B0DE3A35 changes role from CANDIDATE to FOLLOWER at term 1 for DISCOVERED_A_NEW_TERM
2019-07-13 22:39:21,492 INFO  impl.RaftServerImpl (RaftServerImpl.java:setRole(171)) - 49bd2d0c-aff6-4308-aa5c-2cebe2048af3:group-1E65B0DE3A35 changes role from CANDIDATE to FOLLOWER at term 1 for DISCOVERED_A_NEW_TERM
2019-07-13 22:39:21,492 INFO  impl.RoleInfo (RoleInfo.java:shutdownLeaderElection(134)) - 4db0d2ab-2bf5-4a6b-8979-1cbb97645a4e: shutdown LeaderElection
2019-07-13 22:39:21,492 INFO  impl.RoleInfo (RoleInfo.java:shutdownLeaderElection(134)) - 49bd2d0c-aff6-4308-aa5c-2cebe2048af3: shutdown LeaderElection
2019-07-13 22:39:21,492 INFO  impl.RoleInfo (RoleInfo.java:updateAndGet(143)) - 4db0d2ab-2bf5-4a6b-8979-1cbb97645a4e: start FollowerState
2019-07-13 22:39:21,493 INFO  impl.RoleInfo (RoleInfo.java:updateAndGet(143)) - 49bd2d0c-aff6-4308-aa5c-2cebe2048af3: start FollowerState
2019-07-13 22:39:21,494 INFO  impl.LeaderElection (LeaderElection.java:askForVotes(181)) - a689ed27-5aa8-494e-b0a3-bc2d6ea2552c:group-891052B072B4:LeaderElection93: begin an election at term 1 for -1: [a689ed27-5aa8-494e-b0a3-bc2d6ea2552c:192.168.5.159:45440], old=null
2019-07-13 22:39:21,494 INFO  impl.RoleInfo (RoleInfo.java:shutdownLeaderElection(134)) - a689ed27-5aa8-494e-b0a3-bc2d6ea2552c: shutdown LeaderElection
2019-07-13 22:39:21,494 INFO  impl.RaftServerImpl (RaftServerImpl.java:setRole(171)) - a689ed27-5aa8-494e-b0a3-bc2d6ea2552c:group-891052B072B4 changes role from CANDIDATE to LEADER at term 1 for changeToLeader
2019-07-13 22:39:21,495 INFO  impl.RaftServerImpl (ServerState.java:setLeader(263)) - a689ed27-5aa8-494e-b0a3-bc2d6ea2552c:group-891052B072B4 change Leader from null to a689ed27-5aa8-494e-b0a3-bc2d6ea2552c at term 1 for becomeLeader, leader elected after 5025ms
2019-07-13 22:39:21,495 INFO  server.RaftServerConfigKeys (ConfUtils.java:logGet(43)) - raft.server.staging.catchup.gap = 1000 (default)
2019-07-13 22:39:21,495 INFO  server.RaftServerConfigKeys (ConfUtils.java:logGet(43)) - raft.server.rpc.sleep.time = 25ms (default)
2019-07-13 22:39:21,495 INFO  server.RaftServerConfigKeys (ConfUtils.java:logGet(43)) - raft.server.write.element-limit = 4096 (default)
2019-07-13 22:39:21,495 INFO  server.RaftServerConfigKeys (ConfUtils.java:logGet(43)) - raft.server.watch.timeout = 10s (default)
2019-07-13 22:39:21,495 INFO  server.RaftServerConfigKeys (ConfUtils.java:logGet(43)) - raft.server.watch.timeout.denomination = 1s (default)
2019-07-13 22:39:21,495 INFO  server.RaftServerConfigKeys (ConfUtils.java:logGet(43)) - raft.server.watch.element-limit = 65536 (default)
2019-07-13 22:39:21,496 INFO  impl.RoleInfo (RoleInfo.java:updateAndGet(143)) - a689ed27-5aa8-494e-b0a3-bc2d6ea2552c: start LeaderState
2019-07-13 22:39:21,496 INFO  impl.LeaderElection (LeaderElection.java:logAndReturn(56)) - 4bda7ba0-4524-4538-88f4-90e4b8f4e191:group-1E65B0DE3A35:LeaderElection92: Election REJECTED; received 2 response(s) [4bda7ba0-4524-4538-88f4-90e4b8f4e191<-49bd2d0c-aff6-4308-aa5c-2cebe2048af3#0:FAIL-t1, 4bda7ba0-4524-4538-88f4-90e4b8f4e191<-4db0d2ab-2bf5-4a6b-8979-1cbb97645a4e#0:FAIL-t1] and 0 exception(s); 4bda7ba0-4524-4538-88f4-90e4b8f4e191:t1, leader=null, voted=4bda7ba0-4524-4538-88f4-90e4b8f4e191, raftlog=4bda7ba0-4524-4538-88f4-90e4b8f4e191-SegmentedRaftLog:OPENED:c-1,f-1,i0, conf=-1: [49bd2d0c-aff6-4308-aa5c-2cebe2048af3:192.168.5.159:43578, 4bda7ba0-4524-4538-88f4-90e4b8f4e191:192.168.5.159:37681, 4db0d2ab-2bf5-4a6b-8979-1cbb97645a4e:192.168.5.159:39196], old=null
2019-07-13 22:39:21,496 INFO  segmented.SegmentedRaftLogWorker (SegmentedRaftLogWorker.java:startLogSegment(380)) - a689ed27-5aa8-494e-b0a3-bc2d6ea2552c-SegmentedRaftLogWorker:Storage Directory /tmp/workdir/hadoop-ozone/integration-test/target/test-dir/MiniOzoneClusterImpl-ae05db68-18ba-4bf1-995b-9a16c5287bb4/datanode-3/data/ratis/23596093-6eb3-4da0-90d7-891052b072b4: Starting segment from index:0
2019-07-13 22:39:21,496 INFO  impl.RaftServerImpl (RaftServerImpl.java:setRole(171)) - 4bda7ba0-4524-4538-88f4-90e4b8f4e191:group-1E65B0DE3A35 changes role from CANDIDATE to FOLLOWER at term 1 for DISCOVERED_A_NEW_TERM
2019-07-13 22:39:21,496 INFO  impl.RoleInfo (RoleInfo.java:shutdownLeaderElection(134)) - 4bda7ba0-4524-4538-88f4-90e4b8f4e191: shutdown LeaderElection
2019-07-13 22:39:21,496 INFO  impl.RoleInfo (RoleInfo.java:updateAndGet(143)) - 4bda7ba0-4524-4538-88f4-90e4b8f4e191: start FollowerState
2019-07-13 22:39:21,497 INFO  impl.RaftServerImpl (ServerState.java:setRaftConf(361)) - a689ed27-5aa8-494e-b0a3-bc2d6ea2552c:group-891052B072B4 set configuration 0: [a689ed27-5aa8-494e-b0a3-bc2d6ea2552c:192.168.5.159:45440], old=null at 0
2019-07-13 22:39:21,525 INFO  segmented.SegmentedRaftLogWorker (SegmentedRaftLogWorker.java:execute(569)) - a689ed27-5aa8-494e-b0a3-bc2d6ea2552c-SegmentedRaftLogWorker:Storage Directory /tmp/workdir/hadoop-ozone/integration-test/target/test-dir/MiniOzoneClusterImpl-ae05db68-18ba-4bf1-995b-9a16c5287bb4/datanode-3/data/ratis/23596093-6eb3-4da0-90d7-891052b072b4: created new log segment /tmp/workdir/hadoop-ozone/integration-test/target/test-dir/MiniOzoneClusterImpl-ae05db68-18ba-4bf1-995b-9a16c5287bb4/datanode-3/data/ratis/23596093-6eb3-4da0-90d7-891052b072b4/current/log_inprogress_0
2019-07-13 22:39:21,740 INFO  impl.FollowerState (FollowerState.java:run(106)) - f66c5826-718c-4d80-96e0-f5c673c55abc:group-2138A3FE7E2F changes to CANDIDATE, lastRpcTime:5083, electionTimeout:5083ms
2019-07-13 22:39:21,740 INFO  impl.RoleInfo (RoleInfo.java:shutdownFollowerState(121)) - f66c5826-718c-4d80-96e0-f5c673c55abc: shutdown FollowerState
2019-07-13 22:39:21,740 INFO  impl.RaftServerImpl (RaftServerImpl.java:setRole(171)) - f66c5826-718c-4d80-96e0-f5c673c55abc:group-2138A3FE7E2F changes role from FOLLOWER to CANDIDATE at term 0 for changeToCandidate
2019-07-13 22:39:21,740 INFO  impl.RoleInfo (RoleInfo.java:updateAndGet(143)) - f66c5826-718c-4d80-96e0-f5c673c55abc: start LeaderElection
2019-07-13 22:39:21,759 INFO  impl.LeaderElection (LeaderElection.java:askForVotes(181)) - f66c5826-718c-4d80-96e0-f5c673c55abc:group-2138A3FE7E2F:LeaderElection94: begin an election at term 1 for -1: [f66c5826-718c-4d80-96e0-f5c673c55abc:192.168.5.159:36685], old=null
2019-07-13 22:39:21,759 INFO  impl.RoleInfo (RoleInfo.java:shutdownLeaderElection(134)) - f66c5826-718c-4d80-96e0-f5c673c55abc: shutdown LeaderElection
2019-07-13 22:39:21,760 INFO  impl.RaftServerImpl (RaftServerImpl.java:setRole(171)) - f66c5826-718c-4d80-96e0-f5c673c55abc:group-2138A3FE7E2F changes role from CANDIDATE to LEADER at term 1 for changeToLeader
2019-07-13 22:39:21,760 INFO  impl.RaftServerImpl (ServerState.java:setLeader(263)) - f66c5826-718c-4d80-96e0-f5c673c55abc:group-2138A3FE7E2F change Leader from null to f66c5826-718c-4d80-96e0-f5c673c55abc at term 1 for becomeLeader, leader elected after 5108ms
2019-07-13 22:39:21,760 INFO  server.RaftServerConfigKeys (ConfUtils.java:logGet(43)) - raft.server.staging.catchup.gap = 1000 (default)
2019-07-13 22:39:21,760 INFO  server.RaftServerConfigKeys (ConfUtils.java:logGet(43)) - raft.server.rpc.sleep.time = 25ms (default)
2019-07-13 22:39:21,760 INFO  server.RaftServerConfigKeys (ConfUtils.java:logGet(43)) - raft.server.write.element-limit = 4096 (default)
2019-07-13 22:39:21,760 INFO  server.RaftServerConfigKeys (ConfUtils.java:logGet(43)) - raft.server.watch.timeout = 10s (default)
2019-07-13 22:39:21,760 INFO  server.RaftServerConfigKeys (ConfUtils.java:logGet(43)) - raft.server.watch.timeout.denomination = 1s (default)
2019-07-13 22:39:21,760 INFO  server.RaftServerConfigKeys (ConfUtils.java:logGet(43)) - raft.server.watch.element-limit = 65536 (default)
2019-07-13 22:39:21,761 INFO  impl.RoleInfo (RoleInfo.java:updateAndGet(143)) - f66c5826-718c-4d80-96e0-f5c673c55abc: start LeaderState
2019-07-13 22:39:21,761 INFO  segmented.SegmentedRaftLogWorker (SegmentedRaftLogWorker.java:startLogSegment(380)) - f66c5826-718c-4d80-96e0-f5c673c55abc-SegmentedRaftLogWorker:Storage Directory /tmp/workdir/hadoop-ozone/integration-test/target/test-dir/MiniOzoneClusterImpl-ae05db68-18ba-4bf1-995b-9a16c5287bb4/datanode-4/data/ratis/32a250e1-a63d-4732-bd3c-2138a3fe7e2f: Starting segment from index:0
2019-07-13 22:39:21,762 INFO  impl.RaftServerImpl (ServerState.java:setRaftConf(361)) - f66c5826-718c-4d80-96e0-f5c673c55abc:group-2138A3FE7E2F set configuration 0: [f66c5826-718c-4d80-96e0-f5c673c55abc:192.168.5.159:36685], old=null at 0
2019-07-13 22:39:21,790 INFO  segmented.SegmentedRaftLogWorker (SegmentedRaftLogWorker.java:execute(569)) - f66c5826-718c-4d80-96e0-f5c673c55abc-SegmentedRaftLogWorker:Storage Directory /tmp/workdir/hadoop-ozone/integration-test/target/test-dir/MiniOzoneClusterImpl-ae05db68-18ba-4bf1-995b-9a16c5287bb4/datanode-4/data/ratis/32a250e1-a63d-4732-bd3c-2138a3fe7e2f: created new log segment /tmp/workdir/hadoop-ozone/integration-test/target/test-dir/MiniOzoneClusterImpl-ae05db68-18ba-4bf1-995b-9a16c5287bb4/datanode-4/data/ratis/32a250e1-a63d-4732-bd3c-2138a3fe7e2f/current/log_inprogress_0
2019-07-13 22:39:21,875 INFO  impl.FollowerState (FollowerState.java:run(106)) - 631bd49e-30a6-4824-97a3-d108bad3b331:group-F5FF5C2FE860 changes to CANDIDATE, lastRpcTime:5058, electionTimeout:5058ms
2019-07-13 22:39:21,876 INFO  impl.RoleInfo (RoleInfo.java:shutdownFollowerState(121)) - 631bd49e-30a6-4824-97a3-d108bad3b331: shutdown FollowerState
2019-07-13 22:39:21,876 INFO  impl.RaftServerImpl (RaftServerImpl.java:setRole(171)) - 631bd49e-30a6-4824-97a3-d108bad3b331:group-F5FF5C2FE860 changes role from FOLLOWER to CANDIDATE at term 0 for changeToCandidate
2019-07-13 22:39:21,876 INFO  impl.RoleInfo (RoleInfo.java:updateAndGet(143)) - 631bd49e-30a6-4824-97a3-d108bad3b331: start LeaderElection
2019-07-13 22:39:21,885 INFO  impl.FollowerState (FollowerState.java:run(106)) - 631bd49e-30a6-4824-97a3-d108bad3b331:group-566FFF85478B changes to CANDIDATE, lastRpcTime:5018, electionTimeout:5014ms
2019-07-13 22:39:21,889 INFO  impl.RoleInfo (RoleInfo.java:shutdownFollowerState(121)) - 631bd49e-30a6-4824-97a3-d108bad3b331: shutdown FollowerState
2019-07-13 22:39:21,889 INFO  impl.RaftServerImpl (RaftServerImpl.java:setRole(171)) - 631bd49e-30a6-4824-97a3-d108bad3b331:group-566FFF85478B changes role from FOLLOWER to CANDIDATE at term 0 for changeToCandidate
2019-07-13 22:39:21,889 INFO  impl.RoleInfo (RoleInfo.java:updateAndGet(143)) - 631bd49e-30a6-4824-97a3-d108bad3b331: start LeaderElection
2019-07-13 22:39:21,897 INFO  impl.FollowerState (FollowerState.java:run(106)) - a689ed27-5aa8-494e-b0a3-bc2d6ea2552c:group-566FFF85478B changes to CANDIDATE, lastRpcTime:5034, electionTimeout:5033ms
2019-07-13 22:39:21,901 INFO  impl.RoleInfo (RoleInfo.java:shutdownFollowerState(121)) - a689ed27-5aa8-494e-b0a3-bc2d6ea2552c: shutdown FollowerState
2019-07-13 22:39:21,901 INFO  impl.RaftServerImpl (RaftServerImpl.java:setRole(171)) - a689ed27-5aa8-494e-b0a3-bc2d6ea2552c:group-566FFF85478B changes role from FOLLOWER to CANDIDATE at term 0 for changeToCandidate
2019-07-13 22:39:21,901 INFO  impl.RoleInfo (RoleInfo.java:updateAndGet(143)) - a689ed27-5aa8-494e-b0a3-bc2d6ea2552c: start LeaderElection
2019-07-13 22:39:21,912 INFO  impl.LeaderElection (LeaderElection.java:askForVotes(181)) - 631bd49e-30a6-4824-97a3-d108bad3b331:group-F5FF5C2FE860:LeaderElection95: begin an election at term 1 for -1: [631bd49e-30a6-4824-97a3-d108bad3b331:192.168.5.159:41895], old=null
2019-07-13 22:39:21,912 INFO  impl.LeaderElection (LeaderElection.java:askForVotes(181)) - 631bd49e-30a6-4824-97a3-d108bad3b331:group-566FFF85478B:LeaderElection96: begin an election at term 1 for -1: [a689ed27-5aa8-494e-b0a3-bc2d6ea2552c:192.168.5.159:45440, 631bd49e-30a6-4824-97a3-d108bad3b331:192.168.5.159:41895, f66c5826-718c-4d80-96e0-f5c673c55abc:192.168.5.159:36685], old=null
2019-07-13 22:39:21,912 INFO  impl.RoleInfo (RoleInfo.java:shutdownLeaderElection(134)) - 631bd49e-30a6-4824-97a3-d108bad3b331: shutdown LeaderElection
2019-07-13 22:39:21,913 INFO  impl.RaftServerImpl (RaftServerImpl.java:setRole(171)) - 631bd49e-30a6-4824-97a3-d108bad3b331:group-F5FF5C2FE860 changes role from CANDIDATE to LEADER at term 1 for changeToLeader
2019-07-13 22:39:21,913 INFO  impl.RaftServerImpl (ServerState.java:setLeader(263)) - 631bd49e-30a6-4824-97a3-d108bad3b331:group-F5FF5C2FE860 change Leader from null to 631bd49e-30a6-4824-97a3-d108bad3b331 at term 1 for becomeLeader, leader elected after 5100ms
2019-07-13 22:39:21,913 INFO  server.RaftServerConfigKeys (ConfUtils.java:logGet(43)) - raft.server.staging.catchup.gap = 1000 (default)
2019-07-13 22:39:21,913 INFO  server.RaftServerConfigKeys (ConfUtils.java:logGet(43)) - raft.server.rpc.sleep.time = 25ms (default)
2019-07-13 22:39:21,913 INFO  server.RaftServerConfigKeys (ConfUtils.java:logGet(43)) - raft.server.write.element-limit = 4096 (default)
2019-07-13 22:39:21,914 INFO  server.RaftServerConfigKeys (ConfUtils.java:logGet(43)) - raft.server.watch.timeout = 10s (default)
2019-07-13 22:39:21,914 INFO  server.RaftServerConfigKeys (ConfUtils.java:logGet(43)) - raft.server.watch.timeout.denomination = 1s (default)
2019-07-13 22:39:21,914 INFO  server.RaftServerConfigKeys (ConfUtils.java:logGet(43)) - raft.server.watch.element-limit = 65536 (default)
2019-07-13 22:39:21,914 INFO  impl.RoleInfo (RoleInfo.java:updateAndGet(143)) - 631bd49e-30a6-4824-97a3-d108bad3b331: start LeaderState
2019-07-13 22:39:21,915 INFO  segmented.SegmentedRaftLogWorker (SegmentedRaftLogWorker.java:startLogSegment(380)) - 631bd49e-30a6-4824-97a3-d108bad3b331-SegmentedRaftLogWorker:Storage Directory /tmp/workdir/hadoop-ozone/integration-test/target/test-dir/MiniOzoneClusterImpl-ae05db68-18ba-4bf1-995b-9a16c5287bb4/datanode-5/data/ratis/68bd8528-bb8c-40ef-a238-f5ff5c2fe860: Starting segment from index:0
2019-07-13 22:39:21,915 INFO  impl.LeaderElection (LeaderElection.java:askForVotes(181)) - a689ed27-5aa8-494e-b0a3-bc2d6ea2552c:group-566FFF85478B:LeaderElection97: begin an election at term 1 for -1: [a689ed27-5aa8-494e-b0a3-bc2d6ea2552c:192.168.5.159:45440, 631bd49e-30a6-4824-97a3-d108bad3b331:192.168.5.159:41895, f66c5826-718c-4d80-96e0-f5c673c55abc:192.168.5.159:36685], old=null
2019-07-13 22:39:21,915 INFO  impl.RaftServerImpl (ServerState.java:setRaftConf(361)) - 631bd49e-30a6-4824-97a3-d108bad3b331:group-F5FF5C2FE860 set configuration 0: [631bd49e-30a6-4824-97a3-d108bad3b331:192.168.5.159:41895], old=null at 0
2019-07-13 22:39:21,945 INFO  impl.RaftServerImpl (RaftServerImpl.java:setRole(171)) - f66c5826-718c-4d80-96e0-f5c673c55abc:group-566FFF85478B changes role from FOLLOWER to FOLLOWER at term 1 for recognizeCandidate:631bd49e-30a6-4824-97a3-d108bad3b331
2019-07-13 22:39:21,945 INFO  segmented.SegmentedRaftLogWorker (SegmentedRaftLogWorker.java:execute(569)) - 631bd49e-30a6-4824-97a3-d108bad3b331-SegmentedRaftLogWorker:Storage Directory /tmp/workdir/hadoop-ozone/integration-test/target/test-dir/MiniOzoneClusterImpl-ae05db68-18ba-4bf1-995b-9a16c5287bb4/datanode-5/data/ratis/68bd8528-bb8c-40ef-a238-f5ff5c2fe860: created new log segment /tmp/workdir/hadoop-ozone/integration-test/target/test-dir/MiniOzoneClusterImpl-ae05db68-18ba-4bf1-995b-9a16c5287bb4/datanode-5/data/ratis/68bd8528-bb8c-40ef-a238-f5ff5c2fe860/current/log_inprogress_0
2019-07-13 22:39:21,945 INFO  impl.RoleInfo (RoleInfo.java:shutdownFollowerState(121)) - f66c5826-718c-4d80-96e0-f5c673c55abc: shutdown FollowerState
2019-07-13 22:39:21,946 INFO  impl.RoleInfo (RoleInfo.java:updateAndGet(143)) - f66c5826-718c-4d80-96e0-f5c673c55abc: start FollowerState
2019-07-13 22:39:21,946 INFO  impl.FollowerState (FollowerState.java:run(114)) - f66c5826-718c-4d80-96e0-f5c673c55abc: FollowerState was interrupted: java.lang.InterruptedException: sleep interrupted
2019-07-13 22:39:21,962 INFO  impl.LeaderElection (LeaderElection.java:logAndReturn(56)) - 631bd49e-30a6-4824-97a3-d108bad3b331:group-566FFF85478B:LeaderElection96: Election PASSED; received 2 response(s) [631bd49e-30a6-4824-97a3-d108bad3b331<-a689ed27-5aa8-494e-b0a3-bc2d6ea2552c#0:FAIL-t1, 631bd49e-30a6-4824-97a3-d108bad3b331<-f66c5826-718c-4d80-96e0-f5c673c55abc#0:OK-t1] and 0 exception(s); 631bd49e-30a6-4824-97a3-d108bad3b331:t1, leader=null, voted=631bd49e-30a6-4824-97a3-d108bad3b331, raftlog=631bd49e-30a6-4824-97a3-d108bad3b331-SegmentedRaftLog:OPENED:c-1,f-1,i0, conf=-1: [a689ed27-5aa8-494e-b0a3-bc2d6ea2552c:192.168.5.159:45440, 631bd49e-30a6-4824-97a3-d108bad3b331:192.168.5.159:41895, f66c5826-718c-4d80-96e0-f5c673c55abc:192.168.5.159:36685], old=null
2019-07-13 22:39:21,962 INFO  impl.LeaderElection (LeaderElection.java:logAndReturn(56)) - a689ed27-5aa8-494e-b0a3-bc2d6ea2552c:group-566FFF85478B:LeaderElection97: Election REJECTED; received 2 response(s) [a689ed27-5aa8-494e-b0a3-bc2d6ea2552c<-631bd49e-30a6-4824-97a3-d108bad3b331#0:FAIL-t1, a689ed27-5aa8-494e-b0a3-bc2d6ea2552c<-f66c5826-718c-4d80-96e0-f5c673c55abc#0:FAIL-t1] and 0 exception(s); a689ed27-5aa8-494e-b0a3-bc2d6ea2552c:t1, leader=null, voted=a689ed27-5aa8-494e-b0a3-bc2d6ea2552c, raftlog=a689ed27-5aa8-494e-b0a3-bc2d6ea2552c-SegmentedRaftLog:OPENED:c-1,f-1,i0, conf=-1: [a689ed27-5aa8-494e-b0a3-bc2d6ea2552c:192.168.5.159:45440, 631bd49e-30a6-4824-97a3-d108bad3b331:192.168.5.159:41895, f66c5826-718c-4d80-96e0-f5c673c55abc:192.168.5.159:36685], old=null
2019-07-13 22:39:21,963 INFO  impl.RoleInfo (RoleInfo.java:shutdownLeaderElection(134)) - 631bd49e-30a6-4824-97a3-d108bad3b331: shutdown LeaderElection
2019-07-13 22:39:21,963 INFO  impl.RaftServerImpl (RaftServerImpl.java:setRole(171)) - a689ed27-5aa8-494e-b0a3-bc2d6ea2552c:group-566FFF85478B changes role from CANDIDATE to FOLLOWER at term 1 for DISCOVERED_A_NEW_TERM
2019-07-13 22:39:21,963 INFO  impl.RaftServerImpl (RaftServerImpl.java:setRole(171)) - 631bd49e-30a6-4824-97a3-d108bad3b331:group-566FFF85478B changes role from CANDIDATE to LEADER at term 1 for changeToLeader
2019-07-13 22:39:21,963 INFO  impl.RoleInfo (RoleInfo.java:shutdownLeaderElection(134)) - a689ed27-5aa8-494e-b0a3-bc2d6ea2552c: shutdown LeaderElection
2019-07-13 22:39:21,963 INFO  impl.RaftServerImpl (ServerState.java:setLeader(263)) - 631bd49e-30a6-4824-97a3-d108bad3b331:group-566FFF85478B change Leader from null to 631bd49e-30a6-4824-97a3-d108bad3b331 at term 1 for becomeLeader, leader elected after 5108ms
2019-07-13 22:39:21,963 INFO  impl.RoleInfo (RoleInfo.java:updateAndGet(143)) - a689ed27-5aa8-494e-b0a3-bc2d6ea2552c: start FollowerState
2019-07-13 22:39:21,963 INFO  server.RaftServerConfigKeys (ConfUtils.java:logGet(43)) - raft.server.staging.catchup.gap = 1000 (default)
2019-07-13 22:39:21,964 INFO  server.RaftServerConfigKeys (ConfUtils.java:logGet(43)) - raft.server.rpc.sleep.time = 25ms (default)
2019-07-13 22:39:21,964 INFO  server.RaftServerConfigKeys (ConfUtils.java:logGet(43)) - raft.server.write.element-limit = 4096 (default)
2019-07-13 22:39:21,964 INFO  server.RaftServerConfigKeys (ConfUtils.java:logGet(43)) - raft.server.watch.timeout = 10s (default)
2019-07-13 22:39:21,964 INFO  server.RaftServerConfigKeys (ConfUtils.java:logGet(43)) - raft.server.watch.timeout.denomination = 1s (default)
2019-07-13 22:39:21,964 INFO  server.RaftServerConfigKeys (ConfUtils.java:logGet(43)) - raft.server.watch.element-limit = 65536 (default)
2019-07-13 22:39:21,965 INFO  server.RaftServerConfigKeys (ConfUtils.java:logGet(43)) - raft.server.log.appender.snapshot.chunk.size.max = 16MB (=16777216) (default)
2019-07-13 22:39:21,965 INFO  server.RaftServerConfigKeys (ConfUtils.java:logGet(43)) - raft.server.log.appender.buffer.byte-limit = 33554432 (custom)
2019-07-13 22:39:21,965 INFO  server.RaftServerConfigKeys (ConfUtils.java:logGet(43)) - raft.server.log.appender.buffer.element-limit = 1 (custom)
2019-07-13 22:39:21,965 INFO  grpc.GrpcConfigKeys$Server (ConfUtils.java:logGet(43)) - raft.grpc.server.leader.outstanding.appends.max = 128 (default)
2019-07-13 22:39:21,965 INFO  server.RaftServerConfigKeys (ConfUtils.java:logGet(43)) - raft.server.rpc.request.timeout = 3000ms (default)
2019-07-13 22:39:21,966 INFO  server.RaftServerConfigKeys (ConfUtils.java:logGet(43)) - raft.server.log.appender.install.snapshot.enabled = false (custom)
2019-07-13 22:39:21,966 INFO  server.RaftServerConfigKeys (ConfUtils.java:logGet(43)) - raft.server.log.appender.snapshot.chunk.size.max = 16MB (=16777216) (default)
2019-07-13 22:39:21,966 INFO  server.RaftServerConfigKeys (ConfUtils.java:logGet(43)) - raft.server.log.appender.buffer.byte-limit = 33554432 (custom)
2019-07-13 22:39:21,966 INFO  server.RaftServerConfigKeys (ConfUtils.java:logGet(43)) - raft.server.log.appender.buffer.element-limit = 1 (custom)
2019-07-13 22:39:21,966 INFO  grpc.GrpcConfigKeys$Server (ConfUtils.java:logGet(43)) - raft.grpc.server.leader.outstanding.appends.max = 128 (default)
2019-07-13 22:39:21,967 INFO  server.RaftServerConfigKeys (ConfUtils.java:logGet(43)) - raft.server.rpc.request.timeout = 3000ms (default)
2019-07-13 22:39:21,967 INFO  server.RaftServerConfigKeys (ConfUtils.java:logGet(43)) - raft.server.log.appender.install.snapshot.enabled = false (custom)
2019-07-13 22:39:21,967 INFO  impl.RoleInfo (RoleInfo.java:updateAndGet(143)) - 631bd49e-30a6-4824-97a3-d108bad3b331: start LeaderState
2019-07-13 22:39:21,967 INFO  segmented.SegmentedRaftLogWorker (SegmentedRaftLogWorker.java:startLogSegment(380)) - 631bd49e-30a6-4824-97a3-d108bad3b331-SegmentedRaftLogWorker:Storage Directory /tmp/workdir/hadoop-ozone/integration-test/target/test-dir/MiniOzoneClusterImpl-ae05db68-18ba-4bf1-995b-9a16c5287bb4/datanode-5/data/ratis/f433d52e-6b8e-4d7a-8b9b-566fff85478b: Starting segment from index:0
2019-07-13 22:39:21,968 INFO  impl.RaftServerImpl (ServerState.java:setRaftConf(361)) - 631bd49e-30a6-4824-97a3-d108bad3b331:group-566FFF85478B set configuration 0: [a689ed27-5aa8-494e-b0a3-bc2d6ea2552c:192.168.5.159:45440, 631bd49e-30a6-4824-97a3-d108bad3b331:192.168.5.159:41895, f66c5826-718c-4d80-96e0-f5c673c55abc:192.168.5.159:36685], old=null at 0
2019-07-13 22:39:21,969 INFO  impl.RaftServerImpl (ServerState.java:setLeader(263)) - a689ed27-5aa8-494e-b0a3-bc2d6ea2552c:group-566FFF85478B change Leader from null to 631bd49e-30a6-4824-97a3-d108bad3b331 at term 1 for appendEntries, leader elected after 5114ms
2019-07-13 22:39:21,969 INFO  impl.RaftServerImpl (ServerState.java:setLeader(263)) - f66c5826-718c-4d80-96e0-f5c673c55abc:group-566FFF85478B change Leader from null to 631bd49e-30a6-4824-97a3-d108bad3b331 at term 1 for appendEntries, leader elected after 5114ms
2019-07-13 22:39:22,008 INFO  impl.RaftServerImpl (ServerState.java:setRaftConf(361)) - a689ed27-5aa8-494e-b0a3-bc2d6ea2552c:group-566FFF85478B set configuration 0: [a689ed27-5aa8-494e-b0a3-bc2d6ea2552c:192.168.5.159:45440, 631bd49e-30a6-4824-97a3-d108bad3b331:192.168.5.159:41895, f66c5826-718c-4d80-96e0-f5c673c55abc:192.168.5.159:36685], old=null at 0
2019-07-13 22:39:22,008 INFO  impl.RaftServerImpl (ServerState.java:setRaftConf(361)) - f66c5826-718c-4d80-96e0-f5c673c55abc:group-566FFF85478B set configuration 0: [a689ed27-5aa8-494e-b0a3-bc2d6ea2552c:192.168.5.159:45440, 631bd49e-30a6-4824-97a3-d108bad3b331:192.168.5.159:41895, f66c5826-718c-4d80-96e0-f5c673c55abc:192.168.5.159:36685], old=null at 0
2019-07-13 22:39:22,008 INFO  segmented.SegmentedRaftLogWorker (SegmentedRaftLogWorker.java:startLogSegment(380)) - a689ed27-5aa8-494e-b0a3-bc2d6ea2552c-SegmentedRaftLogWorker:Storage Directory /tmp/workdir/hadoop-ozone/integration-test/target/test-dir/MiniOzoneClusterImpl-ae05db68-18ba-4bf1-995b-9a16c5287bb4/datanode-3/data/ratis/f433d52e-6b8e-4d7a-8b9b-566fff85478b: Starting segment from index:0
2019-07-13 22:39:22,008 INFO  segmented.SegmentedRaftLogWorker (SegmentedRaftLogWorker.java:startLogSegment(380)) - f66c5826-718c-4d80-96e0-f5c673c55abc-SegmentedRaftLogWorker:Storage Directory /tmp/workdir/hadoop-ozone/integration-test/target/test-dir/MiniOzoneClusterImpl-ae05db68-18ba-4bf1-995b-9a16c5287bb4/datanode-4/data/ratis/f433d52e-6b8e-4d7a-8b9b-566fff85478b: Starting segment from index:0
2019-07-13 22:39:22,017 INFO  segmented.SegmentedRaftLogWorker (SegmentedRaftLogWorker.java:execute(569)) - 631bd49e-30a6-4824-97a3-d108bad3b331-SegmentedRaftLogWorker:Storage Directory /tmp/workdir/hadoop-ozone/integration-test/target/test-dir/MiniOzoneClusterImpl-ae05db68-18ba-4bf1-995b-9a16c5287bb4/datanode-5/data/ratis/f433d52e-6b8e-4d7a-8b9b-566fff85478b: created new log segment /tmp/workdir/hadoop-ozone/integration-test/target/test-dir/MiniOzoneClusterImpl-ae05db68-18ba-4bf1-995b-9a16c5287bb4/datanode-5/data/ratis/f433d52e-6b8e-4d7a-8b9b-566fff85478b/current/log_inprogress_0
2019-07-13 22:39:22,026 INFO  segmented.SegmentedRaftLogWorker (SegmentedRaftLogWorker.java:execute(569)) - a689ed27-5aa8-494e-b0a3-bc2d6ea2552c-SegmentedRaftLogWorker:Storage Directory /tmp/workdir/hadoop-ozone/integration-test/target/test-dir/MiniOzoneClusterImpl-ae05db68-18ba-4bf1-995b-9a16c5287bb4/datanode-3/data/ratis/f433d52e-6b8e-4d7a-8b9b-566fff85478b: created new log segment /tmp/workdir/hadoop-ozone/integration-test/target/test-dir/MiniOzoneClusterImpl-ae05db68-18ba-4bf1-995b-9a16c5287bb4/datanode-3/data/ratis/f433d52e-6b8e-4d7a-8b9b-566fff85478b/current/log_inprogress_0
2019-07-13 22:39:22,029 INFO  segmented.SegmentedRaftLogWorker (SegmentedRaftLogWorker.java:execute(569)) - f66c5826-718c-4d80-96e0-f5c673c55abc-SegmentedRaftLogWorker:Storage Directory /tmp/workdir/hadoop-ozone/integration-test/target/test-dir/MiniOzoneClusterImpl-ae05db68-18ba-4bf1-995b-9a16c5287bb4/datanode-4/data/ratis/f433d52e-6b8e-4d7a-8b9b-566fff85478b: created new log segment /tmp/workdir/hadoop-ozone/integration-test/target/test-dir/MiniOzoneClusterImpl-ae05db68-18ba-4bf1-995b-9a16c5287bb4/datanode-4/data/ratis/f433d52e-6b8e-4d7a-8b9b-566fff85478b/current/log_inprogress_0
2019-07-13 22:39:22,120 INFO  impl.FollowerState (FollowerState.java:run(106)) - bd4ee36a-163f-41b3-9835-398a73d63a00:group-BC8913B4DB33 changes to CANDIDATE, lastRpcTime:5123, electionTimeout:5123ms
2019-07-13 22:39:22,121 INFO  impl.RoleInfo (RoleInfo.java:shutdownFollowerState(121)) - bd4ee36a-163f-41b3-9835-398a73d63a00: shutdown FollowerState
2019-07-13 22:39:22,121 INFO  impl.RaftServerImpl (RaftServerImpl.java:setRole(171)) - bd4ee36a-163f-41b3-9835-398a73d63a00:group-BC8913B4DB33 changes role from FOLLOWER to CANDIDATE at term 0 for changeToCandidate
2019-07-13 22:39:22,121 INFO  impl.RoleInfo (RoleInfo.java:updateAndGet(143)) - bd4ee36a-163f-41b3-9835-398a73d63a00: start LeaderElection
2019-07-13 22:39:22,140 INFO  impl.LeaderElection (LeaderElection.java:askForVotes(181)) - bd4ee36a-163f-41b3-9835-398a73d63a00:group-BC8913B4DB33:LeaderElection98: begin an election at term 1 for -1: [bd4ee36a-163f-41b3-9835-398a73d63a00:192.168.5.159:44929], old=null
2019-07-13 22:39:22,140 INFO  impl.RoleInfo (RoleInfo.java:shutdownLeaderElection(134)) - bd4ee36a-163f-41b3-9835-398a73d63a00: shutdown LeaderElection
2019-07-13 22:39:22,141 INFO  impl.RaftServerImpl (RaftServerImpl.java:setRole(171)) - bd4ee36a-163f-41b3-9835-398a73d63a00:group-BC8913B4DB33 changes role from CANDIDATE to LEADER at term 1 for changeToLeader
2019-07-13 22:39:22,141 INFO  impl.RaftServerImpl (ServerState.java:setLeader(263)) - bd4ee36a-163f-41b3-9835-398a73d63a00:group-BC8913B4DB33 change Leader from null to bd4ee36a-163f-41b3-9835-398a73d63a00 at term 1 for becomeLeader, leader elected after 5148ms
2019-07-13 22:39:22,141 INFO  server.RaftServerConfigKeys (ConfUtils.java:logGet(43)) - raft.server.staging.catchup.gap = 1000 (default)
2019-07-13 22:39:22,141 INFO  server.RaftServerConfigKeys (ConfUtils.java:logGet(43)) - raft.server.rpc.sleep.time = 25ms (default)
2019-07-13 22:39:22,141 INFO  server.RaftServerConfigKeys (ConfUtils.java:logGet(43)) - raft.server.write.element-limit = 4096 (default)
2019-07-13 22:39:22,141 INFO  server.RaftServerConfigKeys (ConfUtils.java:logGet(43)) - raft.server.watch.timeout = 10s (default)
2019-07-13 22:39:22,141 INFO  server.RaftServerConfigKeys (ConfUtils.java:logGet(43)) - raft.server.watch.timeout.denomination = 1s (default)
2019-07-13 22:39:22,142 INFO  server.RaftServerConfigKeys (ConfUtils.java:logGet(43)) - raft.server.watch.element-limit = 65536 (default)
2019-07-13 22:39:22,142 INFO  impl.RoleInfo (RoleInfo.java:updateAndGet(143)) - bd4ee36a-163f-41b3-9835-398a73d63a00: start LeaderState
2019-07-13 22:39:22,142 INFO  segmented.SegmentedRaftLogWorker (SegmentedRaftLogWorker.java:startLogSegment(380)) - bd4ee36a-163f-41b3-9835-398a73d63a00-SegmentedRaftLogWorker:Storage Directory /tmp/workdir/hadoop-ozone/integration-test/target/test-dir/MiniOzoneClusterImpl-ae05db68-18ba-4bf1-995b-9a16c5287bb4/datanode-6/data/ratis/9ca61dec-a1a7-4419-8515-bc8913b4db33: Starting segment from index:0
2019-07-13 22:39:22,143 INFO  impl.RaftServerImpl (ServerState.java:setRaftConf(361)) - bd4ee36a-163f-41b3-9835-398a73d63a00:group-BC8913B4DB33 set configuration 0: [bd4ee36a-163f-41b3-9835-398a73d63a00:192.168.5.159:44929], old=null at 0
2019-07-13 22:39:22,166 INFO  client.GrpcClientProtocolClient (GrpcClientProtocolClient.java:onNext(255)) - client-C104B929EE11->49bd2d0c-aff6-4308-aa5c-2cebe2048af3: receive RaftClientReply:client-C104B929EE11->49bd2d0c-aff6-4308-aa5c-2cebe2048af3@group-1E65B0DE3A35, cid=103, FAILED org.apache.ratis.protocol.NotLeaderException: Server 49bd2d0c-aff6-4308-aa5c-2cebe2048af3 is not the leader (null). Request must be sent to leader., logIndex=0, commits[49bd2d0c-aff6-4308-aa5c-2cebe2048af3:c-1]
2019-07-13 22:39:22,179 INFO  segmented.SegmentedRaftLogWorker (SegmentedRaftLogWorker.java:execute(569)) - bd4ee36a-163f-41b3-9835-398a73d63a00-SegmentedRaftLogWorker:Storage Directory /tmp/workdir/hadoop-ozone/integration-test/target/test-dir/MiniOzoneClusterImpl-ae05db68-18ba-4bf1-995b-9a16c5287bb4/datanode-6/data/ratis/9ca61dec-a1a7-4419-8515-bc8913b4db33: created new log segment /tmp/workdir/hadoop-ozone/integration-test/target/test-dir/MiniOzoneClusterImpl-ae05db68-18ba-4bf1-995b-9a16c5287bb4/datanode-6/data/ratis/9ca61dec-a1a7-4419-8515-bc8913b4db33/current/log_inprogress_0
2019-07-13 22:39:23,188 INFO  client.GrpcClientProtocolClient (GrpcClientProtocolClient.java:onNext(255)) - client-C104B929EE11->4db0d2ab-2bf5-4a6b-8979-1cbb97645a4e: receive RaftClientReply:client-C104B929EE11->4db0d2ab-2bf5-4a6b-8979-1cbb97645a4e@group-1E65B0DE3A35, cid=103, FAILED org.apache.ratis.protocol.NotLeaderException: Server 4db0d2ab-2bf5-4a6b-8979-1cbb97645a4e is not the leader (null). Request must be sent to leader., logIndex=0, commits[4db0d2ab-2bf5-4a6b-8979-1cbb97645a4e:c-1]
2019-07-13 22:39:24,211 INFO  client.GrpcClientProtocolClient (GrpcClientProtocolClient.java:onNext(255)) - client-C104B929EE11->49bd2d0c-aff6-4308-aa5c-2cebe2048af3: receive RaftClientReply:client-C104B929EE11->49bd2d0c-aff6-4308-aa5c-2cebe2048af3@group-1E65B0DE3A35, cid=103, FAILED org.apache.ratis.protocol.NotLeaderException: Server 49bd2d0c-aff6-4308-aa5c-2cebe2048af3 is not the leader (null). Request must be sent to leader., logIndex=0, commits[49bd2d0c-aff6-4308-aa5c-2cebe2048af3:c-1]
2019-07-13 22:39:25,234 INFO  client.GrpcClientProtocolClient (GrpcClientProtocolClient.java:onNext(255)) - client-C104B929EE11->4db0d2ab-2bf5-4a6b-8979-1cbb97645a4e: receive RaftClientReply:client-C104B929EE11->4db0d2ab-2bf5-4a6b-8979-1cbb97645a4e@group-1E65B0DE3A35, cid=103, FAILED org.apache.ratis.protocol.NotLeaderException: Server 4db0d2ab-2bf5-4a6b-8979-1cbb97645a4e is not the leader (null). Request must be sent to leader., logIndex=0, commits[4db0d2ab-2bf5-4a6b-8979-1cbb97645a4e:c-1]
2019-07-13 22:39:25,252 INFO  impl.FollowerState (FollowerState.java:run(106)) - 931aa43a-3005-4ae9-bd51-950a6ab0f1a0:group-4C38967AC463 changes to CANDIDATE, lastRpcTime:5192, electionTimeout:5182ms
2019-07-13 22:39:25,256 INFO  impl.RoleInfo (RoleInfo.java:shutdownFollowerState(121)) - 931aa43a-3005-4ae9-bd51-950a6ab0f1a0: shutdown FollowerState
2019-07-13 22:39:25,256 INFO  impl.RaftServerImpl (RaftServerImpl.java:setRole(171)) - 931aa43a-3005-4ae9-bd51-950a6ab0f1a0:group-4C38967AC463 changes role from FOLLOWER to CANDIDATE at term 30 for changeToCandidate
2019-07-13 22:39:25,260 INFO  impl.RoleInfo (RoleInfo.java:updateAndGet(143)) - 931aa43a-3005-4ae9-bd51-950a6ab0f1a0: start LeaderElection
2019-07-13 22:39:25,281 INFO  impl.LeaderElection (LeaderElection.java:askForVotes(181)) - 931aa43a-3005-4ae9-bd51-950a6ab0f1a0:group-4C38967AC463:LeaderElection99: begin an election at term 31 for 0: [931aa43a-3005-4ae9-bd51-950a6ab0f1a0:192.168.5.159:40307, bf9e593e-7983-4fed-9d6c-fff1d62489b6:192.168.5.159:41407, 7c51e767-727f-44cf-ac53-49a5938351e1:192.168.5.159:36546], old=null
2019-07-13 22:39:25,282 INFO  impl.LeaderElection (LogUtils.java:infoOrTrace(149)) - 931aa43a-3005-4ae9-bd51-950a6ab0f1a0:group-4C38967AC463:LeaderElection99 got exception when requesting votes: {}
java.util.concurrent.ExecutionException: org.apache.ratis.thirdparty.io.grpc.StatusRuntimeException: UNAVAILABLE: io exception
	at java.util.concurrent.FutureTask.report(FutureTask.java:122)
	at java.util.concurrent.FutureTask.get(FutureTask.java:192)
	at org.apache.ratis.server.impl.LeaderElection.waitForResults(LeaderElection.java:262)
	at org.apache.ratis.server.impl.LeaderElection.askForVotes(LeaderElection.java:200)
	at org.apache.ratis.server.impl.LeaderElection.run(LeaderElection.java:130)
	at java.lang.Thread.run(Thread.java:748)
Caused by: org.apache.ratis.thirdparty.io.grpc.StatusRuntimeException: UNAVAILABLE: io exception
	at org.apache.ratis.thirdparty.io.grpc.stub.ClientCalls.toStatusRuntimeException(ClientCalls.java:233)
	at org.apache.ratis.thirdparty.io.grpc.stub.ClientCalls.getUnchecked(ClientCalls.java:214)
	at org.apache.ratis.thirdparty.io.grpc.stub.ClientCalls.blockingUnaryCall(ClientCalls.java:139)
	at org.apache.ratis.proto.grpc.RaftServerProtocolServiceGrpc$RaftServerProtocolServiceBlockingStub.requestVote(RaftServerProtocolServiceGrpc.java:265)
	at org.apache.ratis.grpc.server.GrpcServerProtocolClient.requestVote(GrpcServerProtocolClient.java:83)
	at org.apache.ratis.grpc.server.GrpcService.requestVote(GrpcService.java:195)
	at org.apache.ratis.server.impl.LeaderElection.lambda$submitRequests$1(LeaderElection.java:237)
	at java.util.concurrent.FutureTask.run(FutureTask.java:266)
	at java.util.concurrent.Executors$RunnableAdapter.call(Executors.java:511)
	at java.util.concurrent.FutureTask.run(FutureTask.java:266)
	at java.util.concurrent.ThreadPoolExecutor.runWorker(ThreadPoolExecutor.java:1149)
	at java.util.concurrent.ThreadPoolExecutor$Worker.run(ThreadPoolExecutor.java:624)
	... 1 more
Caused by: org.apache.ratis.thirdparty.io.netty.channel.AbstractChannel$AnnotatedConnectException: Connection refused: /192.168.5.159:36546
	at sun.nio.ch.SocketChannelImpl.checkConnect(Native Method)
	at sun.nio.ch.SocketChannelImpl.finishConnect(SocketChannelImpl.java:717)
	at org.apache.ratis.thirdparty.io.netty.channel.socket.nio.NioSocketChannel.doFinishConnect(NioSocketChannel.java:327)
	at org.apache.ratis.thirdparty.io.netty.channel.nio.AbstractNioChannel$AbstractNioUnsafe.finishConnect(AbstractNioChannel.java:340)
	at org.apache.ratis.thirdparty.io.netty.channel.nio.NioEventLoop.processSelectedKey(NioEventLoop.java:632)
	at org.apache.ratis.thirdparty.io.netty.channel.nio.NioEventLoop.processSelectedKeysOptimized(NioEventLoop.java:579)
	at org.apache.ratis.thirdparty.io.netty.channel.nio.NioEventLoop.processSelectedKeys(NioEventLoop.java:496)
	at org.apache.ratis.thirdparty.io.netty.channel.nio.NioEventLoop.run(NioEventLoop.java:458)
	at org.apache.ratis.thirdparty.io.netty.util.concurrent.SingleThreadEventExecutor$5.run(SingleThreadEventExecutor.java:897)
	at org.apache.ratis.thirdparty.io.netty.util.concurrent.FastThreadLocalRunnable.run(FastThreadLocalRunnable.java:30)
	... 1 more
Caused by: java.net.ConnectException: Connection refused
	... 11 more
2019-07-13 22:39:25,286 INFO  impl.LeaderElection (LogUtils.java:infoOrTrace(149)) - 931aa43a-3005-4ae9-bd51-950a6ab0f1a0:group-4C38967AC463:LeaderElection99 got exception when requesting votes: {}
java.util.concurrent.ExecutionException: org.apache.ratis.thirdparty.io.grpc.StatusRuntimeException: UNAVAILABLE: io exception
	at java.util.concurrent.FutureTask.report(FutureTask.java:122)
	at java.util.concurrent.FutureTask.get(FutureTask.java:192)
	at org.apache.ratis.server.impl.LeaderElection.waitForResults(LeaderElection.java:262)
	at org.apache.ratis.server.impl.LeaderElection.askForVotes(LeaderElection.java:200)
	at org.apache.ratis.server.impl.LeaderElection.run(LeaderElection.java:130)
	at java.lang.Thread.run(Thread.java:748)
Caused by: org.apache.ratis.thirdparty.io.grpc.StatusRuntimeException: UNAVAILABLE: io exception
	at org.apache.ratis.thirdparty.io.grpc.stub.ClientCalls.toStatusRuntimeException(ClientCalls.java:233)
	at org.apache.ratis.thirdparty.io.grpc.stub.ClientCalls.getUnchecked(ClientCalls.java:214)
	at org.apache.ratis.thirdparty.io.grpc.stub.ClientCalls.blockingUnaryCall(ClientCalls.java:139)
	at org.apache.ratis.proto.grpc.RaftServerProtocolServiceGrpc$RaftServerProtocolServiceBlockingStub.requestVote(RaftServerProtocolServiceGrpc.java:265)
	at org.apache.ratis.grpc.server.GrpcServerProtocolClient.requestVote(GrpcServerProtocolClient.java:83)
	at org.apache.ratis.grpc.server.GrpcService.requestVote(GrpcService.java:195)
	at org.apache.ratis.server.impl.LeaderElection.lambda$submitRequests$1(LeaderElection.java:237)
	at java.util.concurrent.FutureTask.run(FutureTask.java:266)
	at java.util.concurrent.Executors$RunnableAdapter.call(Executors.java:511)
	at java.util.concurrent.FutureTask.run(FutureTask.java:266)
	at java.util.concurrent.ThreadPoolExecutor.runWorker(ThreadPoolExecutor.java:1149)
	at java.util.concurrent.ThreadPoolExecutor$Worker.run(ThreadPoolExecutor.java:624)
	... 1 more
Caused by: org.apache.ratis.thirdparty.io.netty.channel.AbstractChannel$AnnotatedConnectException: Connection refused: /192.168.5.159:41407
	at sun.nio.ch.SocketChannelImpl.checkConnect(Native Method)
	at sun.nio.ch.SocketChannelImpl.finishConnect(SocketChannelImpl.java:717)
	at org.apache.ratis.thirdparty.io.netty.channel.socket.nio.NioSocketChannel.doFinishConnect(NioSocketChannel.java:327)
	at org.apache.ratis.thirdparty.io.netty.channel.nio.AbstractNioChannel$AbstractNioUnsafe.finishConnect(AbstractNioChannel.java:340)
	at org.apache.ratis.thirdparty.io.netty.channel.nio.NioEventLoop.processSelectedKey(NioEventLoop.java:632)
	at org.apache.ratis.thirdparty.io.netty.channel.nio.NioEventLoop.processSelectedKeysOptimized(NioEventLoop.java:579)
	at org.apache.ratis.thirdparty.io.netty.channel.nio.NioEventLoop.processSelectedKeys(NioEventLoop.java:496)
	at org.apache.ratis.thirdparty.io.netty.channel.nio.NioEventLoop.run(NioEventLoop.java:458)
	at org.apache.ratis.thirdparty.io.netty.util.concurrent.SingleThreadEventExecutor$5.run(SingleThreadEventExecutor.java:897)
	at org.apache.ratis.thirdparty.io.netty.util.concurrent.FastThreadLocalRunnable.run(FastThreadLocalRunnable.java:30)
	... 1 more
Caused by: java.net.ConnectException: Connection refused
	... 11 more
2019-07-13 22:39:25,290 INFO  impl.LeaderElection (LeaderElection.java:logAndReturn(56)) - 931aa43a-3005-4ae9-bd51-950a6ab0f1a0:group-4C38967AC463:LeaderElection99: Election REJECTED; received 0 response(s) [] and 2 exception(s); 931aa43a-3005-4ae9-bd51-950a6ab0f1a0:t31, leader=null, voted=931aa43a-3005-4ae9-bd51-950a6ab0f1a0, raftlog=931aa43a-3005-4ae9-bd51-950a6ab0f1a0-SegmentedRaftLog:OPENED:c16,f16,i16, conf=0: [931aa43a-3005-4ae9-bd51-950a6ab0f1a0:192.168.5.159:40307, bf9e593e-7983-4fed-9d6c-fff1d62489b6:192.168.5.159:41407, 7c51e767-727f-44cf-ac53-49a5938351e1:192.168.5.159:36546], old=null
2019-07-13 22:39:25,290 INFO  impl.LeaderElection (LogUtils.java:infoOrTrace(149)) -   Exception 0: {}
java.util.concurrent.ExecutionException: org.apache.ratis.thirdparty.io.grpc.StatusRuntimeException: UNAVAILABLE: io exception
	at java.util.concurrent.FutureTask.report(FutureTask.java:122)
	at java.util.concurrent.FutureTask.get(FutureTask.java:192)
	at org.apache.ratis.server.impl.LeaderElection.waitForResults(LeaderElection.java:262)
	at org.apache.ratis.server.impl.LeaderElection.askForVotes(LeaderElection.java:200)
	at org.apache.ratis.server.impl.LeaderElection.run(LeaderElection.java:130)
	at java.lang.Thread.run(Thread.java:748)
Caused by: org.apache.ratis.thirdparty.io.grpc.StatusRuntimeException: UNAVAILABLE: io exception
	at org.apache.ratis.thirdparty.io.grpc.stub.ClientCalls.toStatusRuntimeException(ClientCalls.java:233)
	at org.apache.ratis.thirdparty.io.grpc.stub.ClientCalls.getUnchecked(ClientCalls.java:214)
	at org.apache.ratis.thirdparty.io.grpc.stub.ClientCalls.blockingUnaryCall(ClientCalls.java:139)
	at org.apache.ratis.proto.grpc.RaftServerProtocolServiceGrpc$RaftServerProtocolServiceBlockingStub.requestVote(RaftServerProtocolServiceGrpc.java:265)
	at org.apache.ratis.grpc.server.GrpcServerProtocolClient.requestVote(GrpcServerProtocolClient.java:83)
	at org.apache.ratis.grpc.server.GrpcService.requestVote(GrpcService.java:195)
	at org.apache.ratis.server.impl.LeaderElection.lambda$submitRequests$1(LeaderElection.java:237)
	at java.util.concurrent.FutureTask.run(FutureTask.java:266)
	at java.util.concurrent.Executors$RunnableAdapter.call(Executors.java:511)
	at java.util.concurrent.FutureTask.run(FutureTask.java:266)
	at java.util.concurrent.ThreadPoolExecutor.runWorker(ThreadPoolExecutor.java:1149)
	at java.util.concurrent.ThreadPoolExecutor$Worker.run(ThreadPoolExecutor.java:624)
	... 1 more
Caused by: org.apache.ratis.thirdparty.io.netty.channel.AbstractChannel$AnnotatedConnectException: Connection refused: /192.168.5.159:36546
	at sun.nio.ch.SocketChannelImpl.checkConnect(Native Method)
	at sun.nio.ch.SocketChannelImpl.finishConnect(SocketChannelImpl.java:717)
	at org.apache.ratis.thirdparty.io.netty.channel.socket.nio.NioSocketChannel.doFinishConnect(NioSocketChannel.java:327)
	at org.apache.ratis.thirdparty.io.netty.channel.nio.AbstractNioChannel$AbstractNioUnsafe.finishConnect(AbstractNioChannel.java:340)
	at org.apache.ratis.thirdparty.io.netty.channel.nio.NioEventLoop.processSelectedKey(NioEventLoop.java:632)
	at org.apache.ratis.thirdparty.io.netty.channel.nio.NioEventLoop.processSelectedKeysOptimized(NioEventLoop.java:579)
	at org.apache.ratis.thirdparty.io.netty.channel.nio.NioEventLoop.processSelectedKeys(NioEventLoop.java:496)
	at org.apache.ratis.thirdparty.io.netty.channel.nio.NioEventLoop.run(NioEventLoop.java:458)
	at org.apache.ratis.thirdparty.io.netty.util.concurrent.SingleThreadEventExecutor$5.run(SingleThreadEventExecutor.java:897)
	at org.apache.ratis.thirdparty.io.netty.util.concurrent.FastThreadLocalRunnable.run(FastThreadLocalRunnable.java:30)
	... 1 more
Caused by: java.net.ConnectException: Connection refused
	... 11 more
2019-07-13 22:39:25,290 INFO  impl.LeaderElection (LogUtils.java:infoOrTrace(149)) -   Exception 1: {}
java.util.concurrent.ExecutionException: org.apache.ratis.thirdparty.io.grpc.StatusRuntimeException: UNAVAILABLE: io exception
	at java.util.concurrent.FutureTask.report(FutureTask.java:122)
	at java.util.concurrent.FutureTask.get(FutureTask.java:192)
	at org.apache.ratis.server.impl.LeaderElection.waitForResults(LeaderElection.java:262)
	at org.apache.ratis.server.impl.LeaderElection.askForVotes(LeaderElection.java:200)
	at org.apache.ratis.server.impl.LeaderElection.run(LeaderElection.java:130)
	at java.lang.Thread.run(Thread.java:748)
Caused by: org.apache.ratis.thirdparty.io.grpc.StatusRuntimeException: UNAVAILABLE: io exception
	at org.apache.ratis.thirdparty.io.grpc.stub.ClientCalls.toStatusRuntimeException(ClientCalls.java:233)
	at org.apache.ratis.thirdparty.io.grpc.stub.ClientCalls.getUnchecked(ClientCalls.java:214)
	at org.apache.ratis.thirdparty.io.grpc.stub.ClientCalls.blockingUnaryCall(ClientCalls.java:139)
	at org.apache.ratis.proto.grpc.RaftServerProtocolServiceGrpc$RaftServerProtocolServiceBlockingStub.requestVote(RaftServerProtocolServiceGrpc.java:265)
	at org.apache.ratis.grpc.server.GrpcServerProtocolClient.requestVote(GrpcServerProtocolClient.java:83)
	at org.apache.ratis.grpc.server.GrpcService.requestVote(GrpcService.java:195)
	at org.apache.ratis.server.impl.LeaderElection.lambda$submitRequests$1(LeaderElection.java:237)
	at java.util.concurrent.FutureTask.run(FutureTask.java:266)
	at java.util.concurrent.Executors$RunnableAdapter.call(Executors.java:511)
	at java.util.concurrent.FutureTask.run(FutureTask.java:266)
	at java.util.concurrent.ThreadPoolExecutor.runWorker(ThreadPoolExecutor.java:1149)
	at java.util.concurrent.ThreadPoolExecutor$Worker.run(ThreadPoolExecutor.java:624)
	... 1 more
Caused by: org.apache.ratis.thirdparty.io.netty.channel.AbstractChannel$AnnotatedConnectException: Connection refused: /192.168.5.159:41407
	at sun.nio.ch.SocketChannelImpl.checkConnect(Native Method)
	at sun.nio.ch.SocketChannelImpl.finishConnect(SocketChannelImpl.java:717)
	at org.apache.ratis.thirdparty.io.netty.channel.socket.nio.NioSocketChannel.doFinishConnect(NioSocketChannel.java:327)
	at org.apache.ratis.thirdparty.io.netty.channel.nio.AbstractNioChannel$AbstractNioUnsafe.finishConnect(AbstractNioChannel.java:340)
	at org.apache.ratis.thirdparty.io.netty.channel.nio.NioEventLoop.processSelectedKey(NioEventLoop.java:632)
	at org.apache.ratis.thirdparty.io.netty.channel.nio.NioEventLoop.processSelectedKeysOptimized(NioEventLoop.java:579)
	at org.apache.ratis.thirdparty.io.netty.channel.nio.NioEventLoop.processSelectedKeys(NioEventLoop.java:496)
	at org.apache.ratis.thirdparty.io.netty.channel.nio.NioEventLoop.run(NioEventLoop.java:458)
	at org.apache.ratis.thirdparty.io.netty.util.concurrent.SingleThreadEventExecutor$5.run(SingleThreadEventExecutor.java:897)
	at org.apache.ratis.thirdparty.io.netty.util.concurrent.FastThreadLocalRunnable.run(FastThreadLocalRunnable.java:30)
	... 1 more
Caused by: java.net.ConnectException: Connection refused
	... 11 more
2019-07-13 22:39:25,290 INFO  impl.RaftServerImpl (RaftServerImpl.java:setRole(171)) - 931aa43a-3005-4ae9-bd51-950a6ab0f1a0:group-4C38967AC463 changes role from CANDIDATE to FOLLOWER at term 31 for DISCOVERED_A_NEW_TERM
2019-07-13 22:39:25,290 INFO  impl.RoleInfo (RoleInfo.java:shutdownLeaderElection(134)) - 931aa43a-3005-4ae9-bd51-950a6ab0f1a0: shutdown LeaderElection
2019-07-13 22:39:25,290 INFO  impl.RoleInfo (RoleInfo.java:updateAndGet(143)) - 931aa43a-3005-4ae9-bd51-950a6ab0f1a0: start FollowerState
2019-07-13 22:39:26,046 INFO  pipeline.PipelineActionHandler (PipelineActionHandler.java:onMessage(60)) - Received pipeline action CLOSE for Pipeline[ Id: 91d49eb2-c5d8-4ffe-8166-4c38967ac463, Nodes: bf9e593e-7983-4fed-9d6c-fff1d62489b6{ip: 192.168.5.159, host: trunk-nightly-x8m8d-1534914823, networkLocation: /default-rack, certSerialId: null}7c51e767-727f-44cf-ac53-49a5938351e1{ip: 192.168.5.159, host: trunk-nightly-x8m8d-1534914823, networkLocation: /default-rack, certSerialId: null}931aa43a-3005-4ae9-bd51-950a6ab0f1a0{ip: 192.168.5.159, host: trunk-nightly-x8m8d-1534914823, networkLocation: /default-rack, certSerialId: null}, Type:RATIS, Factor:THREE, State:CLOSED] from datanode [}
2019-07-13 22:39:26,047 INFO  pipeline.SCMPipelineManager (SCMPipelineManager.java:finalizeAndDestroyPipeline(309)) - destroying pipeline:Pipeline[ Id: 91d49eb2-c5d8-4ffe-8166-4c38967ac463, Nodes: bf9e593e-7983-4fed-9d6c-fff1d62489b6{ip: 192.168.5.159, host: trunk-nightly-x8m8d-1534914823, networkLocation: /default-rack, certSerialId: null}7c51e767-727f-44cf-ac53-49a5938351e1{ip: 192.168.5.159, host: trunk-nightly-x8m8d-1534914823, networkLocation: /default-rack, certSerialId: null}931aa43a-3005-4ae9-bd51-950a6ab0f1a0{ip: 192.168.5.159, host: trunk-nightly-x8m8d-1534914823, networkLocation: /default-rack, certSerialId: null}, Type:RATIS, Factor:THREE, State:CLOSED]
2019-07-13 22:39:26,271 INFO  client.GrpcClientProtocolClient (GrpcClientProtocolClient.java:onNext(255)) - client-C104B929EE11->49bd2d0c-aff6-4308-aa5c-2cebe2048af3: receive RaftClientReply:client-C104B929EE11->49bd2d0c-aff6-4308-aa5c-2cebe2048af3@group-1E65B0DE3A35, cid=103, FAILED org.apache.ratis.protocol.NotLeaderException: Server 49bd2d0c-aff6-4308-aa5c-2cebe2048af3 is not the leader (null). Request must be sent to leader., logIndex=0, commits[49bd2d0c-aff6-4308-aa5c-2cebe2048af3:c-1]
2019-07-13 22:39:26,551 INFO  impl.FollowerState (FollowerState.java:run(106)) - 4db0d2ab-2bf5-4a6b-8979-1cbb97645a4e:group-1E65B0DE3A35 changes to CANDIDATE, lastRpcTime:5058, electionTimeout:5058ms
2019-07-13 22:39:26,551 INFO  impl.RoleInfo (RoleInfo.java:shutdownFollowerState(121)) - 4db0d2ab-2bf5-4a6b-8979-1cbb97645a4e: shutdown FollowerState
2019-07-13 22:39:26,552 INFO  impl.RaftServerImpl (RaftServerImpl.java:setRole(171)) - 4db0d2ab-2bf5-4a6b-8979-1cbb97645a4e:group-1E65B0DE3A35 changes role from FOLLOWER to CANDIDATE at term 1 for changeToCandidate
2019-07-13 22:39:26,552 INFO  impl.RoleInfo (RoleInfo.java:updateAndGet(143)) - 4db0d2ab-2bf5-4a6b-8979-1cbb97645a4e: start LeaderElection
2019-07-13 22:39:26,592 INFO  impl.FollowerState (FollowerState.java:run(106)) - 4bda7ba0-4524-4538-88f4-90e4b8f4e191:group-1E65B0DE3A35 changes to CANDIDATE, lastRpcTime:5095, electionTimeout:5095ms
2019-07-13 22:39:26,592 INFO  impl.RoleInfo (RoleInfo.java:shutdownFollowerState(121)) - 4bda7ba0-4524-4538-88f4-90e4b8f4e191: shutdown FollowerState
2019-07-13 22:39:26,592 INFO  impl.RaftServerImpl (RaftServerImpl.java:setRole(171)) - 4bda7ba0-4524-4538-88f4-90e4b8f4e191:group-1E65B0DE3A35 changes role from FOLLOWER to CANDIDATE at term 1 for changeToCandidate
2019-07-13 22:39:26,593 INFO  impl.RoleInfo (RoleInfo.java:updateAndGet(143)) - 4bda7ba0-4524-4538-88f4-90e4b8f4e191: start LeaderElection
2019-07-13 22:39:26,598 INFO  impl.LeaderElection (LeaderElection.java:askForVotes(181)) - 4db0d2ab-2bf5-4a6b-8979-1cbb97645a4e:group-1E65B0DE3A35:LeaderElection100: begin an election at term 2 for -1: [49bd2d0c-aff6-4308-aa5c-2cebe2048af3:192.168.5.159:43578, 4bda7ba0-4524-4538-88f4-90e4b8f4e191:192.168.5.159:37681, 4db0d2ab-2bf5-4a6b-8979-1cbb97645a4e:192.168.5.159:39196], old=null
2019-07-13 22:39:26,598 INFO  impl.LeaderElection (LeaderElection.java:askForVotes(181)) - 4bda7ba0-4524-4538-88f4-90e4b8f4e191:group-1E65B0DE3A35:LeaderElection101: begin an election at term 2 for -1: [49bd2d0c-aff6-4308-aa5c-2cebe2048af3:192.168.5.159:43578, 4bda7ba0-4524-4538-88f4-90e4b8f4e191:192.168.5.159:37681, 4db0d2ab-2bf5-4a6b-8979-1cbb97645a4e:192.168.5.159:39196], old=null
2019-07-13 22:39:26,602 INFO  impl.RaftServerImpl (RaftServerImpl.java:setRole(171)) - 49bd2d0c-aff6-4308-aa5c-2cebe2048af3:group-1E65B0DE3A35 changes role from FOLLOWER to FOLLOWER at term 2 for recognizeCandidate:4bda7ba0-4524-4538-88f4-90e4b8f4e191
2019-07-13 22:39:26,603 INFO  impl.RoleInfo (RoleInfo.java:shutdownFollowerState(121)) - 49bd2d0c-aff6-4308-aa5c-2cebe2048af3: shutdown FollowerState
2019-07-13 22:39:26,603 INFO  impl.RoleInfo (RoleInfo.java:updateAndGet(143)) - 49bd2d0c-aff6-4308-aa5c-2cebe2048af3: start FollowerState
2019-07-13 22:39:26,603 INFO  impl.FollowerState (FollowerState.java:run(114)) - 49bd2d0c-aff6-4308-aa5c-2cebe2048af3: FollowerState was interrupted: java.lang.InterruptedException: sleep interrupted
2019-07-13 22:39:26,618 INFO  impl.LeaderElection (LeaderElection.java:logAndReturn(56)) - 4bda7ba0-4524-4538-88f4-90e4b8f4e191:group-1E65B0DE3A35:LeaderElection101: Election PASSED; received 2 response(s) [4bda7ba0-4524-4538-88f4-90e4b8f4e191<-49bd2d0c-aff6-4308-aa5c-2cebe2048af3#0:OK-t2, 4bda7ba0-4524-4538-88f4-90e4b8f4e191<-4db0d2ab-2bf5-4a6b-8979-1cbb97645a4e#0:FAIL-t2] and 0 exception(s); 4bda7ba0-4524-4538-88f4-90e4b8f4e191:t2, leader=null, voted=4bda7ba0-4524-4538-88f4-90e4b8f4e191, raftlog=4bda7ba0-4524-4538-88f4-90e4b8f4e191-SegmentedRaftLog:OPENED:c-1,f-1,i0, conf=-1: [49bd2d0c-aff6-4308-aa5c-2cebe2048af3:192.168.5.159:43578, 4bda7ba0-4524-4538-88f4-90e4b8f4e191:192.168.5.159:37681, 4db0d2ab-2bf5-4a6b-8979-1cbb97645a4e:192.168.5.159:39196], old=null
2019-07-13 22:39:26,618 INFO  impl.LeaderElection (LeaderElection.java:logAndReturn(56)) - 4db0d2ab-2bf5-4a6b-8979-1cbb97645a4e:group-1E65B0DE3A35:LeaderElection100: Election REJECTED; received 2 response(s) [4db0d2ab-2bf5-4a6b-8979-1cbb97645a4e<-49bd2d0c-aff6-4308-aa5c-2cebe2048af3#0:FAIL-t2, 4db0d2ab-2bf5-4a6b-8979-1cbb97645a4e<-4bda7ba0-4524-4538-88f4-90e4b8f4e191#0:FAIL-t2] and 0 exception(s); 4db0d2ab-2bf5-4a6b-8979-1cbb97645a4e:t2, leader=null, voted=4db0d2ab-2bf5-4a6b-8979-1cbb97645a4e, raftlog=4db0d2ab-2bf5-4a6b-8979-1cbb97645a4e-SegmentedRaftLog:OPENED:c-1,f-1,i0, conf=-1: [49bd2d0c-aff6-4308-aa5c-2cebe2048af3:192.168.5.159:43578, 4bda7ba0-4524-4538-88f4-90e4b8f4e191:192.168.5.159:37681, 4db0d2ab-2bf5-4a6b-8979-1cbb97645a4e:192.168.5.159:39196], old=null
2019-07-13 22:39:26,618 INFO  impl.RoleInfo (RoleInfo.java:shutdownLeaderElection(134)) - 4bda7ba0-4524-4538-88f4-90e4b8f4e191: shutdown LeaderElection
2019-07-13 22:39:26,618 INFO  impl.RaftServerImpl (RaftServerImpl.java:setRole(171)) - 4db0d2ab-2bf5-4a6b-8979-1cbb97645a4e:group-1E65B0DE3A35 changes role from CANDIDATE to FOLLOWER at term 2 for DISCOVERED_A_NEW_TERM
2019-07-13 22:39:26,619 INFO  impl.RaftServerImpl (RaftServerImpl.java:setRole(171)) - 4bda7ba0-4524-4538-88f4-90e4b8f4e191:group-1E65B0DE3A35 changes role from CANDIDATE to LEADER at term 2 for changeToLeader
2019-07-13 22:39:26,619 INFO  impl.RoleInfo (RoleInfo.java:shutdownLeaderElection(134)) - 4db0d2ab-2bf5-4a6b-8979-1cbb97645a4e: shutdown LeaderElection
2019-07-13 22:39:26,619 INFO  impl.RaftServerImpl (ServerState.java:setLeader(263)) - 4bda7ba0-4524-4538-88f4-90e4b8f4e191:group-1E65B0DE3A35 change Leader from null to 4bda7ba0-4524-4538-88f4-90e4b8f4e191 at term 2 for becomeLeader, leader elected after 10298ms
2019-07-13 22:39:26,619 INFO  impl.RoleInfo (RoleInfo.java:updateAndGet(143)) - 4db0d2ab-2bf5-4a6b-8979-1cbb97645a4e: start FollowerState
2019-07-13 22:39:26,619 INFO  server.RaftServerConfigKeys (ConfUtils.java:logGet(43)) - raft.server.staging.catchup.gap = 1000 (default)
2019-07-13 22:39:26,619 INFO  server.RaftServerConfigKeys (ConfUtils.java:logGet(43)) - raft.server.rpc.sleep.time = 25ms (default)
2019-07-13 22:39:26,620 INFO  server.RaftServerConfigKeys (ConfUtils.java:logGet(43)) - raft.server.write.element-limit = 4096 (default)
2019-07-13 22:39:26,620 INFO  server.RaftServerConfigKeys (ConfUtils.java:logGet(43)) - raft.server.watch.timeout = 10s (default)
2019-07-13 22:39:26,620 INFO  server.RaftServerConfigKeys (ConfUtils.java:logGet(43)) - raft.server.watch.timeout.denomination = 1s (default)
2019-07-13 22:39:26,620 INFO  server.RaftServerConfigKeys (ConfUtils.java:logGet(43)) - raft.server.watch.element-limit = 65536 (default)
2019-07-13 22:39:26,620 INFO  server.RaftServerConfigKeys (ConfUtils.java:logGet(43)) - raft.server.log.appender.snapshot.chunk.size.max = 16MB (=16777216) (default)
2019-07-13 22:39:26,621 INFO  server.RaftServerConfigKeys (ConfUtils.java:logGet(43)) - raft.server.log.appender.buffer.byte-limit = 33554432 (custom)
2019-07-13 22:39:26,621 INFO  server.RaftServerConfigKeys (ConfUtils.java:logGet(43)) - raft.server.log.appender.buffer.element-limit = 1 (custom)
2019-07-13 22:39:26,621 INFO  grpc.GrpcConfigKeys$Server (ConfUtils.java:logGet(43)) - raft.grpc.server.leader.outstanding.appends.max = 128 (default)
2019-07-13 22:39:26,621 INFO  server.RaftServerConfigKeys (ConfUtils.java:logGet(43)) - raft.server.rpc.request.timeout = 3000ms (default)
2019-07-13 22:39:26,622 INFO  server.RaftServerConfigKeys (ConfUtils.java:logGet(43)) - raft.server.log.appender.install.snapshot.enabled = false (custom)
2019-07-13 22:39:26,622 INFO  server.RaftServerConfigKeys (ConfUtils.java:logGet(43)) - raft.server.log.appender.snapshot.chunk.size.max = 16MB (=16777216) (default)
2019-07-13 22:39:26,622 INFO  server.RaftServerConfigKeys (ConfUtils.java:logGet(43)) - raft.server.log.appender.buffer.byte-limit = 33554432 (custom)
2019-07-13 22:39:26,623 INFO  server.RaftServerConfigKeys (ConfUtils.java:logGet(43)) - raft.server.log.appender.buffer.element-limit = 1 (custom)
2019-07-13 22:39:26,623 INFO  grpc.GrpcConfigKeys$Server (ConfUtils.java:logGet(43)) - raft.grpc.server.leader.outstanding.appends.max = 128 (default)
2019-07-13 22:39:26,624 INFO  server.RaftServerConfigKeys (ConfUtils.java:logGet(43)) - raft.server.rpc.request.timeout = 3000ms (default)
2019-07-13 22:39:26,624 INFO  server.RaftServerConfigKeys (ConfUtils.java:logGet(43)) - raft.server.log.appender.install.snapshot.enabled = false (custom)
2019-07-13 22:39:26,624 INFO  impl.RoleInfo (RoleInfo.java:updateAndGet(143)) - 4bda7ba0-4524-4538-88f4-90e4b8f4e191: start LeaderState
2019-07-13 22:39:26,624 INFO  segmented.SegmentedRaftLogWorker (SegmentedRaftLogWorker.java:startLogSegment(380)) - 4bda7ba0-4524-4538-88f4-90e4b8f4e191-SegmentedRaftLogWorker:Storage Directory /tmp/workdir/hadoop-ozone/integration-test/target/test-dir/MiniOzoneClusterImpl-ae05db68-18ba-4bf1-995b-9a16c5287bb4/datanode-0/data/ratis/00ac5a53-8bcd-4f5d-8015-1e65b0de3a35: Starting segment from index:0
2019-07-13 22:39:26,626 INFO  impl.RaftServerImpl (ServerState.java:setRaftConf(361)) - 4bda7ba0-4524-4538-88f4-90e4b8f4e191:group-1E65B0DE3A35 set configuration 0: [49bd2d0c-aff6-4308-aa5c-2cebe2048af3:192.168.5.159:43578, 4bda7ba0-4524-4538-88f4-90e4b8f4e191:192.168.5.159:37681, 4db0d2ab-2bf5-4a6b-8979-1cbb97645a4e:192.168.5.159:39196], old=null at 0
2019-07-13 22:39:26,628 INFO  impl.RaftServerImpl (ServerState.java:setLeader(263)) - 4db0d2ab-2bf5-4a6b-8979-1cbb97645a4e:group-1E65B0DE3A35 change Leader from null to 4bda7ba0-4524-4538-88f4-90e4b8f4e191 at term 2 for appendEntries, leader elected after 10308ms
2019-07-13 22:39:26,628 INFO  impl.RaftServerImpl (ServerState.java:setLeader(263)) - 49bd2d0c-aff6-4308-aa5c-2cebe2048af3:group-1E65B0DE3A35 change Leader from null to 4bda7ba0-4524-4538-88f4-90e4b8f4e191 at term 2 for appendEntries, leader elected after 10307ms
2019-07-13 22:39:26,633 INFO  impl.RaftServerImpl (ServerState.java:setRaftConf(361)) - 4db0d2ab-2bf5-4a6b-8979-1cbb97645a4e:group-1E65B0DE3A35 set configuration 0: [49bd2d0c-aff6-4308-aa5c-2cebe2048af3:192.168.5.159:43578, 4bda7ba0-4524-4538-88f4-90e4b8f4e191:192.168.5.159:37681, 4db0d2ab-2bf5-4a6b-8979-1cbb97645a4e:192.168.5.159:39196], old=null at 0
2019-07-13 22:39:26,633 INFO  impl.RaftServerImpl (ServerState.java:setRaftConf(361)) - 49bd2d0c-aff6-4308-aa5c-2cebe2048af3:group-1E65B0DE3A35 set configuration 0: [49bd2d0c-aff6-4308-aa5c-2cebe2048af3:192.168.5.159:43578, 4bda7ba0-4524-4538-88f4-90e4b8f4e191:192.168.5.159:37681, 4db0d2ab-2bf5-4a6b-8979-1cbb97645a4e:192.168.5.159:39196], old=null at 0
2019-07-13 22:39:26,633 INFO  segmented.SegmentedRaftLogWorker (SegmentedRaftLogWorker.java:startLogSegment(380)) - 4db0d2ab-2bf5-4a6b-8979-1cbb97645a4e-SegmentedRaftLogWorker:Storage Directory /tmp/workdir/hadoop-ozone/integration-test/target/test-dir/MiniOzoneClusterImpl-ae05db68-18ba-4bf1-995b-9a16c5287bb4/datanode-2/data/ratis/00ac5a53-8bcd-4f5d-8015-1e65b0de3a35: Starting segment from index:0
2019-07-13 22:39:26,634 INFO  segmented.SegmentedRaftLogWorker (SegmentedRaftLogWorker.java:startLogSegment(380)) - 49bd2d0c-aff6-4308-aa5c-2cebe2048af3-SegmentedRaftLogWorker:Storage Directory /tmp/workdir/hadoop-ozone/integration-test/target/test-dir/MiniOzoneClusterImpl-ae05db68-18ba-4bf1-995b-9a16c5287bb4/datanode-1/data/ratis/00ac5a53-8bcd-4f5d-8015-1e65b0de3a35: Starting segment from index:0
2019-07-13 22:39:26,657 INFO  segmented.SegmentedRaftLogWorker (SegmentedRaftLogWorker.java:execute(569)) - 4bda7ba0-4524-4538-88f4-90e4b8f4e191-SegmentedRaftLogWorker:Storage Directory /tmp/workdir/hadoop-ozone/integration-test/target/test-dir/MiniOzoneClusterImpl-ae05db68-18ba-4bf1-995b-9a16c5287bb4/datanode-0/data/ratis/00ac5a53-8bcd-4f5d-8015-1e65b0de3a35: created new log segment /tmp/workdir/hadoop-ozone/integration-test/target/test-dir/MiniOzoneClusterImpl-ae05db68-18ba-4bf1-995b-9a16c5287bb4/datanode-0/data/ratis/00ac5a53-8bcd-4f5d-8015-1e65b0de3a35/current/log_inprogress_0
2019-07-13 22:39:26,657 INFO  segmented.SegmentedRaftLogWorker (SegmentedRaftLogWorker.java:execute(569)) - 4db0d2ab-2bf5-4a6b-8979-1cbb97645a4e-SegmentedRaftLogWorker:Storage Directory /tmp/workdir/hadoop-ozone/integration-test/target/test-dir/MiniOzoneClusterImpl-ae05db68-18ba-4bf1-995b-9a16c5287bb4/datanode-2/data/ratis/00ac5a53-8bcd-4f5d-8015-1e65b0de3a35: created new log segment /tmp/workdir/hadoop-ozone/integration-test/target/test-dir/MiniOzoneClusterImpl-ae05db68-18ba-4bf1-995b-9a16c5287bb4/datanode-2/data/ratis/00ac5a53-8bcd-4f5d-8015-1e65b0de3a35/current/log_inprogress_0
2019-07-13 22:39:26,657 INFO  segmented.SegmentedRaftLogWorker (SegmentedRaftLogWorker.java:execute(569)) - 49bd2d0c-aff6-4308-aa5c-2cebe2048af3-SegmentedRaftLogWorker:Storage Directory /tmp/workdir/hadoop-ozone/integration-test/target/test-dir/MiniOzoneClusterImpl-ae05db68-18ba-4bf1-995b-9a16c5287bb4/datanode-1/data/ratis/00ac5a53-8bcd-4f5d-8015-1e65b0de3a35: created new log segment /tmp/workdir/hadoop-ozone/integration-test/target/test-dir/MiniOzoneClusterImpl-ae05db68-18ba-4bf1-995b-9a16c5287bb4/datanode-1/data/ratis/00ac5a53-8bcd-4f5d-8015-1e65b0de3a35/current/log_inprogress_0
2019-07-13 22:39:27,360 INFO  client.GrpcClientProtocolClient (GrpcClientProtocolClient.java:onNext(255)) - client-C104B929EE11->4bda7ba0-4524-4538-88f4-90e4b8f4e191: receive RaftClientReply:client-C104B929EE11->4bda7ba0-4524-4538-88f4-90e4b8f4e191@group-1E65B0DE3A35, cid=103, SUCCESS, logIndex=1, commits[4bda7ba0-4524-4538-88f4-90e4b8f4e191:c2, 49bd2d0c-aff6-4308-aa5c-2cebe2048af3:c1, 4db0d2ab-2bf5-4a6b-8979-1cbb97645a4e:c1]
2019-07-13 22:39:27,361 INFO  datanode.ObjectStoreHandler (ObjectStoreHandler.java:close(155)) - Closing ObjectStoreHandler.
2019-07-13 22:39:27,369 INFO  ozone.HddsDatanodeService (HddsDatanodeService.java:stop(452)) - Stopped plug-in org.apache.hadoop.ozone.web.OzoneHddsDatanodeService@588614f9
2019-07-13 22:39:28,026 WARN  pipeline.RatisPipelineUtils (RatisPipelineUtils.java:destroyPipeline(66)) - Pipeline destroy failed for pipeline=PipelineID=c4c56116-07fb-4e94-bb2f-7faef086f0ea dn=bf9e593e-7983-4fed-9d6c-fff1d62489b6{ip: 192.168.5.159, host: trunk-nightly-x8m8d-1534914823, networkLocation: /default-rack, certSerialId: null}
2019-07-13 22:39:28,027 INFO  pipeline.PipelineStateManager (PipelineStateManager.java:removePipeline(108)) - Pipeline Pipeline[ Id: c4c56116-07fb-4e94-bb2f-7faef086f0ea, Nodes: bf9e593e-7983-4fed-9d6c-fff1d62489b6{ip: 192.168.5.159, host: trunk-nightly-x8m8d-1534914823, networkLocation: /default-rack, certSerialId: null}, Type:RATIS, Factor:ONE, State:CLOSED] removed from db
2019-07-13 22:39:28,029 WARN  pipeline.RatisPipelineUtils (RatisPipelineUtils.java:destroyPipeline(66)) - Pipeline destroy failed for pipeline=PipelineID=91d49eb2-c5d8-4ffe-8166-4c38967ac463 dn=bf9e593e-7983-4fed-9d6c-fff1d62489b6{ip: 192.168.5.159, host: trunk-nightly-x8m8d-1534914823, networkLocation: /default-rack, certSerialId: null}
2019-07-13 22:39:28,031 WARN  pipeline.RatisPipelineUtils (RatisPipelineUtils.java:destroyPipeline(66)) - Pipeline destroy failed for pipeline=PipelineID=91d49eb2-c5d8-4ffe-8166-4c38967ac463 dn=7c51e767-727f-44cf-ac53-49a5938351e1{ip: 192.168.5.159, host: trunk-nightly-x8m8d-1534914823, networkLocation: /default-rack, certSerialId: null}
2019-07-13 22:39:28,036 INFO  impl.RaftServerProxy (RaftServerProxy.java:remove(95)) - 931aa43a-3005-4ae9-bd51-950a6ab0f1a0: remove FOLLOWER group-4C38967AC463 931aa43a-3005-4ae9-bd51-950a6ab0f1a0:t31, leader=null, voted=931aa43a-3005-4ae9-bd51-950a6ab0f1a0, raftlog=931aa43a-3005-4ae9-bd51-950a6ab0f1a0-SegmentedRaftLog:OPENED:c16,f16,i16, conf=0: [931aa43a-3005-4ae9-bd51-950a6ab0f1a0:192.168.5.159:40307, bf9e593e-7983-4fed-9d6c-fff1d62489b6:192.168.5.159:41407, 7c51e767-727f-44cf-ac53-49a5938351e1:192.168.5.159:36546], old=null RUNNING
2019-07-13 22:39:28,037 INFO  impl.RaftServerImpl (RaftServerImpl.java:lambda$shutdown$3(245)) - 931aa43a-3005-4ae9-bd51-950a6ab0f1a0: shutdown group-4C38967AC463
2019-07-13 22:39:28,037 INFO  util.JmxRegister (JmxRegister.java:unregister(73)) - Successfully un-registered JMX Bean with object name Ratis:service=RaftServer,group=group-4C38967AC463,id=931aa43a-3005-4ae9-bd51-950a6ab0f1a0
2019-07-13 22:39:28,038 INFO  impl.RoleInfo (RoleInfo.java:shutdownFollowerState(121)) - 931aa43a-3005-4ae9-bd51-950a6ab0f1a0: shutdown FollowerState
2019-07-13 22:39:28,038 INFO  impl.StateMachineUpdater (StateMachineUpdater.java:stopAndJoin(115)) - StateMachineUpdater:931aa43a-3005-4ae9-bd51-950a6ab0f1a0:group-4C38967AC463: set stopIndex = 16
2019-07-13 22:39:28,038 INFO  impl.FollowerState (FollowerState.java:run(114)) - 931aa43a-3005-4ae9-bd51-950a6ab0f1a0: FollowerState was interrupted: java.lang.InterruptedException: sleep interrupted
2019-07-13 22:39:28,038 INFO  ratis.ContainerStateMachine (ContainerStateMachine.java:takeSnapshot(246)) - Taking snapshot at termIndex:(t:1, i:14)
2019-07-13 22:39:28,039 INFO  ratis.ContainerStateMachine (ContainerStateMachine.java:takeSnapshot(250)) - Taking a snapshot to file /tmp/workdir/hadoop-ozone/integration-test/target/test-dir/MiniOzoneClusterImpl-40637dfe-807c-41e2-8a87-8c36a2d45a05/datanode-3/data/ratis/91d49eb2-c5d8-4ffe-8166-4c38967ac463/sm/snapshot.1_14
2019-07-13 22:39:28,039 INFO  impl.StateMachineUpdater (StateMachineUpdater.java:takeSnapshot(242)) - StateMachineUpdater:931aa43a-3005-4ae9-bd51-950a6ab0f1a0:group-4C38967AC463: Took a snapshot at index 14
2019-07-13 22:39:28,039 INFO  impl.StateMachineUpdater (StateMachineUpdater.java:lambda$new$0(80)) - StateMachineUpdater:931aa43a-3005-4ae9-bd51-950a6ab0f1a0:group-4C38967AC463: snapshotIndex: updateIncreasingly -1 -> 14
2019-07-13 22:39:28,039 INFO  impl.RaftServerImpl (ServerState.java:close(394)) - 931aa43a-3005-4ae9-bd51-950a6ab0f1a0:group-4C38967AC463 closes. The last applied log index is 16
2019-07-13 22:39:28,040 INFO  segmented.SegmentedRaftLogWorker (SegmentedRaftLogWorker.java:run(313)) - 931aa43a-3005-4ae9-bd51-950a6ab0f1a0-SegmentedRaftLogWorker:Storage Directory /tmp/workdir/hadoop-ozone/integration-test/target/test-dir/MiniOzoneClusterImpl-40637dfe-807c-41e2-8a87-8c36a2d45a05/datanode-3/data/ratis/91d49eb2-c5d8-4ffe-8166-4c38967ac463 was interrupted, exiting. There are 0 tasks remaining in the queue.
2019-07-13 22:39:28,040 INFO  segmented.SegmentedRaftLogWorker (SegmentedRaftLogWorker.java:close(228)) - 931aa43a-3005-4ae9-bd51-950a6ab0f1a0-SegmentedRaftLogWorker:Storage Directory /tmp/workdir/hadoop-ozone/integration-test/target/test-dir/MiniOzoneClusterImpl-40637dfe-807c-41e2-8a87-8c36a2d45a05/datanode-3/data/ratis/91d49eb2-c5d8-4ffe-8166-4c38967ac463 close()
2019-07-13 22:39:28,043 INFO  pipeline.PipelineStateManager (PipelineStateManager.java:removePipeline(108)) - Pipeline Pipeline[ Id: 91d49eb2-c5d8-4ffe-8166-4c38967ac463, Nodes: bf9e593e-7983-4fed-9d6c-fff1d62489b6{ip: 192.168.5.159, host: trunk-nightly-x8m8d-1534914823, networkLocation: /default-rack, certSerialId: null}7c51e767-727f-44cf-ac53-49a5938351e1{ip: 192.168.5.159, host: trunk-nightly-x8m8d-1534914823, networkLocation: /default-rack, certSerialId: null}931aa43a-3005-4ae9-bd51-950a6ab0f1a0{ip: 192.168.5.159, host: trunk-nightly-x8m8d-1534914823, networkLocation: /default-rack, certSerialId: null}, Type:RATIS, Factor:THREE, State:CLOSED] removed from db
2019-07-13 22:39:28,347 INFO  statemachine.DatanodeStateMachine (DatanodeStateMachine.java:lambda$startDaemon$0(350)) - Ozone container server started.
2019-07-13 22:39:32,377 INFO  ozoneimpl.OzoneContainer (OzoneContainer.java:stop(199)) - Attempting to stop container services.
2019-07-13 22:39:32,378 INFO  impl.RaftServerProxy (RaftServerProxy.java:lambda$close$4(314)) - 4bda7ba0-4524-4538-88f4-90e4b8f4e191: close
2019-07-13 22:39:32,378 INFO  impl.RaftServerImpl (RaftServerImpl.java:lambda$shutdown$3(245)) - 4bda7ba0-4524-4538-88f4-90e4b8f4e191: shutdown group-1E65B0DE3A35
2019-07-13 22:39:32,378 INFO  impl.RaftServerImpl (RaftServerImpl.java:lambda$shutdown$3(245)) - 4bda7ba0-4524-4538-88f4-90e4b8f4e191: shutdown group-7D96FAA538D7
2019-07-13 22:39:32,379 INFO  util.JmxRegister (JmxRegister.java:unregister(73)) - Successfully un-registered JMX Bean with object name Ratis:service=RaftServer,group=group-1E65B0DE3A35,id=4bda7ba0-4524-4538-88f4-90e4b8f4e191
2019-07-13 22:39:32,379 INFO  util.JmxRegister (JmxRegister.java:unregister(73)) - Successfully un-registered JMX Bean with object name Ratis:service=RaftServer,group=group-7D96FAA538D7,id=4bda7ba0-4524-4538-88f4-90e4b8f4e191
2019-07-13 22:39:32,379 INFO  impl.RoleInfo (RoleInfo.java:shutdownLeaderState(104)) - 4bda7ba0-4524-4538-88f4-90e4b8f4e191: shutdown LeaderState
2019-07-13 22:39:32,379 INFO  impl.RoleInfo (RoleInfo.java:shutdownLeaderState(104)) - 4bda7ba0-4524-4538-88f4-90e4b8f4e191: shutdown LeaderState
2019-07-13 22:39:32,390 WARN  server.GrpcLogAppender (GrpcLogAppender.java:mayWait(143)) - GrpcLogAppender(4bda7ba0-4524-4538-88f4-90e4b8f4e191->49bd2d0c-aff6-4308-aa5c-2cebe2048af3): Wait interrupted by java.lang.InterruptedException
2019-07-13 22:39:32,390 WARN  server.GrpcLogAppender (GrpcLogAppender.java:mayWait(143)) - GrpcLogAppender(4bda7ba0-4524-4538-88f4-90e4b8f4e191->4db0d2ab-2bf5-4a6b-8979-1cbb97645a4e): Wait interrupted by java.lang.InterruptedException
2019-07-13 22:39:32,390 INFO  impl.PendingRequests (PendingRequests.java:sendNotLeaderResponses(202)) - 4bda7ba0-4524-4538-88f4-90e4b8f4e191-PendingRequests: sendNotLeaderResponses
2019-07-13 22:39:32,391 INFO  server.GrpcServerProtocolService (GrpcServerProtocolService.java:onCompleted(104)) - 4db0d2ab-2bf5-4a6b-8979-1cbb97645a4e: appendEntries completed
2019-07-13 22:39:32,433 INFO  impl.StateMachineUpdater (StateMachineUpdater.java:stopAndJoin(115)) - StateMachineUpdater:4bda7ba0-4524-4538-88f4-90e4b8f4e191:group-1E65B0DE3A35: set stopIndex = 2
2019-07-13 22:39:32,390 INFO  server.GrpcServerProtocolService (GrpcServerProtocolService.java:onCompleted(104)) - 49bd2d0c-aff6-4308-aa5c-2cebe2048af3: appendEntries completed
2019-07-13 22:39:32,438 INFO  server.GrpcLogAppender (GrpcLogAppender.java:onCompleted(292)) - 4bda7ba0-4524-4538-88f4-90e4b8f4e191->4db0d2ab-2bf5-4a6b-8979-1cbb97645a4e: follower responses appendEntries COMPLETED
2019-07-13 22:39:32,390 INFO  impl.PendingRequests (PendingRequests.java:sendNotLeaderResponses(202)) - 4bda7ba0-4524-4538-88f4-90e4b8f4e191-PendingRequests: sendNotLeaderResponses
2019-07-13 22:39:32,439 INFO  impl.FollowerInfo (FollowerInfo.java:lambda$new$0(50)) - 4bda7ba0-4524-4538-88f4-90e4b8f4e191->4db0d2ab-2bf5-4a6b-8979-1cbb97645a4e: nextIndex: updateUnconditionally 3 -> 2
2019-07-13 22:39:32,433 INFO  ratis.ContainerStateMachine (ContainerStateMachine.java:takeSnapshot(246)) - Taking snapshot at termIndex:(t:2, i:2)
2019-07-13 22:39:32,439 INFO  ratis.ContainerStateMachine (ContainerStateMachine.java:takeSnapshot(250)) - Taking a snapshot to file /tmp/workdir/hadoop-ozone/integration-test/target/test-dir/MiniOzoneClusterImpl-ae05db68-18ba-4bf1-995b-9a16c5287bb4/datanode-0/data/ratis/00ac5a53-8bcd-4f5d-8015-1e65b0de3a35/sm/snapshot.2_2
2019-07-13 22:39:32,439 INFO  ratis.ContainerStateMachine (ContainerStateMachine.java:takeSnapshot(246)) - Taking snapshot at termIndex:(t:0, i:~)
2019-07-13 22:39:32,439 INFO  impl.StateMachineUpdater (StateMachineUpdater.java:stopAndJoin(115)) - StateMachineUpdater:4bda7ba0-4524-4538-88f4-90e4b8f4e191:group-7D96FAA538D7: set stopIndex = 0
2019-07-13 22:39:32,440 INFO  impl.RaftServerImpl (ServerState.java:close(394)) - 4bda7ba0-4524-4538-88f4-90e4b8f4e191:group-7D96FAA538D7 closes. The last applied log index is 0
2019-07-13 22:39:32,439 INFO  server.GrpcLogAppender (GrpcLogAppender.java:onCompleted(292)) - 4bda7ba0-4524-4538-88f4-90e4b8f4e191->49bd2d0c-aff6-4308-aa5c-2cebe2048af3: follower responses appendEntries COMPLETED
2019-07-13 22:39:32,440 INFO  segmented.SegmentedRaftLogWorker (SegmentedRaftLogWorker.java:run(313)) - 4bda7ba0-4524-4538-88f4-90e4b8f4e191-SegmentedRaftLogWorker:Storage Directory /tmp/workdir/hadoop-ozone/integration-test/target/test-dir/MiniOzoneClusterImpl-ae05db68-18ba-4bf1-995b-9a16c5287bb4/datanode-0/data/ratis/92949665-3968-4415-b5a3-7d96faa538d7 was interrupted, exiting. There are 0 tasks remaining in the queue.
2019-07-13 22:39:32,440 INFO  impl.StateMachineUpdater (StateMachineUpdater.java:takeSnapshot(242)) - StateMachineUpdater:4bda7ba0-4524-4538-88f4-90e4b8f4e191:group-1E65B0DE3A35: Took a snapshot at index 2
2019-07-13 22:39:32,440 INFO  impl.FollowerInfo (FollowerInfo.java:lambda$new$0(50)) - 4bda7ba0-4524-4538-88f4-90e4b8f4e191->49bd2d0c-aff6-4308-aa5c-2cebe2048af3: nextIndex: updateUnconditionally 3 -> 2
2019-07-13 22:39:32,445 INFO  segmented.SegmentedRaftLogWorker (SegmentedRaftLogWorker.java:close(228)) - 4bda7ba0-4524-4538-88f4-90e4b8f4e191-SegmentedRaftLogWorker:Storage Directory /tmp/workdir/hadoop-ozone/integration-test/target/test-dir/MiniOzoneClusterImpl-ae05db68-18ba-4bf1-995b-9a16c5287bb4/datanode-0/data/ratis/92949665-3968-4415-b5a3-7d96faa538d7 close()
2019-07-13 22:39:32,440 INFO  impl.StateMachineUpdater (StateMachineUpdater.java:lambda$new$0(80)) - StateMachineUpdater:4bda7ba0-4524-4538-88f4-90e4b8f4e191:group-1E65B0DE3A35: snapshotIndex: updateIncreasingly -1 -> 2
2019-07-13 22:39:32,454 INFO  impl.RaftServerImpl (ServerState.java:close(394)) - 4bda7ba0-4524-4538-88f4-90e4b8f4e191:group-1E65B0DE3A35 closes. The last applied log index is 2
2019-07-13 22:39:32,454 INFO  segmented.SegmentedRaftLogWorker (SegmentedRaftLogWorker.java:run(313)) - 4bda7ba0-4524-4538-88f4-90e4b8f4e191-SegmentedRaftLogWorker:Storage Directory /tmp/workdir/hadoop-ozone/integration-test/target/test-dir/MiniOzoneClusterImpl-ae05db68-18ba-4bf1-995b-9a16c5287bb4/datanode-0/data/ratis/00ac5a53-8bcd-4f5d-8015-1e65b0de3a35 was interrupted, exiting. There are 0 tasks remaining in the queue.
2019-07-13 22:39:32,458 INFO  segmented.SegmentedRaftLogWorker (SegmentedRaftLogWorker.java:close(228)) - 4bda7ba0-4524-4538-88f4-90e4b8f4e191-SegmentedRaftLogWorker:Storage Directory /tmp/workdir/hadoop-ozone/integration-test/target/test-dir/MiniOzoneClusterImpl-ae05db68-18ba-4bf1-995b-9a16c5287bb4/datanode-0/data/ratis/00ac5a53-8bcd-4f5d-8015-1e65b0de3a35 close()
2019-07-13 22:39:32,465 INFO  server.GrpcService (GrpcService.java:closeImpl(155)) - 4bda7ba0-4524-4538-88f4-90e4b8f4e191: shutdown server with port 37681 now
2019-07-13 22:39:32,466 INFO  server.GrpcService (GrpcService.java:closeImpl(163)) - 4bda7ba0-4524-4538-88f4-90e4b8f4e191: shutdown server with port 37681 successfully
2019-07-13 22:39:32,468 INFO  utils.BackgroundService (BackgroundService.java:shutdown(148)) - Shutting down service BlockDeletingService
2019-07-13 22:39:32,469 WARN  fs.CachingGetSpaceUsed (CachingGetSpaceUsed.java:run(183)) - Thread Interrupted waiting to refresh disk information: sleep interrupted
2019-07-13 22:39:32,495 INFO  statemachine.DatanodeStateMachine (DatanodeStateMachine.java:stopDaemon(395)) - Ozone container server stopped.
2019-07-13 22:39:32,500 INFO  handler.ContextHandler (ContextHandler.java:doStop(910)) - Stopped o.e.j.w.WebAppContext@50331591{/,null,UNAVAILABLE}{/hddsDatanode}
2019-07-13 22:39:32,500 INFO  server.AbstractConnector (AbstractConnector.java:doStop(318)) - Stopped ServerConnector@5cfde2a4{HTTP/1.1,[http/1.1]}{0.0.0.0:0}
2019-07-13 22:39:32,501 INFO  handler.ContextHandler (ContextHandler.java:doStop(910)) - Stopped o.e.j.s.ServletContextHandler@1067192a{/static,jar:file:/home/user/.m2/repository/org/apache/hadoop/hadoop-hdds-container-service/0.5.0-SNAPSHOT/hadoop-hdds-container-service-0.5.0-SNAPSHOT.jar!/webapps/static,UNAVAILABLE}
2019-07-13 22:39:32,501 INFO  handler.ContextHandler (ContextHandler.java:doStop(910)) - Stopped o.e.j.s.ServletContextHandler@5ce03a9d{/logs,file:///tmp/workdir/hadoop-ozone/integration-test/target/log,UNAVAILABLE}
2019-07-13 22:39:33,032 WARN  pipeline.RatisPipelineUtils (RatisPipelineUtils.java:destroyPipeline(66)) - Pipeline destroy failed for pipeline=PipelineID=91d49eb2-c5d8-4ffe-8166-4c38967ac463 dn=bf9e593e-7983-4fed-9d6c-fff1d62489b6{ip: 192.168.5.159, host: trunk-nightly-x8m8d-1534914823, networkLocation: /default-rack, certSerialId: null}
2019-07-13 22:39:33,035 WARN  pipeline.RatisPipelineUtils (RatisPipelineUtils.java:destroyPipeline(66)) - Pipeline destroy failed for pipeline=PipelineID=91d49eb2-c5d8-4ffe-8166-4c38967ac463 dn=7c51e767-727f-44cf-ac53-49a5938351e1{ip: 192.168.5.159, host: trunk-nightly-x8m8d-1534914823, networkLocation: /default-rack, certSerialId: null}
2019-07-13 22:39:33,039 INFO  impl.RaftServerProxy (RaftServerProxy.java:remove(95)) - 931aa43a-3005-4ae9-bd51-950a6ab0f1a0: remove group-4C38967AC463:null
2019-07-13 22:39:33,053 WARN  pipeline.RatisPipelineUtils (RatisPipelineUtils.java:destroyPipeline(66)) - Pipeline destroy failed for pipeline=PipelineID=91d49eb2-c5d8-4ffe-8166-4c38967ac463 dn=931aa43a-3005-4ae9-bd51-950a6ab0f1a0{ip: 192.168.5.159, host: trunk-nightly-x8m8d-1534914823, networkLocation: /default-rack, certSerialId: null}
2019-07-13 22:39:33,054 ERROR pipeline.SCMPipelineManager (Scheduler.java:lambda$schedule$1(70)) - Destroy pipeline failed for pipeline:Pipeline[ Id: 91d49eb2-c5d8-4ffe-8166-4c38967ac463, Nodes: bf9e593e-7983-4fed-9d6c-fff1d62489b6{ip: 192.168.5.159, host: trunk-nightly-x8m8d-1534914823, networkLocation: /default-rack, certSerialId: null}7c51e767-727f-44cf-ac53-49a5938351e1{ip: 192.168.5.159, host: trunk-nightly-x8m8d-1534914823, networkLocation: /default-rack, certSerialId: null}931aa43a-3005-4ae9-bd51-950a6ab0f1a0{ip: 192.168.5.159, host: trunk-nightly-x8m8d-1534914823, networkLocation: /default-rack, certSerialId: null}, Type:RATIS, Factor:THREE, State:CLOSED]
org.apache.hadoop.hdds.scm.pipeline.PipelineNotFoundException: PipelineID=91d49eb2-c5d8-4ffe-8166-4c38967ac463 not found
	at org.apache.hadoop.hdds.scm.pipeline.PipelineStateMap.getPipeline(PipelineStateMap.java:132)
	at org.apache.hadoop.hdds.scm.pipeline.PipelineStateMap.removePipeline(PipelineStateMap.java:322)
	at org.apache.hadoop.hdds.scm.pipeline.PipelineStateManager.removePipeline(PipelineStateManager.java:107)
	at org.apache.hadoop.hdds.scm.pipeline.SCMPipelineManager.removePipeline(SCMPipelineManager.java:397)
	at org.apache.hadoop.hdds.scm.pipeline.SCMPipelineManager.destroyPipeline(SCMPipelineManager.java:383)
	at org.apache.hadoop.hdds.scm.pipeline.SCMPipelineManager.lambda$finalizeAndDestroyPipeline$0(SCMPipelineManager.java:316)
	at org.apache.hadoop.utils.Scheduler.lambda$schedule$1(Scheduler.java:68)
	at java.util.concurrent.Executors$RunnableAdapter.call(Executors.java:511)
	at java.util.concurrent.FutureTask.run(FutureTask.java:266)
	at java.util.concurrent.ScheduledThreadPoolExecutor$ScheduledFutureTask.access$201(ScheduledThreadPoolExecutor.java:180)
	at java.util.concurrent.ScheduledThreadPoolExecutor$ScheduledFutureTask.run(ScheduledThreadPoolExecutor.java:293)
	at java.util.concurrent.ThreadPoolExecutor.runWorker(ThreadPoolExecutor.java:1149)
	at java.util.concurrent.ThreadPoolExecutor$Worker.run(ThreadPoolExecutor.java:624)
	at java.lang.Thread.run(Thread.java:748)
2019-07-13 22:39:33,057 WARN  pipeline.RatisPipelineUtils (RatisPipelineUtils.java:destroyPipeline(66)) - Pipeline destroy failed for pipeline=PipelineID=2681cd04-c8fc-46f3-a850-b80cfbafaa10 dn=7c51e767-727f-44cf-ac53-49a5938351e1{ip: 192.168.5.159, host: trunk-nightly-x8m8d-1534914823, networkLocation: /default-rack, certSerialId: null}
2019-07-13 22:39:33,057 INFO  pipeline.PipelineStateManager (PipelineStateManager.java:removePipeline(108)) - Pipeline Pipeline[ Id: 2681cd04-c8fc-46f3-a850-b80cfbafaa10, Nodes: 7c51e767-727f-44cf-ac53-49a5938351e1{ip: 192.168.5.159, host: trunk-nightly-x8m8d-1534914823, networkLocation: /default-rack, certSerialId: null}, Type:RATIS, Factor:ONE, State:CLOSED] removed from db
2019-07-13 22:39:34,544 INFO  client.GrpcClientProtocolClient (GrpcClientProtocolClient.java:onNext(255)) - client-C104B929EE11->49bd2d0c-aff6-4308-aa5c-2cebe2048af3: receive RaftClientReply:client-C104B929EE11->49bd2d0c-aff6-4308-aa5c-2cebe2048af3@group-1E65B0DE3A35, cid=108, FAILED org.apache.ratis.protocol.NotLeaderException: Server 49bd2d0c-aff6-4308-aa5c-2cebe2048af3 is not the leader (4bda7ba0-4524-4538-88f4-90e4b8f4e191:192.168.5.159:37681). Request must be sent to leader., logIndex=0, commits[49bd2d0c-aff6-4308-aa5c-2cebe2048af3:c2, 4bda7ba0-4524-4538-88f4-90e4b8f4e191:c2, 4db0d2ab-2bf5-4a6b-8979-1cbb97645a4e:c2]
2019-07-13 22:39:35,580 INFO  client.GrpcClientProtocolClient (GrpcClientProtocolClient.java:onNext(255)) - client-C104B929EE11->4db0d2ab-2bf5-4a6b-8979-1cbb97645a4e: receive RaftClientReply:client-C104B929EE11->4db0d2ab-2bf5-4a6b-8979-1cbb97645a4e@group-1E65B0DE3A35, cid=108, FAILED org.apache.ratis.protocol.NotLeaderException: Server 4db0d2ab-2bf5-4a6b-8979-1cbb97645a4e is not the leader (4bda7ba0-4524-4538-88f4-90e4b8f4e191:192.168.5.159:37681). Request must be sent to leader., logIndex=0, commits[4db0d2ab-2bf5-4a6b-8979-1cbb97645a4e:c2, 49bd2d0c-aff6-4308-aa5c-2cebe2048af3:c2, 4bda7ba0-4524-4538-88f4-90e4b8f4e191:c2]
2019-07-13 22:39:36,616 INFO  client.GrpcClientProtocolClient (GrpcClientProtocolClient.java:onNext(255)) - client-C104B929EE11->49bd2d0c-aff6-4308-aa5c-2cebe2048af3: receive RaftClientReply:client-C104B929EE11->49bd2d0c-aff6-4308-aa5c-2cebe2048af3@group-1E65B0DE3A35, cid=108, FAILED org.apache.ratis.protocol.NotLeaderException: Server 49bd2d0c-aff6-4308-aa5c-2cebe2048af3 is not the leader (4bda7ba0-4524-4538-88f4-90e4b8f4e191:192.168.5.159:37681). Request must be sent to leader., logIndex=0, commits[49bd2d0c-aff6-4308-aa5c-2cebe2048af3:c2, 4bda7ba0-4524-4538-88f4-90e4b8f4e191:c2, 4db0d2ab-2bf5-4a6b-8979-1cbb97645a4e:c2]
2019-07-13 22:39:37,654 INFO  client.GrpcClientProtocolClient (GrpcClientProtocolClient.java:onNext(255)) - client-C104B929EE11->49bd2d0c-aff6-4308-aa5c-2cebe2048af3: receive RaftClientReply:client-C104B929EE11->49bd2d0c-aff6-4308-aa5c-2cebe2048af3@group-1E65B0DE3A35, cid=108, FAILED org.apache.ratis.protocol.NotLeaderException: Server 49bd2d0c-aff6-4308-aa5c-2cebe2048af3 is not the leader (4bda7ba0-4524-4538-88f4-90e4b8f4e191:192.168.5.159:37681). Request must be sent to leader., logIndex=0, commits[49bd2d0c-aff6-4308-aa5c-2cebe2048af3:c2, 4bda7ba0-4524-4538-88f4-90e4b8f4e191:c2, 4db0d2ab-2bf5-4a6b-8979-1cbb97645a4e:c2]
]]></system-out>
    <system-err><![CDATA[Jul 13, 2019 10:39:11 PM com.sun.jersey.server.impl.application.WebApplicationImpl _initiate
INFO: Initiating Jersey application, version 'Jersey: 1.19 02/11/2015 03:25 AM'
Jul 13, 2019 10:39:11 PM com.sun.jersey.server.impl.application.WebApplicationImpl _initiate
INFO: Initiating Jersey application, version 'Jersey: 1.19 02/11/2015 03:25 AM'
Jul 13, 2019 10:39:12 PM com.sun.jersey.server.impl.application.WebApplicationImpl _initiate
INFO: Initiating Jersey application, version 'Jersey: 1.19 02/11/2015 03:25 AM'
Jul 13, 2019 10:39:12 PM com.sun.jersey.server.impl.application.WebApplicationImpl _initiate
INFO: Initiating Jersey application, version 'Jersey: 1.19 02/11/2015 03:25 AM'
Jul 13, 2019 10:39:12 PM com.sun.jersey.server.impl.application.WebApplicationImpl _initiate
INFO: Initiating Jersey application, version 'Jersey: 1.19 02/11/2015 03:25 AM'
Jul 13, 2019 10:39:12 PM com.sun.jersey.server.impl.application.WebApplicationImpl _initiate
INFO: Initiating Jersey application, version 'Jersey: 1.19 02/11/2015 03:25 AM'
Jul 13, 2019 10:39:12 PM com.sun.jersey.server.impl.application.WebApplicationImpl _initiate
INFO: Initiating Jersey application, version 'Jersey: 1.19 02/11/2015 03:25 AM'
]]></system-err>
  </testcase>
  <testcase name="test2WayCommitForRetryfailure" classname="org.apache.hadoop.ozone.client.rpc.TestWatchForCommit" time="42.937"/>
</testsuite>