<?xml version="1.0" encoding="UTF-8"?>
<testsuite xmlns:xsi="http://www.w3.org/2001/XMLSchema-instance" xsi:noNamespaceSchemaLocation="https://maven.apache.org/surefire/maven-surefire-plugin/xsd/surefire-test-report.xsd" name="org.apache.hadoop.ozone.client.rpc.TestFailureHandlingByClient" time="152.84" tests="7" errors="3" skipped="0" failures="2">
  <properties>
    <property name="awt.toolkit" value="sun.awt.X11.XToolkit"/>
    <property name="file.encoding.pkg" value="sun.io"/>
    <property name="java.specification.version" value="1.8"/>
    <property name="sun.cpu.isalist" value=""/>
    <property name="sun.jnu.encoding" value="UTF-8"/>
    <property name="java.class.path" value="/tmp/workdir/hadoop-ozone/integration-test/target/test-classes:/tmp/workdir/hadoop-ozone/integration-test/target/classes:/home/user/.m2/repository/org/apache/hadoop/hadoop-ozone-common/0.5.0-SNAPSHOT/hadoop-ozone-common-0.5.0-SNAPSHOT.jar:/home/user/.m2/repository/org/apache/commons/commons-compress/1.4.1/commons-compress-1.4.1.jar:/home/user/.m2/repository/org/tukaani/xz/1.0/xz-1.0.jar:/home/user/.m2/repository/org/apache/hadoop/hadoop-common/3.2.0/hadoop-common-3.2.0.jar:/home/user/.m2/repository/org/apache/hadoop/hadoop-hdfs/3.2.0/hadoop-hdfs-3.2.0.jar:/home/user/.m2/repository/org/apache/hadoop/hadoop-hdfs-client/3.2.0/hadoop-hdfs-client-3.2.0.jar:/home/user/.m2/repository/com/fasterxml/jackson/core/jackson-annotations/2.9.5/jackson-annotations-2.9.5.jar:/home/user/.m2/repository/org/apache/hadoop/hadoop-hdds-common/0.5.0-SNAPSHOT/hadoop-hdds-common-0.5.0-SNAPSHOT.jar:/home/user/.m2/repository/javax/annotation/javax.annotation-api/1.2/javax.annotation-api-1.2.jar:/home/user/.m2/repository/org/apache/ratis/ratis-server/0.4.0-2337318-SNAPSHOT/ratis-server-0.4.0-2337318-SNAPSHOT.jar:/home/user/.m2/repository/org/apache/ratis/ratis-thirdparty-misc/0.2.0/ratis-thirdparty-misc-0.2.0.jar:/home/user/.m2/repository/org/apache/ratis/ratis-proto/0.4.0-2337318-SNAPSHOT/ratis-proto-0.4.0-2337318-SNAPSHOT.jar:/home/user/.m2/repository/org/apache/ratis/ratis-common/0.4.0-2337318-SNAPSHOT/ratis-common-0.4.0-2337318-SNAPSHOT.jar:/home/user/.m2/repository/org/apache/ratis/ratis-client/0.4.0-2337318-SNAPSHOT/ratis-client-0.4.0-2337318-SNAPSHOT.jar:/home/user/.m2/repository/org/apache/ratis/ratis-metrics/0.4.0-2337318-SNAPSHOT/ratis-metrics-0.4.0-2337318-SNAPSHOT.jar:/home/user/.m2/repository/org/apache/ratis/ratis-netty/0.4.0-2337318-SNAPSHOT/ratis-netty-0.4.0-2337318-SNAPSHOT.jar:/home/user/.m2/repository/org/apache/ratis/ratis-grpc/0.4.0-2337318-SNAPSHOT/ratis-grpc-0.4.0-2337318-SNAPSHOT.jar:/home/user/.m2/repository/org/rocksdb/rocksdbjni/6.0.1/rocksdbjni-6.0.1.jar:/home/user/.m2/repository/org/apache/logging/log4j/log4j-api/2.11.0/log4j-api-2.11.0.jar:/home/user/.m2/repository/org/apache/logging/log4j/log4j-core/2.11.0/log4j-core-2.11.0.jar:/home/user/.m2/repository/com/lmax/disruptor/3.4.2/disruptor-3.4.2.jar:/home/user/.m2/repository/org/apache/commons/commons-pool2/2.6.0/commons-pool2-2.6.0.jar:/home/user/.m2/repository/org/bouncycastle/bcpkix-jdk15on/1.60/bcpkix-jdk15on-1.60.jar:/home/user/.m2/repository/commons-validator/commons-validator/1.6/commons-validator-1.6.jar:/home/user/.m2/repository/commons-digester/commons-digester/1.8.1/commons-digester-1.8.1.jar:/home/user/.m2/repository/io/jaegertracing/jaeger-client/0.33.1/jaeger-client-0.33.1.jar:/home/user/.m2/repository/io/jaegertracing/jaeger-thrift/0.33.1/jaeger-thrift-0.33.1.jar:/home/user/.m2/repository/org/apache/thrift/libthrift/0.11.0/libthrift-0.11.0.jar:/home/user/.m2/repository/com/squareup/okhttp3/okhttp/3.9.0/okhttp-3.9.0.jar:/home/user/.m2/repository/com/squareup/okio/okio/1.13.0/okio-1.13.0.jar:/home/user/.m2/repository/io/jaegertracing/jaeger-core/0.33.1/jaeger-core-0.33.1.jar:/home/user/.m2/repository/io/jaegertracing/jaeger-tracerresolver/0.33.1/jaeger-tracerresolver-0.33.1.jar:/home/user/.m2/repository/io/opentracing/contrib/opentracing-tracerresolver/0.1.5/opentracing-tracerresolver-0.1.5.jar:/home/user/.m2/repository/io/opentracing/opentracing-util/0.31.0/opentracing-util-0.31.0.jar:/home/user/.m2/repository/io/opentracing/opentracing-api/0.31.0/opentracing-api-0.31.0.jar:/home/user/.m2/repository/io/opentracing/opentracing-noop/0.31.0/opentracing-noop-0.31.0.jar:/home/user/.m2/repository/org/apache/hadoop/hadoop-hdds-server-framework/0.5.0-SNAPSHOT/hadoop-hdds-server-framework-0.5.0-SNAPSHOT.jar:/home/user/.m2/repository/org/apache/hadoop/hadoop-hdds-container-service/0.5.0-SNAPSHOT/hadoop-hdds-container-service-0.5.0-SNAPSHOT.jar:/home/user/.m2/repository/org/apache/hadoop/hadoop-hdds-client/0.5.0-SNAPSHOT/hadoop-hdds-client-0.5.0-SNAPSHOT.jar:/home/user/.m2/repository/org/apache/hadoop/hadoop-hdds-tools/0.5.0-SNAPSHOT/hadoop-hdds-tools-0.5.0-SNAPSHOT.jar:/home/user/.m2/repository/org/apache/hadoop/hadoop-hdds-server-scm/0.5.0-SNAPSHOT/hadoop-hdds-server-scm-0.5.0-SNAPSHOT.jar:/home/user/.m2/repository/org/apache/hadoop/hadoop-hdds-docs/0.5.0-SNAPSHOT/hadoop-hdds-docs-0.5.0-SNAPSHOT.jar:/home/user/.m2/repository/io/dropwizard/metrics/metrics-core/3.2.4/metrics-core-3.2.4.jar:/home/user/.m2/repository/org/hamcrest/hamcrest-all/1.3/hamcrest-all-1.3.jar:/home/user/.m2/repository/org/bouncycastle/bcprov-jdk15on/1.60/bcprov-jdk15on-1.60.jar:/home/user/.m2/repository/info/picocli/picocli/3.9.6/picocli-3.9.6.jar:/home/user/.m2/repository/com/google/protobuf/protobuf-java/2.5.0/protobuf-java-2.5.0.jar:/home/user/.m2/repository/com/google/guava/guava/11.0.2/guava-11.0.2.jar:/home/user/.m2/repository/org/apache/hadoop/hadoop-ozone-ozone-manager/0.5.0-SNAPSHOT/hadoop-ozone-ozone-manager-0.5.0-SNAPSHOT.jar:/home/user/.m2/repository/org/apache/hadoop/hadoop-minikdc/3.2.0/hadoop-minikdc-3.2.0.jar:/home/user/.m2/repository/commons-io/commons-io/2.5/commons-io-2.5.jar:/home/user/.m2/repository/org/apache/kerby/kerb-simplekdc/1.0.1/kerb-simplekdc-1.0.1.jar:/home/user/.m2/repository/org/apache/kerby/kerb-client/1.0.1/kerb-client-1.0.1.jar:/home/user/.m2/repository/org/apache/kerby/kerby-config/1.0.1/kerby-config-1.0.1.jar:/home/user/.m2/repository/org/apache/kerby/kerb-core/1.0.1/kerb-core-1.0.1.jar:/home/user/.m2/repository/org/apache/kerby/kerby-pkix/1.0.1/kerby-pkix-1.0.1.jar:/home/user/.m2/repository/org/apache/kerby/kerby-asn1/1.0.1/kerby-asn1-1.0.1.jar:/home/user/.m2/repository/org/apache/kerby/kerby-util/1.0.1/kerby-util-1.0.1.jar:/home/user/.m2/repository/org/apache/kerby/kerb-common/1.0.1/kerb-common-1.0.1.jar:/home/user/.m2/repository/org/apache/kerby/kerb-crypto/1.0.1/kerb-crypto-1.0.1.jar:/home/user/.m2/repository/org/apache/kerby/kerb-util/1.0.1/kerb-util-1.0.1.jar:/home/user/.m2/repository/org/apache/kerby/token-provider/1.0.1/token-provider-1.0.1.jar:/home/user/.m2/repository/org/apache/kerby/kerb-admin/1.0.1/kerb-admin-1.0.1.jar:/home/user/.m2/repository/org/apache/kerby/kerb-server/1.0.1/kerb-server-1.0.1.jar:/home/user/.m2/repository/org/apache/kerby/kerb-identity/1.0.1/kerb-identity-1.0.1.jar:/home/user/.m2/repository/org/apache/kerby/kerby-xdr/1.0.1/kerby-xdr-1.0.1.jar:/home/user/.m2/repository/org/slf4j/slf4j-log4j12/1.7.25/slf4j-log4j12-1.7.25.jar:/home/user/.m2/repository/org/apache/hadoop/hadoop-ozone-objectstore-service/0.5.0-SNAPSHOT/hadoop-ozone-objectstore-service-0.5.0-SNAPSHOT.jar:/home/user/.m2/repository/org/apache/hadoop/hadoop-ozone-s3gateway/0.5.0-SNAPSHOT/hadoop-ozone-s3gateway-0.5.0-SNAPSHOT.jar:/home/user/.m2/repository/org/jboss/weld/servlet/weld-servlet/2.4.7.Final/weld-servlet-2.4.7.Final.jar:/home/user/.m2/repository/org/glassfish/jersey/containers/jersey-container-servlet-core/2.27/jersey-container-servlet-core-2.27.jar:/home/user/.m2/repository/org/glassfish/hk2/external/javax.inject/2.5.0-b42/javax.inject-2.5.0-b42.jar:/home/user/.m2/repository/org/glassfish/jersey/core/jersey-common/2.27/jersey-common-2.27.jar:/home/user/.m2/repository/org/glassfish/hk2/osgi-resource-locator/1.0.1/osgi-resource-locator-1.0.1.jar:/home/user/.m2/repository/javax/ws/rs/javax.ws.rs-api/2.1/javax.ws.rs-api-2.1.jar:/home/user/.m2/repository/org/glassfish/jersey/ext/cdi/jersey-cdi1x/2.27/jersey-cdi1x-2.27.jar:/home/user/.m2/repository/org/glassfish/jersey/inject/jersey-hk2/2.27/jersey-hk2-2.27.jar:/home/user/.m2/repository/org/glassfish/hk2/hk2-locator/2.5.0-b42/hk2-locator-2.5.0-b42.jar:/home/user/.m2/repository/org/javassist/javassist/3.22.0-CR2/javassist-3.22.0-CR2.jar:/home/user/.m2/repository/org/glassfish/hk2/hk2-api/2.5.0/hk2-api-2.5.0.jar:/home/user/.m2/repository/org/glassfish/hk2/external/jakarta.inject/2.5.0/jakarta.inject-2.5.0.jar:/home/user/.m2/repository/org/glassfish/hk2/hk2-utils/2.5.0/hk2-utils-2.5.0.jar:/home/user/.m2/repository/jakarta/annotation/jakarta.annotation-api/1.3.4/jakarta.annotation-api-1.3.4.jar:/home/user/.m2/repository/org/glassfish/hk2/external/aopalliance-repackaged/2.5.0/aopalliance-repackaged-2.5.0.jar:/home/user/.m2/repository/com/fasterxml/jackson/dataformat/jackson-dataformat-xml/2.9.0/jackson-dataformat-xml-2.9.0.jar:/home/user/.m2/repository/com/fasterxml/jackson/core/jackson-core/2.9.5/jackson-core-2.9.5.jar:/home/user/.m2/repository/com/fasterxml/jackson/module/jackson-module-jaxb-annotations/2.9.5/jackson-module-jaxb-annotations-2.9.5.jar:/home/user/.m2/repository/javax/enterprise/cdi-api/1.2/cdi-api-1.2.jar:/home/user/.m2/repository/javax/el/javax.el-api/3.0.0/javax.el-api-3.0.0.jar:/home/user/.m2/repository/javax/interceptor/javax.interceptor-api/1.2/javax.interceptor-api-1.2.jar:/home/user/.m2/repository/javax/inject/javax.inject/1/javax.inject-1.jar:/home/user/.m2/repository/com/sun/xml/bind/jaxb-impl/2.3.0.1/jaxb-impl-2.3.0.1.jar:/home/user/.m2/repository/com/sun/xml/bind/jaxb-core/2.3.0.1/jaxb-core-2.3.0.1.jar:/home/user/.m2/repository/javax/xml/bind/jaxb-api/2.3.0/jaxb-api-2.3.0.jar:/home/user/.m2/repository/javax/activation/activation/1.1.1/activation-1.1.1.jar:/home/user/.m2/repository/org/apache/hadoop/hadoop-ozone-csi/0.5.0-SNAPSHOT/hadoop-ozone-csi-0.5.0-SNAPSHOT.jar:/home/user/.m2/repository/com/google/protobuf/protobuf-java-util/3.5.1/protobuf-java-util-3.5.1.jar:/home/user/.m2/repository/org/apache/hadoop/hadoop-hdds-config/0.5.0-SNAPSHOT/hadoop-hdds-config-0.5.0-SNAPSHOT.jar:/home/user/.m2/repository/io/grpc/grpc-netty/1.17.1/grpc-netty-1.17.1.jar:/home/user/.m2/repository/io/grpc/grpc-core/1.17.1/grpc-core-1.17.1.jar:/home/user/.m2/repository/io/grpc/grpc-context/1.17.1/grpc-context-1.17.1.jar:/home/user/.m2/repository/com/google/errorprone/error_prone_annotations/2.2.0/error_prone_annotations-2.2.0.jar:/home/user/.m2/repository/org/codehaus/mojo/animal-sniffer-annotations/1.17/animal-sniffer-annotations-1.17.jar:/home/user/.m2/repository/io/opencensus/opencensus-api/0.17.0/opencensus-api-0.17.0.jar:/home/user/.m2/repository/io/opencensus/opencensus-contrib-grpc-metrics/0.17.0/opencensus-contrib-grpc-metrics-0.17.0.jar:/home/user/.m2/repository/io/netty/netty-codec-http2/4.1.30.Final/netty-codec-http2-4.1.30.Final.jar:/home/user/.m2/repository/io/netty/netty-codec-http/4.1.30.Final/netty-codec-http-4.1.30.Final.jar:/home/user/.m2/repository/io/netty/netty-codec/4.1.30.Final/netty-codec-4.1.30.Final.jar:/home/user/.m2/repository/io/netty/netty-handler/4.1.30.Final/netty-handler-4.1.30.Final.jar:/home/user/.m2/repository/io/netty/netty-handler-proxy/4.1.30.Final/netty-handler-proxy-4.1.30.Final.jar:/home/user/.m2/repository/io/netty/netty-codec-socks/4.1.30.Final/netty-codec-socks-4.1.30.Final.jar:/home/user/.m2/repository/io/netty/netty-transport-native-epoll/4.1.30.Final/netty-transport-native-epoll-4.1.30.Final.jar:/home/user/.m2/repository/io/netty/netty-common/4.1.30.Final/netty-common-4.1.30.Final.jar:/home/user/.m2/repository/io/netty/netty-buffer/4.1.30.Final/netty-buffer-4.1.30.Final.jar:/home/user/.m2/repository/io/netty/netty-transport/4.1.30.Final/netty-transport-4.1.30.Final.jar:/home/user/.m2/repository/io/netty/netty-resolver/4.1.30.Final/netty-resolver-4.1.30.Final.jar:/home/user/.m2/repository/io/netty/netty-transport-native-unix-common/4.1.30.Final/netty-transport-native-unix-common-4.1.30.Final.jar:/home/user/.m2/repository/io/grpc/grpc-protobuf/1.17.1/grpc-protobuf-1.17.1.jar:/home/user/.m2/repository/com/google/api/grpc/proto-google-common-protos/1.0.0/proto-google-common-protos-1.0.0.jar:/home/user/.m2/repository/io/grpc/grpc-protobuf-lite/1.17.1/grpc-protobuf-lite-1.17.1.jar:/home/user/.m2/repository/io/grpc/grpc-stub/1.17.1/grpc-stub-1.17.1.jar:/home/user/.m2/repository/org/apache/hadoop/hadoop-ozone-recon/0.5.0-SNAPSHOT/hadoop-ozone-recon-0.5.0-SNAPSHOT.jar:/home/user/.m2/repository/org/apache/hadoop/hadoop-ozone-reconcodegen/0.5.0-SNAPSHOT/hadoop-ozone-reconcodegen-0.5.0-SNAPSHOT.jar:/home/user/.m2/repository/com/google/inject/extensions/guice-multibindings/4.0/guice-multibindings-4.0.jar:/home/user/.m2/repository/com/google/inject/guice/4.0/guice-4.0.jar:/home/user/.m2/repository/aopalliance/aopalliance/1.0/aopalliance-1.0.jar:/home/user/.m2/repository/com/google/inject/extensions/guice-servlet/4.0/guice-servlet-4.0.jar:/home/user/.m2/repository/org/glassfish/jersey/containers/jersey-container-servlet/2.27/jersey-container-servlet-2.27.jar:/home/user/.m2/repository/org/glassfish/hk2/guice-bridge/2.5.0/guice-bridge-2.5.0.jar:/home/user/.m2/repository/org/glassfish/jersey/core/jersey-server/2.27/jersey-server-2.27.jar:/home/user/.m2/repository/org/glassfish/jersey/core/jersey-client/2.27/jersey-client-2.27.jar:/home/user/.m2/repository/org/glassfish/jersey/media/jersey-media-jaxb/2.27/jersey-media-jaxb-2.27.jar:/home/user/.m2/repository/javax/validation/validation-api/1.1.0.Final/validation-api-1.1.0.Final.jar:/home/user/.m2/repository/org/glassfish/jersey/media/jersey-media-json-jackson/2.27/jersey-media-json-jackson-2.27.jar:/home/user/.m2/repository/org/glassfish/jersey/ext/jersey-entity-filtering/2.27/jersey-entity-filtering-2.27.jar:/home/user/.m2/repository/com/google/inject/extensions/guice-assistedinject/4.0/guice-assistedinject-4.0.jar:/home/user/.m2/repository/org/jooq/jooq/3.11.10/jooq-3.11.10.jar:/home/user/.m2/repository/org/jooq/jooq-meta/3.11.10/jooq-meta-3.11.10.jar:/home/user/.m2/repository/org/jooq/jooq-codegen/3.11.10/jooq-codegen-3.11.10.jar:/home/user/.m2/repository/com/jolbox/bonecp/0.8.0.RELEASE/bonecp-0.8.0.RELEASE.jar:/home/user/.m2/repository/org/xerial/sqlite-jdbc/3.25.2/sqlite-jdbc-3.25.2.jar:/home/user/.m2/repository/org/springframework/spring-jdbc/5.1.3.RELEASE/spring-jdbc-5.1.3.RELEASE.jar:/home/user/.m2/repository/org/springframework/spring-beans/5.1.3.RELEASE/spring-beans-5.1.3.RELEASE.jar:/home/user/.m2/repository/org/springframework/spring-core/5.1.3.RELEASE/spring-core-5.1.3.RELEASE.jar:/home/user/.m2/repository/org/springframework/spring-jcl/5.1.3.RELEASE/spring-jcl-5.1.3.RELEASE.jar:/home/user/.m2/repository/org/springframework/spring-tx/5.1.3.RELEASE/spring-tx-5.1.3.RELEASE.jar:/home/user/.m2/repository/org/apache/hadoop/hadoop-ozone-client/0.5.0-SNAPSHOT/hadoop-ozone-client-0.5.0-SNAPSHOT.jar:/home/user/.m2/repository/commons-lang/commons-lang/2.6/commons-lang-2.6.jar:/home/user/.m2/repository/org/apache/hadoop/hadoop-ozone-ozone-manager/0.5.0-SNAPSHOT/hadoop-ozone-ozone-manager-0.5.0-SNAPSHOT-tests.jar:/home/user/.m2/repository/junit/junit/4.11/junit-4.11.jar:/home/user/.m2/repository/org/hamcrest/hamcrest-core/1.3/hamcrest-core-1.3.jar:/home/user/.m2/repository/org/openjdk/jmh/jmh-core/1.19/jmh-core-1.19.jar:/home/user/.m2/repository/net/sf/jopt-simple/jopt-simple/4.6/jopt-simple-4.6.jar:/home/user/.m2/repository/org/apache/commons/commons-math3/3.1.1/commons-math3-3.1.1.jar:/home/user/.m2/repository/org/openjdk/jmh/jmh-generator-annprocess/1.19/jmh-generator-annprocess-1.19.jar:/home/user/.m2/repository/org/mockito/mockito-all/1.8.5/mockito-all-1.8.5.jar:/home/user/.m2/repository/org/apache/hadoop/hadoop-kms/3.2.0/hadoop-kms-3.2.0.jar:/home/user/.m2/repository/org/apache/hadoop/hadoop-auth/3.2.0/hadoop-auth-3.2.0.jar:/home/user/.m2/repository/com/nimbusds/nimbus-jose-jwt/4.41.1/nimbus-jose-jwt-4.41.1.jar:/home/user/.m2/repository/com/github/stephenc/jcip/jcip-annotations/1.0-1/jcip-annotations-1.0-1.jar:/home/user/.m2/repository/net/minidev/json-smart/2.3/json-smart-2.3.jar:/home/user/.m2/repository/net/minidev/accessors-smart/1.2/accessors-smart-1.2.jar:/home/user/.m2/repository/org/ow2/asm/asm/5.0.4/asm-5.0.4.jar:/home/user/.m2/repository/org/apache/curator/curator-framework/2.12.0/curator-framework-2.12.0.jar:/home/user/.m2/repository/com/sun/jersey/jersey-core/1.19/jersey-core-1.19.jar:/home/user/.m2/repository/javax/ws/rs/jsr311-api/1.1.1/jsr311-api-1.1.1.jar:/home/user/.m2/repository/com/sun/jersey/jersey-server/1.19/jersey-server-1.19.jar:/home/user/.m2/repository/javax/servlet/javax.servlet-api/3.1.0/javax.servlet-api-3.1.0.jar:/home/user/.m2/repository/org/eclipse/jetty/jetty-server/9.3.24.v20180605/jetty-server-9.3.24.v20180605.jar:/home/user/.m2/repository/org/eclipse/jetty/jetty-http/9.3.24.v20180605/jetty-http-9.3.24.v20180605.jar:/home/user/.m2/repository/org/eclipse/jetty/jetty-io/9.3.24.v20180605/jetty-io-9.3.24.v20180605.jar:/home/user/.m2/repository/org/eclipse/jetty/jetty-webapp/9.3.24.v20180605/jetty-webapp-9.3.24.v20180605.jar:/home/user/.m2/repository/org/eclipse/jetty/jetty-xml/9.3.24.v20180605/jetty-xml-9.3.24.v20180605.jar:/home/user/.m2/repository/log4j/log4j/1.2.17/log4j-1.2.17.jar:/home/user/.m2/repository/org/slf4j/slf4j-api/1.7.25/slf4j-api-1.7.25.jar:/home/user/.m2/repository/org/slf4j/jul-to-slf4j/1.7.25/jul-to-slf4j-1.7.25.jar:/home/user/.m2/repository/org/eclipse/jetty/jetty-util/9.3.24.v20180605/jetty-util-9.3.24.v20180605.jar:/home/user/.m2/repository/com/fasterxml/jackson/core/jackson-databind/2.9.5/jackson-databind-2.9.5.jar:/home/user/.m2/repository/org/apache/hadoop/hadoop-kms/3.2.0/hadoop-kms-3.2.0-tests.jar:/home/user/.m2/repository/org/apache/hadoop/hadoop-hdds-server-scm/0.5.0-SNAPSHOT/hadoop-hdds-server-scm-0.5.0-SNAPSHOT-tests.jar:/home/user/.m2/repository/org/apache/hadoop/hadoop-hdds-container-service/0.5.0-SNAPSHOT/hadoop-hdds-container-service-0.5.0-SNAPSHOT-tests.jar:/home/user/.m2/repository/org/yaml/snakeyaml/1.16/snakeyaml-1.16.jar:/home/user/.m2/repository/org/apache/hadoop/hadoop-common/3.2.0/hadoop-common-3.2.0-tests.jar:/home/user/.m2/repository/org/apache/hadoop/hadoop-annotations/3.2.0/hadoop-annotations-3.2.0.jar:/usr/lib/jvm/java-1.8-openjdk/jre/../lib/tools.jar:/home/user/.m2/repository/commons-cli/commons-cli/1.2/commons-cli-1.2.jar:/home/user/.m2/repository/org/apache/httpcomponents/httpclient/4.5.2/httpclient-4.5.2.jar:/home/user/.m2/repository/org/apache/httpcomponents/httpcore/4.4.4/httpcore-4.4.4.jar:/home/user/.m2/repository/commons-codec/commons-codec/1.11/commons-codec-1.11.jar:/home/user/.m2/repository/commons-net/commons-net/3.6/commons-net-3.6.jar:/home/user/.m2/repository/commons-collections/commons-collections/3.2.2/commons-collections-3.2.2.jar:/home/user/.m2/repository/org/eclipse/jetty/jetty-servlet/9.3.24.v20180605/jetty-servlet-9.3.24.v20180605.jar:/home/user/.m2/repository/org/eclipse/jetty/jetty-security/9.3.24.v20180605/jetty-security-9.3.24.v20180605.jar:/home/user/.m2/repository/javax/servlet/jsp/jsp-api/2.1/jsp-api-2.1.jar:/home/user/.m2/repository/com/sun/jersey/jersey-servlet/1.19/jersey-servlet-1.19.jar:/home/user/.m2/repository/com/sun/jersey/jersey-json/1.19/jersey-json-1.19.jar:/home/user/.m2/repository/org/codehaus/jettison/jettison/1.1/jettison-1.1.jar:/home/user/.m2/repository/org/codehaus/jackson/jackson-core-asl/1.9.13/jackson-core-asl-1.9.13.jar:/home/user/.m2/repository/org/codehaus/jackson/jackson-mapper-asl/1.9.13/jackson-mapper-asl-1.9.13.jar:/home/user/.m2/repository/org/codehaus/jackson/jackson-jaxrs/1.9.13/jackson-jaxrs-1.9.13.jar:/home/user/.m2/repository/org/codehaus/jackson/jackson-xc/1.9.13/jackson-xc-1.9.13.jar:/home/user/.m2/repository/commons-logging/commons-logging/1.1.3/commons-logging-1.1.3.jar:/home/user/.m2/repository/commons-beanutils/commons-beanutils/1.9.3/commons-beanutils-1.9.3.jar:/home/user/.m2/repository/org/apache/commons/commons-configuration2/2.1.1/commons-configuration2-2.1.1.jar:/home/user/.m2/repository/org/apache/commons/commons-lang3/3.7/commons-lang3-3.7.jar:/home/user/.m2/repository/org/apache/commons/commons-text/1.4/commons-text-1.4.jar:/home/user/.m2/repository/org/apache/avro/avro/1.7.7/avro-1.7.7.jar:/home/user/.m2/repository/com/thoughtworks/paranamer/paranamer/2.3/paranamer-2.3.jar:/home/user/.m2/repository/org/xerial/snappy/snappy-java/1.0.5/snappy-java-1.0.5.jar:/home/user/.m2/repository/com/google/re2j/re2j/1.1/re2j-1.1.jar:/home/user/.m2/repository/com/google/code/gson/gson/2.2.4/gson-2.2.4.jar:/home/user/.m2/repository/com/jcraft/jsch/0.1.54/jsch-0.1.54.jar:/home/user/.m2/repository/org/apache/curator/curator-client/2.12.0/curator-client-2.12.0.jar:/home/user/.m2/repository/org/apache/curator/curator-recipes/2.12.0/curator-recipes-2.12.0.jar:/home/user/.m2/repository/com/google/code/findbugs/jsr305/3.0.0/jsr305-3.0.0.jar:/home/user/.m2/repository/org/apache/htrace/htrace-core4/4.1.0-incubating/htrace-core4-4.1.0-incubating.jar:/home/user/.m2/repository/org/apache/zookeeper/zookeeper/3.4.13/zookeeper-3.4.13.jar:/home/user/.m2/repository/org/apache/yetus/audience-annotations/0.5.0/audience-annotations-0.5.0.jar:/home/user/.m2/repository/org/codehaus/woodstox/stax2-api/3.1.4/stax2-api-3.1.4.jar:/home/user/.m2/repository/com/fasterxml/woodstox/woodstox-core/5.0.3/woodstox-core-5.0.3.jar:/home/user/.m2/repository/dnsjava/dnsjava/2.1.7/dnsjava-2.1.7.jar:/home/user/.m2/repository/org/apache/hadoop/hadoop-hdfs/3.2.0/hadoop-hdfs-3.2.0-tests.jar:/home/user/.m2/repository/org/eclipse/jetty/jetty-util-ajax/9.3.24.v20180605/jetty-util-ajax-9.3.24.v20180605.jar:/home/user/.m2/repository/commons-daemon/commons-daemon/1.0.13/commons-daemon-1.0.13.jar:/home/user/.m2/repository/io/netty/netty/3.10.5.Final/netty-3.10.5.Final.jar:/home/user/.m2/repository/io/netty/netty-all/4.0.52.Final/netty-all-4.0.52.Final.jar:/home/user/.m2/repository/org/fusesource/leveldbjni/leveldbjni-all/1.8/leveldbjni-all-1.8.jar:"/>
    <property name="java.vm.vendor" value="IcedTea"/>
    <property name="sun.arch.data.model" value="64"/>
    <property name="test.build.dir" value="/tmp/workdir/hadoop-ozone/integration-test/target/test-dir"/>
    <property name="test.cache.data" value=""/>
    <property name="java.vendor.url" value="https://icedtea.classpath.org"/>
    <property name="user.timezone" value=""/>
    <property name="java.vm.specification.version" value="1.8"/>
    <property name="os.name" value="Linux"/>
    <property name="test.build.data" value="/tmp/workdir/hadoop-ozone/integration-test/target/test-dir"/>
    <property name="user.country" value="US"/>
    <property name="sun.java.launcher" value="SUN_STANDARD"/>
    <property name="sun.boot.library.path" value="/usr/lib/jvm/java-1.8-openjdk/jre/lib/amd64"/>
    <property name="sun.java.command" value="/tmp/workdir/hadoop-ozone/integration-test/target/surefire/surefirebooter4010434117673874452.jar /tmp/workdir/hadoop-ozone/integration-test/target/surefire 2019-07-13T22-10-59_871-jvmRun1 surefire1167697314367045286tmp surefire_403660073187556452442tmp"/>
    <property name="surefire.test.class.path" value="/tmp/workdir/hadoop-ozone/integration-test/target/test-classes:/tmp/workdir/hadoop-ozone/integration-test/target/classes:/home/user/.m2/repository/org/apache/hadoop/hadoop-ozone-common/0.5.0-SNAPSHOT/hadoop-ozone-common-0.5.0-SNAPSHOT.jar:/home/user/.m2/repository/org/apache/commons/commons-compress/1.4.1/commons-compress-1.4.1.jar:/home/user/.m2/repository/org/tukaani/xz/1.0/xz-1.0.jar:/home/user/.m2/repository/org/apache/hadoop/hadoop-common/3.2.0/hadoop-common-3.2.0.jar:/home/user/.m2/repository/org/apache/hadoop/hadoop-hdfs/3.2.0/hadoop-hdfs-3.2.0.jar:/home/user/.m2/repository/org/apache/hadoop/hadoop-hdfs-client/3.2.0/hadoop-hdfs-client-3.2.0.jar:/home/user/.m2/repository/com/fasterxml/jackson/core/jackson-annotations/2.9.5/jackson-annotations-2.9.5.jar:/home/user/.m2/repository/org/apache/hadoop/hadoop-hdds-common/0.5.0-SNAPSHOT/hadoop-hdds-common-0.5.0-SNAPSHOT.jar:/home/user/.m2/repository/javax/annotation/javax.annotation-api/1.2/javax.annotation-api-1.2.jar:/home/user/.m2/repository/org/apache/ratis/ratis-server/0.4.0-2337318-SNAPSHOT/ratis-server-0.4.0-2337318-SNAPSHOT.jar:/home/user/.m2/repository/org/apache/ratis/ratis-thirdparty-misc/0.2.0/ratis-thirdparty-misc-0.2.0.jar:/home/user/.m2/repository/org/apache/ratis/ratis-proto/0.4.0-2337318-SNAPSHOT/ratis-proto-0.4.0-2337318-SNAPSHOT.jar:/home/user/.m2/repository/org/apache/ratis/ratis-common/0.4.0-2337318-SNAPSHOT/ratis-common-0.4.0-2337318-SNAPSHOT.jar:/home/user/.m2/repository/org/apache/ratis/ratis-client/0.4.0-2337318-SNAPSHOT/ratis-client-0.4.0-2337318-SNAPSHOT.jar:/home/user/.m2/repository/org/apache/ratis/ratis-metrics/0.4.0-2337318-SNAPSHOT/ratis-metrics-0.4.0-2337318-SNAPSHOT.jar:/home/user/.m2/repository/org/apache/ratis/ratis-netty/0.4.0-2337318-SNAPSHOT/ratis-netty-0.4.0-2337318-SNAPSHOT.jar:/home/user/.m2/repository/org/apache/ratis/ratis-grpc/0.4.0-2337318-SNAPSHOT/ratis-grpc-0.4.0-2337318-SNAPSHOT.jar:/home/user/.m2/repository/org/rocksdb/rocksdbjni/6.0.1/rocksdbjni-6.0.1.jar:/home/user/.m2/repository/org/apache/logging/log4j/log4j-api/2.11.0/log4j-api-2.11.0.jar:/home/user/.m2/repository/org/apache/logging/log4j/log4j-core/2.11.0/log4j-core-2.11.0.jar:/home/user/.m2/repository/com/lmax/disruptor/3.4.2/disruptor-3.4.2.jar:/home/user/.m2/repository/org/apache/commons/commons-pool2/2.6.0/commons-pool2-2.6.0.jar:/home/user/.m2/repository/org/bouncycastle/bcpkix-jdk15on/1.60/bcpkix-jdk15on-1.60.jar:/home/user/.m2/repository/commons-validator/commons-validator/1.6/commons-validator-1.6.jar:/home/user/.m2/repository/commons-digester/commons-digester/1.8.1/commons-digester-1.8.1.jar:/home/user/.m2/repository/io/jaegertracing/jaeger-client/0.33.1/jaeger-client-0.33.1.jar:/home/user/.m2/repository/io/jaegertracing/jaeger-thrift/0.33.1/jaeger-thrift-0.33.1.jar:/home/user/.m2/repository/org/apache/thrift/libthrift/0.11.0/libthrift-0.11.0.jar:/home/user/.m2/repository/com/squareup/okhttp3/okhttp/3.9.0/okhttp-3.9.0.jar:/home/user/.m2/repository/com/squareup/okio/okio/1.13.0/okio-1.13.0.jar:/home/user/.m2/repository/io/jaegertracing/jaeger-core/0.33.1/jaeger-core-0.33.1.jar:/home/user/.m2/repository/io/jaegertracing/jaeger-tracerresolver/0.33.1/jaeger-tracerresolver-0.33.1.jar:/home/user/.m2/repository/io/opentracing/contrib/opentracing-tracerresolver/0.1.5/opentracing-tracerresolver-0.1.5.jar:/home/user/.m2/repository/io/opentracing/opentracing-util/0.31.0/opentracing-util-0.31.0.jar:/home/user/.m2/repository/io/opentracing/opentracing-api/0.31.0/opentracing-api-0.31.0.jar:/home/user/.m2/repository/io/opentracing/opentracing-noop/0.31.0/opentracing-noop-0.31.0.jar:/home/user/.m2/repository/org/apache/hadoop/hadoop-hdds-server-framework/0.5.0-SNAPSHOT/hadoop-hdds-server-framework-0.5.0-SNAPSHOT.jar:/home/user/.m2/repository/org/apache/hadoop/hadoop-hdds-container-service/0.5.0-SNAPSHOT/hadoop-hdds-container-service-0.5.0-SNAPSHOT.jar:/home/user/.m2/repository/org/apache/hadoop/hadoop-hdds-client/0.5.0-SNAPSHOT/hadoop-hdds-client-0.5.0-SNAPSHOT.jar:/home/user/.m2/repository/org/apache/hadoop/hadoop-hdds-tools/0.5.0-SNAPSHOT/hadoop-hdds-tools-0.5.0-SNAPSHOT.jar:/home/user/.m2/repository/org/apache/hadoop/hadoop-hdds-server-scm/0.5.0-SNAPSHOT/hadoop-hdds-server-scm-0.5.0-SNAPSHOT.jar:/home/user/.m2/repository/org/apache/hadoop/hadoop-hdds-docs/0.5.0-SNAPSHOT/hadoop-hdds-docs-0.5.0-SNAPSHOT.jar:/home/user/.m2/repository/io/dropwizard/metrics/metrics-core/3.2.4/metrics-core-3.2.4.jar:/home/user/.m2/repository/org/hamcrest/hamcrest-all/1.3/hamcrest-all-1.3.jar:/home/user/.m2/repository/org/bouncycastle/bcprov-jdk15on/1.60/bcprov-jdk15on-1.60.jar:/home/user/.m2/repository/info/picocli/picocli/3.9.6/picocli-3.9.6.jar:/home/user/.m2/repository/com/google/protobuf/protobuf-java/2.5.0/protobuf-java-2.5.0.jar:/home/user/.m2/repository/com/google/guava/guava/11.0.2/guava-11.0.2.jar:/home/user/.m2/repository/org/apache/hadoop/hadoop-ozone-ozone-manager/0.5.0-SNAPSHOT/hadoop-ozone-ozone-manager-0.5.0-SNAPSHOT.jar:/home/user/.m2/repository/org/apache/hadoop/hadoop-minikdc/3.2.0/hadoop-minikdc-3.2.0.jar:/home/user/.m2/repository/commons-io/commons-io/2.5/commons-io-2.5.jar:/home/user/.m2/repository/org/apache/kerby/kerb-simplekdc/1.0.1/kerb-simplekdc-1.0.1.jar:/home/user/.m2/repository/org/apache/kerby/kerb-client/1.0.1/kerb-client-1.0.1.jar:/home/user/.m2/repository/org/apache/kerby/kerby-config/1.0.1/kerby-config-1.0.1.jar:/home/user/.m2/repository/org/apache/kerby/kerb-core/1.0.1/kerb-core-1.0.1.jar:/home/user/.m2/repository/org/apache/kerby/kerby-pkix/1.0.1/kerby-pkix-1.0.1.jar:/home/user/.m2/repository/org/apache/kerby/kerby-asn1/1.0.1/kerby-asn1-1.0.1.jar:/home/user/.m2/repository/org/apache/kerby/kerby-util/1.0.1/kerby-util-1.0.1.jar:/home/user/.m2/repository/org/apache/kerby/kerb-common/1.0.1/kerb-common-1.0.1.jar:/home/user/.m2/repository/org/apache/kerby/kerb-crypto/1.0.1/kerb-crypto-1.0.1.jar:/home/user/.m2/repository/org/apache/kerby/kerb-util/1.0.1/kerb-util-1.0.1.jar:/home/user/.m2/repository/org/apache/kerby/token-provider/1.0.1/token-provider-1.0.1.jar:/home/user/.m2/repository/org/apache/kerby/kerb-admin/1.0.1/kerb-admin-1.0.1.jar:/home/user/.m2/repository/org/apache/kerby/kerb-server/1.0.1/kerb-server-1.0.1.jar:/home/user/.m2/repository/org/apache/kerby/kerb-identity/1.0.1/kerb-identity-1.0.1.jar:/home/user/.m2/repository/org/apache/kerby/kerby-xdr/1.0.1/kerby-xdr-1.0.1.jar:/home/user/.m2/repository/org/slf4j/slf4j-log4j12/1.7.25/slf4j-log4j12-1.7.25.jar:/home/user/.m2/repository/org/apache/hadoop/hadoop-ozone-objectstore-service/0.5.0-SNAPSHOT/hadoop-ozone-objectstore-service-0.5.0-SNAPSHOT.jar:/home/user/.m2/repository/org/apache/hadoop/hadoop-ozone-s3gateway/0.5.0-SNAPSHOT/hadoop-ozone-s3gateway-0.5.0-SNAPSHOT.jar:/home/user/.m2/repository/org/jboss/weld/servlet/weld-servlet/2.4.7.Final/weld-servlet-2.4.7.Final.jar:/home/user/.m2/repository/org/glassfish/jersey/containers/jersey-container-servlet-core/2.27/jersey-container-servlet-core-2.27.jar:/home/user/.m2/repository/org/glassfish/hk2/external/javax.inject/2.5.0-b42/javax.inject-2.5.0-b42.jar:/home/user/.m2/repository/org/glassfish/jersey/core/jersey-common/2.27/jersey-common-2.27.jar:/home/user/.m2/repository/org/glassfish/hk2/osgi-resource-locator/1.0.1/osgi-resource-locator-1.0.1.jar:/home/user/.m2/repository/javax/ws/rs/javax.ws.rs-api/2.1/javax.ws.rs-api-2.1.jar:/home/user/.m2/repository/org/glassfish/jersey/ext/cdi/jersey-cdi1x/2.27/jersey-cdi1x-2.27.jar:/home/user/.m2/repository/org/glassfish/jersey/inject/jersey-hk2/2.27/jersey-hk2-2.27.jar:/home/user/.m2/repository/org/glassfish/hk2/hk2-locator/2.5.0-b42/hk2-locator-2.5.0-b42.jar:/home/user/.m2/repository/org/javassist/javassist/3.22.0-CR2/javassist-3.22.0-CR2.jar:/home/user/.m2/repository/org/glassfish/hk2/hk2-api/2.5.0/hk2-api-2.5.0.jar:/home/user/.m2/repository/org/glassfish/hk2/external/jakarta.inject/2.5.0/jakarta.inject-2.5.0.jar:/home/user/.m2/repository/org/glassfish/hk2/hk2-utils/2.5.0/hk2-utils-2.5.0.jar:/home/user/.m2/repository/jakarta/annotation/jakarta.annotation-api/1.3.4/jakarta.annotation-api-1.3.4.jar:/home/user/.m2/repository/org/glassfish/hk2/external/aopalliance-repackaged/2.5.0/aopalliance-repackaged-2.5.0.jar:/home/user/.m2/repository/com/fasterxml/jackson/dataformat/jackson-dataformat-xml/2.9.0/jackson-dataformat-xml-2.9.0.jar:/home/user/.m2/repository/com/fasterxml/jackson/core/jackson-core/2.9.5/jackson-core-2.9.5.jar:/home/user/.m2/repository/com/fasterxml/jackson/module/jackson-module-jaxb-annotations/2.9.5/jackson-module-jaxb-annotations-2.9.5.jar:/home/user/.m2/repository/javax/enterprise/cdi-api/1.2/cdi-api-1.2.jar:/home/user/.m2/repository/javax/el/javax.el-api/3.0.0/javax.el-api-3.0.0.jar:/home/user/.m2/repository/javax/interceptor/javax.interceptor-api/1.2/javax.interceptor-api-1.2.jar:/home/user/.m2/repository/javax/inject/javax.inject/1/javax.inject-1.jar:/home/user/.m2/repository/com/sun/xml/bind/jaxb-impl/2.3.0.1/jaxb-impl-2.3.0.1.jar:/home/user/.m2/repository/com/sun/xml/bind/jaxb-core/2.3.0.1/jaxb-core-2.3.0.1.jar:/home/user/.m2/repository/javax/xml/bind/jaxb-api/2.3.0/jaxb-api-2.3.0.jar:/home/user/.m2/repository/javax/activation/activation/1.1.1/activation-1.1.1.jar:/home/user/.m2/repository/org/apache/hadoop/hadoop-ozone-csi/0.5.0-SNAPSHOT/hadoop-ozone-csi-0.5.0-SNAPSHOT.jar:/home/user/.m2/repository/com/google/protobuf/protobuf-java-util/3.5.1/protobuf-java-util-3.5.1.jar:/home/user/.m2/repository/org/apache/hadoop/hadoop-hdds-config/0.5.0-SNAPSHOT/hadoop-hdds-config-0.5.0-SNAPSHOT.jar:/home/user/.m2/repository/io/grpc/grpc-netty/1.17.1/grpc-netty-1.17.1.jar:/home/user/.m2/repository/io/grpc/grpc-core/1.17.1/grpc-core-1.17.1.jar:/home/user/.m2/repository/io/grpc/grpc-context/1.17.1/grpc-context-1.17.1.jar:/home/user/.m2/repository/com/google/errorprone/error_prone_annotations/2.2.0/error_prone_annotations-2.2.0.jar:/home/user/.m2/repository/org/codehaus/mojo/animal-sniffer-annotations/1.17/animal-sniffer-annotations-1.17.jar:/home/user/.m2/repository/io/opencensus/opencensus-api/0.17.0/opencensus-api-0.17.0.jar:/home/user/.m2/repository/io/opencensus/opencensus-contrib-grpc-metrics/0.17.0/opencensus-contrib-grpc-metrics-0.17.0.jar:/home/user/.m2/repository/io/netty/netty-codec-http2/4.1.30.Final/netty-codec-http2-4.1.30.Final.jar:/home/user/.m2/repository/io/netty/netty-codec-http/4.1.30.Final/netty-codec-http-4.1.30.Final.jar:/home/user/.m2/repository/io/netty/netty-codec/4.1.30.Final/netty-codec-4.1.30.Final.jar:/home/user/.m2/repository/io/netty/netty-handler/4.1.30.Final/netty-handler-4.1.30.Final.jar:/home/user/.m2/repository/io/netty/netty-handler-proxy/4.1.30.Final/netty-handler-proxy-4.1.30.Final.jar:/home/user/.m2/repository/io/netty/netty-codec-socks/4.1.30.Final/netty-codec-socks-4.1.30.Final.jar:/home/user/.m2/repository/io/netty/netty-transport-native-epoll/4.1.30.Final/netty-transport-native-epoll-4.1.30.Final.jar:/home/user/.m2/repository/io/netty/netty-common/4.1.30.Final/netty-common-4.1.30.Final.jar:/home/user/.m2/repository/io/netty/netty-buffer/4.1.30.Final/netty-buffer-4.1.30.Final.jar:/home/user/.m2/repository/io/netty/netty-transport/4.1.30.Final/netty-transport-4.1.30.Final.jar:/home/user/.m2/repository/io/netty/netty-resolver/4.1.30.Final/netty-resolver-4.1.30.Final.jar:/home/user/.m2/repository/io/netty/netty-transport-native-unix-common/4.1.30.Final/netty-transport-native-unix-common-4.1.30.Final.jar:/home/user/.m2/repository/io/grpc/grpc-protobuf/1.17.1/grpc-protobuf-1.17.1.jar:/home/user/.m2/repository/com/google/api/grpc/proto-google-common-protos/1.0.0/proto-google-common-protos-1.0.0.jar:/home/user/.m2/repository/io/grpc/grpc-protobuf-lite/1.17.1/grpc-protobuf-lite-1.17.1.jar:/home/user/.m2/repository/io/grpc/grpc-stub/1.17.1/grpc-stub-1.17.1.jar:/home/user/.m2/repository/org/apache/hadoop/hadoop-ozone-recon/0.5.0-SNAPSHOT/hadoop-ozone-recon-0.5.0-SNAPSHOT.jar:/home/user/.m2/repository/org/apache/hadoop/hadoop-ozone-reconcodegen/0.5.0-SNAPSHOT/hadoop-ozone-reconcodegen-0.5.0-SNAPSHOT.jar:/home/user/.m2/repository/com/google/inject/extensions/guice-multibindings/4.0/guice-multibindings-4.0.jar:/home/user/.m2/repository/com/google/inject/guice/4.0/guice-4.0.jar:/home/user/.m2/repository/aopalliance/aopalliance/1.0/aopalliance-1.0.jar:/home/user/.m2/repository/com/google/inject/extensions/guice-servlet/4.0/guice-servlet-4.0.jar:/home/user/.m2/repository/org/glassfish/jersey/containers/jersey-container-servlet/2.27/jersey-container-servlet-2.27.jar:/home/user/.m2/repository/org/glassfish/hk2/guice-bridge/2.5.0/guice-bridge-2.5.0.jar:/home/user/.m2/repository/org/glassfish/jersey/core/jersey-server/2.27/jersey-server-2.27.jar:/home/user/.m2/repository/org/glassfish/jersey/core/jersey-client/2.27/jersey-client-2.27.jar:/home/user/.m2/repository/org/glassfish/jersey/media/jersey-media-jaxb/2.27/jersey-media-jaxb-2.27.jar:/home/user/.m2/repository/javax/validation/validation-api/1.1.0.Final/validation-api-1.1.0.Final.jar:/home/user/.m2/repository/org/glassfish/jersey/media/jersey-media-json-jackson/2.27/jersey-media-json-jackson-2.27.jar:/home/user/.m2/repository/org/glassfish/jersey/ext/jersey-entity-filtering/2.27/jersey-entity-filtering-2.27.jar:/home/user/.m2/repository/com/google/inject/extensions/guice-assistedinject/4.0/guice-assistedinject-4.0.jar:/home/user/.m2/repository/org/jooq/jooq/3.11.10/jooq-3.11.10.jar:/home/user/.m2/repository/org/jooq/jooq-meta/3.11.10/jooq-meta-3.11.10.jar:/home/user/.m2/repository/org/jooq/jooq-codegen/3.11.10/jooq-codegen-3.11.10.jar:/home/user/.m2/repository/com/jolbox/bonecp/0.8.0.RELEASE/bonecp-0.8.0.RELEASE.jar:/home/user/.m2/repository/org/xerial/sqlite-jdbc/3.25.2/sqlite-jdbc-3.25.2.jar:/home/user/.m2/repository/org/springframework/spring-jdbc/5.1.3.RELEASE/spring-jdbc-5.1.3.RELEASE.jar:/home/user/.m2/repository/org/springframework/spring-beans/5.1.3.RELEASE/spring-beans-5.1.3.RELEASE.jar:/home/user/.m2/repository/org/springframework/spring-core/5.1.3.RELEASE/spring-core-5.1.3.RELEASE.jar:/home/user/.m2/repository/org/springframework/spring-jcl/5.1.3.RELEASE/spring-jcl-5.1.3.RELEASE.jar:/home/user/.m2/repository/org/springframework/spring-tx/5.1.3.RELEASE/spring-tx-5.1.3.RELEASE.jar:/home/user/.m2/repository/org/apache/hadoop/hadoop-ozone-client/0.5.0-SNAPSHOT/hadoop-ozone-client-0.5.0-SNAPSHOT.jar:/home/user/.m2/repository/commons-lang/commons-lang/2.6/commons-lang-2.6.jar:/home/user/.m2/repository/org/apache/hadoop/hadoop-ozone-ozone-manager/0.5.0-SNAPSHOT/hadoop-ozone-ozone-manager-0.5.0-SNAPSHOT-tests.jar:/home/user/.m2/repository/junit/junit/4.11/junit-4.11.jar:/home/user/.m2/repository/org/hamcrest/hamcrest-core/1.3/hamcrest-core-1.3.jar:/home/user/.m2/repository/org/openjdk/jmh/jmh-core/1.19/jmh-core-1.19.jar:/home/user/.m2/repository/net/sf/jopt-simple/jopt-simple/4.6/jopt-simple-4.6.jar:/home/user/.m2/repository/org/apache/commons/commons-math3/3.1.1/commons-math3-3.1.1.jar:/home/user/.m2/repository/org/openjdk/jmh/jmh-generator-annprocess/1.19/jmh-generator-annprocess-1.19.jar:/home/user/.m2/repository/org/mockito/mockito-all/1.8.5/mockito-all-1.8.5.jar:/home/user/.m2/repository/org/apache/hadoop/hadoop-kms/3.2.0/hadoop-kms-3.2.0.jar:/home/user/.m2/repository/org/apache/hadoop/hadoop-auth/3.2.0/hadoop-auth-3.2.0.jar:/home/user/.m2/repository/com/nimbusds/nimbus-jose-jwt/4.41.1/nimbus-jose-jwt-4.41.1.jar:/home/user/.m2/repository/com/github/stephenc/jcip/jcip-annotations/1.0-1/jcip-annotations-1.0-1.jar:/home/user/.m2/repository/net/minidev/json-smart/2.3/json-smart-2.3.jar:/home/user/.m2/repository/net/minidev/accessors-smart/1.2/accessors-smart-1.2.jar:/home/user/.m2/repository/org/ow2/asm/asm/5.0.4/asm-5.0.4.jar:/home/user/.m2/repository/org/apache/curator/curator-framework/2.12.0/curator-framework-2.12.0.jar:/home/user/.m2/repository/com/sun/jersey/jersey-core/1.19/jersey-core-1.19.jar:/home/user/.m2/repository/javax/ws/rs/jsr311-api/1.1.1/jsr311-api-1.1.1.jar:/home/user/.m2/repository/com/sun/jersey/jersey-server/1.19/jersey-server-1.19.jar:/home/user/.m2/repository/javax/servlet/javax.servlet-api/3.1.0/javax.servlet-api-3.1.0.jar:/home/user/.m2/repository/org/eclipse/jetty/jetty-server/9.3.24.v20180605/jetty-server-9.3.24.v20180605.jar:/home/user/.m2/repository/org/eclipse/jetty/jetty-http/9.3.24.v20180605/jetty-http-9.3.24.v20180605.jar:/home/user/.m2/repository/org/eclipse/jetty/jetty-io/9.3.24.v20180605/jetty-io-9.3.24.v20180605.jar:/home/user/.m2/repository/org/eclipse/jetty/jetty-webapp/9.3.24.v20180605/jetty-webapp-9.3.24.v20180605.jar:/home/user/.m2/repository/org/eclipse/jetty/jetty-xml/9.3.24.v20180605/jetty-xml-9.3.24.v20180605.jar:/home/user/.m2/repository/log4j/log4j/1.2.17/log4j-1.2.17.jar:/home/user/.m2/repository/org/slf4j/slf4j-api/1.7.25/slf4j-api-1.7.25.jar:/home/user/.m2/repository/org/slf4j/jul-to-slf4j/1.7.25/jul-to-slf4j-1.7.25.jar:/home/user/.m2/repository/org/eclipse/jetty/jetty-util/9.3.24.v20180605/jetty-util-9.3.24.v20180605.jar:/home/user/.m2/repository/com/fasterxml/jackson/core/jackson-databind/2.9.5/jackson-databind-2.9.5.jar:/home/user/.m2/repository/org/apache/hadoop/hadoop-kms/3.2.0/hadoop-kms-3.2.0-tests.jar:/home/user/.m2/repository/org/apache/hadoop/hadoop-hdds-server-scm/0.5.0-SNAPSHOT/hadoop-hdds-server-scm-0.5.0-SNAPSHOT-tests.jar:/home/user/.m2/repository/org/apache/hadoop/hadoop-hdds-container-service/0.5.0-SNAPSHOT/hadoop-hdds-container-service-0.5.0-SNAPSHOT-tests.jar:/home/user/.m2/repository/org/yaml/snakeyaml/1.16/snakeyaml-1.16.jar:/home/user/.m2/repository/org/apache/hadoop/hadoop-common/3.2.0/hadoop-common-3.2.0-tests.jar:/home/user/.m2/repository/org/apache/hadoop/hadoop-annotations/3.2.0/hadoop-annotations-3.2.0.jar:/usr/lib/jvm/java-1.8-openjdk/jre/../lib/tools.jar:/home/user/.m2/repository/commons-cli/commons-cli/1.2/commons-cli-1.2.jar:/home/user/.m2/repository/org/apache/httpcomponents/httpclient/4.5.2/httpclient-4.5.2.jar:/home/user/.m2/repository/org/apache/httpcomponents/httpcore/4.4.4/httpcore-4.4.4.jar:/home/user/.m2/repository/commons-codec/commons-codec/1.11/commons-codec-1.11.jar:/home/user/.m2/repository/commons-net/commons-net/3.6/commons-net-3.6.jar:/home/user/.m2/repository/commons-collections/commons-collections/3.2.2/commons-collections-3.2.2.jar:/home/user/.m2/repository/org/eclipse/jetty/jetty-servlet/9.3.24.v20180605/jetty-servlet-9.3.24.v20180605.jar:/home/user/.m2/repository/org/eclipse/jetty/jetty-security/9.3.24.v20180605/jetty-security-9.3.24.v20180605.jar:/home/user/.m2/repository/javax/servlet/jsp/jsp-api/2.1/jsp-api-2.1.jar:/home/user/.m2/repository/com/sun/jersey/jersey-servlet/1.19/jersey-servlet-1.19.jar:/home/user/.m2/repository/com/sun/jersey/jersey-json/1.19/jersey-json-1.19.jar:/home/user/.m2/repository/org/codehaus/jettison/jettison/1.1/jettison-1.1.jar:/home/user/.m2/repository/org/codehaus/jackson/jackson-core-asl/1.9.13/jackson-core-asl-1.9.13.jar:/home/user/.m2/repository/org/codehaus/jackson/jackson-mapper-asl/1.9.13/jackson-mapper-asl-1.9.13.jar:/home/user/.m2/repository/org/codehaus/jackson/jackson-jaxrs/1.9.13/jackson-jaxrs-1.9.13.jar:/home/user/.m2/repository/org/codehaus/jackson/jackson-xc/1.9.13/jackson-xc-1.9.13.jar:/home/user/.m2/repository/commons-logging/commons-logging/1.1.3/commons-logging-1.1.3.jar:/home/user/.m2/repository/commons-beanutils/commons-beanutils/1.9.3/commons-beanutils-1.9.3.jar:/home/user/.m2/repository/org/apache/commons/commons-configuration2/2.1.1/commons-configuration2-2.1.1.jar:/home/user/.m2/repository/org/apache/commons/commons-lang3/3.7/commons-lang3-3.7.jar:/home/user/.m2/repository/org/apache/commons/commons-text/1.4/commons-text-1.4.jar:/home/user/.m2/repository/org/apache/avro/avro/1.7.7/avro-1.7.7.jar:/home/user/.m2/repository/com/thoughtworks/paranamer/paranamer/2.3/paranamer-2.3.jar:/home/user/.m2/repository/org/xerial/snappy/snappy-java/1.0.5/snappy-java-1.0.5.jar:/home/user/.m2/repository/com/google/re2j/re2j/1.1/re2j-1.1.jar:/home/user/.m2/repository/com/google/code/gson/gson/2.2.4/gson-2.2.4.jar:/home/user/.m2/repository/com/jcraft/jsch/0.1.54/jsch-0.1.54.jar:/home/user/.m2/repository/org/apache/curator/curator-client/2.12.0/curator-client-2.12.0.jar:/home/user/.m2/repository/org/apache/curator/curator-recipes/2.12.0/curator-recipes-2.12.0.jar:/home/user/.m2/repository/com/google/code/findbugs/jsr305/3.0.0/jsr305-3.0.0.jar:/home/user/.m2/repository/org/apache/htrace/htrace-core4/4.1.0-incubating/htrace-core4-4.1.0-incubating.jar:/home/user/.m2/repository/org/apache/zookeeper/zookeeper/3.4.13/zookeeper-3.4.13.jar:/home/user/.m2/repository/org/apache/yetus/audience-annotations/0.5.0/audience-annotations-0.5.0.jar:/home/user/.m2/repository/org/codehaus/woodstox/stax2-api/3.1.4/stax2-api-3.1.4.jar:/home/user/.m2/repository/com/fasterxml/woodstox/woodstox-core/5.0.3/woodstox-core-5.0.3.jar:/home/user/.m2/repository/dnsjava/dnsjava/2.1.7/dnsjava-2.1.7.jar:/home/user/.m2/repository/org/apache/hadoop/hadoop-hdfs/3.2.0/hadoop-hdfs-3.2.0-tests.jar:/home/user/.m2/repository/org/eclipse/jetty/jetty-util-ajax/9.3.24.v20180605/jetty-util-ajax-9.3.24.v20180605.jar:/home/user/.m2/repository/commons-daemon/commons-daemon/1.0.13/commons-daemon-1.0.13.jar:/home/user/.m2/repository/io/netty/netty/3.10.5.Final/netty-3.10.5.Final.jar:/home/user/.m2/repository/io/netty/netty-all/4.0.52.Final/netty-all-4.0.52.Final.jar:/home/user/.m2/repository/org/fusesource/leveldbjni/leveldbjni-all/1.8/leveldbjni-all-1.8.jar:"/>
    <property name="sun.cpu.endian" value="little"/>
    <property name="user.home" value="/home/user"/>
    <property name="user.language" value="en"/>
    <property name="java.specification.vendor" value="Oracle Corporation"/>
    <property name="java.home" value="/usr/lib/jvm/java-1.8-openjdk/jre"/>
    <property name="java.security.krb5.conf" value="/tmp/workdir/hadoop-ozone/integration-test/target/test-classes/krb5.conf"/>
    <property name="basedir" value="/tmp/workdir/hadoop-ozone/integration-test"/>
    <property name="file.separator" value="/"/>
    <property name="line.separator" value="&#10;"/>
    <property name="java.vm.specification.vendor" value="Oracle Corporation"/>
    <property name="java.specification.name" value="Java Platform API Specification"/>
    <property name="java.awt.graphicsenv" value="sun.awt.X11GraphicsEnvironment"/>
    <property name="surefire.real.class.path" value="/tmp/workdir/hadoop-ozone/integration-test/target/surefire/surefirebooter4010434117673874452.jar"/>
    <property name="hadoop.log.dir" value="/tmp/workdir/hadoop-ozone/integration-test/target/log"/>
    <property name="sun.boot.class.path" value="/usr/lib/jvm/java-1.8-openjdk/jre/lib/resources.jar:/usr/lib/jvm/java-1.8-openjdk/jre/lib/rt.jar:/usr/lib/jvm/java-1.8-openjdk/jre/lib/sunrsasign.jar:/usr/lib/jvm/java-1.8-openjdk/jre/lib/jsse.jar:/usr/lib/jvm/java-1.8-openjdk/jre/lib/jce.jar:/usr/lib/jvm/java-1.8-openjdk/jre/lib/charsets.jar:/usr/lib/jvm/java-1.8-openjdk/jre/lib/jfr.jar:/usr/lib/jvm/java-1.8-openjdk/jre/classes"/>
    <property name="sun.management.compiler" value="HotSpot 64-Bit Tiered Compilers"/>
    <property name="java.runtime.version" value="1.8.0_212-b04"/>
    <property name="java.net.preferIPv4Stack" value="true"/>
    <property name="user.name" value="jenkins1000"/>
    <property name="path.separator" value=":"/>
    <property name="java.security.egd" value="file:///dev/urandom"/>
    <property name="os.version" value="3.10.0-957.12.2.el7.x86_64"/>
    <property name="java.endorsed.dirs" value="/usr/lib/jvm/java-1.8-openjdk/jre/lib/endorsed"/>
    <property name="java.runtime.name" value="OpenJDK Runtime Environment"/>
    <property name="file.encoding" value="UTF-8"/>
    <property name="java.vm.name" value="OpenJDK 64-Bit Server VM"/>
    <property name="test.build.webapps" value=""/>
    <property name="localRepository" value="/home/user/.m2/repository"/>
    <property name="java.vendor.url.bug" value="https://icedtea.classpath.org/bugzilla"/>
    <property name="java.io.tmpdir" value="/tmp"/>
    <property name="require.test.libhadoop" value=""/>
    <property name="java.version" value="1.8.0_212"/>
    <property name="user.dir" value="/tmp/workdir/hadoop-ozone/integration-test"/>
    <property name="os.arch" value="amd64"/>
    <property name="java.vm.specification.name" value="Java Virtual Machine Specification"/>
    <property name="test.build.classes" value="/tmp/workdir/hadoop-ozone/integration-test/target/test-classes"/>
    <property name="java.awt.printerjob" value="sun.print.PSPrinterJob"/>
    <property name="sun.os.patch.level" value="unknown"/>
    <property name="hadoop.tmp.dir" value="/tmp/workdir/hadoop-ozone/integration-test/target/tmp"/>
    <property name="java.library.path" value="/usr/lib/jvm/java-1.8-openjdk/jre/lib/amd64/server:/usr/lib/jvm/java-1.8-openjdk/jre/lib/amd64:/usr/lib/jvm/java-1.8-openjdk/jre/../lib/amd64:/tmp/workdir/hadoop-ozone/integration-test/target/native/target/usr/local/lib:/tmp/workdir/hadoop-ozone/integration-test/../../hadoop-common-project/hadoop-common/target/native/target/usr/local/lib:/usr/java/packages/lib/amd64:/usr/lib64:/lib64:/lib:/usr/lib"/>
    <property name="java.vm.info" value="mixed mode"/>
    <property name="java.vendor" value="IcedTea"/>
    <property name="java.vm.version" value="25.212-b04"/>
    <property name="java.ext.dirs" value="/usr/lib/jvm/java-1.8-openjdk/jre/lib/ext:/usr/java/packages/lib/ext"/>
    <property name="sun.io.unicode.encoding" value="UnicodeLittle"/>
    <property name="java.class.version" value="52.0"/>
  </properties>
  <testcase name="testPipelineExclusionWithPipelineFailure" classname="org.apache.hadoop.ozone.client.rpc.TestFailureHandlingByClient" time="20.417">
    <error message="Allocated 0 blocks. Requested 1 blocks" type="INTERNAL_ERROR org.apache.hadoop.ozone.om.exceptions.OMException">INTERNAL_ERROR org.apache.hadoop.ozone.om.exceptions.OMException: Allocated 0 blocks. Requested 1 blocks
	at org.apache.hadoop.ozone.om.protocolPB.OzoneManagerProtocolClientSideTranslatorPB.handleError(OzoneManagerProtocolClientSideTranslatorPB.java:720)
	at org.apache.hadoop.ozone.om.protocolPB.OzoneManagerProtocolClientSideTranslatorPB.allocateBlock(OzoneManagerProtocolClientSideTranslatorPB.java:752)
	at org.apache.hadoop.ozone.client.io.BlockOutputStreamEntryPool.allocateNewBlock(BlockOutputStreamEntryPool.java:248)
	at org.apache.hadoop.ozone.client.io.BlockOutputStreamEntryPool.allocateBlockIfNeeded(BlockOutputStreamEntryPool.java:296)
	at org.apache.hadoop.ozone.client.io.KeyOutputStream.handleWrite(KeyOutputStream.java:201)
	at org.apache.hadoop.ozone.client.io.KeyOutputStream.handleRetry(KeyOutputStream.java:376)
	at org.apache.hadoop.ozone.client.io.KeyOutputStream.handleException(KeyOutputStream.java:325)
	at org.apache.hadoop.ozone.client.io.KeyOutputStream.handleFlushOrClose(KeyOutputStream.java:448)
	at org.apache.hadoop.ozone.client.io.KeyOutputStream.flush(KeyOutputStream.java:396)
	at org.apache.hadoop.ozone.client.io.OzoneOutputStream.flush(OzoneOutputStream.java:54)
	at org.apache.hadoop.ozone.client.rpc.TestFailureHandlingByClient.testPipelineExclusionWithPipelineFailure(TestFailureHandlingByClient.java:445)
	at sun.reflect.NativeMethodAccessorImpl.invoke0(Native Method)
	at sun.reflect.NativeMethodAccessorImpl.invoke(NativeMethodAccessorImpl.java:62)
	at sun.reflect.DelegatingMethodAccessorImpl.invoke(DelegatingMethodAccessorImpl.java:43)
	at java.lang.reflect.Method.invoke(Method.java:498)
	at org.junit.runners.model.FrameworkMethod$1.runReflectiveCall(FrameworkMethod.java:47)
	at org.junit.internal.runners.model.ReflectiveCallable.run(ReflectiveCallable.java:12)
	at org.junit.runners.model.FrameworkMethod.invokeExplosively(FrameworkMethod.java:44)
	at org.junit.internal.runners.statements.InvokeMethod.evaluate(InvokeMethod.java:17)
	at org.junit.runners.ParentRunner.runLeaf(ParentRunner.java:271)
	at org.junit.runners.BlockJUnit4ClassRunner.runChild(BlockJUnit4ClassRunner.java:70)
	at org.junit.runners.BlockJUnit4ClassRunner.runChild(BlockJUnit4ClassRunner.java:50)
	at org.junit.runners.ParentRunner$3.run(ParentRunner.java:238)
	at org.junit.runners.ParentRunner$1.schedule(ParentRunner.java:63)
	at org.junit.runners.ParentRunner.runChildren(ParentRunner.java:236)
	at org.junit.runners.ParentRunner.access$000(ParentRunner.java:53)
	at org.junit.runners.ParentRunner$2.evaluate(ParentRunner.java:229)
	at org.junit.runners.ParentRunner.run(ParentRunner.java:309)
	at org.apache.maven.surefire.junit4.JUnit4Provider.execute(JUnit4Provider.java:365)
	at org.apache.maven.surefire.junit4.JUnit4Provider.executeWithRerun(JUnit4Provider.java:273)
	at org.apache.maven.surefire.junit4.JUnit4Provider.executeTestSet(JUnit4Provider.java:238)
	at org.apache.maven.surefire.junit4.JUnit4Provider.invoke(JUnit4Provider.java:159)
	at org.apache.maven.surefire.booter.ForkedBooter.invokeProviderInSameClassLoader(ForkedBooter.java:384)
	at org.apache.maven.surefire.booter.ForkedBooter.runSuitesInProcess(ForkedBooter.java:345)
	at org.apache.maven.surefire.booter.ForkedBooter.execute(ForkedBooter.java:126)
	at org.apache.maven.surefire.booter.ForkedBooter.main(ForkedBooter.java:418)
</error>
    <system-out><![CDATA[2019-07-13 22:40:21,909 WARN  server.ServerUtils (ServerUtils.java:getScmDbDir(145)) - ozone.scm.db.dirs is not configured. We recommend adding this setting. Falling back to ozone.metadata.dirs instead.
2019-07-13 22:40:22,022 WARN  server.ServerUtils (ServerUtils.java:getScmDbDir(145)) - ozone.scm.db.dirs is not configured. We recommend adding this setting. Falling back to ozone.metadata.dirs instead.
2019-07-13 22:40:22,024 WARN  server.ServerUtils (ServerUtils.java:getScmDbDir(145)) - ozone.scm.db.dirs is not configured. We recommend adding this setting. Falling back to ozone.metadata.dirs instead.
2019-07-13 22:40:22,042 INFO  util.log (Log.java:initialized(192)) - Logging initialized @863ms
2019-07-13 22:40:22,173 INFO  db.DBStoreBuilder (DBStoreBuilder.java:addTable(110)) - using custom profile for table: deletedBlocks
2019-07-13 22:40:22,173 INFO  db.DBStoreBuilder (DBStoreBuilder.java:processTables(161)) - Using default column profile:DBProfile.DISK for Table:deletedBlocks
2019-07-13 22:40:22,174 INFO  db.DBStoreBuilder (DBStoreBuilder.java:addTable(110)) - using custom profile for table: validCerts
2019-07-13 22:40:22,174 INFO  db.DBStoreBuilder (DBStoreBuilder.java:processTables(161)) - Using default column profile:DBProfile.DISK for Table:validCerts
2019-07-13 22:40:22,175 INFO  db.DBStoreBuilder (DBStoreBuilder.java:addTable(110)) - using custom profile for table: revokedCerts
2019-07-13 22:40:22,175 INFO  db.DBStoreBuilder (DBStoreBuilder.java:processTables(161)) - Using default column profile:DBProfile.DISK for Table:revokedCerts
2019-07-13 22:40:22,187 INFO  db.DBStoreBuilder (DBStoreBuilder.java:addTable(110)) - using custom profile for table: default
2019-07-13 22:40:22,187 INFO  db.DBStoreBuilder (DBStoreBuilder.java:processTables(167)) - Using default column profile:DBProfile.DISK for Table:default
2019-07-13 22:40:22,188 INFO  db.DBStoreBuilder (DBStoreBuilder.java:getDbProfile(198)) - Using default options. DBProfile.DISK
2019-07-13 22:40:22,359 INFO  net.NodeSchemaLoader (NodeSchemaLoader.java:loadSchemaFromFile(125)) - Loading file from sun.misc.CompoundEnumeration@6a192cfe
2019-07-13 22:40:22,364 INFO  net.NodeSchemaLoader (NodeSchemaLoader.java:loadSchema(171)) - Loading network topology layer schema file
2019-07-13 22:40:22,449 INFO  node.SCMNodeManager (SCMNodeManager.java:<init>(119)) - Entering startup safe mode.
2019-07-13 22:40:22,534 WARN  server.ServerUtils (ServerUtils.java:getScmDbDir(145)) - ozone.scm.db.dirs is not configured. We recommend adding this setting. Falling back to ozone.metadata.dirs instead.
2019-07-13 22:40:22,566 INFO  pipeline.SCMPipelineManager (SCMPipelineManager.java:initializePipelineState(126)) - No pipeline exists in current db
2019-07-13 22:40:22,568 WARN  server.ServerUtils (ServerUtils.java:getScmDbDir(145)) - ozone.scm.db.dirs is not configured. We recommend adding this setting. Falling back to ozone.metadata.dirs instead.
2019-07-13 22:40:22,653 WARN  events.EventQueue (EventQueue.java:fireEvent(175)) - No event handler registered for event TypedEvent{payloadType=SafeModeStatus, name='SafeModeStatus'}
2019-07-13 22:40:22,977 INFO  ipc.CallQueueManager (CallQueueManager.java:<init>(84)) - Using callQueue: class java.util.concurrent.LinkedBlockingQueue, queueCapacity: 2000, scheduler: class org.apache.hadoop.ipc.DefaultRpcScheduler, ipcBackoff: false.
2019-07-13 22:40:23,004 INFO  ipc.Server (Server.java:run(1074)) - Starting Socket Reader #1 for port 41864
2019-07-13 22:40:23,027 INFO  ipc.CallQueueManager (CallQueueManager.java:<init>(84)) - Using callQueue: class java.util.concurrent.LinkedBlockingQueue, queueCapacity: 2000, scheduler: class org.apache.hadoop.ipc.DefaultRpcScheduler, ipcBackoff: false.
2019-07-13 22:40:23,028 INFO  ipc.Server (Server.java:run(1074)) - Starting Socket Reader #1 for port 35996
2019-07-13 22:40:23,034 INFO  ipc.CallQueueManager (CallQueueManager.java:<init>(84)) - Using callQueue: class java.util.concurrent.LinkedBlockingQueue, queueCapacity: 2000, scheduler: class org.apache.hadoop.ipc.DefaultRpcScheduler, ipcBackoff: false.
2019-07-13 22:40:23,035 INFO  ipc.Server (Server.java:run(1074)) - Starting Socket Reader #1 for port 40998
2019-07-13 22:40:23,167 INFO  hdfs.DFSUtil (DFSUtil.java:httpServerTemplateForNNAndJN(1641)) - Starting Web-server for scm at: http://0.0.0.0:0
2019-07-13 22:40:23,329 INFO  server.AuthenticationFilter (AuthenticationFilter.java:constructSecretProvider(240)) - Unable to initialize FileSignerSecretProvider, falling back to use random secrets.
2019-07-13 22:40:23,337 WARN  http.HttpRequestLog (HttpRequestLog.java:getRequestLog(97)) - Jetty request log can only be enabled using Log4j
2019-07-13 22:40:23,344 INFO  http.HttpServer2 (HttpServer2.java:addGlobalFilter(975)) - Added global filter 'safety' (class=org.apache.hadoop.http.HttpServer2$QuotingInputFilter)
2019-07-13 22:40:23,347 INFO  http.HttpServer2 (HttpServer2.java:addFilter(948)) - Added filter static_user_filter (class=org.apache.hadoop.http.lib.StaticUserWebFilter$StaticUserFilter) to context scm
2019-07-13 22:40:23,347 INFO  http.HttpServer2 (HttpServer2.java:addFilter(958)) - Added filter static_user_filter (class=org.apache.hadoop.http.lib.StaticUserWebFilter$StaticUserFilter) to context logs
2019-07-13 22:40:23,347 INFO  http.HttpServer2 (HttpServer2.java:addFilter(958)) - Added filter static_user_filter (class=org.apache.hadoop.http.lib.StaticUserWebFilter$StaticUserFilter) to context static
2019-07-13 22:40:23,375 INFO  server.StorageContainerManager (StorageContainerManager.java:start(759)) - StorageContainerLocationProtocol RPC server is listening at /0.0.0.0:40998
2019-07-13 22:40:23,438 WARN  impl.MetricsConfig (MetricsConfig.java:loadFirst(134)) - Cannot locate configuration: tried hadoop-metrics2-storagecontainermanager.properties,hadoop-metrics2.properties
2019-07-13 22:40:23,451 INFO  impl.MetricsSystemImpl (MetricsSystemImpl.java:startTimer(374)) - Scheduled Metric snapshot period at 10 second(s).
2019-07-13 22:40:23,451 INFO  impl.MetricsSystemImpl (MetricsSystemImpl.java:start(191)) - StorageContainerManager metrics system started
2019-07-13 22:40:23,669 INFO  server.SCMClientProtocolServer (SCMClientProtocolServer.java:start(149)) - RPC server for Client  is listening at /0.0.0.0:40998
2019-07-13 22:40:23,670 INFO  ipc.Server (Server.java:run(1314)) - IPC Server Responder: starting
2019-07-13 22:40:23,670 INFO  ipc.Server (Server.java:run(1153)) - IPC Server listener on 40998: starting
2019-07-13 22:40:23,674 INFO  server.StorageContainerManager (StorageContainerManager.java:start(768)) - ScmBlockLocationProtocol RPC server is listening at /0.0.0.0:35996
2019-07-13 22:40:23,675 INFO  server.SCMBlockProtocolServer (SCMBlockProtocolServer.java:start(140)) - RPC server for Block Protocol is listening at /0.0.0.0:35996
2019-07-13 22:40:23,675 INFO  ipc.Server (Server.java:run(1314)) - IPC Server Responder: starting
2019-07-13 22:40:23,675 INFO  ipc.Server (Server.java:run(1153)) - IPC Server listener on 35996: starting
2019-07-13 22:40:23,682 INFO  server.StorageContainerManager (StorageContainerManager.java:start(772)) - ScmDatanodeProtocl RPC server is listening at /0.0.0.0:41864
2019-07-13 22:40:23,683 INFO  server.SCMDatanodeProtocolServer (SCMDatanodeProtocolServer.java:start(191)) - RPC server for DataNodes is listening at /0.0.0.0:41864
2019-07-13 22:40:23,684 INFO  ipc.Server (Server.java:run(1314)) - IPC Server Responder: starting
2019-07-13 22:40:23,685 INFO  ipc.Server (Server.java:run(1153)) - IPC Server listener on 41864: starting
2019-07-13 22:40:23,696 INFO  http.HttpServer2 (HttpServer2.java:bindListener(1191)) - Jetty bound to port 44990
2019-07-13 22:40:23,699 INFO  server.Server (Server.java:doStart(351)) - jetty-9.3.24.v20180605, build timestamp: 2018-06-05T17:11:56Z, git hash: 84205aa28f11a4f31f2a3b86d1bba2cc8ab69827
2019-07-13 22:40:23,737 INFO  handler.ContextHandler (ContextHandler.java:doStart(781)) - Started o.e.j.s.ServletContextHandler@497486b3{/logs,file:///tmp/workdir/hadoop-ozone/integration-test/target/log,AVAILABLE}
2019-07-13 22:40:23,737 INFO  handler.ContextHandler (ContextHandler.java:doStart(781)) - Started o.e.j.s.ServletContextHandler@75f95314{/static,file:///tmp/workdir/hadoop-ozone/integration-test/target/test-classes/webapps/static,AVAILABLE}
2019-07-13 22:40:23,770 INFO  handler.ContextHandler (ContextHandler.java:doStart(781)) - Started o.e.j.w.WebAppContext@32cb636e{/,file:///tmp/workdir/hadoop-ozone/integration-test/target/test-classes/webapps/scm/,AVAILABLE}{/scm}
2019-07-13 22:40:23,775 INFO  server.AbstractConnector (AbstractConnector.java:doStart(278)) - Started ServerConnector@64bc21ac{HTTP/1.1,[http/1.1]}{0.0.0.0:44990}
2019-07-13 22:40:23,775 INFO  server.Server (Server.java:doStart(419)) - Started @2597ms
2019-07-13 22:40:23,776 INFO  server.BaseHttpServer (BaseHttpServer.java:updateConnectorAddress(207)) - HTTP server of SCM is listening at http://0.0.0.0:44990
2019-07-13 22:40:23,784 INFO  util.JvmPauseMonitor (JvmPauseMonitor.java:run(188)) - Starting JVM pause monitor
2019-07-13 22:40:23,785 WARN  server.ServerUtils (ServerUtils.java:getDBPath(222)) - ozone.om.db.dirs is not configured. We recommend adding this setting. Falling back to ozone.metadata.dirs instead.
2019-07-13 22:40:23,874 WARN  server.ServerUtils (ServerUtils.java:getDBPath(222)) - ozone.om.db.dirs is not configured. We recommend adding this setting. Falling back to ozone.metadata.dirs instead.
2019-07-13 22:40:23,875 INFO  om.OzoneManager (OzoneManager.java:setOMNodeDetails(630)) - OM Service ID is not set. Setting it to the default ID: omServiceIdDefault
2019-07-13 22:40:23,875 INFO  om.OzoneManager (OzoneManager.java:setOMNodeDetails(636)) - OM Node ID is not set. Setting it to the OmStorage's OmID: 3d358b61-dbbd-43ee-ae71-fa1a6d0029e8
2019-07-13 22:40:23,876 INFO  om.OzoneManager (OzoneManager.java:loadOMHAConfigs(587)) - Found matching OM address with OMServiceId: null, OMNodeId: null, RPC Address: localhost:0 and Ratis port: 9872
2019-07-13 22:40:24,105 WARN  server.ServerUtils (ServerUtils.java:getDBPath(222)) - ozone.om.db.dirs is not configured. We recommend adding this setting. Falling back to ozone.metadata.dirs instead.
2019-07-13 22:40:24,113 INFO  db.DBStoreBuilder (DBStoreBuilder.java:addTable(110)) - using custom profile for table: userTable
2019-07-13 22:40:24,114 INFO  db.DBStoreBuilder (DBStoreBuilder.java:processTables(161)) - Using default column profile:DBProfile.DISK for Table:userTable
2019-07-13 22:40:24,114 INFO  db.DBStoreBuilder (DBStoreBuilder.java:addTable(110)) - using custom profile for table: volumeTable
2019-07-13 22:40:24,114 INFO  db.DBStoreBuilder (DBStoreBuilder.java:processTables(161)) - Using default column profile:DBProfile.DISK for Table:volumeTable
2019-07-13 22:40:24,115 INFO  db.DBStoreBuilder (DBStoreBuilder.java:addTable(110)) - using custom profile for table: bucketTable
2019-07-13 22:40:24,115 INFO  db.DBStoreBuilder (DBStoreBuilder.java:processTables(161)) - Using default column profile:DBProfile.DISK for Table:bucketTable
2019-07-13 22:40:24,115 INFO  db.DBStoreBuilder (DBStoreBuilder.java:addTable(110)) - using custom profile for table: keyTable
2019-07-13 22:40:24,116 INFO  db.DBStoreBuilder (DBStoreBuilder.java:processTables(161)) - Using default column profile:DBProfile.DISK for Table:keyTable
2019-07-13 22:40:24,116 INFO  db.DBStoreBuilder (DBStoreBuilder.java:addTable(110)) - using custom profile for table: deletedTable
2019-07-13 22:40:24,116 INFO  db.DBStoreBuilder (DBStoreBuilder.java:processTables(161)) - Using default column profile:DBProfile.DISK for Table:deletedTable
2019-07-13 22:40:24,116 INFO  db.DBStoreBuilder (DBStoreBuilder.java:addTable(110)) - using custom profile for table: openKeyTable
2019-07-13 22:40:24,117 INFO  db.DBStoreBuilder (DBStoreBuilder.java:processTables(161)) - Using default column profile:DBProfile.DISK for Table:openKeyTable
2019-07-13 22:40:24,117 INFO  db.DBStoreBuilder (DBStoreBuilder.java:addTable(110)) - using custom profile for table: s3Table
2019-07-13 22:40:24,117 INFO  db.DBStoreBuilder (DBStoreBuilder.java:processTables(161)) - Using default column profile:DBProfile.DISK for Table:s3Table
2019-07-13 22:40:24,118 INFO  db.DBStoreBuilder (DBStoreBuilder.java:addTable(110)) - using custom profile for table: multipartInfoTable
2019-07-13 22:40:24,118 INFO  db.DBStoreBuilder (DBStoreBuilder.java:processTables(161)) - Using default column profile:DBProfile.DISK for Table:multipartInfoTable
2019-07-13 22:40:24,118 INFO  db.DBStoreBuilder (DBStoreBuilder.java:addTable(110)) - using custom profile for table: dTokenTable
2019-07-13 22:40:24,119 INFO  db.DBStoreBuilder (DBStoreBuilder.java:processTables(161)) - Using default column profile:DBProfile.DISK for Table:dTokenTable
2019-07-13 22:40:24,119 INFO  db.DBStoreBuilder (DBStoreBuilder.java:addTable(110)) - using custom profile for table: s3SecretTable
2019-07-13 22:40:24,119 INFO  db.DBStoreBuilder (DBStoreBuilder.java:processTables(161)) - Using default column profile:DBProfile.DISK for Table:s3SecretTable
2019-07-13 22:40:24,119 INFO  db.DBStoreBuilder (DBStoreBuilder.java:addTable(110)) - using custom profile for table: prefixTable
2019-07-13 22:40:24,120 INFO  db.DBStoreBuilder (DBStoreBuilder.java:processTables(161)) - Using default column profile:DBProfile.DISK for Table:prefixTable
2019-07-13 22:40:24,120 INFO  db.DBStoreBuilder (DBStoreBuilder.java:addTable(110)) - using custom profile for table: default
2019-07-13 22:40:24,120 INFO  db.DBStoreBuilder (DBStoreBuilder.java:processTables(167)) - Using default column profile:DBProfile.DISK for Table:default
2019-07-13 22:40:24,121 INFO  db.DBStoreBuilder (DBStoreBuilder.java:getDbProfile(198)) - Using default options. DBProfile.DISK
2019-07-13 22:40:24,789 INFO  ipc.CallQueueManager (CallQueueManager.java:<init>(84)) - Using callQueue: class java.util.concurrent.LinkedBlockingQueue, queueCapacity: 2000, scheduler: class org.apache.hadoop.ipc.DefaultRpcScheduler, ipcBackoff: false.
2019-07-13 22:40:24,791 INFO  ipc.Server (Server.java:run(1074)) - Starting Socket Reader #1 for port 33912
2019-07-13 22:40:24,818 WARN  server.ServerUtils (ServerUtils.java:getDBPath(222)) - ozone.om.db.dirs is not configured. We recommend adding this setting. Falling back to ozone.metadata.dirs instead.
2019-07-13 22:40:24,819 INFO  om.OzoneManager (OzoneManager.java:start(1228)) - OzoneManager RPC server is listening at localhost/127.0.0.1:33912
2019-07-13 22:40:24,819 INFO  impl.MetricsSystemImpl (MetricsSystemImpl.java:init(158)) - OzoneManager metrics system started (again)
2019-07-13 22:40:24,821 INFO  ipc.Server (Server.java:run(1314)) - IPC Server Responder: starting
2019-07-13 22:40:24,822 INFO  ipc.Server (Server.java:run(1153)) - IPC Server listener on 33912: starting
2019-07-13 22:40:24,836 INFO  hdfs.DFSUtil (DFSUtil.java:httpServerTemplateForNNAndJN(1641)) - Starting Web-server for ozoneManager at: http://0.0.0.0:0
2019-07-13 22:40:24,838 INFO  server.AuthenticationFilter (AuthenticationFilter.java:constructSecretProvider(240)) - Unable to initialize FileSignerSecretProvider, falling back to use random secrets.
2019-07-13 22:40:24,838 WARN  http.HttpRequestLog (HttpRequestLog.java:getRequestLog(97)) - Jetty request log can only be enabled using Log4j
2019-07-13 22:40:24,840 INFO  http.HttpServer2 (HttpServer2.java:addGlobalFilter(975)) - Added global filter 'safety' (class=org.apache.hadoop.http.HttpServer2$QuotingInputFilter)
2019-07-13 22:40:24,841 INFO  http.HttpServer2 (HttpServer2.java:addFilter(948)) - Added filter static_user_filter (class=org.apache.hadoop.http.lib.StaticUserWebFilter$StaticUserFilter) to context ozoneManager
2019-07-13 22:40:24,841 INFO  http.HttpServer2 (HttpServer2.java:addFilter(958)) - Added filter static_user_filter (class=org.apache.hadoop.http.lib.StaticUserWebFilter$StaticUserFilter) to context logs
2019-07-13 22:40:24,841 INFO  http.HttpServer2 (HttpServer2.java:addFilter(958)) - Added filter static_user_filter (class=org.apache.hadoop.http.lib.StaticUserWebFilter$StaticUserFilter) to context static
2019-07-13 22:40:24,843 INFO  http.HttpServer2 (HttpServer2.java:bindListener(1191)) - Jetty bound to port 43797
2019-07-13 22:40:24,843 INFO  server.Server (Server.java:doStart(351)) - jetty-9.3.24.v20180605, build timestamp: 2018-06-05T17:11:56Z, git hash: 84205aa28f11a4f31f2a3b86d1bba2cc8ab69827
2019-07-13 22:40:24,845 INFO  handler.ContextHandler (ContextHandler.java:doStart(781)) - Started o.e.j.s.ServletContextHandler@3e134896{/logs,file:///tmp/workdir/hadoop-ozone/integration-test/target/log,AVAILABLE}
2019-07-13 22:40:24,846 INFO  handler.ContextHandler (ContextHandler.java:doStart(781)) - Started o.e.j.s.ServletContextHandler@2e3a5237{/static,file:///tmp/workdir/hadoop-ozone/integration-test/target/test-classes/webapps/static,AVAILABLE}
2019-07-13 22:40:24,850 INFO  handler.ContextHandler (ContextHandler.java:doStart(781)) - Started o.e.j.w.WebAppContext@5b78fdb1{/,file:///tmp/workdir/hadoop-ozone/integration-test/target/test-classes/webapps/ozoneManager/,AVAILABLE}{/ozoneManager}
2019-07-13 22:40:24,851 INFO  server.AbstractConnector (AbstractConnector.java:doStart(278)) - Started ServerConnector@48bfb884{HTTP/1.1,[http/1.1]}{0.0.0.0:43797}
2019-07-13 22:40:24,851 INFO  server.Server (Server.java:doStart(419)) - Started @3672ms
2019-07-13 22:40:24,852 INFO  server.BaseHttpServer (BaseHttpServer.java:updateConnectorAddress(207)) - HTTP server of OZONEMANAGER is listening at http://0.0.0.0:43797
2019-07-13 22:40:25,143 INFO  impl.MetricsSystemImpl (MetricsSystemImpl.java:init(158)) - HddsDatanode metrics system started (again)
2019-07-13 22:40:25,232 INFO  ozone.HddsDatanodeService (HddsDatanodeService.java:start(185)) - HddsDatanodeService host:trunk-nightly-x8m8d-1534914823 ip:192.168.5.159
2019-07-13 22:40:25,260 INFO  volume.HddsVolume (HddsVolume.java:<init>(176)) - Creating Volume: /tmp/workdir/hadoop-ozone/integration-test/target/test-dir/MiniOzoneClusterImpl-52c542e0-5521-4a29-a3cf-f1c90352223f/datanode-0/data/containers/hdds of  storage type : DISK and capacity : 52710309888
2019-07-13 22:40:25,262 INFO  volume.VolumeSet (VolumeSet.java:initializeVolumeSet(170)) - Added Volume : /tmp/workdir/hadoop-ozone/integration-test/target/test-dir/MiniOzoneClusterImpl-52c542e0-5521-4a29-a3cf-f1c90352223f/datanode-0/data/containers/hdds to VolumeSet
2019-07-13 22:40:25,265 INFO  volume.ThrottledAsyncChecker (ThrottledAsyncChecker.java:schedule(140)) - Scheduling a check for org.apache.hadoop.ozone.container.common.volume.HddsVolume@3051e0b2
2019-07-13 22:40:25,282 INFO  volume.HddsVolumeChecker (HddsVolumeChecker.java:checkAllVolumes(203)) - Scheduled health check for volume org.apache.hadoop.ozone.container.common.volume.HddsVolume@3051e0b2
2019-07-13 22:40:25,397 INFO  impl.RaftServerProxy (ConfUtils.java:logGet(43)) - raft.rpc.type = GRPC (default)
2019-07-13 22:40:25,463 INFO  grpc.GrpcFactory (GrpcFactory.java:checkPooledByteBufAllocatorUseCacheForAllThreads(45)) - PERFORMANCE WARNING: useCacheForAllThreads is true that may cause Netty to create a lot garbage objects and, as a result, trigger GC.
	It is recommended to disable useCacheForAllThreads by setting -Dorg.apache.ratis.thirdparty.io.netty.allocator.useCacheForAllThreads=false in command line.
2019-07-13 22:40:25,468 INFO  grpc.GrpcConfigKeys$Server (ConfUtils.java:logGet(43)) - raft.grpc.server.port = 0 (default)
2019-07-13 22:40:25,469 INFO  server.GrpcService (ConfUtils.java:logGet(43)) - raft.grpc.message.size.max = 33570816 (custom)
2019-07-13 22:40:25,470 INFO  server.RaftServerConfigKeys (ConfUtils.java:logGet(43)) - raft.server.log.appender.buffer.byte-limit = 33554432 (custom)
2019-07-13 22:40:25,471 INFO  server.GrpcService (ConfUtils.java:logGet(43)) - raft.grpc.flow.control.window = 1MB (=1048576) (default)
2019-07-13 22:40:25,472 INFO  server.RaftServerConfigKeys (ConfUtils.java:logGet(43)) - raft.server.rpc.request.timeout = 3000ms (default)
2019-07-13 22:40:25,632 INFO  server.RaftServerConfigKeys (ConfUtils.java:logGet(43)) - raft.server.storage.dir = [/tmp/workdir/hadoop-ozone/integration-test/target/test-dir/MiniOzoneClusterImpl-52c542e0-5521-4a29-a3cf-f1c90352223f/datanode-0/data/ratis] (custom)
2019-07-13 22:40:25,668 INFO  replication.SimpleContainerDownloader (SimpleContainerDownloader.java:<init>(72)) - Starting container downloader service to copy containers to replicate.
2019-07-13 22:40:25,681 INFO  hdfs.DFSUtil (DFSUtil.java:httpServerTemplateForNNAndJN(1641)) - Starting Web-server for hddsDatanode at: http://0.0.0.0:0
2019-07-13 22:40:25,683 INFO  server.AuthenticationFilter (AuthenticationFilter.java:constructSecretProvider(240)) - Unable to initialize FileSignerSecretProvider, falling back to use random secrets.
2019-07-13 22:40:25,684 WARN  http.HttpRequestLog (HttpRequestLog.java:getRequestLog(97)) - Jetty request log can only be enabled using Log4j
2019-07-13 22:40:25,686 INFO  http.HttpServer2 (HttpServer2.java:addGlobalFilter(975)) - Added global filter 'safety' (class=org.apache.hadoop.http.HttpServer2$QuotingInputFilter)
2019-07-13 22:40:25,686 INFO  http.HttpServer2 (HttpServer2.java:addFilter(948)) - Added filter static_user_filter (class=org.apache.hadoop.http.lib.StaticUserWebFilter$StaticUserFilter) to context hddsDatanode
2019-07-13 22:40:25,686 INFO  http.HttpServer2 (HttpServer2.java:addFilter(958)) - Added filter static_user_filter (class=org.apache.hadoop.http.lib.StaticUserWebFilter$StaticUserFilter) to context static
2019-07-13 22:40:25,687 INFO  http.HttpServer2 (HttpServer2.java:addFilter(958)) - Added filter static_user_filter (class=org.apache.hadoop.http.lib.StaticUserWebFilter$StaticUserFilter) to context logs
2019-07-13 22:40:25,688 INFO  http.HttpServer2 (HttpServer2.java:bindListener(1191)) - Jetty bound to port 45010
2019-07-13 22:40:25,688 INFO  server.Server (Server.java:doStart(351)) - jetty-9.3.24.v20180605, build timestamp: 2018-06-05T17:11:56Z, git hash: 84205aa28f11a4f31f2a3b86d1bba2cc8ab69827
2019-07-13 22:40:25,690 INFO  handler.ContextHandler (ContextHandler.java:doStart(781)) - Started o.e.j.s.ServletContextHandler@2241f05b{/logs,file:///tmp/workdir/hadoop-ozone/integration-test/target/log,AVAILABLE}
2019-07-13 22:40:25,690 INFO  handler.ContextHandler (ContextHandler.java:doStart(781)) - Started o.e.j.s.ServletContextHandler@71978f46{/static,jar:file:/home/user/.m2/repository/org/apache/hadoop/hadoop-hdds-container-service/0.5.0-SNAPSHOT/hadoop-hdds-container-service-0.5.0-SNAPSHOT.jar!/webapps/static,AVAILABLE}
2019-07-13 22:40:25,723 INFO  handler.ContextHandler (ContextHandler.java:doStart(781)) - Started o.e.j.w.WebAppContext@4f66ffc8{/,file:///tmp/jetty-0.0.0.0-45010-hddsDatanode-_-any-694032844744051524.dir/webapp/,AVAILABLE}{/hddsDatanode}
2019-07-13 22:40:25,724 INFO  server.AbstractConnector (AbstractConnector.java:doStart(278)) - Started ServerConnector@124ac145{HTTP/1.1,[http/1.1]}{0.0.0.0:45010}
2019-07-13 22:40:25,725 INFO  server.Server (Server.java:doStart(419)) - Started @4546ms
2019-07-13 22:40:25,726 INFO  server.BaseHttpServer (BaseHttpServer.java:updateConnectorAddress(207)) - HTTP server of HDDSDATANODE is listening at http://0.0.0.0:45010
2019-07-13 22:40:26,753 INFO  ozone.HddsDatanodeService (HddsDatanodeService.java:startPlugins(396)) - Started plug-in org.apache.hadoop.ozone.web.OzoneHddsDatanodeService@3dce6dd8
2019-07-13 22:40:26,755 INFO  impl.MetricsSystemImpl (MetricsSystemImpl.java:init(158)) - HddsDatanode metrics system started (again)
2019-07-13 22:40:26,757 INFO  ozone.HddsDatanodeService (HddsDatanodeService.java:start(185)) - HddsDatanodeService host:trunk-nightly-x8m8d-1534914823 ip:192.168.5.159
2019-07-13 22:40:26,764 INFO  util.JvmPauseMonitor (JvmPauseMonitor.java:run(188)) - Starting JVM pause monitor
2019-07-13 22:40:26,769 INFO  volume.HddsVolume (HddsVolume.java:<init>(176)) - Creating Volume: /tmp/workdir/hadoop-ozone/integration-test/target/test-dir/MiniOzoneClusterImpl-52c542e0-5521-4a29-a3cf-f1c90352223f/datanode-1/data/containers/hdds of  storage type : DISK and capacity : 52710309888
2019-07-13 22:40:26,770 INFO  volume.VolumeSet (VolumeSet.java:initializeVolumeSet(170)) - Added Volume : /tmp/workdir/hadoop-ozone/integration-test/target/test-dir/MiniOzoneClusterImpl-52c542e0-5521-4a29-a3cf-f1c90352223f/datanode-1/data/containers/hdds to VolumeSet
2019-07-13 22:40:26,770 INFO  volume.ThrottledAsyncChecker (ThrottledAsyncChecker.java:schedule(140)) - Scheduling a check for org.apache.hadoop.ozone.container.common.volume.HddsVolume@322204dc
2019-07-13 22:40:26,771 INFO  volume.HddsVolumeChecker (HddsVolumeChecker.java:checkAllVolumes(203)) - Scheduled health check for volume org.apache.hadoop.ozone.container.common.volume.HddsVolume@322204dc
2019-07-13 22:40:26,793 INFO  impl.RaftServerProxy (ConfUtils.java:logGet(43)) - raft.rpc.type = GRPC (default)
2019-07-13 22:40:26,794 INFO  grpc.GrpcFactory (GrpcFactory.java:checkPooledByteBufAllocatorUseCacheForAllThreads(45)) - PERFORMANCE WARNING: useCacheForAllThreads is true that may cause Netty to create a lot garbage objects and, as a result, trigger GC.
	It is recommended to disable useCacheForAllThreads by setting -Dorg.apache.ratis.thirdparty.io.netty.allocator.useCacheForAllThreads=false in command line.
2019-07-13 22:40:26,794 INFO  grpc.GrpcConfigKeys$Server (ConfUtils.java:logGet(43)) - raft.grpc.server.port = 0 (default)
2019-07-13 22:40:26,794 INFO  server.GrpcService (ConfUtils.java:logGet(43)) - raft.grpc.message.size.max = 33570816 (custom)
2019-07-13 22:40:26,795 INFO  server.RaftServerConfigKeys (ConfUtils.java:logGet(43)) - raft.server.log.appender.buffer.byte-limit = 33554432 (custom)
2019-07-13 22:40:26,795 INFO  server.GrpcService (ConfUtils.java:logGet(43)) - raft.grpc.flow.control.window = 1MB (=1048576) (default)
2019-07-13 22:40:26,795 INFO  server.RaftServerConfigKeys (ConfUtils.java:logGet(43)) - raft.server.rpc.request.timeout = 3000ms (default)
2019-07-13 22:40:26,796 INFO  server.RaftServerConfigKeys (ConfUtils.java:logGet(43)) - raft.server.storage.dir = [/tmp/workdir/hadoop-ozone/integration-test/target/test-dir/MiniOzoneClusterImpl-52c542e0-5521-4a29-a3cf-f1c90352223f/datanode-1/data/ratis] (custom)
2019-07-13 22:40:26,797 INFO  replication.SimpleContainerDownloader (SimpleContainerDownloader.java:<init>(72)) - Starting container downloader service to copy containers to replicate.
2019-07-13 22:40:26,799 INFO  hdfs.DFSUtil (DFSUtil.java:httpServerTemplateForNNAndJN(1641)) - Starting Web-server for hddsDatanode at: http://0.0.0.0:0
2019-07-13 22:40:26,802 INFO  server.AuthenticationFilter (AuthenticationFilter.java:constructSecretProvider(240)) - Unable to initialize FileSignerSecretProvider, falling back to use random secrets.
2019-07-13 22:40:26,803 WARN  http.HttpRequestLog (HttpRequestLog.java:getRequestLog(97)) - Jetty request log can only be enabled using Log4j
2019-07-13 22:40:26,805 INFO  http.HttpServer2 (HttpServer2.java:addGlobalFilter(975)) - Added global filter 'safety' (class=org.apache.hadoop.http.HttpServer2$QuotingInputFilter)
2019-07-13 22:40:26,805 INFO  http.HttpServer2 (HttpServer2.java:addFilter(948)) - Added filter static_user_filter (class=org.apache.hadoop.http.lib.StaticUserWebFilter$StaticUserFilter) to context hddsDatanode
2019-07-13 22:40:26,805 INFO  http.HttpServer2 (HttpServer2.java:addFilter(958)) - Added filter static_user_filter (class=org.apache.hadoop.http.lib.StaticUserWebFilter$StaticUserFilter) to context logs
2019-07-13 22:40:26,806 INFO  http.HttpServer2 (HttpServer2.java:addFilter(958)) - Added filter static_user_filter (class=org.apache.hadoop.http.lib.StaticUserWebFilter$StaticUserFilter) to context static
2019-07-13 22:40:26,807 INFO  http.HttpServer2 (HttpServer2.java:bindListener(1191)) - Jetty bound to port 40275
2019-07-13 22:40:26,807 INFO  server.Server (Server.java:doStart(351)) - jetty-9.3.24.v20180605, build timestamp: 2018-06-05T17:11:56Z, git hash: 84205aa28f11a4f31f2a3b86d1bba2cc8ab69827
2019-07-13 22:40:26,810 INFO  handler.ContextHandler (ContextHandler.java:doStart(781)) - Started o.e.j.s.ServletContextHandler@661d6bb6{/logs,file:///tmp/workdir/hadoop-ozone/integration-test/target/log,AVAILABLE}
2019-07-13 22:40:26,811 INFO  handler.ContextHandler (ContextHandler.java:doStart(781)) - Started o.e.j.s.ServletContextHandler@623e0631{/static,jar:file:/home/user/.m2/repository/org/apache/hadoop/hadoop-hdds-container-service/0.5.0-SNAPSHOT/hadoop-hdds-container-service-0.5.0-SNAPSHOT.jar!/webapps/static,AVAILABLE}
2019-07-13 22:40:26,842 INFO  handler.ContextHandler (ContextHandler.java:doStart(781)) - Started o.e.j.w.WebAppContext@5fdfe8cf{/,file:///tmp/jetty-0.0.0.0-40275-hddsDatanode-_-any-707023846759261490.dir/webapp/,AVAILABLE}{/hddsDatanode}
2019-07-13 22:40:26,844 INFO  server.AbstractConnector (AbstractConnector.java:doStart(278)) - Started ServerConnector@2a8b33ba{HTTP/1.1,[http/1.1]}{0.0.0.0:40275}
2019-07-13 22:40:26,845 INFO  server.Server (Server.java:doStart(419)) - Started @5666ms
2019-07-13 22:40:26,846 INFO  server.BaseHttpServer (BaseHttpServer.java:updateConnectorAddress(207)) - HTTP server of HDDSDATANODE is listening at http://0.0.0.0:40275
2019-07-13 22:40:26,885 INFO  datanode.InitDatanodeState (InitDatanodeState.java:persistContainerDatanodeDetails(140)) - DatanodeDetails is persisted to /tmp/workdir/hadoop-ozone/integration-test/target/test-dir/MiniOzoneClusterImpl-52c542e0-5521-4a29-a3cf-f1c90352223f/datanode-0/meta/datanode.id
2019-07-13 22:40:26,996 INFO  ozone.HddsDatanodeService (HddsDatanodeService.java:startPlugins(396)) - Started plug-in org.apache.hadoop.ozone.web.OzoneHddsDatanodeService@10f477e2
2019-07-13 22:40:26,997 INFO  impl.MetricsSystemImpl (MetricsSystemImpl.java:init(158)) - HddsDatanode metrics system started (again)
2019-07-13 22:40:26,997 INFO  ozone.HddsDatanodeService (HddsDatanodeService.java:start(185)) - HddsDatanodeService host:trunk-nightly-x8m8d-1534914823 ip:192.168.5.159
2019-07-13 22:40:26,999 INFO  util.JvmPauseMonitor (JvmPauseMonitor.java:run(188)) - Starting JVM pause monitor
2019-07-13 22:40:27,009 INFO  volume.HddsVolume (HddsVolume.java:<init>(176)) - Creating Volume: /tmp/workdir/hadoop-ozone/integration-test/target/test-dir/MiniOzoneClusterImpl-52c542e0-5521-4a29-a3cf-f1c90352223f/datanode-2/data/containers/hdds of  storage type : DISK and capacity : 52710309888
2019-07-13 22:40:27,009 INFO  volume.VolumeSet (VolumeSet.java:initializeVolumeSet(170)) - Added Volume : /tmp/workdir/hadoop-ozone/integration-test/target/test-dir/MiniOzoneClusterImpl-52c542e0-5521-4a29-a3cf-f1c90352223f/datanode-2/data/containers/hdds to VolumeSet
2019-07-13 22:40:27,010 INFO  volume.ThrottledAsyncChecker (ThrottledAsyncChecker.java:schedule(140)) - Scheduling a check for org.apache.hadoop.ozone.container.common.volume.HddsVolume@79627d27
2019-07-13 22:40:27,010 INFO  volume.HddsVolumeChecker (HddsVolumeChecker.java:checkAllVolumes(203)) - Scheduled health check for volume org.apache.hadoop.ozone.container.common.volume.HddsVolume@79627d27
2019-07-13 22:40:27,011 INFO  datanode.InitDatanodeState (InitDatanodeState.java:persistContainerDatanodeDetails(140)) - DatanodeDetails is persisted to /tmp/workdir/hadoop-ozone/integration-test/target/test-dir/MiniOzoneClusterImpl-52c542e0-5521-4a29-a3cf-f1c90352223f/datanode-1/meta/datanode.id
2019-07-13 22:40:27,029 INFO  impl.RaftServerProxy (ConfUtils.java:logGet(43)) - raft.rpc.type = GRPC (default)
2019-07-13 22:40:27,030 INFO  grpc.GrpcFactory (GrpcFactory.java:checkPooledByteBufAllocatorUseCacheForAllThreads(45)) - PERFORMANCE WARNING: useCacheForAllThreads is true that may cause Netty to create a lot garbage objects and, as a result, trigger GC.
	It is recommended to disable useCacheForAllThreads by setting -Dorg.apache.ratis.thirdparty.io.netty.allocator.useCacheForAllThreads=false in command line.
2019-07-13 22:40:27,030 INFO  grpc.GrpcConfigKeys$Server (ConfUtils.java:logGet(43)) - raft.grpc.server.port = 0 (default)
2019-07-13 22:40:27,030 INFO  server.GrpcService (ConfUtils.java:logGet(43)) - raft.grpc.message.size.max = 33570816 (custom)
2019-07-13 22:40:27,031 INFO  server.RaftServerConfigKeys (ConfUtils.java:logGet(43)) - raft.server.log.appender.buffer.byte-limit = 33554432 (custom)
2019-07-13 22:40:27,031 INFO  server.GrpcService (ConfUtils.java:logGet(43)) - raft.grpc.flow.control.window = 1MB (=1048576) (default)
2019-07-13 22:40:27,032 INFO  server.RaftServerConfigKeys (ConfUtils.java:logGet(43)) - raft.server.rpc.request.timeout = 3000ms (default)
2019-07-13 22:40:27,032 INFO  server.RaftServerConfigKeys (ConfUtils.java:logGet(43)) - raft.server.storage.dir = [/tmp/workdir/hadoop-ozone/integration-test/target/test-dir/MiniOzoneClusterImpl-52c542e0-5521-4a29-a3cf-f1c90352223f/datanode-2/data/ratis] (custom)
2019-07-13 22:40:27,034 INFO  replication.SimpleContainerDownloader (SimpleContainerDownloader.java:<init>(72)) - Starting container downloader service to copy containers to replicate.
2019-07-13 22:40:27,035 INFO  hdfs.DFSUtil (DFSUtil.java:httpServerTemplateForNNAndJN(1641)) - Starting Web-server for hddsDatanode at: http://0.0.0.0:0
2019-07-13 22:40:27,036 INFO  server.AuthenticationFilter (AuthenticationFilter.java:constructSecretProvider(240)) - Unable to initialize FileSignerSecretProvider, falling back to use random secrets.
2019-07-13 22:40:27,037 WARN  http.HttpRequestLog (HttpRequestLog.java:getRequestLog(97)) - Jetty request log can only be enabled using Log4j
2019-07-13 22:40:27,038 INFO  http.HttpServer2 (HttpServer2.java:addGlobalFilter(975)) - Added global filter 'safety' (class=org.apache.hadoop.http.HttpServer2$QuotingInputFilter)
2019-07-13 22:40:27,038 INFO  http.HttpServer2 (HttpServer2.java:addFilter(948)) - Added filter static_user_filter (class=org.apache.hadoop.http.lib.StaticUserWebFilter$StaticUserFilter) to context hddsDatanode
2019-07-13 22:40:27,038 INFO  http.HttpServer2 (HttpServer2.java:addFilter(958)) - Added filter static_user_filter (class=org.apache.hadoop.http.lib.StaticUserWebFilter$StaticUserFilter) to context logs
2019-07-13 22:40:27,039 INFO  http.HttpServer2 (HttpServer2.java:addFilter(958)) - Added filter static_user_filter (class=org.apache.hadoop.http.lib.StaticUserWebFilter$StaticUserFilter) to context static
2019-07-13 22:40:27,039 INFO  http.HttpServer2 (HttpServer2.java:bindListener(1191)) - Jetty bound to port 34662
2019-07-13 22:40:27,040 INFO  server.Server (Server.java:doStart(351)) - jetty-9.3.24.v20180605, build timestamp: 2018-06-05T17:11:56Z, git hash: 84205aa28f11a4f31f2a3b86d1bba2cc8ab69827
2019-07-13 22:40:27,043 INFO  handler.ContextHandler (ContextHandler.java:doStart(781)) - Started o.e.j.s.ServletContextHandler@608cd501{/logs,file:///tmp/workdir/hadoop-ozone/integration-test/target/log,AVAILABLE}
2019-07-13 22:40:27,043 INFO  handler.ContextHandler (ContextHandler.java:doStart(781)) - Started o.e.j.s.ServletContextHandler@59096b66{/static,jar:file:/home/user/.m2/repository/org/apache/hadoop/hadoop-hdds-container-service/0.5.0-SNAPSHOT/hadoop-hdds-container-service-0.5.0-SNAPSHOT.jar!/webapps/static,AVAILABLE}
2019-07-13 22:40:27,066 INFO  handler.ContextHandler (ContextHandler.java:doStart(781)) - Started o.e.j.w.WebAppContext@6fa02932{/,file:///tmp/jetty-0.0.0.0-34662-hddsDatanode-_-any-1433567271521228251.dir/webapp/,AVAILABLE}{/hddsDatanode}
2019-07-13 22:40:27,067 INFO  server.AbstractConnector (AbstractConnector.java:doStart(278)) - Started ServerConnector@61608e1a{HTTP/1.1,[http/1.1]}{0.0.0.0:34662}
2019-07-13 22:40:27,067 INFO  server.Server (Server.java:doStart(419)) - Started @5889ms
2019-07-13 22:40:27,069 INFO  server.BaseHttpServer (BaseHttpServer.java:updateConnectorAddress(207)) - HTTP server of HDDSDATANODE is listening at http://0.0.0.0:34662
2019-07-13 22:40:27,176 INFO  ozone.HddsDatanodeService (HddsDatanodeService.java:startPlugins(396)) - Started plug-in org.apache.hadoop.ozone.web.OzoneHddsDatanodeService@45d56062
2019-07-13 22:40:27,176 INFO  impl.MetricsSystemImpl (MetricsSystemImpl.java:init(158)) - HddsDatanode metrics system started (again)
2019-07-13 22:40:27,176 INFO  ozone.HddsDatanodeService (HddsDatanodeService.java:start(185)) - HddsDatanodeService host:trunk-nightly-x8m8d-1534914823 ip:192.168.5.159
2019-07-13 22:40:27,178 INFO  util.JvmPauseMonitor (JvmPauseMonitor.java:run(188)) - Starting JVM pause monitor
2019-07-13 22:40:27,181 INFO  datanode.InitDatanodeState (InitDatanodeState.java:persistContainerDatanodeDetails(140)) - DatanodeDetails is persisted to /tmp/workdir/hadoop-ozone/integration-test/target/test-dir/MiniOzoneClusterImpl-52c542e0-5521-4a29-a3cf-f1c90352223f/datanode-2/meta/datanode.id
2019-07-13 22:40:27,185 INFO  volume.HddsVolume (HddsVolume.java:<init>(176)) - Creating Volume: /tmp/workdir/hadoop-ozone/integration-test/target/test-dir/MiniOzoneClusterImpl-52c542e0-5521-4a29-a3cf-f1c90352223f/datanode-3/data/containers/hdds of  storage type : DISK and capacity : 52710309888
2019-07-13 22:40:27,186 INFO  volume.VolumeSet (VolumeSet.java:initializeVolumeSet(170)) - Added Volume : /tmp/workdir/hadoop-ozone/integration-test/target/test-dir/MiniOzoneClusterImpl-52c542e0-5521-4a29-a3cf-f1c90352223f/datanode-3/data/containers/hdds to VolumeSet
2019-07-13 22:40:27,186 INFO  volume.ThrottledAsyncChecker (ThrottledAsyncChecker.java:schedule(140)) - Scheduling a check for org.apache.hadoop.ozone.container.common.volume.HddsVolume@12fcb2c3
2019-07-13 22:40:27,187 INFO  volume.HddsVolumeChecker (HddsVolumeChecker.java:checkAllVolumes(203)) - Scheduled health check for volume org.apache.hadoop.ozone.container.common.volume.HddsVolume@12fcb2c3
2019-07-13 22:40:27,200 INFO  impl.RaftServerProxy (ConfUtils.java:logGet(43)) - raft.rpc.type = GRPC (default)
2019-07-13 22:40:27,200 INFO  grpc.GrpcFactory (GrpcFactory.java:checkPooledByteBufAllocatorUseCacheForAllThreads(45)) - PERFORMANCE WARNING: useCacheForAllThreads is true that may cause Netty to create a lot garbage objects and, as a result, trigger GC.
	It is recommended to disable useCacheForAllThreads by setting -Dorg.apache.ratis.thirdparty.io.netty.allocator.useCacheForAllThreads=false in command line.
2019-07-13 22:40:27,200 INFO  grpc.GrpcConfigKeys$Server (ConfUtils.java:logGet(43)) - raft.grpc.server.port = 0 (default)
2019-07-13 22:40:27,200 INFO  server.GrpcService (ConfUtils.java:logGet(43)) - raft.grpc.message.size.max = 33570816 (custom)
2019-07-13 22:40:27,200 INFO  server.RaftServerConfigKeys (ConfUtils.java:logGet(43)) - raft.server.log.appender.buffer.byte-limit = 33554432 (custom)
2019-07-13 22:40:27,201 INFO  server.GrpcService (ConfUtils.java:logGet(43)) - raft.grpc.flow.control.window = 1MB (=1048576) (default)
2019-07-13 22:40:27,201 INFO  server.RaftServerConfigKeys (ConfUtils.java:logGet(43)) - raft.server.rpc.request.timeout = 3000ms (default)
2019-07-13 22:40:27,201 INFO  server.RaftServerConfigKeys (ConfUtils.java:logGet(43)) - raft.server.storage.dir = [/tmp/workdir/hadoop-ozone/integration-test/target/test-dir/MiniOzoneClusterImpl-52c542e0-5521-4a29-a3cf-f1c90352223f/datanode-3/data/ratis] (custom)
2019-07-13 22:40:27,202 INFO  replication.SimpleContainerDownloader (SimpleContainerDownloader.java:<init>(72)) - Starting container downloader service to copy containers to replicate.
2019-07-13 22:40:27,203 INFO  hdfs.DFSUtil (DFSUtil.java:httpServerTemplateForNNAndJN(1641)) - Starting Web-server for hddsDatanode at: http://0.0.0.0:0
2019-07-13 22:40:27,204 INFO  server.AuthenticationFilter (AuthenticationFilter.java:constructSecretProvider(240)) - Unable to initialize FileSignerSecretProvider, falling back to use random secrets.
2019-07-13 22:40:27,204 WARN  http.HttpRequestLog (HttpRequestLog.java:getRequestLog(97)) - Jetty request log can only be enabled using Log4j
2019-07-13 22:40:27,206 INFO  http.HttpServer2 (HttpServer2.java:addGlobalFilter(975)) - Added global filter 'safety' (class=org.apache.hadoop.http.HttpServer2$QuotingInputFilter)
2019-07-13 22:40:27,206 INFO  http.HttpServer2 (HttpServer2.java:addFilter(948)) - Added filter static_user_filter (class=org.apache.hadoop.http.lib.StaticUserWebFilter$StaticUserFilter) to context hddsDatanode
2019-07-13 22:40:27,206 INFO  http.HttpServer2 (HttpServer2.java:addFilter(958)) - Added filter static_user_filter (class=org.apache.hadoop.http.lib.StaticUserWebFilter$StaticUserFilter) to context static
2019-07-13 22:40:27,206 INFO  http.HttpServer2 (HttpServer2.java:addFilter(958)) - Added filter static_user_filter (class=org.apache.hadoop.http.lib.StaticUserWebFilter$StaticUserFilter) to context logs
2019-07-13 22:40:27,207 INFO  http.HttpServer2 (HttpServer2.java:bindListener(1191)) - Jetty bound to port 38959
2019-07-13 22:40:27,207 INFO  server.Server (Server.java:doStart(351)) - jetty-9.3.24.v20180605, build timestamp: 2018-06-05T17:11:56Z, git hash: 84205aa28f11a4f31f2a3b86d1bba2cc8ab69827
2019-07-13 22:40:27,209 INFO  handler.ContextHandler (ContextHandler.java:doStart(781)) - Started o.e.j.s.ServletContextHandler@7fef0b40{/logs,file:///tmp/workdir/hadoop-ozone/integration-test/target/log,AVAILABLE}
2019-07-13 22:40:27,209 INFO  handler.ContextHandler (ContextHandler.java:doStart(781)) - Started o.e.j.s.ServletContextHandler@19f02280{/static,jar:file:/home/user/.m2/repository/org/apache/hadoop/hadoop-hdds-container-service/0.5.0-SNAPSHOT/hadoop-hdds-container-service-0.5.0-SNAPSHOT.jar!/webapps/static,AVAILABLE}
2019-07-13 22:40:27,231 INFO  handler.ContextHandler (ContextHandler.java:doStart(781)) - Started o.e.j.w.WebAppContext@3b35798{/,file:///tmp/jetty-0.0.0.0-38959-hddsDatanode-_-any-7360463377750398211.dir/webapp/,AVAILABLE}{/hddsDatanode}
2019-07-13 22:40:27,232 INFO  server.AbstractConnector (AbstractConnector.java:doStart(278)) - Started ServerConnector@1e00bfe2{HTTP/1.1,[http/1.1]}{0.0.0.0:38959}
2019-07-13 22:40:27,233 INFO  server.Server (Server.java:doStart(419)) - Started @6054ms
2019-07-13 22:40:27,234 INFO  server.BaseHttpServer (BaseHttpServer.java:updateConnectorAddress(207)) - HTTP server of HDDSDATANODE is listening at http://0.0.0.0:38959
2019-07-13 22:40:27,331 INFO  ozone.HddsDatanodeService (HddsDatanodeService.java:startPlugins(396)) - Started plug-in org.apache.hadoop.ozone.web.OzoneHddsDatanodeService@6da54910
2019-07-13 22:40:27,331 INFO  impl.MetricsSystemImpl (MetricsSystemImpl.java:init(158)) - HddsDatanode metrics system started (again)
2019-07-13 22:40:27,332 INFO  ozone.HddsDatanodeService (HddsDatanodeService.java:start(185)) - HddsDatanodeService host:trunk-nightly-x8m8d-1534914823 ip:192.168.5.159
2019-07-13 22:40:27,334 INFO  util.JvmPauseMonitor (JvmPauseMonitor.java:run(188)) - Starting JVM pause monitor
2019-07-13 22:40:27,336 INFO  datanode.InitDatanodeState (InitDatanodeState.java:persistContainerDatanodeDetails(140)) - DatanodeDetails is persisted to /tmp/workdir/hadoop-ozone/integration-test/target/test-dir/MiniOzoneClusterImpl-52c542e0-5521-4a29-a3cf-f1c90352223f/datanode-3/meta/datanode.id
2019-07-13 22:40:27,341 INFO  volume.HddsVolume (HddsVolume.java:<init>(176)) - Creating Volume: /tmp/workdir/hadoop-ozone/integration-test/target/test-dir/MiniOzoneClusterImpl-52c542e0-5521-4a29-a3cf-f1c90352223f/datanode-4/data/containers/hdds of  storage type : DISK and capacity : 52710309888
2019-07-13 22:40:27,342 INFO  volume.VolumeSet (VolumeSet.java:initializeVolumeSet(170)) - Added Volume : /tmp/workdir/hadoop-ozone/integration-test/target/test-dir/MiniOzoneClusterImpl-52c542e0-5521-4a29-a3cf-f1c90352223f/datanode-4/data/containers/hdds to VolumeSet
2019-07-13 22:40:27,342 INFO  volume.ThrottledAsyncChecker (ThrottledAsyncChecker.java:schedule(140)) - Scheduling a check for org.apache.hadoop.ozone.container.common.volume.HddsVolume@42c0a16e
2019-07-13 22:40:27,342 INFO  volume.HddsVolumeChecker (HddsVolumeChecker.java:checkAllVolumes(203)) - Scheduled health check for volume org.apache.hadoop.ozone.container.common.volume.HddsVolume@42c0a16e
2019-07-13 22:40:27,356 INFO  impl.RaftServerProxy (ConfUtils.java:logGet(43)) - raft.rpc.type = GRPC (default)
2019-07-13 22:40:27,356 INFO  grpc.GrpcFactory (GrpcFactory.java:checkPooledByteBufAllocatorUseCacheForAllThreads(45)) - PERFORMANCE WARNING: useCacheForAllThreads is true that may cause Netty to create a lot garbage objects and, as a result, trigger GC.
	It is recommended to disable useCacheForAllThreads by setting -Dorg.apache.ratis.thirdparty.io.netty.allocator.useCacheForAllThreads=false in command line.
2019-07-13 22:40:27,356 INFO  grpc.GrpcConfigKeys$Server (ConfUtils.java:logGet(43)) - raft.grpc.server.port = 0 (default)
2019-07-13 22:40:27,356 INFO  server.GrpcService (ConfUtils.java:logGet(43)) - raft.grpc.message.size.max = 33570816 (custom)
2019-07-13 22:40:27,356 INFO  server.RaftServerConfigKeys (ConfUtils.java:logGet(43)) - raft.server.log.appender.buffer.byte-limit = 33554432 (custom)
2019-07-13 22:40:27,357 INFO  server.GrpcService (ConfUtils.java:logGet(43)) - raft.grpc.flow.control.window = 1MB (=1048576) (default)
2019-07-13 22:40:27,357 INFO  server.RaftServerConfigKeys (ConfUtils.java:logGet(43)) - raft.server.rpc.request.timeout = 3000ms (default)
2019-07-13 22:40:27,357 INFO  server.RaftServerConfigKeys (ConfUtils.java:logGet(43)) - raft.server.storage.dir = [/tmp/workdir/hadoop-ozone/integration-test/target/test-dir/MiniOzoneClusterImpl-52c542e0-5521-4a29-a3cf-f1c90352223f/datanode-4/data/ratis] (custom)
2019-07-13 22:40:27,358 INFO  replication.SimpleContainerDownloader (SimpleContainerDownloader.java:<init>(72)) - Starting container downloader service to copy containers to replicate.
2019-07-13 22:40:27,359 INFO  hdfs.DFSUtil (DFSUtil.java:httpServerTemplateForNNAndJN(1641)) - Starting Web-server for hddsDatanode at: http://0.0.0.0:0
2019-07-13 22:40:27,360 INFO  server.AuthenticationFilter (AuthenticationFilter.java:constructSecretProvider(240)) - Unable to initialize FileSignerSecretProvider, falling back to use random secrets.
2019-07-13 22:40:27,361 WARN  http.HttpRequestLog (HttpRequestLog.java:getRequestLog(97)) - Jetty request log can only be enabled using Log4j
2019-07-13 22:40:27,362 INFO  http.HttpServer2 (HttpServer2.java:addGlobalFilter(975)) - Added global filter 'safety' (class=org.apache.hadoop.http.HttpServer2$QuotingInputFilter)
2019-07-13 22:40:27,362 INFO  http.HttpServer2 (HttpServer2.java:addFilter(948)) - Added filter static_user_filter (class=org.apache.hadoop.http.lib.StaticUserWebFilter$StaticUserFilter) to context hddsDatanode
2019-07-13 22:40:27,362 INFO  http.HttpServer2 (HttpServer2.java:addFilter(958)) - Added filter static_user_filter (class=org.apache.hadoop.http.lib.StaticUserWebFilter$StaticUserFilter) to context logs
2019-07-13 22:40:27,363 INFO  http.HttpServer2 (HttpServer2.java:addFilter(958)) - Added filter static_user_filter (class=org.apache.hadoop.http.lib.StaticUserWebFilter$StaticUserFilter) to context static
2019-07-13 22:40:27,363 INFO  http.HttpServer2 (HttpServer2.java:bindListener(1191)) - Jetty bound to port 44984
2019-07-13 22:40:27,363 INFO  server.Server (Server.java:doStart(351)) - jetty-9.3.24.v20180605, build timestamp: 2018-06-05T17:11:56Z, git hash: 84205aa28f11a4f31f2a3b86d1bba2cc8ab69827
2019-07-13 22:40:27,369 INFO  handler.ContextHandler (ContextHandler.java:doStart(781)) - Started o.e.j.s.ServletContextHandler@7e7740a5{/logs,file:///tmp/workdir/hadoop-ozone/integration-test/target/log,AVAILABLE}
2019-07-13 22:40:27,370 INFO  handler.ContextHandler (ContextHandler.java:doStart(781)) - Started o.e.j.s.ServletContextHandler@7e61e25c{/static,jar:file:/home/user/.m2/repository/org/apache/hadoop/hadoop-hdds-container-service/0.5.0-SNAPSHOT/hadoop-hdds-container-service-0.5.0-SNAPSHOT.jar!/webapps/static,AVAILABLE}
2019-07-13 22:40:27,391 INFO  handler.ContextHandler (ContextHandler.java:doStart(781)) - Started o.e.j.w.WebAppContext@26f0141{/,file:///tmp/jetty-0.0.0.0-44984-hddsDatanode-_-any-1159936424464184636.dir/webapp/,AVAILABLE}{/hddsDatanode}
2019-07-13 22:40:27,391 INFO  server.AbstractConnector (AbstractConnector.java:doStart(278)) - Started ServerConnector@34136bd1{HTTP/1.1,[http/1.1]}{0.0.0.0:44984}
2019-07-13 22:40:27,392 INFO  server.Server (Server.java:doStart(419)) - Started @6213ms
2019-07-13 22:40:27,394 INFO  server.BaseHttpServer (BaseHttpServer.java:updateConnectorAddress(207)) - HTTP server of HDDSDATANODE is listening at http://0.0.0.0:44984
2019-07-13 22:40:27,496 INFO  ozone.HddsDatanodeService (HddsDatanodeService.java:startPlugins(396)) - Started plug-in org.apache.hadoop.ozone.web.OzoneHddsDatanodeService@7781263c
2019-07-13 22:40:27,497 INFO  impl.MetricsSystemImpl (MetricsSystemImpl.java:init(158)) - HddsDatanode metrics system started (again)
2019-07-13 22:40:27,497 INFO  ozone.HddsDatanodeService (HddsDatanodeService.java:start(185)) - HddsDatanodeService host:trunk-nightly-x8m8d-1534914823 ip:192.168.5.159
2019-07-13 22:40:27,498 INFO  util.JvmPauseMonitor (JvmPauseMonitor.java:run(188)) - Starting JVM pause monitor
2019-07-13 22:40:27,501 INFO  datanode.InitDatanodeState (InitDatanodeState.java:persistContainerDatanodeDetails(140)) - DatanodeDetails is persisted to /tmp/workdir/hadoop-ozone/integration-test/target/test-dir/MiniOzoneClusterImpl-52c542e0-5521-4a29-a3cf-f1c90352223f/datanode-4/meta/datanode.id
2019-07-13 22:40:27,505 INFO  volume.HddsVolume (HddsVolume.java:<init>(176)) - Creating Volume: /tmp/workdir/hadoop-ozone/integration-test/target/test-dir/MiniOzoneClusterImpl-52c542e0-5521-4a29-a3cf-f1c90352223f/datanode-5/data/containers/hdds of  storage type : DISK and capacity : 52710309888
2019-07-13 22:40:27,505 INFO  volume.VolumeSet (VolumeSet.java:initializeVolumeSet(170)) - Added Volume : /tmp/workdir/hadoop-ozone/integration-test/target/test-dir/MiniOzoneClusterImpl-52c542e0-5521-4a29-a3cf-f1c90352223f/datanode-5/data/containers/hdds to VolumeSet
2019-07-13 22:40:27,505 INFO  volume.ThrottledAsyncChecker (ThrottledAsyncChecker.java:schedule(140)) - Scheduling a check for org.apache.hadoop.ozone.container.common.volume.HddsVolume@33324c05
2019-07-13 22:40:27,506 INFO  volume.HddsVolumeChecker (HddsVolumeChecker.java:checkAllVolumes(203)) - Scheduled health check for volume org.apache.hadoop.ozone.container.common.volume.HddsVolume@33324c05
2019-07-13 22:40:27,519 INFO  impl.RaftServerProxy (ConfUtils.java:logGet(43)) - raft.rpc.type = GRPC (default)
2019-07-13 22:40:27,519 INFO  grpc.GrpcFactory (GrpcFactory.java:checkPooledByteBufAllocatorUseCacheForAllThreads(45)) - PERFORMANCE WARNING: useCacheForAllThreads is true that may cause Netty to create a lot garbage objects and, as a result, trigger GC.
	It is recommended to disable useCacheForAllThreads by setting -Dorg.apache.ratis.thirdparty.io.netty.allocator.useCacheForAllThreads=false in command line.
2019-07-13 22:40:27,519 INFO  grpc.GrpcConfigKeys$Server (ConfUtils.java:logGet(43)) - raft.grpc.server.port = 0 (default)
2019-07-13 22:40:27,520 INFO  server.GrpcService (ConfUtils.java:logGet(43)) - raft.grpc.message.size.max = 33570816 (custom)
2019-07-13 22:40:27,520 INFO  server.RaftServerConfigKeys (ConfUtils.java:logGet(43)) - raft.server.log.appender.buffer.byte-limit = 33554432 (custom)
2019-07-13 22:40:27,520 INFO  server.GrpcService (ConfUtils.java:logGet(43)) - raft.grpc.flow.control.window = 1MB (=1048576) (default)
2019-07-13 22:40:27,520 INFO  server.RaftServerConfigKeys (ConfUtils.java:logGet(43)) - raft.server.rpc.request.timeout = 3000ms (default)
2019-07-13 22:40:27,521 INFO  server.RaftServerConfigKeys (ConfUtils.java:logGet(43)) - raft.server.storage.dir = [/tmp/workdir/hadoop-ozone/integration-test/target/test-dir/MiniOzoneClusterImpl-52c542e0-5521-4a29-a3cf-f1c90352223f/datanode-5/data/ratis] (custom)
2019-07-13 22:40:27,521 INFO  replication.SimpleContainerDownloader (SimpleContainerDownloader.java:<init>(72)) - Starting container downloader service to copy containers to replicate.
2019-07-13 22:40:27,522 INFO  hdfs.DFSUtil (DFSUtil.java:httpServerTemplateForNNAndJN(1641)) - Starting Web-server for hddsDatanode at: http://0.0.0.0:0
2019-07-13 22:40:27,523 INFO  server.AuthenticationFilter (AuthenticationFilter.java:constructSecretProvider(240)) - Unable to initialize FileSignerSecretProvider, falling back to use random secrets.
2019-07-13 22:40:27,524 WARN  http.HttpRequestLog (HttpRequestLog.java:getRequestLog(97)) - Jetty request log can only be enabled using Log4j
2019-07-13 22:40:27,525 INFO  http.HttpServer2 (HttpServer2.java:addGlobalFilter(975)) - Added global filter 'safety' (class=org.apache.hadoop.http.HttpServer2$QuotingInputFilter)
2019-07-13 22:40:27,525 INFO  http.HttpServer2 (HttpServer2.java:addFilter(948)) - Added filter static_user_filter (class=org.apache.hadoop.http.lib.StaticUserWebFilter$StaticUserFilter) to context hddsDatanode
2019-07-13 22:40:27,525 INFO  http.HttpServer2 (HttpServer2.java:addFilter(958)) - Added filter static_user_filter (class=org.apache.hadoop.http.lib.StaticUserWebFilter$StaticUserFilter) to context static
2019-07-13 22:40:27,525 INFO  http.HttpServer2 (HttpServer2.java:addFilter(958)) - Added filter static_user_filter (class=org.apache.hadoop.http.lib.StaticUserWebFilter$StaticUserFilter) to context logs
2019-07-13 22:40:27,526 INFO  http.HttpServer2 (HttpServer2.java:bindListener(1191)) - Jetty bound to port 39036
2019-07-13 22:40:27,526 INFO  server.Server (Server.java:doStart(351)) - jetty-9.3.24.v20180605, build timestamp: 2018-06-05T17:11:56Z, git hash: 84205aa28f11a4f31f2a3b86d1bba2cc8ab69827
2019-07-13 22:40:27,528 INFO  handler.ContextHandler (ContextHandler.java:doStart(781)) - Started o.e.j.s.ServletContextHandler@50e5032c{/logs,file:///tmp/workdir/hadoop-ozone/integration-test/target/log,AVAILABLE}
2019-07-13 22:40:27,529 INFO  handler.ContextHandler (ContextHandler.java:doStart(781)) - Started o.e.j.s.ServletContextHandler@124eb83d{/static,jar:file:/home/user/.m2/repository/org/apache/hadoop/hadoop-hdds-container-service/0.5.0-SNAPSHOT/hadoop-hdds-container-service-0.5.0-SNAPSHOT.jar!/webapps/static,AVAILABLE}
2019-07-13 22:40:27,551 INFO  handler.ContextHandler (ContextHandler.java:doStart(781)) - Started o.e.j.w.WebAppContext@5763a655{/,file:///tmp/jetty-0.0.0.0-39036-hddsDatanode-_-any-6894589394236560511.dir/webapp/,AVAILABLE}{/hddsDatanode}
2019-07-13 22:40:27,552 INFO  server.AbstractConnector (AbstractConnector.java:doStart(278)) - Started ServerConnector@40c8067{HTTP/1.1,[http/1.1]}{0.0.0.0:39036}
2019-07-13 22:40:27,552 INFO  server.Server (Server.java:doStart(419)) - Started @6373ms
2019-07-13 22:40:27,553 INFO  server.BaseHttpServer (BaseHttpServer.java:updateConnectorAddress(207)) - HTTP server of HDDSDATANODE is listening at http://0.0.0.0:39036
2019-07-13 22:40:27,648 INFO  ozone.HddsDatanodeService (HddsDatanodeService.java:startPlugins(396)) - Started plug-in org.apache.hadoop.ozone.web.OzoneHddsDatanodeService@103c97ff
2019-07-13 22:40:27,649 INFO  ozone.MiniOzoneClusterImpl (MiniOzoneClusterImpl.java:lambda$waitForClusterToBeReady$0(142)) - Waiting for cluster to be ready. Got 0 of 6 DN Heartbeats.
2019-07-13 22:40:27,651 INFO  util.JvmPauseMonitor (JvmPauseMonitor.java:run(188)) - Starting JVM pause monitor
2019-07-13 22:40:27,654 INFO  datanode.InitDatanodeState (InitDatanodeState.java:persistContainerDatanodeDetails(140)) - DatanodeDetails is persisted to /tmp/workdir/hadoop-ozone/integration-test/target/test-dir/MiniOzoneClusterImpl-52c542e0-5521-4a29-a3cf-f1c90352223f/datanode-5/meta/datanode.id
2019-07-13 22:40:28,650 INFO  ozone.MiniOzoneClusterImpl (MiniOzoneClusterImpl.java:lambda$waitForClusterToBeReady$0(142)) - Waiting for cluster to be ready. Got 0 of 6 DN Heartbeats.
2019-07-13 22:40:28,899 INFO  ozoneimpl.OzoneContainer (OzoneContainer.java:start(186)) - Attempting to start container services.
2019-07-13 22:40:28,899 INFO  ozoneimpl.OzoneContainer (OzoneContainer.java:startContainerScrub(160)) - Background container scrubber has been disabled by hdds.containerscrub.enabled
2019-07-13 22:40:28,899 INFO  ratis.XceiverServerRatis (XceiverServerRatis.java:start(418)) - Starting XceiverServerRatis 02e1fac3-94b3-4f59-b623-3d918e0be822 at port 0
2019-07-13 22:40:28,924 INFO  impl.RaftServerProxy (RaftServerProxy.java:lambda$start$3(299)) - 02e1fac3-94b3-4f59-b623-3d918e0be822: start RPC server
2019-07-13 22:40:29,024 INFO  ozoneimpl.OzoneContainer (OzoneContainer.java:start(186)) - Attempting to start container services.
2019-07-13 22:40:29,026 INFO  ozoneimpl.OzoneContainer (OzoneContainer.java:startContainerScrub(160)) - Background container scrubber has been disabled by hdds.containerscrub.enabled
2019-07-13 22:40:29,026 INFO  ratis.XceiverServerRatis (XceiverServerRatis.java:start(418)) - Starting XceiverServerRatis 32de894f-28c2-4ed1-9000-67612e2c59f2 at port 0
2019-07-13 22:40:29,041 INFO  impl.RaftServerProxy (RaftServerProxy.java:lambda$start$3(299)) - 32de894f-28c2-4ed1-9000-67612e2c59f2: start RPC server
2019-07-13 22:40:29,048 INFO  server.GrpcService (GrpcService.java:startImpl(149)) - 02e1fac3-94b3-4f59-b623-3d918e0be822: GrpcService started, listening on 0.0.0.0/0.0.0.0:46379
2019-07-13 22:40:29,048 INFO  server.GrpcService (GrpcService.java:startImpl(149)) - 32de894f-28c2-4ed1-9000-67612e2c59f2: GrpcService started, listening on 0.0.0.0/0.0.0.0:37928
2019-07-13 22:40:29,049 INFO  ratis.XceiverServerRatis (XceiverServerRatis.java:start(428)) - XceiverServerRatis 02e1fac3-94b3-4f59-b623-3d918e0be822 is started using port 46379
2019-07-13 22:40:29,049 INFO  ratis.XceiverServerRatis (XceiverServerRatis.java:start(428)) - XceiverServerRatis 32de894f-28c2-4ed1-9000-67612e2c59f2 is started using port 37928
2019-07-13 22:40:29,053 INFO  server.XceiverServerGrpc (XceiverServerGrpc.java:start(161)) - XceiverServerGrpc 02e1fac3-94b3-4f59-b623-3d918e0be822 is started using port 43649
2019-07-13 22:40:29,053 INFO  server.XceiverServerGrpc (XceiverServerGrpc.java:start(161)) - XceiverServerGrpc 32de894f-28c2-4ed1-9000-67612e2c59f2 is started using port 45274
2019-07-13 22:40:29,194 INFO  ozoneimpl.OzoneContainer (OzoneContainer.java:start(186)) - Attempting to start container services.
2019-07-13 22:40:29,196 INFO  ozoneimpl.OzoneContainer (OzoneContainer.java:startContainerScrub(160)) - Background container scrubber has been disabled by hdds.containerscrub.enabled
2019-07-13 22:40:29,196 INFO  ratis.XceiverServerRatis (XceiverServerRatis.java:start(418)) - Starting XceiverServerRatis 23ae228c-c6f3-42a7-9845-883a420cea49 at port 0
2019-07-13 22:40:29,206 INFO  impl.RaftServerProxy (RaftServerProxy.java:lambda$start$3(299)) - 23ae228c-c6f3-42a7-9845-883a420cea49: start RPC server
2019-07-13 22:40:29,209 INFO  server.GrpcService (GrpcService.java:startImpl(149)) - 23ae228c-c6f3-42a7-9845-883a420cea49: GrpcService started, listening on 0.0.0.0/0.0.0.0:33915
2019-07-13 22:40:29,209 INFO  ratis.XceiverServerRatis (XceiverServerRatis.java:start(428)) - XceiverServerRatis 23ae228c-c6f3-42a7-9845-883a420cea49 is started using port 33915
2019-07-13 22:40:29,212 INFO  server.XceiverServerGrpc (XceiverServerGrpc.java:start(161)) - XceiverServerGrpc 23ae228c-c6f3-42a7-9845-883a420cea49 is started using port 46648
2019-07-13 22:40:29,341 INFO  ozoneimpl.OzoneContainer (OzoneContainer.java:start(186)) - Attempting to start container services.
2019-07-13 22:40:29,344 INFO  ozoneimpl.OzoneContainer (OzoneContainer.java:startContainerScrub(160)) - Background container scrubber has been disabled by hdds.containerscrub.enabled
2019-07-13 22:40:29,344 INFO  ratis.XceiverServerRatis (XceiverServerRatis.java:start(418)) - Starting XceiverServerRatis 8525700b-6661-4c76-beaf-5d4719673f4c at port 0
2019-07-13 22:40:29,357 INFO  impl.RaftServerProxy (RaftServerProxy.java:lambda$start$3(299)) - 8525700b-6661-4c76-beaf-5d4719673f4c: start RPC server
2019-07-13 22:40:29,361 INFO  server.GrpcService (GrpcService.java:startImpl(149)) - 8525700b-6661-4c76-beaf-5d4719673f4c: GrpcService started, listening on 0.0.0.0/0.0.0.0:45374
2019-07-13 22:40:29,361 INFO  ratis.XceiverServerRatis (XceiverServerRatis.java:start(428)) - XceiverServerRatis 8525700b-6661-4c76-beaf-5d4719673f4c is started using port 45374
2019-07-13 22:40:29,365 INFO  server.XceiverServerGrpc (XceiverServerGrpc.java:start(161)) - XceiverServerGrpc 8525700b-6661-4c76-beaf-5d4719673f4c is started using port 46582
2019-07-13 22:40:29,507 INFO  ozoneimpl.OzoneContainer (OzoneContainer.java:start(186)) - Attempting to start container services.
2019-07-13 22:40:29,510 INFO  ozoneimpl.OzoneContainer (OzoneContainer.java:startContainerScrub(160)) - Background container scrubber has been disabled by hdds.containerscrub.enabled
2019-07-13 22:40:29,510 INFO  ratis.XceiverServerRatis (XceiverServerRatis.java:start(418)) - Starting XceiverServerRatis 0d1d30eb-195e-414c-af07-81f8ae20a2b8 at port 0
2019-07-13 22:40:29,521 INFO  impl.RaftServerProxy (RaftServerProxy.java:lambda$start$3(299)) - 0d1d30eb-195e-414c-af07-81f8ae20a2b8: start RPC server
2019-07-13 22:40:29,524 INFO  server.GrpcService (GrpcService.java:startImpl(149)) - 0d1d30eb-195e-414c-af07-81f8ae20a2b8: GrpcService started, listening on 0.0.0.0/0.0.0.0:40683
2019-07-13 22:40:29,525 INFO  ratis.XceiverServerRatis (XceiverServerRatis.java:start(428)) - XceiverServerRatis 0d1d30eb-195e-414c-af07-81f8ae20a2b8 is started using port 40683
2019-07-13 22:40:29,528 INFO  server.XceiverServerGrpc (XceiverServerGrpc.java:start(161)) - XceiverServerGrpc 0d1d30eb-195e-414c-af07-81f8ae20a2b8 is started using port 43295
2019-07-13 22:40:29,651 INFO  ozone.MiniOzoneClusterImpl (MiniOzoneClusterImpl.java:lambda$waitForClusterToBeReady$0(142)) - Waiting for cluster to be ready. Got 0 of 6 DN Heartbeats.
2019-07-13 22:40:29,666 INFO  ozoneimpl.OzoneContainer (OzoneContainer.java:start(186)) - Attempting to start container services.
2019-07-13 22:40:29,669 INFO  ozoneimpl.OzoneContainer (OzoneContainer.java:startContainerScrub(160)) - Background container scrubber has been disabled by hdds.containerscrub.enabled
2019-07-13 22:40:29,669 INFO  ratis.XceiverServerRatis (XceiverServerRatis.java:start(418)) - Starting XceiverServerRatis a6a69507-04ed-4d55-a6a0-333a810ad4c4 at port 0
2019-07-13 22:40:29,677 INFO  impl.RaftServerProxy (RaftServerProxy.java:lambda$start$3(299)) - a6a69507-04ed-4d55-a6a0-333a810ad4c4: start RPC server
2019-07-13 22:40:29,682 INFO  server.GrpcService (GrpcService.java:startImpl(149)) - a6a69507-04ed-4d55-a6a0-333a810ad4c4: GrpcService started, listening on 0.0.0.0/0.0.0.0:44636
2019-07-13 22:40:29,682 INFO  ratis.XceiverServerRatis (XceiverServerRatis.java:start(428)) - XceiverServerRatis a6a69507-04ed-4d55-a6a0-333a810ad4c4 is started using port 44636
2019-07-13 22:40:29,686 INFO  server.XceiverServerGrpc (XceiverServerGrpc.java:start(161)) - XceiverServerGrpc a6a69507-04ed-4d55-a6a0-333a810ad4c4 is started using port 35665
2019-07-13 22:40:30,651 INFO  ozone.MiniOzoneClusterImpl (MiniOzoneClusterImpl.java:lambda$waitForClusterToBeReady$0(142)) - Waiting for cluster to be ready. Got 0 of 6 DN Heartbeats.
2019-07-13 22:40:30,812 INFO  net.NetworkTopology (NetworkTopologyImpl.java:add(110)) - Added a new node: /default-rack/192.168.5.159
2019-07-13 22:40:30,812 INFO  node.SCMNodeManager (SCMNodeManager.java:register(269)) - Registered Data node : 02e1fac3-94b3-4f59-b623-3d918e0be822{ip: 192.168.5.159, host: trunk-nightly-x8m8d-1534914823, networkLocation: /default-rack, certSerialId: null}
2019-07-13 22:40:30,818 INFO  safemode.SCMSafeModeManager (DataNodeSafeModeRule.java:process(71)) - SCM in safe mode. 1 DataNodes registered, 1 required.
2019-07-13 22:40:30,819 INFO  safemode.SCMSafeModeManager (SCMSafeModeManager.java:validateSafeModeExitRules(177)) - ScmSafeModeManager, all rules are successfully validated
2019-07-13 22:40:30,819 INFO  safemode.SCMSafeModeManager (SCMSafeModeManager.java:exitSafeMode(193)) - SCM exiting safe mode.
2019-07-13 22:40:31,002 INFO  node.SCMNodeManager (SCMNodeManager.java:register(269)) - Registered Data node : 32de894f-28c2-4ed1-9000-67612e2c59f2{ip: 192.168.5.159, host: trunk-nightly-x8m8d-1534914823, networkLocation: /default-rack, certSerialId: null}
2019-07-13 22:40:31,184 INFO  node.SCMNodeManager (SCMNodeManager.java:register(269)) - Registered Data node : 23ae228c-c6f3-42a7-9845-883a420cea49{ip: 192.168.5.159, host: trunk-nightly-x8m8d-1534914823, networkLocation: /default-rack, certSerialId: null}
2019-07-13 22:40:31,339 INFO  node.SCMNodeManager (SCMNodeManager.java:register(269)) - Registered Data node : 8525700b-6661-4c76-beaf-5d4719673f4c{ip: 192.168.5.159, host: trunk-nightly-x8m8d-1534914823, networkLocation: /default-rack, certSerialId: null}
2019-07-13 22:40:31,725 INFO  ozone.MiniOzoneClusterImpl (MiniOzoneClusterImpl.java:lambda$waitForClusterToBeReady$0(142)) - Waiting for cluster to be ready. Got 4 of 6 DN Heartbeats.
2019-07-13 22:40:31,730 INFO  impl.RaftServerProxy (RaftServerProxy.java:addNew(89)) - 02e1fac3-94b3-4f59-b623-3d918e0be822: addNew group-67E3F4772564:[02e1fac3-94b3-4f59-b623-3d918e0be822:192.168.5.159:46379] returns group-67E3F4772564:java.util.concurrent.CompletableFuture@3e214e33[Not completed]
2019-07-13 22:40:31,730 INFO  node.SCMNodeManager (SCMNodeManager.java:register(269)) - Registered Data node : 0d1d30eb-195e-414c-af07-81f8ae20a2b8{ip: 192.168.5.159, host: trunk-nightly-x8m8d-1534914823, networkLocation: /default-rack, certSerialId: null}
2019-07-13 22:40:31,730 INFO  node.SCMNodeManager (SCMNodeManager.java:register(269)) - Registered Data node : a6a69507-04ed-4d55-a6a0-333a810ad4c4{ip: 192.168.5.159, host: trunk-nightly-x8m8d-1534914823, networkLocation: /default-rack, certSerialId: null}
2019-07-13 22:40:31,752 INFO  impl.RaftServerImpl (RaftServerImpl.java:<init>(93)) - 02e1fac3-94b3-4f59-b623-3d918e0be822: new RaftServerImpl for group-67E3F4772564:[02e1fac3-94b3-4f59-b623-3d918e0be822:192.168.5.159:46379] with ContainerStateMachine:uninitialized
2019-07-13 22:40:31,755 INFO  server.RaftServerConfigKeys (ConfUtils.java:logGet(43)) - raft.server.rpc.timeout.min = 5s (custom)
2019-07-13 22:40:31,756 INFO  server.RaftServerConfigKeys (ConfUtils.java:logGet(43)) - raft.server.rpc.timeout.max = 5200ms (custom)
2019-07-13 22:40:31,756 INFO  server.RaftServerConfigKeys (ConfUtils.java:logGet(43)) - raft.server.rpcslowness.timeout = 120s (custom)
2019-07-13 22:40:31,757 INFO  server.RaftServerConfigKeys (ConfUtils.java:logGet(43)) - raft.server.sleep.deviation.threshold = 300 (default)
2019-07-13 22:40:31,758 INFO  server.RaftServerConfigKeys (ConfUtils.java:logGet(43)) - raft.server.log.appender.install.snapshot.enabled = false (custom)
2019-07-13 22:40:31,765 INFO  impl.RaftServerImpl (ServerState.java:<init>(105)) - 02e1fac3-94b3-4f59-b623-3d918e0be822:group-67E3F4772564 ConfigurationManager, init=-1: [02e1fac3-94b3-4f59-b623-3d918e0be822:192.168.5.159:46379], old=null, confs=<EMPTY_MAP>
2019-07-13 22:40:31,765 INFO  server.RaftServerConfigKeys (ConfUtils.java:logGet(43)) - raft.server.storage.dir = [/tmp/workdir/hadoop-ozone/integration-test/target/test-dir/MiniOzoneClusterImpl-52c542e0-5521-4a29-a3cf-f1c90352223f/datanode-0/data/ratis] (custom)
2019-07-13 22:40:31,771 INFO  storage.RaftStorageDirectory (RaftStorageDirectory.java:analyzeStorage(246)) - The storage directory /tmp/workdir/hadoop-ozone/integration-test/target/test-dir/MiniOzoneClusterImpl-52c542e0-5521-4a29-a3cf-f1c90352223f/datanode-0/data/ratis/74201388-d2c4-4f22-908b-67e3f4772564 does not exist. Creating ...
2019-07-13 22:40:31,787 INFO  storage.RaftStorageDirectory (RaftStorageDirectory.java:tryLock(328)) - Lock on /tmp/workdir/hadoop-ozone/integration-test/target/test-dir/MiniOzoneClusterImpl-52c542e0-5521-4a29-a3cf-f1c90352223f/datanode-0/data/ratis/74201388-d2c4-4f22-908b-67e3f4772564/in_use.lock acquired by nodename 26920@trunk-nightly-x8m8d-1534914823
2019-07-13 22:40:31,797 INFO  storage.RaftStorage (RaftStorage.java:format(72)) - Storage directory /tmp/workdir/hadoop-ozone/integration-test/target/test-dir/MiniOzoneClusterImpl-52c542e0-5521-4a29-a3cf-f1c90352223f/datanode-0/data/ratis/74201388-d2c4-4f22-908b-67e3f4772564 has been successfully formatted.
2019-07-13 22:40:31,799 INFO  ratis.ContainerStateMachine (ContainerStateMachine.java:loadSnapshot(200)) - The snapshot info is null.Setting the last applied index to:(t:0, i:~)
2019-07-13 22:40:31,799 INFO  server.RaftServerConfigKeys (ConfUtils.java:logGet(43)) - raft.server.leader.election.timeout = 120s (custom)
2019-07-13 22:40:31,801 INFO  server.RaftServerConfigKeys (ConfUtils.java:logGet(43)) - raft.server.log.use.memory = false (default)
2019-07-13 22:40:31,805 INFO  server.RaftServerConfigKeys (ConfUtils.java:logGet(43)) - raft.server.log.purge.gap = 1000000000 (custom)
2019-07-13 22:40:31,806 INFO  server.RaftServerConfigKeys (ConfUtils.java:logGet(43)) - raft.server.log.appender.buffer.byte-limit = 33554432 (custom)
2019-07-13 22:40:31,807 INFO  server.RaftServerConfigKeys (ConfUtils.java:logGet(43)) - raft.server.log.segment.size.max = 1048576 (custom)
2019-07-13 22:40:31,811 INFO  server.RaftServerConfigKeys (ConfUtils.java:logGet(43)) - raft.server.log.segment.cache.num.max = 2 (custom)
2019-07-13 22:40:31,815 INFO  segmented.SegmentedRaftLogWorker (SegmentedRaftLogWorker.java:<init>(172)) - new 02e1fac3-94b3-4f59-b623-3d918e0be822-SegmentedRaftLogWorker:Storage Directory /tmp/workdir/hadoop-ozone/integration-test/target/test-dir/MiniOzoneClusterImpl-52c542e0-5521-4a29-a3cf-f1c90352223f/datanode-0/data/ratis/74201388-d2c4-4f22-908b-67e3f4772564 for RaftStorage:Storage Directory /tmp/workdir/hadoop-ozone/integration-test/target/test-dir/MiniOzoneClusterImpl-52c542e0-5521-4a29-a3cf-f1c90352223f/datanode-0/data/ratis/74201388-d2c4-4f22-908b-67e3f4772564
2019-07-13 22:40:31,826 INFO  server.RaftServerConfigKeys (ConfUtils.java:logGet(43)) - raft.server.log.queue.byte-limit = 2147483647 (custom)
2019-07-13 22:40:31,826 INFO  server.RaftServerConfigKeys (ConfUtils.java:logGet(43)) - raft.server.log.queue.element-limit = 1024 (custom)
2019-07-13 22:40:31,830 INFO  server.RaftServerConfigKeys (ConfUtils.java:logGet(43)) - raft.server.log.segment.size.max = 1048576 (custom)
2019-07-13 22:40:31,831 INFO  server.RaftServerConfigKeys (ConfUtils.java:logGet(43)) - raft.server.log.preallocated.size = 16384 (custom)
2019-07-13 22:40:31,831 INFO  server.RaftServerConfigKeys (ConfUtils.java:logGet(43)) - raft.server.log.write.buffer.size = 33554432 (custom)
2019-07-13 22:40:31,831 INFO  server.RaftServerConfigKeys (ConfUtils.java:logGet(43)) - raft.server.log.force.sync.num = 128 (default)
2019-07-13 22:40:31,832 INFO  server.RaftServerConfigKeys (ConfUtils.java:logGet(43)) - raft.server.log.statemachine.data.sync = true (default)
2019-07-13 22:40:31,832 INFO  server.RaftServerConfigKeys (ConfUtils.java:logGet(43)) - raft.server.log.statemachine.data.sync.timeout = 10s (default)
2019-07-13 22:40:31,833 INFO  server.RaftServerConfigKeys (ConfUtils.java:logGet(43)) - raft.server.log.statemachine.data.sync.timeout.retry = -1 (default)
2019-07-13 22:40:31,841 INFO  server.RaftServerConfigKeys (ConfUtils.java:logGet(43)) - raft.server.log.statemachine.data.caching.enabled = true (custom)
2019-07-13 22:40:31,845 INFO  segmented.SegmentedRaftLogWorker (SegmentedRaftLogWorker.java:lambda$new$0(132)) - 02e1fac3-94b3-4f59-b623-3d918e0be822-SegmentedRaftLogWorker:Storage Directory /tmp/workdir/hadoop-ozone/integration-test/target/test-dir/MiniOzoneClusterImpl-52c542e0-5521-4a29-a3cf-f1c90352223f/datanode-0/data/ratis/74201388-d2c4-4f22-908b-67e3f4772564: flushIndex: setUnconditionally 0 -> -1
2019-07-13 22:40:31,848 INFO  server.RaftServerConfigKeys (ConfUtils.java:logGet(43)) - raft.server.snapshot.auto.trigger.enabled = true (custom)
2019-07-13 22:40:31,849 INFO  server.RaftServerConfigKeys (ConfUtils.java:logGet(43)) - raft.server.snapshot.auto.trigger.threshold = 10000 (custom)
2019-07-13 22:40:31,849 INFO  server.RaftServerConfigKeys (ConfUtils.java:logGet(43)) - raft.server.retrycache.expirytime = 600000ms (custom)
2019-07-13 22:40:31,868 INFO  impl.RaftServerImpl (RaftServerImpl.java:start(180)) - 02e1fac3-94b3-4f59-b623-3d918e0be822: start group-67E3F4772564
2019-07-13 22:40:31,869 INFO  impl.RaftServerImpl (RaftServerImpl.java:setRole(171)) - 02e1fac3-94b3-4f59-b623-3d918e0be822:group-67E3F4772564 changes role from null to FOLLOWER at term 0 for startAsFollower
2019-07-13 22:40:31,870 INFO  impl.RoleInfo (RoleInfo.java:updateAndGet(143)) - 02e1fac3-94b3-4f59-b623-3d918e0be822: start FollowerState
2019-07-13 22:40:31,871 INFO  util.JmxRegister (JmxRegister.java:tryRegister(44)) - Successfully registered JMX Bean with object name Ratis:service=RaftServer,group=group-67E3F4772564,id=02e1fac3-94b3-4f59-b623-3d918e0be822
2019-07-13 22:40:31,939 INFO  pipeline.PipelineStateManager (PipelineStateManager.java:addPipeline(56)) - Created pipeline Pipeline[ Id: 74201388-d2c4-4f22-908b-67e3f4772564, Nodes: 02e1fac3-94b3-4f59-b623-3d918e0be822{ip: 192.168.5.159, host: trunk-nightly-x8m8d-1534914823, networkLocation: /default-rack, certSerialId: null}, Type:RATIS, Factor:ONE, State:OPEN]
2019-07-13 22:40:31,969 INFO  impl.RaftServerProxy (RaftServerProxy.java:addNew(89)) - 0d1d30eb-195e-414c-af07-81f8ae20a2b8: addNew group-F10FD178337C:[0d1d30eb-195e-414c-af07-81f8ae20a2b8:192.168.5.159:40683] returns group-F10FD178337C:java.util.concurrent.CompletableFuture@19032c64[Not completed]
2019-07-13 22:40:32,017 INFO  impl.RaftServerImpl (RaftServerImpl.java:<init>(93)) - 0d1d30eb-195e-414c-af07-81f8ae20a2b8: new RaftServerImpl for group-F10FD178337C:[0d1d30eb-195e-414c-af07-81f8ae20a2b8:192.168.5.159:40683] with ContainerStateMachine:uninitialized
2019-07-13 22:40:32,020 INFO  server.RaftServerConfigKeys (ConfUtils.java:logGet(43)) - raft.server.rpc.timeout.min = 5s (custom)
2019-07-13 22:40:32,020 INFO  server.RaftServerConfigKeys (ConfUtils.java:logGet(43)) - raft.server.rpc.timeout.max = 5200ms (custom)
2019-07-13 22:40:32,020 INFO  server.RaftServerConfigKeys (ConfUtils.java:logGet(43)) - raft.server.rpcslowness.timeout = 120s (custom)
2019-07-13 22:40:32,021 INFO  server.RaftServerConfigKeys (ConfUtils.java:logGet(43)) - raft.server.sleep.deviation.threshold = 300 (default)
2019-07-13 22:40:32,021 INFO  server.RaftServerConfigKeys (ConfUtils.java:logGet(43)) - raft.server.log.appender.install.snapshot.enabled = false (custom)
2019-07-13 22:40:32,021 INFO  impl.RaftServerImpl (ServerState.java:<init>(105)) - 0d1d30eb-195e-414c-af07-81f8ae20a2b8:group-F10FD178337C ConfigurationManager, init=-1: [0d1d30eb-195e-414c-af07-81f8ae20a2b8:192.168.5.159:40683], old=null, confs=<EMPTY_MAP>
2019-07-13 22:40:32,021 INFO  server.RaftServerConfigKeys (ConfUtils.java:logGet(43)) - raft.server.storage.dir = [/tmp/workdir/hadoop-ozone/integration-test/target/test-dir/MiniOzoneClusterImpl-52c542e0-5521-4a29-a3cf-f1c90352223f/datanode-4/data/ratis] (custom)
2019-07-13 22:40:32,022 INFO  storage.RaftStorageDirectory (RaftStorageDirectory.java:analyzeStorage(246)) - The storage directory /tmp/workdir/hadoop-ozone/integration-test/target/test-dir/MiniOzoneClusterImpl-52c542e0-5521-4a29-a3cf-f1c90352223f/datanode-4/data/ratis/e51dd37e-3029-4435-9239-f10fd178337c does not exist. Creating ...
2019-07-13 22:40:32,036 INFO  storage.RaftStorageDirectory (RaftStorageDirectory.java:tryLock(328)) - Lock on /tmp/workdir/hadoop-ozone/integration-test/target/test-dir/MiniOzoneClusterImpl-52c542e0-5521-4a29-a3cf-f1c90352223f/datanode-4/data/ratis/e51dd37e-3029-4435-9239-f10fd178337c/in_use.lock acquired by nodename 26920@trunk-nightly-x8m8d-1534914823
2019-07-13 22:40:32,050 INFO  storage.RaftStorage (RaftStorage.java:format(72)) - Storage directory /tmp/workdir/hadoop-ozone/integration-test/target/test-dir/MiniOzoneClusterImpl-52c542e0-5521-4a29-a3cf-f1c90352223f/datanode-4/data/ratis/e51dd37e-3029-4435-9239-f10fd178337c has been successfully formatted.
2019-07-13 22:40:32,053 INFO  ratis.ContainerStateMachine (ContainerStateMachine.java:loadSnapshot(200)) - The snapshot info is null.Setting the last applied index to:(t:0, i:~)
2019-07-13 22:40:32,054 INFO  server.RaftServerConfigKeys (ConfUtils.java:logGet(43)) - raft.server.leader.election.timeout = 120s (custom)
2019-07-13 22:40:32,055 INFO  server.RaftServerConfigKeys (ConfUtils.java:logGet(43)) - raft.server.log.use.memory = false (default)
2019-07-13 22:40:32,055 INFO  server.RaftServerConfigKeys (ConfUtils.java:logGet(43)) - raft.server.log.purge.gap = 1000000000 (custom)
2019-07-13 22:40:32,055 INFO  server.RaftServerConfigKeys (ConfUtils.java:logGet(43)) - raft.server.log.appender.buffer.byte-limit = 33554432 (custom)
2019-07-13 22:40:32,055 INFO  server.RaftServerConfigKeys (ConfUtils.java:logGet(43)) - raft.server.log.segment.size.max = 1048576 (custom)
2019-07-13 22:40:32,056 INFO  server.RaftServerConfigKeys (ConfUtils.java:logGet(43)) - raft.server.log.segment.cache.num.max = 2 (custom)
2019-07-13 22:40:32,056 INFO  segmented.SegmentedRaftLogWorker (SegmentedRaftLogWorker.java:<init>(172)) - new 0d1d30eb-195e-414c-af07-81f8ae20a2b8-SegmentedRaftLogWorker:Storage Directory /tmp/workdir/hadoop-ozone/integration-test/target/test-dir/MiniOzoneClusterImpl-52c542e0-5521-4a29-a3cf-f1c90352223f/datanode-4/data/ratis/e51dd37e-3029-4435-9239-f10fd178337c for RaftStorage:Storage Directory /tmp/workdir/hadoop-ozone/integration-test/target/test-dir/MiniOzoneClusterImpl-52c542e0-5521-4a29-a3cf-f1c90352223f/datanode-4/data/ratis/e51dd37e-3029-4435-9239-f10fd178337c
2019-07-13 22:40:32,057 INFO  server.RaftServerConfigKeys (ConfUtils.java:logGet(43)) - raft.server.log.queue.byte-limit = 2147483647 (custom)
2019-07-13 22:40:32,057 INFO  server.RaftServerConfigKeys (ConfUtils.java:logGet(43)) - raft.server.log.queue.element-limit = 1024 (custom)
2019-07-13 22:40:32,058 INFO  server.RaftServerConfigKeys (ConfUtils.java:logGet(43)) - raft.server.log.segment.size.max = 1048576 (custom)
2019-07-13 22:40:32,058 INFO  server.RaftServerConfigKeys (ConfUtils.java:logGet(43)) - raft.server.log.preallocated.size = 16384 (custom)
2019-07-13 22:40:32,058 INFO  server.RaftServerConfigKeys (ConfUtils.java:logGet(43)) - raft.server.log.write.buffer.size = 33554432 (custom)
2019-07-13 22:40:32,059 INFO  server.RaftServerConfigKeys (ConfUtils.java:logGet(43)) - raft.server.log.force.sync.num = 128 (default)
2019-07-13 22:40:32,059 INFO  server.RaftServerConfigKeys (ConfUtils.java:logGet(43)) - raft.server.log.statemachine.data.sync = true (default)
2019-07-13 22:40:32,059 INFO  server.RaftServerConfigKeys (ConfUtils.java:logGet(43)) - raft.server.log.statemachine.data.sync.timeout = 10s (default)
2019-07-13 22:40:32,059 INFO  server.RaftServerConfigKeys (ConfUtils.java:logGet(43)) - raft.server.log.statemachine.data.sync.timeout.retry = -1 (default)
2019-07-13 22:40:32,060 INFO  server.RaftServerConfigKeys (ConfUtils.java:logGet(43)) - raft.server.log.statemachine.data.caching.enabled = true (custom)
2019-07-13 22:40:32,060 INFO  segmented.SegmentedRaftLogWorker (SegmentedRaftLogWorker.java:lambda$new$0(132)) - 0d1d30eb-195e-414c-af07-81f8ae20a2b8-SegmentedRaftLogWorker:Storage Directory /tmp/workdir/hadoop-ozone/integration-test/target/test-dir/MiniOzoneClusterImpl-52c542e0-5521-4a29-a3cf-f1c90352223f/datanode-4/data/ratis/e51dd37e-3029-4435-9239-f10fd178337c: flushIndex: setUnconditionally 0 -> -1
2019-07-13 22:40:32,061 INFO  server.RaftServerConfigKeys (ConfUtils.java:logGet(43)) - raft.server.snapshot.auto.trigger.enabled = true (custom)
2019-07-13 22:40:32,061 INFO  server.RaftServerConfigKeys (ConfUtils.java:logGet(43)) - raft.server.snapshot.auto.trigger.threshold = 10000 (custom)
2019-07-13 22:40:32,061 INFO  server.RaftServerConfigKeys (ConfUtils.java:logGet(43)) - raft.server.retrycache.expirytime = 600000ms (custom)
2019-07-13 22:40:32,062 INFO  impl.RaftServerImpl (RaftServerImpl.java:start(180)) - 0d1d30eb-195e-414c-af07-81f8ae20a2b8: start group-F10FD178337C
2019-07-13 22:40:32,062 INFO  impl.RaftServerImpl (RaftServerImpl.java:setRole(171)) - 0d1d30eb-195e-414c-af07-81f8ae20a2b8:group-F10FD178337C changes role from null to FOLLOWER at term 0 for startAsFollower
2019-07-13 22:40:32,062 INFO  impl.RoleInfo (RoleInfo.java:updateAndGet(143)) - 0d1d30eb-195e-414c-af07-81f8ae20a2b8: start FollowerState
2019-07-13 22:40:32,064 INFO  util.JmxRegister (JmxRegister.java:tryRegister(44)) - Successfully registered JMX Bean with object name Ratis:service=RaftServer,group=group-F10FD178337C,id=0d1d30eb-195e-414c-af07-81f8ae20a2b8
2019-07-13 22:40:32,076 INFO  pipeline.PipelineStateManager (PipelineStateManager.java:addPipeline(56)) - Created pipeline Pipeline[ Id: e51dd37e-3029-4435-9239-f10fd178337c, Nodes: 0d1d30eb-195e-414c-af07-81f8ae20a2b8{ip: 192.168.5.159, host: trunk-nightly-x8m8d-1534914823, networkLocation: /default-rack, certSerialId: null}, Type:RATIS, Factor:ONE, State:OPEN]
2019-07-13 22:40:32,095 INFO  impl.RaftServerProxy (RaftServerProxy.java:addNew(89)) - 8525700b-6661-4c76-beaf-5d4719673f4c: addNew group-4350A851697D:[8525700b-6661-4c76-beaf-5d4719673f4c:192.168.5.159:45374] returns group-4350A851697D:java.util.concurrent.CompletableFuture@4102ce54[Not completed]
2019-07-13 22:40:32,103 INFO  impl.RaftServerImpl (RaftServerImpl.java:<init>(93)) - 8525700b-6661-4c76-beaf-5d4719673f4c: new RaftServerImpl for group-4350A851697D:[8525700b-6661-4c76-beaf-5d4719673f4c:192.168.5.159:45374] with ContainerStateMachine:uninitialized
2019-07-13 22:40:32,104 INFO  server.RaftServerConfigKeys (ConfUtils.java:logGet(43)) - raft.server.rpc.timeout.min = 5s (custom)
2019-07-13 22:40:32,104 INFO  server.RaftServerConfigKeys (ConfUtils.java:logGet(43)) - raft.server.rpc.timeout.max = 5200ms (custom)
2019-07-13 22:40:32,105 INFO  server.RaftServerConfigKeys (ConfUtils.java:logGet(43)) - raft.server.rpcslowness.timeout = 120s (custom)
2019-07-13 22:40:32,105 INFO  server.RaftServerConfigKeys (ConfUtils.java:logGet(43)) - raft.server.sleep.deviation.threshold = 300 (default)
2019-07-13 22:40:32,105 INFO  server.RaftServerConfigKeys (ConfUtils.java:logGet(43)) - raft.server.log.appender.install.snapshot.enabled = false (custom)
2019-07-13 22:40:32,105 INFO  impl.RaftServerImpl (ServerState.java:<init>(105)) - 8525700b-6661-4c76-beaf-5d4719673f4c:group-4350A851697D ConfigurationManager, init=-1: [8525700b-6661-4c76-beaf-5d4719673f4c:192.168.5.159:45374], old=null, confs=<EMPTY_MAP>
2019-07-13 22:40:32,105 INFO  server.RaftServerConfigKeys (ConfUtils.java:logGet(43)) - raft.server.storage.dir = [/tmp/workdir/hadoop-ozone/integration-test/target/test-dir/MiniOzoneClusterImpl-52c542e0-5521-4a29-a3cf-f1c90352223f/datanode-3/data/ratis] (custom)
2019-07-13 22:40:32,106 INFO  storage.RaftStorageDirectory (RaftStorageDirectory.java:analyzeStorage(246)) - The storage directory /tmp/workdir/hadoop-ozone/integration-test/target/test-dir/MiniOzoneClusterImpl-52c542e0-5521-4a29-a3cf-f1c90352223f/datanode-3/data/ratis/1dce091e-190c-4626-ba8d-4350a851697d does not exist. Creating ...
2019-07-13 22:40:32,112 INFO  storage.RaftStorageDirectory (RaftStorageDirectory.java:tryLock(328)) - Lock on /tmp/workdir/hadoop-ozone/integration-test/target/test-dir/MiniOzoneClusterImpl-52c542e0-5521-4a29-a3cf-f1c90352223f/datanode-3/data/ratis/1dce091e-190c-4626-ba8d-4350a851697d/in_use.lock acquired by nodename 26920@trunk-nightly-x8m8d-1534914823
2019-07-13 22:40:32,116 INFO  storage.RaftStorage (RaftStorage.java:format(72)) - Storage directory /tmp/workdir/hadoop-ozone/integration-test/target/test-dir/MiniOzoneClusterImpl-52c542e0-5521-4a29-a3cf-f1c90352223f/datanode-3/data/ratis/1dce091e-190c-4626-ba8d-4350a851697d has been successfully formatted.
2019-07-13 22:40:32,116 INFO  ratis.ContainerStateMachine (ContainerStateMachine.java:loadSnapshot(200)) - The snapshot info is null.Setting the last applied index to:(t:0, i:~)
2019-07-13 22:40:32,116 INFO  server.RaftServerConfigKeys (ConfUtils.java:logGet(43)) - raft.server.leader.election.timeout = 120s (custom)
2019-07-13 22:40:32,117 INFO  server.RaftServerConfigKeys (ConfUtils.java:logGet(43)) - raft.server.log.use.memory = false (default)
2019-07-13 22:40:32,117 INFO  server.RaftServerConfigKeys (ConfUtils.java:logGet(43)) - raft.server.log.purge.gap = 1000000000 (custom)
2019-07-13 22:40:32,117 INFO  server.RaftServerConfigKeys (ConfUtils.java:logGet(43)) - raft.server.log.appender.buffer.byte-limit = 33554432 (custom)
2019-07-13 22:40:32,117 INFO  server.RaftServerConfigKeys (ConfUtils.java:logGet(43)) - raft.server.log.segment.size.max = 1048576 (custom)
2019-07-13 22:40:32,117 INFO  server.RaftServerConfigKeys (ConfUtils.java:logGet(43)) - raft.server.log.segment.cache.num.max = 2 (custom)
2019-07-13 22:40:32,118 INFO  segmented.SegmentedRaftLogWorker (SegmentedRaftLogWorker.java:<init>(172)) - new 8525700b-6661-4c76-beaf-5d4719673f4c-SegmentedRaftLogWorker:Storage Directory /tmp/workdir/hadoop-ozone/integration-test/target/test-dir/MiniOzoneClusterImpl-52c542e0-5521-4a29-a3cf-f1c90352223f/datanode-3/data/ratis/1dce091e-190c-4626-ba8d-4350a851697d for RaftStorage:Storage Directory /tmp/workdir/hadoop-ozone/integration-test/target/test-dir/MiniOzoneClusterImpl-52c542e0-5521-4a29-a3cf-f1c90352223f/datanode-3/data/ratis/1dce091e-190c-4626-ba8d-4350a851697d
2019-07-13 22:40:32,118 INFO  server.RaftServerConfigKeys (ConfUtils.java:logGet(43)) - raft.server.log.queue.byte-limit = 2147483647 (custom)
2019-07-13 22:40:32,118 INFO  server.RaftServerConfigKeys (ConfUtils.java:logGet(43)) - raft.server.log.queue.element-limit = 1024 (custom)
2019-07-13 22:40:32,118 INFO  server.RaftServerConfigKeys (ConfUtils.java:logGet(43)) - raft.server.log.segment.size.max = 1048576 (custom)
2019-07-13 22:40:32,118 INFO  server.RaftServerConfigKeys (ConfUtils.java:logGet(43)) - raft.server.log.preallocated.size = 16384 (custom)
2019-07-13 22:40:32,119 INFO  server.RaftServerConfigKeys (ConfUtils.java:logGet(43)) - raft.server.log.write.buffer.size = 33554432 (custom)
2019-07-13 22:40:32,119 INFO  server.RaftServerConfigKeys (ConfUtils.java:logGet(43)) - raft.server.log.force.sync.num = 128 (default)
2019-07-13 22:40:32,119 INFO  server.RaftServerConfigKeys (ConfUtils.java:logGet(43)) - raft.server.log.statemachine.data.sync = true (default)
2019-07-13 22:40:32,119 INFO  server.RaftServerConfigKeys (ConfUtils.java:logGet(43)) - raft.server.log.statemachine.data.sync.timeout = 10s (default)
2019-07-13 22:40:32,119 INFO  server.RaftServerConfigKeys (ConfUtils.java:logGet(43)) - raft.server.log.statemachine.data.sync.timeout.retry = -1 (default)
2019-07-13 22:40:32,120 INFO  server.RaftServerConfigKeys (ConfUtils.java:logGet(43)) - raft.server.log.statemachine.data.caching.enabled = true (custom)
2019-07-13 22:40:32,120 INFO  segmented.SegmentedRaftLogWorker (SegmentedRaftLogWorker.java:lambda$new$0(132)) - 8525700b-6661-4c76-beaf-5d4719673f4c-SegmentedRaftLogWorker:Storage Directory /tmp/workdir/hadoop-ozone/integration-test/target/test-dir/MiniOzoneClusterImpl-52c542e0-5521-4a29-a3cf-f1c90352223f/datanode-3/data/ratis/1dce091e-190c-4626-ba8d-4350a851697d: flushIndex: setUnconditionally 0 -> -1
2019-07-13 22:40:32,121 INFO  server.RaftServerConfigKeys (ConfUtils.java:logGet(43)) - raft.server.snapshot.auto.trigger.enabled = true (custom)
2019-07-13 22:40:32,121 INFO  server.RaftServerConfigKeys (ConfUtils.java:logGet(43)) - raft.server.snapshot.auto.trigger.threshold = 10000 (custom)
2019-07-13 22:40:32,121 INFO  server.RaftServerConfigKeys (ConfUtils.java:logGet(43)) - raft.server.retrycache.expirytime = 600000ms (custom)
2019-07-13 22:40:32,121 INFO  impl.RaftServerImpl (RaftServerImpl.java:start(180)) - 8525700b-6661-4c76-beaf-5d4719673f4c: start group-4350A851697D
2019-07-13 22:40:32,122 INFO  impl.RaftServerImpl (RaftServerImpl.java:setRole(171)) - 8525700b-6661-4c76-beaf-5d4719673f4c:group-4350A851697D changes role from null to FOLLOWER at term 0 for startAsFollower
2019-07-13 22:40:32,122 INFO  impl.RoleInfo (RoleInfo.java:updateAndGet(143)) - 8525700b-6661-4c76-beaf-5d4719673f4c: start FollowerState
2019-07-13 22:40:32,122 INFO  util.JmxRegister (JmxRegister.java:tryRegister(44)) - Successfully registered JMX Bean with object name Ratis:service=RaftServer,group=group-4350A851697D,id=8525700b-6661-4c76-beaf-5d4719673f4c
2019-07-13 22:40:32,133 INFO  pipeline.PipelineStateManager (PipelineStateManager.java:addPipeline(56)) - Created pipeline Pipeline[ Id: 1dce091e-190c-4626-ba8d-4350a851697d, Nodes: 8525700b-6661-4c76-beaf-5d4719673f4c{ip: 192.168.5.159, host: trunk-nightly-x8m8d-1534914823, networkLocation: /default-rack, certSerialId: null}, Type:RATIS, Factor:ONE, State:OPEN]
2019-07-13 22:40:32,155 INFO  impl.RaftServerProxy (RaftServerProxy.java:addNew(89)) - 23ae228c-c6f3-42a7-9845-883a420cea49: addNew group-6005F1AECD09:[23ae228c-c6f3-42a7-9845-883a420cea49:192.168.5.159:33915] returns group-6005F1AECD09:java.util.concurrent.CompletableFuture@2f3888a2[Not completed]
2019-07-13 22:40:32,157 INFO  impl.RaftServerImpl (RaftServerImpl.java:<init>(93)) - 23ae228c-c6f3-42a7-9845-883a420cea49: new RaftServerImpl for group-6005F1AECD09:[23ae228c-c6f3-42a7-9845-883a420cea49:192.168.5.159:33915] with ContainerStateMachine:uninitialized
2019-07-13 22:40:32,158 INFO  server.RaftServerConfigKeys (ConfUtils.java:logGet(43)) - raft.server.rpc.timeout.min = 5s (custom)
2019-07-13 22:40:32,158 INFO  server.RaftServerConfigKeys (ConfUtils.java:logGet(43)) - raft.server.rpc.timeout.max = 5200ms (custom)
2019-07-13 22:40:32,159 INFO  server.RaftServerConfigKeys (ConfUtils.java:logGet(43)) - raft.server.rpcslowness.timeout = 120s (custom)
2019-07-13 22:40:32,159 INFO  server.RaftServerConfigKeys (ConfUtils.java:logGet(43)) - raft.server.sleep.deviation.threshold = 300 (default)
2019-07-13 22:40:32,159 INFO  server.RaftServerConfigKeys (ConfUtils.java:logGet(43)) - raft.server.log.appender.install.snapshot.enabled = false (custom)
2019-07-13 22:40:32,159 INFO  impl.RaftServerImpl (ServerState.java:<init>(105)) - 23ae228c-c6f3-42a7-9845-883a420cea49:group-6005F1AECD09 ConfigurationManager, init=-1: [23ae228c-c6f3-42a7-9845-883a420cea49:192.168.5.159:33915], old=null, confs=<EMPTY_MAP>
2019-07-13 22:40:32,160 INFO  server.RaftServerConfigKeys (ConfUtils.java:logGet(43)) - raft.server.storage.dir = [/tmp/workdir/hadoop-ozone/integration-test/target/test-dir/MiniOzoneClusterImpl-52c542e0-5521-4a29-a3cf-f1c90352223f/datanode-2/data/ratis] (custom)
2019-07-13 22:40:32,160 INFO  storage.RaftStorageDirectory (RaftStorageDirectory.java:analyzeStorage(246)) - The storage directory /tmp/workdir/hadoop-ozone/integration-test/target/test-dir/MiniOzoneClusterImpl-52c542e0-5521-4a29-a3cf-f1c90352223f/datanode-2/data/ratis/59b8aced-4560-4d66-8a2d-6005f1aecd09 does not exist. Creating ...
2019-07-13 22:40:32,172 INFO  storage.RaftStorageDirectory (RaftStorageDirectory.java:tryLock(328)) - Lock on /tmp/workdir/hadoop-ozone/integration-test/target/test-dir/MiniOzoneClusterImpl-52c542e0-5521-4a29-a3cf-f1c90352223f/datanode-2/data/ratis/59b8aced-4560-4d66-8a2d-6005f1aecd09/in_use.lock acquired by nodename 26920@trunk-nightly-x8m8d-1534914823
2019-07-13 22:40:32,184 INFO  storage.RaftStorage (RaftStorage.java:format(72)) - Storage directory /tmp/workdir/hadoop-ozone/integration-test/target/test-dir/MiniOzoneClusterImpl-52c542e0-5521-4a29-a3cf-f1c90352223f/datanode-2/data/ratis/59b8aced-4560-4d66-8a2d-6005f1aecd09 has been successfully formatted.
2019-07-13 22:40:32,184 INFO  ratis.ContainerStateMachine (ContainerStateMachine.java:loadSnapshot(200)) - The snapshot info is null.Setting the last applied index to:(t:0, i:~)
2019-07-13 22:40:32,184 INFO  server.RaftServerConfigKeys (ConfUtils.java:logGet(43)) - raft.server.leader.election.timeout = 120s (custom)
2019-07-13 22:40:32,184 INFO  server.RaftServerConfigKeys (ConfUtils.java:logGet(43)) - raft.server.log.use.memory = false (default)
2019-07-13 22:40:32,185 INFO  server.RaftServerConfigKeys (ConfUtils.java:logGet(43)) - raft.server.log.purge.gap = 1000000000 (custom)
2019-07-13 22:40:32,185 INFO  server.RaftServerConfigKeys (ConfUtils.java:logGet(43)) - raft.server.log.appender.buffer.byte-limit = 33554432 (custom)
2019-07-13 22:40:32,185 INFO  server.RaftServerConfigKeys (ConfUtils.java:logGet(43)) - raft.server.log.segment.size.max = 1048576 (custom)
2019-07-13 22:40:32,185 INFO  server.RaftServerConfigKeys (ConfUtils.java:logGet(43)) - raft.server.log.segment.cache.num.max = 2 (custom)
2019-07-13 22:40:32,186 INFO  segmented.SegmentedRaftLogWorker (SegmentedRaftLogWorker.java:<init>(172)) - new 23ae228c-c6f3-42a7-9845-883a420cea49-SegmentedRaftLogWorker:Storage Directory /tmp/workdir/hadoop-ozone/integration-test/target/test-dir/MiniOzoneClusterImpl-52c542e0-5521-4a29-a3cf-f1c90352223f/datanode-2/data/ratis/59b8aced-4560-4d66-8a2d-6005f1aecd09 for RaftStorage:Storage Directory /tmp/workdir/hadoop-ozone/integration-test/target/test-dir/MiniOzoneClusterImpl-52c542e0-5521-4a29-a3cf-f1c90352223f/datanode-2/data/ratis/59b8aced-4560-4d66-8a2d-6005f1aecd09
2019-07-13 22:40:32,186 INFO  server.RaftServerConfigKeys (ConfUtils.java:logGet(43)) - raft.server.log.queue.byte-limit = 2147483647 (custom)
2019-07-13 22:40:32,186 INFO  server.RaftServerConfigKeys (ConfUtils.java:logGet(43)) - raft.server.log.queue.element-limit = 1024 (custom)
2019-07-13 22:40:32,186 INFO  server.RaftServerConfigKeys (ConfUtils.java:logGet(43)) - raft.server.log.segment.size.max = 1048576 (custom)
2019-07-13 22:40:32,187 INFO  server.RaftServerConfigKeys (ConfUtils.java:logGet(43)) - raft.server.log.preallocated.size = 16384 (custom)
2019-07-13 22:40:32,187 INFO  server.RaftServerConfigKeys (ConfUtils.java:logGet(43)) - raft.server.log.write.buffer.size = 33554432 (custom)
2019-07-13 22:40:32,187 INFO  server.RaftServerConfigKeys (ConfUtils.java:logGet(43)) - raft.server.log.force.sync.num = 128 (default)
2019-07-13 22:40:32,187 INFO  server.RaftServerConfigKeys (ConfUtils.java:logGet(43)) - raft.server.log.statemachine.data.sync = true (default)
2019-07-13 22:40:32,187 INFO  server.RaftServerConfigKeys (ConfUtils.java:logGet(43)) - raft.server.log.statemachine.data.sync.timeout = 10s (default)
2019-07-13 22:40:32,188 INFO  server.RaftServerConfigKeys (ConfUtils.java:logGet(43)) - raft.server.log.statemachine.data.sync.timeout.retry = -1 (default)
2019-07-13 22:40:32,188 INFO  server.RaftServerConfigKeys (ConfUtils.java:logGet(43)) - raft.server.log.statemachine.data.caching.enabled = true (custom)
2019-07-13 22:40:32,189 INFO  segmented.SegmentedRaftLogWorker (SegmentedRaftLogWorker.java:lambda$new$0(132)) - 23ae228c-c6f3-42a7-9845-883a420cea49-SegmentedRaftLogWorker:Storage Directory /tmp/workdir/hadoop-ozone/integration-test/target/test-dir/MiniOzoneClusterImpl-52c542e0-5521-4a29-a3cf-f1c90352223f/datanode-2/data/ratis/59b8aced-4560-4d66-8a2d-6005f1aecd09: flushIndex: setUnconditionally 0 -> -1
2019-07-13 22:40:32,189 INFO  server.RaftServerConfigKeys (ConfUtils.java:logGet(43)) - raft.server.snapshot.auto.trigger.enabled = true (custom)
2019-07-13 22:40:32,189 INFO  server.RaftServerConfigKeys (ConfUtils.java:logGet(43)) - raft.server.snapshot.auto.trigger.threshold = 10000 (custom)
2019-07-13 22:40:32,190 INFO  server.RaftServerConfigKeys (ConfUtils.java:logGet(43)) - raft.server.retrycache.expirytime = 600000ms (custom)
2019-07-13 22:40:32,190 INFO  impl.RaftServerImpl (RaftServerImpl.java:start(180)) - 23ae228c-c6f3-42a7-9845-883a420cea49: start group-6005F1AECD09
2019-07-13 22:40:32,190 INFO  impl.RaftServerImpl (RaftServerImpl.java:setRole(171)) - 23ae228c-c6f3-42a7-9845-883a420cea49:group-6005F1AECD09 changes role from null to FOLLOWER at term 0 for startAsFollower
2019-07-13 22:40:32,190 INFO  impl.RoleInfo (RoleInfo.java:updateAndGet(143)) - 23ae228c-c6f3-42a7-9845-883a420cea49: start FollowerState
2019-07-13 22:40:32,191 INFO  util.JmxRegister (JmxRegister.java:tryRegister(44)) - Successfully registered JMX Bean with object name Ratis:service=RaftServer,group=group-6005F1AECD09,id=23ae228c-c6f3-42a7-9845-883a420cea49
2019-07-13 22:40:32,205 INFO  pipeline.PipelineStateManager (PipelineStateManager.java:addPipeline(56)) - Created pipeline Pipeline[ Id: 59b8aced-4560-4d66-8a2d-6005f1aecd09, Nodes: 23ae228c-c6f3-42a7-9845-883a420cea49{ip: 192.168.5.159, host: trunk-nightly-x8m8d-1534914823, networkLocation: /default-rack, certSerialId: null}, Type:RATIS, Factor:ONE, State:OPEN]
2019-07-13 22:40:32,234 INFO  impl.RaftServerProxy (RaftServerProxy.java:addNew(89)) - 32de894f-28c2-4ed1-9000-67612e2c59f2: addNew group-79EAA1968E51:[32de894f-28c2-4ed1-9000-67612e2c59f2:192.168.5.159:37928] returns group-79EAA1968E51:java.util.concurrent.CompletableFuture@75dba02c[Not completed]
2019-07-13 22:40:32,236 INFO  impl.RaftServerImpl (RaftServerImpl.java:<init>(93)) - 32de894f-28c2-4ed1-9000-67612e2c59f2: new RaftServerImpl for group-79EAA1968E51:[32de894f-28c2-4ed1-9000-67612e2c59f2:192.168.5.159:37928] with ContainerStateMachine:uninitialized
2019-07-13 22:40:32,238 INFO  server.RaftServerConfigKeys (ConfUtils.java:logGet(43)) - raft.server.rpc.timeout.min = 5s (custom)
2019-07-13 22:40:32,238 INFO  server.RaftServerConfigKeys (ConfUtils.java:logGet(43)) - raft.server.rpc.timeout.max = 5200ms (custom)
2019-07-13 22:40:32,239 INFO  server.RaftServerConfigKeys (ConfUtils.java:logGet(43)) - raft.server.rpcslowness.timeout = 120s (custom)
2019-07-13 22:40:32,239 INFO  server.RaftServerConfigKeys (ConfUtils.java:logGet(43)) - raft.server.sleep.deviation.threshold = 300 (default)
2019-07-13 22:40:32,239 INFO  server.RaftServerConfigKeys (ConfUtils.java:logGet(43)) - raft.server.log.appender.install.snapshot.enabled = false (custom)
2019-07-13 22:40:32,239 INFO  impl.RaftServerImpl (ServerState.java:<init>(105)) - 32de894f-28c2-4ed1-9000-67612e2c59f2:group-79EAA1968E51 ConfigurationManager, init=-1: [32de894f-28c2-4ed1-9000-67612e2c59f2:192.168.5.159:37928], old=null, confs=<EMPTY_MAP>
2019-07-13 22:40:32,239 INFO  server.RaftServerConfigKeys (ConfUtils.java:logGet(43)) - raft.server.storage.dir = [/tmp/workdir/hadoop-ozone/integration-test/target/test-dir/MiniOzoneClusterImpl-52c542e0-5521-4a29-a3cf-f1c90352223f/datanode-1/data/ratis] (custom)
2019-07-13 22:40:32,240 INFO  storage.RaftStorageDirectory (RaftStorageDirectory.java:analyzeStorage(246)) - The storage directory /tmp/workdir/hadoop-ozone/integration-test/target/test-dir/MiniOzoneClusterImpl-52c542e0-5521-4a29-a3cf-f1c90352223f/datanode-1/data/ratis/2758add3-9872-4a46-8426-79eaa1968e51 does not exist. Creating ...
2019-07-13 22:40:32,244 INFO  storage.RaftStorageDirectory (RaftStorageDirectory.java:tryLock(328)) - Lock on /tmp/workdir/hadoop-ozone/integration-test/target/test-dir/MiniOzoneClusterImpl-52c542e0-5521-4a29-a3cf-f1c90352223f/datanode-1/data/ratis/2758add3-9872-4a46-8426-79eaa1968e51/in_use.lock acquired by nodename 26920@trunk-nightly-x8m8d-1534914823
2019-07-13 22:40:32,249 INFO  storage.RaftStorage (RaftStorage.java:format(72)) - Storage directory /tmp/workdir/hadoop-ozone/integration-test/target/test-dir/MiniOzoneClusterImpl-52c542e0-5521-4a29-a3cf-f1c90352223f/datanode-1/data/ratis/2758add3-9872-4a46-8426-79eaa1968e51 has been successfully formatted.
2019-07-13 22:40:32,249 INFO  ratis.ContainerStateMachine (ContainerStateMachine.java:loadSnapshot(200)) - The snapshot info is null.Setting the last applied index to:(t:0, i:~)
2019-07-13 22:40:32,250 INFO  server.RaftServerConfigKeys (ConfUtils.java:logGet(43)) - raft.server.leader.election.timeout = 120s (custom)
2019-07-13 22:40:32,250 INFO  server.RaftServerConfigKeys (ConfUtils.java:logGet(43)) - raft.server.log.use.memory = false (default)
2019-07-13 22:40:32,250 INFO  server.RaftServerConfigKeys (ConfUtils.java:logGet(43)) - raft.server.log.purge.gap = 1000000000 (custom)
2019-07-13 22:40:32,250 INFO  server.RaftServerConfigKeys (ConfUtils.java:logGet(43)) - raft.server.log.appender.buffer.byte-limit = 33554432 (custom)
2019-07-13 22:40:32,250 INFO  server.RaftServerConfigKeys (ConfUtils.java:logGet(43)) - raft.server.log.segment.size.max = 1048576 (custom)
2019-07-13 22:40:32,250 INFO  server.RaftServerConfigKeys (ConfUtils.java:logGet(43)) - raft.server.log.segment.cache.num.max = 2 (custom)
2019-07-13 22:40:32,251 INFO  segmented.SegmentedRaftLogWorker (SegmentedRaftLogWorker.java:<init>(172)) - new 32de894f-28c2-4ed1-9000-67612e2c59f2-SegmentedRaftLogWorker:Storage Directory /tmp/workdir/hadoop-ozone/integration-test/target/test-dir/MiniOzoneClusterImpl-52c542e0-5521-4a29-a3cf-f1c90352223f/datanode-1/data/ratis/2758add3-9872-4a46-8426-79eaa1968e51 for RaftStorage:Storage Directory /tmp/workdir/hadoop-ozone/integration-test/target/test-dir/MiniOzoneClusterImpl-52c542e0-5521-4a29-a3cf-f1c90352223f/datanode-1/data/ratis/2758add3-9872-4a46-8426-79eaa1968e51
2019-07-13 22:40:32,251 INFO  server.RaftServerConfigKeys (ConfUtils.java:logGet(43)) - raft.server.log.queue.byte-limit = 2147483647 (custom)
2019-07-13 22:40:32,251 INFO  server.RaftServerConfigKeys (ConfUtils.java:logGet(43)) - raft.server.log.queue.element-limit = 1024 (custom)
2019-07-13 22:40:32,251 INFO  server.RaftServerConfigKeys (ConfUtils.java:logGet(43)) - raft.server.log.segment.size.max = 1048576 (custom)
2019-07-13 22:40:32,252 INFO  server.RaftServerConfigKeys (ConfUtils.java:logGet(43)) - raft.server.log.preallocated.size = 16384 (custom)
2019-07-13 22:40:32,252 INFO  server.RaftServerConfigKeys (ConfUtils.java:logGet(43)) - raft.server.log.write.buffer.size = 33554432 (custom)
2019-07-13 22:40:32,252 INFO  server.RaftServerConfigKeys (ConfUtils.java:logGet(43)) - raft.server.log.force.sync.num = 128 (default)
2019-07-13 22:40:32,252 INFO  server.RaftServerConfigKeys (ConfUtils.java:logGet(43)) - raft.server.log.statemachine.data.sync = true (default)
2019-07-13 22:40:32,252 INFO  server.RaftServerConfigKeys (ConfUtils.java:logGet(43)) - raft.server.log.statemachine.data.sync.timeout = 10s (default)
2019-07-13 22:40:32,252 INFO  server.RaftServerConfigKeys (ConfUtils.java:logGet(43)) - raft.server.log.statemachine.data.sync.timeout.retry = -1 (default)
2019-07-13 22:40:32,253 INFO  server.RaftServerConfigKeys (ConfUtils.java:logGet(43)) - raft.server.log.statemachine.data.caching.enabled = true (custom)
2019-07-13 22:40:32,253 INFO  segmented.SegmentedRaftLogWorker (SegmentedRaftLogWorker.java:lambda$new$0(132)) - 32de894f-28c2-4ed1-9000-67612e2c59f2-SegmentedRaftLogWorker:Storage Directory /tmp/workdir/hadoop-ozone/integration-test/target/test-dir/MiniOzoneClusterImpl-52c542e0-5521-4a29-a3cf-f1c90352223f/datanode-1/data/ratis/2758add3-9872-4a46-8426-79eaa1968e51: flushIndex: setUnconditionally 0 -> -1
2019-07-13 22:40:32,254 INFO  server.RaftServerConfigKeys (ConfUtils.java:logGet(43)) - raft.server.snapshot.auto.trigger.enabled = true (custom)
2019-07-13 22:40:32,254 INFO  server.RaftServerConfigKeys (ConfUtils.java:logGet(43)) - raft.server.snapshot.auto.trigger.threshold = 10000 (custom)
2019-07-13 22:40:32,254 INFO  server.RaftServerConfigKeys (ConfUtils.java:logGet(43)) - raft.server.retrycache.expirytime = 600000ms (custom)
2019-07-13 22:40:32,254 INFO  impl.RaftServerImpl (RaftServerImpl.java:start(180)) - 32de894f-28c2-4ed1-9000-67612e2c59f2: start group-79EAA1968E51
2019-07-13 22:40:32,255 INFO  impl.RaftServerImpl (RaftServerImpl.java:setRole(171)) - 32de894f-28c2-4ed1-9000-67612e2c59f2:group-79EAA1968E51 changes role from null to FOLLOWER at term 0 for startAsFollower
2019-07-13 22:40:32,255 INFO  impl.RoleInfo (RoleInfo.java:updateAndGet(143)) - 32de894f-28c2-4ed1-9000-67612e2c59f2: start FollowerState
2019-07-13 22:40:32,255 INFO  util.JmxRegister (JmxRegister.java:tryRegister(44)) - Successfully registered JMX Bean with object name Ratis:service=RaftServer,group=group-79EAA1968E51,id=32de894f-28c2-4ed1-9000-67612e2c59f2
2019-07-13 22:40:32,268 INFO  pipeline.PipelineStateManager (PipelineStateManager.java:addPipeline(56)) - Created pipeline Pipeline[ Id: 2758add3-9872-4a46-8426-79eaa1968e51, Nodes: 32de894f-28c2-4ed1-9000-67612e2c59f2{ip: 192.168.5.159, host: trunk-nightly-x8m8d-1534914823, networkLocation: /default-rack, certSerialId: null}, Type:RATIS, Factor:ONE, State:OPEN]
2019-07-13 22:40:32,294 INFO  impl.RaftServerProxy (RaftServerProxy.java:addNew(89)) - a6a69507-04ed-4d55-a6a0-333a810ad4c4: addNew group-428F9EBEBD80:[a6a69507-04ed-4d55-a6a0-333a810ad4c4:192.168.5.159:44636] returns group-428F9EBEBD80:java.util.concurrent.CompletableFuture@7d72d827[Not completed]
2019-07-13 22:40:32,296 INFO  impl.RaftServerImpl (RaftServerImpl.java:<init>(93)) - a6a69507-04ed-4d55-a6a0-333a810ad4c4: new RaftServerImpl for group-428F9EBEBD80:[a6a69507-04ed-4d55-a6a0-333a810ad4c4:192.168.5.159:44636] with ContainerStateMachine:uninitialized
2019-07-13 22:40:32,297 INFO  server.RaftServerConfigKeys (ConfUtils.java:logGet(43)) - raft.server.rpc.timeout.min = 5s (custom)
2019-07-13 22:40:32,297 INFO  server.RaftServerConfigKeys (ConfUtils.java:logGet(43)) - raft.server.rpc.timeout.max = 5200ms (custom)
2019-07-13 22:40:32,298 INFO  server.RaftServerConfigKeys (ConfUtils.java:logGet(43)) - raft.server.rpcslowness.timeout = 120s (custom)
2019-07-13 22:40:32,298 INFO  server.RaftServerConfigKeys (ConfUtils.java:logGet(43)) - raft.server.sleep.deviation.threshold = 300 (default)
2019-07-13 22:40:32,298 INFO  server.RaftServerConfigKeys (ConfUtils.java:logGet(43)) - raft.server.log.appender.install.snapshot.enabled = false (custom)
2019-07-13 22:40:32,298 INFO  impl.RaftServerImpl (ServerState.java:<init>(105)) - a6a69507-04ed-4d55-a6a0-333a810ad4c4:group-428F9EBEBD80 ConfigurationManager, init=-1: [a6a69507-04ed-4d55-a6a0-333a810ad4c4:192.168.5.159:44636], old=null, confs=<EMPTY_MAP>
2019-07-13 22:40:32,298 INFO  server.RaftServerConfigKeys (ConfUtils.java:logGet(43)) - raft.server.storage.dir = [/tmp/workdir/hadoop-ozone/integration-test/target/test-dir/MiniOzoneClusterImpl-52c542e0-5521-4a29-a3cf-f1c90352223f/datanode-5/data/ratis] (custom)
2019-07-13 22:40:32,299 INFO  storage.RaftStorageDirectory (RaftStorageDirectory.java:analyzeStorage(246)) - The storage directory /tmp/workdir/hadoop-ozone/integration-test/target/test-dir/MiniOzoneClusterImpl-52c542e0-5521-4a29-a3cf-f1c90352223f/datanode-5/data/ratis/8c7a7b9e-1c4e-49b4-8f12-428f9ebebd80 does not exist. Creating ...
2019-07-13 22:40:32,310 INFO  storage.RaftStorageDirectory (RaftStorageDirectory.java:tryLock(328)) - Lock on /tmp/workdir/hadoop-ozone/integration-test/target/test-dir/MiniOzoneClusterImpl-52c542e0-5521-4a29-a3cf-f1c90352223f/datanode-5/data/ratis/8c7a7b9e-1c4e-49b4-8f12-428f9ebebd80/in_use.lock acquired by nodename 26920@trunk-nightly-x8m8d-1534914823
2019-07-13 22:40:32,314 INFO  storage.RaftStorage (RaftStorage.java:format(72)) - Storage directory /tmp/workdir/hadoop-ozone/integration-test/target/test-dir/MiniOzoneClusterImpl-52c542e0-5521-4a29-a3cf-f1c90352223f/datanode-5/data/ratis/8c7a7b9e-1c4e-49b4-8f12-428f9ebebd80 has been successfully formatted.
2019-07-13 22:40:32,314 INFO  ratis.ContainerStateMachine (ContainerStateMachine.java:loadSnapshot(200)) - The snapshot info is null.Setting the last applied index to:(t:0, i:~)
2019-07-13 22:40:32,315 INFO  server.RaftServerConfigKeys (ConfUtils.java:logGet(43)) - raft.server.leader.election.timeout = 120s (custom)
2019-07-13 22:40:32,315 INFO  server.RaftServerConfigKeys (ConfUtils.java:logGet(43)) - raft.server.log.use.memory = false (default)
2019-07-13 22:40:32,315 INFO  server.RaftServerConfigKeys (ConfUtils.java:logGet(43)) - raft.server.log.purge.gap = 1000000000 (custom)
2019-07-13 22:40:32,315 INFO  server.RaftServerConfigKeys (ConfUtils.java:logGet(43)) - raft.server.log.appender.buffer.byte-limit = 33554432 (custom)
2019-07-13 22:40:32,315 INFO  server.RaftServerConfigKeys (ConfUtils.java:logGet(43)) - raft.server.log.segment.size.max = 1048576 (custom)
2019-07-13 22:40:32,316 INFO  server.RaftServerConfigKeys (ConfUtils.java:logGet(43)) - raft.server.log.segment.cache.num.max = 2 (custom)
2019-07-13 22:40:32,316 INFO  segmented.SegmentedRaftLogWorker (SegmentedRaftLogWorker.java:<init>(172)) - new a6a69507-04ed-4d55-a6a0-333a810ad4c4-SegmentedRaftLogWorker:Storage Directory /tmp/workdir/hadoop-ozone/integration-test/target/test-dir/MiniOzoneClusterImpl-52c542e0-5521-4a29-a3cf-f1c90352223f/datanode-5/data/ratis/8c7a7b9e-1c4e-49b4-8f12-428f9ebebd80 for RaftStorage:Storage Directory /tmp/workdir/hadoop-ozone/integration-test/target/test-dir/MiniOzoneClusterImpl-52c542e0-5521-4a29-a3cf-f1c90352223f/datanode-5/data/ratis/8c7a7b9e-1c4e-49b4-8f12-428f9ebebd80
2019-07-13 22:40:32,316 INFO  server.RaftServerConfigKeys (ConfUtils.java:logGet(43)) - raft.server.log.queue.byte-limit = 2147483647 (custom)
2019-07-13 22:40:32,316 INFO  server.RaftServerConfigKeys (ConfUtils.java:logGet(43)) - raft.server.log.queue.element-limit = 1024 (custom)
2019-07-13 22:40:32,317 INFO  server.RaftServerConfigKeys (ConfUtils.java:logGet(43)) - raft.server.log.segment.size.max = 1048576 (custom)
2019-07-13 22:40:32,317 INFO  server.RaftServerConfigKeys (ConfUtils.java:logGet(43)) - raft.server.log.preallocated.size = 16384 (custom)
2019-07-13 22:40:32,317 INFO  server.RaftServerConfigKeys (ConfUtils.java:logGet(43)) - raft.server.log.write.buffer.size = 33554432 (custom)
2019-07-13 22:40:32,317 INFO  server.RaftServerConfigKeys (ConfUtils.java:logGet(43)) - raft.server.log.force.sync.num = 128 (default)
2019-07-13 22:40:32,317 INFO  server.RaftServerConfigKeys (ConfUtils.java:logGet(43)) - raft.server.log.statemachine.data.sync = true (default)
2019-07-13 22:40:32,317 INFO  server.RaftServerConfigKeys (ConfUtils.java:logGet(43)) - raft.server.log.statemachine.data.sync.timeout = 10s (default)
2019-07-13 22:40:32,318 INFO  server.RaftServerConfigKeys (ConfUtils.java:logGet(43)) - raft.server.log.statemachine.data.sync.timeout.retry = -1 (default)
2019-07-13 22:40:32,318 INFO  server.RaftServerConfigKeys (ConfUtils.java:logGet(43)) - raft.server.log.statemachine.data.caching.enabled = true (custom)
2019-07-13 22:40:32,319 INFO  segmented.SegmentedRaftLogWorker (SegmentedRaftLogWorker.java:lambda$new$0(132)) - a6a69507-04ed-4d55-a6a0-333a810ad4c4-SegmentedRaftLogWorker:Storage Directory /tmp/workdir/hadoop-ozone/integration-test/target/test-dir/MiniOzoneClusterImpl-52c542e0-5521-4a29-a3cf-f1c90352223f/datanode-5/data/ratis/8c7a7b9e-1c4e-49b4-8f12-428f9ebebd80: flushIndex: setUnconditionally 0 -> -1
2019-07-13 22:40:32,319 INFO  server.RaftServerConfigKeys (ConfUtils.java:logGet(43)) - raft.server.snapshot.auto.trigger.enabled = true (custom)
2019-07-13 22:40:32,319 INFO  server.RaftServerConfigKeys (ConfUtils.java:logGet(43)) - raft.server.snapshot.auto.trigger.threshold = 10000 (custom)
2019-07-13 22:40:32,319 INFO  server.RaftServerConfigKeys (ConfUtils.java:logGet(43)) - raft.server.retrycache.expirytime = 600000ms (custom)
2019-07-13 22:40:32,320 INFO  impl.RaftServerImpl (RaftServerImpl.java:start(180)) - a6a69507-04ed-4d55-a6a0-333a810ad4c4: start group-428F9EBEBD80
2019-07-13 22:40:32,320 INFO  impl.RaftServerImpl (RaftServerImpl.java:setRole(171)) - a6a69507-04ed-4d55-a6a0-333a810ad4c4:group-428F9EBEBD80 changes role from null to FOLLOWER at term 0 for startAsFollower
2019-07-13 22:40:32,320 INFO  impl.RoleInfo (RoleInfo.java:updateAndGet(143)) - a6a69507-04ed-4d55-a6a0-333a810ad4c4: start FollowerState
2019-07-13 22:40:32,321 INFO  util.JmxRegister (JmxRegister.java:tryRegister(44)) - Successfully registered JMX Bean with object name Ratis:service=RaftServer,group=group-428F9EBEBD80,id=a6a69507-04ed-4d55-a6a0-333a810ad4c4
2019-07-13 22:40:32,330 INFO  pipeline.PipelineStateManager (PipelineStateManager.java:addPipeline(56)) - Created pipeline Pipeline[ Id: 8c7a7b9e-1c4e-49b4-8f12-428f9ebebd80, Nodes: a6a69507-04ed-4d55-a6a0-333a810ad4c4{ip: 192.168.5.159, host: trunk-nightly-x8m8d-1534914823, networkLocation: /default-rack, certSerialId: null}, Type:RATIS, Factor:ONE, State:OPEN]
2019-07-13 22:40:32,366 INFO  impl.RaftServerProxy (RaftServerProxy.java:addNew(89)) - 02e1fac3-94b3-4f59-b623-3d918e0be822: addNew group-F2D605CBED3F:[8525700b-6661-4c76-beaf-5d4719673f4c:192.168.5.159:45374, 0d1d30eb-195e-414c-af07-81f8ae20a2b8:192.168.5.159:40683, 02e1fac3-94b3-4f59-b623-3d918e0be822:192.168.5.159:46379] returns group-F2D605CBED3F:java.util.concurrent.CompletableFuture@38b0f8b2[Not completed]
2019-07-13 22:40:32,370 INFO  impl.RaftServerProxy (RaftServerProxy.java:addNew(89)) - 0d1d30eb-195e-414c-af07-81f8ae20a2b8: addNew group-F2D605CBED3F:[8525700b-6661-4c76-beaf-5d4719673f4c:192.168.5.159:45374, 0d1d30eb-195e-414c-af07-81f8ae20a2b8:192.168.5.159:40683, 02e1fac3-94b3-4f59-b623-3d918e0be822:192.168.5.159:46379] returns group-F2D605CBED3F:java.util.concurrent.CompletableFuture@b122b37[Not completed]
2019-07-13 22:40:32,371 INFO  impl.RaftServerProxy (RaftServerProxy.java:addNew(89)) - 8525700b-6661-4c76-beaf-5d4719673f4c: addNew group-F2D605CBED3F:[8525700b-6661-4c76-beaf-5d4719673f4c:192.168.5.159:45374, 0d1d30eb-195e-414c-af07-81f8ae20a2b8:192.168.5.159:40683, 02e1fac3-94b3-4f59-b623-3d918e0be822:192.168.5.159:46379] returns group-F2D605CBED3F:java.util.concurrent.CompletableFuture@2164644b[Not completed]
2019-07-13 22:40:32,371 INFO  impl.RaftServerImpl (RaftServerImpl.java:<init>(93)) - 02e1fac3-94b3-4f59-b623-3d918e0be822: new RaftServerImpl for group-F2D605CBED3F:[8525700b-6661-4c76-beaf-5d4719673f4c:192.168.5.159:45374, 0d1d30eb-195e-414c-af07-81f8ae20a2b8:192.168.5.159:40683, 02e1fac3-94b3-4f59-b623-3d918e0be822:192.168.5.159:46379] with ContainerStateMachine:uninitialized
2019-07-13 22:40:32,371 INFO  server.RaftServerConfigKeys (ConfUtils.java:logGet(43)) - raft.server.rpc.timeout.min = 5s (custom)
2019-07-13 22:40:32,371 INFO  server.RaftServerConfigKeys (ConfUtils.java:logGet(43)) - raft.server.rpc.timeout.max = 5200ms (custom)
2019-07-13 22:40:32,371 INFO  server.RaftServerConfigKeys (ConfUtils.java:logGet(43)) - raft.server.rpcslowness.timeout = 120s (custom)
2019-07-13 22:40:32,372 INFO  server.RaftServerConfigKeys (ConfUtils.java:logGet(43)) - raft.server.sleep.deviation.threshold = 300 (default)
2019-07-13 22:40:32,372 INFO  server.RaftServerConfigKeys (ConfUtils.java:logGet(43)) - raft.server.log.appender.install.snapshot.enabled = false (custom)
2019-07-13 22:40:32,372 INFO  impl.RaftServerImpl (ServerState.java:<init>(105)) - 02e1fac3-94b3-4f59-b623-3d918e0be822:group-F2D605CBED3F ConfigurationManager, init=-1: [8525700b-6661-4c76-beaf-5d4719673f4c:192.168.5.159:45374, 0d1d30eb-195e-414c-af07-81f8ae20a2b8:192.168.5.159:40683, 02e1fac3-94b3-4f59-b623-3d918e0be822:192.168.5.159:46379], old=null, confs=<EMPTY_MAP>
2019-07-13 22:40:32,372 INFO  server.RaftServerConfigKeys (ConfUtils.java:logGet(43)) - raft.server.storage.dir = [/tmp/workdir/hadoop-ozone/integration-test/target/test-dir/MiniOzoneClusterImpl-52c542e0-5521-4a29-a3cf-f1c90352223f/datanode-0/data/ratis] (custom)
2019-07-13 22:40:32,372 INFO  impl.RaftServerImpl (RaftServerImpl.java:<init>(93)) - 0d1d30eb-195e-414c-af07-81f8ae20a2b8: new RaftServerImpl for group-F2D605CBED3F:[8525700b-6661-4c76-beaf-5d4719673f4c:192.168.5.159:45374, 0d1d30eb-195e-414c-af07-81f8ae20a2b8:192.168.5.159:40683, 02e1fac3-94b3-4f59-b623-3d918e0be822:192.168.5.159:46379] with ContainerStateMachine:uninitialized
2019-07-13 22:40:32,372 INFO  server.RaftServerConfigKeys (ConfUtils.java:logGet(43)) - raft.server.rpc.timeout.min = 5s (custom)
2019-07-13 22:40:32,372 INFO  storage.RaftStorageDirectory (RaftStorageDirectory.java:analyzeStorage(246)) - The storage directory /tmp/workdir/hadoop-ozone/integration-test/target/test-dir/MiniOzoneClusterImpl-52c542e0-5521-4a29-a3cf-f1c90352223f/datanode-0/data/ratis/70ced740-eb59-47c2-a998-f2d605cbed3f does not exist. Creating ...
2019-07-13 22:40:32,372 INFO  server.RaftServerConfigKeys (ConfUtils.java:logGet(43)) - raft.server.rpc.timeout.max = 5200ms (custom)
2019-07-13 22:40:32,373 INFO  server.RaftServerConfigKeys (ConfUtils.java:logGet(43)) - raft.server.rpcslowness.timeout = 120s (custom)
2019-07-13 22:40:32,373 INFO  server.RaftServerConfigKeys (ConfUtils.java:logGet(43)) - raft.server.sleep.deviation.threshold = 300 (default)
2019-07-13 22:40:32,373 INFO  impl.RaftServerImpl (RaftServerImpl.java:<init>(93)) - 8525700b-6661-4c76-beaf-5d4719673f4c: new RaftServerImpl for group-F2D605CBED3F:[8525700b-6661-4c76-beaf-5d4719673f4c:192.168.5.159:45374, 0d1d30eb-195e-414c-af07-81f8ae20a2b8:192.168.5.159:40683, 02e1fac3-94b3-4f59-b623-3d918e0be822:192.168.5.159:46379] with ContainerStateMachine:uninitialized
2019-07-13 22:40:32,373 INFO  server.RaftServerConfigKeys (ConfUtils.java:logGet(43)) - raft.server.log.appender.install.snapshot.enabled = false (custom)
2019-07-13 22:40:32,373 INFO  server.RaftServerConfigKeys (ConfUtils.java:logGet(43)) - raft.server.rpc.timeout.min = 5s (custom)
2019-07-13 22:40:32,373 INFO  impl.RaftServerImpl (ServerState.java:<init>(105)) - 0d1d30eb-195e-414c-af07-81f8ae20a2b8:group-F2D605CBED3F ConfigurationManager, init=-1: [8525700b-6661-4c76-beaf-5d4719673f4c:192.168.5.159:45374, 0d1d30eb-195e-414c-af07-81f8ae20a2b8:192.168.5.159:40683, 02e1fac3-94b3-4f59-b623-3d918e0be822:192.168.5.159:46379], old=null, confs=<EMPTY_MAP>
2019-07-13 22:40:32,374 INFO  server.RaftServerConfigKeys (ConfUtils.java:logGet(43)) - raft.server.rpc.timeout.max = 5200ms (custom)
2019-07-13 22:40:32,374 INFO  server.RaftServerConfigKeys (ConfUtils.java:logGet(43)) - raft.server.storage.dir = [/tmp/workdir/hadoop-ozone/integration-test/target/test-dir/MiniOzoneClusterImpl-52c542e0-5521-4a29-a3cf-f1c90352223f/datanode-4/data/ratis] (custom)
2019-07-13 22:40:32,374 INFO  server.RaftServerConfigKeys (ConfUtils.java:logGet(43)) - raft.server.rpcslowness.timeout = 120s (custom)
2019-07-13 22:40:32,374 INFO  server.RaftServerConfigKeys (ConfUtils.java:logGet(43)) - raft.server.sleep.deviation.threshold = 300 (default)
2019-07-13 22:40:32,374 INFO  storage.RaftStorageDirectory (RaftStorageDirectory.java:analyzeStorage(246)) - The storage directory /tmp/workdir/hadoop-ozone/integration-test/target/test-dir/MiniOzoneClusterImpl-52c542e0-5521-4a29-a3cf-f1c90352223f/datanode-4/data/ratis/70ced740-eb59-47c2-a998-f2d605cbed3f does not exist. Creating ...
2019-07-13 22:40:32,374 INFO  server.RaftServerConfigKeys (ConfUtils.java:logGet(43)) - raft.server.log.appender.install.snapshot.enabled = false (custom)
2019-07-13 22:40:32,375 INFO  impl.RaftServerImpl (ServerState.java:<init>(105)) - 8525700b-6661-4c76-beaf-5d4719673f4c:group-F2D605CBED3F ConfigurationManager, init=-1: [8525700b-6661-4c76-beaf-5d4719673f4c:192.168.5.159:45374, 0d1d30eb-195e-414c-af07-81f8ae20a2b8:192.168.5.159:40683, 02e1fac3-94b3-4f59-b623-3d918e0be822:192.168.5.159:46379], old=null, confs=<EMPTY_MAP>
2019-07-13 22:40:32,375 INFO  server.RaftServerConfigKeys (ConfUtils.java:logGet(43)) - raft.server.storage.dir = [/tmp/workdir/hadoop-ozone/integration-test/target/test-dir/MiniOzoneClusterImpl-52c542e0-5521-4a29-a3cf-f1c90352223f/datanode-3/data/ratis] (custom)
2019-07-13 22:40:32,375 INFO  storage.RaftStorageDirectory (RaftStorageDirectory.java:analyzeStorage(246)) - The storage directory /tmp/workdir/hadoop-ozone/integration-test/target/test-dir/MiniOzoneClusterImpl-52c542e0-5521-4a29-a3cf-f1c90352223f/datanode-3/data/ratis/70ced740-eb59-47c2-a998-f2d605cbed3f does not exist. Creating ...
2019-07-13 22:40:32,385 INFO  storage.RaftStorageDirectory (RaftStorageDirectory.java:tryLock(328)) - Lock on /tmp/workdir/hadoop-ozone/integration-test/target/test-dir/MiniOzoneClusterImpl-52c542e0-5521-4a29-a3cf-f1c90352223f/datanode-0/data/ratis/70ced740-eb59-47c2-a998-f2d605cbed3f/in_use.lock acquired by nodename 26920@trunk-nightly-x8m8d-1534914823
2019-07-13 22:40:32,385 INFO  storage.RaftStorageDirectory (RaftStorageDirectory.java:tryLock(328)) - Lock on /tmp/workdir/hadoop-ozone/integration-test/target/test-dir/MiniOzoneClusterImpl-52c542e0-5521-4a29-a3cf-f1c90352223f/datanode-4/data/ratis/70ced740-eb59-47c2-a998-f2d605cbed3f/in_use.lock acquired by nodename 26920@trunk-nightly-x8m8d-1534914823
2019-07-13 22:40:32,385 INFO  storage.RaftStorageDirectory (RaftStorageDirectory.java:tryLock(328)) - Lock on /tmp/workdir/hadoop-ozone/integration-test/target/test-dir/MiniOzoneClusterImpl-52c542e0-5521-4a29-a3cf-f1c90352223f/datanode-3/data/ratis/70ced740-eb59-47c2-a998-f2d605cbed3f/in_use.lock acquired by nodename 26920@trunk-nightly-x8m8d-1534914823
2019-07-13 22:40:32,391 INFO  storage.RaftStorage (RaftStorage.java:format(72)) - Storage directory /tmp/workdir/hadoop-ozone/integration-test/target/test-dir/MiniOzoneClusterImpl-52c542e0-5521-4a29-a3cf-f1c90352223f/datanode-0/data/ratis/70ced740-eb59-47c2-a998-f2d605cbed3f has been successfully formatted.
2019-07-13 22:40:32,391 INFO  storage.RaftStorage (RaftStorage.java:format(72)) - Storage directory /tmp/workdir/hadoop-ozone/integration-test/target/test-dir/MiniOzoneClusterImpl-52c542e0-5521-4a29-a3cf-f1c90352223f/datanode-4/data/ratis/70ced740-eb59-47c2-a998-f2d605cbed3f has been successfully formatted.
2019-07-13 22:40:32,391 INFO  storage.RaftStorage (RaftStorage.java:format(72)) - Storage directory /tmp/workdir/hadoop-ozone/integration-test/target/test-dir/MiniOzoneClusterImpl-52c542e0-5521-4a29-a3cf-f1c90352223f/datanode-3/data/ratis/70ced740-eb59-47c2-a998-f2d605cbed3f has been successfully formatted.
2019-07-13 22:40:32,391 INFO  ratis.ContainerStateMachine (ContainerStateMachine.java:loadSnapshot(200)) - The snapshot info is null.Setting the last applied index to:(t:0, i:~)
2019-07-13 22:40:32,392 INFO  ratis.ContainerStateMachine (ContainerStateMachine.java:loadSnapshot(200)) - The snapshot info is null.Setting the last applied index to:(t:0, i:~)
2019-07-13 22:40:32,391 INFO  ratis.ContainerStateMachine (ContainerStateMachine.java:loadSnapshot(200)) - The snapshot info is null.Setting the last applied index to:(t:0, i:~)
2019-07-13 22:40:32,392 INFO  server.RaftServerConfigKeys (ConfUtils.java:logGet(43)) - raft.server.leader.election.timeout = 120s (custom)
2019-07-13 22:40:32,392 INFO  server.RaftServerConfigKeys (ConfUtils.java:logGet(43)) - raft.server.leader.election.timeout = 120s (custom)
2019-07-13 22:40:32,392 INFO  server.RaftServerConfigKeys (ConfUtils.java:logGet(43)) - raft.server.log.use.memory = false (default)
2019-07-13 22:40:32,392 INFO  server.RaftServerConfigKeys (ConfUtils.java:logGet(43)) - raft.server.leader.election.timeout = 120s (custom)
2019-07-13 22:40:32,393 INFO  server.RaftServerConfigKeys (ConfUtils.java:logGet(43)) - raft.server.log.purge.gap = 1000000000 (custom)
2019-07-13 22:40:32,392 INFO  server.RaftServerConfigKeys (ConfUtils.java:logGet(43)) - raft.server.log.use.memory = false (default)
2019-07-13 22:40:32,393 INFO  server.RaftServerConfigKeys (ConfUtils.java:logGet(43)) - raft.server.log.appender.buffer.byte-limit = 33554432 (custom)
2019-07-13 22:40:32,393 INFO  server.RaftServerConfigKeys (ConfUtils.java:logGet(43)) - raft.server.log.use.memory = false (default)
2019-07-13 22:40:32,393 INFO  server.RaftServerConfigKeys (ConfUtils.java:logGet(43)) - raft.server.log.segment.size.max = 1048576 (custom)
2019-07-13 22:40:32,393 INFO  server.RaftServerConfigKeys (ConfUtils.java:logGet(43)) - raft.server.log.purge.gap = 1000000000 (custom)
2019-07-13 22:40:32,394 INFO  server.RaftServerConfigKeys (ConfUtils.java:logGet(43)) - raft.server.log.segment.cache.num.max = 2 (custom)
2019-07-13 22:40:32,393 INFO  server.RaftServerConfigKeys (ConfUtils.java:logGet(43)) - raft.server.log.purge.gap = 1000000000 (custom)
2019-07-13 22:40:32,394 INFO  segmented.SegmentedRaftLogWorker (SegmentedRaftLogWorker.java:<init>(172)) - new 8525700b-6661-4c76-beaf-5d4719673f4c-SegmentedRaftLogWorker:Storage Directory /tmp/workdir/hadoop-ozone/integration-test/target/test-dir/MiniOzoneClusterImpl-52c542e0-5521-4a29-a3cf-f1c90352223f/datanode-3/data/ratis/70ced740-eb59-47c2-a998-f2d605cbed3f for RaftStorage:Storage Directory /tmp/workdir/hadoop-ozone/integration-test/target/test-dir/MiniOzoneClusterImpl-52c542e0-5521-4a29-a3cf-f1c90352223f/datanode-3/data/ratis/70ced740-eb59-47c2-a998-f2d605cbed3f
2019-07-13 22:40:32,394 INFO  server.RaftServerConfigKeys (ConfUtils.java:logGet(43)) - raft.server.log.appender.buffer.byte-limit = 33554432 (custom)
2019-07-13 22:40:32,394 INFO  server.RaftServerConfigKeys (ConfUtils.java:logGet(43)) - raft.server.log.queue.byte-limit = 2147483647 (custom)
2019-07-13 22:40:32,394 INFO  server.RaftServerConfigKeys (ConfUtils.java:logGet(43)) - raft.server.log.appender.buffer.byte-limit = 33554432 (custom)
2019-07-13 22:40:32,397 INFO  server.RaftServerConfigKeys (ConfUtils.java:logGet(43)) - raft.server.log.queue.element-limit = 1024 (custom)
2019-07-13 22:40:32,395 INFO  server.RaftServerConfigKeys (ConfUtils.java:logGet(43)) - raft.server.log.segment.size.max = 1048576 (custom)
2019-07-13 22:40:32,397 INFO  server.RaftServerConfigKeys (ConfUtils.java:logGet(43)) - raft.server.log.segment.size.max = 1048576 (custom)
2019-07-13 22:40:32,397 INFO  server.RaftServerConfigKeys (ConfUtils.java:logGet(43)) - raft.server.log.segment.size.max = 1048576 (custom)
2019-07-13 22:40:32,397 INFO  server.RaftServerConfigKeys (ConfUtils.java:logGet(43)) - raft.server.log.preallocated.size = 16384 (custom)
2019-07-13 22:40:32,397 INFO  server.RaftServerConfigKeys (ConfUtils.java:logGet(43)) - raft.server.log.segment.cache.num.max = 2 (custom)
2019-07-13 22:40:32,398 INFO  server.RaftServerConfigKeys (ConfUtils.java:logGet(43)) - raft.server.log.write.buffer.size = 33554432 (custom)
2019-07-13 22:40:32,398 INFO  server.RaftServerConfigKeys (ConfUtils.java:logGet(43)) - raft.server.log.segment.cache.num.max = 2 (custom)
2019-07-13 22:40:32,398 INFO  server.RaftServerConfigKeys (ConfUtils.java:logGet(43)) - raft.server.log.force.sync.num = 128 (default)
2019-07-13 22:40:32,398 INFO  segmented.SegmentedRaftLogWorker (SegmentedRaftLogWorker.java:<init>(172)) - new 0d1d30eb-195e-414c-af07-81f8ae20a2b8-SegmentedRaftLogWorker:Storage Directory /tmp/workdir/hadoop-ozone/integration-test/target/test-dir/MiniOzoneClusterImpl-52c542e0-5521-4a29-a3cf-f1c90352223f/datanode-4/data/ratis/70ced740-eb59-47c2-a998-f2d605cbed3f for RaftStorage:Storage Directory /tmp/workdir/hadoop-ozone/integration-test/target/test-dir/MiniOzoneClusterImpl-52c542e0-5521-4a29-a3cf-f1c90352223f/datanode-4/data/ratis/70ced740-eb59-47c2-a998-f2d605cbed3f
2019-07-13 22:40:32,399 INFO  server.RaftServerConfigKeys (ConfUtils.java:logGet(43)) - raft.server.log.statemachine.data.sync = true (default)
2019-07-13 22:40:32,398 INFO  segmented.SegmentedRaftLogWorker (SegmentedRaftLogWorker.java:<init>(172)) - new 02e1fac3-94b3-4f59-b623-3d918e0be822-SegmentedRaftLogWorker:Storage Directory /tmp/workdir/hadoop-ozone/integration-test/target/test-dir/MiniOzoneClusterImpl-52c542e0-5521-4a29-a3cf-f1c90352223f/datanode-0/data/ratis/70ced740-eb59-47c2-a998-f2d605cbed3f for RaftStorage:Storage Directory /tmp/workdir/hadoop-ozone/integration-test/target/test-dir/MiniOzoneClusterImpl-52c542e0-5521-4a29-a3cf-f1c90352223f/datanode-0/data/ratis/70ced740-eb59-47c2-a998-f2d605cbed3f
2019-07-13 22:40:32,399 INFO  server.RaftServerConfigKeys (ConfUtils.java:logGet(43)) - raft.server.log.statemachine.data.sync.timeout = 10s (default)
2019-07-13 22:40:32,399 INFO  server.RaftServerConfigKeys (ConfUtils.java:logGet(43)) - raft.server.log.queue.byte-limit = 2147483647 (custom)
2019-07-13 22:40:32,401 INFO  server.RaftServerConfigKeys (ConfUtils.java:logGet(43)) - raft.server.log.statemachine.data.sync.timeout.retry = -1 (default)
2019-07-13 22:40:32,401 INFO  server.RaftServerConfigKeys (ConfUtils.java:logGet(43)) - raft.server.log.queue.byte-limit = 2147483647 (custom)
2019-07-13 22:40:32,403 INFO  server.RaftServerConfigKeys (ConfUtils.java:logGet(43)) - raft.server.log.statemachine.data.caching.enabled = true (custom)
2019-07-13 22:40:32,403 INFO  server.RaftServerConfigKeys (ConfUtils.java:logGet(43)) - raft.server.log.queue.element-limit = 1024 (custom)
2019-07-13 22:40:32,403 INFO  server.RaftServerConfigKeys (ConfUtils.java:logGet(43)) - raft.server.log.queue.element-limit = 1024 (custom)
2019-07-13 22:40:32,404 INFO  segmented.SegmentedRaftLogWorker (SegmentedRaftLogWorker.java:lambda$new$0(132)) - 8525700b-6661-4c76-beaf-5d4719673f4c-SegmentedRaftLogWorker:Storage Directory /tmp/workdir/hadoop-ozone/integration-test/target/test-dir/MiniOzoneClusterImpl-52c542e0-5521-4a29-a3cf-f1c90352223f/datanode-3/data/ratis/70ced740-eb59-47c2-a998-f2d605cbed3f: flushIndex: setUnconditionally 0 -> -1
2019-07-13 22:40:32,404 INFO  server.RaftServerConfigKeys (ConfUtils.java:logGet(43)) - raft.server.log.segment.size.max = 1048576 (custom)
2019-07-13 22:40:32,404 INFO  server.RaftServerConfigKeys (ConfUtils.java:logGet(43)) - raft.server.log.segment.size.max = 1048576 (custom)
2019-07-13 22:40:32,404 INFO  server.RaftServerConfigKeys (ConfUtils.java:logGet(43)) - raft.server.snapshot.auto.trigger.enabled = true (custom)
2019-07-13 22:40:32,404 INFO  server.RaftServerConfigKeys (ConfUtils.java:logGet(43)) - raft.server.log.preallocated.size = 16384 (custom)
2019-07-13 22:40:32,404 INFO  server.RaftServerConfigKeys (ConfUtils.java:logGet(43)) - raft.server.snapshot.auto.trigger.threshold = 10000 (custom)
2019-07-13 22:40:32,404 INFO  server.RaftServerConfigKeys (ConfUtils.java:logGet(43)) - raft.server.log.preallocated.size = 16384 (custom)
2019-07-13 22:40:32,405 INFO  server.RaftServerConfigKeys (ConfUtils.java:logGet(43)) - raft.server.retrycache.expirytime = 600000ms (custom)
2019-07-13 22:40:32,405 INFO  server.RaftServerConfigKeys (ConfUtils.java:logGet(43)) - raft.server.log.write.buffer.size = 33554432 (custom)
2019-07-13 22:40:32,405 INFO  impl.RaftServerImpl (RaftServerImpl.java:start(180)) - 8525700b-6661-4c76-beaf-5d4719673f4c: start group-F2D605CBED3F
2019-07-13 22:40:32,405 INFO  server.RaftServerConfigKeys (ConfUtils.java:logGet(43)) - raft.server.log.write.buffer.size = 33554432 (custom)
2019-07-13 22:40:32,405 INFO  impl.RaftServerImpl (RaftServerImpl.java:setRole(171)) - 8525700b-6661-4c76-beaf-5d4719673f4c:group-F2D605CBED3F changes role from null to FOLLOWER at term 0 for startAsFollower
2019-07-13 22:40:32,405 INFO  server.RaftServerConfigKeys (ConfUtils.java:logGet(43)) - raft.server.log.force.sync.num = 128 (default)
2019-07-13 22:40:32,406 INFO  impl.RoleInfo (RoleInfo.java:updateAndGet(143)) - 8525700b-6661-4c76-beaf-5d4719673f4c: start FollowerState
2019-07-13 22:40:32,405 INFO  server.RaftServerConfigKeys (ConfUtils.java:logGet(43)) - raft.server.log.force.sync.num = 128 (default)
2019-07-13 22:40:32,406 INFO  server.RaftServerConfigKeys (ConfUtils.java:logGet(43)) - raft.server.log.statemachine.data.sync = true (default)
2019-07-13 22:40:32,406 INFO  server.RaftServerConfigKeys (ConfUtils.java:logGet(43)) - raft.server.log.statemachine.data.sync = true (default)
2019-07-13 22:40:32,406 INFO  util.JmxRegister (JmxRegister.java:tryRegister(44)) - Successfully registered JMX Bean with object name Ratis:service=RaftServer,group=group-F2D605CBED3F,id=8525700b-6661-4c76-beaf-5d4719673f4c
2019-07-13 22:40:32,406 INFO  server.RaftServerConfigKeys (ConfUtils.java:logGet(43)) - raft.server.log.statemachine.data.sync.timeout = 10s (default)
2019-07-13 22:40:32,407 INFO  server.RaftServerConfigKeys (ConfUtils.java:logGet(43)) - raft.server.log.statemachine.data.sync.timeout = 10s (default)
2019-07-13 22:40:32,407 INFO  server.RaftServerConfigKeys (ConfUtils.java:logGet(43)) - raft.server.log.statemachine.data.sync.timeout.retry = -1 (default)
2019-07-13 22:40:32,407 INFO  server.RaftServerConfigKeys (ConfUtils.java:logGet(43)) - raft.server.log.statemachine.data.sync.timeout.retry = -1 (default)
2019-07-13 22:40:32,407 INFO  server.RaftServerConfigKeys (ConfUtils.java:logGet(43)) - raft.server.log.statemachine.data.caching.enabled = true (custom)
2019-07-13 22:40:32,407 INFO  server.RaftServerConfigKeys (ConfUtils.java:logGet(43)) - raft.server.log.statemachine.data.caching.enabled = true (custom)
2019-07-13 22:40:32,408 INFO  segmented.SegmentedRaftLogWorker (SegmentedRaftLogWorker.java:lambda$new$0(132)) - 0d1d30eb-195e-414c-af07-81f8ae20a2b8-SegmentedRaftLogWorker:Storage Directory /tmp/workdir/hadoop-ozone/integration-test/target/test-dir/MiniOzoneClusterImpl-52c542e0-5521-4a29-a3cf-f1c90352223f/datanode-4/data/ratis/70ced740-eb59-47c2-a998-f2d605cbed3f: flushIndex: setUnconditionally 0 -> -1
2019-07-13 22:40:32,408 INFO  segmented.SegmentedRaftLogWorker (SegmentedRaftLogWorker.java:lambda$new$0(132)) - 02e1fac3-94b3-4f59-b623-3d918e0be822-SegmentedRaftLogWorker:Storage Directory /tmp/workdir/hadoop-ozone/integration-test/target/test-dir/MiniOzoneClusterImpl-52c542e0-5521-4a29-a3cf-f1c90352223f/datanode-0/data/ratis/70ced740-eb59-47c2-a998-f2d605cbed3f: flushIndex: setUnconditionally 0 -> -1
2019-07-13 22:40:32,410 INFO  server.RaftServerConfigKeys (ConfUtils.java:logGet(43)) - raft.server.snapshot.auto.trigger.enabled = true (custom)
2019-07-13 22:40:32,410 INFO  server.RaftServerConfigKeys (ConfUtils.java:logGet(43)) - raft.server.snapshot.auto.trigger.threshold = 10000 (custom)
2019-07-13 22:40:32,410 INFO  server.RaftServerConfigKeys (ConfUtils.java:logGet(43)) - raft.server.snapshot.auto.trigger.enabled = true (custom)
2019-07-13 22:40:32,410 INFO  server.RaftServerConfigKeys (ConfUtils.java:logGet(43)) - raft.server.retrycache.expirytime = 600000ms (custom)
2019-07-13 22:40:32,411 INFO  server.RaftServerConfigKeys (ConfUtils.java:logGet(43)) - raft.server.snapshot.auto.trigger.threshold = 10000 (custom)
2019-07-13 22:40:32,413 INFO  impl.RaftServerImpl (RaftServerImpl.java:start(180)) - 0d1d30eb-195e-414c-af07-81f8ae20a2b8: start group-F2D605CBED3F
2019-07-13 22:40:32,413 INFO  server.RaftServerConfigKeys (ConfUtils.java:logGet(43)) - raft.server.retrycache.expirytime = 600000ms (custom)
2019-07-13 22:40:32,413 INFO  impl.RaftServerImpl (RaftServerImpl.java:setRole(171)) - 0d1d30eb-195e-414c-af07-81f8ae20a2b8:group-F2D605CBED3F changes role from null to FOLLOWER at term 0 for startAsFollower
2019-07-13 22:40:32,413 INFO  impl.RaftServerImpl (RaftServerImpl.java:start(180)) - 02e1fac3-94b3-4f59-b623-3d918e0be822: start group-F2D605CBED3F
2019-07-13 22:40:32,415 INFO  impl.RaftServerImpl (RaftServerImpl.java:setRole(171)) - 02e1fac3-94b3-4f59-b623-3d918e0be822:group-F2D605CBED3F changes role from null to FOLLOWER at term 0 for startAsFollower
2019-07-13 22:40:32,413 INFO  impl.RoleInfo (RoleInfo.java:updateAndGet(143)) - 0d1d30eb-195e-414c-af07-81f8ae20a2b8: start FollowerState
2019-07-13 22:40:32,415 INFO  impl.RoleInfo (RoleInfo.java:updateAndGet(143)) - 02e1fac3-94b3-4f59-b623-3d918e0be822: start FollowerState
2019-07-13 22:40:32,423 INFO  util.JmxRegister (JmxRegister.java:tryRegister(44)) - Successfully registered JMX Bean with object name Ratis:service=RaftServer,group=group-F2D605CBED3F,id=02e1fac3-94b3-4f59-b623-3d918e0be822
2019-07-13 22:40:32,423 INFO  util.JmxRegister (JmxRegister.java:tryRegister(44)) - Successfully registered JMX Bean with object name Ratis:service=RaftServer,group=group-F2D605CBED3F,id=0d1d30eb-195e-414c-af07-81f8ae20a2b8
2019-07-13 22:40:32,444 INFO  pipeline.PipelineStateManager (PipelineStateManager.java:addPipeline(56)) - Created pipeline Pipeline[ Id: 70ced740-eb59-47c2-a998-f2d605cbed3f, Nodes: 02e1fac3-94b3-4f59-b623-3d918e0be822{ip: 192.168.5.159, host: trunk-nightly-x8m8d-1534914823, networkLocation: /default-rack, certSerialId: null}0d1d30eb-195e-414c-af07-81f8ae20a2b8{ip: 192.168.5.159, host: trunk-nightly-x8m8d-1534914823, networkLocation: /default-rack, certSerialId: null}8525700b-6661-4c76-beaf-5d4719673f4c{ip: 192.168.5.159, host: trunk-nightly-x8m8d-1534914823, networkLocation: /default-rack, certSerialId: null}, Type:RATIS, Factor:THREE, State:OPEN]
2019-07-13 22:40:32,474 INFO  impl.RaftServerProxy (RaftServerProxy.java:addNew(89)) - a6a69507-04ed-4d55-a6a0-333a810ad4c4: addNew group-EE3F19BAD2A9:[a6a69507-04ed-4d55-a6a0-333a810ad4c4:192.168.5.159:44636, 23ae228c-c6f3-42a7-9845-883a420cea49:192.168.5.159:33915, 32de894f-28c2-4ed1-9000-67612e2c59f2:192.168.5.159:37928] returns group-EE3F19BAD2A9:java.util.concurrent.CompletableFuture@7889d8fa[Not completed]
2019-07-13 22:40:32,477 INFO  impl.RaftServerProxy (RaftServerProxy.java:addNew(89)) - 23ae228c-c6f3-42a7-9845-883a420cea49: addNew group-EE3F19BAD2A9:[a6a69507-04ed-4d55-a6a0-333a810ad4c4:192.168.5.159:44636, 23ae228c-c6f3-42a7-9845-883a420cea49:192.168.5.159:33915, 32de894f-28c2-4ed1-9000-67612e2c59f2:192.168.5.159:37928] returns group-EE3F19BAD2A9:java.util.concurrent.CompletableFuture@734f4d47[Not completed]
2019-07-13 22:40:32,478 INFO  impl.RaftServerProxy (RaftServerProxy.java:addNew(89)) - 32de894f-28c2-4ed1-9000-67612e2c59f2: addNew group-EE3F19BAD2A9:[a6a69507-04ed-4d55-a6a0-333a810ad4c4:192.168.5.159:44636, 23ae228c-c6f3-42a7-9845-883a420cea49:192.168.5.159:33915, 32de894f-28c2-4ed1-9000-67612e2c59f2:192.168.5.159:37928] returns group-EE3F19BAD2A9:java.util.concurrent.CompletableFuture@3d8b598f[Not completed]
2019-07-13 22:40:32,479 INFO  impl.RaftServerImpl (RaftServerImpl.java:<init>(93)) - a6a69507-04ed-4d55-a6a0-333a810ad4c4: new RaftServerImpl for group-EE3F19BAD2A9:[a6a69507-04ed-4d55-a6a0-333a810ad4c4:192.168.5.159:44636, 23ae228c-c6f3-42a7-9845-883a420cea49:192.168.5.159:33915, 32de894f-28c2-4ed1-9000-67612e2c59f2:192.168.5.159:37928] with ContainerStateMachine:uninitialized
2019-07-13 22:40:32,479 INFO  server.RaftServerConfigKeys (ConfUtils.java:logGet(43)) - raft.server.rpc.timeout.min = 5s (custom)
2019-07-13 22:40:32,479 INFO  server.RaftServerConfigKeys (ConfUtils.java:logGet(43)) - raft.server.rpc.timeout.max = 5200ms (custom)
2019-07-13 22:40:32,480 INFO  server.RaftServerConfigKeys (ConfUtils.java:logGet(43)) - raft.server.rpcslowness.timeout = 120s (custom)
2019-07-13 22:40:32,480 INFO  server.RaftServerConfigKeys (ConfUtils.java:logGet(43)) - raft.server.sleep.deviation.threshold = 300 (default)
2019-07-13 22:40:32,480 INFO  server.RaftServerConfigKeys (ConfUtils.java:logGet(43)) - raft.server.log.appender.install.snapshot.enabled = false (custom)
2019-07-13 22:40:32,480 INFO  impl.RaftServerImpl (RaftServerImpl.java:<init>(93)) - 23ae228c-c6f3-42a7-9845-883a420cea49: new RaftServerImpl for group-EE3F19BAD2A9:[a6a69507-04ed-4d55-a6a0-333a810ad4c4:192.168.5.159:44636, 23ae228c-c6f3-42a7-9845-883a420cea49:192.168.5.159:33915, 32de894f-28c2-4ed1-9000-67612e2c59f2:192.168.5.159:37928] with ContainerStateMachine:uninitialized
2019-07-13 22:40:32,480 INFO  impl.RaftServerImpl (ServerState.java:<init>(105)) - a6a69507-04ed-4d55-a6a0-333a810ad4c4:group-EE3F19BAD2A9 ConfigurationManager, init=-1: [a6a69507-04ed-4d55-a6a0-333a810ad4c4:192.168.5.159:44636, 23ae228c-c6f3-42a7-9845-883a420cea49:192.168.5.159:33915, 32de894f-28c2-4ed1-9000-67612e2c59f2:192.168.5.159:37928], old=null, confs=<EMPTY_MAP>
2019-07-13 22:40:32,480 INFO  server.RaftServerConfigKeys (ConfUtils.java:logGet(43)) - raft.server.rpc.timeout.min = 5s (custom)
2019-07-13 22:40:32,480 INFO  server.RaftServerConfigKeys (ConfUtils.java:logGet(43)) - raft.server.storage.dir = [/tmp/workdir/hadoop-ozone/integration-test/target/test-dir/MiniOzoneClusterImpl-52c542e0-5521-4a29-a3cf-f1c90352223f/datanode-5/data/ratis] (custom)
2019-07-13 22:40:32,481 INFO  impl.RaftServerImpl (RaftServerImpl.java:<init>(93)) - 32de894f-28c2-4ed1-9000-67612e2c59f2: new RaftServerImpl for group-EE3F19BAD2A9:[a6a69507-04ed-4d55-a6a0-333a810ad4c4:192.168.5.159:44636, 23ae228c-c6f3-42a7-9845-883a420cea49:192.168.5.159:33915, 32de894f-28c2-4ed1-9000-67612e2c59f2:192.168.5.159:37928] with ContainerStateMachine:uninitialized
2019-07-13 22:40:32,481 INFO  server.RaftServerConfigKeys (ConfUtils.java:logGet(43)) - raft.server.rpc.timeout.max = 5200ms (custom)
2019-07-13 22:40:32,481 INFO  server.RaftServerConfigKeys (ConfUtils.java:logGet(43)) - raft.server.rpc.timeout.min = 5s (custom)
2019-07-13 22:40:32,481 INFO  server.RaftServerConfigKeys (ConfUtils.java:logGet(43)) - raft.server.rpcslowness.timeout = 120s (custom)
2019-07-13 22:40:32,481 INFO  storage.RaftStorageDirectory (RaftStorageDirectory.java:analyzeStorage(246)) - The storage directory /tmp/workdir/hadoop-ozone/integration-test/target/test-dir/MiniOzoneClusterImpl-52c542e0-5521-4a29-a3cf-f1c90352223f/datanode-5/data/ratis/ef32d297-1104-4e33-8bae-ee3f19bad2a9 does not exist. Creating ...
2019-07-13 22:40:32,481 INFO  server.RaftServerConfigKeys (ConfUtils.java:logGet(43)) - raft.server.sleep.deviation.threshold = 300 (default)
2019-07-13 22:40:32,481 INFO  server.RaftServerConfigKeys (ConfUtils.java:logGet(43)) - raft.server.rpc.timeout.max = 5200ms (custom)
2019-07-13 22:40:32,482 INFO  server.RaftServerConfigKeys (ConfUtils.java:logGet(43)) - raft.server.log.appender.install.snapshot.enabled = false (custom)
2019-07-13 22:40:32,482 INFO  server.RaftServerConfigKeys (ConfUtils.java:logGet(43)) - raft.server.rpcslowness.timeout = 120s (custom)
2019-07-13 22:40:32,482 INFO  server.RaftServerConfigKeys (ConfUtils.java:logGet(43)) - raft.server.sleep.deviation.threshold = 300 (default)
2019-07-13 22:40:32,482 INFO  impl.RaftServerImpl (ServerState.java:<init>(105)) - 23ae228c-c6f3-42a7-9845-883a420cea49:group-EE3F19BAD2A9 ConfigurationManager, init=-1: [a6a69507-04ed-4d55-a6a0-333a810ad4c4:192.168.5.159:44636, 23ae228c-c6f3-42a7-9845-883a420cea49:192.168.5.159:33915, 32de894f-28c2-4ed1-9000-67612e2c59f2:192.168.5.159:37928], old=null, confs=<EMPTY_MAP>
2019-07-13 22:40:32,482 INFO  server.RaftServerConfigKeys (ConfUtils.java:logGet(43)) - raft.server.log.appender.install.snapshot.enabled = false (custom)
2019-07-13 22:40:32,482 INFO  server.RaftServerConfigKeys (ConfUtils.java:logGet(43)) - raft.server.storage.dir = [/tmp/workdir/hadoop-ozone/integration-test/target/test-dir/MiniOzoneClusterImpl-52c542e0-5521-4a29-a3cf-f1c90352223f/datanode-2/data/ratis] (custom)
2019-07-13 22:40:32,482 INFO  impl.RaftServerImpl (ServerState.java:<init>(105)) - 32de894f-28c2-4ed1-9000-67612e2c59f2:group-EE3F19BAD2A9 ConfigurationManager, init=-1: [a6a69507-04ed-4d55-a6a0-333a810ad4c4:192.168.5.159:44636, 23ae228c-c6f3-42a7-9845-883a420cea49:192.168.5.159:33915, 32de894f-28c2-4ed1-9000-67612e2c59f2:192.168.5.159:37928], old=null, confs=<EMPTY_MAP>
2019-07-13 22:40:32,483 INFO  server.RaftServerConfigKeys (ConfUtils.java:logGet(43)) - raft.server.storage.dir = [/tmp/workdir/hadoop-ozone/integration-test/target/test-dir/MiniOzoneClusterImpl-52c542e0-5521-4a29-a3cf-f1c90352223f/datanode-1/data/ratis] (custom)
2019-07-13 22:40:32,483 INFO  storage.RaftStorageDirectory (RaftStorageDirectory.java:analyzeStorage(246)) - The storage directory /tmp/workdir/hadoop-ozone/integration-test/target/test-dir/MiniOzoneClusterImpl-52c542e0-5521-4a29-a3cf-f1c90352223f/datanode-2/data/ratis/ef32d297-1104-4e33-8bae-ee3f19bad2a9 does not exist. Creating ...
2019-07-13 22:40:32,483 INFO  storage.RaftStorageDirectory (RaftStorageDirectory.java:analyzeStorage(246)) - The storage directory /tmp/workdir/hadoop-ozone/integration-test/target/test-dir/MiniOzoneClusterImpl-52c542e0-5521-4a29-a3cf-f1c90352223f/datanode-1/data/ratis/ef32d297-1104-4e33-8bae-ee3f19bad2a9 does not exist. Creating ...
2019-07-13 22:40:32,495 INFO  storage.RaftStorageDirectory (RaftStorageDirectory.java:tryLock(328)) - Lock on /tmp/workdir/hadoop-ozone/integration-test/target/test-dir/MiniOzoneClusterImpl-52c542e0-5521-4a29-a3cf-f1c90352223f/datanode-1/data/ratis/ef32d297-1104-4e33-8bae-ee3f19bad2a9/in_use.lock acquired by nodename 26920@trunk-nightly-x8m8d-1534914823
2019-07-13 22:40:32,495 INFO  storage.RaftStorageDirectory (RaftStorageDirectory.java:tryLock(328)) - Lock on /tmp/workdir/hadoop-ozone/integration-test/target/test-dir/MiniOzoneClusterImpl-52c542e0-5521-4a29-a3cf-f1c90352223f/datanode-2/data/ratis/ef32d297-1104-4e33-8bae-ee3f19bad2a9/in_use.lock acquired by nodename 26920@trunk-nightly-x8m8d-1534914823
2019-07-13 22:40:32,495 INFO  storage.RaftStorageDirectory (RaftStorageDirectory.java:tryLock(328)) - Lock on /tmp/workdir/hadoop-ozone/integration-test/target/test-dir/MiniOzoneClusterImpl-52c542e0-5521-4a29-a3cf-f1c90352223f/datanode-5/data/ratis/ef32d297-1104-4e33-8bae-ee3f19bad2a9/in_use.lock acquired by nodename 26920@trunk-nightly-x8m8d-1534914823
2019-07-13 22:40:32,500 INFO  storage.RaftStorage (RaftStorage.java:format(72)) - Storage directory /tmp/workdir/hadoop-ozone/integration-test/target/test-dir/MiniOzoneClusterImpl-52c542e0-5521-4a29-a3cf-f1c90352223f/datanode-5/data/ratis/ef32d297-1104-4e33-8bae-ee3f19bad2a9 has been successfully formatted.
2019-07-13 22:40:32,500 INFO  storage.RaftStorage (RaftStorage.java:format(72)) - Storage directory /tmp/workdir/hadoop-ozone/integration-test/target/test-dir/MiniOzoneClusterImpl-52c542e0-5521-4a29-a3cf-f1c90352223f/datanode-2/data/ratis/ef32d297-1104-4e33-8bae-ee3f19bad2a9 has been successfully formatted.
2019-07-13 22:40:32,500 INFO  ratis.ContainerStateMachine (ContainerStateMachine.java:loadSnapshot(200)) - The snapshot info is null.Setting the last applied index to:(t:0, i:~)
2019-07-13 22:40:32,500 INFO  ratis.ContainerStateMachine (ContainerStateMachine.java:loadSnapshot(200)) - The snapshot info is null.Setting the last applied index to:(t:0, i:~)
2019-07-13 22:40:32,500 INFO  storage.RaftStorage (RaftStorage.java:format(72)) - Storage directory /tmp/workdir/hadoop-ozone/integration-test/target/test-dir/MiniOzoneClusterImpl-52c542e0-5521-4a29-a3cf-f1c90352223f/datanode-1/data/ratis/ef32d297-1104-4e33-8bae-ee3f19bad2a9 has been successfully formatted.
2019-07-13 22:40:32,501 INFO  server.RaftServerConfigKeys (ConfUtils.java:logGet(43)) - raft.server.leader.election.timeout = 120s (custom)
2019-07-13 22:40:32,500 INFO  server.RaftServerConfigKeys (ConfUtils.java:logGet(43)) - raft.server.leader.election.timeout = 120s (custom)
2019-07-13 22:40:32,501 INFO  server.RaftServerConfigKeys (ConfUtils.java:logGet(43)) - raft.server.log.use.memory = false (default)
2019-07-13 22:40:32,501 INFO  ratis.ContainerStateMachine (ContainerStateMachine.java:loadSnapshot(200)) - The snapshot info is null.Setting the last applied index to:(t:0, i:~)
2019-07-13 22:40:32,501 INFO  server.RaftServerConfigKeys (ConfUtils.java:logGet(43)) - raft.server.log.purge.gap = 1000000000 (custom)
2019-07-13 22:40:32,501 INFO  server.RaftServerConfigKeys (ConfUtils.java:logGet(43)) - raft.server.log.use.memory = false (default)
2019-07-13 22:40:32,501 INFO  server.RaftServerConfigKeys (ConfUtils.java:logGet(43)) - raft.server.log.appender.buffer.byte-limit = 33554432 (custom)
2019-07-13 22:40:32,501 INFO  server.RaftServerConfigKeys (ConfUtils.java:logGet(43)) - raft.server.leader.election.timeout = 120s (custom)
2019-07-13 22:40:32,502 INFO  server.RaftServerConfigKeys (ConfUtils.java:logGet(43)) - raft.server.log.segment.size.max = 1048576 (custom)
2019-07-13 22:40:32,502 INFO  server.RaftServerConfigKeys (ConfUtils.java:logGet(43)) - raft.server.log.purge.gap = 1000000000 (custom)
2019-07-13 22:40:32,502 INFO  server.RaftServerConfigKeys (ConfUtils.java:logGet(43)) - raft.server.log.segment.cache.num.max = 2 (custom)
2019-07-13 22:40:32,502 INFO  server.RaftServerConfigKeys (ConfUtils.java:logGet(43)) - raft.server.log.use.memory = false (default)
2019-07-13 22:40:32,502 INFO  segmented.SegmentedRaftLogWorker (SegmentedRaftLogWorker.java:<init>(172)) - new 23ae228c-c6f3-42a7-9845-883a420cea49-SegmentedRaftLogWorker:Storage Directory /tmp/workdir/hadoop-ozone/integration-test/target/test-dir/MiniOzoneClusterImpl-52c542e0-5521-4a29-a3cf-f1c90352223f/datanode-2/data/ratis/ef32d297-1104-4e33-8bae-ee3f19bad2a9 for RaftStorage:Storage Directory /tmp/workdir/hadoop-ozone/integration-test/target/test-dir/MiniOzoneClusterImpl-52c542e0-5521-4a29-a3cf-f1c90352223f/datanode-2/data/ratis/ef32d297-1104-4e33-8bae-ee3f19bad2a9
2019-07-13 22:40:32,502 INFO  server.RaftServerConfigKeys (ConfUtils.java:logGet(43)) - raft.server.log.appender.buffer.byte-limit = 33554432 (custom)
2019-07-13 22:40:32,503 INFO  server.RaftServerConfigKeys (ConfUtils.java:logGet(43)) - raft.server.log.queue.byte-limit = 2147483647 (custom)
2019-07-13 22:40:32,503 INFO  server.RaftServerConfigKeys (ConfUtils.java:logGet(43)) - raft.server.log.purge.gap = 1000000000 (custom)
2019-07-13 22:40:32,505 INFO  server.RaftServerConfigKeys (ConfUtils.java:logGet(43)) - raft.server.log.queue.element-limit = 1024 (custom)
2019-07-13 22:40:32,503 INFO  server.RaftServerConfigKeys (ConfUtils.java:logGet(43)) - raft.server.log.segment.size.max = 1048576 (custom)
2019-07-13 22:40:32,505 INFO  server.RaftServerConfigKeys (ConfUtils.java:logGet(43)) - raft.server.log.segment.size.max = 1048576 (custom)
2019-07-13 22:40:32,505 INFO  server.RaftServerConfigKeys (ConfUtils.java:logGet(43)) - raft.server.log.appender.buffer.byte-limit = 33554432 (custom)
2019-07-13 22:40:32,505 INFO  server.RaftServerConfigKeys (ConfUtils.java:logGet(43)) - raft.server.log.preallocated.size = 16384 (custom)
2019-07-13 22:40:32,505 INFO  server.RaftServerConfigKeys (ConfUtils.java:logGet(43)) - raft.server.log.segment.cache.num.max = 2 (custom)
2019-07-13 22:40:32,506 INFO  server.RaftServerConfigKeys (ConfUtils.java:logGet(43)) - raft.server.log.write.buffer.size = 33554432 (custom)
2019-07-13 22:40:32,505 INFO  server.RaftServerConfigKeys (ConfUtils.java:logGet(43)) - raft.server.log.segment.size.max = 1048576 (custom)
2019-07-13 22:40:32,506 INFO  server.RaftServerConfigKeys (ConfUtils.java:logGet(43)) - raft.server.log.force.sync.num = 128 (default)
2019-07-13 22:40:32,506 INFO  segmented.SegmentedRaftLogWorker (SegmentedRaftLogWorker.java:<init>(172)) - new a6a69507-04ed-4d55-a6a0-333a810ad4c4-SegmentedRaftLogWorker:Storage Directory /tmp/workdir/hadoop-ozone/integration-test/target/test-dir/MiniOzoneClusterImpl-52c542e0-5521-4a29-a3cf-f1c90352223f/datanode-5/data/ratis/ef32d297-1104-4e33-8bae-ee3f19bad2a9 for RaftStorage:Storage Directory /tmp/workdir/hadoop-ozone/integration-test/target/test-dir/MiniOzoneClusterImpl-52c542e0-5521-4a29-a3cf-f1c90352223f/datanode-5/data/ratis/ef32d297-1104-4e33-8bae-ee3f19bad2a9
2019-07-13 22:40:32,506 INFO  server.RaftServerConfigKeys (ConfUtils.java:logGet(43)) - raft.server.log.statemachine.data.sync = true (default)
2019-07-13 22:40:32,506 INFO  server.RaftServerConfigKeys (ConfUtils.java:logGet(43)) - raft.server.log.segment.cache.num.max = 2 (custom)
2019-07-13 22:40:32,508 INFO  server.RaftServerConfigKeys (ConfUtils.java:logGet(43)) - raft.server.log.statemachine.data.sync.timeout = 10s (default)
2019-07-13 22:40:32,506 INFO  server.RaftServerConfigKeys (ConfUtils.java:logGet(43)) - raft.server.log.queue.byte-limit = 2147483647 (custom)
2019-07-13 22:40:32,508 INFO  server.RaftServerConfigKeys (ConfUtils.java:logGet(43)) - raft.server.log.statemachine.data.sync.timeout.retry = -1 (default)
2019-07-13 22:40:32,508 INFO  segmented.SegmentedRaftLogWorker (SegmentedRaftLogWorker.java:<init>(172)) - new 32de894f-28c2-4ed1-9000-67612e2c59f2-SegmentedRaftLogWorker:Storage Directory /tmp/workdir/hadoop-ozone/integration-test/target/test-dir/MiniOzoneClusterImpl-52c542e0-5521-4a29-a3cf-f1c90352223f/datanode-1/data/ratis/ef32d297-1104-4e33-8bae-ee3f19bad2a9 for RaftStorage:Storage Directory /tmp/workdir/hadoop-ozone/integration-test/target/test-dir/MiniOzoneClusterImpl-52c542e0-5521-4a29-a3cf-f1c90352223f/datanode-1/data/ratis/ef32d297-1104-4e33-8bae-ee3f19bad2a9
2019-07-13 22:40:32,509 INFO  server.RaftServerConfigKeys (ConfUtils.java:logGet(43)) - raft.server.log.statemachine.data.caching.enabled = true (custom)
2019-07-13 22:40:32,508 INFO  server.RaftServerConfigKeys (ConfUtils.java:logGet(43)) - raft.server.log.queue.element-limit = 1024 (custom)
2019-07-13 22:40:32,510 INFO  segmented.SegmentedRaftLogWorker (SegmentedRaftLogWorker.java:lambda$new$0(132)) - 23ae228c-c6f3-42a7-9845-883a420cea49-SegmentedRaftLogWorker:Storage Directory /tmp/workdir/hadoop-ozone/integration-test/target/test-dir/MiniOzoneClusterImpl-52c542e0-5521-4a29-a3cf-f1c90352223f/datanode-2/data/ratis/ef32d297-1104-4e33-8bae-ee3f19bad2a9: flushIndex: setUnconditionally 0 -> -1
2019-07-13 22:40:32,509 INFO  server.RaftServerConfigKeys (ConfUtils.java:logGet(43)) - raft.server.log.queue.byte-limit = 2147483647 (custom)
2019-07-13 22:40:32,511 INFO  server.RaftServerConfigKeys (ConfUtils.java:logGet(43)) - raft.server.log.segment.size.max = 1048576 (custom)
2019-07-13 22:40:32,511 INFO  server.RaftServerConfigKeys (ConfUtils.java:logGet(43)) - raft.server.log.queue.element-limit = 1024 (custom)
2019-07-13 22:40:32,511 INFO  server.RaftServerConfigKeys (ConfUtils.java:logGet(43)) - raft.server.snapshot.auto.trigger.enabled = true (custom)
2019-07-13 22:40:32,511 INFO  server.RaftServerConfigKeys (ConfUtils.java:logGet(43)) - raft.server.log.segment.size.max = 1048576 (custom)
2019-07-13 22:40:32,511 INFO  server.RaftServerConfigKeys (ConfUtils.java:logGet(43)) - raft.server.log.preallocated.size = 16384 (custom)
2019-07-13 22:40:32,511 INFO  server.RaftServerConfigKeys (ConfUtils.java:logGet(43)) - raft.server.log.preallocated.size = 16384 (custom)
2019-07-13 22:40:32,512 INFO  server.RaftServerConfigKeys (ConfUtils.java:logGet(43)) - raft.server.log.write.buffer.size = 33554432 (custom)
2019-07-13 22:40:32,511 INFO  server.RaftServerConfigKeys (ConfUtils.java:logGet(43)) - raft.server.snapshot.auto.trigger.threshold = 10000 (custom)
2019-07-13 22:40:32,512 INFO  server.RaftServerConfigKeys (ConfUtils.java:logGet(43)) - raft.server.log.force.sync.num = 128 (default)
2019-07-13 22:40:32,512 INFO  server.RaftServerConfigKeys (ConfUtils.java:logGet(43)) - raft.server.retrycache.expirytime = 600000ms (custom)
2019-07-13 22:40:32,512 INFO  server.RaftServerConfigKeys (ConfUtils.java:logGet(43)) - raft.server.log.write.buffer.size = 33554432 (custom)
2019-07-13 22:40:32,512 INFO  impl.RaftServerImpl (RaftServerImpl.java:start(180)) - 23ae228c-c6f3-42a7-9845-883a420cea49: start group-EE3F19BAD2A9
2019-07-13 22:40:32,513 INFO  impl.RaftServerImpl (RaftServerImpl.java:setRole(171)) - 23ae228c-c6f3-42a7-9845-883a420cea49:group-EE3F19BAD2A9 changes role from null to FOLLOWER at term 0 for startAsFollower
2019-07-13 22:40:32,512 INFO  server.RaftServerConfigKeys (ConfUtils.java:logGet(43)) - raft.server.log.statemachine.data.sync = true (default)
2019-07-13 22:40:32,513 INFO  impl.RoleInfo (RoleInfo.java:updateAndGet(143)) - 23ae228c-c6f3-42a7-9845-883a420cea49: start FollowerState
2019-07-13 22:40:32,513 INFO  server.RaftServerConfigKeys (ConfUtils.java:logGet(43)) - raft.server.log.force.sync.num = 128 (default)
2019-07-13 22:40:32,513 INFO  server.RaftServerConfigKeys (ConfUtils.java:logGet(43)) - raft.server.log.statemachine.data.sync.timeout = 10s (default)
2019-07-13 22:40:32,513 INFO  util.JmxRegister (JmxRegister.java:tryRegister(44)) - Successfully registered JMX Bean with object name Ratis:service=RaftServer,group=group-EE3F19BAD2A9,id=23ae228c-c6f3-42a7-9845-883a420cea49
2019-07-13 22:40:32,513 INFO  server.RaftServerConfigKeys (ConfUtils.java:logGet(43)) - raft.server.log.statemachine.data.sync = true (default)
2019-07-13 22:40:32,513 INFO  server.RaftServerConfigKeys (ConfUtils.java:logGet(43)) - raft.server.log.statemachine.data.sync.timeout.retry = -1 (default)
2019-07-13 22:40:32,514 INFO  server.RaftServerConfigKeys (ConfUtils.java:logGet(43)) - raft.server.log.statemachine.data.sync.timeout = 10s (default)
2019-07-13 22:40:32,514 INFO  server.RaftServerConfigKeys (ConfUtils.java:logGet(43)) - raft.server.log.statemachine.data.caching.enabled = true (custom)
2019-07-13 22:40:32,514 INFO  server.RaftServerConfigKeys (ConfUtils.java:logGet(43)) - raft.server.log.statemachine.data.sync.timeout.retry = -1 (default)
2019-07-13 22:40:32,514 INFO  segmented.SegmentedRaftLogWorker (SegmentedRaftLogWorker.java:lambda$new$0(132)) - 32de894f-28c2-4ed1-9000-67612e2c59f2-SegmentedRaftLogWorker:Storage Directory /tmp/workdir/hadoop-ozone/integration-test/target/test-dir/MiniOzoneClusterImpl-52c542e0-5521-4a29-a3cf-f1c90352223f/datanode-1/data/ratis/ef32d297-1104-4e33-8bae-ee3f19bad2a9: flushIndex: setUnconditionally 0 -> -1
2019-07-13 22:40:32,514 INFO  server.RaftServerConfigKeys (ConfUtils.java:logGet(43)) - raft.server.log.statemachine.data.caching.enabled = true (custom)
2019-07-13 22:40:32,515 INFO  server.RaftServerConfigKeys (ConfUtils.java:logGet(43)) - raft.server.snapshot.auto.trigger.enabled = true (custom)
2019-07-13 22:40:32,515 INFO  server.RaftServerConfigKeys (ConfUtils.java:logGet(43)) - raft.server.snapshot.auto.trigger.threshold = 10000 (custom)
2019-07-13 22:40:32,515 INFO  segmented.SegmentedRaftLogWorker (SegmentedRaftLogWorker.java:lambda$new$0(132)) - a6a69507-04ed-4d55-a6a0-333a810ad4c4-SegmentedRaftLogWorker:Storage Directory /tmp/workdir/hadoop-ozone/integration-test/target/test-dir/MiniOzoneClusterImpl-52c542e0-5521-4a29-a3cf-f1c90352223f/datanode-5/data/ratis/ef32d297-1104-4e33-8bae-ee3f19bad2a9: flushIndex: setUnconditionally 0 -> -1
2019-07-13 22:40:32,515 INFO  server.RaftServerConfigKeys (ConfUtils.java:logGet(43)) - raft.server.retrycache.expirytime = 600000ms (custom)
2019-07-13 22:40:32,515 INFO  server.RaftServerConfigKeys (ConfUtils.java:logGet(43)) - raft.server.snapshot.auto.trigger.enabled = true (custom)
2019-07-13 22:40:32,515 INFO  impl.RaftServerImpl (RaftServerImpl.java:start(180)) - 32de894f-28c2-4ed1-9000-67612e2c59f2: start group-EE3F19BAD2A9
2019-07-13 22:40:32,516 INFO  server.RaftServerConfigKeys (ConfUtils.java:logGet(43)) - raft.server.snapshot.auto.trigger.threshold = 10000 (custom)
2019-07-13 22:40:32,516 INFO  impl.RaftServerImpl (RaftServerImpl.java:setRole(171)) - 32de894f-28c2-4ed1-9000-67612e2c59f2:group-EE3F19BAD2A9 changes role from null to FOLLOWER at term 0 for startAsFollower
2019-07-13 22:40:32,516 INFO  server.RaftServerConfigKeys (ConfUtils.java:logGet(43)) - raft.server.retrycache.expirytime = 600000ms (custom)
2019-07-13 22:40:32,516 INFO  impl.RoleInfo (RoleInfo.java:updateAndGet(143)) - 32de894f-28c2-4ed1-9000-67612e2c59f2: start FollowerState
2019-07-13 22:40:32,516 INFO  impl.RaftServerImpl (RaftServerImpl.java:start(180)) - a6a69507-04ed-4d55-a6a0-333a810ad4c4: start group-EE3F19BAD2A9
2019-07-13 22:40:32,518 INFO  impl.RaftServerImpl (RaftServerImpl.java:setRole(171)) - a6a69507-04ed-4d55-a6a0-333a810ad4c4:group-EE3F19BAD2A9 changes role from null to FOLLOWER at term 0 for startAsFollower
2019-07-13 22:40:32,518 INFO  util.JmxRegister (JmxRegister.java:tryRegister(44)) - Successfully registered JMX Bean with object name Ratis:service=RaftServer,group=group-EE3F19BAD2A9,id=32de894f-28c2-4ed1-9000-67612e2c59f2
2019-07-13 22:40:32,518 INFO  impl.RoleInfo (RoleInfo.java:updateAndGet(143)) - a6a69507-04ed-4d55-a6a0-333a810ad4c4: start FollowerState
2019-07-13 22:40:32,520 INFO  util.JmxRegister (JmxRegister.java:tryRegister(44)) - Successfully registered JMX Bean with object name Ratis:service=RaftServer,group=group-EE3F19BAD2A9,id=a6a69507-04ed-4d55-a6a0-333a810ad4c4
2019-07-13 22:40:32,536 INFO  pipeline.PipelineStateManager (PipelineStateManager.java:addPipeline(56)) - Created pipeline Pipeline[ Id: ef32d297-1104-4e33-8bae-ee3f19bad2a9, Nodes: 23ae228c-c6f3-42a7-9845-883a420cea49{ip: 192.168.5.159, host: trunk-nightly-x8m8d-1534914823, networkLocation: /default-rack, certSerialId: null}32de894f-28c2-4ed1-9000-67612e2c59f2{ip: 192.168.5.159, host: trunk-nightly-x8m8d-1534914823, networkLocation: /default-rack, certSerialId: null}a6a69507-04ed-4d55-a6a0-333a810ad4c4{ip: 192.168.5.159, host: trunk-nightly-x8m8d-1534914823, networkLocation: /default-rack, certSerialId: null}, Type:RATIS, Factor:THREE, State:OPEN]
2019-07-13 22:40:32,726 INFO  ozone.MiniOzoneClusterImpl (MiniOzoneClusterImpl.java:lambda$waitForClusterToBeReady$0(142)) - Cluster is ready. Got 6 of 6 DN Heartbeats.
2019-07-13 22:40:33,048 INFO  rpc.RpcClient (RpcClient.java:createVolume(287)) - Creating Volume: datanodefailurehandlingtest, with jenkins1000 as owner.
2019-07-13 22:40:33,090 INFO  rpc.RpcClient (RpcClient.java:createBucket(424)) - Creating Bucket: datanodefailurehandlingtest/datanodefailurehandlingtest, with Versioning false and Storage Type set to DISK and Encryption set to false 
2019-07-13 22:40:33,424 INFO  client.GrpcClientProtocolClient (GrpcClientProtocolClient.java:onNext(255)) - client-42417D17E9D2->23ae228c-c6f3-42a7-9845-883a420cea49: receive RaftClientReply:client-42417D17E9D2->23ae228c-c6f3-42a7-9845-883a420cea49@group-EE3F19BAD2A9, cid=12, FAILED org.apache.ratis.protocol.NotLeaderException: Server 23ae228c-c6f3-42a7-9845-883a420cea49 is not the leader (null). Request must be sent to leader., logIndex=0, commits[23ae228c-c6f3-42a7-9845-883a420cea49:c-1]
2019-07-13 22:40:33,821 INFO  container.ReplicationManager (ReplicationManager.java:start(155)) - Starting Replication Monitor Thread.
2019-07-13 22:40:33,825 INFO  container.ReplicationManager (ReplicationManager.java:run(207)) - Replication Monitor Thread took 4 milliseconds for processing 1 containers.
2019-07-13 22:40:34,488 INFO  client.GrpcClientProtocolClient (GrpcClientProtocolClient.java:onNext(255)) - client-42417D17E9D2->a6a69507-04ed-4d55-a6a0-333a810ad4c4: receive RaftClientReply:client-42417D17E9D2->a6a69507-04ed-4d55-a6a0-333a810ad4c4@group-EE3F19BAD2A9, cid=12, FAILED org.apache.ratis.protocol.NotLeaderException: Server a6a69507-04ed-4d55-a6a0-333a810ad4c4 is not the leader (null). Request must be sent to leader., logIndex=0, commits[a6a69507-04ed-4d55-a6a0-333a810ad4c4:c-1]
2019-07-13 22:40:35,527 INFO  client.GrpcClientProtocolClient (GrpcClientProtocolClient.java:onNext(255)) - client-42417D17E9D2->32de894f-28c2-4ed1-9000-67612e2c59f2: receive RaftClientReply:client-42417D17E9D2->32de894f-28c2-4ed1-9000-67612e2c59f2@group-EE3F19BAD2A9, cid=12, FAILED org.apache.ratis.protocol.NotLeaderException: Server 32de894f-28c2-4ed1-9000-67612e2c59f2 is not the leader (null). Request must be sent to leader., logIndex=0, commits[32de894f-28c2-4ed1-9000-67612e2c59f2:c-1]
2019-07-13 22:40:36,566 INFO  client.GrpcClientProtocolClient (GrpcClientProtocolClient.java:onNext(255)) - client-42417D17E9D2->23ae228c-c6f3-42a7-9845-883a420cea49: receive RaftClientReply:client-42417D17E9D2->23ae228c-c6f3-42a7-9845-883a420cea49@group-EE3F19BAD2A9, cid=12, FAILED org.apache.ratis.protocol.NotLeaderException: Server 23ae228c-c6f3-42a7-9845-883a420cea49 is not the leader (null). Request must be sent to leader., logIndex=0, commits[23ae228c-c6f3-42a7-9845-883a420cea49:c-1]
2019-07-13 22:40:37,027 INFO  impl.FollowerState (FollowerState.java:run(106)) - 02e1fac3-94b3-4f59-b623-3d918e0be822:group-67E3F4772564 changes to CANDIDATE, lastRpcTime:5157, electionTimeout:5156ms
2019-07-13 22:40:37,027 INFO  impl.RoleInfo (RoleInfo.java:shutdownFollowerState(121)) - 02e1fac3-94b3-4f59-b623-3d918e0be822: shutdown FollowerState
2019-07-13 22:40:37,027 INFO  impl.RaftServerImpl (RaftServerImpl.java:setRole(171)) - 02e1fac3-94b3-4f59-b623-3d918e0be822:group-67E3F4772564 changes role from FOLLOWER to CANDIDATE at term 0 for changeToCandidate
2019-07-13 22:40:37,031 INFO  impl.RoleInfo (RoleInfo.java:updateAndGet(143)) - 02e1fac3-94b3-4f59-b623-3d918e0be822: start LeaderElection
2019-07-13 22:40:37,086 INFO  impl.LeaderElection (LeaderElection.java:askForVotes(181)) - 02e1fac3-94b3-4f59-b623-3d918e0be822:group-67E3F4772564:LeaderElection1: begin an election at term 1 for -1: [02e1fac3-94b3-4f59-b623-3d918e0be822:192.168.5.159:46379], old=null
2019-07-13 22:40:37,088 INFO  impl.RoleInfo (RoleInfo.java:shutdownLeaderElection(134)) - 02e1fac3-94b3-4f59-b623-3d918e0be822: shutdown LeaderElection
2019-07-13 22:40:37,089 INFO  impl.RaftServerImpl (RaftServerImpl.java:setRole(171)) - 02e1fac3-94b3-4f59-b623-3d918e0be822:group-67E3F4772564 changes role from CANDIDATE to LEADER at term 1 for changeToLeader
2019-07-13 22:40:37,090 INFO  impl.RaftServerImpl (ServerState.java:setLeader(263)) - 02e1fac3-94b3-4f59-b623-3d918e0be822:group-67E3F4772564 change Leader from null to 02e1fac3-94b3-4f59-b623-3d918e0be822 at term 1 for becomeLeader, leader elected after 5290ms
2019-07-13 22:40:37,098 INFO  server.RaftServerConfigKeys (ConfUtils.java:logGet(43)) - raft.server.staging.catchup.gap = 1000 (default)
2019-07-13 22:40:37,098 INFO  server.RaftServerConfigKeys (ConfUtils.java:logGet(43)) - raft.server.rpc.sleep.time = 25ms (default)
2019-07-13 22:40:37,103 INFO  server.RaftServerConfigKeys (ConfUtils.java:logGet(43)) - raft.server.write.element-limit = 4096 (default)
2019-07-13 22:40:37,107 INFO  server.RaftServerConfigKeys (ConfUtils.java:logGet(43)) - raft.server.watch.timeout = 10s (default)
2019-07-13 22:40:37,107 INFO  server.RaftServerConfigKeys (ConfUtils.java:logGet(43)) - raft.server.watch.timeout.denomination = 1s (default)
2019-07-13 22:40:37,108 INFO  server.RaftServerConfigKeys (ConfUtils.java:logGet(43)) - raft.server.watch.element-limit = 65536 (default)
2019-07-13 22:40:37,121 INFO  impl.RoleInfo (RoleInfo.java:updateAndGet(143)) - 02e1fac3-94b3-4f59-b623-3d918e0be822: start LeaderState
2019-07-13 22:40:37,147 INFO  impl.FollowerState (FollowerState.java:run(106)) - 0d1d30eb-195e-414c-af07-81f8ae20a2b8:group-F10FD178337C changes to CANDIDATE, lastRpcTime:5085, electionTimeout:5082ms
2019-07-13 22:40:37,149 INFO  impl.RoleInfo (RoleInfo.java:shutdownFollowerState(121)) - 0d1d30eb-195e-414c-af07-81f8ae20a2b8: shutdown FollowerState
2019-07-13 22:40:37,149 INFO  impl.RaftServerImpl (RaftServerImpl.java:setRole(171)) - 0d1d30eb-195e-414c-af07-81f8ae20a2b8:group-F10FD178337C changes role from FOLLOWER to CANDIDATE at term 0 for changeToCandidate
2019-07-13 22:40:37,150 INFO  impl.RoleInfo (RoleInfo.java:updateAndGet(143)) - 0d1d30eb-195e-414c-af07-81f8ae20a2b8: start LeaderElection
2019-07-13 22:40:37,157 INFO  segmented.SegmentedRaftLogWorker (SegmentedRaftLogWorker.java:startLogSegment(380)) - 02e1fac3-94b3-4f59-b623-3d918e0be822-SegmentedRaftLogWorker:Storage Directory /tmp/workdir/hadoop-ozone/integration-test/target/test-dir/MiniOzoneClusterImpl-52c542e0-5521-4a29-a3cf-f1c90352223f/datanode-0/data/ratis/74201388-d2c4-4f22-908b-67e3f4772564: Starting segment from index:0
2019-07-13 22:40:37,170 INFO  impl.RaftServerImpl (ServerState.java:setRaftConf(361)) - 02e1fac3-94b3-4f59-b623-3d918e0be822:group-67E3F4772564 set configuration 0: [02e1fac3-94b3-4f59-b623-3d918e0be822:192.168.5.159:46379], old=null at 0
2019-07-13 22:40:37,197 INFO  impl.LeaderElection (LeaderElection.java:askForVotes(181)) - 0d1d30eb-195e-414c-af07-81f8ae20a2b8:group-F10FD178337C:LeaderElection2: begin an election at term 1 for -1: [0d1d30eb-195e-414c-af07-81f8ae20a2b8:192.168.5.159:40683], old=null
2019-07-13 22:40:37,199 INFO  impl.RoleInfo (RoleInfo.java:shutdownLeaderElection(134)) - 0d1d30eb-195e-414c-af07-81f8ae20a2b8: shutdown LeaderElection
2019-07-13 22:40:37,199 INFO  impl.RaftServerImpl (RaftServerImpl.java:setRole(171)) - 0d1d30eb-195e-414c-af07-81f8ae20a2b8:group-F10FD178337C changes role from CANDIDATE to LEADER at term 1 for changeToLeader
2019-07-13 22:40:37,199 INFO  impl.RaftServerImpl (ServerState.java:setLeader(263)) - 0d1d30eb-195e-414c-af07-81f8ae20a2b8:group-F10FD178337C change Leader from null to 0d1d30eb-195e-414c-af07-81f8ae20a2b8 at term 1 for becomeLeader, leader elected after 5144ms
2019-07-13 22:40:37,199 INFO  server.RaftServerConfigKeys (ConfUtils.java:logGet(43)) - raft.server.staging.catchup.gap = 1000 (default)
2019-07-13 22:40:37,200 INFO  server.RaftServerConfigKeys (ConfUtils.java:logGet(43)) - raft.server.rpc.sleep.time = 25ms (default)
2019-07-13 22:40:37,200 INFO  server.RaftServerConfigKeys (ConfUtils.java:logGet(43)) - raft.server.write.element-limit = 4096 (default)
2019-07-13 22:40:37,200 INFO  server.RaftServerConfigKeys (ConfUtils.java:logGet(43)) - raft.server.watch.timeout = 10s (default)
2019-07-13 22:40:37,200 INFO  server.RaftServerConfigKeys (ConfUtils.java:logGet(43)) - raft.server.watch.timeout.denomination = 1s (default)
2019-07-13 22:40:37,200 INFO  server.RaftServerConfigKeys (ConfUtils.java:logGet(43)) - raft.server.watch.element-limit = 65536 (default)
2019-07-13 22:40:37,201 INFO  impl.RoleInfo (RoleInfo.java:updateAndGet(143)) - 0d1d30eb-195e-414c-af07-81f8ae20a2b8: start LeaderState
2019-07-13 22:40:37,201 INFO  segmented.SegmentedRaftLogWorker (SegmentedRaftLogWorker.java:startLogSegment(380)) - 0d1d30eb-195e-414c-af07-81f8ae20a2b8-SegmentedRaftLogWorker:Storage Directory /tmp/workdir/hadoop-ozone/integration-test/target/test-dir/MiniOzoneClusterImpl-52c542e0-5521-4a29-a3cf-f1c90352223f/datanode-4/data/ratis/e51dd37e-3029-4435-9239-f10fd178337c: Starting segment from index:0
2019-07-13 22:40:37,202 INFO  impl.RaftServerImpl (ServerState.java:setRaftConf(361)) - 0d1d30eb-195e-414c-af07-81f8ae20a2b8:group-F10FD178337C set configuration 0: [0d1d30eb-195e-414c-af07-81f8ae20a2b8:192.168.5.159:40683], old=null at 0
2019-07-13 22:40:37,249 INFO  impl.FollowerState (FollowerState.java:run(106)) - 23ae228c-c6f3-42a7-9845-883a420cea49:group-6005F1AECD09 changes to CANDIDATE, lastRpcTime:5058, electionTimeout:5058ms
2019-07-13 22:40:37,249 INFO  impl.RoleInfo (RoleInfo.java:shutdownFollowerState(121)) - 23ae228c-c6f3-42a7-9845-883a420cea49: shutdown FollowerState
2019-07-13 22:40:37,249 INFO  impl.RaftServerImpl (RaftServerImpl.java:setRole(171)) - 23ae228c-c6f3-42a7-9845-883a420cea49:group-6005F1AECD09 changes role from FOLLOWER to CANDIDATE at term 0 for changeToCandidate
2019-07-13 22:40:37,249 INFO  impl.RoleInfo (RoleInfo.java:updateAndGet(143)) - 23ae228c-c6f3-42a7-9845-883a420cea49: start LeaderElection
2019-07-13 22:40:37,268 INFO  impl.LeaderElection (LeaderElection.java:askForVotes(181)) - 23ae228c-c6f3-42a7-9845-883a420cea49:group-6005F1AECD09:LeaderElection3: begin an election at term 1 for -1: [23ae228c-c6f3-42a7-9845-883a420cea49:192.168.5.159:33915], old=null
2019-07-13 22:40:37,268 INFO  impl.RoleInfo (RoleInfo.java:shutdownLeaderElection(134)) - 23ae228c-c6f3-42a7-9845-883a420cea49: shutdown LeaderElection
2019-07-13 22:40:37,268 INFO  impl.RaftServerImpl (RaftServerImpl.java:setRole(171)) - 23ae228c-c6f3-42a7-9845-883a420cea49:group-6005F1AECD09 changes role from CANDIDATE to LEADER at term 1 for changeToLeader
2019-07-13 22:40:37,268 INFO  impl.RaftServerImpl (ServerState.java:setLeader(263)) - 23ae228c-c6f3-42a7-9845-883a420cea49:group-6005F1AECD09 change Leader from null to 23ae228c-c6f3-42a7-9845-883a420cea49 at term 1 for becomeLeader, leader elected after 5084ms
2019-07-13 22:40:37,269 INFO  server.RaftServerConfigKeys (ConfUtils.java:logGet(43)) - raft.server.staging.catchup.gap = 1000 (default)
2019-07-13 22:40:37,269 INFO  server.RaftServerConfigKeys (ConfUtils.java:logGet(43)) - raft.server.rpc.sleep.time = 25ms (default)
2019-07-13 22:40:37,269 INFO  server.RaftServerConfigKeys (ConfUtils.java:logGet(43)) - raft.server.write.element-limit = 4096 (default)
2019-07-13 22:40:37,269 INFO  server.RaftServerConfigKeys (ConfUtils.java:logGet(43)) - raft.server.watch.timeout = 10s (default)
2019-07-13 22:40:37,269 INFO  server.RaftServerConfigKeys (ConfUtils.java:logGet(43)) - raft.server.watch.timeout.denomination = 1s (default)
2019-07-13 22:40:37,270 INFO  server.RaftServerConfigKeys (ConfUtils.java:logGet(43)) - raft.server.watch.element-limit = 65536 (default)
2019-07-13 22:40:37,270 INFO  impl.RoleInfo (RoleInfo.java:updateAndGet(143)) - 23ae228c-c6f3-42a7-9845-883a420cea49: start LeaderState
2019-07-13 22:40:37,270 INFO  segmented.SegmentedRaftLogWorker (SegmentedRaftLogWorker.java:startLogSegment(380)) - 23ae228c-c6f3-42a7-9845-883a420cea49-SegmentedRaftLogWorker:Storage Directory /tmp/workdir/hadoop-ozone/integration-test/target/test-dir/MiniOzoneClusterImpl-52c542e0-5521-4a29-a3cf-f1c90352223f/datanode-2/data/ratis/59b8aced-4560-4d66-8a2d-6005f1aecd09: Starting segment from index:0
2019-07-13 22:40:37,271 INFO  impl.RaftServerImpl (ServerState.java:setRaftConf(361)) - 23ae228c-c6f3-42a7-9845-883a420cea49:group-6005F1AECD09 set configuration 0: [23ae228c-c6f3-42a7-9845-883a420cea49:192.168.5.159:33915], old=null at 0
2019-07-13 22:40:37,307 INFO  impl.FollowerState (FollowerState.java:run(106)) - 8525700b-6661-4c76-beaf-5d4719673f4c:group-4350A851697D changes to CANDIDATE, lastRpcTime:5185, electionTimeout:5185ms
2019-07-13 22:40:37,308 INFO  impl.RoleInfo (RoleInfo.java:shutdownFollowerState(121)) - 8525700b-6661-4c76-beaf-5d4719673f4c: shutdown FollowerState
2019-07-13 22:40:37,308 INFO  impl.RaftServerImpl (RaftServerImpl.java:setRole(171)) - 8525700b-6661-4c76-beaf-5d4719673f4c:group-4350A851697D changes role from FOLLOWER to CANDIDATE at term 0 for changeToCandidate
2019-07-13 22:40:37,308 INFO  impl.RoleInfo (RoleInfo.java:updateAndGet(143)) - 8525700b-6661-4c76-beaf-5d4719673f4c: start LeaderElection
2019-07-13 22:40:37,326 INFO  impl.LeaderElection (LeaderElection.java:askForVotes(181)) - 8525700b-6661-4c76-beaf-5d4719673f4c:group-4350A851697D:LeaderElection4: begin an election at term 1 for -1: [8525700b-6661-4c76-beaf-5d4719673f4c:192.168.5.159:45374], old=null
2019-07-13 22:40:37,327 INFO  impl.RoleInfo (RoleInfo.java:shutdownLeaderElection(134)) - 8525700b-6661-4c76-beaf-5d4719673f4c: shutdown LeaderElection
2019-07-13 22:40:37,327 INFO  impl.RaftServerImpl (RaftServerImpl.java:setRole(171)) - 8525700b-6661-4c76-beaf-5d4719673f4c:group-4350A851697D changes role from CANDIDATE to LEADER at term 1 for changeToLeader
2019-07-13 22:40:37,327 INFO  impl.RaftServerImpl (ServerState.java:setLeader(263)) - 8525700b-6661-4c76-beaf-5d4719673f4c:group-4350A851697D change Leader from null to 8525700b-6661-4c76-beaf-5d4719673f4c at term 1 for becomeLeader, leader elected after 5210ms
2019-07-13 22:40:37,327 INFO  server.RaftServerConfigKeys (ConfUtils.java:logGet(43)) - raft.server.staging.catchup.gap = 1000 (default)
2019-07-13 22:40:37,327 INFO  server.RaftServerConfigKeys (ConfUtils.java:logGet(43)) - raft.server.rpc.sleep.time = 25ms (default)
2019-07-13 22:40:37,328 INFO  server.RaftServerConfigKeys (ConfUtils.java:logGet(43)) - raft.server.write.element-limit = 4096 (default)
2019-07-13 22:40:37,328 INFO  server.RaftServerConfigKeys (ConfUtils.java:logGet(43)) - raft.server.watch.timeout = 10s (default)
2019-07-13 22:40:37,328 INFO  server.RaftServerConfigKeys (ConfUtils.java:logGet(43)) - raft.server.watch.timeout.denomination = 1s (default)
2019-07-13 22:40:37,328 INFO  server.RaftServerConfigKeys (ConfUtils.java:logGet(43)) - raft.server.watch.element-limit = 65536 (default)
2019-07-13 22:40:37,328 INFO  impl.RoleInfo (RoleInfo.java:updateAndGet(143)) - 8525700b-6661-4c76-beaf-5d4719673f4c: start LeaderState
2019-07-13 22:40:37,329 INFO  segmented.SegmentedRaftLogWorker (SegmentedRaftLogWorker.java:startLogSegment(380)) - 8525700b-6661-4c76-beaf-5d4719673f4c-SegmentedRaftLogWorker:Storage Directory /tmp/workdir/hadoop-ozone/integration-test/target/test-dir/MiniOzoneClusterImpl-52c542e0-5521-4a29-a3cf-f1c90352223f/datanode-3/data/ratis/1dce091e-190c-4626-ba8d-4350a851697d: Starting segment from index:0
2019-07-13 22:40:37,329 INFO  impl.RaftServerImpl (ServerState.java:setRaftConf(361)) - 8525700b-6661-4c76-beaf-5d4719673f4c:group-4350A851697D set configuration 0: [8525700b-6661-4c76-beaf-5d4719673f4c:192.168.5.159:45374], old=null at 0
2019-07-13 22:40:37,357 INFO  segmented.SegmentedRaftLogWorker (SegmentedRaftLogWorker.java:execute(569)) - 02e1fac3-94b3-4f59-b623-3d918e0be822-SegmentedRaftLogWorker:Storage Directory /tmp/workdir/hadoop-ozone/integration-test/target/test-dir/MiniOzoneClusterImpl-52c542e0-5521-4a29-a3cf-f1c90352223f/datanode-0/data/ratis/74201388-d2c4-4f22-908b-67e3f4772564: created new log segment /tmp/workdir/hadoop-ozone/integration-test/target/test-dir/MiniOzoneClusterImpl-52c542e0-5521-4a29-a3cf-f1c90352223f/datanode-0/data/ratis/74201388-d2c4-4f22-908b-67e3f4772564/current/log_inprogress_0
2019-07-13 22:40:37,357 INFO  segmented.SegmentedRaftLogWorker (SegmentedRaftLogWorker.java:execute(569)) - 23ae228c-c6f3-42a7-9845-883a420cea49-SegmentedRaftLogWorker:Storage Directory /tmp/workdir/hadoop-ozone/integration-test/target/test-dir/MiniOzoneClusterImpl-52c542e0-5521-4a29-a3cf-f1c90352223f/datanode-2/data/ratis/59b8aced-4560-4d66-8a2d-6005f1aecd09: created new log segment /tmp/workdir/hadoop-ozone/integration-test/target/test-dir/MiniOzoneClusterImpl-52c542e0-5521-4a29-a3cf-f1c90352223f/datanode-2/data/ratis/59b8aced-4560-4d66-8a2d-6005f1aecd09/current/log_inprogress_0
2019-07-13 22:40:37,357 INFO  segmented.SegmentedRaftLogWorker (SegmentedRaftLogWorker.java:execute(569)) - 0d1d30eb-195e-414c-af07-81f8ae20a2b8-SegmentedRaftLogWorker:Storage Directory /tmp/workdir/hadoop-ozone/integration-test/target/test-dir/MiniOzoneClusterImpl-52c542e0-5521-4a29-a3cf-f1c90352223f/datanode-4/data/ratis/e51dd37e-3029-4435-9239-f10fd178337c: created new log segment /tmp/workdir/hadoop-ozone/integration-test/target/test-dir/MiniOzoneClusterImpl-52c542e0-5521-4a29-a3cf-f1c90352223f/datanode-4/data/ratis/e51dd37e-3029-4435-9239-f10fd178337c/current/log_inprogress_0
2019-07-13 22:40:37,357 INFO  segmented.SegmentedRaftLogWorker (SegmentedRaftLogWorker.java:execute(569)) - 8525700b-6661-4c76-beaf-5d4719673f4c-SegmentedRaftLogWorker:Storage Directory /tmp/workdir/hadoop-ozone/integration-test/target/test-dir/MiniOzoneClusterImpl-52c542e0-5521-4a29-a3cf-f1c90352223f/datanode-3/data/ratis/1dce091e-190c-4626-ba8d-4350a851697d: created new log segment /tmp/workdir/hadoop-ozone/integration-test/target/test-dir/MiniOzoneClusterImpl-52c542e0-5521-4a29-a3cf-f1c90352223f/datanode-3/data/ratis/1dce091e-190c-4626-ba8d-4350a851697d/current/log_inprogress_0
2019-07-13 22:40:37,436 INFO  impl.FollowerState (FollowerState.java:run(106)) - a6a69507-04ed-4d55-a6a0-333a810ad4c4:group-428F9EBEBD80 changes to CANDIDATE, lastRpcTime:5115, electionTimeout:5115ms
2019-07-13 22:40:37,438 INFO  impl.RoleInfo (RoleInfo.java:shutdownFollowerState(121)) - a6a69507-04ed-4d55-a6a0-333a810ad4c4: shutdown FollowerState
2019-07-13 22:40:37,438 INFO  impl.RaftServerImpl (RaftServerImpl.java:setRole(171)) - a6a69507-04ed-4d55-a6a0-333a810ad4c4:group-428F9EBEBD80 changes role from FOLLOWER to CANDIDATE at term 0 for changeToCandidate
2019-07-13 22:40:37,438 INFO  impl.RoleInfo (RoleInfo.java:updateAndGet(143)) - a6a69507-04ed-4d55-a6a0-333a810ad4c4: start LeaderElection
2019-07-13 22:40:37,449 INFO  impl.FollowerState (FollowerState.java:run(106)) - 32de894f-28c2-4ed1-9000-67612e2c59f2:group-79EAA1968E51 changes to CANDIDATE, lastRpcTime:5194, electionTimeout:5193ms
2019-07-13 22:40:37,451 INFO  impl.RoleInfo (RoleInfo.java:shutdownFollowerState(121)) - 32de894f-28c2-4ed1-9000-67612e2c59f2: shutdown FollowerState
2019-07-13 22:40:37,451 INFO  impl.RaftServerImpl (RaftServerImpl.java:setRole(171)) - 32de894f-28c2-4ed1-9000-67612e2c59f2:group-79EAA1968E51 changes role from FOLLOWER to CANDIDATE at term 0 for changeToCandidate
2019-07-13 22:40:37,451 INFO  impl.RoleInfo (RoleInfo.java:updateAndGet(143)) - 32de894f-28c2-4ed1-9000-67612e2c59f2: start LeaderElection
2019-07-13 22:40:37,457 INFO  impl.LeaderElection (LeaderElection.java:askForVotes(181)) - a6a69507-04ed-4d55-a6a0-333a810ad4c4:group-428F9EBEBD80:LeaderElection5: begin an election at term 1 for -1: [a6a69507-04ed-4d55-a6a0-333a810ad4c4:192.168.5.159:44636], old=null
2019-07-13 22:40:37,457 INFO  impl.RoleInfo (RoleInfo.java:shutdownLeaderElection(134)) - a6a69507-04ed-4d55-a6a0-333a810ad4c4: shutdown LeaderElection
2019-07-13 22:40:37,457 INFO  impl.RaftServerImpl (RaftServerImpl.java:setRole(171)) - a6a69507-04ed-4d55-a6a0-333a810ad4c4:group-428F9EBEBD80 changes role from CANDIDATE to LEADER at term 1 for changeToLeader
2019-07-13 22:40:37,457 INFO  impl.RaftServerImpl (ServerState.java:setLeader(263)) - a6a69507-04ed-4d55-a6a0-333a810ad4c4:group-428F9EBEBD80 change Leader from null to a6a69507-04ed-4d55-a6a0-333a810ad4c4 at term 1 for becomeLeader, leader elected after 5142ms
2019-07-13 22:40:37,458 INFO  server.RaftServerConfigKeys (ConfUtils.java:logGet(43)) - raft.server.staging.catchup.gap = 1000 (default)
2019-07-13 22:40:37,458 INFO  server.RaftServerConfigKeys (ConfUtils.java:logGet(43)) - raft.server.rpc.sleep.time = 25ms (default)
2019-07-13 22:40:37,458 INFO  server.RaftServerConfigKeys (ConfUtils.java:logGet(43)) - raft.server.write.element-limit = 4096 (default)
2019-07-13 22:40:37,458 INFO  server.RaftServerConfigKeys (ConfUtils.java:logGet(43)) - raft.server.watch.timeout = 10s (default)
2019-07-13 22:40:37,459 INFO  server.RaftServerConfigKeys (ConfUtils.java:logGet(43)) - raft.server.watch.timeout.denomination = 1s (default)
2019-07-13 22:40:37,459 INFO  server.RaftServerConfigKeys (ConfUtils.java:logGet(43)) - raft.server.watch.element-limit = 65536 (default)
2019-07-13 22:40:37,459 INFO  impl.RoleInfo (RoleInfo.java:updateAndGet(143)) - a6a69507-04ed-4d55-a6a0-333a810ad4c4: start LeaderState
2019-07-13 22:40:37,460 INFO  segmented.SegmentedRaftLogWorker (SegmentedRaftLogWorker.java:startLogSegment(380)) - a6a69507-04ed-4d55-a6a0-333a810ad4c4-SegmentedRaftLogWorker:Storage Directory /tmp/workdir/hadoop-ozone/integration-test/target/test-dir/MiniOzoneClusterImpl-52c542e0-5521-4a29-a3cf-f1c90352223f/datanode-5/data/ratis/8c7a7b9e-1c4e-49b4-8f12-428f9ebebd80: Starting segment from index:0
2019-07-13 22:40:37,460 INFO  impl.LeaderElection (LeaderElection.java:askForVotes(181)) - 32de894f-28c2-4ed1-9000-67612e2c59f2:group-79EAA1968E51:LeaderElection6: begin an election at term 1 for -1: [32de894f-28c2-4ed1-9000-67612e2c59f2:192.168.5.159:37928], old=null
2019-07-13 22:40:37,460 INFO  impl.RaftServerImpl (ServerState.java:setRaftConf(361)) - a6a69507-04ed-4d55-a6a0-333a810ad4c4:group-428F9EBEBD80 set configuration 0: [a6a69507-04ed-4d55-a6a0-333a810ad4c4:192.168.5.159:44636], old=null at 0
2019-07-13 22:40:37,460 INFO  impl.RoleInfo (RoleInfo.java:shutdownLeaderElection(134)) - 32de894f-28c2-4ed1-9000-67612e2c59f2: shutdown LeaderElection
2019-07-13 22:40:37,479 INFO  impl.RaftServerImpl (RaftServerImpl.java:setRole(171)) - 32de894f-28c2-4ed1-9000-67612e2c59f2:group-79EAA1968E51 changes role from CANDIDATE to LEADER at term 1 for changeToLeader
2019-07-13 22:40:37,479 INFO  impl.RaftServerImpl (ServerState.java:setLeader(263)) - 32de894f-28c2-4ed1-9000-67612e2c59f2:group-79EAA1968E51 change Leader from null to 32de894f-28c2-4ed1-9000-67612e2c59f2 at term 1 for becomeLeader, leader elected after 5229ms
2019-07-13 22:40:37,479 INFO  server.RaftServerConfigKeys (ConfUtils.java:logGet(43)) - raft.server.staging.catchup.gap = 1000 (default)
2019-07-13 22:40:37,479 INFO  server.RaftServerConfigKeys (ConfUtils.java:logGet(43)) - raft.server.rpc.sleep.time = 25ms (default)
2019-07-13 22:40:37,479 INFO  server.RaftServerConfigKeys (ConfUtils.java:logGet(43)) - raft.server.write.element-limit = 4096 (default)
2019-07-13 22:40:37,479 INFO  server.RaftServerConfigKeys (ConfUtils.java:logGet(43)) - raft.server.watch.timeout = 10s (default)
2019-07-13 22:40:37,479 INFO  server.RaftServerConfigKeys (ConfUtils.java:logGet(43)) - raft.server.watch.timeout.denomination = 1s (default)
2019-07-13 22:40:37,480 INFO  server.RaftServerConfigKeys (ConfUtils.java:logGet(43)) - raft.server.watch.element-limit = 65536 (default)
2019-07-13 22:40:37,480 INFO  impl.RoleInfo (RoleInfo.java:updateAndGet(143)) - 32de894f-28c2-4ed1-9000-67612e2c59f2: start LeaderState
2019-07-13 22:40:37,480 INFO  segmented.SegmentedRaftLogWorker (SegmentedRaftLogWorker.java:startLogSegment(380)) - 32de894f-28c2-4ed1-9000-67612e2c59f2-SegmentedRaftLogWorker:Storage Directory /tmp/workdir/hadoop-ozone/integration-test/target/test-dir/MiniOzoneClusterImpl-52c542e0-5521-4a29-a3cf-f1c90352223f/datanode-1/data/ratis/2758add3-9872-4a46-8426-79eaa1968e51: Starting segment from index:0
2019-07-13 22:40:37,481 INFO  impl.RaftServerImpl (ServerState.java:setRaftConf(361)) - 32de894f-28c2-4ed1-9000-67612e2c59f2:group-79EAA1968E51 set configuration 0: [32de894f-28c2-4ed1-9000-67612e2c59f2:192.168.5.159:37928], old=null at 0
2019-07-13 22:40:37,499 INFO  segmented.SegmentedRaftLogWorker (SegmentedRaftLogWorker.java:execute(569)) - a6a69507-04ed-4d55-a6a0-333a810ad4c4-SegmentedRaftLogWorker:Storage Directory /tmp/workdir/hadoop-ozone/integration-test/target/test-dir/MiniOzoneClusterImpl-52c542e0-5521-4a29-a3cf-f1c90352223f/datanode-5/data/ratis/8c7a7b9e-1c4e-49b4-8f12-428f9ebebd80: created new log segment /tmp/workdir/hadoop-ozone/integration-test/target/test-dir/MiniOzoneClusterImpl-52c542e0-5521-4a29-a3cf-f1c90352223f/datanode-5/data/ratis/8c7a7b9e-1c4e-49b4-8f12-428f9ebebd80/current/log_inprogress_0
2019-07-13 22:40:37,512 INFO  segmented.SegmentedRaftLogWorker (SegmentedRaftLogWorker.java:execute(569)) - 32de894f-28c2-4ed1-9000-67612e2c59f2-SegmentedRaftLogWorker:Storage Directory /tmp/workdir/hadoop-ozone/integration-test/target/test-dir/MiniOzoneClusterImpl-52c542e0-5521-4a29-a3cf-f1c90352223f/datanode-1/data/ratis/2758add3-9872-4a46-8426-79eaa1968e51: created new log segment /tmp/workdir/hadoop-ozone/integration-test/target/test-dir/MiniOzoneClusterImpl-52c542e0-5521-4a29-a3cf-f1c90352223f/datanode-1/data/ratis/2758add3-9872-4a46-8426-79eaa1968e51/current/log_inprogress_0
2019-07-13 22:40:37,537 INFO  impl.FollowerState (FollowerState.java:run(106)) - a6a69507-04ed-4d55-a6a0-333a810ad4c4:group-EE3F19BAD2A9 changes to CANDIDATE, lastRpcTime:5019, electionTimeout:5017ms
2019-07-13 22:40:37,539 INFO  impl.RoleInfo (RoleInfo.java:shutdownFollowerState(121)) - a6a69507-04ed-4d55-a6a0-333a810ad4c4: shutdown FollowerState
2019-07-13 22:40:37,539 INFO  impl.RaftServerImpl (RaftServerImpl.java:setRole(171)) - a6a69507-04ed-4d55-a6a0-333a810ad4c4:group-EE3F19BAD2A9 changes role from FOLLOWER to CANDIDATE at term 0 for changeToCandidate
2019-07-13 22:40:37,539 INFO  impl.RoleInfo (RoleInfo.java:updateAndGet(143)) - a6a69507-04ed-4d55-a6a0-333a810ad4c4: start LeaderElection
2019-07-13 22:40:37,547 INFO  impl.LeaderElection (LeaderElection.java:askForVotes(181)) - a6a69507-04ed-4d55-a6a0-333a810ad4c4:group-EE3F19BAD2A9:LeaderElection7: begin an election at term 1 for -1: [a6a69507-04ed-4d55-a6a0-333a810ad4c4:192.168.5.159:44636, 23ae228c-c6f3-42a7-9845-883a420cea49:192.168.5.159:33915, 32de894f-28c2-4ed1-9000-67612e2c59f2:192.168.5.159:37928], old=null
2019-07-13 22:40:37,575 INFO  impl.FollowerState (FollowerState.java:run(106)) - 0d1d30eb-195e-414c-af07-81f8ae20a2b8:group-F2D605CBED3F changes to CANDIDATE, lastRpcTime:5162, electionTimeout:5152ms
2019-07-13 22:40:37,577 INFO  impl.RoleInfo (RoleInfo.java:shutdownFollowerState(121)) - 0d1d30eb-195e-414c-af07-81f8ae20a2b8: shutdown FollowerState
2019-07-13 22:40:37,577 INFO  impl.RaftServerImpl (RaftServerImpl.java:setRole(171)) - 0d1d30eb-195e-414c-af07-81f8ae20a2b8:group-F2D605CBED3F changes role from FOLLOWER to CANDIDATE at term 0 for changeToCandidate
2019-07-13 22:40:37,577 INFO  impl.RoleInfo (RoleInfo.java:updateAndGet(143)) - 0d1d30eb-195e-414c-af07-81f8ae20a2b8: start LeaderElection
2019-07-13 22:40:37,585 INFO  impl.LeaderElection (LeaderElection.java:askForVotes(181)) - 0d1d30eb-195e-414c-af07-81f8ae20a2b8:group-F2D605CBED3F:LeaderElection8: begin an election at term 1 for -1: [8525700b-6661-4c76-beaf-5d4719673f4c:192.168.5.159:45374, 0d1d30eb-195e-414c-af07-81f8ae20a2b8:192.168.5.159:40683, 02e1fac3-94b3-4f59-b623-3d918e0be822:192.168.5.159:46379], old=null
2019-07-13 22:40:37,586 INFO  impl.RaftServerImpl (RaftServerImpl.java:setRole(171)) - 32de894f-28c2-4ed1-9000-67612e2c59f2:group-EE3F19BAD2A9 changes role from FOLLOWER to FOLLOWER at term 1 for recognizeCandidate:a6a69507-04ed-4d55-a6a0-333a810ad4c4
2019-07-13 22:40:37,586 INFO  impl.RaftServerImpl (RaftServerImpl.java:setRole(171)) - 23ae228c-c6f3-42a7-9845-883a420cea49:group-EE3F19BAD2A9 changes role from FOLLOWER to FOLLOWER at term 1 for recognizeCandidate:a6a69507-04ed-4d55-a6a0-333a810ad4c4
2019-07-13 22:40:37,586 INFO  impl.RoleInfo (RoleInfo.java:shutdownFollowerState(121)) - 32de894f-28c2-4ed1-9000-67612e2c59f2: shutdown FollowerState
2019-07-13 22:40:37,586 INFO  impl.RoleInfo (RoleInfo.java:shutdownFollowerState(121)) - 23ae228c-c6f3-42a7-9845-883a420cea49: shutdown FollowerState
2019-07-13 22:40:37,586 INFO  impl.RoleInfo (RoleInfo.java:updateAndGet(143)) - 32de894f-28c2-4ed1-9000-67612e2c59f2: start FollowerState
2019-07-13 22:40:37,586 INFO  impl.FollowerState (FollowerState.java:run(114)) - 32de894f-28c2-4ed1-9000-67612e2c59f2: FollowerState was interrupted: java.lang.InterruptedException: sleep interrupted
2019-07-13 22:40:37,594 INFO  impl.RoleInfo (RoleInfo.java:updateAndGet(143)) - 23ae228c-c6f3-42a7-9845-883a420cea49: start FollowerState
2019-07-13 22:40:37,594 INFO  impl.FollowerState (FollowerState.java:run(106)) - 8525700b-6661-4c76-beaf-5d4719673f4c:group-F2D605CBED3F changes to CANDIDATE, lastRpcTime:5188, electionTimeout:5187ms
2019-07-13 22:40:37,594 INFO  impl.FollowerState (FollowerState.java:run(114)) - 23ae228c-c6f3-42a7-9845-883a420cea49: FollowerState was interrupted: java.lang.InterruptedException: sleep interrupted
2019-07-13 22:40:37,594 INFO  impl.RoleInfo (RoleInfo.java:shutdownFollowerState(121)) - 8525700b-6661-4c76-beaf-5d4719673f4c: shutdown FollowerState
2019-07-13 22:40:37,594 INFO  impl.RaftServerImpl (RaftServerImpl.java:setRole(171)) - 8525700b-6661-4c76-beaf-5d4719673f4c:group-F2D605CBED3F changes role from FOLLOWER to CANDIDATE at term 0 for changeToCandidate
2019-07-13 22:40:37,598 INFO  impl.RoleInfo (RoleInfo.java:updateAndGet(143)) - 8525700b-6661-4c76-beaf-5d4719673f4c: start LeaderElection
2019-07-13 22:40:37,609 INFO  impl.LeaderElection (LeaderElection.java:askForVotes(181)) - 8525700b-6661-4c76-beaf-5d4719673f4c:group-F2D605CBED3F:LeaderElection9: begin an election at term 1 for -1: [8525700b-6661-4c76-beaf-5d4719673f4c:192.168.5.159:45374, 0d1d30eb-195e-414c-af07-81f8ae20a2b8:192.168.5.159:40683, 02e1fac3-94b3-4f59-b623-3d918e0be822:192.168.5.159:46379], old=null
2019-07-13 22:40:37,615 INFO  impl.FollowerState (FollowerState.java:run(106)) - 02e1fac3-94b3-4f59-b623-3d918e0be822:group-F2D605CBED3F changes to CANDIDATE, lastRpcTime:5199, electionTimeout:5190ms
2019-07-13 22:40:37,615 INFO  impl.RoleInfo (RoleInfo.java:shutdownFollowerState(121)) - 02e1fac3-94b3-4f59-b623-3d918e0be822: shutdown FollowerState
2019-07-13 22:40:37,615 INFO  impl.RaftServerImpl (RaftServerImpl.java:setRole(171)) - 02e1fac3-94b3-4f59-b623-3d918e0be822:group-F2D605CBED3F changes role from FOLLOWER to CANDIDATE at term 0 for changeToCandidate
2019-07-13 22:40:37,616 INFO  impl.RoleInfo (RoleInfo.java:updateAndGet(143)) - 02e1fac3-94b3-4f59-b623-3d918e0be822: start LeaderElection
2019-07-13 22:40:37,627 INFO  impl.LeaderElection (LeaderElection.java:logAndReturn(56)) - a6a69507-04ed-4d55-a6a0-333a810ad4c4:group-EE3F19BAD2A9:LeaderElection7: Election PASSED; received 1 response(s) [a6a69507-04ed-4d55-a6a0-333a810ad4c4<-23ae228c-c6f3-42a7-9845-883a420cea49#0:OK-t1] and 0 exception(s); a6a69507-04ed-4d55-a6a0-333a810ad4c4:t1, leader=null, voted=a6a69507-04ed-4d55-a6a0-333a810ad4c4, raftlog=a6a69507-04ed-4d55-a6a0-333a810ad4c4-SegmentedRaftLog:OPENED:c-1,f-1,i0, conf=-1: [a6a69507-04ed-4d55-a6a0-333a810ad4c4:192.168.5.159:44636, 23ae228c-c6f3-42a7-9845-883a420cea49:192.168.5.159:33915, 32de894f-28c2-4ed1-9000-67612e2c59f2:192.168.5.159:37928], old=null
2019-07-13 22:40:37,631 INFO  impl.RoleInfo (RoleInfo.java:shutdownLeaderElection(134)) - a6a69507-04ed-4d55-a6a0-333a810ad4c4: shutdown LeaderElection
2019-07-13 22:40:37,631 INFO  impl.RaftServerImpl (RaftServerImpl.java:setRole(171)) - a6a69507-04ed-4d55-a6a0-333a810ad4c4:group-EE3F19BAD2A9 changes role from CANDIDATE to LEADER at term 1 for changeToLeader
2019-07-13 22:40:37,631 INFO  impl.RaftServerImpl (ServerState.java:setLeader(263)) - a6a69507-04ed-4d55-a6a0-333a810ad4c4:group-EE3F19BAD2A9 change Leader from null to a6a69507-04ed-4d55-a6a0-333a810ad4c4 at term 1 for becomeLeader, leader elected after 5130ms
2019-07-13 22:40:37,633 INFO  impl.LeaderElection (LeaderElection.java:askForVotes(181)) - 02e1fac3-94b3-4f59-b623-3d918e0be822:group-F2D605CBED3F:LeaderElection10: begin an election at term 1 for -1: [8525700b-6661-4c76-beaf-5d4719673f4c:192.168.5.159:45374, 0d1d30eb-195e-414c-af07-81f8ae20a2b8:192.168.5.159:40683, 02e1fac3-94b3-4f59-b623-3d918e0be822:192.168.5.159:46379], old=null
2019-07-13 22:40:37,634 INFO  server.RaftServerConfigKeys (ConfUtils.java:logGet(43)) - raft.server.staging.catchup.gap = 1000 (default)
2019-07-13 22:40:37,634 INFO  server.RaftServerConfigKeys (ConfUtils.java:logGet(43)) - raft.server.rpc.sleep.time = 25ms (default)
2019-07-13 22:40:37,634 INFO  server.RaftServerConfigKeys (ConfUtils.java:logGet(43)) - raft.server.write.element-limit = 4096 (default)
2019-07-13 22:40:37,635 INFO  server.RaftServerConfigKeys (ConfUtils.java:logGet(43)) - raft.server.watch.timeout = 10s (default)
2019-07-13 22:40:37,635 INFO  server.RaftServerConfigKeys (ConfUtils.java:logGet(43)) - raft.server.watch.timeout.denomination = 1s (default)
2019-07-13 22:40:37,635 INFO  server.RaftServerConfigKeys (ConfUtils.java:logGet(43)) - raft.server.watch.element-limit = 65536 (default)
2019-07-13 22:40:37,651 INFO  server.RaftServerConfigKeys (ConfUtils.java:logGet(43)) - raft.server.log.appender.snapshot.chunk.size.max = 16MB (=16777216) (default)
2019-07-13 22:40:37,651 INFO  impl.LeaderElection (LeaderElection.java:logAndReturn(56)) - 0d1d30eb-195e-414c-af07-81f8ae20a2b8:group-F2D605CBED3F:LeaderElection8: Election REJECTED; received 2 response(s) [0d1d30eb-195e-414c-af07-81f8ae20a2b8<-8525700b-6661-4c76-beaf-5d4719673f4c#0:FAIL-t1, 0d1d30eb-195e-414c-af07-81f8ae20a2b8<-02e1fac3-94b3-4f59-b623-3d918e0be822#0:FAIL-t1] and 0 exception(s); 0d1d30eb-195e-414c-af07-81f8ae20a2b8:t1, leader=null, voted=0d1d30eb-195e-414c-af07-81f8ae20a2b8, raftlog=0d1d30eb-195e-414c-af07-81f8ae20a2b8-SegmentedRaftLog:OPENED:c-1,f-1,i0, conf=-1: [8525700b-6661-4c76-beaf-5d4719673f4c:192.168.5.159:45374, 0d1d30eb-195e-414c-af07-81f8ae20a2b8:192.168.5.159:40683, 02e1fac3-94b3-4f59-b623-3d918e0be822:192.168.5.159:46379], old=null
2019-07-13 22:40:37,651 INFO  server.RaftServerConfigKeys (ConfUtils.java:logGet(43)) - raft.server.log.appender.buffer.byte-limit = 33554432 (custom)
2019-07-13 22:40:37,652 INFO  impl.RaftServerImpl (RaftServerImpl.java:setRole(171)) - 0d1d30eb-195e-414c-af07-81f8ae20a2b8:group-F2D605CBED3F changes role from CANDIDATE to FOLLOWER at term 1 for DISCOVERED_A_NEW_TERM
2019-07-13 22:40:37,654 INFO  impl.RoleInfo (RoleInfo.java:shutdownLeaderElection(134)) - 0d1d30eb-195e-414c-af07-81f8ae20a2b8: shutdown LeaderElection
2019-07-13 22:40:37,654 INFO  impl.RoleInfo (RoleInfo.java:updateAndGet(143)) - 0d1d30eb-195e-414c-af07-81f8ae20a2b8: start FollowerState
2019-07-13 22:40:37,654 INFO  server.RaftServerConfigKeys (ConfUtils.java:logGet(43)) - raft.server.log.appender.buffer.element-limit = 1 (custom)
2019-07-13 22:40:37,664 INFO  client.GrpcClientProtocolClient (GrpcClientProtocolClient.java:onNext(255)) - client-42417D17E9D2->32de894f-28c2-4ed1-9000-67612e2c59f2: receive RaftClientReply:client-42417D17E9D2->32de894f-28c2-4ed1-9000-67612e2c59f2@group-EE3F19BAD2A9, cid=12, FAILED org.apache.ratis.protocol.NotLeaderException: Server 32de894f-28c2-4ed1-9000-67612e2c59f2 is not the leader (null). Request must be sent to leader., logIndex=0, commits[32de894f-28c2-4ed1-9000-67612e2c59f2:c-1]
2019-07-13 22:40:37,671 INFO  grpc.GrpcConfigKeys$Server (ConfUtils.java:logGet(43)) - raft.grpc.server.leader.outstanding.appends.max = 128 (default)
2019-07-13 22:40:37,673 INFO  server.RaftServerConfigKeys (ConfUtils.java:logGet(43)) - raft.server.rpc.request.timeout = 3000ms (default)
2019-07-13 22:40:37,673 INFO  server.RaftServerConfigKeys (ConfUtils.java:logGet(43)) - raft.server.log.appender.install.snapshot.enabled = false (custom)
2019-07-13 22:40:37,675 INFO  server.RaftServerConfigKeys (ConfUtils.java:logGet(43)) - raft.server.log.appender.snapshot.chunk.size.max = 16MB (=16777216) (default)
2019-07-13 22:40:37,675 INFO  server.RaftServerConfigKeys (ConfUtils.java:logGet(43)) - raft.server.log.appender.buffer.byte-limit = 33554432 (custom)
2019-07-13 22:40:37,683 INFO  server.RaftServerConfigKeys (ConfUtils.java:logGet(43)) - raft.server.log.appender.buffer.element-limit = 1 (custom)
2019-07-13 22:40:37,684 INFO  impl.LeaderElection (LeaderElection.java:logAndReturn(56)) - 02e1fac3-94b3-4f59-b623-3d918e0be822:group-F2D605CBED3F:LeaderElection10: Election REJECTED; received 2 response(s) [02e1fac3-94b3-4f59-b623-3d918e0be822<-8525700b-6661-4c76-beaf-5d4719673f4c#0:FAIL-t1, 02e1fac3-94b3-4f59-b623-3d918e0be822<-0d1d30eb-195e-414c-af07-81f8ae20a2b8#0:FAIL-t1] and 0 exception(s); 02e1fac3-94b3-4f59-b623-3d918e0be822:t1, leader=null, voted=02e1fac3-94b3-4f59-b623-3d918e0be822, raftlog=02e1fac3-94b3-4f59-b623-3d918e0be822-SegmentedRaftLog:OPENED:c-1,f-1,i0, conf=-1: [8525700b-6661-4c76-beaf-5d4719673f4c:192.168.5.159:45374, 0d1d30eb-195e-414c-af07-81f8ae20a2b8:192.168.5.159:40683, 02e1fac3-94b3-4f59-b623-3d918e0be822:192.168.5.159:46379], old=null
2019-07-13 22:40:37,684 INFO  impl.LeaderElection (LeaderElection.java:logAndReturn(56)) - 8525700b-6661-4c76-beaf-5d4719673f4c:group-F2D605CBED3F:LeaderElection9: Election REJECTED; received 2 response(s) [8525700b-6661-4c76-beaf-5d4719673f4c<-0d1d30eb-195e-414c-af07-81f8ae20a2b8#0:FAIL-t1, 8525700b-6661-4c76-beaf-5d4719673f4c<-02e1fac3-94b3-4f59-b623-3d918e0be822#0:FAIL-t1] and 0 exception(s); 8525700b-6661-4c76-beaf-5d4719673f4c:t1, leader=null, voted=8525700b-6661-4c76-beaf-5d4719673f4c, raftlog=8525700b-6661-4c76-beaf-5d4719673f4c-SegmentedRaftLog:OPENED:c-1,f-1,i0, conf=-1: [8525700b-6661-4c76-beaf-5d4719673f4c:192.168.5.159:45374, 0d1d30eb-195e-414c-af07-81f8ae20a2b8:192.168.5.159:40683, 02e1fac3-94b3-4f59-b623-3d918e0be822:192.168.5.159:46379], old=null
2019-07-13 22:40:37,684 INFO  grpc.GrpcConfigKeys$Server (ConfUtils.java:logGet(43)) - raft.grpc.server.leader.outstanding.appends.max = 128 (default)
2019-07-13 22:40:37,684 INFO  impl.RaftServerImpl (RaftServerImpl.java:setRole(171)) - 02e1fac3-94b3-4f59-b623-3d918e0be822:group-F2D605CBED3F changes role from CANDIDATE to FOLLOWER at term 1 for DISCOVERED_A_NEW_TERM
2019-07-13 22:40:37,684 INFO  impl.RaftServerImpl (RaftServerImpl.java:setRole(171)) - 8525700b-6661-4c76-beaf-5d4719673f4c:group-F2D605CBED3F changes role from CANDIDATE to FOLLOWER at term 1 for DISCOVERED_A_NEW_TERM
2019-07-13 22:40:37,691 INFO  impl.RoleInfo (RoleInfo.java:shutdownLeaderElection(134)) - 02e1fac3-94b3-4f59-b623-3d918e0be822: shutdown LeaderElection
2019-07-13 22:40:37,691 INFO  server.RaftServerConfigKeys (ConfUtils.java:logGet(43)) - raft.server.rpc.request.timeout = 3000ms (default)
2019-07-13 22:40:37,693 INFO  impl.RoleInfo (RoleInfo.java:updateAndGet(143)) - 02e1fac3-94b3-4f59-b623-3d918e0be822: start FollowerState
2019-07-13 22:40:37,691 INFO  impl.RoleInfo (RoleInfo.java:shutdownLeaderElection(134)) - 8525700b-6661-4c76-beaf-5d4719673f4c: shutdown LeaderElection
2019-07-13 22:40:37,693 INFO  server.RaftServerConfigKeys (ConfUtils.java:logGet(43)) - raft.server.log.appender.install.snapshot.enabled = false (custom)
2019-07-13 22:40:37,694 INFO  impl.RoleInfo (RoleInfo.java:updateAndGet(143)) - 8525700b-6661-4c76-beaf-5d4719673f4c: start FollowerState
2019-07-13 22:40:37,699 INFO  impl.RoleInfo (RoleInfo.java:updateAndGet(143)) - a6a69507-04ed-4d55-a6a0-333a810ad4c4: start LeaderState
2019-07-13 22:40:37,700 INFO  segmented.SegmentedRaftLogWorker (SegmentedRaftLogWorker.java:startLogSegment(380)) - a6a69507-04ed-4d55-a6a0-333a810ad4c4-SegmentedRaftLogWorker:Storage Directory /tmp/workdir/hadoop-ozone/integration-test/target/test-dir/MiniOzoneClusterImpl-52c542e0-5521-4a29-a3cf-f1c90352223f/datanode-5/data/ratis/ef32d297-1104-4e33-8bae-ee3f19bad2a9: Starting segment from index:0
2019-07-13 22:40:37,705 WARN  io.KeyOutputStream (KeyOutputStream.java:handleException(276)) - Encountered exception java.io.IOException: Unexpected Storage Container Exception: java.util.concurrent.CompletionException: java.util.concurrent.CompletionException: org.apache.ratis.protocol.RaftRetryFailureException: Failed RaftClientRequest:client-42417D17E9D2->32de894f-28c2-4ed1-9000-67612e2c59f2@group-EE3F19BAD2A9, cid=12, seq=1*, RW, org.apache.hadoop.hdds.scm.XceiverClientRatis$$Lambda$309/1480893137@77bf44a8 for 5 attempts with RetryLimited(maxAttempts=5, sleepTime=1000ms) on the pipeline Pipeline[ Id: ef32d297-1104-4e33-8bae-ee3f19bad2a9, Nodes: 23ae228c-c6f3-42a7-9845-883a420cea49{ip: 192.168.5.159, host: trunk-nightly-x8m8d-1534914823, networkLocation: /default-rack, certSerialId: null}32de894f-28c2-4ed1-9000-67612e2c59f2{ip: 192.168.5.159, host: trunk-nightly-x8m8d-1534914823, networkLocation: /default-rack, certSerialId: null}a6a69507-04ed-4d55-a6a0-333a810ad4c4{ip: 192.168.5.159, host: trunk-nightly-x8m8d-1534914823, networkLocation: /default-rack, certSerialId: null}, Type:RATIS, Factor:THREE, State:OPEN]. The last committed block length is 0, uncommitted data length is 1048576 retry count 0
2019-07-13 22:40:37,705 INFO  impl.RaftServerImpl (ServerState.java:setRaftConf(361)) - a6a69507-04ed-4d55-a6a0-333a810ad4c4:group-EE3F19BAD2A9 set configuration 0: [a6a69507-04ed-4d55-a6a0-333a810ad4c4:192.168.5.159:44636, 23ae228c-c6f3-42a7-9845-883a420cea49:192.168.5.159:33915, 32de894f-28c2-4ed1-9000-67612e2c59f2:192.168.5.159:37928], old=null at 0
2019-07-13 22:40:37,726 INFO  segmented.SegmentedRaftLogWorker (SegmentedRaftLogWorker.java:execute(569)) - a6a69507-04ed-4d55-a6a0-333a810ad4c4-SegmentedRaftLogWorker:Storage Directory /tmp/workdir/hadoop-ozone/integration-test/target/test-dir/MiniOzoneClusterImpl-52c542e0-5521-4a29-a3cf-f1c90352223f/datanode-5/data/ratis/ef32d297-1104-4e33-8bae-ee3f19bad2a9: created new log segment /tmp/workdir/hadoop-ozone/integration-test/target/test-dir/MiniOzoneClusterImpl-52c542e0-5521-4a29-a3cf-f1c90352223f/datanode-5/data/ratis/ef32d297-1104-4e33-8bae-ee3f19bad2a9/current/log_inprogress_0
2019-07-13 22:40:37,758 INFO  impl.RaftServerImpl (ServerState.java:setLeader(263)) - 32de894f-28c2-4ed1-9000-67612e2c59f2:group-EE3F19BAD2A9 change Leader from null to a6a69507-04ed-4d55-a6a0-333a810ad4c4 at term 1 for appendEntries, leader elected after 5256ms
2019-07-13 22:40:37,758 INFO  impl.RaftServerImpl (ServerState.java:setLeader(263)) - 23ae228c-c6f3-42a7-9845-883a420cea49:group-EE3F19BAD2A9 change Leader from null to a6a69507-04ed-4d55-a6a0-333a810ad4c4 at term 1 for appendEntries, leader elected after 5256ms
2019-07-13 22:40:37,800 INFO  impl.RaftServerImpl (ServerState.java:setRaftConf(361)) - 23ae228c-c6f3-42a7-9845-883a420cea49:group-EE3F19BAD2A9 set configuration 0: [a6a69507-04ed-4d55-a6a0-333a810ad4c4:192.168.5.159:44636, 23ae228c-c6f3-42a7-9845-883a420cea49:192.168.5.159:33915, 32de894f-28c2-4ed1-9000-67612e2c59f2:192.168.5.159:37928], old=null at 0
2019-07-13 22:40:37,800 INFO  client.GrpcClientProtocolClient (GrpcClientProtocolClient.java:onNext(255)) - client-1788E10310F4->02e1fac3-94b3-4f59-b623-3d918e0be822: receive RaftClientReply:client-1788E10310F4->02e1fac3-94b3-4f59-b623-3d918e0be822@group-F2D605CBED3F, cid=14, FAILED org.apache.ratis.protocol.NotLeaderException: Server 02e1fac3-94b3-4f59-b623-3d918e0be822 is not the leader (null). Request must be sent to leader., logIndex=0, commits[02e1fac3-94b3-4f59-b623-3d918e0be822:c-1]
2019-07-13 22:40:37,800 INFO  impl.RaftServerImpl (ServerState.java:setRaftConf(361)) - 32de894f-28c2-4ed1-9000-67612e2c59f2:group-EE3F19BAD2A9 set configuration 0: [a6a69507-04ed-4d55-a6a0-333a810ad4c4:192.168.5.159:44636, 23ae228c-c6f3-42a7-9845-883a420cea49:192.168.5.159:33915, 32de894f-28c2-4ed1-9000-67612e2c59f2:192.168.5.159:37928], old=null at 0
2019-07-13 22:40:37,801 INFO  segmented.SegmentedRaftLogWorker (SegmentedRaftLogWorker.java:startLogSegment(380)) - 23ae228c-c6f3-42a7-9845-883a420cea49-SegmentedRaftLogWorker:Storage Directory /tmp/workdir/hadoop-ozone/integration-test/target/test-dir/MiniOzoneClusterImpl-52c542e0-5521-4a29-a3cf-f1c90352223f/datanode-2/data/ratis/ef32d297-1104-4e33-8bae-ee3f19bad2a9: Starting segment from index:0
2019-07-13 22:40:37,804 INFO  segmented.SegmentedRaftLogWorker (SegmentedRaftLogWorker.java:startLogSegment(380)) - 32de894f-28c2-4ed1-9000-67612e2c59f2-SegmentedRaftLogWorker:Storage Directory /tmp/workdir/hadoop-ozone/integration-test/target/test-dir/MiniOzoneClusterImpl-52c542e0-5521-4a29-a3cf-f1c90352223f/datanode-1/data/ratis/ef32d297-1104-4e33-8bae-ee3f19bad2a9: Starting segment from index:0
2019-07-13 22:40:37,839 INFO  segmented.SegmentedRaftLogWorker (SegmentedRaftLogWorker.java:execute(569)) - 23ae228c-c6f3-42a7-9845-883a420cea49-SegmentedRaftLogWorker:Storage Directory /tmp/workdir/hadoop-ozone/integration-test/target/test-dir/MiniOzoneClusterImpl-52c542e0-5521-4a29-a3cf-f1c90352223f/datanode-2/data/ratis/ef32d297-1104-4e33-8bae-ee3f19bad2a9: created new log segment /tmp/workdir/hadoop-ozone/integration-test/target/test-dir/MiniOzoneClusterImpl-52c542e0-5521-4a29-a3cf-f1c90352223f/datanode-2/data/ratis/ef32d297-1104-4e33-8bae-ee3f19bad2a9/current/log_inprogress_0
2019-07-13 22:40:37,846 INFO  segmented.SegmentedRaftLogWorker (SegmentedRaftLogWorker.java:execute(569)) - 32de894f-28c2-4ed1-9000-67612e2c59f2-SegmentedRaftLogWorker:Storage Directory /tmp/workdir/hadoop-ozone/integration-test/target/test-dir/MiniOzoneClusterImpl-52c542e0-5521-4a29-a3cf-f1c90352223f/datanode-1/data/ratis/ef32d297-1104-4e33-8bae-ee3f19bad2a9: created new log segment /tmp/workdir/hadoop-ozone/integration-test/target/test-dir/MiniOzoneClusterImpl-52c542e0-5521-4a29-a3cf-f1c90352223f/datanode-1/data/ratis/ef32d297-1104-4e33-8bae-ee3f19bad2a9/current/log_inprogress_0
2019-07-13 22:40:38,837 INFO  client.GrpcClientProtocolClient (GrpcClientProtocolClient.java:onNext(255)) - client-1788E10310F4->8525700b-6661-4c76-beaf-5d4719673f4c: receive RaftClientReply:client-1788E10310F4->8525700b-6661-4c76-beaf-5d4719673f4c@group-F2D605CBED3F, cid=14, FAILED org.apache.ratis.protocol.NotLeaderException: Server 8525700b-6661-4c76-beaf-5d4719673f4c is not the leader (null). Request must be sent to leader., logIndex=0, commits[8525700b-6661-4c76-beaf-5d4719673f4c:c-1]
2019-07-13 22:40:38,852 WARN  nio.NioEventLoop (NioEventLoop.java:select(786)) - Selector.select() returned prematurely {} times in a row; rebuilding Selector {}.
2019-07-13 22:40:38,854 INFO  nio.NioEventLoop (NioEventLoop.java:rebuildSelector0(396)) - Migrated 4 channel(s) to the new Selector.
2019-07-13 22:40:39,869 INFO  client.GrpcClientProtocolClient (GrpcClientProtocolClient.java:onNext(255)) - client-1788E10310F4->02e1fac3-94b3-4f59-b623-3d918e0be822: receive RaftClientReply:client-1788E10310F4->02e1fac3-94b3-4f59-b623-3d918e0be822@group-F2D605CBED3F, cid=14, FAILED org.apache.ratis.protocol.NotLeaderException: Server 02e1fac3-94b3-4f59-b623-3d918e0be822 is not the leader (null). Request must be sent to leader., logIndex=0, commits[02e1fac3-94b3-4f59-b623-3d918e0be822:c-1]
2019-07-13 22:40:40,903 INFO  client.GrpcClientProtocolClient (GrpcClientProtocolClient.java:onNext(255)) - client-1788E10310F4->8525700b-6661-4c76-beaf-5d4719673f4c: receive RaftClientReply:client-1788E10310F4->8525700b-6661-4c76-beaf-5d4719673f4c@group-F2D605CBED3F, cid=14, FAILED org.apache.ratis.protocol.NotLeaderException: Server 8525700b-6661-4c76-beaf-5d4719673f4c is not the leader (null). Request must be sent to leader., logIndex=0, commits[8525700b-6661-4c76-beaf-5d4719673f4c:c-1]
2019-07-13 22:40:41,937 INFO  client.GrpcClientProtocolClient (GrpcClientProtocolClient.java:onNext(255)) - client-1788E10310F4->02e1fac3-94b3-4f59-b623-3d918e0be822: receive RaftClientReply:client-1788E10310F4->02e1fac3-94b3-4f59-b623-3d918e0be822@group-F2D605CBED3F, cid=14, FAILED org.apache.ratis.protocol.NotLeaderException: Server 02e1fac3-94b3-4f59-b623-3d918e0be822 is not the leader (null). Request must be sent to leader., logIndex=0, commits[02e1fac3-94b3-4f59-b623-3d918e0be822:c-1]
2019-07-13 22:40:41,947 WARN  io.KeyOutputStream (KeyOutputStream.java:handleException(276)) - Encountered exception java.io.IOException: Unexpected Storage Container Exception: java.util.concurrent.CompletionException: java.util.concurrent.CompletionException: org.apache.ratis.protocol.RaftRetryFailureException: Failed RaftClientRequest:client-1788E10310F4->02e1fac3-94b3-4f59-b623-3d918e0be822@group-F2D605CBED3F, cid=14, seq=1*, RW, org.apache.hadoop.hdds.scm.XceiverClientRatis$$Lambda$309/1480893137@282843c8 for 5 attempts with RetryLimited(maxAttempts=5, sleepTime=1000ms) on the pipeline Pipeline[ Id: 70ced740-eb59-47c2-a998-f2d605cbed3f, Nodes: 02e1fac3-94b3-4f59-b623-3d918e0be822{ip: 192.168.5.159, host: trunk-nightly-x8m8d-1534914823, networkLocation: /default-rack, certSerialId: null}0d1d30eb-195e-414c-af07-81f8ae20a2b8{ip: 192.168.5.159, host: trunk-nightly-x8m8d-1534914823, networkLocation: /default-rack, certSerialId: null}8525700b-6661-4c76-beaf-5d4719673f4c{ip: 192.168.5.159, host: trunk-nightly-x8m8d-1534914823, networkLocation: /default-rack, certSerialId: null}, Type:RATIS, Factor:THREE, State:OPEN]. The last committed block length is 0, uncommitted data length is 1048576 retry count 0
2019-07-13 22:40:41,968 WARN  block.BlockManagerImpl (BlockManagerImpl.java:allocateBlock(192)) - Pipeline creation failed for type:RATIS factor:THREE. Retrying get pipelines call once.
org.apache.hadoop.hdds.scm.pipeline.InsufficientDatanodesException: Cannot create pipeline of factor 3 using 0 nodes.
	at org.apache.hadoop.hdds.scm.pipeline.RatisPipelineProvider.create(RatisPipelineProvider.java:151)
	at org.apache.hadoop.hdds.scm.pipeline.PipelineFactory.create(PipelineFactory.java:57)
	at org.apache.hadoop.hdds.scm.pipeline.SCMPipelineManager.createPipeline(SCMPipelineManager.java:149)
	at org.apache.hadoop.hdds.scm.block.BlockManagerImpl.allocateBlock(BlockManagerImpl.java:190)
	at org.apache.hadoop.hdds.scm.server.SCMBlockProtocolServer.allocateBlock(SCMBlockProtocolServer.java:175)
	at org.apache.hadoop.ozone.protocolPB.ScmBlockLocationProtocolServerSideTranslatorPB.allocateScmBlock(ScmBlockLocationProtocolServerSideTranslatorPB.java:153)
	at org.apache.hadoop.ozone.protocolPB.ScmBlockLocationProtocolServerSideTranslatorPB.send(ScmBlockLocationProtocolServerSideTranslatorPB.java:112)
	at org.apache.hadoop.hdds.protocol.proto.ScmBlockLocationProtocolProtos$ScmBlockLocationProtocolService$2.callBlockingMethod(ScmBlockLocationProtocolProtos.java:13157)
	at org.apache.hadoop.ipc.ProtobufRpcEngine$Server$ProtoBufRpcInvoker.call(ProtobufRpcEngine.java:524)
	at org.apache.hadoop.ipc.RPC$Server.call(RPC.java:1025)
	at org.apache.hadoop.ipc.Server$RpcCall.run(Server.java:876)
	at org.apache.hadoop.ipc.Server$RpcCall.run(Server.java:822)
	at java.security.AccessController.doPrivileged(Native Method)
	at javax.security.auth.Subject.doAs(Subject.java:422)
	at org.apache.hadoop.security.UserGroupInformation.doAs(UserGroupInformation.java:1730)
	at org.apache.hadoop.ipc.Server$Handler.run(Server.java:2682)
2019-07-13 22:40:41,973 INFO  block.BlockManagerImpl (BlockManagerImpl.java:allocateBlock(198)) - Could not find available pipeline of type:RATIS and factor:THREE even after retrying
2019-07-13 22:40:41,973 ERROR block.BlockManagerImpl (BlockManagerImpl.java:allocateBlock(222)) - Unable to allocate a block for the size: 4194304, type: RATIS, factor: THREE
22:40:41.978 [IPC Server handler 3 on 33912] ERROR OMAudit - user=jenkins1000 | ip=127.0.0.1 | op=ALLOCATE_BLOCK {volume=datanodefailurehandlingtest, bucket=datanodefailurehandlingtest, key=4eb5b964-d1dc-4227-8264-a23034f22634, dataSize=0, replicationType=null, replicationFactor=null, keyLocationInfo=null, clientID=102436545045856256} | ret=FAILURE
org.apache.hadoop.hdds.scm.exceptions.SCMException: Allocated 0 blocks. Requested 1 blocks
	at org.apache.hadoop.hdds.scm.protocolPB.ScmBlockLocationProtocolClientSideTranslatorPB.handleError(ScmBlockLocationProtocolClientSideTranslatorPB.java:118) ~[hadoop-hdds-common-0.5.0-SNAPSHOT.jar:?]
	at org.apache.hadoop.hdds.scm.protocolPB.ScmBlockLocationProtocolClientSideTranslatorPB.allocateBlock(ScmBlockLocationProtocolClientSideTranslatorPB.java:156) ~[hadoop-hdds-common-0.5.0-SNAPSHOT.jar:?]
	at sun.reflect.NativeMethodAccessorImpl.invoke0(Native Method) ~[?:1.8.0_212]
	at sun.reflect.NativeMethodAccessorImpl.invoke(NativeMethodAccessorImpl.java:62) ~[?:1.8.0_212]
	at sun.reflect.DelegatingMethodAccessorImpl.invoke(DelegatingMethodAccessorImpl.java:43) ~[?:1.8.0_212]
	at java.lang.reflect.Method.invoke(Method.java:498) ~[?:1.8.0_212]
	at org.apache.hadoop.hdds.tracing.TraceAllMethod.invoke(TraceAllMethod.java:66) ~[hadoop-hdds-common-0.5.0-SNAPSHOT.jar:?]
	at com.sun.proxy.$Proxy25.allocateBlock(Unknown Source) ~[?:?]
	at org.apache.hadoop.ozone.om.KeyManagerImpl.allocateBlock(KeyManagerImpl.java:355) ~[hadoop-ozone-ozone-manager-0.5.0-SNAPSHOT.jar:?]
	at org.apache.hadoop.ozone.om.KeyManagerImpl.allocateBlock(KeyManagerImpl.java:323) ~[hadoop-ozone-ozone-manager-0.5.0-SNAPSHOT.jar:?]
	at org.apache.hadoop.ozone.om.OzoneManager.allocateBlock(OzoneManager.java:2349) [hadoop-ozone-ozone-manager-0.5.0-SNAPSHOT.jar:?]
	at org.apache.hadoop.ozone.protocolPB.OzoneManagerRequestHandler.allocateBlock(OzoneManagerRequestHandler.java:754) [hadoop-ozone-ozone-manager-0.5.0-SNAPSHOT.jar:?]
	at org.apache.hadoop.ozone.protocolPB.OzoneManagerRequestHandler.handle(OzoneManagerRequestHandler.java:249) [hadoop-ozone-ozone-manager-0.5.0-SNAPSHOT.jar:?]
	at org.apache.hadoop.ozone.protocolPB.OzoneManagerProtocolServerSideTranslatorPB.submitRequestDirectlyToOM(OzoneManagerProtocolServerSideTranslatorPB.java:192) [hadoop-ozone-ozone-manager-0.5.0-SNAPSHOT.jar:?]
	at org.apache.hadoop.ozone.protocolPB.OzoneManagerProtocolServerSideTranslatorPB.submitRequest(OzoneManagerProtocolServerSideTranslatorPB.java:110) [hadoop-ozone-ozone-manager-0.5.0-SNAPSHOT.jar:?]
	at org.apache.hadoop.ozone.protocol.proto.OzoneManagerProtocolProtos$OzoneManagerService$2.callBlockingMethod(OzoneManagerProtocolProtos.java) [hadoop-ozone-common-0.5.0-SNAPSHOT.jar:?]
	at org.apache.hadoop.ipc.ProtobufRpcEngine$Server$ProtoBufRpcInvoker.call(ProtobufRpcEngine.java:524) [hadoop-common-3.2.0.jar:?]
	at org.apache.hadoop.ipc.RPC$Server.call(RPC.java:1025) [hadoop-common-3.2.0.jar:?]
	at org.apache.hadoop.ipc.Server$RpcCall.run(Server.java:876) [hadoop-common-3.2.0.jar:?]
	at org.apache.hadoop.ipc.Server$RpcCall.run(Server.java:822) [hadoop-common-3.2.0.jar:?]
	at java.security.AccessController.doPrivileged(Native Method) [?:1.8.0_212]
	at javax.security.auth.Subject.doAs(Subject.java:422) [?:1.8.0_212]
	at org.apache.hadoop.security.UserGroupInformation.doAs(UserGroupInformation.java:1730) [hadoop-common-3.2.0.jar:?]
	at org.apache.hadoop.ipc.Server$Handler.run(Server.java:2682) [hadoop-common-3.2.0.jar:?]
2019-07-13 22:40:41,992 ERROR io.BlockOutputStreamEntryPool (BlockOutputStreamEntryPool.java:allocateBlockIfNeeded(299)) - Try to allocate more blocks for write failed, already allocated 0 blocks for this write.
INTERNAL_ERROR org.apache.hadoop.ozone.om.exceptions.OMException: Allocated 0 blocks. Requested 1 blocks
	at org.apache.hadoop.ozone.om.protocolPB.OzoneManagerProtocolClientSideTranslatorPB.handleError(OzoneManagerProtocolClientSideTranslatorPB.java:720)
	at org.apache.hadoop.ozone.om.protocolPB.OzoneManagerProtocolClientSideTranslatorPB.allocateBlock(OzoneManagerProtocolClientSideTranslatorPB.java:752)
	at org.apache.hadoop.ozone.client.io.BlockOutputStreamEntryPool.allocateNewBlock(BlockOutputStreamEntryPool.java:248)
	at org.apache.hadoop.ozone.client.io.BlockOutputStreamEntryPool.allocateBlockIfNeeded(BlockOutputStreamEntryPool.java:296)
	at org.apache.hadoop.ozone.client.io.KeyOutputStream.handleWrite(KeyOutputStream.java:201)
	at org.apache.hadoop.ozone.client.io.KeyOutputStream.handleRetry(KeyOutputStream.java:376)
	at org.apache.hadoop.ozone.client.io.KeyOutputStream.handleException(KeyOutputStream.java:325)
	at org.apache.hadoop.ozone.client.io.KeyOutputStream.handleFlushOrClose(KeyOutputStream.java:448)
	at org.apache.hadoop.ozone.client.io.KeyOutputStream.flush(KeyOutputStream.java:396)
	at org.apache.hadoop.ozone.client.io.OzoneOutputStream.flush(OzoneOutputStream.java:54)
	at org.apache.hadoop.ozone.client.rpc.TestFailureHandlingByClient.testPipelineExclusionWithPipelineFailure(TestFailureHandlingByClient.java:445)
	at sun.reflect.NativeMethodAccessorImpl.invoke0(Native Method)
	at sun.reflect.NativeMethodAccessorImpl.invoke(NativeMethodAccessorImpl.java:62)
	at sun.reflect.DelegatingMethodAccessorImpl.invoke(DelegatingMethodAccessorImpl.java:43)
	at java.lang.reflect.Method.invoke(Method.java:498)
	at org.junit.runners.model.FrameworkMethod$1.runReflectiveCall(FrameworkMethod.java:47)
	at org.junit.internal.runners.model.ReflectiveCallable.run(ReflectiveCallable.java:12)
	at org.junit.runners.model.FrameworkMethod.invokeExplosively(FrameworkMethod.java:44)
	at org.junit.internal.runners.statements.InvokeMethod.evaluate(InvokeMethod.java:17)
	at org.junit.runners.ParentRunner.runLeaf(ParentRunner.java:271)
	at org.junit.runners.BlockJUnit4ClassRunner.runChild(BlockJUnit4ClassRunner.java:70)
	at org.junit.runners.BlockJUnit4ClassRunner.runChild(BlockJUnit4ClassRunner.java:50)
	at org.junit.runners.ParentRunner$3.run(ParentRunner.java:238)
	at org.junit.runners.ParentRunner$1.schedule(ParentRunner.java:63)
	at org.junit.runners.ParentRunner.runChildren(ParentRunner.java:236)
	at org.junit.runners.ParentRunner.access$000(ParentRunner.java:53)
	at org.junit.runners.ParentRunner$2.evaluate(ParentRunner.java:229)
	at org.junit.runners.ParentRunner.run(ParentRunner.java:309)
	at org.apache.maven.surefire.junit4.JUnit4Provider.execute(JUnit4Provider.java:365)
	at org.apache.maven.surefire.junit4.JUnit4Provider.executeWithRerun(JUnit4Provider.java:273)
	at org.apache.maven.surefire.junit4.JUnit4Provider.executeTestSet(JUnit4Provider.java:238)
	at org.apache.maven.surefire.junit4.JUnit4Provider.invoke(JUnit4Provider.java:159)
	at org.apache.maven.surefire.booter.ForkedBooter.invokeProviderInSameClassLoader(ForkedBooter.java:384)
	at org.apache.maven.surefire.booter.ForkedBooter.runSuitesInProcess(ForkedBooter.java:345)
	at org.apache.maven.surefire.booter.ForkedBooter.execute(ForkedBooter.java:126)
	at org.apache.maven.surefire.booter.ForkedBooter.main(ForkedBooter.java:418)
]]></system-out>
    <system-err><![CDATA[ERROR StatusLogger No Log4j 2 configuration file found. Using default configuration (logging only errors to the console), or user programmatically provided configurations. Set system property 'log4j2.debug' to show Log4j 2 internal initialization logging. See https://logging.apache.org/log4j/2.x/manual/configuration.html for instructions on how to configure Log4j 2
Jul 13, 2019 10:40:25 PM com.sun.jersey.server.impl.application.WebApplicationImpl _initiate
INFO: Initiating Jersey application, version 'Jersey: 1.19 02/11/2015 03:25 AM'
Jul 13, 2019 10:40:26 PM com.sun.jersey.server.impl.application.WebApplicationImpl _initiate
INFO: Initiating Jersey application, version 'Jersey: 1.19 02/11/2015 03:25 AM'
Jul 13, 2019 10:40:27 PM com.sun.jersey.server.impl.application.WebApplicationImpl _initiate
INFO: Initiating Jersey application, version 'Jersey: 1.19 02/11/2015 03:25 AM'
Jul 13, 2019 10:40:27 PM com.sun.jersey.server.impl.application.WebApplicationImpl _initiate
INFO: Initiating Jersey application, version 'Jersey: 1.19 02/11/2015 03:25 AM'
Jul 13, 2019 10:40:27 PM com.sun.jersey.server.impl.application.WebApplicationImpl _initiate
INFO: Initiating Jersey application, version 'Jersey: 1.19 02/11/2015 03:25 AM'
Jul 13, 2019 10:40:27 PM com.sun.jersey.server.impl.application.WebApplicationImpl _initiate
INFO: Initiating Jersey application, version 'Jersey: 1.19 02/11/2015 03:25 AM'
]]></system-err>
  </testcase>
  <testcase name="testContainerExclusionWithClosedContainerException" classname="org.apache.hadoop.ozone.client.rpc.TestFailureHandlingByClient" time="15.69">
    <error message="Allocated 0 blocks. Requested 1 blocks" type="INTERNAL_ERROR org.apache.hadoop.ozone.om.exceptions.OMException">INTERNAL_ERROR org.apache.hadoop.ozone.om.exceptions.OMException: Allocated 0 blocks. Requested 1 blocks
	at org.apache.hadoop.ozone.om.protocolPB.OzoneManagerProtocolClientSideTranslatorPB.handleError(OzoneManagerProtocolClientSideTranslatorPB.java:720)
	at org.apache.hadoop.ozone.om.protocolPB.OzoneManagerProtocolClientSideTranslatorPB.allocateBlock(OzoneManagerProtocolClientSideTranslatorPB.java:752)
	at org.apache.hadoop.ozone.client.io.BlockOutputStreamEntryPool.allocateNewBlock(BlockOutputStreamEntryPool.java:248)
	at org.apache.hadoop.ozone.client.io.BlockOutputStreamEntryPool.allocateBlockIfNeeded(BlockOutputStreamEntryPool.java:296)
	at org.apache.hadoop.ozone.client.io.KeyOutputStream.handleWrite(KeyOutputStream.java:201)
	at org.apache.hadoop.ozone.client.io.KeyOutputStream.handleRetry(KeyOutputStream.java:376)
	at org.apache.hadoop.ozone.client.io.KeyOutputStream.handleException(KeyOutputStream.java:325)
	at org.apache.hadoop.ozone.client.io.KeyOutputStream.handleFlushOrClose(KeyOutputStream.java:448)
	at org.apache.hadoop.ozone.client.io.KeyOutputStream.flush(KeyOutputStream.java:396)
	at org.apache.hadoop.ozone.client.io.OzoneOutputStream.flush(OzoneOutputStream.java:54)
	at org.apache.hadoop.ozone.client.rpc.TestFailureHandlingByClient.testContainerExclusionWithClosedContainerException(TestFailureHandlingByClient.java:322)
	at sun.reflect.NativeMethodAccessorImpl.invoke0(Native Method)
	at sun.reflect.NativeMethodAccessorImpl.invoke(NativeMethodAccessorImpl.java:62)
	at sun.reflect.DelegatingMethodAccessorImpl.invoke(DelegatingMethodAccessorImpl.java:43)
	at java.lang.reflect.Method.invoke(Method.java:498)
	at org.junit.runners.model.FrameworkMethod$1.runReflectiveCall(FrameworkMethod.java:47)
	at org.junit.internal.runners.model.ReflectiveCallable.run(ReflectiveCallable.java:12)
	at org.junit.runners.model.FrameworkMethod.invokeExplosively(FrameworkMethod.java:44)
	at org.junit.internal.runners.statements.InvokeMethod.evaluate(InvokeMethod.java:17)
	at org.junit.runners.ParentRunner.runLeaf(ParentRunner.java:271)
	at org.junit.runners.BlockJUnit4ClassRunner.runChild(BlockJUnit4ClassRunner.java:70)
	at org.junit.runners.BlockJUnit4ClassRunner.runChild(BlockJUnit4ClassRunner.java:50)
	at org.junit.runners.ParentRunner$3.run(ParentRunner.java:238)
	at org.junit.runners.ParentRunner$1.schedule(ParentRunner.java:63)
	at org.junit.runners.ParentRunner.runChildren(ParentRunner.java:236)
	at org.junit.runners.ParentRunner.access$000(ParentRunner.java:53)
	at org.junit.runners.ParentRunner$2.evaluate(ParentRunner.java:229)
	at org.junit.runners.ParentRunner.run(ParentRunner.java:309)
	at org.apache.maven.surefire.junit4.JUnit4Provider.execute(JUnit4Provider.java:365)
	at org.apache.maven.surefire.junit4.JUnit4Provider.executeWithRerun(JUnit4Provider.java:273)
	at org.apache.maven.surefire.junit4.JUnit4Provider.executeTestSet(JUnit4Provider.java:238)
	at org.apache.maven.surefire.junit4.JUnit4Provider.invoke(JUnit4Provider.java:159)
	at org.apache.maven.surefire.booter.ForkedBooter.invokeProviderInSameClassLoader(ForkedBooter.java:384)
	at org.apache.maven.surefire.booter.ForkedBooter.runSuitesInProcess(ForkedBooter.java:345)
	at org.apache.maven.surefire.booter.ForkedBooter.execute(ForkedBooter.java:126)
	at org.apache.maven.surefire.booter.ForkedBooter.main(ForkedBooter.java:418)
</error>
    <system-out><![CDATA[2019-07-13 22:40:42,030 WARN  server.ServerUtils (ServerUtils.java:getScmDbDir(145)) - ozone.scm.db.dirs is not configured. We recommend adding this setting. Falling back to ozone.metadata.dirs instead.
2019-07-13 22:40:42,046 WARN  server.ServerUtils (ServerUtils.java:getScmDbDir(145)) - ozone.scm.db.dirs is not configured. We recommend adding this setting. Falling back to ozone.metadata.dirs instead.
2019-07-13 22:40:42,046 WARN  server.ServerUtils (ServerUtils.java:getScmDbDir(145)) - ozone.scm.db.dirs is not configured. We recommend adding this setting. Falling back to ozone.metadata.dirs instead.
2019-07-13 22:40:42,047 INFO  db.DBStoreBuilder (DBStoreBuilder.java:addTable(110)) - using custom profile for table: deletedBlocks
2019-07-13 22:40:42,047 INFO  db.DBStoreBuilder (DBStoreBuilder.java:processTables(161)) - Using default column profile:DBProfile.DISK for Table:deletedBlocks
2019-07-13 22:40:42,048 INFO  db.DBStoreBuilder (DBStoreBuilder.java:addTable(110)) - using custom profile for table: validCerts
2019-07-13 22:40:42,048 INFO  db.DBStoreBuilder (DBStoreBuilder.java:processTables(161)) - Using default column profile:DBProfile.DISK for Table:validCerts
2019-07-13 22:40:42,048 INFO  db.DBStoreBuilder (DBStoreBuilder.java:addTable(110)) - using custom profile for table: revokedCerts
2019-07-13 22:40:42,048 INFO  db.DBStoreBuilder (DBStoreBuilder.java:processTables(161)) - Using default column profile:DBProfile.DISK for Table:revokedCerts
2019-07-13 22:40:42,049 INFO  db.DBStoreBuilder (DBStoreBuilder.java:addTable(110)) - using custom profile for table: default
2019-07-13 22:40:42,049 INFO  db.DBStoreBuilder (DBStoreBuilder.java:processTables(167)) - Using default column profile:DBProfile.DISK for Table:default
2019-07-13 22:40:42,049 INFO  db.DBStoreBuilder (DBStoreBuilder.java:getDbProfile(198)) - Using default options. DBProfile.DISK
2019-07-13 22:40:42,153 INFO  net.NodeSchemaLoader (NodeSchemaLoader.java:loadSchemaFromFile(125)) - Loading file from sun.misc.CompoundEnumeration@f18b738
2019-07-13 22:40:42,153 INFO  net.NodeSchemaLoader (NodeSchemaLoader.java:loadSchema(171)) - Loading network topology layer schema file
2019-07-13 22:40:42,159 INFO  node.SCMNodeManager (SCMNodeManager.java:<init>(119)) - Entering startup safe mode.
2019-07-13 22:40:42,161 WARN  server.ServerUtils (ServerUtils.java:getScmDbDir(145)) - ozone.scm.db.dirs is not configured. We recommend adding this setting. Falling back to ozone.metadata.dirs instead.
2019-07-13 22:40:42,186 INFO  pipeline.SCMPipelineManager (SCMPipelineManager.java:initializePipelineState(126)) - No pipeline exists in current db
2019-07-13 22:40:42,186 WARN  server.ServerUtils (ServerUtils.java:getScmDbDir(145)) - ozone.scm.db.dirs is not configured. We recommend adding this setting. Falling back to ozone.metadata.dirs instead.
2019-07-13 22:40:42,226 WARN  events.EventQueue (EventQueue.java:fireEvent(175)) - No event handler registered for event TypedEvent{payloadType=SafeModeStatus, name='SafeModeStatus'}
2019-07-13 22:40:42,229 INFO  ipc.CallQueueManager (CallQueueManager.java:<init>(84)) - Using callQueue: class java.util.concurrent.LinkedBlockingQueue, queueCapacity: 2000, scheduler: class org.apache.hadoop.ipc.DefaultRpcScheduler, ipcBackoff: false.
2019-07-13 22:40:42,230 INFO  ipc.Server (Server.java:run(1074)) - Starting Socket Reader #1 for port 39000
2019-07-13 22:40:42,236 INFO  ipc.CallQueueManager (CallQueueManager.java:<init>(84)) - Using callQueue: class java.util.concurrent.LinkedBlockingQueue, queueCapacity: 2000, scheduler: class org.apache.hadoop.ipc.DefaultRpcScheduler, ipcBackoff: false.
2019-07-13 22:40:42,237 INFO  ipc.Server (Server.java:run(1074)) - Starting Socket Reader #1 for port 38947
2019-07-13 22:40:42,242 INFO  ipc.CallQueueManager (CallQueueManager.java:<init>(84)) - Using callQueue: class java.util.concurrent.LinkedBlockingQueue, queueCapacity: 2000, scheduler: class org.apache.hadoop.ipc.DefaultRpcScheduler, ipcBackoff: false.
2019-07-13 22:40:42,243 INFO  ipc.Server (Server.java:run(1074)) - Starting Socket Reader #1 for port 34339
2019-07-13 22:40:42,248 INFO  hdfs.DFSUtil (DFSUtil.java:httpServerTemplateForNNAndJN(1641)) - Starting Web-server for scm at: http://0.0.0.0:0
2019-07-13 22:40:42,251 INFO  server.AuthenticationFilter (AuthenticationFilter.java:constructSecretProvider(240)) - Unable to initialize FileSignerSecretProvider, falling back to use random secrets.
2019-07-13 22:40:42,252 WARN  http.HttpRequestLog (HttpRequestLog.java:getRequestLog(97)) - Jetty request log can only be enabled using Log4j
2019-07-13 22:40:42,255 INFO  http.HttpServer2 (HttpServer2.java:addGlobalFilter(975)) - Added global filter 'safety' (class=org.apache.hadoop.http.HttpServer2$QuotingInputFilter)
2019-07-13 22:40:42,256 INFO  http.HttpServer2 (HttpServer2.java:addFilter(948)) - Added filter static_user_filter (class=org.apache.hadoop.http.lib.StaticUserWebFilter$StaticUserFilter) to context scm
2019-07-13 22:40:42,256 INFO  http.HttpServer2 (HttpServer2.java:addFilter(958)) - Added filter static_user_filter (class=org.apache.hadoop.http.lib.StaticUserWebFilter$StaticUserFilter) to context logs
2019-07-13 22:40:42,256 INFO  http.HttpServer2 (HttpServer2.java:addFilter(958)) - Added filter static_user_filter (class=org.apache.hadoop.http.lib.StaticUserWebFilter$StaticUserFilter) to context static
2019-07-13 22:40:42,266 INFO  server.StorageContainerManager (StorageContainerManager.java:start(759)) - StorageContainerLocationProtocol RPC server is listening at /0.0.0.0:34339
2019-07-13 22:40:42,266 INFO  impl.MetricsSystemImpl (MetricsSystemImpl.java:init(158)) - StorageContainerManager metrics system started (again)
2019-07-13 22:40:42,267 INFO  server.SCMClientProtocolServer (SCMClientProtocolServer.java:start(149)) - RPC server for Client  is listening at /0.0.0.0:34339
2019-07-13 22:40:42,268 INFO  ipc.Server (Server.java:run(1314)) - IPC Server Responder: starting
2019-07-13 22:40:42,268 INFO  ipc.Server (Server.java:run(1153)) - IPC Server listener on 34339: starting
2019-07-13 22:40:42,277 INFO  server.StorageContainerManager (StorageContainerManager.java:start(768)) - ScmBlockLocationProtocol RPC server is listening at /0.0.0.0:38947
2019-07-13 22:40:42,277 INFO  server.SCMBlockProtocolServer (SCMBlockProtocolServer.java:start(140)) - RPC server for Block Protocol is listening at /0.0.0.0:38947
2019-07-13 22:40:42,277 INFO  ipc.Server (Server.java:run(1314)) - IPC Server Responder: starting
2019-07-13 22:40:42,278 INFO  ipc.Server (Server.java:run(1153)) - IPC Server listener on 38947: starting
2019-07-13 22:40:42,286 INFO  server.StorageContainerManager (StorageContainerManager.java:start(772)) - ScmDatanodeProtocl RPC server is listening at /0.0.0.0:39000
2019-07-13 22:40:42,286 INFO  server.SCMDatanodeProtocolServer (SCMDatanodeProtocolServer.java:start(191)) - RPC server for DataNodes is listening at /0.0.0.0:39000
2019-07-13 22:40:42,287 INFO  ipc.Server (Server.java:run(1314)) - IPC Server Responder: starting
2019-07-13 22:40:42,287 INFO  ipc.Server (Server.java:run(1153)) - IPC Server listener on 39000: starting
2019-07-13 22:40:42,295 INFO  http.HttpServer2 (HttpServer2.java:bindListener(1191)) - Jetty bound to port 39636
2019-07-13 22:40:42,295 INFO  server.Server (Server.java:doStart(351)) - jetty-9.3.24.v20180605, build timestamp: 2018-06-05T17:11:56Z, git hash: 84205aa28f11a4f31f2a3b86d1bba2cc8ab69827
2019-07-13 22:40:42,298 INFO  handler.ContextHandler (ContextHandler.java:doStart(781)) - Started o.e.j.s.ServletContextHandler@53cddaf8{/logs,file:///tmp/workdir/hadoop-ozone/integration-test/target/log,AVAILABLE}
2019-07-13 22:40:42,299 INFO  handler.ContextHandler (ContextHandler.java:doStart(781)) - Started o.e.j.s.ServletContextHandler@1ccc1026{/static,file:///tmp/workdir/hadoop-ozone/integration-test/target/test-classes/webapps/static,AVAILABLE}
2019-07-13 22:40:42,306 INFO  handler.ContextHandler (ContextHandler.java:doStart(781)) - Started o.e.j.w.WebAppContext@6060146b{/,file:///tmp/workdir/hadoop-ozone/integration-test/target/test-classes/webapps/scm/,AVAILABLE}{/scm}
2019-07-13 22:40:42,308 INFO  server.AbstractConnector (AbstractConnector.java:doStart(278)) - Started ServerConnector@33627576{HTTP/1.1,[http/1.1]}{0.0.0.0:39636}
2019-07-13 22:40:42,308 INFO  server.Server (Server.java:doStart(419)) - Started @21130ms
2019-07-13 22:40:42,309 INFO  server.BaseHttpServer (BaseHttpServer.java:updateConnectorAddress(207)) - HTTP server of SCM is listening at http://0.0.0.0:39636
2019-07-13 22:40:42,310 WARN  server.ServerUtils (ServerUtils.java:getDBPath(222)) - ozone.om.db.dirs is not configured. We recommend adding this setting. Falling back to ozone.metadata.dirs instead.
2019-07-13 22:40:42,310 INFO  util.JvmPauseMonitor (JvmPauseMonitor.java:run(188)) - Starting JVM pause monitor
2019-07-13 22:40:42,317 WARN  server.ServerUtils (ServerUtils.java:getDBPath(222)) - ozone.om.db.dirs is not configured. We recommend adding this setting. Falling back to ozone.metadata.dirs instead.
2019-07-13 22:40:42,317 INFO  om.OzoneManager (OzoneManager.java:setOMNodeDetails(630)) - OM Service ID is not set. Setting it to the default ID: omServiceIdDefault
2019-07-13 22:40:42,318 INFO  om.OzoneManager (OzoneManager.java:setOMNodeDetails(636)) - OM Node ID is not set. Setting it to the OmStorage's OmID: 3b510f81-7c35-404a-bcc4-890b6badbd73
2019-07-13 22:40:42,318 INFO  om.OzoneManager (OzoneManager.java:loadOMHAConfigs(587)) - Found matching OM address with OMServiceId: null, OMNodeId: null, RPC Address: localhost:0 and Ratis port: 9872
2019-07-13 22:40:42,332 WARN  server.ServerUtils (ServerUtils.java:getDBPath(222)) - ozone.om.db.dirs is not configured. We recommend adding this setting. Falling back to ozone.metadata.dirs instead.
2019-07-13 22:40:42,332 INFO  db.DBStoreBuilder (DBStoreBuilder.java:addTable(110)) - using custom profile for table: userTable
2019-07-13 22:40:42,333 INFO  db.DBStoreBuilder (DBStoreBuilder.java:processTables(161)) - Using default column profile:DBProfile.DISK for Table:userTable
2019-07-13 22:40:42,333 INFO  db.DBStoreBuilder (DBStoreBuilder.java:addTable(110)) - using custom profile for table: volumeTable
2019-07-13 22:40:42,333 INFO  db.DBStoreBuilder (DBStoreBuilder.java:processTables(161)) - Using default column profile:DBProfile.DISK for Table:volumeTable
2019-07-13 22:40:42,333 INFO  db.DBStoreBuilder (DBStoreBuilder.java:addTable(110)) - using custom profile for table: bucketTable
2019-07-13 22:40:42,334 INFO  db.DBStoreBuilder (DBStoreBuilder.java:processTables(161)) - Using default column profile:DBProfile.DISK for Table:bucketTable
2019-07-13 22:40:42,334 INFO  db.DBStoreBuilder (DBStoreBuilder.java:addTable(110)) - using custom profile for table: keyTable
2019-07-13 22:40:42,334 INFO  db.DBStoreBuilder (DBStoreBuilder.java:processTables(161)) - Using default column profile:DBProfile.DISK for Table:keyTable
2019-07-13 22:40:42,334 INFO  db.DBStoreBuilder (DBStoreBuilder.java:addTable(110)) - using custom profile for table: deletedTable
2019-07-13 22:40:42,335 INFO  db.DBStoreBuilder (DBStoreBuilder.java:processTables(161)) - Using default column profile:DBProfile.DISK for Table:deletedTable
2019-07-13 22:40:42,335 INFO  db.DBStoreBuilder (DBStoreBuilder.java:addTable(110)) - using custom profile for table: openKeyTable
2019-07-13 22:40:42,335 INFO  db.DBStoreBuilder (DBStoreBuilder.java:processTables(161)) - Using default column profile:DBProfile.DISK for Table:openKeyTable
2019-07-13 22:40:42,336 INFO  db.DBStoreBuilder (DBStoreBuilder.java:addTable(110)) - using custom profile for table: s3Table
2019-07-13 22:40:42,336 INFO  db.DBStoreBuilder (DBStoreBuilder.java:processTables(161)) - Using default column profile:DBProfile.DISK for Table:s3Table
2019-07-13 22:40:42,336 INFO  db.DBStoreBuilder (DBStoreBuilder.java:addTable(110)) - using custom profile for table: multipartInfoTable
2019-07-13 22:40:42,336 INFO  db.DBStoreBuilder (DBStoreBuilder.java:processTables(161)) - Using default column profile:DBProfile.DISK for Table:multipartInfoTable
2019-07-13 22:40:42,337 INFO  db.DBStoreBuilder (DBStoreBuilder.java:addTable(110)) - using custom profile for table: dTokenTable
2019-07-13 22:40:42,337 INFO  db.DBStoreBuilder (DBStoreBuilder.java:processTables(161)) - Using default column profile:DBProfile.DISK for Table:dTokenTable
2019-07-13 22:40:42,337 INFO  db.DBStoreBuilder (DBStoreBuilder.java:addTable(110)) - using custom profile for table: s3SecretTable
2019-07-13 22:40:42,337 INFO  db.DBStoreBuilder (DBStoreBuilder.java:processTables(161)) - Using default column profile:DBProfile.DISK for Table:s3SecretTable
2019-07-13 22:40:42,338 INFO  db.DBStoreBuilder (DBStoreBuilder.java:addTable(110)) - using custom profile for table: prefixTable
2019-07-13 22:40:42,338 INFO  db.DBStoreBuilder (DBStoreBuilder.java:processTables(161)) - Using default column profile:DBProfile.DISK for Table:prefixTable
2019-07-13 22:40:42,338 INFO  db.DBStoreBuilder (DBStoreBuilder.java:addTable(110)) - using custom profile for table: default
2019-07-13 22:40:42,338 INFO  db.DBStoreBuilder (DBStoreBuilder.java:processTables(167)) - Using default column profile:DBProfile.DISK for Table:default
2019-07-13 22:40:42,339 INFO  db.DBStoreBuilder (DBStoreBuilder.java:getDbProfile(198)) - Using default options. DBProfile.DISK
2019-07-13 22:40:42,592 INFO  ipc.CallQueueManager (CallQueueManager.java:<init>(84)) - Using callQueue: class java.util.concurrent.LinkedBlockingQueue, queueCapacity: 2000, scheduler: class org.apache.hadoop.ipc.DefaultRpcScheduler, ipcBackoff: false.
2019-07-13 22:40:42,593 INFO  ipc.Server (Server.java:run(1074)) - Starting Socket Reader #1 for port 44693
2019-07-13 22:40:42,619 WARN  server.ServerUtils (ServerUtils.java:getDBPath(222)) - ozone.om.db.dirs is not configured. We recommend adding this setting. Falling back to ozone.metadata.dirs instead.
2019-07-13 22:40:42,619 INFO  om.OzoneManager (OzoneManager.java:start(1228)) - OzoneManager RPC server is listening at localhost/127.0.0.1:44693
2019-07-13 22:40:42,619 INFO  impl.MetricsSystemImpl (MetricsSystemImpl.java:init(158)) - OzoneManager metrics system started (again)
2019-07-13 22:40:42,620 INFO  ipc.Server (Server.java:run(1314)) - IPC Server Responder: starting
2019-07-13 22:40:42,620 INFO  ipc.Server (Server.java:run(1153)) - IPC Server listener on 44693: starting
2019-07-13 22:40:42,632 INFO  hdfs.DFSUtil (DFSUtil.java:httpServerTemplateForNNAndJN(1641)) - Starting Web-server for ozoneManager at: http://0.0.0.0:0
2019-07-13 22:40:42,634 INFO  server.AuthenticationFilter (AuthenticationFilter.java:constructSecretProvider(240)) - Unable to initialize FileSignerSecretProvider, falling back to use random secrets.
2019-07-13 22:40:42,634 WARN  http.HttpRequestLog (HttpRequestLog.java:getRequestLog(97)) - Jetty request log can only be enabled using Log4j
2019-07-13 22:40:42,636 INFO  http.HttpServer2 (HttpServer2.java:addGlobalFilter(975)) - Added global filter 'safety' (class=org.apache.hadoop.http.HttpServer2$QuotingInputFilter)
2019-07-13 22:40:42,637 INFO  http.HttpServer2 (HttpServer2.java:addFilter(948)) - Added filter static_user_filter (class=org.apache.hadoop.http.lib.StaticUserWebFilter$StaticUserFilter) to context ozoneManager
2019-07-13 22:40:42,637 INFO  http.HttpServer2 (HttpServer2.java:addFilter(958)) - Added filter static_user_filter (class=org.apache.hadoop.http.lib.StaticUserWebFilter$StaticUserFilter) to context static
2019-07-13 22:40:42,637 INFO  http.HttpServer2 (HttpServer2.java:addFilter(958)) - Added filter static_user_filter (class=org.apache.hadoop.http.lib.StaticUserWebFilter$StaticUserFilter) to context logs
2019-07-13 22:40:42,638 INFO  http.HttpServer2 (HttpServer2.java:bindListener(1191)) - Jetty bound to port 37074
2019-07-13 22:40:42,638 INFO  server.Server (Server.java:doStart(351)) - jetty-9.3.24.v20180605, build timestamp: 2018-06-05T17:11:56Z, git hash: 84205aa28f11a4f31f2a3b86d1bba2cc8ab69827
2019-07-13 22:40:42,641 INFO  handler.ContextHandler (ContextHandler.java:doStart(781)) - Started o.e.j.s.ServletContextHandler@45984654{/logs,file:///tmp/workdir/hadoop-ozone/integration-test/target/log,AVAILABLE}
2019-07-13 22:40:42,641 INFO  handler.ContextHandler (ContextHandler.java:doStart(781)) - Started o.e.j.s.ServletContextHandler@66b0e207{/static,file:///tmp/workdir/hadoop-ozone/integration-test/target/test-classes/webapps/static,AVAILABLE}
2019-07-13 22:40:42,646 INFO  handler.ContextHandler (ContextHandler.java:doStart(781)) - Started o.e.j.w.WebAppContext@d9f5fce{/,file:///tmp/workdir/hadoop-ozone/integration-test/target/test-classes/webapps/ozoneManager/,AVAILABLE}{/ozoneManager}
2019-07-13 22:40:42,647 INFO  server.AbstractConnector (AbstractConnector.java:doStart(278)) - Started ServerConnector@49653791{HTTP/1.1,[http/1.1]}{0.0.0.0:37074}
2019-07-13 22:40:42,649 INFO  server.Server (Server.java:doStart(419)) - Started @21470ms
2019-07-13 22:40:42,650 INFO  server.BaseHttpServer (BaseHttpServer.java:updateConnectorAddress(207)) - HTTP server of OZONEMANAGER is listening at http://0.0.0.0:37074
2019-07-13 22:40:42,664 INFO  impl.MetricsSystemImpl (MetricsSystemImpl.java:init(158)) - HddsDatanode metrics system started (again)
2019-07-13 22:40:42,664 INFO  ozone.HddsDatanodeService (HddsDatanodeService.java:start(185)) - HddsDatanodeService host:trunk-nightly-x8m8d-1534914823 ip:192.168.5.159
2019-07-13 22:40:42,678 INFO  volume.HddsVolume (HddsVolume.java:<init>(176)) - Creating Volume: /tmp/workdir/hadoop-ozone/integration-test/target/test-dir/MiniOzoneClusterImpl-fafd0a6a-d653-4c63-bc60-dea908c2499e/datanode-0/data/containers/hdds of  storage type : DISK and capacity : 52710309888
2019-07-13 22:40:42,678 INFO  volume.VolumeSet (VolumeSet.java:initializeVolumeSet(170)) - Added Volume : /tmp/workdir/hadoop-ozone/integration-test/target/test-dir/MiniOzoneClusterImpl-fafd0a6a-d653-4c63-bc60-dea908c2499e/datanode-0/data/containers/hdds to VolumeSet
2019-07-13 22:40:42,679 INFO  volume.ThrottledAsyncChecker (ThrottledAsyncChecker.java:schedule(140)) - Scheduling a check for org.apache.hadoop.ozone.container.common.volume.HddsVolume@563317c1
2019-07-13 22:40:42,679 INFO  volume.HddsVolumeChecker (HddsVolumeChecker.java:checkAllVolumes(203)) - Scheduled health check for volume org.apache.hadoop.ozone.container.common.volume.HddsVolume@563317c1
2019-07-13 22:40:42,698 INFO  impl.RaftServerProxy (ConfUtils.java:logGet(43)) - raft.rpc.type = GRPC (default)
2019-07-13 22:40:42,698 INFO  grpc.GrpcFactory (GrpcFactory.java:checkPooledByteBufAllocatorUseCacheForAllThreads(45)) - PERFORMANCE WARNING: useCacheForAllThreads is true that may cause Netty to create a lot garbage objects and, as a result, trigger GC.
	It is recommended to disable useCacheForAllThreads by setting -Dorg.apache.ratis.thirdparty.io.netty.allocator.useCacheForAllThreads=false in command line.
2019-07-13 22:40:42,699 INFO  grpc.GrpcConfigKeys$Server (ConfUtils.java:logGet(43)) - raft.grpc.server.port = 0 (default)
2019-07-13 22:40:42,699 INFO  server.GrpcService (ConfUtils.java:logGet(43)) - raft.grpc.message.size.max = 33570816 (custom)
2019-07-13 22:40:42,699 INFO  server.RaftServerConfigKeys (ConfUtils.java:logGet(43)) - raft.server.log.appender.buffer.byte-limit = 33554432 (custom)
2019-07-13 22:40:42,699 INFO  server.GrpcService (ConfUtils.java:logGet(43)) - raft.grpc.flow.control.window = 1MB (=1048576) (default)
2019-07-13 22:40:42,699 INFO  server.RaftServerConfigKeys (ConfUtils.java:logGet(43)) - raft.server.rpc.request.timeout = 3000ms (default)
2019-07-13 22:40:42,700 INFO  server.RaftServerConfigKeys (ConfUtils.java:logGet(43)) - raft.server.storage.dir = [/tmp/workdir/hadoop-ozone/integration-test/target/test-dir/MiniOzoneClusterImpl-fafd0a6a-d653-4c63-bc60-dea908c2499e/datanode-0/data/ratis] (custom)
2019-07-13 22:40:42,701 INFO  replication.SimpleContainerDownloader (SimpleContainerDownloader.java:<init>(72)) - Starting container downloader service to copy containers to replicate.
2019-07-13 22:40:42,702 INFO  hdfs.DFSUtil (DFSUtil.java:httpServerTemplateForNNAndJN(1641)) - Starting Web-server for hddsDatanode at: http://0.0.0.0:0
2019-07-13 22:40:42,703 INFO  server.AuthenticationFilter (AuthenticationFilter.java:constructSecretProvider(240)) - Unable to initialize FileSignerSecretProvider, falling back to use random secrets.
2019-07-13 22:40:42,704 WARN  http.HttpRequestLog (HttpRequestLog.java:getRequestLog(97)) - Jetty request log can only be enabled using Log4j
2019-07-13 22:40:42,705 INFO  http.HttpServer2 (HttpServer2.java:addGlobalFilter(975)) - Added global filter 'safety' (class=org.apache.hadoop.http.HttpServer2$QuotingInputFilter)
2019-07-13 22:40:42,721 INFO  http.HttpServer2 (HttpServer2.java:addFilter(948)) - Added filter static_user_filter (class=org.apache.hadoop.http.lib.StaticUserWebFilter$StaticUserFilter) to context hddsDatanode
2019-07-13 22:40:42,721 INFO  http.HttpServer2 (HttpServer2.java:addFilter(958)) - Added filter static_user_filter (class=org.apache.hadoop.http.lib.StaticUserWebFilter$StaticUserFilter) to context logs
2019-07-13 22:40:42,721 INFO  http.HttpServer2 (HttpServer2.java:addFilter(958)) - Added filter static_user_filter (class=org.apache.hadoop.http.lib.StaticUserWebFilter$StaticUserFilter) to context static
2019-07-13 22:40:42,722 INFO  http.HttpServer2 (HttpServer2.java:bindListener(1191)) - Jetty bound to port 37459
2019-07-13 22:40:42,722 INFO  server.Server (Server.java:doStart(351)) - jetty-9.3.24.v20180605, build timestamp: 2018-06-05T17:11:56Z, git hash: 84205aa28f11a4f31f2a3b86d1bba2cc8ab69827
2019-07-13 22:40:42,724 INFO  handler.ContextHandler (ContextHandler.java:doStart(781)) - Started o.e.j.s.ServletContextHandler@1d17423f{/logs,file:///tmp/workdir/hadoop-ozone/integration-test/target/log,AVAILABLE}
2019-07-13 22:40:42,724 INFO  handler.ContextHandler (ContextHandler.java:doStart(781)) - Started o.e.j.s.ServletContextHandler@582dcd35{/static,jar:file:/home/user/.m2/repository/org/apache/hadoop/hadoop-hdds-container-service/0.5.0-SNAPSHOT/hadoop-hdds-container-service-0.5.0-SNAPSHOT.jar!/webapps/static,AVAILABLE}
2019-07-13 22:40:42,783 INFO  impl.FollowerState (FollowerState.java:run(106)) - 02e1fac3-94b3-4f59-b623-3d918e0be822:group-F2D605CBED3F changes to CANDIDATE, lastRpcTime:5090, electionTimeout:5088ms
2019-07-13 22:40:42,783 INFO  impl.RoleInfo (RoleInfo.java:shutdownFollowerState(121)) - 02e1fac3-94b3-4f59-b623-3d918e0be822: shutdown FollowerState
2019-07-13 22:40:42,784 INFO  impl.RaftServerImpl (RaftServerImpl.java:setRole(171)) - 02e1fac3-94b3-4f59-b623-3d918e0be822:group-F2D605CBED3F changes role from FOLLOWER to CANDIDATE at term 1 for changeToCandidate
2019-07-13 22:40:42,784 INFO  impl.RoleInfo (RoleInfo.java:updateAndGet(143)) - 02e1fac3-94b3-4f59-b623-3d918e0be822: start LeaderElection
2019-07-13 22:40:42,793 INFO  impl.LeaderElection (LeaderElection.java:askForVotes(181)) - 02e1fac3-94b3-4f59-b623-3d918e0be822:group-F2D605CBED3F:LeaderElection11: begin an election at term 2 for -1: [8525700b-6661-4c76-beaf-5d4719673f4c:192.168.5.159:45374, 0d1d30eb-195e-414c-af07-81f8ae20a2b8:192.168.5.159:40683, 02e1fac3-94b3-4f59-b623-3d918e0be822:192.168.5.159:46379], old=null
2019-07-13 22:40:42,794 INFO  handler.ContextHandler (ContextHandler.java:doStart(781)) - Started o.e.j.w.WebAppContext@11bfffb3{/,file:///tmp/jetty-0.0.0.0-37459-hddsDatanode-_-any-1680403416059477073.dir/webapp/,AVAILABLE}{/hddsDatanode}
2019-07-13 22:40:42,795 INFO  server.AbstractConnector (AbstractConnector.java:doStart(278)) - Started ServerConnector@6a7a1a0d{HTTP/1.1,[http/1.1]}{0.0.0.0:37459}
2019-07-13 22:40:42,798 INFO  server.Server (Server.java:doStart(419)) - Started @21619ms
2019-07-13 22:40:42,799 INFO  server.BaseHttpServer (BaseHttpServer.java:updateConnectorAddress(207)) - HTTP server of HDDSDATANODE is listening at http://0.0.0.0:37459
2019-07-13 22:40:42,804 INFO  impl.FollowerState (FollowerState.java:run(106)) - 0d1d30eb-195e-414c-af07-81f8ae20a2b8:group-F2D605CBED3F changes to CANDIDATE, lastRpcTime:5149, electionTimeout:5141ms
2019-07-13 22:40:42,804 INFO  impl.RoleInfo (RoleInfo.java:shutdownFollowerState(121)) - 0d1d30eb-195e-414c-af07-81f8ae20a2b8: shutdown FollowerState
2019-07-13 22:40:42,804 INFO  impl.RaftServerImpl (RaftServerImpl.java:setRole(171)) - 0d1d30eb-195e-414c-af07-81f8ae20a2b8:group-F2D605CBED3F changes role from FOLLOWER to CANDIDATE at term 1 for changeToCandidate
2019-07-13 22:40:42,804 INFO  impl.RaftServerImpl (RaftServerImpl.java:setRole(171)) - 8525700b-6661-4c76-beaf-5d4719673f4c:group-F2D605CBED3F changes role from FOLLOWER to FOLLOWER at term 2 for recognizeCandidate:02e1fac3-94b3-4f59-b623-3d918e0be822
2019-07-13 22:40:42,804 INFO  impl.RoleInfo (RoleInfo.java:updateAndGet(143)) - 0d1d30eb-195e-414c-af07-81f8ae20a2b8: start LeaderElection
2019-07-13 22:40:42,805 INFO  impl.RoleInfo (RoleInfo.java:shutdownFollowerState(121)) - 8525700b-6661-4c76-beaf-5d4719673f4c: shutdown FollowerState
2019-07-13 22:40:42,807 INFO  impl.FollowerState (FollowerState.java:run(114)) - 8525700b-6661-4c76-beaf-5d4719673f4c: FollowerState was interrupted: java.lang.InterruptedException: sleep interrupted
2019-07-13 22:40:42,807 INFO  impl.RaftServerImpl (RaftServerImpl.java:setRole(171)) - 0d1d30eb-195e-414c-af07-81f8ae20a2b8:group-F2D605CBED3F changes role from CANDIDATE to FOLLOWER at term 2 for recognizeCandidate:02e1fac3-94b3-4f59-b623-3d918e0be822
2019-07-13 22:40:42,807 INFO  impl.RoleInfo (RoleInfo.java:updateAndGet(143)) - 8525700b-6661-4c76-beaf-5d4719673f4c: start FollowerState
2019-07-13 22:40:42,809 INFO  impl.RoleInfo (RoleInfo.java:shutdownLeaderElection(134)) - 0d1d30eb-195e-414c-af07-81f8ae20a2b8: shutdown LeaderElection
2019-07-13 22:40:42,810 INFO  impl.RoleInfo (RoleInfo.java:updateAndGet(143)) - 0d1d30eb-195e-414c-af07-81f8ae20a2b8: start FollowerState
2019-07-13 22:40:42,826 INFO  impl.LeaderElection (LeaderElection.java:logAndReturn(56)) - 02e1fac3-94b3-4f59-b623-3d918e0be822:group-F2D605CBED3F:LeaderElection11: Election PASSED; received 2 response(s) [02e1fac3-94b3-4f59-b623-3d918e0be822<-8525700b-6661-4c76-beaf-5d4719673f4c#0:OK-t2, 02e1fac3-94b3-4f59-b623-3d918e0be822<-0d1d30eb-195e-414c-af07-81f8ae20a2b8#0:FAIL-t2] and 0 exception(s); 02e1fac3-94b3-4f59-b623-3d918e0be822:t2, leader=null, voted=02e1fac3-94b3-4f59-b623-3d918e0be822, raftlog=02e1fac3-94b3-4f59-b623-3d918e0be822-SegmentedRaftLog:OPENED:c-1,f-1,i0, conf=-1: [8525700b-6661-4c76-beaf-5d4719673f4c:192.168.5.159:45374, 0d1d30eb-195e-414c-af07-81f8ae20a2b8:192.168.5.159:40683, 02e1fac3-94b3-4f59-b623-3d918e0be822:192.168.5.159:46379], old=null
2019-07-13 22:40:42,827 INFO  impl.RoleInfo (RoleInfo.java:shutdownLeaderElection(134)) - 02e1fac3-94b3-4f59-b623-3d918e0be822: shutdown LeaderElection
2019-07-13 22:40:42,834 INFO  impl.RaftServerImpl (RaftServerImpl.java:setRole(171)) - 02e1fac3-94b3-4f59-b623-3d918e0be822:group-F2D605CBED3F changes role from CANDIDATE to LEADER at term 2 for changeToLeader
2019-07-13 22:40:42,834 INFO  impl.LeaderElection (LeaderElection.java:askForVotes(181)) - 0d1d30eb-195e-414c-af07-81f8ae20a2b8:group-F2D605CBED3F:LeaderElection12: begin an election at term 3 for -1: [8525700b-6661-4c76-beaf-5d4719673f4c:192.168.5.159:45374, 0d1d30eb-195e-414c-af07-81f8ae20a2b8:192.168.5.159:40683, 02e1fac3-94b3-4f59-b623-3d918e0be822:192.168.5.159:46379], old=null
2019-07-13 22:40:42,834 INFO  impl.RaftServerImpl (ServerState.java:setLeader(263)) - 02e1fac3-94b3-4f59-b623-3d918e0be822:group-F2D605CBED3F change Leader from null to 02e1fac3-94b3-4f59-b623-3d918e0be822 at term 2 for becomeLeader, leader elected after 10442ms
2019-07-13 22:40:42,837 INFO  server.RaftServerConfigKeys (ConfUtils.java:logGet(43)) - raft.server.staging.catchup.gap = 1000 (default)
2019-07-13 22:40:42,837 INFO  server.RaftServerConfigKeys (ConfUtils.java:logGet(43)) - raft.server.rpc.sleep.time = 25ms (default)
2019-07-13 22:40:42,837 INFO  impl.LeaderElection (LeaderElection.java:logAndReturn(56)) - 0d1d30eb-195e-414c-af07-81f8ae20a2b8:group-F2D605CBED3F:LeaderElection12: Election REJECTED; received 0 response(s) [] and 0 exception(s); 0d1d30eb-195e-414c-af07-81f8ae20a2b8:t3, leader=null, voted=0d1d30eb-195e-414c-af07-81f8ae20a2b8, raftlog=0d1d30eb-195e-414c-af07-81f8ae20a2b8-SegmentedRaftLog:OPENED:c-1,f-1,i0, conf=-1: [8525700b-6661-4c76-beaf-5d4719673f4c:192.168.5.159:45374, 0d1d30eb-195e-414c-af07-81f8ae20a2b8:192.168.5.159:40683, 02e1fac3-94b3-4f59-b623-3d918e0be822:192.168.5.159:46379], old=null
2019-07-13 22:40:42,837 INFO  server.RaftServerConfigKeys (ConfUtils.java:logGet(43)) - raft.server.write.element-limit = 4096 (default)
2019-07-13 22:40:42,837 INFO  server.RaftServerConfigKeys (ConfUtils.java:logGet(43)) - raft.server.watch.timeout = 10s (default)
2019-07-13 22:40:42,838 INFO  server.RaftServerConfigKeys (ConfUtils.java:logGet(43)) - raft.server.watch.timeout.denomination = 1s (default)
2019-07-13 22:40:42,838 INFO  server.RaftServerConfigKeys (ConfUtils.java:logGet(43)) - raft.server.watch.element-limit = 65536 (default)
2019-07-13 22:40:42,838 INFO  server.RaftServerConfigKeys (ConfUtils.java:logGet(43)) - raft.server.log.appender.snapshot.chunk.size.max = 16MB (=16777216) (default)
2019-07-13 22:40:42,839 INFO  server.RaftServerConfigKeys (ConfUtils.java:logGet(43)) - raft.server.log.appender.buffer.byte-limit = 33554432 (custom)
2019-07-13 22:40:42,839 INFO  server.RaftServerConfigKeys (ConfUtils.java:logGet(43)) - raft.server.log.appender.buffer.element-limit = 1 (custom)
2019-07-13 22:40:42,839 INFO  grpc.GrpcConfigKeys$Server (ConfUtils.java:logGet(43)) - raft.grpc.server.leader.outstanding.appends.max = 128 (default)
2019-07-13 22:40:42,839 INFO  server.RaftServerConfigKeys (ConfUtils.java:logGet(43)) - raft.server.rpc.request.timeout = 3000ms (default)
2019-07-13 22:40:42,839 INFO  server.RaftServerConfigKeys (ConfUtils.java:logGet(43)) - raft.server.log.appender.install.snapshot.enabled = false (custom)
2019-07-13 22:40:42,840 INFO  server.RaftServerConfigKeys (ConfUtils.java:logGet(43)) - raft.server.log.appender.snapshot.chunk.size.max = 16MB (=16777216) (default)
2019-07-13 22:40:42,840 INFO  server.RaftServerConfigKeys (ConfUtils.java:logGet(43)) - raft.server.log.appender.buffer.byte-limit = 33554432 (custom)
2019-07-13 22:40:42,840 INFO  server.RaftServerConfigKeys (ConfUtils.java:logGet(43)) - raft.server.log.appender.buffer.element-limit = 1 (custom)
2019-07-13 22:40:42,842 INFO  grpc.GrpcConfigKeys$Server (ConfUtils.java:logGet(43)) - raft.grpc.server.leader.outstanding.appends.max = 128 (default)
2019-07-13 22:40:42,842 INFO  impl.RaftServerImpl (RaftServerImpl.java:setRole(171)) - 8525700b-6661-4c76-beaf-5d4719673f4c:group-F2D605CBED3F changes role from FOLLOWER to FOLLOWER at term 3 for recognizeCandidate:0d1d30eb-195e-414c-af07-81f8ae20a2b8
2019-07-13 22:40:42,842 INFO  server.RaftServerConfigKeys (ConfUtils.java:logGet(43)) - raft.server.rpc.request.timeout = 3000ms (default)
2019-07-13 22:40:42,846 INFO  impl.RoleInfo (RoleInfo.java:shutdownFollowerState(121)) - 8525700b-6661-4c76-beaf-5d4719673f4c: shutdown FollowerState
2019-07-13 22:40:42,846 INFO  server.RaftServerConfigKeys (ConfUtils.java:logGet(43)) - raft.server.log.appender.install.snapshot.enabled = false (custom)
2019-07-13 22:40:42,847 INFO  impl.FollowerState (FollowerState.java:run(114)) - 8525700b-6661-4c76-beaf-5d4719673f4c: FollowerState was interrupted: java.lang.InterruptedException: sleep interrupted
2019-07-13 22:40:42,847 INFO  impl.RoleInfo (RoleInfo.java:updateAndGet(143)) - 8525700b-6661-4c76-beaf-5d4719673f4c: start FollowerState
2019-07-13 22:40:42,847 INFO  impl.RoleInfo (RoleInfo.java:updateAndGet(143)) - 02e1fac3-94b3-4f59-b623-3d918e0be822: start LeaderState
2019-07-13 22:40:42,851 INFO  segmented.SegmentedRaftLogWorker (SegmentedRaftLogWorker.java:startLogSegment(380)) - 02e1fac3-94b3-4f59-b623-3d918e0be822-SegmentedRaftLogWorker:Storage Directory /tmp/workdir/hadoop-ozone/integration-test/target/test-dir/MiniOzoneClusterImpl-52c542e0-5521-4a29-a3cf-f1c90352223f/datanode-0/data/ratis/70ced740-eb59-47c2-a998-f2d605cbed3f: Starting segment from index:0
2019-07-13 22:40:42,852 INFO  impl.RaftServerImpl (ServerState.java:setRaftConf(361)) - 02e1fac3-94b3-4f59-b623-3d918e0be822:group-F2D605CBED3F set configuration 0: [8525700b-6661-4c76-beaf-5d4719673f4c:192.168.5.159:45374, 0d1d30eb-195e-414c-af07-81f8ae20a2b8:192.168.5.159:40683, 02e1fac3-94b3-4f59-b623-3d918e0be822:192.168.5.159:46379], old=null at 0
2019-07-13 22:40:42,870 INFO  impl.RaftServerImpl (ServerState.java:setLeader(263)) - 02e1fac3-94b3-4f59-b623-3d918e0be822:group-F2D605CBED3F change Leader from 02e1fac3-94b3-4f59-b623-3d918e0be822 to null at term 3 for updateCurrentTerm
2019-07-13 22:40:42,870 INFO  impl.RaftServerImpl (RaftServerImpl.java:setRole(171)) - 02e1fac3-94b3-4f59-b623-3d918e0be822:group-F2D605CBED3F changes role from LEADER to FOLLOWER at term 3 for recognizeCandidate:0d1d30eb-195e-414c-af07-81f8ae20a2b8
2019-07-13 22:40:42,870 INFO  impl.RoleInfo (RoleInfo.java:shutdownLeaderState(104)) - 02e1fac3-94b3-4f59-b623-3d918e0be822: shutdown LeaderState
2019-07-13 22:40:42,875 WARN  server.GrpcLogAppender (GrpcLogAppender.java:mayWait(143)) - GrpcLogAppender(02e1fac3-94b3-4f59-b623-3d918e0be822->0d1d30eb-195e-414c-af07-81f8ae20a2b8): Wait interrupted by java.lang.InterruptedException
2019-07-13 22:40:42,876 INFO  impl.PendingRequests (PendingRequests.java:sendNotLeaderResponses(202)) - 02e1fac3-94b3-4f59-b623-3d918e0be822-PendingRequests: sendNotLeaderResponses
2019-07-13 22:40:42,877 WARN  server.GrpcLogAppender (GrpcLogAppender.java:mayWait(143)) - GrpcLogAppender(02e1fac3-94b3-4f59-b623-3d918e0be822->8525700b-6661-4c76-beaf-5d4719673f4c): Wait interrupted by java.lang.InterruptedException
2019-07-13 22:40:42,881 INFO  segmented.SegmentedRaftLogWorker (SegmentedRaftLogWorker.java:execute(569)) - 02e1fac3-94b3-4f59-b623-3d918e0be822-SegmentedRaftLogWorker:Storage Directory /tmp/workdir/hadoop-ozone/integration-test/target/test-dir/MiniOzoneClusterImpl-52c542e0-5521-4a29-a3cf-f1c90352223f/datanode-0/data/ratis/70ced740-eb59-47c2-a998-f2d605cbed3f: created new log segment /tmp/workdir/hadoop-ozone/integration-test/target/test-dir/MiniOzoneClusterImpl-52c542e0-5521-4a29-a3cf-f1c90352223f/datanode-0/data/ratis/70ced740-eb59-47c2-a998-f2d605cbed3f/current/log_inprogress_0
2019-07-13 22:40:42,884 INFO  server.GrpcServerProtocolService (GrpcServerProtocolService.java:onCompleted(104)) - 8525700b-6661-4c76-beaf-5d4719673f4c: appendEntries completed
2019-07-13 22:40:42,884 INFO  server.GrpcServerProtocolService (GrpcServerProtocolService.java:onCompleted(104)) - 0d1d30eb-195e-414c-af07-81f8ae20a2b8: appendEntries completed
2019-07-13 22:40:42,885 INFO  impl.RoleInfo (RoleInfo.java:updateAndGet(143)) - 02e1fac3-94b3-4f59-b623-3d918e0be822: start FollowerState
2019-07-13 22:40:42,895 INFO  server.GrpcLogAppender (GrpcLogAppender.java:onCompleted(292)) - 02e1fac3-94b3-4f59-b623-3d918e0be822->8525700b-6661-4c76-beaf-5d4719673f4c: follower responses appendEntries COMPLETED
2019-07-13 22:40:42,895 INFO  server.GrpcLogAppender (GrpcLogAppender.java:onCompleted(292)) - 02e1fac3-94b3-4f59-b623-3d918e0be822->0d1d30eb-195e-414c-af07-81f8ae20a2b8: follower responses appendEntries COMPLETED
2019-07-13 22:40:42,903 INFO  impl.FollowerInfo (FollowerInfo.java:lambda$new$0(50)) - 02e1fac3-94b3-4f59-b623-3d918e0be822->8525700b-6661-4c76-beaf-5d4719673f4c: nextIndex: updateUnconditionally 0 -> 0
2019-07-13 22:40:42,903 INFO  impl.FollowerInfo (FollowerInfo.java:lambda$new$0(50)) - 02e1fac3-94b3-4f59-b623-3d918e0be822->0d1d30eb-195e-414c-af07-81f8ae20a2b8: nextIndex: updateUnconditionally 0 -> 0
2019-07-13 22:40:43,018 INFO  ozone.HddsDatanodeService (HddsDatanodeService.java:startPlugins(396)) - Started plug-in org.apache.hadoop.ozone.web.OzoneHddsDatanodeService@85ab964
2019-07-13 22:40:43,019 INFO  impl.MetricsSystemImpl (MetricsSystemImpl.java:init(158)) - HddsDatanode metrics system started (again)
2019-07-13 22:40:43,021 INFO  ozone.HddsDatanodeService (HddsDatanodeService.java:start(185)) - HddsDatanodeService host:trunk-nightly-x8m8d-1534914823 ip:192.168.5.159
2019-07-13 22:40:43,024 INFO  util.JvmPauseMonitor (JvmPauseMonitor.java:run(188)) - Starting JVM pause monitor
2019-07-13 22:40:43,027 INFO  datanode.InitDatanodeState (InitDatanodeState.java:persistContainerDatanodeDetails(140)) - DatanodeDetails is persisted to /tmp/workdir/hadoop-ozone/integration-test/target/test-dir/MiniOzoneClusterImpl-fafd0a6a-d653-4c63-bc60-dea908c2499e/datanode-0/meta/datanode.id
2019-07-13 22:40:43,039 INFO  volume.HddsVolume (HddsVolume.java:<init>(176)) - Creating Volume: /tmp/workdir/hadoop-ozone/integration-test/target/test-dir/MiniOzoneClusterImpl-fafd0a6a-d653-4c63-bc60-dea908c2499e/datanode-1/data/containers/hdds of  storage type : DISK and capacity : 52710309888
2019-07-13 22:40:43,039 INFO  volume.VolumeSet (VolumeSet.java:initializeVolumeSet(170)) - Added Volume : /tmp/workdir/hadoop-ozone/integration-test/target/test-dir/MiniOzoneClusterImpl-fafd0a6a-d653-4c63-bc60-dea908c2499e/datanode-1/data/containers/hdds to VolumeSet
2019-07-13 22:40:43,039 INFO  volume.ThrottledAsyncChecker (ThrottledAsyncChecker.java:schedule(140)) - Scheduling a check for org.apache.hadoop.ozone.container.common.volume.HddsVolume@30fbc23
2019-07-13 22:40:43,040 INFO  volume.HddsVolumeChecker (HddsVolumeChecker.java:checkAllVolumes(203)) - Scheduled health check for volume org.apache.hadoop.ozone.container.common.volume.HddsVolume@30fbc23
2019-07-13 22:40:43,055 INFO  impl.RaftServerProxy (ConfUtils.java:logGet(43)) - raft.rpc.type = GRPC (default)
2019-07-13 22:40:43,056 INFO  grpc.GrpcFactory (GrpcFactory.java:checkPooledByteBufAllocatorUseCacheForAllThreads(45)) - PERFORMANCE WARNING: useCacheForAllThreads is true that may cause Netty to create a lot garbage objects and, as a result, trigger GC.
	It is recommended to disable useCacheForAllThreads by setting -Dorg.apache.ratis.thirdparty.io.netty.allocator.useCacheForAllThreads=false in command line.
2019-07-13 22:40:43,056 INFO  grpc.GrpcConfigKeys$Server (ConfUtils.java:logGet(43)) - raft.grpc.server.port = 0 (default)
2019-07-13 22:40:43,056 INFO  server.GrpcService (ConfUtils.java:logGet(43)) - raft.grpc.message.size.max = 33570816 (custom)
2019-07-13 22:40:43,056 INFO  server.RaftServerConfigKeys (ConfUtils.java:logGet(43)) - raft.server.log.appender.buffer.byte-limit = 33554432 (custom)
2019-07-13 22:40:43,057 INFO  server.GrpcService (ConfUtils.java:logGet(43)) - raft.grpc.flow.control.window = 1MB (=1048576) (default)
2019-07-13 22:40:43,057 INFO  server.RaftServerConfigKeys (ConfUtils.java:logGet(43)) - raft.server.rpc.request.timeout = 3000ms (default)
2019-07-13 22:40:43,057 INFO  server.RaftServerConfigKeys (ConfUtils.java:logGet(43)) - raft.server.storage.dir = [/tmp/workdir/hadoop-ozone/integration-test/target/test-dir/MiniOzoneClusterImpl-fafd0a6a-d653-4c63-bc60-dea908c2499e/datanode-1/data/ratis] (custom)
2019-07-13 22:40:43,058 INFO  replication.SimpleContainerDownloader (SimpleContainerDownloader.java:<init>(72)) - Starting container downloader service to copy containers to replicate.
2019-07-13 22:40:43,059 INFO  hdfs.DFSUtil (DFSUtil.java:httpServerTemplateForNNAndJN(1641)) - Starting Web-server for hddsDatanode at: http://0.0.0.0:0
2019-07-13 22:40:43,060 INFO  server.AuthenticationFilter (AuthenticationFilter.java:constructSecretProvider(240)) - Unable to initialize FileSignerSecretProvider, falling back to use random secrets.
2019-07-13 22:40:43,060 WARN  http.HttpRequestLog (HttpRequestLog.java:getRequestLog(97)) - Jetty request log can only be enabled using Log4j
2019-07-13 22:40:43,062 INFO  http.HttpServer2 (HttpServer2.java:addGlobalFilter(975)) - Added global filter 'safety' (class=org.apache.hadoop.http.HttpServer2$QuotingInputFilter)
2019-07-13 22:40:43,062 INFO  http.HttpServer2 (HttpServer2.java:addFilter(948)) - Added filter static_user_filter (class=org.apache.hadoop.http.lib.StaticUserWebFilter$StaticUserFilter) to context hddsDatanode
2019-07-13 22:40:43,062 INFO  http.HttpServer2 (HttpServer2.java:addFilter(958)) - Added filter static_user_filter (class=org.apache.hadoop.http.lib.StaticUserWebFilter$StaticUserFilter) to context static
2019-07-13 22:40:43,062 INFO  http.HttpServer2 (HttpServer2.java:addFilter(958)) - Added filter static_user_filter (class=org.apache.hadoop.http.lib.StaticUserWebFilter$StaticUserFilter) to context logs
2019-07-13 22:40:43,063 INFO  http.HttpServer2 (HttpServer2.java:bindListener(1191)) - Jetty bound to port 45074
2019-07-13 22:40:43,063 INFO  server.Server (Server.java:doStart(351)) - jetty-9.3.24.v20180605, build timestamp: 2018-06-05T17:11:56Z, git hash: 84205aa28f11a4f31f2a3b86d1bba2cc8ab69827
2019-07-13 22:40:43,065 INFO  handler.ContextHandler (ContextHandler.java:doStart(781)) - Started o.e.j.s.ServletContextHandler@9f0fc36{/logs,file:///tmp/workdir/hadoop-ozone/integration-test/target/log,AVAILABLE}
2019-07-13 22:40:43,066 INFO  handler.ContextHandler (ContextHandler.java:doStart(781)) - Started o.e.j.s.ServletContextHandler@5a06904{/static,jar:file:/home/user/.m2/repository/org/apache/hadoop/hadoop-hdds-container-service/0.5.0-SNAPSHOT/hadoop-hdds-container-service-0.5.0-SNAPSHOT.jar!/webapps/static,AVAILABLE}
2019-07-13 22:40:43,093 INFO  handler.ContextHandler (ContextHandler.java:doStart(781)) - Started o.e.j.w.WebAppContext@5cdf221a{/,file:///tmp/jetty-0.0.0.0-45074-hddsDatanode-_-any-693766733065854028.dir/webapp/,AVAILABLE}{/hddsDatanode}
2019-07-13 22:40:43,093 INFO  server.AbstractConnector (AbstractConnector.java:doStart(278)) - Started ServerConnector@7e27f603{HTTP/1.1,[http/1.1]}{0.0.0.0:45074}
2019-07-13 22:40:43,095 INFO  server.Server (Server.java:doStart(419)) - Started @21917ms
2019-07-13 22:40:43,096 INFO  server.BaseHttpServer (BaseHttpServer.java:updateConnectorAddress(207)) - HTTP server of HDDSDATANODE is listening at http://0.0.0.0:45074
2019-07-13 22:40:43,243 INFO  ozone.HddsDatanodeService (HddsDatanodeService.java:startPlugins(396)) - Started plug-in org.apache.hadoop.ozone.web.OzoneHddsDatanodeService@5817f1ca
2019-07-13 22:40:43,244 INFO  impl.MetricsSystemImpl (MetricsSystemImpl.java:init(158)) - HddsDatanode metrics system started (again)
2019-07-13 22:40:43,246 INFO  ozone.HddsDatanodeService (HddsDatanodeService.java:start(185)) - HddsDatanodeService host:trunk-nightly-x8m8d-1534914823 ip:192.168.5.159
2019-07-13 22:40:43,247 INFO  util.JvmPauseMonitor (JvmPauseMonitor.java:run(188)) - Starting JVM pause monitor
2019-07-13 22:40:43,250 INFO  datanode.InitDatanodeState (InitDatanodeState.java:persistContainerDatanodeDetails(140)) - DatanodeDetails is persisted to /tmp/workdir/hadoop-ozone/integration-test/target/test-dir/MiniOzoneClusterImpl-fafd0a6a-d653-4c63-bc60-dea908c2499e/datanode-1/meta/datanode.id
2019-07-13 22:40:43,261 INFO  volume.HddsVolume (HddsVolume.java:<init>(176)) - Creating Volume: /tmp/workdir/hadoop-ozone/integration-test/target/test-dir/MiniOzoneClusterImpl-fafd0a6a-d653-4c63-bc60-dea908c2499e/datanode-2/data/containers/hdds of  storage type : DISK and capacity : 52710309888
2019-07-13 22:40:43,261 INFO  volume.VolumeSet (VolumeSet.java:initializeVolumeSet(170)) - Added Volume : /tmp/workdir/hadoop-ozone/integration-test/target/test-dir/MiniOzoneClusterImpl-fafd0a6a-d653-4c63-bc60-dea908c2499e/datanode-2/data/containers/hdds to VolumeSet
2019-07-13 22:40:43,261 INFO  volume.ThrottledAsyncChecker (ThrottledAsyncChecker.java:schedule(140)) - Scheduling a check for org.apache.hadoop.ozone.container.common.volume.HddsVolume@3ad847f8
2019-07-13 22:40:43,262 INFO  volume.HddsVolumeChecker (HddsVolumeChecker.java:checkAllVolumes(203)) - Scheduled health check for volume org.apache.hadoop.ozone.container.common.volume.HddsVolume@3ad847f8
2019-07-13 22:40:43,279 INFO  impl.RaftServerProxy (ConfUtils.java:logGet(43)) - raft.rpc.type = GRPC (default)
2019-07-13 22:40:43,279 INFO  grpc.GrpcFactory (GrpcFactory.java:checkPooledByteBufAllocatorUseCacheForAllThreads(45)) - PERFORMANCE WARNING: useCacheForAllThreads is true that may cause Netty to create a lot garbage objects and, as a result, trigger GC.
	It is recommended to disable useCacheForAllThreads by setting -Dorg.apache.ratis.thirdparty.io.netty.allocator.useCacheForAllThreads=false in command line.
2019-07-13 22:40:43,279 INFO  grpc.GrpcConfigKeys$Server (ConfUtils.java:logGet(43)) - raft.grpc.server.port = 0 (default)
2019-07-13 22:40:43,280 INFO  server.GrpcService (ConfUtils.java:logGet(43)) - raft.grpc.message.size.max = 33570816 (custom)
2019-07-13 22:40:43,280 INFO  server.RaftServerConfigKeys (ConfUtils.java:logGet(43)) - raft.server.log.appender.buffer.byte-limit = 33554432 (custom)
2019-07-13 22:40:43,280 INFO  server.GrpcService (ConfUtils.java:logGet(43)) - raft.grpc.flow.control.window = 1MB (=1048576) (default)
2019-07-13 22:40:43,280 INFO  server.RaftServerConfigKeys (ConfUtils.java:logGet(43)) - raft.server.rpc.request.timeout = 3000ms (default)
2019-07-13 22:40:43,281 INFO  server.RaftServerConfigKeys (ConfUtils.java:logGet(43)) - raft.server.storage.dir = [/tmp/workdir/hadoop-ozone/integration-test/target/test-dir/MiniOzoneClusterImpl-fafd0a6a-d653-4c63-bc60-dea908c2499e/datanode-2/data/ratis] (custom)
2019-07-13 22:40:43,281 INFO  replication.SimpleContainerDownloader (SimpleContainerDownloader.java:<init>(72)) - Starting container downloader service to copy containers to replicate.
2019-07-13 22:40:43,282 INFO  hdfs.DFSUtil (DFSUtil.java:httpServerTemplateForNNAndJN(1641)) - Starting Web-server for hddsDatanode at: http://0.0.0.0:0
2019-07-13 22:40:43,285 INFO  server.AuthenticationFilter (AuthenticationFilter.java:constructSecretProvider(240)) - Unable to initialize FileSignerSecretProvider, falling back to use random secrets.
2019-07-13 22:40:43,285 WARN  http.HttpRequestLog (HttpRequestLog.java:getRequestLog(97)) - Jetty request log can only be enabled using Log4j
2019-07-13 22:40:43,288 INFO  http.HttpServer2 (HttpServer2.java:addGlobalFilter(975)) - Added global filter 'safety' (class=org.apache.hadoop.http.HttpServer2$QuotingInputFilter)
2019-07-13 22:40:43,289 INFO  http.HttpServer2 (HttpServer2.java:addFilter(948)) - Added filter static_user_filter (class=org.apache.hadoop.http.lib.StaticUserWebFilter$StaticUserFilter) to context hddsDatanode
2019-07-13 22:40:43,289 INFO  http.HttpServer2 (HttpServer2.java:addFilter(958)) - Added filter static_user_filter (class=org.apache.hadoop.http.lib.StaticUserWebFilter$StaticUserFilter) to context logs
2019-07-13 22:40:43,289 INFO  http.HttpServer2 (HttpServer2.java:addFilter(958)) - Added filter static_user_filter (class=org.apache.hadoop.http.lib.StaticUserWebFilter$StaticUserFilter) to context static
2019-07-13 22:40:43,290 INFO  http.HttpServer2 (HttpServer2.java:bindListener(1191)) - Jetty bound to port 43782
2019-07-13 22:40:43,291 INFO  server.Server (Server.java:doStart(351)) - jetty-9.3.24.v20180605, build timestamp: 2018-06-05T17:11:56Z, git hash: 84205aa28f11a4f31f2a3b86d1bba2cc8ab69827
2019-07-13 22:40:43,293 INFO  handler.ContextHandler (ContextHandler.java:doStart(781)) - Started o.e.j.s.ServletContextHandler@283d3628{/logs,file:///tmp/workdir/hadoop-ozone/integration-test/target/log,AVAILABLE}
2019-07-13 22:40:43,294 INFO  handler.ContextHandler (ContextHandler.java:doStart(781)) - Started o.e.j.s.ServletContextHandler@5fd18419{/static,jar:file:/home/user/.m2/repository/org/apache/hadoop/hadoop-hdds-container-service/0.5.0-SNAPSHOT/hadoop-hdds-container-service-0.5.0-SNAPSHOT.jar!/webapps/static,AVAILABLE}
2019-07-13 22:40:43,338 INFO  handler.ContextHandler (ContextHandler.java:doStart(781)) - Started o.e.j.w.WebAppContext@5ad57e90{/,file:///tmp/jetty-0.0.0.0-43782-hddsDatanode-_-any-2032596264975265599.dir/webapp/,AVAILABLE}{/hddsDatanode}
2019-07-13 22:40:43,338 INFO  server.AbstractConnector (AbstractConnector.java:doStart(278)) - Started ServerConnector@1a345298{HTTP/1.1,[http/1.1]}{0.0.0.0:43782}
2019-07-13 22:40:43,340 INFO  server.Server (Server.java:doStart(419)) - Started @22162ms
2019-07-13 22:40:43,341 INFO  server.BaseHttpServer (BaseHttpServer.java:updateConnectorAddress(207)) - HTTP server of HDDSDATANODE is listening at http://0.0.0.0:43782
2019-07-13 22:40:43,466 INFO  ozone.HddsDatanodeService (HddsDatanodeService.java:startPlugins(396)) - Started plug-in org.apache.hadoop.ozone.web.OzoneHddsDatanodeService@1e477944
2019-07-13 22:40:43,467 INFO  impl.MetricsSystemImpl (MetricsSystemImpl.java:init(158)) - HddsDatanode metrics system started (again)
2019-07-13 22:40:43,467 INFO  ozone.HddsDatanodeService (HddsDatanodeService.java:start(185)) - HddsDatanodeService host:trunk-nightly-x8m8d-1534914823 ip:192.168.5.159
2019-07-13 22:40:43,474 INFO  util.JvmPauseMonitor (JvmPauseMonitor.java:run(188)) - Starting JVM pause monitor
2019-07-13 22:40:43,476 INFO  datanode.InitDatanodeState (InitDatanodeState.java:persistContainerDatanodeDetails(140)) - DatanodeDetails is persisted to /tmp/workdir/hadoop-ozone/integration-test/target/test-dir/MiniOzoneClusterImpl-fafd0a6a-d653-4c63-bc60-dea908c2499e/datanode-2/meta/datanode.id
2019-07-13 22:40:43,486 INFO  volume.HddsVolume (HddsVolume.java:<init>(176)) - Creating Volume: /tmp/workdir/hadoop-ozone/integration-test/target/test-dir/MiniOzoneClusterImpl-fafd0a6a-d653-4c63-bc60-dea908c2499e/datanode-3/data/containers/hdds of  storage type : DISK and capacity : 52710309888
2019-07-13 22:40:43,487 INFO  volume.VolumeSet (VolumeSet.java:initializeVolumeSet(170)) - Added Volume : /tmp/workdir/hadoop-ozone/integration-test/target/test-dir/MiniOzoneClusterImpl-fafd0a6a-d653-4c63-bc60-dea908c2499e/datanode-3/data/containers/hdds to VolumeSet
2019-07-13 22:40:43,487 INFO  volume.ThrottledAsyncChecker (ThrottledAsyncChecker.java:schedule(140)) - Scheduling a check for org.apache.hadoop.ozone.container.common.volume.HddsVolume@708769b7
2019-07-13 22:40:43,487 INFO  volume.HddsVolumeChecker (HddsVolumeChecker.java:checkAllVolumes(203)) - Scheduled health check for volume org.apache.hadoop.ozone.container.common.volume.HddsVolume@708769b7
2019-07-13 22:40:43,503 INFO  impl.RaftServerProxy (ConfUtils.java:logGet(43)) - raft.rpc.type = GRPC (default)
2019-07-13 22:40:43,504 INFO  grpc.GrpcFactory (GrpcFactory.java:checkPooledByteBufAllocatorUseCacheForAllThreads(45)) - PERFORMANCE WARNING: useCacheForAllThreads is true that may cause Netty to create a lot garbage objects and, as a result, trigger GC.
	It is recommended to disable useCacheForAllThreads by setting -Dorg.apache.ratis.thirdparty.io.netty.allocator.useCacheForAllThreads=false in command line.
2019-07-13 22:40:43,504 INFO  grpc.GrpcConfigKeys$Server (ConfUtils.java:logGet(43)) - raft.grpc.server.port = 0 (default)
2019-07-13 22:40:43,504 INFO  server.GrpcService (ConfUtils.java:logGet(43)) - raft.grpc.message.size.max = 33570816 (custom)
2019-07-13 22:40:43,504 INFO  server.RaftServerConfigKeys (ConfUtils.java:logGet(43)) - raft.server.log.appender.buffer.byte-limit = 33554432 (custom)
2019-07-13 22:40:43,504 INFO  server.GrpcService (ConfUtils.java:logGet(43)) - raft.grpc.flow.control.window = 1MB (=1048576) (default)
2019-07-13 22:40:43,505 INFO  server.RaftServerConfigKeys (ConfUtils.java:logGet(43)) - raft.server.rpc.request.timeout = 3000ms (default)
2019-07-13 22:40:43,505 INFO  server.RaftServerConfigKeys (ConfUtils.java:logGet(43)) - raft.server.storage.dir = [/tmp/workdir/hadoop-ozone/integration-test/target/test-dir/MiniOzoneClusterImpl-fafd0a6a-d653-4c63-bc60-dea908c2499e/datanode-3/data/ratis] (custom)
2019-07-13 22:40:43,506 INFO  replication.SimpleContainerDownloader (SimpleContainerDownloader.java:<init>(72)) - Starting container downloader service to copy containers to replicate.
2019-07-13 22:40:43,507 INFO  hdfs.DFSUtil (DFSUtil.java:httpServerTemplateForNNAndJN(1641)) - Starting Web-server for hddsDatanode at: http://0.0.0.0:0
2019-07-13 22:40:43,508 INFO  server.AuthenticationFilter (AuthenticationFilter.java:constructSecretProvider(240)) - Unable to initialize FileSignerSecretProvider, falling back to use random secrets.
2019-07-13 22:40:43,508 WARN  http.HttpRequestLog (HttpRequestLog.java:getRequestLog(97)) - Jetty request log can only be enabled using Log4j
2019-07-13 22:40:43,510 INFO  http.HttpServer2 (HttpServer2.java:addGlobalFilter(975)) - Added global filter 'safety' (class=org.apache.hadoop.http.HttpServer2$QuotingInputFilter)
2019-07-13 22:40:43,510 INFO  http.HttpServer2 (HttpServer2.java:addFilter(948)) - Added filter static_user_filter (class=org.apache.hadoop.http.lib.StaticUserWebFilter$StaticUserFilter) to context hddsDatanode
2019-07-13 22:40:43,510 INFO  http.HttpServer2 (HttpServer2.java:addFilter(958)) - Added filter static_user_filter (class=org.apache.hadoop.http.lib.StaticUserWebFilter$StaticUserFilter) to context static
2019-07-13 22:40:43,510 INFO  http.HttpServer2 (HttpServer2.java:addFilter(958)) - Added filter static_user_filter (class=org.apache.hadoop.http.lib.StaticUserWebFilter$StaticUserFilter) to context logs
2019-07-13 22:40:43,511 INFO  http.HttpServer2 (HttpServer2.java:bindListener(1191)) - Jetty bound to port 46569
2019-07-13 22:40:43,511 INFO  server.Server (Server.java:doStart(351)) - jetty-9.3.24.v20180605, build timestamp: 2018-06-05T17:11:56Z, git hash: 84205aa28f11a4f31f2a3b86d1bba2cc8ab69827
2019-07-13 22:40:43,514 INFO  handler.ContextHandler (ContextHandler.java:doStart(781)) - Started o.e.j.s.ServletContextHandler@145a821d{/logs,file:///tmp/workdir/hadoop-ozone/integration-test/target/log,AVAILABLE}
2019-07-13 22:40:43,514 INFO  handler.ContextHandler (ContextHandler.java:doStart(781)) - Started o.e.j.s.ServletContextHandler@6ed51944{/static,jar:file:/home/user/.m2/repository/org/apache/hadoop/hadoop-hdds-container-service/0.5.0-SNAPSHOT/hadoop-hdds-container-service-0.5.0-SNAPSHOT.jar!/webapps/static,AVAILABLE}
2019-07-13 22:40:43,541 INFO  handler.ContextHandler (ContextHandler.java:doStart(781)) - Started o.e.j.w.WebAppContext@4ebfb045{/,file:///tmp/jetty-0.0.0.0-46569-hddsDatanode-_-any-1110544758743618847.dir/webapp/,AVAILABLE}{/hddsDatanode}
2019-07-13 22:40:43,541 INFO  server.AbstractConnector (AbstractConnector.java:doStart(278)) - Started ServerConnector@77a2688d{HTTP/1.1,[http/1.1]}{0.0.0.0:46569}
2019-07-13 22:40:43,544 INFO  server.Server (Server.java:doStart(419)) - Started @22365ms
2019-07-13 22:40:43,545 INFO  server.BaseHttpServer (BaseHttpServer.java:updateConnectorAddress(207)) - HTTP server of HDDSDATANODE is listening at http://0.0.0.0:46569
2019-07-13 22:40:43,668 INFO  ozone.HddsDatanodeService (HddsDatanodeService.java:startPlugins(396)) - Started plug-in org.apache.hadoop.ozone.web.OzoneHddsDatanodeService@687b0ddc
2019-07-13 22:40:43,668 INFO  impl.MetricsSystemImpl (MetricsSystemImpl.java:init(158)) - HddsDatanode metrics system started (again)
2019-07-13 22:40:43,673 INFO  ozone.HddsDatanodeService (HddsDatanodeService.java:start(185)) - HddsDatanodeService host:trunk-nightly-x8m8d-1534914823 ip:192.168.5.159
2019-07-13 22:40:43,674 INFO  util.JvmPauseMonitor (JvmPauseMonitor.java:run(188)) - Starting JVM pause monitor
2019-07-13 22:40:43,677 INFO  datanode.InitDatanodeState (InitDatanodeState.java:persistContainerDatanodeDetails(140)) - DatanodeDetails is persisted to /tmp/workdir/hadoop-ozone/integration-test/target/test-dir/MiniOzoneClusterImpl-fafd0a6a-d653-4c63-bc60-dea908c2499e/datanode-3/meta/datanode.id
2019-07-13 22:40:43,694 INFO  volume.HddsVolume (HddsVolume.java:<init>(176)) - Creating Volume: /tmp/workdir/hadoop-ozone/integration-test/target/test-dir/MiniOzoneClusterImpl-fafd0a6a-d653-4c63-bc60-dea908c2499e/datanode-4/data/containers/hdds of  storage type : DISK and capacity : 52710309888
2019-07-13 22:40:43,694 INFO  volume.VolumeSet (VolumeSet.java:initializeVolumeSet(170)) - Added Volume : /tmp/workdir/hadoop-ozone/integration-test/target/test-dir/MiniOzoneClusterImpl-fafd0a6a-d653-4c63-bc60-dea908c2499e/datanode-4/data/containers/hdds to VolumeSet
2019-07-13 22:40:43,694 INFO  volume.ThrottledAsyncChecker (ThrottledAsyncChecker.java:schedule(140)) - Scheduling a check for org.apache.hadoop.ozone.container.common.volume.HddsVolume@55d1f065
2019-07-13 22:40:43,695 INFO  volume.HddsVolumeChecker (HddsVolumeChecker.java:checkAllVolumes(203)) - Scheduled health check for volume org.apache.hadoop.ozone.container.common.volume.HddsVolume@55d1f065
2019-07-13 22:40:43,711 INFO  impl.RaftServerProxy (ConfUtils.java:logGet(43)) - raft.rpc.type = GRPC (default)
2019-07-13 22:40:43,711 INFO  grpc.GrpcFactory (GrpcFactory.java:checkPooledByteBufAllocatorUseCacheForAllThreads(45)) - PERFORMANCE WARNING: useCacheForAllThreads is true that may cause Netty to create a lot garbage objects and, as a result, trigger GC.
	It is recommended to disable useCacheForAllThreads by setting -Dorg.apache.ratis.thirdparty.io.netty.allocator.useCacheForAllThreads=false in command line.
2019-07-13 22:40:43,711 INFO  grpc.GrpcConfigKeys$Server (ConfUtils.java:logGet(43)) - raft.grpc.server.port = 0 (default)
2019-07-13 22:40:43,711 INFO  server.GrpcService (ConfUtils.java:logGet(43)) - raft.grpc.message.size.max = 33570816 (custom)
2019-07-13 22:40:43,712 INFO  server.RaftServerConfigKeys (ConfUtils.java:logGet(43)) - raft.server.log.appender.buffer.byte-limit = 33554432 (custom)
2019-07-13 22:40:43,712 INFO  server.GrpcService (ConfUtils.java:logGet(43)) - raft.grpc.flow.control.window = 1MB (=1048576) (default)
2019-07-13 22:40:43,712 INFO  server.RaftServerConfigKeys (ConfUtils.java:logGet(43)) - raft.server.rpc.request.timeout = 3000ms (default)
2019-07-13 22:40:43,713 INFO  server.RaftServerConfigKeys (ConfUtils.java:logGet(43)) - raft.server.storage.dir = [/tmp/workdir/hadoop-ozone/integration-test/target/test-dir/MiniOzoneClusterImpl-fafd0a6a-d653-4c63-bc60-dea908c2499e/datanode-4/data/ratis] (custom)
2019-07-13 22:40:43,713 INFO  replication.SimpleContainerDownloader (SimpleContainerDownloader.java:<init>(72)) - Starting container downloader service to copy containers to replicate.
2019-07-13 22:40:43,714 INFO  hdfs.DFSUtil (DFSUtil.java:httpServerTemplateForNNAndJN(1641)) - Starting Web-server for hddsDatanode at: http://0.0.0.0:0
2019-07-13 22:40:43,716 INFO  server.AuthenticationFilter (AuthenticationFilter.java:constructSecretProvider(240)) - Unable to initialize FileSignerSecretProvider, falling back to use random secrets.
2019-07-13 22:40:43,716 WARN  http.HttpRequestLog (HttpRequestLog.java:getRequestLog(97)) - Jetty request log can only be enabled using Log4j
2019-07-13 22:40:43,717 INFO  http.HttpServer2 (HttpServer2.java:addGlobalFilter(975)) - Added global filter 'safety' (class=org.apache.hadoop.http.HttpServer2$QuotingInputFilter)
2019-07-13 22:40:43,718 INFO  http.HttpServer2 (HttpServer2.java:addFilter(948)) - Added filter static_user_filter (class=org.apache.hadoop.http.lib.StaticUserWebFilter$StaticUserFilter) to context hddsDatanode
2019-07-13 22:40:43,718 INFO  http.HttpServer2 (HttpServer2.java:addFilter(958)) - Added filter static_user_filter (class=org.apache.hadoop.http.lib.StaticUserWebFilter$StaticUserFilter) to context logs
2019-07-13 22:40:43,718 INFO  http.HttpServer2 (HttpServer2.java:addFilter(958)) - Added filter static_user_filter (class=org.apache.hadoop.http.lib.StaticUserWebFilter$StaticUserFilter) to context static
2019-07-13 22:40:43,719 INFO  http.HttpServer2 (HttpServer2.java:bindListener(1191)) - Jetty bound to port 33114
2019-07-13 22:40:43,719 INFO  server.Server (Server.java:doStart(351)) - jetty-9.3.24.v20180605, build timestamp: 2018-06-05T17:11:56Z, git hash: 84205aa28f11a4f31f2a3b86d1bba2cc8ab69827
2019-07-13 22:40:43,721 INFO  handler.ContextHandler (ContextHandler.java:doStart(781)) - Started o.e.j.s.ServletContextHandler@350567f1{/logs,file:///tmp/workdir/hadoop-ozone/integration-test/target/log,AVAILABLE}
2019-07-13 22:40:43,721 INFO  handler.ContextHandler (ContextHandler.java:doStart(781)) - Started o.e.j.s.ServletContextHandler@26f75d9c{/static,jar:file:/home/user/.m2/repository/org/apache/hadoop/hadoop-hdds-container-service/0.5.0-SNAPSHOT/hadoop-hdds-container-service-0.5.0-SNAPSHOT.jar!/webapps/static,AVAILABLE}
2019-07-13 22:40:43,748 INFO  handler.ContextHandler (ContextHandler.java:doStart(781)) - Started o.e.j.w.WebAppContext@63e70bf9{/,file:///tmp/jetty-0.0.0.0-33114-hddsDatanode-_-any-7392188428515780228.dir/webapp/,AVAILABLE}{/hddsDatanode}
2019-07-13 22:40:43,749 INFO  server.AbstractConnector (AbstractConnector.java:doStart(278)) - Started ServerConnector@402a69f{HTTP/1.1,[http/1.1]}{0.0.0.0:33114}
2019-07-13 22:40:43,752 INFO  server.Server (Server.java:doStart(419)) - Started @22573ms
2019-07-13 22:40:43,753 INFO  server.BaseHttpServer (BaseHttpServer.java:updateConnectorAddress(207)) - HTTP server of HDDSDATANODE is listening at http://0.0.0.0:33114
2019-07-13 22:40:43,868 INFO  ozone.HddsDatanodeService (HddsDatanodeService.java:startPlugins(396)) - Started plug-in org.apache.hadoop.ozone.web.OzoneHddsDatanodeService@7ac685ef
2019-07-13 22:40:43,869 INFO  impl.MetricsSystemImpl (MetricsSystemImpl.java:init(158)) - HddsDatanode metrics system started (again)
2019-07-13 22:40:43,873 INFO  ozone.HddsDatanodeService (HddsDatanodeService.java:start(185)) - HddsDatanodeService host:trunk-nightly-x8m8d-1534914823 ip:192.168.5.159
2019-07-13 22:40:43,875 INFO  util.JvmPauseMonitor (JvmPauseMonitor.java:run(188)) - Starting JVM pause monitor
2019-07-13 22:40:43,877 INFO  datanode.InitDatanodeState (InitDatanodeState.java:persistContainerDatanodeDetails(140)) - DatanodeDetails is persisted to /tmp/workdir/hadoop-ozone/integration-test/target/test-dir/MiniOzoneClusterImpl-fafd0a6a-d653-4c63-bc60-dea908c2499e/datanode-4/meta/datanode.id
2019-07-13 22:40:43,889 INFO  volume.HddsVolume (HddsVolume.java:<init>(176)) - Creating Volume: /tmp/workdir/hadoop-ozone/integration-test/target/test-dir/MiniOzoneClusterImpl-fafd0a6a-d653-4c63-bc60-dea908c2499e/datanode-5/data/containers/hdds of  storage type : DISK and capacity : 52710309888
2019-07-13 22:40:43,889 INFO  volume.VolumeSet (VolumeSet.java:initializeVolumeSet(170)) - Added Volume : /tmp/workdir/hadoop-ozone/integration-test/target/test-dir/MiniOzoneClusterImpl-fafd0a6a-d653-4c63-bc60-dea908c2499e/datanode-5/data/containers/hdds to VolumeSet
2019-07-13 22:40:43,889 INFO  volume.ThrottledAsyncChecker (ThrottledAsyncChecker.java:schedule(140)) - Scheduling a check for org.apache.hadoop.ozone.container.common.volume.HddsVolume@39acd1f1
2019-07-13 22:40:43,890 INFO  volume.HddsVolumeChecker (HddsVolumeChecker.java:checkAllVolumes(203)) - Scheduled health check for volume org.apache.hadoop.ozone.container.common.volume.HddsVolume@39acd1f1
2019-07-13 22:40:43,907 INFO  impl.RaftServerProxy (ConfUtils.java:logGet(43)) - raft.rpc.type = GRPC (default)
2019-07-13 22:40:43,907 INFO  grpc.GrpcFactory (GrpcFactory.java:checkPooledByteBufAllocatorUseCacheForAllThreads(45)) - PERFORMANCE WARNING: useCacheForAllThreads is true that may cause Netty to create a lot garbage objects and, as a result, trigger GC.
	It is recommended to disable useCacheForAllThreads by setting -Dorg.apache.ratis.thirdparty.io.netty.allocator.useCacheForAllThreads=false in command line.
2019-07-13 22:40:43,907 INFO  grpc.GrpcConfigKeys$Server (ConfUtils.java:logGet(43)) - raft.grpc.server.port = 0 (default)
2019-07-13 22:40:43,907 INFO  server.GrpcService (ConfUtils.java:logGet(43)) - raft.grpc.message.size.max = 33570816 (custom)
2019-07-13 22:40:43,908 INFO  server.RaftServerConfigKeys (ConfUtils.java:logGet(43)) - raft.server.log.appender.buffer.byte-limit = 33554432 (custom)
2019-07-13 22:40:43,908 INFO  server.GrpcService (ConfUtils.java:logGet(43)) - raft.grpc.flow.control.window = 1MB (=1048576) (default)
2019-07-13 22:40:43,908 INFO  server.RaftServerConfigKeys (ConfUtils.java:logGet(43)) - raft.server.rpc.request.timeout = 3000ms (default)
2019-07-13 22:40:43,908 INFO  server.RaftServerConfigKeys (ConfUtils.java:logGet(43)) - raft.server.storage.dir = [/tmp/workdir/hadoop-ozone/integration-test/target/test-dir/MiniOzoneClusterImpl-fafd0a6a-d653-4c63-bc60-dea908c2499e/datanode-5/data/ratis] (custom)
2019-07-13 22:40:43,912 INFO  replication.SimpleContainerDownloader (SimpleContainerDownloader.java:<init>(72)) - Starting container downloader service to copy containers to replicate.
2019-07-13 22:40:43,913 INFO  hdfs.DFSUtil (DFSUtil.java:httpServerTemplateForNNAndJN(1641)) - Starting Web-server for hddsDatanode at: http://0.0.0.0:0
2019-07-13 22:40:43,915 INFO  server.AuthenticationFilter (AuthenticationFilter.java:constructSecretProvider(240)) - Unable to initialize FileSignerSecretProvider, falling back to use random secrets.
2019-07-13 22:40:43,915 WARN  http.HttpRequestLog (HttpRequestLog.java:getRequestLog(97)) - Jetty request log can only be enabled using Log4j
2019-07-13 22:40:43,916 INFO  http.HttpServer2 (HttpServer2.java:addGlobalFilter(975)) - Added global filter 'safety' (class=org.apache.hadoop.http.HttpServer2$QuotingInputFilter)
2019-07-13 22:40:43,917 INFO  http.HttpServer2 (HttpServer2.java:addFilter(948)) - Added filter static_user_filter (class=org.apache.hadoop.http.lib.StaticUserWebFilter$StaticUserFilter) to context hddsDatanode
2019-07-13 22:40:43,917 INFO  http.HttpServer2 (HttpServer2.java:addFilter(958)) - Added filter static_user_filter (class=org.apache.hadoop.http.lib.StaticUserWebFilter$StaticUserFilter) to context logs
2019-07-13 22:40:43,917 INFO  http.HttpServer2 (HttpServer2.java:addFilter(958)) - Added filter static_user_filter (class=org.apache.hadoop.http.lib.StaticUserWebFilter$StaticUserFilter) to context static
2019-07-13 22:40:43,918 INFO  http.HttpServer2 (HttpServer2.java:bindListener(1191)) - Jetty bound to port 38299
2019-07-13 22:40:43,918 INFO  server.Server (Server.java:doStart(351)) - jetty-9.3.24.v20180605, build timestamp: 2018-06-05T17:11:56Z, git hash: 84205aa28f11a4f31f2a3b86d1bba2cc8ab69827
2019-07-13 22:40:43,921 INFO  handler.ContextHandler (ContextHandler.java:doStart(781)) - Started o.e.j.s.ServletContextHandler@27e21083{/logs,file:///tmp/workdir/hadoop-ozone/integration-test/target/log,AVAILABLE}
2019-07-13 22:40:43,921 INFO  handler.ContextHandler (ContextHandler.java:doStart(781)) - Started o.e.j.s.ServletContextHandler@49e0b123{/static,jar:file:/home/user/.m2/repository/org/apache/hadoop/hadoop-hdds-container-service/0.5.0-SNAPSHOT/hadoop-hdds-container-service-0.5.0-SNAPSHOT.jar!/webapps/static,AVAILABLE}
2019-07-13 22:40:43,954 INFO  handler.ContextHandler (ContextHandler.java:doStart(781)) - Started o.e.j.w.WebAppContext@1d444652{/,file:///tmp/jetty-0.0.0.0-38299-hddsDatanode-_-any-8454474396150506153.dir/webapp/,AVAILABLE}{/hddsDatanode}
2019-07-13 22:40:43,954 INFO  server.AbstractConnector (AbstractConnector.java:doStart(278)) - Started ServerConnector@669c2b07{HTTP/1.1,[http/1.1]}{0.0.0.0:38299}
2019-07-13 22:40:43,957 INFO  server.Server (Server.java:doStart(419)) - Started @22778ms
2019-07-13 22:40:43,958 INFO  server.BaseHttpServer (BaseHttpServer.java:updateConnectorAddress(207)) - HTTP server of HDDSDATANODE is listening at http://0.0.0.0:38299
2019-07-13 22:40:44,083 INFO  ozone.HddsDatanodeService (HddsDatanodeService.java:startPlugins(396)) - Started plug-in org.apache.hadoop.ozone.web.OzoneHddsDatanodeService@2cadcff6
2019-07-13 22:40:44,083 INFO  ozone.MiniOzoneClusterImpl (MiniOzoneClusterImpl.java:lambda$waitForClusterToBeReady$0(142)) - Waiting for cluster to be ready. Got 0 of 6 DN Heartbeats.
2019-07-13 22:40:44,090 INFO  util.JvmPauseMonitor (JvmPauseMonitor.java:run(188)) - Starting JVM pause monitor
2019-07-13 22:40:44,092 INFO  datanode.InitDatanodeState (InitDatanodeState.java:persistContainerDatanodeDetails(140)) - DatanodeDetails is persisted to /tmp/workdir/hadoop-ozone/integration-test/target/test-dir/MiniOzoneClusterImpl-fafd0a6a-d653-4c63-bc60-dea908c2499e/datanode-5/meta/datanode.id
2019-07-13 22:40:45,048 INFO  ozoneimpl.OzoneContainer (OzoneContainer.java:start(186)) - Attempting to start container services.
2019-07-13 22:40:45,048 INFO  ozoneimpl.OzoneContainer (OzoneContainer.java:startContainerScrub(160)) - Background container scrubber has been disabled by hdds.containerscrub.enabled
2019-07-13 22:40:45,049 INFO  ratis.XceiverServerRatis (XceiverServerRatis.java:start(418)) - Starting XceiverServerRatis f4ed6d0d-f181-40a8-83da-b6149e264565 at port 0
2019-07-13 22:40:45,058 INFO  impl.RaftServerProxy (RaftServerProxy.java:lambda$start$3(299)) - f4ed6d0d-f181-40a8-83da-b6149e264565: start RPC server
2019-07-13 22:40:45,060 INFO  server.GrpcService (GrpcService.java:startImpl(149)) - f4ed6d0d-f181-40a8-83da-b6149e264565: GrpcService started, listening on 0.0.0.0/0.0.0.0:41317
2019-07-13 22:40:45,061 INFO  ratis.XceiverServerRatis (XceiverServerRatis.java:start(428)) - XceiverServerRatis f4ed6d0d-f181-40a8-83da-b6149e264565 is started using port 41317
2019-07-13 22:40:45,062 INFO  server.XceiverServerGrpc (XceiverServerGrpc.java:start(161)) - XceiverServerGrpc f4ed6d0d-f181-40a8-83da-b6149e264565 is started using port 43444
2019-07-13 22:40:45,084 INFO  ozone.MiniOzoneClusterImpl (MiniOzoneClusterImpl.java:lambda$waitForClusterToBeReady$0(142)) - Waiting for cluster to be ready. Got 0 of 6 DN Heartbeats.
2019-07-13 22:40:45,259 INFO  ozoneimpl.OzoneContainer (OzoneContainer.java:start(186)) - Attempting to start container services.
2019-07-13 22:40:45,265 INFO  ozoneimpl.OzoneContainer (OzoneContainer.java:startContainerScrub(160)) - Background container scrubber has been disabled by hdds.containerscrub.enabled
2019-07-13 22:40:45,265 INFO  ratis.XceiverServerRatis (XceiverServerRatis.java:start(418)) - Starting XceiverServerRatis 1af4aae5-ae44-4ceb-9556-20accdc9cc2a at port 0
2019-07-13 22:40:45,275 INFO  impl.RaftServerProxy (RaftServerProxy.java:lambda$start$3(299)) - 1af4aae5-ae44-4ceb-9556-20accdc9cc2a: start RPC server
2019-07-13 22:40:45,279 INFO  server.GrpcService (GrpcService.java:startImpl(149)) - 1af4aae5-ae44-4ceb-9556-20accdc9cc2a: GrpcService started, listening on 0.0.0.0/0.0.0.0:35301
2019-07-13 22:40:45,279 INFO  ratis.XceiverServerRatis (XceiverServerRatis.java:start(428)) - XceiverServerRatis 1af4aae5-ae44-4ceb-9556-20accdc9cc2a is started using port 35301
2019-07-13 22:40:45,280 INFO  server.XceiverServerGrpc (XceiverServerGrpc.java:start(161)) - XceiverServerGrpc 1af4aae5-ae44-4ceb-9556-20accdc9cc2a is started using port 42970
2019-07-13 22:40:45,480 INFO  ozoneimpl.OzoneContainer (OzoneContainer.java:start(186)) - Attempting to start container services.
2019-07-13 22:40:45,488 INFO  ozoneimpl.OzoneContainer (OzoneContainer.java:startContainerScrub(160)) - Background container scrubber has been disabled by hdds.containerscrub.enabled
2019-07-13 22:40:45,488 INFO  ratis.XceiverServerRatis (XceiverServerRatis.java:start(418)) - Starting XceiverServerRatis 17de1aae-21a5-40a4-b002-06c62bfdbe87 at port 0
2019-07-13 22:40:45,496 INFO  impl.RaftServerProxy (RaftServerProxy.java:lambda$start$3(299)) - 17de1aae-21a5-40a4-b002-06c62bfdbe87: start RPC server
2019-07-13 22:40:45,497 INFO  server.GrpcService (GrpcService.java:startImpl(149)) - 17de1aae-21a5-40a4-b002-06c62bfdbe87: GrpcService started, listening on 0.0.0.0/0.0.0.0:43605
2019-07-13 22:40:45,498 INFO  ratis.XceiverServerRatis (XceiverServerRatis.java:start(428)) - XceiverServerRatis 17de1aae-21a5-40a4-b002-06c62bfdbe87 is started using port 43605
2019-07-13 22:40:45,513 INFO  server.XceiverServerGrpc (XceiverServerGrpc.java:start(161)) - XceiverServerGrpc 17de1aae-21a5-40a4-b002-06c62bfdbe87 is started using port 40337
2019-07-13 22:40:45,687 INFO  ozoneimpl.OzoneContainer (OzoneContainer.java:start(186)) - Attempting to start container services.
2019-07-13 22:40:45,694 INFO  ozoneimpl.OzoneContainer (OzoneContainer.java:startContainerScrub(160)) - Background container scrubber has been disabled by hdds.containerscrub.enabled
2019-07-13 22:40:45,694 INFO  ratis.XceiverServerRatis (XceiverServerRatis.java:start(418)) - Starting XceiverServerRatis 723b3352-36b7-460d-8817-3834fb80500e at port 0
2019-07-13 22:40:45,704 INFO  impl.RaftServerProxy (RaftServerProxy.java:lambda$start$3(299)) - 723b3352-36b7-460d-8817-3834fb80500e: start RPC server
2019-07-13 22:40:45,708 INFO  server.GrpcService (GrpcService.java:startImpl(149)) - 723b3352-36b7-460d-8817-3834fb80500e: GrpcService started, listening on 0.0.0.0/0.0.0.0:36621
2019-07-13 22:40:45,708 INFO  ratis.XceiverServerRatis (XceiverServerRatis.java:start(428)) - XceiverServerRatis 723b3352-36b7-460d-8817-3834fb80500e is started using port 36621
2019-07-13 22:40:45,722 INFO  server.XceiverServerGrpc (XceiverServerGrpc.java:start(161)) - XceiverServerGrpc 723b3352-36b7-460d-8817-3834fb80500e is started using port 37472
2019-07-13 22:40:45,881 INFO  ozoneimpl.OzoneContainer (OzoneContainer.java:start(186)) - Attempting to start container services.
2019-07-13 22:40:45,887 INFO  ozoneimpl.OzoneContainer (OzoneContainer.java:startContainerScrub(160)) - Background container scrubber has been disabled by hdds.containerscrub.enabled
2019-07-13 22:40:45,888 INFO  ratis.XceiverServerRatis (XceiverServerRatis.java:start(418)) - Starting XceiverServerRatis 778b5faa-b562-469a-b3c2-181dac0309f1 at port 0
2019-07-13 22:40:45,898 INFO  impl.RaftServerProxy (RaftServerProxy.java:lambda$start$3(299)) - 778b5faa-b562-469a-b3c2-181dac0309f1: start RPC server
2019-07-13 22:40:45,899 INFO  server.GrpcService (GrpcService.java:startImpl(149)) - 778b5faa-b562-469a-b3c2-181dac0309f1: GrpcService started, listening on 0.0.0.0/0.0.0.0:33021
2019-07-13 22:40:45,899 INFO  ratis.XceiverServerRatis (XceiverServerRatis.java:start(428)) - XceiverServerRatis 778b5faa-b562-469a-b3c2-181dac0309f1 is started using port 33021
2019-07-13 22:40:45,900 INFO  server.XceiverServerGrpc (XceiverServerGrpc.java:start(161)) - XceiverServerGrpc 778b5faa-b562-469a-b3c2-181dac0309f1 is started using port 37948
2019-07-13 22:40:46,084 INFO  ozone.MiniOzoneClusterImpl (MiniOzoneClusterImpl.java:lambda$waitForClusterToBeReady$0(142)) - Waiting for cluster to be ready. Got 0 of 6 DN Heartbeats.
2019-07-13 22:40:46,096 INFO  ozoneimpl.OzoneContainer (OzoneContainer.java:start(186)) - Attempting to start container services.
2019-07-13 22:40:46,113 INFO  ozoneimpl.OzoneContainer (OzoneContainer.java:startContainerScrub(160)) - Background container scrubber has been disabled by hdds.containerscrub.enabled
2019-07-13 22:40:46,113 INFO  ratis.XceiverServerRatis (XceiverServerRatis.java:start(418)) - Starting XceiverServerRatis 0f5cdf0c-e27a-4fcf-8d3a-132f8c694150 at port 0
2019-07-13 22:40:46,124 INFO  impl.RaftServerProxy (RaftServerProxy.java:lambda$start$3(299)) - 0f5cdf0c-e27a-4fcf-8d3a-132f8c694150: start RPC server
2019-07-13 22:40:46,125 INFO  server.GrpcService (GrpcService.java:startImpl(149)) - 0f5cdf0c-e27a-4fcf-8d3a-132f8c694150: GrpcService started, listening on 0.0.0.0/0.0.0.0:44751
2019-07-13 22:40:46,125 INFO  ratis.XceiverServerRatis (XceiverServerRatis.java:start(428)) - XceiverServerRatis 0f5cdf0c-e27a-4fcf-8d3a-132f8c694150 is started using port 44751
2019-07-13 22:40:46,126 INFO  server.XceiverServerGrpc (XceiverServerGrpc.java:start(161)) - XceiverServerGrpc 0f5cdf0c-e27a-4fcf-8d3a-132f8c694150 is started using port 38335
2019-07-13 22:40:47,030 INFO  net.NetworkTopology (NetworkTopologyImpl.java:add(110)) - Added a new node: /default-rack/192.168.5.159
2019-07-13 22:40:47,034 INFO  node.SCMNodeManager (SCMNodeManager.java:register(269)) - Registered Data node : f4ed6d0d-f181-40a8-83da-b6149e264565{ip: 192.168.5.159, host: trunk-nightly-x8m8d-1534914823, networkLocation: /default-rack, certSerialId: null}
2019-07-13 22:40:47,035 INFO  safemode.SCMSafeModeManager (DataNodeSafeModeRule.java:process(71)) - SCM in safe mode. 1 DataNodes registered, 1 required.
2019-07-13 22:40:47,039 INFO  safemode.SCMSafeModeManager (SCMSafeModeManager.java:validateSafeModeExitRules(177)) - ScmSafeModeManager, all rules are successfully validated
2019-07-13 22:40:47,039 INFO  safemode.SCMSafeModeManager (SCMSafeModeManager.java:exitSafeMode(193)) - SCM exiting safe mode.
2019-07-13 22:40:47,063 INFO  impl.RaftServerProxy (RaftServerProxy.java:addNew(89)) - f4ed6d0d-f181-40a8-83da-b6149e264565: addNew group-8904D3B4001E:[f4ed6d0d-f181-40a8-83da-b6149e264565:192.168.5.159:41317] returns group-8904D3B4001E:java.util.concurrent.CompletableFuture@1f74e780[Not completed]
2019-07-13 22:40:47,067 INFO  impl.RaftServerImpl (RaftServerImpl.java:<init>(93)) - f4ed6d0d-f181-40a8-83da-b6149e264565: new RaftServerImpl for group-8904D3B4001E:[f4ed6d0d-f181-40a8-83da-b6149e264565:192.168.5.159:41317] with ContainerStateMachine:uninitialized
2019-07-13 22:40:47,067 INFO  server.RaftServerConfigKeys (ConfUtils.java:logGet(43)) - raft.server.rpc.timeout.min = 5s (custom)
2019-07-13 22:40:47,067 INFO  server.RaftServerConfigKeys (ConfUtils.java:logGet(43)) - raft.server.rpc.timeout.max = 5200ms (custom)
2019-07-13 22:40:47,067 INFO  server.RaftServerConfigKeys (ConfUtils.java:logGet(43)) - raft.server.rpcslowness.timeout = 120s (custom)
2019-07-13 22:40:47,068 INFO  server.RaftServerConfigKeys (ConfUtils.java:logGet(43)) - raft.server.sleep.deviation.threshold = 300 (default)
2019-07-13 22:40:47,068 INFO  server.RaftServerConfigKeys (ConfUtils.java:logGet(43)) - raft.server.log.appender.install.snapshot.enabled = false (custom)
2019-07-13 22:40:47,068 INFO  impl.RaftServerImpl (ServerState.java:<init>(105)) - f4ed6d0d-f181-40a8-83da-b6149e264565:group-8904D3B4001E ConfigurationManager, init=-1: [f4ed6d0d-f181-40a8-83da-b6149e264565:192.168.5.159:41317], old=null, confs=<EMPTY_MAP>
2019-07-13 22:40:47,068 INFO  server.RaftServerConfigKeys (ConfUtils.java:logGet(43)) - raft.server.storage.dir = [/tmp/workdir/hadoop-ozone/integration-test/target/test-dir/MiniOzoneClusterImpl-fafd0a6a-d653-4c63-bc60-dea908c2499e/datanode-0/data/ratis] (custom)
2019-07-13 22:40:47,069 INFO  storage.RaftStorageDirectory (RaftStorageDirectory.java:analyzeStorage(246)) - The storage directory /tmp/workdir/hadoop-ozone/integration-test/target/test-dir/MiniOzoneClusterImpl-fafd0a6a-d653-4c63-bc60-dea908c2499e/datanode-0/data/ratis/d4ae1245-be72-4aa8-929f-8904d3b4001e does not exist. Creating ...
2019-07-13 22:40:47,085 INFO  ozone.MiniOzoneClusterImpl (MiniOzoneClusterImpl.java:lambda$waitForClusterToBeReady$0(142)) - Waiting for cluster to be ready. Got 1 of 6 DN Heartbeats.
2019-07-13 22:40:47,091 INFO  storage.RaftStorageDirectory (RaftStorageDirectory.java:tryLock(328)) - Lock on /tmp/workdir/hadoop-ozone/integration-test/target/test-dir/MiniOzoneClusterImpl-fafd0a6a-d653-4c63-bc60-dea908c2499e/datanode-0/data/ratis/d4ae1245-be72-4aa8-929f-8904d3b4001e/in_use.lock acquired by nodename 26920@trunk-nightly-x8m8d-1534914823
2019-07-13 22:40:47,104 INFO  storage.RaftStorage (RaftStorage.java:format(72)) - Storage directory /tmp/workdir/hadoop-ozone/integration-test/target/test-dir/MiniOzoneClusterImpl-fafd0a6a-d653-4c63-bc60-dea908c2499e/datanode-0/data/ratis/d4ae1245-be72-4aa8-929f-8904d3b4001e has been successfully formatted.
2019-07-13 22:40:47,105 INFO  ratis.ContainerStateMachine (ContainerStateMachine.java:loadSnapshot(200)) - The snapshot info is null.Setting the last applied index to:(t:0, i:~)
2019-07-13 22:40:47,105 INFO  server.RaftServerConfigKeys (ConfUtils.java:logGet(43)) - raft.server.leader.election.timeout = 120s (custom)
2019-07-13 22:40:47,105 INFO  server.RaftServerConfigKeys (ConfUtils.java:logGet(43)) - raft.server.log.use.memory = false (default)
2019-07-13 22:40:47,105 INFO  server.RaftServerConfigKeys (ConfUtils.java:logGet(43)) - raft.server.log.purge.gap = 1000000000 (custom)
2019-07-13 22:40:47,105 INFO  server.RaftServerConfigKeys (ConfUtils.java:logGet(43)) - raft.server.log.appender.buffer.byte-limit = 33554432 (custom)
2019-07-13 22:40:47,106 INFO  server.RaftServerConfigKeys (ConfUtils.java:logGet(43)) - raft.server.log.segment.size.max = 1048576 (custom)
2019-07-13 22:40:47,106 INFO  server.RaftServerConfigKeys (ConfUtils.java:logGet(43)) - raft.server.log.segment.cache.num.max = 2 (custom)
2019-07-13 22:40:47,106 INFO  segmented.SegmentedRaftLogWorker (SegmentedRaftLogWorker.java:<init>(172)) - new f4ed6d0d-f181-40a8-83da-b6149e264565-SegmentedRaftLogWorker:Storage Directory /tmp/workdir/hadoop-ozone/integration-test/target/test-dir/MiniOzoneClusterImpl-fafd0a6a-d653-4c63-bc60-dea908c2499e/datanode-0/data/ratis/d4ae1245-be72-4aa8-929f-8904d3b4001e for RaftStorage:Storage Directory /tmp/workdir/hadoop-ozone/integration-test/target/test-dir/MiniOzoneClusterImpl-fafd0a6a-d653-4c63-bc60-dea908c2499e/datanode-0/data/ratis/d4ae1245-be72-4aa8-929f-8904d3b4001e
2019-07-13 22:40:47,106 INFO  server.RaftServerConfigKeys (ConfUtils.java:logGet(43)) - raft.server.log.queue.byte-limit = 2147483647 (custom)
2019-07-13 22:40:47,106 INFO  server.RaftServerConfigKeys (ConfUtils.java:logGet(43)) - raft.server.log.queue.element-limit = 1024 (custom)
2019-07-13 22:40:47,107 INFO  server.RaftServerConfigKeys (ConfUtils.java:logGet(43)) - raft.server.log.segment.size.max = 1048576 (custom)
2019-07-13 22:40:47,107 INFO  server.RaftServerConfigKeys (ConfUtils.java:logGet(43)) - raft.server.log.preallocated.size = 16384 (custom)
2019-07-13 22:40:47,107 INFO  server.RaftServerConfigKeys (ConfUtils.java:logGet(43)) - raft.server.log.write.buffer.size = 33554432 (custom)
2019-07-13 22:40:47,107 INFO  server.RaftServerConfigKeys (ConfUtils.java:logGet(43)) - raft.server.log.force.sync.num = 128 (default)
2019-07-13 22:40:47,108 INFO  server.RaftServerConfigKeys (ConfUtils.java:logGet(43)) - raft.server.log.statemachine.data.sync = true (default)
2019-07-13 22:40:47,108 INFO  server.RaftServerConfigKeys (ConfUtils.java:logGet(43)) - raft.server.log.statemachine.data.sync.timeout = 10s (default)
2019-07-13 22:40:47,108 INFO  server.RaftServerConfigKeys (ConfUtils.java:logGet(43)) - raft.server.log.statemachine.data.sync.timeout.retry = -1 (default)
2019-07-13 22:40:47,108 INFO  server.RaftServerConfigKeys (ConfUtils.java:logGet(43)) - raft.server.log.statemachine.data.caching.enabled = true (custom)
2019-07-13 22:40:47,109 INFO  segmented.SegmentedRaftLogWorker (SegmentedRaftLogWorker.java:lambda$new$0(132)) - f4ed6d0d-f181-40a8-83da-b6149e264565-SegmentedRaftLogWorker:Storage Directory /tmp/workdir/hadoop-ozone/integration-test/target/test-dir/MiniOzoneClusterImpl-fafd0a6a-d653-4c63-bc60-dea908c2499e/datanode-0/data/ratis/d4ae1245-be72-4aa8-929f-8904d3b4001e: flushIndex: setUnconditionally 0 -> -1
2019-07-13 22:40:47,109 INFO  server.RaftServerConfigKeys (ConfUtils.java:logGet(43)) - raft.server.snapshot.auto.trigger.enabled = true (custom)
2019-07-13 22:40:47,109 INFO  server.RaftServerConfigKeys (ConfUtils.java:logGet(43)) - raft.server.snapshot.auto.trigger.threshold = 10000 (custom)
2019-07-13 22:40:47,110 INFO  server.RaftServerConfigKeys (ConfUtils.java:logGet(43)) - raft.server.retrycache.expirytime = 600000ms (custom)
2019-07-13 22:40:47,110 INFO  impl.RaftServerImpl (RaftServerImpl.java:start(180)) - f4ed6d0d-f181-40a8-83da-b6149e264565: start group-8904D3B4001E
2019-07-13 22:40:47,110 INFO  impl.RaftServerImpl (RaftServerImpl.java:setRole(171)) - f4ed6d0d-f181-40a8-83da-b6149e264565:group-8904D3B4001E changes role from null to FOLLOWER at term 0 for startAsFollower
2019-07-13 22:40:47,111 INFO  impl.RoleInfo (RoleInfo.java:updateAndGet(143)) - f4ed6d0d-f181-40a8-83da-b6149e264565: start FollowerState
2019-07-13 22:40:47,111 INFO  util.JmxRegister (JmxRegister.java:tryRegister(44)) - Successfully registered JMX Bean with object name Ratis:service=RaftServer,group=group-8904D3B4001E,id=f4ed6d0d-f181-40a8-83da-b6149e264565
2019-07-13 22:40:47,119 INFO  pipeline.PipelineStateManager (PipelineStateManager.java:addPipeline(56)) - Created pipeline Pipeline[ Id: d4ae1245-be72-4aa8-929f-8904d3b4001e, Nodes: f4ed6d0d-f181-40a8-83da-b6149e264565{ip: 192.168.5.159, host: trunk-nightly-x8m8d-1534914823, networkLocation: /default-rack, certSerialId: null}, Type:RATIS, Factor:ONE, State:OPEN]
2019-07-13 22:40:47,249 INFO  node.SCMNodeManager (SCMNodeManager.java:register(269)) - Registered Data node : 1af4aae5-ae44-4ceb-9556-20accdc9cc2a{ip: 192.168.5.159, host: trunk-nightly-x8m8d-1534914823, networkLocation: /default-rack, certSerialId: null}
2019-07-13 22:40:47,269 INFO  impl.RaftServerProxy (RaftServerProxy.java:addNew(89)) - 1af4aae5-ae44-4ceb-9556-20accdc9cc2a: addNew group-BFD7E922EE32:[1af4aae5-ae44-4ceb-9556-20accdc9cc2a:192.168.5.159:35301] returns group-BFD7E922EE32:java.util.concurrent.CompletableFuture@798c5998[Not completed]
2019-07-13 22:40:47,270 INFO  impl.RaftServerImpl (RaftServerImpl.java:<init>(93)) - 1af4aae5-ae44-4ceb-9556-20accdc9cc2a: new RaftServerImpl for group-BFD7E922EE32:[1af4aae5-ae44-4ceb-9556-20accdc9cc2a:192.168.5.159:35301] with ContainerStateMachine:uninitialized
2019-07-13 22:40:47,270 INFO  server.RaftServerConfigKeys (ConfUtils.java:logGet(43)) - raft.server.rpc.timeout.min = 5s (custom)
2019-07-13 22:40:47,271 INFO  server.RaftServerConfigKeys (ConfUtils.java:logGet(43)) - raft.server.rpc.timeout.max = 5200ms (custom)
2019-07-13 22:40:47,271 INFO  server.RaftServerConfigKeys (ConfUtils.java:logGet(43)) - raft.server.rpcslowness.timeout = 120s (custom)
2019-07-13 22:40:47,271 INFO  server.RaftServerConfigKeys (ConfUtils.java:logGet(43)) - raft.server.sleep.deviation.threshold = 300 (default)
2019-07-13 22:40:47,271 INFO  server.RaftServerConfigKeys (ConfUtils.java:logGet(43)) - raft.server.log.appender.install.snapshot.enabled = false (custom)
2019-07-13 22:40:47,271 INFO  impl.RaftServerImpl (ServerState.java:<init>(105)) - 1af4aae5-ae44-4ceb-9556-20accdc9cc2a:group-BFD7E922EE32 ConfigurationManager, init=-1: [1af4aae5-ae44-4ceb-9556-20accdc9cc2a:192.168.5.159:35301], old=null, confs=<EMPTY_MAP>
2019-07-13 22:40:47,272 INFO  server.RaftServerConfigKeys (ConfUtils.java:logGet(43)) - raft.server.storage.dir = [/tmp/workdir/hadoop-ozone/integration-test/target/test-dir/MiniOzoneClusterImpl-fafd0a6a-d653-4c63-bc60-dea908c2499e/datanode-1/data/ratis] (custom)
2019-07-13 22:40:47,272 INFO  storage.RaftStorageDirectory (RaftStorageDirectory.java:analyzeStorage(246)) - The storage directory /tmp/workdir/hadoop-ozone/integration-test/target/test-dir/MiniOzoneClusterImpl-fafd0a6a-d653-4c63-bc60-dea908c2499e/datanode-1/data/ratis/4b2b7e86-f374-42e5-9c80-bfd7e922ee32 does not exist. Creating ...
2019-07-13 22:40:47,278 INFO  storage.RaftStorageDirectory (RaftStorageDirectory.java:tryLock(328)) - Lock on /tmp/workdir/hadoop-ozone/integration-test/target/test-dir/MiniOzoneClusterImpl-fafd0a6a-d653-4c63-bc60-dea908c2499e/datanode-1/data/ratis/4b2b7e86-f374-42e5-9c80-bfd7e922ee32/in_use.lock acquired by nodename 26920@trunk-nightly-x8m8d-1534914823
2019-07-13 22:40:47,281 INFO  storage.RaftStorage (RaftStorage.java:format(72)) - Storage directory /tmp/workdir/hadoop-ozone/integration-test/target/test-dir/MiniOzoneClusterImpl-fafd0a6a-d653-4c63-bc60-dea908c2499e/datanode-1/data/ratis/4b2b7e86-f374-42e5-9c80-bfd7e922ee32 has been successfully formatted.
2019-07-13 22:40:47,282 INFO  ratis.ContainerStateMachine (ContainerStateMachine.java:loadSnapshot(200)) - The snapshot info is null.Setting the last applied index to:(t:0, i:~)
2019-07-13 22:40:47,282 INFO  server.RaftServerConfigKeys (ConfUtils.java:logGet(43)) - raft.server.leader.election.timeout = 120s (custom)
2019-07-13 22:40:47,282 INFO  server.RaftServerConfigKeys (ConfUtils.java:logGet(43)) - raft.server.log.use.memory = false (default)
2019-07-13 22:40:47,282 INFO  server.RaftServerConfigKeys (ConfUtils.java:logGet(43)) - raft.server.log.purge.gap = 1000000000 (custom)
2019-07-13 22:40:47,283 INFO  server.RaftServerConfigKeys (ConfUtils.java:logGet(43)) - raft.server.log.appender.buffer.byte-limit = 33554432 (custom)
2019-07-13 22:40:47,283 INFO  server.RaftServerConfigKeys (ConfUtils.java:logGet(43)) - raft.server.log.segment.size.max = 1048576 (custom)
2019-07-13 22:40:47,283 INFO  server.RaftServerConfigKeys (ConfUtils.java:logGet(43)) - raft.server.log.segment.cache.num.max = 2 (custom)
2019-07-13 22:40:47,283 INFO  segmented.SegmentedRaftLogWorker (SegmentedRaftLogWorker.java:<init>(172)) - new 1af4aae5-ae44-4ceb-9556-20accdc9cc2a-SegmentedRaftLogWorker:Storage Directory /tmp/workdir/hadoop-ozone/integration-test/target/test-dir/MiniOzoneClusterImpl-fafd0a6a-d653-4c63-bc60-dea908c2499e/datanode-1/data/ratis/4b2b7e86-f374-42e5-9c80-bfd7e922ee32 for RaftStorage:Storage Directory /tmp/workdir/hadoop-ozone/integration-test/target/test-dir/MiniOzoneClusterImpl-fafd0a6a-d653-4c63-bc60-dea908c2499e/datanode-1/data/ratis/4b2b7e86-f374-42e5-9c80-bfd7e922ee32
2019-07-13 22:40:47,283 INFO  server.RaftServerConfigKeys (ConfUtils.java:logGet(43)) - raft.server.log.queue.byte-limit = 2147483647 (custom)
2019-07-13 22:40:47,284 INFO  server.RaftServerConfigKeys (ConfUtils.java:logGet(43)) - raft.server.log.queue.element-limit = 1024 (custom)
2019-07-13 22:40:47,284 INFO  server.RaftServerConfigKeys (ConfUtils.java:logGet(43)) - raft.server.log.segment.size.max = 1048576 (custom)
2019-07-13 22:40:47,284 INFO  server.RaftServerConfigKeys (ConfUtils.java:logGet(43)) - raft.server.log.preallocated.size = 16384 (custom)
2019-07-13 22:40:47,284 INFO  server.RaftServerConfigKeys (ConfUtils.java:logGet(43)) - raft.server.log.write.buffer.size = 33554432 (custom)
2019-07-13 22:40:47,285 INFO  server.RaftServerConfigKeys (ConfUtils.java:logGet(43)) - raft.server.log.force.sync.num = 128 (default)
2019-07-13 22:40:47,285 INFO  server.RaftServerConfigKeys (ConfUtils.java:logGet(43)) - raft.server.log.statemachine.data.sync = true (default)
2019-07-13 22:40:47,285 INFO  server.RaftServerConfigKeys (ConfUtils.java:logGet(43)) - raft.server.log.statemachine.data.sync.timeout = 10s (default)
2019-07-13 22:40:47,285 INFO  server.RaftServerConfigKeys (ConfUtils.java:logGet(43)) - raft.server.log.statemachine.data.sync.timeout.retry = -1 (default)
2019-07-13 22:40:47,286 INFO  server.RaftServerConfigKeys (ConfUtils.java:logGet(43)) - raft.server.log.statemachine.data.caching.enabled = true (custom)
2019-07-13 22:40:47,286 INFO  segmented.SegmentedRaftLogWorker (SegmentedRaftLogWorker.java:lambda$new$0(132)) - 1af4aae5-ae44-4ceb-9556-20accdc9cc2a-SegmentedRaftLogWorker:Storage Directory /tmp/workdir/hadoop-ozone/integration-test/target/test-dir/MiniOzoneClusterImpl-fafd0a6a-d653-4c63-bc60-dea908c2499e/datanode-1/data/ratis/4b2b7e86-f374-42e5-9c80-bfd7e922ee32: flushIndex: setUnconditionally 0 -> -1
2019-07-13 22:40:47,286 INFO  server.RaftServerConfigKeys (ConfUtils.java:logGet(43)) - raft.server.snapshot.auto.trigger.enabled = true (custom)
2019-07-13 22:40:47,287 INFO  server.RaftServerConfigKeys (ConfUtils.java:logGet(43)) - raft.server.snapshot.auto.trigger.threshold = 10000 (custom)
2019-07-13 22:40:47,287 INFO  server.RaftServerConfigKeys (ConfUtils.java:logGet(43)) - raft.server.retrycache.expirytime = 600000ms (custom)
2019-07-13 22:40:47,287 INFO  impl.RaftServerImpl (RaftServerImpl.java:start(180)) - 1af4aae5-ae44-4ceb-9556-20accdc9cc2a: start group-BFD7E922EE32
2019-07-13 22:40:47,287 INFO  impl.RaftServerImpl (RaftServerImpl.java:setRole(171)) - 1af4aae5-ae44-4ceb-9556-20accdc9cc2a:group-BFD7E922EE32 changes role from null to FOLLOWER at term 0 for startAsFollower
2019-07-13 22:40:47,288 INFO  impl.RoleInfo (RoleInfo.java:updateAndGet(143)) - 1af4aae5-ae44-4ceb-9556-20accdc9cc2a: start FollowerState
2019-07-13 22:40:47,288 INFO  util.JmxRegister (JmxRegister.java:tryRegister(44)) - Successfully registered JMX Bean with object name Ratis:service=RaftServer,group=group-BFD7E922EE32,id=1af4aae5-ae44-4ceb-9556-20accdc9cc2a
2019-07-13 22:40:47,295 INFO  pipeline.PipelineStateManager (PipelineStateManager.java:addPipeline(56)) - Created pipeline Pipeline[ Id: 4b2b7e86-f374-42e5-9c80-bfd7e922ee32, Nodes: 1af4aae5-ae44-4ceb-9556-20accdc9cc2a{ip: 192.168.5.159, host: trunk-nightly-x8m8d-1534914823, networkLocation: /default-rack, certSerialId: null}, Type:RATIS, Factor:ONE, State:OPEN]
2019-07-13 22:40:47,474 INFO  node.SCMNodeManager (SCMNodeManager.java:register(269)) - Registered Data node : 17de1aae-21a5-40a4-b002-06c62bfdbe87{ip: 192.168.5.159, host: trunk-nightly-x8m8d-1534914823, networkLocation: /default-rack, certSerialId: null}
2019-07-13 22:40:47,493 INFO  impl.RaftServerProxy (RaftServerProxy.java:addNew(89)) - 17de1aae-21a5-40a4-b002-06c62bfdbe87: addNew group-D24B737EB031:[17de1aae-21a5-40a4-b002-06c62bfdbe87:192.168.5.159:43605] returns group-D24B737EB031:java.util.concurrent.CompletableFuture@b2c2f90[Not completed]
2019-07-13 22:40:47,494 INFO  impl.RaftServerImpl (RaftServerImpl.java:<init>(93)) - 17de1aae-21a5-40a4-b002-06c62bfdbe87: new RaftServerImpl for group-D24B737EB031:[17de1aae-21a5-40a4-b002-06c62bfdbe87:192.168.5.159:43605] with ContainerStateMachine:uninitialized
2019-07-13 22:40:47,495 INFO  server.RaftServerConfigKeys (ConfUtils.java:logGet(43)) - raft.server.rpc.timeout.min = 5s (custom)
2019-07-13 22:40:47,495 INFO  server.RaftServerConfigKeys (ConfUtils.java:logGet(43)) - raft.server.rpc.timeout.max = 5200ms (custom)
2019-07-13 22:40:47,495 INFO  server.RaftServerConfigKeys (ConfUtils.java:logGet(43)) - raft.server.rpcslowness.timeout = 120s (custom)
2019-07-13 22:40:47,495 INFO  server.RaftServerConfigKeys (ConfUtils.java:logGet(43)) - raft.server.sleep.deviation.threshold = 300 (default)
2019-07-13 22:40:47,495 INFO  server.RaftServerConfigKeys (ConfUtils.java:logGet(43)) - raft.server.log.appender.install.snapshot.enabled = false (custom)
2019-07-13 22:40:47,496 INFO  impl.RaftServerImpl (ServerState.java:<init>(105)) - 17de1aae-21a5-40a4-b002-06c62bfdbe87:group-D24B737EB031 ConfigurationManager, init=-1: [17de1aae-21a5-40a4-b002-06c62bfdbe87:192.168.5.159:43605], old=null, confs=<EMPTY_MAP>
2019-07-13 22:40:47,496 INFO  server.RaftServerConfigKeys (ConfUtils.java:logGet(43)) - raft.server.storage.dir = [/tmp/workdir/hadoop-ozone/integration-test/target/test-dir/MiniOzoneClusterImpl-fafd0a6a-d653-4c63-bc60-dea908c2499e/datanode-2/data/ratis] (custom)
2019-07-13 22:40:47,496 INFO  storage.RaftStorageDirectory (RaftStorageDirectory.java:analyzeStorage(246)) - The storage directory /tmp/workdir/hadoop-ozone/integration-test/target/test-dir/MiniOzoneClusterImpl-fafd0a6a-d653-4c63-bc60-dea908c2499e/datanode-2/data/ratis/552101fe-447b-4b56-a990-d24b737eb031 does not exist. Creating ...
2019-07-13 22:40:47,510 INFO  storage.RaftStorageDirectory (RaftStorageDirectory.java:tryLock(328)) - Lock on /tmp/workdir/hadoop-ozone/integration-test/target/test-dir/MiniOzoneClusterImpl-fafd0a6a-d653-4c63-bc60-dea908c2499e/datanode-2/data/ratis/552101fe-447b-4b56-a990-d24b737eb031/in_use.lock acquired by nodename 26920@trunk-nightly-x8m8d-1534914823
2019-07-13 22:40:47,519 INFO  storage.RaftStorage (RaftStorage.java:format(72)) - Storage directory /tmp/workdir/hadoop-ozone/integration-test/target/test-dir/MiniOzoneClusterImpl-fafd0a6a-d653-4c63-bc60-dea908c2499e/datanode-2/data/ratis/552101fe-447b-4b56-a990-d24b737eb031 has been successfully formatted.
2019-07-13 22:40:47,520 INFO  ratis.ContainerStateMachine (ContainerStateMachine.java:loadSnapshot(200)) - The snapshot info is null.Setting the last applied index to:(t:0, i:~)
2019-07-13 22:40:47,520 INFO  server.RaftServerConfigKeys (ConfUtils.java:logGet(43)) - raft.server.leader.election.timeout = 120s (custom)
2019-07-13 22:40:47,520 INFO  server.RaftServerConfigKeys (ConfUtils.java:logGet(43)) - raft.server.log.use.memory = false (default)
2019-07-13 22:40:47,520 INFO  server.RaftServerConfigKeys (ConfUtils.java:logGet(43)) - raft.server.log.purge.gap = 1000000000 (custom)
2019-07-13 22:40:47,521 INFO  server.RaftServerConfigKeys (ConfUtils.java:logGet(43)) - raft.server.log.appender.buffer.byte-limit = 33554432 (custom)
2019-07-13 22:40:47,521 INFO  server.RaftServerConfigKeys (ConfUtils.java:logGet(43)) - raft.server.log.segment.size.max = 1048576 (custom)
2019-07-13 22:40:47,521 INFO  server.RaftServerConfigKeys (ConfUtils.java:logGet(43)) - raft.server.log.segment.cache.num.max = 2 (custom)
2019-07-13 22:40:47,521 INFO  segmented.SegmentedRaftLogWorker (SegmentedRaftLogWorker.java:<init>(172)) - new 17de1aae-21a5-40a4-b002-06c62bfdbe87-SegmentedRaftLogWorker:Storage Directory /tmp/workdir/hadoop-ozone/integration-test/target/test-dir/MiniOzoneClusterImpl-fafd0a6a-d653-4c63-bc60-dea908c2499e/datanode-2/data/ratis/552101fe-447b-4b56-a990-d24b737eb031 for RaftStorage:Storage Directory /tmp/workdir/hadoop-ozone/integration-test/target/test-dir/MiniOzoneClusterImpl-fafd0a6a-d653-4c63-bc60-dea908c2499e/datanode-2/data/ratis/552101fe-447b-4b56-a990-d24b737eb031
2019-07-13 22:40:47,521 INFO  server.RaftServerConfigKeys (ConfUtils.java:logGet(43)) - raft.server.log.queue.byte-limit = 2147483647 (custom)
2019-07-13 22:40:47,522 INFO  server.RaftServerConfigKeys (ConfUtils.java:logGet(43)) - raft.server.log.queue.element-limit = 1024 (custom)
2019-07-13 22:40:47,522 INFO  server.RaftServerConfigKeys (ConfUtils.java:logGet(43)) - raft.server.log.segment.size.max = 1048576 (custom)
2019-07-13 22:40:47,522 INFO  server.RaftServerConfigKeys (ConfUtils.java:logGet(43)) - raft.server.log.preallocated.size = 16384 (custom)
2019-07-13 22:40:47,523 INFO  server.RaftServerConfigKeys (ConfUtils.java:logGet(43)) - raft.server.log.write.buffer.size = 33554432 (custom)
2019-07-13 22:40:47,523 INFO  server.RaftServerConfigKeys (ConfUtils.java:logGet(43)) - raft.server.log.force.sync.num = 128 (default)
2019-07-13 22:40:47,523 INFO  server.RaftServerConfigKeys (ConfUtils.java:logGet(43)) - raft.server.log.statemachine.data.sync = true (default)
2019-07-13 22:40:47,523 INFO  server.RaftServerConfigKeys (ConfUtils.java:logGet(43)) - raft.server.log.statemachine.data.sync.timeout = 10s (default)
2019-07-13 22:40:47,523 INFO  server.RaftServerConfigKeys (ConfUtils.java:logGet(43)) - raft.server.log.statemachine.data.sync.timeout.retry = -1 (default)
2019-07-13 22:40:47,524 INFO  server.RaftServerConfigKeys (ConfUtils.java:logGet(43)) - raft.server.log.statemachine.data.caching.enabled = true (custom)
2019-07-13 22:40:47,524 INFO  segmented.SegmentedRaftLogWorker (SegmentedRaftLogWorker.java:lambda$new$0(132)) - 17de1aae-21a5-40a4-b002-06c62bfdbe87-SegmentedRaftLogWorker:Storage Directory /tmp/workdir/hadoop-ozone/integration-test/target/test-dir/MiniOzoneClusterImpl-fafd0a6a-d653-4c63-bc60-dea908c2499e/datanode-2/data/ratis/552101fe-447b-4b56-a990-d24b737eb031: flushIndex: setUnconditionally 0 -> -1
2019-07-13 22:40:47,525 INFO  server.RaftServerConfigKeys (ConfUtils.java:logGet(43)) - raft.server.snapshot.auto.trigger.enabled = true (custom)
2019-07-13 22:40:47,525 INFO  server.RaftServerConfigKeys (ConfUtils.java:logGet(43)) - raft.server.snapshot.auto.trigger.threshold = 10000 (custom)
2019-07-13 22:40:47,525 INFO  server.RaftServerConfigKeys (ConfUtils.java:logGet(43)) - raft.server.retrycache.expirytime = 600000ms (custom)
2019-07-13 22:40:47,525 INFO  impl.RaftServerImpl (RaftServerImpl.java:start(180)) - 17de1aae-21a5-40a4-b002-06c62bfdbe87: start group-D24B737EB031
2019-07-13 22:40:47,526 INFO  impl.RaftServerImpl (RaftServerImpl.java:setRole(171)) - 17de1aae-21a5-40a4-b002-06c62bfdbe87:group-D24B737EB031 changes role from null to FOLLOWER at term 0 for startAsFollower
2019-07-13 22:40:47,526 INFO  impl.RoleInfo (RoleInfo.java:updateAndGet(143)) - 17de1aae-21a5-40a4-b002-06c62bfdbe87: start FollowerState
2019-07-13 22:40:47,526 INFO  util.JmxRegister (JmxRegister.java:tryRegister(44)) - Successfully registered JMX Bean with object name Ratis:service=RaftServer,group=group-D24B737EB031,id=17de1aae-21a5-40a4-b002-06c62bfdbe87
2019-07-13 22:40:47,534 INFO  pipeline.PipelineStateManager (PipelineStateManager.java:addPipeline(56)) - Created pipeline Pipeline[ Id: 552101fe-447b-4b56-a990-d24b737eb031, Nodes: 17de1aae-21a5-40a4-b002-06c62bfdbe87{ip: 192.168.5.159, host: trunk-nightly-x8m8d-1534914823, networkLocation: /default-rack, certSerialId: null}, Type:RATIS, Factor:ONE, State:OPEN]
2019-07-13 22:40:47,571 INFO  impl.RaftServerProxy (RaftServerProxy.java:addNew(89)) - 1af4aae5-ae44-4ceb-9556-20accdc9cc2a: addNew group-8C10937C5003:[1af4aae5-ae44-4ceb-9556-20accdc9cc2a:192.168.5.159:35301, 17de1aae-21a5-40a4-b002-06c62bfdbe87:192.168.5.159:43605, f4ed6d0d-f181-40a8-83da-b6149e264565:192.168.5.159:41317] returns group-8C10937C5003:java.util.concurrent.CompletableFuture@350b512f[Not completed]
2019-07-13 22:40:47,571 INFO  impl.RaftServerProxy (RaftServerProxy.java:addNew(89)) - 17de1aae-21a5-40a4-b002-06c62bfdbe87: addNew group-8C10937C5003:[1af4aae5-ae44-4ceb-9556-20accdc9cc2a:192.168.5.159:35301, 17de1aae-21a5-40a4-b002-06c62bfdbe87:192.168.5.159:43605, f4ed6d0d-f181-40a8-83da-b6149e264565:192.168.5.159:41317] returns group-8C10937C5003:java.util.concurrent.CompletableFuture@563379b[Not completed]
2019-07-13 22:40:47,571 INFO  impl.RaftServerProxy (RaftServerProxy.java:addNew(89)) - f4ed6d0d-f181-40a8-83da-b6149e264565: addNew group-8C10937C5003:[1af4aae5-ae44-4ceb-9556-20accdc9cc2a:192.168.5.159:35301, 17de1aae-21a5-40a4-b002-06c62bfdbe87:192.168.5.159:43605, f4ed6d0d-f181-40a8-83da-b6149e264565:192.168.5.159:41317] returns group-8C10937C5003:java.util.concurrent.CompletableFuture@36e3cebd[Not completed]
2019-07-13 22:40:47,572 INFO  impl.RaftServerImpl (RaftServerImpl.java:<init>(93)) - 1af4aae5-ae44-4ceb-9556-20accdc9cc2a: new RaftServerImpl for group-8C10937C5003:[1af4aae5-ae44-4ceb-9556-20accdc9cc2a:192.168.5.159:35301, 17de1aae-21a5-40a4-b002-06c62bfdbe87:192.168.5.159:43605, f4ed6d0d-f181-40a8-83da-b6149e264565:192.168.5.159:41317] with ContainerStateMachine:uninitialized
2019-07-13 22:40:47,573 INFO  server.RaftServerConfigKeys (ConfUtils.java:logGet(43)) - raft.server.rpc.timeout.min = 5s (custom)
2019-07-13 22:40:47,573 INFO  server.RaftServerConfigKeys (ConfUtils.java:logGet(43)) - raft.server.rpc.timeout.max = 5200ms (custom)
2019-07-13 22:40:47,573 INFO  server.RaftServerConfigKeys (ConfUtils.java:logGet(43)) - raft.server.rpcslowness.timeout = 120s (custom)
2019-07-13 22:40:47,573 INFO  server.RaftServerConfigKeys (ConfUtils.java:logGet(43)) - raft.server.sleep.deviation.threshold = 300 (default)
2019-07-13 22:40:47,573 INFO  server.RaftServerConfigKeys (ConfUtils.java:logGet(43)) - raft.server.log.appender.install.snapshot.enabled = false (custom)
2019-07-13 22:40:47,573 INFO  impl.RaftServerImpl (RaftServerImpl.java:<init>(93)) - f4ed6d0d-f181-40a8-83da-b6149e264565: new RaftServerImpl for group-8C10937C5003:[1af4aae5-ae44-4ceb-9556-20accdc9cc2a:192.168.5.159:35301, 17de1aae-21a5-40a4-b002-06c62bfdbe87:192.168.5.159:43605, f4ed6d0d-f181-40a8-83da-b6149e264565:192.168.5.159:41317] with ContainerStateMachine:uninitialized
2019-07-13 22:40:47,573 INFO  impl.RaftServerImpl (ServerState.java:<init>(105)) - 1af4aae5-ae44-4ceb-9556-20accdc9cc2a:group-8C10937C5003 ConfigurationManager, init=-1: [1af4aae5-ae44-4ceb-9556-20accdc9cc2a:192.168.5.159:35301, 17de1aae-21a5-40a4-b002-06c62bfdbe87:192.168.5.159:43605, f4ed6d0d-f181-40a8-83da-b6149e264565:192.168.5.159:41317], old=null, confs=<EMPTY_MAP>
2019-07-13 22:40:47,574 INFO  server.RaftServerConfigKeys (ConfUtils.java:logGet(43)) - raft.server.rpc.timeout.min = 5s (custom)
2019-07-13 22:40:47,574 INFO  server.RaftServerConfigKeys (ConfUtils.java:logGet(43)) - raft.server.storage.dir = [/tmp/workdir/hadoop-ozone/integration-test/target/test-dir/MiniOzoneClusterImpl-fafd0a6a-d653-4c63-bc60-dea908c2499e/datanode-1/data/ratis] (custom)
2019-07-13 22:40:47,574 INFO  server.RaftServerConfigKeys (ConfUtils.java:logGet(43)) - raft.server.rpc.timeout.max = 5200ms (custom)
2019-07-13 22:40:47,574 INFO  impl.RaftServerImpl (RaftServerImpl.java:<init>(93)) - 17de1aae-21a5-40a4-b002-06c62bfdbe87: new RaftServerImpl for group-8C10937C5003:[1af4aae5-ae44-4ceb-9556-20accdc9cc2a:192.168.5.159:35301, 17de1aae-21a5-40a4-b002-06c62bfdbe87:192.168.5.159:43605, f4ed6d0d-f181-40a8-83da-b6149e264565:192.168.5.159:41317] with ContainerStateMachine:uninitialized
2019-07-13 22:40:47,574 INFO  storage.RaftStorageDirectory (RaftStorageDirectory.java:analyzeStorage(246)) - The storage directory /tmp/workdir/hadoop-ozone/integration-test/target/test-dir/MiniOzoneClusterImpl-fafd0a6a-d653-4c63-bc60-dea908c2499e/datanode-1/data/ratis/d2d4ee62-7116-406d-9232-8c10937c5003 does not exist. Creating ...
2019-07-13 22:40:47,574 INFO  server.RaftServerConfigKeys (ConfUtils.java:logGet(43)) - raft.server.rpcslowness.timeout = 120s (custom)
2019-07-13 22:40:47,575 INFO  server.RaftServerConfigKeys (ConfUtils.java:logGet(43)) - raft.server.rpc.timeout.min = 5s (custom)
2019-07-13 22:40:47,575 INFO  server.RaftServerConfigKeys (ConfUtils.java:logGet(43)) - raft.server.sleep.deviation.threshold = 300 (default)
2019-07-13 22:40:47,575 INFO  server.RaftServerConfigKeys (ConfUtils.java:logGet(43)) - raft.server.rpc.timeout.max = 5200ms (custom)
2019-07-13 22:40:47,575 INFO  server.RaftServerConfigKeys (ConfUtils.java:logGet(43)) - raft.server.log.appender.install.snapshot.enabled = false (custom)
2019-07-13 22:40:47,575 INFO  server.RaftServerConfigKeys (ConfUtils.java:logGet(43)) - raft.server.rpcslowness.timeout = 120s (custom)
2019-07-13 22:40:47,575 INFO  impl.RaftServerImpl (ServerState.java:<init>(105)) - f4ed6d0d-f181-40a8-83da-b6149e264565:group-8C10937C5003 ConfigurationManager, init=-1: [1af4aae5-ae44-4ceb-9556-20accdc9cc2a:192.168.5.159:35301, 17de1aae-21a5-40a4-b002-06c62bfdbe87:192.168.5.159:43605, f4ed6d0d-f181-40a8-83da-b6149e264565:192.168.5.159:41317], old=null, confs=<EMPTY_MAP>
2019-07-13 22:40:47,576 INFO  server.RaftServerConfigKeys (ConfUtils.java:logGet(43)) - raft.server.sleep.deviation.threshold = 300 (default)
2019-07-13 22:40:47,576 INFO  server.RaftServerConfigKeys (ConfUtils.java:logGet(43)) - raft.server.storage.dir = [/tmp/workdir/hadoop-ozone/integration-test/target/test-dir/MiniOzoneClusterImpl-fafd0a6a-d653-4c63-bc60-dea908c2499e/datanode-0/data/ratis] (custom)
2019-07-13 22:40:47,576 INFO  server.RaftServerConfigKeys (ConfUtils.java:logGet(43)) - raft.server.log.appender.install.snapshot.enabled = false (custom)
2019-07-13 22:40:47,576 INFO  impl.RaftServerImpl (ServerState.java:<init>(105)) - 17de1aae-21a5-40a4-b002-06c62bfdbe87:group-8C10937C5003 ConfigurationManager, init=-1: [1af4aae5-ae44-4ceb-9556-20accdc9cc2a:192.168.5.159:35301, 17de1aae-21a5-40a4-b002-06c62bfdbe87:192.168.5.159:43605, f4ed6d0d-f181-40a8-83da-b6149e264565:192.168.5.159:41317], old=null, confs=<EMPTY_MAP>
2019-07-13 22:40:47,576 INFO  storage.RaftStorageDirectory (RaftStorageDirectory.java:analyzeStorage(246)) - The storage directory /tmp/workdir/hadoop-ozone/integration-test/target/test-dir/MiniOzoneClusterImpl-fafd0a6a-d653-4c63-bc60-dea908c2499e/datanode-0/data/ratis/d2d4ee62-7116-406d-9232-8c10937c5003 does not exist. Creating ...
2019-07-13 22:40:47,576 INFO  server.RaftServerConfigKeys (ConfUtils.java:logGet(43)) - raft.server.storage.dir = [/tmp/workdir/hadoop-ozone/integration-test/target/test-dir/MiniOzoneClusterImpl-fafd0a6a-d653-4c63-bc60-dea908c2499e/datanode-2/data/ratis] (custom)
2019-07-13 22:40:47,577 INFO  storage.RaftStorageDirectory (RaftStorageDirectory.java:analyzeStorage(246)) - The storage directory /tmp/workdir/hadoop-ozone/integration-test/target/test-dir/MiniOzoneClusterImpl-fafd0a6a-d653-4c63-bc60-dea908c2499e/datanode-2/data/ratis/d2d4ee62-7116-406d-9232-8c10937c5003 does not exist. Creating ...
2019-07-13 22:40:47,581 INFO  storage.RaftStorageDirectory (RaftStorageDirectory.java:tryLock(328)) - Lock on /tmp/workdir/hadoop-ozone/integration-test/target/test-dir/MiniOzoneClusterImpl-fafd0a6a-d653-4c63-bc60-dea908c2499e/datanode-0/data/ratis/d2d4ee62-7116-406d-9232-8c10937c5003/in_use.lock acquired by nodename 26920@trunk-nightly-x8m8d-1534914823
2019-07-13 22:40:47,581 INFO  storage.RaftStorageDirectory (RaftStorageDirectory.java:tryLock(328)) - Lock on /tmp/workdir/hadoop-ozone/integration-test/target/test-dir/MiniOzoneClusterImpl-fafd0a6a-d653-4c63-bc60-dea908c2499e/datanode-1/data/ratis/d2d4ee62-7116-406d-9232-8c10937c5003/in_use.lock acquired by nodename 26920@trunk-nightly-x8m8d-1534914823
2019-07-13 22:40:47,583 INFO  storage.RaftStorageDirectory (RaftStorageDirectory.java:tryLock(328)) - Lock on /tmp/workdir/hadoop-ozone/integration-test/target/test-dir/MiniOzoneClusterImpl-fafd0a6a-d653-4c63-bc60-dea908c2499e/datanode-2/data/ratis/d2d4ee62-7116-406d-9232-8c10937c5003/in_use.lock acquired by nodename 26920@trunk-nightly-x8m8d-1534914823
2019-07-13 22:40:47,585 INFO  storage.RaftStorage (RaftStorage.java:format(72)) - Storage directory /tmp/workdir/hadoop-ozone/integration-test/target/test-dir/MiniOzoneClusterImpl-fafd0a6a-d653-4c63-bc60-dea908c2499e/datanode-1/data/ratis/d2d4ee62-7116-406d-9232-8c10937c5003 has been successfully formatted.
2019-07-13 22:40:47,585 INFO  storage.RaftStorage (RaftStorage.java:format(72)) - Storage directory /tmp/workdir/hadoop-ozone/integration-test/target/test-dir/MiniOzoneClusterImpl-fafd0a6a-d653-4c63-bc60-dea908c2499e/datanode-0/data/ratis/d2d4ee62-7116-406d-9232-8c10937c5003 has been successfully formatted.
2019-07-13 22:40:47,586 INFO  ratis.ContainerStateMachine (ContainerStateMachine.java:loadSnapshot(200)) - The snapshot info is null.Setting the last applied index to:(t:0, i:~)
2019-07-13 22:40:47,586 INFO  ratis.ContainerStateMachine (ContainerStateMachine.java:loadSnapshot(200)) - The snapshot info is null.Setting the last applied index to:(t:0, i:~)
2019-07-13 22:40:47,586 INFO  server.RaftServerConfigKeys (ConfUtils.java:logGet(43)) - raft.server.leader.election.timeout = 120s (custom)
2019-07-13 22:40:47,586 INFO  server.RaftServerConfigKeys (ConfUtils.java:logGet(43)) - raft.server.leader.election.timeout = 120s (custom)
2019-07-13 22:40:47,586 INFO  server.RaftServerConfigKeys (ConfUtils.java:logGet(43)) - raft.server.log.use.memory = false (default)
2019-07-13 22:40:47,586 INFO  server.RaftServerConfigKeys (ConfUtils.java:logGet(43)) - raft.server.log.use.memory = false (default)
2019-07-13 22:40:47,586 INFO  server.RaftServerConfigKeys (ConfUtils.java:logGet(43)) - raft.server.log.purge.gap = 1000000000 (custom)
2019-07-13 22:40:47,586 INFO  server.RaftServerConfigKeys (ConfUtils.java:logGet(43)) - raft.server.log.purge.gap = 1000000000 (custom)
2019-07-13 22:40:47,587 INFO  server.RaftServerConfigKeys (ConfUtils.java:logGet(43)) - raft.server.log.appender.buffer.byte-limit = 33554432 (custom)
2019-07-13 22:40:47,587 INFO  server.RaftServerConfigKeys (ConfUtils.java:logGet(43)) - raft.server.log.appender.buffer.byte-limit = 33554432 (custom)
2019-07-13 22:40:47,587 INFO  server.RaftServerConfigKeys (ConfUtils.java:logGet(43)) - raft.server.log.segment.size.max = 1048576 (custom)
2019-07-13 22:40:47,587 INFO  server.RaftServerConfigKeys (ConfUtils.java:logGet(43)) - raft.server.log.segment.size.max = 1048576 (custom)
2019-07-13 22:40:47,587 INFO  server.RaftServerConfigKeys (ConfUtils.java:logGet(43)) - raft.server.log.segment.cache.num.max = 2 (custom)
2019-07-13 22:40:47,588 INFO  server.RaftServerConfigKeys (ConfUtils.java:logGet(43)) - raft.server.log.segment.cache.num.max = 2 (custom)
2019-07-13 22:40:47,588 INFO  segmented.SegmentedRaftLogWorker (SegmentedRaftLogWorker.java:<init>(172)) - new 1af4aae5-ae44-4ceb-9556-20accdc9cc2a-SegmentedRaftLogWorker:Storage Directory /tmp/workdir/hadoop-ozone/integration-test/target/test-dir/MiniOzoneClusterImpl-fafd0a6a-d653-4c63-bc60-dea908c2499e/datanode-1/data/ratis/d2d4ee62-7116-406d-9232-8c10937c5003 for RaftStorage:Storage Directory /tmp/workdir/hadoop-ozone/integration-test/target/test-dir/MiniOzoneClusterImpl-fafd0a6a-d653-4c63-bc60-dea908c2499e/datanode-1/data/ratis/d2d4ee62-7116-406d-9232-8c10937c5003
2019-07-13 22:40:47,588 INFO  storage.RaftStorage (RaftStorage.java:format(72)) - Storage directory /tmp/workdir/hadoop-ozone/integration-test/target/test-dir/MiniOzoneClusterImpl-fafd0a6a-d653-4c63-bc60-dea908c2499e/datanode-2/data/ratis/d2d4ee62-7116-406d-9232-8c10937c5003 has been successfully formatted.
2019-07-13 22:40:47,589 INFO  server.RaftServerConfigKeys (ConfUtils.java:logGet(43)) - raft.server.log.queue.byte-limit = 2147483647 (custom)
2019-07-13 22:40:47,589 INFO  segmented.SegmentedRaftLogWorker (SegmentedRaftLogWorker.java:<init>(172)) - new f4ed6d0d-f181-40a8-83da-b6149e264565-SegmentedRaftLogWorker:Storage Directory /tmp/workdir/hadoop-ozone/integration-test/target/test-dir/MiniOzoneClusterImpl-fafd0a6a-d653-4c63-bc60-dea908c2499e/datanode-0/data/ratis/d2d4ee62-7116-406d-9232-8c10937c5003 for RaftStorage:Storage Directory /tmp/workdir/hadoop-ozone/integration-test/target/test-dir/MiniOzoneClusterImpl-fafd0a6a-d653-4c63-bc60-dea908c2499e/datanode-0/data/ratis/d2d4ee62-7116-406d-9232-8c10937c5003
2019-07-13 22:40:47,593 INFO  server.RaftServerConfigKeys (ConfUtils.java:logGet(43)) - raft.server.log.queue.element-limit = 1024 (custom)
2019-07-13 22:40:47,593 INFO  server.RaftServerConfigKeys (ConfUtils.java:logGet(43)) - raft.server.log.queue.byte-limit = 2147483647 (custom)
2019-07-13 22:40:47,593 INFO  ratis.ContainerStateMachine (ContainerStateMachine.java:loadSnapshot(200)) - The snapshot info is null.Setting the last applied index to:(t:0, i:~)
2019-07-13 22:40:47,596 INFO  server.RaftServerConfigKeys (ConfUtils.java:logGet(43)) - raft.server.log.queue.element-limit = 1024 (custom)
2019-07-13 22:40:47,596 INFO  server.RaftServerConfigKeys (ConfUtils.java:logGet(43)) - raft.server.log.segment.size.max = 1048576 (custom)
2019-07-13 22:40:47,597 INFO  server.RaftServerConfigKeys (ConfUtils.java:logGet(43)) - raft.server.log.segment.size.max = 1048576 (custom)
2019-07-13 22:40:47,597 INFO  server.RaftServerConfigKeys (ConfUtils.java:logGet(43)) - raft.server.leader.election.timeout = 120s (custom)
2019-07-13 22:40:47,597 INFO  server.RaftServerConfigKeys (ConfUtils.java:logGet(43)) - raft.server.log.preallocated.size = 16384 (custom)
2019-07-13 22:40:47,597 INFO  server.RaftServerConfigKeys (ConfUtils.java:logGet(43)) - raft.server.log.preallocated.size = 16384 (custom)
2019-07-13 22:40:47,598 INFO  server.RaftServerConfigKeys (ConfUtils.java:logGet(43)) - raft.server.log.write.buffer.size = 33554432 (custom)
2019-07-13 22:40:47,597 INFO  server.RaftServerConfigKeys (ConfUtils.java:logGet(43)) - raft.server.log.use.memory = false (default)
2019-07-13 22:40:47,598 INFO  server.RaftServerConfigKeys (ConfUtils.java:logGet(43)) - raft.server.log.force.sync.num = 128 (default)
2019-07-13 22:40:47,598 INFO  server.RaftServerConfigKeys (ConfUtils.java:logGet(43)) - raft.server.log.statemachine.data.sync = true (default)
2019-07-13 22:40:47,598 INFO  server.RaftServerConfigKeys (ConfUtils.java:logGet(43)) - raft.server.log.write.buffer.size = 33554432 (custom)
2019-07-13 22:40:47,598 INFO  server.RaftServerConfigKeys (ConfUtils.java:logGet(43)) - raft.server.log.statemachine.data.sync.timeout = 10s (default)
2019-07-13 22:40:47,598 INFO  server.RaftServerConfigKeys (ConfUtils.java:logGet(43)) - raft.server.log.purge.gap = 1000000000 (custom)
2019-07-13 22:40:47,599 INFO  server.RaftServerConfigKeys (ConfUtils.java:logGet(43)) - raft.server.log.statemachine.data.sync.timeout.retry = -1 (default)
2019-07-13 22:40:47,599 INFO  server.RaftServerConfigKeys (ConfUtils.java:logGet(43)) - raft.server.log.force.sync.num = 128 (default)
2019-07-13 22:40:47,599 INFO  server.RaftServerConfigKeys (ConfUtils.java:logGet(43)) - raft.server.log.statemachine.data.caching.enabled = true (custom)
2019-07-13 22:40:47,599 INFO  server.RaftServerConfigKeys (ConfUtils.java:logGet(43)) - raft.server.log.appender.buffer.byte-limit = 33554432 (custom)
2019-07-13 22:40:47,600 INFO  segmented.SegmentedRaftLogWorker (SegmentedRaftLogWorker.java:lambda$new$0(132)) - f4ed6d0d-f181-40a8-83da-b6149e264565-SegmentedRaftLogWorker:Storage Directory /tmp/workdir/hadoop-ozone/integration-test/target/test-dir/MiniOzoneClusterImpl-fafd0a6a-d653-4c63-bc60-dea908c2499e/datanode-0/data/ratis/d2d4ee62-7116-406d-9232-8c10937c5003: flushIndex: setUnconditionally 0 -> -1
2019-07-13 22:40:47,599 INFO  server.RaftServerConfigKeys (ConfUtils.java:logGet(43)) - raft.server.log.statemachine.data.sync = true (default)
2019-07-13 22:40:47,600 INFO  server.RaftServerConfigKeys (ConfUtils.java:logGet(43)) - raft.server.log.segment.size.max = 1048576 (custom)
2019-07-13 22:40:47,600 INFO  server.RaftServerConfigKeys (ConfUtils.java:logGet(43)) - raft.server.log.statemachine.data.sync.timeout = 10s (default)
2019-07-13 22:40:47,600 INFO  server.RaftServerConfigKeys (ConfUtils.java:logGet(43)) - raft.server.snapshot.auto.trigger.enabled = true (custom)
2019-07-13 22:40:47,600 INFO  server.RaftServerConfigKeys (ConfUtils.java:logGet(43)) - raft.server.log.statemachine.data.sync.timeout.retry = -1 (default)
2019-07-13 22:40:47,600 INFO  server.RaftServerConfigKeys (ConfUtils.java:logGet(43)) - raft.server.log.segment.cache.num.max = 2 (custom)
2019-07-13 22:40:47,601 INFO  server.RaftServerConfigKeys (ConfUtils.java:logGet(43)) - raft.server.log.statemachine.data.caching.enabled = true (custom)
2019-07-13 22:40:47,601 INFO  server.RaftServerConfigKeys (ConfUtils.java:logGet(43)) - raft.server.snapshot.auto.trigger.threshold = 10000 (custom)
2019-07-13 22:40:47,601 INFO  segmented.SegmentedRaftLogWorker (SegmentedRaftLogWorker.java:lambda$new$0(132)) - 1af4aae5-ae44-4ceb-9556-20accdc9cc2a-SegmentedRaftLogWorker:Storage Directory /tmp/workdir/hadoop-ozone/integration-test/target/test-dir/MiniOzoneClusterImpl-fafd0a6a-d653-4c63-bc60-dea908c2499e/datanode-1/data/ratis/d2d4ee62-7116-406d-9232-8c10937c5003: flushIndex: setUnconditionally 0 -> -1
2019-07-13 22:40:47,601 INFO  segmented.SegmentedRaftLogWorker (SegmentedRaftLogWorker.java:<init>(172)) - new 17de1aae-21a5-40a4-b002-06c62bfdbe87-SegmentedRaftLogWorker:Storage Directory /tmp/workdir/hadoop-ozone/integration-test/target/test-dir/MiniOzoneClusterImpl-fafd0a6a-d653-4c63-bc60-dea908c2499e/datanode-2/data/ratis/d2d4ee62-7116-406d-9232-8c10937c5003 for RaftStorage:Storage Directory /tmp/workdir/hadoop-ozone/integration-test/target/test-dir/MiniOzoneClusterImpl-fafd0a6a-d653-4c63-bc60-dea908c2499e/datanode-2/data/ratis/d2d4ee62-7116-406d-9232-8c10937c5003
2019-07-13 22:40:47,601 INFO  server.RaftServerConfigKeys (ConfUtils.java:logGet(43)) - raft.server.retrycache.expirytime = 600000ms (custom)
2019-07-13 22:40:47,602 INFO  server.RaftServerConfigKeys (ConfUtils.java:logGet(43)) - raft.server.log.queue.byte-limit = 2147483647 (custom)
2019-07-13 22:40:47,602 INFO  server.RaftServerConfigKeys (ConfUtils.java:logGet(43)) - raft.server.snapshot.auto.trigger.enabled = true (custom)
2019-07-13 22:40:47,605 INFO  server.RaftServerConfigKeys (ConfUtils.java:logGet(43)) - raft.server.log.queue.element-limit = 1024 (custom)
2019-07-13 22:40:47,605 INFO  impl.RaftServerImpl (RaftServerImpl.java:start(180)) - f4ed6d0d-f181-40a8-83da-b6149e264565: start group-8C10937C5003
2019-07-13 22:40:47,605 INFO  server.RaftServerConfigKeys (ConfUtils.java:logGet(43)) - raft.server.log.segment.size.max = 1048576 (custom)
2019-07-13 22:40:47,605 INFO  server.RaftServerConfigKeys (ConfUtils.java:logGet(43)) - raft.server.snapshot.auto.trigger.threshold = 10000 (custom)
2019-07-13 22:40:47,606 INFO  server.RaftServerConfigKeys (ConfUtils.java:logGet(43)) - raft.server.log.preallocated.size = 16384 (custom)
2019-07-13 22:40:47,605 INFO  impl.RaftServerImpl (RaftServerImpl.java:setRole(171)) - f4ed6d0d-f181-40a8-83da-b6149e264565:group-8C10937C5003 changes role from null to FOLLOWER at term 0 for startAsFollower
2019-07-13 22:40:47,606 INFO  server.RaftServerConfigKeys (ConfUtils.java:logGet(43)) - raft.server.log.write.buffer.size = 33554432 (custom)
2019-07-13 22:40:47,606 INFO  server.RaftServerConfigKeys (ConfUtils.java:logGet(43)) - raft.server.retrycache.expirytime = 600000ms (custom)
2019-07-13 22:40:47,606 INFO  server.RaftServerConfigKeys (ConfUtils.java:logGet(43)) - raft.server.log.force.sync.num = 128 (default)
2019-07-13 22:40:47,606 INFO  impl.RoleInfo (RoleInfo.java:updateAndGet(143)) - f4ed6d0d-f181-40a8-83da-b6149e264565: start FollowerState
2019-07-13 22:40:47,607 INFO  server.RaftServerConfigKeys (ConfUtils.java:logGet(43)) - raft.server.log.statemachine.data.sync = true (default)
2019-07-13 22:40:47,607 INFO  impl.RaftServerImpl (RaftServerImpl.java:start(180)) - 1af4aae5-ae44-4ceb-9556-20accdc9cc2a: start group-8C10937C5003
2019-07-13 22:40:47,607 INFO  server.RaftServerConfigKeys (ConfUtils.java:logGet(43)) - raft.server.log.statemachine.data.sync.timeout = 10s (default)
2019-07-13 22:40:47,607 INFO  impl.RaftServerImpl (RaftServerImpl.java:setRole(171)) - 1af4aae5-ae44-4ceb-9556-20accdc9cc2a:group-8C10937C5003 changes role from null to FOLLOWER at term 0 for startAsFollower
2019-07-13 22:40:47,607 INFO  util.JmxRegister (JmxRegister.java:tryRegister(44)) - Successfully registered JMX Bean with object name Ratis:service=RaftServer,group=group-8C10937C5003,id=f4ed6d0d-f181-40a8-83da-b6149e264565
2019-07-13 22:40:47,608 INFO  impl.RoleInfo (RoleInfo.java:updateAndGet(143)) - 1af4aae5-ae44-4ceb-9556-20accdc9cc2a: start FollowerState
2019-07-13 22:40:47,607 INFO  server.RaftServerConfigKeys (ConfUtils.java:logGet(43)) - raft.server.log.statemachine.data.sync.timeout.retry = -1 (default)
2019-07-13 22:40:47,608 INFO  server.RaftServerConfigKeys (ConfUtils.java:logGet(43)) - raft.server.log.statemachine.data.caching.enabled = true (custom)
2019-07-13 22:40:47,608 INFO  util.JmxRegister (JmxRegister.java:tryRegister(44)) - Successfully registered JMX Bean with object name Ratis:service=RaftServer,group=group-8C10937C5003,id=1af4aae5-ae44-4ceb-9556-20accdc9cc2a
2019-07-13 22:40:47,609 INFO  segmented.SegmentedRaftLogWorker (SegmentedRaftLogWorker.java:lambda$new$0(132)) - 17de1aae-21a5-40a4-b002-06c62bfdbe87-SegmentedRaftLogWorker:Storage Directory /tmp/workdir/hadoop-ozone/integration-test/target/test-dir/MiniOzoneClusterImpl-fafd0a6a-d653-4c63-bc60-dea908c2499e/datanode-2/data/ratis/d2d4ee62-7116-406d-9232-8c10937c5003: flushIndex: setUnconditionally 0 -> -1
2019-07-13 22:40:47,609 INFO  server.RaftServerConfigKeys (ConfUtils.java:logGet(43)) - raft.server.snapshot.auto.trigger.enabled = true (custom)
2019-07-13 22:40:47,609 INFO  server.RaftServerConfigKeys (ConfUtils.java:logGet(43)) - raft.server.snapshot.auto.trigger.threshold = 10000 (custom)
2019-07-13 22:40:47,609 INFO  server.RaftServerConfigKeys (ConfUtils.java:logGet(43)) - raft.server.retrycache.expirytime = 600000ms (custom)
2019-07-13 22:40:47,610 INFO  impl.RaftServerImpl (RaftServerImpl.java:start(180)) - 17de1aae-21a5-40a4-b002-06c62bfdbe87: start group-8C10937C5003
2019-07-13 22:40:47,610 INFO  impl.RaftServerImpl (RaftServerImpl.java:setRole(171)) - 17de1aae-21a5-40a4-b002-06c62bfdbe87:group-8C10937C5003 changes role from null to FOLLOWER at term 0 for startAsFollower
2019-07-13 22:40:47,610 INFO  impl.RoleInfo (RoleInfo.java:updateAndGet(143)) - 17de1aae-21a5-40a4-b002-06c62bfdbe87: start FollowerState
2019-07-13 22:40:47,617 INFO  util.JmxRegister (JmxRegister.java:tryRegister(44)) - Successfully registered JMX Bean with object name Ratis:service=RaftServer,group=group-8C10937C5003,id=17de1aae-21a5-40a4-b002-06c62bfdbe87
2019-07-13 22:40:47,623 INFO  pipeline.PipelineStateManager (PipelineStateManager.java:addPipeline(56)) - Created pipeline Pipeline[ Id: d2d4ee62-7116-406d-9232-8c10937c5003, Nodes: f4ed6d0d-f181-40a8-83da-b6149e264565{ip: 192.168.5.159, host: trunk-nightly-x8m8d-1534914823, networkLocation: /default-rack, certSerialId: null}1af4aae5-ae44-4ceb-9556-20accdc9cc2a{ip: 192.168.5.159, host: trunk-nightly-x8m8d-1534914823, networkLocation: /default-rack, certSerialId: null}17de1aae-21a5-40a4-b002-06c62bfdbe87{ip: 192.168.5.159, host: trunk-nightly-x8m8d-1534914823, networkLocation: /default-rack, certSerialId: null}, Type:RATIS, Factor:THREE, State:OPEN]
2019-07-13 22:40:47,676 INFO  node.SCMNodeManager (SCMNodeManager.java:register(269)) - Registered Data node : 723b3352-36b7-460d-8817-3834fb80500e{ip: 192.168.5.159, host: trunk-nightly-x8m8d-1534914823, networkLocation: /default-rack, certSerialId: null}
2019-07-13 22:40:47,695 INFO  impl.RaftServerProxy (RaftServerProxy.java:addNew(89)) - 723b3352-36b7-460d-8817-3834fb80500e: addNew group-41C8A9D95256:[723b3352-36b7-460d-8817-3834fb80500e:192.168.5.159:36621] returns group-41C8A9D95256:java.util.concurrent.CompletableFuture@50d98c0[Not completed]
2019-07-13 22:40:47,722 INFO  impl.RaftServerImpl (RaftServerImpl.java:<init>(93)) - 723b3352-36b7-460d-8817-3834fb80500e: new RaftServerImpl for group-41C8A9D95256:[723b3352-36b7-460d-8817-3834fb80500e:192.168.5.159:36621] with ContainerStateMachine:uninitialized
2019-07-13 22:40:47,722 INFO  server.RaftServerConfigKeys (ConfUtils.java:logGet(43)) - raft.server.rpc.timeout.min = 5s (custom)
2019-07-13 22:40:47,722 INFO  server.RaftServerConfigKeys (ConfUtils.java:logGet(43)) - raft.server.rpc.timeout.max = 5200ms (custom)
2019-07-13 22:40:47,722 INFO  server.RaftServerConfigKeys (ConfUtils.java:logGet(43)) - raft.server.rpcslowness.timeout = 120s (custom)
2019-07-13 22:40:47,723 INFO  server.RaftServerConfigKeys (ConfUtils.java:logGet(43)) - raft.server.sleep.deviation.threshold = 300 (default)
2019-07-13 22:40:47,723 INFO  server.RaftServerConfigKeys (ConfUtils.java:logGet(43)) - raft.server.log.appender.install.snapshot.enabled = false (custom)
2019-07-13 22:40:47,723 INFO  impl.RaftServerImpl (ServerState.java:<init>(105)) - 723b3352-36b7-460d-8817-3834fb80500e:group-41C8A9D95256 ConfigurationManager, init=-1: [723b3352-36b7-460d-8817-3834fb80500e:192.168.5.159:36621], old=null, confs=<EMPTY_MAP>
2019-07-13 22:40:47,723 INFO  server.RaftServerConfigKeys (ConfUtils.java:logGet(43)) - raft.server.storage.dir = [/tmp/workdir/hadoop-ozone/integration-test/target/test-dir/MiniOzoneClusterImpl-fafd0a6a-d653-4c63-bc60-dea908c2499e/datanode-3/data/ratis] (custom)
2019-07-13 22:40:47,723 INFO  storage.RaftStorageDirectory (RaftStorageDirectory.java:analyzeStorage(246)) - The storage directory /tmp/workdir/hadoop-ozone/integration-test/target/test-dir/MiniOzoneClusterImpl-fafd0a6a-d653-4c63-bc60-dea908c2499e/datanode-3/data/ratis/a939ad65-0467-45ae-9cdc-41c8a9d95256 does not exist. Creating ...
2019-07-13 22:40:47,738 INFO  storage.RaftStorageDirectory (RaftStorageDirectory.java:tryLock(328)) - Lock on /tmp/workdir/hadoop-ozone/integration-test/target/test-dir/MiniOzoneClusterImpl-fafd0a6a-d653-4c63-bc60-dea908c2499e/datanode-3/data/ratis/a939ad65-0467-45ae-9cdc-41c8a9d95256/in_use.lock acquired by nodename 26920@trunk-nightly-x8m8d-1534914823
2019-07-13 22:40:47,741 INFO  storage.RaftStorage (RaftStorage.java:format(72)) - Storage directory /tmp/workdir/hadoop-ozone/integration-test/target/test-dir/MiniOzoneClusterImpl-fafd0a6a-d653-4c63-bc60-dea908c2499e/datanode-3/data/ratis/a939ad65-0467-45ae-9cdc-41c8a9d95256 has been successfully formatted.
2019-07-13 22:40:47,741 INFO  ratis.ContainerStateMachine (ContainerStateMachine.java:loadSnapshot(200)) - The snapshot info is null.Setting the last applied index to:(t:0, i:~)
2019-07-13 22:40:47,742 INFO  server.RaftServerConfigKeys (ConfUtils.java:logGet(43)) - raft.server.leader.election.timeout = 120s (custom)
2019-07-13 22:40:47,742 INFO  server.RaftServerConfigKeys (ConfUtils.java:logGet(43)) - raft.server.log.use.memory = false (default)
2019-07-13 22:40:47,742 INFO  server.RaftServerConfigKeys (ConfUtils.java:logGet(43)) - raft.server.log.purge.gap = 1000000000 (custom)
2019-07-13 22:40:47,742 INFO  server.RaftServerConfigKeys (ConfUtils.java:logGet(43)) - raft.server.log.appender.buffer.byte-limit = 33554432 (custom)
2019-07-13 22:40:47,742 INFO  server.RaftServerConfigKeys (ConfUtils.java:logGet(43)) - raft.server.log.segment.size.max = 1048576 (custom)
2019-07-13 22:40:47,742 INFO  server.RaftServerConfigKeys (ConfUtils.java:logGet(43)) - raft.server.log.segment.cache.num.max = 2 (custom)
2019-07-13 22:40:47,743 INFO  segmented.SegmentedRaftLogWorker (SegmentedRaftLogWorker.java:<init>(172)) - new 723b3352-36b7-460d-8817-3834fb80500e-SegmentedRaftLogWorker:Storage Directory /tmp/workdir/hadoop-ozone/integration-test/target/test-dir/MiniOzoneClusterImpl-fafd0a6a-d653-4c63-bc60-dea908c2499e/datanode-3/data/ratis/a939ad65-0467-45ae-9cdc-41c8a9d95256 for RaftStorage:Storage Directory /tmp/workdir/hadoop-ozone/integration-test/target/test-dir/MiniOzoneClusterImpl-fafd0a6a-d653-4c63-bc60-dea908c2499e/datanode-3/data/ratis/a939ad65-0467-45ae-9cdc-41c8a9d95256
2019-07-13 22:40:47,743 INFO  server.RaftServerConfigKeys (ConfUtils.java:logGet(43)) - raft.server.log.queue.byte-limit = 2147483647 (custom)
2019-07-13 22:40:47,743 INFO  server.RaftServerConfigKeys (ConfUtils.java:logGet(43)) - raft.server.log.queue.element-limit = 1024 (custom)
2019-07-13 22:40:47,743 INFO  server.RaftServerConfigKeys (ConfUtils.java:logGet(43)) - raft.server.log.segment.size.max = 1048576 (custom)
2019-07-13 22:40:47,743 INFO  server.RaftServerConfigKeys (ConfUtils.java:logGet(43)) - raft.server.log.preallocated.size = 16384 (custom)
2019-07-13 22:40:47,744 INFO  server.RaftServerConfigKeys (ConfUtils.java:logGet(43)) - raft.server.log.write.buffer.size = 33554432 (custom)
2019-07-13 22:40:47,744 INFO  server.RaftServerConfigKeys (ConfUtils.java:logGet(43)) - raft.server.log.force.sync.num = 128 (default)
2019-07-13 22:40:47,744 INFO  server.RaftServerConfigKeys (ConfUtils.java:logGet(43)) - raft.server.log.statemachine.data.sync = true (default)
2019-07-13 22:40:47,744 INFO  server.RaftServerConfigKeys (ConfUtils.java:logGet(43)) - raft.server.log.statemachine.data.sync.timeout = 10s (default)
2019-07-13 22:40:47,744 INFO  server.RaftServerConfigKeys (ConfUtils.java:logGet(43)) - raft.server.log.statemachine.data.sync.timeout.retry = -1 (default)
2019-07-13 22:40:47,745 INFO  server.RaftServerConfigKeys (ConfUtils.java:logGet(43)) - raft.server.log.statemachine.data.caching.enabled = true (custom)
2019-07-13 22:40:47,745 INFO  segmented.SegmentedRaftLogWorker (SegmentedRaftLogWorker.java:lambda$new$0(132)) - 723b3352-36b7-460d-8817-3834fb80500e-SegmentedRaftLogWorker:Storage Directory /tmp/workdir/hadoop-ozone/integration-test/target/test-dir/MiniOzoneClusterImpl-fafd0a6a-d653-4c63-bc60-dea908c2499e/datanode-3/data/ratis/a939ad65-0467-45ae-9cdc-41c8a9d95256: flushIndex: setUnconditionally 0 -> -1
2019-07-13 22:40:47,746 INFO  server.RaftServerConfigKeys (ConfUtils.java:logGet(43)) - raft.server.snapshot.auto.trigger.enabled = true (custom)
2019-07-13 22:40:47,746 INFO  server.RaftServerConfigKeys (ConfUtils.java:logGet(43)) - raft.server.snapshot.auto.trigger.threshold = 10000 (custom)
2019-07-13 22:40:47,746 INFO  server.RaftServerConfigKeys (ConfUtils.java:logGet(43)) - raft.server.retrycache.expirytime = 600000ms (custom)
2019-07-13 22:40:47,746 INFO  impl.RaftServerImpl (RaftServerImpl.java:start(180)) - 723b3352-36b7-460d-8817-3834fb80500e: start group-41C8A9D95256
2019-07-13 22:40:47,746 INFO  impl.RaftServerImpl (RaftServerImpl.java:setRole(171)) - 723b3352-36b7-460d-8817-3834fb80500e:group-41C8A9D95256 changes role from null to FOLLOWER at term 0 for startAsFollower
2019-07-13 22:40:47,747 INFO  impl.RoleInfo (RoleInfo.java:updateAndGet(143)) - 723b3352-36b7-460d-8817-3834fb80500e: start FollowerState
2019-07-13 22:40:47,747 INFO  util.JmxRegister (JmxRegister.java:tryRegister(44)) - Successfully registered JMX Bean with object name Ratis:service=RaftServer,group=group-41C8A9D95256,id=723b3352-36b7-460d-8817-3834fb80500e
2019-07-13 22:40:47,755 INFO  pipeline.PipelineStateManager (PipelineStateManager.java:addPipeline(56)) - Created pipeline Pipeline[ Id: a939ad65-0467-45ae-9cdc-41c8a9d95256, Nodes: 723b3352-36b7-460d-8817-3834fb80500e{ip: 192.168.5.159, host: trunk-nightly-x8m8d-1534914823, networkLocation: /default-rack, certSerialId: null}, Type:RATIS, Factor:ONE, State:OPEN]
2019-07-13 22:40:47,814 INFO  impl.FollowerState (FollowerState.java:run(106)) - 0d1d30eb-195e-414c-af07-81f8ae20a2b8:group-F2D605CBED3F changes to CANDIDATE, lastRpcTime:5003, electionTimeout:5003ms
2019-07-13 22:40:47,814 INFO  impl.RoleInfo (RoleInfo.java:shutdownFollowerState(121)) - 0d1d30eb-195e-414c-af07-81f8ae20a2b8: shutdown FollowerState
2019-07-13 22:40:47,814 INFO  impl.RaftServerImpl (RaftServerImpl.java:setRole(171)) - 0d1d30eb-195e-414c-af07-81f8ae20a2b8:group-F2D605CBED3F changes role from FOLLOWER to CANDIDATE at term 3 for changeToCandidate
2019-07-13 22:40:47,814 INFO  impl.RoleInfo (RoleInfo.java:updateAndGet(143)) - 0d1d30eb-195e-414c-af07-81f8ae20a2b8: start LeaderElection
2019-07-13 22:40:47,824 INFO  impl.LeaderElection (LeaderElection.java:askForVotes(181)) - 0d1d30eb-195e-414c-af07-81f8ae20a2b8:group-F2D605CBED3F:LeaderElection13: begin an election at term 4 for -1: [8525700b-6661-4c76-beaf-5d4719673f4c:192.168.5.159:45374, 0d1d30eb-195e-414c-af07-81f8ae20a2b8:192.168.5.159:40683, 02e1fac3-94b3-4f59-b623-3d918e0be822:192.168.5.159:46379], old=null
2019-07-13 22:40:47,844 INFO  impl.RaftServerImpl (RaftServerImpl.java:setRole(171)) - 02e1fac3-94b3-4f59-b623-3d918e0be822:group-F2D605CBED3F changes role from FOLLOWER to FOLLOWER at term 4 for recognizeCandidate:0d1d30eb-195e-414c-af07-81f8ae20a2b8
2019-07-13 22:40:47,844 INFO  impl.RoleInfo (RoleInfo.java:shutdownFollowerState(121)) - 02e1fac3-94b3-4f59-b623-3d918e0be822: shutdown FollowerState
2019-07-13 22:40:47,845 INFO  impl.RoleInfo (RoleInfo.java:updateAndGet(143)) - 02e1fac3-94b3-4f59-b623-3d918e0be822: start FollowerState
2019-07-13 22:40:47,845 INFO  impl.FollowerState (FollowerState.java:run(114)) - 02e1fac3-94b3-4f59-b623-3d918e0be822: FollowerState was interrupted: java.lang.InterruptedException: sleep interrupted
2019-07-13 22:40:47,845 INFO  impl.RaftServerImpl (RaftServerImpl.java:setRole(171)) - 8525700b-6661-4c76-beaf-5d4719673f4c:group-F2D605CBED3F changes role from FOLLOWER to FOLLOWER at term 4 for recognizeCandidate:0d1d30eb-195e-414c-af07-81f8ae20a2b8
2019-07-13 22:40:47,849 INFO  impl.RoleInfo (RoleInfo.java:shutdownFollowerState(121)) - 8525700b-6661-4c76-beaf-5d4719673f4c: shutdown FollowerState
2019-07-13 22:40:47,849 INFO  impl.RoleInfo (RoleInfo.java:updateAndGet(143)) - 8525700b-6661-4c76-beaf-5d4719673f4c: start FollowerState
2019-07-13 22:40:47,849 INFO  impl.FollowerState (FollowerState.java:run(114)) - 8525700b-6661-4c76-beaf-5d4719673f4c: FollowerState was interrupted: java.lang.InterruptedException: sleep interrupted
2019-07-13 22:40:47,858 INFO  impl.LeaderElection (LeaderElection.java:logAndReturn(56)) - 0d1d30eb-195e-414c-af07-81f8ae20a2b8:group-F2D605CBED3F:LeaderElection13: Election PASSED; received 2 response(s) [0d1d30eb-195e-414c-af07-81f8ae20a2b8<-8525700b-6661-4c76-beaf-5d4719673f4c#0:OK-t4, 0d1d30eb-195e-414c-af07-81f8ae20a2b8<-02e1fac3-94b3-4f59-b623-3d918e0be822#0:FAIL-t4] and 0 exception(s); 0d1d30eb-195e-414c-af07-81f8ae20a2b8:t4, leader=null, voted=0d1d30eb-195e-414c-af07-81f8ae20a2b8, raftlog=0d1d30eb-195e-414c-af07-81f8ae20a2b8-SegmentedRaftLog:OPENED:c-1,f-1,i0, conf=-1: [8525700b-6661-4c76-beaf-5d4719673f4c:192.168.5.159:45374, 0d1d30eb-195e-414c-af07-81f8ae20a2b8:192.168.5.159:40683, 02e1fac3-94b3-4f59-b623-3d918e0be822:192.168.5.159:46379], old=null
2019-07-13 22:40:47,858 INFO  impl.RoleInfo (RoleInfo.java:shutdownLeaderElection(134)) - 0d1d30eb-195e-414c-af07-81f8ae20a2b8: shutdown LeaderElection
2019-07-13 22:40:47,858 INFO  impl.RaftServerImpl (RaftServerImpl.java:setRole(171)) - 0d1d30eb-195e-414c-af07-81f8ae20a2b8:group-F2D605CBED3F changes role from CANDIDATE to LEADER at term 4 for changeToLeader
2019-07-13 22:40:47,861 INFO  impl.RaftServerImpl (ServerState.java:setLeader(263)) - 0d1d30eb-195e-414c-af07-81f8ae20a2b8:group-F2D605CBED3F change Leader from null to 0d1d30eb-195e-414c-af07-81f8ae20a2b8 at term 4 for becomeLeader, leader elected after 15469ms
2019-07-13 22:40:47,862 INFO  server.RaftServerConfigKeys (ConfUtils.java:logGet(43)) - raft.server.staging.catchup.gap = 1000 (default)
2019-07-13 22:40:47,862 INFO  server.RaftServerConfigKeys (ConfUtils.java:logGet(43)) - raft.server.rpc.sleep.time = 25ms (default)
2019-07-13 22:40:47,862 INFO  server.RaftServerConfigKeys (ConfUtils.java:logGet(43)) - raft.server.write.element-limit = 4096 (default)
2019-07-13 22:40:47,862 INFO  server.RaftServerConfigKeys (ConfUtils.java:logGet(43)) - raft.server.watch.timeout = 10s (default)
2019-07-13 22:40:47,862 INFO  server.RaftServerConfigKeys (ConfUtils.java:logGet(43)) - raft.server.watch.timeout.denomination = 1s (default)
2019-07-13 22:40:47,862 INFO  server.RaftServerConfigKeys (ConfUtils.java:logGet(43)) - raft.server.watch.element-limit = 65536 (default)
2019-07-13 22:40:47,863 INFO  server.RaftServerConfigKeys (ConfUtils.java:logGet(43)) - raft.server.log.appender.snapshot.chunk.size.max = 16MB (=16777216) (default)
2019-07-13 22:40:47,863 INFO  server.RaftServerConfigKeys (ConfUtils.java:logGet(43)) - raft.server.log.appender.buffer.byte-limit = 33554432 (custom)
2019-07-13 22:40:47,863 INFO  server.RaftServerConfigKeys (ConfUtils.java:logGet(43)) - raft.server.log.appender.buffer.element-limit = 1 (custom)
2019-07-13 22:40:47,864 INFO  grpc.GrpcConfigKeys$Server (ConfUtils.java:logGet(43)) - raft.grpc.server.leader.outstanding.appends.max = 128 (default)
2019-07-13 22:40:47,864 INFO  server.RaftServerConfigKeys (ConfUtils.java:logGet(43)) - raft.server.rpc.request.timeout = 3000ms (default)
2019-07-13 22:40:47,864 INFO  server.RaftServerConfigKeys (ConfUtils.java:logGet(43)) - raft.server.log.appender.install.snapshot.enabled = false (custom)
2019-07-13 22:40:47,864 INFO  server.RaftServerConfigKeys (ConfUtils.java:logGet(43)) - raft.server.log.appender.snapshot.chunk.size.max = 16MB (=16777216) (default)
2019-07-13 22:40:47,864 INFO  server.RaftServerConfigKeys (ConfUtils.java:logGet(43)) - raft.server.log.appender.buffer.byte-limit = 33554432 (custom)
2019-07-13 22:40:47,865 INFO  server.RaftServerConfigKeys (ConfUtils.java:logGet(43)) - raft.server.log.appender.buffer.element-limit = 1 (custom)
2019-07-13 22:40:47,865 INFO  grpc.GrpcConfigKeys$Server (ConfUtils.java:logGet(43)) - raft.grpc.server.leader.outstanding.appends.max = 128 (default)
2019-07-13 22:40:47,865 INFO  server.RaftServerConfigKeys (ConfUtils.java:logGet(43)) - raft.server.rpc.request.timeout = 3000ms (default)
2019-07-13 22:40:47,865 INFO  server.RaftServerConfigKeys (ConfUtils.java:logGet(43)) - raft.server.log.appender.install.snapshot.enabled = false (custom)
2019-07-13 22:40:47,866 INFO  impl.RoleInfo (RoleInfo.java:updateAndGet(143)) - 0d1d30eb-195e-414c-af07-81f8ae20a2b8: start LeaderState
2019-07-13 22:40:47,866 INFO  segmented.SegmentedRaftLogWorker (SegmentedRaftLogWorker.java:startLogSegment(380)) - 0d1d30eb-195e-414c-af07-81f8ae20a2b8-SegmentedRaftLogWorker:Storage Directory /tmp/workdir/hadoop-ozone/integration-test/target/test-dir/MiniOzoneClusterImpl-52c542e0-5521-4a29-a3cf-f1c90352223f/datanode-4/data/ratis/70ced740-eb59-47c2-a998-f2d605cbed3f: Starting segment from index:0
2019-07-13 22:40:47,867 INFO  impl.RaftServerImpl (ServerState.java:setRaftConf(361)) - 0d1d30eb-195e-414c-af07-81f8ae20a2b8:group-F2D605CBED3F set configuration 0: [8525700b-6661-4c76-beaf-5d4719673f4c:192.168.5.159:45374, 0d1d30eb-195e-414c-af07-81f8ae20a2b8:192.168.5.159:40683, 02e1fac3-94b3-4f59-b623-3d918e0be822:192.168.5.159:46379], old=null at 0
2019-07-13 22:40:47,889 INFO  node.SCMNodeManager (SCMNodeManager.java:register(269)) - Registered Data node : 778b5faa-b562-469a-b3c2-181dac0309f1{ip: 192.168.5.159, host: trunk-nightly-x8m8d-1534914823, networkLocation: /default-rack, certSerialId: null}
2019-07-13 22:40:47,890 INFO  impl.RaftServerImpl (ServerState.java:setLeader(263)) - 8525700b-6661-4c76-beaf-5d4719673f4c:group-F2D605CBED3F change Leader from null to 0d1d30eb-195e-414c-af07-81f8ae20a2b8 at term 4 for appendEntries, leader elected after 15497ms
2019-07-13 22:40:47,905 INFO  segmented.SegmentedRaftLogWorker (SegmentedRaftLogWorker.java:execute(569)) - 0d1d30eb-195e-414c-af07-81f8ae20a2b8-SegmentedRaftLogWorker:Storage Directory /tmp/workdir/hadoop-ozone/integration-test/target/test-dir/MiniOzoneClusterImpl-52c542e0-5521-4a29-a3cf-f1c90352223f/datanode-4/data/ratis/70ced740-eb59-47c2-a998-f2d605cbed3f: created new log segment /tmp/workdir/hadoop-ozone/integration-test/target/test-dir/MiniOzoneClusterImpl-52c542e0-5521-4a29-a3cf-f1c90352223f/datanode-4/data/ratis/70ced740-eb59-47c2-a998-f2d605cbed3f/current/log_inprogress_0
2019-07-13 22:40:47,906 INFO  impl.RaftServerImpl (ServerState.java:setLeader(263)) - 02e1fac3-94b3-4f59-b623-3d918e0be822:group-F2D605CBED3F change Leader from null to 0d1d30eb-195e-414c-af07-81f8ae20a2b8 at term 4 for appendEntries, leader elected after 5053ms
2019-07-13 22:40:47,914 INFO  impl.RaftServerImpl (ServerState.java:setRaftConf(361)) - 8525700b-6661-4c76-beaf-5d4719673f4c:group-F2D605CBED3F set configuration 0: [8525700b-6661-4c76-beaf-5d4719673f4c:192.168.5.159:45374, 0d1d30eb-195e-414c-af07-81f8ae20a2b8:192.168.5.159:40683, 02e1fac3-94b3-4f59-b623-3d918e0be822:192.168.5.159:46379], old=null at 0
2019-07-13 22:40:47,914 INFO  segmented.SegmentedRaftLogWorker (SegmentedRaftLogWorker.java:startLogSegment(380)) - 8525700b-6661-4c76-beaf-5d4719673f4c-SegmentedRaftLogWorker:Storage Directory /tmp/workdir/hadoop-ozone/integration-test/target/test-dir/MiniOzoneClusterImpl-52c542e0-5521-4a29-a3cf-f1c90352223f/datanode-3/data/ratis/70ced740-eb59-47c2-a998-f2d605cbed3f: Starting segment from index:0
2019-07-13 22:40:47,914 INFO  impl.RaftServerImpl (ServerState.java:setRaftConf(361)) - 02e1fac3-94b3-4f59-b623-3d918e0be822:group-F2D605CBED3F set configuration 0: [8525700b-6661-4c76-beaf-5d4719673f4c:192.168.5.159:45374, 0d1d30eb-195e-414c-af07-81f8ae20a2b8:192.168.5.159:40683, 02e1fac3-94b3-4f59-b623-3d918e0be822:192.168.5.159:46379], old=null at 0
2019-07-13 22:40:47,937 INFO  impl.RaftServerProxy (RaftServerProxy.java:addNew(89)) - 778b5faa-b562-469a-b3c2-181dac0309f1: addNew group-57C6F4B6E724:[778b5faa-b562-469a-b3c2-181dac0309f1:192.168.5.159:33021] returns group-57C6F4B6E724:java.util.concurrent.CompletableFuture@26f3c446[Not completed]
2019-07-13 22:40:47,939 INFO  impl.RaftServerImpl (RaftServerImpl.java:<init>(93)) - 778b5faa-b562-469a-b3c2-181dac0309f1: new RaftServerImpl for group-57C6F4B6E724:[778b5faa-b562-469a-b3c2-181dac0309f1:192.168.5.159:33021] with ContainerStateMachine:uninitialized
2019-07-13 22:40:47,939 INFO  server.RaftServerConfigKeys (ConfUtils.java:logGet(43)) - raft.server.rpc.timeout.min = 5s (custom)
2019-07-13 22:40:47,939 INFO  server.RaftServerConfigKeys (ConfUtils.java:logGet(43)) - raft.server.rpc.timeout.max = 5200ms (custom)
2019-07-13 22:40:47,939 INFO  segmented.SegmentedRaftLogWorker (SegmentedRaftLogWorker.java:truncate(396)) - 02e1fac3-94b3-4f59-b623-3d918e0be822-SegmentedRaftLogWorker:Storage Directory /tmp/workdir/hadoop-ozone/integration-test/target/test-dir/MiniOzoneClusterImpl-52c542e0-5521-4a29-a3cf-f1c90352223f/datanode-0/data/ratis/70ced740-eb59-47c2-a998-f2d605cbed3f: Truncating segments toTruncate: null
  toDelete: [(0, 0) isOpen? true, length=0, newEndIndex=-1], start index 0
2019-07-13 22:40:47,939 INFO  segmented.SegmentedRaftLogWorker (SegmentedRaftLogWorker.java:execute(569)) - 8525700b-6661-4c76-beaf-5d4719673f4c-SegmentedRaftLogWorker:Storage Directory /tmp/workdir/hadoop-ozone/integration-test/target/test-dir/MiniOzoneClusterImpl-52c542e0-5521-4a29-a3cf-f1c90352223f/datanode-3/data/ratis/70ced740-eb59-47c2-a998-f2d605cbed3f: created new log segment /tmp/workdir/hadoop-ozone/integration-test/target/test-dir/MiniOzoneClusterImpl-52c542e0-5521-4a29-a3cf-f1c90352223f/datanode-3/data/ratis/70ced740-eb59-47c2-a998-f2d605cbed3f/current/log_inprogress_0
2019-07-13 22:40:47,939 INFO  server.RaftServerConfigKeys (ConfUtils.java:logGet(43)) - raft.server.rpcslowness.timeout = 120s (custom)
2019-07-13 22:40:47,940 INFO  server.RaftServerConfigKeys (ConfUtils.java:logGet(43)) - raft.server.sleep.deviation.threshold = 300 (default)
2019-07-13 22:40:47,940 INFO  server.RaftServerConfigKeys (ConfUtils.java:logGet(43)) - raft.server.log.appender.install.snapshot.enabled = false (custom)
2019-07-13 22:40:47,940 INFO  segmented.SegmentedRaftLogWorker (SegmentedRaftLogWorker.java:startLogSegment(380)) - 02e1fac3-94b3-4f59-b623-3d918e0be822-SegmentedRaftLogWorker:Storage Directory /tmp/workdir/hadoop-ozone/integration-test/target/test-dir/MiniOzoneClusterImpl-52c542e0-5521-4a29-a3cf-f1c90352223f/datanode-0/data/ratis/70ced740-eb59-47c2-a998-f2d605cbed3f: Starting segment from index:0
2019-07-13 22:40:47,940 INFO  impl.RaftServerImpl (ServerState.java:<init>(105)) - 778b5faa-b562-469a-b3c2-181dac0309f1:group-57C6F4B6E724 ConfigurationManager, init=-1: [778b5faa-b562-469a-b3c2-181dac0309f1:192.168.5.159:33021], old=null, confs=<EMPTY_MAP>
2019-07-13 22:40:47,941 INFO  server.RaftServerConfigKeys (ConfUtils.java:logGet(43)) - raft.server.storage.dir = [/tmp/workdir/hadoop-ozone/integration-test/target/test-dir/MiniOzoneClusterImpl-fafd0a6a-d653-4c63-bc60-dea908c2499e/datanode-4/data/ratis] (custom)
2019-07-13 22:40:47,941 INFO  storage.RaftStorageDirectory (RaftStorageDirectory.java:analyzeStorage(246)) - The storage directory /tmp/workdir/hadoop-ozone/integration-test/target/test-dir/MiniOzoneClusterImpl-fafd0a6a-d653-4c63-bc60-dea908c2499e/datanode-4/data/ratis/525fe52d-e6ea-422e-946a-57c6f4b6e724 does not exist. Creating ...
2019-07-13 22:40:47,942 INFO  segmented.SegmentedRaftLogWorker (SegmentedRaftLogWorker.java:execute(633)) - 02e1fac3-94b3-4f59-b623-3d918e0be822-SegmentedRaftLogWorker:Storage Directory /tmp/workdir/hadoop-ozone/integration-test/target/test-dir/MiniOzoneClusterImpl-52c542e0-5521-4a29-a3cf-f1c90352223f/datanode-0/data/ratis/70ced740-eb59-47c2-a998-f2d605cbed3f: Deleted log file /tmp/workdir/hadoop-ozone/integration-test/target/test-dir/MiniOzoneClusterImpl-52c542e0-5521-4a29-a3cf-f1c90352223f/datanode-0/data/ratis/70ced740-eb59-47c2-a998-f2d605cbed3f/current/log_inprogress_0
2019-07-13 22:40:47,943 INFO  segmented.SegmentedRaftLogWorker (SegmentedRaftLogWorker.java:lambda$new$0(132)) - 02e1fac3-94b3-4f59-b623-3d918e0be822-SegmentedRaftLogWorker:Storage Directory /tmp/workdir/hadoop-ozone/integration-test/target/test-dir/MiniOzoneClusterImpl-52c542e0-5521-4a29-a3cf-f1c90352223f/datanode-0/data/ratis/70ced740-eb59-47c2-a998-f2d605cbed3f: flushIndex: setUnconditionally 0 -> -1
2019-07-13 22:40:47,945 INFO  storage.RaftStorageDirectory (RaftStorageDirectory.java:tryLock(328)) - Lock on /tmp/workdir/hadoop-ozone/integration-test/target/test-dir/MiniOzoneClusterImpl-fafd0a6a-d653-4c63-bc60-dea908c2499e/datanode-4/data/ratis/525fe52d-e6ea-422e-946a-57c6f4b6e724/in_use.lock acquired by nodename 26920@trunk-nightly-x8m8d-1534914823
2019-07-13 22:40:47,949 INFO  storage.RaftStorage (RaftStorage.java:format(72)) - Storage directory /tmp/workdir/hadoop-ozone/integration-test/target/test-dir/MiniOzoneClusterImpl-fafd0a6a-d653-4c63-bc60-dea908c2499e/datanode-4/data/ratis/525fe52d-e6ea-422e-946a-57c6f4b6e724 has been successfully formatted.
2019-07-13 22:40:47,950 INFO  ratis.ContainerStateMachine (ContainerStateMachine.java:loadSnapshot(200)) - The snapshot info is null.Setting the last applied index to:(t:0, i:~)
2019-07-13 22:40:47,950 INFO  server.RaftServerConfigKeys (ConfUtils.java:logGet(43)) - raft.server.leader.election.timeout = 120s (custom)
2019-07-13 22:40:47,950 INFO  server.RaftServerConfigKeys (ConfUtils.java:logGet(43)) - raft.server.log.use.memory = false (default)
2019-07-13 22:40:47,950 INFO  server.RaftServerConfigKeys (ConfUtils.java:logGet(43)) - raft.server.log.purge.gap = 1000000000 (custom)
2019-07-13 22:40:47,950 INFO  server.RaftServerConfigKeys (ConfUtils.java:logGet(43)) - raft.server.log.appender.buffer.byte-limit = 33554432 (custom)
2019-07-13 22:40:47,951 INFO  server.RaftServerConfigKeys (ConfUtils.java:logGet(43)) - raft.server.log.segment.size.max = 1048576 (custom)
2019-07-13 22:40:47,951 INFO  server.RaftServerConfigKeys (ConfUtils.java:logGet(43)) - raft.server.log.segment.cache.num.max = 2 (custom)
2019-07-13 22:40:47,951 INFO  segmented.SegmentedRaftLogWorker (SegmentedRaftLogWorker.java:<init>(172)) - new 778b5faa-b562-469a-b3c2-181dac0309f1-SegmentedRaftLogWorker:Storage Directory /tmp/workdir/hadoop-ozone/integration-test/target/test-dir/MiniOzoneClusterImpl-fafd0a6a-d653-4c63-bc60-dea908c2499e/datanode-4/data/ratis/525fe52d-e6ea-422e-946a-57c6f4b6e724 for RaftStorage:Storage Directory /tmp/workdir/hadoop-ozone/integration-test/target/test-dir/MiniOzoneClusterImpl-fafd0a6a-d653-4c63-bc60-dea908c2499e/datanode-4/data/ratis/525fe52d-e6ea-422e-946a-57c6f4b6e724
2019-07-13 22:40:47,951 INFO  server.RaftServerConfigKeys (ConfUtils.java:logGet(43)) - raft.server.log.queue.byte-limit = 2147483647 (custom)
2019-07-13 22:40:47,951 INFO  server.RaftServerConfigKeys (ConfUtils.java:logGet(43)) - raft.server.log.queue.element-limit = 1024 (custom)
2019-07-13 22:40:47,952 INFO  server.RaftServerConfigKeys (ConfUtils.java:logGet(43)) - raft.server.log.segment.size.max = 1048576 (custom)
2019-07-13 22:40:47,952 INFO  server.RaftServerConfigKeys (ConfUtils.java:logGet(43)) - raft.server.log.preallocated.size = 16384 (custom)
2019-07-13 22:40:47,952 INFO  server.RaftServerConfigKeys (ConfUtils.java:logGet(43)) - raft.server.log.write.buffer.size = 33554432 (custom)
2019-07-13 22:40:47,952 INFO  server.RaftServerConfigKeys (ConfUtils.java:logGet(43)) - raft.server.log.force.sync.num = 128 (default)
2019-07-13 22:40:47,953 INFO  server.RaftServerConfigKeys (ConfUtils.java:logGet(43)) - raft.server.log.statemachine.data.sync = true (default)
2019-07-13 22:40:47,953 INFO  server.RaftServerConfigKeys (ConfUtils.java:logGet(43)) - raft.server.log.statemachine.data.sync.timeout = 10s (default)
2019-07-13 22:40:47,953 INFO  server.RaftServerConfigKeys (ConfUtils.java:logGet(43)) - raft.server.log.statemachine.data.sync.timeout.retry = -1 (default)
2019-07-13 22:40:47,953 INFO  server.RaftServerConfigKeys (ConfUtils.java:logGet(43)) - raft.server.log.statemachine.data.caching.enabled = true (custom)
2019-07-13 22:40:47,954 INFO  segmented.SegmentedRaftLogWorker (SegmentedRaftLogWorker.java:lambda$new$0(132)) - 778b5faa-b562-469a-b3c2-181dac0309f1-SegmentedRaftLogWorker:Storage Directory /tmp/workdir/hadoop-ozone/integration-test/target/test-dir/MiniOzoneClusterImpl-fafd0a6a-d653-4c63-bc60-dea908c2499e/datanode-4/data/ratis/525fe52d-e6ea-422e-946a-57c6f4b6e724: flushIndex: setUnconditionally 0 -> -1
2019-07-13 22:40:47,955 INFO  server.RaftServerConfigKeys (ConfUtils.java:logGet(43)) - raft.server.snapshot.auto.trigger.enabled = true (custom)
2019-07-13 22:40:47,955 INFO  server.RaftServerConfigKeys (ConfUtils.java:logGet(43)) - raft.server.snapshot.auto.trigger.threshold = 10000 (custom)
2019-07-13 22:40:47,955 INFO  server.RaftServerConfigKeys (ConfUtils.java:logGet(43)) - raft.server.retrycache.expirytime = 600000ms (custom)
2019-07-13 22:40:47,956 INFO  impl.RaftServerImpl (RaftServerImpl.java:start(180)) - 778b5faa-b562-469a-b3c2-181dac0309f1: start group-57C6F4B6E724
2019-07-13 22:40:47,956 INFO  impl.RaftServerImpl (RaftServerImpl.java:setRole(171)) - 778b5faa-b562-469a-b3c2-181dac0309f1:group-57C6F4B6E724 changes role from null to FOLLOWER at term 0 for startAsFollower
2019-07-13 22:40:47,956 INFO  impl.RoleInfo (RoleInfo.java:updateAndGet(143)) - 778b5faa-b562-469a-b3c2-181dac0309f1: start FollowerState
2019-07-13 22:40:47,975 INFO  util.JmxRegister (JmxRegister.java:tryRegister(44)) - Successfully registered JMX Bean with object name Ratis:service=RaftServer,group=group-57C6F4B6E724,id=778b5faa-b562-469a-b3c2-181dac0309f1
2019-07-13 22:40:47,986 INFO  segmented.SegmentedRaftLogWorker (SegmentedRaftLogWorker.java:execute(569)) - 02e1fac3-94b3-4f59-b623-3d918e0be822-SegmentedRaftLogWorker:Storage Directory /tmp/workdir/hadoop-ozone/integration-test/target/test-dir/MiniOzoneClusterImpl-52c542e0-5521-4a29-a3cf-f1c90352223f/datanode-0/data/ratis/70ced740-eb59-47c2-a998-f2d605cbed3f: created new log segment /tmp/workdir/hadoop-ozone/integration-test/target/test-dir/MiniOzoneClusterImpl-52c542e0-5521-4a29-a3cf-f1c90352223f/datanode-0/data/ratis/70ced740-eb59-47c2-a998-f2d605cbed3f/current/log_inprogress_0
2019-07-13 22:40:47,992 INFO  pipeline.PipelineStateManager (PipelineStateManager.java:addPipeline(56)) - Created pipeline Pipeline[ Id: 525fe52d-e6ea-422e-946a-57c6f4b6e724, Nodes: 778b5faa-b562-469a-b3c2-181dac0309f1{ip: 192.168.5.159, host: trunk-nightly-x8m8d-1534914823, networkLocation: /default-rack, certSerialId: null}, Type:RATIS, Factor:ONE, State:OPEN]
2019-07-13 22:40:48,086 INFO  ozone.MiniOzoneClusterImpl (MiniOzoneClusterImpl.java:lambda$waitForClusterToBeReady$0(142)) - Waiting for cluster to be ready. Got 5 of 6 DN Heartbeats.
2019-07-13 22:40:48,091 INFO  node.SCMNodeManager (SCMNodeManager.java:register(269)) - Registered Data node : 0f5cdf0c-e27a-4fcf-8d3a-132f8c694150{ip: 192.168.5.159, host: trunk-nightly-x8m8d-1534914823, networkLocation: /default-rack, certSerialId: null}
2019-07-13 22:40:48,107 INFO  impl.RaftServerProxy (RaftServerProxy.java:addNew(89)) - 0f5cdf0c-e27a-4fcf-8d3a-132f8c694150: addNew group-6EB99DC2DD26:[0f5cdf0c-e27a-4fcf-8d3a-132f8c694150:192.168.5.159:44751] returns group-6EB99DC2DD26:java.util.concurrent.CompletableFuture@d40deeb[Not completed]
2019-07-13 22:40:48,109 INFO  impl.RaftServerImpl (RaftServerImpl.java:<init>(93)) - 0f5cdf0c-e27a-4fcf-8d3a-132f8c694150: new RaftServerImpl for group-6EB99DC2DD26:[0f5cdf0c-e27a-4fcf-8d3a-132f8c694150:192.168.5.159:44751] with ContainerStateMachine:uninitialized
2019-07-13 22:40:48,109 INFO  server.RaftServerConfigKeys (ConfUtils.java:logGet(43)) - raft.server.rpc.timeout.min = 5s (custom)
2019-07-13 22:40:48,109 INFO  server.RaftServerConfigKeys (ConfUtils.java:logGet(43)) - raft.server.rpc.timeout.max = 5200ms (custom)
2019-07-13 22:40:48,110 INFO  server.RaftServerConfigKeys (ConfUtils.java:logGet(43)) - raft.server.rpcslowness.timeout = 120s (custom)
2019-07-13 22:40:48,110 INFO  server.RaftServerConfigKeys (ConfUtils.java:logGet(43)) - raft.server.sleep.deviation.threshold = 300 (default)
2019-07-13 22:40:48,110 INFO  server.RaftServerConfigKeys (ConfUtils.java:logGet(43)) - raft.server.log.appender.install.snapshot.enabled = false (custom)
2019-07-13 22:40:48,110 INFO  impl.RaftServerImpl (ServerState.java:<init>(105)) - 0f5cdf0c-e27a-4fcf-8d3a-132f8c694150:group-6EB99DC2DD26 ConfigurationManager, init=-1: [0f5cdf0c-e27a-4fcf-8d3a-132f8c694150:192.168.5.159:44751], old=null, confs=<EMPTY_MAP>
2019-07-13 22:40:48,110 INFO  server.RaftServerConfigKeys (ConfUtils.java:logGet(43)) - raft.server.storage.dir = [/tmp/workdir/hadoop-ozone/integration-test/target/test-dir/MiniOzoneClusterImpl-fafd0a6a-d653-4c63-bc60-dea908c2499e/datanode-5/data/ratis] (custom)
2019-07-13 22:40:48,111 INFO  storage.RaftStorageDirectory (RaftStorageDirectory.java:analyzeStorage(246)) - The storage directory /tmp/workdir/hadoop-ozone/integration-test/target/test-dir/MiniOzoneClusterImpl-fafd0a6a-d653-4c63-bc60-dea908c2499e/datanode-5/data/ratis/d835a0c5-2a27-4f0c-aa70-6eb99dc2dd26 does not exist. Creating ...
2019-07-13 22:40:48,115 INFO  storage.RaftStorageDirectory (RaftStorageDirectory.java:tryLock(328)) - Lock on /tmp/workdir/hadoop-ozone/integration-test/target/test-dir/MiniOzoneClusterImpl-fafd0a6a-d653-4c63-bc60-dea908c2499e/datanode-5/data/ratis/d835a0c5-2a27-4f0c-aa70-6eb99dc2dd26/in_use.lock acquired by nodename 26920@trunk-nightly-x8m8d-1534914823
2019-07-13 22:40:48,120 INFO  storage.RaftStorage (RaftStorage.java:format(72)) - Storage directory /tmp/workdir/hadoop-ozone/integration-test/target/test-dir/MiniOzoneClusterImpl-fafd0a6a-d653-4c63-bc60-dea908c2499e/datanode-5/data/ratis/d835a0c5-2a27-4f0c-aa70-6eb99dc2dd26 has been successfully formatted.
2019-07-13 22:40:48,121 INFO  ratis.ContainerStateMachine (ContainerStateMachine.java:loadSnapshot(200)) - The snapshot info is null.Setting the last applied index to:(t:0, i:~)
2019-07-13 22:40:48,121 INFO  server.RaftServerConfigKeys (ConfUtils.java:logGet(43)) - raft.server.leader.election.timeout = 120s (custom)
2019-07-13 22:40:48,121 INFO  server.RaftServerConfigKeys (ConfUtils.java:logGet(43)) - raft.server.log.use.memory = false (default)
2019-07-13 22:40:48,121 INFO  server.RaftServerConfigKeys (ConfUtils.java:logGet(43)) - raft.server.log.purge.gap = 1000000000 (custom)
2019-07-13 22:40:48,121 INFO  server.RaftServerConfigKeys (ConfUtils.java:logGet(43)) - raft.server.log.appender.buffer.byte-limit = 33554432 (custom)
2019-07-13 22:40:48,122 INFO  server.RaftServerConfigKeys (ConfUtils.java:logGet(43)) - raft.server.log.segment.size.max = 1048576 (custom)
2019-07-13 22:40:48,122 INFO  server.RaftServerConfigKeys (ConfUtils.java:logGet(43)) - raft.server.log.segment.cache.num.max = 2 (custom)
2019-07-13 22:40:48,122 INFO  segmented.SegmentedRaftLogWorker (SegmentedRaftLogWorker.java:<init>(172)) - new 0f5cdf0c-e27a-4fcf-8d3a-132f8c694150-SegmentedRaftLogWorker:Storage Directory /tmp/workdir/hadoop-ozone/integration-test/target/test-dir/MiniOzoneClusterImpl-fafd0a6a-d653-4c63-bc60-dea908c2499e/datanode-5/data/ratis/d835a0c5-2a27-4f0c-aa70-6eb99dc2dd26 for RaftStorage:Storage Directory /tmp/workdir/hadoop-ozone/integration-test/target/test-dir/MiniOzoneClusterImpl-fafd0a6a-d653-4c63-bc60-dea908c2499e/datanode-5/data/ratis/d835a0c5-2a27-4f0c-aa70-6eb99dc2dd26
2019-07-13 22:40:48,122 INFO  server.RaftServerConfigKeys (ConfUtils.java:logGet(43)) - raft.server.log.queue.byte-limit = 2147483647 (custom)
2019-07-13 22:40:48,122 INFO  server.RaftServerConfigKeys (ConfUtils.java:logGet(43)) - raft.server.log.queue.element-limit = 1024 (custom)
2019-07-13 22:40:48,123 INFO  server.RaftServerConfigKeys (ConfUtils.java:logGet(43)) - raft.server.log.segment.size.max = 1048576 (custom)
2019-07-13 22:40:48,123 INFO  server.RaftServerConfigKeys (ConfUtils.java:logGet(43)) - raft.server.log.preallocated.size = 16384 (custom)
2019-07-13 22:40:48,123 INFO  server.RaftServerConfigKeys (ConfUtils.java:logGet(43)) - raft.server.log.write.buffer.size = 33554432 (custom)
2019-07-13 22:40:48,123 INFO  server.RaftServerConfigKeys (ConfUtils.java:logGet(43)) - raft.server.log.force.sync.num = 128 (default)
2019-07-13 22:40:48,124 INFO  server.RaftServerConfigKeys (ConfUtils.java:logGet(43)) - raft.server.log.statemachine.data.sync = true (default)
2019-07-13 22:40:48,124 INFO  server.RaftServerConfigKeys (ConfUtils.java:logGet(43)) - raft.server.log.statemachine.data.sync.timeout = 10s (default)
2019-07-13 22:40:48,124 INFO  server.RaftServerConfigKeys (ConfUtils.java:logGet(43)) - raft.server.log.statemachine.data.sync.timeout.retry = -1 (default)
2019-07-13 22:40:48,124 INFO  server.RaftServerConfigKeys (ConfUtils.java:logGet(43)) - raft.server.log.statemachine.data.caching.enabled = true (custom)
2019-07-13 22:40:48,125 INFO  segmented.SegmentedRaftLogWorker (SegmentedRaftLogWorker.java:lambda$new$0(132)) - 0f5cdf0c-e27a-4fcf-8d3a-132f8c694150-SegmentedRaftLogWorker:Storage Directory /tmp/workdir/hadoop-ozone/integration-test/target/test-dir/MiniOzoneClusterImpl-fafd0a6a-d653-4c63-bc60-dea908c2499e/datanode-5/data/ratis/d835a0c5-2a27-4f0c-aa70-6eb99dc2dd26: flushIndex: setUnconditionally 0 -> -1
2019-07-13 22:40:48,125 INFO  server.RaftServerConfigKeys (ConfUtils.java:logGet(43)) - raft.server.snapshot.auto.trigger.enabled = true (custom)
2019-07-13 22:40:48,126 INFO  server.RaftServerConfigKeys (ConfUtils.java:logGet(43)) - raft.server.snapshot.auto.trigger.threshold = 10000 (custom)
2019-07-13 22:40:48,126 INFO  server.RaftServerConfigKeys (ConfUtils.java:logGet(43)) - raft.server.retrycache.expirytime = 600000ms (custom)
2019-07-13 22:40:48,126 INFO  impl.RaftServerImpl (RaftServerImpl.java:start(180)) - 0f5cdf0c-e27a-4fcf-8d3a-132f8c694150: start group-6EB99DC2DD26
2019-07-13 22:40:48,126 INFO  impl.RaftServerImpl (RaftServerImpl.java:setRole(171)) - 0f5cdf0c-e27a-4fcf-8d3a-132f8c694150:group-6EB99DC2DD26 changes role from null to FOLLOWER at term 0 for startAsFollower
2019-07-13 22:40:48,126 INFO  impl.RoleInfo (RoleInfo.java:updateAndGet(143)) - 0f5cdf0c-e27a-4fcf-8d3a-132f8c694150: start FollowerState
2019-07-13 22:40:48,127 INFO  util.JmxRegister (JmxRegister.java:tryRegister(44)) - Successfully registered JMX Bean with object name Ratis:service=RaftServer,group=group-6EB99DC2DD26,id=0f5cdf0c-e27a-4fcf-8d3a-132f8c694150
2019-07-13 22:40:48,135 INFO  pipeline.PipelineStateManager (PipelineStateManager.java:addPipeline(56)) - Created pipeline Pipeline[ Id: d835a0c5-2a27-4f0c-aa70-6eb99dc2dd26, Nodes: 0f5cdf0c-e27a-4fcf-8d3a-132f8c694150{ip: 192.168.5.159, host: trunk-nightly-x8m8d-1534914823, networkLocation: /default-rack, certSerialId: null}, Type:RATIS, Factor:ONE, State:OPEN]
2019-07-13 22:40:48,184 INFO  impl.RaftServerProxy (RaftServerProxy.java:addNew(89)) - 778b5faa-b562-469a-b3c2-181dac0309f1: addNew group-DD7B2EB84DA5:[778b5faa-b562-469a-b3c2-181dac0309f1:192.168.5.159:33021, 0f5cdf0c-e27a-4fcf-8d3a-132f8c694150:192.168.5.159:44751, 723b3352-36b7-460d-8817-3834fb80500e:192.168.5.159:36621] returns group-DD7B2EB84DA5:java.util.concurrent.CompletableFuture@416130e[Not completed]
2019-07-13 22:40:48,184 INFO  impl.RaftServerProxy (RaftServerProxy.java:addNew(89)) - 0f5cdf0c-e27a-4fcf-8d3a-132f8c694150: addNew group-DD7B2EB84DA5:[778b5faa-b562-469a-b3c2-181dac0309f1:192.168.5.159:33021, 0f5cdf0c-e27a-4fcf-8d3a-132f8c694150:192.168.5.159:44751, 723b3352-36b7-460d-8817-3834fb80500e:192.168.5.159:36621] returns group-DD7B2EB84DA5:java.util.concurrent.CompletableFuture@533219a4[Not completed]
2019-07-13 22:40:48,184 INFO  impl.RaftServerProxy (RaftServerProxy.java:addNew(89)) - 723b3352-36b7-460d-8817-3834fb80500e: addNew group-DD7B2EB84DA5:[778b5faa-b562-469a-b3c2-181dac0309f1:192.168.5.159:33021, 0f5cdf0c-e27a-4fcf-8d3a-132f8c694150:192.168.5.159:44751, 723b3352-36b7-460d-8817-3834fb80500e:192.168.5.159:36621] returns group-DD7B2EB84DA5:java.util.concurrent.CompletableFuture@108d6c77[Not completed]
2019-07-13 22:40:48,186 INFO  impl.RaftServerImpl (RaftServerImpl.java:<init>(93)) - 778b5faa-b562-469a-b3c2-181dac0309f1: new RaftServerImpl for group-DD7B2EB84DA5:[778b5faa-b562-469a-b3c2-181dac0309f1:192.168.5.159:33021, 0f5cdf0c-e27a-4fcf-8d3a-132f8c694150:192.168.5.159:44751, 723b3352-36b7-460d-8817-3834fb80500e:192.168.5.159:36621] with ContainerStateMachine:uninitialized
2019-07-13 22:40:48,186 INFO  server.RaftServerConfigKeys (ConfUtils.java:logGet(43)) - raft.server.rpc.timeout.min = 5s (custom)
2019-07-13 22:40:48,186 INFO  server.RaftServerConfigKeys (ConfUtils.java:logGet(43)) - raft.server.rpc.timeout.max = 5200ms (custom)
2019-07-13 22:40:48,187 INFO  server.RaftServerConfigKeys (ConfUtils.java:logGet(43)) - raft.server.rpcslowness.timeout = 120s (custom)
2019-07-13 22:40:48,187 INFO  server.RaftServerConfigKeys (ConfUtils.java:logGet(43)) - raft.server.sleep.deviation.threshold = 300 (default)
2019-07-13 22:40:48,187 INFO  impl.RaftServerImpl (RaftServerImpl.java:<init>(93)) - 723b3352-36b7-460d-8817-3834fb80500e: new RaftServerImpl for group-DD7B2EB84DA5:[778b5faa-b562-469a-b3c2-181dac0309f1:192.168.5.159:33021, 0f5cdf0c-e27a-4fcf-8d3a-132f8c694150:192.168.5.159:44751, 723b3352-36b7-460d-8817-3834fb80500e:192.168.5.159:36621] with ContainerStateMachine:uninitialized
2019-07-13 22:40:48,187 INFO  server.RaftServerConfigKeys (ConfUtils.java:logGet(43)) - raft.server.log.appender.install.snapshot.enabled = false (custom)
2019-07-13 22:40:48,187 INFO  server.RaftServerConfigKeys (ConfUtils.java:logGet(43)) - raft.server.rpc.timeout.min = 5s (custom)
2019-07-13 22:40:48,187 INFO  impl.RaftServerImpl (ServerState.java:<init>(105)) - 778b5faa-b562-469a-b3c2-181dac0309f1:group-DD7B2EB84DA5 ConfigurationManager, init=-1: [778b5faa-b562-469a-b3c2-181dac0309f1:192.168.5.159:33021, 0f5cdf0c-e27a-4fcf-8d3a-132f8c694150:192.168.5.159:44751, 723b3352-36b7-460d-8817-3834fb80500e:192.168.5.159:36621], old=null, confs=<EMPTY_MAP>
2019-07-13 22:40:48,187 INFO  impl.RaftServerImpl (RaftServerImpl.java:<init>(93)) - 0f5cdf0c-e27a-4fcf-8d3a-132f8c694150: new RaftServerImpl for group-DD7B2EB84DA5:[778b5faa-b562-469a-b3c2-181dac0309f1:192.168.5.159:33021, 0f5cdf0c-e27a-4fcf-8d3a-132f8c694150:192.168.5.159:44751, 723b3352-36b7-460d-8817-3834fb80500e:192.168.5.159:36621] with ContainerStateMachine:uninitialized
2019-07-13 22:40:48,187 INFO  server.RaftServerConfigKeys (ConfUtils.java:logGet(43)) - raft.server.rpc.timeout.max = 5200ms (custom)
2019-07-13 22:40:48,188 INFO  server.RaftServerConfigKeys (ConfUtils.java:logGet(43)) - raft.server.rpc.timeout.min = 5s (custom)
2019-07-13 22:40:48,188 INFO  server.RaftServerConfigKeys (ConfUtils.java:logGet(43)) - raft.server.storage.dir = [/tmp/workdir/hadoop-ozone/integration-test/target/test-dir/MiniOzoneClusterImpl-fafd0a6a-d653-4c63-bc60-dea908c2499e/datanode-4/data/ratis] (custom)
2019-07-13 22:40:48,188 INFO  server.RaftServerConfigKeys (ConfUtils.java:logGet(43)) - raft.server.rpc.timeout.max = 5200ms (custom)
2019-07-13 22:40:48,188 INFO  server.RaftServerConfigKeys (ConfUtils.java:logGet(43)) - raft.server.rpcslowness.timeout = 120s (custom)
2019-07-13 22:40:48,188 INFO  server.RaftServerConfigKeys (ConfUtils.java:logGet(43)) - raft.server.rpcslowness.timeout = 120s (custom)
2019-07-13 22:40:48,189 INFO  storage.RaftStorageDirectory (RaftStorageDirectory.java:analyzeStorage(246)) - The storage directory /tmp/workdir/hadoop-ozone/integration-test/target/test-dir/MiniOzoneClusterImpl-fafd0a6a-d653-4c63-bc60-dea908c2499e/datanode-4/data/ratis/fb882818-180e-4d48-a45a-dd7b2eb84da5 does not exist. Creating ...
2019-07-13 22:40:48,188 INFO  server.RaftServerConfigKeys (ConfUtils.java:logGet(43)) - raft.server.sleep.deviation.threshold = 300 (default)
2019-07-13 22:40:48,189 INFO  server.RaftServerConfigKeys (ConfUtils.java:logGet(43)) - raft.server.sleep.deviation.threshold = 300 (default)
2019-07-13 22:40:48,189 INFO  server.RaftServerConfigKeys (ConfUtils.java:logGet(43)) - raft.server.log.appender.install.snapshot.enabled = false (custom)
2019-07-13 22:40:48,189 INFO  server.RaftServerConfigKeys (ConfUtils.java:logGet(43)) - raft.server.log.appender.install.snapshot.enabled = false (custom)
2019-07-13 22:40:48,189 INFO  impl.RaftServerImpl (ServerState.java:<init>(105)) - 0f5cdf0c-e27a-4fcf-8d3a-132f8c694150:group-DD7B2EB84DA5 ConfigurationManager, init=-1: [778b5faa-b562-469a-b3c2-181dac0309f1:192.168.5.159:33021, 0f5cdf0c-e27a-4fcf-8d3a-132f8c694150:192.168.5.159:44751, 723b3352-36b7-460d-8817-3834fb80500e:192.168.5.159:36621], old=null, confs=<EMPTY_MAP>
2019-07-13 22:40:48,189 INFO  impl.RaftServerImpl (ServerState.java:<init>(105)) - 723b3352-36b7-460d-8817-3834fb80500e:group-DD7B2EB84DA5 ConfigurationManager, init=-1: [778b5faa-b562-469a-b3c2-181dac0309f1:192.168.5.159:33021, 0f5cdf0c-e27a-4fcf-8d3a-132f8c694150:192.168.5.159:44751, 723b3352-36b7-460d-8817-3834fb80500e:192.168.5.159:36621], old=null, confs=<EMPTY_MAP>
2019-07-13 22:40:48,190 INFO  server.RaftServerConfigKeys (ConfUtils.java:logGet(43)) - raft.server.storage.dir = [/tmp/workdir/hadoop-ozone/integration-test/target/test-dir/MiniOzoneClusterImpl-fafd0a6a-d653-4c63-bc60-dea908c2499e/datanode-5/data/ratis] (custom)
2019-07-13 22:40:48,190 INFO  server.RaftServerConfigKeys (ConfUtils.java:logGet(43)) - raft.server.storage.dir = [/tmp/workdir/hadoop-ozone/integration-test/target/test-dir/MiniOzoneClusterImpl-fafd0a6a-d653-4c63-bc60-dea908c2499e/datanode-3/data/ratis] (custom)
2019-07-13 22:40:48,190 INFO  storage.RaftStorageDirectory (RaftStorageDirectory.java:analyzeStorage(246)) - The storage directory /tmp/workdir/hadoop-ozone/integration-test/target/test-dir/MiniOzoneClusterImpl-fafd0a6a-d653-4c63-bc60-dea908c2499e/datanode-5/data/ratis/fb882818-180e-4d48-a45a-dd7b2eb84da5 does not exist. Creating ...
2019-07-13 22:40:48,190 INFO  storage.RaftStorageDirectory (RaftStorageDirectory.java:analyzeStorage(246)) - The storage directory /tmp/workdir/hadoop-ozone/integration-test/target/test-dir/MiniOzoneClusterImpl-fafd0a6a-d653-4c63-bc60-dea908c2499e/datanode-3/data/ratis/fb882818-180e-4d48-a45a-dd7b2eb84da5 does not exist. Creating ...
2019-07-13 22:40:48,203 INFO  storage.RaftStorageDirectory (RaftStorageDirectory.java:tryLock(328)) - Lock on /tmp/workdir/hadoop-ozone/integration-test/target/test-dir/MiniOzoneClusterImpl-fafd0a6a-d653-4c63-bc60-dea908c2499e/datanode-5/data/ratis/fb882818-180e-4d48-a45a-dd7b2eb84da5/in_use.lock acquired by nodename 26920@trunk-nightly-x8m8d-1534914823
2019-07-13 22:40:48,203 INFO  storage.RaftStorageDirectory (RaftStorageDirectory.java:tryLock(328)) - Lock on /tmp/workdir/hadoop-ozone/integration-test/target/test-dir/MiniOzoneClusterImpl-fafd0a6a-d653-4c63-bc60-dea908c2499e/datanode-3/data/ratis/fb882818-180e-4d48-a45a-dd7b2eb84da5/in_use.lock acquired by nodename 26920@trunk-nightly-x8m8d-1534914823
2019-07-13 22:40:48,203 INFO  storage.RaftStorageDirectory (RaftStorageDirectory.java:tryLock(328)) - Lock on /tmp/workdir/hadoop-ozone/integration-test/target/test-dir/MiniOzoneClusterImpl-fafd0a6a-d653-4c63-bc60-dea908c2499e/datanode-4/data/ratis/fb882818-180e-4d48-a45a-dd7b2eb84da5/in_use.lock acquired by nodename 26920@trunk-nightly-x8m8d-1534914823
2019-07-13 22:40:48,209 INFO  storage.RaftStorage (RaftStorage.java:format(72)) - Storage directory /tmp/workdir/hadoop-ozone/integration-test/target/test-dir/MiniOzoneClusterImpl-fafd0a6a-d653-4c63-bc60-dea908c2499e/datanode-5/data/ratis/fb882818-180e-4d48-a45a-dd7b2eb84da5 has been successfully formatted.
2019-07-13 22:40:48,209 INFO  storage.RaftStorage (RaftStorage.java:format(72)) - Storage directory /tmp/workdir/hadoop-ozone/integration-test/target/test-dir/MiniOzoneClusterImpl-fafd0a6a-d653-4c63-bc60-dea908c2499e/datanode-3/data/ratis/fb882818-180e-4d48-a45a-dd7b2eb84da5 has been successfully formatted.
2019-07-13 22:40:48,209 INFO  storage.RaftStorage (RaftStorage.java:format(72)) - Storage directory /tmp/workdir/hadoop-ozone/integration-test/target/test-dir/MiniOzoneClusterImpl-fafd0a6a-d653-4c63-bc60-dea908c2499e/datanode-4/data/ratis/fb882818-180e-4d48-a45a-dd7b2eb84da5 has been successfully formatted.
2019-07-13 22:40:48,210 INFO  ratis.ContainerStateMachine (ContainerStateMachine.java:loadSnapshot(200)) - The snapshot info is null.Setting the last applied index to:(t:0, i:~)
2019-07-13 22:40:48,210 INFO  ratis.ContainerStateMachine (ContainerStateMachine.java:loadSnapshot(200)) - The snapshot info is null.Setting the last applied index to:(t:0, i:~)
2019-07-13 22:40:48,210 INFO  server.RaftServerConfigKeys (ConfUtils.java:logGet(43)) - raft.server.leader.election.timeout = 120s (custom)
2019-07-13 22:40:48,210 INFO  ratis.ContainerStateMachine (ContainerStateMachine.java:loadSnapshot(200)) - The snapshot info is null.Setting the last applied index to:(t:0, i:~)
2019-07-13 22:40:48,210 INFO  server.RaftServerConfigKeys (ConfUtils.java:logGet(43)) - raft.server.log.use.memory = false (default)
2019-07-13 22:40:48,210 INFO  server.RaftServerConfigKeys (ConfUtils.java:logGet(43)) - raft.server.leader.election.timeout = 120s (custom)
2019-07-13 22:40:48,211 INFO  server.RaftServerConfigKeys (ConfUtils.java:logGet(43)) - raft.server.log.purge.gap = 1000000000 (custom)
2019-07-13 22:40:48,211 INFO  server.RaftServerConfigKeys (ConfUtils.java:logGet(43)) - raft.server.leader.election.timeout = 120s (custom)
2019-07-13 22:40:48,211 INFO  server.RaftServerConfigKeys (ConfUtils.java:logGet(43)) - raft.server.log.appender.buffer.byte-limit = 33554432 (custom)
2019-07-13 22:40:48,211 INFO  server.RaftServerConfigKeys (ConfUtils.java:logGet(43)) - raft.server.log.use.memory = false (default)
2019-07-13 22:40:48,211 INFO  server.RaftServerConfigKeys (ConfUtils.java:logGet(43)) - raft.server.log.segment.size.max = 1048576 (custom)
2019-07-13 22:40:48,211 INFO  server.RaftServerConfigKeys (ConfUtils.java:logGet(43)) - raft.server.log.use.memory = false (default)
2019-07-13 22:40:48,212 INFO  server.RaftServerConfigKeys (ConfUtils.java:logGet(43)) - raft.server.log.segment.cache.num.max = 2 (custom)
2019-07-13 22:40:48,212 INFO  server.RaftServerConfigKeys (ConfUtils.java:logGet(43)) - raft.server.log.purge.gap = 1000000000 (custom)
2019-07-13 22:40:48,212 INFO  segmented.SegmentedRaftLogWorker (SegmentedRaftLogWorker.java:<init>(172)) - new 723b3352-36b7-460d-8817-3834fb80500e-SegmentedRaftLogWorker:Storage Directory /tmp/workdir/hadoop-ozone/integration-test/target/test-dir/MiniOzoneClusterImpl-fafd0a6a-d653-4c63-bc60-dea908c2499e/datanode-3/data/ratis/fb882818-180e-4d48-a45a-dd7b2eb84da5 for RaftStorage:Storage Directory /tmp/workdir/hadoop-ozone/integration-test/target/test-dir/MiniOzoneClusterImpl-fafd0a6a-d653-4c63-bc60-dea908c2499e/datanode-3/data/ratis/fb882818-180e-4d48-a45a-dd7b2eb84da5
2019-07-13 22:40:48,212 INFO  server.RaftServerConfigKeys (ConfUtils.java:logGet(43)) - raft.server.log.purge.gap = 1000000000 (custom)
2019-07-13 22:40:48,212 INFO  server.RaftServerConfigKeys (ConfUtils.java:logGet(43)) - raft.server.log.queue.byte-limit = 2147483647 (custom)
2019-07-13 22:40:48,212 INFO  server.RaftServerConfigKeys (ConfUtils.java:logGet(43)) - raft.server.log.appender.buffer.byte-limit = 33554432 (custom)
2019-07-13 22:40:48,213 INFO  server.RaftServerConfigKeys (ConfUtils.java:logGet(43)) - raft.server.log.queue.element-limit = 1024 (custom)
2019-07-13 22:40:48,213 INFO  server.RaftServerConfigKeys (ConfUtils.java:logGet(43)) - raft.server.log.appender.buffer.byte-limit = 33554432 (custom)
2019-07-13 22:40:48,213 INFO  server.RaftServerConfigKeys (ConfUtils.java:logGet(43)) - raft.server.log.segment.size.max = 1048576 (custom)
2019-07-13 22:40:48,213 INFO  server.RaftServerConfigKeys (ConfUtils.java:logGet(43)) - raft.server.log.segment.size.max = 1048576 (custom)
2019-07-13 22:40:48,213 INFO  server.RaftServerConfigKeys (ConfUtils.java:logGet(43)) - raft.server.log.preallocated.size = 16384 (custom)
2019-07-13 22:40:48,213 INFO  server.RaftServerConfigKeys (ConfUtils.java:logGet(43)) - raft.server.log.segment.size.max = 1048576 (custom)
2019-07-13 22:40:48,214 INFO  server.RaftServerConfigKeys (ConfUtils.java:logGet(43)) - raft.server.log.write.buffer.size = 33554432 (custom)
2019-07-13 22:40:48,214 INFO  server.RaftServerConfigKeys (ConfUtils.java:logGet(43)) - raft.server.log.segment.cache.num.max = 2 (custom)
2019-07-13 22:40:48,214 INFO  server.RaftServerConfigKeys (ConfUtils.java:logGet(43)) - raft.server.log.force.sync.num = 128 (default)
2019-07-13 22:40:48,214 INFO  server.RaftServerConfigKeys (ConfUtils.java:logGet(43)) - raft.server.log.segment.cache.num.max = 2 (custom)
2019-07-13 22:40:48,215 INFO  server.RaftServerConfigKeys (ConfUtils.java:logGet(43)) - raft.server.log.statemachine.data.sync = true (default)
2019-07-13 22:40:48,214 INFO  segmented.SegmentedRaftLogWorker (SegmentedRaftLogWorker.java:<init>(172)) - new 0f5cdf0c-e27a-4fcf-8d3a-132f8c694150-SegmentedRaftLogWorker:Storage Directory /tmp/workdir/hadoop-ozone/integration-test/target/test-dir/MiniOzoneClusterImpl-fafd0a6a-d653-4c63-bc60-dea908c2499e/datanode-5/data/ratis/fb882818-180e-4d48-a45a-dd7b2eb84da5 for RaftStorage:Storage Directory /tmp/workdir/hadoop-ozone/integration-test/target/test-dir/MiniOzoneClusterImpl-fafd0a6a-d653-4c63-bc60-dea908c2499e/datanode-5/data/ratis/fb882818-180e-4d48-a45a-dd7b2eb84da5
2019-07-13 22:40:48,215 INFO  server.RaftServerConfigKeys (ConfUtils.java:logGet(43)) - raft.server.log.statemachine.data.sync.timeout = 10s (default)
2019-07-13 22:40:48,215 INFO  segmented.SegmentedRaftLogWorker (SegmentedRaftLogWorker.java:<init>(172)) - new 778b5faa-b562-469a-b3c2-181dac0309f1-SegmentedRaftLogWorker:Storage Directory /tmp/workdir/hadoop-ozone/integration-test/target/test-dir/MiniOzoneClusterImpl-fafd0a6a-d653-4c63-bc60-dea908c2499e/datanode-4/data/ratis/fb882818-180e-4d48-a45a-dd7b2eb84da5 for RaftStorage:Storage Directory /tmp/workdir/hadoop-ozone/integration-test/target/test-dir/MiniOzoneClusterImpl-fafd0a6a-d653-4c63-bc60-dea908c2499e/datanode-4/data/ratis/fb882818-180e-4d48-a45a-dd7b2eb84da5
2019-07-13 22:40:48,215 INFO  server.RaftServerConfigKeys (ConfUtils.java:logGet(43)) - raft.server.log.statemachine.data.sync.timeout.retry = -1 (default)
2019-07-13 22:40:48,215 INFO  server.RaftServerConfigKeys (ConfUtils.java:logGet(43)) - raft.server.log.queue.byte-limit = 2147483647 (custom)
2019-07-13 22:40:48,216 INFO  server.RaftServerConfigKeys (ConfUtils.java:logGet(43)) - raft.server.log.statemachine.data.caching.enabled = true (custom)
2019-07-13 22:40:48,215 INFO  server.RaftServerConfigKeys (ConfUtils.java:logGet(43)) - raft.server.log.queue.byte-limit = 2147483647 (custom)
2019-07-13 22:40:48,216 INFO  segmented.SegmentedRaftLogWorker (SegmentedRaftLogWorker.java:lambda$new$0(132)) - 723b3352-36b7-460d-8817-3834fb80500e-SegmentedRaftLogWorker:Storage Directory /tmp/workdir/hadoop-ozone/integration-test/target/test-dir/MiniOzoneClusterImpl-fafd0a6a-d653-4c63-bc60-dea908c2499e/datanode-3/data/ratis/fb882818-180e-4d48-a45a-dd7b2eb84da5: flushIndex: setUnconditionally 0 -> -1
2019-07-13 22:40:48,216 INFO  server.RaftServerConfigKeys (ConfUtils.java:logGet(43)) - raft.server.log.queue.element-limit = 1024 (custom)
2019-07-13 22:40:48,216 INFO  server.RaftServerConfigKeys (ConfUtils.java:logGet(43)) - raft.server.log.queue.element-limit = 1024 (custom)
2019-07-13 22:40:48,217 INFO  server.RaftServerConfigKeys (ConfUtils.java:logGet(43)) - raft.server.snapshot.auto.trigger.enabled = true (custom)
2019-07-13 22:40:48,216 INFO  server.RaftServerConfigKeys (ConfUtils.java:logGet(43)) - raft.server.log.segment.size.max = 1048576 (custom)
2019-07-13 22:40:48,217 INFO  server.RaftServerConfigKeys (ConfUtils.java:logGet(43)) - raft.server.snapshot.auto.trigger.threshold = 10000 (custom)
2019-07-13 22:40:48,217 INFO  server.RaftServerConfigKeys (ConfUtils.java:logGet(43)) - raft.server.log.segment.size.max = 1048576 (custom)
2019-07-13 22:40:48,217 INFO  server.RaftServerConfigKeys (ConfUtils.java:logGet(43)) - raft.server.retrycache.expirytime = 600000ms (custom)
2019-07-13 22:40:48,217 INFO  server.RaftServerConfigKeys (ConfUtils.java:logGet(43)) - raft.server.log.preallocated.size = 16384 (custom)
2019-07-13 22:40:48,218 INFO  impl.RaftServerImpl (RaftServerImpl.java:start(180)) - 723b3352-36b7-460d-8817-3834fb80500e: start group-DD7B2EB84DA5
2019-07-13 22:40:48,218 INFO  impl.RaftServerImpl (RaftServerImpl.java:setRole(171)) - 723b3352-36b7-460d-8817-3834fb80500e:group-DD7B2EB84DA5 changes role from null to FOLLOWER at term 0 for startAsFollower
2019-07-13 22:40:48,217 INFO  server.RaftServerConfigKeys (ConfUtils.java:logGet(43)) - raft.server.log.preallocated.size = 16384 (custom)
2019-07-13 22:40:48,218 INFO  impl.RoleInfo (RoleInfo.java:updateAndGet(143)) - 723b3352-36b7-460d-8817-3834fb80500e: start FollowerState
2019-07-13 22:40:48,218 INFO  server.RaftServerConfigKeys (ConfUtils.java:logGet(43)) - raft.server.log.write.buffer.size = 33554432 (custom)
2019-07-13 22:40:48,218 INFO  server.RaftServerConfigKeys (ConfUtils.java:logGet(43)) - raft.server.log.write.buffer.size = 33554432 (custom)
2019-07-13 22:40:48,219 INFO  server.RaftServerConfigKeys (ConfUtils.java:logGet(43)) - raft.server.log.force.sync.num = 128 (default)
2019-07-13 22:40:48,219 INFO  server.RaftServerConfigKeys (ConfUtils.java:logGet(43)) - raft.server.log.force.sync.num = 128 (default)
2019-07-13 22:40:48,219 INFO  util.JmxRegister (JmxRegister.java:tryRegister(44)) - Successfully registered JMX Bean with object name Ratis:service=RaftServer,group=group-DD7B2EB84DA5,id=723b3352-36b7-460d-8817-3834fb80500e
2019-07-13 22:40:48,219 INFO  server.RaftServerConfigKeys (ConfUtils.java:logGet(43)) - raft.server.log.statemachine.data.sync = true (default)
2019-07-13 22:40:48,219 INFO  server.RaftServerConfigKeys (ConfUtils.java:logGet(43)) - raft.server.log.statemachine.data.sync = true (default)
2019-07-13 22:40:48,220 INFO  server.RaftServerConfigKeys (ConfUtils.java:logGet(43)) - raft.server.log.statemachine.data.sync.timeout = 10s (default)
2019-07-13 22:40:48,220 INFO  server.RaftServerConfigKeys (ConfUtils.java:logGet(43)) - raft.server.log.statemachine.data.sync.timeout = 10s (default)
2019-07-13 22:40:48,220 INFO  server.RaftServerConfigKeys (ConfUtils.java:logGet(43)) - raft.server.log.statemachine.data.sync.timeout.retry = -1 (default)
2019-07-13 22:40:48,220 INFO  server.RaftServerConfigKeys (ConfUtils.java:logGet(43)) - raft.server.log.statemachine.data.sync.timeout.retry = -1 (default)
2019-07-13 22:40:48,220 INFO  server.RaftServerConfigKeys (ConfUtils.java:logGet(43)) - raft.server.log.statemachine.data.caching.enabled = true (custom)
2019-07-13 22:40:48,221 INFO  server.RaftServerConfigKeys (ConfUtils.java:logGet(43)) - raft.server.log.statemachine.data.caching.enabled = true (custom)
2019-07-13 22:40:48,221 INFO  segmented.SegmentedRaftLogWorker (SegmentedRaftLogWorker.java:lambda$new$0(132)) - 778b5faa-b562-469a-b3c2-181dac0309f1-SegmentedRaftLogWorker:Storage Directory /tmp/workdir/hadoop-ozone/integration-test/target/test-dir/MiniOzoneClusterImpl-fafd0a6a-d653-4c63-bc60-dea908c2499e/datanode-4/data/ratis/fb882818-180e-4d48-a45a-dd7b2eb84da5: flushIndex: setUnconditionally 0 -> -1
2019-07-13 22:40:48,221 INFO  segmented.SegmentedRaftLogWorker (SegmentedRaftLogWorker.java:lambda$new$0(132)) - 0f5cdf0c-e27a-4fcf-8d3a-132f8c694150-SegmentedRaftLogWorker:Storage Directory /tmp/workdir/hadoop-ozone/integration-test/target/test-dir/MiniOzoneClusterImpl-fafd0a6a-d653-4c63-bc60-dea908c2499e/datanode-5/data/ratis/fb882818-180e-4d48-a45a-dd7b2eb84da5: flushIndex: setUnconditionally 0 -> -1
2019-07-13 22:40:48,225 INFO  server.RaftServerConfigKeys (ConfUtils.java:logGet(43)) - raft.server.snapshot.auto.trigger.enabled = true (custom)
2019-07-13 22:40:48,225 INFO  server.RaftServerConfigKeys (ConfUtils.java:logGet(43)) - raft.server.snapshot.auto.trigger.enabled = true (custom)
2019-07-13 22:40:48,225 INFO  server.RaftServerConfigKeys (ConfUtils.java:logGet(43)) - raft.server.snapshot.auto.trigger.threshold = 10000 (custom)
2019-07-13 22:40:48,226 INFO  server.RaftServerConfigKeys (ConfUtils.java:logGet(43)) - raft.server.snapshot.auto.trigger.threshold = 10000 (custom)
2019-07-13 22:40:48,226 INFO  server.RaftServerConfigKeys (ConfUtils.java:logGet(43)) - raft.server.retrycache.expirytime = 600000ms (custom)
2019-07-13 22:40:48,226 INFO  server.RaftServerConfigKeys (ConfUtils.java:logGet(43)) - raft.server.retrycache.expirytime = 600000ms (custom)
2019-07-13 22:40:48,226 INFO  impl.RaftServerImpl (RaftServerImpl.java:start(180)) - 778b5faa-b562-469a-b3c2-181dac0309f1: start group-DD7B2EB84DA5
2019-07-13 22:40:48,226 INFO  impl.RaftServerImpl (RaftServerImpl.java:start(180)) - 0f5cdf0c-e27a-4fcf-8d3a-132f8c694150: start group-DD7B2EB84DA5
2019-07-13 22:40:48,226 INFO  impl.RaftServerImpl (RaftServerImpl.java:setRole(171)) - 778b5faa-b562-469a-b3c2-181dac0309f1:group-DD7B2EB84DA5 changes role from null to FOLLOWER at term 0 for startAsFollower
2019-07-13 22:40:48,226 INFO  impl.RaftServerImpl (RaftServerImpl.java:setRole(171)) - 0f5cdf0c-e27a-4fcf-8d3a-132f8c694150:group-DD7B2EB84DA5 changes role from null to FOLLOWER at term 0 for startAsFollower
2019-07-13 22:40:48,227 INFO  impl.RoleInfo (RoleInfo.java:updateAndGet(143)) - 778b5faa-b562-469a-b3c2-181dac0309f1: start FollowerState
2019-07-13 22:40:48,227 INFO  impl.RoleInfo (RoleInfo.java:updateAndGet(143)) - 0f5cdf0c-e27a-4fcf-8d3a-132f8c694150: start FollowerState
2019-07-13 22:40:48,227 INFO  util.JmxRegister (JmxRegister.java:tryRegister(44)) - Successfully registered JMX Bean with object name Ratis:service=RaftServer,group=group-DD7B2EB84DA5,id=778b5faa-b562-469a-b3c2-181dac0309f1
2019-07-13 22:40:48,227 INFO  util.JmxRegister (JmxRegister.java:tryRegister(44)) - Successfully registered JMX Bean with object name Ratis:service=RaftServer,group=group-DD7B2EB84DA5,id=0f5cdf0c-e27a-4fcf-8d3a-132f8c694150
2019-07-13 22:40:48,245 INFO  pipeline.PipelineStateManager (PipelineStateManager.java:addPipeline(56)) - Created pipeline Pipeline[ Id: fb882818-180e-4d48-a45a-dd7b2eb84da5, Nodes: 778b5faa-b562-469a-b3c2-181dac0309f1{ip: 192.168.5.159, host: trunk-nightly-x8m8d-1534914823, networkLocation: /default-rack, certSerialId: null}0f5cdf0c-e27a-4fcf-8d3a-132f8c694150{ip: 192.168.5.159, host: trunk-nightly-x8m8d-1534914823, networkLocation: /default-rack, certSerialId: null}723b3352-36b7-460d-8817-3834fb80500e{ip: 192.168.5.159, host: trunk-nightly-x8m8d-1534914823, networkLocation: /default-rack, certSerialId: null}, Type:RATIS, Factor:THREE, State:OPEN]
2019-07-13 22:40:49,086 INFO  ozone.MiniOzoneClusterImpl (MiniOzoneClusterImpl.java:lambda$waitForClusterToBeReady$0(142)) - Cluster is ready. Got 6 of 6 DN Heartbeats.
2019-07-13 22:40:49,132 INFO  rpc.RpcClient (RpcClient.java:createVolume(287)) - Creating Volume: datanodefailurehandlingtest, with jenkins1000 as owner.
2019-07-13 22:40:49,153 INFO  rpc.RpcClient (RpcClient.java:createBucket(424)) - Creating Bucket: datanodefailurehandlingtest/datanodefailurehandlingtest, with Versioning false and Storage Type set to DISK and Encryption set to false 
2019-07-13 22:40:49,230 INFO  client.GrpcClientProtocolClient (GrpcClientProtocolClient.java:onNext(255)) - client-DB51645CCA22->f4ed6d0d-f181-40a8-83da-b6149e264565: receive RaftClientReply:client-DB51645CCA22->f4ed6d0d-f181-40a8-83da-b6149e264565@group-8C10937C5003, cid=28, FAILED org.apache.ratis.protocol.NotLeaderException: Server f4ed6d0d-f181-40a8-83da-b6149e264565 is not the leader (null). Request must be sent to leader., logIndex=0, commits[f4ed6d0d-f181-40a8-83da-b6149e264565:c-1]
2019-07-13 22:40:50,041 INFO  container.ReplicationManager (ReplicationManager.java:start(155)) - Starting Replication Monitor Thread.
2019-07-13 22:40:50,046 INFO  container.ReplicationManager (ReplicationManager.java:run(207)) - Replication Monitor Thread took 1 milliseconds for processing 1 containers.
2019-07-13 22:40:50,278 INFO  client.GrpcClientProtocolClient (GrpcClientProtocolClient.java:onNext(255)) - client-DB51645CCA22->17de1aae-21a5-40a4-b002-06c62bfdbe87: receive RaftClientReply:client-DB51645CCA22->17de1aae-21a5-40a4-b002-06c62bfdbe87@group-8C10937C5003, cid=28, FAILED org.apache.ratis.protocol.NotLeaderException: Server 17de1aae-21a5-40a4-b002-06c62bfdbe87 is not the leader (null). Request must be sent to leader., logIndex=0, commits[17de1aae-21a5-40a4-b002-06c62bfdbe87:c-1]
2019-07-13 22:40:51,313 INFO  client.GrpcClientProtocolClient (GrpcClientProtocolClient.java:onNext(255)) - client-DB51645CCA22->f4ed6d0d-f181-40a8-83da-b6149e264565: receive RaftClientReply:client-DB51645CCA22->f4ed6d0d-f181-40a8-83da-b6149e264565@group-8C10937C5003, cid=28, FAILED org.apache.ratis.protocol.NotLeaderException: Server f4ed6d0d-f181-40a8-83da-b6149e264565 is not the leader (null). Request must be sent to leader., logIndex=0, commits[f4ed6d0d-f181-40a8-83da-b6149e264565:c-1]
2019-07-13 22:40:52,311 INFO  impl.FollowerState (FollowerState.java:run(106)) - f4ed6d0d-f181-40a8-83da-b6149e264565:group-8904D3B4001E changes to CANDIDATE, lastRpcTime:5200, electionTimeout:5200ms
2019-07-13 22:40:52,312 INFO  impl.RoleInfo (RoleInfo.java:shutdownFollowerState(121)) - f4ed6d0d-f181-40a8-83da-b6149e264565: shutdown FollowerState
2019-07-13 22:40:52,312 INFO  impl.RaftServerImpl (RaftServerImpl.java:setRole(171)) - f4ed6d0d-f181-40a8-83da-b6149e264565:group-8904D3B4001E changes role from FOLLOWER to CANDIDATE at term 0 for changeToCandidate
2019-07-13 22:40:52,312 INFO  impl.RoleInfo (RoleInfo.java:updateAndGet(143)) - f4ed6d0d-f181-40a8-83da-b6149e264565: start LeaderElection
2019-07-13 22:40:52,350 INFO  impl.LeaderElection (LeaderElection.java:askForVotes(181)) - f4ed6d0d-f181-40a8-83da-b6149e264565:group-8904D3B4001E:LeaderElection14: begin an election at term 1 for -1: [f4ed6d0d-f181-40a8-83da-b6149e264565:192.168.5.159:41317], old=null
2019-07-13 22:40:52,350 INFO  impl.RoleInfo (RoleInfo.java:shutdownLeaderElection(134)) - f4ed6d0d-f181-40a8-83da-b6149e264565: shutdown LeaderElection
2019-07-13 22:40:52,350 INFO  impl.RaftServerImpl (RaftServerImpl.java:setRole(171)) - f4ed6d0d-f181-40a8-83da-b6149e264565:group-8904D3B4001E changes role from CANDIDATE to LEADER at term 1 for changeToLeader
2019-07-13 22:40:52,350 INFO  impl.RaftServerImpl (ServerState.java:setLeader(263)) - f4ed6d0d-f181-40a8-83da-b6149e264565:group-8904D3B4001E change Leader from null to f4ed6d0d-f181-40a8-83da-b6149e264565 at term 1 for becomeLeader, leader elected after 5245ms
2019-07-13 22:40:52,350 INFO  server.RaftServerConfigKeys (ConfUtils.java:logGet(43)) - raft.server.staging.catchup.gap = 1000 (default)
2019-07-13 22:40:52,351 INFO  server.RaftServerConfigKeys (ConfUtils.java:logGet(43)) - raft.server.rpc.sleep.time = 25ms (default)
2019-07-13 22:40:52,351 INFO  server.RaftServerConfigKeys (ConfUtils.java:logGet(43)) - raft.server.write.element-limit = 4096 (default)
2019-07-13 22:40:52,351 INFO  server.RaftServerConfigKeys (ConfUtils.java:logGet(43)) - raft.server.watch.timeout = 10s (default)
2019-07-13 22:40:52,351 INFO  server.RaftServerConfigKeys (ConfUtils.java:logGet(43)) - raft.server.watch.timeout.denomination = 1s (default)
2019-07-13 22:40:52,355 INFO  server.RaftServerConfigKeys (ConfUtils.java:logGet(43)) - raft.server.watch.element-limit = 65536 (default)
2019-07-13 22:40:52,356 INFO  impl.RoleInfo (RoleInfo.java:updateAndGet(143)) - f4ed6d0d-f181-40a8-83da-b6149e264565: start LeaderState
2019-07-13 22:40:52,356 INFO  segmented.SegmentedRaftLogWorker (SegmentedRaftLogWorker.java:startLogSegment(380)) - f4ed6d0d-f181-40a8-83da-b6149e264565-SegmentedRaftLogWorker:Storage Directory /tmp/workdir/hadoop-ozone/integration-test/target/test-dir/MiniOzoneClusterImpl-fafd0a6a-d653-4c63-bc60-dea908c2499e/datanode-0/data/ratis/d4ae1245-be72-4aa8-929f-8904d3b4001e: Starting segment from index:0
2019-07-13 22:40:52,356 INFO  client.GrpcClientProtocolClient (GrpcClientProtocolClient.java:onNext(255)) - client-DB51645CCA22->17de1aae-21a5-40a4-b002-06c62bfdbe87: receive RaftClientReply:client-DB51645CCA22->17de1aae-21a5-40a4-b002-06c62bfdbe87@group-8C10937C5003, cid=28, FAILED org.apache.ratis.protocol.NotLeaderException: Server 17de1aae-21a5-40a4-b002-06c62bfdbe87 is not the leader (null). Request must be sent to leader., logIndex=0, commits[17de1aae-21a5-40a4-b002-06c62bfdbe87:c-1]
2019-07-13 22:40:52,367 INFO  impl.RaftServerImpl (ServerState.java:setRaftConf(361)) - f4ed6d0d-f181-40a8-83da-b6149e264565:group-8904D3B4001E set configuration 0: [f4ed6d0d-f181-40a8-83da-b6149e264565:192.168.5.159:41317], old=null at 0
2019-07-13 22:40:52,410 INFO  impl.FollowerState (FollowerState.java:run(106)) - 1af4aae5-ae44-4ceb-9556-20accdc9cc2a:group-BFD7E922EE32 changes to CANDIDATE, lastRpcTime:5122, electionTimeout:5122ms
2019-07-13 22:40:52,410 INFO  impl.RoleInfo (RoleInfo.java:shutdownFollowerState(121)) - 1af4aae5-ae44-4ceb-9556-20accdc9cc2a: shutdown FollowerState
2019-07-13 22:40:52,410 INFO  impl.RaftServerImpl (RaftServerImpl.java:setRole(171)) - 1af4aae5-ae44-4ceb-9556-20accdc9cc2a:group-BFD7E922EE32 changes role from FOLLOWER to CANDIDATE at term 0 for changeToCandidate
2019-07-13 22:40:52,411 INFO  impl.RoleInfo (RoleInfo.java:updateAndGet(143)) - 1af4aae5-ae44-4ceb-9556-20accdc9cc2a: start LeaderElection
2019-07-13 22:40:52,417 INFO  segmented.SegmentedRaftLogWorker (SegmentedRaftLogWorker.java:execute(569)) - f4ed6d0d-f181-40a8-83da-b6149e264565-SegmentedRaftLogWorker:Storage Directory /tmp/workdir/hadoop-ozone/integration-test/target/test-dir/MiniOzoneClusterImpl-fafd0a6a-d653-4c63-bc60-dea908c2499e/datanode-0/data/ratis/d4ae1245-be72-4aa8-929f-8904d3b4001e: created new log segment /tmp/workdir/hadoop-ozone/integration-test/target/test-dir/MiniOzoneClusterImpl-fafd0a6a-d653-4c63-bc60-dea908c2499e/datanode-0/data/ratis/d4ae1245-be72-4aa8-929f-8904d3b4001e/current/log_inprogress_0
2019-07-13 22:40:52,431 INFO  impl.LeaderElection (LeaderElection.java:askForVotes(181)) - 1af4aae5-ae44-4ceb-9556-20accdc9cc2a:group-BFD7E922EE32:LeaderElection15: begin an election at term 1 for -1: [1af4aae5-ae44-4ceb-9556-20accdc9cc2a:192.168.5.159:35301], old=null
2019-07-13 22:40:52,431 INFO  impl.RoleInfo (RoleInfo.java:shutdownLeaderElection(134)) - 1af4aae5-ae44-4ceb-9556-20accdc9cc2a: shutdown LeaderElection
2019-07-13 22:40:52,431 INFO  impl.RaftServerImpl (RaftServerImpl.java:setRole(171)) - 1af4aae5-ae44-4ceb-9556-20accdc9cc2a:group-BFD7E922EE32 changes role from CANDIDATE to LEADER at term 1 for changeToLeader
2019-07-13 22:40:52,431 INFO  impl.RaftServerImpl (ServerState.java:setLeader(263)) - 1af4aae5-ae44-4ceb-9556-20accdc9cc2a:group-BFD7E922EE32 change Leader from null to 1af4aae5-ae44-4ceb-9556-20accdc9cc2a at term 1 for becomeLeader, leader elected after 5149ms
2019-07-13 22:40:52,431 INFO  server.RaftServerConfigKeys (ConfUtils.java:logGet(43)) - raft.server.staging.catchup.gap = 1000 (default)
2019-07-13 22:40:52,432 INFO  server.RaftServerConfigKeys (ConfUtils.java:logGet(43)) - raft.server.rpc.sleep.time = 25ms (default)
2019-07-13 22:40:52,432 INFO  server.RaftServerConfigKeys (ConfUtils.java:logGet(43)) - raft.server.write.element-limit = 4096 (default)
2019-07-13 22:40:52,432 INFO  server.RaftServerConfigKeys (ConfUtils.java:logGet(43)) - raft.server.watch.timeout = 10s (default)
2019-07-13 22:40:52,432 INFO  server.RaftServerConfigKeys (ConfUtils.java:logGet(43)) - raft.server.watch.timeout.denomination = 1s (default)
2019-07-13 22:40:52,432 INFO  server.RaftServerConfigKeys (ConfUtils.java:logGet(43)) - raft.server.watch.element-limit = 65536 (default)
2019-07-13 22:40:52,433 INFO  impl.RoleInfo (RoleInfo.java:updateAndGet(143)) - 1af4aae5-ae44-4ceb-9556-20accdc9cc2a: start LeaderState
2019-07-13 22:40:52,433 INFO  segmented.SegmentedRaftLogWorker (SegmentedRaftLogWorker.java:startLogSegment(380)) - 1af4aae5-ae44-4ceb-9556-20accdc9cc2a-SegmentedRaftLogWorker:Storage Directory /tmp/workdir/hadoop-ozone/integration-test/target/test-dir/MiniOzoneClusterImpl-fafd0a6a-d653-4c63-bc60-dea908c2499e/datanode-1/data/ratis/4b2b7e86-f374-42e5-9c80-bfd7e922ee32: Starting segment from index:0
2019-07-13 22:40:52,434 INFO  impl.RaftServerImpl (ServerState.java:setRaftConf(361)) - 1af4aae5-ae44-4ceb-9556-20accdc9cc2a:group-BFD7E922EE32 set configuration 0: [1af4aae5-ae44-4ceb-9556-20accdc9cc2a:192.168.5.159:35301], old=null at 0
2019-07-13 22:40:52,481 INFO  segmented.SegmentedRaftLogWorker (SegmentedRaftLogWorker.java:execute(569)) - 1af4aae5-ae44-4ceb-9556-20accdc9cc2a-SegmentedRaftLogWorker:Storage Directory /tmp/workdir/hadoop-ozone/integration-test/target/test-dir/MiniOzoneClusterImpl-fafd0a6a-d653-4c63-bc60-dea908c2499e/datanode-1/data/ratis/4b2b7e86-f374-42e5-9c80-bfd7e922ee32: created new log segment /tmp/workdir/hadoop-ozone/integration-test/target/test-dir/MiniOzoneClusterImpl-fafd0a6a-d653-4c63-bc60-dea908c2499e/datanode-1/data/ratis/4b2b7e86-f374-42e5-9c80-bfd7e922ee32/current/log_inprogress_0
2019-07-13 22:40:52,618 INFO  impl.FollowerState (FollowerState.java:run(106)) - 17de1aae-21a5-40a4-b002-06c62bfdbe87:group-D24B737EB031 changes to CANDIDATE, lastRpcTime:5092, electionTimeout:5092ms
2019-07-13 22:40:52,619 INFO  impl.RoleInfo (RoleInfo.java:shutdownFollowerState(121)) - 17de1aae-21a5-40a4-b002-06c62bfdbe87: shutdown FollowerState
2019-07-13 22:40:52,619 INFO  impl.RaftServerImpl (RaftServerImpl.java:setRole(171)) - 17de1aae-21a5-40a4-b002-06c62bfdbe87:group-D24B737EB031 changes role from FOLLOWER to CANDIDATE at term 0 for changeToCandidate
2019-07-13 22:40:52,619 INFO  impl.RoleInfo (RoleInfo.java:updateAndGet(143)) - 17de1aae-21a5-40a4-b002-06c62bfdbe87: start LeaderElection
2019-07-13 22:40:52,641 INFO  impl.FollowerState (FollowerState.java:run(106)) - 17de1aae-21a5-40a4-b002-06c62bfdbe87:group-8C10937C5003 changes to CANDIDATE, lastRpcTime:5030, electionTimeout:5024ms
2019-07-13 22:40:52,641 INFO  impl.LeaderElection (LeaderElection.java:askForVotes(181)) - 17de1aae-21a5-40a4-b002-06c62bfdbe87:group-D24B737EB031:LeaderElection16: begin an election at term 1 for -1: [17de1aae-21a5-40a4-b002-06c62bfdbe87:192.168.5.159:43605], old=null
2019-07-13 22:40:52,641 INFO  impl.RoleInfo (RoleInfo.java:shutdownFollowerState(121)) - 17de1aae-21a5-40a4-b002-06c62bfdbe87: shutdown FollowerState
2019-07-13 22:40:52,641 INFO  impl.RoleInfo (RoleInfo.java:shutdownLeaderElection(134)) - 17de1aae-21a5-40a4-b002-06c62bfdbe87: shutdown LeaderElection
2019-07-13 22:40:52,641 INFO  impl.RaftServerImpl (RaftServerImpl.java:setRole(171)) - 17de1aae-21a5-40a4-b002-06c62bfdbe87:group-8C10937C5003 changes role from FOLLOWER to CANDIDATE at term 0 for changeToCandidate
2019-07-13 22:40:52,641 INFO  impl.RaftServerImpl (RaftServerImpl.java:setRole(171)) - 17de1aae-21a5-40a4-b002-06c62bfdbe87:group-D24B737EB031 changes role from CANDIDATE to LEADER at term 1 for changeToLeader
2019-07-13 22:40:52,642 INFO  impl.RoleInfo (RoleInfo.java:updateAndGet(143)) - 17de1aae-21a5-40a4-b002-06c62bfdbe87: start LeaderElection
2019-07-13 22:40:52,642 INFO  impl.RaftServerImpl (ServerState.java:setLeader(263)) - 17de1aae-21a5-40a4-b002-06c62bfdbe87:group-D24B737EB031 change Leader from null to 17de1aae-21a5-40a4-b002-06c62bfdbe87 at term 1 for becomeLeader, leader elected after 5121ms
2019-07-13 22:40:52,642 INFO  server.RaftServerConfigKeys (ConfUtils.java:logGet(43)) - raft.server.staging.catchup.gap = 1000 (default)
2019-07-13 22:40:52,642 INFO  server.RaftServerConfigKeys (ConfUtils.java:logGet(43)) - raft.server.rpc.sleep.time = 25ms (default)
2019-07-13 22:40:52,646 INFO  server.RaftServerConfigKeys (ConfUtils.java:logGet(43)) - raft.server.write.element-limit = 4096 (default)
2019-07-13 22:40:52,646 INFO  server.RaftServerConfigKeys (ConfUtils.java:logGet(43)) - raft.server.watch.timeout = 10s (default)
2019-07-13 22:40:52,646 INFO  server.RaftServerConfigKeys (ConfUtils.java:logGet(43)) - raft.server.watch.timeout.denomination = 1s (default)
2019-07-13 22:40:52,647 INFO  server.RaftServerConfigKeys (ConfUtils.java:logGet(43)) - raft.server.watch.element-limit = 65536 (default)
2019-07-13 22:40:52,647 INFO  impl.RoleInfo (RoleInfo.java:updateAndGet(143)) - 17de1aae-21a5-40a4-b002-06c62bfdbe87: start LeaderState
2019-07-13 22:40:52,647 INFO  segmented.SegmentedRaftLogWorker (SegmentedRaftLogWorker.java:startLogSegment(380)) - 17de1aae-21a5-40a4-b002-06c62bfdbe87-SegmentedRaftLogWorker:Storage Directory /tmp/workdir/hadoop-ozone/integration-test/target/test-dir/MiniOzoneClusterImpl-fafd0a6a-d653-4c63-bc60-dea908c2499e/datanode-2/data/ratis/552101fe-447b-4b56-a990-d24b737eb031: Starting segment from index:0
2019-07-13 22:40:52,648 INFO  impl.RaftServerImpl (ServerState.java:setRaftConf(361)) - 17de1aae-21a5-40a4-b002-06c62bfdbe87:group-D24B737EB031 set configuration 0: [17de1aae-21a5-40a4-b002-06c62bfdbe87:192.168.5.159:43605], old=null at 0
2019-07-13 22:40:52,672 INFO  impl.LeaderElection (LeaderElection.java:askForVotes(181)) - 17de1aae-21a5-40a4-b002-06c62bfdbe87:group-8C10937C5003:LeaderElection17: begin an election at term 1 for -1: [1af4aae5-ae44-4ceb-9556-20accdc9cc2a:192.168.5.159:35301, 17de1aae-21a5-40a4-b002-06c62bfdbe87:192.168.5.159:43605, f4ed6d0d-f181-40a8-83da-b6149e264565:192.168.5.159:41317], old=null
2019-07-13 22:40:52,676 INFO  segmented.SegmentedRaftLogWorker (SegmentedRaftLogWorker.java:execute(569)) - 17de1aae-21a5-40a4-b002-06c62bfdbe87-SegmentedRaftLogWorker:Storage Directory /tmp/workdir/hadoop-ozone/integration-test/target/test-dir/MiniOzoneClusterImpl-fafd0a6a-d653-4c63-bc60-dea908c2499e/datanode-2/data/ratis/552101fe-447b-4b56-a990-d24b737eb031: created new log segment /tmp/workdir/hadoop-ozone/integration-test/target/test-dir/MiniOzoneClusterImpl-fafd0a6a-d653-4c63-bc60-dea908c2499e/datanode-2/data/ratis/552101fe-447b-4b56-a990-d24b737eb031/current/log_inprogress_0
2019-07-13 22:40:52,676 INFO  impl.FollowerState (FollowerState.java:run(106)) - 1af4aae5-ae44-4ceb-9556-20accdc9cc2a:group-8C10937C5003 changes to CANDIDATE, lastRpcTime:5068, electionTimeout:5068ms
2019-07-13 22:40:52,677 INFO  impl.RoleInfo (RoleInfo.java:shutdownFollowerState(121)) - 1af4aae5-ae44-4ceb-9556-20accdc9cc2a: shutdown FollowerState
2019-07-13 22:40:52,677 INFO  impl.RaftServerImpl (RaftServerImpl.java:setRole(171)) - 1af4aae5-ae44-4ceb-9556-20accdc9cc2a:group-8C10937C5003 changes role from FOLLOWER to CANDIDATE at term 0 for changeToCandidate
2019-07-13 22:40:52,677 INFO  impl.RoleInfo (RoleInfo.java:updateAndGet(143)) - 1af4aae5-ae44-4ceb-9556-20accdc9cc2a: start LeaderElection
2019-07-13 22:40:52,686 INFO  impl.RaftServerImpl (RaftServerImpl.java:setRole(171)) - f4ed6d0d-f181-40a8-83da-b6149e264565:group-8C10937C5003 changes role from FOLLOWER to FOLLOWER at term 1 for recognizeCandidate:17de1aae-21a5-40a4-b002-06c62bfdbe87
2019-07-13 22:40:52,686 INFO  impl.RoleInfo (RoleInfo.java:shutdownFollowerState(121)) - f4ed6d0d-f181-40a8-83da-b6149e264565: shutdown FollowerState
2019-07-13 22:40:52,686 INFO  impl.RoleInfo (RoleInfo.java:updateAndGet(143)) - f4ed6d0d-f181-40a8-83da-b6149e264565: start FollowerState
2019-07-13 22:40:52,686 INFO  impl.FollowerState (FollowerState.java:run(114)) - f4ed6d0d-f181-40a8-83da-b6149e264565: FollowerState was interrupted: java.lang.InterruptedException: sleep interrupted
2019-07-13 22:40:52,688 INFO  impl.LeaderElection (LeaderElection.java:askForVotes(181)) - 1af4aae5-ae44-4ceb-9556-20accdc9cc2a:group-8C10937C5003:LeaderElection18: begin an election at term 1 for -1: [1af4aae5-ae44-4ceb-9556-20accdc9cc2a:192.168.5.159:35301, 17de1aae-21a5-40a4-b002-06c62bfdbe87:192.168.5.159:43605, f4ed6d0d-f181-40a8-83da-b6149e264565:192.168.5.159:41317], old=null
2019-07-13 22:40:52,691 INFO  impl.LeaderElection (LeaderElection.java:logAndReturn(56)) - 17de1aae-21a5-40a4-b002-06c62bfdbe87:group-8C10937C5003:LeaderElection17: Election PASSED; received 2 response(s) [17de1aae-21a5-40a4-b002-06c62bfdbe87<-1af4aae5-ae44-4ceb-9556-20accdc9cc2a#0:FAIL-t1, 17de1aae-21a5-40a4-b002-06c62bfdbe87<-f4ed6d0d-f181-40a8-83da-b6149e264565#0:OK-t1] and 0 exception(s); 17de1aae-21a5-40a4-b002-06c62bfdbe87:t1, leader=null, voted=17de1aae-21a5-40a4-b002-06c62bfdbe87, raftlog=17de1aae-21a5-40a4-b002-06c62bfdbe87-SegmentedRaftLog:OPENED:c-1,f-1,i0, conf=-1: [1af4aae5-ae44-4ceb-9556-20accdc9cc2a:192.168.5.159:35301, 17de1aae-21a5-40a4-b002-06c62bfdbe87:192.168.5.159:43605, f4ed6d0d-f181-40a8-83da-b6149e264565:192.168.5.159:41317], old=null
2019-07-13 22:40:52,692 INFO  impl.RoleInfo (RoleInfo.java:shutdownLeaderElection(134)) - 17de1aae-21a5-40a4-b002-06c62bfdbe87: shutdown LeaderElection
2019-07-13 22:40:52,699 INFO  impl.RaftServerImpl (RaftServerImpl.java:setRole(171)) - 17de1aae-21a5-40a4-b002-06c62bfdbe87:group-8C10937C5003 changes role from CANDIDATE to LEADER at term 1 for changeToLeader
2019-07-13 22:40:52,699 INFO  impl.RaftServerImpl (ServerState.java:setLeader(263)) - 17de1aae-21a5-40a4-b002-06c62bfdbe87:group-8C10937C5003 change Leader from null to 17de1aae-21a5-40a4-b002-06c62bfdbe87 at term 1 for becomeLeader, leader elected after 5102ms
2019-07-13 22:40:52,699 INFO  server.RaftServerConfigKeys (ConfUtils.java:logGet(43)) - raft.server.staging.catchup.gap = 1000 (default)
2019-07-13 22:40:52,699 INFO  server.RaftServerConfigKeys (ConfUtils.java:logGet(43)) - raft.server.rpc.sleep.time = 25ms (default)
2019-07-13 22:40:52,699 INFO  server.RaftServerConfigKeys (ConfUtils.java:logGet(43)) - raft.server.write.element-limit = 4096 (default)
2019-07-13 22:40:52,700 INFO  server.RaftServerConfigKeys (ConfUtils.java:logGet(43)) - raft.server.watch.timeout = 10s (default)
2019-07-13 22:40:52,701 INFO  server.RaftServerConfigKeys (ConfUtils.java:logGet(43)) - raft.server.watch.timeout.denomination = 1s (default)
2019-07-13 22:40:52,701 INFO  server.RaftServerConfigKeys (ConfUtils.java:logGet(43)) - raft.server.watch.element-limit = 65536 (default)
2019-07-13 22:40:52,701 INFO  server.RaftServerConfigKeys (ConfUtils.java:logGet(43)) - raft.server.log.appender.snapshot.chunk.size.max = 16MB (=16777216) (default)
2019-07-13 22:40:52,701 INFO  server.RaftServerConfigKeys (ConfUtils.java:logGet(43)) - raft.server.log.appender.buffer.byte-limit = 33554432 (custom)
2019-07-13 22:40:52,702 INFO  server.RaftServerConfigKeys (ConfUtils.java:logGet(43)) - raft.server.log.appender.buffer.element-limit = 1 (custom)
2019-07-13 22:40:52,702 INFO  grpc.GrpcConfigKeys$Server (ConfUtils.java:logGet(43)) - raft.grpc.server.leader.outstanding.appends.max = 128 (default)
2019-07-13 22:40:52,702 INFO  server.RaftServerConfigKeys (ConfUtils.java:logGet(43)) - raft.server.rpc.request.timeout = 3000ms (default)
2019-07-13 22:40:52,702 INFO  server.RaftServerConfigKeys (ConfUtils.java:logGet(43)) - raft.server.log.appender.install.snapshot.enabled = false (custom)
2019-07-13 22:40:52,703 INFO  server.RaftServerConfigKeys (ConfUtils.java:logGet(43)) - raft.server.log.appender.snapshot.chunk.size.max = 16MB (=16777216) (default)
2019-07-13 22:40:52,703 INFO  server.RaftServerConfigKeys (ConfUtils.java:logGet(43)) - raft.server.log.appender.buffer.byte-limit = 33554432 (custom)
2019-07-13 22:40:52,703 INFO  server.RaftServerConfigKeys (ConfUtils.java:logGet(43)) - raft.server.log.appender.buffer.element-limit = 1 (custom)
2019-07-13 22:40:52,703 INFO  grpc.GrpcConfigKeys$Server (ConfUtils.java:logGet(43)) - raft.grpc.server.leader.outstanding.appends.max = 128 (default)
2019-07-13 22:40:52,704 INFO  server.RaftServerConfigKeys (ConfUtils.java:logGet(43)) - raft.server.rpc.request.timeout = 3000ms (default)
2019-07-13 22:40:52,704 INFO  server.RaftServerConfigKeys (ConfUtils.java:logGet(43)) - raft.server.log.appender.install.snapshot.enabled = false (custom)
2019-07-13 22:40:52,704 INFO  impl.RoleInfo (RoleInfo.java:updateAndGet(143)) - 17de1aae-21a5-40a4-b002-06c62bfdbe87: start LeaderState
2019-07-13 22:40:52,704 INFO  segmented.SegmentedRaftLogWorker (SegmentedRaftLogWorker.java:startLogSegment(380)) - 17de1aae-21a5-40a4-b002-06c62bfdbe87-SegmentedRaftLogWorker:Storage Directory /tmp/workdir/hadoop-ozone/integration-test/target/test-dir/MiniOzoneClusterImpl-fafd0a6a-d653-4c63-bc60-dea908c2499e/datanode-2/data/ratis/d2d4ee62-7116-406d-9232-8c10937c5003: Starting segment from index:0
2019-07-13 22:40:52,706 INFO  impl.RaftServerImpl (ServerState.java:setRaftConf(361)) - 17de1aae-21a5-40a4-b002-06c62bfdbe87:group-8C10937C5003 set configuration 0: [1af4aae5-ae44-4ceb-9556-20accdc9cc2a:192.168.5.159:35301, 17de1aae-21a5-40a4-b002-06c62bfdbe87:192.168.5.159:43605, f4ed6d0d-f181-40a8-83da-b6149e264565:192.168.5.159:41317], old=null at 0
2019-07-13 22:40:52,726 INFO  impl.RaftServerImpl (RaftServerImpl.java:requestVote(754)) - 17de1aae-21a5-40a4-b002-06c62bfdbe87-LEADER: Withhold vote from candidate 1af4aae5-ae44-4ceb-9556-20accdc9cc2a with term 1. State: leader=17de1aae-21a5-40a4-b002-06c62bfdbe87, term=1, lastRpcElapsed=null
2019-07-13 22:40:52,731 INFO  impl.RaftServerImpl (ServerState.java:setLeader(263)) - f4ed6d0d-f181-40a8-83da-b6149e264565:group-8C10937C5003 change Leader from null to 17de1aae-21a5-40a4-b002-06c62bfdbe87 at term 1 for appendEntries, leader elected after 5144ms
2019-07-13 22:40:52,731 INFO  segmented.SegmentedRaftLogWorker (SegmentedRaftLogWorker.java:execute(569)) - 17de1aae-21a5-40a4-b002-06c62bfdbe87-SegmentedRaftLogWorker:Storage Directory /tmp/workdir/hadoop-ozone/integration-test/target/test-dir/MiniOzoneClusterImpl-fafd0a6a-d653-4c63-bc60-dea908c2499e/datanode-2/data/ratis/d2d4ee62-7116-406d-9232-8c10937c5003: created new log segment /tmp/workdir/hadoop-ozone/integration-test/target/test-dir/MiniOzoneClusterImpl-fafd0a6a-d653-4c63-bc60-dea908c2499e/datanode-2/data/ratis/d2d4ee62-7116-406d-9232-8c10937c5003/current/log_inprogress_0
2019-07-13 22:40:52,732 INFO  impl.LeaderElection (LeaderElection.java:logAndReturn(56)) - 1af4aae5-ae44-4ceb-9556-20accdc9cc2a:group-8C10937C5003:LeaderElection18: Election REJECTED; received 2 response(s) [1af4aae5-ae44-4ceb-9556-20accdc9cc2a<-17de1aae-21a5-40a4-b002-06c62bfdbe87#0:FAIL-t1, 1af4aae5-ae44-4ceb-9556-20accdc9cc2a<-f4ed6d0d-f181-40a8-83da-b6149e264565#0:FAIL-t1] and 0 exception(s); 1af4aae5-ae44-4ceb-9556-20accdc9cc2a:t1, leader=null, voted=1af4aae5-ae44-4ceb-9556-20accdc9cc2a, raftlog=1af4aae5-ae44-4ceb-9556-20accdc9cc2a-SegmentedRaftLog:OPENED:c-1,f-1,i0, conf=-1: [1af4aae5-ae44-4ceb-9556-20accdc9cc2a:192.168.5.159:35301, 17de1aae-21a5-40a4-b002-06c62bfdbe87:192.168.5.159:43605, f4ed6d0d-f181-40a8-83da-b6149e264565:192.168.5.159:41317], old=null
2019-07-13 22:40:52,732 INFO  impl.RaftServerImpl (RaftServerImpl.java:setRole(171)) - 1af4aae5-ae44-4ceb-9556-20accdc9cc2a:group-8C10937C5003 changes role from CANDIDATE to FOLLOWER at term 1 for appendEntries
2019-07-13 22:40:52,739 INFO  impl.RoleInfo (RoleInfo.java:shutdownLeaderElection(134)) - 1af4aae5-ae44-4ceb-9556-20accdc9cc2a: shutdown LeaderElection
2019-07-13 22:40:52,739 INFO  impl.RoleInfo (RoleInfo.java:updateAndGet(143)) - 1af4aae5-ae44-4ceb-9556-20accdc9cc2a: start FollowerState
2019-07-13 22:40:52,740 INFO  impl.RaftServerImpl (ServerState.java:setLeader(263)) - 1af4aae5-ae44-4ceb-9556-20accdc9cc2a:group-8C10937C5003 change Leader from null to 17de1aae-21a5-40a4-b002-06c62bfdbe87 at term 1 for appendEntries, leader elected after 5154ms
2019-07-13 22:40:52,744 INFO  impl.RaftServerImpl (ServerState.java:setRaftConf(361)) - f4ed6d0d-f181-40a8-83da-b6149e264565:group-8C10937C5003 set configuration 0: [1af4aae5-ae44-4ceb-9556-20accdc9cc2a:192.168.5.159:35301, 17de1aae-21a5-40a4-b002-06c62bfdbe87:192.168.5.159:43605, f4ed6d0d-f181-40a8-83da-b6149e264565:192.168.5.159:41317], old=null at 0
2019-07-13 22:40:52,744 INFO  segmented.SegmentedRaftLogWorker (SegmentedRaftLogWorker.java:startLogSegment(380)) - f4ed6d0d-f181-40a8-83da-b6149e264565-SegmentedRaftLogWorker:Storage Directory /tmp/workdir/hadoop-ozone/integration-test/target/test-dir/MiniOzoneClusterImpl-fafd0a6a-d653-4c63-bc60-dea908c2499e/datanode-0/data/ratis/d2d4ee62-7116-406d-9232-8c10937c5003: Starting segment from index:0
2019-07-13 22:40:52,746 INFO  impl.RaftServerImpl (ServerState.java:setRaftConf(361)) - 1af4aae5-ae44-4ceb-9556-20accdc9cc2a:group-8C10937C5003 set configuration 0: [1af4aae5-ae44-4ceb-9556-20accdc9cc2a:192.168.5.159:35301, 17de1aae-21a5-40a4-b002-06c62bfdbe87:192.168.5.159:43605, f4ed6d0d-f181-40a8-83da-b6149e264565:192.168.5.159:41317], old=null at 0
2019-07-13 22:40:52,746 INFO  segmented.SegmentedRaftLogWorker (SegmentedRaftLogWorker.java:startLogSegment(380)) - 1af4aae5-ae44-4ceb-9556-20accdc9cc2a-SegmentedRaftLogWorker:Storage Directory /tmp/workdir/hadoop-ozone/integration-test/target/test-dir/MiniOzoneClusterImpl-fafd0a6a-d653-4c63-bc60-dea908c2499e/datanode-1/data/ratis/d2d4ee62-7116-406d-9232-8c10937c5003: Starting segment from index:0
2019-07-13 22:40:52,764 INFO  impl.FollowerState (FollowerState.java:run(106)) - 723b3352-36b7-460d-8817-3834fb80500e:group-41C8A9D95256 changes to CANDIDATE, lastRpcTime:5017, electionTimeout:5017ms
2019-07-13 22:40:52,764 INFO  impl.RoleInfo (RoleInfo.java:shutdownFollowerState(121)) - 723b3352-36b7-460d-8817-3834fb80500e: shutdown FollowerState
2019-07-13 22:40:52,764 INFO  impl.RaftServerImpl (RaftServerImpl.java:setRole(171)) - 723b3352-36b7-460d-8817-3834fb80500e:group-41C8A9D95256 changes role from FOLLOWER to CANDIDATE at term 0 for changeToCandidate
2019-07-13 22:40:52,765 INFO  impl.RoleInfo (RoleInfo.java:updateAndGet(143)) - 723b3352-36b7-460d-8817-3834fb80500e: start LeaderElection
2019-07-13 22:40:52,772 INFO  segmented.SegmentedRaftLogWorker (SegmentedRaftLogWorker.java:execute(569)) - 1af4aae5-ae44-4ceb-9556-20accdc9cc2a-SegmentedRaftLogWorker:Storage Directory /tmp/workdir/hadoop-ozone/integration-test/target/test-dir/MiniOzoneClusterImpl-fafd0a6a-d653-4c63-bc60-dea908c2499e/datanode-1/data/ratis/d2d4ee62-7116-406d-9232-8c10937c5003: created new log segment /tmp/workdir/hadoop-ozone/integration-test/target/test-dir/MiniOzoneClusterImpl-fafd0a6a-d653-4c63-bc60-dea908c2499e/datanode-1/data/ratis/d2d4ee62-7116-406d-9232-8c10937c5003/current/log_inprogress_0
2019-07-13 22:40:52,772 INFO  segmented.SegmentedRaftLogWorker (SegmentedRaftLogWorker.java:execute(569)) - f4ed6d0d-f181-40a8-83da-b6149e264565-SegmentedRaftLogWorker:Storage Directory /tmp/workdir/hadoop-ozone/integration-test/target/test-dir/MiniOzoneClusterImpl-fafd0a6a-d653-4c63-bc60-dea908c2499e/datanode-0/data/ratis/d2d4ee62-7116-406d-9232-8c10937c5003: created new log segment /tmp/workdir/hadoop-ozone/integration-test/target/test-dir/MiniOzoneClusterImpl-fafd0a6a-d653-4c63-bc60-dea908c2499e/datanode-0/data/ratis/d2d4ee62-7116-406d-9232-8c10937c5003/current/log_inprogress_0
2019-07-13 22:40:52,778 INFO  impl.LeaderElection (LeaderElection.java:askForVotes(181)) - 723b3352-36b7-460d-8817-3834fb80500e:group-41C8A9D95256:LeaderElection19: begin an election at term 1 for -1: [723b3352-36b7-460d-8817-3834fb80500e:192.168.5.159:36621], old=null
2019-07-13 22:40:52,778 INFO  impl.RoleInfo (RoleInfo.java:shutdownLeaderElection(134)) - 723b3352-36b7-460d-8817-3834fb80500e: shutdown LeaderElection
2019-07-13 22:40:52,778 INFO  impl.RaftServerImpl (RaftServerImpl.java:setRole(171)) - 723b3352-36b7-460d-8817-3834fb80500e:group-41C8A9D95256 changes role from CANDIDATE to LEADER at term 1 for changeToLeader
2019-07-13 22:40:52,779 INFO  impl.RaftServerImpl (ServerState.java:setLeader(263)) - 723b3352-36b7-460d-8817-3834fb80500e:group-41C8A9D95256 change Leader from null to 723b3352-36b7-460d-8817-3834fb80500e at term 1 for becomeLeader, leader elected after 5037ms
2019-07-13 22:40:52,779 INFO  server.RaftServerConfigKeys (ConfUtils.java:logGet(43)) - raft.server.staging.catchup.gap = 1000 (default)
2019-07-13 22:40:52,779 INFO  server.RaftServerConfigKeys (ConfUtils.java:logGet(43)) - raft.server.rpc.sleep.time = 25ms (default)
2019-07-13 22:40:52,779 INFO  server.RaftServerConfigKeys (ConfUtils.java:logGet(43)) - raft.server.write.element-limit = 4096 (default)
2019-07-13 22:40:52,779 INFO  server.RaftServerConfigKeys (ConfUtils.java:logGet(43)) - raft.server.watch.timeout = 10s (default)
2019-07-13 22:40:52,780 INFO  server.RaftServerConfigKeys (ConfUtils.java:logGet(43)) - raft.server.watch.timeout.denomination = 1s (default)
2019-07-13 22:40:52,780 INFO  server.RaftServerConfigKeys (ConfUtils.java:logGet(43)) - raft.server.watch.element-limit = 65536 (default)
2019-07-13 22:40:52,780 INFO  impl.RoleInfo (RoleInfo.java:updateAndGet(143)) - 723b3352-36b7-460d-8817-3834fb80500e: start LeaderState
2019-07-13 22:40:52,780 INFO  segmented.SegmentedRaftLogWorker (SegmentedRaftLogWorker.java:startLogSegment(380)) - 723b3352-36b7-460d-8817-3834fb80500e-SegmentedRaftLogWorker:Storage Directory /tmp/workdir/hadoop-ozone/integration-test/target/test-dir/MiniOzoneClusterImpl-fafd0a6a-d653-4c63-bc60-dea908c2499e/datanode-3/data/ratis/a939ad65-0467-45ae-9cdc-41c8a9d95256: Starting segment from index:0
2019-07-13 22:40:52,781 INFO  impl.RaftServerImpl (ServerState.java:setRaftConf(361)) - 723b3352-36b7-460d-8817-3834fb80500e:group-41C8A9D95256 set configuration 0: [723b3352-36b7-460d-8817-3834fb80500e:192.168.5.159:36621], old=null at 0
2019-07-13 22:40:52,807 INFO  segmented.SegmentedRaftLogWorker (SegmentedRaftLogWorker.java:execute(569)) - 723b3352-36b7-460d-8817-3834fb80500e-SegmentedRaftLogWorker:Storage Directory /tmp/workdir/hadoop-ozone/integration-test/target/test-dir/MiniOzoneClusterImpl-fafd0a6a-d653-4c63-bc60-dea908c2499e/datanode-3/data/ratis/a939ad65-0467-45ae-9cdc-41c8a9d95256: created new log segment /tmp/workdir/hadoop-ozone/integration-test/target/test-dir/MiniOzoneClusterImpl-fafd0a6a-d653-4c63-bc60-dea908c2499e/datanode-3/data/ratis/a939ad65-0467-45ae-9cdc-41c8a9d95256/current/log_inprogress_0
2019-07-13 22:40:53,133 INFO  impl.FollowerState (FollowerState.java:run(106)) - 778b5faa-b562-469a-b3c2-181dac0309f1:group-57C6F4B6E724 changes to CANDIDATE, lastRpcTime:5177, electionTimeout:5176ms
2019-07-13 22:40:53,133 INFO  impl.RoleInfo (RoleInfo.java:shutdownFollowerState(121)) - 778b5faa-b562-469a-b3c2-181dac0309f1: shutdown FollowerState
2019-07-13 22:40:53,134 INFO  impl.RaftServerImpl (RaftServerImpl.java:setRole(171)) - 778b5faa-b562-469a-b3c2-181dac0309f1:group-57C6F4B6E724 changes role from FOLLOWER to CANDIDATE at term 0 for changeToCandidate
2019-07-13 22:40:53,134 INFO  impl.RoleInfo (RoleInfo.java:updateAndGet(143)) - 778b5faa-b562-469a-b3c2-181dac0309f1: start LeaderElection
2019-07-13 22:40:53,170 INFO  impl.LeaderElection (LeaderElection.java:askForVotes(181)) - 778b5faa-b562-469a-b3c2-181dac0309f1:group-57C6F4B6E724:LeaderElection20: begin an election at term 1 for -1: [778b5faa-b562-469a-b3c2-181dac0309f1:192.168.5.159:33021], old=null
2019-07-13 22:40:53,170 INFO  impl.RoleInfo (RoleInfo.java:shutdownLeaderElection(134)) - 778b5faa-b562-469a-b3c2-181dac0309f1: shutdown LeaderElection
2019-07-13 22:40:53,170 INFO  impl.RaftServerImpl (RaftServerImpl.java:setRole(171)) - 778b5faa-b562-469a-b3c2-181dac0309f1:group-57C6F4B6E724 changes role from CANDIDATE to LEADER at term 1 for changeToLeader
2019-07-13 22:40:53,170 INFO  impl.RaftServerImpl (ServerState.java:setLeader(263)) - 778b5faa-b562-469a-b3c2-181dac0309f1:group-57C6F4B6E724 change Leader from null to 778b5faa-b562-469a-b3c2-181dac0309f1 at term 1 for becomeLeader, leader elected after 5220ms
2019-07-13 22:40:53,171 INFO  server.RaftServerConfigKeys (ConfUtils.java:logGet(43)) - raft.server.staging.catchup.gap = 1000 (default)
2019-07-13 22:40:53,171 INFO  server.RaftServerConfigKeys (ConfUtils.java:logGet(43)) - raft.server.rpc.sleep.time = 25ms (default)
2019-07-13 22:40:53,171 INFO  server.RaftServerConfigKeys (ConfUtils.java:logGet(43)) - raft.server.write.element-limit = 4096 (default)
2019-07-13 22:40:53,171 INFO  server.RaftServerConfigKeys (ConfUtils.java:logGet(43)) - raft.server.watch.timeout = 10s (default)
2019-07-13 22:40:53,171 INFO  server.RaftServerConfigKeys (ConfUtils.java:logGet(43)) - raft.server.watch.timeout.denomination = 1s (default)
2019-07-13 22:40:53,172 INFO  server.RaftServerConfigKeys (ConfUtils.java:logGet(43)) - raft.server.watch.element-limit = 65536 (default)
2019-07-13 22:40:53,172 INFO  impl.RoleInfo (RoleInfo.java:updateAndGet(143)) - 778b5faa-b562-469a-b3c2-181dac0309f1: start LeaderState
2019-07-13 22:40:53,172 INFO  segmented.SegmentedRaftLogWorker (SegmentedRaftLogWorker.java:startLogSegment(380)) - 778b5faa-b562-469a-b3c2-181dac0309f1-SegmentedRaftLogWorker:Storage Directory /tmp/workdir/hadoop-ozone/integration-test/target/test-dir/MiniOzoneClusterImpl-fafd0a6a-d653-4c63-bc60-dea908c2499e/datanode-4/data/ratis/525fe52d-e6ea-422e-946a-57c6f4b6e724: Starting segment from index:0
2019-07-13 22:40:53,173 INFO  impl.RaftServerImpl (ServerState.java:setRaftConf(361)) - 778b5faa-b562-469a-b3c2-181dac0309f1:group-57C6F4B6E724 set configuration 0: [778b5faa-b562-469a-b3c2-181dac0309f1:192.168.5.159:33021], old=null at 0
2019-07-13 22:40:53,202 INFO  segmented.SegmentedRaftLogWorker (SegmentedRaftLogWorker.java:execute(569)) - 778b5faa-b562-469a-b3c2-181dac0309f1-SegmentedRaftLogWorker:Storage Directory /tmp/workdir/hadoop-ozone/integration-test/target/test-dir/MiniOzoneClusterImpl-fafd0a6a-d653-4c63-bc60-dea908c2499e/datanode-4/data/ratis/525fe52d-e6ea-422e-946a-57c6f4b6e724: created new log segment /tmp/workdir/hadoop-ozone/integration-test/target/test-dir/MiniOzoneClusterImpl-fafd0a6a-d653-4c63-bc60-dea908c2499e/datanode-4/data/ratis/525fe52d-e6ea-422e-946a-57c6f4b6e724/current/log_inprogress_0
2019-07-13 22:40:53,251 INFO  impl.FollowerState (FollowerState.java:run(106)) - 0f5cdf0c-e27a-4fcf-8d3a-132f8c694150:group-6EB99DC2DD26 changes to CANDIDATE, lastRpcTime:5124, electionTimeout:5124ms
2019-07-13 22:40:53,251 INFO  impl.RoleInfo (RoleInfo.java:shutdownFollowerState(121)) - 0f5cdf0c-e27a-4fcf-8d3a-132f8c694150: shutdown FollowerState
2019-07-13 22:40:53,251 INFO  impl.RaftServerImpl (RaftServerImpl.java:setRole(171)) - 0f5cdf0c-e27a-4fcf-8d3a-132f8c694150:group-6EB99DC2DD26 changes role from FOLLOWER to CANDIDATE at term 0 for changeToCandidate
2019-07-13 22:40:53,252 INFO  impl.RoleInfo (RoleInfo.java:updateAndGet(143)) - 0f5cdf0c-e27a-4fcf-8d3a-132f8c694150: start LeaderElection
2019-07-13 22:40:53,271 INFO  impl.LeaderElection (LeaderElection.java:askForVotes(181)) - 0f5cdf0c-e27a-4fcf-8d3a-132f8c694150:group-6EB99DC2DD26:LeaderElection21: begin an election at term 1 for -1: [0f5cdf0c-e27a-4fcf-8d3a-132f8c694150:192.168.5.159:44751], old=null
2019-07-13 22:40:53,271 INFO  impl.RoleInfo (RoleInfo.java:shutdownLeaderElection(134)) - 0f5cdf0c-e27a-4fcf-8d3a-132f8c694150: shutdown LeaderElection
2019-07-13 22:40:53,271 INFO  impl.RaftServerImpl (RaftServerImpl.java:setRole(171)) - 0f5cdf0c-e27a-4fcf-8d3a-132f8c694150:group-6EB99DC2DD26 changes role from CANDIDATE to LEADER at term 1 for changeToLeader
2019-07-13 22:40:53,272 INFO  impl.RaftServerImpl (ServerState.java:setLeader(263)) - 0f5cdf0c-e27a-4fcf-8d3a-132f8c694150:group-6EB99DC2DD26 change Leader from null to 0f5cdf0c-e27a-4fcf-8d3a-132f8c694150 at term 1 for becomeLeader, leader elected after 5150ms
2019-07-13 22:40:53,272 INFO  server.RaftServerConfigKeys (ConfUtils.java:logGet(43)) - raft.server.staging.catchup.gap = 1000 (default)
2019-07-13 22:40:53,272 INFO  server.RaftServerConfigKeys (ConfUtils.java:logGet(43)) - raft.server.rpc.sleep.time = 25ms (default)
2019-07-13 22:40:53,272 INFO  server.RaftServerConfigKeys (ConfUtils.java:logGet(43)) - raft.server.write.element-limit = 4096 (default)
2019-07-13 22:40:53,272 INFO  server.RaftServerConfigKeys (ConfUtils.java:logGet(43)) - raft.server.watch.timeout = 10s (default)
2019-07-13 22:40:53,272 INFO  server.RaftServerConfigKeys (ConfUtils.java:logGet(43)) - raft.server.watch.timeout.denomination = 1s (default)
2019-07-13 22:40:53,273 INFO  server.RaftServerConfigKeys (ConfUtils.java:logGet(43)) - raft.server.watch.element-limit = 65536 (default)
2019-07-13 22:40:53,273 INFO  impl.RoleInfo (RoleInfo.java:updateAndGet(143)) - 0f5cdf0c-e27a-4fcf-8d3a-132f8c694150: start LeaderState
2019-07-13 22:40:53,273 INFO  segmented.SegmentedRaftLogWorker (SegmentedRaftLogWorker.java:startLogSegment(380)) - 0f5cdf0c-e27a-4fcf-8d3a-132f8c694150-SegmentedRaftLogWorker:Storage Directory /tmp/workdir/hadoop-ozone/integration-test/target/test-dir/MiniOzoneClusterImpl-fafd0a6a-d653-4c63-bc60-dea908c2499e/datanode-5/data/ratis/d835a0c5-2a27-4f0c-aa70-6eb99dc2dd26: Starting segment from index:0
2019-07-13 22:40:53,274 INFO  impl.RaftServerImpl (ServerState.java:setRaftConf(361)) - 0f5cdf0c-e27a-4fcf-8d3a-132f8c694150:group-6EB99DC2DD26 set configuration 0: [0f5cdf0c-e27a-4fcf-8d3a-132f8c694150:192.168.5.159:44751], old=null at 0
2019-07-13 22:40:53,308 INFO  segmented.SegmentedRaftLogWorker (SegmentedRaftLogWorker.java:execute(569)) - 0f5cdf0c-e27a-4fcf-8d3a-132f8c694150-SegmentedRaftLogWorker:Storage Directory /tmp/workdir/hadoop-ozone/integration-test/target/test-dir/MiniOzoneClusterImpl-fafd0a6a-d653-4c63-bc60-dea908c2499e/datanode-5/data/ratis/d835a0c5-2a27-4f0c-aa70-6eb99dc2dd26: created new log segment /tmp/workdir/hadoop-ozone/integration-test/target/test-dir/MiniOzoneClusterImpl-fafd0a6a-d653-4c63-bc60-dea908c2499e/datanode-5/data/ratis/d835a0c5-2a27-4f0c-aa70-6eb99dc2dd26/current/log_inprogress_0
2019-07-13 22:40:53,309 INFO  impl.FollowerState (FollowerState.java:run(106)) - 723b3352-36b7-460d-8817-3834fb80500e:group-DD7B2EB84DA5 changes to CANDIDATE, lastRpcTime:5090, electionTimeout:5090ms
2019-07-13 22:40:53,309 INFO  impl.RoleInfo (RoleInfo.java:shutdownFollowerState(121)) - 723b3352-36b7-460d-8817-3834fb80500e: shutdown FollowerState
2019-07-13 22:40:53,309 INFO  impl.RaftServerImpl (RaftServerImpl.java:setRole(171)) - 723b3352-36b7-460d-8817-3834fb80500e:group-DD7B2EB84DA5 changes role from FOLLOWER to CANDIDATE at term 0 for changeToCandidate
2019-07-13 22:40:53,309 INFO  impl.RoleInfo (RoleInfo.java:updateAndGet(143)) - 723b3352-36b7-460d-8817-3834fb80500e: start LeaderElection
2019-07-13 22:40:53,317 INFO  impl.LeaderElection (LeaderElection.java:askForVotes(181)) - 723b3352-36b7-460d-8817-3834fb80500e:group-DD7B2EB84DA5:LeaderElection22: begin an election at term 1 for -1: [778b5faa-b562-469a-b3c2-181dac0309f1:192.168.5.159:33021, 0f5cdf0c-e27a-4fcf-8d3a-132f8c694150:192.168.5.159:44751, 723b3352-36b7-460d-8817-3834fb80500e:192.168.5.159:36621], old=null
2019-07-13 22:40:53,317 INFO  impl.FollowerState (FollowerState.java:run(106)) - 778b5faa-b562-469a-b3c2-181dac0309f1:group-DD7B2EB84DA5 changes to CANDIDATE, lastRpcTime:5090, electionTimeout:5090ms
2019-07-13 22:40:53,318 INFO  impl.RoleInfo (RoleInfo.java:shutdownFollowerState(121)) - 778b5faa-b562-469a-b3c2-181dac0309f1: shutdown FollowerState
2019-07-13 22:40:53,318 INFO  impl.RaftServerImpl (RaftServerImpl.java:setRole(171)) - 778b5faa-b562-469a-b3c2-181dac0309f1:group-DD7B2EB84DA5 changes role from FOLLOWER to CANDIDATE at term 0 for changeToCandidate
2019-07-13 22:40:53,318 INFO  impl.RoleInfo (RoleInfo.java:updateAndGet(143)) - 778b5faa-b562-469a-b3c2-181dac0309f1: start LeaderElection
2019-07-13 22:40:53,322 INFO  impl.FollowerState (FollowerState.java:run(106)) - 0f5cdf0c-e27a-4fcf-8d3a-132f8c694150:group-DD7B2EB84DA5 changes to CANDIDATE, lastRpcTime:5094, electionTimeout:5094ms
2019-07-13 22:40:53,322 INFO  impl.RoleInfo (RoleInfo.java:shutdownFollowerState(121)) - 0f5cdf0c-e27a-4fcf-8d3a-132f8c694150: shutdown FollowerState
2019-07-13 22:40:53,322 INFO  impl.RaftServerImpl (RaftServerImpl.java:setRole(171)) - 0f5cdf0c-e27a-4fcf-8d3a-132f8c694150:group-DD7B2EB84DA5 changes role from FOLLOWER to CANDIDATE at term 0 for changeToCandidate
2019-07-13 22:40:53,322 INFO  impl.RoleInfo (RoleInfo.java:updateAndGet(143)) - 0f5cdf0c-e27a-4fcf-8d3a-132f8c694150: start LeaderElection
2019-07-13 22:40:53,326 INFO  impl.LeaderElection (LeaderElection.java:askForVotes(181)) - 778b5faa-b562-469a-b3c2-181dac0309f1:group-DD7B2EB84DA5:LeaderElection23: begin an election at term 1 for -1: [778b5faa-b562-469a-b3c2-181dac0309f1:192.168.5.159:33021, 0f5cdf0c-e27a-4fcf-8d3a-132f8c694150:192.168.5.159:44751, 723b3352-36b7-460d-8817-3834fb80500e:192.168.5.159:36621], old=null
2019-07-13 22:40:53,329 INFO  impl.LeaderElection (LeaderElection.java:askForVotes(181)) - 0f5cdf0c-e27a-4fcf-8d3a-132f8c694150:group-DD7B2EB84DA5:LeaderElection24: begin an election at term 1 for -1: [778b5faa-b562-469a-b3c2-181dac0309f1:192.168.5.159:33021, 0f5cdf0c-e27a-4fcf-8d3a-132f8c694150:192.168.5.159:44751, 723b3352-36b7-460d-8817-3834fb80500e:192.168.5.159:36621], old=null
2019-07-13 22:40:53,343 INFO  impl.LeaderElection (LeaderElection.java:logAndReturn(56)) - 723b3352-36b7-460d-8817-3834fb80500e:group-DD7B2EB84DA5:LeaderElection22: Election REJECTED; received 2 response(s) [723b3352-36b7-460d-8817-3834fb80500e<-778b5faa-b562-469a-b3c2-181dac0309f1#0:FAIL-t1, 723b3352-36b7-460d-8817-3834fb80500e<-0f5cdf0c-e27a-4fcf-8d3a-132f8c694150#0:FAIL-t1] and 0 exception(s); 723b3352-36b7-460d-8817-3834fb80500e:t1, leader=null, voted=723b3352-36b7-460d-8817-3834fb80500e, raftlog=723b3352-36b7-460d-8817-3834fb80500e-SegmentedRaftLog:OPENED:c-1,f-1,i0, conf=-1: [778b5faa-b562-469a-b3c2-181dac0309f1:192.168.5.159:33021, 0f5cdf0c-e27a-4fcf-8d3a-132f8c694150:192.168.5.159:44751, 723b3352-36b7-460d-8817-3834fb80500e:192.168.5.159:36621], old=null
2019-07-13 22:40:53,344 INFO  impl.RaftServerImpl (RaftServerImpl.java:setRole(171)) - 723b3352-36b7-460d-8817-3834fb80500e:group-DD7B2EB84DA5 changes role from CANDIDATE to FOLLOWER at term 1 for DISCOVERED_A_NEW_TERM
2019-07-13 22:40:53,344 INFO  impl.LeaderElection (LeaderElection.java:logAndReturn(56)) - 778b5faa-b562-469a-b3c2-181dac0309f1:group-DD7B2EB84DA5:LeaderElection23: Election REJECTED; received 2 response(s) [778b5faa-b562-469a-b3c2-181dac0309f1<-0f5cdf0c-e27a-4fcf-8d3a-132f8c694150#0:FAIL-t1, 778b5faa-b562-469a-b3c2-181dac0309f1<-723b3352-36b7-460d-8817-3834fb80500e#0:FAIL-t1] and 0 exception(s); 778b5faa-b562-469a-b3c2-181dac0309f1:t1, leader=null, voted=778b5faa-b562-469a-b3c2-181dac0309f1, raftlog=778b5faa-b562-469a-b3c2-181dac0309f1-SegmentedRaftLog:OPENED:c-1,f-1,i0, conf=-1: [778b5faa-b562-469a-b3c2-181dac0309f1:192.168.5.159:33021, 0f5cdf0c-e27a-4fcf-8d3a-132f8c694150:192.168.5.159:44751, 723b3352-36b7-460d-8817-3834fb80500e:192.168.5.159:36621], old=null
2019-07-13 22:40:53,359 INFO  impl.RoleInfo (RoleInfo.java:shutdownLeaderElection(134)) - 723b3352-36b7-460d-8817-3834fb80500e: shutdown LeaderElection
2019-07-13 22:40:53,359 INFO  impl.RaftServerImpl (RaftServerImpl.java:setRole(171)) - 778b5faa-b562-469a-b3c2-181dac0309f1:group-DD7B2EB84DA5 changes role from CANDIDATE to FOLLOWER at term 1 for DISCOVERED_A_NEW_TERM
2019-07-13 22:40:53,360 INFO  impl.RoleInfo (RoleInfo.java:updateAndGet(143)) - 723b3352-36b7-460d-8817-3834fb80500e: start FollowerState
2019-07-13 22:40:53,360 INFO  impl.RoleInfo (RoleInfo.java:shutdownLeaderElection(134)) - 778b5faa-b562-469a-b3c2-181dac0309f1: shutdown LeaderElection
2019-07-13 22:40:53,360 INFO  impl.RoleInfo (RoleInfo.java:updateAndGet(143)) - 778b5faa-b562-469a-b3c2-181dac0309f1: start FollowerState
2019-07-13 22:40:53,362 INFO  impl.LeaderElection (LeaderElection.java:logAndReturn(56)) - 0f5cdf0c-e27a-4fcf-8d3a-132f8c694150:group-DD7B2EB84DA5:LeaderElection24: Election REJECTED; received 2 response(s) [0f5cdf0c-e27a-4fcf-8d3a-132f8c694150<-778b5faa-b562-469a-b3c2-181dac0309f1#0:FAIL-t1, 0f5cdf0c-e27a-4fcf-8d3a-132f8c694150<-723b3352-36b7-460d-8817-3834fb80500e#0:FAIL-t1] and 0 exception(s); 0f5cdf0c-e27a-4fcf-8d3a-132f8c694150:t1, leader=null, voted=0f5cdf0c-e27a-4fcf-8d3a-132f8c694150, raftlog=0f5cdf0c-e27a-4fcf-8d3a-132f8c694150-SegmentedRaftLog:OPENED:c-1,f-1,i0, conf=-1: [778b5faa-b562-469a-b3c2-181dac0309f1:192.168.5.159:33021, 0f5cdf0c-e27a-4fcf-8d3a-132f8c694150:192.168.5.159:44751, 723b3352-36b7-460d-8817-3834fb80500e:192.168.5.159:36621], old=null
2019-07-13 22:40:53,363 INFO  impl.RaftServerImpl (RaftServerImpl.java:setRole(171)) - 0f5cdf0c-e27a-4fcf-8d3a-132f8c694150:group-DD7B2EB84DA5 changes role from CANDIDATE to FOLLOWER at term 1 for DISCOVERED_A_NEW_TERM
2019-07-13 22:40:53,363 INFO  impl.RoleInfo (RoleInfo.java:shutdownLeaderElection(134)) - 0f5cdf0c-e27a-4fcf-8d3a-132f8c694150: shutdown LeaderElection
2019-07-13 22:40:53,363 INFO  impl.RoleInfo (RoleInfo.java:updateAndGet(143)) - 0f5cdf0c-e27a-4fcf-8d3a-132f8c694150: start FollowerState
2019-07-13 22:40:53,409 INFO  client.GrpcClientProtocolClient (GrpcClientProtocolClient.java:onNext(255)) - client-DB51645CCA22->1af4aae5-ae44-4ceb-9556-20accdc9cc2a: receive RaftClientReply:client-DB51645CCA22->1af4aae5-ae44-4ceb-9556-20accdc9cc2a@group-8C10937C5003, cid=28, FAILED org.apache.ratis.protocol.NotLeaderException: Server 1af4aae5-ae44-4ceb-9556-20accdc9cc2a is not the leader (17de1aae-21a5-40a4-b002-06c62bfdbe87:192.168.5.159:43605). Request must be sent to leader., logIndex=0, commits[1af4aae5-ae44-4ceb-9556-20accdc9cc2a:c0, 17de1aae-21a5-40a4-b002-06c62bfdbe87:c0, f4ed6d0d-f181-40a8-83da-b6149e264565:c-1]
2019-07-13 22:40:53,428 WARN  io.KeyOutputStream (KeyOutputStream.java:handleException(276)) - Encountered exception java.io.IOException: Unexpected Storage Container Exception: java.util.concurrent.CompletionException: java.util.concurrent.CompletionException: org.apache.ratis.protocol.RaftRetryFailureException: Failed RaftClientRequest:client-DB51645CCA22->1af4aae5-ae44-4ceb-9556-20accdc9cc2a@group-8C10937C5003, cid=28, seq=1*, RW, org.apache.hadoop.hdds.scm.XceiverClientRatis$$Lambda$309/1480893137@1557f28 for 5 attempts with RetryLimited(maxAttempts=5, sleepTime=1000ms) on the pipeline Pipeline[ Id: d2d4ee62-7116-406d-9232-8c10937c5003, Nodes: f4ed6d0d-f181-40a8-83da-b6149e264565{ip: 192.168.5.159, host: trunk-nightly-x8m8d-1534914823, networkLocation: /default-rack, certSerialId: null}1af4aae5-ae44-4ceb-9556-20accdc9cc2a{ip: 192.168.5.159, host: trunk-nightly-x8m8d-1534914823, networkLocation: /default-rack, certSerialId: null}17de1aae-21a5-40a4-b002-06c62bfdbe87{ip: 192.168.5.159, host: trunk-nightly-x8m8d-1534914823, networkLocation: /default-rack, certSerialId: null}, Type:RATIS, Factor:THREE, State:OPEN]. The last committed block length is 0, uncommitted data length is 1048576 retry count 0
2019-07-13 22:40:53,464 INFO  client.GrpcClientProtocolClient (GrpcClientProtocolClient.java:onNext(255)) - client-9F16F580D598->778b5faa-b562-469a-b3c2-181dac0309f1: receive RaftClientReply:client-9F16F580D598->778b5faa-b562-469a-b3c2-181dac0309f1@group-DD7B2EB84DA5, cid=30, FAILED org.apache.ratis.protocol.NotLeaderException: Server 778b5faa-b562-469a-b3c2-181dac0309f1 is not the leader (null). Request must be sent to leader., logIndex=0, commits[778b5faa-b562-469a-b3c2-181dac0309f1:c-1]
2019-07-13 22:40:54,498 INFO  client.GrpcClientProtocolClient (GrpcClientProtocolClient.java:onNext(255)) - client-9F16F580D598->0f5cdf0c-e27a-4fcf-8d3a-132f8c694150: receive RaftClientReply:client-9F16F580D598->0f5cdf0c-e27a-4fcf-8d3a-132f8c694150@group-DD7B2EB84DA5, cid=30, FAILED org.apache.ratis.protocol.NotLeaderException: Server 0f5cdf0c-e27a-4fcf-8d3a-132f8c694150 is not the leader (null). Request must be sent to leader., logIndex=0, commits[0f5cdf0c-e27a-4fcf-8d3a-132f8c694150:c-1]
2019-07-13 22:40:55,527 INFO  client.GrpcClientProtocolClient (GrpcClientProtocolClient.java:onNext(255)) - client-9F16F580D598->723b3352-36b7-460d-8817-3834fb80500e: receive RaftClientReply:client-9F16F580D598->723b3352-36b7-460d-8817-3834fb80500e@group-DD7B2EB84DA5, cid=30, FAILED org.apache.ratis.protocol.NotLeaderException: Server 723b3352-36b7-460d-8817-3834fb80500e is not the leader (null). Request must be sent to leader., logIndex=0, commits[723b3352-36b7-460d-8817-3834fb80500e:c-1]
2019-07-13 22:40:56,568 INFO  client.GrpcClientProtocolClient (GrpcClientProtocolClient.java:onNext(255)) - client-9F16F580D598->0f5cdf0c-e27a-4fcf-8d3a-132f8c694150: receive RaftClientReply:client-9F16F580D598->0f5cdf0c-e27a-4fcf-8d3a-132f8c694150@group-DD7B2EB84DA5, cid=30, FAILED org.apache.ratis.protocol.NotLeaderException: Server 0f5cdf0c-e27a-4fcf-8d3a-132f8c694150 is not the leader (null). Request must be sent to leader., logIndex=0, commits[0f5cdf0c-e27a-4fcf-8d3a-132f8c694150:c-1]
2019-07-13 22:40:57,621 INFO  client.GrpcClientProtocolClient (GrpcClientProtocolClient.java:onNext(255)) - client-9F16F580D598->778b5faa-b562-469a-b3c2-181dac0309f1: receive RaftClientReply:client-9F16F580D598->778b5faa-b562-469a-b3c2-181dac0309f1@group-DD7B2EB84DA5, cid=30, FAILED org.apache.ratis.protocol.NotLeaderException: Server 778b5faa-b562-469a-b3c2-181dac0309f1 is not the leader (null). Request must be sent to leader., logIndex=0, commits[778b5faa-b562-469a-b3c2-181dac0309f1:c-1]
2019-07-13 22:40:57,648 WARN  io.KeyOutputStream (KeyOutputStream.java:handleException(276)) - Encountered exception java.io.IOException: Unexpected Storage Container Exception: java.util.concurrent.CompletionException: java.util.concurrent.CompletionException: org.apache.ratis.protocol.RaftRetryFailureException: Failed RaftClientRequest:client-9F16F580D598->778b5faa-b562-469a-b3c2-181dac0309f1@group-DD7B2EB84DA5, cid=30, seq=1*, RW, org.apache.hadoop.hdds.scm.XceiverClientRatis$$Lambda$309/1480893137@6c83f025 for 5 attempts with RetryLimited(maxAttempts=5, sleepTime=1000ms) on the pipeline Pipeline[ Id: fb882818-180e-4d48-a45a-dd7b2eb84da5, Nodes: 778b5faa-b562-469a-b3c2-181dac0309f1{ip: 192.168.5.159, host: trunk-nightly-x8m8d-1534914823, networkLocation: /default-rack, certSerialId: null}0f5cdf0c-e27a-4fcf-8d3a-132f8c694150{ip: 192.168.5.159, host: trunk-nightly-x8m8d-1534914823, networkLocation: /default-rack, certSerialId: null}723b3352-36b7-460d-8817-3834fb80500e{ip: 192.168.5.159, host: trunk-nightly-x8m8d-1534914823, networkLocation: /default-rack, certSerialId: null}, Type:RATIS, Factor:THREE, State:OPEN]. The last committed block length is 0, uncommitted data length is 1048576 retry count 0
2019-07-13 22:40:57,694 WARN  block.BlockManagerImpl (BlockManagerImpl.java:allocateBlock(192)) - Pipeline creation failed for type:RATIS factor:THREE. Retrying get pipelines call once.
org.apache.hadoop.hdds.scm.pipeline.InsufficientDatanodesException: Cannot create pipeline of factor 3 using 0 nodes.
	at org.apache.hadoop.hdds.scm.pipeline.RatisPipelineProvider.create(RatisPipelineProvider.java:151)
	at org.apache.hadoop.hdds.scm.pipeline.PipelineFactory.create(PipelineFactory.java:57)
	at org.apache.hadoop.hdds.scm.pipeline.SCMPipelineManager.createPipeline(SCMPipelineManager.java:149)
	at org.apache.hadoop.hdds.scm.block.BlockManagerImpl.allocateBlock(BlockManagerImpl.java:190)
	at org.apache.hadoop.hdds.scm.server.SCMBlockProtocolServer.allocateBlock(SCMBlockProtocolServer.java:175)
	at org.apache.hadoop.ozone.protocolPB.ScmBlockLocationProtocolServerSideTranslatorPB.allocateScmBlock(ScmBlockLocationProtocolServerSideTranslatorPB.java:153)
	at org.apache.hadoop.ozone.protocolPB.ScmBlockLocationProtocolServerSideTranslatorPB.send(ScmBlockLocationProtocolServerSideTranslatorPB.java:112)
	at org.apache.hadoop.hdds.protocol.proto.ScmBlockLocationProtocolProtos$ScmBlockLocationProtocolService$2.callBlockingMethod(ScmBlockLocationProtocolProtos.java:13157)
	at org.apache.hadoop.ipc.ProtobufRpcEngine$Server$ProtoBufRpcInvoker.call(ProtobufRpcEngine.java:524)
	at org.apache.hadoop.ipc.RPC$Server.call(RPC.java:1025)
	at org.apache.hadoop.ipc.Server$RpcCall.run(Server.java:876)
	at org.apache.hadoop.ipc.Server$RpcCall.run(Server.java:822)
	at java.security.AccessController.doPrivileged(Native Method)
	at javax.security.auth.Subject.doAs(Subject.java:422)
	at org.apache.hadoop.security.UserGroupInformation.doAs(UserGroupInformation.java:1730)
	at org.apache.hadoop.ipc.Server$Handler.run(Server.java:2682)
2019-07-13 22:40:57,695 INFO  block.BlockManagerImpl (BlockManagerImpl.java:allocateBlock(198)) - Could not find available pipeline of type:RATIS and factor:THREE even after retrying
2019-07-13 22:40:57,695 ERROR block.BlockManagerImpl (BlockManagerImpl.java:allocateBlock(222)) - Unable to allocate a block for the size: 4194304, type: RATIS, factor: THREE
22:40:57.696 [IPC Server handler 0 on 44693] ERROR OMAudit - user=jenkins1000 | ip=127.0.0.1 | op=ALLOCATE_BLOCK {volume=datanodefailurehandlingtest, bucket=datanodefailurehandlingtest, key=e00869e4-8f99-42f8-9631-2d6a1a2cb8de, dataSize=0, replicationType=null, replicationFactor=null, keyLocationInfo=null, clientID=102436546095677443} | ret=FAILURE
org.apache.hadoop.hdds.scm.exceptions.SCMException: Allocated 0 blocks. Requested 1 blocks
	at org.apache.hadoop.hdds.scm.protocolPB.ScmBlockLocationProtocolClientSideTranslatorPB.handleError(ScmBlockLocationProtocolClientSideTranslatorPB.java:118) ~[hadoop-hdds-common-0.5.0-SNAPSHOT.jar:?]
	at org.apache.hadoop.hdds.scm.protocolPB.ScmBlockLocationProtocolClientSideTranslatorPB.allocateBlock(ScmBlockLocationProtocolClientSideTranslatorPB.java:156) ~[hadoop-hdds-common-0.5.0-SNAPSHOT.jar:?]
	at sun.reflect.NativeMethodAccessorImpl.invoke0(Native Method) ~[?:1.8.0_212]
	at sun.reflect.NativeMethodAccessorImpl.invoke(NativeMethodAccessorImpl.java:62) ~[?:1.8.0_212]
	at sun.reflect.DelegatingMethodAccessorImpl.invoke(DelegatingMethodAccessorImpl.java:43) ~[?:1.8.0_212]
	at java.lang.reflect.Method.invoke(Method.java:498) ~[?:1.8.0_212]
	at org.apache.hadoop.hdds.tracing.TraceAllMethod.invoke(TraceAllMethod.java:66) ~[hadoop-hdds-common-0.5.0-SNAPSHOT.jar:?]
	at com.sun.proxy.$Proxy25.allocateBlock(Unknown Source) ~[?:?]
	at org.apache.hadoop.ozone.om.KeyManagerImpl.allocateBlock(KeyManagerImpl.java:355) ~[hadoop-ozone-ozone-manager-0.5.0-SNAPSHOT.jar:?]
	at org.apache.hadoop.ozone.om.KeyManagerImpl.allocateBlock(KeyManagerImpl.java:323) ~[hadoop-ozone-ozone-manager-0.5.0-SNAPSHOT.jar:?]
	at org.apache.hadoop.ozone.om.OzoneManager.allocateBlock(OzoneManager.java:2349) [hadoop-ozone-ozone-manager-0.5.0-SNAPSHOT.jar:?]
	at org.apache.hadoop.ozone.protocolPB.OzoneManagerRequestHandler.allocateBlock(OzoneManagerRequestHandler.java:754) [hadoop-ozone-ozone-manager-0.5.0-SNAPSHOT.jar:?]
	at org.apache.hadoop.ozone.protocolPB.OzoneManagerRequestHandler.handle(OzoneManagerRequestHandler.java:249) [hadoop-ozone-ozone-manager-0.5.0-SNAPSHOT.jar:?]
	at org.apache.hadoop.ozone.protocolPB.OzoneManagerProtocolServerSideTranslatorPB.submitRequestDirectlyToOM(OzoneManagerProtocolServerSideTranslatorPB.java:192) [hadoop-ozone-ozone-manager-0.5.0-SNAPSHOT.jar:?]
	at org.apache.hadoop.ozone.protocolPB.OzoneManagerProtocolServerSideTranslatorPB.submitRequest(OzoneManagerProtocolServerSideTranslatorPB.java:110) [hadoop-ozone-ozone-manager-0.5.0-SNAPSHOT.jar:?]
	at org.apache.hadoop.ozone.protocol.proto.OzoneManagerProtocolProtos$OzoneManagerService$2.callBlockingMethod(OzoneManagerProtocolProtos.java) [hadoop-ozone-common-0.5.0-SNAPSHOT.jar:?]
	at org.apache.hadoop.ipc.ProtobufRpcEngine$Server$ProtoBufRpcInvoker.call(ProtobufRpcEngine.java:524) [hadoop-common-3.2.0.jar:?]
	at org.apache.hadoop.ipc.RPC$Server.call(RPC.java:1025) [hadoop-common-3.2.0.jar:?]
	at org.apache.hadoop.ipc.Server$RpcCall.run(Server.java:876) [hadoop-common-3.2.0.jar:?]
	at org.apache.hadoop.ipc.Server$RpcCall.run(Server.java:822) [hadoop-common-3.2.0.jar:?]
	at java.security.AccessController.doPrivileged(Native Method) [?:1.8.0_212]
	at javax.security.auth.Subject.doAs(Subject.java:422) [?:1.8.0_212]
	at org.apache.hadoop.security.UserGroupInformation.doAs(UserGroupInformation.java:1730) [hadoop-common-3.2.0.jar:?]
	at org.apache.hadoop.ipc.Server$Handler.run(Server.java:2682) [hadoop-common-3.2.0.jar:?]
2019-07-13 22:40:57,698 ERROR io.BlockOutputStreamEntryPool (BlockOutputStreamEntryPool.java:allocateBlockIfNeeded(299)) - Try to allocate more blocks for write failed, already allocated 0 blocks for this write.
INTERNAL_ERROR org.apache.hadoop.ozone.om.exceptions.OMException: Allocated 0 blocks. Requested 1 blocks
	at org.apache.hadoop.ozone.om.protocolPB.OzoneManagerProtocolClientSideTranslatorPB.handleError(OzoneManagerProtocolClientSideTranslatorPB.java:720)
	at org.apache.hadoop.ozone.om.protocolPB.OzoneManagerProtocolClientSideTranslatorPB.allocateBlock(OzoneManagerProtocolClientSideTranslatorPB.java:752)
	at org.apache.hadoop.ozone.client.io.BlockOutputStreamEntryPool.allocateNewBlock(BlockOutputStreamEntryPool.java:248)
	at org.apache.hadoop.ozone.client.io.BlockOutputStreamEntryPool.allocateBlockIfNeeded(BlockOutputStreamEntryPool.java:296)
	at org.apache.hadoop.ozone.client.io.KeyOutputStream.handleWrite(KeyOutputStream.java:201)
	at org.apache.hadoop.ozone.client.io.KeyOutputStream.handleRetry(KeyOutputStream.java:376)
	at org.apache.hadoop.ozone.client.io.KeyOutputStream.handleException(KeyOutputStream.java:325)
	at org.apache.hadoop.ozone.client.io.KeyOutputStream.handleFlushOrClose(KeyOutputStream.java:448)
	at org.apache.hadoop.ozone.client.io.KeyOutputStream.flush(KeyOutputStream.java:396)
	at org.apache.hadoop.ozone.client.io.OzoneOutputStream.flush(OzoneOutputStream.java:54)
	at org.apache.hadoop.ozone.client.rpc.TestFailureHandlingByClient.testContainerExclusionWithClosedContainerException(TestFailureHandlingByClient.java:322)
	at sun.reflect.NativeMethodAccessorImpl.invoke0(Native Method)
	at sun.reflect.NativeMethodAccessorImpl.invoke(NativeMethodAccessorImpl.java:62)
	at sun.reflect.DelegatingMethodAccessorImpl.invoke(DelegatingMethodAccessorImpl.java:43)
	at java.lang.reflect.Method.invoke(Method.java:498)
	at org.junit.runners.model.FrameworkMethod$1.runReflectiveCall(FrameworkMethod.java:47)
	at org.junit.internal.runners.model.ReflectiveCallable.run(ReflectiveCallable.java:12)
	at org.junit.runners.model.FrameworkMethod.invokeExplosively(FrameworkMethod.java:44)
	at org.junit.internal.runners.statements.InvokeMethod.evaluate(InvokeMethod.java:17)
	at org.junit.runners.ParentRunner.runLeaf(ParentRunner.java:271)
	at org.junit.runners.BlockJUnit4ClassRunner.runChild(BlockJUnit4ClassRunner.java:70)
	at org.junit.runners.BlockJUnit4ClassRunner.runChild(BlockJUnit4ClassRunner.java:50)
	at org.junit.runners.ParentRunner$3.run(ParentRunner.java:238)
	at org.junit.runners.ParentRunner$1.schedule(ParentRunner.java:63)
	at org.junit.runners.ParentRunner.runChildren(ParentRunner.java:236)
	at org.junit.runners.ParentRunner.access$000(ParentRunner.java:53)
	at org.junit.runners.ParentRunner$2.evaluate(ParentRunner.java:229)
	at org.junit.runners.ParentRunner.run(ParentRunner.java:309)
	at org.apache.maven.surefire.junit4.JUnit4Provider.execute(JUnit4Provider.java:365)
	at org.apache.maven.surefire.junit4.JUnit4Provider.executeWithRerun(JUnit4Provider.java:273)
	at org.apache.maven.surefire.junit4.JUnit4Provider.executeTestSet(JUnit4Provider.java:238)
	at org.apache.maven.surefire.junit4.JUnit4Provider.invoke(JUnit4Provider.java:159)
	at org.apache.maven.surefire.booter.ForkedBooter.invokeProviderInSameClassLoader(ForkedBooter.java:384)
	at org.apache.maven.surefire.booter.ForkedBooter.runSuitesInProcess(ForkedBooter.java:345)
	at org.apache.maven.surefire.booter.ForkedBooter.execute(ForkedBooter.java:126)
	at org.apache.maven.surefire.booter.ForkedBooter.main(ForkedBooter.java:418)
]]></system-out>
    <system-err><![CDATA[Jul 13, 2019 10:40:42 PM com.sun.jersey.server.impl.application.WebApplicationImpl _initiate
INFO: Initiating Jersey application, version 'Jersey: 1.19 02/11/2015 03:25 AM'
Jul 13, 2019 10:40:43 PM com.sun.jersey.server.impl.application.WebApplicationImpl _initiate
INFO: Initiating Jersey application, version 'Jersey: 1.19 02/11/2015 03:25 AM'
Jul 13, 2019 10:40:43 PM com.sun.jersey.server.impl.application.WebApplicationImpl _initiate
INFO: Initiating Jersey application, version 'Jersey: 1.19 02/11/2015 03:25 AM'
Jul 13, 2019 10:40:43 PM com.sun.jersey.server.impl.application.WebApplicationImpl _initiate
INFO: Initiating Jersey application, version 'Jersey: 1.19 02/11/2015 03:25 AM'
Jul 13, 2019 10:40:43 PM com.sun.jersey.server.impl.application.WebApplicationImpl _initiate
INFO: Initiating Jersey application, version 'Jersey: 1.19 02/11/2015 03:25 AM'
Jul 13, 2019 10:40:43 PM com.sun.jersey.server.impl.application.WebApplicationImpl _initiate
INFO: Initiating Jersey application, version 'Jersey: 1.19 02/11/2015 03:25 AM'
]]></system-err>
  </testcase>
  <testcase name="testWriteSmallFile" classname="org.apache.hadoop.ozone.client.rpc.TestFailureHandlingByClient" time="35.852"/>
  <testcase name="testMultiBlockWritesWithIntermittentDnFailures" classname="org.apache.hadoop.ozone.client.rpc.TestFailureHandlingByClient" time="12.33">
    <failure message="expected:&lt;6&gt; but was:&lt;4&gt;" type="java.lang.AssertionError"><![CDATA[java.lang.AssertionError: expected:<6> but was:<4>
	at org.junit.Assert.fail(Assert.java:88)
	at org.junit.Assert.failNotEquals(Assert.java:743)
	at org.junit.Assert.assertEquals(Assert.java:118)
	at org.junit.Assert.assertEquals(Assert.java:555)
	at org.junit.Assert.assertEquals(Assert.java:542)
	at org.apache.hadoop.ozone.client.rpc.TestFailureHandlingByClient.testMultiBlockWritesWithIntermittentDnFailures(TestFailureHandlingByClient.java:221)
	at sun.reflect.NativeMethodAccessorImpl.invoke0(Native Method)
	at sun.reflect.NativeMethodAccessorImpl.invoke(NativeMethodAccessorImpl.java:62)
	at sun.reflect.DelegatingMethodAccessorImpl.invoke(DelegatingMethodAccessorImpl.java:43)
	at java.lang.reflect.Method.invoke(Method.java:498)
	at org.junit.runners.model.FrameworkMethod$1.runReflectiveCall(FrameworkMethod.java:47)
	at org.junit.internal.runners.model.ReflectiveCallable.run(ReflectiveCallable.java:12)
	at org.junit.runners.model.FrameworkMethod.invokeExplosively(FrameworkMethod.java:44)
	at org.junit.internal.runners.statements.InvokeMethod.evaluate(InvokeMethod.java:17)
	at org.junit.runners.ParentRunner.runLeaf(ParentRunner.java:271)
	at org.junit.runners.BlockJUnit4ClassRunner.runChild(BlockJUnit4ClassRunner.java:70)
	at org.junit.runners.BlockJUnit4ClassRunner.runChild(BlockJUnit4ClassRunner.java:50)
	at org.junit.runners.ParentRunner$3.run(ParentRunner.java:238)
	at org.junit.runners.ParentRunner$1.schedule(ParentRunner.java:63)
	at org.junit.runners.ParentRunner.runChildren(ParentRunner.java:236)
	at org.junit.runners.ParentRunner.access$000(ParentRunner.java:53)
	at org.junit.runners.ParentRunner$2.evaluate(ParentRunner.java:229)
	at org.junit.runners.ParentRunner.run(ParentRunner.java:309)
	at org.apache.maven.surefire.junit4.JUnit4Provider.execute(JUnit4Provider.java:365)
	at org.apache.maven.surefire.junit4.JUnit4Provider.executeWithRerun(JUnit4Provider.java:273)
	at org.apache.maven.surefire.junit4.JUnit4Provider.executeTestSet(JUnit4Provider.java:238)
	at org.apache.maven.surefire.junit4.JUnit4Provider.invoke(JUnit4Provider.java:159)
	at org.apache.maven.surefire.booter.ForkedBooter.invokeProviderInSameClassLoader(ForkedBooter.java:384)
	at org.apache.maven.surefire.booter.ForkedBooter.runSuitesInProcess(ForkedBooter.java:345)
	at org.apache.maven.surefire.booter.ForkedBooter.execute(ForkedBooter.java:126)
	at org.apache.maven.surefire.booter.ForkedBooter.main(ForkedBooter.java:418)
]]></failure>
    <system-out><![CDATA[2019-07-13 22:41:33,565 WARN  server.ServerUtils (ServerUtils.java:getScmDbDir(145)) - ozone.scm.db.dirs is not configured. We recommend adding this setting. Falling back to ozone.metadata.dirs instead.
2019-07-13 22:41:33,572 WARN  server.ServerUtils (ServerUtils.java:getScmDbDir(145)) - ozone.scm.db.dirs is not configured. We recommend adding this setting. Falling back to ozone.metadata.dirs instead.
2019-07-13 22:41:33,572 WARN  server.ServerUtils (ServerUtils.java:getScmDbDir(145)) - ozone.scm.db.dirs is not configured. We recommend adding this setting. Falling back to ozone.metadata.dirs instead.
2019-07-13 22:41:33,573 INFO  db.DBStoreBuilder (DBStoreBuilder.java:addTable(110)) - using custom profile for table: deletedBlocks
2019-07-13 22:41:33,573 INFO  db.DBStoreBuilder (DBStoreBuilder.java:processTables(161)) - Using default column profile:DBProfile.DISK for Table:deletedBlocks
2019-07-13 22:41:33,573 INFO  db.DBStoreBuilder (DBStoreBuilder.java:addTable(110)) - using custom profile for table: validCerts
2019-07-13 22:41:33,573 INFO  db.DBStoreBuilder (DBStoreBuilder.java:processTables(161)) - Using default column profile:DBProfile.DISK for Table:validCerts
2019-07-13 22:41:33,574 INFO  db.DBStoreBuilder (DBStoreBuilder.java:addTable(110)) - using custom profile for table: revokedCerts
2019-07-13 22:41:33,574 INFO  db.DBStoreBuilder (DBStoreBuilder.java:processTables(161)) - Using default column profile:DBProfile.DISK for Table:revokedCerts
2019-07-13 22:41:33,574 INFO  db.DBStoreBuilder (DBStoreBuilder.java:addTable(110)) - using custom profile for table: default
2019-07-13 22:41:33,574 INFO  db.DBStoreBuilder (DBStoreBuilder.java:processTables(167)) - Using default column profile:DBProfile.DISK for Table:default
2019-07-13 22:41:33,574 INFO  db.DBStoreBuilder (DBStoreBuilder.java:getDbProfile(198)) - Using default options. DBProfile.DISK
2019-07-13 22:41:33,641 INFO  net.NodeSchemaLoader (NodeSchemaLoader.java:loadSchemaFromFile(125)) - Loading file from sun.misc.CompoundEnumeration@2842ef02
2019-07-13 22:41:33,642 INFO  net.NodeSchemaLoader (NodeSchemaLoader.java:loadSchema(171)) - Loading network topology layer schema file
2019-07-13 22:41:33,646 INFO  node.SCMNodeManager (SCMNodeManager.java:<init>(119)) - Entering startup safe mode.
2019-07-13 22:41:33,647 WARN  server.ServerUtils (ServerUtils.java:getScmDbDir(145)) - ozone.scm.db.dirs is not configured. We recommend adding this setting. Falling back to ozone.metadata.dirs instead.
2019-07-13 22:41:33,676 INFO  pipeline.SCMPipelineManager (SCMPipelineManager.java:initializePipelineState(126)) - No pipeline exists in current db
2019-07-13 22:41:33,677 WARN  server.ServerUtils (ServerUtils.java:getScmDbDir(145)) - ozone.scm.db.dirs is not configured. We recommend adding this setting. Falling back to ozone.metadata.dirs instead.
2019-07-13 22:41:33,702 WARN  events.EventQueue (EventQueue.java:fireEvent(175)) - No event handler registered for event TypedEvent{payloadType=SafeModeStatus, name='SafeModeStatus'}
2019-07-13 22:41:33,703 INFO  ipc.CallQueueManager (CallQueueManager.java:<init>(84)) - Using callQueue: class java.util.concurrent.LinkedBlockingQueue, queueCapacity: 2000, scheduler: class org.apache.hadoop.ipc.DefaultRpcScheduler, ipcBackoff: false.
2019-07-13 22:41:33,704 INFO  ipc.Server (Server.java:run(1074)) - Starting Socket Reader #1 for port 46102
2019-07-13 22:41:33,715 INFO  ipc.CallQueueManager (CallQueueManager.java:<init>(84)) - Using callQueue: class java.util.concurrent.LinkedBlockingQueue, queueCapacity: 2000, scheduler: class org.apache.hadoop.ipc.DefaultRpcScheduler, ipcBackoff: false.
2019-07-13 22:41:33,716 INFO  ipc.Server (Server.java:run(1074)) - Starting Socket Reader #1 for port 45651
2019-07-13 22:41:33,720 INFO  ipc.CallQueueManager (CallQueueManager.java:<init>(84)) - Using callQueue: class java.util.concurrent.LinkedBlockingQueue, queueCapacity: 2000, scheduler: class org.apache.hadoop.ipc.DefaultRpcScheduler, ipcBackoff: false.
2019-07-13 22:41:33,721 INFO  ipc.Server (Server.java:run(1074)) - Starting Socket Reader #1 for port 39486
2019-07-13 22:41:33,727 INFO  hdfs.DFSUtil (DFSUtil.java:httpServerTemplateForNNAndJN(1641)) - Starting Web-server for scm at: http://0.0.0.0:0
2019-07-13 22:41:33,730 INFO  server.AuthenticationFilter (AuthenticationFilter.java:constructSecretProvider(240)) - Unable to initialize FileSignerSecretProvider, falling back to use random secrets.
2019-07-13 22:41:33,731 WARN  http.HttpRequestLog (HttpRequestLog.java:getRequestLog(97)) - Jetty request log can only be enabled using Log4j
2019-07-13 22:41:33,734 INFO  http.HttpServer2 (HttpServer2.java:addGlobalFilter(975)) - Added global filter 'safety' (class=org.apache.hadoop.http.HttpServer2$QuotingInputFilter)
2019-07-13 22:41:33,735 INFO  http.HttpServer2 (HttpServer2.java:addFilter(948)) - Added filter static_user_filter (class=org.apache.hadoop.http.lib.StaticUserWebFilter$StaticUserFilter) to context scm
2019-07-13 22:41:33,736 INFO  http.HttpServer2 (HttpServer2.java:addFilter(958)) - Added filter static_user_filter (class=org.apache.hadoop.http.lib.StaticUserWebFilter$StaticUserFilter) to context logs
2019-07-13 22:41:33,736 INFO  http.HttpServer2 (HttpServer2.java:addFilter(958)) - Added filter static_user_filter (class=org.apache.hadoop.http.lib.StaticUserWebFilter$StaticUserFilter) to context static
2019-07-13 22:41:33,738 INFO  server.StorageContainerManager (StorageContainerManager.java:start(759)) - StorageContainerLocationProtocol RPC server is listening at /0.0.0.0:39486
2019-07-13 22:41:33,741 WARN  impl.MetricsConfig (MetricsConfig.java:loadFirst(134)) - Cannot locate configuration: tried hadoop-metrics2-storagecontainermanager.properties,hadoop-metrics2.properties
2019-07-13 22:41:33,743 INFO  impl.MetricsSystemImpl (MetricsSystemImpl.java:startTimer(374)) - Scheduled Metric snapshot period at 10 second(s).
2019-07-13 22:41:33,743 INFO  impl.MetricsSystemImpl (MetricsSystemImpl.java:start(191)) - StorageContainerManager metrics system started
2019-07-13 22:41:33,923 INFO  server.SCMClientProtocolServer (SCMClientProtocolServer.java:start(149)) - RPC server for Client  is listening at /0.0.0.0:39486
2019-07-13 22:41:33,924 INFO  ipc.Server (Server.java:run(1314)) - IPC Server Responder: starting
2019-07-13 22:41:33,924 INFO  ipc.Server (Server.java:run(1153)) - IPC Server listener on 39486: starting
2019-07-13 22:41:33,934 INFO  server.StorageContainerManager (StorageContainerManager.java:start(768)) - ScmBlockLocationProtocol RPC server is listening at /0.0.0.0:45651
2019-07-13 22:41:33,934 INFO  server.SCMBlockProtocolServer (SCMBlockProtocolServer.java:start(140)) - RPC server for Block Protocol is listening at /0.0.0.0:45651
2019-07-13 22:41:33,934 INFO  ipc.Server (Server.java:run(1314)) - IPC Server Responder: starting
2019-07-13 22:41:33,934 INFO  ipc.Server (Server.java:run(1153)) - IPC Server listener on 45651: starting
2019-07-13 22:41:33,944 INFO  server.StorageContainerManager (StorageContainerManager.java:start(772)) - ScmDatanodeProtocl RPC server is listening at /0.0.0.0:46102
2019-07-13 22:41:33,944 INFO  server.SCMDatanodeProtocolServer (SCMDatanodeProtocolServer.java:start(191)) - RPC server for DataNodes is listening at /0.0.0.0:46102
2019-07-13 22:41:33,944 INFO  ipc.Server (Server.java:run(1314)) - IPC Server Responder: starting
2019-07-13 22:41:33,947 INFO  ipc.Server (Server.java:run(1153)) - IPC Server listener on 46102: starting
2019-07-13 22:41:33,954 INFO  http.HttpServer2 (HttpServer2.java:bindListener(1191)) - Jetty bound to port 44456
2019-07-13 22:41:33,954 INFO  server.Server (Server.java:doStart(351)) - jetty-9.3.24.v20180605, build timestamp: 2018-06-05T17:11:56Z, git hash: 84205aa28f11a4f31f2a3b86d1bba2cc8ab69827
2019-07-13 22:41:33,956 INFO  handler.ContextHandler (ContextHandler.java:doStart(781)) - Started o.e.j.s.ServletContextHandler@7efa366{/logs,file:///tmp/workdir/hadoop-ozone/integration-test/target/log,AVAILABLE}
2019-07-13 22:41:33,957 INFO  handler.ContextHandler (ContextHandler.java:doStart(781)) - Started o.e.j.s.ServletContextHandler@c3d4bd7{/static,file:///tmp/workdir/hadoop-ozone/integration-test/target/test-classes/webapps/static,AVAILABLE}
2019-07-13 22:41:33,962 INFO  handler.ContextHandler (ContextHandler.java:doStart(781)) - Started o.e.j.w.WebAppContext@306bf4c3{/,file:///tmp/workdir/hadoop-ozone/integration-test/target/test-classes/webapps/scm/,AVAILABLE}{/scm}
2019-07-13 22:41:33,962 INFO  server.AbstractConnector (AbstractConnector.java:doStart(278)) - Started ServerConnector@5cf80dfb{HTTP/1.1,[http/1.1]}{0.0.0.0:44456}
2019-07-13 22:41:33,965 INFO  server.Server (Server.java:doStart(419)) - Started @72786ms
2019-07-13 22:41:33,965 INFO  server.BaseHttpServer (BaseHttpServer.java:updateConnectorAddress(207)) - HTTP server of SCM is listening at http://0.0.0.0:44456
2019-07-13 22:41:33,966 WARN  server.ServerUtils (ServerUtils.java:getDBPath(222)) - ozone.om.db.dirs is not configured. We recommend adding this setting. Falling back to ozone.metadata.dirs instead.
2019-07-13 22:41:33,966 INFO  util.JvmPauseMonitor (JvmPauseMonitor.java:run(188)) - Starting JVM pause monitor
2019-07-13 22:41:33,973 WARN  server.ServerUtils (ServerUtils.java:getDBPath(222)) - ozone.om.db.dirs is not configured. We recommend adding this setting. Falling back to ozone.metadata.dirs instead.
2019-07-13 22:41:33,974 INFO  om.OzoneManager (OzoneManager.java:setOMNodeDetails(630)) - OM Service ID is not set. Setting it to the default ID: omServiceIdDefault
2019-07-13 22:41:33,974 INFO  om.OzoneManager (OzoneManager.java:setOMNodeDetails(636)) - OM Node ID is not set. Setting it to the OmStorage's OmID: 3d4d2cbb-fd3e-4270-ba67-75303ecd95a8
2019-07-13 22:41:33,974 INFO  om.OzoneManager (OzoneManager.java:loadOMHAConfigs(587)) - Found matching OM address with OMServiceId: null, OMNodeId: null, RPC Address: localhost:0 and Ratis port: 9872
2019-07-13 22:41:33,992 WARN  server.ServerUtils (ServerUtils.java:getDBPath(222)) - ozone.om.db.dirs is not configured. We recommend adding this setting. Falling back to ozone.metadata.dirs instead.
2019-07-13 22:41:33,993 INFO  db.DBStoreBuilder (DBStoreBuilder.java:addTable(110)) - using custom profile for table: userTable
2019-07-13 22:41:33,993 INFO  db.DBStoreBuilder (DBStoreBuilder.java:processTables(161)) - Using default column profile:DBProfile.DISK for Table:userTable
2019-07-13 22:41:33,993 INFO  db.DBStoreBuilder (DBStoreBuilder.java:addTable(110)) - using custom profile for table: volumeTable
2019-07-13 22:41:33,993 INFO  db.DBStoreBuilder (DBStoreBuilder.java:processTables(161)) - Using default column profile:DBProfile.DISK for Table:volumeTable
2019-07-13 22:41:33,994 INFO  db.DBStoreBuilder (DBStoreBuilder.java:addTable(110)) - using custom profile for table: bucketTable
2019-07-13 22:41:33,994 INFO  db.DBStoreBuilder (DBStoreBuilder.java:processTables(161)) - Using default column profile:DBProfile.DISK for Table:bucketTable
2019-07-13 22:41:33,994 INFO  db.DBStoreBuilder (DBStoreBuilder.java:addTable(110)) - using custom profile for table: keyTable
2019-07-13 22:41:33,994 INFO  db.DBStoreBuilder (DBStoreBuilder.java:processTables(161)) - Using default column profile:DBProfile.DISK for Table:keyTable
2019-07-13 22:41:33,995 INFO  db.DBStoreBuilder (DBStoreBuilder.java:addTable(110)) - using custom profile for table: deletedTable
2019-07-13 22:41:33,995 INFO  db.DBStoreBuilder (DBStoreBuilder.java:processTables(161)) - Using default column profile:DBProfile.DISK for Table:deletedTable
2019-07-13 22:41:33,995 INFO  db.DBStoreBuilder (DBStoreBuilder.java:addTable(110)) - using custom profile for table: openKeyTable
2019-07-13 22:41:33,995 INFO  db.DBStoreBuilder (DBStoreBuilder.java:processTables(161)) - Using default column profile:DBProfile.DISK for Table:openKeyTable
2019-07-13 22:41:33,996 INFO  db.DBStoreBuilder (DBStoreBuilder.java:addTable(110)) - using custom profile for table: s3Table
2019-07-13 22:41:33,996 INFO  db.DBStoreBuilder (DBStoreBuilder.java:processTables(161)) - Using default column profile:DBProfile.DISK for Table:s3Table
2019-07-13 22:41:33,996 INFO  db.DBStoreBuilder (DBStoreBuilder.java:addTable(110)) - using custom profile for table: multipartInfoTable
2019-07-13 22:41:33,996 INFO  db.DBStoreBuilder (DBStoreBuilder.java:processTables(161)) - Using default column profile:DBProfile.DISK for Table:multipartInfoTable
2019-07-13 22:41:33,997 INFO  db.DBStoreBuilder (DBStoreBuilder.java:addTable(110)) - using custom profile for table: dTokenTable
2019-07-13 22:41:33,997 INFO  db.DBStoreBuilder (DBStoreBuilder.java:processTables(161)) - Using default column profile:DBProfile.DISK for Table:dTokenTable
2019-07-13 22:41:33,997 INFO  db.DBStoreBuilder (DBStoreBuilder.java:addTable(110)) - using custom profile for table: s3SecretTable
2019-07-13 22:41:33,997 INFO  db.DBStoreBuilder (DBStoreBuilder.java:processTables(161)) - Using default column profile:DBProfile.DISK for Table:s3SecretTable
2019-07-13 22:41:33,998 INFO  db.DBStoreBuilder (DBStoreBuilder.java:addTable(110)) - using custom profile for table: prefixTable
2019-07-13 22:41:33,998 INFO  db.DBStoreBuilder (DBStoreBuilder.java:processTables(161)) - Using default column profile:DBProfile.DISK for Table:prefixTable
2019-07-13 22:41:33,998 INFO  db.DBStoreBuilder (DBStoreBuilder.java:addTable(110)) - using custom profile for table: default
2019-07-13 22:41:33,998 INFO  db.DBStoreBuilder (DBStoreBuilder.java:processTables(167)) - Using default column profile:DBProfile.DISK for Table:default
2019-07-13 22:41:33,999 INFO  db.DBStoreBuilder (DBStoreBuilder.java:getDbProfile(198)) - Using default options. DBProfile.DISK
2019-07-13 22:41:34,282 INFO  ipc.CallQueueManager (CallQueueManager.java:<init>(84)) - Using callQueue: class java.util.concurrent.LinkedBlockingQueue, queueCapacity: 2000, scheduler: class org.apache.hadoop.ipc.DefaultRpcScheduler, ipcBackoff: false.
2019-07-13 22:41:34,283 INFO  ipc.Server (Server.java:run(1074)) - Starting Socket Reader #1 for port 34753
2019-07-13 22:41:34,304 WARN  server.ServerUtils (ServerUtils.java:getDBPath(222)) - ozone.om.db.dirs is not configured. We recommend adding this setting. Falling back to ozone.metadata.dirs instead.
2019-07-13 22:41:34,305 INFO  om.OzoneManager (OzoneManager.java:start(1228)) - OzoneManager RPC server is listening at localhost/127.0.0.1:34753
2019-07-13 22:41:34,305 INFO  impl.MetricsSystemImpl (MetricsSystemImpl.java:init(158)) - OzoneManager metrics system started (again)
2019-07-13 22:41:34,306 INFO  ipc.Server (Server.java:run(1314)) - IPC Server Responder: starting
2019-07-13 22:41:34,306 INFO  ipc.Server (Server.java:run(1153)) - IPC Server listener on 34753: starting
2019-07-13 22:41:34,321 INFO  hdfs.DFSUtil (DFSUtil.java:httpServerTemplateForNNAndJN(1641)) - Starting Web-server for ozoneManager at: http://0.0.0.0:0
2019-07-13 22:41:34,323 INFO  server.AuthenticationFilter (AuthenticationFilter.java:constructSecretProvider(240)) - Unable to initialize FileSignerSecretProvider, falling back to use random secrets.
2019-07-13 22:41:34,324 WARN  http.HttpRequestLog (HttpRequestLog.java:getRequestLog(97)) - Jetty request log can only be enabled using Log4j
2019-07-13 22:41:34,327 INFO  http.HttpServer2 (HttpServer2.java:addGlobalFilter(975)) - Added global filter 'safety' (class=org.apache.hadoop.http.HttpServer2$QuotingInputFilter)
2019-07-13 22:41:34,328 INFO  http.HttpServer2 (HttpServer2.java:addFilter(948)) - Added filter static_user_filter (class=org.apache.hadoop.http.lib.StaticUserWebFilter$StaticUserFilter) to context ozoneManager
2019-07-13 22:41:34,329 INFO  http.HttpServer2 (HttpServer2.java:addFilter(958)) - Added filter static_user_filter (class=org.apache.hadoop.http.lib.StaticUserWebFilter$StaticUserFilter) to context logs
2019-07-13 22:41:34,329 INFO  http.HttpServer2 (HttpServer2.java:addFilter(958)) - Added filter static_user_filter (class=org.apache.hadoop.http.lib.StaticUserWebFilter$StaticUserFilter) to context static
2019-07-13 22:41:34,330 INFO  http.HttpServer2 (HttpServer2.java:bindListener(1191)) - Jetty bound to port 33571
2019-07-13 22:41:34,331 INFO  server.Server (Server.java:doStart(351)) - jetty-9.3.24.v20180605, build timestamp: 2018-06-05T17:11:56Z, git hash: 84205aa28f11a4f31f2a3b86d1bba2cc8ab69827
2019-07-13 22:41:34,499 INFO  handler.ContextHandler (ContextHandler.java:doStart(781)) - Started o.e.j.s.ServletContextHandler@c86c486{/logs,file:///tmp/workdir/hadoop-ozone/integration-test/target/log,AVAILABLE}
2019-07-13 22:41:34,511 INFO  handler.ContextHandler (ContextHandler.java:doStart(781)) - Started o.e.j.s.ServletContextHandler@3ea6faf0{/static,file:///tmp/workdir/hadoop-ozone/integration-test/target/test-classes/webapps/static,AVAILABLE}
2019-07-13 22:41:34,595 INFO  handler.ContextHandler (ContextHandler.java:doStart(781)) - Started o.e.j.w.WebAppContext@735167e1{/,file:///tmp/workdir/hadoop-ozone/integration-test/target/test-classes/webapps/ozoneManager/,AVAILABLE}{/ozoneManager}
2019-07-13 22:41:34,596 INFO  server.AbstractConnector (AbstractConnector.java:doStart(278)) - Started ServerConnector@67689c81{HTTP/1.1,[http/1.1]}{0.0.0.0:33571}
2019-07-13 22:41:34,600 INFO  server.Server (Server.java:doStart(419)) - Started @73421ms
2019-07-13 22:41:34,601 INFO  server.BaseHttpServer (BaseHttpServer.java:updateConnectorAddress(207)) - HTTP server of OZONEMANAGER is listening at http://0.0.0.0:33571
2019-07-13 22:41:34,622 INFO  impl.MetricsSystemImpl (MetricsSystemImpl.java:init(158)) - HddsDatanode metrics system started (again)
2019-07-13 22:41:34,622 INFO  ozone.HddsDatanodeService (HddsDatanodeService.java:start(185)) - HddsDatanodeService host:trunk-nightly-x8m8d-1534914823 ip:192.168.5.159
2019-07-13 22:41:34,638 INFO  volume.HddsVolume (HddsVolume.java:<init>(176)) - Creating Volume: /tmp/workdir/hadoop-ozone/integration-test/target/test-dir/MiniOzoneClusterImpl-ea706609-d548-4f96-b2ff-1bb804afac90/datanode-0/data/containers/hdds of  storage type : DISK and capacity : 52710309888
2019-07-13 22:41:34,638 INFO  volume.VolumeSet (VolumeSet.java:initializeVolumeSet(170)) - Added Volume : /tmp/workdir/hadoop-ozone/integration-test/target/test-dir/MiniOzoneClusterImpl-ea706609-d548-4f96-b2ff-1bb804afac90/datanode-0/data/containers/hdds to VolumeSet
2019-07-13 22:41:34,639 INFO  volume.ThrottledAsyncChecker (ThrottledAsyncChecker.java:schedule(140)) - Scheduling a check for org.apache.hadoop.ozone.container.common.volume.HddsVolume@66048c9e
2019-07-13 22:41:34,639 INFO  volume.HddsVolumeChecker (HddsVolumeChecker.java:checkAllVolumes(203)) - Scheduled health check for volume org.apache.hadoop.ozone.container.common.volume.HddsVolume@66048c9e
2019-07-13 22:41:34,661 INFO  impl.RaftServerProxy (ConfUtils.java:logGet(43)) - raft.rpc.type = GRPC (default)
2019-07-13 22:41:34,661 INFO  grpc.GrpcFactory (GrpcFactory.java:checkPooledByteBufAllocatorUseCacheForAllThreads(45)) - PERFORMANCE WARNING: useCacheForAllThreads is true that may cause Netty to create a lot garbage objects and, as a result, trigger GC.
	It is recommended to disable useCacheForAllThreads by setting -Dorg.apache.ratis.thirdparty.io.netty.allocator.useCacheForAllThreads=false in command line.
2019-07-13 22:41:34,662 INFO  grpc.GrpcConfigKeys$Server (ConfUtils.java:logGet(43)) - raft.grpc.server.port = 0 (default)
2019-07-13 22:41:34,662 INFO  server.GrpcService (ConfUtils.java:logGet(43)) - raft.grpc.message.size.max = 33570816 (custom)
2019-07-13 22:41:34,663 INFO  server.RaftServerConfigKeys (ConfUtils.java:logGet(43)) - raft.server.log.appender.buffer.byte-limit = 33554432 (custom)
2019-07-13 22:41:34,663 INFO  server.GrpcService (ConfUtils.java:logGet(43)) - raft.grpc.flow.control.window = 1MB (=1048576) (default)
2019-07-13 22:41:34,663 INFO  server.RaftServerConfigKeys (ConfUtils.java:logGet(43)) - raft.server.rpc.request.timeout = 3000ms (default)
2019-07-13 22:41:34,664 INFO  server.RaftServerConfigKeys (ConfUtils.java:logGet(43)) - raft.server.storage.dir = [/tmp/workdir/hadoop-ozone/integration-test/target/test-dir/MiniOzoneClusterImpl-ea706609-d548-4f96-b2ff-1bb804afac90/datanode-0/data/ratis] (custom)
2019-07-13 22:41:34,665 INFO  replication.SimpleContainerDownloader (SimpleContainerDownloader.java:<init>(72)) - Starting container downloader service to copy containers to replicate.
2019-07-13 22:41:34,666 INFO  hdfs.DFSUtil (DFSUtil.java:httpServerTemplateForNNAndJN(1641)) - Starting Web-server for hddsDatanode at: http://0.0.0.0:0
2019-07-13 22:41:34,668 INFO  server.AuthenticationFilter (AuthenticationFilter.java:constructSecretProvider(240)) - Unable to initialize FileSignerSecretProvider, falling back to use random secrets.
2019-07-13 22:41:34,668 WARN  http.HttpRequestLog (HttpRequestLog.java:getRequestLog(97)) - Jetty request log can only be enabled using Log4j
2019-07-13 22:41:34,670 INFO  http.HttpServer2 (HttpServer2.java:addGlobalFilter(975)) - Added global filter 'safety' (class=org.apache.hadoop.http.HttpServer2$QuotingInputFilter)
2019-07-13 22:41:34,671 INFO  http.HttpServer2 (HttpServer2.java:addFilter(948)) - Added filter static_user_filter (class=org.apache.hadoop.http.lib.StaticUserWebFilter$StaticUserFilter) to context hddsDatanode
2019-07-13 22:41:34,671 INFO  http.HttpServer2 (HttpServer2.java:addFilter(958)) - Added filter static_user_filter (class=org.apache.hadoop.http.lib.StaticUserWebFilter$StaticUserFilter) to context static
2019-07-13 22:41:34,671 INFO  http.HttpServer2 (HttpServer2.java:addFilter(958)) - Added filter static_user_filter (class=org.apache.hadoop.http.lib.StaticUserWebFilter$StaticUserFilter) to context logs
2019-07-13 22:41:34,672 INFO  http.HttpServer2 (HttpServer2.java:bindListener(1191)) - Jetty bound to port 42237
2019-07-13 22:41:34,673 INFO  server.Server (Server.java:doStart(351)) - jetty-9.3.24.v20180605, build timestamp: 2018-06-05T17:11:56Z, git hash: 84205aa28f11a4f31f2a3b86d1bba2cc8ab69827
2019-07-13 22:41:34,675 INFO  handler.ContextHandler (ContextHandler.java:doStart(781)) - Started o.e.j.s.ServletContextHandler@28888124{/logs,file:///tmp/workdir/hadoop-ozone/integration-test/target/log,AVAILABLE}
2019-07-13 22:41:34,675 INFO  handler.ContextHandler (ContextHandler.java:doStart(781)) - Started o.e.j.s.ServletContextHandler@2568611c{/static,jar:file:/home/user/.m2/repository/org/apache/hadoop/hadoop-hdds-container-service/0.5.0-SNAPSHOT/hadoop-hdds-container-service-0.5.0-SNAPSHOT.jar!/webapps/static,AVAILABLE}
2019-07-13 22:41:34,711 INFO  handler.ContextHandler (ContextHandler.java:doStart(781)) - Started o.e.j.w.WebAppContext@1fb30e5d{/,file:///tmp/jetty-0.0.0.0-42237-hddsDatanode-_-any-5158587485590557264.dir/webapp/,AVAILABLE}{/hddsDatanode}
2019-07-13 22:41:34,712 INFO  server.AbstractConnector (AbstractConnector.java:doStart(278)) - Started ServerConnector@56a72887{HTTP/1.1,[http/1.1]}{0.0.0.0:42237}
2019-07-13 22:41:34,715 INFO  server.Server (Server.java:doStart(419)) - Started @73536ms
2019-07-13 22:41:34,716 INFO  server.BaseHttpServer (BaseHttpServer.java:updateConnectorAddress(207)) - HTTP server of HDDSDATANODE is listening at http://0.0.0.0:42237
2019-07-13 22:41:34,843 INFO  ozone.HddsDatanodeService (HddsDatanodeService.java:startPlugins(396)) - Started plug-in org.apache.hadoop.ozone.web.OzoneHddsDatanodeService@3892802b
2019-07-13 22:41:34,843 INFO  impl.MetricsSystemImpl (MetricsSystemImpl.java:init(158)) - HddsDatanode metrics system started (again)
2019-07-13 22:41:34,844 INFO  ozone.HddsDatanodeService (HddsDatanodeService.java:start(185)) - HddsDatanodeService host:trunk-nightly-x8m8d-1534914823 ip:192.168.5.159
2019-07-13 22:41:34,845 INFO  util.JvmPauseMonitor (JvmPauseMonitor.java:run(188)) - Starting JVM pause monitor
2019-07-13 22:41:34,847 INFO  datanode.InitDatanodeState (InitDatanodeState.java:persistContainerDatanodeDetails(140)) - DatanodeDetails is persisted to /tmp/workdir/hadoop-ozone/integration-test/target/test-dir/MiniOzoneClusterImpl-ea706609-d548-4f96-b2ff-1bb804afac90/datanode-0/meta/datanode.id
2019-07-13 22:41:34,872 INFO  volume.HddsVolume (HddsVolume.java:<init>(176)) - Creating Volume: /tmp/workdir/hadoop-ozone/integration-test/target/test-dir/MiniOzoneClusterImpl-ea706609-d548-4f96-b2ff-1bb804afac90/datanode-1/data/containers/hdds of  storage type : DISK and capacity : 52710309888
2019-07-13 22:41:34,872 INFO  volume.VolumeSet (VolumeSet.java:initializeVolumeSet(170)) - Added Volume : /tmp/workdir/hadoop-ozone/integration-test/target/test-dir/MiniOzoneClusterImpl-ea706609-d548-4f96-b2ff-1bb804afac90/datanode-1/data/containers/hdds to VolumeSet
2019-07-13 22:41:34,873 INFO  volume.ThrottledAsyncChecker (ThrottledAsyncChecker.java:schedule(140)) - Scheduling a check for org.apache.hadoop.ozone.container.common.volume.HddsVolume@50008974
2019-07-13 22:41:34,873 INFO  volume.HddsVolumeChecker (HddsVolumeChecker.java:checkAllVolumes(203)) - Scheduled health check for volume org.apache.hadoop.ozone.container.common.volume.HddsVolume@50008974
2019-07-13 22:41:34,891 INFO  impl.RaftServerProxy (ConfUtils.java:logGet(43)) - raft.rpc.type = GRPC (default)
2019-07-13 22:41:34,891 INFO  grpc.GrpcFactory (GrpcFactory.java:checkPooledByteBufAllocatorUseCacheForAllThreads(45)) - PERFORMANCE WARNING: useCacheForAllThreads is true that may cause Netty to create a lot garbage objects and, as a result, trigger GC.
	It is recommended to disable useCacheForAllThreads by setting -Dorg.apache.ratis.thirdparty.io.netty.allocator.useCacheForAllThreads=false in command line.
2019-07-13 22:41:34,891 INFO  grpc.GrpcConfigKeys$Server (ConfUtils.java:logGet(43)) - raft.grpc.server.port = 0 (default)
2019-07-13 22:41:34,892 INFO  server.GrpcService (ConfUtils.java:logGet(43)) - raft.grpc.message.size.max = 33570816 (custom)
2019-07-13 22:41:34,892 INFO  server.RaftServerConfigKeys (ConfUtils.java:logGet(43)) - raft.server.log.appender.buffer.byte-limit = 33554432 (custom)
2019-07-13 22:41:34,892 INFO  server.GrpcService (ConfUtils.java:logGet(43)) - raft.grpc.flow.control.window = 1MB (=1048576) (default)
2019-07-13 22:41:34,892 INFO  server.RaftServerConfigKeys (ConfUtils.java:logGet(43)) - raft.server.rpc.request.timeout = 3000ms (default)
2019-07-13 22:41:34,893 INFO  server.RaftServerConfigKeys (ConfUtils.java:logGet(43)) - raft.server.storage.dir = [/tmp/workdir/hadoop-ozone/integration-test/target/test-dir/MiniOzoneClusterImpl-ea706609-d548-4f96-b2ff-1bb804afac90/datanode-1/data/ratis] (custom)
2019-07-13 22:41:34,893 INFO  replication.SimpleContainerDownloader (SimpleContainerDownloader.java:<init>(72)) - Starting container downloader service to copy containers to replicate.
2019-07-13 22:41:34,894 INFO  hdfs.DFSUtil (DFSUtil.java:httpServerTemplateForNNAndJN(1641)) - Starting Web-server for hddsDatanode at: http://0.0.0.0:0
2019-07-13 22:41:34,895 INFO  server.AuthenticationFilter (AuthenticationFilter.java:constructSecretProvider(240)) - Unable to initialize FileSignerSecretProvider, falling back to use random secrets.
2019-07-13 22:41:34,896 WARN  http.HttpRequestLog (HttpRequestLog.java:getRequestLog(97)) - Jetty request log can only be enabled using Log4j
2019-07-13 22:41:34,897 INFO  http.HttpServer2 (HttpServer2.java:addGlobalFilter(975)) - Added global filter 'safety' (class=org.apache.hadoop.http.HttpServer2$QuotingInputFilter)
2019-07-13 22:41:34,897 INFO  http.HttpServer2 (HttpServer2.java:addFilter(948)) - Added filter static_user_filter (class=org.apache.hadoop.http.lib.StaticUserWebFilter$StaticUserFilter) to context hddsDatanode
2019-07-13 22:41:34,898 INFO  http.HttpServer2 (HttpServer2.java:addFilter(958)) - Added filter static_user_filter (class=org.apache.hadoop.http.lib.StaticUserWebFilter$StaticUserFilter) to context logs
2019-07-13 22:41:34,898 INFO  http.HttpServer2 (HttpServer2.java:addFilter(958)) - Added filter static_user_filter (class=org.apache.hadoop.http.lib.StaticUserWebFilter$StaticUserFilter) to context static
2019-07-13 22:41:34,898 INFO  http.HttpServer2 (HttpServer2.java:bindListener(1191)) - Jetty bound to port 46775
2019-07-13 22:41:34,899 INFO  server.Server (Server.java:doStart(351)) - jetty-9.3.24.v20180605, build timestamp: 2018-06-05T17:11:56Z, git hash: 84205aa28f11a4f31f2a3b86d1bba2cc8ab69827
2019-07-13 22:41:34,900 INFO  handler.ContextHandler (ContextHandler.java:doStart(781)) - Started o.e.j.s.ServletContextHandler@478c84aa{/logs,file:///tmp/workdir/hadoop-ozone/integration-test/target/log,AVAILABLE}
2019-07-13 22:41:34,901 INFO  handler.ContextHandler (ContextHandler.java:doStart(781)) - Started o.e.j.s.ServletContextHandler@18d1d137{/static,jar:file:/home/user/.m2/repository/org/apache/hadoop/hadoop-hdds-container-service/0.5.0-SNAPSHOT/hadoop-hdds-container-service-0.5.0-SNAPSHOT.jar!/webapps/static,AVAILABLE}
2019-07-13 22:41:34,927 INFO  handler.ContextHandler (ContextHandler.java:doStart(781)) - Started o.e.j.w.WebAppContext@221cdd87{/,file:///tmp/jetty-0.0.0.0-46775-hddsDatanode-_-any-5558087782711294399.dir/webapp/,AVAILABLE}{/hddsDatanode}
2019-07-13 22:41:34,927 INFO  server.AbstractConnector (AbstractConnector.java:doStart(278)) - Started ServerConnector@4d66cb{HTTP/1.1,[http/1.1]}{0.0.0.0:46775}
2019-07-13 22:41:34,933 INFO  server.Server (Server.java:doStart(419)) - Started @73754ms
2019-07-13 22:41:34,933 INFO  server.BaseHttpServer (BaseHttpServer.java:updateConnectorAddress(207)) - HTTP server of HDDSDATANODE is listening at http://0.0.0.0:46775
2019-07-13 22:41:35,089 INFO  ozone.HddsDatanodeService (HddsDatanodeService.java:startPlugins(396)) - Started plug-in org.apache.hadoop.ozone.web.OzoneHddsDatanodeService@7d75940
2019-07-13 22:41:35,097 INFO  impl.MetricsSystemImpl (MetricsSystemImpl.java:init(158)) - HddsDatanode metrics system started (again)
2019-07-13 22:41:35,098 INFO  ozone.HddsDatanodeService (HddsDatanodeService.java:start(185)) - HddsDatanodeService host:trunk-nightly-x8m8d-1534914823 ip:192.168.5.159
2019-07-13 22:41:35,099 INFO  util.JvmPauseMonitor (JvmPauseMonitor.java:run(188)) - Starting JVM pause monitor
2019-07-13 22:41:35,101 INFO  datanode.InitDatanodeState (InitDatanodeState.java:persistContainerDatanodeDetails(140)) - DatanodeDetails is persisted to /tmp/workdir/hadoop-ozone/integration-test/target/test-dir/MiniOzoneClusterImpl-ea706609-d548-4f96-b2ff-1bb804afac90/datanode-1/meta/datanode.id
2019-07-13 22:41:35,113 INFO  volume.HddsVolume (HddsVolume.java:<init>(176)) - Creating Volume: /tmp/workdir/hadoop-ozone/integration-test/target/test-dir/MiniOzoneClusterImpl-ea706609-d548-4f96-b2ff-1bb804afac90/datanode-2/data/containers/hdds of  storage type : DISK and capacity : 52710309888
2019-07-13 22:41:35,114 INFO  volume.VolumeSet (VolumeSet.java:initializeVolumeSet(170)) - Added Volume : /tmp/workdir/hadoop-ozone/integration-test/target/test-dir/MiniOzoneClusterImpl-ea706609-d548-4f96-b2ff-1bb804afac90/datanode-2/data/containers/hdds to VolumeSet
2019-07-13 22:41:35,114 INFO  volume.ThrottledAsyncChecker (ThrottledAsyncChecker.java:schedule(140)) - Scheduling a check for org.apache.hadoop.ozone.container.common.volume.HddsVolume@c49e434
2019-07-13 22:41:35,115 INFO  volume.HddsVolumeChecker (HddsVolumeChecker.java:checkAllVolumes(203)) - Scheduled health check for volume org.apache.hadoop.ozone.container.common.volume.HddsVolume@c49e434
2019-07-13 22:41:35,141 INFO  impl.RaftServerProxy (ConfUtils.java:logGet(43)) - raft.rpc.type = GRPC (default)
2019-07-13 22:41:35,141 INFO  grpc.GrpcFactory (GrpcFactory.java:checkPooledByteBufAllocatorUseCacheForAllThreads(45)) - PERFORMANCE WARNING: useCacheForAllThreads is true that may cause Netty to create a lot garbage objects and, as a result, trigger GC.
	It is recommended to disable useCacheForAllThreads by setting -Dorg.apache.ratis.thirdparty.io.netty.allocator.useCacheForAllThreads=false in command line.
2019-07-13 22:41:35,141 INFO  grpc.GrpcConfigKeys$Server (ConfUtils.java:logGet(43)) - raft.grpc.server.port = 0 (default)
2019-07-13 22:41:35,142 INFO  server.GrpcService (ConfUtils.java:logGet(43)) - raft.grpc.message.size.max = 33570816 (custom)
2019-07-13 22:41:35,142 INFO  server.RaftServerConfigKeys (ConfUtils.java:logGet(43)) - raft.server.log.appender.buffer.byte-limit = 33554432 (custom)
2019-07-13 22:41:35,142 INFO  server.GrpcService (ConfUtils.java:logGet(43)) - raft.grpc.flow.control.window = 1MB (=1048576) (default)
2019-07-13 22:41:35,142 INFO  server.RaftServerConfigKeys (ConfUtils.java:logGet(43)) - raft.server.rpc.request.timeout = 3000ms (default)
2019-07-13 22:41:35,143 INFO  server.RaftServerConfigKeys (ConfUtils.java:logGet(43)) - raft.server.storage.dir = [/tmp/workdir/hadoop-ozone/integration-test/target/test-dir/MiniOzoneClusterImpl-ea706609-d548-4f96-b2ff-1bb804afac90/datanode-2/data/ratis] (custom)
2019-07-13 22:41:35,144 INFO  replication.SimpleContainerDownloader (SimpleContainerDownloader.java:<init>(72)) - Starting container downloader service to copy containers to replicate.
2019-07-13 22:41:35,145 INFO  hdfs.DFSUtil (DFSUtil.java:httpServerTemplateForNNAndJN(1641)) - Starting Web-server for hddsDatanode at: http://0.0.0.0:0
2019-07-13 22:41:35,147 INFO  server.AuthenticationFilter (AuthenticationFilter.java:constructSecretProvider(240)) - Unable to initialize FileSignerSecretProvider, falling back to use random secrets.
2019-07-13 22:41:35,147 WARN  http.HttpRequestLog (HttpRequestLog.java:getRequestLog(97)) - Jetty request log can only be enabled using Log4j
2019-07-13 22:41:35,149 INFO  http.HttpServer2 (HttpServer2.java:addGlobalFilter(975)) - Added global filter 'safety' (class=org.apache.hadoop.http.HttpServer2$QuotingInputFilter)
2019-07-13 22:41:35,150 INFO  http.HttpServer2 (HttpServer2.java:addFilter(948)) - Added filter static_user_filter (class=org.apache.hadoop.http.lib.StaticUserWebFilter$StaticUserFilter) to context hddsDatanode
2019-07-13 22:41:35,150 INFO  http.HttpServer2 (HttpServer2.java:addFilter(958)) - Added filter static_user_filter (class=org.apache.hadoop.http.lib.StaticUserWebFilter$StaticUserFilter) to context logs
2019-07-13 22:41:35,150 INFO  http.HttpServer2 (HttpServer2.java:addFilter(958)) - Added filter static_user_filter (class=org.apache.hadoop.http.lib.StaticUserWebFilter$StaticUserFilter) to context static
2019-07-13 22:41:35,151 INFO  http.HttpServer2 (HttpServer2.java:bindListener(1191)) - Jetty bound to port 35125
2019-07-13 22:41:35,151 INFO  server.Server (Server.java:doStart(351)) - jetty-9.3.24.v20180605, build timestamp: 2018-06-05T17:11:56Z, git hash: 84205aa28f11a4f31f2a3b86d1bba2cc8ab69827
2019-07-13 22:41:35,153 INFO  handler.ContextHandler (ContextHandler.java:doStart(781)) - Started o.e.j.s.ServletContextHandler@5f5c0eda{/logs,file:///tmp/workdir/hadoop-ozone/integration-test/target/log,AVAILABLE}
2019-07-13 22:41:35,154 INFO  handler.ContextHandler (ContextHandler.java:doStart(781)) - Started o.e.j.s.ServletContextHandler@3694461d{/static,jar:file:/home/user/.m2/repository/org/apache/hadoop/hadoop-hdds-container-service/0.5.0-SNAPSHOT/hadoop-hdds-container-service-0.5.0-SNAPSHOT.jar!/webapps/static,AVAILABLE}
2019-07-13 22:41:35,188 INFO  handler.ContextHandler (ContextHandler.java:doStart(781)) - Started o.e.j.w.WebAppContext@19c24321{/,file:///tmp/jetty-0.0.0.0-35125-hddsDatanode-_-any-386022832279705092.dir/webapp/,AVAILABLE}{/hddsDatanode}
2019-07-13 22:41:35,189 INFO  server.AbstractConnector (AbstractConnector.java:doStart(278)) - Started ServerConnector@ba27ce6{HTTP/1.1,[http/1.1]}{0.0.0.0:35125}
2019-07-13 22:41:35,193 INFO  server.Server (Server.java:doStart(419)) - Started @74014ms
2019-07-13 22:41:35,194 INFO  server.BaseHttpServer (BaseHttpServer.java:updateConnectorAddress(207)) - HTTP server of HDDSDATANODE is listening at http://0.0.0.0:35125
2019-07-13 22:41:35,303 INFO  ozone.HddsDatanodeService (HddsDatanodeService.java:startPlugins(396)) - Started plug-in org.apache.hadoop.ozone.web.OzoneHddsDatanodeService@7eea934d
2019-07-13 22:41:35,304 INFO  impl.MetricsSystemImpl (MetricsSystemImpl.java:init(158)) - HddsDatanode metrics system started (again)
2019-07-13 22:41:35,304 INFO  ozone.HddsDatanodeService (HddsDatanodeService.java:start(185)) - HddsDatanodeService host:trunk-nightly-x8m8d-1534914823 ip:192.168.5.159
2019-07-13 22:41:35,305 INFO  util.JvmPauseMonitor (JvmPauseMonitor.java:run(188)) - Starting JVM pause monitor
2019-07-13 22:41:35,308 INFO  datanode.InitDatanodeState (InitDatanodeState.java:persistContainerDatanodeDetails(140)) - DatanodeDetails is persisted to /tmp/workdir/hadoop-ozone/integration-test/target/test-dir/MiniOzoneClusterImpl-ea706609-d548-4f96-b2ff-1bb804afac90/datanode-2/meta/datanode.id
2019-07-13 22:41:35,321 INFO  volume.HddsVolume (HddsVolume.java:<init>(176)) - Creating Volume: /tmp/workdir/hadoop-ozone/integration-test/target/test-dir/MiniOzoneClusterImpl-ea706609-d548-4f96-b2ff-1bb804afac90/datanode-3/data/containers/hdds of  storage type : DISK and capacity : 52710309888
2019-07-13 22:41:35,322 INFO  volume.VolumeSet (VolumeSet.java:initializeVolumeSet(170)) - Added Volume : /tmp/workdir/hadoop-ozone/integration-test/target/test-dir/MiniOzoneClusterImpl-ea706609-d548-4f96-b2ff-1bb804afac90/datanode-3/data/containers/hdds to VolumeSet
2019-07-13 22:41:35,322 INFO  volume.ThrottledAsyncChecker (ThrottledAsyncChecker.java:schedule(140)) - Scheduling a check for org.apache.hadoop.ozone.container.common.volume.HddsVolume@2fd8b081
2019-07-13 22:41:35,322 INFO  volume.HddsVolumeChecker (HddsVolumeChecker.java:checkAllVolumes(203)) - Scheduled health check for volume org.apache.hadoop.ozone.container.common.volume.HddsVolume@2fd8b081
2019-07-13 22:41:35,350 INFO  impl.RaftServerProxy (ConfUtils.java:logGet(43)) - raft.rpc.type = GRPC (default)
2019-07-13 22:41:35,350 INFO  grpc.GrpcFactory (GrpcFactory.java:checkPooledByteBufAllocatorUseCacheForAllThreads(45)) - PERFORMANCE WARNING: useCacheForAllThreads is true that may cause Netty to create a lot garbage objects and, as a result, trigger GC.
	It is recommended to disable useCacheForAllThreads by setting -Dorg.apache.ratis.thirdparty.io.netty.allocator.useCacheForAllThreads=false in command line.
2019-07-13 22:41:35,350 INFO  grpc.GrpcConfigKeys$Server (ConfUtils.java:logGet(43)) - raft.grpc.server.port = 0 (default)
2019-07-13 22:41:35,350 INFO  server.GrpcService (ConfUtils.java:logGet(43)) - raft.grpc.message.size.max = 33570816 (custom)
2019-07-13 22:41:35,351 INFO  server.RaftServerConfigKeys (ConfUtils.java:logGet(43)) - raft.server.log.appender.buffer.byte-limit = 33554432 (custom)
2019-07-13 22:41:35,351 INFO  server.GrpcService (ConfUtils.java:logGet(43)) - raft.grpc.flow.control.window = 1MB (=1048576) (default)
2019-07-13 22:41:35,351 INFO  server.RaftServerConfigKeys (ConfUtils.java:logGet(43)) - raft.server.rpc.request.timeout = 3000ms (default)
2019-07-13 22:41:35,351 INFO  server.RaftServerConfigKeys (ConfUtils.java:logGet(43)) - raft.server.storage.dir = [/tmp/workdir/hadoop-ozone/integration-test/target/test-dir/MiniOzoneClusterImpl-ea706609-d548-4f96-b2ff-1bb804afac90/datanode-3/data/ratis] (custom)
2019-07-13 22:41:35,352 INFO  replication.SimpleContainerDownloader (SimpleContainerDownloader.java:<init>(72)) - Starting container downloader service to copy containers to replicate.
2019-07-13 22:41:35,353 INFO  hdfs.DFSUtil (DFSUtil.java:httpServerTemplateForNNAndJN(1641)) - Starting Web-server for hddsDatanode at: http://0.0.0.0:0
2019-07-13 22:41:35,354 INFO  server.AuthenticationFilter (AuthenticationFilter.java:constructSecretProvider(240)) - Unable to initialize FileSignerSecretProvider, falling back to use random secrets.
2019-07-13 22:41:35,355 WARN  http.HttpRequestLog (HttpRequestLog.java:getRequestLog(97)) - Jetty request log can only be enabled using Log4j
2019-07-13 22:41:35,356 INFO  http.HttpServer2 (HttpServer2.java:addGlobalFilter(975)) - Added global filter 'safety' (class=org.apache.hadoop.http.HttpServer2$QuotingInputFilter)
2019-07-13 22:41:35,356 INFO  http.HttpServer2 (HttpServer2.java:addFilter(948)) - Added filter static_user_filter (class=org.apache.hadoop.http.lib.StaticUserWebFilter$StaticUserFilter) to context hddsDatanode
2019-07-13 22:41:35,356 INFO  http.HttpServer2 (HttpServer2.java:addFilter(958)) - Added filter static_user_filter (class=org.apache.hadoop.http.lib.StaticUserWebFilter$StaticUserFilter) to context static
2019-07-13 22:41:35,356 INFO  http.HttpServer2 (HttpServer2.java:addFilter(958)) - Added filter static_user_filter (class=org.apache.hadoop.http.lib.StaticUserWebFilter$StaticUserFilter) to context logs
2019-07-13 22:41:35,357 INFO  http.HttpServer2 (HttpServer2.java:bindListener(1191)) - Jetty bound to port 44975
2019-07-13 22:41:35,357 INFO  server.Server (Server.java:doStart(351)) - jetty-9.3.24.v20180605, build timestamp: 2018-06-05T17:11:56Z, git hash: 84205aa28f11a4f31f2a3b86d1bba2cc8ab69827
2019-07-13 22:41:35,359 INFO  handler.ContextHandler (ContextHandler.java:doStart(781)) - Started o.e.j.s.ServletContextHandler@2cd2c764{/logs,file:///tmp/workdir/hadoop-ozone/integration-test/target/log,AVAILABLE}
2019-07-13 22:41:35,359 INFO  handler.ContextHandler (ContextHandler.java:doStart(781)) - Started o.e.j.s.ServletContextHandler@1f1c7fde{/static,jar:file:/home/user/.m2/repository/org/apache/hadoop/hadoop-hdds-container-service/0.5.0-SNAPSHOT/hadoop-hdds-container-service-0.5.0-SNAPSHOT.jar!/webapps/static,AVAILABLE}
2019-07-13 22:41:35,386 INFO  handler.ContextHandler (ContextHandler.java:doStart(781)) - Started o.e.j.w.WebAppContext@48126a17{/,file:///tmp/jetty-0.0.0.0-44975-hddsDatanode-_-any-7701253495712829983.dir/webapp/,AVAILABLE}{/hddsDatanode}
2019-07-13 22:41:35,386 INFO  server.AbstractConnector (AbstractConnector.java:doStart(278)) - Started ServerConnector@1a7437d8{HTTP/1.1,[http/1.1]}{0.0.0.0:44975}
2019-07-13 22:41:35,392 INFO  server.Server (Server.java:doStart(419)) - Started @74213ms
2019-07-13 22:41:35,392 INFO  server.BaseHttpServer (BaseHttpServer.java:updateConnectorAddress(207)) - HTTP server of HDDSDATANODE is listening at http://0.0.0.0:44975
2019-07-13 22:41:35,502 INFO  ozone.HddsDatanodeService (HddsDatanodeService.java:startPlugins(396)) - Started plug-in org.apache.hadoop.ozone.web.OzoneHddsDatanodeService@30b97fcf
2019-07-13 22:41:35,503 INFO  impl.MetricsSystemImpl (MetricsSystemImpl.java:init(158)) - HddsDatanode metrics system started (again)
2019-07-13 22:41:35,503 INFO  ozone.HddsDatanodeService (HddsDatanodeService.java:start(185)) - HddsDatanodeService host:trunk-nightly-x8m8d-1534914823 ip:192.168.5.159
2019-07-13 22:41:35,504 INFO  util.JvmPauseMonitor (JvmPauseMonitor.java:run(188)) - Starting JVM pause monitor
2019-07-13 22:41:35,506 INFO  datanode.InitDatanodeState (InitDatanodeState.java:persistContainerDatanodeDetails(140)) - DatanodeDetails is persisted to /tmp/workdir/hadoop-ozone/integration-test/target/test-dir/MiniOzoneClusterImpl-ea706609-d548-4f96-b2ff-1bb804afac90/datanode-3/meta/datanode.id
2019-07-13 22:41:35,519 INFO  volume.HddsVolume (HddsVolume.java:<init>(176)) - Creating Volume: /tmp/workdir/hadoop-ozone/integration-test/target/test-dir/MiniOzoneClusterImpl-ea706609-d548-4f96-b2ff-1bb804afac90/datanode-4/data/containers/hdds of  storage type : DISK and capacity : 52710309888
2019-07-13 22:41:35,519 INFO  volume.VolumeSet (VolumeSet.java:initializeVolumeSet(170)) - Added Volume : /tmp/workdir/hadoop-ozone/integration-test/target/test-dir/MiniOzoneClusterImpl-ea706609-d548-4f96-b2ff-1bb804afac90/datanode-4/data/containers/hdds to VolumeSet
2019-07-13 22:41:35,523 INFO  volume.ThrottledAsyncChecker (ThrottledAsyncChecker.java:schedule(140)) - Scheduling a check for org.apache.hadoop.ozone.container.common.volume.HddsVolume@48da5106
2019-07-13 22:41:35,523 INFO  volume.HddsVolumeChecker (HddsVolumeChecker.java:checkAllVolumes(203)) - Scheduled health check for volume org.apache.hadoop.ozone.container.common.volume.HddsVolume@48da5106
2019-07-13 22:41:35,541 INFO  impl.RaftServerProxy (ConfUtils.java:logGet(43)) - raft.rpc.type = GRPC (default)
2019-07-13 22:41:35,542 INFO  grpc.GrpcFactory (GrpcFactory.java:checkPooledByteBufAllocatorUseCacheForAllThreads(45)) - PERFORMANCE WARNING: useCacheForAllThreads is true that may cause Netty to create a lot garbage objects and, as a result, trigger GC.
	It is recommended to disable useCacheForAllThreads by setting -Dorg.apache.ratis.thirdparty.io.netty.allocator.useCacheForAllThreads=false in command line.
2019-07-13 22:41:35,542 INFO  grpc.GrpcConfigKeys$Server (ConfUtils.java:logGet(43)) - raft.grpc.server.port = 0 (default)
2019-07-13 22:41:35,542 INFO  server.GrpcService (ConfUtils.java:logGet(43)) - raft.grpc.message.size.max = 33570816 (custom)
2019-07-13 22:41:35,542 INFO  server.RaftServerConfigKeys (ConfUtils.java:logGet(43)) - raft.server.log.appender.buffer.byte-limit = 33554432 (custom)
2019-07-13 22:41:35,542 INFO  server.GrpcService (ConfUtils.java:logGet(43)) - raft.grpc.flow.control.window = 1MB (=1048576) (default)
2019-07-13 22:41:35,543 INFO  server.RaftServerConfigKeys (ConfUtils.java:logGet(43)) - raft.server.rpc.request.timeout = 3000ms (default)
2019-07-13 22:41:35,543 INFO  server.RaftServerConfigKeys (ConfUtils.java:logGet(43)) - raft.server.storage.dir = [/tmp/workdir/hadoop-ozone/integration-test/target/test-dir/MiniOzoneClusterImpl-ea706609-d548-4f96-b2ff-1bb804afac90/datanode-4/data/ratis] (custom)
2019-07-13 22:41:35,543 INFO  replication.SimpleContainerDownloader (SimpleContainerDownloader.java:<init>(72)) - Starting container downloader service to copy containers to replicate.
2019-07-13 22:41:35,544 INFO  hdfs.DFSUtil (DFSUtil.java:httpServerTemplateForNNAndJN(1641)) - Starting Web-server for hddsDatanode at: http://0.0.0.0:0
2019-07-13 22:41:35,546 INFO  server.AuthenticationFilter (AuthenticationFilter.java:constructSecretProvider(240)) - Unable to initialize FileSignerSecretProvider, falling back to use random secrets.
2019-07-13 22:41:35,546 WARN  http.HttpRequestLog (HttpRequestLog.java:getRequestLog(97)) - Jetty request log can only be enabled using Log4j
2019-07-13 22:41:35,547 INFO  http.HttpServer2 (HttpServer2.java:addGlobalFilter(975)) - Added global filter 'safety' (class=org.apache.hadoop.http.HttpServer2$QuotingInputFilter)
2019-07-13 22:41:35,548 INFO  http.HttpServer2 (HttpServer2.java:addFilter(948)) - Added filter static_user_filter (class=org.apache.hadoop.http.lib.StaticUserWebFilter$StaticUserFilter) to context hddsDatanode
2019-07-13 22:41:35,548 INFO  http.HttpServer2 (HttpServer2.java:addFilter(958)) - Added filter static_user_filter (class=org.apache.hadoop.http.lib.StaticUserWebFilter$StaticUserFilter) to context static
2019-07-13 22:41:35,548 INFO  http.HttpServer2 (HttpServer2.java:addFilter(958)) - Added filter static_user_filter (class=org.apache.hadoop.http.lib.StaticUserWebFilter$StaticUserFilter) to context logs
2019-07-13 22:41:35,549 INFO  http.HttpServer2 (HttpServer2.java:bindListener(1191)) - Jetty bound to port 38760
2019-07-13 22:41:35,549 INFO  server.Server (Server.java:doStart(351)) - jetty-9.3.24.v20180605, build timestamp: 2018-06-05T17:11:56Z, git hash: 84205aa28f11a4f31f2a3b86d1bba2cc8ab69827
2019-07-13 22:41:35,550 INFO  handler.ContextHandler (ContextHandler.java:doStart(781)) - Started o.e.j.s.ServletContextHandler@33060020{/logs,file:///tmp/workdir/hadoop-ozone/integration-test/target/log,AVAILABLE}
2019-07-13 22:41:35,551 INFO  handler.ContextHandler (ContextHandler.java:doStart(781)) - Started o.e.j.s.ServletContextHandler@a72925{/static,jar:file:/home/user/.m2/repository/org/apache/hadoop/hadoop-hdds-container-service/0.5.0-SNAPSHOT/hadoop-hdds-container-service-0.5.0-SNAPSHOT.jar!/webapps/static,AVAILABLE}
2019-07-13 22:41:35,577 INFO  handler.ContextHandler (ContextHandler.java:doStart(781)) - Started o.e.j.w.WebAppContext@674fd531{/,file:///tmp/jetty-0.0.0.0-38760-hddsDatanode-_-any-8173573284246039375.dir/webapp/,AVAILABLE}{/hddsDatanode}
2019-07-13 22:41:35,577 INFO  server.AbstractConnector (AbstractConnector.java:doStart(278)) - Started ServerConnector@7f53b345{HTTP/1.1,[http/1.1]}{0.0.0.0:38760}
2019-07-13 22:41:35,582 INFO  server.Server (Server.java:doStart(419)) - Started @74404ms
2019-07-13 22:41:35,583 INFO  server.BaseHttpServer (BaseHttpServer.java:updateConnectorAddress(207)) - HTTP server of HDDSDATANODE is listening at http://0.0.0.0:38760
2019-07-13 22:41:35,729 INFO  ozone.HddsDatanodeService (HddsDatanodeService.java:startPlugins(396)) - Started plug-in org.apache.hadoop.ozone.web.OzoneHddsDatanodeService@1165a952
2019-07-13 22:41:35,730 INFO  impl.MetricsSystemImpl (MetricsSystemImpl.java:init(158)) - HddsDatanode metrics system started (again)
2019-07-13 22:41:35,730 INFO  ozone.HddsDatanodeService (HddsDatanodeService.java:start(185)) - HddsDatanodeService host:trunk-nightly-x8m8d-1534914823 ip:192.168.5.159
2019-07-13 22:41:35,731 INFO  util.JvmPauseMonitor (JvmPauseMonitor.java:run(188)) - Starting JVM pause monitor
2019-07-13 22:41:35,733 INFO  datanode.InitDatanodeState (InitDatanodeState.java:persistContainerDatanodeDetails(140)) - DatanodeDetails is persisted to /tmp/workdir/hadoop-ozone/integration-test/target/test-dir/MiniOzoneClusterImpl-ea706609-d548-4f96-b2ff-1bb804afac90/datanode-4/meta/datanode.id
2019-07-13 22:41:35,746 INFO  volume.HddsVolume (HddsVolume.java:<init>(176)) - Creating Volume: /tmp/workdir/hadoop-ozone/integration-test/target/test-dir/MiniOzoneClusterImpl-ea706609-d548-4f96-b2ff-1bb804afac90/datanode-5/data/containers/hdds of  storage type : DISK and capacity : 52710309888
2019-07-13 22:41:35,747 INFO  volume.VolumeSet (VolumeSet.java:initializeVolumeSet(170)) - Added Volume : /tmp/workdir/hadoop-ozone/integration-test/target/test-dir/MiniOzoneClusterImpl-ea706609-d548-4f96-b2ff-1bb804afac90/datanode-5/data/containers/hdds to VolumeSet
2019-07-13 22:41:35,747 INFO  volume.ThrottledAsyncChecker (ThrottledAsyncChecker.java:schedule(140)) - Scheduling a check for org.apache.hadoop.ozone.container.common.volume.HddsVolume@6c9b6332
2019-07-13 22:41:35,748 INFO  volume.HddsVolumeChecker (HddsVolumeChecker.java:checkAllVolumes(203)) - Scheduled health check for volume org.apache.hadoop.ozone.container.common.volume.HddsVolume@6c9b6332
2019-07-13 22:41:35,778 INFO  impl.RaftServerProxy (ConfUtils.java:logGet(43)) - raft.rpc.type = GRPC (default)
2019-07-13 22:41:35,778 INFO  grpc.GrpcFactory (GrpcFactory.java:checkPooledByteBufAllocatorUseCacheForAllThreads(45)) - PERFORMANCE WARNING: useCacheForAllThreads is true that may cause Netty to create a lot garbage objects and, as a result, trigger GC.
	It is recommended to disable useCacheForAllThreads by setting -Dorg.apache.ratis.thirdparty.io.netty.allocator.useCacheForAllThreads=false in command line.
2019-07-13 22:41:35,779 INFO  grpc.GrpcConfigKeys$Server (ConfUtils.java:logGet(43)) - raft.grpc.server.port = 0 (default)
2019-07-13 22:41:35,779 INFO  server.GrpcService (ConfUtils.java:logGet(43)) - raft.grpc.message.size.max = 33570816 (custom)
2019-07-13 22:41:35,779 INFO  server.RaftServerConfigKeys (ConfUtils.java:logGet(43)) - raft.server.log.appender.buffer.byte-limit = 33554432 (custom)
2019-07-13 22:41:35,779 INFO  server.GrpcService (ConfUtils.java:logGet(43)) - raft.grpc.flow.control.window = 1MB (=1048576) (default)
2019-07-13 22:41:35,780 INFO  server.RaftServerConfigKeys (ConfUtils.java:logGet(43)) - raft.server.rpc.request.timeout = 3000ms (default)
2019-07-13 22:41:35,780 INFO  server.RaftServerConfigKeys (ConfUtils.java:logGet(43)) - raft.server.storage.dir = [/tmp/workdir/hadoop-ozone/integration-test/target/test-dir/MiniOzoneClusterImpl-ea706609-d548-4f96-b2ff-1bb804afac90/datanode-5/data/ratis] (custom)
2019-07-13 22:41:35,781 INFO  replication.SimpleContainerDownloader (SimpleContainerDownloader.java:<init>(72)) - Starting container downloader service to copy containers to replicate.
2019-07-13 22:41:35,782 INFO  hdfs.DFSUtil (DFSUtil.java:httpServerTemplateForNNAndJN(1641)) - Starting Web-server for hddsDatanode at: http://0.0.0.0:0
2019-07-13 22:41:35,784 INFO  server.AuthenticationFilter (AuthenticationFilter.java:constructSecretProvider(240)) - Unable to initialize FileSignerSecretProvider, falling back to use random secrets.
2019-07-13 22:41:35,785 WARN  http.HttpRequestLog (HttpRequestLog.java:getRequestLog(97)) - Jetty request log can only be enabled using Log4j
2019-07-13 22:41:35,787 INFO  http.HttpServer2 (HttpServer2.java:addGlobalFilter(975)) - Added global filter 'safety' (class=org.apache.hadoop.http.HttpServer2$QuotingInputFilter)
2019-07-13 22:41:35,787 INFO  http.HttpServer2 (HttpServer2.java:addFilter(948)) - Added filter static_user_filter (class=org.apache.hadoop.http.lib.StaticUserWebFilter$StaticUserFilter) to context hddsDatanode
2019-07-13 22:41:35,787 INFO  http.HttpServer2 (HttpServer2.java:addFilter(958)) - Added filter static_user_filter (class=org.apache.hadoop.http.lib.StaticUserWebFilter$StaticUserFilter) to context logs
2019-07-13 22:41:35,788 INFO  http.HttpServer2 (HttpServer2.java:addFilter(958)) - Added filter static_user_filter (class=org.apache.hadoop.http.lib.StaticUserWebFilter$StaticUserFilter) to context static
2019-07-13 22:41:35,789 INFO  http.HttpServer2 (HttpServer2.java:bindListener(1191)) - Jetty bound to port 43775
2019-07-13 22:41:35,789 INFO  server.Server (Server.java:doStart(351)) - jetty-9.3.24.v20180605, build timestamp: 2018-06-05T17:11:56Z, git hash: 84205aa28f11a4f31f2a3b86d1bba2cc8ab69827
2019-07-13 22:41:35,791 INFO  handler.ContextHandler (ContextHandler.java:doStart(781)) - Started o.e.j.s.ServletContextHandler@7a74672{/logs,file:///tmp/workdir/hadoop-ozone/integration-test/target/log,AVAILABLE}
2019-07-13 22:41:35,792 INFO  handler.ContextHandler (ContextHandler.java:doStart(781)) - Started o.e.j.s.ServletContextHandler@664083f6{/static,jar:file:/home/user/.m2/repository/org/apache/hadoop/hadoop-hdds-container-service/0.5.0-SNAPSHOT/hadoop-hdds-container-service-0.5.0-SNAPSHOT.jar!/webapps/static,AVAILABLE}
2019-07-13 22:41:35,829 INFO  handler.ContextHandler (ContextHandler.java:doStart(781)) - Started o.e.j.w.WebAppContext@61d527ac{/,file:///tmp/jetty-0.0.0.0-43775-hddsDatanode-_-any-5665735212955815488.dir/webapp/,AVAILABLE}{/hddsDatanode}
2019-07-13 22:41:35,830 INFO  server.AbstractConnector (AbstractConnector.java:doStart(278)) - Started ServerConnector@498503cb{HTTP/1.1,[http/1.1]}{0.0.0.0:43775}
2019-07-13 22:41:35,835 INFO  server.Server (Server.java:doStart(419)) - Started @74656ms
2019-07-13 22:41:35,836 INFO  server.BaseHttpServer (BaseHttpServer.java:updateConnectorAddress(207)) - HTTP server of HDDSDATANODE is listening at http://0.0.0.0:43775
2019-07-13 22:41:35,961 INFO  ozone.HddsDatanodeService (HddsDatanodeService.java:startPlugins(396)) - Started plug-in org.apache.hadoop.ozone.web.OzoneHddsDatanodeService@57fae911
2019-07-13 22:41:35,962 INFO  ozone.MiniOzoneClusterImpl (MiniOzoneClusterImpl.java:lambda$waitForClusterToBeReady$0(142)) - Waiting for cluster to be ready. Got 0 of 6 DN Heartbeats.
2019-07-13 22:41:35,963 INFO  util.JvmPauseMonitor (JvmPauseMonitor.java:run(188)) - Starting JVM pause monitor
2019-07-13 22:41:35,965 INFO  datanode.InitDatanodeState (InitDatanodeState.java:persistContainerDatanodeDetails(140)) - DatanodeDetails is persisted to /tmp/workdir/hadoop-ozone/integration-test/target/test-dir/MiniOzoneClusterImpl-ea706609-d548-4f96-b2ff-1bb804afac90/datanode-5/meta/datanode.id
2019-07-13 22:41:36,881 INFO  ozoneimpl.OzoneContainer (OzoneContainer.java:start(186)) - Attempting to start container services.
2019-07-13 22:41:36,881 INFO  ozoneimpl.OzoneContainer (OzoneContainer.java:startContainerScrub(160)) - Background container scrubber has been disabled by hdds.containerscrub.enabled
2019-07-13 22:41:36,881 INFO  ratis.XceiverServerRatis (XceiverServerRatis.java:start(418)) - Starting XceiverServerRatis 1c3a8b81-418f-44a5-824a-d8e6f75288d8 at port 0
2019-07-13 22:41:36,888 INFO  impl.RaftServerProxy (RaftServerProxy.java:lambda$start$3(299)) - 1c3a8b81-418f-44a5-824a-d8e6f75288d8: start RPC server
2019-07-13 22:41:36,889 INFO  server.GrpcService (GrpcService.java:startImpl(149)) - 1c3a8b81-418f-44a5-824a-d8e6f75288d8: GrpcService started, listening on 0.0.0.0/0.0.0.0:46747
2019-07-13 22:41:36,889 INFO  ratis.XceiverServerRatis (XceiverServerRatis.java:start(428)) - XceiverServerRatis 1c3a8b81-418f-44a5-824a-d8e6f75288d8 is started using port 46747
2019-07-13 22:41:36,890 INFO  server.XceiverServerGrpc (XceiverServerGrpc.java:start(161)) - XceiverServerGrpc 1c3a8b81-418f-44a5-824a-d8e6f75288d8 is started using port 41776
2019-07-13 22:41:36,962 INFO  ozone.MiniOzoneClusterImpl (MiniOzoneClusterImpl.java:lambda$waitForClusterToBeReady$0(142)) - Waiting for cluster to be ready. Got 0 of 6 DN Heartbeats.
2019-07-13 22:41:37,111 INFO  ozoneimpl.OzoneContainer (OzoneContainer.java:start(186)) - Attempting to start container services.
2019-07-13 22:41:37,112 INFO  ozoneimpl.OzoneContainer (OzoneContainer.java:startContainerScrub(160)) - Background container scrubber has been disabled by hdds.containerscrub.enabled
2019-07-13 22:41:37,112 INFO  ratis.XceiverServerRatis (XceiverServerRatis.java:start(418)) - Starting XceiverServerRatis 7aec0298-4162-4e76-a712-2b642b7e8a8d at port 0
2019-07-13 22:41:37,119 INFO  impl.RaftServerProxy (RaftServerProxy.java:lambda$start$3(299)) - 7aec0298-4162-4e76-a712-2b642b7e8a8d: start RPC server
2019-07-13 22:41:37,120 INFO  server.GrpcService (GrpcService.java:startImpl(149)) - 7aec0298-4162-4e76-a712-2b642b7e8a8d: GrpcService started, listening on 0.0.0.0/0.0.0.0:44371
2019-07-13 22:41:37,121 INFO  ratis.XceiverServerRatis (XceiverServerRatis.java:start(428)) - XceiverServerRatis 7aec0298-4162-4e76-a712-2b642b7e8a8d is started using port 44371
2019-07-13 22:41:37,121 INFO  server.XceiverServerGrpc (XceiverServerGrpc.java:start(161)) - XceiverServerGrpc 7aec0298-4162-4e76-a712-2b642b7e8a8d is started using port 41354
2019-07-13 22:41:37,326 INFO  ozoneimpl.OzoneContainer (OzoneContainer.java:start(186)) - Attempting to start container services.
2019-07-13 22:41:37,326 INFO  ozoneimpl.OzoneContainer (OzoneContainer.java:startContainerScrub(160)) - Background container scrubber has been disabled by hdds.containerscrub.enabled
2019-07-13 22:41:37,326 INFO  ratis.XceiverServerRatis (XceiverServerRatis.java:start(418)) - Starting XceiverServerRatis 61cef7b1-bc01-43dc-9b26-f4ba045dc728 at port 0
2019-07-13 22:41:37,334 INFO  impl.RaftServerProxy (RaftServerProxy.java:lambda$start$3(299)) - 61cef7b1-bc01-43dc-9b26-f4ba045dc728: start RPC server
2019-07-13 22:41:37,335 INFO  server.GrpcService (GrpcService.java:startImpl(149)) - 61cef7b1-bc01-43dc-9b26-f4ba045dc728: GrpcService started, listening on 0.0.0.0/0.0.0.0:37586
2019-07-13 22:41:37,335 INFO  ratis.XceiverServerRatis (XceiverServerRatis.java:start(428)) - XceiverServerRatis 61cef7b1-bc01-43dc-9b26-f4ba045dc728 is started using port 37586
2019-07-13 22:41:37,335 INFO  server.XceiverServerGrpc (XceiverServerGrpc.java:start(161)) - XceiverServerGrpc 61cef7b1-bc01-43dc-9b26-f4ba045dc728 is started using port 39155
2019-07-13 22:41:37,511 INFO  ozoneimpl.OzoneContainer (OzoneContainer.java:start(186)) - Attempting to start container services.
2019-07-13 22:41:37,511 INFO  ozoneimpl.OzoneContainer (OzoneContainer.java:startContainerScrub(160)) - Background container scrubber has been disabled by hdds.containerscrub.enabled
2019-07-13 22:41:37,511 INFO  ratis.XceiverServerRatis (XceiverServerRatis.java:start(418)) - Starting XceiverServerRatis ac8b57f9-e412-43cb-ab48-58d98bb5a21e at port 0
2019-07-13 22:41:37,519 INFO  impl.RaftServerProxy (RaftServerProxy.java:lambda$start$3(299)) - ac8b57f9-e412-43cb-ab48-58d98bb5a21e: start RPC server
2019-07-13 22:41:37,519 INFO  server.GrpcService (GrpcService.java:startImpl(149)) - ac8b57f9-e412-43cb-ab48-58d98bb5a21e: GrpcService started, listening on 0.0.0.0/0.0.0.0:34940
2019-07-13 22:41:37,520 INFO  ratis.XceiverServerRatis (XceiverServerRatis.java:start(428)) - XceiverServerRatis ac8b57f9-e412-43cb-ab48-58d98bb5a21e is started using port 34940
2019-07-13 22:41:37,520 INFO  server.XceiverServerGrpc (XceiverServerGrpc.java:start(161)) - XceiverServerGrpc ac8b57f9-e412-43cb-ab48-58d98bb5a21e is started using port 36930
2019-07-13 22:41:37,745 INFO  ozoneimpl.OzoneContainer (OzoneContainer.java:start(186)) - Attempting to start container services.
2019-07-13 22:41:37,745 INFO  ozoneimpl.OzoneContainer (OzoneContainer.java:startContainerScrub(160)) - Background container scrubber has been disabled by hdds.containerscrub.enabled
2019-07-13 22:41:37,745 INFO  ratis.XceiverServerRatis (XceiverServerRatis.java:start(418)) - Starting XceiverServerRatis 3ded15aa-7b5a-41b4-ab72-c2b20ac88757 at port 0
2019-07-13 22:41:37,753 INFO  impl.RaftServerProxy (RaftServerProxy.java:lambda$start$3(299)) - 3ded15aa-7b5a-41b4-ab72-c2b20ac88757: start RPC server
2019-07-13 22:41:37,754 INFO  server.GrpcService (GrpcService.java:startImpl(149)) - 3ded15aa-7b5a-41b4-ab72-c2b20ac88757: GrpcService started, listening on 0.0.0.0/0.0.0.0:44775
2019-07-13 22:41:37,754 INFO  ratis.XceiverServerRatis (XceiverServerRatis.java:start(428)) - XceiverServerRatis 3ded15aa-7b5a-41b4-ab72-c2b20ac88757 is started using port 44775
2019-07-13 22:41:37,754 INFO  server.XceiverServerGrpc (XceiverServerGrpc.java:start(161)) - XceiverServerGrpc 3ded15aa-7b5a-41b4-ab72-c2b20ac88757 is started using port 41897
2019-07-13 22:41:37,963 INFO  ozone.MiniOzoneClusterImpl (MiniOzoneClusterImpl.java:lambda$waitForClusterToBeReady$0(142)) - Waiting for cluster to be ready. Got 0 of 6 DN Heartbeats.
2019-07-13 22:41:37,977 INFO  ozoneimpl.OzoneContainer (OzoneContainer.java:start(186)) - Attempting to start container services.
2019-07-13 22:41:37,977 INFO  ozoneimpl.OzoneContainer (OzoneContainer.java:startContainerScrub(160)) - Background container scrubber has been disabled by hdds.containerscrub.enabled
2019-07-13 22:41:37,977 INFO  ratis.XceiverServerRatis (XceiverServerRatis.java:start(418)) - Starting XceiverServerRatis e767c577-011e-4adf-b87e-910d40712adc at port 0
2019-07-13 22:41:37,985 INFO  impl.RaftServerProxy (RaftServerProxy.java:lambda$start$3(299)) - e767c577-011e-4adf-b87e-910d40712adc: start RPC server
2019-07-13 22:41:37,986 INFO  server.GrpcService (GrpcService.java:startImpl(149)) - e767c577-011e-4adf-b87e-910d40712adc: GrpcService started, listening on 0.0.0.0/0.0.0.0:38628
2019-07-13 22:41:37,986 INFO  ratis.XceiverServerRatis (XceiverServerRatis.java:start(428)) - XceiverServerRatis e767c577-011e-4adf-b87e-910d40712adc is started using port 38628
2019-07-13 22:41:37,987 INFO  server.XceiverServerGrpc (XceiverServerGrpc.java:start(161)) - XceiverServerGrpc e767c577-011e-4adf-b87e-910d40712adc is started using port 40722
2019-07-13 22:41:38,853 INFO  net.NetworkTopology (NetworkTopologyImpl.java:add(110)) - Added a new node: /default-rack/192.168.5.159
2019-07-13 22:41:38,859 INFO  node.SCMNodeManager (SCMNodeManager.java:register(269)) - Registered Data node : 1c3a8b81-418f-44a5-824a-d8e6f75288d8{ip: 192.168.5.159, host: trunk-nightly-x8m8d-1534914823, networkLocation: /default-rack, certSerialId: null}
2019-07-13 22:41:38,860 INFO  safemode.SCMSafeModeManager (DataNodeSafeModeRule.java:process(71)) - SCM in safe mode. 1 DataNodes registered, 1 required.
2019-07-13 22:41:38,866 INFO  safemode.SCMSafeModeManager (SCMSafeModeManager.java:validateSafeModeExitRules(177)) - ScmSafeModeManager, all rules are successfully validated
2019-07-13 22:41:38,866 INFO  safemode.SCMSafeModeManager (SCMSafeModeManager.java:exitSafeMode(193)) - SCM exiting safe mode.
2019-07-13 22:41:38,909 INFO  impl.RaftServerProxy (RaftServerProxy.java:addNew(89)) - 1c3a8b81-418f-44a5-824a-d8e6f75288d8: addNew group-D80D4B6EC8F7:[1c3a8b81-418f-44a5-824a-d8e6f75288d8:192.168.5.159:46747] returns group-D80D4B6EC8F7:java.util.concurrent.CompletableFuture@597e8428[Not completed]
2019-07-13 22:41:38,911 INFO  impl.RaftServerImpl (RaftServerImpl.java:<init>(93)) - 1c3a8b81-418f-44a5-824a-d8e6f75288d8: new RaftServerImpl for group-D80D4B6EC8F7:[1c3a8b81-418f-44a5-824a-d8e6f75288d8:192.168.5.159:46747] with ContainerStateMachine:uninitialized
2019-07-13 22:41:38,911 INFO  server.RaftServerConfigKeys (ConfUtils.java:logGet(43)) - raft.server.rpc.timeout.min = 5s (custom)
2019-07-13 22:41:38,911 INFO  server.RaftServerConfigKeys (ConfUtils.java:logGet(43)) - raft.server.rpc.timeout.max = 5200ms (custom)
2019-07-13 22:41:38,911 INFO  server.RaftServerConfigKeys (ConfUtils.java:logGet(43)) - raft.server.rpcslowness.timeout = 120s (custom)
2019-07-13 22:41:38,911 INFO  server.RaftServerConfigKeys (ConfUtils.java:logGet(43)) - raft.server.sleep.deviation.threshold = 300 (default)
2019-07-13 22:41:38,911 INFO  server.RaftServerConfigKeys (ConfUtils.java:logGet(43)) - raft.server.log.appender.install.snapshot.enabled = false (custom)
2019-07-13 22:41:38,912 INFO  impl.RaftServerImpl (ServerState.java:<init>(105)) - 1c3a8b81-418f-44a5-824a-d8e6f75288d8:group-D80D4B6EC8F7 ConfigurationManager, init=-1: [1c3a8b81-418f-44a5-824a-d8e6f75288d8:192.168.5.159:46747], old=null, confs=<EMPTY_MAP>
2019-07-13 22:41:38,912 INFO  server.RaftServerConfigKeys (ConfUtils.java:logGet(43)) - raft.server.storage.dir = [/tmp/workdir/hadoop-ozone/integration-test/target/test-dir/MiniOzoneClusterImpl-ea706609-d548-4f96-b2ff-1bb804afac90/datanode-0/data/ratis] (custom)
2019-07-13 22:41:38,912 INFO  storage.RaftStorageDirectory (RaftStorageDirectory.java:analyzeStorage(246)) - The storage directory /tmp/workdir/hadoop-ozone/integration-test/target/test-dir/MiniOzoneClusterImpl-ea706609-d548-4f96-b2ff-1bb804afac90/datanode-0/data/ratis/ab00052a-2233-429b-bcad-d80d4b6ec8f7 does not exist. Creating ...
2019-07-13 22:41:38,926 INFO  storage.RaftStorageDirectory (RaftStorageDirectory.java:tryLock(328)) - Lock on /tmp/workdir/hadoop-ozone/integration-test/target/test-dir/MiniOzoneClusterImpl-ea706609-d548-4f96-b2ff-1bb804afac90/datanode-0/data/ratis/ab00052a-2233-429b-bcad-d80d4b6ec8f7/in_use.lock acquired by nodename 26920@trunk-nightly-x8m8d-1534914823
2019-07-13 22:41:38,929 INFO  storage.RaftStorage (RaftStorage.java:format(72)) - Storage directory /tmp/workdir/hadoop-ozone/integration-test/target/test-dir/MiniOzoneClusterImpl-ea706609-d548-4f96-b2ff-1bb804afac90/datanode-0/data/ratis/ab00052a-2233-429b-bcad-d80d4b6ec8f7 has been successfully formatted.
2019-07-13 22:41:38,929 INFO  ratis.ContainerStateMachine (ContainerStateMachine.java:loadSnapshot(200)) - The snapshot info is null.Setting the last applied index to:(t:0, i:~)
2019-07-13 22:41:38,929 INFO  server.RaftServerConfigKeys (ConfUtils.java:logGet(43)) - raft.server.leader.election.timeout = 120s (custom)
2019-07-13 22:41:38,930 INFO  server.RaftServerConfigKeys (ConfUtils.java:logGet(43)) - raft.server.log.use.memory = false (default)
2019-07-13 22:41:38,930 INFO  server.RaftServerConfigKeys (ConfUtils.java:logGet(43)) - raft.server.log.purge.gap = 1000000000 (custom)
2019-07-13 22:41:38,930 INFO  server.RaftServerConfigKeys (ConfUtils.java:logGet(43)) - raft.server.log.appender.buffer.byte-limit = 33554432 (custom)
2019-07-13 22:41:38,930 INFO  server.RaftServerConfigKeys (ConfUtils.java:logGet(43)) - raft.server.log.segment.size.max = 1048576 (custom)
2019-07-13 22:41:38,930 INFO  server.RaftServerConfigKeys (ConfUtils.java:logGet(43)) - raft.server.log.segment.cache.num.max = 2 (custom)
2019-07-13 22:41:38,930 INFO  segmented.SegmentedRaftLogWorker (SegmentedRaftLogWorker.java:<init>(172)) - new 1c3a8b81-418f-44a5-824a-d8e6f75288d8-SegmentedRaftLogWorker:Storage Directory /tmp/workdir/hadoop-ozone/integration-test/target/test-dir/MiniOzoneClusterImpl-ea706609-d548-4f96-b2ff-1bb804afac90/datanode-0/data/ratis/ab00052a-2233-429b-bcad-d80d4b6ec8f7 for RaftStorage:Storage Directory /tmp/workdir/hadoop-ozone/integration-test/target/test-dir/MiniOzoneClusterImpl-ea706609-d548-4f96-b2ff-1bb804afac90/datanode-0/data/ratis/ab00052a-2233-429b-bcad-d80d4b6ec8f7
2019-07-13 22:41:38,931 INFO  server.RaftServerConfigKeys (ConfUtils.java:logGet(43)) - raft.server.log.queue.byte-limit = 2147483647 (custom)
2019-07-13 22:41:38,931 INFO  server.RaftServerConfigKeys (ConfUtils.java:logGet(43)) - raft.server.log.queue.element-limit = 1024 (custom)
2019-07-13 22:41:38,931 INFO  server.RaftServerConfigKeys (ConfUtils.java:logGet(43)) - raft.server.log.segment.size.max = 1048576 (custom)
2019-07-13 22:41:38,931 INFO  server.RaftServerConfigKeys (ConfUtils.java:logGet(43)) - raft.server.log.preallocated.size = 16384 (custom)
2019-07-13 22:41:38,932 INFO  server.RaftServerConfigKeys (ConfUtils.java:logGet(43)) - raft.server.log.write.buffer.size = 33554432 (custom)
2019-07-13 22:41:38,932 INFO  server.RaftServerConfigKeys (ConfUtils.java:logGet(43)) - raft.server.log.force.sync.num = 128 (default)
2019-07-13 22:41:38,932 INFO  server.RaftServerConfigKeys (ConfUtils.java:logGet(43)) - raft.server.log.statemachine.data.sync = true (default)
2019-07-13 22:41:38,932 INFO  server.RaftServerConfigKeys (ConfUtils.java:logGet(43)) - raft.server.log.statemachine.data.sync.timeout = 10s (default)
2019-07-13 22:41:38,932 INFO  server.RaftServerConfigKeys (ConfUtils.java:logGet(43)) - raft.server.log.statemachine.data.sync.timeout.retry = -1 (default)
2019-07-13 22:41:38,933 INFO  server.RaftServerConfigKeys (ConfUtils.java:logGet(43)) - raft.server.log.statemachine.data.caching.enabled = true (custom)
2019-07-13 22:41:38,933 INFO  segmented.SegmentedRaftLogWorker (SegmentedRaftLogWorker.java:lambda$new$0(132)) - 1c3a8b81-418f-44a5-824a-d8e6f75288d8-SegmentedRaftLogWorker:Storage Directory /tmp/workdir/hadoop-ozone/integration-test/target/test-dir/MiniOzoneClusterImpl-ea706609-d548-4f96-b2ff-1bb804afac90/datanode-0/data/ratis/ab00052a-2233-429b-bcad-d80d4b6ec8f7: flushIndex: setUnconditionally 0 -> -1
2019-07-13 22:41:38,933 INFO  server.RaftServerConfigKeys (ConfUtils.java:logGet(43)) - raft.server.snapshot.auto.trigger.enabled = true (custom)
2019-07-13 22:41:38,934 INFO  server.RaftServerConfigKeys (ConfUtils.java:logGet(43)) - raft.server.snapshot.auto.trigger.threshold = 10000 (custom)
2019-07-13 22:41:38,934 INFO  server.RaftServerConfigKeys (ConfUtils.java:logGet(43)) - raft.server.retrycache.expirytime = 600000ms (custom)
2019-07-13 22:41:38,934 INFO  impl.RaftServerImpl (RaftServerImpl.java:start(180)) - 1c3a8b81-418f-44a5-824a-d8e6f75288d8: start group-D80D4B6EC8F7
2019-07-13 22:41:38,934 INFO  impl.RaftServerImpl (RaftServerImpl.java:setRole(171)) - 1c3a8b81-418f-44a5-824a-d8e6f75288d8:group-D80D4B6EC8F7 changes role from null to FOLLOWER at term 0 for startAsFollower
2019-07-13 22:41:38,934 INFO  impl.RoleInfo (RoleInfo.java:updateAndGet(143)) - 1c3a8b81-418f-44a5-824a-d8e6f75288d8: start FollowerState
2019-07-13 22:41:38,935 INFO  util.JmxRegister (JmxRegister.java:tryRegister(44)) - Successfully registered JMX Bean with object name Ratis:service=RaftServer,group=group-D80D4B6EC8F7,id=1c3a8b81-418f-44a5-824a-d8e6f75288d8
2019-07-13 22:41:38,937 INFO  pipeline.PipelineStateManager (PipelineStateManager.java:addPipeline(56)) - Created pipeline Pipeline[ Id: ab00052a-2233-429b-bcad-d80d4b6ec8f7, Nodes: 1c3a8b81-418f-44a5-824a-d8e6f75288d8{ip: 192.168.5.159, host: trunk-nightly-x8m8d-1534914823, networkLocation: /default-rack, certSerialId: null}, Type:RATIS, Factor:ONE, State:OPEN]
2019-07-13 22:41:38,963 INFO  ozone.MiniOzoneClusterImpl (MiniOzoneClusterImpl.java:lambda$waitForClusterToBeReady$0(142)) - Waiting for cluster to be ready. Got 1 of 6 DN Heartbeats.
2019-07-13 22:41:39,100 INFO  node.SCMNodeManager (SCMNodeManager.java:register(269)) - Registered Data node : 7aec0298-4162-4e76-a712-2b642b7e8a8d{ip: 192.168.5.159, host: trunk-nightly-x8m8d-1534914823, networkLocation: /default-rack, certSerialId: null}
2019-07-13 22:41:39,140 INFO  impl.RaftServerProxy (RaftServerProxy.java:addNew(89)) - 7aec0298-4162-4e76-a712-2b642b7e8a8d: addNew group-961427375E68:[7aec0298-4162-4e76-a712-2b642b7e8a8d:192.168.5.159:44371] returns group-961427375E68:java.util.concurrent.CompletableFuture@3a746d67[Not completed]
2019-07-13 22:41:39,141 INFO  impl.RaftServerImpl (RaftServerImpl.java:<init>(93)) - 7aec0298-4162-4e76-a712-2b642b7e8a8d: new RaftServerImpl for group-961427375E68:[7aec0298-4162-4e76-a712-2b642b7e8a8d:192.168.5.159:44371] with ContainerStateMachine:uninitialized
2019-07-13 22:41:39,141 INFO  server.RaftServerConfigKeys (ConfUtils.java:logGet(43)) - raft.server.rpc.timeout.min = 5s (custom)
2019-07-13 22:41:39,142 INFO  server.RaftServerConfigKeys (ConfUtils.java:logGet(43)) - raft.server.rpc.timeout.max = 5200ms (custom)
2019-07-13 22:41:39,142 INFO  server.RaftServerConfigKeys (ConfUtils.java:logGet(43)) - raft.server.rpcslowness.timeout = 120s (custom)
2019-07-13 22:41:39,142 INFO  server.RaftServerConfigKeys (ConfUtils.java:logGet(43)) - raft.server.sleep.deviation.threshold = 300 (default)
2019-07-13 22:41:39,142 INFO  server.RaftServerConfigKeys (ConfUtils.java:logGet(43)) - raft.server.log.appender.install.snapshot.enabled = false (custom)
2019-07-13 22:41:39,142 INFO  impl.RaftServerImpl (ServerState.java:<init>(105)) - 7aec0298-4162-4e76-a712-2b642b7e8a8d:group-961427375E68 ConfigurationManager, init=-1: [7aec0298-4162-4e76-a712-2b642b7e8a8d:192.168.5.159:44371], old=null, confs=<EMPTY_MAP>
2019-07-13 22:41:39,142 INFO  server.RaftServerConfigKeys (ConfUtils.java:logGet(43)) - raft.server.storage.dir = [/tmp/workdir/hadoop-ozone/integration-test/target/test-dir/MiniOzoneClusterImpl-ea706609-d548-4f96-b2ff-1bb804afac90/datanode-1/data/ratis] (custom)
2019-07-13 22:41:39,143 INFO  storage.RaftStorageDirectory (RaftStorageDirectory.java:analyzeStorage(246)) - The storage directory /tmp/workdir/hadoop-ozone/integration-test/target/test-dir/MiniOzoneClusterImpl-ea706609-d548-4f96-b2ff-1bb804afac90/datanode-1/data/ratis/d9b2c973-5816-4e9d-82db-961427375e68 does not exist. Creating ...
2019-07-13 22:41:39,157 INFO  storage.RaftStorageDirectory (RaftStorageDirectory.java:tryLock(328)) - Lock on /tmp/workdir/hadoop-ozone/integration-test/target/test-dir/MiniOzoneClusterImpl-ea706609-d548-4f96-b2ff-1bb804afac90/datanode-1/data/ratis/d9b2c973-5816-4e9d-82db-961427375e68/in_use.lock acquired by nodename 26920@trunk-nightly-x8m8d-1534914823
2019-07-13 22:41:39,161 INFO  storage.RaftStorage (RaftStorage.java:format(72)) - Storage directory /tmp/workdir/hadoop-ozone/integration-test/target/test-dir/MiniOzoneClusterImpl-ea706609-d548-4f96-b2ff-1bb804afac90/datanode-1/data/ratis/d9b2c973-5816-4e9d-82db-961427375e68 has been successfully formatted.
2019-07-13 22:41:39,161 INFO  ratis.ContainerStateMachine (ContainerStateMachine.java:loadSnapshot(200)) - The snapshot info is null.Setting the last applied index to:(t:0, i:~)
2019-07-13 22:41:39,161 INFO  server.RaftServerConfigKeys (ConfUtils.java:logGet(43)) - raft.server.leader.election.timeout = 120s (custom)
2019-07-13 22:41:39,161 INFO  server.RaftServerConfigKeys (ConfUtils.java:logGet(43)) - raft.server.log.use.memory = false (default)
2019-07-13 22:41:39,161 INFO  server.RaftServerConfigKeys (ConfUtils.java:logGet(43)) - raft.server.log.purge.gap = 1000000000 (custom)
2019-07-13 22:41:39,162 INFO  server.RaftServerConfigKeys (ConfUtils.java:logGet(43)) - raft.server.log.appender.buffer.byte-limit = 33554432 (custom)
2019-07-13 22:41:39,162 INFO  server.RaftServerConfigKeys (ConfUtils.java:logGet(43)) - raft.server.log.segment.size.max = 1048576 (custom)
2019-07-13 22:41:39,162 INFO  server.RaftServerConfigKeys (ConfUtils.java:logGet(43)) - raft.server.log.segment.cache.num.max = 2 (custom)
2019-07-13 22:41:39,162 INFO  segmented.SegmentedRaftLogWorker (SegmentedRaftLogWorker.java:<init>(172)) - new 7aec0298-4162-4e76-a712-2b642b7e8a8d-SegmentedRaftLogWorker:Storage Directory /tmp/workdir/hadoop-ozone/integration-test/target/test-dir/MiniOzoneClusterImpl-ea706609-d548-4f96-b2ff-1bb804afac90/datanode-1/data/ratis/d9b2c973-5816-4e9d-82db-961427375e68 for RaftStorage:Storage Directory /tmp/workdir/hadoop-ozone/integration-test/target/test-dir/MiniOzoneClusterImpl-ea706609-d548-4f96-b2ff-1bb804afac90/datanode-1/data/ratis/d9b2c973-5816-4e9d-82db-961427375e68
2019-07-13 22:41:39,162 INFO  server.RaftServerConfigKeys (ConfUtils.java:logGet(43)) - raft.server.log.queue.byte-limit = 2147483647 (custom)
2019-07-13 22:41:39,163 INFO  server.RaftServerConfigKeys (ConfUtils.java:logGet(43)) - raft.server.log.queue.element-limit = 1024 (custom)
2019-07-13 22:41:39,163 INFO  server.RaftServerConfigKeys (ConfUtils.java:logGet(43)) - raft.server.log.segment.size.max = 1048576 (custom)
2019-07-13 22:41:39,163 INFO  server.RaftServerConfigKeys (ConfUtils.java:logGet(43)) - raft.server.log.preallocated.size = 16384 (custom)
2019-07-13 22:41:39,163 INFO  server.RaftServerConfigKeys (ConfUtils.java:logGet(43)) - raft.server.log.write.buffer.size = 33554432 (custom)
2019-07-13 22:41:39,163 INFO  server.RaftServerConfigKeys (ConfUtils.java:logGet(43)) - raft.server.log.force.sync.num = 128 (default)
2019-07-13 22:41:39,164 INFO  server.RaftServerConfigKeys (ConfUtils.java:logGet(43)) - raft.server.log.statemachine.data.sync = true (default)
2019-07-13 22:41:39,164 INFO  server.RaftServerConfigKeys (ConfUtils.java:logGet(43)) - raft.server.log.statemachine.data.sync.timeout = 10s (default)
2019-07-13 22:41:39,164 INFO  server.RaftServerConfigKeys (ConfUtils.java:logGet(43)) - raft.server.log.statemachine.data.sync.timeout.retry = -1 (default)
2019-07-13 22:41:39,164 INFO  server.RaftServerConfigKeys (ConfUtils.java:logGet(43)) - raft.server.log.statemachine.data.caching.enabled = true (custom)
2019-07-13 22:41:39,165 INFO  segmented.SegmentedRaftLogWorker (SegmentedRaftLogWorker.java:lambda$new$0(132)) - 7aec0298-4162-4e76-a712-2b642b7e8a8d-SegmentedRaftLogWorker:Storage Directory /tmp/workdir/hadoop-ozone/integration-test/target/test-dir/MiniOzoneClusterImpl-ea706609-d548-4f96-b2ff-1bb804afac90/datanode-1/data/ratis/d9b2c973-5816-4e9d-82db-961427375e68: flushIndex: setUnconditionally 0 -> -1
2019-07-13 22:41:39,165 INFO  server.RaftServerConfigKeys (ConfUtils.java:logGet(43)) - raft.server.snapshot.auto.trigger.enabled = true (custom)
2019-07-13 22:41:39,165 INFO  server.RaftServerConfigKeys (ConfUtils.java:logGet(43)) - raft.server.snapshot.auto.trigger.threshold = 10000 (custom)
2019-07-13 22:41:39,166 INFO  server.RaftServerConfigKeys (ConfUtils.java:logGet(43)) - raft.server.retrycache.expirytime = 600000ms (custom)
2019-07-13 22:41:39,166 INFO  impl.RaftServerImpl (RaftServerImpl.java:start(180)) - 7aec0298-4162-4e76-a712-2b642b7e8a8d: start group-961427375E68
2019-07-13 22:41:39,166 INFO  impl.RaftServerImpl (RaftServerImpl.java:setRole(171)) - 7aec0298-4162-4e76-a712-2b642b7e8a8d:group-961427375E68 changes role from null to FOLLOWER at term 0 for startAsFollower
2019-07-13 22:41:39,166 INFO  impl.RoleInfo (RoleInfo.java:updateAndGet(143)) - 7aec0298-4162-4e76-a712-2b642b7e8a8d: start FollowerState
2019-07-13 22:41:39,167 INFO  util.JmxRegister (JmxRegister.java:tryRegister(44)) - Successfully registered JMX Bean with object name Ratis:service=RaftServer,group=group-961427375E68,id=7aec0298-4162-4e76-a712-2b642b7e8a8d
2019-07-13 22:41:39,170 INFO  pipeline.PipelineStateManager (PipelineStateManager.java:addPipeline(56)) - Created pipeline Pipeline[ Id: d9b2c973-5816-4e9d-82db-961427375e68, Nodes: 7aec0298-4162-4e76-a712-2b642b7e8a8d{ip: 192.168.5.159, host: trunk-nightly-x8m8d-1534914823, networkLocation: /default-rack, certSerialId: null}, Type:RATIS, Factor:ONE, State:OPEN]
2019-07-13 22:41:39,307 INFO  node.SCMNodeManager (SCMNodeManager.java:register(269)) - Registered Data node : 61cef7b1-bc01-43dc-9b26-f4ba045dc728{ip: 192.168.5.159, host: trunk-nightly-x8m8d-1534914823, networkLocation: /default-rack, certSerialId: null}
2019-07-13 22:41:39,320 INFO  impl.RaftServerProxy (RaftServerProxy.java:addNew(89)) - 61cef7b1-bc01-43dc-9b26-f4ba045dc728: addNew group-3AF9C770A016:[61cef7b1-bc01-43dc-9b26-f4ba045dc728:192.168.5.159:37586] returns group-3AF9C770A016:java.util.concurrent.CompletableFuture@2a771e12[Not completed]
2019-07-13 22:41:39,321 INFO  impl.RaftServerImpl (RaftServerImpl.java:<init>(93)) - 61cef7b1-bc01-43dc-9b26-f4ba045dc728: new RaftServerImpl for group-3AF9C770A016:[61cef7b1-bc01-43dc-9b26-f4ba045dc728:192.168.5.159:37586] with ContainerStateMachine:uninitialized
2019-07-13 22:41:39,321 INFO  server.RaftServerConfigKeys (ConfUtils.java:logGet(43)) - raft.server.rpc.timeout.min = 5s (custom)
2019-07-13 22:41:39,321 INFO  server.RaftServerConfigKeys (ConfUtils.java:logGet(43)) - raft.server.rpc.timeout.max = 5200ms (custom)
2019-07-13 22:41:39,321 INFO  server.RaftServerConfigKeys (ConfUtils.java:logGet(43)) - raft.server.rpcslowness.timeout = 120s (custom)
2019-07-13 22:41:39,321 INFO  server.RaftServerConfigKeys (ConfUtils.java:logGet(43)) - raft.server.sleep.deviation.threshold = 300 (default)
2019-07-13 22:41:39,321 INFO  server.RaftServerConfigKeys (ConfUtils.java:logGet(43)) - raft.server.log.appender.install.snapshot.enabled = false (custom)
2019-07-13 22:41:39,322 INFO  impl.RaftServerImpl (ServerState.java:<init>(105)) - 61cef7b1-bc01-43dc-9b26-f4ba045dc728:group-3AF9C770A016 ConfigurationManager, init=-1: [61cef7b1-bc01-43dc-9b26-f4ba045dc728:192.168.5.159:37586], old=null, confs=<EMPTY_MAP>
2019-07-13 22:41:39,322 INFO  server.RaftServerConfigKeys (ConfUtils.java:logGet(43)) - raft.server.storage.dir = [/tmp/workdir/hadoop-ozone/integration-test/target/test-dir/MiniOzoneClusterImpl-ea706609-d548-4f96-b2ff-1bb804afac90/datanode-2/data/ratis] (custom)
2019-07-13 22:41:39,322 INFO  storage.RaftStorageDirectory (RaftStorageDirectory.java:analyzeStorage(246)) - The storage directory /tmp/workdir/hadoop-ozone/integration-test/target/test-dir/MiniOzoneClusterImpl-ea706609-d548-4f96-b2ff-1bb804afac90/datanode-2/data/ratis/49f61a21-fad5-4d10-9f0c-3af9c770a016 does not exist. Creating ...
2019-07-13 22:41:39,327 INFO  storage.RaftStorageDirectory (RaftStorageDirectory.java:tryLock(328)) - Lock on /tmp/workdir/hadoop-ozone/integration-test/target/test-dir/MiniOzoneClusterImpl-ea706609-d548-4f96-b2ff-1bb804afac90/datanode-2/data/ratis/49f61a21-fad5-4d10-9f0c-3af9c770a016/in_use.lock acquired by nodename 26920@trunk-nightly-x8m8d-1534914823
2019-07-13 22:41:39,330 INFO  storage.RaftStorage (RaftStorage.java:format(72)) - Storage directory /tmp/workdir/hadoop-ozone/integration-test/target/test-dir/MiniOzoneClusterImpl-ea706609-d548-4f96-b2ff-1bb804afac90/datanode-2/data/ratis/49f61a21-fad5-4d10-9f0c-3af9c770a016 has been successfully formatted.
2019-07-13 22:41:39,330 INFO  ratis.ContainerStateMachine (ContainerStateMachine.java:loadSnapshot(200)) - The snapshot info is null.Setting the last applied index to:(t:0, i:~)
2019-07-13 22:41:39,331 INFO  server.RaftServerConfigKeys (ConfUtils.java:logGet(43)) - raft.server.leader.election.timeout = 120s (custom)
2019-07-13 22:41:39,331 INFO  server.RaftServerConfigKeys (ConfUtils.java:logGet(43)) - raft.server.log.use.memory = false (default)
2019-07-13 22:41:39,331 INFO  server.RaftServerConfigKeys (ConfUtils.java:logGet(43)) - raft.server.log.purge.gap = 1000000000 (custom)
2019-07-13 22:41:39,331 INFO  server.RaftServerConfigKeys (ConfUtils.java:logGet(43)) - raft.server.log.appender.buffer.byte-limit = 33554432 (custom)
2019-07-13 22:41:39,331 INFO  server.RaftServerConfigKeys (ConfUtils.java:logGet(43)) - raft.server.log.segment.size.max = 1048576 (custom)
2019-07-13 22:41:39,331 INFO  server.RaftServerConfigKeys (ConfUtils.java:logGet(43)) - raft.server.log.segment.cache.num.max = 2 (custom)
2019-07-13 22:41:39,332 INFO  segmented.SegmentedRaftLogWorker (SegmentedRaftLogWorker.java:<init>(172)) - new 61cef7b1-bc01-43dc-9b26-f4ba045dc728-SegmentedRaftLogWorker:Storage Directory /tmp/workdir/hadoop-ozone/integration-test/target/test-dir/MiniOzoneClusterImpl-ea706609-d548-4f96-b2ff-1bb804afac90/datanode-2/data/ratis/49f61a21-fad5-4d10-9f0c-3af9c770a016 for RaftStorage:Storage Directory /tmp/workdir/hadoop-ozone/integration-test/target/test-dir/MiniOzoneClusterImpl-ea706609-d548-4f96-b2ff-1bb804afac90/datanode-2/data/ratis/49f61a21-fad5-4d10-9f0c-3af9c770a016
2019-07-13 22:41:39,332 INFO  server.RaftServerConfigKeys (ConfUtils.java:logGet(43)) - raft.server.log.queue.byte-limit = 2147483647 (custom)
2019-07-13 22:41:39,332 INFO  server.RaftServerConfigKeys (ConfUtils.java:logGet(43)) - raft.server.log.queue.element-limit = 1024 (custom)
2019-07-13 22:41:39,332 INFO  server.RaftServerConfigKeys (ConfUtils.java:logGet(43)) - raft.server.log.segment.size.max = 1048576 (custom)
2019-07-13 22:41:39,332 INFO  server.RaftServerConfigKeys (ConfUtils.java:logGet(43)) - raft.server.log.preallocated.size = 16384 (custom)
2019-07-13 22:41:39,332 INFO  server.RaftServerConfigKeys (ConfUtils.java:logGet(43)) - raft.server.log.write.buffer.size = 33554432 (custom)
2019-07-13 22:41:39,333 INFO  server.RaftServerConfigKeys (ConfUtils.java:logGet(43)) - raft.server.log.force.sync.num = 128 (default)
2019-07-13 22:41:39,333 INFO  server.RaftServerConfigKeys (ConfUtils.java:logGet(43)) - raft.server.log.statemachine.data.sync = true (default)
2019-07-13 22:41:39,333 INFO  server.RaftServerConfigKeys (ConfUtils.java:logGet(43)) - raft.server.log.statemachine.data.sync.timeout = 10s (default)
2019-07-13 22:41:39,333 INFO  server.RaftServerConfigKeys (ConfUtils.java:logGet(43)) - raft.server.log.statemachine.data.sync.timeout.retry = -1 (default)
2019-07-13 22:41:39,333 INFO  server.RaftServerConfigKeys (ConfUtils.java:logGet(43)) - raft.server.log.statemachine.data.caching.enabled = true (custom)
2019-07-13 22:41:39,334 INFO  segmented.SegmentedRaftLogWorker (SegmentedRaftLogWorker.java:lambda$new$0(132)) - 61cef7b1-bc01-43dc-9b26-f4ba045dc728-SegmentedRaftLogWorker:Storage Directory /tmp/workdir/hadoop-ozone/integration-test/target/test-dir/MiniOzoneClusterImpl-ea706609-d548-4f96-b2ff-1bb804afac90/datanode-2/data/ratis/49f61a21-fad5-4d10-9f0c-3af9c770a016: flushIndex: setUnconditionally 0 -> -1
2019-07-13 22:41:39,334 INFO  server.RaftServerConfigKeys (ConfUtils.java:logGet(43)) - raft.server.snapshot.auto.trigger.enabled = true (custom)
2019-07-13 22:41:39,334 INFO  server.RaftServerConfigKeys (ConfUtils.java:logGet(43)) - raft.server.snapshot.auto.trigger.threshold = 10000 (custom)
2019-07-13 22:41:39,335 INFO  server.RaftServerConfigKeys (ConfUtils.java:logGet(43)) - raft.server.retrycache.expirytime = 600000ms (custom)
2019-07-13 22:41:39,335 INFO  impl.RaftServerImpl (RaftServerImpl.java:start(180)) - 61cef7b1-bc01-43dc-9b26-f4ba045dc728: start group-3AF9C770A016
2019-07-13 22:41:39,335 INFO  impl.RaftServerImpl (RaftServerImpl.java:setRole(171)) - 61cef7b1-bc01-43dc-9b26-f4ba045dc728:group-3AF9C770A016 changes role from null to FOLLOWER at term 0 for startAsFollower
2019-07-13 22:41:39,335 INFO  impl.RoleInfo (RoleInfo.java:updateAndGet(143)) - 61cef7b1-bc01-43dc-9b26-f4ba045dc728: start FollowerState
2019-07-13 22:41:39,336 INFO  util.JmxRegister (JmxRegister.java:tryRegister(44)) - Successfully registered JMX Bean with object name Ratis:service=RaftServer,group=group-3AF9C770A016,id=61cef7b1-bc01-43dc-9b26-f4ba045dc728
2019-07-13 22:41:39,338 INFO  pipeline.PipelineStateManager (PipelineStateManager.java:addPipeline(56)) - Created pipeline Pipeline[ Id: 49f61a21-fad5-4d10-9f0c-3af9c770a016, Nodes: 61cef7b1-bc01-43dc-9b26-f4ba045dc728{ip: 192.168.5.159, host: trunk-nightly-x8m8d-1534914823, networkLocation: /default-rack, certSerialId: null}, Type:RATIS, Factor:ONE, State:OPEN]
2019-07-13 22:41:39,372 INFO  impl.RaftServerProxy (RaftServerProxy.java:addNew(89)) - 61cef7b1-bc01-43dc-9b26-f4ba045dc728: addNew group-747CD80F0199:[7aec0298-4162-4e76-a712-2b642b7e8a8d:192.168.5.159:44371, 1c3a8b81-418f-44a5-824a-d8e6f75288d8:192.168.5.159:46747, 61cef7b1-bc01-43dc-9b26-f4ba045dc728:192.168.5.159:37586] returns group-747CD80F0199:java.util.concurrent.CompletableFuture@13b5c32e[Not completed]
2019-07-13 22:41:39,380 INFO  impl.RaftServerProxy (RaftServerProxy.java:addNew(89)) - 7aec0298-4162-4e76-a712-2b642b7e8a8d: addNew group-747CD80F0199:[7aec0298-4162-4e76-a712-2b642b7e8a8d:192.168.5.159:44371, 1c3a8b81-418f-44a5-824a-d8e6f75288d8:192.168.5.159:46747, 61cef7b1-bc01-43dc-9b26-f4ba045dc728:192.168.5.159:37586] returns group-747CD80F0199:java.util.concurrent.CompletableFuture@4e17b2ca[Not completed]
2019-07-13 22:41:39,372 INFO  impl.RaftServerProxy (RaftServerProxy.java:addNew(89)) - 1c3a8b81-418f-44a5-824a-d8e6f75288d8: addNew group-747CD80F0199:[7aec0298-4162-4e76-a712-2b642b7e8a8d:192.168.5.159:44371, 1c3a8b81-418f-44a5-824a-d8e6f75288d8:192.168.5.159:46747, 61cef7b1-bc01-43dc-9b26-f4ba045dc728:192.168.5.159:37586] returns group-747CD80F0199:java.util.concurrent.CompletableFuture@1359960c[Not completed]
2019-07-13 22:41:39,381 INFO  impl.RaftServerImpl (RaftServerImpl.java:<init>(93)) - 1c3a8b81-418f-44a5-824a-d8e6f75288d8: new RaftServerImpl for group-747CD80F0199:[7aec0298-4162-4e76-a712-2b642b7e8a8d:192.168.5.159:44371, 1c3a8b81-418f-44a5-824a-d8e6f75288d8:192.168.5.159:46747, 61cef7b1-bc01-43dc-9b26-f4ba045dc728:192.168.5.159:37586] with ContainerStateMachine:uninitialized
2019-07-13 22:41:39,381 INFO  server.RaftServerConfigKeys (ConfUtils.java:logGet(43)) - raft.server.rpc.timeout.min = 5s (custom)
2019-07-13 22:41:39,382 INFO  server.RaftServerConfigKeys (ConfUtils.java:logGet(43)) - raft.server.rpc.timeout.max = 5200ms (custom)
2019-07-13 22:41:39,382 INFO  server.RaftServerConfigKeys (ConfUtils.java:logGet(43)) - raft.server.rpcslowness.timeout = 120s (custom)
2019-07-13 22:41:39,382 INFO  server.RaftServerConfigKeys (ConfUtils.java:logGet(43)) - raft.server.sleep.deviation.threshold = 300 (default)
2019-07-13 22:41:39,382 INFO  impl.RaftServerImpl (RaftServerImpl.java:<init>(93)) - 7aec0298-4162-4e76-a712-2b642b7e8a8d: new RaftServerImpl for group-747CD80F0199:[7aec0298-4162-4e76-a712-2b642b7e8a8d:192.168.5.159:44371, 1c3a8b81-418f-44a5-824a-d8e6f75288d8:192.168.5.159:46747, 61cef7b1-bc01-43dc-9b26-f4ba045dc728:192.168.5.159:37586] with ContainerStateMachine:uninitialized
2019-07-13 22:41:39,382 INFO  server.RaftServerConfigKeys (ConfUtils.java:logGet(43)) - raft.server.log.appender.install.snapshot.enabled = false (custom)
2019-07-13 22:41:39,382 INFO  server.RaftServerConfigKeys (ConfUtils.java:logGet(43)) - raft.server.rpc.timeout.min = 5s (custom)
2019-07-13 22:41:39,383 INFO  impl.RaftServerImpl (ServerState.java:<init>(105)) - 1c3a8b81-418f-44a5-824a-d8e6f75288d8:group-747CD80F0199 ConfigurationManager, init=-1: [7aec0298-4162-4e76-a712-2b642b7e8a8d:192.168.5.159:44371, 1c3a8b81-418f-44a5-824a-d8e6f75288d8:192.168.5.159:46747, 61cef7b1-bc01-43dc-9b26-f4ba045dc728:192.168.5.159:37586], old=null, confs=<EMPTY_MAP>
2019-07-13 22:41:39,382 INFO  impl.RaftServerImpl (RaftServerImpl.java:<init>(93)) - 61cef7b1-bc01-43dc-9b26-f4ba045dc728: new RaftServerImpl for group-747CD80F0199:[7aec0298-4162-4e76-a712-2b642b7e8a8d:192.168.5.159:44371, 1c3a8b81-418f-44a5-824a-d8e6f75288d8:192.168.5.159:46747, 61cef7b1-bc01-43dc-9b26-f4ba045dc728:192.168.5.159:37586] with ContainerStateMachine:uninitialized
2019-07-13 22:41:39,383 INFO  server.RaftServerConfigKeys (ConfUtils.java:logGet(43)) - raft.server.storage.dir = [/tmp/workdir/hadoop-ozone/integration-test/target/test-dir/MiniOzoneClusterImpl-ea706609-d548-4f96-b2ff-1bb804afac90/datanode-0/data/ratis] (custom)
2019-07-13 22:41:39,383 INFO  server.RaftServerConfigKeys (ConfUtils.java:logGet(43)) - raft.server.rpc.timeout.max = 5200ms (custom)
2019-07-13 22:41:39,383 INFO  server.RaftServerConfigKeys (ConfUtils.java:logGet(43)) - raft.server.rpc.timeout.min = 5s (custom)
2019-07-13 22:41:39,384 INFO  storage.RaftStorageDirectory (RaftStorageDirectory.java:analyzeStorage(246)) - The storage directory /tmp/workdir/hadoop-ozone/integration-test/target/test-dir/MiniOzoneClusterImpl-ea706609-d548-4f96-b2ff-1bb804afac90/datanode-0/data/ratis/3925af91-6585-4c70-a3ee-747cd80f0199 does not exist. Creating ...
2019-07-13 22:41:39,383 INFO  server.RaftServerConfigKeys (ConfUtils.java:logGet(43)) - raft.server.rpcslowness.timeout = 120s (custom)
2019-07-13 22:41:39,384 INFO  server.RaftServerConfigKeys (ConfUtils.java:logGet(43)) - raft.server.sleep.deviation.threshold = 300 (default)
2019-07-13 22:41:39,384 INFO  server.RaftServerConfigKeys (ConfUtils.java:logGet(43)) - raft.server.rpc.timeout.max = 5200ms (custom)
2019-07-13 22:41:39,384 INFO  server.RaftServerConfigKeys (ConfUtils.java:logGet(43)) - raft.server.log.appender.install.snapshot.enabled = false (custom)
2019-07-13 22:41:39,384 INFO  server.RaftServerConfigKeys (ConfUtils.java:logGet(43)) - raft.server.rpcslowness.timeout = 120s (custom)
2019-07-13 22:41:39,385 INFO  impl.RaftServerImpl (ServerState.java:<init>(105)) - 7aec0298-4162-4e76-a712-2b642b7e8a8d:group-747CD80F0199 ConfigurationManager, init=-1: [7aec0298-4162-4e76-a712-2b642b7e8a8d:192.168.5.159:44371, 1c3a8b81-418f-44a5-824a-d8e6f75288d8:192.168.5.159:46747, 61cef7b1-bc01-43dc-9b26-f4ba045dc728:192.168.5.159:37586], old=null, confs=<EMPTY_MAP>
2019-07-13 22:41:39,385 INFO  server.RaftServerConfigKeys (ConfUtils.java:logGet(43)) - raft.server.sleep.deviation.threshold = 300 (default)
2019-07-13 22:41:39,385 INFO  server.RaftServerConfigKeys (ConfUtils.java:logGet(43)) - raft.server.storage.dir = [/tmp/workdir/hadoop-ozone/integration-test/target/test-dir/MiniOzoneClusterImpl-ea706609-d548-4f96-b2ff-1bb804afac90/datanode-1/data/ratis] (custom)
2019-07-13 22:41:39,385 INFO  server.RaftServerConfigKeys (ConfUtils.java:logGet(43)) - raft.server.log.appender.install.snapshot.enabled = false (custom)
2019-07-13 22:41:39,385 INFO  impl.RaftServerImpl (ServerState.java:<init>(105)) - 61cef7b1-bc01-43dc-9b26-f4ba045dc728:group-747CD80F0199 ConfigurationManager, init=-1: [7aec0298-4162-4e76-a712-2b642b7e8a8d:192.168.5.159:44371, 1c3a8b81-418f-44a5-824a-d8e6f75288d8:192.168.5.159:46747, 61cef7b1-bc01-43dc-9b26-f4ba045dc728:192.168.5.159:37586], old=null, confs=<EMPTY_MAP>
2019-07-13 22:41:39,385 INFO  storage.RaftStorageDirectory (RaftStorageDirectory.java:analyzeStorage(246)) - The storage directory /tmp/workdir/hadoop-ozone/integration-test/target/test-dir/MiniOzoneClusterImpl-ea706609-d548-4f96-b2ff-1bb804afac90/datanode-1/data/ratis/3925af91-6585-4c70-a3ee-747cd80f0199 does not exist. Creating ...
2019-07-13 22:41:39,385 INFO  server.RaftServerConfigKeys (ConfUtils.java:logGet(43)) - raft.server.storage.dir = [/tmp/workdir/hadoop-ozone/integration-test/target/test-dir/MiniOzoneClusterImpl-ea706609-d548-4f96-b2ff-1bb804afac90/datanode-2/data/ratis] (custom)
2019-07-13 22:41:39,386 INFO  storage.RaftStorageDirectory (RaftStorageDirectory.java:analyzeStorage(246)) - The storage directory /tmp/workdir/hadoop-ozone/integration-test/target/test-dir/MiniOzoneClusterImpl-ea706609-d548-4f96-b2ff-1bb804afac90/datanode-2/data/ratis/3925af91-6585-4c70-a3ee-747cd80f0199 does not exist. Creating ...
2019-07-13 22:41:39,398 INFO  storage.RaftStorageDirectory (RaftStorageDirectory.java:tryLock(328)) - Lock on /tmp/workdir/hadoop-ozone/integration-test/target/test-dir/MiniOzoneClusterImpl-ea706609-d548-4f96-b2ff-1bb804afac90/datanode-0/data/ratis/3925af91-6585-4c70-a3ee-747cd80f0199/in_use.lock acquired by nodename 26920@trunk-nightly-x8m8d-1534914823
2019-07-13 22:41:39,398 INFO  storage.RaftStorageDirectory (RaftStorageDirectory.java:tryLock(328)) - Lock on /tmp/workdir/hadoop-ozone/integration-test/target/test-dir/MiniOzoneClusterImpl-ea706609-d548-4f96-b2ff-1bb804afac90/datanode-2/data/ratis/3925af91-6585-4c70-a3ee-747cd80f0199/in_use.lock acquired by nodename 26920@trunk-nightly-x8m8d-1534914823
2019-07-13 22:41:39,398 INFO  storage.RaftStorageDirectory (RaftStorageDirectory.java:tryLock(328)) - Lock on /tmp/workdir/hadoop-ozone/integration-test/target/test-dir/MiniOzoneClusterImpl-ea706609-d548-4f96-b2ff-1bb804afac90/datanode-1/data/ratis/3925af91-6585-4c70-a3ee-747cd80f0199/in_use.lock acquired by nodename 26920@trunk-nightly-x8m8d-1534914823
2019-07-13 22:41:39,402 INFO  storage.RaftStorage (RaftStorage.java:format(72)) - Storage directory /tmp/workdir/hadoop-ozone/integration-test/target/test-dir/MiniOzoneClusterImpl-ea706609-d548-4f96-b2ff-1bb804afac90/datanode-1/data/ratis/3925af91-6585-4c70-a3ee-747cd80f0199 has been successfully formatted.
2019-07-13 22:41:39,402 INFO  storage.RaftStorage (RaftStorage.java:format(72)) - Storage directory /tmp/workdir/hadoop-ozone/integration-test/target/test-dir/MiniOzoneClusterImpl-ea706609-d548-4f96-b2ff-1bb804afac90/datanode-2/data/ratis/3925af91-6585-4c70-a3ee-747cd80f0199 has been successfully formatted.
2019-07-13 22:41:39,403 INFO  ratis.ContainerStateMachine (ContainerStateMachine.java:loadSnapshot(200)) - The snapshot info is null.Setting the last applied index to:(t:0, i:~)
2019-07-13 22:41:39,403 INFO  ratis.ContainerStateMachine (ContainerStateMachine.java:loadSnapshot(200)) - The snapshot info is null.Setting the last applied index to:(t:0, i:~)
2019-07-13 22:41:39,402 INFO  storage.RaftStorage (RaftStorage.java:format(72)) - Storage directory /tmp/workdir/hadoop-ozone/integration-test/target/test-dir/MiniOzoneClusterImpl-ea706609-d548-4f96-b2ff-1bb804afac90/datanode-0/data/ratis/3925af91-6585-4c70-a3ee-747cd80f0199 has been successfully formatted.
2019-07-13 22:41:39,403 INFO  server.RaftServerConfigKeys (ConfUtils.java:logGet(43)) - raft.server.leader.election.timeout = 120s (custom)
2019-07-13 22:41:39,403 INFO  ratis.ContainerStateMachine (ContainerStateMachine.java:loadSnapshot(200)) - The snapshot info is null.Setting the last applied index to:(t:0, i:~)
2019-07-13 22:41:39,403 INFO  server.RaftServerConfigKeys (ConfUtils.java:logGet(43)) - raft.server.leader.election.timeout = 120s (custom)
2019-07-13 22:41:39,404 INFO  server.RaftServerConfigKeys (ConfUtils.java:logGet(43)) - raft.server.leader.election.timeout = 120s (custom)
2019-07-13 22:41:39,403 INFO  server.RaftServerConfigKeys (ConfUtils.java:logGet(43)) - raft.server.log.use.memory = false (default)
2019-07-13 22:41:39,404 INFO  server.RaftServerConfigKeys (ConfUtils.java:logGet(43)) - raft.server.log.use.memory = false (default)
2019-07-13 22:41:39,404 INFO  server.RaftServerConfigKeys (ConfUtils.java:logGet(43)) - raft.server.log.use.memory = false (default)
2019-07-13 22:41:39,404 INFO  server.RaftServerConfigKeys (ConfUtils.java:logGet(43)) - raft.server.log.purge.gap = 1000000000 (custom)
2019-07-13 22:41:39,404 INFO  server.RaftServerConfigKeys (ConfUtils.java:logGet(43)) - raft.server.log.purge.gap = 1000000000 (custom)
2019-07-13 22:41:39,405 INFO  server.RaftServerConfigKeys (ConfUtils.java:logGet(43)) - raft.server.log.appender.buffer.byte-limit = 33554432 (custom)
2019-07-13 22:41:39,404 INFO  server.RaftServerConfigKeys (ConfUtils.java:logGet(43)) - raft.server.log.purge.gap = 1000000000 (custom)
2019-07-13 22:41:39,405 INFO  server.RaftServerConfigKeys (ConfUtils.java:logGet(43)) - raft.server.log.segment.size.max = 1048576 (custom)
2019-07-13 22:41:39,405 INFO  server.RaftServerConfigKeys (ConfUtils.java:logGet(43)) - raft.server.log.appender.buffer.byte-limit = 33554432 (custom)
2019-07-13 22:41:39,405 INFO  server.RaftServerConfigKeys (ConfUtils.java:logGet(43)) - raft.server.log.segment.cache.num.max = 2 (custom)
2019-07-13 22:41:39,405 INFO  server.RaftServerConfigKeys (ConfUtils.java:logGet(43)) - raft.server.log.appender.buffer.byte-limit = 33554432 (custom)
2019-07-13 22:41:39,406 INFO  segmented.SegmentedRaftLogWorker (SegmentedRaftLogWorker.java:<init>(172)) - new 1c3a8b81-418f-44a5-824a-d8e6f75288d8-SegmentedRaftLogWorker:Storage Directory /tmp/workdir/hadoop-ozone/integration-test/target/test-dir/MiniOzoneClusterImpl-ea706609-d548-4f96-b2ff-1bb804afac90/datanode-0/data/ratis/3925af91-6585-4c70-a3ee-747cd80f0199 for RaftStorage:Storage Directory /tmp/workdir/hadoop-ozone/integration-test/target/test-dir/MiniOzoneClusterImpl-ea706609-d548-4f96-b2ff-1bb804afac90/datanode-0/data/ratis/3925af91-6585-4c70-a3ee-747cd80f0199
2019-07-13 22:41:39,406 INFO  server.RaftServerConfigKeys (ConfUtils.java:logGet(43)) - raft.server.log.segment.size.max = 1048576 (custom)
2019-07-13 22:41:39,406 INFO  server.RaftServerConfigKeys (ConfUtils.java:logGet(43)) - raft.server.log.queue.byte-limit = 2147483647 (custom)
2019-07-13 22:41:39,406 INFO  server.RaftServerConfigKeys (ConfUtils.java:logGet(43)) - raft.server.log.queue.element-limit = 1024 (custom)
2019-07-13 22:41:39,406 INFO  server.RaftServerConfigKeys (ConfUtils.java:logGet(43)) - raft.server.log.segment.size.max = 1048576 (custom)
2019-07-13 22:41:39,407 INFO  server.RaftServerConfigKeys (ConfUtils.java:logGet(43)) - raft.server.log.segment.size.max = 1048576 (custom)
2019-07-13 22:41:39,407 INFO  server.RaftServerConfigKeys (ConfUtils.java:logGet(43)) - raft.server.log.preallocated.size = 16384 (custom)
2019-07-13 22:41:39,406 INFO  server.RaftServerConfigKeys (ConfUtils.java:logGet(43)) - raft.server.log.segment.cache.num.max = 2 (custom)
2019-07-13 22:41:39,407 INFO  server.RaftServerConfigKeys (ConfUtils.java:logGet(43)) - raft.server.log.write.buffer.size = 33554432 (custom)
2019-07-13 22:41:39,407 INFO  server.RaftServerConfigKeys (ConfUtils.java:logGet(43)) - raft.server.log.segment.cache.num.max = 2 (custom)
2019-07-13 22:41:39,408 INFO  server.RaftServerConfigKeys (ConfUtils.java:logGet(43)) - raft.server.log.force.sync.num = 128 (default)
2019-07-13 22:41:39,408 INFO  server.RaftServerConfigKeys (ConfUtils.java:logGet(43)) - raft.server.log.statemachine.data.sync = true (default)
2019-07-13 22:41:39,407 INFO  segmented.SegmentedRaftLogWorker (SegmentedRaftLogWorker.java:<init>(172)) - new 61cef7b1-bc01-43dc-9b26-f4ba045dc728-SegmentedRaftLogWorker:Storage Directory /tmp/workdir/hadoop-ozone/integration-test/target/test-dir/MiniOzoneClusterImpl-ea706609-d548-4f96-b2ff-1bb804afac90/datanode-2/data/ratis/3925af91-6585-4c70-a3ee-747cd80f0199 for RaftStorage:Storage Directory /tmp/workdir/hadoop-ozone/integration-test/target/test-dir/MiniOzoneClusterImpl-ea706609-d548-4f96-b2ff-1bb804afac90/datanode-2/data/ratis/3925af91-6585-4c70-a3ee-747cd80f0199
2019-07-13 22:41:39,408 INFO  server.RaftServerConfigKeys (ConfUtils.java:logGet(43)) - raft.server.log.statemachine.data.sync.timeout = 10s (default)
2019-07-13 22:41:39,408 INFO  segmented.SegmentedRaftLogWorker (SegmentedRaftLogWorker.java:<init>(172)) - new 7aec0298-4162-4e76-a712-2b642b7e8a8d-SegmentedRaftLogWorker:Storage Directory /tmp/workdir/hadoop-ozone/integration-test/target/test-dir/MiniOzoneClusterImpl-ea706609-d548-4f96-b2ff-1bb804afac90/datanode-1/data/ratis/3925af91-6585-4c70-a3ee-747cd80f0199 for RaftStorage:Storage Directory /tmp/workdir/hadoop-ozone/integration-test/target/test-dir/MiniOzoneClusterImpl-ea706609-d548-4f96-b2ff-1bb804afac90/datanode-1/data/ratis/3925af91-6585-4c70-a3ee-747cd80f0199
2019-07-13 22:41:39,409 INFO  server.RaftServerConfigKeys (ConfUtils.java:logGet(43)) - raft.server.log.statemachine.data.sync.timeout.retry = -1 (default)
2019-07-13 22:41:39,408 INFO  server.RaftServerConfigKeys (ConfUtils.java:logGet(43)) - raft.server.log.queue.byte-limit = 2147483647 (custom)
2019-07-13 22:41:39,409 INFO  server.RaftServerConfigKeys (ConfUtils.java:logGet(43)) - raft.server.log.statemachine.data.caching.enabled = true (custom)
2019-07-13 22:41:39,409 INFO  server.RaftServerConfigKeys (ConfUtils.java:logGet(43)) - raft.server.log.queue.byte-limit = 2147483647 (custom)
2019-07-13 22:41:39,409 INFO  server.RaftServerConfigKeys (ConfUtils.java:logGet(43)) - raft.server.log.queue.element-limit = 1024 (custom)
2019-07-13 22:41:39,409 INFO  segmented.SegmentedRaftLogWorker (SegmentedRaftLogWorker.java:lambda$new$0(132)) - 1c3a8b81-418f-44a5-824a-d8e6f75288d8-SegmentedRaftLogWorker:Storage Directory /tmp/workdir/hadoop-ozone/integration-test/target/test-dir/MiniOzoneClusterImpl-ea706609-d548-4f96-b2ff-1bb804afac90/datanode-0/data/ratis/3925af91-6585-4c70-a3ee-747cd80f0199: flushIndex: setUnconditionally 0 -> -1
2019-07-13 22:41:39,409 INFO  server.RaftServerConfigKeys (ConfUtils.java:logGet(43)) - raft.server.log.queue.element-limit = 1024 (custom)
2019-07-13 22:41:39,410 INFO  server.RaftServerConfigKeys (ConfUtils.java:logGet(43)) - raft.server.log.segment.size.max = 1048576 (custom)
2019-07-13 22:41:39,410 INFO  server.RaftServerConfigKeys (ConfUtils.java:logGet(43)) - raft.server.snapshot.auto.trigger.enabled = true (custom)
2019-07-13 22:41:39,410 INFO  server.RaftServerConfigKeys (ConfUtils.java:logGet(43)) - raft.server.log.segment.size.max = 1048576 (custom)
2019-07-13 22:41:39,410 INFO  server.RaftServerConfigKeys (ConfUtils.java:logGet(43)) - raft.server.snapshot.auto.trigger.threshold = 10000 (custom)
2019-07-13 22:41:39,410 INFO  server.RaftServerConfigKeys (ConfUtils.java:logGet(43)) - raft.server.log.preallocated.size = 16384 (custom)
2019-07-13 22:41:39,411 INFO  server.RaftServerConfigKeys (ConfUtils.java:logGet(43)) - raft.server.retrycache.expirytime = 600000ms (custom)
2019-07-13 22:41:39,410 INFO  server.RaftServerConfigKeys (ConfUtils.java:logGet(43)) - raft.server.log.preallocated.size = 16384 (custom)
2019-07-13 22:41:39,411 INFO  impl.RaftServerImpl (RaftServerImpl.java:start(180)) - 1c3a8b81-418f-44a5-824a-d8e6f75288d8: start group-747CD80F0199
2019-07-13 22:41:39,411 INFO  server.RaftServerConfigKeys (ConfUtils.java:logGet(43)) - raft.server.log.write.buffer.size = 33554432 (custom)
2019-07-13 22:41:39,411 INFO  impl.RaftServerImpl (RaftServerImpl.java:setRole(171)) - 1c3a8b81-418f-44a5-824a-d8e6f75288d8:group-747CD80F0199 changes role from null to FOLLOWER at term 0 for startAsFollower
2019-07-13 22:41:39,411 INFO  server.RaftServerConfigKeys (ConfUtils.java:logGet(43)) - raft.server.log.write.buffer.size = 33554432 (custom)
2019-07-13 22:41:39,412 INFO  impl.RoleInfo (RoleInfo.java:updateAndGet(143)) - 1c3a8b81-418f-44a5-824a-d8e6f75288d8: start FollowerState
2019-07-13 22:41:39,412 INFO  server.RaftServerConfigKeys (ConfUtils.java:logGet(43)) - raft.server.log.force.sync.num = 128 (default)
2019-07-13 22:41:39,412 INFO  server.RaftServerConfigKeys (ConfUtils.java:logGet(43)) - raft.server.log.force.sync.num = 128 (default)
2019-07-13 22:41:39,412 INFO  util.JmxRegister (JmxRegister.java:tryRegister(44)) - Successfully registered JMX Bean with object name Ratis:service=RaftServer,group=group-747CD80F0199,id=1c3a8b81-418f-44a5-824a-d8e6f75288d8
2019-07-13 22:41:39,412 INFO  server.RaftServerConfigKeys (ConfUtils.java:logGet(43)) - raft.server.log.statemachine.data.sync = true (default)
2019-07-13 22:41:39,413 INFO  server.RaftServerConfigKeys (ConfUtils.java:logGet(43)) - raft.server.log.statemachine.data.sync = true (default)
2019-07-13 22:41:39,413 INFO  server.RaftServerConfigKeys (ConfUtils.java:logGet(43)) - raft.server.log.statemachine.data.sync.timeout = 10s (default)
2019-07-13 22:41:39,413 INFO  server.RaftServerConfigKeys (ConfUtils.java:logGet(43)) - raft.server.log.statemachine.data.sync.timeout = 10s (default)
2019-07-13 22:41:39,413 INFO  server.RaftServerConfigKeys (ConfUtils.java:logGet(43)) - raft.server.log.statemachine.data.sync.timeout.retry = -1 (default)
2019-07-13 22:41:39,413 INFO  server.RaftServerConfigKeys (ConfUtils.java:logGet(43)) - raft.server.log.statemachine.data.sync.timeout.retry = -1 (default)
2019-07-13 22:41:39,414 INFO  server.RaftServerConfigKeys (ConfUtils.java:logGet(43)) - raft.server.log.statemachine.data.caching.enabled = true (custom)
2019-07-13 22:41:39,414 INFO  server.RaftServerConfigKeys (ConfUtils.java:logGet(43)) - raft.server.log.statemachine.data.caching.enabled = true (custom)
2019-07-13 22:41:39,414 INFO  segmented.SegmentedRaftLogWorker (SegmentedRaftLogWorker.java:lambda$new$0(132)) - 61cef7b1-bc01-43dc-9b26-f4ba045dc728-SegmentedRaftLogWorker:Storage Directory /tmp/workdir/hadoop-ozone/integration-test/target/test-dir/MiniOzoneClusterImpl-ea706609-d548-4f96-b2ff-1bb804afac90/datanode-2/data/ratis/3925af91-6585-4c70-a3ee-747cd80f0199: flushIndex: setUnconditionally 0 -> -1
2019-07-13 22:41:39,414 INFO  segmented.SegmentedRaftLogWorker (SegmentedRaftLogWorker.java:lambda$new$0(132)) - 7aec0298-4162-4e76-a712-2b642b7e8a8d-SegmentedRaftLogWorker:Storage Directory /tmp/workdir/hadoop-ozone/integration-test/target/test-dir/MiniOzoneClusterImpl-ea706609-d548-4f96-b2ff-1bb804afac90/datanode-1/data/ratis/3925af91-6585-4c70-a3ee-747cd80f0199: flushIndex: setUnconditionally 0 -> -1
2019-07-13 22:41:39,415 INFO  server.RaftServerConfigKeys (ConfUtils.java:logGet(43)) - raft.server.snapshot.auto.trigger.enabled = true (custom)
2019-07-13 22:41:39,415 INFO  server.RaftServerConfigKeys (ConfUtils.java:logGet(43)) - raft.server.snapshot.auto.trigger.enabled = true (custom)
2019-07-13 22:41:39,415 INFO  server.RaftServerConfigKeys (ConfUtils.java:logGet(43)) - raft.server.snapshot.auto.trigger.threshold = 10000 (custom)
2019-07-13 22:41:39,415 INFO  server.RaftServerConfigKeys (ConfUtils.java:logGet(43)) - raft.server.snapshot.auto.trigger.threshold = 10000 (custom)
2019-07-13 22:41:39,415 INFO  server.RaftServerConfigKeys (ConfUtils.java:logGet(43)) - raft.server.retrycache.expirytime = 600000ms (custom)
2019-07-13 22:41:39,415 INFO  server.RaftServerConfigKeys (ConfUtils.java:logGet(43)) - raft.server.retrycache.expirytime = 600000ms (custom)
2019-07-13 22:41:39,415 INFO  impl.RaftServerImpl (RaftServerImpl.java:start(180)) - 61cef7b1-bc01-43dc-9b26-f4ba045dc728: start group-747CD80F0199
2019-07-13 22:41:39,416 INFO  impl.RaftServerImpl (RaftServerImpl.java:start(180)) - 7aec0298-4162-4e76-a712-2b642b7e8a8d: start group-747CD80F0199
2019-07-13 22:41:39,416 INFO  impl.RaftServerImpl (RaftServerImpl.java:setRole(171)) - 61cef7b1-bc01-43dc-9b26-f4ba045dc728:group-747CD80F0199 changes role from null to FOLLOWER at term 0 for startAsFollower
2019-07-13 22:41:39,416 INFO  impl.RaftServerImpl (RaftServerImpl.java:setRole(171)) - 7aec0298-4162-4e76-a712-2b642b7e8a8d:group-747CD80F0199 changes role from null to FOLLOWER at term 0 for startAsFollower
2019-07-13 22:41:39,416 INFO  impl.RoleInfo (RoleInfo.java:updateAndGet(143)) - 61cef7b1-bc01-43dc-9b26-f4ba045dc728: start FollowerState
2019-07-13 22:41:39,416 INFO  impl.RoleInfo (RoleInfo.java:updateAndGet(143)) - 7aec0298-4162-4e76-a712-2b642b7e8a8d: start FollowerState
2019-07-13 22:41:39,417 INFO  util.JmxRegister (JmxRegister.java:tryRegister(44)) - Successfully registered JMX Bean with object name Ratis:service=RaftServer,group=group-747CD80F0199,id=61cef7b1-bc01-43dc-9b26-f4ba045dc728
2019-07-13 22:41:39,417 INFO  util.JmxRegister (JmxRegister.java:tryRegister(44)) - Successfully registered JMX Bean with object name Ratis:service=RaftServer,group=group-747CD80F0199,id=7aec0298-4162-4e76-a712-2b642b7e8a8d
2019-07-13 22:41:39,419 INFO  pipeline.PipelineStateManager (PipelineStateManager.java:addPipeline(56)) - Created pipeline Pipeline[ Id: 3925af91-6585-4c70-a3ee-747cd80f0199, Nodes: 7aec0298-4162-4e76-a712-2b642b7e8a8d{ip: 192.168.5.159, host: trunk-nightly-x8m8d-1534914823, networkLocation: /default-rack, certSerialId: null}1c3a8b81-418f-44a5-824a-d8e6f75288d8{ip: 192.168.5.159, host: trunk-nightly-x8m8d-1534914823, networkLocation: /default-rack, certSerialId: null}61cef7b1-bc01-43dc-9b26-f4ba045dc728{ip: 192.168.5.159, host: trunk-nightly-x8m8d-1534914823, networkLocation: /default-rack, certSerialId: null}, Type:RATIS, Factor:THREE, State:OPEN]
2019-07-13 22:41:39,506 INFO  node.SCMNodeManager (SCMNodeManager.java:register(269)) - Registered Data node : ac8b57f9-e412-43cb-ab48-58d98bb5a21e{ip: 192.168.5.159, host: trunk-nightly-x8m8d-1534914823, networkLocation: /default-rack, certSerialId: null}
2019-07-13 22:41:39,519 INFO  impl.RaftServerProxy (RaftServerProxy.java:addNew(89)) - ac8b57f9-e412-43cb-ab48-58d98bb5a21e: addNew group-09C9E0D49380:[ac8b57f9-e412-43cb-ab48-58d98bb5a21e:192.168.5.159:34940] returns group-09C9E0D49380:java.util.concurrent.CompletableFuture@28c01b2d[Not completed]
2019-07-13 22:41:39,520 INFO  impl.RaftServerImpl (RaftServerImpl.java:<init>(93)) - ac8b57f9-e412-43cb-ab48-58d98bb5a21e: new RaftServerImpl for group-09C9E0D49380:[ac8b57f9-e412-43cb-ab48-58d98bb5a21e:192.168.5.159:34940] with ContainerStateMachine:uninitialized
2019-07-13 22:41:39,520 INFO  server.RaftServerConfigKeys (ConfUtils.java:logGet(43)) - raft.server.rpc.timeout.min = 5s (custom)
2019-07-13 22:41:39,520 INFO  server.RaftServerConfigKeys (ConfUtils.java:logGet(43)) - raft.server.rpc.timeout.max = 5200ms (custom)
2019-07-13 22:41:39,520 INFO  server.RaftServerConfigKeys (ConfUtils.java:logGet(43)) - raft.server.rpcslowness.timeout = 120s (custom)
2019-07-13 22:41:39,521 INFO  server.RaftServerConfigKeys (ConfUtils.java:logGet(43)) - raft.server.sleep.deviation.threshold = 300 (default)
2019-07-13 22:41:39,521 INFO  server.RaftServerConfigKeys (ConfUtils.java:logGet(43)) - raft.server.log.appender.install.snapshot.enabled = false (custom)
2019-07-13 22:41:39,521 INFO  impl.RaftServerImpl (ServerState.java:<init>(105)) - ac8b57f9-e412-43cb-ab48-58d98bb5a21e:group-09C9E0D49380 ConfigurationManager, init=-1: [ac8b57f9-e412-43cb-ab48-58d98bb5a21e:192.168.5.159:34940], old=null, confs=<EMPTY_MAP>
2019-07-13 22:41:39,521 INFO  server.RaftServerConfigKeys (ConfUtils.java:logGet(43)) - raft.server.storage.dir = [/tmp/workdir/hadoop-ozone/integration-test/target/test-dir/MiniOzoneClusterImpl-ea706609-d548-4f96-b2ff-1bb804afac90/datanode-3/data/ratis] (custom)
2019-07-13 22:41:39,522 INFO  storage.RaftStorageDirectory (RaftStorageDirectory.java:analyzeStorage(246)) - The storage directory /tmp/workdir/hadoop-ozone/integration-test/target/test-dir/MiniOzoneClusterImpl-ea706609-d548-4f96-b2ff-1bb804afac90/datanode-3/data/ratis/0a74ef7b-6307-4be0-bb4b-09c9e0d49380 does not exist. Creating ...
2019-07-13 22:41:39,527 INFO  storage.RaftStorageDirectory (RaftStorageDirectory.java:tryLock(328)) - Lock on /tmp/workdir/hadoop-ozone/integration-test/target/test-dir/MiniOzoneClusterImpl-ea706609-d548-4f96-b2ff-1bb804afac90/datanode-3/data/ratis/0a74ef7b-6307-4be0-bb4b-09c9e0d49380/in_use.lock acquired by nodename 26920@trunk-nightly-x8m8d-1534914823
2019-07-13 22:41:39,532 INFO  storage.RaftStorage (RaftStorage.java:format(72)) - Storage directory /tmp/workdir/hadoop-ozone/integration-test/target/test-dir/MiniOzoneClusterImpl-ea706609-d548-4f96-b2ff-1bb804afac90/datanode-3/data/ratis/0a74ef7b-6307-4be0-bb4b-09c9e0d49380 has been successfully formatted.
2019-07-13 22:41:39,532 INFO  ratis.ContainerStateMachine (ContainerStateMachine.java:loadSnapshot(200)) - The snapshot info is null.Setting the last applied index to:(t:0, i:~)
2019-07-13 22:41:39,532 INFO  server.RaftServerConfigKeys (ConfUtils.java:logGet(43)) - raft.server.leader.election.timeout = 120s (custom)
2019-07-13 22:41:39,533 INFO  server.RaftServerConfigKeys (ConfUtils.java:logGet(43)) - raft.server.log.use.memory = false (default)
2019-07-13 22:41:39,533 INFO  server.RaftServerConfigKeys (ConfUtils.java:logGet(43)) - raft.server.log.purge.gap = 1000000000 (custom)
2019-07-13 22:41:39,533 INFO  server.RaftServerConfigKeys (ConfUtils.java:logGet(43)) - raft.server.log.appender.buffer.byte-limit = 33554432 (custom)
2019-07-13 22:41:39,533 INFO  server.RaftServerConfigKeys (ConfUtils.java:logGet(43)) - raft.server.log.segment.size.max = 1048576 (custom)
2019-07-13 22:41:39,533 INFO  server.RaftServerConfigKeys (ConfUtils.java:logGet(43)) - raft.server.log.segment.cache.num.max = 2 (custom)
2019-07-13 22:41:39,533 INFO  segmented.SegmentedRaftLogWorker (SegmentedRaftLogWorker.java:<init>(172)) - new ac8b57f9-e412-43cb-ab48-58d98bb5a21e-SegmentedRaftLogWorker:Storage Directory /tmp/workdir/hadoop-ozone/integration-test/target/test-dir/MiniOzoneClusterImpl-ea706609-d548-4f96-b2ff-1bb804afac90/datanode-3/data/ratis/0a74ef7b-6307-4be0-bb4b-09c9e0d49380 for RaftStorage:Storage Directory /tmp/workdir/hadoop-ozone/integration-test/target/test-dir/MiniOzoneClusterImpl-ea706609-d548-4f96-b2ff-1bb804afac90/datanode-3/data/ratis/0a74ef7b-6307-4be0-bb4b-09c9e0d49380
2019-07-13 22:41:39,534 INFO  server.RaftServerConfigKeys (ConfUtils.java:logGet(43)) - raft.server.log.queue.byte-limit = 2147483647 (custom)
2019-07-13 22:41:39,534 INFO  server.RaftServerConfigKeys (ConfUtils.java:logGet(43)) - raft.server.log.queue.element-limit = 1024 (custom)
2019-07-13 22:41:39,534 INFO  server.RaftServerConfigKeys (ConfUtils.java:logGet(43)) - raft.server.log.segment.size.max = 1048576 (custom)
2019-07-13 22:41:39,534 INFO  server.RaftServerConfigKeys (ConfUtils.java:logGet(43)) - raft.server.log.preallocated.size = 16384 (custom)
2019-07-13 22:41:39,534 INFO  server.RaftServerConfigKeys (ConfUtils.java:logGet(43)) - raft.server.log.write.buffer.size = 33554432 (custom)
2019-07-13 22:41:39,535 INFO  server.RaftServerConfigKeys (ConfUtils.java:logGet(43)) - raft.server.log.force.sync.num = 128 (default)
2019-07-13 22:41:39,535 INFO  server.RaftServerConfigKeys (ConfUtils.java:logGet(43)) - raft.server.log.statemachine.data.sync = true (default)
2019-07-13 22:41:39,535 INFO  server.RaftServerConfigKeys (ConfUtils.java:logGet(43)) - raft.server.log.statemachine.data.sync.timeout = 10s (default)
2019-07-13 22:41:39,535 INFO  server.RaftServerConfigKeys (ConfUtils.java:logGet(43)) - raft.server.log.statemachine.data.sync.timeout.retry = -1 (default)
2019-07-13 22:41:39,535 INFO  server.RaftServerConfigKeys (ConfUtils.java:logGet(43)) - raft.server.log.statemachine.data.caching.enabled = true (custom)
2019-07-13 22:41:39,536 INFO  segmented.SegmentedRaftLogWorker (SegmentedRaftLogWorker.java:lambda$new$0(132)) - ac8b57f9-e412-43cb-ab48-58d98bb5a21e-SegmentedRaftLogWorker:Storage Directory /tmp/workdir/hadoop-ozone/integration-test/target/test-dir/MiniOzoneClusterImpl-ea706609-d548-4f96-b2ff-1bb804afac90/datanode-3/data/ratis/0a74ef7b-6307-4be0-bb4b-09c9e0d49380: flushIndex: setUnconditionally 0 -> -1
2019-07-13 22:41:39,536 INFO  server.RaftServerConfigKeys (ConfUtils.java:logGet(43)) - raft.server.snapshot.auto.trigger.enabled = true (custom)
2019-07-13 22:41:39,536 INFO  server.RaftServerConfigKeys (ConfUtils.java:logGet(43)) - raft.server.snapshot.auto.trigger.threshold = 10000 (custom)
2019-07-13 22:41:39,537 INFO  server.RaftServerConfigKeys (ConfUtils.java:logGet(43)) - raft.server.retrycache.expirytime = 600000ms (custom)
2019-07-13 22:41:39,537 INFO  impl.RaftServerImpl (RaftServerImpl.java:start(180)) - ac8b57f9-e412-43cb-ab48-58d98bb5a21e: start group-09C9E0D49380
2019-07-13 22:41:39,537 INFO  impl.RaftServerImpl (RaftServerImpl.java:setRole(171)) - ac8b57f9-e412-43cb-ab48-58d98bb5a21e:group-09C9E0D49380 changes role from null to FOLLOWER at term 0 for startAsFollower
2019-07-13 22:41:39,537 INFO  impl.RoleInfo (RoleInfo.java:updateAndGet(143)) - ac8b57f9-e412-43cb-ab48-58d98bb5a21e: start FollowerState
2019-07-13 22:41:39,538 INFO  util.JmxRegister (JmxRegister.java:tryRegister(44)) - Successfully registered JMX Bean with object name Ratis:service=RaftServer,group=group-09C9E0D49380,id=ac8b57f9-e412-43cb-ab48-58d98bb5a21e
2019-07-13 22:41:39,540 INFO  pipeline.PipelineStateManager (PipelineStateManager.java:addPipeline(56)) - Created pipeline Pipeline[ Id: 0a74ef7b-6307-4be0-bb4b-09c9e0d49380, Nodes: ac8b57f9-e412-43cb-ab48-58d98bb5a21e{ip: 192.168.5.159, host: trunk-nightly-x8m8d-1534914823, networkLocation: /default-rack, certSerialId: null}, Type:RATIS, Factor:ONE, State:OPEN]
2019-07-13 22:41:39,733 INFO  node.SCMNodeManager (SCMNodeManager.java:register(269)) - Registered Data node : 3ded15aa-7b5a-41b4-ab72-c2b20ac88757{ip: 192.168.5.159, host: trunk-nightly-x8m8d-1534914823, networkLocation: /default-rack, certSerialId: null}
2019-07-13 22:41:39,746 INFO  impl.RaftServerProxy (RaftServerProxy.java:addNew(89)) - 3ded15aa-7b5a-41b4-ab72-c2b20ac88757: addNew group-1DF03D750807:[3ded15aa-7b5a-41b4-ab72-c2b20ac88757:192.168.5.159:44775] returns group-1DF03D750807:java.util.concurrent.CompletableFuture@4d16b467[Not completed]
2019-07-13 22:41:39,747 INFO  impl.RaftServerImpl (RaftServerImpl.java:<init>(93)) - 3ded15aa-7b5a-41b4-ab72-c2b20ac88757: new RaftServerImpl for group-1DF03D750807:[3ded15aa-7b5a-41b4-ab72-c2b20ac88757:192.168.5.159:44775] with ContainerStateMachine:uninitialized
2019-07-13 22:41:39,747 INFO  server.RaftServerConfigKeys (ConfUtils.java:logGet(43)) - raft.server.rpc.timeout.min = 5s (custom)
2019-07-13 22:41:39,747 INFO  server.RaftServerConfigKeys (ConfUtils.java:logGet(43)) - raft.server.rpc.timeout.max = 5200ms (custom)
2019-07-13 22:41:39,747 INFO  server.RaftServerConfigKeys (ConfUtils.java:logGet(43)) - raft.server.rpcslowness.timeout = 120s (custom)
2019-07-13 22:41:39,747 INFO  server.RaftServerConfigKeys (ConfUtils.java:logGet(43)) - raft.server.sleep.deviation.threshold = 300 (default)
2019-07-13 22:41:39,748 INFO  server.RaftServerConfigKeys (ConfUtils.java:logGet(43)) - raft.server.log.appender.install.snapshot.enabled = false (custom)
2019-07-13 22:41:39,748 INFO  impl.RaftServerImpl (ServerState.java:<init>(105)) - 3ded15aa-7b5a-41b4-ab72-c2b20ac88757:group-1DF03D750807 ConfigurationManager, init=-1: [3ded15aa-7b5a-41b4-ab72-c2b20ac88757:192.168.5.159:44775], old=null, confs=<EMPTY_MAP>
2019-07-13 22:41:39,748 INFO  server.RaftServerConfigKeys (ConfUtils.java:logGet(43)) - raft.server.storage.dir = [/tmp/workdir/hadoop-ozone/integration-test/target/test-dir/MiniOzoneClusterImpl-ea706609-d548-4f96-b2ff-1bb804afac90/datanode-4/data/ratis] (custom)
2019-07-13 22:41:39,748 INFO  storage.RaftStorageDirectory (RaftStorageDirectory.java:analyzeStorage(246)) - The storage directory /tmp/workdir/hadoop-ozone/integration-test/target/test-dir/MiniOzoneClusterImpl-ea706609-d548-4f96-b2ff-1bb804afac90/datanode-4/data/ratis/6e915c6e-037b-4566-ae22-1df03d750807 does not exist. Creating ...
2019-07-13 22:41:39,760 INFO  storage.RaftStorageDirectory (RaftStorageDirectory.java:tryLock(328)) - Lock on /tmp/workdir/hadoop-ozone/integration-test/target/test-dir/MiniOzoneClusterImpl-ea706609-d548-4f96-b2ff-1bb804afac90/datanode-4/data/ratis/6e915c6e-037b-4566-ae22-1df03d750807/in_use.lock acquired by nodename 26920@trunk-nightly-x8m8d-1534914823
2019-07-13 22:41:39,770 INFO  storage.RaftStorage (RaftStorage.java:format(72)) - Storage directory /tmp/workdir/hadoop-ozone/integration-test/target/test-dir/MiniOzoneClusterImpl-ea706609-d548-4f96-b2ff-1bb804afac90/datanode-4/data/ratis/6e915c6e-037b-4566-ae22-1df03d750807 has been successfully formatted.
2019-07-13 22:41:39,770 INFO  ratis.ContainerStateMachine (ContainerStateMachine.java:loadSnapshot(200)) - The snapshot info is null.Setting the last applied index to:(t:0, i:~)
2019-07-13 22:41:39,770 INFO  server.RaftServerConfigKeys (ConfUtils.java:logGet(43)) - raft.server.leader.election.timeout = 120s (custom)
2019-07-13 22:41:39,770 INFO  server.RaftServerConfigKeys (ConfUtils.java:logGet(43)) - raft.server.log.use.memory = false (default)
2019-07-13 22:41:39,770 INFO  server.RaftServerConfigKeys (ConfUtils.java:logGet(43)) - raft.server.log.purge.gap = 1000000000 (custom)
2019-07-13 22:41:39,770 INFO  server.RaftServerConfigKeys (ConfUtils.java:logGet(43)) - raft.server.log.appender.buffer.byte-limit = 33554432 (custom)
2019-07-13 22:41:39,771 INFO  server.RaftServerConfigKeys (ConfUtils.java:logGet(43)) - raft.server.log.segment.size.max = 1048576 (custom)
2019-07-13 22:41:39,771 INFO  server.RaftServerConfigKeys (ConfUtils.java:logGet(43)) - raft.server.log.segment.cache.num.max = 2 (custom)
2019-07-13 22:41:39,771 INFO  segmented.SegmentedRaftLogWorker (SegmentedRaftLogWorker.java:<init>(172)) - new 3ded15aa-7b5a-41b4-ab72-c2b20ac88757-SegmentedRaftLogWorker:Storage Directory /tmp/workdir/hadoop-ozone/integration-test/target/test-dir/MiniOzoneClusterImpl-ea706609-d548-4f96-b2ff-1bb804afac90/datanode-4/data/ratis/6e915c6e-037b-4566-ae22-1df03d750807 for RaftStorage:Storage Directory /tmp/workdir/hadoop-ozone/integration-test/target/test-dir/MiniOzoneClusterImpl-ea706609-d548-4f96-b2ff-1bb804afac90/datanode-4/data/ratis/6e915c6e-037b-4566-ae22-1df03d750807
2019-07-13 22:41:39,771 INFO  server.RaftServerConfigKeys (ConfUtils.java:logGet(43)) - raft.server.log.queue.byte-limit = 2147483647 (custom)
2019-07-13 22:41:39,771 INFO  server.RaftServerConfigKeys (ConfUtils.java:logGet(43)) - raft.server.log.queue.element-limit = 1024 (custom)
2019-07-13 22:41:39,772 INFO  server.RaftServerConfigKeys (ConfUtils.java:logGet(43)) - raft.server.log.segment.size.max = 1048576 (custom)
2019-07-13 22:41:39,772 INFO  server.RaftServerConfigKeys (ConfUtils.java:logGet(43)) - raft.server.log.preallocated.size = 16384 (custom)
2019-07-13 22:41:39,772 INFO  server.RaftServerConfigKeys (ConfUtils.java:logGet(43)) - raft.server.log.write.buffer.size = 33554432 (custom)
2019-07-13 22:41:39,772 INFO  server.RaftServerConfigKeys (ConfUtils.java:logGet(43)) - raft.server.log.force.sync.num = 128 (default)
2019-07-13 22:41:39,772 INFO  server.RaftServerConfigKeys (ConfUtils.java:logGet(43)) - raft.server.log.statemachine.data.sync = true (default)
2019-07-13 22:41:39,773 INFO  server.RaftServerConfigKeys (ConfUtils.java:logGet(43)) - raft.server.log.statemachine.data.sync.timeout = 10s (default)
2019-07-13 22:41:39,773 INFO  server.RaftServerConfigKeys (ConfUtils.java:logGet(43)) - raft.server.log.statemachine.data.sync.timeout.retry = -1 (default)
2019-07-13 22:41:39,773 INFO  server.RaftServerConfigKeys (ConfUtils.java:logGet(43)) - raft.server.log.statemachine.data.caching.enabled = true (custom)
2019-07-13 22:41:39,773 INFO  segmented.SegmentedRaftLogWorker (SegmentedRaftLogWorker.java:lambda$new$0(132)) - 3ded15aa-7b5a-41b4-ab72-c2b20ac88757-SegmentedRaftLogWorker:Storage Directory /tmp/workdir/hadoop-ozone/integration-test/target/test-dir/MiniOzoneClusterImpl-ea706609-d548-4f96-b2ff-1bb804afac90/datanode-4/data/ratis/6e915c6e-037b-4566-ae22-1df03d750807: flushIndex: setUnconditionally 0 -> -1
2019-07-13 22:41:39,774 INFO  server.RaftServerConfigKeys (ConfUtils.java:logGet(43)) - raft.server.snapshot.auto.trigger.enabled = true (custom)
2019-07-13 22:41:39,774 INFO  server.RaftServerConfigKeys (ConfUtils.java:logGet(43)) - raft.server.snapshot.auto.trigger.threshold = 10000 (custom)
2019-07-13 22:41:39,774 INFO  server.RaftServerConfigKeys (ConfUtils.java:logGet(43)) - raft.server.retrycache.expirytime = 600000ms (custom)
2019-07-13 22:41:39,774 INFO  impl.RaftServerImpl (RaftServerImpl.java:start(180)) - 3ded15aa-7b5a-41b4-ab72-c2b20ac88757: start group-1DF03D750807
2019-07-13 22:41:39,775 INFO  impl.RaftServerImpl (RaftServerImpl.java:setRole(171)) - 3ded15aa-7b5a-41b4-ab72-c2b20ac88757:group-1DF03D750807 changes role from null to FOLLOWER at term 0 for startAsFollower
2019-07-13 22:41:39,775 INFO  impl.RoleInfo (RoleInfo.java:updateAndGet(143)) - 3ded15aa-7b5a-41b4-ab72-c2b20ac88757: start FollowerState
2019-07-13 22:41:39,775 INFO  util.JmxRegister (JmxRegister.java:tryRegister(44)) - Successfully registered JMX Bean with object name Ratis:service=RaftServer,group=group-1DF03D750807,id=3ded15aa-7b5a-41b4-ab72-c2b20ac88757
2019-07-13 22:41:39,777 INFO  pipeline.PipelineStateManager (PipelineStateManager.java:addPipeline(56)) - Created pipeline Pipeline[ Id: 6e915c6e-037b-4566-ae22-1df03d750807, Nodes: 3ded15aa-7b5a-41b4-ab72-c2b20ac88757{ip: 192.168.5.159, host: trunk-nightly-x8m8d-1534914823, networkLocation: /default-rack, certSerialId: null}, Type:RATIS, Factor:ONE, State:OPEN]
2019-07-13 22:41:39,964 INFO  ozone.MiniOzoneClusterImpl (MiniOzoneClusterImpl.java:lambda$waitForClusterToBeReady$0(142)) - Waiting for cluster to be ready. Got 5 of 6 DN Heartbeats.
2019-07-13 22:41:39,964 INFO  node.SCMNodeManager (SCMNodeManager.java:register(269)) - Registered Data node : e767c577-011e-4adf-b87e-910d40712adc{ip: 192.168.5.159, host: trunk-nightly-x8m8d-1534914823, networkLocation: /default-rack, certSerialId: null}
2019-07-13 22:41:39,977 INFO  impl.RaftServerProxy (RaftServerProxy.java:addNew(89)) - e767c577-011e-4adf-b87e-910d40712adc: addNew group-FA7D0A486FB5:[e767c577-011e-4adf-b87e-910d40712adc:192.168.5.159:38628] returns group-FA7D0A486FB5:java.util.concurrent.CompletableFuture@3cce4b3[Not completed]
2019-07-13 22:41:39,979 INFO  impl.RaftServerImpl (RaftServerImpl.java:<init>(93)) - e767c577-011e-4adf-b87e-910d40712adc: new RaftServerImpl for group-FA7D0A486FB5:[e767c577-011e-4adf-b87e-910d40712adc:192.168.5.159:38628] with ContainerStateMachine:uninitialized
2019-07-13 22:41:39,979 INFO  server.RaftServerConfigKeys (ConfUtils.java:logGet(43)) - raft.server.rpc.timeout.min = 5s (custom)
2019-07-13 22:41:39,979 INFO  server.RaftServerConfigKeys (ConfUtils.java:logGet(43)) - raft.server.rpc.timeout.max = 5200ms (custom)
2019-07-13 22:41:39,979 INFO  server.RaftServerConfigKeys (ConfUtils.java:logGet(43)) - raft.server.rpcslowness.timeout = 120s (custom)
2019-07-13 22:41:39,979 INFO  server.RaftServerConfigKeys (ConfUtils.java:logGet(43)) - raft.server.sleep.deviation.threshold = 300 (default)
2019-07-13 22:41:39,979 INFO  server.RaftServerConfigKeys (ConfUtils.java:logGet(43)) - raft.server.log.appender.install.snapshot.enabled = false (custom)
2019-07-13 22:41:39,980 INFO  impl.RaftServerImpl (ServerState.java:<init>(105)) - e767c577-011e-4adf-b87e-910d40712adc:group-FA7D0A486FB5 ConfigurationManager, init=-1: [e767c577-011e-4adf-b87e-910d40712adc:192.168.5.159:38628], old=null, confs=<EMPTY_MAP>
2019-07-13 22:41:39,980 INFO  server.RaftServerConfigKeys (ConfUtils.java:logGet(43)) - raft.server.storage.dir = [/tmp/workdir/hadoop-ozone/integration-test/target/test-dir/MiniOzoneClusterImpl-ea706609-d548-4f96-b2ff-1bb804afac90/datanode-5/data/ratis] (custom)
2019-07-13 22:41:39,980 INFO  storage.RaftStorageDirectory (RaftStorageDirectory.java:analyzeStorage(246)) - The storage directory /tmp/workdir/hadoop-ozone/integration-test/target/test-dir/MiniOzoneClusterImpl-ea706609-d548-4f96-b2ff-1bb804afac90/datanode-5/data/ratis/8b52a17a-6232-497d-a02e-fa7d0a486fb5 does not exist. Creating ...
2019-07-13 22:41:39,994 INFO  storage.RaftStorageDirectory (RaftStorageDirectory.java:tryLock(328)) - Lock on /tmp/workdir/hadoop-ozone/integration-test/target/test-dir/MiniOzoneClusterImpl-ea706609-d548-4f96-b2ff-1bb804afac90/datanode-5/data/ratis/8b52a17a-6232-497d-a02e-fa7d0a486fb5/in_use.lock acquired by nodename 26920@trunk-nightly-x8m8d-1534914823
2019-07-13 22:41:39,998 INFO  storage.RaftStorage (RaftStorage.java:format(72)) - Storage directory /tmp/workdir/hadoop-ozone/integration-test/target/test-dir/MiniOzoneClusterImpl-ea706609-d548-4f96-b2ff-1bb804afac90/datanode-5/data/ratis/8b52a17a-6232-497d-a02e-fa7d0a486fb5 has been successfully formatted.
2019-07-13 22:41:39,998 INFO  ratis.ContainerStateMachine (ContainerStateMachine.java:loadSnapshot(200)) - The snapshot info is null.Setting the last applied index to:(t:0, i:~)
2019-07-13 22:41:39,998 INFO  server.RaftServerConfigKeys (ConfUtils.java:logGet(43)) - raft.server.leader.election.timeout = 120s (custom)
2019-07-13 22:41:39,998 INFO  server.RaftServerConfigKeys (ConfUtils.java:logGet(43)) - raft.server.log.use.memory = false (default)
2019-07-13 22:41:39,998 INFO  server.RaftServerConfigKeys (ConfUtils.java:logGet(43)) - raft.server.log.purge.gap = 1000000000 (custom)
2019-07-13 22:41:39,999 INFO  server.RaftServerConfigKeys (ConfUtils.java:logGet(43)) - raft.server.log.appender.buffer.byte-limit = 33554432 (custom)
2019-07-13 22:41:39,999 INFO  server.RaftServerConfigKeys (ConfUtils.java:logGet(43)) - raft.server.log.segment.size.max = 1048576 (custom)
2019-07-13 22:41:39,999 INFO  server.RaftServerConfigKeys (ConfUtils.java:logGet(43)) - raft.server.log.segment.cache.num.max = 2 (custom)
2019-07-13 22:41:39,999 INFO  segmented.SegmentedRaftLogWorker (SegmentedRaftLogWorker.java:<init>(172)) - new e767c577-011e-4adf-b87e-910d40712adc-SegmentedRaftLogWorker:Storage Directory /tmp/workdir/hadoop-ozone/integration-test/target/test-dir/MiniOzoneClusterImpl-ea706609-d548-4f96-b2ff-1bb804afac90/datanode-5/data/ratis/8b52a17a-6232-497d-a02e-fa7d0a486fb5 for RaftStorage:Storage Directory /tmp/workdir/hadoop-ozone/integration-test/target/test-dir/MiniOzoneClusterImpl-ea706609-d548-4f96-b2ff-1bb804afac90/datanode-5/data/ratis/8b52a17a-6232-497d-a02e-fa7d0a486fb5
2019-07-13 22:41:39,999 INFO  server.RaftServerConfigKeys (ConfUtils.java:logGet(43)) - raft.server.log.queue.byte-limit = 2147483647 (custom)
2019-07-13 22:41:39,999 INFO  server.RaftServerConfigKeys (ConfUtils.java:logGet(43)) - raft.server.log.queue.element-limit = 1024 (custom)
2019-07-13 22:41:40,000 INFO  server.RaftServerConfigKeys (ConfUtils.java:logGet(43)) - raft.server.log.segment.size.max = 1048576 (custom)
2019-07-13 22:41:40,000 INFO  server.RaftServerConfigKeys (ConfUtils.java:logGet(43)) - raft.server.log.preallocated.size = 16384 (custom)
2019-07-13 22:41:40,000 INFO  server.RaftServerConfigKeys (ConfUtils.java:logGet(43)) - raft.server.log.write.buffer.size = 33554432 (custom)
2019-07-13 22:41:40,000 INFO  server.RaftServerConfigKeys (ConfUtils.java:logGet(43)) - raft.server.log.force.sync.num = 128 (default)
2019-07-13 22:41:40,000 INFO  server.RaftServerConfigKeys (ConfUtils.java:logGet(43)) - raft.server.log.statemachine.data.sync = true (default)
2019-07-13 22:41:40,000 INFO  server.RaftServerConfigKeys (ConfUtils.java:logGet(43)) - raft.server.log.statemachine.data.sync.timeout = 10s (default)
2019-07-13 22:41:40,001 INFO  server.RaftServerConfigKeys (ConfUtils.java:logGet(43)) - raft.server.log.statemachine.data.sync.timeout.retry = -1 (default)
2019-07-13 22:41:40,001 INFO  server.RaftServerConfigKeys (ConfUtils.java:logGet(43)) - raft.server.log.statemachine.data.caching.enabled = true (custom)
2019-07-13 22:41:40,001 INFO  segmented.SegmentedRaftLogWorker (SegmentedRaftLogWorker.java:lambda$new$0(132)) - e767c577-011e-4adf-b87e-910d40712adc-SegmentedRaftLogWorker:Storage Directory /tmp/workdir/hadoop-ozone/integration-test/target/test-dir/MiniOzoneClusterImpl-ea706609-d548-4f96-b2ff-1bb804afac90/datanode-5/data/ratis/8b52a17a-6232-497d-a02e-fa7d0a486fb5: flushIndex: setUnconditionally 0 -> -1
2019-07-13 22:41:40,002 INFO  server.RaftServerConfigKeys (ConfUtils.java:logGet(43)) - raft.server.snapshot.auto.trigger.enabled = true (custom)
2019-07-13 22:41:40,002 INFO  server.RaftServerConfigKeys (ConfUtils.java:logGet(43)) - raft.server.snapshot.auto.trigger.threshold = 10000 (custom)
2019-07-13 22:41:40,002 INFO  server.RaftServerConfigKeys (ConfUtils.java:logGet(43)) - raft.server.retrycache.expirytime = 600000ms (custom)
2019-07-13 22:41:40,002 INFO  impl.RaftServerImpl (RaftServerImpl.java:start(180)) - e767c577-011e-4adf-b87e-910d40712adc: start group-FA7D0A486FB5
2019-07-13 22:41:40,002 INFO  impl.RaftServerImpl (RaftServerImpl.java:setRole(171)) - e767c577-011e-4adf-b87e-910d40712adc:group-FA7D0A486FB5 changes role from null to FOLLOWER at term 0 for startAsFollower
2019-07-13 22:41:40,003 INFO  impl.RoleInfo (RoleInfo.java:updateAndGet(143)) - e767c577-011e-4adf-b87e-910d40712adc: start FollowerState
2019-07-13 22:41:40,003 INFO  util.JmxRegister (JmxRegister.java:tryRegister(44)) - Successfully registered JMX Bean with object name Ratis:service=RaftServer,group=group-FA7D0A486FB5,id=e767c577-011e-4adf-b87e-910d40712adc
2019-07-13 22:41:40,006 INFO  pipeline.PipelineStateManager (PipelineStateManager.java:addPipeline(56)) - Created pipeline Pipeline[ Id: 8b52a17a-6232-497d-a02e-fa7d0a486fb5, Nodes: e767c577-011e-4adf-b87e-910d40712adc{ip: 192.168.5.159, host: trunk-nightly-x8m8d-1534914823, networkLocation: /default-rack, certSerialId: null}, Type:RATIS, Factor:ONE, State:OPEN]
2019-07-13 22:41:40,026 INFO  impl.RaftServerProxy (RaftServerProxy.java:addNew(89)) - 3ded15aa-7b5a-41b4-ab72-c2b20ac88757: addNew group-6A1BBE50276E:[ac8b57f9-e412-43cb-ab48-58d98bb5a21e:192.168.5.159:34940, 3ded15aa-7b5a-41b4-ab72-c2b20ac88757:192.168.5.159:44775, e767c577-011e-4adf-b87e-910d40712adc:192.168.5.159:38628] returns group-6A1BBE50276E:java.util.concurrent.CompletableFuture@3557535c[Not completed]
2019-07-13 22:41:40,026 INFO  impl.RaftServerProxy (RaftServerProxy.java:addNew(89)) - e767c577-011e-4adf-b87e-910d40712adc: addNew group-6A1BBE50276E:[ac8b57f9-e412-43cb-ab48-58d98bb5a21e:192.168.5.159:34940, 3ded15aa-7b5a-41b4-ab72-c2b20ac88757:192.168.5.159:44775, e767c577-011e-4adf-b87e-910d40712adc:192.168.5.159:38628] returns group-6A1BBE50276E:java.util.concurrent.CompletableFuture@7334af9c[Not completed]
2019-07-13 22:41:40,026 INFO  impl.RaftServerProxy (RaftServerProxy.java:addNew(89)) - ac8b57f9-e412-43cb-ab48-58d98bb5a21e: addNew group-6A1BBE50276E:[ac8b57f9-e412-43cb-ab48-58d98bb5a21e:192.168.5.159:34940, 3ded15aa-7b5a-41b4-ab72-c2b20ac88757:192.168.5.159:44775, e767c577-011e-4adf-b87e-910d40712adc:192.168.5.159:38628] returns group-6A1BBE50276E:java.util.concurrent.CompletableFuture@20c1d6c5[Not completed]
2019-07-13 22:41:40,027 INFO  impl.RaftServerImpl (RaftServerImpl.java:<init>(93)) - 3ded15aa-7b5a-41b4-ab72-c2b20ac88757: new RaftServerImpl for group-6A1BBE50276E:[ac8b57f9-e412-43cb-ab48-58d98bb5a21e:192.168.5.159:34940, 3ded15aa-7b5a-41b4-ab72-c2b20ac88757:192.168.5.159:44775, e767c577-011e-4adf-b87e-910d40712adc:192.168.5.159:38628] with ContainerStateMachine:uninitialized
2019-07-13 22:41:40,027 INFO  server.RaftServerConfigKeys (ConfUtils.java:logGet(43)) - raft.server.rpc.timeout.min = 5s (custom)
2019-07-13 22:41:40,028 INFO  server.RaftServerConfigKeys (ConfUtils.java:logGet(43)) - raft.server.rpc.timeout.max = 5200ms (custom)
2019-07-13 22:41:40,028 INFO  server.RaftServerConfigKeys (ConfUtils.java:logGet(43)) - raft.server.rpcslowness.timeout = 120s (custom)
2019-07-13 22:41:40,028 INFO  impl.RaftServerImpl (RaftServerImpl.java:<init>(93)) - e767c577-011e-4adf-b87e-910d40712adc: new RaftServerImpl for group-6A1BBE50276E:[ac8b57f9-e412-43cb-ab48-58d98bb5a21e:192.168.5.159:34940, 3ded15aa-7b5a-41b4-ab72-c2b20ac88757:192.168.5.159:44775, e767c577-011e-4adf-b87e-910d40712adc:192.168.5.159:38628] with ContainerStateMachine:uninitialized
2019-07-13 22:41:40,028 INFO  server.RaftServerConfigKeys (ConfUtils.java:logGet(43)) - raft.server.sleep.deviation.threshold = 300 (default)
2019-07-13 22:41:40,028 INFO  server.RaftServerConfigKeys (ConfUtils.java:logGet(43)) - raft.server.rpc.timeout.min = 5s (custom)
2019-07-13 22:41:40,028 INFO  server.RaftServerConfigKeys (ConfUtils.java:logGet(43)) - raft.server.log.appender.install.snapshot.enabled = false (custom)
2019-07-13 22:41:40,028 INFO  server.RaftServerConfigKeys (ConfUtils.java:logGet(43)) - raft.server.rpc.timeout.max = 5200ms (custom)
2019-07-13 22:41:40,029 INFO  impl.RaftServerImpl (ServerState.java:<init>(105)) - 3ded15aa-7b5a-41b4-ab72-c2b20ac88757:group-6A1BBE50276E ConfigurationManager, init=-1: [ac8b57f9-e412-43cb-ab48-58d98bb5a21e:192.168.5.159:34940, 3ded15aa-7b5a-41b4-ab72-c2b20ac88757:192.168.5.159:44775, e767c577-011e-4adf-b87e-910d40712adc:192.168.5.159:38628], old=null, confs=<EMPTY_MAP>
2019-07-13 22:41:40,029 INFO  impl.RaftServerImpl (RaftServerImpl.java:<init>(93)) - ac8b57f9-e412-43cb-ab48-58d98bb5a21e: new RaftServerImpl for group-6A1BBE50276E:[ac8b57f9-e412-43cb-ab48-58d98bb5a21e:192.168.5.159:34940, 3ded15aa-7b5a-41b4-ab72-c2b20ac88757:192.168.5.159:44775, e767c577-011e-4adf-b87e-910d40712adc:192.168.5.159:38628] with ContainerStateMachine:uninitialized
2019-07-13 22:41:40,029 INFO  server.RaftServerConfigKeys (ConfUtils.java:logGet(43)) - raft.server.storage.dir = [/tmp/workdir/hadoop-ozone/integration-test/target/test-dir/MiniOzoneClusterImpl-ea706609-d548-4f96-b2ff-1bb804afac90/datanode-4/data/ratis] (custom)
2019-07-13 22:41:40,029 INFO  server.RaftServerConfigKeys (ConfUtils.java:logGet(43)) - raft.server.rpcslowness.timeout = 120s (custom)
2019-07-13 22:41:40,029 INFO  server.RaftServerConfigKeys (ConfUtils.java:logGet(43)) - raft.server.rpc.timeout.min = 5s (custom)
2019-07-13 22:41:40,029 INFO  server.RaftServerConfigKeys (ConfUtils.java:logGet(43)) - raft.server.sleep.deviation.threshold = 300 (default)
2019-07-13 22:41:40,029 INFO  server.RaftServerConfigKeys (ConfUtils.java:logGet(43)) - raft.server.rpc.timeout.max = 5200ms (custom)
2019-07-13 22:41:40,029 INFO  storage.RaftStorageDirectory (RaftStorageDirectory.java:analyzeStorage(246)) - The storage directory /tmp/workdir/hadoop-ozone/integration-test/target/test-dir/MiniOzoneClusterImpl-ea706609-d548-4f96-b2ff-1bb804afac90/datanode-4/data/ratis/86286c9a-c94c-4a58-81dc-6a1bbe50276e does not exist. Creating ...
2019-07-13 22:41:40,030 INFO  server.RaftServerConfigKeys (ConfUtils.java:logGet(43)) - raft.server.rpcslowness.timeout = 120s (custom)
2019-07-13 22:41:40,030 INFO  server.RaftServerConfigKeys (ConfUtils.java:logGet(43)) - raft.server.sleep.deviation.threshold = 300 (default)
2019-07-13 22:41:40,030 INFO  server.RaftServerConfigKeys (ConfUtils.java:logGet(43)) - raft.server.log.appender.install.snapshot.enabled = false (custom)
2019-07-13 22:41:40,030 INFO  server.RaftServerConfigKeys (ConfUtils.java:logGet(43)) - raft.server.log.appender.install.snapshot.enabled = false (custom)
2019-07-13 22:41:40,030 INFO  impl.RaftServerImpl (ServerState.java:<init>(105)) - e767c577-011e-4adf-b87e-910d40712adc:group-6A1BBE50276E ConfigurationManager, init=-1: [ac8b57f9-e412-43cb-ab48-58d98bb5a21e:192.168.5.159:34940, 3ded15aa-7b5a-41b4-ab72-c2b20ac88757:192.168.5.159:44775, e767c577-011e-4adf-b87e-910d40712adc:192.168.5.159:38628], old=null, confs=<EMPTY_MAP>
2019-07-13 22:41:40,031 INFO  impl.RaftServerImpl (ServerState.java:<init>(105)) - ac8b57f9-e412-43cb-ab48-58d98bb5a21e:group-6A1BBE50276E ConfigurationManager, init=-1: [ac8b57f9-e412-43cb-ab48-58d98bb5a21e:192.168.5.159:34940, 3ded15aa-7b5a-41b4-ab72-c2b20ac88757:192.168.5.159:44775, e767c577-011e-4adf-b87e-910d40712adc:192.168.5.159:38628], old=null, confs=<EMPTY_MAP>
2019-07-13 22:41:40,031 INFO  server.RaftServerConfigKeys (ConfUtils.java:logGet(43)) - raft.server.storage.dir = [/tmp/workdir/hadoop-ozone/integration-test/target/test-dir/MiniOzoneClusterImpl-ea706609-d548-4f96-b2ff-1bb804afac90/datanode-5/data/ratis] (custom)
2019-07-13 22:41:40,031 INFO  server.RaftServerConfigKeys (ConfUtils.java:logGet(43)) - raft.server.storage.dir = [/tmp/workdir/hadoop-ozone/integration-test/target/test-dir/MiniOzoneClusterImpl-ea706609-d548-4f96-b2ff-1bb804afac90/datanode-3/data/ratis] (custom)
2019-07-13 22:41:40,031 INFO  storage.RaftStorageDirectory (RaftStorageDirectory.java:analyzeStorage(246)) - The storage directory /tmp/workdir/hadoop-ozone/integration-test/target/test-dir/MiniOzoneClusterImpl-ea706609-d548-4f96-b2ff-1bb804afac90/datanode-5/data/ratis/86286c9a-c94c-4a58-81dc-6a1bbe50276e does not exist. Creating ...
2019-07-13 22:41:40,031 INFO  storage.RaftStorageDirectory (RaftStorageDirectory.java:analyzeStorage(246)) - The storage directory /tmp/workdir/hadoop-ozone/integration-test/target/test-dir/MiniOzoneClusterImpl-ea706609-d548-4f96-b2ff-1bb804afac90/datanode-3/data/ratis/86286c9a-c94c-4a58-81dc-6a1bbe50276e does not exist. Creating ...
2019-07-13 22:41:40,034 INFO  storage.RaftStorageDirectory (RaftStorageDirectory.java:tryLock(328)) - Lock on /tmp/workdir/hadoop-ozone/integration-test/target/test-dir/MiniOzoneClusterImpl-ea706609-d548-4f96-b2ff-1bb804afac90/datanode-4/data/ratis/86286c9a-c94c-4a58-81dc-6a1bbe50276e/in_use.lock acquired by nodename 26920@trunk-nightly-x8m8d-1534914823
2019-07-13 22:41:40,038 INFO  storage.RaftStorageDirectory (RaftStorageDirectory.java:tryLock(328)) - Lock on /tmp/workdir/hadoop-ozone/integration-test/target/test-dir/MiniOzoneClusterImpl-ea706609-d548-4f96-b2ff-1bb804afac90/datanode-5/data/ratis/86286c9a-c94c-4a58-81dc-6a1bbe50276e/in_use.lock acquired by nodename 26920@trunk-nightly-x8m8d-1534914823
2019-07-13 22:41:40,039 INFO  storage.RaftStorage (RaftStorage.java:format(72)) - Storage directory /tmp/workdir/hadoop-ozone/integration-test/target/test-dir/MiniOzoneClusterImpl-ea706609-d548-4f96-b2ff-1bb804afac90/datanode-4/data/ratis/86286c9a-c94c-4a58-81dc-6a1bbe50276e has been successfully formatted.
2019-07-13 22:41:40,038 INFO  storage.RaftStorageDirectory (RaftStorageDirectory.java:tryLock(328)) - Lock on /tmp/workdir/hadoop-ozone/integration-test/target/test-dir/MiniOzoneClusterImpl-ea706609-d548-4f96-b2ff-1bb804afac90/datanode-3/data/ratis/86286c9a-c94c-4a58-81dc-6a1bbe50276e/in_use.lock acquired by nodename 26920@trunk-nightly-x8m8d-1534914823
2019-07-13 22:41:40,039 INFO  ratis.ContainerStateMachine (ContainerStateMachine.java:loadSnapshot(200)) - The snapshot info is null.Setting the last applied index to:(t:0, i:~)
2019-07-13 22:41:40,039 INFO  server.RaftServerConfigKeys (ConfUtils.java:logGet(43)) - raft.server.leader.election.timeout = 120s (custom)
2019-07-13 22:41:40,039 INFO  server.RaftServerConfigKeys (ConfUtils.java:logGet(43)) - raft.server.log.use.memory = false (default)
2019-07-13 22:41:40,039 INFO  server.RaftServerConfigKeys (ConfUtils.java:logGet(43)) - raft.server.log.purge.gap = 1000000000 (custom)
2019-07-13 22:41:40,040 INFO  server.RaftServerConfigKeys (ConfUtils.java:logGet(43)) - raft.server.log.appender.buffer.byte-limit = 33554432 (custom)
2019-07-13 22:41:40,040 INFO  server.RaftServerConfigKeys (ConfUtils.java:logGet(43)) - raft.server.log.segment.size.max = 1048576 (custom)
2019-07-13 22:41:40,040 INFO  server.RaftServerConfigKeys (ConfUtils.java:logGet(43)) - raft.server.log.segment.cache.num.max = 2 (custom)
2019-07-13 22:41:40,040 INFO  segmented.SegmentedRaftLogWorker (SegmentedRaftLogWorker.java:<init>(172)) - new 3ded15aa-7b5a-41b4-ab72-c2b20ac88757-SegmentedRaftLogWorker:Storage Directory /tmp/workdir/hadoop-ozone/integration-test/target/test-dir/MiniOzoneClusterImpl-ea706609-d548-4f96-b2ff-1bb804afac90/datanode-4/data/ratis/86286c9a-c94c-4a58-81dc-6a1bbe50276e for RaftStorage:Storage Directory /tmp/workdir/hadoop-ozone/integration-test/target/test-dir/MiniOzoneClusterImpl-ea706609-d548-4f96-b2ff-1bb804afac90/datanode-4/data/ratis/86286c9a-c94c-4a58-81dc-6a1bbe50276e
2019-07-13 22:41:40,040 INFO  server.RaftServerConfigKeys (ConfUtils.java:logGet(43)) - raft.server.log.queue.byte-limit = 2147483647 (custom)
2019-07-13 22:41:40,040 INFO  server.RaftServerConfigKeys (ConfUtils.java:logGet(43)) - raft.server.log.queue.element-limit = 1024 (custom)
2019-07-13 22:41:40,041 INFO  server.RaftServerConfigKeys (ConfUtils.java:logGet(43)) - raft.server.log.segment.size.max = 1048576 (custom)
2019-07-13 22:41:40,041 INFO  server.RaftServerConfigKeys (ConfUtils.java:logGet(43)) - raft.server.log.preallocated.size = 16384 (custom)
2019-07-13 22:41:40,041 INFO  server.RaftServerConfigKeys (ConfUtils.java:logGet(43)) - raft.server.log.write.buffer.size = 33554432 (custom)
2019-07-13 22:41:40,041 INFO  server.RaftServerConfigKeys (ConfUtils.java:logGet(43)) - raft.server.log.force.sync.num = 128 (default)
2019-07-13 22:41:40,041 INFO  server.RaftServerConfigKeys (ConfUtils.java:logGet(43)) - raft.server.log.statemachine.data.sync = true (default)
2019-07-13 22:41:40,041 INFO  server.RaftServerConfigKeys (ConfUtils.java:logGet(43)) - raft.server.log.statemachine.data.sync.timeout = 10s (default)
2019-07-13 22:41:40,042 INFO  server.RaftServerConfigKeys (ConfUtils.java:logGet(43)) - raft.server.log.statemachine.data.sync.timeout.retry = -1 (default)
2019-07-13 22:41:40,042 INFO  server.RaftServerConfigKeys (ConfUtils.java:logGet(43)) - raft.server.log.statemachine.data.caching.enabled = true (custom)
2019-07-13 22:41:40,042 INFO  segmented.SegmentedRaftLogWorker (SegmentedRaftLogWorker.java:lambda$new$0(132)) - 3ded15aa-7b5a-41b4-ab72-c2b20ac88757-SegmentedRaftLogWorker:Storage Directory /tmp/workdir/hadoop-ozone/integration-test/target/test-dir/MiniOzoneClusterImpl-ea706609-d548-4f96-b2ff-1bb804afac90/datanode-4/data/ratis/86286c9a-c94c-4a58-81dc-6a1bbe50276e: flushIndex: setUnconditionally 0 -> -1
2019-07-13 22:41:40,043 INFO  server.RaftServerConfigKeys (ConfUtils.java:logGet(43)) - raft.server.snapshot.auto.trigger.enabled = true (custom)
2019-07-13 22:41:40,043 INFO  server.RaftServerConfigKeys (ConfUtils.java:logGet(43)) - raft.server.snapshot.auto.trigger.threshold = 10000 (custom)
2019-07-13 22:41:40,043 INFO  server.RaftServerConfigKeys (ConfUtils.java:logGet(43)) - raft.server.retrycache.expirytime = 600000ms (custom)
2019-07-13 22:41:40,043 INFO  impl.RaftServerImpl (RaftServerImpl.java:start(180)) - 3ded15aa-7b5a-41b4-ab72-c2b20ac88757: start group-6A1BBE50276E
2019-07-13 22:41:40,043 INFO  impl.RaftServerImpl (RaftServerImpl.java:setRole(171)) - 3ded15aa-7b5a-41b4-ab72-c2b20ac88757:group-6A1BBE50276E changes role from null to FOLLOWER at term 0 for startAsFollower
2019-07-13 22:41:40,043 INFO  impl.RoleInfo (RoleInfo.java:updateAndGet(143)) - 3ded15aa-7b5a-41b4-ab72-c2b20ac88757: start FollowerState
2019-07-13 22:41:40,044 INFO  util.JmxRegister (JmxRegister.java:tryRegister(44)) - Successfully registered JMX Bean with object name Ratis:service=RaftServer,group=group-6A1BBE50276E,id=3ded15aa-7b5a-41b4-ab72-c2b20ac88757
2019-07-13 22:41:40,055 INFO  storage.RaftStorage (RaftStorage.java:format(72)) - Storage directory /tmp/workdir/hadoop-ozone/integration-test/target/test-dir/MiniOzoneClusterImpl-ea706609-d548-4f96-b2ff-1bb804afac90/datanode-5/data/ratis/86286c9a-c94c-4a58-81dc-6a1bbe50276e has been successfully formatted.
2019-07-13 22:41:40,055 INFO  storage.RaftStorage (RaftStorage.java:format(72)) - Storage directory /tmp/workdir/hadoop-ozone/integration-test/target/test-dir/MiniOzoneClusterImpl-ea706609-d548-4f96-b2ff-1bb804afac90/datanode-3/data/ratis/86286c9a-c94c-4a58-81dc-6a1bbe50276e has been successfully formatted.
2019-07-13 22:41:40,056 INFO  ratis.ContainerStateMachine (ContainerStateMachine.java:loadSnapshot(200)) - The snapshot info is null.Setting the last applied index to:(t:0, i:~)
2019-07-13 22:41:40,056 INFO  ratis.ContainerStateMachine (ContainerStateMachine.java:loadSnapshot(200)) - The snapshot info is null.Setting the last applied index to:(t:0, i:~)
2019-07-13 22:41:40,056 INFO  server.RaftServerConfigKeys (ConfUtils.java:logGet(43)) - raft.server.leader.election.timeout = 120s (custom)
2019-07-13 22:41:40,056 INFO  server.RaftServerConfigKeys (ConfUtils.java:logGet(43)) - raft.server.leader.election.timeout = 120s (custom)
2019-07-13 22:41:40,056 INFO  server.RaftServerConfigKeys (ConfUtils.java:logGet(43)) - raft.server.log.use.memory = false (default)
2019-07-13 22:41:40,056 INFO  server.RaftServerConfigKeys (ConfUtils.java:logGet(43)) - raft.server.log.use.memory = false (default)
2019-07-13 22:41:40,057 INFO  server.RaftServerConfigKeys (ConfUtils.java:logGet(43)) - raft.server.log.purge.gap = 1000000000 (custom)
2019-07-13 22:41:40,057 INFO  server.RaftServerConfigKeys (ConfUtils.java:logGet(43)) - raft.server.log.purge.gap = 1000000000 (custom)
2019-07-13 22:41:40,057 INFO  server.RaftServerConfigKeys (ConfUtils.java:logGet(43)) - raft.server.log.appender.buffer.byte-limit = 33554432 (custom)
2019-07-13 22:41:40,057 INFO  server.RaftServerConfigKeys (ConfUtils.java:logGet(43)) - raft.server.log.appender.buffer.byte-limit = 33554432 (custom)
2019-07-13 22:41:40,057 INFO  server.RaftServerConfigKeys (ConfUtils.java:logGet(43)) - raft.server.log.segment.size.max = 1048576 (custom)
2019-07-13 22:41:40,057 INFO  server.RaftServerConfigKeys (ConfUtils.java:logGet(43)) - raft.server.log.segment.size.max = 1048576 (custom)
2019-07-13 22:41:40,058 INFO  server.RaftServerConfigKeys (ConfUtils.java:logGet(43)) - raft.server.log.segment.cache.num.max = 2 (custom)
2019-07-13 22:41:40,058 INFO  server.RaftServerConfigKeys (ConfUtils.java:logGet(43)) - raft.server.log.segment.cache.num.max = 2 (custom)
2019-07-13 22:41:40,058 INFO  segmented.SegmentedRaftLogWorker (SegmentedRaftLogWorker.java:<init>(172)) - new e767c577-011e-4adf-b87e-910d40712adc-SegmentedRaftLogWorker:Storage Directory /tmp/workdir/hadoop-ozone/integration-test/target/test-dir/MiniOzoneClusterImpl-ea706609-d548-4f96-b2ff-1bb804afac90/datanode-5/data/ratis/86286c9a-c94c-4a58-81dc-6a1bbe50276e for RaftStorage:Storage Directory /tmp/workdir/hadoop-ozone/integration-test/target/test-dir/MiniOzoneClusterImpl-ea706609-d548-4f96-b2ff-1bb804afac90/datanode-5/data/ratis/86286c9a-c94c-4a58-81dc-6a1bbe50276e
2019-07-13 22:41:40,058 INFO  segmented.SegmentedRaftLogWorker (SegmentedRaftLogWorker.java:<init>(172)) - new ac8b57f9-e412-43cb-ab48-58d98bb5a21e-SegmentedRaftLogWorker:Storage Directory /tmp/workdir/hadoop-ozone/integration-test/target/test-dir/MiniOzoneClusterImpl-ea706609-d548-4f96-b2ff-1bb804afac90/datanode-3/data/ratis/86286c9a-c94c-4a58-81dc-6a1bbe50276e for RaftStorage:Storage Directory /tmp/workdir/hadoop-ozone/integration-test/target/test-dir/MiniOzoneClusterImpl-ea706609-d548-4f96-b2ff-1bb804afac90/datanode-3/data/ratis/86286c9a-c94c-4a58-81dc-6a1bbe50276e
2019-07-13 22:41:40,058 INFO  server.RaftServerConfigKeys (ConfUtils.java:logGet(43)) - raft.server.log.queue.byte-limit = 2147483647 (custom)
2019-07-13 22:41:40,058 INFO  server.RaftServerConfigKeys (ConfUtils.java:logGet(43)) - raft.server.log.queue.byte-limit = 2147483647 (custom)
2019-07-13 22:41:40,058 INFO  server.RaftServerConfigKeys (ConfUtils.java:logGet(43)) - raft.server.log.queue.element-limit = 1024 (custom)
2019-07-13 22:41:40,059 INFO  server.RaftServerConfigKeys (ConfUtils.java:logGet(43)) - raft.server.log.queue.element-limit = 1024 (custom)
2019-07-13 22:41:40,059 INFO  server.RaftServerConfigKeys (ConfUtils.java:logGet(43)) - raft.server.log.segment.size.max = 1048576 (custom)
2019-07-13 22:41:40,059 INFO  server.RaftServerConfigKeys (ConfUtils.java:logGet(43)) - raft.server.log.segment.size.max = 1048576 (custom)
2019-07-13 22:41:40,059 INFO  server.RaftServerConfigKeys (ConfUtils.java:logGet(43)) - raft.server.log.preallocated.size = 16384 (custom)
2019-07-13 22:41:40,059 INFO  server.RaftServerConfigKeys (ConfUtils.java:logGet(43)) - raft.server.log.preallocated.size = 16384 (custom)
2019-07-13 22:41:40,059 INFO  server.RaftServerConfigKeys (ConfUtils.java:logGet(43)) - raft.server.log.write.buffer.size = 33554432 (custom)
2019-07-13 22:41:40,060 INFO  server.RaftServerConfigKeys (ConfUtils.java:logGet(43)) - raft.server.log.write.buffer.size = 33554432 (custom)
2019-07-13 22:41:40,060 INFO  server.RaftServerConfigKeys (ConfUtils.java:logGet(43)) - raft.server.log.force.sync.num = 128 (default)
2019-07-13 22:41:40,060 INFO  server.RaftServerConfigKeys (ConfUtils.java:logGet(43)) - raft.server.log.force.sync.num = 128 (default)
2019-07-13 22:41:40,060 INFO  server.RaftServerConfigKeys (ConfUtils.java:logGet(43)) - raft.server.log.statemachine.data.sync = true (default)
2019-07-13 22:41:40,060 INFO  server.RaftServerConfigKeys (ConfUtils.java:logGet(43)) - raft.server.log.statemachine.data.sync = true (default)
2019-07-13 22:41:40,060 INFO  server.RaftServerConfigKeys (ConfUtils.java:logGet(43)) - raft.server.log.statemachine.data.sync.timeout = 10s (default)
2019-07-13 22:41:40,061 INFO  server.RaftServerConfigKeys (ConfUtils.java:logGet(43)) - raft.server.log.statemachine.data.sync.timeout = 10s (default)
2019-07-13 22:41:40,061 INFO  server.RaftServerConfigKeys (ConfUtils.java:logGet(43)) - raft.server.log.statemachine.data.sync.timeout.retry = -1 (default)
2019-07-13 22:41:40,061 INFO  server.RaftServerConfigKeys (ConfUtils.java:logGet(43)) - raft.server.log.statemachine.data.sync.timeout.retry = -1 (default)
2019-07-13 22:41:40,061 INFO  server.RaftServerConfigKeys (ConfUtils.java:logGet(43)) - raft.server.log.statemachine.data.caching.enabled = true (custom)
2019-07-13 22:41:40,061 INFO  server.RaftServerConfigKeys (ConfUtils.java:logGet(43)) - raft.server.log.statemachine.data.caching.enabled = true (custom)
2019-07-13 22:41:40,062 INFO  segmented.SegmentedRaftLogWorker (SegmentedRaftLogWorker.java:lambda$new$0(132)) - e767c577-011e-4adf-b87e-910d40712adc-SegmentedRaftLogWorker:Storage Directory /tmp/workdir/hadoop-ozone/integration-test/target/test-dir/MiniOzoneClusterImpl-ea706609-d548-4f96-b2ff-1bb804afac90/datanode-5/data/ratis/86286c9a-c94c-4a58-81dc-6a1bbe50276e: flushIndex: setUnconditionally 0 -> -1
2019-07-13 22:41:40,062 INFO  segmented.SegmentedRaftLogWorker (SegmentedRaftLogWorker.java:lambda$new$0(132)) - ac8b57f9-e412-43cb-ab48-58d98bb5a21e-SegmentedRaftLogWorker:Storage Directory /tmp/workdir/hadoop-ozone/integration-test/target/test-dir/MiniOzoneClusterImpl-ea706609-d548-4f96-b2ff-1bb804afac90/datanode-3/data/ratis/86286c9a-c94c-4a58-81dc-6a1bbe50276e: flushIndex: setUnconditionally 0 -> -1
2019-07-13 22:41:40,062 INFO  server.RaftServerConfigKeys (ConfUtils.java:logGet(43)) - raft.server.snapshot.auto.trigger.enabled = true (custom)
2019-07-13 22:41:40,062 INFO  server.RaftServerConfigKeys (ConfUtils.java:logGet(43)) - raft.server.snapshot.auto.trigger.threshold = 10000 (custom)
2019-07-13 22:41:40,062 INFO  server.RaftServerConfigKeys (ConfUtils.java:logGet(43)) - raft.server.snapshot.auto.trigger.enabled = true (custom)
2019-07-13 22:41:40,062 INFO  server.RaftServerConfigKeys (ConfUtils.java:logGet(43)) - raft.server.retrycache.expirytime = 600000ms (custom)
2019-07-13 22:41:40,062 INFO  server.RaftServerConfigKeys (ConfUtils.java:logGet(43)) - raft.server.snapshot.auto.trigger.threshold = 10000 (custom)
2019-07-13 22:41:40,063 INFO  impl.RaftServerImpl (RaftServerImpl.java:start(180)) - e767c577-011e-4adf-b87e-910d40712adc: start group-6A1BBE50276E
2019-07-13 22:41:40,063 INFO  server.RaftServerConfigKeys (ConfUtils.java:logGet(43)) - raft.server.retrycache.expirytime = 600000ms (custom)
2019-07-13 22:41:40,063 INFO  impl.RaftServerImpl (RaftServerImpl.java:setRole(171)) - e767c577-011e-4adf-b87e-910d40712adc:group-6A1BBE50276E changes role from null to FOLLOWER at term 0 for startAsFollower
2019-07-13 22:41:40,063 INFO  impl.RaftServerImpl (RaftServerImpl.java:start(180)) - ac8b57f9-e412-43cb-ab48-58d98bb5a21e: start group-6A1BBE50276E
2019-07-13 22:41:40,063 INFO  impl.RoleInfo (RoleInfo.java:updateAndGet(143)) - e767c577-011e-4adf-b87e-910d40712adc: start FollowerState
2019-07-13 22:41:40,063 INFO  impl.RaftServerImpl (RaftServerImpl.java:setRole(171)) - ac8b57f9-e412-43cb-ab48-58d98bb5a21e:group-6A1BBE50276E changes role from null to FOLLOWER at term 0 for startAsFollower
2019-07-13 22:41:40,063 INFO  impl.RoleInfo (RoleInfo.java:updateAndGet(143)) - ac8b57f9-e412-43cb-ab48-58d98bb5a21e: start FollowerState
2019-07-13 22:41:40,064 INFO  util.JmxRegister (JmxRegister.java:tryRegister(44)) - Successfully registered JMX Bean with object name Ratis:service=RaftServer,group=group-6A1BBE50276E,id=e767c577-011e-4adf-b87e-910d40712adc
2019-07-13 22:41:40,064 INFO  util.JmxRegister (JmxRegister.java:tryRegister(44)) - Successfully registered JMX Bean with object name Ratis:service=RaftServer,group=group-6A1BBE50276E,id=ac8b57f9-e412-43cb-ab48-58d98bb5a21e
2019-07-13 22:41:40,067 INFO  pipeline.PipelineStateManager (PipelineStateManager.java:addPipeline(56)) - Created pipeline Pipeline[ Id: 86286c9a-c94c-4a58-81dc-6a1bbe50276e, Nodes: ac8b57f9-e412-43cb-ab48-58d98bb5a21e{ip: 192.168.5.159, host: trunk-nightly-x8m8d-1534914823, networkLocation: /default-rack, certSerialId: null}3ded15aa-7b5a-41b4-ab72-c2b20ac88757{ip: 192.168.5.159, host: trunk-nightly-x8m8d-1534914823, networkLocation: /default-rack, certSerialId: null}e767c577-011e-4adf-b87e-910d40712adc{ip: 192.168.5.159, host: trunk-nightly-x8m8d-1534914823, networkLocation: /default-rack, certSerialId: null}, Type:RATIS, Factor:THREE, State:OPEN]
2019-07-13 22:41:40,964 INFO  ozone.MiniOzoneClusterImpl (MiniOzoneClusterImpl.java:lambda$waitForClusterToBeReady$0(142)) - Cluster is ready. Got 6 of 6 DN Heartbeats.
2019-07-13 22:41:41,025 INFO  rpc.RpcClient (RpcClient.java:createVolume(287)) - Creating Volume: datanodefailurehandlingtest, with jenkins1000 as owner.
2019-07-13 22:41:41,051 INFO  rpc.RpcClient (RpcClient.java:createBucket(424)) - Creating Bucket: datanodefailurehandlingtest/datanodefailurehandlingtest, with Versioning false and Storage Type set to DISK and Encryption set to false 
2019-07-13 22:41:41,188 INFO  client.GrpcClientProtocolClient (GrpcClientProtocolClient.java:onNext(255)) - client-30E825C87BE1->7aec0298-4162-4e76-a712-2b642b7e8a8d: receive RaftClientReply:client-30E825C87BE1->7aec0298-4162-4e76-a712-2b642b7e8a8d@group-747CD80F0199, cid=60, FAILED org.apache.ratis.protocol.NotLeaderException: Server 7aec0298-4162-4e76-a712-2b642b7e8a8d is not the leader (null). Request must be sent to leader., logIndex=0, commits[7aec0298-4162-4e76-a712-2b642b7e8a8d:c-1]
2019-07-13 22:41:41,867 INFO  container.ReplicationManager (ReplicationManager.java:start(155)) - Starting Replication Monitor Thread.
2019-07-13 22:41:41,878 INFO  container.ReplicationManager (ReplicationManager.java:run(207)) - Replication Monitor Thread took 0 milliseconds for processing 6 containers.
2019-07-13 22:41:42,240 INFO  client.GrpcClientProtocolClient (GrpcClientProtocolClient.java:onNext(255)) - client-30E825C87BE1->61cef7b1-bc01-43dc-9b26-f4ba045dc728: receive RaftClientReply:client-30E825C87BE1->61cef7b1-bc01-43dc-9b26-f4ba045dc728@group-747CD80F0199, cid=60, FAILED org.apache.ratis.protocol.NotLeaderException: Server 61cef7b1-bc01-43dc-9b26-f4ba045dc728 is not the leader (null). Request must be sent to leader., logIndex=0, commits[61cef7b1-bc01-43dc-9b26-f4ba045dc728:c-1]
2019-07-13 22:41:43,274 INFO  client.GrpcClientProtocolClient (GrpcClientProtocolClient.java:onNext(255)) - client-30E825C87BE1->7aec0298-4162-4e76-a712-2b642b7e8a8d: receive RaftClientReply:client-30E825C87BE1->7aec0298-4162-4e76-a712-2b642b7e8a8d@group-747CD80F0199, cid=60, FAILED org.apache.ratis.protocol.NotLeaderException: Server 7aec0298-4162-4e76-a712-2b642b7e8a8d is not the leader (null). Request must be sent to leader., logIndex=0, commits[7aec0298-4162-4e76-a712-2b642b7e8a8d:c-1]
2019-07-13 22:41:43,998 INFO  impl.FollowerState (FollowerState.java:run(106)) - 1c3a8b81-418f-44a5-824a-d8e6f75288d8:group-D80D4B6EC8F7 changes to CANDIDATE, lastRpcTime:5063, electionTimeout:5063ms
2019-07-13 22:41:43,998 INFO  impl.RoleInfo (RoleInfo.java:shutdownFollowerState(121)) - 1c3a8b81-418f-44a5-824a-d8e6f75288d8: shutdown FollowerState
2019-07-13 22:41:43,998 INFO  impl.RaftServerImpl (RaftServerImpl.java:setRole(171)) - 1c3a8b81-418f-44a5-824a-d8e6f75288d8:group-D80D4B6EC8F7 changes role from FOLLOWER to CANDIDATE at term 0 for changeToCandidate
2019-07-13 22:41:43,999 INFO  impl.RoleInfo (RoleInfo.java:updateAndGet(143)) - 1c3a8b81-418f-44a5-824a-d8e6f75288d8: start LeaderElection
2019-07-13 22:41:44,030 INFO  impl.LeaderElection (LeaderElection.java:askForVotes(181)) - 1c3a8b81-418f-44a5-824a-d8e6f75288d8:group-D80D4B6EC8F7:LeaderElection39: begin an election at term 1 for -1: [1c3a8b81-418f-44a5-824a-d8e6f75288d8:192.168.5.159:46747], old=null
2019-07-13 22:41:44,030 INFO  impl.RoleInfo (RoleInfo.java:shutdownLeaderElection(134)) - 1c3a8b81-418f-44a5-824a-d8e6f75288d8: shutdown LeaderElection
2019-07-13 22:41:44,030 INFO  impl.RaftServerImpl (RaftServerImpl.java:setRole(171)) - 1c3a8b81-418f-44a5-824a-d8e6f75288d8:group-D80D4B6EC8F7 changes role from CANDIDATE to LEADER at term 1 for changeToLeader
2019-07-13 22:41:44,030 INFO  impl.RaftServerImpl (ServerState.java:setLeader(263)) - 1c3a8b81-418f-44a5-824a-d8e6f75288d8:group-D80D4B6EC8F7 change Leader from null to 1c3a8b81-418f-44a5-824a-d8e6f75288d8 at term 1 for becomeLeader, leader elected after 5100ms
2019-07-13 22:41:44,030 INFO  server.RaftServerConfigKeys (ConfUtils.java:logGet(43)) - raft.server.staging.catchup.gap = 1000 (default)
2019-07-13 22:41:44,031 INFO  server.RaftServerConfigKeys (ConfUtils.java:logGet(43)) - raft.server.rpc.sleep.time = 25ms (default)
2019-07-13 22:41:44,031 INFO  server.RaftServerConfigKeys (ConfUtils.java:logGet(43)) - raft.server.write.element-limit = 4096 (default)
2019-07-13 22:41:44,031 INFO  server.RaftServerConfigKeys (ConfUtils.java:logGet(43)) - raft.server.watch.timeout = 10s (default)
2019-07-13 22:41:44,031 INFO  server.RaftServerConfigKeys (ConfUtils.java:logGet(43)) - raft.server.watch.timeout.denomination = 1s (default)
2019-07-13 22:41:44,031 INFO  server.RaftServerConfigKeys (ConfUtils.java:logGet(43)) - raft.server.watch.element-limit = 65536 (default)
2019-07-13 22:41:44,031 INFO  impl.RoleInfo (RoleInfo.java:updateAndGet(143)) - 1c3a8b81-418f-44a5-824a-d8e6f75288d8: start LeaderState
2019-07-13 22:41:44,032 INFO  segmented.SegmentedRaftLogWorker (SegmentedRaftLogWorker.java:startLogSegment(380)) - 1c3a8b81-418f-44a5-824a-d8e6f75288d8-SegmentedRaftLogWorker:Storage Directory /tmp/workdir/hadoop-ozone/integration-test/target/test-dir/MiniOzoneClusterImpl-ea706609-d548-4f96-b2ff-1bb804afac90/datanode-0/data/ratis/ab00052a-2233-429b-bcad-d80d4b6ec8f7: Starting segment from index:0
2019-07-13 22:41:44,033 INFO  impl.RaftServerImpl (ServerState.java:setRaftConf(361)) - 1c3a8b81-418f-44a5-824a-d8e6f75288d8:group-D80D4B6EC8F7 set configuration 0: [1c3a8b81-418f-44a5-824a-d8e6f75288d8:192.168.5.159:46747], old=null at 0
2019-07-13 22:41:44,053 INFO  segmented.SegmentedRaftLogWorker (SegmentedRaftLogWorker.java:execute(569)) - 1c3a8b81-418f-44a5-824a-d8e6f75288d8-SegmentedRaftLogWorker:Storage Directory /tmp/workdir/hadoop-ozone/integration-test/target/test-dir/MiniOzoneClusterImpl-ea706609-d548-4f96-b2ff-1bb804afac90/datanode-0/data/ratis/ab00052a-2233-429b-bcad-d80d4b6ec8f7: created new log segment /tmp/workdir/hadoop-ozone/integration-test/target/test-dir/MiniOzoneClusterImpl-ea706609-d548-4f96-b2ff-1bb804afac90/datanode-0/data/ratis/ab00052a-2233-429b-bcad-d80d4b6ec8f7/current/log_inprogress_0
2019-07-13 22:41:44,314 INFO  impl.FollowerState (FollowerState.java:run(106)) - 7aec0298-4162-4e76-a712-2b642b7e8a8d:group-961427375E68 changes to CANDIDATE, lastRpcTime:5147, electionTimeout:5145ms
2019-07-13 22:41:44,314 INFO  impl.RoleInfo (RoleInfo.java:shutdownFollowerState(121)) - 7aec0298-4162-4e76-a712-2b642b7e8a8d: shutdown FollowerState
2019-07-13 22:41:44,314 INFO  impl.RaftServerImpl (RaftServerImpl.java:setRole(171)) - 7aec0298-4162-4e76-a712-2b642b7e8a8d:group-961427375E68 changes role from FOLLOWER to CANDIDATE at term 0 for changeToCandidate
2019-07-13 22:41:44,320 INFO  impl.RoleInfo (RoleInfo.java:updateAndGet(143)) - 7aec0298-4162-4e76-a712-2b642b7e8a8d: start LeaderElection
2019-07-13 22:41:44,341 INFO  client.GrpcClientProtocolClient (GrpcClientProtocolClient.java:onNext(255)) - client-30E825C87BE1->1c3a8b81-418f-44a5-824a-d8e6f75288d8: receive RaftClientReply:client-30E825C87BE1->1c3a8b81-418f-44a5-824a-d8e6f75288d8@group-747CD80F0199, cid=60, FAILED org.apache.ratis.protocol.NotLeaderException: Server 1c3a8b81-418f-44a5-824a-d8e6f75288d8 is not the leader (null). Request must be sent to leader., logIndex=0, commits[1c3a8b81-418f-44a5-824a-d8e6f75288d8:c-1]
2019-07-13 22:41:44,346 INFO  impl.LeaderElection (LeaderElection.java:askForVotes(181)) - 7aec0298-4162-4e76-a712-2b642b7e8a8d:group-961427375E68:LeaderElection40: begin an election at term 1 for -1: [7aec0298-4162-4e76-a712-2b642b7e8a8d:192.168.5.159:44371], old=null
2019-07-13 22:41:44,357 INFO  impl.RoleInfo (RoleInfo.java:shutdownLeaderElection(134)) - 7aec0298-4162-4e76-a712-2b642b7e8a8d: shutdown LeaderElection
2019-07-13 22:41:44,357 INFO  impl.RaftServerImpl (RaftServerImpl.java:setRole(171)) - 7aec0298-4162-4e76-a712-2b642b7e8a8d:group-961427375E68 changes role from CANDIDATE to LEADER at term 1 for changeToLeader
2019-07-13 22:41:44,357 INFO  impl.RaftServerImpl (ServerState.java:setLeader(263)) - 7aec0298-4162-4e76-a712-2b642b7e8a8d:group-961427375E68 change Leader from null to 7aec0298-4162-4e76-a712-2b642b7e8a8d at term 1 for becomeLeader, leader elected after 5195ms
2019-07-13 22:41:44,357 INFO  server.RaftServerConfigKeys (ConfUtils.java:logGet(43)) - raft.server.staging.catchup.gap = 1000 (default)
2019-07-13 22:41:44,362 INFO  server.RaftServerConfigKeys (ConfUtils.java:logGet(43)) - raft.server.rpc.sleep.time = 25ms (default)
2019-07-13 22:41:44,362 INFO  server.RaftServerConfigKeys (ConfUtils.java:logGet(43)) - raft.server.write.element-limit = 4096 (default)
2019-07-13 22:41:44,363 INFO  server.RaftServerConfigKeys (ConfUtils.java:logGet(43)) - raft.server.watch.timeout = 10s (default)
2019-07-13 22:41:44,363 INFO  server.RaftServerConfigKeys (ConfUtils.java:logGet(43)) - raft.server.watch.timeout.denomination = 1s (default)
2019-07-13 22:41:44,363 INFO  server.RaftServerConfigKeys (ConfUtils.java:logGet(43)) - raft.server.watch.element-limit = 65536 (default)
2019-07-13 22:41:44,363 INFO  impl.RoleInfo (RoleInfo.java:updateAndGet(143)) - 7aec0298-4162-4e76-a712-2b642b7e8a8d: start LeaderState
2019-07-13 22:41:44,363 INFO  segmented.SegmentedRaftLogWorker (SegmentedRaftLogWorker.java:startLogSegment(380)) - 7aec0298-4162-4e76-a712-2b642b7e8a8d-SegmentedRaftLogWorker:Storage Directory /tmp/workdir/hadoop-ozone/integration-test/target/test-dir/MiniOzoneClusterImpl-ea706609-d548-4f96-b2ff-1bb804afac90/datanode-1/data/ratis/d9b2c973-5816-4e9d-82db-961427375e68: Starting segment from index:0
2019-07-13 22:41:44,364 INFO  impl.RaftServerImpl (ServerState.java:setRaftConf(361)) - 7aec0298-4162-4e76-a712-2b642b7e8a8d:group-961427375E68 set configuration 0: [7aec0298-4162-4e76-a712-2b642b7e8a8d:192.168.5.159:44371], old=null at 0
2019-07-13 22:41:44,394 INFO  segmented.SegmentedRaftLogWorker (SegmentedRaftLogWorker.java:execute(569)) - 7aec0298-4162-4e76-a712-2b642b7e8a8d-SegmentedRaftLogWorker:Storage Directory /tmp/workdir/hadoop-ozone/integration-test/target/test-dir/MiniOzoneClusterImpl-ea706609-d548-4f96-b2ff-1bb804afac90/datanode-1/data/ratis/d9b2c973-5816-4e9d-82db-961427375e68: created new log segment /tmp/workdir/hadoop-ozone/integration-test/target/test-dir/MiniOzoneClusterImpl-ea706609-d548-4f96-b2ff-1bb804afac90/datanode-1/data/ratis/d9b2c973-5816-4e9d-82db-961427375e68/current/log_inprogress_0
2019-07-13 22:41:44,423 INFO  impl.FollowerState (FollowerState.java:run(106)) - 1c3a8b81-418f-44a5-824a-d8e6f75288d8:group-747CD80F0199 changes to CANDIDATE, lastRpcTime:5011, electionTimeout:5011ms
2019-07-13 22:41:44,424 INFO  impl.RoleInfo (RoleInfo.java:shutdownFollowerState(121)) - 1c3a8b81-418f-44a5-824a-d8e6f75288d8: shutdown FollowerState
2019-07-13 22:41:44,424 INFO  impl.RaftServerImpl (RaftServerImpl.java:setRole(171)) - 1c3a8b81-418f-44a5-824a-d8e6f75288d8:group-747CD80F0199 changes role from FOLLOWER to CANDIDATE at term 0 for changeToCandidate
2019-07-13 22:41:44,424 INFO  impl.RoleInfo (RoleInfo.java:updateAndGet(143)) - 1c3a8b81-418f-44a5-824a-d8e6f75288d8: start LeaderElection
2019-07-13 22:41:44,452 INFO  impl.LeaderElection (LeaderElection.java:askForVotes(181)) - 1c3a8b81-418f-44a5-824a-d8e6f75288d8:group-747CD80F0199:LeaderElection41: begin an election at term 1 for -1: [7aec0298-4162-4e76-a712-2b642b7e8a8d:192.168.5.159:44371, 1c3a8b81-418f-44a5-824a-d8e6f75288d8:192.168.5.159:46747, 61cef7b1-bc01-43dc-9b26-f4ba045dc728:192.168.5.159:37586], old=null
2019-07-13 22:41:44,463 INFO  impl.RaftServerImpl (RaftServerImpl.java:setRole(171)) - 61cef7b1-bc01-43dc-9b26-f4ba045dc728:group-747CD80F0199 changes role from FOLLOWER to FOLLOWER at term 1 for recognizeCandidate:1c3a8b81-418f-44a5-824a-d8e6f75288d8
2019-07-13 22:41:44,463 INFO  impl.RaftServerImpl (RaftServerImpl.java:setRole(171)) - 7aec0298-4162-4e76-a712-2b642b7e8a8d:group-747CD80F0199 changes role from FOLLOWER to FOLLOWER at term 1 for recognizeCandidate:1c3a8b81-418f-44a5-824a-d8e6f75288d8
2019-07-13 22:41:44,464 INFO  impl.RoleInfo (RoleInfo.java:shutdownFollowerState(121)) - 61cef7b1-bc01-43dc-9b26-f4ba045dc728: shutdown FollowerState
2019-07-13 22:41:44,464 INFO  impl.RoleInfo (RoleInfo.java:shutdownFollowerState(121)) - 7aec0298-4162-4e76-a712-2b642b7e8a8d: shutdown FollowerState
2019-07-13 22:41:44,464 INFO  impl.FollowerState (FollowerState.java:run(114)) - 61cef7b1-bc01-43dc-9b26-f4ba045dc728: FollowerState was interrupted: java.lang.InterruptedException: sleep interrupted
2019-07-13 22:41:44,464 INFO  impl.RoleInfo (RoleInfo.java:updateAndGet(143)) - 61cef7b1-bc01-43dc-9b26-f4ba045dc728: start FollowerState
2019-07-13 22:41:44,465 INFO  impl.FollowerState (FollowerState.java:run(114)) - 7aec0298-4162-4e76-a712-2b642b7e8a8d: FollowerState was interrupted: java.lang.InterruptedException: sleep interrupted
2019-07-13 22:41:44,464 INFO  impl.RoleInfo (RoleInfo.java:updateAndGet(143)) - 7aec0298-4162-4e76-a712-2b642b7e8a8d: start FollowerState
2019-07-13 22:41:44,488 INFO  impl.LeaderElection (LeaderElection.java:logAndReturn(56)) - 1c3a8b81-418f-44a5-824a-d8e6f75288d8:group-747CD80F0199:LeaderElection41: Election PASSED; received 1 response(s) [1c3a8b81-418f-44a5-824a-d8e6f75288d8<-7aec0298-4162-4e76-a712-2b642b7e8a8d#0:OK-t1] and 0 exception(s); 1c3a8b81-418f-44a5-824a-d8e6f75288d8:t1, leader=null, voted=1c3a8b81-418f-44a5-824a-d8e6f75288d8, raftlog=1c3a8b81-418f-44a5-824a-d8e6f75288d8-SegmentedRaftLog:OPENED:c-1,f-1,i0, conf=-1: [7aec0298-4162-4e76-a712-2b642b7e8a8d:192.168.5.159:44371, 1c3a8b81-418f-44a5-824a-d8e6f75288d8:192.168.5.159:46747, 61cef7b1-bc01-43dc-9b26-f4ba045dc728:192.168.5.159:37586], old=null
2019-07-13 22:41:44,489 INFO  impl.RoleInfo (RoleInfo.java:shutdownLeaderElection(134)) - 1c3a8b81-418f-44a5-824a-d8e6f75288d8: shutdown LeaderElection
2019-07-13 22:41:44,489 INFO  impl.RaftServerImpl (RaftServerImpl.java:setRole(171)) - 1c3a8b81-418f-44a5-824a-d8e6f75288d8:group-747CD80F0199 changes role from CANDIDATE to LEADER at term 1 for changeToLeader
2019-07-13 22:41:44,489 INFO  impl.RaftServerImpl (ServerState.java:setLeader(263)) - 1c3a8b81-418f-44a5-824a-d8e6f75288d8:group-747CD80F0199 change Leader from null to 1c3a8b81-418f-44a5-824a-d8e6f75288d8 at term 1 for becomeLeader, leader elected after 5085ms
2019-07-13 22:41:44,489 INFO  server.RaftServerConfigKeys (ConfUtils.java:logGet(43)) - raft.server.staging.catchup.gap = 1000 (default)
2019-07-13 22:41:44,489 INFO  server.RaftServerConfigKeys (ConfUtils.java:logGet(43)) - raft.server.rpc.sleep.time = 25ms (default)
2019-07-13 22:41:44,489 INFO  server.RaftServerConfigKeys (ConfUtils.java:logGet(43)) - raft.server.write.element-limit = 4096 (default)
2019-07-13 22:41:44,489 INFO  server.RaftServerConfigKeys (ConfUtils.java:logGet(43)) - raft.server.watch.timeout = 10s (default)
2019-07-13 22:41:44,490 INFO  server.RaftServerConfigKeys (ConfUtils.java:logGet(43)) - raft.server.watch.timeout.denomination = 1s (default)
2019-07-13 22:41:44,490 INFO  server.RaftServerConfigKeys (ConfUtils.java:logGet(43)) - raft.server.watch.element-limit = 65536 (default)
2019-07-13 22:41:44,490 INFO  server.RaftServerConfigKeys (ConfUtils.java:logGet(43)) - raft.server.log.appender.snapshot.chunk.size.max = 16MB (=16777216) (default)
2019-07-13 22:41:44,490 INFO  server.RaftServerConfigKeys (ConfUtils.java:logGet(43)) - raft.server.log.appender.buffer.byte-limit = 33554432 (custom)
2019-07-13 22:41:44,490 INFO  server.RaftServerConfigKeys (ConfUtils.java:logGet(43)) - raft.server.log.appender.buffer.element-limit = 1 (custom)
2019-07-13 22:41:44,490 INFO  grpc.GrpcConfigKeys$Server (ConfUtils.java:logGet(43)) - raft.grpc.server.leader.outstanding.appends.max = 128 (default)
2019-07-13 22:41:44,491 INFO  server.RaftServerConfigKeys (ConfUtils.java:logGet(43)) - raft.server.rpc.request.timeout = 3000ms (default)
2019-07-13 22:41:44,491 INFO  server.RaftServerConfigKeys (ConfUtils.java:logGet(43)) - raft.server.log.appender.install.snapshot.enabled = false (custom)
2019-07-13 22:41:44,491 INFO  server.RaftServerConfigKeys (ConfUtils.java:logGet(43)) - raft.server.log.appender.snapshot.chunk.size.max = 16MB (=16777216) (default)
2019-07-13 22:41:44,491 INFO  server.RaftServerConfigKeys (ConfUtils.java:logGet(43)) - raft.server.log.appender.buffer.byte-limit = 33554432 (custom)
2019-07-13 22:41:44,491 INFO  server.RaftServerConfigKeys (ConfUtils.java:logGet(43)) - raft.server.log.appender.buffer.element-limit = 1 (custom)
2019-07-13 22:41:44,491 INFO  grpc.GrpcConfigKeys$Server (ConfUtils.java:logGet(43)) - raft.grpc.server.leader.outstanding.appends.max = 128 (default)
2019-07-13 22:41:44,492 INFO  server.RaftServerConfigKeys (ConfUtils.java:logGet(43)) - raft.server.rpc.request.timeout = 3000ms (default)
2019-07-13 22:41:44,492 INFO  server.RaftServerConfigKeys (ConfUtils.java:logGet(43)) - raft.server.log.appender.install.snapshot.enabled = false (custom)
2019-07-13 22:41:44,492 INFO  impl.RoleInfo (RoleInfo.java:updateAndGet(143)) - 1c3a8b81-418f-44a5-824a-d8e6f75288d8: start LeaderState
2019-07-13 22:41:44,492 INFO  segmented.SegmentedRaftLogWorker (SegmentedRaftLogWorker.java:startLogSegment(380)) - 1c3a8b81-418f-44a5-824a-d8e6f75288d8-SegmentedRaftLogWorker:Storage Directory /tmp/workdir/hadoop-ozone/integration-test/target/test-dir/MiniOzoneClusterImpl-ea706609-d548-4f96-b2ff-1bb804afac90/datanode-0/data/ratis/3925af91-6585-4c70-a3ee-747cd80f0199: Starting segment from index:0
2019-07-13 22:41:44,493 INFO  impl.RaftServerImpl (ServerState.java:setRaftConf(361)) - 1c3a8b81-418f-44a5-824a-d8e6f75288d8:group-747CD80F0199 set configuration 0: [7aec0298-4162-4e76-a712-2b642b7e8a8d:192.168.5.159:44371, 1c3a8b81-418f-44a5-824a-d8e6f75288d8:192.168.5.159:46747, 61cef7b1-bc01-43dc-9b26-f4ba045dc728:192.168.5.159:37586], old=null at 0
2019-07-13 22:41:44,515 INFO  impl.RaftServerImpl (ServerState.java:setLeader(263)) - 7aec0298-4162-4e76-a712-2b642b7e8a8d:group-747CD80F0199 change Leader from null to 1c3a8b81-418f-44a5-824a-d8e6f75288d8 at term 1 for appendEntries, leader elected after 5112ms
2019-07-13 22:41:44,515 INFO  impl.FollowerState (FollowerState.java:run(106)) - 61cef7b1-bc01-43dc-9b26-f4ba045dc728:group-3AF9C770A016 changes to CANDIDATE, lastRpcTime:5180, electionTimeout:5174ms
2019-07-13 22:41:44,516 INFO  impl.RoleInfo (RoleInfo.java:shutdownFollowerState(121)) - 61cef7b1-bc01-43dc-9b26-f4ba045dc728: shutdown FollowerState
2019-07-13 22:41:44,516 INFO  impl.RaftServerImpl (RaftServerImpl.java:setRole(171)) - 61cef7b1-bc01-43dc-9b26-f4ba045dc728:group-3AF9C770A016 changes role from FOLLOWER to CANDIDATE at term 0 for changeToCandidate
2019-07-13 22:41:44,516 INFO  impl.RoleInfo (RoleInfo.java:updateAndGet(143)) - 61cef7b1-bc01-43dc-9b26-f4ba045dc728: start LeaderElection
2019-07-13 22:41:44,531 INFO  segmented.SegmentedRaftLogWorker (SegmentedRaftLogWorker.java:execute(569)) - 1c3a8b81-418f-44a5-824a-d8e6f75288d8-SegmentedRaftLogWorker:Storage Directory /tmp/workdir/hadoop-ozone/integration-test/target/test-dir/MiniOzoneClusterImpl-ea706609-d548-4f96-b2ff-1bb804afac90/datanode-0/data/ratis/3925af91-6585-4c70-a3ee-747cd80f0199: created new log segment /tmp/workdir/hadoop-ozone/integration-test/target/test-dir/MiniOzoneClusterImpl-ea706609-d548-4f96-b2ff-1bb804afac90/datanode-0/data/ratis/3925af91-6585-4c70-a3ee-747cd80f0199/current/log_inprogress_0
2019-07-13 22:41:44,531 INFO  impl.RaftServerImpl (ServerState.java:setLeader(263)) - 61cef7b1-bc01-43dc-9b26-f4ba045dc728:group-747CD80F0199 change Leader from null to 1c3a8b81-418f-44a5-824a-d8e6f75288d8 at term 1 for appendEntries, leader elected after 5127ms
2019-07-13 22:41:44,537 INFO  impl.RaftServerImpl (ServerState.java:setRaftConf(361)) - 7aec0298-4162-4e76-a712-2b642b7e8a8d:group-747CD80F0199 set configuration 0: [7aec0298-4162-4e76-a712-2b642b7e8a8d:192.168.5.159:44371, 1c3a8b81-418f-44a5-824a-d8e6f75288d8:192.168.5.159:46747, 61cef7b1-bc01-43dc-9b26-f4ba045dc728:192.168.5.159:37586], old=null at 0
2019-07-13 22:41:44,537 INFO  segmented.SegmentedRaftLogWorker (SegmentedRaftLogWorker.java:startLogSegment(380)) - 7aec0298-4162-4e76-a712-2b642b7e8a8d-SegmentedRaftLogWorker:Storage Directory /tmp/workdir/hadoop-ozone/integration-test/target/test-dir/MiniOzoneClusterImpl-ea706609-d548-4f96-b2ff-1bb804afac90/datanode-1/data/ratis/3925af91-6585-4c70-a3ee-747cd80f0199: Starting segment from index:0
2019-07-13 22:41:44,538 INFO  impl.RaftServerImpl (ServerState.java:setRaftConf(361)) - 61cef7b1-bc01-43dc-9b26-f4ba045dc728:group-747CD80F0199 set configuration 0: [7aec0298-4162-4e76-a712-2b642b7e8a8d:192.168.5.159:44371, 1c3a8b81-418f-44a5-824a-d8e6f75288d8:192.168.5.159:46747, 61cef7b1-bc01-43dc-9b26-f4ba045dc728:192.168.5.159:37586], old=null at 0
2019-07-13 22:41:44,538 INFO  segmented.SegmentedRaftLogWorker (SegmentedRaftLogWorker.java:startLogSegment(380)) - 61cef7b1-bc01-43dc-9b26-f4ba045dc728-SegmentedRaftLogWorker:Storage Directory /tmp/workdir/hadoop-ozone/integration-test/target/test-dir/MiniOzoneClusterImpl-ea706609-d548-4f96-b2ff-1bb804afac90/datanode-2/data/ratis/3925af91-6585-4c70-a3ee-747cd80f0199: Starting segment from index:0
2019-07-13 22:41:44,542 INFO  impl.LeaderElection (LeaderElection.java:askForVotes(181)) - 61cef7b1-bc01-43dc-9b26-f4ba045dc728:group-3AF9C770A016:LeaderElection42: begin an election at term 1 for -1: [61cef7b1-bc01-43dc-9b26-f4ba045dc728:192.168.5.159:37586], old=null
2019-07-13 22:41:44,543 INFO  impl.RoleInfo (RoleInfo.java:shutdownLeaderElection(134)) - 61cef7b1-bc01-43dc-9b26-f4ba045dc728: shutdown LeaderElection
2019-07-13 22:41:44,543 INFO  impl.RaftServerImpl (RaftServerImpl.java:setRole(171)) - 61cef7b1-bc01-43dc-9b26-f4ba045dc728:group-3AF9C770A016 changes role from CANDIDATE to LEADER at term 1 for changeToLeader
2019-07-13 22:41:44,543 INFO  impl.RaftServerImpl (ServerState.java:setLeader(263)) - 61cef7b1-bc01-43dc-9b26-f4ba045dc728:group-3AF9C770A016 change Leader from null to 61cef7b1-bc01-43dc-9b26-f4ba045dc728 at term 1 for becomeLeader, leader elected after 5212ms
2019-07-13 22:41:44,543 INFO  server.RaftServerConfigKeys (ConfUtils.java:logGet(43)) - raft.server.staging.catchup.gap = 1000 (default)
2019-07-13 22:41:44,543 INFO  server.RaftServerConfigKeys (ConfUtils.java:logGet(43)) - raft.server.rpc.sleep.time = 25ms (default)
2019-07-13 22:41:44,543 INFO  server.RaftServerConfigKeys (ConfUtils.java:logGet(43)) - raft.server.write.element-limit = 4096 (default)
2019-07-13 22:41:44,544 INFO  server.RaftServerConfigKeys (ConfUtils.java:logGet(43)) - raft.server.watch.timeout = 10s (default)
2019-07-13 22:41:44,544 INFO  server.RaftServerConfigKeys (ConfUtils.java:logGet(43)) - raft.server.watch.timeout.denomination = 1s (default)
2019-07-13 22:41:44,544 INFO  server.RaftServerConfigKeys (ConfUtils.java:logGet(43)) - raft.server.watch.element-limit = 65536 (default)
2019-07-13 22:41:44,544 INFO  impl.RoleInfo (RoleInfo.java:updateAndGet(143)) - 61cef7b1-bc01-43dc-9b26-f4ba045dc728: start LeaderState
2019-07-13 22:41:44,544 INFO  segmented.SegmentedRaftLogWorker (SegmentedRaftLogWorker.java:startLogSegment(380)) - 61cef7b1-bc01-43dc-9b26-f4ba045dc728-SegmentedRaftLogWorker:Storage Directory /tmp/workdir/hadoop-ozone/integration-test/target/test-dir/MiniOzoneClusterImpl-ea706609-d548-4f96-b2ff-1bb804afac90/datanode-2/data/ratis/49f61a21-fad5-4d10-9f0c-3af9c770a016: Starting segment from index:0
2019-07-13 22:41:44,546 INFO  impl.RaftServerImpl (ServerState.java:setRaftConf(361)) - 61cef7b1-bc01-43dc-9b26-f4ba045dc728:group-3AF9C770A016 set configuration 0: [61cef7b1-bc01-43dc-9b26-f4ba045dc728:192.168.5.159:37586], old=null at 0
2019-07-13 22:41:44,567 INFO  segmented.SegmentedRaftLogWorker (SegmentedRaftLogWorker.java:execute(569)) - 7aec0298-4162-4e76-a712-2b642b7e8a8d-SegmentedRaftLogWorker:Storage Directory /tmp/workdir/hadoop-ozone/integration-test/target/test-dir/MiniOzoneClusterImpl-ea706609-d548-4f96-b2ff-1bb804afac90/datanode-1/data/ratis/3925af91-6585-4c70-a3ee-747cd80f0199: created new log segment /tmp/workdir/hadoop-ozone/integration-test/target/test-dir/MiniOzoneClusterImpl-ea706609-d548-4f96-b2ff-1bb804afac90/datanode-1/data/ratis/3925af91-6585-4c70-a3ee-747cd80f0199/current/log_inprogress_0
2019-07-13 22:41:44,567 INFO  segmented.SegmentedRaftLogWorker (SegmentedRaftLogWorker.java:execute(569)) - 61cef7b1-bc01-43dc-9b26-f4ba045dc728-SegmentedRaftLogWorker:Storage Directory /tmp/workdir/hadoop-ozone/integration-test/target/test-dir/MiniOzoneClusterImpl-ea706609-d548-4f96-b2ff-1bb804afac90/datanode-2/data/ratis/49f61a21-fad5-4d10-9f0c-3af9c770a016: created new log segment /tmp/workdir/hadoop-ozone/integration-test/target/test-dir/MiniOzoneClusterImpl-ea706609-d548-4f96-b2ff-1bb804afac90/datanode-2/data/ratis/49f61a21-fad5-4d10-9f0c-3af9c770a016/current/log_inprogress_0
2019-07-13 22:41:44,567 INFO  segmented.SegmentedRaftLogWorker (SegmentedRaftLogWorker.java:execute(569)) - 61cef7b1-bc01-43dc-9b26-f4ba045dc728-SegmentedRaftLogWorker:Storage Directory /tmp/workdir/hadoop-ozone/integration-test/target/test-dir/MiniOzoneClusterImpl-ea706609-d548-4f96-b2ff-1bb804afac90/datanode-2/data/ratis/3925af91-6585-4c70-a3ee-747cd80f0199: created new log segment /tmp/workdir/hadoop-ozone/integration-test/target/test-dir/MiniOzoneClusterImpl-ea706609-d548-4f96-b2ff-1bb804afac90/datanode-2/data/ratis/3925af91-6585-4c70-a3ee-747cd80f0199/current/log_inprogress_0
2019-07-13 22:41:44,615 INFO  impl.FollowerState (FollowerState.java:run(106)) - ac8b57f9-e412-43cb-ab48-58d98bb5a21e:group-09C9E0D49380 changes to CANDIDATE, lastRpcTime:5077, electionTimeout:5077ms
2019-07-13 22:41:44,615 INFO  impl.RoleInfo (RoleInfo.java:shutdownFollowerState(121)) - ac8b57f9-e412-43cb-ab48-58d98bb5a21e: shutdown FollowerState
2019-07-13 22:41:44,615 INFO  impl.RaftServerImpl (RaftServerImpl.java:setRole(171)) - ac8b57f9-e412-43cb-ab48-58d98bb5a21e:group-09C9E0D49380 changes role from FOLLOWER to CANDIDATE at term 0 for changeToCandidate
2019-07-13 22:41:44,615 INFO  impl.RoleInfo (RoleInfo.java:updateAndGet(143)) - ac8b57f9-e412-43cb-ab48-58d98bb5a21e: start LeaderElection
2019-07-13 22:41:44,639 INFO  impl.LeaderElection (LeaderElection.java:askForVotes(181)) - ac8b57f9-e412-43cb-ab48-58d98bb5a21e:group-09C9E0D49380:LeaderElection43: begin an election at term 1 for -1: [ac8b57f9-e412-43cb-ab48-58d98bb5a21e:192.168.5.159:34940], old=null
2019-07-13 22:41:44,639 INFO  impl.RoleInfo (RoleInfo.java:shutdownLeaderElection(134)) - ac8b57f9-e412-43cb-ab48-58d98bb5a21e: shutdown LeaderElection
2019-07-13 22:41:44,639 INFO  impl.RaftServerImpl (RaftServerImpl.java:setRole(171)) - ac8b57f9-e412-43cb-ab48-58d98bb5a21e:group-09C9E0D49380 changes role from CANDIDATE to LEADER at term 1 for changeToLeader
2019-07-13 22:41:44,639 INFO  impl.RaftServerImpl (ServerState.java:setLeader(263)) - ac8b57f9-e412-43cb-ab48-58d98bb5a21e:group-09C9E0D49380 change Leader from null to ac8b57f9-e412-43cb-ab48-58d98bb5a21e at term 1 for becomeLeader, leader elected after 5106ms
2019-07-13 22:41:44,639 INFO  server.RaftServerConfigKeys (ConfUtils.java:logGet(43)) - raft.server.staging.catchup.gap = 1000 (default)
2019-07-13 22:41:44,640 INFO  server.RaftServerConfigKeys (ConfUtils.java:logGet(43)) - raft.server.rpc.sleep.time = 25ms (default)
2019-07-13 22:41:44,640 INFO  server.RaftServerConfigKeys (ConfUtils.java:logGet(43)) - raft.server.write.element-limit = 4096 (default)
2019-07-13 22:41:44,640 INFO  server.RaftServerConfigKeys (ConfUtils.java:logGet(43)) - raft.server.watch.timeout = 10s (default)
2019-07-13 22:41:44,640 INFO  server.RaftServerConfigKeys (ConfUtils.java:logGet(43)) - raft.server.watch.timeout.denomination = 1s (default)
2019-07-13 22:41:44,640 INFO  server.RaftServerConfigKeys (ConfUtils.java:logGet(43)) - raft.server.watch.element-limit = 65536 (default)
2019-07-13 22:41:44,640 INFO  impl.RoleInfo (RoleInfo.java:updateAndGet(143)) - ac8b57f9-e412-43cb-ab48-58d98bb5a21e: start LeaderState
2019-07-13 22:41:44,641 INFO  segmented.SegmentedRaftLogWorker (SegmentedRaftLogWorker.java:startLogSegment(380)) - ac8b57f9-e412-43cb-ab48-58d98bb5a21e-SegmentedRaftLogWorker:Storage Directory /tmp/workdir/hadoop-ozone/integration-test/target/test-dir/MiniOzoneClusterImpl-ea706609-d548-4f96-b2ff-1bb804afac90/datanode-3/data/ratis/0a74ef7b-6307-4be0-bb4b-09c9e0d49380: Starting segment from index:0
2019-07-13 22:41:44,642 INFO  impl.RaftServerImpl (ServerState.java:setRaftConf(361)) - ac8b57f9-e412-43cb-ab48-58d98bb5a21e:group-09C9E0D49380 set configuration 0: [ac8b57f9-e412-43cb-ab48-58d98bb5a21e:192.168.5.159:34940], old=null at 0
2019-07-13 22:41:44,669 INFO  segmented.SegmentedRaftLogWorker (SegmentedRaftLogWorker.java:execute(569)) - ac8b57f9-e412-43cb-ab48-58d98bb5a21e-SegmentedRaftLogWorker:Storage Directory /tmp/workdir/hadoop-ozone/integration-test/target/test-dir/MiniOzoneClusterImpl-ea706609-d548-4f96-b2ff-1bb804afac90/datanode-3/data/ratis/0a74ef7b-6307-4be0-bb4b-09c9e0d49380: created new log segment /tmp/workdir/hadoop-ozone/integration-test/target/test-dir/MiniOzoneClusterImpl-ea706609-d548-4f96-b2ff-1bb804afac90/datanode-3/data/ratis/0a74ef7b-6307-4be0-bb4b-09c9e0d49380/current/log_inprogress_0
2019-07-13 22:41:44,845 INFO  impl.FollowerState (FollowerState.java:run(106)) - 3ded15aa-7b5a-41b4-ab72-c2b20ac88757:group-1DF03D750807 changes to CANDIDATE, lastRpcTime:5070, electionTimeout:5070ms
2019-07-13 22:41:44,845 INFO  impl.RoleInfo (RoleInfo.java:shutdownFollowerState(121)) - 3ded15aa-7b5a-41b4-ab72-c2b20ac88757: shutdown FollowerState
2019-07-13 22:41:44,846 INFO  impl.RaftServerImpl (RaftServerImpl.java:setRole(171)) - 3ded15aa-7b5a-41b4-ab72-c2b20ac88757:group-1DF03D750807 changes role from FOLLOWER to CANDIDATE at term 0 for changeToCandidate
2019-07-13 22:41:44,846 INFO  impl.RoleInfo (RoleInfo.java:updateAndGet(143)) - 3ded15aa-7b5a-41b4-ab72-c2b20ac88757: start LeaderElection
2019-07-13 22:41:44,872 INFO  impl.LeaderElection (LeaderElection.java:askForVotes(181)) - 3ded15aa-7b5a-41b4-ab72-c2b20ac88757:group-1DF03D750807:LeaderElection44: begin an election at term 1 for -1: [3ded15aa-7b5a-41b4-ab72-c2b20ac88757:192.168.5.159:44775], old=null
2019-07-13 22:41:44,872 INFO  impl.RoleInfo (RoleInfo.java:shutdownLeaderElection(134)) - 3ded15aa-7b5a-41b4-ab72-c2b20ac88757: shutdown LeaderElection
2019-07-13 22:41:44,872 INFO  impl.RaftServerImpl (RaftServerImpl.java:setRole(171)) - 3ded15aa-7b5a-41b4-ab72-c2b20ac88757:group-1DF03D750807 changes role from CANDIDATE to LEADER at term 1 for changeToLeader
2019-07-13 22:41:44,873 INFO  impl.RaftServerImpl (ServerState.java:setLeader(263)) - 3ded15aa-7b5a-41b4-ab72-c2b20ac88757:group-1DF03D750807 change Leader from null to 3ded15aa-7b5a-41b4-ab72-c2b20ac88757 at term 1 for becomeLeader, leader elected after 5102ms
2019-07-13 22:41:44,873 INFO  server.RaftServerConfigKeys (ConfUtils.java:logGet(43)) - raft.server.staging.catchup.gap = 1000 (default)
2019-07-13 22:41:44,873 INFO  server.RaftServerConfigKeys (ConfUtils.java:logGet(43)) - raft.server.rpc.sleep.time = 25ms (default)
2019-07-13 22:41:44,873 INFO  server.RaftServerConfigKeys (ConfUtils.java:logGet(43)) - raft.server.write.element-limit = 4096 (default)
2019-07-13 22:41:44,873 INFO  server.RaftServerConfigKeys (ConfUtils.java:logGet(43)) - raft.server.watch.timeout = 10s (default)
2019-07-13 22:41:44,873 INFO  server.RaftServerConfigKeys (ConfUtils.java:logGet(43)) - raft.server.watch.timeout.denomination = 1s (default)
2019-07-13 22:41:44,874 INFO  server.RaftServerConfigKeys (ConfUtils.java:logGet(43)) - raft.server.watch.element-limit = 65536 (default)
2019-07-13 22:41:44,874 INFO  impl.RoleInfo (RoleInfo.java:updateAndGet(143)) - 3ded15aa-7b5a-41b4-ab72-c2b20ac88757: start LeaderState
2019-07-13 22:41:44,874 INFO  segmented.SegmentedRaftLogWorker (SegmentedRaftLogWorker.java:startLogSegment(380)) - 3ded15aa-7b5a-41b4-ab72-c2b20ac88757-SegmentedRaftLogWorker:Storage Directory /tmp/workdir/hadoop-ozone/integration-test/target/test-dir/MiniOzoneClusterImpl-ea706609-d548-4f96-b2ff-1bb804afac90/datanode-4/data/ratis/6e915c6e-037b-4566-ae22-1df03d750807: Starting segment from index:0
2019-07-13 22:41:44,875 INFO  impl.RaftServerImpl (ServerState.java:setRaftConf(361)) - 3ded15aa-7b5a-41b4-ab72-c2b20ac88757:group-1DF03D750807 set configuration 0: [3ded15aa-7b5a-41b4-ab72-c2b20ac88757:192.168.5.159:44775], old=null at 0
2019-07-13 22:41:44,898 INFO  segmented.SegmentedRaftLogWorker (SegmentedRaftLogWorker.java:execute(569)) - 3ded15aa-7b5a-41b4-ab72-c2b20ac88757-SegmentedRaftLogWorker:Storage Directory /tmp/workdir/hadoop-ozone/integration-test/target/test-dir/MiniOzoneClusterImpl-ea706609-d548-4f96-b2ff-1bb804afac90/datanode-4/data/ratis/6e915c6e-037b-4566-ae22-1df03d750807: created new log segment /tmp/workdir/hadoop-ozone/integration-test/target/test-dir/MiniOzoneClusterImpl-ea706609-d548-4f96-b2ff-1bb804afac90/datanode-4/data/ratis/6e915c6e-037b-4566-ae22-1df03d750807/current/log_inprogress_0
2019-07-13 22:41:45,103 INFO  impl.FollowerState (FollowerState.java:run(106)) - 3ded15aa-7b5a-41b4-ab72-c2b20ac88757:group-6A1BBE50276E changes to CANDIDATE, lastRpcTime:5059, electionTimeout:5059ms
2019-07-13 22:41:45,103 INFO  impl.RoleInfo (RoleInfo.java:shutdownFollowerState(121)) - 3ded15aa-7b5a-41b4-ab72-c2b20ac88757: shutdown FollowerState
2019-07-13 22:41:45,103 INFO  impl.RaftServerImpl (RaftServerImpl.java:setRole(171)) - 3ded15aa-7b5a-41b4-ab72-c2b20ac88757:group-6A1BBE50276E changes role from FOLLOWER to CANDIDATE at term 0 for changeToCandidate
2019-07-13 22:41:45,104 INFO  impl.RoleInfo (RoleInfo.java:updateAndGet(143)) - 3ded15aa-7b5a-41b4-ab72-c2b20ac88757: start LeaderElection
2019-07-13 22:41:45,136 INFO  impl.LeaderElection (LeaderElection.java:askForVotes(181)) - 3ded15aa-7b5a-41b4-ab72-c2b20ac88757:group-6A1BBE50276E:LeaderElection45: begin an election at term 1 for -1: [ac8b57f9-e412-43cb-ab48-58d98bb5a21e:192.168.5.159:34940, 3ded15aa-7b5a-41b4-ab72-c2b20ac88757:192.168.5.159:44775, e767c577-011e-4adf-b87e-910d40712adc:192.168.5.159:38628], old=null
2019-07-13 22:41:45,148 INFO  impl.RaftServerImpl (RaftServerImpl.java:setRole(171)) - e767c577-011e-4adf-b87e-910d40712adc:group-6A1BBE50276E changes role from FOLLOWER to FOLLOWER at term 1 for recognizeCandidate:3ded15aa-7b5a-41b4-ab72-c2b20ac88757
2019-07-13 22:41:45,148 INFO  impl.RaftServerImpl (RaftServerImpl.java:setRole(171)) - ac8b57f9-e412-43cb-ab48-58d98bb5a21e:group-6A1BBE50276E changes role from FOLLOWER to FOLLOWER at term 1 for recognizeCandidate:3ded15aa-7b5a-41b4-ab72-c2b20ac88757
2019-07-13 22:41:45,148 INFO  impl.RoleInfo (RoleInfo.java:shutdownFollowerState(121)) - e767c577-011e-4adf-b87e-910d40712adc: shutdown FollowerState
2019-07-13 22:41:45,148 INFO  impl.RoleInfo (RoleInfo.java:shutdownFollowerState(121)) - ac8b57f9-e412-43cb-ab48-58d98bb5a21e: shutdown FollowerState
2019-07-13 22:41:45,149 INFO  impl.FollowerState (FollowerState.java:run(114)) - e767c577-011e-4adf-b87e-910d40712adc: FollowerState was interrupted: java.lang.InterruptedException: sleep interrupted
2019-07-13 22:41:45,149 INFO  impl.RoleInfo (RoleInfo.java:updateAndGet(143)) - e767c577-011e-4adf-b87e-910d40712adc: start FollowerState
2019-07-13 22:41:45,149 INFO  impl.FollowerState (FollowerState.java:run(114)) - ac8b57f9-e412-43cb-ab48-58d98bb5a21e: FollowerState was interrupted: java.lang.InterruptedException: sleep interrupted
2019-07-13 22:41:45,149 INFO  impl.RoleInfo (RoleInfo.java:updateAndGet(143)) - ac8b57f9-e412-43cb-ab48-58d98bb5a21e: start FollowerState
2019-07-13 22:41:45,169 INFO  impl.LeaderElection (LeaderElection.java:logAndReturn(56)) - 3ded15aa-7b5a-41b4-ab72-c2b20ac88757:group-6A1BBE50276E:LeaderElection45: Election PASSED; received 1 response(s) [3ded15aa-7b5a-41b4-ab72-c2b20ac88757<-ac8b57f9-e412-43cb-ab48-58d98bb5a21e#0:OK-t1] and 0 exception(s); 3ded15aa-7b5a-41b4-ab72-c2b20ac88757:t1, leader=null, voted=3ded15aa-7b5a-41b4-ab72-c2b20ac88757, raftlog=3ded15aa-7b5a-41b4-ab72-c2b20ac88757-SegmentedRaftLog:OPENED:c-1,f-1,i0, conf=-1: [ac8b57f9-e412-43cb-ab48-58d98bb5a21e:192.168.5.159:34940, 3ded15aa-7b5a-41b4-ab72-c2b20ac88757:192.168.5.159:44775, e767c577-011e-4adf-b87e-910d40712adc:192.168.5.159:38628], old=null
2019-07-13 22:41:45,169 INFO  impl.RoleInfo (RoleInfo.java:shutdownLeaderElection(134)) - 3ded15aa-7b5a-41b4-ab72-c2b20ac88757: shutdown LeaderElection
2019-07-13 22:41:45,170 INFO  impl.RaftServerImpl (RaftServerImpl.java:setRole(171)) - 3ded15aa-7b5a-41b4-ab72-c2b20ac88757:group-6A1BBE50276E changes role from CANDIDATE to LEADER at term 1 for changeToLeader
2019-07-13 22:41:45,170 INFO  impl.RaftServerImpl (ServerState.java:setLeader(263)) - 3ded15aa-7b5a-41b4-ab72-c2b20ac88757:group-6A1BBE50276E change Leader from null to 3ded15aa-7b5a-41b4-ab72-c2b20ac88757 at term 1 for becomeLeader, leader elected after 5130ms
2019-07-13 22:41:45,170 INFO  server.RaftServerConfigKeys (ConfUtils.java:logGet(43)) - raft.server.staging.catchup.gap = 1000 (default)
2019-07-13 22:41:45,170 INFO  server.RaftServerConfigKeys (ConfUtils.java:logGet(43)) - raft.server.rpc.sleep.time = 25ms (default)
2019-07-13 22:41:45,170 INFO  server.RaftServerConfigKeys (ConfUtils.java:logGet(43)) - raft.server.write.element-limit = 4096 (default)
2019-07-13 22:41:45,171 INFO  server.RaftServerConfigKeys (ConfUtils.java:logGet(43)) - raft.server.watch.timeout = 10s (default)
2019-07-13 22:41:45,171 INFO  server.RaftServerConfigKeys (ConfUtils.java:logGet(43)) - raft.server.watch.timeout.denomination = 1s (default)
2019-07-13 22:41:45,171 INFO  server.RaftServerConfigKeys (ConfUtils.java:logGet(43)) - raft.server.watch.element-limit = 65536 (default)
2019-07-13 22:41:45,171 INFO  server.RaftServerConfigKeys (ConfUtils.java:logGet(43)) - raft.server.log.appender.snapshot.chunk.size.max = 16MB (=16777216) (default)
2019-07-13 22:41:45,172 INFO  server.RaftServerConfigKeys (ConfUtils.java:logGet(43)) - raft.server.log.appender.buffer.byte-limit = 33554432 (custom)
2019-07-13 22:41:45,172 INFO  server.RaftServerConfigKeys (ConfUtils.java:logGet(43)) - raft.server.log.appender.buffer.element-limit = 1 (custom)
2019-07-13 22:41:45,172 INFO  grpc.GrpcConfigKeys$Server (ConfUtils.java:logGet(43)) - raft.grpc.server.leader.outstanding.appends.max = 128 (default)
2019-07-13 22:41:45,173 INFO  server.RaftServerConfigKeys (ConfUtils.java:logGet(43)) - raft.server.rpc.request.timeout = 3000ms (default)
2019-07-13 22:41:45,173 INFO  server.RaftServerConfigKeys (ConfUtils.java:logGet(43)) - raft.server.log.appender.install.snapshot.enabled = false (custom)
2019-07-13 22:41:45,173 INFO  server.RaftServerConfigKeys (ConfUtils.java:logGet(43)) - raft.server.log.appender.snapshot.chunk.size.max = 16MB (=16777216) (default)
2019-07-13 22:41:45,173 INFO  server.RaftServerConfigKeys (ConfUtils.java:logGet(43)) - raft.server.log.appender.buffer.byte-limit = 33554432 (custom)
2019-07-13 22:41:45,174 INFO  server.RaftServerConfigKeys (ConfUtils.java:logGet(43)) - raft.server.log.appender.buffer.element-limit = 1 (custom)
2019-07-13 22:41:45,174 INFO  grpc.GrpcConfigKeys$Server (ConfUtils.java:logGet(43)) - raft.grpc.server.leader.outstanding.appends.max = 128 (default)
2019-07-13 22:41:45,174 INFO  server.RaftServerConfigKeys (ConfUtils.java:logGet(43)) - raft.server.rpc.request.timeout = 3000ms (default)
2019-07-13 22:41:45,175 INFO  server.RaftServerConfigKeys (ConfUtils.java:logGet(43)) - raft.server.log.appender.install.snapshot.enabled = false (custom)
2019-07-13 22:41:45,175 INFO  impl.RoleInfo (RoleInfo.java:updateAndGet(143)) - 3ded15aa-7b5a-41b4-ab72-c2b20ac88757: start LeaderState
2019-07-13 22:41:45,175 INFO  segmented.SegmentedRaftLogWorker (SegmentedRaftLogWorker.java:startLogSegment(380)) - 3ded15aa-7b5a-41b4-ab72-c2b20ac88757-SegmentedRaftLogWorker:Storage Directory /tmp/workdir/hadoop-ozone/integration-test/target/test-dir/MiniOzoneClusterImpl-ea706609-d548-4f96-b2ff-1bb804afac90/datanode-4/data/ratis/86286c9a-c94c-4a58-81dc-6a1bbe50276e: Starting segment from index:0
2019-07-13 22:41:45,176 INFO  impl.RaftServerImpl (ServerState.java:setRaftConf(361)) - 3ded15aa-7b5a-41b4-ab72-c2b20ac88757:group-6A1BBE50276E set configuration 0: [ac8b57f9-e412-43cb-ab48-58d98bb5a21e:192.168.5.159:34940, 3ded15aa-7b5a-41b4-ab72-c2b20ac88757:192.168.5.159:44775, e767c577-011e-4adf-b87e-910d40712adc:192.168.5.159:38628], old=null at 0
2019-07-13 22:41:45,178 INFO  impl.RaftServerImpl (ServerState.java:setLeader(263)) - ac8b57f9-e412-43cb-ab48-58d98bb5a21e:group-6A1BBE50276E change Leader from null to 3ded15aa-7b5a-41b4-ab72-c2b20ac88757 at term 1 for appendEntries, leader elected after 5121ms
2019-07-13 22:41:45,178 INFO  impl.RaftServerImpl (ServerState.java:setLeader(263)) - e767c577-011e-4adf-b87e-910d40712adc:group-6A1BBE50276E change Leader from null to 3ded15aa-7b5a-41b4-ab72-c2b20ac88757 at term 1 for appendEntries, leader elected after 5121ms
2019-07-13 22:41:45,202 INFO  impl.FollowerState (FollowerState.java:run(106)) - e767c577-011e-4adf-b87e-910d40712adc:group-FA7D0A486FB5 changes to CANDIDATE, lastRpcTime:5199, electionTimeout:5185ms
2019-07-13 22:41:45,202 INFO  impl.RoleInfo (RoleInfo.java:shutdownFollowerState(121)) - e767c577-011e-4adf-b87e-910d40712adc: shutdown FollowerState
2019-07-13 22:41:45,202 INFO  impl.RaftServerImpl (RaftServerImpl.java:setRole(171)) - e767c577-011e-4adf-b87e-910d40712adc:group-FA7D0A486FB5 changes role from FOLLOWER to CANDIDATE at term 0 for changeToCandidate
2019-07-13 22:41:45,203 INFO  impl.RoleInfo (RoleInfo.java:updateAndGet(143)) - e767c577-011e-4adf-b87e-910d40712adc: start LeaderElection
2019-07-13 22:41:45,225 INFO  segmented.SegmentedRaftLogWorker (SegmentedRaftLogWorker.java:execute(569)) - 3ded15aa-7b5a-41b4-ab72-c2b20ac88757-SegmentedRaftLogWorker:Storage Directory /tmp/workdir/hadoop-ozone/integration-test/target/test-dir/MiniOzoneClusterImpl-ea706609-d548-4f96-b2ff-1bb804afac90/datanode-4/data/ratis/86286c9a-c94c-4a58-81dc-6a1bbe50276e: created new log segment /tmp/workdir/hadoop-ozone/integration-test/target/test-dir/MiniOzoneClusterImpl-ea706609-d548-4f96-b2ff-1bb804afac90/datanode-4/data/ratis/86286c9a-c94c-4a58-81dc-6a1bbe50276e/current/log_inprogress_0
2019-07-13 22:41:45,226 INFO  impl.RaftServerImpl (ServerState.java:setRaftConf(361)) - ac8b57f9-e412-43cb-ab48-58d98bb5a21e:group-6A1BBE50276E set configuration 0: [ac8b57f9-e412-43cb-ab48-58d98bb5a21e:192.168.5.159:34940, 3ded15aa-7b5a-41b4-ab72-c2b20ac88757:192.168.5.159:44775, e767c577-011e-4adf-b87e-910d40712adc:192.168.5.159:38628], old=null at 0
2019-07-13 22:41:45,227 INFO  segmented.SegmentedRaftLogWorker (SegmentedRaftLogWorker.java:startLogSegment(380)) - ac8b57f9-e412-43cb-ab48-58d98bb5a21e-SegmentedRaftLogWorker:Storage Directory /tmp/workdir/hadoop-ozone/integration-test/target/test-dir/MiniOzoneClusterImpl-ea706609-d548-4f96-b2ff-1bb804afac90/datanode-3/data/ratis/86286c9a-c94c-4a58-81dc-6a1bbe50276e: Starting segment from index:0
2019-07-13 22:41:45,227 INFO  impl.RaftServerImpl (ServerState.java:setRaftConf(361)) - e767c577-011e-4adf-b87e-910d40712adc:group-6A1BBE50276E set configuration 0: [ac8b57f9-e412-43cb-ab48-58d98bb5a21e:192.168.5.159:34940, 3ded15aa-7b5a-41b4-ab72-c2b20ac88757:192.168.5.159:44775, e767c577-011e-4adf-b87e-910d40712adc:192.168.5.159:38628], old=null at 0
2019-07-13 22:41:45,227 INFO  segmented.SegmentedRaftLogWorker (SegmentedRaftLogWorker.java:startLogSegment(380)) - e767c577-011e-4adf-b87e-910d40712adc-SegmentedRaftLogWorker:Storage Directory /tmp/workdir/hadoop-ozone/integration-test/target/test-dir/MiniOzoneClusterImpl-ea706609-d548-4f96-b2ff-1bb804afac90/datanode-5/data/ratis/86286c9a-c94c-4a58-81dc-6a1bbe50276e: Starting segment from index:0
2019-07-13 22:41:45,237 INFO  impl.LeaderElection (LeaderElection.java:askForVotes(181)) - e767c577-011e-4adf-b87e-910d40712adc:group-FA7D0A486FB5:LeaderElection46: begin an election at term 1 for -1: [e767c577-011e-4adf-b87e-910d40712adc:192.168.5.159:38628], old=null
2019-07-13 22:41:45,237 INFO  impl.RoleInfo (RoleInfo.java:shutdownLeaderElection(134)) - e767c577-011e-4adf-b87e-910d40712adc: shutdown LeaderElection
2019-07-13 22:41:45,237 INFO  impl.RaftServerImpl (RaftServerImpl.java:setRole(171)) - e767c577-011e-4adf-b87e-910d40712adc:group-FA7D0A486FB5 changes role from CANDIDATE to LEADER at term 1 for changeToLeader
2019-07-13 22:41:45,237 INFO  impl.RaftServerImpl (ServerState.java:setLeader(263)) - e767c577-011e-4adf-b87e-910d40712adc:group-FA7D0A486FB5 change Leader from null to e767c577-011e-4adf-b87e-910d40712adc at term 1 for becomeLeader, leader elected after 5239ms
2019-07-13 22:41:45,237 INFO  server.RaftServerConfigKeys (ConfUtils.java:logGet(43)) - raft.server.staging.catchup.gap = 1000 (default)
2019-07-13 22:41:45,237 INFO  server.RaftServerConfigKeys (ConfUtils.java:logGet(43)) - raft.server.rpc.sleep.time = 25ms (default)
2019-07-13 22:41:45,238 INFO  server.RaftServerConfigKeys (ConfUtils.java:logGet(43)) - raft.server.write.element-limit = 4096 (default)
2019-07-13 22:41:45,238 INFO  server.RaftServerConfigKeys (ConfUtils.java:logGet(43)) - raft.server.watch.timeout = 10s (default)
2019-07-13 22:41:45,238 INFO  server.RaftServerConfigKeys (ConfUtils.java:logGet(43)) - raft.server.watch.timeout.denomination = 1s (default)
2019-07-13 22:41:45,238 INFO  server.RaftServerConfigKeys (ConfUtils.java:logGet(43)) - raft.server.watch.element-limit = 65536 (default)
2019-07-13 22:41:45,238 INFO  impl.RoleInfo (RoleInfo.java:updateAndGet(143)) - e767c577-011e-4adf-b87e-910d40712adc: start LeaderState
2019-07-13 22:41:45,239 INFO  segmented.SegmentedRaftLogWorker (SegmentedRaftLogWorker.java:startLogSegment(380)) - e767c577-011e-4adf-b87e-910d40712adc-SegmentedRaftLogWorker:Storage Directory /tmp/workdir/hadoop-ozone/integration-test/target/test-dir/MiniOzoneClusterImpl-ea706609-d548-4f96-b2ff-1bb804afac90/datanode-5/data/ratis/8b52a17a-6232-497d-a02e-fa7d0a486fb5: Starting segment from index:0
2019-07-13 22:41:45,240 INFO  impl.RaftServerImpl (ServerState.java:setRaftConf(361)) - e767c577-011e-4adf-b87e-910d40712adc:group-FA7D0A486FB5 set configuration 0: [e767c577-011e-4adf-b87e-910d40712adc:192.168.5.159:38628], old=null at 0
2019-07-13 22:41:45,252 INFO  segmented.SegmentedRaftLogWorker (SegmentedRaftLogWorker.java:execute(569)) - ac8b57f9-e412-43cb-ab48-58d98bb5a21e-SegmentedRaftLogWorker:Storage Directory /tmp/workdir/hadoop-ozone/integration-test/target/test-dir/MiniOzoneClusterImpl-ea706609-d548-4f96-b2ff-1bb804afac90/datanode-3/data/ratis/86286c9a-c94c-4a58-81dc-6a1bbe50276e: created new log segment /tmp/workdir/hadoop-ozone/integration-test/target/test-dir/MiniOzoneClusterImpl-ea706609-d548-4f96-b2ff-1bb804afac90/datanode-3/data/ratis/86286c9a-c94c-4a58-81dc-6a1bbe50276e/current/log_inprogress_0
2019-07-13 22:41:45,252 INFO  segmented.SegmentedRaftLogWorker (SegmentedRaftLogWorker.java:execute(569)) - e767c577-011e-4adf-b87e-910d40712adc-SegmentedRaftLogWorker:Storage Directory /tmp/workdir/hadoop-ozone/integration-test/target/test-dir/MiniOzoneClusterImpl-ea706609-d548-4f96-b2ff-1bb804afac90/datanode-5/data/ratis/86286c9a-c94c-4a58-81dc-6a1bbe50276e: created new log segment /tmp/workdir/hadoop-ozone/integration-test/target/test-dir/MiniOzoneClusterImpl-ea706609-d548-4f96-b2ff-1bb804afac90/datanode-5/data/ratis/86286c9a-c94c-4a58-81dc-6a1bbe50276e/current/log_inprogress_0
2019-07-13 22:41:45,269 INFO  segmented.SegmentedRaftLogWorker (SegmentedRaftLogWorker.java:execute(569)) - e767c577-011e-4adf-b87e-910d40712adc-SegmentedRaftLogWorker:Storage Directory /tmp/workdir/hadoop-ozone/integration-test/target/test-dir/MiniOzoneClusterImpl-ea706609-d548-4f96-b2ff-1bb804afac90/datanode-5/data/ratis/8b52a17a-6232-497d-a02e-fa7d0a486fb5: created new log segment /tmp/workdir/hadoop-ozone/integration-test/target/test-dir/MiniOzoneClusterImpl-ea706609-d548-4f96-b2ff-1bb804afac90/datanode-5/data/ratis/8b52a17a-6232-497d-a02e-fa7d0a486fb5/current/log_inprogress_0
2019-07-13 22:41:45,377 INFO  client.GrpcClientProtocolClient (GrpcClientProtocolClient.java:onNext(255)) - client-30E825C87BE1->61cef7b1-bc01-43dc-9b26-f4ba045dc728: receive RaftClientReply:client-30E825C87BE1->61cef7b1-bc01-43dc-9b26-f4ba045dc728@group-747CD80F0199, cid=60, FAILED org.apache.ratis.protocol.NotLeaderException: Server 61cef7b1-bc01-43dc-9b26-f4ba045dc728 is not the leader (1c3a8b81-418f-44a5-824a-d8e6f75288d8:192.168.5.159:46747). Request must be sent to leader., logIndex=0, commits[61cef7b1-bc01-43dc-9b26-f4ba045dc728:c-1, 7aec0298-4162-4e76-a712-2b642b7e8a8d:c-1, 1c3a8b81-418f-44a5-824a-d8e6f75288d8:c-1]
2019-07-13 22:41:45,405 WARN  io.KeyOutputStream (KeyOutputStream.java:handleException(276)) - Encountered exception java.io.IOException: Unexpected Storage Container Exception: java.util.concurrent.CompletionException: java.util.concurrent.CompletionException: org.apache.ratis.protocol.RaftRetryFailureException: Failed RaftClientRequest:client-30E825C87BE1->61cef7b1-bc01-43dc-9b26-f4ba045dc728@group-747CD80F0199, cid=60, seq=1*, RW, org.apache.hadoop.hdds.scm.XceiverClientRatis$$Lambda$309/1480893137@628733aa for 5 attempts with RetryLimited(maxAttempts=5, sleepTime=1000ms) on the pipeline Pipeline[ Id: 3925af91-6585-4c70-a3ee-747cd80f0199, Nodes: 7aec0298-4162-4e76-a712-2b642b7e8a8d{ip: 192.168.5.159, host: trunk-nightly-x8m8d-1534914823, networkLocation: /default-rack, certSerialId: null}1c3a8b81-418f-44a5-824a-d8e6f75288d8{ip: 192.168.5.159, host: trunk-nightly-x8m8d-1534914823, networkLocation: /default-rack, certSerialId: null}61cef7b1-bc01-43dc-9b26-f4ba045dc728{ip: 192.168.5.159, host: trunk-nightly-x8m8d-1534914823, networkLocation: /default-rack, certSerialId: null}, Type:RATIS, Factor:THREE, State:OPEN]. The last committed block length is 0, uncommitted data length is 2097152 retry count 0
2019-07-13 22:41:45,445 INFO  client.GrpcClientProtocolClient (GrpcClientProtocolClient.java:onNext(255)) - client-6BCA007CF69A->ac8b57f9-e412-43cb-ab48-58d98bb5a21e: receive RaftClientReply:client-6BCA007CF69A->ac8b57f9-e412-43cb-ab48-58d98bb5a21e@group-6A1BBE50276E, cid=64, FAILED org.apache.ratis.protocol.NotLeaderException: Server ac8b57f9-e412-43cb-ab48-58d98bb5a21e is not the leader (3ded15aa-7b5a-41b4-ab72-c2b20ac88757:192.168.5.159:44775). Request must be sent to leader., logIndex=0, commits[ac8b57f9-e412-43cb-ab48-58d98bb5a21e:c-1, 3ded15aa-7b5a-41b4-ab72-c2b20ac88757:c-1, e767c577-011e-4adf-b87e-910d40712adc:c-1]
2019-07-13 22:41:45,638 INFO  client.GrpcClientProtocolClient (GrpcClientProtocolClient.java:onNext(255)) - client-6BCA007CF69A->3ded15aa-7b5a-41b4-ab72-c2b20ac88757: receive RaftClientReply:client-6BCA007CF69A->3ded15aa-7b5a-41b4-ab72-c2b20ac88757@group-6A1BBE50276E, cid=64, SUCCESS, logIndex=1, commits[3ded15aa-7b5a-41b4-ab72-c2b20ac88757:c1, ac8b57f9-e412-43cb-ab48-58d98bb5a21e:c0, e767c577-011e-4adf-b87e-910d40712adc:c0]
2019-07-13 22:41:45,713 INFO  client.GrpcClientProtocolClient (GrpcClientProtocolClient.java:onNext(255)) - client-6BCA007CF69A->3ded15aa-7b5a-41b4-ab72-c2b20ac88757: receive RaftClientReply:client-6BCA007CF69A->3ded15aa-7b5a-41b4-ab72-c2b20ac88757@group-6A1BBE50276E, cid=65, SUCCESS, logIndex=3, commits[3ded15aa-7b5a-41b4-ab72-c2b20ac88757:c8, ac8b57f9-e412-43cb-ab48-58d98bb5a21e:c6, e767c577-011e-4adf-b87e-910d40712adc:c6]
2019-07-13 22:41:45,718 INFO  client.GrpcClientProtocolClient (GrpcClientProtocolClient.java:onNext(255)) - client-6BCA007CF69A->3ded15aa-7b5a-41b4-ab72-c2b20ac88757: receive RaftClientReply:client-6BCA007CF69A->3ded15aa-7b5a-41b4-ab72-c2b20ac88757@group-6A1BBE50276E, cid=66, SUCCESS, logIndex=4, commits[3ded15aa-7b5a-41b4-ab72-c2b20ac88757:c8, ac8b57f9-e412-43cb-ab48-58d98bb5a21e:c6, e767c577-011e-4adf-b87e-910d40712adc:c6]
2019-07-13 22:41:45,757 INFO  client.GrpcClientProtocolClient (GrpcClientProtocolClient.java:onNext(255)) - client-6BCA007CF69A->3ded15aa-7b5a-41b4-ab72-c2b20ac88757: receive RaftClientReply:client-6BCA007CF69A->3ded15aa-7b5a-41b4-ab72-c2b20ac88757@group-6A1BBE50276E, cid=67, SUCCESS, logIndex=6, commits[3ded15aa-7b5a-41b4-ab72-c2b20ac88757:c8, ac8b57f9-e412-43cb-ab48-58d98bb5a21e:c6, e767c577-011e-4adf-b87e-910d40712adc:c6]
2019-07-13 22:41:45,792 INFO  client.GrpcClientProtocolClient (GrpcClientProtocolClient.java:onNext(255)) - client-6BCA007CF69A->3ded15aa-7b5a-41b4-ab72-c2b20ac88757: receive RaftClientReply:client-6BCA007CF69A->3ded15aa-7b5a-41b4-ab72-c2b20ac88757@group-6A1BBE50276E, cid=68, SUCCESS, logIndex=9, commits[3ded15aa-7b5a-41b4-ab72-c2b20ac88757:c10, ac8b57f9-e412-43cb-ab48-58d98bb5a21e:c8, e767c577-011e-4adf-b87e-910d40712adc:c8]
2019-07-13 22:41:45,793 INFO  client.GrpcClientProtocolClient (GrpcClientProtocolClient.java:onNext(255)) - client-6BCA007CF69A->3ded15aa-7b5a-41b4-ab72-c2b20ac88757: receive RaftClientReply:client-6BCA007CF69A->3ded15aa-7b5a-41b4-ab72-c2b20ac88757@group-6A1BBE50276E, cid=69, SUCCESS, logIndex=10, commits[3ded15aa-7b5a-41b4-ab72-c2b20ac88757:c10, ac8b57f9-e412-43cb-ab48-58d98bb5a21e:c8, e767c577-011e-4adf-b87e-910d40712adc:c8]
2019-07-13 22:41:45,839 INFO  client.GrpcClientProtocolClient (GrpcClientProtocolClient.java:onNext(255)) - client-6BCA007CF69A->3ded15aa-7b5a-41b4-ab72-c2b20ac88757: receive RaftClientReply:client-6BCA007CF69A->3ded15aa-7b5a-41b4-ab72-c2b20ac88757@group-6A1BBE50276E, cid=70, SUCCESS, logIndex=11, commits[3ded15aa-7b5a-41b4-ab72-c2b20ac88757:c14, ac8b57f9-e412-43cb-ab48-58d98bb5a21e:c8, e767c577-011e-4adf-b87e-910d40712adc:c10]
2019-07-13 22:41:45,840 INFO  client.GrpcClientProtocolClient (GrpcClientProtocolClient.java:onNext(255)) - client-6BCA007CF69A->3ded15aa-7b5a-41b4-ab72-c2b20ac88757: receive RaftClientReply:client-6BCA007CF69A->3ded15aa-7b5a-41b4-ab72-c2b20ac88757@group-6A1BBE50276E, cid=71, SUCCESS, logIndex=12, commits[3ded15aa-7b5a-41b4-ab72-c2b20ac88757:c14, ac8b57f9-e412-43cb-ab48-58d98bb5a21e:c8, e767c577-011e-4adf-b87e-910d40712adc:c10]
2019-07-13 22:41:45,873 INFO  client.GrpcClientProtocolClient (GrpcClientProtocolClient.java:onNext(255)) - client-6BCA007CF69A->3ded15aa-7b5a-41b4-ab72-c2b20ac88757: receive RaftClientReply:client-6BCA007CF69A->3ded15aa-7b5a-41b4-ab72-c2b20ac88757@group-6A1BBE50276E, cid=72, SUCCESS, logIndex=0, commits[3ded15aa-7b5a-41b4-ab72-c2b20ac88757:c16, ac8b57f9-e412-43cb-ab48-58d98bb5a21e:c13, e767c577-011e-4adf-b87e-910d40712adc:c13]
2019-07-13 22:41:45,876 INFO  client.GrpcClientProtocolClient (GrpcClientProtocolClient.java:onNext(255)) - client-6BCA007CF69A->3ded15aa-7b5a-41b4-ab72-c2b20ac88757: receive RaftClientReply:client-6BCA007CF69A->3ded15aa-7b5a-41b4-ab72-c2b20ac88757@group-6A1BBE50276E, cid=73, SUCCESS, logIndex=0, commits[3ded15aa-7b5a-41b4-ab72-c2b20ac88757:c16, ac8b57f9-e412-43cb-ab48-58d98bb5a21e:c13, e767c577-011e-4adf-b87e-910d40712adc:c13]
]]></system-out>
    <system-err><![CDATA[Jul 13, 2019 10:41:34 PM com.sun.jersey.server.impl.application.WebApplicationImpl _initiate
INFO: Initiating Jersey application, version 'Jersey: 1.19 02/11/2015 03:25 AM'
Jul 13, 2019 10:41:34 PM com.sun.jersey.server.impl.application.WebApplicationImpl _initiate
INFO: Initiating Jersey application, version 'Jersey: 1.19 02/11/2015 03:25 AM'
Jul 13, 2019 10:41:35 PM com.sun.jersey.server.impl.application.WebApplicationImpl _initiate
INFO: Initiating Jersey application, version 'Jersey: 1.19 02/11/2015 03:25 AM'
Jul 13, 2019 10:41:35 PM com.sun.jersey.server.impl.application.WebApplicationImpl _initiate
INFO: Initiating Jersey application, version 'Jersey: 1.19 02/11/2015 03:25 AM'
Jul 13, 2019 10:41:35 PM com.sun.jersey.server.impl.application.WebApplicationImpl _initiate
INFO: Initiating Jersey application, version 'Jersey: 1.19 02/11/2015 03:25 AM'
Jul 13, 2019 10:41:35 PM com.sun.jersey.server.impl.application.WebApplicationImpl _initiate
INFO: Initiating Jersey application, version 'Jersey: 1.19 02/11/2015 03:25 AM'
Jul 13, 2019 10:41:38 PM org.apache.ratis.thirdparty.io.grpc.internal.ManagedChannelOrphanWrapper$ManagedChannelReference cleanQueue
SEVERE: *~*~*~ Channel ManagedChannelImpl{logId=585, target=192.168.5.159:38835} was not shutdown properly!!! ~*~*~*
    Make sure to call shutdown()/shutdownNow() and wait until awaitTermination() returns true.
java.lang.RuntimeException: ManagedChannel allocation site
	at org.apache.ratis.thirdparty.io.grpc.internal.ManagedChannelOrphanWrapper$ManagedChannelReference.<init>(ManagedChannelOrphanWrapper.java:103)
	at org.apache.ratis.thirdparty.io.grpc.internal.ManagedChannelOrphanWrapper.<init>(ManagedChannelOrphanWrapper.java:53)
	at org.apache.ratis.thirdparty.io.grpc.internal.ManagedChannelOrphanWrapper.<init>(ManagedChannelOrphanWrapper.java:44)
	at org.apache.ratis.thirdparty.io.grpc.internal.AbstractManagedChannelImplBuilder.build(AbstractManagedChannelImplBuilder.java:411)
	at org.apache.hadoop.hdds.scm.XceiverClientGrpc.connectToDatanode(XceiverClientGrpc.java:172)
	at org.apache.hadoop.hdds.scm.XceiverClientGrpc.reconnect(XceiverClientGrpc.java:417)
	at org.apache.hadoop.hdds.scm.XceiverClientGrpc.sendCommandAsync(XceiverClientGrpc.java:366)
	at org.apache.hadoop.hdds.scm.XceiverClientGrpc.sendCommandWithRetry(XceiverClientGrpc.java:279)
	at org.apache.hadoop.hdds.scm.XceiverClientGrpc.sendCommandWithTraceIDAndRetry(XceiverClientGrpc.java:248)
	at org.apache.hadoop.hdds.scm.XceiverClientGrpc.sendCommand(XceiverClientGrpc.java:231)
	at org.apache.hadoop.hdds.scm.storage.ContainerProtocolCalls.getBlock(ContainerProtocolCalls.java:118)
	at org.apache.hadoop.hdds.scm.storage.BlockInputStream.getChunkInfos(BlockInputStream.java:167)
	at org.apache.hadoop.hdds.scm.storage.BlockInputStream.initialize(BlockInputStream.java:118)
	at org.apache.hadoop.hdds.scm.storage.BlockInputStream.read(BlockInputStream.java:222)
	at org.apache.hadoop.ozone.client.io.KeyInputStream.read(KeyInputStream.java:171)
	at org.apache.hadoop.ozone.client.io.OzoneInputStream.read(OzoneInputStream.java:47)
	at java.io.InputStream.read(InputStream.java:101)
	at org.apache.hadoop.ozone.container.ContainerTestHelper.validateData(ContainerTestHelper.java:709)
	at org.apache.hadoop.ozone.client.rpc.TestFailureHandlingByClient.validateData(TestFailureHandlingByClient.java:497)
	at org.apache.hadoop.ozone.client.rpc.TestFailureHandlingByClient.testWriteSmallFile(TestFailureHandlingByClient.java:297)
	at sun.reflect.NativeMethodAccessorImpl.invoke0(Native Method)
	at sun.reflect.NativeMethodAccessorImpl.invoke(NativeMethodAccessorImpl.java:62)
	at sun.reflect.DelegatingMethodAccessorImpl.invoke(DelegatingMethodAccessorImpl.java:43)
	at java.lang.reflect.Method.invoke(Method.java:498)
	at org.junit.runners.model.FrameworkMethod$1.runReflectiveCall(FrameworkMethod.java:47)
	at org.junit.internal.runners.model.ReflectiveCallable.run(ReflectiveCallable.java:12)
	at org.junit.runners.model.FrameworkMethod.invokeExplosively(FrameworkMethod.java:44)
	at org.junit.internal.runners.statements.InvokeMethod.evaluate(InvokeMethod.java:17)
	at org.junit.runners.ParentRunner.runLeaf(ParentRunner.java:271)
	at org.junit.runners.BlockJUnit4ClassRunner.runChild(BlockJUnit4ClassRunner.java:70)
	at org.junit.runners.BlockJUnit4ClassRunner.runChild(BlockJUnit4ClassRunner.java:50)
	at org.junit.runners.ParentRunner$3.run(ParentRunner.java:238)
	at org.junit.runners.ParentRunner$1.schedule(ParentRunner.java:63)
	at org.junit.runners.ParentRunner.runChildren(ParentRunner.java:236)
	at org.junit.runners.ParentRunner.access$000(ParentRunner.java:53)
	at org.junit.runners.ParentRunner$2.evaluate(ParentRunner.java:229)
	at org.junit.runners.ParentRunner.run(ParentRunner.java:309)
	at org.apache.maven.surefire.junit4.JUnit4Provider.execute(JUnit4Provider.java:365)
	at org.apache.maven.surefire.junit4.JUnit4Provider.executeWithRerun(JUnit4Provider.java:273)
	at org.apache.maven.surefire.junit4.JUnit4Provider.executeTestSet(JUnit4Provider.java:238)
	at org.apache.maven.surefire.junit4.JUnit4Provider.invoke(JUnit4Provider.java:159)
	at org.apache.maven.surefire.booter.ForkedBooter.invokeProviderInSameClassLoader(ForkedBooter.java:384)
	at org.apache.maven.surefire.booter.ForkedBooter.runSuitesInProcess(ForkedBooter.java:345)
	at org.apache.maven.surefire.booter.ForkedBooter.execute(ForkedBooter.java:126)
	at org.apache.maven.surefire.booter.ForkedBooter.main(ForkedBooter.java:418)

Jul 13, 2019 10:41:38 PM org.apache.ratis.thirdparty.io.grpc.internal.ManagedChannelOrphanWrapper$ManagedChannelReference cleanQueue
SEVERE: *~*~*~ Channel ManagedChannelImpl{logId=571, target=192.168.5.159:37523} was not shutdown properly!!! ~*~*~*
    Make sure to call shutdown()/shutdownNow() and wait until awaitTermination() returns true.
java.lang.RuntimeException: ManagedChannel allocation site
	at org.apache.ratis.thirdparty.io.grpc.internal.ManagedChannelOrphanWrapper$ManagedChannelReference.<init>(ManagedChannelOrphanWrapper.java:103)
	at org.apache.ratis.thirdparty.io.grpc.internal.ManagedChannelOrphanWrapper.<init>(ManagedChannelOrphanWrapper.java:53)
	at org.apache.ratis.thirdparty.io.grpc.internal.ManagedChannelOrphanWrapper.<init>(ManagedChannelOrphanWrapper.java:44)
	at org.apache.ratis.thirdparty.io.grpc.internal.AbstractManagedChannelImplBuilder.build(AbstractManagedChannelImplBuilder.java:411)
	at org.apache.ratis.grpc.client.GrpcClientProtocolClient.<init>(GrpcClientProtocolClient.java:119)
	at org.apache.ratis.grpc.client.GrpcClientRpc.lambda$new$0(GrpcClientRpc.java:55)
	at org.apache.ratis.util.PeerProxyMap$PeerAndProxy.lambda$getProxy$0(PeerProxyMap.java:61)
	at org.apache.ratis.util.LifeCycle.startAndTransition(LifeCycle.java:202)
	at org.apache.ratis.util.PeerProxyMap$PeerAndProxy.getProxy(PeerProxyMap.java:60)
	at org.apache.ratis.util.PeerProxyMap.getProxy(PeerProxyMap.java:107)
	at org.apache.ratis.grpc.client.GrpcClientRpc.sendRequestAsync(GrpcClientRpc.java:66)
	at org.apache.ratis.client.impl.OrderedAsync.sendRequest(OrderedAsync.java:208)
	at org.apache.ratis.client.impl.OrderedAsync.sendRequestWithRetry(OrderedAsync.java:169)
	at org.apache.ratis.util.SlidingWindow$Client.sendOrDelayRequest(SlidingWindow.java:278)
	at org.apache.ratis.util.SlidingWindow$Client.retry(SlidingWindow.java:294)
	at org.apache.ratis.client.impl.OrderedAsync.lambda$scheduleWithTimeout$7(OrderedAsync.java:195)
	at org.apache.ratis.util.TimeoutScheduler.lambda$onTimeout$0(TimeoutScheduler.java:85)
	at org.apache.ratis.util.TimeoutScheduler.lambda$onTimeout$1(TimeoutScheduler.java:104)
	at org.apache.ratis.util.LogUtils.runAndLog(LogUtils.java:50)
	at org.apache.ratis.util.LogUtils$1.run(LogUtils.java:91)
	at java.util.concurrent.Executors$RunnableAdapter.call(Executors.java:511)
	at java.util.concurrent.FutureTask.run(FutureTask.java:266)
	at java.util.concurrent.ScheduledThreadPoolExecutor$ScheduledFutureTask.access$201(ScheduledThreadPoolExecutor.java:180)
	at java.util.concurrent.ScheduledThreadPoolExecutor$ScheduledFutureTask.run(ScheduledThreadPoolExecutor.java:293)
	at java.util.concurrent.ThreadPoolExecutor.runWorker(ThreadPoolExecutor.java:1149)
	at java.util.concurrent.ThreadPoolExecutor$Worker.run(ThreadPoolExecutor.java:624)
	at java.lang.Thread.run(Thread.java:748)

Jul 13, 2019 10:41:38 PM org.apache.ratis.thirdparty.io.grpc.internal.ManagedChannelOrphanWrapper$ManagedChannelReference cleanQueue
SEVERE: *~*~*~ Channel ManagedChannelImpl{logId=580, target=192.168.5.159:43236} was not shutdown properly!!! ~*~*~*
    Make sure to call shutdown()/shutdownNow() and wait until awaitTermination() returns true.
java.lang.RuntimeException: ManagedChannel allocation site
	at org.apache.ratis.thirdparty.io.grpc.internal.ManagedChannelOrphanWrapper$ManagedChannelReference.<init>(ManagedChannelOrphanWrapper.java:103)
	at org.apache.ratis.thirdparty.io.grpc.internal.ManagedChannelOrphanWrapper.<init>(ManagedChannelOrphanWrapper.java:53)
	at org.apache.ratis.thirdparty.io.grpc.internal.ManagedChannelOrphanWrapper.<init>(ManagedChannelOrphanWrapper.java:44)
	at org.apache.ratis.thirdparty.io.grpc.internal.AbstractManagedChannelImplBuilder.build(AbstractManagedChannelImplBuilder.java:411)
	at org.apache.ratis.grpc.client.GrpcClientProtocolClient.<init>(GrpcClientProtocolClient.java:119)
	at org.apache.ratis.grpc.client.GrpcClientRpc.lambda$new$0(GrpcClientRpc.java:55)
	at org.apache.ratis.util.PeerProxyMap$PeerAndProxy.lambda$getProxy$0(PeerProxyMap.java:61)
	at org.apache.ratis.util.LifeCycle.startAndTransition(LifeCycle.java:202)
	at org.apache.ratis.util.PeerProxyMap$PeerAndProxy.getProxy(PeerProxyMap.java:60)
	at org.apache.ratis.util.PeerProxyMap.getProxy(PeerProxyMap.java:107)
	at org.apache.ratis.grpc.client.GrpcClientRpc.sendRequestAsync(GrpcClientRpc.java:66)
	at org.apache.ratis.client.impl.OrderedAsync.sendRequest(OrderedAsync.java:208)
	at org.apache.ratis.client.impl.OrderedAsync.sendRequestWithRetry(OrderedAsync.java:169)
	at org.apache.ratis.util.SlidingWindow$Client.sendOrDelayRequest(SlidingWindow.java:278)
	at org.apache.ratis.util.SlidingWindow$Client.retry(SlidingWindow.java:294)
	at org.apache.ratis.client.impl.OrderedAsync.lambda$scheduleWithTimeout$7(OrderedAsync.java:195)
	at org.apache.ratis.util.TimeoutScheduler.lambda$onTimeout$0(TimeoutScheduler.java:85)
	at org.apache.ratis.util.TimeoutScheduler.lambda$onTimeout$1(TimeoutScheduler.java:104)
	at org.apache.ratis.util.LogUtils.runAndLog(LogUtils.java:50)
	at org.apache.ratis.util.LogUtils$1.run(LogUtils.java:91)
	at java.util.concurrent.Executors$RunnableAdapter.call(Executors.java:511)
	at java.util.concurrent.FutureTask.run(FutureTask.java:266)
	at java.util.concurrent.ScheduledThreadPoolExecutor$ScheduledFutureTask.access$201(ScheduledThreadPoolExecutor.java:180)
	at java.util.concurrent.ScheduledThreadPoolExecutor$ScheduledFutureTask.run(ScheduledThreadPoolExecutor.java:293)
	at java.util.concurrent.ThreadPoolExecutor.runWorker(ThreadPoolExecutor.java:1149)
	at java.util.concurrent.ThreadPoolExecutor$Worker.run(ThreadPoolExecutor.java:624)
	at java.lang.Thread.run(Thread.java:748)

]]></system-err>
  </testcase>
  <testcase name="testBlockWritesWithDnFailures" classname="org.apache.hadoop.ozone.client.rpc.TestFailureHandlingByClient" time="28.004"/>
  <testcase name="testDatanodeExclusionWithMajorityCommit" classname="org.apache.hadoop.ozone.client.rpc.TestFailureHandlingByClient" time="17.463">
    <failure type="java.lang.AssertionError">java.lang.AssertionError
	at org.junit.Assert.fail(Assert.java:86)
	at org.junit.Assert.assertTrue(Assert.java:41)
	at org.junit.Assert.assertTrue(Assert.java:52)
	at org.apache.hadoop.ozone.client.rpc.TestFailureHandlingByClient.testDatanodeExclusionWithMajorityCommit(TestFailureHandlingByClient.java:400)
	at sun.reflect.NativeMethodAccessorImpl.invoke0(Native Method)
	at sun.reflect.NativeMethodAccessorImpl.invoke(NativeMethodAccessorImpl.java:62)
	at sun.reflect.DelegatingMethodAccessorImpl.invoke(DelegatingMethodAccessorImpl.java:43)
	at java.lang.reflect.Method.invoke(Method.java:498)
	at org.junit.runners.model.FrameworkMethod$1.runReflectiveCall(FrameworkMethod.java:47)
	at org.junit.internal.runners.model.ReflectiveCallable.run(ReflectiveCallable.java:12)
	at org.junit.runners.model.FrameworkMethod.invokeExplosively(FrameworkMethod.java:44)
	at org.junit.internal.runners.statements.InvokeMethod.evaluate(InvokeMethod.java:17)
	at org.junit.runners.ParentRunner.runLeaf(ParentRunner.java:271)
	at org.junit.runners.BlockJUnit4ClassRunner.runChild(BlockJUnit4ClassRunner.java:70)
	at org.junit.runners.BlockJUnit4ClassRunner.runChild(BlockJUnit4ClassRunner.java:50)
	at org.junit.runners.ParentRunner$3.run(ParentRunner.java:238)
	at org.junit.runners.ParentRunner$1.schedule(ParentRunner.java:63)
	at org.junit.runners.ParentRunner.runChildren(ParentRunner.java:236)
	at org.junit.runners.ParentRunner.access$000(ParentRunner.java:53)
	at org.junit.runners.ParentRunner$2.evaluate(ParentRunner.java:229)
	at org.junit.runners.ParentRunner.run(ParentRunner.java:309)
	at org.apache.maven.surefire.junit4.JUnit4Provider.execute(JUnit4Provider.java:365)
	at org.apache.maven.surefire.junit4.JUnit4Provider.executeWithRerun(JUnit4Provider.java:273)
	at org.apache.maven.surefire.junit4.JUnit4Provider.executeTestSet(JUnit4Provider.java:238)
	at org.apache.maven.surefire.junit4.JUnit4Provider.invoke(JUnit4Provider.java:159)
	at org.apache.maven.surefire.booter.ForkedBooter.invokeProviderInSameClassLoader(ForkedBooter.java:384)
	at org.apache.maven.surefire.booter.ForkedBooter.runSuitesInProcess(ForkedBooter.java:345)
	at org.apache.maven.surefire.booter.ForkedBooter.execute(ForkedBooter.java:126)
	at org.apache.maven.surefire.booter.ForkedBooter.main(ForkedBooter.java:418)
</failure>
    <system-out><![CDATA[2019-07-13 22:42:13,901 WARN  server.ServerUtils (ServerUtils.java:getScmDbDir(145)) - ozone.scm.db.dirs is not configured. We recommend adding this setting. Falling back to ozone.metadata.dirs instead.
2019-07-13 22:42:13,912 WARN  server.ServerUtils (ServerUtils.java:getScmDbDir(145)) - ozone.scm.db.dirs is not configured. We recommend adding this setting. Falling back to ozone.metadata.dirs instead.
2019-07-13 22:42:13,912 WARN  server.ServerUtils (ServerUtils.java:getScmDbDir(145)) - ozone.scm.db.dirs is not configured. We recommend adding this setting. Falling back to ozone.metadata.dirs instead.
2019-07-13 22:42:13,913 INFO  db.DBStoreBuilder (DBStoreBuilder.java:addTable(110)) - using custom profile for table: deletedBlocks
2019-07-13 22:42:13,913 INFO  db.DBStoreBuilder (DBStoreBuilder.java:processTables(161)) - Using default column profile:DBProfile.DISK for Table:deletedBlocks
2019-07-13 22:42:13,913 INFO  db.DBStoreBuilder (DBStoreBuilder.java:addTable(110)) - using custom profile for table: validCerts
2019-07-13 22:42:13,913 INFO  db.DBStoreBuilder (DBStoreBuilder.java:processTables(161)) - Using default column profile:DBProfile.DISK for Table:validCerts
2019-07-13 22:42:13,914 INFO  db.DBStoreBuilder (DBStoreBuilder.java:addTable(110)) - using custom profile for table: revokedCerts
2019-07-13 22:42:13,914 INFO  db.DBStoreBuilder (DBStoreBuilder.java:processTables(161)) - Using default column profile:DBProfile.DISK for Table:revokedCerts
2019-07-13 22:42:13,914 INFO  db.DBStoreBuilder (DBStoreBuilder.java:addTable(110)) - using custom profile for table: default
2019-07-13 22:42:13,914 INFO  db.DBStoreBuilder (DBStoreBuilder.java:processTables(167)) - Using default column profile:DBProfile.DISK for Table:default
2019-07-13 22:42:13,914 INFO  db.DBStoreBuilder (DBStoreBuilder.java:getDbProfile(198)) - Using default options. DBProfile.DISK
2019-07-13 22:42:14,001 INFO  net.NodeSchemaLoader (NodeSchemaLoader.java:loadSchemaFromFile(125)) - Loading file from sun.misc.CompoundEnumeration@5a106b26
2019-07-13 22:42:14,001 INFO  net.NodeSchemaLoader (NodeSchemaLoader.java:loadSchema(171)) - Loading network topology layer schema file
2019-07-13 22:42:14,007 INFO  node.SCMNodeManager (SCMNodeManager.java:<init>(119)) - Entering startup safe mode.
2019-07-13 22:42:14,007 WARN  server.ServerUtils (ServerUtils.java:getScmDbDir(145)) - ozone.scm.db.dirs is not configured. We recommend adding this setting. Falling back to ozone.metadata.dirs instead.
2019-07-13 22:42:14,047 INFO  pipeline.SCMPipelineManager (SCMPipelineManager.java:initializePipelineState(126)) - No pipeline exists in current db
2019-07-13 22:42:14,048 WARN  server.ServerUtils (ServerUtils.java:getScmDbDir(145)) - ozone.scm.db.dirs is not configured. We recommend adding this setting. Falling back to ozone.metadata.dirs instead.
2019-07-13 22:42:14,076 WARN  events.EventQueue (EventQueue.java:fireEvent(175)) - No event handler registered for event TypedEvent{payloadType=SafeModeStatus, name='SafeModeStatus'}
2019-07-13 22:42:14,077 INFO  ipc.CallQueueManager (CallQueueManager.java:<init>(84)) - Using callQueue: class java.util.concurrent.LinkedBlockingQueue, queueCapacity: 2000, scheduler: class org.apache.hadoop.ipc.DefaultRpcScheduler, ipcBackoff: false.
2019-07-13 22:42:14,079 INFO  ipc.Server (Server.java:run(1074)) - Starting Socket Reader #1 for port 39704
2019-07-13 22:42:14,089 INFO  ipc.CallQueueManager (CallQueueManager.java:<init>(84)) - Using callQueue: class java.util.concurrent.LinkedBlockingQueue, queueCapacity: 2000, scheduler: class org.apache.hadoop.ipc.DefaultRpcScheduler, ipcBackoff: false.
2019-07-13 22:42:14,090 INFO  ipc.Server (Server.java:run(1074)) - Starting Socket Reader #1 for port 45904
2019-07-13 22:42:14,096 INFO  ipc.CallQueueManager (CallQueueManager.java:<init>(84)) - Using callQueue: class java.util.concurrent.LinkedBlockingQueue, queueCapacity: 2000, scheduler: class org.apache.hadoop.ipc.DefaultRpcScheduler, ipcBackoff: false.
2019-07-13 22:42:14,097 INFO  ipc.Server (Server.java:run(1074)) - Starting Socket Reader #1 for port 41536
2019-07-13 22:42:14,105 INFO  hdfs.DFSUtil (DFSUtil.java:httpServerTemplateForNNAndJN(1641)) - Starting Web-server for scm at: http://0.0.0.0:0
2019-07-13 22:42:14,108 INFO  server.AuthenticationFilter (AuthenticationFilter.java:constructSecretProvider(240)) - Unable to initialize FileSignerSecretProvider, falling back to use random secrets.
2019-07-13 22:42:14,109 WARN  http.HttpRequestLog (HttpRequestLog.java:getRequestLog(97)) - Jetty request log can only be enabled using Log4j
2019-07-13 22:42:14,111 INFO  http.HttpServer2 (HttpServer2.java:addGlobalFilter(975)) - Added global filter 'safety' (class=org.apache.hadoop.http.HttpServer2$QuotingInputFilter)
2019-07-13 22:42:14,112 INFO  http.HttpServer2 (HttpServer2.java:addFilter(948)) - Added filter static_user_filter (class=org.apache.hadoop.http.lib.StaticUserWebFilter$StaticUserFilter) to context scm
2019-07-13 22:42:14,112 INFO  http.HttpServer2 (HttpServer2.java:addFilter(958)) - Added filter static_user_filter (class=org.apache.hadoop.http.lib.StaticUserWebFilter$StaticUserFilter) to context logs
2019-07-13 22:42:14,112 INFO  http.HttpServer2 (HttpServer2.java:addFilter(958)) - Added filter static_user_filter (class=org.apache.hadoop.http.lib.StaticUserWebFilter$StaticUserFilter) to context static
2019-07-13 22:42:14,115 INFO  server.StorageContainerManager (StorageContainerManager.java:start(759)) - StorageContainerLocationProtocol RPC server is listening at /0.0.0.0:41536
2019-07-13 22:42:14,117 WARN  impl.MetricsConfig (MetricsConfig.java:loadFirst(134)) - Cannot locate configuration: tried hadoop-metrics2-storagecontainermanager.properties,hadoop-metrics2.properties
2019-07-13 22:42:14,118 INFO  impl.MetricsSystemImpl (MetricsSystemImpl.java:startTimer(374)) - Scheduled Metric snapshot period at 10 second(s).
2019-07-13 22:42:14,119 INFO  impl.MetricsSystemImpl (MetricsSystemImpl.java:start(191)) - StorageContainerManager metrics system started
2019-07-13 22:42:14,273 INFO  server.SCMClientProtocolServer (SCMClientProtocolServer.java:start(149)) - RPC server for Client  is listening at /0.0.0.0:41536
2019-07-13 22:42:14,274 INFO  ipc.Server (Server.java:run(1314)) - IPC Server Responder: starting
2019-07-13 22:42:14,274 INFO  ipc.Server (Server.java:run(1153)) - IPC Server listener on 41536: starting
2019-07-13 22:42:14,321 INFO  server.StorageContainerManager (StorageContainerManager.java:start(768)) - ScmBlockLocationProtocol RPC server is listening at /0.0.0.0:45904
2019-07-13 22:42:14,321 INFO  server.SCMBlockProtocolServer (SCMBlockProtocolServer.java:start(140)) - RPC server for Block Protocol is listening at /0.0.0.0:45904
2019-07-13 22:42:14,322 INFO  ipc.Server (Server.java:run(1314)) - IPC Server Responder: starting
2019-07-13 22:42:14,328 INFO  ipc.Server (Server.java:run(1153)) - IPC Server listener on 45904: starting
2019-07-13 22:42:14,341 INFO  server.StorageContainerManager (StorageContainerManager.java:start(772)) - ScmDatanodeProtocl RPC server is listening at /0.0.0.0:39704
2019-07-13 22:42:14,341 INFO  server.SCMDatanodeProtocolServer (SCMDatanodeProtocolServer.java:start(191)) - RPC server for DataNodes is listening at /0.0.0.0:39704
2019-07-13 22:42:14,341 INFO  ipc.Server (Server.java:run(1314)) - IPC Server Responder: starting
2019-07-13 22:42:14,341 INFO  ipc.Server (Server.java:run(1153)) - IPC Server listener on 39704: starting
2019-07-13 22:42:14,354 INFO  http.HttpServer2 (HttpServer2.java:bindListener(1191)) - Jetty bound to port 41925
2019-07-13 22:42:14,355 INFO  server.Server (Server.java:doStart(351)) - jetty-9.3.24.v20180605, build timestamp: 2018-06-05T17:11:56Z, git hash: 84205aa28f11a4f31f2a3b86d1bba2cc8ab69827
2019-07-13 22:42:14,357 INFO  handler.ContextHandler (ContextHandler.java:doStart(781)) - Started o.e.j.s.ServletContextHandler@f4aec23{/logs,file:///tmp/workdir/hadoop-ozone/integration-test/target/log,AVAILABLE}
2019-07-13 22:42:14,358 INFO  handler.ContextHandler (ContextHandler.java:doStart(781)) - Started o.e.j.s.ServletContextHandler@7680beac{/static,file:///tmp/workdir/hadoop-ozone/integration-test/target/test-classes/webapps/static,AVAILABLE}
2019-07-13 22:42:14,364 INFO  handler.ContextHandler (ContextHandler.java:doStart(781)) - Started o.e.j.w.WebAppContext@5d1907fb{/,file:///tmp/workdir/hadoop-ozone/integration-test/target/test-classes/webapps/scm/,AVAILABLE}{/scm}
2019-07-13 22:42:14,364 INFO  server.AbstractConnector (AbstractConnector.java:doStart(278)) - Started ServerConnector@6079d219{HTTP/1.1,[http/1.1]}{0.0.0.0:41925}
2019-07-13 22:42:14,370 INFO  server.Server (Server.java:doStart(419)) - Started @113191ms
2019-07-13 22:42:14,372 INFO  server.BaseHttpServer (BaseHttpServer.java:updateConnectorAddress(207)) - HTTP server of SCM is listening at http://0.0.0.0:41925
2019-07-13 22:42:14,373 WARN  server.ServerUtils (ServerUtils.java:getDBPath(222)) - ozone.om.db.dirs is not configured. We recommend adding this setting. Falling back to ozone.metadata.dirs instead.
2019-07-13 22:42:14,378 INFO  util.JvmPauseMonitor (JvmPauseMonitor.java:run(188)) - Starting JVM pause monitor
2019-07-13 22:42:14,391 WARN  server.ServerUtils (ServerUtils.java:getDBPath(222)) - ozone.om.db.dirs is not configured. We recommend adding this setting. Falling back to ozone.metadata.dirs instead.
2019-07-13 22:42:14,392 INFO  om.OzoneManager (OzoneManager.java:setOMNodeDetails(630)) - OM Service ID is not set. Setting it to the default ID: omServiceIdDefault
2019-07-13 22:42:14,392 INFO  om.OzoneManager (OzoneManager.java:setOMNodeDetails(636)) - OM Node ID is not set. Setting it to the OmStorage's OmID: d5349f1f-b45b-43c1-b02e-cbebd4ffa5f3
2019-07-13 22:42:14,393 INFO  om.OzoneManager (OzoneManager.java:loadOMHAConfigs(587)) - Found matching OM address with OMServiceId: null, OMNodeId: null, RPC Address: localhost:0 and Ratis port: 9872
2019-07-13 22:42:14,408 WARN  server.ServerUtils (ServerUtils.java:getDBPath(222)) - ozone.om.db.dirs is not configured. We recommend adding this setting. Falling back to ozone.metadata.dirs instead.
2019-07-13 22:42:14,409 INFO  db.DBStoreBuilder (DBStoreBuilder.java:addTable(110)) - using custom profile for table: userTable
2019-07-13 22:42:14,409 INFO  db.DBStoreBuilder (DBStoreBuilder.java:processTables(161)) - Using default column profile:DBProfile.DISK for Table:userTable
2019-07-13 22:42:14,409 INFO  db.DBStoreBuilder (DBStoreBuilder.java:addTable(110)) - using custom profile for table: volumeTable
2019-07-13 22:42:14,409 INFO  db.DBStoreBuilder (DBStoreBuilder.java:processTables(161)) - Using default column profile:DBProfile.DISK for Table:volumeTable
2019-07-13 22:42:14,410 INFO  db.DBStoreBuilder (DBStoreBuilder.java:addTable(110)) - using custom profile for table: bucketTable
2019-07-13 22:42:14,410 INFO  db.DBStoreBuilder (DBStoreBuilder.java:processTables(161)) - Using default column profile:DBProfile.DISK for Table:bucketTable
2019-07-13 22:42:14,410 INFO  db.DBStoreBuilder (DBStoreBuilder.java:addTable(110)) - using custom profile for table: keyTable
2019-07-13 22:42:14,410 INFO  db.DBStoreBuilder (DBStoreBuilder.java:processTables(161)) - Using default column profile:DBProfile.DISK for Table:keyTable
2019-07-13 22:42:14,411 INFO  db.DBStoreBuilder (DBStoreBuilder.java:addTable(110)) - using custom profile for table: deletedTable
2019-07-13 22:42:14,411 INFO  db.DBStoreBuilder (DBStoreBuilder.java:processTables(161)) - Using default column profile:DBProfile.DISK for Table:deletedTable
2019-07-13 22:42:14,411 INFO  db.DBStoreBuilder (DBStoreBuilder.java:addTable(110)) - using custom profile for table: openKeyTable
2019-07-13 22:42:14,411 INFO  db.DBStoreBuilder (DBStoreBuilder.java:processTables(161)) - Using default column profile:DBProfile.DISK for Table:openKeyTable
2019-07-13 22:42:14,411 INFO  db.DBStoreBuilder (DBStoreBuilder.java:addTable(110)) - using custom profile for table: s3Table
2019-07-13 22:42:14,412 INFO  db.DBStoreBuilder (DBStoreBuilder.java:processTables(161)) - Using default column profile:DBProfile.DISK for Table:s3Table
2019-07-13 22:42:14,412 INFO  db.DBStoreBuilder (DBStoreBuilder.java:addTable(110)) - using custom profile for table: multipartInfoTable
2019-07-13 22:42:14,412 INFO  db.DBStoreBuilder (DBStoreBuilder.java:processTables(161)) - Using default column profile:DBProfile.DISK for Table:multipartInfoTable
2019-07-13 22:42:14,412 INFO  db.DBStoreBuilder (DBStoreBuilder.java:addTable(110)) - using custom profile for table: dTokenTable
2019-07-13 22:42:14,413 INFO  db.DBStoreBuilder (DBStoreBuilder.java:processTables(161)) - Using default column profile:DBProfile.DISK for Table:dTokenTable
2019-07-13 22:42:14,413 INFO  db.DBStoreBuilder (DBStoreBuilder.java:addTable(110)) - using custom profile for table: s3SecretTable
2019-07-13 22:42:14,413 INFO  db.DBStoreBuilder (DBStoreBuilder.java:processTables(161)) - Using default column profile:DBProfile.DISK for Table:s3SecretTable
2019-07-13 22:42:14,413 INFO  db.DBStoreBuilder (DBStoreBuilder.java:addTable(110)) - using custom profile for table: prefixTable
2019-07-13 22:42:14,413 INFO  db.DBStoreBuilder (DBStoreBuilder.java:processTables(161)) - Using default column profile:DBProfile.DISK for Table:prefixTable
2019-07-13 22:42:14,414 INFO  db.DBStoreBuilder (DBStoreBuilder.java:addTable(110)) - using custom profile for table: default
2019-07-13 22:42:14,414 INFO  db.DBStoreBuilder (DBStoreBuilder.java:processTables(167)) - Using default column profile:DBProfile.DISK for Table:default
2019-07-13 22:42:14,414 INFO  db.DBStoreBuilder (DBStoreBuilder.java:getDbProfile(198)) - Using default options. DBProfile.DISK
2019-07-13 22:42:14,650 INFO  ipc.CallQueueManager (CallQueueManager.java:<init>(84)) - Using callQueue: class java.util.concurrent.LinkedBlockingQueue, queueCapacity: 2000, scheduler: class org.apache.hadoop.ipc.DefaultRpcScheduler, ipcBackoff: false.
2019-07-13 22:42:14,651 INFO  ipc.Server (Server.java:run(1074)) - Starting Socket Reader #1 for port 32915
2019-07-13 22:42:14,702 WARN  server.ServerUtils (ServerUtils.java:getDBPath(222)) - ozone.om.db.dirs is not configured. We recommend adding this setting. Falling back to ozone.metadata.dirs instead.
2019-07-13 22:42:14,703 INFO  om.OzoneManager (OzoneManager.java:start(1228)) - OzoneManager RPC server is listening at localhost/127.0.0.1:32915
2019-07-13 22:42:14,703 INFO  impl.MetricsSystemImpl (MetricsSystemImpl.java:init(158)) - OzoneManager metrics system started (again)
2019-07-13 22:42:14,704 INFO  ipc.Server (Server.java:run(1314)) - IPC Server Responder: starting
2019-07-13 22:42:14,704 INFO  ipc.Server (Server.java:run(1153)) - IPC Server listener on 32915: starting
2019-07-13 22:42:14,762 INFO  hdfs.DFSUtil (DFSUtil.java:httpServerTemplateForNNAndJN(1641)) - Starting Web-server for ozoneManager at: http://0.0.0.0:0
2019-07-13 22:42:14,763 INFO  server.AuthenticationFilter (AuthenticationFilter.java:constructSecretProvider(240)) - Unable to initialize FileSignerSecretProvider, falling back to use random secrets.
2019-07-13 22:42:14,764 WARN  http.HttpRequestLog (HttpRequestLog.java:getRequestLog(97)) - Jetty request log can only be enabled using Log4j
2019-07-13 22:42:14,766 INFO  http.HttpServer2 (HttpServer2.java:addGlobalFilter(975)) - Added global filter 'safety' (class=org.apache.hadoop.http.HttpServer2$QuotingInputFilter)
2019-07-13 22:42:14,767 INFO  http.HttpServer2 (HttpServer2.java:addFilter(948)) - Added filter static_user_filter (class=org.apache.hadoop.http.lib.StaticUserWebFilter$StaticUserFilter) to context ozoneManager
2019-07-13 22:42:14,767 INFO  http.HttpServer2 (HttpServer2.java:addFilter(958)) - Added filter static_user_filter (class=org.apache.hadoop.http.lib.StaticUserWebFilter$StaticUserFilter) to context static
2019-07-13 22:42:14,767 INFO  http.HttpServer2 (HttpServer2.java:addFilter(958)) - Added filter static_user_filter (class=org.apache.hadoop.http.lib.StaticUserWebFilter$StaticUserFilter) to context logs
2019-07-13 22:42:14,768 INFO  http.HttpServer2 (HttpServer2.java:bindListener(1191)) - Jetty bound to port 45083
2019-07-13 22:42:14,768 INFO  server.Server (Server.java:doStart(351)) - jetty-9.3.24.v20180605, build timestamp: 2018-06-05T17:11:56Z, git hash: 84205aa28f11a4f31f2a3b86d1bba2cc8ab69827
2019-07-13 22:42:14,771 INFO  handler.ContextHandler (ContextHandler.java:doStart(781)) - Started o.e.j.s.ServletContextHandler@3ed2a30c{/logs,file:///tmp/workdir/hadoop-ozone/integration-test/target/log,AVAILABLE}
2019-07-13 22:42:14,771 INFO  handler.ContextHandler (ContextHandler.java:doStart(781)) - Started o.e.j.s.ServletContextHandler@3c6d3ba{/static,file:///tmp/workdir/hadoop-ozone/integration-test/target/test-classes/webapps/static,AVAILABLE}
2019-07-13 22:42:14,776 INFO  handler.ContextHandler (ContextHandler.java:doStart(781)) - Started o.e.j.w.WebAppContext@3c00da24{/,file:///tmp/workdir/hadoop-ozone/integration-test/target/test-classes/webapps/ozoneManager/,AVAILABLE}{/ozoneManager}
2019-07-13 22:42:14,777 INFO  server.AbstractConnector (AbstractConnector.java:doStart(278)) - Started ServerConnector@430dbcb0{HTTP/1.1,[http/1.1]}{0.0.0.0:45083}
2019-07-13 22:42:14,785 INFO  server.Server (Server.java:doStart(419)) - Started @113606ms
2019-07-13 22:42:14,786 INFO  server.BaseHttpServer (BaseHttpServer.java:updateConnectorAddress(207)) - HTTP server of OZONEMANAGER is listening at http://0.0.0.0:45083
2019-07-13 22:42:14,801 INFO  impl.MetricsSystemImpl (MetricsSystemImpl.java:init(158)) - HddsDatanode metrics system started (again)
2019-07-13 22:42:14,801 INFO  ozone.HddsDatanodeService (HddsDatanodeService.java:start(185)) - HddsDatanodeService host:trunk-nightly-x8m8d-1534914823 ip:192.168.5.159
2019-07-13 22:42:14,823 INFO  volume.HddsVolume (HddsVolume.java:<init>(176)) - Creating Volume: /tmp/workdir/hadoop-ozone/integration-test/target/test-dir/MiniOzoneClusterImpl-e61ba2c4-84a8-4661-a250-40acba4e70f7/datanode-0/data/containers/hdds of  storage type : DISK and capacity : 52710309888
2019-07-13 22:42:14,823 INFO  volume.VolumeSet (VolumeSet.java:initializeVolumeSet(170)) - Added Volume : /tmp/workdir/hadoop-ozone/integration-test/target/test-dir/MiniOzoneClusterImpl-e61ba2c4-84a8-4661-a250-40acba4e70f7/datanode-0/data/containers/hdds to VolumeSet
2019-07-13 22:42:14,824 INFO  volume.ThrottledAsyncChecker (ThrottledAsyncChecker.java:schedule(140)) - Scheduling a check for org.apache.hadoop.ozone.container.common.volume.HddsVolume@3be2ef56
2019-07-13 22:42:14,825 INFO  volume.HddsVolumeChecker (HddsVolumeChecker.java:checkAllVolumes(203)) - Scheduled health check for volume org.apache.hadoop.ozone.container.common.volume.HddsVolume@3be2ef56
2019-07-13 22:42:14,848 INFO  impl.RaftServerProxy (ConfUtils.java:logGet(43)) - raft.rpc.type = GRPC (default)
2019-07-13 22:42:14,848 INFO  grpc.GrpcFactory (GrpcFactory.java:checkPooledByteBufAllocatorUseCacheForAllThreads(45)) - PERFORMANCE WARNING: useCacheForAllThreads is true that may cause Netty to create a lot garbage objects and, as a result, trigger GC.
	It is recommended to disable useCacheForAllThreads by setting -Dorg.apache.ratis.thirdparty.io.netty.allocator.useCacheForAllThreads=false in command line.
2019-07-13 22:42:14,848 INFO  grpc.GrpcConfigKeys$Server (ConfUtils.java:logGet(43)) - raft.grpc.server.port = 0 (default)
2019-07-13 22:42:14,848 INFO  server.GrpcService (ConfUtils.java:logGet(43)) - raft.grpc.message.size.max = 33570816 (custom)
2019-07-13 22:42:14,849 INFO  server.RaftServerConfigKeys (ConfUtils.java:logGet(43)) - raft.server.log.appender.buffer.byte-limit = 33554432 (custom)
2019-07-13 22:42:14,849 INFO  server.GrpcService (ConfUtils.java:logGet(43)) - raft.grpc.flow.control.window = 1MB (=1048576) (default)
2019-07-13 22:42:14,849 INFO  server.RaftServerConfigKeys (ConfUtils.java:logGet(43)) - raft.server.rpc.request.timeout = 3000ms (default)
2019-07-13 22:42:14,850 INFO  server.RaftServerConfigKeys (ConfUtils.java:logGet(43)) - raft.server.storage.dir = [/tmp/workdir/hadoop-ozone/integration-test/target/test-dir/MiniOzoneClusterImpl-e61ba2c4-84a8-4661-a250-40acba4e70f7/datanode-0/data/ratis] (custom)
2019-07-13 22:42:14,850 INFO  replication.SimpleContainerDownloader (SimpleContainerDownloader.java:<init>(72)) - Starting container downloader service to copy containers to replicate.
2019-07-13 22:42:14,851 INFO  hdfs.DFSUtil (DFSUtil.java:httpServerTemplateForNNAndJN(1641)) - Starting Web-server for hddsDatanode at: http://0.0.0.0:0
2019-07-13 22:42:14,853 INFO  server.AuthenticationFilter (AuthenticationFilter.java:constructSecretProvider(240)) - Unable to initialize FileSignerSecretProvider, falling back to use random secrets.
2019-07-13 22:42:14,853 WARN  http.HttpRequestLog (HttpRequestLog.java:getRequestLog(97)) - Jetty request log can only be enabled using Log4j
2019-07-13 22:42:14,855 INFO  http.HttpServer2 (HttpServer2.java:addGlobalFilter(975)) - Added global filter 'safety' (class=org.apache.hadoop.http.HttpServer2$QuotingInputFilter)
2019-07-13 22:42:14,855 INFO  http.HttpServer2 (HttpServer2.java:addFilter(948)) - Added filter static_user_filter (class=org.apache.hadoop.http.lib.StaticUserWebFilter$StaticUserFilter) to context hddsDatanode
2019-07-13 22:42:14,855 INFO  http.HttpServer2 (HttpServer2.java:addFilter(958)) - Added filter static_user_filter (class=org.apache.hadoop.http.lib.StaticUserWebFilter$StaticUserFilter) to context logs
2019-07-13 22:42:14,855 INFO  http.HttpServer2 (HttpServer2.java:addFilter(958)) - Added filter static_user_filter (class=org.apache.hadoop.http.lib.StaticUserWebFilter$StaticUserFilter) to context static
2019-07-13 22:42:14,856 INFO  http.HttpServer2 (HttpServer2.java:bindListener(1191)) - Jetty bound to port 41547
2019-07-13 22:42:14,856 INFO  server.Server (Server.java:doStart(351)) - jetty-9.3.24.v20180605, build timestamp: 2018-06-05T17:11:56Z, git hash: 84205aa28f11a4f31f2a3b86d1bba2cc8ab69827
2019-07-13 22:42:14,858 INFO  handler.ContextHandler (ContextHandler.java:doStart(781)) - Started o.e.j.s.ServletContextHandler@4b477121{/logs,file:///tmp/workdir/hadoop-ozone/integration-test/target/log,AVAILABLE}
2019-07-13 22:42:14,859 INFO  handler.ContextHandler (ContextHandler.java:doStart(781)) - Started o.e.j.s.ServletContextHandler@752e50c6{/static,jar:file:/home/user/.m2/repository/org/apache/hadoop/hadoop-hdds-container-service/0.5.0-SNAPSHOT/hadoop-hdds-container-service-0.5.0-SNAPSHOT.jar!/webapps/static,AVAILABLE}
2019-07-13 22:42:14,888 INFO  handler.ContextHandler (ContextHandler.java:doStart(781)) - Started o.e.j.w.WebAppContext@1db7c267{/,file:///tmp/jetty-0.0.0.0-41547-hddsDatanode-_-any-7554038330618986937.dir/webapp/,AVAILABLE}{/hddsDatanode}
2019-07-13 22:42:14,888 INFO  server.AbstractConnector (AbstractConnector.java:doStart(278)) - Started ServerConnector@516370c1{HTTP/1.1,[http/1.1]}{0.0.0.0:41547}
2019-07-13 22:42:14,896 INFO  server.Server (Server.java:doStart(419)) - Started @113717ms
2019-07-13 22:42:14,896 INFO  server.BaseHttpServer (BaseHttpServer.java:updateConnectorAddress(207)) - HTTP server of HDDSDATANODE is listening at http://0.0.0.0:41547
2019-07-13 22:42:15,006 INFO  ozone.HddsDatanodeService (HddsDatanodeService.java:startPlugins(396)) - Started plug-in org.apache.hadoop.ozone.web.OzoneHddsDatanodeService@145ce025
2019-07-13 22:42:15,006 INFO  impl.MetricsSystemImpl (MetricsSystemImpl.java:init(158)) - HddsDatanode metrics system started (again)
2019-07-13 22:42:15,007 INFO  ozone.HddsDatanodeService (HddsDatanodeService.java:start(185)) - HddsDatanodeService host:trunk-nightly-x8m8d-1534914823 ip:192.168.5.159
2019-07-13 22:42:15,008 INFO  util.JvmPauseMonitor (JvmPauseMonitor.java:run(188)) - Starting JVM pause monitor
2019-07-13 22:42:15,010 INFO  datanode.InitDatanodeState (InitDatanodeState.java:persistContainerDatanodeDetails(140)) - DatanodeDetails is persisted to /tmp/workdir/hadoop-ozone/integration-test/target/test-dir/MiniOzoneClusterImpl-e61ba2c4-84a8-4661-a250-40acba4e70f7/datanode-0/meta/datanode.id
2019-07-13 22:42:15,030 INFO  volume.HddsVolume (HddsVolume.java:<init>(176)) - Creating Volume: /tmp/workdir/hadoop-ozone/integration-test/target/test-dir/MiniOzoneClusterImpl-e61ba2c4-84a8-4661-a250-40acba4e70f7/datanode-1/data/containers/hdds of  storage type : DISK and capacity : 52710309888
2019-07-13 22:42:15,030 INFO  volume.VolumeSet (VolumeSet.java:initializeVolumeSet(170)) - Added Volume : /tmp/workdir/hadoop-ozone/integration-test/target/test-dir/MiniOzoneClusterImpl-e61ba2c4-84a8-4661-a250-40acba4e70f7/datanode-1/data/containers/hdds to VolumeSet
2019-07-13 22:42:15,030 INFO  volume.ThrottledAsyncChecker (ThrottledAsyncChecker.java:schedule(140)) - Scheduling a check for org.apache.hadoop.ozone.container.common.volume.HddsVolume@66978c15
2019-07-13 22:42:15,031 INFO  volume.HddsVolumeChecker (HddsVolumeChecker.java:checkAllVolumes(203)) - Scheduled health check for volume org.apache.hadoop.ozone.container.common.volume.HddsVolume@66978c15
2019-07-13 22:42:15,072 INFO  impl.RaftServerProxy (ConfUtils.java:logGet(43)) - raft.rpc.type = GRPC (default)
2019-07-13 22:42:15,072 INFO  grpc.GrpcFactory (GrpcFactory.java:checkPooledByteBufAllocatorUseCacheForAllThreads(45)) - PERFORMANCE WARNING: useCacheForAllThreads is true that may cause Netty to create a lot garbage objects and, as a result, trigger GC.
	It is recommended to disable useCacheForAllThreads by setting -Dorg.apache.ratis.thirdparty.io.netty.allocator.useCacheForAllThreads=false in command line.
2019-07-13 22:42:15,073 INFO  grpc.GrpcConfigKeys$Server (ConfUtils.java:logGet(43)) - raft.grpc.server.port = 0 (default)
2019-07-13 22:42:15,073 INFO  server.GrpcService (ConfUtils.java:logGet(43)) - raft.grpc.message.size.max = 33570816 (custom)
2019-07-13 22:42:15,073 INFO  server.RaftServerConfigKeys (ConfUtils.java:logGet(43)) - raft.server.log.appender.buffer.byte-limit = 33554432 (custom)
2019-07-13 22:42:15,074 INFO  server.GrpcService (ConfUtils.java:logGet(43)) - raft.grpc.flow.control.window = 1MB (=1048576) (default)
2019-07-13 22:42:15,074 INFO  server.RaftServerConfigKeys (ConfUtils.java:logGet(43)) - raft.server.rpc.request.timeout = 3000ms (default)
2019-07-13 22:42:15,075 INFO  server.RaftServerConfigKeys (ConfUtils.java:logGet(43)) - raft.server.storage.dir = [/tmp/workdir/hadoop-ozone/integration-test/target/test-dir/MiniOzoneClusterImpl-e61ba2c4-84a8-4661-a250-40acba4e70f7/datanode-1/data/ratis] (custom)
2019-07-13 22:42:15,076 INFO  replication.SimpleContainerDownloader (SimpleContainerDownloader.java:<init>(72)) - Starting container downloader service to copy containers to replicate.
2019-07-13 22:42:15,077 INFO  hdfs.DFSUtil (DFSUtil.java:httpServerTemplateForNNAndJN(1641)) - Starting Web-server for hddsDatanode at: http://0.0.0.0:0
2019-07-13 22:42:15,105 INFO  server.AuthenticationFilter (AuthenticationFilter.java:constructSecretProvider(240)) - Unable to initialize FileSignerSecretProvider, falling back to use random secrets.
2019-07-13 22:42:15,106 WARN  http.HttpRequestLog (HttpRequestLog.java:getRequestLog(97)) - Jetty request log can only be enabled using Log4j
2019-07-13 22:42:15,108 INFO  http.HttpServer2 (HttpServer2.java:addGlobalFilter(975)) - Added global filter 'safety' (class=org.apache.hadoop.http.HttpServer2$QuotingInputFilter)
2019-07-13 22:42:15,108 INFO  http.HttpServer2 (HttpServer2.java:addFilter(948)) - Added filter static_user_filter (class=org.apache.hadoop.http.lib.StaticUserWebFilter$StaticUserFilter) to context hddsDatanode
2019-07-13 22:42:15,109 INFO  http.HttpServer2 (HttpServer2.java:addFilter(958)) - Added filter static_user_filter (class=org.apache.hadoop.http.lib.StaticUserWebFilter$StaticUserFilter) to context static
2019-07-13 22:42:15,109 INFO  http.HttpServer2 (HttpServer2.java:addFilter(958)) - Added filter static_user_filter (class=org.apache.hadoop.http.lib.StaticUserWebFilter$StaticUserFilter) to context logs
2019-07-13 22:42:15,110 INFO  http.HttpServer2 (HttpServer2.java:bindListener(1191)) - Jetty bound to port 41391
2019-07-13 22:42:15,110 INFO  server.Server (Server.java:doStart(351)) - jetty-9.3.24.v20180605, build timestamp: 2018-06-05T17:11:56Z, git hash: 84205aa28f11a4f31f2a3b86d1bba2cc8ab69827
2019-07-13 22:42:15,113 INFO  handler.ContextHandler (ContextHandler.java:doStart(781)) - Started o.e.j.s.ServletContextHandler@2d6cbbdb{/logs,file:///tmp/workdir/hadoop-ozone/integration-test/target/log,AVAILABLE}
2019-07-13 22:42:15,113 INFO  handler.ContextHandler (ContextHandler.java:doStart(781)) - Started o.e.j.s.ServletContextHandler@2d18d9ed{/static,jar:file:/home/user/.m2/repository/org/apache/hadoop/hadoop-hdds-container-service/0.5.0-SNAPSHOT/hadoop-hdds-container-service-0.5.0-SNAPSHOT.jar!/webapps/static,AVAILABLE}
2019-07-13 22:42:15,157 INFO  handler.ContextHandler (ContextHandler.java:doStart(781)) - Started o.e.j.w.WebAppContext@7322013f{/,file:///tmp/jetty-0.0.0.0-41391-hddsDatanode-_-any-1218964240880211753.dir/webapp/,AVAILABLE}{/hddsDatanode}
2019-07-13 22:42:15,158 INFO  server.AbstractConnector (AbstractConnector.java:doStart(278)) - Started ServerConnector@3a744e32{HTTP/1.1,[http/1.1]}{0.0.0.0:41391}
2019-07-13 22:42:15,186 INFO  server.Server (Server.java:doStart(419)) - Started @114008ms
2019-07-13 22:42:15,187 INFO  server.BaseHttpServer (BaseHttpServer.java:updateConnectorAddress(207)) - HTTP server of HDDSDATANODE is listening at http://0.0.0.0:41391
2019-07-13 22:42:15,311 INFO  ozone.HddsDatanodeService (HddsDatanodeService.java:startPlugins(396)) - Started plug-in org.apache.hadoop.ozone.web.OzoneHddsDatanodeService@7bf3bf2e
2019-07-13 22:42:15,312 INFO  impl.MetricsSystemImpl (MetricsSystemImpl.java:init(158)) - HddsDatanode metrics system started (again)
2019-07-13 22:42:15,312 INFO  ozone.HddsDatanodeService (HddsDatanodeService.java:start(185)) - HddsDatanodeService host:trunk-nightly-x8m8d-1534914823 ip:192.168.5.159
2019-07-13 22:42:15,313 INFO  util.JvmPauseMonitor (JvmPauseMonitor.java:run(188)) - Starting JVM pause monitor
2019-07-13 22:42:15,315 INFO  datanode.InitDatanodeState (InitDatanodeState.java:persistContainerDatanodeDetails(140)) - DatanodeDetails is persisted to /tmp/workdir/hadoop-ozone/integration-test/target/test-dir/MiniOzoneClusterImpl-e61ba2c4-84a8-4661-a250-40acba4e70f7/datanode-1/meta/datanode.id
2019-07-13 22:42:15,336 INFO  volume.HddsVolume (HddsVolume.java:<init>(176)) - Creating Volume: /tmp/workdir/hadoop-ozone/integration-test/target/test-dir/MiniOzoneClusterImpl-e61ba2c4-84a8-4661-a250-40acba4e70f7/datanode-2/data/containers/hdds of  storage type : DISK and capacity : 52710309888
2019-07-13 22:42:15,336 INFO  volume.VolumeSet (VolumeSet.java:initializeVolumeSet(170)) - Added Volume : /tmp/workdir/hadoop-ozone/integration-test/target/test-dir/MiniOzoneClusterImpl-e61ba2c4-84a8-4661-a250-40acba4e70f7/datanode-2/data/containers/hdds to VolumeSet
2019-07-13 22:42:15,336 INFO  volume.ThrottledAsyncChecker (ThrottledAsyncChecker.java:schedule(140)) - Scheduling a check for org.apache.hadoop.ozone.container.common.volume.HddsVolume@112f8f8f
2019-07-13 22:42:15,337 INFO  volume.HddsVolumeChecker (HddsVolumeChecker.java:checkAllVolumes(203)) - Scheduled health check for volume org.apache.hadoop.ozone.container.common.volume.HddsVolume@112f8f8f
2019-07-13 22:42:15,358 INFO  impl.RaftServerProxy (ConfUtils.java:logGet(43)) - raft.rpc.type = GRPC (default)
2019-07-13 22:42:15,358 INFO  grpc.GrpcFactory (GrpcFactory.java:checkPooledByteBufAllocatorUseCacheForAllThreads(45)) - PERFORMANCE WARNING: useCacheForAllThreads is true that may cause Netty to create a lot garbage objects and, as a result, trigger GC.
	It is recommended to disable useCacheForAllThreads by setting -Dorg.apache.ratis.thirdparty.io.netty.allocator.useCacheForAllThreads=false in command line.
2019-07-13 22:42:15,359 INFO  grpc.GrpcConfigKeys$Server (ConfUtils.java:logGet(43)) - raft.grpc.server.port = 0 (default)
2019-07-13 22:42:15,359 INFO  server.GrpcService (ConfUtils.java:logGet(43)) - raft.grpc.message.size.max = 33570816 (custom)
2019-07-13 22:42:15,359 INFO  server.RaftServerConfigKeys (ConfUtils.java:logGet(43)) - raft.server.log.appender.buffer.byte-limit = 33554432 (custom)
2019-07-13 22:42:15,359 INFO  server.GrpcService (ConfUtils.java:logGet(43)) - raft.grpc.flow.control.window = 1MB (=1048576) (default)
2019-07-13 22:42:15,359 INFO  server.RaftServerConfigKeys (ConfUtils.java:logGet(43)) - raft.server.rpc.request.timeout = 3000ms (default)
2019-07-13 22:42:15,360 INFO  server.RaftServerConfigKeys (ConfUtils.java:logGet(43)) - raft.server.storage.dir = [/tmp/workdir/hadoop-ozone/integration-test/target/test-dir/MiniOzoneClusterImpl-e61ba2c4-84a8-4661-a250-40acba4e70f7/datanode-2/data/ratis] (custom)
2019-07-13 22:42:15,360 INFO  replication.SimpleContainerDownloader (SimpleContainerDownloader.java:<init>(72)) - Starting container downloader service to copy containers to replicate.
2019-07-13 22:42:15,361 INFO  hdfs.DFSUtil (DFSUtil.java:httpServerTemplateForNNAndJN(1641)) - Starting Web-server for hddsDatanode at: http://0.0.0.0:0
2019-07-13 22:42:15,362 INFO  server.AuthenticationFilter (AuthenticationFilter.java:constructSecretProvider(240)) - Unable to initialize FileSignerSecretProvider, falling back to use random secrets.
2019-07-13 22:42:15,363 WARN  http.HttpRequestLog (HttpRequestLog.java:getRequestLog(97)) - Jetty request log can only be enabled using Log4j
2019-07-13 22:42:15,364 INFO  http.HttpServer2 (HttpServer2.java:addGlobalFilter(975)) - Added global filter 'safety' (class=org.apache.hadoop.http.HttpServer2$QuotingInputFilter)
2019-07-13 22:42:15,364 INFO  http.HttpServer2 (HttpServer2.java:addFilter(948)) - Added filter static_user_filter (class=org.apache.hadoop.http.lib.StaticUserWebFilter$StaticUserFilter) to context hddsDatanode
2019-07-13 22:42:15,365 INFO  http.HttpServer2 (HttpServer2.java:addFilter(958)) - Added filter static_user_filter (class=org.apache.hadoop.http.lib.StaticUserWebFilter$StaticUserFilter) to context logs
2019-07-13 22:42:15,365 INFO  http.HttpServer2 (HttpServer2.java:addFilter(958)) - Added filter static_user_filter (class=org.apache.hadoop.http.lib.StaticUserWebFilter$StaticUserFilter) to context static
2019-07-13 22:42:15,365 INFO  http.HttpServer2 (HttpServer2.java:bindListener(1191)) - Jetty bound to port 35233
2019-07-13 22:42:15,365 INFO  server.Server (Server.java:doStart(351)) - jetty-9.3.24.v20180605, build timestamp: 2018-06-05T17:11:56Z, git hash: 84205aa28f11a4f31f2a3b86d1bba2cc8ab69827
2019-07-13 22:42:15,367 INFO  handler.ContextHandler (ContextHandler.java:doStart(781)) - Started o.e.j.s.ServletContextHandler@12ce659{/logs,file:///tmp/workdir/hadoop-ozone/integration-test/target/log,AVAILABLE}
2019-07-13 22:42:15,367 INFO  handler.ContextHandler (ContextHandler.java:doStart(781)) - Started o.e.j.s.ServletContextHandler@7212d3df{/static,jar:file:/home/user/.m2/repository/org/apache/hadoop/hadoop-hdds-container-service/0.5.0-SNAPSHOT/hadoop-hdds-container-service-0.5.0-SNAPSHOT.jar!/webapps/static,AVAILABLE}
2019-07-13 22:42:15,538 INFO  handler.ContextHandler (ContextHandler.java:doStart(781)) - Started o.e.j.w.WebAppContext@653c0c9c{/,file:///tmp/jetty-0.0.0.0-35233-hddsDatanode-_-any-5511086875896437247.dir/webapp/,AVAILABLE}{/hddsDatanode}
2019-07-13 22:42:15,538 INFO  server.AbstractConnector (AbstractConnector.java:doStart(278)) - Started ServerConnector@5276330a{HTTP/1.1,[http/1.1]}{0.0.0.0:35233}
2019-07-13 22:42:15,538 INFO  server.Server (Server.java:doStart(419)) - Started @114360ms
2019-07-13 22:42:15,539 INFO  server.BaseHttpServer (BaseHttpServer.java:updateConnectorAddress(207)) - HTTP server of HDDSDATANODE is listening at http://0.0.0.0:35233
2019-07-13 22:42:15,746 INFO  ozone.HddsDatanodeService (HddsDatanodeService.java:startPlugins(396)) - Started plug-in org.apache.hadoop.ozone.web.OzoneHddsDatanodeService@14b4f462
2019-07-13 22:42:15,747 INFO  impl.MetricsSystemImpl (MetricsSystemImpl.java:init(158)) - HddsDatanode metrics system started (again)
2019-07-13 22:42:15,747 INFO  ozone.HddsDatanodeService (HddsDatanodeService.java:start(185)) - HddsDatanodeService host:trunk-nightly-x8m8d-1534914823 ip:192.168.5.159
2019-07-13 22:42:15,748 INFO  util.JvmPauseMonitor (JvmPauseMonitor.java:run(188)) - Starting JVM pause monitor
2019-07-13 22:42:15,750 INFO  datanode.InitDatanodeState (InitDatanodeState.java:persistContainerDatanodeDetails(140)) - DatanodeDetails is persisted to /tmp/workdir/hadoop-ozone/integration-test/target/test-dir/MiniOzoneClusterImpl-e61ba2c4-84a8-4661-a250-40acba4e70f7/datanode-2/meta/datanode.id
2019-07-13 22:42:15,774 INFO  volume.HddsVolume (HddsVolume.java:<init>(176)) - Creating Volume: /tmp/workdir/hadoop-ozone/integration-test/target/test-dir/MiniOzoneClusterImpl-e61ba2c4-84a8-4661-a250-40acba4e70f7/datanode-3/data/containers/hdds of  storage type : DISK and capacity : 52710309888
2019-07-13 22:42:15,774 INFO  volume.VolumeSet (VolumeSet.java:initializeVolumeSet(170)) - Added Volume : /tmp/workdir/hadoop-ozone/integration-test/target/test-dir/MiniOzoneClusterImpl-e61ba2c4-84a8-4661-a250-40acba4e70f7/datanode-3/data/containers/hdds to VolumeSet
2019-07-13 22:42:15,775 INFO  volume.ThrottledAsyncChecker (ThrottledAsyncChecker.java:schedule(140)) - Scheduling a check for org.apache.hadoop.ozone.container.common.volume.HddsVolume@5122387
2019-07-13 22:42:15,775 INFO  volume.HddsVolumeChecker (HddsVolumeChecker.java:checkAllVolumes(203)) - Scheduled health check for volume org.apache.hadoop.ozone.container.common.volume.HddsVolume@5122387
2019-07-13 22:42:15,800 INFO  impl.RaftServerProxy (ConfUtils.java:logGet(43)) - raft.rpc.type = GRPC (default)
2019-07-13 22:42:15,801 INFO  grpc.GrpcFactory (GrpcFactory.java:checkPooledByteBufAllocatorUseCacheForAllThreads(45)) - PERFORMANCE WARNING: useCacheForAllThreads is true that may cause Netty to create a lot garbage objects and, as a result, trigger GC.
	It is recommended to disable useCacheForAllThreads by setting -Dorg.apache.ratis.thirdparty.io.netty.allocator.useCacheForAllThreads=false in command line.
2019-07-13 22:42:15,801 INFO  grpc.GrpcConfigKeys$Server (ConfUtils.java:logGet(43)) - raft.grpc.server.port = 0 (default)
2019-07-13 22:42:15,801 INFO  server.GrpcService (ConfUtils.java:logGet(43)) - raft.grpc.message.size.max = 33570816 (custom)
2019-07-13 22:42:15,802 INFO  server.RaftServerConfigKeys (ConfUtils.java:logGet(43)) - raft.server.log.appender.buffer.byte-limit = 33554432 (custom)
2019-07-13 22:42:15,802 INFO  server.GrpcService (ConfUtils.java:logGet(43)) - raft.grpc.flow.control.window = 1MB (=1048576) (default)
2019-07-13 22:42:15,802 INFO  server.RaftServerConfigKeys (ConfUtils.java:logGet(43)) - raft.server.rpc.request.timeout = 3000ms (default)
2019-07-13 22:42:15,803 INFO  server.RaftServerConfigKeys (ConfUtils.java:logGet(43)) - raft.server.storage.dir = [/tmp/workdir/hadoop-ozone/integration-test/target/test-dir/MiniOzoneClusterImpl-e61ba2c4-84a8-4661-a250-40acba4e70f7/datanode-3/data/ratis] (custom)
2019-07-13 22:42:15,803 INFO  replication.SimpleContainerDownloader (SimpleContainerDownloader.java:<init>(72)) - Starting container downloader service to copy containers to replicate.
2019-07-13 22:42:15,805 INFO  hdfs.DFSUtil (DFSUtil.java:httpServerTemplateForNNAndJN(1641)) - Starting Web-server for hddsDatanode at: http://0.0.0.0:0
2019-07-13 22:42:15,806 INFO  server.AuthenticationFilter (AuthenticationFilter.java:constructSecretProvider(240)) - Unable to initialize FileSignerSecretProvider, falling back to use random secrets.
2019-07-13 22:42:15,807 WARN  http.HttpRequestLog (HttpRequestLog.java:getRequestLog(97)) - Jetty request log can only be enabled using Log4j
2019-07-13 22:42:15,808 INFO  http.HttpServer2 (HttpServer2.java:addGlobalFilter(975)) - Added global filter 'safety' (class=org.apache.hadoop.http.HttpServer2$QuotingInputFilter)
2019-07-13 22:42:15,809 INFO  http.HttpServer2 (HttpServer2.java:addFilter(948)) - Added filter static_user_filter (class=org.apache.hadoop.http.lib.StaticUserWebFilter$StaticUserFilter) to context hddsDatanode
2019-07-13 22:42:15,809 INFO  http.HttpServer2 (HttpServer2.java:addFilter(958)) - Added filter static_user_filter (class=org.apache.hadoop.http.lib.StaticUserWebFilter$StaticUserFilter) to context logs
2019-07-13 22:42:15,809 INFO  http.HttpServer2 (HttpServer2.java:addFilter(958)) - Added filter static_user_filter (class=org.apache.hadoop.http.lib.StaticUserWebFilter$StaticUserFilter) to context static
2019-07-13 22:42:15,810 INFO  http.HttpServer2 (HttpServer2.java:bindListener(1191)) - Jetty bound to port 42579
2019-07-13 22:42:15,810 INFO  server.Server (Server.java:doStart(351)) - jetty-9.3.24.v20180605, build timestamp: 2018-06-05T17:11:56Z, git hash: 84205aa28f11a4f31f2a3b86d1bba2cc8ab69827
2019-07-13 22:42:15,812 INFO  handler.ContextHandler (ContextHandler.java:doStart(781)) - Started o.e.j.s.ServletContextHandler@50cadbae{/logs,file:///tmp/workdir/hadoop-ozone/integration-test/target/log,AVAILABLE}
2019-07-13 22:42:15,812 INFO  handler.ContextHandler (ContextHandler.java:doStart(781)) - Started o.e.j.s.ServletContextHandler@65689000{/static,jar:file:/home/user/.m2/repository/org/apache/hadoop/hadoop-hdds-container-service/0.5.0-SNAPSHOT/hadoop-hdds-container-service-0.5.0-SNAPSHOT.jar!/webapps/static,AVAILABLE}
2019-07-13 22:42:15,837 INFO  handler.ContextHandler (ContextHandler.java:doStart(781)) - Started o.e.j.w.WebAppContext@678c0310{/,file:///tmp/jetty-0.0.0.0-42579-hddsDatanode-_-any-4091539185886248938.dir/webapp/,AVAILABLE}{/hddsDatanode}
2019-07-13 22:42:15,837 INFO  server.AbstractConnector (AbstractConnector.java:doStart(278)) - Started ServerConnector@7e113065{HTTP/1.1,[http/1.1]}{0.0.0.0:42579}
2019-07-13 22:42:15,837 INFO  server.Server (Server.java:doStart(419)) - Started @114659ms
2019-07-13 22:42:15,844 INFO  server.BaseHttpServer (BaseHttpServer.java:updateConnectorAddress(207)) - HTTP server of HDDSDATANODE is listening at http://0.0.0.0:42579
2019-07-13 22:42:15,936 INFO  ozone.HddsDatanodeService (HddsDatanodeService.java:startPlugins(396)) - Started plug-in org.apache.hadoop.ozone.web.OzoneHddsDatanodeService@138a51d5
2019-07-13 22:42:15,936 INFO  impl.MetricsSystemImpl (MetricsSystemImpl.java:init(158)) - HddsDatanode metrics system started (again)
2019-07-13 22:42:15,936 INFO  ozone.HddsDatanodeService (HddsDatanodeService.java:start(185)) - HddsDatanodeService host:trunk-nightly-x8m8d-1534914823 ip:192.168.5.159
2019-07-13 22:42:15,937 INFO  util.JvmPauseMonitor (JvmPauseMonitor.java:run(188)) - Starting JVM pause monitor
2019-07-13 22:42:15,939 INFO  datanode.InitDatanodeState (InitDatanodeState.java:persistContainerDatanodeDetails(140)) - DatanodeDetails is persisted to /tmp/workdir/hadoop-ozone/integration-test/target/test-dir/MiniOzoneClusterImpl-e61ba2c4-84a8-4661-a250-40acba4e70f7/datanode-3/meta/datanode.id
2019-07-13 22:42:15,957 INFO  volume.HddsVolume (HddsVolume.java:<init>(176)) - Creating Volume: /tmp/workdir/hadoop-ozone/integration-test/target/test-dir/MiniOzoneClusterImpl-e61ba2c4-84a8-4661-a250-40acba4e70f7/datanode-4/data/containers/hdds of  storage type : DISK and capacity : 52710309888
2019-07-13 22:42:15,957 INFO  volume.VolumeSet (VolumeSet.java:initializeVolumeSet(170)) - Added Volume : /tmp/workdir/hadoop-ozone/integration-test/target/test-dir/MiniOzoneClusterImpl-e61ba2c4-84a8-4661-a250-40acba4e70f7/datanode-4/data/containers/hdds to VolumeSet
2019-07-13 22:42:15,958 INFO  volume.ThrottledAsyncChecker (ThrottledAsyncChecker.java:schedule(140)) - Scheduling a check for org.apache.hadoop.ozone.container.common.volume.HddsVolume@4587675c
2019-07-13 22:42:15,958 INFO  volume.HddsVolumeChecker (HddsVolumeChecker.java:checkAllVolumes(203)) - Scheduled health check for volume org.apache.hadoop.ozone.container.common.volume.HddsVolume@4587675c
2019-07-13 22:42:15,972 INFO  impl.RaftServerProxy (ConfUtils.java:logGet(43)) - raft.rpc.type = GRPC (default)
2019-07-13 22:42:15,973 INFO  grpc.GrpcFactory (GrpcFactory.java:checkPooledByteBufAllocatorUseCacheForAllThreads(45)) - PERFORMANCE WARNING: useCacheForAllThreads is true that may cause Netty to create a lot garbage objects and, as a result, trigger GC.
	It is recommended to disable useCacheForAllThreads by setting -Dorg.apache.ratis.thirdparty.io.netty.allocator.useCacheForAllThreads=false in command line.
2019-07-13 22:42:15,973 INFO  grpc.GrpcConfigKeys$Server (ConfUtils.java:logGet(43)) - raft.grpc.server.port = 0 (default)
2019-07-13 22:42:15,973 INFO  server.GrpcService (ConfUtils.java:logGet(43)) - raft.grpc.message.size.max = 33570816 (custom)
2019-07-13 22:42:15,973 INFO  server.RaftServerConfigKeys (ConfUtils.java:logGet(43)) - raft.server.log.appender.buffer.byte-limit = 33554432 (custom)
2019-07-13 22:42:15,973 INFO  server.GrpcService (ConfUtils.java:logGet(43)) - raft.grpc.flow.control.window = 1MB (=1048576) (default)
2019-07-13 22:42:15,973 INFO  server.RaftServerConfigKeys (ConfUtils.java:logGet(43)) - raft.server.rpc.request.timeout = 3000ms (default)
2019-07-13 22:42:15,974 INFO  server.RaftServerConfigKeys (ConfUtils.java:logGet(43)) - raft.server.storage.dir = [/tmp/workdir/hadoop-ozone/integration-test/target/test-dir/MiniOzoneClusterImpl-e61ba2c4-84a8-4661-a250-40acba4e70f7/datanode-4/data/ratis] (custom)
2019-07-13 22:42:15,974 INFO  replication.SimpleContainerDownloader (SimpleContainerDownloader.java:<init>(72)) - Starting container downloader service to copy containers to replicate.
2019-07-13 22:42:15,975 INFO  hdfs.DFSUtil (DFSUtil.java:httpServerTemplateForNNAndJN(1641)) - Starting Web-server for hddsDatanode at: http://0.0.0.0:0
2019-07-13 22:42:15,976 INFO  server.AuthenticationFilter (AuthenticationFilter.java:constructSecretProvider(240)) - Unable to initialize FileSignerSecretProvider, falling back to use random secrets.
2019-07-13 22:42:15,976 WARN  http.HttpRequestLog (HttpRequestLog.java:getRequestLog(97)) - Jetty request log can only be enabled using Log4j
2019-07-13 22:42:15,977 INFO  http.HttpServer2 (HttpServer2.java:addGlobalFilter(975)) - Added global filter 'safety' (class=org.apache.hadoop.http.HttpServer2$QuotingInputFilter)
2019-07-13 22:42:15,978 INFO  http.HttpServer2 (HttpServer2.java:addFilter(948)) - Added filter static_user_filter (class=org.apache.hadoop.http.lib.StaticUserWebFilter$StaticUserFilter) to context hddsDatanode
2019-07-13 22:42:15,978 INFO  http.HttpServer2 (HttpServer2.java:addFilter(958)) - Added filter static_user_filter (class=org.apache.hadoop.http.lib.StaticUserWebFilter$StaticUserFilter) to context logs
2019-07-13 22:42:15,978 INFO  http.HttpServer2 (HttpServer2.java:addFilter(958)) - Added filter static_user_filter (class=org.apache.hadoop.http.lib.StaticUserWebFilter$StaticUserFilter) to context static
2019-07-13 22:42:15,978 INFO  http.HttpServer2 (HttpServer2.java:bindListener(1191)) - Jetty bound to port 37980
2019-07-13 22:42:15,978 INFO  server.Server (Server.java:doStart(351)) - jetty-9.3.24.v20180605, build timestamp: 2018-06-05T17:11:56Z, git hash: 84205aa28f11a4f31f2a3b86d1bba2cc8ab69827
2019-07-13 22:42:15,980 INFO  handler.ContextHandler (ContextHandler.java:doStart(781)) - Started o.e.j.s.ServletContextHandler@50c99398{/logs,file:///tmp/workdir/hadoop-ozone/integration-test/target/log,AVAILABLE}
2019-07-13 22:42:15,980 INFO  handler.ContextHandler (ContextHandler.java:doStart(781)) - Started o.e.j.s.ServletContextHandler@159e9629{/static,jar:file:/home/user/.m2/repository/org/apache/hadoop/hadoop-hdds-container-service/0.5.0-SNAPSHOT/hadoop-hdds-container-service-0.5.0-SNAPSHOT.jar!/webapps/static,AVAILABLE}
2019-07-13 22:42:16,001 INFO  handler.ContextHandler (ContextHandler.java:doStart(781)) - Started o.e.j.w.WebAppContext@303a484e{/,file:///tmp/jetty-0.0.0.0-37980-hddsDatanode-_-any-7033855682803628706.dir/webapp/,AVAILABLE}{/hddsDatanode}
2019-07-13 22:42:16,002 INFO  server.AbstractConnector (AbstractConnector.java:doStart(278)) - Started ServerConnector@760f4310{HTTP/1.1,[http/1.1]}{0.0.0.0:37980}
2019-07-13 22:42:16,002 INFO  server.Server (Server.java:doStart(419)) - Started @114823ms
2019-07-13 22:42:16,010 INFO  server.BaseHttpServer (BaseHttpServer.java:updateConnectorAddress(207)) - HTTP server of HDDSDATANODE is listening at http://0.0.0.0:37980
2019-07-13 22:42:16,105 INFO  ozone.HddsDatanodeService (HddsDatanodeService.java:startPlugins(396)) - Started plug-in org.apache.hadoop.ozone.web.OzoneHddsDatanodeService@7e729046
2019-07-13 22:42:16,105 INFO  impl.MetricsSystemImpl (MetricsSystemImpl.java:init(158)) - HddsDatanode metrics system started (again)
2019-07-13 22:42:16,106 INFO  ozone.HddsDatanodeService (HddsDatanodeService.java:start(185)) - HddsDatanodeService host:trunk-nightly-x8m8d-1534914823 ip:192.168.5.159
2019-07-13 22:42:16,107 INFO  util.JvmPauseMonitor (JvmPauseMonitor.java:run(188)) - Starting JVM pause monitor
2019-07-13 22:42:16,108 INFO  datanode.InitDatanodeState (InitDatanodeState.java:persistContainerDatanodeDetails(140)) - DatanodeDetails is persisted to /tmp/workdir/hadoop-ozone/integration-test/target/test-dir/MiniOzoneClusterImpl-e61ba2c4-84a8-4661-a250-40acba4e70f7/datanode-4/meta/datanode.id
2019-07-13 22:42:16,127 INFO  volume.HddsVolume (HddsVolume.java:<init>(176)) - Creating Volume: /tmp/workdir/hadoop-ozone/integration-test/target/test-dir/MiniOzoneClusterImpl-e61ba2c4-84a8-4661-a250-40acba4e70f7/datanode-5/data/containers/hdds of  storage type : DISK and capacity : 52710309888
2019-07-13 22:42:16,127 INFO  volume.VolumeSet (VolumeSet.java:initializeVolumeSet(170)) - Added Volume : /tmp/workdir/hadoop-ozone/integration-test/target/test-dir/MiniOzoneClusterImpl-e61ba2c4-84a8-4661-a250-40acba4e70f7/datanode-5/data/containers/hdds to VolumeSet
2019-07-13 22:42:16,128 INFO  volume.ThrottledAsyncChecker (ThrottledAsyncChecker.java:schedule(140)) - Scheduling a check for org.apache.hadoop.ozone.container.common.volume.HddsVolume@17e7cc67
2019-07-13 22:42:16,128 INFO  volume.HddsVolumeChecker (HddsVolumeChecker.java:checkAllVolumes(203)) - Scheduled health check for volume org.apache.hadoop.ozone.container.common.volume.HddsVolume@17e7cc67
2019-07-13 22:42:16,148 INFO  impl.RaftServerProxy (ConfUtils.java:logGet(43)) - raft.rpc.type = GRPC (default)
2019-07-13 22:42:16,149 INFO  grpc.GrpcFactory (GrpcFactory.java:checkPooledByteBufAllocatorUseCacheForAllThreads(45)) - PERFORMANCE WARNING: useCacheForAllThreads is true that may cause Netty to create a lot garbage objects and, as a result, trigger GC.
	It is recommended to disable useCacheForAllThreads by setting -Dorg.apache.ratis.thirdparty.io.netty.allocator.useCacheForAllThreads=false in command line.
2019-07-13 22:42:16,149 INFO  grpc.GrpcConfigKeys$Server (ConfUtils.java:logGet(43)) - raft.grpc.server.port = 0 (default)
2019-07-13 22:42:16,149 INFO  server.GrpcService (ConfUtils.java:logGet(43)) - raft.grpc.message.size.max = 33570816 (custom)
2019-07-13 22:42:16,149 INFO  server.RaftServerConfigKeys (ConfUtils.java:logGet(43)) - raft.server.log.appender.buffer.byte-limit = 33554432 (custom)
2019-07-13 22:42:16,150 INFO  server.GrpcService (ConfUtils.java:logGet(43)) - raft.grpc.flow.control.window = 1MB (=1048576) (default)
2019-07-13 22:42:16,150 INFO  server.RaftServerConfigKeys (ConfUtils.java:logGet(43)) - raft.server.rpc.request.timeout = 3000ms (default)
2019-07-13 22:42:16,151 INFO  server.RaftServerConfigKeys (ConfUtils.java:logGet(43)) - raft.server.storage.dir = [/tmp/workdir/hadoop-ozone/integration-test/target/test-dir/MiniOzoneClusterImpl-e61ba2c4-84a8-4661-a250-40acba4e70f7/datanode-5/data/ratis] (custom)
2019-07-13 22:42:16,151 INFO  replication.SimpleContainerDownloader (SimpleContainerDownloader.java:<init>(72)) - Starting container downloader service to copy containers to replicate.
2019-07-13 22:42:16,152 INFO  hdfs.DFSUtil (DFSUtil.java:httpServerTemplateForNNAndJN(1641)) - Starting Web-server for hddsDatanode at: http://0.0.0.0:0
2019-07-13 22:42:16,154 INFO  server.AuthenticationFilter (AuthenticationFilter.java:constructSecretProvider(240)) - Unable to initialize FileSignerSecretProvider, falling back to use random secrets.
2019-07-13 22:42:16,154 WARN  http.HttpRequestLog (HttpRequestLog.java:getRequestLog(97)) - Jetty request log can only be enabled using Log4j
2019-07-13 22:42:16,156 INFO  http.HttpServer2 (HttpServer2.java:addGlobalFilter(975)) - Added global filter 'safety' (class=org.apache.hadoop.http.HttpServer2$QuotingInputFilter)
2019-07-13 22:42:16,156 INFO  http.HttpServer2 (HttpServer2.java:addFilter(948)) - Added filter static_user_filter (class=org.apache.hadoop.http.lib.StaticUserWebFilter$StaticUserFilter) to context hddsDatanode
2019-07-13 22:42:16,156 INFO  http.HttpServer2 (HttpServer2.java:addFilter(958)) - Added filter static_user_filter (class=org.apache.hadoop.http.lib.StaticUserWebFilter$StaticUserFilter) to context static
2019-07-13 22:42:16,157 INFO  http.HttpServer2 (HttpServer2.java:addFilter(958)) - Added filter static_user_filter (class=org.apache.hadoop.http.lib.StaticUserWebFilter$StaticUserFilter) to context logs
2019-07-13 22:42:16,157 INFO  http.HttpServer2 (HttpServer2.java:bindListener(1191)) - Jetty bound to port 42251
2019-07-13 22:42:16,158 INFO  server.Server (Server.java:doStart(351)) - jetty-9.3.24.v20180605, build timestamp: 2018-06-05T17:11:56Z, git hash: 84205aa28f11a4f31f2a3b86d1bba2cc8ab69827
2019-07-13 22:42:16,159 INFO  handler.ContextHandler (ContextHandler.java:doStart(781)) - Started o.e.j.s.ServletContextHandler@72499396{/logs,file:///tmp/workdir/hadoop-ozone/integration-test/target/log,AVAILABLE}
2019-07-13 22:42:16,160 INFO  handler.ContextHandler (ContextHandler.java:doStart(781)) - Started o.e.j.s.ServletContextHandler@651bec9a{/static,jar:file:/home/user/.m2/repository/org/apache/hadoop/hadoop-hdds-container-service/0.5.0-SNAPSHOT/hadoop-hdds-container-service-0.5.0-SNAPSHOT.jar!/webapps/static,AVAILABLE}
2019-07-13 22:42:16,184 INFO  handler.ContextHandler (ContextHandler.java:doStart(781)) - Started o.e.j.w.WebAppContext@119f02d2{/,file:///tmp/jetty-0.0.0.0-42251-hddsDatanode-_-any-5245609741439079169.dir/webapp/,AVAILABLE}{/hddsDatanode}
2019-07-13 22:42:16,184 INFO  server.AbstractConnector (AbstractConnector.java:doStart(278)) - Started ServerConnector@48c584c{HTTP/1.1,[http/1.1]}{0.0.0.0:42251}
2019-07-13 22:42:16,184 INFO  server.Server (Server.java:doStart(419)) - Started @115006ms
2019-07-13 22:42:16,193 INFO  server.BaseHttpServer (BaseHttpServer.java:updateConnectorAddress(207)) - HTTP server of HDDSDATANODE is listening at http://0.0.0.0:42251
2019-07-13 22:42:16,282 INFO  ozone.HddsDatanodeService (HddsDatanodeService.java:startPlugins(396)) - Started plug-in org.apache.hadoop.ozone.web.OzoneHddsDatanodeService@62284954
2019-07-13 22:42:16,282 INFO  ozone.MiniOzoneClusterImpl (MiniOzoneClusterImpl.java:lambda$waitForClusterToBeReady$0(142)) - Waiting for cluster to be ready. Got 0 of 6 DN Heartbeats.
2019-07-13 22:42:16,283 INFO  util.JvmPauseMonitor (JvmPauseMonitor.java:run(188)) - Starting JVM pause monitor
2019-07-13 22:42:16,285 INFO  datanode.InitDatanodeState (InitDatanodeState.java:persistContainerDatanodeDetails(140)) - DatanodeDetails is persisted to /tmp/workdir/hadoop-ozone/integration-test/target/test-dir/MiniOzoneClusterImpl-e61ba2c4-84a8-4661-a250-40acba4e70f7/datanode-5/meta/datanode.id
2019-07-13 22:42:17,080 INFO  ozoneimpl.OzoneContainer (OzoneContainer.java:start(186)) - Attempting to start container services.
2019-07-13 22:42:17,080 INFO  ozoneimpl.OzoneContainer (OzoneContainer.java:startContainerScrub(160)) - Background container scrubber has been disabled by hdds.containerscrub.enabled
2019-07-13 22:42:17,081 INFO  ratis.XceiverServerRatis (XceiverServerRatis.java:start(418)) - Starting XceiverServerRatis 374c33b3-4076-4259-ac54-11950597c629 at port 0
2019-07-13 22:42:17,088 INFO  impl.RaftServerProxy (RaftServerProxy.java:lambda$start$3(299)) - 374c33b3-4076-4259-ac54-11950597c629: start RPC server
2019-07-13 22:42:17,089 INFO  server.GrpcService (GrpcService.java:startImpl(149)) - 374c33b3-4076-4259-ac54-11950597c629: GrpcService started, listening on 0.0.0.0/0.0.0.0:44882
2019-07-13 22:42:17,089 INFO  ratis.XceiverServerRatis (XceiverServerRatis.java:start(428)) - XceiverServerRatis 374c33b3-4076-4259-ac54-11950597c629 is started using port 44882
2019-07-13 22:42:17,090 INFO  server.XceiverServerGrpc (XceiverServerGrpc.java:start(161)) - XceiverServerGrpc 374c33b3-4076-4259-ac54-11950597c629 is started using port 41879
2019-07-13 22:42:17,283 INFO  ozone.MiniOzoneClusterImpl (MiniOzoneClusterImpl.java:lambda$waitForClusterToBeReady$0(142)) - Waiting for cluster to be ready. Got 0 of 6 DN Heartbeats.
2019-07-13 22:42:17,327 INFO  ozoneimpl.OzoneContainer (OzoneContainer.java:start(186)) - Attempting to start container services.
2019-07-13 22:42:17,327 INFO  ozoneimpl.OzoneContainer (OzoneContainer.java:startContainerScrub(160)) - Background container scrubber has been disabled by hdds.containerscrub.enabled
2019-07-13 22:42:17,328 INFO  ratis.XceiverServerRatis (XceiverServerRatis.java:start(418)) - Starting XceiverServerRatis b1a8fa40-2b82-4386-8a5d-7e0772ec64e7 at port 0
2019-07-13 22:42:17,335 INFO  impl.RaftServerProxy (RaftServerProxy.java:lambda$start$3(299)) - b1a8fa40-2b82-4386-8a5d-7e0772ec64e7: start RPC server
2019-07-13 22:42:17,336 INFO  server.GrpcService (GrpcService.java:startImpl(149)) - b1a8fa40-2b82-4386-8a5d-7e0772ec64e7: GrpcService started, listening on 0.0.0.0/0.0.0.0:33429
2019-07-13 22:42:17,336 INFO  ratis.XceiverServerRatis (XceiverServerRatis.java:start(428)) - XceiverServerRatis b1a8fa40-2b82-4386-8a5d-7e0772ec64e7 is started using port 33429
2019-07-13 22:42:17,336 INFO  server.XceiverServerGrpc (XceiverServerGrpc.java:start(161)) - XceiverServerGrpc b1a8fa40-2b82-4386-8a5d-7e0772ec64e7 is started using port 43537
2019-07-13 22:42:17,763 INFO  ozoneimpl.OzoneContainer (OzoneContainer.java:start(186)) - Attempting to start container services.
2019-07-13 22:42:17,764 INFO  ozoneimpl.OzoneContainer (OzoneContainer.java:startContainerScrub(160)) - Background container scrubber has been disabled by hdds.containerscrub.enabled
2019-07-13 22:42:17,764 INFO  ratis.XceiverServerRatis (XceiverServerRatis.java:start(418)) - Starting XceiverServerRatis 558aed7f-a82f-4247-861c-9af63d2a895c at port 0
2019-07-13 22:42:17,771 INFO  impl.RaftServerProxy (RaftServerProxy.java:lambda$start$3(299)) - 558aed7f-a82f-4247-861c-9af63d2a895c: start RPC server
2019-07-13 22:42:17,772 INFO  server.GrpcService (GrpcService.java:startImpl(149)) - 558aed7f-a82f-4247-861c-9af63d2a895c: GrpcService started, listening on 0.0.0.0/0.0.0.0:44152
2019-07-13 22:42:17,773 INFO  ratis.XceiverServerRatis (XceiverServerRatis.java:start(428)) - XceiverServerRatis 558aed7f-a82f-4247-861c-9af63d2a895c is started using port 44152
2019-07-13 22:42:17,785 INFO  server.XceiverServerGrpc (XceiverServerGrpc.java:start(161)) - XceiverServerGrpc 558aed7f-a82f-4247-861c-9af63d2a895c is started using port 33955
2019-07-13 22:42:17,949 INFO  ozoneimpl.OzoneContainer (OzoneContainer.java:start(186)) - Attempting to start container services.
2019-07-13 22:42:17,949 INFO  ozoneimpl.OzoneContainer (OzoneContainer.java:startContainerScrub(160)) - Background container scrubber has been disabled by hdds.containerscrub.enabled
2019-07-13 22:42:17,950 INFO  ratis.XceiverServerRatis (XceiverServerRatis.java:start(418)) - Starting XceiverServerRatis 69f0d879-ae08-4abf-9125-0d740acdb91b at port 0
2019-07-13 22:42:17,957 INFO  impl.RaftServerProxy (RaftServerProxy.java:lambda$start$3(299)) - 69f0d879-ae08-4abf-9125-0d740acdb91b: start RPC server
2019-07-13 22:42:17,958 INFO  server.GrpcService (GrpcService.java:startImpl(149)) - 69f0d879-ae08-4abf-9125-0d740acdb91b: GrpcService started, listening on 0.0.0.0/0.0.0.0:34027
2019-07-13 22:42:17,958 INFO  ratis.XceiverServerRatis (XceiverServerRatis.java:start(428)) - XceiverServerRatis 69f0d879-ae08-4abf-9125-0d740acdb91b is started using port 34027
2019-07-13 22:42:17,959 INFO  server.XceiverServerGrpc (XceiverServerGrpc.java:start(161)) - XceiverServerGrpc 69f0d879-ae08-4abf-9125-0d740acdb91b is started using port 37031
2019-07-13 22:42:18,121 INFO  ozoneimpl.OzoneContainer (OzoneContainer.java:start(186)) - Attempting to start container services.
2019-07-13 22:42:18,122 INFO  ozoneimpl.OzoneContainer (OzoneContainer.java:startContainerScrub(160)) - Background container scrubber has been disabled by hdds.containerscrub.enabled
2019-07-13 22:42:18,122 INFO  ratis.XceiverServerRatis (XceiverServerRatis.java:start(418)) - Starting XceiverServerRatis 3a934782-e929-4493-aafd-6b7b1f7f2551 at port 0
2019-07-13 22:42:18,129 INFO  impl.RaftServerProxy (RaftServerProxy.java:lambda$start$3(299)) - 3a934782-e929-4493-aafd-6b7b1f7f2551: start RPC server
2019-07-13 22:42:18,130 INFO  server.GrpcService (GrpcService.java:startImpl(149)) - 3a934782-e929-4493-aafd-6b7b1f7f2551: GrpcService started, listening on 0.0.0.0/0.0.0.0:34598
2019-07-13 22:42:18,130 INFO  ratis.XceiverServerRatis (XceiverServerRatis.java:start(428)) - XceiverServerRatis 3a934782-e929-4493-aafd-6b7b1f7f2551 is started using port 34598
2019-07-13 22:42:18,131 INFO  server.XceiverServerGrpc (XceiverServerGrpc.java:start(161)) - XceiverServerGrpc 3a934782-e929-4493-aafd-6b7b1f7f2551 is started using port 45786
2019-07-13 22:42:18,283 INFO  ozone.MiniOzoneClusterImpl (MiniOzoneClusterImpl.java:lambda$waitForClusterToBeReady$0(142)) - Waiting for cluster to be ready. Got 0 of 6 DN Heartbeats.
2019-07-13 22:42:18,296 INFO  ozoneimpl.OzoneContainer (OzoneContainer.java:start(186)) - Attempting to start container services.
2019-07-13 22:42:18,296 INFO  ozoneimpl.OzoneContainer (OzoneContainer.java:startContainerScrub(160)) - Background container scrubber has been disabled by hdds.containerscrub.enabled
2019-07-13 22:42:18,297 INFO  ratis.XceiverServerRatis (XceiverServerRatis.java:start(418)) - Starting XceiverServerRatis be1d966f-d6d3-4083-911a-9cf613e6b51b at port 0
2019-07-13 22:42:18,304 INFO  impl.RaftServerProxy (RaftServerProxy.java:lambda$start$3(299)) - be1d966f-d6d3-4083-911a-9cf613e6b51b: start RPC server
2019-07-13 22:42:18,305 INFO  server.GrpcService (GrpcService.java:startImpl(149)) - be1d966f-d6d3-4083-911a-9cf613e6b51b: GrpcService started, listening on 0.0.0.0/0.0.0.0:36762
2019-07-13 22:42:18,305 INFO  ratis.XceiverServerRatis (XceiverServerRatis.java:start(428)) - XceiverServerRatis be1d966f-d6d3-4083-911a-9cf613e6b51b is started using port 36762
2019-07-13 22:42:18,306 INFO  server.XceiverServerGrpc (XceiverServerGrpc.java:start(161)) - XceiverServerGrpc be1d966f-d6d3-4083-911a-9cf613e6b51b is started using port 34357
2019-07-13 22:42:19,021 INFO  net.NetworkTopology (NetworkTopologyImpl.java:add(110)) - Added a new node: /default-rack/192.168.5.159
2019-07-13 22:42:19,040 INFO  node.SCMNodeManager (SCMNodeManager.java:register(269)) - Registered Data node : 374c33b3-4076-4259-ac54-11950597c629{ip: 192.168.5.159, host: trunk-nightly-x8m8d-1534914823, networkLocation: /default-rack, certSerialId: null}
2019-07-13 22:42:19,041 INFO  safemode.SCMSafeModeManager (DataNodeSafeModeRule.java:process(71)) - SCM in safe mode. 1 DataNodes registered, 1 required.
2019-07-13 22:42:19,056 INFO  safemode.SCMSafeModeManager (SCMSafeModeManager.java:validateSafeModeExitRules(177)) - ScmSafeModeManager, all rules are successfully validated
2019-07-13 22:42:19,056 INFO  safemode.SCMSafeModeManager (SCMSafeModeManager.java:exitSafeMode(193)) - SCM exiting safe mode.
2019-07-13 22:42:19,070 INFO  impl.RaftServerProxy (RaftServerProxy.java:addNew(89)) - 374c33b3-4076-4259-ac54-11950597c629: addNew group-4D0D57DAE75A:[374c33b3-4076-4259-ac54-11950597c629:192.168.5.159:44882] returns group-4D0D57DAE75A:java.util.concurrent.CompletableFuture@6dc12d03[Not completed]
2019-07-13 22:42:19,071 INFO  impl.RaftServerImpl (RaftServerImpl.java:<init>(93)) - 374c33b3-4076-4259-ac54-11950597c629: new RaftServerImpl for group-4D0D57DAE75A:[374c33b3-4076-4259-ac54-11950597c629:192.168.5.159:44882] with ContainerStateMachine:uninitialized
2019-07-13 22:42:19,072 INFO  server.RaftServerConfigKeys (ConfUtils.java:logGet(43)) - raft.server.rpc.timeout.min = 5s (custom)
2019-07-13 22:42:19,072 INFO  server.RaftServerConfigKeys (ConfUtils.java:logGet(43)) - raft.server.rpc.timeout.max = 5200ms (custom)
2019-07-13 22:42:19,072 INFO  server.RaftServerConfigKeys (ConfUtils.java:logGet(43)) - raft.server.rpcslowness.timeout = 120s (custom)
2019-07-13 22:42:19,072 INFO  server.RaftServerConfigKeys (ConfUtils.java:logGet(43)) - raft.server.sleep.deviation.threshold = 300 (default)
2019-07-13 22:42:19,072 INFO  server.RaftServerConfigKeys (ConfUtils.java:logGet(43)) - raft.server.log.appender.install.snapshot.enabled = false (custom)
2019-07-13 22:42:19,072 INFO  impl.RaftServerImpl (ServerState.java:<init>(105)) - 374c33b3-4076-4259-ac54-11950597c629:group-4D0D57DAE75A ConfigurationManager, init=-1: [374c33b3-4076-4259-ac54-11950597c629:192.168.5.159:44882], old=null, confs=<EMPTY_MAP>
2019-07-13 22:42:19,073 INFO  server.RaftServerConfigKeys (ConfUtils.java:logGet(43)) - raft.server.storage.dir = [/tmp/workdir/hadoop-ozone/integration-test/target/test-dir/MiniOzoneClusterImpl-e61ba2c4-84a8-4661-a250-40acba4e70f7/datanode-0/data/ratis] (custom)
2019-07-13 22:42:19,073 INFO  storage.RaftStorageDirectory (RaftStorageDirectory.java:analyzeStorage(246)) - The storage directory /tmp/workdir/hadoop-ozone/integration-test/target/test-dir/MiniOzoneClusterImpl-e61ba2c4-84a8-4661-a250-40acba4e70f7/datanode-0/data/ratis/3248380e-46a7-4bd6-a29e-4d0d57dae75a does not exist. Creating ...
2019-07-13 22:42:19,087 INFO  storage.RaftStorageDirectory (RaftStorageDirectory.java:tryLock(328)) - Lock on /tmp/workdir/hadoop-ozone/integration-test/target/test-dir/MiniOzoneClusterImpl-e61ba2c4-84a8-4661-a250-40acba4e70f7/datanode-0/data/ratis/3248380e-46a7-4bd6-a29e-4d0d57dae75a/in_use.lock acquired by nodename 26920@trunk-nightly-x8m8d-1534914823
2019-07-13 22:42:19,091 INFO  storage.RaftStorage (RaftStorage.java:format(72)) - Storage directory /tmp/workdir/hadoop-ozone/integration-test/target/test-dir/MiniOzoneClusterImpl-e61ba2c4-84a8-4661-a250-40acba4e70f7/datanode-0/data/ratis/3248380e-46a7-4bd6-a29e-4d0d57dae75a has been successfully formatted.
2019-07-13 22:42:19,091 INFO  ratis.ContainerStateMachine (ContainerStateMachine.java:loadSnapshot(200)) - The snapshot info is null.Setting the last applied index to:(t:0, i:~)
2019-07-13 22:42:19,091 INFO  server.RaftServerConfigKeys (ConfUtils.java:logGet(43)) - raft.server.leader.election.timeout = 120s (custom)
2019-07-13 22:42:19,091 INFO  server.RaftServerConfigKeys (ConfUtils.java:logGet(43)) - raft.server.log.use.memory = false (default)
2019-07-13 22:42:19,091 INFO  server.RaftServerConfigKeys (ConfUtils.java:logGet(43)) - raft.server.log.purge.gap = 1000000000 (custom)
2019-07-13 22:42:19,091 INFO  server.RaftServerConfigKeys (ConfUtils.java:logGet(43)) - raft.server.log.appender.buffer.byte-limit = 33554432 (custom)
2019-07-13 22:42:19,092 INFO  server.RaftServerConfigKeys (ConfUtils.java:logGet(43)) - raft.server.log.segment.size.max = 1048576 (custom)
2019-07-13 22:42:19,092 INFO  server.RaftServerConfigKeys (ConfUtils.java:logGet(43)) - raft.server.log.segment.cache.num.max = 2 (custom)
2019-07-13 22:42:19,093 INFO  segmented.SegmentedRaftLogWorker (SegmentedRaftLogWorker.java:<init>(172)) - new 374c33b3-4076-4259-ac54-11950597c629-SegmentedRaftLogWorker:Storage Directory /tmp/workdir/hadoop-ozone/integration-test/target/test-dir/MiniOzoneClusterImpl-e61ba2c4-84a8-4661-a250-40acba4e70f7/datanode-0/data/ratis/3248380e-46a7-4bd6-a29e-4d0d57dae75a for RaftStorage:Storage Directory /tmp/workdir/hadoop-ozone/integration-test/target/test-dir/MiniOzoneClusterImpl-e61ba2c4-84a8-4661-a250-40acba4e70f7/datanode-0/data/ratis/3248380e-46a7-4bd6-a29e-4d0d57dae75a
2019-07-13 22:42:19,093 INFO  server.RaftServerConfigKeys (ConfUtils.java:logGet(43)) - raft.server.log.queue.byte-limit = 2147483647 (custom)
2019-07-13 22:42:19,093 INFO  server.RaftServerConfigKeys (ConfUtils.java:logGet(43)) - raft.server.log.queue.element-limit = 1024 (custom)
2019-07-13 22:42:19,093 INFO  server.RaftServerConfigKeys (ConfUtils.java:logGet(43)) - raft.server.log.segment.size.max = 1048576 (custom)
2019-07-13 22:42:19,093 INFO  server.RaftServerConfigKeys (ConfUtils.java:logGet(43)) - raft.server.log.preallocated.size = 16384 (custom)
2019-07-13 22:42:19,093 INFO  server.RaftServerConfigKeys (ConfUtils.java:logGet(43)) - raft.server.log.write.buffer.size = 33554432 (custom)
2019-07-13 22:42:19,094 INFO  server.RaftServerConfigKeys (ConfUtils.java:logGet(43)) - raft.server.log.force.sync.num = 128 (default)
2019-07-13 22:42:19,094 INFO  server.RaftServerConfigKeys (ConfUtils.java:logGet(43)) - raft.server.log.statemachine.data.sync = true (default)
2019-07-13 22:42:19,094 INFO  server.RaftServerConfigKeys (ConfUtils.java:logGet(43)) - raft.server.log.statemachine.data.sync.timeout = 10s (default)
2019-07-13 22:42:19,094 INFO  server.RaftServerConfigKeys (ConfUtils.java:logGet(43)) - raft.server.log.statemachine.data.sync.timeout.retry = -1 (default)
2019-07-13 22:42:19,094 INFO  server.RaftServerConfigKeys (ConfUtils.java:logGet(43)) - raft.server.log.statemachine.data.caching.enabled = true (custom)
2019-07-13 22:42:19,095 INFO  segmented.SegmentedRaftLogWorker (SegmentedRaftLogWorker.java:lambda$new$0(132)) - 374c33b3-4076-4259-ac54-11950597c629-SegmentedRaftLogWorker:Storage Directory /tmp/workdir/hadoop-ozone/integration-test/target/test-dir/MiniOzoneClusterImpl-e61ba2c4-84a8-4661-a250-40acba4e70f7/datanode-0/data/ratis/3248380e-46a7-4bd6-a29e-4d0d57dae75a: flushIndex: setUnconditionally 0 -> -1
2019-07-13 22:42:19,095 INFO  server.RaftServerConfigKeys (ConfUtils.java:logGet(43)) - raft.server.snapshot.auto.trigger.enabled = true (custom)
2019-07-13 22:42:19,095 INFO  server.RaftServerConfigKeys (ConfUtils.java:logGet(43)) - raft.server.snapshot.auto.trigger.threshold = 10000 (custom)
2019-07-13 22:42:19,095 INFO  server.RaftServerConfigKeys (ConfUtils.java:logGet(43)) - raft.server.retrycache.expirytime = 600000ms (custom)
2019-07-13 22:42:19,096 INFO  impl.RaftServerImpl (RaftServerImpl.java:start(180)) - 374c33b3-4076-4259-ac54-11950597c629: start group-4D0D57DAE75A
2019-07-13 22:42:19,096 INFO  impl.RaftServerImpl (RaftServerImpl.java:setRole(171)) - 374c33b3-4076-4259-ac54-11950597c629:group-4D0D57DAE75A changes role from null to FOLLOWER at term 0 for startAsFollower
2019-07-13 22:42:19,096 INFO  impl.RoleInfo (RoleInfo.java:updateAndGet(143)) - 374c33b3-4076-4259-ac54-11950597c629: start FollowerState
2019-07-13 22:42:19,096 INFO  util.JmxRegister (JmxRegister.java:tryRegister(44)) - Successfully registered JMX Bean with object name Ratis:service=RaftServer,group=group-4D0D57DAE75A,id=374c33b3-4076-4259-ac54-11950597c629
2019-07-13 22:42:19,099 INFO  pipeline.PipelineStateManager (PipelineStateManager.java:addPipeline(56)) - Created pipeline Pipeline[ Id: 3248380e-46a7-4bd6-a29e-4d0d57dae75a, Nodes: 374c33b3-4076-4259-ac54-11950597c629{ip: 192.168.5.159, host: trunk-nightly-x8m8d-1534914823, networkLocation: /default-rack, certSerialId: null}, Type:RATIS, Factor:ONE, State:OPEN]
2019-07-13 22:42:19,284 INFO  ozone.MiniOzoneClusterImpl (MiniOzoneClusterImpl.java:lambda$waitForClusterToBeReady$0(142)) - Waiting for cluster to be ready. Got 1 of 6 DN Heartbeats.
2019-07-13 22:42:19,315 INFO  node.SCMNodeManager (SCMNodeManager.java:register(269)) - Registered Data node : b1a8fa40-2b82-4386-8a5d-7e0772ec64e7{ip: 192.168.5.159, host: trunk-nightly-x8m8d-1534914823, networkLocation: /default-rack, certSerialId: null}
2019-07-13 22:42:19,333 INFO  impl.RaftServerProxy (RaftServerProxy.java:addNew(89)) - b1a8fa40-2b82-4386-8a5d-7e0772ec64e7: addNew group-9DE9AFCD6D7B:[b1a8fa40-2b82-4386-8a5d-7e0772ec64e7:192.168.5.159:33429] returns group-9DE9AFCD6D7B:java.util.concurrent.CompletableFuture@38691b88[Not completed]
2019-07-13 22:42:19,334 INFO  impl.RaftServerImpl (RaftServerImpl.java:<init>(93)) - b1a8fa40-2b82-4386-8a5d-7e0772ec64e7: new RaftServerImpl for group-9DE9AFCD6D7B:[b1a8fa40-2b82-4386-8a5d-7e0772ec64e7:192.168.5.159:33429] with ContainerStateMachine:uninitialized
2019-07-13 22:42:19,334 INFO  server.RaftServerConfigKeys (ConfUtils.java:logGet(43)) - raft.server.rpc.timeout.min = 5s (custom)
2019-07-13 22:42:19,334 INFO  server.RaftServerConfigKeys (ConfUtils.java:logGet(43)) - raft.server.rpc.timeout.max = 5200ms (custom)
2019-07-13 22:42:19,334 INFO  server.RaftServerConfigKeys (ConfUtils.java:logGet(43)) - raft.server.rpcslowness.timeout = 120s (custom)
2019-07-13 22:42:19,335 INFO  server.RaftServerConfigKeys (ConfUtils.java:logGet(43)) - raft.server.sleep.deviation.threshold = 300 (default)
2019-07-13 22:42:19,335 INFO  server.RaftServerConfigKeys (ConfUtils.java:logGet(43)) - raft.server.log.appender.install.snapshot.enabled = false (custom)
2019-07-13 22:42:19,335 INFO  impl.RaftServerImpl (ServerState.java:<init>(105)) - b1a8fa40-2b82-4386-8a5d-7e0772ec64e7:group-9DE9AFCD6D7B ConfigurationManager, init=-1: [b1a8fa40-2b82-4386-8a5d-7e0772ec64e7:192.168.5.159:33429], old=null, confs=<EMPTY_MAP>
2019-07-13 22:42:19,335 INFO  server.RaftServerConfigKeys (ConfUtils.java:logGet(43)) - raft.server.storage.dir = [/tmp/workdir/hadoop-ozone/integration-test/target/test-dir/MiniOzoneClusterImpl-e61ba2c4-84a8-4661-a250-40acba4e70f7/datanode-1/data/ratis] (custom)
2019-07-13 22:42:19,336 INFO  storage.RaftStorageDirectory (RaftStorageDirectory.java:analyzeStorage(246)) - The storage directory /tmp/workdir/hadoop-ozone/integration-test/target/test-dir/MiniOzoneClusterImpl-e61ba2c4-84a8-4661-a250-40acba4e70f7/datanode-1/data/ratis/b0cb17e9-eacc-4a9e-8f9d-9de9afcd6d7b does not exist. Creating ...
2019-07-13 22:42:19,361 INFO  storage.RaftStorageDirectory (RaftStorageDirectory.java:tryLock(328)) - Lock on /tmp/workdir/hadoop-ozone/integration-test/target/test-dir/MiniOzoneClusterImpl-e61ba2c4-84a8-4661-a250-40acba4e70f7/datanode-1/data/ratis/b0cb17e9-eacc-4a9e-8f9d-9de9afcd6d7b/in_use.lock acquired by nodename 26920@trunk-nightly-x8m8d-1534914823
2019-07-13 22:42:19,379 INFO  storage.RaftStorage (RaftStorage.java:format(72)) - Storage directory /tmp/workdir/hadoop-ozone/integration-test/target/test-dir/MiniOzoneClusterImpl-e61ba2c4-84a8-4661-a250-40acba4e70f7/datanode-1/data/ratis/b0cb17e9-eacc-4a9e-8f9d-9de9afcd6d7b has been successfully formatted.
2019-07-13 22:42:19,379 INFO  ratis.ContainerStateMachine (ContainerStateMachine.java:loadSnapshot(200)) - The snapshot info is null.Setting the last applied index to:(t:0, i:~)
2019-07-13 22:42:19,380 INFO  server.RaftServerConfigKeys (ConfUtils.java:logGet(43)) - raft.server.leader.election.timeout = 120s (custom)
2019-07-13 22:42:19,380 INFO  server.RaftServerConfigKeys (ConfUtils.java:logGet(43)) - raft.server.log.use.memory = false (default)
2019-07-13 22:42:19,380 INFO  server.RaftServerConfigKeys (ConfUtils.java:logGet(43)) - raft.server.log.purge.gap = 1000000000 (custom)
2019-07-13 22:42:19,380 INFO  server.RaftServerConfigKeys (ConfUtils.java:logGet(43)) - raft.server.log.appender.buffer.byte-limit = 33554432 (custom)
2019-07-13 22:42:19,380 INFO  server.RaftServerConfigKeys (ConfUtils.java:logGet(43)) - raft.server.log.segment.size.max = 1048576 (custom)
2019-07-13 22:42:19,381 INFO  server.RaftServerConfigKeys (ConfUtils.java:logGet(43)) - raft.server.log.segment.cache.num.max = 2 (custom)
2019-07-13 22:42:19,381 INFO  segmented.SegmentedRaftLogWorker (SegmentedRaftLogWorker.java:<init>(172)) - new b1a8fa40-2b82-4386-8a5d-7e0772ec64e7-SegmentedRaftLogWorker:Storage Directory /tmp/workdir/hadoop-ozone/integration-test/target/test-dir/MiniOzoneClusterImpl-e61ba2c4-84a8-4661-a250-40acba4e70f7/datanode-1/data/ratis/b0cb17e9-eacc-4a9e-8f9d-9de9afcd6d7b for RaftStorage:Storage Directory /tmp/workdir/hadoop-ozone/integration-test/target/test-dir/MiniOzoneClusterImpl-e61ba2c4-84a8-4661-a250-40acba4e70f7/datanode-1/data/ratis/b0cb17e9-eacc-4a9e-8f9d-9de9afcd6d7b
2019-07-13 22:42:19,381 INFO  server.RaftServerConfigKeys (ConfUtils.java:logGet(43)) - raft.server.log.queue.byte-limit = 2147483647 (custom)
2019-07-13 22:42:19,381 INFO  server.RaftServerConfigKeys (ConfUtils.java:logGet(43)) - raft.server.log.queue.element-limit = 1024 (custom)
2019-07-13 22:42:19,381 INFO  server.RaftServerConfigKeys (ConfUtils.java:logGet(43)) - raft.server.log.segment.size.max = 1048576 (custom)
2019-07-13 22:42:19,382 INFO  server.RaftServerConfigKeys (ConfUtils.java:logGet(43)) - raft.server.log.preallocated.size = 16384 (custom)
2019-07-13 22:42:19,382 INFO  server.RaftServerConfigKeys (ConfUtils.java:logGet(43)) - raft.server.log.write.buffer.size = 33554432 (custom)
2019-07-13 22:42:19,382 INFO  server.RaftServerConfigKeys (ConfUtils.java:logGet(43)) - raft.server.log.force.sync.num = 128 (default)
2019-07-13 22:42:19,382 INFO  server.RaftServerConfigKeys (ConfUtils.java:logGet(43)) - raft.server.log.statemachine.data.sync = true (default)
2019-07-13 22:42:19,382 INFO  server.RaftServerConfigKeys (ConfUtils.java:logGet(43)) - raft.server.log.statemachine.data.sync.timeout = 10s (default)
2019-07-13 22:42:19,382 INFO  server.RaftServerConfigKeys (ConfUtils.java:logGet(43)) - raft.server.log.statemachine.data.sync.timeout.retry = -1 (default)
2019-07-13 22:42:19,383 INFO  server.RaftServerConfigKeys (ConfUtils.java:logGet(43)) - raft.server.log.statemachine.data.caching.enabled = true (custom)
2019-07-13 22:42:19,383 INFO  segmented.SegmentedRaftLogWorker (SegmentedRaftLogWorker.java:lambda$new$0(132)) - b1a8fa40-2b82-4386-8a5d-7e0772ec64e7-SegmentedRaftLogWorker:Storage Directory /tmp/workdir/hadoop-ozone/integration-test/target/test-dir/MiniOzoneClusterImpl-e61ba2c4-84a8-4661-a250-40acba4e70f7/datanode-1/data/ratis/b0cb17e9-eacc-4a9e-8f9d-9de9afcd6d7b: flushIndex: setUnconditionally 0 -> -1
2019-07-13 22:42:19,383 INFO  server.RaftServerConfigKeys (ConfUtils.java:logGet(43)) - raft.server.snapshot.auto.trigger.enabled = true (custom)
2019-07-13 22:42:19,384 INFO  server.RaftServerConfigKeys (ConfUtils.java:logGet(43)) - raft.server.snapshot.auto.trigger.threshold = 10000 (custom)
2019-07-13 22:42:19,384 INFO  server.RaftServerConfigKeys (ConfUtils.java:logGet(43)) - raft.server.retrycache.expirytime = 600000ms (custom)
2019-07-13 22:42:19,384 INFO  impl.RaftServerImpl (RaftServerImpl.java:start(180)) - b1a8fa40-2b82-4386-8a5d-7e0772ec64e7: start group-9DE9AFCD6D7B
2019-07-13 22:42:19,384 INFO  impl.RaftServerImpl (RaftServerImpl.java:setRole(171)) - b1a8fa40-2b82-4386-8a5d-7e0772ec64e7:group-9DE9AFCD6D7B changes role from null to FOLLOWER at term 0 for startAsFollower
2019-07-13 22:42:19,384 INFO  impl.RoleInfo (RoleInfo.java:updateAndGet(143)) - b1a8fa40-2b82-4386-8a5d-7e0772ec64e7: start FollowerState
2019-07-13 22:42:19,385 INFO  util.JmxRegister (JmxRegister.java:tryRegister(44)) - Successfully registered JMX Bean with object name Ratis:service=RaftServer,group=group-9DE9AFCD6D7B,id=b1a8fa40-2b82-4386-8a5d-7e0772ec64e7
2019-07-13 22:42:19,388 INFO  pipeline.PipelineStateManager (PipelineStateManager.java:addPipeline(56)) - Created pipeline Pipeline[ Id: b0cb17e9-eacc-4a9e-8f9d-9de9afcd6d7b, Nodes: b1a8fa40-2b82-4386-8a5d-7e0772ec64e7{ip: 192.168.5.159, host: trunk-nightly-x8m8d-1534914823, networkLocation: /default-rack, certSerialId: null}, Type:RATIS, Factor:ONE, State:OPEN]
2019-07-13 22:42:19,750 INFO  node.SCMNodeManager (SCMNodeManager.java:register(269)) - Registered Data node : 558aed7f-a82f-4247-861c-9af63d2a895c{ip: 192.168.5.159, host: trunk-nightly-x8m8d-1534914823, networkLocation: /default-rack, certSerialId: null}
2019-07-13 22:42:19,768 INFO  impl.RaftServerProxy (RaftServerProxy.java:addNew(89)) - 558aed7f-a82f-4247-861c-9af63d2a895c: addNew group-74F6AC9CA46C:[558aed7f-a82f-4247-861c-9af63d2a895c:192.168.5.159:44152] returns group-74F6AC9CA46C:java.util.concurrent.CompletableFuture@716cdc0e[Not completed]
2019-07-13 22:42:19,771 INFO  impl.RaftServerImpl (RaftServerImpl.java:<init>(93)) - 558aed7f-a82f-4247-861c-9af63d2a895c: new RaftServerImpl for group-74F6AC9CA46C:[558aed7f-a82f-4247-861c-9af63d2a895c:192.168.5.159:44152] with ContainerStateMachine:uninitialized
2019-07-13 22:42:19,771 INFO  server.RaftServerConfigKeys (ConfUtils.java:logGet(43)) - raft.server.rpc.timeout.min = 5s (custom)
2019-07-13 22:42:19,771 INFO  server.RaftServerConfigKeys (ConfUtils.java:logGet(43)) - raft.server.rpc.timeout.max = 5200ms (custom)
2019-07-13 22:42:19,771 INFO  server.RaftServerConfigKeys (ConfUtils.java:logGet(43)) - raft.server.rpcslowness.timeout = 120s (custom)
2019-07-13 22:42:19,771 INFO  server.RaftServerConfigKeys (ConfUtils.java:logGet(43)) - raft.server.sleep.deviation.threshold = 300 (default)
2019-07-13 22:42:19,772 INFO  server.RaftServerConfigKeys (ConfUtils.java:logGet(43)) - raft.server.log.appender.install.snapshot.enabled = false (custom)
2019-07-13 22:42:19,772 INFO  impl.RaftServerImpl (ServerState.java:<init>(105)) - 558aed7f-a82f-4247-861c-9af63d2a895c:group-74F6AC9CA46C ConfigurationManager, init=-1: [558aed7f-a82f-4247-861c-9af63d2a895c:192.168.5.159:44152], old=null, confs=<EMPTY_MAP>
2019-07-13 22:42:19,772 INFO  server.RaftServerConfigKeys (ConfUtils.java:logGet(43)) - raft.server.storage.dir = [/tmp/workdir/hadoop-ozone/integration-test/target/test-dir/MiniOzoneClusterImpl-e61ba2c4-84a8-4661-a250-40acba4e70f7/datanode-2/data/ratis] (custom)
2019-07-13 22:42:19,772 INFO  storage.RaftStorageDirectory (RaftStorageDirectory.java:analyzeStorage(246)) - The storage directory /tmp/workdir/hadoop-ozone/integration-test/target/test-dir/MiniOzoneClusterImpl-e61ba2c4-84a8-4661-a250-40acba4e70f7/datanode-2/data/ratis/9f6cf11a-ea7f-4966-a421-74f6ac9ca46c does not exist. Creating ...
2019-07-13 22:42:19,777 INFO  storage.RaftStorageDirectory (RaftStorageDirectory.java:tryLock(328)) - Lock on /tmp/workdir/hadoop-ozone/integration-test/target/test-dir/MiniOzoneClusterImpl-e61ba2c4-84a8-4661-a250-40acba4e70f7/datanode-2/data/ratis/9f6cf11a-ea7f-4966-a421-74f6ac9ca46c/in_use.lock acquired by nodename 26920@trunk-nightly-x8m8d-1534914823
2019-07-13 22:42:19,780 INFO  storage.RaftStorage (RaftStorage.java:format(72)) - Storage directory /tmp/workdir/hadoop-ozone/integration-test/target/test-dir/MiniOzoneClusterImpl-e61ba2c4-84a8-4661-a250-40acba4e70f7/datanode-2/data/ratis/9f6cf11a-ea7f-4966-a421-74f6ac9ca46c has been successfully formatted.
2019-07-13 22:42:19,781 INFO  ratis.ContainerStateMachine (ContainerStateMachine.java:loadSnapshot(200)) - The snapshot info is null.Setting the last applied index to:(t:0, i:~)
2019-07-13 22:42:19,781 INFO  server.RaftServerConfigKeys (ConfUtils.java:logGet(43)) - raft.server.leader.election.timeout = 120s (custom)
2019-07-13 22:42:19,781 INFO  server.RaftServerConfigKeys (ConfUtils.java:logGet(43)) - raft.server.log.use.memory = false (default)
2019-07-13 22:42:19,781 INFO  server.RaftServerConfigKeys (ConfUtils.java:logGet(43)) - raft.server.log.purge.gap = 1000000000 (custom)
2019-07-13 22:42:19,781 INFO  server.RaftServerConfigKeys (ConfUtils.java:logGet(43)) - raft.server.log.appender.buffer.byte-limit = 33554432 (custom)
2019-07-13 22:42:19,781 INFO  server.RaftServerConfigKeys (ConfUtils.java:logGet(43)) - raft.server.log.segment.size.max = 1048576 (custom)
2019-07-13 22:42:19,782 INFO  server.RaftServerConfigKeys (ConfUtils.java:logGet(43)) - raft.server.log.segment.cache.num.max = 2 (custom)
2019-07-13 22:42:19,782 INFO  segmented.SegmentedRaftLogWorker (SegmentedRaftLogWorker.java:<init>(172)) - new 558aed7f-a82f-4247-861c-9af63d2a895c-SegmentedRaftLogWorker:Storage Directory /tmp/workdir/hadoop-ozone/integration-test/target/test-dir/MiniOzoneClusterImpl-e61ba2c4-84a8-4661-a250-40acba4e70f7/datanode-2/data/ratis/9f6cf11a-ea7f-4966-a421-74f6ac9ca46c for RaftStorage:Storage Directory /tmp/workdir/hadoop-ozone/integration-test/target/test-dir/MiniOzoneClusterImpl-e61ba2c4-84a8-4661-a250-40acba4e70f7/datanode-2/data/ratis/9f6cf11a-ea7f-4966-a421-74f6ac9ca46c
2019-07-13 22:42:19,782 INFO  server.RaftServerConfigKeys (ConfUtils.java:logGet(43)) - raft.server.log.queue.byte-limit = 2147483647 (custom)
2019-07-13 22:42:19,782 INFO  server.RaftServerConfigKeys (ConfUtils.java:logGet(43)) - raft.server.log.queue.element-limit = 1024 (custom)
2019-07-13 22:42:19,782 INFO  server.RaftServerConfigKeys (ConfUtils.java:logGet(43)) - raft.server.log.segment.size.max = 1048576 (custom)
2019-07-13 22:42:19,782 INFO  server.RaftServerConfigKeys (ConfUtils.java:logGet(43)) - raft.server.log.preallocated.size = 16384 (custom)
2019-07-13 22:42:19,783 INFO  server.RaftServerConfigKeys (ConfUtils.java:logGet(43)) - raft.server.log.write.buffer.size = 33554432 (custom)
2019-07-13 22:42:19,783 INFO  server.RaftServerConfigKeys (ConfUtils.java:logGet(43)) - raft.server.log.force.sync.num = 128 (default)
2019-07-13 22:42:19,783 INFO  server.RaftServerConfigKeys (ConfUtils.java:logGet(43)) - raft.server.log.statemachine.data.sync = true (default)
2019-07-13 22:42:19,783 INFO  server.RaftServerConfigKeys (ConfUtils.java:logGet(43)) - raft.server.log.statemachine.data.sync.timeout = 10s (default)
2019-07-13 22:42:19,783 INFO  server.RaftServerConfigKeys (ConfUtils.java:logGet(43)) - raft.server.log.statemachine.data.sync.timeout.retry = -1 (default)
2019-07-13 22:42:19,783 INFO  server.RaftServerConfigKeys (ConfUtils.java:logGet(43)) - raft.server.log.statemachine.data.caching.enabled = true (custom)
2019-07-13 22:42:19,784 INFO  segmented.SegmentedRaftLogWorker (SegmentedRaftLogWorker.java:lambda$new$0(132)) - 558aed7f-a82f-4247-861c-9af63d2a895c-SegmentedRaftLogWorker:Storage Directory /tmp/workdir/hadoop-ozone/integration-test/target/test-dir/MiniOzoneClusterImpl-e61ba2c4-84a8-4661-a250-40acba4e70f7/datanode-2/data/ratis/9f6cf11a-ea7f-4966-a421-74f6ac9ca46c: flushIndex: setUnconditionally 0 -> -1
2019-07-13 22:42:19,784 INFO  server.RaftServerConfigKeys (ConfUtils.java:logGet(43)) - raft.server.snapshot.auto.trigger.enabled = true (custom)
2019-07-13 22:42:19,784 INFO  server.RaftServerConfigKeys (ConfUtils.java:logGet(43)) - raft.server.snapshot.auto.trigger.threshold = 10000 (custom)
2019-07-13 22:42:19,784 INFO  server.RaftServerConfigKeys (ConfUtils.java:logGet(43)) - raft.server.retrycache.expirytime = 600000ms (custom)
2019-07-13 22:42:19,785 INFO  impl.RaftServerImpl (RaftServerImpl.java:start(180)) - 558aed7f-a82f-4247-861c-9af63d2a895c: start group-74F6AC9CA46C
2019-07-13 22:42:19,785 INFO  impl.RaftServerImpl (RaftServerImpl.java:setRole(171)) - 558aed7f-a82f-4247-861c-9af63d2a895c:group-74F6AC9CA46C changes role from null to FOLLOWER at term 0 for startAsFollower
2019-07-13 22:42:19,785 INFO  impl.RoleInfo (RoleInfo.java:updateAndGet(143)) - 558aed7f-a82f-4247-861c-9af63d2a895c: start FollowerState
2019-07-13 22:42:19,785 INFO  util.JmxRegister (JmxRegister.java:tryRegister(44)) - Successfully registered JMX Bean with object name Ratis:service=RaftServer,group=group-74F6AC9CA46C,id=558aed7f-a82f-4247-861c-9af63d2a895c
2019-07-13 22:42:19,788 INFO  pipeline.PipelineStateManager (PipelineStateManager.java:addPipeline(56)) - Created pipeline Pipeline[ Id: 9f6cf11a-ea7f-4966-a421-74f6ac9ca46c, Nodes: 558aed7f-a82f-4247-861c-9af63d2a895c{ip: 192.168.5.159, host: trunk-nightly-x8m8d-1534914823, networkLocation: /default-rack, certSerialId: null}, Type:RATIS, Factor:ONE, State:OPEN]
2019-07-13 22:42:19,883 INFO  impl.RaftServerProxy (RaftServerProxy.java:addNew(89)) - 374c33b3-4076-4259-ac54-11950597c629: addNew group-6C1CA62ECE3B:[b1a8fa40-2b82-4386-8a5d-7e0772ec64e7:192.168.5.159:33429, 558aed7f-a82f-4247-861c-9af63d2a895c:192.168.5.159:44152, 374c33b3-4076-4259-ac54-11950597c629:192.168.5.159:44882] returns group-6C1CA62ECE3B:java.util.concurrent.CompletableFuture@45e72dc3[Not completed]
2019-07-13 22:42:19,883 INFO  impl.RaftServerProxy (RaftServerProxy.java:addNew(89)) - 558aed7f-a82f-4247-861c-9af63d2a895c: addNew group-6C1CA62ECE3B:[b1a8fa40-2b82-4386-8a5d-7e0772ec64e7:192.168.5.159:33429, 558aed7f-a82f-4247-861c-9af63d2a895c:192.168.5.159:44152, 374c33b3-4076-4259-ac54-11950597c629:192.168.5.159:44882] returns group-6C1CA62ECE3B:java.util.concurrent.CompletableFuture@2b1712d1[Not completed]
2019-07-13 22:42:19,883 INFO  impl.RaftServerProxy (RaftServerProxy.java:addNew(89)) - b1a8fa40-2b82-4386-8a5d-7e0772ec64e7: addNew group-6C1CA62ECE3B:[b1a8fa40-2b82-4386-8a5d-7e0772ec64e7:192.168.5.159:33429, 558aed7f-a82f-4247-861c-9af63d2a895c:192.168.5.159:44152, 374c33b3-4076-4259-ac54-11950597c629:192.168.5.159:44882] returns group-6C1CA62ECE3B:java.util.concurrent.CompletableFuture@79f0056e[Not completed]
2019-07-13 22:42:19,884 INFO  impl.RaftServerImpl (RaftServerImpl.java:<init>(93)) - 374c33b3-4076-4259-ac54-11950597c629: new RaftServerImpl for group-6C1CA62ECE3B:[b1a8fa40-2b82-4386-8a5d-7e0772ec64e7:192.168.5.159:33429, 558aed7f-a82f-4247-861c-9af63d2a895c:192.168.5.159:44152, 374c33b3-4076-4259-ac54-11950597c629:192.168.5.159:44882] with ContainerStateMachine:uninitialized
2019-07-13 22:42:19,884 INFO  server.RaftServerConfigKeys (ConfUtils.java:logGet(43)) - raft.server.rpc.timeout.min = 5s (custom)
2019-07-13 22:42:19,884 INFO  server.RaftServerConfigKeys (ConfUtils.java:logGet(43)) - raft.server.rpc.timeout.max = 5200ms (custom)
2019-07-13 22:42:19,884 INFO  impl.RaftServerImpl (RaftServerImpl.java:<init>(93)) - b1a8fa40-2b82-4386-8a5d-7e0772ec64e7: new RaftServerImpl for group-6C1CA62ECE3B:[b1a8fa40-2b82-4386-8a5d-7e0772ec64e7:192.168.5.159:33429, 558aed7f-a82f-4247-861c-9af63d2a895c:192.168.5.159:44152, 374c33b3-4076-4259-ac54-11950597c629:192.168.5.159:44882] with ContainerStateMachine:uninitialized
2019-07-13 22:42:19,884 INFO  server.RaftServerConfigKeys (ConfUtils.java:logGet(43)) - raft.server.rpcslowness.timeout = 120s (custom)
2019-07-13 22:42:19,885 INFO  server.RaftServerConfigKeys (ConfUtils.java:logGet(43)) - raft.server.rpc.timeout.min = 5s (custom)
2019-07-13 22:42:19,885 INFO  impl.RaftServerImpl (RaftServerImpl.java:<init>(93)) - 558aed7f-a82f-4247-861c-9af63d2a895c: new RaftServerImpl for group-6C1CA62ECE3B:[b1a8fa40-2b82-4386-8a5d-7e0772ec64e7:192.168.5.159:33429, 558aed7f-a82f-4247-861c-9af63d2a895c:192.168.5.159:44152, 374c33b3-4076-4259-ac54-11950597c629:192.168.5.159:44882] with ContainerStateMachine:uninitialized
2019-07-13 22:42:19,885 INFO  server.RaftServerConfigKeys (ConfUtils.java:logGet(43)) - raft.server.sleep.deviation.threshold = 300 (default)
2019-07-13 22:42:19,885 INFO  server.RaftServerConfigKeys (ConfUtils.java:logGet(43)) - raft.server.rpc.timeout.min = 5s (custom)
2019-07-13 22:42:19,885 INFO  server.RaftServerConfigKeys (ConfUtils.java:logGet(43)) - raft.server.rpc.timeout.max = 5200ms (custom)
2019-07-13 22:42:19,885 INFO  server.RaftServerConfigKeys (ConfUtils.java:logGet(43)) - raft.server.rpc.timeout.max = 5200ms (custom)
2019-07-13 22:42:19,885 INFO  server.RaftServerConfigKeys (ConfUtils.java:logGet(43)) - raft.server.rpcslowness.timeout = 120s (custom)
2019-07-13 22:42:19,886 INFO  server.RaftServerConfigKeys (ConfUtils.java:logGet(43)) - raft.server.sleep.deviation.threshold = 300 (default)
2019-07-13 22:42:19,885 INFO  server.RaftServerConfigKeys (ConfUtils.java:logGet(43)) - raft.server.log.appender.install.snapshot.enabled = false (custom)
2019-07-13 22:42:19,886 INFO  server.RaftServerConfigKeys (ConfUtils.java:logGet(43)) - raft.server.log.appender.install.snapshot.enabled = false (custom)
2019-07-13 22:42:19,885 INFO  server.RaftServerConfigKeys (ConfUtils.java:logGet(43)) - raft.server.rpcslowness.timeout = 120s (custom)
2019-07-13 22:42:19,886 INFO  impl.RaftServerImpl (ServerState.java:<init>(105)) - 558aed7f-a82f-4247-861c-9af63d2a895c:group-6C1CA62ECE3B ConfigurationManager, init=-1: [b1a8fa40-2b82-4386-8a5d-7e0772ec64e7:192.168.5.159:33429, 558aed7f-a82f-4247-861c-9af63d2a895c:192.168.5.159:44152, 374c33b3-4076-4259-ac54-11950597c629:192.168.5.159:44882], old=null, confs=<EMPTY_MAP>
2019-07-13 22:42:19,886 INFO  impl.RaftServerImpl (ServerState.java:<init>(105)) - 374c33b3-4076-4259-ac54-11950597c629:group-6C1CA62ECE3B ConfigurationManager, init=-1: [b1a8fa40-2b82-4386-8a5d-7e0772ec64e7:192.168.5.159:33429, 558aed7f-a82f-4247-861c-9af63d2a895c:192.168.5.159:44152, 374c33b3-4076-4259-ac54-11950597c629:192.168.5.159:44882], old=null, confs=<EMPTY_MAP>
2019-07-13 22:42:19,886 INFO  server.RaftServerConfigKeys (ConfUtils.java:logGet(43)) - raft.server.storage.dir = [/tmp/workdir/hadoop-ozone/integration-test/target/test-dir/MiniOzoneClusterImpl-e61ba2c4-84a8-4661-a250-40acba4e70f7/datanode-2/data/ratis] (custom)
2019-07-13 22:42:19,886 INFO  server.RaftServerConfigKeys (ConfUtils.java:logGet(43)) - raft.server.sleep.deviation.threshold = 300 (default)
2019-07-13 22:42:19,886 INFO  server.RaftServerConfigKeys (ConfUtils.java:logGet(43)) - raft.server.storage.dir = [/tmp/workdir/hadoop-ozone/integration-test/target/test-dir/MiniOzoneClusterImpl-e61ba2c4-84a8-4661-a250-40acba4e70f7/datanode-0/data/ratis] (custom)
2019-07-13 22:42:19,887 INFO  storage.RaftStorageDirectory (RaftStorageDirectory.java:analyzeStorage(246)) - The storage directory /tmp/workdir/hadoop-ozone/integration-test/target/test-dir/MiniOzoneClusterImpl-e61ba2c4-84a8-4661-a250-40acba4e70f7/datanode-2/data/ratis/8a9cccda-471a-4d9d-9695-6c1ca62ece3b does not exist. Creating ...
2019-07-13 22:42:19,887 INFO  server.RaftServerConfigKeys (ConfUtils.java:logGet(43)) - raft.server.log.appender.install.snapshot.enabled = false (custom)
2019-07-13 22:42:19,887 INFO  storage.RaftStorageDirectory (RaftStorageDirectory.java:analyzeStorage(246)) - The storage directory /tmp/workdir/hadoop-ozone/integration-test/target/test-dir/MiniOzoneClusterImpl-e61ba2c4-84a8-4661-a250-40acba4e70f7/datanode-0/data/ratis/8a9cccda-471a-4d9d-9695-6c1ca62ece3b does not exist. Creating ...
2019-07-13 22:42:19,887 INFO  impl.RaftServerImpl (ServerState.java:<init>(105)) - b1a8fa40-2b82-4386-8a5d-7e0772ec64e7:group-6C1CA62ECE3B ConfigurationManager, init=-1: [b1a8fa40-2b82-4386-8a5d-7e0772ec64e7:192.168.5.159:33429, 558aed7f-a82f-4247-861c-9af63d2a895c:192.168.5.159:44152, 374c33b3-4076-4259-ac54-11950597c629:192.168.5.159:44882], old=null, confs=<EMPTY_MAP>
2019-07-13 22:42:19,887 INFO  server.RaftServerConfigKeys (ConfUtils.java:logGet(43)) - raft.server.storage.dir = [/tmp/workdir/hadoop-ozone/integration-test/target/test-dir/MiniOzoneClusterImpl-e61ba2c4-84a8-4661-a250-40acba4e70f7/datanode-1/data/ratis] (custom)
2019-07-13 22:42:19,888 INFO  storage.RaftStorageDirectory (RaftStorageDirectory.java:analyzeStorage(246)) - The storage directory /tmp/workdir/hadoop-ozone/integration-test/target/test-dir/MiniOzoneClusterImpl-e61ba2c4-84a8-4661-a250-40acba4e70f7/datanode-1/data/ratis/8a9cccda-471a-4d9d-9695-6c1ca62ece3b does not exist. Creating ...
2019-07-13 22:42:19,899 INFO  storage.RaftStorageDirectory (RaftStorageDirectory.java:tryLock(328)) - Lock on /tmp/workdir/hadoop-ozone/integration-test/target/test-dir/MiniOzoneClusterImpl-e61ba2c4-84a8-4661-a250-40acba4e70f7/datanode-2/data/ratis/8a9cccda-471a-4d9d-9695-6c1ca62ece3b/in_use.lock acquired by nodename 26920@trunk-nightly-x8m8d-1534914823
2019-07-13 22:42:19,899 INFO  storage.RaftStorageDirectory (RaftStorageDirectory.java:tryLock(328)) - Lock on /tmp/workdir/hadoop-ozone/integration-test/target/test-dir/MiniOzoneClusterImpl-e61ba2c4-84a8-4661-a250-40acba4e70f7/datanode-1/data/ratis/8a9cccda-471a-4d9d-9695-6c1ca62ece3b/in_use.lock acquired by nodename 26920@trunk-nightly-x8m8d-1534914823
2019-07-13 22:42:19,899 INFO  storage.RaftStorageDirectory (RaftStorageDirectory.java:tryLock(328)) - Lock on /tmp/workdir/hadoop-ozone/integration-test/target/test-dir/MiniOzoneClusterImpl-e61ba2c4-84a8-4661-a250-40acba4e70f7/datanode-0/data/ratis/8a9cccda-471a-4d9d-9695-6c1ca62ece3b/in_use.lock acquired by nodename 26920@trunk-nightly-x8m8d-1534914823
2019-07-13 22:42:19,905 INFO  storage.RaftStorage (RaftStorage.java:format(72)) - Storage directory /tmp/workdir/hadoop-ozone/integration-test/target/test-dir/MiniOzoneClusterImpl-e61ba2c4-84a8-4661-a250-40acba4e70f7/datanode-2/data/ratis/8a9cccda-471a-4d9d-9695-6c1ca62ece3b has been successfully formatted.
2019-07-13 22:42:19,905 INFO  storage.RaftStorage (RaftStorage.java:format(72)) - Storage directory /tmp/workdir/hadoop-ozone/integration-test/target/test-dir/MiniOzoneClusterImpl-e61ba2c4-84a8-4661-a250-40acba4e70f7/datanode-0/data/ratis/8a9cccda-471a-4d9d-9695-6c1ca62ece3b has been successfully formatted.
2019-07-13 22:42:19,905 INFO  ratis.ContainerStateMachine (ContainerStateMachine.java:loadSnapshot(200)) - The snapshot info is null.Setting the last applied index to:(t:0, i:~)
2019-07-13 22:42:19,905 INFO  storage.RaftStorage (RaftStorage.java:format(72)) - Storage directory /tmp/workdir/hadoop-ozone/integration-test/target/test-dir/MiniOzoneClusterImpl-e61ba2c4-84a8-4661-a250-40acba4e70f7/datanode-1/data/ratis/8a9cccda-471a-4d9d-9695-6c1ca62ece3b has been successfully formatted.
2019-07-13 22:42:19,905 INFO  server.RaftServerConfigKeys (ConfUtils.java:logGet(43)) - raft.server.leader.election.timeout = 120s (custom)
2019-07-13 22:42:19,906 INFO  server.RaftServerConfigKeys (ConfUtils.java:logGet(43)) - raft.server.log.use.memory = false (default)
2019-07-13 22:42:19,905 INFO  ratis.ContainerStateMachine (ContainerStateMachine.java:loadSnapshot(200)) - The snapshot info is null.Setting the last applied index to:(t:0, i:~)
2019-07-13 22:42:19,906 INFO  server.RaftServerConfigKeys (ConfUtils.java:logGet(43)) - raft.server.log.purge.gap = 1000000000 (custom)
2019-07-13 22:42:19,906 INFO  ratis.ContainerStateMachine (ContainerStateMachine.java:loadSnapshot(200)) - The snapshot info is null.Setting the last applied index to:(t:0, i:~)
2019-07-13 22:42:19,906 INFO  server.RaftServerConfigKeys (ConfUtils.java:logGet(43)) - raft.server.log.appender.buffer.byte-limit = 33554432 (custom)
2019-07-13 22:42:19,906 INFO  server.RaftServerConfigKeys (ConfUtils.java:logGet(43)) - raft.server.leader.election.timeout = 120s (custom)
2019-07-13 22:42:19,906 INFO  server.RaftServerConfigKeys (ConfUtils.java:logGet(43)) - raft.server.log.segment.size.max = 1048576 (custom)
2019-07-13 22:42:19,906 INFO  server.RaftServerConfigKeys (ConfUtils.java:logGet(43)) - raft.server.leader.election.timeout = 120s (custom)
2019-07-13 22:42:19,907 INFO  server.RaftServerConfigKeys (ConfUtils.java:logGet(43)) - raft.server.log.segment.cache.num.max = 2 (custom)
2019-07-13 22:42:19,907 INFO  server.RaftServerConfigKeys (ConfUtils.java:logGet(43)) - raft.server.log.use.memory = false (default)
2019-07-13 22:42:19,907 INFO  segmented.SegmentedRaftLogWorker (SegmentedRaftLogWorker.java:<init>(172)) - new 558aed7f-a82f-4247-861c-9af63d2a895c-SegmentedRaftLogWorker:Storage Directory /tmp/workdir/hadoop-ozone/integration-test/target/test-dir/MiniOzoneClusterImpl-e61ba2c4-84a8-4661-a250-40acba4e70f7/datanode-2/data/ratis/8a9cccda-471a-4d9d-9695-6c1ca62ece3b for RaftStorage:Storage Directory /tmp/workdir/hadoop-ozone/integration-test/target/test-dir/MiniOzoneClusterImpl-e61ba2c4-84a8-4661-a250-40acba4e70f7/datanode-2/data/ratis/8a9cccda-471a-4d9d-9695-6c1ca62ece3b
2019-07-13 22:42:19,907 INFO  server.RaftServerConfigKeys (ConfUtils.java:logGet(43)) - raft.server.log.use.memory = false (default)
2019-07-13 22:42:19,907 INFO  server.RaftServerConfigKeys (ConfUtils.java:logGet(43)) - raft.server.log.queue.byte-limit = 2147483647 (custom)
2019-07-13 22:42:19,907 INFO  server.RaftServerConfigKeys (ConfUtils.java:logGet(43)) - raft.server.log.queue.element-limit = 1024 (custom)
2019-07-13 22:42:19,907 INFO  server.RaftServerConfigKeys (ConfUtils.java:logGet(43)) - raft.server.log.purge.gap = 1000000000 (custom)
2019-07-13 22:42:19,908 INFO  server.RaftServerConfigKeys (ConfUtils.java:logGet(43)) - raft.server.log.segment.size.max = 1048576 (custom)
2019-07-13 22:42:19,907 INFO  server.RaftServerConfigKeys (ConfUtils.java:logGet(43)) - raft.server.log.purge.gap = 1000000000 (custom)
2019-07-13 22:42:19,908 INFO  server.RaftServerConfigKeys (ConfUtils.java:logGet(43)) - raft.server.log.preallocated.size = 16384 (custom)
2019-07-13 22:42:19,908 INFO  server.RaftServerConfigKeys (ConfUtils.java:logGet(43)) - raft.server.log.appender.buffer.byte-limit = 33554432 (custom)
2019-07-13 22:42:19,908 INFO  server.RaftServerConfigKeys (ConfUtils.java:logGet(43)) - raft.server.log.write.buffer.size = 33554432 (custom)
2019-07-13 22:42:19,908 INFO  server.RaftServerConfigKeys (ConfUtils.java:logGet(43)) - raft.server.log.force.sync.num = 128 (default)
2019-07-13 22:42:19,908 INFO  server.RaftServerConfigKeys (ConfUtils.java:logGet(43)) - raft.server.log.appender.buffer.byte-limit = 33554432 (custom)
2019-07-13 22:42:19,909 INFO  server.RaftServerConfigKeys (ConfUtils.java:logGet(43)) - raft.server.log.statemachine.data.sync = true (default)
2019-07-13 22:42:19,908 INFO  server.RaftServerConfigKeys (ConfUtils.java:logGet(43)) - raft.server.log.segment.size.max = 1048576 (custom)
2019-07-13 22:42:19,909 INFO  server.RaftServerConfigKeys (ConfUtils.java:logGet(43)) - raft.server.log.statemachine.data.sync.timeout = 10s (default)
2019-07-13 22:42:19,909 INFO  server.RaftServerConfigKeys (ConfUtils.java:logGet(43)) - raft.server.log.segment.size.max = 1048576 (custom)
2019-07-13 22:42:19,909 INFO  server.RaftServerConfigKeys (ConfUtils.java:logGet(43)) - raft.server.log.statemachine.data.sync.timeout.retry = -1 (default)
2019-07-13 22:42:19,909 INFO  server.RaftServerConfigKeys (ConfUtils.java:logGet(43)) - raft.server.log.segment.cache.num.max = 2 (custom)
2019-07-13 22:42:19,910 INFO  server.RaftServerConfigKeys (ConfUtils.java:logGet(43)) - raft.server.log.statemachine.data.caching.enabled = true (custom)
2019-07-13 22:42:19,909 INFO  server.RaftServerConfigKeys (ConfUtils.java:logGet(43)) - raft.server.log.segment.cache.num.max = 2 (custom)
2019-07-13 22:42:19,910 INFO  segmented.SegmentedRaftLogWorker (SegmentedRaftLogWorker.java:lambda$new$0(132)) - 558aed7f-a82f-4247-861c-9af63d2a895c-SegmentedRaftLogWorker:Storage Directory /tmp/workdir/hadoop-ozone/integration-test/target/test-dir/MiniOzoneClusterImpl-e61ba2c4-84a8-4661-a250-40acba4e70f7/datanode-2/data/ratis/8a9cccda-471a-4d9d-9695-6c1ca62ece3b: flushIndex: setUnconditionally 0 -> -1
2019-07-13 22:42:19,910 INFO  segmented.SegmentedRaftLogWorker (SegmentedRaftLogWorker.java:<init>(172)) - new 374c33b3-4076-4259-ac54-11950597c629-SegmentedRaftLogWorker:Storage Directory /tmp/workdir/hadoop-ozone/integration-test/target/test-dir/MiniOzoneClusterImpl-e61ba2c4-84a8-4661-a250-40acba4e70f7/datanode-0/data/ratis/8a9cccda-471a-4d9d-9695-6c1ca62ece3b for RaftStorage:Storage Directory /tmp/workdir/hadoop-ozone/integration-test/target/test-dir/MiniOzoneClusterImpl-e61ba2c4-84a8-4661-a250-40acba4e70f7/datanode-0/data/ratis/8a9cccda-471a-4d9d-9695-6c1ca62ece3b
2019-07-13 22:42:19,910 INFO  segmented.SegmentedRaftLogWorker (SegmentedRaftLogWorker.java:<init>(172)) - new b1a8fa40-2b82-4386-8a5d-7e0772ec64e7-SegmentedRaftLogWorker:Storage Directory /tmp/workdir/hadoop-ozone/integration-test/target/test-dir/MiniOzoneClusterImpl-e61ba2c4-84a8-4661-a250-40acba4e70f7/datanode-1/data/ratis/8a9cccda-471a-4d9d-9695-6c1ca62ece3b for RaftStorage:Storage Directory /tmp/workdir/hadoop-ozone/integration-test/target/test-dir/MiniOzoneClusterImpl-e61ba2c4-84a8-4661-a250-40acba4e70f7/datanode-1/data/ratis/8a9cccda-471a-4d9d-9695-6c1ca62ece3b
2019-07-13 22:42:19,910 INFO  server.RaftServerConfigKeys (ConfUtils.java:logGet(43)) - raft.server.snapshot.auto.trigger.enabled = true (custom)
2019-07-13 22:42:19,910 INFO  server.RaftServerConfigKeys (ConfUtils.java:logGet(43)) - raft.server.log.queue.byte-limit = 2147483647 (custom)
2019-07-13 22:42:19,911 INFO  server.RaftServerConfigKeys (ConfUtils.java:logGet(43)) - raft.server.snapshot.auto.trigger.threshold = 10000 (custom)
2019-07-13 22:42:19,910 INFO  server.RaftServerConfigKeys (ConfUtils.java:logGet(43)) - raft.server.log.queue.byte-limit = 2147483647 (custom)
2019-07-13 22:42:19,911 INFO  server.RaftServerConfigKeys (ConfUtils.java:logGet(43)) - raft.server.retrycache.expirytime = 600000ms (custom)
2019-07-13 22:42:19,911 INFO  server.RaftServerConfigKeys (ConfUtils.java:logGet(43)) - raft.server.log.queue.element-limit = 1024 (custom)
2019-07-13 22:42:19,911 INFO  impl.RaftServerImpl (RaftServerImpl.java:start(180)) - 558aed7f-a82f-4247-861c-9af63d2a895c: start group-6C1CA62ECE3B
2019-07-13 22:42:19,911 INFO  impl.RaftServerImpl (RaftServerImpl.java:setRole(171)) - 558aed7f-a82f-4247-861c-9af63d2a895c:group-6C1CA62ECE3B changes role from null to FOLLOWER at term 0 for startAsFollower
2019-07-13 22:42:19,911 INFO  server.RaftServerConfigKeys (ConfUtils.java:logGet(43)) - raft.server.log.queue.element-limit = 1024 (custom)
2019-07-13 22:42:19,911 INFO  impl.RoleInfo (RoleInfo.java:updateAndGet(143)) - 558aed7f-a82f-4247-861c-9af63d2a895c: start FollowerState
2019-07-13 22:42:19,911 INFO  server.RaftServerConfigKeys (ConfUtils.java:logGet(43)) - raft.server.log.segment.size.max = 1048576 (custom)
2019-07-13 22:42:19,912 INFO  server.RaftServerConfigKeys (ConfUtils.java:logGet(43)) - raft.server.log.segment.size.max = 1048576 (custom)
2019-07-13 22:42:19,912 INFO  server.RaftServerConfigKeys (ConfUtils.java:logGet(43)) - raft.server.log.preallocated.size = 16384 (custom)
2019-07-13 22:42:19,912 INFO  util.JmxRegister (JmxRegister.java:tryRegister(44)) - Successfully registered JMX Bean with object name Ratis:service=RaftServer,group=group-6C1CA62ECE3B,id=558aed7f-a82f-4247-861c-9af63d2a895c
2019-07-13 22:42:19,912 INFO  server.RaftServerConfigKeys (ConfUtils.java:logGet(43)) - raft.server.log.preallocated.size = 16384 (custom)
2019-07-13 22:42:19,912 INFO  server.RaftServerConfigKeys (ConfUtils.java:logGet(43)) - raft.server.log.write.buffer.size = 33554432 (custom)
2019-07-13 22:42:19,912 INFO  server.RaftServerConfigKeys (ConfUtils.java:logGet(43)) - raft.server.log.write.buffer.size = 33554432 (custom)
2019-07-13 22:42:19,913 INFO  server.RaftServerConfigKeys (ConfUtils.java:logGet(43)) - raft.server.log.force.sync.num = 128 (default)
2019-07-13 22:42:19,913 INFO  server.RaftServerConfigKeys (ConfUtils.java:logGet(43)) - raft.server.log.force.sync.num = 128 (default)
2019-07-13 22:42:19,913 INFO  server.RaftServerConfigKeys (ConfUtils.java:logGet(43)) - raft.server.log.statemachine.data.sync = true (default)
2019-07-13 22:42:19,913 INFO  server.RaftServerConfigKeys (ConfUtils.java:logGet(43)) - raft.server.log.statemachine.data.sync = true (default)
2019-07-13 22:42:19,913 INFO  server.RaftServerConfigKeys (ConfUtils.java:logGet(43)) - raft.server.log.statemachine.data.sync.timeout = 10s (default)
2019-07-13 22:42:19,913 INFO  server.RaftServerConfigKeys (ConfUtils.java:logGet(43)) - raft.server.log.statemachine.data.sync.timeout = 10s (default)
2019-07-13 22:42:19,914 INFO  server.RaftServerConfigKeys (ConfUtils.java:logGet(43)) - raft.server.log.statemachine.data.sync.timeout.retry = -1 (default)
2019-07-13 22:42:19,914 INFO  server.RaftServerConfigKeys (ConfUtils.java:logGet(43)) - raft.server.log.statemachine.data.sync.timeout.retry = -1 (default)
2019-07-13 22:42:19,914 INFO  server.RaftServerConfigKeys (ConfUtils.java:logGet(43)) - raft.server.log.statemachine.data.caching.enabled = true (custom)
2019-07-13 22:42:19,914 INFO  server.RaftServerConfigKeys (ConfUtils.java:logGet(43)) - raft.server.log.statemachine.data.caching.enabled = true (custom)
2019-07-13 22:42:19,914 INFO  segmented.SegmentedRaftLogWorker (SegmentedRaftLogWorker.java:lambda$new$0(132)) - b1a8fa40-2b82-4386-8a5d-7e0772ec64e7-SegmentedRaftLogWorker:Storage Directory /tmp/workdir/hadoop-ozone/integration-test/target/test-dir/MiniOzoneClusterImpl-e61ba2c4-84a8-4661-a250-40acba4e70f7/datanode-1/data/ratis/8a9cccda-471a-4d9d-9695-6c1ca62ece3b: flushIndex: setUnconditionally 0 -> -1
2019-07-13 22:42:19,915 INFO  segmented.SegmentedRaftLogWorker (SegmentedRaftLogWorker.java:lambda$new$0(132)) - 374c33b3-4076-4259-ac54-11950597c629-SegmentedRaftLogWorker:Storage Directory /tmp/workdir/hadoop-ozone/integration-test/target/test-dir/MiniOzoneClusterImpl-e61ba2c4-84a8-4661-a250-40acba4e70f7/datanode-0/data/ratis/8a9cccda-471a-4d9d-9695-6c1ca62ece3b: flushIndex: setUnconditionally 0 -> -1
2019-07-13 22:42:19,915 INFO  server.RaftServerConfigKeys (ConfUtils.java:logGet(43)) - raft.server.snapshot.auto.trigger.enabled = true (custom)
2019-07-13 22:42:19,915 INFO  server.RaftServerConfigKeys (ConfUtils.java:logGet(43)) - raft.server.snapshot.auto.trigger.enabled = true (custom)
2019-07-13 22:42:19,915 INFO  server.RaftServerConfigKeys (ConfUtils.java:logGet(43)) - raft.server.snapshot.auto.trigger.threshold = 10000 (custom)
2019-07-13 22:42:19,915 INFO  server.RaftServerConfigKeys (ConfUtils.java:logGet(43)) - raft.server.snapshot.auto.trigger.threshold = 10000 (custom)
2019-07-13 22:42:19,915 INFO  server.RaftServerConfigKeys (ConfUtils.java:logGet(43)) - raft.server.retrycache.expirytime = 600000ms (custom)
2019-07-13 22:42:19,915 INFO  server.RaftServerConfigKeys (ConfUtils.java:logGet(43)) - raft.server.retrycache.expirytime = 600000ms (custom)
2019-07-13 22:42:19,916 INFO  impl.RaftServerImpl (RaftServerImpl.java:start(180)) - b1a8fa40-2b82-4386-8a5d-7e0772ec64e7: start group-6C1CA62ECE3B
2019-07-13 22:42:19,916 INFO  impl.RaftServerImpl (RaftServerImpl.java:start(180)) - 374c33b3-4076-4259-ac54-11950597c629: start group-6C1CA62ECE3B
2019-07-13 22:42:19,916 INFO  impl.RaftServerImpl (RaftServerImpl.java:setRole(171)) - b1a8fa40-2b82-4386-8a5d-7e0772ec64e7:group-6C1CA62ECE3B changes role from null to FOLLOWER at term 0 for startAsFollower
2019-07-13 22:42:19,916 INFO  impl.RaftServerImpl (RaftServerImpl.java:setRole(171)) - 374c33b3-4076-4259-ac54-11950597c629:group-6C1CA62ECE3B changes role from null to FOLLOWER at term 0 for startAsFollower
2019-07-13 22:42:19,916 INFO  impl.RoleInfo (RoleInfo.java:updateAndGet(143)) - b1a8fa40-2b82-4386-8a5d-7e0772ec64e7: start FollowerState
2019-07-13 22:42:19,916 INFO  impl.RoleInfo (RoleInfo.java:updateAndGet(143)) - 374c33b3-4076-4259-ac54-11950597c629: start FollowerState
2019-07-13 22:42:19,917 INFO  util.JmxRegister (JmxRegister.java:tryRegister(44)) - Successfully registered JMX Bean with object name Ratis:service=RaftServer,group=group-6C1CA62ECE3B,id=b1a8fa40-2b82-4386-8a5d-7e0772ec64e7
2019-07-13 22:42:19,917 INFO  util.JmxRegister (JmxRegister.java:tryRegister(44)) - Successfully registered JMX Bean with object name Ratis:service=RaftServer,group=group-6C1CA62ECE3B,id=374c33b3-4076-4259-ac54-11950597c629
2019-07-13 22:42:19,919 INFO  pipeline.PipelineStateManager (PipelineStateManager.java:addPipeline(56)) - Created pipeline Pipeline[ Id: 8a9cccda-471a-4d9d-9695-6c1ca62ece3b, Nodes: 558aed7f-a82f-4247-861c-9af63d2a895c{ip: 192.168.5.159, host: trunk-nightly-x8m8d-1534914823, networkLocation: /default-rack, certSerialId: null}b1a8fa40-2b82-4386-8a5d-7e0772ec64e7{ip: 192.168.5.159, host: trunk-nightly-x8m8d-1534914823, networkLocation: /default-rack, certSerialId: null}374c33b3-4076-4259-ac54-11950597c629{ip: 192.168.5.159, host: trunk-nightly-x8m8d-1534914823, networkLocation: /default-rack, certSerialId: null}, Type:RATIS, Factor:THREE, State:OPEN]
2019-07-13 22:42:19,938 INFO  node.SCMNodeManager (SCMNodeManager.java:register(269)) - Registered Data node : 69f0d879-ae08-4abf-9125-0d740acdb91b{ip: 192.168.5.159, host: trunk-nightly-x8m8d-1534914823, networkLocation: /default-rack, certSerialId: null}
2019-07-13 22:42:19,954 INFO  impl.RaftServerProxy (RaftServerProxy.java:addNew(89)) - 69f0d879-ae08-4abf-9125-0d740acdb91b: addNew group-2B8AC04B0AE0:[69f0d879-ae08-4abf-9125-0d740acdb91b:192.168.5.159:34027] returns group-2B8AC04B0AE0:java.util.concurrent.CompletableFuture@2caa5065[Not completed]
2019-07-13 22:42:19,955 INFO  impl.RaftServerImpl (RaftServerImpl.java:<init>(93)) - 69f0d879-ae08-4abf-9125-0d740acdb91b: new RaftServerImpl for group-2B8AC04B0AE0:[69f0d879-ae08-4abf-9125-0d740acdb91b:192.168.5.159:34027] with ContainerStateMachine:uninitialized
2019-07-13 22:42:19,955 INFO  server.RaftServerConfigKeys (ConfUtils.java:logGet(43)) - raft.server.rpc.timeout.min = 5s (custom)
2019-07-13 22:42:19,955 INFO  server.RaftServerConfigKeys (ConfUtils.java:logGet(43)) - raft.server.rpc.timeout.max = 5200ms (custom)
2019-07-13 22:42:19,955 INFO  server.RaftServerConfigKeys (ConfUtils.java:logGet(43)) - raft.server.rpcslowness.timeout = 120s (custom)
2019-07-13 22:42:19,955 INFO  server.RaftServerConfigKeys (ConfUtils.java:logGet(43)) - raft.server.sleep.deviation.threshold = 300 (default)
2019-07-13 22:42:19,955 INFO  server.RaftServerConfigKeys (ConfUtils.java:logGet(43)) - raft.server.log.appender.install.snapshot.enabled = false (custom)
2019-07-13 22:42:19,956 INFO  impl.RaftServerImpl (ServerState.java:<init>(105)) - 69f0d879-ae08-4abf-9125-0d740acdb91b:group-2B8AC04B0AE0 ConfigurationManager, init=-1: [69f0d879-ae08-4abf-9125-0d740acdb91b:192.168.5.159:34027], old=null, confs=<EMPTY_MAP>
2019-07-13 22:42:19,956 INFO  server.RaftServerConfigKeys (ConfUtils.java:logGet(43)) - raft.server.storage.dir = [/tmp/workdir/hadoop-ozone/integration-test/target/test-dir/MiniOzoneClusterImpl-e61ba2c4-84a8-4661-a250-40acba4e70f7/datanode-3/data/ratis] (custom)
2019-07-13 22:42:19,956 INFO  storage.RaftStorageDirectory (RaftStorageDirectory.java:analyzeStorage(246)) - The storage directory /tmp/workdir/hadoop-ozone/integration-test/target/test-dir/MiniOzoneClusterImpl-e61ba2c4-84a8-4661-a250-40acba4e70f7/datanode-3/data/ratis/27371824-681d-4510-87dc-2b8ac04b0ae0 does not exist. Creating ...
2019-07-13 22:42:19,967 INFO  storage.RaftStorageDirectory (RaftStorageDirectory.java:tryLock(328)) - Lock on /tmp/workdir/hadoop-ozone/integration-test/target/test-dir/MiniOzoneClusterImpl-e61ba2c4-84a8-4661-a250-40acba4e70f7/datanode-3/data/ratis/27371824-681d-4510-87dc-2b8ac04b0ae0/in_use.lock acquired by nodename 26920@trunk-nightly-x8m8d-1534914823
2019-07-13 22:42:19,978 INFO  storage.RaftStorage (RaftStorage.java:format(72)) - Storage directory /tmp/workdir/hadoop-ozone/integration-test/target/test-dir/MiniOzoneClusterImpl-e61ba2c4-84a8-4661-a250-40acba4e70f7/datanode-3/data/ratis/27371824-681d-4510-87dc-2b8ac04b0ae0 has been successfully formatted.
2019-07-13 22:42:19,979 INFO  ratis.ContainerStateMachine (ContainerStateMachine.java:loadSnapshot(200)) - The snapshot info is null.Setting the last applied index to:(t:0, i:~)
2019-07-13 22:42:19,979 INFO  server.RaftServerConfigKeys (ConfUtils.java:logGet(43)) - raft.server.leader.election.timeout = 120s (custom)
2019-07-13 22:42:19,979 INFO  server.RaftServerConfigKeys (ConfUtils.java:logGet(43)) - raft.server.log.use.memory = false (default)
2019-07-13 22:42:19,979 INFO  server.RaftServerConfigKeys (ConfUtils.java:logGet(43)) - raft.server.log.purge.gap = 1000000000 (custom)
2019-07-13 22:42:19,979 INFO  server.RaftServerConfigKeys (ConfUtils.java:logGet(43)) - raft.server.log.appender.buffer.byte-limit = 33554432 (custom)
2019-07-13 22:42:19,979 INFO  server.RaftServerConfigKeys (ConfUtils.java:logGet(43)) - raft.server.log.segment.size.max = 1048576 (custom)
2019-07-13 22:42:19,979 INFO  server.RaftServerConfigKeys (ConfUtils.java:logGet(43)) - raft.server.log.segment.cache.num.max = 2 (custom)
2019-07-13 22:42:19,980 INFO  segmented.SegmentedRaftLogWorker (SegmentedRaftLogWorker.java:<init>(172)) - new 69f0d879-ae08-4abf-9125-0d740acdb91b-SegmentedRaftLogWorker:Storage Directory /tmp/workdir/hadoop-ozone/integration-test/target/test-dir/MiniOzoneClusterImpl-e61ba2c4-84a8-4661-a250-40acba4e70f7/datanode-3/data/ratis/27371824-681d-4510-87dc-2b8ac04b0ae0 for RaftStorage:Storage Directory /tmp/workdir/hadoop-ozone/integration-test/target/test-dir/MiniOzoneClusterImpl-e61ba2c4-84a8-4661-a250-40acba4e70f7/datanode-3/data/ratis/27371824-681d-4510-87dc-2b8ac04b0ae0
2019-07-13 22:42:19,980 INFO  server.RaftServerConfigKeys (ConfUtils.java:logGet(43)) - raft.server.log.queue.byte-limit = 2147483647 (custom)
2019-07-13 22:42:19,980 INFO  server.RaftServerConfigKeys (ConfUtils.java:logGet(43)) - raft.server.log.queue.element-limit = 1024 (custom)
2019-07-13 22:42:19,980 INFO  server.RaftServerConfigKeys (ConfUtils.java:logGet(43)) - raft.server.log.segment.size.max = 1048576 (custom)
2019-07-13 22:42:19,980 INFO  server.RaftServerConfigKeys (ConfUtils.java:logGet(43)) - raft.server.log.preallocated.size = 16384 (custom)
2019-07-13 22:42:19,980 INFO  server.RaftServerConfigKeys (ConfUtils.java:logGet(43)) - raft.server.log.write.buffer.size = 33554432 (custom)
2019-07-13 22:42:19,981 INFO  server.RaftServerConfigKeys (ConfUtils.java:logGet(43)) - raft.server.log.force.sync.num = 128 (default)
2019-07-13 22:42:19,981 INFO  server.RaftServerConfigKeys (ConfUtils.java:logGet(43)) - raft.server.log.statemachine.data.sync = true (default)
2019-07-13 22:42:19,981 INFO  server.RaftServerConfigKeys (ConfUtils.java:logGet(43)) - raft.server.log.statemachine.data.sync.timeout = 10s (default)
2019-07-13 22:42:19,981 INFO  server.RaftServerConfigKeys (ConfUtils.java:logGet(43)) - raft.server.log.statemachine.data.sync.timeout.retry = -1 (default)
2019-07-13 22:42:19,981 INFO  server.RaftServerConfigKeys (ConfUtils.java:logGet(43)) - raft.server.log.statemachine.data.caching.enabled = true (custom)
2019-07-13 22:42:19,982 INFO  segmented.SegmentedRaftLogWorker (SegmentedRaftLogWorker.java:lambda$new$0(132)) - 69f0d879-ae08-4abf-9125-0d740acdb91b-SegmentedRaftLogWorker:Storage Directory /tmp/workdir/hadoop-ozone/integration-test/target/test-dir/MiniOzoneClusterImpl-e61ba2c4-84a8-4661-a250-40acba4e70f7/datanode-3/data/ratis/27371824-681d-4510-87dc-2b8ac04b0ae0: flushIndex: setUnconditionally 0 -> -1
2019-07-13 22:42:19,982 INFO  server.RaftServerConfigKeys (ConfUtils.java:logGet(43)) - raft.server.snapshot.auto.trigger.enabled = true (custom)
2019-07-13 22:42:19,982 INFO  server.RaftServerConfigKeys (ConfUtils.java:logGet(43)) - raft.server.snapshot.auto.trigger.threshold = 10000 (custom)
2019-07-13 22:42:19,982 INFO  server.RaftServerConfigKeys (ConfUtils.java:logGet(43)) - raft.server.retrycache.expirytime = 600000ms (custom)
2019-07-13 22:42:19,982 INFO  impl.RaftServerImpl (RaftServerImpl.java:start(180)) - 69f0d879-ae08-4abf-9125-0d740acdb91b: start group-2B8AC04B0AE0
2019-07-13 22:42:19,982 INFO  impl.RaftServerImpl (RaftServerImpl.java:setRole(171)) - 69f0d879-ae08-4abf-9125-0d740acdb91b:group-2B8AC04B0AE0 changes role from null to FOLLOWER at term 0 for startAsFollower
2019-07-13 22:42:19,983 INFO  impl.RoleInfo (RoleInfo.java:updateAndGet(143)) - 69f0d879-ae08-4abf-9125-0d740acdb91b: start FollowerState
2019-07-13 22:42:19,983 INFO  util.JmxRegister (JmxRegister.java:tryRegister(44)) - Successfully registered JMX Bean with object name Ratis:service=RaftServer,group=group-2B8AC04B0AE0,id=69f0d879-ae08-4abf-9125-0d740acdb91b
2019-07-13 22:42:19,985 INFO  pipeline.PipelineStateManager (PipelineStateManager.java:addPipeline(56)) - Created pipeline Pipeline[ Id: 27371824-681d-4510-87dc-2b8ac04b0ae0, Nodes: 69f0d879-ae08-4abf-9125-0d740acdb91b{ip: 192.168.5.159, host: trunk-nightly-x8m8d-1534914823, networkLocation: /default-rack, certSerialId: null}, Type:RATIS, Factor:ONE, State:OPEN]
2019-07-13 22:42:20,108 INFO  node.SCMNodeManager (SCMNodeManager.java:register(269)) - Registered Data node : 3a934782-e929-4493-aafd-6b7b1f7f2551{ip: 192.168.5.159, host: trunk-nightly-x8m8d-1534914823, networkLocation: /default-rack, certSerialId: null}
2019-07-13 22:42:20,125 INFO  impl.RaftServerProxy (RaftServerProxy.java:addNew(89)) - 3a934782-e929-4493-aafd-6b7b1f7f2551: addNew group-4CE673615645:[3a934782-e929-4493-aafd-6b7b1f7f2551:192.168.5.159:34598] returns group-4CE673615645:java.util.concurrent.CompletableFuture@1b2b115e[Not completed]
2019-07-13 22:42:20,127 INFO  impl.RaftServerImpl (RaftServerImpl.java:<init>(93)) - 3a934782-e929-4493-aafd-6b7b1f7f2551: new RaftServerImpl for group-4CE673615645:[3a934782-e929-4493-aafd-6b7b1f7f2551:192.168.5.159:34598] with ContainerStateMachine:uninitialized
2019-07-13 22:42:20,127 INFO  server.RaftServerConfigKeys (ConfUtils.java:logGet(43)) - raft.server.rpc.timeout.min = 5s (custom)
2019-07-13 22:42:20,127 INFO  server.RaftServerConfigKeys (ConfUtils.java:logGet(43)) - raft.server.rpc.timeout.max = 5200ms (custom)
2019-07-13 22:42:20,127 INFO  server.RaftServerConfigKeys (ConfUtils.java:logGet(43)) - raft.server.rpcslowness.timeout = 120s (custom)
2019-07-13 22:42:20,127 INFO  server.RaftServerConfigKeys (ConfUtils.java:logGet(43)) - raft.server.sleep.deviation.threshold = 300 (default)
2019-07-13 22:42:20,128 INFO  server.RaftServerConfigKeys (ConfUtils.java:logGet(43)) - raft.server.log.appender.install.snapshot.enabled = false (custom)
2019-07-13 22:42:20,128 INFO  impl.RaftServerImpl (ServerState.java:<init>(105)) - 3a934782-e929-4493-aafd-6b7b1f7f2551:group-4CE673615645 ConfigurationManager, init=-1: [3a934782-e929-4493-aafd-6b7b1f7f2551:192.168.5.159:34598], old=null, confs=<EMPTY_MAP>
2019-07-13 22:42:20,128 INFO  server.RaftServerConfigKeys (ConfUtils.java:logGet(43)) - raft.server.storage.dir = [/tmp/workdir/hadoop-ozone/integration-test/target/test-dir/MiniOzoneClusterImpl-e61ba2c4-84a8-4661-a250-40acba4e70f7/datanode-4/data/ratis] (custom)
2019-07-13 22:42:20,128 INFO  storage.RaftStorageDirectory (RaftStorageDirectory.java:analyzeStorage(246)) - The storage directory /tmp/workdir/hadoop-ozone/integration-test/target/test-dir/MiniOzoneClusterImpl-e61ba2c4-84a8-4661-a250-40acba4e70f7/datanode-4/data/ratis/6678d3da-ec65-40a9-bf72-4ce673615645 does not exist. Creating ...
2019-07-13 22:42:20,133 INFO  storage.RaftStorageDirectory (RaftStorageDirectory.java:tryLock(328)) - Lock on /tmp/workdir/hadoop-ozone/integration-test/target/test-dir/MiniOzoneClusterImpl-e61ba2c4-84a8-4661-a250-40acba4e70f7/datanode-4/data/ratis/6678d3da-ec65-40a9-bf72-4ce673615645/in_use.lock acquired by nodename 26920@trunk-nightly-x8m8d-1534914823
2019-07-13 22:42:20,136 INFO  storage.RaftStorage (RaftStorage.java:format(72)) - Storage directory /tmp/workdir/hadoop-ozone/integration-test/target/test-dir/MiniOzoneClusterImpl-e61ba2c4-84a8-4661-a250-40acba4e70f7/datanode-4/data/ratis/6678d3da-ec65-40a9-bf72-4ce673615645 has been successfully formatted.
2019-07-13 22:42:20,137 INFO  ratis.ContainerStateMachine (ContainerStateMachine.java:loadSnapshot(200)) - The snapshot info is null.Setting the last applied index to:(t:0, i:~)
2019-07-13 22:42:20,137 INFO  server.RaftServerConfigKeys (ConfUtils.java:logGet(43)) - raft.server.leader.election.timeout = 120s (custom)
2019-07-13 22:42:20,137 INFO  server.RaftServerConfigKeys (ConfUtils.java:logGet(43)) - raft.server.log.use.memory = false (default)
2019-07-13 22:42:20,137 INFO  server.RaftServerConfigKeys (ConfUtils.java:logGet(43)) - raft.server.log.purge.gap = 1000000000 (custom)
2019-07-13 22:42:20,137 INFO  server.RaftServerConfigKeys (ConfUtils.java:logGet(43)) - raft.server.log.appender.buffer.byte-limit = 33554432 (custom)
2019-07-13 22:42:20,137 INFO  server.RaftServerConfigKeys (ConfUtils.java:logGet(43)) - raft.server.log.segment.size.max = 1048576 (custom)
2019-07-13 22:42:20,138 INFO  server.RaftServerConfigKeys (ConfUtils.java:logGet(43)) - raft.server.log.segment.cache.num.max = 2 (custom)
2019-07-13 22:42:20,138 INFO  segmented.SegmentedRaftLogWorker (SegmentedRaftLogWorker.java:<init>(172)) - new 3a934782-e929-4493-aafd-6b7b1f7f2551-SegmentedRaftLogWorker:Storage Directory /tmp/workdir/hadoop-ozone/integration-test/target/test-dir/MiniOzoneClusterImpl-e61ba2c4-84a8-4661-a250-40acba4e70f7/datanode-4/data/ratis/6678d3da-ec65-40a9-bf72-4ce673615645 for RaftStorage:Storage Directory /tmp/workdir/hadoop-ozone/integration-test/target/test-dir/MiniOzoneClusterImpl-e61ba2c4-84a8-4661-a250-40acba4e70f7/datanode-4/data/ratis/6678d3da-ec65-40a9-bf72-4ce673615645
2019-07-13 22:42:20,138 INFO  server.RaftServerConfigKeys (ConfUtils.java:logGet(43)) - raft.server.log.queue.byte-limit = 2147483647 (custom)
2019-07-13 22:42:20,138 INFO  server.RaftServerConfigKeys (ConfUtils.java:logGet(43)) - raft.server.log.queue.element-limit = 1024 (custom)
2019-07-13 22:42:20,138 INFO  server.RaftServerConfigKeys (ConfUtils.java:logGet(43)) - raft.server.log.segment.size.max = 1048576 (custom)
2019-07-13 22:42:20,139 INFO  server.RaftServerConfigKeys (ConfUtils.java:logGet(43)) - raft.server.log.preallocated.size = 16384 (custom)
2019-07-13 22:42:20,139 INFO  server.RaftServerConfigKeys (ConfUtils.java:logGet(43)) - raft.server.log.write.buffer.size = 33554432 (custom)
2019-07-13 22:42:20,139 INFO  server.RaftServerConfigKeys (ConfUtils.java:logGet(43)) - raft.server.log.force.sync.num = 128 (default)
2019-07-13 22:42:20,139 INFO  server.RaftServerConfigKeys (ConfUtils.java:logGet(43)) - raft.server.log.statemachine.data.sync = true (default)
2019-07-13 22:42:20,139 INFO  server.RaftServerConfigKeys (ConfUtils.java:logGet(43)) - raft.server.log.statemachine.data.sync.timeout = 10s (default)
2019-07-13 22:42:20,139 INFO  server.RaftServerConfigKeys (ConfUtils.java:logGet(43)) - raft.server.log.statemachine.data.sync.timeout.retry = -1 (default)
2019-07-13 22:42:20,140 INFO  server.RaftServerConfigKeys (ConfUtils.java:logGet(43)) - raft.server.log.statemachine.data.caching.enabled = true (custom)
2019-07-13 22:42:20,140 INFO  segmented.SegmentedRaftLogWorker (SegmentedRaftLogWorker.java:lambda$new$0(132)) - 3a934782-e929-4493-aafd-6b7b1f7f2551-SegmentedRaftLogWorker:Storage Directory /tmp/workdir/hadoop-ozone/integration-test/target/test-dir/MiniOzoneClusterImpl-e61ba2c4-84a8-4661-a250-40acba4e70f7/datanode-4/data/ratis/6678d3da-ec65-40a9-bf72-4ce673615645: flushIndex: setUnconditionally 0 -> -1
2019-07-13 22:42:20,140 INFO  server.RaftServerConfigKeys (ConfUtils.java:logGet(43)) - raft.server.snapshot.auto.trigger.enabled = true (custom)
2019-07-13 22:42:20,140 INFO  server.RaftServerConfigKeys (ConfUtils.java:logGet(43)) - raft.server.snapshot.auto.trigger.threshold = 10000 (custom)
2019-07-13 22:42:20,141 INFO  server.RaftServerConfigKeys (ConfUtils.java:logGet(43)) - raft.server.retrycache.expirytime = 600000ms (custom)
2019-07-13 22:42:20,141 INFO  impl.RaftServerImpl (RaftServerImpl.java:start(180)) - 3a934782-e929-4493-aafd-6b7b1f7f2551: start group-4CE673615645
2019-07-13 22:42:20,141 INFO  impl.RaftServerImpl (RaftServerImpl.java:setRole(171)) - 3a934782-e929-4493-aafd-6b7b1f7f2551:group-4CE673615645 changes role from null to FOLLOWER at term 0 for startAsFollower
2019-07-13 22:42:20,141 INFO  impl.RoleInfo (RoleInfo.java:updateAndGet(143)) - 3a934782-e929-4493-aafd-6b7b1f7f2551: start FollowerState
2019-07-13 22:42:20,142 INFO  util.JmxRegister (JmxRegister.java:tryRegister(44)) - Successfully registered JMX Bean with object name Ratis:service=RaftServer,group=group-4CE673615645,id=3a934782-e929-4493-aafd-6b7b1f7f2551
2019-07-13 22:42:20,144 INFO  pipeline.PipelineStateManager (PipelineStateManager.java:addPipeline(56)) - Created pipeline Pipeline[ Id: 6678d3da-ec65-40a9-bf72-4ce673615645, Nodes: 3a934782-e929-4493-aafd-6b7b1f7f2551{ip: 192.168.5.159, host: trunk-nightly-x8m8d-1534914823, networkLocation: /default-rack, certSerialId: null}, Type:RATIS, Factor:ONE, State:OPEN]
2019-07-13 22:42:20,284 INFO  node.SCMNodeManager (SCMNodeManager.java:register(269)) - Registered Data node : be1d966f-d6d3-4083-911a-9cf613e6b51b{ip: 192.168.5.159, host: trunk-nightly-x8m8d-1534914823, networkLocation: /default-rack, certSerialId: null}
2019-07-13 22:42:20,284 INFO  ozone.MiniOzoneClusterImpl (MiniOzoneClusterImpl.java:lambda$waitForClusterToBeReady$0(142)) - Cluster is ready. Got 6 of 6 DN Heartbeats.
2019-07-13 22:42:20,324 INFO  impl.RaftServerProxy (RaftServerProxy.java:addNew(89)) - be1d966f-d6d3-4083-911a-9cf613e6b51b: addNew group-F8A2F8E841E6:[be1d966f-d6d3-4083-911a-9cf613e6b51b:192.168.5.159:36762] returns group-F8A2F8E841E6:java.util.concurrent.CompletableFuture@75e368c1[Not completed]
2019-07-13 22:42:20,331 INFO  impl.RaftServerImpl (RaftServerImpl.java:<init>(93)) - be1d966f-d6d3-4083-911a-9cf613e6b51b: new RaftServerImpl for group-F8A2F8E841E6:[be1d966f-d6d3-4083-911a-9cf613e6b51b:192.168.5.159:36762] with ContainerStateMachine:uninitialized
2019-07-13 22:42:20,332 INFO  server.RaftServerConfigKeys (ConfUtils.java:logGet(43)) - raft.server.rpc.timeout.min = 5s (custom)
2019-07-13 22:42:20,332 INFO  server.RaftServerConfigKeys (ConfUtils.java:logGet(43)) - raft.server.rpc.timeout.max = 5200ms (custom)
2019-07-13 22:42:20,351 INFO  server.RaftServerConfigKeys (ConfUtils.java:logGet(43)) - raft.server.rpcslowness.timeout = 120s (custom)
2019-07-13 22:42:20,352 INFO  server.RaftServerConfigKeys (ConfUtils.java:logGet(43)) - raft.server.sleep.deviation.threshold = 300 (default)
2019-07-13 22:42:20,352 INFO  server.RaftServerConfigKeys (ConfUtils.java:logGet(43)) - raft.server.log.appender.install.snapshot.enabled = false (custom)
2019-07-13 22:42:20,352 INFO  impl.RaftServerImpl (ServerState.java:<init>(105)) - be1d966f-d6d3-4083-911a-9cf613e6b51b:group-F8A2F8E841E6 ConfigurationManager, init=-1: [be1d966f-d6d3-4083-911a-9cf613e6b51b:192.168.5.159:36762], old=null, confs=<EMPTY_MAP>
2019-07-13 22:42:20,352 INFO  server.RaftServerConfigKeys (ConfUtils.java:logGet(43)) - raft.server.storage.dir = [/tmp/workdir/hadoop-ozone/integration-test/target/test-dir/MiniOzoneClusterImpl-e61ba2c4-84a8-4661-a250-40acba4e70f7/datanode-5/data/ratis] (custom)
2019-07-13 22:42:20,352 INFO  storage.RaftStorageDirectory (RaftStorageDirectory.java:analyzeStorage(246)) - The storage directory /tmp/workdir/hadoop-ozone/integration-test/target/test-dir/MiniOzoneClusterImpl-e61ba2c4-84a8-4661-a250-40acba4e70f7/datanode-5/data/ratis/9183e4b0-76c3-4431-b4a3-f8a2f8e841e6 does not exist. Creating ...
2019-07-13 22:42:20,355 INFO  rpc.RpcClient (RpcClient.java:createVolume(287)) - Creating Volume: datanodefailurehandlingtest, with jenkins1000 as owner.
2019-07-13 22:42:20,365 INFO  storage.RaftStorageDirectory (RaftStorageDirectory.java:tryLock(328)) - Lock on /tmp/workdir/hadoop-ozone/integration-test/target/test-dir/MiniOzoneClusterImpl-e61ba2c4-84a8-4661-a250-40acba4e70f7/datanode-5/data/ratis/9183e4b0-76c3-4431-b4a3-f8a2f8e841e6/in_use.lock acquired by nodename 26920@trunk-nightly-x8m8d-1534914823
2019-07-13 22:42:20,381 INFO  rpc.RpcClient (RpcClient.java:createBucket(424)) - Creating Bucket: datanodefailurehandlingtest/datanodefailurehandlingtest, with Versioning false and Storage Type set to DISK and Encryption set to false 
2019-07-13 22:42:20,393 INFO  storage.RaftStorage (RaftStorage.java:format(72)) - Storage directory /tmp/workdir/hadoop-ozone/integration-test/target/test-dir/MiniOzoneClusterImpl-e61ba2c4-84a8-4661-a250-40acba4e70f7/datanode-5/data/ratis/9183e4b0-76c3-4431-b4a3-f8a2f8e841e6 has been successfully formatted.
2019-07-13 22:42:20,393 INFO  ratis.ContainerStateMachine (ContainerStateMachine.java:loadSnapshot(200)) - The snapshot info is null.Setting the last applied index to:(t:0, i:~)
2019-07-13 22:42:20,393 INFO  server.RaftServerConfigKeys (ConfUtils.java:logGet(43)) - raft.server.leader.election.timeout = 120s (custom)
2019-07-13 22:42:20,393 INFO  server.RaftServerConfigKeys (ConfUtils.java:logGet(43)) - raft.server.log.use.memory = false (default)
2019-07-13 22:42:20,393 INFO  server.RaftServerConfigKeys (ConfUtils.java:logGet(43)) - raft.server.log.purge.gap = 1000000000 (custom)
2019-07-13 22:42:20,394 INFO  server.RaftServerConfigKeys (ConfUtils.java:logGet(43)) - raft.server.log.appender.buffer.byte-limit = 33554432 (custom)
2019-07-13 22:42:20,394 INFO  server.RaftServerConfigKeys (ConfUtils.java:logGet(43)) - raft.server.log.segment.size.max = 1048576 (custom)
2019-07-13 22:42:20,394 INFO  server.RaftServerConfigKeys (ConfUtils.java:logGet(43)) - raft.server.log.segment.cache.num.max = 2 (custom)
2019-07-13 22:42:20,394 INFO  segmented.SegmentedRaftLogWorker (SegmentedRaftLogWorker.java:<init>(172)) - new be1d966f-d6d3-4083-911a-9cf613e6b51b-SegmentedRaftLogWorker:Storage Directory /tmp/workdir/hadoop-ozone/integration-test/target/test-dir/MiniOzoneClusterImpl-e61ba2c4-84a8-4661-a250-40acba4e70f7/datanode-5/data/ratis/9183e4b0-76c3-4431-b4a3-f8a2f8e841e6 for RaftStorage:Storage Directory /tmp/workdir/hadoop-ozone/integration-test/target/test-dir/MiniOzoneClusterImpl-e61ba2c4-84a8-4661-a250-40acba4e70f7/datanode-5/data/ratis/9183e4b0-76c3-4431-b4a3-f8a2f8e841e6
2019-07-13 22:42:20,394 INFO  server.RaftServerConfigKeys (ConfUtils.java:logGet(43)) - raft.server.log.queue.byte-limit = 2147483647 (custom)
2019-07-13 22:42:20,394 INFO  server.RaftServerConfigKeys (ConfUtils.java:logGet(43)) - raft.server.log.queue.element-limit = 1024 (custom)
2019-07-13 22:42:20,395 INFO  server.RaftServerConfigKeys (ConfUtils.java:logGet(43)) - raft.server.log.segment.size.max = 1048576 (custom)
2019-07-13 22:42:20,395 INFO  server.RaftServerConfigKeys (ConfUtils.java:logGet(43)) - raft.server.log.preallocated.size = 16384 (custom)
2019-07-13 22:42:20,395 INFO  server.RaftServerConfigKeys (ConfUtils.java:logGet(43)) - raft.server.log.write.buffer.size = 33554432 (custom)
2019-07-13 22:42:20,395 INFO  server.RaftServerConfigKeys (ConfUtils.java:logGet(43)) - raft.server.log.force.sync.num = 128 (default)
2019-07-13 22:42:20,395 INFO  server.RaftServerConfigKeys (ConfUtils.java:logGet(43)) - raft.server.log.statemachine.data.sync = true (default)
2019-07-13 22:42:20,395 INFO  server.RaftServerConfigKeys (ConfUtils.java:logGet(43)) - raft.server.log.statemachine.data.sync.timeout = 10s (default)
2019-07-13 22:42:20,395 INFO  server.RaftServerConfigKeys (ConfUtils.java:logGet(43)) - raft.server.log.statemachine.data.sync.timeout.retry = -1 (default)
2019-07-13 22:42:20,396 INFO  server.RaftServerConfigKeys (ConfUtils.java:logGet(43)) - raft.server.log.statemachine.data.caching.enabled = true (custom)
2019-07-13 22:42:20,396 INFO  segmented.SegmentedRaftLogWorker (SegmentedRaftLogWorker.java:lambda$new$0(132)) - be1d966f-d6d3-4083-911a-9cf613e6b51b-SegmentedRaftLogWorker:Storage Directory /tmp/workdir/hadoop-ozone/integration-test/target/test-dir/MiniOzoneClusterImpl-e61ba2c4-84a8-4661-a250-40acba4e70f7/datanode-5/data/ratis/9183e4b0-76c3-4431-b4a3-f8a2f8e841e6: flushIndex: setUnconditionally 0 -> -1
2019-07-13 22:42:20,396 INFO  server.RaftServerConfigKeys (ConfUtils.java:logGet(43)) - raft.server.snapshot.auto.trigger.enabled = true (custom)
2019-07-13 22:42:20,396 INFO  server.RaftServerConfigKeys (ConfUtils.java:logGet(43)) - raft.server.snapshot.auto.trigger.threshold = 10000 (custom)
2019-07-13 22:42:20,396 INFO  server.RaftServerConfigKeys (ConfUtils.java:logGet(43)) - raft.server.retrycache.expirytime = 600000ms (custom)
2019-07-13 22:42:20,397 INFO  impl.RaftServerImpl (RaftServerImpl.java:start(180)) - be1d966f-d6d3-4083-911a-9cf613e6b51b: start group-F8A2F8E841E6
2019-07-13 22:42:20,397 INFO  impl.RaftServerImpl (RaftServerImpl.java:setRole(171)) - be1d966f-d6d3-4083-911a-9cf613e6b51b:group-F8A2F8E841E6 changes role from null to FOLLOWER at term 0 for startAsFollower
2019-07-13 22:42:20,397 INFO  impl.RoleInfo (RoleInfo.java:updateAndGet(143)) - be1d966f-d6d3-4083-911a-9cf613e6b51b: start FollowerState
2019-07-13 22:42:20,397 INFO  util.JmxRegister (JmxRegister.java:tryRegister(44)) - Successfully registered JMX Bean with object name Ratis:service=RaftServer,group=group-F8A2F8E841E6,id=be1d966f-d6d3-4083-911a-9cf613e6b51b
2019-07-13 22:42:20,399 INFO  pipeline.PipelineStateManager (PipelineStateManager.java:addPipeline(56)) - Created pipeline Pipeline[ Id: 9183e4b0-76c3-4431-b4a3-f8a2f8e841e6, Nodes: be1d966f-d6d3-4083-911a-9cf613e6b51b{ip: 192.168.5.159, host: trunk-nightly-x8m8d-1534914823, networkLocation: /default-rack, certSerialId: null}, Type:RATIS, Factor:ONE, State:OPEN]
2019-07-13 22:42:20,430 INFO  impl.RaftServerProxy (RaftServerProxy.java:addNew(89)) - 3a934782-e929-4493-aafd-6b7b1f7f2551: addNew group-CDC04A80D361:[69f0d879-ae08-4abf-9125-0d740acdb91b:192.168.5.159:34027, 3a934782-e929-4493-aafd-6b7b1f7f2551:192.168.5.159:34598, be1d966f-d6d3-4083-911a-9cf613e6b51b:192.168.5.159:36762] returns group-CDC04A80D361:java.util.concurrent.CompletableFuture@625bb3b9[Not completed]
2019-07-13 22:42:20,430 INFO  impl.RaftServerProxy (RaftServerProxy.java:addNew(89)) - 69f0d879-ae08-4abf-9125-0d740acdb91b: addNew group-CDC04A80D361:[69f0d879-ae08-4abf-9125-0d740acdb91b:192.168.5.159:34027, 3a934782-e929-4493-aafd-6b7b1f7f2551:192.168.5.159:34598, be1d966f-d6d3-4083-911a-9cf613e6b51b:192.168.5.159:36762] returns group-CDC04A80D361:java.util.concurrent.CompletableFuture@31633657[Not completed]
2019-07-13 22:42:20,430 INFO  impl.RaftServerProxy (RaftServerProxy.java:addNew(89)) - be1d966f-d6d3-4083-911a-9cf613e6b51b: addNew group-CDC04A80D361:[69f0d879-ae08-4abf-9125-0d740acdb91b:192.168.5.159:34027, 3a934782-e929-4493-aafd-6b7b1f7f2551:192.168.5.159:34598, be1d966f-d6d3-4083-911a-9cf613e6b51b:192.168.5.159:36762] returns group-CDC04A80D361:java.util.concurrent.CompletableFuture@5c1de033[Not completed]
2019-07-13 22:42:20,431 INFO  impl.RaftServerImpl (RaftServerImpl.java:<init>(93)) - 3a934782-e929-4493-aafd-6b7b1f7f2551: new RaftServerImpl for group-CDC04A80D361:[69f0d879-ae08-4abf-9125-0d740acdb91b:192.168.5.159:34027, 3a934782-e929-4493-aafd-6b7b1f7f2551:192.168.5.159:34598, be1d966f-d6d3-4083-911a-9cf613e6b51b:192.168.5.159:36762] with ContainerStateMachine:uninitialized
2019-07-13 22:42:20,431 INFO  server.RaftServerConfigKeys (ConfUtils.java:logGet(43)) - raft.server.rpc.timeout.min = 5s (custom)
2019-07-13 22:42:20,431 INFO  server.RaftServerConfigKeys (ConfUtils.java:logGet(43)) - raft.server.rpc.timeout.max = 5200ms (custom)
2019-07-13 22:42:20,431 INFO  server.RaftServerConfigKeys (ConfUtils.java:logGet(43)) - raft.server.rpcslowness.timeout = 120s (custom)
2019-07-13 22:42:20,431 INFO  server.RaftServerConfigKeys (ConfUtils.java:logGet(43)) - raft.server.sleep.deviation.threshold = 300 (default)
2019-07-13 22:42:20,431 INFO  server.RaftServerConfigKeys (ConfUtils.java:logGet(43)) - raft.server.log.appender.install.snapshot.enabled = false (custom)
2019-07-13 22:42:20,431 INFO  impl.RaftServerImpl (ServerState.java:<init>(105)) - 3a934782-e929-4493-aafd-6b7b1f7f2551:group-CDC04A80D361 ConfigurationManager, init=-1: [69f0d879-ae08-4abf-9125-0d740acdb91b:192.168.5.159:34027, 3a934782-e929-4493-aafd-6b7b1f7f2551:192.168.5.159:34598, be1d966f-d6d3-4083-911a-9cf613e6b51b:192.168.5.159:36762], old=null, confs=<EMPTY_MAP>
2019-07-13 22:42:20,431 INFO  impl.RaftServerImpl (RaftServerImpl.java:<init>(93)) - 69f0d879-ae08-4abf-9125-0d740acdb91b: new RaftServerImpl for group-CDC04A80D361:[69f0d879-ae08-4abf-9125-0d740acdb91b:192.168.5.159:34027, 3a934782-e929-4493-aafd-6b7b1f7f2551:192.168.5.159:34598, be1d966f-d6d3-4083-911a-9cf613e6b51b:192.168.5.159:36762] with ContainerStateMachine:uninitialized
2019-07-13 22:42:20,432 INFO  server.RaftServerConfigKeys (ConfUtils.java:logGet(43)) - raft.server.storage.dir = [/tmp/workdir/hadoop-ozone/integration-test/target/test-dir/MiniOzoneClusterImpl-e61ba2c4-84a8-4661-a250-40acba4e70f7/datanode-4/data/ratis] (custom)
2019-07-13 22:42:20,432 INFO  server.RaftServerConfigKeys (ConfUtils.java:logGet(43)) - raft.server.rpc.timeout.min = 5s (custom)
2019-07-13 22:42:20,432 INFO  impl.RaftServerImpl (RaftServerImpl.java:<init>(93)) - be1d966f-d6d3-4083-911a-9cf613e6b51b: new RaftServerImpl for group-CDC04A80D361:[69f0d879-ae08-4abf-9125-0d740acdb91b:192.168.5.159:34027, 3a934782-e929-4493-aafd-6b7b1f7f2551:192.168.5.159:34598, be1d966f-d6d3-4083-911a-9cf613e6b51b:192.168.5.159:36762] with ContainerStateMachine:uninitialized
2019-07-13 22:42:20,432 INFO  storage.RaftStorageDirectory (RaftStorageDirectory.java:analyzeStorage(246)) - The storage directory /tmp/workdir/hadoop-ozone/integration-test/target/test-dir/MiniOzoneClusterImpl-e61ba2c4-84a8-4661-a250-40acba4e70f7/datanode-4/data/ratis/770f8ab0-8a8c-4bac-976f-cdc04a80d361 does not exist. Creating ...
2019-07-13 22:42:20,432 INFO  server.RaftServerConfigKeys (ConfUtils.java:logGet(43)) - raft.server.rpc.timeout.max = 5200ms (custom)
2019-07-13 22:42:20,432 INFO  server.RaftServerConfigKeys (ConfUtils.java:logGet(43)) - raft.server.rpc.timeout.min = 5s (custom)
2019-07-13 22:42:20,432 INFO  server.RaftServerConfigKeys (ConfUtils.java:logGet(43)) - raft.server.rpcslowness.timeout = 120s (custom)
2019-07-13 22:42:20,432 INFO  server.RaftServerConfigKeys (ConfUtils.java:logGet(43)) - raft.server.rpc.timeout.max = 5200ms (custom)
2019-07-13 22:42:20,432 INFO  server.RaftServerConfigKeys (ConfUtils.java:logGet(43)) - raft.server.sleep.deviation.threshold = 300 (default)
2019-07-13 22:42:20,433 INFO  server.RaftServerConfigKeys (ConfUtils.java:logGet(43)) - raft.server.rpcslowness.timeout = 120s (custom)
2019-07-13 22:42:20,433 INFO  server.RaftServerConfigKeys (ConfUtils.java:logGet(43)) - raft.server.log.appender.install.snapshot.enabled = false (custom)
2019-07-13 22:42:20,433 INFO  server.RaftServerConfigKeys (ConfUtils.java:logGet(43)) - raft.server.sleep.deviation.threshold = 300 (default)
2019-07-13 22:42:20,433 INFO  impl.RaftServerImpl (ServerState.java:<init>(105)) - 69f0d879-ae08-4abf-9125-0d740acdb91b:group-CDC04A80D361 ConfigurationManager, init=-1: [69f0d879-ae08-4abf-9125-0d740acdb91b:192.168.5.159:34027, 3a934782-e929-4493-aafd-6b7b1f7f2551:192.168.5.159:34598, be1d966f-d6d3-4083-911a-9cf613e6b51b:192.168.5.159:36762], old=null, confs=<EMPTY_MAP>
2019-07-13 22:42:20,433 INFO  server.RaftServerConfigKeys (ConfUtils.java:logGet(43)) - raft.server.log.appender.install.snapshot.enabled = false (custom)
2019-07-13 22:42:20,433 INFO  server.RaftServerConfigKeys (ConfUtils.java:logGet(43)) - raft.server.storage.dir = [/tmp/workdir/hadoop-ozone/integration-test/target/test-dir/MiniOzoneClusterImpl-e61ba2c4-84a8-4661-a250-40acba4e70f7/datanode-3/data/ratis] (custom)
2019-07-13 22:42:20,433 INFO  impl.RaftServerImpl (ServerState.java:<init>(105)) - be1d966f-d6d3-4083-911a-9cf613e6b51b:group-CDC04A80D361 ConfigurationManager, init=-1: [69f0d879-ae08-4abf-9125-0d740acdb91b:192.168.5.159:34027, 3a934782-e929-4493-aafd-6b7b1f7f2551:192.168.5.159:34598, be1d966f-d6d3-4083-911a-9cf613e6b51b:192.168.5.159:36762], old=null, confs=<EMPTY_MAP>
2019-07-13 22:42:20,433 INFO  server.RaftServerConfigKeys (ConfUtils.java:logGet(43)) - raft.server.storage.dir = [/tmp/workdir/hadoop-ozone/integration-test/target/test-dir/MiniOzoneClusterImpl-e61ba2c4-84a8-4661-a250-40acba4e70f7/datanode-5/data/ratis] (custom)
2019-07-13 22:42:20,434 INFO  storage.RaftStorageDirectory (RaftStorageDirectory.java:analyzeStorage(246)) - The storage directory /tmp/workdir/hadoop-ozone/integration-test/target/test-dir/MiniOzoneClusterImpl-e61ba2c4-84a8-4661-a250-40acba4e70f7/datanode-3/data/ratis/770f8ab0-8a8c-4bac-976f-cdc04a80d361 does not exist. Creating ...
2019-07-13 22:42:20,434 INFO  storage.RaftStorageDirectory (RaftStorageDirectory.java:analyzeStorage(246)) - The storage directory /tmp/workdir/hadoop-ozone/integration-test/target/test-dir/MiniOzoneClusterImpl-e61ba2c4-84a8-4661-a250-40acba4e70f7/datanode-5/data/ratis/770f8ab0-8a8c-4bac-976f-cdc04a80d361 does not exist. Creating ...
2019-07-13 22:42:20,444 INFO  storage.RaftStorageDirectory (RaftStorageDirectory.java:tryLock(328)) - Lock on /tmp/workdir/hadoop-ozone/integration-test/target/test-dir/MiniOzoneClusterImpl-e61ba2c4-84a8-4661-a250-40acba4e70f7/datanode-5/data/ratis/770f8ab0-8a8c-4bac-976f-cdc04a80d361/in_use.lock acquired by nodename 26920@trunk-nightly-x8m8d-1534914823
2019-07-13 22:42:20,444 INFO  storage.RaftStorageDirectory (RaftStorageDirectory.java:tryLock(328)) - Lock on /tmp/workdir/hadoop-ozone/integration-test/target/test-dir/MiniOzoneClusterImpl-e61ba2c4-84a8-4661-a250-40acba4e70f7/datanode-4/data/ratis/770f8ab0-8a8c-4bac-976f-cdc04a80d361/in_use.lock acquired by nodename 26920@trunk-nightly-x8m8d-1534914823
2019-07-13 22:42:20,444 INFO  storage.RaftStorageDirectory (RaftStorageDirectory.java:tryLock(328)) - Lock on /tmp/workdir/hadoop-ozone/integration-test/target/test-dir/MiniOzoneClusterImpl-e61ba2c4-84a8-4661-a250-40acba4e70f7/datanode-3/data/ratis/770f8ab0-8a8c-4bac-976f-cdc04a80d361/in_use.lock acquired by nodename 26920@trunk-nightly-x8m8d-1534914823
2019-07-13 22:42:20,450 INFO  storage.RaftStorage (RaftStorage.java:format(72)) - Storage directory /tmp/workdir/hadoop-ozone/integration-test/target/test-dir/MiniOzoneClusterImpl-e61ba2c4-84a8-4661-a250-40acba4e70f7/datanode-5/data/ratis/770f8ab0-8a8c-4bac-976f-cdc04a80d361 has been successfully formatted.
2019-07-13 22:42:20,450 INFO  storage.RaftStorage (RaftStorage.java:format(72)) - Storage directory /tmp/workdir/hadoop-ozone/integration-test/target/test-dir/MiniOzoneClusterImpl-e61ba2c4-84a8-4661-a250-40acba4e70f7/datanode-3/data/ratis/770f8ab0-8a8c-4bac-976f-cdc04a80d361 has been successfully formatted.
2019-07-13 22:42:20,450 INFO  storage.RaftStorage (RaftStorage.java:format(72)) - Storage directory /tmp/workdir/hadoop-ozone/integration-test/target/test-dir/MiniOzoneClusterImpl-e61ba2c4-84a8-4661-a250-40acba4e70f7/datanode-4/data/ratis/770f8ab0-8a8c-4bac-976f-cdc04a80d361 has been successfully formatted.
2019-07-13 22:42:20,450 INFO  ratis.ContainerStateMachine (ContainerStateMachine.java:loadSnapshot(200)) - The snapshot info is null.Setting the last applied index to:(t:0, i:~)
2019-07-13 22:42:20,450 INFO  ratis.ContainerStateMachine (ContainerStateMachine.java:loadSnapshot(200)) - The snapshot info is null.Setting the last applied index to:(t:0, i:~)
2019-07-13 22:42:20,450 INFO  ratis.ContainerStateMachine (ContainerStateMachine.java:loadSnapshot(200)) - The snapshot info is null.Setting the last applied index to:(t:0, i:~)
2019-07-13 22:42:20,450 INFO  server.RaftServerConfigKeys (ConfUtils.java:logGet(43)) - raft.server.leader.election.timeout = 120s (custom)
2019-07-13 22:42:20,451 INFO  server.RaftServerConfigKeys (ConfUtils.java:logGet(43)) - raft.server.leader.election.timeout = 120s (custom)
2019-07-13 22:42:20,450 INFO  server.RaftServerConfigKeys (ConfUtils.java:logGet(43)) - raft.server.leader.election.timeout = 120s (custom)
2019-07-13 22:42:20,451 INFO  server.RaftServerConfigKeys (ConfUtils.java:logGet(43)) - raft.server.log.use.memory = false (default)
2019-07-13 22:42:20,451 INFO  server.RaftServerConfigKeys (ConfUtils.java:logGet(43)) - raft.server.log.use.memory = false (default)
2019-07-13 22:42:20,451 INFO  server.RaftServerConfigKeys (ConfUtils.java:logGet(43)) - raft.server.log.purge.gap = 1000000000 (custom)
2019-07-13 22:42:20,451 INFO  server.RaftServerConfigKeys (ConfUtils.java:logGet(43)) - raft.server.log.appender.buffer.byte-limit = 33554432 (custom)
2019-07-13 22:42:20,451 INFO  server.RaftServerConfigKeys (ConfUtils.java:logGet(43)) - raft.server.log.use.memory = false (default)
2019-07-13 22:42:20,451 INFO  server.RaftServerConfigKeys (ConfUtils.java:logGet(43)) - raft.server.log.segment.size.max = 1048576 (custom)
2019-07-13 22:42:20,451 INFO  server.RaftServerConfigKeys (ConfUtils.java:logGet(43)) - raft.server.log.purge.gap = 1000000000 (custom)
2019-07-13 22:42:20,452 INFO  server.RaftServerConfigKeys (ConfUtils.java:logGet(43)) - raft.server.log.segment.cache.num.max = 2 (custom)
2019-07-13 22:42:20,452 INFO  server.RaftServerConfigKeys (ConfUtils.java:logGet(43)) - raft.server.log.purge.gap = 1000000000 (custom)
2019-07-13 22:42:20,452 INFO  segmented.SegmentedRaftLogWorker (SegmentedRaftLogWorker.java:<init>(172)) - new 3a934782-e929-4493-aafd-6b7b1f7f2551-SegmentedRaftLogWorker:Storage Directory /tmp/workdir/hadoop-ozone/integration-test/target/test-dir/MiniOzoneClusterImpl-e61ba2c4-84a8-4661-a250-40acba4e70f7/datanode-4/data/ratis/770f8ab0-8a8c-4bac-976f-cdc04a80d361 for RaftStorage:Storage Directory /tmp/workdir/hadoop-ozone/integration-test/target/test-dir/MiniOzoneClusterImpl-e61ba2c4-84a8-4661-a250-40acba4e70f7/datanode-4/data/ratis/770f8ab0-8a8c-4bac-976f-cdc04a80d361
2019-07-13 22:42:20,452 INFO  server.RaftServerConfigKeys (ConfUtils.java:logGet(43)) - raft.server.log.appender.buffer.byte-limit = 33554432 (custom)
2019-07-13 22:42:20,452 INFO  server.RaftServerConfigKeys (ConfUtils.java:logGet(43)) - raft.server.log.queue.byte-limit = 2147483647 (custom)
2019-07-13 22:42:20,452 INFO  server.RaftServerConfigKeys (ConfUtils.java:logGet(43)) - raft.server.log.queue.element-limit = 1024 (custom)
2019-07-13 22:42:20,452 INFO  server.RaftServerConfigKeys (ConfUtils.java:logGet(43)) - raft.server.log.appender.buffer.byte-limit = 33554432 (custom)
2019-07-13 22:42:20,453 INFO  server.RaftServerConfigKeys (ConfUtils.java:logGet(43)) - raft.server.log.segment.size.max = 1048576 (custom)
2019-07-13 22:42:20,452 INFO  server.RaftServerConfigKeys (ConfUtils.java:logGet(43)) - raft.server.log.segment.size.max = 1048576 (custom)
2019-07-13 22:42:20,453 INFO  server.RaftServerConfigKeys (ConfUtils.java:logGet(43)) - raft.server.log.preallocated.size = 16384 (custom)
2019-07-13 22:42:20,453 INFO  server.RaftServerConfigKeys (ConfUtils.java:logGet(43)) - raft.server.log.segment.size.max = 1048576 (custom)
2019-07-13 22:42:20,453 INFO  server.RaftServerConfigKeys (ConfUtils.java:logGet(43)) - raft.server.log.write.buffer.size = 33554432 (custom)
2019-07-13 22:42:20,453 INFO  server.RaftServerConfigKeys (ConfUtils.java:logGet(43)) - raft.server.log.force.sync.num = 128 (default)
2019-07-13 22:42:20,453 INFO  server.RaftServerConfigKeys (ConfUtils.java:logGet(43)) - raft.server.log.segment.cache.num.max = 2 (custom)
2019-07-13 22:42:20,453 INFO  server.RaftServerConfigKeys (ConfUtils.java:logGet(43)) - raft.server.log.statemachine.data.sync = true (default)
2019-07-13 22:42:20,453 INFO  server.RaftServerConfigKeys (ConfUtils.java:logGet(43)) - raft.server.log.segment.cache.num.max = 2 (custom)
2019-07-13 22:42:20,454 INFO  server.RaftServerConfigKeys (ConfUtils.java:logGet(43)) - raft.server.log.statemachine.data.sync.timeout = 10s (default)
2019-07-13 22:42:20,454 INFO  server.RaftServerConfigKeys (ConfUtils.java:logGet(43)) - raft.server.log.statemachine.data.sync.timeout.retry = -1 (default)
2019-07-13 22:42:20,454 INFO  segmented.SegmentedRaftLogWorker (SegmentedRaftLogWorker.java:<init>(172)) - new 69f0d879-ae08-4abf-9125-0d740acdb91b-SegmentedRaftLogWorker:Storage Directory /tmp/workdir/hadoop-ozone/integration-test/target/test-dir/MiniOzoneClusterImpl-e61ba2c4-84a8-4661-a250-40acba4e70f7/datanode-3/data/ratis/770f8ab0-8a8c-4bac-976f-cdc04a80d361 for RaftStorage:Storage Directory /tmp/workdir/hadoop-ozone/integration-test/target/test-dir/MiniOzoneClusterImpl-e61ba2c4-84a8-4661-a250-40acba4e70f7/datanode-3/data/ratis/770f8ab0-8a8c-4bac-976f-cdc04a80d361
2019-07-13 22:42:20,454 INFO  server.RaftServerConfigKeys (ConfUtils.java:logGet(43)) - raft.server.log.statemachine.data.caching.enabled = true (custom)
2019-07-13 22:42:20,454 INFO  segmented.SegmentedRaftLogWorker (SegmentedRaftLogWorker.java:<init>(172)) - new be1d966f-d6d3-4083-911a-9cf613e6b51b-SegmentedRaftLogWorker:Storage Directory /tmp/workdir/hadoop-ozone/integration-test/target/test-dir/MiniOzoneClusterImpl-e61ba2c4-84a8-4661-a250-40acba4e70f7/datanode-5/data/ratis/770f8ab0-8a8c-4bac-976f-cdc04a80d361 for RaftStorage:Storage Directory /tmp/workdir/hadoop-ozone/integration-test/target/test-dir/MiniOzoneClusterImpl-e61ba2c4-84a8-4661-a250-40acba4e70f7/datanode-5/data/ratis/770f8ab0-8a8c-4bac-976f-cdc04a80d361
2019-07-13 22:42:20,454 INFO  server.RaftServerConfigKeys (ConfUtils.java:logGet(43)) - raft.server.log.queue.byte-limit = 2147483647 (custom)
2019-07-13 22:42:20,455 INFO  segmented.SegmentedRaftLogWorker (SegmentedRaftLogWorker.java:lambda$new$0(132)) - 3a934782-e929-4493-aafd-6b7b1f7f2551-SegmentedRaftLogWorker:Storage Directory /tmp/workdir/hadoop-ozone/integration-test/target/test-dir/MiniOzoneClusterImpl-e61ba2c4-84a8-4661-a250-40acba4e70f7/datanode-4/data/ratis/770f8ab0-8a8c-4bac-976f-cdc04a80d361: flushIndex: setUnconditionally 0 -> -1
2019-07-13 22:42:20,455 INFO  server.RaftServerConfigKeys (ConfUtils.java:logGet(43)) - raft.server.log.queue.byte-limit = 2147483647 (custom)
2019-07-13 22:42:20,455 INFO  server.RaftServerConfigKeys (ConfUtils.java:logGet(43)) - raft.server.log.queue.element-limit = 1024 (custom)
2019-07-13 22:42:20,455 INFO  server.RaftServerConfigKeys (ConfUtils.java:logGet(43)) - raft.server.snapshot.auto.trigger.enabled = true (custom)
2019-07-13 22:42:20,455 INFO  server.RaftServerConfigKeys (ConfUtils.java:logGet(43)) - raft.server.log.queue.element-limit = 1024 (custom)
2019-07-13 22:42:20,455 INFO  server.RaftServerConfigKeys (ConfUtils.java:logGet(43)) - raft.server.snapshot.auto.trigger.threshold = 10000 (custom)
2019-07-13 22:42:20,455 INFO  server.RaftServerConfigKeys (ConfUtils.java:logGet(43)) - raft.server.log.segment.size.max = 1048576 (custom)
2019-07-13 22:42:20,456 INFO  server.RaftServerConfigKeys (ConfUtils.java:logGet(43)) - raft.server.retrycache.expirytime = 600000ms (custom)
2019-07-13 22:42:20,455 INFO  server.RaftServerConfigKeys (ConfUtils.java:logGet(43)) - raft.server.log.segment.size.max = 1048576 (custom)
2019-07-13 22:42:20,456 INFO  impl.RaftServerImpl (RaftServerImpl.java:start(180)) - 3a934782-e929-4493-aafd-6b7b1f7f2551: start group-CDC04A80D361
2019-07-13 22:42:20,456 INFO  server.RaftServerConfigKeys (ConfUtils.java:logGet(43)) - raft.server.log.preallocated.size = 16384 (custom)
2019-07-13 22:42:20,456 INFO  impl.RaftServerImpl (RaftServerImpl.java:setRole(171)) - 3a934782-e929-4493-aafd-6b7b1f7f2551:group-CDC04A80D361 changes role from null to FOLLOWER at term 0 for startAsFollower
2019-07-13 22:42:20,456 INFO  server.RaftServerConfigKeys (ConfUtils.java:logGet(43)) - raft.server.log.preallocated.size = 16384 (custom)
2019-07-13 22:42:20,456 INFO  impl.RoleInfo (RoleInfo.java:updateAndGet(143)) - 3a934782-e929-4493-aafd-6b7b1f7f2551: start FollowerState
2019-07-13 22:42:20,456 INFO  server.RaftServerConfigKeys (ConfUtils.java:logGet(43)) - raft.server.log.write.buffer.size = 33554432 (custom)
2019-07-13 22:42:20,456 INFO  server.RaftServerConfigKeys (ConfUtils.java:logGet(43)) - raft.server.log.write.buffer.size = 33554432 (custom)
2019-07-13 22:42:20,457 INFO  server.RaftServerConfigKeys (ConfUtils.java:logGet(43)) - raft.server.log.force.sync.num = 128 (default)
2019-07-13 22:42:20,457 INFO  server.RaftServerConfigKeys (ConfUtils.java:logGet(43)) - raft.server.log.force.sync.num = 128 (default)
2019-07-13 22:42:20,457 INFO  util.JmxRegister (JmxRegister.java:tryRegister(44)) - Successfully registered JMX Bean with object name Ratis:service=RaftServer,group=group-CDC04A80D361,id=3a934782-e929-4493-aafd-6b7b1f7f2551
2019-07-13 22:42:20,457 INFO  server.RaftServerConfigKeys (ConfUtils.java:logGet(43)) - raft.server.log.statemachine.data.sync = true (default)
2019-07-13 22:42:20,457 INFO  server.RaftServerConfigKeys (ConfUtils.java:logGet(43)) - raft.server.log.statemachine.data.sync.timeout = 10s (default)
2019-07-13 22:42:20,457 INFO  server.RaftServerConfigKeys (ConfUtils.java:logGet(43)) - raft.server.log.statemachine.data.sync = true (default)
2019-07-13 22:42:20,457 INFO  server.RaftServerConfigKeys (ConfUtils.java:logGet(43)) - raft.server.log.statemachine.data.sync.timeout.retry = -1 (default)
2019-07-13 22:42:20,457 INFO  server.RaftServerConfigKeys (ConfUtils.java:logGet(43)) - raft.server.log.statemachine.data.sync.timeout = 10s (default)
2019-07-13 22:42:20,457 INFO  server.RaftServerConfigKeys (ConfUtils.java:logGet(43)) - raft.server.log.statemachine.data.caching.enabled = true (custom)
2019-07-13 22:42:20,458 INFO  server.RaftServerConfigKeys (ConfUtils.java:logGet(43)) - raft.server.log.statemachine.data.sync.timeout.retry = -1 (default)
2019-07-13 22:42:20,458 INFO  segmented.SegmentedRaftLogWorker (SegmentedRaftLogWorker.java:lambda$new$0(132)) - be1d966f-d6d3-4083-911a-9cf613e6b51b-SegmentedRaftLogWorker:Storage Directory /tmp/workdir/hadoop-ozone/integration-test/target/test-dir/MiniOzoneClusterImpl-e61ba2c4-84a8-4661-a250-40acba4e70f7/datanode-5/data/ratis/770f8ab0-8a8c-4bac-976f-cdc04a80d361: flushIndex: setUnconditionally 0 -> -1
2019-07-13 22:42:20,458 INFO  server.RaftServerConfigKeys (ConfUtils.java:logGet(43)) - raft.server.log.statemachine.data.caching.enabled = true (custom)
2019-07-13 22:42:20,458 INFO  server.RaftServerConfigKeys (ConfUtils.java:logGet(43)) - raft.server.snapshot.auto.trigger.enabled = true (custom)
2019-07-13 22:42:20,458 INFO  server.RaftServerConfigKeys (ConfUtils.java:logGet(43)) - raft.server.snapshot.auto.trigger.threshold = 10000 (custom)
2019-07-13 22:42:20,458 INFO  segmented.SegmentedRaftLogWorker (SegmentedRaftLogWorker.java:lambda$new$0(132)) - 69f0d879-ae08-4abf-9125-0d740acdb91b-SegmentedRaftLogWorker:Storage Directory /tmp/workdir/hadoop-ozone/integration-test/target/test-dir/MiniOzoneClusterImpl-e61ba2c4-84a8-4661-a250-40acba4e70f7/datanode-3/data/ratis/770f8ab0-8a8c-4bac-976f-cdc04a80d361: flushIndex: setUnconditionally 0 -> -1
2019-07-13 22:42:20,458 INFO  server.RaftServerConfigKeys (ConfUtils.java:logGet(43)) - raft.server.retrycache.expirytime = 600000ms (custom)
2019-07-13 22:42:20,458 INFO  impl.RaftServerImpl (RaftServerImpl.java:start(180)) - be1d966f-d6d3-4083-911a-9cf613e6b51b: start group-CDC04A80D361
2019-07-13 22:42:20,459 INFO  server.RaftServerConfigKeys (ConfUtils.java:logGet(43)) - raft.server.snapshot.auto.trigger.enabled = true (custom)
2019-07-13 22:42:20,459 INFO  impl.RaftServerImpl (RaftServerImpl.java:setRole(171)) - be1d966f-d6d3-4083-911a-9cf613e6b51b:group-CDC04A80D361 changes role from null to FOLLOWER at term 0 for startAsFollower
2019-07-13 22:42:20,459 INFO  server.RaftServerConfigKeys (ConfUtils.java:logGet(43)) - raft.server.snapshot.auto.trigger.threshold = 10000 (custom)
2019-07-13 22:42:20,459 INFO  impl.RoleInfo (RoleInfo.java:updateAndGet(143)) - be1d966f-d6d3-4083-911a-9cf613e6b51b: start FollowerState
2019-07-13 22:42:20,459 INFO  server.RaftServerConfigKeys (ConfUtils.java:logGet(43)) - raft.server.retrycache.expirytime = 600000ms (custom)
2019-07-13 22:42:20,459 INFO  impl.RaftServerImpl (RaftServerImpl.java:start(180)) - 69f0d879-ae08-4abf-9125-0d740acdb91b: start group-CDC04A80D361
2019-07-13 22:42:20,459 INFO  util.JmxRegister (JmxRegister.java:tryRegister(44)) - Successfully registered JMX Bean with object name Ratis:service=RaftServer,group=group-CDC04A80D361,id=be1d966f-d6d3-4083-911a-9cf613e6b51b
2019-07-13 22:42:20,459 INFO  impl.RaftServerImpl (RaftServerImpl.java:setRole(171)) - 69f0d879-ae08-4abf-9125-0d740acdb91b:group-CDC04A80D361 changes role from null to FOLLOWER at term 0 for startAsFollower
2019-07-13 22:42:20,460 INFO  impl.RoleInfo (RoleInfo.java:updateAndGet(143)) - 69f0d879-ae08-4abf-9125-0d740acdb91b: start FollowerState
2019-07-13 22:42:20,460 INFO  util.JmxRegister (JmxRegister.java:tryRegister(44)) - Successfully registered JMX Bean with object name Ratis:service=RaftServer,group=group-CDC04A80D361,id=69f0d879-ae08-4abf-9125-0d740acdb91b
2019-07-13 22:42:20,462 INFO  pipeline.PipelineStateManager (PipelineStateManager.java:addPipeline(56)) - Created pipeline Pipeline[ Id: 770f8ab0-8a8c-4bac-976f-cdc04a80d361, Nodes: 3a934782-e929-4493-aafd-6b7b1f7f2551{ip: 192.168.5.159, host: trunk-nightly-x8m8d-1534914823, networkLocation: /default-rack, certSerialId: null}be1d966f-d6d3-4083-911a-9cf613e6b51b{ip: 192.168.5.159, host: trunk-nightly-x8m8d-1534914823, networkLocation: /default-rack, certSerialId: null}69f0d879-ae08-4abf-9125-0d740acdb91b{ip: 192.168.5.159, host: trunk-nightly-x8m8d-1534914823, networkLocation: /default-rack, certSerialId: null}, Type:RATIS, Factor:THREE, State:OPEN]
2019-07-13 22:42:20,507 INFO  client.GrpcClientProtocolClient (GrpcClientProtocolClient.java:onNext(255)) - client-CFE489BD6E48->3a934782-e929-4493-aafd-6b7b1f7f2551: receive RaftClientReply:client-CFE489BD6E48->3a934782-e929-4493-aafd-6b7b1f7f2551@group-CDC04A80D361, cid=106, FAILED org.apache.ratis.protocol.NotLeaderException: Server 3a934782-e929-4493-aafd-6b7b1f7f2551 is not the leader (null). Request must be sent to leader., logIndex=0, commits[3a934782-e929-4493-aafd-6b7b1f7f2551:c-1]
2019-07-13 22:42:21,561 INFO  client.GrpcClientProtocolClient (GrpcClientProtocolClient.java:onNext(255)) - client-CFE489BD6E48->be1d966f-d6d3-4083-911a-9cf613e6b51b: receive RaftClientReply:client-CFE489BD6E48->be1d966f-d6d3-4083-911a-9cf613e6b51b@group-CDC04A80D361, cid=106, FAILED org.apache.ratis.protocol.NotLeaderException: Server be1d966f-d6d3-4083-911a-9cf613e6b51b is not the leader (null). Request must be sent to leader., logIndex=0, commits[be1d966f-d6d3-4083-911a-9cf613e6b51b:c-1]
2019-07-13 22:42:22,057 INFO  container.ReplicationManager (ReplicationManager.java:start(155)) - Starting Replication Monitor Thread.
2019-07-13 22:42:22,070 INFO  container.ReplicationManager (ReplicationManager.java:run(207)) - Replication Monitor Thread took 0 milliseconds for processing 1 containers.
2019-07-13 22:42:22,609 INFO  client.GrpcClientProtocolClient (GrpcClientProtocolClient.java:onNext(255)) - client-CFE489BD6E48->69f0d879-ae08-4abf-9125-0d740acdb91b: receive RaftClientReply:client-CFE489BD6E48->69f0d879-ae08-4abf-9125-0d740acdb91b@group-CDC04A80D361, cid=106, FAILED org.apache.ratis.protocol.NotLeaderException: Server 69f0d879-ae08-4abf-9125-0d740acdb91b is not the leader (null). Request must be sent to leader., logIndex=0, commits[69f0d879-ae08-4abf-9125-0d740acdb91b:c-1]
2019-07-13 22:42:23,652 INFO  client.GrpcClientProtocolClient (GrpcClientProtocolClient.java:onNext(255)) - client-CFE489BD6E48->3a934782-e929-4493-aafd-6b7b1f7f2551: receive RaftClientReply:client-CFE489BD6E48->3a934782-e929-4493-aafd-6b7b1f7f2551@group-CDC04A80D361, cid=106, FAILED org.apache.ratis.protocol.NotLeaderException: Server 3a934782-e929-4493-aafd-6b7b1f7f2551 is not the leader (null). Request must be sent to leader., logIndex=0, commits[3a934782-e929-4493-aafd-6b7b1f7f2551:c-1]
2019-07-13 22:42:24,281 INFO  impl.FollowerState (FollowerState.java:run(106)) - 374c33b3-4076-4259-ac54-11950597c629:group-4D0D57DAE75A changes to CANDIDATE, lastRpcTime:5184, electionTimeout:5184ms
2019-07-13 22:42:24,281 INFO  impl.RoleInfo (RoleInfo.java:shutdownFollowerState(121)) - 374c33b3-4076-4259-ac54-11950597c629: shutdown FollowerState
2019-07-13 22:42:24,281 INFO  impl.RaftServerImpl (RaftServerImpl.java:setRole(171)) - 374c33b3-4076-4259-ac54-11950597c629:group-4D0D57DAE75A changes role from FOLLOWER to CANDIDATE at term 0 for changeToCandidate
2019-07-13 22:42:24,281 INFO  impl.RoleInfo (RoleInfo.java:updateAndGet(143)) - 374c33b3-4076-4259-ac54-11950597c629: start LeaderElection
2019-07-13 22:42:24,324 INFO  impl.LeaderElection (LeaderElection.java:askForVotes(181)) - 374c33b3-4076-4259-ac54-11950597c629:group-4D0D57DAE75A:LeaderElection61: begin an election at term 1 for -1: [374c33b3-4076-4259-ac54-11950597c629:192.168.5.159:44882], old=null
2019-07-13 22:42:24,325 INFO  impl.RoleInfo (RoleInfo.java:shutdownLeaderElection(134)) - 374c33b3-4076-4259-ac54-11950597c629: shutdown LeaderElection
2019-07-13 22:42:24,325 INFO  impl.RaftServerImpl (RaftServerImpl.java:setRole(171)) - 374c33b3-4076-4259-ac54-11950597c629:group-4D0D57DAE75A changes role from CANDIDATE to LEADER at term 1 for changeToLeader
2019-07-13 22:42:24,325 INFO  impl.RaftServerImpl (ServerState.java:setLeader(263)) - 374c33b3-4076-4259-ac54-11950597c629:group-4D0D57DAE75A change Leader from null to 374c33b3-4076-4259-ac54-11950597c629 at term 1 for becomeLeader, leader elected after 5233ms
2019-07-13 22:42:24,325 INFO  server.RaftServerConfigKeys (ConfUtils.java:logGet(43)) - raft.server.staging.catchup.gap = 1000 (default)
2019-07-13 22:42:24,325 INFO  server.RaftServerConfigKeys (ConfUtils.java:logGet(43)) - raft.server.rpc.sleep.time = 25ms (default)
2019-07-13 22:42:24,325 INFO  server.RaftServerConfigKeys (ConfUtils.java:logGet(43)) - raft.server.write.element-limit = 4096 (default)
2019-07-13 22:42:24,326 INFO  server.RaftServerConfigKeys (ConfUtils.java:logGet(43)) - raft.server.watch.timeout = 10s (default)
2019-07-13 22:42:24,326 INFO  server.RaftServerConfigKeys (ConfUtils.java:logGet(43)) - raft.server.watch.timeout.denomination = 1s (default)
2019-07-13 22:42:24,326 INFO  server.RaftServerConfigKeys (ConfUtils.java:logGet(43)) - raft.server.watch.element-limit = 65536 (default)
2019-07-13 22:42:24,326 INFO  impl.RoleInfo (RoleInfo.java:updateAndGet(143)) - 374c33b3-4076-4259-ac54-11950597c629: start LeaderState
2019-07-13 22:42:24,327 INFO  segmented.SegmentedRaftLogWorker (SegmentedRaftLogWorker.java:startLogSegment(380)) - 374c33b3-4076-4259-ac54-11950597c629-SegmentedRaftLogWorker:Storage Directory /tmp/workdir/hadoop-ozone/integration-test/target/test-dir/MiniOzoneClusterImpl-e61ba2c4-84a8-4661-a250-40acba4e70f7/datanode-0/data/ratis/3248380e-46a7-4bd6-a29e-4d0d57dae75a: Starting segment from index:0
2019-07-13 22:42:24,327 INFO  impl.RaftServerImpl (ServerState.java:setRaftConf(361)) - 374c33b3-4076-4259-ac54-11950597c629:group-4D0D57DAE75A set configuration 0: [374c33b3-4076-4259-ac54-11950597c629:192.168.5.159:44882], old=null at 0
2019-07-13 22:42:24,358 INFO  segmented.SegmentedRaftLogWorker (SegmentedRaftLogWorker.java:execute(569)) - 374c33b3-4076-4259-ac54-11950597c629-SegmentedRaftLogWorker:Storage Directory /tmp/workdir/hadoop-ozone/integration-test/target/test-dir/MiniOzoneClusterImpl-e61ba2c4-84a8-4661-a250-40acba4e70f7/datanode-0/data/ratis/3248380e-46a7-4bd6-a29e-4d0d57dae75a: created new log segment /tmp/workdir/hadoop-ozone/integration-test/target/test-dir/MiniOzoneClusterImpl-e61ba2c4-84a8-4661-a250-40acba4e70f7/datanode-0/data/ratis/3248380e-46a7-4bd6-a29e-4d0d57dae75a/current/log_inprogress_0
2019-07-13 22:42:24,450 INFO  impl.FollowerState (FollowerState.java:run(106)) - b1a8fa40-2b82-4386-8a5d-7e0772ec64e7:group-9DE9AFCD6D7B changes to CANDIDATE, lastRpcTime:5065, electionTimeout:5065ms
2019-07-13 22:42:24,450 INFO  impl.RoleInfo (RoleInfo.java:shutdownFollowerState(121)) - b1a8fa40-2b82-4386-8a5d-7e0772ec64e7: shutdown FollowerState
2019-07-13 22:42:24,450 INFO  impl.RaftServerImpl (RaftServerImpl.java:setRole(171)) - b1a8fa40-2b82-4386-8a5d-7e0772ec64e7:group-9DE9AFCD6D7B changes role from FOLLOWER to CANDIDATE at term 0 for changeToCandidate
2019-07-13 22:42:24,450 INFO  impl.RoleInfo (RoleInfo.java:updateAndGet(143)) - b1a8fa40-2b82-4386-8a5d-7e0772ec64e7: start LeaderElection
2019-07-13 22:42:24,487 INFO  impl.LeaderElection (LeaderElection.java:askForVotes(181)) - b1a8fa40-2b82-4386-8a5d-7e0772ec64e7:group-9DE9AFCD6D7B:LeaderElection62: begin an election at term 1 for -1: [b1a8fa40-2b82-4386-8a5d-7e0772ec64e7:192.168.5.159:33429], old=null
2019-07-13 22:42:24,487 INFO  impl.RoleInfo (RoleInfo.java:shutdownLeaderElection(134)) - b1a8fa40-2b82-4386-8a5d-7e0772ec64e7: shutdown LeaderElection
2019-07-13 22:42:24,487 INFO  impl.RaftServerImpl (RaftServerImpl.java:setRole(171)) - b1a8fa40-2b82-4386-8a5d-7e0772ec64e7:group-9DE9AFCD6D7B changes role from CANDIDATE to LEADER at term 1 for changeToLeader
2019-07-13 22:42:24,487 INFO  impl.RaftServerImpl (ServerState.java:setLeader(263)) - b1a8fa40-2b82-4386-8a5d-7e0772ec64e7:group-9DE9AFCD6D7B change Leader from null to b1a8fa40-2b82-4386-8a5d-7e0772ec64e7 at term 1 for becomeLeader, leader elected after 5107ms
2019-07-13 22:42:24,488 INFO  server.RaftServerConfigKeys (ConfUtils.java:logGet(43)) - raft.server.staging.catchup.gap = 1000 (default)
2019-07-13 22:42:24,488 INFO  server.RaftServerConfigKeys (ConfUtils.java:logGet(43)) - raft.server.rpc.sleep.time = 25ms (default)
2019-07-13 22:42:24,488 INFO  server.RaftServerConfigKeys (ConfUtils.java:logGet(43)) - raft.server.write.element-limit = 4096 (default)
2019-07-13 22:42:24,488 INFO  server.RaftServerConfigKeys (ConfUtils.java:logGet(43)) - raft.server.watch.timeout = 10s (default)
2019-07-13 22:42:24,488 INFO  server.RaftServerConfigKeys (ConfUtils.java:logGet(43)) - raft.server.watch.timeout.denomination = 1s (default)
2019-07-13 22:42:24,488 INFO  server.RaftServerConfigKeys (ConfUtils.java:logGet(43)) - raft.server.watch.element-limit = 65536 (default)
2019-07-13 22:42:24,489 INFO  impl.RoleInfo (RoleInfo.java:updateAndGet(143)) - b1a8fa40-2b82-4386-8a5d-7e0772ec64e7: start LeaderState
2019-07-13 22:42:24,489 INFO  segmented.SegmentedRaftLogWorker (SegmentedRaftLogWorker.java:startLogSegment(380)) - b1a8fa40-2b82-4386-8a5d-7e0772ec64e7-SegmentedRaftLogWorker:Storage Directory /tmp/workdir/hadoop-ozone/integration-test/target/test-dir/MiniOzoneClusterImpl-e61ba2c4-84a8-4661-a250-40acba4e70f7/datanode-1/data/ratis/b0cb17e9-eacc-4a9e-8f9d-9de9afcd6d7b: Starting segment from index:0
2019-07-13 22:42:24,489 INFO  impl.RaftServerImpl (ServerState.java:setRaftConf(361)) - b1a8fa40-2b82-4386-8a5d-7e0772ec64e7:group-9DE9AFCD6D7B set configuration 0: [b1a8fa40-2b82-4386-8a5d-7e0772ec64e7:192.168.5.159:33429], old=null at 0
2019-07-13 22:42:24,511 INFO  segmented.SegmentedRaftLogWorker (SegmentedRaftLogWorker.java:execute(569)) - b1a8fa40-2b82-4386-8a5d-7e0772ec64e7-SegmentedRaftLogWorker:Storage Directory /tmp/workdir/hadoop-ozone/integration-test/target/test-dir/MiniOzoneClusterImpl-e61ba2c4-84a8-4661-a250-40acba4e70f7/datanode-1/data/ratis/b0cb17e9-eacc-4a9e-8f9d-9de9afcd6d7b: created new log segment /tmp/workdir/hadoop-ozone/integration-test/target/test-dir/MiniOzoneClusterImpl-e61ba2c4-84a8-4661-a250-40acba4e70f7/datanode-1/data/ratis/b0cb17e9-eacc-4a9e-8f9d-9de9afcd6d7b/current/log_inprogress_0
2019-07-13 22:42:24,694 INFO  client.GrpcClientProtocolClient (GrpcClientProtocolClient.java:onNext(255)) - client-CFE489BD6E48->be1d966f-d6d3-4083-911a-9cf613e6b51b: receive RaftClientReply:client-CFE489BD6E48->be1d966f-d6d3-4083-911a-9cf613e6b51b@group-CDC04A80D361, cid=106, FAILED org.apache.ratis.protocol.NotLeaderException: Server be1d966f-d6d3-4083-911a-9cf613e6b51b is not the leader (null). Request must be sent to leader., logIndex=0, commits[be1d966f-d6d3-4083-911a-9cf613e6b51b:c-1]
2019-07-13 22:42:24,729 WARN  io.KeyOutputStream (KeyOutputStream.java:handleException(276)) - Encountered exception java.io.IOException: Unexpected Storage Container Exception: java.util.concurrent.CompletionException: java.util.concurrent.CompletionException: org.apache.ratis.protocol.RaftRetryFailureException: Failed RaftClientRequest:client-CFE489BD6E48->be1d966f-d6d3-4083-911a-9cf613e6b51b@group-CDC04A80D361, cid=106, seq=1*, RW, org.apache.hadoop.hdds.scm.XceiverClientRatis$$Lambda$309/1480893137@33d8c6fc for 5 attempts with RetryLimited(maxAttempts=5, sleepTime=1000ms) on the pipeline Pipeline[ Id: 770f8ab0-8a8c-4bac-976f-cdc04a80d361, Nodes: 3a934782-e929-4493-aafd-6b7b1f7f2551{ip: 192.168.5.159, host: trunk-nightly-x8m8d-1534914823, networkLocation: /default-rack, certSerialId: null}be1d966f-d6d3-4083-911a-9cf613e6b51b{ip: 192.168.5.159, host: trunk-nightly-x8m8d-1534914823, networkLocation: /default-rack, certSerialId: null}69f0d879-ae08-4abf-9125-0d740acdb91b{ip: 192.168.5.159, host: trunk-nightly-x8m8d-1534914823, networkLocation: /default-rack, certSerialId: null}, Type:RATIS, Factor:THREE, State:OPEN]. The last committed block length is 0, uncommitted data length is 1048576 retry count 0
2019-07-13 22:42:24,790 INFO  client.GrpcClientProtocolClient (GrpcClientProtocolClient.java:onNext(255)) - client-52D4E6168C37->558aed7f-a82f-4247-861c-9af63d2a895c: receive RaftClientReply:client-52D4E6168C37->558aed7f-a82f-4247-861c-9af63d2a895c@group-6C1CA62ECE3B, cid=108, FAILED org.apache.ratis.protocol.NotLeaderException: Server 558aed7f-a82f-4247-861c-9af63d2a895c is not the leader (null). Request must be sent to leader., logIndex=0, commits[558aed7f-a82f-4247-861c-9af63d2a895c:c-1]
2019-07-13 22:42:24,896 INFO  impl.FollowerState (FollowerState.java:run(106)) - 558aed7f-a82f-4247-861c-9af63d2a895c:group-74F6AC9CA46C changes to CANDIDATE, lastRpcTime:5110, electionTimeout:5110ms
2019-07-13 22:42:24,896 INFO  impl.RoleInfo (RoleInfo.java:shutdownFollowerState(121)) - 558aed7f-a82f-4247-861c-9af63d2a895c: shutdown FollowerState
2019-07-13 22:42:24,896 INFO  impl.RaftServerImpl (RaftServerImpl.java:setRole(171)) - 558aed7f-a82f-4247-861c-9af63d2a895c:group-74F6AC9CA46C changes role from FOLLOWER to CANDIDATE at term 0 for changeToCandidate
2019-07-13 22:42:24,896 INFO  impl.RoleInfo (RoleInfo.java:updateAndGet(143)) - 558aed7f-a82f-4247-861c-9af63d2a895c: start LeaderElection
2019-07-13 22:42:24,926 INFO  impl.LeaderElection (LeaderElection.java:askForVotes(181)) - 558aed7f-a82f-4247-861c-9af63d2a895c:group-74F6AC9CA46C:LeaderElection63: begin an election at term 1 for -1: [558aed7f-a82f-4247-861c-9af63d2a895c:192.168.5.159:44152], old=null
2019-07-13 22:42:24,926 INFO  impl.RoleInfo (RoleInfo.java:shutdownLeaderElection(134)) - 558aed7f-a82f-4247-861c-9af63d2a895c: shutdown LeaderElection
2019-07-13 22:42:24,926 INFO  impl.RaftServerImpl (RaftServerImpl.java:setRole(171)) - 558aed7f-a82f-4247-861c-9af63d2a895c:group-74F6AC9CA46C changes role from CANDIDATE to LEADER at term 1 for changeToLeader
2019-07-13 22:42:24,926 INFO  impl.RaftServerImpl (ServerState.java:setLeader(263)) - 558aed7f-a82f-4247-861c-9af63d2a895c:group-74F6AC9CA46C change Leader from null to 558aed7f-a82f-4247-861c-9af63d2a895c at term 1 for becomeLeader, leader elected after 5145ms
2019-07-13 22:42:24,926 INFO  server.RaftServerConfigKeys (ConfUtils.java:logGet(43)) - raft.server.staging.catchup.gap = 1000 (default)
2019-07-13 22:42:24,927 INFO  server.RaftServerConfigKeys (ConfUtils.java:logGet(43)) - raft.server.rpc.sleep.time = 25ms (default)
2019-07-13 22:42:24,927 INFO  server.RaftServerConfigKeys (ConfUtils.java:logGet(43)) - raft.server.write.element-limit = 4096 (default)
2019-07-13 22:42:24,927 INFO  server.RaftServerConfigKeys (ConfUtils.java:logGet(43)) - raft.server.watch.timeout = 10s (default)
2019-07-13 22:42:24,927 INFO  server.RaftServerConfigKeys (ConfUtils.java:logGet(43)) - raft.server.watch.timeout.denomination = 1s (default)
2019-07-13 22:42:24,927 INFO  server.RaftServerConfigKeys (ConfUtils.java:logGet(43)) - raft.server.watch.element-limit = 65536 (default)
2019-07-13 22:42:24,927 INFO  impl.RoleInfo (RoleInfo.java:updateAndGet(143)) - 558aed7f-a82f-4247-861c-9af63d2a895c: start LeaderState
2019-07-13 22:42:24,928 INFO  segmented.SegmentedRaftLogWorker (SegmentedRaftLogWorker.java:startLogSegment(380)) - 558aed7f-a82f-4247-861c-9af63d2a895c-SegmentedRaftLogWorker:Storage Directory /tmp/workdir/hadoop-ozone/integration-test/target/test-dir/MiniOzoneClusterImpl-e61ba2c4-84a8-4661-a250-40acba4e70f7/datanode-2/data/ratis/9f6cf11a-ea7f-4966-a421-74f6ac9ca46c: Starting segment from index:0
2019-07-13 22:42:24,928 INFO  impl.RaftServerImpl (ServerState.java:setRaftConf(361)) - 558aed7f-a82f-4247-861c-9af63d2a895c:group-74F6AC9CA46C set configuration 0: [558aed7f-a82f-4247-861c-9af63d2a895c:192.168.5.159:44152], old=null at 0
2019-07-13 22:42:24,949 INFO  segmented.SegmentedRaftLogWorker (SegmentedRaftLogWorker.java:execute(569)) - 558aed7f-a82f-4247-861c-9af63d2a895c-SegmentedRaftLogWorker:Storage Directory /tmp/workdir/hadoop-ozone/integration-test/target/test-dir/MiniOzoneClusterImpl-e61ba2c4-84a8-4661-a250-40acba4e70f7/datanode-2/data/ratis/9f6cf11a-ea7f-4966-a421-74f6ac9ca46c: created new log segment /tmp/workdir/hadoop-ozone/integration-test/target/test-dir/MiniOzoneClusterImpl-e61ba2c4-84a8-4661-a250-40acba4e70f7/datanode-2/data/ratis/9f6cf11a-ea7f-4966-a421-74f6ac9ca46c/current/log_inprogress_0
2019-07-13 22:42:24,982 INFO  impl.FollowerState (FollowerState.java:run(106)) - b1a8fa40-2b82-4386-8a5d-7e0772ec64e7:group-6C1CA62ECE3B changes to CANDIDATE, lastRpcTime:5065, electionTimeout:5065ms
2019-07-13 22:42:24,982 INFO  impl.RoleInfo (RoleInfo.java:shutdownFollowerState(121)) - b1a8fa40-2b82-4386-8a5d-7e0772ec64e7: shutdown FollowerState
2019-07-13 22:42:24,982 INFO  impl.RaftServerImpl (RaftServerImpl.java:setRole(171)) - b1a8fa40-2b82-4386-8a5d-7e0772ec64e7:group-6C1CA62ECE3B changes role from FOLLOWER to CANDIDATE at term 0 for changeToCandidate
2019-07-13 22:42:24,982 INFO  impl.RoleInfo (RoleInfo.java:updateAndGet(143)) - b1a8fa40-2b82-4386-8a5d-7e0772ec64e7: start LeaderElection
2019-07-13 22:42:25,011 INFO  impl.FollowerState (FollowerState.java:run(106)) - 558aed7f-a82f-4247-861c-9af63d2a895c:group-6C1CA62ECE3B changes to CANDIDATE, lastRpcTime:5099, electionTimeout:5099ms
2019-07-13 22:42:25,011 INFO  impl.RoleInfo (RoleInfo.java:shutdownFollowerState(121)) - 558aed7f-a82f-4247-861c-9af63d2a895c: shutdown FollowerState
2019-07-13 22:42:25,011 INFO  impl.RaftServerImpl (RaftServerImpl.java:setRole(171)) - 558aed7f-a82f-4247-861c-9af63d2a895c:group-6C1CA62ECE3B changes role from FOLLOWER to CANDIDATE at term 0 for changeToCandidate
2019-07-13 22:42:25,012 INFO  impl.RoleInfo (RoleInfo.java:updateAndGet(143)) - 558aed7f-a82f-4247-861c-9af63d2a895c: start LeaderElection
2019-07-13 22:42:25,025 INFO  impl.LeaderElection (LeaderElection.java:askForVotes(181)) - b1a8fa40-2b82-4386-8a5d-7e0772ec64e7:group-6C1CA62ECE3B:LeaderElection64: begin an election at term 1 for -1: [b1a8fa40-2b82-4386-8a5d-7e0772ec64e7:192.168.5.159:33429, 558aed7f-a82f-4247-861c-9af63d2a895c:192.168.5.159:44152, 374c33b3-4076-4259-ac54-11950597c629:192.168.5.159:44882], old=null
2019-07-13 22:42:25,028 INFO  impl.LeaderElection (LeaderElection.java:askForVotes(181)) - 558aed7f-a82f-4247-861c-9af63d2a895c:group-6C1CA62ECE3B:LeaderElection65: begin an election at term 1 for -1: [b1a8fa40-2b82-4386-8a5d-7e0772ec64e7:192.168.5.159:33429, 558aed7f-a82f-4247-861c-9af63d2a895c:192.168.5.159:44152, 374c33b3-4076-4259-ac54-11950597c629:192.168.5.159:44882], old=null
2019-07-13 22:42:25,038 INFO  impl.RaftServerImpl (RaftServerImpl.java:setRole(171)) - 374c33b3-4076-4259-ac54-11950597c629:group-6C1CA62ECE3B changes role from FOLLOWER to FOLLOWER at term 1 for recognizeCandidate:b1a8fa40-2b82-4386-8a5d-7e0772ec64e7
2019-07-13 22:42:25,038 INFO  impl.RoleInfo (RoleInfo.java:shutdownFollowerState(121)) - 374c33b3-4076-4259-ac54-11950597c629: shutdown FollowerState
2019-07-13 22:42:25,038 INFO  impl.RoleInfo (RoleInfo.java:updateAndGet(143)) - 374c33b3-4076-4259-ac54-11950597c629: start FollowerState
2019-07-13 22:42:25,038 INFO  impl.FollowerState (FollowerState.java:run(114)) - 374c33b3-4076-4259-ac54-11950597c629: FollowerState was interrupted: java.lang.InterruptedException: sleep interrupted
2019-07-13 22:42:25,058 INFO  impl.LeaderElection (LeaderElection.java:logAndReturn(56)) - b1a8fa40-2b82-4386-8a5d-7e0772ec64e7:group-6C1CA62ECE3B:LeaderElection64: Election PASSED; received 2 response(s) [b1a8fa40-2b82-4386-8a5d-7e0772ec64e7<-558aed7f-a82f-4247-861c-9af63d2a895c#0:FAIL-t1, b1a8fa40-2b82-4386-8a5d-7e0772ec64e7<-374c33b3-4076-4259-ac54-11950597c629#0:OK-t1] and 0 exception(s); b1a8fa40-2b82-4386-8a5d-7e0772ec64e7:t1, leader=null, voted=b1a8fa40-2b82-4386-8a5d-7e0772ec64e7, raftlog=b1a8fa40-2b82-4386-8a5d-7e0772ec64e7-SegmentedRaftLog:OPENED:c-1,f-1,i0, conf=-1: [b1a8fa40-2b82-4386-8a5d-7e0772ec64e7:192.168.5.159:33429, 558aed7f-a82f-4247-861c-9af63d2a895c:192.168.5.159:44152, 374c33b3-4076-4259-ac54-11950597c629:192.168.5.159:44882], old=null
2019-07-13 22:42:25,058 INFO  impl.LeaderElection (LeaderElection.java:logAndReturn(56)) - 558aed7f-a82f-4247-861c-9af63d2a895c:group-6C1CA62ECE3B:LeaderElection65: Election REJECTED; received 2 response(s) [558aed7f-a82f-4247-861c-9af63d2a895c<-b1a8fa40-2b82-4386-8a5d-7e0772ec64e7#0:FAIL-t1, 558aed7f-a82f-4247-861c-9af63d2a895c<-374c33b3-4076-4259-ac54-11950597c629#0:FAIL-t1] and 0 exception(s); 558aed7f-a82f-4247-861c-9af63d2a895c:t1, leader=null, voted=558aed7f-a82f-4247-861c-9af63d2a895c, raftlog=558aed7f-a82f-4247-861c-9af63d2a895c-SegmentedRaftLog:OPENED:c-1,f-1,i0, conf=-1: [b1a8fa40-2b82-4386-8a5d-7e0772ec64e7:192.168.5.159:33429, 558aed7f-a82f-4247-861c-9af63d2a895c:192.168.5.159:44152, 374c33b3-4076-4259-ac54-11950597c629:192.168.5.159:44882], old=null
2019-07-13 22:42:25,058 INFO  impl.RoleInfo (RoleInfo.java:shutdownLeaderElection(134)) - b1a8fa40-2b82-4386-8a5d-7e0772ec64e7: shutdown LeaderElection
2019-07-13 22:42:25,058 INFO  impl.RaftServerImpl (RaftServerImpl.java:setRole(171)) - 558aed7f-a82f-4247-861c-9af63d2a895c:group-6C1CA62ECE3B changes role from CANDIDATE to FOLLOWER at term 1 for DISCOVERED_A_NEW_TERM
2019-07-13 22:42:25,058 INFO  impl.RaftServerImpl (RaftServerImpl.java:setRole(171)) - b1a8fa40-2b82-4386-8a5d-7e0772ec64e7:group-6C1CA62ECE3B changes role from CANDIDATE to LEADER at term 1 for changeToLeader
2019-07-13 22:42:25,058 INFO  impl.RoleInfo (RoleInfo.java:shutdownLeaderElection(134)) - 558aed7f-a82f-4247-861c-9af63d2a895c: shutdown LeaderElection
2019-07-13 22:42:25,059 INFO  impl.RaftServerImpl (ServerState.java:setLeader(263)) - b1a8fa40-2b82-4386-8a5d-7e0772ec64e7:group-6C1CA62ECE3B change Leader from null to b1a8fa40-2b82-4386-8a5d-7e0772ec64e7 at term 1 for becomeLeader, leader elected after 5152ms
2019-07-13 22:42:25,059 INFO  impl.RoleInfo (RoleInfo.java:updateAndGet(143)) - 558aed7f-a82f-4247-861c-9af63d2a895c: start FollowerState
2019-07-13 22:42:25,059 INFO  server.RaftServerConfigKeys (ConfUtils.java:logGet(43)) - raft.server.staging.catchup.gap = 1000 (default)
2019-07-13 22:42:25,059 INFO  server.RaftServerConfigKeys (ConfUtils.java:logGet(43)) - raft.server.rpc.sleep.time = 25ms (default)
2019-07-13 22:42:25,059 INFO  server.RaftServerConfigKeys (ConfUtils.java:logGet(43)) - raft.server.write.element-limit = 4096 (default)
2019-07-13 22:42:25,059 INFO  server.RaftServerConfigKeys (ConfUtils.java:logGet(43)) - raft.server.watch.timeout = 10s (default)
2019-07-13 22:42:25,059 INFO  server.RaftServerConfigKeys (ConfUtils.java:logGet(43)) - raft.server.watch.timeout.denomination = 1s (default)
2019-07-13 22:42:25,060 INFO  server.RaftServerConfigKeys (ConfUtils.java:logGet(43)) - raft.server.watch.element-limit = 65536 (default)
2019-07-13 22:42:25,060 INFO  server.RaftServerConfigKeys (ConfUtils.java:logGet(43)) - raft.server.log.appender.snapshot.chunk.size.max = 16MB (=16777216) (default)
2019-07-13 22:42:25,060 INFO  server.RaftServerConfigKeys (ConfUtils.java:logGet(43)) - raft.server.log.appender.buffer.byte-limit = 33554432 (custom)
2019-07-13 22:42:25,060 INFO  server.RaftServerConfigKeys (ConfUtils.java:logGet(43)) - raft.server.log.appender.buffer.element-limit = 1 (custom)
2019-07-13 22:42:25,060 INFO  grpc.GrpcConfigKeys$Server (ConfUtils.java:logGet(43)) - raft.grpc.server.leader.outstanding.appends.max = 128 (default)
2019-07-13 22:42:25,061 INFO  server.RaftServerConfigKeys (ConfUtils.java:logGet(43)) - raft.server.rpc.request.timeout = 3000ms (default)
2019-07-13 22:42:25,061 INFO  server.RaftServerConfigKeys (ConfUtils.java:logGet(43)) - raft.server.log.appender.install.snapshot.enabled = false (custom)
2019-07-13 22:42:25,061 INFO  server.RaftServerConfigKeys (ConfUtils.java:logGet(43)) - raft.server.log.appender.snapshot.chunk.size.max = 16MB (=16777216) (default)
2019-07-13 22:42:25,061 INFO  server.RaftServerConfigKeys (ConfUtils.java:logGet(43)) - raft.server.log.appender.buffer.byte-limit = 33554432 (custom)
2019-07-13 22:42:25,061 INFO  server.RaftServerConfigKeys (ConfUtils.java:logGet(43)) - raft.server.log.appender.buffer.element-limit = 1 (custom)
2019-07-13 22:42:25,061 INFO  grpc.GrpcConfigKeys$Server (ConfUtils.java:logGet(43)) - raft.grpc.server.leader.outstanding.appends.max = 128 (default)
2019-07-13 22:42:25,062 INFO  server.RaftServerConfigKeys (ConfUtils.java:logGet(43)) - raft.server.rpc.request.timeout = 3000ms (default)
2019-07-13 22:42:25,062 INFO  server.RaftServerConfigKeys (ConfUtils.java:logGet(43)) - raft.server.log.appender.install.snapshot.enabled = false (custom)
2019-07-13 22:42:25,062 INFO  impl.RoleInfo (RoleInfo.java:updateAndGet(143)) - b1a8fa40-2b82-4386-8a5d-7e0772ec64e7: start LeaderState
2019-07-13 22:42:25,062 INFO  segmented.SegmentedRaftLogWorker (SegmentedRaftLogWorker.java:startLogSegment(380)) - b1a8fa40-2b82-4386-8a5d-7e0772ec64e7-SegmentedRaftLogWorker:Storage Directory /tmp/workdir/hadoop-ozone/integration-test/target/test-dir/MiniOzoneClusterImpl-e61ba2c4-84a8-4661-a250-40acba4e70f7/datanode-1/data/ratis/8a9cccda-471a-4d9d-9695-6c1ca62ece3b: Starting segment from index:0
2019-07-13 22:42:25,063 INFO  impl.RaftServerImpl (ServerState.java:setRaftConf(361)) - b1a8fa40-2b82-4386-8a5d-7e0772ec64e7:group-6C1CA62ECE3B set configuration 0: [b1a8fa40-2b82-4386-8a5d-7e0772ec64e7:192.168.5.159:33429, 558aed7f-a82f-4247-861c-9af63d2a895c:192.168.5.159:44152, 374c33b3-4076-4259-ac54-11950597c629:192.168.5.159:44882], old=null at 0
2019-07-13 22:42:25,064 INFO  impl.RaftServerImpl (ServerState.java:setLeader(263)) - 558aed7f-a82f-4247-861c-9af63d2a895c:group-6C1CA62ECE3B change Leader from null to b1a8fa40-2b82-4386-8a5d-7e0772ec64e7 at term 1 for appendEntries, leader elected after 5158ms
2019-07-13 22:42:25,064 INFO  impl.RaftServerImpl (ServerState.java:setLeader(263)) - 374c33b3-4076-4259-ac54-11950597c629:group-6C1CA62ECE3B change Leader from null to b1a8fa40-2b82-4386-8a5d-7e0772ec64e7 at term 1 for appendEntries, leader elected after 5158ms
2019-07-13 22:42:25,067 INFO  impl.RaftServerImpl (ServerState.java:setRaftConf(361)) - 558aed7f-a82f-4247-861c-9af63d2a895c:group-6C1CA62ECE3B set configuration 0: [b1a8fa40-2b82-4386-8a5d-7e0772ec64e7:192.168.5.159:33429, 558aed7f-a82f-4247-861c-9af63d2a895c:192.168.5.159:44152, 374c33b3-4076-4259-ac54-11950597c629:192.168.5.159:44882], old=null at 0
2019-07-13 22:42:25,067 INFO  segmented.SegmentedRaftLogWorker (SegmentedRaftLogWorker.java:startLogSegment(380)) - 558aed7f-a82f-4247-861c-9af63d2a895c-SegmentedRaftLogWorker:Storage Directory /tmp/workdir/hadoop-ozone/integration-test/target/test-dir/MiniOzoneClusterImpl-e61ba2c4-84a8-4661-a250-40acba4e70f7/datanode-2/data/ratis/8a9cccda-471a-4d9d-9695-6c1ca62ece3b: Starting segment from index:0
2019-07-13 22:42:25,067 INFO  impl.RaftServerImpl (ServerState.java:setRaftConf(361)) - 374c33b3-4076-4259-ac54-11950597c629:group-6C1CA62ECE3B set configuration 0: [b1a8fa40-2b82-4386-8a5d-7e0772ec64e7:192.168.5.159:33429, 558aed7f-a82f-4247-861c-9af63d2a895c:192.168.5.159:44152, 374c33b3-4076-4259-ac54-11950597c629:192.168.5.159:44882], old=null at 0
2019-07-13 22:42:25,068 INFO  segmented.SegmentedRaftLogWorker (SegmentedRaftLogWorker.java:startLogSegment(380)) - 374c33b3-4076-4259-ac54-11950597c629-SegmentedRaftLogWorker:Storage Directory /tmp/workdir/hadoop-ozone/integration-test/target/test-dir/MiniOzoneClusterImpl-e61ba2c4-84a8-4661-a250-40acba4e70f7/datanode-0/data/ratis/8a9cccda-471a-4d9d-9695-6c1ca62ece3b: Starting segment from index:0
2019-07-13 22:42:25,085 INFO  segmented.SegmentedRaftLogWorker (SegmentedRaftLogWorker.java:execute(569)) - b1a8fa40-2b82-4386-8a5d-7e0772ec64e7-SegmentedRaftLogWorker:Storage Directory /tmp/workdir/hadoop-ozone/integration-test/target/test-dir/MiniOzoneClusterImpl-e61ba2c4-84a8-4661-a250-40acba4e70f7/datanode-1/data/ratis/8a9cccda-471a-4d9d-9695-6c1ca62ece3b: created new log segment /tmp/workdir/hadoop-ozone/integration-test/target/test-dir/MiniOzoneClusterImpl-e61ba2c4-84a8-4661-a250-40acba4e70f7/datanode-1/data/ratis/8a9cccda-471a-4d9d-9695-6c1ca62ece3b/current/log_inprogress_0
2019-07-13 22:42:25,086 INFO  impl.FollowerState (FollowerState.java:run(106)) - 69f0d879-ae08-4abf-9125-0d740acdb91b:group-2B8AC04B0AE0 changes to CANDIDATE, lastRpcTime:5103, electionTimeout:5103ms
2019-07-13 22:42:25,086 INFO  impl.RoleInfo (RoleInfo.java:shutdownFollowerState(121)) - 69f0d879-ae08-4abf-9125-0d740acdb91b: shutdown FollowerState
2019-07-13 22:42:25,086 INFO  impl.RaftServerImpl (RaftServerImpl.java:setRole(171)) - 69f0d879-ae08-4abf-9125-0d740acdb91b:group-2B8AC04B0AE0 changes role from FOLLOWER to CANDIDATE at term 0 for changeToCandidate
2019-07-13 22:42:25,087 INFO  impl.RoleInfo (RoleInfo.java:updateAndGet(143)) - 69f0d879-ae08-4abf-9125-0d740acdb91b: start LeaderElection
2019-07-13 22:42:25,087 INFO  segmented.SegmentedRaftLogWorker (SegmentedRaftLogWorker.java:execute(569)) - 558aed7f-a82f-4247-861c-9af63d2a895c-SegmentedRaftLogWorker:Storage Directory /tmp/workdir/hadoop-ozone/integration-test/target/test-dir/MiniOzoneClusterImpl-e61ba2c4-84a8-4661-a250-40acba4e70f7/datanode-2/data/ratis/8a9cccda-471a-4d9d-9695-6c1ca62ece3b: created new log segment /tmp/workdir/hadoop-ozone/integration-test/target/test-dir/MiniOzoneClusterImpl-e61ba2c4-84a8-4661-a250-40acba4e70f7/datanode-2/data/ratis/8a9cccda-471a-4d9d-9695-6c1ca62ece3b/current/log_inprogress_0
2019-07-13 22:42:25,115 INFO  segmented.SegmentedRaftLogWorker (SegmentedRaftLogWorker.java:execute(569)) - 374c33b3-4076-4259-ac54-11950597c629-SegmentedRaftLogWorker:Storage Directory /tmp/workdir/hadoop-ozone/integration-test/target/test-dir/MiniOzoneClusterImpl-e61ba2c4-84a8-4661-a250-40acba4e70f7/datanode-0/data/ratis/8a9cccda-471a-4d9d-9695-6c1ca62ece3b: created new log segment /tmp/workdir/hadoop-ozone/integration-test/target/test-dir/MiniOzoneClusterImpl-e61ba2c4-84a8-4661-a250-40acba4e70f7/datanode-0/data/ratis/8a9cccda-471a-4d9d-9695-6c1ca62ece3b/current/log_inprogress_0
2019-07-13 22:42:25,118 INFO  impl.LeaderElection (LeaderElection.java:askForVotes(181)) - 69f0d879-ae08-4abf-9125-0d740acdb91b:group-2B8AC04B0AE0:LeaderElection66: begin an election at term 1 for -1: [69f0d879-ae08-4abf-9125-0d740acdb91b:192.168.5.159:34027], old=null
2019-07-13 22:42:25,118 INFO  impl.RoleInfo (RoleInfo.java:shutdownLeaderElection(134)) - 69f0d879-ae08-4abf-9125-0d740acdb91b: shutdown LeaderElection
2019-07-13 22:42:25,119 INFO  impl.RaftServerImpl (RaftServerImpl.java:setRole(171)) - 69f0d879-ae08-4abf-9125-0d740acdb91b:group-2B8AC04B0AE0 changes role from CANDIDATE to LEADER at term 1 for changeToLeader
2019-07-13 22:42:25,119 INFO  impl.RaftServerImpl (ServerState.java:setLeader(263)) - 69f0d879-ae08-4abf-9125-0d740acdb91b:group-2B8AC04B0AE0 change Leader from null to 69f0d879-ae08-4abf-9125-0d740acdb91b at term 1 for becomeLeader, leader elected after 5139ms
2019-07-13 22:42:25,119 INFO  server.RaftServerConfigKeys (ConfUtils.java:logGet(43)) - raft.server.staging.catchup.gap = 1000 (default)
2019-07-13 22:42:25,119 INFO  server.RaftServerConfigKeys (ConfUtils.java:logGet(43)) - raft.server.rpc.sleep.time = 25ms (default)
2019-07-13 22:42:25,119 INFO  server.RaftServerConfigKeys (ConfUtils.java:logGet(43)) - raft.server.write.element-limit = 4096 (default)
2019-07-13 22:42:25,119 INFO  server.RaftServerConfigKeys (ConfUtils.java:logGet(43)) - raft.server.watch.timeout = 10s (default)
2019-07-13 22:42:25,119 INFO  server.RaftServerConfigKeys (ConfUtils.java:logGet(43)) - raft.server.watch.timeout.denomination = 1s (default)
2019-07-13 22:42:25,119 INFO  server.RaftServerConfigKeys (ConfUtils.java:logGet(43)) - raft.server.watch.element-limit = 65536 (default)
2019-07-13 22:42:25,120 INFO  impl.RoleInfo (RoleInfo.java:updateAndGet(143)) - 69f0d879-ae08-4abf-9125-0d740acdb91b: start LeaderState
2019-07-13 22:42:25,120 INFO  segmented.SegmentedRaftLogWorker (SegmentedRaftLogWorker.java:startLogSegment(380)) - 69f0d879-ae08-4abf-9125-0d740acdb91b-SegmentedRaftLogWorker:Storage Directory /tmp/workdir/hadoop-ozone/integration-test/target/test-dir/MiniOzoneClusterImpl-e61ba2c4-84a8-4661-a250-40acba4e70f7/datanode-3/data/ratis/27371824-681d-4510-87dc-2b8ac04b0ae0: Starting segment from index:0
2019-07-13 22:42:25,120 INFO  impl.RaftServerImpl (ServerState.java:setRaftConf(361)) - 69f0d879-ae08-4abf-9125-0d740acdb91b:group-2B8AC04B0AE0 set configuration 0: [69f0d879-ae08-4abf-9125-0d740acdb91b:192.168.5.159:34027], old=null at 0
2019-07-13 22:42:25,140 INFO  segmented.SegmentedRaftLogWorker (SegmentedRaftLogWorker.java:execute(569)) - 69f0d879-ae08-4abf-9125-0d740acdb91b-SegmentedRaftLogWorker:Storage Directory /tmp/workdir/hadoop-ozone/integration-test/target/test-dir/MiniOzoneClusterImpl-e61ba2c4-84a8-4661-a250-40acba4e70f7/datanode-3/data/ratis/27371824-681d-4510-87dc-2b8ac04b0ae0: created new log segment /tmp/workdir/hadoop-ozone/integration-test/target/test-dir/MiniOzoneClusterImpl-e61ba2c4-84a8-4661-a250-40acba4e70f7/datanode-3/data/ratis/27371824-681d-4510-87dc-2b8ac04b0ae0/current/log_inprogress_0
2019-07-13 22:42:25,171 INFO  impl.FollowerState (FollowerState.java:run(106)) - 3a934782-e929-4493-aafd-6b7b1f7f2551:group-4CE673615645 changes to CANDIDATE, lastRpcTime:5029, electionTimeout:5029ms
2019-07-13 22:42:25,171 INFO  impl.RoleInfo (RoleInfo.java:shutdownFollowerState(121)) - 3a934782-e929-4493-aafd-6b7b1f7f2551: shutdown FollowerState
2019-07-13 22:42:25,171 INFO  impl.RaftServerImpl (RaftServerImpl.java:setRole(171)) - 3a934782-e929-4493-aafd-6b7b1f7f2551:group-4CE673615645 changes role from FOLLOWER to CANDIDATE at term 0 for changeToCandidate
2019-07-13 22:42:25,171 INFO  impl.RoleInfo (RoleInfo.java:updateAndGet(143)) - 3a934782-e929-4493-aafd-6b7b1f7f2551: start LeaderElection
2019-07-13 22:42:25,215 INFO  impl.LeaderElection (LeaderElection.java:askForVotes(181)) - 3a934782-e929-4493-aafd-6b7b1f7f2551:group-4CE673615645:LeaderElection67: begin an election at term 1 for -1: [3a934782-e929-4493-aafd-6b7b1f7f2551:192.168.5.159:34598], old=null
2019-07-13 22:42:25,215 INFO  impl.RoleInfo (RoleInfo.java:shutdownLeaderElection(134)) - 3a934782-e929-4493-aafd-6b7b1f7f2551: shutdown LeaderElection
2019-07-13 22:42:25,215 INFO  impl.RaftServerImpl (RaftServerImpl.java:setRole(171)) - 3a934782-e929-4493-aafd-6b7b1f7f2551:group-4CE673615645 changes role from CANDIDATE to LEADER at term 1 for changeToLeader
2019-07-13 22:42:25,215 INFO  impl.RaftServerImpl (ServerState.java:setLeader(263)) - 3a934782-e929-4493-aafd-6b7b1f7f2551:group-4CE673615645 change Leader from null to 3a934782-e929-4493-aafd-6b7b1f7f2551 at term 1 for becomeLeader, leader elected after 5078ms
2019-07-13 22:42:25,215 INFO  server.RaftServerConfigKeys (ConfUtils.java:logGet(43)) - raft.server.staging.catchup.gap = 1000 (default)
2019-07-13 22:42:25,215 INFO  server.RaftServerConfigKeys (ConfUtils.java:logGet(43)) - raft.server.rpc.sleep.time = 25ms (default)
2019-07-13 22:42:25,215 INFO  server.RaftServerConfigKeys (ConfUtils.java:logGet(43)) - raft.server.write.element-limit = 4096 (default)
2019-07-13 22:42:25,216 INFO  server.RaftServerConfigKeys (ConfUtils.java:logGet(43)) - raft.server.watch.timeout = 10s (default)
2019-07-13 22:42:25,216 INFO  server.RaftServerConfigKeys (ConfUtils.java:logGet(43)) - raft.server.watch.timeout.denomination = 1s (default)
2019-07-13 22:42:25,216 INFO  server.RaftServerConfigKeys (ConfUtils.java:logGet(43)) - raft.server.watch.element-limit = 65536 (default)
2019-07-13 22:42:25,216 INFO  impl.RoleInfo (RoleInfo.java:updateAndGet(143)) - 3a934782-e929-4493-aafd-6b7b1f7f2551: start LeaderState
2019-07-13 22:42:25,216 INFO  segmented.SegmentedRaftLogWorker (SegmentedRaftLogWorker.java:startLogSegment(380)) - 3a934782-e929-4493-aafd-6b7b1f7f2551-SegmentedRaftLogWorker:Storage Directory /tmp/workdir/hadoop-ozone/integration-test/target/test-dir/MiniOzoneClusterImpl-e61ba2c4-84a8-4661-a250-40acba4e70f7/datanode-4/data/ratis/6678d3da-ec65-40a9-bf72-4ce673615645: Starting segment from index:0
2019-07-13 22:42:25,217 INFO  impl.RaftServerImpl (ServerState.java:setRaftConf(361)) - 3a934782-e929-4493-aafd-6b7b1f7f2551:group-4CE673615645 set configuration 0: [3a934782-e929-4493-aafd-6b7b1f7f2551:192.168.5.159:34598], old=null at 0
2019-07-13 22:42:25,245 INFO  segmented.SegmentedRaftLogWorker (SegmentedRaftLogWorker.java:execute(569)) - 3a934782-e929-4493-aafd-6b7b1f7f2551-SegmentedRaftLogWorker:Storage Directory /tmp/workdir/hadoop-ozone/integration-test/target/test-dir/MiniOzoneClusterImpl-e61ba2c4-84a8-4661-a250-40acba4e70f7/datanode-4/data/ratis/6678d3da-ec65-40a9-bf72-4ce673615645: created new log segment /tmp/workdir/hadoop-ozone/integration-test/target/test-dir/MiniOzoneClusterImpl-e61ba2c4-84a8-4661-a250-40acba4e70f7/datanode-4/data/ratis/6678d3da-ec65-40a9-bf72-4ce673615645/current/log_inprogress_0
2019-07-13 22:42:25,428 INFO  impl.FollowerState (FollowerState.java:run(106)) - be1d966f-d6d3-4083-911a-9cf613e6b51b:group-F8A2F8E841E6 changes to CANDIDATE, lastRpcTime:5031, electionTimeout:5031ms
2019-07-13 22:42:25,429 INFO  impl.RoleInfo (RoleInfo.java:shutdownFollowerState(121)) - be1d966f-d6d3-4083-911a-9cf613e6b51b: shutdown FollowerState
2019-07-13 22:42:25,429 INFO  impl.RaftServerImpl (RaftServerImpl.java:setRole(171)) - be1d966f-d6d3-4083-911a-9cf613e6b51b:group-F8A2F8E841E6 changes role from FOLLOWER to CANDIDATE at term 0 for changeToCandidate
2019-07-13 22:42:25,429 INFO  impl.RoleInfo (RoleInfo.java:updateAndGet(143)) - be1d966f-d6d3-4083-911a-9cf613e6b51b: start LeaderElection
2019-07-13 22:42:25,466 INFO  impl.LeaderElection (LeaderElection.java:askForVotes(181)) - be1d966f-d6d3-4083-911a-9cf613e6b51b:group-F8A2F8E841E6:LeaderElection68: begin an election at term 1 for -1: [be1d966f-d6d3-4083-911a-9cf613e6b51b:192.168.5.159:36762], old=null
2019-07-13 22:42:25,466 INFO  impl.RoleInfo (RoleInfo.java:shutdownLeaderElection(134)) - be1d966f-d6d3-4083-911a-9cf613e6b51b: shutdown LeaderElection
2019-07-13 22:42:25,466 INFO  impl.RaftServerImpl (RaftServerImpl.java:setRole(171)) - be1d966f-d6d3-4083-911a-9cf613e6b51b:group-F8A2F8E841E6 changes role from CANDIDATE to LEADER at term 1 for changeToLeader
2019-07-13 22:42:25,466 INFO  impl.RaftServerImpl (ServerState.java:setLeader(263)) - be1d966f-d6d3-4083-911a-9cf613e6b51b:group-F8A2F8E841E6 change Leader from null to be1d966f-d6d3-4083-911a-9cf613e6b51b at term 1 for becomeLeader, leader elected after 5073ms
2019-07-13 22:42:25,467 INFO  server.RaftServerConfigKeys (ConfUtils.java:logGet(43)) - raft.server.staging.catchup.gap = 1000 (default)
2019-07-13 22:42:25,467 INFO  server.RaftServerConfigKeys (ConfUtils.java:logGet(43)) - raft.server.rpc.sleep.time = 25ms (default)
2019-07-13 22:42:25,467 INFO  server.RaftServerConfigKeys (ConfUtils.java:logGet(43)) - raft.server.write.element-limit = 4096 (default)
2019-07-13 22:42:25,467 INFO  server.RaftServerConfigKeys (ConfUtils.java:logGet(43)) - raft.server.watch.timeout = 10s (default)
2019-07-13 22:42:25,467 INFO  server.RaftServerConfigKeys (ConfUtils.java:logGet(43)) - raft.server.watch.timeout.denomination = 1s (default)
2019-07-13 22:42:25,467 INFO  server.RaftServerConfigKeys (ConfUtils.java:logGet(43)) - raft.server.watch.element-limit = 65536 (default)
2019-07-13 22:42:25,467 INFO  impl.RoleInfo (RoleInfo.java:updateAndGet(143)) - be1d966f-d6d3-4083-911a-9cf613e6b51b: start LeaderState
2019-07-13 22:42:25,468 INFO  segmented.SegmentedRaftLogWorker (SegmentedRaftLogWorker.java:startLogSegment(380)) - be1d966f-d6d3-4083-911a-9cf613e6b51b-SegmentedRaftLogWorker:Storage Directory /tmp/workdir/hadoop-ozone/integration-test/target/test-dir/MiniOzoneClusterImpl-e61ba2c4-84a8-4661-a250-40acba4e70f7/datanode-5/data/ratis/9183e4b0-76c3-4431-b4a3-f8a2f8e841e6: Starting segment from index:0
2019-07-13 22:42:25,468 INFO  impl.RaftServerImpl (ServerState.java:setRaftConf(361)) - be1d966f-d6d3-4083-911a-9cf613e6b51b:group-F8A2F8E841E6 set configuration 0: [be1d966f-d6d3-4083-911a-9cf613e6b51b:192.168.5.159:36762], old=null at 0
2019-07-13 22:42:25,494 INFO  segmented.SegmentedRaftLogWorker (SegmentedRaftLogWorker.java:execute(569)) - be1d966f-d6d3-4083-911a-9cf613e6b51b-SegmentedRaftLogWorker:Storage Directory /tmp/workdir/hadoop-ozone/integration-test/target/test-dir/MiniOzoneClusterImpl-e61ba2c4-84a8-4661-a250-40acba4e70f7/datanode-5/data/ratis/9183e4b0-76c3-4431-b4a3-f8a2f8e841e6: created new log segment /tmp/workdir/hadoop-ozone/integration-test/target/test-dir/MiniOzoneClusterImpl-e61ba2c4-84a8-4661-a250-40acba4e70f7/datanode-5/data/ratis/9183e4b0-76c3-4431-b4a3-f8a2f8e841e6/current/log_inprogress_0
2019-07-13 22:42:25,513 INFO  impl.FollowerState (FollowerState.java:run(106)) - be1d966f-d6d3-4083-911a-9cf613e6b51b:group-CDC04A80D361 changes to CANDIDATE, lastRpcTime:5054, electionTimeout:5054ms
2019-07-13 22:42:25,514 INFO  impl.RoleInfo (RoleInfo.java:shutdownFollowerState(121)) - be1d966f-d6d3-4083-911a-9cf613e6b51b: shutdown FollowerState
2019-07-13 22:42:25,514 INFO  impl.RaftServerImpl (RaftServerImpl.java:setRole(171)) - be1d966f-d6d3-4083-911a-9cf613e6b51b:group-CDC04A80D361 changes role from FOLLOWER to CANDIDATE at term 0 for changeToCandidate
2019-07-13 22:42:25,514 INFO  impl.RoleInfo (RoleInfo.java:updateAndGet(143)) - be1d966f-d6d3-4083-911a-9cf613e6b51b: start LeaderElection
2019-07-13 22:42:25,547 INFO  impl.LeaderElection (LeaderElection.java:askForVotes(181)) - be1d966f-d6d3-4083-911a-9cf613e6b51b:group-CDC04A80D361:LeaderElection69: begin an election at term 1 for -1: [69f0d879-ae08-4abf-9125-0d740acdb91b:192.168.5.159:34027, 3a934782-e929-4493-aafd-6b7b1f7f2551:192.168.5.159:34598, be1d966f-d6d3-4083-911a-9cf613e6b51b:192.168.5.159:36762], old=null
2019-07-13 22:42:25,552 INFO  impl.RaftServerImpl (RaftServerImpl.java:setRole(171)) - 3a934782-e929-4493-aafd-6b7b1f7f2551:group-CDC04A80D361 changes role from FOLLOWER to FOLLOWER at term 1 for recognizeCandidate:be1d966f-d6d3-4083-911a-9cf613e6b51b
2019-07-13 22:42:25,552 INFO  impl.RoleInfo (RoleInfo.java:shutdownFollowerState(121)) - 3a934782-e929-4493-aafd-6b7b1f7f2551: shutdown FollowerState
2019-07-13 22:42:25,552 INFO  impl.RaftServerImpl (RaftServerImpl.java:setRole(171)) - 69f0d879-ae08-4abf-9125-0d740acdb91b:group-CDC04A80D361 changes role from FOLLOWER to FOLLOWER at term 1 for recognizeCandidate:be1d966f-d6d3-4083-911a-9cf613e6b51b
2019-07-13 22:42:25,552 INFO  impl.FollowerState (FollowerState.java:run(114)) - 3a934782-e929-4493-aafd-6b7b1f7f2551: FollowerState was interrupted: java.lang.InterruptedException: sleep interrupted
2019-07-13 22:42:25,552 INFO  impl.RoleInfo (RoleInfo.java:updateAndGet(143)) - 3a934782-e929-4493-aafd-6b7b1f7f2551: start FollowerState
2019-07-13 22:42:25,552 INFO  impl.RoleInfo (RoleInfo.java:shutdownFollowerState(121)) - 69f0d879-ae08-4abf-9125-0d740acdb91b: shutdown FollowerState
2019-07-13 22:42:25,562 INFO  impl.RoleInfo (RoleInfo.java:updateAndGet(143)) - 69f0d879-ae08-4abf-9125-0d740acdb91b: start FollowerState
2019-07-13 22:42:25,562 INFO  impl.FollowerState (FollowerState.java:run(114)) - 69f0d879-ae08-4abf-9125-0d740acdb91b: FollowerState was interrupted: java.lang.InterruptedException: sleep interrupted
2019-07-13 22:42:25,576 INFO  impl.LeaderElection (LeaderElection.java:logAndReturn(56)) - be1d966f-d6d3-4083-911a-9cf613e6b51b:group-CDC04A80D361:LeaderElection69: Election PASSED; received 1 response(s) [be1d966f-d6d3-4083-911a-9cf613e6b51b<-3a934782-e929-4493-aafd-6b7b1f7f2551#0:OK-t1] and 0 exception(s); be1d966f-d6d3-4083-911a-9cf613e6b51b:t1, leader=null, voted=be1d966f-d6d3-4083-911a-9cf613e6b51b, raftlog=be1d966f-d6d3-4083-911a-9cf613e6b51b-SegmentedRaftLog:OPENED:c-1,f-1,i0, conf=-1: [69f0d879-ae08-4abf-9125-0d740acdb91b:192.168.5.159:34027, 3a934782-e929-4493-aafd-6b7b1f7f2551:192.168.5.159:34598, be1d966f-d6d3-4083-911a-9cf613e6b51b:192.168.5.159:36762], old=null
2019-07-13 22:42:25,576 INFO  impl.RoleInfo (RoleInfo.java:shutdownLeaderElection(134)) - be1d966f-d6d3-4083-911a-9cf613e6b51b: shutdown LeaderElection
2019-07-13 22:42:25,576 INFO  impl.RaftServerImpl (RaftServerImpl.java:setRole(171)) - be1d966f-d6d3-4083-911a-9cf613e6b51b:group-CDC04A80D361 changes role from CANDIDATE to LEADER at term 1 for changeToLeader
2019-07-13 22:42:25,576 INFO  impl.RaftServerImpl (ServerState.java:setLeader(263)) - be1d966f-d6d3-4083-911a-9cf613e6b51b:group-CDC04A80D361 change Leader from null to be1d966f-d6d3-4083-911a-9cf613e6b51b at term 1 for becomeLeader, leader elected after 5126ms
2019-07-13 22:42:25,577 INFO  server.RaftServerConfigKeys (ConfUtils.java:logGet(43)) - raft.server.staging.catchup.gap = 1000 (default)
2019-07-13 22:42:25,577 INFO  server.RaftServerConfigKeys (ConfUtils.java:logGet(43)) - raft.server.rpc.sleep.time = 25ms (default)
2019-07-13 22:42:25,577 INFO  server.RaftServerConfigKeys (ConfUtils.java:logGet(43)) - raft.server.write.element-limit = 4096 (default)
2019-07-13 22:42:25,577 INFO  server.RaftServerConfigKeys (ConfUtils.java:logGet(43)) - raft.server.watch.timeout = 10s (default)
2019-07-13 22:42:25,577 INFO  server.RaftServerConfigKeys (ConfUtils.java:logGet(43)) - raft.server.watch.timeout.denomination = 1s (default)
2019-07-13 22:42:25,577 INFO  server.RaftServerConfigKeys (ConfUtils.java:logGet(43)) - raft.server.watch.element-limit = 65536 (default)
2019-07-13 22:42:25,577 INFO  server.RaftServerConfigKeys (ConfUtils.java:logGet(43)) - raft.server.log.appender.snapshot.chunk.size.max = 16MB (=16777216) (default)
2019-07-13 22:42:25,578 INFO  server.RaftServerConfigKeys (ConfUtils.java:logGet(43)) - raft.server.log.appender.buffer.byte-limit = 33554432 (custom)
2019-07-13 22:42:25,578 INFO  server.RaftServerConfigKeys (ConfUtils.java:logGet(43)) - raft.server.log.appender.buffer.element-limit = 1 (custom)
2019-07-13 22:42:25,578 INFO  grpc.GrpcConfigKeys$Server (ConfUtils.java:logGet(43)) - raft.grpc.server.leader.outstanding.appends.max = 128 (default)
2019-07-13 22:42:25,578 INFO  server.RaftServerConfigKeys (ConfUtils.java:logGet(43)) - raft.server.rpc.request.timeout = 3000ms (default)
2019-07-13 22:42:25,578 INFO  server.RaftServerConfigKeys (ConfUtils.java:logGet(43)) - raft.server.log.appender.install.snapshot.enabled = false (custom)
2019-07-13 22:42:25,579 INFO  server.RaftServerConfigKeys (ConfUtils.java:logGet(43)) - raft.server.log.appender.snapshot.chunk.size.max = 16MB (=16777216) (default)
2019-07-13 22:42:25,579 INFO  server.RaftServerConfigKeys (ConfUtils.java:logGet(43)) - raft.server.log.appender.buffer.byte-limit = 33554432 (custom)
2019-07-13 22:42:25,579 INFO  server.RaftServerConfigKeys (ConfUtils.java:logGet(43)) - raft.server.log.appender.buffer.element-limit = 1 (custom)
2019-07-13 22:42:25,579 INFO  grpc.GrpcConfigKeys$Server (ConfUtils.java:logGet(43)) - raft.grpc.server.leader.outstanding.appends.max = 128 (default)
2019-07-13 22:42:25,579 INFO  server.RaftServerConfigKeys (ConfUtils.java:logGet(43)) - raft.server.rpc.request.timeout = 3000ms (default)
2019-07-13 22:42:25,579 INFO  server.RaftServerConfigKeys (ConfUtils.java:logGet(43)) - raft.server.log.appender.install.snapshot.enabled = false (custom)
2019-07-13 22:42:25,580 INFO  impl.RoleInfo (RoleInfo.java:updateAndGet(143)) - be1d966f-d6d3-4083-911a-9cf613e6b51b: start LeaderState
2019-07-13 22:42:25,580 INFO  segmented.SegmentedRaftLogWorker (SegmentedRaftLogWorker.java:startLogSegment(380)) - be1d966f-d6d3-4083-911a-9cf613e6b51b-SegmentedRaftLogWorker:Storage Directory /tmp/workdir/hadoop-ozone/integration-test/target/test-dir/MiniOzoneClusterImpl-e61ba2c4-84a8-4661-a250-40acba4e70f7/datanode-5/data/ratis/770f8ab0-8a8c-4bac-976f-cdc04a80d361: Starting segment from index:0
2019-07-13 22:42:25,581 INFO  impl.RaftServerImpl (ServerState.java:setRaftConf(361)) - be1d966f-d6d3-4083-911a-9cf613e6b51b:group-CDC04A80D361 set configuration 0: [69f0d879-ae08-4abf-9125-0d740acdb91b:192.168.5.159:34027, 3a934782-e929-4493-aafd-6b7b1f7f2551:192.168.5.159:34598, be1d966f-d6d3-4083-911a-9cf613e6b51b:192.168.5.159:36762], old=null at 0
2019-07-13 22:42:25,620 INFO  impl.RaftServerImpl (ServerState.java:setLeader(263)) - 69f0d879-ae08-4abf-9125-0d740acdb91b:group-CDC04A80D361 change Leader from null to be1d966f-d6d3-4083-911a-9cf613e6b51b at term 1 for appendEntries, leader elected after 5169ms
2019-07-13 22:42:25,621 INFO  impl.RaftServerImpl (ServerState.java:setLeader(263)) - 3a934782-e929-4493-aafd-6b7b1f7f2551:group-CDC04A80D361 change Leader from null to be1d966f-d6d3-4083-911a-9cf613e6b51b at term 1 for appendEntries, leader elected after 5170ms
2019-07-13 22:42:25,629 INFO  segmented.SegmentedRaftLogWorker (SegmentedRaftLogWorker.java:execute(569)) - be1d966f-d6d3-4083-911a-9cf613e6b51b-SegmentedRaftLogWorker:Storage Directory /tmp/workdir/hadoop-ozone/integration-test/target/test-dir/MiniOzoneClusterImpl-e61ba2c4-84a8-4661-a250-40acba4e70f7/datanode-5/data/ratis/770f8ab0-8a8c-4bac-976f-cdc04a80d361: created new log segment /tmp/workdir/hadoop-ozone/integration-test/target/test-dir/MiniOzoneClusterImpl-e61ba2c4-84a8-4661-a250-40acba4e70f7/datanode-5/data/ratis/770f8ab0-8a8c-4bac-976f-cdc04a80d361/current/log_inprogress_0
2019-07-13 22:42:25,630 INFO  impl.RaftServerImpl (ServerState.java:setRaftConf(361)) - 69f0d879-ae08-4abf-9125-0d740acdb91b:group-CDC04A80D361 set configuration 0: [69f0d879-ae08-4abf-9125-0d740acdb91b:192.168.5.159:34027, 3a934782-e929-4493-aafd-6b7b1f7f2551:192.168.5.159:34598, be1d966f-d6d3-4083-911a-9cf613e6b51b:192.168.5.159:36762], old=null at 0
2019-07-13 22:42:25,630 INFO  impl.RaftServerImpl (ServerState.java:setRaftConf(361)) - 3a934782-e929-4493-aafd-6b7b1f7f2551:group-CDC04A80D361 set configuration 0: [69f0d879-ae08-4abf-9125-0d740acdb91b:192.168.5.159:34027, 3a934782-e929-4493-aafd-6b7b1f7f2551:192.168.5.159:34598, be1d966f-d6d3-4083-911a-9cf613e6b51b:192.168.5.159:36762], old=null at 0
2019-07-13 22:42:25,630 INFO  segmented.SegmentedRaftLogWorker (SegmentedRaftLogWorker.java:startLogSegment(380)) - 69f0d879-ae08-4abf-9125-0d740acdb91b-SegmentedRaftLogWorker:Storage Directory /tmp/workdir/hadoop-ozone/integration-test/target/test-dir/MiniOzoneClusterImpl-e61ba2c4-84a8-4661-a250-40acba4e70f7/datanode-3/data/ratis/770f8ab0-8a8c-4bac-976f-cdc04a80d361: Starting segment from index:0
2019-07-13 22:42:25,630 INFO  segmented.SegmentedRaftLogWorker (SegmentedRaftLogWorker.java:startLogSegment(380)) - 3a934782-e929-4493-aafd-6b7b1f7f2551-SegmentedRaftLogWorker:Storage Directory /tmp/workdir/hadoop-ozone/integration-test/target/test-dir/MiniOzoneClusterImpl-e61ba2c4-84a8-4661-a250-40acba4e70f7/datanode-4/data/ratis/770f8ab0-8a8c-4bac-976f-cdc04a80d361: Starting segment from index:0
2019-07-13 22:42:25,660 INFO  segmented.SegmentedRaftLogWorker (SegmentedRaftLogWorker.java:execute(569)) - 69f0d879-ae08-4abf-9125-0d740acdb91b-SegmentedRaftLogWorker:Storage Directory /tmp/workdir/hadoop-ozone/integration-test/target/test-dir/MiniOzoneClusterImpl-e61ba2c4-84a8-4661-a250-40acba4e70f7/datanode-3/data/ratis/770f8ab0-8a8c-4bac-976f-cdc04a80d361: created new log segment /tmp/workdir/hadoop-ozone/integration-test/target/test-dir/MiniOzoneClusterImpl-e61ba2c4-84a8-4661-a250-40acba4e70f7/datanode-3/data/ratis/770f8ab0-8a8c-4bac-976f-cdc04a80d361/current/log_inprogress_0
2019-07-13 22:42:25,660 INFO  segmented.SegmentedRaftLogWorker (SegmentedRaftLogWorker.java:execute(569)) - 3a934782-e929-4493-aafd-6b7b1f7f2551-SegmentedRaftLogWorker:Storage Directory /tmp/workdir/hadoop-ozone/integration-test/target/test-dir/MiniOzoneClusterImpl-e61ba2c4-84a8-4661-a250-40acba4e70f7/datanode-4/data/ratis/770f8ab0-8a8c-4bac-976f-cdc04a80d361: created new log segment /tmp/workdir/hadoop-ozone/integration-test/target/test-dir/MiniOzoneClusterImpl-e61ba2c4-84a8-4661-a250-40acba4e70f7/datanode-4/data/ratis/770f8ab0-8a8c-4bac-976f-cdc04a80d361/current/log_inprogress_0
2019-07-13 22:42:25,978 INFO  client.GrpcClientProtocolClient (GrpcClientProtocolClient.java:onNext(255)) - client-52D4E6168C37->b1a8fa40-2b82-4386-8a5d-7e0772ec64e7: receive RaftClientReply:client-52D4E6168C37->b1a8fa40-2b82-4386-8a5d-7e0772ec64e7@group-6C1CA62ECE3B, cid=108, SUCCESS, logIndex=1, commits[b1a8fa40-2b82-4386-8a5d-7e0772ec64e7:c1, 558aed7f-a82f-4247-861c-9af63d2a895c:c0, 374c33b3-4076-4259-ac54-11950597c629:c0]
2019-07-13 22:42:26,111 INFO  client.GrpcClientProtocolClient (GrpcClientProtocolClient.java:onNext(255)) - client-52D4E6168C37->b1a8fa40-2b82-4386-8a5d-7e0772ec64e7: receive RaftClientReply:client-52D4E6168C37->b1a8fa40-2b82-4386-8a5d-7e0772ec64e7@group-6C1CA62ECE3B, cid=109, SUCCESS, logIndex=3, commits[b1a8fa40-2b82-4386-8a5d-7e0772ec64e7:c4, 558aed7f-a82f-4247-861c-9af63d2a895c:c3, 374c33b3-4076-4259-ac54-11950597c629:c3]
2019-07-13 22:42:26,112 INFO  datanode.ObjectStoreHandler (ObjectStoreHandler.java:close(155)) - Closing ObjectStoreHandler.
2019-07-13 22:42:26,112 INFO  ozone.HddsDatanodeService (HddsDatanodeService.java:stop(452)) - Stopped plug-in org.apache.hadoop.ozone.web.OzoneHddsDatanodeService@7e729046
2019-07-13 22:42:26,115 INFO  statemachine.DatanodeStateMachine (DatanodeStateMachine.java:lambda$startDaemon$0(350)) - Ozone container server started.
2019-07-13 22:42:28,187 INFO  node.StaleNodeHandler (StaleNodeHandler.java:onMessage(58)) - Datanode 3a934782-e929-4493-aafd-6b7b1f7f2551{ip: 192.168.5.159, host: trunk-nightly-x8m8d-1534914823, networkLocation: /default-rack, certSerialId: null} moved to stale state. Finalizing its pipelines [PipelineID=770f8ab0-8a8c-4bac-976f-cdc04a80d361, PipelineID=6678d3da-ec65-40a9-bf72-4ce673615645]
2019-07-13 22:42:28,187 INFO  pipeline.SCMPipelineManager (SCMPipelineManager.java:finalizeAndDestroyPipeline(309)) - destroying pipeline:Pipeline[ Id: 770f8ab0-8a8c-4bac-976f-cdc04a80d361, Nodes: 3a934782-e929-4493-aafd-6b7b1f7f2551{ip: 192.168.5.159, host: trunk-nightly-x8m8d-1534914823, networkLocation: /default-rack, certSerialId: null}be1d966f-d6d3-4083-911a-9cf613e6b51b{ip: 192.168.5.159, host: trunk-nightly-x8m8d-1534914823, networkLocation: /default-rack, certSerialId: null}69f0d879-ae08-4abf-9125-0d740acdb91b{ip: 192.168.5.159, host: trunk-nightly-x8m8d-1534914823, networkLocation: /default-rack, certSerialId: null}, Type:RATIS, Factor:THREE, State:OPEN]
2019-07-13 22:42:28,187 INFO  pipeline.PipelineStateManager (PipelineStateManager.java:finalizePipeline(123)) - Pipeline Pipeline[ Id: 770f8ab0-8a8c-4bac-976f-cdc04a80d361, Nodes: 3a934782-e929-4493-aafd-6b7b1f7f2551{ip: 192.168.5.159, host: trunk-nightly-x8m8d-1534914823, networkLocation: /default-rack, certSerialId: null}be1d966f-d6d3-4083-911a-9cf613e6b51b{ip: 192.168.5.159, host: trunk-nightly-x8m8d-1534914823, networkLocation: /default-rack, certSerialId: null}69f0d879-ae08-4abf-9125-0d740acdb91b{ip: 192.168.5.159, host: trunk-nightly-x8m8d-1534914823, networkLocation: /default-rack, certSerialId: null}, Type:RATIS, Factor:THREE, State:CLOSED] moved to CLOSED state
2019-07-13 22:42:28,188 INFO  pipeline.SCMPipelineManager (SCMPipelineManager.java:finalizeAndDestroyPipeline(309)) - destroying pipeline:Pipeline[ Id: 6678d3da-ec65-40a9-bf72-4ce673615645, Nodes: 3a934782-e929-4493-aafd-6b7b1f7f2551{ip: 192.168.5.159, host: trunk-nightly-x8m8d-1534914823, networkLocation: /default-rack, certSerialId: null}, Type:RATIS, Factor:ONE, State:OPEN]
2019-07-13 22:42:28,188 INFO  container.CloseContainerEventHandler (CloseContainerEventHandler.java:onMessage(61)) - Close container Event triggered for container : #1
2019-07-13 22:42:28,188 INFO  pipeline.PipelineStateManager (PipelineStateManager.java:finalizePipeline(123)) - Pipeline Pipeline[ Id: 6678d3da-ec65-40a9-bf72-4ce673615645, Nodes: 3a934782-e929-4493-aafd-6b7b1f7f2551{ip: 192.168.5.159, host: trunk-nightly-x8m8d-1534914823, networkLocation: /default-rack, certSerialId: null}, Type:RATIS, Factor:ONE, State:CLOSED] moved to CLOSED state
2019-07-13 22:42:29,977 ERROR commandhandler.CloseContainerCommandHandler (CloseContainerCommandHandler.java:handle(84)) - Container #1 does not exist in datanode. Container close failed.
2019-07-13 22:42:30,295 ERROR commandhandler.CloseContainerCommandHandler (CloseContainerCommandHandler.java:handle(84)) - Container #1 does not exist in datanode. Container close failed.
2019-07-13 22:42:31,113 INFO  ozoneimpl.OzoneContainer (OzoneContainer.java:stop(199)) - Attempting to stop container services.
2019-07-13 22:42:31,114 INFO  impl.RaftServerProxy (RaftServerProxy.java:lambda$close$4(314)) - 3a934782-e929-4493-aafd-6b7b1f7f2551: close
2019-07-13 22:42:31,115 INFO  impl.RaftServerImpl (RaftServerImpl.java:lambda$shutdown$3(245)) - 3a934782-e929-4493-aafd-6b7b1f7f2551: shutdown group-CDC04A80D361
2019-07-13 22:42:31,115 INFO  impl.RaftServerImpl (RaftServerImpl.java:lambda$shutdown$3(245)) - 3a934782-e929-4493-aafd-6b7b1f7f2551: shutdown group-4CE673615645
2019-07-13 22:42:31,115 INFO  util.JmxRegister (JmxRegister.java:unregister(73)) - Successfully un-registered JMX Bean with object name Ratis:service=RaftServer,group=group-CDC04A80D361,id=3a934782-e929-4493-aafd-6b7b1f7f2551
2019-07-13 22:42:31,116 INFO  impl.RoleInfo (RoleInfo.java:shutdownFollowerState(121)) - 3a934782-e929-4493-aafd-6b7b1f7f2551: shutdown FollowerState
2019-07-13 22:42:31,116 INFO  impl.StateMachineUpdater (StateMachineUpdater.java:stopAndJoin(115)) - StateMachineUpdater:3a934782-e929-4493-aafd-6b7b1f7f2551:group-CDC04A80D361: set stopIndex = 0
2019-07-13 22:42:31,115 INFO  util.JmxRegister (JmxRegister.java:unregister(73)) - Successfully un-registered JMX Bean with object name Ratis:service=RaftServer,group=group-4CE673615645,id=3a934782-e929-4493-aafd-6b7b1f7f2551
2019-07-13 22:42:31,117 INFO  impl.RoleInfo (RoleInfo.java:shutdownLeaderState(104)) - 3a934782-e929-4493-aafd-6b7b1f7f2551: shutdown LeaderState
2019-07-13 22:42:31,116 INFO  ratis.ContainerStateMachine (ContainerStateMachine.java:takeSnapshot(246)) - Taking snapshot at termIndex:(t:0, i:~)
2019-07-13 22:42:31,116 INFO  impl.FollowerState (FollowerState.java:run(114)) - 3a934782-e929-4493-aafd-6b7b1f7f2551: FollowerState was interrupted: java.lang.InterruptedException: sleep interrupted
2019-07-13 22:42:31,117 INFO  impl.RaftServerImpl (ServerState.java:close(394)) - 3a934782-e929-4493-aafd-6b7b1f7f2551:group-CDC04A80D361 closes. The last applied log index is 0
2019-07-13 22:42:31,117 INFO  impl.PendingRequests (PendingRequests.java:sendNotLeaderResponses(202)) - 3a934782-e929-4493-aafd-6b7b1f7f2551-PendingRequests: sendNotLeaderResponses
2019-07-13 22:42:31,131 INFO  segmented.SegmentedRaftLogWorker (SegmentedRaftLogWorker.java:run(313)) - 3a934782-e929-4493-aafd-6b7b1f7f2551-SegmentedRaftLogWorker:Storage Directory /tmp/workdir/hadoop-ozone/integration-test/target/test-dir/MiniOzoneClusterImpl-e61ba2c4-84a8-4661-a250-40acba4e70f7/datanode-4/data/ratis/770f8ab0-8a8c-4bac-976f-cdc04a80d361 was interrupted, exiting. There are 0 tasks remaining in the queue.
2019-07-13 22:42:31,131 INFO  impl.StateMachineUpdater (StateMachineUpdater.java:stopAndJoin(115)) - StateMachineUpdater:3a934782-e929-4493-aafd-6b7b1f7f2551:group-4CE673615645: set stopIndex = 0
2019-07-13 22:42:31,139 INFO  segmented.SegmentedRaftLogWorker (SegmentedRaftLogWorker.java:close(228)) - 3a934782-e929-4493-aafd-6b7b1f7f2551-SegmentedRaftLogWorker:Storage Directory /tmp/workdir/hadoop-ozone/integration-test/target/test-dir/MiniOzoneClusterImpl-e61ba2c4-84a8-4661-a250-40acba4e70f7/datanode-4/data/ratis/770f8ab0-8a8c-4bac-976f-cdc04a80d361 close()
2019-07-13 22:42:31,131 INFO  ratis.ContainerStateMachine (ContainerStateMachine.java:takeSnapshot(246)) - Taking snapshot at termIndex:(t:0, i:~)
2019-07-13 22:42:31,155 INFO  impl.RaftServerImpl (ServerState.java:close(394)) - 3a934782-e929-4493-aafd-6b7b1f7f2551:group-4CE673615645 closes. The last applied log index is 0
2019-07-13 22:42:31,155 INFO  segmented.SegmentedRaftLogWorker (SegmentedRaftLogWorker.java:run(313)) - 3a934782-e929-4493-aafd-6b7b1f7f2551-SegmentedRaftLogWorker:Storage Directory /tmp/workdir/hadoop-ozone/integration-test/target/test-dir/MiniOzoneClusterImpl-e61ba2c4-84a8-4661-a250-40acba4e70f7/datanode-4/data/ratis/6678d3da-ec65-40a9-bf72-4ce673615645 was interrupted, exiting. There are 0 tasks remaining in the queue.
2019-07-13 22:42:31,162 INFO  segmented.SegmentedRaftLogWorker (SegmentedRaftLogWorker.java:close(228)) - 3a934782-e929-4493-aafd-6b7b1f7f2551-SegmentedRaftLogWorker:Storage Directory /tmp/workdir/hadoop-ozone/integration-test/target/test-dir/MiniOzoneClusterImpl-e61ba2c4-84a8-4661-a250-40acba4e70f7/datanode-4/data/ratis/6678d3da-ec65-40a9-bf72-4ce673615645 close()
2019-07-13 22:42:31,176 INFO  server.GrpcService (GrpcService.java:closeImpl(155)) - 3a934782-e929-4493-aafd-6b7b1f7f2551: shutdown server with port 34598 now
2019-07-13 22:42:31,177 WARN  server.GrpcServerProtocolService (LogUtils.java:warn(134)) - 3a934782-e929-4493-aafd-6b7b1f7f2551: appendEntries onError: org.apache.ratis.thirdparty.io.grpc.StatusRuntimeException: CANCELLED: cancelled before receiving half close
2019-07-13 22:42:31,177 INFO  server.GrpcService (GrpcService.java:closeImpl(163)) - 3a934782-e929-4493-aafd-6b7b1f7f2551: shutdown server with port 34598 successfully
2019-07-13 22:42:31,177 WARN  server.GrpcLogAppender (LogUtils.java:warn(134)) - be1d966f-d6d3-4083-911a-9cf613e6b51b->3a934782-e929-4493-aafd-6b7b1f7f2551: Failed appendEntries: org.apache.ratis.thirdparty.io.grpc.StatusRuntimeException: CANCELLED: HTTP/2 error code: CANCEL
Received Rst Stream
2019-07-13 22:42:31,186 INFO  impl.FollowerInfo (FollowerInfo.java:lambda$new$0(50)) - be1d966f-d6d3-4083-911a-9cf613e6b51b->3a934782-e929-4493-aafd-6b7b1f7f2551: nextIndex: updateUnconditionally 1 -> 0
2019-07-13 22:42:31,187 INFO  utils.BackgroundService (BackgroundService.java:shutdown(148)) - Shutting down service BlockDeletingService
2019-07-13 22:42:31,188 WARN  fs.CachingGetSpaceUsed (CachingGetSpaceUsed.java:run(183)) - Thread Interrupted waiting to refresh disk information: sleep interrupted
2019-07-13 22:42:31,228 INFO  statemachine.DatanodeStateMachine (DatanodeStateMachine.java:stopDaemon(395)) - Ozone container server stopped.
2019-07-13 22:42:31,229 INFO  handler.ContextHandler (ContextHandler.java:doStop(910)) - Stopped o.e.j.w.WebAppContext@303a484e{/,null,UNAVAILABLE}{/hddsDatanode}
2019-07-13 22:42:31,230 INFO  server.AbstractConnector (AbstractConnector.java:doStop(318)) - Stopped ServerConnector@760f4310{HTTP/1.1,[http/1.1]}{0.0.0.0:0}
2019-07-13 22:42:31,230 INFO  handler.ContextHandler (ContextHandler.java:doStop(910)) - Stopped o.e.j.s.ServletContextHandler@159e9629{/static,jar:file:/home/user/.m2/repository/org/apache/hadoop/hadoop-hdds-container-service/0.5.0-SNAPSHOT/hadoop-hdds-container-service-0.5.0-SNAPSHOT.jar!/webapps/static,UNAVAILABLE}
2019-07-13 22:42:31,231 INFO  handler.ContextHandler (ContextHandler.java:doStop(910)) - Stopped o.e.j.s.ServletContextHandler@50c99398{/logs,file:///tmp/workdir/hadoop-ozone/integration-test/target/log,UNAVAILABLE}
2019-07-13 22:42:31,308 INFO  client.GrpcClientProtocolClient (GrpcClientProtocolClient.java:onNext(255)) - client-52D4E6168C37->b1a8fa40-2b82-4386-8a5d-7e0772ec64e7: receive RaftClientReply:client-52D4E6168C37->b1a8fa40-2b82-4386-8a5d-7e0772ec64e7@group-6C1CA62ECE3B, cid=110, SUCCESS, logIndex=5, commits[b1a8fa40-2b82-4386-8a5d-7e0772ec64e7:c6, 558aed7f-a82f-4247-861c-9af63d2a895c:c4, 374c33b3-4076-4259-ac54-11950597c629:c4]
2019-07-13 22:42:31,316 INFO  client.GrpcClientProtocolClient (GrpcClientProtocolClient.java:onNext(255)) - client-52D4E6168C37->b1a8fa40-2b82-4386-8a5d-7e0772ec64e7: receive RaftClientReply:client-52D4E6168C37->b1a8fa40-2b82-4386-8a5d-7e0772ec64e7@group-6C1CA62ECE3B, cid=111, SUCCESS, logIndex=6, commits[b1a8fa40-2b82-4386-8a5d-7e0772ec64e7:c6, 558aed7f-a82f-4247-861c-9af63d2a895c:c4, 374c33b3-4076-4259-ac54-11950597c629:c4]
2019-07-13 22:42:31,316 INFO  client.GrpcClientProtocolClient (GrpcClientProtocolClient.java:onNext(255)) - client-52D4E6168C37->b1a8fa40-2b82-4386-8a5d-7e0772ec64e7: receive RaftClientReply:client-52D4E6168C37->b1a8fa40-2b82-4386-8a5d-7e0772ec64e7@group-6C1CA62ECE3B, cid=112, SUCCESS, logIndex=7, commits[b1a8fa40-2b82-4386-8a5d-7e0772ec64e7:c10, 558aed7f-a82f-4247-861c-9af63d2a895c:c6, 374c33b3-4076-4259-ac54-11950597c629:c4]
2019-07-13 22:42:31,317 INFO  client.GrpcClientProtocolClient (GrpcClientProtocolClient.java:onNext(255)) - client-52D4E6168C37->b1a8fa40-2b82-4386-8a5d-7e0772ec64e7: receive RaftClientReply:client-52D4E6168C37->b1a8fa40-2b82-4386-8a5d-7e0772ec64e7@group-6C1CA62ECE3B, cid=113, SUCCESS, logIndex=8, commits[b1a8fa40-2b82-4386-8a5d-7e0772ec64e7:c10, 558aed7f-a82f-4247-861c-9af63d2a895c:c6, 374c33b3-4076-4259-ac54-11950597c629:c4]
2019-07-13 22:42:31,327 INFO  client.GrpcClientProtocolClient (GrpcClientProtocolClient.java:onNext(255)) - client-52D4E6168C37->b1a8fa40-2b82-4386-8a5d-7e0772ec64e7: receive RaftClientReply:client-52D4E6168C37->b1a8fa40-2b82-4386-8a5d-7e0772ec64e7@group-6C1CA62ECE3B, cid=114, SUCCESS, logIndex=0, commits[b1a8fa40-2b82-4386-8a5d-7e0772ec64e7:c10, 558aed7f-a82f-4247-861c-9af63d2a895c:c6, 374c33b3-4076-4259-ac54-11950597c629:c6]
2019-07-13 22:42:31,348 INFO  client.GrpcClientProtocolClient (GrpcClientProtocolClient.java:onNext(255)) - client-52D4E6168C37->b1a8fa40-2b82-4386-8a5d-7e0772ec64e7: receive RaftClientReply:client-52D4E6168C37->b1a8fa40-2b82-4386-8a5d-7e0772ec64e7@group-6C1CA62ECE3B, cid=115, SUCCESS, logIndex=0, commits[b1a8fa40-2b82-4386-8a5d-7e0772ec64e7:c11, 558aed7f-a82f-4247-861c-9af63d2a895c:c9, 374c33b3-4076-4259-ac54-11950597c629:c9]
]]></system-out>
    <system-err><![CDATA[Jul 13, 2019 10:42:14 PM com.sun.jersey.server.impl.application.WebApplicationImpl _initiate
INFO: Initiating Jersey application, version 'Jersey: 1.19 02/11/2015 03:25 AM'
Jul 13, 2019 10:42:15 PM com.sun.jersey.server.impl.application.WebApplicationImpl _initiate
INFO: Initiating Jersey application, version 'Jersey: 1.19 02/11/2015 03:25 AM'
Jul 13, 2019 10:42:15 PM com.sun.jersey.server.impl.application.WebApplicationImpl _initiate
INFO: Initiating Jersey application, version 'Jersey: 1.19 02/11/2015 03:25 AM'
Jul 13, 2019 10:42:15 PM com.sun.jersey.server.impl.application.WebApplicationImpl _initiate
INFO: Initiating Jersey application, version 'Jersey: 1.19 02/11/2015 03:25 AM'
Jul 13, 2019 10:42:16 PM com.sun.jersey.server.impl.application.WebApplicationImpl _initiate
INFO: Initiating Jersey application, version 'Jersey: 1.19 02/11/2015 03:25 AM'
Jul 13, 2019 10:42:16 PM com.sun.jersey.server.impl.application.WebApplicationImpl _initiate
INFO: Initiating Jersey application, version 'Jersey: 1.19 02/11/2015 03:25 AM'
Jul 13, 2019 10:42:19 PM org.apache.ratis.thirdparty.io.grpc.internal.ManagedChannelOrphanWrapper$ManagedChannelReference cleanQueue
SEVERE: *~*~*~ Channel ManagedChannelImpl{logId=945, target=192.168.5.159:39200} was not shutdown properly!!! ~*~*~*
    Make sure to call shutdown()/shutdownNow() and wait until awaitTermination() returns true.
java.lang.RuntimeException: ManagedChannel allocation site
	at org.apache.ratis.thirdparty.io.grpc.internal.ManagedChannelOrphanWrapper$ManagedChannelReference.<init>(ManagedChannelOrphanWrapper.java:103)
	at org.apache.ratis.thirdparty.io.grpc.internal.ManagedChannelOrphanWrapper.<init>(ManagedChannelOrphanWrapper.java:53)
	at org.apache.ratis.thirdparty.io.grpc.internal.ManagedChannelOrphanWrapper.<init>(ManagedChannelOrphanWrapper.java:44)
	at org.apache.ratis.thirdparty.io.grpc.internal.AbstractManagedChannelImplBuilder.build(AbstractManagedChannelImplBuilder.java:411)
	at org.apache.ratis.grpc.client.GrpcClientProtocolClient.<init>(GrpcClientProtocolClient.java:119)
	at org.apache.ratis.grpc.client.GrpcClientRpc.lambda$new$0(GrpcClientRpc.java:55)
	at org.apache.ratis.util.PeerProxyMap$PeerAndProxy.lambda$getProxy$0(PeerProxyMap.java:61)
	at org.apache.ratis.util.LifeCycle.startAndTransition(LifeCycle.java:202)
	at org.apache.ratis.util.PeerProxyMap$PeerAndProxy.getProxy(PeerProxyMap.java:60)
	at org.apache.ratis.util.PeerProxyMap.getProxy(PeerProxyMap.java:107)
	at org.apache.ratis.grpc.client.GrpcClientRpc.sendRequestAsync(GrpcClientRpc.java:66)
	at org.apache.ratis.client.impl.OrderedAsync.sendRequest(OrderedAsync.java:208)
	at org.apache.ratis.client.impl.OrderedAsync.sendRequestWithRetry(OrderedAsync.java:169)
	at org.apache.ratis.util.SlidingWindow$Client.sendOrDelayRequest(SlidingWindow.java:278)
	at org.apache.ratis.util.SlidingWindow$Client.submitNewRequest(SlidingWindow.java:257)
	at org.apache.ratis.client.impl.OrderedAsync.send(OrderedAsync.java:155)
	at org.apache.ratis.client.impl.RaftClientImpl.sendAsync(RaftClientImpl.java:145)
	at org.apache.ratis.client.impl.RaftClientImpl.sendAsync(RaftClientImpl.java:125)
	at org.apache.hadoop.hdds.scm.XceiverClientRatis.sendRequestAsync(XceiverClientRatis.java:224)
	at org.apache.hadoop.hdds.scm.XceiverClientRatis.sendCommandAsync(XceiverClientRatis.java:302)
	at org.apache.hadoop.hdds.scm.storage.ContainerProtocolCalls.writeChunkAsync(ContainerProtocolCalls.java:310)
	at org.apache.hadoop.hdds.scm.storage.BlockOutputStream.writeChunkToContainer(BlockOutputStream.java:610)
	at org.apache.hadoop.hdds.scm.storage.BlockOutputStream.writeChunk(BlockOutputStream.java:467)
	at org.apache.hadoop.hdds.scm.storage.BlockOutputStream.writeOnRetry(BlockOutputStream.java:293)
	at org.apache.hadoop.ozone.client.io.BlockOutputStreamEntry.writeOnRetry(BlockOutputStreamEntry.java:200)
	at org.apache.hadoop.ozone.client.io.KeyOutputStream.handleWrite(KeyOutputStream.java:209)
	at org.apache.hadoop.ozone.client.io.KeyOutputStream.handleRetry(KeyOutputStream.java:376)
	at org.apache.hadoop.ozone.client.io.KeyOutputStream.handleException(KeyOutputStream.java:325)
	at org.apache.hadoop.ozone.client.io.KeyOutputStream.handleFlushOrClose(KeyOutputStream.java:448)
	at org.apache.hadoop.ozone.client.io.KeyOutputStream.close(KeyOutputStream.java:472)
	at org.apache.hadoop.ozone.client.io.OzoneOutputStream.close(OzoneOutputStream.java:60)
	at org.apache.hadoop.ozone.client.rpc.TestFailureHandlingByClient.testBlockWritesWithDnFailures(TestFailureHandlingByClient.java:146)
	at sun.reflect.NativeMethodAccessorImpl.invoke0(Native Method)
	at sun.reflect.NativeMethodAccessorImpl.invoke(NativeMethodAccessorImpl.java:62)
	at sun.reflect.DelegatingMethodAccessorImpl.invoke(DelegatingMethodAccessorImpl.java:43)
	at java.lang.reflect.Method.invoke(Method.java:498)
	at org.junit.runners.model.FrameworkMethod$1.runReflectiveCall(FrameworkMethod.java:47)
	at org.junit.internal.runners.model.ReflectiveCallable.run(ReflectiveCallable.java:12)
	at org.junit.runners.model.FrameworkMethod.invokeExplosively(FrameworkMethod.java:44)
	at org.junit.internal.runners.statements.InvokeMethod.evaluate(InvokeMethod.java:17)
	at org.junit.runners.ParentRunner.runLeaf(ParentRunner.java:271)
	at org.junit.runners.BlockJUnit4ClassRunner.runChild(BlockJUnit4ClassRunner.java:70)
	at org.junit.runners.BlockJUnit4ClassRunner.runChild(BlockJUnit4ClassRunner.java:50)
	at org.junit.runners.ParentRunner$3.run(ParentRunner.java:238)
	at org.junit.runners.ParentRunner$1.schedule(ParentRunner.java:63)
	at org.junit.runners.ParentRunner.runChildren(ParentRunner.java:236)
	at org.junit.runners.ParentRunner.access$000(ParentRunner.java:53)
	at org.junit.runners.ParentRunner$2.evaluate(ParentRunner.java:229)
	at org.junit.runners.ParentRunner.run(ParentRunner.java:309)
	at org.apache.maven.surefire.junit4.JUnit4Provider.execute(JUnit4Provider.java:365)
	at org.apache.maven.surefire.junit4.JUnit4Provider.executeWithRerun(JUnit4Provider.java:273)
	at org.apache.maven.surefire.junit4.JUnit4Provider.executeTestSet(JUnit4Provider.java:238)
	at org.apache.maven.surefire.junit4.JUnit4Provider.invoke(JUnit4Provider.java:159)
	at org.apache.maven.surefire.booter.ForkedBooter.invokeProviderInSameClassLoader(ForkedBooter.java:384)
	at org.apache.maven.surefire.booter.ForkedBooter.runSuitesInProcess(ForkedBooter.java:345)
	at org.apache.maven.surefire.booter.ForkedBooter.execute(ForkedBooter.java:126)
	at org.apache.maven.surefire.booter.ForkedBooter.main(ForkedBooter.java:418)

Jul 13, 2019 10:42:19 PM org.apache.ratis.thirdparty.io.grpc.internal.ManagedChannelOrphanWrapper$ManagedChannelReference cleanQueue
SEVERE: *~*~*~ Channel ManagedChannelImpl{logId=951, target=192.168.5.159:36552} was not shutdown properly!!! ~*~*~*
    Make sure to call shutdown()/shutdownNow() and wait until awaitTermination() returns true.
java.lang.RuntimeException: ManagedChannel allocation site
	at org.apache.ratis.thirdparty.io.grpc.internal.ManagedChannelOrphanWrapper$ManagedChannelReference.<init>(ManagedChannelOrphanWrapper.java:103)
	at org.apache.ratis.thirdparty.io.grpc.internal.ManagedChannelOrphanWrapper.<init>(ManagedChannelOrphanWrapper.java:53)
	at org.apache.ratis.thirdparty.io.grpc.internal.ManagedChannelOrphanWrapper.<init>(ManagedChannelOrphanWrapper.java:44)
	at org.apache.ratis.thirdparty.io.grpc.internal.AbstractManagedChannelImplBuilder.build(AbstractManagedChannelImplBuilder.java:411)
	at org.apache.hadoop.hdds.scm.XceiverClientGrpc.connectToDatanode(XceiverClientGrpc.java:172)
	at org.apache.hadoop.hdds.scm.XceiverClientGrpc.reconnect(XceiverClientGrpc.java:417)
	at org.apache.hadoop.hdds.scm.XceiverClientGrpc.sendCommandAsync(XceiverClientGrpc.java:366)
	at org.apache.hadoop.hdds.scm.XceiverClientGrpc.sendCommandWithRetry(XceiverClientGrpc.java:279)
	at org.apache.hadoop.hdds.scm.XceiverClientGrpc.sendCommandWithTraceIDAndRetry(XceiverClientGrpc.java:248)
	at org.apache.hadoop.hdds.scm.XceiverClientGrpc.sendCommand(XceiverClientGrpc.java:231)
	at org.apache.hadoop.hdds.scm.storage.ContainerProtocolCalls.getBlock(ContainerProtocolCalls.java:118)
	at org.apache.hadoop.hdds.scm.storage.BlockInputStream.getChunkInfos(BlockInputStream.java:167)
	at org.apache.hadoop.hdds.scm.storage.BlockInputStream.initialize(BlockInputStream.java:118)
	at org.apache.hadoop.hdds.scm.storage.BlockInputStream.read(BlockInputStream.java:222)
	at org.apache.hadoop.ozone.client.io.KeyInputStream.read(KeyInputStream.java:171)
	at org.apache.hadoop.ozone.client.io.OzoneInputStream.read(OzoneInputStream.java:47)
	at java.io.InputStream.read(InputStream.java:101)
	at org.apache.hadoop.ozone.container.ContainerTestHelper.validateData(ContainerTestHelper.java:709)
	at org.apache.hadoop.ozone.client.rpc.TestFailureHandlingByClient.validateData(TestFailureHandlingByClient.java:497)
	at org.apache.hadoop.ozone.client.rpc.TestFailureHandlingByClient.testBlockWritesWithDnFailures(TestFailureHandlingByClient.java:155)
	at sun.reflect.NativeMethodAccessorImpl.invoke0(Native Method)
	at sun.reflect.NativeMethodAccessorImpl.invoke(NativeMethodAccessorImpl.java:62)
	at sun.reflect.DelegatingMethodAccessorImpl.invoke(DelegatingMethodAccessorImpl.java:43)
	at java.lang.reflect.Method.invoke(Method.java:498)
	at org.junit.runners.model.FrameworkMethod$1.runReflectiveCall(FrameworkMethod.java:47)
	at org.junit.internal.runners.model.ReflectiveCallable.run(ReflectiveCallable.java:12)
	at org.junit.runners.model.FrameworkMethod.invokeExplosively(FrameworkMethod.java:44)
	at org.junit.internal.runners.statements.InvokeMethod.evaluate(InvokeMethod.java:17)
	at org.junit.runners.ParentRunner.runLeaf(ParentRunner.java:271)
	at org.junit.runners.BlockJUnit4ClassRunner.runChild(BlockJUnit4ClassRunner.java:70)
	at org.junit.runners.BlockJUnit4ClassRunner.runChild(BlockJUnit4ClassRunner.java:50)
	at org.junit.runners.ParentRunner$3.run(ParentRunner.java:238)
	at org.junit.runners.ParentRunner$1.schedule(ParentRunner.java:63)
	at org.junit.runners.ParentRunner.runChildren(ParentRunner.java:236)
	at org.junit.runners.ParentRunner.access$000(ParentRunner.java:53)
	at org.junit.runners.ParentRunner$2.evaluate(ParentRunner.java:229)
	at org.junit.runners.ParentRunner.run(ParentRunner.java:309)
	at org.apache.maven.surefire.junit4.JUnit4Provider.execute(JUnit4Provider.java:365)
	at org.apache.maven.surefire.junit4.JUnit4Provider.executeWithRerun(JUnit4Provider.java:273)
	at org.apache.maven.surefire.junit4.JUnit4Provider.executeTestSet(JUnit4Provider.java:238)
	at org.apache.maven.surefire.junit4.JUnit4Provider.invoke(JUnit4Provider.java:159)
	at org.apache.maven.surefire.booter.ForkedBooter.invokeProviderInSameClassLoader(ForkedBooter.java:384)
	at org.apache.maven.surefire.booter.ForkedBooter.runSuitesInProcess(ForkedBooter.java:345)
	at org.apache.maven.surefire.booter.ForkedBooter.execute(ForkedBooter.java:126)
	at org.apache.maven.surefire.booter.ForkedBooter.main(ForkedBooter.java:418)

]]></system-err>
  </testcase>
  <testcase name="testMultiBlockWritesWithDnFailures" classname="org.apache.hadoop.ozone.client.rpc.TestFailureHandlingByClient" time="23.019">
    <error message="Allocated 0 blocks. Requested 1 blocks" type="INTERNAL_ERROR org.apache.hadoop.ozone.om.exceptions.OMException">INTERNAL_ERROR org.apache.hadoop.ozone.om.exceptions.OMException: Allocated 0 blocks. Requested 1 blocks
	at org.apache.hadoop.ozone.om.protocolPB.OzoneManagerProtocolClientSideTranslatorPB.handleError(OzoneManagerProtocolClientSideTranslatorPB.java:720)
	at org.apache.hadoop.ozone.om.protocolPB.OzoneManagerProtocolClientSideTranslatorPB.allocateBlock(OzoneManagerProtocolClientSideTranslatorPB.java:752)
	at org.apache.hadoop.ozone.client.io.BlockOutputStreamEntryPool.allocateNewBlock(BlockOutputStreamEntryPool.java:248)
	at org.apache.hadoop.ozone.client.io.BlockOutputStreamEntryPool.allocateBlockIfNeeded(BlockOutputStreamEntryPool.java:296)
	at org.apache.hadoop.ozone.client.io.KeyOutputStream.handleWrite(KeyOutputStream.java:201)
	at org.apache.hadoop.ozone.client.io.KeyOutputStream.handleRetry(KeyOutputStream.java:376)
	at org.apache.hadoop.ozone.client.io.KeyOutputStream.handleException(KeyOutputStream.java:325)
	at org.apache.hadoop.ozone.client.io.KeyOutputStream.handleWrite(KeyOutputStream.java:231)
	at org.apache.hadoop.ozone.client.io.KeyOutputStream.write(KeyOutputStream.java:193)
	at org.apache.hadoop.ozone.client.io.OzoneOutputStream.write(OzoneOutputStream.java:49)
	at java.io.OutputStream.write(OutputStream.java:75)
	at org.apache.hadoop.ozone.client.rpc.TestFailureHandlingByClient.testMultiBlockWritesWithDnFailures(TestFailureHandlingByClient.java:189)
	at sun.reflect.NativeMethodAccessorImpl.invoke0(Native Method)
	at sun.reflect.NativeMethodAccessorImpl.invoke(NativeMethodAccessorImpl.java:62)
	at sun.reflect.DelegatingMethodAccessorImpl.invoke(DelegatingMethodAccessorImpl.java:43)
	at java.lang.reflect.Method.invoke(Method.java:498)
	at org.junit.runners.model.FrameworkMethod$1.runReflectiveCall(FrameworkMethod.java:47)
	at org.junit.internal.runners.model.ReflectiveCallable.run(ReflectiveCallable.java:12)
	at org.junit.runners.model.FrameworkMethod.invokeExplosively(FrameworkMethod.java:44)
	at org.junit.internal.runners.statements.InvokeMethod.evaluate(InvokeMethod.java:17)
	at org.junit.runners.ParentRunner.runLeaf(ParentRunner.java:271)
	at org.junit.runners.BlockJUnit4ClassRunner.runChild(BlockJUnit4ClassRunner.java:70)
	at org.junit.runners.BlockJUnit4ClassRunner.runChild(BlockJUnit4ClassRunner.java:50)
	at org.junit.runners.ParentRunner$3.run(ParentRunner.java:238)
	at org.junit.runners.ParentRunner$1.schedule(ParentRunner.java:63)
	at org.junit.runners.ParentRunner.runChildren(ParentRunner.java:236)
	at org.junit.runners.ParentRunner.access$000(ParentRunner.java:53)
	at org.junit.runners.ParentRunner$2.evaluate(ParentRunner.java:229)
	at org.junit.runners.ParentRunner.run(ParentRunner.java:309)
	at org.apache.maven.surefire.junit4.JUnit4Provider.execute(JUnit4Provider.java:365)
	at org.apache.maven.surefire.junit4.JUnit4Provider.executeWithRerun(JUnit4Provider.java:273)
	at org.apache.maven.surefire.junit4.JUnit4Provider.executeTestSet(JUnit4Provider.java:238)
	at org.apache.maven.surefire.junit4.JUnit4Provider.invoke(JUnit4Provider.java:159)
	at org.apache.maven.surefire.booter.ForkedBooter.invokeProviderInSameClassLoader(ForkedBooter.java:384)
	at org.apache.maven.surefire.booter.ForkedBooter.runSuitesInProcess(ForkedBooter.java:345)
	at org.apache.maven.surefire.booter.ForkedBooter.execute(ForkedBooter.java:126)
	at org.apache.maven.surefire.booter.ForkedBooter.main(ForkedBooter.java:418)
</error>
    <system-out><![CDATA[2019-07-13 22:42:31,365 WARN  server.ServerUtils (ServerUtils.java:getScmDbDir(145)) - ozone.scm.db.dirs is not configured. We recommend adding this setting. Falling back to ozone.metadata.dirs instead.
2019-07-13 22:42:31,391 WARN  server.ServerUtils (ServerUtils.java:getScmDbDir(145)) - ozone.scm.db.dirs is not configured. We recommend adding this setting. Falling back to ozone.metadata.dirs instead.
2019-07-13 22:42:31,391 WARN  server.ServerUtils (ServerUtils.java:getScmDbDir(145)) - ozone.scm.db.dirs is not configured. We recommend adding this setting. Falling back to ozone.metadata.dirs instead.
2019-07-13 22:42:31,392 INFO  db.DBStoreBuilder (DBStoreBuilder.java:addTable(110)) - using custom profile for table: deletedBlocks
2019-07-13 22:42:31,392 INFO  db.DBStoreBuilder (DBStoreBuilder.java:processTables(161)) - Using default column profile:DBProfile.DISK for Table:deletedBlocks
2019-07-13 22:42:31,392 INFO  db.DBStoreBuilder (DBStoreBuilder.java:addTable(110)) - using custom profile for table: validCerts
2019-07-13 22:42:31,392 INFO  db.DBStoreBuilder (DBStoreBuilder.java:processTables(161)) - Using default column profile:DBProfile.DISK for Table:validCerts
2019-07-13 22:42:31,393 INFO  db.DBStoreBuilder (DBStoreBuilder.java:addTable(110)) - using custom profile for table: revokedCerts
2019-07-13 22:42:31,393 INFO  db.DBStoreBuilder (DBStoreBuilder.java:processTables(161)) - Using default column profile:DBProfile.DISK for Table:revokedCerts
2019-07-13 22:42:31,393 INFO  db.DBStoreBuilder (DBStoreBuilder.java:addTable(110)) - using custom profile for table: default
2019-07-13 22:42:31,393 INFO  db.DBStoreBuilder (DBStoreBuilder.java:processTables(167)) - Using default column profile:DBProfile.DISK for Table:default
2019-07-13 22:42:31,393 INFO  db.DBStoreBuilder (DBStoreBuilder.java:getDbProfile(198)) - Using default options. DBProfile.DISK
2019-07-13 22:42:31,506 INFO  net.NodeSchemaLoader (NodeSchemaLoader.java:loadSchemaFromFile(125)) - Loading file from sun.misc.CompoundEnumeration@1e79b0fc
2019-07-13 22:42:31,507 INFO  net.NodeSchemaLoader (NodeSchemaLoader.java:loadSchema(171)) - Loading network topology layer schema file
2019-07-13 22:42:31,510 INFO  node.SCMNodeManager (SCMNodeManager.java:<init>(119)) - Entering startup safe mode.
2019-07-13 22:42:31,511 WARN  server.ServerUtils (ServerUtils.java:getScmDbDir(145)) - ozone.scm.db.dirs is not configured. We recommend adding this setting. Falling back to ozone.metadata.dirs instead.
2019-07-13 22:42:31,541 INFO  pipeline.SCMPipelineManager (SCMPipelineManager.java:initializePipelineState(126)) - No pipeline exists in current db
2019-07-13 22:42:31,541 WARN  server.ServerUtils (ServerUtils.java:getScmDbDir(145)) - ozone.scm.db.dirs is not configured. We recommend adding this setting. Falling back to ozone.metadata.dirs instead.
2019-07-13 22:42:31,563 WARN  events.EventQueue (EventQueue.java:fireEvent(175)) - No event handler registered for event TypedEvent{payloadType=SafeModeStatus, name='SafeModeStatus'}
2019-07-13 22:42:31,563 INFO  ipc.CallQueueManager (CallQueueManager.java:<init>(84)) - Using callQueue: class java.util.concurrent.LinkedBlockingQueue, queueCapacity: 2000, scheduler: class org.apache.hadoop.ipc.DefaultRpcScheduler, ipcBackoff: false.
2019-07-13 22:42:31,564 INFO  ipc.Server (Server.java:run(1074)) - Starting Socket Reader #1 for port 33035
2019-07-13 22:42:31,576 INFO  ipc.CallQueueManager (CallQueueManager.java:<init>(84)) - Using callQueue: class java.util.concurrent.LinkedBlockingQueue, queueCapacity: 2000, scheduler: class org.apache.hadoop.ipc.DefaultRpcScheduler, ipcBackoff: false.
2019-07-13 22:42:31,576 INFO  ipc.Server (Server.java:run(1074)) - Starting Socket Reader #1 for port 42187
2019-07-13 22:42:31,584 INFO  ipc.CallQueueManager (CallQueueManager.java:<init>(84)) - Using callQueue: class java.util.concurrent.LinkedBlockingQueue, queueCapacity: 2000, scheduler: class org.apache.hadoop.ipc.DefaultRpcScheduler, ipcBackoff: false.
2019-07-13 22:42:31,585 INFO  ipc.Server (Server.java:run(1074)) - Starting Socket Reader #1 for port 37226
2019-07-13 22:42:31,592 INFO  hdfs.DFSUtil (DFSUtil.java:httpServerTemplateForNNAndJN(1641)) - Starting Web-server for scm at: http://0.0.0.0:0
2019-07-13 22:42:31,594 INFO  server.AuthenticationFilter (AuthenticationFilter.java:constructSecretProvider(240)) - Unable to initialize FileSignerSecretProvider, falling back to use random secrets.
2019-07-13 22:42:31,595 WARN  http.HttpRequestLog (HttpRequestLog.java:getRequestLog(97)) - Jetty request log can only be enabled using Log4j
2019-07-13 22:42:31,596 INFO  http.HttpServer2 (HttpServer2.java:addGlobalFilter(975)) - Added global filter 'safety' (class=org.apache.hadoop.http.HttpServer2$QuotingInputFilter)
2019-07-13 22:42:31,597 INFO  http.HttpServer2 (HttpServer2.java:addFilter(948)) - Added filter static_user_filter (class=org.apache.hadoop.http.lib.StaticUserWebFilter$StaticUserFilter) to context scm
2019-07-13 22:42:31,597 INFO  http.HttpServer2 (HttpServer2.java:addFilter(958)) - Added filter static_user_filter (class=org.apache.hadoop.http.lib.StaticUserWebFilter$StaticUserFilter) to context static
2019-07-13 22:42:31,597 INFO  http.HttpServer2 (HttpServer2.java:addFilter(958)) - Added filter static_user_filter (class=org.apache.hadoop.http.lib.StaticUserWebFilter$StaticUserFilter) to context logs
2019-07-13 22:42:31,600 INFO  server.StorageContainerManager (StorageContainerManager.java:start(759)) - StorageContainerLocationProtocol RPC server is listening at /0.0.0.0:37226
2019-07-13 22:42:31,600 INFO  impl.MetricsSystemImpl (MetricsSystemImpl.java:init(158)) - StorageContainerManager metrics system started (again)
2019-07-13 22:42:31,600 INFO  server.SCMClientProtocolServer (SCMClientProtocolServer.java:start(149)) - RPC server for Client  is listening at /0.0.0.0:37226
2019-07-13 22:42:31,600 INFO  ipc.Server (Server.java:run(1314)) - IPC Server Responder: starting
2019-07-13 22:42:31,607 INFO  ipc.Server (Server.java:run(1153)) - IPC Server listener on 37226: starting
2019-07-13 22:42:31,618 INFO  server.StorageContainerManager (StorageContainerManager.java:start(768)) - ScmBlockLocationProtocol RPC server is listening at /0.0.0.0:42187
2019-07-13 22:42:31,618 INFO  server.SCMBlockProtocolServer (SCMBlockProtocolServer.java:start(140)) - RPC server for Block Protocol is listening at /0.0.0.0:42187
2019-07-13 22:42:31,618 INFO  ipc.Server (Server.java:run(1314)) - IPC Server Responder: starting
2019-07-13 22:42:31,623 INFO  ipc.Server (Server.java:run(1153)) - IPC Server listener on 42187: starting
2019-07-13 22:42:31,634 INFO  server.StorageContainerManager (StorageContainerManager.java:start(772)) - ScmDatanodeProtocl RPC server is listening at /0.0.0.0:33035
2019-07-13 22:42:31,634 INFO  server.SCMDatanodeProtocolServer (SCMDatanodeProtocolServer.java:start(191)) - RPC server for DataNodes is listening at /0.0.0.0:33035
2019-07-13 22:42:31,635 INFO  ipc.Server (Server.java:run(1314)) - IPC Server Responder: starting
2019-07-13 22:42:31,635 INFO  ipc.Server (Server.java:run(1153)) - IPC Server listener on 33035: starting
2019-07-13 22:42:31,650 INFO  http.HttpServer2 (HttpServer2.java:bindListener(1191)) - Jetty bound to port 39454
2019-07-13 22:42:31,650 INFO  server.Server (Server.java:doStart(351)) - jetty-9.3.24.v20180605, build timestamp: 2018-06-05T17:11:56Z, git hash: 84205aa28f11a4f31f2a3b86d1bba2cc8ab69827
2019-07-13 22:42:31,651 INFO  handler.ContextHandler (ContextHandler.java:doStart(781)) - Started o.e.j.s.ServletContextHandler@65bc50c9{/logs,file:///tmp/workdir/hadoop-ozone/integration-test/target/log,AVAILABLE}
2019-07-13 22:42:31,652 INFO  handler.ContextHandler (ContextHandler.java:doStart(781)) - Started o.e.j.s.ServletContextHandler@12ff3df{/static,file:///tmp/workdir/hadoop-ozone/integration-test/target/test-classes/webapps/static,AVAILABLE}
2019-07-13 22:42:31,655 INFO  handler.ContextHandler (ContextHandler.java:doStart(781)) - Started o.e.j.w.WebAppContext@724a80d2{/,file:///tmp/workdir/hadoop-ozone/integration-test/target/test-classes/webapps/scm/,AVAILABLE}{/scm}
2019-07-13 22:42:31,655 INFO  server.AbstractConnector (AbstractConnector.java:doStart(278)) - Started ServerConnector@5ce34685{HTTP/1.1,[http/1.1]}{0.0.0.0:39454}
2019-07-13 22:42:31,655 INFO  server.Server (Server.java:doStart(419)) - Started @130477ms
2019-07-13 22:42:31,661 INFO  server.BaseHttpServer (BaseHttpServer.java:updateConnectorAddress(207)) - HTTP server of SCM is listening at http://0.0.0.0:39454
2019-07-13 22:42:31,662 WARN  server.ServerUtils (ServerUtils.java:getDBPath(222)) - ozone.om.db.dirs is not configured. We recommend adding this setting. Falling back to ozone.metadata.dirs instead.
2019-07-13 22:42:31,667 INFO  util.JvmPauseMonitor (JvmPauseMonitor.java:run(188)) - Starting JVM pause monitor
2019-07-13 22:42:31,678 WARN  server.ServerUtils (ServerUtils.java:getDBPath(222)) - ozone.om.db.dirs is not configured. We recommend adding this setting. Falling back to ozone.metadata.dirs instead.
2019-07-13 22:42:31,679 INFO  om.OzoneManager (OzoneManager.java:setOMNodeDetails(630)) - OM Service ID is not set. Setting it to the default ID: omServiceIdDefault
2019-07-13 22:42:31,679 INFO  om.OzoneManager (OzoneManager.java:setOMNodeDetails(636)) - OM Node ID is not set. Setting it to the OmStorage's OmID: e43add97-4abb-41ae-956b-2f7211bbc900
2019-07-13 22:42:31,679 INFO  om.OzoneManager (OzoneManager.java:loadOMHAConfigs(587)) - Found matching OM address with OMServiceId: null, OMNodeId: null, RPC Address: localhost:0 and Ratis port: 9872
2019-07-13 22:42:31,692 WARN  server.ServerUtils (ServerUtils.java:getDBPath(222)) - ozone.om.db.dirs is not configured. We recommend adding this setting. Falling back to ozone.metadata.dirs instead.
2019-07-13 22:42:31,693 INFO  db.DBStoreBuilder (DBStoreBuilder.java:addTable(110)) - using custom profile for table: userTable
2019-07-13 22:42:31,693 INFO  db.DBStoreBuilder (DBStoreBuilder.java:processTables(161)) - Using default column profile:DBProfile.DISK for Table:userTable
2019-07-13 22:42:31,693 INFO  db.DBStoreBuilder (DBStoreBuilder.java:addTable(110)) - using custom profile for table: volumeTable
2019-07-13 22:42:31,693 INFO  db.DBStoreBuilder (DBStoreBuilder.java:processTables(161)) - Using default column profile:DBProfile.DISK for Table:volumeTable
2019-07-13 22:42:31,693 INFO  db.DBStoreBuilder (DBStoreBuilder.java:addTable(110)) - using custom profile for table: bucketTable
2019-07-13 22:42:31,694 INFO  db.DBStoreBuilder (DBStoreBuilder.java:processTables(161)) - Using default column profile:DBProfile.DISK for Table:bucketTable
2019-07-13 22:42:31,694 INFO  db.DBStoreBuilder (DBStoreBuilder.java:addTable(110)) - using custom profile for table: keyTable
2019-07-13 22:42:31,694 INFO  db.DBStoreBuilder (DBStoreBuilder.java:processTables(161)) - Using default column profile:DBProfile.DISK for Table:keyTable
2019-07-13 22:42:31,694 INFO  db.DBStoreBuilder (DBStoreBuilder.java:addTable(110)) - using custom profile for table: deletedTable
2019-07-13 22:42:31,694 INFO  db.DBStoreBuilder (DBStoreBuilder.java:processTables(161)) - Using default column profile:DBProfile.DISK for Table:deletedTable
2019-07-13 22:42:31,694 INFO  db.DBStoreBuilder (DBStoreBuilder.java:addTable(110)) - using custom profile for table: openKeyTable
2019-07-13 22:42:31,694 INFO  db.DBStoreBuilder (DBStoreBuilder.java:processTables(161)) - Using default column profile:DBProfile.DISK for Table:openKeyTable
2019-07-13 22:42:31,695 INFO  db.DBStoreBuilder (DBStoreBuilder.java:addTable(110)) - using custom profile for table: s3Table
2019-07-13 22:42:31,695 INFO  db.DBStoreBuilder (DBStoreBuilder.java:processTables(161)) - Using default column profile:DBProfile.DISK for Table:s3Table
2019-07-13 22:42:31,695 INFO  db.DBStoreBuilder (DBStoreBuilder.java:addTable(110)) - using custom profile for table: multipartInfoTable
2019-07-13 22:42:31,695 INFO  db.DBStoreBuilder (DBStoreBuilder.java:processTables(161)) - Using default column profile:DBProfile.DISK for Table:multipartInfoTable
2019-07-13 22:42:31,695 INFO  db.DBStoreBuilder (DBStoreBuilder.java:addTable(110)) - using custom profile for table: dTokenTable
2019-07-13 22:42:31,695 INFO  db.DBStoreBuilder (DBStoreBuilder.java:processTables(161)) - Using default column profile:DBProfile.DISK for Table:dTokenTable
2019-07-13 22:42:31,695 INFO  db.DBStoreBuilder (DBStoreBuilder.java:addTable(110)) - using custom profile for table: s3SecretTable
2019-07-13 22:42:31,696 INFO  db.DBStoreBuilder (DBStoreBuilder.java:processTables(161)) - Using default column profile:DBProfile.DISK for Table:s3SecretTable
2019-07-13 22:42:31,696 INFO  db.DBStoreBuilder (DBStoreBuilder.java:addTable(110)) - using custom profile for table: prefixTable
2019-07-13 22:42:31,696 INFO  db.DBStoreBuilder (DBStoreBuilder.java:processTables(161)) - Using default column profile:DBProfile.DISK for Table:prefixTable
2019-07-13 22:42:31,696 INFO  db.DBStoreBuilder (DBStoreBuilder.java:addTable(110)) - using custom profile for table: default
2019-07-13 22:42:31,696 INFO  db.DBStoreBuilder (DBStoreBuilder.java:processTables(167)) - Using default column profile:DBProfile.DISK for Table:default
2019-07-13 22:42:31,696 INFO  db.DBStoreBuilder (DBStoreBuilder.java:getDbProfile(198)) - Using default options. DBProfile.DISK
2019-07-13 22:42:31,931 INFO  ipc.CallQueueManager (CallQueueManager.java:<init>(84)) - Using callQueue: class java.util.concurrent.LinkedBlockingQueue, queueCapacity: 2000, scheduler: class org.apache.hadoop.ipc.DefaultRpcScheduler, ipcBackoff: false.
2019-07-13 22:42:31,932 INFO  ipc.Server (Server.java:run(1074)) - Starting Socket Reader #1 for port 39241
2019-07-13 22:42:31,955 WARN  server.ServerUtils (ServerUtils.java:getDBPath(222)) - ozone.om.db.dirs is not configured. We recommend adding this setting. Falling back to ozone.metadata.dirs instead.
2019-07-13 22:42:31,956 INFO  om.OzoneManager (OzoneManager.java:start(1228)) - OzoneManager RPC server is listening at localhost/127.0.0.1:39241
2019-07-13 22:42:31,956 INFO  impl.MetricsSystemImpl (MetricsSystemImpl.java:init(158)) - OzoneManager metrics system started (again)
2019-07-13 22:42:31,957 INFO  ipc.Server (Server.java:run(1314)) - IPC Server Responder: starting
2019-07-13 22:42:31,957 INFO  ipc.Server (Server.java:run(1153)) - IPC Server listener on 39241: starting
2019-07-13 22:42:31,975 INFO  hdfs.DFSUtil (DFSUtil.java:httpServerTemplateForNNAndJN(1641)) - Starting Web-server for ozoneManager at: http://0.0.0.0:0
2019-07-13 22:42:31,976 INFO  server.AuthenticationFilter (AuthenticationFilter.java:constructSecretProvider(240)) - Unable to initialize FileSignerSecretProvider, falling back to use random secrets.
2019-07-13 22:42:31,977 WARN  http.HttpRequestLog (HttpRequestLog.java:getRequestLog(97)) - Jetty request log can only be enabled using Log4j
2019-07-13 22:42:31,978 INFO  http.HttpServer2 (HttpServer2.java:addGlobalFilter(975)) - Added global filter 'safety' (class=org.apache.hadoop.http.HttpServer2$QuotingInputFilter)
2019-07-13 22:42:31,978 INFO  http.HttpServer2 (HttpServer2.java:addFilter(948)) - Added filter static_user_filter (class=org.apache.hadoop.http.lib.StaticUserWebFilter$StaticUserFilter) to context ozoneManager
2019-07-13 22:42:31,978 INFO  http.HttpServer2 (HttpServer2.java:addFilter(958)) - Added filter static_user_filter (class=org.apache.hadoop.http.lib.StaticUserWebFilter$StaticUserFilter) to context static
2019-07-13 22:42:31,978 INFO  http.HttpServer2 (HttpServer2.java:addFilter(958)) - Added filter static_user_filter (class=org.apache.hadoop.http.lib.StaticUserWebFilter$StaticUserFilter) to context logs
2019-07-13 22:42:31,979 INFO  http.HttpServer2 (HttpServer2.java:bindListener(1191)) - Jetty bound to port 33458
2019-07-13 22:42:31,979 INFO  server.Server (Server.java:doStart(351)) - jetty-9.3.24.v20180605, build timestamp: 2018-06-05T17:11:56Z, git hash: 84205aa28f11a4f31f2a3b86d1bba2cc8ab69827
2019-07-13 22:42:31,981 INFO  handler.ContextHandler (ContextHandler.java:doStart(781)) - Started o.e.j.s.ServletContextHandler@63236968{/logs,file:///tmp/workdir/hadoop-ozone/integration-test/target/log,AVAILABLE}
2019-07-13 22:42:31,981 INFO  handler.ContextHandler (ContextHandler.java:doStart(781)) - Started o.e.j.s.ServletContextHandler@6ed78a5e{/static,file:///tmp/workdir/hadoop-ozone/integration-test/target/test-classes/webapps/static,AVAILABLE}
2019-07-13 22:42:31,984 INFO  handler.ContextHandler (ContextHandler.java:doStart(781)) - Started o.e.j.w.WebAppContext@2cee1bcf{/,file:///tmp/workdir/hadoop-ozone/integration-test/target/test-classes/webapps/ozoneManager/,AVAILABLE}{/ozoneManager}
2019-07-13 22:42:31,985 INFO  server.AbstractConnector (AbstractConnector.java:doStart(278)) - Started ServerConnector@ae4a043{HTTP/1.1,[http/1.1]}{0.0.0.0:33458}
2019-07-13 22:42:31,990 INFO  server.Server (Server.java:doStart(419)) - Started @130811ms
2019-07-13 22:42:31,991 INFO  server.BaseHttpServer (BaseHttpServer.java:updateConnectorAddress(207)) - HTTP server of OZONEMANAGER is listening at http://0.0.0.0:33458
2019-07-13 22:42:32,000 INFO  impl.MetricsSystemImpl (MetricsSystemImpl.java:init(158)) - HddsDatanode metrics system started (again)
2019-07-13 22:42:32,000 INFO  ozone.HddsDatanodeService (HddsDatanodeService.java:start(185)) - HddsDatanodeService host:trunk-nightly-x8m8d-1534914823 ip:192.168.5.159
2019-07-13 22:42:32,022 INFO  volume.HddsVolume (HddsVolume.java:<init>(176)) - Creating Volume: /tmp/workdir/hadoop-ozone/integration-test/target/test-dir/MiniOzoneClusterImpl-eab7cb77-d151-42e2-b330-ee915b1d7f20/datanode-0/data/containers/hdds of  storage type : DISK and capacity : 52710309888
2019-07-13 22:42:32,022 INFO  volume.VolumeSet (VolumeSet.java:initializeVolumeSet(170)) - Added Volume : /tmp/workdir/hadoop-ozone/integration-test/target/test-dir/MiniOzoneClusterImpl-eab7cb77-d151-42e2-b330-ee915b1d7f20/datanode-0/data/containers/hdds to VolumeSet
2019-07-13 22:42:32,022 INFO  volume.ThrottledAsyncChecker (ThrottledAsyncChecker.java:schedule(140)) - Scheduling a check for org.apache.hadoop.ozone.container.common.volume.HddsVolume@23471f48
2019-07-13 22:42:32,023 INFO  volume.HddsVolumeChecker (HddsVolumeChecker.java:checkAllVolumes(203)) - Scheduled health check for volume org.apache.hadoop.ozone.container.common.volume.HddsVolume@23471f48
2019-07-13 22:42:32,050 INFO  impl.RaftServerProxy (ConfUtils.java:logGet(43)) - raft.rpc.type = GRPC (default)
2019-07-13 22:42:32,051 INFO  grpc.GrpcFactory (GrpcFactory.java:checkPooledByteBufAllocatorUseCacheForAllThreads(45)) - PERFORMANCE WARNING: useCacheForAllThreads is true that may cause Netty to create a lot garbage objects and, as a result, trigger GC.
	It is recommended to disable useCacheForAllThreads by setting -Dorg.apache.ratis.thirdparty.io.netty.allocator.useCacheForAllThreads=false in command line.
2019-07-13 22:42:32,051 INFO  grpc.GrpcConfigKeys$Server (ConfUtils.java:logGet(43)) - raft.grpc.server.port = 0 (default)
2019-07-13 22:42:32,051 INFO  server.GrpcService (ConfUtils.java:logGet(43)) - raft.grpc.message.size.max = 33570816 (custom)
2019-07-13 22:42:32,051 INFO  server.RaftServerConfigKeys (ConfUtils.java:logGet(43)) - raft.server.log.appender.buffer.byte-limit = 33554432 (custom)
2019-07-13 22:42:32,051 INFO  server.GrpcService (ConfUtils.java:logGet(43)) - raft.grpc.flow.control.window = 1MB (=1048576) (default)
2019-07-13 22:42:32,051 INFO  server.RaftServerConfigKeys (ConfUtils.java:logGet(43)) - raft.server.rpc.request.timeout = 3000ms (default)
2019-07-13 22:42:32,052 INFO  server.RaftServerConfigKeys (ConfUtils.java:logGet(43)) - raft.server.storage.dir = [/tmp/workdir/hadoop-ozone/integration-test/target/test-dir/MiniOzoneClusterImpl-eab7cb77-d151-42e2-b330-ee915b1d7f20/datanode-0/data/ratis] (custom)
2019-07-13 22:42:32,052 INFO  replication.SimpleContainerDownloader (SimpleContainerDownloader.java:<init>(72)) - Starting container downloader service to copy containers to replicate.
2019-07-13 22:42:32,053 INFO  hdfs.DFSUtil (DFSUtil.java:httpServerTemplateForNNAndJN(1641)) - Starting Web-server for hddsDatanode at: http://0.0.0.0:0
2019-07-13 22:42:32,054 INFO  server.AuthenticationFilter (AuthenticationFilter.java:constructSecretProvider(240)) - Unable to initialize FileSignerSecretProvider, falling back to use random secrets.
2019-07-13 22:42:32,055 WARN  http.HttpRequestLog (HttpRequestLog.java:getRequestLog(97)) - Jetty request log can only be enabled using Log4j
2019-07-13 22:42:32,056 INFO  http.HttpServer2 (HttpServer2.java:addGlobalFilter(975)) - Added global filter 'safety' (class=org.apache.hadoop.http.HttpServer2$QuotingInputFilter)
2019-07-13 22:42:32,056 INFO  http.HttpServer2 (HttpServer2.java:addFilter(948)) - Added filter static_user_filter (class=org.apache.hadoop.http.lib.StaticUserWebFilter$StaticUserFilter) to context hddsDatanode
2019-07-13 22:42:32,056 INFO  http.HttpServer2 (HttpServer2.java:addFilter(958)) - Added filter static_user_filter (class=org.apache.hadoop.http.lib.StaticUserWebFilter$StaticUserFilter) to context static
2019-07-13 22:42:32,057 INFO  http.HttpServer2 (HttpServer2.java:addFilter(958)) - Added filter static_user_filter (class=org.apache.hadoop.http.lib.StaticUserWebFilter$StaticUserFilter) to context logs
2019-07-13 22:42:32,057 INFO  http.HttpServer2 (HttpServer2.java:bindListener(1191)) - Jetty bound to port 39528
2019-07-13 22:42:32,057 INFO  server.Server (Server.java:doStart(351)) - jetty-9.3.24.v20180605, build timestamp: 2018-06-05T17:11:56Z, git hash: 84205aa28f11a4f31f2a3b86d1bba2cc8ab69827
2019-07-13 22:42:32,059 INFO  handler.ContextHandler (ContextHandler.java:doStart(781)) - Started o.e.j.s.ServletContextHandler@77fd5501{/logs,file:///tmp/workdir/hadoop-ozone/integration-test/target/log,AVAILABLE}
2019-07-13 22:42:32,059 INFO  handler.ContextHandler (ContextHandler.java:doStart(781)) - Started o.e.j.s.ServletContextHandler@93cc5eb{/static,jar:file:/home/user/.m2/repository/org/apache/hadoop/hadoop-hdds-container-service/0.5.0-SNAPSHOT/hadoop-hdds-container-service-0.5.0-SNAPSHOT.jar!/webapps/static,AVAILABLE}
2019-07-13 22:42:32,103 INFO  handler.ContextHandler (ContextHandler.java:doStart(781)) - Started o.e.j.w.WebAppContext@7410c197{/,file:///tmp/jetty-0.0.0.0-39528-hddsDatanode-_-any-3299180553509088441.dir/webapp/,AVAILABLE}{/hddsDatanode}
2019-07-13 22:42:32,104 INFO  server.AbstractConnector (AbstractConnector.java:doStart(278)) - Started ServerConnector@363751f2{HTTP/1.1,[http/1.1]}{0.0.0.0:39528}
2019-07-13 22:42:32,134 INFO  server.Server (Server.java:doStart(419)) - Started @130955ms
2019-07-13 22:42:32,135 INFO  server.BaseHttpServer (BaseHttpServer.java:updateConnectorAddress(207)) - HTTP server of HDDSDATANODE is listening at http://0.0.0.0:39528
2019-07-13 22:42:32,325 INFO  ozone.HddsDatanodeService (HddsDatanodeService.java:startPlugins(396)) - Started plug-in org.apache.hadoop.ozone.web.OzoneHddsDatanodeService@6f2f4b9e
2019-07-13 22:42:32,325 INFO  impl.MetricsSystemImpl (MetricsSystemImpl.java:init(158)) - HddsDatanode metrics system started (again)
2019-07-13 22:42:32,326 INFO  ozone.HddsDatanodeService (HddsDatanodeService.java:start(185)) - HddsDatanodeService host:trunk-nightly-x8m8d-1534914823 ip:192.168.5.159
2019-07-13 22:42:32,327 INFO  util.JvmPauseMonitor (JvmPauseMonitor.java:run(188)) - Starting JVM pause monitor
2019-07-13 22:42:32,329 INFO  datanode.InitDatanodeState (InitDatanodeState.java:persistContainerDatanodeDetails(140)) - DatanodeDetails is persisted to /tmp/workdir/hadoop-ozone/integration-test/target/test-dir/MiniOzoneClusterImpl-eab7cb77-d151-42e2-b330-ee915b1d7f20/datanode-0/meta/datanode.id
2019-07-13 22:42:32,404 INFO  volume.HddsVolume (HddsVolume.java:<init>(176)) - Creating Volume: /tmp/workdir/hadoop-ozone/integration-test/target/test-dir/MiniOzoneClusterImpl-eab7cb77-d151-42e2-b330-ee915b1d7f20/datanode-1/data/containers/hdds of  storage type : DISK and capacity : 52710309888
2019-07-13 22:42:32,404 INFO  volume.VolumeSet (VolumeSet.java:initializeVolumeSet(170)) - Added Volume : /tmp/workdir/hadoop-ozone/integration-test/target/test-dir/MiniOzoneClusterImpl-eab7cb77-d151-42e2-b330-ee915b1d7f20/datanode-1/data/containers/hdds to VolumeSet
2019-07-13 22:42:32,405 INFO  volume.ThrottledAsyncChecker (ThrottledAsyncChecker.java:schedule(140)) - Scheduling a check for org.apache.hadoop.ozone.container.common.volume.HddsVolume@633328d3
2019-07-13 22:42:32,405 INFO  volume.HddsVolumeChecker (HddsVolumeChecker.java:checkAllVolumes(203)) - Scheduled health check for volume org.apache.hadoop.ozone.container.common.volume.HddsVolume@633328d3
2019-07-13 22:42:32,435 INFO  impl.RaftServerProxy (ConfUtils.java:logGet(43)) - raft.rpc.type = GRPC (default)
2019-07-13 22:42:32,435 INFO  grpc.GrpcFactory (GrpcFactory.java:checkPooledByteBufAllocatorUseCacheForAllThreads(45)) - PERFORMANCE WARNING: useCacheForAllThreads is true that may cause Netty to create a lot garbage objects and, as a result, trigger GC.
	It is recommended to disable useCacheForAllThreads by setting -Dorg.apache.ratis.thirdparty.io.netty.allocator.useCacheForAllThreads=false in command line.
2019-07-13 22:42:32,435 INFO  grpc.GrpcConfigKeys$Server (ConfUtils.java:logGet(43)) - raft.grpc.server.port = 0 (default)
2019-07-13 22:42:32,436 INFO  server.GrpcService (ConfUtils.java:logGet(43)) - raft.grpc.message.size.max = 33570816 (custom)
2019-07-13 22:42:32,436 INFO  server.RaftServerConfigKeys (ConfUtils.java:logGet(43)) - raft.server.log.appender.buffer.byte-limit = 33554432 (custom)
2019-07-13 22:42:32,436 INFO  server.GrpcService (ConfUtils.java:logGet(43)) - raft.grpc.flow.control.window = 1MB (=1048576) (default)
2019-07-13 22:42:32,437 INFO  server.RaftServerConfigKeys (ConfUtils.java:logGet(43)) - raft.server.rpc.request.timeout = 3000ms (default)
2019-07-13 22:42:32,437 INFO  server.RaftServerConfigKeys (ConfUtils.java:logGet(43)) - raft.server.storage.dir = [/tmp/workdir/hadoop-ozone/integration-test/target/test-dir/MiniOzoneClusterImpl-eab7cb77-d151-42e2-b330-ee915b1d7f20/datanode-1/data/ratis] (custom)
2019-07-13 22:42:32,438 INFO  replication.SimpleContainerDownloader (SimpleContainerDownloader.java:<init>(72)) - Starting container downloader service to copy containers to replicate.
2019-07-13 22:42:32,439 INFO  hdfs.DFSUtil (DFSUtil.java:httpServerTemplateForNNAndJN(1641)) - Starting Web-server for hddsDatanode at: http://0.0.0.0:0
2019-07-13 22:42:32,441 INFO  server.AuthenticationFilter (AuthenticationFilter.java:constructSecretProvider(240)) - Unable to initialize FileSignerSecretProvider, falling back to use random secrets.
2019-07-13 22:42:32,441 WARN  http.HttpRequestLog (HttpRequestLog.java:getRequestLog(97)) - Jetty request log can only be enabled using Log4j
2019-07-13 22:42:32,443 INFO  http.HttpServer2 (HttpServer2.java:addGlobalFilter(975)) - Added global filter 'safety' (class=org.apache.hadoop.http.HttpServer2$QuotingInputFilter)
2019-07-13 22:42:32,444 INFO  http.HttpServer2 (HttpServer2.java:addFilter(948)) - Added filter static_user_filter (class=org.apache.hadoop.http.lib.StaticUserWebFilter$StaticUserFilter) to context hddsDatanode
2019-07-13 22:42:32,444 INFO  http.HttpServer2 (HttpServer2.java:addFilter(958)) - Added filter static_user_filter (class=org.apache.hadoop.http.lib.StaticUserWebFilter$StaticUserFilter) to context logs
2019-07-13 22:42:32,444 INFO  http.HttpServer2 (HttpServer2.java:addFilter(958)) - Added filter static_user_filter (class=org.apache.hadoop.http.lib.StaticUserWebFilter$StaticUserFilter) to context static
2019-07-13 22:42:32,445 INFO  http.HttpServer2 (HttpServer2.java:bindListener(1191)) - Jetty bound to port 35706
2019-07-13 22:42:32,445 INFO  server.Server (Server.java:doStart(351)) - jetty-9.3.24.v20180605, build timestamp: 2018-06-05T17:11:56Z, git hash: 84205aa28f11a4f31f2a3b86d1bba2cc8ab69827
2019-07-13 22:42:32,448 INFO  handler.ContextHandler (ContextHandler.java:doStart(781)) - Started o.e.j.s.ServletContextHandler@748015f8{/logs,file:///tmp/workdir/hadoop-ozone/integration-test/target/log,AVAILABLE}
2019-07-13 22:42:32,449 INFO  handler.ContextHandler (ContextHandler.java:doStart(781)) - Started o.e.j.s.ServletContextHandler@2197990b{/static,jar:file:/home/user/.m2/repository/org/apache/hadoop/hadoop-hdds-container-service/0.5.0-SNAPSHOT/hadoop-hdds-container-service-0.5.0-SNAPSHOT.jar!/webapps/static,AVAILABLE}
2019-07-13 22:42:32,494 INFO  handler.ContextHandler (ContextHandler.java:doStart(781)) - Started o.e.j.w.WebAppContext@112d8c18{/,file:///tmp/jetty-0.0.0.0-35706-hddsDatanode-_-any-2514846973821619145.dir/webapp/,AVAILABLE}{/hddsDatanode}
2019-07-13 22:42:32,495 INFO  server.AbstractConnector (AbstractConnector.java:doStart(278)) - Started ServerConnector@13835bdc{HTTP/1.1,[http/1.1]}{0.0.0.0:35706}
2019-07-13 22:42:32,495 INFO  server.Server (Server.java:doStart(419)) - Started @131316ms
2019-07-13 22:42:32,505 INFO  server.BaseHttpServer (BaseHttpServer.java:updateConnectorAddress(207)) - HTTP server of HDDSDATANODE is listening at http://0.0.0.0:35706
2019-07-13 22:42:32,674 INFO  ozone.HddsDatanodeService (HddsDatanodeService.java:startPlugins(396)) - Started plug-in org.apache.hadoop.ozone.web.OzoneHddsDatanodeService@5ad67d82
2019-07-13 22:42:32,675 INFO  impl.MetricsSystemImpl (MetricsSystemImpl.java:init(158)) - HddsDatanode metrics system started (again)
2019-07-13 22:42:32,675 INFO  ozone.HddsDatanodeService (HddsDatanodeService.java:start(185)) - HddsDatanodeService host:trunk-nightly-x8m8d-1534914823 ip:192.168.5.159
2019-07-13 22:42:32,676 INFO  util.JvmPauseMonitor (JvmPauseMonitor.java:run(188)) - Starting JVM pause monitor
2019-07-13 22:42:32,678 INFO  datanode.InitDatanodeState (InitDatanodeState.java:persistContainerDatanodeDetails(140)) - DatanodeDetails is persisted to /tmp/workdir/hadoop-ozone/integration-test/target/test-dir/MiniOzoneClusterImpl-eab7cb77-d151-42e2-b330-ee915b1d7f20/datanode-1/meta/datanode.id
2019-07-13 22:42:32,709 INFO  volume.HddsVolume (HddsVolume.java:<init>(176)) - Creating Volume: /tmp/workdir/hadoop-ozone/integration-test/target/test-dir/MiniOzoneClusterImpl-eab7cb77-d151-42e2-b330-ee915b1d7f20/datanode-2/data/containers/hdds of  storage type : DISK and capacity : 52710309888
2019-07-13 22:42:32,709 INFO  volume.VolumeSet (VolumeSet.java:initializeVolumeSet(170)) - Added Volume : /tmp/workdir/hadoop-ozone/integration-test/target/test-dir/MiniOzoneClusterImpl-eab7cb77-d151-42e2-b330-ee915b1d7f20/datanode-2/data/containers/hdds to VolumeSet
2019-07-13 22:42:32,709 INFO  volume.ThrottledAsyncChecker (ThrottledAsyncChecker.java:schedule(140)) - Scheduling a check for org.apache.hadoop.ozone.container.common.volume.HddsVolume@2c634c0
2019-07-13 22:42:32,710 INFO  volume.HddsVolumeChecker (HddsVolumeChecker.java:checkAllVolumes(203)) - Scheduled health check for volume org.apache.hadoop.ozone.container.common.volume.HddsVolume@2c634c0
2019-07-13 22:42:32,739 INFO  impl.RaftServerProxy (ConfUtils.java:logGet(43)) - raft.rpc.type = GRPC (default)
2019-07-13 22:42:32,740 INFO  grpc.GrpcFactory (GrpcFactory.java:checkPooledByteBufAllocatorUseCacheForAllThreads(45)) - PERFORMANCE WARNING: useCacheForAllThreads is true that may cause Netty to create a lot garbage objects and, as a result, trigger GC.
	It is recommended to disable useCacheForAllThreads by setting -Dorg.apache.ratis.thirdparty.io.netty.allocator.useCacheForAllThreads=false in command line.
2019-07-13 22:42:32,740 INFO  grpc.GrpcConfigKeys$Server (ConfUtils.java:logGet(43)) - raft.grpc.server.port = 0 (default)
2019-07-13 22:42:32,740 INFO  server.GrpcService (ConfUtils.java:logGet(43)) - raft.grpc.message.size.max = 33570816 (custom)
2019-07-13 22:42:32,741 INFO  server.RaftServerConfigKeys (ConfUtils.java:logGet(43)) - raft.server.log.appender.buffer.byte-limit = 33554432 (custom)
2019-07-13 22:42:32,741 INFO  server.GrpcService (ConfUtils.java:logGet(43)) - raft.grpc.flow.control.window = 1MB (=1048576) (default)
2019-07-13 22:42:32,741 INFO  server.RaftServerConfigKeys (ConfUtils.java:logGet(43)) - raft.server.rpc.request.timeout = 3000ms (default)
2019-07-13 22:42:32,742 INFO  server.RaftServerConfigKeys (ConfUtils.java:logGet(43)) - raft.server.storage.dir = [/tmp/workdir/hadoop-ozone/integration-test/target/test-dir/MiniOzoneClusterImpl-eab7cb77-d151-42e2-b330-ee915b1d7f20/datanode-2/data/ratis] (custom)
2019-07-13 22:42:32,743 INFO  replication.SimpleContainerDownloader (SimpleContainerDownloader.java:<init>(72)) - Starting container downloader service to copy containers to replicate.
2019-07-13 22:42:32,744 INFO  hdfs.DFSUtil (DFSUtil.java:httpServerTemplateForNNAndJN(1641)) - Starting Web-server for hddsDatanode at: http://0.0.0.0:0
2019-07-13 22:42:32,746 INFO  server.AuthenticationFilter (AuthenticationFilter.java:constructSecretProvider(240)) - Unable to initialize FileSignerSecretProvider, falling back to use random secrets.
2019-07-13 22:42:32,747 WARN  http.HttpRequestLog (HttpRequestLog.java:getRequestLog(97)) - Jetty request log can only be enabled using Log4j
2019-07-13 22:42:32,749 INFO  http.HttpServer2 (HttpServer2.java:addGlobalFilter(975)) - Added global filter 'safety' (class=org.apache.hadoop.http.HttpServer2$QuotingInputFilter)
2019-07-13 22:42:32,750 INFO  http.HttpServer2 (HttpServer2.java:addFilter(948)) - Added filter static_user_filter (class=org.apache.hadoop.http.lib.StaticUserWebFilter$StaticUserFilter) to context hddsDatanode
2019-07-13 22:42:32,750 INFO  http.HttpServer2 (HttpServer2.java:addFilter(958)) - Added filter static_user_filter (class=org.apache.hadoop.http.lib.StaticUserWebFilter$StaticUserFilter) to context static
2019-07-13 22:42:32,750 INFO  http.HttpServer2 (HttpServer2.java:addFilter(958)) - Added filter static_user_filter (class=org.apache.hadoop.http.lib.StaticUserWebFilter$StaticUserFilter) to context logs
2019-07-13 22:42:32,751 INFO  http.HttpServer2 (HttpServer2.java:bindListener(1191)) - Jetty bound to port 41330
2019-07-13 22:42:32,751 INFO  server.Server (Server.java:doStart(351)) - jetty-9.3.24.v20180605, build timestamp: 2018-06-05T17:11:56Z, git hash: 84205aa28f11a4f31f2a3b86d1bba2cc8ab69827
2019-07-13 22:42:32,754 INFO  handler.ContextHandler (ContextHandler.java:doStart(781)) - Started o.e.j.s.ServletContextHandler@5b1dd206{/logs,file:///tmp/workdir/hadoop-ozone/integration-test/target/log,AVAILABLE}
2019-07-13 22:42:32,754 INFO  handler.ContextHandler (ContextHandler.java:doStart(781)) - Started o.e.j.s.ServletContextHandler@73611fbb{/static,jar:file:/home/user/.m2/repository/org/apache/hadoop/hadoop-hdds-container-service/0.5.0-SNAPSHOT/hadoop-hdds-container-service-0.5.0-SNAPSHOT.jar!/webapps/static,AVAILABLE}
2019-07-13 22:42:32,798 INFO  handler.ContextHandler (ContextHandler.java:doStart(781)) - Started o.e.j.w.WebAppContext@46ebd87a{/,file:///tmp/jetty-0.0.0.0-41330-hddsDatanode-_-any-176261482914432903.dir/webapp/,AVAILABLE}{/hddsDatanode}
2019-07-13 22:42:32,798 INFO  server.AbstractConnector (AbstractConnector.java:doStart(278)) - Started ServerConnector@6dbe6891{HTTP/1.1,[http/1.1]}{0.0.0.0:41330}
2019-07-13 22:42:32,799 INFO  server.Server (Server.java:doStart(419)) - Started @131620ms
2019-07-13 22:42:32,809 INFO  server.BaseHttpServer (BaseHttpServer.java:updateConnectorAddress(207)) - HTTP server of HDDSDATANODE is listening at http://0.0.0.0:41330
2019-07-13 22:42:32,973 INFO  ozone.HddsDatanodeService (HddsDatanodeService.java:startPlugins(396)) - Started plug-in org.apache.hadoop.ozone.web.OzoneHddsDatanodeService@676c3745
2019-07-13 22:42:32,974 INFO  impl.MetricsSystemImpl (MetricsSystemImpl.java:init(158)) - HddsDatanode metrics system started (again)
2019-07-13 22:42:32,974 INFO  ozone.HddsDatanodeService (HddsDatanodeService.java:start(185)) - HddsDatanodeService host:trunk-nightly-x8m8d-1534914823 ip:192.168.5.159
2019-07-13 22:42:32,975 INFO  util.JvmPauseMonitor (JvmPauseMonitor.java:run(188)) - Starting JVM pause monitor
2019-07-13 22:42:32,987 INFO  datanode.InitDatanodeState (InitDatanodeState.java:persistContainerDatanodeDetails(140)) - DatanodeDetails is persisted to /tmp/workdir/hadoop-ozone/integration-test/target/test-dir/MiniOzoneClusterImpl-eab7cb77-d151-42e2-b330-ee915b1d7f20/datanode-2/meta/datanode.id
2019-07-13 22:42:33,016 INFO  volume.HddsVolume (HddsVolume.java:<init>(176)) - Creating Volume: /tmp/workdir/hadoop-ozone/integration-test/target/test-dir/MiniOzoneClusterImpl-eab7cb77-d151-42e2-b330-ee915b1d7f20/datanode-3/data/containers/hdds of  storage type : DISK and capacity : 52710309888
2019-07-13 22:42:33,016 INFO  volume.VolumeSet (VolumeSet.java:initializeVolumeSet(170)) - Added Volume : /tmp/workdir/hadoop-ozone/integration-test/target/test-dir/MiniOzoneClusterImpl-eab7cb77-d151-42e2-b330-ee915b1d7f20/datanode-3/data/containers/hdds to VolumeSet
2019-07-13 22:42:33,017 INFO  volume.ThrottledAsyncChecker (ThrottledAsyncChecker.java:schedule(140)) - Scheduling a check for org.apache.hadoop.ozone.container.common.volume.HddsVolume@4f142cbd
2019-07-13 22:42:33,018 INFO  volume.HddsVolumeChecker (HddsVolumeChecker.java:checkAllVolumes(203)) - Scheduled health check for volume org.apache.hadoop.ozone.container.common.volume.HddsVolume@4f142cbd
2019-07-13 22:42:33,045 INFO  impl.RaftServerProxy (ConfUtils.java:logGet(43)) - raft.rpc.type = GRPC (default)
2019-07-13 22:42:33,045 INFO  grpc.GrpcFactory (GrpcFactory.java:checkPooledByteBufAllocatorUseCacheForAllThreads(45)) - PERFORMANCE WARNING: useCacheForAllThreads is true that may cause Netty to create a lot garbage objects and, as a result, trigger GC.
	It is recommended to disable useCacheForAllThreads by setting -Dorg.apache.ratis.thirdparty.io.netty.allocator.useCacheForAllThreads=false in command line.
2019-07-13 22:42:33,046 INFO  grpc.GrpcConfigKeys$Server (ConfUtils.java:logGet(43)) - raft.grpc.server.port = 0 (default)
2019-07-13 22:42:33,046 INFO  server.GrpcService (ConfUtils.java:logGet(43)) - raft.grpc.message.size.max = 33570816 (custom)
2019-07-13 22:42:33,046 INFO  server.RaftServerConfigKeys (ConfUtils.java:logGet(43)) - raft.server.log.appender.buffer.byte-limit = 33554432 (custom)
2019-07-13 22:42:33,047 INFO  server.GrpcService (ConfUtils.java:logGet(43)) - raft.grpc.flow.control.window = 1MB (=1048576) (default)
2019-07-13 22:42:33,047 INFO  server.RaftServerConfigKeys (ConfUtils.java:logGet(43)) - raft.server.rpc.request.timeout = 3000ms (default)
2019-07-13 22:42:33,047 INFO  server.RaftServerConfigKeys (ConfUtils.java:logGet(43)) - raft.server.storage.dir = [/tmp/workdir/hadoop-ozone/integration-test/target/test-dir/MiniOzoneClusterImpl-eab7cb77-d151-42e2-b330-ee915b1d7f20/datanode-3/data/ratis] (custom)
2019-07-13 22:42:33,048 INFO  replication.SimpleContainerDownloader (SimpleContainerDownloader.java:<init>(72)) - Starting container downloader service to copy containers to replicate.
2019-07-13 22:42:33,049 INFO  hdfs.DFSUtil (DFSUtil.java:httpServerTemplateForNNAndJN(1641)) - Starting Web-server for hddsDatanode at: http://0.0.0.0:0
2019-07-13 22:42:33,051 INFO  server.AuthenticationFilter (AuthenticationFilter.java:constructSecretProvider(240)) - Unable to initialize FileSignerSecretProvider, falling back to use random secrets.
2019-07-13 22:42:33,052 WARN  http.HttpRequestLog (HttpRequestLog.java:getRequestLog(97)) - Jetty request log can only be enabled using Log4j
2019-07-13 22:42:33,053 INFO  http.HttpServer2 (HttpServer2.java:addGlobalFilter(975)) - Added global filter 'safety' (class=org.apache.hadoop.http.HttpServer2$QuotingInputFilter)
2019-07-13 22:42:33,054 INFO  http.HttpServer2 (HttpServer2.java:addFilter(948)) - Added filter static_user_filter (class=org.apache.hadoop.http.lib.StaticUserWebFilter$StaticUserFilter) to context hddsDatanode
2019-07-13 22:42:33,054 INFO  http.HttpServer2 (HttpServer2.java:addFilter(958)) - Added filter static_user_filter (class=org.apache.hadoop.http.lib.StaticUserWebFilter$StaticUserFilter) to context logs
2019-07-13 22:42:33,055 INFO  http.HttpServer2 (HttpServer2.java:addFilter(958)) - Added filter static_user_filter (class=org.apache.hadoop.http.lib.StaticUserWebFilter$StaticUserFilter) to context static
2019-07-13 22:42:33,056 INFO  http.HttpServer2 (HttpServer2.java:bindListener(1191)) - Jetty bound to port 45615
2019-07-13 22:42:33,056 INFO  server.Server (Server.java:doStart(351)) - jetty-9.3.24.v20180605, build timestamp: 2018-06-05T17:11:56Z, git hash: 84205aa28f11a4f31f2a3b86d1bba2cc8ab69827
2019-07-13 22:42:33,058 INFO  handler.ContextHandler (ContextHandler.java:doStart(781)) - Started o.e.j.s.ServletContextHandler@54d8236c{/logs,file:///tmp/workdir/hadoop-ozone/integration-test/target/log,AVAILABLE}
2019-07-13 22:42:33,059 INFO  handler.ContextHandler (ContextHandler.java:doStart(781)) - Started o.e.j.s.ServletContextHandler@15382815{/static,jar:file:/home/user/.m2/repository/org/apache/hadoop/hadoop-hdds-container-service/0.5.0-SNAPSHOT/hadoop-hdds-container-service-0.5.0-SNAPSHOT.jar!/webapps/static,AVAILABLE}
2019-07-13 22:42:33,097 INFO  handler.ContextHandler (ContextHandler.java:doStart(781)) - Started o.e.j.w.WebAppContext@75225415{/,file:///tmp/jetty-0.0.0.0-45615-hddsDatanode-_-any-4599974783766877053.dir/webapp/,AVAILABLE}{/hddsDatanode}
2019-07-13 22:42:33,098 INFO  server.AbstractConnector (AbstractConnector.java:doStart(278)) - Started ServerConnector@1f6af096{HTTP/1.1,[http/1.1]}{0.0.0.0:45615}
2019-07-13 22:42:33,108 INFO  server.Server (Server.java:doStart(419)) - Started @131930ms
2019-07-13 22:42:33,109 INFO  server.BaseHttpServer (BaseHttpServer.java:updateConnectorAddress(207)) - HTTP server of HDDSDATANODE is listening at http://0.0.0.0:45615
2019-07-13 22:42:33,179 WARN  server.GrpcLogAppender (LogUtils.java:warn(134)) - be1d966f-d6d3-4083-911a-9cf613e6b51b->3a934782-e929-4493-aafd-6b7b1f7f2551: Failed appendEntries: org.apache.ratis.thirdparty.io.grpc.StatusRuntimeException: UNAVAILABLE: io exception
2019-07-13 22:42:33,190 INFO  impl.FollowerInfo (FollowerInfo.java:lambda$new$0(50)) - be1d966f-d6d3-4083-911a-9cf613e6b51b->3a934782-e929-4493-aafd-6b7b1f7f2551: nextIndex: updateUnconditionally 0 -> 0
2019-07-13 22:42:33,231 INFO  ozone.HddsDatanodeService (HddsDatanodeService.java:startPlugins(396)) - Started plug-in org.apache.hadoop.ozone.web.OzoneHddsDatanodeService@213f2d00
2019-07-13 22:42:33,231 INFO  impl.MetricsSystemImpl (MetricsSystemImpl.java:init(158)) - HddsDatanode metrics system started (again)
2019-07-13 22:42:33,231 INFO  ozone.HddsDatanodeService (HddsDatanodeService.java:start(185)) - HddsDatanodeService host:trunk-nightly-x8m8d-1534914823 ip:192.168.5.159
2019-07-13 22:42:33,232 INFO  util.JvmPauseMonitor (JvmPauseMonitor.java:run(188)) - Starting JVM pause monitor
2019-07-13 22:42:33,234 INFO  datanode.InitDatanodeState (InitDatanodeState.java:persistContainerDatanodeDetails(140)) - DatanodeDetails is persisted to /tmp/workdir/hadoop-ozone/integration-test/target/test-dir/MiniOzoneClusterImpl-eab7cb77-d151-42e2-b330-ee915b1d7f20/datanode-3/meta/datanode.id
2019-07-13 22:42:33,254 INFO  volume.HddsVolume (HddsVolume.java:<init>(176)) - Creating Volume: /tmp/workdir/hadoop-ozone/integration-test/target/test-dir/MiniOzoneClusterImpl-eab7cb77-d151-42e2-b330-ee915b1d7f20/datanode-4/data/containers/hdds of  storage type : DISK and capacity : 52710309888
2019-07-13 22:42:33,254 INFO  volume.VolumeSet (VolumeSet.java:initializeVolumeSet(170)) - Added Volume : /tmp/workdir/hadoop-ozone/integration-test/target/test-dir/MiniOzoneClusterImpl-eab7cb77-d151-42e2-b330-ee915b1d7f20/datanode-4/data/containers/hdds to VolumeSet
2019-07-13 22:42:33,254 INFO  volume.ThrottledAsyncChecker (ThrottledAsyncChecker.java:schedule(140)) - Scheduling a check for org.apache.hadoop.ozone.container.common.volume.HddsVolume@743167c7
2019-07-13 22:42:33,255 INFO  volume.HddsVolumeChecker (HddsVolumeChecker.java:checkAllVolumes(203)) - Scheduled health check for volume org.apache.hadoop.ozone.container.common.volume.HddsVolume@743167c7
2019-07-13 22:42:33,279 INFO  impl.RaftServerProxy (ConfUtils.java:logGet(43)) - raft.rpc.type = GRPC (default)
2019-07-13 22:42:33,280 INFO  grpc.GrpcFactory (GrpcFactory.java:checkPooledByteBufAllocatorUseCacheForAllThreads(45)) - PERFORMANCE WARNING: useCacheForAllThreads is true that may cause Netty to create a lot garbage objects and, as a result, trigger GC.
	It is recommended to disable useCacheForAllThreads by setting -Dorg.apache.ratis.thirdparty.io.netty.allocator.useCacheForAllThreads=false in command line.
2019-07-13 22:42:33,280 INFO  grpc.GrpcConfigKeys$Server (ConfUtils.java:logGet(43)) - raft.grpc.server.port = 0 (default)
2019-07-13 22:42:33,280 INFO  server.GrpcService (ConfUtils.java:logGet(43)) - raft.grpc.message.size.max = 33570816 (custom)
2019-07-13 22:42:33,280 INFO  server.RaftServerConfigKeys (ConfUtils.java:logGet(43)) - raft.server.log.appender.buffer.byte-limit = 33554432 (custom)
2019-07-13 22:42:33,281 INFO  server.GrpcService (ConfUtils.java:logGet(43)) - raft.grpc.flow.control.window = 1MB (=1048576) (default)
2019-07-13 22:42:33,281 INFO  server.RaftServerConfigKeys (ConfUtils.java:logGet(43)) - raft.server.rpc.request.timeout = 3000ms (default)
2019-07-13 22:42:33,282 INFO  server.RaftServerConfigKeys (ConfUtils.java:logGet(43)) - raft.server.storage.dir = [/tmp/workdir/hadoop-ozone/integration-test/target/test-dir/MiniOzoneClusterImpl-eab7cb77-d151-42e2-b330-ee915b1d7f20/datanode-4/data/ratis] (custom)
2019-07-13 22:42:33,282 INFO  replication.SimpleContainerDownloader (SimpleContainerDownloader.java:<init>(72)) - Starting container downloader service to copy containers to replicate.
2019-07-13 22:42:33,283 INFO  hdfs.DFSUtil (DFSUtil.java:httpServerTemplateForNNAndJN(1641)) - Starting Web-server for hddsDatanode at: http://0.0.0.0:0
2019-07-13 22:42:33,285 INFO  server.AuthenticationFilter (AuthenticationFilter.java:constructSecretProvider(240)) - Unable to initialize FileSignerSecretProvider, falling back to use random secrets.
2019-07-13 22:42:33,286 WARN  http.HttpRequestLog (HttpRequestLog.java:getRequestLog(97)) - Jetty request log can only be enabled using Log4j
2019-07-13 22:42:33,288 INFO  http.HttpServer2 (HttpServer2.java:addGlobalFilter(975)) - Added global filter 'safety' (class=org.apache.hadoop.http.HttpServer2$QuotingInputFilter)
2019-07-13 22:42:33,289 INFO  http.HttpServer2 (HttpServer2.java:addFilter(948)) - Added filter static_user_filter (class=org.apache.hadoop.http.lib.StaticUserWebFilter$StaticUserFilter) to context hddsDatanode
2019-07-13 22:42:33,289 INFO  http.HttpServer2 (HttpServer2.java:addFilter(958)) - Added filter static_user_filter (class=org.apache.hadoop.http.lib.StaticUserWebFilter$StaticUserFilter) to context logs
2019-07-13 22:42:33,289 INFO  http.HttpServer2 (HttpServer2.java:addFilter(958)) - Added filter static_user_filter (class=org.apache.hadoop.http.lib.StaticUserWebFilter$StaticUserFilter) to context static
2019-07-13 22:42:33,290 INFO  http.HttpServer2 (HttpServer2.java:bindListener(1191)) - Jetty bound to port 42754
2019-07-13 22:42:33,290 INFO  server.Server (Server.java:doStart(351)) - jetty-9.3.24.v20180605, build timestamp: 2018-06-05T17:11:56Z, git hash: 84205aa28f11a4f31f2a3b86d1bba2cc8ab69827
2019-07-13 22:42:33,292 INFO  handler.ContextHandler (ContextHandler.java:doStart(781)) - Started o.e.j.s.ServletContextHandler@4b7ab262{/logs,file:///tmp/workdir/hadoop-ozone/integration-test/target/log,AVAILABLE}
2019-07-13 22:42:33,293 INFO  handler.ContextHandler (ContextHandler.java:doStart(781)) - Started o.e.j.s.ServletContextHandler@36f93ea3{/static,jar:file:/home/user/.m2/repository/org/apache/hadoop/hadoop-hdds-container-service/0.5.0-SNAPSHOT/hadoop-hdds-container-service-0.5.0-SNAPSHOT.jar!/webapps/static,AVAILABLE}
2019-07-13 22:42:33,336 INFO  handler.ContextHandler (ContextHandler.java:doStart(781)) - Started o.e.j.w.WebAppContext@ab5c335{/,file:///tmp/jetty-0.0.0.0-42754-hddsDatanode-_-any-2605676431783471657.dir/webapp/,AVAILABLE}{/hddsDatanode}
2019-07-13 22:42:33,337 INFO  server.AbstractConnector (AbstractConnector.java:doStart(278)) - Started ServerConnector@5769679b{HTTP/1.1,[http/1.1]}{0.0.0.0:42754}
2019-07-13 22:42:33,346 INFO  server.Server (Server.java:doStart(419)) - Started @132167ms
2019-07-13 22:42:33,347 INFO  server.BaseHttpServer (BaseHttpServer.java:updateConnectorAddress(207)) - HTTP server of HDDSDATANODE is listening at http://0.0.0.0:42754
2019-07-13 22:42:33,687 INFO  ozone.HddsDatanodeService (HddsDatanodeService.java:startPlugins(396)) - Started plug-in org.apache.hadoop.ozone.web.OzoneHddsDatanodeService@6fc44cb6
2019-07-13 22:42:33,687 INFO  impl.MetricsSystemImpl (MetricsSystemImpl.java:init(158)) - HddsDatanode metrics system started (again)
2019-07-13 22:42:33,687 INFO  ozone.HddsDatanodeService (HddsDatanodeService.java:start(185)) - HddsDatanodeService host:trunk-nightly-x8m8d-1534914823 ip:192.168.5.159
2019-07-13 22:42:33,689 INFO  util.JvmPauseMonitor (JvmPauseMonitor.java:run(188)) - Starting JVM pause monitor
2019-07-13 22:42:33,690 INFO  datanode.InitDatanodeState (InitDatanodeState.java:persistContainerDatanodeDetails(140)) - DatanodeDetails is persisted to /tmp/workdir/hadoop-ozone/integration-test/target/test-dir/MiniOzoneClusterImpl-eab7cb77-d151-42e2-b330-ee915b1d7f20/datanode-4/meta/datanode.id
2019-07-13 22:42:33,708 INFO  volume.HddsVolume (HddsVolume.java:<init>(176)) - Creating Volume: /tmp/workdir/hadoop-ozone/integration-test/target/test-dir/MiniOzoneClusterImpl-eab7cb77-d151-42e2-b330-ee915b1d7f20/datanode-5/data/containers/hdds of  storage type : DISK and capacity : 52710309888
2019-07-13 22:42:33,709 INFO  volume.VolumeSet (VolumeSet.java:initializeVolumeSet(170)) - Added Volume : /tmp/workdir/hadoop-ozone/integration-test/target/test-dir/MiniOzoneClusterImpl-eab7cb77-d151-42e2-b330-ee915b1d7f20/datanode-5/data/containers/hdds to VolumeSet
2019-07-13 22:42:33,709 INFO  volume.ThrottledAsyncChecker (ThrottledAsyncChecker.java:schedule(140)) - Scheduling a check for org.apache.hadoop.ozone.container.common.volume.HddsVolume@561494af
2019-07-13 22:42:33,709 INFO  volume.HddsVolumeChecker (HddsVolumeChecker.java:checkAllVolumes(203)) - Scheduled health check for volume org.apache.hadoop.ozone.container.common.volume.HddsVolume@561494af
2019-07-13 22:42:33,730 INFO  impl.RaftServerProxy (ConfUtils.java:logGet(43)) - raft.rpc.type = GRPC (default)
2019-07-13 22:42:33,730 INFO  grpc.GrpcFactory (GrpcFactory.java:checkPooledByteBufAllocatorUseCacheForAllThreads(45)) - PERFORMANCE WARNING: useCacheForAllThreads is true that may cause Netty to create a lot garbage objects and, as a result, trigger GC.
	It is recommended to disable useCacheForAllThreads by setting -Dorg.apache.ratis.thirdparty.io.netty.allocator.useCacheForAllThreads=false in command line.
2019-07-13 22:42:33,730 INFO  grpc.GrpcConfigKeys$Server (ConfUtils.java:logGet(43)) - raft.grpc.server.port = 0 (default)
2019-07-13 22:42:33,730 INFO  server.GrpcService (ConfUtils.java:logGet(43)) - raft.grpc.message.size.max = 33570816 (custom)
2019-07-13 22:42:33,731 INFO  server.RaftServerConfigKeys (ConfUtils.java:logGet(43)) - raft.server.log.appender.buffer.byte-limit = 33554432 (custom)
2019-07-13 22:42:33,731 INFO  server.GrpcService (ConfUtils.java:logGet(43)) - raft.grpc.flow.control.window = 1MB (=1048576) (default)
2019-07-13 22:42:33,731 INFO  server.RaftServerConfigKeys (ConfUtils.java:logGet(43)) - raft.server.rpc.request.timeout = 3000ms (default)
2019-07-13 22:42:33,731 INFO  server.RaftServerConfigKeys (ConfUtils.java:logGet(43)) - raft.server.storage.dir = [/tmp/workdir/hadoop-ozone/integration-test/target/test-dir/MiniOzoneClusterImpl-eab7cb77-d151-42e2-b330-ee915b1d7f20/datanode-5/data/ratis] (custom)
2019-07-13 22:42:33,732 INFO  replication.SimpleContainerDownloader (SimpleContainerDownloader.java:<init>(72)) - Starting container downloader service to copy containers to replicate.
2019-07-13 22:42:33,733 INFO  hdfs.DFSUtil (DFSUtil.java:httpServerTemplateForNNAndJN(1641)) - Starting Web-server for hddsDatanode at: http://0.0.0.0:0
2019-07-13 22:42:33,734 INFO  server.AuthenticationFilter (AuthenticationFilter.java:constructSecretProvider(240)) - Unable to initialize FileSignerSecretProvider, falling back to use random secrets.
2019-07-13 22:42:33,734 WARN  http.HttpRequestLog (HttpRequestLog.java:getRequestLog(97)) - Jetty request log can only be enabled using Log4j
2019-07-13 22:42:33,735 INFO  http.HttpServer2 (HttpServer2.java:addGlobalFilter(975)) - Added global filter 'safety' (class=org.apache.hadoop.http.HttpServer2$QuotingInputFilter)
2019-07-13 22:42:33,736 INFO  http.HttpServer2 (HttpServer2.java:addFilter(948)) - Added filter static_user_filter (class=org.apache.hadoop.http.lib.StaticUserWebFilter$StaticUserFilter) to context hddsDatanode
2019-07-13 22:42:33,736 INFO  http.HttpServer2 (HttpServer2.java:addFilter(958)) - Added filter static_user_filter (class=org.apache.hadoop.http.lib.StaticUserWebFilter$StaticUserFilter) to context static
2019-07-13 22:42:33,736 INFO  http.HttpServer2 (HttpServer2.java:addFilter(958)) - Added filter static_user_filter (class=org.apache.hadoop.http.lib.StaticUserWebFilter$StaticUserFilter) to context logs
2019-07-13 22:42:33,736 INFO  http.HttpServer2 (HttpServer2.java:bindListener(1191)) - Jetty bound to port 45985
2019-07-13 22:42:33,736 INFO  server.Server (Server.java:doStart(351)) - jetty-9.3.24.v20180605, build timestamp: 2018-06-05T17:11:56Z, git hash: 84205aa28f11a4f31f2a3b86d1bba2cc8ab69827
2019-07-13 22:42:33,738 INFO  handler.ContextHandler (ContextHandler.java:doStart(781)) - Started o.e.j.s.ServletContextHandler@299022a9{/logs,file:///tmp/workdir/hadoop-ozone/integration-test/target/log,AVAILABLE}
2019-07-13 22:42:33,739 INFO  handler.ContextHandler (ContextHandler.java:doStart(781)) - Started o.e.j.s.ServletContextHandler@3f6bfcbe{/static,jar:file:/home/user/.m2/repository/org/apache/hadoop/hadoop-hdds-container-service/0.5.0-SNAPSHOT/hadoop-hdds-container-service-0.5.0-SNAPSHOT.jar!/webapps/static,AVAILABLE}
2019-07-13 22:42:33,765 INFO  handler.ContextHandler (ContextHandler.java:doStart(781)) - Started o.e.j.w.WebAppContext@7cfc2a08{/,file:///tmp/jetty-0.0.0.0-45985-hddsDatanode-_-any-44813329189078451.dir/webapp/,AVAILABLE}{/hddsDatanode}
2019-07-13 22:42:33,765 INFO  server.AbstractConnector (AbstractConnector.java:doStart(278)) - Started ServerConnector@61d4e070{HTTP/1.1,[http/1.1]}{0.0.0.0:45985}
2019-07-13 22:42:33,765 INFO  server.Server (Server.java:doStart(419)) - Started @132587ms
2019-07-13 22:42:33,773 INFO  server.BaseHttpServer (BaseHttpServer.java:updateConnectorAddress(207)) - HTTP server of HDDSDATANODE is listening at http://0.0.0.0:45985
2019-07-13 22:42:33,918 INFO  ozone.HddsDatanodeService (HddsDatanodeService.java:startPlugins(396)) - Started plug-in org.apache.hadoop.ozone.web.OzoneHddsDatanodeService@5f7cc6fd
2019-07-13 22:42:33,919 INFO  ozone.MiniOzoneClusterImpl (MiniOzoneClusterImpl.java:lambda$waitForClusterToBeReady$0(142)) - Waiting for cluster to be ready. Got 0 of 6 DN Heartbeats.
2019-07-13 22:42:33,920 INFO  util.JvmPauseMonitor (JvmPauseMonitor.java:run(188)) - Starting JVM pause monitor
2019-07-13 22:42:33,922 INFO  datanode.InitDatanodeState (InitDatanodeState.java:persistContainerDatanodeDetails(140)) - DatanodeDetails is persisted to /tmp/workdir/hadoop-ozone/integration-test/target/test-dir/MiniOzoneClusterImpl-eab7cb77-d151-42e2-b330-ee915b1d7f20/datanode-5/meta/datanode.id
2019-07-13 22:42:34,377 INFO  ozoneimpl.OzoneContainer (OzoneContainer.java:start(186)) - Attempting to start container services.
2019-07-13 22:42:34,377 INFO  ozoneimpl.OzoneContainer (OzoneContainer.java:startContainerScrub(160)) - Background container scrubber has been disabled by hdds.containerscrub.enabled
2019-07-13 22:42:34,377 INFO  ratis.XceiverServerRatis (XceiverServerRatis.java:start(418)) - Starting XceiverServerRatis 37cbe2e7-ebfc-4757-98ab-e72d11aa06f8 at port 0
2019-07-13 22:42:34,386 INFO  impl.RaftServerProxy (RaftServerProxy.java:lambda$start$3(299)) - 37cbe2e7-ebfc-4757-98ab-e72d11aa06f8: start RPC server
2019-07-13 22:42:34,388 INFO  server.GrpcService (GrpcService.java:startImpl(149)) - 37cbe2e7-ebfc-4757-98ab-e72d11aa06f8: GrpcService started, listening on 0.0.0.0/0.0.0.0:40472
2019-07-13 22:42:34,388 INFO  ratis.XceiverServerRatis (XceiverServerRatis.java:start(428)) - XceiverServerRatis 37cbe2e7-ebfc-4757-98ab-e72d11aa06f8 is started using port 40472
2019-07-13 22:42:34,388 INFO  server.XceiverServerGrpc (XceiverServerGrpc.java:start(161)) - XceiverServerGrpc 37cbe2e7-ebfc-4757-98ab-e72d11aa06f8 is started using port 35322
2019-07-13 22:42:34,693 INFO  ozoneimpl.OzoneContainer (OzoneContainer.java:start(186)) - Attempting to start container services.
2019-07-13 22:42:34,693 INFO  ozoneimpl.OzoneContainer (OzoneContainer.java:startContainerScrub(160)) - Background container scrubber has been disabled by hdds.containerscrub.enabled
2019-07-13 22:42:34,693 INFO  ratis.XceiverServerRatis (XceiverServerRatis.java:start(418)) - Starting XceiverServerRatis 4fb3c4cc-6da9-4fbf-9df4-1a638f998672 at port 0
2019-07-13 22:42:34,701 INFO  impl.RaftServerProxy (RaftServerProxy.java:lambda$start$3(299)) - 4fb3c4cc-6da9-4fbf-9df4-1a638f998672: start RPC server
2019-07-13 22:42:34,702 INFO  server.GrpcService (GrpcService.java:startImpl(149)) - 4fb3c4cc-6da9-4fbf-9df4-1a638f998672: GrpcService started, listening on 0.0.0.0/0.0.0.0:46689
2019-07-13 22:42:34,702 INFO  ratis.XceiverServerRatis (XceiverServerRatis.java:start(428)) - XceiverServerRatis 4fb3c4cc-6da9-4fbf-9df4-1a638f998672 is started using port 46689
2019-07-13 22:42:34,702 INFO  server.XceiverServerGrpc (XceiverServerGrpc.java:start(161)) - XceiverServerGrpc 4fb3c4cc-6da9-4fbf-9df4-1a638f998672 is started using port 36425
2019-07-13 22:42:34,919 INFO  ozone.MiniOzoneClusterImpl (MiniOzoneClusterImpl.java:lambda$waitForClusterToBeReady$0(142)) - Waiting for cluster to be ready. Got 0 of 6 DN Heartbeats.
2019-07-13 22:42:34,981 INFO  ozoneimpl.OzoneContainer (OzoneContainer.java:start(186)) - Attempting to start container services.
2019-07-13 22:42:34,981 INFO  ozoneimpl.OzoneContainer (OzoneContainer.java:startContainerScrub(160)) - Background container scrubber has been disabled by hdds.containerscrub.enabled
2019-07-13 22:42:34,981 INFO  ratis.XceiverServerRatis (XceiverServerRatis.java:start(418)) - Starting XceiverServerRatis 6180799a-0bdc-4f4b-a7f4-3de2007b147a at port 0
2019-07-13 22:42:34,990 INFO  impl.RaftServerProxy (RaftServerProxy.java:lambda$start$3(299)) - 6180799a-0bdc-4f4b-a7f4-3de2007b147a: start RPC server
2019-07-13 22:42:34,991 INFO  server.GrpcService (GrpcService.java:startImpl(149)) - 6180799a-0bdc-4f4b-a7f4-3de2007b147a: GrpcService started, listening on 0.0.0.0/0.0.0.0:39944
2019-07-13 22:42:34,991 INFO  ratis.XceiverServerRatis (XceiverServerRatis.java:start(428)) - XceiverServerRatis 6180799a-0bdc-4f4b-a7f4-3de2007b147a is started using port 39944
2019-07-13 22:42:34,992 INFO  server.XceiverServerGrpc (XceiverServerGrpc.java:start(161)) - XceiverServerGrpc 6180799a-0bdc-4f4b-a7f4-3de2007b147a is started using port 37332
2019-07-13 22:42:35,238 INFO  ozoneimpl.OzoneContainer (OzoneContainer.java:start(186)) - Attempting to start container services.
2019-07-13 22:42:35,238 INFO  ozoneimpl.OzoneContainer (OzoneContainer.java:startContainerScrub(160)) - Background container scrubber has been disabled by hdds.containerscrub.enabled
2019-07-13 22:42:35,238 INFO  ratis.XceiverServerRatis (XceiverServerRatis.java:start(418)) - Starting XceiverServerRatis ab4a8873-d573-4faf-81cb-86742f0cae06 at port 0
2019-07-13 22:42:35,247 INFO  impl.RaftServerProxy (RaftServerProxy.java:lambda$start$3(299)) - ab4a8873-d573-4faf-81cb-86742f0cae06: start RPC server
2019-07-13 22:42:35,248 INFO  server.GrpcService (GrpcService.java:startImpl(149)) - ab4a8873-d573-4faf-81cb-86742f0cae06: GrpcService started, listening on 0.0.0.0/0.0.0.0:44612
2019-07-13 22:42:35,248 INFO  ratis.XceiverServerRatis (XceiverServerRatis.java:start(428)) - XceiverServerRatis ab4a8873-d573-4faf-81cb-86742f0cae06 is started using port 44612
2019-07-13 22:42:35,298 INFO  server.XceiverServerGrpc (XceiverServerGrpc.java:start(161)) - XceiverServerGrpc ab4a8873-d573-4faf-81cb-86742f0cae06 is started using port 43763
2019-07-13 22:42:35,680 WARN  server.GrpcLogAppender (LogUtils.java:warn(134)) - be1d966f-d6d3-4083-911a-9cf613e6b51b->3a934782-e929-4493-aafd-6b7b1f7f2551: Failed appendEntries: org.apache.ratis.thirdparty.io.grpc.StatusRuntimeException: UNAVAILABLE: io exception
2019-07-13 22:42:35,692 INFO  impl.FollowerInfo (FollowerInfo.java:lambda$new$0(50)) - be1d966f-d6d3-4083-911a-9cf613e6b51b->3a934782-e929-4493-aafd-6b7b1f7f2551: nextIndex: updateUnconditionally 0 -> 0
2019-07-13 22:42:35,708 INFO  ozoneimpl.OzoneContainer (OzoneContainer.java:start(186)) - Attempting to start container services.
2019-07-13 22:42:35,708 INFO  ozoneimpl.OzoneContainer (OzoneContainer.java:startContainerScrub(160)) - Background container scrubber has been disabled by hdds.containerscrub.enabled
2019-07-13 22:42:35,708 INFO  ratis.XceiverServerRatis (XceiverServerRatis.java:start(418)) - Starting XceiverServerRatis 957ddb92-9527-4efd-82af-5c16161e91ca at port 0
2019-07-13 22:42:35,717 INFO  impl.RaftServerProxy (RaftServerProxy.java:lambda$start$3(299)) - 957ddb92-9527-4efd-82af-5c16161e91ca: start RPC server
2019-07-13 22:42:35,717 INFO  server.GrpcService (GrpcService.java:startImpl(149)) - 957ddb92-9527-4efd-82af-5c16161e91ca: GrpcService started, listening on 0.0.0.0/0.0.0.0:37666
2019-07-13 22:42:35,718 INFO  ratis.XceiverServerRatis (XceiverServerRatis.java:start(428)) - XceiverServerRatis 957ddb92-9527-4efd-82af-5c16161e91ca is started using port 37666
2019-07-13 22:42:35,718 INFO  server.XceiverServerGrpc (XceiverServerGrpc.java:start(161)) - XceiverServerGrpc 957ddb92-9527-4efd-82af-5c16161e91ca is started using port 41913
2019-07-13 22:42:35,920 INFO  ozone.MiniOzoneClusterImpl (MiniOzoneClusterImpl.java:lambda$waitForClusterToBeReady$0(142)) - Waiting for cluster to be ready. Got 0 of 6 DN Heartbeats.
2019-07-13 22:42:35,934 INFO  ozoneimpl.OzoneContainer (OzoneContainer.java:start(186)) - Attempting to start container services.
2019-07-13 22:42:35,934 INFO  ozoneimpl.OzoneContainer (OzoneContainer.java:startContainerScrub(160)) - Background container scrubber has been disabled by hdds.containerscrub.enabled
2019-07-13 22:42:35,934 INFO  ratis.XceiverServerRatis (XceiverServerRatis.java:start(418)) - Starting XceiverServerRatis cf87015e-741c-4083-9510-32f6727bb61e at port 0
2019-07-13 22:42:35,943 INFO  impl.RaftServerProxy (RaftServerProxy.java:lambda$start$3(299)) - cf87015e-741c-4083-9510-32f6727bb61e: start RPC server
2019-07-13 22:42:35,943 INFO  server.GrpcService (GrpcService.java:startImpl(149)) - cf87015e-741c-4083-9510-32f6727bb61e: GrpcService started, listening on 0.0.0.0/0.0.0.0:41990
2019-07-13 22:42:35,943 INFO  ratis.XceiverServerRatis (XceiverServerRatis.java:start(428)) - XceiverServerRatis cf87015e-741c-4083-9510-32f6727bb61e is started using port 41990
2019-07-13 22:42:35,944 INFO  server.XceiverServerGrpc (XceiverServerGrpc.java:start(161)) - XceiverServerGrpc cf87015e-741c-4083-9510-32f6727bb61e is started using port 41219
2019-07-13 22:42:36,345 INFO  net.NetworkTopology (NetworkTopologyImpl.java:add(110)) - Added a new node: /default-rack/192.168.5.159
2019-07-13 22:42:36,358 INFO  node.SCMNodeManager (SCMNodeManager.java:register(269)) - Registered Data node : 37cbe2e7-ebfc-4757-98ab-e72d11aa06f8{ip: 192.168.5.159, host: trunk-nightly-x8m8d-1534914823, networkLocation: /default-rack, certSerialId: null}
2019-07-13 22:42:36,359 INFO  safemode.SCMSafeModeManager (DataNodeSafeModeRule.java:process(71)) - SCM in safe mode. 1 DataNodes registered, 1 required.
2019-07-13 22:42:36,369 INFO  safemode.SCMSafeModeManager (SCMSafeModeManager.java:validateSafeModeExitRules(177)) - ScmSafeModeManager, all rules are successfully validated
2019-07-13 22:42:36,369 INFO  safemode.SCMSafeModeManager (SCMSafeModeManager.java:exitSafeMode(193)) - SCM exiting safe mode.
2019-07-13 22:42:36,385 INFO  impl.RaftServerProxy (RaftServerProxy.java:addNew(89)) - 37cbe2e7-ebfc-4757-98ab-e72d11aa06f8: addNew group-31501B8D0E48:[37cbe2e7-ebfc-4757-98ab-e72d11aa06f8:192.168.5.159:40472] returns group-31501B8D0E48:java.util.concurrent.CompletableFuture@2a703a8f[Not completed]
2019-07-13 22:42:36,386 INFO  impl.RaftServerImpl (RaftServerImpl.java:<init>(93)) - 37cbe2e7-ebfc-4757-98ab-e72d11aa06f8: new RaftServerImpl for group-31501B8D0E48:[37cbe2e7-ebfc-4757-98ab-e72d11aa06f8:192.168.5.159:40472] with ContainerStateMachine:uninitialized
2019-07-13 22:42:36,386 INFO  server.RaftServerConfigKeys (ConfUtils.java:logGet(43)) - raft.server.rpc.timeout.min = 5s (custom)
2019-07-13 22:42:36,387 INFO  server.RaftServerConfigKeys (ConfUtils.java:logGet(43)) - raft.server.rpc.timeout.max = 5200ms (custom)
2019-07-13 22:42:36,387 INFO  server.RaftServerConfigKeys (ConfUtils.java:logGet(43)) - raft.server.rpcslowness.timeout = 120s (custom)
2019-07-13 22:42:36,387 INFO  server.RaftServerConfigKeys (ConfUtils.java:logGet(43)) - raft.server.sleep.deviation.threshold = 300 (default)
2019-07-13 22:42:36,387 INFO  server.RaftServerConfigKeys (ConfUtils.java:logGet(43)) - raft.server.log.appender.install.snapshot.enabled = false (custom)
2019-07-13 22:42:36,387 INFO  impl.RaftServerImpl (ServerState.java:<init>(105)) - 37cbe2e7-ebfc-4757-98ab-e72d11aa06f8:group-31501B8D0E48 ConfigurationManager, init=-1: [37cbe2e7-ebfc-4757-98ab-e72d11aa06f8:192.168.5.159:40472], old=null, confs=<EMPTY_MAP>
2019-07-13 22:42:36,387 INFO  server.RaftServerConfigKeys (ConfUtils.java:logGet(43)) - raft.server.storage.dir = [/tmp/workdir/hadoop-ozone/integration-test/target/test-dir/MiniOzoneClusterImpl-eab7cb77-d151-42e2-b330-ee915b1d7f20/datanode-0/data/ratis] (custom)
2019-07-13 22:42:36,388 INFO  storage.RaftStorageDirectory (RaftStorageDirectory.java:analyzeStorage(246)) - The storage directory /tmp/workdir/hadoop-ozone/integration-test/target/test-dir/MiniOzoneClusterImpl-eab7cb77-d151-42e2-b330-ee915b1d7f20/datanode-0/data/ratis/499a6997-6c7f-4375-b983-31501b8d0e48 does not exist. Creating ...
2019-07-13 22:42:36,392 INFO  storage.RaftStorageDirectory (RaftStorageDirectory.java:tryLock(328)) - Lock on /tmp/workdir/hadoop-ozone/integration-test/target/test-dir/MiniOzoneClusterImpl-eab7cb77-d151-42e2-b330-ee915b1d7f20/datanode-0/data/ratis/499a6997-6c7f-4375-b983-31501b8d0e48/in_use.lock acquired by nodename 26920@trunk-nightly-x8m8d-1534914823
2019-07-13 22:42:36,396 INFO  storage.RaftStorage (RaftStorage.java:format(72)) - Storage directory /tmp/workdir/hadoop-ozone/integration-test/target/test-dir/MiniOzoneClusterImpl-eab7cb77-d151-42e2-b330-ee915b1d7f20/datanode-0/data/ratis/499a6997-6c7f-4375-b983-31501b8d0e48 has been successfully formatted.
2019-07-13 22:42:36,396 INFO  ratis.ContainerStateMachine (ContainerStateMachine.java:loadSnapshot(200)) - The snapshot info is null.Setting the last applied index to:(t:0, i:~)
2019-07-13 22:42:36,396 INFO  server.RaftServerConfigKeys (ConfUtils.java:logGet(43)) - raft.server.leader.election.timeout = 120s (custom)
2019-07-13 22:42:36,397 INFO  server.RaftServerConfigKeys (ConfUtils.java:logGet(43)) - raft.server.log.use.memory = false (default)
2019-07-13 22:42:36,397 INFO  server.RaftServerConfigKeys (ConfUtils.java:logGet(43)) - raft.server.log.purge.gap = 1000000000 (custom)
2019-07-13 22:42:36,397 INFO  server.RaftServerConfigKeys (ConfUtils.java:logGet(43)) - raft.server.log.appender.buffer.byte-limit = 33554432 (custom)
2019-07-13 22:42:36,397 INFO  server.RaftServerConfigKeys (ConfUtils.java:logGet(43)) - raft.server.log.segment.size.max = 1048576 (custom)
2019-07-13 22:42:36,397 INFO  server.RaftServerConfigKeys (ConfUtils.java:logGet(43)) - raft.server.log.segment.cache.num.max = 2 (custom)
2019-07-13 22:42:36,397 INFO  segmented.SegmentedRaftLogWorker (SegmentedRaftLogWorker.java:<init>(172)) - new 37cbe2e7-ebfc-4757-98ab-e72d11aa06f8-SegmentedRaftLogWorker:Storage Directory /tmp/workdir/hadoop-ozone/integration-test/target/test-dir/MiniOzoneClusterImpl-eab7cb77-d151-42e2-b330-ee915b1d7f20/datanode-0/data/ratis/499a6997-6c7f-4375-b983-31501b8d0e48 for RaftStorage:Storage Directory /tmp/workdir/hadoop-ozone/integration-test/target/test-dir/MiniOzoneClusterImpl-eab7cb77-d151-42e2-b330-ee915b1d7f20/datanode-0/data/ratis/499a6997-6c7f-4375-b983-31501b8d0e48
2019-07-13 22:42:36,398 INFO  server.RaftServerConfigKeys (ConfUtils.java:logGet(43)) - raft.server.log.queue.byte-limit = 2147483647 (custom)
2019-07-13 22:42:36,398 INFO  server.RaftServerConfigKeys (ConfUtils.java:logGet(43)) - raft.server.log.queue.element-limit = 1024 (custom)
2019-07-13 22:42:36,398 INFO  server.RaftServerConfigKeys (ConfUtils.java:logGet(43)) - raft.server.log.segment.size.max = 1048576 (custom)
2019-07-13 22:42:36,398 INFO  server.RaftServerConfigKeys (ConfUtils.java:logGet(43)) - raft.server.log.preallocated.size = 16384 (custom)
2019-07-13 22:42:36,398 INFO  server.RaftServerConfigKeys (ConfUtils.java:logGet(43)) - raft.server.log.write.buffer.size = 33554432 (custom)
2019-07-13 22:42:36,398 INFO  server.RaftServerConfigKeys (ConfUtils.java:logGet(43)) - raft.server.log.force.sync.num = 128 (default)
2019-07-13 22:42:36,399 INFO  server.RaftServerConfigKeys (ConfUtils.java:logGet(43)) - raft.server.log.statemachine.data.sync = true (default)
2019-07-13 22:42:36,399 INFO  server.RaftServerConfigKeys (ConfUtils.java:logGet(43)) - raft.server.log.statemachine.data.sync.timeout = 10s (default)
2019-07-13 22:42:36,399 INFO  server.RaftServerConfigKeys (ConfUtils.java:logGet(43)) - raft.server.log.statemachine.data.sync.timeout.retry = -1 (default)
2019-07-13 22:42:36,399 INFO  server.RaftServerConfigKeys (ConfUtils.java:logGet(43)) - raft.server.log.statemachine.data.caching.enabled = true (custom)
2019-07-13 22:42:36,400 INFO  segmented.SegmentedRaftLogWorker (SegmentedRaftLogWorker.java:lambda$new$0(132)) - 37cbe2e7-ebfc-4757-98ab-e72d11aa06f8-SegmentedRaftLogWorker:Storage Directory /tmp/workdir/hadoop-ozone/integration-test/target/test-dir/MiniOzoneClusterImpl-eab7cb77-d151-42e2-b330-ee915b1d7f20/datanode-0/data/ratis/499a6997-6c7f-4375-b983-31501b8d0e48: flushIndex: setUnconditionally 0 -> -1
2019-07-13 22:42:36,400 INFO  server.RaftServerConfigKeys (ConfUtils.java:logGet(43)) - raft.server.snapshot.auto.trigger.enabled = true (custom)
2019-07-13 22:42:36,400 INFO  server.RaftServerConfigKeys (ConfUtils.java:logGet(43)) - raft.server.snapshot.auto.trigger.threshold = 10000 (custom)
2019-07-13 22:42:36,400 INFO  server.RaftServerConfigKeys (ConfUtils.java:logGet(43)) - raft.server.retrycache.expirytime = 600000ms (custom)
2019-07-13 22:42:36,401 INFO  impl.RaftServerImpl (RaftServerImpl.java:start(180)) - 37cbe2e7-ebfc-4757-98ab-e72d11aa06f8: start group-31501B8D0E48
2019-07-13 22:42:36,401 INFO  impl.RaftServerImpl (RaftServerImpl.java:setRole(171)) - 37cbe2e7-ebfc-4757-98ab-e72d11aa06f8:group-31501B8D0E48 changes role from null to FOLLOWER at term 0 for startAsFollower
2019-07-13 22:42:36,401 INFO  impl.RoleInfo (RoleInfo.java:updateAndGet(143)) - 37cbe2e7-ebfc-4757-98ab-e72d11aa06f8: start FollowerState
2019-07-13 22:42:36,401 INFO  util.JmxRegister (JmxRegister.java:tryRegister(44)) - Successfully registered JMX Bean with object name Ratis:service=RaftServer,group=group-31501B8D0E48,id=37cbe2e7-ebfc-4757-98ab-e72d11aa06f8
2019-07-13 22:42:36,404 INFO  pipeline.PipelineStateManager (PipelineStateManager.java:addPipeline(56)) - Created pipeline Pipeline[ Id: 499a6997-6c7f-4375-b983-31501b8d0e48, Nodes: 37cbe2e7-ebfc-4757-98ab-e72d11aa06f8{ip: 192.168.5.159, host: trunk-nightly-x8m8d-1534914823, networkLocation: /default-rack, certSerialId: null}, Type:RATIS, Factor:ONE, State:OPEN]
2019-07-13 22:42:36,678 INFO  node.SCMNodeManager (SCMNodeManager.java:register(269)) - Registered Data node : 4fb3c4cc-6da9-4fbf-9df4-1a638f998672{ip: 192.168.5.159, host: trunk-nightly-x8m8d-1534914823, networkLocation: /default-rack, certSerialId: null}
2019-07-13 22:42:36,697 INFO  impl.RaftServerProxy (RaftServerProxy.java:addNew(89)) - 4fb3c4cc-6da9-4fbf-9df4-1a638f998672: addNew group-9FE7AAA8BCD4:[4fb3c4cc-6da9-4fbf-9df4-1a638f998672:192.168.5.159:46689] returns group-9FE7AAA8BCD4:java.util.concurrent.CompletableFuture@70e7d9b8[Not completed]
2019-07-13 22:42:36,698 INFO  impl.RaftServerImpl (RaftServerImpl.java:<init>(93)) - 4fb3c4cc-6da9-4fbf-9df4-1a638f998672: new RaftServerImpl for group-9FE7AAA8BCD4:[4fb3c4cc-6da9-4fbf-9df4-1a638f998672:192.168.5.159:46689] with ContainerStateMachine:uninitialized
2019-07-13 22:42:36,699 INFO  server.RaftServerConfigKeys (ConfUtils.java:logGet(43)) - raft.server.rpc.timeout.min = 5s (custom)
2019-07-13 22:42:36,699 INFO  server.RaftServerConfigKeys (ConfUtils.java:logGet(43)) - raft.server.rpc.timeout.max = 5200ms (custom)
2019-07-13 22:42:36,699 INFO  server.RaftServerConfigKeys (ConfUtils.java:logGet(43)) - raft.server.rpcslowness.timeout = 120s (custom)
2019-07-13 22:42:36,699 INFO  server.RaftServerConfigKeys (ConfUtils.java:logGet(43)) - raft.server.sleep.deviation.threshold = 300 (default)
2019-07-13 22:42:36,699 INFO  server.RaftServerConfigKeys (ConfUtils.java:logGet(43)) - raft.server.log.appender.install.snapshot.enabled = false (custom)
2019-07-13 22:42:36,699 INFO  impl.RaftServerImpl (ServerState.java:<init>(105)) - 4fb3c4cc-6da9-4fbf-9df4-1a638f998672:group-9FE7AAA8BCD4 ConfigurationManager, init=-1: [4fb3c4cc-6da9-4fbf-9df4-1a638f998672:192.168.5.159:46689], old=null, confs=<EMPTY_MAP>
2019-07-13 22:42:36,700 INFO  server.RaftServerConfigKeys (ConfUtils.java:logGet(43)) - raft.server.storage.dir = [/tmp/workdir/hadoop-ozone/integration-test/target/test-dir/MiniOzoneClusterImpl-eab7cb77-d151-42e2-b330-ee915b1d7f20/datanode-1/data/ratis] (custom)
2019-07-13 22:42:36,700 INFO  storage.RaftStorageDirectory (RaftStorageDirectory.java:analyzeStorage(246)) - The storage directory /tmp/workdir/hadoop-ozone/integration-test/target/test-dir/MiniOzoneClusterImpl-eab7cb77-d151-42e2-b330-ee915b1d7f20/datanode-1/data/ratis/49bbed11-c4dd-488a-a8a0-9fe7aaa8bcd4 does not exist. Creating ...
2019-07-13 22:42:36,704 INFO  storage.RaftStorageDirectory (RaftStorageDirectory.java:tryLock(328)) - Lock on /tmp/workdir/hadoop-ozone/integration-test/target/test-dir/MiniOzoneClusterImpl-eab7cb77-d151-42e2-b330-ee915b1d7f20/datanode-1/data/ratis/49bbed11-c4dd-488a-a8a0-9fe7aaa8bcd4/in_use.lock acquired by nodename 26920@trunk-nightly-x8m8d-1534914823
2019-07-13 22:42:36,708 INFO  storage.RaftStorage (RaftStorage.java:format(72)) - Storage directory /tmp/workdir/hadoop-ozone/integration-test/target/test-dir/MiniOzoneClusterImpl-eab7cb77-d151-42e2-b330-ee915b1d7f20/datanode-1/data/ratis/49bbed11-c4dd-488a-a8a0-9fe7aaa8bcd4 has been successfully formatted.
2019-07-13 22:42:36,708 INFO  ratis.ContainerStateMachine (ContainerStateMachine.java:loadSnapshot(200)) - The snapshot info is null.Setting the last applied index to:(t:0, i:~)
2019-07-13 22:42:36,708 INFO  server.RaftServerConfigKeys (ConfUtils.java:logGet(43)) - raft.server.leader.election.timeout = 120s (custom)
2019-07-13 22:42:36,708 INFO  server.RaftServerConfigKeys (ConfUtils.java:logGet(43)) - raft.server.log.use.memory = false (default)
2019-07-13 22:42:36,709 INFO  server.RaftServerConfigKeys (ConfUtils.java:logGet(43)) - raft.server.log.purge.gap = 1000000000 (custom)
2019-07-13 22:42:36,709 INFO  server.RaftServerConfigKeys (ConfUtils.java:logGet(43)) - raft.server.log.appender.buffer.byte-limit = 33554432 (custom)
2019-07-13 22:42:36,709 INFO  server.RaftServerConfigKeys (ConfUtils.java:logGet(43)) - raft.server.log.segment.size.max = 1048576 (custom)
2019-07-13 22:42:36,709 INFO  server.RaftServerConfigKeys (ConfUtils.java:logGet(43)) - raft.server.log.segment.cache.num.max = 2 (custom)
2019-07-13 22:42:36,709 INFO  segmented.SegmentedRaftLogWorker (SegmentedRaftLogWorker.java:<init>(172)) - new 4fb3c4cc-6da9-4fbf-9df4-1a638f998672-SegmentedRaftLogWorker:Storage Directory /tmp/workdir/hadoop-ozone/integration-test/target/test-dir/MiniOzoneClusterImpl-eab7cb77-d151-42e2-b330-ee915b1d7f20/datanode-1/data/ratis/49bbed11-c4dd-488a-a8a0-9fe7aaa8bcd4 for RaftStorage:Storage Directory /tmp/workdir/hadoop-ozone/integration-test/target/test-dir/MiniOzoneClusterImpl-eab7cb77-d151-42e2-b330-ee915b1d7f20/datanode-1/data/ratis/49bbed11-c4dd-488a-a8a0-9fe7aaa8bcd4
2019-07-13 22:42:36,709 INFO  server.RaftServerConfigKeys (ConfUtils.java:logGet(43)) - raft.server.log.queue.byte-limit = 2147483647 (custom)
2019-07-13 22:42:36,710 INFO  server.RaftServerConfigKeys (ConfUtils.java:logGet(43)) - raft.server.log.queue.element-limit = 1024 (custom)
2019-07-13 22:42:36,710 INFO  server.RaftServerConfigKeys (ConfUtils.java:logGet(43)) - raft.server.log.segment.size.max = 1048576 (custom)
2019-07-13 22:42:36,710 INFO  server.RaftServerConfigKeys (ConfUtils.java:logGet(43)) - raft.server.log.preallocated.size = 16384 (custom)
2019-07-13 22:42:36,710 INFO  server.RaftServerConfigKeys (ConfUtils.java:logGet(43)) - raft.server.log.write.buffer.size = 33554432 (custom)
2019-07-13 22:42:36,710 INFO  server.RaftServerConfigKeys (ConfUtils.java:logGet(43)) - raft.server.log.force.sync.num = 128 (default)
2019-07-13 22:42:36,710 INFO  server.RaftServerConfigKeys (ConfUtils.java:logGet(43)) - raft.server.log.statemachine.data.sync = true (default)
2019-07-13 22:42:36,711 INFO  server.RaftServerConfigKeys (ConfUtils.java:logGet(43)) - raft.server.log.statemachine.data.sync.timeout = 10s (default)
2019-07-13 22:42:36,711 INFO  server.RaftServerConfigKeys (ConfUtils.java:logGet(43)) - raft.server.log.statemachine.data.sync.timeout.retry = -1 (default)
2019-07-13 22:42:36,711 INFO  server.RaftServerConfigKeys (ConfUtils.java:logGet(43)) - raft.server.log.statemachine.data.caching.enabled = true (custom)
2019-07-13 22:42:36,711 INFO  segmented.SegmentedRaftLogWorker (SegmentedRaftLogWorker.java:lambda$new$0(132)) - 4fb3c4cc-6da9-4fbf-9df4-1a638f998672-SegmentedRaftLogWorker:Storage Directory /tmp/workdir/hadoop-ozone/integration-test/target/test-dir/MiniOzoneClusterImpl-eab7cb77-d151-42e2-b330-ee915b1d7f20/datanode-1/data/ratis/49bbed11-c4dd-488a-a8a0-9fe7aaa8bcd4: flushIndex: setUnconditionally 0 -> -1
2019-07-13 22:42:36,712 INFO  server.RaftServerConfigKeys (ConfUtils.java:logGet(43)) - raft.server.snapshot.auto.trigger.enabled = true (custom)
2019-07-13 22:42:36,712 INFO  server.RaftServerConfigKeys (ConfUtils.java:logGet(43)) - raft.server.snapshot.auto.trigger.threshold = 10000 (custom)
2019-07-13 22:42:36,712 INFO  server.RaftServerConfigKeys (ConfUtils.java:logGet(43)) - raft.server.retrycache.expirytime = 600000ms (custom)
2019-07-13 22:42:36,712 INFO  impl.RaftServerImpl (RaftServerImpl.java:start(180)) - 4fb3c4cc-6da9-4fbf-9df4-1a638f998672: start group-9FE7AAA8BCD4
2019-07-13 22:42:36,712 INFO  impl.RaftServerImpl (RaftServerImpl.java:setRole(171)) - 4fb3c4cc-6da9-4fbf-9df4-1a638f998672:group-9FE7AAA8BCD4 changes role from null to FOLLOWER at term 0 for startAsFollower
2019-07-13 22:42:36,713 INFO  impl.RoleInfo (RoleInfo.java:updateAndGet(143)) - 4fb3c4cc-6da9-4fbf-9df4-1a638f998672: start FollowerState
2019-07-13 22:42:36,713 INFO  util.JmxRegister (JmxRegister.java:tryRegister(44)) - Successfully registered JMX Bean with object name Ratis:service=RaftServer,group=group-9FE7AAA8BCD4,id=4fb3c4cc-6da9-4fbf-9df4-1a638f998672
2019-07-13 22:42:36,715 INFO  pipeline.PipelineStateManager (PipelineStateManager.java:addPipeline(56)) - Created pipeline Pipeline[ Id: 49bbed11-c4dd-488a-a8a0-9fe7aaa8bcd4, Nodes: 4fb3c4cc-6da9-4fbf-9df4-1a638f998672{ip: 192.168.5.159, host: trunk-nightly-x8m8d-1534914823, networkLocation: /default-rack, certSerialId: null}, Type:RATIS, Factor:ONE, State:OPEN]
2019-07-13 22:42:36,920 INFO  ozone.MiniOzoneClusterImpl (MiniOzoneClusterImpl.java:lambda$waitForClusterToBeReady$0(142)) - Waiting for cluster to be ready. Got 2 of 6 DN Heartbeats.
2019-07-13 22:42:36,976 INFO  node.SCMNodeManager (SCMNodeManager.java:register(269)) - Registered Data node : 6180799a-0bdc-4f4b-a7f4-3de2007b147a{ip: 192.168.5.159, host: trunk-nightly-x8m8d-1534914823, networkLocation: /default-rack, certSerialId: null}
2019-07-13 22:42:36,995 INFO  impl.RaftServerProxy (RaftServerProxy.java:addNew(89)) - 6180799a-0bdc-4f4b-a7f4-3de2007b147a: addNew group-5EB6DCB704F3:[6180799a-0bdc-4f4b-a7f4-3de2007b147a:192.168.5.159:39944] returns group-5EB6DCB704F3:java.util.concurrent.CompletableFuture@47b538ff[Not completed]
2019-07-13 22:42:36,996 INFO  impl.RaftServerImpl (RaftServerImpl.java:<init>(93)) - 6180799a-0bdc-4f4b-a7f4-3de2007b147a: new RaftServerImpl for group-5EB6DCB704F3:[6180799a-0bdc-4f4b-a7f4-3de2007b147a:192.168.5.159:39944] with ContainerStateMachine:uninitialized
2019-07-13 22:42:36,996 INFO  server.RaftServerConfigKeys (ConfUtils.java:logGet(43)) - raft.server.rpc.timeout.min = 5s (custom)
2019-07-13 22:42:36,996 INFO  server.RaftServerConfigKeys (ConfUtils.java:logGet(43)) - raft.server.rpc.timeout.max = 5200ms (custom)
2019-07-13 22:42:36,996 INFO  server.RaftServerConfigKeys (ConfUtils.java:logGet(43)) - raft.server.rpcslowness.timeout = 120s (custom)
2019-07-13 22:42:36,996 INFO  server.RaftServerConfigKeys (ConfUtils.java:logGet(43)) - raft.server.sleep.deviation.threshold = 300 (default)
2019-07-13 22:42:36,996 INFO  server.RaftServerConfigKeys (ConfUtils.java:logGet(43)) - raft.server.log.appender.install.snapshot.enabled = false (custom)
2019-07-13 22:42:36,997 INFO  impl.RaftServerImpl (ServerState.java:<init>(105)) - 6180799a-0bdc-4f4b-a7f4-3de2007b147a:group-5EB6DCB704F3 ConfigurationManager, init=-1: [6180799a-0bdc-4f4b-a7f4-3de2007b147a:192.168.5.159:39944], old=null, confs=<EMPTY_MAP>
2019-07-13 22:42:36,997 INFO  server.RaftServerConfigKeys (ConfUtils.java:logGet(43)) - raft.server.storage.dir = [/tmp/workdir/hadoop-ozone/integration-test/target/test-dir/MiniOzoneClusterImpl-eab7cb77-d151-42e2-b330-ee915b1d7f20/datanode-2/data/ratis] (custom)
2019-07-13 22:42:36,997 INFO  storage.RaftStorageDirectory (RaftStorageDirectory.java:analyzeStorage(246)) - The storage directory /tmp/workdir/hadoop-ozone/integration-test/target/test-dir/MiniOzoneClusterImpl-eab7cb77-d151-42e2-b330-ee915b1d7f20/datanode-2/data/ratis/1ad9c2b7-9775-47a1-973b-5eb6dcb704f3 does not exist. Creating ...
2019-07-13 22:42:37,004 INFO  storage.RaftStorageDirectory (RaftStorageDirectory.java:tryLock(328)) - Lock on /tmp/workdir/hadoop-ozone/integration-test/target/test-dir/MiniOzoneClusterImpl-eab7cb77-d151-42e2-b330-ee915b1d7f20/datanode-2/data/ratis/1ad9c2b7-9775-47a1-973b-5eb6dcb704f3/in_use.lock acquired by nodename 26920@trunk-nightly-x8m8d-1534914823
2019-07-13 22:42:37,007 INFO  storage.RaftStorage (RaftStorage.java:format(72)) - Storage directory /tmp/workdir/hadoop-ozone/integration-test/target/test-dir/MiniOzoneClusterImpl-eab7cb77-d151-42e2-b330-ee915b1d7f20/datanode-2/data/ratis/1ad9c2b7-9775-47a1-973b-5eb6dcb704f3 has been successfully formatted.
2019-07-13 22:42:37,007 INFO  ratis.ContainerStateMachine (ContainerStateMachine.java:loadSnapshot(200)) - The snapshot info is null.Setting the last applied index to:(t:0, i:~)
2019-07-13 22:42:37,007 INFO  server.RaftServerConfigKeys (ConfUtils.java:logGet(43)) - raft.server.leader.election.timeout = 120s (custom)
2019-07-13 22:42:37,007 INFO  server.RaftServerConfigKeys (ConfUtils.java:logGet(43)) - raft.server.log.use.memory = false (default)
2019-07-13 22:42:37,007 INFO  server.RaftServerConfigKeys (ConfUtils.java:logGet(43)) - raft.server.log.purge.gap = 1000000000 (custom)
2019-07-13 22:42:37,008 INFO  server.RaftServerConfigKeys (ConfUtils.java:logGet(43)) - raft.server.log.appender.buffer.byte-limit = 33554432 (custom)
2019-07-13 22:42:37,008 INFO  server.RaftServerConfigKeys (ConfUtils.java:logGet(43)) - raft.server.log.segment.size.max = 1048576 (custom)
2019-07-13 22:42:37,008 INFO  server.RaftServerConfigKeys (ConfUtils.java:logGet(43)) - raft.server.log.segment.cache.num.max = 2 (custom)
2019-07-13 22:42:37,008 INFO  segmented.SegmentedRaftLogWorker (SegmentedRaftLogWorker.java:<init>(172)) - new 6180799a-0bdc-4f4b-a7f4-3de2007b147a-SegmentedRaftLogWorker:Storage Directory /tmp/workdir/hadoop-ozone/integration-test/target/test-dir/MiniOzoneClusterImpl-eab7cb77-d151-42e2-b330-ee915b1d7f20/datanode-2/data/ratis/1ad9c2b7-9775-47a1-973b-5eb6dcb704f3 for RaftStorage:Storage Directory /tmp/workdir/hadoop-ozone/integration-test/target/test-dir/MiniOzoneClusterImpl-eab7cb77-d151-42e2-b330-ee915b1d7f20/datanode-2/data/ratis/1ad9c2b7-9775-47a1-973b-5eb6dcb704f3
2019-07-13 22:42:37,008 INFO  server.RaftServerConfigKeys (ConfUtils.java:logGet(43)) - raft.server.log.queue.byte-limit = 2147483647 (custom)
2019-07-13 22:42:37,008 INFO  server.RaftServerConfigKeys (ConfUtils.java:logGet(43)) - raft.server.log.queue.element-limit = 1024 (custom)
2019-07-13 22:42:37,009 INFO  server.RaftServerConfigKeys (ConfUtils.java:logGet(43)) - raft.server.log.segment.size.max = 1048576 (custom)
2019-07-13 22:42:37,009 INFO  server.RaftServerConfigKeys (ConfUtils.java:logGet(43)) - raft.server.log.preallocated.size = 16384 (custom)
2019-07-13 22:42:37,009 INFO  server.RaftServerConfigKeys (ConfUtils.java:logGet(43)) - raft.server.log.write.buffer.size = 33554432 (custom)
2019-07-13 22:42:37,009 INFO  server.RaftServerConfigKeys (ConfUtils.java:logGet(43)) - raft.server.log.force.sync.num = 128 (default)
2019-07-13 22:42:37,009 INFO  server.RaftServerConfigKeys (ConfUtils.java:logGet(43)) - raft.server.log.statemachine.data.sync = true (default)
2019-07-13 22:42:37,009 INFO  server.RaftServerConfigKeys (ConfUtils.java:logGet(43)) - raft.server.log.statemachine.data.sync.timeout = 10s (default)
2019-07-13 22:42:37,009 INFO  server.RaftServerConfigKeys (ConfUtils.java:logGet(43)) - raft.server.log.statemachine.data.sync.timeout.retry = -1 (default)
2019-07-13 22:42:37,010 INFO  server.RaftServerConfigKeys (ConfUtils.java:logGet(43)) - raft.server.log.statemachine.data.caching.enabled = true (custom)
2019-07-13 22:42:37,010 INFO  segmented.SegmentedRaftLogWorker (SegmentedRaftLogWorker.java:lambda$new$0(132)) - 6180799a-0bdc-4f4b-a7f4-3de2007b147a-SegmentedRaftLogWorker:Storage Directory /tmp/workdir/hadoop-ozone/integration-test/target/test-dir/MiniOzoneClusterImpl-eab7cb77-d151-42e2-b330-ee915b1d7f20/datanode-2/data/ratis/1ad9c2b7-9775-47a1-973b-5eb6dcb704f3: flushIndex: setUnconditionally 0 -> -1
2019-07-13 22:42:37,010 INFO  server.RaftServerConfigKeys (ConfUtils.java:logGet(43)) - raft.server.snapshot.auto.trigger.enabled = true (custom)
2019-07-13 22:42:37,011 INFO  server.RaftServerConfigKeys (ConfUtils.java:logGet(43)) - raft.server.snapshot.auto.trigger.threshold = 10000 (custom)
2019-07-13 22:42:37,011 INFO  server.RaftServerConfigKeys (ConfUtils.java:logGet(43)) - raft.server.retrycache.expirytime = 600000ms (custom)
2019-07-13 22:42:37,011 INFO  impl.RaftServerImpl (RaftServerImpl.java:start(180)) - 6180799a-0bdc-4f4b-a7f4-3de2007b147a: start group-5EB6DCB704F3
2019-07-13 22:42:37,011 INFO  impl.RaftServerImpl (RaftServerImpl.java:setRole(171)) - 6180799a-0bdc-4f4b-a7f4-3de2007b147a:group-5EB6DCB704F3 changes role from null to FOLLOWER at term 0 for startAsFollower
2019-07-13 22:42:37,011 INFO  impl.RoleInfo (RoleInfo.java:updateAndGet(143)) - 6180799a-0bdc-4f4b-a7f4-3de2007b147a: start FollowerState
2019-07-13 22:42:37,012 INFO  util.JmxRegister (JmxRegister.java:tryRegister(44)) - Successfully registered JMX Bean with object name Ratis:service=RaftServer,group=group-5EB6DCB704F3,id=6180799a-0bdc-4f4b-a7f4-3de2007b147a
2019-07-13 22:42:37,014 INFO  pipeline.PipelineStateManager (PipelineStateManager.java:addPipeline(56)) - Created pipeline Pipeline[ Id: 1ad9c2b7-9775-47a1-973b-5eb6dcb704f3, Nodes: 6180799a-0bdc-4f4b-a7f4-3de2007b147a{ip: 192.168.5.159, host: trunk-nightly-x8m8d-1534914823, networkLocation: /default-rack, certSerialId: null}, Type:RATIS, Factor:ONE, State:OPEN]
2019-07-13 22:42:37,040 INFO  impl.RaftServerProxy (RaftServerProxy.java:addNew(89)) - 37cbe2e7-ebfc-4757-98ab-e72d11aa06f8: addNew group-F910F5E6465F:[4fb3c4cc-6da9-4fbf-9df4-1a638f998672:192.168.5.159:46689, 37cbe2e7-ebfc-4757-98ab-e72d11aa06f8:192.168.5.159:40472, 6180799a-0bdc-4f4b-a7f4-3de2007b147a:192.168.5.159:39944] returns group-F910F5E6465F:java.util.concurrent.CompletableFuture@13a81882[Not completed]
2019-07-13 22:42:37,040 INFO  impl.RaftServerProxy (RaftServerProxy.java:addNew(89)) - 6180799a-0bdc-4f4b-a7f4-3de2007b147a: addNew group-F910F5E6465F:[4fb3c4cc-6da9-4fbf-9df4-1a638f998672:192.168.5.159:46689, 37cbe2e7-ebfc-4757-98ab-e72d11aa06f8:192.168.5.159:40472, 6180799a-0bdc-4f4b-a7f4-3de2007b147a:192.168.5.159:39944] returns group-F910F5E6465F:java.util.concurrent.CompletableFuture@4870dd9e[Not completed]
2019-07-13 22:42:37,040 INFO  impl.RaftServerProxy (RaftServerProxy.java:addNew(89)) - 4fb3c4cc-6da9-4fbf-9df4-1a638f998672: addNew group-F910F5E6465F:[4fb3c4cc-6da9-4fbf-9df4-1a638f998672:192.168.5.159:46689, 37cbe2e7-ebfc-4757-98ab-e72d11aa06f8:192.168.5.159:40472, 6180799a-0bdc-4f4b-a7f4-3de2007b147a:192.168.5.159:39944] returns group-F910F5E6465F:java.util.concurrent.CompletableFuture@1012b0e9[Not completed]
2019-07-13 22:42:37,042 INFO  impl.RaftServerImpl (RaftServerImpl.java:<init>(93)) - 4fb3c4cc-6da9-4fbf-9df4-1a638f998672: new RaftServerImpl for group-F910F5E6465F:[4fb3c4cc-6da9-4fbf-9df4-1a638f998672:192.168.5.159:46689, 37cbe2e7-ebfc-4757-98ab-e72d11aa06f8:192.168.5.159:40472, 6180799a-0bdc-4f4b-a7f4-3de2007b147a:192.168.5.159:39944] with ContainerStateMachine:uninitialized
2019-07-13 22:42:37,042 INFO  server.RaftServerConfigKeys (ConfUtils.java:logGet(43)) - raft.server.rpc.timeout.min = 5s (custom)
2019-07-13 22:42:37,042 INFO  server.RaftServerConfigKeys (ConfUtils.java:logGet(43)) - raft.server.rpc.timeout.max = 5200ms (custom)
2019-07-13 22:42:37,042 INFO  server.RaftServerConfigKeys (ConfUtils.java:logGet(43)) - raft.server.rpcslowness.timeout = 120s (custom)
2019-07-13 22:42:37,042 INFO  impl.RaftServerImpl (RaftServerImpl.java:<init>(93)) - 6180799a-0bdc-4f4b-a7f4-3de2007b147a: new RaftServerImpl for group-F910F5E6465F:[4fb3c4cc-6da9-4fbf-9df4-1a638f998672:192.168.5.159:46689, 37cbe2e7-ebfc-4757-98ab-e72d11aa06f8:192.168.5.159:40472, 6180799a-0bdc-4f4b-a7f4-3de2007b147a:192.168.5.159:39944] with ContainerStateMachine:uninitialized
2019-07-13 22:42:37,042 INFO  server.RaftServerConfigKeys (ConfUtils.java:logGet(43)) - raft.server.sleep.deviation.threshold = 300 (default)
2019-07-13 22:42:37,043 INFO  server.RaftServerConfigKeys (ConfUtils.java:logGet(43)) - raft.server.rpc.timeout.min = 5s (custom)
2019-07-13 22:42:37,043 INFO  impl.RaftServerImpl (RaftServerImpl.java:<init>(93)) - 37cbe2e7-ebfc-4757-98ab-e72d11aa06f8: new RaftServerImpl for group-F910F5E6465F:[4fb3c4cc-6da9-4fbf-9df4-1a638f998672:192.168.5.159:46689, 37cbe2e7-ebfc-4757-98ab-e72d11aa06f8:192.168.5.159:40472, 6180799a-0bdc-4f4b-a7f4-3de2007b147a:192.168.5.159:39944] with ContainerStateMachine:uninitialized
2019-07-13 22:42:37,043 INFO  server.RaftServerConfigKeys (ConfUtils.java:logGet(43)) - raft.server.log.appender.install.snapshot.enabled = false (custom)
2019-07-13 22:42:37,043 INFO  server.RaftServerConfigKeys (ConfUtils.java:logGet(43)) - raft.server.rpc.timeout.min = 5s (custom)
2019-07-13 22:42:37,043 INFO  server.RaftServerConfigKeys (ConfUtils.java:logGet(43)) - raft.server.rpc.timeout.max = 5200ms (custom)
2019-07-13 22:42:37,043 INFO  server.RaftServerConfigKeys (ConfUtils.java:logGet(43)) - raft.server.rpc.timeout.max = 5200ms (custom)
2019-07-13 22:42:37,043 INFO  server.RaftServerConfigKeys (ConfUtils.java:logGet(43)) - raft.server.rpcslowness.timeout = 120s (custom)
2019-07-13 22:42:37,044 INFO  server.RaftServerConfigKeys (ConfUtils.java:logGet(43)) - raft.server.sleep.deviation.threshold = 300 (default)
2019-07-13 22:42:37,043 INFO  impl.RaftServerImpl (ServerState.java:<init>(105)) - 4fb3c4cc-6da9-4fbf-9df4-1a638f998672:group-F910F5E6465F ConfigurationManager, init=-1: [4fb3c4cc-6da9-4fbf-9df4-1a638f998672:192.168.5.159:46689, 37cbe2e7-ebfc-4757-98ab-e72d11aa06f8:192.168.5.159:40472, 6180799a-0bdc-4f4b-a7f4-3de2007b147a:192.168.5.159:39944], old=null, confs=<EMPTY_MAP>
2019-07-13 22:42:37,044 INFO  server.RaftServerConfigKeys (ConfUtils.java:logGet(43)) - raft.server.log.appender.install.snapshot.enabled = false (custom)
2019-07-13 22:42:37,044 INFO  server.RaftServerConfigKeys (ConfUtils.java:logGet(43)) - raft.server.storage.dir = [/tmp/workdir/hadoop-ozone/integration-test/target/test-dir/MiniOzoneClusterImpl-eab7cb77-d151-42e2-b330-ee915b1d7f20/datanode-1/data/ratis] (custom)
2019-07-13 22:42:37,043 INFO  server.RaftServerConfigKeys (ConfUtils.java:logGet(43)) - raft.server.rpcslowness.timeout = 120s (custom)
2019-07-13 22:42:37,044 INFO  impl.RaftServerImpl (ServerState.java:<init>(105)) - 37cbe2e7-ebfc-4757-98ab-e72d11aa06f8:group-F910F5E6465F ConfigurationManager, init=-1: [4fb3c4cc-6da9-4fbf-9df4-1a638f998672:192.168.5.159:46689, 37cbe2e7-ebfc-4757-98ab-e72d11aa06f8:192.168.5.159:40472, 6180799a-0bdc-4f4b-a7f4-3de2007b147a:192.168.5.159:39944], old=null, confs=<EMPTY_MAP>
2019-07-13 22:42:37,044 INFO  server.RaftServerConfigKeys (ConfUtils.java:logGet(43)) - raft.server.sleep.deviation.threshold = 300 (default)
2019-07-13 22:42:37,044 INFO  server.RaftServerConfigKeys (ConfUtils.java:logGet(43)) - raft.server.storage.dir = [/tmp/workdir/hadoop-ozone/integration-test/target/test-dir/MiniOzoneClusterImpl-eab7cb77-d151-42e2-b330-ee915b1d7f20/datanode-0/data/ratis] (custom)
2019-07-13 22:42:37,044 INFO  storage.RaftStorageDirectory (RaftStorageDirectory.java:analyzeStorage(246)) - The storage directory /tmp/workdir/hadoop-ozone/integration-test/target/test-dir/MiniOzoneClusterImpl-eab7cb77-d151-42e2-b330-ee915b1d7f20/datanode-1/data/ratis/5e470065-ff6e-458f-8a76-f910f5e6465f does not exist. Creating ...
2019-07-13 22:42:37,044 INFO  server.RaftServerConfigKeys (ConfUtils.java:logGet(43)) - raft.server.log.appender.install.snapshot.enabled = false (custom)
2019-07-13 22:42:37,045 INFO  storage.RaftStorageDirectory (RaftStorageDirectory.java:analyzeStorage(246)) - The storage directory /tmp/workdir/hadoop-ozone/integration-test/target/test-dir/MiniOzoneClusterImpl-eab7cb77-d151-42e2-b330-ee915b1d7f20/datanode-0/data/ratis/5e470065-ff6e-458f-8a76-f910f5e6465f does not exist. Creating ...
2019-07-13 22:42:37,045 INFO  impl.RaftServerImpl (ServerState.java:<init>(105)) - 6180799a-0bdc-4f4b-a7f4-3de2007b147a:group-F910F5E6465F ConfigurationManager, init=-1: [4fb3c4cc-6da9-4fbf-9df4-1a638f998672:192.168.5.159:46689, 37cbe2e7-ebfc-4757-98ab-e72d11aa06f8:192.168.5.159:40472, 6180799a-0bdc-4f4b-a7f4-3de2007b147a:192.168.5.159:39944], old=null, confs=<EMPTY_MAP>
2019-07-13 22:42:37,045 INFO  server.RaftServerConfigKeys (ConfUtils.java:logGet(43)) - raft.server.storage.dir = [/tmp/workdir/hadoop-ozone/integration-test/target/test-dir/MiniOzoneClusterImpl-eab7cb77-d151-42e2-b330-ee915b1d7f20/datanode-2/data/ratis] (custom)
2019-07-13 22:42:37,046 INFO  storage.RaftStorageDirectory (RaftStorageDirectory.java:analyzeStorage(246)) - The storage directory /tmp/workdir/hadoop-ozone/integration-test/target/test-dir/MiniOzoneClusterImpl-eab7cb77-d151-42e2-b330-ee915b1d7f20/datanode-2/data/ratis/5e470065-ff6e-458f-8a76-f910f5e6465f does not exist. Creating ...
2019-07-13 22:42:37,058 INFO  storage.RaftStorageDirectory (RaftStorageDirectory.java:tryLock(328)) - Lock on /tmp/workdir/hadoop-ozone/integration-test/target/test-dir/MiniOzoneClusterImpl-eab7cb77-d151-42e2-b330-ee915b1d7f20/datanode-0/data/ratis/5e470065-ff6e-458f-8a76-f910f5e6465f/in_use.lock acquired by nodename 26920@trunk-nightly-x8m8d-1534914823
2019-07-13 22:42:37,058 INFO  storage.RaftStorageDirectory (RaftStorageDirectory.java:tryLock(328)) - Lock on /tmp/workdir/hadoop-ozone/integration-test/target/test-dir/MiniOzoneClusterImpl-eab7cb77-d151-42e2-b330-ee915b1d7f20/datanode-1/data/ratis/5e470065-ff6e-458f-8a76-f910f5e6465f/in_use.lock acquired by nodename 26920@trunk-nightly-x8m8d-1534914823
2019-07-13 22:42:37,058 INFO  storage.RaftStorageDirectory (RaftStorageDirectory.java:tryLock(328)) - Lock on /tmp/workdir/hadoop-ozone/integration-test/target/test-dir/MiniOzoneClusterImpl-eab7cb77-d151-42e2-b330-ee915b1d7f20/datanode-2/data/ratis/5e470065-ff6e-458f-8a76-f910f5e6465f/in_use.lock acquired by nodename 26920@trunk-nightly-x8m8d-1534914823
2019-07-13 22:42:37,064 INFO  storage.RaftStorage (RaftStorage.java:format(72)) - Storage directory /tmp/workdir/hadoop-ozone/integration-test/target/test-dir/MiniOzoneClusterImpl-eab7cb77-d151-42e2-b330-ee915b1d7f20/datanode-1/data/ratis/5e470065-ff6e-458f-8a76-f910f5e6465f has been successfully formatted.
2019-07-13 22:42:37,064 INFO  storage.RaftStorage (RaftStorage.java:format(72)) - Storage directory /tmp/workdir/hadoop-ozone/integration-test/target/test-dir/MiniOzoneClusterImpl-eab7cb77-d151-42e2-b330-ee915b1d7f20/datanode-2/data/ratis/5e470065-ff6e-458f-8a76-f910f5e6465f has been successfully formatted.
2019-07-13 22:42:37,064 INFO  ratis.ContainerStateMachine (ContainerStateMachine.java:loadSnapshot(200)) - The snapshot info is null.Setting the last applied index to:(t:0, i:~)
2019-07-13 22:42:37,064 INFO  storage.RaftStorage (RaftStorage.java:format(72)) - Storage directory /tmp/workdir/hadoop-ozone/integration-test/target/test-dir/MiniOzoneClusterImpl-eab7cb77-d151-42e2-b330-ee915b1d7f20/datanode-0/data/ratis/5e470065-ff6e-458f-8a76-f910f5e6465f has been successfully formatted.
2019-07-13 22:42:37,064 INFO  ratis.ContainerStateMachine (ContainerStateMachine.java:loadSnapshot(200)) - The snapshot info is null.Setting the last applied index to:(t:0, i:~)
2019-07-13 22:42:37,064 INFO  server.RaftServerConfigKeys (ConfUtils.java:logGet(43)) - raft.server.leader.election.timeout = 120s (custom)
2019-07-13 22:42:37,065 INFO  server.RaftServerConfigKeys (ConfUtils.java:logGet(43)) - raft.server.log.use.memory = false (default)
2019-07-13 22:42:37,065 INFO  server.RaftServerConfigKeys (ConfUtils.java:logGet(43)) - raft.server.leader.election.timeout = 120s (custom)
2019-07-13 22:42:37,065 INFO  ratis.ContainerStateMachine (ContainerStateMachine.java:loadSnapshot(200)) - The snapshot info is null.Setting the last applied index to:(t:0, i:~)
2019-07-13 22:42:37,065 INFO  server.RaftServerConfigKeys (ConfUtils.java:logGet(43)) - raft.server.log.use.memory = false (default)
2019-07-13 22:42:37,065 INFO  server.RaftServerConfigKeys (ConfUtils.java:logGet(43)) - raft.server.log.purge.gap = 1000000000 (custom)
2019-07-13 22:42:37,066 INFO  server.RaftServerConfigKeys (ConfUtils.java:logGet(43)) - raft.server.log.purge.gap = 1000000000 (custom)
2019-07-13 22:42:37,065 INFO  server.RaftServerConfigKeys (ConfUtils.java:logGet(43)) - raft.server.leader.election.timeout = 120s (custom)
2019-07-13 22:42:37,066 INFO  server.RaftServerConfigKeys (ConfUtils.java:logGet(43)) - raft.server.log.appender.buffer.byte-limit = 33554432 (custom)
2019-07-13 22:42:37,066 INFO  server.RaftServerConfigKeys (ConfUtils.java:logGet(43)) - raft.server.log.appender.buffer.byte-limit = 33554432 (custom)
2019-07-13 22:42:37,066 INFO  server.RaftServerConfigKeys (ConfUtils.java:logGet(43)) - raft.server.log.segment.size.max = 1048576 (custom)
2019-07-13 22:42:37,066 INFO  server.RaftServerConfigKeys (ConfUtils.java:logGet(43)) - raft.server.log.use.memory = false (default)
2019-07-13 22:42:37,066 INFO  server.RaftServerConfigKeys (ConfUtils.java:logGet(43)) - raft.server.log.segment.cache.num.max = 2 (custom)
2019-07-13 22:42:37,066 INFO  server.RaftServerConfigKeys (ConfUtils.java:logGet(43)) - raft.server.log.segment.size.max = 1048576 (custom)
2019-07-13 22:42:37,067 INFO  segmented.SegmentedRaftLogWorker (SegmentedRaftLogWorker.java:<init>(172)) - new 6180799a-0bdc-4f4b-a7f4-3de2007b147a-SegmentedRaftLogWorker:Storage Directory /tmp/workdir/hadoop-ozone/integration-test/target/test-dir/MiniOzoneClusterImpl-eab7cb77-d151-42e2-b330-ee915b1d7f20/datanode-2/data/ratis/5e470065-ff6e-458f-8a76-f910f5e6465f for RaftStorage:Storage Directory /tmp/workdir/hadoop-ozone/integration-test/target/test-dir/MiniOzoneClusterImpl-eab7cb77-d151-42e2-b330-ee915b1d7f20/datanode-2/data/ratis/5e470065-ff6e-458f-8a76-f910f5e6465f
2019-07-13 22:42:37,067 INFO  server.RaftServerConfigKeys (ConfUtils.java:logGet(43)) - raft.server.log.purge.gap = 1000000000 (custom)
2019-07-13 22:42:37,067 INFO  server.RaftServerConfigKeys (ConfUtils.java:logGet(43)) - raft.server.log.queue.byte-limit = 2147483647 (custom)
2019-07-13 22:42:37,067 INFO  server.RaftServerConfigKeys (ConfUtils.java:logGet(43)) - raft.server.log.queue.element-limit = 1024 (custom)
2019-07-13 22:42:37,067 INFO  server.RaftServerConfigKeys (ConfUtils.java:logGet(43)) - raft.server.log.segment.cache.num.max = 2 (custom)
2019-07-13 22:42:37,068 INFO  server.RaftServerConfigKeys (ConfUtils.java:logGet(43)) - raft.server.log.segment.size.max = 1048576 (custom)
2019-07-13 22:42:37,067 INFO  server.RaftServerConfigKeys (ConfUtils.java:logGet(43)) - raft.server.log.appender.buffer.byte-limit = 33554432 (custom)
2019-07-13 22:42:37,068 INFO  server.RaftServerConfigKeys (ConfUtils.java:logGet(43)) - raft.server.log.preallocated.size = 16384 (custom)
2019-07-13 22:42:37,068 INFO  segmented.SegmentedRaftLogWorker (SegmentedRaftLogWorker.java:<init>(172)) - new 4fb3c4cc-6da9-4fbf-9df4-1a638f998672-SegmentedRaftLogWorker:Storage Directory /tmp/workdir/hadoop-ozone/integration-test/target/test-dir/MiniOzoneClusterImpl-eab7cb77-d151-42e2-b330-ee915b1d7f20/datanode-1/data/ratis/5e470065-ff6e-458f-8a76-f910f5e6465f for RaftStorage:Storage Directory /tmp/workdir/hadoop-ozone/integration-test/target/test-dir/MiniOzoneClusterImpl-eab7cb77-d151-42e2-b330-ee915b1d7f20/datanode-1/data/ratis/5e470065-ff6e-458f-8a76-f910f5e6465f
2019-07-13 22:42:37,068 INFO  server.RaftServerConfigKeys (ConfUtils.java:logGet(43)) - raft.server.log.write.buffer.size = 33554432 (custom)
2019-07-13 22:42:37,068 INFO  server.RaftServerConfigKeys (ConfUtils.java:logGet(43)) - raft.server.log.force.sync.num = 128 (default)
2019-07-13 22:42:37,068 INFO  server.RaftServerConfigKeys (ConfUtils.java:logGet(43)) - raft.server.log.segment.size.max = 1048576 (custom)
2019-07-13 22:42:37,069 INFO  server.RaftServerConfigKeys (ConfUtils.java:logGet(43)) - raft.server.log.statemachine.data.sync = true (default)
2019-07-13 22:42:37,068 INFO  server.RaftServerConfigKeys (ConfUtils.java:logGet(43)) - raft.server.log.queue.byte-limit = 2147483647 (custom)
2019-07-13 22:42:37,069 INFO  server.RaftServerConfigKeys (ConfUtils.java:logGet(43)) - raft.server.log.statemachine.data.sync.timeout = 10s (default)
2019-07-13 22:42:37,069 INFO  server.RaftServerConfigKeys (ConfUtils.java:logGet(43)) - raft.server.log.segment.cache.num.max = 2 (custom)
2019-07-13 22:42:37,069 INFO  server.RaftServerConfigKeys (ConfUtils.java:logGet(43)) - raft.server.log.statemachine.data.sync.timeout.retry = -1 (default)
2019-07-13 22:42:37,069 INFO  server.RaftServerConfigKeys (ConfUtils.java:logGet(43)) - raft.server.log.queue.element-limit = 1024 (custom)
2019-07-13 22:42:37,070 INFO  server.RaftServerConfigKeys (ConfUtils.java:logGet(43)) - raft.server.log.statemachine.data.caching.enabled = true (custom)
2019-07-13 22:42:37,069 INFO  segmented.SegmentedRaftLogWorker (SegmentedRaftLogWorker.java:<init>(172)) - new 37cbe2e7-ebfc-4757-98ab-e72d11aa06f8-SegmentedRaftLogWorker:Storage Directory /tmp/workdir/hadoop-ozone/integration-test/target/test-dir/MiniOzoneClusterImpl-eab7cb77-d151-42e2-b330-ee915b1d7f20/datanode-0/data/ratis/5e470065-ff6e-458f-8a76-f910f5e6465f for RaftStorage:Storage Directory /tmp/workdir/hadoop-ozone/integration-test/target/test-dir/MiniOzoneClusterImpl-eab7cb77-d151-42e2-b330-ee915b1d7f20/datanode-0/data/ratis/5e470065-ff6e-458f-8a76-f910f5e6465f
2019-07-13 22:42:37,070 INFO  server.RaftServerConfigKeys (ConfUtils.java:logGet(43)) - raft.server.log.segment.size.max = 1048576 (custom)
2019-07-13 22:42:37,070 INFO  segmented.SegmentedRaftLogWorker (SegmentedRaftLogWorker.java:lambda$new$0(132)) - 6180799a-0bdc-4f4b-a7f4-3de2007b147a-SegmentedRaftLogWorker:Storage Directory /tmp/workdir/hadoop-ozone/integration-test/target/test-dir/MiniOzoneClusterImpl-eab7cb77-d151-42e2-b330-ee915b1d7f20/datanode-2/data/ratis/5e470065-ff6e-458f-8a76-f910f5e6465f: flushIndex: setUnconditionally 0 -> -1
2019-07-13 22:42:37,070 INFO  server.RaftServerConfigKeys (ConfUtils.java:logGet(43)) - raft.server.log.queue.byte-limit = 2147483647 (custom)
2019-07-13 22:42:37,070 INFO  server.RaftServerConfigKeys (ConfUtils.java:logGet(43)) - raft.server.log.preallocated.size = 16384 (custom)
2019-07-13 22:42:37,071 INFO  server.RaftServerConfigKeys (ConfUtils.java:logGet(43)) - raft.server.snapshot.auto.trigger.enabled = true (custom)
2019-07-13 22:42:37,071 INFO  server.RaftServerConfigKeys (ConfUtils.java:logGet(43)) - raft.server.log.queue.element-limit = 1024 (custom)
2019-07-13 22:42:37,071 INFO  server.RaftServerConfigKeys (ConfUtils.java:logGet(43)) - raft.server.snapshot.auto.trigger.threshold = 10000 (custom)
2019-07-13 22:42:37,071 INFO  server.RaftServerConfigKeys (ConfUtils.java:logGet(43)) - raft.server.log.write.buffer.size = 33554432 (custom)
2019-07-13 22:42:37,071 INFO  server.RaftServerConfigKeys (ConfUtils.java:logGet(43)) - raft.server.retrycache.expirytime = 600000ms (custom)
2019-07-13 22:42:37,071 INFO  server.RaftServerConfigKeys (ConfUtils.java:logGet(43)) - raft.server.log.segment.size.max = 1048576 (custom)
2019-07-13 22:42:37,072 INFO  impl.RaftServerImpl (RaftServerImpl.java:start(180)) - 6180799a-0bdc-4f4b-a7f4-3de2007b147a: start group-F910F5E6465F
2019-07-13 22:42:37,072 INFO  impl.RaftServerImpl (RaftServerImpl.java:setRole(171)) - 6180799a-0bdc-4f4b-a7f4-3de2007b147a:group-F910F5E6465F changes role from null to FOLLOWER at term 0 for startAsFollower
2019-07-13 22:42:37,071 INFO  server.RaftServerConfigKeys (ConfUtils.java:logGet(43)) - raft.server.log.force.sync.num = 128 (default)
2019-07-13 22:42:37,072 INFO  impl.RoleInfo (RoleInfo.java:updateAndGet(143)) - 6180799a-0bdc-4f4b-a7f4-3de2007b147a: start FollowerState
2019-07-13 22:42:37,072 INFO  server.RaftServerConfigKeys (ConfUtils.java:logGet(43)) - raft.server.log.preallocated.size = 16384 (custom)
2019-07-13 22:42:37,072 INFO  server.RaftServerConfigKeys (ConfUtils.java:logGet(43)) - raft.server.log.write.buffer.size = 33554432 (custom)
2019-07-13 22:42:37,072 INFO  server.RaftServerConfigKeys (ConfUtils.java:logGet(43)) - raft.server.log.statemachine.data.sync = true (default)
2019-07-13 22:42:37,073 INFO  server.RaftServerConfigKeys (ConfUtils.java:logGet(43)) - raft.server.log.force.sync.num = 128 (default)
2019-07-13 22:42:37,073 INFO  util.JmxRegister (JmxRegister.java:tryRegister(44)) - Successfully registered JMX Bean with object name Ratis:service=RaftServer,group=group-F910F5E6465F,id=6180799a-0bdc-4f4b-a7f4-3de2007b147a
2019-07-13 22:42:37,073 INFO  server.RaftServerConfigKeys (ConfUtils.java:logGet(43)) - raft.server.log.statemachine.data.sync = true (default)
2019-07-13 22:42:37,073 INFO  server.RaftServerConfigKeys (ConfUtils.java:logGet(43)) - raft.server.log.statemachine.data.sync.timeout = 10s (default)
2019-07-13 22:42:37,073 INFO  server.RaftServerConfigKeys (ConfUtils.java:logGet(43)) - raft.server.log.statemachine.data.sync.timeout = 10s (default)
2019-07-13 22:42:37,073 INFO  server.RaftServerConfigKeys (ConfUtils.java:logGet(43)) - raft.server.log.statemachine.data.sync.timeout.retry = -1 (default)
2019-07-13 22:42:37,074 INFO  server.RaftServerConfigKeys (ConfUtils.java:logGet(43)) - raft.server.log.statemachine.data.sync.timeout.retry = -1 (default)
2019-07-13 22:42:37,074 INFO  server.RaftServerConfigKeys (ConfUtils.java:logGet(43)) - raft.server.log.statemachine.data.caching.enabled = true (custom)
2019-07-13 22:42:37,074 INFO  server.RaftServerConfigKeys (ConfUtils.java:logGet(43)) - raft.server.log.statemachine.data.caching.enabled = true (custom)
2019-07-13 22:42:37,074 INFO  segmented.SegmentedRaftLogWorker (SegmentedRaftLogWorker.java:lambda$new$0(132)) - 4fb3c4cc-6da9-4fbf-9df4-1a638f998672-SegmentedRaftLogWorker:Storage Directory /tmp/workdir/hadoop-ozone/integration-test/target/test-dir/MiniOzoneClusterImpl-eab7cb77-d151-42e2-b330-ee915b1d7f20/datanode-1/data/ratis/5e470065-ff6e-458f-8a76-f910f5e6465f: flushIndex: setUnconditionally 0 -> -1
2019-07-13 22:42:37,074 INFO  segmented.SegmentedRaftLogWorker (SegmentedRaftLogWorker.java:lambda$new$0(132)) - 37cbe2e7-ebfc-4757-98ab-e72d11aa06f8-SegmentedRaftLogWorker:Storage Directory /tmp/workdir/hadoop-ozone/integration-test/target/test-dir/MiniOzoneClusterImpl-eab7cb77-d151-42e2-b330-ee915b1d7f20/datanode-0/data/ratis/5e470065-ff6e-458f-8a76-f910f5e6465f: flushIndex: setUnconditionally 0 -> -1
2019-07-13 22:42:37,075 INFO  server.RaftServerConfigKeys (ConfUtils.java:logGet(43)) - raft.server.snapshot.auto.trigger.enabled = true (custom)
2019-07-13 22:42:37,075 INFO  server.RaftServerConfigKeys (ConfUtils.java:logGet(43)) - raft.server.snapshot.auto.trigger.threshold = 10000 (custom)
2019-07-13 22:42:37,075 INFO  server.RaftServerConfigKeys (ConfUtils.java:logGet(43)) - raft.server.snapshot.auto.trigger.enabled = true (custom)
2019-07-13 22:42:37,075 INFO  server.RaftServerConfigKeys (ConfUtils.java:logGet(43)) - raft.server.retrycache.expirytime = 600000ms (custom)
2019-07-13 22:42:37,075 INFO  server.RaftServerConfigKeys (ConfUtils.java:logGet(43)) - raft.server.snapshot.auto.trigger.threshold = 10000 (custom)
2019-07-13 22:42:37,075 INFO  impl.RaftServerImpl (RaftServerImpl.java:start(180)) - 4fb3c4cc-6da9-4fbf-9df4-1a638f998672: start group-F910F5E6465F
2019-07-13 22:42:37,075 INFO  server.RaftServerConfigKeys (ConfUtils.java:logGet(43)) - raft.server.retrycache.expirytime = 600000ms (custom)
2019-07-13 22:42:37,075 INFO  impl.RaftServerImpl (RaftServerImpl.java:setRole(171)) - 4fb3c4cc-6da9-4fbf-9df4-1a638f998672:group-F910F5E6465F changes role from null to FOLLOWER at term 0 for startAsFollower
2019-07-13 22:42:37,076 INFO  impl.RaftServerImpl (RaftServerImpl.java:start(180)) - 37cbe2e7-ebfc-4757-98ab-e72d11aa06f8: start group-F910F5E6465F
2019-07-13 22:42:37,076 INFO  impl.RoleInfo (RoleInfo.java:updateAndGet(143)) - 4fb3c4cc-6da9-4fbf-9df4-1a638f998672: start FollowerState
2019-07-13 22:42:37,076 INFO  impl.RaftServerImpl (RaftServerImpl.java:setRole(171)) - 37cbe2e7-ebfc-4757-98ab-e72d11aa06f8:group-F910F5E6465F changes role from null to FOLLOWER at term 0 for startAsFollower
2019-07-13 22:42:37,076 INFO  impl.RoleInfo (RoleInfo.java:updateAndGet(143)) - 37cbe2e7-ebfc-4757-98ab-e72d11aa06f8: start FollowerState
2019-07-13 22:42:37,076 INFO  util.JmxRegister (JmxRegister.java:tryRegister(44)) - Successfully registered JMX Bean with object name Ratis:service=RaftServer,group=group-F910F5E6465F,id=4fb3c4cc-6da9-4fbf-9df4-1a638f998672
2019-07-13 22:42:37,076 INFO  util.JmxRegister (JmxRegister.java:tryRegister(44)) - Successfully registered JMX Bean with object name Ratis:service=RaftServer,group=group-F910F5E6465F,id=37cbe2e7-ebfc-4757-98ab-e72d11aa06f8
2019-07-13 22:42:37,079 INFO  pipeline.PipelineStateManager (PipelineStateManager.java:addPipeline(56)) - Created pipeline Pipeline[ Id: 5e470065-ff6e-458f-8a76-f910f5e6465f, Nodes: 37cbe2e7-ebfc-4757-98ab-e72d11aa06f8{ip: 192.168.5.159, host: trunk-nightly-x8m8d-1534914823, networkLocation: /default-rack, certSerialId: null}4fb3c4cc-6da9-4fbf-9df4-1a638f998672{ip: 192.168.5.159, host: trunk-nightly-x8m8d-1534914823, networkLocation: /default-rack, certSerialId: null}6180799a-0bdc-4f4b-a7f4-3de2007b147a{ip: 192.168.5.159, host: trunk-nightly-x8m8d-1534914823, networkLocation: /default-rack, certSerialId: null}, Type:RATIS, Factor:THREE, State:OPEN]
2019-07-13 22:42:37,233 INFO  node.SCMNodeManager (SCMNodeManager.java:register(269)) - Registered Data node : ab4a8873-d573-4faf-81cb-86742f0cae06{ip: 192.168.5.159, host: trunk-nightly-x8m8d-1534914823, networkLocation: /default-rack, certSerialId: null}
2019-07-13 22:42:37,250 INFO  impl.RaftServerProxy (RaftServerProxy.java:addNew(89)) - ab4a8873-d573-4faf-81cb-86742f0cae06: addNew group-2E4C05248C8F:[ab4a8873-d573-4faf-81cb-86742f0cae06:192.168.5.159:44612] returns group-2E4C05248C8F:java.util.concurrent.CompletableFuture@75da6c4c[Not completed]
2019-07-13 22:42:37,251 INFO  impl.RaftServerImpl (RaftServerImpl.java:<init>(93)) - ab4a8873-d573-4faf-81cb-86742f0cae06: new RaftServerImpl for group-2E4C05248C8F:[ab4a8873-d573-4faf-81cb-86742f0cae06:192.168.5.159:44612] with ContainerStateMachine:uninitialized
2019-07-13 22:42:37,251 INFO  server.RaftServerConfigKeys (ConfUtils.java:logGet(43)) - raft.server.rpc.timeout.min = 5s (custom)
2019-07-13 22:42:37,251 INFO  server.RaftServerConfigKeys (ConfUtils.java:logGet(43)) - raft.server.rpc.timeout.max = 5200ms (custom)
2019-07-13 22:42:37,251 INFO  server.RaftServerConfigKeys (ConfUtils.java:logGet(43)) - raft.server.rpcslowness.timeout = 120s (custom)
2019-07-13 22:42:37,251 INFO  server.RaftServerConfigKeys (ConfUtils.java:logGet(43)) - raft.server.sleep.deviation.threshold = 300 (default)
2019-07-13 22:42:37,251 INFO  server.RaftServerConfigKeys (ConfUtils.java:logGet(43)) - raft.server.log.appender.install.snapshot.enabled = false (custom)
2019-07-13 22:42:37,251 INFO  impl.RaftServerImpl (ServerState.java:<init>(105)) - ab4a8873-d573-4faf-81cb-86742f0cae06:group-2E4C05248C8F ConfigurationManager, init=-1: [ab4a8873-d573-4faf-81cb-86742f0cae06:192.168.5.159:44612], old=null, confs=<EMPTY_MAP>
2019-07-13 22:42:37,251 INFO  server.RaftServerConfigKeys (ConfUtils.java:logGet(43)) - raft.server.storage.dir = [/tmp/workdir/hadoop-ozone/integration-test/target/test-dir/MiniOzoneClusterImpl-eab7cb77-d151-42e2-b330-ee915b1d7f20/datanode-3/data/ratis] (custom)
2019-07-13 22:42:37,252 INFO  storage.RaftStorageDirectory (RaftStorageDirectory.java:analyzeStorage(246)) - The storage directory /tmp/workdir/hadoop-ozone/integration-test/target/test-dir/MiniOzoneClusterImpl-eab7cb77-d151-42e2-b330-ee915b1d7f20/datanode-3/data/ratis/64e6266f-7ed2-4de3-9ffe-2e4c05248c8f does not exist. Creating ...
2019-07-13 22:42:37,265 INFO  storage.RaftStorageDirectory (RaftStorageDirectory.java:tryLock(328)) - Lock on /tmp/workdir/hadoop-ozone/integration-test/target/test-dir/MiniOzoneClusterImpl-eab7cb77-d151-42e2-b330-ee915b1d7f20/datanode-3/data/ratis/64e6266f-7ed2-4de3-9ffe-2e4c05248c8f/in_use.lock acquired by nodename 26920@trunk-nightly-x8m8d-1534914823
2019-07-13 22:42:37,272 INFO  storage.RaftStorage (RaftStorage.java:format(72)) - Storage directory /tmp/workdir/hadoop-ozone/integration-test/target/test-dir/MiniOzoneClusterImpl-eab7cb77-d151-42e2-b330-ee915b1d7f20/datanode-3/data/ratis/64e6266f-7ed2-4de3-9ffe-2e4c05248c8f has been successfully formatted.
2019-07-13 22:42:37,272 INFO  ratis.ContainerStateMachine (ContainerStateMachine.java:loadSnapshot(200)) - The snapshot info is null.Setting the last applied index to:(t:0, i:~)
2019-07-13 22:42:37,272 INFO  server.RaftServerConfigKeys (ConfUtils.java:logGet(43)) - raft.server.leader.election.timeout = 120s (custom)
2019-07-13 22:42:37,272 INFO  server.RaftServerConfigKeys (ConfUtils.java:logGet(43)) - raft.server.log.use.memory = false (default)
2019-07-13 22:42:37,272 INFO  server.RaftServerConfigKeys (ConfUtils.java:logGet(43)) - raft.server.log.purge.gap = 1000000000 (custom)
2019-07-13 22:42:37,272 INFO  server.RaftServerConfigKeys (ConfUtils.java:logGet(43)) - raft.server.log.appender.buffer.byte-limit = 33554432 (custom)
2019-07-13 22:42:37,272 INFO  server.RaftServerConfigKeys (ConfUtils.java:logGet(43)) - raft.server.log.segment.size.max = 1048576 (custom)
2019-07-13 22:42:37,273 INFO  server.RaftServerConfigKeys (ConfUtils.java:logGet(43)) - raft.server.log.segment.cache.num.max = 2 (custom)
2019-07-13 22:42:37,273 INFO  segmented.SegmentedRaftLogWorker (SegmentedRaftLogWorker.java:<init>(172)) - new ab4a8873-d573-4faf-81cb-86742f0cae06-SegmentedRaftLogWorker:Storage Directory /tmp/workdir/hadoop-ozone/integration-test/target/test-dir/MiniOzoneClusterImpl-eab7cb77-d151-42e2-b330-ee915b1d7f20/datanode-3/data/ratis/64e6266f-7ed2-4de3-9ffe-2e4c05248c8f for RaftStorage:Storage Directory /tmp/workdir/hadoop-ozone/integration-test/target/test-dir/MiniOzoneClusterImpl-eab7cb77-d151-42e2-b330-ee915b1d7f20/datanode-3/data/ratis/64e6266f-7ed2-4de3-9ffe-2e4c05248c8f
2019-07-13 22:42:37,273 INFO  server.RaftServerConfigKeys (ConfUtils.java:logGet(43)) - raft.server.log.queue.byte-limit = 2147483647 (custom)
2019-07-13 22:42:37,273 INFO  server.RaftServerConfigKeys (ConfUtils.java:logGet(43)) - raft.server.log.queue.element-limit = 1024 (custom)
2019-07-13 22:42:37,273 INFO  server.RaftServerConfigKeys (ConfUtils.java:logGet(43)) - raft.server.log.segment.size.max = 1048576 (custom)
2019-07-13 22:42:37,273 INFO  server.RaftServerConfigKeys (ConfUtils.java:logGet(43)) - raft.server.log.preallocated.size = 16384 (custom)
2019-07-13 22:42:37,273 INFO  server.RaftServerConfigKeys (ConfUtils.java:logGet(43)) - raft.server.log.write.buffer.size = 33554432 (custom)
2019-07-13 22:42:37,273 INFO  server.RaftServerConfigKeys (ConfUtils.java:logGet(43)) - raft.server.log.force.sync.num = 128 (default)
2019-07-13 22:42:37,273 INFO  server.RaftServerConfigKeys (ConfUtils.java:logGet(43)) - raft.server.log.statemachine.data.sync = true (default)
2019-07-13 22:42:37,274 INFO  server.RaftServerConfigKeys (ConfUtils.java:logGet(43)) - raft.server.log.statemachine.data.sync.timeout = 10s (default)
2019-07-13 22:42:37,274 INFO  server.RaftServerConfigKeys (ConfUtils.java:logGet(43)) - raft.server.log.statemachine.data.sync.timeout.retry = -1 (default)
2019-07-13 22:42:37,274 INFO  server.RaftServerConfigKeys (ConfUtils.java:logGet(43)) - raft.server.log.statemachine.data.caching.enabled = true (custom)
2019-07-13 22:42:37,274 INFO  segmented.SegmentedRaftLogWorker (SegmentedRaftLogWorker.java:lambda$new$0(132)) - ab4a8873-d573-4faf-81cb-86742f0cae06-SegmentedRaftLogWorker:Storage Directory /tmp/workdir/hadoop-ozone/integration-test/target/test-dir/MiniOzoneClusterImpl-eab7cb77-d151-42e2-b330-ee915b1d7f20/datanode-3/data/ratis/64e6266f-7ed2-4de3-9ffe-2e4c05248c8f: flushIndex: setUnconditionally 0 -> -1
2019-07-13 22:42:37,274 INFO  server.RaftServerConfigKeys (ConfUtils.java:logGet(43)) - raft.server.snapshot.auto.trigger.enabled = true (custom)
2019-07-13 22:42:37,275 INFO  server.RaftServerConfigKeys (ConfUtils.java:logGet(43)) - raft.server.snapshot.auto.trigger.threshold = 10000 (custom)
2019-07-13 22:42:37,275 INFO  server.RaftServerConfigKeys (ConfUtils.java:logGet(43)) - raft.server.retrycache.expirytime = 600000ms (custom)
2019-07-13 22:42:37,275 INFO  impl.RaftServerImpl (RaftServerImpl.java:start(180)) - ab4a8873-d573-4faf-81cb-86742f0cae06: start group-2E4C05248C8F
2019-07-13 22:42:37,275 INFO  impl.RaftServerImpl (RaftServerImpl.java:setRole(171)) - ab4a8873-d573-4faf-81cb-86742f0cae06:group-2E4C05248C8F changes role from null to FOLLOWER at term 0 for startAsFollower
2019-07-13 22:42:37,275 INFO  impl.RoleInfo (RoleInfo.java:updateAndGet(143)) - ab4a8873-d573-4faf-81cb-86742f0cae06: start FollowerState
2019-07-13 22:42:37,275 INFO  util.JmxRegister (JmxRegister.java:tryRegister(44)) - Successfully registered JMX Bean with object name Ratis:service=RaftServer,group=group-2E4C05248C8F,id=ab4a8873-d573-4faf-81cb-86742f0cae06
2019-07-13 22:42:37,278 INFO  pipeline.PipelineStateManager (PipelineStateManager.java:addPipeline(56)) - Created pipeline Pipeline[ Id: 64e6266f-7ed2-4de3-9ffe-2e4c05248c8f, Nodes: ab4a8873-d573-4faf-81cb-86742f0cae06{ip: 192.168.5.159, host: trunk-nightly-x8m8d-1534914823, networkLocation: /default-rack, certSerialId: null}, Type:RATIS, Factor:ONE, State:OPEN]
2019-07-13 22:42:37,693 INFO  node.SCMNodeManager (SCMNodeManager.java:register(269)) - Registered Data node : 957ddb92-9527-4efd-82af-5c16161e91ca{ip: 192.168.5.159, host: trunk-nightly-x8m8d-1534914823, networkLocation: /default-rack, certSerialId: null}
2019-07-13 22:42:37,713 INFO  impl.RaftServerProxy (RaftServerProxy.java:addNew(89)) - 957ddb92-9527-4efd-82af-5c16161e91ca: addNew group-1CC1FA613C2C:[957ddb92-9527-4efd-82af-5c16161e91ca:192.168.5.159:37666] returns group-1CC1FA613C2C:java.util.concurrent.CompletableFuture@23a32250[Not completed]
2019-07-13 22:42:37,714 INFO  impl.RaftServerImpl (RaftServerImpl.java:<init>(93)) - 957ddb92-9527-4efd-82af-5c16161e91ca: new RaftServerImpl for group-1CC1FA613C2C:[957ddb92-9527-4efd-82af-5c16161e91ca:192.168.5.159:37666] with ContainerStateMachine:uninitialized
2019-07-13 22:42:37,714 INFO  server.RaftServerConfigKeys (ConfUtils.java:logGet(43)) - raft.server.rpc.timeout.min = 5s (custom)
2019-07-13 22:42:37,714 INFO  server.RaftServerConfigKeys (ConfUtils.java:logGet(43)) - raft.server.rpc.timeout.max = 5200ms (custom)
2019-07-13 22:42:37,714 INFO  server.RaftServerConfigKeys (ConfUtils.java:logGet(43)) - raft.server.rpcslowness.timeout = 120s (custom)
2019-07-13 22:42:37,715 INFO  server.RaftServerConfigKeys (ConfUtils.java:logGet(43)) - raft.server.sleep.deviation.threshold = 300 (default)
2019-07-13 22:42:37,715 INFO  server.RaftServerConfigKeys (ConfUtils.java:logGet(43)) - raft.server.log.appender.install.snapshot.enabled = false (custom)
2019-07-13 22:42:37,715 INFO  impl.RaftServerImpl (ServerState.java:<init>(105)) - 957ddb92-9527-4efd-82af-5c16161e91ca:group-1CC1FA613C2C ConfigurationManager, init=-1: [957ddb92-9527-4efd-82af-5c16161e91ca:192.168.5.159:37666], old=null, confs=<EMPTY_MAP>
2019-07-13 22:42:37,715 INFO  server.RaftServerConfigKeys (ConfUtils.java:logGet(43)) - raft.server.storage.dir = [/tmp/workdir/hadoop-ozone/integration-test/target/test-dir/MiniOzoneClusterImpl-eab7cb77-d151-42e2-b330-ee915b1d7f20/datanode-4/data/ratis] (custom)
2019-07-13 22:42:37,715 INFO  storage.RaftStorageDirectory (RaftStorageDirectory.java:analyzeStorage(246)) - The storage directory /tmp/workdir/hadoop-ozone/integration-test/target/test-dir/MiniOzoneClusterImpl-eab7cb77-d151-42e2-b330-ee915b1d7f20/datanode-4/data/ratis/a4fcc412-5fd9-4d39-834a-1cc1fa613c2c does not exist. Creating ...
2019-07-13 22:42:37,732 INFO  storage.RaftStorageDirectory (RaftStorageDirectory.java:tryLock(328)) - Lock on /tmp/workdir/hadoop-ozone/integration-test/target/test-dir/MiniOzoneClusterImpl-eab7cb77-d151-42e2-b330-ee915b1d7f20/datanode-4/data/ratis/a4fcc412-5fd9-4d39-834a-1cc1fa613c2c/in_use.lock acquired by nodename 26920@trunk-nightly-x8m8d-1534914823
2019-07-13 22:42:37,735 INFO  storage.RaftStorage (RaftStorage.java:format(72)) - Storage directory /tmp/workdir/hadoop-ozone/integration-test/target/test-dir/MiniOzoneClusterImpl-eab7cb77-d151-42e2-b330-ee915b1d7f20/datanode-4/data/ratis/a4fcc412-5fd9-4d39-834a-1cc1fa613c2c has been successfully formatted.
2019-07-13 22:42:37,735 INFO  ratis.ContainerStateMachine (ContainerStateMachine.java:loadSnapshot(200)) - The snapshot info is null.Setting the last applied index to:(t:0, i:~)
2019-07-13 22:42:37,735 INFO  server.RaftServerConfigKeys (ConfUtils.java:logGet(43)) - raft.server.leader.election.timeout = 120s (custom)
2019-07-13 22:42:37,735 INFO  server.RaftServerConfigKeys (ConfUtils.java:logGet(43)) - raft.server.log.use.memory = false (default)
2019-07-13 22:42:37,735 INFO  server.RaftServerConfigKeys (ConfUtils.java:logGet(43)) - raft.server.log.purge.gap = 1000000000 (custom)
2019-07-13 22:42:37,736 INFO  server.RaftServerConfigKeys (ConfUtils.java:logGet(43)) - raft.server.log.appender.buffer.byte-limit = 33554432 (custom)
2019-07-13 22:42:37,736 INFO  server.RaftServerConfigKeys (ConfUtils.java:logGet(43)) - raft.server.log.segment.size.max = 1048576 (custom)
2019-07-13 22:42:37,736 INFO  server.RaftServerConfigKeys (ConfUtils.java:logGet(43)) - raft.server.log.segment.cache.num.max = 2 (custom)
2019-07-13 22:42:37,736 INFO  segmented.SegmentedRaftLogWorker (SegmentedRaftLogWorker.java:<init>(172)) - new 957ddb92-9527-4efd-82af-5c16161e91ca-SegmentedRaftLogWorker:Storage Directory /tmp/workdir/hadoop-ozone/integration-test/target/test-dir/MiniOzoneClusterImpl-eab7cb77-d151-42e2-b330-ee915b1d7f20/datanode-4/data/ratis/a4fcc412-5fd9-4d39-834a-1cc1fa613c2c for RaftStorage:Storage Directory /tmp/workdir/hadoop-ozone/integration-test/target/test-dir/MiniOzoneClusterImpl-eab7cb77-d151-42e2-b330-ee915b1d7f20/datanode-4/data/ratis/a4fcc412-5fd9-4d39-834a-1cc1fa613c2c
2019-07-13 22:42:37,736 INFO  server.RaftServerConfigKeys (ConfUtils.java:logGet(43)) - raft.server.log.queue.byte-limit = 2147483647 (custom)
2019-07-13 22:42:37,737 INFO  server.RaftServerConfigKeys (ConfUtils.java:logGet(43)) - raft.server.log.queue.element-limit = 1024 (custom)
2019-07-13 22:42:37,737 INFO  server.RaftServerConfigKeys (ConfUtils.java:logGet(43)) - raft.server.log.segment.size.max = 1048576 (custom)
2019-07-13 22:42:37,737 INFO  server.RaftServerConfigKeys (ConfUtils.java:logGet(43)) - raft.server.log.preallocated.size = 16384 (custom)
2019-07-13 22:42:37,737 INFO  server.RaftServerConfigKeys (ConfUtils.java:logGet(43)) - raft.server.log.write.buffer.size = 33554432 (custom)
2019-07-13 22:42:37,738 INFO  server.RaftServerConfigKeys (ConfUtils.java:logGet(43)) - raft.server.log.force.sync.num = 128 (default)
2019-07-13 22:42:37,738 INFO  server.RaftServerConfigKeys (ConfUtils.java:logGet(43)) - raft.server.log.statemachine.data.sync = true (default)
2019-07-13 22:42:37,738 INFO  server.RaftServerConfigKeys (ConfUtils.java:logGet(43)) - raft.server.log.statemachine.data.sync.timeout = 10s (default)
2019-07-13 22:42:37,738 INFO  server.RaftServerConfigKeys (ConfUtils.java:logGet(43)) - raft.server.log.statemachine.data.sync.timeout.retry = -1 (default)
2019-07-13 22:42:37,739 INFO  server.RaftServerConfigKeys (ConfUtils.java:logGet(43)) - raft.server.log.statemachine.data.caching.enabled = true (custom)
2019-07-13 22:42:37,739 INFO  segmented.SegmentedRaftLogWorker (SegmentedRaftLogWorker.java:lambda$new$0(132)) - 957ddb92-9527-4efd-82af-5c16161e91ca-SegmentedRaftLogWorker:Storage Directory /tmp/workdir/hadoop-ozone/integration-test/target/test-dir/MiniOzoneClusterImpl-eab7cb77-d151-42e2-b330-ee915b1d7f20/datanode-4/data/ratis/a4fcc412-5fd9-4d39-834a-1cc1fa613c2c: flushIndex: setUnconditionally 0 -> -1
2019-07-13 22:42:37,739 INFO  server.RaftServerConfigKeys (ConfUtils.java:logGet(43)) - raft.server.snapshot.auto.trigger.enabled = true (custom)
2019-07-13 22:42:37,740 INFO  server.RaftServerConfigKeys (ConfUtils.java:logGet(43)) - raft.server.snapshot.auto.trigger.threshold = 10000 (custom)
2019-07-13 22:42:37,740 INFO  server.RaftServerConfigKeys (ConfUtils.java:logGet(43)) - raft.server.retrycache.expirytime = 600000ms (custom)
2019-07-13 22:42:37,740 INFO  impl.RaftServerImpl (RaftServerImpl.java:start(180)) - 957ddb92-9527-4efd-82af-5c16161e91ca: start group-1CC1FA613C2C
2019-07-13 22:42:37,740 INFO  impl.RaftServerImpl (RaftServerImpl.java:setRole(171)) - 957ddb92-9527-4efd-82af-5c16161e91ca:group-1CC1FA613C2C changes role from null to FOLLOWER at term 0 for startAsFollower
2019-07-13 22:42:37,740 INFO  impl.RoleInfo (RoleInfo.java:updateAndGet(143)) - 957ddb92-9527-4efd-82af-5c16161e91ca: start FollowerState
2019-07-13 22:42:37,815 INFO  util.JmxRegister (JmxRegister.java:tryRegister(44)) - Successfully registered JMX Bean with object name Ratis:service=RaftServer,group=group-1CC1FA613C2C,id=957ddb92-9527-4efd-82af-5c16161e91ca
2019-07-13 22:42:37,862 INFO  pipeline.PipelineStateManager (PipelineStateManager.java:addPipeline(56)) - Created pipeline Pipeline[ Id: a4fcc412-5fd9-4d39-834a-1cc1fa613c2c, Nodes: 957ddb92-9527-4efd-82af-5c16161e91ca{ip: 192.168.5.159, host: trunk-nightly-x8m8d-1534914823, networkLocation: /default-rack, certSerialId: null}, Type:RATIS, Factor:ONE, State:OPEN]
2019-07-13 22:42:37,921 INFO  ozone.MiniOzoneClusterImpl (MiniOzoneClusterImpl.java:lambda$waitForClusterToBeReady$0(142)) - Waiting for cluster to be ready. Got 5 of 6 DN Heartbeats.
2019-07-13 22:42:37,921 INFO  node.SCMNodeManager (SCMNodeManager.java:register(269)) - Registered Data node : cf87015e-741c-4083-9510-32f6727bb61e{ip: 192.168.5.159, host: trunk-nightly-x8m8d-1534914823, networkLocation: /default-rack, certSerialId: null}
2019-07-13 22:42:37,937 INFO  impl.RaftServerProxy (RaftServerProxy.java:addNew(89)) - cf87015e-741c-4083-9510-32f6727bb61e: addNew group-AE1FD1907DBD:[cf87015e-741c-4083-9510-32f6727bb61e:192.168.5.159:41990] returns group-AE1FD1907DBD:java.util.concurrent.CompletableFuture@5a8fd99b[Not completed]
2019-07-13 22:42:37,938 INFO  impl.RaftServerImpl (RaftServerImpl.java:<init>(93)) - cf87015e-741c-4083-9510-32f6727bb61e: new RaftServerImpl for group-AE1FD1907DBD:[cf87015e-741c-4083-9510-32f6727bb61e:192.168.5.159:41990] with ContainerStateMachine:uninitialized
2019-07-13 22:42:37,938 INFO  server.RaftServerConfigKeys (ConfUtils.java:logGet(43)) - raft.server.rpc.timeout.min = 5s (custom)
2019-07-13 22:42:37,939 INFO  server.RaftServerConfigKeys (ConfUtils.java:logGet(43)) - raft.server.rpc.timeout.max = 5200ms (custom)
2019-07-13 22:42:37,939 INFO  server.RaftServerConfigKeys (ConfUtils.java:logGet(43)) - raft.server.rpcslowness.timeout = 120s (custom)
2019-07-13 22:42:37,939 INFO  server.RaftServerConfigKeys (ConfUtils.java:logGet(43)) - raft.server.sleep.deviation.threshold = 300 (default)
2019-07-13 22:42:37,939 INFO  server.RaftServerConfigKeys (ConfUtils.java:logGet(43)) - raft.server.log.appender.install.snapshot.enabled = false (custom)
2019-07-13 22:42:37,939 INFO  impl.RaftServerImpl (ServerState.java:<init>(105)) - cf87015e-741c-4083-9510-32f6727bb61e:group-AE1FD1907DBD ConfigurationManager, init=-1: [cf87015e-741c-4083-9510-32f6727bb61e:192.168.5.159:41990], old=null, confs=<EMPTY_MAP>
2019-07-13 22:42:37,939 INFO  server.RaftServerConfigKeys (ConfUtils.java:logGet(43)) - raft.server.storage.dir = [/tmp/workdir/hadoop-ozone/integration-test/target/test-dir/MiniOzoneClusterImpl-eab7cb77-d151-42e2-b330-ee915b1d7f20/datanode-5/data/ratis] (custom)
2019-07-13 22:42:37,940 INFO  storage.RaftStorageDirectory (RaftStorageDirectory.java:analyzeStorage(246)) - The storage directory /tmp/workdir/hadoop-ozone/integration-test/target/test-dir/MiniOzoneClusterImpl-eab7cb77-d151-42e2-b330-ee915b1d7f20/datanode-5/data/ratis/0c820375-a4dc-449c-8e16-ae1fd1907dbd does not exist. Creating ...
2019-07-13 22:42:37,944 INFO  storage.RaftStorageDirectory (RaftStorageDirectory.java:tryLock(328)) - Lock on /tmp/workdir/hadoop-ozone/integration-test/target/test-dir/MiniOzoneClusterImpl-eab7cb77-d151-42e2-b330-ee915b1d7f20/datanode-5/data/ratis/0c820375-a4dc-449c-8e16-ae1fd1907dbd/in_use.lock acquired by nodename 26920@trunk-nightly-x8m8d-1534914823
2019-07-13 22:42:37,947 INFO  storage.RaftStorage (RaftStorage.java:format(72)) - Storage directory /tmp/workdir/hadoop-ozone/integration-test/target/test-dir/MiniOzoneClusterImpl-eab7cb77-d151-42e2-b330-ee915b1d7f20/datanode-5/data/ratis/0c820375-a4dc-449c-8e16-ae1fd1907dbd has been successfully formatted.
2019-07-13 22:42:37,947 INFO  ratis.ContainerStateMachine (ContainerStateMachine.java:loadSnapshot(200)) - The snapshot info is null.Setting the last applied index to:(t:0, i:~)
2019-07-13 22:42:37,948 INFO  server.RaftServerConfigKeys (ConfUtils.java:logGet(43)) - raft.server.leader.election.timeout = 120s (custom)
2019-07-13 22:42:37,948 INFO  server.RaftServerConfigKeys (ConfUtils.java:logGet(43)) - raft.server.log.use.memory = false (default)
2019-07-13 22:42:37,948 INFO  server.RaftServerConfigKeys (ConfUtils.java:logGet(43)) - raft.server.log.purge.gap = 1000000000 (custom)
2019-07-13 22:42:37,948 INFO  server.RaftServerConfigKeys (ConfUtils.java:logGet(43)) - raft.server.log.appender.buffer.byte-limit = 33554432 (custom)
2019-07-13 22:42:37,948 INFO  server.RaftServerConfigKeys (ConfUtils.java:logGet(43)) - raft.server.log.segment.size.max = 1048576 (custom)
2019-07-13 22:42:37,948 INFO  server.RaftServerConfigKeys (ConfUtils.java:logGet(43)) - raft.server.log.segment.cache.num.max = 2 (custom)
2019-07-13 22:42:37,949 INFO  segmented.SegmentedRaftLogWorker (SegmentedRaftLogWorker.java:<init>(172)) - new cf87015e-741c-4083-9510-32f6727bb61e-SegmentedRaftLogWorker:Storage Directory /tmp/workdir/hadoop-ozone/integration-test/target/test-dir/MiniOzoneClusterImpl-eab7cb77-d151-42e2-b330-ee915b1d7f20/datanode-5/data/ratis/0c820375-a4dc-449c-8e16-ae1fd1907dbd for RaftStorage:Storage Directory /tmp/workdir/hadoop-ozone/integration-test/target/test-dir/MiniOzoneClusterImpl-eab7cb77-d151-42e2-b330-ee915b1d7f20/datanode-5/data/ratis/0c820375-a4dc-449c-8e16-ae1fd1907dbd
2019-07-13 22:42:37,949 INFO  server.RaftServerConfigKeys (ConfUtils.java:logGet(43)) - raft.server.log.queue.byte-limit = 2147483647 (custom)
2019-07-13 22:42:37,949 INFO  server.RaftServerConfigKeys (ConfUtils.java:logGet(43)) - raft.server.log.queue.element-limit = 1024 (custom)
2019-07-13 22:42:37,949 INFO  server.RaftServerConfigKeys (ConfUtils.java:logGet(43)) - raft.server.log.segment.size.max = 1048576 (custom)
2019-07-13 22:42:37,949 INFO  server.RaftServerConfigKeys (ConfUtils.java:logGet(43)) - raft.server.log.preallocated.size = 16384 (custom)
2019-07-13 22:42:37,950 INFO  server.RaftServerConfigKeys (ConfUtils.java:logGet(43)) - raft.server.log.write.buffer.size = 33554432 (custom)
2019-07-13 22:42:37,950 INFO  server.RaftServerConfigKeys (ConfUtils.java:logGet(43)) - raft.server.log.force.sync.num = 128 (default)
2019-07-13 22:42:37,950 INFO  server.RaftServerConfigKeys (ConfUtils.java:logGet(43)) - raft.server.log.statemachine.data.sync = true (default)
2019-07-13 22:42:37,950 INFO  server.RaftServerConfigKeys (ConfUtils.java:logGet(43)) - raft.server.log.statemachine.data.sync.timeout = 10s (default)
2019-07-13 22:42:37,950 INFO  server.RaftServerConfigKeys (ConfUtils.java:logGet(43)) - raft.server.log.statemachine.data.sync.timeout.retry = -1 (default)
2019-07-13 22:42:37,950 INFO  server.RaftServerConfigKeys (ConfUtils.java:logGet(43)) - raft.server.log.statemachine.data.caching.enabled = true (custom)
2019-07-13 22:42:37,951 INFO  segmented.SegmentedRaftLogWorker (SegmentedRaftLogWorker.java:lambda$new$0(132)) - cf87015e-741c-4083-9510-32f6727bb61e-SegmentedRaftLogWorker:Storage Directory /tmp/workdir/hadoop-ozone/integration-test/target/test-dir/MiniOzoneClusterImpl-eab7cb77-d151-42e2-b330-ee915b1d7f20/datanode-5/data/ratis/0c820375-a4dc-449c-8e16-ae1fd1907dbd: flushIndex: setUnconditionally 0 -> -1
2019-07-13 22:42:37,951 INFO  server.RaftServerConfigKeys (ConfUtils.java:logGet(43)) - raft.server.snapshot.auto.trigger.enabled = true (custom)
2019-07-13 22:42:37,951 INFO  server.RaftServerConfigKeys (ConfUtils.java:logGet(43)) - raft.server.snapshot.auto.trigger.threshold = 10000 (custom)
2019-07-13 22:42:37,951 INFO  server.RaftServerConfigKeys (ConfUtils.java:logGet(43)) - raft.server.retrycache.expirytime = 600000ms (custom)
2019-07-13 22:42:37,952 INFO  impl.RaftServerImpl (RaftServerImpl.java:start(180)) - cf87015e-741c-4083-9510-32f6727bb61e: start group-AE1FD1907DBD
2019-07-13 22:42:37,952 INFO  impl.RaftServerImpl (RaftServerImpl.java:setRole(171)) - cf87015e-741c-4083-9510-32f6727bb61e:group-AE1FD1907DBD changes role from null to FOLLOWER at term 0 for startAsFollower
2019-07-13 22:42:37,952 INFO  impl.RoleInfo (RoleInfo.java:updateAndGet(143)) - cf87015e-741c-4083-9510-32f6727bb61e: start FollowerState
2019-07-13 22:42:37,952 INFO  util.JmxRegister (JmxRegister.java:tryRegister(44)) - Successfully registered JMX Bean with object name Ratis:service=RaftServer,group=group-AE1FD1907DBD,id=cf87015e-741c-4083-9510-32f6727bb61e
2019-07-13 22:42:37,955 INFO  pipeline.PipelineStateManager (PipelineStateManager.java:addPipeline(56)) - Created pipeline Pipeline[ Id: 0c820375-a4dc-449c-8e16-ae1fd1907dbd, Nodes: cf87015e-741c-4083-9510-32f6727bb61e{ip: 192.168.5.159, host: trunk-nightly-x8m8d-1534914823, networkLocation: /default-rack, certSerialId: null}, Type:RATIS, Factor:ONE, State:OPEN]
2019-07-13 22:42:38,002 INFO  impl.RaftServerProxy (RaftServerProxy.java:addNew(89)) - cf87015e-741c-4083-9510-32f6727bb61e: addNew group-38DDD7859F80:[cf87015e-741c-4083-9510-32f6727bb61e:192.168.5.159:41990, 957ddb92-9527-4efd-82af-5c16161e91ca:192.168.5.159:37666, ab4a8873-d573-4faf-81cb-86742f0cae06:192.168.5.159:44612] returns group-38DDD7859F80:java.util.concurrent.CompletableFuture@62a6c803[Not completed]
2019-07-13 22:42:38,002 INFO  impl.RaftServerProxy (RaftServerProxy.java:addNew(89)) - 957ddb92-9527-4efd-82af-5c16161e91ca: addNew group-38DDD7859F80:[cf87015e-741c-4083-9510-32f6727bb61e:192.168.5.159:41990, 957ddb92-9527-4efd-82af-5c16161e91ca:192.168.5.159:37666, ab4a8873-d573-4faf-81cb-86742f0cae06:192.168.5.159:44612] returns group-38DDD7859F80:java.util.concurrent.CompletableFuture@9c351ee[Not completed]
2019-07-13 22:42:38,002 INFO  impl.RaftServerProxy (RaftServerProxy.java:addNew(89)) - ab4a8873-d573-4faf-81cb-86742f0cae06: addNew group-38DDD7859F80:[cf87015e-741c-4083-9510-32f6727bb61e:192.168.5.159:41990, 957ddb92-9527-4efd-82af-5c16161e91ca:192.168.5.159:37666, ab4a8873-d573-4faf-81cb-86742f0cae06:192.168.5.159:44612] returns group-38DDD7859F80:java.util.concurrent.CompletableFuture@3d1ae0fb[Not completed]
2019-07-13 22:42:38,004 INFO  impl.RaftServerImpl (RaftServerImpl.java:<init>(93)) - ab4a8873-d573-4faf-81cb-86742f0cae06: new RaftServerImpl for group-38DDD7859F80:[cf87015e-741c-4083-9510-32f6727bb61e:192.168.5.159:41990, 957ddb92-9527-4efd-82af-5c16161e91ca:192.168.5.159:37666, ab4a8873-d573-4faf-81cb-86742f0cae06:192.168.5.159:44612] with ContainerStateMachine:uninitialized
2019-07-13 22:42:38,004 INFO  server.RaftServerConfigKeys (ConfUtils.java:logGet(43)) - raft.server.rpc.timeout.min = 5s (custom)
2019-07-13 22:42:38,004 INFO  server.RaftServerConfigKeys (ConfUtils.java:logGet(43)) - raft.server.rpc.timeout.max = 5200ms (custom)
2019-07-13 22:42:38,004 INFO  server.RaftServerConfigKeys (ConfUtils.java:logGet(43)) - raft.server.rpcslowness.timeout = 120s (custom)
2019-07-13 22:42:38,004 INFO  impl.RaftServerImpl (RaftServerImpl.java:<init>(93)) - 957ddb92-9527-4efd-82af-5c16161e91ca: new RaftServerImpl for group-38DDD7859F80:[cf87015e-741c-4083-9510-32f6727bb61e:192.168.5.159:41990, 957ddb92-9527-4efd-82af-5c16161e91ca:192.168.5.159:37666, ab4a8873-d573-4faf-81cb-86742f0cae06:192.168.5.159:44612] with ContainerStateMachine:uninitialized
2019-07-13 22:42:38,004 INFO  server.RaftServerConfigKeys (ConfUtils.java:logGet(43)) - raft.server.sleep.deviation.threshold = 300 (default)
2019-07-13 22:42:38,004 INFO  server.RaftServerConfigKeys (ConfUtils.java:logGet(43)) - raft.server.rpc.timeout.min = 5s (custom)
2019-07-13 22:42:38,004 INFO  server.RaftServerConfigKeys (ConfUtils.java:logGet(43)) - raft.server.log.appender.install.snapshot.enabled = false (custom)
2019-07-13 22:42:38,005 INFO  impl.RaftServerImpl (RaftServerImpl.java:<init>(93)) - cf87015e-741c-4083-9510-32f6727bb61e: new RaftServerImpl for group-38DDD7859F80:[cf87015e-741c-4083-9510-32f6727bb61e:192.168.5.159:41990, 957ddb92-9527-4efd-82af-5c16161e91ca:192.168.5.159:37666, ab4a8873-d573-4faf-81cb-86742f0cae06:192.168.5.159:44612] with ContainerStateMachine:uninitialized
2019-07-13 22:42:38,005 INFO  server.RaftServerConfigKeys (ConfUtils.java:logGet(43)) - raft.server.rpc.timeout.max = 5200ms (custom)
2019-07-13 22:42:38,005 INFO  server.RaftServerConfigKeys (ConfUtils.java:logGet(43)) - raft.server.rpc.timeout.min = 5s (custom)
2019-07-13 22:42:38,005 INFO  impl.RaftServerImpl (ServerState.java:<init>(105)) - ab4a8873-d573-4faf-81cb-86742f0cae06:group-38DDD7859F80 ConfigurationManager, init=-1: [cf87015e-741c-4083-9510-32f6727bb61e:192.168.5.159:41990, 957ddb92-9527-4efd-82af-5c16161e91ca:192.168.5.159:37666, ab4a8873-d573-4faf-81cb-86742f0cae06:192.168.5.159:44612], old=null, confs=<EMPTY_MAP>
2019-07-13 22:42:38,005 INFO  server.RaftServerConfigKeys (ConfUtils.java:logGet(43)) - raft.server.rpc.timeout.max = 5200ms (custom)
2019-07-13 22:42:38,006 INFO  server.RaftServerConfigKeys (ConfUtils.java:logGet(43)) - raft.server.rpcslowness.timeout = 120s (custom)
2019-07-13 22:42:38,005 INFO  server.RaftServerConfigKeys (ConfUtils.java:logGet(43)) - raft.server.rpcslowness.timeout = 120s (custom)
2019-07-13 22:42:38,006 INFO  server.RaftServerConfigKeys (ConfUtils.java:logGet(43)) - raft.server.sleep.deviation.threshold = 300 (default)
2019-07-13 22:42:38,005 INFO  server.RaftServerConfigKeys (ConfUtils.java:logGet(43)) - raft.server.storage.dir = [/tmp/workdir/hadoop-ozone/integration-test/target/test-dir/MiniOzoneClusterImpl-eab7cb77-d151-42e2-b330-ee915b1d7f20/datanode-3/data/ratis] (custom)
2019-07-13 22:42:38,006 INFO  server.RaftServerConfigKeys (ConfUtils.java:logGet(43)) - raft.server.log.appender.install.snapshot.enabled = false (custom)
2019-07-13 22:42:38,006 INFO  server.RaftServerConfigKeys (ConfUtils.java:logGet(43)) - raft.server.sleep.deviation.threshold = 300 (default)
2019-07-13 22:42:38,007 INFO  impl.RaftServerImpl (ServerState.java:<init>(105)) - cf87015e-741c-4083-9510-32f6727bb61e:group-38DDD7859F80 ConfigurationManager, init=-1: [cf87015e-741c-4083-9510-32f6727bb61e:192.168.5.159:41990, 957ddb92-9527-4efd-82af-5c16161e91ca:192.168.5.159:37666, ab4a8873-d573-4faf-81cb-86742f0cae06:192.168.5.159:44612], old=null, confs=<EMPTY_MAP>
2019-07-13 22:42:38,007 INFO  storage.RaftStorageDirectory (RaftStorageDirectory.java:analyzeStorage(246)) - The storage directory /tmp/workdir/hadoop-ozone/integration-test/target/test-dir/MiniOzoneClusterImpl-eab7cb77-d151-42e2-b330-ee915b1d7f20/datanode-3/data/ratis/5520871a-5284-44b8-9b49-38ddd7859f80 does not exist. Creating ...
2019-07-13 22:42:38,007 INFO  server.RaftServerConfigKeys (ConfUtils.java:logGet(43)) - raft.server.storage.dir = [/tmp/workdir/hadoop-ozone/integration-test/target/test-dir/MiniOzoneClusterImpl-eab7cb77-d151-42e2-b330-ee915b1d7f20/datanode-5/data/ratis] (custom)
2019-07-13 22:42:38,007 INFO  server.RaftServerConfigKeys (ConfUtils.java:logGet(43)) - raft.server.log.appender.install.snapshot.enabled = false (custom)
2019-07-13 22:42:38,008 INFO  impl.RaftServerImpl (ServerState.java:<init>(105)) - 957ddb92-9527-4efd-82af-5c16161e91ca:group-38DDD7859F80 ConfigurationManager, init=-1: [cf87015e-741c-4083-9510-32f6727bb61e:192.168.5.159:41990, 957ddb92-9527-4efd-82af-5c16161e91ca:192.168.5.159:37666, ab4a8873-d573-4faf-81cb-86742f0cae06:192.168.5.159:44612], old=null, confs=<EMPTY_MAP>
2019-07-13 22:42:38,008 INFO  storage.RaftStorageDirectory (RaftStorageDirectory.java:analyzeStorage(246)) - The storage directory /tmp/workdir/hadoop-ozone/integration-test/target/test-dir/MiniOzoneClusterImpl-eab7cb77-d151-42e2-b330-ee915b1d7f20/datanode-5/data/ratis/5520871a-5284-44b8-9b49-38ddd7859f80 does not exist. Creating ...
2019-07-13 22:42:38,008 INFO  server.RaftServerConfigKeys (ConfUtils.java:logGet(43)) - raft.server.storage.dir = [/tmp/workdir/hadoop-ozone/integration-test/target/test-dir/MiniOzoneClusterImpl-eab7cb77-d151-42e2-b330-ee915b1d7f20/datanode-4/data/ratis] (custom)
2019-07-13 22:42:38,008 INFO  storage.RaftStorageDirectory (RaftStorageDirectory.java:analyzeStorage(246)) - The storage directory /tmp/workdir/hadoop-ozone/integration-test/target/test-dir/MiniOzoneClusterImpl-eab7cb77-d151-42e2-b330-ee915b1d7f20/datanode-4/data/ratis/5520871a-5284-44b8-9b49-38ddd7859f80 does not exist. Creating ...
2019-07-13 22:42:38,024 INFO  storage.RaftStorageDirectory (RaftStorageDirectory.java:tryLock(328)) - Lock on /tmp/workdir/hadoop-ozone/integration-test/target/test-dir/MiniOzoneClusterImpl-eab7cb77-d151-42e2-b330-ee915b1d7f20/datanode-4/data/ratis/5520871a-5284-44b8-9b49-38ddd7859f80/in_use.lock acquired by nodename 26920@trunk-nightly-x8m8d-1534914823
2019-07-13 22:42:38,024 INFO  storage.RaftStorageDirectory (RaftStorageDirectory.java:tryLock(328)) - Lock on /tmp/workdir/hadoop-ozone/integration-test/target/test-dir/MiniOzoneClusterImpl-eab7cb77-d151-42e2-b330-ee915b1d7f20/datanode-5/data/ratis/5520871a-5284-44b8-9b49-38ddd7859f80/in_use.lock acquired by nodename 26920@trunk-nightly-x8m8d-1534914823
2019-07-13 22:42:38,024 INFO  storage.RaftStorageDirectory (RaftStorageDirectory.java:tryLock(328)) - Lock on /tmp/workdir/hadoop-ozone/integration-test/target/test-dir/MiniOzoneClusterImpl-eab7cb77-d151-42e2-b330-ee915b1d7f20/datanode-3/data/ratis/5520871a-5284-44b8-9b49-38ddd7859f80/in_use.lock acquired by nodename 26920@trunk-nightly-x8m8d-1534914823
2019-07-13 22:42:38,038 INFO  storage.RaftStorage (RaftStorage.java:format(72)) - Storage directory /tmp/workdir/hadoop-ozone/integration-test/target/test-dir/MiniOzoneClusterImpl-eab7cb77-d151-42e2-b330-ee915b1d7f20/datanode-5/data/ratis/5520871a-5284-44b8-9b49-38ddd7859f80 has been successfully formatted.
2019-07-13 22:42:38,038 INFO  storage.RaftStorage (RaftStorage.java:format(72)) - Storage directory /tmp/workdir/hadoop-ozone/integration-test/target/test-dir/MiniOzoneClusterImpl-eab7cb77-d151-42e2-b330-ee915b1d7f20/datanode-3/data/ratis/5520871a-5284-44b8-9b49-38ddd7859f80 has been successfully formatted.
2019-07-13 22:42:38,038 INFO  storage.RaftStorage (RaftStorage.java:format(72)) - Storage directory /tmp/workdir/hadoop-ozone/integration-test/target/test-dir/MiniOzoneClusterImpl-eab7cb77-d151-42e2-b330-ee915b1d7f20/datanode-4/data/ratis/5520871a-5284-44b8-9b49-38ddd7859f80 has been successfully formatted.
2019-07-13 22:42:38,039 INFO  ratis.ContainerStateMachine (ContainerStateMachine.java:loadSnapshot(200)) - The snapshot info is null.Setting the last applied index to:(t:0, i:~)
2019-07-13 22:42:38,038 INFO  ratis.ContainerStateMachine (ContainerStateMachine.java:loadSnapshot(200)) - The snapshot info is null.Setting the last applied index to:(t:0, i:~)
2019-07-13 22:42:38,039 INFO  server.RaftServerConfigKeys (ConfUtils.java:logGet(43)) - raft.server.leader.election.timeout = 120s (custom)
2019-07-13 22:42:38,039 INFO  ratis.ContainerStateMachine (ContainerStateMachine.java:loadSnapshot(200)) - The snapshot info is null.Setting the last applied index to:(t:0, i:~)
2019-07-13 22:42:38,039 INFO  server.RaftServerConfigKeys (ConfUtils.java:logGet(43)) - raft.server.log.use.memory = false (default)
2019-07-13 22:42:38,039 INFO  server.RaftServerConfigKeys (ConfUtils.java:logGet(43)) - raft.server.leader.election.timeout = 120s (custom)
2019-07-13 22:42:38,039 INFO  server.RaftServerConfigKeys (ConfUtils.java:logGet(43)) - raft.server.log.purge.gap = 1000000000 (custom)
2019-07-13 22:42:38,039 INFO  server.RaftServerConfigKeys (ConfUtils.java:logGet(43)) - raft.server.leader.election.timeout = 120s (custom)
2019-07-13 22:42:38,040 INFO  server.RaftServerConfigKeys (ConfUtils.java:logGet(43)) - raft.server.log.appender.buffer.byte-limit = 33554432 (custom)
2019-07-13 22:42:38,040 INFO  server.RaftServerConfigKeys (ConfUtils.java:logGet(43)) - raft.server.log.use.memory = false (default)
2019-07-13 22:42:38,040 INFO  server.RaftServerConfigKeys (ConfUtils.java:logGet(43)) - raft.server.log.segment.size.max = 1048576 (custom)
2019-07-13 22:42:38,040 INFO  server.RaftServerConfigKeys (ConfUtils.java:logGet(43)) - raft.server.log.use.memory = false (default)
2019-07-13 22:42:38,040 INFO  server.RaftServerConfigKeys (ConfUtils.java:logGet(43)) - raft.server.log.segment.cache.num.max = 2 (custom)
2019-07-13 22:42:38,040 INFO  server.RaftServerConfigKeys (ConfUtils.java:logGet(43)) - raft.server.log.purge.gap = 1000000000 (custom)
2019-07-13 22:42:38,041 INFO  segmented.SegmentedRaftLogWorker (SegmentedRaftLogWorker.java:<init>(172)) - new ab4a8873-d573-4faf-81cb-86742f0cae06-SegmentedRaftLogWorker:Storage Directory /tmp/workdir/hadoop-ozone/integration-test/target/test-dir/MiniOzoneClusterImpl-eab7cb77-d151-42e2-b330-ee915b1d7f20/datanode-3/data/ratis/5520871a-5284-44b8-9b49-38ddd7859f80 for RaftStorage:Storage Directory /tmp/workdir/hadoop-ozone/integration-test/target/test-dir/MiniOzoneClusterImpl-eab7cb77-d151-42e2-b330-ee915b1d7f20/datanode-3/data/ratis/5520871a-5284-44b8-9b49-38ddd7859f80
2019-07-13 22:42:38,040 INFO  server.RaftServerConfigKeys (ConfUtils.java:logGet(43)) - raft.server.log.purge.gap = 1000000000 (custom)
2019-07-13 22:42:38,041 INFO  server.RaftServerConfigKeys (ConfUtils.java:logGet(43)) - raft.server.log.queue.byte-limit = 2147483647 (custom)
2019-07-13 22:42:38,041 INFO  server.RaftServerConfigKeys (ConfUtils.java:logGet(43)) - raft.server.log.appender.buffer.byte-limit = 33554432 (custom)
2019-07-13 22:42:38,041 INFO  server.RaftServerConfigKeys (ConfUtils.java:logGet(43)) - raft.server.log.queue.element-limit = 1024 (custom)
2019-07-13 22:42:38,041 INFO  server.RaftServerConfigKeys (ConfUtils.java:logGet(43)) - raft.server.log.appender.buffer.byte-limit = 33554432 (custom)
2019-07-13 22:42:38,041 INFO  server.RaftServerConfigKeys (ConfUtils.java:logGet(43)) - raft.server.log.segment.size.max = 1048576 (custom)
2019-07-13 22:42:38,041 INFO  server.RaftServerConfigKeys (ConfUtils.java:logGet(43)) - raft.server.log.segment.size.max = 1048576 (custom)
2019-07-13 22:42:38,042 INFO  server.RaftServerConfigKeys (ConfUtils.java:logGet(43)) - raft.server.log.preallocated.size = 16384 (custom)
2019-07-13 22:42:38,042 INFO  server.RaftServerConfigKeys (ConfUtils.java:logGet(43)) - raft.server.log.segment.size.max = 1048576 (custom)
2019-07-13 22:42:38,042 INFO  server.RaftServerConfigKeys (ConfUtils.java:logGet(43)) - raft.server.log.write.buffer.size = 33554432 (custom)
2019-07-13 22:42:38,042 INFO  server.RaftServerConfigKeys (ConfUtils.java:logGet(43)) - raft.server.log.force.sync.num = 128 (default)
2019-07-13 22:42:38,042 INFO  server.RaftServerConfigKeys (ConfUtils.java:logGet(43)) - raft.server.log.segment.cache.num.max = 2 (custom)
2019-07-13 22:42:38,042 INFO  server.RaftServerConfigKeys (ConfUtils.java:logGet(43)) - raft.server.log.statemachine.data.sync = true (default)
2019-07-13 22:42:38,042 INFO  server.RaftServerConfigKeys (ConfUtils.java:logGet(43)) - raft.server.log.segment.cache.num.max = 2 (custom)
2019-07-13 22:42:38,043 INFO  server.RaftServerConfigKeys (ConfUtils.java:logGet(43)) - raft.server.log.statemachine.data.sync.timeout = 10s (default)
2019-07-13 22:42:38,043 INFO  server.RaftServerConfigKeys (ConfUtils.java:logGet(43)) - raft.server.log.statemachine.data.sync.timeout.retry = -1 (default)
2019-07-13 22:42:38,043 INFO  segmented.SegmentedRaftLogWorker (SegmentedRaftLogWorker.java:<init>(172)) - new cf87015e-741c-4083-9510-32f6727bb61e-SegmentedRaftLogWorker:Storage Directory /tmp/workdir/hadoop-ozone/integration-test/target/test-dir/MiniOzoneClusterImpl-eab7cb77-d151-42e2-b330-ee915b1d7f20/datanode-5/data/ratis/5520871a-5284-44b8-9b49-38ddd7859f80 for RaftStorage:Storage Directory /tmp/workdir/hadoop-ozone/integration-test/target/test-dir/MiniOzoneClusterImpl-eab7cb77-d151-42e2-b330-ee915b1d7f20/datanode-5/data/ratis/5520871a-5284-44b8-9b49-38ddd7859f80
2019-07-13 22:42:38,043 INFO  server.RaftServerConfigKeys (ConfUtils.java:logGet(43)) - raft.server.log.statemachine.data.caching.enabled = true (custom)
2019-07-13 22:42:38,043 INFO  segmented.SegmentedRaftLogWorker (SegmentedRaftLogWorker.java:<init>(172)) - new 957ddb92-9527-4efd-82af-5c16161e91ca-SegmentedRaftLogWorker:Storage Directory /tmp/workdir/hadoop-ozone/integration-test/target/test-dir/MiniOzoneClusterImpl-eab7cb77-d151-42e2-b330-ee915b1d7f20/datanode-4/data/ratis/5520871a-5284-44b8-9b49-38ddd7859f80 for RaftStorage:Storage Directory /tmp/workdir/hadoop-ozone/integration-test/target/test-dir/MiniOzoneClusterImpl-eab7cb77-d151-42e2-b330-ee915b1d7f20/datanode-4/data/ratis/5520871a-5284-44b8-9b49-38ddd7859f80
2019-07-13 22:42:38,043 INFO  server.RaftServerConfigKeys (ConfUtils.java:logGet(43)) - raft.server.log.queue.byte-limit = 2147483647 (custom)
2019-07-13 22:42:38,044 INFO  server.RaftServerConfigKeys (ConfUtils.java:logGet(43)) - raft.server.log.queue.byte-limit = 2147483647 (custom)
2019-07-13 22:42:38,044 INFO  segmented.SegmentedRaftLogWorker (SegmentedRaftLogWorker.java:lambda$new$0(132)) - ab4a8873-d573-4faf-81cb-86742f0cae06-SegmentedRaftLogWorker:Storage Directory /tmp/workdir/hadoop-ozone/integration-test/target/test-dir/MiniOzoneClusterImpl-eab7cb77-d151-42e2-b330-ee915b1d7f20/datanode-3/data/ratis/5520871a-5284-44b8-9b49-38ddd7859f80: flushIndex: setUnconditionally 0 -> -1
2019-07-13 22:42:38,044 INFO  server.RaftServerConfigKeys (ConfUtils.java:logGet(43)) - raft.server.log.queue.element-limit = 1024 (custom)
2019-07-13 22:42:38,044 INFO  server.RaftServerConfigKeys (ConfUtils.java:logGet(43)) - raft.server.log.queue.element-limit = 1024 (custom)
2019-07-13 22:42:38,044 INFO  server.RaftServerConfigKeys (ConfUtils.java:logGet(43)) - raft.server.snapshot.auto.trigger.enabled = true (custom)
2019-07-13 22:42:38,044 INFO  server.RaftServerConfigKeys (ConfUtils.java:logGet(43)) - raft.server.log.segment.size.max = 1048576 (custom)
2019-07-13 22:42:38,045 INFO  server.RaftServerConfigKeys (ConfUtils.java:logGet(43)) - raft.server.snapshot.auto.trigger.threshold = 10000 (custom)
2019-07-13 22:42:38,044 INFO  server.RaftServerConfigKeys (ConfUtils.java:logGet(43)) - raft.server.log.segment.size.max = 1048576 (custom)
2019-07-13 22:42:38,045 INFO  server.RaftServerConfigKeys (ConfUtils.java:logGet(43)) - raft.server.retrycache.expirytime = 600000ms (custom)
2019-07-13 22:42:38,045 INFO  server.RaftServerConfigKeys (ConfUtils.java:logGet(43)) - raft.server.log.preallocated.size = 16384 (custom)
2019-07-13 22:42:38,045 INFO  impl.RaftServerImpl (RaftServerImpl.java:start(180)) - ab4a8873-d573-4faf-81cb-86742f0cae06: start group-38DDD7859F80
2019-07-13 22:42:38,045 INFO  server.RaftServerConfigKeys (ConfUtils.java:logGet(43)) - raft.server.log.preallocated.size = 16384 (custom)
2019-07-13 22:42:38,045 INFO  impl.RaftServerImpl (RaftServerImpl.java:setRole(171)) - ab4a8873-d573-4faf-81cb-86742f0cae06:group-38DDD7859F80 changes role from null to FOLLOWER at term 0 for startAsFollower
2019-07-13 22:42:38,045 INFO  server.RaftServerConfigKeys (ConfUtils.java:logGet(43)) - raft.server.log.write.buffer.size = 33554432 (custom)
2019-07-13 22:42:38,046 INFO  impl.RoleInfo (RoleInfo.java:updateAndGet(143)) - ab4a8873-d573-4faf-81cb-86742f0cae06: start FollowerState
2019-07-13 22:42:38,046 INFO  server.RaftServerConfigKeys (ConfUtils.java:logGet(43)) - raft.server.log.write.buffer.size = 33554432 (custom)
2019-07-13 22:42:38,046 INFO  server.RaftServerConfigKeys (ConfUtils.java:logGet(43)) - raft.server.log.force.sync.num = 128 (default)
2019-07-13 22:42:38,046 INFO  server.RaftServerConfigKeys (ConfUtils.java:logGet(43)) - raft.server.log.force.sync.num = 128 (default)
2019-07-13 22:42:38,046 INFO  server.RaftServerConfigKeys (ConfUtils.java:logGet(43)) - raft.server.log.statemachine.data.sync = true (default)
2019-07-13 22:42:38,046 INFO  util.JmxRegister (JmxRegister.java:tryRegister(44)) - Successfully registered JMX Bean with object name Ratis:service=RaftServer,group=group-38DDD7859F80,id=ab4a8873-d573-4faf-81cb-86742f0cae06
2019-07-13 22:42:38,047 INFO  server.RaftServerConfigKeys (ConfUtils.java:logGet(43)) - raft.server.log.statemachine.data.sync.timeout = 10s (default)
2019-07-13 22:42:38,047 INFO  server.RaftServerConfigKeys (ConfUtils.java:logGet(43)) - raft.server.log.statemachine.data.sync = true (default)
2019-07-13 22:42:38,047 INFO  server.RaftServerConfigKeys (ConfUtils.java:logGet(43)) - raft.server.log.statemachine.data.sync.timeout.retry = -1 (default)
2019-07-13 22:42:38,047 INFO  server.RaftServerConfigKeys (ConfUtils.java:logGet(43)) - raft.server.log.statemachine.data.sync.timeout = 10s (default)
2019-07-13 22:42:38,047 INFO  server.RaftServerConfigKeys (ConfUtils.java:logGet(43)) - raft.server.log.statemachine.data.caching.enabled = true (custom)
2019-07-13 22:42:38,047 INFO  server.RaftServerConfigKeys (ConfUtils.java:logGet(43)) - raft.server.log.statemachine.data.sync.timeout.retry = -1 (default)
2019-07-13 22:42:38,048 INFO  server.RaftServerConfigKeys (ConfUtils.java:logGet(43)) - raft.server.log.statemachine.data.caching.enabled = true (custom)
2019-07-13 22:42:38,048 INFO  segmented.SegmentedRaftLogWorker (SegmentedRaftLogWorker.java:lambda$new$0(132)) - cf87015e-741c-4083-9510-32f6727bb61e-SegmentedRaftLogWorker:Storage Directory /tmp/workdir/hadoop-ozone/integration-test/target/test-dir/MiniOzoneClusterImpl-eab7cb77-d151-42e2-b330-ee915b1d7f20/datanode-5/data/ratis/5520871a-5284-44b8-9b49-38ddd7859f80: flushIndex: setUnconditionally 0 -> -1
2019-07-13 22:42:38,048 INFO  segmented.SegmentedRaftLogWorker (SegmentedRaftLogWorker.java:lambda$new$0(132)) - 957ddb92-9527-4efd-82af-5c16161e91ca-SegmentedRaftLogWorker:Storage Directory /tmp/workdir/hadoop-ozone/integration-test/target/test-dir/MiniOzoneClusterImpl-eab7cb77-d151-42e2-b330-ee915b1d7f20/datanode-4/data/ratis/5520871a-5284-44b8-9b49-38ddd7859f80: flushIndex: setUnconditionally 0 -> -1
2019-07-13 22:42:38,048 INFO  server.RaftServerConfigKeys (ConfUtils.java:logGet(43)) - raft.server.snapshot.auto.trigger.enabled = true (custom)
2019-07-13 22:42:38,049 INFO  server.RaftServerConfigKeys (ConfUtils.java:logGet(43)) - raft.server.snapshot.auto.trigger.enabled = true (custom)
2019-07-13 22:42:38,049 INFO  server.RaftServerConfigKeys (ConfUtils.java:logGet(43)) - raft.server.snapshot.auto.trigger.threshold = 10000 (custom)
2019-07-13 22:42:38,049 INFO  server.RaftServerConfigKeys (ConfUtils.java:logGet(43)) - raft.server.snapshot.auto.trigger.threshold = 10000 (custom)
2019-07-13 22:42:38,049 INFO  server.RaftServerConfigKeys (ConfUtils.java:logGet(43)) - raft.server.retrycache.expirytime = 600000ms (custom)
2019-07-13 22:42:38,049 INFO  server.RaftServerConfigKeys (ConfUtils.java:logGet(43)) - raft.server.retrycache.expirytime = 600000ms (custom)
2019-07-13 22:42:38,049 INFO  impl.RaftServerImpl (RaftServerImpl.java:start(180)) - cf87015e-741c-4083-9510-32f6727bb61e: start group-38DDD7859F80
2019-07-13 22:42:38,049 INFO  impl.RaftServerImpl (RaftServerImpl.java:start(180)) - 957ddb92-9527-4efd-82af-5c16161e91ca: start group-38DDD7859F80
2019-07-13 22:42:38,049 INFO  impl.RaftServerImpl (RaftServerImpl.java:setRole(171)) - cf87015e-741c-4083-9510-32f6727bb61e:group-38DDD7859F80 changes role from null to FOLLOWER at term 0 for startAsFollower
2019-07-13 22:42:38,049 INFO  impl.RaftServerImpl (RaftServerImpl.java:setRole(171)) - 957ddb92-9527-4efd-82af-5c16161e91ca:group-38DDD7859F80 changes role from null to FOLLOWER at term 0 for startAsFollower
2019-07-13 22:42:38,050 INFO  impl.RoleInfo (RoleInfo.java:updateAndGet(143)) - cf87015e-741c-4083-9510-32f6727bb61e: start FollowerState
2019-07-13 22:42:38,050 INFO  impl.RoleInfo (RoleInfo.java:updateAndGet(143)) - 957ddb92-9527-4efd-82af-5c16161e91ca: start FollowerState
2019-07-13 22:42:38,050 INFO  util.JmxRegister (JmxRegister.java:tryRegister(44)) - Successfully registered JMX Bean with object name Ratis:service=RaftServer,group=group-38DDD7859F80,id=cf87015e-741c-4083-9510-32f6727bb61e
2019-07-13 22:42:38,050 INFO  util.JmxRegister (JmxRegister.java:tryRegister(44)) - Successfully registered JMX Bean with object name Ratis:service=RaftServer,group=group-38DDD7859F80,id=957ddb92-9527-4efd-82af-5c16161e91ca
2019-07-13 22:42:38,053 INFO  pipeline.PipelineStateManager (PipelineStateManager.java:addPipeline(56)) - Created pipeline Pipeline[ Id: 5520871a-5284-44b8-9b49-38ddd7859f80, Nodes: ab4a8873-d573-4faf-81cb-86742f0cae06{ip: 192.168.5.159, host: trunk-nightly-x8m8d-1534914823, networkLocation: /default-rack, certSerialId: null}cf87015e-741c-4083-9510-32f6727bb61e{ip: 192.168.5.159, host: trunk-nightly-x8m8d-1534914823, networkLocation: /default-rack, certSerialId: null}957ddb92-9527-4efd-82af-5c16161e91ca{ip: 192.168.5.159, host: trunk-nightly-x8m8d-1534914823, networkLocation: /default-rack, certSerialId: null}, Type:RATIS, Factor:THREE, State:OPEN]
2019-07-13 22:42:38,180 WARN  server.GrpcLogAppender (LogUtils.java:warn(134)) - be1d966f-d6d3-4083-911a-9cf613e6b51b->3a934782-e929-4493-aafd-6b7b1f7f2551: Failed appendEntries: org.apache.ratis.thirdparty.io.grpc.StatusRuntimeException: UNAVAILABLE: io exception
2019-07-13 22:42:38,192 INFO  impl.FollowerInfo (FollowerInfo.java:lambda$new$0(50)) - be1d966f-d6d3-4083-911a-9cf613e6b51b->3a934782-e929-4493-aafd-6b7b1f7f2551: nextIndex: updateUnconditionally 0 -> 0
2019-07-13 22:42:38,921 INFO  ozone.MiniOzoneClusterImpl (MiniOzoneClusterImpl.java:lambda$waitForClusterToBeReady$0(142)) - Cluster is ready. Got 6 of 6 DN Heartbeats.
2019-07-13 22:42:39,007 INFO  rpc.RpcClient (RpcClient.java:createVolume(287)) - Creating Volume: datanodefailurehandlingtest, with jenkins1000 as owner.
2019-07-13 22:42:39,037 INFO  rpc.RpcClient (RpcClient.java:createBucket(424)) - Creating Bucket: datanodefailurehandlingtest/datanodefailurehandlingtest, with Versioning false and Storage Type set to DISK and Encryption set to false 
2019-07-13 22:42:39,135 INFO  client.GrpcClientProtocolClient (GrpcClientProtocolClient.java:onNext(255)) - client-C8EA92C9E310->ab4a8873-d573-4faf-81cb-86742f0cae06: receive RaftClientReply:client-C8EA92C9E310->ab4a8873-d573-4faf-81cb-86742f0cae06@group-38DDD7859F80, cid=128, FAILED org.apache.ratis.protocol.NotLeaderException: Server ab4a8873-d573-4faf-81cb-86742f0cae06 is not the leader (null). Request must be sent to leader., logIndex=0, commits[ab4a8873-d573-4faf-81cb-86742f0cae06:c-1]
2019-07-13 22:42:39,370 INFO  container.ReplicationManager (ReplicationManager.java:start(155)) - Starting Replication Monitor Thread.
2019-07-13 22:42:39,385 INFO  container.ReplicationManager (ReplicationManager.java:run(207)) - Replication Monitor Thread took 0 milliseconds for processing 1 containers.
2019-07-13 22:42:40,198 INFO  client.GrpcClientProtocolClient (GrpcClientProtocolClient.java:onNext(255)) - client-C8EA92C9E310->cf87015e-741c-4083-9510-32f6727bb61e: receive RaftClientReply:client-C8EA92C9E310->cf87015e-741c-4083-9510-32f6727bb61e@group-38DDD7859F80, cid=128, FAILED org.apache.ratis.protocol.NotLeaderException: Server cf87015e-741c-4083-9510-32f6727bb61e is not the leader (null). Request must be sent to leader., logIndex=0, commits[cf87015e-741c-4083-9510-32f6727bb61e:c-1]
2019-07-13 22:42:40,682 WARN  server.GrpcLogAppender (LogUtils.java:warn(134)) - be1d966f-d6d3-4083-911a-9cf613e6b51b->3a934782-e929-4493-aafd-6b7b1f7f2551: Failed appendEntries: org.apache.ratis.thirdparty.io.grpc.StatusRuntimeException: UNAVAILABLE: io exception
2019-07-13 22:42:40,696 INFO  impl.FollowerInfo (FollowerInfo.java:lambda$new$0(50)) - be1d966f-d6d3-4083-911a-9cf613e6b51b->3a934782-e929-4493-aafd-6b7b1f7f2551: nextIndex: updateUnconditionally 0 -> 0
2019-07-13 22:42:41,252 INFO  client.GrpcClientProtocolClient (GrpcClientProtocolClient.java:onNext(255)) - client-C8EA92C9E310->ab4a8873-d573-4faf-81cb-86742f0cae06: receive RaftClientReply:client-C8EA92C9E310->ab4a8873-d573-4faf-81cb-86742f0cae06@group-38DDD7859F80, cid=128, FAILED org.apache.ratis.protocol.NotLeaderException: Server ab4a8873-d573-4faf-81cb-86742f0cae06 is not the leader (null). Request must be sent to leader., logIndex=0, commits[ab4a8873-d573-4faf-81cb-86742f0cae06:c-1]
2019-07-13 22:42:41,595 INFO  impl.FollowerState (FollowerState.java:run(106)) - 37cbe2e7-ebfc-4757-98ab-e72d11aa06f8:group-31501B8D0E48 changes to CANDIDATE, lastRpcTime:5194, electionTimeout:5194ms
2019-07-13 22:42:41,596 INFO  impl.RoleInfo (RoleInfo.java:shutdownFollowerState(121)) - 37cbe2e7-ebfc-4757-98ab-e72d11aa06f8: shutdown FollowerState
2019-07-13 22:42:41,596 INFO  impl.RaftServerImpl (RaftServerImpl.java:setRole(171)) - 37cbe2e7-ebfc-4757-98ab-e72d11aa06f8:group-31501B8D0E48 changes role from FOLLOWER to CANDIDATE at term 0 for changeToCandidate
2019-07-13 22:42:41,596 INFO  impl.RoleInfo (RoleInfo.java:updateAndGet(143)) - 37cbe2e7-ebfc-4757-98ab-e72d11aa06f8: start LeaderElection
2019-07-13 22:42:41,643 INFO  impl.LeaderElection (LeaderElection.java:askForVotes(181)) - 37cbe2e7-ebfc-4757-98ab-e72d11aa06f8:group-31501B8D0E48:LeaderElection70: begin an election at term 1 for -1: [37cbe2e7-ebfc-4757-98ab-e72d11aa06f8:192.168.5.159:40472], old=null
2019-07-13 22:42:41,643 INFO  impl.RoleInfo (RoleInfo.java:shutdownLeaderElection(134)) - 37cbe2e7-ebfc-4757-98ab-e72d11aa06f8: shutdown LeaderElection
2019-07-13 22:42:41,643 INFO  impl.RaftServerImpl (RaftServerImpl.java:setRole(171)) - 37cbe2e7-ebfc-4757-98ab-e72d11aa06f8:group-31501B8D0E48 changes role from CANDIDATE to LEADER at term 1 for changeToLeader
2019-07-13 22:42:41,643 INFO  impl.RaftServerImpl (ServerState.java:setLeader(263)) - 37cbe2e7-ebfc-4757-98ab-e72d11aa06f8:group-31501B8D0E48 change Leader from null to 37cbe2e7-ebfc-4757-98ab-e72d11aa06f8 at term 1 for becomeLeader, leader elected after 5246ms
2019-07-13 22:42:41,643 INFO  server.RaftServerConfigKeys (ConfUtils.java:logGet(43)) - raft.server.staging.catchup.gap = 1000 (default)
2019-07-13 22:42:41,644 INFO  server.RaftServerConfigKeys (ConfUtils.java:logGet(43)) - raft.server.rpc.sleep.time = 25ms (default)
2019-07-13 22:42:41,644 INFO  server.RaftServerConfigKeys (ConfUtils.java:logGet(43)) - raft.server.write.element-limit = 4096 (default)
2019-07-13 22:42:41,644 INFO  server.RaftServerConfigKeys (ConfUtils.java:logGet(43)) - raft.server.watch.timeout = 10s (default)
2019-07-13 22:42:41,644 INFO  server.RaftServerConfigKeys (ConfUtils.java:logGet(43)) - raft.server.watch.timeout.denomination = 1s (default)
2019-07-13 22:42:41,644 INFO  server.RaftServerConfigKeys (ConfUtils.java:logGet(43)) - raft.server.watch.element-limit = 65536 (default)
2019-07-13 22:42:41,644 INFO  impl.RoleInfo (RoleInfo.java:updateAndGet(143)) - 37cbe2e7-ebfc-4757-98ab-e72d11aa06f8: start LeaderState
2019-07-13 22:42:41,645 INFO  segmented.SegmentedRaftLogWorker (SegmentedRaftLogWorker.java:startLogSegment(380)) - 37cbe2e7-ebfc-4757-98ab-e72d11aa06f8-SegmentedRaftLogWorker:Storage Directory /tmp/workdir/hadoop-ozone/integration-test/target/test-dir/MiniOzoneClusterImpl-eab7cb77-d151-42e2-b330-ee915b1d7f20/datanode-0/data/ratis/499a6997-6c7f-4375-b983-31501b8d0e48: Starting segment from index:0
2019-07-13 22:42:41,645 INFO  impl.RaftServerImpl (ServerState.java:setRaftConf(361)) - 37cbe2e7-ebfc-4757-98ab-e72d11aa06f8:group-31501B8D0E48 set configuration 0: [37cbe2e7-ebfc-4757-98ab-e72d11aa06f8:192.168.5.159:40472], old=null at 0
2019-07-13 22:42:41,685 INFO  segmented.SegmentedRaftLogWorker (SegmentedRaftLogWorker.java:execute(569)) - 37cbe2e7-ebfc-4757-98ab-e72d11aa06f8-SegmentedRaftLogWorker:Storage Directory /tmp/workdir/hadoop-ozone/integration-test/target/test-dir/MiniOzoneClusterImpl-eab7cb77-d151-42e2-b330-ee915b1d7f20/datanode-0/data/ratis/499a6997-6c7f-4375-b983-31501b8d0e48: created new log segment /tmp/workdir/hadoop-ozone/integration-test/target/test-dir/MiniOzoneClusterImpl-eab7cb77-d151-42e2-b330-ee915b1d7f20/datanode-0/data/ratis/499a6997-6c7f-4375-b983-31501b8d0e48/current/log_inprogress_0
2019-07-13 22:42:41,832 INFO  impl.FollowerState (FollowerState.java:run(106)) - 4fb3c4cc-6da9-4fbf-9df4-1a638f998672:group-9FE7AAA8BCD4 changes to CANDIDATE, lastRpcTime:5119, electionTimeout:5119ms
2019-07-13 22:42:41,832 INFO  impl.RoleInfo (RoleInfo.java:shutdownFollowerState(121)) - 4fb3c4cc-6da9-4fbf-9df4-1a638f998672: shutdown FollowerState
2019-07-13 22:42:41,832 INFO  impl.RaftServerImpl (RaftServerImpl.java:setRole(171)) - 4fb3c4cc-6da9-4fbf-9df4-1a638f998672:group-9FE7AAA8BCD4 changes role from FOLLOWER to CANDIDATE at term 0 for changeToCandidate
2019-07-13 22:42:41,833 INFO  impl.RoleInfo (RoleInfo.java:updateAndGet(143)) - 4fb3c4cc-6da9-4fbf-9df4-1a638f998672: start LeaderElection
2019-07-13 22:42:41,882 INFO  impl.LeaderElection (LeaderElection.java:askForVotes(181)) - 4fb3c4cc-6da9-4fbf-9df4-1a638f998672:group-9FE7AAA8BCD4:LeaderElection71: begin an election at term 1 for -1: [4fb3c4cc-6da9-4fbf-9df4-1a638f998672:192.168.5.159:46689], old=null
2019-07-13 22:42:41,883 INFO  impl.RoleInfo (RoleInfo.java:shutdownLeaderElection(134)) - 4fb3c4cc-6da9-4fbf-9df4-1a638f998672: shutdown LeaderElection
2019-07-13 22:42:41,883 INFO  impl.RaftServerImpl (RaftServerImpl.java:setRole(171)) - 4fb3c4cc-6da9-4fbf-9df4-1a638f998672:group-9FE7AAA8BCD4 changes role from CANDIDATE to LEADER at term 1 for changeToLeader
2019-07-13 22:42:41,883 INFO  impl.RaftServerImpl (ServerState.java:setLeader(263)) - 4fb3c4cc-6da9-4fbf-9df4-1a638f998672:group-9FE7AAA8BCD4 change Leader from null to 4fb3c4cc-6da9-4fbf-9df4-1a638f998672 at term 1 for becomeLeader, leader elected after 5174ms
2019-07-13 22:42:41,883 INFO  server.RaftServerConfigKeys (ConfUtils.java:logGet(43)) - raft.server.staging.catchup.gap = 1000 (default)
2019-07-13 22:42:41,883 INFO  server.RaftServerConfigKeys (ConfUtils.java:logGet(43)) - raft.server.rpc.sleep.time = 25ms (default)
2019-07-13 22:42:41,883 INFO  server.RaftServerConfigKeys (ConfUtils.java:logGet(43)) - raft.server.write.element-limit = 4096 (default)
2019-07-13 22:42:41,884 INFO  server.RaftServerConfigKeys (ConfUtils.java:logGet(43)) - raft.server.watch.timeout = 10s (default)
2019-07-13 22:42:41,884 INFO  server.RaftServerConfigKeys (ConfUtils.java:logGet(43)) - raft.server.watch.timeout.denomination = 1s (default)
2019-07-13 22:42:41,884 INFO  server.RaftServerConfigKeys (ConfUtils.java:logGet(43)) - raft.server.watch.element-limit = 65536 (default)
2019-07-13 22:42:41,884 INFO  impl.RoleInfo (RoleInfo.java:updateAndGet(143)) - 4fb3c4cc-6da9-4fbf-9df4-1a638f998672: start LeaderState
2019-07-13 22:42:41,884 INFO  segmented.SegmentedRaftLogWorker (SegmentedRaftLogWorker.java:startLogSegment(380)) - 4fb3c4cc-6da9-4fbf-9df4-1a638f998672-SegmentedRaftLogWorker:Storage Directory /tmp/workdir/hadoop-ozone/integration-test/target/test-dir/MiniOzoneClusterImpl-eab7cb77-d151-42e2-b330-ee915b1d7f20/datanode-1/data/ratis/49bbed11-c4dd-488a-a8a0-9fe7aaa8bcd4: Starting segment from index:0
2019-07-13 22:42:41,885 INFO  impl.RaftServerImpl (ServerState.java:setRaftConf(361)) - 4fb3c4cc-6da9-4fbf-9df4-1a638f998672:group-9FE7AAA8BCD4 set configuration 0: [4fb3c4cc-6da9-4fbf-9df4-1a638f998672:192.168.5.159:46689], old=null at 0
2019-07-13 22:42:41,948 INFO  segmented.SegmentedRaftLogWorker (SegmentedRaftLogWorker.java:execute(569)) - 4fb3c4cc-6da9-4fbf-9df4-1a638f998672-SegmentedRaftLogWorker:Storage Directory /tmp/workdir/hadoop-ozone/integration-test/target/test-dir/MiniOzoneClusterImpl-eab7cb77-d151-42e2-b330-ee915b1d7f20/datanode-1/data/ratis/49bbed11-c4dd-488a-a8a0-9fe7aaa8bcd4: created new log segment /tmp/workdir/hadoop-ozone/integration-test/target/test-dir/MiniOzoneClusterImpl-eab7cb77-d151-42e2-b330-ee915b1d7f20/datanode-1/data/ratis/49bbed11-c4dd-488a-a8a0-9fe7aaa8bcd4/current/log_inprogress_0
2019-07-13 22:42:42,084 INFO  impl.FollowerState (FollowerState.java:run(106)) - 6180799a-0bdc-4f4b-a7f4-3de2007b147a:group-F910F5E6465F changes to CANDIDATE, lastRpcTime:5011, electionTimeout:5011ms
2019-07-13 22:42:42,084 INFO  impl.RoleInfo (RoleInfo.java:shutdownFollowerState(121)) - 6180799a-0bdc-4f4b-a7f4-3de2007b147a: shutdown FollowerState
2019-07-13 22:42:42,084 INFO  impl.RaftServerImpl (RaftServerImpl.java:setRole(171)) - 6180799a-0bdc-4f4b-a7f4-3de2007b147a:group-F910F5E6465F changes role from FOLLOWER to CANDIDATE at term 0 for changeToCandidate
2019-07-13 22:42:42,084 INFO  impl.RoleInfo (RoleInfo.java:updateAndGet(143)) - 6180799a-0bdc-4f4b-a7f4-3de2007b147a: start LeaderElection
2019-07-13 22:42:42,097 INFO  impl.FollowerState (FollowerState.java:run(106)) - 6180799a-0bdc-4f4b-a7f4-3de2007b147a:group-5EB6DCB704F3 changes to CANDIDATE, lastRpcTime:5086, electionTimeout:5079ms
2019-07-13 22:42:42,097 INFO  impl.RoleInfo (RoleInfo.java:shutdownFollowerState(121)) - 6180799a-0bdc-4f4b-a7f4-3de2007b147a: shutdown FollowerState
2019-07-13 22:42:42,113 INFO  impl.RaftServerImpl (RaftServerImpl.java:setRole(171)) - 6180799a-0bdc-4f4b-a7f4-3de2007b147a:group-5EB6DCB704F3 changes role from FOLLOWER to CANDIDATE at term 0 for changeToCandidate
2019-07-13 22:42:42,121 INFO  impl.FollowerState (FollowerState.java:run(106)) - 4fb3c4cc-6da9-4fbf-9df4-1a638f998672:group-F910F5E6465F changes to CANDIDATE, lastRpcTime:5045, electionTimeout:5031ms
2019-07-13 22:42:42,121 INFO  impl.RoleInfo (RoleInfo.java:shutdownFollowerState(121)) - 4fb3c4cc-6da9-4fbf-9df4-1a638f998672: shutdown FollowerState
2019-07-13 22:42:42,121 INFO  impl.RaftServerImpl (RaftServerImpl.java:setRole(171)) - 4fb3c4cc-6da9-4fbf-9df4-1a638f998672:group-F910F5E6465F changes role from FOLLOWER to CANDIDATE at term 0 for changeToCandidate
2019-07-13 22:42:42,121 INFO  impl.RoleInfo (RoleInfo.java:updateAndGet(143)) - 6180799a-0bdc-4f4b-a7f4-3de2007b147a: start LeaderElection
2019-07-13 22:42:42,121 INFO  impl.RoleInfo (RoleInfo.java:updateAndGet(143)) - 4fb3c4cc-6da9-4fbf-9df4-1a638f998672: start LeaderElection
2019-07-13 22:42:42,143 INFO  impl.LeaderElection (LeaderElection.java:askForVotes(181)) - 6180799a-0bdc-4f4b-a7f4-3de2007b147a:group-F910F5E6465F:LeaderElection72: begin an election at term 1 for -1: [4fb3c4cc-6da9-4fbf-9df4-1a638f998672:192.168.5.159:46689, 37cbe2e7-ebfc-4757-98ab-e72d11aa06f8:192.168.5.159:40472, 6180799a-0bdc-4f4b-a7f4-3de2007b147a:192.168.5.159:39944], old=null
2019-07-13 22:42:42,154 INFO  impl.LeaderElection (LeaderElection.java:askForVotes(181)) - 6180799a-0bdc-4f4b-a7f4-3de2007b147a:group-5EB6DCB704F3:LeaderElection73: begin an election at term 1 for -1: [6180799a-0bdc-4f4b-a7f4-3de2007b147a:192.168.5.159:39944], old=null
2019-07-13 22:42:42,154 INFO  impl.LeaderElection (LeaderElection.java:askForVotes(181)) - 4fb3c4cc-6da9-4fbf-9df4-1a638f998672:group-F910F5E6465F:LeaderElection74: begin an election at term 1 for -1: [4fb3c4cc-6da9-4fbf-9df4-1a638f998672:192.168.5.159:46689, 37cbe2e7-ebfc-4757-98ab-e72d11aa06f8:192.168.5.159:40472, 6180799a-0bdc-4f4b-a7f4-3de2007b147a:192.168.5.159:39944], old=null
2019-07-13 22:42:42,154 INFO  impl.RoleInfo (RoleInfo.java:shutdownLeaderElection(134)) - 6180799a-0bdc-4f4b-a7f4-3de2007b147a: shutdown LeaderElection
2019-07-13 22:42:42,154 INFO  impl.RaftServerImpl (RaftServerImpl.java:setRole(171)) - 6180799a-0bdc-4f4b-a7f4-3de2007b147a:group-5EB6DCB704F3 changes role from CANDIDATE to LEADER at term 1 for changeToLeader
2019-07-13 22:42:42,154 INFO  impl.RaftServerImpl (ServerState.java:setLeader(263)) - 6180799a-0bdc-4f4b-a7f4-3de2007b147a:group-5EB6DCB704F3 change Leader from null to 6180799a-0bdc-4f4b-a7f4-3de2007b147a at term 1 for becomeLeader, leader elected after 5147ms
2019-07-13 22:42:42,163 INFO  impl.RaftServerImpl (RaftServerImpl.java:setRole(171)) - 37cbe2e7-ebfc-4757-98ab-e72d11aa06f8:group-F910F5E6465F changes role from FOLLOWER to FOLLOWER at term 1 for recognizeCandidate:6180799a-0bdc-4f4b-a7f4-3de2007b147a
2019-07-13 22:42:42,163 INFO  server.RaftServerConfigKeys (ConfUtils.java:logGet(43)) - raft.server.staging.catchup.gap = 1000 (default)
2019-07-13 22:42:42,163 INFO  impl.RoleInfo (RoleInfo.java:shutdownFollowerState(121)) - 37cbe2e7-ebfc-4757-98ab-e72d11aa06f8: shutdown FollowerState
2019-07-13 22:42:42,163 INFO  server.RaftServerConfigKeys (ConfUtils.java:logGet(43)) - raft.server.rpc.sleep.time = 25ms (default)
2019-07-13 22:42:42,164 INFO  impl.FollowerState (FollowerState.java:run(114)) - 37cbe2e7-ebfc-4757-98ab-e72d11aa06f8: FollowerState was interrupted: java.lang.InterruptedException: sleep interrupted
2019-07-13 22:42:42,164 INFO  impl.RoleInfo (RoleInfo.java:updateAndGet(143)) - 37cbe2e7-ebfc-4757-98ab-e72d11aa06f8: start FollowerState
2019-07-13 22:42:42,164 INFO  server.RaftServerConfigKeys (ConfUtils.java:logGet(43)) - raft.server.write.element-limit = 4096 (default)
2019-07-13 22:42:42,175 INFO  server.RaftServerConfigKeys (ConfUtils.java:logGet(43)) - raft.server.watch.timeout = 10s (default)
2019-07-13 22:42:42,175 INFO  server.RaftServerConfigKeys (ConfUtils.java:logGet(43)) - raft.server.watch.timeout.denomination = 1s (default)
2019-07-13 22:42:42,175 INFO  server.RaftServerConfigKeys (ConfUtils.java:logGet(43)) - raft.server.watch.element-limit = 65536 (default)
2019-07-13 22:42:42,175 INFO  impl.RoleInfo (RoleInfo.java:updateAndGet(143)) - 6180799a-0bdc-4f4b-a7f4-3de2007b147a: start LeaderState
2019-07-13 22:42:42,186 INFO  segmented.SegmentedRaftLogWorker (SegmentedRaftLogWorker.java:startLogSegment(380)) - 6180799a-0bdc-4f4b-a7f4-3de2007b147a-SegmentedRaftLogWorker:Storage Directory /tmp/workdir/hadoop-ozone/integration-test/target/test-dir/MiniOzoneClusterImpl-eab7cb77-d151-42e2-b330-ee915b1d7f20/datanode-2/data/ratis/1ad9c2b7-9775-47a1-973b-5eb6dcb704f3: Starting segment from index:0
2019-07-13 22:42:42,186 INFO  impl.RaftServerImpl (ServerState.java:setRaftConf(361)) - 6180799a-0bdc-4f4b-a7f4-3de2007b147a:group-5EB6DCB704F3 set configuration 0: [6180799a-0bdc-4f4b-a7f4-3de2007b147a:192.168.5.159:39944], old=null at 0
2019-07-13 22:42:42,216 INFO  impl.LeaderElection (LeaderElection.java:logAndReturn(56)) - 6180799a-0bdc-4f4b-a7f4-3de2007b147a:group-F910F5E6465F:LeaderElection72: Election PASSED; received 2 response(s) [6180799a-0bdc-4f4b-a7f4-3de2007b147a<-4fb3c4cc-6da9-4fbf-9df4-1a638f998672#0:FAIL-t1, 6180799a-0bdc-4f4b-a7f4-3de2007b147a<-37cbe2e7-ebfc-4757-98ab-e72d11aa06f8#0:OK-t1] and 0 exception(s); 6180799a-0bdc-4f4b-a7f4-3de2007b147a:t1, leader=null, voted=6180799a-0bdc-4f4b-a7f4-3de2007b147a, raftlog=6180799a-0bdc-4f4b-a7f4-3de2007b147a-SegmentedRaftLog:OPENED:c-1,f-1,i0, conf=-1: [4fb3c4cc-6da9-4fbf-9df4-1a638f998672:192.168.5.159:46689, 37cbe2e7-ebfc-4757-98ab-e72d11aa06f8:192.168.5.159:40472, 6180799a-0bdc-4f4b-a7f4-3de2007b147a:192.168.5.159:39944], old=null
2019-07-13 22:42:42,217 INFO  impl.LeaderElection (LeaderElection.java:logAndReturn(56)) - 4fb3c4cc-6da9-4fbf-9df4-1a638f998672:group-F910F5E6465F:LeaderElection74: Election REJECTED; received 2 response(s) [4fb3c4cc-6da9-4fbf-9df4-1a638f998672<-37cbe2e7-ebfc-4757-98ab-e72d11aa06f8#0:FAIL-t1, 4fb3c4cc-6da9-4fbf-9df4-1a638f998672<-6180799a-0bdc-4f4b-a7f4-3de2007b147a#0:FAIL-t1] and 0 exception(s); 4fb3c4cc-6da9-4fbf-9df4-1a638f998672:t1, leader=null, voted=4fb3c4cc-6da9-4fbf-9df4-1a638f998672, raftlog=4fb3c4cc-6da9-4fbf-9df4-1a638f998672-SegmentedRaftLog:OPENED:c-1,f-1,i0, conf=-1: [4fb3c4cc-6da9-4fbf-9df4-1a638f998672:192.168.5.159:46689, 37cbe2e7-ebfc-4757-98ab-e72d11aa06f8:192.168.5.159:40472, 6180799a-0bdc-4f4b-a7f4-3de2007b147a:192.168.5.159:39944], old=null
2019-07-13 22:42:42,217 INFO  segmented.SegmentedRaftLogWorker (SegmentedRaftLogWorker.java:execute(569)) - 6180799a-0bdc-4f4b-a7f4-3de2007b147a-SegmentedRaftLogWorker:Storage Directory /tmp/workdir/hadoop-ozone/integration-test/target/test-dir/MiniOzoneClusterImpl-eab7cb77-d151-42e2-b330-ee915b1d7f20/datanode-2/data/ratis/1ad9c2b7-9775-47a1-973b-5eb6dcb704f3: created new log segment /tmp/workdir/hadoop-ozone/integration-test/target/test-dir/MiniOzoneClusterImpl-eab7cb77-d151-42e2-b330-ee915b1d7f20/datanode-2/data/ratis/1ad9c2b7-9775-47a1-973b-5eb6dcb704f3/current/log_inprogress_0
2019-07-13 22:42:42,217 INFO  impl.RaftServerImpl (RaftServerImpl.java:setRole(171)) - 4fb3c4cc-6da9-4fbf-9df4-1a638f998672:group-F910F5E6465F changes role from CANDIDATE to FOLLOWER at term 1 for DISCOVERED_A_NEW_TERM
2019-07-13 22:42:42,217 INFO  impl.RoleInfo (RoleInfo.java:shutdownLeaderElection(134)) - 6180799a-0bdc-4f4b-a7f4-3de2007b147a: shutdown LeaderElection
2019-07-13 22:42:42,217 INFO  impl.RoleInfo (RoleInfo.java:shutdownLeaderElection(134)) - 4fb3c4cc-6da9-4fbf-9df4-1a638f998672: shutdown LeaderElection
2019-07-13 22:42:42,217 INFO  impl.RaftServerImpl (RaftServerImpl.java:setRole(171)) - 6180799a-0bdc-4f4b-a7f4-3de2007b147a:group-F910F5E6465F changes role from CANDIDATE to LEADER at term 1 for changeToLeader
2019-07-13 22:42:42,217 INFO  impl.RoleInfo (RoleInfo.java:updateAndGet(143)) - 4fb3c4cc-6da9-4fbf-9df4-1a638f998672: start FollowerState
2019-07-13 22:42:42,218 INFO  impl.RaftServerImpl (ServerState.java:setLeader(263)) - 6180799a-0bdc-4f4b-a7f4-3de2007b147a:group-F910F5E6465F change Leader from null to 6180799a-0bdc-4f4b-a7f4-3de2007b147a at term 1 for becomeLeader, leader elected after 5152ms
2019-07-13 22:42:42,218 INFO  server.RaftServerConfigKeys (ConfUtils.java:logGet(43)) - raft.server.staging.catchup.gap = 1000 (default)
2019-07-13 22:42:42,218 INFO  server.RaftServerConfigKeys (ConfUtils.java:logGet(43)) - raft.server.rpc.sleep.time = 25ms (default)
2019-07-13 22:42:42,218 INFO  server.RaftServerConfigKeys (ConfUtils.java:logGet(43)) - raft.server.write.element-limit = 4096 (default)
2019-07-13 22:42:42,218 INFO  server.RaftServerConfigKeys (ConfUtils.java:logGet(43)) - raft.server.watch.timeout = 10s (default)
2019-07-13 22:42:42,219 INFO  server.RaftServerConfigKeys (ConfUtils.java:logGet(43)) - raft.server.watch.timeout.denomination = 1s (default)
2019-07-13 22:42:42,219 INFO  server.RaftServerConfigKeys (ConfUtils.java:logGet(43)) - raft.server.watch.element-limit = 65536 (default)
2019-07-13 22:42:42,219 INFO  server.RaftServerConfigKeys (ConfUtils.java:logGet(43)) - raft.server.log.appender.snapshot.chunk.size.max = 16MB (=16777216) (default)
2019-07-13 22:42:42,219 INFO  server.RaftServerConfigKeys (ConfUtils.java:logGet(43)) - raft.server.log.appender.buffer.byte-limit = 33554432 (custom)
2019-07-13 22:42:42,219 INFO  server.RaftServerConfigKeys (ConfUtils.java:logGet(43)) - raft.server.log.appender.buffer.element-limit = 1 (custom)
2019-07-13 22:42:42,220 INFO  grpc.GrpcConfigKeys$Server (ConfUtils.java:logGet(43)) - raft.grpc.server.leader.outstanding.appends.max = 128 (default)
2019-07-13 22:42:42,220 INFO  server.RaftServerConfigKeys (ConfUtils.java:logGet(43)) - raft.server.rpc.request.timeout = 3000ms (default)
2019-07-13 22:42:42,220 INFO  server.RaftServerConfigKeys (ConfUtils.java:logGet(43)) - raft.server.log.appender.install.snapshot.enabled = false (custom)
2019-07-13 22:42:42,220 INFO  server.RaftServerConfigKeys (ConfUtils.java:logGet(43)) - raft.server.log.appender.snapshot.chunk.size.max = 16MB (=16777216) (default)
2019-07-13 22:42:42,220 INFO  server.RaftServerConfigKeys (ConfUtils.java:logGet(43)) - raft.server.log.appender.buffer.byte-limit = 33554432 (custom)
2019-07-13 22:42:42,221 INFO  server.RaftServerConfigKeys (ConfUtils.java:logGet(43)) - raft.server.log.appender.buffer.element-limit = 1 (custom)
2019-07-13 22:42:42,221 INFO  grpc.GrpcConfigKeys$Server (ConfUtils.java:logGet(43)) - raft.grpc.server.leader.outstanding.appends.max = 128 (default)
2019-07-13 22:42:42,221 INFO  server.RaftServerConfigKeys (ConfUtils.java:logGet(43)) - raft.server.rpc.request.timeout = 3000ms (default)
2019-07-13 22:42:42,221 INFO  server.RaftServerConfigKeys (ConfUtils.java:logGet(43)) - raft.server.log.appender.install.snapshot.enabled = false (custom)
2019-07-13 22:42:42,221 INFO  impl.RoleInfo (RoleInfo.java:updateAndGet(143)) - 6180799a-0bdc-4f4b-a7f4-3de2007b147a: start LeaderState
2019-07-13 22:42:42,222 INFO  segmented.SegmentedRaftLogWorker (SegmentedRaftLogWorker.java:startLogSegment(380)) - 6180799a-0bdc-4f4b-a7f4-3de2007b147a-SegmentedRaftLogWorker:Storage Directory /tmp/workdir/hadoop-ozone/integration-test/target/test-dir/MiniOzoneClusterImpl-eab7cb77-d151-42e2-b330-ee915b1d7f20/datanode-2/data/ratis/5e470065-ff6e-458f-8a76-f910f5e6465f: Starting segment from index:0
2019-07-13 22:42:42,223 INFO  impl.RaftServerImpl (ServerState.java:setRaftConf(361)) - 6180799a-0bdc-4f4b-a7f4-3de2007b147a:group-F910F5E6465F set configuration 0: [4fb3c4cc-6da9-4fbf-9df4-1a638f998672:192.168.5.159:46689, 37cbe2e7-ebfc-4757-98ab-e72d11aa06f8:192.168.5.159:40472, 6180799a-0bdc-4f4b-a7f4-3de2007b147a:192.168.5.159:39944], old=null at 0
2019-07-13 22:42:42,224 INFO  impl.RaftServerImpl (ServerState.java:setLeader(263)) - 4fb3c4cc-6da9-4fbf-9df4-1a638f998672:group-F910F5E6465F change Leader from null to 6180799a-0bdc-4f4b-a7f4-3de2007b147a at term 1 for appendEntries, leader elected after 5159ms
2019-07-13 22:42:42,224 INFO  impl.RaftServerImpl (ServerState.java:setLeader(263)) - 37cbe2e7-ebfc-4757-98ab-e72d11aa06f8:group-F910F5E6465F change Leader from null to 6180799a-0bdc-4f4b-a7f4-3de2007b147a at term 1 for appendEntries, leader elected after 5158ms
2019-07-13 22:42:42,228 INFO  impl.RaftServerImpl (ServerState.java:setRaftConf(361)) - 4fb3c4cc-6da9-4fbf-9df4-1a638f998672:group-F910F5E6465F set configuration 0: [4fb3c4cc-6da9-4fbf-9df4-1a638f998672:192.168.5.159:46689, 37cbe2e7-ebfc-4757-98ab-e72d11aa06f8:192.168.5.159:40472, 6180799a-0bdc-4f4b-a7f4-3de2007b147a:192.168.5.159:39944], old=null at 0
2019-07-13 22:42:42,228 INFO  impl.RaftServerImpl (ServerState.java:setRaftConf(361)) - 37cbe2e7-ebfc-4757-98ab-e72d11aa06f8:group-F910F5E6465F set configuration 0: [4fb3c4cc-6da9-4fbf-9df4-1a638f998672:192.168.5.159:46689, 37cbe2e7-ebfc-4757-98ab-e72d11aa06f8:192.168.5.159:40472, 6180799a-0bdc-4f4b-a7f4-3de2007b147a:192.168.5.159:39944], old=null at 0
2019-07-13 22:42:42,228 INFO  segmented.SegmentedRaftLogWorker (SegmentedRaftLogWorker.java:startLogSegment(380)) - 4fb3c4cc-6da9-4fbf-9df4-1a638f998672-SegmentedRaftLogWorker:Storage Directory /tmp/workdir/hadoop-ozone/integration-test/target/test-dir/MiniOzoneClusterImpl-eab7cb77-d151-42e2-b330-ee915b1d7f20/datanode-1/data/ratis/5e470065-ff6e-458f-8a76-f910f5e6465f: Starting segment from index:0
2019-07-13 22:42:42,228 INFO  segmented.SegmentedRaftLogWorker (SegmentedRaftLogWorker.java:startLogSegment(380)) - 37cbe2e7-ebfc-4757-98ab-e72d11aa06f8-SegmentedRaftLogWorker:Storage Directory /tmp/workdir/hadoop-ozone/integration-test/target/test-dir/MiniOzoneClusterImpl-eab7cb77-d151-42e2-b330-ee915b1d7f20/datanode-0/data/ratis/5e470065-ff6e-458f-8a76-f910f5e6465f: Starting segment from index:0
2019-07-13 22:42:42,244 INFO  segmented.SegmentedRaftLogWorker (SegmentedRaftLogWorker.java:execute(569)) - 6180799a-0bdc-4f4b-a7f4-3de2007b147a-SegmentedRaftLogWorker:Storage Directory /tmp/workdir/hadoop-ozone/integration-test/target/test-dir/MiniOzoneClusterImpl-eab7cb77-d151-42e2-b330-ee915b1d7f20/datanode-2/data/ratis/5e470065-ff6e-458f-8a76-f910f5e6465f: created new log segment /tmp/workdir/hadoop-ozone/integration-test/target/test-dir/MiniOzoneClusterImpl-eab7cb77-d151-42e2-b330-ee915b1d7f20/datanode-2/data/ratis/5e470065-ff6e-458f-8a76-f910f5e6465f/current/log_inprogress_0
2019-07-13 22:42:42,250 INFO  segmented.SegmentedRaftLogWorker (SegmentedRaftLogWorker.java:execute(569)) - 4fb3c4cc-6da9-4fbf-9df4-1a638f998672-SegmentedRaftLogWorker:Storage Directory /tmp/workdir/hadoop-ozone/integration-test/target/test-dir/MiniOzoneClusterImpl-eab7cb77-d151-42e2-b330-ee915b1d7f20/datanode-1/data/ratis/5e470065-ff6e-458f-8a76-f910f5e6465f: created new log segment /tmp/workdir/hadoop-ozone/integration-test/target/test-dir/MiniOzoneClusterImpl-eab7cb77-d151-42e2-b330-ee915b1d7f20/datanode-1/data/ratis/5e470065-ff6e-458f-8a76-f910f5e6465f/current/log_inprogress_0
2019-07-13 22:42:42,250 INFO  segmented.SegmentedRaftLogWorker (SegmentedRaftLogWorker.java:execute(569)) - 37cbe2e7-ebfc-4757-98ab-e72d11aa06f8-SegmentedRaftLogWorker:Storage Directory /tmp/workdir/hadoop-ozone/integration-test/target/test-dir/MiniOzoneClusterImpl-eab7cb77-d151-42e2-b330-ee915b1d7f20/datanode-0/data/ratis/5e470065-ff6e-458f-8a76-f910f5e6465f: created new log segment /tmp/workdir/hadoop-ozone/integration-test/target/test-dir/MiniOzoneClusterImpl-eab7cb77-d151-42e2-b330-ee915b1d7f20/datanode-0/data/ratis/5e470065-ff6e-458f-8a76-f910f5e6465f/current/log_inprogress_0
2019-07-13 22:42:42,323 INFO  client.GrpcClientProtocolClient (GrpcClientProtocolClient.java:onNext(255)) - client-C8EA92C9E310->957ddb92-9527-4efd-82af-5c16161e91ca: receive RaftClientReply:client-C8EA92C9E310->957ddb92-9527-4efd-82af-5c16161e91ca@group-38DDD7859F80, cid=128, FAILED org.apache.ratis.protocol.NotLeaderException: Server 957ddb92-9527-4efd-82af-5c16161e91ca is not the leader (null). Request must be sent to leader., logIndex=0, commits[957ddb92-9527-4efd-82af-5c16161e91ca:c-1]
2019-07-13 22:42:42,463 INFO  impl.FollowerState (FollowerState.java:run(106)) - ab4a8873-d573-4faf-81cb-86742f0cae06:group-2E4C05248C8F changes to CANDIDATE, lastRpcTime:5187, electionTimeout:5187ms
2019-07-13 22:42:42,463 INFO  impl.RoleInfo (RoleInfo.java:shutdownFollowerState(121)) - ab4a8873-d573-4faf-81cb-86742f0cae06: shutdown FollowerState
2019-07-13 22:42:42,463 INFO  impl.RaftServerImpl (RaftServerImpl.java:setRole(171)) - ab4a8873-d573-4faf-81cb-86742f0cae06:group-2E4C05248C8F changes role from FOLLOWER to CANDIDATE at term 0 for changeToCandidate
2019-07-13 22:42:42,463 INFO  impl.RoleInfo (RoleInfo.java:updateAndGet(143)) - ab4a8873-d573-4faf-81cb-86742f0cae06: start LeaderElection
2019-07-13 22:42:42,575 INFO  impl.LeaderElection (LeaderElection.java:askForVotes(181)) - ab4a8873-d573-4faf-81cb-86742f0cae06:group-2E4C05248C8F:LeaderElection75: begin an election at term 1 for -1: [ab4a8873-d573-4faf-81cb-86742f0cae06:192.168.5.159:44612], old=null
2019-07-13 22:42:42,576 INFO  impl.RoleInfo (RoleInfo.java:shutdownLeaderElection(134)) - ab4a8873-d573-4faf-81cb-86742f0cae06: shutdown LeaderElection
2019-07-13 22:42:42,576 INFO  impl.RaftServerImpl (RaftServerImpl.java:setRole(171)) - ab4a8873-d573-4faf-81cb-86742f0cae06:group-2E4C05248C8F changes role from CANDIDATE to LEADER at term 1 for changeToLeader
2019-07-13 22:42:42,576 INFO  impl.RaftServerImpl (ServerState.java:setLeader(263)) - ab4a8873-d573-4faf-81cb-86742f0cae06:group-2E4C05248C8F change Leader from null to ab4a8873-d573-4faf-81cb-86742f0cae06 at term 1 for becomeLeader, leader elected after 5303ms
2019-07-13 22:42:42,576 INFO  server.RaftServerConfigKeys (ConfUtils.java:logGet(43)) - raft.server.staging.catchup.gap = 1000 (default)
2019-07-13 22:42:42,576 INFO  server.RaftServerConfigKeys (ConfUtils.java:logGet(43)) - raft.server.rpc.sleep.time = 25ms (default)
2019-07-13 22:42:42,576 INFO  server.RaftServerConfigKeys (ConfUtils.java:logGet(43)) - raft.server.write.element-limit = 4096 (default)
2019-07-13 22:42:42,576 INFO  server.RaftServerConfigKeys (ConfUtils.java:logGet(43)) - raft.server.watch.timeout = 10s (default)
2019-07-13 22:42:42,577 INFO  server.RaftServerConfigKeys (ConfUtils.java:logGet(43)) - raft.server.watch.timeout.denomination = 1s (default)
2019-07-13 22:42:42,577 INFO  server.RaftServerConfigKeys (ConfUtils.java:logGet(43)) - raft.server.watch.element-limit = 65536 (default)
2019-07-13 22:42:42,577 INFO  impl.RoleInfo (RoleInfo.java:updateAndGet(143)) - ab4a8873-d573-4faf-81cb-86742f0cae06: start LeaderState
2019-07-13 22:42:42,577 INFO  segmented.SegmentedRaftLogWorker (SegmentedRaftLogWorker.java:startLogSegment(380)) - ab4a8873-d573-4faf-81cb-86742f0cae06-SegmentedRaftLogWorker:Storage Directory /tmp/workdir/hadoop-ozone/integration-test/target/test-dir/MiniOzoneClusterImpl-eab7cb77-d151-42e2-b330-ee915b1d7f20/datanode-3/data/ratis/64e6266f-7ed2-4de3-9ffe-2e4c05248c8f: Starting segment from index:0
2019-07-13 22:42:42,578 INFO  impl.RaftServerImpl (ServerState.java:setRaftConf(361)) - ab4a8873-d573-4faf-81cb-86742f0cae06:group-2E4C05248C8F set configuration 0: [ab4a8873-d573-4faf-81cb-86742f0cae06:192.168.5.159:44612], old=null at 0
2019-07-13 22:42:42,606 INFO  segmented.SegmentedRaftLogWorker (SegmentedRaftLogWorker.java:execute(569)) - ab4a8873-d573-4faf-81cb-86742f0cae06-SegmentedRaftLogWorker:Storage Directory /tmp/workdir/hadoop-ozone/integration-test/target/test-dir/MiniOzoneClusterImpl-eab7cb77-d151-42e2-b330-ee915b1d7f20/datanode-3/data/ratis/64e6266f-7ed2-4de3-9ffe-2e4c05248c8f: created new log segment /tmp/workdir/hadoop-ozone/integration-test/target/test-dir/MiniOzoneClusterImpl-eab7cb77-d151-42e2-b330-ee915b1d7f20/datanode-3/data/ratis/64e6266f-7ed2-4de3-9ffe-2e4c05248c8f/current/log_inprogress_0
2019-07-13 22:42:42,759 INFO  impl.FollowerState (FollowerState.java:run(106)) - 957ddb92-9527-4efd-82af-5c16161e91ca:group-1CC1FA613C2C changes to CANDIDATE, lastRpcTime:5018, electionTimeout:5018ms
2019-07-13 22:42:42,759 INFO  impl.RoleInfo (RoleInfo.java:shutdownFollowerState(121)) - 957ddb92-9527-4efd-82af-5c16161e91ca: shutdown FollowerState
2019-07-13 22:42:42,759 INFO  impl.RaftServerImpl (RaftServerImpl.java:setRole(171)) - 957ddb92-9527-4efd-82af-5c16161e91ca:group-1CC1FA613C2C changes role from FOLLOWER to CANDIDATE at term 0 for changeToCandidate
2019-07-13 22:42:42,759 INFO  impl.RoleInfo (RoleInfo.java:updateAndGet(143)) - 957ddb92-9527-4efd-82af-5c16161e91ca: start LeaderElection
2019-07-13 22:42:42,809 INFO  impl.LeaderElection (LeaderElection.java:askForVotes(181)) - 957ddb92-9527-4efd-82af-5c16161e91ca:group-1CC1FA613C2C:LeaderElection76: begin an election at term 1 for -1: [957ddb92-9527-4efd-82af-5c16161e91ca:192.168.5.159:37666], old=null
2019-07-13 22:42:42,809 INFO  impl.RoleInfo (RoleInfo.java:shutdownLeaderElection(134)) - 957ddb92-9527-4efd-82af-5c16161e91ca: shutdown LeaderElection
2019-07-13 22:42:42,809 INFO  impl.RaftServerImpl (RaftServerImpl.java:setRole(171)) - 957ddb92-9527-4efd-82af-5c16161e91ca:group-1CC1FA613C2C changes role from CANDIDATE to LEADER at term 1 for changeToLeader
2019-07-13 22:42:42,810 INFO  impl.RaftServerImpl (ServerState.java:setLeader(263)) - 957ddb92-9527-4efd-82af-5c16161e91ca:group-1CC1FA613C2C change Leader from null to 957ddb92-9527-4efd-82af-5c16161e91ca at term 1 for becomeLeader, leader elected after 5074ms
2019-07-13 22:42:42,810 INFO  server.RaftServerConfigKeys (ConfUtils.java:logGet(43)) - raft.server.staging.catchup.gap = 1000 (default)
2019-07-13 22:42:42,810 INFO  server.RaftServerConfigKeys (ConfUtils.java:logGet(43)) - raft.server.rpc.sleep.time = 25ms (default)
2019-07-13 22:42:42,810 INFO  server.RaftServerConfigKeys (ConfUtils.java:logGet(43)) - raft.server.write.element-limit = 4096 (default)
2019-07-13 22:42:42,810 INFO  server.RaftServerConfigKeys (ConfUtils.java:logGet(43)) - raft.server.watch.timeout = 10s (default)
2019-07-13 22:42:42,810 INFO  server.RaftServerConfigKeys (ConfUtils.java:logGet(43)) - raft.server.watch.timeout.denomination = 1s (default)
2019-07-13 22:42:42,811 INFO  server.RaftServerConfigKeys (ConfUtils.java:logGet(43)) - raft.server.watch.element-limit = 65536 (default)
2019-07-13 22:42:42,811 INFO  impl.RoleInfo (RoleInfo.java:updateAndGet(143)) - 957ddb92-9527-4efd-82af-5c16161e91ca: start LeaderState
2019-07-13 22:42:42,811 INFO  segmented.SegmentedRaftLogWorker (SegmentedRaftLogWorker.java:startLogSegment(380)) - 957ddb92-9527-4efd-82af-5c16161e91ca-SegmentedRaftLogWorker:Storage Directory /tmp/workdir/hadoop-ozone/integration-test/target/test-dir/MiniOzoneClusterImpl-eab7cb77-d151-42e2-b330-ee915b1d7f20/datanode-4/data/ratis/a4fcc412-5fd9-4d39-834a-1cc1fa613c2c: Starting segment from index:0
2019-07-13 22:42:42,812 INFO  impl.RaftServerImpl (ServerState.java:setRaftConf(361)) - 957ddb92-9527-4efd-82af-5c16161e91ca:group-1CC1FA613C2C set configuration 0: [957ddb92-9527-4efd-82af-5c16161e91ca:192.168.5.159:37666], old=null at 0
2019-07-13 22:42:42,863 INFO  segmented.SegmentedRaftLogWorker (SegmentedRaftLogWorker.java:execute(569)) - 957ddb92-9527-4efd-82af-5c16161e91ca-SegmentedRaftLogWorker:Storage Directory /tmp/workdir/hadoop-ozone/integration-test/target/test-dir/MiniOzoneClusterImpl-eab7cb77-d151-42e2-b330-ee915b1d7f20/datanode-4/data/ratis/a4fcc412-5fd9-4d39-834a-1cc1fa613c2c: created new log segment /tmp/workdir/hadoop-ozone/integration-test/target/test-dir/MiniOzoneClusterImpl-eab7cb77-d151-42e2-b330-ee915b1d7f20/datanode-4/data/ratis/a4fcc412-5fd9-4d39-834a-1cc1fa613c2c/current/log_inprogress_0
2019-07-13 22:42:43,088 INFO  impl.FollowerState (FollowerState.java:run(106)) - cf87015e-741c-4083-9510-32f6727bb61e:group-AE1FD1907DBD changes to CANDIDATE, lastRpcTime:5135, electionTimeout:5135ms
2019-07-13 22:42:43,088 INFO  impl.RoleInfo (RoleInfo.java:shutdownFollowerState(121)) - cf87015e-741c-4083-9510-32f6727bb61e: shutdown FollowerState
2019-07-13 22:42:43,088 INFO  impl.RaftServerImpl (RaftServerImpl.java:setRole(171)) - cf87015e-741c-4083-9510-32f6727bb61e:group-AE1FD1907DBD changes role from FOLLOWER to CANDIDATE at term 0 for changeToCandidate
2019-07-13 22:42:43,088 INFO  impl.RoleInfo (RoleInfo.java:updateAndGet(143)) - cf87015e-741c-4083-9510-32f6727bb61e: start LeaderElection
2019-07-13 22:42:43,100 INFO  impl.FollowerState (FollowerState.java:run(106)) - 957ddb92-9527-4efd-82af-5c16161e91ca:group-38DDD7859F80 changes to CANDIDATE, lastRpcTime:5050, electionTimeout:5045ms
2019-07-13 22:42:43,100 INFO  impl.RoleInfo (RoleInfo.java:shutdownFollowerState(121)) - 957ddb92-9527-4efd-82af-5c16161e91ca: shutdown FollowerState
2019-07-13 22:42:43,100 INFO  impl.RaftServerImpl (RaftServerImpl.java:setRole(171)) - 957ddb92-9527-4efd-82af-5c16161e91ca:group-38DDD7859F80 changes role from FOLLOWER to CANDIDATE at term 0 for changeToCandidate
2019-07-13 22:42:43,100 INFO  impl.RoleInfo (RoleInfo.java:updateAndGet(143)) - 957ddb92-9527-4efd-82af-5c16161e91ca: start LeaderElection
2019-07-13 22:42:43,111 INFO  impl.LeaderElection (LeaderElection.java:askForVotes(181)) - cf87015e-741c-4083-9510-32f6727bb61e:group-AE1FD1907DBD:LeaderElection77: begin an election at term 1 for -1: [cf87015e-741c-4083-9510-32f6727bb61e:192.168.5.159:41990], old=null
2019-07-13 22:42:43,111 INFO  impl.RoleInfo (RoleInfo.java:shutdownLeaderElection(134)) - cf87015e-741c-4083-9510-32f6727bb61e: shutdown LeaderElection
2019-07-13 22:42:43,111 INFO  impl.RaftServerImpl (RaftServerImpl.java:setRole(171)) - cf87015e-741c-4083-9510-32f6727bb61e:group-AE1FD1907DBD changes role from CANDIDATE to LEADER at term 1 for changeToLeader
2019-07-13 22:42:43,111 INFO  impl.RaftServerImpl (ServerState.java:setLeader(263)) - cf87015e-741c-4083-9510-32f6727bb61e:group-AE1FD1907DBD change Leader from null to cf87015e-741c-4083-9510-32f6727bb61e at term 1 for becomeLeader, leader elected after 5163ms
2019-07-13 22:42:43,111 INFO  server.RaftServerConfigKeys (ConfUtils.java:logGet(43)) - raft.server.staging.catchup.gap = 1000 (default)
2019-07-13 22:42:43,111 INFO  server.RaftServerConfigKeys (ConfUtils.java:logGet(43)) - raft.server.rpc.sleep.time = 25ms (default)
2019-07-13 22:42:43,112 INFO  server.RaftServerConfigKeys (ConfUtils.java:logGet(43)) - raft.server.write.element-limit = 4096 (default)
2019-07-13 22:42:43,112 INFO  server.RaftServerConfigKeys (ConfUtils.java:logGet(43)) - raft.server.watch.timeout = 10s (default)
2019-07-13 22:42:43,112 INFO  server.RaftServerConfigKeys (ConfUtils.java:logGet(43)) - raft.server.watch.timeout.denomination = 1s (default)
2019-07-13 22:42:43,112 INFO  server.RaftServerConfigKeys (ConfUtils.java:logGet(43)) - raft.server.watch.element-limit = 65536 (default)
2019-07-13 22:42:43,112 INFO  impl.RoleInfo (RoleInfo.java:updateAndGet(143)) - cf87015e-741c-4083-9510-32f6727bb61e: start LeaderState
2019-07-13 22:42:43,112 INFO  segmented.SegmentedRaftLogWorker (SegmentedRaftLogWorker.java:startLogSegment(380)) - cf87015e-741c-4083-9510-32f6727bb61e-SegmentedRaftLogWorker:Storage Directory /tmp/workdir/hadoop-ozone/integration-test/target/test-dir/MiniOzoneClusterImpl-eab7cb77-d151-42e2-b330-ee915b1d7f20/datanode-5/data/ratis/0c820375-a4dc-449c-8e16-ae1fd1907dbd: Starting segment from index:0
2019-07-13 22:42:43,113 INFO  impl.RaftServerImpl (ServerState.java:setRaftConf(361)) - cf87015e-741c-4083-9510-32f6727bb61e:group-AE1FD1907DBD set configuration 0: [cf87015e-741c-4083-9510-32f6727bb61e:192.168.5.159:41990], old=null at 0
2019-07-13 22:42:43,122 INFO  impl.LeaderElection (LeaderElection.java:askForVotes(181)) - 957ddb92-9527-4efd-82af-5c16161e91ca:group-38DDD7859F80:LeaderElection78: begin an election at term 1 for -1: [cf87015e-741c-4083-9510-32f6727bb61e:192.168.5.159:41990, 957ddb92-9527-4efd-82af-5c16161e91ca:192.168.5.159:37666, ab4a8873-d573-4faf-81cb-86742f0cae06:192.168.5.159:44612], old=null
2019-07-13 22:42:43,128 INFO  impl.RaftServerImpl (RaftServerImpl.java:setRole(171)) - ab4a8873-d573-4faf-81cb-86742f0cae06:group-38DDD7859F80 changes role from FOLLOWER to FOLLOWER at term 1 for recognizeCandidate:957ddb92-9527-4efd-82af-5c16161e91ca
2019-07-13 22:42:43,128 INFO  impl.RaftServerImpl (RaftServerImpl.java:setRole(171)) - cf87015e-741c-4083-9510-32f6727bb61e:group-38DDD7859F80 changes role from FOLLOWER to FOLLOWER at term 1 for recognizeCandidate:957ddb92-9527-4efd-82af-5c16161e91ca
2019-07-13 22:42:43,128 INFO  impl.RoleInfo (RoleInfo.java:shutdownFollowerState(121)) - ab4a8873-d573-4faf-81cb-86742f0cae06: shutdown FollowerState
2019-07-13 22:42:43,128 INFO  impl.RoleInfo (RoleInfo.java:shutdownFollowerState(121)) - cf87015e-741c-4083-9510-32f6727bb61e: shutdown FollowerState
2019-07-13 22:42:43,129 INFO  impl.FollowerState (FollowerState.java:run(114)) - ab4a8873-d573-4faf-81cb-86742f0cae06: FollowerState was interrupted: java.lang.InterruptedException: sleep interrupted
2019-07-13 22:42:43,128 INFO  impl.RoleInfo (RoleInfo.java:updateAndGet(143)) - ab4a8873-d573-4faf-81cb-86742f0cae06: start FollowerState
2019-07-13 22:42:43,129 INFO  impl.FollowerState (FollowerState.java:run(114)) - cf87015e-741c-4083-9510-32f6727bb61e: FollowerState was interrupted: java.lang.InterruptedException: sleep interrupted
2019-07-13 22:42:43,129 INFO  impl.RoleInfo (RoleInfo.java:updateAndGet(143)) - cf87015e-741c-4083-9510-32f6727bb61e: start FollowerState
2019-07-13 22:42:43,143 INFO  impl.LeaderElection (LeaderElection.java:logAndReturn(56)) - 957ddb92-9527-4efd-82af-5c16161e91ca:group-38DDD7859F80:LeaderElection78: Election PASSED; received 1 response(s) [957ddb92-9527-4efd-82af-5c16161e91ca<-ab4a8873-d573-4faf-81cb-86742f0cae06#0:OK-t1] and 0 exception(s); 957ddb92-9527-4efd-82af-5c16161e91ca:t1, leader=null, voted=957ddb92-9527-4efd-82af-5c16161e91ca, raftlog=957ddb92-9527-4efd-82af-5c16161e91ca-SegmentedRaftLog:OPENED:c-1,f-1,i0, conf=-1: [cf87015e-741c-4083-9510-32f6727bb61e:192.168.5.159:41990, 957ddb92-9527-4efd-82af-5c16161e91ca:192.168.5.159:37666, ab4a8873-d573-4faf-81cb-86742f0cae06:192.168.5.159:44612], old=null
2019-07-13 22:42:43,143 INFO  impl.RoleInfo (RoleInfo.java:shutdownLeaderElection(134)) - 957ddb92-9527-4efd-82af-5c16161e91ca: shutdown LeaderElection
2019-07-13 22:42:43,144 INFO  impl.RaftServerImpl (RaftServerImpl.java:setRole(171)) - 957ddb92-9527-4efd-82af-5c16161e91ca:group-38DDD7859F80 changes role from CANDIDATE to LEADER at term 1 for changeToLeader
2019-07-13 22:42:43,144 INFO  impl.RaftServerImpl (ServerState.java:setLeader(263)) - 957ddb92-9527-4efd-82af-5c16161e91ca:group-38DDD7859F80 change Leader from null to 957ddb92-9527-4efd-82af-5c16161e91ca at term 1 for becomeLeader, leader elected after 5104ms
2019-07-13 22:42:43,144 INFO  server.RaftServerConfigKeys (ConfUtils.java:logGet(43)) - raft.server.staging.catchup.gap = 1000 (default)
2019-07-13 22:42:43,144 INFO  server.RaftServerConfigKeys (ConfUtils.java:logGet(43)) - raft.server.rpc.sleep.time = 25ms (default)
2019-07-13 22:42:43,144 INFO  server.RaftServerConfigKeys (ConfUtils.java:logGet(43)) - raft.server.write.element-limit = 4096 (default)
2019-07-13 22:42:43,144 INFO  server.RaftServerConfigKeys (ConfUtils.java:logGet(43)) - raft.server.watch.timeout = 10s (default)
2019-07-13 22:42:43,145 INFO  server.RaftServerConfigKeys (ConfUtils.java:logGet(43)) - raft.server.watch.timeout.denomination = 1s (default)
2019-07-13 22:42:43,145 INFO  server.RaftServerConfigKeys (ConfUtils.java:logGet(43)) - raft.server.watch.element-limit = 65536 (default)
2019-07-13 22:42:43,145 INFO  server.RaftServerConfigKeys (ConfUtils.java:logGet(43)) - raft.server.log.appender.snapshot.chunk.size.max = 16MB (=16777216) (default)
2019-07-13 22:42:43,145 INFO  server.RaftServerConfigKeys (ConfUtils.java:logGet(43)) - raft.server.log.appender.buffer.byte-limit = 33554432 (custom)
2019-07-13 22:42:43,145 INFO  server.RaftServerConfigKeys (ConfUtils.java:logGet(43)) - raft.server.log.appender.buffer.element-limit = 1 (custom)
2019-07-13 22:42:43,146 INFO  grpc.GrpcConfigKeys$Server (ConfUtils.java:logGet(43)) - raft.grpc.server.leader.outstanding.appends.max = 128 (default)
2019-07-13 22:42:43,146 INFO  server.RaftServerConfigKeys (ConfUtils.java:logGet(43)) - raft.server.rpc.request.timeout = 3000ms (default)
2019-07-13 22:42:43,146 INFO  server.RaftServerConfigKeys (ConfUtils.java:logGet(43)) - raft.server.log.appender.install.snapshot.enabled = false (custom)
2019-07-13 22:42:43,146 INFO  server.RaftServerConfigKeys (ConfUtils.java:logGet(43)) - raft.server.log.appender.snapshot.chunk.size.max = 16MB (=16777216) (default)
2019-07-13 22:42:43,146 INFO  server.RaftServerConfigKeys (ConfUtils.java:logGet(43)) - raft.server.log.appender.buffer.byte-limit = 33554432 (custom)
2019-07-13 22:42:43,146 INFO  server.RaftServerConfigKeys (ConfUtils.java:logGet(43)) - raft.server.log.appender.buffer.element-limit = 1 (custom)
2019-07-13 22:42:43,147 INFO  grpc.GrpcConfigKeys$Server (ConfUtils.java:logGet(43)) - raft.grpc.server.leader.outstanding.appends.max = 128 (default)
2019-07-13 22:42:43,147 INFO  server.RaftServerConfigKeys (ConfUtils.java:logGet(43)) - raft.server.rpc.request.timeout = 3000ms (default)
2019-07-13 22:42:43,147 INFO  server.RaftServerConfigKeys (ConfUtils.java:logGet(43)) - raft.server.log.appender.install.snapshot.enabled = false (custom)
2019-07-13 22:42:43,147 INFO  segmented.SegmentedRaftLogWorker (SegmentedRaftLogWorker.java:execute(569)) - cf87015e-741c-4083-9510-32f6727bb61e-SegmentedRaftLogWorker:Storage Directory /tmp/workdir/hadoop-ozone/integration-test/target/test-dir/MiniOzoneClusterImpl-eab7cb77-d151-42e2-b330-ee915b1d7f20/datanode-5/data/ratis/0c820375-a4dc-449c-8e16-ae1fd1907dbd: created new log segment /tmp/workdir/hadoop-ozone/integration-test/target/test-dir/MiniOzoneClusterImpl-eab7cb77-d151-42e2-b330-ee915b1d7f20/datanode-5/data/ratis/0c820375-a4dc-449c-8e16-ae1fd1907dbd/current/log_inprogress_0
2019-07-13 22:42:43,147 INFO  impl.RoleInfo (RoleInfo.java:updateAndGet(143)) - 957ddb92-9527-4efd-82af-5c16161e91ca: start LeaderState
2019-07-13 22:42:43,147 INFO  segmented.SegmentedRaftLogWorker (SegmentedRaftLogWorker.java:startLogSegment(380)) - 957ddb92-9527-4efd-82af-5c16161e91ca-SegmentedRaftLogWorker:Storage Directory /tmp/workdir/hadoop-ozone/integration-test/target/test-dir/MiniOzoneClusterImpl-eab7cb77-d151-42e2-b330-ee915b1d7f20/datanode-4/data/ratis/5520871a-5284-44b8-9b49-38ddd7859f80: Starting segment from index:0
2019-07-13 22:42:43,148 INFO  impl.RaftServerImpl (ServerState.java:setRaftConf(361)) - 957ddb92-9527-4efd-82af-5c16161e91ca:group-38DDD7859F80 set configuration 0: [cf87015e-741c-4083-9510-32f6727bb61e:192.168.5.159:41990, 957ddb92-9527-4efd-82af-5c16161e91ca:192.168.5.159:37666, ab4a8873-d573-4faf-81cb-86742f0cae06:192.168.5.159:44612], old=null at 0
2019-07-13 22:42:43,150 INFO  impl.RaftServerImpl (ServerState.java:setLeader(263)) - ab4a8873-d573-4faf-81cb-86742f0cae06:group-38DDD7859F80 change Leader from null to 957ddb92-9527-4efd-82af-5c16161e91ca at term 1 for appendEntries, leader elected after 5111ms
2019-07-13 22:42:43,150 INFO  impl.RaftServerImpl (ServerState.java:setLeader(263)) - cf87015e-741c-4083-9510-32f6727bb61e:group-38DDD7859F80 change Leader from null to 957ddb92-9527-4efd-82af-5c16161e91ca at term 1 for appendEntries, leader elected after 5111ms
2019-07-13 22:42:43,191 INFO  segmented.SegmentedRaftLogWorker (SegmentedRaftLogWorker.java:execute(569)) - 957ddb92-9527-4efd-82af-5c16161e91ca-SegmentedRaftLogWorker:Storage Directory /tmp/workdir/hadoop-ozone/integration-test/target/test-dir/MiniOzoneClusterImpl-eab7cb77-d151-42e2-b330-ee915b1d7f20/datanode-4/data/ratis/5520871a-5284-44b8-9b49-38ddd7859f80: created new log segment /tmp/workdir/hadoop-ozone/integration-test/target/test-dir/MiniOzoneClusterImpl-eab7cb77-d151-42e2-b330-ee915b1d7f20/datanode-4/data/ratis/5520871a-5284-44b8-9b49-38ddd7859f80/current/log_inprogress_0
2019-07-13 22:42:43,194 INFO  impl.RaftServerImpl (ServerState.java:setRaftConf(361)) - cf87015e-741c-4083-9510-32f6727bb61e:group-38DDD7859F80 set configuration 0: [cf87015e-741c-4083-9510-32f6727bb61e:192.168.5.159:41990, 957ddb92-9527-4efd-82af-5c16161e91ca:192.168.5.159:37666, ab4a8873-d573-4faf-81cb-86742f0cae06:192.168.5.159:44612], old=null at 0
2019-07-13 22:42:43,253 WARN  server.GrpcLogAppender (LogUtils.java:warn(134)) - be1d966f-d6d3-4083-911a-9cf613e6b51b->3a934782-e929-4493-aafd-6b7b1f7f2551: Failed appendEntries: org.apache.ratis.thirdparty.io.grpc.StatusRuntimeException: UNAVAILABLE: io exception
2019-07-13 22:42:43,194 INFO  impl.RaftServerImpl (ServerState.java:setRaftConf(361)) - ab4a8873-d573-4faf-81cb-86742f0cae06:group-38DDD7859F80 set configuration 0: [cf87015e-741c-4083-9510-32f6727bb61e:192.168.5.159:41990, 957ddb92-9527-4efd-82af-5c16161e91ca:192.168.5.159:37666, ab4a8873-d573-4faf-81cb-86742f0cae06:192.168.5.159:44612], old=null at 0
2019-07-13 22:42:43,281 INFO  impl.FollowerInfo (FollowerInfo.java:lambda$new$0(50)) - be1d966f-d6d3-4083-911a-9cf613e6b51b->3a934782-e929-4493-aafd-6b7b1f7f2551: nextIndex: updateUnconditionally 0 -> 0
2019-07-13 22:42:43,254 INFO  segmented.SegmentedRaftLogWorker (SegmentedRaftLogWorker.java:startLogSegment(380)) - cf87015e-741c-4083-9510-32f6727bb61e-SegmentedRaftLogWorker:Storage Directory /tmp/workdir/hadoop-ozone/integration-test/target/test-dir/MiniOzoneClusterImpl-eab7cb77-d151-42e2-b330-ee915b1d7f20/datanode-5/data/ratis/5520871a-5284-44b8-9b49-38ddd7859f80: Starting segment from index:0
2019-07-13 22:42:43,282 INFO  segmented.SegmentedRaftLogWorker (SegmentedRaftLogWorker.java:startLogSegment(380)) - ab4a8873-d573-4faf-81cb-86742f0cae06-SegmentedRaftLogWorker:Storage Directory /tmp/workdir/hadoop-ozone/integration-test/target/test-dir/MiniOzoneClusterImpl-eab7cb77-d151-42e2-b330-ee915b1d7f20/datanode-3/data/ratis/5520871a-5284-44b8-9b49-38ddd7859f80: Starting segment from index:0
2019-07-13 22:42:43,308 INFO  segmented.SegmentedRaftLogWorker (SegmentedRaftLogWorker.java:execute(569)) - cf87015e-741c-4083-9510-32f6727bb61e-SegmentedRaftLogWorker:Storage Directory /tmp/workdir/hadoop-ozone/integration-test/target/test-dir/MiniOzoneClusterImpl-eab7cb77-d151-42e2-b330-ee915b1d7f20/datanode-5/data/ratis/5520871a-5284-44b8-9b49-38ddd7859f80: created new log segment /tmp/workdir/hadoop-ozone/integration-test/target/test-dir/MiniOzoneClusterImpl-eab7cb77-d151-42e2-b330-ee915b1d7f20/datanode-5/data/ratis/5520871a-5284-44b8-9b49-38ddd7859f80/current/log_inprogress_0
2019-07-13 22:42:43,308 INFO  segmented.SegmentedRaftLogWorker (SegmentedRaftLogWorker.java:execute(569)) - ab4a8873-d573-4faf-81cb-86742f0cae06-SegmentedRaftLogWorker:Storage Directory /tmp/workdir/hadoop-ozone/integration-test/target/test-dir/MiniOzoneClusterImpl-eab7cb77-d151-42e2-b330-ee915b1d7f20/datanode-3/data/ratis/5520871a-5284-44b8-9b49-38ddd7859f80: created new log segment /tmp/workdir/hadoop-ozone/integration-test/target/test-dir/MiniOzoneClusterImpl-eab7cb77-d151-42e2-b330-ee915b1d7f20/datanode-3/data/ratis/5520871a-5284-44b8-9b49-38ddd7859f80/current/log_inprogress_0
2019-07-13 22:42:43,371 INFO  client.GrpcClientProtocolClient (GrpcClientProtocolClient.java:onNext(255)) - client-C8EA92C9E310->ab4a8873-d573-4faf-81cb-86742f0cae06: receive RaftClientReply:client-C8EA92C9E310->ab4a8873-d573-4faf-81cb-86742f0cae06@group-38DDD7859F80, cid=128, FAILED org.apache.ratis.protocol.NotLeaderException: Server ab4a8873-d573-4faf-81cb-86742f0cae06 is not the leader (957ddb92-9527-4efd-82af-5c16161e91ca:192.168.5.159:37666). Request must be sent to leader., logIndex=0, commits[ab4a8873-d573-4faf-81cb-86742f0cae06:c-1, cf87015e-741c-4083-9510-32f6727bb61e:c-1, 957ddb92-9527-4efd-82af-5c16161e91ca:c-1]
2019-07-13 22:42:43,415 WARN  io.KeyOutputStream (KeyOutputStream.java:handleException(276)) - Encountered exception java.io.IOException: Unexpected Storage Container Exception: java.util.concurrent.CompletionException: java.util.concurrent.CompletionException: org.apache.ratis.protocol.RaftRetryFailureException: Failed RaftClientRequest:client-C8EA92C9E310->ab4a8873-d573-4faf-81cb-86742f0cae06@group-38DDD7859F80, cid=128, seq=1*, RW, org.apache.hadoop.hdds.scm.XceiverClientRatis$$Lambda$309/1480893137@1a0a95da for 5 attempts with RetryLimited(maxAttempts=5, sleepTime=1000ms) on the pipeline Pipeline[ Id: 5520871a-5284-44b8-9b49-38ddd7859f80, Nodes: ab4a8873-d573-4faf-81cb-86742f0cae06{ip: 192.168.5.159, host: trunk-nightly-x8m8d-1534914823, networkLocation: /default-rack, certSerialId: null}cf87015e-741c-4083-9510-32f6727bb61e{ip: 192.168.5.159, host: trunk-nightly-x8m8d-1534914823, networkLocation: /default-rack, certSerialId: null}957ddb92-9527-4efd-82af-5c16161e91ca{ip: 192.168.5.159, host: trunk-nightly-x8m8d-1534914823, networkLocation: /default-rack, certSerialId: null}, Type:RATIS, Factor:THREE, State:OPEN]. The last committed block length is 0, uncommitted data length is 2097152 retry count 0
2019-07-13 22:42:43,474 INFO  client.GrpcClientProtocolClient (GrpcClientProtocolClient.java:onNext(255)) - client-5242FEC94301->37cbe2e7-ebfc-4757-98ab-e72d11aa06f8: receive RaftClientReply:client-5242FEC94301->37cbe2e7-ebfc-4757-98ab-e72d11aa06f8@group-F910F5E6465F, cid=132, FAILED org.apache.ratis.protocol.NotLeaderException: Server 37cbe2e7-ebfc-4757-98ab-e72d11aa06f8 is not the leader (6180799a-0bdc-4f4b-a7f4-3de2007b147a:192.168.5.159:39944). Request must be sent to leader., logIndex=0, commits[37cbe2e7-ebfc-4757-98ab-e72d11aa06f8:c-1, 4fb3c4cc-6da9-4fbf-9df4-1a638f998672:c-1, 6180799a-0bdc-4f4b-a7f4-3de2007b147a:c-1]
2019-07-13 22:42:43,654 INFO  client.GrpcClientProtocolClient (GrpcClientProtocolClient.java:onNext(255)) - client-5242FEC94301->6180799a-0bdc-4f4b-a7f4-3de2007b147a: receive RaftClientReply:client-5242FEC94301->6180799a-0bdc-4f4b-a7f4-3de2007b147a@group-F910F5E6465F, cid=132, SUCCESS, logIndex=1, commits[6180799a-0bdc-4f4b-a7f4-3de2007b147a:c1, 4fb3c4cc-6da9-4fbf-9df4-1a638f998672:c0, 37cbe2e7-ebfc-4757-98ab-e72d11aa06f8:c0]
2019-07-13 22:42:43,764 INFO  client.GrpcClientProtocolClient (GrpcClientProtocolClient.java:onNext(255)) - client-5242FEC94301->6180799a-0bdc-4f4b-a7f4-3de2007b147a: receive RaftClientReply:client-5242FEC94301->6180799a-0bdc-4f4b-a7f4-3de2007b147a@group-F910F5E6465F, cid=133, SUCCESS, logIndex=3, commits[6180799a-0bdc-4f4b-a7f4-3de2007b147a:c8, 4fb3c4cc-6da9-4fbf-9df4-1a638f998672:c5, 37cbe2e7-ebfc-4757-98ab-e72d11aa06f8:c5]
2019-07-13 22:42:43,765 INFO  client.GrpcClientProtocolClient (GrpcClientProtocolClient.java:onNext(255)) - client-5242FEC94301->6180799a-0bdc-4f4b-a7f4-3de2007b147a: receive RaftClientReply:client-5242FEC94301->6180799a-0bdc-4f4b-a7f4-3de2007b147a@group-F910F5E6465F, cid=134, SUCCESS, logIndex=4, commits[6180799a-0bdc-4f4b-a7f4-3de2007b147a:c8, 4fb3c4cc-6da9-4fbf-9df4-1a638f998672:c5, 37cbe2e7-ebfc-4757-98ab-e72d11aa06f8:c5]
2019-07-13 22:42:43,810 INFO  client.GrpcClientProtocolClient (GrpcClientProtocolClient.java:onNext(255)) - client-5242FEC94301->6180799a-0bdc-4f4b-a7f4-3de2007b147a: receive RaftClientReply:client-5242FEC94301->6180799a-0bdc-4f4b-a7f4-3de2007b147a@group-F910F5E6465F, cid=135, SUCCESS, logIndex=5, commits[6180799a-0bdc-4f4b-a7f4-3de2007b147a:c8, 4fb3c4cc-6da9-4fbf-9df4-1a638f998672:c5, 37cbe2e7-ebfc-4757-98ab-e72d11aa06f8:c5]
2019-07-13 22:42:43,859 INFO  client.GrpcClientProtocolClient (GrpcClientProtocolClient.java:onNext(255)) - client-5242FEC94301->6180799a-0bdc-4f4b-a7f4-3de2007b147a: receive RaftClientReply:client-5242FEC94301->6180799a-0bdc-4f4b-a7f4-3de2007b147a@group-F910F5E6465F, cid=136, SUCCESS, logIndex=9, commits[6180799a-0bdc-4f4b-a7f4-3de2007b147a:c10, 4fb3c4cc-6da9-4fbf-9df4-1a638f998672:c8, 37cbe2e7-ebfc-4757-98ab-e72d11aa06f8:c5]
2019-07-13 22:42:43,875 INFO  client.GrpcClientProtocolClient (GrpcClientProtocolClient.java:onNext(255)) - client-5242FEC94301->6180799a-0bdc-4f4b-a7f4-3de2007b147a: receive RaftClientReply:client-5242FEC94301->6180799a-0bdc-4f4b-a7f4-3de2007b147a@group-F910F5E6465F, cid=137, SUCCESS, logIndex=10, commits[6180799a-0bdc-4f4b-a7f4-3de2007b147a:c10, 4fb3c4cc-6da9-4fbf-9df4-1a638f998672:c8, 37cbe2e7-ebfc-4757-98ab-e72d11aa06f8:c5]
2019-07-13 22:42:43,915 INFO  client.GrpcClientProtocolClient (GrpcClientProtocolClient.java:onNext(255)) - client-5242FEC94301->6180799a-0bdc-4f4b-a7f4-3de2007b147a: receive RaftClientReply:client-5242FEC94301->6180799a-0bdc-4f4b-a7f4-3de2007b147a@group-F910F5E6465F, cid=138, SUCCESS, logIndex=11, commits[6180799a-0bdc-4f4b-a7f4-3de2007b147a:c13, 4fb3c4cc-6da9-4fbf-9df4-1a638f998672:c8, 37cbe2e7-ebfc-4757-98ab-e72d11aa06f8:c10]
2019-07-13 22:42:43,934 INFO  client.GrpcClientProtocolClient (GrpcClientProtocolClient.java:onNext(255)) - client-5242FEC94301->6180799a-0bdc-4f4b-a7f4-3de2007b147a: receive RaftClientReply:client-5242FEC94301->6180799a-0bdc-4f4b-a7f4-3de2007b147a@group-F910F5E6465F, cid=139, SUCCESS, logIndex=12, commits[6180799a-0bdc-4f4b-a7f4-3de2007b147a:c15, 4fb3c4cc-6da9-4fbf-9df4-1a638f998672:c11, 37cbe2e7-ebfc-4757-98ab-e72d11aa06f8:c11]
2019-07-13 22:42:43,945 INFO  client.GrpcClientProtocolClient (GrpcClientProtocolClient.java:onNext(255)) - client-5242FEC94301->6180799a-0bdc-4f4b-a7f4-3de2007b147a: receive RaftClientReply:client-5242FEC94301->6180799a-0bdc-4f4b-a7f4-3de2007b147a@group-F910F5E6465F, cid=140, SUCCESS, logIndex=0, commits[6180799a-0bdc-4f4b-a7f4-3de2007b147a:c16, 4fb3c4cc-6da9-4fbf-9df4-1a638f998672:c12, 37cbe2e7-ebfc-4757-98ab-e72d11aa06f8:c12]
2019-07-13 22:42:43,964 INFO  datanode.ObjectStoreHandler (ObjectStoreHandler.java:close(155)) - Closing ObjectStoreHandler.
2019-07-13 22:42:43,965 INFO  ozone.HddsDatanodeService (HddsDatanodeService.java:stop(452)) - Stopped plug-in org.apache.hadoop.ozone.web.OzoneHddsDatanodeService@6f2f4b9e
2019-07-13 22:42:44,029 INFO  statemachine.DatanodeStateMachine (DatanodeStateMachine.java:lambda$startDaemon$0(350)) - Ozone container server started.
2019-07-13 22:42:44,042 INFO  client.GrpcClientProtocolClient (GrpcClientProtocolClient.java:onNext(255)) - client-5242FEC94301->6180799a-0bdc-4f4b-a7f4-3de2007b147a: receive RaftClientReply:client-5242FEC94301->6180799a-0bdc-4f4b-a7f4-3de2007b147a@group-F910F5E6465F, cid=141, SUCCESS, logIndex=17, commits[6180799a-0bdc-4f4b-a7f4-3de2007b147a:c18, 4fb3c4cc-6da9-4fbf-9df4-1a638f998672:c16, 37cbe2e7-ebfc-4757-98ab-e72d11aa06f8:c16]
2019-07-13 22:42:44,078 INFO  client.GrpcClientProtocolClient (GrpcClientProtocolClient.java:onNext(255)) - client-5242FEC94301->6180799a-0bdc-4f4b-a7f4-3de2007b147a: receive RaftClientReply:client-5242FEC94301->6180799a-0bdc-4f4b-a7f4-3de2007b147a@group-F910F5E6465F, cid=142, SUCCESS, logIndex=18, commits[6180799a-0bdc-4f4b-a7f4-3de2007b147a:c19, 4fb3c4cc-6da9-4fbf-9df4-1a638f998672:c18, 37cbe2e7-ebfc-4757-98ab-e72d11aa06f8:c18]
2019-07-13 22:42:45,696 WARN  server.GrpcLogAppender (LogUtils.java:warn(134)) - be1d966f-d6d3-4083-911a-9cf613e6b51b->3a934782-e929-4493-aafd-6b7b1f7f2551: Failed appendEntries: org.apache.ratis.thirdparty.io.grpc.StatusRuntimeException: UNAVAILABLE: io exception
2019-07-13 22:42:45,710 INFO  impl.FollowerInfo (FollowerInfo.java:lambda$new$0(50)) - be1d966f-d6d3-4083-911a-9cf613e6b51b->3a934782-e929-4493-aafd-6b7b1f7f2551: nextIndex: updateUnconditionally 0 -> 0
2019-07-13 22:42:46,691 INFO  node.StaleNodeHandler (StaleNodeHandler.java:onMessage(58)) - Datanode 37cbe2e7-ebfc-4757-98ab-e72d11aa06f8{ip: 192.168.5.159, host: trunk-nightly-x8m8d-1534914823, networkLocation: /default-rack, certSerialId: null} moved to stale state. Finalizing its pipelines [PipelineID=499a6997-6c7f-4375-b983-31501b8d0e48, PipelineID=5e470065-ff6e-458f-8a76-f910f5e6465f]
2019-07-13 22:42:46,692 INFO  pipeline.SCMPipelineManager (SCMPipelineManager.java:finalizeAndDestroyPipeline(309)) - destroying pipeline:Pipeline[ Id: 499a6997-6c7f-4375-b983-31501b8d0e48, Nodes: 37cbe2e7-ebfc-4757-98ab-e72d11aa06f8{ip: 192.168.5.159, host: trunk-nightly-x8m8d-1534914823, networkLocation: /default-rack, certSerialId: null}, Type:RATIS, Factor:ONE, State:OPEN]
2019-07-13 22:42:46,692 INFO  pipeline.PipelineStateManager (PipelineStateManager.java:finalizePipeline(123)) - Pipeline Pipeline[ Id: 499a6997-6c7f-4375-b983-31501b8d0e48, Nodes: 37cbe2e7-ebfc-4757-98ab-e72d11aa06f8{ip: 192.168.5.159, host: trunk-nightly-x8m8d-1534914823, networkLocation: /default-rack, certSerialId: null}, Type:RATIS, Factor:ONE, State:CLOSED] moved to CLOSED state
2019-07-13 22:42:46,692 INFO  pipeline.SCMPipelineManager (SCMPipelineManager.java:finalizeAndDestroyPipeline(309)) - destroying pipeline:Pipeline[ Id: 5e470065-ff6e-458f-8a76-f910f5e6465f, Nodes: 37cbe2e7-ebfc-4757-98ab-e72d11aa06f8{ip: 192.168.5.159, host: trunk-nightly-x8m8d-1534914823, networkLocation: /default-rack, certSerialId: null}4fb3c4cc-6da9-4fbf-9df4-1a638f998672{ip: 192.168.5.159, host: trunk-nightly-x8m8d-1534914823, networkLocation: /default-rack, certSerialId: null}6180799a-0bdc-4f4b-a7f4-3de2007b147a{ip: 192.168.5.159, host: trunk-nightly-x8m8d-1534914823, networkLocation: /default-rack, certSerialId: null}, Type:RATIS, Factor:THREE, State:OPEN]
2019-07-13 22:42:46,692 INFO  pipeline.PipelineStateManager (PipelineStateManager.java:finalizePipeline(123)) - Pipeline Pipeline[ Id: 5e470065-ff6e-458f-8a76-f910f5e6465f, Nodes: 37cbe2e7-ebfc-4757-98ab-e72d11aa06f8{ip: 192.168.5.159, host: trunk-nightly-x8m8d-1534914823, networkLocation: /default-rack, certSerialId: null}4fb3c4cc-6da9-4fbf-9df4-1a638f998672{ip: 192.168.5.159, host: trunk-nightly-x8m8d-1534914823, networkLocation: /default-rack, certSerialId: null}6180799a-0bdc-4f4b-a7f4-3de2007b147a{ip: 192.168.5.159, host: trunk-nightly-x8m8d-1534914823, networkLocation: /default-rack, certSerialId: null}, Type:RATIS, Factor:THREE, State:CLOSED] moved to CLOSED state
2019-07-13 22:42:46,693 INFO  container.CloseContainerEventHandler (CloseContainerEventHandler.java:onMessage(61)) - Close container Event triggered for container : #2
2019-07-13 22:42:46,694 INFO  container.CloseContainerEventHandler (CloseContainerEventHandler.java:onMessage(61)) - Close container Event triggered for container : #3
2019-07-13 22:42:48,196 WARN  server.GrpcLogAppender (LogUtils.java:warn(134)) - be1d966f-d6d3-4083-911a-9cf613e6b51b->3a934782-e929-4493-aafd-6b7b1f7f2551: Failed appendEntries: org.apache.ratis.thirdparty.io.grpc.StatusRuntimeException: UNAVAILABLE: io exception
2019-07-13 22:42:48,211 INFO  impl.FollowerInfo (FollowerInfo.java:lambda$new$0(50)) - be1d966f-d6d3-4083-911a-9cf613e6b51b->3a934782-e929-4493-aafd-6b7b1f7f2551: nextIndex: updateUnconditionally 0 -> 0
2019-07-13 22:42:48,965 INFO  ozoneimpl.OzoneContainer (OzoneContainer.java:stop(199)) - Attempting to stop container services.
2019-07-13 22:42:48,966 INFO  impl.RaftServerProxy (RaftServerProxy.java:lambda$close$4(314)) - 37cbe2e7-ebfc-4757-98ab-e72d11aa06f8: close
2019-07-13 22:42:48,966 INFO  impl.RaftServerImpl (RaftServerImpl.java:lambda$shutdown$3(245)) - 37cbe2e7-ebfc-4757-98ab-e72d11aa06f8: shutdown group-31501B8D0E48
2019-07-13 22:42:48,967 INFO  impl.RaftServerImpl (RaftServerImpl.java:lambda$shutdown$3(245)) - 37cbe2e7-ebfc-4757-98ab-e72d11aa06f8: shutdown group-F910F5E6465F
2019-07-13 22:42:48,967 INFO  util.JmxRegister (JmxRegister.java:unregister(73)) - Successfully un-registered JMX Bean with object name Ratis:service=RaftServer,group=group-31501B8D0E48,id=37cbe2e7-ebfc-4757-98ab-e72d11aa06f8
2019-07-13 22:42:48,967 INFO  util.JmxRegister (JmxRegister.java:unregister(73)) - Successfully un-registered JMX Bean with object name Ratis:service=RaftServer,group=group-F910F5E6465F,id=37cbe2e7-ebfc-4757-98ab-e72d11aa06f8
2019-07-13 22:42:48,968 INFO  impl.RoleInfo (RoleInfo.java:shutdownFollowerState(121)) - 37cbe2e7-ebfc-4757-98ab-e72d11aa06f8: shutdown FollowerState
2019-07-13 22:42:48,968 INFO  impl.RoleInfo (RoleInfo.java:shutdownLeaderState(104)) - 37cbe2e7-ebfc-4757-98ab-e72d11aa06f8: shutdown LeaderState
2019-07-13 22:42:48,968 INFO  impl.FollowerState (FollowerState.java:run(114)) - 37cbe2e7-ebfc-4757-98ab-e72d11aa06f8: FollowerState was interrupted: java.lang.InterruptedException: sleep interrupted
2019-07-13 22:42:48,968 INFO  ratis.ContainerStateMachine (ContainerStateMachine.java:takeSnapshot(246)) - Taking snapshot at termIndex:(t:1, i:18)
2019-07-13 22:42:48,968 INFO  impl.StateMachineUpdater (StateMachineUpdater.java:stopAndJoin(115)) - StateMachineUpdater:37cbe2e7-ebfc-4757-98ab-e72d11aa06f8:group-F910F5E6465F: set stopIndex = 20
2019-07-13 22:42:48,969 INFO  ratis.ContainerStateMachine (ContainerStateMachine.java:takeSnapshot(250)) - Taking a snapshot to file /tmp/workdir/hadoop-ozone/integration-test/target/test-dir/MiniOzoneClusterImpl-eab7cb77-d151-42e2-b330-ee915b1d7f20/datanode-0/data/ratis/5e470065-ff6e-458f-8a76-f910f5e6465f/sm/snapshot.1_18
2019-07-13 22:42:48,969 INFO  impl.PendingRequests (PendingRequests.java:sendNotLeaderResponses(202)) - 37cbe2e7-ebfc-4757-98ab-e72d11aa06f8-PendingRequests: sendNotLeaderResponses
2019-07-13 22:42:48,969 INFO  impl.StateMachineUpdater (StateMachineUpdater.java:takeSnapshot(242)) - StateMachineUpdater:37cbe2e7-ebfc-4757-98ab-e72d11aa06f8:group-F910F5E6465F: Took a snapshot at index 18
2019-07-13 22:42:48,970 INFO  impl.StateMachineUpdater (StateMachineUpdater.java:lambda$new$0(80)) - StateMachineUpdater:37cbe2e7-ebfc-4757-98ab-e72d11aa06f8:group-F910F5E6465F: snapshotIndex: updateIncreasingly -1 -> 18
2019-07-13 22:42:48,970 INFO  ratis.ContainerStateMachine (ContainerStateMachine.java:takeSnapshot(246)) - Taking snapshot at termIndex:(t:0, i:~)
2019-07-13 22:42:48,970 INFO  impl.StateMachineUpdater (StateMachineUpdater.java:stopAndJoin(115)) - StateMachineUpdater:37cbe2e7-ebfc-4757-98ab-e72d11aa06f8:group-31501B8D0E48: set stopIndex = 0
2019-07-13 22:42:48,970 INFO  impl.RaftServerImpl (ServerState.java:close(394)) - 37cbe2e7-ebfc-4757-98ab-e72d11aa06f8:group-F910F5E6465F closes. The last applied log index is 20
2019-07-13 22:42:48,970 INFO  impl.RaftServerImpl (ServerState.java:close(394)) - 37cbe2e7-ebfc-4757-98ab-e72d11aa06f8:group-31501B8D0E48 closes. The last applied log index is 0
2019-07-13 22:42:48,971 INFO  segmented.SegmentedRaftLogWorker (SegmentedRaftLogWorker.java:run(313)) - 37cbe2e7-ebfc-4757-98ab-e72d11aa06f8-SegmentedRaftLogWorker:Storage Directory /tmp/workdir/hadoop-ozone/integration-test/target/test-dir/MiniOzoneClusterImpl-eab7cb77-d151-42e2-b330-ee915b1d7f20/datanode-0/data/ratis/5e470065-ff6e-458f-8a76-f910f5e6465f was interrupted, exiting. There are 0 tasks remaining in the queue.
2019-07-13 22:42:48,971 INFO  segmented.SegmentedRaftLogWorker (SegmentedRaftLogWorker.java:run(313)) - 37cbe2e7-ebfc-4757-98ab-e72d11aa06f8-SegmentedRaftLogWorker:Storage Directory /tmp/workdir/hadoop-ozone/integration-test/target/test-dir/MiniOzoneClusterImpl-eab7cb77-d151-42e2-b330-ee915b1d7f20/datanode-0/data/ratis/499a6997-6c7f-4375-b983-31501b8d0e48 was interrupted, exiting. There are 0 tasks remaining in the queue.
2019-07-13 22:42:48,985 INFO  segmented.SegmentedRaftLogWorker (SegmentedRaftLogWorker.java:close(228)) - 37cbe2e7-ebfc-4757-98ab-e72d11aa06f8-SegmentedRaftLogWorker:Storage Directory /tmp/workdir/hadoop-ozone/integration-test/target/test-dir/MiniOzoneClusterImpl-eab7cb77-d151-42e2-b330-ee915b1d7f20/datanode-0/data/ratis/5e470065-ff6e-458f-8a76-f910f5e6465f close()
2019-07-13 22:42:48,995 INFO  segmented.SegmentedRaftLogWorker (SegmentedRaftLogWorker.java:close(228)) - 37cbe2e7-ebfc-4757-98ab-e72d11aa06f8-SegmentedRaftLogWorker:Storage Directory /tmp/workdir/hadoop-ozone/integration-test/target/test-dir/MiniOzoneClusterImpl-eab7cb77-d151-42e2-b330-ee915b1d7f20/datanode-0/data/ratis/499a6997-6c7f-4375-b983-31501b8d0e48 close()
2019-07-13 22:42:49,029 INFO  server.GrpcService (GrpcService.java:closeImpl(155)) - 37cbe2e7-ebfc-4757-98ab-e72d11aa06f8: shutdown server with port 40472 now
2019-07-13 22:42:49,030 WARN  server.GrpcServerProtocolService (LogUtils.java:warn(134)) - 37cbe2e7-ebfc-4757-98ab-e72d11aa06f8: appendEntries onError: org.apache.ratis.thirdparty.io.grpc.StatusRuntimeException: CANCELLED: cancelled before receiving half close
2019-07-13 22:42:49,031 WARN  server.GrpcLogAppender (LogUtils.java:warn(134)) - 6180799a-0bdc-4f4b-a7f4-3de2007b147a->37cbe2e7-ebfc-4757-98ab-e72d11aa06f8: Failed appendEntries: org.apache.ratis.thirdparty.io.grpc.StatusRuntimeException: CANCELLED: HTTP/2 error code: CANCEL
Received Rst Stream
2019-07-13 22:42:49,031 INFO  server.GrpcService (GrpcService.java:closeImpl(163)) - 37cbe2e7-ebfc-4757-98ab-e72d11aa06f8: shutdown server with port 40472 successfully
2019-07-13 22:42:49,031 INFO  impl.FollowerInfo (FollowerInfo.java:lambda$new$0(50)) - 6180799a-0bdc-4f4b-a7f4-3de2007b147a->37cbe2e7-ebfc-4757-98ab-e72d11aa06f8: nextIndex: updateUnconditionally 21 -> 20
2019-07-13 22:42:49,032 INFO  utils.BackgroundService (BackgroundService.java:shutdown(148)) - Shutting down service BlockDeletingService
2019-07-13 22:42:49,035 WARN  fs.CachingGetSpaceUsed (CachingGetSpaceUsed.java:run(183)) - Thread Interrupted waiting to refresh disk information: sleep interrupted
2019-07-13 22:42:49,037 WARN  server.GrpcLogAppender (LogUtils.java:warn(134)) - 6180799a-0bdc-4f4b-a7f4-3de2007b147a->37cbe2e7-ebfc-4757-98ab-e72d11aa06f8: Failed appendEntries: org.apache.ratis.thirdparty.io.grpc.StatusRuntimeException: UNAVAILABLE: io exception
2019-07-13 22:42:49,046 INFO  impl.FollowerInfo (FollowerInfo.java:lambda$new$0(50)) - 6180799a-0bdc-4f4b-a7f4-3de2007b147a->37cbe2e7-ebfc-4757-98ab-e72d11aa06f8: nextIndex: updateUnconditionally 21 -> 20
2019-07-13 22:42:49,050 WARN  server.GrpcLogAppender (LogUtils.java:warn(134)) - 6180799a-0bdc-4f4b-a7f4-3de2007b147a->37cbe2e7-ebfc-4757-98ab-e72d11aa06f8: Failed appendEntries: org.apache.ratis.thirdparty.io.grpc.StatusRuntimeException: UNAVAILABLE: io exception
2019-07-13 22:42:49,058 INFO  impl.FollowerInfo (FollowerInfo.java:lambda$new$0(50)) - 6180799a-0bdc-4f4b-a7f4-3de2007b147a->37cbe2e7-ebfc-4757-98ab-e72d11aa06f8: nextIndex: updateUnconditionally 21 -> 20
2019-07-13 22:42:49,061 WARN  server.GrpcLogAppender (LogUtils.java:warn(134)) - 6180799a-0bdc-4f4b-a7f4-3de2007b147a->37cbe2e7-ebfc-4757-98ab-e72d11aa06f8: Failed appendEntries: org.apache.ratis.thirdparty.io.grpc.StatusRuntimeException: UNAVAILABLE: io exception
2019-07-13 22:42:49,069 INFO  impl.FollowerInfo (FollowerInfo.java:lambda$new$0(50)) - 6180799a-0bdc-4f4b-a7f4-3de2007b147a->37cbe2e7-ebfc-4757-98ab-e72d11aa06f8: nextIndex: updateUnconditionally 21 -> 20
2019-07-13 22:42:49,083 INFO  interfaces.Container (KeyValueContainer.java:compactDB(356)) - Container 2 is closed with bcsId 12.
2019-07-13 22:42:49,101 INFO  statemachine.DatanodeStateMachine (DatanodeStateMachine.java:stopDaemon(395)) - Ozone container server stopped.
2019-07-13 22:42:49,090 INFO  interfaces.Container (KeyValueContainer.java:compactDB(356)) - Container 2 is closed with bcsId 12.
2019-07-13 22:42:49,103 INFO  handler.ContextHandler (ContextHandler.java:doStop(910)) - Stopped o.e.j.w.WebAppContext@7410c197{/,null,UNAVAILABLE}{/hddsDatanode}
2019-07-13 22:42:49,103 INFO  server.AbstractConnector (AbstractConnector.java:doStop(318)) - Stopped ServerConnector@363751f2{HTTP/1.1,[http/1.1]}{0.0.0.0:0}
2019-07-13 22:42:49,104 INFO  handler.ContextHandler (ContextHandler.java:doStop(910)) - Stopped o.e.j.s.ServletContextHandler@93cc5eb{/static,jar:file:/home/user/.m2/repository/org/apache/hadoop/hadoop-hdds-container-service/0.5.0-SNAPSHOT/hadoop-hdds-container-service-0.5.0-SNAPSHOT.jar!/webapps/static,UNAVAILABLE}
2019-07-13 22:42:49,105 INFO  handler.ContextHandler (ContextHandler.java:doStop(910)) - Stopped o.e.j.s.ServletContextHandler@77fd5501{/logs,file:///tmp/workdir/hadoop-ozone/integration-test/target/log,UNAVAILABLE}
2019-07-13 22:42:49,106 INFO  datanode.ObjectStoreHandler (ObjectStoreHandler.java:close(155)) - Closing ObjectStoreHandler.
2019-07-13 22:42:49,107 INFO  ozone.HddsDatanodeService (HddsDatanodeService.java:stop(452)) - Stopped plug-in org.apache.hadoop.ozone.web.OzoneHddsDatanodeService@5ad67d82
2019-07-13 22:42:49,108 WARN  server.GrpcLogAppender (LogUtils.java:warn(134)) - 6180799a-0bdc-4f4b-a7f4-3de2007b147a->37cbe2e7-ebfc-4757-98ab-e72d11aa06f8: Failed appendEntries: org.apache.ratis.thirdparty.io.grpc.StatusRuntimeException: UNAVAILABLE: io exception
2019-07-13 22:42:49,115 INFO  impl.FollowerInfo (FollowerInfo.java:lambda$new$0(50)) - 6180799a-0bdc-4f4b-a7f4-3de2007b147a->37cbe2e7-ebfc-4757-98ab-e72d11aa06f8: nextIndex: updateUnconditionally 21 -> 20
2019-07-13 22:42:49,119 WARN  server.GrpcLogAppender (LogUtils.java:warn(134)) - 6180799a-0bdc-4f4b-a7f4-3de2007b147a->37cbe2e7-ebfc-4757-98ab-e72d11aa06f8: Failed appendEntries: org.apache.ratis.thirdparty.io.grpc.StatusRuntimeException: UNAVAILABLE: io exception
2019-07-13 22:42:49,126 INFO  impl.FollowerInfo (FollowerInfo.java:lambda$new$0(50)) - 6180799a-0bdc-4f4b-a7f4-3de2007b147a->37cbe2e7-ebfc-4757-98ab-e72d11aa06f8: nextIndex: updateUnconditionally 21 -> 20
2019-07-13 22:42:49,130 WARN  server.GrpcLogAppender (LogUtils.java:warn(134)) - 6180799a-0bdc-4f4b-a7f4-3de2007b147a->37cbe2e7-ebfc-4757-98ab-e72d11aa06f8: Failed appendEntries: org.apache.ratis.thirdparty.io.grpc.StatusRuntimeException: UNAVAILABLE: io exception
2019-07-13 22:42:49,136 INFO  impl.FollowerInfo (FollowerInfo.java:lambda$new$0(50)) - 6180799a-0bdc-4f4b-a7f4-3de2007b147a->37cbe2e7-ebfc-4757-98ab-e72d11aa06f8: nextIndex: updateUnconditionally 21 -> 20
2019-07-13 22:42:49,143 INFO  interfaces.Container (KeyValueContainer.java:compactDB(356)) - Container 3 is closed with bcsId 18.
2019-07-13 22:42:49,143 INFO  interfaces.Container (KeyValueContainer.java:compactDB(356)) - Container 3 is closed with bcsId 18.
2019-07-13 22:42:49,143 INFO  statemachine.DatanodeStateMachine (DatanodeStateMachine.java:lambda$startDaemon$0(350)) - Ozone container server started.
2019-07-13 22:42:50,698 WARN  server.GrpcLogAppender (LogUtils.java:warn(134)) - be1d966f-d6d3-4083-911a-9cf613e6b51b->3a934782-e929-4493-aafd-6b7b1f7f2551: Failed appendEntries: org.apache.ratis.thirdparty.io.grpc.StatusRuntimeException: UNAVAILABLE: io exception
2019-07-13 22:42:50,713 INFO  impl.FollowerInfo (FollowerInfo.java:lambda$new$0(50)) - be1d966f-d6d3-4083-911a-9cf613e6b51b->3a934782-e929-4493-aafd-6b7b1f7f2551: nextIndex: updateUnconditionally 0 -> 0
2019-07-13 22:42:51,632 WARN  server.GrpcLogAppender (LogUtils.java:warn(134)) - 6180799a-0bdc-4f4b-a7f4-3de2007b147a->37cbe2e7-ebfc-4757-98ab-e72d11aa06f8: Failed appendEntries: org.apache.ratis.thirdparty.io.grpc.StatusRuntimeException: UNAVAILABLE: io exception
2019-07-13 22:42:51,645 INFO  impl.FollowerInfo (FollowerInfo.java:lambda$new$0(50)) - 6180799a-0bdc-4f4b-a7f4-3de2007b147a->37cbe2e7-ebfc-4757-98ab-e72d11aa06f8: nextIndex: updateUnconditionally 20 -> 19
2019-07-13 22:42:52,113 INFO  node.StaleNodeHandler (StaleNodeHandler.java:onMessage(58)) - Datanode 4fb3c4cc-6da9-4fbf-9df4-1a638f998672{ip: 192.168.5.159, host: trunk-nightly-x8m8d-1534914823, networkLocation: /default-rack, certSerialId: null} moved to stale state. Finalizing its pipelines [PipelineID=49bbed11-c4dd-488a-a8a0-9fe7aaa8bcd4, PipelineID=5e470065-ff6e-458f-8a76-f910f5e6465f]
2019-07-13 22:42:52,113 INFO  pipeline.SCMPipelineManager (SCMPipelineManager.java:finalizeAndDestroyPipeline(309)) - destroying pipeline:Pipeline[ Id: 49bbed11-c4dd-488a-a8a0-9fe7aaa8bcd4, Nodes: 4fb3c4cc-6da9-4fbf-9df4-1a638f998672{ip: 192.168.5.159, host: trunk-nightly-x8m8d-1534914823, networkLocation: /default-rack, certSerialId: null}, Type:RATIS, Factor:ONE, State:OPEN]
2019-07-13 22:42:52,114 INFO  pipeline.PipelineStateManager (PipelineStateManager.java:finalizePipeline(123)) - Pipeline Pipeline[ Id: 49bbed11-c4dd-488a-a8a0-9fe7aaa8bcd4, Nodes: 4fb3c4cc-6da9-4fbf-9df4-1a638f998672{ip: 192.168.5.159, host: trunk-nightly-x8m8d-1534914823, networkLocation: /default-rack, certSerialId: null}, Type:RATIS, Factor:ONE, State:CLOSED] moved to CLOSED state
2019-07-13 22:42:52,114 INFO  pipeline.SCMPipelineManager (SCMPipelineManager.java:finalizeAndDestroyPipeline(309)) - destroying pipeline:Pipeline[ Id: 5e470065-ff6e-458f-8a76-f910f5e6465f, Nodes: 37cbe2e7-ebfc-4757-98ab-e72d11aa06f8{ip: 192.168.5.159, host: trunk-nightly-x8m8d-1534914823, networkLocation: /default-rack, certSerialId: null}4fb3c4cc-6da9-4fbf-9df4-1a638f998672{ip: 192.168.5.159, host: trunk-nightly-x8m8d-1534914823, networkLocation: /default-rack, certSerialId: null}6180799a-0bdc-4f4b-a7f4-3de2007b147a{ip: 192.168.5.159, host: trunk-nightly-x8m8d-1534914823, networkLocation: /default-rack, certSerialId: null}, Type:RATIS, Factor:THREE, State:CLOSED]
2019-07-13 22:42:53,199 WARN  server.GrpcLogAppender (LogUtils.java:warn(134)) - be1d966f-d6d3-4083-911a-9cf613e6b51b->3a934782-e929-4493-aafd-6b7b1f7f2551: Failed appendEntries: org.apache.ratis.thirdparty.io.grpc.StatusRuntimeException: UNAVAILABLE: io exception
2019-07-13 22:42:53,213 INFO  impl.FollowerInfo (FollowerInfo.java:lambda$new$0(50)) - be1d966f-d6d3-4083-911a-9cf613e6b51b->3a934782-e929-4493-aafd-6b7b1f7f2551: nextIndex: updateUnconditionally 0 -> 0
2019-07-13 22:42:54,107 INFO  ozoneimpl.OzoneContainer (OzoneContainer.java:stop(199)) - Attempting to stop container services.
2019-07-13 22:42:54,108 INFO  impl.RaftServerProxy (RaftServerProxy.java:lambda$close$4(314)) - 4fb3c4cc-6da9-4fbf-9df4-1a638f998672: close
2019-07-13 22:42:54,108 INFO  impl.RaftServerImpl (RaftServerImpl.java:lambda$shutdown$3(245)) - 4fb3c4cc-6da9-4fbf-9df4-1a638f998672: shutdown group-9FE7AAA8BCD4
2019-07-13 22:42:54,108 INFO  impl.RaftServerImpl (RaftServerImpl.java:lambda$shutdown$3(245)) - 4fb3c4cc-6da9-4fbf-9df4-1a638f998672: shutdown group-F910F5E6465F
2019-07-13 22:42:54,109 INFO  util.JmxRegister (JmxRegister.java:unregister(73)) - Successfully un-registered JMX Bean with object name Ratis:service=RaftServer,group=group-9FE7AAA8BCD4,id=4fb3c4cc-6da9-4fbf-9df4-1a638f998672
2019-07-13 22:42:54,109 INFO  util.JmxRegister (JmxRegister.java:unregister(73)) - Successfully un-registered JMX Bean with object name Ratis:service=RaftServer,group=group-F910F5E6465F,id=4fb3c4cc-6da9-4fbf-9df4-1a638f998672
2019-07-13 22:42:54,110 INFO  impl.RoleInfo (RoleInfo.java:shutdownLeaderState(104)) - 4fb3c4cc-6da9-4fbf-9df4-1a638f998672: shutdown LeaderState
2019-07-13 22:42:54,110 INFO  impl.RoleInfo (RoleInfo.java:shutdownFollowerState(121)) - 4fb3c4cc-6da9-4fbf-9df4-1a638f998672: shutdown FollowerState
2019-07-13 22:42:54,110 INFO  impl.PendingRequests (PendingRequests.java:sendNotLeaderResponses(202)) - 4fb3c4cc-6da9-4fbf-9df4-1a638f998672-PendingRequests: sendNotLeaderResponses
2019-07-13 22:42:54,111 INFO  impl.FollowerState (FollowerState.java:run(114)) - 4fb3c4cc-6da9-4fbf-9df4-1a638f998672: FollowerState was interrupted: java.lang.InterruptedException: sleep interrupted
2019-07-13 22:42:54,111 INFO  impl.StateMachineUpdater (StateMachineUpdater.java:stopAndJoin(115)) - StateMachineUpdater:4fb3c4cc-6da9-4fbf-9df4-1a638f998672:group-9FE7AAA8BCD4: set stopIndex = 0
2019-07-13 22:42:54,111 INFO  ratis.ContainerStateMachine (ContainerStateMachine.java:takeSnapshot(246)) - Taking snapshot at termIndex:(t:1, i:23)
2019-07-13 22:42:54,110 INFO  impl.StateMachineUpdater (StateMachineUpdater.java:stopAndJoin(115)) - StateMachineUpdater:4fb3c4cc-6da9-4fbf-9df4-1a638f998672:group-F910F5E6465F: set stopIndex = 24
2019-07-13 22:42:54,112 INFO  ratis.ContainerStateMachine (ContainerStateMachine.java:takeSnapshot(250)) - Taking a snapshot to file /tmp/workdir/hadoop-ozone/integration-test/target/test-dir/MiniOzoneClusterImpl-eab7cb77-d151-42e2-b330-ee915b1d7f20/datanode-1/data/ratis/5e470065-ff6e-458f-8a76-f910f5e6465f/sm/snapshot.1_23
2019-07-13 22:42:54,111 INFO  ratis.ContainerStateMachine (ContainerStateMachine.java:takeSnapshot(246)) - Taking snapshot at termIndex:(t:0, i:~)
2019-07-13 22:42:54,112 INFO  impl.RaftServerImpl (ServerState.java:close(394)) - 4fb3c4cc-6da9-4fbf-9df4-1a638f998672:group-9FE7AAA8BCD4 closes. The last applied log index is 0
2019-07-13 22:42:54,112 INFO  impl.StateMachineUpdater (StateMachineUpdater.java:takeSnapshot(242)) - StateMachineUpdater:4fb3c4cc-6da9-4fbf-9df4-1a638f998672:group-F910F5E6465F: Took a snapshot at index 23
2019-07-13 22:42:54,113 INFO  impl.StateMachineUpdater (StateMachineUpdater.java:lambda$new$0(80)) - StateMachineUpdater:4fb3c4cc-6da9-4fbf-9df4-1a638f998672:group-F910F5E6465F: snapshotIndex: updateIncreasingly -1 -> 23
2019-07-13 22:42:54,113 INFO  segmented.SegmentedRaftLogWorker (SegmentedRaftLogWorker.java:run(313)) - 4fb3c4cc-6da9-4fbf-9df4-1a638f998672-SegmentedRaftLogWorker:Storage Directory /tmp/workdir/hadoop-ozone/integration-test/target/test-dir/MiniOzoneClusterImpl-eab7cb77-d151-42e2-b330-ee915b1d7f20/datanode-1/data/ratis/49bbed11-c4dd-488a-a8a0-9fe7aaa8bcd4 was interrupted, exiting. There are 0 tasks remaining in the queue.
2019-07-13 22:42:54,127 INFO  segmented.SegmentedRaftLogWorker (SegmentedRaftLogWorker.java:close(228)) - 4fb3c4cc-6da9-4fbf-9df4-1a638f998672-SegmentedRaftLogWorker:Storage Directory /tmp/workdir/hadoop-ozone/integration-test/target/test-dir/MiniOzoneClusterImpl-eab7cb77-d151-42e2-b330-ee915b1d7f20/datanode-1/data/ratis/49bbed11-c4dd-488a-a8a0-9fe7aaa8bcd4 close()
2019-07-13 22:42:54,128 INFO  impl.RaftServerImpl (ServerState.java:close(394)) - 4fb3c4cc-6da9-4fbf-9df4-1a638f998672:group-F910F5E6465F closes. The last applied log index is 24
2019-07-13 22:42:54,147 INFO  segmented.SegmentedRaftLogWorker (SegmentedRaftLogWorker.java:run(313)) - 4fb3c4cc-6da9-4fbf-9df4-1a638f998672-SegmentedRaftLogWorker:Storage Directory /tmp/workdir/hadoop-ozone/integration-test/target/test-dir/MiniOzoneClusterImpl-eab7cb77-d151-42e2-b330-ee915b1d7f20/datanode-1/data/ratis/5e470065-ff6e-458f-8a76-f910f5e6465f was interrupted, exiting. There are 0 tasks remaining in the queue.
2019-07-13 22:42:54,156 INFO  segmented.SegmentedRaftLogWorker (SegmentedRaftLogWorker.java:close(228)) - 4fb3c4cc-6da9-4fbf-9df4-1a638f998672-SegmentedRaftLogWorker:Storage Directory /tmp/workdir/hadoop-ozone/integration-test/target/test-dir/MiniOzoneClusterImpl-eab7cb77-d151-42e2-b330-ee915b1d7f20/datanode-1/data/ratis/5e470065-ff6e-458f-8a76-f910f5e6465f close()
2019-07-13 22:42:54,172 INFO  server.GrpcService (GrpcService.java:closeImpl(155)) - 4fb3c4cc-6da9-4fbf-9df4-1a638f998672: shutdown server with port 46689 now
2019-07-13 22:42:54,173 WARN  server.GrpcServerProtocolService (LogUtils.java:warn(134)) - 4fb3c4cc-6da9-4fbf-9df4-1a638f998672: appendEntries onError: org.apache.ratis.thirdparty.io.grpc.StatusRuntimeException: CANCELLED: cancelled before receiving half close
2019-07-13 22:42:54,173 WARN  server.GrpcLogAppender (LogUtils.java:warn(134)) - 6180799a-0bdc-4f4b-a7f4-3de2007b147a->4fb3c4cc-6da9-4fbf-9df4-1a638f998672: Failed appendEntries: org.apache.ratis.thirdparty.io.grpc.StatusRuntimeException: CANCELLED: HTTP/2 error code: CANCEL
Received Rst Stream
2019-07-13 22:42:54,173 INFO  server.GrpcService (GrpcService.java:closeImpl(163)) - 4fb3c4cc-6da9-4fbf-9df4-1a638f998672: shutdown server with port 46689 successfully
2019-07-13 22:42:54,173 INFO  impl.FollowerInfo (FollowerInfo.java:lambda$new$0(50)) - 6180799a-0bdc-4f4b-a7f4-3de2007b147a->4fb3c4cc-6da9-4fbf-9df4-1a638f998672: nextIndex: updateUnconditionally 25 -> 24
2019-07-13 22:42:54,174 WARN  server.GrpcLogAppender (LogUtils.java:warn(134)) - 6180799a-0bdc-4f4b-a7f4-3de2007b147a->37cbe2e7-ebfc-4757-98ab-e72d11aa06f8: Failed appendEntries: org.apache.ratis.thirdparty.io.grpc.StatusRuntimeException: UNAVAILABLE: io exception
2019-07-13 22:42:54,182 INFO  impl.FollowerInfo (FollowerInfo.java:lambda$new$0(50)) - 6180799a-0bdc-4f4b-a7f4-3de2007b147a->37cbe2e7-ebfc-4757-98ab-e72d11aa06f8: nextIndex: updateUnconditionally 19 -> 18
2019-07-13 22:42:54,182 INFO  utils.BackgroundService (BackgroundService.java:shutdown(148)) - Shutting down service BlockDeletingService
2019-07-13 22:42:54,183 WARN  fs.CachingGetSpaceUsed (CachingGetSpaceUsed.java:run(183)) - Thread Interrupted waiting to refresh disk information: sleep interrupted
2019-07-13 22:42:54,219 INFO  statemachine.DatanodeStateMachine (DatanodeStateMachine.java:stopDaemon(395)) - Ozone container server stopped.
2019-07-13 22:42:54,220 INFO  handler.ContextHandler (ContextHandler.java:doStop(910)) - Stopped o.e.j.w.WebAppContext@112d8c18{/,null,UNAVAILABLE}{/hddsDatanode}
2019-07-13 22:42:54,221 INFO  server.AbstractConnector (AbstractConnector.java:doStop(318)) - Stopped ServerConnector@13835bdc{HTTP/1.1,[http/1.1]}{0.0.0.0:0}
2019-07-13 22:42:54,221 INFO  handler.ContextHandler (ContextHandler.java:doStop(910)) - Stopped o.e.j.s.ServletContextHandler@2197990b{/static,jar:file:/home/user/.m2/repository/org/apache/hadoop/hadoop-hdds-container-service/0.5.0-SNAPSHOT/hadoop-hdds-container-service-0.5.0-SNAPSHOT.jar!/webapps/static,UNAVAILABLE}
2019-07-13 22:42:54,222 INFO  handler.ContextHandler (ContextHandler.java:doStop(910)) - Stopped o.e.j.s.ServletContextHandler@748015f8{/logs,file:///tmp/workdir/hadoop-ozone/integration-test/target/log,UNAVAILABLE}
22:42:54.241 [grpc-default-executor-2] ERROR DNAudit - user=null | ip=null | op=WRITE_CHUNK {blockData=conID: 3 locID: 102436553618751513 bcsId: 18} | ret=FAILURE
org.apache.hadoop.hdds.scm.container.common.helpers.ContainerNotOpenException: Container 3 in CLOSED state
	at org.apache.hadoop.ozone.container.common.impl.HddsDispatcher.validateContainerCommand(HddsDispatcher.java:408) ~[hadoop-hdds-container-service-0.5.0-SNAPSHOT.jar:?]
	at org.apache.hadoop.ozone.container.common.transport.server.ratis.ContainerStateMachine.startTransaction(ContainerStateMachine.java:271) ~[hadoop-hdds-container-service-0.5.0-SNAPSHOT.jar:?]
	at org.apache.ratis.server.impl.RaftServerImpl.submitClientRequestAsync(RaftServerImpl.java:566) ~[ratis-server-0.4.0-2337318-SNAPSHOT.jar:0.4.0-2337318-SNAPSHOT]
	at org.apache.ratis.server.impl.RaftServerProxy.lambda$submitClientRequestAsync$7(RaftServerProxy.java:333) ~[ratis-server-0.4.0-2337318-SNAPSHOT.jar:0.4.0-2337318-SNAPSHOT]
	at org.apache.ratis.server.impl.RaftServerProxy.lambda$null$5(RaftServerProxy.java:328) ~[ratis-server-0.4.0-2337318-SNAPSHOT.jar:0.4.0-2337318-SNAPSHOT]
	at org.apache.ratis.util.JavaUtils.callAsUnchecked(JavaUtils.java:109) ~[ratis-common-0.4.0-2337318-SNAPSHOT.jar:0.4.0-2337318-SNAPSHOT]
	at org.apache.ratis.server.impl.RaftServerProxy.lambda$submitRequest$6(RaftServerProxy.java:328) ~[ratis-server-0.4.0-2337318-SNAPSHOT.jar:0.4.0-2337318-SNAPSHOT]
	at java.util.concurrent.CompletableFuture.uniComposeStage(CompletableFuture.java:981) ~[?:1.8.0_212]
	at java.util.concurrent.CompletableFuture.thenCompose(CompletableFuture.java:2124) ~[?:1.8.0_212]
	at org.apache.ratis.server.impl.RaftServerProxy.submitRequest(RaftServerProxy.java:327) ~[ratis-server-0.4.0-2337318-SNAPSHOT.jar:0.4.0-2337318-SNAPSHOT]
	at org.apache.ratis.server.impl.RaftServerProxy.submitClientRequestAsync(RaftServerProxy.java:333) ~[ratis-server-0.4.0-2337318-SNAPSHOT.jar:0.4.0-2337318-SNAPSHOT]
	at org.apache.ratis.grpc.client.GrpcClientProtocolService$RequestStreamObserver.processClientRequest(GrpcClientProtocolService.java:220) ~[ratis-grpc-0.4.0-2337318-SNAPSHOT.jar:0.4.0-2337318-SNAPSHOT]
	at org.apache.ratis.grpc.client.GrpcClientProtocolService$OrderedRequestStreamObserver.processClientRequest(GrpcClientProtocolService.java:326) ~[ratis-grpc-0.4.0-2337318-SNAPSHOT.jar:0.4.0-2337318-SNAPSHOT]
	at org.apache.ratis.util.SlidingWindow$Server.processRequestsFromHead(SlidingWindow.java:429) [ratis-common-0.4.0-2337318-SNAPSHOT.jar:0.4.0-2337318-SNAPSHOT]
	at org.apache.ratis.util.SlidingWindow$Server.receivedRequest(SlidingWindow.java:421) [ratis-common-0.4.0-2337318-SNAPSHOT.jar:0.4.0-2337318-SNAPSHOT]
	at org.apache.ratis.grpc.client.GrpcClientProtocolService$OrderedRequestStreamObserver.processClientRequest(GrpcClientProtocolService.java:345) [ratis-grpc-0.4.0-2337318-SNAPSHOT.jar:0.4.0-2337318-SNAPSHOT]
	at org.apache.ratis.grpc.client.GrpcClientProtocolService$RequestStreamObserver.onNext(GrpcClientProtocolService.java:240) [ratis-grpc-0.4.0-2337318-SNAPSHOT.jar:0.4.0-2337318-SNAPSHOT]
	at org.apache.ratis.grpc.client.GrpcClientProtocolService$RequestStreamObserver.onNext(GrpcClientProtocolService.java:168) [ratis-grpc-0.4.0-2337318-SNAPSHOT.jar:0.4.0-2337318-SNAPSHOT]
	at org.apache.ratis.thirdparty.io.grpc.stub.ServerCalls$StreamingServerCallHandler$StreamingServerCallListener.onMessage(ServerCalls.java:248) [ratis-thirdparty-misc-0.2.0.jar:0.2.0]
	at org.apache.ratis.thirdparty.io.grpc.internal.ServerCallImpl$ServerStreamListenerImpl.messagesAvailable(ServerCallImpl.java:263) [ratis-thirdparty-misc-0.2.0.jar:0.2.0]
	at org.apache.ratis.thirdparty.io.grpc.internal.ServerImpl$JumpToApplicationThreadServerStreamListener$1MessagesAvailable.runInContext(ServerImpl.java:686) [ratis-thirdparty-misc-0.2.0.jar:0.2.0]
	at org.apache.ratis.thirdparty.io.grpc.internal.ContextRunnable.run(ContextRunnable.java:37) [ratis-thirdparty-misc-0.2.0.jar:0.2.0]
	at org.apache.ratis.thirdparty.io.grpc.internal.SerializingExecutor.run(SerializingExecutor.java:123) [ratis-thirdparty-misc-0.2.0.jar:0.2.0]
	at java.util.concurrent.ThreadPoolExecutor.runWorker(ThreadPoolExecutor.java:1149) [?:1.8.0_212]
	at java.util.concurrent.ThreadPoolExecutor$Worker.run(ThreadPoolExecutor.java:624) [?:1.8.0_212]
	at java.lang.Thread.run(Thread.java:748) [?:1.8.0_212]
22:42:54.280 [grpc-default-executor-2] ERROR DNAudit - user=null | ip=null | op=PUT_BLOCK {blockData=[blockId=conID: 3 locID: 102436553618751513 bcsId: 0,size=2097152]} | ret=FAILURE
org.apache.hadoop.hdds.scm.container.common.helpers.ContainerNotOpenException: Container 3 in CLOSED state
	at org.apache.hadoop.ozone.container.common.impl.HddsDispatcher.validateContainerCommand(HddsDispatcher.java:408) ~[hadoop-hdds-container-service-0.5.0-SNAPSHOT.jar:?]
	at org.apache.hadoop.ozone.container.common.transport.server.ratis.ContainerStateMachine.startTransaction(ContainerStateMachine.java:271) ~[hadoop-hdds-container-service-0.5.0-SNAPSHOT.jar:?]
	at org.apache.ratis.server.impl.RaftServerImpl.submitClientRequestAsync(RaftServerImpl.java:566) ~[ratis-server-0.4.0-2337318-SNAPSHOT.jar:0.4.0-2337318-SNAPSHOT]
	at org.apache.ratis.server.impl.RaftServerProxy.lambda$submitClientRequestAsync$7(RaftServerProxy.java:333) ~[ratis-server-0.4.0-2337318-SNAPSHOT.jar:0.4.0-2337318-SNAPSHOT]
	at org.apache.ratis.server.impl.RaftServerProxy.lambda$null$5(RaftServerProxy.java:328) ~[ratis-server-0.4.0-2337318-SNAPSHOT.jar:0.4.0-2337318-SNAPSHOT]
	at org.apache.ratis.util.JavaUtils.callAsUnchecked(JavaUtils.java:109) ~[ratis-common-0.4.0-2337318-SNAPSHOT.jar:0.4.0-2337318-SNAPSHOT]
	at org.apache.ratis.server.impl.RaftServerProxy.lambda$submitRequest$6(RaftServerProxy.java:328) ~[ratis-server-0.4.0-2337318-SNAPSHOT.jar:0.4.0-2337318-SNAPSHOT]
	at java.util.concurrent.CompletableFuture.uniComposeStage(CompletableFuture.java:981) ~[?:1.8.0_212]
	at java.util.concurrent.CompletableFuture.thenCompose(CompletableFuture.java:2124) ~[?:1.8.0_212]
	at org.apache.ratis.server.impl.RaftServerProxy.submitRequest(RaftServerProxy.java:327) ~[ratis-server-0.4.0-2337318-SNAPSHOT.jar:0.4.0-2337318-SNAPSHOT]
	at org.apache.ratis.server.impl.RaftServerProxy.submitClientRequestAsync(RaftServerProxy.java:333) ~[ratis-server-0.4.0-2337318-SNAPSHOT.jar:0.4.0-2337318-SNAPSHOT]
	at org.apache.ratis.grpc.client.GrpcClientProtocolService$RequestStreamObserver.processClientRequest(GrpcClientProtocolService.java:220) ~[ratis-grpc-0.4.0-2337318-SNAPSHOT.jar:0.4.0-2337318-SNAPSHOT]
	at org.apache.ratis.grpc.client.GrpcClientProtocolService$OrderedRequestStreamObserver.processClientRequest(GrpcClientProtocolService.java:326) ~[ratis-grpc-0.4.0-2337318-SNAPSHOT.jar:0.4.0-2337318-SNAPSHOT]
	at org.apache.ratis.util.SlidingWindow$Server.processRequestsFromHead(SlidingWindow.java:429) [ratis-common-0.4.0-2337318-SNAPSHOT.jar:0.4.0-2337318-SNAPSHOT]
	at org.apache.ratis.util.SlidingWindow$Server.receivedRequest(SlidingWindow.java:421) [ratis-common-0.4.0-2337318-SNAPSHOT.jar:0.4.0-2337318-SNAPSHOT]
	at org.apache.ratis.grpc.client.GrpcClientProtocolService$OrderedRequestStreamObserver.processClientRequest(GrpcClientProtocolService.java:345) [ratis-grpc-0.4.0-2337318-SNAPSHOT.jar:0.4.0-2337318-SNAPSHOT]
	at org.apache.ratis.grpc.client.GrpcClientProtocolService$RequestStreamObserver.onNext(GrpcClientProtocolService.java:240) [ratis-grpc-0.4.0-2337318-SNAPSHOT.jar:0.4.0-2337318-SNAPSHOT]
	at org.apache.ratis.grpc.client.GrpcClientProtocolService$RequestStreamObserver.onNext(GrpcClientProtocolService.java:168) [ratis-grpc-0.4.0-2337318-SNAPSHOT.jar:0.4.0-2337318-SNAPSHOT]
	at org.apache.ratis.thirdparty.io.grpc.stub.ServerCalls$StreamingServerCallHandler$StreamingServerCallListener.onMessage(ServerCalls.java:248) [ratis-thirdparty-misc-0.2.0.jar:0.2.0]
	at org.apache.ratis.thirdparty.io.grpc.internal.ServerCallImpl$ServerStreamListenerImpl.messagesAvailable(ServerCallImpl.java:263) [ratis-thirdparty-misc-0.2.0.jar:0.2.0]
	at org.apache.ratis.thirdparty.io.grpc.internal.ServerImpl$JumpToApplicationThreadServerStreamListener$1MessagesAvailable.runInContext(ServerImpl.java:686) [ratis-thirdparty-misc-0.2.0.jar:0.2.0]
	at org.apache.ratis.thirdparty.io.grpc.internal.ContextRunnable.run(ContextRunnable.java:37) [ratis-thirdparty-misc-0.2.0.jar:0.2.0]
	at org.apache.ratis.thirdparty.io.grpc.internal.SerializingExecutor.run(SerializingExecutor.java:123) [ratis-thirdparty-misc-0.2.0.jar:0.2.0]
	at java.util.concurrent.ThreadPoolExecutor.runWorker(ThreadPoolExecutor.java:1149) [?:1.8.0_212]
	at java.util.concurrent.ThreadPoolExecutor$Worker.run(ThreadPoolExecutor.java:624) [?:1.8.0_212]
	at java.lang.Thread.run(Thread.java:748) [?:1.8.0_212]
2019-07-13 22:42:54,296 INFO  client.GrpcClientProtocolClient (GrpcClientProtocolClient.java:onNext(255)) - client-5242FEC94301->6180799a-0bdc-4f4b-a7f4-3de2007b147a: receive RaftClientReply:client-5242FEC94301->6180799a-0bdc-4f4b-a7f4-3de2007b147a@group-F910F5E6465F, cid=143, FAILED org.apache.ratis.protocol.StateMachineException: org.apache.hadoop.hdds.scm.container.common.helpers.ContainerNotOpenException from Server 6180799a-0bdc-4f4b-a7f4-3de2007b147a: Container 3 in CLOSED state, logIndex=0, commits[6180799a-0bdc-4f4b-a7f4-3de2007b147a:c24, 4fb3c4cc-6da9-4fbf-9df4-1a638f998672:c24, 37cbe2e7-ebfc-4757-98ab-e72d11aa06f8:c20]
2019-07-13 22:42:54,299 INFO  client.GrpcClientProtocolClient (GrpcClientProtocolClient.java:onNext(255)) - client-5242FEC94301->6180799a-0bdc-4f4b-a7f4-3de2007b147a: receive RaftClientReply:client-5242FEC94301->6180799a-0bdc-4f4b-a7f4-3de2007b147a@group-F910F5E6465F, cid=144, FAILED org.apache.ratis.protocol.StateMachineException: org.apache.hadoop.hdds.scm.container.common.helpers.ContainerNotOpenException from Server 6180799a-0bdc-4f4b-a7f4-3de2007b147a: Container 3 in CLOSED state, logIndex=0, commits[6180799a-0bdc-4f4b-a7f4-3de2007b147a:c24, 4fb3c4cc-6da9-4fbf-9df4-1a638f998672:c24, 37cbe2e7-ebfc-4757-98ab-e72d11aa06f8:c20]
2019-07-13 22:42:54,362 WARN  block.BlockManagerImpl (BlockManagerImpl.java:allocateBlock(192)) - Pipeline creation failed for type:RATIS factor:THREE. Retrying get pipelines call once.
org.apache.hadoop.hdds.scm.pipeline.InsufficientDatanodesException: Cannot create pipeline of factor 3 using 1 nodes.
	at org.apache.hadoop.hdds.scm.pipeline.RatisPipelineProvider.create(RatisPipelineProvider.java:151)
	at org.apache.hadoop.hdds.scm.pipeline.PipelineFactory.create(PipelineFactory.java:57)
	at org.apache.hadoop.hdds.scm.pipeline.SCMPipelineManager.createPipeline(SCMPipelineManager.java:149)
	at org.apache.hadoop.hdds.scm.block.BlockManagerImpl.allocateBlock(BlockManagerImpl.java:190)
	at org.apache.hadoop.hdds.scm.server.SCMBlockProtocolServer.allocateBlock(SCMBlockProtocolServer.java:175)
	at org.apache.hadoop.ozone.protocolPB.ScmBlockLocationProtocolServerSideTranslatorPB.allocateScmBlock(ScmBlockLocationProtocolServerSideTranslatorPB.java:153)
	at org.apache.hadoop.ozone.protocolPB.ScmBlockLocationProtocolServerSideTranslatorPB.send(ScmBlockLocationProtocolServerSideTranslatorPB.java:112)
	at org.apache.hadoop.hdds.protocol.proto.ScmBlockLocationProtocolProtos$ScmBlockLocationProtocolService$2.callBlockingMethod(ScmBlockLocationProtocolProtos.java:13157)
	at org.apache.hadoop.ipc.ProtobufRpcEngine$Server$ProtoBufRpcInvoker.call(ProtobufRpcEngine.java:524)
	at org.apache.hadoop.ipc.RPC$Server.call(RPC.java:1025)
	at org.apache.hadoop.ipc.Server$RpcCall.run(Server.java:876)
	at org.apache.hadoop.ipc.Server$RpcCall.run(Server.java:822)
	at java.security.AccessController.doPrivileged(Native Method)
	at javax.security.auth.Subject.doAs(Subject.java:422)
	at org.apache.hadoop.security.UserGroupInformation.doAs(UserGroupInformation.java:1730)
	at org.apache.hadoop.ipc.Server$Handler.run(Server.java:2682)
2019-07-13 22:42:54,362 INFO  block.BlockManagerImpl (BlockManagerImpl.java:allocateBlock(198)) - Could not find available pipeline of type:RATIS and factor:THREE even after retrying
2019-07-13 22:42:54,363 ERROR block.BlockManagerImpl (BlockManagerImpl.java:allocateBlock(222)) - Unable to allocate a block for the size: 4194304, type: RATIS, factor: THREE
22:42:54.363 [IPC Server handler 0 on 39241] ERROR OMAudit - user=jenkins1000 | ip=127.0.0.1 | op=ALLOCATE_BLOCK {volume=datanodefailurehandlingtest, bucket=datanodefailurehandlingtest, key=ratis3, dataSize=0, replicationType=null, replicationFactor=null, keyLocationInfo=null, clientID=102436553297166358} | ret=FAILURE
org.apache.hadoop.hdds.scm.exceptions.SCMException: Allocated 0 blocks. Requested 1 blocks
	at org.apache.hadoop.hdds.scm.protocolPB.ScmBlockLocationProtocolClientSideTranslatorPB.handleError(ScmBlockLocationProtocolClientSideTranslatorPB.java:118) ~[hadoop-hdds-common-0.5.0-SNAPSHOT.jar:?]
	at org.apache.hadoop.hdds.scm.protocolPB.ScmBlockLocationProtocolClientSideTranslatorPB.allocateBlock(ScmBlockLocationProtocolClientSideTranslatorPB.java:156) ~[hadoop-hdds-common-0.5.0-SNAPSHOT.jar:?]
	at sun.reflect.GeneratedMethodAccessor67.invoke(Unknown Source) ~[?:?]
	at sun.reflect.DelegatingMethodAccessorImpl.invoke(DelegatingMethodAccessorImpl.java:43) ~[?:1.8.0_212]
	at java.lang.reflect.Method.invoke(Method.java:498) ~[?:1.8.0_212]
	at org.apache.hadoop.hdds.tracing.TraceAllMethod.invoke(TraceAllMethod.java:66) ~[hadoop-hdds-common-0.5.0-SNAPSHOT.jar:?]
	at com.sun.proxy.$Proxy25.allocateBlock(Unknown Source) ~[?:?]
	at org.apache.hadoop.ozone.om.KeyManagerImpl.allocateBlock(KeyManagerImpl.java:355) ~[hadoop-ozone-ozone-manager-0.5.0-SNAPSHOT.jar:?]
	at org.apache.hadoop.ozone.om.KeyManagerImpl.allocateBlock(KeyManagerImpl.java:323) ~[hadoop-ozone-ozone-manager-0.5.0-SNAPSHOT.jar:?]
	at org.apache.hadoop.ozone.om.OzoneManager.allocateBlock(OzoneManager.java:2349) [hadoop-ozone-ozone-manager-0.5.0-SNAPSHOT.jar:?]
	at org.apache.hadoop.ozone.protocolPB.OzoneManagerRequestHandler.allocateBlock(OzoneManagerRequestHandler.java:754) [hadoop-ozone-ozone-manager-0.5.0-SNAPSHOT.jar:?]
	at org.apache.hadoop.ozone.protocolPB.OzoneManagerRequestHandler.handle(OzoneManagerRequestHandler.java:249) [hadoop-ozone-ozone-manager-0.5.0-SNAPSHOT.jar:?]
	at org.apache.hadoop.ozone.protocolPB.OzoneManagerProtocolServerSideTranslatorPB.submitRequestDirectlyToOM(OzoneManagerProtocolServerSideTranslatorPB.java:192) [hadoop-ozone-ozone-manager-0.5.0-SNAPSHOT.jar:?]
	at org.apache.hadoop.ozone.protocolPB.OzoneManagerProtocolServerSideTranslatorPB.submitRequest(OzoneManagerProtocolServerSideTranslatorPB.java:110) [hadoop-ozone-ozone-manager-0.5.0-SNAPSHOT.jar:?]
	at org.apache.hadoop.ozone.protocol.proto.OzoneManagerProtocolProtos$OzoneManagerService$2.callBlockingMethod(OzoneManagerProtocolProtos.java) [hadoop-ozone-common-0.5.0-SNAPSHOT.jar:?]
	at org.apache.hadoop.ipc.ProtobufRpcEngine$Server$ProtoBufRpcInvoker.call(ProtobufRpcEngine.java:524) [hadoop-common-3.2.0.jar:?]
	at org.apache.hadoop.ipc.RPC$Server.call(RPC.java:1025) [hadoop-common-3.2.0.jar:?]
	at org.apache.hadoop.ipc.Server$RpcCall.run(Server.java:876) [hadoop-common-3.2.0.jar:?]
	at org.apache.hadoop.ipc.Server$RpcCall.run(Server.java:822) [hadoop-common-3.2.0.jar:?]
	at java.security.AccessController.doPrivileged(Native Method) [?:1.8.0_212]
	at javax.security.auth.Subject.doAs(Subject.java:422) [?:1.8.0_212]
	at org.apache.hadoop.security.UserGroupInformation.doAs(UserGroupInformation.java:1730) [hadoop-common-3.2.0.jar:?]
	at org.apache.hadoop.ipc.Server$Handler.run(Server.java:2682) [hadoop-common-3.2.0.jar:?]
2019-07-13 22:42:54,367 ERROR io.BlockOutputStreamEntryPool (BlockOutputStreamEntryPool.java:allocateBlockIfNeeded(299)) - Try to allocate more blocks for write failed, already allocated 0 blocks for this write.
INTERNAL_ERROR org.apache.hadoop.ozone.om.exceptions.OMException: Allocated 0 blocks. Requested 1 blocks
	at org.apache.hadoop.ozone.om.protocolPB.OzoneManagerProtocolClientSideTranslatorPB.handleError(OzoneManagerProtocolClientSideTranslatorPB.java:720)
	at org.apache.hadoop.ozone.om.protocolPB.OzoneManagerProtocolClientSideTranslatorPB.allocateBlock(OzoneManagerProtocolClientSideTranslatorPB.java:752)
	at org.apache.hadoop.ozone.client.io.BlockOutputStreamEntryPool.allocateNewBlock(BlockOutputStreamEntryPool.java:248)
	at org.apache.hadoop.ozone.client.io.BlockOutputStreamEntryPool.allocateBlockIfNeeded(BlockOutputStreamEntryPool.java:296)
	at org.apache.hadoop.ozone.client.io.KeyOutputStream.handleWrite(KeyOutputStream.java:201)
	at org.apache.hadoop.ozone.client.io.KeyOutputStream.handleRetry(KeyOutputStream.java:376)
	at org.apache.hadoop.ozone.client.io.KeyOutputStream.handleException(KeyOutputStream.java:325)
	at org.apache.hadoop.ozone.client.io.KeyOutputStream.handleWrite(KeyOutputStream.java:231)
	at org.apache.hadoop.ozone.client.io.KeyOutputStream.write(KeyOutputStream.java:193)
	at org.apache.hadoop.ozone.client.io.OzoneOutputStream.write(OzoneOutputStream.java:49)
	at java.io.OutputStream.write(OutputStream.java:75)
	at org.apache.hadoop.ozone.client.rpc.TestFailureHandlingByClient.testMultiBlockWritesWithDnFailures(TestFailureHandlingByClient.java:189)
	at sun.reflect.NativeMethodAccessorImpl.invoke0(Native Method)
	at sun.reflect.NativeMethodAccessorImpl.invoke(NativeMethodAccessorImpl.java:62)
	at sun.reflect.DelegatingMethodAccessorImpl.invoke(DelegatingMethodAccessorImpl.java:43)
	at java.lang.reflect.Method.invoke(Method.java:498)
	at org.junit.runners.model.FrameworkMethod$1.runReflectiveCall(FrameworkMethod.java:47)
	at org.junit.internal.runners.model.ReflectiveCallable.run(ReflectiveCallable.java:12)
	at org.junit.runners.model.FrameworkMethod.invokeExplosively(FrameworkMethod.java:44)
	at org.junit.internal.runners.statements.InvokeMethod.evaluate(InvokeMethod.java:17)
	at org.junit.runners.ParentRunner.runLeaf(ParentRunner.java:271)
	at org.junit.runners.BlockJUnit4ClassRunner.runChild(BlockJUnit4ClassRunner.java:70)
	at org.junit.runners.BlockJUnit4ClassRunner.runChild(BlockJUnit4ClassRunner.java:50)
	at org.junit.runners.ParentRunner$3.run(ParentRunner.java:238)
	at org.junit.runners.ParentRunner$1.schedule(ParentRunner.java:63)
	at org.junit.runners.ParentRunner.runChildren(ParentRunner.java:236)
	at org.junit.runners.ParentRunner.access$000(ParentRunner.java:53)
	at org.junit.runners.ParentRunner$2.evaluate(ParentRunner.java:229)
	at org.junit.runners.ParentRunner.run(ParentRunner.java:309)
	at org.apache.maven.surefire.junit4.JUnit4Provider.execute(JUnit4Provider.java:365)
	at org.apache.maven.surefire.junit4.JUnit4Provider.executeWithRerun(JUnit4Provider.java:273)
	at org.apache.maven.surefire.junit4.JUnit4Provider.executeTestSet(JUnit4Provider.java:238)
	at org.apache.maven.surefire.junit4.JUnit4Provider.invoke(JUnit4Provider.java:159)
	at org.apache.maven.surefire.booter.ForkedBooter.invokeProviderInSameClassLoader(ForkedBooter.java:384)
	at org.apache.maven.surefire.booter.ForkedBooter.runSuitesInProcess(ForkedBooter.java:345)
	at org.apache.maven.surefire.booter.ForkedBooter.execute(ForkedBooter.java:126)
	at org.apache.maven.surefire.booter.ForkedBooter.main(ForkedBooter.java:418)
]]></system-out>
    <system-err><![CDATA[Jul 13, 2019 10:42:32 PM com.sun.jersey.server.impl.application.WebApplicationImpl _initiate
INFO: Initiating Jersey application, version 'Jersey: 1.19 02/11/2015 03:25 AM'
Jul 13, 2019 10:42:32 PM com.sun.jersey.server.impl.application.WebApplicationImpl _initiate
INFO: Initiating Jersey application, version 'Jersey: 1.19 02/11/2015 03:25 AM'
Jul 13, 2019 10:42:32 PM com.sun.jersey.server.impl.application.WebApplicationImpl _initiate
INFO: Initiating Jersey application, version 'Jersey: 1.19 02/11/2015 03:25 AM'
Jul 13, 2019 10:42:33 PM com.sun.jersey.server.impl.application.WebApplicationImpl _initiate
INFO: Initiating Jersey application, version 'Jersey: 1.19 02/11/2015 03:25 AM'
Jul 13, 2019 10:42:33 PM com.sun.jersey.server.impl.application.WebApplicationImpl _initiate
INFO: Initiating Jersey application, version 'Jersey: 1.19 02/11/2015 03:25 AM'
Jul 13, 2019 10:42:33 PM com.sun.jersey.server.impl.application.WebApplicationImpl _initiate
INFO: Initiating Jersey application, version 'Jersey: 1.19 02/11/2015 03:25 AM'
]]></system-err>
  </testcase>
</testsuite>