<?xml version="1.0" encoding="UTF-8"?>
<testsuite xmlns:xsi="http://www.w3.org/2001/XMLSchema-instance" xsi:noNamespaceSchemaLocation="https://maven.apache.org/surefire/maven-surefire-plugin/xsd/surefire-test-report.xsd" name="org.apache.hadoop.ozone.client.rpc.TestOzoneClientRetriesOnException" time="74.898" tests="2" errors="1" skipped="0" failures="0">
  <properties>
    <property name="awt.toolkit" value="sun.awt.X11.XToolkit"/>
    <property name="file.encoding.pkg" value="sun.io"/>
    <property name="java.specification.version" value="1.8"/>
    <property name="sun.cpu.isalist" value=""/>
    <property name="sun.jnu.encoding" value="UTF-8"/>
    <property name="java.class.path" value="/tmp/workdir/hadoop-ozone/integration-test/target/test-classes:/tmp/workdir/hadoop-ozone/integration-test/target/classes:/home/user/.m2/repository/org/apache/hadoop/hadoop-ozone-common/0.5.0-SNAPSHOT/hadoop-ozone-common-0.5.0-SNAPSHOT.jar:/home/user/.m2/repository/org/apache/commons/commons-compress/1.4.1/commons-compress-1.4.1.jar:/home/user/.m2/repository/org/tukaani/xz/1.0/xz-1.0.jar:/home/user/.m2/repository/org/apache/hadoop/hadoop-common/3.2.0/hadoop-common-3.2.0.jar:/home/user/.m2/repository/org/apache/hadoop/hadoop-hdfs/3.2.0/hadoop-hdfs-3.2.0.jar:/home/user/.m2/repository/org/apache/hadoop/hadoop-hdfs-client/3.2.0/hadoop-hdfs-client-3.2.0.jar:/home/user/.m2/repository/com/fasterxml/jackson/core/jackson-annotations/2.9.5/jackson-annotations-2.9.5.jar:/home/user/.m2/repository/org/apache/hadoop/hadoop-hdds-common/0.5.0-SNAPSHOT/hadoop-hdds-common-0.5.0-SNAPSHOT.jar:/home/user/.m2/repository/javax/annotation/javax.annotation-api/1.2/javax.annotation-api-1.2.jar:/home/user/.m2/repository/org/apache/ratis/ratis-server/0.4.0-2337318-SNAPSHOT/ratis-server-0.4.0-2337318-SNAPSHOT.jar:/home/user/.m2/repository/org/apache/ratis/ratis-thirdparty-misc/0.2.0/ratis-thirdparty-misc-0.2.0.jar:/home/user/.m2/repository/org/apache/ratis/ratis-proto/0.4.0-2337318-SNAPSHOT/ratis-proto-0.4.0-2337318-SNAPSHOT.jar:/home/user/.m2/repository/org/apache/ratis/ratis-common/0.4.0-2337318-SNAPSHOT/ratis-common-0.4.0-2337318-SNAPSHOT.jar:/home/user/.m2/repository/org/apache/ratis/ratis-client/0.4.0-2337318-SNAPSHOT/ratis-client-0.4.0-2337318-SNAPSHOT.jar:/home/user/.m2/repository/org/apache/ratis/ratis-metrics/0.4.0-2337318-SNAPSHOT/ratis-metrics-0.4.0-2337318-SNAPSHOT.jar:/home/user/.m2/repository/org/apache/ratis/ratis-netty/0.4.0-2337318-SNAPSHOT/ratis-netty-0.4.0-2337318-SNAPSHOT.jar:/home/user/.m2/repository/org/apache/ratis/ratis-grpc/0.4.0-2337318-SNAPSHOT/ratis-grpc-0.4.0-2337318-SNAPSHOT.jar:/home/user/.m2/repository/org/rocksdb/rocksdbjni/6.0.1/rocksdbjni-6.0.1.jar:/home/user/.m2/repository/org/apache/logging/log4j/log4j-api/2.11.0/log4j-api-2.11.0.jar:/home/user/.m2/repository/org/apache/logging/log4j/log4j-core/2.11.0/log4j-core-2.11.0.jar:/home/user/.m2/repository/com/lmax/disruptor/3.4.2/disruptor-3.4.2.jar:/home/user/.m2/repository/org/apache/commons/commons-pool2/2.6.0/commons-pool2-2.6.0.jar:/home/user/.m2/repository/org/bouncycastle/bcpkix-jdk15on/1.60/bcpkix-jdk15on-1.60.jar:/home/user/.m2/repository/commons-validator/commons-validator/1.6/commons-validator-1.6.jar:/home/user/.m2/repository/commons-digester/commons-digester/1.8.1/commons-digester-1.8.1.jar:/home/user/.m2/repository/io/jaegertracing/jaeger-client/0.33.1/jaeger-client-0.33.1.jar:/home/user/.m2/repository/io/jaegertracing/jaeger-thrift/0.33.1/jaeger-thrift-0.33.1.jar:/home/user/.m2/repository/org/apache/thrift/libthrift/0.11.0/libthrift-0.11.0.jar:/home/user/.m2/repository/com/squareup/okhttp3/okhttp/3.9.0/okhttp-3.9.0.jar:/home/user/.m2/repository/com/squareup/okio/okio/1.13.0/okio-1.13.0.jar:/home/user/.m2/repository/io/jaegertracing/jaeger-core/0.33.1/jaeger-core-0.33.1.jar:/home/user/.m2/repository/io/jaegertracing/jaeger-tracerresolver/0.33.1/jaeger-tracerresolver-0.33.1.jar:/home/user/.m2/repository/io/opentracing/contrib/opentracing-tracerresolver/0.1.5/opentracing-tracerresolver-0.1.5.jar:/home/user/.m2/repository/io/opentracing/opentracing-util/0.31.0/opentracing-util-0.31.0.jar:/home/user/.m2/repository/io/opentracing/opentracing-api/0.31.0/opentracing-api-0.31.0.jar:/home/user/.m2/repository/io/opentracing/opentracing-noop/0.31.0/opentracing-noop-0.31.0.jar:/home/user/.m2/repository/org/apache/hadoop/hadoop-hdds-server-framework/0.5.0-SNAPSHOT/hadoop-hdds-server-framework-0.5.0-SNAPSHOT.jar:/home/user/.m2/repository/org/apache/hadoop/hadoop-hdds-container-service/0.5.0-SNAPSHOT/hadoop-hdds-container-service-0.5.0-SNAPSHOT.jar:/home/user/.m2/repository/org/apache/hadoop/hadoop-hdds-client/0.5.0-SNAPSHOT/hadoop-hdds-client-0.5.0-SNAPSHOT.jar:/home/user/.m2/repository/org/apache/hadoop/hadoop-hdds-tools/0.5.0-SNAPSHOT/hadoop-hdds-tools-0.5.0-SNAPSHOT.jar:/home/user/.m2/repository/org/apache/hadoop/hadoop-hdds-server-scm/0.5.0-SNAPSHOT/hadoop-hdds-server-scm-0.5.0-SNAPSHOT.jar:/home/user/.m2/repository/org/apache/hadoop/hadoop-hdds-docs/0.5.0-SNAPSHOT/hadoop-hdds-docs-0.5.0-SNAPSHOT.jar:/home/user/.m2/repository/io/dropwizard/metrics/metrics-core/3.2.4/metrics-core-3.2.4.jar:/home/user/.m2/repository/org/hamcrest/hamcrest-all/1.3/hamcrest-all-1.3.jar:/home/user/.m2/repository/org/bouncycastle/bcprov-jdk15on/1.60/bcprov-jdk15on-1.60.jar:/home/user/.m2/repository/info/picocli/picocli/3.9.6/picocli-3.9.6.jar:/home/user/.m2/repository/com/google/protobuf/protobuf-java/2.5.0/protobuf-java-2.5.0.jar:/home/user/.m2/repository/com/google/guava/guava/11.0.2/guava-11.0.2.jar:/home/user/.m2/repository/org/apache/hadoop/hadoop-ozone-ozone-manager/0.5.0-SNAPSHOT/hadoop-ozone-ozone-manager-0.5.0-SNAPSHOT.jar:/home/user/.m2/repository/org/apache/hadoop/hadoop-minikdc/3.2.0/hadoop-minikdc-3.2.0.jar:/home/user/.m2/repository/commons-io/commons-io/2.5/commons-io-2.5.jar:/home/user/.m2/repository/org/apache/kerby/kerb-simplekdc/1.0.1/kerb-simplekdc-1.0.1.jar:/home/user/.m2/repository/org/apache/kerby/kerb-client/1.0.1/kerb-client-1.0.1.jar:/home/user/.m2/repository/org/apache/kerby/kerby-config/1.0.1/kerby-config-1.0.1.jar:/home/user/.m2/repository/org/apache/kerby/kerb-core/1.0.1/kerb-core-1.0.1.jar:/home/user/.m2/repository/org/apache/kerby/kerby-pkix/1.0.1/kerby-pkix-1.0.1.jar:/home/user/.m2/repository/org/apache/kerby/kerby-asn1/1.0.1/kerby-asn1-1.0.1.jar:/home/user/.m2/repository/org/apache/kerby/kerby-util/1.0.1/kerby-util-1.0.1.jar:/home/user/.m2/repository/org/apache/kerby/kerb-common/1.0.1/kerb-common-1.0.1.jar:/home/user/.m2/repository/org/apache/kerby/kerb-crypto/1.0.1/kerb-crypto-1.0.1.jar:/home/user/.m2/repository/org/apache/kerby/kerb-util/1.0.1/kerb-util-1.0.1.jar:/home/user/.m2/repository/org/apache/kerby/token-provider/1.0.1/token-provider-1.0.1.jar:/home/user/.m2/repository/org/apache/kerby/kerb-admin/1.0.1/kerb-admin-1.0.1.jar:/home/user/.m2/repository/org/apache/kerby/kerb-server/1.0.1/kerb-server-1.0.1.jar:/home/user/.m2/repository/org/apache/kerby/kerb-identity/1.0.1/kerb-identity-1.0.1.jar:/home/user/.m2/repository/org/apache/kerby/kerby-xdr/1.0.1/kerby-xdr-1.0.1.jar:/home/user/.m2/repository/org/slf4j/slf4j-log4j12/1.7.25/slf4j-log4j12-1.7.25.jar:/home/user/.m2/repository/org/apache/hadoop/hadoop-ozone-objectstore-service/0.5.0-SNAPSHOT/hadoop-ozone-objectstore-service-0.5.0-SNAPSHOT.jar:/home/user/.m2/repository/org/apache/hadoop/hadoop-ozone-s3gateway/0.5.0-SNAPSHOT/hadoop-ozone-s3gateway-0.5.0-SNAPSHOT.jar:/home/user/.m2/repository/org/jboss/weld/servlet/weld-servlet/2.4.7.Final/weld-servlet-2.4.7.Final.jar:/home/user/.m2/repository/org/glassfish/jersey/containers/jersey-container-servlet-core/2.27/jersey-container-servlet-core-2.27.jar:/home/user/.m2/repository/org/glassfish/hk2/external/javax.inject/2.5.0-b42/javax.inject-2.5.0-b42.jar:/home/user/.m2/repository/org/glassfish/jersey/core/jersey-common/2.27/jersey-common-2.27.jar:/home/user/.m2/repository/org/glassfish/hk2/osgi-resource-locator/1.0.1/osgi-resource-locator-1.0.1.jar:/home/user/.m2/repository/javax/ws/rs/javax.ws.rs-api/2.1/javax.ws.rs-api-2.1.jar:/home/user/.m2/repository/org/glassfish/jersey/ext/cdi/jersey-cdi1x/2.27/jersey-cdi1x-2.27.jar:/home/user/.m2/repository/org/glassfish/jersey/inject/jersey-hk2/2.27/jersey-hk2-2.27.jar:/home/user/.m2/repository/org/glassfish/hk2/hk2-locator/2.5.0-b42/hk2-locator-2.5.0-b42.jar:/home/user/.m2/repository/org/javassist/javassist/3.22.0-CR2/javassist-3.22.0-CR2.jar:/home/user/.m2/repository/org/glassfish/hk2/hk2-api/2.5.0/hk2-api-2.5.0.jar:/home/user/.m2/repository/org/glassfish/hk2/external/jakarta.inject/2.5.0/jakarta.inject-2.5.0.jar:/home/user/.m2/repository/org/glassfish/hk2/hk2-utils/2.5.0/hk2-utils-2.5.0.jar:/home/user/.m2/repository/jakarta/annotation/jakarta.annotation-api/1.3.4/jakarta.annotation-api-1.3.4.jar:/home/user/.m2/repository/org/glassfish/hk2/external/aopalliance-repackaged/2.5.0/aopalliance-repackaged-2.5.0.jar:/home/user/.m2/repository/com/fasterxml/jackson/dataformat/jackson-dataformat-xml/2.9.0/jackson-dataformat-xml-2.9.0.jar:/home/user/.m2/repository/com/fasterxml/jackson/core/jackson-core/2.9.5/jackson-core-2.9.5.jar:/home/user/.m2/repository/com/fasterxml/jackson/module/jackson-module-jaxb-annotations/2.9.5/jackson-module-jaxb-annotations-2.9.5.jar:/home/user/.m2/repository/javax/enterprise/cdi-api/1.2/cdi-api-1.2.jar:/home/user/.m2/repository/javax/el/javax.el-api/3.0.0/javax.el-api-3.0.0.jar:/home/user/.m2/repository/javax/interceptor/javax.interceptor-api/1.2/javax.interceptor-api-1.2.jar:/home/user/.m2/repository/javax/inject/javax.inject/1/javax.inject-1.jar:/home/user/.m2/repository/com/sun/xml/bind/jaxb-impl/2.3.0.1/jaxb-impl-2.3.0.1.jar:/home/user/.m2/repository/com/sun/xml/bind/jaxb-core/2.3.0.1/jaxb-core-2.3.0.1.jar:/home/user/.m2/repository/javax/xml/bind/jaxb-api/2.3.0/jaxb-api-2.3.0.jar:/home/user/.m2/repository/javax/activation/activation/1.1.1/activation-1.1.1.jar:/home/user/.m2/repository/org/apache/hadoop/hadoop-ozone-csi/0.5.0-SNAPSHOT/hadoop-ozone-csi-0.5.0-SNAPSHOT.jar:/home/user/.m2/repository/com/google/protobuf/protobuf-java-util/3.5.1/protobuf-java-util-3.5.1.jar:/home/user/.m2/repository/org/apache/hadoop/hadoop-hdds-config/0.5.0-SNAPSHOT/hadoop-hdds-config-0.5.0-SNAPSHOT.jar:/home/user/.m2/repository/io/grpc/grpc-netty/1.17.1/grpc-netty-1.17.1.jar:/home/user/.m2/repository/io/grpc/grpc-core/1.17.1/grpc-core-1.17.1.jar:/home/user/.m2/repository/io/grpc/grpc-context/1.17.1/grpc-context-1.17.1.jar:/home/user/.m2/repository/com/google/errorprone/error_prone_annotations/2.2.0/error_prone_annotations-2.2.0.jar:/home/user/.m2/repository/org/codehaus/mojo/animal-sniffer-annotations/1.17/animal-sniffer-annotations-1.17.jar:/home/user/.m2/repository/io/opencensus/opencensus-api/0.17.0/opencensus-api-0.17.0.jar:/home/user/.m2/repository/io/opencensus/opencensus-contrib-grpc-metrics/0.17.0/opencensus-contrib-grpc-metrics-0.17.0.jar:/home/user/.m2/repository/io/netty/netty-codec-http2/4.1.30.Final/netty-codec-http2-4.1.30.Final.jar:/home/user/.m2/repository/io/netty/netty-codec-http/4.1.30.Final/netty-codec-http-4.1.30.Final.jar:/home/user/.m2/repository/io/netty/netty-codec/4.1.30.Final/netty-codec-4.1.30.Final.jar:/home/user/.m2/repository/io/netty/netty-handler/4.1.30.Final/netty-handler-4.1.30.Final.jar:/home/user/.m2/repository/io/netty/netty-handler-proxy/4.1.30.Final/netty-handler-proxy-4.1.30.Final.jar:/home/user/.m2/repository/io/netty/netty-codec-socks/4.1.30.Final/netty-codec-socks-4.1.30.Final.jar:/home/user/.m2/repository/io/netty/netty-transport-native-epoll/4.1.30.Final/netty-transport-native-epoll-4.1.30.Final.jar:/home/user/.m2/repository/io/netty/netty-common/4.1.30.Final/netty-common-4.1.30.Final.jar:/home/user/.m2/repository/io/netty/netty-buffer/4.1.30.Final/netty-buffer-4.1.30.Final.jar:/home/user/.m2/repository/io/netty/netty-transport/4.1.30.Final/netty-transport-4.1.30.Final.jar:/home/user/.m2/repository/io/netty/netty-resolver/4.1.30.Final/netty-resolver-4.1.30.Final.jar:/home/user/.m2/repository/io/netty/netty-transport-native-unix-common/4.1.30.Final/netty-transport-native-unix-common-4.1.30.Final.jar:/home/user/.m2/repository/io/grpc/grpc-protobuf/1.17.1/grpc-protobuf-1.17.1.jar:/home/user/.m2/repository/com/google/api/grpc/proto-google-common-protos/1.0.0/proto-google-common-protos-1.0.0.jar:/home/user/.m2/repository/io/grpc/grpc-protobuf-lite/1.17.1/grpc-protobuf-lite-1.17.1.jar:/home/user/.m2/repository/io/grpc/grpc-stub/1.17.1/grpc-stub-1.17.1.jar:/home/user/.m2/repository/org/apache/hadoop/hadoop-ozone-recon/0.5.0-SNAPSHOT/hadoop-ozone-recon-0.5.0-SNAPSHOT.jar:/home/user/.m2/repository/org/apache/hadoop/hadoop-ozone-reconcodegen/0.5.0-SNAPSHOT/hadoop-ozone-reconcodegen-0.5.0-SNAPSHOT.jar:/home/user/.m2/repository/com/google/inject/extensions/guice-multibindings/4.0/guice-multibindings-4.0.jar:/home/user/.m2/repository/com/google/inject/guice/4.0/guice-4.0.jar:/home/user/.m2/repository/aopalliance/aopalliance/1.0/aopalliance-1.0.jar:/home/user/.m2/repository/com/google/inject/extensions/guice-servlet/4.0/guice-servlet-4.0.jar:/home/user/.m2/repository/org/glassfish/jersey/containers/jersey-container-servlet/2.27/jersey-container-servlet-2.27.jar:/home/user/.m2/repository/org/glassfish/hk2/guice-bridge/2.5.0/guice-bridge-2.5.0.jar:/home/user/.m2/repository/org/glassfish/jersey/core/jersey-server/2.27/jersey-server-2.27.jar:/home/user/.m2/repository/org/glassfish/jersey/core/jersey-client/2.27/jersey-client-2.27.jar:/home/user/.m2/repository/org/glassfish/jersey/media/jersey-media-jaxb/2.27/jersey-media-jaxb-2.27.jar:/home/user/.m2/repository/javax/validation/validation-api/1.1.0.Final/validation-api-1.1.0.Final.jar:/home/user/.m2/repository/org/glassfish/jersey/media/jersey-media-json-jackson/2.27/jersey-media-json-jackson-2.27.jar:/home/user/.m2/repository/org/glassfish/jersey/ext/jersey-entity-filtering/2.27/jersey-entity-filtering-2.27.jar:/home/user/.m2/repository/com/google/inject/extensions/guice-assistedinject/4.0/guice-assistedinject-4.0.jar:/home/user/.m2/repository/org/jooq/jooq/3.11.10/jooq-3.11.10.jar:/home/user/.m2/repository/org/jooq/jooq-meta/3.11.10/jooq-meta-3.11.10.jar:/home/user/.m2/repository/org/jooq/jooq-codegen/3.11.10/jooq-codegen-3.11.10.jar:/home/user/.m2/repository/com/jolbox/bonecp/0.8.0.RELEASE/bonecp-0.8.0.RELEASE.jar:/home/user/.m2/repository/org/xerial/sqlite-jdbc/3.25.2/sqlite-jdbc-3.25.2.jar:/home/user/.m2/repository/org/springframework/spring-jdbc/5.1.3.RELEASE/spring-jdbc-5.1.3.RELEASE.jar:/home/user/.m2/repository/org/springframework/spring-beans/5.1.3.RELEASE/spring-beans-5.1.3.RELEASE.jar:/home/user/.m2/repository/org/springframework/spring-core/5.1.3.RELEASE/spring-core-5.1.3.RELEASE.jar:/home/user/.m2/repository/org/springframework/spring-jcl/5.1.3.RELEASE/spring-jcl-5.1.3.RELEASE.jar:/home/user/.m2/repository/org/springframework/spring-tx/5.1.3.RELEASE/spring-tx-5.1.3.RELEASE.jar:/home/user/.m2/repository/org/apache/hadoop/hadoop-ozone-client/0.5.0-SNAPSHOT/hadoop-ozone-client-0.5.0-SNAPSHOT.jar:/home/user/.m2/repository/commons-lang/commons-lang/2.6/commons-lang-2.6.jar:/home/user/.m2/repository/org/apache/hadoop/hadoop-ozone-ozone-manager/0.5.0-SNAPSHOT/hadoop-ozone-ozone-manager-0.5.0-SNAPSHOT-tests.jar:/home/user/.m2/repository/junit/junit/4.11/junit-4.11.jar:/home/user/.m2/repository/org/hamcrest/hamcrest-core/1.3/hamcrest-core-1.3.jar:/home/user/.m2/repository/org/openjdk/jmh/jmh-core/1.19/jmh-core-1.19.jar:/home/user/.m2/repository/net/sf/jopt-simple/jopt-simple/4.6/jopt-simple-4.6.jar:/home/user/.m2/repository/org/apache/commons/commons-math3/3.1.1/commons-math3-3.1.1.jar:/home/user/.m2/repository/org/openjdk/jmh/jmh-generator-annprocess/1.19/jmh-generator-annprocess-1.19.jar:/home/user/.m2/repository/org/mockito/mockito-all/1.8.5/mockito-all-1.8.5.jar:/home/user/.m2/repository/org/apache/hadoop/hadoop-kms/3.2.0/hadoop-kms-3.2.0.jar:/home/user/.m2/repository/org/apache/hadoop/hadoop-auth/3.2.0/hadoop-auth-3.2.0.jar:/home/user/.m2/repository/com/nimbusds/nimbus-jose-jwt/4.41.1/nimbus-jose-jwt-4.41.1.jar:/home/user/.m2/repository/com/github/stephenc/jcip/jcip-annotations/1.0-1/jcip-annotations-1.0-1.jar:/home/user/.m2/repository/net/minidev/json-smart/2.3/json-smart-2.3.jar:/home/user/.m2/repository/net/minidev/accessors-smart/1.2/accessors-smart-1.2.jar:/home/user/.m2/repository/org/ow2/asm/asm/5.0.4/asm-5.0.4.jar:/home/user/.m2/repository/org/apache/curator/curator-framework/2.12.0/curator-framework-2.12.0.jar:/home/user/.m2/repository/com/sun/jersey/jersey-core/1.19/jersey-core-1.19.jar:/home/user/.m2/repository/javax/ws/rs/jsr311-api/1.1.1/jsr311-api-1.1.1.jar:/home/user/.m2/repository/com/sun/jersey/jersey-server/1.19/jersey-server-1.19.jar:/home/user/.m2/repository/javax/servlet/javax.servlet-api/3.1.0/javax.servlet-api-3.1.0.jar:/home/user/.m2/repository/org/eclipse/jetty/jetty-server/9.3.24.v20180605/jetty-server-9.3.24.v20180605.jar:/home/user/.m2/repository/org/eclipse/jetty/jetty-http/9.3.24.v20180605/jetty-http-9.3.24.v20180605.jar:/home/user/.m2/repository/org/eclipse/jetty/jetty-io/9.3.24.v20180605/jetty-io-9.3.24.v20180605.jar:/home/user/.m2/repository/org/eclipse/jetty/jetty-webapp/9.3.24.v20180605/jetty-webapp-9.3.24.v20180605.jar:/home/user/.m2/repository/org/eclipse/jetty/jetty-xml/9.3.24.v20180605/jetty-xml-9.3.24.v20180605.jar:/home/user/.m2/repository/log4j/log4j/1.2.17/log4j-1.2.17.jar:/home/user/.m2/repository/org/slf4j/slf4j-api/1.7.25/slf4j-api-1.7.25.jar:/home/user/.m2/repository/org/slf4j/jul-to-slf4j/1.7.25/jul-to-slf4j-1.7.25.jar:/home/user/.m2/repository/org/eclipse/jetty/jetty-util/9.3.24.v20180605/jetty-util-9.3.24.v20180605.jar:/home/user/.m2/repository/com/fasterxml/jackson/core/jackson-databind/2.9.5/jackson-databind-2.9.5.jar:/home/user/.m2/repository/org/apache/hadoop/hadoop-kms/3.2.0/hadoop-kms-3.2.0-tests.jar:/home/user/.m2/repository/org/apache/hadoop/hadoop-hdds-server-scm/0.5.0-SNAPSHOT/hadoop-hdds-server-scm-0.5.0-SNAPSHOT-tests.jar:/home/user/.m2/repository/org/apache/hadoop/hadoop-hdds-container-service/0.5.0-SNAPSHOT/hadoop-hdds-container-service-0.5.0-SNAPSHOT-tests.jar:/home/user/.m2/repository/org/yaml/snakeyaml/1.16/snakeyaml-1.16.jar:/home/user/.m2/repository/org/apache/hadoop/hadoop-common/3.2.0/hadoop-common-3.2.0-tests.jar:/home/user/.m2/repository/org/apache/hadoop/hadoop-annotations/3.2.0/hadoop-annotations-3.2.0.jar:/usr/lib/jvm/java-1.8-openjdk/jre/../lib/tools.jar:/home/user/.m2/repository/commons-cli/commons-cli/1.2/commons-cli-1.2.jar:/home/user/.m2/repository/org/apache/httpcomponents/httpclient/4.5.2/httpclient-4.5.2.jar:/home/user/.m2/repository/org/apache/httpcomponents/httpcore/4.4.4/httpcore-4.4.4.jar:/home/user/.m2/repository/commons-codec/commons-codec/1.11/commons-codec-1.11.jar:/home/user/.m2/repository/commons-net/commons-net/3.6/commons-net-3.6.jar:/home/user/.m2/repository/commons-collections/commons-collections/3.2.2/commons-collections-3.2.2.jar:/home/user/.m2/repository/org/eclipse/jetty/jetty-servlet/9.3.24.v20180605/jetty-servlet-9.3.24.v20180605.jar:/home/user/.m2/repository/org/eclipse/jetty/jetty-security/9.3.24.v20180605/jetty-security-9.3.24.v20180605.jar:/home/user/.m2/repository/javax/servlet/jsp/jsp-api/2.1/jsp-api-2.1.jar:/home/user/.m2/repository/com/sun/jersey/jersey-servlet/1.19/jersey-servlet-1.19.jar:/home/user/.m2/repository/com/sun/jersey/jersey-json/1.19/jersey-json-1.19.jar:/home/user/.m2/repository/org/codehaus/jettison/jettison/1.1/jettison-1.1.jar:/home/user/.m2/repository/org/codehaus/jackson/jackson-core-asl/1.9.13/jackson-core-asl-1.9.13.jar:/home/user/.m2/repository/org/codehaus/jackson/jackson-mapper-asl/1.9.13/jackson-mapper-asl-1.9.13.jar:/home/user/.m2/repository/org/codehaus/jackson/jackson-jaxrs/1.9.13/jackson-jaxrs-1.9.13.jar:/home/user/.m2/repository/org/codehaus/jackson/jackson-xc/1.9.13/jackson-xc-1.9.13.jar:/home/user/.m2/repository/commons-logging/commons-logging/1.1.3/commons-logging-1.1.3.jar:/home/user/.m2/repository/commons-beanutils/commons-beanutils/1.9.3/commons-beanutils-1.9.3.jar:/home/user/.m2/repository/org/apache/commons/commons-configuration2/2.1.1/commons-configuration2-2.1.1.jar:/home/user/.m2/repository/org/apache/commons/commons-lang3/3.7/commons-lang3-3.7.jar:/home/user/.m2/repository/org/apache/commons/commons-text/1.4/commons-text-1.4.jar:/home/user/.m2/repository/org/apache/avro/avro/1.7.7/avro-1.7.7.jar:/home/user/.m2/repository/com/thoughtworks/paranamer/paranamer/2.3/paranamer-2.3.jar:/home/user/.m2/repository/org/xerial/snappy/snappy-java/1.0.5/snappy-java-1.0.5.jar:/home/user/.m2/repository/com/google/re2j/re2j/1.1/re2j-1.1.jar:/home/user/.m2/repository/com/google/code/gson/gson/2.2.4/gson-2.2.4.jar:/home/user/.m2/repository/com/jcraft/jsch/0.1.54/jsch-0.1.54.jar:/home/user/.m2/repository/org/apache/curator/curator-client/2.12.0/curator-client-2.12.0.jar:/home/user/.m2/repository/org/apache/curator/curator-recipes/2.12.0/curator-recipes-2.12.0.jar:/home/user/.m2/repository/com/google/code/findbugs/jsr305/3.0.0/jsr305-3.0.0.jar:/home/user/.m2/repository/org/apache/htrace/htrace-core4/4.1.0-incubating/htrace-core4-4.1.0-incubating.jar:/home/user/.m2/repository/org/apache/zookeeper/zookeeper/3.4.13/zookeeper-3.4.13.jar:/home/user/.m2/repository/org/apache/yetus/audience-annotations/0.5.0/audience-annotations-0.5.0.jar:/home/user/.m2/repository/org/codehaus/woodstox/stax2-api/3.1.4/stax2-api-3.1.4.jar:/home/user/.m2/repository/com/fasterxml/woodstox/woodstox-core/5.0.3/woodstox-core-5.0.3.jar:/home/user/.m2/repository/dnsjava/dnsjava/2.1.7/dnsjava-2.1.7.jar:/home/user/.m2/repository/org/apache/hadoop/hadoop-hdfs/3.2.0/hadoop-hdfs-3.2.0-tests.jar:/home/user/.m2/repository/org/eclipse/jetty/jetty-util-ajax/9.3.24.v20180605/jetty-util-ajax-9.3.24.v20180605.jar:/home/user/.m2/repository/commons-daemon/commons-daemon/1.0.13/commons-daemon-1.0.13.jar:/home/user/.m2/repository/io/netty/netty/3.10.5.Final/netty-3.10.5.Final.jar:/home/user/.m2/repository/io/netty/netty-all/4.0.52.Final/netty-all-4.0.52.Final.jar:/home/user/.m2/repository/org/fusesource/leveldbjni/leveldbjni-all/1.8/leveldbjni-all-1.8.jar:"/>
    <property name="java.vm.vendor" value="IcedTea"/>
    <property name="sun.arch.data.model" value="64"/>
    <property name="test.build.dir" value="/tmp/workdir/hadoop-ozone/integration-test/target/test-dir"/>
    <property name="test.cache.data" value=""/>
    <property name="java.vendor.url" value="https://icedtea.classpath.org"/>
    <property name="user.timezone" value=""/>
    <property name="java.vm.specification.version" value="1.8"/>
    <property name="os.name" value="Linux"/>
    <property name="test.build.data" value="/tmp/workdir/hadoop-ozone/integration-test/target/test-dir"/>
    <property name="user.country" value="US"/>
    <property name="sun.java.launcher" value="SUN_STANDARD"/>
    <property name="sun.boot.library.path" value="/usr/lib/jvm/java-1.8-openjdk/jre/lib/amd64"/>
    <property name="sun.java.command" value="/tmp/workdir/hadoop-ozone/integration-test/target/surefire/surefirebooter3797383470570113845.jar /tmp/workdir/hadoop-ozone/integration-test/target/surefire 2019-07-13T22-10-59_871-jvmRun1 surefire9068247348882326411tmp surefire_416133255054832992599tmp"/>
    <property name="surefire.test.class.path" value="/tmp/workdir/hadoop-ozone/integration-test/target/test-classes:/tmp/workdir/hadoop-ozone/integration-test/target/classes:/home/user/.m2/repository/org/apache/hadoop/hadoop-ozone-common/0.5.0-SNAPSHOT/hadoop-ozone-common-0.5.0-SNAPSHOT.jar:/home/user/.m2/repository/org/apache/commons/commons-compress/1.4.1/commons-compress-1.4.1.jar:/home/user/.m2/repository/org/tukaani/xz/1.0/xz-1.0.jar:/home/user/.m2/repository/org/apache/hadoop/hadoop-common/3.2.0/hadoop-common-3.2.0.jar:/home/user/.m2/repository/org/apache/hadoop/hadoop-hdfs/3.2.0/hadoop-hdfs-3.2.0.jar:/home/user/.m2/repository/org/apache/hadoop/hadoop-hdfs-client/3.2.0/hadoop-hdfs-client-3.2.0.jar:/home/user/.m2/repository/com/fasterxml/jackson/core/jackson-annotations/2.9.5/jackson-annotations-2.9.5.jar:/home/user/.m2/repository/org/apache/hadoop/hadoop-hdds-common/0.5.0-SNAPSHOT/hadoop-hdds-common-0.5.0-SNAPSHOT.jar:/home/user/.m2/repository/javax/annotation/javax.annotation-api/1.2/javax.annotation-api-1.2.jar:/home/user/.m2/repository/org/apache/ratis/ratis-server/0.4.0-2337318-SNAPSHOT/ratis-server-0.4.0-2337318-SNAPSHOT.jar:/home/user/.m2/repository/org/apache/ratis/ratis-thirdparty-misc/0.2.0/ratis-thirdparty-misc-0.2.0.jar:/home/user/.m2/repository/org/apache/ratis/ratis-proto/0.4.0-2337318-SNAPSHOT/ratis-proto-0.4.0-2337318-SNAPSHOT.jar:/home/user/.m2/repository/org/apache/ratis/ratis-common/0.4.0-2337318-SNAPSHOT/ratis-common-0.4.0-2337318-SNAPSHOT.jar:/home/user/.m2/repository/org/apache/ratis/ratis-client/0.4.0-2337318-SNAPSHOT/ratis-client-0.4.0-2337318-SNAPSHOT.jar:/home/user/.m2/repository/org/apache/ratis/ratis-metrics/0.4.0-2337318-SNAPSHOT/ratis-metrics-0.4.0-2337318-SNAPSHOT.jar:/home/user/.m2/repository/org/apache/ratis/ratis-netty/0.4.0-2337318-SNAPSHOT/ratis-netty-0.4.0-2337318-SNAPSHOT.jar:/home/user/.m2/repository/org/apache/ratis/ratis-grpc/0.4.0-2337318-SNAPSHOT/ratis-grpc-0.4.0-2337318-SNAPSHOT.jar:/home/user/.m2/repository/org/rocksdb/rocksdbjni/6.0.1/rocksdbjni-6.0.1.jar:/home/user/.m2/repository/org/apache/logging/log4j/log4j-api/2.11.0/log4j-api-2.11.0.jar:/home/user/.m2/repository/org/apache/logging/log4j/log4j-core/2.11.0/log4j-core-2.11.0.jar:/home/user/.m2/repository/com/lmax/disruptor/3.4.2/disruptor-3.4.2.jar:/home/user/.m2/repository/org/apache/commons/commons-pool2/2.6.0/commons-pool2-2.6.0.jar:/home/user/.m2/repository/org/bouncycastle/bcpkix-jdk15on/1.60/bcpkix-jdk15on-1.60.jar:/home/user/.m2/repository/commons-validator/commons-validator/1.6/commons-validator-1.6.jar:/home/user/.m2/repository/commons-digester/commons-digester/1.8.1/commons-digester-1.8.1.jar:/home/user/.m2/repository/io/jaegertracing/jaeger-client/0.33.1/jaeger-client-0.33.1.jar:/home/user/.m2/repository/io/jaegertracing/jaeger-thrift/0.33.1/jaeger-thrift-0.33.1.jar:/home/user/.m2/repository/org/apache/thrift/libthrift/0.11.0/libthrift-0.11.0.jar:/home/user/.m2/repository/com/squareup/okhttp3/okhttp/3.9.0/okhttp-3.9.0.jar:/home/user/.m2/repository/com/squareup/okio/okio/1.13.0/okio-1.13.0.jar:/home/user/.m2/repository/io/jaegertracing/jaeger-core/0.33.1/jaeger-core-0.33.1.jar:/home/user/.m2/repository/io/jaegertracing/jaeger-tracerresolver/0.33.1/jaeger-tracerresolver-0.33.1.jar:/home/user/.m2/repository/io/opentracing/contrib/opentracing-tracerresolver/0.1.5/opentracing-tracerresolver-0.1.5.jar:/home/user/.m2/repository/io/opentracing/opentracing-util/0.31.0/opentracing-util-0.31.0.jar:/home/user/.m2/repository/io/opentracing/opentracing-api/0.31.0/opentracing-api-0.31.0.jar:/home/user/.m2/repository/io/opentracing/opentracing-noop/0.31.0/opentracing-noop-0.31.0.jar:/home/user/.m2/repository/org/apache/hadoop/hadoop-hdds-server-framework/0.5.0-SNAPSHOT/hadoop-hdds-server-framework-0.5.0-SNAPSHOT.jar:/home/user/.m2/repository/org/apache/hadoop/hadoop-hdds-container-service/0.5.0-SNAPSHOT/hadoop-hdds-container-service-0.5.0-SNAPSHOT.jar:/home/user/.m2/repository/org/apache/hadoop/hadoop-hdds-client/0.5.0-SNAPSHOT/hadoop-hdds-client-0.5.0-SNAPSHOT.jar:/home/user/.m2/repository/org/apache/hadoop/hadoop-hdds-tools/0.5.0-SNAPSHOT/hadoop-hdds-tools-0.5.0-SNAPSHOT.jar:/home/user/.m2/repository/org/apache/hadoop/hadoop-hdds-server-scm/0.5.0-SNAPSHOT/hadoop-hdds-server-scm-0.5.0-SNAPSHOT.jar:/home/user/.m2/repository/org/apache/hadoop/hadoop-hdds-docs/0.5.0-SNAPSHOT/hadoop-hdds-docs-0.5.0-SNAPSHOT.jar:/home/user/.m2/repository/io/dropwizard/metrics/metrics-core/3.2.4/metrics-core-3.2.4.jar:/home/user/.m2/repository/org/hamcrest/hamcrest-all/1.3/hamcrest-all-1.3.jar:/home/user/.m2/repository/org/bouncycastle/bcprov-jdk15on/1.60/bcprov-jdk15on-1.60.jar:/home/user/.m2/repository/info/picocli/picocli/3.9.6/picocli-3.9.6.jar:/home/user/.m2/repository/com/google/protobuf/protobuf-java/2.5.0/protobuf-java-2.5.0.jar:/home/user/.m2/repository/com/google/guava/guava/11.0.2/guava-11.0.2.jar:/home/user/.m2/repository/org/apache/hadoop/hadoop-ozone-ozone-manager/0.5.0-SNAPSHOT/hadoop-ozone-ozone-manager-0.5.0-SNAPSHOT.jar:/home/user/.m2/repository/org/apache/hadoop/hadoop-minikdc/3.2.0/hadoop-minikdc-3.2.0.jar:/home/user/.m2/repository/commons-io/commons-io/2.5/commons-io-2.5.jar:/home/user/.m2/repository/org/apache/kerby/kerb-simplekdc/1.0.1/kerb-simplekdc-1.0.1.jar:/home/user/.m2/repository/org/apache/kerby/kerb-client/1.0.1/kerb-client-1.0.1.jar:/home/user/.m2/repository/org/apache/kerby/kerby-config/1.0.1/kerby-config-1.0.1.jar:/home/user/.m2/repository/org/apache/kerby/kerb-core/1.0.1/kerb-core-1.0.1.jar:/home/user/.m2/repository/org/apache/kerby/kerby-pkix/1.0.1/kerby-pkix-1.0.1.jar:/home/user/.m2/repository/org/apache/kerby/kerby-asn1/1.0.1/kerby-asn1-1.0.1.jar:/home/user/.m2/repository/org/apache/kerby/kerby-util/1.0.1/kerby-util-1.0.1.jar:/home/user/.m2/repository/org/apache/kerby/kerb-common/1.0.1/kerb-common-1.0.1.jar:/home/user/.m2/repository/org/apache/kerby/kerb-crypto/1.0.1/kerb-crypto-1.0.1.jar:/home/user/.m2/repository/org/apache/kerby/kerb-util/1.0.1/kerb-util-1.0.1.jar:/home/user/.m2/repository/org/apache/kerby/token-provider/1.0.1/token-provider-1.0.1.jar:/home/user/.m2/repository/org/apache/kerby/kerb-admin/1.0.1/kerb-admin-1.0.1.jar:/home/user/.m2/repository/org/apache/kerby/kerb-server/1.0.1/kerb-server-1.0.1.jar:/home/user/.m2/repository/org/apache/kerby/kerb-identity/1.0.1/kerb-identity-1.0.1.jar:/home/user/.m2/repository/org/apache/kerby/kerby-xdr/1.0.1/kerby-xdr-1.0.1.jar:/home/user/.m2/repository/org/slf4j/slf4j-log4j12/1.7.25/slf4j-log4j12-1.7.25.jar:/home/user/.m2/repository/org/apache/hadoop/hadoop-ozone-objectstore-service/0.5.0-SNAPSHOT/hadoop-ozone-objectstore-service-0.5.0-SNAPSHOT.jar:/home/user/.m2/repository/org/apache/hadoop/hadoop-ozone-s3gateway/0.5.0-SNAPSHOT/hadoop-ozone-s3gateway-0.5.0-SNAPSHOT.jar:/home/user/.m2/repository/org/jboss/weld/servlet/weld-servlet/2.4.7.Final/weld-servlet-2.4.7.Final.jar:/home/user/.m2/repository/org/glassfish/jersey/containers/jersey-container-servlet-core/2.27/jersey-container-servlet-core-2.27.jar:/home/user/.m2/repository/org/glassfish/hk2/external/javax.inject/2.5.0-b42/javax.inject-2.5.0-b42.jar:/home/user/.m2/repository/org/glassfish/jersey/core/jersey-common/2.27/jersey-common-2.27.jar:/home/user/.m2/repository/org/glassfish/hk2/osgi-resource-locator/1.0.1/osgi-resource-locator-1.0.1.jar:/home/user/.m2/repository/javax/ws/rs/javax.ws.rs-api/2.1/javax.ws.rs-api-2.1.jar:/home/user/.m2/repository/org/glassfish/jersey/ext/cdi/jersey-cdi1x/2.27/jersey-cdi1x-2.27.jar:/home/user/.m2/repository/org/glassfish/jersey/inject/jersey-hk2/2.27/jersey-hk2-2.27.jar:/home/user/.m2/repository/org/glassfish/hk2/hk2-locator/2.5.0-b42/hk2-locator-2.5.0-b42.jar:/home/user/.m2/repository/org/javassist/javassist/3.22.0-CR2/javassist-3.22.0-CR2.jar:/home/user/.m2/repository/org/glassfish/hk2/hk2-api/2.5.0/hk2-api-2.5.0.jar:/home/user/.m2/repository/org/glassfish/hk2/external/jakarta.inject/2.5.0/jakarta.inject-2.5.0.jar:/home/user/.m2/repository/org/glassfish/hk2/hk2-utils/2.5.0/hk2-utils-2.5.0.jar:/home/user/.m2/repository/jakarta/annotation/jakarta.annotation-api/1.3.4/jakarta.annotation-api-1.3.4.jar:/home/user/.m2/repository/org/glassfish/hk2/external/aopalliance-repackaged/2.5.0/aopalliance-repackaged-2.5.0.jar:/home/user/.m2/repository/com/fasterxml/jackson/dataformat/jackson-dataformat-xml/2.9.0/jackson-dataformat-xml-2.9.0.jar:/home/user/.m2/repository/com/fasterxml/jackson/core/jackson-core/2.9.5/jackson-core-2.9.5.jar:/home/user/.m2/repository/com/fasterxml/jackson/module/jackson-module-jaxb-annotations/2.9.5/jackson-module-jaxb-annotations-2.9.5.jar:/home/user/.m2/repository/javax/enterprise/cdi-api/1.2/cdi-api-1.2.jar:/home/user/.m2/repository/javax/el/javax.el-api/3.0.0/javax.el-api-3.0.0.jar:/home/user/.m2/repository/javax/interceptor/javax.interceptor-api/1.2/javax.interceptor-api-1.2.jar:/home/user/.m2/repository/javax/inject/javax.inject/1/javax.inject-1.jar:/home/user/.m2/repository/com/sun/xml/bind/jaxb-impl/2.3.0.1/jaxb-impl-2.3.0.1.jar:/home/user/.m2/repository/com/sun/xml/bind/jaxb-core/2.3.0.1/jaxb-core-2.3.0.1.jar:/home/user/.m2/repository/javax/xml/bind/jaxb-api/2.3.0/jaxb-api-2.3.0.jar:/home/user/.m2/repository/javax/activation/activation/1.1.1/activation-1.1.1.jar:/home/user/.m2/repository/org/apache/hadoop/hadoop-ozone-csi/0.5.0-SNAPSHOT/hadoop-ozone-csi-0.5.0-SNAPSHOT.jar:/home/user/.m2/repository/com/google/protobuf/protobuf-java-util/3.5.1/protobuf-java-util-3.5.1.jar:/home/user/.m2/repository/org/apache/hadoop/hadoop-hdds-config/0.5.0-SNAPSHOT/hadoop-hdds-config-0.5.0-SNAPSHOT.jar:/home/user/.m2/repository/io/grpc/grpc-netty/1.17.1/grpc-netty-1.17.1.jar:/home/user/.m2/repository/io/grpc/grpc-core/1.17.1/grpc-core-1.17.1.jar:/home/user/.m2/repository/io/grpc/grpc-context/1.17.1/grpc-context-1.17.1.jar:/home/user/.m2/repository/com/google/errorprone/error_prone_annotations/2.2.0/error_prone_annotations-2.2.0.jar:/home/user/.m2/repository/org/codehaus/mojo/animal-sniffer-annotations/1.17/animal-sniffer-annotations-1.17.jar:/home/user/.m2/repository/io/opencensus/opencensus-api/0.17.0/opencensus-api-0.17.0.jar:/home/user/.m2/repository/io/opencensus/opencensus-contrib-grpc-metrics/0.17.0/opencensus-contrib-grpc-metrics-0.17.0.jar:/home/user/.m2/repository/io/netty/netty-codec-http2/4.1.30.Final/netty-codec-http2-4.1.30.Final.jar:/home/user/.m2/repository/io/netty/netty-codec-http/4.1.30.Final/netty-codec-http-4.1.30.Final.jar:/home/user/.m2/repository/io/netty/netty-codec/4.1.30.Final/netty-codec-4.1.30.Final.jar:/home/user/.m2/repository/io/netty/netty-handler/4.1.30.Final/netty-handler-4.1.30.Final.jar:/home/user/.m2/repository/io/netty/netty-handler-proxy/4.1.30.Final/netty-handler-proxy-4.1.30.Final.jar:/home/user/.m2/repository/io/netty/netty-codec-socks/4.1.30.Final/netty-codec-socks-4.1.30.Final.jar:/home/user/.m2/repository/io/netty/netty-transport-native-epoll/4.1.30.Final/netty-transport-native-epoll-4.1.30.Final.jar:/home/user/.m2/repository/io/netty/netty-common/4.1.30.Final/netty-common-4.1.30.Final.jar:/home/user/.m2/repository/io/netty/netty-buffer/4.1.30.Final/netty-buffer-4.1.30.Final.jar:/home/user/.m2/repository/io/netty/netty-transport/4.1.30.Final/netty-transport-4.1.30.Final.jar:/home/user/.m2/repository/io/netty/netty-resolver/4.1.30.Final/netty-resolver-4.1.30.Final.jar:/home/user/.m2/repository/io/netty/netty-transport-native-unix-common/4.1.30.Final/netty-transport-native-unix-common-4.1.30.Final.jar:/home/user/.m2/repository/io/grpc/grpc-protobuf/1.17.1/grpc-protobuf-1.17.1.jar:/home/user/.m2/repository/com/google/api/grpc/proto-google-common-protos/1.0.0/proto-google-common-protos-1.0.0.jar:/home/user/.m2/repository/io/grpc/grpc-protobuf-lite/1.17.1/grpc-protobuf-lite-1.17.1.jar:/home/user/.m2/repository/io/grpc/grpc-stub/1.17.1/grpc-stub-1.17.1.jar:/home/user/.m2/repository/org/apache/hadoop/hadoop-ozone-recon/0.5.0-SNAPSHOT/hadoop-ozone-recon-0.5.0-SNAPSHOT.jar:/home/user/.m2/repository/org/apache/hadoop/hadoop-ozone-reconcodegen/0.5.0-SNAPSHOT/hadoop-ozone-reconcodegen-0.5.0-SNAPSHOT.jar:/home/user/.m2/repository/com/google/inject/extensions/guice-multibindings/4.0/guice-multibindings-4.0.jar:/home/user/.m2/repository/com/google/inject/guice/4.0/guice-4.0.jar:/home/user/.m2/repository/aopalliance/aopalliance/1.0/aopalliance-1.0.jar:/home/user/.m2/repository/com/google/inject/extensions/guice-servlet/4.0/guice-servlet-4.0.jar:/home/user/.m2/repository/org/glassfish/jersey/containers/jersey-container-servlet/2.27/jersey-container-servlet-2.27.jar:/home/user/.m2/repository/org/glassfish/hk2/guice-bridge/2.5.0/guice-bridge-2.5.0.jar:/home/user/.m2/repository/org/glassfish/jersey/core/jersey-server/2.27/jersey-server-2.27.jar:/home/user/.m2/repository/org/glassfish/jersey/core/jersey-client/2.27/jersey-client-2.27.jar:/home/user/.m2/repository/org/glassfish/jersey/media/jersey-media-jaxb/2.27/jersey-media-jaxb-2.27.jar:/home/user/.m2/repository/javax/validation/validation-api/1.1.0.Final/validation-api-1.1.0.Final.jar:/home/user/.m2/repository/org/glassfish/jersey/media/jersey-media-json-jackson/2.27/jersey-media-json-jackson-2.27.jar:/home/user/.m2/repository/org/glassfish/jersey/ext/jersey-entity-filtering/2.27/jersey-entity-filtering-2.27.jar:/home/user/.m2/repository/com/google/inject/extensions/guice-assistedinject/4.0/guice-assistedinject-4.0.jar:/home/user/.m2/repository/org/jooq/jooq/3.11.10/jooq-3.11.10.jar:/home/user/.m2/repository/org/jooq/jooq-meta/3.11.10/jooq-meta-3.11.10.jar:/home/user/.m2/repository/org/jooq/jooq-codegen/3.11.10/jooq-codegen-3.11.10.jar:/home/user/.m2/repository/com/jolbox/bonecp/0.8.0.RELEASE/bonecp-0.8.0.RELEASE.jar:/home/user/.m2/repository/org/xerial/sqlite-jdbc/3.25.2/sqlite-jdbc-3.25.2.jar:/home/user/.m2/repository/org/springframework/spring-jdbc/5.1.3.RELEASE/spring-jdbc-5.1.3.RELEASE.jar:/home/user/.m2/repository/org/springframework/spring-beans/5.1.3.RELEASE/spring-beans-5.1.3.RELEASE.jar:/home/user/.m2/repository/org/springframework/spring-core/5.1.3.RELEASE/spring-core-5.1.3.RELEASE.jar:/home/user/.m2/repository/org/springframework/spring-jcl/5.1.3.RELEASE/spring-jcl-5.1.3.RELEASE.jar:/home/user/.m2/repository/org/springframework/spring-tx/5.1.3.RELEASE/spring-tx-5.1.3.RELEASE.jar:/home/user/.m2/repository/org/apache/hadoop/hadoop-ozone-client/0.5.0-SNAPSHOT/hadoop-ozone-client-0.5.0-SNAPSHOT.jar:/home/user/.m2/repository/commons-lang/commons-lang/2.6/commons-lang-2.6.jar:/home/user/.m2/repository/org/apache/hadoop/hadoop-ozone-ozone-manager/0.5.0-SNAPSHOT/hadoop-ozone-ozone-manager-0.5.0-SNAPSHOT-tests.jar:/home/user/.m2/repository/junit/junit/4.11/junit-4.11.jar:/home/user/.m2/repository/org/hamcrest/hamcrest-core/1.3/hamcrest-core-1.3.jar:/home/user/.m2/repository/org/openjdk/jmh/jmh-core/1.19/jmh-core-1.19.jar:/home/user/.m2/repository/net/sf/jopt-simple/jopt-simple/4.6/jopt-simple-4.6.jar:/home/user/.m2/repository/org/apache/commons/commons-math3/3.1.1/commons-math3-3.1.1.jar:/home/user/.m2/repository/org/openjdk/jmh/jmh-generator-annprocess/1.19/jmh-generator-annprocess-1.19.jar:/home/user/.m2/repository/org/mockito/mockito-all/1.8.5/mockito-all-1.8.5.jar:/home/user/.m2/repository/org/apache/hadoop/hadoop-kms/3.2.0/hadoop-kms-3.2.0.jar:/home/user/.m2/repository/org/apache/hadoop/hadoop-auth/3.2.0/hadoop-auth-3.2.0.jar:/home/user/.m2/repository/com/nimbusds/nimbus-jose-jwt/4.41.1/nimbus-jose-jwt-4.41.1.jar:/home/user/.m2/repository/com/github/stephenc/jcip/jcip-annotations/1.0-1/jcip-annotations-1.0-1.jar:/home/user/.m2/repository/net/minidev/json-smart/2.3/json-smart-2.3.jar:/home/user/.m2/repository/net/minidev/accessors-smart/1.2/accessors-smart-1.2.jar:/home/user/.m2/repository/org/ow2/asm/asm/5.0.4/asm-5.0.4.jar:/home/user/.m2/repository/org/apache/curator/curator-framework/2.12.0/curator-framework-2.12.0.jar:/home/user/.m2/repository/com/sun/jersey/jersey-core/1.19/jersey-core-1.19.jar:/home/user/.m2/repository/javax/ws/rs/jsr311-api/1.1.1/jsr311-api-1.1.1.jar:/home/user/.m2/repository/com/sun/jersey/jersey-server/1.19/jersey-server-1.19.jar:/home/user/.m2/repository/javax/servlet/javax.servlet-api/3.1.0/javax.servlet-api-3.1.0.jar:/home/user/.m2/repository/org/eclipse/jetty/jetty-server/9.3.24.v20180605/jetty-server-9.3.24.v20180605.jar:/home/user/.m2/repository/org/eclipse/jetty/jetty-http/9.3.24.v20180605/jetty-http-9.3.24.v20180605.jar:/home/user/.m2/repository/org/eclipse/jetty/jetty-io/9.3.24.v20180605/jetty-io-9.3.24.v20180605.jar:/home/user/.m2/repository/org/eclipse/jetty/jetty-webapp/9.3.24.v20180605/jetty-webapp-9.3.24.v20180605.jar:/home/user/.m2/repository/org/eclipse/jetty/jetty-xml/9.3.24.v20180605/jetty-xml-9.3.24.v20180605.jar:/home/user/.m2/repository/log4j/log4j/1.2.17/log4j-1.2.17.jar:/home/user/.m2/repository/org/slf4j/slf4j-api/1.7.25/slf4j-api-1.7.25.jar:/home/user/.m2/repository/org/slf4j/jul-to-slf4j/1.7.25/jul-to-slf4j-1.7.25.jar:/home/user/.m2/repository/org/eclipse/jetty/jetty-util/9.3.24.v20180605/jetty-util-9.3.24.v20180605.jar:/home/user/.m2/repository/com/fasterxml/jackson/core/jackson-databind/2.9.5/jackson-databind-2.9.5.jar:/home/user/.m2/repository/org/apache/hadoop/hadoop-kms/3.2.0/hadoop-kms-3.2.0-tests.jar:/home/user/.m2/repository/org/apache/hadoop/hadoop-hdds-server-scm/0.5.0-SNAPSHOT/hadoop-hdds-server-scm-0.5.0-SNAPSHOT-tests.jar:/home/user/.m2/repository/org/apache/hadoop/hadoop-hdds-container-service/0.5.0-SNAPSHOT/hadoop-hdds-container-service-0.5.0-SNAPSHOT-tests.jar:/home/user/.m2/repository/org/yaml/snakeyaml/1.16/snakeyaml-1.16.jar:/home/user/.m2/repository/org/apache/hadoop/hadoop-common/3.2.0/hadoop-common-3.2.0-tests.jar:/home/user/.m2/repository/org/apache/hadoop/hadoop-annotations/3.2.0/hadoop-annotations-3.2.0.jar:/usr/lib/jvm/java-1.8-openjdk/jre/../lib/tools.jar:/home/user/.m2/repository/commons-cli/commons-cli/1.2/commons-cli-1.2.jar:/home/user/.m2/repository/org/apache/httpcomponents/httpclient/4.5.2/httpclient-4.5.2.jar:/home/user/.m2/repository/org/apache/httpcomponents/httpcore/4.4.4/httpcore-4.4.4.jar:/home/user/.m2/repository/commons-codec/commons-codec/1.11/commons-codec-1.11.jar:/home/user/.m2/repository/commons-net/commons-net/3.6/commons-net-3.6.jar:/home/user/.m2/repository/commons-collections/commons-collections/3.2.2/commons-collections-3.2.2.jar:/home/user/.m2/repository/org/eclipse/jetty/jetty-servlet/9.3.24.v20180605/jetty-servlet-9.3.24.v20180605.jar:/home/user/.m2/repository/org/eclipse/jetty/jetty-security/9.3.24.v20180605/jetty-security-9.3.24.v20180605.jar:/home/user/.m2/repository/javax/servlet/jsp/jsp-api/2.1/jsp-api-2.1.jar:/home/user/.m2/repository/com/sun/jersey/jersey-servlet/1.19/jersey-servlet-1.19.jar:/home/user/.m2/repository/com/sun/jersey/jersey-json/1.19/jersey-json-1.19.jar:/home/user/.m2/repository/org/codehaus/jettison/jettison/1.1/jettison-1.1.jar:/home/user/.m2/repository/org/codehaus/jackson/jackson-core-asl/1.9.13/jackson-core-asl-1.9.13.jar:/home/user/.m2/repository/org/codehaus/jackson/jackson-mapper-asl/1.9.13/jackson-mapper-asl-1.9.13.jar:/home/user/.m2/repository/org/codehaus/jackson/jackson-jaxrs/1.9.13/jackson-jaxrs-1.9.13.jar:/home/user/.m2/repository/org/codehaus/jackson/jackson-xc/1.9.13/jackson-xc-1.9.13.jar:/home/user/.m2/repository/commons-logging/commons-logging/1.1.3/commons-logging-1.1.3.jar:/home/user/.m2/repository/commons-beanutils/commons-beanutils/1.9.3/commons-beanutils-1.9.3.jar:/home/user/.m2/repository/org/apache/commons/commons-configuration2/2.1.1/commons-configuration2-2.1.1.jar:/home/user/.m2/repository/org/apache/commons/commons-lang3/3.7/commons-lang3-3.7.jar:/home/user/.m2/repository/org/apache/commons/commons-text/1.4/commons-text-1.4.jar:/home/user/.m2/repository/org/apache/avro/avro/1.7.7/avro-1.7.7.jar:/home/user/.m2/repository/com/thoughtworks/paranamer/paranamer/2.3/paranamer-2.3.jar:/home/user/.m2/repository/org/xerial/snappy/snappy-java/1.0.5/snappy-java-1.0.5.jar:/home/user/.m2/repository/com/google/re2j/re2j/1.1/re2j-1.1.jar:/home/user/.m2/repository/com/google/code/gson/gson/2.2.4/gson-2.2.4.jar:/home/user/.m2/repository/com/jcraft/jsch/0.1.54/jsch-0.1.54.jar:/home/user/.m2/repository/org/apache/curator/curator-client/2.12.0/curator-client-2.12.0.jar:/home/user/.m2/repository/org/apache/curator/curator-recipes/2.12.0/curator-recipes-2.12.0.jar:/home/user/.m2/repository/com/google/code/findbugs/jsr305/3.0.0/jsr305-3.0.0.jar:/home/user/.m2/repository/org/apache/htrace/htrace-core4/4.1.0-incubating/htrace-core4-4.1.0-incubating.jar:/home/user/.m2/repository/org/apache/zookeeper/zookeeper/3.4.13/zookeeper-3.4.13.jar:/home/user/.m2/repository/org/apache/yetus/audience-annotations/0.5.0/audience-annotations-0.5.0.jar:/home/user/.m2/repository/org/codehaus/woodstox/stax2-api/3.1.4/stax2-api-3.1.4.jar:/home/user/.m2/repository/com/fasterxml/woodstox/woodstox-core/5.0.3/woodstox-core-5.0.3.jar:/home/user/.m2/repository/dnsjava/dnsjava/2.1.7/dnsjava-2.1.7.jar:/home/user/.m2/repository/org/apache/hadoop/hadoop-hdfs/3.2.0/hadoop-hdfs-3.2.0-tests.jar:/home/user/.m2/repository/org/eclipse/jetty/jetty-util-ajax/9.3.24.v20180605/jetty-util-ajax-9.3.24.v20180605.jar:/home/user/.m2/repository/commons-daemon/commons-daemon/1.0.13/commons-daemon-1.0.13.jar:/home/user/.m2/repository/io/netty/netty/3.10.5.Final/netty-3.10.5.Final.jar:/home/user/.m2/repository/io/netty/netty-all/4.0.52.Final/netty-all-4.0.52.Final.jar:/home/user/.m2/repository/org/fusesource/leveldbjni/leveldbjni-all/1.8/leveldbjni-all-1.8.jar:"/>
    <property name="sun.cpu.endian" value="little"/>
    <property name="user.home" value="/home/user"/>
    <property name="user.language" value="en"/>
    <property name="java.specification.vendor" value="Oracle Corporation"/>
    <property name="java.home" value="/usr/lib/jvm/java-1.8-openjdk/jre"/>
    <property name="java.security.krb5.conf" value="/tmp/workdir/hadoop-ozone/integration-test/target/test-classes/krb5.conf"/>
    <property name="basedir" value="/tmp/workdir/hadoop-ozone/integration-test"/>
    <property name="file.separator" value="/"/>
    <property name="line.separator" value="&#10;"/>
    <property name="java.vm.specification.vendor" value="Oracle Corporation"/>
    <property name="java.specification.name" value="Java Platform API Specification"/>
    <property name="java.awt.graphicsenv" value="sun.awt.X11GraphicsEnvironment"/>
    <property name="surefire.real.class.path" value="/tmp/workdir/hadoop-ozone/integration-test/target/surefire/surefirebooter3797383470570113845.jar"/>
    <property name="hadoop.log.dir" value="/tmp/workdir/hadoop-ozone/integration-test/target/log"/>
    <property name="sun.boot.class.path" value="/usr/lib/jvm/java-1.8-openjdk/jre/lib/resources.jar:/usr/lib/jvm/java-1.8-openjdk/jre/lib/rt.jar:/usr/lib/jvm/java-1.8-openjdk/jre/lib/sunrsasign.jar:/usr/lib/jvm/java-1.8-openjdk/jre/lib/jsse.jar:/usr/lib/jvm/java-1.8-openjdk/jre/lib/jce.jar:/usr/lib/jvm/java-1.8-openjdk/jre/lib/charsets.jar:/usr/lib/jvm/java-1.8-openjdk/jre/lib/jfr.jar:/usr/lib/jvm/java-1.8-openjdk/jre/classes"/>
    <property name="sun.management.compiler" value="HotSpot 64-Bit Tiered Compilers"/>
    <property name="java.runtime.version" value="1.8.0_212-b04"/>
    <property name="java.net.preferIPv4Stack" value="true"/>
    <property name="user.name" value="jenkins1000"/>
    <property name="path.separator" value=":"/>
    <property name="java.security.egd" value="file:///dev/urandom"/>
    <property name="os.version" value="3.10.0-957.12.2.el7.x86_64"/>
    <property name="java.endorsed.dirs" value="/usr/lib/jvm/java-1.8-openjdk/jre/lib/endorsed"/>
    <property name="java.runtime.name" value="OpenJDK Runtime Environment"/>
    <property name="file.encoding" value="UTF-8"/>
    <property name="java.vm.name" value="OpenJDK 64-Bit Server VM"/>
    <property name="test.build.webapps" value=""/>
    <property name="localRepository" value="/home/user/.m2/repository"/>
    <property name="java.vendor.url.bug" value="https://icedtea.classpath.org/bugzilla"/>
    <property name="java.io.tmpdir" value="/tmp"/>
    <property name="require.test.libhadoop" value=""/>
    <property name="java.version" value="1.8.0_212"/>
    <property name="user.dir" value="/tmp/workdir/hadoop-ozone/integration-test"/>
    <property name="os.arch" value="amd64"/>
    <property name="java.vm.specification.name" value="Java Virtual Machine Specification"/>
    <property name="test.build.classes" value="/tmp/workdir/hadoop-ozone/integration-test/target/test-classes"/>
    <property name="java.awt.printerjob" value="sun.print.PSPrinterJob"/>
    <property name="sun.os.patch.level" value="unknown"/>
    <property name="hadoop.tmp.dir" value="/tmp/workdir/hadoop-ozone/integration-test/target/tmp"/>
    <property name="java.library.path" value="/usr/lib/jvm/java-1.8-openjdk/jre/lib/amd64/server:/usr/lib/jvm/java-1.8-openjdk/jre/lib/amd64:/usr/lib/jvm/java-1.8-openjdk/jre/../lib/amd64:/tmp/workdir/hadoop-ozone/integration-test/target/native/target/usr/local/lib:/tmp/workdir/hadoop-ozone/integration-test/../../hadoop-common-project/hadoop-common/target/native/target/usr/local/lib:/usr/java/packages/lib/amd64:/usr/lib64:/lib64:/lib:/usr/lib"/>
    <property name="java.vm.info" value="mixed mode"/>
    <property name="java.vendor" value="IcedTea"/>
    <property name="java.vm.version" value="25.212-b04"/>
    <property name="java.ext.dirs" value="/usr/lib/jvm/java-1.8-openjdk/jre/lib/ext:/usr/java/packages/lib/ext"/>
    <property name="sun.io.unicode.encoding" value="UnicodeLittle"/>
    <property name="java.class.version" value="52.0"/>
  </properties>
  <testcase name="testGroupMismatchExceptionHandling" classname="org.apache.hadoop.ozone.client.rpc.TestOzoneClientRetriesOnException" time="39.869">
    <error type="java.lang.IllegalArgumentException">java.lang.IllegalArgumentException
	at com.google.common.base.Preconditions.checkArgument(Preconditions.java:72)
	at org.apache.hadoop.hdds.scm.XceiverClientManager.acquireClient(XceiverClientManager.java:150)
	at org.apache.hadoop.hdds.scm.XceiverClientManager.acquireClientForReadData(XceiverClientManager.java:143)
	at org.apache.hadoop.hdds.scm.storage.BlockInputStream.getChunkInfos(BlockInputStream.java:154)
	at org.apache.hadoop.hdds.scm.storage.BlockInputStream.initialize(BlockInputStream.java:118)
	at org.apache.hadoop.hdds.scm.storage.BlockInputStream.read(BlockInputStream.java:222)
	at org.apache.hadoop.ozone.client.io.KeyInputStream.read(KeyInputStream.java:171)
	at org.apache.hadoop.ozone.client.io.OzoneInputStream.read(OzoneInputStream.java:47)
	at java.io.InputStream.read(InputStream.java:101)
	at org.apache.hadoop.ozone.container.ContainerTestHelper.validateData(ContainerTestHelper.java:709)
	at org.apache.hadoop.ozone.client.rpc.TestOzoneClientRetriesOnException.validateData(TestOzoneClientRetriesOnException.java:231)
	at org.apache.hadoop.ozone.client.rpc.TestOzoneClientRetriesOnException.testGroupMismatchExceptionHandling(TestOzoneClientRetriesOnException.java:160)
	at sun.reflect.NativeMethodAccessorImpl.invoke0(Native Method)
	at sun.reflect.NativeMethodAccessorImpl.invoke(NativeMethodAccessorImpl.java:62)
	at sun.reflect.DelegatingMethodAccessorImpl.invoke(DelegatingMethodAccessorImpl.java:43)
	at java.lang.reflect.Method.invoke(Method.java:498)
	at org.junit.runners.model.FrameworkMethod$1.runReflectiveCall(FrameworkMethod.java:47)
	at org.junit.internal.runners.model.ReflectiveCallable.run(ReflectiveCallable.java:12)
	at org.junit.runners.model.FrameworkMethod.invokeExplosively(FrameworkMethod.java:44)
	at org.junit.internal.runners.statements.InvokeMethod.evaluate(InvokeMethod.java:17)
	at org.junit.internal.runners.statements.RunBefores.evaluate(RunBefores.java:26)
	at org.junit.internal.runners.statements.RunAfters.evaluate(RunAfters.java:27)
	at org.junit.runners.ParentRunner.runLeaf(ParentRunner.java:271)
	at org.junit.runners.BlockJUnit4ClassRunner.runChild(BlockJUnit4ClassRunner.java:70)
	at org.junit.runners.BlockJUnit4ClassRunner.runChild(BlockJUnit4ClassRunner.java:50)
	at org.junit.runners.ParentRunner$3.run(ParentRunner.java:238)
	at org.junit.runners.ParentRunner$1.schedule(ParentRunner.java:63)
	at org.junit.runners.ParentRunner.runChildren(ParentRunner.java:236)
	at org.junit.runners.ParentRunner.access$000(ParentRunner.java:53)
	at org.junit.runners.ParentRunner$2.evaluate(ParentRunner.java:229)
	at org.junit.runners.ParentRunner.run(ParentRunner.java:309)
	at org.apache.maven.surefire.junit4.JUnit4Provider.execute(JUnit4Provider.java:365)
	at org.apache.maven.surefire.junit4.JUnit4Provider.executeWithRerun(JUnit4Provider.java:273)
	at org.apache.maven.surefire.junit4.JUnit4Provider.executeTestSet(JUnit4Provider.java:238)
	at org.apache.maven.surefire.junit4.JUnit4Provider.invoke(JUnit4Provider.java:159)
	at org.apache.maven.surefire.booter.ForkedBooter.invokeProviderInSameClassLoader(ForkedBooter.java:384)
	at org.apache.maven.surefire.booter.ForkedBooter.runSuitesInProcess(ForkedBooter.java:345)
	at org.apache.maven.surefire.booter.ForkedBooter.execute(ForkedBooter.java:126)
	at org.apache.maven.surefire.booter.ForkedBooter.main(ForkedBooter.java:418)
</error>
    <system-out><![CDATA[2019-07-13 22:42:55,713 WARN  server.ServerUtils (ServerUtils.java:getScmDbDir(145)) - ozone.scm.db.dirs is not configured. We recommend adding this setting. Falling back to ozone.metadata.dirs instead.
2019-07-13 22:42:55,822 WARN  server.ServerUtils (ServerUtils.java:getScmDbDir(145)) - ozone.scm.db.dirs is not configured. We recommend adding this setting. Falling back to ozone.metadata.dirs instead.
2019-07-13 22:42:55,825 WARN  server.ServerUtils (ServerUtils.java:getScmDbDir(145)) - ozone.scm.db.dirs is not configured. We recommend adding this setting. Falling back to ozone.metadata.dirs instead.
2019-07-13 22:42:55,842 INFO  util.log (Log.java:initialized(192)) - Logging initialized @845ms
2019-07-13 22:42:55,945 INFO  db.DBStoreBuilder (DBStoreBuilder.java:addTable(110)) - using custom profile for table: deletedBlocks
2019-07-13 22:42:55,945 INFO  db.DBStoreBuilder (DBStoreBuilder.java:processTables(161)) - Using default column profile:DBProfile.DISK for Table:deletedBlocks
2019-07-13 22:42:55,946 INFO  db.DBStoreBuilder (DBStoreBuilder.java:addTable(110)) - using custom profile for table: validCerts
2019-07-13 22:42:55,946 INFO  db.DBStoreBuilder (DBStoreBuilder.java:processTables(161)) - Using default column profile:DBProfile.DISK for Table:validCerts
2019-07-13 22:42:55,946 INFO  db.DBStoreBuilder (DBStoreBuilder.java:addTable(110)) - using custom profile for table: revokedCerts
2019-07-13 22:42:55,946 INFO  db.DBStoreBuilder (DBStoreBuilder.java:processTables(161)) - Using default column profile:DBProfile.DISK for Table:revokedCerts
2019-07-13 22:42:55,958 INFO  db.DBStoreBuilder (DBStoreBuilder.java:addTable(110)) - using custom profile for table: default
2019-07-13 22:42:55,958 INFO  db.DBStoreBuilder (DBStoreBuilder.java:processTables(167)) - Using default column profile:DBProfile.DISK for Table:default
2019-07-13 22:42:55,959 INFO  db.DBStoreBuilder (DBStoreBuilder.java:getDbProfile(198)) - Using default options. DBProfile.DISK
2019-07-13 22:42:56,093 INFO  net.NodeSchemaLoader (NodeSchemaLoader.java:loadSchemaFromFile(125)) - Loading file from sun.misc.CompoundEnumeration@20ce78ec
2019-07-13 22:42:56,095 INFO  net.NodeSchemaLoader (NodeSchemaLoader.java:loadSchema(171)) - Loading network topology layer schema file
2019-07-13 22:42:56,183 WARN  server.ServerUtils (ServerUtils.java:sanitizeUserArgs(70)) - ozone.scm.stale.node.interval value = 300000 is larger than max = 100000 based on the key value of ozone.scm.heartbeat.thread.interval, reset to the max value 100000.
2019-07-13 22:42:56,185 WARN  server.ServerUtils (ServerUtils.java:sanitizeUserArgs(70)) - ozone.scm.stale.node.interval value = 300000 is larger than max = 100000 based on the key value of ozone.scm.heartbeat.thread.interval, reset to the max value 100000.
2019-07-13 22:42:56,187 INFO  node.SCMNodeManager (SCMNodeManager.java:<init>(119)) - Entering startup safe mode.
2019-07-13 22:42:56,272 WARN  server.ServerUtils (ServerUtils.java:getScmDbDir(145)) - ozone.scm.db.dirs is not configured. We recommend adding this setting. Falling back to ozone.metadata.dirs instead.
2019-07-13 22:42:56,320 INFO  pipeline.SCMPipelineManager (SCMPipelineManager.java:initializePipelineState(126)) - No pipeline exists in current db
2019-07-13 22:42:56,322 WARN  server.ServerUtils (ServerUtils.java:getScmDbDir(145)) - ozone.scm.db.dirs is not configured. We recommend adding this setting. Falling back to ozone.metadata.dirs instead.
2019-07-13 22:42:56,393 WARN  events.EventQueue (EventQueue.java:fireEvent(175)) - No event handler registered for event TypedEvent{payloadType=SafeModeStatus, name='SafeModeStatus'}
2019-07-13 22:42:56,720 INFO  ipc.CallQueueManager (CallQueueManager.java:<init>(84)) - Using callQueue: class java.util.concurrent.LinkedBlockingQueue, queueCapacity: 2000, scheduler: class org.apache.hadoop.ipc.DefaultRpcScheduler, ipcBackoff: false.
2019-07-13 22:42:56,746 INFO  ipc.Server (Server.java:run(1074)) - Starting Socket Reader #1 for port 33067
2019-07-13 22:42:56,769 INFO  ipc.CallQueueManager (CallQueueManager.java:<init>(84)) - Using callQueue: class java.util.concurrent.LinkedBlockingQueue, queueCapacity: 2000, scheduler: class org.apache.hadoop.ipc.DefaultRpcScheduler, ipcBackoff: false.
2019-07-13 22:42:56,770 INFO  ipc.Server (Server.java:run(1074)) - Starting Socket Reader #1 for port 41441
2019-07-13 22:42:56,776 INFO  ipc.CallQueueManager (CallQueueManager.java:<init>(84)) - Using callQueue: class java.util.concurrent.LinkedBlockingQueue, queueCapacity: 2000, scheduler: class org.apache.hadoop.ipc.DefaultRpcScheduler, ipcBackoff: false.
2019-07-13 22:42:56,777 INFO  ipc.Server (Server.java:run(1074)) - Starting Socket Reader #1 for port 43355
2019-07-13 22:42:56,930 INFO  hdfs.DFSUtil (DFSUtil.java:httpServerTemplateForNNAndJN(1641)) - Starting Web-server for scm at: http://0.0.0.0:0
2019-07-13 22:42:57,095 INFO  server.AuthenticationFilter (AuthenticationFilter.java:constructSecretProvider(240)) - Unable to initialize FileSignerSecretProvider, falling back to use random secrets.
2019-07-13 22:42:57,102 WARN  http.HttpRequestLog (HttpRequestLog.java:getRequestLog(97)) - Jetty request log can only be enabled using Log4j
2019-07-13 22:42:57,110 INFO  http.HttpServer2 (HttpServer2.java:addGlobalFilter(975)) - Added global filter 'safety' (class=org.apache.hadoop.http.HttpServer2$QuotingInputFilter)
2019-07-13 22:42:57,113 INFO  http.HttpServer2 (HttpServer2.java:addFilter(948)) - Added filter static_user_filter (class=org.apache.hadoop.http.lib.StaticUserWebFilter$StaticUserFilter) to context scm
2019-07-13 22:42:57,113 INFO  http.HttpServer2 (HttpServer2.java:addFilter(958)) - Added filter static_user_filter (class=org.apache.hadoop.http.lib.StaticUserWebFilter$StaticUserFilter) to context static
2019-07-13 22:42:57,113 INFO  http.HttpServer2 (HttpServer2.java:addFilter(958)) - Added filter static_user_filter (class=org.apache.hadoop.http.lib.StaticUserWebFilter$StaticUserFilter) to context logs
2019-07-13 22:42:57,140 INFO  server.StorageContainerManager (StorageContainerManager.java:start(759)) - StorageContainerLocationProtocol RPC server is listening at /0.0.0.0:43355
2019-07-13 22:42:57,200 WARN  impl.MetricsConfig (MetricsConfig.java:loadFirst(134)) - Cannot locate configuration: tried hadoop-metrics2-storagecontainermanager.properties,hadoop-metrics2.properties
2019-07-13 22:42:57,212 INFO  impl.MetricsSystemImpl (MetricsSystemImpl.java:startTimer(374)) - Scheduled Metric snapshot period at 10 second(s).
2019-07-13 22:42:57,212 INFO  impl.MetricsSystemImpl (MetricsSystemImpl.java:start(191)) - StorageContainerManager metrics system started
2019-07-13 22:42:57,461 INFO  server.SCMClientProtocolServer (SCMClientProtocolServer.java:start(149)) - RPC server for Client  is listening at /0.0.0.0:43355
2019-07-13 22:42:57,462 INFO  ipc.Server (Server.java:run(1314)) - IPC Server Responder: starting
2019-07-13 22:42:57,463 INFO  ipc.Server (Server.java:run(1153)) - IPC Server listener on 43355: starting
2019-07-13 22:42:57,467 INFO  server.StorageContainerManager (StorageContainerManager.java:start(768)) - ScmBlockLocationProtocol RPC server is listening at /0.0.0.0:41441
2019-07-13 22:42:57,468 INFO  server.SCMBlockProtocolServer (SCMBlockProtocolServer.java:start(140)) - RPC server for Block Protocol is listening at /0.0.0.0:41441
2019-07-13 22:42:57,468 INFO  ipc.Server (Server.java:run(1314)) - IPC Server Responder: starting
2019-07-13 22:42:57,468 INFO  ipc.Server (Server.java:run(1153)) - IPC Server listener on 41441: starting
2019-07-13 22:42:57,477 INFO  server.StorageContainerManager (StorageContainerManager.java:start(772)) - ScmDatanodeProtocl RPC server is listening at /0.0.0.0:33067
2019-07-13 22:42:57,477 INFO  server.SCMDatanodeProtocolServer (SCMDatanodeProtocolServer.java:start(191)) - RPC server for DataNodes is listening at /0.0.0.0:33067
2019-07-13 22:42:57,478 INFO  ipc.Server (Server.java:run(1314)) - IPC Server Responder: starting
2019-07-13 22:42:57,479 INFO  ipc.Server (Server.java:run(1153)) - IPC Server listener on 33067: starting
2019-07-13 22:42:57,491 INFO  http.HttpServer2 (HttpServer2.java:bindListener(1191)) - Jetty bound to port 39775
2019-07-13 22:42:57,493 INFO  server.Server (Server.java:doStart(351)) - jetty-9.3.24.v20180605, build timestamp: 2018-06-05T17:11:56Z, git hash: 84205aa28f11a4f31f2a3b86d1bba2cc8ab69827
2019-07-13 22:42:57,532 INFO  handler.ContextHandler (ContextHandler.java:doStart(781)) - Started o.e.j.s.ServletContextHandler@635572a7{/logs,file:///tmp/workdir/hadoop-ozone/integration-test/target/log,AVAILABLE}
2019-07-13 22:42:57,533 INFO  handler.ContextHandler (ContextHandler.java:doStart(781)) - Started o.e.j.s.ServletContextHandler@4dd02341{/static,file:///tmp/workdir/hadoop-ozone/integration-test/target/test-classes/webapps/static,AVAILABLE}
2019-07-13 22:42:57,565 INFO  handler.ContextHandler (ContextHandler.java:doStart(781)) - Started o.e.j.w.WebAppContext@6fff253c{/,file:///tmp/workdir/hadoop-ozone/integration-test/target/test-classes/webapps/scm/,AVAILABLE}{/scm}
2019-07-13 22:42:57,570 INFO  server.AbstractConnector (AbstractConnector.java:doStart(278)) - Started ServerConnector@7c041b41{HTTP/1.1,[http/1.1]}{0.0.0.0:39775}
2019-07-13 22:42:57,571 INFO  server.Server (Server.java:doStart(419)) - Started @2574ms
2019-07-13 22:42:57,573 INFO  server.BaseHttpServer (BaseHttpServer.java:updateConnectorAddress(207)) - HTTP server of SCM is listening at http://0.0.0.0:39775
2019-07-13 22:42:57,584 INFO  util.JvmPauseMonitor (JvmPauseMonitor.java:run(188)) - Starting JVM pause monitor
2019-07-13 22:42:57,589 WARN  server.ServerUtils (ServerUtils.java:getDBPath(222)) - ozone.om.db.dirs is not configured. We recommend adding this setting. Falling back to ozone.metadata.dirs instead.
2019-07-13 22:42:57,731 WARN  server.ServerUtils (ServerUtils.java:getDBPath(222)) - ozone.om.db.dirs is not configured. We recommend adding this setting. Falling back to ozone.metadata.dirs instead.
2019-07-13 22:42:57,733 INFO  om.OzoneManager (OzoneManager.java:setOMNodeDetails(630)) - OM Service ID is not set. Setting it to the default ID: omServiceIdDefault
2019-07-13 22:42:57,733 INFO  om.OzoneManager (OzoneManager.java:setOMNodeDetails(636)) - OM Node ID is not set. Setting it to the OmStorage's OmID: 713075df-448c-4822-a529-7b87dd893f69
2019-07-13 22:42:57,734 INFO  om.OzoneManager (OzoneManager.java:loadOMHAConfigs(587)) - Found matching OM address with OMServiceId: null, OMNodeId: null, RPC Address: localhost:0 and Ratis port: 9872
2019-07-13 22:42:58,000 WARN  server.ServerUtils (ServerUtils.java:getDBPath(222)) - ozone.om.db.dirs is not configured. We recommend adding this setting. Falling back to ozone.metadata.dirs instead.
2019-07-13 22:42:58,011 INFO  db.DBStoreBuilder (DBStoreBuilder.java:addTable(110)) - using custom profile for table: userTable
2019-07-13 22:42:58,012 INFO  db.DBStoreBuilder (DBStoreBuilder.java:processTables(161)) - Using default column profile:DBProfile.DISK for Table:userTable
2019-07-13 22:42:58,012 INFO  db.DBStoreBuilder (DBStoreBuilder.java:addTable(110)) - using custom profile for table: volumeTable
2019-07-13 22:42:58,013 INFO  db.DBStoreBuilder (DBStoreBuilder.java:processTables(161)) - Using default column profile:DBProfile.DISK for Table:volumeTable
2019-07-13 22:42:58,013 INFO  db.DBStoreBuilder (DBStoreBuilder.java:addTable(110)) - using custom profile for table: bucketTable
2019-07-13 22:42:58,013 INFO  db.DBStoreBuilder (DBStoreBuilder.java:processTables(161)) - Using default column profile:DBProfile.DISK for Table:bucketTable
2019-07-13 22:42:58,014 INFO  db.DBStoreBuilder (DBStoreBuilder.java:addTable(110)) - using custom profile for table: keyTable
2019-07-13 22:42:58,014 INFO  db.DBStoreBuilder (DBStoreBuilder.java:processTables(161)) - Using default column profile:DBProfile.DISK for Table:keyTable
2019-07-13 22:42:58,015 INFO  db.DBStoreBuilder (DBStoreBuilder.java:addTable(110)) - using custom profile for table: deletedTable
2019-07-13 22:42:58,015 INFO  db.DBStoreBuilder (DBStoreBuilder.java:processTables(161)) - Using default column profile:DBProfile.DISK for Table:deletedTable
2019-07-13 22:42:58,015 INFO  db.DBStoreBuilder (DBStoreBuilder.java:addTable(110)) - using custom profile for table: openKeyTable
2019-07-13 22:42:58,016 INFO  db.DBStoreBuilder (DBStoreBuilder.java:processTables(161)) - Using default column profile:DBProfile.DISK for Table:openKeyTable
2019-07-13 22:42:58,016 INFO  db.DBStoreBuilder (DBStoreBuilder.java:addTable(110)) - using custom profile for table: s3Table
2019-07-13 22:42:58,017 INFO  db.DBStoreBuilder (DBStoreBuilder.java:processTables(161)) - Using default column profile:DBProfile.DISK for Table:s3Table
2019-07-13 22:42:58,017 INFO  db.DBStoreBuilder (DBStoreBuilder.java:addTable(110)) - using custom profile for table: multipartInfoTable
2019-07-13 22:42:58,017 INFO  db.DBStoreBuilder (DBStoreBuilder.java:processTables(161)) - Using default column profile:DBProfile.DISK for Table:multipartInfoTable
2019-07-13 22:42:58,018 INFO  db.DBStoreBuilder (DBStoreBuilder.java:addTable(110)) - using custom profile for table: dTokenTable
2019-07-13 22:42:58,018 INFO  db.DBStoreBuilder (DBStoreBuilder.java:processTables(161)) - Using default column profile:DBProfile.DISK for Table:dTokenTable
2019-07-13 22:42:58,019 INFO  db.DBStoreBuilder (DBStoreBuilder.java:addTable(110)) - using custom profile for table: s3SecretTable
2019-07-13 22:42:58,019 INFO  db.DBStoreBuilder (DBStoreBuilder.java:processTables(161)) - Using default column profile:DBProfile.DISK for Table:s3SecretTable
2019-07-13 22:42:58,019 INFO  db.DBStoreBuilder (DBStoreBuilder.java:addTable(110)) - using custom profile for table: prefixTable
2019-07-13 22:42:58,020 INFO  db.DBStoreBuilder (DBStoreBuilder.java:processTables(161)) - Using default column profile:DBProfile.DISK for Table:prefixTable
2019-07-13 22:42:58,020 INFO  db.DBStoreBuilder (DBStoreBuilder.java:addTable(110)) - using custom profile for table: default
2019-07-13 22:42:58,020 INFO  db.DBStoreBuilder (DBStoreBuilder.java:processTables(167)) - Using default column profile:DBProfile.DISK for Table:default
2019-07-13 22:42:58,021 INFO  db.DBStoreBuilder (DBStoreBuilder.java:getDbProfile(198)) - Using default options. DBProfile.DISK
2019-07-13 22:42:58,790 INFO  ipc.CallQueueManager (CallQueueManager.java:<init>(84)) - Using callQueue: class java.util.concurrent.LinkedBlockingQueue, queueCapacity: 2000, scheduler: class org.apache.hadoop.ipc.DefaultRpcScheduler, ipcBackoff: false.
2019-07-13 22:42:58,791 INFO  ipc.Server (Server.java:run(1074)) - Starting Socket Reader #1 for port 40368
2019-07-13 22:42:58,819 WARN  server.ServerUtils (ServerUtils.java:getDBPath(222)) - ozone.om.db.dirs is not configured. We recommend adding this setting. Falling back to ozone.metadata.dirs instead.
2019-07-13 22:42:58,819 INFO  om.OzoneManager (OzoneManager.java:start(1228)) - OzoneManager RPC server is listening at localhost/127.0.0.1:40368
2019-07-13 22:42:58,819 INFO  impl.MetricsSystemImpl (MetricsSystemImpl.java:init(158)) - OzoneManager metrics system started (again)
2019-07-13 22:42:58,821 INFO  ipc.Server (Server.java:run(1314)) - IPC Server Responder: starting
2019-07-13 22:42:58,821 INFO  ipc.Server (Server.java:run(1153)) - IPC Server listener on 40368: starting
2019-07-13 22:42:58,833 INFO  hdfs.DFSUtil (DFSUtil.java:httpServerTemplateForNNAndJN(1641)) - Starting Web-server for ozoneManager at: http://0.0.0.0:0
2019-07-13 22:42:58,836 INFO  server.AuthenticationFilter (AuthenticationFilter.java:constructSecretProvider(240)) - Unable to initialize FileSignerSecretProvider, falling back to use random secrets.
2019-07-13 22:42:58,837 WARN  http.HttpRequestLog (HttpRequestLog.java:getRequestLog(97)) - Jetty request log can only be enabled using Log4j
2019-07-13 22:42:58,840 INFO  http.HttpServer2 (HttpServer2.java:addGlobalFilter(975)) - Added global filter 'safety' (class=org.apache.hadoop.http.HttpServer2$QuotingInputFilter)
2019-07-13 22:42:58,842 INFO  http.HttpServer2 (HttpServer2.java:addFilter(948)) - Added filter static_user_filter (class=org.apache.hadoop.http.lib.StaticUserWebFilter$StaticUserFilter) to context ozoneManager
2019-07-13 22:42:58,842 INFO  http.HttpServer2 (HttpServer2.java:addFilter(958)) - Added filter static_user_filter (class=org.apache.hadoop.http.lib.StaticUserWebFilter$StaticUserFilter) to context static
2019-07-13 22:42:58,843 INFO  http.HttpServer2 (HttpServer2.java:addFilter(958)) - Added filter static_user_filter (class=org.apache.hadoop.http.lib.StaticUserWebFilter$StaticUserFilter) to context logs
2019-07-13 22:42:58,846 INFO  http.HttpServer2 (HttpServer2.java:bindListener(1191)) - Jetty bound to port 36958
2019-07-13 22:42:58,846 INFO  server.Server (Server.java:doStart(351)) - jetty-9.3.24.v20180605, build timestamp: 2018-06-05T17:11:56Z, git hash: 84205aa28f11a4f31f2a3b86d1bba2cc8ab69827
2019-07-13 22:42:58,848 INFO  handler.ContextHandler (ContextHandler.java:doStart(781)) - Started o.e.j.s.ServletContextHandler@2d0bfb24{/logs,file:///tmp/workdir/hadoop-ozone/integration-test/target/log,AVAILABLE}
2019-07-13 22:42:58,849 INFO  handler.ContextHandler (ContextHandler.java:doStart(781)) - Started o.e.j.s.ServletContextHandler@7b44b63d{/static,file:///tmp/workdir/hadoop-ozone/integration-test/target/test-classes/webapps/static,AVAILABLE}
2019-07-13 22:42:58,856 INFO  handler.ContextHandler (ContextHandler.java:doStart(781)) - Started o.e.j.w.WebAppContext@3e9803c2{/,file:///tmp/workdir/hadoop-ozone/integration-test/target/test-classes/webapps/ozoneManager/,AVAILABLE}{/ozoneManager}
2019-07-13 22:42:58,857 INFO  server.AbstractConnector (AbstractConnector.java:doStart(278)) - Started ServerConnector@4525d1d3{HTTP/1.1,[http/1.1]}{0.0.0.0:36958}
2019-07-13 22:42:58,858 INFO  server.Server (Server.java:doStart(419)) - Started @3861ms
2019-07-13 22:42:58,859 INFO  server.BaseHttpServer (BaseHttpServer.java:updateConnectorAddress(207)) - HTTP server of OZONEMANAGER is listening at http://0.0.0.0:36958
2019-07-13 22:42:59,185 INFO  impl.MetricsSystemImpl (MetricsSystemImpl.java:init(158)) - HddsDatanode metrics system started (again)
2019-07-13 22:42:59,271 INFO  ozone.HddsDatanodeService (HddsDatanodeService.java:start(185)) - HddsDatanodeService host:trunk-nightly-x8m8d-1534914823 ip:192.168.5.159
2019-07-13 22:42:59,303 INFO  volume.HddsVolume (HddsVolume.java:<init>(176)) - Creating Volume: /tmp/workdir/hadoop-ozone/integration-test/target/test-dir/MiniOzoneClusterImpl-61a6064b-b46c-40a5-8a2c-660942024b76/datanode-0/data/containers/hdds of  storage type : DISK and capacity : 52710309888
2019-07-13 22:42:59,305 INFO  volume.VolumeSet (VolumeSet.java:initializeVolumeSet(170)) - Added Volume : /tmp/workdir/hadoop-ozone/integration-test/target/test-dir/MiniOzoneClusterImpl-61a6064b-b46c-40a5-8a2c-660942024b76/datanode-0/data/containers/hdds to VolumeSet
2019-07-13 22:42:59,308 INFO  volume.ThrottledAsyncChecker (ThrottledAsyncChecker.java:schedule(140)) - Scheduling a check for org.apache.hadoop.ozone.container.common.volume.HddsVolume@59546cfe
2019-07-13 22:42:59,325 INFO  volume.HddsVolumeChecker (HddsVolumeChecker.java:checkAllVolumes(203)) - Scheduled health check for volume org.apache.hadoop.ozone.container.common.volume.HddsVolume@59546cfe
2019-07-13 22:42:59,437 INFO  impl.RaftServerProxy (ConfUtils.java:logGet(43)) - raft.rpc.type = GRPC (default)
2019-07-13 22:42:59,500 INFO  grpc.GrpcFactory (GrpcFactory.java:checkPooledByteBufAllocatorUseCacheForAllThreads(45)) - PERFORMANCE WARNING: useCacheForAllThreads is true that may cause Netty to create a lot garbage objects and, as a result, trigger GC.
	It is recommended to disable useCacheForAllThreads by setting -Dorg.apache.ratis.thirdparty.io.netty.allocator.useCacheForAllThreads=false in command line.
2019-07-13 22:42:59,505 INFO  grpc.GrpcConfigKeys$Server (ConfUtils.java:logGet(43)) - raft.grpc.server.port = 0 (default)
2019-07-13 22:42:59,505 INFO  server.GrpcService (ConfUtils.java:logGet(43)) - raft.grpc.message.size.max = 33570816 (custom)
2019-07-13 22:42:59,507 INFO  server.RaftServerConfigKeys (ConfUtils.java:logGet(43)) - raft.server.log.appender.buffer.byte-limit = 33554432 (custom)
2019-07-13 22:42:59,508 INFO  server.GrpcService (ConfUtils.java:logGet(43)) - raft.grpc.flow.control.window = 1MB (=1048576) (default)
2019-07-13 22:42:59,509 INFO  server.RaftServerConfigKeys (ConfUtils.java:logGet(43)) - raft.server.rpc.request.timeout = 3000ms (default)
2019-07-13 22:42:59,661 INFO  server.RaftServerConfigKeys (ConfUtils.java:logGet(43)) - raft.server.storage.dir = [/tmp/workdir/hadoop-ozone/integration-test/target/test-dir/MiniOzoneClusterImpl-61a6064b-b46c-40a5-8a2c-660942024b76/datanode-0/data/ratis] (custom)
2019-07-13 22:42:59,696 INFO  replication.SimpleContainerDownloader (SimpleContainerDownloader.java:<init>(72)) - Starting container downloader service to copy containers to replicate.
2019-07-13 22:42:59,709 INFO  hdfs.DFSUtil (DFSUtil.java:httpServerTemplateForNNAndJN(1641)) - Starting Web-server for hddsDatanode at: http://0.0.0.0:0
2019-07-13 22:42:59,711 INFO  server.AuthenticationFilter (AuthenticationFilter.java:constructSecretProvider(240)) - Unable to initialize FileSignerSecretProvider, falling back to use random secrets.
2019-07-13 22:42:59,712 WARN  http.HttpRequestLog (HttpRequestLog.java:getRequestLog(97)) - Jetty request log can only be enabled using Log4j
2019-07-13 22:42:59,714 INFO  http.HttpServer2 (HttpServer2.java:addGlobalFilter(975)) - Added global filter 'safety' (class=org.apache.hadoop.http.HttpServer2$QuotingInputFilter)
2019-07-13 22:42:59,715 INFO  http.HttpServer2 (HttpServer2.java:addFilter(948)) - Added filter static_user_filter (class=org.apache.hadoop.http.lib.StaticUserWebFilter$StaticUserFilter) to context hddsDatanode
2019-07-13 22:42:59,716 INFO  http.HttpServer2 (HttpServer2.java:addFilter(958)) - Added filter static_user_filter (class=org.apache.hadoop.http.lib.StaticUserWebFilter$StaticUserFilter) to context static
2019-07-13 22:42:59,716 INFO  http.HttpServer2 (HttpServer2.java:addFilter(958)) - Added filter static_user_filter (class=org.apache.hadoop.http.lib.StaticUserWebFilter$StaticUserFilter) to context logs
2019-07-13 22:42:59,717 INFO  http.HttpServer2 (HttpServer2.java:bindListener(1191)) - Jetty bound to port 37905
2019-07-13 22:42:59,717 INFO  server.Server (Server.java:doStart(351)) - jetty-9.3.24.v20180605, build timestamp: 2018-06-05T17:11:56Z, git hash: 84205aa28f11a4f31f2a3b86d1bba2cc8ab69827
2019-07-13 22:42:59,720 INFO  handler.ContextHandler (ContextHandler.java:doStart(781)) - Started o.e.j.s.ServletContextHandler@36cc9385{/logs,file:///tmp/workdir/hadoop-ozone/integration-test/target/log,AVAILABLE}
2019-07-13 22:42:59,721 INFO  handler.ContextHandler (ContextHandler.java:doStart(781)) - Started o.e.j.s.ServletContextHandler@7915bca3{/static,jar:file:/home/user/.m2/repository/org/apache/hadoop/hadoop-hdds-container-service/0.5.0-SNAPSHOT/hadoop-hdds-container-service-0.5.0-SNAPSHOT.jar!/webapps/static,AVAILABLE}
2019-07-13 22:42:59,770 INFO  handler.ContextHandler (ContextHandler.java:doStart(781)) - Started o.e.j.w.WebAppContext@37e0292a{/,file:///tmp/jetty-0.0.0.0-37905-hddsDatanode-_-any-252427559828926269.dir/webapp/,AVAILABLE}{/hddsDatanode}
2019-07-13 22:42:59,772 INFO  server.AbstractConnector (AbstractConnector.java:doStart(278)) - Started ServerConnector@4af70944{HTTP/1.1,[http/1.1]}{0.0.0.0:37905}
2019-07-13 22:42:59,776 INFO  server.Server (Server.java:doStart(419)) - Started @4779ms
2019-07-13 22:42:59,777 INFO  server.BaseHttpServer (BaseHttpServer.java:updateConnectorAddress(207)) - HTTP server of HDDSDATANODE is listening at http://0.0.0.0:37905
2019-07-13 22:43:00,797 INFO  ozone.HddsDatanodeService (HddsDatanodeService.java:startPlugins(396)) - Started plug-in org.apache.hadoop.ozone.web.OzoneHddsDatanodeService@b4732dc
2019-07-13 22:43:00,799 INFO  impl.MetricsSystemImpl (MetricsSystemImpl.java:init(158)) - HddsDatanode metrics system started (again)
2019-07-13 22:43:00,799 INFO  ozone.HddsDatanodeService (HddsDatanodeService.java:start(185)) - HddsDatanodeService host:trunk-nightly-x8m8d-1534914823 ip:192.168.5.159
2019-07-13 22:43:00,804 INFO  util.JvmPauseMonitor (JvmPauseMonitor.java:run(188)) - Starting JVM pause monitor
2019-07-13 22:43:00,808 INFO  volume.HddsVolume (HddsVolume.java:<init>(176)) - Creating Volume: /tmp/workdir/hadoop-ozone/integration-test/target/test-dir/MiniOzoneClusterImpl-61a6064b-b46c-40a5-8a2c-660942024b76/datanode-1/data/containers/hdds of  storage type : DISK and capacity : 52710309888
2019-07-13 22:43:00,809 INFO  volume.VolumeSet (VolumeSet.java:initializeVolumeSet(170)) - Added Volume : /tmp/workdir/hadoop-ozone/integration-test/target/test-dir/MiniOzoneClusterImpl-61a6064b-b46c-40a5-8a2c-660942024b76/datanode-1/data/containers/hdds to VolumeSet
2019-07-13 22:43:00,809 INFO  volume.ThrottledAsyncChecker (ThrottledAsyncChecker.java:schedule(140)) - Scheduling a check for org.apache.hadoop.ozone.container.common.volume.HddsVolume@778a1250
2019-07-13 22:43:00,811 INFO  volume.HddsVolumeChecker (HddsVolumeChecker.java:checkAllVolumes(203)) - Scheduled health check for volume org.apache.hadoop.ozone.container.common.volume.HddsVolume@778a1250
2019-07-13 22:43:00,830 INFO  impl.RaftServerProxy (ConfUtils.java:logGet(43)) - raft.rpc.type = GRPC (default)
2019-07-13 22:43:00,831 INFO  grpc.GrpcFactory (GrpcFactory.java:checkPooledByteBufAllocatorUseCacheForAllThreads(45)) - PERFORMANCE WARNING: useCacheForAllThreads is true that may cause Netty to create a lot garbage objects and, as a result, trigger GC.
	It is recommended to disable useCacheForAllThreads by setting -Dorg.apache.ratis.thirdparty.io.netty.allocator.useCacheForAllThreads=false in command line.
2019-07-13 22:43:00,831 INFO  grpc.GrpcConfigKeys$Server (ConfUtils.java:logGet(43)) - raft.grpc.server.port = 0 (default)
2019-07-13 22:43:00,831 INFO  server.GrpcService (ConfUtils.java:logGet(43)) - raft.grpc.message.size.max = 33570816 (custom)
2019-07-13 22:43:00,832 INFO  server.RaftServerConfigKeys (ConfUtils.java:logGet(43)) - raft.server.log.appender.buffer.byte-limit = 33554432 (custom)
2019-07-13 22:43:00,832 INFO  server.GrpcService (ConfUtils.java:logGet(43)) - raft.grpc.flow.control.window = 1MB (=1048576) (default)
2019-07-13 22:43:00,833 INFO  server.RaftServerConfigKeys (ConfUtils.java:logGet(43)) - raft.server.rpc.request.timeout = 3000ms (default)
2019-07-13 22:43:00,834 INFO  server.RaftServerConfigKeys (ConfUtils.java:logGet(43)) - raft.server.storage.dir = [/tmp/workdir/hadoop-ozone/integration-test/target/test-dir/MiniOzoneClusterImpl-61a6064b-b46c-40a5-8a2c-660942024b76/datanode-1/data/ratis] (custom)
2019-07-13 22:43:00,835 INFO  replication.SimpleContainerDownloader (SimpleContainerDownloader.java:<init>(72)) - Starting container downloader service to copy containers to replicate.
2019-07-13 22:43:00,837 INFO  hdfs.DFSUtil (DFSUtil.java:httpServerTemplateForNNAndJN(1641)) - Starting Web-server for hddsDatanode at: http://0.0.0.0:0
2019-07-13 22:43:00,839 INFO  server.AuthenticationFilter (AuthenticationFilter.java:constructSecretProvider(240)) - Unable to initialize FileSignerSecretProvider, falling back to use random secrets.
2019-07-13 22:43:00,840 WARN  http.HttpRequestLog (HttpRequestLog.java:getRequestLog(97)) - Jetty request log can only be enabled using Log4j
2019-07-13 22:43:00,842 INFO  http.HttpServer2 (HttpServer2.java:addGlobalFilter(975)) - Added global filter 'safety' (class=org.apache.hadoop.http.HttpServer2$QuotingInputFilter)
2019-07-13 22:43:00,844 INFO  http.HttpServer2 (HttpServer2.java:addFilter(948)) - Added filter static_user_filter (class=org.apache.hadoop.http.lib.StaticUserWebFilter$StaticUserFilter) to context hddsDatanode
2019-07-13 22:43:00,844 INFO  http.HttpServer2 (HttpServer2.java:addFilter(958)) - Added filter static_user_filter (class=org.apache.hadoop.http.lib.StaticUserWebFilter$StaticUserFilter) to context static
2019-07-13 22:43:00,844 INFO  http.HttpServer2 (HttpServer2.java:addFilter(958)) - Added filter static_user_filter (class=org.apache.hadoop.http.lib.StaticUserWebFilter$StaticUserFilter) to context logs
2019-07-13 22:43:00,845 INFO  http.HttpServer2 (HttpServer2.java:bindListener(1191)) - Jetty bound to port 36524
2019-07-13 22:43:00,845 INFO  server.Server (Server.java:doStart(351)) - jetty-9.3.24.v20180605, build timestamp: 2018-06-05T17:11:56Z, git hash: 84205aa28f11a4f31f2a3b86d1bba2cc8ab69827
2019-07-13 22:43:00,848 INFO  handler.ContextHandler (ContextHandler.java:doStart(781)) - Started o.e.j.s.ServletContextHandler@359066bc{/logs,file:///tmp/workdir/hadoop-ozone/integration-test/target/log,AVAILABLE}
2019-07-13 22:43:00,849 INFO  handler.ContextHandler (ContextHandler.java:doStart(781)) - Started o.e.j.s.ServletContextHandler@364fd4ae{/static,jar:file:/home/user/.m2/repository/org/apache/hadoop/hadoop-hdds-container-service/0.5.0-SNAPSHOT/hadoop-hdds-container-service-0.5.0-SNAPSHOT.jar!/webapps/static,AVAILABLE}
2019-07-13 22:43:00,888 INFO  handler.ContextHandler (ContextHandler.java:doStart(781)) - Started o.e.j.w.WebAppContext@2e1eb85f{/,file:///tmp/jetty-0.0.0.0-36524-hddsDatanode-_-any-8674820140587584483.dir/webapp/,AVAILABLE}{/hddsDatanode}
2019-07-13 22:43:00,889 INFO  server.AbstractConnector (AbstractConnector.java:doStart(278)) - Started ServerConnector@ea7a4c3{HTTP/1.1,[http/1.1]}{0.0.0.0:36524}
2019-07-13 22:43:00,889 INFO  server.Server (Server.java:doStart(419)) - Started @5893ms
2019-07-13 22:43:00,891 INFO  server.BaseHttpServer (BaseHttpServer.java:updateConnectorAddress(207)) - HTTP server of HDDSDATANODE is listening at http://0.0.0.0:36524
2019-07-13 22:43:00,941 INFO  datanode.InitDatanodeState (InitDatanodeState.java:persistContainerDatanodeDetails(140)) - DatanodeDetails is persisted to /tmp/workdir/hadoop-ozone/integration-test/target/test-dir/MiniOzoneClusterImpl-61a6064b-b46c-40a5-8a2c-660942024b76/datanode-0/meta/datanode.id
2019-07-13 22:43:01,012 INFO  ozone.HddsDatanodeService (HddsDatanodeService.java:startPlugins(396)) - Started plug-in org.apache.hadoop.ozone.web.OzoneHddsDatanodeService@5729b410
2019-07-13 22:43:01,013 INFO  impl.MetricsSystemImpl (MetricsSystemImpl.java:init(158)) - HddsDatanode metrics system started (again)
2019-07-13 22:43:01,014 INFO  ozone.HddsDatanodeService (HddsDatanodeService.java:start(185)) - HddsDatanodeService host:trunk-nightly-x8m8d-1534914823 ip:192.168.5.159
2019-07-13 22:43:01,016 INFO  util.JvmPauseMonitor (JvmPauseMonitor.java:run(188)) - Starting JVM pause monitor
2019-07-13 22:43:01,024 INFO  volume.HddsVolume (HddsVolume.java:<init>(176)) - Creating Volume: /tmp/workdir/hadoop-ozone/integration-test/target/test-dir/MiniOzoneClusterImpl-61a6064b-b46c-40a5-8a2c-660942024b76/datanode-2/data/containers/hdds of  storage type : DISK and capacity : 52710309888
2019-07-13 22:43:01,024 INFO  volume.VolumeSet (VolumeSet.java:initializeVolumeSet(170)) - Added Volume : /tmp/workdir/hadoop-ozone/integration-test/target/test-dir/MiniOzoneClusterImpl-61a6064b-b46c-40a5-8a2c-660942024b76/datanode-2/data/containers/hdds to VolumeSet
2019-07-13 22:43:01,025 INFO  volume.ThrottledAsyncChecker (ThrottledAsyncChecker.java:schedule(140)) - Scheduling a check for org.apache.hadoop.ozone.container.common.volume.HddsVolume@52b959df
2019-07-13 22:43:01,025 INFO  volume.HddsVolumeChecker (HddsVolumeChecker.java:checkAllVolumes(203)) - Scheduled health check for volume org.apache.hadoop.ozone.container.common.volume.HddsVolume@52b959df
2019-07-13 22:43:01,026 INFO  datanode.InitDatanodeState (InitDatanodeState.java:persistContainerDatanodeDetails(140)) - DatanodeDetails is persisted to /tmp/workdir/hadoop-ozone/integration-test/target/test-dir/MiniOzoneClusterImpl-61a6064b-b46c-40a5-8a2c-660942024b76/datanode-1/meta/datanode.id
2019-07-13 22:43:01,038 INFO  impl.RaftServerProxy (ConfUtils.java:logGet(43)) - raft.rpc.type = GRPC (default)
2019-07-13 22:43:01,038 INFO  grpc.GrpcFactory (GrpcFactory.java:checkPooledByteBufAllocatorUseCacheForAllThreads(45)) - PERFORMANCE WARNING: useCacheForAllThreads is true that may cause Netty to create a lot garbage objects and, as a result, trigger GC.
	It is recommended to disable useCacheForAllThreads by setting -Dorg.apache.ratis.thirdparty.io.netty.allocator.useCacheForAllThreads=false in command line.
2019-07-13 22:43:01,038 INFO  grpc.GrpcConfigKeys$Server (ConfUtils.java:logGet(43)) - raft.grpc.server.port = 0 (default)
2019-07-13 22:43:01,038 INFO  server.GrpcService (ConfUtils.java:logGet(43)) - raft.grpc.message.size.max = 33570816 (custom)
2019-07-13 22:43:01,038 INFO  server.RaftServerConfigKeys (ConfUtils.java:logGet(43)) - raft.server.log.appender.buffer.byte-limit = 33554432 (custom)
2019-07-13 22:43:01,039 INFO  server.GrpcService (ConfUtils.java:logGet(43)) - raft.grpc.flow.control.window = 1MB (=1048576) (default)
2019-07-13 22:43:01,039 INFO  server.RaftServerConfigKeys (ConfUtils.java:logGet(43)) - raft.server.rpc.request.timeout = 3000ms (default)
2019-07-13 22:43:01,039 INFO  server.RaftServerConfigKeys (ConfUtils.java:logGet(43)) - raft.server.storage.dir = [/tmp/workdir/hadoop-ozone/integration-test/target/test-dir/MiniOzoneClusterImpl-61a6064b-b46c-40a5-8a2c-660942024b76/datanode-2/data/ratis] (custom)
2019-07-13 22:43:01,040 INFO  replication.SimpleContainerDownloader (SimpleContainerDownloader.java:<init>(72)) - Starting container downloader service to copy containers to replicate.
2019-07-13 22:43:01,041 INFO  hdfs.DFSUtil (DFSUtil.java:httpServerTemplateForNNAndJN(1641)) - Starting Web-server for hddsDatanode at: http://0.0.0.0:0
2019-07-13 22:43:01,042 INFO  server.AuthenticationFilter (AuthenticationFilter.java:constructSecretProvider(240)) - Unable to initialize FileSignerSecretProvider, falling back to use random secrets.
2019-07-13 22:43:01,042 WARN  http.HttpRequestLog (HttpRequestLog.java:getRequestLog(97)) - Jetty request log can only be enabled using Log4j
2019-07-13 22:43:01,043 INFO  http.HttpServer2 (HttpServer2.java:addGlobalFilter(975)) - Added global filter 'safety' (class=org.apache.hadoop.http.HttpServer2$QuotingInputFilter)
2019-07-13 22:43:01,044 INFO  http.HttpServer2 (HttpServer2.java:addFilter(948)) - Added filter static_user_filter (class=org.apache.hadoop.http.lib.StaticUserWebFilter$StaticUserFilter) to context hddsDatanode
2019-07-13 22:43:01,044 INFO  http.HttpServer2 (HttpServer2.java:addFilter(958)) - Added filter static_user_filter (class=org.apache.hadoop.http.lib.StaticUserWebFilter$StaticUserFilter) to context static
2019-07-13 22:43:01,044 INFO  http.HttpServer2 (HttpServer2.java:addFilter(958)) - Added filter static_user_filter (class=org.apache.hadoop.http.lib.StaticUserWebFilter$StaticUserFilter) to context logs
2019-07-13 22:43:01,045 INFO  http.HttpServer2 (HttpServer2.java:bindListener(1191)) - Jetty bound to port 39399
2019-07-13 22:43:01,045 INFO  server.Server (Server.java:doStart(351)) - jetty-9.3.24.v20180605, build timestamp: 2018-06-05T17:11:56Z, git hash: 84205aa28f11a4f31f2a3b86d1bba2cc8ab69827
2019-07-13 22:43:01,048 INFO  handler.ContextHandler (ContextHandler.java:doStart(781)) - Started o.e.j.s.ServletContextHandler@631c6d11{/logs,file:///tmp/workdir/hadoop-ozone/integration-test/target/log,AVAILABLE}
2019-07-13 22:43:01,049 INFO  handler.ContextHandler (ContextHandler.java:doStart(781)) - Started o.e.j.s.ServletContextHandler@62ade015{/static,jar:file:/home/user/.m2/repository/org/apache/hadoop/hadoop-hdds-container-service/0.5.0-SNAPSHOT/hadoop-hdds-container-service-0.5.0-SNAPSHOT.jar!/webapps/static,AVAILABLE}
2019-07-13 22:43:01,070 INFO  handler.ContextHandler (ContextHandler.java:doStart(781)) - Started o.e.j.w.WebAppContext@7197b07f{/,file:///tmp/jetty-0.0.0.0-39399-hddsDatanode-_-any-3889493211484915331.dir/webapp/,AVAILABLE}{/hddsDatanode}
2019-07-13 22:43:01,070 INFO  server.AbstractConnector (AbstractConnector.java:doStart(278)) - Started ServerConnector@1f10fec6{HTTP/1.1,[http/1.1]}{0.0.0.0:39399}
2019-07-13 22:43:01,071 INFO  server.Server (Server.java:doStart(419)) - Started @6075ms
2019-07-13 22:43:01,072 INFO  server.BaseHttpServer (BaseHttpServer.java:updateConnectorAddress(207)) - HTTP server of HDDSDATANODE is listening at http://0.0.0.0:39399
2019-07-13 22:43:01,175 INFO  ozone.HddsDatanodeService (HddsDatanodeService.java:startPlugins(396)) - Started plug-in org.apache.hadoop.ozone.web.OzoneHddsDatanodeService@7436364d
2019-07-13 22:43:01,176 INFO  impl.MetricsSystemImpl (MetricsSystemImpl.java:init(158)) - HddsDatanode metrics system started (again)
2019-07-13 22:43:01,177 INFO  ozone.HddsDatanodeService (HddsDatanodeService.java:start(185)) - HddsDatanodeService host:trunk-nightly-x8m8d-1534914823 ip:192.168.5.159
2019-07-13 22:43:01,179 INFO  util.JvmPauseMonitor (JvmPauseMonitor.java:run(188)) - Starting JVM pause monitor
2019-07-13 22:43:01,182 INFO  datanode.InitDatanodeState (InitDatanodeState.java:persistContainerDatanodeDetails(140)) - DatanodeDetails is persisted to /tmp/workdir/hadoop-ozone/integration-test/target/test-dir/MiniOzoneClusterImpl-61a6064b-b46c-40a5-8a2c-660942024b76/datanode-2/meta/datanode.id
2019-07-13 22:43:01,185 INFO  volume.HddsVolume (HddsVolume.java:<init>(176)) - Creating Volume: /tmp/workdir/hadoop-ozone/integration-test/target/test-dir/MiniOzoneClusterImpl-61a6064b-b46c-40a5-8a2c-660942024b76/datanode-3/data/containers/hdds of  storage type : DISK and capacity : 52710309888
2019-07-13 22:43:01,187 INFO  volume.VolumeSet (VolumeSet.java:initializeVolumeSet(170)) - Added Volume : /tmp/workdir/hadoop-ozone/integration-test/target/test-dir/MiniOzoneClusterImpl-61a6064b-b46c-40a5-8a2c-660942024b76/datanode-3/data/containers/hdds to VolumeSet
2019-07-13 22:43:01,187 INFO  volume.ThrottledAsyncChecker (ThrottledAsyncChecker.java:schedule(140)) - Scheduling a check for org.apache.hadoop.ozone.container.common.volume.HddsVolume@517704
2019-07-13 22:43:01,188 INFO  volume.HddsVolumeChecker (HddsVolumeChecker.java:checkAllVolumes(203)) - Scheduled health check for volume org.apache.hadoop.ozone.container.common.volume.HddsVolume@517704
2019-07-13 22:43:01,200 INFO  impl.RaftServerProxy (ConfUtils.java:logGet(43)) - raft.rpc.type = GRPC (default)
2019-07-13 22:43:01,200 INFO  grpc.GrpcFactory (GrpcFactory.java:checkPooledByteBufAllocatorUseCacheForAllThreads(45)) - PERFORMANCE WARNING: useCacheForAllThreads is true that may cause Netty to create a lot garbage objects and, as a result, trigger GC.
	It is recommended to disable useCacheForAllThreads by setting -Dorg.apache.ratis.thirdparty.io.netty.allocator.useCacheForAllThreads=false in command line.
2019-07-13 22:43:01,201 INFO  grpc.GrpcConfigKeys$Server (ConfUtils.java:logGet(43)) - raft.grpc.server.port = 0 (default)
2019-07-13 22:43:01,201 INFO  server.GrpcService (ConfUtils.java:logGet(43)) - raft.grpc.message.size.max = 33570816 (custom)
2019-07-13 22:43:01,201 INFO  server.RaftServerConfigKeys (ConfUtils.java:logGet(43)) - raft.server.log.appender.buffer.byte-limit = 33554432 (custom)
2019-07-13 22:43:01,201 INFO  server.GrpcService (ConfUtils.java:logGet(43)) - raft.grpc.flow.control.window = 1MB (=1048576) (default)
2019-07-13 22:43:01,201 INFO  server.RaftServerConfigKeys (ConfUtils.java:logGet(43)) - raft.server.rpc.request.timeout = 3000ms (default)
2019-07-13 22:43:01,202 INFO  server.RaftServerConfigKeys (ConfUtils.java:logGet(43)) - raft.server.storage.dir = [/tmp/workdir/hadoop-ozone/integration-test/target/test-dir/MiniOzoneClusterImpl-61a6064b-b46c-40a5-8a2c-660942024b76/datanode-3/data/ratis] (custom)
2019-07-13 22:43:01,202 INFO  replication.SimpleContainerDownloader (SimpleContainerDownloader.java:<init>(72)) - Starting container downloader service to copy containers to replicate.
2019-07-13 22:43:01,203 INFO  hdfs.DFSUtil (DFSUtil.java:httpServerTemplateForNNAndJN(1641)) - Starting Web-server for hddsDatanode at: http://0.0.0.0:0
2019-07-13 22:43:01,204 INFO  server.AuthenticationFilter (AuthenticationFilter.java:constructSecretProvider(240)) - Unable to initialize FileSignerSecretProvider, falling back to use random secrets.
2019-07-13 22:43:01,205 WARN  http.HttpRequestLog (HttpRequestLog.java:getRequestLog(97)) - Jetty request log can only be enabled using Log4j
2019-07-13 22:43:01,206 INFO  http.HttpServer2 (HttpServer2.java:addGlobalFilter(975)) - Added global filter 'safety' (class=org.apache.hadoop.http.HttpServer2$QuotingInputFilter)
2019-07-13 22:43:01,206 INFO  http.HttpServer2 (HttpServer2.java:addFilter(948)) - Added filter static_user_filter (class=org.apache.hadoop.http.lib.StaticUserWebFilter$StaticUserFilter) to context hddsDatanode
2019-07-13 22:43:01,206 INFO  http.HttpServer2 (HttpServer2.java:addFilter(958)) - Added filter static_user_filter (class=org.apache.hadoop.http.lib.StaticUserWebFilter$StaticUserFilter) to context static
2019-07-13 22:43:01,206 INFO  http.HttpServer2 (HttpServer2.java:addFilter(958)) - Added filter static_user_filter (class=org.apache.hadoop.http.lib.StaticUserWebFilter$StaticUserFilter) to context logs
2019-07-13 22:43:01,207 INFO  http.HttpServer2 (HttpServer2.java:bindListener(1191)) - Jetty bound to port 37310
2019-07-13 22:43:01,207 INFO  server.Server (Server.java:doStart(351)) - jetty-9.3.24.v20180605, build timestamp: 2018-06-05T17:11:56Z, git hash: 84205aa28f11a4f31f2a3b86d1bba2cc8ab69827
2019-07-13 22:43:01,209 INFO  handler.ContextHandler (ContextHandler.java:doStart(781)) - Started o.e.j.s.ServletContextHandler@1e30db85{/logs,file:///tmp/workdir/hadoop-ozone/integration-test/target/log,AVAILABLE}
2019-07-13 22:43:01,210 INFO  handler.ContextHandler (ContextHandler.java:doStart(781)) - Started o.e.j.s.ServletContextHandler@cc9ef8d{/static,jar:file:/home/user/.m2/repository/org/apache/hadoop/hadoop-hdds-container-service/0.5.0-SNAPSHOT/hadoop-hdds-container-service-0.5.0-SNAPSHOT.jar!/webapps/static,AVAILABLE}
2019-07-13 22:43:01,233 INFO  handler.ContextHandler (ContextHandler.java:doStart(781)) - Started o.e.j.w.WebAppContext@6a2d867d{/,file:///tmp/jetty-0.0.0.0-37310-hddsDatanode-_-any-5241745411861519160.dir/webapp/,AVAILABLE}{/hddsDatanode}
2019-07-13 22:43:01,234 INFO  server.AbstractConnector (AbstractConnector.java:doStart(278)) - Started ServerConnector@73bb1337{HTTP/1.1,[http/1.1]}{0.0.0.0:37310}
2019-07-13 22:43:01,235 INFO  server.Server (Server.java:doStart(419)) - Started @6238ms
2019-07-13 22:43:01,236 INFO  server.BaseHttpServer (BaseHttpServer.java:updateConnectorAddress(207)) - HTTP server of HDDSDATANODE is listening at http://0.0.0.0:37310
2019-07-13 22:43:01,346 INFO  ozone.HddsDatanodeService (HddsDatanodeService.java:startPlugins(396)) - Started plug-in org.apache.hadoop.ozone.web.OzoneHddsDatanodeService@65da01f4
2019-07-13 22:43:01,346 INFO  impl.MetricsSystemImpl (MetricsSystemImpl.java:init(158)) - HddsDatanode metrics system started (again)
2019-07-13 22:43:01,348 INFO  ozone.HddsDatanodeService (HddsDatanodeService.java:start(185)) - HddsDatanodeService host:trunk-nightly-x8m8d-1534914823 ip:192.168.5.159
2019-07-13 22:43:01,350 INFO  util.JvmPauseMonitor (JvmPauseMonitor.java:run(188)) - Starting JVM pause monitor
2019-07-13 22:43:01,356 INFO  datanode.InitDatanodeState (InitDatanodeState.java:persistContainerDatanodeDetails(140)) - DatanodeDetails is persisted to /tmp/workdir/hadoop-ozone/integration-test/target/test-dir/MiniOzoneClusterImpl-61a6064b-b46c-40a5-8a2c-660942024b76/datanode-3/meta/datanode.id
2019-07-13 22:43:01,359 INFO  volume.HddsVolume (HddsVolume.java:<init>(176)) - Creating Volume: /tmp/workdir/hadoop-ozone/integration-test/target/test-dir/MiniOzoneClusterImpl-61a6064b-b46c-40a5-8a2c-660942024b76/datanode-4/data/containers/hdds of  storage type : DISK and capacity : 52710309888
2019-07-13 22:43:01,360 INFO  volume.VolumeSet (VolumeSet.java:initializeVolumeSet(170)) - Added Volume : /tmp/workdir/hadoop-ozone/integration-test/target/test-dir/MiniOzoneClusterImpl-61a6064b-b46c-40a5-8a2c-660942024b76/datanode-4/data/containers/hdds to VolumeSet
2019-07-13 22:43:01,360 INFO  volume.ThrottledAsyncChecker (ThrottledAsyncChecker.java:schedule(140)) - Scheduling a check for org.apache.hadoop.ozone.container.common.volume.HddsVolume@6b2fdffc
2019-07-13 22:43:01,360 INFO  volume.HddsVolumeChecker (HddsVolumeChecker.java:checkAllVolumes(203)) - Scheduled health check for volume org.apache.hadoop.ozone.container.common.volume.HddsVolume@6b2fdffc
2019-07-13 22:43:01,375 INFO  impl.RaftServerProxy (ConfUtils.java:logGet(43)) - raft.rpc.type = GRPC (default)
2019-07-13 22:43:01,375 INFO  grpc.GrpcFactory (GrpcFactory.java:checkPooledByteBufAllocatorUseCacheForAllThreads(45)) - PERFORMANCE WARNING: useCacheForAllThreads is true that may cause Netty to create a lot garbage objects and, as a result, trigger GC.
	It is recommended to disable useCacheForAllThreads by setting -Dorg.apache.ratis.thirdparty.io.netty.allocator.useCacheForAllThreads=false in command line.
2019-07-13 22:43:01,375 INFO  grpc.GrpcConfigKeys$Server (ConfUtils.java:logGet(43)) - raft.grpc.server.port = 0 (default)
2019-07-13 22:43:01,376 INFO  server.GrpcService (ConfUtils.java:logGet(43)) - raft.grpc.message.size.max = 33570816 (custom)
2019-07-13 22:43:01,376 INFO  server.RaftServerConfigKeys (ConfUtils.java:logGet(43)) - raft.server.log.appender.buffer.byte-limit = 33554432 (custom)
2019-07-13 22:43:01,376 INFO  server.GrpcService (ConfUtils.java:logGet(43)) - raft.grpc.flow.control.window = 1MB (=1048576) (default)
2019-07-13 22:43:01,376 INFO  server.RaftServerConfigKeys (ConfUtils.java:logGet(43)) - raft.server.rpc.request.timeout = 3000ms (default)
2019-07-13 22:43:01,377 INFO  server.RaftServerConfigKeys (ConfUtils.java:logGet(43)) - raft.server.storage.dir = [/tmp/workdir/hadoop-ozone/integration-test/target/test-dir/MiniOzoneClusterImpl-61a6064b-b46c-40a5-8a2c-660942024b76/datanode-4/data/ratis] (custom)
2019-07-13 22:43:01,377 INFO  replication.SimpleContainerDownloader (SimpleContainerDownloader.java:<init>(72)) - Starting container downloader service to copy containers to replicate.
2019-07-13 22:43:01,378 INFO  hdfs.DFSUtil (DFSUtil.java:httpServerTemplateForNNAndJN(1641)) - Starting Web-server for hddsDatanode at: http://0.0.0.0:0
2019-07-13 22:43:01,380 INFO  server.AuthenticationFilter (AuthenticationFilter.java:constructSecretProvider(240)) - Unable to initialize FileSignerSecretProvider, falling back to use random secrets.
2019-07-13 22:43:01,380 WARN  http.HttpRequestLog (HttpRequestLog.java:getRequestLog(97)) - Jetty request log can only be enabled using Log4j
2019-07-13 22:43:01,381 INFO  http.HttpServer2 (HttpServer2.java:addGlobalFilter(975)) - Added global filter 'safety' (class=org.apache.hadoop.http.HttpServer2$QuotingInputFilter)
2019-07-13 22:43:01,382 INFO  http.HttpServer2 (HttpServer2.java:addFilter(948)) - Added filter static_user_filter (class=org.apache.hadoop.http.lib.StaticUserWebFilter$StaticUserFilter) to context hddsDatanode
2019-07-13 22:43:01,382 INFO  http.HttpServer2 (HttpServer2.java:addFilter(958)) - Added filter static_user_filter (class=org.apache.hadoop.http.lib.StaticUserWebFilter$StaticUserFilter) to context logs
2019-07-13 22:43:01,382 INFO  http.HttpServer2 (HttpServer2.java:addFilter(958)) - Added filter static_user_filter (class=org.apache.hadoop.http.lib.StaticUserWebFilter$StaticUserFilter) to context static
2019-07-13 22:43:01,383 INFO  http.HttpServer2 (HttpServer2.java:bindListener(1191)) - Jetty bound to port 35372
2019-07-13 22:43:01,383 INFO  server.Server (Server.java:doStart(351)) - jetty-9.3.24.v20180605, build timestamp: 2018-06-05T17:11:56Z, git hash: 84205aa28f11a4f31f2a3b86d1bba2cc8ab69827
2019-07-13 22:43:01,387 INFO  handler.ContextHandler (ContextHandler.java:doStart(781)) - Started o.e.j.s.ServletContextHandler@615db358{/logs,file:///tmp/workdir/hadoop-ozone/integration-test/target/log,AVAILABLE}
2019-07-13 22:43:01,388 INFO  handler.ContextHandler (ContextHandler.java:doStart(781)) - Started o.e.j.s.ServletContextHandler@5fef0c19{/static,jar:file:/home/user/.m2/repository/org/apache/hadoop/hadoop-hdds-container-service/0.5.0-SNAPSHOT/hadoop-hdds-container-service-0.5.0-SNAPSHOT.jar!/webapps/static,AVAILABLE}
2019-07-13 22:43:01,413 INFO  handler.ContextHandler (ContextHandler.java:doStart(781)) - Started o.e.j.w.WebAppContext@367d34c0{/,file:///tmp/jetty-0.0.0.0-35372-hddsDatanode-_-any-3005622496249133816.dir/webapp/,AVAILABLE}{/hddsDatanode}
2019-07-13 22:43:01,413 INFO  server.AbstractConnector (AbstractConnector.java:doStart(278)) - Started ServerConnector@4ce25e47{HTTP/1.1,[http/1.1]}{0.0.0.0:35372}
2019-07-13 22:43:01,417 INFO  server.Server (Server.java:doStart(419)) - Started @6420ms
2019-07-13 22:43:01,418 INFO  server.BaseHttpServer (BaseHttpServer.java:updateConnectorAddress(207)) - HTTP server of HDDSDATANODE is listening at http://0.0.0.0:35372
2019-07-13 22:43:01,525 INFO  ozone.HddsDatanodeService (HddsDatanodeService.java:startPlugins(396)) - Started plug-in org.apache.hadoop.ozone.web.OzoneHddsDatanodeService@15d236fd
2019-07-13 22:43:01,525 INFO  impl.MetricsSystemImpl (MetricsSystemImpl.java:init(158)) - HddsDatanode metrics system started (again)
2019-07-13 22:43:01,527 INFO  ozone.HddsDatanodeService (HddsDatanodeService.java:start(185)) - HddsDatanodeService host:trunk-nightly-x8m8d-1534914823 ip:192.168.5.159
2019-07-13 22:43:01,529 INFO  util.JvmPauseMonitor (JvmPauseMonitor.java:run(188)) - Starting JVM pause monitor
2019-07-13 22:43:01,531 INFO  datanode.InitDatanodeState (InitDatanodeState.java:persistContainerDatanodeDetails(140)) - DatanodeDetails is persisted to /tmp/workdir/hadoop-ozone/integration-test/target/test-dir/MiniOzoneClusterImpl-61a6064b-b46c-40a5-8a2c-660942024b76/datanode-4/meta/datanode.id
2019-07-13 22:43:01,536 INFO  volume.HddsVolume (HddsVolume.java:<init>(176)) - Creating Volume: /tmp/workdir/hadoop-ozone/integration-test/target/test-dir/MiniOzoneClusterImpl-61a6064b-b46c-40a5-8a2c-660942024b76/datanode-5/data/containers/hdds of  storage type : DISK and capacity : 52710309888
2019-07-13 22:43:01,537 INFO  volume.VolumeSet (VolumeSet.java:initializeVolumeSet(170)) - Added Volume : /tmp/workdir/hadoop-ozone/integration-test/target/test-dir/MiniOzoneClusterImpl-61a6064b-b46c-40a5-8a2c-660942024b76/datanode-5/data/containers/hdds to VolumeSet
2019-07-13 22:43:01,537 INFO  volume.ThrottledAsyncChecker (ThrottledAsyncChecker.java:schedule(140)) - Scheduling a check for org.apache.hadoop.ozone.container.common.volume.HddsVolume@33eb0d4
2019-07-13 22:43:01,538 INFO  volume.HddsVolumeChecker (HddsVolumeChecker.java:checkAllVolumes(203)) - Scheduled health check for volume org.apache.hadoop.ozone.container.common.volume.HddsVolume@33eb0d4
2019-07-13 22:43:01,559 INFO  impl.RaftServerProxy (ConfUtils.java:logGet(43)) - raft.rpc.type = GRPC (default)
2019-07-13 22:43:01,559 INFO  grpc.GrpcFactory (GrpcFactory.java:checkPooledByteBufAllocatorUseCacheForAllThreads(45)) - PERFORMANCE WARNING: useCacheForAllThreads is true that may cause Netty to create a lot garbage objects and, as a result, trigger GC.
	It is recommended to disable useCacheForAllThreads by setting -Dorg.apache.ratis.thirdparty.io.netty.allocator.useCacheForAllThreads=false in command line.
2019-07-13 22:43:01,559 INFO  grpc.GrpcConfigKeys$Server (ConfUtils.java:logGet(43)) - raft.grpc.server.port = 0 (default)
2019-07-13 22:43:01,560 INFO  server.GrpcService (ConfUtils.java:logGet(43)) - raft.grpc.message.size.max = 33570816 (custom)
2019-07-13 22:43:01,560 INFO  server.RaftServerConfigKeys (ConfUtils.java:logGet(43)) - raft.server.log.appender.buffer.byte-limit = 33554432 (custom)
2019-07-13 22:43:01,560 INFO  server.GrpcService (ConfUtils.java:logGet(43)) - raft.grpc.flow.control.window = 1MB (=1048576) (default)
2019-07-13 22:43:01,561 INFO  server.RaftServerConfigKeys (ConfUtils.java:logGet(43)) - raft.server.rpc.request.timeout = 3000ms (default)
2019-07-13 22:43:01,561 INFO  server.RaftServerConfigKeys (ConfUtils.java:logGet(43)) - raft.server.storage.dir = [/tmp/workdir/hadoop-ozone/integration-test/target/test-dir/MiniOzoneClusterImpl-61a6064b-b46c-40a5-8a2c-660942024b76/datanode-5/data/ratis] (custom)
2019-07-13 22:43:01,562 INFO  replication.SimpleContainerDownloader (SimpleContainerDownloader.java:<init>(72)) - Starting container downloader service to copy containers to replicate.
2019-07-13 22:43:01,564 INFO  hdfs.DFSUtil (DFSUtil.java:httpServerTemplateForNNAndJN(1641)) - Starting Web-server for hddsDatanode at: http://0.0.0.0:0
2019-07-13 22:43:01,565 INFO  server.AuthenticationFilter (AuthenticationFilter.java:constructSecretProvider(240)) - Unable to initialize FileSignerSecretProvider, falling back to use random secrets.
2019-07-13 22:43:01,566 WARN  http.HttpRequestLog (HttpRequestLog.java:getRequestLog(97)) - Jetty request log can only be enabled using Log4j
2019-07-13 22:43:01,567 INFO  http.HttpServer2 (HttpServer2.java:addGlobalFilter(975)) - Added global filter 'safety' (class=org.apache.hadoop.http.HttpServer2$QuotingInputFilter)
2019-07-13 22:43:01,568 INFO  http.HttpServer2 (HttpServer2.java:addFilter(948)) - Added filter static_user_filter (class=org.apache.hadoop.http.lib.StaticUserWebFilter$StaticUserFilter) to context hddsDatanode
2019-07-13 22:43:01,569 INFO  http.HttpServer2 (HttpServer2.java:addFilter(958)) - Added filter static_user_filter (class=org.apache.hadoop.http.lib.StaticUserWebFilter$StaticUserFilter) to context static
2019-07-13 22:43:01,569 INFO  http.HttpServer2 (HttpServer2.java:addFilter(958)) - Added filter static_user_filter (class=org.apache.hadoop.http.lib.StaticUserWebFilter$StaticUserFilter) to context logs
2019-07-13 22:43:01,570 INFO  http.HttpServer2 (HttpServer2.java:bindListener(1191)) - Jetty bound to port 38778
2019-07-13 22:43:01,570 INFO  server.Server (Server.java:doStart(351)) - jetty-9.3.24.v20180605, build timestamp: 2018-06-05T17:11:56Z, git hash: 84205aa28f11a4f31f2a3b86d1bba2cc8ab69827
2019-07-13 22:43:01,572 INFO  handler.ContextHandler (ContextHandler.java:doStart(781)) - Started o.e.j.s.ServletContextHandler@6885ed19{/logs,file:///tmp/workdir/hadoop-ozone/integration-test/target/log,AVAILABLE}
2019-07-13 22:43:01,573 INFO  handler.ContextHandler (ContextHandler.java:doStart(781)) - Started o.e.j.s.ServletContextHandler@2d4a3e13{/static,jar:file:/home/user/.m2/repository/org/apache/hadoop/hadoop-hdds-container-service/0.5.0-SNAPSHOT/hadoop-hdds-container-service-0.5.0-SNAPSHOT.jar!/webapps/static,AVAILABLE}
2019-07-13 22:43:01,596 INFO  handler.ContextHandler (ContextHandler.java:doStart(781)) - Started o.e.j.w.WebAppContext@561f9d92{/,file:///tmp/jetty-0.0.0.0-38778-hddsDatanode-_-any-8142677680020089573.dir/webapp/,AVAILABLE}{/hddsDatanode}
2019-07-13 22:43:01,598 INFO  server.AbstractConnector (AbstractConnector.java:doStart(278)) - Started ServerConnector@1c84d80a{HTTP/1.1,[http/1.1]}{0.0.0.0:38778}
2019-07-13 22:43:01,598 INFO  server.Server (Server.java:doStart(419)) - Started @6601ms
2019-07-13 22:43:01,599 INFO  server.BaseHttpServer (BaseHttpServer.java:updateConnectorAddress(207)) - HTTP server of HDDSDATANODE is listening at http://0.0.0.0:38778
2019-07-13 22:43:01,770 INFO  ozone.HddsDatanodeService (HddsDatanodeService.java:startPlugins(396)) - Started plug-in org.apache.hadoop.ozone.web.OzoneHddsDatanodeService@16f15ae9
2019-07-13 22:43:01,770 INFO  impl.MetricsSystemImpl (MetricsSystemImpl.java:init(158)) - HddsDatanode metrics system started (again)
2019-07-13 22:43:01,772 INFO  ozone.HddsDatanodeService (HddsDatanodeService.java:start(185)) - HddsDatanodeService host:trunk-nightly-x8m8d-1534914823 ip:192.168.5.159
2019-07-13 22:43:01,774 INFO  util.JvmPauseMonitor (JvmPauseMonitor.java:run(188)) - Starting JVM pause monitor
2019-07-13 22:43:01,785 INFO  datanode.InitDatanodeState (InitDatanodeState.java:persistContainerDatanodeDetails(140)) - DatanodeDetails is persisted to /tmp/workdir/hadoop-ozone/integration-test/target/test-dir/MiniOzoneClusterImpl-61a6064b-b46c-40a5-8a2c-660942024b76/datanode-5/meta/datanode.id
2019-07-13 22:43:01,792 INFO  volume.HddsVolume (HddsVolume.java:<init>(176)) - Creating Volume: /tmp/workdir/hadoop-ozone/integration-test/target/test-dir/MiniOzoneClusterImpl-61a6064b-b46c-40a5-8a2c-660942024b76/datanode-6/data/containers/hdds of  storage type : DISK and capacity : 52710309888
2019-07-13 22:43:01,795 INFO  volume.VolumeSet (VolumeSet.java:initializeVolumeSet(170)) - Added Volume : /tmp/workdir/hadoop-ozone/integration-test/target/test-dir/MiniOzoneClusterImpl-61a6064b-b46c-40a5-8a2c-660942024b76/datanode-6/data/containers/hdds to VolumeSet
2019-07-13 22:43:01,796 INFO  volume.ThrottledAsyncChecker (ThrottledAsyncChecker.java:schedule(140)) - Scheduling a check for org.apache.hadoop.ozone.container.common.volume.HddsVolume@2b79c8ff
2019-07-13 22:43:01,800 INFO  volume.HddsVolumeChecker (HddsVolumeChecker.java:checkAllVolumes(203)) - Scheduled health check for volume org.apache.hadoop.ozone.container.common.volume.HddsVolume@2b79c8ff
2019-07-13 22:43:01,816 INFO  impl.RaftServerProxy (ConfUtils.java:logGet(43)) - raft.rpc.type = GRPC (default)
2019-07-13 22:43:01,816 INFO  grpc.GrpcFactory (GrpcFactory.java:checkPooledByteBufAllocatorUseCacheForAllThreads(45)) - PERFORMANCE WARNING: useCacheForAllThreads is true that may cause Netty to create a lot garbage objects and, as a result, trigger GC.
	It is recommended to disable useCacheForAllThreads by setting -Dorg.apache.ratis.thirdparty.io.netty.allocator.useCacheForAllThreads=false in command line.
2019-07-13 22:43:01,817 INFO  grpc.GrpcConfigKeys$Server (ConfUtils.java:logGet(43)) - raft.grpc.server.port = 0 (default)
2019-07-13 22:43:01,817 INFO  server.GrpcService (ConfUtils.java:logGet(43)) - raft.grpc.message.size.max = 33570816 (custom)
2019-07-13 22:43:01,818 INFO  server.RaftServerConfigKeys (ConfUtils.java:logGet(43)) - raft.server.log.appender.buffer.byte-limit = 33554432 (custom)
2019-07-13 22:43:01,818 INFO  server.GrpcService (ConfUtils.java:logGet(43)) - raft.grpc.flow.control.window = 1MB (=1048576) (default)
2019-07-13 22:43:01,818 INFO  server.RaftServerConfigKeys (ConfUtils.java:logGet(43)) - raft.server.rpc.request.timeout = 3000ms (default)
2019-07-13 22:43:01,819 INFO  server.RaftServerConfigKeys (ConfUtils.java:logGet(43)) - raft.server.storage.dir = [/tmp/workdir/hadoop-ozone/integration-test/target/test-dir/MiniOzoneClusterImpl-61a6064b-b46c-40a5-8a2c-660942024b76/datanode-6/data/ratis] (custom)
2019-07-13 22:43:01,820 INFO  replication.SimpleContainerDownloader (SimpleContainerDownloader.java:<init>(72)) - Starting container downloader service to copy containers to replicate.
2019-07-13 22:43:01,822 INFO  hdfs.DFSUtil (DFSUtil.java:httpServerTemplateForNNAndJN(1641)) - Starting Web-server for hddsDatanode at: http://0.0.0.0:0
2019-07-13 22:43:01,823 INFO  server.AuthenticationFilter (AuthenticationFilter.java:constructSecretProvider(240)) - Unable to initialize FileSignerSecretProvider, falling back to use random secrets.
2019-07-13 22:43:01,824 WARN  http.HttpRequestLog (HttpRequestLog.java:getRequestLog(97)) - Jetty request log can only be enabled using Log4j
2019-07-13 22:43:01,825 INFO  http.HttpServer2 (HttpServer2.java:addGlobalFilter(975)) - Added global filter 'safety' (class=org.apache.hadoop.http.HttpServer2$QuotingInputFilter)
2019-07-13 22:43:01,826 INFO  http.HttpServer2 (HttpServer2.java:addFilter(948)) - Added filter static_user_filter (class=org.apache.hadoop.http.lib.StaticUserWebFilter$StaticUserFilter) to context hddsDatanode
2019-07-13 22:43:01,826 INFO  http.HttpServer2 (HttpServer2.java:addFilter(958)) - Added filter static_user_filter (class=org.apache.hadoop.http.lib.StaticUserWebFilter$StaticUserFilter) to context logs
2019-07-13 22:43:01,826 INFO  http.HttpServer2 (HttpServer2.java:addFilter(958)) - Added filter static_user_filter (class=org.apache.hadoop.http.lib.StaticUserWebFilter$StaticUserFilter) to context static
2019-07-13 22:43:01,826 INFO  http.HttpServer2 (HttpServer2.java:bindListener(1191)) - Jetty bound to port 34964
2019-07-13 22:43:01,826 INFO  server.Server (Server.java:doStart(351)) - jetty-9.3.24.v20180605, build timestamp: 2018-06-05T17:11:56Z, git hash: 84205aa28f11a4f31f2a3b86d1bba2cc8ab69827
2019-07-13 22:43:01,828 INFO  handler.ContextHandler (ContextHandler.java:doStart(781)) - Started o.e.j.s.ServletContextHandler@6568f998{/logs,file:///tmp/workdir/hadoop-ozone/integration-test/target/log,AVAILABLE}
2019-07-13 22:43:01,829 INFO  handler.ContextHandler (ContextHandler.java:doStart(781)) - Started o.e.j.s.ServletContextHandler@782fd504{/static,jar:file:/home/user/.m2/repository/org/apache/hadoop/hadoop-hdds-container-service/0.5.0-SNAPSHOT/hadoop-hdds-container-service-0.5.0-SNAPSHOT.jar!/webapps/static,AVAILABLE}
2019-07-13 22:43:01,851 INFO  handler.ContextHandler (ContextHandler.java:doStart(781)) - Started o.e.j.w.WebAppContext@418f0534{/,file:///tmp/jetty-0.0.0.0-34964-hddsDatanode-_-any-6608965904369924267.dir/webapp/,AVAILABLE}{/hddsDatanode}
2019-07-13 22:43:01,852 INFO  server.AbstractConnector (AbstractConnector.java:doStart(278)) - Started ServerConnector@3dfd7eaa{HTTP/1.1,[http/1.1]}{0.0.0.0:34964}
2019-07-13 22:43:01,853 INFO  server.Server (Server.java:doStart(419)) - Started @6856ms
2019-07-13 22:43:01,854 INFO  server.BaseHttpServer (BaseHttpServer.java:updateConnectorAddress(207)) - HTTP server of HDDSDATANODE is listening at http://0.0.0.0:34964
2019-07-13 22:43:01,963 INFO  ozone.HddsDatanodeService (HddsDatanodeService.java:startPlugins(396)) - Started plug-in org.apache.hadoop.ozone.web.OzoneHddsDatanodeService@28e7bb31
2019-07-13 22:43:01,966 INFO  ozone.MiniOzoneClusterImpl (MiniOzoneClusterImpl.java:lambda$waitForClusterToBeReady$0(142)) - Waiting for cluster to be ready. Got 0 of 7 DN Heartbeats.
2019-07-13 22:43:01,967 INFO  util.JvmPauseMonitor (JvmPauseMonitor.java:run(188)) - Starting JVM pause monitor
2019-07-13 22:43:01,970 INFO  datanode.InitDatanodeState (InitDatanodeState.java:persistContainerDatanodeDetails(140)) - DatanodeDetails is persisted to /tmp/workdir/hadoop-ozone/integration-test/target/test-dir/MiniOzoneClusterImpl-61a6064b-b46c-40a5-8a2c-660942024b76/datanode-6/meta/datanode.id
2019-07-13 22:43:02,874 INFO  ozoneimpl.OzoneContainer (OzoneContainer.java:start(186)) - Attempting to start container services.
2019-07-13 22:43:02,876 INFO  ozoneimpl.OzoneContainer (OzoneContainer.java:startContainerScrub(160)) - Background container scrubber has been disabled by hdds.containerscrub.enabled
2019-07-13 22:43:02,877 INFO  ratis.XceiverServerRatis (XceiverServerRatis.java:start(418)) - Starting XceiverServerRatis 8f8eab75-0175-460a-95dd-0d4271bcd0a2 at port 0
2019-07-13 22:43:02,898 INFO  impl.RaftServerProxy (RaftServerProxy.java:lambda$start$3(299)) - 8f8eab75-0175-460a-95dd-0d4271bcd0a2: start RPC server
2019-07-13 22:43:02,966 INFO  ozone.MiniOzoneClusterImpl (MiniOzoneClusterImpl.java:lambda$waitForClusterToBeReady$0(142)) - Waiting for cluster to be ready. Got 0 of 7 DN Heartbeats.
2019-07-13 22:43:03,025 INFO  server.GrpcService (GrpcService.java:startImpl(149)) - 8f8eab75-0175-460a-95dd-0d4271bcd0a2: GrpcService started, listening on 0.0.0.0/0.0.0.0:46470
2019-07-13 22:43:03,026 INFO  ratis.XceiverServerRatis (XceiverServerRatis.java:start(428)) - XceiverServerRatis 8f8eab75-0175-460a-95dd-0d4271bcd0a2 is started using port 46470
2019-07-13 22:43:03,028 INFO  server.XceiverServerGrpc (XceiverServerGrpc.java:start(161)) - XceiverServerGrpc 8f8eab75-0175-460a-95dd-0d4271bcd0a2 is started using port 33575
2019-07-13 22:43:03,035 INFO  ozoneimpl.OzoneContainer (OzoneContainer.java:start(186)) - Attempting to start container services.
2019-07-13 22:43:03,038 INFO  ozoneimpl.OzoneContainer (OzoneContainer.java:startContainerScrub(160)) - Background container scrubber has been disabled by hdds.containerscrub.enabled
2019-07-13 22:43:03,038 INFO  ratis.XceiverServerRatis (XceiverServerRatis.java:start(418)) - Starting XceiverServerRatis 0f3acd4c-1ccf-4418-b1d4-38217ff2445b at port 0
2019-07-13 22:43:03,047 INFO  impl.RaftServerProxy (RaftServerProxy.java:lambda$start$3(299)) - 0f3acd4c-1ccf-4418-b1d4-38217ff2445b: start RPC server
2019-07-13 22:43:03,050 INFO  server.GrpcService (GrpcService.java:startImpl(149)) - 0f3acd4c-1ccf-4418-b1d4-38217ff2445b: GrpcService started, listening on 0.0.0.0/0.0.0.0:34260
2019-07-13 22:43:03,051 INFO  ratis.XceiverServerRatis (XceiverServerRatis.java:start(428)) - XceiverServerRatis 0f3acd4c-1ccf-4418-b1d4-38217ff2445b is started using port 34260
2019-07-13 22:43:03,053 INFO  server.XceiverServerGrpc (XceiverServerGrpc.java:start(161)) - XceiverServerGrpc 0f3acd4c-1ccf-4418-b1d4-38217ff2445b is started using port 43985
2019-07-13 22:43:03,187 INFO  ozoneimpl.OzoneContainer (OzoneContainer.java:start(186)) - Attempting to start container services.
2019-07-13 22:43:03,189 INFO  ozoneimpl.OzoneContainer (OzoneContainer.java:startContainerScrub(160)) - Background container scrubber has been disabled by hdds.containerscrub.enabled
2019-07-13 22:43:03,189 INFO  ratis.XceiverServerRatis (XceiverServerRatis.java:start(418)) - Starting XceiverServerRatis 1a7d42c9-30ae-494c-a633-8f230c07f01a at port 0
2019-07-13 22:43:03,200 INFO  impl.RaftServerProxy (RaftServerProxy.java:lambda$start$3(299)) - 1a7d42c9-30ae-494c-a633-8f230c07f01a: start RPC server
2019-07-13 22:43:03,204 INFO  server.GrpcService (GrpcService.java:startImpl(149)) - 1a7d42c9-30ae-494c-a633-8f230c07f01a: GrpcService started, listening on 0.0.0.0/0.0.0.0:38382
2019-07-13 22:43:03,204 INFO  ratis.XceiverServerRatis (XceiverServerRatis.java:start(428)) - XceiverServerRatis 1a7d42c9-30ae-494c-a633-8f230c07f01a is started using port 38382
2019-07-13 22:43:03,207 INFO  server.XceiverServerGrpc (XceiverServerGrpc.java:start(161)) - XceiverServerGrpc 1a7d42c9-30ae-494c-a633-8f230c07f01a is started using port 43168
2019-07-13 22:43:03,365 INFO  ozoneimpl.OzoneContainer (OzoneContainer.java:start(186)) - Attempting to start container services.
2019-07-13 22:43:03,372 INFO  ozoneimpl.OzoneContainer (OzoneContainer.java:startContainerScrub(160)) - Background container scrubber has been disabled by hdds.containerscrub.enabled
2019-07-13 22:43:03,372 INFO  ratis.XceiverServerRatis (XceiverServerRatis.java:start(418)) - Starting XceiverServerRatis 4adb445a-e83e-44ce-ae55-701246e0e5b4 at port 0
2019-07-13 22:43:03,384 INFO  impl.RaftServerProxy (RaftServerProxy.java:lambda$start$3(299)) - 4adb445a-e83e-44ce-ae55-701246e0e5b4: start RPC server
2019-07-13 22:43:03,387 INFO  server.GrpcService (GrpcService.java:startImpl(149)) - 4adb445a-e83e-44ce-ae55-701246e0e5b4: GrpcService started, listening on 0.0.0.0/0.0.0.0:43271
2019-07-13 22:43:03,387 INFO  ratis.XceiverServerRatis (XceiverServerRatis.java:start(428)) - XceiverServerRatis 4adb445a-e83e-44ce-ae55-701246e0e5b4 is started using port 43271
2019-07-13 22:43:03,390 INFO  server.XceiverServerGrpc (XceiverServerGrpc.java:start(161)) - XceiverServerGrpc 4adb445a-e83e-44ce-ae55-701246e0e5b4 is started using port 37279
2019-07-13 22:43:03,538 INFO  ozoneimpl.OzoneContainer (OzoneContainer.java:start(186)) - Attempting to start container services.
2019-07-13 22:43:03,538 INFO  ozoneimpl.OzoneContainer (OzoneContainer.java:startContainerScrub(160)) - Background container scrubber has been disabled by hdds.containerscrub.enabled
2019-07-13 22:43:03,539 INFO  ratis.XceiverServerRatis (XceiverServerRatis.java:start(418)) - Starting XceiverServerRatis 27b8aa11-1529-43d1-926a-f94254e37905 at port 0
2019-07-13 22:43:03,550 INFO  impl.RaftServerProxy (RaftServerProxy.java:lambda$start$3(299)) - 27b8aa11-1529-43d1-926a-f94254e37905: start RPC server
2019-07-13 22:43:03,554 INFO  server.GrpcService (GrpcService.java:startImpl(149)) - 27b8aa11-1529-43d1-926a-f94254e37905: GrpcService started, listening on 0.0.0.0/0.0.0.0:33449
2019-07-13 22:43:03,554 INFO  ratis.XceiverServerRatis (XceiverServerRatis.java:start(428)) - XceiverServerRatis 27b8aa11-1529-43d1-926a-f94254e37905 is started using port 33449
2019-07-13 22:43:03,558 INFO  server.XceiverServerGrpc (XceiverServerGrpc.java:start(161)) - XceiverServerGrpc 27b8aa11-1529-43d1-926a-f94254e37905 is started using port 38206
2019-07-13 22:43:03,783 INFO  ozoneimpl.OzoneContainer (OzoneContainer.java:start(186)) - Attempting to start container services.
2019-07-13 22:43:03,784 INFO  ozoneimpl.OzoneContainer (OzoneContainer.java:startContainerScrub(160)) - Background container scrubber has been disabled by hdds.containerscrub.enabled
2019-07-13 22:43:03,784 INFO  ratis.XceiverServerRatis (XceiverServerRatis.java:start(418)) - Starting XceiverServerRatis 1eafab87-0301-40c0-9717-194aaf9a5d3b at port 0
2019-07-13 22:43:03,795 INFO  impl.RaftServerProxy (RaftServerProxy.java:lambda$start$3(299)) - 1eafab87-0301-40c0-9717-194aaf9a5d3b: start RPC server
2019-07-13 22:43:03,800 INFO  server.GrpcService (GrpcService.java:startImpl(149)) - 1eafab87-0301-40c0-9717-194aaf9a5d3b: GrpcService started, listening on 0.0.0.0/0.0.0.0:43655
2019-07-13 22:43:03,801 INFO  ratis.XceiverServerRatis (XceiverServerRatis.java:start(428)) - XceiverServerRatis 1eafab87-0301-40c0-9717-194aaf9a5d3b is started using port 43655
2019-07-13 22:43:03,805 INFO  server.XceiverServerGrpc (XceiverServerGrpc.java:start(161)) - XceiverServerGrpc 1eafab87-0301-40c0-9717-194aaf9a5d3b is started using port 38650
2019-07-13 22:43:03,967 INFO  ozone.MiniOzoneClusterImpl (MiniOzoneClusterImpl.java:lambda$waitForClusterToBeReady$0(142)) - Waiting for cluster to be ready. Got 0 of 7 DN Heartbeats.
2019-07-13 22:43:03,983 INFO  ozoneimpl.OzoneContainer (OzoneContainer.java:start(186)) - Attempting to start container services.
2019-07-13 22:43:03,983 INFO  ozoneimpl.OzoneContainer (OzoneContainer.java:startContainerScrub(160)) - Background container scrubber has been disabled by hdds.containerscrub.enabled
2019-07-13 22:43:03,983 INFO  ratis.XceiverServerRatis (XceiverServerRatis.java:start(418)) - Starting XceiverServerRatis 7221a50d-169b-4b76-8489-c824735d1007 at port 0
2019-07-13 22:43:03,994 INFO  impl.RaftServerProxy (RaftServerProxy.java:lambda$start$3(299)) - 7221a50d-169b-4b76-8489-c824735d1007: start RPC server
2019-07-13 22:43:03,998 INFO  server.GrpcService (GrpcService.java:startImpl(149)) - 7221a50d-169b-4b76-8489-c824735d1007: GrpcService started, listening on 0.0.0.0/0.0.0.0:43191
2019-07-13 22:43:03,999 INFO  ratis.XceiverServerRatis (XceiverServerRatis.java:start(428)) - XceiverServerRatis 7221a50d-169b-4b76-8489-c824735d1007 is started using port 43191
2019-07-13 22:43:04,003 INFO  server.XceiverServerGrpc (XceiverServerGrpc.java:start(161)) - XceiverServerGrpc 7221a50d-169b-4b76-8489-c824735d1007 is started using port 38259
2019-07-13 22:43:04,852 INFO  net.NetworkTopology (NetworkTopologyImpl.java:add(110)) - Added a new node: /default-rack/192.168.5.159
2019-07-13 22:43:04,853 INFO  node.SCMNodeManager (SCMNodeManager.java:register(269)) - Registered Data node : 8f8eab75-0175-460a-95dd-0d4271bcd0a2{ip: 192.168.5.159, host: trunk-nightly-x8m8d-1534914823, networkLocation: /default-rack, certSerialId: null}
2019-07-13 22:43:04,861 INFO  safemode.SCMSafeModeManager (DataNodeSafeModeRule.java:process(71)) - SCM in safe mode. 1 DataNodes registered, 1 required.
2019-07-13 22:43:04,862 INFO  safemode.SCMSafeModeManager (SCMSafeModeManager.java:validateSafeModeExitRules(177)) - ScmSafeModeManager, all rules are successfully validated
2019-07-13 22:43:04,862 INFO  safemode.SCMSafeModeManager (SCMSafeModeManager.java:exitSafeMode(193)) - SCM exiting safe mode.
2019-07-13 22:43:04,968 INFO  ozone.MiniOzoneClusterImpl (MiniOzoneClusterImpl.java:lambda$waitForClusterToBeReady$0(142)) - Waiting for cluster to be ready. Got 1 of 7 DN Heartbeats.
2019-07-13 22:43:05,021 INFO  node.SCMNodeManager (SCMNodeManager.java:register(269)) - Registered Data node : 0f3acd4c-1ccf-4418-b1d4-38217ff2445b{ip: 192.168.5.159, host: trunk-nightly-x8m8d-1534914823, networkLocation: /default-rack, certSerialId: null}
2019-07-13 22:43:05,184 INFO  node.SCMNodeManager (SCMNodeManager.java:register(269)) - Registered Data node : 1a7d42c9-30ae-494c-a633-8f230c07f01a{ip: 192.168.5.159, host: trunk-nightly-x8m8d-1534914823, networkLocation: /default-rack, certSerialId: null}
2019-07-13 22:43:05,354 INFO  node.SCMNodeManager (SCMNodeManager.java:register(269)) - Registered Data node : 4adb445a-e83e-44ce-ae55-701246e0e5b4{ip: 192.168.5.159, host: trunk-nightly-x8m8d-1534914823, networkLocation: /default-rack, certSerialId: null}
2019-07-13 22:43:05,849 INFO  node.SCMNodeManager (SCMNodeManager.java:register(269)) - Registered Data node : 27b8aa11-1529-43d1-926a-f94254e37905{ip: 192.168.5.159, host: trunk-nightly-x8m8d-1534914823, networkLocation: /default-rack, certSerialId: null}
2019-07-13 22:43:05,853 INFO  node.SCMNodeManager (SCMNodeManager.java:register(269)) - Registered Data node : 1eafab87-0301-40c0-9717-194aaf9a5d3b{ip: 192.168.5.159, host: trunk-nightly-x8m8d-1534914823, networkLocation: /default-rack, certSerialId: null}
2019-07-13 22:43:05,871 INFO  impl.RaftServerProxy (RaftServerProxy.java:addNew(89)) - 8f8eab75-0175-460a-95dd-0d4271bcd0a2: addNew group-75B2F3CC18CF:[8f8eab75-0175-460a-95dd-0d4271bcd0a2:192.168.5.159:46470] returns group-75B2F3CC18CF:java.util.concurrent.CompletableFuture@726ed78e[Not completed]
2019-07-13 22:43:05,889 INFO  impl.RaftServerImpl (RaftServerImpl.java:<init>(93)) - 8f8eab75-0175-460a-95dd-0d4271bcd0a2: new RaftServerImpl for group-75B2F3CC18CF:[8f8eab75-0175-460a-95dd-0d4271bcd0a2:192.168.5.159:46470] with ContainerStateMachine:uninitialized
2019-07-13 22:43:05,890 INFO  server.RaftServerConfigKeys (ConfUtils.java:logGet(43)) - raft.server.rpc.timeout.min = 5s (custom)
2019-07-13 22:43:05,892 INFO  server.RaftServerConfigKeys (ConfUtils.java:logGet(43)) - raft.server.rpc.timeout.max = 5200ms (custom)
2019-07-13 22:43:05,892 INFO  server.RaftServerConfigKeys (ConfUtils.java:logGet(43)) - raft.server.rpcslowness.timeout = 120s (custom)
2019-07-13 22:43:05,893 INFO  server.RaftServerConfigKeys (ConfUtils.java:logGet(43)) - raft.server.sleep.deviation.threshold = 300 (default)
2019-07-13 22:43:05,894 INFO  server.RaftServerConfigKeys (ConfUtils.java:logGet(43)) - raft.server.log.appender.install.snapshot.enabled = false (custom)
2019-07-13 22:43:05,902 INFO  impl.RaftServerImpl (ServerState.java:<init>(105)) - 8f8eab75-0175-460a-95dd-0d4271bcd0a2:group-75B2F3CC18CF ConfigurationManager, init=-1: [8f8eab75-0175-460a-95dd-0d4271bcd0a2:192.168.5.159:46470], old=null, confs=<EMPTY_MAP>
2019-07-13 22:43:05,902 INFO  server.RaftServerConfigKeys (ConfUtils.java:logGet(43)) - raft.server.storage.dir = [/tmp/workdir/hadoop-ozone/integration-test/target/test-dir/MiniOzoneClusterImpl-61a6064b-b46c-40a5-8a2c-660942024b76/datanode-0/data/ratis] (custom)
2019-07-13 22:43:05,910 INFO  storage.RaftStorageDirectory (RaftStorageDirectory.java:analyzeStorage(246)) - The storage directory /tmp/workdir/hadoop-ozone/integration-test/target/test-dir/MiniOzoneClusterImpl-61a6064b-b46c-40a5-8a2c-660942024b76/datanode-0/data/ratis/6dc37ec0-8b2c-4880-9fbb-75b2f3cc18cf does not exist. Creating ...
2019-07-13 22:43:05,928 INFO  storage.RaftStorageDirectory (RaftStorageDirectory.java:tryLock(328)) - Lock on /tmp/workdir/hadoop-ozone/integration-test/target/test-dir/MiniOzoneClusterImpl-61a6064b-b46c-40a5-8a2c-660942024b76/datanode-0/data/ratis/6dc37ec0-8b2c-4880-9fbb-75b2f3cc18cf/in_use.lock acquired by nodename 2602@trunk-nightly-x8m8d-1534914823
2019-07-13 22:43:05,942 INFO  storage.RaftStorage (RaftStorage.java:format(72)) - Storage directory /tmp/workdir/hadoop-ozone/integration-test/target/test-dir/MiniOzoneClusterImpl-61a6064b-b46c-40a5-8a2c-660942024b76/datanode-0/data/ratis/6dc37ec0-8b2c-4880-9fbb-75b2f3cc18cf has been successfully formatted.
2019-07-13 22:43:05,945 INFO  ratis.ContainerStateMachine (ContainerStateMachine.java:loadSnapshot(200)) - The snapshot info is null.Setting the last applied index to:(t:0, i:~)
2019-07-13 22:43:05,945 INFO  server.RaftServerConfigKeys (ConfUtils.java:logGet(43)) - raft.server.leader.election.timeout = 120s (custom)
2019-07-13 22:43:05,947 INFO  server.RaftServerConfigKeys (ConfUtils.java:logGet(43)) - raft.server.log.use.memory = false (default)
2019-07-13 22:43:05,953 INFO  server.RaftServerConfigKeys (ConfUtils.java:logGet(43)) - raft.server.log.purge.gap = 1000000000 (custom)
2019-07-13 22:43:05,953 INFO  server.RaftServerConfigKeys (ConfUtils.java:logGet(43)) - raft.server.log.appender.buffer.byte-limit = 33554432 (custom)
2019-07-13 22:43:05,954 INFO  server.RaftServerConfigKeys (ConfUtils.java:logGet(43)) - raft.server.log.segment.size.max = 1048576 (custom)
2019-07-13 22:43:05,958 INFO  server.RaftServerConfigKeys (ConfUtils.java:logGet(43)) - raft.server.log.segment.cache.num.max = 2 (custom)
2019-07-13 22:43:05,963 INFO  segmented.SegmentedRaftLogWorker (SegmentedRaftLogWorker.java:<init>(172)) - new 8f8eab75-0175-460a-95dd-0d4271bcd0a2-SegmentedRaftLogWorker:Storage Directory /tmp/workdir/hadoop-ozone/integration-test/target/test-dir/MiniOzoneClusterImpl-61a6064b-b46c-40a5-8a2c-660942024b76/datanode-0/data/ratis/6dc37ec0-8b2c-4880-9fbb-75b2f3cc18cf for RaftStorage:Storage Directory /tmp/workdir/hadoop-ozone/integration-test/target/test-dir/MiniOzoneClusterImpl-61a6064b-b46c-40a5-8a2c-660942024b76/datanode-0/data/ratis/6dc37ec0-8b2c-4880-9fbb-75b2f3cc18cf
2019-07-13 22:43:05,970 INFO  ozone.MiniOzoneClusterImpl (MiniOzoneClusterImpl.java:lambda$waitForClusterToBeReady$0(142)) - Waiting for cluster to be ready. Got 6 of 7 DN Heartbeats.
2019-07-13 22:43:05,971 INFO  node.SCMNodeManager (SCMNodeManager.java:register(269)) - Registered Data node : 7221a50d-169b-4b76-8489-c824735d1007{ip: 192.168.5.159, host: trunk-nightly-x8m8d-1534914823, networkLocation: /default-rack, certSerialId: null}
2019-07-13 22:43:05,981 INFO  server.RaftServerConfigKeys (ConfUtils.java:logGet(43)) - raft.server.log.queue.byte-limit = 2147483647 (custom)
2019-07-13 22:43:05,982 INFO  server.RaftServerConfigKeys (ConfUtils.java:logGet(43)) - raft.server.log.queue.element-limit = 1024 (custom)
2019-07-13 22:43:05,988 INFO  server.RaftServerConfigKeys (ConfUtils.java:logGet(43)) - raft.server.log.segment.size.max = 1048576 (custom)
2019-07-13 22:43:05,988 INFO  server.RaftServerConfigKeys (ConfUtils.java:logGet(43)) - raft.server.log.preallocated.size = 16384 (custom)
2019-07-13 22:43:05,989 INFO  server.RaftServerConfigKeys (ConfUtils.java:logGet(43)) - raft.server.log.write.buffer.size = 33554432 (custom)
2019-07-13 22:43:05,989 INFO  server.RaftServerConfigKeys (ConfUtils.java:logGet(43)) - raft.server.log.force.sync.num = 128 (default)
2019-07-13 22:43:05,990 INFO  server.RaftServerConfigKeys (ConfUtils.java:logGet(43)) - raft.server.log.statemachine.data.sync = true (default)
2019-07-13 22:43:05,991 INFO  server.RaftServerConfigKeys (ConfUtils.java:logGet(43)) - raft.server.log.statemachine.data.sync.timeout = 10s (default)
2019-07-13 22:43:05,991 INFO  server.RaftServerConfigKeys (ConfUtils.java:logGet(43)) - raft.server.log.statemachine.data.sync.timeout.retry = -1 (default)
2019-07-13 22:43:06,002 INFO  server.RaftServerConfigKeys (ConfUtils.java:logGet(43)) - raft.server.log.statemachine.data.caching.enabled = true (custom)
2019-07-13 22:43:06,008 INFO  segmented.SegmentedRaftLogWorker (SegmentedRaftLogWorker.java:lambda$new$0(132)) - 8f8eab75-0175-460a-95dd-0d4271bcd0a2-SegmentedRaftLogWorker:Storage Directory /tmp/workdir/hadoop-ozone/integration-test/target/test-dir/MiniOzoneClusterImpl-61a6064b-b46c-40a5-8a2c-660942024b76/datanode-0/data/ratis/6dc37ec0-8b2c-4880-9fbb-75b2f3cc18cf: flushIndex: setUnconditionally 0 -> -1
2019-07-13 22:43:06,013 INFO  server.RaftServerConfigKeys (ConfUtils.java:logGet(43)) - raft.server.snapshot.auto.trigger.enabled = true (custom)
2019-07-13 22:43:06,014 INFO  server.RaftServerConfigKeys (ConfUtils.java:logGet(43)) - raft.server.snapshot.auto.trigger.threshold = 10000 (custom)
2019-07-13 22:43:06,014 INFO  server.RaftServerConfigKeys (ConfUtils.java:logGet(43)) - raft.server.retrycache.expirytime = 600000ms (custom)
2019-07-13 22:43:06,037 INFO  impl.RaftServerImpl (RaftServerImpl.java:start(180)) - 8f8eab75-0175-460a-95dd-0d4271bcd0a2: start group-75B2F3CC18CF
2019-07-13 22:43:06,039 INFO  impl.RaftServerImpl (RaftServerImpl.java:setRole(171)) - 8f8eab75-0175-460a-95dd-0d4271bcd0a2:group-75B2F3CC18CF changes role from null to FOLLOWER at term 0 for startAsFollower
2019-07-13 22:43:06,040 INFO  impl.RoleInfo (RoleInfo.java:updateAndGet(143)) - 8f8eab75-0175-460a-95dd-0d4271bcd0a2: start FollowerState
2019-07-13 22:43:06,042 INFO  util.JmxRegister (JmxRegister.java:tryRegister(44)) - Successfully registered JMX Bean with object name Ratis:service=RaftServer,group=group-75B2F3CC18CF,id=8f8eab75-0175-460a-95dd-0d4271bcd0a2
2019-07-13 22:43:06,112 INFO  pipeline.PipelineStateManager (PipelineStateManager.java:addPipeline(56)) - Created pipeline Pipeline[ Id: 6dc37ec0-8b2c-4880-9fbb-75b2f3cc18cf, Nodes: 8f8eab75-0175-460a-95dd-0d4271bcd0a2{ip: 192.168.5.159, host: trunk-nightly-x8m8d-1534914823, networkLocation: /default-rack, certSerialId: null}, Type:RATIS, Factor:ONE, State:OPEN]
2019-07-13 22:43:06,146 INFO  impl.RaftServerProxy (RaftServerProxy.java:addNew(89)) - 4adb445a-e83e-44ce-ae55-701246e0e5b4: addNew group-FA42CB45C019:[4adb445a-e83e-44ce-ae55-701246e0e5b4:192.168.5.159:43271] returns group-FA42CB45C019:java.util.concurrent.CompletableFuture@2b929550[Not completed]
2019-07-13 22:43:06,198 INFO  impl.RaftServerImpl (RaftServerImpl.java:<init>(93)) - 4adb445a-e83e-44ce-ae55-701246e0e5b4: new RaftServerImpl for group-FA42CB45C019:[4adb445a-e83e-44ce-ae55-701246e0e5b4:192.168.5.159:43271] with ContainerStateMachine:uninitialized
2019-07-13 22:43:06,199 INFO  server.RaftServerConfigKeys (ConfUtils.java:logGet(43)) - raft.server.rpc.timeout.min = 5s (custom)
2019-07-13 22:43:06,200 INFO  server.RaftServerConfigKeys (ConfUtils.java:logGet(43)) - raft.server.rpc.timeout.max = 5200ms (custom)
2019-07-13 22:43:06,200 INFO  server.RaftServerConfigKeys (ConfUtils.java:logGet(43)) - raft.server.rpcslowness.timeout = 120s (custom)
2019-07-13 22:43:06,200 INFO  server.RaftServerConfigKeys (ConfUtils.java:logGet(43)) - raft.server.sleep.deviation.threshold = 300 (default)
2019-07-13 22:43:06,200 INFO  server.RaftServerConfigKeys (ConfUtils.java:logGet(43)) - raft.server.log.appender.install.snapshot.enabled = false (custom)
2019-07-13 22:43:06,200 INFO  impl.RaftServerImpl (ServerState.java:<init>(105)) - 4adb445a-e83e-44ce-ae55-701246e0e5b4:group-FA42CB45C019 ConfigurationManager, init=-1: [4adb445a-e83e-44ce-ae55-701246e0e5b4:192.168.5.159:43271], old=null, confs=<EMPTY_MAP>
2019-07-13 22:43:06,201 INFO  server.RaftServerConfigKeys (ConfUtils.java:logGet(43)) - raft.server.storage.dir = [/tmp/workdir/hadoop-ozone/integration-test/target/test-dir/MiniOzoneClusterImpl-61a6064b-b46c-40a5-8a2c-660942024b76/datanode-3/data/ratis] (custom)
2019-07-13 22:43:06,201 INFO  storage.RaftStorageDirectory (RaftStorageDirectory.java:analyzeStorage(246)) - The storage directory /tmp/workdir/hadoop-ozone/integration-test/target/test-dir/MiniOzoneClusterImpl-61a6064b-b46c-40a5-8a2c-660942024b76/datanode-3/data/ratis/d85fc3eb-c7a7-410c-8fa1-fa42cb45c019 does not exist. Creating ...
2019-07-13 22:43:06,222 INFO  storage.RaftStorageDirectory (RaftStorageDirectory.java:tryLock(328)) - Lock on /tmp/workdir/hadoop-ozone/integration-test/target/test-dir/MiniOzoneClusterImpl-61a6064b-b46c-40a5-8a2c-660942024b76/datanode-3/data/ratis/d85fc3eb-c7a7-410c-8fa1-fa42cb45c019/in_use.lock acquired by nodename 2602@trunk-nightly-x8m8d-1534914823
2019-07-13 22:43:06,225 INFO  storage.RaftStorage (RaftStorage.java:format(72)) - Storage directory /tmp/workdir/hadoop-ozone/integration-test/target/test-dir/MiniOzoneClusterImpl-61a6064b-b46c-40a5-8a2c-660942024b76/datanode-3/data/ratis/d85fc3eb-c7a7-410c-8fa1-fa42cb45c019 has been successfully formatted.
2019-07-13 22:43:06,226 INFO  ratis.ContainerStateMachine (ContainerStateMachine.java:loadSnapshot(200)) - The snapshot info is null.Setting the last applied index to:(t:0, i:~)
2019-07-13 22:43:06,228 INFO  server.RaftServerConfigKeys (ConfUtils.java:logGet(43)) - raft.server.leader.election.timeout = 120s (custom)
2019-07-13 22:43:06,228 INFO  server.RaftServerConfigKeys (ConfUtils.java:logGet(43)) - raft.server.log.use.memory = false (default)
2019-07-13 22:43:06,228 INFO  server.RaftServerConfigKeys (ConfUtils.java:logGet(43)) - raft.server.log.purge.gap = 1000000000 (custom)
2019-07-13 22:43:06,228 INFO  server.RaftServerConfigKeys (ConfUtils.java:logGet(43)) - raft.server.log.appender.buffer.byte-limit = 33554432 (custom)
2019-07-13 22:43:06,228 INFO  server.RaftServerConfigKeys (ConfUtils.java:logGet(43)) - raft.server.log.segment.size.max = 1048576 (custom)
2019-07-13 22:43:06,228 INFO  server.RaftServerConfigKeys (ConfUtils.java:logGet(43)) - raft.server.log.segment.cache.num.max = 2 (custom)
2019-07-13 22:43:06,229 INFO  segmented.SegmentedRaftLogWorker (SegmentedRaftLogWorker.java:<init>(172)) - new 4adb445a-e83e-44ce-ae55-701246e0e5b4-SegmentedRaftLogWorker:Storage Directory /tmp/workdir/hadoop-ozone/integration-test/target/test-dir/MiniOzoneClusterImpl-61a6064b-b46c-40a5-8a2c-660942024b76/datanode-3/data/ratis/d85fc3eb-c7a7-410c-8fa1-fa42cb45c019 for RaftStorage:Storage Directory /tmp/workdir/hadoop-ozone/integration-test/target/test-dir/MiniOzoneClusterImpl-61a6064b-b46c-40a5-8a2c-660942024b76/datanode-3/data/ratis/d85fc3eb-c7a7-410c-8fa1-fa42cb45c019
2019-07-13 22:43:06,230 INFO  server.RaftServerConfigKeys (ConfUtils.java:logGet(43)) - raft.server.log.queue.byte-limit = 2147483647 (custom)
2019-07-13 22:43:06,230 INFO  server.RaftServerConfigKeys (ConfUtils.java:logGet(43)) - raft.server.log.queue.element-limit = 1024 (custom)
2019-07-13 22:43:06,231 INFO  server.RaftServerConfigKeys (ConfUtils.java:logGet(43)) - raft.server.log.segment.size.max = 1048576 (custom)
2019-07-13 22:43:06,231 INFO  server.RaftServerConfigKeys (ConfUtils.java:logGet(43)) - raft.server.log.preallocated.size = 16384 (custom)
2019-07-13 22:43:06,231 INFO  server.RaftServerConfigKeys (ConfUtils.java:logGet(43)) - raft.server.log.write.buffer.size = 33554432 (custom)
2019-07-13 22:43:06,231 INFO  server.RaftServerConfigKeys (ConfUtils.java:logGet(43)) - raft.server.log.force.sync.num = 128 (default)
2019-07-13 22:43:06,231 INFO  server.RaftServerConfigKeys (ConfUtils.java:logGet(43)) - raft.server.log.statemachine.data.sync = true (default)
2019-07-13 22:43:06,231 INFO  server.RaftServerConfigKeys (ConfUtils.java:logGet(43)) - raft.server.log.statemachine.data.sync.timeout = 10s (default)
2019-07-13 22:43:06,232 INFO  server.RaftServerConfigKeys (ConfUtils.java:logGet(43)) - raft.server.log.statemachine.data.sync.timeout.retry = -1 (default)
2019-07-13 22:43:06,232 INFO  server.RaftServerConfigKeys (ConfUtils.java:logGet(43)) - raft.server.log.statemachine.data.caching.enabled = true (custom)
2019-07-13 22:43:06,232 INFO  segmented.SegmentedRaftLogWorker (SegmentedRaftLogWorker.java:lambda$new$0(132)) - 4adb445a-e83e-44ce-ae55-701246e0e5b4-SegmentedRaftLogWorker:Storage Directory /tmp/workdir/hadoop-ozone/integration-test/target/test-dir/MiniOzoneClusterImpl-61a6064b-b46c-40a5-8a2c-660942024b76/datanode-3/data/ratis/d85fc3eb-c7a7-410c-8fa1-fa42cb45c019: flushIndex: setUnconditionally 0 -> -1
2019-07-13 22:43:06,233 INFO  server.RaftServerConfigKeys (ConfUtils.java:logGet(43)) - raft.server.snapshot.auto.trigger.enabled = true (custom)
2019-07-13 22:43:06,233 INFO  server.RaftServerConfigKeys (ConfUtils.java:logGet(43)) - raft.server.snapshot.auto.trigger.threshold = 10000 (custom)
2019-07-13 22:43:06,233 INFO  server.RaftServerConfigKeys (ConfUtils.java:logGet(43)) - raft.server.retrycache.expirytime = 600000ms (custom)
2019-07-13 22:43:06,233 INFO  impl.RaftServerImpl (RaftServerImpl.java:start(180)) - 4adb445a-e83e-44ce-ae55-701246e0e5b4: start group-FA42CB45C019
2019-07-13 22:43:06,234 INFO  impl.RaftServerImpl (RaftServerImpl.java:setRole(171)) - 4adb445a-e83e-44ce-ae55-701246e0e5b4:group-FA42CB45C019 changes role from null to FOLLOWER at term 0 for startAsFollower
2019-07-13 22:43:06,234 INFO  impl.RoleInfo (RoleInfo.java:updateAndGet(143)) - 4adb445a-e83e-44ce-ae55-701246e0e5b4: start FollowerState
2019-07-13 22:43:06,236 INFO  util.JmxRegister (JmxRegister.java:tryRegister(44)) - Successfully registered JMX Bean with object name Ratis:service=RaftServer,group=group-FA42CB45C019,id=4adb445a-e83e-44ce-ae55-701246e0e5b4
2019-07-13 22:43:06,250 INFO  pipeline.PipelineStateManager (PipelineStateManager.java:addPipeline(56)) - Created pipeline Pipeline[ Id: d85fc3eb-c7a7-410c-8fa1-fa42cb45c019, Nodes: 4adb445a-e83e-44ce-ae55-701246e0e5b4{ip: 192.168.5.159, host: trunk-nightly-x8m8d-1534914823, networkLocation: /default-rack, certSerialId: null}, Type:RATIS, Factor:ONE, State:OPEN]
2019-07-13 22:43:06,276 INFO  impl.RaftServerProxy (RaftServerProxy.java:addNew(89)) - 1eafab87-0301-40c0-9717-194aaf9a5d3b: addNew group-6291A1B9D90E:[1eafab87-0301-40c0-9717-194aaf9a5d3b:192.168.5.159:43655] returns group-6291A1B9D90E:java.util.concurrent.CompletableFuture@3e27bce3[Not completed]
2019-07-13 22:43:06,285 INFO  impl.RaftServerImpl (RaftServerImpl.java:<init>(93)) - 1eafab87-0301-40c0-9717-194aaf9a5d3b: new RaftServerImpl for group-6291A1B9D90E:[1eafab87-0301-40c0-9717-194aaf9a5d3b:192.168.5.159:43655] with ContainerStateMachine:uninitialized
2019-07-13 22:43:06,285 INFO  server.RaftServerConfigKeys (ConfUtils.java:logGet(43)) - raft.server.rpc.timeout.min = 5s (custom)
2019-07-13 22:43:06,286 INFO  server.RaftServerConfigKeys (ConfUtils.java:logGet(43)) - raft.server.rpc.timeout.max = 5200ms (custom)
2019-07-13 22:43:06,286 INFO  server.RaftServerConfigKeys (ConfUtils.java:logGet(43)) - raft.server.rpcslowness.timeout = 120s (custom)
2019-07-13 22:43:06,286 INFO  server.RaftServerConfigKeys (ConfUtils.java:logGet(43)) - raft.server.sleep.deviation.threshold = 300 (default)
2019-07-13 22:43:06,286 INFO  server.RaftServerConfigKeys (ConfUtils.java:logGet(43)) - raft.server.log.appender.install.snapshot.enabled = false (custom)
2019-07-13 22:43:06,286 INFO  impl.RaftServerImpl (ServerState.java:<init>(105)) - 1eafab87-0301-40c0-9717-194aaf9a5d3b:group-6291A1B9D90E ConfigurationManager, init=-1: [1eafab87-0301-40c0-9717-194aaf9a5d3b:192.168.5.159:43655], old=null, confs=<EMPTY_MAP>
2019-07-13 22:43:06,286 INFO  server.RaftServerConfigKeys (ConfUtils.java:logGet(43)) - raft.server.storage.dir = [/tmp/workdir/hadoop-ozone/integration-test/target/test-dir/MiniOzoneClusterImpl-61a6064b-b46c-40a5-8a2c-660942024b76/datanode-5/data/ratis] (custom)
2019-07-13 22:43:06,287 INFO  storage.RaftStorageDirectory (RaftStorageDirectory.java:analyzeStorage(246)) - The storage directory /tmp/workdir/hadoop-ozone/integration-test/target/test-dir/MiniOzoneClusterImpl-61a6064b-b46c-40a5-8a2c-660942024b76/datanode-5/data/ratis/37999338-d638-47e7-8b77-6291a1b9d90e does not exist. Creating ...
2019-07-13 22:43:06,299 INFO  storage.RaftStorageDirectory (RaftStorageDirectory.java:tryLock(328)) - Lock on /tmp/workdir/hadoop-ozone/integration-test/target/test-dir/MiniOzoneClusterImpl-61a6064b-b46c-40a5-8a2c-660942024b76/datanode-5/data/ratis/37999338-d638-47e7-8b77-6291a1b9d90e/in_use.lock acquired by nodename 2602@trunk-nightly-x8m8d-1534914823
2019-07-13 22:43:06,310 INFO  storage.RaftStorage (RaftStorage.java:format(72)) - Storage directory /tmp/workdir/hadoop-ozone/integration-test/target/test-dir/MiniOzoneClusterImpl-61a6064b-b46c-40a5-8a2c-660942024b76/datanode-5/data/ratis/37999338-d638-47e7-8b77-6291a1b9d90e has been successfully formatted.
2019-07-13 22:43:06,311 INFO  ratis.ContainerStateMachine (ContainerStateMachine.java:loadSnapshot(200)) - The snapshot info is null.Setting the last applied index to:(t:0, i:~)
2019-07-13 22:43:06,311 INFO  server.RaftServerConfigKeys (ConfUtils.java:logGet(43)) - raft.server.leader.election.timeout = 120s (custom)
2019-07-13 22:43:06,311 INFO  server.RaftServerConfigKeys (ConfUtils.java:logGet(43)) - raft.server.log.use.memory = false (default)
2019-07-13 22:43:06,311 INFO  server.RaftServerConfigKeys (ConfUtils.java:logGet(43)) - raft.server.log.purge.gap = 1000000000 (custom)
2019-07-13 22:43:06,311 INFO  server.RaftServerConfigKeys (ConfUtils.java:logGet(43)) - raft.server.log.appender.buffer.byte-limit = 33554432 (custom)
2019-07-13 22:43:06,312 INFO  server.RaftServerConfigKeys (ConfUtils.java:logGet(43)) - raft.server.log.segment.size.max = 1048576 (custom)
2019-07-13 22:43:06,312 INFO  server.RaftServerConfigKeys (ConfUtils.java:logGet(43)) - raft.server.log.segment.cache.num.max = 2 (custom)
2019-07-13 22:43:06,312 INFO  segmented.SegmentedRaftLogWorker (SegmentedRaftLogWorker.java:<init>(172)) - new 1eafab87-0301-40c0-9717-194aaf9a5d3b-SegmentedRaftLogWorker:Storage Directory /tmp/workdir/hadoop-ozone/integration-test/target/test-dir/MiniOzoneClusterImpl-61a6064b-b46c-40a5-8a2c-660942024b76/datanode-5/data/ratis/37999338-d638-47e7-8b77-6291a1b9d90e for RaftStorage:Storage Directory /tmp/workdir/hadoop-ozone/integration-test/target/test-dir/MiniOzoneClusterImpl-61a6064b-b46c-40a5-8a2c-660942024b76/datanode-5/data/ratis/37999338-d638-47e7-8b77-6291a1b9d90e
2019-07-13 22:43:06,312 INFO  server.RaftServerConfigKeys (ConfUtils.java:logGet(43)) - raft.server.log.queue.byte-limit = 2147483647 (custom)
2019-07-13 22:43:06,312 INFO  server.RaftServerConfigKeys (ConfUtils.java:logGet(43)) - raft.server.log.queue.element-limit = 1024 (custom)
2019-07-13 22:43:06,313 INFO  server.RaftServerConfigKeys (ConfUtils.java:logGet(43)) - raft.server.log.segment.size.max = 1048576 (custom)
2019-07-13 22:43:06,313 INFO  server.RaftServerConfigKeys (ConfUtils.java:logGet(43)) - raft.server.log.preallocated.size = 16384 (custom)
2019-07-13 22:43:06,313 INFO  server.RaftServerConfigKeys (ConfUtils.java:logGet(43)) - raft.server.log.write.buffer.size = 33554432 (custom)
2019-07-13 22:43:06,313 INFO  server.RaftServerConfigKeys (ConfUtils.java:logGet(43)) - raft.server.log.force.sync.num = 128 (default)
2019-07-13 22:43:06,313 INFO  server.RaftServerConfigKeys (ConfUtils.java:logGet(43)) - raft.server.log.statemachine.data.sync = true (default)
2019-07-13 22:43:06,314 INFO  server.RaftServerConfigKeys (ConfUtils.java:logGet(43)) - raft.server.log.statemachine.data.sync.timeout = 10s (default)
2019-07-13 22:43:06,314 INFO  server.RaftServerConfigKeys (ConfUtils.java:logGet(43)) - raft.server.log.statemachine.data.sync.timeout.retry = -1 (default)
2019-07-13 22:43:06,314 INFO  server.RaftServerConfigKeys (ConfUtils.java:logGet(43)) - raft.server.log.statemachine.data.caching.enabled = true (custom)
2019-07-13 22:43:06,315 INFO  segmented.SegmentedRaftLogWorker (SegmentedRaftLogWorker.java:lambda$new$0(132)) - 1eafab87-0301-40c0-9717-194aaf9a5d3b-SegmentedRaftLogWorker:Storage Directory /tmp/workdir/hadoop-ozone/integration-test/target/test-dir/MiniOzoneClusterImpl-61a6064b-b46c-40a5-8a2c-660942024b76/datanode-5/data/ratis/37999338-d638-47e7-8b77-6291a1b9d90e: flushIndex: setUnconditionally 0 -> -1
2019-07-13 22:43:06,315 INFO  server.RaftServerConfigKeys (ConfUtils.java:logGet(43)) - raft.server.snapshot.auto.trigger.enabled = true (custom)
2019-07-13 22:43:06,315 INFO  server.RaftServerConfigKeys (ConfUtils.java:logGet(43)) - raft.server.snapshot.auto.trigger.threshold = 10000 (custom)
2019-07-13 22:43:06,315 INFO  server.RaftServerConfigKeys (ConfUtils.java:logGet(43)) - raft.server.retrycache.expirytime = 600000ms (custom)
2019-07-13 22:43:06,316 INFO  impl.RaftServerImpl (RaftServerImpl.java:start(180)) - 1eafab87-0301-40c0-9717-194aaf9a5d3b: start group-6291A1B9D90E
2019-07-13 22:43:06,316 INFO  impl.RaftServerImpl (RaftServerImpl.java:setRole(171)) - 1eafab87-0301-40c0-9717-194aaf9a5d3b:group-6291A1B9D90E changes role from null to FOLLOWER at term 0 for startAsFollower
2019-07-13 22:43:06,316 INFO  impl.RoleInfo (RoleInfo.java:updateAndGet(143)) - 1eafab87-0301-40c0-9717-194aaf9a5d3b: start FollowerState
2019-07-13 22:43:06,316 INFO  util.JmxRegister (JmxRegister.java:tryRegister(44)) - Successfully registered JMX Bean with object name Ratis:service=RaftServer,group=group-6291A1B9D90E,id=1eafab87-0301-40c0-9717-194aaf9a5d3b
2019-07-13 22:43:06,331 INFO  pipeline.PipelineStateManager (PipelineStateManager.java:addPipeline(56)) - Created pipeline Pipeline[ Id: 37999338-d638-47e7-8b77-6291a1b9d90e, Nodes: 1eafab87-0301-40c0-9717-194aaf9a5d3b{ip: 192.168.5.159, host: trunk-nightly-x8m8d-1534914823, networkLocation: /default-rack, certSerialId: null}, Type:RATIS, Factor:ONE, State:OPEN]
2019-07-13 22:43:06,358 INFO  impl.RaftServerProxy (RaftServerProxy.java:addNew(89)) - 7221a50d-169b-4b76-8489-c824735d1007: addNew group-F274E202B35C:[7221a50d-169b-4b76-8489-c824735d1007:192.168.5.159:43191] returns group-F274E202B35C:java.util.concurrent.CompletableFuture@33c4e0b2[Not completed]
2019-07-13 22:43:06,360 INFO  impl.RaftServerImpl (RaftServerImpl.java:<init>(93)) - 7221a50d-169b-4b76-8489-c824735d1007: new RaftServerImpl for group-F274E202B35C:[7221a50d-169b-4b76-8489-c824735d1007:192.168.5.159:43191] with ContainerStateMachine:uninitialized
2019-07-13 22:43:06,360 INFO  server.RaftServerConfigKeys (ConfUtils.java:logGet(43)) - raft.server.rpc.timeout.min = 5s (custom)
2019-07-13 22:43:06,360 INFO  server.RaftServerConfigKeys (ConfUtils.java:logGet(43)) - raft.server.rpc.timeout.max = 5200ms (custom)
2019-07-13 22:43:06,361 INFO  server.RaftServerConfigKeys (ConfUtils.java:logGet(43)) - raft.server.rpcslowness.timeout = 120s (custom)
2019-07-13 22:43:06,361 INFO  server.RaftServerConfigKeys (ConfUtils.java:logGet(43)) - raft.server.sleep.deviation.threshold = 300 (default)
2019-07-13 22:43:06,361 INFO  server.RaftServerConfigKeys (ConfUtils.java:logGet(43)) - raft.server.log.appender.install.snapshot.enabled = false (custom)
2019-07-13 22:43:06,361 INFO  impl.RaftServerImpl (ServerState.java:<init>(105)) - 7221a50d-169b-4b76-8489-c824735d1007:group-F274E202B35C ConfigurationManager, init=-1: [7221a50d-169b-4b76-8489-c824735d1007:192.168.5.159:43191], old=null, confs=<EMPTY_MAP>
2019-07-13 22:43:06,361 INFO  server.RaftServerConfigKeys (ConfUtils.java:logGet(43)) - raft.server.storage.dir = [/tmp/workdir/hadoop-ozone/integration-test/target/test-dir/MiniOzoneClusterImpl-61a6064b-b46c-40a5-8a2c-660942024b76/datanode-6/data/ratis] (custom)
2019-07-13 22:43:06,362 INFO  storage.RaftStorageDirectory (RaftStorageDirectory.java:analyzeStorage(246)) - The storage directory /tmp/workdir/hadoop-ozone/integration-test/target/test-dir/MiniOzoneClusterImpl-61a6064b-b46c-40a5-8a2c-660942024b76/datanode-6/data/ratis/9deceff7-0146-4160-a27b-f274e202b35c does not exist. Creating ...
2019-07-13 22:43:06,374 INFO  storage.RaftStorageDirectory (RaftStorageDirectory.java:tryLock(328)) - Lock on /tmp/workdir/hadoop-ozone/integration-test/target/test-dir/MiniOzoneClusterImpl-61a6064b-b46c-40a5-8a2c-660942024b76/datanode-6/data/ratis/9deceff7-0146-4160-a27b-f274e202b35c/in_use.lock acquired by nodename 2602@trunk-nightly-x8m8d-1534914823
2019-07-13 22:43:06,379 INFO  storage.RaftStorage (RaftStorage.java:format(72)) - Storage directory /tmp/workdir/hadoop-ozone/integration-test/target/test-dir/MiniOzoneClusterImpl-61a6064b-b46c-40a5-8a2c-660942024b76/datanode-6/data/ratis/9deceff7-0146-4160-a27b-f274e202b35c has been successfully formatted.
2019-07-13 22:43:06,379 INFO  ratis.ContainerStateMachine (ContainerStateMachine.java:loadSnapshot(200)) - The snapshot info is null.Setting the last applied index to:(t:0, i:~)
2019-07-13 22:43:06,379 INFO  server.RaftServerConfigKeys (ConfUtils.java:logGet(43)) - raft.server.leader.election.timeout = 120s (custom)
2019-07-13 22:43:06,380 INFO  server.RaftServerConfigKeys (ConfUtils.java:logGet(43)) - raft.server.log.use.memory = false (default)
2019-07-13 22:43:06,380 INFO  server.RaftServerConfigKeys (ConfUtils.java:logGet(43)) - raft.server.log.purge.gap = 1000000000 (custom)
2019-07-13 22:43:06,380 INFO  server.RaftServerConfigKeys (ConfUtils.java:logGet(43)) - raft.server.log.appender.buffer.byte-limit = 33554432 (custom)
2019-07-13 22:43:06,380 INFO  server.RaftServerConfigKeys (ConfUtils.java:logGet(43)) - raft.server.log.segment.size.max = 1048576 (custom)
2019-07-13 22:43:06,380 INFO  server.RaftServerConfigKeys (ConfUtils.java:logGet(43)) - raft.server.log.segment.cache.num.max = 2 (custom)
2019-07-13 22:43:06,381 INFO  segmented.SegmentedRaftLogWorker (SegmentedRaftLogWorker.java:<init>(172)) - new 7221a50d-169b-4b76-8489-c824735d1007-SegmentedRaftLogWorker:Storage Directory /tmp/workdir/hadoop-ozone/integration-test/target/test-dir/MiniOzoneClusterImpl-61a6064b-b46c-40a5-8a2c-660942024b76/datanode-6/data/ratis/9deceff7-0146-4160-a27b-f274e202b35c for RaftStorage:Storage Directory /tmp/workdir/hadoop-ozone/integration-test/target/test-dir/MiniOzoneClusterImpl-61a6064b-b46c-40a5-8a2c-660942024b76/datanode-6/data/ratis/9deceff7-0146-4160-a27b-f274e202b35c
2019-07-13 22:43:06,381 INFO  server.RaftServerConfigKeys (ConfUtils.java:logGet(43)) - raft.server.log.queue.byte-limit = 2147483647 (custom)
2019-07-13 22:43:06,381 INFO  server.RaftServerConfigKeys (ConfUtils.java:logGet(43)) - raft.server.log.queue.element-limit = 1024 (custom)
2019-07-13 22:43:06,381 INFO  server.RaftServerConfigKeys (ConfUtils.java:logGet(43)) - raft.server.log.segment.size.max = 1048576 (custom)
2019-07-13 22:43:06,382 INFO  server.RaftServerConfigKeys (ConfUtils.java:logGet(43)) - raft.server.log.preallocated.size = 16384 (custom)
2019-07-13 22:43:06,382 INFO  server.RaftServerConfigKeys (ConfUtils.java:logGet(43)) - raft.server.log.write.buffer.size = 33554432 (custom)
2019-07-13 22:43:06,382 INFO  server.RaftServerConfigKeys (ConfUtils.java:logGet(43)) - raft.server.log.force.sync.num = 128 (default)
2019-07-13 22:43:06,382 INFO  server.RaftServerConfigKeys (ConfUtils.java:logGet(43)) - raft.server.log.statemachine.data.sync = true (default)
2019-07-13 22:43:06,382 INFO  server.RaftServerConfigKeys (ConfUtils.java:logGet(43)) - raft.server.log.statemachine.data.sync.timeout = 10s (default)
2019-07-13 22:43:06,383 INFO  server.RaftServerConfigKeys (ConfUtils.java:logGet(43)) - raft.server.log.statemachine.data.sync.timeout.retry = -1 (default)
2019-07-13 22:43:06,383 INFO  server.RaftServerConfigKeys (ConfUtils.java:logGet(43)) - raft.server.log.statemachine.data.caching.enabled = true (custom)
2019-07-13 22:43:06,383 INFO  segmented.SegmentedRaftLogWorker (SegmentedRaftLogWorker.java:lambda$new$0(132)) - 7221a50d-169b-4b76-8489-c824735d1007-SegmentedRaftLogWorker:Storage Directory /tmp/workdir/hadoop-ozone/integration-test/target/test-dir/MiniOzoneClusterImpl-61a6064b-b46c-40a5-8a2c-660942024b76/datanode-6/data/ratis/9deceff7-0146-4160-a27b-f274e202b35c: flushIndex: setUnconditionally 0 -> -1
2019-07-13 22:43:06,384 INFO  server.RaftServerConfigKeys (ConfUtils.java:logGet(43)) - raft.server.snapshot.auto.trigger.enabled = true (custom)
2019-07-13 22:43:06,384 INFO  server.RaftServerConfigKeys (ConfUtils.java:logGet(43)) - raft.server.snapshot.auto.trigger.threshold = 10000 (custom)
2019-07-13 22:43:06,384 INFO  server.RaftServerConfigKeys (ConfUtils.java:logGet(43)) - raft.server.retrycache.expirytime = 600000ms (custom)
2019-07-13 22:43:06,385 INFO  impl.RaftServerImpl (RaftServerImpl.java:start(180)) - 7221a50d-169b-4b76-8489-c824735d1007: start group-F274E202B35C
2019-07-13 22:43:06,385 INFO  impl.RaftServerImpl (RaftServerImpl.java:setRole(171)) - 7221a50d-169b-4b76-8489-c824735d1007:group-F274E202B35C changes role from null to FOLLOWER at term 0 for startAsFollower
2019-07-13 22:43:06,385 INFO  impl.RoleInfo (RoleInfo.java:updateAndGet(143)) - 7221a50d-169b-4b76-8489-c824735d1007: start FollowerState
2019-07-13 22:43:06,385 INFO  util.JmxRegister (JmxRegister.java:tryRegister(44)) - Successfully registered JMX Bean with object name Ratis:service=RaftServer,group=group-F274E202B35C,id=7221a50d-169b-4b76-8489-c824735d1007
2019-07-13 22:43:06,401 INFO  pipeline.PipelineStateManager (PipelineStateManager.java:addPipeline(56)) - Created pipeline Pipeline[ Id: 9deceff7-0146-4160-a27b-f274e202b35c, Nodes: 7221a50d-169b-4b76-8489-c824735d1007{ip: 192.168.5.159, host: trunk-nightly-x8m8d-1534914823, networkLocation: /default-rack, certSerialId: null}, Type:RATIS, Factor:ONE, State:OPEN]
2019-07-13 22:43:06,428 INFO  impl.RaftServerProxy (RaftServerProxy.java:addNew(89)) - 1a7d42c9-30ae-494c-a633-8f230c07f01a: addNew group-D6566DBE630A:[1a7d42c9-30ae-494c-a633-8f230c07f01a:192.168.5.159:38382] returns group-D6566DBE630A:java.util.concurrent.CompletableFuture@31c4f6da[Not completed]
2019-07-13 22:43:06,430 INFO  impl.RaftServerImpl (RaftServerImpl.java:<init>(93)) - 1a7d42c9-30ae-494c-a633-8f230c07f01a: new RaftServerImpl for group-D6566DBE630A:[1a7d42c9-30ae-494c-a633-8f230c07f01a:192.168.5.159:38382] with ContainerStateMachine:uninitialized
2019-07-13 22:43:06,431 INFO  server.RaftServerConfigKeys (ConfUtils.java:logGet(43)) - raft.server.rpc.timeout.min = 5s (custom)
2019-07-13 22:43:06,431 INFO  server.RaftServerConfigKeys (ConfUtils.java:logGet(43)) - raft.server.rpc.timeout.max = 5200ms (custom)
2019-07-13 22:43:06,431 INFO  server.RaftServerConfigKeys (ConfUtils.java:logGet(43)) - raft.server.rpcslowness.timeout = 120s (custom)
2019-07-13 22:43:06,431 INFO  server.RaftServerConfigKeys (ConfUtils.java:logGet(43)) - raft.server.sleep.deviation.threshold = 300 (default)
2019-07-13 22:43:06,431 INFO  server.RaftServerConfigKeys (ConfUtils.java:logGet(43)) - raft.server.log.appender.install.snapshot.enabled = false (custom)
2019-07-13 22:43:06,432 INFO  impl.RaftServerImpl (ServerState.java:<init>(105)) - 1a7d42c9-30ae-494c-a633-8f230c07f01a:group-D6566DBE630A ConfigurationManager, init=-1: [1a7d42c9-30ae-494c-a633-8f230c07f01a:192.168.5.159:38382], old=null, confs=<EMPTY_MAP>
2019-07-13 22:43:06,432 INFO  server.RaftServerConfigKeys (ConfUtils.java:logGet(43)) - raft.server.storage.dir = [/tmp/workdir/hadoop-ozone/integration-test/target/test-dir/MiniOzoneClusterImpl-61a6064b-b46c-40a5-8a2c-660942024b76/datanode-2/data/ratis] (custom)
2019-07-13 22:43:06,432 INFO  storage.RaftStorageDirectory (RaftStorageDirectory.java:analyzeStorage(246)) - The storage directory /tmp/workdir/hadoop-ozone/integration-test/target/test-dir/MiniOzoneClusterImpl-61a6064b-b46c-40a5-8a2c-660942024b76/datanode-2/data/ratis/560ab533-0c86-4378-b829-d6566dbe630a does not exist. Creating ...
2019-07-13 22:43:06,443 INFO  storage.RaftStorageDirectory (RaftStorageDirectory.java:tryLock(328)) - Lock on /tmp/workdir/hadoop-ozone/integration-test/target/test-dir/MiniOzoneClusterImpl-61a6064b-b46c-40a5-8a2c-660942024b76/datanode-2/data/ratis/560ab533-0c86-4378-b829-d6566dbe630a/in_use.lock acquired by nodename 2602@trunk-nightly-x8m8d-1534914823
2019-07-13 22:43:06,447 INFO  storage.RaftStorage (RaftStorage.java:format(72)) - Storage directory /tmp/workdir/hadoop-ozone/integration-test/target/test-dir/MiniOzoneClusterImpl-61a6064b-b46c-40a5-8a2c-660942024b76/datanode-2/data/ratis/560ab533-0c86-4378-b829-d6566dbe630a has been successfully formatted.
2019-07-13 22:43:06,448 INFO  ratis.ContainerStateMachine (ContainerStateMachine.java:loadSnapshot(200)) - The snapshot info is null.Setting the last applied index to:(t:0, i:~)
2019-07-13 22:43:06,448 INFO  server.RaftServerConfigKeys (ConfUtils.java:logGet(43)) - raft.server.leader.election.timeout = 120s (custom)
2019-07-13 22:43:06,448 INFO  server.RaftServerConfigKeys (ConfUtils.java:logGet(43)) - raft.server.log.use.memory = false (default)
2019-07-13 22:43:06,448 INFO  server.RaftServerConfigKeys (ConfUtils.java:logGet(43)) - raft.server.log.purge.gap = 1000000000 (custom)
2019-07-13 22:43:06,448 INFO  server.RaftServerConfigKeys (ConfUtils.java:logGet(43)) - raft.server.log.appender.buffer.byte-limit = 33554432 (custom)
2019-07-13 22:43:06,449 INFO  server.RaftServerConfigKeys (ConfUtils.java:logGet(43)) - raft.server.log.segment.size.max = 1048576 (custom)
2019-07-13 22:43:06,449 INFO  server.RaftServerConfigKeys (ConfUtils.java:logGet(43)) - raft.server.log.segment.cache.num.max = 2 (custom)
2019-07-13 22:43:06,449 INFO  segmented.SegmentedRaftLogWorker (SegmentedRaftLogWorker.java:<init>(172)) - new 1a7d42c9-30ae-494c-a633-8f230c07f01a-SegmentedRaftLogWorker:Storage Directory /tmp/workdir/hadoop-ozone/integration-test/target/test-dir/MiniOzoneClusterImpl-61a6064b-b46c-40a5-8a2c-660942024b76/datanode-2/data/ratis/560ab533-0c86-4378-b829-d6566dbe630a for RaftStorage:Storage Directory /tmp/workdir/hadoop-ozone/integration-test/target/test-dir/MiniOzoneClusterImpl-61a6064b-b46c-40a5-8a2c-660942024b76/datanode-2/data/ratis/560ab533-0c86-4378-b829-d6566dbe630a
2019-07-13 22:43:06,449 INFO  server.RaftServerConfigKeys (ConfUtils.java:logGet(43)) - raft.server.log.queue.byte-limit = 2147483647 (custom)
2019-07-13 22:43:06,449 INFO  server.RaftServerConfigKeys (ConfUtils.java:logGet(43)) - raft.server.log.queue.element-limit = 1024 (custom)
2019-07-13 22:43:06,450 INFO  server.RaftServerConfigKeys (ConfUtils.java:logGet(43)) - raft.server.log.segment.size.max = 1048576 (custom)
2019-07-13 22:43:06,450 INFO  server.RaftServerConfigKeys (ConfUtils.java:logGet(43)) - raft.server.log.preallocated.size = 16384 (custom)
2019-07-13 22:43:06,450 INFO  server.RaftServerConfigKeys (ConfUtils.java:logGet(43)) - raft.server.log.write.buffer.size = 33554432 (custom)
2019-07-13 22:43:06,450 INFO  server.RaftServerConfigKeys (ConfUtils.java:logGet(43)) - raft.server.log.force.sync.num = 128 (default)
2019-07-13 22:43:06,450 INFO  server.RaftServerConfigKeys (ConfUtils.java:logGet(43)) - raft.server.log.statemachine.data.sync = true (default)
2019-07-13 22:43:06,451 INFO  server.RaftServerConfigKeys (ConfUtils.java:logGet(43)) - raft.server.log.statemachine.data.sync.timeout = 10s (default)
2019-07-13 22:43:06,451 INFO  server.RaftServerConfigKeys (ConfUtils.java:logGet(43)) - raft.server.log.statemachine.data.sync.timeout.retry = -1 (default)
2019-07-13 22:43:06,451 INFO  server.RaftServerConfigKeys (ConfUtils.java:logGet(43)) - raft.server.log.statemachine.data.caching.enabled = true (custom)
2019-07-13 22:43:06,452 INFO  segmented.SegmentedRaftLogWorker (SegmentedRaftLogWorker.java:lambda$new$0(132)) - 1a7d42c9-30ae-494c-a633-8f230c07f01a-SegmentedRaftLogWorker:Storage Directory /tmp/workdir/hadoop-ozone/integration-test/target/test-dir/MiniOzoneClusterImpl-61a6064b-b46c-40a5-8a2c-660942024b76/datanode-2/data/ratis/560ab533-0c86-4378-b829-d6566dbe630a: flushIndex: setUnconditionally 0 -> -1
2019-07-13 22:43:06,452 INFO  server.RaftServerConfigKeys (ConfUtils.java:logGet(43)) - raft.server.snapshot.auto.trigger.enabled = true (custom)
2019-07-13 22:43:06,452 INFO  server.RaftServerConfigKeys (ConfUtils.java:logGet(43)) - raft.server.snapshot.auto.trigger.threshold = 10000 (custom)
2019-07-13 22:43:06,453 INFO  server.RaftServerConfigKeys (ConfUtils.java:logGet(43)) - raft.server.retrycache.expirytime = 600000ms (custom)
2019-07-13 22:43:06,453 INFO  impl.RaftServerImpl (RaftServerImpl.java:start(180)) - 1a7d42c9-30ae-494c-a633-8f230c07f01a: start group-D6566DBE630A
2019-07-13 22:43:06,453 INFO  impl.RaftServerImpl (RaftServerImpl.java:setRole(171)) - 1a7d42c9-30ae-494c-a633-8f230c07f01a:group-D6566DBE630A changes role from null to FOLLOWER at term 0 for startAsFollower
2019-07-13 22:43:06,453 INFO  impl.RoleInfo (RoleInfo.java:updateAndGet(143)) - 1a7d42c9-30ae-494c-a633-8f230c07f01a: start FollowerState
2019-07-13 22:43:06,454 INFO  util.JmxRegister (JmxRegister.java:tryRegister(44)) - Successfully registered JMX Bean with object name Ratis:service=RaftServer,group=group-D6566DBE630A,id=1a7d42c9-30ae-494c-a633-8f230c07f01a
2019-07-13 22:43:06,469 INFO  pipeline.PipelineStateManager (PipelineStateManager.java:addPipeline(56)) - Created pipeline Pipeline[ Id: 560ab533-0c86-4378-b829-d6566dbe630a, Nodes: 1a7d42c9-30ae-494c-a633-8f230c07f01a{ip: 192.168.5.159, host: trunk-nightly-x8m8d-1534914823, networkLocation: /default-rack, certSerialId: null}, Type:RATIS, Factor:ONE, State:OPEN]
2019-07-13 22:43:06,497 INFO  impl.RaftServerProxy (RaftServerProxy.java:addNew(89)) - 0f3acd4c-1ccf-4418-b1d4-38217ff2445b: addNew group-BA4EC7D4FD4E:[0f3acd4c-1ccf-4418-b1d4-38217ff2445b:192.168.5.159:34260] returns group-BA4EC7D4FD4E:java.util.concurrent.CompletableFuture@14297ae4[Not completed]
2019-07-13 22:43:06,498 INFO  impl.RaftServerImpl (RaftServerImpl.java:<init>(93)) - 0f3acd4c-1ccf-4418-b1d4-38217ff2445b: new RaftServerImpl for group-BA4EC7D4FD4E:[0f3acd4c-1ccf-4418-b1d4-38217ff2445b:192.168.5.159:34260] with ContainerStateMachine:uninitialized
2019-07-13 22:43:06,498 INFO  server.RaftServerConfigKeys (ConfUtils.java:logGet(43)) - raft.server.rpc.timeout.min = 5s (custom)
2019-07-13 22:43:06,499 INFO  server.RaftServerConfigKeys (ConfUtils.java:logGet(43)) - raft.server.rpc.timeout.max = 5200ms (custom)
2019-07-13 22:43:06,499 INFO  server.RaftServerConfigKeys (ConfUtils.java:logGet(43)) - raft.server.rpcslowness.timeout = 120s (custom)
2019-07-13 22:43:06,499 INFO  server.RaftServerConfigKeys (ConfUtils.java:logGet(43)) - raft.server.sleep.deviation.threshold = 300 (default)
2019-07-13 22:43:06,499 INFO  server.RaftServerConfigKeys (ConfUtils.java:logGet(43)) - raft.server.log.appender.install.snapshot.enabled = false (custom)
2019-07-13 22:43:06,499 INFO  impl.RaftServerImpl (ServerState.java:<init>(105)) - 0f3acd4c-1ccf-4418-b1d4-38217ff2445b:group-BA4EC7D4FD4E ConfigurationManager, init=-1: [0f3acd4c-1ccf-4418-b1d4-38217ff2445b:192.168.5.159:34260], old=null, confs=<EMPTY_MAP>
2019-07-13 22:43:06,500 INFO  server.RaftServerConfigKeys (ConfUtils.java:logGet(43)) - raft.server.storage.dir = [/tmp/workdir/hadoop-ozone/integration-test/target/test-dir/MiniOzoneClusterImpl-61a6064b-b46c-40a5-8a2c-660942024b76/datanode-1/data/ratis] (custom)
2019-07-13 22:43:06,500 INFO  storage.RaftStorageDirectory (RaftStorageDirectory.java:analyzeStorage(246)) - The storage directory /tmp/workdir/hadoop-ozone/integration-test/target/test-dir/MiniOzoneClusterImpl-61a6064b-b46c-40a5-8a2c-660942024b76/datanode-1/data/ratis/ae409458-127b-4a4f-8274-ba4ec7d4fd4e does not exist. Creating ...
2019-07-13 22:43:06,513 INFO  storage.RaftStorageDirectory (RaftStorageDirectory.java:tryLock(328)) - Lock on /tmp/workdir/hadoop-ozone/integration-test/target/test-dir/MiniOzoneClusterImpl-61a6064b-b46c-40a5-8a2c-660942024b76/datanode-1/data/ratis/ae409458-127b-4a4f-8274-ba4ec7d4fd4e/in_use.lock acquired by nodename 2602@trunk-nightly-x8m8d-1534914823
2019-07-13 22:43:06,516 INFO  storage.RaftStorage (RaftStorage.java:format(72)) - Storage directory /tmp/workdir/hadoop-ozone/integration-test/target/test-dir/MiniOzoneClusterImpl-61a6064b-b46c-40a5-8a2c-660942024b76/datanode-1/data/ratis/ae409458-127b-4a4f-8274-ba4ec7d4fd4e has been successfully formatted.
2019-07-13 22:43:06,517 INFO  ratis.ContainerStateMachine (ContainerStateMachine.java:loadSnapshot(200)) - The snapshot info is null.Setting the last applied index to:(t:0, i:~)
2019-07-13 22:43:06,517 INFO  server.RaftServerConfigKeys (ConfUtils.java:logGet(43)) - raft.server.leader.election.timeout = 120s (custom)
2019-07-13 22:43:06,517 INFO  server.RaftServerConfigKeys (ConfUtils.java:logGet(43)) - raft.server.log.use.memory = false (default)
2019-07-13 22:43:06,517 INFO  server.RaftServerConfigKeys (ConfUtils.java:logGet(43)) - raft.server.log.purge.gap = 1000000000 (custom)
2019-07-13 22:43:06,517 INFO  server.RaftServerConfigKeys (ConfUtils.java:logGet(43)) - raft.server.log.appender.buffer.byte-limit = 33554432 (custom)
2019-07-13 22:43:06,518 INFO  server.RaftServerConfigKeys (ConfUtils.java:logGet(43)) - raft.server.log.segment.size.max = 1048576 (custom)
2019-07-13 22:43:06,518 INFO  server.RaftServerConfigKeys (ConfUtils.java:logGet(43)) - raft.server.log.segment.cache.num.max = 2 (custom)
2019-07-13 22:43:06,518 INFO  segmented.SegmentedRaftLogWorker (SegmentedRaftLogWorker.java:<init>(172)) - new 0f3acd4c-1ccf-4418-b1d4-38217ff2445b-SegmentedRaftLogWorker:Storage Directory /tmp/workdir/hadoop-ozone/integration-test/target/test-dir/MiniOzoneClusterImpl-61a6064b-b46c-40a5-8a2c-660942024b76/datanode-1/data/ratis/ae409458-127b-4a4f-8274-ba4ec7d4fd4e for RaftStorage:Storage Directory /tmp/workdir/hadoop-ozone/integration-test/target/test-dir/MiniOzoneClusterImpl-61a6064b-b46c-40a5-8a2c-660942024b76/datanode-1/data/ratis/ae409458-127b-4a4f-8274-ba4ec7d4fd4e
2019-07-13 22:43:06,518 INFO  server.RaftServerConfigKeys (ConfUtils.java:logGet(43)) - raft.server.log.queue.byte-limit = 2147483647 (custom)
2019-07-13 22:43:06,518 INFO  server.RaftServerConfigKeys (ConfUtils.java:logGet(43)) - raft.server.log.queue.element-limit = 1024 (custom)
2019-07-13 22:43:06,519 INFO  server.RaftServerConfigKeys (ConfUtils.java:logGet(43)) - raft.server.log.segment.size.max = 1048576 (custom)
2019-07-13 22:43:06,519 INFO  server.RaftServerConfigKeys (ConfUtils.java:logGet(43)) - raft.server.log.preallocated.size = 16384 (custom)
2019-07-13 22:43:06,519 INFO  server.RaftServerConfigKeys (ConfUtils.java:logGet(43)) - raft.server.log.write.buffer.size = 33554432 (custom)
2019-07-13 22:43:06,519 INFO  server.RaftServerConfigKeys (ConfUtils.java:logGet(43)) - raft.server.log.force.sync.num = 128 (default)
2019-07-13 22:43:06,520 INFO  server.RaftServerConfigKeys (ConfUtils.java:logGet(43)) - raft.server.log.statemachine.data.sync = true (default)
2019-07-13 22:43:06,520 INFO  server.RaftServerConfigKeys (ConfUtils.java:logGet(43)) - raft.server.log.statemachine.data.sync.timeout = 10s (default)
2019-07-13 22:43:06,520 INFO  server.RaftServerConfigKeys (ConfUtils.java:logGet(43)) - raft.server.log.statemachine.data.sync.timeout.retry = -1 (default)
2019-07-13 22:43:06,520 INFO  server.RaftServerConfigKeys (ConfUtils.java:logGet(43)) - raft.server.log.statemachine.data.caching.enabled = true (custom)
2019-07-13 22:43:06,521 INFO  segmented.SegmentedRaftLogWorker (SegmentedRaftLogWorker.java:lambda$new$0(132)) - 0f3acd4c-1ccf-4418-b1d4-38217ff2445b-SegmentedRaftLogWorker:Storage Directory /tmp/workdir/hadoop-ozone/integration-test/target/test-dir/MiniOzoneClusterImpl-61a6064b-b46c-40a5-8a2c-660942024b76/datanode-1/data/ratis/ae409458-127b-4a4f-8274-ba4ec7d4fd4e: flushIndex: setUnconditionally 0 -> -1
2019-07-13 22:43:06,521 INFO  server.RaftServerConfigKeys (ConfUtils.java:logGet(43)) - raft.server.snapshot.auto.trigger.enabled = true (custom)
2019-07-13 22:43:06,521 INFO  server.RaftServerConfigKeys (ConfUtils.java:logGet(43)) - raft.server.snapshot.auto.trigger.threshold = 10000 (custom)
2019-07-13 22:43:06,522 INFO  server.RaftServerConfigKeys (ConfUtils.java:logGet(43)) - raft.server.retrycache.expirytime = 600000ms (custom)
2019-07-13 22:43:06,522 INFO  impl.RaftServerImpl (RaftServerImpl.java:start(180)) - 0f3acd4c-1ccf-4418-b1d4-38217ff2445b: start group-BA4EC7D4FD4E
2019-07-13 22:43:06,522 INFO  impl.RaftServerImpl (RaftServerImpl.java:setRole(171)) - 0f3acd4c-1ccf-4418-b1d4-38217ff2445b:group-BA4EC7D4FD4E changes role from null to FOLLOWER at term 0 for startAsFollower
2019-07-13 22:43:06,522 INFO  impl.RoleInfo (RoleInfo.java:updateAndGet(143)) - 0f3acd4c-1ccf-4418-b1d4-38217ff2445b: start FollowerState
2019-07-13 22:43:06,523 INFO  util.JmxRegister (JmxRegister.java:tryRegister(44)) - Successfully registered JMX Bean with object name Ratis:service=RaftServer,group=group-BA4EC7D4FD4E,id=0f3acd4c-1ccf-4418-b1d4-38217ff2445b
2019-07-13 22:43:06,536 INFO  pipeline.PipelineStateManager (PipelineStateManager.java:addPipeline(56)) - Created pipeline Pipeline[ Id: ae409458-127b-4a4f-8274-ba4ec7d4fd4e, Nodes: 0f3acd4c-1ccf-4418-b1d4-38217ff2445b{ip: 192.168.5.159, host: trunk-nightly-x8m8d-1534914823, networkLocation: /default-rack, certSerialId: null}, Type:RATIS, Factor:ONE, State:OPEN]
2019-07-13 22:43:06,556 INFO  impl.RaftServerProxy (RaftServerProxy.java:addNew(89)) - 27b8aa11-1529-43d1-926a-f94254e37905: addNew group-5B824C01A96D:[27b8aa11-1529-43d1-926a-f94254e37905:192.168.5.159:33449] returns group-5B824C01A96D:java.util.concurrent.CompletableFuture@75cb9dfb[Not completed]
2019-07-13 22:43:06,559 INFO  impl.RaftServerImpl (RaftServerImpl.java:<init>(93)) - 27b8aa11-1529-43d1-926a-f94254e37905: new RaftServerImpl for group-5B824C01A96D:[27b8aa11-1529-43d1-926a-f94254e37905:192.168.5.159:33449] with ContainerStateMachine:uninitialized
2019-07-13 22:43:06,559 INFO  server.RaftServerConfigKeys (ConfUtils.java:logGet(43)) - raft.server.rpc.timeout.min = 5s (custom)
2019-07-13 22:43:06,559 INFO  server.RaftServerConfigKeys (ConfUtils.java:logGet(43)) - raft.server.rpc.timeout.max = 5200ms (custom)
2019-07-13 22:43:06,560 INFO  server.RaftServerConfigKeys (ConfUtils.java:logGet(43)) - raft.server.rpcslowness.timeout = 120s (custom)
2019-07-13 22:43:06,560 INFO  server.RaftServerConfigKeys (ConfUtils.java:logGet(43)) - raft.server.sleep.deviation.threshold = 300 (default)
2019-07-13 22:43:06,560 INFO  server.RaftServerConfigKeys (ConfUtils.java:logGet(43)) - raft.server.log.appender.install.snapshot.enabled = false (custom)
2019-07-13 22:43:06,560 INFO  impl.RaftServerImpl (ServerState.java:<init>(105)) - 27b8aa11-1529-43d1-926a-f94254e37905:group-5B824C01A96D ConfigurationManager, init=-1: [27b8aa11-1529-43d1-926a-f94254e37905:192.168.5.159:33449], old=null, confs=<EMPTY_MAP>
2019-07-13 22:43:06,560 INFO  server.RaftServerConfigKeys (ConfUtils.java:logGet(43)) - raft.server.storage.dir = [/tmp/workdir/hadoop-ozone/integration-test/target/test-dir/MiniOzoneClusterImpl-61a6064b-b46c-40a5-8a2c-660942024b76/datanode-4/data/ratis] (custom)
2019-07-13 22:43:06,561 INFO  storage.RaftStorageDirectory (RaftStorageDirectory.java:analyzeStorage(246)) - The storage directory /tmp/workdir/hadoop-ozone/integration-test/target/test-dir/MiniOzoneClusterImpl-61a6064b-b46c-40a5-8a2c-660942024b76/datanode-4/data/ratis/5da08eb3-e04b-421f-b0f1-5b824c01a96d does not exist. Creating ...
2019-07-13 22:43:06,572 INFO  storage.RaftStorageDirectory (RaftStorageDirectory.java:tryLock(328)) - Lock on /tmp/workdir/hadoop-ozone/integration-test/target/test-dir/MiniOzoneClusterImpl-61a6064b-b46c-40a5-8a2c-660942024b76/datanode-4/data/ratis/5da08eb3-e04b-421f-b0f1-5b824c01a96d/in_use.lock acquired by nodename 2602@trunk-nightly-x8m8d-1534914823
2019-07-13 22:43:06,576 INFO  storage.RaftStorage (RaftStorage.java:format(72)) - Storage directory /tmp/workdir/hadoop-ozone/integration-test/target/test-dir/MiniOzoneClusterImpl-61a6064b-b46c-40a5-8a2c-660942024b76/datanode-4/data/ratis/5da08eb3-e04b-421f-b0f1-5b824c01a96d has been successfully formatted.
2019-07-13 22:43:06,576 INFO  ratis.ContainerStateMachine (ContainerStateMachine.java:loadSnapshot(200)) - The snapshot info is null.Setting the last applied index to:(t:0, i:~)
2019-07-13 22:43:06,576 INFO  server.RaftServerConfigKeys (ConfUtils.java:logGet(43)) - raft.server.leader.election.timeout = 120s (custom)
2019-07-13 22:43:06,576 INFO  server.RaftServerConfigKeys (ConfUtils.java:logGet(43)) - raft.server.log.use.memory = false (default)
2019-07-13 22:43:06,576 INFO  server.RaftServerConfigKeys (ConfUtils.java:logGet(43)) - raft.server.log.purge.gap = 1000000000 (custom)
2019-07-13 22:43:06,577 INFO  server.RaftServerConfigKeys (ConfUtils.java:logGet(43)) - raft.server.log.appender.buffer.byte-limit = 33554432 (custom)
2019-07-13 22:43:06,577 INFO  server.RaftServerConfigKeys (ConfUtils.java:logGet(43)) - raft.server.log.segment.size.max = 1048576 (custom)
2019-07-13 22:43:06,577 INFO  server.RaftServerConfigKeys (ConfUtils.java:logGet(43)) - raft.server.log.segment.cache.num.max = 2 (custom)
2019-07-13 22:43:06,577 INFO  segmented.SegmentedRaftLogWorker (SegmentedRaftLogWorker.java:<init>(172)) - new 27b8aa11-1529-43d1-926a-f94254e37905-SegmentedRaftLogWorker:Storage Directory /tmp/workdir/hadoop-ozone/integration-test/target/test-dir/MiniOzoneClusterImpl-61a6064b-b46c-40a5-8a2c-660942024b76/datanode-4/data/ratis/5da08eb3-e04b-421f-b0f1-5b824c01a96d for RaftStorage:Storage Directory /tmp/workdir/hadoop-ozone/integration-test/target/test-dir/MiniOzoneClusterImpl-61a6064b-b46c-40a5-8a2c-660942024b76/datanode-4/data/ratis/5da08eb3-e04b-421f-b0f1-5b824c01a96d
2019-07-13 22:43:06,577 INFO  server.RaftServerConfigKeys (ConfUtils.java:logGet(43)) - raft.server.log.queue.byte-limit = 2147483647 (custom)
2019-07-13 22:43:06,578 INFO  server.RaftServerConfigKeys (ConfUtils.java:logGet(43)) - raft.server.log.queue.element-limit = 1024 (custom)
2019-07-13 22:43:06,578 INFO  server.RaftServerConfigKeys (ConfUtils.java:logGet(43)) - raft.server.log.segment.size.max = 1048576 (custom)
2019-07-13 22:43:06,578 INFO  server.RaftServerConfigKeys (ConfUtils.java:logGet(43)) - raft.server.log.preallocated.size = 16384 (custom)
2019-07-13 22:43:06,578 INFO  server.RaftServerConfigKeys (ConfUtils.java:logGet(43)) - raft.server.log.write.buffer.size = 33554432 (custom)
2019-07-13 22:43:06,578 INFO  server.RaftServerConfigKeys (ConfUtils.java:logGet(43)) - raft.server.log.force.sync.num = 128 (default)
2019-07-13 22:43:06,578 INFO  server.RaftServerConfigKeys (ConfUtils.java:logGet(43)) - raft.server.log.statemachine.data.sync = true (default)
2019-07-13 22:43:06,579 INFO  server.RaftServerConfigKeys (ConfUtils.java:logGet(43)) - raft.server.log.statemachine.data.sync.timeout = 10s (default)
2019-07-13 22:43:06,579 INFO  server.RaftServerConfigKeys (ConfUtils.java:logGet(43)) - raft.server.log.statemachine.data.sync.timeout.retry = -1 (default)
2019-07-13 22:43:06,579 INFO  server.RaftServerConfigKeys (ConfUtils.java:logGet(43)) - raft.server.log.statemachine.data.caching.enabled = true (custom)
2019-07-13 22:43:06,580 INFO  segmented.SegmentedRaftLogWorker (SegmentedRaftLogWorker.java:lambda$new$0(132)) - 27b8aa11-1529-43d1-926a-f94254e37905-SegmentedRaftLogWorker:Storage Directory /tmp/workdir/hadoop-ozone/integration-test/target/test-dir/MiniOzoneClusterImpl-61a6064b-b46c-40a5-8a2c-660942024b76/datanode-4/data/ratis/5da08eb3-e04b-421f-b0f1-5b824c01a96d: flushIndex: setUnconditionally 0 -> -1
2019-07-13 22:43:06,580 INFO  server.RaftServerConfigKeys (ConfUtils.java:logGet(43)) - raft.server.snapshot.auto.trigger.enabled = true (custom)
2019-07-13 22:43:06,580 INFO  server.RaftServerConfigKeys (ConfUtils.java:logGet(43)) - raft.server.snapshot.auto.trigger.threshold = 10000 (custom)
2019-07-13 22:43:06,580 INFO  server.RaftServerConfigKeys (ConfUtils.java:logGet(43)) - raft.server.retrycache.expirytime = 600000ms (custom)
2019-07-13 22:43:06,581 INFO  impl.RaftServerImpl (RaftServerImpl.java:start(180)) - 27b8aa11-1529-43d1-926a-f94254e37905: start group-5B824C01A96D
2019-07-13 22:43:06,581 INFO  impl.RaftServerImpl (RaftServerImpl.java:setRole(171)) - 27b8aa11-1529-43d1-926a-f94254e37905:group-5B824C01A96D changes role from null to FOLLOWER at term 0 for startAsFollower
2019-07-13 22:43:06,581 INFO  impl.RoleInfo (RoleInfo.java:updateAndGet(143)) - 27b8aa11-1529-43d1-926a-f94254e37905: start FollowerState
2019-07-13 22:43:06,581 INFO  util.JmxRegister (JmxRegister.java:tryRegister(44)) - Successfully registered JMX Bean with object name Ratis:service=RaftServer,group=group-5B824C01A96D,id=27b8aa11-1529-43d1-926a-f94254e37905
2019-07-13 22:43:06,598 INFO  pipeline.PipelineStateManager (PipelineStateManager.java:addPipeline(56)) - Created pipeline Pipeline[ Id: 5da08eb3-e04b-421f-b0f1-5b824c01a96d, Nodes: 27b8aa11-1529-43d1-926a-f94254e37905{ip: 192.168.5.159, host: trunk-nightly-x8m8d-1534914823, networkLocation: /default-rack, certSerialId: null}, Type:RATIS, Factor:ONE, State:OPEN]
2019-07-13 22:43:06,636 INFO  impl.RaftServerProxy (RaftServerProxy.java:addNew(89)) - 4adb445a-e83e-44ce-ae55-701246e0e5b4: addNew group-EBB30435D358:[8f8eab75-0175-460a-95dd-0d4271bcd0a2:192.168.5.159:46470, 1eafab87-0301-40c0-9717-194aaf9a5d3b:192.168.5.159:43655, 4adb445a-e83e-44ce-ae55-701246e0e5b4:192.168.5.159:43271] returns group-EBB30435D358:java.util.concurrent.CompletableFuture@3edd5192[Not completed]
2019-07-13 22:43:06,638 INFO  impl.RaftServerProxy (RaftServerProxy.java:addNew(89)) - 8f8eab75-0175-460a-95dd-0d4271bcd0a2: addNew group-EBB30435D358:[8f8eab75-0175-460a-95dd-0d4271bcd0a2:192.168.5.159:46470, 1eafab87-0301-40c0-9717-194aaf9a5d3b:192.168.5.159:43655, 4adb445a-e83e-44ce-ae55-701246e0e5b4:192.168.5.159:43271] returns group-EBB30435D358:java.util.concurrent.CompletableFuture@5de3e5e3[Not completed]
2019-07-13 22:43:06,639 INFO  impl.RaftServerImpl (RaftServerImpl.java:<init>(93)) - 4adb445a-e83e-44ce-ae55-701246e0e5b4: new RaftServerImpl for group-EBB30435D358:[8f8eab75-0175-460a-95dd-0d4271bcd0a2:192.168.5.159:46470, 1eafab87-0301-40c0-9717-194aaf9a5d3b:192.168.5.159:43655, 4adb445a-e83e-44ce-ae55-701246e0e5b4:192.168.5.159:43271] with ContainerStateMachine:uninitialized
2019-07-13 22:43:06,639 INFO  server.RaftServerConfigKeys (ConfUtils.java:logGet(43)) - raft.server.rpc.timeout.min = 5s (custom)
2019-07-13 22:43:06,639 INFO  server.RaftServerConfigKeys (ConfUtils.java:logGet(43)) - raft.server.rpc.timeout.max = 5200ms (custom)
2019-07-13 22:43:06,640 INFO  server.RaftServerConfigKeys (ConfUtils.java:logGet(43)) - raft.server.rpcslowness.timeout = 120s (custom)
2019-07-13 22:43:06,640 INFO  server.RaftServerConfigKeys (ConfUtils.java:logGet(43)) - raft.server.sleep.deviation.threshold = 300 (default)
2019-07-13 22:43:06,640 INFO  server.RaftServerConfigKeys (ConfUtils.java:logGet(43)) - raft.server.log.appender.install.snapshot.enabled = false (custom)
2019-07-13 22:43:06,640 INFO  impl.RaftServerImpl (RaftServerImpl.java:<init>(93)) - 8f8eab75-0175-460a-95dd-0d4271bcd0a2: new RaftServerImpl for group-EBB30435D358:[8f8eab75-0175-460a-95dd-0d4271bcd0a2:192.168.5.159:46470, 1eafab87-0301-40c0-9717-194aaf9a5d3b:192.168.5.159:43655, 4adb445a-e83e-44ce-ae55-701246e0e5b4:192.168.5.159:43271] with ContainerStateMachine:uninitialized
2019-07-13 22:43:06,640 INFO  impl.RaftServerImpl (ServerState.java:<init>(105)) - 4adb445a-e83e-44ce-ae55-701246e0e5b4:group-EBB30435D358 ConfigurationManager, init=-1: [8f8eab75-0175-460a-95dd-0d4271bcd0a2:192.168.5.159:46470, 1eafab87-0301-40c0-9717-194aaf9a5d3b:192.168.5.159:43655, 4adb445a-e83e-44ce-ae55-701246e0e5b4:192.168.5.159:43271], old=null, confs=<EMPTY_MAP>
2019-07-13 22:43:06,640 INFO  server.RaftServerConfigKeys (ConfUtils.java:logGet(43)) - raft.server.rpc.timeout.min = 5s (custom)
2019-07-13 22:43:06,640 INFO  server.RaftServerConfigKeys (ConfUtils.java:logGet(43)) - raft.server.storage.dir = [/tmp/workdir/hadoop-ozone/integration-test/target/test-dir/MiniOzoneClusterImpl-61a6064b-b46c-40a5-8a2c-660942024b76/datanode-3/data/ratis] (custom)
2019-07-13 22:43:06,641 INFO  server.RaftServerConfigKeys (ConfUtils.java:logGet(43)) - raft.server.rpc.timeout.max = 5200ms (custom)
2019-07-13 22:43:06,641 INFO  server.RaftServerConfigKeys (ConfUtils.java:logGet(43)) - raft.server.rpcslowness.timeout = 120s (custom)
2019-07-13 22:43:06,641 INFO  server.RaftServerConfigKeys (ConfUtils.java:logGet(43)) - raft.server.sleep.deviation.threshold = 300 (default)
2019-07-13 22:43:06,641 INFO  storage.RaftStorageDirectory (RaftStorageDirectory.java:analyzeStorage(246)) - The storage directory /tmp/workdir/hadoop-ozone/integration-test/target/test-dir/MiniOzoneClusterImpl-61a6064b-b46c-40a5-8a2c-660942024b76/datanode-3/data/ratis/34daa35e-0d11-4768-bf34-ebb30435d358 does not exist. Creating ...
2019-07-13 22:43:06,641 INFO  server.RaftServerConfigKeys (ConfUtils.java:logGet(43)) - raft.server.log.appender.install.snapshot.enabled = false (custom)
2019-07-13 22:43:06,643 INFO  impl.RaftServerImpl (ServerState.java:<init>(105)) - 8f8eab75-0175-460a-95dd-0d4271bcd0a2:group-EBB30435D358 ConfigurationManager, init=-1: [8f8eab75-0175-460a-95dd-0d4271bcd0a2:192.168.5.159:46470, 1eafab87-0301-40c0-9717-194aaf9a5d3b:192.168.5.159:43655, 4adb445a-e83e-44ce-ae55-701246e0e5b4:192.168.5.159:43271], old=null, confs=<EMPTY_MAP>
2019-07-13 22:43:06,643 INFO  server.RaftServerConfigKeys (ConfUtils.java:logGet(43)) - raft.server.storage.dir = [/tmp/workdir/hadoop-ozone/integration-test/target/test-dir/MiniOzoneClusterImpl-61a6064b-b46c-40a5-8a2c-660942024b76/datanode-0/data/ratis] (custom)
2019-07-13 22:43:06,644 INFO  impl.RaftServerProxy (RaftServerProxy.java:addNew(89)) - 1eafab87-0301-40c0-9717-194aaf9a5d3b: addNew group-EBB30435D358:[8f8eab75-0175-460a-95dd-0d4271bcd0a2:192.168.5.159:46470, 1eafab87-0301-40c0-9717-194aaf9a5d3b:192.168.5.159:43655, 4adb445a-e83e-44ce-ae55-701246e0e5b4:192.168.5.159:43271] returns group-EBB30435D358:java.util.concurrent.CompletableFuture@18e1703b[Not completed]
2019-07-13 22:43:06,644 INFO  storage.RaftStorageDirectory (RaftStorageDirectory.java:analyzeStorage(246)) - The storage directory /tmp/workdir/hadoop-ozone/integration-test/target/test-dir/MiniOzoneClusterImpl-61a6064b-b46c-40a5-8a2c-660942024b76/datanode-0/data/ratis/34daa35e-0d11-4768-bf34-ebb30435d358 does not exist. Creating ...
2019-07-13 22:43:06,645 INFO  impl.RaftServerImpl (RaftServerImpl.java:<init>(93)) - 1eafab87-0301-40c0-9717-194aaf9a5d3b: new RaftServerImpl for group-EBB30435D358:[8f8eab75-0175-460a-95dd-0d4271bcd0a2:192.168.5.159:46470, 1eafab87-0301-40c0-9717-194aaf9a5d3b:192.168.5.159:43655, 4adb445a-e83e-44ce-ae55-701246e0e5b4:192.168.5.159:43271] with ContainerStateMachine:uninitialized
2019-07-13 22:43:06,646 INFO  server.RaftServerConfigKeys (ConfUtils.java:logGet(43)) - raft.server.rpc.timeout.min = 5s (custom)
2019-07-13 22:43:06,646 INFO  server.RaftServerConfigKeys (ConfUtils.java:logGet(43)) - raft.server.rpc.timeout.max = 5200ms (custom)
2019-07-13 22:43:06,646 INFO  server.RaftServerConfigKeys (ConfUtils.java:logGet(43)) - raft.server.rpcslowness.timeout = 120s (custom)
2019-07-13 22:43:06,646 INFO  server.RaftServerConfigKeys (ConfUtils.java:logGet(43)) - raft.server.sleep.deviation.threshold = 300 (default)
2019-07-13 22:43:06,646 INFO  server.RaftServerConfigKeys (ConfUtils.java:logGet(43)) - raft.server.log.appender.install.snapshot.enabled = false (custom)
2019-07-13 22:43:06,646 INFO  impl.RaftServerImpl (ServerState.java:<init>(105)) - 1eafab87-0301-40c0-9717-194aaf9a5d3b:group-EBB30435D358 ConfigurationManager, init=-1: [8f8eab75-0175-460a-95dd-0d4271bcd0a2:192.168.5.159:46470, 1eafab87-0301-40c0-9717-194aaf9a5d3b:192.168.5.159:43655, 4adb445a-e83e-44ce-ae55-701246e0e5b4:192.168.5.159:43271], old=null, confs=<EMPTY_MAP>
2019-07-13 22:43:06,647 INFO  server.RaftServerConfigKeys (ConfUtils.java:logGet(43)) - raft.server.storage.dir = [/tmp/workdir/hadoop-ozone/integration-test/target/test-dir/MiniOzoneClusterImpl-61a6064b-b46c-40a5-8a2c-660942024b76/datanode-5/data/ratis] (custom)
2019-07-13 22:43:06,647 INFO  storage.RaftStorageDirectory (RaftStorageDirectory.java:analyzeStorage(246)) - The storage directory /tmp/workdir/hadoop-ozone/integration-test/target/test-dir/MiniOzoneClusterImpl-61a6064b-b46c-40a5-8a2c-660942024b76/datanode-5/data/ratis/34daa35e-0d11-4768-bf34-ebb30435d358 does not exist. Creating ...
2019-07-13 22:43:06,657 INFO  storage.RaftStorageDirectory (RaftStorageDirectory.java:tryLock(328)) - Lock on /tmp/workdir/hadoop-ozone/integration-test/target/test-dir/MiniOzoneClusterImpl-61a6064b-b46c-40a5-8a2c-660942024b76/datanode-5/data/ratis/34daa35e-0d11-4768-bf34-ebb30435d358/in_use.lock acquired by nodename 2602@trunk-nightly-x8m8d-1534914823
2019-07-13 22:43:06,657 INFO  storage.RaftStorageDirectory (RaftStorageDirectory.java:tryLock(328)) - Lock on /tmp/workdir/hadoop-ozone/integration-test/target/test-dir/MiniOzoneClusterImpl-61a6064b-b46c-40a5-8a2c-660942024b76/datanode-3/data/ratis/34daa35e-0d11-4768-bf34-ebb30435d358/in_use.lock acquired by nodename 2602@trunk-nightly-x8m8d-1534914823
2019-07-13 22:43:06,657 INFO  storage.RaftStorageDirectory (RaftStorageDirectory.java:tryLock(328)) - Lock on /tmp/workdir/hadoop-ozone/integration-test/target/test-dir/MiniOzoneClusterImpl-61a6064b-b46c-40a5-8a2c-660942024b76/datanode-0/data/ratis/34daa35e-0d11-4768-bf34-ebb30435d358/in_use.lock acquired by nodename 2602@trunk-nightly-x8m8d-1534914823
2019-07-13 22:43:06,662 INFO  storage.RaftStorage (RaftStorage.java:format(72)) - Storage directory /tmp/workdir/hadoop-ozone/integration-test/target/test-dir/MiniOzoneClusterImpl-61a6064b-b46c-40a5-8a2c-660942024b76/datanode-5/data/ratis/34daa35e-0d11-4768-bf34-ebb30435d358 has been successfully formatted.
2019-07-13 22:43:06,662 INFO  storage.RaftStorage (RaftStorage.java:format(72)) - Storage directory /tmp/workdir/hadoop-ozone/integration-test/target/test-dir/MiniOzoneClusterImpl-61a6064b-b46c-40a5-8a2c-660942024b76/datanode-0/data/ratis/34daa35e-0d11-4768-bf34-ebb30435d358 has been successfully formatted.
2019-07-13 22:43:06,663 INFO  ratis.ContainerStateMachine (ContainerStateMachine.java:loadSnapshot(200)) - The snapshot info is null.Setting the last applied index to:(t:0, i:~)
2019-07-13 22:43:06,662 INFO  storage.RaftStorage (RaftStorage.java:format(72)) - Storage directory /tmp/workdir/hadoop-ozone/integration-test/target/test-dir/MiniOzoneClusterImpl-61a6064b-b46c-40a5-8a2c-660942024b76/datanode-3/data/ratis/34daa35e-0d11-4768-bf34-ebb30435d358 has been successfully formatted.
2019-07-13 22:43:06,663 INFO  server.RaftServerConfigKeys (ConfUtils.java:logGet(43)) - raft.server.leader.election.timeout = 120s (custom)
2019-07-13 22:43:06,663 INFO  ratis.ContainerStateMachine (ContainerStateMachine.java:loadSnapshot(200)) - The snapshot info is null.Setting the last applied index to:(t:0, i:~)
2019-07-13 22:43:06,663 INFO  ratis.ContainerStateMachine (ContainerStateMachine.java:loadSnapshot(200)) - The snapshot info is null.Setting the last applied index to:(t:0, i:~)
2019-07-13 22:43:06,663 INFO  server.RaftServerConfigKeys (ConfUtils.java:logGet(43)) - raft.server.log.use.memory = false (default)
2019-07-13 22:43:06,664 INFO  server.RaftServerConfigKeys (ConfUtils.java:logGet(43)) - raft.server.leader.election.timeout = 120s (custom)
2019-07-13 22:43:06,663 INFO  server.RaftServerConfigKeys (ConfUtils.java:logGet(43)) - raft.server.leader.election.timeout = 120s (custom)
2019-07-13 22:43:06,664 INFO  server.RaftServerConfigKeys (ConfUtils.java:logGet(43)) - raft.server.log.use.memory = false (default)
2019-07-13 22:43:06,664 INFO  server.RaftServerConfigKeys (ConfUtils.java:logGet(43)) - raft.server.log.purge.gap = 1000000000 (custom)
2019-07-13 22:43:06,664 INFO  server.RaftServerConfigKeys (ConfUtils.java:logGet(43)) - raft.server.log.purge.gap = 1000000000 (custom)
2019-07-13 22:43:06,664 INFO  server.RaftServerConfigKeys (ConfUtils.java:logGet(43)) - raft.server.log.use.memory = false (default)
2019-07-13 22:43:06,665 INFO  server.RaftServerConfigKeys (ConfUtils.java:logGet(43)) - raft.server.log.appender.buffer.byte-limit = 33554432 (custom)
2019-07-13 22:43:06,664 INFO  server.RaftServerConfigKeys (ConfUtils.java:logGet(43)) - raft.server.log.appender.buffer.byte-limit = 33554432 (custom)
2019-07-13 22:43:06,665 INFO  server.RaftServerConfigKeys (ConfUtils.java:logGet(43)) - raft.server.log.segment.size.max = 1048576 (custom)
2019-07-13 22:43:06,665 INFO  server.RaftServerConfigKeys (ConfUtils.java:logGet(43)) - raft.server.log.purge.gap = 1000000000 (custom)
2019-07-13 22:43:06,665 INFO  server.RaftServerConfigKeys (ConfUtils.java:logGet(43)) - raft.server.log.segment.cache.num.max = 2 (custom)
2019-07-13 22:43:06,665 INFO  server.RaftServerConfigKeys (ConfUtils.java:logGet(43)) - raft.server.log.segment.size.max = 1048576 (custom)
2019-07-13 22:43:06,666 INFO  segmented.SegmentedRaftLogWorker (SegmentedRaftLogWorker.java:<init>(172)) - new 4adb445a-e83e-44ce-ae55-701246e0e5b4-SegmentedRaftLogWorker:Storage Directory /tmp/workdir/hadoop-ozone/integration-test/target/test-dir/MiniOzoneClusterImpl-61a6064b-b46c-40a5-8a2c-660942024b76/datanode-3/data/ratis/34daa35e-0d11-4768-bf34-ebb30435d358 for RaftStorage:Storage Directory /tmp/workdir/hadoop-ozone/integration-test/target/test-dir/MiniOzoneClusterImpl-61a6064b-b46c-40a5-8a2c-660942024b76/datanode-3/data/ratis/34daa35e-0d11-4768-bf34-ebb30435d358
2019-07-13 22:43:06,666 INFO  server.RaftServerConfigKeys (ConfUtils.java:logGet(43)) - raft.server.log.appender.buffer.byte-limit = 33554432 (custom)
2019-07-13 22:43:06,666 INFO  server.RaftServerConfigKeys (ConfUtils.java:logGet(43)) - raft.server.log.queue.byte-limit = 2147483647 (custom)
2019-07-13 22:43:06,668 INFO  server.RaftServerConfigKeys (ConfUtils.java:logGet(43)) - raft.server.log.queue.element-limit = 1024 (custom)
2019-07-13 22:43:06,666 INFO  server.RaftServerConfigKeys (ConfUtils.java:logGet(43)) - raft.server.log.segment.cache.num.max = 2 (custom)
2019-07-13 22:43:06,668 INFO  server.RaftServerConfigKeys (ConfUtils.java:logGet(43)) - raft.server.log.segment.size.max = 1048576 (custom)
2019-07-13 22:43:06,668 INFO  server.RaftServerConfigKeys (ConfUtils.java:logGet(43)) - raft.server.log.segment.size.max = 1048576 (custom)
2019-07-13 22:43:06,668 INFO  server.RaftServerConfigKeys (ConfUtils.java:logGet(43)) - raft.server.log.preallocated.size = 16384 (custom)
2019-07-13 22:43:06,668 INFO  segmented.SegmentedRaftLogWorker (SegmentedRaftLogWorker.java:<init>(172)) - new 1eafab87-0301-40c0-9717-194aaf9a5d3b-SegmentedRaftLogWorker:Storage Directory /tmp/workdir/hadoop-ozone/integration-test/target/test-dir/MiniOzoneClusterImpl-61a6064b-b46c-40a5-8a2c-660942024b76/datanode-5/data/ratis/34daa35e-0d11-4768-bf34-ebb30435d358 for RaftStorage:Storage Directory /tmp/workdir/hadoop-ozone/integration-test/target/test-dir/MiniOzoneClusterImpl-61a6064b-b46c-40a5-8a2c-660942024b76/datanode-5/data/ratis/34daa35e-0d11-4768-bf34-ebb30435d358
2019-07-13 22:43:06,669 INFO  server.RaftServerConfigKeys (ConfUtils.java:logGet(43)) - raft.server.log.write.buffer.size = 33554432 (custom)
2019-07-13 22:43:06,669 INFO  server.RaftServerConfigKeys (ConfUtils.java:logGet(43)) - raft.server.log.segment.cache.num.max = 2 (custom)
2019-07-13 22:43:06,669 INFO  server.RaftServerConfigKeys (ConfUtils.java:logGet(43)) - raft.server.log.force.sync.num = 128 (default)
2019-07-13 22:43:06,669 INFO  server.RaftServerConfigKeys (ConfUtils.java:logGet(43)) - raft.server.log.queue.byte-limit = 2147483647 (custom)
2019-07-13 22:43:06,671 INFO  server.RaftServerConfigKeys (ConfUtils.java:logGet(43)) - raft.server.log.statemachine.data.sync = true (default)
2019-07-13 22:43:06,671 INFO  segmented.SegmentedRaftLogWorker (SegmentedRaftLogWorker.java:<init>(172)) - new 8f8eab75-0175-460a-95dd-0d4271bcd0a2-SegmentedRaftLogWorker:Storage Directory /tmp/workdir/hadoop-ozone/integration-test/target/test-dir/MiniOzoneClusterImpl-61a6064b-b46c-40a5-8a2c-660942024b76/datanode-0/data/ratis/34daa35e-0d11-4768-bf34-ebb30435d358 for RaftStorage:Storage Directory /tmp/workdir/hadoop-ozone/integration-test/target/test-dir/MiniOzoneClusterImpl-61a6064b-b46c-40a5-8a2c-660942024b76/datanode-0/data/ratis/34daa35e-0d11-4768-bf34-ebb30435d358
2019-07-13 22:43:06,672 INFO  server.RaftServerConfigKeys (ConfUtils.java:logGet(43)) - raft.server.log.statemachine.data.sync.timeout = 10s (default)
2019-07-13 22:43:06,671 INFO  server.RaftServerConfigKeys (ConfUtils.java:logGet(43)) - raft.server.log.queue.element-limit = 1024 (custom)
2019-07-13 22:43:06,673 INFO  server.RaftServerConfigKeys (ConfUtils.java:logGet(43)) - raft.server.log.statemachine.data.sync.timeout.retry = -1 (default)
2019-07-13 22:43:06,672 INFO  server.RaftServerConfigKeys (ConfUtils.java:logGet(43)) - raft.server.log.queue.byte-limit = 2147483647 (custom)
2019-07-13 22:43:06,674 INFO  server.RaftServerConfigKeys (ConfUtils.java:logGet(43)) - raft.server.log.statemachine.data.caching.enabled = true (custom)
2019-07-13 22:43:06,674 INFO  server.RaftServerConfigKeys (ConfUtils.java:logGet(43)) - raft.server.log.segment.size.max = 1048576 (custom)
2019-07-13 22:43:06,674 INFO  server.RaftServerConfigKeys (ConfUtils.java:logGet(43)) - raft.server.log.queue.element-limit = 1024 (custom)
2019-07-13 22:43:06,674 INFO  segmented.SegmentedRaftLogWorker (SegmentedRaftLogWorker.java:lambda$new$0(132)) - 4adb445a-e83e-44ce-ae55-701246e0e5b4-SegmentedRaftLogWorker:Storage Directory /tmp/workdir/hadoop-ozone/integration-test/target/test-dir/MiniOzoneClusterImpl-61a6064b-b46c-40a5-8a2c-660942024b76/datanode-3/data/ratis/34daa35e-0d11-4768-bf34-ebb30435d358: flushIndex: setUnconditionally 0 -> -1
2019-07-13 22:43:06,674 INFO  server.RaftServerConfigKeys (ConfUtils.java:logGet(43)) - raft.server.log.preallocated.size = 16384 (custom)
2019-07-13 22:43:06,675 INFO  server.RaftServerConfigKeys (ConfUtils.java:logGet(43)) - raft.server.log.segment.size.max = 1048576 (custom)
2019-07-13 22:43:06,675 INFO  server.RaftServerConfigKeys (ConfUtils.java:logGet(43)) - raft.server.snapshot.auto.trigger.enabled = true (custom)
2019-07-13 22:43:06,675 INFO  server.RaftServerConfigKeys (ConfUtils.java:logGet(43)) - raft.server.log.write.buffer.size = 33554432 (custom)
2019-07-13 22:43:06,675 INFO  server.RaftServerConfigKeys (ConfUtils.java:logGet(43)) - raft.server.snapshot.auto.trigger.threshold = 10000 (custom)
2019-07-13 22:43:06,675 INFO  server.RaftServerConfigKeys (ConfUtils.java:logGet(43)) - raft.server.log.preallocated.size = 16384 (custom)
2019-07-13 22:43:06,676 INFO  server.RaftServerConfigKeys (ConfUtils.java:logGet(43)) - raft.server.retrycache.expirytime = 600000ms (custom)
2019-07-13 22:43:06,676 INFO  server.RaftServerConfigKeys (ConfUtils.java:logGet(43)) - raft.server.log.force.sync.num = 128 (default)
2019-07-13 22:43:06,676 INFO  impl.RaftServerImpl (RaftServerImpl.java:start(180)) - 4adb445a-e83e-44ce-ae55-701246e0e5b4: start group-EBB30435D358
2019-07-13 22:43:06,676 INFO  impl.RaftServerImpl (RaftServerImpl.java:setRole(171)) - 4adb445a-e83e-44ce-ae55-701246e0e5b4:group-EBB30435D358 changes role from null to FOLLOWER at term 0 for startAsFollower
2019-07-13 22:43:06,676 INFO  server.RaftServerConfigKeys (ConfUtils.java:logGet(43)) - raft.server.log.write.buffer.size = 33554432 (custom)
2019-07-13 22:43:06,677 INFO  impl.RoleInfo (RoleInfo.java:updateAndGet(143)) - 4adb445a-e83e-44ce-ae55-701246e0e5b4: start FollowerState
2019-07-13 22:43:06,676 INFO  server.RaftServerConfigKeys (ConfUtils.java:logGet(43)) - raft.server.log.statemachine.data.sync = true (default)
2019-07-13 22:43:06,677 INFO  server.RaftServerConfigKeys (ConfUtils.java:logGet(43)) - raft.server.log.force.sync.num = 128 (default)
2019-07-13 22:43:06,677 INFO  util.JmxRegister (JmxRegister.java:tryRegister(44)) - Successfully registered JMX Bean with object name Ratis:service=RaftServer,group=group-EBB30435D358,id=4adb445a-e83e-44ce-ae55-701246e0e5b4
2019-07-13 22:43:06,677 INFO  server.RaftServerConfigKeys (ConfUtils.java:logGet(43)) - raft.server.log.statemachine.data.sync.timeout = 10s (default)
2019-07-13 22:43:06,677 INFO  server.RaftServerConfigKeys (ConfUtils.java:logGet(43)) - raft.server.log.statemachine.data.sync = true (default)
2019-07-13 22:43:06,678 INFO  server.RaftServerConfigKeys (ConfUtils.java:logGet(43)) - raft.server.log.statemachine.data.sync.timeout.retry = -1 (default)
2019-07-13 22:43:06,678 INFO  server.RaftServerConfigKeys (ConfUtils.java:logGet(43)) - raft.server.log.statemachine.data.sync.timeout = 10s (default)
2019-07-13 22:43:06,678 INFO  server.RaftServerConfigKeys (ConfUtils.java:logGet(43)) - raft.server.log.statemachine.data.caching.enabled = true (custom)
2019-07-13 22:43:06,678 INFO  server.RaftServerConfigKeys (ConfUtils.java:logGet(43)) - raft.server.log.statemachine.data.sync.timeout.retry = -1 (default)
2019-07-13 22:43:06,679 INFO  segmented.SegmentedRaftLogWorker (SegmentedRaftLogWorker.java:lambda$new$0(132)) - 1eafab87-0301-40c0-9717-194aaf9a5d3b-SegmentedRaftLogWorker:Storage Directory /tmp/workdir/hadoop-ozone/integration-test/target/test-dir/MiniOzoneClusterImpl-61a6064b-b46c-40a5-8a2c-660942024b76/datanode-5/data/ratis/34daa35e-0d11-4768-bf34-ebb30435d358: flushIndex: setUnconditionally 0 -> -1
2019-07-13 22:43:06,679 INFO  server.RaftServerConfigKeys (ConfUtils.java:logGet(43)) - raft.server.log.statemachine.data.caching.enabled = true (custom)
2019-07-13 22:43:06,679 INFO  server.RaftServerConfigKeys (ConfUtils.java:logGet(43)) - raft.server.snapshot.auto.trigger.enabled = true (custom)
2019-07-13 22:43:06,679 INFO  segmented.SegmentedRaftLogWorker (SegmentedRaftLogWorker.java:lambda$new$0(132)) - 8f8eab75-0175-460a-95dd-0d4271bcd0a2-SegmentedRaftLogWorker:Storage Directory /tmp/workdir/hadoop-ozone/integration-test/target/test-dir/MiniOzoneClusterImpl-61a6064b-b46c-40a5-8a2c-660942024b76/datanode-0/data/ratis/34daa35e-0d11-4768-bf34-ebb30435d358: flushIndex: setUnconditionally 0 -> -1
2019-07-13 22:43:06,679 INFO  server.RaftServerConfigKeys (ConfUtils.java:logGet(43)) - raft.server.snapshot.auto.trigger.threshold = 10000 (custom)
2019-07-13 22:43:06,680 INFO  server.RaftServerConfigKeys (ConfUtils.java:logGet(43)) - raft.server.snapshot.auto.trigger.enabled = true (custom)
2019-07-13 22:43:06,680 INFO  server.RaftServerConfigKeys (ConfUtils.java:logGet(43)) - raft.server.retrycache.expirytime = 600000ms (custom)
2019-07-13 22:43:06,680 INFO  server.RaftServerConfigKeys (ConfUtils.java:logGet(43)) - raft.server.snapshot.auto.trigger.threshold = 10000 (custom)
2019-07-13 22:43:06,682 INFO  impl.RaftServerImpl (RaftServerImpl.java:start(180)) - 1eafab87-0301-40c0-9717-194aaf9a5d3b: start group-EBB30435D358
2019-07-13 22:43:06,683 INFO  impl.RaftServerImpl (RaftServerImpl.java:setRole(171)) - 1eafab87-0301-40c0-9717-194aaf9a5d3b:group-EBB30435D358 changes role from null to FOLLOWER at term 0 for startAsFollower
2019-07-13 22:43:06,683 INFO  server.RaftServerConfigKeys (ConfUtils.java:logGet(43)) - raft.server.retrycache.expirytime = 600000ms (custom)
2019-07-13 22:43:06,683 INFO  impl.RoleInfo (RoleInfo.java:updateAndGet(143)) - 1eafab87-0301-40c0-9717-194aaf9a5d3b: start FollowerState
2019-07-13 22:43:06,684 INFO  impl.RaftServerImpl (RaftServerImpl.java:start(180)) - 8f8eab75-0175-460a-95dd-0d4271bcd0a2: start group-EBB30435D358
2019-07-13 22:43:06,684 INFO  impl.RaftServerImpl (RaftServerImpl.java:setRole(171)) - 8f8eab75-0175-460a-95dd-0d4271bcd0a2:group-EBB30435D358 changes role from null to FOLLOWER at term 0 for startAsFollower
2019-07-13 22:43:06,685 INFO  util.JmxRegister (JmxRegister.java:tryRegister(44)) - Successfully registered JMX Bean with object name Ratis:service=RaftServer,group=group-EBB30435D358,id=1eafab87-0301-40c0-9717-194aaf9a5d3b
2019-07-13 22:43:06,687 INFO  impl.RoleInfo (RoleInfo.java:updateAndGet(143)) - 8f8eab75-0175-460a-95dd-0d4271bcd0a2: start FollowerState
2019-07-13 22:43:06,688 INFO  util.JmxRegister (JmxRegister.java:tryRegister(44)) - Successfully registered JMX Bean with object name Ratis:service=RaftServer,group=group-EBB30435D358,id=8f8eab75-0175-460a-95dd-0d4271bcd0a2
2019-07-13 22:43:06,702 INFO  pipeline.PipelineStateManager (PipelineStateManager.java:addPipeline(56)) - Created pipeline Pipeline[ Id: 34daa35e-0d11-4768-bf34-ebb30435d358, Nodes: 4adb445a-e83e-44ce-ae55-701246e0e5b4{ip: 192.168.5.159, host: trunk-nightly-x8m8d-1534914823, networkLocation: /default-rack, certSerialId: null}8f8eab75-0175-460a-95dd-0d4271bcd0a2{ip: 192.168.5.159, host: trunk-nightly-x8m8d-1534914823, networkLocation: /default-rack, certSerialId: null}1eafab87-0301-40c0-9717-194aaf9a5d3b{ip: 192.168.5.159, host: trunk-nightly-x8m8d-1534914823, networkLocation: /default-rack, certSerialId: null}, Type:RATIS, Factor:THREE, State:OPEN]
2019-07-13 22:43:06,735 INFO  impl.RaftServerProxy (RaftServerProxy.java:addNew(89)) - 1a7d42c9-30ae-494c-a633-8f230c07f01a: addNew group-140D8C8A0AAB:[1a7d42c9-30ae-494c-a633-8f230c07f01a:192.168.5.159:38382, 0f3acd4c-1ccf-4418-b1d4-38217ff2445b:192.168.5.159:34260, 7221a50d-169b-4b76-8489-c824735d1007:192.168.5.159:43191] returns group-140D8C8A0AAB:java.util.concurrent.CompletableFuture@3b854d35[Not completed]
2019-07-13 22:43:06,738 INFO  impl.RaftServerProxy (RaftServerProxy.java:addNew(89)) - 0f3acd4c-1ccf-4418-b1d4-38217ff2445b: addNew group-140D8C8A0AAB:[1a7d42c9-30ae-494c-a633-8f230c07f01a:192.168.5.159:38382, 0f3acd4c-1ccf-4418-b1d4-38217ff2445b:192.168.5.159:34260, 7221a50d-169b-4b76-8489-c824735d1007:192.168.5.159:43191] returns group-140D8C8A0AAB:java.util.concurrent.CompletableFuture@12083bfb[Not completed]
2019-07-13 22:43:06,738 INFO  impl.RaftServerProxy (RaftServerProxy.java:addNew(89)) - 7221a50d-169b-4b76-8489-c824735d1007: addNew group-140D8C8A0AAB:[1a7d42c9-30ae-494c-a633-8f230c07f01a:192.168.5.159:38382, 0f3acd4c-1ccf-4418-b1d4-38217ff2445b:192.168.5.159:34260, 7221a50d-169b-4b76-8489-c824735d1007:192.168.5.159:43191] returns group-140D8C8A0AAB:java.util.concurrent.CompletableFuture@1a50b015[Not completed]
2019-07-13 22:43:06,740 INFO  impl.RaftServerImpl (RaftServerImpl.java:<init>(93)) - 1a7d42c9-30ae-494c-a633-8f230c07f01a: new RaftServerImpl for group-140D8C8A0AAB:[1a7d42c9-30ae-494c-a633-8f230c07f01a:192.168.5.159:38382, 0f3acd4c-1ccf-4418-b1d4-38217ff2445b:192.168.5.159:34260, 7221a50d-169b-4b76-8489-c824735d1007:192.168.5.159:43191] with ContainerStateMachine:uninitialized
2019-07-13 22:43:06,740 INFO  server.RaftServerConfigKeys (ConfUtils.java:logGet(43)) - raft.server.rpc.timeout.min = 5s (custom)
2019-07-13 22:43:06,740 INFO  server.RaftServerConfigKeys (ConfUtils.java:logGet(43)) - raft.server.rpc.timeout.max = 5200ms (custom)
2019-07-13 22:43:06,740 INFO  server.RaftServerConfigKeys (ConfUtils.java:logGet(43)) - raft.server.rpcslowness.timeout = 120s (custom)
2019-07-13 22:43:06,740 INFO  server.RaftServerConfigKeys (ConfUtils.java:logGet(43)) - raft.server.sleep.deviation.threshold = 300 (default)
2019-07-13 22:43:06,740 INFO  server.RaftServerConfigKeys (ConfUtils.java:logGet(43)) - raft.server.log.appender.install.snapshot.enabled = false (custom)
2019-07-13 22:43:06,741 INFO  impl.RaftServerImpl (ServerState.java:<init>(105)) - 1a7d42c9-30ae-494c-a633-8f230c07f01a:group-140D8C8A0AAB ConfigurationManager, init=-1: [1a7d42c9-30ae-494c-a633-8f230c07f01a:192.168.5.159:38382, 0f3acd4c-1ccf-4418-b1d4-38217ff2445b:192.168.5.159:34260, 7221a50d-169b-4b76-8489-c824735d1007:192.168.5.159:43191], old=null, confs=<EMPTY_MAP>
2019-07-13 22:43:06,741 INFO  impl.RaftServerImpl (RaftServerImpl.java:<init>(93)) - 0f3acd4c-1ccf-4418-b1d4-38217ff2445b: new RaftServerImpl for group-140D8C8A0AAB:[1a7d42c9-30ae-494c-a633-8f230c07f01a:192.168.5.159:38382, 0f3acd4c-1ccf-4418-b1d4-38217ff2445b:192.168.5.159:34260, 7221a50d-169b-4b76-8489-c824735d1007:192.168.5.159:43191] with ContainerStateMachine:uninitialized
2019-07-13 22:43:06,741 INFO  server.RaftServerConfigKeys (ConfUtils.java:logGet(43)) - raft.server.storage.dir = [/tmp/workdir/hadoop-ozone/integration-test/target/test-dir/MiniOzoneClusterImpl-61a6064b-b46c-40a5-8a2c-660942024b76/datanode-2/data/ratis] (custom)
2019-07-13 22:43:06,741 INFO  server.RaftServerConfigKeys (ConfUtils.java:logGet(43)) - raft.server.rpc.timeout.min = 5s (custom)
2019-07-13 22:43:06,741 INFO  server.RaftServerConfigKeys (ConfUtils.java:logGet(43)) - raft.server.rpc.timeout.max = 5200ms (custom)
2019-07-13 22:43:06,741 INFO  storage.RaftStorageDirectory (RaftStorageDirectory.java:analyzeStorage(246)) - The storage directory /tmp/workdir/hadoop-ozone/integration-test/target/test-dir/MiniOzoneClusterImpl-61a6064b-b46c-40a5-8a2c-660942024b76/datanode-2/data/ratis/0a199ce7-4259-4d61-ad14-140d8c8a0aab does not exist. Creating ...
2019-07-13 22:43:06,741 INFO  server.RaftServerConfigKeys (ConfUtils.java:logGet(43)) - raft.server.rpcslowness.timeout = 120s (custom)
2019-07-13 22:43:06,741 INFO  server.RaftServerConfigKeys (ConfUtils.java:logGet(43)) - raft.server.sleep.deviation.threshold = 300 (default)
2019-07-13 22:43:06,742 INFO  impl.RaftServerImpl (RaftServerImpl.java:<init>(93)) - 7221a50d-169b-4b76-8489-c824735d1007: new RaftServerImpl for group-140D8C8A0AAB:[1a7d42c9-30ae-494c-a633-8f230c07f01a:192.168.5.159:38382, 0f3acd4c-1ccf-4418-b1d4-38217ff2445b:192.168.5.159:34260, 7221a50d-169b-4b76-8489-c824735d1007:192.168.5.159:43191] with ContainerStateMachine:uninitialized
2019-07-13 22:43:06,742 INFO  server.RaftServerConfigKeys (ConfUtils.java:logGet(43)) - raft.server.log.appender.install.snapshot.enabled = false (custom)
2019-07-13 22:43:06,742 INFO  server.RaftServerConfigKeys (ConfUtils.java:logGet(43)) - raft.server.rpc.timeout.min = 5s (custom)
2019-07-13 22:43:06,742 INFO  impl.RaftServerImpl (ServerState.java:<init>(105)) - 0f3acd4c-1ccf-4418-b1d4-38217ff2445b:group-140D8C8A0AAB ConfigurationManager, init=-1: [1a7d42c9-30ae-494c-a633-8f230c07f01a:192.168.5.159:38382, 0f3acd4c-1ccf-4418-b1d4-38217ff2445b:192.168.5.159:34260, 7221a50d-169b-4b76-8489-c824735d1007:192.168.5.159:43191], old=null, confs=<EMPTY_MAP>
2019-07-13 22:43:06,742 INFO  server.RaftServerConfigKeys (ConfUtils.java:logGet(43)) - raft.server.rpc.timeout.max = 5200ms (custom)
2019-07-13 22:43:06,742 INFO  server.RaftServerConfigKeys (ConfUtils.java:logGet(43)) - raft.server.storage.dir = [/tmp/workdir/hadoop-ozone/integration-test/target/test-dir/MiniOzoneClusterImpl-61a6064b-b46c-40a5-8a2c-660942024b76/datanode-1/data/ratis] (custom)
2019-07-13 22:43:06,742 INFO  server.RaftServerConfigKeys (ConfUtils.java:logGet(43)) - raft.server.rpcslowness.timeout = 120s (custom)
2019-07-13 22:43:06,743 INFO  server.RaftServerConfigKeys (ConfUtils.java:logGet(43)) - raft.server.sleep.deviation.threshold = 300 (default)
2019-07-13 22:43:06,743 INFO  storage.RaftStorageDirectory (RaftStorageDirectory.java:analyzeStorage(246)) - The storage directory /tmp/workdir/hadoop-ozone/integration-test/target/test-dir/MiniOzoneClusterImpl-61a6064b-b46c-40a5-8a2c-660942024b76/datanode-1/data/ratis/0a199ce7-4259-4d61-ad14-140d8c8a0aab does not exist. Creating ...
2019-07-13 22:43:06,743 INFO  server.RaftServerConfigKeys (ConfUtils.java:logGet(43)) - raft.server.log.appender.install.snapshot.enabled = false (custom)
2019-07-13 22:43:06,743 INFO  impl.RaftServerImpl (ServerState.java:<init>(105)) - 7221a50d-169b-4b76-8489-c824735d1007:group-140D8C8A0AAB ConfigurationManager, init=-1: [1a7d42c9-30ae-494c-a633-8f230c07f01a:192.168.5.159:38382, 0f3acd4c-1ccf-4418-b1d4-38217ff2445b:192.168.5.159:34260, 7221a50d-169b-4b76-8489-c824735d1007:192.168.5.159:43191], old=null, confs=<EMPTY_MAP>
2019-07-13 22:43:06,743 INFO  server.RaftServerConfigKeys (ConfUtils.java:logGet(43)) - raft.server.storage.dir = [/tmp/workdir/hadoop-ozone/integration-test/target/test-dir/MiniOzoneClusterImpl-61a6064b-b46c-40a5-8a2c-660942024b76/datanode-6/data/ratis] (custom)
2019-07-13 22:43:06,744 INFO  storage.RaftStorageDirectory (RaftStorageDirectory.java:analyzeStorage(246)) - The storage directory /tmp/workdir/hadoop-ozone/integration-test/target/test-dir/MiniOzoneClusterImpl-61a6064b-b46c-40a5-8a2c-660942024b76/datanode-6/data/ratis/0a199ce7-4259-4d61-ad14-140d8c8a0aab does not exist. Creating ...
2019-07-13 22:43:06,754 INFO  storage.RaftStorageDirectory (RaftStorageDirectory.java:tryLock(328)) - Lock on /tmp/workdir/hadoop-ozone/integration-test/target/test-dir/MiniOzoneClusterImpl-61a6064b-b46c-40a5-8a2c-660942024b76/datanode-2/data/ratis/0a199ce7-4259-4d61-ad14-140d8c8a0aab/in_use.lock acquired by nodename 2602@trunk-nightly-x8m8d-1534914823
2019-07-13 22:43:06,754 INFO  storage.RaftStorageDirectory (RaftStorageDirectory.java:tryLock(328)) - Lock on /tmp/workdir/hadoop-ozone/integration-test/target/test-dir/MiniOzoneClusterImpl-61a6064b-b46c-40a5-8a2c-660942024b76/datanode-1/data/ratis/0a199ce7-4259-4d61-ad14-140d8c8a0aab/in_use.lock acquired by nodename 2602@trunk-nightly-x8m8d-1534914823
2019-07-13 22:43:06,754 INFO  storage.RaftStorageDirectory (RaftStorageDirectory.java:tryLock(328)) - Lock on /tmp/workdir/hadoop-ozone/integration-test/target/test-dir/MiniOzoneClusterImpl-61a6064b-b46c-40a5-8a2c-660942024b76/datanode-6/data/ratis/0a199ce7-4259-4d61-ad14-140d8c8a0aab/in_use.lock acquired by nodename 2602@trunk-nightly-x8m8d-1534914823
2019-07-13 22:43:06,762 INFO  storage.RaftStorage (RaftStorage.java:format(72)) - Storage directory /tmp/workdir/hadoop-ozone/integration-test/target/test-dir/MiniOzoneClusterImpl-61a6064b-b46c-40a5-8a2c-660942024b76/datanode-2/data/ratis/0a199ce7-4259-4d61-ad14-140d8c8a0aab has been successfully formatted.
2019-07-13 22:43:06,762 INFO  storage.RaftStorage (RaftStorage.java:format(72)) - Storage directory /tmp/workdir/hadoop-ozone/integration-test/target/test-dir/MiniOzoneClusterImpl-61a6064b-b46c-40a5-8a2c-660942024b76/datanode-6/data/ratis/0a199ce7-4259-4d61-ad14-140d8c8a0aab has been successfully formatted.
2019-07-13 22:43:06,762 INFO  storage.RaftStorage (RaftStorage.java:format(72)) - Storage directory /tmp/workdir/hadoop-ozone/integration-test/target/test-dir/MiniOzoneClusterImpl-61a6064b-b46c-40a5-8a2c-660942024b76/datanode-1/data/ratis/0a199ce7-4259-4d61-ad14-140d8c8a0aab has been successfully formatted.
2019-07-13 22:43:06,762 INFO  ratis.ContainerStateMachine (ContainerStateMachine.java:loadSnapshot(200)) - The snapshot info is null.Setting the last applied index to:(t:0, i:~)
2019-07-13 22:43:06,762 INFO  ratis.ContainerStateMachine (ContainerStateMachine.java:loadSnapshot(200)) - The snapshot info is null.Setting the last applied index to:(t:0, i:~)
2019-07-13 22:43:06,762 INFO  ratis.ContainerStateMachine (ContainerStateMachine.java:loadSnapshot(200)) - The snapshot info is null.Setting the last applied index to:(t:0, i:~)
2019-07-13 22:43:06,763 INFO  server.RaftServerConfigKeys (ConfUtils.java:logGet(43)) - raft.server.leader.election.timeout = 120s (custom)
2019-07-13 22:43:06,762 INFO  server.RaftServerConfigKeys (ConfUtils.java:logGet(43)) - raft.server.leader.election.timeout = 120s (custom)
2019-07-13 22:43:06,763 INFO  server.RaftServerConfigKeys (ConfUtils.java:logGet(43)) - raft.server.log.use.memory = false (default)
2019-07-13 22:43:06,763 INFO  server.RaftServerConfigKeys (ConfUtils.java:logGet(43)) - raft.server.leader.election.timeout = 120s (custom)
2019-07-13 22:43:06,763 INFO  server.RaftServerConfigKeys (ConfUtils.java:logGet(43)) - raft.server.log.purge.gap = 1000000000 (custom)
2019-07-13 22:43:06,763 INFO  server.RaftServerConfigKeys (ConfUtils.java:logGet(43)) - raft.server.log.use.memory = false (default)
2019-07-13 22:43:06,763 INFO  server.RaftServerConfigKeys (ConfUtils.java:logGet(43)) - raft.server.log.appender.buffer.byte-limit = 33554432 (custom)
2019-07-13 22:43:06,763 INFO  server.RaftServerConfigKeys (ConfUtils.java:logGet(43)) - raft.server.log.use.memory = false (default)
2019-07-13 22:43:06,764 INFO  server.RaftServerConfigKeys (ConfUtils.java:logGet(43)) - raft.server.log.segment.size.max = 1048576 (custom)
2019-07-13 22:43:06,764 INFO  server.RaftServerConfigKeys (ConfUtils.java:logGet(43)) - raft.server.log.purge.gap = 1000000000 (custom)
2019-07-13 22:43:06,764 INFO  server.RaftServerConfigKeys (ConfUtils.java:logGet(43)) - raft.server.log.segment.cache.num.max = 2 (custom)
2019-07-13 22:43:06,764 INFO  server.RaftServerConfigKeys (ConfUtils.java:logGet(43)) - raft.server.log.purge.gap = 1000000000 (custom)
2019-07-13 22:43:06,764 INFO  segmented.SegmentedRaftLogWorker (SegmentedRaftLogWorker.java:<init>(172)) - new 0f3acd4c-1ccf-4418-b1d4-38217ff2445b-SegmentedRaftLogWorker:Storage Directory /tmp/workdir/hadoop-ozone/integration-test/target/test-dir/MiniOzoneClusterImpl-61a6064b-b46c-40a5-8a2c-660942024b76/datanode-1/data/ratis/0a199ce7-4259-4d61-ad14-140d8c8a0aab for RaftStorage:Storage Directory /tmp/workdir/hadoop-ozone/integration-test/target/test-dir/MiniOzoneClusterImpl-61a6064b-b46c-40a5-8a2c-660942024b76/datanode-1/data/ratis/0a199ce7-4259-4d61-ad14-140d8c8a0aab
2019-07-13 22:43:06,764 INFO  server.RaftServerConfigKeys (ConfUtils.java:logGet(43)) - raft.server.log.appender.buffer.byte-limit = 33554432 (custom)
2019-07-13 22:43:06,765 INFO  server.RaftServerConfigKeys (ConfUtils.java:logGet(43)) - raft.server.log.queue.byte-limit = 2147483647 (custom)
2019-07-13 22:43:06,765 INFO  server.RaftServerConfigKeys (ConfUtils.java:logGet(43)) - raft.server.log.appender.buffer.byte-limit = 33554432 (custom)
2019-07-13 22:43:06,766 INFO  server.RaftServerConfigKeys (ConfUtils.java:logGet(43)) - raft.server.log.queue.element-limit = 1024 (custom)
2019-07-13 22:43:06,766 INFO  server.RaftServerConfigKeys (ConfUtils.java:logGet(43)) - raft.server.log.segment.size.max = 1048576 (custom)
2019-07-13 22:43:06,767 INFO  server.RaftServerConfigKeys (ConfUtils.java:logGet(43)) - raft.server.log.segment.size.max = 1048576 (custom)
2019-07-13 22:43:06,767 INFO  server.RaftServerConfigKeys (ConfUtils.java:logGet(43)) - raft.server.log.segment.size.max = 1048576 (custom)
2019-07-13 22:43:06,767 INFO  server.RaftServerConfigKeys (ConfUtils.java:logGet(43)) - raft.server.log.preallocated.size = 16384 (custom)
2019-07-13 22:43:06,767 INFO  server.RaftServerConfigKeys (ConfUtils.java:logGet(43)) - raft.server.log.segment.cache.num.max = 2 (custom)
2019-07-13 22:43:06,767 INFO  server.RaftServerConfigKeys (ConfUtils.java:logGet(43)) - raft.server.log.write.buffer.size = 33554432 (custom)
2019-07-13 22:43:06,767 INFO  server.RaftServerConfigKeys (ConfUtils.java:logGet(43)) - raft.server.log.segment.cache.num.max = 2 (custom)
2019-07-13 22:43:06,768 INFO  server.RaftServerConfigKeys (ConfUtils.java:logGet(43)) - raft.server.log.force.sync.num = 128 (default)
2019-07-13 22:43:06,768 INFO  server.RaftServerConfigKeys (ConfUtils.java:logGet(43)) - raft.server.log.statemachine.data.sync = true (default)
2019-07-13 22:43:06,768 INFO  segmented.SegmentedRaftLogWorker (SegmentedRaftLogWorker.java:<init>(172)) - new 7221a50d-169b-4b76-8489-c824735d1007-SegmentedRaftLogWorker:Storage Directory /tmp/workdir/hadoop-ozone/integration-test/target/test-dir/MiniOzoneClusterImpl-61a6064b-b46c-40a5-8a2c-660942024b76/datanode-6/data/ratis/0a199ce7-4259-4d61-ad14-140d8c8a0aab for RaftStorage:Storage Directory /tmp/workdir/hadoop-ozone/integration-test/target/test-dir/MiniOzoneClusterImpl-61a6064b-b46c-40a5-8a2c-660942024b76/datanode-6/data/ratis/0a199ce7-4259-4d61-ad14-140d8c8a0aab
2019-07-13 22:43:06,768 INFO  server.RaftServerConfigKeys (ConfUtils.java:logGet(43)) - raft.server.log.statemachine.data.sync.timeout = 10s (default)
2019-07-13 22:43:06,768 INFO  segmented.SegmentedRaftLogWorker (SegmentedRaftLogWorker.java:<init>(172)) - new 1a7d42c9-30ae-494c-a633-8f230c07f01a-SegmentedRaftLogWorker:Storage Directory /tmp/workdir/hadoop-ozone/integration-test/target/test-dir/MiniOzoneClusterImpl-61a6064b-b46c-40a5-8a2c-660942024b76/datanode-2/data/ratis/0a199ce7-4259-4d61-ad14-140d8c8a0aab for RaftStorage:Storage Directory /tmp/workdir/hadoop-ozone/integration-test/target/test-dir/MiniOzoneClusterImpl-61a6064b-b46c-40a5-8a2c-660942024b76/datanode-2/data/ratis/0a199ce7-4259-4d61-ad14-140d8c8a0aab
2019-07-13 22:43:06,768 INFO  server.RaftServerConfigKeys (ConfUtils.java:logGet(43)) - raft.server.log.statemachine.data.sync.timeout.retry = -1 (default)
2019-07-13 22:43:06,768 INFO  server.RaftServerConfigKeys (ConfUtils.java:logGet(43)) - raft.server.log.queue.byte-limit = 2147483647 (custom)
2019-07-13 22:43:06,771 INFO  server.RaftServerConfigKeys (ConfUtils.java:logGet(43)) - raft.server.log.statemachine.data.caching.enabled = true (custom)
2019-07-13 22:43:06,770 INFO  server.RaftServerConfigKeys (ConfUtils.java:logGet(43)) - raft.server.log.queue.byte-limit = 2147483647 (custom)
2019-07-13 22:43:06,772 INFO  server.RaftServerConfigKeys (ConfUtils.java:logGet(43)) - raft.server.log.queue.element-limit = 1024 (custom)
2019-07-13 22:43:06,772 INFO  segmented.SegmentedRaftLogWorker (SegmentedRaftLogWorker.java:lambda$new$0(132)) - 0f3acd4c-1ccf-4418-b1d4-38217ff2445b-SegmentedRaftLogWorker:Storage Directory /tmp/workdir/hadoop-ozone/integration-test/target/test-dir/MiniOzoneClusterImpl-61a6064b-b46c-40a5-8a2c-660942024b76/datanode-1/data/ratis/0a199ce7-4259-4d61-ad14-140d8c8a0aab: flushIndex: setUnconditionally 0 -> -1
2019-07-13 22:43:06,772 INFO  server.RaftServerConfigKeys (ConfUtils.java:logGet(43)) - raft.server.log.queue.element-limit = 1024 (custom)
2019-07-13 22:43:06,772 INFO  server.RaftServerConfigKeys (ConfUtils.java:logGet(43)) - raft.server.log.segment.size.max = 1048576 (custom)
2019-07-13 22:43:06,772 INFO  server.RaftServerConfigKeys (ConfUtils.java:logGet(43)) - raft.server.snapshot.auto.trigger.enabled = true (custom)
2019-07-13 22:43:06,772 INFO  server.RaftServerConfigKeys (ConfUtils.java:logGet(43)) - raft.server.log.segment.size.max = 1048576 (custom)
2019-07-13 22:43:06,773 INFO  server.RaftServerConfigKeys (ConfUtils.java:logGet(43)) - raft.server.snapshot.auto.trigger.threshold = 10000 (custom)
2019-07-13 22:43:06,773 INFO  server.RaftServerConfigKeys (ConfUtils.java:logGet(43)) - raft.server.log.preallocated.size = 16384 (custom)
2019-07-13 22:43:06,773 INFO  server.RaftServerConfigKeys (ConfUtils.java:logGet(43)) - raft.server.retrycache.expirytime = 600000ms (custom)
2019-07-13 22:43:06,773 INFO  server.RaftServerConfigKeys (ConfUtils.java:logGet(43)) - raft.server.log.preallocated.size = 16384 (custom)
2019-07-13 22:43:06,774 INFO  impl.RaftServerImpl (RaftServerImpl.java:start(180)) - 0f3acd4c-1ccf-4418-b1d4-38217ff2445b: start group-140D8C8A0AAB
2019-07-13 22:43:06,773 INFO  server.RaftServerConfigKeys (ConfUtils.java:logGet(43)) - raft.server.log.write.buffer.size = 33554432 (custom)
2019-07-13 22:43:06,774 INFO  impl.RaftServerImpl (RaftServerImpl.java:setRole(171)) - 0f3acd4c-1ccf-4418-b1d4-38217ff2445b:group-140D8C8A0AAB changes role from null to FOLLOWER at term 0 for startAsFollower
2019-07-13 22:43:06,774 INFO  server.RaftServerConfigKeys (ConfUtils.java:logGet(43)) - raft.server.log.write.buffer.size = 33554432 (custom)
2019-07-13 22:43:06,774 INFO  impl.RoleInfo (RoleInfo.java:updateAndGet(143)) - 0f3acd4c-1ccf-4418-b1d4-38217ff2445b: start FollowerState
2019-07-13 22:43:06,774 INFO  server.RaftServerConfigKeys (ConfUtils.java:logGet(43)) - raft.server.log.force.sync.num = 128 (default)
2019-07-13 22:43:06,774 INFO  server.RaftServerConfigKeys (ConfUtils.java:logGet(43)) - raft.server.log.force.sync.num = 128 (default)
2019-07-13 22:43:06,775 INFO  server.RaftServerConfigKeys (ConfUtils.java:logGet(43)) - raft.server.log.statemachine.data.sync = true (default)
2019-07-13 22:43:06,775 INFO  util.JmxRegister (JmxRegister.java:tryRegister(44)) - Successfully registered JMX Bean with object name Ratis:service=RaftServer,group=group-140D8C8A0AAB,id=0f3acd4c-1ccf-4418-b1d4-38217ff2445b
2019-07-13 22:43:06,775 INFO  server.RaftServerConfigKeys (ConfUtils.java:logGet(43)) - raft.server.log.statemachine.data.sync = true (default)
2019-07-13 22:43:06,775 INFO  server.RaftServerConfigKeys (ConfUtils.java:logGet(43)) - raft.server.log.statemachine.data.sync.timeout = 10s (default)
2019-07-13 22:43:06,775 INFO  server.RaftServerConfigKeys (ConfUtils.java:logGet(43)) - raft.server.log.statemachine.data.sync.timeout = 10s (default)
2019-07-13 22:43:06,776 INFO  server.RaftServerConfigKeys (ConfUtils.java:logGet(43)) - raft.server.log.statemachine.data.sync.timeout.retry = -1 (default)
2019-07-13 22:43:06,776 INFO  server.RaftServerConfigKeys (ConfUtils.java:logGet(43)) - raft.server.log.statemachine.data.sync.timeout.retry = -1 (default)
2019-07-13 22:43:06,776 INFO  server.RaftServerConfigKeys (ConfUtils.java:logGet(43)) - raft.server.log.statemachine.data.caching.enabled = true (custom)
2019-07-13 22:43:06,776 INFO  server.RaftServerConfigKeys (ConfUtils.java:logGet(43)) - raft.server.log.statemachine.data.caching.enabled = true (custom)
2019-07-13 22:43:06,776 INFO  segmented.SegmentedRaftLogWorker (SegmentedRaftLogWorker.java:lambda$new$0(132)) - 7221a50d-169b-4b76-8489-c824735d1007-SegmentedRaftLogWorker:Storage Directory /tmp/workdir/hadoop-ozone/integration-test/target/test-dir/MiniOzoneClusterImpl-61a6064b-b46c-40a5-8a2c-660942024b76/datanode-6/data/ratis/0a199ce7-4259-4d61-ad14-140d8c8a0aab: flushIndex: setUnconditionally 0 -> -1
2019-07-13 22:43:06,776 INFO  segmented.SegmentedRaftLogWorker (SegmentedRaftLogWorker.java:lambda$new$0(132)) - 1a7d42c9-30ae-494c-a633-8f230c07f01a-SegmentedRaftLogWorker:Storage Directory /tmp/workdir/hadoop-ozone/integration-test/target/test-dir/MiniOzoneClusterImpl-61a6064b-b46c-40a5-8a2c-660942024b76/datanode-2/data/ratis/0a199ce7-4259-4d61-ad14-140d8c8a0aab: flushIndex: setUnconditionally 0 -> -1
2019-07-13 22:43:06,777 INFO  server.RaftServerConfigKeys (ConfUtils.java:logGet(43)) - raft.server.snapshot.auto.trigger.enabled = true (custom)
2019-07-13 22:43:06,777 INFO  server.RaftServerConfigKeys (ConfUtils.java:logGet(43)) - raft.server.snapshot.auto.trigger.enabled = true (custom)
2019-07-13 22:43:06,777 INFO  server.RaftServerConfigKeys (ConfUtils.java:logGet(43)) - raft.server.snapshot.auto.trigger.threshold = 10000 (custom)
2019-07-13 22:43:06,778 INFO  server.RaftServerConfigKeys (ConfUtils.java:logGet(43)) - raft.server.snapshot.auto.trigger.threshold = 10000 (custom)
2019-07-13 22:43:06,779 INFO  server.RaftServerConfigKeys (ConfUtils.java:logGet(43)) - raft.server.retrycache.expirytime = 600000ms (custom)
2019-07-13 22:43:06,780 INFO  server.RaftServerConfigKeys (ConfUtils.java:logGet(43)) - raft.server.retrycache.expirytime = 600000ms (custom)
2019-07-13 22:43:06,780 INFO  impl.RaftServerImpl (RaftServerImpl.java:start(180)) - 7221a50d-169b-4b76-8489-c824735d1007: start group-140D8C8A0AAB
2019-07-13 22:43:06,780 INFO  impl.RaftServerImpl (RaftServerImpl.java:start(180)) - 1a7d42c9-30ae-494c-a633-8f230c07f01a: start group-140D8C8A0AAB
2019-07-13 22:43:06,780 INFO  impl.RaftServerImpl (RaftServerImpl.java:setRole(171)) - 7221a50d-169b-4b76-8489-c824735d1007:group-140D8C8A0AAB changes role from null to FOLLOWER at term 0 for startAsFollower
2019-07-13 22:43:06,780 INFO  impl.RaftServerImpl (RaftServerImpl.java:setRole(171)) - 1a7d42c9-30ae-494c-a633-8f230c07f01a:group-140D8C8A0AAB changes role from null to FOLLOWER at term 0 for startAsFollower
2019-07-13 22:43:06,782 INFO  impl.RoleInfo (RoleInfo.java:updateAndGet(143)) - 7221a50d-169b-4b76-8489-c824735d1007: start FollowerState
2019-07-13 22:43:06,782 INFO  impl.RoleInfo (RoleInfo.java:updateAndGet(143)) - 1a7d42c9-30ae-494c-a633-8f230c07f01a: start FollowerState
2019-07-13 22:43:06,782 INFO  util.JmxRegister (JmxRegister.java:tryRegister(44)) - Successfully registered JMX Bean with object name Ratis:service=RaftServer,group=group-140D8C8A0AAB,id=7221a50d-169b-4b76-8489-c824735d1007
2019-07-13 22:43:06,784 INFO  util.JmxRegister (JmxRegister.java:tryRegister(44)) - Successfully registered JMX Bean with object name Ratis:service=RaftServer,group=group-140D8C8A0AAB,id=1a7d42c9-30ae-494c-a633-8f230c07f01a
2019-07-13 22:43:06,797 INFO  pipeline.PipelineStateManager (PipelineStateManager.java:addPipeline(56)) - Created pipeline Pipeline[ Id: 0a199ce7-4259-4d61-ad14-140d8c8a0aab, Nodes: 7221a50d-169b-4b76-8489-c824735d1007{ip: 192.168.5.159, host: trunk-nightly-x8m8d-1534914823, networkLocation: /default-rack, certSerialId: null}1a7d42c9-30ae-494c-a633-8f230c07f01a{ip: 192.168.5.159, host: trunk-nightly-x8m8d-1534914823, networkLocation: /default-rack, certSerialId: null}0f3acd4c-1ccf-4418-b1d4-38217ff2445b{ip: 192.168.5.159, host: trunk-nightly-x8m8d-1534914823, networkLocation: /default-rack, certSerialId: null}, Type:RATIS, Factor:THREE, State:OPEN]
2019-07-13 22:43:06,971 INFO  ozone.MiniOzoneClusterImpl (MiniOzoneClusterImpl.java:lambda$waitForClusterToBeReady$0(142)) - Cluster is ready. Got 7 of 7 DN Heartbeats.
2019-07-13 22:43:07,311 INFO  rpc.RpcClient (RpcClient.java:createVolume(287)) - Creating Volume: testblockoutputstreamwithretries, with jenkins1000 as owner.
2019-07-13 22:43:07,369 INFO  rpc.RpcClient (RpcClient.java:createBucket(424)) - Creating Bucket: testblockoutputstreamwithretries/testblockoutputstreamwithretries, with Versioning false and Storage Type set to DISK and Encryption set to false 
2019-07-13 22:43:07,628 INFO  client.GrpcClientProtocolClient (GrpcClientProtocolClient.java:onNext(255)) - client-57C76C119131->7221a50d-169b-4b76-8489-c824735d1007: receive RaftClientReply:client-57C76C119131->7221a50d-169b-4b76-8489-c824735d1007@group-140D8C8A0AAB, cid=13, FAILED org.apache.ratis.protocol.NotLeaderException: Server 7221a50d-169b-4b76-8489-c824735d1007 is not the leader (null). Request must be sent to leader., logIndex=0, commits[7221a50d-169b-4b76-8489-c824735d1007:c-1]
2019-07-13 22:43:07,864 INFO  container.ReplicationManager (ReplicationManager.java:start(155)) - Starting Replication Monitor Thread.
2019-07-13 22:43:07,869 INFO  container.ReplicationManager (ReplicationManager.java:run(207)) - Replication Monitor Thread took 4 milliseconds for processing 1 containers.
2019-07-13 22:43:08,679 INFO  client.GrpcClientProtocolClient (GrpcClientProtocolClient.java:onNext(255)) - client-57C76C119131->0f3acd4c-1ccf-4418-b1d4-38217ff2445b: receive RaftClientReply:client-57C76C119131->0f3acd4c-1ccf-4418-b1d4-38217ff2445b@group-140D8C8A0AAB, cid=13, FAILED org.apache.ratis.protocol.NotLeaderException: Server 0f3acd4c-1ccf-4418-b1d4-38217ff2445b is not the leader (null). Request must be sent to leader., logIndex=0, commits[0f3acd4c-1ccf-4418-b1d4-38217ff2445b:c-1]
2019-07-13 22:43:09,705 INFO  client.GrpcClientProtocolClient (GrpcClientProtocolClient.java:onNext(255)) - client-57C76C119131->7221a50d-169b-4b76-8489-c824735d1007: receive RaftClientReply:client-57C76C119131->7221a50d-169b-4b76-8489-c824735d1007@group-140D8C8A0AAB, cid=13, FAILED org.apache.ratis.protocol.NotLeaderException: Server 7221a50d-169b-4b76-8489-c824735d1007 is not the leader (null). Request must be sent to leader., logIndex=0, commits[7221a50d-169b-4b76-8489-c824735d1007:c-1]
2019-07-13 22:43:10,733 INFO  client.GrpcClientProtocolClient (GrpcClientProtocolClient.java:onNext(255)) - client-57C76C119131->1a7d42c9-30ae-494c-a633-8f230c07f01a: receive RaftClientReply:client-57C76C119131->1a7d42c9-30ae-494c-a633-8f230c07f01a@group-140D8C8A0AAB, cid=13, FAILED org.apache.ratis.protocol.NotLeaderException: Server 1a7d42c9-30ae-494c-a633-8f230c07f01a is not the leader (null). Request must be sent to leader., logIndex=0, commits[1a7d42c9-30ae-494c-a633-8f230c07f01a:c-1]
2019-07-13 22:43:11,088 INFO  impl.FollowerState (FollowerState.java:run(106)) - 8f8eab75-0175-460a-95dd-0d4271bcd0a2:group-75B2F3CC18CF changes to CANDIDATE, lastRpcTime:5048, electionTimeout:5047ms
2019-07-13 22:43:11,088 INFO  impl.RoleInfo (RoleInfo.java:shutdownFollowerState(121)) - 8f8eab75-0175-460a-95dd-0d4271bcd0a2: shutdown FollowerState
2019-07-13 22:43:11,088 INFO  impl.RaftServerImpl (RaftServerImpl.java:setRole(171)) - 8f8eab75-0175-460a-95dd-0d4271bcd0a2:group-75B2F3CC18CF changes role from FOLLOWER to CANDIDATE at term 0 for changeToCandidate
2019-07-13 22:43:11,096 INFO  impl.RoleInfo (RoleInfo.java:updateAndGet(143)) - 8f8eab75-0175-460a-95dd-0d4271bcd0a2: start LeaderElection
2019-07-13 22:43:11,126 INFO  impl.LeaderElection (LeaderElection.java:askForVotes(181)) - 8f8eab75-0175-460a-95dd-0d4271bcd0a2:group-75B2F3CC18CF:LeaderElection1: begin an election at term 1 for -1: [8f8eab75-0175-460a-95dd-0d4271bcd0a2:192.168.5.159:46470], old=null
2019-07-13 22:43:11,128 INFO  impl.RoleInfo (RoleInfo.java:shutdownLeaderElection(134)) - 8f8eab75-0175-460a-95dd-0d4271bcd0a2: shutdown LeaderElection
2019-07-13 22:43:11,129 INFO  impl.RaftServerImpl (RaftServerImpl.java:setRole(171)) - 8f8eab75-0175-460a-95dd-0d4271bcd0a2:group-75B2F3CC18CF changes role from CANDIDATE to LEADER at term 1 for changeToLeader
2019-07-13 22:43:11,129 INFO  impl.RaftServerImpl (ServerState.java:setLeader(263)) - 8f8eab75-0175-460a-95dd-0d4271bcd0a2:group-75B2F3CC18CF change Leader from null to 8f8eab75-0175-460a-95dd-0d4271bcd0a2 at term 1 for becomeLeader, leader elected after 5184ms
2019-07-13 22:43:11,139 INFO  server.RaftServerConfigKeys (ConfUtils.java:logGet(43)) - raft.server.staging.catchup.gap = 1000 (default)
2019-07-13 22:43:11,140 INFO  server.RaftServerConfigKeys (ConfUtils.java:logGet(43)) - raft.server.rpc.sleep.time = 25ms (default)
2019-07-13 22:43:11,143 INFO  server.RaftServerConfigKeys (ConfUtils.java:logGet(43)) - raft.server.write.element-limit = 4096 (default)
2019-07-13 22:43:11,147 INFO  server.RaftServerConfigKeys (ConfUtils.java:logGet(43)) - raft.server.watch.timeout = 10s (default)
2019-07-13 22:43:11,147 INFO  server.RaftServerConfigKeys (ConfUtils.java:logGet(43)) - raft.server.watch.timeout.denomination = 1s (default)
2019-07-13 22:43:11,148 INFO  server.RaftServerConfigKeys (ConfUtils.java:logGet(43)) - raft.server.watch.element-limit = 65536 (default)
2019-07-13 22:43:11,160 INFO  impl.RoleInfo (RoleInfo.java:updateAndGet(143)) - 8f8eab75-0175-460a-95dd-0d4271bcd0a2: start LeaderState
2019-07-13 22:43:11,203 INFO  segmented.SegmentedRaftLogWorker (SegmentedRaftLogWorker.java:startLogSegment(380)) - 8f8eab75-0175-460a-95dd-0d4271bcd0a2-SegmentedRaftLogWorker:Storage Directory /tmp/workdir/hadoop-ozone/integration-test/target/test-dir/MiniOzoneClusterImpl-61a6064b-b46c-40a5-8a2c-660942024b76/datanode-0/data/ratis/6dc37ec0-8b2c-4880-9fbb-75b2f3cc18cf: Starting segment from index:0
2019-07-13 22:43:11,217 INFO  impl.RaftServerImpl (ServerState.java:setRaftConf(361)) - 8f8eab75-0175-460a-95dd-0d4271bcd0a2:group-75B2F3CC18CF set configuration 0: [8f8eab75-0175-460a-95dd-0d4271bcd0a2:192.168.5.159:46470], old=null at 0
2019-07-13 22:43:11,373 INFO  impl.FollowerState (FollowerState.java:run(106)) - 1eafab87-0301-40c0-9717-194aaf9a5d3b:group-6291A1B9D90E changes to CANDIDATE, lastRpcTime:5056, electionTimeout:5056ms
2019-07-13 22:43:11,376 INFO  impl.RoleInfo (RoleInfo.java:shutdownFollowerState(121)) - 1eafab87-0301-40c0-9717-194aaf9a5d3b: shutdown FollowerState
2019-07-13 22:43:11,376 INFO  impl.RaftServerImpl (RaftServerImpl.java:setRole(171)) - 1eafab87-0301-40c0-9717-194aaf9a5d3b:group-6291A1B9D90E changes role from FOLLOWER to CANDIDATE at term 0 for changeToCandidate
2019-07-13 22:43:11,376 INFO  impl.RoleInfo (RoleInfo.java:updateAndGet(143)) - 1eafab87-0301-40c0-9717-194aaf9a5d3b: start LeaderElection
2019-07-13 22:43:11,389 INFO  impl.LeaderElection (LeaderElection.java:askForVotes(181)) - 1eafab87-0301-40c0-9717-194aaf9a5d3b:group-6291A1B9D90E:LeaderElection2: begin an election at term 1 for -1: [1eafab87-0301-40c0-9717-194aaf9a5d3b:192.168.5.159:43655], old=null
2019-07-13 22:43:11,400 INFO  impl.RoleInfo (RoleInfo.java:shutdownLeaderElection(134)) - 1eafab87-0301-40c0-9717-194aaf9a5d3b: shutdown LeaderElection
2019-07-13 22:43:11,400 INFO  impl.RaftServerImpl (RaftServerImpl.java:setRole(171)) - 1eafab87-0301-40c0-9717-194aaf9a5d3b:group-6291A1B9D90E changes role from CANDIDATE to LEADER at term 1 for changeToLeader
2019-07-13 22:43:11,400 INFO  impl.RaftServerImpl (ServerState.java:setLeader(263)) - 1eafab87-0301-40c0-9717-194aaf9a5d3b:group-6291A1B9D90E change Leader from null to 1eafab87-0301-40c0-9717-194aaf9a5d3b at term 1 for becomeLeader, leader elected after 5089ms
2019-07-13 22:43:11,403 INFO  server.RaftServerConfigKeys (ConfUtils.java:logGet(43)) - raft.server.staging.catchup.gap = 1000 (default)
2019-07-13 22:43:11,403 INFO  server.RaftServerConfigKeys (ConfUtils.java:logGet(43)) - raft.server.rpc.sleep.time = 25ms (default)
2019-07-13 22:43:11,403 INFO  server.RaftServerConfigKeys (ConfUtils.java:logGet(43)) - raft.server.write.element-limit = 4096 (default)
2019-07-13 22:43:11,403 INFO  server.RaftServerConfigKeys (ConfUtils.java:logGet(43)) - raft.server.watch.timeout = 10s (default)
2019-07-13 22:43:11,403 INFO  server.RaftServerConfigKeys (ConfUtils.java:logGet(43)) - raft.server.watch.timeout.denomination = 1s (default)
2019-07-13 22:43:11,406 INFO  server.RaftServerConfigKeys (ConfUtils.java:logGet(43)) - raft.server.watch.element-limit = 65536 (default)
2019-07-13 22:43:11,406 INFO  impl.RoleInfo (RoleInfo.java:updateAndGet(143)) - 1eafab87-0301-40c0-9717-194aaf9a5d3b: start LeaderState
2019-07-13 22:43:11,407 INFO  segmented.SegmentedRaftLogWorker (SegmentedRaftLogWorker.java:startLogSegment(380)) - 1eafab87-0301-40c0-9717-194aaf9a5d3b-SegmentedRaftLogWorker:Storage Directory /tmp/workdir/hadoop-ozone/integration-test/target/test-dir/MiniOzoneClusterImpl-61a6064b-b46c-40a5-8a2c-660942024b76/datanode-5/data/ratis/37999338-d638-47e7-8b77-6291a1b9d90e: Starting segment from index:0
2019-07-13 22:43:11,407 INFO  impl.RaftServerImpl (ServerState.java:setRaftConf(361)) - 1eafab87-0301-40c0-9717-194aaf9a5d3b:group-6291A1B9D90E set configuration 0: [1eafab87-0301-40c0-9717-194aaf9a5d3b:192.168.5.159:43655], old=null at 0
2019-07-13 22:43:11,425 INFO  segmented.SegmentedRaftLogWorker (SegmentedRaftLogWorker.java:execute(569)) - 8f8eab75-0175-460a-95dd-0d4271bcd0a2-SegmentedRaftLogWorker:Storage Directory /tmp/workdir/hadoop-ozone/integration-test/target/test-dir/MiniOzoneClusterImpl-61a6064b-b46c-40a5-8a2c-660942024b76/datanode-0/data/ratis/6dc37ec0-8b2c-4880-9fbb-75b2f3cc18cf: created new log segment /tmp/workdir/hadoop-ozone/integration-test/target/test-dir/MiniOzoneClusterImpl-61a6064b-b46c-40a5-8a2c-660942024b76/datanode-0/data/ratis/6dc37ec0-8b2c-4880-9fbb-75b2f3cc18cf/current/log_inprogress_0
2019-07-13 22:43:11,425 INFO  impl.FollowerState (FollowerState.java:run(106)) - 4adb445a-e83e-44ce-ae55-701246e0e5b4:group-FA42CB45C019 changes to CANDIDATE, lastRpcTime:5190, electionTimeout:5184ms
2019-07-13 22:43:11,425 INFO  impl.RoleInfo (RoleInfo.java:shutdownFollowerState(121)) - 4adb445a-e83e-44ce-ae55-701246e0e5b4: shutdown FollowerState
2019-07-13 22:43:11,425 INFO  impl.RaftServerImpl (RaftServerImpl.java:setRole(171)) - 4adb445a-e83e-44ce-ae55-701246e0e5b4:group-FA42CB45C019 changes role from FOLLOWER to CANDIDATE at term 0 for changeToCandidate
2019-07-13 22:43:11,425 INFO  impl.RoleInfo (RoleInfo.java:updateAndGet(143)) - 4adb445a-e83e-44ce-ae55-701246e0e5b4: start LeaderElection
2019-07-13 22:43:11,438 INFO  segmented.SegmentedRaftLogWorker (SegmentedRaftLogWorker.java:execute(569)) - 1eafab87-0301-40c0-9717-194aaf9a5d3b-SegmentedRaftLogWorker:Storage Directory /tmp/workdir/hadoop-ozone/integration-test/target/test-dir/MiniOzoneClusterImpl-61a6064b-b46c-40a5-8a2c-660942024b76/datanode-5/data/ratis/37999338-d638-47e7-8b77-6291a1b9d90e: created new log segment /tmp/workdir/hadoop-ozone/integration-test/target/test-dir/MiniOzoneClusterImpl-61a6064b-b46c-40a5-8a2c-660942024b76/datanode-5/data/ratis/37999338-d638-47e7-8b77-6291a1b9d90e/current/log_inprogress_0
2019-07-13 22:43:11,440 INFO  impl.LeaderElection (LeaderElection.java:askForVotes(181)) - 4adb445a-e83e-44ce-ae55-701246e0e5b4:group-FA42CB45C019:LeaderElection3: begin an election at term 1 for -1: [4adb445a-e83e-44ce-ae55-701246e0e5b4:192.168.5.159:43271], old=null
2019-07-13 22:43:11,440 INFO  impl.RoleInfo (RoleInfo.java:shutdownLeaderElection(134)) - 4adb445a-e83e-44ce-ae55-701246e0e5b4: shutdown LeaderElection
2019-07-13 22:43:11,440 INFO  impl.RaftServerImpl (RaftServerImpl.java:setRole(171)) - 4adb445a-e83e-44ce-ae55-701246e0e5b4:group-FA42CB45C019 changes role from CANDIDATE to LEADER at term 1 for changeToLeader
2019-07-13 22:43:11,440 INFO  impl.RaftServerImpl (ServerState.java:setLeader(263)) - 4adb445a-e83e-44ce-ae55-701246e0e5b4:group-FA42CB45C019 change Leader from null to 4adb445a-e83e-44ce-ae55-701246e0e5b4 at term 1 for becomeLeader, leader elected after 5212ms
2019-07-13 22:43:11,442 INFO  server.RaftServerConfigKeys (ConfUtils.java:logGet(43)) - raft.server.staging.catchup.gap = 1000 (default)
2019-07-13 22:43:11,443 INFO  server.RaftServerConfigKeys (ConfUtils.java:logGet(43)) - raft.server.rpc.sleep.time = 25ms (default)
2019-07-13 22:43:11,443 INFO  server.RaftServerConfigKeys (ConfUtils.java:logGet(43)) - raft.server.write.element-limit = 4096 (default)
2019-07-13 22:43:11,443 INFO  server.RaftServerConfigKeys (ConfUtils.java:logGet(43)) - raft.server.watch.timeout = 10s (default)
2019-07-13 22:43:11,443 INFO  server.RaftServerConfigKeys (ConfUtils.java:logGet(43)) - raft.server.watch.timeout.denomination = 1s (default)
2019-07-13 22:43:11,443 INFO  server.RaftServerConfigKeys (ConfUtils.java:logGet(43)) - raft.server.watch.element-limit = 65536 (default)
2019-07-13 22:43:11,443 INFO  impl.RoleInfo (RoleInfo.java:updateAndGet(143)) - 4adb445a-e83e-44ce-ae55-701246e0e5b4: start LeaderState
2019-07-13 22:43:11,444 INFO  segmented.SegmentedRaftLogWorker (SegmentedRaftLogWorker.java:startLogSegment(380)) - 4adb445a-e83e-44ce-ae55-701246e0e5b4-SegmentedRaftLogWorker:Storage Directory /tmp/workdir/hadoop-ozone/integration-test/target/test-dir/MiniOzoneClusterImpl-61a6064b-b46c-40a5-8a2c-660942024b76/datanode-3/data/ratis/d85fc3eb-c7a7-410c-8fa1-fa42cb45c019: Starting segment from index:0
2019-07-13 22:43:11,444 INFO  impl.RaftServerImpl (ServerState.java:setRaftConf(361)) - 4adb445a-e83e-44ce-ae55-701246e0e5b4:group-FA42CB45C019 set configuration 0: [4adb445a-e83e-44ce-ae55-701246e0e5b4:192.168.5.159:43271], old=null at 0
2019-07-13 22:43:11,474 INFO  segmented.SegmentedRaftLogWorker (SegmentedRaftLogWorker.java:execute(569)) - 4adb445a-e83e-44ce-ae55-701246e0e5b4-SegmentedRaftLogWorker:Storage Directory /tmp/workdir/hadoop-ozone/integration-test/target/test-dir/MiniOzoneClusterImpl-61a6064b-b46c-40a5-8a2c-660942024b76/datanode-3/data/ratis/d85fc3eb-c7a7-410c-8fa1-fa42cb45c019: created new log segment /tmp/workdir/hadoop-ozone/integration-test/target/test-dir/MiniOzoneClusterImpl-61a6064b-b46c-40a5-8a2c-660942024b76/datanode-3/data/ratis/d85fc3eb-c7a7-410c-8fa1-fa42cb45c019/current/log_inprogress_0
2019-07-13 22:43:11,496 INFO  impl.FollowerState (FollowerState.java:run(106)) - 7221a50d-169b-4b76-8489-c824735d1007:group-F274E202B35C changes to CANDIDATE, lastRpcTime:5110, electionTimeout:5110ms
2019-07-13 22:43:11,496 INFO  impl.RoleInfo (RoleInfo.java:shutdownFollowerState(121)) - 7221a50d-169b-4b76-8489-c824735d1007: shutdown FollowerState
2019-07-13 22:43:11,496 INFO  impl.RaftServerImpl (RaftServerImpl.java:setRole(171)) - 7221a50d-169b-4b76-8489-c824735d1007:group-F274E202B35C changes role from FOLLOWER to CANDIDATE at term 0 for changeToCandidate
2019-07-13 22:43:11,496 INFO  impl.RoleInfo (RoleInfo.java:updateAndGet(143)) - 7221a50d-169b-4b76-8489-c824735d1007: start LeaderElection
2019-07-13 22:43:11,507 INFO  impl.LeaderElection (LeaderElection.java:askForVotes(181)) - 7221a50d-169b-4b76-8489-c824735d1007:group-F274E202B35C:LeaderElection4: begin an election at term 1 for -1: [7221a50d-169b-4b76-8489-c824735d1007:192.168.5.159:43191], old=null
2019-07-13 22:43:11,509 INFO  impl.RoleInfo (RoleInfo.java:shutdownLeaderElection(134)) - 7221a50d-169b-4b76-8489-c824735d1007: shutdown LeaderElection
2019-07-13 22:43:11,509 INFO  impl.RaftServerImpl (RaftServerImpl.java:setRole(171)) - 7221a50d-169b-4b76-8489-c824735d1007:group-F274E202B35C changes role from CANDIDATE to LEADER at term 1 for changeToLeader
2019-07-13 22:43:11,509 INFO  impl.RaftServerImpl (ServerState.java:setLeader(263)) - 7221a50d-169b-4b76-8489-c824735d1007:group-F274E202B35C change Leader from null to 7221a50d-169b-4b76-8489-c824735d1007 at term 1 for becomeLeader, leader elected after 5129ms
2019-07-13 22:43:11,510 INFO  server.RaftServerConfigKeys (ConfUtils.java:logGet(43)) - raft.server.staging.catchup.gap = 1000 (default)
2019-07-13 22:43:11,511 INFO  server.RaftServerConfigKeys (ConfUtils.java:logGet(43)) - raft.server.rpc.sleep.time = 25ms (default)
2019-07-13 22:43:11,511 INFO  server.RaftServerConfigKeys (ConfUtils.java:logGet(43)) - raft.server.write.element-limit = 4096 (default)
2019-07-13 22:43:11,511 INFO  server.RaftServerConfigKeys (ConfUtils.java:logGet(43)) - raft.server.watch.timeout = 10s (default)
2019-07-13 22:43:11,511 INFO  server.RaftServerConfigKeys (ConfUtils.java:logGet(43)) - raft.server.watch.timeout.denomination = 1s (default)
2019-07-13 22:43:11,511 INFO  server.RaftServerConfigKeys (ConfUtils.java:logGet(43)) - raft.server.watch.element-limit = 65536 (default)
2019-07-13 22:43:11,512 INFO  impl.RoleInfo (RoleInfo.java:updateAndGet(143)) - 7221a50d-169b-4b76-8489-c824735d1007: start LeaderState
2019-07-13 22:43:11,512 INFO  segmented.SegmentedRaftLogWorker (SegmentedRaftLogWorker.java:startLogSegment(380)) - 7221a50d-169b-4b76-8489-c824735d1007-SegmentedRaftLogWorker:Storage Directory /tmp/workdir/hadoop-ozone/integration-test/target/test-dir/MiniOzoneClusterImpl-61a6064b-b46c-40a5-8a2c-660942024b76/datanode-6/data/ratis/9deceff7-0146-4160-a27b-f274e202b35c: Starting segment from index:0
2019-07-13 22:43:11,512 INFO  impl.RaftServerImpl (ServerState.java:setRaftConf(361)) - 7221a50d-169b-4b76-8489-c824735d1007:group-F274E202B35C set configuration 0: [7221a50d-169b-4b76-8489-c824735d1007:192.168.5.159:43191], old=null at 0
2019-07-13 22:43:11,532 INFO  segmented.SegmentedRaftLogWorker (SegmentedRaftLogWorker.java:execute(569)) - 7221a50d-169b-4b76-8489-c824735d1007-SegmentedRaftLogWorker:Storage Directory /tmp/workdir/hadoop-ozone/integration-test/target/test-dir/MiniOzoneClusterImpl-61a6064b-b46c-40a5-8a2c-660942024b76/datanode-6/data/ratis/9deceff7-0146-4160-a27b-f274e202b35c: created new log segment /tmp/workdir/hadoop-ozone/integration-test/target/test-dir/MiniOzoneClusterImpl-61a6064b-b46c-40a5-8a2c-660942024b76/datanode-6/data/ratis/9deceff7-0146-4160-a27b-f274e202b35c/current/log_inprogress_0
2019-07-13 22:43:11,574 INFO  impl.FollowerState (FollowerState.java:run(106)) - 1a7d42c9-30ae-494c-a633-8f230c07f01a:group-D6566DBE630A changes to CANDIDATE, lastRpcTime:5120, electionTimeout:5120ms
2019-07-13 22:43:11,574 INFO  impl.RoleInfo (RoleInfo.java:shutdownFollowerState(121)) - 1a7d42c9-30ae-494c-a633-8f230c07f01a: shutdown FollowerState
2019-07-13 22:43:11,574 INFO  impl.RaftServerImpl (RaftServerImpl.java:setRole(171)) - 1a7d42c9-30ae-494c-a633-8f230c07f01a:group-D6566DBE630A changes role from FOLLOWER to CANDIDATE at term 0 for changeToCandidate
2019-07-13 22:43:11,574 INFO  impl.RoleInfo (RoleInfo.java:updateAndGet(143)) - 1a7d42c9-30ae-494c-a633-8f230c07f01a: start LeaderElection
2019-07-13 22:43:11,590 INFO  impl.FollowerState (FollowerState.java:run(106)) - 0f3acd4c-1ccf-4418-b1d4-38217ff2445b:group-BA4EC7D4FD4E changes to CANDIDATE, lastRpcTime:5067, electionTimeout:5067ms
2019-07-13 22:43:11,591 INFO  impl.RoleInfo (RoleInfo.java:shutdownFollowerState(121)) - 0f3acd4c-1ccf-4418-b1d4-38217ff2445b: shutdown FollowerState
2019-07-13 22:43:11,591 INFO  impl.RaftServerImpl (RaftServerImpl.java:setRole(171)) - 0f3acd4c-1ccf-4418-b1d4-38217ff2445b:group-BA4EC7D4FD4E changes role from FOLLOWER to CANDIDATE at term 0 for changeToCandidate
2019-07-13 22:43:11,591 INFO  impl.LeaderElection (LeaderElection.java:askForVotes(181)) - 1a7d42c9-30ae-494c-a633-8f230c07f01a:group-D6566DBE630A:LeaderElection5: begin an election at term 1 for -1: [1a7d42c9-30ae-494c-a633-8f230c07f01a:192.168.5.159:38382], old=null
2019-07-13 22:43:11,592 INFO  impl.RoleInfo (RoleInfo.java:updateAndGet(143)) - 0f3acd4c-1ccf-4418-b1d4-38217ff2445b: start LeaderElection
2019-07-13 22:43:11,592 INFO  impl.RoleInfo (RoleInfo.java:shutdownLeaderElection(134)) - 1a7d42c9-30ae-494c-a633-8f230c07f01a: shutdown LeaderElection
2019-07-13 22:43:11,592 INFO  impl.RaftServerImpl (RaftServerImpl.java:setRole(171)) - 1a7d42c9-30ae-494c-a633-8f230c07f01a:group-D6566DBE630A changes role from CANDIDATE to LEADER at term 1 for changeToLeader
2019-07-13 22:43:11,596 INFO  impl.RaftServerImpl (ServerState.java:setLeader(263)) - 1a7d42c9-30ae-494c-a633-8f230c07f01a:group-D6566DBE630A change Leader from null to 1a7d42c9-30ae-494c-a633-8f230c07f01a at term 1 for becomeLeader, leader elected after 5148ms
2019-07-13 22:43:11,598 INFO  server.RaftServerConfigKeys (ConfUtils.java:logGet(43)) - raft.server.staging.catchup.gap = 1000 (default)
2019-07-13 22:43:11,598 INFO  server.RaftServerConfigKeys (ConfUtils.java:logGet(43)) - raft.server.rpc.sleep.time = 25ms (default)
2019-07-13 22:43:11,598 INFO  server.RaftServerConfigKeys (ConfUtils.java:logGet(43)) - raft.server.write.element-limit = 4096 (default)
2019-07-13 22:43:11,599 INFO  server.RaftServerConfigKeys (ConfUtils.java:logGet(43)) - raft.server.watch.timeout = 10s (default)
2019-07-13 22:43:11,599 INFO  server.RaftServerConfigKeys (ConfUtils.java:logGet(43)) - raft.server.watch.timeout.denomination = 1s (default)
2019-07-13 22:43:11,599 INFO  server.RaftServerConfigKeys (ConfUtils.java:logGet(43)) - raft.server.watch.element-limit = 65536 (default)
2019-07-13 22:43:11,599 INFO  impl.RoleInfo (RoleInfo.java:updateAndGet(143)) - 1a7d42c9-30ae-494c-a633-8f230c07f01a: start LeaderState
2019-07-13 22:43:11,600 INFO  segmented.SegmentedRaftLogWorker (SegmentedRaftLogWorker.java:startLogSegment(380)) - 1a7d42c9-30ae-494c-a633-8f230c07f01a-SegmentedRaftLogWorker:Storage Directory /tmp/workdir/hadoop-ozone/integration-test/target/test-dir/MiniOzoneClusterImpl-61a6064b-b46c-40a5-8a2c-660942024b76/datanode-2/data/ratis/560ab533-0c86-4378-b829-d6566dbe630a: Starting segment from index:0
2019-07-13 22:43:11,600 INFO  impl.RaftServerImpl (ServerState.java:setRaftConf(361)) - 1a7d42c9-30ae-494c-a633-8f230c07f01a:group-D6566DBE630A set configuration 0: [1a7d42c9-30ae-494c-a633-8f230c07f01a:192.168.5.159:38382], old=null at 0
2019-07-13 22:43:11,615 INFO  impl.LeaderElection (LeaderElection.java:askForVotes(181)) - 0f3acd4c-1ccf-4418-b1d4-38217ff2445b:group-BA4EC7D4FD4E:LeaderElection6: begin an election at term 1 for -1: [0f3acd4c-1ccf-4418-b1d4-38217ff2445b:192.168.5.159:34260], old=null
2019-07-13 22:43:11,615 INFO  impl.RoleInfo (RoleInfo.java:shutdownLeaderElection(134)) - 0f3acd4c-1ccf-4418-b1d4-38217ff2445b: shutdown LeaderElection
2019-07-13 22:43:11,615 INFO  impl.RaftServerImpl (RaftServerImpl.java:setRole(171)) - 0f3acd4c-1ccf-4418-b1d4-38217ff2445b:group-BA4EC7D4FD4E changes role from CANDIDATE to LEADER at term 1 for changeToLeader
2019-07-13 22:43:11,615 INFO  impl.RaftServerImpl (ServerState.java:setLeader(263)) - 0f3acd4c-1ccf-4418-b1d4-38217ff2445b:group-BA4EC7D4FD4E change Leader from null to 0f3acd4c-1ccf-4418-b1d4-38217ff2445b at term 1 for becomeLeader, leader elected after 5098ms
2019-07-13 22:43:11,617 INFO  server.RaftServerConfigKeys (ConfUtils.java:logGet(43)) - raft.server.staging.catchup.gap = 1000 (default)
2019-07-13 22:43:11,617 INFO  server.RaftServerConfigKeys (ConfUtils.java:logGet(43)) - raft.server.rpc.sleep.time = 25ms (default)
2019-07-13 22:43:11,617 INFO  server.RaftServerConfigKeys (ConfUtils.java:logGet(43)) - raft.server.write.element-limit = 4096 (default)
2019-07-13 22:43:11,617 INFO  server.RaftServerConfigKeys (ConfUtils.java:logGet(43)) - raft.server.watch.timeout = 10s (default)
2019-07-13 22:43:11,617 INFO  server.RaftServerConfigKeys (ConfUtils.java:logGet(43)) - raft.server.watch.timeout.denomination = 1s (default)
2019-07-13 22:43:11,617 INFO  server.RaftServerConfigKeys (ConfUtils.java:logGet(43)) - raft.server.watch.element-limit = 65536 (default)
2019-07-13 22:43:11,618 INFO  impl.RoleInfo (RoleInfo.java:updateAndGet(143)) - 0f3acd4c-1ccf-4418-b1d4-38217ff2445b: start LeaderState
2019-07-13 22:43:11,618 INFO  segmented.SegmentedRaftLogWorker (SegmentedRaftLogWorker.java:startLogSegment(380)) - 0f3acd4c-1ccf-4418-b1d4-38217ff2445b-SegmentedRaftLogWorker:Storage Directory /tmp/workdir/hadoop-ozone/integration-test/target/test-dir/MiniOzoneClusterImpl-61a6064b-b46c-40a5-8a2c-660942024b76/datanode-1/data/ratis/ae409458-127b-4a4f-8274-ba4ec7d4fd4e: Starting segment from index:0
2019-07-13 22:43:11,618 INFO  impl.RaftServerImpl (ServerState.java:setRaftConf(361)) - 0f3acd4c-1ccf-4418-b1d4-38217ff2445b:group-BA4EC7D4FD4E set configuration 0: [0f3acd4c-1ccf-4418-b1d4-38217ff2445b:192.168.5.159:34260], old=null at 0
2019-07-13 22:43:11,618 INFO  segmented.SegmentedRaftLogWorker (SegmentedRaftLogWorker.java:execute(569)) - 1a7d42c9-30ae-494c-a633-8f230c07f01a-SegmentedRaftLogWorker:Storage Directory /tmp/workdir/hadoop-ozone/integration-test/target/test-dir/MiniOzoneClusterImpl-61a6064b-b46c-40a5-8a2c-660942024b76/datanode-2/data/ratis/560ab533-0c86-4378-b829-d6566dbe630a: created new log segment /tmp/workdir/hadoop-ozone/integration-test/target/test-dir/MiniOzoneClusterImpl-61a6064b-b46c-40a5-8a2c-660942024b76/datanode-2/data/ratis/560ab533-0c86-4378-b829-d6566dbe630a/current/log_inprogress_0
2019-07-13 22:43:11,638 INFO  segmented.SegmentedRaftLogWorker (SegmentedRaftLogWorker.java:execute(569)) - 0f3acd4c-1ccf-4418-b1d4-38217ff2445b-SegmentedRaftLogWorker:Storage Directory /tmp/workdir/hadoop-ozone/integration-test/target/test-dir/MiniOzoneClusterImpl-61a6064b-b46c-40a5-8a2c-660942024b76/datanode-1/data/ratis/ae409458-127b-4a4f-8274-ba4ec7d4fd4e: created new log segment /tmp/workdir/hadoop-ozone/integration-test/target/test-dir/MiniOzoneClusterImpl-61a6064b-b46c-40a5-8a2c-660942024b76/datanode-1/data/ratis/ae409458-127b-4a4f-8274-ba4ec7d4fd4e/current/log_inprogress_0
2019-07-13 22:43:11,737 INFO  impl.FollowerState (FollowerState.java:run(106)) - 8f8eab75-0175-460a-95dd-0d4271bcd0a2:group-EBB30435D358 changes to CANDIDATE, lastRpcTime:5049, electionTimeout:5049ms
2019-07-13 22:43:11,752 INFO  impl.RoleInfo (RoleInfo.java:shutdownFollowerState(121)) - 8f8eab75-0175-460a-95dd-0d4271bcd0a2: shutdown FollowerState
2019-07-13 22:43:11,752 INFO  impl.FollowerState (FollowerState.java:run(106)) - 27b8aa11-1529-43d1-926a-f94254e37905:group-5B824C01A96D changes to CANDIDATE, lastRpcTime:5171, electionTimeout:5158ms
2019-07-13 22:43:11,752 INFO  impl.RaftServerImpl (RaftServerImpl.java:setRole(171)) - 8f8eab75-0175-460a-95dd-0d4271bcd0a2:group-EBB30435D358 changes role from FOLLOWER to CANDIDATE at term 0 for changeToCandidate
2019-07-13 22:43:11,754 INFO  impl.RoleInfo (RoleInfo.java:shutdownFollowerState(121)) - 27b8aa11-1529-43d1-926a-f94254e37905: shutdown FollowerState
2019-07-13 22:43:11,755 INFO  impl.RaftServerImpl (RaftServerImpl.java:setRole(171)) - 27b8aa11-1529-43d1-926a-f94254e37905:group-5B824C01A96D changes role from FOLLOWER to CANDIDATE at term 0 for changeToCandidate
2019-07-13 22:43:11,755 INFO  impl.RoleInfo (RoleInfo.java:updateAndGet(143)) - 8f8eab75-0175-460a-95dd-0d4271bcd0a2: start LeaderElection
2019-07-13 22:43:11,755 INFO  impl.RoleInfo (RoleInfo.java:updateAndGet(143)) - 27b8aa11-1529-43d1-926a-f94254e37905: start LeaderElection
2019-07-13 22:43:11,769 INFO  impl.LeaderElection (LeaderElection.java:askForVotes(181)) - 27b8aa11-1529-43d1-926a-f94254e37905:group-5B824C01A96D:LeaderElection8: begin an election at term 1 for -1: [27b8aa11-1529-43d1-926a-f94254e37905:192.168.5.159:33449], old=null
2019-07-13 22:43:11,769 INFO  impl.LeaderElection (LeaderElection.java:askForVotes(181)) - 8f8eab75-0175-460a-95dd-0d4271bcd0a2:group-EBB30435D358:LeaderElection7: begin an election at term 1 for -1: [8f8eab75-0175-460a-95dd-0d4271bcd0a2:192.168.5.159:46470, 1eafab87-0301-40c0-9717-194aaf9a5d3b:192.168.5.159:43655, 4adb445a-e83e-44ce-ae55-701246e0e5b4:192.168.5.159:43271], old=null
2019-07-13 22:43:11,769 INFO  impl.RoleInfo (RoleInfo.java:shutdownLeaderElection(134)) - 27b8aa11-1529-43d1-926a-f94254e37905: shutdown LeaderElection
2019-07-13 22:43:11,769 INFO  impl.RaftServerImpl (RaftServerImpl.java:setRole(171)) - 27b8aa11-1529-43d1-926a-f94254e37905:group-5B824C01A96D changes role from CANDIDATE to LEADER at term 1 for changeToLeader
2019-07-13 22:43:11,769 INFO  impl.RaftServerImpl (ServerState.java:setLeader(263)) - 27b8aa11-1529-43d1-926a-f94254e37905:group-5B824C01A96D change Leader from null to 27b8aa11-1529-43d1-926a-f94254e37905 at term 1 for becomeLeader, leader elected after 5193ms
2019-07-13 22:43:11,771 INFO  server.RaftServerConfigKeys (ConfUtils.java:logGet(43)) - raft.server.staging.catchup.gap = 1000 (default)
2019-07-13 22:43:11,771 INFO  server.RaftServerConfigKeys (ConfUtils.java:logGet(43)) - raft.server.rpc.sleep.time = 25ms (default)
2019-07-13 22:43:11,772 INFO  server.RaftServerConfigKeys (ConfUtils.java:logGet(43)) - raft.server.write.element-limit = 4096 (default)
2019-07-13 22:43:11,772 INFO  server.RaftServerConfigKeys (ConfUtils.java:logGet(43)) - raft.server.watch.timeout = 10s (default)
2019-07-13 22:43:11,772 INFO  server.RaftServerConfigKeys (ConfUtils.java:logGet(43)) - raft.server.watch.timeout.denomination = 1s (default)
2019-07-13 22:43:11,772 INFO  server.RaftServerConfigKeys (ConfUtils.java:logGet(43)) - raft.server.watch.element-limit = 65536 (default)
2019-07-13 22:43:11,772 INFO  impl.RoleInfo (RoleInfo.java:updateAndGet(143)) - 27b8aa11-1529-43d1-926a-f94254e37905: start LeaderState
2019-07-13 22:43:11,773 INFO  segmented.SegmentedRaftLogWorker (SegmentedRaftLogWorker.java:startLogSegment(380)) - 27b8aa11-1529-43d1-926a-f94254e37905-SegmentedRaftLogWorker:Storage Directory /tmp/workdir/hadoop-ozone/integration-test/target/test-dir/MiniOzoneClusterImpl-61a6064b-b46c-40a5-8a2c-660942024b76/datanode-4/data/ratis/5da08eb3-e04b-421f-b0f1-5b824c01a96d: Starting segment from index:0
2019-07-13 22:43:11,773 INFO  impl.RaftServerImpl (ServerState.java:setRaftConf(361)) - 27b8aa11-1529-43d1-926a-f94254e37905:group-5B824C01A96D set configuration 0: [27b8aa11-1529-43d1-926a-f94254e37905:192.168.5.159:33449], old=null at 0
2019-07-13 22:43:11,799 INFO  impl.FollowerState (FollowerState.java:run(106)) - 4adb445a-e83e-44ce-ae55-701246e0e5b4:group-EBB30435D358 changes to CANDIDATE, lastRpcTime:5122, electionTimeout:5122ms
2019-07-13 22:43:11,800 INFO  impl.RoleInfo (RoleInfo.java:shutdownFollowerState(121)) - 4adb445a-e83e-44ce-ae55-701246e0e5b4: shutdown FollowerState
2019-07-13 22:43:11,800 INFO  impl.RaftServerImpl (RaftServerImpl.java:setRole(171)) - 4adb445a-e83e-44ce-ae55-701246e0e5b4:group-EBB30435D358 changes role from FOLLOWER to CANDIDATE at term 0 for changeToCandidate
2019-07-13 22:43:11,800 INFO  impl.RoleInfo (RoleInfo.java:updateAndGet(143)) - 4adb445a-e83e-44ce-ae55-701246e0e5b4: start LeaderElection
2019-07-13 22:43:11,807 INFO  segmented.SegmentedRaftLogWorker (SegmentedRaftLogWorker.java:execute(569)) - 27b8aa11-1529-43d1-926a-f94254e37905-SegmentedRaftLogWorker:Storage Directory /tmp/workdir/hadoop-ozone/integration-test/target/test-dir/MiniOzoneClusterImpl-61a6064b-b46c-40a5-8a2c-660942024b76/datanode-4/data/ratis/5da08eb3-e04b-421f-b0f1-5b824c01a96d: created new log segment /tmp/workdir/hadoop-ozone/integration-test/target/test-dir/MiniOzoneClusterImpl-61a6064b-b46c-40a5-8a2c-660942024b76/datanode-4/data/ratis/5da08eb3-e04b-421f-b0f1-5b824c01a96d/current/log_inprogress_0
2019-07-13 22:43:11,823 INFO  impl.LeaderElection (LeaderElection.java:askForVotes(181)) - 4adb445a-e83e-44ce-ae55-701246e0e5b4:group-EBB30435D358:LeaderElection9: begin an election at term 1 for -1: [8f8eab75-0175-460a-95dd-0d4271bcd0a2:192.168.5.159:46470, 1eafab87-0301-40c0-9717-194aaf9a5d3b:192.168.5.159:43655, 4adb445a-e83e-44ce-ae55-701246e0e5b4:192.168.5.159:43271], old=null
2019-07-13 22:43:11,826 INFO  client.GrpcClientProtocolClient (GrpcClientProtocolClient.java:onNext(255)) - client-57C76C119131->7221a50d-169b-4b76-8489-c824735d1007: receive RaftClientReply:client-57C76C119131->7221a50d-169b-4b76-8489-c824735d1007@group-140D8C8A0AAB, cid=13, FAILED org.apache.ratis.protocol.NotLeaderException: Server 7221a50d-169b-4b76-8489-c824735d1007 is not the leader (null). Request must be sent to leader., logIndex=0, commits[7221a50d-169b-4b76-8489-c824735d1007:c-1]
2019-07-13 22:43:11,855 INFO  impl.FollowerState (FollowerState.java:run(106)) - 0f3acd4c-1ccf-4418-b1d4-38217ff2445b:group-140D8C8A0AAB changes to CANDIDATE, lastRpcTime:5080, electionTimeout:5077ms
2019-07-13 22:43:11,855 INFO  impl.RoleInfo (RoleInfo.java:shutdownFollowerState(121)) - 0f3acd4c-1ccf-4418-b1d4-38217ff2445b: shutdown FollowerState
2019-07-13 22:43:11,855 INFO  impl.RaftServerImpl (RaftServerImpl.java:setRole(171)) - 0f3acd4c-1ccf-4418-b1d4-38217ff2445b:group-140D8C8A0AAB changes role from FOLLOWER to CANDIDATE at term 0 for changeToCandidate
2019-07-13 22:43:11,855 INFO  impl.RoleInfo (RoleInfo.java:updateAndGet(143)) - 0f3acd4c-1ccf-4418-b1d4-38217ff2445b: start LeaderElection
2019-07-13 22:43:11,863 INFO  impl.LeaderElection (LeaderElection.java:askForVotes(181)) - 0f3acd4c-1ccf-4418-b1d4-38217ff2445b:group-140D8C8A0AAB:LeaderElection10: begin an election at term 1 for -1: [1a7d42c9-30ae-494c-a633-8f230c07f01a:192.168.5.159:38382, 0f3acd4c-1ccf-4418-b1d4-38217ff2445b:192.168.5.159:34260, 7221a50d-169b-4b76-8489-c824735d1007:192.168.5.159:43191], old=null
2019-07-13 22:43:11,867 INFO  impl.RaftServerImpl (RaftServerImpl.java:setRole(171)) - 1eafab87-0301-40c0-9717-194aaf9a5d3b:group-EBB30435D358 changes role from FOLLOWER to FOLLOWER at term 1 for recognizeCandidate:8f8eab75-0175-460a-95dd-0d4271bcd0a2
2019-07-13 22:43:11,867 INFO  impl.RoleInfo (RoleInfo.java:shutdownFollowerState(121)) - 1eafab87-0301-40c0-9717-194aaf9a5d3b: shutdown FollowerState
2019-07-13 22:43:11,869 INFO  impl.RoleInfo (RoleInfo.java:updateAndGet(143)) - 1eafab87-0301-40c0-9717-194aaf9a5d3b: start FollowerState
2019-07-13 22:43:11,871 INFO  impl.FollowerState (FollowerState.java:run(114)) - 1eafab87-0301-40c0-9717-194aaf9a5d3b: FollowerState was interrupted: java.lang.InterruptedException: sleep interrupted
2019-07-13 22:43:11,887 INFO  impl.RaftServerImpl (RaftServerImpl.java:setRole(171)) - 1a7d42c9-30ae-494c-a633-8f230c07f01a:group-140D8C8A0AAB changes role from FOLLOWER to FOLLOWER at term 1 for recognizeCandidate:0f3acd4c-1ccf-4418-b1d4-38217ff2445b
2019-07-13 22:43:11,888 INFO  impl.RoleInfo (RoleInfo.java:shutdownFollowerState(121)) - 1a7d42c9-30ae-494c-a633-8f230c07f01a: shutdown FollowerState
2019-07-13 22:43:11,888 INFO  impl.RoleInfo (RoleInfo.java:updateAndGet(143)) - 1a7d42c9-30ae-494c-a633-8f230c07f01a: start FollowerState
2019-07-13 22:43:11,889 INFO  impl.FollowerState (FollowerState.java:run(114)) - 1a7d42c9-30ae-494c-a633-8f230c07f01a: FollowerState was interrupted: java.lang.InterruptedException: sleep interrupted
2019-07-13 22:43:11,895 INFO  impl.RaftServerImpl (RaftServerImpl.java:setRole(171)) - 7221a50d-169b-4b76-8489-c824735d1007:group-140D8C8A0AAB changes role from FOLLOWER to FOLLOWER at term 1 for recognizeCandidate:0f3acd4c-1ccf-4418-b1d4-38217ff2445b
2019-07-13 22:43:11,896 INFO  impl.RoleInfo (RoleInfo.java:shutdownFollowerState(121)) - 7221a50d-169b-4b76-8489-c824735d1007: shutdown FollowerState
2019-07-13 22:43:11,896 INFO  impl.RoleInfo (RoleInfo.java:updateAndGet(143)) - 7221a50d-169b-4b76-8489-c824735d1007: start FollowerState
2019-07-13 22:43:11,896 INFO  impl.FollowerState (FollowerState.java:run(114)) - 7221a50d-169b-4b76-8489-c824735d1007: FollowerState was interrupted: java.lang.InterruptedException: sleep interrupted
2019-07-13 22:43:11,898 INFO  impl.LeaderElection (LeaderElection.java:logAndReturn(56)) - 0f3acd4c-1ccf-4418-b1d4-38217ff2445b:group-140D8C8A0AAB:LeaderElection10: Election PASSED; received 1 response(s) [0f3acd4c-1ccf-4418-b1d4-38217ff2445b<-1a7d42c9-30ae-494c-a633-8f230c07f01a#0:OK-t1] and 0 exception(s); 0f3acd4c-1ccf-4418-b1d4-38217ff2445b:t1, leader=null, voted=0f3acd4c-1ccf-4418-b1d4-38217ff2445b, raftlog=0f3acd4c-1ccf-4418-b1d4-38217ff2445b-SegmentedRaftLog:OPENED:c-1,f-1,i0, conf=-1: [1a7d42c9-30ae-494c-a633-8f230c07f01a:192.168.5.159:38382, 0f3acd4c-1ccf-4418-b1d4-38217ff2445b:192.168.5.159:34260, 7221a50d-169b-4b76-8489-c824735d1007:192.168.5.159:43191], old=null
2019-07-13 22:43:11,898 INFO  impl.LeaderElection (LeaderElection.java:logAndReturn(56)) - 8f8eab75-0175-460a-95dd-0d4271bcd0a2:group-EBB30435D358:LeaderElection7: Election PASSED; received 2 response(s) [8f8eab75-0175-460a-95dd-0d4271bcd0a2<-1eafab87-0301-40c0-9717-194aaf9a5d3b#0:OK-t1, 8f8eab75-0175-460a-95dd-0d4271bcd0a2<-4adb445a-e83e-44ce-ae55-701246e0e5b4#0:FAIL-t1] and 0 exception(s); 8f8eab75-0175-460a-95dd-0d4271bcd0a2:t1, leader=null, voted=8f8eab75-0175-460a-95dd-0d4271bcd0a2, raftlog=8f8eab75-0175-460a-95dd-0d4271bcd0a2-SegmentedRaftLog:OPENED:c-1,f-1,i0, conf=-1: [8f8eab75-0175-460a-95dd-0d4271bcd0a2:192.168.5.159:46470, 1eafab87-0301-40c0-9717-194aaf9a5d3b:192.168.5.159:43655, 4adb445a-e83e-44ce-ae55-701246e0e5b4:192.168.5.159:43271], old=null
2019-07-13 22:43:11,898 INFO  impl.LeaderElection (LeaderElection.java:logAndReturn(56)) - 4adb445a-e83e-44ce-ae55-701246e0e5b4:group-EBB30435D358:LeaderElection9: Election REJECTED; received 2 response(s) [4adb445a-e83e-44ce-ae55-701246e0e5b4<-8f8eab75-0175-460a-95dd-0d4271bcd0a2#0:FAIL-t1, 4adb445a-e83e-44ce-ae55-701246e0e5b4<-1eafab87-0301-40c0-9717-194aaf9a5d3b#0:FAIL-t1] and 0 exception(s); 4adb445a-e83e-44ce-ae55-701246e0e5b4:t1, leader=null, voted=4adb445a-e83e-44ce-ae55-701246e0e5b4, raftlog=4adb445a-e83e-44ce-ae55-701246e0e5b4-SegmentedRaftLog:OPENED:c-1,f-1,i0, conf=-1: [8f8eab75-0175-460a-95dd-0d4271bcd0a2:192.168.5.159:46470, 1eafab87-0301-40c0-9717-194aaf9a5d3b:192.168.5.159:43655, 4adb445a-e83e-44ce-ae55-701246e0e5b4:192.168.5.159:43271], old=null
2019-07-13 22:43:11,900 INFO  impl.RoleInfo (RoleInfo.java:shutdownLeaderElection(134)) - 8f8eab75-0175-460a-95dd-0d4271bcd0a2: shutdown LeaderElection
2019-07-13 22:43:11,898 INFO  impl.RoleInfo (RoleInfo.java:shutdownLeaderElection(134)) - 0f3acd4c-1ccf-4418-b1d4-38217ff2445b: shutdown LeaderElection
2019-07-13 22:43:11,902 INFO  impl.RaftServerImpl (RaftServerImpl.java:setRole(171)) - 0f3acd4c-1ccf-4418-b1d4-38217ff2445b:group-140D8C8A0AAB changes role from CANDIDATE to LEADER at term 1 for changeToLeader
2019-07-13 22:43:11,902 INFO  impl.RaftServerImpl (RaftServerImpl.java:setRole(171)) - 4adb445a-e83e-44ce-ae55-701246e0e5b4:group-EBB30435D358 changes role from CANDIDATE to FOLLOWER at term 1 for DISCOVERED_A_NEW_TERM
2019-07-13 22:43:11,907 INFO  impl.RoleInfo (RoleInfo.java:shutdownLeaderElection(134)) - 4adb445a-e83e-44ce-ae55-701246e0e5b4: shutdown LeaderElection
2019-07-13 22:43:11,904 INFO  impl.RaftServerImpl (RaftServerImpl.java:setRole(171)) - 8f8eab75-0175-460a-95dd-0d4271bcd0a2:group-EBB30435D358 changes role from CANDIDATE to LEADER at term 1 for changeToLeader
2019-07-13 22:43:11,902 INFO  impl.RaftServerImpl (ServerState.java:setLeader(263)) - 0f3acd4c-1ccf-4418-b1d4-38217ff2445b:group-140D8C8A0AAB change Leader from null to 0f3acd4c-1ccf-4418-b1d4-38217ff2445b at term 1 for becomeLeader, leader elected after 5139ms
2019-07-13 22:43:11,908 INFO  impl.RaftServerImpl (ServerState.java:setLeader(263)) - 8f8eab75-0175-460a-95dd-0d4271bcd0a2:group-EBB30435D358 change Leader from null to 8f8eab75-0175-460a-95dd-0d4271bcd0a2 at term 1 for becomeLeader, leader elected after 5244ms
2019-07-13 22:43:11,908 INFO  impl.RoleInfo (RoleInfo.java:updateAndGet(143)) - 4adb445a-e83e-44ce-ae55-701246e0e5b4: start FollowerState
2019-07-13 22:43:11,908 INFO  server.RaftServerConfigKeys (ConfUtils.java:logGet(43)) - raft.server.staging.catchup.gap = 1000 (default)
2019-07-13 22:43:11,908 INFO  server.RaftServerConfigKeys (ConfUtils.java:logGet(43)) - raft.server.staging.catchup.gap = 1000 (default)
2019-07-13 22:43:11,909 INFO  server.RaftServerConfigKeys (ConfUtils.java:logGet(43)) - raft.server.rpc.sleep.time = 25ms (default)
2019-07-13 22:43:11,910 INFO  server.RaftServerConfigKeys (ConfUtils.java:logGet(43)) - raft.server.rpc.sleep.time = 25ms (default)
2019-07-13 22:43:11,910 INFO  server.RaftServerConfigKeys (ConfUtils.java:logGet(43)) - raft.server.write.element-limit = 4096 (default)
2019-07-13 22:43:11,910 INFO  server.RaftServerConfigKeys (ConfUtils.java:logGet(43)) - raft.server.write.element-limit = 4096 (default)
2019-07-13 22:43:11,910 INFO  server.RaftServerConfigKeys (ConfUtils.java:logGet(43)) - raft.server.watch.timeout = 10s (default)
2019-07-13 22:43:11,911 INFO  server.RaftServerConfigKeys (ConfUtils.java:logGet(43)) - raft.server.watch.timeout = 10s (default)
2019-07-13 22:43:11,911 INFO  server.RaftServerConfigKeys (ConfUtils.java:logGet(43)) - raft.server.watch.timeout.denomination = 1s (default)
2019-07-13 22:43:11,911 INFO  server.RaftServerConfigKeys (ConfUtils.java:logGet(43)) - raft.server.watch.timeout.denomination = 1s (default)
2019-07-13 22:43:11,911 INFO  server.RaftServerConfigKeys (ConfUtils.java:logGet(43)) - raft.server.watch.element-limit = 65536 (default)
2019-07-13 22:43:11,911 INFO  server.RaftServerConfigKeys (ConfUtils.java:logGet(43)) - raft.server.watch.element-limit = 65536 (default)
2019-07-13 22:43:11,913 INFO  server.RaftServerConfigKeys (ConfUtils.java:logGet(43)) - raft.server.log.appender.snapshot.chunk.size.max = 16MB (=16777216) (default)
2019-07-13 22:43:11,913 INFO  server.RaftServerConfigKeys (ConfUtils.java:logGet(43)) - raft.server.log.appender.snapshot.chunk.size.max = 16MB (=16777216) (default)
2019-07-13 22:43:11,913 INFO  server.RaftServerConfigKeys (ConfUtils.java:logGet(43)) - raft.server.log.appender.buffer.byte-limit = 33554432 (custom)
2019-07-13 22:43:11,913 INFO  server.RaftServerConfigKeys (ConfUtils.java:logGet(43)) - raft.server.log.appender.buffer.byte-limit = 33554432 (custom)
2019-07-13 22:43:11,914 INFO  server.RaftServerConfigKeys (ConfUtils.java:logGet(43)) - raft.server.log.appender.buffer.element-limit = 1 (custom)
2019-07-13 22:43:11,914 INFO  server.RaftServerConfigKeys (ConfUtils.java:logGet(43)) - raft.server.log.appender.buffer.element-limit = 1 (custom)
2019-07-13 22:43:11,916 INFO  grpc.GrpcConfigKeys$Server (ConfUtils.java:logGet(43)) - raft.grpc.server.leader.outstanding.appends.max = 128 (default)
2019-07-13 22:43:11,918 INFO  grpc.GrpcConfigKeys$Server (ConfUtils.java:logGet(43)) - raft.grpc.server.leader.outstanding.appends.max = 128 (default)
2019-07-13 22:43:11,918 INFO  server.RaftServerConfigKeys (ConfUtils.java:logGet(43)) - raft.server.rpc.request.timeout = 3000ms (default)
2019-07-13 22:43:11,918 INFO  server.RaftServerConfigKeys (ConfUtils.java:logGet(43)) - raft.server.rpc.request.timeout = 3000ms (default)
2019-07-13 22:43:11,918 INFO  server.RaftServerConfigKeys (ConfUtils.java:logGet(43)) - raft.server.log.appender.install.snapshot.enabled = false (custom)
2019-07-13 22:43:11,918 INFO  server.RaftServerConfigKeys (ConfUtils.java:logGet(43)) - raft.server.log.appender.install.snapshot.enabled = false (custom)
2019-07-13 22:43:11,918 INFO  server.RaftServerConfigKeys (ConfUtils.java:logGet(43)) - raft.server.log.appender.snapshot.chunk.size.max = 16MB (=16777216) (default)
2019-07-13 22:43:11,919 INFO  server.RaftServerConfigKeys (ConfUtils.java:logGet(43)) - raft.server.log.appender.snapshot.chunk.size.max = 16MB (=16777216) (default)
2019-07-13 22:43:11,919 INFO  server.RaftServerConfigKeys (ConfUtils.java:logGet(43)) - raft.server.log.appender.buffer.byte-limit = 33554432 (custom)
2019-07-13 22:43:11,919 INFO  server.RaftServerConfigKeys (ConfUtils.java:logGet(43)) - raft.server.log.appender.buffer.byte-limit = 33554432 (custom)
2019-07-13 22:43:11,919 INFO  server.RaftServerConfigKeys (ConfUtils.java:logGet(43)) - raft.server.log.appender.buffer.element-limit = 1 (custom)
2019-07-13 22:43:11,919 INFO  server.RaftServerConfigKeys (ConfUtils.java:logGet(43)) - raft.server.log.appender.buffer.element-limit = 1 (custom)
2019-07-13 22:43:11,919 INFO  grpc.GrpcConfigKeys$Server (ConfUtils.java:logGet(43)) - raft.grpc.server.leader.outstanding.appends.max = 128 (default)
2019-07-13 22:43:11,920 INFO  grpc.GrpcConfigKeys$Server (ConfUtils.java:logGet(43)) - raft.grpc.server.leader.outstanding.appends.max = 128 (default)
2019-07-13 22:43:11,920 INFO  server.RaftServerConfigKeys (ConfUtils.java:logGet(43)) - raft.server.rpc.request.timeout = 3000ms (default)
2019-07-13 22:43:11,920 INFO  server.RaftServerConfigKeys (ConfUtils.java:logGet(43)) - raft.server.rpc.request.timeout = 3000ms (default)
2019-07-13 22:43:11,920 INFO  server.RaftServerConfigKeys (ConfUtils.java:logGet(43)) - raft.server.log.appender.install.snapshot.enabled = false (custom)
2019-07-13 22:43:11,920 INFO  server.RaftServerConfigKeys (ConfUtils.java:logGet(43)) - raft.server.log.appender.install.snapshot.enabled = false (custom)
2019-07-13 22:43:11,921 INFO  impl.RoleInfo (RoleInfo.java:updateAndGet(143)) - 0f3acd4c-1ccf-4418-b1d4-38217ff2445b: start LeaderState
2019-07-13 22:43:11,921 INFO  impl.RoleInfo (RoleInfo.java:updateAndGet(143)) - 8f8eab75-0175-460a-95dd-0d4271bcd0a2: start LeaderState
2019-07-13 22:43:11,921 INFO  segmented.SegmentedRaftLogWorker (SegmentedRaftLogWorker.java:startLogSegment(380)) - 0f3acd4c-1ccf-4418-b1d4-38217ff2445b-SegmentedRaftLogWorker:Storage Directory /tmp/workdir/hadoop-ozone/integration-test/target/test-dir/MiniOzoneClusterImpl-61a6064b-b46c-40a5-8a2c-660942024b76/datanode-1/data/ratis/0a199ce7-4259-4d61-ad14-140d8c8a0aab: Starting segment from index:0
2019-07-13 22:43:11,922 INFO  segmented.SegmentedRaftLogWorker (SegmentedRaftLogWorker.java:startLogSegment(380)) - 8f8eab75-0175-460a-95dd-0d4271bcd0a2-SegmentedRaftLogWorker:Storage Directory /tmp/workdir/hadoop-ozone/integration-test/target/test-dir/MiniOzoneClusterImpl-61a6064b-b46c-40a5-8a2c-660942024b76/datanode-0/data/ratis/34daa35e-0d11-4768-bf34-ebb30435d358: Starting segment from index:0
2019-07-13 22:43:11,922 INFO  impl.RaftServerImpl (ServerState.java:setRaftConf(361)) - 0f3acd4c-1ccf-4418-b1d4-38217ff2445b:group-140D8C8A0AAB set configuration 0: [1a7d42c9-30ae-494c-a633-8f230c07f01a:192.168.5.159:38382, 0f3acd4c-1ccf-4418-b1d4-38217ff2445b:192.168.5.159:34260, 7221a50d-169b-4b76-8489-c824735d1007:192.168.5.159:43191], old=null at 0
2019-07-13 22:43:11,938 INFO  impl.RaftServerImpl (ServerState.java:setRaftConf(361)) - 8f8eab75-0175-460a-95dd-0d4271bcd0a2:group-EBB30435D358 set configuration 0: [8f8eab75-0175-460a-95dd-0d4271bcd0a2:192.168.5.159:46470, 1eafab87-0301-40c0-9717-194aaf9a5d3b:192.168.5.159:43655, 4adb445a-e83e-44ce-ae55-701246e0e5b4:192.168.5.159:43271], old=null at 0
2019-07-13 22:43:11,943 INFO  segmented.SegmentedRaftLogWorker (SegmentedRaftLogWorker.java:execute(569)) - 8f8eab75-0175-460a-95dd-0d4271bcd0a2-SegmentedRaftLogWorker:Storage Directory /tmp/workdir/hadoop-ozone/integration-test/target/test-dir/MiniOzoneClusterImpl-61a6064b-b46c-40a5-8a2c-660942024b76/datanode-0/data/ratis/34daa35e-0d11-4768-bf34-ebb30435d358: created new log segment /tmp/workdir/hadoop-ozone/integration-test/target/test-dir/MiniOzoneClusterImpl-61a6064b-b46c-40a5-8a2c-660942024b76/datanode-0/data/ratis/34daa35e-0d11-4768-bf34-ebb30435d358/current/log_inprogress_0
2019-07-13 22:43:11,943 INFO  segmented.SegmentedRaftLogWorker (SegmentedRaftLogWorker.java:execute(569)) - 0f3acd4c-1ccf-4418-b1d4-38217ff2445b-SegmentedRaftLogWorker:Storage Directory /tmp/workdir/hadoop-ozone/integration-test/target/test-dir/MiniOzoneClusterImpl-61a6064b-b46c-40a5-8a2c-660942024b76/datanode-1/data/ratis/0a199ce7-4259-4d61-ad14-140d8c8a0aab: created new log segment /tmp/workdir/hadoop-ozone/integration-test/target/test-dir/MiniOzoneClusterImpl-61a6064b-b46c-40a5-8a2c-660942024b76/datanode-1/data/ratis/0a199ce7-4259-4d61-ad14-140d8c8a0aab/current/log_inprogress_0
2019-07-13 22:43:11,990 INFO  impl.RaftServerImpl (ServerState.java:setLeader(263)) - 7221a50d-169b-4b76-8489-c824735d1007:group-140D8C8A0AAB change Leader from null to 0f3acd4c-1ccf-4418-b1d4-38217ff2445b at term 1 for appendEntries, leader elected after 5227ms
2019-07-13 22:43:11,991 INFO  impl.RaftServerImpl (ServerState.java:setLeader(263)) - 4adb445a-e83e-44ce-ae55-701246e0e5b4:group-EBB30435D358 change Leader from null to 8f8eab75-0175-460a-95dd-0d4271bcd0a2 at term 1 for appendEntries, leader elected after 5327ms
2019-07-13 22:43:11,990 INFO  impl.RaftServerImpl (ServerState.java:setLeader(263)) - 1eafab87-0301-40c0-9717-194aaf9a5d3b:group-EBB30435D358 change Leader from null to 8f8eab75-0175-460a-95dd-0d4271bcd0a2 at term 1 for appendEntries, leader elected after 5326ms
2019-07-13 22:43:11,990 INFO  impl.RaftServerImpl (ServerState.java:setLeader(263)) - 1a7d42c9-30ae-494c-a633-8f230c07f01a:group-140D8C8A0AAB change Leader from null to 0f3acd4c-1ccf-4418-b1d4-38217ff2445b at term 1 for appendEntries, leader elected after 5226ms
2019-07-13 22:43:12,032 INFO  impl.RaftServerImpl (ServerState.java:setRaftConf(361)) - 7221a50d-169b-4b76-8489-c824735d1007:group-140D8C8A0AAB set configuration 0: [1a7d42c9-30ae-494c-a633-8f230c07f01a:192.168.5.159:38382, 0f3acd4c-1ccf-4418-b1d4-38217ff2445b:192.168.5.159:34260, 7221a50d-169b-4b76-8489-c824735d1007:192.168.5.159:43191], old=null at 0
2019-07-13 22:43:12,032 INFO  impl.RaftServerImpl (ServerState.java:setRaftConf(361)) - 4adb445a-e83e-44ce-ae55-701246e0e5b4:group-EBB30435D358 set configuration 0: [8f8eab75-0175-460a-95dd-0d4271bcd0a2:192.168.5.159:46470, 1eafab87-0301-40c0-9717-194aaf9a5d3b:192.168.5.159:43655, 4adb445a-e83e-44ce-ae55-701246e0e5b4:192.168.5.159:43271], old=null at 0
2019-07-13 22:43:12,032 INFO  segmented.SegmentedRaftLogWorker (SegmentedRaftLogWorker.java:startLogSegment(380)) - 7221a50d-169b-4b76-8489-c824735d1007-SegmentedRaftLogWorker:Storage Directory /tmp/workdir/hadoop-ozone/integration-test/target/test-dir/MiniOzoneClusterImpl-61a6064b-b46c-40a5-8a2c-660942024b76/datanode-6/data/ratis/0a199ce7-4259-4d61-ad14-140d8c8a0aab: Starting segment from index:0
2019-07-13 22:43:12,032 INFO  impl.RaftServerImpl (ServerState.java:setRaftConf(361)) - 1a7d42c9-30ae-494c-a633-8f230c07f01a:group-140D8C8A0AAB set configuration 0: [1a7d42c9-30ae-494c-a633-8f230c07f01a:192.168.5.159:38382, 0f3acd4c-1ccf-4418-b1d4-38217ff2445b:192.168.5.159:34260, 7221a50d-169b-4b76-8489-c824735d1007:192.168.5.159:43191], old=null at 0
2019-07-13 22:43:12,032 INFO  impl.RaftServerImpl (ServerState.java:setRaftConf(361)) - 1eafab87-0301-40c0-9717-194aaf9a5d3b:group-EBB30435D358 set configuration 0: [8f8eab75-0175-460a-95dd-0d4271bcd0a2:192.168.5.159:46470, 1eafab87-0301-40c0-9717-194aaf9a5d3b:192.168.5.159:43655, 4adb445a-e83e-44ce-ae55-701246e0e5b4:192.168.5.159:43271], old=null at 0
2019-07-13 22:43:12,033 INFO  segmented.SegmentedRaftLogWorker (SegmentedRaftLogWorker.java:startLogSegment(380)) - 1a7d42c9-30ae-494c-a633-8f230c07f01a-SegmentedRaftLogWorker:Storage Directory /tmp/workdir/hadoop-ozone/integration-test/target/test-dir/MiniOzoneClusterImpl-61a6064b-b46c-40a5-8a2c-660942024b76/datanode-2/data/ratis/0a199ce7-4259-4d61-ad14-140d8c8a0aab: Starting segment from index:0
2019-07-13 22:43:12,032 INFO  segmented.SegmentedRaftLogWorker (SegmentedRaftLogWorker.java:startLogSegment(380)) - 4adb445a-e83e-44ce-ae55-701246e0e5b4-SegmentedRaftLogWorker:Storage Directory /tmp/workdir/hadoop-ozone/integration-test/target/test-dir/MiniOzoneClusterImpl-61a6064b-b46c-40a5-8a2c-660942024b76/datanode-3/data/ratis/34daa35e-0d11-4768-bf34-ebb30435d358: Starting segment from index:0
2019-07-13 22:43:12,033 INFO  segmented.SegmentedRaftLogWorker (SegmentedRaftLogWorker.java:startLogSegment(380)) - 1eafab87-0301-40c0-9717-194aaf9a5d3b-SegmentedRaftLogWorker:Storage Directory /tmp/workdir/hadoop-ozone/integration-test/target/test-dir/MiniOzoneClusterImpl-61a6064b-b46c-40a5-8a2c-660942024b76/datanode-5/data/ratis/34daa35e-0d11-4768-bf34-ebb30435d358: Starting segment from index:0
2019-07-13 22:43:12,061 INFO  segmented.SegmentedRaftLogWorker (SegmentedRaftLogWorker.java:execute(569)) - 1eafab87-0301-40c0-9717-194aaf9a5d3b-SegmentedRaftLogWorker:Storage Directory /tmp/workdir/hadoop-ozone/integration-test/target/test-dir/MiniOzoneClusterImpl-61a6064b-b46c-40a5-8a2c-660942024b76/datanode-5/data/ratis/34daa35e-0d11-4768-bf34-ebb30435d358: created new log segment /tmp/workdir/hadoop-ozone/integration-test/target/test-dir/MiniOzoneClusterImpl-61a6064b-b46c-40a5-8a2c-660942024b76/datanode-5/data/ratis/34daa35e-0d11-4768-bf34-ebb30435d358/current/log_inprogress_0
2019-07-13 22:43:12,061 INFO  segmented.SegmentedRaftLogWorker (SegmentedRaftLogWorker.java:execute(569)) - 4adb445a-e83e-44ce-ae55-701246e0e5b4-SegmentedRaftLogWorker:Storage Directory /tmp/workdir/hadoop-ozone/integration-test/target/test-dir/MiniOzoneClusterImpl-61a6064b-b46c-40a5-8a2c-660942024b76/datanode-3/data/ratis/34daa35e-0d11-4768-bf34-ebb30435d358: created new log segment /tmp/workdir/hadoop-ozone/integration-test/target/test-dir/MiniOzoneClusterImpl-61a6064b-b46c-40a5-8a2c-660942024b76/datanode-3/data/ratis/34daa35e-0d11-4768-bf34-ebb30435d358/current/log_inprogress_0
2019-07-13 22:43:12,061 INFO  segmented.SegmentedRaftLogWorker (SegmentedRaftLogWorker.java:execute(569)) - 7221a50d-169b-4b76-8489-c824735d1007-SegmentedRaftLogWorker:Storage Directory /tmp/workdir/hadoop-ozone/integration-test/target/test-dir/MiniOzoneClusterImpl-61a6064b-b46c-40a5-8a2c-660942024b76/datanode-6/data/ratis/0a199ce7-4259-4d61-ad14-140d8c8a0aab: created new log segment /tmp/workdir/hadoop-ozone/integration-test/target/test-dir/MiniOzoneClusterImpl-61a6064b-b46c-40a5-8a2c-660942024b76/datanode-6/data/ratis/0a199ce7-4259-4d61-ad14-140d8c8a0aab/current/log_inprogress_0
2019-07-13 22:43:12,061 INFO  segmented.SegmentedRaftLogWorker (SegmentedRaftLogWorker.java:execute(569)) - 1a7d42c9-30ae-494c-a633-8f230c07f01a-SegmentedRaftLogWorker:Storage Directory /tmp/workdir/hadoop-ozone/integration-test/target/test-dir/MiniOzoneClusterImpl-61a6064b-b46c-40a5-8a2c-660942024b76/datanode-2/data/ratis/0a199ce7-4259-4d61-ad14-140d8c8a0aab: created new log segment /tmp/workdir/hadoop-ozone/integration-test/target/test-dir/MiniOzoneClusterImpl-61a6064b-b46c-40a5-8a2c-660942024b76/datanode-2/data/ratis/0a199ce7-4259-4d61-ad14-140d8c8a0aab/current/log_inprogress_0
2019-07-13 22:43:13,109 INFO  client.GrpcClientProtocolClient (GrpcClientProtocolClient.java:onNext(255)) - client-57C76C119131->0f3acd4c-1ccf-4418-b1d4-38217ff2445b: receive RaftClientReply:client-57C76C119131->0f3acd4c-1ccf-4418-b1d4-38217ff2445b@group-140D8C8A0AAB, cid=13, SUCCESS, logIndex=1, commits[0f3acd4c-1ccf-4418-b1d4-38217ff2445b:c1, 1a7d42c9-30ae-494c-a633-8f230c07f01a:c0, 7221a50d-169b-4b76-8489-c824735d1007:c0]
2019-07-13 22:43:13,146 INFO  client.GrpcClientProtocolClient (GrpcClientProtocolClient.java:onNext(255)) - client-57C76C119131->0f3acd4c-1ccf-4418-b1d4-38217ff2445b: receive RaftClientReply:client-57C76C119131->0f3acd4c-1ccf-4418-b1d4-38217ff2445b@group-140D8C8A0AAB, cid=14, SUCCESS, logIndex=3, commits[0f3acd4c-1ccf-4418-b1d4-38217ff2445b:c3, 1a7d42c9-30ae-494c-a633-8f230c07f01a:c2, 7221a50d-169b-4b76-8489-c824735d1007:c2]
2019-07-13 22:43:13,221 INFO  client.GrpcClientProtocolClient (GrpcClientProtocolClient.java:onNext(255)) - client-57C76C119131->0f3acd4c-1ccf-4418-b1d4-38217ff2445b: receive RaftClientReply:client-57C76C119131->0f3acd4c-1ccf-4418-b1d4-38217ff2445b@group-140D8C8A0AAB, cid=15, SUCCESS, logIndex=5, commits[0f3acd4c-1ccf-4418-b1d4-38217ff2445b:c12, 1a7d42c9-30ae-494c-a633-8f230c07f01a:c9, 7221a50d-169b-4b76-8489-c824735d1007:c8]
2019-07-13 22:43:13,228 INFO  client.GrpcClientProtocolClient (GrpcClientProtocolClient.java:onNext(255)) - client-57C76C119131->0f3acd4c-1ccf-4418-b1d4-38217ff2445b: receive RaftClientReply:client-57C76C119131->0f3acd4c-1ccf-4418-b1d4-38217ff2445b@group-140D8C8A0AAB, cid=16, SUCCESS, logIndex=6, commits[0f3acd4c-1ccf-4418-b1d4-38217ff2445b:c12, 1a7d42c9-30ae-494c-a633-8f230c07f01a:c9, 7221a50d-169b-4b76-8489-c824735d1007:c8]
2019-07-13 22:43:13,228 INFO  client.GrpcClientProtocolClient (GrpcClientProtocolClient.java:onNext(255)) - client-57C76C119131->0f3acd4c-1ccf-4418-b1d4-38217ff2445b: receive RaftClientReply:client-57C76C119131->0f3acd4c-1ccf-4418-b1d4-38217ff2445b@group-140D8C8A0AAB, cid=17, SUCCESS, logIndex=7, commits[0f3acd4c-1ccf-4418-b1d4-38217ff2445b:c12, 1a7d42c9-30ae-494c-a633-8f230c07f01a:c9, 7221a50d-169b-4b76-8489-c824735d1007:c8]
2019-07-13 22:43:13,248 INFO  client.GrpcClientProtocolClient (GrpcClientProtocolClient.java:onNext(255)) - client-57C76C119131->0f3acd4c-1ccf-4418-b1d4-38217ff2445b: receive RaftClientReply:client-57C76C119131->0f3acd4c-1ccf-4418-b1d4-38217ff2445b@group-140D8C8A0AAB, cid=18, SUCCESS, logIndex=8, commits[0f3acd4c-1ccf-4418-b1d4-38217ff2445b:c12, 1a7d42c9-30ae-494c-a633-8f230c07f01a:c9, 7221a50d-169b-4b76-8489-c824735d1007:c8]
2019-07-13 22:43:13,266 INFO  pipeline.SCMPipelineManager (SCMPipelineManager.java:finalizeAndDestroyPipeline(309)) - destroying pipeline:Pipeline[ Id: 0a199ce7-4259-4d61-ad14-140d8c8a0aab, Nodes: 7221a50d-169b-4b76-8489-c824735d1007{ip: 192.168.5.159, host: trunk-nightly-x8m8d-1534914823, networkLocation: /default-rack, certSerialId: null}1a7d42c9-30ae-494c-a633-8f230c07f01a{ip: 192.168.5.159, host: trunk-nightly-x8m8d-1534914823, networkLocation: /default-rack, certSerialId: null}0f3acd4c-1ccf-4418-b1d4-38217ff2445b{ip: 192.168.5.159, host: trunk-nightly-x8m8d-1534914823, networkLocation: /default-rack, certSerialId: null}, Type:RATIS, Factor:THREE, State:OPEN]
2019-07-13 22:43:13,268 INFO  pipeline.PipelineStateManager (PipelineStateManager.java:finalizePipeline(123)) - Pipeline Pipeline[ Id: 0a199ce7-4259-4d61-ad14-140d8c8a0aab, Nodes: 7221a50d-169b-4b76-8489-c824735d1007{ip: 192.168.5.159, host: trunk-nightly-x8m8d-1534914823, networkLocation: /default-rack, certSerialId: null}1a7d42c9-30ae-494c-a633-8f230c07f01a{ip: 192.168.5.159, host: trunk-nightly-x8m8d-1534914823, networkLocation: /default-rack, certSerialId: null}0f3acd4c-1ccf-4418-b1d4-38217ff2445b{ip: 192.168.5.159, host: trunk-nightly-x8m8d-1534914823, networkLocation: /default-rack, certSerialId: null}, Type:RATIS, Factor:THREE, State:CLOSED] moved to CLOSED state
2019-07-13 22:43:13,269 INFO  container.CloseContainerEventHandler (CloseContainerEventHandler.java:onMessage(61)) - Close container Event triggered for container : #1
2019-07-13 22:43:13,291 INFO  impl.RaftServerProxy (RaftServerProxy.java:remove(95)) - 7221a50d-169b-4b76-8489-c824735d1007: remove FOLLOWER group-140D8C8A0AAB 7221a50d-169b-4b76-8489-c824735d1007:t1, leader=0f3acd4c-1ccf-4418-b1d4-38217ff2445b, voted=0f3acd4c-1ccf-4418-b1d4-38217ff2445b, raftlog=7221a50d-169b-4b76-8489-c824735d1007-SegmentedRaftLog:OPENED:c8,f12,i12, conf=0: [1a7d42c9-30ae-494c-a633-8f230c07f01a:192.168.5.159:38382, 0f3acd4c-1ccf-4418-b1d4-38217ff2445b:192.168.5.159:34260, 7221a50d-169b-4b76-8489-c824735d1007:192.168.5.159:43191], old=null RUNNING
2019-07-13 22:43:13,295 INFO  impl.RaftServerImpl (RaftServerImpl.java:lambda$shutdown$3(245)) - 7221a50d-169b-4b76-8489-c824735d1007: shutdown group-140D8C8A0AAB
2019-07-13 22:43:13,296 INFO  util.JmxRegister (JmxRegister.java:unregister(73)) - Successfully un-registered JMX Bean with object name Ratis:service=RaftServer,group=group-140D8C8A0AAB,id=7221a50d-169b-4b76-8489-c824735d1007
2019-07-13 22:43:13,296 INFO  impl.RoleInfo (RoleInfo.java:shutdownFollowerState(121)) - 7221a50d-169b-4b76-8489-c824735d1007: shutdown FollowerState
2019-07-13 22:43:13,296 INFO  impl.StateMachineUpdater (StateMachineUpdater.java:stopAndJoin(115)) - StateMachineUpdater:7221a50d-169b-4b76-8489-c824735d1007:group-140D8C8A0AAB: set stopIndex = 8
2019-07-13 22:43:13,297 INFO  ratis.ContainerStateMachine (ContainerStateMachine.java:takeSnapshot(246)) - Taking snapshot at termIndex:(t:1, i:8)
2019-07-13 22:43:13,296 INFO  impl.FollowerState (FollowerState.java:run(114)) - 7221a50d-169b-4b76-8489-c824735d1007: FollowerState was interrupted: java.lang.InterruptedException: sleep interrupted
2019-07-13 22:43:13,299 INFO  ratis.ContainerStateMachine (ContainerStateMachine.java:takeSnapshot(250)) - Taking a snapshot to file /tmp/workdir/hadoop-ozone/integration-test/target/test-dir/MiniOzoneClusterImpl-61a6064b-b46c-40a5-8a2c-660942024b76/datanode-6/data/ratis/0a199ce7-4259-4d61-ad14-140d8c8a0aab/sm/snapshot.1_8
2019-07-13 22:43:13,313 INFO  impl.StateMachineUpdater (StateMachineUpdater.java:takeSnapshot(242)) - StateMachineUpdater:7221a50d-169b-4b76-8489-c824735d1007:group-140D8C8A0AAB: Took a snapshot at index 8
2019-07-13 22:43:13,315 INFO  impl.StateMachineUpdater (StateMachineUpdater.java:lambda$new$0(80)) - StateMachineUpdater:7221a50d-169b-4b76-8489-c824735d1007:group-140D8C8A0AAB: snapshotIndex: updateIncreasingly -1 -> 8
2019-07-13 22:43:13,320 INFO  impl.RaftServerImpl (ServerState.java:close(394)) - 7221a50d-169b-4b76-8489-c824735d1007:group-140D8C8A0AAB closes. The last applied log index is 8
2019-07-13 22:43:13,323 INFO  segmented.SegmentedRaftLogWorker (SegmentedRaftLogWorker.java:run(313)) - 7221a50d-169b-4b76-8489-c824735d1007-SegmentedRaftLogWorker:Storage Directory /tmp/workdir/hadoop-ozone/integration-test/target/test-dir/MiniOzoneClusterImpl-61a6064b-b46c-40a5-8a2c-660942024b76/datanode-6/data/ratis/0a199ce7-4259-4d61-ad14-140d8c8a0aab was interrupted, exiting. There are 0 tasks remaining in the queue.
2019-07-13 22:43:13,325 INFO  segmented.SegmentedRaftLogWorker (SegmentedRaftLogWorker.java:close(228)) - 7221a50d-169b-4b76-8489-c824735d1007-SegmentedRaftLogWorker:Storage Directory /tmp/workdir/hadoop-ozone/integration-test/target/test-dir/MiniOzoneClusterImpl-61a6064b-b46c-40a5-8a2c-660942024b76/datanode-6/data/ratis/0a199ce7-4259-4d61-ad14-140d8c8a0aab close()
2019-07-13 22:43:13,349 INFO  impl.RaftServerProxy (RaftServerProxy.java:remove(95)) - 1a7d42c9-30ae-494c-a633-8f230c07f01a: remove FOLLOWER group-140D8C8A0AAB 1a7d42c9-30ae-494c-a633-8f230c07f01a:t1, leader=0f3acd4c-1ccf-4418-b1d4-38217ff2445b, voted=0f3acd4c-1ccf-4418-b1d4-38217ff2445b, raftlog=1a7d42c9-30ae-494c-a633-8f230c07f01a-SegmentedRaftLog:OPENED:c9,f12,i12, conf=0: [1a7d42c9-30ae-494c-a633-8f230c07f01a:192.168.5.159:38382, 0f3acd4c-1ccf-4418-b1d4-38217ff2445b:192.168.5.159:34260, 7221a50d-169b-4b76-8489-c824735d1007:192.168.5.159:43191], old=null RUNNING
2019-07-13 22:43:13,349 INFO  impl.RaftServerImpl (RaftServerImpl.java:lambda$shutdown$3(245)) - 1a7d42c9-30ae-494c-a633-8f230c07f01a: shutdown group-140D8C8A0AAB
2019-07-13 22:43:13,349 INFO  util.JmxRegister (JmxRegister.java:unregister(73)) - Successfully un-registered JMX Bean with object name Ratis:service=RaftServer,group=group-140D8C8A0AAB,id=1a7d42c9-30ae-494c-a633-8f230c07f01a
2019-07-13 22:43:13,349 INFO  impl.RoleInfo (RoleInfo.java:shutdownFollowerState(121)) - 1a7d42c9-30ae-494c-a633-8f230c07f01a: shutdown FollowerState
2019-07-13 22:43:13,350 INFO  impl.StateMachineUpdater (StateMachineUpdater.java:stopAndJoin(115)) - StateMachineUpdater:1a7d42c9-30ae-494c-a633-8f230c07f01a:group-140D8C8A0AAB: set stopIndex = 9
2019-07-13 22:43:13,350 INFO  ratis.ContainerStateMachine (ContainerStateMachine.java:takeSnapshot(246)) - Taking snapshot at termIndex:(t:1, i:9)
2019-07-13 22:43:13,352 INFO  ratis.ContainerStateMachine (ContainerStateMachine.java:takeSnapshot(250)) - Taking a snapshot to file /tmp/workdir/hadoop-ozone/integration-test/target/test-dir/MiniOzoneClusterImpl-61a6064b-b46c-40a5-8a2c-660942024b76/datanode-2/data/ratis/0a199ce7-4259-4d61-ad14-140d8c8a0aab/sm/snapshot.1_9
2019-07-13 22:43:13,350 INFO  impl.FollowerState (FollowerState.java:run(114)) - 1a7d42c9-30ae-494c-a633-8f230c07f01a: FollowerState was interrupted: java.lang.InterruptedException: sleep interrupted
2019-07-13 22:43:13,354 INFO  impl.StateMachineUpdater (StateMachineUpdater.java:takeSnapshot(242)) - StateMachineUpdater:1a7d42c9-30ae-494c-a633-8f230c07f01a:group-140D8C8A0AAB: Took a snapshot at index 9
2019-07-13 22:43:13,354 INFO  impl.StateMachineUpdater (StateMachineUpdater.java:lambda$new$0(80)) - StateMachineUpdater:1a7d42c9-30ae-494c-a633-8f230c07f01a:group-140D8C8A0AAB: snapshotIndex: updateIncreasingly -1 -> 9
2019-07-13 22:43:13,355 INFO  impl.RaftServerImpl (ServerState.java:close(394)) - 1a7d42c9-30ae-494c-a633-8f230c07f01a:group-140D8C8A0AAB closes. The last applied log index is 9
2019-07-13 22:43:13,355 INFO  segmented.SegmentedRaftLogWorker (SegmentedRaftLogWorker.java:run(313)) - 1a7d42c9-30ae-494c-a633-8f230c07f01a-SegmentedRaftLogWorker:Storage Directory /tmp/workdir/hadoop-ozone/integration-test/target/test-dir/MiniOzoneClusterImpl-61a6064b-b46c-40a5-8a2c-660942024b76/datanode-2/data/ratis/0a199ce7-4259-4d61-ad14-140d8c8a0aab was interrupted, exiting. There are 0 tasks remaining in the queue.
2019-07-13 22:43:13,357 INFO  segmented.SegmentedRaftLogWorker (SegmentedRaftLogWorker.java:close(228)) - 1a7d42c9-30ae-494c-a633-8f230c07f01a-SegmentedRaftLogWorker:Storage Directory /tmp/workdir/hadoop-ozone/integration-test/target/test-dir/MiniOzoneClusterImpl-61a6064b-b46c-40a5-8a2c-660942024b76/datanode-2/data/ratis/0a199ce7-4259-4d61-ad14-140d8c8a0aab close()
2019-07-13 22:43:13,375 INFO  impl.RaftServerProxy (RaftServerProxy.java:remove(95)) - 0f3acd4c-1ccf-4418-b1d4-38217ff2445b: remove   LEADER group-140D8C8A0AAB 0f3acd4c-1ccf-4418-b1d4-38217ff2445b:t1, leader=0f3acd4c-1ccf-4418-b1d4-38217ff2445b, voted=0f3acd4c-1ccf-4418-b1d4-38217ff2445b, raftlog=0f3acd4c-1ccf-4418-b1d4-38217ff2445b-SegmentedRaftLog:OPENED:c12,f12,i12, conf=0: [1a7d42c9-30ae-494c-a633-8f230c07f01a:192.168.5.159:38382, 0f3acd4c-1ccf-4418-b1d4-38217ff2445b:192.168.5.159:34260, 7221a50d-169b-4b76-8489-c824735d1007:192.168.5.159:43191], old=null RUNNING
2019-07-13 22:43:13,375 INFO  impl.RaftServerImpl (RaftServerImpl.java:lambda$shutdown$3(245)) - 0f3acd4c-1ccf-4418-b1d4-38217ff2445b: shutdown group-140D8C8A0AAB
2019-07-13 22:43:13,375 INFO  util.JmxRegister (JmxRegister.java:unregister(73)) - Successfully un-registered JMX Bean with object name Ratis:service=RaftServer,group=group-140D8C8A0AAB,id=0f3acd4c-1ccf-4418-b1d4-38217ff2445b
2019-07-13 22:43:13,375 INFO  impl.RoleInfo (RoleInfo.java:shutdownLeaderState(104)) - 0f3acd4c-1ccf-4418-b1d4-38217ff2445b: shutdown LeaderState
2019-07-13 22:43:13,379 INFO  impl.PendingRequests (PendingRequests.java:sendNotLeaderResponses(202)) - 0f3acd4c-1ccf-4418-b1d4-38217ff2445b-PendingRequests: sendNotLeaderResponses
2019-07-13 22:43:13,379 WARN  server.GrpcLogAppender (GrpcLogAppender.java:mayWait(143)) - GrpcLogAppender(0f3acd4c-1ccf-4418-b1d4-38217ff2445b->1a7d42c9-30ae-494c-a633-8f230c07f01a): Wait interrupted by java.lang.InterruptedException
2019-07-13 22:43:13,379 WARN  server.GrpcLogAppender (GrpcLogAppender.java:mayWait(143)) - GrpcLogAppender(0f3acd4c-1ccf-4418-b1d4-38217ff2445b->7221a50d-169b-4b76-8489-c824735d1007): Wait interrupted by java.lang.InterruptedException
2019-07-13 22:43:13,398 INFO  server.GrpcServerProtocolService (GrpcServerProtocolService.java:onCompleted(104)) - 1a7d42c9-30ae-494c-a633-8f230c07f01a: appendEntries completed
2019-07-13 22:43:13,398 INFO  server.GrpcServerProtocolService (GrpcServerProtocolService.java:onCompleted(104)) - 7221a50d-169b-4b76-8489-c824735d1007: appendEntries completed
2019-07-13 22:43:13,402 INFO  server.GrpcLogAppender (GrpcLogAppender.java:onCompleted(292)) - 0f3acd4c-1ccf-4418-b1d4-38217ff2445b->1a7d42c9-30ae-494c-a633-8f230c07f01a: follower responses appendEntries COMPLETED
2019-07-13 22:43:13,409 INFO  server.GrpcLogAppender (GrpcLogAppender.java:onCompleted(292)) - 0f3acd4c-1ccf-4418-b1d4-38217ff2445b->7221a50d-169b-4b76-8489-c824735d1007: follower responses appendEntries COMPLETED
2019-07-13 22:43:13,413 INFO  impl.FollowerInfo (FollowerInfo.java:lambda$new$0(50)) - 0f3acd4c-1ccf-4418-b1d4-38217ff2445b->1a7d42c9-30ae-494c-a633-8f230c07f01a: nextIndex: updateUnconditionally 13 -> 12
2019-07-13 22:43:13,415 INFO  impl.FollowerInfo (FollowerInfo.java:lambda$new$0(50)) - 0f3acd4c-1ccf-4418-b1d4-38217ff2445b->7221a50d-169b-4b76-8489-c824735d1007: nextIndex: updateUnconditionally 13 -> 12
2019-07-13 22:43:13,418 INFO  ratis.ContainerStateMachine (ContainerStateMachine.java:takeSnapshot(246)) - Taking snapshot at termIndex:(t:1, i:12)
2019-07-13 22:43:13,417 INFO  impl.StateMachineUpdater (StateMachineUpdater.java:stopAndJoin(115)) - StateMachineUpdater:0f3acd4c-1ccf-4418-b1d4-38217ff2445b:group-140D8C8A0AAB: set stopIndex = 12
2019-07-13 22:43:13,418 INFO  ratis.ContainerStateMachine (ContainerStateMachine.java:takeSnapshot(250)) - Taking a snapshot to file /tmp/workdir/hadoop-ozone/integration-test/target/test-dir/MiniOzoneClusterImpl-61a6064b-b46c-40a5-8a2c-660942024b76/datanode-1/data/ratis/0a199ce7-4259-4d61-ad14-140d8c8a0aab/sm/snapshot.1_12
2019-07-13 22:43:13,418 INFO  impl.StateMachineUpdater (StateMachineUpdater.java:takeSnapshot(242)) - StateMachineUpdater:0f3acd4c-1ccf-4418-b1d4-38217ff2445b:group-140D8C8A0AAB: Took a snapshot at index 12
2019-07-13 22:43:13,418 INFO  impl.StateMachineUpdater (StateMachineUpdater.java:lambda$new$0(80)) - StateMachineUpdater:0f3acd4c-1ccf-4418-b1d4-38217ff2445b:group-140D8C8A0AAB: snapshotIndex: updateIncreasingly -1 -> 12
2019-07-13 22:43:13,421 INFO  impl.RaftServerImpl (ServerState.java:close(394)) - 0f3acd4c-1ccf-4418-b1d4-38217ff2445b:group-140D8C8A0AAB closes. The last applied log index is 12
2019-07-13 22:43:13,421 INFO  segmented.SegmentedRaftLogWorker (SegmentedRaftLogWorker.java:run(313)) - 0f3acd4c-1ccf-4418-b1d4-38217ff2445b-SegmentedRaftLogWorker:Storage Directory /tmp/workdir/hadoop-ozone/integration-test/target/test-dir/MiniOzoneClusterImpl-61a6064b-b46c-40a5-8a2c-660942024b76/datanode-1/data/ratis/0a199ce7-4259-4d61-ad14-140d8c8a0aab was interrupted, exiting. There are 0 tasks remaining in the queue.
2019-07-13 22:43:13,423 INFO  segmented.SegmentedRaftLogWorker (SegmentedRaftLogWorker.java:close(228)) - 0f3acd4c-1ccf-4418-b1d4-38217ff2445b-SegmentedRaftLogWorker:Storage Directory /tmp/workdir/hadoop-ozone/integration-test/target/test-dir/MiniOzoneClusterImpl-61a6064b-b46c-40a5-8a2c-660942024b76/datanode-1/data/ratis/0a199ce7-4259-4d61-ad14-140d8c8a0aab close()
2019-07-13 22:43:13,433 INFO  pipeline.PipelineStateManager (PipelineStateManager.java:removePipeline(108)) - Pipeline Pipeline[ Id: 0a199ce7-4259-4d61-ad14-140d8c8a0aab, Nodes: 7221a50d-169b-4b76-8489-c824735d1007{ip: 192.168.5.159, host: trunk-nightly-x8m8d-1534914823, networkLocation: /default-rack, certSerialId: null}1a7d42c9-30ae-494c-a633-8f230c07f01a{ip: 192.168.5.159, host: trunk-nightly-x8m8d-1534914823, networkLocation: /default-rack, certSerialId: null}0f3acd4c-1ccf-4418-b1d4-38217ff2445b{ip: 192.168.5.159, host: trunk-nightly-x8m8d-1534914823, networkLocation: /default-rack, certSerialId: null}, Type:RATIS, Factor:THREE, State:CLOSED] removed from db
2019-07-13 22:43:13,434 INFO  ratis.XceiverServerRatis (XceiverServerRatis.java:getPipelineIds(614)) - pipeline id PipelineID=9deceff7-0146-4160-a27b-f274e202b35c
2019-07-13 22:43:13,435 INFO  ratis.XceiverServerRatis (XceiverServerRatis.java:getPipelineIds(614)) - pipeline id PipelineID=560ab533-0c86-4378-b829-d6566dbe630a
2019-07-13 22:43:13,435 INFO  ratis.XceiverServerRatis (XceiverServerRatis.java:getPipelineIds(614)) - pipeline id PipelineID=ae409458-127b-4a4f-8274-ba4ec7d4fd4e
2019-07-13 22:43:13,456 INFO  impl.RaftServerProxy (RaftServerProxy.java:addNew(89)) - 0f3acd4c-1ccf-4418-b1d4-38217ff2445b: addNew group-96D5E1B05D4C:[1a7d42c9-30ae-494c-a633-8f230c07f01a:192.168.5.159:38382, 0f3acd4c-1ccf-4418-b1d4-38217ff2445b:192.168.5.159:34260, 7221a50d-169b-4b76-8489-c824735d1007:192.168.5.159:43191] returns group-96D5E1B05D4C:java.util.concurrent.CompletableFuture@52e701a[Not completed]
2019-07-13 22:43:13,460 INFO  impl.RaftServerProxy (RaftServerProxy.java:addNew(89)) - 1a7d42c9-30ae-494c-a633-8f230c07f01a: addNew group-96D5E1B05D4C:[1a7d42c9-30ae-494c-a633-8f230c07f01a:192.168.5.159:38382, 0f3acd4c-1ccf-4418-b1d4-38217ff2445b:192.168.5.159:34260, 7221a50d-169b-4b76-8489-c824735d1007:192.168.5.159:43191] returns group-96D5E1B05D4C:java.util.concurrent.CompletableFuture@30f01415[Not completed]
2019-07-13 22:43:13,463 INFO  impl.RaftServerProxy (RaftServerProxy.java:addNew(89)) - 7221a50d-169b-4b76-8489-c824735d1007: addNew group-96D5E1B05D4C:[1a7d42c9-30ae-494c-a633-8f230c07f01a:192.168.5.159:38382, 0f3acd4c-1ccf-4418-b1d4-38217ff2445b:192.168.5.159:34260, 7221a50d-169b-4b76-8489-c824735d1007:192.168.5.159:43191] returns group-96D5E1B05D4C:java.util.concurrent.CompletableFuture@559b4d33[Not completed]
2019-07-13 22:43:13,464 INFO  impl.RaftServerImpl (RaftServerImpl.java:<init>(93)) - 0f3acd4c-1ccf-4418-b1d4-38217ff2445b: new RaftServerImpl for group-96D5E1B05D4C:[1a7d42c9-30ae-494c-a633-8f230c07f01a:192.168.5.159:38382, 0f3acd4c-1ccf-4418-b1d4-38217ff2445b:192.168.5.159:34260, 7221a50d-169b-4b76-8489-c824735d1007:192.168.5.159:43191] with ContainerStateMachine:uninitialized
2019-07-13 22:43:13,464 INFO  server.RaftServerConfigKeys (ConfUtils.java:logGet(43)) - raft.server.rpc.timeout.min = 5s (custom)
2019-07-13 22:43:13,464 INFO  server.RaftServerConfigKeys (ConfUtils.java:logGet(43)) - raft.server.rpc.timeout.max = 5200ms (custom)
2019-07-13 22:43:13,465 INFO  server.RaftServerConfigKeys (ConfUtils.java:logGet(43)) - raft.server.rpcslowness.timeout = 120s (custom)
2019-07-13 22:43:13,465 INFO  server.RaftServerConfigKeys (ConfUtils.java:logGet(43)) - raft.server.sleep.deviation.threshold = 300 (default)
2019-07-13 22:43:13,465 INFO  impl.RaftServerImpl (RaftServerImpl.java:<init>(93)) - 1a7d42c9-30ae-494c-a633-8f230c07f01a: new RaftServerImpl for group-96D5E1B05D4C:[1a7d42c9-30ae-494c-a633-8f230c07f01a:192.168.5.159:38382, 0f3acd4c-1ccf-4418-b1d4-38217ff2445b:192.168.5.159:34260, 7221a50d-169b-4b76-8489-c824735d1007:192.168.5.159:43191] with ContainerStateMachine:uninitialized
2019-07-13 22:43:13,465 INFO  server.RaftServerConfigKeys (ConfUtils.java:logGet(43)) - raft.server.log.appender.install.snapshot.enabled = false (custom)
2019-07-13 22:43:13,465 INFO  server.RaftServerConfigKeys (ConfUtils.java:logGet(43)) - raft.server.rpc.timeout.min = 5s (custom)
2019-07-13 22:43:13,465 INFO  impl.RaftServerImpl (ServerState.java:<init>(105)) - 0f3acd4c-1ccf-4418-b1d4-38217ff2445b:group-96D5E1B05D4C ConfigurationManager, init=-1: [1a7d42c9-30ae-494c-a633-8f230c07f01a:192.168.5.159:38382, 0f3acd4c-1ccf-4418-b1d4-38217ff2445b:192.168.5.159:34260, 7221a50d-169b-4b76-8489-c824735d1007:192.168.5.159:43191], old=null, confs=<EMPTY_MAP>
2019-07-13 22:43:13,465 INFO  impl.RaftServerImpl (RaftServerImpl.java:<init>(93)) - 7221a50d-169b-4b76-8489-c824735d1007: new RaftServerImpl for group-96D5E1B05D4C:[1a7d42c9-30ae-494c-a633-8f230c07f01a:192.168.5.159:38382, 0f3acd4c-1ccf-4418-b1d4-38217ff2445b:192.168.5.159:34260, 7221a50d-169b-4b76-8489-c824735d1007:192.168.5.159:43191] with ContainerStateMachine:uninitialized
2019-07-13 22:43:13,465 INFO  server.RaftServerConfigKeys (ConfUtils.java:logGet(43)) - raft.server.rpc.timeout.max = 5200ms (custom)
2019-07-13 22:43:13,466 INFO  server.RaftServerConfigKeys (ConfUtils.java:logGet(43)) - raft.server.storage.dir = [/tmp/workdir/hadoop-ozone/integration-test/target/test-dir/MiniOzoneClusterImpl-61a6064b-b46c-40a5-8a2c-660942024b76/datanode-1/data/ratis] (custom)
2019-07-13 22:43:13,466 INFO  server.RaftServerConfigKeys (ConfUtils.java:logGet(43)) - raft.server.rpc.timeout.min = 5s (custom)
2019-07-13 22:43:13,466 INFO  server.RaftServerConfigKeys (ConfUtils.java:logGet(43)) - raft.server.rpcslowness.timeout = 120s (custom)
2019-07-13 22:43:13,466 INFO  server.RaftServerConfigKeys (ConfUtils.java:logGet(43)) - raft.server.rpc.timeout.max = 5200ms (custom)
2019-07-13 22:43:13,466 INFO  server.RaftServerConfigKeys (ConfUtils.java:logGet(43)) - raft.server.sleep.deviation.threshold = 300 (default)
2019-07-13 22:43:13,466 INFO  server.RaftServerConfigKeys (ConfUtils.java:logGet(43)) - raft.server.rpcslowness.timeout = 120s (custom)
2019-07-13 22:43:13,466 INFO  storage.RaftStorageDirectory (RaftStorageDirectory.java:analyzeStorage(246)) - The storage directory /tmp/workdir/hadoop-ozone/integration-test/target/test-dir/MiniOzoneClusterImpl-61a6064b-b46c-40a5-8a2c-660942024b76/datanode-1/data/ratis/d66645fc-4d4d-468b-a0a9-96d5e1b05d4c does not exist. Creating ...
2019-07-13 22:43:13,467 INFO  server.RaftServerConfigKeys (ConfUtils.java:logGet(43)) - raft.server.sleep.deviation.threshold = 300 (default)
2019-07-13 22:43:13,466 INFO  server.RaftServerConfigKeys (ConfUtils.java:logGet(43)) - raft.server.log.appender.install.snapshot.enabled = false (custom)
2019-07-13 22:43:13,467 INFO  server.RaftServerConfigKeys (ConfUtils.java:logGet(43)) - raft.server.log.appender.install.snapshot.enabled = false (custom)
2019-07-13 22:43:13,467 INFO  impl.RaftServerImpl (ServerState.java:<init>(105)) - 1a7d42c9-30ae-494c-a633-8f230c07f01a:group-96D5E1B05D4C ConfigurationManager, init=-1: [1a7d42c9-30ae-494c-a633-8f230c07f01a:192.168.5.159:38382, 0f3acd4c-1ccf-4418-b1d4-38217ff2445b:192.168.5.159:34260, 7221a50d-169b-4b76-8489-c824735d1007:192.168.5.159:43191], old=null, confs=<EMPTY_MAP>
2019-07-13 22:43:13,467 INFO  impl.RaftServerImpl (ServerState.java:<init>(105)) - 7221a50d-169b-4b76-8489-c824735d1007:group-96D5E1B05D4C ConfigurationManager, init=-1: [1a7d42c9-30ae-494c-a633-8f230c07f01a:192.168.5.159:38382, 0f3acd4c-1ccf-4418-b1d4-38217ff2445b:192.168.5.159:34260, 7221a50d-169b-4b76-8489-c824735d1007:192.168.5.159:43191], old=null, confs=<EMPTY_MAP>
2019-07-13 22:43:13,467 INFO  server.RaftServerConfigKeys (ConfUtils.java:logGet(43)) - raft.server.storage.dir = [/tmp/workdir/hadoop-ozone/integration-test/target/test-dir/MiniOzoneClusterImpl-61a6064b-b46c-40a5-8a2c-660942024b76/datanode-2/data/ratis] (custom)
2019-07-13 22:43:13,467 INFO  server.RaftServerConfigKeys (ConfUtils.java:logGet(43)) - raft.server.storage.dir = [/tmp/workdir/hadoop-ozone/integration-test/target/test-dir/MiniOzoneClusterImpl-61a6064b-b46c-40a5-8a2c-660942024b76/datanode-6/data/ratis] (custom)
2019-07-13 22:43:13,468 INFO  storage.RaftStorageDirectory (RaftStorageDirectory.java:analyzeStorage(246)) - The storage directory /tmp/workdir/hadoop-ozone/integration-test/target/test-dir/MiniOzoneClusterImpl-61a6064b-b46c-40a5-8a2c-660942024b76/datanode-2/data/ratis/d66645fc-4d4d-468b-a0a9-96d5e1b05d4c does not exist. Creating ...
2019-07-13 22:43:13,468 INFO  storage.RaftStorageDirectory (RaftStorageDirectory.java:analyzeStorage(246)) - The storage directory /tmp/workdir/hadoop-ozone/integration-test/target/test-dir/MiniOzoneClusterImpl-61a6064b-b46c-40a5-8a2c-660942024b76/datanode-6/data/ratis/d66645fc-4d4d-468b-a0a9-96d5e1b05d4c does not exist. Creating ...
2019-07-13 22:43:13,473 INFO  storage.RaftStorageDirectory (RaftStorageDirectory.java:tryLock(328)) - Lock on /tmp/workdir/hadoop-ozone/integration-test/target/test-dir/MiniOzoneClusterImpl-61a6064b-b46c-40a5-8a2c-660942024b76/datanode-1/data/ratis/d66645fc-4d4d-468b-a0a9-96d5e1b05d4c/in_use.lock acquired by nodename 2602@trunk-nightly-x8m8d-1534914823
2019-07-13 22:43:13,473 INFO  storage.RaftStorageDirectory (RaftStorageDirectory.java:tryLock(328)) - Lock on /tmp/workdir/hadoop-ozone/integration-test/target/test-dir/MiniOzoneClusterImpl-61a6064b-b46c-40a5-8a2c-660942024b76/datanode-2/data/ratis/d66645fc-4d4d-468b-a0a9-96d5e1b05d4c/in_use.lock acquired by nodename 2602@trunk-nightly-x8m8d-1534914823
2019-07-13 22:43:13,473 INFO  storage.RaftStorageDirectory (RaftStorageDirectory.java:tryLock(328)) - Lock on /tmp/workdir/hadoop-ozone/integration-test/target/test-dir/MiniOzoneClusterImpl-61a6064b-b46c-40a5-8a2c-660942024b76/datanode-6/data/ratis/d66645fc-4d4d-468b-a0a9-96d5e1b05d4c/in_use.lock acquired by nodename 2602@trunk-nightly-x8m8d-1534914823
2019-07-13 22:43:13,478 INFO  storage.RaftStorage (RaftStorage.java:format(72)) - Storage directory /tmp/workdir/hadoop-ozone/integration-test/target/test-dir/MiniOzoneClusterImpl-61a6064b-b46c-40a5-8a2c-660942024b76/datanode-2/data/ratis/d66645fc-4d4d-468b-a0a9-96d5e1b05d4c has been successfully formatted.
2019-07-13 22:43:13,478 INFO  storage.RaftStorage (RaftStorage.java:format(72)) - Storage directory /tmp/workdir/hadoop-ozone/integration-test/target/test-dir/MiniOzoneClusterImpl-61a6064b-b46c-40a5-8a2c-660942024b76/datanode-1/data/ratis/d66645fc-4d4d-468b-a0a9-96d5e1b05d4c has been successfully formatted.
2019-07-13 22:43:13,478 INFO  storage.RaftStorage (RaftStorage.java:format(72)) - Storage directory /tmp/workdir/hadoop-ozone/integration-test/target/test-dir/MiniOzoneClusterImpl-61a6064b-b46c-40a5-8a2c-660942024b76/datanode-6/data/ratis/d66645fc-4d4d-468b-a0a9-96d5e1b05d4c has been successfully formatted.
2019-07-13 22:43:13,478 INFO  ratis.ContainerStateMachine (ContainerStateMachine.java:loadSnapshot(200)) - The snapshot info is null.Setting the last applied index to:(t:0, i:~)
2019-07-13 22:43:13,478 INFO  ratis.ContainerStateMachine (ContainerStateMachine.java:loadSnapshot(200)) - The snapshot info is null.Setting the last applied index to:(t:0, i:~)
2019-07-13 22:43:13,479 INFO  server.RaftServerConfigKeys (ConfUtils.java:logGet(43)) - raft.server.leader.election.timeout = 120s (custom)
2019-07-13 22:43:13,479 INFO  ratis.ContainerStateMachine (ContainerStateMachine.java:loadSnapshot(200)) - The snapshot info is null.Setting the last applied index to:(t:0, i:~)
2019-07-13 22:43:13,479 INFO  server.RaftServerConfigKeys (ConfUtils.java:logGet(43)) - raft.server.log.use.memory = false (default)
2019-07-13 22:43:13,479 INFO  server.RaftServerConfigKeys (ConfUtils.java:logGet(43)) - raft.server.leader.election.timeout = 120s (custom)
2019-07-13 22:43:13,479 INFO  server.RaftServerConfigKeys (ConfUtils.java:logGet(43)) - raft.server.log.purge.gap = 1000000000 (custom)
2019-07-13 22:43:13,479 INFO  server.RaftServerConfigKeys (ConfUtils.java:logGet(43)) - raft.server.leader.election.timeout = 120s (custom)
2019-07-13 22:43:13,480 INFO  server.RaftServerConfigKeys (ConfUtils.java:logGet(43)) - raft.server.log.appender.buffer.byte-limit = 33554432 (custom)
2019-07-13 22:43:13,479 INFO  server.RaftServerConfigKeys (ConfUtils.java:logGet(43)) - raft.server.log.use.memory = false (default)
2019-07-13 22:43:13,480 INFO  server.RaftServerConfigKeys (ConfUtils.java:logGet(43)) - raft.server.log.segment.size.max = 1048576 (custom)
2019-07-13 22:43:13,480 INFO  server.RaftServerConfigKeys (ConfUtils.java:logGet(43)) - raft.server.log.use.memory = false (default)
2019-07-13 22:43:13,480 INFO  server.RaftServerConfigKeys (ConfUtils.java:logGet(43)) - raft.server.log.segment.cache.num.max = 2 (custom)
2019-07-13 22:43:13,480 INFO  server.RaftServerConfigKeys (ConfUtils.java:logGet(43)) - raft.server.log.purge.gap = 1000000000 (custom)
2019-07-13 22:43:13,480 INFO  segmented.SegmentedRaftLogWorker (SegmentedRaftLogWorker.java:<init>(172)) - new 0f3acd4c-1ccf-4418-b1d4-38217ff2445b-SegmentedRaftLogWorker:Storage Directory /tmp/workdir/hadoop-ozone/integration-test/target/test-dir/MiniOzoneClusterImpl-61a6064b-b46c-40a5-8a2c-660942024b76/datanode-1/data/ratis/d66645fc-4d4d-468b-a0a9-96d5e1b05d4c for RaftStorage:Storage Directory /tmp/workdir/hadoop-ozone/integration-test/target/test-dir/MiniOzoneClusterImpl-61a6064b-b46c-40a5-8a2c-660942024b76/datanode-1/data/ratis/d66645fc-4d4d-468b-a0a9-96d5e1b05d4c
2019-07-13 22:43:13,480 INFO  server.RaftServerConfigKeys (ConfUtils.java:logGet(43)) - raft.server.log.purge.gap = 1000000000 (custom)
2019-07-13 22:43:13,481 INFO  server.RaftServerConfigKeys (ConfUtils.java:logGet(43)) - raft.server.log.queue.byte-limit = 2147483647 (custom)
2019-07-13 22:43:13,481 INFO  server.RaftServerConfigKeys (ConfUtils.java:logGet(43)) - raft.server.log.appender.buffer.byte-limit = 33554432 (custom)
2019-07-13 22:43:13,483 INFO  server.RaftServerConfigKeys (ConfUtils.java:logGet(43)) - raft.server.log.queue.element-limit = 1024 (custom)
2019-07-13 22:43:13,481 INFO  server.RaftServerConfigKeys (ConfUtils.java:logGet(43)) - raft.server.log.appender.buffer.byte-limit = 33554432 (custom)
2019-07-13 22:43:13,484 INFO  server.RaftServerConfigKeys (ConfUtils.java:logGet(43)) - raft.server.log.segment.size.max = 1048576 (custom)
2019-07-13 22:43:13,483 INFO  server.RaftServerConfigKeys (ConfUtils.java:logGet(43)) - raft.server.log.segment.size.max = 1048576 (custom)
2019-07-13 22:43:13,484 INFO  server.RaftServerConfigKeys (ConfUtils.java:logGet(43)) - raft.server.log.preallocated.size = 16384 (custom)
2019-07-13 22:43:13,484 INFO  server.RaftServerConfigKeys (ConfUtils.java:logGet(43)) - raft.server.log.segment.size.max = 1048576 (custom)
2019-07-13 22:43:13,484 INFO  server.RaftServerConfigKeys (ConfUtils.java:logGet(43)) - raft.server.log.write.buffer.size = 33554432 (custom)
2019-07-13 22:43:13,484 INFO  server.RaftServerConfigKeys (ConfUtils.java:logGet(43)) - raft.server.log.segment.cache.num.max = 2 (custom)
2019-07-13 22:43:13,485 INFO  server.RaftServerConfigKeys (ConfUtils.java:logGet(43)) - raft.server.log.force.sync.num = 128 (default)
2019-07-13 22:43:13,485 INFO  server.RaftServerConfigKeys (ConfUtils.java:logGet(43)) - raft.server.log.segment.cache.num.max = 2 (custom)
2019-07-13 22:43:13,485 INFO  server.RaftServerConfigKeys (ConfUtils.java:logGet(43)) - raft.server.log.statemachine.data.sync = true (default)
2019-07-13 22:43:13,485 INFO  segmented.SegmentedRaftLogWorker (SegmentedRaftLogWorker.java:<init>(172)) - new 1a7d42c9-30ae-494c-a633-8f230c07f01a-SegmentedRaftLogWorker:Storage Directory /tmp/workdir/hadoop-ozone/integration-test/target/test-dir/MiniOzoneClusterImpl-61a6064b-b46c-40a5-8a2c-660942024b76/datanode-2/data/ratis/d66645fc-4d4d-468b-a0a9-96d5e1b05d4c for RaftStorage:Storage Directory /tmp/workdir/hadoop-ozone/integration-test/target/test-dir/MiniOzoneClusterImpl-61a6064b-b46c-40a5-8a2c-660942024b76/datanode-2/data/ratis/d66645fc-4d4d-468b-a0a9-96d5e1b05d4c
2019-07-13 22:43:13,485 INFO  server.RaftServerConfigKeys (ConfUtils.java:logGet(43)) - raft.server.log.statemachine.data.sync.timeout = 10s (default)
2019-07-13 22:43:13,485 INFO  segmented.SegmentedRaftLogWorker (SegmentedRaftLogWorker.java:<init>(172)) - new 7221a50d-169b-4b76-8489-c824735d1007-SegmentedRaftLogWorker:Storage Directory /tmp/workdir/hadoop-ozone/integration-test/target/test-dir/MiniOzoneClusterImpl-61a6064b-b46c-40a5-8a2c-660942024b76/datanode-6/data/ratis/d66645fc-4d4d-468b-a0a9-96d5e1b05d4c for RaftStorage:Storage Directory /tmp/workdir/hadoop-ozone/integration-test/target/test-dir/MiniOzoneClusterImpl-61a6064b-b46c-40a5-8a2c-660942024b76/datanode-6/data/ratis/d66645fc-4d4d-468b-a0a9-96d5e1b05d4c
2019-07-13 22:43:13,486 INFO  server.RaftServerConfigKeys (ConfUtils.java:logGet(43)) - raft.server.log.statemachine.data.sync.timeout.retry = -1 (default)
2019-07-13 22:43:13,486 INFO  server.RaftServerConfigKeys (ConfUtils.java:logGet(43)) - raft.server.log.queue.byte-limit = 2147483647 (custom)
2019-07-13 22:43:13,497 INFO  server.RaftServerConfigKeys (ConfUtils.java:logGet(43)) - raft.server.log.statemachine.data.caching.enabled = true (custom)
2019-07-13 22:43:13,488 INFO  server.RaftServerConfigKeys (ConfUtils.java:logGet(43)) - raft.server.log.queue.byte-limit = 2147483647 (custom)
2019-07-13 22:43:13,497 INFO  server.RaftServerConfigKeys (ConfUtils.java:logGet(43)) - raft.server.log.queue.element-limit = 1024 (custom)
2019-07-13 22:43:13,497 INFO  server.RaftServerConfigKeys (ConfUtils.java:logGet(43)) - raft.server.log.queue.element-limit = 1024 (custom)
2019-07-13 22:43:13,497 INFO  segmented.SegmentedRaftLogWorker (SegmentedRaftLogWorker.java:lambda$new$0(132)) - 0f3acd4c-1ccf-4418-b1d4-38217ff2445b-SegmentedRaftLogWorker:Storage Directory /tmp/workdir/hadoop-ozone/integration-test/target/test-dir/MiniOzoneClusterImpl-61a6064b-b46c-40a5-8a2c-660942024b76/datanode-1/data/ratis/d66645fc-4d4d-468b-a0a9-96d5e1b05d4c: flushIndex: setUnconditionally 0 -> -1
2019-07-13 22:43:13,497 INFO  server.RaftServerConfigKeys (ConfUtils.java:logGet(43)) - raft.server.log.segment.size.max = 1048576 (custom)
2019-07-13 22:43:13,497 INFO  server.RaftServerConfigKeys (ConfUtils.java:logGet(43)) - raft.server.log.segment.size.max = 1048576 (custom)
2019-07-13 22:43:13,498 INFO  server.RaftServerConfigKeys (ConfUtils.java:logGet(43)) - raft.server.snapshot.auto.trigger.enabled = true (custom)
2019-07-13 22:43:13,498 INFO  server.RaftServerConfigKeys (ConfUtils.java:logGet(43)) - raft.server.log.preallocated.size = 16384 (custom)
2019-07-13 22:43:13,498 INFO  server.RaftServerConfigKeys (ConfUtils.java:logGet(43)) - raft.server.snapshot.auto.trigger.threshold = 10000 (custom)
2019-07-13 22:43:13,498 INFO  server.RaftServerConfigKeys (ConfUtils.java:logGet(43)) - raft.server.log.preallocated.size = 16384 (custom)
2019-07-13 22:43:13,499 INFO  server.RaftServerConfigKeys (ConfUtils.java:logGet(43)) - raft.server.retrycache.expirytime = 600000ms (custom)
2019-07-13 22:43:13,498 INFO  server.RaftServerConfigKeys (ConfUtils.java:logGet(43)) - raft.server.log.write.buffer.size = 33554432 (custom)
2019-07-13 22:43:13,499 INFO  impl.RaftServerImpl (RaftServerImpl.java:start(180)) - 0f3acd4c-1ccf-4418-b1d4-38217ff2445b: start group-96D5E1B05D4C
2019-07-13 22:43:13,499 INFO  server.RaftServerConfigKeys (ConfUtils.java:logGet(43)) - raft.server.log.write.buffer.size = 33554432 (custom)
2019-07-13 22:43:13,499 INFO  impl.RaftServerImpl (RaftServerImpl.java:setRole(171)) - 0f3acd4c-1ccf-4418-b1d4-38217ff2445b:group-96D5E1B05D4C changes role from null to FOLLOWER at term 0 for startAsFollower
2019-07-13 22:43:13,499 INFO  server.RaftServerConfigKeys (ConfUtils.java:logGet(43)) - raft.server.log.force.sync.num = 128 (default)
2019-07-13 22:43:13,500 INFO  impl.RoleInfo (RoleInfo.java:updateAndGet(143)) - 0f3acd4c-1ccf-4418-b1d4-38217ff2445b: start FollowerState
2019-07-13 22:43:13,500 INFO  server.RaftServerConfigKeys (ConfUtils.java:logGet(43)) - raft.server.log.force.sync.num = 128 (default)
2019-07-13 22:43:13,500 INFO  server.RaftServerConfigKeys (ConfUtils.java:logGet(43)) - raft.server.log.statemachine.data.sync = true (default)
2019-07-13 22:43:13,500 INFO  server.RaftServerConfigKeys (ConfUtils.java:logGet(43)) - raft.server.log.statemachine.data.sync = true (default)
2019-07-13 22:43:13,500 INFO  server.RaftServerConfigKeys (ConfUtils.java:logGet(43)) - raft.server.log.statemachine.data.sync.timeout = 10s (default)
2019-07-13 22:43:13,501 INFO  server.RaftServerConfigKeys (ConfUtils.java:logGet(43)) - raft.server.log.statemachine.data.sync.timeout = 10s (default)
2019-07-13 22:43:13,501 INFO  util.JmxRegister (JmxRegister.java:tryRegister(44)) - Successfully registered JMX Bean with object name Ratis:service=RaftServer,group=group-96D5E1B05D4C,id=0f3acd4c-1ccf-4418-b1d4-38217ff2445b
2019-07-13 22:43:13,501 INFO  server.RaftServerConfigKeys (ConfUtils.java:logGet(43)) - raft.server.log.statemachine.data.sync.timeout.retry = -1 (default)
2019-07-13 22:43:13,501 INFO  server.RaftServerConfigKeys (ConfUtils.java:logGet(43)) - raft.server.log.statemachine.data.sync.timeout.retry = -1 (default)
2019-07-13 22:43:13,501 INFO  server.RaftServerConfigKeys (ConfUtils.java:logGet(43)) - raft.server.log.statemachine.data.caching.enabled = true (custom)
2019-07-13 22:43:13,501 INFO  server.RaftServerConfigKeys (ConfUtils.java:logGet(43)) - raft.server.log.statemachine.data.caching.enabled = true (custom)
2019-07-13 22:43:13,502 INFO  segmented.SegmentedRaftLogWorker (SegmentedRaftLogWorker.java:lambda$new$0(132)) - 1a7d42c9-30ae-494c-a633-8f230c07f01a-SegmentedRaftLogWorker:Storage Directory /tmp/workdir/hadoop-ozone/integration-test/target/test-dir/MiniOzoneClusterImpl-61a6064b-b46c-40a5-8a2c-660942024b76/datanode-2/data/ratis/d66645fc-4d4d-468b-a0a9-96d5e1b05d4c: flushIndex: setUnconditionally 0 -> -1
2019-07-13 22:43:13,502 INFO  segmented.SegmentedRaftLogWorker (SegmentedRaftLogWorker.java:lambda$new$0(132)) - 7221a50d-169b-4b76-8489-c824735d1007-SegmentedRaftLogWorker:Storage Directory /tmp/workdir/hadoop-ozone/integration-test/target/test-dir/MiniOzoneClusterImpl-61a6064b-b46c-40a5-8a2c-660942024b76/datanode-6/data/ratis/d66645fc-4d4d-468b-a0a9-96d5e1b05d4c: flushIndex: setUnconditionally 0 -> -1
2019-07-13 22:43:13,502 INFO  server.RaftServerConfigKeys (ConfUtils.java:logGet(43)) - raft.server.snapshot.auto.trigger.enabled = true (custom)
2019-07-13 22:43:13,503 INFO  server.RaftServerConfigKeys (ConfUtils.java:logGet(43)) - raft.server.snapshot.auto.trigger.threshold = 10000 (custom)
2019-07-13 22:43:13,503 INFO  server.RaftServerConfigKeys (ConfUtils.java:logGet(43)) - raft.server.snapshot.auto.trigger.enabled = true (custom)
2019-07-13 22:43:13,503 INFO  server.RaftServerConfigKeys (ConfUtils.java:logGet(43)) - raft.server.retrycache.expirytime = 600000ms (custom)
2019-07-13 22:43:13,503 INFO  server.RaftServerConfigKeys (ConfUtils.java:logGet(43)) - raft.server.snapshot.auto.trigger.threshold = 10000 (custom)
2019-07-13 22:43:13,503 INFO  impl.RaftServerImpl (RaftServerImpl.java:start(180)) - 1a7d42c9-30ae-494c-a633-8f230c07f01a: start group-96D5E1B05D4C
2019-07-13 22:43:13,505 INFO  server.RaftServerConfigKeys (ConfUtils.java:logGet(43)) - raft.server.retrycache.expirytime = 600000ms (custom)
2019-07-13 22:43:13,505 INFO  impl.RaftServerImpl (RaftServerImpl.java:setRole(171)) - 1a7d42c9-30ae-494c-a633-8f230c07f01a:group-96D5E1B05D4C changes role from null to FOLLOWER at term 0 for startAsFollower
2019-07-13 22:43:13,506 INFO  impl.RaftServerImpl (RaftServerImpl.java:start(180)) - 7221a50d-169b-4b76-8489-c824735d1007: start group-96D5E1B05D4C
2019-07-13 22:43:13,506 INFO  impl.RoleInfo (RoleInfo.java:updateAndGet(143)) - 1a7d42c9-30ae-494c-a633-8f230c07f01a: start FollowerState
2019-07-13 22:43:13,506 INFO  impl.RaftServerImpl (RaftServerImpl.java:setRole(171)) - 7221a50d-169b-4b76-8489-c824735d1007:group-96D5E1B05D4C changes role from null to FOLLOWER at term 0 for startAsFollower
2019-07-13 22:43:13,506 INFO  impl.RoleInfo (RoleInfo.java:updateAndGet(143)) - 7221a50d-169b-4b76-8489-c824735d1007: start FollowerState
2019-07-13 22:43:13,507 INFO  util.JmxRegister (JmxRegister.java:tryRegister(44)) - Successfully registered JMX Bean with object name Ratis:service=RaftServer,group=group-96D5E1B05D4C,id=1a7d42c9-30ae-494c-a633-8f230c07f01a
2019-07-13 22:43:13,507 INFO  util.JmxRegister (JmxRegister.java:tryRegister(44)) - Successfully registered JMX Bean with object name Ratis:service=RaftServer,group=group-96D5E1B05D4C,id=7221a50d-169b-4b76-8489-c824735d1007
2019-07-13 22:43:13,515 INFO  pipeline.PipelineStateManager (PipelineStateManager.java:addPipeline(56)) - Created pipeline Pipeline[ Id: d66645fc-4d4d-468b-a0a9-96d5e1b05d4c, Nodes: 7221a50d-169b-4b76-8489-c824735d1007{ip: 192.168.5.159, host: trunk-nightly-x8m8d-1534914823, networkLocation: /default-rack, certSerialId: null}1a7d42c9-30ae-494c-a633-8f230c07f01a{ip: 192.168.5.159, host: trunk-nightly-x8m8d-1534914823, networkLocation: /default-rack, certSerialId: null}0f3acd4c-1ccf-4418-b1d4-38217ff2445b{ip: 192.168.5.159, host: trunk-nightly-x8m8d-1534914823, networkLocation: /default-rack, certSerialId: null}, Type:RATIS, Factor:THREE, State:OPEN]
2019-07-13 22:43:14,517 WARN  io.KeyOutputStream (KeyOutputStream.java:handleException(276)) - Encountered exception java.io.IOException: Unexpected Storage Container Exception: java.util.concurrent.CompletionException: java.util.concurrent.CompletionException: org.apache.ratis.protocol.GroupMismatchException: 0f3acd4c-1ccf-4418-b1d4-38217ff2445b: group-140D8C8A0AAB not found. on the pipeline Pipeline[ Id: 0a199ce7-4259-4d61-ad14-140d8c8a0aab, Nodes: 7221a50d-169b-4b76-8489-c824735d1007{ip: 192.168.5.159, host: trunk-nightly-x8m8d-1534914823, networkLocation: /default-rack, certSerialId: null}1a7d42c9-30ae-494c-a633-8f230c07f01a{ip: 192.168.5.159, host: trunk-nightly-x8m8d-1534914823, networkLocation: /default-rack, certSerialId: null}0f3acd4c-1ccf-4418-b1d4-38217ff2445b{ip: 192.168.5.159, host: trunk-nightly-x8m8d-1534914823, networkLocation: /default-rack, certSerialId: null}, Type:RATIS, Factor:THREE, State:OPEN]. The last committed block length is 400, uncommitted data length is 50 retry count 0
2019-07-13 22:43:14,557 INFO  client.GrpcClientProtocolClient (GrpcClientProtocolClient.java:onNext(255)) - client-1142BFB03AFC->4adb445a-e83e-44ce-ae55-701246e0e5b4: receive RaftClientReply:client-1142BFB03AFC->4adb445a-e83e-44ce-ae55-701246e0e5b4@group-EBB30435D358, cid=27, FAILED org.apache.ratis.protocol.NotLeaderException: Server 4adb445a-e83e-44ce-ae55-701246e0e5b4 is not the leader (8f8eab75-0175-460a-95dd-0d4271bcd0a2:192.168.5.159:46470). Request must be sent to leader., logIndex=0, commits[4adb445a-e83e-44ce-ae55-701246e0e5b4:c0, 8f8eab75-0175-460a-95dd-0d4271bcd0a2:c0, 1eafab87-0301-40c0-9717-194aaf9a5d3b:c-1]
2019-07-13 22:43:14,745 INFO  client.GrpcClientProtocolClient (GrpcClientProtocolClient.java:onNext(255)) - client-1142BFB03AFC->8f8eab75-0175-460a-95dd-0d4271bcd0a2: receive RaftClientReply:client-1142BFB03AFC->8f8eab75-0175-460a-95dd-0d4271bcd0a2@group-EBB30435D358, cid=27, SUCCESS, logIndex=1, commits[8f8eab75-0175-460a-95dd-0d4271bcd0a2:c1, 1eafab87-0301-40c0-9717-194aaf9a5d3b:c0, 4adb445a-e83e-44ce-ae55-701246e0e5b4:c0]
2019-07-13 22:43:14,799 INFO  client.GrpcClientProtocolClient (GrpcClientProtocolClient.java:onNext(255)) - client-1142BFB03AFC->8f8eab75-0175-460a-95dd-0d4271bcd0a2: receive RaftClientReply:client-1142BFB03AFC->8f8eab75-0175-460a-95dd-0d4271bcd0a2@group-EBB30435D358, cid=28, SUCCESS, logIndex=3, commits[8f8eab75-0175-460a-95dd-0d4271bcd0a2:c4, 1eafab87-0301-40c0-9717-194aaf9a5d3b:c3, 4adb445a-e83e-44ce-ae55-701246e0e5b4:c3]
2019-07-13 22:43:14,873 INFO  pipeline.Pipeline (Pipeline.java:getProtobufMessage(195)) - Serialize pipeline PipelineID=34daa35e-0d11-4768-bf34-ebb30435d358 with nodesInOrder{ }
2019-07-13 22:43:14,880 INFO  ozone.MiniOzoneClusterImpl (MiniOzoneClusterImpl.java:shutdown(321)) - Shutting down the Mini Ozone Cluster
2019-07-13 22:43:14,881 INFO  ozone.MiniOzoneClusterImpl (MiniOzoneClusterImpl.java:stop(336)) - Stopping the Mini Ozone Cluster
2019-07-13 22:43:14,881 INFO  ozone.MiniOzoneClusterImpl (MiniOzoneClusterImpl.java:stop(338)) - Stopping the OzoneManager
2019-07-13 22:43:14,881 INFO  ipc.Server (Server.java:stop(3082)) - Stopping server on 40368
2019-07-13 22:43:14,884 INFO  utils.BackgroundService (BackgroundService.java:shutdown(148)) - Shutting down service KeyDeletingService
2019-07-13 22:43:14,884 INFO  ipc.Server (Server.java:run(1319)) - Stopping IPC Server Responder
2019-07-13 22:43:14,884 INFO  ipc.Server (Server.java:run(1185)) - Stopping IPC Server listener on 40368
2019-07-13 22:43:14,890 INFO  handler.ContextHandler (ContextHandler.java:doStop(910)) - Stopped o.e.j.w.WebAppContext@3e9803c2{/,null,UNAVAILABLE}{/ozoneManager}
2019-07-13 22:43:14,898 INFO  server.AbstractConnector (AbstractConnector.java:doStop(318)) - Stopped ServerConnector@4525d1d3{HTTP/1.1,[http/1.1]}{0.0.0.0:0}
2019-07-13 22:43:14,898 INFO  handler.ContextHandler (ContextHandler.java:doStop(910)) - Stopped o.e.j.s.ServletContextHandler@7b44b63d{/static,file:///tmp/workdir/hadoop-ozone/integration-test/target/test-classes/webapps/static,UNAVAILABLE}
2019-07-13 22:43:14,899 INFO  handler.ContextHandler (ContextHandler.java:doStop(910)) - Stopped o.e.j.s.ServletContextHandler@2d0bfb24{/logs,file:///tmp/workdir/hadoop-ozone/integration-test/target/log,UNAVAILABLE}
2019-07-13 22:43:14,913 INFO  ozone.MiniOzoneClusterImpl (MiniOzoneClusterImpl.java:stop(344)) - Shutting the HddsDatanodes
2019-07-13 22:43:14,914 INFO  datanode.ObjectStoreHandler (ObjectStoreHandler.java:close(155)) - Closing ObjectStoreHandler.
2019-07-13 22:43:14,914 INFO  datanode.ObjectStoreHandler (ObjectStoreHandler.java:close(155)) - Closing ObjectStoreHandler.
2019-07-13 22:43:14,917 INFO  ozone.HddsDatanodeService (HddsDatanodeService.java:stop(452)) - Stopped plug-in org.apache.hadoop.ozone.web.OzoneHddsDatanodeService@15d236fd
2019-07-13 22:43:14,917 INFO  ozone.HddsDatanodeService (HddsDatanodeService.java:stop(452)) - Stopped plug-in org.apache.hadoop.ozone.web.OzoneHddsDatanodeService@5729b410
2019-07-13 22:43:15,033 INFO  statemachine.DatanodeStateMachine (DatanodeStateMachine.java:lambda$startDaemon$0(350)) - Ozone container server started.
2019-07-13 22:43:15,809 INFO  statemachine.DatanodeStateMachine (DatanodeStateMachine.java:lambda$startDaemon$0(350)) - Ozone container server started.
2019-07-13 22:43:18,549 INFO  impl.FollowerState (FollowerState.java:run(106)) - 1a7d42c9-30ae-494c-a633-8f230c07f01a:group-96D5E1B05D4C changes to CANDIDATE, lastRpcTime:5042, electionTimeout:5042ms
2019-07-13 22:43:18,549 INFO  impl.RoleInfo (RoleInfo.java:shutdownFollowerState(121)) - 1a7d42c9-30ae-494c-a633-8f230c07f01a: shutdown FollowerState
2019-07-13 22:43:18,549 INFO  impl.RaftServerImpl (RaftServerImpl.java:setRole(171)) - 1a7d42c9-30ae-494c-a633-8f230c07f01a:group-96D5E1B05D4C changes role from FOLLOWER to CANDIDATE at term 0 for changeToCandidate
2019-07-13 22:43:18,550 INFO  impl.RoleInfo (RoleInfo.java:updateAndGet(143)) - 1a7d42c9-30ae-494c-a633-8f230c07f01a: start LeaderElection
2019-07-13 22:43:18,563 INFO  impl.LeaderElection (LeaderElection.java:askForVotes(181)) - 1a7d42c9-30ae-494c-a633-8f230c07f01a:group-96D5E1B05D4C:LeaderElection11: begin an election at term 1 for -1: [1a7d42c9-30ae-494c-a633-8f230c07f01a:192.168.5.159:38382, 0f3acd4c-1ccf-4418-b1d4-38217ff2445b:192.168.5.159:34260, 7221a50d-169b-4b76-8489-c824735d1007:192.168.5.159:43191], old=null
2019-07-13 22:43:18,567 INFO  impl.FollowerState (FollowerState.java:run(106)) - 0f3acd4c-1ccf-4418-b1d4-38217ff2445b:group-96D5E1B05D4C changes to CANDIDATE, lastRpcTime:5067, electionTimeout:5065ms
2019-07-13 22:43:18,567 INFO  impl.RoleInfo (RoleInfo.java:shutdownFollowerState(121)) - 0f3acd4c-1ccf-4418-b1d4-38217ff2445b: shutdown FollowerState
2019-07-13 22:43:18,567 INFO  impl.RaftServerImpl (RaftServerImpl.java:setRole(171)) - 0f3acd4c-1ccf-4418-b1d4-38217ff2445b:group-96D5E1B05D4C changes role from FOLLOWER to CANDIDATE at term 0 for changeToCandidate
2019-07-13 22:43:18,570 INFO  impl.RoleInfo (RoleInfo.java:updateAndGet(143)) - 0f3acd4c-1ccf-4418-b1d4-38217ff2445b: start LeaderElection
2019-07-13 22:43:18,588 INFO  impl.RaftServerImpl (RaftServerImpl.java:setRole(171)) - 7221a50d-169b-4b76-8489-c824735d1007:group-96D5E1B05D4C changes role from FOLLOWER to FOLLOWER at term 1 for recognizeCandidate:1a7d42c9-30ae-494c-a633-8f230c07f01a
2019-07-13 22:43:18,588 INFO  impl.LeaderElection (LeaderElection.java:askForVotes(181)) - 0f3acd4c-1ccf-4418-b1d4-38217ff2445b:group-96D5E1B05D4C:LeaderElection12: begin an election at term 1 for -1: [1a7d42c9-30ae-494c-a633-8f230c07f01a:192.168.5.159:38382, 0f3acd4c-1ccf-4418-b1d4-38217ff2445b:192.168.5.159:34260, 7221a50d-169b-4b76-8489-c824735d1007:192.168.5.159:43191], old=null
2019-07-13 22:43:18,588 INFO  impl.RoleInfo (RoleInfo.java:shutdownFollowerState(121)) - 7221a50d-169b-4b76-8489-c824735d1007: shutdown FollowerState
2019-07-13 22:43:18,588 INFO  impl.FollowerState (FollowerState.java:run(114)) - 7221a50d-169b-4b76-8489-c824735d1007: FollowerState was interrupted: java.lang.InterruptedException: sleep interrupted
2019-07-13 22:43:18,589 INFO  impl.RoleInfo (RoleInfo.java:updateAndGet(143)) - 7221a50d-169b-4b76-8489-c824735d1007: start FollowerState
2019-07-13 22:43:18,602 INFO  impl.LeaderElection (LeaderElection.java:logAndReturn(56)) - 1a7d42c9-30ae-494c-a633-8f230c07f01a:group-96D5E1B05D4C:LeaderElection11: Election PASSED; received 2 response(s) [1a7d42c9-30ae-494c-a633-8f230c07f01a<-0f3acd4c-1ccf-4418-b1d4-38217ff2445b#0:FAIL-t1, 1a7d42c9-30ae-494c-a633-8f230c07f01a<-7221a50d-169b-4b76-8489-c824735d1007#0:OK-t1] and 0 exception(s); 1a7d42c9-30ae-494c-a633-8f230c07f01a:t1, leader=null, voted=1a7d42c9-30ae-494c-a633-8f230c07f01a, raftlog=1a7d42c9-30ae-494c-a633-8f230c07f01a-SegmentedRaftLog:OPENED:c-1,f-1,i0, conf=-1: [1a7d42c9-30ae-494c-a633-8f230c07f01a:192.168.5.159:38382, 0f3acd4c-1ccf-4418-b1d4-38217ff2445b:192.168.5.159:34260, 7221a50d-169b-4b76-8489-c824735d1007:192.168.5.159:43191], old=null
2019-07-13 22:43:18,602 INFO  impl.RoleInfo (RoleInfo.java:shutdownLeaderElection(134)) - 1a7d42c9-30ae-494c-a633-8f230c07f01a: shutdown LeaderElection
2019-07-13 22:43:18,604 INFO  impl.RaftServerImpl (RaftServerImpl.java:setRole(171)) - 1a7d42c9-30ae-494c-a633-8f230c07f01a:group-96D5E1B05D4C changes role from CANDIDATE to LEADER at term 1 for changeToLeader
2019-07-13 22:43:18,604 INFO  impl.RaftServerImpl (ServerState.java:setLeader(263)) - 1a7d42c9-30ae-494c-a633-8f230c07f01a:group-96D5E1B05D4C change Leader from null to 1a7d42c9-30ae-494c-a633-8f230c07f01a at term 1 for becomeLeader, leader elected after 5125ms
2019-07-13 22:43:18,605 INFO  server.RaftServerConfigKeys (ConfUtils.java:logGet(43)) - raft.server.staging.catchup.gap = 1000 (default)
2019-07-13 22:43:18,605 INFO  server.RaftServerConfigKeys (ConfUtils.java:logGet(43)) - raft.server.rpc.sleep.time = 25ms (default)
2019-07-13 22:43:18,605 INFO  server.RaftServerConfigKeys (ConfUtils.java:logGet(43)) - raft.server.write.element-limit = 4096 (default)
2019-07-13 22:43:18,607 INFO  server.RaftServerConfigKeys (ConfUtils.java:logGet(43)) - raft.server.watch.timeout = 10s (default)
2019-07-13 22:43:18,608 INFO  server.RaftServerConfigKeys (ConfUtils.java:logGet(43)) - raft.server.watch.timeout.denomination = 1s (default)
2019-07-13 22:43:18,608 INFO  server.RaftServerConfigKeys (ConfUtils.java:logGet(43)) - raft.server.watch.element-limit = 65536 (default)
2019-07-13 22:43:18,610 INFO  server.RaftServerConfigKeys (ConfUtils.java:logGet(43)) - raft.server.log.appender.snapshot.chunk.size.max = 16MB (=16777216) (default)
2019-07-13 22:43:18,612 INFO  server.RaftServerConfigKeys (ConfUtils.java:logGet(43)) - raft.server.log.appender.buffer.byte-limit = 33554432 (custom)
2019-07-13 22:43:18,613 INFO  server.RaftServerConfigKeys (ConfUtils.java:logGet(43)) - raft.server.log.appender.buffer.element-limit = 1 (custom)
2019-07-13 22:43:18,613 INFO  grpc.GrpcConfigKeys$Server (ConfUtils.java:logGet(43)) - raft.grpc.server.leader.outstanding.appends.max = 128 (default)
2019-07-13 22:43:18,613 INFO  server.RaftServerConfigKeys (ConfUtils.java:logGet(43)) - raft.server.rpc.request.timeout = 3000ms (default)
2019-07-13 22:43:18,613 INFO  server.RaftServerConfigKeys (ConfUtils.java:logGet(43)) - raft.server.log.appender.install.snapshot.enabled = false (custom)
2019-07-13 22:43:18,613 INFO  server.RaftServerConfigKeys (ConfUtils.java:logGet(43)) - raft.server.log.appender.snapshot.chunk.size.max = 16MB (=16777216) (default)
2019-07-13 22:43:18,615 INFO  server.RaftServerConfigKeys (ConfUtils.java:logGet(43)) - raft.server.log.appender.buffer.byte-limit = 33554432 (custom)
2019-07-13 22:43:18,616 INFO  server.RaftServerConfigKeys (ConfUtils.java:logGet(43)) - raft.server.log.appender.buffer.element-limit = 1 (custom)
2019-07-13 22:43:18,616 INFO  grpc.GrpcConfigKeys$Server (ConfUtils.java:logGet(43)) - raft.grpc.server.leader.outstanding.appends.max = 128 (default)
2019-07-13 22:43:18,616 INFO  server.RaftServerConfigKeys (ConfUtils.java:logGet(43)) - raft.server.rpc.request.timeout = 3000ms (default)
2019-07-13 22:43:18,616 INFO  server.RaftServerConfigKeys (ConfUtils.java:logGet(43)) - raft.server.log.appender.install.snapshot.enabled = false (custom)
2019-07-13 22:43:18,617 INFO  impl.RoleInfo (RoleInfo.java:updateAndGet(143)) - 1a7d42c9-30ae-494c-a633-8f230c07f01a: start LeaderState
2019-07-13 22:43:18,617 INFO  segmented.SegmentedRaftLogWorker (SegmentedRaftLogWorker.java:startLogSegment(380)) - 1a7d42c9-30ae-494c-a633-8f230c07f01a-SegmentedRaftLogWorker:Storage Directory /tmp/workdir/hadoop-ozone/integration-test/target/test-dir/MiniOzoneClusterImpl-61a6064b-b46c-40a5-8a2c-660942024b76/datanode-2/data/ratis/d66645fc-4d4d-468b-a0a9-96d5e1b05d4c: Starting segment from index:0
2019-07-13 22:43:18,618 INFO  impl.RaftServerImpl (ServerState.java:setRaftConf(361)) - 1a7d42c9-30ae-494c-a633-8f230c07f01a:group-96D5E1B05D4C set configuration 0: [1a7d42c9-30ae-494c-a633-8f230c07f01a:192.168.5.159:38382, 0f3acd4c-1ccf-4418-b1d4-38217ff2445b:192.168.5.159:34260, 7221a50d-169b-4b76-8489-c824735d1007:192.168.5.159:43191], old=null at 0
2019-07-13 22:43:18,638 INFO  impl.RaftServerImpl (RaftServerImpl.java:requestVote(754)) - 1a7d42c9-30ae-494c-a633-8f230c07f01a-LEADER: Withhold vote from candidate 0f3acd4c-1ccf-4418-b1d4-38217ff2445b with term 1. State: leader=1a7d42c9-30ae-494c-a633-8f230c07f01a, term=1, lastRpcElapsed=null
2019-07-13 22:43:18,642 INFO  impl.LeaderElection (LeaderElection.java:logAndReturn(56)) - 0f3acd4c-1ccf-4418-b1d4-38217ff2445b:group-96D5E1B05D4C:LeaderElection12: Election REJECTED; received 2 response(s) [0f3acd4c-1ccf-4418-b1d4-38217ff2445b<-1a7d42c9-30ae-494c-a633-8f230c07f01a#0:FAIL-t1, 0f3acd4c-1ccf-4418-b1d4-38217ff2445b<-7221a50d-169b-4b76-8489-c824735d1007#0:FAIL-t1] and 0 exception(s); 0f3acd4c-1ccf-4418-b1d4-38217ff2445b:t1, leader=null, voted=0f3acd4c-1ccf-4418-b1d4-38217ff2445b, raftlog=0f3acd4c-1ccf-4418-b1d4-38217ff2445b-SegmentedRaftLog:OPENED:c-1,f-1,i0, conf=-1: [1a7d42c9-30ae-494c-a633-8f230c07f01a:192.168.5.159:38382, 0f3acd4c-1ccf-4418-b1d4-38217ff2445b:192.168.5.159:34260, 7221a50d-169b-4b76-8489-c824735d1007:192.168.5.159:43191], old=null
2019-07-13 22:43:18,642 INFO  impl.RaftServerImpl (RaftServerImpl.java:setRole(171)) - 0f3acd4c-1ccf-4418-b1d4-38217ff2445b:group-96D5E1B05D4C changes role from CANDIDATE to FOLLOWER at term 1 for DISCOVERED_A_NEW_TERM
2019-07-13 22:43:18,643 INFO  impl.RoleInfo (RoleInfo.java:shutdownLeaderElection(134)) - 0f3acd4c-1ccf-4418-b1d4-38217ff2445b: shutdown LeaderElection
2019-07-13 22:43:18,646 INFO  impl.RaftServerImpl (ServerState.java:setLeader(263)) - 7221a50d-169b-4b76-8489-c824735d1007:group-96D5E1B05D4C change Leader from null to 1a7d42c9-30ae-494c-a633-8f230c07f01a at term 1 for appendEntries, leader elected after 5167ms
2019-07-13 22:43:18,647 INFO  impl.RoleInfo (RoleInfo.java:updateAndGet(143)) - 0f3acd4c-1ccf-4418-b1d4-38217ff2445b: start FollowerState
2019-07-13 22:43:18,647 INFO  impl.RaftServerImpl (ServerState.java:setLeader(263)) - 0f3acd4c-1ccf-4418-b1d4-38217ff2445b:group-96D5E1B05D4C change Leader from null to 1a7d42c9-30ae-494c-a633-8f230c07f01a at term 1 for appendEntries, leader elected after 5168ms
2019-07-13 22:43:18,649 INFO  segmented.SegmentedRaftLogWorker (SegmentedRaftLogWorker.java:execute(569)) - 1a7d42c9-30ae-494c-a633-8f230c07f01a-SegmentedRaftLogWorker:Storage Directory /tmp/workdir/hadoop-ozone/integration-test/target/test-dir/MiniOzoneClusterImpl-61a6064b-b46c-40a5-8a2c-660942024b76/datanode-2/data/ratis/d66645fc-4d4d-468b-a0a9-96d5e1b05d4c: created new log segment /tmp/workdir/hadoop-ozone/integration-test/target/test-dir/MiniOzoneClusterImpl-61a6064b-b46c-40a5-8a2c-660942024b76/datanode-2/data/ratis/d66645fc-4d4d-468b-a0a9-96d5e1b05d4c/current/log_inprogress_0
2019-07-13 22:43:18,653 INFO  impl.RaftServerImpl (ServerState.java:setRaftConf(361)) - 7221a50d-169b-4b76-8489-c824735d1007:group-96D5E1B05D4C set configuration 0: [1a7d42c9-30ae-494c-a633-8f230c07f01a:192.168.5.159:38382, 0f3acd4c-1ccf-4418-b1d4-38217ff2445b:192.168.5.159:34260, 7221a50d-169b-4b76-8489-c824735d1007:192.168.5.159:43191], old=null at 0
2019-07-13 22:43:18,653 INFO  impl.RaftServerImpl (ServerState.java:setRaftConf(361)) - 0f3acd4c-1ccf-4418-b1d4-38217ff2445b:group-96D5E1B05D4C set configuration 0: [1a7d42c9-30ae-494c-a633-8f230c07f01a:192.168.5.159:38382, 0f3acd4c-1ccf-4418-b1d4-38217ff2445b:192.168.5.159:34260, 7221a50d-169b-4b76-8489-c824735d1007:192.168.5.159:43191], old=null at 0
2019-07-13 22:43:18,653 INFO  segmented.SegmentedRaftLogWorker (SegmentedRaftLogWorker.java:startLogSegment(380)) - 7221a50d-169b-4b76-8489-c824735d1007-SegmentedRaftLogWorker:Storage Directory /tmp/workdir/hadoop-ozone/integration-test/target/test-dir/MiniOzoneClusterImpl-61a6064b-b46c-40a5-8a2c-660942024b76/datanode-6/data/ratis/d66645fc-4d4d-468b-a0a9-96d5e1b05d4c: Starting segment from index:0
2019-07-13 22:43:18,653 INFO  segmented.SegmentedRaftLogWorker (SegmentedRaftLogWorker.java:startLogSegment(380)) - 0f3acd4c-1ccf-4418-b1d4-38217ff2445b-SegmentedRaftLogWorker:Storage Directory /tmp/workdir/hadoop-ozone/integration-test/target/test-dir/MiniOzoneClusterImpl-61a6064b-b46c-40a5-8a2c-660942024b76/datanode-1/data/ratis/d66645fc-4d4d-468b-a0a9-96d5e1b05d4c: Starting segment from index:0
2019-07-13 22:43:18,675 INFO  segmented.SegmentedRaftLogWorker (SegmentedRaftLogWorker.java:execute(569)) - 0f3acd4c-1ccf-4418-b1d4-38217ff2445b-SegmentedRaftLogWorker:Storage Directory /tmp/workdir/hadoop-ozone/integration-test/target/test-dir/MiniOzoneClusterImpl-61a6064b-b46c-40a5-8a2c-660942024b76/datanode-1/data/ratis/d66645fc-4d4d-468b-a0a9-96d5e1b05d4c: created new log segment /tmp/workdir/hadoop-ozone/integration-test/target/test-dir/MiniOzoneClusterImpl-61a6064b-b46c-40a5-8a2c-660942024b76/datanode-1/data/ratis/d66645fc-4d4d-468b-a0a9-96d5e1b05d4c/current/log_inprogress_0
2019-07-13 22:43:18,681 INFO  segmented.SegmentedRaftLogWorker (SegmentedRaftLogWorker.java:execute(569)) - 7221a50d-169b-4b76-8489-c824735d1007-SegmentedRaftLogWorker:Storage Directory /tmp/workdir/hadoop-ozone/integration-test/target/test-dir/MiniOzoneClusterImpl-61a6064b-b46c-40a5-8a2c-660942024b76/datanode-6/data/ratis/d66645fc-4d4d-468b-a0a9-96d5e1b05d4c: created new log segment /tmp/workdir/hadoop-ozone/integration-test/target/test-dir/MiniOzoneClusterImpl-61a6064b-b46c-40a5-8a2c-660942024b76/datanode-6/data/ratis/d66645fc-4d4d-468b-a0a9-96d5e1b05d4c/current/log_inprogress_0
2019-07-13 22:43:19,919 INFO  ozoneimpl.OzoneContainer (OzoneContainer.java:stop(199)) - Attempting to stop container services.
2019-07-13 22:43:19,919 INFO  ozoneimpl.OzoneContainer (OzoneContainer.java:stop(199)) - Attempting to stop container services.
2019-07-13 22:43:19,921 INFO  impl.RaftServerProxy (RaftServerProxy.java:lambda$close$4(314)) - 27b8aa11-1529-43d1-926a-f94254e37905: close
2019-07-13 22:43:19,921 INFO  impl.RaftServerProxy (RaftServerProxy.java:lambda$close$4(314)) - 0f3acd4c-1ccf-4418-b1d4-38217ff2445b: close
2019-07-13 22:43:19,922 INFO  impl.RaftServerImpl (RaftServerImpl.java:lambda$shutdown$3(245)) - 27b8aa11-1529-43d1-926a-f94254e37905: shutdown group-5B824C01A96D
2019-07-13 22:43:19,922 INFO  impl.RaftServerImpl (RaftServerImpl.java:lambda$shutdown$3(245)) - 0f3acd4c-1ccf-4418-b1d4-38217ff2445b: shutdown group-BA4EC7D4FD4E
2019-07-13 22:43:19,923 INFO  util.JmxRegister (JmxRegister.java:unregister(73)) - Successfully un-registered JMX Bean with object name Ratis:service=RaftServer,group=group-5B824C01A96D,id=27b8aa11-1529-43d1-926a-f94254e37905
2019-07-13 22:43:19,923 INFO  util.JmxRegister (JmxRegister.java:unregister(73)) - Successfully un-registered JMX Bean with object name Ratis:service=RaftServer,group=group-BA4EC7D4FD4E,id=0f3acd4c-1ccf-4418-b1d4-38217ff2445b
2019-07-13 22:43:19,924 INFO  impl.RoleInfo (RoleInfo.java:shutdownLeaderState(104)) - 0f3acd4c-1ccf-4418-b1d4-38217ff2445b: shutdown LeaderState
2019-07-13 22:43:19,923 INFO  impl.RoleInfo (RoleInfo.java:shutdownLeaderState(104)) - 27b8aa11-1529-43d1-926a-f94254e37905: shutdown LeaderState
2019-07-13 22:43:19,924 INFO  impl.PendingRequests (PendingRequests.java:sendNotLeaderResponses(202)) - 0f3acd4c-1ccf-4418-b1d4-38217ff2445b-PendingRequests: sendNotLeaderResponses
2019-07-13 22:43:19,925 INFO  impl.PendingRequests (PendingRequests.java:sendNotLeaderResponses(202)) - 27b8aa11-1529-43d1-926a-f94254e37905-PendingRequests: sendNotLeaderResponses
2019-07-13 22:43:19,927 INFO  ratis.ContainerStateMachine (ContainerStateMachine.java:takeSnapshot(246)) - Taking snapshot at termIndex:(t:0, i:~)
2019-07-13 22:43:19,927 INFO  impl.StateMachineUpdater (StateMachineUpdater.java:stopAndJoin(115)) - StateMachineUpdater:0f3acd4c-1ccf-4418-b1d4-38217ff2445b:group-BA4EC7D4FD4E: set stopIndex = 0
2019-07-13 22:43:19,928 INFO  ratis.ContainerStateMachine (ContainerStateMachine.java:takeSnapshot(246)) - Taking snapshot at termIndex:(t:0, i:~)
2019-07-13 22:43:19,928 INFO  impl.StateMachineUpdater (StateMachineUpdater.java:stopAndJoin(115)) - StateMachineUpdater:27b8aa11-1529-43d1-926a-f94254e37905:group-5B824C01A96D: set stopIndex = 0
2019-07-13 22:43:19,929 INFO  impl.RaftServerImpl (ServerState.java:close(394)) - 27b8aa11-1529-43d1-926a-f94254e37905:group-5B824C01A96D closes. The last applied log index is 0
2019-07-13 22:43:19,928 INFO  impl.RaftServerImpl (ServerState.java:close(394)) - 0f3acd4c-1ccf-4418-b1d4-38217ff2445b:group-BA4EC7D4FD4E closes. The last applied log index is 0
2019-07-13 22:43:19,929 INFO  segmented.SegmentedRaftLogWorker (SegmentedRaftLogWorker.java:run(313)) - 27b8aa11-1529-43d1-926a-f94254e37905-SegmentedRaftLogWorker:Storage Directory /tmp/workdir/hadoop-ozone/integration-test/target/test-dir/MiniOzoneClusterImpl-61a6064b-b46c-40a5-8a2c-660942024b76/datanode-4/data/ratis/5da08eb3-e04b-421f-b0f1-5b824c01a96d was interrupted, exiting. There are 0 tasks remaining in the queue.
2019-07-13 22:43:19,930 INFO  segmented.SegmentedRaftLogWorker (SegmentedRaftLogWorker.java:run(313)) - 0f3acd4c-1ccf-4418-b1d4-38217ff2445b-SegmentedRaftLogWorker:Storage Directory /tmp/workdir/hadoop-ozone/integration-test/target/test-dir/MiniOzoneClusterImpl-61a6064b-b46c-40a5-8a2c-660942024b76/datanode-1/data/ratis/ae409458-127b-4a4f-8274-ba4ec7d4fd4e was interrupted, exiting. There are 0 tasks remaining in the queue.
2019-07-13 22:43:19,934 INFO  segmented.SegmentedRaftLogWorker (SegmentedRaftLogWorker.java:close(228)) - 27b8aa11-1529-43d1-926a-f94254e37905-SegmentedRaftLogWorker:Storage Directory /tmp/workdir/hadoop-ozone/integration-test/target/test-dir/MiniOzoneClusterImpl-61a6064b-b46c-40a5-8a2c-660942024b76/datanode-4/data/ratis/5da08eb3-e04b-421f-b0f1-5b824c01a96d close()
2019-07-13 22:43:19,934 INFO  segmented.SegmentedRaftLogWorker (SegmentedRaftLogWorker.java:close(228)) - 0f3acd4c-1ccf-4418-b1d4-38217ff2445b-SegmentedRaftLogWorker:Storage Directory /tmp/workdir/hadoop-ozone/integration-test/target/test-dir/MiniOzoneClusterImpl-61a6064b-b46c-40a5-8a2c-660942024b76/datanode-1/data/ratis/ae409458-127b-4a4f-8274-ba4ec7d4fd4e close()
2019-07-13 22:43:19,943 INFO  impl.RaftServerImpl (RaftServerImpl.java:lambda$shutdown$3(245)) - 0f3acd4c-1ccf-4418-b1d4-38217ff2445b: shutdown group-96D5E1B05D4C
2019-07-13 22:43:19,943 INFO  server.GrpcService (GrpcService.java:closeImpl(155)) - 27b8aa11-1529-43d1-926a-f94254e37905: shutdown server with port 33449 now
2019-07-13 22:43:19,943 INFO  util.JmxRegister (JmxRegister.java:unregister(73)) - Successfully un-registered JMX Bean with object name Ratis:service=RaftServer,group=group-96D5E1B05D4C,id=0f3acd4c-1ccf-4418-b1d4-38217ff2445b
2019-07-13 22:43:19,944 INFO  impl.RoleInfo (RoleInfo.java:shutdownFollowerState(121)) - 0f3acd4c-1ccf-4418-b1d4-38217ff2445b: shutdown FollowerState
2019-07-13 22:43:19,944 INFO  impl.StateMachineUpdater (StateMachineUpdater.java:stopAndJoin(115)) - StateMachineUpdater:0f3acd4c-1ccf-4418-b1d4-38217ff2445b:group-96D5E1B05D4C: set stopIndex = -1
2019-07-13 22:43:19,944 INFO  ratis.ContainerStateMachine (ContainerStateMachine.java:takeSnapshot(246)) - Taking snapshot at termIndex:(t:0, i:~)
2019-07-13 22:43:19,944 INFO  impl.FollowerState (FollowerState.java:run(114)) - 0f3acd4c-1ccf-4418-b1d4-38217ff2445b: FollowerState was interrupted: java.lang.InterruptedException: sleep interrupted
2019-07-13 22:43:19,947 INFO  impl.RaftServerImpl (ServerState.java:close(394)) - 0f3acd4c-1ccf-4418-b1d4-38217ff2445b:group-96D5E1B05D4C closes. The last applied log index is -1
2019-07-13 22:43:19,951 INFO  server.GrpcService (GrpcService.java:closeImpl(163)) - 27b8aa11-1529-43d1-926a-f94254e37905: shutdown server with port 33449 successfully
2019-07-13 22:43:19,951 INFO  segmented.SegmentedRaftLogWorker (SegmentedRaftLogWorker.java:run(313)) - 0f3acd4c-1ccf-4418-b1d4-38217ff2445b-SegmentedRaftLogWorker:Storage Directory /tmp/workdir/hadoop-ozone/integration-test/target/test-dir/MiniOzoneClusterImpl-61a6064b-b46c-40a5-8a2c-660942024b76/datanode-1/data/ratis/d66645fc-4d4d-468b-a0a9-96d5e1b05d4c was interrupted, exiting. There are 0 tasks remaining in the queue.
2019-07-13 22:43:19,955 INFO  segmented.SegmentedRaftLogWorker (SegmentedRaftLogWorker.java:close(228)) - 0f3acd4c-1ccf-4418-b1d4-38217ff2445b-SegmentedRaftLogWorker:Storage Directory /tmp/workdir/hadoop-ozone/integration-test/target/test-dir/MiniOzoneClusterImpl-61a6064b-b46c-40a5-8a2c-660942024b76/datanode-1/data/ratis/d66645fc-4d4d-468b-a0a9-96d5e1b05d4c close()
2019-07-13 22:43:19,960 INFO  server.GrpcService (GrpcService.java:closeImpl(155)) - 0f3acd4c-1ccf-4418-b1d4-38217ff2445b: shutdown server with port 34260 now
2019-07-13 22:43:19,967 INFO  utils.BackgroundService (BackgroundService.java:shutdown(148)) - Shutting down service BlockDeletingService
2019-07-13 22:43:19,972 INFO  server.GrpcService (GrpcService.java:closeImpl(163)) - 0f3acd4c-1ccf-4418-b1d4-38217ff2445b: shutdown server with port 34260 successfully
2019-07-13 22:43:19,972 WARN  server.GrpcServerProtocolService (LogUtils.java:warn(134)) - 0f3acd4c-1ccf-4418-b1d4-38217ff2445b: appendEntries onError: org.apache.ratis.thirdparty.io.grpc.StatusRuntimeException: CANCELLED: cancelled before receiving half close
2019-07-13 22:43:19,975 WARN  fs.CachingGetSpaceUsed (CachingGetSpaceUsed.java:run(183)) - Thread Interrupted waiting to refresh disk information: sleep interrupted
2019-07-13 22:43:19,975 WARN  server.GrpcLogAppender (LogUtils.java:warn(134)) - 1a7d42c9-30ae-494c-a633-8f230c07f01a->0f3acd4c-1ccf-4418-b1d4-38217ff2445b: Failed appendEntries: org.apache.ratis.thirdparty.io.grpc.StatusRuntimeException: CANCELLED: HTTP/2 error code: CANCEL
Received Rst Stream
2019-07-13 22:43:19,978 INFO  impl.FollowerInfo (FollowerInfo.java:lambda$new$0(50)) - 1a7d42c9-30ae-494c-a633-8f230c07f01a->0f3acd4c-1ccf-4418-b1d4-38217ff2445b: nextIndex: updateUnconditionally 1 -> 0
2019-07-13 22:43:19,980 INFO  utils.BackgroundService (BackgroundService.java:shutdown(148)) - Shutting down service BlockDeletingService
2019-07-13 22:43:19,982 WARN  fs.CachingGetSpaceUsed (CachingGetSpaceUsed.java:run(183)) - Thread Interrupted waiting to refresh disk information: sleep interrupted
2019-07-13 22:43:20,007 INFO  statemachine.DatanodeStateMachine (DatanodeStateMachine.java:stopDaemon(395)) - Ozone container server stopped.
2019-07-13 22:43:20,009 INFO  statemachine.DatanodeStateMachine (DatanodeStateMachine.java:stopDaemon(395)) - Ozone container server stopped.
2019-07-13 22:43:20,015 INFO  handler.ContextHandler (ContextHandler.java:doStop(910)) - Stopped o.e.j.w.WebAppContext@2e1eb85f{/,null,UNAVAILABLE}{/hddsDatanode}
2019-07-13 22:43:20,016 INFO  handler.ContextHandler (ContextHandler.java:doStop(910)) - Stopped o.e.j.w.WebAppContext@367d34c0{/,null,UNAVAILABLE}{/hddsDatanode}
2019-07-13 22:43:20,017 INFO  server.AbstractConnector (AbstractConnector.java:doStop(318)) - Stopped ServerConnector@ea7a4c3{HTTP/1.1,[http/1.1]}{0.0.0.0:0}
2019-07-13 22:43:20,017 INFO  server.AbstractConnector (AbstractConnector.java:doStop(318)) - Stopped ServerConnector@4ce25e47{HTTP/1.1,[http/1.1]}{0.0.0.0:0}
2019-07-13 22:43:20,019 INFO  handler.ContextHandler (ContextHandler.java:doStop(910)) - Stopped o.e.j.s.ServletContextHandler@364fd4ae{/static,jar:file:/home/user/.m2/repository/org/apache/hadoop/hadoop-hdds-container-service/0.5.0-SNAPSHOT/hadoop-hdds-container-service-0.5.0-SNAPSHOT.jar!/webapps/static,UNAVAILABLE}
2019-07-13 22:43:20,019 INFO  handler.ContextHandler (ContextHandler.java:doStop(910)) - Stopped o.e.j.s.ServletContextHandler@5fef0c19{/static,jar:file:/home/user/.m2/repository/org/apache/hadoop/hadoop-hdds-container-service/0.5.0-SNAPSHOT/hadoop-hdds-container-service-0.5.0-SNAPSHOT.jar!/webapps/static,UNAVAILABLE}
2019-07-13 22:43:20,021 INFO  handler.ContextHandler (ContextHandler.java:doStop(910)) - Stopped o.e.j.s.ServletContextHandler@359066bc{/logs,file:///tmp/workdir/hadoop-ozone/integration-test/target/log,UNAVAILABLE}
2019-07-13 22:43:20,022 INFO  handler.ContextHandler (ContextHandler.java:doStop(910)) - Stopped o.e.j.s.ServletContextHandler@615db358{/logs,file:///tmp/workdir/hadoop-ozone/integration-test/target/log,UNAVAILABLE}
2019-07-13 22:43:20,023 INFO  datanode.ObjectStoreHandler (ObjectStoreHandler.java:close(155)) - Closing ObjectStoreHandler.
2019-07-13 22:43:20,024 INFO  ozone.HddsDatanodeService (HddsDatanodeService.java:stop(452)) - Stopped plug-in org.apache.hadoop.ozone.web.OzoneHddsDatanodeService@7436364d
2019-07-13 22:43:20,024 INFO  datanode.ObjectStoreHandler (ObjectStoreHandler.java:close(155)) - Closing ObjectStoreHandler.
2019-07-13 22:43:20,025 INFO  ozone.HddsDatanodeService (HddsDatanodeService.java:stop(452)) - Stopped plug-in org.apache.hadoop.ozone.web.OzoneHddsDatanodeService@65da01f4
2019-07-13 22:43:20,081 INFO  statemachine.DatanodeStateMachine (DatanodeStateMachine.java:lambda$startDaemon$0(350)) - Ozone container server started.
2019-07-13 22:43:20,719 INFO  statemachine.DatanodeStateMachine (DatanodeStateMachine.java:lambda$startDaemon$0(350)) - Ozone container server started.
2019-07-13 22:43:21,197 WARN  server.GrpcLogAppender (LogUtils.java:warn(134)) - 1a7d42c9-30ae-494c-a633-8f230c07f01a->0f3acd4c-1ccf-4418-b1d4-38217ff2445b: Failed appendEntries: org.apache.ratis.thirdparty.io.grpc.StatusRuntimeException: UNAVAILABLE: io exception
2019-07-13 22:43:21,200 INFO  impl.FollowerInfo (FollowerInfo.java:lambda$new$0(50)) - 1a7d42c9-30ae-494c-a633-8f230c07f01a->0f3acd4c-1ccf-4418-b1d4-38217ff2445b: nextIndex: updateUnconditionally 0 -> 0
2019-07-13 22:43:23,695 WARN  server.GrpcLogAppender (LogUtils.java:warn(134)) - 1a7d42c9-30ae-494c-a633-8f230c07f01a->0f3acd4c-1ccf-4418-b1d4-38217ff2445b: Failed appendEntries: org.apache.ratis.thirdparty.io.grpc.StatusRuntimeException: UNAVAILABLE: io exception
2019-07-13 22:43:23,697 INFO  impl.FollowerInfo (FollowerInfo.java:lambda$new$0(50)) - 1a7d42c9-30ae-494c-a633-8f230c07f01a->0f3acd4c-1ccf-4418-b1d4-38217ff2445b: nextIndex: updateUnconditionally 0 -> 0
2019-07-13 22:43:25,025 INFO  ozoneimpl.OzoneContainer (OzoneContainer.java:stop(199)) - Attempting to stop container services.
2019-07-13 22:43:25,025 INFO  impl.RaftServerProxy (RaftServerProxy.java:lambda$close$4(314)) - 1a7d42c9-30ae-494c-a633-8f230c07f01a: close
2019-07-13 22:43:25,026 INFO  ozoneimpl.OzoneContainer (OzoneContainer.java:stop(199)) - Attempting to stop container services.
2019-07-13 22:43:25,026 INFO  impl.RaftServerImpl (RaftServerImpl.java:lambda$shutdown$3(245)) - 1a7d42c9-30ae-494c-a633-8f230c07f01a: shutdown group-D6566DBE630A
2019-07-13 22:43:25,026 INFO  impl.RaftServerProxy (RaftServerProxy.java:lambda$close$4(314)) - 4adb445a-e83e-44ce-ae55-701246e0e5b4: close
2019-07-13 22:43:25,027 INFO  util.JmxRegister (JmxRegister.java:unregister(73)) - Successfully un-registered JMX Bean with object name Ratis:service=RaftServer,group=group-D6566DBE630A,id=1a7d42c9-30ae-494c-a633-8f230c07f01a
2019-07-13 22:43:25,027 INFO  impl.RaftServerImpl (RaftServerImpl.java:lambda$shutdown$3(245)) - 4adb445a-e83e-44ce-ae55-701246e0e5b4: shutdown group-FA42CB45C019
2019-07-13 22:43:25,027 INFO  impl.RoleInfo (RoleInfo.java:shutdownLeaderState(104)) - 1a7d42c9-30ae-494c-a633-8f230c07f01a: shutdown LeaderState
2019-07-13 22:43:25,028 INFO  util.JmxRegister (JmxRegister.java:unregister(73)) - Successfully un-registered JMX Bean with object name Ratis:service=RaftServer,group=group-FA42CB45C019,id=4adb445a-e83e-44ce-ae55-701246e0e5b4
2019-07-13 22:43:25,028 INFO  impl.PendingRequests (PendingRequests.java:sendNotLeaderResponses(202)) - 1a7d42c9-30ae-494c-a633-8f230c07f01a-PendingRequests: sendNotLeaderResponses
2019-07-13 22:43:25,028 INFO  impl.RoleInfo (RoleInfo.java:shutdownLeaderState(104)) - 4adb445a-e83e-44ce-ae55-701246e0e5b4: shutdown LeaderState
2019-07-13 22:43:25,029 INFO  ratis.ContainerStateMachine (ContainerStateMachine.java:takeSnapshot(246)) - Taking snapshot at termIndex:(t:0, i:~)
2019-07-13 22:43:25,029 INFO  impl.StateMachineUpdater (StateMachineUpdater.java:stopAndJoin(115)) - StateMachineUpdater:1a7d42c9-30ae-494c-a633-8f230c07f01a:group-D6566DBE630A: set stopIndex = 0
2019-07-13 22:43:25,030 INFO  impl.RaftServerImpl (ServerState.java:close(394)) - 1a7d42c9-30ae-494c-a633-8f230c07f01a:group-D6566DBE630A closes. The last applied log index is 0
2019-07-13 22:43:25,029 INFO  impl.PendingRequests (PendingRequests.java:sendNotLeaderResponses(202)) - 4adb445a-e83e-44ce-ae55-701246e0e5b4-PendingRequests: sendNotLeaderResponses
2019-07-13 22:43:25,030 INFO  segmented.SegmentedRaftLogWorker (SegmentedRaftLogWorker.java:run(313)) - 1a7d42c9-30ae-494c-a633-8f230c07f01a-SegmentedRaftLogWorker:Storage Directory /tmp/workdir/hadoop-ozone/integration-test/target/test-dir/MiniOzoneClusterImpl-61a6064b-b46c-40a5-8a2c-660942024b76/datanode-2/data/ratis/560ab533-0c86-4378-b829-d6566dbe630a was interrupted, exiting. There are 0 tasks remaining in the queue.
2019-07-13 22:43:25,031 INFO  ratis.ContainerStateMachine (ContainerStateMachine.java:takeSnapshot(246)) - Taking snapshot at termIndex:(t:0, i:~)
2019-07-13 22:43:25,031 INFO  impl.StateMachineUpdater (StateMachineUpdater.java:stopAndJoin(115)) - StateMachineUpdater:4adb445a-e83e-44ce-ae55-701246e0e5b4:group-FA42CB45C019: set stopIndex = 0
2019-07-13 22:43:25,034 INFO  segmented.SegmentedRaftLogWorker (SegmentedRaftLogWorker.java:close(228)) - 1a7d42c9-30ae-494c-a633-8f230c07f01a-SegmentedRaftLogWorker:Storage Directory /tmp/workdir/hadoop-ozone/integration-test/target/test-dir/MiniOzoneClusterImpl-61a6064b-b46c-40a5-8a2c-660942024b76/datanode-2/data/ratis/560ab533-0c86-4378-b829-d6566dbe630a close()
2019-07-13 22:43:25,034 INFO  impl.RaftServerImpl (ServerState.java:close(394)) - 4adb445a-e83e-44ce-ae55-701246e0e5b4:group-FA42CB45C019 closes. The last applied log index is 0
2019-07-13 22:43:25,038 INFO  impl.RaftServerImpl (RaftServerImpl.java:lambda$shutdown$3(245)) - 1a7d42c9-30ae-494c-a633-8f230c07f01a: shutdown group-96D5E1B05D4C
2019-07-13 22:43:25,038 INFO  segmented.SegmentedRaftLogWorker (SegmentedRaftLogWorker.java:run(313)) - 4adb445a-e83e-44ce-ae55-701246e0e5b4-SegmentedRaftLogWorker:Storage Directory /tmp/workdir/hadoop-ozone/integration-test/target/test-dir/MiniOzoneClusterImpl-61a6064b-b46c-40a5-8a2c-660942024b76/datanode-3/data/ratis/d85fc3eb-c7a7-410c-8fa1-fa42cb45c019 was interrupted, exiting. There are 0 tasks remaining in the queue.
2019-07-13 22:43:25,038 INFO  util.JmxRegister (JmxRegister.java:unregister(73)) - Successfully un-registered JMX Bean with object name Ratis:service=RaftServer,group=group-96D5E1B05D4C,id=1a7d42c9-30ae-494c-a633-8f230c07f01a
2019-07-13 22:43:25,040 INFO  segmented.SegmentedRaftLogWorker (SegmentedRaftLogWorker.java:close(228)) - 4adb445a-e83e-44ce-ae55-701246e0e5b4-SegmentedRaftLogWorker:Storage Directory /tmp/workdir/hadoop-ozone/integration-test/target/test-dir/MiniOzoneClusterImpl-61a6064b-b46c-40a5-8a2c-660942024b76/datanode-3/data/ratis/d85fc3eb-c7a7-410c-8fa1-fa42cb45c019 close()
2019-07-13 22:43:25,040 INFO  impl.RoleInfo (RoleInfo.java:shutdownLeaderState(104)) - 1a7d42c9-30ae-494c-a633-8f230c07f01a: shutdown LeaderState
2019-07-13 22:43:25,044 INFO  impl.RaftServerImpl (RaftServerImpl.java:lambda$shutdown$3(245)) - 4adb445a-e83e-44ce-ae55-701246e0e5b4: shutdown group-EBB30435D358
2019-07-13 22:43:25,047 WARN  server.GrpcLogAppender (GrpcLogAppender.java:mayWait(143)) - GrpcLogAppender(1a7d42c9-30ae-494c-a633-8f230c07f01a->0f3acd4c-1ccf-4418-b1d4-38217ff2445b): Wait interrupted by java.lang.InterruptedException
2019-07-13 22:43:25,047 WARN  server.GrpcLogAppender (GrpcLogAppender.java:mayWait(143)) - GrpcLogAppender(1a7d42c9-30ae-494c-a633-8f230c07f01a->7221a50d-169b-4b76-8489-c824735d1007): Wait interrupted by java.lang.InterruptedException
2019-07-13 22:43:25,047 INFO  impl.PendingRequests (PendingRequests.java:sendNotLeaderResponses(202)) - 1a7d42c9-30ae-494c-a633-8f230c07f01a-PendingRequests: sendNotLeaderResponses
2019-07-13 22:43:25,048 INFO  util.JmxRegister (JmxRegister.java:unregister(73)) - Successfully un-registered JMX Bean with object name Ratis:service=RaftServer,group=group-EBB30435D358,id=4adb445a-e83e-44ce-ae55-701246e0e5b4
2019-07-13 22:43:25,052 INFO  server.GrpcServerProtocolService (GrpcServerProtocolService.java:onCompleted(104)) - 7221a50d-169b-4b76-8489-c824735d1007: appendEntries completed
2019-07-13 22:43:25,052 INFO  ratis.ContainerStateMachine (ContainerStateMachine.java:takeSnapshot(246)) - Taking snapshot at termIndex:(t:0, i:~)
2019-07-13 22:43:25,051 INFO  impl.StateMachineUpdater (StateMachineUpdater.java:stopAndJoin(115)) - StateMachineUpdater:1a7d42c9-30ae-494c-a633-8f230c07f01a:group-96D5E1B05D4C: set stopIndex = 0
2019-07-13 22:43:25,052 INFO  impl.RoleInfo (RoleInfo.java:shutdownFollowerState(121)) - 4adb445a-e83e-44ce-ae55-701246e0e5b4: shutdown FollowerState
2019-07-13 22:43:25,061 INFO  server.GrpcLogAppender (GrpcLogAppender.java:onCompleted(292)) - 1a7d42c9-30ae-494c-a633-8f230c07f01a->7221a50d-169b-4b76-8489-c824735d1007: follower responses appendEntries COMPLETED
2019-07-13 22:43:25,054 INFO  impl.RaftServerImpl (ServerState.java:close(394)) - 1a7d42c9-30ae-494c-a633-8f230c07f01a:group-96D5E1B05D4C closes. The last applied log index is 0
2019-07-13 22:43:25,061 INFO  impl.FollowerState (FollowerState.java:run(114)) - 4adb445a-e83e-44ce-ae55-701246e0e5b4: FollowerState was interrupted: java.lang.InterruptedException: sleep interrupted
2019-07-13 22:43:25,063 INFO  segmented.SegmentedRaftLogWorker (SegmentedRaftLogWorker.java:run(313)) - 1a7d42c9-30ae-494c-a633-8f230c07f01a-SegmentedRaftLogWorker:Storage Directory /tmp/workdir/hadoop-ozone/integration-test/target/test-dir/MiniOzoneClusterImpl-61a6064b-b46c-40a5-8a2c-660942024b76/datanode-2/data/ratis/d66645fc-4d4d-468b-a0a9-96d5e1b05d4c was interrupted, exiting. There are 0 tasks remaining in the queue.
2019-07-13 22:43:25,061 INFO  ratis.ContainerStateMachine (ContainerStateMachine.java:takeSnapshot(246)) - Taking snapshot at termIndex:(t:1, i:3)
2019-07-13 22:43:25,061 INFO  impl.StateMachineUpdater (StateMachineUpdater.java:stopAndJoin(115)) - StateMachineUpdater:4adb445a-e83e-44ce-ae55-701246e0e5b4:group-EBB30435D358: set stopIndex = 4
2019-07-13 22:43:25,070 INFO  ratis.ContainerStateMachine (ContainerStateMachine.java:takeSnapshot(250)) - Taking a snapshot to file /tmp/workdir/hadoop-ozone/integration-test/target/test-dir/MiniOzoneClusterImpl-61a6064b-b46c-40a5-8a2c-660942024b76/datanode-3/data/ratis/34daa35e-0d11-4768-bf34-ebb30435d358/sm/snapshot.1_3
2019-07-13 22:43:25,070 INFO  segmented.SegmentedRaftLogWorker (SegmentedRaftLogWorker.java:close(228)) - 1a7d42c9-30ae-494c-a633-8f230c07f01a-SegmentedRaftLogWorker:Storage Directory /tmp/workdir/hadoop-ozone/integration-test/target/test-dir/MiniOzoneClusterImpl-61a6064b-b46c-40a5-8a2c-660942024b76/datanode-2/data/ratis/d66645fc-4d4d-468b-a0a9-96d5e1b05d4c close()
2019-07-13 22:43:25,071 INFO  impl.StateMachineUpdater (StateMachineUpdater.java:takeSnapshot(242)) - StateMachineUpdater:4adb445a-e83e-44ce-ae55-701246e0e5b4:group-EBB30435D358: Took a snapshot at index 3
2019-07-13 22:43:25,063 INFO  impl.FollowerInfo (FollowerInfo.java:lambda$new$0(50)) - 1a7d42c9-30ae-494c-a633-8f230c07f01a->7221a50d-169b-4b76-8489-c824735d1007: nextIndex: updateUnconditionally 1 -> 0
2019-07-13 22:43:25,074 INFO  impl.StateMachineUpdater (StateMachineUpdater.java:lambda$new$0(80)) - StateMachineUpdater:4adb445a-e83e-44ce-ae55-701246e0e5b4:group-EBB30435D358: snapshotIndex: updateIncreasingly -1 -> 3
2019-07-13 22:43:25,074 INFO  server.GrpcService (GrpcService.java:closeImpl(155)) - 1a7d42c9-30ae-494c-a633-8f230c07f01a: shutdown server with port 38382 now
2019-07-13 22:43:25,075 INFO  impl.RaftServerImpl (ServerState.java:close(394)) - 4adb445a-e83e-44ce-ae55-701246e0e5b4:group-EBB30435D358 closes. The last applied log index is 4
2019-07-13 22:43:25,075 INFO  server.GrpcService (GrpcService.java:closeImpl(163)) - 1a7d42c9-30ae-494c-a633-8f230c07f01a: shutdown server with port 38382 successfully
2019-07-13 22:43:25,075 INFO  segmented.SegmentedRaftLogWorker (SegmentedRaftLogWorker.java:run(313)) - 4adb445a-e83e-44ce-ae55-701246e0e5b4-SegmentedRaftLogWorker:Storage Directory /tmp/workdir/hadoop-ozone/integration-test/target/test-dir/MiniOzoneClusterImpl-61a6064b-b46c-40a5-8a2c-660942024b76/datanode-3/data/ratis/34daa35e-0d11-4768-bf34-ebb30435d358 was interrupted, exiting. There are 0 tasks remaining in the queue.
2019-07-13 22:43:25,077 INFO  segmented.SegmentedRaftLogWorker (SegmentedRaftLogWorker.java:close(228)) - 4adb445a-e83e-44ce-ae55-701246e0e5b4-SegmentedRaftLogWorker:Storage Directory /tmp/workdir/hadoop-ozone/integration-test/target/test-dir/MiniOzoneClusterImpl-61a6064b-b46c-40a5-8a2c-660942024b76/datanode-3/data/ratis/34daa35e-0d11-4768-bf34-ebb30435d358 close()
2019-07-13 22:43:25,086 INFO  server.GrpcService (GrpcService.java:closeImpl(155)) - 4adb445a-e83e-44ce-ae55-701246e0e5b4: shutdown server with port 43271 now
2019-07-13 22:43:25,090 WARN  server.GrpcServerProtocolService (LogUtils.java:warn(134)) - 4adb445a-e83e-44ce-ae55-701246e0e5b4: appendEntries onError: org.apache.ratis.thirdparty.io.grpc.StatusRuntimeException: CANCELLED: cancelled before receiving half close
2019-07-13 22:43:25,091 INFO  server.GrpcService (GrpcService.java:closeImpl(163)) - 4adb445a-e83e-44ce-ae55-701246e0e5b4: shutdown server with port 43271 successfully
2019-07-13 22:43:25,091 WARN  server.GrpcLogAppender (LogUtils.java:warn(134)) - 8f8eab75-0175-460a-95dd-0d4271bcd0a2->4adb445a-e83e-44ce-ae55-701246e0e5b4: Failed appendEntries: org.apache.ratis.thirdparty.io.grpc.StatusRuntimeException: CANCELLED: HTTP/2 error code: CANCEL
Received Rst Stream
2019-07-13 22:43:25,093 INFO  impl.FollowerInfo (FollowerInfo.java:lambda$new$0(50)) - 8f8eab75-0175-460a-95dd-0d4271bcd0a2->4adb445a-e83e-44ce-ae55-701246e0e5b4: nextIndex: updateUnconditionally 5 -> 4
2019-07-13 22:43:25,108 INFO  utils.BackgroundService (BackgroundService.java:shutdown(148)) - Shutting down service BlockDeletingService
2019-07-13 22:43:25,113 WARN  fs.CachingGetSpaceUsed (CachingGetSpaceUsed.java:run(183)) - Thread Interrupted waiting to refresh disk information: sleep interrupted
2019-07-13 22:43:25,114 INFO  utils.BackgroundService (BackgroundService.java:shutdown(148)) - Shutting down service BlockDeletingService
2019-07-13 22:43:25,119 WARN  fs.CachingGetSpaceUsed (CachingGetSpaceUsed.java:run(183)) - Thread Interrupted waiting to refresh disk information: sleep interrupted
2019-07-13 22:43:25,129 INFO  statemachine.DatanodeStateMachine (DatanodeStateMachine.java:stopDaemon(395)) - Ozone container server stopped.
2019-07-13 22:43:25,134 INFO  handler.ContextHandler (ContextHandler.java:doStop(910)) - Stopped o.e.j.w.WebAppContext@7197b07f{/,null,UNAVAILABLE}{/hddsDatanode}
2019-07-13 22:43:25,136 INFO  server.AbstractConnector (AbstractConnector.java:doStop(318)) - Stopped ServerConnector@1f10fec6{HTTP/1.1,[http/1.1]}{0.0.0.0:0}
2019-07-13 22:43:25,137 INFO  handler.ContextHandler (ContextHandler.java:doStop(910)) - Stopped o.e.j.s.ServletContextHandler@62ade015{/static,jar:file:/home/user/.m2/repository/org/apache/hadoop/hadoop-hdds-container-service/0.5.0-SNAPSHOT/hadoop-hdds-container-service-0.5.0-SNAPSHOT.jar!/webapps/static,UNAVAILABLE}
2019-07-13 22:43:25,139 INFO  handler.ContextHandler (ContextHandler.java:doStop(910)) - Stopped o.e.j.s.ServletContextHandler@631c6d11{/logs,file:///tmp/workdir/hadoop-ozone/integration-test/target/log,UNAVAILABLE}
2019-07-13 22:43:25,140 INFO  datanode.ObjectStoreHandler (ObjectStoreHandler.java:close(155)) - Closing ObjectStoreHandler.
2019-07-13 22:43:25,142 INFO  ozone.HddsDatanodeService (HddsDatanodeService.java:stop(452)) - Stopped plug-in org.apache.hadoop.ozone.web.OzoneHddsDatanodeService@b4732dc
2019-07-13 22:43:25,147 INFO  statemachine.DatanodeStateMachine (DatanodeStateMachine.java:stopDaemon(395)) - Ozone container server stopped.
2019-07-13 22:43:25,148 INFO  handler.ContextHandler (ContextHandler.java:doStop(910)) - Stopped o.e.j.w.WebAppContext@6a2d867d{/,null,UNAVAILABLE}{/hddsDatanode}
2019-07-13 22:43:25,149 INFO  server.AbstractConnector (AbstractConnector.java:doStop(318)) - Stopped ServerConnector@73bb1337{HTTP/1.1,[http/1.1]}{0.0.0.0:0}
2019-07-13 22:43:25,149 INFO  handler.ContextHandler (ContextHandler.java:doStop(910)) - Stopped o.e.j.s.ServletContextHandler@cc9ef8d{/static,jar:file:/home/user/.m2/repository/org/apache/hadoop/hadoop-hdds-container-service/0.5.0-SNAPSHOT/hadoop-hdds-container-service-0.5.0-SNAPSHOT.jar!/webapps/static,UNAVAILABLE}
2019-07-13 22:43:25,150 INFO  handler.ContextHandler (ContextHandler.java:doStop(910)) - Stopped o.e.j.s.ServletContextHandler@1e30db85{/logs,file:///tmp/workdir/hadoop-ozone/integration-test/target/log,UNAVAILABLE}
2019-07-13 22:43:25,151 INFO  datanode.ObjectStoreHandler (ObjectStoreHandler.java:close(155)) - Closing ObjectStoreHandler.
2019-07-13 22:43:25,152 INFO  ozone.HddsDatanodeService (HddsDatanodeService.java:stop(452)) - Stopped plug-in org.apache.hadoop.ozone.web.OzoneHddsDatanodeService@28e7bb31
2019-07-13 22:43:25,728 INFO  statemachine.DatanodeStateMachine (DatanodeStateMachine.java:lambda$startDaemon$0(350)) - Ozone container server started.
2019-07-13 22:43:26,078 INFO  statemachine.DatanodeStateMachine (DatanodeStateMachine.java:lambda$startDaemon$0(350)) - Ozone container server started.
2019-07-13 22:43:27,300 WARN  server.GrpcLogAppender (LogUtils.java:warn(134)) - 8f8eab75-0175-460a-95dd-0d4271bcd0a2->4adb445a-e83e-44ce-ae55-701246e0e5b4: Failed appendEntries: org.apache.ratis.thirdparty.io.grpc.StatusRuntimeException: UNAVAILABLE: io exception
2019-07-13 22:43:27,302 INFO  impl.FollowerInfo (FollowerInfo.java:lambda$new$0(50)) - 8f8eab75-0175-460a-95dd-0d4271bcd0a2->4adb445a-e83e-44ce-ae55-701246e0e5b4: nextIndex: updateUnconditionally 4 -> 3
2019-07-13 22:43:29,801 WARN  server.GrpcLogAppender (LogUtils.java:warn(134)) - 8f8eab75-0175-460a-95dd-0d4271bcd0a2->4adb445a-e83e-44ce-ae55-701246e0e5b4: Failed appendEntries: org.apache.ratis.thirdparty.io.grpc.StatusRuntimeException: UNAVAILABLE: io exception
2019-07-13 22:43:29,808 INFO  impl.FollowerInfo (FollowerInfo.java:lambda$new$0(50)) - 8f8eab75-0175-460a-95dd-0d4271bcd0a2->4adb445a-e83e-44ce-ae55-701246e0e5b4: nextIndex: updateUnconditionally 3 -> 2
2019-07-13 22:43:30,143 INFO  ozoneimpl.OzoneContainer (OzoneContainer.java:stop(199)) - Attempting to stop container services.
2019-07-13 22:43:30,144 INFO  impl.RaftServerProxy (RaftServerProxy.java:lambda$close$4(314)) - 8f8eab75-0175-460a-95dd-0d4271bcd0a2: close
2019-07-13 22:43:30,144 INFO  impl.RaftServerImpl (RaftServerImpl.java:lambda$shutdown$3(245)) - 8f8eab75-0175-460a-95dd-0d4271bcd0a2: shutdown group-75B2F3CC18CF
2019-07-13 22:43:30,144 INFO  util.JmxRegister (JmxRegister.java:unregister(73)) - Successfully un-registered JMX Bean with object name Ratis:service=RaftServer,group=group-75B2F3CC18CF,id=8f8eab75-0175-460a-95dd-0d4271bcd0a2
2019-07-13 22:43:30,145 INFO  impl.RoleInfo (RoleInfo.java:shutdownLeaderState(104)) - 8f8eab75-0175-460a-95dd-0d4271bcd0a2: shutdown LeaderState
2019-07-13 22:43:30,145 INFO  impl.PendingRequests (PendingRequests.java:sendNotLeaderResponses(202)) - 8f8eab75-0175-460a-95dd-0d4271bcd0a2-PendingRequests: sendNotLeaderResponses
2019-07-13 22:43:30,146 INFO  impl.StateMachineUpdater (StateMachineUpdater.java:stopAndJoin(115)) - StateMachineUpdater:8f8eab75-0175-460a-95dd-0d4271bcd0a2:group-75B2F3CC18CF: set stopIndex = 0
2019-07-13 22:43:30,146 INFO  ratis.ContainerStateMachine (ContainerStateMachine.java:takeSnapshot(246)) - Taking snapshot at termIndex:(t:0, i:~)
2019-07-13 22:43:30,146 INFO  impl.RaftServerImpl (ServerState.java:close(394)) - 8f8eab75-0175-460a-95dd-0d4271bcd0a2:group-75B2F3CC18CF closes. The last applied log index is 0
2019-07-13 22:43:30,147 INFO  segmented.SegmentedRaftLogWorker (SegmentedRaftLogWorker.java:run(313)) - 8f8eab75-0175-460a-95dd-0d4271bcd0a2-SegmentedRaftLogWorker:Storage Directory /tmp/workdir/hadoop-ozone/integration-test/target/test-dir/MiniOzoneClusterImpl-61a6064b-b46c-40a5-8a2c-660942024b76/datanode-0/data/ratis/6dc37ec0-8b2c-4880-9fbb-75b2f3cc18cf was interrupted, exiting. There are 0 tasks remaining in the queue.
2019-07-13 22:43:30,148 INFO  segmented.SegmentedRaftLogWorker (SegmentedRaftLogWorker.java:close(228)) - 8f8eab75-0175-460a-95dd-0d4271bcd0a2-SegmentedRaftLogWorker:Storage Directory /tmp/workdir/hadoop-ozone/integration-test/target/test-dir/MiniOzoneClusterImpl-61a6064b-b46c-40a5-8a2c-660942024b76/datanode-0/data/ratis/6dc37ec0-8b2c-4880-9fbb-75b2f3cc18cf close()
2019-07-13 22:43:30,150 INFO  impl.RaftServerImpl (RaftServerImpl.java:lambda$shutdown$3(245)) - 8f8eab75-0175-460a-95dd-0d4271bcd0a2: shutdown group-EBB30435D358
2019-07-13 22:43:30,150 INFO  util.JmxRegister (JmxRegister.java:unregister(73)) - Successfully un-registered JMX Bean with object name Ratis:service=RaftServer,group=group-EBB30435D358,id=8f8eab75-0175-460a-95dd-0d4271bcd0a2
2019-07-13 22:43:30,151 INFO  impl.RoleInfo (RoleInfo.java:shutdownLeaderState(104)) - 8f8eab75-0175-460a-95dd-0d4271bcd0a2: shutdown LeaderState
2019-07-13 22:43:30,154 INFO  impl.PendingRequests (PendingRequests.java:sendNotLeaderResponses(202)) - 8f8eab75-0175-460a-95dd-0d4271bcd0a2-PendingRequests: sendNotLeaderResponses
2019-07-13 22:43:30,154 INFO  ozoneimpl.OzoneContainer (OzoneContainer.java:stop(199)) - Attempting to stop container services.
2019-07-13 22:43:30,157 INFO  impl.StateMachineUpdater (StateMachineUpdater.java:stopAndJoin(115)) - StateMachineUpdater:8f8eab75-0175-460a-95dd-0d4271bcd0a2:group-EBB30435D358: set stopIndex = 4
2019-07-13 22:43:30,154 WARN  server.GrpcLogAppender (GrpcLogAppender.java:mayWait(143)) - GrpcLogAppender(8f8eab75-0175-460a-95dd-0d4271bcd0a2->4adb445a-e83e-44ce-ae55-701246e0e5b4): Wait interrupted by java.lang.InterruptedException
2019-07-13 22:43:30,154 WARN  server.GrpcLogAppender (GrpcLogAppender.java:mayWait(143)) - GrpcLogAppender(8f8eab75-0175-460a-95dd-0d4271bcd0a2->1eafab87-0301-40c0-9717-194aaf9a5d3b): Wait interrupted by java.lang.InterruptedException
2019-07-13 22:43:30,157 INFO  impl.RaftServerProxy (RaftServerProxy.java:lambda$close$4(314)) - 7221a50d-169b-4b76-8489-c824735d1007: close
2019-07-13 22:43:30,157 INFO  ratis.ContainerStateMachine (ContainerStateMachine.java:takeSnapshot(246)) - Taking snapshot at termIndex:(t:1, i:4)
2019-07-13 22:43:30,158 INFO  impl.RaftServerImpl (RaftServerImpl.java:lambda$shutdown$3(245)) - 7221a50d-169b-4b76-8489-c824735d1007: shutdown group-F274E202B35C
2019-07-13 22:43:30,158 INFO  server.GrpcServerProtocolService (GrpcServerProtocolService.java:onCompleted(104)) - 1eafab87-0301-40c0-9717-194aaf9a5d3b: appendEntries completed
2019-07-13 22:43:30,158 INFO  ratis.ContainerStateMachine (ContainerStateMachine.java:takeSnapshot(250)) - Taking a snapshot to file /tmp/workdir/hadoop-ozone/integration-test/target/test-dir/MiniOzoneClusterImpl-61a6064b-b46c-40a5-8a2c-660942024b76/datanode-0/data/ratis/34daa35e-0d11-4768-bf34-ebb30435d358/sm/snapshot.1_4
2019-07-13 22:43:30,159 INFO  util.JmxRegister (JmxRegister.java:unregister(73)) - Successfully un-registered JMX Bean with object name Ratis:service=RaftServer,group=group-F274E202B35C,id=7221a50d-169b-4b76-8489-c824735d1007
2019-07-13 22:43:30,159 INFO  impl.StateMachineUpdater (StateMachineUpdater.java:takeSnapshot(242)) - StateMachineUpdater:8f8eab75-0175-460a-95dd-0d4271bcd0a2:group-EBB30435D358: Took a snapshot at index 4
2019-07-13 22:43:30,160 INFO  server.GrpcLogAppender (GrpcLogAppender.java:onCompleted(292)) - 8f8eab75-0175-460a-95dd-0d4271bcd0a2->1eafab87-0301-40c0-9717-194aaf9a5d3b: follower responses appendEntries COMPLETED
2019-07-13 22:43:30,159 INFO  impl.RoleInfo (RoleInfo.java:shutdownLeaderState(104)) - 7221a50d-169b-4b76-8489-c824735d1007: shutdown LeaderState
2019-07-13 22:43:30,160 INFO  impl.FollowerInfo (FollowerInfo.java:lambda$new$0(50)) - 8f8eab75-0175-460a-95dd-0d4271bcd0a2->1eafab87-0301-40c0-9717-194aaf9a5d3b: nextIndex: updateUnconditionally 5 -> 4
2019-07-13 22:43:30,160 INFO  impl.StateMachineUpdater (StateMachineUpdater.java:lambda$new$0(80)) - StateMachineUpdater:8f8eab75-0175-460a-95dd-0d4271bcd0a2:group-EBB30435D358: snapshotIndex: updateIncreasingly -1 -> 4
2019-07-13 22:43:30,160 INFO  impl.PendingRequests (PendingRequests.java:sendNotLeaderResponses(202)) - 7221a50d-169b-4b76-8489-c824735d1007-PendingRequests: sendNotLeaderResponses
2019-07-13 22:43:30,161 INFO  impl.RaftServerImpl (ServerState.java:close(394)) - 8f8eab75-0175-460a-95dd-0d4271bcd0a2:group-EBB30435D358 closes. The last applied log index is 4
2019-07-13 22:43:30,161 INFO  ratis.ContainerStateMachine (ContainerStateMachine.java:takeSnapshot(246)) - Taking snapshot at termIndex:(t:0, i:~)
2019-07-13 22:43:30,162 INFO  segmented.SegmentedRaftLogWorker (SegmentedRaftLogWorker.java:run(313)) - 8f8eab75-0175-460a-95dd-0d4271bcd0a2-SegmentedRaftLogWorker:Storage Directory /tmp/workdir/hadoop-ozone/integration-test/target/test-dir/MiniOzoneClusterImpl-61a6064b-b46c-40a5-8a2c-660942024b76/datanode-0/data/ratis/34daa35e-0d11-4768-bf34-ebb30435d358 was interrupted, exiting. There are 0 tasks remaining in the queue.
2019-07-13 22:43:30,161 INFO  impl.StateMachineUpdater (StateMachineUpdater.java:stopAndJoin(115)) - StateMachineUpdater:7221a50d-169b-4b76-8489-c824735d1007:group-F274E202B35C: set stopIndex = 0
2019-07-13 22:43:30,162 INFO  segmented.SegmentedRaftLogWorker (SegmentedRaftLogWorker.java:close(228)) - 8f8eab75-0175-460a-95dd-0d4271bcd0a2-SegmentedRaftLogWorker:Storage Directory /tmp/workdir/hadoop-ozone/integration-test/target/test-dir/MiniOzoneClusterImpl-61a6064b-b46c-40a5-8a2c-660942024b76/datanode-0/data/ratis/34daa35e-0d11-4768-bf34-ebb30435d358 close()
2019-07-13 22:43:30,162 INFO  impl.RaftServerImpl (ServerState.java:close(394)) - 7221a50d-169b-4b76-8489-c824735d1007:group-F274E202B35C closes. The last applied log index is 0
2019-07-13 22:43:30,164 INFO  server.GrpcService (GrpcService.java:closeImpl(155)) - 8f8eab75-0175-460a-95dd-0d4271bcd0a2: shutdown server with port 46470 now
2019-07-13 22:43:30,165 INFO  segmented.SegmentedRaftLogWorker (SegmentedRaftLogWorker.java:run(313)) - 7221a50d-169b-4b76-8489-c824735d1007-SegmentedRaftLogWorker:Storage Directory /tmp/workdir/hadoop-ozone/integration-test/target/test-dir/MiniOzoneClusterImpl-61a6064b-b46c-40a5-8a2c-660942024b76/datanode-6/data/ratis/9deceff7-0146-4160-a27b-f274e202b35c was interrupted, exiting. There are 0 tasks remaining in the queue.
2019-07-13 22:43:30,165 INFO  segmented.SegmentedRaftLogWorker (SegmentedRaftLogWorker.java:close(228)) - 7221a50d-169b-4b76-8489-c824735d1007-SegmentedRaftLogWorker:Storage Directory /tmp/workdir/hadoop-ozone/integration-test/target/test-dir/MiniOzoneClusterImpl-61a6064b-b46c-40a5-8a2c-660942024b76/datanode-6/data/ratis/9deceff7-0146-4160-a27b-f274e202b35c close()
2019-07-13 22:43:30,165 INFO  server.GrpcService (GrpcService.java:closeImpl(163)) - 8f8eab75-0175-460a-95dd-0d4271bcd0a2: shutdown server with port 46470 successfully
2019-07-13 22:43:30,167 INFO  impl.RaftServerImpl (RaftServerImpl.java:lambda$shutdown$3(245)) - 7221a50d-169b-4b76-8489-c824735d1007: shutdown group-96D5E1B05D4C
2019-07-13 22:43:30,167 INFO  util.JmxRegister (JmxRegister.java:unregister(73)) - Successfully un-registered JMX Bean with object name Ratis:service=RaftServer,group=group-96D5E1B05D4C,id=7221a50d-169b-4b76-8489-c824735d1007
2019-07-13 22:43:30,168 INFO  impl.RoleInfo (RoleInfo.java:shutdownFollowerState(121)) - 7221a50d-169b-4b76-8489-c824735d1007: shutdown FollowerState
2019-07-13 22:43:30,168 INFO  impl.StateMachineUpdater (StateMachineUpdater.java:stopAndJoin(115)) - StateMachineUpdater:7221a50d-169b-4b76-8489-c824735d1007:group-96D5E1B05D4C: set stopIndex = 0
2019-07-13 22:43:30,168 INFO  impl.FollowerState (FollowerState.java:run(114)) - 7221a50d-169b-4b76-8489-c824735d1007: FollowerState was interrupted: java.lang.InterruptedException: sleep interrupted
2019-07-13 22:43:30,168 INFO  ratis.ContainerStateMachine (ContainerStateMachine.java:takeSnapshot(246)) - Taking snapshot at termIndex:(t:0, i:~)
2019-07-13 22:43:30,171 INFO  impl.RaftServerImpl (ServerState.java:close(394)) - 7221a50d-169b-4b76-8489-c824735d1007:group-96D5E1B05D4C closes. The last applied log index is 0
2019-07-13 22:43:30,171 INFO  segmented.SegmentedRaftLogWorker (SegmentedRaftLogWorker.java:run(313)) - 7221a50d-169b-4b76-8489-c824735d1007-SegmentedRaftLogWorker:Storage Directory /tmp/workdir/hadoop-ozone/integration-test/target/test-dir/MiniOzoneClusterImpl-61a6064b-b46c-40a5-8a2c-660942024b76/datanode-6/data/ratis/d66645fc-4d4d-468b-a0a9-96d5e1b05d4c was interrupted, exiting. There are 0 tasks remaining in the queue.
2019-07-13 22:43:30,172 INFO  segmented.SegmentedRaftLogWorker (SegmentedRaftLogWorker.java:close(228)) - 7221a50d-169b-4b76-8489-c824735d1007-SegmentedRaftLogWorker:Storage Directory /tmp/workdir/hadoop-ozone/integration-test/target/test-dir/MiniOzoneClusterImpl-61a6064b-b46c-40a5-8a2c-660942024b76/datanode-6/data/ratis/d66645fc-4d4d-468b-a0a9-96d5e1b05d4c close()
2019-07-13 22:43:30,173 INFO  server.GrpcService (GrpcService.java:closeImpl(155)) - 7221a50d-169b-4b76-8489-c824735d1007: shutdown server with port 43191 now
2019-07-13 22:43:30,174 INFO  server.GrpcService (GrpcService.java:closeImpl(163)) - 7221a50d-169b-4b76-8489-c824735d1007: shutdown server with port 43191 successfully
2019-07-13 22:43:30,176 INFO  utils.BackgroundService (BackgroundService.java:shutdown(148)) - Shutting down service BlockDeletingService
2019-07-13 22:43:30,178 WARN  fs.CachingGetSpaceUsed (CachingGetSpaceUsed.java:run(183)) - Thread Interrupted waiting to refresh disk information: sleep interrupted
2019-07-13 22:43:30,188 INFO  utils.BackgroundService (BackgroundService.java:shutdown(148)) - Shutting down service BlockDeletingService
2019-07-13 22:43:30,194 WARN  fs.CachingGetSpaceUsed (CachingGetSpaceUsed.java:run(183)) - Thread Interrupted waiting to refresh disk information: sleep interrupted
2019-07-13 22:43:30,206 INFO  statemachine.DatanodeStateMachine (DatanodeStateMachine.java:stopDaemon(395)) - Ozone container server stopped.
2019-07-13 22:43:30,208 INFO  handler.ContextHandler (ContextHandler.java:doStop(910)) - Stopped o.e.j.w.WebAppContext@418f0534{/,null,UNAVAILABLE}{/hddsDatanode}
2019-07-13 22:43:30,209 INFO  server.AbstractConnector (AbstractConnector.java:doStop(318)) - Stopped ServerConnector@3dfd7eaa{HTTP/1.1,[http/1.1]}{0.0.0.0:0}
2019-07-13 22:43:30,210 INFO  handler.ContextHandler (ContextHandler.java:doStop(910)) - Stopped o.e.j.s.ServletContextHandler@782fd504{/static,jar:file:/home/user/.m2/repository/org/apache/hadoop/hadoop-hdds-container-service/0.5.0-SNAPSHOT/hadoop-hdds-container-service-0.5.0-SNAPSHOT.jar!/webapps/static,UNAVAILABLE}
2019-07-13 22:43:30,211 INFO  handler.ContextHandler (ContextHandler.java:doStop(910)) - Stopped o.e.j.s.ServletContextHandler@6568f998{/logs,file:///tmp/workdir/hadoop-ozone/integration-test/target/log,UNAVAILABLE}
2019-07-13 22:43:30,213 INFO  statemachine.DatanodeStateMachine (DatanodeStateMachine.java:stopDaemon(395)) - Ozone container server stopped.
2019-07-13 22:43:30,217 INFO  handler.ContextHandler (ContextHandler.java:doStop(910)) - Stopped o.e.j.w.WebAppContext@37e0292a{/,null,UNAVAILABLE}{/hddsDatanode}
2019-07-13 22:43:30,217 INFO  datanode.ObjectStoreHandler (ObjectStoreHandler.java:close(155)) - Closing ObjectStoreHandler.
2019-07-13 22:43:30,217 INFO  server.AbstractConnector (AbstractConnector.java:doStop(318)) - Stopped ServerConnector@4af70944{HTTP/1.1,[http/1.1]}{0.0.0.0:0}
2019-07-13 22:43:30,218 INFO  handler.ContextHandler (ContextHandler.java:doStop(910)) - Stopped o.e.j.s.ServletContextHandler@7915bca3{/static,jar:file:/home/user/.m2/repository/org/apache/hadoop/hadoop-hdds-container-service/0.5.0-SNAPSHOT/hadoop-hdds-container-service-0.5.0-SNAPSHOT.jar!/webapps/static,UNAVAILABLE}
2019-07-13 22:43:30,218 INFO  ozone.HddsDatanodeService (HddsDatanodeService.java:stop(452)) - Stopped plug-in org.apache.hadoop.ozone.web.OzoneHddsDatanodeService@16f15ae9
2019-07-13 22:43:30,220 INFO  handler.ContextHandler (ContextHandler.java:doStop(910)) - Stopped o.e.j.s.ServletContextHandler@36cc9385{/logs,file:///tmp/workdir/hadoop-ozone/integration-test/target/log,UNAVAILABLE}
2019-07-13 22:43:30,728 INFO  statemachine.DatanodeStateMachine (DatanodeStateMachine.java:lambda$startDaemon$0(350)) - Ozone container server started.
2019-07-13 22:43:35,220 INFO  ozoneimpl.OzoneContainer (OzoneContainer.java:stop(199)) - Attempting to stop container services.
2019-07-13 22:43:35,221 INFO  impl.RaftServerProxy (RaftServerProxy.java:lambda$close$4(314)) - 1eafab87-0301-40c0-9717-194aaf9a5d3b: close
2019-07-13 22:43:35,222 INFO  impl.RaftServerImpl (RaftServerImpl.java:lambda$shutdown$3(245)) - 1eafab87-0301-40c0-9717-194aaf9a5d3b: shutdown group-EBB30435D358
2019-07-13 22:43:35,222 INFO  impl.RaftServerImpl (RaftServerImpl.java:lambda$shutdown$3(245)) - 1eafab87-0301-40c0-9717-194aaf9a5d3b: shutdown group-6291A1B9D90E
2019-07-13 22:43:35,222 INFO  util.JmxRegister (JmxRegister.java:unregister(73)) - Successfully un-registered JMX Bean with object name Ratis:service=RaftServer,group=group-EBB30435D358,id=1eafab87-0301-40c0-9717-194aaf9a5d3b
2019-07-13 22:43:35,223 INFO  util.JmxRegister (JmxRegister.java:unregister(73)) - Successfully un-registered JMX Bean with object name Ratis:service=RaftServer,group=group-6291A1B9D90E,id=1eafab87-0301-40c0-9717-194aaf9a5d3b
2019-07-13 22:43:35,223 INFO  impl.RoleInfo (RoleInfo.java:shutdownFollowerState(121)) - 1eafab87-0301-40c0-9717-194aaf9a5d3b: shutdown FollowerState
2019-07-13 22:43:35,223 INFO  impl.RoleInfo (RoleInfo.java:shutdownLeaderState(104)) - 1eafab87-0301-40c0-9717-194aaf9a5d3b: shutdown LeaderState
2019-07-13 22:43:35,224 INFO  impl.FollowerState (FollowerState.java:run(114)) - 1eafab87-0301-40c0-9717-194aaf9a5d3b: FollowerState was interrupted: java.lang.InterruptedException: sleep interrupted
2019-07-13 22:43:35,224 INFO  impl.StateMachineUpdater (StateMachineUpdater.java:stopAndJoin(115)) - StateMachineUpdater:1eafab87-0301-40c0-9717-194aaf9a5d3b:group-EBB30435D358: set stopIndex = 4
2019-07-13 22:43:35,224 INFO  impl.PendingRequests (PendingRequests.java:sendNotLeaderResponses(202)) - 1eafab87-0301-40c0-9717-194aaf9a5d3b-PendingRequests: sendNotLeaderResponses
2019-07-13 22:43:35,224 INFO  ratis.ContainerStateMachine (ContainerStateMachine.java:takeSnapshot(246)) - Taking snapshot at termIndex:(t:1, i:3)
2019-07-13 22:43:35,225 INFO  impl.StateMachineUpdater (StateMachineUpdater.java:stopAndJoin(115)) - StateMachineUpdater:1eafab87-0301-40c0-9717-194aaf9a5d3b:group-6291A1B9D90E: set stopIndex = 0
2019-07-13 22:43:35,225 INFO  ratis.ContainerStateMachine (ContainerStateMachine.java:takeSnapshot(246)) - Taking snapshot at termIndex:(t:0, i:~)
2019-07-13 22:43:35,225 INFO  ratis.ContainerStateMachine (ContainerStateMachine.java:takeSnapshot(250)) - Taking a snapshot to file /tmp/workdir/hadoop-ozone/integration-test/target/test-dir/MiniOzoneClusterImpl-61a6064b-b46c-40a5-8a2c-660942024b76/datanode-5/data/ratis/34daa35e-0d11-4768-bf34-ebb30435d358/sm/snapshot.1_3
2019-07-13 22:43:35,226 INFO  impl.RaftServerImpl (ServerState.java:close(394)) - 1eafab87-0301-40c0-9717-194aaf9a5d3b:group-6291A1B9D90E closes. The last applied log index is 0
2019-07-13 22:43:35,226 INFO  segmented.SegmentedRaftLogWorker (SegmentedRaftLogWorker.java:run(313)) - 1eafab87-0301-40c0-9717-194aaf9a5d3b-SegmentedRaftLogWorker:Storage Directory /tmp/workdir/hadoop-ozone/integration-test/target/test-dir/MiniOzoneClusterImpl-61a6064b-b46c-40a5-8a2c-660942024b76/datanode-5/data/ratis/37999338-d638-47e7-8b77-6291a1b9d90e was interrupted, exiting. There are 0 tasks remaining in the queue.
2019-07-13 22:43:35,226 INFO  impl.StateMachineUpdater (StateMachineUpdater.java:takeSnapshot(242)) - StateMachineUpdater:1eafab87-0301-40c0-9717-194aaf9a5d3b:group-EBB30435D358: Took a snapshot at index 3
2019-07-13 22:43:35,226 INFO  impl.StateMachineUpdater (StateMachineUpdater.java:lambda$new$0(80)) - StateMachineUpdater:1eafab87-0301-40c0-9717-194aaf9a5d3b:group-EBB30435D358: snapshotIndex: updateIncreasingly -1 -> 3
2019-07-13 22:43:35,227 INFO  impl.RaftServerImpl (ServerState.java:close(394)) - 1eafab87-0301-40c0-9717-194aaf9a5d3b:group-EBB30435D358 closes. The last applied log index is 4
2019-07-13 22:43:35,228 INFO  segmented.SegmentedRaftLogWorker (SegmentedRaftLogWorker.java:run(313)) - 1eafab87-0301-40c0-9717-194aaf9a5d3b-SegmentedRaftLogWorker:Storage Directory /tmp/workdir/hadoop-ozone/integration-test/target/test-dir/MiniOzoneClusterImpl-61a6064b-b46c-40a5-8a2c-660942024b76/datanode-5/data/ratis/34daa35e-0d11-4768-bf34-ebb30435d358 was interrupted, exiting. There are 0 tasks remaining in the queue.
2019-07-13 22:43:35,230 INFO  segmented.SegmentedRaftLogWorker (SegmentedRaftLogWorker.java:close(228)) - 1eafab87-0301-40c0-9717-194aaf9a5d3b-SegmentedRaftLogWorker:Storage Directory /tmp/workdir/hadoop-ozone/integration-test/target/test-dir/MiniOzoneClusterImpl-61a6064b-b46c-40a5-8a2c-660942024b76/datanode-5/data/ratis/37999338-d638-47e7-8b77-6291a1b9d90e close()
2019-07-13 22:43:35,230 INFO  segmented.SegmentedRaftLogWorker (SegmentedRaftLogWorker.java:close(228)) - 1eafab87-0301-40c0-9717-194aaf9a5d3b-SegmentedRaftLogWorker:Storage Directory /tmp/workdir/hadoop-ozone/integration-test/target/test-dir/MiniOzoneClusterImpl-61a6064b-b46c-40a5-8a2c-660942024b76/datanode-5/data/ratis/34daa35e-0d11-4768-bf34-ebb30435d358 close()
2019-07-13 22:43:35,233 INFO  server.GrpcService (GrpcService.java:closeImpl(155)) - 1eafab87-0301-40c0-9717-194aaf9a5d3b: shutdown server with port 43655 now
2019-07-13 22:43:35,234 INFO  server.GrpcService (GrpcService.java:closeImpl(163)) - 1eafab87-0301-40c0-9717-194aaf9a5d3b: shutdown server with port 43655 successfully
2019-07-13 22:43:35,236 INFO  utils.BackgroundService (BackgroundService.java:shutdown(148)) - Shutting down service BlockDeletingService
2019-07-13 22:43:35,238 WARN  fs.CachingGetSpaceUsed (CachingGetSpaceUsed.java:run(183)) - Thread Interrupted waiting to refresh disk information: sleep interrupted
2019-07-13 22:43:35,256 INFO  statemachine.DatanodeStateMachine (DatanodeStateMachine.java:stopDaemon(395)) - Ozone container server stopped.
2019-07-13 22:43:35,258 INFO  handler.ContextHandler (ContextHandler.java:doStop(910)) - Stopped o.e.j.w.WebAppContext@561f9d92{/,null,UNAVAILABLE}{/hddsDatanode}
2019-07-13 22:43:35,259 INFO  server.AbstractConnector (AbstractConnector.java:doStop(318)) - Stopped ServerConnector@1c84d80a{HTTP/1.1,[http/1.1]}{0.0.0.0:0}
2019-07-13 22:43:35,259 INFO  handler.ContextHandler (ContextHandler.java:doStop(910)) - Stopped o.e.j.s.ServletContextHandler@2d4a3e13{/static,jar:file:/home/user/.m2/repository/org/apache/hadoop/hadoop-hdds-container-service/0.5.0-SNAPSHOT/hadoop-hdds-container-service-0.5.0-SNAPSHOT.jar!/webapps/static,UNAVAILABLE}
2019-07-13 22:43:35,260 INFO  handler.ContextHandler (ContextHandler.java:doStop(910)) - Stopped o.e.j.s.ServletContextHandler@6885ed19{/logs,file:///tmp/workdir/hadoop-ozone/integration-test/target/log,UNAVAILABLE}
2019-07-13 22:43:35,262 INFO  ozone.MiniOzoneClusterImpl (MiniOzoneClusterImpl.java:stop(353)) - Stopping the StorageContainerManager
2019-07-13 22:43:35,262 INFO  server.StorageContainerManager (StorageContainerManager.java:stop(796)) - Stopping Replication Manager Service.
2019-07-13 22:43:35,262 INFO  container.ReplicationManager (ReplicationManager.java:stop(187)) - Stopping Replication Monitor Thread.
2019-07-13 22:43:35,262 INFO  server.StorageContainerManager (StorageContainerManager.java:stop(803)) - Stopping Lease Manager of the command watchers
2019-07-13 22:43:35,263 INFO  server.StorageContainerManager (StorageContainerManager.java:stop(810)) - Stopping datanode service RPC server
2019-07-13 22:43:35,263 INFO  server.SCMDatanodeProtocolServer (SCMDatanodeProtocolServer.java:stop(375)) - Stopping the RPC server for DataNodes
2019-07-13 22:43:35,263 INFO  ipc.Server (Server.java:stop(3082)) - Stopping server on 33067
2019-07-13 22:43:35,266 INFO  ipc.Server (Server.java:run(1185)) - Stopping IPC Server listener on 33067
2019-07-13 22:43:35,266 INFO  ipc.Server (Server.java:run(1319)) - Stopping IPC Server Responder
2019-07-13 22:43:35,318 WARN  node.NodeStateManager (NodeStateManager.java:scheduleNextHealthCheck(631)) - Current Thread is interrupted, shutting down HB processing thread for Node Manager.
2019-07-13 22:43:35,318 INFO  server.StorageContainerManager (StorageContainerManager.java:stop(818)) - Stopping block service RPC server
2019-07-13 22:43:35,318 INFO  server.SCMBlockProtocolServer (SCMBlockProtocolServer.java:stop(148)) - Stopping the RPC server for Block Protocol
2019-07-13 22:43:35,319 INFO  ipc.Server (Server.java:stop(3082)) - Stopping server on 41441
2019-07-13 22:43:35,321 INFO  server.StorageContainerManager (StorageContainerManager.java:stop(825)) - Stopping the StorageContainerLocationProtocol RPC server
2019-07-13 22:43:35,321 INFO  server.SCMClientProtocolServer (SCMClientProtocolServer.java:stop(157)) - Stopping the RPC server for Client Protocol
2019-07-13 22:43:35,321 INFO  ipc.Server (Server.java:run(1185)) - Stopping IPC Server listener on 41441
2019-07-13 22:43:35,321 INFO  ipc.Server (Server.java:run(1319)) - Stopping IPC Server Responder
2019-07-13 22:43:35,321 INFO  ipc.Server (Server.java:stop(3082)) - Stopping server on 43355
2019-07-13 22:43:35,324 INFO  server.StorageContainerManager (StorageContainerManager.java:stop(832)) - Stopping Storage Container Manager HTTP server.
2019-07-13 22:43:35,324 INFO  ipc.Server (Server.java:run(1185)) - Stopping IPC Server listener on 43355
2019-07-13 22:43:35,324 INFO  ipc.Server (Server.java:run(1319)) - Stopping IPC Server Responder
2019-07-13 22:43:35,325 INFO  handler.ContextHandler (ContextHandler.java:doStop(910)) - Stopped o.e.j.w.WebAppContext@6fff253c{/,null,UNAVAILABLE}{/scm}
2019-07-13 22:43:35,326 INFO  server.AbstractConnector (AbstractConnector.java:doStop(318)) - Stopped ServerConnector@7c041b41{HTTP/1.1,[http/1.1]}{0.0.0.0:0}
2019-07-13 22:43:35,327 INFO  handler.ContextHandler (ContextHandler.java:doStop(910)) - Stopped o.e.j.s.ServletContextHandler@4dd02341{/static,file:///tmp/workdir/hadoop-ozone/integration-test/target/test-classes/webapps/static,UNAVAILABLE}
2019-07-13 22:43:35,327 INFO  handler.ContextHandler (ContextHandler.java:doStop(910)) - Stopped o.e.j.s.ServletContextHandler@635572a7{/logs,file:///tmp/workdir/hadoop-ozone/integration-test/target/log,UNAVAILABLE}
2019-07-13 22:43:35,329 INFO  server.StorageContainerManager (StorageContainerManager.java:stop(843)) - Stopping Block Manager Service.
2019-07-13 22:43:35,330 INFO  utils.BackgroundService (BackgroundService.java:shutdown(148)) - Shutting down service SCMBlockDeletingService
2019-07-13 22:43:35,330 INFO  utils.BackgroundService (BackgroundService.java:shutdown(148)) - Shutting down service SCMBlockDeletingService
2019-07-13 22:43:35,331 INFO  server.StorageContainerManager (StorageContainerManager.java:stop(865)) - Stopping SCM Event Queue.
2019-07-13 22:43:35,338 INFO  impl.MetricsSystemImpl (MetricsSystemImpl.java:stop(210)) - Stopping HddsDatanode metrics system...
2019-07-13 22:43:35,347 INFO  impl.MetricsSystemImpl (MetricsSystemImpl.java:stop(216)) - HddsDatanode metrics system stopped.
]]></system-out>
    <system-err><![CDATA[ERROR StatusLogger No Log4j 2 configuration file found. Using default configuration (logging only errors to the console), or user programmatically provided configurations. Set system property 'log4j2.debug' to show Log4j 2 internal initialization logging. See https://logging.apache.org/log4j/2.x/manual/configuration.html for instructions on how to configure Log4j 2
Jul 13, 2019 10:43:00 PM com.sun.jersey.server.impl.application.WebApplicationImpl _initiate
INFO: Initiating Jersey application, version 'Jersey: 1.19 02/11/2015 03:25 AM'
Jul 13, 2019 10:43:00 PM com.sun.jersey.server.impl.application.WebApplicationImpl _initiate
INFO: Initiating Jersey application, version 'Jersey: 1.19 02/11/2015 03:25 AM'
Jul 13, 2019 10:43:01 PM com.sun.jersey.server.impl.application.WebApplicationImpl _initiate
INFO: Initiating Jersey application, version 'Jersey: 1.19 02/11/2015 03:25 AM'
Jul 13, 2019 10:43:01 PM com.sun.jersey.server.impl.application.WebApplicationImpl _initiate
INFO: Initiating Jersey application, version 'Jersey: 1.19 02/11/2015 03:25 AM'
Jul 13, 2019 10:43:01 PM com.sun.jersey.server.impl.application.WebApplicationImpl _initiate
INFO: Initiating Jersey application, version 'Jersey: 1.19 02/11/2015 03:25 AM'
Jul 13, 2019 10:43:01 PM com.sun.jersey.server.impl.application.WebApplicationImpl _initiate
INFO: Initiating Jersey application, version 'Jersey: 1.19 02/11/2015 03:25 AM'
Jul 13, 2019 10:43:01 PM com.sun.jersey.server.impl.application.WebApplicationImpl _initiate
INFO: Initiating Jersey application, version 'Jersey: 1.19 02/11/2015 03:25 AM'
]]></system-err>
  </testcase>
  <testcase name="testMaxRetriesByOzoneClient" classname="org.apache.hadoop.ozone.client.rpc.TestOzoneClientRetriesOnException" time="34.808"/>
</testsuite>