<?xml version="1.0" encoding="UTF-8"?>
<testsuite xmlns:xsi="http://www.w3.org/2001/XMLSchema-instance" xsi:noNamespaceSchemaLocation="https://maven.apache.org/surefire/maven-surefire-plugin/xsd/surefire-test-report.xsd" name="org.apache.hadoop.ozone.freon.TestRandomKeyGenerator" time="147.998" tests="6" errors="1" skipped="0" failures="0">
  <properties>
    <property name="awt.toolkit" value="sun.awt.X11.XToolkit"/>
    <property name="file.encoding.pkg" value="sun.io"/>
    <property name="java.specification.version" value="1.8"/>
    <property name="sun.cpu.isalist" value=""/>
    <property name="sun.jnu.encoding" value="UTF-8"/>
    <property name="java.class.path" value="/workdir/hadoop-ozone/tools/target/test-classes:/workdir/hadoop-ozone/tools/target/classes:/home/user/.m2/repository/org/apache/hadoop/hadoop-ozone-ozone-manager/0.5.0-SNAPSHOT/hadoop-ozone-ozone-manager-0.5.0-SNAPSHOT.jar:/home/user/.m2/repository/org/apache/hadoop/hadoop-hdds-docs/0.5.0-SNAPSHOT/hadoop-hdds-docs-0.5.0-SNAPSHOT.jar:/home/user/.m2/repository/org/bouncycastle/bcprov-jdk15on/1.60/bcprov-jdk15on-1.60.jar:/home/user/.m2/repository/org/apache/hadoop/hadoop-ozone-common/0.5.0-SNAPSHOT/hadoop-ozone-common-0.5.0-SNAPSHOT.jar:/home/user/.m2/repository/org/apache/commons/commons-compress/1.4.1/commons-compress-1.4.1.jar:/home/user/.m2/repository/org/tukaani/xz/1.0/xz-1.0.jar:/home/user/.m2/repository/org/apache/hadoop/hadoop-hdfs-client/3.2.0/hadoop-hdfs-client-3.2.0.jar:/home/user/.m2/repository/com/fasterxml/jackson/core/jackson-annotations/2.9.5/jackson-annotations-2.9.5.jar:/home/user/.m2/repository/org/apache/hadoop/hadoop-hdds-common/0.5.0-SNAPSHOT/hadoop-hdds-common-0.5.0-SNAPSHOT.jar:/home/user/.m2/repository/org/apache/hadoop/hadoop-hdds-config/0.5.0-SNAPSHOT/hadoop-hdds-config-0.5.0-SNAPSHOT.jar:/home/user/.m2/repository/javax/annotation/javax.annotation-api/1.2/javax.annotation-api-1.2.jar:/home/user/.m2/repository/org/apache/ratis/ratis-server/0.4.0-2337318-SNAPSHOT/ratis-server-0.4.0-2337318-SNAPSHOT.jar:/home/user/.m2/repository/org/apache/ratis/ratis-thirdparty-misc/0.2.0/ratis-thirdparty-misc-0.2.0.jar:/home/user/.m2/repository/org/apache/ratis/ratis-proto/0.4.0-2337318-SNAPSHOT/ratis-proto-0.4.0-2337318-SNAPSHOT.jar:/home/user/.m2/repository/org/apache/ratis/ratis-common/0.4.0-2337318-SNAPSHOT/ratis-common-0.4.0-2337318-SNAPSHOT.jar:/home/user/.m2/repository/org/apache/ratis/ratis-client/0.4.0-2337318-SNAPSHOT/ratis-client-0.4.0-2337318-SNAPSHOT.jar:/home/user/.m2/repository/org/apache/ratis/ratis-metrics/0.4.0-2337318-SNAPSHOT/ratis-metrics-0.4.0-2337318-SNAPSHOT.jar:/home/user/.m2/repository/org/apache/ratis/ratis-netty/0.4.0-2337318-SNAPSHOT/ratis-netty-0.4.0-2337318-SNAPSHOT.jar:/home/user/.m2/repository/org/apache/ratis/ratis-grpc/0.4.0-2337318-SNAPSHOT/ratis-grpc-0.4.0-2337318-SNAPSHOT.jar:/home/user/.m2/repository/org/rocksdb/rocksdbjni/6.0.1/rocksdbjni-6.0.1.jar:/home/user/.m2/repository/org/apache/logging/log4j/log4j-api/2.11.0/log4j-api-2.11.0.jar:/home/user/.m2/repository/org/apache/logging/log4j/log4j-core/2.11.0/log4j-core-2.11.0.jar:/home/user/.m2/repository/com/lmax/disruptor/3.4.2/disruptor-3.4.2.jar:/home/user/.m2/repository/org/apache/commons/commons-pool2/2.6.0/commons-pool2-2.6.0.jar:/home/user/.m2/repository/org/bouncycastle/bcpkix-jdk15on/1.60/bcpkix-jdk15on-1.60.jar:/home/user/.m2/repository/commons-validator/commons-validator/1.6/commons-validator-1.6.jar:/home/user/.m2/repository/commons-digester/commons-digester/1.8.1/commons-digester-1.8.1.jar:/home/user/.m2/repository/io/jaegertracing/jaeger-client/0.33.1/jaeger-client-0.33.1.jar:/home/user/.m2/repository/io/jaegertracing/jaeger-thrift/0.33.1/jaeger-thrift-0.33.1.jar:/home/user/.m2/repository/org/apache/thrift/libthrift/0.11.0/libthrift-0.11.0.jar:/home/user/.m2/repository/com/squareup/okhttp3/okhttp/3.9.0/okhttp-3.9.0.jar:/home/user/.m2/repository/com/squareup/okio/okio/1.13.0/okio-1.13.0.jar:/home/user/.m2/repository/io/jaegertracing/jaeger-core/0.33.1/jaeger-core-0.33.1.jar:/home/user/.m2/repository/io/jaegertracing/jaeger-tracerresolver/0.33.1/jaeger-tracerresolver-0.33.1.jar:/home/user/.m2/repository/io/opentracing/contrib/opentracing-tracerresolver/0.1.5/opentracing-tracerresolver-0.1.5.jar:/home/user/.m2/repository/io/opentracing/opentracing-util/0.31.0/opentracing-util-0.31.0.jar:/home/user/.m2/repository/io/opentracing/opentracing-api/0.31.0/opentracing-api-0.31.0.jar:/home/user/.m2/repository/io/opentracing/opentracing-noop/0.31.0/opentracing-noop-0.31.0.jar:/home/user/.m2/repository/org/yaml/snakeyaml/1.16/snakeyaml-1.16.jar:/home/user/.m2/repository/org/apache/hadoop/hadoop-hdds-container-service/0.5.0-SNAPSHOT/hadoop-hdds-container-service-0.5.0-SNAPSHOT.jar:/home/user/.m2/repository/org/apache/hadoop/hadoop-hdds-client/0.5.0-SNAPSHOT/hadoop-hdds-client-0.5.0-SNAPSHOT.jar:/home/user/.m2/repository/org/apache/hadoop/hadoop-hdds-tools/0.5.0-SNAPSHOT/hadoop-hdds-tools-0.5.0-SNAPSHOT.jar:/home/user/.m2/repository/org/xerial/sqlite-jdbc/3.25.2/sqlite-jdbc-3.25.2.jar:/home/user/.m2/repository/org/apache/hadoop/hadoop-hdds-server-scm/0.5.0-SNAPSHOT/hadoop-hdds-server-scm-0.5.0-SNAPSHOT.jar:/home/user/.m2/repository/org/hamcrest/hamcrest-all/1.3/hamcrest-all-1.3.jar:/home/user/.m2/repository/info/picocli/picocli/3.9.6/picocli-3.9.6.jar:/home/user/.m2/repository/com/google/protobuf/protobuf-java/2.5.0/protobuf-java-2.5.0.jar:/home/user/.m2/repository/com/google/guava/guava/11.0.2/guava-11.0.2.jar:/home/user/.m2/repository/org/apache/hadoop/hadoop-ozone-client/0.5.0-SNAPSHOT/hadoop-ozone-client-0.5.0-SNAPSHOT.jar:/workdir/hadoop-ozone/ozonefs/target/classes:/home/user/.m2/repository/org/apache/hadoop/hadoop-hdds-server-framework/0.5.0-SNAPSHOT/hadoop-hdds-server-framework-0.5.0-SNAPSHOT.jar:/home/user/.m2/repository/org/apache/hadoop/hadoop-common/3.2.0/hadoop-common-3.2.0.jar:/home/user/.m2/repository/org/apache/hadoop/hadoop-annotations/3.2.0/hadoop-annotations-3.2.0.jar:/usr/lib/jvm/java-1.8-openjdk/jre/../lib/tools.jar:/home/user/.m2/repository/commons-cli/commons-cli/1.2/commons-cli-1.2.jar:/home/user/.m2/repository/org/apache/commons/commons-math3/3.1.1/commons-math3-3.1.1.jar:/home/user/.m2/repository/org/apache/httpcomponents/httpclient/4.5.2/httpclient-4.5.2.jar:/home/user/.m2/repository/org/apache/httpcomponents/httpcore/4.4.4/httpcore-4.4.4.jar:/home/user/.m2/repository/commons-codec/commons-codec/1.11/commons-codec-1.11.jar:/home/user/.m2/repository/commons-io/commons-io/2.5/commons-io-2.5.jar:/home/user/.m2/repository/commons-net/commons-net/3.6/commons-net-3.6.jar:/home/user/.m2/repository/commons-collections/commons-collections/3.2.2/commons-collections-3.2.2.jar:/home/user/.m2/repository/javax/servlet/javax.servlet-api/3.1.0/javax.servlet-api-3.1.0.jar:/home/user/.m2/repository/org/eclipse/jetty/jetty-server/9.3.24.v20180605/jetty-server-9.3.24.v20180605.jar:/home/user/.m2/repository/org/eclipse/jetty/jetty-http/9.3.24.v20180605/jetty-http-9.3.24.v20180605.jar:/home/user/.m2/repository/org/eclipse/jetty/jetty-io/9.3.24.v20180605/jetty-io-9.3.24.v20180605.jar:/home/user/.m2/repository/org/eclipse/jetty/jetty-util/9.3.24.v20180605/jetty-util-9.3.24.v20180605.jar:/home/user/.m2/repository/org/eclipse/jetty/jetty-servlet/9.3.24.v20180605/jetty-servlet-9.3.24.v20180605.jar:/home/user/.m2/repository/org/eclipse/jetty/jetty-security/9.3.24.v20180605/jetty-security-9.3.24.v20180605.jar:/home/user/.m2/repository/org/eclipse/jetty/jetty-webapp/9.3.24.v20180605/jetty-webapp-9.3.24.v20180605.jar:/home/user/.m2/repository/org/eclipse/jetty/jetty-xml/9.3.24.v20180605/jetty-xml-9.3.24.v20180605.jar:/home/user/.m2/repository/javax/servlet/jsp/jsp-api/2.1/jsp-api-2.1.jar:/home/user/.m2/repository/com/sun/jersey/jersey-core/1.19/jersey-core-1.19.jar:/home/user/.m2/repository/javax/ws/rs/jsr311-api/1.1.1/jsr311-api-1.1.1.jar:/home/user/.m2/repository/com/sun/jersey/jersey-servlet/1.19/jersey-servlet-1.19.jar:/home/user/.m2/repository/com/sun/jersey/jersey-json/1.19/jersey-json-1.19.jar:/home/user/.m2/repository/org/codehaus/jettison/jettison/1.1/jettison-1.1.jar:/home/user/.m2/repository/com/sun/xml/bind/jaxb-impl/2.3.0.1/jaxb-impl-2.3.0.1.jar:/home/user/.m2/repository/org/codehaus/jackson/jackson-core-asl/1.9.13/jackson-core-asl-1.9.13.jar:/home/user/.m2/repository/org/codehaus/jackson/jackson-mapper-asl/1.9.13/jackson-mapper-asl-1.9.13.jar:/home/user/.m2/repository/org/codehaus/jackson/jackson-jaxrs/1.9.13/jackson-jaxrs-1.9.13.jar:/home/user/.m2/repository/org/codehaus/jackson/jackson-xc/1.9.13/jackson-xc-1.9.13.jar:/home/user/.m2/repository/com/sun/jersey/jersey-server/1.19/jersey-server-1.19.jar:/home/user/.m2/repository/commons-logging/commons-logging/1.1.3/commons-logging-1.1.3.jar:/home/user/.m2/repository/log4j/log4j/1.2.17/log4j-1.2.17.jar:/home/user/.m2/repository/commons-beanutils/commons-beanutils/1.9.3/commons-beanutils-1.9.3.jar:/home/user/.m2/repository/org/apache/commons/commons-configuration2/2.1.1/commons-configuration2-2.1.1.jar:/home/user/.m2/repository/org/apache/commons/commons-lang3/3.7/commons-lang3-3.7.jar:/home/user/.m2/repository/org/apache/commons/commons-text/1.4/commons-text-1.4.jar:/home/user/.m2/repository/org/slf4j/slf4j-api/1.7.25/slf4j-api-1.7.25.jar:/home/user/.m2/repository/org/slf4j/slf4j-log4j12/1.7.25/slf4j-log4j12-1.7.25.jar:/home/user/.m2/repository/org/apache/avro/avro/1.7.7/avro-1.7.7.jar:/home/user/.m2/repository/com/thoughtworks/paranamer/paranamer/2.3/paranamer-2.3.jar:/home/user/.m2/repository/org/xerial/snappy/snappy-java/1.0.5/snappy-java-1.0.5.jar:/home/user/.m2/repository/com/google/re2j/re2j/1.1/re2j-1.1.jar:/home/user/.m2/repository/com/google/code/gson/gson/2.2.4/gson-2.2.4.jar:/home/user/.m2/repository/org/apache/hadoop/hadoop-auth/3.2.0/hadoop-auth-3.2.0.jar:/home/user/.m2/repository/com/nimbusds/nimbus-jose-jwt/4.41.1/nimbus-jose-jwt-4.41.1.jar:/home/user/.m2/repository/com/github/stephenc/jcip/jcip-annotations/1.0-1/jcip-annotations-1.0-1.jar:/home/user/.m2/repository/net/minidev/json-smart/2.3/json-smart-2.3.jar:/home/user/.m2/repository/net/minidev/accessors-smart/1.2/accessors-smart-1.2.jar:/home/user/.m2/repository/org/apache/curator/curator-framework/2.12.0/curator-framework-2.12.0.jar:/home/user/.m2/repository/com/jcraft/jsch/0.1.54/jsch-0.1.54.jar:/home/user/.m2/repository/org/apache/curator/curator-client/2.12.0/curator-client-2.12.0.jar:/home/user/.m2/repository/org/apache/curator/curator-recipes/2.12.0/curator-recipes-2.12.0.jar:/home/user/.m2/repository/com/google/code/findbugs/jsr305/3.0.0/jsr305-3.0.0.jar:/home/user/.m2/repository/org/apache/htrace/htrace-core4/4.1.0-incubating/htrace-core4-4.1.0-incubating.jar:/home/user/.m2/repository/org/apache/zookeeper/zookeeper/3.4.13/zookeeper-3.4.13.jar:/home/user/.m2/repository/org/apache/yetus/audience-annotations/0.5.0/audience-annotations-0.5.0.jar:/home/user/.m2/repository/org/apache/kerby/kerb-simplekdc/1.0.1/kerb-simplekdc-1.0.1.jar:/home/user/.m2/repository/org/apache/kerby/kerb-client/1.0.1/kerb-client-1.0.1.jar:/home/user/.m2/repository/org/apache/kerby/kerby-config/1.0.1/kerby-config-1.0.1.jar:/home/user/.m2/repository/org/apache/kerby/kerb-core/1.0.1/kerb-core-1.0.1.jar:/home/user/.m2/repository/org/apache/kerby/kerby-pkix/1.0.1/kerby-pkix-1.0.1.jar:/home/user/.m2/repository/org/apache/kerby/kerby-asn1/1.0.1/kerby-asn1-1.0.1.jar:/home/user/.m2/repository/org/apache/kerby/kerby-util/1.0.1/kerby-util-1.0.1.jar:/home/user/.m2/repository/org/apache/kerby/kerb-common/1.0.1/kerb-common-1.0.1.jar:/home/user/.m2/repository/org/apache/kerby/kerb-crypto/1.0.1/kerb-crypto-1.0.1.jar:/home/user/.m2/repository/org/apache/kerby/kerb-util/1.0.1/kerb-util-1.0.1.jar:/home/user/.m2/repository/org/apache/kerby/token-provider/1.0.1/token-provider-1.0.1.jar:/home/user/.m2/repository/org/apache/kerby/kerb-admin/1.0.1/kerb-admin-1.0.1.jar:/home/user/.m2/repository/org/apache/kerby/kerb-server/1.0.1/kerb-server-1.0.1.jar:/home/user/.m2/repository/org/apache/kerby/kerb-identity/1.0.1/kerb-identity-1.0.1.jar:/home/user/.m2/repository/org/apache/kerby/kerby-xdr/1.0.1/kerby-xdr-1.0.1.jar:/home/user/.m2/repository/com/fasterxml/jackson/core/jackson-databind/2.9.5/jackson-databind-2.9.5.jar:/home/user/.m2/repository/com/fasterxml/jackson/core/jackson-core/2.9.5/jackson-core-2.9.5.jar:/home/user/.m2/repository/org/codehaus/woodstox/stax2-api/3.1.4/stax2-api-3.1.4.jar:/home/user/.m2/repository/com/fasterxml/woodstox/woodstox-core/5.0.3/woodstox-core-5.0.3.jar:/home/user/.m2/repository/dnsjava/dnsjava/2.1.7/dnsjava-2.1.7.jar:/home/user/.m2/repository/org/apache/hadoop/hadoop-hdfs/3.2.0/hadoop-hdfs-3.2.0.jar:/home/user/.m2/repository/org/eclipse/jetty/jetty-util-ajax/9.3.24.v20180605/jetty-util-ajax-9.3.24.v20180605.jar:/home/user/.m2/repository/commons-daemon/commons-daemon/1.0.13/commons-daemon-1.0.13.jar:/home/user/.m2/repository/io/netty/netty/3.10.5.Final/netty-3.10.5.Final.jar:/home/user/.m2/repository/io/netty/netty-all/4.0.52.Final/netty-all-4.0.52.Final.jar:/home/user/.m2/repository/org/fusesource/leveldbjni/leveldbjni-all/1.8/leveldbjni-all-1.8.jar:/home/user/.m2/repository/com/sun/xml/bind/jaxb-core/2.3.0.1/jaxb-core-2.3.0.1.jar:/home/user/.m2/repository/javax/xml/bind/jaxb-api/2.3.0/jaxb-api-2.3.0.jar:/home/user/.m2/repository/javax/activation/activation/1.1.1/activation-1.1.1.jar:/home/user/.m2/repository/io/dropwizard/metrics/metrics-core/3.2.4/metrics-core-3.2.4.jar:/home/user/.m2/repository/org/openjdk/jmh/jmh-core/1.19/jmh-core-1.19.jar:/home/user/.m2/repository/net/sf/jopt-simple/jopt-simple/4.6/jopt-simple-4.6.jar:/home/user/.m2/repository/org/openjdk/jmh/jmh-generator-annprocess/1.19/jmh-generator-annprocess-1.19.jar:/home/user/.m2/repository/com/google/code/findbugs/findbugs/3.0.1/findbugs-3.0.1.jar:/home/user/.m2/repository/net/jcip/jcip-annotations/1.0/jcip-annotations-1.0.jar:/home/user/.m2/repository/com/google/code/findbugs/bcel-findbugs/6.0/bcel-findbugs-6.0.jar:/home/user/.m2/repository/com/google/code/findbugs/jFormatString/2.0.1/jFormatString-2.0.1.jar:/home/user/.m2/repository/dom4j/dom4j/1.6.1/dom4j-1.6.1.jar:/home/user/.m2/repository/xml-apis/xml-apis/1.0.b2/xml-apis-1.0.b2.jar:/home/user/.m2/repository/org/ow2/asm/asm-debug-all/5.0.2/asm-debug-all-5.0.2.jar:/home/user/.m2/repository/org/ow2/asm/asm-commons/5.0.2/asm-commons-5.0.2.jar:/home/user/.m2/repository/org/ow2/asm/asm-tree/5.0.2/asm-tree-5.0.2.jar:/home/user/.m2/repository/org/ow2/asm/asm/5.0.4/asm-5.0.4.jar:/home/user/.m2/repository/commons-lang/commons-lang/2.6/commons-lang-2.6.jar:/home/user/.m2/repository/com/apple/AppleJavaExtensions/1.4/AppleJavaExtensions-1.4.jar:/home/user/.m2/repository/jaxen/jaxen/1.1.6/jaxen-1.1.6.jar:/home/user/.m2/repository/junit/junit/4.11/junit-4.11.jar:/home/user/.m2/repository/org/hamcrest/hamcrest-core/1.3/hamcrest-core-1.3.jar:/home/user/.m2/repository/org/apache/hadoop/hadoop-common/3.2.0/hadoop-common-3.2.0-tests.jar:/workdir/hadoop-ozone/integration-test/target/test-classes:/home/user/.m2/repository/org/apache/hadoop/hadoop-ozone-objectstore-service/0.5.0-SNAPSHOT/hadoop-ozone-objectstore-service-0.5.0-SNAPSHOT.jar:/home/user/.m2/repository/org/apache/hadoop/hadoop-ozone-s3gateway/0.5.0-SNAPSHOT/hadoop-ozone-s3gateway-0.5.0-SNAPSHOT.jar:/home/user/.m2/repository/org/jboss/weld/servlet/weld-servlet/2.4.7.Final/weld-servlet-2.4.7.Final.jar:/home/user/.m2/repository/org/glassfish/jersey/containers/jersey-container-servlet-core/2.27/jersey-container-servlet-core-2.27.jar:/home/user/.m2/repository/org/glassfish/hk2/external/javax.inject/2.5.0-b42/javax.inject-2.5.0-b42.jar:/home/user/.m2/repository/org/glassfish/jersey/core/jersey-common/2.27/jersey-common-2.27.jar:/home/user/.m2/repository/org/glassfish/hk2/osgi-resource-locator/1.0.1/osgi-resource-locator-1.0.1.jar:/home/user/.m2/repository/javax/ws/rs/javax.ws.rs-api/2.1/javax.ws.rs-api-2.1.jar:/home/user/.m2/repository/org/glassfish/jersey/ext/cdi/jersey-cdi1x/2.27/jersey-cdi1x-2.27.jar:/home/user/.m2/repository/org/glassfish/jersey/inject/jersey-hk2/2.27/jersey-hk2-2.27.jar:/home/user/.m2/repository/org/glassfish/hk2/hk2-locator/2.5.0-b42/hk2-locator-2.5.0-b42.jar:/home/user/.m2/repository/org/javassist/javassist/3.22.0-CR2/javassist-3.22.0-CR2.jar:/home/user/.m2/repository/org/glassfish/hk2/hk2-api/2.5.0/hk2-api-2.5.0.jar:/home/user/.m2/repository/org/glassfish/hk2/external/jakarta.inject/2.5.0/jakarta.inject-2.5.0.jar:/home/user/.m2/repository/org/glassfish/hk2/hk2-utils/2.5.0/hk2-utils-2.5.0.jar:/home/user/.m2/repository/jakarta/annotation/jakarta.annotation-api/1.3.4/jakarta.annotation-api-1.3.4.jar:/home/user/.m2/repository/org/glassfish/hk2/external/aopalliance-repackaged/2.5.0/aopalliance-repackaged-2.5.0.jar:/home/user/.m2/repository/com/fasterxml/jackson/dataformat/jackson-dataformat-xml/2.9.0/jackson-dataformat-xml-2.9.0.jar:/home/user/.m2/repository/com/fasterxml/jackson/module/jackson-module-jaxb-annotations/2.9.5/jackson-module-jaxb-annotations-2.9.5.jar:/home/user/.m2/repository/javax/enterprise/cdi-api/1.2/cdi-api-1.2.jar:/home/user/.m2/repository/javax/el/javax.el-api/3.0.0/javax.el-api-3.0.0.jar:/home/user/.m2/repository/javax/interceptor/javax.interceptor-api/1.2/javax.interceptor-api-1.2.jar:/home/user/.m2/repository/javax/inject/javax.inject/1/javax.inject-1.jar:/home/user/.m2/repository/org/apache/hadoop/hadoop-ozone-csi/0.5.0-SNAPSHOT/hadoop-ozone-csi-0.5.0-SNAPSHOT.jar:/home/user/.m2/repository/com/google/protobuf/protobuf-java-util/3.5.1/protobuf-java-util-3.5.1.jar:/home/user/.m2/repository/io/grpc/grpc-netty/1.17.1/grpc-netty-1.17.1.jar:/home/user/.m2/repository/io/grpc/grpc-core/1.17.1/grpc-core-1.17.1.jar:/home/user/.m2/repository/io/grpc/grpc-context/1.17.1/grpc-context-1.17.1.jar:/home/user/.m2/repository/com/google/errorprone/error_prone_annotations/2.2.0/error_prone_annotations-2.2.0.jar:/home/user/.m2/repository/org/codehaus/mojo/animal-sniffer-annotations/1.17/animal-sniffer-annotations-1.17.jar:/home/user/.m2/repository/io/opencensus/opencensus-api/0.17.0/opencensus-api-0.17.0.jar:/home/user/.m2/repository/io/opencensus/opencensus-contrib-grpc-metrics/0.17.0/opencensus-contrib-grpc-metrics-0.17.0.jar:/home/user/.m2/repository/io/netty/netty-codec-http2/4.1.30.Final/netty-codec-http2-4.1.30.Final.jar:/home/user/.m2/repository/io/netty/netty-codec-http/4.1.30.Final/netty-codec-http-4.1.30.Final.jar:/home/user/.m2/repository/io/netty/netty-codec/4.1.30.Final/netty-codec-4.1.30.Final.jar:/home/user/.m2/repository/io/netty/netty-handler/4.1.30.Final/netty-handler-4.1.30.Final.jar:/home/user/.m2/repository/io/netty/netty-handler-proxy/4.1.30.Final/netty-handler-proxy-4.1.30.Final.jar:/home/user/.m2/repository/io/netty/netty-codec-socks/4.1.30.Final/netty-codec-socks-4.1.30.Final.jar:/home/user/.m2/repository/io/netty/netty-transport-native-epoll/4.1.30.Final/netty-transport-native-epoll-4.1.30.Final.jar:/home/user/.m2/repository/io/netty/netty-common/4.1.30.Final/netty-common-4.1.30.Final.jar:/home/user/.m2/repository/io/netty/netty-buffer/4.1.30.Final/netty-buffer-4.1.30.Final.jar:/home/user/.m2/repository/io/netty/netty-transport/4.1.30.Final/netty-transport-4.1.30.Final.jar:/home/user/.m2/repository/io/netty/netty-resolver/4.1.30.Final/netty-resolver-4.1.30.Final.jar:/home/user/.m2/repository/io/netty/netty-transport-native-unix-common/4.1.30.Final/netty-transport-native-unix-common-4.1.30.Final.jar:/home/user/.m2/repository/io/grpc/grpc-protobuf/1.17.1/grpc-protobuf-1.17.1.jar:/home/user/.m2/repository/com/google/api/grpc/proto-google-common-protos/1.0.0/proto-google-common-protos-1.0.0.jar:/home/user/.m2/repository/io/grpc/grpc-protobuf-lite/1.17.1/grpc-protobuf-lite-1.17.1.jar:/home/user/.m2/repository/io/grpc/grpc-stub/1.17.1/grpc-stub-1.17.1.jar:/home/user/.m2/repository/org/apache/hadoop/hadoop-ozone-recon/0.5.0-SNAPSHOT/hadoop-ozone-recon-0.5.0-SNAPSHOT.jar:/home/user/.m2/repository/org/apache/hadoop/hadoop-ozone-reconcodegen/0.5.0-SNAPSHOT/hadoop-ozone-reconcodegen-0.5.0-SNAPSHOT.jar:/home/user/.m2/repository/com/google/inject/extensions/guice-multibindings/4.0/guice-multibindings-4.0.jar:/home/user/.m2/repository/com/google/inject/guice/4.0/guice-4.0.jar:/home/user/.m2/repository/aopalliance/aopalliance/1.0/aopalliance-1.0.jar:/home/user/.m2/repository/com/google/inject/extensions/guice-servlet/4.0/guice-servlet-4.0.jar:/home/user/.m2/repository/org/glassfish/jersey/containers/jersey-container-servlet/2.27/jersey-container-servlet-2.27.jar:/home/user/.m2/repository/org/glassfish/hk2/guice-bridge/2.5.0/guice-bridge-2.5.0.jar:/home/user/.m2/repository/org/glassfish/jersey/core/jersey-server/2.27/jersey-server-2.27.jar:/home/user/.m2/repository/org/glassfish/jersey/core/jersey-client/2.27/jersey-client-2.27.jar:/home/user/.m2/repository/org/glassfish/jersey/media/jersey-media-jaxb/2.27/jersey-media-jaxb-2.27.jar:/home/user/.m2/repository/javax/validation/validation-api/1.1.0.Final/validation-api-1.1.0.Final.jar:/home/user/.m2/repository/org/glassfish/jersey/media/jersey-media-json-jackson/2.27/jersey-media-json-jackson-2.27.jar:/home/user/.m2/repository/org/glassfish/jersey/ext/jersey-entity-filtering/2.27/jersey-entity-filtering-2.27.jar:/home/user/.m2/repository/com/google/inject/extensions/guice-assistedinject/4.0/guice-assistedinject-4.0.jar:/home/user/.m2/repository/org/jooq/jooq/3.11.10/jooq-3.11.10.jar:/home/user/.m2/repository/org/jooq/jooq-meta/3.11.10/jooq-meta-3.11.10.jar:/home/user/.m2/repository/org/jooq/jooq-codegen/3.11.10/jooq-codegen-3.11.10.jar:/home/user/.m2/repository/com/jolbox/bonecp/0.8.0.RELEASE/bonecp-0.8.0.RELEASE.jar:/home/user/.m2/repository/org/springframework/spring-jdbc/5.1.3.RELEASE/spring-jdbc-5.1.3.RELEASE.jar:/home/user/.m2/repository/org/springframework/spring-beans/5.1.3.RELEASE/spring-beans-5.1.3.RELEASE.jar:/home/user/.m2/repository/org/springframework/spring-core/5.1.3.RELEASE/spring-core-5.1.3.RELEASE.jar:/home/user/.m2/repository/org/springframework/spring-jcl/5.1.3.RELEASE/spring-jcl-5.1.3.RELEASE.jar:/home/user/.m2/repository/org/springframework/spring-tx/5.1.3.RELEASE/spring-tx-5.1.3.RELEASE.jar:/home/user/.m2/repository/org/mockito/mockito-core/2.15.0/mockito-core-2.15.0.jar:/home/user/.m2/repository/net/bytebuddy/byte-buddy/1.7.9/byte-buddy-1.7.9.jar:/home/user/.m2/repository/net/bytebuddy/byte-buddy-agent/1.7.9/byte-buddy-agent-1.7.9.jar:/home/user/.m2/repository/org/objenesis/objenesis/1.0/objenesis-1.0.jar:"/>
    <property name="java.vm.vendor" value="IcedTea"/>
    <property name="sun.arch.data.model" value="64"/>
    <property name="test.build.dir" value="/workdir/hadoop-ozone/tools/target/test-dir"/>
    <property name="test.cache.data" value=""/>
    <property name="java.vendor.url" value="https://icedtea.classpath.org"/>
    <property name="user.timezone" value=""/>
    <property name="java.vm.specification.version" value="1.8"/>
    <property name="os.name" value="Linux"/>
    <property name="test.build.data" value="/workdir/hadoop-ozone/tools/target/test-dir"/>
    <property name="user.country" value="US"/>
    <property name="sun.java.launcher" value="SUN_STANDARD"/>
    <property name="sun.boot.library.path" value="/usr/lib/jvm/java-1.8-openjdk/jre/lib/amd64"/>
    <property name="sun.java.command" value="/workdir/hadoop-ozone/tools/target/surefire/surefirebooter2255805754004176120.jar /workdir/hadoop-ozone/tools/target/surefire 2019-09-05T07-22-41_289-jvmRun1 surefire1755812878699599303tmp surefire_1165711309276561038769tmp"/>
    <property name="test" value="!TestMiniChaosOzoneCluster"/>
    <property name="surefire.test.class.path" value="/workdir/hadoop-ozone/tools/target/test-classes:/workdir/hadoop-ozone/tools/target/classes:/home/user/.m2/repository/org/apache/hadoop/hadoop-ozone-ozone-manager/0.5.0-SNAPSHOT/hadoop-ozone-ozone-manager-0.5.0-SNAPSHOT.jar:/home/user/.m2/repository/org/apache/hadoop/hadoop-hdds-docs/0.5.0-SNAPSHOT/hadoop-hdds-docs-0.5.0-SNAPSHOT.jar:/home/user/.m2/repository/org/bouncycastle/bcprov-jdk15on/1.60/bcprov-jdk15on-1.60.jar:/home/user/.m2/repository/org/apache/hadoop/hadoop-ozone-common/0.5.0-SNAPSHOT/hadoop-ozone-common-0.5.0-SNAPSHOT.jar:/home/user/.m2/repository/org/apache/commons/commons-compress/1.4.1/commons-compress-1.4.1.jar:/home/user/.m2/repository/org/tukaani/xz/1.0/xz-1.0.jar:/home/user/.m2/repository/org/apache/hadoop/hadoop-hdfs-client/3.2.0/hadoop-hdfs-client-3.2.0.jar:/home/user/.m2/repository/com/fasterxml/jackson/core/jackson-annotations/2.9.5/jackson-annotations-2.9.5.jar:/home/user/.m2/repository/org/apache/hadoop/hadoop-hdds-common/0.5.0-SNAPSHOT/hadoop-hdds-common-0.5.0-SNAPSHOT.jar:/home/user/.m2/repository/org/apache/hadoop/hadoop-hdds-config/0.5.0-SNAPSHOT/hadoop-hdds-config-0.5.0-SNAPSHOT.jar:/home/user/.m2/repository/javax/annotation/javax.annotation-api/1.2/javax.annotation-api-1.2.jar:/home/user/.m2/repository/org/apache/ratis/ratis-server/0.4.0-2337318-SNAPSHOT/ratis-server-0.4.0-2337318-SNAPSHOT.jar:/home/user/.m2/repository/org/apache/ratis/ratis-thirdparty-misc/0.2.0/ratis-thirdparty-misc-0.2.0.jar:/home/user/.m2/repository/org/apache/ratis/ratis-proto/0.4.0-2337318-SNAPSHOT/ratis-proto-0.4.0-2337318-SNAPSHOT.jar:/home/user/.m2/repository/org/apache/ratis/ratis-common/0.4.0-2337318-SNAPSHOT/ratis-common-0.4.0-2337318-SNAPSHOT.jar:/home/user/.m2/repository/org/apache/ratis/ratis-client/0.4.0-2337318-SNAPSHOT/ratis-client-0.4.0-2337318-SNAPSHOT.jar:/home/user/.m2/repository/org/apache/ratis/ratis-metrics/0.4.0-2337318-SNAPSHOT/ratis-metrics-0.4.0-2337318-SNAPSHOT.jar:/home/user/.m2/repository/org/apache/ratis/ratis-netty/0.4.0-2337318-SNAPSHOT/ratis-netty-0.4.0-2337318-SNAPSHOT.jar:/home/user/.m2/repository/org/apache/ratis/ratis-grpc/0.4.0-2337318-SNAPSHOT/ratis-grpc-0.4.0-2337318-SNAPSHOT.jar:/home/user/.m2/repository/org/rocksdb/rocksdbjni/6.0.1/rocksdbjni-6.0.1.jar:/home/user/.m2/repository/org/apache/logging/log4j/log4j-api/2.11.0/log4j-api-2.11.0.jar:/home/user/.m2/repository/org/apache/logging/log4j/log4j-core/2.11.0/log4j-core-2.11.0.jar:/home/user/.m2/repository/com/lmax/disruptor/3.4.2/disruptor-3.4.2.jar:/home/user/.m2/repository/org/apache/commons/commons-pool2/2.6.0/commons-pool2-2.6.0.jar:/home/user/.m2/repository/org/bouncycastle/bcpkix-jdk15on/1.60/bcpkix-jdk15on-1.60.jar:/home/user/.m2/repository/commons-validator/commons-validator/1.6/commons-validator-1.6.jar:/home/user/.m2/repository/commons-digester/commons-digester/1.8.1/commons-digester-1.8.1.jar:/home/user/.m2/repository/io/jaegertracing/jaeger-client/0.33.1/jaeger-client-0.33.1.jar:/home/user/.m2/repository/io/jaegertracing/jaeger-thrift/0.33.1/jaeger-thrift-0.33.1.jar:/home/user/.m2/repository/org/apache/thrift/libthrift/0.11.0/libthrift-0.11.0.jar:/home/user/.m2/repository/com/squareup/okhttp3/okhttp/3.9.0/okhttp-3.9.0.jar:/home/user/.m2/repository/com/squareup/okio/okio/1.13.0/okio-1.13.0.jar:/home/user/.m2/repository/io/jaegertracing/jaeger-core/0.33.1/jaeger-core-0.33.1.jar:/home/user/.m2/repository/io/jaegertracing/jaeger-tracerresolver/0.33.1/jaeger-tracerresolver-0.33.1.jar:/home/user/.m2/repository/io/opentracing/contrib/opentracing-tracerresolver/0.1.5/opentracing-tracerresolver-0.1.5.jar:/home/user/.m2/repository/io/opentracing/opentracing-util/0.31.0/opentracing-util-0.31.0.jar:/home/user/.m2/repository/io/opentracing/opentracing-api/0.31.0/opentracing-api-0.31.0.jar:/home/user/.m2/repository/io/opentracing/opentracing-noop/0.31.0/opentracing-noop-0.31.0.jar:/home/user/.m2/repository/org/yaml/snakeyaml/1.16/snakeyaml-1.16.jar:/home/user/.m2/repository/org/apache/hadoop/hadoop-hdds-container-service/0.5.0-SNAPSHOT/hadoop-hdds-container-service-0.5.0-SNAPSHOT.jar:/home/user/.m2/repository/org/apache/hadoop/hadoop-hdds-client/0.5.0-SNAPSHOT/hadoop-hdds-client-0.5.0-SNAPSHOT.jar:/home/user/.m2/repository/org/apache/hadoop/hadoop-hdds-tools/0.5.0-SNAPSHOT/hadoop-hdds-tools-0.5.0-SNAPSHOT.jar:/home/user/.m2/repository/org/xerial/sqlite-jdbc/3.25.2/sqlite-jdbc-3.25.2.jar:/home/user/.m2/repository/org/apache/hadoop/hadoop-hdds-server-scm/0.5.0-SNAPSHOT/hadoop-hdds-server-scm-0.5.0-SNAPSHOT.jar:/home/user/.m2/repository/org/hamcrest/hamcrest-all/1.3/hamcrest-all-1.3.jar:/home/user/.m2/repository/info/picocli/picocli/3.9.6/picocli-3.9.6.jar:/home/user/.m2/repository/com/google/protobuf/protobuf-java/2.5.0/protobuf-java-2.5.0.jar:/home/user/.m2/repository/com/google/guava/guava/11.0.2/guava-11.0.2.jar:/home/user/.m2/repository/org/apache/hadoop/hadoop-ozone-client/0.5.0-SNAPSHOT/hadoop-ozone-client-0.5.0-SNAPSHOT.jar:/workdir/hadoop-ozone/ozonefs/target/classes:/home/user/.m2/repository/org/apache/hadoop/hadoop-hdds-server-framework/0.5.0-SNAPSHOT/hadoop-hdds-server-framework-0.5.0-SNAPSHOT.jar:/home/user/.m2/repository/org/apache/hadoop/hadoop-common/3.2.0/hadoop-common-3.2.0.jar:/home/user/.m2/repository/org/apache/hadoop/hadoop-annotations/3.2.0/hadoop-annotations-3.2.0.jar:/usr/lib/jvm/java-1.8-openjdk/jre/../lib/tools.jar:/home/user/.m2/repository/commons-cli/commons-cli/1.2/commons-cli-1.2.jar:/home/user/.m2/repository/org/apache/commons/commons-math3/3.1.1/commons-math3-3.1.1.jar:/home/user/.m2/repository/org/apache/httpcomponents/httpclient/4.5.2/httpclient-4.5.2.jar:/home/user/.m2/repository/org/apache/httpcomponents/httpcore/4.4.4/httpcore-4.4.4.jar:/home/user/.m2/repository/commons-codec/commons-codec/1.11/commons-codec-1.11.jar:/home/user/.m2/repository/commons-io/commons-io/2.5/commons-io-2.5.jar:/home/user/.m2/repository/commons-net/commons-net/3.6/commons-net-3.6.jar:/home/user/.m2/repository/commons-collections/commons-collections/3.2.2/commons-collections-3.2.2.jar:/home/user/.m2/repository/javax/servlet/javax.servlet-api/3.1.0/javax.servlet-api-3.1.0.jar:/home/user/.m2/repository/org/eclipse/jetty/jetty-server/9.3.24.v20180605/jetty-server-9.3.24.v20180605.jar:/home/user/.m2/repository/org/eclipse/jetty/jetty-http/9.3.24.v20180605/jetty-http-9.3.24.v20180605.jar:/home/user/.m2/repository/org/eclipse/jetty/jetty-io/9.3.24.v20180605/jetty-io-9.3.24.v20180605.jar:/home/user/.m2/repository/org/eclipse/jetty/jetty-util/9.3.24.v20180605/jetty-util-9.3.24.v20180605.jar:/home/user/.m2/repository/org/eclipse/jetty/jetty-servlet/9.3.24.v20180605/jetty-servlet-9.3.24.v20180605.jar:/home/user/.m2/repository/org/eclipse/jetty/jetty-security/9.3.24.v20180605/jetty-security-9.3.24.v20180605.jar:/home/user/.m2/repository/org/eclipse/jetty/jetty-webapp/9.3.24.v20180605/jetty-webapp-9.3.24.v20180605.jar:/home/user/.m2/repository/org/eclipse/jetty/jetty-xml/9.3.24.v20180605/jetty-xml-9.3.24.v20180605.jar:/home/user/.m2/repository/javax/servlet/jsp/jsp-api/2.1/jsp-api-2.1.jar:/home/user/.m2/repository/com/sun/jersey/jersey-core/1.19/jersey-core-1.19.jar:/home/user/.m2/repository/javax/ws/rs/jsr311-api/1.1.1/jsr311-api-1.1.1.jar:/home/user/.m2/repository/com/sun/jersey/jersey-servlet/1.19/jersey-servlet-1.19.jar:/home/user/.m2/repository/com/sun/jersey/jersey-json/1.19/jersey-json-1.19.jar:/home/user/.m2/repository/org/codehaus/jettison/jettison/1.1/jettison-1.1.jar:/home/user/.m2/repository/com/sun/xml/bind/jaxb-impl/2.3.0.1/jaxb-impl-2.3.0.1.jar:/home/user/.m2/repository/org/codehaus/jackson/jackson-core-asl/1.9.13/jackson-core-asl-1.9.13.jar:/home/user/.m2/repository/org/codehaus/jackson/jackson-mapper-asl/1.9.13/jackson-mapper-asl-1.9.13.jar:/home/user/.m2/repository/org/codehaus/jackson/jackson-jaxrs/1.9.13/jackson-jaxrs-1.9.13.jar:/home/user/.m2/repository/org/codehaus/jackson/jackson-xc/1.9.13/jackson-xc-1.9.13.jar:/home/user/.m2/repository/com/sun/jersey/jersey-server/1.19/jersey-server-1.19.jar:/home/user/.m2/repository/commons-logging/commons-logging/1.1.3/commons-logging-1.1.3.jar:/home/user/.m2/repository/log4j/log4j/1.2.17/log4j-1.2.17.jar:/home/user/.m2/repository/commons-beanutils/commons-beanutils/1.9.3/commons-beanutils-1.9.3.jar:/home/user/.m2/repository/org/apache/commons/commons-configuration2/2.1.1/commons-configuration2-2.1.1.jar:/home/user/.m2/repository/org/apache/commons/commons-lang3/3.7/commons-lang3-3.7.jar:/home/user/.m2/repository/org/apache/commons/commons-text/1.4/commons-text-1.4.jar:/home/user/.m2/repository/org/slf4j/slf4j-api/1.7.25/slf4j-api-1.7.25.jar:/home/user/.m2/repository/org/slf4j/slf4j-log4j12/1.7.25/slf4j-log4j12-1.7.25.jar:/home/user/.m2/repository/org/apache/avro/avro/1.7.7/avro-1.7.7.jar:/home/user/.m2/repository/com/thoughtworks/paranamer/paranamer/2.3/paranamer-2.3.jar:/home/user/.m2/repository/org/xerial/snappy/snappy-java/1.0.5/snappy-java-1.0.5.jar:/home/user/.m2/repository/com/google/re2j/re2j/1.1/re2j-1.1.jar:/home/user/.m2/repository/com/google/code/gson/gson/2.2.4/gson-2.2.4.jar:/home/user/.m2/repository/org/apache/hadoop/hadoop-auth/3.2.0/hadoop-auth-3.2.0.jar:/home/user/.m2/repository/com/nimbusds/nimbus-jose-jwt/4.41.1/nimbus-jose-jwt-4.41.1.jar:/home/user/.m2/repository/com/github/stephenc/jcip/jcip-annotations/1.0-1/jcip-annotations-1.0-1.jar:/home/user/.m2/repository/net/minidev/json-smart/2.3/json-smart-2.3.jar:/home/user/.m2/repository/net/minidev/accessors-smart/1.2/accessors-smart-1.2.jar:/home/user/.m2/repository/org/apache/curator/curator-framework/2.12.0/curator-framework-2.12.0.jar:/home/user/.m2/repository/com/jcraft/jsch/0.1.54/jsch-0.1.54.jar:/home/user/.m2/repository/org/apache/curator/curator-client/2.12.0/curator-client-2.12.0.jar:/home/user/.m2/repository/org/apache/curator/curator-recipes/2.12.0/curator-recipes-2.12.0.jar:/home/user/.m2/repository/com/google/code/findbugs/jsr305/3.0.0/jsr305-3.0.0.jar:/home/user/.m2/repository/org/apache/htrace/htrace-core4/4.1.0-incubating/htrace-core4-4.1.0-incubating.jar:/home/user/.m2/repository/org/apache/zookeeper/zookeeper/3.4.13/zookeeper-3.4.13.jar:/home/user/.m2/repository/org/apache/yetus/audience-annotations/0.5.0/audience-annotations-0.5.0.jar:/home/user/.m2/repository/org/apache/kerby/kerb-simplekdc/1.0.1/kerb-simplekdc-1.0.1.jar:/home/user/.m2/repository/org/apache/kerby/kerb-client/1.0.1/kerb-client-1.0.1.jar:/home/user/.m2/repository/org/apache/kerby/kerby-config/1.0.1/kerby-config-1.0.1.jar:/home/user/.m2/repository/org/apache/kerby/kerb-core/1.0.1/kerb-core-1.0.1.jar:/home/user/.m2/repository/org/apache/kerby/kerby-pkix/1.0.1/kerby-pkix-1.0.1.jar:/home/user/.m2/repository/org/apache/kerby/kerby-asn1/1.0.1/kerby-asn1-1.0.1.jar:/home/user/.m2/repository/org/apache/kerby/kerby-util/1.0.1/kerby-util-1.0.1.jar:/home/user/.m2/repository/org/apache/kerby/kerb-common/1.0.1/kerb-common-1.0.1.jar:/home/user/.m2/repository/org/apache/kerby/kerb-crypto/1.0.1/kerb-crypto-1.0.1.jar:/home/user/.m2/repository/org/apache/kerby/kerb-util/1.0.1/kerb-util-1.0.1.jar:/home/user/.m2/repository/org/apache/kerby/token-provider/1.0.1/token-provider-1.0.1.jar:/home/user/.m2/repository/org/apache/kerby/kerb-admin/1.0.1/kerb-admin-1.0.1.jar:/home/user/.m2/repository/org/apache/kerby/kerb-server/1.0.1/kerb-server-1.0.1.jar:/home/user/.m2/repository/org/apache/kerby/kerb-identity/1.0.1/kerb-identity-1.0.1.jar:/home/user/.m2/repository/org/apache/kerby/kerby-xdr/1.0.1/kerby-xdr-1.0.1.jar:/home/user/.m2/repository/com/fasterxml/jackson/core/jackson-databind/2.9.5/jackson-databind-2.9.5.jar:/home/user/.m2/repository/com/fasterxml/jackson/core/jackson-core/2.9.5/jackson-core-2.9.5.jar:/home/user/.m2/repository/org/codehaus/woodstox/stax2-api/3.1.4/stax2-api-3.1.4.jar:/home/user/.m2/repository/com/fasterxml/woodstox/woodstox-core/5.0.3/woodstox-core-5.0.3.jar:/home/user/.m2/repository/dnsjava/dnsjava/2.1.7/dnsjava-2.1.7.jar:/home/user/.m2/repository/org/apache/hadoop/hadoop-hdfs/3.2.0/hadoop-hdfs-3.2.0.jar:/home/user/.m2/repository/org/eclipse/jetty/jetty-util-ajax/9.3.24.v20180605/jetty-util-ajax-9.3.24.v20180605.jar:/home/user/.m2/repository/commons-daemon/commons-daemon/1.0.13/commons-daemon-1.0.13.jar:/home/user/.m2/repository/io/netty/netty/3.10.5.Final/netty-3.10.5.Final.jar:/home/user/.m2/repository/io/netty/netty-all/4.0.52.Final/netty-all-4.0.52.Final.jar:/home/user/.m2/repository/org/fusesource/leveldbjni/leveldbjni-all/1.8/leveldbjni-all-1.8.jar:/home/user/.m2/repository/com/sun/xml/bind/jaxb-core/2.3.0.1/jaxb-core-2.3.0.1.jar:/home/user/.m2/repository/javax/xml/bind/jaxb-api/2.3.0/jaxb-api-2.3.0.jar:/home/user/.m2/repository/javax/activation/activation/1.1.1/activation-1.1.1.jar:/home/user/.m2/repository/io/dropwizard/metrics/metrics-core/3.2.4/metrics-core-3.2.4.jar:/home/user/.m2/repository/org/openjdk/jmh/jmh-core/1.19/jmh-core-1.19.jar:/home/user/.m2/repository/net/sf/jopt-simple/jopt-simple/4.6/jopt-simple-4.6.jar:/home/user/.m2/repository/org/openjdk/jmh/jmh-generator-annprocess/1.19/jmh-generator-annprocess-1.19.jar:/home/user/.m2/repository/com/google/code/findbugs/findbugs/3.0.1/findbugs-3.0.1.jar:/home/user/.m2/repository/net/jcip/jcip-annotations/1.0/jcip-annotations-1.0.jar:/home/user/.m2/repository/com/google/code/findbugs/bcel-findbugs/6.0/bcel-findbugs-6.0.jar:/home/user/.m2/repository/com/google/code/findbugs/jFormatString/2.0.1/jFormatString-2.0.1.jar:/home/user/.m2/repository/dom4j/dom4j/1.6.1/dom4j-1.6.1.jar:/home/user/.m2/repository/xml-apis/xml-apis/1.0.b2/xml-apis-1.0.b2.jar:/home/user/.m2/repository/org/ow2/asm/asm-debug-all/5.0.2/asm-debug-all-5.0.2.jar:/home/user/.m2/repository/org/ow2/asm/asm-commons/5.0.2/asm-commons-5.0.2.jar:/home/user/.m2/repository/org/ow2/asm/asm-tree/5.0.2/asm-tree-5.0.2.jar:/home/user/.m2/repository/org/ow2/asm/asm/5.0.4/asm-5.0.4.jar:/home/user/.m2/repository/commons-lang/commons-lang/2.6/commons-lang-2.6.jar:/home/user/.m2/repository/com/apple/AppleJavaExtensions/1.4/AppleJavaExtensions-1.4.jar:/home/user/.m2/repository/jaxen/jaxen/1.1.6/jaxen-1.1.6.jar:/home/user/.m2/repository/junit/junit/4.11/junit-4.11.jar:/home/user/.m2/repository/org/hamcrest/hamcrest-core/1.3/hamcrest-core-1.3.jar:/home/user/.m2/repository/org/apache/hadoop/hadoop-common/3.2.0/hadoop-common-3.2.0-tests.jar:/workdir/hadoop-ozone/integration-test/target/test-classes:/home/user/.m2/repository/org/apache/hadoop/hadoop-ozone-objectstore-service/0.5.0-SNAPSHOT/hadoop-ozone-objectstore-service-0.5.0-SNAPSHOT.jar:/home/user/.m2/repository/org/apache/hadoop/hadoop-ozone-s3gateway/0.5.0-SNAPSHOT/hadoop-ozone-s3gateway-0.5.0-SNAPSHOT.jar:/home/user/.m2/repository/org/jboss/weld/servlet/weld-servlet/2.4.7.Final/weld-servlet-2.4.7.Final.jar:/home/user/.m2/repository/org/glassfish/jersey/containers/jersey-container-servlet-core/2.27/jersey-container-servlet-core-2.27.jar:/home/user/.m2/repository/org/glassfish/hk2/external/javax.inject/2.5.0-b42/javax.inject-2.5.0-b42.jar:/home/user/.m2/repository/org/glassfish/jersey/core/jersey-common/2.27/jersey-common-2.27.jar:/home/user/.m2/repository/org/glassfish/hk2/osgi-resource-locator/1.0.1/osgi-resource-locator-1.0.1.jar:/home/user/.m2/repository/javax/ws/rs/javax.ws.rs-api/2.1/javax.ws.rs-api-2.1.jar:/home/user/.m2/repository/org/glassfish/jersey/ext/cdi/jersey-cdi1x/2.27/jersey-cdi1x-2.27.jar:/home/user/.m2/repository/org/glassfish/jersey/inject/jersey-hk2/2.27/jersey-hk2-2.27.jar:/home/user/.m2/repository/org/glassfish/hk2/hk2-locator/2.5.0-b42/hk2-locator-2.5.0-b42.jar:/home/user/.m2/repository/org/javassist/javassist/3.22.0-CR2/javassist-3.22.0-CR2.jar:/home/user/.m2/repository/org/glassfish/hk2/hk2-api/2.5.0/hk2-api-2.5.0.jar:/home/user/.m2/repository/org/glassfish/hk2/external/jakarta.inject/2.5.0/jakarta.inject-2.5.0.jar:/home/user/.m2/repository/org/glassfish/hk2/hk2-utils/2.5.0/hk2-utils-2.5.0.jar:/home/user/.m2/repository/jakarta/annotation/jakarta.annotation-api/1.3.4/jakarta.annotation-api-1.3.4.jar:/home/user/.m2/repository/org/glassfish/hk2/external/aopalliance-repackaged/2.5.0/aopalliance-repackaged-2.5.0.jar:/home/user/.m2/repository/com/fasterxml/jackson/dataformat/jackson-dataformat-xml/2.9.0/jackson-dataformat-xml-2.9.0.jar:/home/user/.m2/repository/com/fasterxml/jackson/module/jackson-module-jaxb-annotations/2.9.5/jackson-module-jaxb-annotations-2.9.5.jar:/home/user/.m2/repository/javax/enterprise/cdi-api/1.2/cdi-api-1.2.jar:/home/user/.m2/repository/javax/el/javax.el-api/3.0.0/javax.el-api-3.0.0.jar:/home/user/.m2/repository/javax/interceptor/javax.interceptor-api/1.2/javax.interceptor-api-1.2.jar:/home/user/.m2/repository/javax/inject/javax.inject/1/javax.inject-1.jar:/home/user/.m2/repository/org/apache/hadoop/hadoop-ozone-csi/0.5.0-SNAPSHOT/hadoop-ozone-csi-0.5.0-SNAPSHOT.jar:/home/user/.m2/repository/com/google/protobuf/protobuf-java-util/3.5.1/protobuf-java-util-3.5.1.jar:/home/user/.m2/repository/io/grpc/grpc-netty/1.17.1/grpc-netty-1.17.1.jar:/home/user/.m2/repository/io/grpc/grpc-core/1.17.1/grpc-core-1.17.1.jar:/home/user/.m2/repository/io/grpc/grpc-context/1.17.1/grpc-context-1.17.1.jar:/home/user/.m2/repository/com/google/errorprone/error_prone_annotations/2.2.0/error_prone_annotations-2.2.0.jar:/home/user/.m2/repository/org/codehaus/mojo/animal-sniffer-annotations/1.17/animal-sniffer-annotations-1.17.jar:/home/user/.m2/repository/io/opencensus/opencensus-api/0.17.0/opencensus-api-0.17.0.jar:/home/user/.m2/repository/io/opencensus/opencensus-contrib-grpc-metrics/0.17.0/opencensus-contrib-grpc-metrics-0.17.0.jar:/home/user/.m2/repository/io/netty/netty-codec-http2/4.1.30.Final/netty-codec-http2-4.1.30.Final.jar:/home/user/.m2/repository/io/netty/netty-codec-http/4.1.30.Final/netty-codec-http-4.1.30.Final.jar:/home/user/.m2/repository/io/netty/netty-codec/4.1.30.Final/netty-codec-4.1.30.Final.jar:/home/user/.m2/repository/io/netty/netty-handler/4.1.30.Final/netty-handler-4.1.30.Final.jar:/home/user/.m2/repository/io/netty/netty-handler-proxy/4.1.30.Final/netty-handler-proxy-4.1.30.Final.jar:/home/user/.m2/repository/io/netty/netty-codec-socks/4.1.30.Final/netty-codec-socks-4.1.30.Final.jar:/home/user/.m2/repository/io/netty/netty-transport-native-epoll/4.1.30.Final/netty-transport-native-epoll-4.1.30.Final.jar:/home/user/.m2/repository/io/netty/netty-common/4.1.30.Final/netty-common-4.1.30.Final.jar:/home/user/.m2/repository/io/netty/netty-buffer/4.1.30.Final/netty-buffer-4.1.30.Final.jar:/home/user/.m2/repository/io/netty/netty-transport/4.1.30.Final/netty-transport-4.1.30.Final.jar:/home/user/.m2/repository/io/netty/netty-resolver/4.1.30.Final/netty-resolver-4.1.30.Final.jar:/home/user/.m2/repository/io/netty/netty-transport-native-unix-common/4.1.30.Final/netty-transport-native-unix-common-4.1.30.Final.jar:/home/user/.m2/repository/io/grpc/grpc-protobuf/1.17.1/grpc-protobuf-1.17.1.jar:/home/user/.m2/repository/com/google/api/grpc/proto-google-common-protos/1.0.0/proto-google-common-protos-1.0.0.jar:/home/user/.m2/repository/io/grpc/grpc-protobuf-lite/1.17.1/grpc-protobuf-lite-1.17.1.jar:/home/user/.m2/repository/io/grpc/grpc-stub/1.17.1/grpc-stub-1.17.1.jar:/home/user/.m2/repository/org/apache/hadoop/hadoop-ozone-recon/0.5.0-SNAPSHOT/hadoop-ozone-recon-0.5.0-SNAPSHOT.jar:/home/user/.m2/repository/org/apache/hadoop/hadoop-ozone-reconcodegen/0.5.0-SNAPSHOT/hadoop-ozone-reconcodegen-0.5.0-SNAPSHOT.jar:/home/user/.m2/repository/com/google/inject/extensions/guice-multibindings/4.0/guice-multibindings-4.0.jar:/home/user/.m2/repository/com/google/inject/guice/4.0/guice-4.0.jar:/home/user/.m2/repository/aopalliance/aopalliance/1.0/aopalliance-1.0.jar:/home/user/.m2/repository/com/google/inject/extensions/guice-servlet/4.0/guice-servlet-4.0.jar:/home/user/.m2/repository/org/glassfish/jersey/containers/jersey-container-servlet/2.27/jersey-container-servlet-2.27.jar:/home/user/.m2/repository/org/glassfish/hk2/guice-bridge/2.5.0/guice-bridge-2.5.0.jar:/home/user/.m2/repository/org/glassfish/jersey/core/jersey-server/2.27/jersey-server-2.27.jar:/home/user/.m2/repository/org/glassfish/jersey/core/jersey-client/2.27/jersey-client-2.27.jar:/home/user/.m2/repository/org/glassfish/jersey/media/jersey-media-jaxb/2.27/jersey-media-jaxb-2.27.jar:/home/user/.m2/repository/javax/validation/validation-api/1.1.0.Final/validation-api-1.1.0.Final.jar:/home/user/.m2/repository/org/glassfish/jersey/media/jersey-media-json-jackson/2.27/jersey-media-json-jackson-2.27.jar:/home/user/.m2/repository/org/glassfish/jersey/ext/jersey-entity-filtering/2.27/jersey-entity-filtering-2.27.jar:/home/user/.m2/repository/com/google/inject/extensions/guice-assistedinject/4.0/guice-assistedinject-4.0.jar:/home/user/.m2/repository/org/jooq/jooq/3.11.10/jooq-3.11.10.jar:/home/user/.m2/repository/org/jooq/jooq-meta/3.11.10/jooq-meta-3.11.10.jar:/home/user/.m2/repository/org/jooq/jooq-codegen/3.11.10/jooq-codegen-3.11.10.jar:/home/user/.m2/repository/com/jolbox/bonecp/0.8.0.RELEASE/bonecp-0.8.0.RELEASE.jar:/home/user/.m2/repository/org/springframework/spring-jdbc/5.1.3.RELEASE/spring-jdbc-5.1.3.RELEASE.jar:/home/user/.m2/repository/org/springframework/spring-beans/5.1.3.RELEASE/spring-beans-5.1.3.RELEASE.jar:/home/user/.m2/repository/org/springframework/spring-core/5.1.3.RELEASE/spring-core-5.1.3.RELEASE.jar:/home/user/.m2/repository/org/springframework/spring-jcl/5.1.3.RELEASE/spring-jcl-5.1.3.RELEASE.jar:/home/user/.m2/repository/org/springframework/spring-tx/5.1.3.RELEASE/spring-tx-5.1.3.RELEASE.jar:/home/user/.m2/repository/org/mockito/mockito-core/2.15.0/mockito-core-2.15.0.jar:/home/user/.m2/repository/net/bytebuddy/byte-buddy/1.7.9/byte-buddy-1.7.9.jar:/home/user/.m2/repository/net/bytebuddy/byte-buddy-agent/1.7.9/byte-buddy-agent-1.7.9.jar:/home/user/.m2/repository/org/objenesis/objenesis/1.0/objenesis-1.0.jar:"/>
    <property name="sun.cpu.endian" value="little"/>
    <property name="user.home" value="/home/user"/>
    <property name="user.language" value="en"/>
    <property name="java.specification.vendor" value="Oracle Corporation"/>
    <property name="java.home" value="/usr/lib/jvm/java-1.8-openjdk/jre"/>
    <property name="java.security.krb5.conf" value="/workdir/hadoop-ozone/tools/target/test-classes/krb5.conf"/>
    <property name="basedir" value="/workdir/hadoop-ozone/tools"/>
    <property name="file.separator" value="/"/>
    <property name="line.separator" value="&#10;"/>
    <property name="java.vm.specification.vendor" value="Oracle Corporation"/>
    <property name="java.specification.name" value="Java Platform API Specification"/>
    <property name="java.awt.graphicsenv" value="sun.awt.X11GraphicsEnvironment"/>
    <property name="surefire.real.class.path" value="/workdir/hadoop-ozone/tools/target/surefire/surefirebooter2255805754004176120.jar"/>
    <property name="hadoop.log.dir" value="/workdir/hadoop-ozone/tools/target/log"/>
    <property name="sun.boot.class.path" value="/usr/lib/jvm/java-1.8-openjdk/jre/lib/resources.jar:/usr/lib/jvm/java-1.8-openjdk/jre/lib/rt.jar:/usr/lib/jvm/java-1.8-openjdk/jre/lib/sunrsasign.jar:/usr/lib/jvm/java-1.8-openjdk/jre/lib/jsse.jar:/usr/lib/jvm/java-1.8-openjdk/jre/lib/jce.jar:/usr/lib/jvm/java-1.8-openjdk/jre/lib/charsets.jar:/usr/lib/jvm/java-1.8-openjdk/jre/lib/jfr.jar:/usr/lib/jvm/java-1.8-openjdk/jre/classes"/>
    <property name="sun.management.compiler" value="HotSpot 64-Bit Tiered Compilers"/>
    <property name="java.runtime.version" value="1.8.0_212-b04"/>
    <property name="java.net.preferIPv4Stack" value="true"/>
    <property name="user.name" value="jenkins1000"/>
    <property name="path.separator" value=":"/>
    <property name="java.security.egd" value="file:///dev/urandom"/>
    <property name="os.version" value="3.10.0-957.12.2.el7.x86_64"/>
    <property name="java.endorsed.dirs" value="/usr/lib/jvm/java-1.8-openjdk/jre/lib/endorsed"/>
    <property name="java.runtime.name" value="OpenJDK Runtime Environment"/>
    <property name="file.encoding" value="UTF-8"/>
    <property name="java.vm.name" value="OpenJDK 64-Bit Server VM"/>
    <property name="test.build.webapps" value=""/>
    <property name="localRepository" value="/home/user/.m2/repository"/>
    <property name="java.vendor.url.bug" value="https://icedtea.classpath.org/bugzilla"/>
    <property name="java.io.tmpdir" value="/tmp"/>
    <property name="require.test.libhadoop" value=""/>
    <property name="java.version" value="1.8.0_212"/>
    <property name="user.dir" value="/workdir/hadoop-ozone/tools"/>
    <property name="os.arch" value="amd64"/>
    <property name="java.vm.specification.name" value="Java Virtual Machine Specification"/>
    <property name="test.build.classes" value="/workdir/hadoop-ozone/tools/target/test-classes"/>
    <property name="java.awt.printerjob" value="sun.print.PSPrinterJob"/>
    <property name="sun.os.patch.level" value="unknown"/>
    <property name="hadoop.tmp.dir" value="/workdir/hadoop-ozone/tools/target/tmp"/>
    <property name="java.library.path" value="/usr/lib/jvm/java-1.8-openjdk/jre/lib/amd64/server:/usr/lib/jvm/java-1.8-openjdk/jre/lib/amd64:/usr/lib/jvm/java-1.8-openjdk/jre/../lib/amd64:/workdir/hadoop-ozone/tools/target/native/target/usr/local/lib:/workdir/hadoop-ozone/tools/../../hadoop-common-project/hadoop-common/target/native/target/usr/local/lib:/usr/java/packages/lib/amd64:/usr/lib64:/lib64:/lib:/usr/lib"/>
    <property name="java.vm.info" value="mixed mode"/>
    <property name="java.vendor" value="IcedTea"/>
    <property name="java.vm.version" value="25.212-b04"/>
    <property name="java.ext.dirs" value="/usr/lib/jvm/java-1.8-openjdk/jre/lib/ext:/usr/java/packages/lib/ext"/>
    <property name="sun.io.unicode.encoding" value="UnicodeLittle"/>
    <property name="java.class.version" value="52.0"/>
  </properties>
  <testcase name="ratisTest3" classname="org.apache.hadoop.ozone.freon.TestRandomKeyGenerator" time="10.316"/>
  <testcase name="testThreadPoolSize" classname="org.apache.hadoop.ozone.freon.TestRandomKeyGenerator" time="5.034"/>
  <testcase name="defaultTest" classname="org.apache.hadoop.ozone.freon.TestRandomKeyGenerator" time="5.034"/>
  <testcase name="bigFileThan2GB" classname="org.apache.hadoop.ozone.freon.TestRandomKeyGenerator" time="87.827">
    <error message="Allocated 0 blocks. Requested 1 blocks" type="INTERNAL_ERROR org.apache.hadoop.ozone.om.exceptions.OMException">INTERNAL_ERROR org.apache.hadoop.ozone.om.exceptions.OMException: Allocated 0 blocks. Requested 1 blocks
	at org.apache.hadoop.ozone.om.protocolPB.OzoneManagerProtocolClientSideTranslatorPB.handleError(OzoneManagerProtocolClientSideTranslatorPB.java:725)
	at org.apache.hadoop.ozone.om.protocolPB.OzoneManagerProtocolClientSideTranslatorPB.allocateBlock(OzoneManagerProtocolClientSideTranslatorPB.java:757)
	at org.apache.hadoop.ozone.client.io.BlockOutputStreamEntryPool.allocateNewBlock(BlockOutputStreamEntryPool.java:248)
	at org.apache.hadoop.ozone.client.io.BlockOutputStreamEntryPool.allocateBlockIfNeeded(BlockOutputStreamEntryPool.java:296)
	at org.apache.hadoop.ozone.client.io.KeyOutputStream.handleWrite(KeyOutputStream.java:201)
	at org.apache.hadoop.ozone.client.io.KeyOutputStream.write(KeyOutputStream.java:193)
	at org.apache.hadoop.ozone.client.io.OzoneOutputStream.write(OzoneOutputStream.java:49)
	at org.apache.hadoop.ozone.freon.RandomKeyGenerator.createKey(RandomKeyGenerator.java:699)
	at org.apache.hadoop.ozone.freon.RandomKeyGenerator.access$1100(RandomKeyGenerator.java:87)
	at org.apache.hadoop.ozone.freon.RandomKeyGenerator$ObjectCreator.run(RandomKeyGenerator.java:606)
	at java.util.concurrent.Executors$RunnableAdapter.call(Executors.java:511)
	at java.util.concurrent.FutureTask.run(FutureTask.java:266)
	at java.util.concurrent.ThreadPoolExecutor.runWorker(ThreadPoolExecutor.java:1149)
	at java.util.concurrent.ThreadPoolExecutor$Worker.run(ThreadPoolExecutor.java:624)
	at java.lang.Thread.run(Thread.java:748)
</error>
    <system-out><![CDATA[2019-09-05 09:22:56,052 | INFO  | SCMAudit | user=jenkins1000 | ip=192.168.36.69 | op=SEND_HEARTBEAT {datanodeUUID=609a8cf1-6ad3-4123-b94a-106ad93148a8, command=[]} | ret=SUCCESS |  
2019-09-05 09:22:56,052 | INFO  | SCMAudit | user=jenkins1000 | ip=192.168.36.69 | op=SEND_HEARTBEAT {datanodeUUID=48aa5eb4-709c-4003-adb5-fbc02723cd23, command=[]} | ret=SUCCESS |  
2019-09-05 09:22:56,052 | INFO  | SCMAudit | user=jenkins1000 | ip=192.168.36.69 | op=SEND_HEARTBEAT {datanodeUUID=4fcc8d53-44cb-4faf-b915-5afa0c7529d4, command=[]} | ret=SUCCESS |  
2019-09-05 09:22:56,128 | INFO  | SCMAudit | user=jenkins1000 | ip=192.168.36.69 | op=SEND_HEARTBEAT {datanodeUUID=5b6cff60-1414-40d6-b682-781dc5ff3023, command=[]} | ret=SUCCESS |  
2019-09-05 09:22:56,310 | INFO  | SCMAudit | user=jenkins1000 | ip=192.168.36.69 | op=SEND_HEARTBEAT {datanodeUUID=fe9e29a7-51ad-458f-9e11-f615da290baa, command=[]} | ret=SUCCESS |  
2019-09-05 09:22:57,052 | INFO  | SCMAudit | user=jenkins1000 | ip=192.168.36.69 | op=SEND_HEARTBEAT {datanodeUUID=48aa5eb4-709c-4003-adb5-fbc02723cd23, command=[]} | ret=SUCCESS |  
2019-09-05 09:22:57,052 | INFO  | SCMAudit | user=jenkins1000 | ip=192.168.36.69 | op=SEND_HEARTBEAT {datanodeUUID=609a8cf1-6ad3-4123-b94a-106ad93148a8, command=[]} | ret=SUCCESS |  
2019-09-05 09:22:57,053 | INFO  | SCMAudit | user=jenkins1000 | ip=192.168.36.69 | op=SEND_HEARTBEAT {datanodeUUID=4fcc8d53-44cb-4faf-b915-5afa0c7529d4, command=[]} | ret=SUCCESS |  
2019-09-05 09:22:57,128 | INFO  | SCMAudit | user=jenkins1000 | ip=192.168.36.69 | op=SEND_HEARTBEAT {datanodeUUID=5b6cff60-1414-40d6-b682-781dc5ff3023, command=[]} | ret=SUCCESS |  
2019-09-05 09:22:57,309 | INFO  | SCMAudit | user=jenkins1000 | ip=192.168.36.69 | op=SEND_HEARTBEAT {datanodeUUID=fe9e29a7-51ad-458f-9e11-f615da290baa, command=[]} | ret=SUCCESS |  
2019-09-05 09:22:58,053 | INFO  | SCMAudit | user=jenkins1000 | ip=192.168.36.69 | op=SEND_HEARTBEAT {datanodeUUID=4fcc8d53-44cb-4faf-b915-5afa0c7529d4, command=[]} | ret=SUCCESS |  
2019-09-05 09:22:58,053 | INFO  | SCMAudit | user=jenkins1000 | ip=192.168.36.69 | op=SEND_HEARTBEAT {datanodeUUID=609a8cf1-6ad3-4123-b94a-106ad93148a8, command=[]} | ret=SUCCESS |  
2019-09-05 09:22:58,053 | INFO  | SCMAudit | user=jenkins1000 | ip=192.168.36.69 | op=SEND_HEARTBEAT {datanodeUUID=48aa5eb4-709c-4003-adb5-fbc02723cd23, command=[]} | ret=SUCCESS |  
2019-09-05 09:22:58,129 | INFO  | SCMAudit | user=jenkins1000 | ip=192.168.36.69 | op=SEND_HEARTBEAT {datanodeUUID=5b6cff60-1414-40d6-b682-781dc5ff3023, command=[]} | ret=SUCCESS |  
2019-09-05 09:22:58,310 | INFO  | SCMAudit | user=jenkins1000 | ip=192.168.36.69 | op=SEND_HEARTBEAT {datanodeUUID=fe9e29a7-51ad-458f-9e11-f615da290baa, command=[]} | ret=SUCCESS |  
2019-09-05 09:22:59,053 | INFO  | SCMAudit | user=jenkins1000 | ip=192.168.36.69 | op=SEND_HEARTBEAT {datanodeUUID=48aa5eb4-709c-4003-adb5-fbc02723cd23, command=[]} | ret=SUCCESS |  
2019-09-05 09:22:59,053 | INFO  | SCMAudit | user=jenkins1000 | ip=192.168.36.69 | op=SEND_HEARTBEAT {datanodeUUID=609a8cf1-6ad3-4123-b94a-106ad93148a8, command=[]} | ret=SUCCESS |  
2019-09-05 09:22:59,054 | INFO  | SCMAudit | user=jenkins1000 | ip=192.168.36.69 | op=SEND_HEARTBEAT {datanodeUUID=4fcc8d53-44cb-4faf-b915-5afa0c7529d4, command=[]} | ret=SUCCESS |  
2019-09-05 09:22:59,129 | INFO  | SCMAudit | user=jenkins1000 | ip=192.168.36.69 | op=SEND_HEARTBEAT {datanodeUUID=5b6cff60-1414-40d6-b682-781dc5ff3023, command=[]} | ret=SUCCESS |  
2019-09-05 09:22:59,310 | INFO  | SCMAudit | user=jenkins1000 | ip=192.168.36.69 | op=SEND_HEARTBEAT {datanodeUUID=fe9e29a7-51ad-458f-9e11-f615da290baa, command=[]} | ret=SUCCESS |  
2019-09-05 09:23:00,054 | INFO  | SCMAudit | user=jenkins1000 | ip=192.168.36.69 | op=SEND_HEARTBEAT {datanodeUUID=609a8cf1-6ad3-4123-b94a-106ad93148a8, command=[]} | ret=SUCCESS |  
2019-09-05 09:23:00,054 | INFO  | SCMAudit | user=jenkins1000 | ip=192.168.36.69 | op=SEND_HEARTBEAT {datanodeUUID=4fcc8d53-44cb-4faf-b915-5afa0c7529d4, command=[]} | ret=SUCCESS |  
2019-09-05 09:23:00,054 | INFO  | SCMAudit | user=jenkins1000 | ip=192.168.36.69 | op=SEND_HEARTBEAT {datanodeUUID=48aa5eb4-709c-4003-adb5-fbc02723cd23, command=[]} | ret=SUCCESS |  
2019-09-05 09:23:00,128 | INFO  | SCMAudit | user=jenkins1000 | ip=192.168.36.69 | op=SEND_HEARTBEAT {datanodeUUID=5b6cff60-1414-40d6-b682-781dc5ff3023, command=[]} | ret=SUCCESS |  
2019-09-05 09:23:00,310 | INFO  | SCMAudit | user=jenkins1000 | ip=192.168.36.69 | op=SEND_HEARTBEAT {datanodeUUID=fe9e29a7-51ad-458f-9e11-f615da290baa, command=[]} | ret=SUCCESS |  
2019-09-05 09:23:01,054 | INFO  | SCMAudit | user=jenkins1000 | ip=192.168.36.69 | op=SEND_HEARTBEAT {datanodeUUID=4fcc8d53-44cb-4faf-b915-5afa0c7529d4, command=[]} | ret=SUCCESS |  
2019-09-05 09:23:01,054 | INFO  | SCMAudit | user=jenkins1000 | ip=192.168.36.69 | op=SEND_HEARTBEAT {datanodeUUID=48aa5eb4-709c-4003-adb5-fbc02723cd23, command=[]} | ret=SUCCESS |  
2019-09-05 09:23:01,054 | INFO  | SCMAudit | user=jenkins1000 | ip=192.168.36.69 | op=SEND_HEARTBEAT {datanodeUUID=609a8cf1-6ad3-4123-b94a-106ad93148a8, command=[]} | ret=SUCCESS |  
2019-09-05 09:23:01,129 | INFO  | SCMAudit | user=jenkins1000 | ip=192.168.36.69 | op=SEND_HEARTBEAT {datanodeUUID=5b6cff60-1414-40d6-b682-781dc5ff3023, command=[]} | ret=SUCCESS |  
2019-09-05 09:23:01,309 | INFO  | SCMAudit | user=jenkins1000 | ip=192.168.36.69 | op=SEND_HEARTBEAT {datanodeUUID=fe9e29a7-51ad-458f-9e11-f615da290baa, command=[]} | ret=SUCCESS |  
2019-09-05 09:23:02,053 | INFO  | SCMAudit | user=jenkins1000 | ip=192.168.36.69 | op=SEND_HEARTBEAT {datanodeUUID=609a8cf1-6ad3-4123-b94a-106ad93148a8, command=[]} | ret=SUCCESS |  
2019-09-05 09:23:02,053 | INFO  | SCMAudit | user=jenkins1000 | ip=192.168.36.69 | op=SEND_HEARTBEAT {datanodeUUID=48aa5eb4-709c-4003-adb5-fbc02723cd23, command=[]} | ret=SUCCESS |  
2019-09-05 09:23:02,053 | INFO  | SCMAudit | user=jenkins1000 | ip=192.168.36.69 | op=SEND_HEARTBEAT {datanodeUUID=4fcc8d53-44cb-4faf-b915-5afa0c7529d4, command=[]} | ret=SUCCESS |  
2019-09-05 09:23:02,129 | INFO  | SCMAudit | user=jenkins1000 | ip=192.168.36.69 | op=SEND_HEARTBEAT {datanodeUUID=5b6cff60-1414-40d6-b682-781dc5ff3023, command=[]} | ret=SUCCESS |  
2019-09-05 09:23:02,310 | INFO  | SCMAudit | user=jenkins1000 | ip=192.168.36.69 | op=SEND_HEARTBEAT {datanodeUUID=fe9e29a7-51ad-458f-9e11-f615da290baa, command=[]} | ret=SUCCESS |  
2019-09-05 09:23:03,021 [main] INFO  freon.RandomKeyGenerator (RandomKeyGenerator.java:call(275)) - Number of Threads: 1
2019-09-05 09:23:03,021 [main] INFO  freon.RandomKeyGenerator (RandomKeyGenerator.java:call(280)) - Number of Volumes: 1.
2019-09-05 09:23:03,021 [main] INFO  freon.RandomKeyGenerator (RandomKeyGenerator.java:call(281)) - Number of Buckets per Volume: 1.
2019-09-05 09:23:03,021 [main] INFO  freon.RandomKeyGenerator (RandomKeyGenerator.java:call(282)) - Number of Keys per Bucket: 1.
2019-09-05 09:23:03,021 [main] INFO  freon.RandomKeyGenerator (RandomKeyGenerator.java:call(283)) - Key size: 2147483657 bytes
2019-09-05 09:23:03,021 [main] INFO  freon.RandomKeyGenerator (RandomKeyGenerator.java:call(284)) - Buffer size: 4096 bytes
2019-09-05 09:23:03,023 [main] INFO  freon.RandomKeyGenerator (RandomKeyGenerator.java:call(298)) - Data validation is enabled.
2019-09-05 09:23:03,023 [pool-282-thread-1] INFO  rpc.RpcClient (RpcClient.java:createVolume(293)) - Creating Volume: vol-0-13331, with jenkins1000 as owner.
2019-09-05 09:23:03,023 [main] INFO  freon.RandomKeyGenerator (RandomKeyGenerator.java:call(304)) - Starting progress bar Thread.

 0.00% |█                                                                                                    |  0/1 Time: 0:00:002019-09-05 09:23:03,028 | INFO  | OMAudit | user=jenkins1000 | ip=127.0.0.1 | op=CREATE_VOLUME {admin=jenkins1000, owner=jenkins1000, volume=vol-0-13331, creationTime=1567675383028, quotaInBytes=1152921504606846976} | ret=SUCCESS |  
2019-09-05 09:23:03,030 | INFO  | OMAudit | user=jenkins1000 | ip=127.0.0.1 | op=READ_VOLUME {volume=vol-0-13331} | ret=SUCCESS |  
2019-09-05 09:23:03,031 [pool-282-thread-1] INFO  rpc.RpcClient (RpcClient.java:createBucket(432)) - Creating Bucket: vol-0-13331/bucket-0-43606, with Versioning false and Storage Type set to DISK and Encryption set to false 
2019-09-05 09:23:03,040 | INFO  | OMAudit | user=jenkins1000 | ip=127.0.0.1 | op=CREATE_BUCKET {volume=vol-0-13331, bucket=bucket-0-43606, acls=[user:jenkins1000:a[ACCESS], group:default:a[ACCESS]], isVersionEnabled=false, storageType=DISK, creationTime=0} | ret=SUCCESS |  
2019-09-05 09:23:03,041 | INFO  | OMAudit | user=jenkins1000 | ip=127.0.0.1 | op=READ_BUCKET {volume=vol-0-13331, bucket=bucket-0-43606} | ret=SUCCESS |  
2019-09-05 09:23:03,055 | INFO  | SCMAudit | user=jenkins1000 | ip=192.168.36.69 | op=SEND_HEARTBEAT {datanodeUUID=48aa5eb4-709c-4003-adb5-fbc02723cd23, command=[]} | ret=SUCCESS |  
2019-09-05 09:23:03,055 | INFO  | SCMAudit | user=jenkins1000 | ip=192.168.36.69 | op=SEND_HEARTBEAT {datanodeUUID=609a8cf1-6ad3-4123-b94a-106ad93148a8, command=[]} | ret=SUCCESS |  
2019-09-05 09:23:03,055 | INFO  | SCMAudit | user=jenkins1000 | ip=192.168.36.69 | op=SEND_HEARTBEAT {datanodeUUID=4fcc8d53-44cb-4faf-b915-5afa0c7529d4, command=[]} | ret=SUCCESS |  
2019-09-05 09:23:03,057 | INFO  | SCMAudit | user=jenkins1000 | ip=192.168.36.69 | op=ALLOCATE_BLOCK {owner=5cf4fcf6-c517-45f4-af25-2fff646d8883, size=4194304, type=RATIS, factor=THREE} | ret=SUCCESS |  
2019-09-05 09:23:03,070 | INFO  | OMAudit | user=jenkins1000 | ip=127.0.0.1 | op=ALLOCATE_KEY {volume=vol-0-13331, bucket=bucket-0-43606, key=key-0-76526, dataSize=2147483657, replicationType=RATIS, replicationFactor=THREE, keyLocationInfo=null} | ret=SUCCESS |  
2019-09-05 09:23:03,115 [grpc-default-executor-0] INFO  client.GrpcClientProtocolClient (GrpcClientProtocolClient.java:onNext(255)) - client-969FB6DA8C9A->609a8cf1-6ad3-4123-b94a-106ad93148a8: receive RaftClientReply:client-969FB6DA8C9A->609a8cf1-6ad3-4123-b94a-106ad93148a8@group-6A615BAE1DD1, cid=599, FAILED org.apache.ratis.protocol.NotLeaderException: Server 609a8cf1-6ad3-4123-b94a-106ad93148a8 is not the leader (4fcc8d53-44cb-4faf-b915-5afa0c7529d4:192.168.36.69:46195). Request must be sent to leader., logIndex=0, commits[609a8cf1-6ad3-4123-b94a-106ad93148a8:c675, 48aa5eb4-709c-4003-adb5-fbc02723cd23:c675, 4fcc8d53-44cb-4faf-b915-5afa0c7529d4:c675]
2019-09-05 09:23:03,129 | INFO  | SCMAudit | user=jenkins1000 | ip=192.168.36.69 | op=SEND_HEARTBEAT {datanodeUUID=5b6cff60-1414-40d6-b682-781dc5ff3023, command=[]} | ret=SUCCESS |  
2019-09-05 09:23:03,137 | INFO  | DNAudit | user=null | ip=null | op=WRITE_CHUNK {blockData=conID: 2 locID: 102739173903499667 bcsId: 0} | ret=SUCCESS |  
2019-09-05 09:23:03,153 | INFO  | DNAudit | user=null | ip=null | op=WRITE_CHUNK {blockData=conID: 2 locID: 102739173903499667 bcsId: 0} | ret=SUCCESS |  
2019-09-05 09:23:03,155 | INFO  | DNAudit | user=null | ip=null | op=WRITE_CHUNK {blockData=conID: 2 locID: 102739173903499667 bcsId: 0} | ret=SUCCESS |  
2019-09-05 09:23:03,179 | INFO  | DNAudit | user=null | ip=null | op=WRITE_CHUNK {blockData=conID: 2 locID: 102739173903499667 bcsId: 0} | ret=SUCCESS |  
2019-09-05 09:23:03,182 [grpc-default-executor-5] INFO  client.GrpcClientProtocolClient (GrpcClientProtocolClient.java:onNext(255)) - client-969FB6DA8C9A->4fcc8d53-44cb-4faf-b915-5afa0c7529d4: receive RaftClientReply:client-969FB6DA8C9A->4fcc8d53-44cb-4faf-b915-5afa0c7529d4@group-6A615BAE1DD1, cid=599, SUCCESS, logIndex=676, commits[4fcc8d53-44cb-4faf-b915-5afa0c7529d4:c676, 48aa5eb4-709c-4003-adb5-fbc02723cd23:c675, 609a8cf1-6ad3-4123-b94a-106ad93148a8:c675]
2019-09-05 09:23:03,197 | INFO  | DNAudit | user=null | ip=null | op=WRITE_CHUNK {blockData=conID: 2 locID: 102739173903499667 bcsId: 0} | ret=SUCCESS |  
2019-09-05 09:23:03,200 | INFO  | DNAudit | user=null | ip=null | op=WRITE_CHUNK {blockData=conID: 2 locID: 102739173903499667 bcsId: 0} | ret=SUCCESS |  
2019-09-05 09:23:03,201 | INFO  | DNAudit | user=null | ip=null | op=WRITE_CHUNK {blockData=conID: 2 locID: 102739173903499667 bcsId: 0} | ret=SUCCESS |  
2019-09-05 09:23:03,202 | INFO  | DNAudit | user=null | ip=null | op=WRITE_CHUNK {blockData=conID: 2 locID: 102739173903499667 bcsId: 0} | ret=SUCCESS |  
2019-09-05 09:23:03,202 | INFO  | DNAudit | user=null | ip=null | op=WRITE_CHUNK {blockData=conID: 2 locID: 102739173903499667 bcsId: 0} | ret=SUCCESS |  
2019-09-05 09:23:03,204 | INFO  | DNAudit | user=null | ip=null | op=PUT_BLOCK {blockData=[blockId=conID: 2 locID: 102739173903499667 bcsId: 0,size=1048576]} | ret=SUCCESS |  
2019-09-05 09:23:03,206 | INFO  | DNAudit | user=null | ip=null | op=WRITE_CHUNK {blockData=conID: 2 locID: 102739173903499667 bcsId: 0} | ret=SUCCESS |  
2019-09-05 09:23:03,207 [grpc-default-executor-3] INFO  client.GrpcClientProtocolClient (GrpcClientProtocolClient.java:onNext(255)) - client-969FB6DA8C9A->4fcc8d53-44cb-4faf-b915-5afa0c7529d4: receive RaftClientReply:client-969FB6DA8C9A->4fcc8d53-44cb-4faf-b915-5afa0c7529d4@group-6A615BAE1DD1, cid=600, SUCCESS, logIndex=678, commits[4fcc8d53-44cb-4faf-b915-5afa0c7529d4:c680, 48aa5eb4-709c-4003-adb5-fbc02723cd23:c676, 609a8cf1-6ad3-4123-b94a-106ad93148a8:c676]
2019-09-05 09:23:03,209 | INFO  | DNAudit | user=null | ip=null | op=PUT_BLOCK {blockData=[blockId=conID: 2 locID: 102739173903499667 bcsId: 0,size=2097152]} | ret=SUCCESS |  
2019-09-05 09:23:03,209 [grpc-default-executor-3] INFO  client.GrpcClientProtocolClient (GrpcClientProtocolClient.java:onNext(255)) - client-969FB6DA8C9A->4fcc8d53-44cb-4faf-b915-5afa0c7529d4: receive RaftClientReply:client-969FB6DA8C9A->4fcc8d53-44cb-4faf-b915-5afa0c7529d4@group-6A615BAE1DD1, cid=601, SUCCESS, logIndex=679, commits[4fcc8d53-44cb-4faf-b915-5afa0c7529d4:c680, 48aa5eb4-709c-4003-adb5-fbc02723cd23:c676, 609a8cf1-6ad3-4123-b94a-106ad93148a8:c676]
2019-09-05 09:23:03,209 | INFO  | DNAudit | user=null | ip=null | op=PUT_BLOCK {blockData=[blockId=conID: 2 locID: 102739173903499667 bcsId: 0,size=1048576]} | ret=SUCCESS |  
2019-09-05 09:23:03,209 | INFO  | DNAudit | user=null | ip=null | op=PUT_BLOCK {blockData=[blockId=conID: 2 locID: 102739173903499667 bcsId: 0,size=1048576]} | ret=SUCCESS |  
2019-09-05 09:23:03,210 | INFO  | DNAudit | user=null | ip=null | op=WRITE_CHUNK {blockData=conID: 2 locID: 102739173903499667 bcsId: 0} | ret=SUCCESS |  
2019-09-05 09:23:03,210 | INFO  | DNAudit | user=null | ip=null | op=WRITE_CHUNK {blockData=conID: 2 locID: 102739173903499667 bcsId: 0} | ret=SUCCESS |  
2019-09-05 09:23:03,211 [grpc-default-executor-0] INFO  client.GrpcClientProtocolClient (GrpcClientProtocolClient.java:onNext(255)) - client-969FB6DA8C9A->4fcc8d53-44cb-4faf-b915-5afa0c7529d4: receive RaftClientReply:client-969FB6DA8C9A->4fcc8d53-44cb-4faf-b915-5afa0c7529d4@group-6A615BAE1DD1, cid=602, SUCCESS, logIndex=680, commits[4fcc8d53-44cb-4faf-b915-5afa0c7529d4:c680, 48aa5eb4-709c-4003-adb5-fbc02723cd23:c676, 609a8cf1-6ad3-4123-b94a-106ad93148a8:c676]
2019-09-05 09:23:03,221 | INFO  | DNAudit | user=null | ip=null | op=PUT_BLOCK {blockData=[blockId=conID: 2 locID: 102739173903499667 bcsId: 0,size=2097152]} | ret=SUCCESS |  
2019-09-05 09:23:03,221 | INFO  | DNAudit | user=null | ip=null | op=PUT_BLOCK {blockData=[blockId=conID: 2 locID: 102739173903499667 bcsId: 0,size=2097152]} | ret=SUCCESS |  
2019-09-05 09:23:03,224 [grpc-default-executor-3] INFO  client.GrpcClientProtocolClient (GrpcClientProtocolClient.java:onNext(255)) - client-969FB6DA8C9A->4fcc8d53-44cb-4faf-b915-5afa0c7529d4: receive RaftClientReply:client-969FB6DA8C9A->4fcc8d53-44cb-4faf-b915-5afa0c7529d4@group-6A615BAE1DD1, cid=603, SUCCESS, logIndex=0, commits[4fcc8d53-44cb-4faf-b915-5afa0c7529d4:c681, 48aa5eb4-709c-4003-adb5-fbc02723cd23:c679, 609a8cf1-6ad3-4123-b94a-106ad93148a8:c679]
2019-09-05 09:23:03,235 | INFO  | DNAudit | user=null | ip=null | op=WRITE_CHUNK {blockData=conID: 2 locID: 102739173903499667 bcsId: 680} | ret=SUCCESS |  
2019-09-05 09:23:03,239 | INFO  | DNAudit | user=null | ip=null | op=WRITE_CHUNK {blockData=conID: 2 locID: 102739173903499667 bcsId: 680} | ret=SUCCESS |  
2019-09-05 09:23:03,239 | INFO  | DNAudit | user=null | ip=null | op=WRITE_CHUNK {blockData=conID: 2 locID: 102739173903499667 bcsId: 680} | ret=SUCCESS |  
2019-09-05 09:23:03,245 | INFO  | DNAudit | user=null | ip=null | op=WRITE_CHUNK {blockData=conID: 2 locID: 102739173903499667 bcsId: 680} | ret=SUCCESS |  
2019-09-05 09:23:03,245 | INFO  | DNAudit | user=null | ip=null | op=PUT_BLOCK {blockData=[blockId=conID: 2 locID: 102739173903499667 bcsId: 0,size=3145728]} | ret=SUCCESS |  
2019-09-05 09:23:03,245 [grpc-default-executor-3] INFO  client.GrpcClientProtocolClient (GrpcClientProtocolClient.java:onNext(255)) - client-969FB6DA8C9A->4fcc8d53-44cb-4faf-b915-5afa0c7529d4: receive RaftClientReply:client-969FB6DA8C9A->4fcc8d53-44cb-4faf-b915-5afa0c7529d4@group-6A615BAE1DD1, cid=604, SUCCESS, logIndex=684, commits[4fcc8d53-44cb-4faf-b915-5afa0c7529d4:c685, 48aa5eb4-709c-4003-adb5-fbc02723cd23:c683, 609a8cf1-6ad3-4123-b94a-106ad93148a8:c683]
2019-09-05 09:23:03,246 [grpc-default-executor-3] INFO  client.GrpcClientProtocolClient (GrpcClientProtocolClient.java:onNext(255)) - client-969FB6DA8C9A->4fcc8d53-44cb-4faf-b915-5afa0c7529d4: receive RaftClientReply:client-969FB6DA8C9A->4fcc8d53-44cb-4faf-b915-5afa0c7529d4@group-6A615BAE1DD1, cid=605, SUCCESS, logIndex=685, commits[4fcc8d53-44cb-4faf-b915-5afa0c7529d4:c685, 48aa5eb4-709c-4003-adb5-fbc02723cd23:c683, 609a8cf1-6ad3-4123-b94a-106ad93148a8:c683]
2019-09-05 09:23:03,256 | INFO  | DNAudit | user=null | ip=null | op=WRITE_CHUNK {blockData=conID: 2 locID: 102739173903499667 bcsId: 685} | ret=SUCCESS |  
2019-09-05 09:23:03,256 | INFO  | DNAudit | user=null | ip=null | op=WRITE_CHUNK {blockData=conID: 2 locID: 102739173903499667 bcsId: 680} | ret=SUCCESS |  
2019-09-05 09:23:03,256 | INFO  | DNAudit | user=null | ip=null | op=WRITE_CHUNK {blockData=conID: 2 locID: 102739173903499667 bcsId: 680} | ret=SUCCESS |  
2019-09-05 09:23:03,260 | INFO  | DNAudit | user=null | ip=null | op=WRITE_CHUNK {blockData=conID: 2 locID: 102739173903499667 bcsId: 685} | ret=SUCCESS |  
2019-09-05 09:23:03,260 | INFO  | DNAudit | user=null | ip=null | op=WRITE_CHUNK {blockData=conID: 2 locID: 102739173903499667 bcsId: 685} | ret=SUCCESS |  
2019-09-05 09:23:03,277 | INFO  | DNAudit | user=null | ip=null | op=PUT_BLOCK {blockData=[blockId=conID: 2 locID: 102739173903499667 bcsId: 0,size=3145728]} | ret=SUCCESS |  
2019-09-05 09:23:03,277 | INFO  | DNAudit | user=null | ip=null | op=PUT_BLOCK {blockData=[blockId=conID: 2 locID: 102739173903499667 bcsId: 0,size=3145728]} | ret=SUCCESS |  
2019-09-05 09:23:03,279 | INFO  | DNAudit | user=null | ip=null | op=WRITE_CHUNK {blockData=conID: 2 locID: 102739173903499667 bcsId: 685} | ret=SUCCESS |  
2019-09-05 09:23:03,279 | INFO  | DNAudit | user=null | ip=null | op=PUT_BLOCK {blockData=[blockId=conID: 2 locID: 102739173903499667 bcsId: 0,size=4194304]} | ret=SUCCESS |  
2019-09-05 09:23:03,280 [grpc-default-executor-5] INFO  client.GrpcClientProtocolClient (GrpcClientProtocolClient.java:onNext(255)) - client-969FB6DA8C9A->4fcc8d53-44cb-4faf-b915-5afa0c7529d4: receive RaftClientReply:client-969FB6DA8C9A->4fcc8d53-44cb-4faf-b915-5afa0c7529d4@group-6A615BAE1DD1, cid=606, SUCCESS, logIndex=688, commits[4fcc8d53-44cb-4faf-b915-5afa0c7529d4:c689, 48aa5eb4-709c-4003-adb5-fbc02723cd23:c685, 609a8cf1-6ad3-4123-b94a-106ad93148a8:c685]
2019-09-05 09:23:03,281 [grpc-default-executor-5] INFO  client.GrpcClientProtocolClient (GrpcClientProtocolClient.java:onNext(255)) - client-969FB6DA8C9A->4fcc8d53-44cb-4faf-b915-5afa0c7529d4: receive RaftClientReply:client-969FB6DA8C9A->4fcc8d53-44cb-4faf-b915-5afa0c7529d4@group-6A615BAE1DD1, cid=607, SUCCESS, logIndex=689, commits[4fcc8d53-44cb-4faf-b915-5afa0c7529d4:c689, 48aa5eb4-709c-4003-adb5-fbc02723cd23:c685, 609a8cf1-6ad3-4123-b94a-106ad93148a8:c685]
2019-09-05 09:23:03,296 | INFO  | DNAudit | user=null | ip=null | op=WRITE_CHUNK {blockData=conID: 2 locID: 102739173903499667 bcsId: 685} | ret=SUCCESS |  
2019-09-05 09:23:03,296 | INFO  | DNAudit | user=null | ip=null | op=WRITE_CHUNK {blockData=conID: 2 locID: 102739173903499667 bcsId: 685} | ret=SUCCESS |  
2019-09-05 09:23:03,296 | INFO  | DNAudit | user=null | ip=null | op=PUT_BLOCK {blockData=[blockId=conID: 2 locID: 102739173903499667 bcsId: 0,size=4194304]} | ret=SUCCESS |  
2019-09-05 09:23:03,296 | INFO  | DNAudit | user=null | ip=null | op=PUT_BLOCK {blockData=[blockId=conID: 2 locID: 102739173903499667 bcsId: 0,size=4194304]} | ret=SUCCESS |  
2019-09-05 09:23:03,297 [grpc-default-executor-5] INFO  client.GrpcClientProtocolClient (GrpcClientProtocolClient.java:onNext(255)) - client-969FB6DA8C9A->4fcc8d53-44cb-4faf-b915-5afa0c7529d4: receive RaftClientReply:client-969FB6DA8C9A->4fcc8d53-44cb-4faf-b915-5afa0c7529d4@group-6A615BAE1DD1, cid=608, SUCCESS, logIndex=0, commits[4fcc8d53-44cb-4faf-b915-5afa0c7529d4:c690, 48aa5eb4-709c-4003-adb5-fbc02723cd23:c689, 609a8cf1-6ad3-4123-b94a-106ad93148a8:c689]
2019-09-05 09:23:03,308 | INFO  | DNAudit | user=null | ip=null | op=WRITE_CHUNK {blockData=conID: 3 locID: 102739173903499668 bcsId: 0} | ret=SUCCESS |  
2019-09-05 09:23:03,310 | INFO  | SCMAudit | user=jenkins1000 | ip=192.168.36.69 | op=SEND_HEARTBEAT {datanodeUUID=fe9e29a7-51ad-458f-9e11-f615da290baa, command=[]} | ret=SUCCESS |  
2019-09-05 09:23:03,313 | INFO  | DNAudit | user=null | ip=null | op=WRITE_CHUNK {blockData=conID: 3 locID: 102739173903499668 bcsId: 0} | ret=SUCCESS |  
2019-09-05 09:23:03,314 | INFO  | DNAudit | user=null | ip=null | op=WRITE_CHUNK {blockData=conID: 3 locID: 102739173903499668 bcsId: 0} | ret=SUCCESS |  
2019-09-05 09:23:03,314 | INFO  | DNAudit | user=null | ip=null | op=WRITE_CHUNK {blockData=conID: 3 locID: 102739173903499668 bcsId: 0} | ret=SUCCESS |  
2019-09-05 09:23:03,317 | INFO  | DNAudit | user=null | ip=null | op=WRITE_CHUNK {blockData=conID: 3 locID: 102739173903499668 bcsId: 0} | ret=SUCCESS |  
2019-09-05 09:23:03,317 | INFO  | DNAudit | user=null | ip=null | op=WRITE_CHUNK {blockData=conID: 3 locID: 102739173903499668 bcsId: 0} | ret=SUCCESS |  
2019-09-05 09:23:03,328 | INFO  | DNAudit | user=null | ip=null | op=WRITE_CHUNK {blockData=conID: 3 locID: 102739173903499668 bcsId: 0} | ret=SUCCESS |  
2019-09-05 09:23:03,328 | INFO  | DNAudit | user=null | ip=null | op=PUT_BLOCK {blockData=[blockId=conID: 3 locID: 102739173903499668 bcsId: 0,size=1048576]} | ret=SUCCESS |  
2019-09-05 09:23:03,329 [grpc-default-executor-3] INFO  client.GrpcClientProtocolClient (GrpcClientProtocolClient.java:onNext(255)) - client-969FB6DA8C9A->4fcc8d53-44cb-4faf-b915-5afa0c7529d4: receive RaftClientReply:client-969FB6DA8C9A->4fcc8d53-44cb-4faf-b915-5afa0c7529d4@group-6A615BAE1DD1, cid=609, SUCCESS, logIndex=692, commits[4fcc8d53-44cb-4faf-b915-5afa0c7529d4:c693, 48aa5eb4-709c-4003-adb5-fbc02723cd23:c691, 609a8cf1-6ad3-4123-b94a-106ad93148a8:c691]
2019-09-05 09:23:03,329 [grpc-default-executor-3] INFO  client.GrpcClientProtocolClient (GrpcClientProtocolClient.java:onNext(255)) - client-969FB6DA8C9A->4fcc8d53-44cb-4faf-b915-5afa0c7529d4: receive RaftClientReply:client-969FB6DA8C9A->4fcc8d53-44cb-4faf-b915-5afa0c7529d4@group-6A615BAE1DD1, cid=610, SUCCESS, logIndex=693, commits[4fcc8d53-44cb-4faf-b915-5afa0c7529d4:c693, 48aa5eb4-709c-4003-adb5-fbc02723cd23:c691, 609a8cf1-6ad3-4123-b94a-106ad93148a8:c691]
2019-09-05 09:23:03,334 | INFO  | DNAudit | user=null | ip=null | op=WRITE_CHUNK {blockData=conID: 3 locID: 102739173903499668 bcsId: 0} | ret=SUCCESS |  
2019-09-05 09:23:03,335 | INFO  | DNAudit | user=null | ip=null | op=PUT_BLOCK {blockData=[blockId=conID: 3 locID: 102739173903499668 bcsId: 0,size=2097152]} | ret=SUCCESS |  
2019-09-05 09:23:03,335 [grpc-default-executor-3] INFO  client.GrpcClientProtocolClient (GrpcClientProtocolClient.java:onNext(255)) - client-969FB6DA8C9A->4fcc8d53-44cb-4faf-b915-5afa0c7529d4: receive RaftClientReply:client-969FB6DA8C9A->4fcc8d53-44cb-4faf-b915-5afa0c7529d4@group-6A615BAE1DD1, cid=611, SUCCESS, logIndex=694, commits[4fcc8d53-44cb-4faf-b915-5afa0c7529d4:c695, 48aa5eb4-709c-4003-adb5-fbc02723cd23:c691, 609a8cf1-6ad3-4123-b94a-106ad93148a8:c691]
2019-09-05 09:23:03,336 [grpc-default-executor-3] INFO  client.GrpcClientProtocolClient (GrpcClientProtocolClient.java:onNext(255)) - client-969FB6DA8C9A->4fcc8d53-44cb-4faf-b915-5afa0c7529d4: receive RaftClientReply:client-969FB6DA8C9A->4fcc8d53-44cb-4faf-b915-5afa0c7529d4@group-6A615BAE1DD1, cid=612, SUCCESS, logIndex=695, commits[4fcc8d53-44cb-4faf-b915-5afa0c7529d4:c695, 48aa5eb4-709c-4003-adb5-fbc02723cd23:c691, 609a8cf1-6ad3-4123-b94a-106ad93148a8:c691]
2019-09-05 09:23:03,340 | INFO  | DNAudit | user=null | ip=null | op=WRITE_CHUNK {blockData=conID: 3 locID: 102739173903499668 bcsId: 0} | ret=SUCCESS |  
2019-09-05 09:23:03,340 | INFO  | DNAudit | user=null | ip=null | op=WRITE_CHUNK {blockData=conID: 3 locID: 102739173903499668 bcsId: 0} | ret=SUCCESS |  
2019-09-05 09:23:03,340 | INFO  | DNAudit | user=null | ip=null | op=PUT_BLOCK {blockData=[blockId=conID: 3 locID: 102739173903499668 bcsId: 0,size=1048576]} | ret=SUCCESS |  
2019-09-05 09:23:03,340 | INFO  | DNAudit | user=null | ip=null | op=PUT_BLOCK {blockData=[blockId=conID: 3 locID: 102739173903499668 bcsId: 0,size=1048576]} | ret=SUCCESS |  
2019-09-05 09:23:03,341 | INFO  | DNAudit | user=null | ip=null | op=WRITE_CHUNK {blockData=conID: 3 locID: 102739173903499668 bcsId: 0} | ret=SUCCESS |  
2019-09-05 09:23:03,341 | INFO  | DNAudit | user=null | ip=null | op=WRITE_CHUNK {blockData=conID: 3 locID: 102739173903499668 bcsId: 0} | ret=SUCCESS |  
2019-09-05 09:23:03,341 [grpc-default-executor-3] INFO  client.GrpcClientProtocolClient (GrpcClientProtocolClient.java:onNext(255)) - client-969FB6DA8C9A->4fcc8d53-44cb-4faf-b915-5afa0c7529d4: receive RaftClientReply:client-969FB6DA8C9A->4fcc8d53-44cb-4faf-b915-5afa0c7529d4@group-6A615BAE1DD1, cid=613, SUCCESS, logIndex=0, commits[4fcc8d53-44cb-4faf-b915-5afa0c7529d4:c697, 48aa5eb4-709c-4003-adb5-fbc02723cd23:c693, 609a8cf1-6ad3-4123-b94a-106ad93148a8:c693]
2019-09-05 09:23:03,341 | INFO  | DNAudit | user=null | ip=null | op=PUT_BLOCK {blockData=[blockId=conID: 3 locID: 102739173903499668 bcsId: 0,size=2097152]} | ret=SUCCESS |  
2019-09-05 09:23:03,341 | INFO  | DNAudit | user=null | ip=null | op=PUT_BLOCK {blockData=[blockId=conID: 3 locID: 102739173903499668 bcsId: 0,size=2097152]} | ret=SUCCESS |  
2019-09-05 09:23:03,352 | INFO  | DNAudit | user=null | ip=null | op=WRITE_CHUNK {blockData=conID: 3 locID: 102739173903499668 bcsId: 695} | ret=SUCCESS |  
2019-09-05 09:23:03,355 | INFO  | DNAudit | user=null | ip=null | op=WRITE_CHUNK {blockData=conID: 3 locID: 102739173903499668 bcsId: 695} | ret=SUCCESS |  
2019-09-05 09:23:03,356 | INFO  | DNAudit | user=null | ip=null | op=WRITE_CHUNK {blockData=conID: 3 locID: 102739173903499668 bcsId: 695} | ret=SUCCESS |  
2019-09-05 09:23:03,363 | INFO  | DNAudit | user=null | ip=null | op=WRITE_CHUNK {blockData=conID: 3 locID: 102739173903499668 bcsId: 695} | ret=SUCCESS |  
2019-09-05 09:23:03,364 | INFO  | DNAudit | user=null | ip=null | op=PUT_BLOCK {blockData=[blockId=conID: 3 locID: 102739173903499668 bcsId: 0,size=3145728]} | ret=SUCCESS |  
2019-09-05 09:23:03,364 [grpc-default-executor-3] INFO  client.GrpcClientProtocolClient (GrpcClientProtocolClient.java:onNext(255)) - client-969FB6DA8C9A->4fcc8d53-44cb-4faf-b915-5afa0c7529d4: receive RaftClientReply:client-969FB6DA8C9A->4fcc8d53-44cb-4faf-b915-5afa0c7529d4@group-6A615BAE1DD1, cid=614, SUCCESS, logIndex=700, commits[4fcc8d53-44cb-4faf-b915-5afa0c7529d4:c701, 48aa5eb4-709c-4003-adb5-fbc02723cd23:c699, 609a8cf1-6ad3-4123-b94a-106ad93148a8:c699]
2019-09-05 09:23:03,365 [grpc-default-executor-3] INFO  client.GrpcClientProtocolClient (GrpcClientProtocolClient.java:onNext(255)) - client-969FB6DA8C9A->4fcc8d53-44cb-4faf-b915-5afa0c7529d4: receive RaftClientReply:client-969FB6DA8C9A->4fcc8d53-44cb-4faf-b915-5afa0c7529d4@group-6A615BAE1DD1, cid=615, SUCCESS, logIndex=701, commits[4fcc8d53-44cb-4faf-b915-5afa0c7529d4:c701, 48aa5eb4-709c-4003-adb5-fbc02723cd23:c699, 609a8cf1-6ad3-4123-b94a-106ad93148a8:c699]
2019-09-05 09:23:03,376 | INFO  | DNAudit | user=null | ip=null | op=WRITE_CHUNK {blockData=conID: 3 locID: 102739173903499668 bcsId: 701} | ret=SUCCESS |  
2019-09-05 09:23:03,380 | INFO  | DNAudit | user=null | ip=null | op=WRITE_CHUNK {blockData=conID: 3 locID: 102739173903499668 bcsId: 701} | ret=SUCCESS |  
2019-09-05 09:23:03,381 | INFO  | DNAudit | user=null | ip=null | op=WRITE_CHUNK {blockData=conID: 3 locID: 102739173903499668 bcsId: 701} | ret=SUCCESS |  
2019-09-05 09:23:03,392 | INFO  | DNAudit | user=null | ip=null | op=WRITE_CHUNK {blockData=conID: 3 locID: 102739173903499668 bcsId: 695} | ret=SUCCESS |  
2019-09-05 09:23:03,392 | INFO  | DNAudit | user=null | ip=null | op=WRITE_CHUNK {blockData=conID: 3 locID: 102739173903499668 bcsId: 695} | ret=SUCCESS |  
2019-09-05 09:23:03,393 | INFO  | DNAudit | user=null | ip=null | op=PUT_BLOCK {blockData=[blockId=conID: 3 locID: 102739173903499668 bcsId: 0,size=3145728]} | ret=SUCCESS |  
2019-09-05 09:23:03,393 | INFO  | DNAudit | user=null | ip=null | op=PUT_BLOCK {blockData=[blockId=conID: 3 locID: 102739173903499668 bcsId: 0,size=3145728]} | ret=SUCCESS |  
2019-09-05 09:23:03,406 | INFO  | DNAudit | user=null | ip=null | op=WRITE_CHUNK {blockData=conID: 3 locID: 102739173903499668 bcsId: 701} | ret=SUCCESS |  
2019-09-05 09:23:03,407 | INFO  | DNAudit | user=null | ip=null | op=PUT_BLOCK {blockData=[blockId=conID: 3 locID: 102739173903499668 bcsId: 0,size=4194304]} | ret=SUCCESS |  
2019-09-05 09:23:03,408 [grpc-default-executor-5] INFO  client.GrpcClientProtocolClient (GrpcClientProtocolClient.java:onNext(255)) - client-969FB6DA8C9A->4fcc8d53-44cb-4faf-b915-5afa0c7529d4: receive RaftClientReply:client-969FB6DA8C9A->4fcc8d53-44cb-4faf-b915-5afa0c7529d4@group-6A615BAE1DD1, cid=616, SUCCESS, logIndex=704, commits[4fcc8d53-44cb-4faf-b915-5afa0c7529d4:c705, 48aa5eb4-709c-4003-adb5-fbc02723cd23:c701, 609a8cf1-6ad3-4123-b94a-106ad93148a8:c701]
2019-09-05 09:23:03,408 [grpc-default-executor-5] INFO  client.GrpcClientProtocolClient (GrpcClientProtocolClient.java:onNext(255)) - client-969FB6DA8C9A->4fcc8d53-44cb-4faf-b915-5afa0c7529d4: receive RaftClientReply:client-969FB6DA8C9A->4fcc8d53-44cb-4faf-b915-5afa0c7529d4@group-6A615BAE1DD1, cid=617, SUCCESS, logIndex=705, commits[4fcc8d53-44cb-4faf-b915-5afa0c7529d4:c705, 48aa5eb4-709c-4003-adb5-fbc02723cd23:c701, 609a8cf1-6ad3-4123-b94a-106ad93148a8:c701]
2019-09-05 09:23:03,417 | INFO  | DNAudit | user=null | ip=null | op=WRITE_CHUNK {blockData=conID: 3 locID: 102739173903499668 bcsId: 701} | ret=SUCCESS |  
2019-09-05 09:23:03,417 | INFO  | DNAudit | user=null | ip=null | op=WRITE_CHUNK {blockData=conID: 3 locID: 102739173903499668 bcsId: 701} | ret=SUCCESS |  
2019-09-05 09:23:03,417 | INFO  | DNAudit | user=null | ip=null | op=PUT_BLOCK {blockData=[blockId=conID: 3 locID: 102739173903499668 bcsId: 0,size=4194304]} | ret=SUCCESS |  
2019-09-05 09:23:03,417 | INFO  | DNAudit | user=null | ip=null | op=PUT_BLOCK {blockData=[blockId=conID: 3 locID: 102739173903499668 bcsId: 0,size=4194304]} | ret=SUCCESS |  
2019-09-05 09:23:03,418 [grpc-default-executor-5] INFO  client.GrpcClientProtocolClient (GrpcClientProtocolClient.java:onNext(255)) - client-969FB6DA8C9A->4fcc8d53-44cb-4faf-b915-5afa0c7529d4: receive RaftClientReply:client-969FB6DA8C9A->4fcc8d53-44cb-4faf-b915-5afa0c7529d4@group-6A615BAE1DD1, cid=618, SUCCESS, logIndex=0, commits[4fcc8d53-44cb-4faf-b915-5afa0c7529d4:c706, 48aa5eb4-709c-4003-adb5-fbc02723cd23:c705, 609a8cf1-6ad3-4123-b94a-106ad93148a8:c705]
2019-09-05 09:23:03,428 | INFO  | DNAudit | user=null | ip=null | op=WRITE_CHUNK {blockData=conID: 1 locID: 102739173903499669 bcsId: 0} | ret=SUCCESS |  
2019-09-05 09:23:03,432 | INFO  | DNAudit | user=null | ip=null | op=WRITE_CHUNK {blockData=conID: 1 locID: 102739173903499669 bcsId: 0} | ret=SUCCESS |  
2019-09-05 09:23:03,433 | INFO  | DNAudit | user=null | ip=null | op=WRITE_CHUNK {blockData=conID: 1 locID: 102739173903499669 bcsId: 0} | ret=SUCCESS |  
2019-09-05 09:23:03,433 | INFO  | DNAudit | user=null | ip=null | op=WRITE_CHUNK {blockData=conID: 1 locID: 102739173903499669 bcsId: 0} | ret=SUCCESS |  
2019-09-05 09:23:03,436 | INFO  | DNAudit | user=null | ip=null | op=WRITE_CHUNK {blockData=conID: 1 locID: 102739173903499669 bcsId: 0} | ret=SUCCESS |  
2019-09-05 09:23:03,437 | INFO  | DNAudit | user=null | ip=null | op=WRITE_CHUNK {blockData=conID: 1 locID: 102739173903499669 bcsId: 0} | ret=SUCCESS |  
2019-09-05 09:23:03,451 | INFO  | DNAudit | user=null | ip=null | op=WRITE_CHUNK {blockData=conID: 1 locID: 102739173903499669 bcsId: 0} | ret=SUCCESS |  
2019-09-05 09:23:03,452 | INFO  | DNAudit | user=null | ip=null | op=PUT_BLOCK {blockData=[blockId=conID: 1 locID: 102739173903499669 bcsId: 0,size=1048576]} | ret=SUCCESS |  
2019-09-05 09:23:03,453 | INFO  | DNAudit | user=null | ip=null | op=WRITE_CHUNK {blockData=conID: 1 locID: 102739173903499669 bcsId: 0} | ret=SUCCESS |  
2019-09-05 09:23:03,453 | INFO  | DNAudit | user=null | ip=null | op=WRITE_CHUNK {blockData=conID: 1 locID: 102739173903499669 bcsId: 0} | ret=SUCCESS |  
2019-09-05 09:23:03,453 | INFO  | DNAudit | user=null | ip=null | op=WRITE_CHUNK {blockData=conID: 1 locID: 102739173903499669 bcsId: 0} | ret=SUCCESS |  
2019-09-05 09:23:03,454 | INFO  | DNAudit | user=null | ip=null | op=PUT_BLOCK {blockData=[blockId=conID: 1 locID: 102739173903499669 bcsId: 0,size=2097152]} | ret=SUCCESS |  
2019-09-05 09:23:03,454 [grpc-default-executor-4] INFO  client.GrpcClientProtocolClient (GrpcClientProtocolClient.java:onNext(255)) - client-969FB6DA8C9A->4fcc8d53-44cb-4faf-b915-5afa0c7529d4: receive RaftClientReply:client-969FB6DA8C9A->4fcc8d53-44cb-4faf-b915-5afa0c7529d4@group-6A615BAE1DD1, cid=619, SUCCESS, logIndex=708, commits[4fcc8d53-44cb-4faf-b915-5afa0c7529d4:c709, 48aa5eb4-709c-4003-adb5-fbc02723cd23:c705, 609a8cf1-6ad3-4123-b94a-106ad93148a8:c707]
2019-09-05 09:23:03,454 | INFO  | DNAudit | user=null | ip=null | op=PUT_BLOCK {blockData=[blockId=conID: 1 locID: 102739173903499669 bcsId: 0,size=1048576]} | ret=SUCCESS |  
2019-09-05 09:23:03,454 | INFO  | DNAudit | user=null | ip=null | op=PUT_BLOCK {blockData=[blockId=conID: 1 locID: 102739173903499669 bcsId: 0,size=1048576]} | ret=SUCCESS |  
2019-09-05 09:23:03,455 [grpc-default-executor-4] INFO  client.GrpcClientProtocolClient (GrpcClientProtocolClient.java:onNext(255)) - client-969FB6DA8C9A->4fcc8d53-44cb-4faf-b915-5afa0c7529d4: receive RaftClientReply:client-969FB6DA8C9A->4fcc8d53-44cb-4faf-b915-5afa0c7529d4@group-6A615BAE1DD1, cid=620, SUCCESS, logIndex=709, commits[4fcc8d53-44cb-4faf-b915-5afa0c7529d4:c709, 48aa5eb4-709c-4003-adb5-fbc02723cd23:c707, 609a8cf1-6ad3-4123-b94a-106ad93148a8:c707]
2019-09-05 09:23:03,455 | INFO  | DNAudit | user=null | ip=null | op=WRITE_CHUNK {blockData=conID: 1 locID: 102739173903499669 bcsId: 0} | ret=SUCCESS |  
2019-09-05 09:23:03,455 | INFO  | DNAudit | user=null | ip=null | op=WRITE_CHUNK {blockData=conID: 1 locID: 102739173903499669 bcsId: 0} | ret=SUCCESS |  
2019-09-05 09:23:03,456 | INFO  | DNAudit | user=null | ip=null | op=PUT_BLOCK {blockData=[blockId=conID: 1 locID: 102739173903499669 bcsId: 0,size=2097152]} | ret=SUCCESS |  
2019-09-05 09:23:03,456 | INFO  | DNAudit | user=null | ip=null | op=PUT_BLOCK {blockData=[blockId=conID: 1 locID: 102739173903499669 bcsId: 0,size=2097152]} | ret=SUCCESS |  
2019-09-05 09:23:03,456 [grpc-default-executor-4] INFO  client.GrpcClientProtocolClient (GrpcClientProtocolClient.java:onNext(255)) - client-969FB6DA8C9A->4fcc8d53-44cb-4faf-b915-5afa0c7529d4: receive RaftClientReply:client-969FB6DA8C9A->4fcc8d53-44cb-4faf-b915-5afa0c7529d4@group-6A615BAE1DD1, cid=621, SUCCESS, logIndex=710, commits[4fcc8d53-44cb-4faf-b915-5afa0c7529d4:c711, 48aa5eb4-709c-4003-adb5-fbc02723cd23:c707, 609a8cf1-6ad3-4123-b94a-106ad93148a8:c707]
2019-09-05 09:23:03,457 [grpc-default-executor-4] INFO  client.GrpcClientProtocolClient (GrpcClientProtocolClient.java:onNext(255)) - client-969FB6DA8C9A->4fcc8d53-44cb-4faf-b915-5afa0c7529d4: receive RaftClientReply:client-969FB6DA8C9A->4fcc8d53-44cb-4faf-b915-5afa0c7529d4@group-6A615BAE1DD1, cid=622, SUCCESS, logIndex=711, commits[4fcc8d53-44cb-4faf-b915-5afa0c7529d4:c711, 48aa5eb4-709c-4003-adb5-fbc02723cd23:c707, 609a8cf1-6ad3-4123-b94a-106ad93148a8:c707]
2019-09-05 09:23:03,459 [grpc-default-executor-5] INFO  client.GrpcClientProtocolClient (GrpcClientProtocolClient.java:onNext(255)) - client-969FB6DA8C9A->4fcc8d53-44cb-4faf-b915-5afa0c7529d4: receive RaftClientReply:client-969FB6DA8C9A->4fcc8d53-44cb-4faf-b915-5afa0c7529d4@group-6A615BAE1DD1, cid=623, SUCCESS, logIndex=0, commits[4fcc8d53-44cb-4faf-b915-5afa0c7529d4:c715, 48aa5eb4-709c-4003-adb5-fbc02723cd23:c711, 609a8cf1-6ad3-4123-b94a-106ad93148a8:c711]
2019-09-05 09:23:03,470 | INFO  | DNAudit | user=null | ip=null | op=WRITE_CHUNK {blockData=conID: 1 locID: 102739173903499669 bcsId: 711} | ret=SUCCESS |  
2019-09-05 09:23:03,473 | INFO  | DNAudit | user=null | ip=null | op=WRITE_CHUNK {blockData=conID: 1 locID: 102739173903499669 bcsId: 711} | ret=SUCCESS |  
2019-09-05 09:23:03,474 | INFO  | DNAudit | user=null | ip=null | op=WRITE_CHUNK {blockData=conID: 1 locID: 102739173903499669 bcsId: 711} | ret=SUCCESS |  
2019-09-05 09:23:03,477 | INFO  | DNAudit | user=null | ip=null | op=WRITE_CHUNK {blockData=conID: 1 locID: 102739173903499669 bcsId: 711} | ret=SUCCESS |  
2019-09-05 09:23:03,478 | INFO  | DNAudit | user=null | ip=null | op=PUT_BLOCK {blockData=[blockId=conID: 1 locID: 102739173903499669 bcsId: 0,size=3145728]} | ret=SUCCESS |  
2019-09-05 09:23:03,478 [grpc-default-executor-5] INFO  client.GrpcClientProtocolClient (GrpcClientProtocolClient.java:onNext(255)) - client-969FB6DA8C9A->4fcc8d53-44cb-4faf-b915-5afa0c7529d4: receive RaftClientReply:client-969FB6DA8C9A->4fcc8d53-44cb-4faf-b915-5afa0c7529d4@group-6A615BAE1DD1, cid=624, SUCCESS, logIndex=716, commits[4fcc8d53-44cb-4faf-b915-5afa0c7529d4:c717, 48aa5eb4-709c-4003-adb5-fbc02723cd23:c711, 609a8cf1-6ad3-4123-b94a-106ad93148a8:c715]
2019-09-05 09:23:03,479 [grpc-default-executor-5] INFO  client.GrpcClientProtocolClient (GrpcClientProtocolClient.java:onNext(255)) - client-969FB6DA8C9A->4fcc8d53-44cb-4faf-b915-5afa0c7529d4: receive RaftClientReply:client-969FB6DA8C9A->4fcc8d53-44cb-4faf-b915-5afa0c7529d4@group-6A615BAE1DD1, cid=625, SUCCESS, logIndex=717, commits[4fcc8d53-44cb-4faf-b915-5afa0c7529d4:c717, 48aa5eb4-709c-4003-adb5-fbc02723cd23:c715, 609a8cf1-6ad3-4123-b94a-106ad93148a8:c715]
2019-09-05 09:23:03,489 | INFO  | DNAudit | user=null | ip=null | op=WRITE_CHUNK {blockData=conID: 1 locID: 102739173903499669 bcsId: 717} | ret=SUCCESS |  
2019-09-05 09:23:03,492 | INFO  | DNAudit | user=null | ip=null | op=WRITE_CHUNK {blockData=conID: 1 locID: 102739173903499669 bcsId: 717} | ret=SUCCESS |  
2019-09-05 09:23:03,495 | INFO  | DNAudit | user=null | ip=null | op=WRITE_CHUNK {blockData=conID: 1 locID: 102739173903499669 bcsId: 717} | ret=SUCCESS |  
2019-09-05 09:23:03,496 | INFO  | DNAudit | user=null | ip=null | op=WRITE_CHUNK {blockData=conID: 1 locID: 102739173903499669 bcsId: 711} | ret=SUCCESS |  
2019-09-05 09:23:03,496 | INFO  | DNAudit | user=null | ip=null | op=WRITE_CHUNK {blockData=conID: 1 locID: 102739173903499669 bcsId: 711} | ret=SUCCESS |  
2019-09-05 09:23:03,496 | INFO  | DNAudit | user=null | ip=null | op=PUT_BLOCK {blockData=[blockId=conID: 1 locID: 102739173903499669 bcsId: 0,size=3145728]} | ret=SUCCESS |  
2019-09-05 09:23:03,496 | INFO  | DNAudit | user=null | ip=null | op=PUT_BLOCK {blockData=[blockId=conID: 1 locID: 102739173903499669 bcsId: 0,size=3145728]} | ret=SUCCESS |  
2019-09-05 09:23:03,498 | INFO  | DNAudit | user=null | ip=null | op=WRITE_CHUNK {blockData=conID: 1 locID: 102739173903499669 bcsId: 717} | ret=SUCCESS |  
2019-09-05 09:23:03,498 | INFO  | DNAudit | user=null | ip=null | op=PUT_BLOCK {blockData=[blockId=conID: 1 locID: 102739173903499669 bcsId: 0,size=4194304]} | ret=SUCCESS |  
2019-09-05 09:23:03,498 [grpc-default-executor-3] INFO  client.GrpcClientProtocolClient (GrpcClientProtocolClient.java:onNext(255)) - client-969FB6DA8C9A->4fcc8d53-44cb-4faf-b915-5afa0c7529d4: receive RaftClientReply:client-969FB6DA8C9A->4fcc8d53-44cb-4faf-b915-5afa0c7529d4@group-6A615BAE1DD1, cid=626, SUCCESS, logIndex=720, commits[4fcc8d53-44cb-4faf-b915-5afa0c7529d4:c721, 48aa5eb4-709c-4003-adb5-fbc02723cd23:c717, 609a8cf1-6ad3-4123-b94a-106ad93148a8:c717]
2019-09-05 09:23:03,499 [grpc-default-executor-3] INFO  client.GrpcClientProtocolClient (GrpcClientProtocolClient.java:onNext(255)) - client-969FB6DA8C9A->4fcc8d53-44cb-4faf-b915-5afa0c7529d4: receive RaftClientReply:client-969FB6DA8C9A->4fcc8d53-44cb-4faf-b915-5afa0c7529d4@group-6A615BAE1DD1, cid=627, SUCCESS, logIndex=721, commits[4fcc8d53-44cb-4faf-b915-5afa0c7529d4:c721, 48aa5eb4-709c-4003-adb5-fbc02723cd23:c717, 609a8cf1-6ad3-4123-b94a-106ad93148a8:c717]
2019-09-05 09:23:03,522 | INFO  | DNAudit | user=null | ip=null | op=WRITE_CHUNK {blockData=conID: 1 locID: 102739173903499669 bcsId: 717} | ret=SUCCESS |  
2019-09-05 09:23:03,523 | INFO  | DNAudit | user=null | ip=null | op=WRITE_CHUNK {blockData=conID: 1 locID: 102739173903499669 bcsId: 717} | ret=SUCCESS |  
2019-09-05 09:23:03,523 | INFO  | DNAudit | user=null | ip=null | op=PUT_BLOCK {blockData=[blockId=conID: 1 locID: 102739173903499669 bcsId: 0,size=4194304]} | ret=SUCCESS |  
2019-09-05 09:23:03,523 | INFO  | DNAudit | user=null | ip=null | op=PUT_BLOCK {blockData=[blockId=conID: 1 locID: 102739173903499669 bcsId: 0,size=4194304]} | ret=SUCCESS |  
2019-09-05 09:23:03,524 [grpc-default-executor-3] INFO  client.GrpcClientProtocolClient (GrpcClientProtocolClient.java:onNext(255)) - client-969FB6DA8C9A->4fcc8d53-44cb-4faf-b915-5afa0c7529d4: receive RaftClientReply:client-969FB6DA8C9A->4fcc8d53-44cb-4faf-b915-5afa0c7529d4@group-6A615BAE1DD1, cid=628, SUCCESS, logIndex=0, commits[4fcc8d53-44cb-4faf-b915-5afa0c7529d4:c722, 48aa5eb4-709c-4003-adb5-fbc02723cd23:c721, 609a8cf1-6ad3-4123-b94a-106ad93148a8:c721]
2019-09-05 09:23:03,533 | INFO  | DNAudit | user=null | ip=null | op=WRITE_CHUNK {blockData=conID: 2 locID: 102739173903499670 bcsId: 0} | ret=SUCCESS |  
2019-09-05 09:23:03,536 | INFO  | DNAudit | user=null | ip=null | op=WRITE_CHUNK {blockData=conID: 2 locID: 102739173903499670 bcsId: 0} | ret=SUCCESS |  
2019-09-05 09:23:03,538 | INFO  | DNAudit | user=null | ip=null | op=WRITE_CHUNK {blockData=conID: 2 locID: 102739173903499670 bcsId: 0} | ret=SUCCESS |  
2019-09-05 09:23:03,539 | INFO  | DNAudit | user=null | ip=null | op=WRITE_CHUNK {blockData=conID: 2 locID: 102739173903499670 bcsId: 0} | ret=SUCCESS |  
2019-09-05 09:23:03,540 | INFO  | DNAudit | user=null | ip=null | op=WRITE_CHUNK {blockData=conID: 2 locID: 102739173903499670 bcsId: 0} | ret=SUCCESS |  
2019-09-05 09:23:03,544 | INFO  | DNAudit | user=null | ip=null | op=WRITE_CHUNK {blockData=conID: 2 locID: 102739173903499670 bcsId: 0} | ret=SUCCESS |  
2019-09-05 09:23:03,564 | INFO  | DNAudit | user=null | ip=null | op=WRITE_CHUNK {blockData=conID: 2 locID: 102739173903499670 bcsId: 0} | ret=SUCCESS |  
2019-09-05 09:23:03,565 | INFO  | DNAudit | user=null | ip=null | op=PUT_BLOCK {blockData=[blockId=conID: 2 locID: 102739173903499670 bcsId: 0,size=1048576]} | ret=SUCCESS |  
2019-09-05 09:23:03,565 [grpc-default-executor-4] INFO  client.GrpcClientProtocolClient (GrpcClientProtocolClient.java:onNext(255)) - client-969FB6DA8C9A->4fcc8d53-44cb-4faf-b915-5afa0c7529d4: receive RaftClientReply:client-969FB6DA8C9A->4fcc8d53-44cb-4faf-b915-5afa0c7529d4@group-6A615BAE1DD1, cid=629, SUCCESS, logIndex=724, commits[4fcc8d53-44cb-4faf-b915-5afa0c7529d4:c727, 48aa5eb4-709c-4003-adb5-fbc02723cd23:c723, 609a8cf1-6ad3-4123-b94a-106ad93148a8:c723]
2019-09-05 09:23:03,797 | INFO  | DNAudit | user=null | ip=null | op=WRITE_CHUNK {blockData=conID: 2 locID: 102739173903499670 bcsId: 0} | ret=SUCCESS |  
2019-09-05 09:23:03,798 | INFO  | DNAudit | user=null | ip=null | op=WRITE_CHUNK {blockData=conID: 2 locID: 102739173903499670 bcsId: 0} | ret=SUCCESS |  
2019-09-05 09:23:03,798 | INFO  | DNAudit | user=null | ip=null | op=WRITE_CHUNK {blockData=conID: 2 locID: 102739173903499670 bcsId: 0} | ret=SUCCESS |  
2019-09-05 09:23:03,798 | INFO  | DNAudit | user=null | ip=null | op=PUT_BLOCK {blockData=[blockId=conID: 2 locID: 102739173903499670 bcsId: 0,size=2097152]} | ret=SUCCESS |  
2019-09-05 09:23:03,799 [grpc-default-executor-4] INFO  client.GrpcClientProtocolClient (GrpcClientProtocolClient.java:onNext(255)) - client-969FB6DA8C9A->4fcc8d53-44cb-4faf-b915-5afa0c7529d4: receive RaftClientReply:client-969FB6DA8C9A->4fcc8d53-44cb-4faf-b915-5afa0c7529d4@group-6A615BAE1DD1, cid=630, SUCCESS, logIndex=725, commits[4fcc8d53-44cb-4faf-b915-5afa0c7529d4:c727, 48aa5eb4-709c-4003-adb5-fbc02723cd23:c723, 609a8cf1-6ad3-4123-b94a-106ad93148a8:c723]
2019-09-05 09:23:03,800 [grpc-default-executor-4] INFO  client.GrpcClientProtocolClient (GrpcClientProtocolClient.java:onNext(255)) - client-969FB6DA8C9A->4fcc8d53-44cb-4faf-b915-5afa0c7529d4: receive RaftClientReply:client-969FB6DA8C9A->4fcc8d53-44cb-4faf-b915-5afa0c7529d4@group-6A615BAE1DD1, cid=631, SUCCESS, logIndex=726, commits[4fcc8d53-44cb-4faf-b915-5afa0c7529d4:c727, 48aa5eb4-709c-4003-adb5-fbc02723cd23:c723, 609a8cf1-6ad3-4123-b94a-106ad93148a8:c723]
2019-09-05 09:23:03,800 [grpc-default-executor-4] INFO  client.GrpcClientProtocolClient (GrpcClientProtocolClient.java:onNext(255)) - client-969FB6DA8C9A->4fcc8d53-44cb-4faf-b915-5afa0c7529d4: receive RaftClientReply:client-969FB6DA8C9A->4fcc8d53-44cb-4faf-b915-5afa0c7529d4@group-6A615BAE1DD1, cid=632, SUCCESS, logIndex=727, commits[4fcc8d53-44cb-4faf-b915-5afa0c7529d4:c727, 48aa5eb4-709c-4003-adb5-fbc02723cd23:c723, 609a8cf1-6ad3-4123-b94a-106ad93148a8:c723]
2019-09-05 09:23:03,809 | INFO  | DNAudit | user=null | ip=null | op=PUT_BLOCK {blockData=[blockId=conID: 2 locID: 102739173903499670 bcsId: 0,size=1048576]} | ret=SUCCESS |  
2019-09-05 09:23:03,809 | INFO  | DNAudit | user=null | ip=null | op=PUT_BLOCK {blockData=[blockId=conID: 2 locID: 102739173903499670 bcsId: 0,size=1048576]} | ret=SUCCESS |  
2019-09-05 09:23:03,809 | INFO  | DNAudit | user=null | ip=null | op=WRITE_CHUNK {blockData=conID: 2 locID: 102739173903499670 bcsId: 0} | ret=SUCCESS |  
2019-09-05 09:23:03,809 | INFO  | DNAudit | user=null | ip=null | op=WRITE_CHUNK {blockData=conID: 2 locID: 102739173903499670 bcsId: 0} | ret=SUCCESS |  
2019-09-05 09:23:03,810 | INFO  | DNAudit | user=null | ip=null | op=PUT_BLOCK {blockData=[blockId=conID: 2 locID: 102739173903499670 bcsId: 0,size=2097152]} | ret=SUCCESS |  
2019-09-05 09:23:03,810 | INFO  | DNAudit | user=null | ip=null | op=PUT_BLOCK {blockData=[blockId=conID: 2 locID: 102739173903499670 bcsId: 0,size=2097152]} | ret=SUCCESS |  
2019-09-05 09:23:03,810 [grpc-default-executor-4] INFO  client.GrpcClientProtocolClient (GrpcClientProtocolClient.java:onNext(255)) - client-969FB6DA8C9A->4fcc8d53-44cb-4faf-b915-5afa0c7529d4: receive RaftClientReply:client-969FB6DA8C9A->4fcc8d53-44cb-4faf-b915-5afa0c7529d4@group-6A615BAE1DD1, cid=633, SUCCESS, logIndex=0, commits[4fcc8d53-44cb-4faf-b915-5afa0c7529d4:c728, 48aa5eb4-709c-4003-adb5-fbc02723cd23:c725, 609a8cf1-6ad3-4123-b94a-106ad93148a8:c725]
2019-09-05 09:23:03,825 | INFO  | DNAudit | user=null | ip=null | op=WRITE_CHUNK {blockData=conID: 2 locID: 102739173903499670 bcsId: 727} | ret=SUCCESS |  
2019-09-05 09:23:03,829 | INFO  | DNAudit | user=null | ip=null | op=WRITE_CHUNK {blockData=conID: 2 locID: 102739173903499670 bcsId: 727} | ret=SUCCESS |  
2019-09-05 09:23:03,830 | INFO  | DNAudit | user=null | ip=null | op=WRITE_CHUNK {blockData=conID: 2 locID: 102739173903499670 bcsId: 727} | ret=SUCCESS |  
2019-09-05 09:23:03,869 | INFO  | DNAudit | user=null | ip=null | op=WRITE_CHUNK {blockData=conID: 2 locID: 102739173903499670 bcsId: 727} | ret=SUCCESS |  
2019-09-05 09:23:03,870 | INFO  | DNAudit | user=null | ip=null | op=PUT_BLOCK {blockData=[blockId=conID: 2 locID: 102739173903499670 bcsId: 0,size=3145728]} | ret=SUCCESS |  
2019-09-05 09:23:03,871 [grpc-default-executor-4] INFO  client.GrpcClientProtocolClient (GrpcClientProtocolClient.java:onNext(255)) - client-969FB6DA8C9A->4fcc8d53-44cb-4faf-b915-5afa0c7529d4: receive RaftClientReply:client-969FB6DA8C9A->4fcc8d53-44cb-4faf-b915-5afa0c7529d4@group-6A615BAE1DD1, cid=634, SUCCESS, logIndex=732, commits[4fcc8d53-44cb-4faf-b915-5afa0c7529d4:c733, 48aa5eb4-709c-4003-adb5-fbc02723cd23:c731, 609a8cf1-6ad3-4123-b94a-106ad93148a8:c731]
2019-09-05 09:23:03,872 [grpc-default-executor-4] INFO  client.GrpcClientProtocolClient (GrpcClientProtocolClient.java:onNext(255)) - client-969FB6DA8C9A->4fcc8d53-44cb-4faf-b915-5afa0c7529d4: receive RaftClientReply:client-969FB6DA8C9A->4fcc8d53-44cb-4faf-b915-5afa0c7529d4@group-6A615BAE1DD1, cid=635, SUCCESS, logIndex=733, commits[4fcc8d53-44cb-4faf-b915-5afa0c7529d4:c733, 48aa5eb4-709c-4003-adb5-fbc02723cd23:c731, 609a8cf1-6ad3-4123-b94a-106ad93148a8:c731]
2019-09-05 09:23:03,884 | INFO  | DNAudit | user=null | ip=null | op=WRITE_CHUNK {blockData=conID: 2 locID: 102739173903499670 bcsId: 727} | ret=SUCCESS |  
2019-09-05 09:23:03,885 | INFO  | DNAudit | user=null | ip=null | op=WRITE_CHUNK {blockData=conID: 2 locID: 102739173903499670 bcsId: 727} | ret=SUCCESS |  
2019-09-05 09:23:03,885 | INFO  | DNAudit | user=null | ip=null | op=PUT_BLOCK {blockData=[blockId=conID: 2 locID: 102739173903499670 bcsId: 0,size=3145728]} | ret=SUCCESS |  
2019-09-05 09:23:03,885 | INFO  | DNAudit | user=null | ip=null | op=PUT_BLOCK {blockData=[blockId=conID: 2 locID: 102739173903499670 bcsId: 0,size=3145728]} | ret=SUCCESS |  
2019-09-05 09:23:03,891 | INFO  | DNAudit | user=null | ip=null | op=WRITE_CHUNK {blockData=conID: 2 locID: 102739173903499670 bcsId: 733} | ret=SUCCESS |  
2019-09-05 09:23:03,895 | INFO  | DNAudit | user=null | ip=null | op=WRITE_CHUNK {blockData=conID: 2 locID: 102739173903499670 bcsId: 733} | ret=SUCCESS |  
2019-09-05 09:23:03,896 | INFO  | DNAudit | user=null | ip=null | op=WRITE_CHUNK {blockData=conID: 2 locID: 102739173903499670 bcsId: 733} | ret=SUCCESS |  
2019-09-05 09:23:03,913 | INFO  | DNAudit | user=null | ip=null | op=WRITE_CHUNK {blockData=conID: 2 locID: 102739173903499670 bcsId: 733} | ret=SUCCESS |  
2019-09-05 09:23:03,913 | INFO  | DNAudit | user=null | ip=null | op=PUT_BLOCK {blockData=[blockId=conID: 2 locID: 102739173903499670 bcsId: 0,size=4194304]} | ret=SUCCESS |  
2019-09-05 09:23:03,913 [grpc-default-executor-5] INFO  client.GrpcClientProtocolClient (GrpcClientProtocolClient.java:onNext(255)) - client-969FB6DA8C9A->4fcc8d53-44cb-4faf-b915-5afa0c7529d4: receive RaftClientReply:client-969FB6DA8C9A->4fcc8d53-44cb-4faf-b915-5afa0c7529d4@group-6A615BAE1DD1, cid=636, SUCCESS, logIndex=736, commits[4fcc8d53-44cb-4faf-b915-5afa0c7529d4:c737, 48aa5eb4-709c-4003-adb5-fbc02723cd23:c735, 609a8cf1-6ad3-4123-b94a-106ad93148a8:c735]
2019-09-05 09:23:03,914 [grpc-default-executor-5] INFO  client.GrpcClientProtocolClient (GrpcClientProtocolClient.java:onNext(255)) - client-969FB6DA8C9A->4fcc8d53-44cb-4faf-b915-5afa0c7529d4: receive RaftClientReply:client-969FB6DA8C9A->4fcc8d53-44cb-4faf-b915-5afa0c7529d4@group-6A615BAE1DD1, cid=637, SUCCESS, logIndex=737, commits[4fcc8d53-44cb-4faf-b915-5afa0c7529d4:c737, 48aa5eb4-709c-4003-adb5-fbc02723cd23:c735, 609a8cf1-6ad3-4123-b94a-106ad93148a8:c735]
2019-09-05 09:23:03,935 | INFO  | DNAudit | user=null | ip=null | op=WRITE_CHUNK {blockData=conID: 2 locID: 102739173903499670 bcsId: 733} | ret=SUCCESS |  
2019-09-05 09:23:03,935 | INFO  | DNAudit | user=null | ip=null | op=WRITE_CHUNK {blockData=conID: 2 locID: 102739173903499670 bcsId: 733} | ret=SUCCESS |  
2019-09-05 09:23:03,937 | INFO  | DNAudit | user=null | ip=null | op=PUT_BLOCK {blockData=[blockId=conID: 2 locID: 102739173903499670 bcsId: 0,size=4194304]} | ret=SUCCESS |  
2019-09-05 09:23:03,937 | INFO  | DNAudit | user=null | ip=null | op=PUT_BLOCK {blockData=[blockId=conID: 2 locID: 102739173903499670 bcsId: 0,size=4194304]} | ret=SUCCESS |  
2019-09-05 09:23:03,938 [grpc-default-executor-5] INFO  client.GrpcClientProtocolClient (GrpcClientProtocolClient.java:onNext(255)) - client-969FB6DA8C9A->4fcc8d53-44cb-4faf-b915-5afa0c7529d4: receive RaftClientReply:client-969FB6DA8C9A->4fcc8d53-44cb-4faf-b915-5afa0c7529d4@group-6A615BAE1DD1, cid=638, SUCCESS, logIndex=0, commits[4fcc8d53-44cb-4faf-b915-5afa0c7529d4:c739, 48aa5eb4-709c-4003-adb5-fbc02723cd23:c737, 609a8cf1-6ad3-4123-b94a-106ad93148a8:c737]
2019-09-05 09:23:03,949 | INFO  | DNAudit | user=null | ip=null | op=WRITE_CHUNK {blockData=conID: 3 locID: 102739173903499671 bcsId: 0} | ret=SUCCESS |  
2019-09-05 09:23:03,952 | INFO  | DNAudit | user=null | ip=null | op=WRITE_CHUNK {blockData=conID: 3 locID: 102739173903499671 bcsId: 0} | ret=SUCCESS |  
2019-09-05 09:23:03,952 | INFO  | DNAudit | user=null | ip=null | op=WRITE_CHUNK {blockData=conID: 3 locID: 102739173903499671 bcsId: 0} | ret=SUCCESS |  
2019-09-05 09:23:03,955 | INFO  | DNAudit | user=null | ip=null | op=WRITE_CHUNK {blockData=conID: 3 locID: 102739173903499671 bcsId: 0} | ret=SUCCESS |  
2019-09-05 09:23:03,955 | INFO  | DNAudit | user=null | ip=null | op=WRITE_CHUNK {blockData=conID: 3 locID: 102739173903499671 bcsId: 0} | ret=SUCCESS |  
2019-09-05 09:23:03,956 | INFO  | DNAudit | user=null | ip=null | op=WRITE_CHUNK {blockData=conID: 3 locID: 102739173903499671 bcsId: 0} | ret=SUCCESS |  
2019-09-05 09:23:03,966 | INFO  | DNAudit | user=null | ip=null | op=WRITE_CHUNK {blockData=conID: 3 locID: 102739173903499671 bcsId: 0} | ret=SUCCESS |  
2019-09-05 09:23:03,967 | INFO  | DNAudit | user=null | ip=null | op=PUT_BLOCK {blockData=[blockId=conID: 3 locID: 102739173903499671 bcsId: 0,size=1048576]} | ret=SUCCESS |  
2019-09-05 09:23:03,967 | INFO  | DNAudit | user=null | ip=null | op=WRITE_CHUNK {blockData=conID: 3 locID: 102739173903499671 bcsId: 0} | ret=SUCCESS |  
2019-09-05 09:23:03,967 [grpc-default-executor-0] INFO  client.GrpcClientProtocolClient (GrpcClientProtocolClient.java:onNext(255)) - client-969FB6DA8C9A->4fcc8d53-44cb-4faf-b915-5afa0c7529d4: receive RaftClientReply:client-969FB6DA8C9A->4fcc8d53-44cb-4faf-b915-5afa0c7529d4@group-6A615BAE1DD1, cid=639, SUCCESS, logIndex=740, commits[4fcc8d53-44cb-4faf-b915-5afa0c7529d4:c743, 48aa5eb4-709c-4003-adb5-fbc02723cd23:c739, 609a8cf1-6ad3-4123-b94a-106ad93148a8:c739]
2019-09-05 09:23:03,968 | INFO  | DNAudit | user=null | ip=null | op=PUT_BLOCK {blockData=[blockId=conID: 3 locID: 102739173903499671 bcsId: 0,size=2097152]} | ret=SUCCESS |  
2019-09-05 09:23:03,968 [grpc-default-executor-0] INFO  client.GrpcClientProtocolClient (GrpcClientProtocolClient.java:onNext(255)) - client-969FB6DA8C9A->4fcc8d53-44cb-4faf-b915-5afa0c7529d4: receive RaftClientReply:client-969FB6DA8C9A->4fcc8d53-44cb-4faf-b915-5afa0c7529d4@group-6A615BAE1DD1, cid=640, SUCCESS, logIndex=741, commits[4fcc8d53-44cb-4faf-b915-5afa0c7529d4:c743, 48aa5eb4-709c-4003-adb5-fbc02723cd23:c739, 609a8cf1-6ad3-4123-b94a-106ad93148a8:c739]
2019-09-05 09:23:03,968 [grpc-default-executor-0] INFO  client.GrpcClientProtocolClient (GrpcClientProtocolClient.java:onNext(255)) - client-969FB6DA8C9A->4fcc8d53-44cb-4faf-b915-5afa0c7529d4: receive RaftClientReply:client-969FB6DA8C9A->4fcc8d53-44cb-4faf-b915-5afa0c7529d4@group-6A615BAE1DD1, cid=641, SUCCESS, logIndex=742, commits[4fcc8d53-44cb-4faf-b915-5afa0c7529d4:c743, 48aa5eb4-709c-4003-adb5-fbc02723cd23:c739, 609a8cf1-6ad3-4123-b94a-106ad93148a8:c739]
2019-09-05 09:23:03,969 [grpc-default-executor-0] INFO  client.GrpcClientProtocolClient (GrpcClientProtocolClient.java:onNext(255)) - client-969FB6DA8C9A->4fcc8d53-44cb-4faf-b915-5afa0c7529d4: receive RaftClientReply:client-969FB6DA8C9A->4fcc8d53-44cb-4faf-b915-5afa0c7529d4@group-6A615BAE1DD1, cid=642, SUCCESS, logIndex=743, commits[4fcc8d53-44cb-4faf-b915-5afa0c7529d4:c743, 48aa5eb4-709c-4003-adb5-fbc02723cd23:c739, 609a8cf1-6ad3-4123-b94a-106ad93148a8:c739]
2019-09-05 09:23:03,979 | INFO  | DNAudit | user=null | ip=null | op=WRITE_CHUNK {blockData=conID: 3 locID: 102739173903499671 bcsId: 0} | ret=SUCCESS |  
2019-09-05 09:23:03,979 | INFO  | DNAudit | user=null | ip=null | op=PUT_BLOCK {blockData=[blockId=conID: 3 locID: 102739173903499671 bcsId: 0,size=1048576]} | ret=SUCCESS |  
2019-09-05 09:23:03,980 | INFO  | DNAudit | user=null | ip=null | op=WRITE_CHUNK {blockData=conID: 3 locID: 102739173903499671 bcsId: 0} | ret=SUCCESS |  
2019-09-05 09:23:03,980 | INFO  | DNAudit | user=null | ip=null | op=PUT_BLOCK {blockData=[blockId=conID: 3 locID: 102739173903499671 bcsId: 0,size=1048576]} | ret=SUCCESS |  
2019-09-05 09:23:03,980 | INFO  | DNAudit | user=null | ip=null | op=WRITE_CHUNK {blockData=conID: 3 locID: 102739173903499671 bcsId: 0} | ret=SUCCESS |  
2019-09-05 09:23:03,980 | INFO  | DNAudit | user=null | ip=null | op=WRITE_CHUNK {blockData=conID: 3 locID: 102739173903499671 bcsId: 0} | ret=SUCCESS |  
2019-09-05 09:23:03,981 | INFO  | DNAudit | user=null | ip=null | op=PUT_BLOCK {blockData=[blockId=conID: 3 locID: 102739173903499671 bcsId: 0,size=2097152]} | ret=SUCCESS |  
2019-09-05 09:23:03,981 | INFO  | DNAudit | user=null | ip=null | op=PUT_BLOCK {blockData=[blockId=conID: 3 locID: 102739173903499671 bcsId: 0,size=2097152]} | ret=SUCCESS |  
2019-09-05 09:23:03,981 [grpc-default-executor-0] INFO  client.GrpcClientProtocolClient (GrpcClientProtocolClient.java:onNext(255)) - client-969FB6DA8C9A->4fcc8d53-44cb-4faf-b915-5afa0c7529d4: receive RaftClientReply:client-969FB6DA8C9A->4fcc8d53-44cb-4faf-b915-5afa0c7529d4@group-6A615BAE1DD1, cid=643, SUCCESS, logIndex=0, commits[4fcc8d53-44cb-4faf-b915-5afa0c7529d4:c744, 48aa5eb4-709c-4003-adb5-fbc02723cd23:c741, 609a8cf1-6ad3-4123-b94a-106ad93148a8:c741]
2019-09-05 09:23:03,990 | INFO  | DNAudit | user=null | ip=null | op=WRITE_CHUNK {blockData=conID: 3 locID: 102739173903499671 bcsId: 743} | ret=SUCCESS |  
2019-09-05 09:23:03,994 | INFO  | DNAudit | user=null | ip=null | op=WRITE_CHUNK {blockData=conID: 3 locID: 102739173903499671 bcsId: 743} | ret=SUCCESS |  
2019-09-05 09:23:03,995 | INFO  | DNAudit | user=null | ip=null | op=WRITE_CHUNK {blockData=conID: 3 locID: 102739173903499671 bcsId: 743} | ret=SUCCESS |  
2019-09-05 09:23:04,006 | INFO  | DNAudit | user=null | ip=null | op=WRITE_CHUNK {blockData=conID: 3 locID: 102739173903499671 bcsId: 743} | ret=SUCCESS |  
2019-09-05 09:23:04,007 | INFO  | DNAudit | user=null | ip=null | op=PUT_BLOCK {blockData=[blockId=conID: 3 locID: 102739173903499671 bcsId: 0,size=3145728]} | ret=SUCCESS |  
2019-09-05 09:23:04,007 [grpc-default-executor-5] INFO  client.GrpcClientProtocolClient (GrpcClientProtocolClient.java:onNext(255)) - client-969FB6DA8C9A->4fcc8d53-44cb-4faf-b915-5afa0c7529d4: receive RaftClientReply:client-969FB6DA8C9A->4fcc8d53-44cb-4faf-b915-5afa0c7529d4@group-6A615BAE1DD1, cid=644, SUCCESS, logIndex=748, commits[4fcc8d53-44cb-4faf-b915-5afa0c7529d4:c749, 48aa5eb4-709c-4003-adb5-fbc02723cd23:c747, 609a8cf1-6ad3-4123-b94a-106ad93148a8:c747]
2019-09-05 09:23:04,008 [grpc-default-executor-5] INFO  client.GrpcClientProtocolClient (GrpcClientProtocolClient.java:onNext(255)) - client-969FB6DA8C9A->4fcc8d53-44cb-4faf-b915-5afa0c7529d4: receive RaftClientReply:client-969FB6DA8C9A->4fcc8d53-44cb-4faf-b915-5afa0c7529d4@group-6A615BAE1DD1, cid=645, SUCCESS, logIndex=749, commits[4fcc8d53-44cb-4faf-b915-5afa0c7529d4:c749, 48aa5eb4-709c-4003-adb5-fbc02723cd23:c747, 609a8cf1-6ad3-4123-b94a-106ad93148a8:c747]
2019-09-05 09:23:04,017 | INFO  | DNAudit | user=null | ip=null | op=WRITE_CHUNK {blockData=conID: 3 locID: 102739173903499671 bcsId: 749} | ret=SUCCESS |  
2019-09-05 09:23:04,019 | INFO  | DNAudit | user=null | ip=null | op=WRITE_CHUNK {blockData=conID: 3 locID: 102739173903499671 bcsId: 749} | ret=SUCCESS |  
2019-09-05 09:23:04,020 | INFO  | DNAudit | user=null | ip=null | op=WRITE_CHUNK {blockData=conID: 3 locID: 102739173903499671 bcsId: 749} | ret=SUCCESS |  
 0.00% |█                                                                                                    |  0/1 Time: 0:00:012019-09-05 09:23:04,026 | INFO  | DNAudit | user=null | ip=null | op=WRITE_CHUNK {blockData=conID: 3 locID: 102739173903499671 bcsId: 743} | ret=SUCCESS |  
2019-09-05 09:23:04,026 | INFO  | DNAudit | user=null | ip=null | op=WRITE_CHUNK {blockData=conID: 3 locID: 102739173903499671 bcsId: 743} | ret=SUCCESS |  
2019-09-05 09:23:04,028 | INFO  | DNAudit | user=null | ip=null | op=PUT_BLOCK {blockData=[blockId=conID: 3 locID: 102739173903499671 bcsId: 0,size=3145728]} | ret=SUCCESS |  
2019-09-05 09:23:04,028 | INFO  | DNAudit | user=null | ip=null | op=PUT_BLOCK {blockData=[blockId=conID: 3 locID: 102739173903499671 bcsId: 0,size=3145728]} | ret=SUCCESS |  
2019-09-05 09:23:04,028 | INFO  | DNAudit | user=null | ip=null | op=WRITE_CHUNK {blockData=conID: 3 locID: 102739173903499671 bcsId: 749} | ret=SUCCESS |  
2019-09-05 09:23:04,029 | INFO  | DNAudit | user=null | ip=null | op=PUT_BLOCK {blockData=[blockId=conID: 3 locID: 102739173903499671 bcsId: 0,size=4194304]} | ret=SUCCESS |  
2019-09-05 09:23:04,029 [grpc-default-executor-5] INFO  client.GrpcClientProtocolClient (GrpcClientProtocolClient.java:onNext(255)) - client-969FB6DA8C9A->4fcc8d53-44cb-4faf-b915-5afa0c7529d4: receive RaftClientReply:client-969FB6DA8C9A->4fcc8d53-44cb-4faf-b915-5afa0c7529d4@group-6A615BAE1DD1, cid=646, SUCCESS, logIndex=752, commits[4fcc8d53-44cb-4faf-b915-5afa0c7529d4:c753, 48aa5eb4-709c-4003-adb5-fbc02723cd23:c749, 609a8cf1-6ad3-4123-b94a-106ad93148a8:c749]
2019-09-05 09:23:04,030 [grpc-default-executor-5] INFO  client.GrpcClientProtocolClient (GrpcClientProtocolClient.java:onNext(255)) - client-969FB6DA8C9A->4fcc8d53-44cb-4faf-b915-5afa0c7529d4: receive RaftClientReply:client-969FB6DA8C9A->4fcc8d53-44cb-4faf-b915-5afa0c7529d4@group-6A615BAE1DD1, cid=647, SUCCESS, logIndex=753, commits[4fcc8d53-44cb-4faf-b915-5afa0c7529d4:c753, 48aa5eb4-709c-4003-adb5-fbc02723cd23:c749, 609a8cf1-6ad3-4123-b94a-106ad93148a8:c749]
2019-09-05 09:23:04,041 | INFO  | DNAudit | user=null | ip=null | op=WRITE_CHUNK {blockData=conID: 3 locID: 102739173903499671 bcsId: 749} | ret=SUCCESS |  
2019-09-05 09:23:04,041 | INFO  | DNAudit | user=null | ip=null | op=WRITE_CHUNK {blockData=conID: 3 locID: 102739173903499671 bcsId: 749} | ret=SUCCESS |  
2019-09-05 09:23:04,041 | INFO  | DNAudit | user=null | ip=null | op=PUT_BLOCK {blockData=[blockId=conID: 3 locID: 102739173903499671 bcsId: 0,size=4194304]} | ret=SUCCESS |  
2019-09-05 09:23:04,041 | INFO  | DNAudit | user=null | ip=null | op=PUT_BLOCK {blockData=[blockId=conID: 3 locID: 102739173903499671 bcsId: 0,size=4194304]} | ret=SUCCESS |  
2019-09-05 09:23:04,042 [grpc-default-executor-0] INFO  client.GrpcClientProtocolClient (GrpcClientProtocolClient.java:onNext(255)) - client-969FB6DA8C9A->4fcc8d53-44cb-4faf-b915-5afa0c7529d4: receive RaftClientReply:client-969FB6DA8C9A->4fcc8d53-44cb-4faf-b915-5afa0c7529d4@group-6A615BAE1DD1, cid=648, SUCCESS, logIndex=0, commits[4fcc8d53-44cb-4faf-b915-5afa0c7529d4:c754, 48aa5eb4-709c-4003-adb5-fbc02723cd23:c753, 609a8cf1-6ad3-4123-b94a-106ad93148a8:c753]
2019-09-05 09:23:04,051 | INFO  | DNAudit | user=null | ip=null | op=WRITE_CHUNK {blockData=conID: 1 locID: 102739173903565208 bcsId: 0} | ret=SUCCESS |  
2019-09-05 09:23:04,053 | INFO  | SCMAudit | user=jenkins1000 | ip=192.168.36.69 | op=SEND_HEARTBEAT {datanodeUUID=609a8cf1-6ad3-4123-b94a-106ad93148a8, command=[]} | ret=SUCCESS |  
2019-09-05 09:23:04,053 | INFO  | SCMAudit | user=jenkins1000 | ip=192.168.36.69 | op=SEND_HEARTBEAT {datanodeUUID=48aa5eb4-709c-4003-adb5-fbc02723cd23, command=[]} | ret=SUCCESS |  
2019-09-05 09:23:04,053 | INFO  | SCMAudit | user=jenkins1000 | ip=192.168.36.69 | op=SEND_HEARTBEAT {datanodeUUID=4fcc8d53-44cb-4faf-b915-5afa0c7529d4, command=[]} | ret=SUCCESS |  
2019-09-05 09:23:04,054 | INFO  | DNAudit | user=null | ip=null | op=WRITE_CHUNK {blockData=conID: 1 locID: 102739173903565208 bcsId: 0} | ret=SUCCESS |  
2019-09-05 09:23:04,055 | INFO  | DNAudit | user=null | ip=null | op=WRITE_CHUNK {blockData=conID: 1 locID: 102739173903565208 bcsId: 0} | ret=SUCCESS |  
2019-09-05 09:23:04,055 | INFO  | DNAudit | user=null | ip=null | op=WRITE_CHUNK {blockData=conID: 1 locID: 102739173903565208 bcsId: 0} | ret=SUCCESS |  
2019-09-05 09:23:04,057 | INFO  | DNAudit | user=null | ip=null | op=WRITE_CHUNK {blockData=conID: 1 locID: 102739173903565208 bcsId: 0} | ret=SUCCESS |  
2019-09-05 09:23:04,057 | INFO  | DNAudit | user=null | ip=null | op=WRITE_CHUNK {blockData=conID: 1 locID: 102739173903565208 bcsId: 0} | ret=SUCCESS |  
2019-09-05 09:23:04,082 | INFO  | DNAudit | user=null | ip=null | op=WRITE_CHUNK {blockData=conID: 1 locID: 102739173903565208 bcsId: 0} | ret=SUCCESS |  
2019-09-05 09:23:04,082 | INFO  | DNAudit | user=null | ip=null | op=PUT_BLOCK {blockData=[blockId=conID: 1 locID: 102739173903565208 bcsId: 0,size=1048576]} | ret=SUCCESS |  
2019-09-05 09:23:04,083 | INFO  | DNAudit | user=null | ip=null | op=WRITE_CHUNK {blockData=conID: 1 locID: 102739173903565208 bcsId: 0} | ret=SUCCESS |  
2019-09-05 09:23:04,083 [grpc-default-executor-0] INFO  client.GrpcClientProtocolClient (GrpcClientProtocolClient.java:onNext(255)) - client-969FB6DA8C9A->4fcc8d53-44cb-4faf-b915-5afa0c7529d4: receive RaftClientReply:client-969FB6DA8C9A->4fcc8d53-44cb-4faf-b915-5afa0c7529d4@group-6A615BAE1DD1, cid=649, SUCCESS, logIndex=756, commits[4fcc8d53-44cb-4faf-b915-5afa0c7529d4:c757, 48aa5eb4-709c-4003-adb5-fbc02723cd23:c755, 609a8cf1-6ad3-4123-b94a-106ad93148a8:c755]
2019-09-05 09:23:04,083 | INFO  | DNAudit | user=null | ip=null | op=PUT_BLOCK {blockData=[blockId=conID: 1 locID: 102739173903565208 bcsId: 0,size=2097152]} | ret=SUCCESS |  
2019-09-05 09:23:04,084 [grpc-default-executor-0] INFO  client.GrpcClientProtocolClient (GrpcClientProtocolClient.java:onNext(255)) - client-969FB6DA8C9A->4fcc8d53-44cb-4faf-b915-5afa0c7529d4: receive RaftClientReply:client-969FB6DA8C9A->4fcc8d53-44cb-4faf-b915-5afa0c7529d4@group-6A615BAE1DD1, cid=650, SUCCESS, logIndex=757, commits[4fcc8d53-44cb-4faf-b915-5afa0c7529d4:c759, 48aa5eb4-709c-4003-adb5-fbc02723cd23:c755, 609a8cf1-6ad3-4123-b94a-106ad93148a8:c755]
2019-09-05 09:23:04,084 | INFO  | DNAudit | user=null | ip=null | op=WRITE_CHUNK {blockData=conID: 1 locID: 102739173903565208 bcsId: 0} | ret=SUCCESS |  
2019-09-05 09:23:04,084 | INFO  | DNAudit | user=null | ip=null | op=WRITE_CHUNK {blockData=conID: 1 locID: 102739173903565208 bcsId: 0} | ret=SUCCESS |  
2019-09-05 09:23:04,084 | INFO  | DNAudit | user=null | ip=null | op=PUT_BLOCK {blockData=[blockId=conID: 1 locID: 102739173903565208 bcsId: 0,size=1048576]} | ret=SUCCESS |  
2019-09-05 09:23:04,085 | INFO  | DNAudit | user=null | ip=null | op=PUT_BLOCK {blockData=[blockId=conID: 1 locID: 102739173903565208 bcsId: 0,size=1048576]} | ret=SUCCESS |  
2019-09-05 09:23:04,085 [grpc-default-executor-0] INFO  client.GrpcClientProtocolClient (GrpcClientProtocolClient.java:onNext(255)) - client-969FB6DA8C9A->4fcc8d53-44cb-4faf-b915-5afa0c7529d4: receive RaftClientReply:client-969FB6DA8C9A->4fcc8d53-44cb-4faf-b915-5afa0c7529d4@group-6A615BAE1DD1, cid=651, SUCCESS, logIndex=758, commits[4fcc8d53-44cb-4faf-b915-5afa0c7529d4:c759, 48aa5eb4-709c-4003-adb5-fbc02723cd23:c755, 609a8cf1-6ad3-4123-b94a-106ad93148a8:c755]
2019-09-05 09:23:04,085 | INFO  | DNAudit | user=null | ip=null | op=WRITE_CHUNK {blockData=conID: 1 locID: 102739173903565208 bcsId: 0} | ret=SUCCESS |  
2019-09-05 09:23:04,086 | INFO  | DNAudit | user=null | ip=null | op=WRITE_CHUNK {blockData=conID: 1 locID: 102739173903565208 bcsId: 0} | ret=SUCCESS |  
2019-09-05 09:23:04,086 | INFO  | DNAudit | user=null | ip=null | op=PUT_BLOCK {blockData=[blockId=conID: 1 locID: 102739173903565208 bcsId: 0,size=2097152]} | ret=SUCCESS |  
2019-09-05 09:23:04,086 [grpc-default-executor-0] INFO  client.GrpcClientProtocolClient (GrpcClientProtocolClient.java:onNext(255)) - client-969FB6DA8C9A->4fcc8d53-44cb-4faf-b915-5afa0c7529d4: receive RaftClientReply:client-969FB6DA8C9A->4fcc8d53-44cb-4faf-b915-5afa0c7529d4@group-6A615BAE1DD1, cid=652, SUCCESS, logIndex=759, commits[4fcc8d53-44cb-4faf-b915-5afa0c7529d4:c759, 48aa5eb4-709c-4003-adb5-fbc02723cd23:c755, 609a8cf1-6ad3-4123-b94a-106ad93148a8:c755]
2019-09-05 09:23:04,086 | INFO  | DNAudit | user=null | ip=null | op=PUT_BLOCK {blockData=[blockId=conID: 1 locID: 102739173903565208 bcsId: 0,size=2097152]} | ret=SUCCESS |  
2019-09-05 09:23:04,088 [grpc-default-executor-0] INFO  client.GrpcClientProtocolClient (GrpcClientProtocolClient.java:onNext(255)) - client-969FB6DA8C9A->4fcc8d53-44cb-4faf-b915-5afa0c7529d4: receive RaftClientReply:client-969FB6DA8C9A->4fcc8d53-44cb-4faf-b915-5afa0c7529d4@group-6A615BAE1DD1, cid=653, SUCCESS, logIndex=0, commits[4fcc8d53-44cb-4faf-b915-5afa0c7529d4:c763, 48aa5eb4-709c-4003-adb5-fbc02723cd23:c759, 609a8cf1-6ad3-4123-b94a-106ad93148a8:c759]
2019-09-05 09:23:04,099 | INFO  | DNAudit | user=null | ip=null | op=WRITE_CHUNK {blockData=conID: 1 locID: 102739173903565208 bcsId: 759} | ret=SUCCESS |  
2019-09-05 09:23:04,129 | INFO  | SCMAudit | user=jenkins1000 | ip=192.168.36.69 | op=SEND_HEARTBEAT {datanodeUUID=5b6cff60-1414-40d6-b682-781dc5ff3023, command=[]} | ret=SUCCESS |  
2019-09-05 09:23:04,169 | INFO  | DNAudit | user=null | ip=null | op=WRITE_CHUNK {blockData=conID: 1 locID: 102739173903565208 bcsId: 759} | ret=SUCCESS |  
2019-09-05 09:23:04,169 | INFO  | DNAudit | user=null | ip=null | op=WRITE_CHUNK {blockData=conID: 1 locID: 102739173903565208 bcsId: 759} | ret=SUCCESS |  
2019-09-05 09:23:04,195 | INFO  | DNAudit | user=null | ip=null | op=WRITE_CHUNK {blockData=conID: 1 locID: 102739173903565208 bcsId: 759} | ret=SUCCESS |  
2019-09-05 09:23:04,196 | INFO  | DNAudit | user=null | ip=null | op=PUT_BLOCK {blockData=[blockId=conID: 1 locID: 102739173903565208 bcsId: 0,size=3145728]} | ret=SUCCESS |  
2019-09-05 09:23:04,197 [grpc-default-executor-0] INFO  client.GrpcClientProtocolClient (GrpcClientProtocolClient.java:onNext(255)) - client-969FB6DA8C9A->4fcc8d53-44cb-4faf-b915-5afa0c7529d4: receive RaftClientReply:client-969FB6DA8C9A->4fcc8d53-44cb-4faf-b915-5afa0c7529d4@group-6A615BAE1DD1, cid=654, SUCCESS, logIndex=764, commits[4fcc8d53-44cb-4faf-b915-5afa0c7529d4:c765, 48aa5eb4-709c-4003-adb5-fbc02723cd23:c763, 609a8cf1-6ad3-4123-b94a-106ad93148a8:c763]
2019-09-05 09:23:04,198 [grpc-default-executor-0] INFO  client.GrpcClientProtocolClient (GrpcClientProtocolClient.java:onNext(255)) - client-969FB6DA8C9A->4fcc8d53-44cb-4faf-b915-5afa0c7529d4: receive RaftClientReply:client-969FB6DA8C9A->4fcc8d53-44cb-4faf-b915-5afa0c7529d4@group-6A615BAE1DD1, cid=655, SUCCESS, logIndex=765, commits[4fcc8d53-44cb-4faf-b915-5afa0c7529d4:c765, 48aa5eb4-709c-4003-adb5-fbc02723cd23:c763, 609a8cf1-6ad3-4123-b94a-106ad93148a8:c763]
2019-09-05 09:23:04,209 | INFO  | DNAudit | user=null | ip=null | op=WRITE_CHUNK {blockData=conID: 1 locID: 102739173903565208 bcsId: 765} | ret=SUCCESS |  
2019-09-05 09:23:04,209 | INFO  | DNAudit | user=null | ip=null | op=WRITE_CHUNK {blockData=conID: 1 locID: 102739173903565208 bcsId: 759} | ret=SUCCESS |  
2019-09-05 09:23:04,209 | INFO  | DNAudit | user=null | ip=null | op=WRITE_CHUNK {blockData=conID: 1 locID: 102739173903565208 bcsId: 759} | ret=SUCCESS |  
2019-09-05 09:23:04,213 | INFO  | DNAudit | user=null | ip=null | op=WRITE_CHUNK {blockData=conID: 1 locID: 102739173903565208 bcsId: 765} | ret=SUCCESS |  
2019-09-05 09:23:04,213 | INFO  | DNAudit | user=null | ip=null | op=WRITE_CHUNK {blockData=conID: 1 locID: 102739173903565208 bcsId: 765} | ret=SUCCESS |  
2019-09-05 09:23:04,223 | INFO  | DNAudit | user=null | ip=null | op=PUT_BLOCK {blockData=[blockId=conID: 1 locID: 102739173903565208 bcsId: 0,size=3145728]} | ret=SUCCESS |  
2019-09-05 09:23:04,223 | INFO  | DNAudit | user=null | ip=null | op=PUT_BLOCK {blockData=[blockId=conID: 1 locID: 102739173903565208 bcsId: 0,size=3145728]} | ret=SUCCESS |  
2019-09-05 09:23:04,224 | INFO  | DNAudit | user=null | ip=null | op=WRITE_CHUNK {blockData=conID: 1 locID: 102739173903565208 bcsId: 765} | ret=SUCCESS |  
2019-09-05 09:23:04,225 | INFO  | DNAudit | user=null | ip=null | op=PUT_BLOCK {blockData=[blockId=conID: 1 locID: 102739173903565208 bcsId: 0,size=4194304]} | ret=SUCCESS |  
2019-09-05 09:23:04,225 [grpc-default-executor-5] INFO  client.GrpcClientProtocolClient (GrpcClientProtocolClient.java:onNext(255)) - client-969FB6DA8C9A->4fcc8d53-44cb-4faf-b915-5afa0c7529d4: receive RaftClientReply:client-969FB6DA8C9A->4fcc8d53-44cb-4faf-b915-5afa0c7529d4@group-6A615BAE1DD1, cid=656, SUCCESS, logIndex=768, commits[4fcc8d53-44cb-4faf-b915-5afa0c7529d4:c769, 48aa5eb4-709c-4003-adb5-fbc02723cd23:c765, 609a8cf1-6ad3-4123-b94a-106ad93148a8:c765]
2019-09-05 09:23:04,226 [grpc-default-executor-5] INFO  client.GrpcClientProtocolClient (GrpcClientProtocolClient.java:onNext(255)) - client-969FB6DA8C9A->4fcc8d53-44cb-4faf-b915-5afa0c7529d4: receive RaftClientReply:client-969FB6DA8C9A->4fcc8d53-44cb-4faf-b915-5afa0c7529d4@group-6A615BAE1DD1, cid=657, SUCCESS, logIndex=769, commits[4fcc8d53-44cb-4faf-b915-5afa0c7529d4:c769, 48aa5eb4-709c-4003-adb5-fbc02723cd23:c765, 609a8cf1-6ad3-4123-b94a-106ad93148a8:c765]
2019-09-05 09:23:04,239 | INFO  | DNAudit | user=null | ip=null | op=WRITE_CHUNK {blockData=conID: 1 locID: 102739173903565208 bcsId: 765} | ret=SUCCESS |  
2019-09-05 09:23:04,239 | INFO  | DNAudit | user=null | ip=null | op=WRITE_CHUNK {blockData=conID: 1 locID: 102739173903565208 bcsId: 765} | ret=SUCCESS |  
2019-09-05 09:23:04,240 | INFO  | DNAudit | user=null | ip=null | op=PUT_BLOCK {blockData=[blockId=conID: 1 locID: 102739173903565208 bcsId: 0,size=4194304]} | ret=SUCCESS |  
2019-09-05 09:23:04,240 | INFO  | DNAudit | user=null | ip=null | op=PUT_BLOCK {blockData=[blockId=conID: 1 locID: 102739173903565208 bcsId: 0,size=4194304]} | ret=SUCCESS |  
2019-09-05 09:23:04,241 [grpc-default-executor-5] INFO  client.GrpcClientProtocolClient (GrpcClientProtocolClient.java:onNext(255)) - client-969FB6DA8C9A->4fcc8d53-44cb-4faf-b915-5afa0c7529d4: receive RaftClientReply:client-969FB6DA8C9A->4fcc8d53-44cb-4faf-b915-5afa0c7529d4@group-6A615BAE1DD1, cid=658, SUCCESS, logIndex=0, commits[4fcc8d53-44cb-4faf-b915-5afa0c7529d4:c770, 48aa5eb4-709c-4003-adb5-fbc02723cd23:c769, 609a8cf1-6ad3-4123-b94a-106ad93148a8:c769]
2019-09-05 09:23:04,252 | INFO  | DNAudit | user=null | ip=null | op=WRITE_CHUNK {blockData=conID: 2 locID: 102739173903565209 bcsId: 0} | ret=SUCCESS |  
2019-09-05 09:23:04,255 | INFO  | DNAudit | user=null | ip=null | op=WRITE_CHUNK {blockData=conID: 2 locID: 102739173903565209 bcsId: 0} | ret=SUCCESS |  
2019-09-05 09:23:04,257 | INFO  | DNAudit | user=null | ip=null | op=WRITE_CHUNK {blockData=conID: 2 locID: 102739173903565209 bcsId: 0} | ret=SUCCESS |  
2019-09-05 09:23:04,258 | INFO  | DNAudit | user=null | ip=null | op=WRITE_CHUNK {blockData=conID: 2 locID: 102739173903565209 bcsId: 0} | ret=SUCCESS |  
2019-09-05 09:23:04,261 | INFO  | DNAudit | user=null | ip=null | op=WRITE_CHUNK {blockData=conID: 2 locID: 102739173903565209 bcsId: 0} | ret=SUCCESS |  
2019-09-05 09:23:04,261 | INFO  | DNAudit | user=null | ip=null | op=WRITE_CHUNK {blockData=conID: 2 locID: 102739173903565209 bcsId: 0} | ret=SUCCESS |  
2019-09-05 09:23:04,286 | INFO  | DNAudit | user=null | ip=null | op=WRITE_CHUNK {blockData=conID: 2 locID: 102739173903565209 bcsId: 0} | ret=SUCCESS |  
2019-09-05 09:23:04,287 | INFO  | DNAudit | user=null | ip=null | op=PUT_BLOCK {blockData=[blockId=conID: 2 locID: 102739173903565209 bcsId: 0,size=1048576]} | ret=SUCCESS |  
2019-09-05 09:23:04,287 [grpc-default-executor-0] INFO  client.GrpcClientProtocolClient (GrpcClientProtocolClient.java:onNext(255)) - client-969FB6DA8C9A->4fcc8d53-44cb-4faf-b915-5afa0c7529d4: receive RaftClientReply:client-969FB6DA8C9A->4fcc8d53-44cb-4faf-b915-5afa0c7529d4@group-6A615BAE1DD1, cid=659, SUCCESS, logIndex=772, commits[4fcc8d53-44cb-4faf-b915-5afa0c7529d4:c773, 48aa5eb4-709c-4003-adb5-fbc02723cd23:c770, 609a8cf1-6ad3-4123-b94a-106ad93148a8:c770]
2019-09-05 09:23:04,288 | INFO  | DNAudit | user=null | ip=null | op=WRITE_CHUNK {blockData=conID: 2 locID: 102739173903565209 bcsId: 0} | ret=SUCCESS |  
2019-09-05 09:23:04,288 | INFO  | DNAudit | user=null | ip=null | op=PUT_BLOCK {blockData=[blockId=conID: 2 locID: 102739173903565209 bcsId: 0,size=2097152]} | ret=SUCCESS |  
2019-09-05 09:23:04,289 [grpc-default-executor-0] INFO  client.GrpcClientProtocolClient (GrpcClientProtocolClient.java:onNext(255)) - client-969FB6DA8C9A->4fcc8d53-44cb-4faf-b915-5afa0c7529d4: receive RaftClientReply:client-969FB6DA8C9A->4fcc8d53-44cb-4faf-b915-5afa0c7529d4@group-6A615BAE1DD1, cid=660, SUCCESS, logIndex=773, commits[4fcc8d53-44cb-4faf-b915-5afa0c7529d4:c775, 48aa5eb4-709c-4003-adb5-fbc02723cd23:c770, 609a8cf1-6ad3-4123-b94a-106ad93148a8:c770]
2019-09-05 09:23:04,289 | INFO  | DNAudit | user=null | ip=null | op=WRITE_CHUNK {blockData=conID: 2 locID: 102739173903565209 bcsId: 0} | ret=SUCCESS |  
2019-09-05 09:23:04,289 | INFO  | DNAudit | user=null | ip=null | op=WRITE_CHUNK {blockData=conID: 2 locID: 102739173903565209 bcsId: 0} | ret=SUCCESS |  
2019-09-05 09:23:04,289 | INFO  | DNAudit | user=null | ip=null | op=PUT_BLOCK {blockData=[blockId=conID: 2 locID: 102739173903565209 bcsId: 0,size=1048576]} | ret=SUCCESS |  
2019-09-05 09:23:04,289 | INFO  | DNAudit | user=null | ip=null | op=PUT_BLOCK {blockData=[blockId=conID: 2 locID: 102739173903565209 bcsId: 0,size=1048576]} | ret=SUCCESS |  
2019-09-05 09:23:04,290 [grpc-default-executor-0] INFO  client.GrpcClientProtocolClient (GrpcClientProtocolClient.java:onNext(255)) - client-969FB6DA8C9A->4fcc8d53-44cb-4faf-b915-5afa0c7529d4: receive RaftClientReply:client-969FB6DA8C9A->4fcc8d53-44cb-4faf-b915-5afa0c7529d4@group-6A615BAE1DD1, cid=661, SUCCESS, logIndex=774, commits[4fcc8d53-44cb-4faf-b915-5afa0c7529d4:c775, 48aa5eb4-709c-4003-adb5-fbc02723cd23:c770, 609a8cf1-6ad3-4123-b94a-106ad93148a8:c770]
2019-09-05 09:23:04,290 | INFO  | DNAudit | user=null | ip=null | op=WRITE_CHUNK {blockData=conID: 2 locID: 102739173903565209 bcsId: 0} | ret=SUCCESS |  
2019-09-05 09:23:04,290 [grpc-default-executor-0] INFO  client.GrpcClientProtocolClient (GrpcClientProtocolClient.java:onNext(255)) - client-969FB6DA8C9A->4fcc8d53-44cb-4faf-b915-5afa0c7529d4: receive RaftClientReply:client-969FB6DA8C9A->4fcc8d53-44cb-4faf-b915-5afa0c7529d4@group-6A615BAE1DD1, cid=662, SUCCESS, logIndex=775, commits[4fcc8d53-44cb-4faf-b915-5afa0c7529d4:c775, 48aa5eb4-709c-4003-adb5-fbc02723cd23:c770, 609a8cf1-6ad3-4123-b94a-106ad93148a8:c770]
2019-09-05 09:23:04,291 | INFO  | DNAudit | user=null | ip=null | op=PUT_BLOCK {blockData=[blockId=conID: 2 locID: 102739173903565209 bcsId: 0,size=2097152]} | ret=SUCCESS |  
2019-09-05 09:23:04,291 | INFO  | DNAudit | user=null | ip=null | op=WRITE_CHUNK {blockData=conID: 2 locID: 102739173903565209 bcsId: 0} | ret=SUCCESS |  
2019-09-05 09:23:04,291 | INFO  | DNAudit | user=null | ip=null | op=PUT_BLOCK {blockData=[blockId=conID: 2 locID: 102739173903565209 bcsId: 0,size=2097152]} | ret=SUCCESS |  
2019-09-05 09:23:04,292 [grpc-default-executor-0] INFO  client.GrpcClientProtocolClient (GrpcClientProtocolClient.java:onNext(255)) - client-969FB6DA8C9A->4fcc8d53-44cb-4faf-b915-5afa0c7529d4: receive RaftClientReply:client-969FB6DA8C9A->4fcc8d53-44cb-4faf-b915-5afa0c7529d4@group-6A615BAE1DD1, cid=663, SUCCESS, logIndex=0, commits[4fcc8d53-44cb-4faf-b915-5afa0c7529d4:c779, 48aa5eb4-709c-4003-adb5-fbc02723cd23:c773, 609a8cf1-6ad3-4123-b94a-106ad93148a8:c775]
2019-09-05 09:23:04,301 | INFO  | DNAudit | user=null | ip=null | op=WRITE_CHUNK {blockData=conID: 2 locID: 102739173903565209 bcsId: 775} | ret=SUCCESS |  
2019-09-05 09:23:04,304 | INFO  | DNAudit | user=null | ip=null | op=WRITE_CHUNK {blockData=conID: 2 locID: 102739173903565209 bcsId: 775} | ret=SUCCESS |  
2019-09-05 09:23:04,305 | INFO  | DNAudit | user=null | ip=null | op=WRITE_CHUNK {blockData=conID: 2 locID: 102739173903565209 bcsId: 775} | ret=SUCCESS |  
2019-09-05 09:23:04,310 | INFO  | SCMAudit | user=jenkins1000 | ip=192.168.36.69 | op=SEND_HEARTBEAT {datanodeUUID=fe9e29a7-51ad-458f-9e11-f615da290baa, command=[]} | ret=SUCCESS |  
2019-09-05 09:23:04,329 | INFO  | DNAudit | user=null | ip=null | op=WRITE_CHUNK {blockData=conID: 2 locID: 102739173903565209 bcsId: 775} | ret=SUCCESS |  
2019-09-05 09:23:04,330 | INFO  | DNAudit | user=null | ip=null | op=PUT_BLOCK {blockData=[blockId=conID: 2 locID: 102739173903565209 bcsId: 0,size=3145728]} | ret=SUCCESS |  
2019-09-05 09:23:04,330 [grpc-default-executor-4] INFO  client.GrpcClientProtocolClient (GrpcClientProtocolClient.java:onNext(255)) - client-969FB6DA8C9A->4fcc8d53-44cb-4faf-b915-5afa0c7529d4: receive RaftClientReply:client-969FB6DA8C9A->4fcc8d53-44cb-4faf-b915-5afa0c7529d4@group-6A615BAE1DD1, cid=664, SUCCESS, logIndex=780, commits[4fcc8d53-44cb-4faf-b915-5afa0c7529d4:c781, 48aa5eb4-709c-4003-adb5-fbc02723cd23:c779, 609a8cf1-6ad3-4123-b94a-106ad93148a8:c779]
2019-09-05 09:23:04,331 [grpc-default-executor-4] INFO  client.GrpcClientProtocolClient (GrpcClientProtocolClient.java:onNext(255)) - client-969FB6DA8C9A->4fcc8d53-44cb-4faf-b915-5afa0c7529d4: receive RaftClientReply:client-969FB6DA8C9A->4fcc8d53-44cb-4faf-b915-5afa0c7529d4@group-6A615BAE1DD1, cid=665, SUCCESS, logIndex=781, commits[4fcc8d53-44cb-4faf-b915-5afa0c7529d4:c781, 48aa5eb4-709c-4003-adb5-fbc02723cd23:c779, 609a8cf1-6ad3-4123-b94a-106ad93148a8:c779]
2019-09-05 09:23:04,340 | INFO  | DNAudit | user=null | ip=null | op=WRITE_CHUNK {blockData=conID: 2 locID: 102739173903565209 bcsId: 781} | ret=SUCCESS |  
2019-09-05 09:23:04,344 | INFO  | DNAudit | user=null | ip=null | op=WRITE_CHUNK {blockData=conID: 2 locID: 102739173903565209 bcsId: 781} | ret=SUCCESS |  
2019-09-05 09:23:04,344 | INFO  | DNAudit | user=null | ip=null | op=WRITE_CHUNK {blockData=conID: 2 locID: 102739173903565209 bcsId: 781} | ret=SUCCESS |  
2019-09-05 09:23:04,346 | INFO  | DNAudit | user=null | ip=null | op=WRITE_CHUNK {blockData=conID: 2 locID: 102739173903565209 bcsId: 775} | ret=SUCCESS |  
2019-09-05 09:23:04,346 | INFO  | DNAudit | user=null | ip=null | op=WRITE_CHUNK {blockData=conID: 2 locID: 102739173903565209 bcsId: 775} | ret=SUCCESS |  
2019-09-05 09:23:04,347 | INFO  | DNAudit | user=null | ip=null | op=PUT_BLOCK {blockData=[blockId=conID: 2 locID: 102739173903565209 bcsId: 0,size=3145728]} | ret=SUCCESS |  
2019-09-05 09:23:04,347 | INFO  | DNAudit | user=null | ip=null | op=PUT_BLOCK {blockData=[blockId=conID: 2 locID: 102739173903565209 bcsId: 0,size=3145728]} | ret=SUCCESS |  
2019-09-05 09:23:04,348 | INFO  | DNAudit | user=null | ip=null | op=WRITE_CHUNK {blockData=conID: 2 locID: 102739173903565209 bcsId: 781} | ret=SUCCESS |  
2019-09-05 09:23:04,349 | INFO  | DNAudit | user=null | ip=null | op=PUT_BLOCK {blockData=[blockId=conID: 2 locID: 102739173903565209 bcsId: 0,size=4194304]} | ret=SUCCESS |  
2019-09-05 09:23:04,349 [grpc-default-executor-0] INFO  client.GrpcClientProtocolClient (GrpcClientProtocolClient.java:onNext(255)) - client-969FB6DA8C9A->4fcc8d53-44cb-4faf-b915-5afa0c7529d4: receive RaftClientReply:client-969FB6DA8C9A->4fcc8d53-44cb-4faf-b915-5afa0c7529d4@group-6A615BAE1DD1, cid=666, SUCCESS, logIndex=784, commits[4fcc8d53-44cb-4faf-b915-5afa0c7529d4:c785, 48aa5eb4-709c-4003-adb5-fbc02723cd23:c781, 609a8cf1-6ad3-4123-b94a-106ad93148a8:c781]
2019-09-05 09:23:04,350 [grpc-default-executor-0] INFO  client.GrpcClientProtocolClient (GrpcClientProtocolClient.java:onNext(255)) - client-969FB6DA8C9A->4fcc8d53-44cb-4faf-b915-5afa0c7529d4: receive RaftClientReply:client-969FB6DA8C9A->4fcc8d53-44cb-4faf-b915-5afa0c7529d4@group-6A615BAE1DD1, cid=667, SUCCESS, logIndex=785, commits[4fcc8d53-44cb-4faf-b915-5afa0c7529d4:c785, 48aa5eb4-709c-4003-adb5-fbc02723cd23:c781, 609a8cf1-6ad3-4123-b94a-106ad93148a8:c781]
2019-09-05 09:23:04,387 | INFO  | DNAudit | user=null | ip=null | op=WRITE_CHUNK {blockData=conID: 2 locID: 102739173903565209 bcsId: 781} | ret=SUCCESS |  
2019-09-05 09:23:04,387 | INFO  | DNAudit | user=null | ip=null | op=WRITE_CHUNK {blockData=conID: 2 locID: 102739173903565209 bcsId: 781} | ret=SUCCESS |  
2019-09-05 09:23:04,387 | INFO  | DNAudit | user=null | ip=null | op=PUT_BLOCK {blockData=[blockId=conID: 2 locID: 102739173903565209 bcsId: 0,size=4194304]} | ret=SUCCESS |  
2019-09-05 09:23:04,388 | INFO  | DNAudit | user=null | ip=null | op=PUT_BLOCK {blockData=[blockId=conID: 2 locID: 102739173903565209 bcsId: 0,size=4194304]} | ret=SUCCESS |  
2019-09-05 09:23:04,389 [grpc-default-executor-0] INFO  client.GrpcClientProtocolClient (GrpcClientProtocolClient.java:onNext(255)) - client-969FB6DA8C9A->4fcc8d53-44cb-4faf-b915-5afa0c7529d4: receive RaftClientReply:client-969FB6DA8C9A->4fcc8d53-44cb-4faf-b915-5afa0c7529d4@group-6A615BAE1DD1, cid=668, SUCCESS, logIndex=0, commits[4fcc8d53-44cb-4faf-b915-5afa0c7529d4:c786, 48aa5eb4-709c-4003-adb5-fbc02723cd23:c785, 609a8cf1-6ad3-4123-b94a-106ad93148a8:c785]
2019-09-05 09:23:04,399 | INFO  | DNAudit | user=null | ip=null | op=WRITE_CHUNK {blockData=conID: 3 locID: 102739173903565210 bcsId: 0} | ret=SUCCESS |  
2019-09-05 09:23:04,402 | INFO  | DNAudit | user=null | ip=null | op=WRITE_CHUNK {blockData=conID: 3 locID: 102739173903565210 bcsId: 0} | ret=SUCCESS |  
2019-09-05 09:23:04,403 | INFO  | DNAudit | user=null | ip=null | op=WRITE_CHUNK {blockData=conID: 3 locID: 102739173903565210 bcsId: 0} | ret=SUCCESS |  
2019-09-05 09:23:04,403 | INFO  | DNAudit | user=null | ip=null | op=WRITE_CHUNK {blockData=conID: 3 locID: 102739173903565210 bcsId: 0} | ret=SUCCESS |  
2019-09-05 09:23:04,407 | INFO  | DNAudit | user=null | ip=null | op=WRITE_CHUNK {blockData=conID: 3 locID: 102739173903565210 bcsId: 0} | ret=SUCCESS |  
2019-09-05 09:23:04,407 | INFO  | DNAudit | user=null | ip=null | op=WRITE_CHUNK {blockData=conID: 3 locID: 102739173903565210 bcsId: 0} | ret=SUCCESS |  
2019-09-05 09:23:04,431 | INFO  | DNAudit | user=null | ip=null | op=WRITE_CHUNK {blockData=conID: 3 locID: 102739173903565210 bcsId: 0} | ret=SUCCESS |  
2019-09-05 09:23:04,431 | INFO  | DNAudit | user=null | ip=null | op=PUT_BLOCK {blockData=[blockId=conID: 3 locID: 102739173903565210 bcsId: 0,size=1048576]} | ret=SUCCESS |  
2019-09-05 09:23:04,432 [grpc-default-executor-0] INFO  client.GrpcClientProtocolClient (GrpcClientProtocolClient.java:onNext(255)) - client-969FB6DA8C9A->4fcc8d53-44cb-4faf-b915-5afa0c7529d4: receive RaftClientReply:client-969FB6DA8C9A->4fcc8d53-44cb-4faf-b915-5afa0c7529d4@group-6A615BAE1DD1, cid=669, SUCCESS, logIndex=788, commits[4fcc8d53-44cb-4faf-b915-5afa0c7529d4:c789, 48aa5eb4-709c-4003-adb5-fbc02723cd23:c787, 609a8cf1-6ad3-4123-b94a-106ad93148a8:c787]
2019-09-05 09:23:04,432 [grpc-default-executor-0] INFO  client.GrpcClientProtocolClient (GrpcClientProtocolClient.java:onNext(255)) - client-969FB6DA8C9A->4fcc8d53-44cb-4faf-b915-5afa0c7529d4: receive RaftClientReply:client-969FB6DA8C9A->4fcc8d53-44cb-4faf-b915-5afa0c7529d4@group-6A615BAE1DD1, cid=670, SUCCESS, logIndex=789, commits[4fcc8d53-44cb-4faf-b915-5afa0c7529d4:c789, 48aa5eb4-709c-4003-adb5-fbc02723cd23:c787, 609a8cf1-6ad3-4123-b94a-106ad93148a8:c787]
2019-09-05 09:23:04,467 | INFO  | DNAudit | user=null | ip=null | op=WRITE_CHUNK {blockData=conID: 3 locID: 102739173903565210 bcsId: 0} | ret=SUCCESS |  
2019-09-05 09:23:04,467 | INFO  | DNAudit | user=null | ip=null | op=PUT_BLOCK {blockData=[blockId=conID: 3 locID: 102739173903565210 bcsId: 0,size=2097152]} | ret=SUCCESS |  
2019-09-05 09:23:04,467 | INFO  | DNAudit | user=null | ip=null | op=WRITE_CHUNK {blockData=conID: 3 locID: 102739173903565210 bcsId: 0} | ret=SUCCESS |  
2019-09-05 09:23:04,468 | INFO  | DNAudit | user=null | ip=null | op=PUT_BLOCK {blockData=[blockId=conID: 3 locID: 102739173903565210 bcsId: 0,size=1048576]} | ret=SUCCESS |  
2019-09-05 09:23:04,468 | INFO  | DNAudit | user=null | ip=null | op=WRITE_CHUNK {blockData=conID: 3 locID: 102739173903565210 bcsId: 0} | ret=SUCCESS |  
2019-09-05 09:23:04,468 [grpc-default-executor-0] INFO  client.GrpcClientProtocolClient (GrpcClientProtocolClient.java:onNext(255)) - client-969FB6DA8C9A->4fcc8d53-44cb-4faf-b915-5afa0c7529d4: receive RaftClientReply:client-969FB6DA8C9A->4fcc8d53-44cb-4faf-b915-5afa0c7529d4@group-6A615BAE1DD1, cid=671, SUCCESS, logIndex=790, commits[4fcc8d53-44cb-4faf-b915-5afa0c7529d4:c791, 48aa5eb4-709c-4003-adb5-fbc02723cd23:c787, 609a8cf1-6ad3-4123-b94a-106ad93148a8:c787]
2019-09-05 09:23:04,468 | INFO  | DNAudit | user=null | ip=null | op=PUT_BLOCK {blockData=[blockId=conID: 3 locID: 102739173903565210 bcsId: 0,size=1048576]} | ret=SUCCESS |  
2019-09-05 09:23:04,469 | INFO  | DNAudit | user=null | ip=null | op=WRITE_CHUNK {blockData=conID: 3 locID: 102739173903565210 bcsId: 0} | ret=SUCCESS |  
2019-09-05 09:23:04,469 [grpc-default-executor-0] INFO  client.GrpcClientProtocolClient (GrpcClientProtocolClient.java:onNext(255)) - client-969FB6DA8C9A->4fcc8d53-44cb-4faf-b915-5afa0c7529d4: receive RaftClientReply:client-969FB6DA8C9A->4fcc8d53-44cb-4faf-b915-5afa0c7529d4@group-6A615BAE1DD1, cid=672, SUCCESS, logIndex=791, commits[4fcc8d53-44cb-4faf-b915-5afa0c7529d4:c791, 48aa5eb4-709c-4003-adb5-fbc02723cd23:c787, 609a8cf1-6ad3-4123-b94a-106ad93148a8:c787]
2019-09-05 09:23:04,469 | INFO  | DNAudit | user=null | ip=null | op=PUT_BLOCK {blockData=[blockId=conID: 3 locID: 102739173903565210 bcsId: 0,size=2097152]} | ret=SUCCESS |  
2019-09-05 09:23:04,470 | INFO  | DNAudit | user=null | ip=null | op=WRITE_CHUNK {blockData=conID: 3 locID: 102739173903565210 bcsId: 0} | ret=SUCCESS |  
2019-09-05 09:23:04,470 | INFO  | DNAudit | user=null | ip=null | op=PUT_BLOCK {blockData=[blockId=conID: 3 locID: 102739173903565210 bcsId: 0,size=2097152]} | ret=SUCCESS |  
2019-09-05 09:23:04,471 [grpc-default-executor-5] INFO  client.GrpcClientProtocolClient (GrpcClientProtocolClient.java:onNext(255)) - client-969FB6DA8C9A->4fcc8d53-44cb-4faf-b915-5afa0c7529d4: receive RaftClientReply:client-969FB6DA8C9A->4fcc8d53-44cb-4faf-b915-5afa0c7529d4@group-6A615BAE1DD1, cid=673, SUCCESS, logIndex=0, commits[4fcc8d53-44cb-4faf-b915-5afa0c7529d4:c795, 48aa5eb4-709c-4003-adb5-fbc02723cd23:c789, 609a8cf1-6ad3-4123-b94a-106ad93148a8:c791]
2019-09-05 09:23:04,481 | INFO  | DNAudit | user=null | ip=null | op=WRITE_CHUNK {blockData=conID: 3 locID: 102739173903565210 bcsId: 791} | ret=SUCCESS |  
2019-09-05 09:23:04,485 | INFO  | DNAudit | user=null | ip=null | op=WRITE_CHUNK {blockData=conID: 3 locID: 102739173903565210 bcsId: 791} | ret=SUCCESS |  
2019-09-05 09:23:04,485 | INFO  | DNAudit | user=null | ip=null | op=WRITE_CHUNK {blockData=conID: 3 locID: 102739173903565210 bcsId: 791} | ret=SUCCESS |  
2019-09-05 09:23:04,509 | INFO  | DNAudit | user=null | ip=null | op=WRITE_CHUNK {blockData=conID: 3 locID: 102739173903565210 bcsId: 791} | ret=SUCCESS |  
2019-09-05 09:23:04,509 | INFO  | DNAudit | user=null | ip=null | op=PUT_BLOCK {blockData=[blockId=conID: 3 locID: 102739173903565210 bcsId: 0,size=3145728]} | ret=SUCCESS |  
2019-09-05 09:23:04,510 [grpc-default-executor-0] INFO  client.GrpcClientProtocolClient (GrpcClientProtocolClient.java:onNext(255)) - client-969FB6DA8C9A->4fcc8d53-44cb-4faf-b915-5afa0c7529d4: receive RaftClientReply:client-969FB6DA8C9A->4fcc8d53-44cb-4faf-b915-5afa0c7529d4@group-6A615BAE1DD1, cid=674, SUCCESS, logIndex=796, commits[4fcc8d53-44cb-4faf-b915-5afa0c7529d4:c797, 48aa5eb4-709c-4003-adb5-fbc02723cd23:c795, 609a8cf1-6ad3-4123-b94a-106ad93148a8:c795]
2019-09-05 09:23:04,510 [grpc-default-executor-0] INFO  client.GrpcClientProtocolClient (GrpcClientProtocolClient.java:onNext(255)) - client-969FB6DA8C9A->4fcc8d53-44cb-4faf-b915-5afa0c7529d4: receive RaftClientReply:client-969FB6DA8C9A->4fcc8d53-44cb-4faf-b915-5afa0c7529d4@group-6A615BAE1DD1, cid=675, SUCCESS, logIndex=797, commits[4fcc8d53-44cb-4faf-b915-5afa0c7529d4:c797, 48aa5eb4-709c-4003-adb5-fbc02723cd23:c795, 609a8cf1-6ad3-4123-b94a-106ad93148a8:c795]
2019-09-05 09:23:04,520 | INFO  | DNAudit | user=null | ip=null | op=WRITE_CHUNK {blockData=conID: 3 locID: 102739173903565210 bcsId: 797} | ret=SUCCESS |  
2019-09-05 09:23:04,523 | INFO  | DNAudit | user=null | ip=null | op=WRITE_CHUNK {blockData=conID: 3 locID: 102739173903565210 bcsId: 797} | ret=SUCCESS |  
2019-09-05 09:23:04,523 | INFO  | DNAudit | user=null | ip=null | op=WRITE_CHUNK {blockData=conID: 3 locID: 102739173903565210 bcsId: 797} | ret=SUCCESS |  
2019-09-05 09:23:04,525 | INFO  | DNAudit | user=null | ip=null | op=WRITE_CHUNK {blockData=conID: 3 locID: 102739173903565210 bcsId: 791} | ret=SUCCESS |  
2019-09-05 09:23:04,525 | INFO  | DNAudit | user=null | ip=null | op=WRITE_CHUNK {blockData=conID: 3 locID: 102739173903565210 bcsId: 791} | ret=SUCCESS |  
2019-09-05 09:23:04,525 | INFO  | DNAudit | user=null | ip=null | op=PUT_BLOCK {blockData=[blockId=conID: 3 locID: 102739173903565210 bcsId: 0,size=3145728]} | ret=SUCCESS |  
2019-09-05 09:23:04,526 | INFO  | DNAudit | user=null | ip=null | op=PUT_BLOCK {blockData=[blockId=conID: 3 locID: 102739173903565210 bcsId: 0,size=3145728]} | ret=SUCCESS |  
2019-09-05 09:23:04,527 | INFO  | DNAudit | user=null | ip=null | op=WRITE_CHUNK {blockData=conID: 3 locID: 102739173903565210 bcsId: 797} | ret=SUCCESS |  
2019-09-05 09:23:04,527 | INFO  | DNAudit | user=null | ip=null | op=PUT_BLOCK {blockData=[blockId=conID: 3 locID: 102739173903565210 bcsId: 0,size=4194304]} | ret=SUCCESS |  
2019-09-05 09:23:04,528 [grpc-default-executor-0] INFO  client.GrpcClientProtocolClient (GrpcClientProtocolClient.java:onNext(255)) - client-969FB6DA8C9A->4fcc8d53-44cb-4faf-b915-5afa0c7529d4: receive RaftClientReply:client-969FB6DA8C9A->4fcc8d53-44cb-4faf-b915-5afa0c7529d4@group-6A615BAE1DD1, cid=676, SUCCESS, logIndex=800, commits[4fcc8d53-44cb-4faf-b915-5afa0c7529d4:c801, 48aa5eb4-709c-4003-adb5-fbc02723cd23:c797, 609a8cf1-6ad3-4123-b94a-106ad93148a8:c797]
2019-09-05 09:23:04,528 [grpc-default-executor-0] INFO  client.GrpcClientProtocolClient (GrpcClientProtocolClient.java:onNext(255)) - client-969FB6DA8C9A->4fcc8d53-44cb-4faf-b915-5afa0c7529d4: receive RaftClientReply:client-969FB6DA8C9A->4fcc8d53-44cb-4faf-b915-5afa0c7529d4@group-6A615BAE1DD1, cid=677, SUCCESS, logIndex=801, commits[4fcc8d53-44cb-4faf-b915-5afa0c7529d4:c801, 48aa5eb4-709c-4003-adb5-fbc02723cd23:c797, 609a8cf1-6ad3-4123-b94a-106ad93148a8:c797]
2019-09-05 09:23:04,548 | INFO  | DNAudit | user=null | ip=null | op=WRITE_CHUNK {blockData=conID: 3 locID: 102739173903565210 bcsId: 797} | ret=SUCCESS |  
2019-09-05 09:23:04,548 | INFO  | DNAudit | user=null | ip=null | op=WRITE_CHUNK {blockData=conID: 3 locID: 102739173903565210 bcsId: 797} | ret=SUCCESS |  
2019-09-05 09:23:04,548 | INFO  | DNAudit | user=null | ip=null | op=PUT_BLOCK {blockData=[blockId=conID: 3 locID: 102739173903565210 bcsId: 0,size=4194304]} | ret=SUCCESS |  
2019-09-05 09:23:04,548 | INFO  | DNAudit | user=null | ip=null | op=PUT_BLOCK {blockData=[blockId=conID: 3 locID: 102739173903565210 bcsId: 0,size=4194304]} | ret=SUCCESS |  
2019-09-05 09:23:04,549 [grpc-default-executor-0] INFO  client.GrpcClientProtocolClient (GrpcClientProtocolClient.java:onNext(255)) - client-969FB6DA8C9A->4fcc8d53-44cb-4faf-b915-5afa0c7529d4: receive RaftClientReply:client-969FB6DA8C9A->4fcc8d53-44cb-4faf-b915-5afa0c7529d4@group-6A615BAE1DD1, cid=678, SUCCESS, logIndex=0, commits[4fcc8d53-44cb-4faf-b915-5afa0c7529d4:c802, 48aa5eb4-709c-4003-adb5-fbc02723cd23:c801, 609a8cf1-6ad3-4123-b94a-106ad93148a8:c801]
2019-09-05 09:23:04,559 | INFO  | DNAudit | user=null | ip=null | op=WRITE_CHUNK {blockData=conID: 1 locID: 102739173903565211 bcsId: 0} | ret=SUCCESS |  
2019-09-05 09:23:04,563 | INFO  | DNAudit | user=null | ip=null | op=WRITE_CHUNK {blockData=conID: 1 locID: 102739173903565211 bcsId: 0} | ret=SUCCESS |  
2019-09-05 09:23:04,563 | INFO  | DNAudit | user=null | ip=null | op=WRITE_CHUNK {blockData=conID: 1 locID: 102739173903565211 bcsId: 0} | ret=SUCCESS |  
2019-09-05 09:23:04,564 | INFO  | DNAudit | user=null | ip=null | op=WRITE_CHUNK {blockData=conID: 1 locID: 102739173903565211 bcsId: 0} | ret=SUCCESS |  
2019-09-05 09:23:04,567 | INFO  | DNAudit | user=null | ip=null | op=WRITE_CHUNK {blockData=conID: 1 locID: 102739173903565211 bcsId: 0} | ret=SUCCESS |  
2019-09-05 09:23:04,567 | INFO  | DNAudit | user=null | ip=null | op=WRITE_CHUNK {blockData=conID: 1 locID: 102739173903565211 bcsId: 0} | ret=SUCCESS |  
2019-09-05 09:23:04,589 | INFO  | DNAudit | user=null | ip=null | op=WRITE_CHUNK {blockData=conID: 1 locID: 102739173903565211 bcsId: 0} | ret=SUCCESS |  
2019-09-05 09:23:04,589 | INFO  | DNAudit | user=null | ip=null | op=PUT_BLOCK {blockData=[blockId=conID: 1 locID: 102739173903565211 bcsId: 0,size=1048576]} | ret=SUCCESS |  
2019-09-05 09:23:04,590 | INFO  | DNAudit | user=null | ip=null | op=WRITE_CHUNK {blockData=conID: 1 locID: 102739173903565211 bcsId: 0} | ret=SUCCESS |  
2019-09-05 09:23:04,590 [grpc-default-executor-4] INFO  client.GrpcClientProtocolClient (GrpcClientProtocolClient.java:onNext(255)) - client-969FB6DA8C9A->4fcc8d53-44cb-4faf-b915-5afa0c7529d4: receive RaftClientReply:client-969FB6DA8C9A->4fcc8d53-44cb-4faf-b915-5afa0c7529d4@group-6A615BAE1DD1, cid=679, SUCCESS, logIndex=804, commits[4fcc8d53-44cb-4faf-b915-5afa0c7529d4:c805, 48aa5eb4-709c-4003-adb5-fbc02723cd23:c803, 609a8cf1-6ad3-4123-b94a-106ad93148a8:c803]
2019-09-05 09:23:04,590 | INFO  | DNAudit | user=null | ip=null | op=PUT_BLOCK {blockData=[blockId=conID: 1 locID: 102739173903565211 bcsId: 0,size=2097152]} | ret=SUCCESS |  
2019-09-05 09:23:04,590 [grpc-default-executor-4] INFO  client.GrpcClientProtocolClient (GrpcClientProtocolClient.java:onNext(255)) - client-969FB6DA8C9A->4fcc8d53-44cb-4faf-b915-5afa0c7529d4: receive RaftClientReply:client-969FB6DA8C9A->4fcc8d53-44cb-4faf-b915-5afa0c7529d4@group-6A615BAE1DD1, cid=680, SUCCESS, logIndex=805, commits[4fcc8d53-44cb-4faf-b915-5afa0c7529d4:c807, 48aa5eb4-709c-4003-adb5-fbc02723cd23:c803, 609a8cf1-6ad3-4123-b94a-106ad93148a8:c803]
2019-09-05 09:23:04,591 [grpc-default-executor-4] INFO  client.GrpcClientProtocolClient (GrpcClientProtocolClient.java:onNext(255)) - client-969FB6DA8C9A->4fcc8d53-44cb-4faf-b915-5afa0c7529d4: receive RaftClientReply:client-969FB6DA8C9A->4fcc8d53-44cb-4faf-b915-5afa0c7529d4@group-6A615BAE1DD1, cid=681, SUCCESS, logIndex=806, commits[4fcc8d53-44cb-4faf-b915-5afa0c7529d4:c807, 48aa5eb4-709c-4003-adb5-fbc02723cd23:c803, 609a8cf1-6ad3-4123-b94a-106ad93148a8:c803]
2019-09-05 09:23:04,591 [grpc-default-executor-4] INFO  client.GrpcClientProtocolClient (GrpcClientProtocolClient.java:onNext(255)) - client-969FB6DA8C9A->4fcc8d53-44cb-4faf-b915-5afa0c7529d4: receive RaftClientReply:client-969FB6DA8C9A->4fcc8d53-44cb-4faf-b915-5afa0c7529d4@group-6A615BAE1DD1, cid=682, SUCCESS, logIndex=807, commits[4fcc8d53-44cb-4faf-b915-5afa0c7529d4:c807, 48aa5eb4-709c-4003-adb5-fbc02723cd23:c803, 609a8cf1-6ad3-4123-b94a-106ad93148a8:c803]
2019-09-05 09:23:04,605 | INFO  | DNAudit | user=null | ip=null | op=WRITE_CHUNK {blockData=conID: 1 locID: 102739173903565211 bcsId: 0} | ret=SUCCESS |  
2019-09-05 09:23:04,605 | INFO  | DNAudit | user=null | ip=null | op=WRITE_CHUNK {blockData=conID: 1 locID: 102739173903565211 bcsId: 0} | ret=SUCCESS |  
2019-09-05 09:23:04,605 | INFO  | DNAudit | user=null | ip=null | op=PUT_BLOCK {blockData=[blockId=conID: 1 locID: 102739173903565211 bcsId: 0,size=1048576]} | ret=SUCCESS |  
2019-09-05 09:23:04,606 | INFO  | DNAudit | user=null | ip=null | op=PUT_BLOCK {blockData=[blockId=conID: 1 locID: 102739173903565211 bcsId: 0,size=1048576]} | ret=SUCCESS |  
2019-09-05 09:23:04,606 | INFO  | DNAudit | user=null | ip=null | op=WRITE_CHUNK {blockData=conID: 1 locID: 102739173903565211 bcsId: 0} | ret=SUCCESS |  
2019-09-05 09:23:04,606 | INFO  | DNAudit | user=null | ip=null | op=WRITE_CHUNK {blockData=conID: 1 locID: 102739173903565211 bcsId: 0} | ret=SUCCESS |  
2019-09-05 09:23:04,606 | INFO  | DNAudit | user=null | ip=null | op=PUT_BLOCK {blockData=[blockId=conID: 1 locID: 102739173903565211 bcsId: 0,size=2097152]} | ret=SUCCESS |  
2019-09-05 09:23:04,606 | INFO  | DNAudit | user=null | ip=null | op=PUT_BLOCK {blockData=[blockId=conID: 1 locID: 102739173903565211 bcsId: 0,size=2097152]} | ret=SUCCESS |  
2019-09-05 09:23:04,607 [grpc-default-executor-4] INFO  client.GrpcClientProtocolClient (GrpcClientProtocolClient.java:onNext(255)) - client-969FB6DA8C9A->4fcc8d53-44cb-4faf-b915-5afa0c7529d4: receive RaftClientReply:client-969FB6DA8C9A->4fcc8d53-44cb-4faf-b915-5afa0c7529d4@group-6A615BAE1DD1, cid=683, SUCCESS, logIndex=0, commits[4fcc8d53-44cb-4faf-b915-5afa0c7529d4:c811, 48aa5eb4-709c-4003-adb5-fbc02723cd23:c806, 609a8cf1-6ad3-4123-b94a-106ad93148a8:c807]
2019-09-05 09:23:04,618 | INFO  | DNAudit | user=null | ip=null | op=WRITE_CHUNK {blockData=conID: 1 locID: 102739173903565211 bcsId: 807} | ret=SUCCESS |  
2019-09-05 09:23:04,678 | INFO  | DNAudit | user=null | ip=null | op=WRITE_CHUNK {blockData=conID: 1 locID: 102739173903565211 bcsId: 807} | ret=SUCCESS |  
2019-09-05 09:23:04,678 | INFO  | DNAudit | user=null | ip=null | op=WRITE_CHUNK {blockData=conID: 1 locID: 102739173903565211 bcsId: 807} | ret=SUCCESS |  
2019-09-05 09:23:04,703 | INFO  | DNAudit | user=null | ip=null | op=WRITE_CHUNK {blockData=conID: 1 locID: 102739173903565211 bcsId: 807} | ret=SUCCESS |  
2019-09-05 09:23:04,703 | INFO  | DNAudit | user=null | ip=null | op=PUT_BLOCK {blockData=[blockId=conID: 1 locID: 102739173903565211 bcsId: 0,size=3145728]} | ret=SUCCESS |  
2019-09-05 09:23:04,704 [grpc-default-executor-5] INFO  client.GrpcClientProtocolClient (GrpcClientProtocolClient.java:onNext(255)) - client-969FB6DA8C9A->4fcc8d53-44cb-4faf-b915-5afa0c7529d4: receive RaftClientReply:client-969FB6DA8C9A->4fcc8d53-44cb-4faf-b915-5afa0c7529d4@group-6A615BAE1DD1, cid=684, SUCCESS, logIndex=812, commits[4fcc8d53-44cb-4faf-b915-5afa0c7529d4:c813, 48aa5eb4-709c-4003-adb5-fbc02723cd23:c811, 609a8cf1-6ad3-4123-b94a-106ad93148a8:c811]
2019-09-05 09:23:04,704 [grpc-default-executor-5] INFO  client.GrpcClientProtocolClient (GrpcClientProtocolClient.java:onNext(255)) - client-969FB6DA8C9A->4fcc8d53-44cb-4faf-b915-5afa0c7529d4: receive RaftClientReply:client-969FB6DA8C9A->4fcc8d53-44cb-4faf-b915-5afa0c7529d4@group-6A615BAE1DD1, cid=685, SUCCESS, logIndex=813, commits[4fcc8d53-44cb-4faf-b915-5afa0c7529d4:c813, 48aa5eb4-709c-4003-adb5-fbc02723cd23:c811, 609a8cf1-6ad3-4123-b94a-106ad93148a8:c811]
2019-09-05 09:23:04,714 | INFO  | DNAudit | user=null | ip=null | op=WRITE_CHUNK {blockData=conID: 1 locID: 102739173903565211 bcsId: 813} | ret=SUCCESS |  
2019-09-05 09:23:04,718 | INFO  | DNAudit | user=null | ip=null | op=WRITE_CHUNK {blockData=conID: 1 locID: 102739173903565211 bcsId: 813} | ret=SUCCESS |  
2019-09-05 09:23:04,719 | INFO  | DNAudit | user=null | ip=null | op=WRITE_CHUNK {blockData=conID: 1 locID: 102739173903565211 bcsId: 807} | ret=SUCCESS |  
2019-09-05 09:23:04,719 | INFO  | DNAudit | user=null | ip=null | op=WRITE_CHUNK {blockData=conID: 1 locID: 102739173903565211 bcsId: 807} | ret=SUCCESS |  
2019-09-05 09:23:04,720 | INFO  | DNAudit | user=null | ip=null | op=PUT_BLOCK {blockData=[blockId=conID: 1 locID: 102739173903565211 bcsId: 0,size=3145728]} | ret=SUCCESS |  
2019-09-05 09:23:04,720 | INFO  | DNAudit | user=null | ip=null | op=PUT_BLOCK {blockData=[blockId=conID: 1 locID: 102739173903565211 bcsId: 0,size=3145728]} | ret=SUCCESS |  
2019-09-05 09:23:04,721 | INFO  | DNAudit | user=null | ip=null | op=WRITE_CHUNK {blockData=conID: 1 locID: 102739173903565211 bcsId: 813} | ret=SUCCESS |  
2019-09-05 09:23:04,722 | INFO  | DNAudit | user=null | ip=null | op=PUT_BLOCK {blockData=[blockId=conID: 1 locID: 102739173903565211 bcsId: 0,size=4194304]} | ret=SUCCESS |  
2019-09-05 09:23:04,722 [grpc-default-executor-3] INFO  client.GrpcClientProtocolClient (GrpcClientProtocolClient.java:onNext(255)) - client-969FB6DA8C9A->4fcc8d53-44cb-4faf-b915-5afa0c7529d4: receive RaftClientReply:client-969FB6DA8C9A->4fcc8d53-44cb-4faf-b915-5afa0c7529d4@group-6A615BAE1DD1, cid=686, SUCCESS, logIndex=816, commits[4fcc8d53-44cb-4faf-b915-5afa0c7529d4:c816, 48aa5eb4-709c-4003-adb5-fbc02723cd23:c813, 609a8cf1-6ad3-4123-b94a-106ad93148a8:c813]
2019-09-05 09:23:04,723 [grpc-default-executor-3] INFO  client.GrpcClientProtocolClient (GrpcClientProtocolClient.java:onNext(255)) - client-969FB6DA8C9A->4fcc8d53-44cb-4faf-b915-5afa0c7529d4: receive RaftClientReply:client-969FB6DA8C9A->4fcc8d53-44cb-4faf-b915-5afa0c7529d4@group-6A615BAE1DD1, cid=687, SUCCESS, logIndex=817, commits[4fcc8d53-44cb-4faf-b915-5afa0c7529d4:c817, 48aa5eb4-709c-4003-adb5-fbc02723cd23:c813, 609a8cf1-6ad3-4123-b94a-106ad93148a8:c813]
2019-09-05 09:23:04,723 | INFO  | DNAudit | user=null | ip=null | op=WRITE_CHUNK {blockData=conID: 1 locID: 102739173903565211 bcsId: 813} | ret=SUCCESS |  
2019-09-05 09:23:04,742 | INFO  | DNAudit | user=null | ip=null | op=WRITE_CHUNK {blockData=conID: 1 locID: 102739173903565211 bcsId: 813} | ret=SUCCESS |  
2019-09-05 09:23:04,742 | INFO  | DNAudit | user=null | ip=null | op=WRITE_CHUNK {blockData=conID: 1 locID: 102739173903565211 bcsId: 813} | ret=SUCCESS |  
2019-09-05 09:23:04,742 | INFO  | DNAudit | user=null | ip=null | op=PUT_BLOCK {blockData=[blockId=conID: 1 locID: 102739173903565211 bcsId: 0,size=4194304]} | ret=SUCCESS |  
2019-09-05 09:23:04,743 | INFO  | DNAudit | user=null | ip=null | op=PUT_BLOCK {blockData=[blockId=conID: 1 locID: 102739173903565211 bcsId: 0,size=4194304]} | ret=SUCCESS |  
2019-09-05 09:23:04,744 [grpc-default-executor-3] INFO  client.GrpcClientProtocolClient (GrpcClientProtocolClient.java:onNext(255)) - client-969FB6DA8C9A->4fcc8d53-44cb-4faf-b915-5afa0c7529d4: receive RaftClientReply:client-969FB6DA8C9A->4fcc8d53-44cb-4faf-b915-5afa0c7529d4@group-6A615BAE1DD1, cid=688, SUCCESS, logIndex=0, commits[4fcc8d53-44cb-4faf-b915-5afa0c7529d4:c819, 48aa5eb4-709c-4003-adb5-fbc02723cd23:c817, 609a8cf1-6ad3-4123-b94a-106ad93148a8:c817]
2019-09-05 09:23:04,752 | INFO  | DNAudit | user=null | ip=null | op=WRITE_CHUNK {blockData=conID: 2 locID: 102739173903565212 bcsId: 0} | ret=SUCCESS |  
2019-09-05 09:23:04,756 | INFO  | DNAudit | user=null | ip=null | op=WRITE_CHUNK {blockData=conID: 2 locID: 102739173903565212 bcsId: 0} | ret=SUCCESS |  
2019-09-05 09:23:04,757 | INFO  | DNAudit | user=null | ip=null | op=WRITE_CHUNK {blockData=conID: 2 locID: 102739173903565212 bcsId: 0} | ret=SUCCESS |  
2019-09-05 09:23:04,757 | INFO  | DNAudit | user=null | ip=null | op=WRITE_CHUNK {blockData=conID: 2 locID: 102739173903565212 bcsId: 0} | ret=SUCCESS |  
2019-09-05 09:23:04,760 | INFO  | DNAudit | user=null | ip=null | op=WRITE_CHUNK {blockData=conID: 2 locID: 102739173903565212 bcsId: 0} | ret=SUCCESS |  
2019-09-05 09:23:04,760 | INFO  | DNAudit | user=null | ip=null | op=WRITE_CHUNK {blockData=conID: 2 locID: 102739173903565212 bcsId: 0} | ret=SUCCESS |  
2019-09-05 09:23:04,780 | INFO  | DNAudit | user=null | ip=null | op=WRITE_CHUNK {blockData=conID: 2 locID: 102739173903565212 bcsId: 0} | ret=SUCCESS |  
2019-09-05 09:23:04,781 | INFO  | DNAudit | user=null | ip=null | op=PUT_BLOCK {blockData=[blockId=conID: 2 locID: 102739173903565212 bcsId: 0,size=1048576]} | ret=SUCCESS |  
2019-09-05 09:23:04,781 | INFO  | DNAudit | user=null | ip=null | op=WRITE_CHUNK {blockData=conID: 2 locID: 102739173903565212 bcsId: 0} | ret=SUCCESS |  
2019-09-05 09:23:04,781 [grpc-default-executor-3] INFO  client.GrpcClientProtocolClient (GrpcClientProtocolClient.java:onNext(255)) - client-969FB6DA8C9A->4fcc8d53-44cb-4faf-b915-5afa0c7529d4: receive RaftClientReply:client-969FB6DA8C9A->4fcc8d53-44cb-4faf-b915-5afa0c7529d4@group-6A615BAE1DD1, cid=689, SUCCESS, logIndex=820, commits[4fcc8d53-44cb-4faf-b915-5afa0c7529d4:c823, 48aa5eb4-709c-4003-adb5-fbc02723cd23:c819, 609a8cf1-6ad3-4123-b94a-106ad93148a8:c819]
2019-09-05 09:23:04,782 | INFO  | DNAudit | user=null | ip=null | op=PUT_BLOCK {blockData=[blockId=conID: 2 locID: 102739173903565212 bcsId: 0,size=2097152]} | ret=SUCCESS |  
2019-09-05 09:23:04,782 [grpc-default-executor-3] INFO  client.GrpcClientProtocolClient (GrpcClientProtocolClient.java:onNext(255)) - client-969FB6DA8C9A->4fcc8d53-44cb-4faf-b915-5afa0c7529d4: receive RaftClientReply:client-969FB6DA8C9A->4fcc8d53-44cb-4faf-b915-5afa0c7529d4@group-6A615BAE1DD1, cid=690, SUCCESS, logIndex=821, commits[4fcc8d53-44cb-4faf-b915-5afa0c7529d4:c823, 48aa5eb4-709c-4003-adb5-fbc02723cd23:c819, 609a8cf1-6ad3-4123-b94a-106ad93148a8:c819]
2019-09-05 09:23:04,782 [grpc-default-executor-3] INFO  client.GrpcClientProtocolClient (GrpcClientProtocolClient.java:onNext(255)) - client-969FB6DA8C9A->4fcc8d53-44cb-4faf-b915-5afa0c7529d4: receive RaftClientReply:client-969FB6DA8C9A->4fcc8d53-44cb-4faf-b915-5afa0c7529d4@group-6A615BAE1DD1, cid=691, SUCCESS, logIndex=822, commits[4fcc8d53-44cb-4faf-b915-5afa0c7529d4:c823, 48aa5eb4-709c-4003-adb5-fbc02723cd23:c819, 609a8cf1-6ad3-4123-b94a-106ad93148a8:c819]
2019-09-05 09:23:04,782 [grpc-default-executor-3] INFO  client.GrpcClientProtocolClient (GrpcClientProtocolClient.java:onNext(255)) - client-969FB6DA8C9A->4fcc8d53-44cb-4faf-b915-5afa0c7529d4: receive RaftClientReply:client-969FB6DA8C9A->4fcc8d53-44cb-4faf-b915-5afa0c7529d4@group-6A615BAE1DD1, cid=692, SUCCESS, logIndex=823, commits[4fcc8d53-44cb-4faf-b915-5afa0c7529d4:c823, 48aa5eb4-709c-4003-adb5-fbc02723cd23:c819, 609a8cf1-6ad3-4123-b94a-106ad93148a8:c819]
2019-09-05 09:23:04,795 | INFO  | DNAudit | user=null | ip=null | op=WRITE_CHUNK {blockData=conID: 2 locID: 102739173903565212 bcsId: 0} | ret=SUCCESS |  
2019-09-05 09:23:04,795 | INFO  | DNAudit | user=null | ip=null | op=WRITE_CHUNK {blockData=conID: 2 locID: 102739173903565212 bcsId: 0} | ret=SUCCESS |  
2019-09-05 09:23:04,795 | INFO  | DNAudit | user=null | ip=null | op=PUT_BLOCK {blockData=[blockId=conID: 2 locID: 102739173903565212 bcsId: 0,size=1048576]} | ret=SUCCESS |  
2019-09-05 09:23:04,796 | INFO  | DNAudit | user=null | ip=null | op=WRITE_CHUNK {blockData=conID: 2 locID: 102739173903565212 bcsId: 0} | ret=SUCCESS |  
2019-09-05 09:23:04,796 | INFO  | DNAudit | user=null | ip=null | op=PUT_BLOCK {blockData=[blockId=conID: 2 locID: 102739173903565212 bcsId: 0,size=1048576]} | ret=SUCCESS |  
2019-09-05 09:23:04,796 | INFO  | DNAudit | user=null | ip=null | op=PUT_BLOCK {blockData=[blockId=conID: 2 locID: 102739173903565212 bcsId: 0,size=2097152]} | ret=SUCCESS |  
2019-09-05 09:23:04,796 | INFO  | DNAudit | user=null | ip=null | op=WRITE_CHUNK {blockData=conID: 2 locID: 102739173903565212 bcsId: 0} | ret=SUCCESS |  
2019-09-05 09:23:04,797 | INFO  | DNAudit | user=null | ip=null | op=PUT_BLOCK {blockData=[blockId=conID: 2 locID: 102739173903565212 bcsId: 0,size=2097152]} | ret=SUCCESS |  
2019-09-05 09:23:04,799 [grpc-default-executor-3] INFO  client.GrpcClientProtocolClient (GrpcClientProtocolClient.java:onNext(255)) - client-969FB6DA8C9A->4fcc8d53-44cb-4faf-b915-5afa0c7529d4: receive RaftClientReply:client-969FB6DA8C9A->4fcc8d53-44cb-4faf-b915-5afa0c7529d4@group-6A615BAE1DD1, cid=693, SUCCESS, logIndex=0, commits[4fcc8d53-44cb-4faf-b915-5afa0c7529d4:c827, 48aa5eb4-709c-4003-adb5-fbc02723cd23:c823, 609a8cf1-6ad3-4123-b94a-106ad93148a8:c821]
2019-09-05 09:23:04,808 | INFO  | DNAudit | user=null | ip=null | op=WRITE_CHUNK {blockData=conID: 2 locID: 102739173903565212 bcsId: 823} | ret=SUCCESS |  
2019-09-05 09:23:04,810 | INFO  | DNAudit | user=null | ip=null | op=WRITE_CHUNK {blockData=conID: 2 locID: 102739173903565212 bcsId: 823} | ret=SUCCESS |  
2019-09-05 09:23:04,811 | INFO  | DNAudit | user=null | ip=null | op=WRITE_CHUNK {blockData=conID: 2 locID: 102739173903565212 bcsId: 823} | ret=SUCCESS |  
2019-09-05 09:23:04,830 | INFO  | DNAudit | user=null | ip=null | op=WRITE_CHUNK {blockData=conID: 2 locID: 102739173903565212 bcsId: 823} | ret=SUCCESS |  
2019-09-05 09:23:04,831 | INFO  | DNAudit | user=null | ip=null | op=PUT_BLOCK {blockData=[blockId=conID: 2 locID: 102739173903565212 bcsId: 0,size=3145728]} | ret=SUCCESS |  
2019-09-05 09:23:04,831 [grpc-default-executor-3] INFO  client.GrpcClientProtocolClient (GrpcClientProtocolClient.java:onNext(255)) - client-969FB6DA8C9A->4fcc8d53-44cb-4faf-b915-5afa0c7529d4: receive RaftClientReply:client-969FB6DA8C9A->4fcc8d53-44cb-4faf-b915-5afa0c7529d4@group-6A615BAE1DD1, cid=694, SUCCESS, logIndex=828, commits[4fcc8d53-44cb-4faf-b915-5afa0c7529d4:c829, 48aa5eb4-709c-4003-adb5-fbc02723cd23:c827, 609a8cf1-6ad3-4123-b94a-106ad93148a8:c827]
2019-09-05 09:23:04,832 [grpc-default-executor-3] INFO  client.GrpcClientProtocolClient (GrpcClientProtocolClient.java:onNext(255)) - client-969FB6DA8C9A->4fcc8d53-44cb-4faf-b915-5afa0c7529d4: receive RaftClientReply:client-969FB6DA8C9A->4fcc8d53-44cb-4faf-b915-5afa0c7529d4@group-6A615BAE1DD1, cid=695, SUCCESS, logIndex=829, commits[4fcc8d53-44cb-4faf-b915-5afa0c7529d4:c829, 48aa5eb4-709c-4003-adb5-fbc02723cd23:c827, 609a8cf1-6ad3-4123-b94a-106ad93148a8:c827]
2019-09-05 09:23:04,840 | INFO  | DNAudit | user=null | ip=null | op=WRITE_CHUNK {blockData=conID: 2 locID: 102739173903565212 bcsId: 829} | ret=SUCCESS |  
2019-09-05 09:23:04,843 | INFO  | DNAudit | user=null | ip=null | op=WRITE_CHUNK {blockData=conID: 2 locID: 102739173903565212 bcsId: 829} | ret=SUCCESS |  
2019-09-05 09:23:04,843 | INFO  | DNAudit | user=null | ip=null | op=WRITE_CHUNK {blockData=conID: 2 locID: 102739173903565212 bcsId: 829} | ret=SUCCESS |  
2019-09-05 09:23:04,848 | INFO  | DNAudit | user=null | ip=null | op=WRITE_CHUNK {blockData=conID: 2 locID: 102739173903565212 bcsId: 823} | ret=SUCCESS |  
2019-09-05 09:23:04,848 | INFO  | DNAudit | user=null | ip=null | op=WRITE_CHUNK {blockData=conID: 2 locID: 102739173903565212 bcsId: 823} | ret=SUCCESS |  
2019-09-05 09:23:04,849 | INFO  | DNAudit | user=null | ip=null | op=PUT_BLOCK {blockData=[blockId=conID: 2 locID: 102739173903565212 bcsId: 0,size=3145728]} | ret=SUCCESS |  
2019-09-05 09:23:04,849 | INFO  | DNAudit | user=null | ip=null | op=PUT_BLOCK {blockData=[blockId=conID: 2 locID: 102739173903565212 bcsId: 0,size=3145728]} | ret=SUCCESS |  
2019-09-05 09:23:04,850 | INFO  | DNAudit | user=null | ip=null | op=WRITE_CHUNK {blockData=conID: 2 locID: 102739173903565212 bcsId: 829} | ret=SUCCESS |  
2019-09-05 09:23:04,851 | INFO  | DNAudit | user=null | ip=null | op=PUT_BLOCK {blockData=[blockId=conID: 2 locID: 102739173903565212 bcsId: 0,size=4194304]} | ret=SUCCESS |  
2019-09-05 09:23:04,851 [grpc-default-executor-0] INFO  client.GrpcClientProtocolClient (GrpcClientProtocolClient.java:onNext(255)) - client-969FB6DA8C9A->4fcc8d53-44cb-4faf-b915-5afa0c7529d4: receive RaftClientReply:client-969FB6DA8C9A->4fcc8d53-44cb-4faf-b915-5afa0c7529d4@group-6A615BAE1DD1, cid=696, SUCCESS, logIndex=832, commits[4fcc8d53-44cb-4faf-b915-5afa0c7529d4:c833, 48aa5eb4-709c-4003-adb5-fbc02723cd23:c829, 609a8cf1-6ad3-4123-b94a-106ad93148a8:c829]
2019-09-05 09:23:04,851 [grpc-default-executor-0] INFO  client.GrpcClientProtocolClient (GrpcClientProtocolClient.java:onNext(255)) - client-969FB6DA8C9A->4fcc8d53-44cb-4faf-b915-5afa0c7529d4: receive RaftClientReply:client-969FB6DA8C9A->4fcc8d53-44cb-4faf-b915-5afa0c7529d4@group-6A615BAE1DD1, cid=697, SUCCESS, logIndex=833, commits[4fcc8d53-44cb-4faf-b915-5afa0c7529d4:c833, 48aa5eb4-709c-4003-adb5-fbc02723cd23:c829, 609a8cf1-6ad3-4123-b94a-106ad93148a8:c829]
2019-09-05 09:23:04,868 | INFO  | DNAudit | user=null | ip=null | op=WRITE_CHUNK {blockData=conID: 2 locID: 102739173903565212 bcsId: 829} | ret=SUCCESS |  
2019-09-05 09:23:04,868 | INFO  | DNAudit | user=null | ip=null | op=WRITE_CHUNK {blockData=conID: 2 locID: 102739173903565212 bcsId: 829} | ret=SUCCESS |  
2019-09-05 09:23:04,868 | INFO  | DNAudit | user=null | ip=null | op=PUT_BLOCK {blockData=[blockId=conID: 2 locID: 102739173903565212 bcsId: 0,size=4194304]} | ret=SUCCESS |  
2019-09-05 09:23:04,868 | INFO  | DNAudit | user=null | ip=null | op=PUT_BLOCK {blockData=[blockId=conID: 2 locID: 102739173903565212 bcsId: 0,size=4194304]} | ret=SUCCESS |  
2019-09-05 09:23:04,869 [grpc-default-executor-3] INFO  client.GrpcClientProtocolClient (GrpcClientProtocolClient.java:onNext(255)) - client-969FB6DA8C9A->4fcc8d53-44cb-4faf-b915-5afa0c7529d4: receive RaftClientReply:client-969FB6DA8C9A->4fcc8d53-44cb-4faf-b915-5afa0c7529d4@group-6A615BAE1DD1, cid=698, SUCCESS, logIndex=0, commits[4fcc8d53-44cb-4faf-b915-5afa0c7529d4:c834, 48aa5eb4-709c-4003-adb5-fbc02723cd23:c833, 609a8cf1-6ad3-4123-b94a-106ad93148a8:c833]
2019-09-05 09:23:04,877 | INFO  | DNAudit | user=null | ip=null | op=WRITE_CHUNK {blockData=conID: 3 locID: 102739173903630749 bcsId: 0} | ret=SUCCESS |  
2019-09-05 09:23:04,879 | INFO  | DNAudit | user=null | ip=null | op=WRITE_CHUNK {blockData=conID: 3 locID: 102739173903630749 bcsId: 0} | ret=SUCCESS |  
2019-09-05 09:23:04,880 | INFO  | DNAudit | user=null | ip=null | op=WRITE_CHUNK {blockData=conID: 3 locID: 102739173903630749 bcsId: 0} | ret=SUCCESS |  
2019-09-05 09:23:04,881 | INFO  | DNAudit | user=null | ip=null | op=WRITE_CHUNK {blockData=conID: 3 locID: 102739173903630749 bcsId: 0} | ret=SUCCESS |  
2019-09-05 09:23:04,882 | INFO  | DNAudit | user=null | ip=null | op=WRITE_CHUNK {blockData=conID: 3 locID: 102739173903630749 bcsId: 0} | ret=SUCCESS |  
2019-09-05 09:23:04,883 | INFO  | DNAudit | user=null | ip=null | op=WRITE_CHUNK {blockData=conID: 3 locID: 102739173903630749 bcsId: 0} | ret=SUCCESS |  
2019-09-05 09:23:04,906 | INFO  | DNAudit | user=null | ip=null | op=WRITE_CHUNK {blockData=conID: 3 locID: 102739173903630749 bcsId: 0} | ret=SUCCESS |  
 0.00% |█                                                                                                    |  0/1 Time: 0:00:022019-09-05 09:23:05,054 | INFO  | SCMAudit | user=jenkins1000 | ip=192.168.36.69 | op=SEND_HEARTBEAT {datanodeUUID=609a8cf1-6ad3-4123-b94a-106ad93148a8, command=[]} | ret=SUCCESS |  
2019-09-05 09:23:05,054 | INFO  | SCMAudit | user=jenkins1000 | ip=192.168.36.69 | op=SEND_HEARTBEAT {datanodeUUID=4fcc8d53-44cb-4faf-b915-5afa0c7529d4, command=[]} | ret=SUCCESS |  
2019-09-05 09:23:05,054 | INFO  | SCMAudit | user=jenkins1000 | ip=192.168.36.69 | op=SEND_HEARTBEAT {datanodeUUID=48aa5eb4-709c-4003-adb5-fbc02723cd23, command=[]} | ret=SUCCESS |  
2019-09-05 09:23:05,085 | INFO  | DNAudit | user=null | ip=null | op=PUT_BLOCK {blockData=[blockId=conID: 3 locID: 102739173903630749 bcsId: 0,size=1048576]} | ret=SUCCESS |  
2019-09-05 09:23:05,086 | INFO  | DNAudit | user=null | ip=null | op=WRITE_CHUNK {blockData=conID: 3 locID: 102739173903630749 bcsId: 0} | ret=SUCCESS |  
2019-09-05 09:23:05,086 [grpc-default-executor-0] INFO  client.GrpcClientProtocolClient (GrpcClientProtocolClient.java:onNext(255)) - client-969FB6DA8C9A->4fcc8d53-44cb-4faf-b915-5afa0c7529d4: receive RaftClientReply:client-969FB6DA8C9A->4fcc8d53-44cb-4faf-b915-5afa0c7529d4@group-6A615BAE1DD1, cid=699, SUCCESS, logIndex=836, commits[4fcc8d53-44cb-4faf-b915-5afa0c7529d4:c837, 48aa5eb4-709c-4003-adb5-fbc02723cd23:c835, 609a8cf1-6ad3-4123-b94a-106ad93148a8:c835]
2019-09-05 09:23:05,086 | INFO  | DNAudit | user=null | ip=null | op=PUT_BLOCK {blockData=[blockId=conID: 3 locID: 102739173903630749 bcsId: 0,size=2097152]} | ret=SUCCESS |  
2019-09-05 09:23:05,087 [grpc-default-executor-0] INFO  client.GrpcClientProtocolClient (GrpcClientProtocolClient.java:onNext(255)) - client-969FB6DA8C9A->4fcc8d53-44cb-4faf-b915-5afa0c7529d4: receive RaftClientReply:client-969FB6DA8C9A->4fcc8d53-44cb-4faf-b915-5afa0c7529d4@group-6A615BAE1DD1, cid=700, SUCCESS, logIndex=837, commits[4fcc8d53-44cb-4faf-b915-5afa0c7529d4:c837, 48aa5eb4-709c-4003-adb5-fbc02723cd23:c835, 609a8cf1-6ad3-4123-b94a-106ad93148a8:c835]
2019-09-05 09:23:05,087 [grpc-default-executor-0] INFO  client.GrpcClientProtocolClient (GrpcClientProtocolClient.java:onNext(255)) - client-969FB6DA8C9A->4fcc8d53-44cb-4faf-b915-5afa0c7529d4: receive RaftClientReply:client-969FB6DA8C9A->4fcc8d53-44cb-4faf-b915-5afa0c7529d4@group-6A615BAE1DD1, cid=701, SUCCESS, logIndex=838, commits[4fcc8d53-44cb-4faf-b915-5afa0c7529d4:c839, 48aa5eb4-709c-4003-adb5-fbc02723cd23:c835, 609a8cf1-6ad3-4123-b94a-106ad93148a8:c835]
2019-09-05 09:23:05,087 [grpc-default-executor-0] INFO  client.GrpcClientProtocolClient (GrpcClientProtocolClient.java:onNext(255)) - client-969FB6DA8C9A->4fcc8d53-44cb-4faf-b915-5afa0c7529d4: receive RaftClientReply:client-969FB6DA8C9A->4fcc8d53-44cb-4faf-b915-5afa0c7529d4@group-6A615BAE1DD1, cid=702, SUCCESS, logIndex=839, commits[4fcc8d53-44cb-4faf-b915-5afa0c7529d4:c839, 48aa5eb4-709c-4003-adb5-fbc02723cd23:c835, 609a8cf1-6ad3-4123-b94a-106ad93148a8:c835]
2019-09-05 09:23:05,092 | INFO  | DNAudit | user=null | ip=null | op=WRITE_CHUNK {blockData=conID: 3 locID: 102739173903630749 bcsId: 0} | ret=SUCCESS |  
2019-09-05 09:23:05,092 | INFO  | DNAudit | user=null | ip=null | op=PUT_BLOCK {blockData=[blockId=conID: 3 locID: 102739173903630749 bcsId: 0,size=1048576]} | ret=SUCCESS |  
2019-09-05 09:23:05,093 | INFO  | DNAudit | user=null | ip=null | op=WRITE_CHUNK {blockData=conID: 3 locID: 102739173903630749 bcsId: 0} | ret=SUCCESS |  
2019-09-05 09:23:05,093 | INFO  | DNAudit | user=null | ip=null | op=PUT_BLOCK {blockData=[blockId=conID: 3 locID: 102739173903630749 bcsId: 0,size=1048576]} | ret=SUCCESS |  
2019-09-05 09:23:05,093 | INFO  | DNAudit | user=null | ip=null | op=WRITE_CHUNK {blockData=conID: 3 locID: 102739173903630749 bcsId: 0} | ret=SUCCESS |  
2019-09-05 09:23:05,093 | INFO  | DNAudit | user=null | ip=null | op=PUT_BLOCK {blockData=[blockId=conID: 3 locID: 102739173903630749 bcsId: 0,size=2097152]} | ret=SUCCESS |  
2019-09-05 09:23:05,093 [grpc-default-executor-0] INFO  client.GrpcClientProtocolClient (GrpcClientProtocolClient.java:onNext(255)) - client-969FB6DA8C9A->4fcc8d53-44cb-4faf-b915-5afa0c7529d4: receive RaftClientReply:client-969FB6DA8C9A->4fcc8d53-44cb-4faf-b915-5afa0c7529d4@group-6A615BAE1DD1, cid=703, SUCCESS, logIndex=0, commits[4fcc8d53-44cb-4faf-b915-5afa0c7529d4:c841, 48aa5eb4-709c-4003-adb5-fbc02723cd23:c837, 609a8cf1-6ad3-4123-b94a-106ad93148a8:c837]
2019-09-05 09:23:05,094 | INFO  | DNAudit | user=null | ip=null | op=WRITE_CHUNK {blockData=conID: 3 locID: 102739173903630749 bcsId: 0} | ret=SUCCESS |  
2019-09-05 09:23:05,094 | INFO  | DNAudit | user=null | ip=null | op=PUT_BLOCK {blockData=[blockId=conID: 3 locID: 102739173903630749 bcsId: 0,size=2097152]} | ret=SUCCESS |  
2019-09-05 09:23:05,101 | INFO  | DNAudit | user=null | ip=null | op=WRITE_CHUNK {blockData=conID: 3 locID: 102739173903630749 bcsId: 839} | ret=SUCCESS |  
2019-09-05 09:23:05,104 | INFO  | DNAudit | user=null | ip=null | op=WRITE_CHUNK {blockData=conID: 3 locID: 102739173903630749 bcsId: 839} | ret=SUCCESS |  
2019-09-05 09:23:05,104 | INFO  | DNAudit | user=null | ip=null | op=WRITE_CHUNK {blockData=conID: 3 locID: 102739173903630749 bcsId: 839} | ret=SUCCESS |  
2019-09-05 09:23:05,127 | INFO  | DNAudit | user=null | ip=null | op=WRITE_CHUNK {blockData=conID: 3 locID: 102739173903630749 bcsId: 839} | ret=SUCCESS |  
2019-09-05 09:23:05,127 | INFO  | DNAudit | user=null | ip=null | op=PUT_BLOCK {blockData=[blockId=conID: 3 locID: 102739173903630749 bcsId: 0,size=3145728]} | ret=SUCCESS |  
2019-09-05 09:23:05,128 [grpc-default-executor-3] INFO  client.GrpcClientProtocolClient (GrpcClientProtocolClient.java:onNext(255)) - client-969FB6DA8C9A->4fcc8d53-44cb-4faf-b915-5afa0c7529d4: receive RaftClientReply:client-969FB6DA8C9A->4fcc8d53-44cb-4faf-b915-5afa0c7529d4@group-6A615BAE1DD1, cid=704, SUCCESS, logIndex=844, commits[4fcc8d53-44cb-4faf-b915-5afa0c7529d4:c845, 48aa5eb4-709c-4003-adb5-fbc02723cd23:c843, 609a8cf1-6ad3-4123-b94a-106ad93148a8:c843]
2019-09-05 09:23:05,128 [grpc-default-executor-3] INFO  client.GrpcClientProtocolClient (GrpcClientProtocolClient.java:onNext(255)) - client-969FB6DA8C9A->4fcc8d53-44cb-4faf-b915-5afa0c7529d4: receive RaftClientReply:client-969FB6DA8C9A->4fcc8d53-44cb-4faf-b915-5afa0c7529d4@group-6A615BAE1DD1, cid=705, SUCCESS, logIndex=845, commits[4fcc8d53-44cb-4faf-b915-5afa0c7529d4:c845, 48aa5eb4-709c-4003-adb5-fbc02723cd23:c843, 609a8cf1-6ad3-4123-b94a-106ad93148a8:c843]
2019-09-05 09:23:05,136 | INFO  | SCMAudit | user=jenkins1000 | ip=192.168.36.69 | op=SEND_HEARTBEAT {datanodeUUID=5b6cff60-1414-40d6-b682-781dc5ff3023, command=[]} | ret=SUCCESS |  
2019-09-05 09:23:05,139 | INFO  | DNAudit | user=null | ip=null | op=WRITE_CHUNK {blockData=conID: 3 locID: 102739173903630749 bcsId: 845} | ret=SUCCESS |  
2019-09-05 09:23:05,142 | INFO  | DNAudit | user=null | ip=null | op=WRITE_CHUNK {blockData=conID: 3 locID: 102739173903630749 bcsId: 845} | ret=SUCCESS |  
2019-09-05 09:23:05,143 | INFO  | DNAudit | user=null | ip=null | op=WRITE_CHUNK {blockData=conID: 3 locID: 102739173903630749 bcsId: 845} | ret=SUCCESS |  
2019-09-05 09:23:05,155 | INFO  | DNAudit | user=null | ip=null | op=WRITE_CHUNK {blockData=conID: 3 locID: 102739173903630749 bcsId: 839} | ret=SUCCESS |  
2019-09-05 09:23:05,155 | INFO  | DNAudit | user=null | ip=null | op=WRITE_CHUNK {blockData=conID: 3 locID: 102739173903630749 bcsId: 839} | ret=SUCCESS |  
2019-09-05 09:23:05,155 | INFO  | DNAudit | user=null | ip=null | op=PUT_BLOCK {blockData=[blockId=conID: 3 locID: 102739173903630749 bcsId: 0,size=3145728]} | ret=SUCCESS |  
2019-09-05 09:23:05,155 | INFO  | DNAudit | user=null | ip=null | op=PUT_BLOCK {blockData=[blockId=conID: 3 locID: 102739173903630749 bcsId: 0,size=3145728]} | ret=SUCCESS |  
2019-09-05 09:23:05,156 | INFO  | DNAudit | user=null | ip=null | op=WRITE_CHUNK {blockData=conID: 3 locID: 102739173903630749 bcsId: 845} | ret=SUCCESS |  
2019-09-05 09:23:05,156 | INFO  | DNAudit | user=null | ip=null | op=PUT_BLOCK {blockData=[blockId=conID: 3 locID: 102739173903630749 bcsId: 0,size=4194304]} | ret=SUCCESS |  
2019-09-05 09:23:05,157 [grpc-default-executor-0] INFO  client.GrpcClientProtocolClient (GrpcClientProtocolClient.java:onNext(255)) - client-969FB6DA8C9A->4fcc8d53-44cb-4faf-b915-5afa0c7529d4: receive RaftClientReply:client-969FB6DA8C9A->4fcc8d53-44cb-4faf-b915-5afa0c7529d4@group-6A615BAE1DD1, cid=706, SUCCESS, logIndex=848, commits[4fcc8d53-44cb-4faf-b915-5afa0c7529d4:c849, 48aa5eb4-709c-4003-adb5-fbc02723cd23:c845, 609a8cf1-6ad3-4123-b94a-106ad93148a8:c845]
2019-09-05 09:23:05,157 [grpc-default-executor-0] INFO  client.GrpcClientProtocolClient (GrpcClientProtocolClient.java:onNext(255)) - client-969FB6DA8C9A->4fcc8d53-44cb-4faf-b915-5afa0c7529d4: receive RaftClientReply:client-969FB6DA8C9A->4fcc8d53-44cb-4faf-b915-5afa0c7529d4@group-6A615BAE1DD1, cid=707, SUCCESS, logIndex=849, commits[4fcc8d53-44cb-4faf-b915-5afa0c7529d4:c849, 48aa5eb4-709c-4003-adb5-fbc02723cd23:c845, 609a8cf1-6ad3-4123-b94a-106ad93148a8:c845]
2019-09-05 09:23:05,164 | INFO  | DNAudit | user=null | ip=null | op=WRITE_CHUNK {blockData=conID: 3 locID: 102739173903630749 bcsId: 845} | ret=SUCCESS |  
2019-09-05 09:23:05,164 | INFO  | DNAudit | user=null | ip=null | op=WRITE_CHUNK {blockData=conID: 3 locID: 102739173903630749 bcsId: 845} | ret=SUCCESS |  
2019-09-05 09:23:05,165 | INFO  | DNAudit | user=null | ip=null | op=PUT_BLOCK {blockData=[blockId=conID: 3 locID: 102739173903630749 bcsId: 0,size=4194304]} | ret=SUCCESS |  
2019-09-05 09:23:05,165 | INFO  | DNAudit | user=null | ip=null | op=PUT_BLOCK {blockData=[blockId=conID: 3 locID: 102739173903630749 bcsId: 0,size=4194304]} | ret=SUCCESS |  
2019-09-05 09:23:05,165 [grpc-default-executor-4] INFO  client.GrpcClientProtocolClient (GrpcClientProtocolClient.java:onNext(255)) - client-969FB6DA8C9A->4fcc8d53-44cb-4faf-b915-5afa0c7529d4: receive RaftClientReply:client-969FB6DA8C9A->4fcc8d53-44cb-4faf-b915-5afa0c7529d4@group-6A615BAE1DD1, cid=708, SUCCESS, logIndex=0, commits[4fcc8d53-44cb-4faf-b915-5afa0c7529d4:c850, 48aa5eb4-709c-4003-adb5-fbc02723cd23:c849, 609a8cf1-6ad3-4123-b94a-106ad93148a8:c849]
2019-09-05 09:23:05,173 | INFO  | DNAudit | user=null | ip=null | op=WRITE_CHUNK {blockData=conID: 1 locID: 102739173903630750 bcsId: 0} | ret=SUCCESS |  
2019-09-05 09:23:05,176 | INFO  | DNAudit | user=null | ip=null | op=WRITE_CHUNK {blockData=conID: 1 locID: 102739173903630750 bcsId: 0} | ret=SUCCESS |  
2019-09-05 09:23:05,176 | INFO  | DNAudit | user=null | ip=null | op=WRITE_CHUNK {blockData=conID: 1 locID: 102739173903630750 bcsId: 0} | ret=SUCCESS |  
2019-09-05 09:23:05,177 | INFO  | DNAudit | user=null | ip=null | op=WRITE_CHUNK {blockData=conID: 1 locID: 102739173903630750 bcsId: 0} | ret=SUCCESS |  
2019-09-05 09:23:05,179 | INFO  | DNAudit | user=null | ip=null | op=WRITE_CHUNK {blockData=conID: 1 locID: 102739173903630750 bcsId: 0} | ret=SUCCESS |  
2019-09-05 09:23:05,179 | INFO  | DNAudit | user=null | ip=null | op=WRITE_CHUNK {blockData=conID: 1 locID: 102739173903630750 bcsId: 0} | ret=SUCCESS |  
2019-09-05 09:23:05,200 | INFO  | DNAudit | user=null | ip=null | op=WRITE_CHUNK {blockData=conID: 1 locID: 102739173903630750 bcsId: 0} | ret=SUCCESS |  
2019-09-05 09:23:05,201 | INFO  | DNAudit | user=null | ip=null | op=PUT_BLOCK {blockData=[blockId=conID: 1 locID: 102739173903630750 bcsId: 0,size=1048576]} | ret=SUCCESS |  
2019-09-05 09:23:05,201 | INFO  | DNAudit | user=null | ip=null | op=WRITE_CHUNK {blockData=conID: 1 locID: 102739173903630750 bcsId: 0} | ret=SUCCESS |  
2019-09-05 09:23:05,201 [grpc-default-executor-5] INFO  client.GrpcClientProtocolClient (GrpcClientProtocolClient.java:onNext(255)) - client-969FB6DA8C9A->4fcc8d53-44cb-4faf-b915-5afa0c7529d4: receive RaftClientReply:client-969FB6DA8C9A->4fcc8d53-44cb-4faf-b915-5afa0c7529d4@group-6A615BAE1DD1, cid=709, SUCCESS, logIndex=852, commits[4fcc8d53-44cb-4faf-b915-5afa0c7529d4:c853, 48aa5eb4-709c-4003-adb5-fbc02723cd23:c851, 609a8cf1-6ad3-4123-b94a-106ad93148a8:c851]
2019-09-05 09:23:05,202 | INFO  | DNAudit | user=null | ip=null | op=PUT_BLOCK {blockData=[blockId=conID: 1 locID: 102739173903630750 bcsId: 0,size=2097152]} | ret=SUCCESS |  
2019-09-05 09:23:05,202 | INFO  | DNAudit | user=null | ip=null | op=WRITE_CHUNK {blockData=conID: 1 locID: 102739173903630750 bcsId: 0} | ret=SUCCESS |  
2019-09-05 09:23:05,202 | INFO  | DNAudit | user=null | ip=null | op=WRITE_CHUNK {blockData=conID: 1 locID: 102739173903630750 bcsId: 0} | ret=SUCCESS |  
2019-09-05 09:23:05,202 | INFO  | DNAudit | user=null | ip=null | op=PUT_BLOCK {blockData=[blockId=conID: 1 locID: 102739173903630750 bcsId: 0,size=1048576]} | ret=SUCCESS |  
2019-09-05 09:23:05,202 | INFO  | DNAudit | user=null | ip=null | op=PUT_BLOCK {blockData=[blockId=conID: 1 locID: 102739173903630750 bcsId: 0,size=1048576]} | ret=SUCCESS |  
2019-09-05 09:23:05,204 [grpc-default-executor-5] INFO  client.GrpcClientProtocolClient (GrpcClientProtocolClient.java:onNext(255)) - client-969FB6DA8C9A->4fcc8d53-44cb-4faf-b915-5afa0c7529d4: receive RaftClientReply:client-969FB6DA8C9A->4fcc8d53-44cb-4faf-b915-5afa0c7529d4@group-6A615BAE1DD1, cid=710, SUCCESS, logIndex=853, commits[4fcc8d53-44cb-4faf-b915-5afa0c7529d4:c853, 48aa5eb4-709c-4003-adb5-fbc02723cd23:c851, 609a8cf1-6ad3-4123-b94a-106ad93148a8:c851]
2019-09-05 09:23:05,204 | INFO  | DNAudit | user=null | ip=null | op=WRITE_CHUNK {blockData=conID: 1 locID: 102739173903630750 bcsId: 0} | ret=SUCCESS |  
2019-09-05 09:23:05,204 | INFO  | DNAudit | user=null | ip=null | op=WRITE_CHUNK {blockData=conID: 1 locID: 102739173903630750 bcsId: 0} | ret=SUCCESS |  
2019-09-05 09:23:05,204 [grpc-default-executor-4] INFO  client.GrpcClientProtocolClient (GrpcClientProtocolClient.java:onNext(255)) - client-969FB6DA8C9A->4fcc8d53-44cb-4faf-b915-5afa0c7529d4: receive RaftClientReply:client-969FB6DA8C9A->4fcc8d53-44cb-4faf-b915-5afa0c7529d4@group-6A615BAE1DD1, cid=711, SUCCESS, logIndex=854, commits[4fcc8d53-44cb-4faf-b915-5afa0c7529d4:c855, 48aa5eb4-709c-4003-adb5-fbc02723cd23:c851, 609a8cf1-6ad3-4123-b94a-106ad93148a8:c851]
2019-09-05 09:23:05,204 | INFO  | DNAudit | user=null | ip=null | op=PUT_BLOCK {blockData=[blockId=conID: 1 locID: 102739173903630750 bcsId: 0,size=2097152]} | ret=SUCCESS |  
2019-09-05 09:23:05,204 | INFO  | DNAudit | user=null | ip=null | op=PUT_BLOCK {blockData=[blockId=conID: 1 locID: 102739173903630750 bcsId: 0,size=2097152]} | ret=SUCCESS |  
2019-09-05 09:23:05,205 [grpc-default-executor-4] INFO  client.GrpcClientProtocolClient (GrpcClientProtocolClient.java:onNext(255)) - client-969FB6DA8C9A->4fcc8d53-44cb-4faf-b915-5afa0c7529d4: receive RaftClientReply:client-969FB6DA8C9A->4fcc8d53-44cb-4faf-b915-5afa0c7529d4@group-6A615BAE1DD1, cid=712, SUCCESS, logIndex=855, commits[4fcc8d53-44cb-4faf-b915-5afa0c7529d4:c855, 48aa5eb4-709c-4003-adb5-fbc02723cd23:c851, 609a8cf1-6ad3-4123-b94a-106ad93148a8:c851]
2019-09-05 09:23:05,206 [grpc-default-executor-5] INFO  client.GrpcClientProtocolClient (GrpcClientProtocolClient.java:onNext(255)) - client-969FB6DA8C9A->4fcc8d53-44cb-4faf-b915-5afa0c7529d4: receive RaftClientReply:client-969FB6DA8C9A->4fcc8d53-44cb-4faf-b915-5afa0c7529d4@group-6A615BAE1DD1, cid=713, SUCCESS, logIndex=0, commits[4fcc8d53-44cb-4faf-b915-5afa0c7529d4:c859, 48aa5eb4-709c-4003-adb5-fbc02723cd23:c855, 609a8cf1-6ad3-4123-b94a-106ad93148a8:c855]
2019-09-05 09:23:05,215 | INFO  | DNAudit | user=null | ip=null | op=WRITE_CHUNK {blockData=conID: 1 locID: 102739173903630750 bcsId: 855} | ret=SUCCESS |  
2019-09-05 09:23:05,217 | INFO  | DNAudit | user=null | ip=null | op=WRITE_CHUNK {blockData=conID: 1 locID: 102739173903630750 bcsId: 855} | ret=SUCCESS |  
2019-09-05 09:23:05,217 | INFO  | DNAudit | user=null | ip=null | op=WRITE_CHUNK {blockData=conID: 1 locID: 102739173903630750 bcsId: 855} | ret=SUCCESS |  
2019-09-05 09:23:05,227 | INFO  | DNAudit | user=null | ip=null | op=WRITE_CHUNK {blockData=conID: 1 locID: 102739173903630750 bcsId: 855} | ret=SUCCESS |  
2019-09-05 09:23:05,228 | INFO  | DNAudit | user=null | ip=null | op=PUT_BLOCK {blockData=[blockId=conID: 1 locID: 102739173903630750 bcsId: 0,size=3145728]} | ret=SUCCESS |  
2019-09-05 09:23:05,228 [grpc-default-executor-0] INFO  client.GrpcClientProtocolClient (GrpcClientProtocolClient.java:onNext(255)) - client-969FB6DA8C9A->4fcc8d53-44cb-4faf-b915-5afa0c7529d4: receive RaftClientReply:client-969FB6DA8C9A->4fcc8d53-44cb-4faf-b915-5afa0c7529d4@group-6A615BAE1DD1, cid=714, SUCCESS, logIndex=860, commits[4fcc8d53-44cb-4faf-b915-5afa0c7529d4:c861, 48aa5eb4-709c-4003-adb5-fbc02723cd23:c859, 609a8cf1-6ad3-4123-b94a-106ad93148a8:c859]
2019-09-05 09:23:05,229 [grpc-default-executor-0] INFO  client.GrpcClientProtocolClient (GrpcClientProtocolClient.java:onNext(255)) - client-969FB6DA8C9A->4fcc8d53-44cb-4faf-b915-5afa0c7529d4: receive RaftClientReply:client-969FB6DA8C9A->4fcc8d53-44cb-4faf-b915-5afa0c7529d4@group-6A615BAE1DD1, cid=715, SUCCESS, logIndex=861, commits[4fcc8d53-44cb-4faf-b915-5afa0c7529d4:c861, 48aa5eb4-709c-4003-adb5-fbc02723cd23:c859, 609a8cf1-6ad3-4123-b94a-106ad93148a8:c859]
2019-09-05 09:23:05,237 | INFO  | DNAudit | user=null | ip=null | op=WRITE_CHUNK {blockData=conID: 1 locID: 102739173903630750 bcsId: 861} | ret=SUCCESS |  
2019-09-05 09:23:05,238 | INFO  | DNAudit | user=null | ip=null | op=WRITE_CHUNK {blockData=conID: 1 locID: 102739173903630750 bcsId: 861} | ret=SUCCESS |  
2019-09-05 09:23:05,240 | INFO  | DNAudit | user=null | ip=null | op=WRITE_CHUNK {blockData=conID: 1 locID: 102739173903630750 bcsId: 861} | ret=SUCCESS |  
2019-09-05 09:23:05,245 | INFO  | DNAudit | user=null | ip=null | op=WRITE_CHUNK {blockData=conID: 1 locID: 102739173903630750 bcsId: 855} | ret=SUCCESS |  
2019-09-05 09:23:05,245 | INFO  | DNAudit | user=null | ip=null | op=WRITE_CHUNK {blockData=conID: 1 locID: 102739173903630750 bcsId: 855} | ret=SUCCESS |  
2019-09-05 09:23:05,245 | INFO  | DNAudit | user=null | ip=null | op=PUT_BLOCK {blockData=[blockId=conID: 1 locID: 102739173903630750 bcsId: 0,size=3145728]} | ret=SUCCESS |  
2019-09-05 09:23:05,245 | INFO  | DNAudit | user=null | ip=null | op=PUT_BLOCK {blockData=[blockId=conID: 1 locID: 102739173903630750 bcsId: 0,size=3145728]} | ret=SUCCESS |  
2019-09-05 09:23:05,276 | INFO  | DNAudit | user=null | ip=null | op=WRITE_CHUNK {blockData=conID: 1 locID: 102739173903630750 bcsId: 861} | ret=SUCCESS |  
2019-09-05 09:23:05,277 | INFO  | DNAudit | user=null | ip=null | op=PUT_BLOCK {blockData=[blockId=conID: 1 locID: 102739173903630750 bcsId: 0,size=4194304]} | ret=SUCCESS |  
2019-09-05 09:23:05,277 [grpc-default-executor-0] INFO  client.GrpcClientProtocolClient (GrpcClientProtocolClient.java:onNext(255)) - client-969FB6DA8C9A->4fcc8d53-44cb-4faf-b915-5afa0c7529d4: receive RaftClientReply:client-969FB6DA8C9A->4fcc8d53-44cb-4faf-b915-5afa0c7529d4@group-6A615BAE1DD1, cid=716, SUCCESS, logIndex=864, commits[4fcc8d53-44cb-4faf-b915-5afa0c7529d4:c865, 48aa5eb4-709c-4003-adb5-fbc02723cd23:c861, 609a8cf1-6ad3-4123-b94a-106ad93148a8:c861]
2019-09-05 09:23:05,277 [grpc-default-executor-0] INFO  client.GrpcClientProtocolClient (GrpcClientProtocolClient.java:onNext(255)) - client-969FB6DA8C9A->4fcc8d53-44cb-4faf-b915-5afa0c7529d4: receive RaftClientReply:client-969FB6DA8C9A->4fcc8d53-44cb-4faf-b915-5afa0c7529d4@group-6A615BAE1DD1, cid=717, SUCCESS, logIndex=865, commits[4fcc8d53-44cb-4faf-b915-5afa0c7529d4:c865, 48aa5eb4-709c-4003-adb5-fbc02723cd23:c861, 609a8cf1-6ad3-4123-b94a-106ad93148a8:c861]
2019-09-05 09:23:05,294 | INFO  | DNAudit | user=null | ip=null | op=WRITE_CHUNK {blockData=conID: 1 locID: 102739173903630750 bcsId: 861} | ret=SUCCESS |  
2019-09-05 09:23:05,295 | INFO  | DNAudit | user=null | ip=null | op=WRITE_CHUNK {blockData=conID: 1 locID: 102739173903630750 bcsId: 861} | ret=SUCCESS |  
2019-09-05 09:23:05,295 | INFO  | DNAudit | user=null | ip=null | op=PUT_BLOCK {blockData=[blockId=conID: 1 locID: 102739173903630750 bcsId: 0,size=4194304]} | ret=SUCCESS |  
2019-09-05 09:23:05,295 | INFO  | DNAudit | user=null | ip=null | op=PUT_BLOCK {blockData=[blockId=conID: 1 locID: 102739173903630750 bcsId: 0,size=4194304]} | ret=SUCCESS |  
2019-09-05 09:23:05,295 [grpc-default-executor-4] INFO  client.GrpcClientProtocolClient (GrpcClientProtocolClient.java:onNext(255)) - client-969FB6DA8C9A->4fcc8d53-44cb-4faf-b915-5afa0c7529d4: receive RaftClientReply:client-969FB6DA8C9A->4fcc8d53-44cb-4faf-b915-5afa0c7529d4@group-6A615BAE1DD1, cid=718, SUCCESS, logIndex=0, commits[4fcc8d53-44cb-4faf-b915-5afa0c7529d4:c866, 48aa5eb4-709c-4003-adb5-fbc02723cd23:c865, 609a8cf1-6ad3-4123-b94a-106ad93148a8:c865]
2019-09-05 09:23:05,302 | INFO  | DNAudit | user=null | ip=null | op=WRITE_CHUNK {blockData=conID: 2 locID: 102739173903630751 bcsId: 0} | ret=SUCCESS |  
2019-09-05 09:23:05,305 | INFO  | DNAudit | user=null | ip=null | op=WRITE_CHUNK {blockData=conID: 2 locID: 102739173903630751 bcsId: 0} | ret=SUCCESS |  
2019-09-05 09:23:05,306 | INFO  | DNAudit | user=null | ip=null | op=WRITE_CHUNK {blockData=conID: 2 locID: 102739173903630751 bcsId: 0} | ret=SUCCESS |  
2019-09-05 09:23:05,307 | INFO  | DNAudit | user=null | ip=null | op=WRITE_CHUNK {blockData=conID: 2 locID: 102739173903630751 bcsId: 0} | ret=SUCCESS |  
2019-09-05 09:23:05,310 | INFO  | SCMAudit | user=jenkins1000 | ip=192.168.36.69 | op=SEND_HEARTBEAT {datanodeUUID=fe9e29a7-51ad-458f-9e11-f615da290baa, command=[]} | ret=SUCCESS |  
2019-09-05 09:23:05,311 | INFO  | DNAudit | user=null | ip=null | op=WRITE_CHUNK {blockData=conID: 2 locID: 102739173903630751 bcsId: 0} | ret=SUCCESS |  
2019-09-05 09:23:05,311 | INFO  | DNAudit | user=null | ip=null | op=WRITE_CHUNK {blockData=conID: 2 locID: 102739173903630751 bcsId: 0} | ret=SUCCESS |  
2019-09-05 09:23:05,326 | INFO  | DNAudit | user=null | ip=null | op=WRITE_CHUNK {blockData=conID: 2 locID: 102739173903630751 bcsId: 0} | ret=SUCCESS |  
2019-09-05 09:23:05,326 | INFO  | DNAudit | user=null | ip=null | op=PUT_BLOCK {blockData=[blockId=conID: 2 locID: 102739173903630751 bcsId: 0,size=1048576]} | ret=SUCCESS |  
2019-09-05 09:23:05,327 | INFO  | DNAudit | user=null | ip=null | op=WRITE_CHUNK {blockData=conID: 2 locID: 102739173903630751 bcsId: 0} | ret=SUCCESS |  
2019-09-05 09:23:05,327 [grpc-default-executor-5] INFO  client.GrpcClientProtocolClient (GrpcClientProtocolClient.java:onNext(255)) - client-969FB6DA8C9A->4fcc8d53-44cb-4faf-b915-5afa0c7529d4: receive RaftClientReply:client-969FB6DA8C9A->4fcc8d53-44cb-4faf-b915-5afa0c7529d4@group-6A615BAE1DD1, cid=719, SUCCESS, logIndex=868, commits[4fcc8d53-44cb-4faf-b915-5afa0c7529d4:c869, 48aa5eb4-709c-4003-adb5-fbc02723cd23:c866, 609a8cf1-6ad3-4123-b94a-106ad93148a8:c866]
2019-09-05 09:23:05,327 | INFO  | DNAudit | user=null | ip=null | op=PUT_BLOCK {blockData=[blockId=conID: 2 locID: 102739173903630751 bcsId: 0,size=2097152]} | ret=SUCCESS |  
2019-09-05 09:23:05,327 [grpc-default-executor-5] INFO  client.GrpcClientProtocolClient (GrpcClientProtocolClient.java:onNext(255)) - client-969FB6DA8C9A->4fcc8d53-44cb-4faf-b915-5afa0c7529d4: receive RaftClientReply:client-969FB6DA8C9A->4fcc8d53-44cb-4faf-b915-5afa0c7529d4@group-6A615BAE1DD1, cid=720, SUCCESS, logIndex=869, commits[4fcc8d53-44cb-4faf-b915-5afa0c7529d4:c871, 48aa5eb4-709c-4003-adb5-fbc02723cd23:c866, 609a8cf1-6ad3-4123-b94a-106ad93148a8:c866]
2019-09-05 09:23:05,327 [grpc-default-executor-5] INFO  client.GrpcClientProtocolClient (GrpcClientProtocolClient.java:onNext(255)) - client-969FB6DA8C9A->4fcc8d53-44cb-4faf-b915-5afa0c7529d4: receive RaftClientReply:client-969FB6DA8C9A->4fcc8d53-44cb-4faf-b915-5afa0c7529d4@group-6A615BAE1DD1, cid=721, SUCCESS, logIndex=870, commits[4fcc8d53-44cb-4faf-b915-5afa0c7529d4:c871, 48aa5eb4-709c-4003-adb5-fbc02723cd23:c866, 609a8cf1-6ad3-4123-b94a-106ad93148a8:c866]
2019-09-05 09:23:05,328 [grpc-default-executor-5] INFO  client.GrpcClientProtocolClient (GrpcClientProtocolClient.java:onNext(255)) - client-969FB6DA8C9A->4fcc8d53-44cb-4faf-b915-5afa0c7529d4: receive RaftClientReply:client-969FB6DA8C9A->4fcc8d53-44cb-4faf-b915-5afa0c7529d4@group-6A615BAE1DD1, cid=722, SUCCESS, logIndex=871, commits[4fcc8d53-44cb-4faf-b915-5afa0c7529d4:c871, 48aa5eb4-709c-4003-adb5-fbc02723cd23:c866, 609a8cf1-6ad3-4123-b94a-106ad93148a8:c866]
2019-09-05 09:23:05,367 | INFO  | DNAudit | user=null | ip=null | op=WRITE_CHUNK {blockData=conID: 2 locID: 102739173903630751 bcsId: 0} | ret=SUCCESS |  
2019-09-05 09:23:05,367 | INFO  | DNAudit | user=null | ip=null | op=WRITE_CHUNK {blockData=conID: 2 locID: 102739173903630751 bcsId: 0} | ret=SUCCESS |  
2019-09-05 09:23:05,368 | INFO  | DNAudit | user=null | ip=null | op=PUT_BLOCK {blockData=[blockId=conID: 2 locID: 102739173903630751 bcsId: 0,size=1048576]} | ret=SUCCESS |  
2019-09-05 09:23:05,368 | INFO  | DNAudit | user=null | ip=null | op=PUT_BLOCK {blockData=[blockId=conID: 2 locID: 102739173903630751 bcsId: 0,size=1048576]} | ret=SUCCESS |  
2019-09-05 09:23:05,368 | INFO  | DNAudit | user=null | ip=null | op=WRITE_CHUNK {blockData=conID: 2 locID: 102739173903630751 bcsId: 0} | ret=SUCCESS |  
2019-09-05 09:23:05,369 | INFO  | DNAudit | user=null | ip=null | op=WRITE_CHUNK {blockData=conID: 2 locID: 102739173903630751 bcsId: 0} | ret=SUCCESS |  
2019-09-05 09:23:05,369 | INFO  | DNAudit | user=null | ip=null | op=PUT_BLOCK {blockData=[blockId=conID: 2 locID: 102739173903630751 bcsId: 0,size=2097152]} | ret=SUCCESS |  
2019-09-05 09:23:05,369 | INFO  | DNAudit | user=null | ip=null | op=PUT_BLOCK {blockData=[blockId=conID: 2 locID: 102739173903630751 bcsId: 0,size=2097152]} | ret=SUCCESS |  
2019-09-05 09:23:05,370 [grpc-default-executor-4] INFO  client.GrpcClientProtocolClient (GrpcClientProtocolClient.java:onNext(255)) - client-969FB6DA8C9A->4fcc8d53-44cb-4faf-b915-5afa0c7529d4: receive RaftClientReply:client-969FB6DA8C9A->4fcc8d53-44cb-4faf-b915-5afa0c7529d4@group-6A615BAE1DD1, cid=723, SUCCESS, logIndex=0, commits[4fcc8d53-44cb-4faf-b915-5afa0c7529d4:c873, 48aa5eb4-709c-4003-adb5-fbc02723cd23:c869, 609a8cf1-6ad3-4123-b94a-106ad93148a8:c869]
2019-09-05 09:23:05,381 | INFO  | DNAudit | user=null | ip=null | op=WRITE_CHUNK {blockData=conID: 2 locID: 102739173903630751 bcsId: 871} | ret=SUCCESS |  
2019-09-05 09:23:05,383 | INFO  | DNAudit | user=null | ip=null | op=WRITE_CHUNK {blockData=conID: 2 locID: 102739173903630751 bcsId: 871} | ret=SUCCESS |  
2019-09-05 09:23:05,384 | INFO  | DNAudit | user=null | ip=null | op=WRITE_CHUNK {blockData=conID: 2 locID: 102739173903630751 bcsId: 871} | ret=SUCCESS |  
2019-09-05 09:23:05,393 | INFO  | DNAudit | user=null | ip=null | op=WRITE_CHUNK {blockData=conID: 2 locID: 102739173903630751 bcsId: 871} | ret=SUCCESS |  
2019-09-05 09:23:05,394 | INFO  | DNAudit | user=null | ip=null | op=PUT_BLOCK {blockData=[blockId=conID: 2 locID: 102739173903630751 bcsId: 0,size=3145728]} | ret=SUCCESS |  
2019-09-05 09:23:05,394 [grpc-default-executor-5] INFO  client.GrpcClientProtocolClient (GrpcClientProtocolClient.java:onNext(255)) - client-969FB6DA8C9A->4fcc8d53-44cb-4faf-b915-5afa0c7529d4: receive RaftClientReply:client-969FB6DA8C9A->4fcc8d53-44cb-4faf-b915-5afa0c7529d4@group-6A615BAE1DD1, cid=724, SUCCESS, logIndex=876, commits[4fcc8d53-44cb-4faf-b915-5afa0c7529d4:c877, 48aa5eb4-709c-4003-adb5-fbc02723cd23:c875, 609a8cf1-6ad3-4123-b94a-106ad93148a8:c875]
2019-09-05 09:23:05,395 [grpc-default-executor-5] INFO  client.GrpcClientProtocolClient (GrpcClientProtocolClient.java:onNext(255)) - client-969FB6DA8C9A->4fcc8d53-44cb-4faf-b915-5afa0c7529d4: receive RaftClientReply:client-969FB6DA8C9A->4fcc8d53-44cb-4faf-b915-5afa0c7529d4@group-6A615BAE1DD1, cid=725, SUCCESS, logIndex=877, commits[4fcc8d53-44cb-4faf-b915-5afa0c7529d4:c877, 48aa5eb4-709c-4003-adb5-fbc02723cd23:c875, 609a8cf1-6ad3-4123-b94a-106ad93148a8:c875]
2019-09-05 09:23:05,404 | INFO  | DNAudit | user=null | ip=null | op=WRITE_CHUNK {blockData=conID: 2 locID: 102739173903630751 bcsId: 877} | ret=SUCCESS |  
2019-09-05 09:23:05,407 | INFO  | DNAudit | user=null | ip=null | op=WRITE_CHUNK {blockData=conID: 2 locID: 102739173903630751 bcsId: 877} | ret=SUCCESS |  
2019-09-05 09:23:05,407 | INFO  | DNAudit | user=null | ip=null | op=WRITE_CHUNK {blockData=conID: 2 locID: 102739173903630751 bcsId: 877} | ret=SUCCESS |  
2019-09-05 09:23:05,482 | INFO  | DNAudit | user=null | ip=null | op=WRITE_CHUNK {blockData=conID: 2 locID: 102739173903630751 bcsId: 871} | ret=SUCCESS |  
2019-09-05 09:23:05,482 | INFO  | DNAudit | user=null | ip=null | op=WRITE_CHUNK {blockData=conID: 2 locID: 102739173903630751 bcsId: 871} | ret=SUCCESS |  
2019-09-05 09:23:05,483 | INFO  | DNAudit | user=null | ip=null | op=PUT_BLOCK {blockData=[blockId=conID: 2 locID: 102739173903630751 bcsId: 0,size=3145728]} | ret=SUCCESS |  
2019-09-05 09:23:05,483 | INFO  | DNAudit | user=null | ip=null | op=PUT_BLOCK {blockData=[blockId=conID: 2 locID: 102739173903630751 bcsId: 0,size=3145728]} | ret=SUCCESS |  
2019-09-05 09:23:05,526 | INFO  | DNAudit | user=null | ip=null | op=WRITE_CHUNK {blockData=conID: 2 locID: 102739173903630751 bcsId: 877} | ret=SUCCESS |  
2019-09-05 09:23:05,526 | INFO  | DNAudit | user=null | ip=null | op=PUT_BLOCK {blockData=[blockId=conID: 2 locID: 102739173903630751 bcsId: 0,size=4194304]} | ret=SUCCESS |  
2019-09-05 09:23:05,527 [grpc-default-executor-4] INFO  client.GrpcClientProtocolClient (GrpcClientProtocolClient.java:onNext(255)) - client-969FB6DA8C9A->4fcc8d53-44cb-4faf-b915-5afa0c7529d4: receive RaftClientReply:client-969FB6DA8C9A->4fcc8d53-44cb-4faf-b915-5afa0c7529d4@group-6A615BAE1DD1, cid=726, SUCCESS, logIndex=880, commits[4fcc8d53-44cb-4faf-b915-5afa0c7529d4:c881, 48aa5eb4-709c-4003-adb5-fbc02723cd23:c877, 609a8cf1-6ad3-4123-b94a-106ad93148a8:c877]
2019-09-05 09:23:05,527 [grpc-default-executor-4] INFO  client.GrpcClientProtocolClient (GrpcClientProtocolClient.java:onNext(255)) - client-969FB6DA8C9A->4fcc8d53-44cb-4faf-b915-5afa0c7529d4: receive RaftClientReply:client-969FB6DA8C9A->4fcc8d53-44cb-4faf-b915-5afa0c7529d4@group-6A615BAE1DD1, cid=727, SUCCESS, logIndex=881, commits[4fcc8d53-44cb-4faf-b915-5afa0c7529d4:c881, 48aa5eb4-709c-4003-adb5-fbc02723cd23:c877, 609a8cf1-6ad3-4123-b94a-106ad93148a8:c877]
2019-09-05 09:23:05,541 | INFO  | DNAudit | user=null | ip=null | op=WRITE_CHUNK {blockData=conID: 2 locID: 102739173903630751 bcsId: 877} | ret=SUCCESS |  
2019-09-05 09:23:05,541 | INFO  | DNAudit | user=null | ip=null | op=WRITE_CHUNK {blockData=conID: 2 locID: 102739173903630751 bcsId: 877} | ret=SUCCESS |  
2019-09-05 09:23:05,541 | INFO  | DNAudit | user=null | ip=null | op=PUT_BLOCK {blockData=[blockId=conID: 2 locID: 102739173903630751 bcsId: 0,size=4194304]} | ret=SUCCESS |  
2019-09-05 09:23:05,541 | INFO  | DNAudit | user=null | ip=null | op=PUT_BLOCK {blockData=[blockId=conID: 2 locID: 102739173903630751 bcsId: 0,size=4194304]} | ret=SUCCESS |  
2019-09-05 09:23:05,542 [grpc-default-executor-5] INFO  client.GrpcClientProtocolClient (GrpcClientProtocolClient.java:onNext(255)) - client-969FB6DA8C9A->4fcc8d53-44cb-4faf-b915-5afa0c7529d4: receive RaftClientReply:client-969FB6DA8C9A->4fcc8d53-44cb-4faf-b915-5afa0c7529d4@group-6A615BAE1DD1, cid=728, SUCCESS, logIndex=0, commits[4fcc8d53-44cb-4faf-b915-5afa0c7529d4:c882, 48aa5eb4-709c-4003-adb5-fbc02723cd23:c881, 609a8cf1-6ad3-4123-b94a-106ad93148a8:c881]
2019-09-05 09:23:05,550 | INFO  | DNAudit | user=null | ip=null | op=WRITE_CHUNK {blockData=conID: 3 locID: 102739173903630752 bcsId: 0} | ret=SUCCESS |  
2019-09-05 09:23:05,555 | INFO  | DNAudit | user=null | ip=null | op=WRITE_CHUNK {blockData=conID: 3 locID: 102739173903630752 bcsId: 0} | ret=SUCCESS |  
2019-09-05 09:23:05,557 | INFO  | DNAudit | user=null | ip=null | op=WRITE_CHUNK {blockData=conID: 3 locID: 102739173903630752 bcsId: 0} | ret=SUCCESS |  
2019-09-05 09:23:05,557 | INFO  | DNAudit | user=null | ip=null | op=WRITE_CHUNK {blockData=conID: 3 locID: 102739173903630752 bcsId: 0} | ret=SUCCESS |  
2019-09-05 09:23:05,558 | INFO  | DNAudit | user=null | ip=null | op=WRITE_CHUNK {blockData=conID: 3 locID: 102739173903630752 bcsId: 0} | ret=SUCCESS |  
2019-09-05 09:23:05,559 | INFO  | DNAudit | user=null | ip=null | op=WRITE_CHUNK {blockData=conID: 3 locID: 102739173903630752 bcsId: 0} | ret=SUCCESS |  
2019-09-05 09:23:05,572 | INFO  | DNAudit | user=null | ip=null | op=WRITE_CHUNK {blockData=conID: 3 locID: 102739173903630752 bcsId: 0} | ret=SUCCESS |  
2019-09-05 09:23:05,573 | INFO  | DNAudit | user=null | ip=null | op=PUT_BLOCK {blockData=[blockId=conID: 3 locID: 102739173903630752 bcsId: 0,size=1048576]} | ret=SUCCESS |  
2019-09-05 09:23:05,573 | INFO  | DNAudit | user=null | ip=null | op=WRITE_CHUNK {blockData=conID: 3 locID: 102739173903630752 bcsId: 0} | ret=SUCCESS |  
2019-09-05 09:23:05,573 [grpc-default-executor-4] INFO  client.GrpcClientProtocolClient (GrpcClientProtocolClient.java:onNext(255)) - client-969FB6DA8C9A->4fcc8d53-44cb-4faf-b915-5afa0c7529d4: receive RaftClientReply:client-969FB6DA8C9A->4fcc8d53-44cb-4faf-b915-5afa0c7529d4@group-6A615BAE1DD1, cid=729, SUCCESS, logIndex=884, commits[4fcc8d53-44cb-4faf-b915-5afa0c7529d4:c885, 48aa5eb4-709c-4003-adb5-fbc02723cd23:c883, 609a8cf1-6ad3-4123-b94a-106ad93148a8:c883]
2019-09-05 09:23:05,574 | INFO  | DNAudit | user=null | ip=null | op=PUT_BLOCK {blockData=[blockId=conID: 3 locID: 102739173903630752 bcsId: 0,size=2097152]} | ret=SUCCESS |  
2019-09-05 09:23:05,574 [grpc-default-executor-4] INFO  client.GrpcClientProtocolClient (GrpcClientProtocolClient.java:onNext(255)) - client-969FB6DA8C9A->4fcc8d53-44cb-4faf-b915-5afa0c7529d4: receive RaftClientReply:client-969FB6DA8C9A->4fcc8d53-44cb-4faf-b915-5afa0c7529d4@group-6A615BAE1DD1, cid=730, SUCCESS, logIndex=885, commits[4fcc8d53-44cb-4faf-b915-5afa0c7529d4:c887, 48aa5eb4-709c-4003-adb5-fbc02723cd23:c883, 609a8cf1-6ad3-4123-b94a-106ad93148a8:c883]
2019-09-05 09:23:05,574 [grpc-default-executor-4] INFO  client.GrpcClientProtocolClient (GrpcClientProtocolClient.java:onNext(255)) - client-969FB6DA8C9A->4fcc8d53-44cb-4faf-b915-5afa0c7529d4: receive RaftClientReply:client-969FB6DA8C9A->4fcc8d53-44cb-4faf-b915-5afa0c7529d4@group-6A615BAE1DD1, cid=731, SUCCESS, logIndex=886, commits[4fcc8d53-44cb-4faf-b915-5afa0c7529d4:c887, 48aa5eb4-709c-4003-adb5-fbc02723cd23:c883, 609a8cf1-6ad3-4123-b94a-106ad93148a8:c883]
2019-09-05 09:23:05,575 [grpc-default-executor-4] INFO  client.GrpcClientProtocolClient (GrpcClientProtocolClient.java:onNext(255)) - client-969FB6DA8C9A->4fcc8d53-44cb-4faf-b915-5afa0c7529d4: receive RaftClientReply:client-969FB6DA8C9A->4fcc8d53-44cb-4faf-b915-5afa0c7529d4@group-6A615BAE1DD1, cid=732, SUCCESS, logIndex=887, commits[4fcc8d53-44cb-4faf-b915-5afa0c7529d4:c887, 48aa5eb4-709c-4003-adb5-fbc02723cd23:c883, 609a8cf1-6ad3-4123-b94a-106ad93148a8:c883]
2019-09-05 09:23:05,577 | INFO  | DNAudit | user=null | ip=null | op=WRITE_CHUNK {blockData=conID: 3 locID: 102739173903630752 bcsId: 0} | ret=SUCCESS |  
2019-09-05 09:23:05,577 | INFO  | DNAudit | user=null | ip=null | op=WRITE_CHUNK {blockData=conID: 3 locID: 102739173903630752 bcsId: 0} | ret=SUCCESS |  
2019-09-05 09:23:05,578 | INFO  | DNAudit | user=null | ip=null | op=PUT_BLOCK {blockData=[blockId=conID: 3 locID: 102739173903630752 bcsId: 0,size=1048576]} | ret=SUCCESS |  
2019-09-05 09:23:05,578 | INFO  | DNAudit | user=null | ip=null | op=PUT_BLOCK {blockData=[blockId=conID: 3 locID: 102739173903630752 bcsId: 0,size=1048576]} | ret=SUCCESS |  
2019-09-05 09:23:05,578 | INFO  | DNAudit | user=null | ip=null | op=WRITE_CHUNK {blockData=conID: 3 locID: 102739173903630752 bcsId: 0} | ret=SUCCESS |  
2019-09-05 09:23:05,578 | INFO  | DNAudit | user=null | ip=null | op=WRITE_CHUNK {blockData=conID: 3 locID: 102739173903630752 bcsId: 0} | ret=SUCCESS |  
2019-09-05 09:23:05,579 | INFO  | DNAudit | user=null | ip=null | op=PUT_BLOCK {blockData=[blockId=conID: 3 locID: 102739173903630752 bcsId: 0,size=2097152]} | ret=SUCCESS |  
2019-09-05 09:23:05,579 | INFO  | DNAudit | user=null | ip=null | op=PUT_BLOCK {blockData=[blockId=conID: 3 locID: 102739173903630752 bcsId: 0,size=2097152]} | ret=SUCCESS |  
2019-09-05 09:23:05,579 [grpc-default-executor-5] INFO  client.GrpcClientProtocolClient (GrpcClientProtocolClient.java:onNext(255)) - client-969FB6DA8C9A->4fcc8d53-44cb-4faf-b915-5afa0c7529d4: receive RaftClientReply:client-969FB6DA8C9A->4fcc8d53-44cb-4faf-b915-5afa0c7529d4@group-6A615BAE1DD1, cid=733, SUCCESS, logIndex=0, commits[4fcc8d53-44cb-4faf-b915-5afa0c7529d4:c889, 48aa5eb4-709c-4003-adb5-fbc02723cd23:c885, 609a8cf1-6ad3-4123-b94a-106ad93148a8:c885]
2019-09-05 09:23:05,589 | INFO  | DNAudit | user=null | ip=null | op=WRITE_CHUNK {blockData=conID: 3 locID: 102739173903630752 bcsId: 887} | ret=SUCCESS |  
2019-09-05 09:23:05,594 | INFO  | DNAudit | user=null | ip=null | op=WRITE_CHUNK {blockData=conID: 3 locID: 102739173903630752 bcsId: 887} | ret=SUCCESS |  
2019-09-05 09:23:05,595 | INFO  | DNAudit | user=null | ip=null | op=WRITE_CHUNK {blockData=conID: 3 locID: 102739173903630752 bcsId: 887} | ret=SUCCESS |  
2019-09-05 09:23:05,608 | INFO  | DNAudit | user=null | ip=null | op=WRITE_CHUNK {blockData=conID: 3 locID: 102739173903630752 bcsId: 887} | ret=SUCCESS |  
2019-09-05 09:23:05,609 | INFO  | DNAudit | user=null | ip=null | op=PUT_BLOCK {blockData=[blockId=conID: 3 locID: 102739173903630752 bcsId: 0,size=3145728]} | ret=SUCCESS |  
2019-09-05 09:23:05,610 [grpc-default-executor-5] INFO  client.GrpcClientProtocolClient (GrpcClientProtocolClient.java:onNext(255)) - client-969FB6DA8C9A->4fcc8d53-44cb-4faf-b915-5afa0c7529d4: receive RaftClientReply:client-969FB6DA8C9A->4fcc8d53-44cb-4faf-b915-5afa0c7529d4@group-6A615BAE1DD1, cid=734, SUCCESS, logIndex=892, commits[4fcc8d53-44cb-4faf-b915-5afa0c7529d4:c893, 48aa5eb4-709c-4003-adb5-fbc02723cd23:c891, 609a8cf1-6ad3-4123-b94a-106ad93148a8:c891]
2019-09-05 09:23:05,611 [grpc-default-executor-5] INFO  client.GrpcClientProtocolClient (GrpcClientProtocolClient.java:onNext(255)) - client-969FB6DA8C9A->4fcc8d53-44cb-4faf-b915-5afa0c7529d4: receive RaftClientReply:client-969FB6DA8C9A->4fcc8d53-44cb-4faf-b915-5afa0c7529d4@group-6A615BAE1DD1, cid=735, SUCCESS, logIndex=893, commits[4fcc8d53-44cb-4faf-b915-5afa0c7529d4:c893, 48aa5eb4-709c-4003-adb5-fbc02723cd23:c891, 609a8cf1-6ad3-4123-b94a-106ad93148a8:c891]
2019-09-05 09:23:05,620 | INFO  | DNAudit | user=null | ip=null | op=WRITE_CHUNK {blockData=conID: 3 locID: 102739173903630752 bcsId: 887} | ret=SUCCESS |  
2019-09-05 09:23:05,620 | INFO  | DNAudit | user=null | ip=null | op=WRITE_CHUNK {blockData=conID: 3 locID: 102739173903630752 bcsId: 887} | ret=SUCCESS |  
2019-09-05 09:23:05,620 | INFO  | DNAudit | user=null | ip=null | op=PUT_BLOCK {blockData=[blockId=conID: 3 locID: 102739173903630752 bcsId: 0,size=3145728]} | ret=SUCCESS |  
2019-09-05 09:23:05,620 | INFO  | DNAudit | user=null | ip=null | op=PUT_BLOCK {blockData=[blockId=conID: 3 locID: 102739173903630752 bcsId: 0,size=3145728]} | ret=SUCCESS |  
2019-09-05 09:23:05,623 | INFO  | DNAudit | user=null | ip=null | op=WRITE_CHUNK {blockData=conID: 3 locID: 102739173903630752 bcsId: 893} | ret=SUCCESS |  
2019-09-05 09:23:05,624 | INFO  | DNAudit | user=null | ip=null | op=WRITE_CHUNK {blockData=conID: 3 locID: 102739173903630752 bcsId: 893} | ret=SUCCESS |  
2019-09-05 09:23:05,625 | INFO  | DNAudit | user=null | ip=null | op=WRITE_CHUNK {blockData=conID: 3 locID: 102739173903630752 bcsId: 893} | ret=SUCCESS |  
2019-09-05 09:23:05,635 | INFO  | DNAudit | user=null | ip=null | op=WRITE_CHUNK {blockData=conID: 3 locID: 102739173903630752 bcsId: 893} | ret=SUCCESS |  
2019-09-05 09:23:05,636 | INFO  | DNAudit | user=null | ip=null | op=PUT_BLOCK {blockData=[blockId=conID: 3 locID: 102739173903630752 bcsId: 0,size=4194304]} | ret=SUCCESS |  
2019-09-05 09:23:05,636 [grpc-default-executor-3] INFO  client.GrpcClientProtocolClient (GrpcClientProtocolClient.java:onNext(255)) - client-969FB6DA8C9A->4fcc8d53-44cb-4faf-b915-5afa0c7529d4: receive RaftClientReply:client-969FB6DA8C9A->4fcc8d53-44cb-4faf-b915-5afa0c7529d4@group-6A615BAE1DD1, cid=736, SUCCESS, logIndex=896, commits[4fcc8d53-44cb-4faf-b915-5afa0c7529d4:c897, 48aa5eb4-709c-4003-adb5-fbc02723cd23:c893, 609a8cf1-6ad3-4123-b94a-106ad93148a8:c893]
2019-09-05 09:23:05,637 [grpc-default-executor-3] INFO  client.GrpcClientProtocolClient (GrpcClientProtocolClient.java:onNext(255)) - client-969FB6DA8C9A->4fcc8d53-44cb-4faf-b915-5afa0c7529d4: receive RaftClientReply:client-969FB6DA8C9A->4fcc8d53-44cb-4faf-b915-5afa0c7529d4@group-6A615BAE1DD1, cid=737, SUCCESS, logIndex=897, commits[4fcc8d53-44cb-4faf-b915-5afa0c7529d4:c897, 48aa5eb4-709c-4003-adb5-fbc02723cd23:c893, 609a8cf1-6ad3-4123-b94a-106ad93148a8:c893]
2019-09-05 09:23:05,651 | INFO  | DNAudit | user=null | ip=null | op=WRITE_CHUNK {blockData=conID: 3 locID: 102739173903630752 bcsId: 893} | ret=SUCCESS |  
2019-09-05 09:23:05,651 | INFO  | DNAudit | user=null | ip=null | op=WRITE_CHUNK {blockData=conID: 3 locID: 102739173903630752 bcsId: 893} | ret=SUCCESS |  
2019-09-05 09:23:05,651 | INFO  | DNAudit | user=null | ip=null | op=PUT_BLOCK {blockData=[blockId=conID: 3 locID: 102739173903630752 bcsId: 0,size=4194304]} | ret=SUCCESS |  
2019-09-05 09:23:05,651 | INFO  | DNAudit | user=null | ip=null | op=PUT_BLOCK {blockData=[blockId=conID: 3 locID: 102739173903630752 bcsId: 0,size=4194304]} | ret=SUCCESS |  
2019-09-05 09:23:05,652 [grpc-default-executor-4] INFO  client.GrpcClientProtocolClient (GrpcClientProtocolClient.java:onNext(255)) - client-969FB6DA8C9A->4fcc8d53-44cb-4faf-b915-5afa0c7529d4: receive RaftClientReply:client-969FB6DA8C9A->4fcc8d53-44cb-4faf-b915-5afa0c7529d4@group-6A615BAE1DD1, cid=738, SUCCESS, logIndex=0, commits[4fcc8d53-44cb-4faf-b915-5afa0c7529d4:c898, 48aa5eb4-709c-4003-adb5-fbc02723cd23:c897, 609a8cf1-6ad3-4123-b94a-106ad93148a8:c897]
2019-09-05 09:23:05,660 | INFO  | DNAudit | user=null | ip=null | op=WRITE_CHUNK {blockData=conID: 1 locID: 102739173903630753 bcsId: 0} | ret=SUCCESS |  
2019-09-05 09:23:05,663 | INFO  | DNAudit | user=null | ip=null | op=WRITE_CHUNK {blockData=conID: 1 locID: 102739173903630753 bcsId: 0} | ret=SUCCESS |  
2019-09-05 09:23:05,665 | INFO  | DNAudit | user=null | ip=null | op=WRITE_CHUNK {blockData=conID: 1 locID: 102739173903630753 bcsId: 0} | ret=SUCCESS |  
2019-09-05 09:23:05,666 | INFO  | DNAudit | user=null | ip=null | op=WRITE_CHUNK {blockData=conID: 1 locID: 102739173903630753 bcsId: 0} | ret=SUCCESS |  
2019-09-05 09:23:05,669 | INFO  | DNAudit | user=null | ip=null | op=WRITE_CHUNK {blockData=conID: 1 locID: 102739173903630753 bcsId: 0} | ret=SUCCESS |  
2019-09-05 09:23:05,670 | INFO  | DNAudit | user=null | ip=null | op=WRITE_CHUNK {blockData=conID: 1 locID: 102739173903630753 bcsId: 0} | ret=SUCCESS |  
2019-09-05 09:23:05,707 | INFO  | DNAudit | user=null | ip=null | op=WRITE_CHUNK {blockData=conID: 1 locID: 102739173903630753 bcsId: 0} | ret=SUCCESS |  
2019-09-05 09:23:05,708 | INFO  | DNAudit | user=null | ip=null | op=PUT_BLOCK {blockData=[blockId=conID: 1 locID: 102739173903630753 bcsId: 0,size=1048576]} | ret=SUCCESS |  
2019-09-05 09:23:05,708 [grpc-default-executor-3] INFO  client.GrpcClientProtocolClient (GrpcClientProtocolClient.java:onNext(255)) - client-969FB6DA8C9A->4fcc8d53-44cb-4faf-b915-5afa0c7529d4: receive RaftClientReply:client-969FB6DA8C9A->4fcc8d53-44cb-4faf-b915-5afa0c7529d4@group-6A615BAE1DD1, cid=739, SUCCESS, logIndex=900, commits[4fcc8d53-44cb-4faf-b915-5afa0c7529d4:c901, 48aa5eb4-709c-4003-adb5-fbc02723cd23:c899, 609a8cf1-6ad3-4123-b94a-106ad93148a8:c899]
2019-09-05 09:23:05,709 [grpc-default-executor-3] INFO  client.GrpcClientProtocolClient (GrpcClientProtocolClient.java:onNext(255)) - client-969FB6DA8C9A->4fcc8d53-44cb-4faf-b915-5afa0c7529d4: receive RaftClientReply:client-969FB6DA8C9A->4fcc8d53-44cb-4faf-b915-5afa0c7529d4@group-6A615BAE1DD1, cid=740, SUCCESS, logIndex=901, commits[4fcc8d53-44cb-4faf-b915-5afa0c7529d4:c901, 48aa5eb4-709c-4003-adb5-fbc02723cd23:c899, 609a8cf1-6ad3-4123-b94a-106ad93148a8:c899]
2019-09-05 09:23:05,844 | INFO  | DNAudit | user=null | ip=null | op=WRITE_CHUNK {blockData=conID: 1 locID: 102739173903630753 bcsId: 0} | ret=SUCCESS |  
2019-09-05 09:23:05,844 | INFO  | DNAudit | user=null | ip=null | op=WRITE_CHUNK {blockData=conID: 1 locID: 102739173903630753 bcsId: 0} | ret=SUCCESS |  
2019-09-05 09:23:05,845 | INFO  | DNAudit | user=null | ip=null | op=PUT_BLOCK {blockData=[blockId=conID: 1 locID: 102739173903630753 bcsId: 0,size=1048576]} | ret=SUCCESS |  
2019-09-05 09:23:05,845 | INFO  | DNAudit | user=null | ip=null | op=PUT_BLOCK {blockData=[blockId=conID: 1 locID: 102739173903630753 bcsId: 0,size=2097152]} | ret=SUCCESS |  
2019-09-05 09:23:05,845 [grpc-default-executor-3] INFO  client.GrpcClientProtocolClient (GrpcClientProtocolClient.java:onNext(255)) - client-969FB6DA8C9A->4fcc8d53-44cb-4faf-b915-5afa0c7529d4: receive RaftClientReply:client-969FB6DA8C9A->4fcc8d53-44cb-4faf-b915-5afa0c7529d4@group-6A615BAE1DD1, cid=741, SUCCESS, logIndex=902, commits[4fcc8d53-44cb-4faf-b915-5afa0c7529d4:c903, 48aa5eb4-709c-4003-adb5-fbc02723cd23:c899, 609a8cf1-6ad3-4123-b94a-106ad93148a8:c899]
2019-09-05 09:23:05,846 [grpc-default-executor-3] INFO  client.GrpcClientProtocolClient (GrpcClientProtocolClient.java:onNext(255)) - client-969FB6DA8C9A->4fcc8d53-44cb-4faf-b915-5afa0c7529d4: receive RaftClientReply:client-969FB6DA8C9A->4fcc8d53-44cb-4faf-b915-5afa0c7529d4@group-6A615BAE1DD1, cid=742, SUCCESS, logIndex=903, commits[4fcc8d53-44cb-4faf-b915-5afa0c7529d4:c904, 48aa5eb4-709c-4003-adb5-fbc02723cd23:c899, 609a8cf1-6ad3-4123-b94a-106ad93148a8:c901]
2019-09-05 09:23:05,858 | INFO  | DNAudit | user=null | ip=null | op=WRITE_CHUNK {blockData=conID: 1 locID: 102739173903630753 bcsId: 0} | ret=SUCCESS |  
2019-09-05 09:23:05,859 | INFO  | DNAudit | user=null | ip=null | op=PUT_BLOCK {blockData=[blockId=conID: 1 locID: 102739173903630753 bcsId: 0,size=1048576]} | ret=SUCCESS |  
2019-09-05 09:23:05,859 | INFO  | DNAudit | user=null | ip=null | op=WRITE_CHUNK {blockData=conID: 1 locID: 102739173903630753 bcsId: 0} | ret=SUCCESS |  
2019-09-05 09:23:05,859 [grpc-default-executor-4] INFO  client.GrpcClientProtocolClient (GrpcClientProtocolClient.java:onNext(255)) - client-969FB6DA8C9A->4fcc8d53-44cb-4faf-b915-5afa0c7529d4: receive RaftClientReply:client-969FB6DA8C9A->4fcc8d53-44cb-4faf-b915-5afa0c7529d4@group-6A615BAE1DD1, cid=743, SUCCESS, logIndex=0, commits[4fcc8d53-44cb-4faf-b915-5afa0c7529d4:c905, 48aa5eb4-709c-4003-adb5-fbc02723cd23:c901, 609a8cf1-6ad3-4123-b94a-106ad93148a8:c901]
2019-09-05 09:23:05,859 | INFO  | DNAudit | user=null | ip=null | op=WRITE_CHUNK {blockData=conID: 1 locID: 102739173903630753 bcsId: 0} | ret=SUCCESS |  
2019-09-05 09:23:05,860 | INFO  | DNAudit | user=null | ip=null | op=PUT_BLOCK {blockData=[blockId=conID: 1 locID: 102739173903630753 bcsId: 0,size=2097152]} | ret=SUCCESS |  
2019-09-05 09:23:05,860 | INFO  | DNAudit | user=null | ip=null | op=PUT_BLOCK {blockData=[blockId=conID: 1 locID: 102739173903630753 bcsId: 0,size=2097152]} | ret=SUCCESS |  
2019-09-05 09:23:05,870 | INFO  | DNAudit | user=null | ip=null | op=WRITE_CHUNK {blockData=conID: 1 locID: 102739173903630753 bcsId: 903} | ret=SUCCESS |  
2019-09-05 09:23:05,873 | INFO  | DNAudit | user=null | ip=null | op=WRITE_CHUNK {blockData=conID: 1 locID: 102739173903630753 bcsId: 903} | ret=SUCCESS |  
2019-09-05 09:23:05,874 | INFO  | DNAudit | user=null | ip=null | op=WRITE_CHUNK {blockData=conID: 1 locID: 102739173903630753 bcsId: 903} | ret=SUCCESS |  
2019-09-05 09:23:05,898 | INFO  | DNAudit | user=null | ip=null | op=WRITE_CHUNK {blockData=conID: 1 locID: 102739173903630753 bcsId: 903} | ret=SUCCESS |  
2019-09-05 09:23:05,898 | INFO  | DNAudit | user=null | ip=null | op=PUT_BLOCK {blockData=[blockId=conID: 1 locID: 102739173903630753 bcsId: 0,size=3145728]} | ret=SUCCESS |  
2019-09-05 09:23:05,899 [grpc-default-executor-5] INFO  client.GrpcClientProtocolClient (GrpcClientProtocolClient.java:onNext(255)) - client-969FB6DA8C9A->4fcc8d53-44cb-4faf-b915-5afa0c7529d4: receive RaftClientReply:client-969FB6DA8C9A->4fcc8d53-44cb-4faf-b915-5afa0c7529d4@group-6A615BAE1DD1, cid=744, SUCCESS, logIndex=908, commits[4fcc8d53-44cb-4faf-b915-5afa0c7529d4:c909, 48aa5eb4-709c-4003-adb5-fbc02723cd23:c907, 609a8cf1-6ad3-4123-b94a-106ad93148a8:c907]
2019-09-05 09:23:05,899 [grpc-default-executor-5] INFO  client.GrpcClientProtocolClient (GrpcClientProtocolClient.java:onNext(255)) - client-969FB6DA8C9A->4fcc8d53-44cb-4faf-b915-5afa0c7529d4: receive RaftClientReply:client-969FB6DA8C9A->4fcc8d53-44cb-4faf-b915-5afa0c7529d4@group-6A615BAE1DD1, cid=745, SUCCESS, logIndex=909, commits[4fcc8d53-44cb-4faf-b915-5afa0c7529d4:c909, 48aa5eb4-709c-4003-adb5-fbc02723cd23:c907, 609a8cf1-6ad3-4123-b94a-106ad93148a8:c907]
2019-09-05 09:23:05,909 | INFO  | DNAudit | user=null | ip=null | op=WRITE_CHUNK {blockData=conID: 1 locID: 102739173903630753 bcsId: 909} | ret=SUCCESS |  
2019-09-05 09:23:05,911 | INFO  | DNAudit | user=null | ip=null | op=WRITE_CHUNK {blockData=conID: 1 locID: 102739173903630753 bcsId: 909} | ret=SUCCESS |  
2019-09-05 09:23:05,912 | INFO  | DNAudit | user=null | ip=null | op=WRITE_CHUNK {blockData=conID: 1 locID: 102739173903630753 bcsId: 909} | ret=SUCCESS |  
2019-09-05 09:23:05,942 | INFO  | DNAudit | user=null | ip=null | op=WRITE_CHUNK {blockData=conID: 1 locID: 102739173903630753 bcsId: 903} | ret=SUCCESS |  
2019-09-05 09:23:05,942 | INFO  | DNAudit | user=null | ip=null | op=WRITE_CHUNK {blockData=conID: 1 locID: 102739173903630753 bcsId: 903} | ret=SUCCESS |  
2019-09-05 09:23:05,942 | INFO  | DNAudit | user=null | ip=null | op=PUT_BLOCK {blockData=[blockId=conID: 1 locID: 102739173903630753 bcsId: 0,size=3145728]} | ret=SUCCESS |  
2019-09-05 09:23:05,942 | INFO  | DNAudit | user=null | ip=null | op=PUT_BLOCK {blockData=[blockId=conID: 1 locID: 102739173903630753 bcsId: 0,size=3145728]} | ret=SUCCESS |  
2019-09-05 09:23:05,944 | INFO  | DNAudit | user=null | ip=null | op=WRITE_CHUNK {blockData=conID: 1 locID: 102739173903630753 bcsId: 909} | ret=SUCCESS |  
2019-09-05 09:23:05,944 | INFO  | DNAudit | user=null | ip=null | op=PUT_BLOCK {blockData=[blockId=conID: 1 locID: 102739173903630753 bcsId: 0,size=4194304]} | ret=SUCCESS |  
2019-09-05 09:23:05,945 [grpc-default-executor-4] INFO  client.GrpcClientProtocolClient (GrpcClientProtocolClient.java:onNext(255)) - client-969FB6DA8C9A->4fcc8d53-44cb-4faf-b915-5afa0c7529d4: receive RaftClientReply:client-969FB6DA8C9A->4fcc8d53-44cb-4faf-b915-5afa0c7529d4@group-6A615BAE1DD1, cid=746, SUCCESS, logIndex=912, commits[4fcc8d53-44cb-4faf-b915-5afa0c7529d4:c913, 48aa5eb4-709c-4003-adb5-fbc02723cd23:c909, 609a8cf1-6ad3-4123-b94a-106ad93148a8:c909]
2019-09-05 09:23:05,945 [grpc-default-executor-4] INFO  client.GrpcClientProtocolClient (GrpcClientProtocolClient.java:onNext(255)) - client-969FB6DA8C9A->4fcc8d53-44cb-4faf-b915-5afa0c7529d4: receive RaftClientReply:client-969FB6DA8C9A->4fcc8d53-44cb-4faf-b915-5afa0c7529d4@group-6A615BAE1DD1, cid=747, SUCCESS, logIndex=913, commits[4fcc8d53-44cb-4faf-b915-5afa0c7529d4:c913, 48aa5eb4-709c-4003-adb5-fbc02723cd23:c909, 609a8cf1-6ad3-4123-b94a-106ad93148a8:c909]
2019-09-05 09:23:05,981 | INFO  | DNAudit | user=null | ip=null | op=WRITE_CHUNK {blockData=conID: 1 locID: 102739173903630753 bcsId: 909} | ret=SUCCESS |  
2019-09-05 09:23:05,981 | INFO  | DNAudit | user=null | ip=null | op=WRITE_CHUNK {blockData=conID: 1 locID: 102739173903630753 bcsId: 909} | ret=SUCCESS |  
2019-09-05 09:23:05,982 | INFO  | DNAudit | user=null | ip=null | op=PUT_BLOCK {blockData=[blockId=conID: 1 locID: 102739173903630753 bcsId: 0,size=4194304]} | ret=SUCCESS |  
2019-09-05 09:23:05,991 | INFO  | DNAudit | user=null | ip=null | op=PUT_BLOCK {blockData=[blockId=conID: 1 locID: 102739173903630753 bcsId: 0,size=4194304]} | ret=SUCCESS |  
2019-09-05 09:23:05,992 [grpc-default-executor-4] INFO  client.GrpcClientProtocolClient (GrpcClientProtocolClient.java:onNext(255)) - client-969FB6DA8C9A->4fcc8d53-44cb-4faf-b915-5afa0c7529d4: receive RaftClientReply:client-969FB6DA8C9A->4fcc8d53-44cb-4faf-b915-5afa0c7529d4@group-6A615BAE1DD1, cid=748, SUCCESS, logIndex=0, commits[4fcc8d53-44cb-4faf-b915-5afa0c7529d4:c915, 48aa5eb4-709c-4003-adb5-fbc02723cd23:c913, 609a8cf1-6ad3-4123-b94a-106ad93148a8:c913]
2019-09-05 09:23:05,999 | INFO  | DNAudit | user=null | ip=null | op=WRITE_CHUNK {blockData=conID: 2 locID: 102739173903630754 bcsId: 0} | ret=SUCCESS |  
2019-09-05 09:23:06,002 | INFO  | DNAudit | user=null | ip=null | op=WRITE_CHUNK {blockData=conID: 2 locID: 102739173903630754 bcsId: 0} | ret=SUCCESS |  
2019-09-05 09:23:06,002 | INFO  | DNAudit | user=null | ip=null | op=WRITE_CHUNK {blockData=conID: 2 locID: 102739173903630754 bcsId: 0} | ret=SUCCESS |  
2019-09-05 09:23:06,004 | INFO  | DNAudit | user=null | ip=null | op=WRITE_CHUNK {blockData=conID: 2 locID: 102739173903630754 bcsId: 0} | ret=SUCCESS |  
2019-09-05 09:23:06,004 | INFO  | DNAudit | user=null | ip=null | op=WRITE_CHUNK {blockData=conID: 2 locID: 102739173903630754 bcsId: 0} | ret=SUCCESS |  
2019-09-05 09:23:06,006 | INFO  | DNAudit | user=null | ip=null | op=WRITE_CHUNK {blockData=conID: 2 locID: 102739173903630754 bcsId: 0} | ret=SUCCESS |  
 0.00% |█                                                                                                    |  0/1 Time: 0:00:032019-09-05 09:23:06,029 | INFO  | DNAudit | user=null | ip=null | op=WRITE_CHUNK {blockData=conID: 2 locID: 102739173903630754 bcsId: 0} | ret=SUCCESS |  
2019-09-05 09:23:06,030 | INFO  | DNAudit | user=null | ip=null | op=PUT_BLOCK {blockData=[blockId=conID: 2 locID: 102739173903630754 bcsId: 0,size=1048576]} | ret=SUCCESS |  
2019-09-05 09:23:06,030 [grpc-default-executor-4] INFO  client.GrpcClientProtocolClient (GrpcClientProtocolClient.java:onNext(255)) - client-969FB6DA8C9A->4fcc8d53-44cb-4faf-b915-5afa0c7529d4: receive RaftClientReply:client-969FB6DA8C9A->4fcc8d53-44cb-4faf-b915-5afa0c7529d4@group-6A615BAE1DD1, cid=749, SUCCESS, logIndex=916, commits[4fcc8d53-44cb-4faf-b915-5afa0c7529d4:c917, 48aa5eb4-709c-4003-adb5-fbc02723cd23:c915, 609a8cf1-6ad3-4123-b94a-106ad93148a8:c915]
2019-09-05 09:23:06,030 | INFO  | DNAudit | user=null | ip=null | op=WRITE_CHUNK {blockData=conID: 2 locID: 102739173903630754 bcsId: 0} | ret=SUCCESS |  
2019-09-05 09:23:06,030 [grpc-default-executor-3] INFO  client.GrpcClientProtocolClient (GrpcClientProtocolClient.java:onNext(255)) - client-969FB6DA8C9A->4fcc8d53-44cb-4faf-b915-5afa0c7529d4: receive RaftClientReply:client-969FB6DA8C9A->4fcc8d53-44cb-4faf-b915-5afa0c7529d4@group-6A615BAE1DD1, cid=750, SUCCESS, logIndex=917, commits[4fcc8d53-44cb-4faf-b915-5afa0c7529d4:c919, 48aa5eb4-709c-4003-adb5-fbc02723cd23:c915, 609a8cf1-6ad3-4123-b94a-106ad93148a8:c915]
2019-09-05 09:23:06,031 | INFO  | DNAudit | user=null | ip=null | op=PUT_BLOCK {blockData=[blockId=conID: 2 locID: 102739173903630754 bcsId: 0,size=2097152]} | ret=SUCCESS |  
2019-09-05 09:23:06,031 | INFO  | DNAudit | user=null | ip=null | op=WRITE_CHUNK {blockData=conID: 2 locID: 102739173903630754 bcsId: 0} | ret=SUCCESS |  
2019-09-05 09:23:06,031 [grpc-default-executor-3] INFO  client.GrpcClientProtocolClient (GrpcClientProtocolClient.java:onNext(255)) - client-969FB6DA8C9A->4fcc8d53-44cb-4faf-b915-5afa0c7529d4: receive RaftClientReply:client-969FB6DA8C9A->4fcc8d53-44cb-4faf-b915-5afa0c7529d4@group-6A615BAE1DD1, cid=751, SUCCESS, logIndex=918, commits[4fcc8d53-44cb-4faf-b915-5afa0c7529d4:c919, 48aa5eb4-709c-4003-adb5-fbc02723cd23:c915, 609a8cf1-6ad3-4123-b94a-106ad93148a8:c915]
2019-09-05 09:23:06,031 [grpc-default-executor-3] INFO  client.GrpcClientProtocolClient (GrpcClientProtocolClient.java:onNext(255)) - client-969FB6DA8C9A->4fcc8d53-44cb-4faf-b915-5afa0c7529d4: receive RaftClientReply:client-969FB6DA8C9A->4fcc8d53-44cb-4faf-b915-5afa0c7529d4@group-6A615BAE1DD1, cid=752, SUCCESS, logIndex=919, commits[4fcc8d53-44cb-4faf-b915-5afa0c7529d4:c919, 48aa5eb4-709c-4003-adb5-fbc02723cd23:c915, 609a8cf1-6ad3-4123-b94a-106ad93148a8:c915]
2019-09-05 09:23:06,032 | INFO  | DNAudit | user=null | ip=null | op=WRITE_CHUNK {blockData=conID: 2 locID: 102739173903630754 bcsId: 0} | ret=SUCCESS |  
2019-09-05 09:23:06,032 | INFO  | DNAudit | user=null | ip=null | op=PUT_BLOCK {blockData=[blockId=conID: 2 locID: 102739173903630754 bcsId: 0,size=1048576]} | ret=SUCCESS |  
2019-09-05 09:23:06,032 | INFO  | DNAudit | user=null | ip=null | op=WRITE_CHUNK {blockData=conID: 2 locID: 102739173903630754 bcsId: 0} | ret=SUCCESS |  
2019-09-05 09:23:06,032 | INFO  | DNAudit | user=null | ip=null | op=PUT_BLOCK {blockData=[blockId=conID: 2 locID: 102739173903630754 bcsId: 0,size=1048576]} | ret=SUCCESS |  
2019-09-05 09:23:06,032 | INFO  | DNAudit | user=null | ip=null | op=WRITE_CHUNK {blockData=conID: 2 locID: 102739173903630754 bcsId: 0} | ret=SUCCESS |  
2019-09-05 09:23:06,032 | INFO  | DNAudit | user=null | ip=null | op=PUT_BLOCK {blockData=[blockId=conID: 2 locID: 102739173903630754 bcsId: 0,size=2097152]} | ret=SUCCESS |  
2019-09-05 09:23:06,032 | INFO  | DNAudit | user=null | ip=null | op=PUT_BLOCK {blockData=[blockId=conID: 2 locID: 102739173903630754 bcsId: 0,size=2097152]} | ret=SUCCESS |  
2019-09-05 09:23:06,033 [grpc-default-executor-4] INFO  client.GrpcClientProtocolClient (GrpcClientProtocolClient.java:onNext(255)) - client-969FB6DA8C9A->4fcc8d53-44cb-4faf-b915-5afa0c7529d4: receive RaftClientReply:client-969FB6DA8C9A->4fcc8d53-44cb-4faf-b915-5afa0c7529d4@group-6A615BAE1DD1, cid=753, SUCCESS, logIndex=0, commits[4fcc8d53-44cb-4faf-b915-5afa0c7529d4:c923, 48aa5eb4-709c-4003-adb5-fbc02723cd23:c918, 609a8cf1-6ad3-4123-b94a-106ad93148a8:c919]
2019-09-05 09:23:06,041 | INFO  | DNAudit | user=null | ip=null | op=WRITE_CHUNK {blockData=conID: 2 locID: 102739173903630754 bcsId: 919} | ret=SUCCESS |  
2019-09-05 09:23:06,043 | INFO  | DNAudit | user=null | ip=null | op=WRITE_CHUNK {blockData=conID: 2 locID: 102739173903630754 bcsId: 919} | ret=SUCCESS |  
2019-09-05 09:23:06,043 | INFO  | DNAudit | user=null | ip=null | op=WRITE_CHUNK {blockData=conID: 2 locID: 102739173903630754 bcsId: 919} | ret=SUCCESS |  
2019-09-05 09:23:06,055 | INFO  | SCMAudit | user=jenkins1000 | ip=192.168.36.69 | op=SEND_HEARTBEAT {datanodeUUID=609a8cf1-6ad3-4123-b94a-106ad93148a8, command=[]} | ret=SUCCESS |  
2019-09-05 09:23:06,055 | INFO  | SCMAudit | user=jenkins1000 | ip=192.168.36.69 | op=SEND_HEARTBEAT {datanodeUUID=48aa5eb4-709c-4003-adb5-fbc02723cd23, command=[]} | ret=SUCCESS |  
2019-09-05 09:23:06,055 | INFO  | SCMAudit | user=jenkins1000 | ip=192.168.36.69 | op=SEND_HEARTBEAT {datanodeUUID=4fcc8d53-44cb-4faf-b915-5afa0c7529d4, command=[]} | ret=SUCCESS |  
2019-09-05 09:23:06,063 | INFO  | DNAudit | user=null | ip=null | op=WRITE_CHUNK {blockData=conID: 2 locID: 102739173903630754 bcsId: 919} | ret=SUCCESS |  
2019-09-05 09:23:06,063 | INFO  | DNAudit | user=null | ip=null | op=PUT_BLOCK {blockData=[blockId=conID: 2 locID: 102739173903630754 bcsId: 0,size=3145728]} | ret=SUCCESS |  
2019-09-05 09:23:06,064 [grpc-default-executor-4] INFO  client.GrpcClientProtocolClient (GrpcClientProtocolClient.java:onNext(255)) - client-969FB6DA8C9A->4fcc8d53-44cb-4faf-b915-5afa0c7529d4: receive RaftClientReply:client-969FB6DA8C9A->4fcc8d53-44cb-4faf-b915-5afa0c7529d4@group-6A615BAE1DD1, cid=754, SUCCESS, logIndex=924, commits[4fcc8d53-44cb-4faf-b915-5afa0c7529d4:c925, 48aa5eb4-709c-4003-adb5-fbc02723cd23:c923, 609a8cf1-6ad3-4123-b94a-106ad93148a8:c923]
2019-09-05 09:23:06,064 [grpc-default-executor-4] INFO  client.GrpcClientProtocolClient (GrpcClientProtocolClient.java:onNext(255)) - client-969FB6DA8C9A->4fcc8d53-44cb-4faf-b915-5afa0c7529d4: receive RaftClientReply:client-969FB6DA8C9A->4fcc8d53-44cb-4faf-b915-5afa0c7529d4@group-6A615BAE1DD1, cid=755, SUCCESS, logIndex=925, commits[4fcc8d53-44cb-4faf-b915-5afa0c7529d4:c925, 48aa5eb4-709c-4003-adb5-fbc02723cd23:c923, 609a8cf1-6ad3-4123-b94a-106ad93148a8:c923]
2019-09-05 09:23:06,070 | INFO  | DNAudit | user=null | ip=null | op=WRITE_CHUNK {blockData=conID: 2 locID: 102739173903630754 bcsId: 925} | ret=SUCCESS |  
2019-09-05 09:23:06,073 | INFO  | DNAudit | user=null | ip=null | op=WRITE_CHUNK {blockData=conID: 2 locID: 102739173903630754 bcsId: 925} | ret=SUCCESS |  
2019-09-05 09:23:06,074 | INFO  | DNAudit | user=null | ip=null | op=WRITE_CHUNK {blockData=conID: 2 locID: 102739173903630754 bcsId: 925} | ret=SUCCESS |  
2019-09-05 09:23:06,094 | INFO  | DNAudit | user=null | ip=null | op=WRITE_CHUNK {blockData=conID: 2 locID: 102739173903630754 bcsId: 919} | ret=SUCCESS |  
2019-09-05 09:23:06,094 | INFO  | DNAudit | user=null | ip=null | op=WRITE_CHUNK {blockData=conID: 2 locID: 102739173903630754 bcsId: 919} | ret=SUCCESS |  
2019-09-05 09:23:06,095 | INFO  | DNAudit | user=null | ip=null | op=PUT_BLOCK {blockData=[blockId=conID: 2 locID: 102739173903630754 bcsId: 0,size=3145728]} | ret=SUCCESS |  
2019-09-05 09:23:06,095 | INFO  | DNAudit | user=null | ip=null | op=PUT_BLOCK {blockData=[blockId=conID: 2 locID: 102739173903630754 bcsId: 0,size=3145728]} | ret=SUCCESS |  
2019-09-05 09:23:06,096 | INFO  | DNAudit | user=null | ip=null | op=WRITE_CHUNK {blockData=conID: 2 locID: 102739173903630754 bcsId: 925} | ret=SUCCESS |  
2019-09-05 09:23:06,096 | INFO  | DNAudit | user=null | ip=null | op=PUT_BLOCK {blockData=[blockId=conID: 2 locID: 102739173903630754 bcsId: 0,size=4194304]} | ret=SUCCESS |  
2019-09-05 09:23:06,096 [grpc-default-executor-4] INFO  client.GrpcClientProtocolClient (GrpcClientProtocolClient.java:onNext(255)) - client-969FB6DA8C9A->4fcc8d53-44cb-4faf-b915-5afa0c7529d4: receive RaftClientReply:client-969FB6DA8C9A->4fcc8d53-44cb-4faf-b915-5afa0c7529d4@group-6A615BAE1DD1, cid=756, SUCCESS, logIndex=928, commits[4fcc8d53-44cb-4faf-b915-5afa0c7529d4:c928, 48aa5eb4-709c-4003-adb5-fbc02723cd23:c925, 609a8cf1-6ad3-4123-b94a-106ad93148a8:c925]
2019-09-05 09:23:06,097 [grpc-default-executor-4] INFO  client.GrpcClientProtocolClient (GrpcClientProtocolClient.java:onNext(255)) - client-969FB6DA8C9A->4fcc8d53-44cb-4faf-b915-5afa0c7529d4: receive RaftClientReply:client-969FB6DA8C9A->4fcc8d53-44cb-4faf-b915-5afa0c7529d4@group-6A615BAE1DD1, cid=757, SUCCESS, logIndex=929, commits[4fcc8d53-44cb-4faf-b915-5afa0c7529d4:c929, 48aa5eb4-709c-4003-adb5-fbc02723cd23:c925, 609a8cf1-6ad3-4123-b94a-106ad93148a8:c925]
2019-09-05 09:23:06,121 | INFO  | DNAudit | user=null | ip=null | op=WRITE_CHUNK {blockData=conID: 2 locID: 102739173903630754 bcsId: 925} | ret=SUCCESS |  
2019-09-05 09:23:06,122 | INFO  | DNAudit | user=null | ip=null | op=WRITE_CHUNK {blockData=conID: 2 locID: 102739173903630754 bcsId: 925} | ret=SUCCESS |  
2019-09-05 09:23:06,123 | INFO  | DNAudit | user=null | ip=null | op=PUT_BLOCK {blockData=[blockId=conID: 2 locID: 102739173903630754 bcsId: 0,size=4194304]} | ret=SUCCESS |  
2019-09-05 09:23:06,124 | INFO  | DNAudit | user=null | ip=null | op=PUT_BLOCK {blockData=[blockId=conID: 2 locID: 102739173903630754 bcsId: 0,size=4194304]} | ret=SUCCESS |  
2019-09-05 09:23:06,124 [grpc-default-executor-3] INFO  client.GrpcClientProtocolClient (GrpcClientProtocolClient.java:onNext(255)) - client-969FB6DA8C9A->4fcc8d53-44cb-4faf-b915-5afa0c7529d4: receive RaftClientReply:client-969FB6DA8C9A->4fcc8d53-44cb-4faf-b915-5afa0c7529d4@group-6A615BAE1DD1, cid=758, SUCCESS, logIndex=0, commits[4fcc8d53-44cb-4faf-b915-5afa0c7529d4:c931, 48aa5eb4-709c-4003-adb5-fbc02723cd23:c929, 609a8cf1-6ad3-4123-b94a-106ad93148a8:c929]
2019-09-05 09:23:06,132 | INFO  | DNAudit | user=null | ip=null | op=WRITE_CHUNK {blockData=conID: 3 locID: 102739173903630755 bcsId: 0} | ret=SUCCESS |  
2019-09-05 09:23:06,135 | INFO  | DNAudit | user=null | ip=null | op=WRITE_CHUNK {blockData=conID: 3 locID: 102739173903630755 bcsId: 0} | ret=SUCCESS |  
2019-09-05 09:23:06,136 | INFO  | DNAudit | user=null | ip=null | op=WRITE_CHUNK {blockData=conID: 3 locID: 102739173903630755 bcsId: 0} | ret=SUCCESS |  
2019-09-05 09:23:06,136 | INFO  | DNAudit | user=null | ip=null | op=WRITE_CHUNK {blockData=conID: 3 locID: 102739173903630755 bcsId: 0} | ret=SUCCESS |  
2019-09-05 09:23:06,137 | INFO  | SCMAudit | user=jenkins1000 | ip=192.168.36.69 | op=SEND_HEARTBEAT {datanodeUUID=5b6cff60-1414-40d6-b682-781dc5ff3023, command=[]} | ret=SUCCESS |  
2019-09-05 09:23:06,138 | INFO  | DNAudit | user=null | ip=null | op=WRITE_CHUNK {blockData=conID: 3 locID: 102739173903630755 bcsId: 0} | ret=SUCCESS |  
2019-09-05 09:23:06,138 | INFO  | DNAudit | user=null | ip=null | op=WRITE_CHUNK {blockData=conID: 3 locID: 102739173903630755 bcsId: 0} | ret=SUCCESS |  
2019-09-05 09:23:06,147 | INFO  | DNAudit | user=null | ip=null | op=WRITE_CHUNK {blockData=conID: 3 locID: 102739173903630755 bcsId: 0} | ret=SUCCESS |  
2019-09-05 09:23:06,147 | INFO  | DNAudit | user=null | ip=null | op=PUT_BLOCK {blockData=[blockId=conID: 3 locID: 102739173903630755 bcsId: 0,size=1048576]} | ret=SUCCESS |  
2019-09-05 09:23:06,147 [grpc-default-executor-4] INFO  client.GrpcClientProtocolClient (GrpcClientProtocolClient.java:onNext(255)) - client-969FB6DA8C9A->4fcc8d53-44cb-4faf-b915-5afa0c7529d4: receive RaftClientReply:client-969FB6DA8C9A->4fcc8d53-44cb-4faf-b915-5afa0c7529d4@group-6A615BAE1DD1, cid=759, SUCCESS, logIndex=932, commits[4fcc8d53-44cb-4faf-b915-5afa0c7529d4:c933, 48aa5eb4-709c-4003-adb5-fbc02723cd23:c931, 609a8cf1-6ad3-4123-b94a-106ad93148a8:c931]
2019-09-05 09:23:06,148 [grpc-default-executor-4] INFO  client.GrpcClientProtocolClient (GrpcClientProtocolClient.java:onNext(255)) - client-969FB6DA8C9A->4fcc8d53-44cb-4faf-b915-5afa0c7529d4: receive RaftClientReply:client-969FB6DA8C9A->4fcc8d53-44cb-4faf-b915-5afa0c7529d4@group-6A615BAE1DD1, cid=760, SUCCESS, logIndex=933, commits[4fcc8d53-44cb-4faf-b915-5afa0c7529d4:c933, 48aa5eb4-709c-4003-adb5-fbc02723cd23:c931, 609a8cf1-6ad3-4123-b94a-106ad93148a8:c931]
2019-09-05 09:23:06,165 | INFO  | DNAudit | user=null | ip=null | op=WRITE_CHUNK {blockData=conID: 3 locID: 102739173903630755 bcsId: 0} | ret=SUCCESS |  
2019-09-05 09:23:06,166 | INFO  | DNAudit | user=null | ip=null | op=WRITE_CHUNK {blockData=conID: 3 locID: 102739173903630755 bcsId: 0} | ret=SUCCESS |  
2019-09-05 09:23:06,166 | INFO  | DNAudit | user=null | ip=null | op=PUT_BLOCK {blockData=[blockId=conID: 3 locID: 102739173903630755 bcsId: 0,size=2097152]} | ret=SUCCESS |  
2019-09-05 09:23:06,166 | INFO  | DNAudit | user=null | ip=null | op=PUT_BLOCK {blockData=[blockId=conID: 3 locID: 102739173903630755 bcsId: 0,size=1048576]} | ret=SUCCESS |  
2019-09-05 09:23:06,166 [grpc-default-executor-3] INFO  client.GrpcClientProtocolClient (GrpcClientProtocolClient.java:onNext(255)) - client-969FB6DA8C9A->4fcc8d53-44cb-4faf-b915-5afa0c7529d4: receive RaftClientReply:client-969FB6DA8C9A->4fcc8d53-44cb-4faf-b915-5afa0c7529d4@group-6A615BAE1DD1, cid=761, SUCCESS, logIndex=934, commits[4fcc8d53-44cb-4faf-b915-5afa0c7529d4:c935, 48aa5eb4-709c-4003-adb5-fbc02723cd23:c931, 609a8cf1-6ad3-4123-b94a-106ad93148a8:c931]
2019-09-05 09:23:06,167 [grpc-default-executor-3] INFO  client.GrpcClientProtocolClient (GrpcClientProtocolClient.java:onNext(255)) - client-969FB6DA8C9A->4fcc8d53-44cb-4faf-b915-5afa0c7529d4: receive RaftClientReply:client-969FB6DA8C9A->4fcc8d53-44cb-4faf-b915-5afa0c7529d4@group-6A615BAE1DD1, cid=762, SUCCESS, logIndex=935, commits[4fcc8d53-44cb-4faf-b915-5afa0c7529d4:c935, 48aa5eb4-709c-4003-adb5-fbc02723cd23:c931, 609a8cf1-6ad3-4123-b94a-106ad93148a8:c931]
2019-09-05 09:23:06,167 | INFO  | DNAudit | user=null | ip=null | op=WRITE_CHUNK {blockData=conID: 3 locID: 102739173903630755 bcsId: 0} | ret=SUCCESS |  
2019-09-05 09:23:06,167 | INFO  | DNAudit | user=null | ip=null | op=WRITE_CHUNK {blockData=conID: 3 locID: 102739173903630755 bcsId: 0} | ret=SUCCESS |  
2019-09-05 09:23:06,167 | INFO  | DNAudit | user=null | ip=null | op=PUT_BLOCK {blockData=[blockId=conID: 3 locID: 102739173903630755 bcsId: 0,size=1048576]} | ret=SUCCESS |  
2019-09-05 09:23:06,167 | INFO  | DNAudit | user=null | ip=null | op=PUT_BLOCK {blockData=[blockId=conID: 3 locID: 102739173903630755 bcsId: 0,size=2097152]} | ret=SUCCESS |  
2019-09-05 09:23:06,168 | INFO  | DNAudit | user=null | ip=null | op=WRITE_CHUNK {blockData=conID: 3 locID: 102739173903630755 bcsId: 0} | ret=SUCCESS |  
2019-09-05 09:23:06,168 | INFO  | DNAudit | user=null | ip=null | op=PUT_BLOCK {blockData=[blockId=conID: 3 locID: 102739173903630755 bcsId: 0,size=2097152]} | ret=SUCCESS |  
2019-09-05 09:23:06,168 [grpc-default-executor-3] INFO  client.GrpcClientProtocolClient (GrpcClientProtocolClient.java:onNext(255)) - client-969FB6DA8C9A->4fcc8d53-44cb-4faf-b915-5afa0c7529d4: receive RaftClientReply:client-969FB6DA8C9A->4fcc8d53-44cb-4faf-b915-5afa0c7529d4@group-6A615BAE1DD1, cid=763, SUCCESS, logIndex=0, commits[4fcc8d53-44cb-4faf-b915-5afa0c7529d4:c936, 48aa5eb4-709c-4003-adb5-fbc02723cd23:c933, 609a8cf1-6ad3-4123-b94a-106ad93148a8:c933]
2019-09-05 09:23:06,175 | INFO  | DNAudit | user=null | ip=null | op=WRITE_CHUNK {blockData=conID: 3 locID: 102739173903630755 bcsId: 935} | ret=SUCCESS |  
2019-09-05 09:23:06,178 | INFO  | DNAudit | user=null | ip=null | op=WRITE_CHUNK {blockData=conID: 3 locID: 102739173903630755 bcsId: 935} | ret=SUCCESS |  
2019-09-05 09:23:06,179 | INFO  | DNAudit | user=null | ip=null | op=WRITE_CHUNK {blockData=conID: 3 locID: 102739173903630755 bcsId: 935} | ret=SUCCESS |  
2019-09-05 09:23:06,189 | INFO  | DNAudit | user=null | ip=null | op=WRITE_CHUNK {blockData=conID: 3 locID: 102739173903630755 bcsId: 935} | ret=SUCCESS |  
2019-09-05 09:23:06,190 | INFO  | DNAudit | user=null | ip=null | op=PUT_BLOCK {blockData=[blockId=conID: 3 locID: 102739173903630755 bcsId: 0,size=3145728]} | ret=SUCCESS |  
2019-09-05 09:23:06,190 [grpc-default-executor-0] INFO  client.GrpcClientProtocolClient (GrpcClientProtocolClient.java:onNext(255)) - client-969FB6DA8C9A->4fcc8d53-44cb-4faf-b915-5afa0c7529d4: receive RaftClientReply:client-969FB6DA8C9A->4fcc8d53-44cb-4faf-b915-5afa0c7529d4@group-6A615BAE1DD1, cid=764, SUCCESS, logIndex=939, commits[4fcc8d53-44cb-4faf-b915-5afa0c7529d4:c940, 48aa5eb4-709c-4003-adb5-fbc02723cd23:c938, 609a8cf1-6ad3-4123-b94a-106ad93148a8:c938]
2019-09-05 09:23:06,190 [grpc-default-executor-0] INFO  client.GrpcClientProtocolClient (GrpcClientProtocolClient.java:onNext(255)) - client-969FB6DA8C9A->4fcc8d53-44cb-4faf-b915-5afa0c7529d4: receive RaftClientReply:client-969FB6DA8C9A->4fcc8d53-44cb-4faf-b915-5afa0c7529d4@group-6A615BAE1DD1, cid=765, SUCCESS, logIndex=940, commits[4fcc8d53-44cb-4faf-b915-5afa0c7529d4:c940, 48aa5eb4-709c-4003-adb5-fbc02723cd23:c938, 609a8cf1-6ad3-4123-b94a-106ad93148a8:c938]
2019-09-05 09:23:06,198 | INFO  | DNAudit | user=null | ip=null | op=WRITE_CHUNK {blockData=conID: 3 locID: 102739173903630755 bcsId: 940} | ret=SUCCESS |  
2019-09-05 09:23:06,201 | INFO  | DNAudit | user=null | ip=null | op=WRITE_CHUNK {blockData=conID: 3 locID: 102739173903630755 bcsId: 940} | ret=SUCCESS |  
2019-09-05 09:23:06,201 | INFO  | DNAudit | user=null | ip=null | op=WRITE_CHUNK {blockData=conID: 3 locID: 102739173903630755 bcsId: 940} | ret=SUCCESS |  
2019-09-05 09:23:06,206 | INFO  | DNAudit | user=null | ip=null | op=WRITE_CHUNK {blockData=conID: 3 locID: 102739173903630755 bcsId: 935} | ret=SUCCESS |  
2019-09-05 09:23:06,206 | INFO  | DNAudit | user=null | ip=null | op=WRITE_CHUNK {blockData=conID: 3 locID: 102739173903630755 bcsId: 935} | ret=SUCCESS |  
2019-09-05 09:23:06,206 | INFO  | DNAudit | user=null | ip=null | op=PUT_BLOCK {blockData=[blockId=conID: 3 locID: 102739173903630755 bcsId: 0,size=3145728]} | ret=SUCCESS |  
2019-09-05 09:23:06,206 | INFO  | DNAudit | user=null | ip=null | op=PUT_BLOCK {blockData=[blockId=conID: 3 locID: 102739173903630755 bcsId: 0,size=3145728]} | ret=SUCCESS |  
2019-09-05 09:23:06,208 | INFO  | DNAudit | user=null | ip=null | op=WRITE_CHUNK {blockData=conID: 3 locID: 102739173903630755 bcsId: 940} | ret=SUCCESS |  
2019-09-05 09:23:06,208 | INFO  | DNAudit | user=null | ip=null | op=PUT_BLOCK {blockData=[blockId=conID: 3 locID: 102739173903630755 bcsId: 0,size=4194304]} | ret=SUCCESS |  
2019-09-05 09:23:06,208 [grpc-default-executor-0] INFO  client.GrpcClientProtocolClient (GrpcClientProtocolClient.java:onNext(255)) - client-969FB6DA8C9A->4fcc8d53-44cb-4faf-b915-5afa0c7529d4: receive RaftClientReply:client-969FB6DA8C9A->4fcc8d53-44cb-4faf-b915-5afa0c7529d4@group-6A615BAE1DD1, cid=766, SUCCESS, logIndex=943, commits[4fcc8d53-44cb-4faf-b915-5afa0c7529d4:c943, 48aa5eb4-709c-4003-adb5-fbc02723cd23:c940, 609a8cf1-6ad3-4123-b94a-106ad93148a8:c940]
2019-09-05 09:23:06,209 [grpc-default-executor-0] INFO  client.GrpcClientProtocolClient (GrpcClientProtocolClient.java:onNext(255)) - client-969FB6DA8C9A->4fcc8d53-44cb-4faf-b915-5afa0c7529d4: receive RaftClientReply:client-969FB6DA8C9A->4fcc8d53-44cb-4faf-b915-5afa0c7529d4@group-6A615BAE1DD1, cid=767, SUCCESS, logIndex=944, commits[4fcc8d53-44cb-4faf-b915-5afa0c7529d4:c944, 48aa5eb4-709c-4003-adb5-fbc02723cd23:c940, 609a8cf1-6ad3-4123-b94a-106ad93148a8:c940]
2019-09-05 09:23:06,225 | INFO  | DNAudit | user=null | ip=null | op=WRITE_CHUNK {blockData=conID: 3 locID: 102739173903630755 bcsId: 940} | ret=SUCCESS |  
2019-09-05 09:23:06,225 | INFO  | DNAudit | user=null | ip=null | op=WRITE_CHUNK {blockData=conID: 3 locID: 102739173903630755 bcsId: 940} | ret=SUCCESS |  
2019-09-05 09:23:06,226 | INFO  | DNAudit | user=null | ip=null | op=PUT_BLOCK {blockData=[blockId=conID: 3 locID: 102739173903630755 bcsId: 0,size=4194304]} | ret=SUCCESS |  
2019-09-05 09:23:06,226 | INFO  | DNAudit | user=null | ip=null | op=PUT_BLOCK {blockData=[blockId=conID: 3 locID: 102739173903630755 bcsId: 0,size=4194304]} | ret=SUCCESS |  
2019-09-05 09:23:06,227 [grpc-default-executor-3] INFO  client.GrpcClientProtocolClient (GrpcClientProtocolClient.java:onNext(255)) - client-969FB6DA8C9A->4fcc8d53-44cb-4faf-b915-5afa0c7529d4: receive RaftClientReply:client-969FB6DA8C9A->4fcc8d53-44cb-4faf-b915-5afa0c7529d4@group-6A615BAE1DD1, cid=768, SUCCESS, logIndex=0, commits[4fcc8d53-44cb-4faf-b915-5afa0c7529d4:c946, 48aa5eb4-709c-4003-adb5-fbc02723cd23:c944, 609a8cf1-6ad3-4123-b94a-106ad93148a8:c944]
2019-09-05 09:23:06,234 | INFO  | DNAudit | user=null | ip=null | op=WRITE_CHUNK {blockData=conID: 1 locID: 102739173903696292 bcsId: 0} | ret=SUCCESS |  
2019-09-05 09:23:06,236 | INFO  | DNAudit | user=null | ip=null | op=WRITE_CHUNK {blockData=conID: 1 locID: 102739173903696292 bcsId: 0} | ret=SUCCESS |  
2019-09-05 09:23:06,236 | INFO  | DNAudit | user=null | ip=null | op=WRITE_CHUNK {blockData=conID: 1 locID: 102739173903696292 bcsId: 0} | ret=SUCCESS |  
2019-09-05 09:23:06,236 | INFO  | DNAudit | user=null | ip=null | op=WRITE_CHUNK {blockData=conID: 1 locID: 102739173903696292 bcsId: 0} | ret=SUCCESS |  
2019-09-05 09:23:06,239 | INFO  | DNAudit | user=null | ip=null | op=WRITE_CHUNK {blockData=conID: 1 locID: 102739173903696292 bcsId: 0} | ret=SUCCESS |  
2019-09-05 09:23:06,239 | INFO  | DNAudit | user=null | ip=null | op=WRITE_CHUNK {blockData=conID: 1 locID: 102739173903696292 bcsId: 0} | ret=SUCCESS |  
2019-09-05 09:23:06,249 | INFO  | DNAudit | user=null | ip=null | op=WRITE_CHUNK {blockData=conID: 1 locID: 102739173903696292 bcsId: 0} | ret=SUCCESS |  
2019-09-05 09:23:06,250 | INFO  | DNAudit | user=null | ip=null | op=PUT_BLOCK {blockData=[blockId=conID: 1 locID: 102739173903696292 bcsId: 0,size=1048576]} | ret=SUCCESS |  
2019-09-05 09:23:06,250 [grpc-default-executor-0] INFO  client.GrpcClientProtocolClient (GrpcClientProtocolClient.java:onNext(255)) - client-969FB6DA8C9A->4fcc8d53-44cb-4faf-b915-5afa0c7529d4: receive RaftClientReply:client-969FB6DA8C9A->4fcc8d53-44cb-4faf-b915-5afa0c7529d4@group-6A615BAE1DD1, cid=769, SUCCESS, logIndex=947, commits[4fcc8d53-44cb-4faf-b915-5afa0c7529d4:c948, 48aa5eb4-709c-4003-adb5-fbc02723cd23:c946, 609a8cf1-6ad3-4123-b94a-106ad93148a8:c946]
2019-09-05 09:23:06,251 [grpc-default-executor-0] INFO  client.GrpcClientProtocolClient (GrpcClientProtocolClient.java:onNext(255)) - client-969FB6DA8C9A->4fcc8d53-44cb-4faf-b915-5afa0c7529d4: receive RaftClientReply:client-969FB6DA8C9A->4fcc8d53-44cb-4faf-b915-5afa0c7529d4@group-6A615BAE1DD1, cid=770, SUCCESS, logIndex=948, commits[4fcc8d53-44cb-4faf-b915-5afa0c7529d4:c948, 48aa5eb4-709c-4003-adb5-fbc02723cd23:c946, 609a8cf1-6ad3-4123-b94a-106ad93148a8:c946]
2019-09-05 09:23:06,272 | INFO  | DNAudit | user=null | ip=null | op=WRITE_CHUNK {blockData=conID: 1 locID: 102739173903696292 bcsId: 0} | ret=SUCCESS |  
2019-09-05 09:23:06,272 | INFO  | DNAudit | user=null | ip=null | op=PUT_BLOCK {blockData=[blockId=conID: 1 locID: 102739173903696292 bcsId: 0,size=2097152]} | ret=SUCCESS |  
2019-09-05 09:23:06,272 | INFO  | DNAudit | user=null | ip=null | op=WRITE_CHUNK {blockData=conID: 1 locID: 102739173903696292 bcsId: 0} | ret=SUCCESS |  
2019-09-05 09:23:06,272 [grpc-default-executor-3] INFO  client.GrpcClientProtocolClient (GrpcClientProtocolClient.java:onNext(255)) - client-969FB6DA8C9A->4fcc8d53-44cb-4faf-b915-5afa0c7529d4: receive RaftClientReply:client-969FB6DA8C9A->4fcc8d53-44cb-4faf-b915-5afa0c7529d4@group-6A615BAE1DD1, cid=771, SUCCESS, logIndex=949, commits[4fcc8d53-44cb-4faf-b915-5afa0c7529d4:c950, 48aa5eb4-709c-4003-adb5-fbc02723cd23:c946, 609a8cf1-6ad3-4123-b94a-106ad93148a8:c946]
2019-09-05 09:23:06,272 | INFO  | DNAudit | user=null | ip=null | op=PUT_BLOCK {blockData=[blockId=conID: 1 locID: 102739173903696292 bcsId: 0,size=1048576]} | ret=SUCCESS |  
2019-09-05 09:23:06,272 [grpc-default-executor-4] INFO  client.GrpcClientProtocolClient (GrpcClientProtocolClient.java:onNext(255)) - client-969FB6DA8C9A->4fcc8d53-44cb-4faf-b915-5afa0c7529d4: receive RaftClientReply:client-969FB6DA8C9A->4fcc8d53-44cb-4faf-b915-5afa0c7529d4@group-6A615BAE1DD1, cid=772, SUCCESS, logIndex=950, commits[4fcc8d53-44cb-4faf-b915-5afa0c7529d4:c950, 48aa5eb4-709c-4003-adb5-fbc02723cd23:c946, 609a8cf1-6ad3-4123-b94a-106ad93148a8:c946]
2019-09-05 09:23:06,273 | INFO  | DNAudit | user=null | ip=null | op=WRITE_CHUNK {blockData=conID: 1 locID: 102739173903696292 bcsId: 0} | ret=SUCCESS |  
2019-09-05 09:23:06,273 | INFO  | DNAudit | user=null | ip=null | op=PUT_BLOCK {blockData=[blockId=conID: 1 locID: 102739173903696292 bcsId: 0,size=1048576]} | ret=SUCCESS |  
2019-09-05 09:23:06,273 | INFO  | DNAudit | user=null | ip=null | op=WRITE_CHUNK {blockData=conID: 1 locID: 102739173903696292 bcsId: 0} | ret=SUCCESS |  
2019-09-05 09:23:06,273 | INFO  | DNAudit | user=null | ip=null | op=PUT_BLOCK {blockData=[blockId=conID: 1 locID: 102739173903696292 bcsId: 0,size=2097152]} | ret=SUCCESS |  
2019-09-05 09:23:06,274 [grpc-default-executor-3] INFO  client.GrpcClientProtocolClient (GrpcClientProtocolClient.java:onNext(255)) - client-969FB6DA8C9A->4fcc8d53-44cb-4faf-b915-5afa0c7529d4: receive RaftClientReply:client-969FB6DA8C9A->4fcc8d53-44cb-4faf-b915-5afa0c7529d4@group-6A615BAE1DD1, cid=773, SUCCESS, logIndex=0, commits[4fcc8d53-44cb-4faf-b915-5afa0c7529d4:c952, 48aa5eb4-709c-4003-adb5-fbc02723cd23:c948, 609a8cf1-6ad3-4123-b94a-106ad93148a8:c948]
2019-09-05 09:23:06,274 | INFO  | DNAudit | user=null | ip=null | op=WRITE_CHUNK {blockData=conID: 1 locID: 102739173903696292 bcsId: 0} | ret=SUCCESS |  
2019-09-05 09:23:06,274 | INFO  | DNAudit | user=null | ip=null | op=PUT_BLOCK {blockData=[blockId=conID: 1 locID: 102739173903696292 bcsId: 0,size=2097152]} | ret=SUCCESS |  
2019-09-05 09:23:06,279 | INFO  | DNAudit | user=null | ip=null | op=WRITE_CHUNK {blockData=conID: 1 locID: 102739173903696292 bcsId: 950} | ret=SUCCESS |  
2019-09-05 09:23:06,282 | INFO  | DNAudit | user=null | ip=null | op=WRITE_CHUNK {blockData=conID: 1 locID: 102739173903696292 bcsId: 950} | ret=SUCCESS |  
2019-09-05 09:23:06,283 | INFO  | DNAudit | user=null | ip=null | op=WRITE_CHUNK {blockData=conID: 1 locID: 102739173903696292 bcsId: 950} | ret=SUCCESS |  
2019-09-05 09:23:06,296 | INFO  | DNAudit | user=null | ip=null | op=WRITE_CHUNK {blockData=conID: 1 locID: 102739173903696292 bcsId: 950} | ret=SUCCESS |  
2019-09-05 09:23:06,297 | INFO  | DNAudit | user=null | ip=null | op=PUT_BLOCK {blockData=[blockId=conID: 1 locID: 102739173903696292 bcsId: 0,size=3145728]} | ret=SUCCESS |  
2019-09-05 09:23:06,297 [grpc-default-executor-4] INFO  client.GrpcClientProtocolClient (GrpcClientProtocolClient.java:onNext(255)) - client-969FB6DA8C9A->4fcc8d53-44cb-4faf-b915-5afa0c7529d4: receive RaftClientReply:client-969FB6DA8C9A->4fcc8d53-44cb-4faf-b915-5afa0c7529d4@group-6A615BAE1DD1, cid=774, SUCCESS, logIndex=955, commits[4fcc8d53-44cb-4faf-b915-5afa0c7529d4:c956, 48aa5eb4-709c-4003-adb5-fbc02723cd23:c954, 609a8cf1-6ad3-4123-b94a-106ad93148a8:c954]
2019-09-05 09:23:06,297 [grpc-default-executor-4] INFO  client.GrpcClientProtocolClient (GrpcClientProtocolClient.java:onNext(255)) - client-969FB6DA8C9A->4fcc8d53-44cb-4faf-b915-5afa0c7529d4: receive RaftClientReply:client-969FB6DA8C9A->4fcc8d53-44cb-4faf-b915-5afa0c7529d4@group-6A615BAE1DD1, cid=775, SUCCESS, logIndex=956, commits[4fcc8d53-44cb-4faf-b915-5afa0c7529d4:c956, 48aa5eb4-709c-4003-adb5-fbc02723cd23:c954, 609a8cf1-6ad3-4123-b94a-106ad93148a8:c954]
2019-09-05 09:23:06,304 | INFO  | DNAudit | user=null | ip=null | op=WRITE_CHUNK {blockData=conID: 1 locID: 102739173903696292 bcsId: 956} | ret=SUCCESS |  
2019-09-05 09:23:06,306 | INFO  | DNAudit | user=null | ip=null | op=WRITE_CHUNK {blockData=conID: 1 locID: 102739173903696292 bcsId: 956} | ret=SUCCESS |  
2019-09-05 09:23:06,306 | INFO  | DNAudit | user=null | ip=null | op=WRITE_CHUNK {blockData=conID: 1 locID: 102739173903696292 bcsId: 956} | ret=SUCCESS |  
2019-09-05 09:23:06,310 | INFO  | SCMAudit | user=jenkins1000 | ip=192.168.36.69 | op=SEND_HEARTBEAT {datanodeUUID=fe9e29a7-51ad-458f-9e11-f615da290baa, command=[]} | ret=SUCCESS |  
2019-09-05 09:23:06,314 | INFO  | DNAudit | user=null | ip=null | op=WRITE_CHUNK {blockData=conID: 1 locID: 102739173903696292 bcsId: 950} | ret=SUCCESS |  
2019-09-05 09:23:06,314 | INFO  | DNAudit | user=null | ip=null | op=WRITE_CHUNK {blockData=conID: 1 locID: 102739173903696292 bcsId: 950} | ret=SUCCESS |  
2019-09-05 09:23:06,314 | INFO  | DNAudit | user=null | ip=null | op=PUT_BLOCK {blockData=[blockId=conID: 1 locID: 102739173903696292 bcsId: 0,size=3145728]} | ret=SUCCESS |  
2019-09-05 09:23:06,314 | INFO  | DNAudit | user=null | ip=null | op=PUT_BLOCK {blockData=[blockId=conID: 1 locID: 102739173903696292 bcsId: 0,size=3145728]} | ret=SUCCESS |  
2019-09-05 09:23:06,315 | INFO  | DNAudit | user=null | ip=null | op=WRITE_CHUNK {blockData=conID: 1 locID: 102739173903696292 bcsId: 956} | ret=SUCCESS |  
2019-09-05 09:23:06,316 | INFO  | DNAudit | user=null | ip=null | op=PUT_BLOCK {blockData=[blockId=conID: 1 locID: 102739173903696292 bcsId: 0,size=4194304]} | ret=SUCCESS |  
2019-09-05 09:23:06,316 [grpc-default-executor-0] INFO  client.GrpcClientProtocolClient (GrpcClientProtocolClient.java:onNext(255)) - client-969FB6DA8C9A->4fcc8d53-44cb-4faf-b915-5afa0c7529d4: receive RaftClientReply:client-969FB6DA8C9A->4fcc8d53-44cb-4faf-b915-5afa0c7529d4@group-6A615BAE1DD1, cid=776, SUCCESS, logIndex=959, commits[4fcc8d53-44cb-4faf-b915-5afa0c7529d4:c960, 48aa5eb4-709c-4003-adb5-fbc02723cd23:c956, 609a8cf1-6ad3-4123-b94a-106ad93148a8:c956]
2019-09-05 09:23:06,316 [grpc-default-executor-0] INFO  client.GrpcClientProtocolClient (GrpcClientProtocolClient.java:onNext(255)) - client-969FB6DA8C9A->4fcc8d53-44cb-4faf-b915-5afa0c7529d4: receive RaftClientReply:client-969FB6DA8C9A->4fcc8d53-44cb-4faf-b915-5afa0c7529d4@group-6A615BAE1DD1, cid=777, SUCCESS, logIndex=960, commits[4fcc8d53-44cb-4faf-b915-5afa0c7529d4:c960, 48aa5eb4-709c-4003-adb5-fbc02723cd23:c956, 609a8cf1-6ad3-4123-b94a-106ad93148a8:c956]
2019-09-05 09:23:06,331 | INFO  | DNAudit | user=null | ip=null | op=WRITE_CHUNK {blockData=conID: 1 locID: 102739173903696292 bcsId: 956} | ret=SUCCESS |  
2019-09-05 09:23:06,331 | INFO  | DNAudit | user=null | ip=null | op=WRITE_CHUNK {blockData=conID: 1 locID: 102739173903696292 bcsId: 956} | ret=SUCCESS |  
2019-09-05 09:23:06,331 | INFO  | DNAudit | user=null | ip=null | op=PUT_BLOCK {blockData=[blockId=conID: 1 locID: 102739173903696292 bcsId: 0,size=4194304]} | ret=SUCCESS |  
2019-09-05 09:23:06,332 | INFO  | DNAudit | user=null | ip=null | op=PUT_BLOCK {blockData=[blockId=conID: 1 locID: 102739173903696292 bcsId: 0,size=4194304]} | ret=SUCCESS |  
2019-09-05 09:23:06,332 [grpc-default-executor-0] INFO  client.GrpcClientProtocolClient (GrpcClientProtocolClient.java:onNext(255)) - client-969FB6DA8C9A->4fcc8d53-44cb-4faf-b915-5afa0c7529d4: receive RaftClientReply:client-969FB6DA8C9A->4fcc8d53-44cb-4faf-b915-5afa0c7529d4@group-6A615BAE1DD1, cid=778, SUCCESS, logIndex=0, commits[4fcc8d53-44cb-4faf-b915-5afa0c7529d4:c961, 48aa5eb4-709c-4003-adb5-fbc02723cd23:c960, 609a8cf1-6ad3-4123-b94a-106ad93148a8:c960]
2019-09-05 09:23:06,340 | INFO  | DNAudit | user=null | ip=null | op=WRITE_CHUNK {blockData=conID: 2 locID: 102739173903696293 bcsId: 0} | ret=SUCCESS |  
2019-09-05 09:23:06,341 | INFO  | DNAudit | user=null | ip=null | op=WRITE_CHUNK {blockData=conID: 2 locID: 102739173903696293 bcsId: 0} | ret=SUCCESS |  
2019-09-05 09:23:06,341 | INFO  | DNAudit | user=null | ip=null | op=WRITE_CHUNK {blockData=conID: 2 locID: 102739173903696293 bcsId: 0} | ret=SUCCESS |  
2019-09-05 09:23:06,342 | INFO  | DNAudit | user=null | ip=null | op=WRITE_CHUNK {blockData=conID: 2 locID: 102739173903696293 bcsId: 0} | ret=SUCCESS |  
2019-09-05 09:23:06,344 | INFO  | DNAudit | user=null | ip=null | op=WRITE_CHUNK {blockData=conID: 2 locID: 102739173903696293 bcsId: 0} | ret=SUCCESS |  
2019-09-05 09:23:06,344 | INFO  | DNAudit | user=null | ip=null | op=WRITE_CHUNK {blockData=conID: 2 locID: 102739173903696293 bcsId: 0} | ret=SUCCESS |  
2019-09-05 09:23:06,365 | INFO  | DNAudit | user=null | ip=null | op=WRITE_CHUNK {blockData=conID: 2 locID: 102739173903696293 bcsId: 0} | ret=SUCCESS |  
2019-09-05 09:23:06,365 | INFO  | DNAudit | user=null | ip=null | op=PUT_BLOCK {blockData=[blockId=conID: 2 locID: 102739173903696293 bcsId: 0,size=1048576]} | ret=SUCCESS |  
2019-09-05 09:23:06,366 | INFO  | DNAudit | user=null | ip=null | op=WRITE_CHUNK {blockData=conID: 2 locID: 102739173903696293 bcsId: 0} | ret=SUCCESS |  
2019-09-05 09:23:06,366 [grpc-default-executor-4] INFO  client.GrpcClientProtocolClient (GrpcClientProtocolClient.java:onNext(255)) - client-969FB6DA8C9A->4fcc8d53-44cb-4faf-b915-5afa0c7529d4: receive RaftClientReply:client-969FB6DA8C9A->4fcc8d53-44cb-4faf-b915-5afa0c7529d4@group-6A615BAE1DD1, cid=779, SUCCESS, logIndex=963, commits[4fcc8d53-44cb-4faf-b915-5afa0c7529d4:c964, 48aa5eb4-709c-4003-adb5-fbc02723cd23:c962, 609a8cf1-6ad3-4123-b94a-106ad93148a8:c962]
2019-09-05 09:23:06,366 | INFO  | DNAudit | user=null | ip=null | op=PUT_BLOCK {blockData=[blockId=conID: 2 locID: 102739173903696293 bcsId: 0,size=2097152]} | ret=SUCCESS |  
2019-09-05 09:23:06,366 [grpc-default-executor-4] INFO  client.GrpcClientProtocolClient (GrpcClientProtocolClient.java:onNext(255)) - client-969FB6DA8C9A->4fcc8d53-44cb-4faf-b915-5afa0c7529d4: receive RaftClientReply:client-969FB6DA8C9A->4fcc8d53-44cb-4faf-b915-5afa0c7529d4@group-6A615BAE1DD1, cid=780, SUCCESS, logIndex=964, commits[4fcc8d53-44cb-4faf-b915-5afa0c7529d4:c966, 48aa5eb4-709c-4003-adb5-fbc02723cd23:c962, 609a8cf1-6ad3-4123-b94a-106ad93148a8:c962]
2019-09-05 09:23:06,366 [grpc-default-executor-4] INFO  client.GrpcClientProtocolClient (GrpcClientProtocolClient.java:onNext(255)) - client-969FB6DA8C9A->4fcc8d53-44cb-4faf-b915-5afa0c7529d4: receive RaftClientReply:client-969FB6DA8C9A->4fcc8d53-44cb-4faf-b915-5afa0c7529d4@group-6A615BAE1DD1, cid=781, SUCCESS, logIndex=965, commits[4fcc8d53-44cb-4faf-b915-5afa0c7529d4:c966, 48aa5eb4-709c-4003-adb5-fbc02723cd23:c962, 609a8cf1-6ad3-4123-b94a-106ad93148a8:c962]
2019-09-05 09:23:06,366 [grpc-default-executor-4] INFO  client.GrpcClientProtocolClient (GrpcClientProtocolClient.java:onNext(255)) - client-969FB6DA8C9A->4fcc8d53-44cb-4faf-b915-5afa0c7529d4: receive RaftClientReply:client-969FB6DA8C9A->4fcc8d53-44cb-4faf-b915-5afa0c7529d4@group-6A615BAE1DD1, cid=782, SUCCESS, logIndex=966, commits[4fcc8d53-44cb-4faf-b915-5afa0c7529d4:c966, 48aa5eb4-709c-4003-adb5-fbc02723cd23:c962, 609a8cf1-6ad3-4123-b94a-106ad93148a8:c962]
2019-09-05 09:23:06,386 | INFO  | DNAudit | user=null | ip=null | op=WRITE_CHUNK {blockData=conID: 2 locID: 102739173903696293 bcsId: 0} | ret=SUCCESS |  
2019-09-05 09:23:06,386 | INFO  | DNAudit | user=null | ip=null | op=WRITE_CHUNK {blockData=conID: 2 locID: 102739173903696293 bcsId: 0} | ret=SUCCESS |  
2019-09-05 09:23:06,387 | INFO  | DNAudit | user=null | ip=null | op=PUT_BLOCK {blockData=[blockId=conID: 2 locID: 102739173903696293 bcsId: 0,size=1048576]} | ret=SUCCESS |  
2019-09-05 09:23:06,387 | INFO  | DNAudit | user=null | ip=null | op=WRITE_CHUNK {blockData=conID: 2 locID: 102739173903696293 bcsId: 0} | ret=SUCCESS |  
2019-09-05 09:23:06,387 | INFO  | DNAudit | user=null | ip=null | op=PUT_BLOCK {blockData=[blockId=conID: 2 locID: 102739173903696293 bcsId: 0,size=1048576]} | ret=SUCCESS |  
2019-09-05 09:23:06,387 | INFO  | DNAudit | user=null | ip=null | op=PUT_BLOCK {blockData=[blockId=conID: 2 locID: 102739173903696293 bcsId: 0,size=2097152]} | ret=SUCCESS |  
2019-09-05 09:23:06,387 | INFO  | DNAudit | user=null | ip=null | op=WRITE_CHUNK {blockData=conID: 2 locID: 102739173903696293 bcsId: 0} | ret=SUCCESS |  
2019-09-05 09:23:06,387 | INFO  | DNAudit | user=null | ip=null | op=PUT_BLOCK {blockData=[blockId=conID: 2 locID: 102739173903696293 bcsId: 0,size=2097152]} | ret=SUCCESS |  
2019-09-05 09:23:06,388 [grpc-default-executor-4] INFO  client.GrpcClientProtocolClient (GrpcClientProtocolClient.java:onNext(255)) - client-969FB6DA8C9A->4fcc8d53-44cb-4faf-b915-5afa0c7529d4: receive RaftClientReply:client-969FB6DA8C9A->4fcc8d53-44cb-4faf-b915-5afa0c7529d4@group-6A615BAE1DD1, cid=783, SUCCESS, logIndex=0, commits[4fcc8d53-44cb-4faf-b915-5afa0c7529d4:c970, 48aa5eb4-709c-4003-adb5-fbc02723cd23:c964, 609a8cf1-6ad3-4123-b94a-106ad93148a8:c966]
2019-09-05 09:23:06,394 | INFO  | DNAudit | user=null | ip=null | op=WRITE_CHUNK {blockData=conID: 2 locID: 102739173903696293 bcsId: 966} | ret=SUCCESS |  
2019-09-05 09:23:06,396 | INFO  | DNAudit | user=null | ip=null | op=WRITE_CHUNK {blockData=conID: 2 locID: 102739173903696293 bcsId: 966} | ret=SUCCESS |  
2019-09-05 09:23:06,396 | INFO  | DNAudit | user=null | ip=null | op=WRITE_CHUNK {blockData=conID: 2 locID: 102739173903696293 bcsId: 966} | ret=SUCCESS |  
2019-09-05 09:23:06,410 | INFO  | DNAudit | user=null | ip=null | op=WRITE_CHUNK {blockData=conID: 2 locID: 102739173903696293 bcsId: 966} | ret=SUCCESS |  
2019-09-05 09:23:06,411 | INFO  | DNAudit | user=null | ip=null | op=PUT_BLOCK {blockData=[blockId=conID: 2 locID: 102739173903696293 bcsId: 0,size=3145728]} | ret=SUCCESS |  
2019-09-05 09:23:06,411 [grpc-default-executor-0] INFO  client.GrpcClientProtocolClient (GrpcClientProtocolClient.java:onNext(255)) - client-969FB6DA8C9A->4fcc8d53-44cb-4faf-b915-5afa0c7529d4: receive RaftClientReply:client-969FB6DA8C9A->4fcc8d53-44cb-4faf-b915-5afa0c7529d4@group-6A615BAE1DD1, cid=784, SUCCESS, logIndex=971, commits[4fcc8d53-44cb-4faf-b915-5afa0c7529d4:c972, 48aa5eb4-709c-4003-adb5-fbc02723cd23:c970, 609a8cf1-6ad3-4123-b94a-106ad93148a8:c970]
2019-09-05 09:23:06,411 [grpc-default-executor-0] INFO  client.GrpcClientProtocolClient (GrpcClientProtocolClient.java:onNext(255)) - client-969FB6DA8C9A->4fcc8d53-44cb-4faf-b915-5afa0c7529d4: receive RaftClientReply:client-969FB6DA8C9A->4fcc8d53-44cb-4faf-b915-5afa0c7529d4@group-6A615BAE1DD1, cid=785, SUCCESS, logIndex=972, commits[4fcc8d53-44cb-4faf-b915-5afa0c7529d4:c972, 48aa5eb4-709c-4003-adb5-fbc02723cd23:c970, 609a8cf1-6ad3-4123-b94a-106ad93148a8:c970]
2019-09-05 09:23:06,417 | INFO  | DNAudit | user=null | ip=null | op=WRITE_CHUNK {blockData=conID: 2 locID: 102739173903696293 bcsId: 972} | ret=SUCCESS |  
2019-09-05 09:23:06,419 | INFO  | DNAudit | user=null | ip=null | op=WRITE_CHUNK {blockData=conID: 2 locID: 102739173903696293 bcsId: 972} | ret=SUCCESS |  
2019-09-05 09:23:06,419 | INFO  | DNAudit | user=null | ip=null | op=WRITE_CHUNK {blockData=conID: 2 locID: 102739173903696293 bcsId: 972} | ret=SUCCESS |  
2019-09-05 09:23:06,435 | INFO  | DNAudit | user=null | ip=null | op=WRITE_CHUNK {blockData=conID: 2 locID: 102739173903696293 bcsId: 966} | ret=SUCCESS |  
2019-09-05 09:23:06,435 | INFO  | DNAudit | user=null | ip=null | op=PUT_BLOCK {blockData=[blockId=conID: 2 locID: 102739173903696293 bcsId: 0,size=3145728]} | ret=SUCCESS |  
2019-09-05 09:23:06,439 | INFO  | DNAudit | user=null | ip=null | op=WRITE_CHUNK {blockData=conID: 2 locID: 102739173903696293 bcsId: 966} | ret=SUCCESS |  
2019-09-05 09:23:06,439 | INFO  | DNAudit | user=null | ip=null | op=PUT_BLOCK {blockData=[blockId=conID: 2 locID: 102739173903696293 bcsId: 0,size=3145728]} | ret=SUCCESS |  
2019-09-05 09:23:06,440 | INFO  | DNAudit | user=null | ip=null | op=WRITE_CHUNK {blockData=conID: 2 locID: 102739173903696293 bcsId: 972} | ret=SUCCESS |  
2019-09-05 09:23:06,440 | INFO  | DNAudit | user=null | ip=null | op=PUT_BLOCK {blockData=[blockId=conID: 2 locID: 102739173903696293 bcsId: 0,size=4194304]} | ret=SUCCESS |  
2019-09-05 09:23:06,441 [grpc-default-executor-4] INFO  client.GrpcClientProtocolClient (GrpcClientProtocolClient.java:onNext(255)) - client-969FB6DA8C9A->4fcc8d53-44cb-4faf-b915-5afa0c7529d4: receive RaftClientReply:client-969FB6DA8C9A->4fcc8d53-44cb-4faf-b915-5afa0c7529d4@group-6A615BAE1DD1, cid=786, SUCCESS, logIndex=975, commits[4fcc8d53-44cb-4faf-b915-5afa0c7529d4:c976, 48aa5eb4-709c-4003-adb5-fbc02723cd23:c972, 609a8cf1-6ad3-4123-b94a-106ad93148a8:c972]
2019-09-05 09:23:06,441 [grpc-default-executor-4] INFO  client.GrpcClientProtocolClient (GrpcClientProtocolClient.java:onNext(255)) - client-969FB6DA8C9A->4fcc8d53-44cb-4faf-b915-5afa0c7529d4: receive RaftClientReply:client-969FB6DA8C9A->4fcc8d53-44cb-4faf-b915-5afa0c7529d4@group-6A615BAE1DD1, cid=787, SUCCESS, logIndex=976, commits[4fcc8d53-44cb-4faf-b915-5afa0c7529d4:c976, 48aa5eb4-709c-4003-adb5-fbc02723cd23:c972, 609a8cf1-6ad3-4123-b94a-106ad93148a8:c972]
2019-09-05 09:23:06,482 | INFO  | DNAudit | user=null | ip=null | op=WRITE_CHUNK {blockData=conID: 2 locID: 102739173903696293 bcsId: 972} | ret=SUCCESS |  
2019-09-05 09:23:06,483 | INFO  | DNAudit | user=null | ip=null | op=WRITE_CHUNK {blockData=conID: 2 locID: 102739173903696293 bcsId: 972} | ret=SUCCESS |  
2019-09-05 09:23:06,483 | INFO  | DNAudit | user=null | ip=null | op=PUT_BLOCK {blockData=[blockId=conID: 2 locID: 102739173903696293 bcsId: 0,size=4194304]} | ret=SUCCESS |  
2019-09-05 09:23:06,483 | INFO  | DNAudit | user=null | ip=null | op=PUT_BLOCK {blockData=[blockId=conID: 2 locID: 102739173903696293 bcsId: 0,size=4194304]} | ret=SUCCESS |  
2019-09-05 09:23:06,484 [grpc-default-executor-4] INFO  client.GrpcClientProtocolClient (GrpcClientProtocolClient.java:onNext(255)) - client-969FB6DA8C9A->4fcc8d53-44cb-4faf-b915-5afa0c7529d4: receive RaftClientReply:client-969FB6DA8C9A->4fcc8d53-44cb-4faf-b915-5afa0c7529d4@group-6A615BAE1DD1, cid=788, SUCCESS, logIndex=0, commits[4fcc8d53-44cb-4faf-b915-5afa0c7529d4:c978, 48aa5eb4-709c-4003-adb5-fbc02723cd23:c976, 609a8cf1-6ad3-4123-b94a-106ad93148a8:c976]
2019-09-05 09:23:06,491 | INFO  | DNAudit | user=null | ip=null | op=WRITE_CHUNK {blockData=conID: 3 locID: 102739173903696294 bcsId: 0} | ret=SUCCESS |  
2019-09-05 09:23:06,493 | INFO  | DNAudit | user=null | ip=null | op=WRITE_CHUNK {blockData=conID: 3 locID: 102739173903696294 bcsId: 0} | ret=SUCCESS |  
2019-09-05 09:23:06,493 | INFO  | DNAudit | user=null | ip=null | op=WRITE_CHUNK {blockData=conID: 3 locID: 102739173903696294 bcsId: 0} | ret=SUCCESS |  
2019-09-05 09:23:06,494 | INFO  | DNAudit | user=null | ip=null | op=WRITE_CHUNK {blockData=conID: 3 locID: 102739173903696294 bcsId: 0} | ret=SUCCESS |  
2019-09-05 09:23:06,496 | INFO  | DNAudit | user=null | ip=null | op=WRITE_CHUNK {blockData=conID: 3 locID: 102739173903696294 bcsId: 0} | ret=SUCCESS |  
2019-09-05 09:23:06,496 | INFO  | DNAudit | user=null | ip=null | op=WRITE_CHUNK {blockData=conID: 3 locID: 102739173903696294 bcsId: 0} | ret=SUCCESS |  
2019-09-05 09:23:06,505 | INFO  | DNAudit | user=null | ip=null | op=WRITE_CHUNK {blockData=conID: 3 locID: 102739173903696294 bcsId: 0} | ret=SUCCESS |  
2019-09-05 09:23:06,505 | INFO  | DNAudit | user=null | ip=null | op=PUT_BLOCK {blockData=[blockId=conID: 3 locID: 102739173903696294 bcsId: 0,size=1048576]} | ret=SUCCESS |  
2019-09-05 09:23:06,505 [grpc-default-executor-0] INFO  client.GrpcClientProtocolClient (GrpcClientProtocolClient.java:onNext(255)) - client-969FB6DA8C9A->4fcc8d53-44cb-4faf-b915-5afa0c7529d4: receive RaftClientReply:client-969FB6DA8C9A->4fcc8d53-44cb-4faf-b915-5afa0c7529d4@group-6A615BAE1DD1, cid=789, SUCCESS, logIndex=979, commits[4fcc8d53-44cb-4faf-b915-5afa0c7529d4:c980, 48aa5eb4-709c-4003-adb5-fbc02723cd23:c978, 609a8cf1-6ad3-4123-b94a-106ad93148a8:c978]
2019-09-05 09:23:06,506 | INFO  | DNAudit | user=null | ip=null | op=WRITE_CHUNK {blockData=conID: 3 locID: 102739173903696294 bcsId: 0} | ret=SUCCESS |  
2019-09-05 09:23:06,506 [grpc-default-executor-0] INFO  client.GrpcClientProtocolClient (GrpcClientProtocolClient.java:onNext(255)) - client-969FB6DA8C9A->4fcc8d53-44cb-4faf-b915-5afa0c7529d4: receive RaftClientReply:client-969FB6DA8C9A->4fcc8d53-44cb-4faf-b915-5afa0c7529d4@group-6A615BAE1DD1, cid=790, SUCCESS, logIndex=980, commits[4fcc8d53-44cb-4faf-b915-5afa0c7529d4:c980, 48aa5eb4-709c-4003-adb5-fbc02723cd23:c978, 609a8cf1-6ad3-4123-b94a-106ad93148a8:c978]
2019-09-05 09:23:06,506 | INFO  | DNAudit | user=null | ip=null | op=PUT_BLOCK {blockData=[blockId=conID: 3 locID: 102739173903696294 bcsId: 0,size=2097152]} | ret=SUCCESS |  
2019-09-05 09:23:06,507 [grpc-default-executor-0] INFO  client.GrpcClientProtocolClient (GrpcClientProtocolClient.java:onNext(255)) - client-969FB6DA8C9A->4fcc8d53-44cb-4faf-b915-5afa0c7529d4: receive RaftClientReply:client-969FB6DA8C9A->4fcc8d53-44cb-4faf-b915-5afa0c7529d4@group-6A615BAE1DD1, cid=791, SUCCESS, logIndex=981, commits[4fcc8d53-44cb-4faf-b915-5afa0c7529d4:c981, 48aa5eb4-709c-4003-adb5-fbc02723cd23:c978, 609a8cf1-6ad3-4123-b94a-106ad93148a8:c978]
2019-09-05 09:23:06,507 [grpc-default-executor-0] INFO  client.GrpcClientProtocolClient (GrpcClientProtocolClient.java:onNext(255)) - client-969FB6DA8C9A->4fcc8d53-44cb-4faf-b915-5afa0c7529d4: receive RaftClientReply:client-969FB6DA8C9A->4fcc8d53-44cb-4faf-b915-5afa0c7529d4@group-6A615BAE1DD1, cid=792, SUCCESS, logIndex=982, commits[4fcc8d53-44cb-4faf-b915-5afa0c7529d4:c982, 48aa5eb4-709c-4003-adb5-fbc02723cd23:c978, 609a8cf1-6ad3-4123-b94a-106ad93148a8:c978]
2019-09-05 09:23:06,528 | INFO  | DNAudit | user=null | ip=null | op=WRITE_CHUNK {blockData=conID: 3 locID: 102739173903696294 bcsId: 0} | ret=SUCCESS |  
2019-09-05 09:23:06,528 | INFO  | DNAudit | user=null | ip=null | op=WRITE_CHUNK {blockData=conID: 3 locID: 102739173903696294 bcsId: 0} | ret=SUCCESS |  
2019-09-05 09:23:06,528 | INFO  | DNAudit | user=null | ip=null | op=PUT_BLOCK {blockData=[blockId=conID: 3 locID: 102739173903696294 bcsId: 0,size=1048576]} | ret=SUCCESS |  
2019-09-05 09:23:06,529 | INFO  | DNAudit | user=null | ip=null | op=PUT_BLOCK {blockData=[blockId=conID: 3 locID: 102739173903696294 bcsId: 0,size=1048576]} | ret=SUCCESS |  
2019-09-05 09:23:06,529 | INFO  | DNAudit | user=null | ip=null | op=WRITE_CHUNK {blockData=conID: 3 locID: 102739173903696294 bcsId: 0} | ret=SUCCESS |  
2019-09-05 09:23:06,529 [grpc-default-executor-0] INFO  client.GrpcClientProtocolClient (GrpcClientProtocolClient.java:onNext(255)) - client-969FB6DA8C9A->4fcc8d53-44cb-4faf-b915-5afa0c7529d4: receive RaftClientReply:client-969FB6DA8C9A->4fcc8d53-44cb-4faf-b915-5afa0c7529d4@group-6A615BAE1DD1, cid=793, SUCCESS, logIndex=0, commits[4fcc8d53-44cb-4faf-b915-5afa0c7529d4:c984, 48aa5eb4-709c-4003-adb5-fbc02723cd23:c980, 609a8cf1-6ad3-4123-b94a-106ad93148a8:c980]
2019-09-05 09:23:06,529 | INFO  | DNAudit | user=null | ip=null | op=PUT_BLOCK {blockData=[blockId=conID: 3 locID: 102739173903696294 bcsId: 0,size=2097152]} | ret=SUCCESS |  
2019-09-05 09:23:06,530 | INFO  | DNAudit | user=null | ip=null | op=WRITE_CHUNK {blockData=conID: 3 locID: 102739173903696294 bcsId: 0} | ret=SUCCESS |  
2019-09-05 09:23:06,530 | INFO  | DNAudit | user=null | ip=null | op=PUT_BLOCK {blockData=[blockId=conID: 3 locID: 102739173903696294 bcsId: 0,size=2097152]} | ret=SUCCESS |  
2019-09-05 09:23:06,536 | INFO  | DNAudit | user=null | ip=null | op=WRITE_CHUNK {blockData=conID: 3 locID: 102739173903696294 bcsId: 982} | ret=SUCCESS |  
2019-09-05 09:23:06,539 | INFO  | DNAudit | user=null | ip=null | op=WRITE_CHUNK {blockData=conID: 3 locID: 102739173903696294 bcsId: 982} | ret=SUCCESS |  
2019-09-05 09:23:06,539 | INFO  | DNAudit | user=null | ip=null | op=WRITE_CHUNK {blockData=conID: 3 locID: 102739173903696294 bcsId: 982} | ret=SUCCESS |  
2019-09-05 09:23:06,553 | INFO  | DNAudit | user=null | ip=null | op=WRITE_CHUNK {blockData=conID: 3 locID: 102739173903696294 bcsId: 982} | ret=SUCCESS |  
2019-09-05 09:23:06,553 | INFO  | DNAudit | user=null | ip=null | op=PUT_BLOCK {blockData=[blockId=conID: 3 locID: 102739173903696294 bcsId: 0,size=3145728]} | ret=SUCCESS |  
2019-09-05 09:23:06,554 [grpc-default-executor-4] INFO  client.GrpcClientProtocolClient (GrpcClientProtocolClient.java:onNext(255)) - client-969FB6DA8C9A->4fcc8d53-44cb-4faf-b915-5afa0c7529d4: receive RaftClientReply:client-969FB6DA8C9A->4fcc8d53-44cb-4faf-b915-5afa0c7529d4@group-6A615BAE1DD1, cid=794, SUCCESS, logIndex=987, commits[4fcc8d53-44cb-4faf-b915-5afa0c7529d4:c988, 48aa5eb4-709c-4003-adb5-fbc02723cd23:c986, 609a8cf1-6ad3-4123-b94a-106ad93148a8:c986]
2019-09-05 09:23:06,554 [grpc-default-executor-4] INFO  client.GrpcClientProtocolClient (GrpcClientProtocolClient.java:onNext(255)) - client-969FB6DA8C9A->4fcc8d53-44cb-4faf-b915-5afa0c7529d4: receive RaftClientReply:client-969FB6DA8C9A->4fcc8d53-44cb-4faf-b915-5afa0c7529d4@group-6A615BAE1DD1, cid=795, SUCCESS, logIndex=988, commits[4fcc8d53-44cb-4faf-b915-5afa0c7529d4:c988, 48aa5eb4-709c-4003-adb5-fbc02723cd23:c986, 609a8cf1-6ad3-4123-b94a-106ad93148a8:c986]
2019-09-05 09:23:06,559 | INFO  | DNAudit | user=null | ip=null | op=WRITE_CHUNK {blockData=conID: 3 locID: 102739173903696294 bcsId: 988} | ret=SUCCESS |  
2019-09-05 09:23:06,561 | INFO  | DNAudit | user=null | ip=null | op=WRITE_CHUNK {blockData=conID: 3 locID: 102739173903696294 bcsId: 988} | ret=SUCCESS |  
2019-09-05 09:23:06,562 | INFO  | DNAudit | user=null | ip=null | op=WRITE_CHUNK {blockData=conID: 3 locID: 102739173903696294 bcsId: 988} | ret=SUCCESS |  
2019-09-05 09:23:06,576 | INFO  | DNAudit | user=null | ip=null | op=WRITE_CHUNK {blockData=conID: 3 locID: 102739173903696294 bcsId: 982} | ret=SUCCESS |  
2019-09-05 09:23:06,576 | INFO  | DNAudit | user=null | ip=null | op=WRITE_CHUNK {blockData=conID: 3 locID: 102739173903696294 bcsId: 982} | ret=SUCCESS |  
2019-09-05 09:23:06,576 | INFO  | DNAudit | user=null | ip=null | op=PUT_BLOCK {blockData=[blockId=conID: 3 locID: 102739173903696294 bcsId: 0,size=3145728]} | ret=SUCCESS |  
2019-09-05 09:23:06,576 | INFO  | DNAudit | user=null | ip=null | op=PUT_BLOCK {blockData=[blockId=conID: 3 locID: 102739173903696294 bcsId: 0,size=3145728]} | ret=SUCCESS |  
2019-09-05 09:23:06,578 | INFO  | DNAudit | user=null | ip=null | op=WRITE_CHUNK {blockData=conID: 3 locID: 102739173903696294 bcsId: 988} | ret=SUCCESS |  
2019-09-05 09:23:06,578 | INFO  | DNAudit | user=null | ip=null | op=PUT_BLOCK {blockData=[blockId=conID: 3 locID: 102739173903696294 bcsId: 0,size=4194304]} | ret=SUCCESS |  
2019-09-05 09:23:06,579 [grpc-default-executor-0] INFO  client.GrpcClientProtocolClient (GrpcClientProtocolClient.java:onNext(255)) - client-969FB6DA8C9A->4fcc8d53-44cb-4faf-b915-5afa0c7529d4: receive RaftClientReply:client-969FB6DA8C9A->4fcc8d53-44cb-4faf-b915-5afa0c7529d4@group-6A615BAE1DD1, cid=796, SUCCESS, logIndex=991, commits[4fcc8d53-44cb-4faf-b915-5afa0c7529d4:c992, 48aa5eb4-709c-4003-adb5-fbc02723cd23:c988, 609a8cf1-6ad3-4123-b94a-106ad93148a8:c988]
2019-09-05 09:23:06,579 [grpc-default-executor-0] INFO  client.GrpcClientProtocolClient (GrpcClientProtocolClient.java:onNext(255)) - client-969FB6DA8C9A->4fcc8d53-44cb-4faf-b915-5afa0c7529d4: receive RaftClientReply:client-969FB6DA8C9A->4fcc8d53-44cb-4faf-b915-5afa0c7529d4@group-6A615BAE1DD1, cid=797, SUCCESS, logIndex=992, commits[4fcc8d53-44cb-4faf-b915-5afa0c7529d4:c992, 48aa5eb4-709c-4003-adb5-fbc02723cd23:c988, 609a8cf1-6ad3-4123-b94a-106ad93148a8:c988]
2019-09-05 09:23:06,596 | INFO  | DNAudit | user=null | ip=null | op=WRITE_CHUNK {blockData=conID: 3 locID: 102739173903696294 bcsId: 988} | ret=SUCCESS |  
2019-09-05 09:23:06,596 | INFO  | DNAudit | user=null | ip=null | op=WRITE_CHUNK {blockData=conID: 3 locID: 102739173903696294 bcsId: 988} | ret=SUCCESS |  
2019-09-05 09:23:06,597 | INFO  | DNAudit | user=null | ip=null | op=PUT_BLOCK {blockData=[blockId=conID: 3 locID: 102739173903696294 bcsId: 0,size=4194304]} | ret=SUCCESS |  
2019-09-05 09:23:06,597 | INFO  | DNAudit | user=null | ip=null | op=PUT_BLOCK {blockData=[blockId=conID: 3 locID: 102739173903696294 bcsId: 0,size=4194304]} | ret=SUCCESS |  
2019-09-05 09:23:06,598 [grpc-default-executor-0] INFO  client.GrpcClientProtocolClient (GrpcClientProtocolClient.java:onNext(255)) - client-969FB6DA8C9A->4fcc8d53-44cb-4faf-b915-5afa0c7529d4: receive RaftClientReply:client-969FB6DA8C9A->4fcc8d53-44cb-4faf-b915-5afa0c7529d4@group-6A615BAE1DD1, cid=798, SUCCESS, logIndex=0, commits[4fcc8d53-44cb-4faf-b915-5afa0c7529d4:c994, 48aa5eb4-709c-4003-adb5-fbc02723cd23:c992, 609a8cf1-6ad3-4123-b94a-106ad93148a8:c992]
2019-09-05 09:23:06,604 | INFO  | DNAudit | user=null | ip=null | op=WRITE_CHUNK {blockData=conID: 1 locID: 102739173903696295 bcsId: 0} | ret=SUCCESS |  
2019-09-05 09:23:06,606 | INFO  | DNAudit | user=null | ip=null | op=WRITE_CHUNK {blockData=conID: 1 locID: 102739173903696295 bcsId: 0} | ret=SUCCESS |  
2019-09-05 09:23:06,607 | INFO  | DNAudit | user=null | ip=null | op=WRITE_CHUNK {blockData=conID: 1 locID: 102739173903696295 bcsId: 0} | ret=SUCCESS |  
2019-09-05 09:23:06,607 | INFO  | DNAudit | user=null | ip=null | op=WRITE_CHUNK {blockData=conID: 1 locID: 102739173903696295 bcsId: 0} | ret=SUCCESS |  
2019-09-05 09:23:06,609 | INFO  | DNAudit | user=null | ip=null | op=WRITE_CHUNK {blockData=conID: 1 locID: 102739173903696295 bcsId: 0} | ret=SUCCESS |  
2019-09-05 09:23:06,609 | INFO  | DNAudit | user=null | ip=null | op=WRITE_CHUNK {blockData=conID: 1 locID: 102739173903696295 bcsId: 0} | ret=SUCCESS |  
2019-09-05 09:23:06,627 | INFO  | DNAudit | user=null | ip=null | op=WRITE_CHUNK {blockData=conID: 1 locID: 102739173903696295 bcsId: 0} | ret=SUCCESS |  
2019-09-05 09:23:06,628 | INFO  | DNAudit | user=null | ip=null | op=PUT_BLOCK {blockData=[blockId=conID: 1 locID: 102739173903696295 bcsId: 0,size=1048576]} | ret=SUCCESS |  
2019-09-05 09:23:06,628 [grpc-default-executor-4] INFO  client.GrpcClientProtocolClient (GrpcClientProtocolClient.java:onNext(255)) - client-969FB6DA8C9A->4fcc8d53-44cb-4faf-b915-5afa0c7529d4: receive RaftClientReply:client-969FB6DA8C9A->4fcc8d53-44cb-4faf-b915-5afa0c7529d4@group-6A615BAE1DD1, cid=799, SUCCESS, logIndex=995, commits[4fcc8d53-44cb-4faf-b915-5afa0c7529d4:c998, 48aa5eb4-709c-4003-adb5-fbc02723cd23:c994, 609a8cf1-6ad3-4123-b94a-106ad93148a8:c994]
2019-09-05 09:23:06,628 | INFO  | DNAudit | user=null | ip=null | op=WRITE_CHUNK {blockData=conID: 1 locID: 102739173903696295 bcsId: 0} | ret=SUCCESS |  
2019-09-05 09:23:06,629 [grpc-default-executor-4] INFO  client.GrpcClientProtocolClient (GrpcClientProtocolClient.java:onNext(255)) - client-969FB6DA8C9A->4fcc8d53-44cb-4faf-b915-5afa0c7529d4: receive RaftClientReply:client-969FB6DA8C9A->4fcc8d53-44cb-4faf-b915-5afa0c7529d4@group-6A615BAE1DD1, cid=800, SUCCESS, logIndex=996, commits[4fcc8d53-44cb-4faf-b915-5afa0c7529d4:c998, 48aa5eb4-709c-4003-adb5-fbc02723cd23:c994, 609a8cf1-6ad3-4123-b94a-106ad93148a8:c994]
2019-09-05 09:23:06,629 | INFO  | DNAudit | user=null | ip=null | op=WRITE_CHUNK {blockData=conID: 1 locID: 102739173903696295 bcsId: 0} | ret=SUCCESS |  
2019-09-05 09:23:06,629 | INFO  | DNAudit | user=null | ip=null | op=PUT_BLOCK {blockData=[blockId=conID: 1 locID: 102739173903696295 bcsId: 0,size=2097152]} | ret=SUCCESS |  
2019-09-05 09:23:06,629 | INFO  | DNAudit | user=null | ip=null | op=WRITE_CHUNK {blockData=conID: 1 locID: 102739173903696295 bcsId: 0} | ret=SUCCESS |  
2019-09-05 09:23:06,629 | INFO  | DNAudit | user=null | ip=null | op=PUT_BLOCK {blockData=[blockId=conID: 1 locID: 102739173903696295 bcsId: 0,size=1048576]} | ret=SUCCESS |  
2019-09-05 09:23:06,629 [grpc-default-executor-5] INFO  client.GrpcClientProtocolClient (GrpcClientProtocolClient.java:onNext(255)) - client-969FB6DA8C9A->4fcc8d53-44cb-4faf-b915-5afa0c7529d4: receive RaftClientReply:client-969FB6DA8C9A->4fcc8d53-44cb-4faf-b915-5afa0c7529d4@group-6A615BAE1DD1, cid=801, SUCCESS, logIndex=997, commits[4fcc8d53-44cb-4faf-b915-5afa0c7529d4:c998, 48aa5eb4-709c-4003-adb5-fbc02723cd23:c994, 609a8cf1-6ad3-4123-b94a-106ad93148a8:c994]
2019-09-05 09:23:06,630 [grpc-default-executor-5] INFO  client.GrpcClientProtocolClient (GrpcClientProtocolClient.java:onNext(255)) - client-969FB6DA8C9A->4fcc8d53-44cb-4faf-b915-5afa0c7529d4: receive RaftClientReply:client-969FB6DA8C9A->4fcc8d53-44cb-4faf-b915-5afa0c7529d4@group-6A615BAE1DD1, cid=802, SUCCESS, logIndex=998, commits[4fcc8d53-44cb-4faf-b915-5afa0c7529d4:c998, 48aa5eb4-709c-4003-adb5-fbc02723cd23:c994, 609a8cf1-6ad3-4123-b94a-106ad93148a8:c995]
2019-09-05 09:23:06,631 | INFO  | DNAudit | user=null | ip=null | op=WRITE_CHUNK {blockData=conID: 1 locID: 102739173903696295 bcsId: 0} | ret=SUCCESS |  
2019-09-05 09:23:06,631 | INFO  | DNAudit | user=null | ip=null | op=PUT_BLOCK {blockData=[blockId=conID: 1 locID: 102739173903696295 bcsId: 0,size=1048576]} | ret=SUCCESS |  
2019-09-05 09:23:06,631 | INFO  | DNAudit | user=null | ip=null | op=PUT_BLOCK {blockData=[blockId=conID: 1 locID: 102739173903696295 bcsId: 0,size=2097152]} | ret=SUCCESS |  
2019-09-05 09:23:06,631 | INFO  | DNAudit | user=null | ip=null | op=WRITE_CHUNK {blockData=conID: 1 locID: 102739173903696295 bcsId: 0} | ret=SUCCESS |  
2019-09-05 09:23:06,631 | INFO  | DNAudit | user=null | ip=null | op=PUT_BLOCK {blockData=[blockId=conID: 1 locID: 102739173903696295 bcsId: 0,size=2097152]} | ret=SUCCESS |  
2019-09-05 09:23:06,631 [grpc-default-executor-5] INFO  client.GrpcClientProtocolClient (GrpcClientProtocolClient.java:onNext(255)) - client-969FB6DA8C9A->4fcc8d53-44cb-4faf-b915-5afa0c7529d4: receive RaftClientReply:client-969FB6DA8C9A->4fcc8d53-44cb-4faf-b915-5afa0c7529d4@group-6A615BAE1DD1, cid=803, SUCCESS, logIndex=0, commits[4fcc8d53-44cb-4faf-b915-5afa0c7529d4:c1000, 48aa5eb4-709c-4003-adb5-fbc02723cd23:c996, 609a8cf1-6ad3-4123-b94a-106ad93148a8:c998]
2019-09-05 09:23:06,637 | INFO  | DNAudit | user=null | ip=null | op=WRITE_CHUNK {blockData=conID: 1 locID: 102739173903696295 bcsId: 998} | ret=SUCCESS |  
2019-09-05 09:23:06,639 | INFO  | DNAudit | user=null | ip=null | op=WRITE_CHUNK {blockData=conID: 1 locID: 102739173903696295 bcsId: 998} | ret=SUCCESS |  
2019-09-05 09:23:06,639 | INFO  | DNAudit | user=null | ip=null | op=WRITE_CHUNK {blockData=conID: 1 locID: 102739173903696295 bcsId: 998} | ret=SUCCESS |  
2019-09-05 09:23:06,665 | INFO  | DNAudit | user=null | ip=null | op=WRITE_CHUNK {blockData=conID: 1 locID: 102739173903696295 bcsId: 998} | ret=SUCCESS |  
2019-09-05 09:23:06,666 | INFO  | DNAudit | user=null | ip=null | op=PUT_BLOCK {blockData=[blockId=conID: 1 locID: 102739173903696295 bcsId: 0,size=3145728]} | ret=SUCCESS |  
2019-09-05 09:23:06,666 [grpc-default-executor-0] INFO  client.GrpcClientProtocolClient (GrpcClientProtocolClient.java:onNext(255)) - client-969FB6DA8C9A->4fcc8d53-44cb-4faf-b915-5afa0c7529d4: receive RaftClientReply:client-969FB6DA8C9A->4fcc8d53-44cb-4faf-b915-5afa0c7529d4@group-6A615BAE1DD1, cid=804, SUCCESS, logIndex=1003, commits[4fcc8d53-44cb-4faf-b915-5afa0c7529d4:c1004, 48aa5eb4-709c-4003-adb5-fbc02723cd23:c1002, 609a8cf1-6ad3-4123-b94a-106ad93148a8:c1002]
2019-09-05 09:23:06,666 [grpc-default-executor-0] INFO  client.GrpcClientProtocolClient (GrpcClientProtocolClient.java:onNext(255)) - client-969FB6DA8C9A->4fcc8d53-44cb-4faf-b915-5afa0c7529d4: receive RaftClientReply:client-969FB6DA8C9A->4fcc8d53-44cb-4faf-b915-5afa0c7529d4@group-6A615BAE1DD1, cid=805, SUCCESS, logIndex=1004, commits[4fcc8d53-44cb-4faf-b915-5afa0c7529d4:c1004, 48aa5eb4-709c-4003-adb5-fbc02723cd23:c1002, 609a8cf1-6ad3-4123-b94a-106ad93148a8:c1002]
2019-09-05 09:23:06,675 | INFO  | DNAudit | user=null | ip=null | op=WRITE_CHUNK {blockData=conID: 1 locID: 102739173903696295 bcsId: 1004} | ret=SUCCESS |  
2019-09-05 09:23:06,676 | INFO  | DNAudit | user=null | ip=null | op=WRITE_CHUNK {blockData=conID: 1 locID: 102739173903696295 bcsId: 1004} | ret=SUCCESS |  
2019-09-05 09:23:06,677 | INFO  | DNAudit | user=null | ip=null | op=WRITE_CHUNK {blockData=conID: 1 locID: 102739173903696295 bcsId: 1004} | ret=SUCCESS |  
2019-09-05 09:23:06,682 | INFO  | DNAudit | user=null | ip=null | op=WRITE_CHUNK {blockData=conID: 1 locID: 102739173903696295 bcsId: 998} | ret=SUCCESS |  
2019-09-05 09:23:06,682 | INFO  | DNAudit | user=null | ip=null | op=WRITE_CHUNK {blockData=conID: 1 locID: 102739173903696295 bcsId: 998} | ret=SUCCESS |  
2019-09-05 09:23:06,683 | INFO  | DNAudit | user=null | ip=null | op=PUT_BLOCK {blockData=[blockId=conID: 1 locID: 102739173903696295 bcsId: 0,size=3145728]} | ret=SUCCESS |  
2019-09-05 09:23:06,684 | INFO  | DNAudit | user=null | ip=null | op=PUT_BLOCK {blockData=[blockId=conID: 1 locID: 102739173903696295 bcsId: 0,size=3145728]} | ret=SUCCESS |  
2019-09-05 09:23:06,684 | INFO  | DNAudit | user=null | ip=null | op=WRITE_CHUNK {blockData=conID: 1 locID: 102739173903696295 bcsId: 1004} | ret=SUCCESS |  
2019-09-05 09:23:06,684 | INFO  | DNAudit | user=null | ip=null | op=PUT_BLOCK {blockData=[blockId=conID: 1 locID: 102739173903696295 bcsId: 0,size=4194304]} | ret=SUCCESS |  
2019-09-05 09:23:06,685 [grpc-default-executor-0] INFO  client.GrpcClientProtocolClient (GrpcClientProtocolClient.java:onNext(255)) - client-969FB6DA8C9A->4fcc8d53-44cb-4faf-b915-5afa0c7529d4: receive RaftClientReply:client-969FB6DA8C9A->4fcc8d53-44cb-4faf-b915-5afa0c7529d4@group-6A615BAE1DD1, cid=806, SUCCESS, logIndex=1007, commits[4fcc8d53-44cb-4faf-b915-5afa0c7529d4:c1008, 48aa5eb4-709c-4003-adb5-fbc02723cd23:c1004, 609a8cf1-6ad3-4123-b94a-106ad93148a8:c1003]
2019-09-05 09:23:06,685 [grpc-default-executor-0] INFO  client.GrpcClientProtocolClient (GrpcClientProtocolClient.java:onNext(255)) - client-969FB6DA8C9A->4fcc8d53-44cb-4faf-b915-5afa0c7529d4: receive RaftClientReply:client-969FB6DA8C9A->4fcc8d53-44cb-4faf-b915-5afa0c7529d4@group-6A615BAE1DD1, cid=807, SUCCESS, logIndex=1008, commits[4fcc8d53-44cb-4faf-b915-5afa0c7529d4:c1008, 48aa5eb4-709c-4003-adb5-fbc02723cd23:c1004, 609a8cf1-6ad3-4123-b94a-106ad93148a8:c1004]
2019-09-05 09:23:06,704 | INFO  | DNAudit | user=null | ip=null | op=WRITE_CHUNK {blockData=conID: 1 locID: 102739173903696295 bcsId: 1004} | ret=SUCCESS |  
2019-09-05 09:23:06,704 | INFO  | DNAudit | user=null | ip=null | op=WRITE_CHUNK {blockData=conID: 1 locID: 102739173903696295 bcsId: 1004} | ret=SUCCESS |  
2019-09-05 09:23:06,706 | INFO  | DNAudit | user=null | ip=null | op=PUT_BLOCK {blockData=[blockId=conID: 1 locID: 102739173903696295 bcsId: 0,size=4194304]} | ret=SUCCESS |  
2019-09-05 09:23:06,706 | INFO  | DNAudit | user=null | ip=null | op=PUT_BLOCK {blockData=[blockId=conID: 1 locID: 102739173903696295 bcsId: 0,size=4194304]} | ret=SUCCESS |  
2019-09-05 09:23:06,707 [grpc-default-executor-0] INFO  client.GrpcClientProtocolClient (GrpcClientProtocolClient.java:onNext(255)) - client-969FB6DA8C9A->4fcc8d53-44cb-4faf-b915-5afa0c7529d4: receive RaftClientReply:client-969FB6DA8C9A->4fcc8d53-44cb-4faf-b915-5afa0c7529d4@group-6A615BAE1DD1, cid=808, SUCCESS, logIndex=0, commits[4fcc8d53-44cb-4faf-b915-5afa0c7529d4:c1010, 48aa5eb4-709c-4003-adb5-fbc02723cd23:c1008, 609a8cf1-6ad3-4123-b94a-106ad93148a8:c1008]
2019-09-05 09:23:06,714 | INFO  | DNAudit | user=null | ip=null | op=WRITE_CHUNK {blockData=conID: 2 locID: 102739173903696296 bcsId: 0} | ret=SUCCESS |  
2019-09-05 09:23:06,718 | INFO  | DNAudit | user=null | ip=null | op=WRITE_CHUNK {blockData=conID: 2 locID: 102739173903696296 bcsId: 0} | ret=SUCCESS |  
2019-09-05 09:23:06,718 | INFO  | DNAudit | user=null | ip=null | op=WRITE_CHUNK {blockData=conID: 2 locID: 102739173903696296 bcsId: 0} | ret=SUCCESS |  
2019-09-05 09:23:06,719 | INFO  | DNAudit | user=null | ip=null | op=WRITE_CHUNK {blockData=conID: 2 locID: 102739173903696296 bcsId: 0} | ret=SUCCESS |  
2019-09-05 09:23:06,720 | INFO  | DNAudit | user=null | ip=null | op=WRITE_CHUNK {blockData=conID: 2 locID: 102739173903696296 bcsId: 0} | ret=SUCCESS |  
2019-09-05 09:23:06,721 | INFO  | DNAudit | user=null | ip=null | op=WRITE_CHUNK {blockData=conID: 2 locID: 102739173903696296 bcsId: 0} | ret=SUCCESS |  
2019-09-05 09:23:06,741 | INFO  | DNAudit | user=null | ip=null | op=WRITE_CHUNK {blockData=conID: 2 locID: 102739173903696296 bcsId: 0} | ret=SUCCESS |  
2019-09-05 09:23:06,741 | INFO  | DNAudit | user=null | ip=null | op=PUT_BLOCK {blockData=[blockId=conID: 2 locID: 102739173903696296 bcsId: 0,size=1048576]} | ret=SUCCESS |  
2019-09-05 09:23:06,742 [grpc-default-executor-3] INFO  client.GrpcClientProtocolClient (GrpcClientProtocolClient.java:onNext(255)) - client-969FB6DA8C9A->4fcc8d53-44cb-4faf-b915-5afa0c7529d4: receive RaftClientReply:client-969FB6DA8C9A->4fcc8d53-44cb-4faf-b915-5afa0c7529d4@group-6A615BAE1DD1, cid=809, SUCCESS, logIndex=1011, commits[4fcc8d53-44cb-4faf-b915-5afa0c7529d4:c1012, 48aa5eb4-709c-4003-adb5-fbc02723cd23:c1010, 609a8cf1-6ad3-4123-b94a-106ad93148a8:c1010]
2019-09-05 09:23:06,742 [grpc-default-executor-3] INFO  client.GrpcClientProtocolClient (GrpcClientProtocolClient.java:onNext(255)) - client-969FB6DA8C9A->4fcc8d53-44cb-4faf-b915-5afa0c7529d4: receive RaftClientReply:client-969FB6DA8C9A->4fcc8d53-44cb-4faf-b915-5afa0c7529d4@group-6A615BAE1DD1, cid=810, SUCCESS, logIndex=1012, commits[4fcc8d53-44cb-4faf-b915-5afa0c7529d4:c1012, 48aa5eb4-709c-4003-adb5-fbc02723cd23:c1010, 609a8cf1-6ad3-4123-b94a-106ad93148a8:c1010]
2019-09-05 09:23:06,760 | INFO  | DNAudit | user=null | ip=null | op=WRITE_CHUNK {blockData=conID: 2 locID: 102739173903696296 bcsId: 0} | ret=SUCCESS |  
2019-09-05 09:23:06,760 | INFO  | DNAudit | user=null | ip=null | op=PUT_BLOCK {blockData=[blockId=conID: 2 locID: 102739173903696296 bcsId: 0,size=2097152]} | ret=SUCCESS |  
2019-09-05 09:23:06,760 | INFO  | DNAudit | user=null | ip=null | op=WRITE_CHUNK {blockData=conID: 2 locID: 102739173903696296 bcsId: 0} | ret=SUCCESS |  
2019-09-05 09:23:06,761 | INFO  | DNAudit | user=null | ip=null | op=PUT_BLOCK {blockData=[blockId=conID: 2 locID: 102739173903696296 bcsId: 0,size=1048576]} | ret=SUCCESS |  
2019-09-05 09:23:06,761 [grpc-default-executor-0] INFO  client.GrpcClientProtocolClient (GrpcClientProtocolClient.java:onNext(255)) - client-969FB6DA8C9A->4fcc8d53-44cb-4faf-b915-5afa0c7529d4: receive RaftClientReply:client-969FB6DA8C9A->4fcc8d53-44cb-4faf-b915-5afa0c7529d4@group-6A615BAE1DD1, cid=811, SUCCESS, logIndex=1013, commits[4fcc8d53-44cb-4faf-b915-5afa0c7529d4:c1014, 48aa5eb4-709c-4003-adb5-fbc02723cd23:c1010, 609a8cf1-6ad3-4123-b94a-106ad93148a8:c1010]
2019-09-05 09:23:06,761 | INFO  | DNAudit | user=null | ip=null | op=WRITE_CHUNK {blockData=conID: 2 locID: 102739173903696296 bcsId: 0} | ret=SUCCESS |  
2019-09-05 09:23:06,761 | INFO  | DNAudit | user=null | ip=null | op=PUT_BLOCK {blockData=[blockId=conID: 2 locID: 102739173903696296 bcsId: 0,size=1048576]} | ret=SUCCESS |  
2019-09-05 09:23:06,761 [grpc-default-executor-4] INFO  client.GrpcClientProtocolClient (GrpcClientProtocolClient.java:onNext(255)) - client-969FB6DA8C9A->4fcc8d53-44cb-4faf-b915-5afa0c7529d4: receive RaftClientReply:client-969FB6DA8C9A->4fcc8d53-44cb-4faf-b915-5afa0c7529d4@group-6A615BAE1DD1, cid=812, SUCCESS, logIndex=1014, commits[4fcc8d53-44cb-4faf-b915-5afa0c7529d4:c1014, 48aa5eb4-709c-4003-adb5-fbc02723cd23:c1010, 609a8cf1-6ad3-4123-b94a-106ad93148a8:c1010]
2019-09-05 09:23:06,762 | INFO  | DNAudit | user=null | ip=null | op=WRITE_CHUNK {blockData=conID: 2 locID: 102739173903696296 bcsId: 0} | ret=SUCCESS |  
2019-09-05 09:23:06,762 | INFO  | DNAudit | user=null | ip=null | op=PUT_BLOCK {blockData=[blockId=conID: 2 locID: 102739173903696296 bcsId: 0,size=2097152]} | ret=SUCCESS |  
2019-09-05 09:23:06,762 | INFO  | DNAudit | user=null | ip=null | op=WRITE_CHUNK {blockData=conID: 2 locID: 102739173903696296 bcsId: 0} | ret=SUCCESS |  
2019-09-05 09:23:06,762 | INFO  | DNAudit | user=null | ip=null | op=PUT_BLOCK {blockData=[blockId=conID: 2 locID: 102739173903696296 bcsId: 0,size=2097152]} | ret=SUCCESS |  
2019-09-05 09:23:06,763 [grpc-default-executor-0] INFO  client.GrpcClientProtocolClient (GrpcClientProtocolClient.java:onNext(255)) - client-969FB6DA8C9A->4fcc8d53-44cb-4faf-b915-5afa0c7529d4: receive RaftClientReply:client-969FB6DA8C9A->4fcc8d53-44cb-4faf-b915-5afa0c7529d4@group-6A615BAE1DD1, cid=813, SUCCESS, logIndex=0, commits[4fcc8d53-44cb-4faf-b915-5afa0c7529d4:c1018, 48aa5eb4-709c-4003-adb5-fbc02723cd23:c1012, 609a8cf1-6ad3-4123-b94a-106ad93148a8:c1014]
2019-09-05 09:23:06,770 | INFO  | DNAudit | user=null | ip=null | op=WRITE_CHUNK {blockData=conID: 2 locID: 102739173903696296 bcsId: 1014} | ret=SUCCESS |  
2019-09-05 09:23:06,772 | INFO  | DNAudit | user=null | ip=null | op=WRITE_CHUNK {blockData=conID: 2 locID: 102739173903696296 bcsId: 1014} | ret=SUCCESS |  
2019-09-05 09:23:06,773 | INFO  | DNAudit | user=null | ip=null | op=WRITE_CHUNK {blockData=conID: 2 locID: 102739173903696296 bcsId: 1014} | ret=SUCCESS |  
2019-09-05 09:23:06,795 | INFO  | DNAudit | user=null | ip=null | op=WRITE_CHUNK {blockData=conID: 2 locID: 102739173903696296 bcsId: 1014} | ret=SUCCESS |  
2019-09-05 09:23:06,795 | INFO  | DNAudit | user=null | ip=null | op=PUT_BLOCK {blockData=[blockId=conID: 2 locID: 102739173903696296 bcsId: 0,size=3145728]} | ret=SUCCESS |  
2019-09-05 09:23:06,795 [grpc-default-executor-0] INFO  client.GrpcClientProtocolClient (GrpcClientProtocolClient.java:onNext(255)) - client-969FB6DA8C9A->4fcc8d53-44cb-4faf-b915-5afa0c7529d4: receive RaftClientReply:client-969FB6DA8C9A->4fcc8d53-44cb-4faf-b915-5afa0c7529d4@group-6A615BAE1DD1, cid=814, SUCCESS, logIndex=1019, commits[4fcc8d53-44cb-4faf-b915-5afa0c7529d4:c1020, 48aa5eb4-709c-4003-adb5-fbc02723cd23:c1018, 609a8cf1-6ad3-4123-b94a-106ad93148a8:c1018]
2019-09-05 09:23:06,796 [grpc-default-executor-0] INFO  client.GrpcClientProtocolClient (GrpcClientProtocolClient.java:onNext(255)) - client-969FB6DA8C9A->4fcc8d53-44cb-4faf-b915-5afa0c7529d4: receive RaftClientReply:client-969FB6DA8C9A->4fcc8d53-44cb-4faf-b915-5afa0c7529d4@group-6A615BAE1DD1, cid=815, SUCCESS, logIndex=1020, commits[4fcc8d53-44cb-4faf-b915-5afa0c7529d4:c1020, 48aa5eb4-709c-4003-adb5-fbc02723cd23:c1018, 609a8cf1-6ad3-4123-b94a-106ad93148a8:c1018]
2019-09-05 09:23:06,803 | INFO  | DNAudit | user=null | ip=null | op=WRITE_CHUNK {blockData=conID: 2 locID: 102739173903696296 bcsId: 1020} | ret=SUCCESS |  
2019-09-05 09:23:06,805 | INFO  | DNAudit | user=null | ip=null | op=WRITE_CHUNK {blockData=conID: 2 locID: 102739173903696296 bcsId: 1020} | ret=SUCCESS |  
2019-09-05 09:23:06,805 | INFO  | DNAudit | user=null | ip=null | op=WRITE_CHUNK {blockData=conID: 2 locID: 102739173903696296 bcsId: 1020} | ret=SUCCESS |  
2019-09-05 09:23:06,811 | INFO  | DNAudit | user=null | ip=null | op=WRITE_CHUNK {blockData=conID: 2 locID: 102739173903696296 bcsId: 1014} | ret=SUCCESS |  
2019-09-05 09:23:06,811 | INFO  | DNAudit | user=null | ip=null | op=WRITE_CHUNK {blockData=conID: 2 locID: 102739173903696296 bcsId: 1014} | ret=SUCCESS |  
2019-09-05 09:23:06,811 | INFO  | DNAudit | user=null | ip=null | op=PUT_BLOCK {blockData=[blockId=conID: 2 locID: 102739173903696296 bcsId: 0,size=3145728]} | ret=SUCCESS |  
2019-09-05 09:23:06,811 | INFO  | DNAudit | user=null | ip=null | op=PUT_BLOCK {blockData=[blockId=conID: 2 locID: 102739173903696296 bcsId: 0,size=3145728]} | ret=SUCCESS |  
2019-09-05 09:23:06,812 | INFO  | DNAudit | user=null | ip=null | op=WRITE_CHUNK {blockData=conID: 2 locID: 102739173903696296 bcsId: 1020} | ret=SUCCESS |  
2019-09-05 09:23:06,813 | INFO  | DNAudit | user=null | ip=null | op=PUT_BLOCK {blockData=[blockId=conID: 2 locID: 102739173903696296 bcsId: 0,size=4194304]} | ret=SUCCESS |  
2019-09-05 09:23:06,813 [grpc-default-executor-0] INFO  client.GrpcClientProtocolClient (GrpcClientProtocolClient.java:onNext(255)) - client-969FB6DA8C9A->4fcc8d53-44cb-4faf-b915-5afa0c7529d4: receive RaftClientReply:client-969FB6DA8C9A->4fcc8d53-44cb-4faf-b915-5afa0c7529d4@group-6A615BAE1DD1, cid=816, SUCCESS, logIndex=1023, commits[4fcc8d53-44cb-4faf-b915-5afa0c7529d4:c1023, 48aa5eb4-709c-4003-adb5-fbc02723cd23:c1020, 609a8cf1-6ad3-4123-b94a-106ad93148a8:c1020]
2019-09-05 09:23:06,813 [grpc-default-executor-0] INFO  client.GrpcClientProtocolClient (GrpcClientProtocolClient.java:onNext(255)) - client-969FB6DA8C9A->4fcc8d53-44cb-4faf-b915-5afa0c7529d4: receive RaftClientReply:client-969FB6DA8C9A->4fcc8d53-44cb-4faf-b915-5afa0c7529d4@group-6A615BAE1DD1, cid=817, SUCCESS, logIndex=1024, commits[4fcc8d53-44cb-4faf-b915-5afa0c7529d4:c1024, 48aa5eb4-709c-4003-adb5-fbc02723cd23:c1020, 609a8cf1-6ad3-4123-b94a-106ad93148a8:c1020]
2019-09-05 09:23:06,831 | INFO  | DNAudit | user=null | ip=null | op=WRITE_CHUNK {blockData=conID: 2 locID: 102739173903696296 bcsId: 1020} | ret=SUCCESS |  
2019-09-05 09:23:06,831 | INFO  | DNAudit | user=null | ip=null | op=WRITE_CHUNK {blockData=conID: 2 locID: 102739173903696296 bcsId: 1020} | ret=SUCCESS |  
2019-09-05 09:23:06,832 | INFO  | DNAudit | user=null | ip=null | op=PUT_BLOCK {blockData=[blockId=conID: 2 locID: 102739173903696296 bcsId: 0,size=4194304]} | ret=SUCCESS |  
2019-09-05 09:23:06,832 | INFO  | DNAudit | user=null | ip=null | op=PUT_BLOCK {blockData=[blockId=conID: 2 locID: 102739173903696296 bcsId: 0,size=4194304]} | ret=SUCCESS |  
2019-09-05 09:23:06,833 [grpc-default-executor-0] INFO  client.GrpcClientProtocolClient (GrpcClientProtocolClient.java:onNext(255)) - client-969FB6DA8C9A->4fcc8d53-44cb-4faf-b915-5afa0c7529d4: receive RaftClientReply:client-969FB6DA8C9A->4fcc8d53-44cb-4faf-b915-5afa0c7529d4@group-6A615BAE1DD1, cid=818, SUCCESS, logIndex=0, commits[4fcc8d53-44cb-4faf-b915-5afa0c7529d4:c1026, 48aa5eb4-709c-4003-adb5-fbc02723cd23:c1024, 609a8cf1-6ad3-4123-b94a-106ad93148a8:c1024]
2019-09-05 09:23:06,839 | INFO  | DNAudit | user=null | ip=null | op=WRITE_CHUNK {blockData=conID: 3 locID: 102739173903696297 bcsId: 0} | ret=SUCCESS |  
2019-09-05 09:23:06,842 | INFO  | DNAudit | user=null | ip=null | op=WRITE_CHUNK {blockData=conID: 3 locID: 102739173903696297 bcsId: 0} | ret=SUCCESS |  
2019-09-05 09:23:06,842 | INFO  | DNAudit | user=null | ip=null | op=WRITE_CHUNK {blockData=conID: 3 locID: 102739173903696297 bcsId: 0} | ret=SUCCESS |  
2019-09-05 09:23:06,843 | INFO  | DNAudit | user=null | ip=null | op=WRITE_CHUNK {blockData=conID: 3 locID: 102739173903696297 bcsId: 0} | ret=SUCCESS |  
2019-09-05 09:23:06,844 | INFO  | DNAudit | user=null | ip=null | op=WRITE_CHUNK {blockData=conID: 3 locID: 102739173903696297 bcsId: 0} | ret=SUCCESS |  
2019-09-05 09:23:06,844 | INFO  | DNAudit | user=null | ip=null | op=WRITE_CHUNK {blockData=conID: 3 locID: 102739173903696297 bcsId: 0} | ret=SUCCESS |  
2019-09-05 09:23:06,862 | INFO  | DNAudit | user=null | ip=null | op=WRITE_CHUNK {blockData=conID: 3 locID: 102739173903696297 bcsId: 0} | ret=SUCCESS |  
2019-09-05 09:23:06,863 | INFO  | DNAudit | user=null | ip=null | op=PUT_BLOCK {blockData=[blockId=conID: 3 locID: 102739173903696297 bcsId: 0,size=1048576]} | ret=SUCCESS |  
2019-09-05 09:23:06,863 | INFO  | DNAudit | user=null | ip=null | op=WRITE_CHUNK {blockData=conID: 3 locID: 102739173903696297 bcsId: 0} | ret=SUCCESS |  
2019-09-05 09:23:06,863 [grpc-default-executor-3] INFO  client.GrpcClientProtocolClient (GrpcClientProtocolClient.java:onNext(255)) - client-969FB6DA8C9A->4fcc8d53-44cb-4faf-b915-5afa0c7529d4: receive RaftClientReply:client-969FB6DA8C9A->4fcc8d53-44cb-4faf-b915-5afa0c7529d4@group-6A615BAE1DD1, cid=819, SUCCESS, logIndex=1027, commits[4fcc8d53-44cb-4faf-b915-5afa0c7529d4:c1030, 48aa5eb4-709c-4003-adb5-fbc02723cd23:c1026, 609a8cf1-6ad3-4123-b94a-106ad93148a8:c1026]
2019-09-05 09:23:06,863 | INFO  | DNAudit | user=null | ip=null | op=PUT_BLOCK {blockData=[blockId=conID: 3 locID: 102739173903696297 bcsId: 0,size=2097152]} | ret=SUCCESS |  
2019-09-05 09:23:06,864 | INFO  | DNAudit | user=null | ip=null | op=WRITE_CHUNK {blockData=conID: 3 locID: 102739173903696297 bcsId: 0} | ret=SUCCESS |  
2019-09-05 09:23:06,864 | INFO  | DNAudit | user=null | ip=null | op=WRITE_CHUNK {blockData=conID: 3 locID: 102739173903696297 bcsId: 0} | ret=SUCCESS |  
2019-09-05 09:23:06,864 [grpc-default-executor-3] INFO  client.GrpcClientProtocolClient (GrpcClientProtocolClient.java:onNext(255)) - client-969FB6DA8C9A->4fcc8d53-44cb-4faf-b915-5afa0c7529d4: receive RaftClientReply:client-969FB6DA8C9A->4fcc8d53-44cb-4faf-b915-5afa0c7529d4@group-6A615BAE1DD1, cid=820, SUCCESS, logIndex=1028, commits[4fcc8d53-44cb-4faf-b915-5afa0c7529d4:c1030, 48aa5eb4-709c-4003-adb5-fbc02723cd23:c1026, 609a8cf1-6ad3-4123-b94a-106ad93148a8:c1026]
2019-09-05 09:23:06,864 | INFO  | DNAudit | user=null | ip=null | op=PUT_BLOCK {blockData=[blockId=conID: 3 locID: 102739173903696297 bcsId: 0,size=1048576]} | ret=SUCCESS |  
2019-09-05 09:23:06,864 | INFO  | DNAudit | user=null | ip=null | op=PUT_BLOCK {blockData=[blockId=conID: 3 locID: 102739173903696297 bcsId: 0,size=1048576]} | ret=SUCCESS |  
2019-09-05 09:23:06,864 [grpc-default-executor-3] INFO  client.GrpcClientProtocolClient (GrpcClientProtocolClient.java:onNext(255)) - client-969FB6DA8C9A->4fcc8d53-44cb-4faf-b915-5afa0c7529d4: receive RaftClientReply:client-969FB6DA8C9A->4fcc8d53-44cb-4faf-b915-5afa0c7529d4@group-6A615BAE1DD1, cid=821, SUCCESS, logIndex=1029, commits[4fcc8d53-44cb-4faf-b915-5afa0c7529d4:c1030, 48aa5eb4-709c-4003-adb5-fbc02723cd23:c1026, 609a8cf1-6ad3-4123-b94a-106ad93148a8:c1026]
2019-09-05 09:23:06,864 | INFO  | DNAudit | user=null | ip=null | op=WRITE_CHUNK {blockData=conID: 3 locID: 102739173903696297 bcsId: 0} | ret=SUCCESS |  
2019-09-05 09:23:06,864 [grpc-default-executor-3] INFO  client.GrpcClientProtocolClient (GrpcClientProtocolClient.java:onNext(255)) - client-969FB6DA8C9A->4fcc8d53-44cb-4faf-b915-5afa0c7529d4: receive RaftClientReply:client-969FB6DA8C9A->4fcc8d53-44cb-4faf-b915-5afa0c7529d4@group-6A615BAE1DD1, cid=822, SUCCESS, logIndex=1030, commits[4fcc8d53-44cb-4faf-b915-5afa0c7529d4:c1030, 48aa5eb4-709c-4003-adb5-fbc02723cd23:c1026, 609a8cf1-6ad3-4123-b94a-106ad93148a8:c1026]
2019-09-05 09:23:06,865 | INFO  | DNAudit | user=null | ip=null | op=PUT_BLOCK {blockData=[blockId=conID: 3 locID: 102739173903696297 bcsId: 0,size=2097152]} | ret=SUCCESS |  
2019-09-05 09:23:06,865 | INFO  | DNAudit | user=null | ip=null | op=WRITE_CHUNK {blockData=conID: 3 locID: 102739173903696297 bcsId: 0} | ret=SUCCESS |  
2019-09-05 09:23:06,865 [grpc-default-executor-3] INFO  client.GrpcClientProtocolClient (GrpcClientProtocolClient.java:onNext(255)) - client-969FB6DA8C9A->4fcc8d53-44cb-4faf-b915-5afa0c7529d4: receive RaftClientReply:client-969FB6DA8C9A->4fcc8d53-44cb-4faf-b915-5afa0c7529d4@group-6A615BAE1DD1, cid=823, SUCCESS, logIndex=0, commits[4fcc8d53-44cb-4faf-b915-5afa0c7529d4:c1032, 48aa5eb4-709c-4003-adb5-fbc02723cd23:c1030, 609a8cf1-6ad3-4123-b94a-106ad93148a8:c1028]
2019-09-05 09:23:06,866 | INFO  | DNAudit | user=null | ip=null | op=PUT_BLOCK {blockData=[blockId=conID: 3 locID: 102739173903696297 bcsId: 0,size=2097152]} | ret=SUCCESS |  
2019-09-05 09:23:06,872 | INFO  | DNAudit | user=null | ip=null | op=WRITE_CHUNK {blockData=conID: 3 locID: 102739173903696297 bcsId: 1030} | ret=SUCCESS |  
2019-09-05 09:23:06,874 | INFO  | DNAudit | user=null | ip=null | op=WRITE_CHUNK {blockData=conID: 3 locID: 102739173903696297 bcsId: 1030} | ret=SUCCESS |  
2019-09-05 09:23:06,875 | INFO  | DNAudit | user=null | ip=null | op=WRITE_CHUNK {blockData=conID: 3 locID: 102739173903696297 bcsId: 1030} | ret=SUCCESS |  
2019-09-05 09:23:06,885 | INFO  | DNAudit | user=null | ip=null | op=WRITE_CHUNK {blockData=conID: 3 locID: 102739173903696297 bcsId: 1030} | ret=SUCCESS |  
2019-09-05 09:23:06,885 | INFO  | DNAudit | user=null | ip=null | op=PUT_BLOCK {blockData=[blockId=conID: 3 locID: 102739173903696297 bcsId: 0,size=3145728]} | ret=SUCCESS |  
2019-09-05 09:23:06,885 [grpc-default-executor-0] INFO  client.GrpcClientProtocolClient (GrpcClientProtocolClient.java:onNext(255)) - client-969FB6DA8C9A->4fcc8d53-44cb-4faf-b915-5afa0c7529d4: receive RaftClientReply:client-969FB6DA8C9A->4fcc8d53-44cb-4faf-b915-5afa0c7529d4@group-6A615BAE1DD1, cid=824, SUCCESS, logIndex=1035, commits[4fcc8d53-44cb-4faf-b915-5afa0c7529d4:c1036, 48aa5eb4-709c-4003-adb5-fbc02723cd23:c1034, 609a8cf1-6ad3-4123-b94a-106ad93148a8:c1034]
2019-09-05 09:23:06,886 [grpc-default-executor-0] INFO  client.GrpcClientProtocolClient (GrpcClientProtocolClient.java:onNext(255)) - client-969FB6DA8C9A->4fcc8d53-44cb-4faf-b915-5afa0c7529d4: receive RaftClientReply:client-969FB6DA8C9A->4fcc8d53-44cb-4faf-b915-5afa0c7529d4@group-6A615BAE1DD1, cid=825, SUCCESS, logIndex=1036, commits[4fcc8d53-44cb-4faf-b915-5afa0c7529d4:c1036, 48aa5eb4-709c-4003-adb5-fbc02723cd23:c1034, 609a8cf1-6ad3-4123-b94a-106ad93148a8:c1034]
2019-09-05 09:23:06,892 | INFO  | DNAudit | user=null | ip=null | op=WRITE_CHUNK {blockData=conID: 3 locID: 102739173903696297 bcsId: 1036} | ret=SUCCESS |  
2019-09-05 09:23:06,894 | INFO  | DNAudit | user=null | ip=null | op=WRITE_CHUNK {blockData=conID: 3 locID: 102739173903696297 bcsId: 1036} | ret=SUCCESS |  
2019-09-05 09:23:06,894 | INFO  | DNAudit | user=null | ip=null | op=WRITE_CHUNK {blockData=conID: 3 locID: 102739173903696297 bcsId: 1036} | ret=SUCCESS |  
2019-09-05 09:23:06,920 | INFO  | DNAudit | user=null | ip=null | op=WRITE_CHUNK {blockData=conID: 3 locID: 102739173903696297 bcsId: 1030} | ret=SUCCESS |  
2019-09-05 09:23:06,920 | INFO  | DNAudit | user=null | ip=null | op=WRITE_CHUNK {blockData=conID: 3 locID: 102739173903696297 bcsId: 1030} | ret=SUCCESS |  
2019-09-05 09:23:06,920 | INFO  | DNAudit | user=null | ip=null | op=PUT_BLOCK {blockData=[blockId=conID: 3 locID: 102739173903696297 bcsId: 0,size=3145728]} | ret=SUCCESS |  
2019-09-05 09:23:06,921 | INFO  | DNAudit | user=null | ip=null | op=PUT_BLOCK {blockData=[blockId=conID: 3 locID: 102739173903696297 bcsId: 0,size=3145728]} | ret=SUCCESS |  
2019-09-05 09:23:06,923 | INFO  | DNAudit | user=null | ip=null | op=WRITE_CHUNK {blockData=conID: 3 locID: 102739173903696297 bcsId: 1036} | ret=SUCCESS |  
2019-09-05 09:23:06,923 | INFO  | DNAudit | user=null | ip=null | op=PUT_BLOCK {blockData=[blockId=conID: 3 locID: 102739173903696297 bcsId: 0,size=4194304]} | ret=SUCCESS |  
2019-09-05 09:23:06,924 [grpc-default-executor-3] INFO  client.GrpcClientProtocolClient (GrpcClientProtocolClient.java:onNext(255)) - client-969FB6DA8C9A->4fcc8d53-44cb-4faf-b915-5afa0c7529d4: receive RaftClientReply:client-969FB6DA8C9A->4fcc8d53-44cb-4faf-b915-5afa0c7529d4@group-6A615BAE1DD1, cid=826, SUCCESS, logIndex=1039, commits[4fcc8d53-44cb-4faf-b915-5afa0c7529d4:c1040, 48aa5eb4-709c-4003-adb5-fbc02723cd23:c1036, 609a8cf1-6ad3-4123-b94a-106ad93148a8:c1036]
2019-09-05 09:23:06,924 [grpc-default-executor-3] INFO  client.GrpcClientProtocolClient (GrpcClientProtocolClient.java:onNext(255)) - client-969FB6DA8C9A->4fcc8d53-44cb-4faf-b915-5afa0c7529d4: receive RaftClientReply:client-969FB6DA8C9A->4fcc8d53-44cb-4faf-b915-5afa0c7529d4@group-6A615BAE1DD1, cid=827, SUCCESS, logIndex=1040, commits[4fcc8d53-44cb-4faf-b915-5afa0c7529d4:c1040, 48aa5eb4-709c-4003-adb5-fbc02723cd23:c1036, 609a8cf1-6ad3-4123-b94a-106ad93148a8:c1036]
2019-09-05 09:23:06,951 | INFO  | DNAudit | user=null | ip=null | op=WRITE_CHUNK {blockData=conID: 3 locID: 102739173903696297 bcsId: 1036} | ret=SUCCESS |  
2019-09-05 09:23:06,951 | INFO  | DNAudit | user=null | ip=null | op=WRITE_CHUNK {blockData=conID: 3 locID: 102739173903696297 bcsId: 1036} | ret=SUCCESS |  
2019-09-05 09:23:06,952 | INFO  | DNAudit | user=null | ip=null | op=PUT_BLOCK {blockData=[blockId=conID: 3 locID: 102739173903696297 bcsId: 0,size=4194304]} | ret=SUCCESS |  
2019-09-05 09:23:06,952 | INFO  | DNAudit | user=null | ip=null | op=PUT_BLOCK {blockData=[blockId=conID: 3 locID: 102739173903696297 bcsId: 0,size=4194304]} | ret=SUCCESS |  
2019-09-05 09:23:06,953 [grpc-default-executor-4] INFO  client.GrpcClientProtocolClient (GrpcClientProtocolClient.java:onNext(255)) - client-969FB6DA8C9A->4fcc8d53-44cb-4faf-b915-5afa0c7529d4: receive RaftClientReply:client-969FB6DA8C9A->4fcc8d53-44cb-4faf-b915-5afa0c7529d4@group-6A615BAE1DD1, cid=828, SUCCESS, logIndex=0, commits[4fcc8d53-44cb-4faf-b915-5afa0c7529d4:c1042, 48aa5eb4-709c-4003-adb5-fbc02723cd23:c1040, 609a8cf1-6ad3-4123-b94a-106ad93148a8:c1040]
2019-09-05 09:23:06,960 | INFO  | DNAudit | user=null | ip=null | op=WRITE_CHUNK {blockData=conID: 1 locID: 102739173903696298 bcsId: 0} | ret=SUCCESS |  
2019-09-05 09:23:06,963 | INFO  | DNAudit | user=null | ip=null | op=WRITE_CHUNK {blockData=conID: 1 locID: 102739173903696298 bcsId: 0} | ret=SUCCESS |  
2019-09-05 09:23:06,963 | INFO  | DNAudit | user=null | ip=null | op=WRITE_CHUNK {blockData=conID: 1 locID: 102739173903696298 bcsId: 0} | ret=SUCCESS |  
2019-09-05 09:23:06,963 | INFO  | DNAudit | user=null | ip=null | op=WRITE_CHUNK {blockData=conID: 1 locID: 102739173903696298 bcsId: 0} | ret=SUCCESS |  
2019-09-05 09:23:06,965 | INFO  | DNAudit | user=null | ip=null | op=WRITE_CHUNK {blockData=conID: 1 locID: 102739173903696298 bcsId: 0} | ret=SUCCESS |  
2019-09-05 09:23:06,965 | INFO  | DNAudit | user=null | ip=null | op=WRITE_CHUNK {blockData=conID: 1 locID: 102739173903696298 bcsId: 0} | ret=SUCCESS |  
2019-09-05 09:23:07,002 | INFO  | DNAudit | user=null | ip=null | op=WRITE_CHUNK {blockData=conID: 1 locID: 102739173903696298 bcsId: 0} | ret=SUCCESS |  
2019-09-05 09:23:07,003 | INFO  | DNAudit | user=null | ip=null | op=PUT_BLOCK {blockData=[blockId=conID: 1 locID: 102739173903696298 bcsId: 0,size=1048576]} | ret=SUCCESS |  
2019-09-05 09:23:07,003 | INFO  | DNAudit | user=null | ip=null | op=WRITE_CHUNK {blockData=conID: 1 locID: 102739173903696298 bcsId: 0} | ret=SUCCESS |  
2019-09-05 09:23:07,003 [grpc-default-executor-0] INFO  client.GrpcClientProtocolClient (GrpcClientProtocolClient.java:onNext(255)) - client-969FB6DA8C9A->4fcc8d53-44cb-4faf-b915-5afa0c7529d4: receive RaftClientReply:client-969FB6DA8C9A->4fcc8d53-44cb-4faf-b915-5afa0c7529d4@group-6A615BAE1DD1, cid=829, SUCCESS, logIndex=1043, commits[4fcc8d53-44cb-4faf-b915-5afa0c7529d4:c1044, 48aa5eb4-709c-4003-adb5-fbc02723cd23:c1042, 609a8cf1-6ad3-4123-b94a-106ad93148a8:c1042]
2019-09-05 09:23:07,004 | INFO  | DNAudit | user=null | ip=null | op=PUT_BLOCK {blockData=[blockId=conID: 1 locID: 102739173903696298 bcsId: 0,size=2097152]} | ret=SUCCESS |  
2019-09-05 09:23:07,004 [grpc-default-executor-0] INFO  client.GrpcClientProtocolClient (GrpcClientProtocolClient.java:onNext(255)) - client-969FB6DA8C9A->4fcc8d53-44cb-4faf-b915-5afa0c7529d4: receive RaftClientReply:client-969FB6DA8C9A->4fcc8d53-44cb-4faf-b915-5afa0c7529d4@group-6A615BAE1DD1, cid=830, SUCCESS, logIndex=1044, commits[4fcc8d53-44cb-4faf-b915-5afa0c7529d4:c1046, 48aa5eb4-709c-4003-adb5-fbc02723cd23:c1042, 609a8cf1-6ad3-4123-b94a-106ad93148a8:c1042]
2019-09-05 09:23:07,005 [grpc-default-executor-0] INFO  client.GrpcClientProtocolClient (GrpcClientProtocolClient.java:onNext(255)) - client-969FB6DA8C9A->4fcc8d53-44cb-4faf-b915-5afa0c7529d4: receive RaftClientReply:client-969FB6DA8C9A->4fcc8d53-44cb-4faf-b915-5afa0c7529d4@group-6A615BAE1DD1, cid=831, SUCCESS, logIndex=1045, commits[4fcc8d53-44cb-4faf-b915-5afa0c7529d4:c1046, 48aa5eb4-709c-4003-adb5-fbc02723cd23:c1042, 609a8cf1-6ad3-4123-b94a-106ad93148a8:c1042]
2019-09-05 09:23:07,005 [grpc-default-executor-0] INFO  client.GrpcClientProtocolClient (GrpcClientProtocolClient.java:onNext(255)) - client-969FB6DA8C9A->4fcc8d53-44cb-4faf-b915-5afa0c7529d4: receive RaftClientReply:client-969FB6DA8C9A->4fcc8d53-44cb-4faf-b915-5afa0c7529d4@group-6A615BAE1DD1, cid=832, SUCCESS, logIndex=1046, commits[4fcc8d53-44cb-4faf-b915-5afa0c7529d4:c1046, 48aa5eb4-709c-4003-adb5-fbc02723cd23:c1042, 609a8cf1-6ad3-4123-b94a-106ad93148a8:c1042]
2019-09-05 09:23:07,022 | INFO  | DNAudit | user=null | ip=null | op=WRITE_CHUNK {blockData=conID: 1 locID: 102739173903696298 bcsId: 0} | ret=SUCCESS |  
 0.00% |█                                                                                                    |  0/1 Time: 0:00:042019-09-05 09:23:07,040 | INFO  | DNAudit | user=null | ip=null | op=WRITE_CHUNK {blockData=conID: 1 locID: 102739173903696298 bcsId: 0} | ret=SUCCESS |  
2019-09-05 09:23:07,040 | INFO  | DNAudit | user=null | ip=null | op=PUT_BLOCK {blockData=[blockId=conID: 1 locID: 102739173903696298 bcsId: 0,size=1048576]} | ret=SUCCESS |  
2019-09-05 09:23:07,040 | INFO  | DNAudit | user=null | ip=null | op=PUT_BLOCK {blockData=[blockId=conID: 1 locID: 102739173903696298 bcsId: 0,size=1048576]} | ret=SUCCESS |  
2019-09-05 09:23:07,040 | INFO  | DNAudit | user=null | ip=null | op=WRITE_CHUNK {blockData=conID: 1 locID: 102739173903696298 bcsId: 0} | ret=SUCCESS |  
2019-09-05 09:23:07,041 | INFO  | DNAudit | user=null | ip=null | op=WRITE_CHUNK {blockData=conID: 1 locID: 102739173903696298 bcsId: 0} | ret=SUCCESS |  
2019-09-05 09:23:07,041 | INFO  | DNAudit | user=null | ip=null | op=PUT_BLOCK {blockData=[blockId=conID: 1 locID: 102739173903696298 bcsId: 0,size=2097152]} | ret=SUCCESS |  
2019-09-05 09:23:07,041 | INFO  | DNAudit | user=null | ip=null | op=PUT_BLOCK {blockData=[blockId=conID: 1 locID: 102739173903696298 bcsId: 0,size=2097152]} | ret=SUCCESS |  
2019-09-05 09:23:07,041 [grpc-default-executor-4] INFO  client.GrpcClientProtocolClient (GrpcClientProtocolClient.java:onNext(255)) - client-969FB6DA8C9A->4fcc8d53-44cb-4faf-b915-5afa0c7529d4: receive RaftClientReply:client-969FB6DA8C9A->4fcc8d53-44cb-4faf-b915-5afa0c7529d4@group-6A615BAE1DD1, cid=833, SUCCESS, logIndex=0, commits[4fcc8d53-44cb-4faf-b915-5afa0c7529d4:c1048, 48aa5eb4-709c-4003-adb5-fbc02723cd23:c1045, 609a8cf1-6ad3-4123-b94a-106ad93148a8:c1044]
2019-09-05 09:23:07,049 | INFO  | DNAudit | user=null | ip=null | op=WRITE_CHUNK {blockData=conID: 1 locID: 102739173903696298 bcsId: 1046} | ret=SUCCESS |  
2019-09-05 09:23:07,051 | INFO  | DNAudit | user=null | ip=null | op=WRITE_CHUNK {blockData=conID: 1 locID: 102739173903696298 bcsId: 1046} | ret=SUCCESS |  
2019-09-05 09:23:07,051 | INFO  | DNAudit | user=null | ip=null | op=WRITE_CHUNK {blockData=conID: 1 locID: 102739173903696298 bcsId: 1046} | ret=SUCCESS |  
2019-09-05 09:23:07,053 | INFO  | SCMAudit | user=jenkins1000 | ip=192.168.36.69 | op=SEND_HEARTBEAT {datanodeUUID=4fcc8d53-44cb-4faf-b915-5afa0c7529d4, command=[]} | ret=SUCCESS |  
2019-09-05 09:23:07,053 | INFO  | SCMAudit | user=jenkins1000 | ip=192.168.36.69 | op=SEND_HEARTBEAT {datanodeUUID=609a8cf1-6ad3-4123-b94a-106ad93148a8, command=[]} | ret=SUCCESS |  
2019-09-05 09:23:07,053 | INFO  | SCMAudit | user=jenkins1000 | ip=192.168.36.69 | op=SEND_HEARTBEAT {datanodeUUID=48aa5eb4-709c-4003-adb5-fbc02723cd23, command=[]} | ret=SUCCESS |  
2019-09-05 09:23:07,070 | INFO  | DNAudit | user=null | ip=null | op=WRITE_CHUNK {blockData=conID: 1 locID: 102739173903696298 bcsId: 1046} | ret=SUCCESS |  
2019-09-05 09:23:07,071 | INFO  | DNAudit | user=null | ip=null | op=PUT_BLOCK {blockData=[blockId=conID: 1 locID: 102739173903696298 bcsId: 0,size=3145728]} | ret=SUCCESS |  
2019-09-05 09:23:07,071 [grpc-default-executor-4] INFO  client.GrpcClientProtocolClient (GrpcClientProtocolClient.java:onNext(255)) - client-969FB6DA8C9A->4fcc8d53-44cb-4faf-b915-5afa0c7529d4: receive RaftClientReply:client-969FB6DA8C9A->4fcc8d53-44cb-4faf-b915-5afa0c7529d4@group-6A615BAE1DD1, cid=834, SUCCESS, logIndex=1051, commits[4fcc8d53-44cb-4faf-b915-5afa0c7529d4:c1052, 48aa5eb4-709c-4003-adb5-fbc02723cd23:c1050, 609a8cf1-6ad3-4123-b94a-106ad93148a8:c1050]
2019-09-05 09:23:07,072 [grpc-default-executor-4] INFO  client.GrpcClientProtocolClient (GrpcClientProtocolClient.java:onNext(255)) - client-969FB6DA8C9A->4fcc8d53-44cb-4faf-b915-5afa0c7529d4: receive RaftClientReply:client-969FB6DA8C9A->4fcc8d53-44cb-4faf-b915-5afa0c7529d4@group-6A615BAE1DD1, cid=835, SUCCESS, logIndex=1052, commits[4fcc8d53-44cb-4faf-b915-5afa0c7529d4:c1052, 48aa5eb4-709c-4003-adb5-fbc02723cd23:c1050, 609a8cf1-6ad3-4123-b94a-106ad93148a8:c1050]
2019-09-05 09:23:07,079 | INFO  | DNAudit | user=null | ip=null | op=WRITE_CHUNK {blockData=conID: 1 locID: 102739173903696298 bcsId: 1052} | ret=SUCCESS |  
2019-09-05 09:23:07,082 | INFO  | DNAudit | user=null | ip=null | op=WRITE_CHUNK {blockData=conID: 1 locID: 102739173903696298 bcsId: 1052} | ret=SUCCESS |  
2019-09-05 09:23:07,082 | INFO  | DNAudit | user=null | ip=null | op=WRITE_CHUNK {blockData=conID: 1 locID: 102739173903696298 bcsId: 1052} | ret=SUCCESS |  
2019-09-05 09:23:07,093 | INFO  | DNAudit | user=null | ip=null | op=WRITE_CHUNK {blockData=conID: 1 locID: 102739173903696298 bcsId: 1046} | ret=SUCCESS |  
2019-09-05 09:23:07,093 | INFO  | DNAudit | user=null | ip=null | op=WRITE_CHUNK {blockData=conID: 1 locID: 102739173903696298 bcsId: 1046} | ret=SUCCESS |  
2019-09-05 09:23:07,093 | INFO  | DNAudit | user=null | ip=null | op=PUT_BLOCK {blockData=[blockId=conID: 1 locID: 102739173903696298 bcsId: 0,size=3145728]} | ret=SUCCESS |  
2019-09-05 09:23:07,093 | INFO  | DNAudit | user=null | ip=null | op=PUT_BLOCK {blockData=[blockId=conID: 1 locID: 102739173903696298 bcsId: 0,size=3145728]} | ret=SUCCESS |  
2019-09-05 09:23:07,094 | INFO  | DNAudit | user=null | ip=null | op=WRITE_CHUNK {blockData=conID: 1 locID: 102739173903696298 bcsId: 1052} | ret=SUCCESS |  
2019-09-05 09:23:07,094 | INFO  | DNAudit | user=null | ip=null | op=PUT_BLOCK {blockData=[blockId=conID: 1 locID: 102739173903696298 bcsId: 0,size=4194304]} | ret=SUCCESS |  
2019-09-05 09:23:07,095 [grpc-default-executor-4] INFO  client.GrpcClientProtocolClient (GrpcClientProtocolClient.java:onNext(255)) - client-969FB6DA8C9A->4fcc8d53-44cb-4faf-b915-5afa0c7529d4: receive RaftClientReply:client-969FB6DA8C9A->4fcc8d53-44cb-4faf-b915-5afa0c7529d4@group-6A615BAE1DD1, cid=836, SUCCESS, logIndex=1055, commits[4fcc8d53-44cb-4faf-b915-5afa0c7529d4:c1056, 48aa5eb4-709c-4003-adb5-fbc02723cd23:c1052, 609a8cf1-6ad3-4123-b94a-106ad93148a8:c1052]
2019-09-05 09:23:07,095 [grpc-default-executor-4] INFO  client.GrpcClientProtocolClient (GrpcClientProtocolClient.java:onNext(255)) - client-969FB6DA8C9A->4fcc8d53-44cb-4faf-b915-5afa0c7529d4: receive RaftClientReply:client-969FB6DA8C9A->4fcc8d53-44cb-4faf-b915-5afa0c7529d4@group-6A615BAE1DD1, cid=837, SUCCESS, logIndex=1056, commits[4fcc8d53-44cb-4faf-b915-5afa0c7529d4:c1056, 48aa5eb4-709c-4003-adb5-fbc02723cd23:c1052, 609a8cf1-6ad3-4123-b94a-106ad93148a8:c1052]
2019-09-05 09:23:07,125 | INFO  | DNAudit | user=null | ip=null | op=WRITE_CHUNK {blockData=conID: 1 locID: 102739173903696298 bcsId: 1052} | ret=SUCCESS |  
2019-09-05 09:23:07,125 | INFO  | DNAudit | user=null | ip=null | op=WRITE_CHUNK {blockData=conID: 1 locID: 102739173903696298 bcsId: 1052} | ret=SUCCESS |  
2019-09-05 09:23:07,126 | INFO  | DNAudit | user=null | ip=null | op=PUT_BLOCK {blockData=[blockId=conID: 1 locID: 102739173903696298 bcsId: 0,size=4194304]} | ret=SUCCESS |  
2019-09-05 09:23:07,126 | INFO  | DNAudit | user=null | ip=null | op=PUT_BLOCK {blockData=[blockId=conID: 1 locID: 102739173903696298 bcsId: 0,size=4194304]} | ret=SUCCESS |  
2019-09-05 09:23:07,127 [grpc-default-executor-4] INFO  client.GrpcClientProtocolClient (GrpcClientProtocolClient.java:onNext(255)) - client-969FB6DA8C9A->4fcc8d53-44cb-4faf-b915-5afa0c7529d4: receive RaftClientReply:client-969FB6DA8C9A->4fcc8d53-44cb-4faf-b915-5afa0c7529d4@group-6A615BAE1DD1, cid=838, SUCCESS, logIndex=0, commits[4fcc8d53-44cb-4faf-b915-5afa0c7529d4:c1058, 48aa5eb4-709c-4003-adb5-fbc02723cd23:c1056, 609a8cf1-6ad3-4123-b94a-106ad93148a8:c1056]
2019-09-05 09:23:07,134 | INFO  | DNAudit | user=null | ip=null | op=WRITE_CHUNK {blockData=conID: 2 locID: 102739173903696299 bcsId: 0} | ret=SUCCESS |  
2019-09-05 09:23:07,137 | INFO  | DNAudit | user=null | ip=null | op=WRITE_CHUNK {blockData=conID: 2 locID: 102739173903696299 bcsId: 0} | ret=SUCCESS |  
2019-09-05 09:23:07,137 | INFO  | SCMAudit | user=jenkins1000 | ip=192.168.36.69 | op=SEND_HEARTBEAT {datanodeUUID=5b6cff60-1414-40d6-b682-781dc5ff3023, command=[]} | ret=SUCCESS |  
2019-09-05 09:23:07,137 | INFO  | DNAudit | user=null | ip=null | op=WRITE_CHUNK {blockData=conID: 2 locID: 102739173903696299 bcsId: 0} | ret=SUCCESS |  
2019-09-05 09:23:07,138 | INFO  | DNAudit | user=null | ip=null | op=WRITE_CHUNK {blockData=conID: 2 locID: 102739173903696299 bcsId: 0} | ret=SUCCESS |  
2019-09-05 09:23:07,139 | INFO  | DNAudit | user=null | ip=null | op=WRITE_CHUNK {blockData=conID: 2 locID: 102739173903696299 bcsId: 0} | ret=SUCCESS |  
2019-09-05 09:23:07,141 | INFO  | DNAudit | user=null | ip=null | op=WRITE_CHUNK {blockData=conID: 2 locID: 102739173903696299 bcsId: 0} | ret=SUCCESS |  
2019-09-05 09:23:07,293 | INFO  | DNAudit | user=null | ip=null | op=WRITE_CHUNK {blockData=conID: 2 locID: 102739173903696299 bcsId: 0} | ret=SUCCESS |  
2019-09-05 09:23:07,294 | INFO  | DNAudit | user=null | ip=null | op=PUT_BLOCK {blockData=[blockId=conID: 2 locID: 102739173903696299 bcsId: 0,size=1048576]} | ret=SUCCESS |  
2019-09-05 09:23:07,294 [grpc-default-executor-4] INFO  client.GrpcClientProtocolClient (GrpcClientProtocolClient.java:onNext(255)) - client-969FB6DA8C9A->4fcc8d53-44cb-4faf-b915-5afa0c7529d4: receive RaftClientReply:client-969FB6DA8C9A->4fcc8d53-44cb-4faf-b915-5afa0c7529d4@group-6A615BAE1DD1, cid=839, SUCCESS, logIndex=1059, commits[4fcc8d53-44cb-4faf-b915-5afa0c7529d4:c1060, 48aa5eb4-709c-4003-adb5-fbc02723cd23:c1058, 609a8cf1-6ad3-4123-b94a-106ad93148a8:c1058]
2019-09-05 09:23:07,295 [grpc-default-executor-4] INFO  client.GrpcClientProtocolClient (GrpcClientProtocolClient.java:onNext(255)) - client-969FB6DA8C9A->4fcc8d53-44cb-4faf-b915-5afa0c7529d4: receive RaftClientReply:client-969FB6DA8C9A->4fcc8d53-44cb-4faf-b915-5afa0c7529d4@group-6A615BAE1DD1, cid=840, SUCCESS, logIndex=1060, commits[4fcc8d53-44cb-4faf-b915-5afa0c7529d4:c1060, 48aa5eb4-709c-4003-adb5-fbc02723cd23:c1058, 609a8cf1-6ad3-4123-b94a-106ad93148a8:c1058]
2019-09-05 09:23:07,300 | INFO  | DNAudit | user=null | ip=null | op=WRITE_CHUNK {blockData=conID: 2 locID: 102739173903696299 bcsId: 0} | ret=SUCCESS |  
2019-09-05 09:23:07,300 | INFO  | DNAudit | user=null | ip=null | op=PUT_BLOCK {blockData=[blockId=conID: 2 locID: 102739173903696299 bcsId: 0,size=2097152]} | ret=SUCCESS |  
2019-09-05 09:23:07,301 | INFO  | DNAudit | user=null | ip=null | op=WRITE_CHUNK {blockData=conID: 2 locID: 102739173903696299 bcsId: 0} | ret=SUCCESS |  
2019-09-05 09:23:07,301 | INFO  | DNAudit | user=null | ip=null | op=PUT_BLOCK {blockData=[blockId=conID: 2 locID: 102739173903696299 bcsId: 0,size=1048576]} | ret=SUCCESS |  
2019-09-05 09:23:07,301 [grpc-default-executor-4] INFO  client.GrpcClientProtocolClient (GrpcClientProtocolClient.java:onNext(255)) - client-969FB6DA8C9A->4fcc8d53-44cb-4faf-b915-5afa0c7529d4: receive RaftClientReply:client-969FB6DA8C9A->4fcc8d53-44cb-4faf-b915-5afa0c7529d4@group-6A615BAE1DD1, cid=841, SUCCESS, logIndex=1061, commits[4fcc8d53-44cb-4faf-b915-5afa0c7529d4:c1062, 48aa5eb4-709c-4003-adb5-fbc02723cd23:c1058, 609a8cf1-6ad3-4123-b94a-106ad93148a8:c1058]
2019-09-05 09:23:07,302 [grpc-default-executor-4] INFO  client.GrpcClientProtocolClient (GrpcClientProtocolClient.java:onNext(255)) - client-969FB6DA8C9A->4fcc8d53-44cb-4faf-b915-5afa0c7529d4: receive RaftClientReply:client-969FB6DA8C9A->4fcc8d53-44cb-4faf-b915-5afa0c7529d4@group-6A615BAE1DD1, cid=842, SUCCESS, logIndex=1062, commits[4fcc8d53-44cb-4faf-b915-5afa0c7529d4:c1062, 48aa5eb4-709c-4003-adb5-fbc02723cd23:c1058, 609a8cf1-6ad3-4123-b94a-106ad93148a8:c1058]
2019-09-05 09:23:07,302 | INFO  | DNAudit | user=null | ip=null | op=WRITE_CHUNK {blockData=conID: 2 locID: 102739173903696299 bcsId: 0} | ret=SUCCESS |  
2019-09-05 09:23:07,302 | INFO  | DNAudit | user=null | ip=null | op=PUT_BLOCK {blockData=[blockId=conID: 2 locID: 102739173903696299 bcsId: 0,size=2097152]} | ret=SUCCESS |  
2019-09-05 09:23:07,304 | INFO  | DNAudit | user=null | ip=null | op=WRITE_CHUNK {blockData=conID: 2 locID: 102739173903696299 bcsId: 0} | ret=SUCCESS |  
2019-09-05 09:23:07,304 | INFO  | DNAudit | user=null | ip=null | op=PUT_BLOCK {blockData=[blockId=conID: 2 locID: 102739173903696299 bcsId: 0,size=1048576]} | ret=SUCCESS |  
2019-09-05 09:23:07,304 | INFO  | DNAudit | user=null | ip=null | op=WRITE_CHUNK {blockData=conID: 2 locID: 102739173903696299 bcsId: 0} | ret=SUCCESS |  
2019-09-05 09:23:07,304 | INFO  | DNAudit | user=null | ip=null | op=PUT_BLOCK {blockData=[blockId=conID: 2 locID: 102739173903696299 bcsId: 0,size=2097152]} | ret=SUCCESS |  
2019-09-05 09:23:07,304 [grpc-default-executor-0] INFO  client.GrpcClientProtocolClient (GrpcClientProtocolClient.java:onNext(255)) - client-969FB6DA8C9A->4fcc8d53-44cb-4faf-b915-5afa0c7529d4: receive RaftClientReply:client-969FB6DA8C9A->4fcc8d53-44cb-4faf-b915-5afa0c7529d4@group-6A615BAE1DD1, cid=843, SUCCESS, logIndex=0, commits[4fcc8d53-44cb-4faf-b915-5afa0c7529d4:c1065, 48aa5eb4-709c-4003-adb5-fbc02723cd23:c1062, 609a8cf1-6ad3-4123-b94a-106ad93148a8:c1062]
2019-09-05 09:23:07,310 | INFO  | DNAudit | user=null | ip=null | op=WRITE_CHUNK {blockData=conID: 2 locID: 102739173903696299 bcsId: 1062} | ret=SUCCESS |  
2019-09-05 09:23:07,313 | INFO  | DNAudit | user=null | ip=null | op=WRITE_CHUNK {blockData=conID: 2 locID: 102739173903696299 bcsId: 1062} | ret=SUCCESS |  
2019-09-05 09:23:07,313 | INFO  | DNAudit | user=null | ip=null | op=WRITE_CHUNK {blockData=conID: 2 locID: 102739173903696299 bcsId: 1062} | ret=SUCCESS |  
2019-09-05 09:23:07,323 | INFO  | SCMAudit | user=jenkins1000 | ip=192.168.36.69 | op=SEND_HEARTBEAT {datanodeUUID=fe9e29a7-51ad-458f-9e11-f615da290baa, command=[]} | ret=SUCCESS |  
2019-09-05 09:23:07,334 | INFO  | DNAudit | user=null | ip=null | op=WRITE_CHUNK {blockData=conID: 2 locID: 102739173903696299 bcsId: 1062} | ret=SUCCESS |  
2019-09-05 09:23:07,335 | INFO  | DNAudit | user=null | ip=null | op=PUT_BLOCK {blockData=[blockId=conID: 2 locID: 102739173903696299 bcsId: 0,size=3145728]} | ret=SUCCESS |  
2019-09-05 09:23:07,335 [grpc-default-executor-3] INFO  client.GrpcClientProtocolClient (GrpcClientProtocolClient.java:onNext(255)) - client-969FB6DA8C9A->4fcc8d53-44cb-4faf-b915-5afa0c7529d4: receive RaftClientReply:client-969FB6DA8C9A->4fcc8d53-44cb-4faf-b915-5afa0c7529d4@group-6A615BAE1DD1, cid=844, SUCCESS, logIndex=1066, commits[4fcc8d53-44cb-4faf-b915-5afa0c7529d4:c1067, 48aa5eb4-709c-4003-adb5-fbc02723cd23:c1065, 609a8cf1-6ad3-4123-b94a-106ad93148a8:c1065]
2019-09-05 09:23:07,335 [grpc-default-executor-3] INFO  client.GrpcClientProtocolClient (GrpcClientProtocolClient.java:onNext(255)) - client-969FB6DA8C9A->4fcc8d53-44cb-4faf-b915-5afa0c7529d4: receive RaftClientReply:client-969FB6DA8C9A->4fcc8d53-44cb-4faf-b915-5afa0c7529d4@group-6A615BAE1DD1, cid=845, SUCCESS, logIndex=1067, commits[4fcc8d53-44cb-4faf-b915-5afa0c7529d4:c1067, 48aa5eb4-709c-4003-adb5-fbc02723cd23:c1065, 609a8cf1-6ad3-4123-b94a-106ad93148a8:c1065]
2019-09-05 09:23:07,341 | INFO  | DNAudit | user=null | ip=null | op=WRITE_CHUNK {blockData=conID: 2 locID: 102739173903696299 bcsId: 1067} | ret=SUCCESS |  
2019-09-05 09:23:07,343 | INFO  | DNAudit | user=null | ip=null | op=WRITE_CHUNK {blockData=conID: 2 locID: 102739173903696299 bcsId: 1067} | ret=SUCCESS |  
2019-09-05 09:23:07,344 | INFO  | DNAudit | user=null | ip=null | op=WRITE_CHUNK {blockData=conID: 2 locID: 102739173903696299 bcsId: 1067} | ret=SUCCESS |  
2019-09-05 09:23:07,344 | INFO  | DNAudit | user=null | ip=null | op=WRITE_CHUNK {blockData=conID: 2 locID: 102739173903696299 bcsId: 1062} | ret=SUCCESS |  
2019-09-05 09:23:07,344 | INFO  | DNAudit | user=null | ip=null | op=WRITE_CHUNK {blockData=conID: 2 locID: 102739173903696299 bcsId: 1062} | ret=SUCCESS |  
2019-09-05 09:23:07,344 | INFO  | DNAudit | user=null | ip=null | op=PUT_BLOCK {blockData=[blockId=conID: 2 locID: 102739173903696299 bcsId: 0,size=3145728]} | ret=SUCCESS |  
2019-09-05 09:23:07,344 | INFO  | DNAudit | user=null | ip=null | op=PUT_BLOCK {blockData=[blockId=conID: 2 locID: 102739173903696299 bcsId: 0,size=3145728]} | ret=SUCCESS |  
2019-09-05 09:23:07,345 | INFO  | DNAudit | user=null | ip=null | op=WRITE_CHUNK {blockData=conID: 2 locID: 102739173903696299 bcsId: 1067} | ret=SUCCESS |  
2019-09-05 09:23:07,346 | INFO  | DNAudit | user=null | ip=null | op=PUT_BLOCK {blockData=[blockId=conID: 2 locID: 102739173903696299 bcsId: 0,size=4194304]} | ret=SUCCESS |  
2019-09-05 09:23:07,346 [grpc-default-executor-3] INFO  client.GrpcClientProtocolClient (GrpcClientProtocolClient.java:onNext(255)) - client-969FB6DA8C9A->4fcc8d53-44cb-4faf-b915-5afa0c7529d4: receive RaftClientReply:client-969FB6DA8C9A->4fcc8d53-44cb-4faf-b915-5afa0c7529d4@group-6A615BAE1DD1, cid=846, SUCCESS, logIndex=1070, commits[4fcc8d53-44cb-4faf-b915-5afa0c7529d4:c1071, 48aa5eb4-709c-4003-adb5-fbc02723cd23:c1067, 609a8cf1-6ad3-4123-b94a-106ad93148a8:c1067]
2019-09-05 09:23:07,346 [grpc-default-executor-3] INFO  client.GrpcClientProtocolClient (GrpcClientProtocolClient.java:onNext(255)) - client-969FB6DA8C9A->4fcc8d53-44cb-4faf-b915-5afa0c7529d4: receive RaftClientReply:client-969FB6DA8C9A->4fcc8d53-44cb-4faf-b915-5afa0c7529d4@group-6A615BAE1DD1, cid=847, SUCCESS, logIndex=1071, commits[4fcc8d53-44cb-4faf-b915-5afa0c7529d4:c1071, 48aa5eb4-709c-4003-adb5-fbc02723cd23:c1067, 609a8cf1-6ad3-4123-b94a-106ad93148a8:c1067]
2019-09-05 09:23:07,359 | INFO  | DNAudit | user=null | ip=null | op=WRITE_CHUNK {blockData=conID: 2 locID: 102739173903696299 bcsId: 1067} | ret=SUCCESS |  
2019-09-05 09:23:07,360 | INFO  | DNAudit | user=null | ip=null | op=WRITE_CHUNK {blockData=conID: 2 locID: 102739173903696299 bcsId: 1067} | ret=SUCCESS |  
2019-09-05 09:23:07,360 | INFO  | DNAudit | user=null | ip=null | op=PUT_BLOCK {blockData=[blockId=conID: 2 locID: 102739173903696299 bcsId: 0,size=4194304]} | ret=SUCCESS |  
2019-09-05 09:23:07,362 | INFO  | DNAudit | user=null | ip=null | op=PUT_BLOCK {blockData=[blockId=conID: 2 locID: 102739173903696299 bcsId: 0,size=4194304]} | ret=SUCCESS |  
2019-09-05 09:23:07,362 [grpc-default-executor-3] INFO  client.GrpcClientProtocolClient (GrpcClientProtocolClient.java:onNext(255)) - client-969FB6DA8C9A->4fcc8d53-44cb-4faf-b915-5afa0c7529d4: receive RaftClientReply:client-969FB6DA8C9A->4fcc8d53-44cb-4faf-b915-5afa0c7529d4@group-6A615BAE1DD1, cid=848, SUCCESS, logIndex=0, commits[4fcc8d53-44cb-4faf-b915-5afa0c7529d4:c1073, 48aa5eb4-709c-4003-adb5-fbc02723cd23:c1071, 609a8cf1-6ad3-4123-b94a-106ad93148a8:c1071]
2019-09-05 09:23:07,367 | INFO  | DNAudit | user=null | ip=null | op=WRITE_CHUNK {blockData=conID: 3 locID: 102739173903761836 bcsId: 0} | ret=SUCCESS |  
2019-09-05 09:23:07,369 | INFO  | DNAudit | user=null | ip=null | op=WRITE_CHUNK {blockData=conID: 3 locID: 102739173903761836 bcsId: 0} | ret=SUCCESS |  
2019-09-05 09:23:07,370 | INFO  | DNAudit | user=null | ip=null | op=WRITE_CHUNK {blockData=conID: 3 locID: 102739173903761836 bcsId: 0} | ret=SUCCESS |  
2019-09-05 09:23:07,558 | INFO  | DNAudit | user=null | ip=null | op=WRITE_CHUNK {blockData=conID: 3 locID: 102739173903761836 bcsId: 0} | ret=SUCCESS |  
2019-09-05 09:23:07,559 | INFO  | DNAudit | user=null | ip=null | op=WRITE_CHUNK {blockData=conID: 3 locID: 102739173903761836 bcsId: 0} | ret=SUCCESS |  
2019-09-05 09:23:07,559 | INFO  | DNAudit | user=null | ip=null | op=PUT_BLOCK {blockData=[blockId=conID: 3 locID: 102739173903761836 bcsId: 0,size=1048576]} | ret=SUCCESS |  
2019-09-05 09:23:07,559 | INFO  | DNAudit | user=null | ip=null | op=WRITE_CHUNK {blockData=conID: 3 locID: 102739173903761836 bcsId: 0} | ret=SUCCESS |  
2019-09-05 09:23:07,559 [grpc-default-executor-0] INFO  client.GrpcClientProtocolClient (GrpcClientProtocolClient.java:onNext(255)) - client-969FB6DA8C9A->4fcc8d53-44cb-4faf-b915-5afa0c7529d4: receive RaftClientReply:client-969FB6DA8C9A->4fcc8d53-44cb-4faf-b915-5afa0c7529d4@group-6A615BAE1DD1, cid=849, SUCCESS, logIndex=1074, commits[4fcc8d53-44cb-4faf-b915-5afa0c7529d4:c1075, 48aa5eb4-709c-4003-adb5-fbc02723cd23:c1071, 609a8cf1-6ad3-4123-b94a-106ad93148a8:c1073]
2019-09-05 09:23:07,560 | INFO  | DNAudit | user=null | ip=null | op=WRITE_CHUNK {blockData=conID: 3 locID: 102739173903761836 bcsId: 0} | ret=SUCCESS |  
2019-09-05 09:23:07,560 [grpc-default-executor-0] INFO  client.GrpcClientProtocolClient (GrpcClientProtocolClient.java:onNext(255)) - client-969FB6DA8C9A->4fcc8d53-44cb-4faf-b915-5afa0c7529d4: receive RaftClientReply:client-969FB6DA8C9A->4fcc8d53-44cb-4faf-b915-5afa0c7529d4@group-6A615BAE1DD1, cid=850, SUCCESS, logIndex=1075, commits[4fcc8d53-44cb-4faf-b915-5afa0c7529d4:c1075, 48aa5eb4-709c-4003-adb5-fbc02723cd23:c1071, 609a8cf1-6ad3-4123-b94a-106ad93148a8:c1073]
2019-09-05 09:23:07,577 | INFO  | DNAudit | user=null | ip=null | op=WRITE_CHUNK {blockData=conID: 3 locID: 102739173903761836 bcsId: 0} | ret=SUCCESS |  
2019-09-05 09:23:07,577 | INFO  | DNAudit | user=null | ip=null | op=WRITE_CHUNK {blockData=conID: 3 locID: 102739173903761836 bcsId: 0} | ret=SUCCESS |  
2019-09-05 09:23:07,577 | INFO  | DNAudit | user=null | ip=null | op=PUT_BLOCK {blockData=[blockId=conID: 3 locID: 102739173903761836 bcsId: 0,size=1048576]} | ret=SUCCESS |  
2019-09-05 09:23:07,577 | INFO  | DNAudit | user=null | ip=null | op=WRITE_CHUNK {blockData=conID: 3 locID: 102739173903761836 bcsId: 0} | ret=SUCCESS |  
2019-09-05 09:23:07,577 | INFO  | DNAudit | user=null | ip=null | op=PUT_BLOCK {blockData=[blockId=conID: 3 locID: 102739173903761836 bcsId: 0,size=2097152]} | ret=SUCCESS |  
2019-09-05 09:23:07,578 | INFO  | DNAudit | user=null | ip=null | op=PUT_BLOCK {blockData=[blockId=conID: 3 locID: 102739173903761836 bcsId: 0,size=1048576]} | ret=SUCCESS |  
2019-09-05 09:23:07,578 [grpc-default-executor-3] INFO  client.GrpcClientProtocolClient (GrpcClientProtocolClient.java:onNext(255)) - client-969FB6DA8C9A->4fcc8d53-44cb-4faf-b915-5afa0c7529d4: receive RaftClientReply:client-969FB6DA8C9A->4fcc8d53-44cb-4faf-b915-5afa0c7529d4@group-6A615BAE1DD1, cid=851, SUCCESS, logIndex=1076, commits[4fcc8d53-44cb-4faf-b915-5afa0c7529d4:c1078, 48aa5eb4-709c-4003-adb5-fbc02723cd23:c1075, 609a8cf1-6ad3-4123-b94a-106ad93148a8:c1073]
2019-09-05 09:23:07,578 [grpc-default-executor-3] INFO  client.GrpcClientProtocolClient (GrpcClientProtocolClient.java:onNext(255)) - client-969FB6DA8C9A->4fcc8d53-44cb-4faf-b915-5afa0c7529d4: receive RaftClientReply:client-969FB6DA8C9A->4fcc8d53-44cb-4faf-b915-5afa0c7529d4@group-6A615BAE1DD1, cid=852, SUCCESS, logIndex=1077, commits[4fcc8d53-44cb-4faf-b915-5afa0c7529d4:c1079, 48aa5eb4-709c-4003-adb5-fbc02723cd23:c1075, 609a8cf1-6ad3-4123-b94a-106ad93148a8:c1075]
2019-09-05 09:23:07,585 | INFO  | DNAudit | user=null | ip=null | op=WRITE_CHUNK {blockData=conID: 3 locID: 102739173903761836 bcsId: 1077} | ret=SUCCESS |  
2019-09-05 09:23:07,585 | INFO  | DNAudit | user=null | ip=null | op=WRITE_CHUNK {blockData=conID: 3 locID: 102739173903761836 bcsId: 0} | ret=SUCCESS |  
2019-09-05 09:23:07,585 | INFO  | DNAudit | user=null | ip=null | op=WRITE_CHUNK {blockData=conID: 3 locID: 102739173903761836 bcsId: 0} | ret=SUCCESS |  
2019-09-05 09:23:07,586 | INFO  | DNAudit | user=null | ip=null | op=PUT_BLOCK {blockData=[blockId=conID: 3 locID: 102739173903761836 bcsId: 0,size=2097152]} | ret=SUCCESS |  
2019-09-05 09:23:07,586 | INFO  | DNAudit | user=null | ip=null | op=PUT_BLOCK {blockData=[blockId=conID: 3 locID: 102739173903761836 bcsId: 0,size=2097152]} | ret=SUCCESS |  
2019-09-05 09:23:07,587 | INFO  | DNAudit | user=null | ip=null | op=WRITE_CHUNK {blockData=conID: 3 locID: 102739173903761836 bcsId: 1077} | ret=SUCCESS |  
2019-09-05 09:23:07,587 | INFO  | DNAudit | user=null | ip=null | op=WRITE_CHUNK {blockData=conID: 3 locID: 102739173903761836 bcsId: 1077} | ret=SUCCESS |  
2019-09-05 09:23:07,601 | INFO  | DNAudit | user=null | ip=null | op=WRITE_CHUNK {blockData=conID: 3 locID: 102739173903761836 bcsId: 1077} | ret=SUCCESS |  
2019-09-05 09:23:07,602 | INFO  | DNAudit | user=null | ip=null | op=PUT_BLOCK {blockData=[blockId=conID: 3 locID: 102739173903761836 bcsId: 0,size=3145728]} | ret=SUCCESS |  
2019-09-05 09:23:07,602 [grpc-default-executor-4] INFO  client.GrpcClientProtocolClient (GrpcClientProtocolClient.java:onNext(255)) - client-969FB6DA8C9A->4fcc8d53-44cb-4faf-b915-5afa0c7529d4: receive RaftClientReply:client-969FB6DA8C9A->4fcc8d53-44cb-4faf-b915-5afa0c7529d4@group-6A615BAE1DD1, cid=853, SUCCESS, logIndex=1082, commits[4fcc8d53-44cb-4faf-b915-5afa0c7529d4:c1083, 48aa5eb4-709c-4003-adb5-fbc02723cd23:c1078, 609a8cf1-6ad3-4123-b94a-106ad93148a8:c1079]
2019-09-05 09:23:07,603 [grpc-default-executor-4] INFO  client.GrpcClientProtocolClient (GrpcClientProtocolClient.java:onNext(255)) - client-969FB6DA8C9A->4fcc8d53-44cb-4faf-b915-5afa0c7529d4: receive RaftClientReply:client-969FB6DA8C9A->4fcc8d53-44cb-4faf-b915-5afa0c7529d4@group-6A615BAE1DD1, cid=854, SUCCESS, logIndex=1083, commits[4fcc8d53-44cb-4faf-b915-5afa0c7529d4:c1083, 48aa5eb4-709c-4003-adb5-fbc02723cd23:c1079, 609a8cf1-6ad3-4123-b94a-106ad93148a8:c1079]
2019-09-05 09:23:07,608 | INFO  | DNAudit | user=null | ip=null | op=WRITE_CHUNK {blockData=conID: 3 locID: 102739173903761836 bcsId: 1083} | ret=SUCCESS |  
2019-09-05 09:23:07,610 | INFO  | DNAudit | user=null | ip=null | op=WRITE_CHUNK {blockData=conID: 3 locID: 102739173903761836 bcsId: 1083} | ret=SUCCESS |  
2019-09-05 09:23:07,611 | INFO  | DNAudit | user=null | ip=null | op=WRITE_CHUNK {blockData=conID: 3 locID: 102739173903761836 bcsId: 1083} | ret=SUCCESS |  
2019-09-05 09:23:07,626 | INFO  | DNAudit | user=null | ip=null | op=WRITE_CHUNK {blockData=conID: 3 locID: 102739173903761836 bcsId: 1077} | ret=SUCCESS |  
2019-09-05 09:23:07,626 | INFO  | DNAudit | user=null | ip=null | op=WRITE_CHUNK {blockData=conID: 3 locID: 102739173903761836 bcsId: 1077} | ret=SUCCESS |  
2019-09-05 09:23:07,626 | INFO  | DNAudit | user=null | ip=null | op=PUT_BLOCK {blockData=[blockId=conID: 3 locID: 102739173903761836 bcsId: 0,size=3145728]} | ret=SUCCESS |  
2019-09-05 09:23:07,627 | INFO  | DNAudit | user=null | ip=null | op=PUT_BLOCK {blockData=[blockId=conID: 3 locID: 102739173903761836 bcsId: 0,size=3145728]} | ret=SUCCESS |  
2019-09-05 09:23:07,628 | INFO  | DNAudit | user=null | ip=null | op=WRITE_CHUNK {blockData=conID: 3 locID: 102739173903761836 bcsId: 1083} | ret=SUCCESS |  
2019-09-05 09:23:07,628 | INFO  | DNAudit | user=null | ip=null | op=PUT_BLOCK {blockData=[blockId=conID: 3 locID: 102739173903761836 bcsId: 0,size=4194304]} | ret=SUCCESS |  
2019-09-05 09:23:07,628 [grpc-default-executor-5] INFO  client.GrpcClientProtocolClient (GrpcClientProtocolClient.java:onNext(255)) - client-969FB6DA8C9A->4fcc8d53-44cb-4faf-b915-5afa0c7529d4: receive RaftClientReply:client-969FB6DA8C9A->4fcc8d53-44cb-4faf-b915-5afa0c7529d4@group-6A615BAE1DD1, cid=855, SUCCESS, logIndex=1086, commits[4fcc8d53-44cb-4faf-b915-5afa0c7529d4:c1087, 48aa5eb4-709c-4003-adb5-fbc02723cd23:c1083, 609a8cf1-6ad3-4123-b94a-106ad93148a8:c1083]
2019-09-05 09:23:07,629 [grpc-default-executor-5] INFO  client.GrpcClientProtocolClient (GrpcClientProtocolClient.java:onNext(255)) - client-969FB6DA8C9A->4fcc8d53-44cb-4faf-b915-5afa0c7529d4: receive RaftClientReply:client-969FB6DA8C9A->4fcc8d53-44cb-4faf-b915-5afa0c7529d4@group-6A615BAE1DD1, cid=856, SUCCESS, logIndex=1087, commits[4fcc8d53-44cb-4faf-b915-5afa0c7529d4:c1087, 48aa5eb4-709c-4003-adb5-fbc02723cd23:c1083, 609a8cf1-6ad3-4123-b94a-106ad93148a8:c1083]
2019-09-05 09:23:07,638 | INFO  | DNAudit | user=null | ip=null | op=WRITE_CHUNK {blockData=conID: 3 locID: 102739173903761836 bcsId: 1083} | ret=SUCCESS |  
2019-09-05 09:23:07,638 | INFO  | DNAudit | user=null | ip=null | op=WRITE_CHUNK {blockData=conID: 3 locID: 102739173903761836 bcsId: 1083} | ret=SUCCESS |  
2019-09-05 09:23:07,638 | INFO  | DNAudit | user=null | ip=null | op=PUT_BLOCK {blockData=[blockId=conID: 3 locID: 102739173903761836 bcsId: 0,size=4194304]} | ret=SUCCESS |  
2019-09-05 09:23:07,638 | INFO  | DNAudit | user=null | ip=null | op=PUT_BLOCK {blockData=[blockId=conID: 3 locID: 102739173903761836 bcsId: 0,size=4194304]} | ret=SUCCESS |  
2019-09-05 09:23:07,638 [grpc-default-executor-5] INFO  client.GrpcClientProtocolClient (GrpcClientProtocolClient.java:onNext(255)) - client-969FB6DA8C9A->4fcc8d53-44cb-4faf-b915-5afa0c7529d4: receive RaftClientReply:client-969FB6DA8C9A->4fcc8d53-44cb-4faf-b915-5afa0c7529d4@group-6A615BAE1DD1, cid=857, SUCCESS, logIndex=0, commits[4fcc8d53-44cb-4faf-b915-5afa0c7529d4:c1087, 48aa5eb4-709c-4003-adb5-fbc02723cd23:c1087, 609a8cf1-6ad3-4123-b94a-106ad93148a8:c1087]
2019-09-05 09:23:07,644 | INFO  | DNAudit | user=null | ip=null | op=WRITE_CHUNK {blockData=conID: 1 locID: 102739173903761837 bcsId: 0} | ret=SUCCESS |  
2019-09-05 09:23:07,646 | INFO  | DNAudit | user=null | ip=null | op=WRITE_CHUNK {blockData=conID: 1 locID: 102739173903761837 bcsId: 0} | ret=SUCCESS |  
2019-09-05 09:23:07,647 | INFO  | DNAudit | user=null | ip=null | op=WRITE_CHUNK {blockData=conID: 1 locID: 102739173903761837 bcsId: 0} | ret=SUCCESS |  
2019-09-05 09:23:07,647 | INFO  | DNAudit | user=null | ip=null | op=WRITE_CHUNK {blockData=conID: 1 locID: 102739173903761837 bcsId: 0} | ret=SUCCESS |  
2019-09-05 09:23:07,649 | INFO  | DNAudit | user=null | ip=null | op=WRITE_CHUNK {blockData=conID: 1 locID: 102739173903761837 bcsId: 0} | ret=SUCCESS |  
2019-09-05 09:23:07,649 | INFO  | DNAudit | user=null | ip=null | op=WRITE_CHUNK {blockData=conID: 1 locID: 102739173903761837 bcsId: 0} | ret=SUCCESS |  
2019-09-05 09:23:07,659 | INFO  | DNAudit | user=null | ip=null | op=WRITE_CHUNK {blockData=conID: 1 locID: 102739173903761837 bcsId: 0} | ret=SUCCESS |  
2019-09-05 09:23:07,659 | INFO  | DNAudit | user=null | ip=null | op=PUT_BLOCK {blockData=[blockId=conID: 1 locID: 102739173903761837 bcsId: 0,size=1048576]} | ret=SUCCESS |  
2019-09-05 09:23:07,659 [grpc-default-executor-3] INFO  client.GrpcClientProtocolClient (GrpcClientProtocolClient.java:onNext(255)) - client-969FB6DA8C9A->4fcc8d53-44cb-4faf-b915-5afa0c7529d4: receive RaftClientReply:client-969FB6DA8C9A->4fcc8d53-44cb-4faf-b915-5afa0c7529d4@group-6A615BAE1DD1, cid=858, SUCCESS, logIndex=1090, commits[4fcc8d53-44cb-4faf-b915-5afa0c7529d4:c1091, 48aa5eb4-709c-4003-adb5-fbc02723cd23:c1089, 609a8cf1-6ad3-4123-b94a-106ad93148a8:c1089]
2019-09-05 09:23:07,660 | INFO  | DNAudit | user=null | ip=null | op=WRITE_CHUNK {blockData=conID: 1 locID: 102739173903761837 bcsId: 0} | ret=SUCCESS |  
2019-09-05 09:23:07,660 [grpc-default-executor-3] INFO  client.GrpcClientProtocolClient (GrpcClientProtocolClient.java:onNext(255)) - client-969FB6DA8C9A->4fcc8d53-44cb-4faf-b915-5afa0c7529d4: receive RaftClientReply:client-969FB6DA8C9A->4fcc8d53-44cb-4faf-b915-5afa0c7529d4@group-6A615BAE1DD1, cid=859, SUCCESS, logIndex=1091, commits[4fcc8d53-44cb-4faf-b915-5afa0c7529d4:c1091, 48aa5eb4-709c-4003-adb5-fbc02723cd23:c1089, 609a8cf1-6ad3-4123-b94a-106ad93148a8:c1089]
2019-09-05 09:23:07,660 | INFO  | DNAudit | user=null | ip=null | op=PUT_BLOCK {blockData=[blockId=conID: 1 locID: 102739173903761837 bcsId: 0,size=2097152]} | ret=SUCCESS |  
2019-09-05 09:23:07,661 | INFO  | DNAudit | user=null | ip=null | op=WRITE_CHUNK {blockData=conID: 1 locID: 102739173903761837 bcsId: 0} | ret=SUCCESS |  
2019-09-05 09:23:07,661 [grpc-default-executor-0] INFO  client.GrpcClientProtocolClient (GrpcClientProtocolClient.java:onNext(255)) - client-969FB6DA8C9A->4fcc8d53-44cb-4faf-b915-5afa0c7529d4: receive RaftClientReply:client-969FB6DA8C9A->4fcc8d53-44cb-4faf-b915-5afa0c7529d4@group-6A615BAE1DD1, cid=860, SUCCESS, logIndex=1092, commits[4fcc8d53-44cb-4faf-b915-5afa0c7529d4:c1093, 48aa5eb4-709c-4003-adb5-fbc02723cd23:c1089, 609a8cf1-6ad3-4123-b94a-106ad93148a8:c1089]
2019-09-05 09:23:07,661 | INFO  | DNAudit | user=null | ip=null | op=WRITE_CHUNK {blockData=conID: 1 locID: 102739173903761837 bcsId: 0} | ret=SUCCESS |  
2019-09-05 09:23:07,661 | INFO  | DNAudit | user=null | ip=null | op=PUT_BLOCK {blockData=[blockId=conID: 1 locID: 102739173903761837 bcsId: 0,size=1048576]} | ret=SUCCESS |  
2019-09-05 09:23:07,661 | INFO  | DNAudit | user=null | ip=null | op=PUT_BLOCK {blockData=[blockId=conID: 1 locID: 102739173903761837 bcsId: 0,size=1048576]} | ret=SUCCESS |  
2019-09-05 09:23:07,661 [grpc-default-executor-3] INFO  client.GrpcClientProtocolClient (GrpcClientProtocolClient.java:onNext(255)) - client-969FB6DA8C9A->4fcc8d53-44cb-4faf-b915-5afa0c7529d4: receive RaftClientReply:client-969FB6DA8C9A->4fcc8d53-44cb-4faf-b915-5afa0c7529d4@group-6A615BAE1DD1, cid=861, SUCCESS, logIndex=1093, commits[4fcc8d53-44cb-4faf-b915-5afa0c7529d4:c1093, 48aa5eb4-709c-4003-adb5-fbc02723cd23:c1089, 609a8cf1-6ad3-4123-b94a-106ad93148a8:c1089]
2019-09-05 09:23:07,662 | INFO  | DNAudit | user=null | ip=null | op=WRITE_CHUNK {blockData=conID: 1 locID: 102739173903761837 bcsId: 0} | ret=SUCCESS |  
2019-09-05 09:23:07,662 | INFO  | DNAudit | user=null | ip=null | op=WRITE_CHUNK {blockData=conID: 1 locID: 102739173903761837 bcsId: 0} | ret=SUCCESS |  
2019-09-05 09:23:07,662 | INFO  | DNAudit | user=null | ip=null | op=PUT_BLOCK {blockData=[blockId=conID: 1 locID: 102739173903761837 bcsId: 0,size=2097152]} | ret=SUCCESS |  
2019-09-05 09:23:07,662 | INFO  | DNAudit | user=null | ip=null | op=PUT_BLOCK {blockData=[blockId=conID: 1 locID: 102739173903761837 bcsId: 0,size=2097152]} | ret=SUCCESS |  
2019-09-05 09:23:07,662 [grpc-default-executor-5] INFO  client.GrpcClientProtocolClient (GrpcClientProtocolClient.java:onNext(255)) - client-969FB6DA8C9A->4fcc8d53-44cb-4faf-b915-5afa0c7529d4: receive RaftClientReply:client-969FB6DA8C9A->4fcc8d53-44cb-4faf-b915-5afa0c7529d4@group-6A615BAE1DD1, cid=862, SUCCESS, logIndex=0, commits[4fcc8d53-44cb-4faf-b915-5afa0c7529d4:c1095, 48aa5eb4-709c-4003-adb5-fbc02723cd23:c1091, 609a8cf1-6ad3-4123-b94a-106ad93148a8:c1091]
2019-09-05 09:23:07,668 | INFO  | DNAudit | user=null | ip=null | op=WRITE_CHUNK {blockData=conID: 1 locID: 102739173903761837 bcsId: 1093} | ret=SUCCESS |  
2019-09-05 09:23:07,669 | INFO  | DNAudit | user=null | ip=null | op=WRITE_CHUNK {blockData=conID: 1 locID: 102739173903761837 bcsId: 1093} | ret=SUCCESS |  
2019-09-05 09:23:07,670 | INFO  | DNAudit | user=null | ip=null | op=WRITE_CHUNK {blockData=conID: 1 locID: 102739173903761837 bcsId: 1093} | ret=SUCCESS |  
2019-09-05 09:23:07,682 | INFO  | DNAudit | user=null | ip=null | op=WRITE_CHUNK {blockData=conID: 1 locID: 102739173903761837 bcsId: 1093} | ret=SUCCESS |  
2019-09-05 09:23:07,683 | INFO  | DNAudit | user=null | ip=null | op=PUT_BLOCK {blockData=[blockId=conID: 1 locID: 102739173903761837 bcsId: 0,size=3145728]} | ret=SUCCESS |  
2019-09-05 09:23:07,683 [grpc-default-executor-0] INFO  client.GrpcClientProtocolClient (GrpcClientProtocolClient.java:onNext(255)) - client-969FB6DA8C9A->4fcc8d53-44cb-4faf-b915-5afa0c7529d4: receive RaftClientReply:client-969FB6DA8C9A->4fcc8d53-44cb-4faf-b915-5afa0c7529d4@group-6A615BAE1DD1, cid=863, SUCCESS, logIndex=1098, commits[4fcc8d53-44cb-4faf-b915-5afa0c7529d4:c1099, 48aa5eb4-709c-4003-adb5-fbc02723cd23:c1097, 609a8cf1-6ad3-4123-b94a-106ad93148a8:c1097]
2019-09-05 09:23:07,683 [grpc-default-executor-0] INFO  client.GrpcClientProtocolClient (GrpcClientProtocolClient.java:onNext(255)) - client-969FB6DA8C9A->4fcc8d53-44cb-4faf-b915-5afa0c7529d4: receive RaftClientReply:client-969FB6DA8C9A->4fcc8d53-44cb-4faf-b915-5afa0c7529d4@group-6A615BAE1DD1, cid=864, SUCCESS, logIndex=1099, commits[4fcc8d53-44cb-4faf-b915-5afa0c7529d4:c1099, 48aa5eb4-709c-4003-adb5-fbc02723cd23:c1097, 609a8cf1-6ad3-4123-b94a-106ad93148a8:c1097]
2019-09-05 09:23:07,689 | INFO  | DNAudit | user=null | ip=null | op=WRITE_CHUNK {blockData=conID: 1 locID: 102739173903761837 bcsId: 1099} | ret=SUCCESS |  
2019-09-05 09:23:07,691 | INFO  | DNAudit | user=null | ip=null | op=WRITE_CHUNK {blockData=conID: 1 locID: 102739173903761837 bcsId: 1099} | ret=SUCCESS |  
2019-09-05 09:23:07,691 | INFO  | DNAudit | user=null | ip=null | op=WRITE_CHUNK {blockData=conID: 1 locID: 102739173903761837 bcsId: 1099} | ret=SUCCESS |  
2019-09-05 09:23:07,703 | INFO  | DNAudit | user=null | ip=null | op=WRITE_CHUNK {blockData=conID: 1 locID: 102739173903761837 bcsId: 1093} | ret=SUCCESS |  
2019-09-05 09:23:07,703 | INFO  | DNAudit | user=null | ip=null | op=WRITE_CHUNK {blockData=conID: 1 locID: 102739173903761837 bcsId: 1093} | ret=SUCCESS |  
2019-09-05 09:23:07,703 | INFO  | DNAudit | user=null | ip=null | op=PUT_BLOCK {blockData=[blockId=conID: 1 locID: 102739173903761837 bcsId: 0,size=3145728]} | ret=SUCCESS |  
2019-09-05 09:23:07,703 | INFO  | DNAudit | user=null | ip=null | op=PUT_BLOCK {blockData=[blockId=conID: 1 locID: 102739173903761837 bcsId: 0,size=3145728]} | ret=SUCCESS |  
2019-09-05 09:23:07,705 | INFO  | DNAudit | user=null | ip=null | op=WRITE_CHUNK {blockData=conID: 1 locID: 102739173903761837 bcsId: 1099} | ret=SUCCESS |  
2019-09-05 09:23:07,705 | INFO  | DNAudit | user=null | ip=null | op=PUT_BLOCK {blockData=[blockId=conID: 1 locID: 102739173903761837 bcsId: 0,size=4194304]} | ret=SUCCESS |  
2019-09-05 09:23:07,705 [grpc-default-executor-4] INFO  client.GrpcClientProtocolClient (GrpcClientProtocolClient.java:onNext(255)) - client-969FB6DA8C9A->4fcc8d53-44cb-4faf-b915-5afa0c7529d4: receive RaftClientReply:client-969FB6DA8C9A->4fcc8d53-44cb-4faf-b915-5afa0c7529d4@group-6A615BAE1DD1, cid=865, SUCCESS, logIndex=1102, commits[4fcc8d53-44cb-4faf-b915-5afa0c7529d4:c1102, 48aa5eb4-709c-4003-adb5-fbc02723cd23:c1099, 609a8cf1-6ad3-4123-b94a-106ad93148a8:c1099]
2019-09-05 09:23:07,705 [grpc-default-executor-4] INFO  client.GrpcClientProtocolClient (GrpcClientProtocolClient.java:onNext(255)) - client-969FB6DA8C9A->4fcc8d53-44cb-4faf-b915-5afa0c7529d4: receive RaftClientReply:client-969FB6DA8C9A->4fcc8d53-44cb-4faf-b915-5afa0c7529d4@group-6A615BAE1DD1, cid=866, SUCCESS, logIndex=1103, commits[4fcc8d53-44cb-4faf-b915-5afa0c7529d4:c1103, 48aa5eb4-709c-4003-adb5-fbc02723cd23:c1099, 609a8cf1-6ad3-4123-b94a-106ad93148a8:c1099]
 0.00% |█                                                                                                    |  0/1 Time: 0:00:052019-09-05 09:23:08,053 | INFO  | SCMAudit | user=jenkins1000 | ip=192.168.36.69 | op=SEND_HEARTBEAT {datanodeUUID=4fcc8d53-44cb-4faf-b915-5afa0c7529d4, command=[]} | ret=SUCCESS |  
2019-09-05 09:23:08,053 | INFO  | SCMAudit | user=jenkins1000 | ip=192.168.36.69 | op=SEND_HEARTBEAT {datanodeUUID=48aa5eb4-709c-4003-adb5-fbc02723cd23, command=[]} | ret=SUCCESS |  
2019-09-05 09:23:08,053 | INFO  | SCMAudit | user=jenkins1000 | ip=192.168.36.69 | op=SEND_HEARTBEAT {datanodeUUID=609a8cf1-6ad3-4123-b94a-106ad93148a8, command=[]} | ret=SUCCESS |  
2019-09-05 09:23:08,111 | INFO  | DNAudit | user=null | ip=null | op=WRITE_CHUNK {blockData=conID: 1 locID: 102739173903761837 bcsId: 1099} | ret=SUCCESS |  
2019-09-05 09:23:08,111 | INFO  | DNAudit | user=null | ip=null | op=WRITE_CHUNK {blockData=conID: 1 locID: 102739173903761837 bcsId: 1099} | ret=SUCCESS |  
2019-09-05 09:23:08,112 | INFO  | DNAudit | user=null | ip=null | op=PUT_BLOCK {blockData=[blockId=conID: 1 locID: 102739173903761837 bcsId: 0,size=4194304]} | ret=SUCCESS |  
2019-09-05 09:23:08,113 | INFO  | DNAudit | user=null | ip=null | op=PUT_BLOCK {blockData=[blockId=conID: 1 locID: 102739173903761837 bcsId: 0,size=4194304]} | ret=SUCCESS |  
2019-09-05 09:23:08,114 [grpc-default-executor-0] INFO  client.GrpcClientProtocolClient (GrpcClientProtocolClient.java:onNext(255)) - client-969FB6DA8C9A->4fcc8d53-44cb-4faf-b915-5afa0c7529d4: receive RaftClientReply:client-969FB6DA8C9A->4fcc8d53-44cb-4faf-b915-5afa0c7529d4@group-6A615BAE1DD1, cid=867, SUCCESS, logIndex=0, commits[4fcc8d53-44cb-4faf-b915-5afa0c7529d4:c1105, 48aa5eb4-709c-4003-adb5-fbc02723cd23:c1103, 609a8cf1-6ad3-4123-b94a-106ad93148a8:c1103]
2019-09-05 09:23:08,121 | INFO  | DNAudit | user=null | ip=null | op=WRITE_CHUNK {blockData=conID: 2 locID: 102739173903761838 bcsId: 0} | ret=SUCCESS |  
2019-09-05 09:23:08,123 | INFO  | DNAudit | user=null | ip=null | op=WRITE_CHUNK {blockData=conID: 2 locID: 102739173903761838 bcsId: 0} | ret=SUCCESS |  
2019-09-05 09:23:08,123 | INFO  | DNAudit | user=null | ip=null | op=WRITE_CHUNK {blockData=conID: 2 locID: 102739173903761838 bcsId: 0} | ret=SUCCESS |  
2019-09-05 09:23:08,124 | INFO  | DNAudit | user=null | ip=null | op=WRITE_CHUNK {blockData=conID: 2 locID: 102739173903761838 bcsId: 0} | ret=SUCCESS |  
2019-09-05 09:23:08,126 | INFO  | DNAudit | user=null | ip=null | op=WRITE_CHUNK {blockData=conID: 2 locID: 102739173903761838 bcsId: 0} | ret=SUCCESS |  
2019-09-05 09:23:08,126 | INFO  | DNAudit | user=null | ip=null | op=WRITE_CHUNK {blockData=conID: 2 locID: 102739173903761838 bcsId: 0} | ret=SUCCESS |  
2019-09-05 09:23:08,137 | INFO  | SCMAudit | user=jenkins1000 | ip=192.168.36.69 | op=SEND_HEARTBEAT {datanodeUUID=5b6cff60-1414-40d6-b682-781dc5ff3023, command=[]} | ret=SUCCESS |  
2019-09-05 09:23:08,255 | INFO  | DNAudit | user=null | ip=null | op=WRITE_CHUNK {blockData=conID: 2 locID: 102739173903761838 bcsId: 0} | ret=SUCCESS |  
2019-09-05 09:23:08,256 | INFO  | DNAudit | user=null | ip=null | op=PUT_BLOCK {blockData=[blockId=conID: 2 locID: 102739173903761838 bcsId: 0,size=1048576]} | ret=SUCCESS |  
2019-09-05 09:23:08,256 [grpc-default-executor-4] INFO  client.GrpcClientProtocolClient (GrpcClientProtocolClient.java:onNext(255)) - client-969FB6DA8C9A->4fcc8d53-44cb-4faf-b915-5afa0c7529d4: receive RaftClientReply:client-969FB6DA8C9A->4fcc8d53-44cb-4faf-b915-5afa0c7529d4@group-6A615BAE1DD1, cid=868, SUCCESS, logIndex=1106, commits[4fcc8d53-44cb-4faf-b915-5afa0c7529d4:c1107, 48aa5eb4-709c-4003-adb5-fbc02723cd23:c1105, 609a8cf1-6ad3-4123-b94a-106ad93148a8:c1105]
2019-09-05 09:23:08,256 [grpc-default-executor-4] INFO  client.GrpcClientProtocolClient (GrpcClientProtocolClient.java:onNext(255)) - client-969FB6DA8C9A->4fcc8d53-44cb-4faf-b915-5afa0c7529d4: receive RaftClientReply:client-969FB6DA8C9A->4fcc8d53-44cb-4faf-b915-5afa0c7529d4@group-6A615BAE1DD1, cid=869, SUCCESS, logIndex=1107, commits[4fcc8d53-44cb-4faf-b915-5afa0c7529d4:c1107, 48aa5eb4-709c-4003-adb5-fbc02723cd23:c1105, 609a8cf1-6ad3-4123-b94a-106ad93148a8:c1105]
2019-09-05 09:23:08,286 | INFO  | DNAudit | user=null | ip=null | op=WRITE_CHUNK {blockData=conID: 2 locID: 102739173903761838 bcsId: 0} | ret=SUCCESS |  
2019-09-05 09:23:08,287 | INFO  | DNAudit | user=null | ip=null | op=WRITE_CHUNK {blockData=conID: 2 locID: 102739173903761838 bcsId: 0} | ret=SUCCESS |  
2019-09-05 09:23:08,287 | INFO  | DNAudit | user=null | ip=null | op=PUT_BLOCK {blockData=[blockId=conID: 2 locID: 102739173903761838 bcsId: 0,size=2097152]} | ret=SUCCESS |  
2019-09-05 09:23:08,287 | INFO  | DNAudit | user=null | ip=null | op=PUT_BLOCK {blockData=[blockId=conID: 2 locID: 102739173903761838 bcsId: 0,size=1048576]} | ret=SUCCESS |  
2019-09-05 09:23:08,287 [grpc-default-executor-4] INFO  client.GrpcClientProtocolClient (GrpcClientProtocolClient.java:onNext(255)) - client-969FB6DA8C9A->4fcc8d53-44cb-4faf-b915-5afa0c7529d4: receive RaftClientReply:client-969FB6DA8C9A->4fcc8d53-44cb-4faf-b915-5afa0c7529d4@group-6A615BAE1DD1, cid=870, SUCCESS, logIndex=1108, commits[4fcc8d53-44cb-4faf-b915-5afa0c7529d4:c1109, 48aa5eb4-709c-4003-adb5-fbc02723cd23:c1105, 609a8cf1-6ad3-4123-b94a-106ad93148a8:c1105]
2019-09-05 09:23:08,288 [grpc-default-executor-4] INFO  client.GrpcClientProtocolClient (GrpcClientProtocolClient.java:onNext(255)) - client-969FB6DA8C9A->4fcc8d53-44cb-4faf-b915-5afa0c7529d4: receive RaftClientReply:client-969FB6DA8C9A->4fcc8d53-44cb-4faf-b915-5afa0c7529d4@group-6A615BAE1DD1, cid=871, SUCCESS, logIndex=1109, commits[4fcc8d53-44cb-4faf-b915-5afa0c7529d4:c1110, 48aa5eb4-709c-4003-adb5-fbc02723cd23:c1105, 609a8cf1-6ad3-4123-b94a-106ad93148a8:c1107]
2019-09-05 09:23:08,288 | INFO  | DNAudit | user=null | ip=null | op=WRITE_CHUNK {blockData=conID: 2 locID: 102739173903761838 bcsId: 0} | ret=SUCCESS |  
2019-09-05 09:23:08,288 | INFO  | DNAudit | user=null | ip=null | op=PUT_BLOCK {blockData=[blockId=conID: 2 locID: 102739173903761838 bcsId: 0,size=1048576]} | ret=SUCCESS |  
2019-09-05 09:23:08,288 | INFO  | DNAudit | user=null | ip=null | op=WRITE_CHUNK {blockData=conID: 2 locID: 102739173903761838 bcsId: 0} | ret=SUCCESS |  
2019-09-05 09:23:08,289 | INFO  | DNAudit | user=null | ip=null | op=PUT_BLOCK {blockData=[blockId=conID: 2 locID: 102739173903761838 bcsId: 0,size=2097152]} | ret=SUCCESS |  
2019-09-05 09:23:08,289 | INFO  | DNAudit | user=null | ip=null | op=WRITE_CHUNK {blockData=conID: 2 locID: 102739173903761838 bcsId: 0} | ret=SUCCESS |  
2019-09-05 09:23:08,289 [grpc-default-executor-4] INFO  client.GrpcClientProtocolClient (GrpcClientProtocolClient.java:onNext(255)) - client-969FB6DA8C9A->4fcc8d53-44cb-4faf-b915-5afa0c7529d4: receive RaftClientReply:client-969FB6DA8C9A->4fcc8d53-44cb-4faf-b915-5afa0c7529d4@group-6A615BAE1DD1, cid=872, SUCCESS, logIndex=0, commits[4fcc8d53-44cb-4faf-b915-5afa0c7529d4:c1113, 48aa5eb4-709c-4003-adb5-fbc02723cd23:c1107, 609a8cf1-6ad3-4123-b94a-106ad93148a8:c1109]
2019-09-05 09:23:08,289 | INFO  | DNAudit | user=null | ip=null | op=PUT_BLOCK {blockData=[blockId=conID: 2 locID: 102739173903761838 bcsId: 0,size=2097152]} | ret=SUCCESS |  
2019-09-05 09:23:08,295 | INFO  | DNAudit | user=null | ip=null | op=WRITE_CHUNK {blockData=conID: 2 locID: 102739173903761838 bcsId: 1109} | ret=SUCCESS |  
2019-09-05 09:23:08,298 | INFO  | DNAudit | user=null | ip=null | op=WRITE_CHUNK {blockData=conID: 2 locID: 102739173903761838 bcsId: 1109} | ret=SUCCESS |  
2019-09-05 09:23:08,298 | INFO  | DNAudit | user=null | ip=null | op=WRITE_CHUNK {blockData=conID: 2 locID: 102739173903761838 bcsId: 1109} | ret=SUCCESS |  
2019-09-05 09:23:08,309 | INFO  | DNAudit | user=null | ip=null | op=WRITE_CHUNK {blockData=conID: 2 locID: 102739173903761838 bcsId: 1109} | ret=SUCCESS |  
2019-09-05 09:23:08,309 | INFO  | DNAudit | user=null | ip=null | op=PUT_BLOCK {blockData=[blockId=conID: 2 locID: 102739173903761838 bcsId: 0,size=3145728]} | ret=SUCCESS |  
2019-09-05 09:23:08,309 [grpc-default-executor-4] INFO  client.GrpcClientProtocolClient (GrpcClientProtocolClient.java:onNext(255)) - client-969FB6DA8C9A->4fcc8d53-44cb-4faf-b915-5afa0c7529d4: receive RaftClientReply:client-969FB6DA8C9A->4fcc8d53-44cb-4faf-b915-5afa0c7529d4@group-6A615BAE1DD1, cid=873, SUCCESS, logIndex=1114, commits[4fcc8d53-44cb-4faf-b915-5afa0c7529d4:c1115, 48aa5eb4-709c-4003-adb5-fbc02723cd23:c1113, 609a8cf1-6ad3-4123-b94a-106ad93148a8:c1113]
2019-09-05 09:23:08,310 [grpc-default-executor-4] INFO  client.GrpcClientProtocolClient (GrpcClientProtocolClient.java:onNext(255)) - client-969FB6DA8C9A->4fcc8d53-44cb-4faf-b915-5afa0c7529d4: receive RaftClientReply:client-969FB6DA8C9A->4fcc8d53-44cb-4faf-b915-5afa0c7529d4@group-6A615BAE1DD1, cid=874, SUCCESS, logIndex=1115, commits[4fcc8d53-44cb-4faf-b915-5afa0c7529d4:c1115, 48aa5eb4-709c-4003-adb5-fbc02723cd23:c1113, 609a8cf1-6ad3-4123-b94a-106ad93148a8:c1113]
2019-09-05 09:23:08,311 | INFO  | SCMAudit | user=jenkins1000 | ip=192.168.36.69 | op=SEND_HEARTBEAT {datanodeUUID=fe9e29a7-51ad-458f-9e11-f615da290baa, command=[]} | ret=SUCCESS |  
2019-09-05 09:23:08,316 | INFO  | DNAudit | user=null | ip=null | op=WRITE_CHUNK {blockData=conID: 2 locID: 102739173903761838 bcsId: 1115} | ret=SUCCESS |  
2019-09-05 09:23:08,318 | INFO  | DNAudit | user=null | ip=null | op=WRITE_CHUNK {blockData=conID: 2 locID: 102739173903761838 bcsId: 1115} | ret=SUCCESS |  
2019-09-05 09:23:08,318 | INFO  | DNAudit | user=null | ip=null | op=WRITE_CHUNK {blockData=conID: 2 locID: 102739173903761838 bcsId: 1115} | ret=SUCCESS |  
2019-09-05 09:23:08,332 | INFO  | DNAudit | user=null | ip=null | op=WRITE_CHUNK {blockData=conID: 2 locID: 102739173903761838 bcsId: 1109} | ret=SUCCESS |  
2019-09-05 09:23:08,332 | INFO  | DNAudit | user=null | ip=null | op=WRITE_CHUNK {blockData=conID: 2 locID: 102739173903761838 bcsId: 1109} | ret=SUCCESS |  
2019-09-05 09:23:08,332 | INFO  | DNAudit | user=null | ip=null | op=PUT_BLOCK {blockData=[blockId=conID: 2 locID: 102739173903761838 bcsId: 0,size=3145728]} | ret=SUCCESS |  
2019-09-05 09:23:08,332 | INFO  | DNAudit | user=null | ip=null | op=PUT_BLOCK {blockData=[blockId=conID: 2 locID: 102739173903761838 bcsId: 0,size=3145728]} | ret=SUCCESS |  
2019-09-05 09:23:08,334 | INFO  | DNAudit | user=null | ip=null | op=WRITE_CHUNK {blockData=conID: 2 locID: 102739173903761838 bcsId: 1115} | ret=SUCCESS |  
2019-09-05 09:23:08,334 | INFO  | DNAudit | user=null | ip=null | op=PUT_BLOCK {blockData=[blockId=conID: 2 locID: 102739173903761838 bcsId: 0,size=4194304]} | ret=SUCCESS |  
2019-09-05 09:23:08,334 [grpc-default-executor-0] INFO  client.GrpcClientProtocolClient (GrpcClientProtocolClient.java:onNext(255)) - client-969FB6DA8C9A->4fcc8d53-44cb-4faf-b915-5afa0c7529d4: receive RaftClientReply:client-969FB6DA8C9A->4fcc8d53-44cb-4faf-b915-5afa0c7529d4@group-6A615BAE1DD1, cid=875, SUCCESS, logIndex=1118, commits[4fcc8d53-44cb-4faf-b915-5afa0c7529d4:c1119, 48aa5eb4-709c-4003-adb5-fbc02723cd23:c1115, 609a8cf1-6ad3-4123-b94a-106ad93148a8:c1115]
2019-09-05 09:23:08,334 [grpc-default-executor-0] INFO  client.GrpcClientProtocolClient (GrpcClientProtocolClient.java:onNext(255)) - client-969FB6DA8C9A->4fcc8d53-44cb-4faf-b915-5afa0c7529d4: receive RaftClientReply:client-969FB6DA8C9A->4fcc8d53-44cb-4faf-b915-5afa0c7529d4@group-6A615BAE1DD1, cid=876, SUCCESS, logIndex=1119, commits[4fcc8d53-44cb-4faf-b915-5afa0c7529d4:c1119, 48aa5eb4-709c-4003-adb5-fbc02723cd23:c1115, 609a8cf1-6ad3-4123-b94a-106ad93148a8:c1115]
2019-09-05 09:23:08,351 | INFO  | DNAudit | user=null | ip=null | op=WRITE_CHUNK {blockData=conID: 2 locID: 102739173903761838 bcsId: 1115} | ret=SUCCESS |  
2019-09-05 09:23:08,351 | INFO  | DNAudit | user=null | ip=null | op=WRITE_CHUNK {blockData=conID: 2 locID: 102739173903761838 bcsId: 1115} | ret=SUCCESS |  
2019-09-05 09:23:08,352 | INFO  | DNAudit | user=null | ip=null | op=PUT_BLOCK {blockData=[blockId=conID: 2 locID: 102739173903761838 bcsId: 0,size=4194304]} | ret=SUCCESS |  
2019-09-05 09:23:08,352 | INFO  | DNAudit | user=null | ip=null | op=PUT_BLOCK {blockData=[blockId=conID: 2 locID: 102739173903761838 bcsId: 0,size=4194304]} | ret=SUCCESS |  
2019-09-05 09:23:08,352 [grpc-default-executor-0] INFO  client.GrpcClientProtocolClient (GrpcClientProtocolClient.java:onNext(255)) - client-969FB6DA8C9A->4fcc8d53-44cb-4faf-b915-5afa0c7529d4: receive RaftClientReply:client-969FB6DA8C9A->4fcc8d53-44cb-4faf-b915-5afa0c7529d4@group-6A615BAE1DD1, cid=877, SUCCESS, logIndex=0, commits[4fcc8d53-44cb-4faf-b915-5afa0c7529d4:c1121, 48aa5eb4-709c-4003-adb5-fbc02723cd23:c1119, 609a8cf1-6ad3-4123-b94a-106ad93148a8:c1119]
2019-09-05 09:23:08,358 | INFO  | DNAudit | user=null | ip=null | op=WRITE_CHUNK {blockData=conID: 3 locID: 102739173903761839 bcsId: 0} | ret=SUCCESS |  
2019-09-05 09:23:08,361 | INFO  | DNAudit | user=null | ip=null | op=WRITE_CHUNK {blockData=conID: 3 locID: 102739173903761839 bcsId: 0} | ret=SUCCESS |  
2019-09-05 09:23:08,361 | INFO  | DNAudit | user=null | ip=null | op=WRITE_CHUNK {blockData=conID: 3 locID: 102739173903761839 bcsId: 0} | ret=SUCCESS |  
2019-09-05 09:23:08,361 | INFO  | DNAudit | user=null | ip=null | op=WRITE_CHUNK {blockData=conID: 3 locID: 102739173903761839 bcsId: 0} | ret=SUCCESS |  
2019-09-05 09:23:08,362 | INFO  | DNAudit | user=null | ip=null | op=WRITE_CHUNK {blockData=conID: 3 locID: 102739173903761839 bcsId: 0} | ret=SUCCESS |  
2019-09-05 09:23:08,362 | INFO  | DNAudit | user=null | ip=null | op=WRITE_CHUNK {blockData=conID: 3 locID: 102739173903761839 bcsId: 0} | ret=SUCCESS |  
2019-09-05 09:23:08,383 | INFO  | DNAudit | user=null | ip=null | op=WRITE_CHUNK {blockData=conID: 3 locID: 102739173903761839 bcsId: 0} | ret=SUCCESS |  
2019-09-05 09:23:08,384 | INFO  | DNAudit | user=null | ip=null | op=PUT_BLOCK {blockData=[blockId=conID: 3 locID: 102739173903761839 bcsId: 0,size=1048576]} | ret=SUCCESS |  
2019-09-05 09:23:08,384 [grpc-default-executor-3] INFO  client.GrpcClientProtocolClient (GrpcClientProtocolClient.java:onNext(255)) - client-969FB6DA8C9A->4fcc8d53-44cb-4faf-b915-5afa0c7529d4: receive RaftClientReply:client-969FB6DA8C9A->4fcc8d53-44cb-4faf-b915-5afa0c7529d4@group-6A615BAE1DD1, cid=878, SUCCESS, logIndex=1122, commits[4fcc8d53-44cb-4faf-b915-5afa0c7529d4:c1123, 48aa5eb4-709c-4003-adb5-fbc02723cd23:c1121, 609a8cf1-6ad3-4123-b94a-106ad93148a8:c1121]
2019-09-05 09:23:08,385 [grpc-default-executor-3] INFO  client.GrpcClientProtocolClient (GrpcClientProtocolClient.java:onNext(255)) - client-969FB6DA8C9A->4fcc8d53-44cb-4faf-b915-5afa0c7529d4: receive RaftClientReply:client-969FB6DA8C9A->4fcc8d53-44cb-4faf-b915-5afa0c7529d4@group-6A615BAE1DD1, cid=879, SUCCESS, logIndex=1123, commits[4fcc8d53-44cb-4faf-b915-5afa0c7529d4:c1123, 48aa5eb4-709c-4003-adb5-fbc02723cd23:c1121, 609a8cf1-6ad3-4123-b94a-106ad93148a8:c1121]
2019-09-05 09:23:08,410 | INFO  | DNAudit | user=null | ip=null | op=WRITE_CHUNK {blockData=conID: 3 locID: 102739173903761839 bcsId: 0} | ret=SUCCESS |  
2019-09-05 09:23:08,410 | INFO  | DNAudit | user=null | ip=null | op=WRITE_CHUNK {blockData=conID: 3 locID: 102739173903761839 bcsId: 0} | ret=SUCCESS |  
2019-09-05 09:23:08,410 | INFO  | DNAudit | user=null | ip=null | op=PUT_BLOCK {blockData=[blockId=conID: 3 locID: 102739173903761839 bcsId: 0,size=2097152]} | ret=SUCCESS |  
2019-09-05 09:23:08,410 | INFO  | DNAudit | user=null | ip=null | op=WRITE_CHUNK {blockData=conID: 3 locID: 102739173903761839 bcsId: 0} | ret=SUCCESS |  
2019-09-05 09:23:08,411 | INFO  | DNAudit | user=null | ip=null | op=PUT_BLOCK {blockData=[blockId=conID: 3 locID: 102739173903761839 bcsId: 0,size=1048576]} | ret=SUCCESS |  
2019-09-05 09:23:08,411 | INFO  | DNAudit | user=null | ip=null | op=PUT_BLOCK {blockData=[blockId=conID: 3 locID: 102739173903761839 bcsId: 0,size=1048576]} | ret=SUCCESS |  
2019-09-05 09:23:08,411 [grpc-default-executor-4] INFO  client.GrpcClientProtocolClient (GrpcClientProtocolClient.java:onNext(255)) - client-969FB6DA8C9A->4fcc8d53-44cb-4faf-b915-5afa0c7529d4: receive RaftClientReply:client-969FB6DA8C9A->4fcc8d53-44cb-4faf-b915-5afa0c7529d4@group-6A615BAE1DD1, cid=880, SUCCESS, logIndex=1124, commits[4fcc8d53-44cb-4faf-b915-5afa0c7529d4:c1125, 48aa5eb4-709c-4003-adb5-fbc02723cd23:c1121, 609a8cf1-6ad3-4123-b94a-106ad93148a8:c1121]
2019-09-05 09:23:08,411 [grpc-default-executor-4] INFO  client.GrpcClientProtocolClient (GrpcClientProtocolClient.java:onNext(255)) - client-969FB6DA8C9A->4fcc8d53-44cb-4faf-b915-5afa0c7529d4: receive RaftClientReply:client-969FB6DA8C9A->4fcc8d53-44cb-4faf-b915-5afa0c7529d4@group-6A615BAE1DD1, cid=881, SUCCESS, logIndex=1125, commits[4fcc8d53-44cb-4faf-b915-5afa0c7529d4:c1125, 48aa5eb4-709c-4003-adb5-fbc02723cd23:c1121, 609a8cf1-6ad3-4123-b94a-106ad93148a8:c1123]
2019-09-05 09:23:08,412 [grpc-default-executor-4] INFO  client.GrpcClientProtocolClient (GrpcClientProtocolClient.java:onNext(255)) - client-969FB6DA8C9A->4fcc8d53-44cb-4faf-b915-5afa0c7529d4: receive RaftClientReply:client-969FB6DA8C9A->4fcc8d53-44cb-4faf-b915-5afa0c7529d4@group-6A615BAE1DD1, cid=882, SUCCESS, logIndex=0, commits[4fcc8d53-44cb-4faf-b915-5afa0c7529d4:c1126, 48aa5eb4-709c-4003-adb5-fbc02723cd23:c1123, 609a8cf1-6ad3-4123-b94a-106ad93148a8:c1123]
2019-09-05 09:23:08,418 | INFO  | DNAudit | user=null | ip=null | op=WRITE_CHUNK {blockData=conID: 3 locID: 102739173903761839 bcsId: 1125} | ret=SUCCESS |  
2019-09-05 09:23:08,420 | INFO  | DNAudit | user=null | ip=null | op=WRITE_CHUNK {blockData=conID: 3 locID: 102739173903761839 bcsId: 1125} | ret=SUCCESS |  
2019-09-05 09:23:08,421 | INFO  | DNAudit | user=null | ip=null | op=WRITE_CHUNK {blockData=conID: 3 locID: 102739173903761839 bcsId: 1125} | ret=SUCCESS |  
2019-09-05 09:23:08,450 | INFO  | DNAudit | user=null | ip=null | op=WRITE_CHUNK {blockData=conID: 3 locID: 102739173903761839 bcsId: 0} | ret=SUCCESS |  
2019-09-05 09:23:08,450 | INFO  | DNAudit | user=null | ip=null | op=WRITE_CHUNK {blockData=conID: 3 locID: 102739173903761839 bcsId: 0} | ret=SUCCESS |  
2019-09-05 09:23:08,451 | INFO  | DNAudit | user=null | ip=null | op=WRITE_CHUNK {blockData=conID: 3 locID: 102739173903761839 bcsId: 1125} | ret=SUCCESS |  
2019-09-05 09:23:08,451 | INFO  | DNAudit | user=null | ip=null | op=PUT_BLOCK {blockData=[blockId=conID: 3 locID: 102739173903761839 bcsId: 0,size=2097152]} | ret=SUCCESS |  
2019-09-05 09:23:08,451 | INFO  | DNAudit | user=null | ip=null | op=PUT_BLOCK {blockData=[blockId=conID: 3 locID: 102739173903761839 bcsId: 0,size=2097152]} | ret=SUCCESS |  
2019-09-05 09:23:08,451 | INFO  | DNAudit | user=null | ip=null | op=PUT_BLOCK {blockData=[blockId=conID: 3 locID: 102739173903761839 bcsId: 0,size=3145728]} | ret=SUCCESS |  
2019-09-05 09:23:08,451 [grpc-default-executor-4] INFO  client.GrpcClientProtocolClient (GrpcClientProtocolClient.java:onNext(255)) - client-969FB6DA8C9A->4fcc8d53-44cb-4faf-b915-5afa0c7529d4: receive RaftClientReply:client-969FB6DA8C9A->4fcc8d53-44cb-4faf-b915-5afa0c7529d4@group-6A615BAE1DD1, cid=883, SUCCESS, logIndex=1129, commits[4fcc8d53-44cb-4faf-b915-5afa0c7529d4:c1130, 48aa5eb4-709c-4003-adb5-fbc02723cd23:c1128, 609a8cf1-6ad3-4123-b94a-106ad93148a8:c1128]
2019-09-05 09:23:08,451 [grpc-default-executor-4] INFO  client.GrpcClientProtocolClient (GrpcClientProtocolClient.java:onNext(255)) - client-969FB6DA8C9A->4fcc8d53-44cb-4faf-b915-5afa0c7529d4: receive RaftClientReply:client-969FB6DA8C9A->4fcc8d53-44cb-4faf-b915-5afa0c7529d4@group-6A615BAE1DD1, cid=884, SUCCESS, logIndex=1130, commits[4fcc8d53-44cb-4faf-b915-5afa0c7529d4:c1130, 48aa5eb4-709c-4003-adb5-fbc02723cd23:c1128, 609a8cf1-6ad3-4123-b94a-106ad93148a8:c1128]
2019-09-05 09:23:08,458 | INFO  | DNAudit | user=null | ip=null | op=WRITE_CHUNK {blockData=conID: 3 locID: 102739173903761839 bcsId: 1130} | ret=SUCCESS |  
2019-09-05 09:23:08,459 | INFO  | DNAudit | user=null | ip=null | op=WRITE_CHUNK {blockData=conID: 3 locID: 102739173903761839 bcsId: 1130} | ret=SUCCESS |  
2019-09-05 09:23:08,459 | INFO  | DNAudit | user=null | ip=null | op=WRITE_CHUNK {blockData=conID: 3 locID: 102739173903761839 bcsId: 1130} | ret=SUCCESS |  
2019-09-05 09:23:08,467 | INFO  | DNAudit | user=null | ip=null | op=WRITE_CHUNK {blockData=conID: 3 locID: 102739173903761839 bcsId: 1125} | ret=SUCCESS |  
2019-09-05 09:23:08,467 | INFO  | DNAudit | user=null | ip=null | op=WRITE_CHUNK {blockData=conID: 3 locID: 102739173903761839 bcsId: 1125} | ret=SUCCESS |  
2019-09-05 09:23:08,468 | INFO  | DNAudit | user=null | ip=null | op=PUT_BLOCK {blockData=[blockId=conID: 3 locID: 102739173903761839 bcsId: 0,size=3145728]} | ret=SUCCESS |  
2019-09-05 09:23:08,468 | INFO  | DNAudit | user=null | ip=null | op=PUT_BLOCK {blockData=[blockId=conID: 3 locID: 102739173903761839 bcsId: 0,size=3145728]} | ret=SUCCESS |  
2019-09-05 09:23:08,469 | INFO  | DNAudit | user=null | ip=null | op=WRITE_CHUNK {blockData=conID: 3 locID: 102739173903761839 bcsId: 1130} | ret=SUCCESS |  
2019-09-05 09:23:08,469 | INFO  | DNAudit | user=null | ip=null | op=PUT_BLOCK {blockData=[blockId=conID: 3 locID: 102739173903761839 bcsId: 0,size=4194304]} | ret=SUCCESS |  
2019-09-05 09:23:08,469 [grpc-default-executor-0] INFO  client.GrpcClientProtocolClient (GrpcClientProtocolClient.java:onNext(255)) - client-969FB6DA8C9A->4fcc8d53-44cb-4faf-b915-5afa0c7529d4: receive RaftClientReply:client-969FB6DA8C9A->4fcc8d53-44cb-4faf-b915-5afa0c7529d4@group-6A615BAE1DD1, cid=885, SUCCESS, logIndex=1133, commits[4fcc8d53-44cb-4faf-b915-5afa0c7529d4:c1133, 48aa5eb4-709c-4003-adb5-fbc02723cd23:c1130, 609a8cf1-6ad3-4123-b94a-106ad93148a8:c1130]
2019-09-05 09:23:08,470 [grpc-default-executor-0] INFO  client.GrpcClientProtocolClient (GrpcClientProtocolClient.java:onNext(255)) - client-969FB6DA8C9A->4fcc8d53-44cb-4faf-b915-5afa0c7529d4: receive RaftClientReply:client-969FB6DA8C9A->4fcc8d53-44cb-4faf-b915-5afa0c7529d4@group-6A615BAE1DD1, cid=886, SUCCESS, logIndex=1134, commits[4fcc8d53-44cb-4faf-b915-5afa0c7529d4:c1134, 48aa5eb4-709c-4003-adb5-fbc02723cd23:c1130, 609a8cf1-6ad3-4123-b94a-106ad93148a8:c1130]
2019-09-05 09:23:08,489 | INFO  | DNAudit | user=null | ip=null | op=WRITE_CHUNK {blockData=conID: 3 locID: 102739173903761839 bcsId: 1130} | ret=SUCCESS |  
2019-09-05 09:23:08,489 | INFO  | DNAudit | user=null | ip=null | op=WRITE_CHUNK {blockData=conID: 3 locID: 102739173903761839 bcsId: 1130} | ret=SUCCESS |  
2019-09-05 09:23:08,511 | INFO  | DNAudit | user=null | ip=null | op=PUT_BLOCK {blockData=[blockId=conID: 3 locID: 102739173903761839 bcsId: 0,size=4194304]} | ret=SUCCESS |  
2019-09-05 09:23:08,511 | INFO  | DNAudit | user=null | ip=null | op=PUT_BLOCK {blockData=[blockId=conID: 3 locID: 102739173903761839 bcsId: 0,size=4194304]} | ret=SUCCESS |  
2019-09-05 09:23:08,511 [grpc-default-executor-3] INFO  client.GrpcClientProtocolClient (GrpcClientProtocolClient.java:onNext(255)) - client-969FB6DA8C9A->4fcc8d53-44cb-4faf-b915-5afa0c7529d4: receive RaftClientReply:client-969FB6DA8C9A->4fcc8d53-44cb-4faf-b915-5afa0c7529d4@group-6A615BAE1DD1, cid=887, SUCCESS, logIndex=0, commits[4fcc8d53-44cb-4faf-b915-5afa0c7529d4:c1135, 48aa5eb4-709c-4003-adb5-fbc02723cd23:c1134, 609a8cf1-6ad3-4123-b94a-106ad93148a8:c1134]
2019-09-05 09:23:08,517 | INFO  | DNAudit | user=null | ip=null | op=WRITE_CHUNK {blockData=conID: 1 locID: 102739173903761840 bcsId: 0} | ret=SUCCESS |  
2019-09-05 09:23:08,520 | INFO  | DNAudit | user=null | ip=null | op=WRITE_CHUNK {blockData=conID: 1 locID: 102739173903761840 bcsId: 0} | ret=SUCCESS |  
2019-09-05 09:23:08,521 | INFO  | DNAudit | user=null | ip=null | op=WRITE_CHUNK {blockData=conID: 1 locID: 102739173903761840 bcsId: 0} | ret=SUCCESS |  
2019-09-05 09:23:08,521 | INFO  | DNAudit | user=null | ip=null | op=WRITE_CHUNK {blockData=conID: 1 locID: 102739173903761840 bcsId: 0} | ret=SUCCESS |  
2019-09-05 09:23:08,521 | INFO  | DNAudit | user=null | ip=null | op=WRITE_CHUNK {blockData=conID: 1 locID: 102739173903761840 bcsId: 0} | ret=SUCCESS |  
2019-09-05 09:23:08,522 | INFO  | DNAudit | user=null | ip=null | op=WRITE_CHUNK {blockData=conID: 1 locID: 102739173903761840 bcsId: 0} | ret=SUCCESS |  
2019-09-05 09:23:08,538 | INFO  | DNAudit | user=null | ip=null | op=WRITE_CHUNK {blockData=conID: 1 locID: 102739173903761840 bcsId: 0} | ret=SUCCESS |  
2019-09-05 09:23:08,539 | INFO  | DNAudit | user=null | ip=null | op=PUT_BLOCK {blockData=[blockId=conID: 1 locID: 102739173903761840 bcsId: 0,size=1048576]} | ret=SUCCESS |  
2019-09-05 09:23:08,539 [grpc-default-executor-0] INFO  client.GrpcClientProtocolClient (GrpcClientProtocolClient.java:onNext(255)) - client-969FB6DA8C9A->4fcc8d53-44cb-4faf-b915-5afa0c7529d4: receive RaftClientReply:client-969FB6DA8C9A->4fcc8d53-44cb-4faf-b915-5afa0c7529d4@group-6A615BAE1DD1, cid=888, SUCCESS, logIndex=1137, commits[4fcc8d53-44cb-4faf-b915-5afa0c7529d4:c1138, 48aa5eb4-709c-4003-adb5-fbc02723cd23:c1136, 609a8cf1-6ad3-4123-b94a-106ad93148a8:c1136]
2019-09-05 09:23:08,539 [grpc-default-executor-0] INFO  client.GrpcClientProtocolClient (GrpcClientProtocolClient.java:onNext(255)) - client-969FB6DA8C9A->4fcc8d53-44cb-4faf-b915-5afa0c7529d4: receive RaftClientReply:client-969FB6DA8C9A->4fcc8d53-44cb-4faf-b915-5afa0c7529d4@group-6A615BAE1DD1, cid=889, SUCCESS, logIndex=1138, commits[4fcc8d53-44cb-4faf-b915-5afa0c7529d4:c1138, 48aa5eb4-709c-4003-adb5-fbc02723cd23:c1136, 609a8cf1-6ad3-4123-b94a-106ad93148a8:c1136]
2019-09-05 09:23:08,559 | INFO  | DNAudit | user=null | ip=null | op=WRITE_CHUNK {blockData=conID: 1 locID: 102739173903761840 bcsId: 0} | ret=SUCCESS |  
2019-09-05 09:23:08,559 | INFO  | DNAudit | user=null | ip=null | op=WRITE_CHUNK {blockData=conID: 1 locID: 102739173903761840 bcsId: 0} | ret=SUCCESS |  
2019-09-05 09:23:08,560 | INFO  | DNAudit | user=null | ip=null | op=PUT_BLOCK {blockData=[blockId=conID: 1 locID: 102739173903761840 bcsId: 0,size=1048576]} | ret=SUCCESS |  
2019-09-05 09:23:08,560 | INFO  | DNAudit | user=null | ip=null | op=PUT_BLOCK {blockData=[blockId=conID: 1 locID: 102739173903761840 bcsId: 0,size=2097152]} | ret=SUCCESS |  
2019-09-05 09:23:08,560 [grpc-default-executor-3] INFO  client.GrpcClientProtocolClient (GrpcClientProtocolClient.java:onNext(255)) - client-969FB6DA8C9A->4fcc8d53-44cb-4faf-b915-5afa0c7529d4: receive RaftClientReply:client-969FB6DA8C9A->4fcc8d53-44cb-4faf-b915-5afa0c7529d4@group-6A615BAE1DD1, cid=890, SUCCESS, logIndex=1139, commits[4fcc8d53-44cb-4faf-b915-5afa0c7529d4:c1140, 48aa5eb4-709c-4003-adb5-fbc02723cd23:c1138, 609a8cf1-6ad3-4123-b94a-106ad93148a8:c1136]
2019-09-05 09:23:08,560 [grpc-default-executor-3] INFO  client.GrpcClientProtocolClient (GrpcClientProtocolClient.java:onNext(255)) - client-969FB6DA8C9A->4fcc8d53-44cb-4faf-b915-5afa0c7529d4: receive RaftClientReply:client-969FB6DA8C9A->4fcc8d53-44cb-4faf-b915-5afa0c7529d4@group-6A615BAE1DD1, cid=891, SUCCESS, logIndex=1140, commits[4fcc8d53-44cb-4faf-b915-5afa0c7529d4:c1140, 48aa5eb4-709c-4003-adb5-fbc02723cd23:c1138, 609a8cf1-6ad3-4123-b94a-106ad93148a8:c1136]
2019-09-05 09:23:08,578 | INFO  | DNAudit | user=null | ip=null | op=WRITE_CHUNK {blockData=conID: 1 locID: 102739173903761840 bcsId: 0} | ret=SUCCESS |  
2019-09-05 09:23:08,578 | INFO  | DNAudit | user=null | ip=null | op=PUT_BLOCK {blockData=[blockId=conID: 1 locID: 102739173903761840 bcsId: 0,size=1048576]} | ret=SUCCESS |  
2019-09-05 09:23:08,578 | INFO  | DNAudit | user=null | ip=null | op=WRITE_CHUNK {blockData=conID: 1 locID: 102739173903761840 bcsId: 0} | ret=SUCCESS |  
2019-09-05 09:23:08,578 | INFO  | DNAudit | user=null | ip=null | op=WRITE_CHUNK {blockData=conID: 1 locID: 102739173903761840 bcsId: 0} | ret=SUCCESS |  
2019-09-05 09:23:08,578 | INFO  | DNAudit | user=null | ip=null | op=PUT_BLOCK {blockData=[blockId=conID: 1 locID: 102739173903761840 bcsId: 0,size=2097152]} | ret=SUCCESS |  
2019-09-05 09:23:08,578 [grpc-default-executor-4] INFO  client.GrpcClientProtocolClient (GrpcClientProtocolClient.java:onNext(255)) - client-969FB6DA8C9A->4fcc8d53-44cb-4faf-b915-5afa0c7529d4: receive RaftClientReply:client-969FB6DA8C9A->4fcc8d53-44cb-4faf-b915-5afa0c7529d4@group-6A615BAE1DD1, cid=892, SUCCESS, logIndex=0, commits[4fcc8d53-44cb-4faf-b915-5afa0c7529d4:c1142, 48aa5eb4-709c-4003-adb5-fbc02723cd23:c1138, 609a8cf1-6ad3-4123-b94a-106ad93148a8:c1138]
2019-09-05 09:23:08,579 | INFO  | DNAudit | user=null | ip=null | op=PUT_BLOCK {blockData=[blockId=conID: 1 locID: 102739173903761840 bcsId: 0,size=2097152]} | ret=SUCCESS |  
2019-09-05 09:23:08,584 | INFO  | DNAudit | user=null | ip=null | op=WRITE_CHUNK {blockData=conID: 1 locID: 102739173903761840 bcsId: 1140} | ret=SUCCESS |  
2019-09-05 09:23:08,586 | INFO  | DNAudit | user=null | ip=null | op=WRITE_CHUNK {blockData=conID: 1 locID: 102739173903761840 bcsId: 1140} | ret=SUCCESS |  
2019-09-05 09:23:08,587 | INFO  | DNAudit | user=null | ip=null | op=WRITE_CHUNK {blockData=conID: 1 locID: 102739173903761840 bcsId: 1140} | ret=SUCCESS |  
2019-09-05 09:23:08,599 | INFO  | DNAudit | user=null | ip=null | op=WRITE_CHUNK {blockData=conID: 1 locID: 102739173903761840 bcsId: 1140} | ret=SUCCESS |  
2019-09-05 09:23:08,599 | INFO  | DNAudit | user=null | ip=null | op=PUT_BLOCK {blockData=[blockId=conID: 1 locID: 102739173903761840 bcsId: 0,size=3145728]} | ret=SUCCESS |  
2019-09-05 09:23:08,599 [grpc-default-executor-4] INFO  client.GrpcClientProtocolClient (GrpcClientProtocolClient.java:onNext(255)) - client-969FB6DA8C9A->4fcc8d53-44cb-4faf-b915-5afa0c7529d4: receive RaftClientReply:client-969FB6DA8C9A->4fcc8d53-44cb-4faf-b915-5afa0c7529d4@group-6A615BAE1DD1, cid=893, SUCCESS, logIndex=1144, commits[4fcc8d53-44cb-4faf-b915-5afa0c7529d4:c1145, 48aa5eb4-709c-4003-adb5-fbc02723cd23:c1143, 609a8cf1-6ad3-4123-b94a-106ad93148a8:c1143]
2019-09-05 09:23:08,600 [grpc-default-executor-4] INFO  client.GrpcClientProtocolClient (GrpcClientProtocolClient.java:onNext(255)) - client-969FB6DA8C9A->4fcc8d53-44cb-4faf-b915-5afa0c7529d4: receive RaftClientReply:client-969FB6DA8C9A->4fcc8d53-44cb-4faf-b915-5afa0c7529d4@group-6A615BAE1DD1, cid=894, SUCCESS, logIndex=1145, commits[4fcc8d53-44cb-4faf-b915-5afa0c7529d4:c1145, 48aa5eb4-709c-4003-adb5-fbc02723cd23:c1143, 609a8cf1-6ad3-4123-b94a-106ad93148a8:c1143]
2019-09-05 09:23:08,605 | INFO  | DNAudit | user=null | ip=null | op=WRITE_CHUNK {blockData=conID: 1 locID: 102739173903761840 bcsId: 1145} | ret=SUCCESS |  
2019-09-05 09:23:08,607 | INFO  | DNAudit | user=null | ip=null | op=WRITE_CHUNK {blockData=conID: 1 locID: 102739173903761840 bcsId: 1145} | ret=SUCCESS |  
2019-09-05 09:23:08,607 | INFO  | DNAudit | user=null | ip=null | op=WRITE_CHUNK {blockData=conID: 1 locID: 102739173903761840 bcsId: 1145} | ret=SUCCESS |  
2019-09-05 09:23:08,614 | INFO  | DNAudit | user=null | ip=null | op=WRITE_CHUNK {blockData=conID: 1 locID: 102739173903761840 bcsId: 1140} | ret=SUCCESS |  
2019-09-05 09:23:08,614 | INFO  | DNAudit | user=null | ip=null | op=WRITE_CHUNK {blockData=conID: 1 locID: 102739173903761840 bcsId: 1140} | ret=SUCCESS |  
2019-09-05 09:23:08,614 | INFO  | DNAudit | user=null | ip=null | op=PUT_BLOCK {blockData=[blockId=conID: 1 locID: 102739173903761840 bcsId: 0,size=3145728]} | ret=SUCCESS |  
2019-09-05 09:23:08,614 | INFO  | DNAudit | user=null | ip=null | op=PUT_BLOCK {blockData=[blockId=conID: 1 locID: 102739173903761840 bcsId: 0,size=3145728]} | ret=SUCCESS |  
2019-09-05 09:23:08,615 | INFO  | DNAudit | user=null | ip=null | op=WRITE_CHUNK {blockData=conID: 1 locID: 102739173903761840 bcsId: 1145} | ret=SUCCESS |  
2019-09-05 09:23:08,616 | INFO  | DNAudit | user=null | ip=null | op=PUT_BLOCK {blockData=[blockId=conID: 1 locID: 102739173903761840 bcsId: 0,size=4194304]} | ret=SUCCESS |  
2019-09-05 09:23:08,616 [grpc-default-executor-0] INFO  client.GrpcClientProtocolClient (GrpcClientProtocolClient.java:onNext(255)) - client-969FB6DA8C9A->4fcc8d53-44cb-4faf-b915-5afa0c7529d4: receive RaftClientReply:client-969FB6DA8C9A->4fcc8d53-44cb-4faf-b915-5afa0c7529d4@group-6A615BAE1DD1, cid=895, SUCCESS, logIndex=1148, commits[4fcc8d53-44cb-4faf-b915-5afa0c7529d4:c1149, 48aa5eb4-709c-4003-adb5-fbc02723cd23:c1145, 609a8cf1-6ad3-4123-b94a-106ad93148a8:c1145]
2019-09-05 09:23:08,616 [grpc-default-executor-0] INFO  client.GrpcClientProtocolClient (GrpcClientProtocolClient.java:onNext(255)) - client-969FB6DA8C9A->4fcc8d53-44cb-4faf-b915-5afa0c7529d4: receive RaftClientReply:client-969FB6DA8C9A->4fcc8d53-44cb-4faf-b915-5afa0c7529d4@group-6A615BAE1DD1, cid=896, SUCCESS, logIndex=1149, commits[4fcc8d53-44cb-4faf-b915-5afa0c7529d4:c1149, 48aa5eb4-709c-4003-adb5-fbc02723cd23:c1145, 609a8cf1-6ad3-4123-b94a-106ad93148a8:c1145]
2019-09-05 09:23:08,635 | INFO  | DNAudit | user=null | ip=null | op=WRITE_CHUNK {blockData=conID: 1 locID: 102739173903761840 bcsId: 1145} | ret=SUCCESS |  
2019-09-05 09:23:08,635 | INFO  | DNAudit | user=null | ip=null | op=WRITE_CHUNK {blockData=conID: 1 locID: 102739173903761840 bcsId: 1145} | ret=SUCCESS |  
2019-09-05 09:23:08,637 | INFO  | DNAudit | user=null | ip=null | op=PUT_BLOCK {blockData=[blockId=conID: 1 locID: 102739173903761840 bcsId: 0,size=4194304]} | ret=SUCCESS |  
2019-09-05 09:23:08,637 | INFO  | DNAudit | user=null | ip=null | op=PUT_BLOCK {blockData=[blockId=conID: 1 locID: 102739173903761840 bcsId: 0,size=4194304]} | ret=SUCCESS |  
2019-09-05 09:23:08,637 [grpc-default-executor-3] INFO  client.GrpcClientProtocolClient (GrpcClientProtocolClient.java:onNext(255)) - client-969FB6DA8C9A->4fcc8d53-44cb-4faf-b915-5afa0c7529d4: receive RaftClientReply:client-969FB6DA8C9A->4fcc8d53-44cb-4faf-b915-5afa0c7529d4@group-6A615BAE1DD1, cid=897, SUCCESS, logIndex=0, commits[4fcc8d53-44cb-4faf-b915-5afa0c7529d4:c1151, 48aa5eb4-709c-4003-adb5-fbc02723cd23:c1149, 609a8cf1-6ad3-4123-b94a-106ad93148a8:c1149]
2019-09-05 09:23:08,643 | INFO  | DNAudit | user=null | ip=null | op=WRITE_CHUNK {blockData=conID: 2 locID: 102739173903892913 bcsId: 0} | ret=SUCCESS |  
2019-09-05 09:23:08,644 | INFO  | DNAudit | user=null | ip=null | op=WRITE_CHUNK {blockData=conID: 2 locID: 102739173903892913 bcsId: 0} | ret=SUCCESS |  
2019-09-05 09:23:08,645 | INFO  | DNAudit | user=null | ip=null | op=WRITE_CHUNK {blockData=conID: 2 locID: 102739173903892913 bcsId: 0} | ret=SUCCESS |  
2019-09-05 09:23:08,645 | INFO  | DNAudit | user=null | ip=null | op=WRITE_CHUNK {blockData=conID: 2 locID: 102739173903892913 bcsId: 0} | ret=SUCCESS |  
2019-09-05 09:23:08,647 | INFO  | DNAudit | user=null | ip=null | op=WRITE_CHUNK {blockData=conID: 2 locID: 102739173903892913 bcsId: 0} | ret=SUCCESS |  
2019-09-05 09:23:08,647 | INFO  | DNAudit | user=null | ip=null | op=WRITE_CHUNK {blockData=conID: 2 locID: 102739173903892913 bcsId: 0} | ret=SUCCESS |  
2019-09-05 09:23:08,659 | INFO  | DNAudit | user=null | ip=null | op=WRITE_CHUNK {blockData=conID: 2 locID: 102739173903892913 bcsId: 0} | ret=SUCCESS |  
2019-09-05 09:23:08,660 | INFO  | DNAudit | user=null | ip=null | op=PUT_BLOCK {blockData=[blockId=conID: 2 locID: 102739173903892913 bcsId: 0,size=1048576]} | ret=SUCCESS |  
2019-09-05 09:23:08,660 [grpc-default-executor-3] INFO  client.GrpcClientProtocolClient (GrpcClientProtocolClient.java:onNext(255)) - client-969FB6DA8C9A->4fcc8d53-44cb-4faf-b915-5afa0c7529d4: receive RaftClientReply:client-969FB6DA8C9A->4fcc8d53-44cb-4faf-b915-5afa0c7529d4@group-6A615BAE1DD1, cid=898, SUCCESS, logIndex=1152, commits[4fcc8d53-44cb-4faf-b915-5afa0c7529d4:c1154, 48aa5eb4-709c-4003-adb5-fbc02723cd23:c1151, 609a8cf1-6ad3-4123-b94a-106ad93148a8:c1151]
2019-09-05 09:23:08,660 | INFO  | DNAudit | user=null | ip=null | op=WRITE_CHUNK {blockData=conID: 2 locID: 102739173903892913 bcsId: 0} | ret=SUCCESS |  
2019-09-05 09:23:08,660 [grpc-default-executor-3] INFO  client.GrpcClientProtocolClient (GrpcClientProtocolClient.java:onNext(255)) - client-969FB6DA8C9A->4fcc8d53-44cb-4faf-b915-5afa0c7529d4: receive RaftClientReply:client-969FB6DA8C9A->4fcc8d53-44cb-4faf-b915-5afa0c7529d4@group-6A615BAE1DD1, cid=899, SUCCESS, logIndex=1153, commits[4fcc8d53-44cb-4faf-b915-5afa0c7529d4:c1155, 48aa5eb4-709c-4003-adb5-fbc02723cd23:c1151, 609a8cf1-6ad3-4123-b94a-106ad93148a8:c1151]
2019-09-05 09:23:08,661 | INFO  | DNAudit | user=null | ip=null | op=PUT_BLOCK {blockData=[blockId=conID: 2 locID: 102739173903892913 bcsId: 0,size=2097152]} | ret=SUCCESS |  
2019-09-05 09:23:08,661 [grpc-default-executor-3] INFO  client.GrpcClientProtocolClient (GrpcClientProtocolClient.java:onNext(255)) - client-969FB6DA8C9A->4fcc8d53-44cb-4faf-b915-5afa0c7529d4: receive RaftClientReply:client-969FB6DA8C9A->4fcc8d53-44cb-4faf-b915-5afa0c7529d4@group-6A615BAE1DD1, cid=900, SUCCESS, logIndex=1154, commits[4fcc8d53-44cb-4faf-b915-5afa0c7529d4:c1155, 48aa5eb4-709c-4003-adb5-fbc02723cd23:c1151, 609a8cf1-6ad3-4123-b94a-106ad93148a8:c1151]
2019-09-05 09:23:08,661 | INFO  | DNAudit | user=null | ip=null | op=WRITE_CHUNK {blockData=conID: 2 locID: 102739173903892913 bcsId: 0} | ret=SUCCESS |  
2019-09-05 09:23:08,662 | INFO  | DNAudit | user=null | ip=null | op=WRITE_CHUNK {blockData=conID: 2 locID: 102739173903892913 bcsId: 0} | ret=SUCCESS |  
2019-09-05 09:23:08,662 | INFO  | DNAudit | user=null | ip=null | op=PUT_BLOCK {blockData=[blockId=conID: 2 locID: 102739173903892913 bcsId: 0,size=1048576]} | ret=SUCCESS |  
2019-09-05 09:23:08,662 | INFO  | DNAudit | user=null | ip=null | op=PUT_BLOCK {blockData=[blockId=conID: 2 locID: 102739173903892913 bcsId: 0,size=1048576]} | ret=SUCCESS |  
2019-09-05 09:23:08,662 [grpc-default-executor-3] INFO  client.GrpcClientProtocolClient (GrpcClientProtocolClient.java:onNext(255)) - client-969FB6DA8C9A->4fcc8d53-44cb-4faf-b915-5afa0c7529d4: receive RaftClientReply:client-969FB6DA8C9A->4fcc8d53-44cb-4faf-b915-5afa0c7529d4@group-6A615BAE1DD1, cid=901, SUCCESS, logIndex=1155, commits[4fcc8d53-44cb-4faf-b915-5afa0c7529d4:c1155, 48aa5eb4-709c-4003-adb5-fbc02723cd23:c1151, 609a8cf1-6ad3-4123-b94a-106ad93148a8:c1151]
2019-09-05 09:23:08,662 | INFO  | DNAudit | user=null | ip=null | op=WRITE_CHUNK {blockData=conID: 2 locID: 102739173903892913 bcsId: 0} | ret=SUCCESS |  
2019-09-05 09:23:08,662 | INFO  | DNAudit | user=null | ip=null | op=WRITE_CHUNK {blockData=conID: 2 locID: 102739173903892913 bcsId: 0} | ret=SUCCESS |  
2019-09-05 09:23:08,663 | INFO  | DNAudit | user=null | ip=null | op=PUT_BLOCK {blockData=[blockId=conID: 2 locID: 102739173903892913 bcsId: 0,size=2097152]} | ret=SUCCESS |  
2019-09-05 09:23:08,663 | INFO  | DNAudit | user=null | ip=null | op=PUT_BLOCK {blockData=[blockId=conID: 2 locID: 102739173903892913 bcsId: 0,size=2097152]} | ret=SUCCESS |  
2019-09-05 09:23:08,663 [grpc-default-executor-4] INFO  client.GrpcClientProtocolClient (GrpcClientProtocolClient.java:onNext(255)) - client-969FB6DA8C9A->4fcc8d53-44cb-4faf-b915-5afa0c7529d4: receive RaftClientReply:client-969FB6DA8C9A->4fcc8d53-44cb-4faf-b915-5afa0c7529d4@group-6A615BAE1DD1, cid=902, SUCCESS, logIndex=0, commits[4fcc8d53-44cb-4faf-b915-5afa0c7529d4:c1158, 48aa5eb4-709c-4003-adb5-fbc02723cd23:c1154, 609a8cf1-6ad3-4123-b94a-106ad93148a8:c1154]
2019-09-05 09:23:08,669 | INFO  | DNAudit | user=null | ip=null | op=WRITE_CHUNK {blockData=conID: 2 locID: 102739173903892913 bcsId: 1155} | ret=SUCCESS |  
2019-09-05 09:23:08,671 | INFO  | DNAudit | user=null | ip=null | op=WRITE_CHUNK {blockData=conID: 2 locID: 102739173903892913 bcsId: 1155} | ret=SUCCESS |  
2019-09-05 09:23:08,671 | INFO  | DNAudit | user=null | ip=null | op=WRITE_CHUNK {blockData=conID: 2 locID: 102739173903892913 bcsId: 1155} | ret=SUCCESS |  
2019-09-05 09:23:08,683 | INFO  | DNAudit | user=null | ip=null | op=WRITE_CHUNK {blockData=conID: 2 locID: 102739173903892913 bcsId: 1155} | ret=SUCCESS |  
2019-09-05 09:23:08,683 | INFO  | DNAudit | user=null | ip=null | op=PUT_BLOCK {blockData=[blockId=conID: 2 locID: 102739173903892913 bcsId: 0,size=3145728]} | ret=SUCCESS |  
2019-09-05 09:23:08,683 [grpc-default-executor-3] INFO  client.GrpcClientProtocolClient (GrpcClientProtocolClient.java:onNext(255)) - client-969FB6DA8C9A->4fcc8d53-44cb-4faf-b915-5afa0c7529d4: receive RaftClientReply:client-969FB6DA8C9A->4fcc8d53-44cb-4faf-b915-5afa0c7529d4@group-6A615BAE1DD1, cid=903, SUCCESS, logIndex=1160, commits[4fcc8d53-44cb-4faf-b915-5afa0c7529d4:c1161, 48aa5eb4-709c-4003-adb5-fbc02723cd23:c1159, 609a8cf1-6ad3-4123-b94a-106ad93148a8:c1159]
2019-09-05 09:23:08,683 [grpc-default-executor-3] INFO  client.GrpcClientProtocolClient (GrpcClientProtocolClient.java:onNext(255)) - client-969FB6DA8C9A->4fcc8d53-44cb-4faf-b915-5afa0c7529d4: receive RaftClientReply:client-969FB6DA8C9A->4fcc8d53-44cb-4faf-b915-5afa0c7529d4@group-6A615BAE1DD1, cid=904, SUCCESS, logIndex=1161, commits[4fcc8d53-44cb-4faf-b915-5afa0c7529d4:c1161, 48aa5eb4-709c-4003-adb5-fbc02723cd23:c1159, 609a8cf1-6ad3-4123-b94a-106ad93148a8:c1159]
2019-09-05 09:23:08,689 | INFO  | DNAudit | user=null | ip=null | op=WRITE_CHUNK {blockData=conID: 2 locID: 102739173903892913 bcsId: 1161} | ret=SUCCESS |  
2019-09-05 09:23:08,691 | INFO  | DNAudit | user=null | ip=null | op=WRITE_CHUNK {blockData=conID: 2 locID: 102739173903892913 bcsId: 1161} | ret=SUCCESS |  
2019-09-05 09:23:08,691 | INFO  | DNAudit | user=null | ip=null | op=WRITE_CHUNK {blockData=conID: 2 locID: 102739173903892913 bcsId: 1161} | ret=SUCCESS |  
2019-09-05 09:23:08,704 | INFO  | DNAudit | user=null | ip=null | op=WRITE_CHUNK {blockData=conID: 2 locID: 102739173903892913 bcsId: 1155} | ret=SUCCESS |  
2019-09-05 09:23:08,704 | INFO  | DNAudit | user=null | ip=null | op=WRITE_CHUNK {blockData=conID: 2 locID: 102739173903892913 bcsId: 1155} | ret=SUCCESS |  
2019-09-05 09:23:08,705 | INFO  | DNAudit | user=null | ip=null | op=PUT_BLOCK {blockData=[blockId=conID: 2 locID: 102739173903892913 bcsId: 0,size=3145728]} | ret=SUCCESS |  
2019-09-05 09:23:08,705 | INFO  | DNAudit | user=null | ip=null | op=PUT_BLOCK {blockData=[blockId=conID: 2 locID: 102739173903892913 bcsId: 0,size=3145728]} | ret=SUCCESS |  
2019-09-05 09:23:08,706 | INFO  | DNAudit | user=null | ip=null | op=WRITE_CHUNK {blockData=conID: 2 locID: 102739173903892913 bcsId: 1161} | ret=SUCCESS |  
2019-09-05 09:23:08,706 | INFO  | DNAudit | user=null | ip=null | op=PUT_BLOCK {blockData=[blockId=conID: 2 locID: 102739173903892913 bcsId: 0,size=4194304]} | ret=SUCCESS |  
2019-09-05 09:23:08,706 [grpc-default-executor-4] INFO  client.GrpcClientProtocolClient (GrpcClientProtocolClient.java:onNext(255)) - client-969FB6DA8C9A->4fcc8d53-44cb-4faf-b915-5afa0c7529d4: receive RaftClientReply:client-969FB6DA8C9A->4fcc8d53-44cb-4faf-b915-5afa0c7529d4@group-6A615BAE1DD1, cid=905, SUCCESS, logIndex=1164, commits[4fcc8d53-44cb-4faf-b915-5afa0c7529d4:c1165, 48aa5eb4-709c-4003-adb5-fbc02723cd23:c1161, 609a8cf1-6ad3-4123-b94a-106ad93148a8:c1161]
2019-09-05 09:23:08,707 [grpc-default-executor-4] INFO  client.GrpcClientProtocolClient (GrpcClientProtocolClient.java:onNext(255)) - client-969FB6DA8C9A->4fcc8d53-44cb-4faf-b915-5afa0c7529d4: receive RaftClientReply:client-969FB6DA8C9A->4fcc8d53-44cb-4faf-b915-5afa0c7529d4@group-6A615BAE1DD1, cid=906, SUCCESS, logIndex=1165, commits[4fcc8d53-44cb-4faf-b915-5afa0c7529d4:c1165, 48aa5eb4-709c-4003-adb5-fbc02723cd23:c1161, 609a8cf1-6ad3-4123-b94a-106ad93148a8:c1161]
2019-09-05 09:23:08,727 | INFO  | DNAudit | user=null | ip=null | op=WRITE_CHUNK {blockData=conID: 2 locID: 102739173903892913 bcsId: 1161} | ret=SUCCESS |  
2019-09-05 09:23:08,728 | INFO  | DNAudit | user=null | ip=null | op=WRITE_CHUNK {blockData=conID: 2 locID: 102739173903892913 bcsId: 1161} | ret=SUCCESS |  
2019-09-05 09:23:08,729 | INFO  | DNAudit | user=null | ip=null | op=PUT_BLOCK {blockData=[blockId=conID: 2 locID: 102739173903892913 bcsId: 0,size=4194304]} | ret=SUCCESS |  
2019-09-05 09:23:08,729 | INFO  | DNAudit | user=null | ip=null | op=PUT_BLOCK {blockData=[blockId=conID: 2 locID: 102739173903892913 bcsId: 0,size=4194304]} | ret=SUCCESS |  
2019-09-05 09:23:08,729 [grpc-default-executor-4] INFO  client.GrpcClientProtocolClient (GrpcClientProtocolClient.java:onNext(255)) - client-969FB6DA8C9A->4fcc8d53-44cb-4faf-b915-5afa0c7529d4: receive RaftClientReply:client-969FB6DA8C9A->4fcc8d53-44cb-4faf-b915-5afa0c7529d4@group-6A615BAE1DD1, cid=907, SUCCESS, logIndex=0, commits[4fcc8d53-44cb-4faf-b915-5afa0c7529d4:c1167, 48aa5eb4-709c-4003-adb5-fbc02723cd23:c1165, 609a8cf1-6ad3-4123-b94a-106ad93148a8:c1165]
2019-09-05 09:23:08,735 | INFO  | DNAudit | user=null | ip=null | op=WRITE_CHUNK {blockData=conID: 3 locID: 102739173903892914 bcsId: 0} | ret=SUCCESS |  
2019-09-05 09:23:08,738 | INFO  | DNAudit | user=null | ip=null | op=WRITE_CHUNK {blockData=conID: 3 locID: 102739173903892914 bcsId: 0} | ret=SUCCESS |  
2019-09-05 09:23:08,739 | INFO  | DNAudit | user=null | ip=null | op=WRITE_CHUNK {blockData=conID: 3 locID: 102739173903892914 bcsId: 0} | ret=SUCCESS |  
2019-09-05 09:23:08,739 | INFO  | DNAudit | user=null | ip=null | op=WRITE_CHUNK {blockData=conID: 3 locID: 102739173903892914 bcsId: 0} | ret=SUCCESS |  
2019-09-05 09:23:08,740 | INFO  | DNAudit | user=null | ip=null | op=WRITE_CHUNK {blockData=conID: 3 locID: 102739173903892914 bcsId: 0} | ret=SUCCESS |  
2019-09-05 09:23:08,740 | INFO  | DNAudit | user=null | ip=null | op=WRITE_CHUNK {blockData=conID: 3 locID: 102739173903892914 bcsId: 0} | ret=SUCCESS |  
2019-09-05 09:23:08,817 | INFO  | DNAudit | user=null | ip=null | op=WRITE_CHUNK {blockData=conID: 3 locID: 102739173903892914 bcsId: 0} | ret=SUCCESS |  
2019-09-05 09:23:08,817 | INFO  | DNAudit | user=null | ip=null | op=PUT_BLOCK {blockData=[blockId=conID: 3 locID: 102739173903892914 bcsId: 0,size=1048576]} | ret=SUCCESS |  
2019-09-05 09:23:08,818 | INFO  | DNAudit | user=null | ip=null | op=WRITE_CHUNK {blockData=conID: 3 locID: 102739173903892914 bcsId: 0} | ret=SUCCESS |  
2019-09-05 09:23:08,818 [grpc-default-executor-3] INFO  client.GrpcClientProtocolClient (GrpcClientProtocolClient.java:onNext(255)) - client-969FB6DA8C9A->4fcc8d53-44cb-4faf-b915-5afa0c7529d4: receive RaftClientReply:client-969FB6DA8C9A->4fcc8d53-44cb-4faf-b915-5afa0c7529d4@group-6A615BAE1DD1, cid=908, SUCCESS, logIndex=1168, commits[4fcc8d53-44cb-4faf-b915-5afa0c7529d4:c1171, 48aa5eb4-709c-4003-adb5-fbc02723cd23:c1167, 609a8cf1-6ad3-4123-b94a-106ad93148a8:c1167]
2019-09-05 09:23:08,818 | INFO  | DNAudit | user=null | ip=null | op=PUT_BLOCK {blockData=[blockId=conID: 3 locID: 102739173903892914 bcsId: 0,size=2097152]} | ret=SUCCESS |  
2019-09-05 09:23:08,818 [grpc-default-executor-3] INFO  client.GrpcClientProtocolClient (GrpcClientProtocolClient.java:onNext(255)) - client-969FB6DA8C9A->4fcc8d53-44cb-4faf-b915-5afa0c7529d4: receive RaftClientReply:client-969FB6DA8C9A->4fcc8d53-44cb-4faf-b915-5afa0c7529d4@group-6A615BAE1DD1, cid=909, SUCCESS, logIndex=1169, commits[4fcc8d53-44cb-4faf-b915-5afa0c7529d4:c1171, 48aa5eb4-709c-4003-adb5-fbc02723cd23:c1167, 609a8cf1-6ad3-4123-b94a-106ad93148a8:c1167]
2019-09-05 09:23:08,818 [grpc-default-executor-3] INFO  client.GrpcClientProtocolClient (GrpcClientProtocolClient.java:onNext(255)) - client-969FB6DA8C9A->4fcc8d53-44cb-4faf-b915-5afa0c7529d4: receive RaftClientReply:client-969FB6DA8C9A->4fcc8d53-44cb-4faf-b915-5afa0c7529d4@group-6A615BAE1DD1, cid=910, SUCCESS, logIndex=1170, commits[4fcc8d53-44cb-4faf-b915-5afa0c7529d4:c1171, 48aa5eb4-709c-4003-adb5-fbc02723cd23:c1167, 609a8cf1-6ad3-4123-b94a-106ad93148a8:c1167]
2019-09-05 09:23:08,819 [grpc-default-executor-3] INFO  client.GrpcClientProtocolClient (GrpcClientProtocolClient.java:onNext(255)) - client-969FB6DA8C9A->4fcc8d53-44cb-4faf-b915-5afa0c7529d4: receive RaftClientReply:client-969FB6DA8C9A->4fcc8d53-44cb-4faf-b915-5afa0c7529d4@group-6A615BAE1DD1, cid=911, SUCCESS, logIndex=1171, commits[4fcc8d53-44cb-4faf-b915-5afa0c7529d4:c1171, 48aa5eb4-709c-4003-adb5-fbc02723cd23:c1167, 609a8cf1-6ad3-4123-b94a-106ad93148a8:c1167]
2019-09-05 09:23:08,917 | INFO  | DNAudit | user=null | ip=null | op=WRITE_CHUNK {blockData=conID: 3 locID: 102739173903892914 bcsId: 0} | ret=SUCCESS |  
2019-09-05 09:23:08,917 | INFO  | DNAudit | user=null | ip=null | op=WRITE_CHUNK {blockData=conID: 3 locID: 102739173903892914 bcsId: 0} | ret=SUCCESS |  
2019-09-05 09:23:08,917 | INFO  | DNAudit | user=null | ip=null | op=PUT_BLOCK {blockData=[blockId=conID: 3 locID: 102739173903892914 bcsId: 0,size=1048576]} | ret=SUCCESS |  
2019-09-05 09:23:08,917 | INFO  | DNAudit | user=null | ip=null | op=PUT_BLOCK {blockData=[blockId=conID: 3 locID: 102739173903892914 bcsId: 0,size=1048576]} | ret=SUCCESS |  
2019-09-05 09:23:08,918 | INFO  | DNAudit | user=null | ip=null | op=WRITE_CHUNK {blockData=conID: 3 locID: 102739173903892914 bcsId: 0} | ret=SUCCESS |  
2019-09-05 09:23:08,918 | INFO  | DNAudit | user=null | ip=null | op=WRITE_CHUNK {blockData=conID: 3 locID: 102739173903892914 bcsId: 0} | ret=SUCCESS |  
2019-09-05 09:23:08,918 | INFO  | DNAudit | user=null | ip=null | op=PUT_BLOCK {blockData=[blockId=conID: 3 locID: 102739173903892914 bcsId: 0,size=2097152]} | ret=SUCCESS |  
2019-09-05 09:23:08,918 [grpc-default-executor-4] INFO  client.GrpcClientProtocolClient (GrpcClientProtocolClient.java:onNext(255)) - client-969FB6DA8C9A->4fcc8d53-44cb-4faf-b915-5afa0c7529d4: receive RaftClientReply:client-969FB6DA8C9A->4fcc8d53-44cb-4faf-b915-5afa0c7529d4@group-6A615BAE1DD1, cid=912, SUCCESS, logIndex=0, commits[4fcc8d53-44cb-4faf-b915-5afa0c7529d4:c1173, 48aa5eb4-709c-4003-adb5-fbc02723cd23:c1171, 609a8cf1-6ad3-4123-b94a-106ad93148a8:c1171]
2019-09-05 09:23:08,918 | INFO  | DNAudit | user=null | ip=null | op=PUT_BLOCK {blockData=[blockId=conID: 3 locID: 102739173903892914 bcsId: 0,size=2097152]} | ret=SUCCESS |  
2019-09-05 09:23:08,926 | INFO  | DNAudit | user=null | ip=null | op=WRITE_CHUNK {blockData=conID: 3 locID: 102739173903892914 bcsId: 1171} | ret=SUCCESS |  
2019-09-05 09:23:08,928 | INFO  | DNAudit | user=null | ip=null | op=WRITE_CHUNK {blockData=conID: 3 locID: 102739173903892914 bcsId: 1171} | ret=SUCCESS |  
2019-09-05 09:23:08,928 | INFO  | DNAudit | user=null | ip=null | op=WRITE_CHUNK {blockData=conID: 3 locID: 102739173903892914 bcsId: 1171} | ret=SUCCESS |  
2019-09-05 09:23:08,970 | INFO  | DNAudit | user=null | ip=null | op=WRITE_CHUNK {blockData=conID: 3 locID: 102739173903892914 bcsId: 1171} | ret=SUCCESS |  
2019-09-05 09:23:08,971 | INFO  | DNAudit | user=null | ip=null | op=PUT_BLOCK {blockData=[blockId=conID: 3 locID: 102739173903892914 bcsId: 0,size=3145728]} | ret=SUCCESS |  
2019-09-05 09:23:08,971 [grpc-default-executor-4] INFO  client.GrpcClientProtocolClient (GrpcClientProtocolClient.java:onNext(255)) - client-969FB6DA8C9A->4fcc8d53-44cb-4faf-b915-5afa0c7529d4: receive RaftClientReply:client-969FB6DA8C9A->4fcc8d53-44cb-4faf-b915-5afa0c7529d4@group-6A615BAE1DD1, cid=913, SUCCESS, logIndex=1175, commits[4fcc8d53-44cb-4faf-b915-5afa0c7529d4:c1176, 48aa5eb4-709c-4003-adb5-fbc02723cd23:c1174, 609a8cf1-6ad3-4123-b94a-106ad93148a8:c1174]
2019-09-05 09:23:08,972 [grpc-default-executor-4] INFO  client.GrpcClientProtocolClient (GrpcClientProtocolClient.java:onNext(255)) - client-969FB6DA8C9A->4fcc8d53-44cb-4faf-b915-5afa0c7529d4: receive RaftClientReply:client-969FB6DA8C9A->4fcc8d53-44cb-4faf-b915-5afa0c7529d4@group-6A615BAE1DD1, cid=914, SUCCESS, logIndex=1176, commits[4fcc8d53-44cb-4faf-b915-5afa0c7529d4:c1176, 48aa5eb4-709c-4003-adb5-fbc02723cd23:c1174, 609a8cf1-6ad3-4123-b94a-106ad93148a8:c1174]
2019-09-05 09:23:08,979 | INFO  | DNAudit | user=null | ip=null | op=WRITE_CHUNK {blockData=conID: 3 locID: 102739173903892914 bcsId: 1176} | ret=SUCCESS |  
2019-09-05 09:23:08,982 | INFO  | DNAudit | user=null | ip=null | op=WRITE_CHUNK {blockData=conID: 3 locID: 102739173903892914 bcsId: 1176} | ret=SUCCESS |  
2019-09-05 09:23:08,982 | INFO  | DNAudit | user=null | ip=null | op=WRITE_CHUNK {blockData=conID: 3 locID: 102739173903892914 bcsId: 1176} | ret=SUCCESS |  
2019-09-05 09:23:08,991 | INFO  | DNAudit | user=null | ip=null | op=WRITE_CHUNK {blockData=conID: 3 locID: 102739173903892914 bcsId: 1171} | ret=SUCCESS |  
2019-09-05 09:23:08,991 | INFO  | DNAudit | user=null | ip=null | op=WRITE_CHUNK {blockData=conID: 3 locID: 102739173903892914 bcsId: 1171} | ret=SUCCESS |  
2019-09-05 09:23:08,991 | INFO  | DNAudit | user=null | ip=null | op=PUT_BLOCK {blockData=[blockId=conID: 3 locID: 102739173903892914 bcsId: 0,size=3145728]} | ret=SUCCESS |  
2019-09-05 09:23:08,991 | INFO  | DNAudit | user=null | ip=null | op=PUT_BLOCK {blockData=[blockId=conID: 3 locID: 102739173903892914 bcsId: 0,size=3145728]} | ret=SUCCESS |  
2019-09-05 09:23:08,993 | INFO  | DNAudit | user=null | ip=null | op=WRITE_CHUNK {blockData=conID: 3 locID: 102739173903892914 bcsId: 1176} | ret=SUCCESS |  
2019-09-05 09:23:08,993 | INFO  | DNAudit | user=null | ip=null | op=PUT_BLOCK {blockData=[blockId=conID: 3 locID: 102739173903892914 bcsId: 0,size=4194304]} | ret=SUCCESS |  
2019-09-05 09:23:08,993 [grpc-default-executor-3] INFO  client.GrpcClientProtocolClient (GrpcClientProtocolClient.java:onNext(255)) - client-969FB6DA8C9A->4fcc8d53-44cb-4faf-b915-5afa0c7529d4: receive RaftClientReply:client-969FB6DA8C9A->4fcc8d53-44cb-4faf-b915-5afa0c7529d4@group-6A615BAE1DD1, cid=915, SUCCESS, logIndex=1179, commits[4fcc8d53-44cb-4faf-b915-5afa0c7529d4:c1180, 48aa5eb4-709c-4003-adb5-fbc02723cd23:c1176, 609a8cf1-6ad3-4123-b94a-106ad93148a8:c1176]
2019-09-05 09:23:08,994 [grpc-default-executor-3] INFO  client.GrpcClientProtocolClient (GrpcClientProtocolClient.java:onNext(255)) - client-969FB6DA8C9A->4fcc8d53-44cb-4faf-b915-5afa0c7529d4: receive RaftClientReply:client-969FB6DA8C9A->4fcc8d53-44cb-4faf-b915-5afa0c7529d4@group-6A615BAE1DD1, cid=916, SUCCESS, logIndex=1180, commits[4fcc8d53-44cb-4faf-b915-5afa0c7529d4:c1180, 48aa5eb4-709c-4003-adb5-fbc02723cd23:c1176, 609a8cf1-6ad3-4123-b94a-106ad93148a8:c1176]
2019-09-05 09:23:09,016 | INFO  | DNAudit | user=null | ip=null | op=WRITE_CHUNK {blockData=conID: 3 locID: 102739173903892914 bcsId: 1176} | ret=SUCCESS |  
2019-09-05 09:23:09,016 | INFO  | DNAudit | user=null | ip=null | op=WRITE_CHUNK {blockData=conID: 3 locID: 102739173903892914 bcsId: 1176} | ret=SUCCESS |  
2019-09-05 09:23:09,017 | INFO  | DNAudit | user=null | ip=null | op=PUT_BLOCK {blockData=[blockId=conID: 3 locID: 102739173903892914 bcsId: 0,size=4194304]} | ret=SUCCESS |  
2019-09-05 09:23:09,017 | INFO  | DNAudit | user=null | ip=null | op=PUT_BLOCK {blockData=[blockId=conID: 3 locID: 102739173903892914 bcsId: 0,size=4194304]} | ret=SUCCESS |  
2019-09-05 09:23:09,018 [grpc-default-executor-3] INFO  client.GrpcClientProtocolClient (GrpcClientProtocolClient.java:onNext(255)) - client-969FB6DA8C9A->4fcc8d53-44cb-4faf-b915-5afa0c7529d4: receive RaftClientReply:client-969FB6DA8C9A->4fcc8d53-44cb-4faf-b915-5afa0c7529d4@group-6A615BAE1DD1, cid=917, SUCCESS, logIndex=0, commits[4fcc8d53-44cb-4faf-b915-5afa0c7529d4:c1182, 48aa5eb4-709c-4003-adb5-fbc02723cd23:c1180, 609a8cf1-6ad3-4123-b94a-106ad93148a8:c1180]
2019-09-05 09:23:09,025 | INFO  | DNAudit | user=null | ip=null | op=WRITE_CHUNK {blockData=conID: 1 locID: 102739173903892915 bcsId: 0} | ret=SUCCESS |  
 0.00% |█                                                                                                    |  0/1 Time: 0:00:062019-09-05 09:23:09,028 | INFO  | DNAudit | user=null | ip=null | op=WRITE_CHUNK {blockData=conID: 1 locID: 102739173903892915 bcsId: 0} | ret=SUCCESS |  
2019-09-05 09:23:09,028 | INFO  | DNAudit | user=null | ip=null | op=WRITE_CHUNK {blockData=conID: 1 locID: 102739173903892915 bcsId: 0} | ret=SUCCESS |  
2019-09-05 09:23:09,029 | INFO  | DNAudit | user=null | ip=null | op=WRITE_CHUNK {blockData=conID: 1 locID: 102739173903892915 bcsId: 0} | ret=SUCCESS |  
2019-09-05 09:23:09,030 | INFO  | DNAudit | user=null | ip=null | op=WRITE_CHUNK {blockData=conID: 1 locID: 102739173903892915 bcsId: 0} | ret=SUCCESS |  
2019-09-05 09:23:09,031 | INFO  | DNAudit | user=null | ip=null | op=WRITE_CHUNK {blockData=conID: 1 locID: 102739173903892915 bcsId: 0} | ret=SUCCESS |  
2019-09-05 09:23:09,046 | INFO  | DNAudit | user=null | ip=null | op=WRITE_CHUNK {blockData=conID: 1 locID: 102739173903892915 bcsId: 0} | ret=SUCCESS |  
2019-09-05 09:23:09,047 | INFO  | DNAudit | user=null | ip=null | op=PUT_BLOCK {blockData=[blockId=conID: 1 locID: 102739173903892915 bcsId: 0,size=1048576]} | ret=SUCCESS |  
2019-09-05 09:23:09,048 | INFO  | DNAudit | user=null | ip=null | op=WRITE_CHUNK {blockData=conID: 1 locID: 102739173903892915 bcsId: 0} | ret=SUCCESS |  
2019-09-05 09:23:09,047 [grpc-default-executor-5] INFO  client.GrpcClientProtocolClient (GrpcClientProtocolClient.java:onNext(255)) - client-969FB6DA8C9A->4fcc8d53-44cb-4faf-b915-5afa0c7529d4: receive RaftClientReply:client-969FB6DA8C9A->4fcc8d53-44cb-4faf-b915-5afa0c7529d4@group-6A615BAE1DD1, cid=918, SUCCESS, logIndex=1183, commits[4fcc8d53-44cb-4faf-b915-5afa0c7529d4:c1184, 48aa5eb4-709c-4003-adb5-fbc02723cd23:c1182, 609a8cf1-6ad3-4123-b94a-106ad93148a8:c1182]
2019-09-05 09:23:09,048 | INFO  | DNAudit | user=null | ip=null | op=PUT_BLOCK {blockData=[blockId=conID: 1 locID: 102739173903892915 bcsId: 0,size=2097152]} | ret=SUCCESS |  
2019-09-05 09:23:09,048 [grpc-default-executor-5] INFO  client.GrpcClientProtocolClient (GrpcClientProtocolClient.java:onNext(255)) - client-969FB6DA8C9A->4fcc8d53-44cb-4faf-b915-5afa0c7529d4: receive RaftClientReply:client-969FB6DA8C9A->4fcc8d53-44cb-4faf-b915-5afa0c7529d4@group-6A615BAE1DD1, cid=919, SUCCESS, logIndex=1184, commits[4fcc8d53-44cb-4faf-b915-5afa0c7529d4:c1186, 48aa5eb4-709c-4003-adb5-fbc02723cd23:c1182, 609a8cf1-6ad3-4123-b94a-106ad93148a8:c1182]
2019-09-05 09:23:09,049 [grpc-default-executor-5] INFO  client.GrpcClientProtocolClient (GrpcClientProtocolClient.java:onNext(255)) - client-969FB6DA8C9A->4fcc8d53-44cb-4faf-b915-5afa0c7529d4: receive RaftClientReply:client-969FB6DA8C9A->4fcc8d53-44cb-4faf-b915-5afa0c7529d4@group-6A615BAE1DD1, cid=920, SUCCESS, logIndex=1185, commits[4fcc8d53-44cb-4faf-b915-5afa0c7529d4:c1186, 48aa5eb4-709c-4003-adb5-fbc02723cd23:c1182, 609a8cf1-6ad3-4123-b94a-106ad93148a8:c1182]
2019-09-05 09:23:09,049 [grpc-default-executor-5] INFO  client.GrpcClientProtocolClient (GrpcClientProtocolClient.java:onNext(255)) - client-969FB6DA8C9A->4fcc8d53-44cb-4faf-b915-5afa0c7529d4: receive RaftClientReply:client-969FB6DA8C9A->4fcc8d53-44cb-4faf-b915-5afa0c7529d4@group-6A615BAE1DD1, cid=921, SUCCESS, logIndex=1186, commits[4fcc8d53-44cb-4faf-b915-5afa0c7529d4:c1186, 48aa5eb4-709c-4003-adb5-fbc02723cd23:c1182, 609a8cf1-6ad3-4123-b94a-106ad93148a8:c1182]
2019-09-05 09:23:09,054 | INFO  | SCMAudit | user=jenkins1000 | ip=192.168.36.69 | op=SEND_HEARTBEAT {datanodeUUID=48aa5eb4-709c-4003-adb5-fbc02723cd23, command=[]} | ret=SUCCESS |  
2019-09-05 09:23:09,054 | INFO  | SCMAudit | user=jenkins1000 | ip=192.168.36.69 | op=SEND_HEARTBEAT {datanodeUUID=609a8cf1-6ad3-4123-b94a-106ad93148a8, command=[]} | ret=SUCCESS |  
2019-09-05 09:23:09,055 | INFO  | SCMAudit | user=jenkins1000 | ip=192.168.36.69 | op=SEND_HEARTBEAT {datanodeUUID=4fcc8d53-44cb-4faf-b915-5afa0c7529d4, command=[]} | ret=SUCCESS |  
2019-09-05 09:23:09,075 | INFO  | DNAudit | user=null | ip=null | op=WRITE_CHUNK {blockData=conID: 1 locID: 102739173903892915 bcsId: 0} | ret=SUCCESS |  
2019-09-05 09:23:09,075 | INFO  | DNAudit | user=null | ip=null | op=WRITE_CHUNK {blockData=conID: 1 locID: 102739173903892915 bcsId: 0} | ret=SUCCESS |  
2019-09-05 09:23:09,075 | INFO  | DNAudit | user=null | ip=null | op=PUT_BLOCK {blockData=[blockId=conID: 1 locID: 102739173903892915 bcsId: 0,size=1048576]} | ret=SUCCESS |  
2019-09-05 09:23:09,075 | INFO  | DNAudit | user=null | ip=null | op=PUT_BLOCK {blockData=[blockId=conID: 1 locID: 102739173903892915 bcsId: 0,size=1048576]} | ret=SUCCESS |  
2019-09-05 09:23:09,075 [grpc-default-executor-3] INFO  client.GrpcClientProtocolClient (GrpcClientProtocolClient.java:onNext(255)) - client-969FB6DA8C9A->4fcc8d53-44cb-4faf-b915-5afa0c7529d4: receive RaftClientReply:client-969FB6DA8C9A->4fcc8d53-44cb-4faf-b915-5afa0c7529d4@group-6A615BAE1DD1, cid=922, SUCCESS, logIndex=0, commits[4fcc8d53-44cb-4faf-b915-5afa0c7529d4:c1186, 48aa5eb4-709c-4003-adb5-fbc02723cd23:c1184, 609a8cf1-6ad3-4123-b94a-106ad93148a8:c1184]
2019-09-05 09:23:09,238 | INFO  | SCMAudit | user=jenkins1000 | ip=192.168.36.69 | op=SEND_HEARTBEAT {datanodeUUID=5b6cff60-1414-40d6-b682-781dc5ff3023, command=[]} | ret=SUCCESS |  
2019-09-05 09:23:09,238 | INFO  | DNAudit | user=null | ip=null | op=WRITE_CHUNK {blockData=conID: 1 locID: 102739173903892915 bcsId: 0} | ret=SUCCESS |  
2019-09-05 09:23:09,238 | INFO  | DNAudit | user=null | ip=null | op=WRITE_CHUNK {blockData=conID: 1 locID: 102739173903892915 bcsId: 0} | ret=SUCCESS |  
2019-09-05 09:23:09,238 | INFO  | DNAudit | user=null | ip=null | op=PUT_BLOCK {blockData=[blockId=conID: 1 locID: 102739173903892915 bcsId: 0,size=2097152]} | ret=SUCCESS |  
2019-09-05 09:23:09,238 | INFO  | DNAudit | user=null | ip=null | op=PUT_BLOCK {blockData=[blockId=conID: 1 locID: 102739173903892915 bcsId: 0,size=2097152]} | ret=SUCCESS |  
2019-09-05 09:23:09,244 | INFO  | DNAudit | user=null | ip=null | op=WRITE_CHUNK {blockData=conID: 1 locID: 102739173903892915 bcsId: 1186} | ret=SUCCESS |  
2019-09-05 09:23:09,247 | INFO  | DNAudit | user=null | ip=null | op=WRITE_CHUNK {blockData=conID: 1 locID: 102739173903892915 bcsId: 1186} | ret=SUCCESS |  
2019-09-05 09:23:09,248 | INFO  | DNAudit | user=null | ip=null | op=WRITE_CHUNK {blockData=conID: 1 locID: 102739173903892915 bcsId: 1186} | ret=SUCCESS |  
2019-09-05 09:23:09,261 | INFO  | DNAudit | user=null | ip=null | op=WRITE_CHUNK {blockData=conID: 1 locID: 102739173903892915 bcsId: 1186} | ret=SUCCESS |  
2019-09-05 09:23:09,261 | INFO  | DNAudit | user=null | ip=null | op=PUT_BLOCK {blockData=[blockId=conID: 1 locID: 102739173903892915 bcsId: 0,size=3145728]} | ret=SUCCESS |  
2019-09-05 09:23:09,261 [grpc-default-executor-5] INFO  client.GrpcClientProtocolClient (GrpcClientProtocolClient.java:onNext(255)) - client-969FB6DA8C9A->4fcc8d53-44cb-4faf-b915-5afa0c7529d4: receive RaftClientReply:client-969FB6DA8C9A->4fcc8d53-44cb-4faf-b915-5afa0c7529d4@group-6A615BAE1DD1, cid=923, SUCCESS, logIndex=1190, commits[4fcc8d53-44cb-4faf-b915-5afa0c7529d4:c1191, 48aa5eb4-709c-4003-adb5-fbc02723cd23:c1189, 609a8cf1-6ad3-4123-b94a-106ad93148a8:c1189]
2019-09-05 09:23:09,262 [grpc-default-executor-5] INFO  client.GrpcClientProtocolClient (GrpcClientProtocolClient.java:onNext(255)) - client-969FB6DA8C9A->4fcc8d53-44cb-4faf-b915-5afa0c7529d4: receive RaftClientReply:client-969FB6DA8C9A->4fcc8d53-44cb-4faf-b915-5afa0c7529d4@group-6A615BAE1DD1, cid=924, SUCCESS, logIndex=1191, commits[4fcc8d53-44cb-4faf-b915-5afa0c7529d4:c1191, 48aa5eb4-709c-4003-adb5-fbc02723cd23:c1189, 609a8cf1-6ad3-4123-b94a-106ad93148a8:c1189]
2019-09-05 09:23:09,269 | INFO  | DNAudit | user=null | ip=null | op=WRITE_CHUNK {blockData=conID: 1 locID: 102739173903892915 bcsId: 1191} | ret=SUCCESS |  
2019-09-05 09:23:09,271 | INFO  | DNAudit | user=null | ip=null | op=WRITE_CHUNK {blockData=conID: 1 locID: 102739173903892915 bcsId: 1191} | ret=SUCCESS |  
2019-09-05 09:23:09,273 | INFO  | DNAudit | user=null | ip=null | op=WRITE_CHUNK {blockData=conID: 1 locID: 102739173903892915 bcsId: 1191} | ret=SUCCESS |  
2019-09-05 09:23:09,283 | INFO  | DNAudit | user=null | ip=null | op=WRITE_CHUNK {blockData=conID: 1 locID: 102739173903892915 bcsId: 1186} | ret=SUCCESS |  
2019-09-05 09:23:09,283 | INFO  | DNAudit | user=null | ip=null | op=WRITE_CHUNK {blockData=conID: 1 locID: 102739173903892915 bcsId: 1186} | ret=SUCCESS |  
2019-09-05 09:23:09,283 | INFO  | DNAudit | user=null | ip=null | op=PUT_BLOCK {blockData=[blockId=conID: 1 locID: 102739173903892915 bcsId: 0,size=3145728]} | ret=SUCCESS |  
2019-09-05 09:23:09,283 | INFO  | DNAudit | user=null | ip=null | op=PUT_BLOCK {blockData=[blockId=conID: 1 locID: 102739173903892915 bcsId: 0,size=3145728]} | ret=SUCCESS |  
2019-09-05 09:23:09,284 | INFO  | DNAudit | user=null | ip=null | op=WRITE_CHUNK {blockData=conID: 1 locID: 102739173903892915 bcsId: 1191} | ret=SUCCESS |  
2019-09-05 09:23:09,285 | INFO  | DNAudit | user=null | ip=null | op=PUT_BLOCK {blockData=[blockId=conID: 1 locID: 102739173903892915 bcsId: 0,size=4194304]} | ret=SUCCESS |  
2019-09-05 09:23:09,285 [grpc-default-executor-5] INFO  client.GrpcClientProtocolClient (GrpcClientProtocolClient.java:onNext(255)) - client-969FB6DA8C9A->4fcc8d53-44cb-4faf-b915-5afa0c7529d4: receive RaftClientReply:client-969FB6DA8C9A->4fcc8d53-44cb-4faf-b915-5afa0c7529d4@group-6A615BAE1DD1, cid=925, SUCCESS, logIndex=1194, commits[4fcc8d53-44cb-4faf-b915-5afa0c7529d4:c1194, 48aa5eb4-709c-4003-adb5-fbc02723cd23:c1191, 609a8cf1-6ad3-4123-b94a-106ad93148a8:c1191]
2019-09-05 09:23:09,285 [grpc-default-executor-5] INFO  client.GrpcClientProtocolClient (GrpcClientProtocolClient.java:onNext(255)) - client-969FB6DA8C9A->4fcc8d53-44cb-4faf-b915-5afa0c7529d4: receive RaftClientReply:client-969FB6DA8C9A->4fcc8d53-44cb-4faf-b915-5afa0c7529d4@group-6A615BAE1DD1, cid=926, SUCCESS, logIndex=1195, commits[4fcc8d53-44cb-4faf-b915-5afa0c7529d4:c1195, 48aa5eb4-709c-4003-adb5-fbc02723cd23:c1191, 609a8cf1-6ad3-4123-b94a-106ad93148a8:c1191]
2019-09-05 09:23:09,294 | INFO  | DNAudit | user=null | ip=null | op=WRITE_CHUNK {blockData=conID: 1 locID: 102739173903892915 bcsId: 1191} | ret=SUCCESS |  
2019-09-05 09:23:09,295 | INFO  | DNAudit | user=null | ip=null | op=WRITE_CHUNK {blockData=conID: 1 locID: 102739173903892915 bcsId: 1191} | ret=SUCCESS |  
2019-09-05 09:23:09,295 | INFO  | DNAudit | user=null | ip=null | op=PUT_BLOCK {blockData=[blockId=conID: 1 locID: 102739173903892915 bcsId: 0,size=4194304]} | ret=SUCCESS |  
2019-09-05 09:23:09,295 | INFO  | DNAudit | user=null | ip=null | op=PUT_BLOCK {blockData=[blockId=conID: 1 locID: 102739173903892915 bcsId: 0,size=4194304]} | ret=SUCCESS |  
2019-09-05 09:23:09,296 [grpc-default-executor-0] INFO  client.GrpcClientProtocolClient (GrpcClientProtocolClient.java:onNext(255)) - client-969FB6DA8C9A->4fcc8d53-44cb-4faf-b915-5afa0c7529d4: receive RaftClientReply:client-969FB6DA8C9A->4fcc8d53-44cb-4faf-b915-5afa0c7529d4@group-6A615BAE1DD1, cid=927, SUCCESS, logIndex=0, commits[4fcc8d53-44cb-4faf-b915-5afa0c7529d4:c1197, 48aa5eb4-709c-4003-adb5-fbc02723cd23:c1195, 609a8cf1-6ad3-4123-b94a-106ad93148a8:c1195]
2019-09-05 09:23:09,304 | INFO  | DNAudit | user=null | ip=null | op=WRITE_CHUNK {blockData=conID: 2 locID: 102739173903892916 bcsId: 0} | ret=SUCCESS |  
2019-09-05 09:23:09,306 | INFO  | DNAudit | user=null | ip=null | op=WRITE_CHUNK {blockData=conID: 2 locID: 102739173903892916 bcsId: 0} | ret=SUCCESS |  
2019-09-05 09:23:09,306 | INFO  | DNAudit | user=null | ip=null | op=WRITE_CHUNK {blockData=conID: 2 locID: 102739173903892916 bcsId: 0} | ret=SUCCESS |  
2019-09-05 09:23:09,307 | INFO  | DNAudit | user=null | ip=null | op=WRITE_CHUNK {blockData=conID: 2 locID: 102739173903892916 bcsId: 0} | ret=SUCCESS |  
2019-09-05 09:23:09,307 | INFO  | DNAudit | user=null | ip=null | op=WRITE_CHUNK {blockData=conID: 2 locID: 102739173903892916 bcsId: 0} | ret=SUCCESS |  
2019-09-05 09:23:09,308 | INFO  | DNAudit | user=null | ip=null | op=WRITE_CHUNK {blockData=conID: 2 locID: 102739173903892916 bcsId: 0} | ret=SUCCESS |  
2019-09-05 09:23:09,312 | INFO  | SCMAudit | user=jenkins1000 | ip=192.168.36.69 | op=SEND_HEARTBEAT {datanodeUUID=fe9e29a7-51ad-458f-9e11-f615da290baa, command=[]} | ret=SUCCESS |  
2019-09-05 09:23:09,528 | INFO  | DNAudit | user=null | ip=null | op=WRITE_CHUNK {blockData=conID: 2 locID: 102739173903892916 bcsId: 0} | ret=SUCCESS |  
2019-09-05 09:23:09,529 | INFO  | DNAudit | user=null | ip=null | op=PUT_BLOCK {blockData=[blockId=conID: 2 locID: 102739173903892916 bcsId: 0,size=1048576]} | ret=SUCCESS |  
2019-09-05 09:23:09,529 | INFO  | DNAudit | user=null | ip=null | op=WRITE_CHUNK {blockData=conID: 2 locID: 102739173903892916 bcsId: 0} | ret=SUCCESS |  
2019-09-05 09:23:09,529 [grpc-default-executor-4] INFO  client.GrpcClientProtocolClient (GrpcClientProtocolClient.java:onNext(255)) - client-969FB6DA8C9A->4fcc8d53-44cb-4faf-b915-5afa0c7529d4: receive RaftClientReply:client-969FB6DA8C9A->4fcc8d53-44cb-4faf-b915-5afa0c7529d4@group-6A615BAE1DD1, cid=928, SUCCESS, logIndex=1198, commits[4fcc8d53-44cb-4faf-b915-5afa0c7529d4:c1200, 48aa5eb4-709c-4003-adb5-fbc02723cd23:c1197, 609a8cf1-6ad3-4123-b94a-106ad93148a8:c1197]
2019-09-05 09:23:09,529 [grpc-default-executor-4] INFO  client.GrpcClientProtocolClient (GrpcClientProtocolClient.java:onNext(255)) - client-969FB6DA8C9A->4fcc8d53-44cb-4faf-b915-5afa0c7529d4: receive RaftClientReply:client-969FB6DA8C9A->4fcc8d53-44cb-4faf-b915-5afa0c7529d4@group-6A615BAE1DD1, cid=929, SUCCESS, logIndex=1199, commits[4fcc8d53-44cb-4faf-b915-5afa0c7529d4:c1200, 48aa5eb4-709c-4003-adb5-fbc02723cd23:c1197, 609a8cf1-6ad3-4123-b94a-106ad93148a8:c1197]
2019-09-05 09:23:09,530 [grpc-default-executor-4] INFO  client.GrpcClientProtocolClient (GrpcClientProtocolClient.java:onNext(255)) - client-969FB6DA8C9A->4fcc8d53-44cb-4faf-b915-5afa0c7529d4: receive RaftClientReply:client-969FB6DA8C9A->4fcc8d53-44cb-4faf-b915-5afa0c7529d4@group-6A615BAE1DD1, cid=930, SUCCESS, logIndex=1200, commits[4fcc8d53-44cb-4faf-b915-5afa0c7529d4:c1200, 48aa5eb4-709c-4003-adb5-fbc02723cd23:c1197, 609a8cf1-6ad3-4123-b94a-106ad93148a8:c1197]
2019-09-05 09:23:09,536 | INFO  | DNAudit | user=null | ip=null | op=PUT_BLOCK {blockData=[blockId=conID: 2 locID: 102739173903892916 bcsId: 0,size=2097152]} | ret=SUCCESS |  
2019-09-05 09:23:09,536 [grpc-default-executor-3] INFO  client.GrpcClientProtocolClient (GrpcClientProtocolClient.java:onNext(255)) - client-969FB6DA8C9A->4fcc8d53-44cb-4faf-b915-5afa0c7529d4: receive RaftClientReply:client-969FB6DA8C9A->4fcc8d53-44cb-4faf-b915-5afa0c7529d4@group-6A615BAE1DD1, cid=931, SUCCESS, logIndex=1201, commits[4fcc8d53-44cb-4faf-b915-5afa0c7529d4:c1201, 48aa5eb4-709c-4003-adb5-fbc02723cd23:c1197, 609a8cf1-6ad3-4123-b94a-106ad93148a8:c1197]
2019-09-05 09:23:09,541 | INFO  | DNAudit | user=null | ip=null | op=WRITE_CHUNK {blockData=conID: 2 locID: 102739173903892916 bcsId: 0} | ret=SUCCESS |  
2019-09-05 09:23:09,542 | INFO  | DNAudit | user=null | ip=null | op=WRITE_CHUNK {blockData=conID: 2 locID: 102739173903892916 bcsId: 0} | ret=SUCCESS |  
2019-09-05 09:23:09,542 | INFO  | DNAudit | user=null | ip=null | op=PUT_BLOCK {blockData=[blockId=conID: 2 locID: 102739173903892916 bcsId: 0,size=1048576]} | ret=SUCCESS |  
2019-09-05 09:23:09,542 | INFO  | DNAudit | user=null | ip=null | op=WRITE_CHUNK {blockData=conID: 2 locID: 102739173903892916 bcsId: 0} | ret=SUCCESS |  
2019-09-05 09:23:09,543 | INFO  | DNAudit | user=null | ip=null | op=PUT_BLOCK {blockData=[blockId=conID: 2 locID: 102739173903892916 bcsId: 0,size=2097152]} | ret=SUCCESS |  
2019-09-05 09:23:09,543 | INFO  | DNAudit | user=null | ip=null | op=PUT_BLOCK {blockData=[blockId=conID: 2 locID: 102739173903892916 bcsId: 0,size=1048576]} | ret=SUCCESS |  
2019-09-05 09:23:09,543 | INFO  | DNAudit | user=null | ip=null | op=WRITE_CHUNK {blockData=conID: 2 locID: 102739173903892916 bcsId: 0} | ret=SUCCESS |  
2019-09-05 09:23:09,543 | INFO  | DNAudit | user=null | ip=null | op=PUT_BLOCK {blockData=[blockId=conID: 2 locID: 102739173903892916 bcsId: 0,size=2097152]} | ret=SUCCESS |  
2019-09-05 09:23:09,544 [grpc-default-executor-3] INFO  client.GrpcClientProtocolClient (GrpcClientProtocolClient.java:onNext(255)) - client-969FB6DA8C9A->4fcc8d53-44cb-4faf-b915-5afa0c7529d4: receive RaftClientReply:client-969FB6DA8C9A->4fcc8d53-44cb-4faf-b915-5afa0c7529d4@group-6A615BAE1DD1, cid=932, SUCCESS, logIndex=0, commits[4fcc8d53-44cb-4faf-b915-5afa0c7529d4:c1204, 48aa5eb4-709c-4003-adb5-fbc02723cd23:c1201, 609a8cf1-6ad3-4123-b94a-106ad93148a8:c1200]
2019-09-05 09:23:09,551 | INFO  | DNAudit | user=null | ip=null | op=WRITE_CHUNK {blockData=conID: 2 locID: 102739173903892916 bcsId: 1201} | ret=SUCCESS |  
2019-09-05 09:23:09,553 | INFO  | DNAudit | user=null | ip=null | op=WRITE_CHUNK {blockData=conID: 2 locID: 102739173903892916 bcsId: 1201} | ret=SUCCESS |  
2019-09-05 09:23:09,554 | INFO  | DNAudit | user=null | ip=null | op=WRITE_CHUNK {blockData=conID: 2 locID: 102739173903892916 bcsId: 1201} | ret=SUCCESS |  
2019-09-05 09:23:09,578 | INFO  | DNAudit | user=null | ip=null | op=WRITE_CHUNK {blockData=conID: 2 locID: 102739173903892916 bcsId: 1201} | ret=SUCCESS |  
2019-09-05 09:23:09,578 | INFO  | DNAudit | user=null | ip=null | op=PUT_BLOCK {blockData=[blockId=conID: 2 locID: 102739173903892916 bcsId: 0,size=3145728]} | ret=SUCCESS |  
2019-09-05 09:23:09,578 [grpc-default-executor-4] INFO  client.GrpcClientProtocolClient (GrpcClientProtocolClient.java:onNext(255)) - client-969FB6DA8C9A->4fcc8d53-44cb-4faf-b915-5afa0c7529d4: receive RaftClientReply:client-969FB6DA8C9A->4fcc8d53-44cb-4faf-b915-5afa0c7529d4@group-6A615BAE1DD1, cid=933, SUCCESS, logIndex=1205, commits[4fcc8d53-44cb-4faf-b915-5afa0c7529d4:c1206, 48aa5eb4-709c-4003-adb5-fbc02723cd23:c1204, 609a8cf1-6ad3-4123-b94a-106ad93148a8:c1204]
2019-09-05 09:23:09,579 [grpc-default-executor-4] INFO  client.GrpcClientProtocolClient (GrpcClientProtocolClient.java:onNext(255)) - client-969FB6DA8C9A->4fcc8d53-44cb-4faf-b915-5afa0c7529d4: receive RaftClientReply:client-969FB6DA8C9A->4fcc8d53-44cb-4faf-b915-5afa0c7529d4@group-6A615BAE1DD1, cid=934, SUCCESS, logIndex=1206, commits[4fcc8d53-44cb-4faf-b915-5afa0c7529d4:c1206, 48aa5eb4-709c-4003-adb5-fbc02723cd23:c1204, 609a8cf1-6ad3-4123-b94a-106ad93148a8:c1204]
2019-09-05 09:23:09,589 | INFO  | DNAudit | user=null | ip=null | op=WRITE_CHUNK {blockData=conID: 2 locID: 102739173903892916 bcsId: 1206} | ret=SUCCESS |  
2019-09-05 09:23:09,590 | INFO  | DNAudit | user=null | ip=null | op=WRITE_CHUNK {blockData=conID: 2 locID: 102739173903892916 bcsId: 1206} | ret=SUCCESS |  
2019-09-05 09:23:09,591 | INFO  | DNAudit | user=null | ip=null | op=WRITE_CHUNK {blockData=conID: 2 locID: 102739173903892916 bcsId: 1206} | ret=SUCCESS |  
2019-09-05 09:23:09,599 | INFO  | DNAudit | user=null | ip=null | op=WRITE_CHUNK {blockData=conID: 2 locID: 102739173903892916 bcsId: 1201} | ret=SUCCESS |  
2019-09-05 09:23:09,599 | INFO  | DNAudit | user=null | ip=null | op=WRITE_CHUNK {blockData=conID: 2 locID: 102739173903892916 bcsId: 1201} | ret=SUCCESS |  
2019-09-05 09:23:09,599 | INFO  | DNAudit | user=null | ip=null | op=PUT_BLOCK {blockData=[blockId=conID: 2 locID: 102739173903892916 bcsId: 0,size=3145728]} | ret=SUCCESS |  
2019-09-05 09:23:09,600 | INFO  | DNAudit | user=null | ip=null | op=PUT_BLOCK {blockData=[blockId=conID: 2 locID: 102739173903892916 bcsId: 0,size=3145728]} | ret=SUCCESS |  
2019-09-05 09:23:09,601 | INFO  | DNAudit | user=null | ip=null | op=WRITE_CHUNK {blockData=conID: 2 locID: 102739173903892916 bcsId: 1206} | ret=SUCCESS |  
2019-09-05 09:23:09,601 | INFO  | DNAudit | user=null | ip=null | op=PUT_BLOCK {blockData=[blockId=conID: 2 locID: 102739173903892916 bcsId: 0,size=4194304]} | ret=SUCCESS |  
2019-09-05 09:23:09,601 [grpc-default-executor-3] INFO  client.GrpcClientProtocolClient (GrpcClientProtocolClient.java:onNext(255)) - client-969FB6DA8C9A->4fcc8d53-44cb-4faf-b915-5afa0c7529d4: receive RaftClientReply:client-969FB6DA8C9A->4fcc8d53-44cb-4faf-b915-5afa0c7529d4@group-6A615BAE1DD1, cid=935, SUCCESS, logIndex=1209, commits[4fcc8d53-44cb-4faf-b915-5afa0c7529d4:c1209, 48aa5eb4-709c-4003-adb5-fbc02723cd23:c1206, 609a8cf1-6ad3-4123-b94a-106ad93148a8:c1206]
2019-09-05 09:23:09,602 [grpc-default-executor-3] INFO  client.GrpcClientProtocolClient (GrpcClientProtocolClient.java:onNext(255)) - client-969FB6DA8C9A->4fcc8d53-44cb-4faf-b915-5afa0c7529d4: receive RaftClientReply:client-969FB6DA8C9A->4fcc8d53-44cb-4faf-b915-5afa0c7529d4@group-6A615BAE1DD1, cid=936, SUCCESS, logIndex=1210, commits[4fcc8d53-44cb-4faf-b915-5afa0c7529d4:c1210, 48aa5eb4-709c-4003-adb5-fbc02723cd23:c1206, 609a8cf1-6ad3-4123-b94a-106ad93148a8:c1206]
2019-09-05 09:23:09,610 | INFO  | DNAudit | user=null | ip=null | op=WRITE_CHUNK {blockData=conID: 2 locID: 102739173903892916 bcsId: 1206} | ret=SUCCESS |  
2019-09-05 09:23:09,610 | INFO  | DNAudit | user=null | ip=null | op=WRITE_CHUNK {blockData=conID: 2 locID: 102739173903892916 bcsId: 1206} | ret=SUCCESS |  
2019-09-05 09:23:09,611 | INFO  | DNAudit | user=null | ip=null | op=PUT_BLOCK {blockData=[blockId=conID: 2 locID: 102739173903892916 bcsId: 0,size=4194304]} | ret=SUCCESS |  
2019-09-05 09:23:09,612 | INFO  | DNAudit | user=null | ip=null | op=PUT_BLOCK {blockData=[blockId=conID: 2 locID: 102739173903892916 bcsId: 0,size=4194304]} | ret=SUCCESS |  
2019-09-05 09:23:09,612 [grpc-default-executor-3] INFO  client.GrpcClientProtocolClient (GrpcClientProtocolClient.java:onNext(255)) - client-969FB6DA8C9A->4fcc8d53-44cb-4faf-b915-5afa0c7529d4: receive RaftClientReply:client-969FB6DA8C9A->4fcc8d53-44cb-4faf-b915-5afa0c7529d4@group-6A615BAE1DD1, cid=937, SUCCESS, logIndex=0, commits[4fcc8d53-44cb-4faf-b915-5afa0c7529d4:c1212, 48aa5eb4-709c-4003-adb5-fbc02723cd23:c1210, 609a8cf1-6ad3-4123-b94a-106ad93148a8:c1210]
2019-09-05 09:23:09,621 | INFO  | DNAudit | user=null | ip=null | op=WRITE_CHUNK {blockData=conID: 3 locID: 102739173903892917 bcsId: 0} | ret=SUCCESS |  
2019-09-05 09:23:09,624 | INFO  | DNAudit | user=null | ip=null | op=WRITE_CHUNK {blockData=conID: 3 locID: 102739173903892917 bcsId: 0} | ret=SUCCESS |  
2019-09-05 09:23:09,624 | INFO  | DNAudit | user=null | ip=null | op=WRITE_CHUNK {blockData=conID: 3 locID: 102739173903892917 bcsId: 0} | ret=SUCCESS |  
2019-09-05 09:23:09,625 | INFO  | DNAudit | user=null | ip=null | op=WRITE_CHUNK {blockData=conID: 3 locID: 102739173903892917 bcsId: 0} | ret=SUCCESS |  
2019-09-05 09:23:09,627 | INFO  | DNAudit | user=null | ip=null | op=WRITE_CHUNK {blockData=conID: 3 locID: 102739173903892917 bcsId: 0} | ret=SUCCESS |  
2019-09-05 09:23:09,627 | INFO  | DNAudit | user=null | ip=null | op=WRITE_CHUNK {blockData=conID: 3 locID: 102739173903892917 bcsId: 0} | ret=SUCCESS |  
2019-09-05 09:23:09,654 | INFO  | DNAudit | user=null | ip=null | op=WRITE_CHUNK {blockData=conID: 3 locID: 102739173903892917 bcsId: 0} | ret=SUCCESS |  
2019-09-05 09:23:09,654 | INFO  | DNAudit | user=null | ip=null | op=PUT_BLOCK {blockData=[blockId=conID: 3 locID: 102739173903892917 bcsId: 0,size=1048576]} | ret=SUCCESS |  
2019-09-05 09:23:09,655 [grpc-default-executor-0] INFO  client.GrpcClientProtocolClient (GrpcClientProtocolClient.java:onNext(255)) - client-969FB6DA8C9A->4fcc8d53-44cb-4faf-b915-5afa0c7529d4: receive RaftClientReply:client-969FB6DA8C9A->4fcc8d53-44cb-4faf-b915-5afa0c7529d4@group-6A615BAE1DD1, cid=938, SUCCESS, logIndex=1213, commits[4fcc8d53-44cb-4faf-b915-5afa0c7529d4:c1214, 48aa5eb4-709c-4003-adb5-fbc02723cd23:c1212, 609a8cf1-6ad3-4123-b94a-106ad93148a8:c1212]
2019-09-05 09:23:09,657 | INFO  | DNAudit | user=null | ip=null | op=WRITE_CHUNK {blockData=conID: 3 locID: 102739173903892917 bcsId: 0} | ret=SUCCESS |  
2019-09-05 09:23:09,657 | INFO  | DNAudit | user=null | ip=null | op=WRITE_CHUNK {blockData=conID: 3 locID: 102739173903892917 bcsId: 0} | ret=SUCCESS |  
2019-09-05 09:23:09,657 | INFO  | DNAudit | user=null | ip=null | op=PUT_BLOCK {blockData=[blockId=conID: 3 locID: 102739173903892917 bcsId: 0,size=1048576]} | ret=SUCCESS |  
2019-09-05 09:23:09,657 | INFO  | DNAudit | user=null | ip=null | op=PUT_BLOCK {blockData=[blockId=conID: 3 locID: 102739173903892917 bcsId: 0,size=2097152]} | ret=SUCCESS |  
2019-09-05 09:23:09,657 [grpc-default-executor-4] INFO  client.GrpcClientProtocolClient (GrpcClientProtocolClient.java:onNext(255)) - client-969FB6DA8C9A->4fcc8d53-44cb-4faf-b915-5afa0c7529d4: receive RaftClientReply:client-969FB6DA8C9A->4fcc8d53-44cb-4faf-b915-5afa0c7529d4@group-6A615BAE1DD1, cid=939, SUCCESS, logIndex=1214, commits[4fcc8d53-44cb-4faf-b915-5afa0c7529d4:c1214, 48aa5eb4-709c-4003-adb5-fbc02723cd23:c1212, 609a8cf1-6ad3-4123-b94a-106ad93148a8:c1212]
2019-09-05 09:23:09,658 [grpc-default-executor-4] INFO  client.GrpcClientProtocolClient (GrpcClientProtocolClient.java:onNext(255)) - client-969FB6DA8C9A->4fcc8d53-44cb-4faf-b915-5afa0c7529d4: receive RaftClientReply:client-969FB6DA8C9A->4fcc8d53-44cb-4faf-b915-5afa0c7529d4@group-6A615BAE1DD1, cid=940, SUCCESS, logIndex=1215, commits[4fcc8d53-44cb-4faf-b915-5afa0c7529d4:c1218, 48aa5eb4-709c-4003-adb5-fbc02723cd23:c1212, 609a8cf1-6ad3-4123-b94a-106ad93148a8:c1214]
2019-09-05 09:23:09,658 [grpc-default-executor-4] INFO  client.GrpcClientProtocolClient (GrpcClientProtocolClient.java:onNext(255)) - client-969FB6DA8C9A->4fcc8d53-44cb-4faf-b915-5afa0c7529d4: receive RaftClientReply:client-969FB6DA8C9A->4fcc8d53-44cb-4faf-b915-5afa0c7529d4@group-6A615BAE1DD1, cid=941, SUCCESS, logIndex=1216, commits[4fcc8d53-44cb-4faf-b915-5afa0c7529d4:c1218, 48aa5eb4-709c-4003-adb5-fbc02723cd23:c1212, 609a8cf1-6ad3-4123-b94a-106ad93148a8:c1214]
2019-09-05 09:23:09,675 | INFO  | DNAudit | user=null | ip=null | op=WRITE_CHUNK {blockData=conID: 3 locID: 102739173903892917 bcsId: 0} | ret=SUCCESS |  
2019-09-05 09:23:09,676 | INFO  | DNAudit | user=null | ip=null | op=PUT_BLOCK {blockData=[blockId=conID: 3 locID: 102739173903892917 bcsId: 0,size=1048576]} | ret=SUCCESS |  
2019-09-05 09:23:09,676 | INFO  | DNAudit | user=null | ip=null | op=WRITE_CHUNK {blockData=conID: 3 locID: 102739173903892917 bcsId: 0} | ret=SUCCESS |  
2019-09-05 09:23:09,676 | INFO  | DNAudit | user=null | ip=null | op=PUT_BLOCK {blockData=[blockId=conID: 3 locID: 102739173903892917 bcsId: 0,size=2097152]} | ret=SUCCESS |  
2019-09-05 09:23:09,676 | INFO  | DNAudit | user=null | ip=null | op=WRITE_CHUNK {blockData=conID: 3 locID: 102739173903892917 bcsId: 0} | ret=SUCCESS |  
2019-09-05 09:23:09,677 | INFO  | DNAudit | user=null | ip=null | op=PUT_BLOCK {blockData=[blockId=conID: 3 locID: 102739173903892917 bcsId: 0,size=2097152]} | ret=SUCCESS |  
2019-09-05 09:23:09,677 [grpc-default-executor-4] INFO  client.GrpcClientProtocolClient (GrpcClientProtocolClient.java:onNext(255)) - client-969FB6DA8C9A->4fcc8d53-44cb-4faf-b915-5afa0c7529d4: receive RaftClientReply:client-969FB6DA8C9A->4fcc8d53-44cb-4faf-b915-5afa0c7529d4@group-6A615BAE1DD1, cid=942, SUCCESS, logIndex=0, commits[4fcc8d53-44cb-4faf-b915-5afa0c7529d4:c1218, 48aa5eb4-709c-4003-adb5-fbc02723cd23:c1214, 609a8cf1-6ad3-4123-b94a-106ad93148a8:c1214]
2019-09-05 09:23:09,685 | INFO  | DNAudit | user=null | ip=null | op=WRITE_CHUNK {blockData=conID: 3 locID: 102739173903892917 bcsId: 1216} | ret=SUCCESS |  
2019-09-05 09:23:09,687 | INFO  | DNAudit | user=null | ip=null | op=WRITE_CHUNK {blockData=conID: 3 locID: 102739173903892917 bcsId: 1216} | ret=SUCCESS |  
2019-09-05 09:23:09,687 | INFO  | DNAudit | user=null | ip=null | op=WRITE_CHUNK {blockData=conID: 3 locID: 102739173903892917 bcsId: 1216} | ret=SUCCESS |  
2019-09-05 09:23:09,704 | INFO  | DNAudit | user=null | ip=null | op=WRITE_CHUNK {blockData=conID: 3 locID: 102739173903892917 bcsId: 1216} | ret=SUCCESS |  
2019-09-05 09:23:09,704 | INFO  | DNAudit | user=null | ip=null | op=PUT_BLOCK {blockData=[blockId=conID: 3 locID: 102739173903892917 bcsId: 0,size=3145728]} | ret=SUCCESS |  
2019-09-05 09:23:09,705 [grpc-default-executor-0] INFO  client.GrpcClientProtocolClient (GrpcClientProtocolClient.java:onNext(255)) - client-969FB6DA8C9A->4fcc8d53-44cb-4faf-b915-5afa0c7529d4: receive RaftClientReply:client-969FB6DA8C9A->4fcc8d53-44cb-4faf-b915-5afa0c7529d4@group-6A615BAE1DD1, cid=943, SUCCESS, logIndex=1220, commits[4fcc8d53-44cb-4faf-b915-5afa0c7529d4:c1221, 48aa5eb4-709c-4003-adb5-fbc02723cd23:c1219, 609a8cf1-6ad3-4123-b94a-106ad93148a8:c1219]
2019-09-05 09:23:09,705 [grpc-default-executor-0] INFO  client.GrpcClientProtocolClient (GrpcClientProtocolClient.java:onNext(255)) - client-969FB6DA8C9A->4fcc8d53-44cb-4faf-b915-5afa0c7529d4: receive RaftClientReply:client-969FB6DA8C9A->4fcc8d53-44cb-4faf-b915-5afa0c7529d4@group-6A615BAE1DD1, cid=944, SUCCESS, logIndex=1221, commits[4fcc8d53-44cb-4faf-b915-5afa0c7529d4:c1221, 48aa5eb4-709c-4003-adb5-fbc02723cd23:c1219, 609a8cf1-6ad3-4123-b94a-106ad93148a8:c1219]
2019-09-05 09:23:09,713 | INFO  | DNAudit | user=null | ip=null | op=WRITE_CHUNK {blockData=conID: 3 locID: 102739173903892917 bcsId: 1221} | ret=SUCCESS |  
2019-09-05 09:23:09,715 | INFO  | DNAudit | user=null | ip=null | op=WRITE_CHUNK {blockData=conID: 3 locID: 102739173903892917 bcsId: 1221} | ret=SUCCESS |  
2019-09-05 09:23:09,715 | INFO  | DNAudit | user=null | ip=null | op=WRITE_CHUNK {blockData=conID: 3 locID: 102739173903892917 bcsId: 1221} | ret=SUCCESS |  
2019-09-05 09:23:09,717 | INFO  | DNAudit | user=null | ip=null | op=WRITE_CHUNK {blockData=conID: 3 locID: 102739173903892917 bcsId: 1216} | ret=SUCCESS |  
2019-09-05 09:23:09,717 | INFO  | DNAudit | user=null | ip=null | op=WRITE_CHUNK {blockData=conID: 3 locID: 102739173903892917 bcsId: 1216} | ret=SUCCESS |  
2019-09-05 09:23:09,719 | INFO  | DNAudit | user=null | ip=null | op=PUT_BLOCK {blockData=[blockId=conID: 3 locID: 102739173903892917 bcsId: 0,size=3145728]} | ret=SUCCESS |  
2019-09-05 09:23:09,719 | INFO  | DNAudit | user=null | ip=null | op=PUT_BLOCK {blockData=[blockId=conID: 3 locID: 102739173903892917 bcsId: 0,size=3145728]} | ret=SUCCESS |  
2019-09-05 09:23:09,719 | INFO  | DNAudit | user=null | ip=null | op=WRITE_CHUNK {blockData=conID: 3 locID: 102739173903892917 bcsId: 1221} | ret=SUCCESS |  
2019-09-05 09:23:09,720 | INFO  | DNAudit | user=null | ip=null | op=PUT_BLOCK {blockData=[blockId=conID: 3 locID: 102739173903892917 bcsId: 0,size=4194304]} | ret=SUCCESS |  
2019-09-05 09:23:09,720 [grpc-default-executor-0] INFO  client.GrpcClientProtocolClient (GrpcClientProtocolClient.java:onNext(255)) - client-969FB6DA8C9A->4fcc8d53-44cb-4faf-b915-5afa0c7529d4: receive RaftClientReply:client-969FB6DA8C9A->4fcc8d53-44cb-4faf-b915-5afa0c7529d4@group-6A615BAE1DD1, cid=945, SUCCESS, logIndex=1224, commits[4fcc8d53-44cb-4faf-b915-5afa0c7529d4:c1225, 48aa5eb4-709c-4003-adb5-fbc02723cd23:c1221, 609a8cf1-6ad3-4123-b94a-106ad93148a8:c1221]
2019-09-05 09:23:09,720 [grpc-default-executor-0] INFO  client.GrpcClientProtocolClient (GrpcClientProtocolClient.java:onNext(255)) - client-969FB6DA8C9A->4fcc8d53-44cb-4faf-b915-5afa0c7529d4: receive RaftClientReply:client-969FB6DA8C9A->4fcc8d53-44cb-4faf-b915-5afa0c7529d4@group-6A615BAE1DD1, cid=946, SUCCESS, logIndex=1225, commits[4fcc8d53-44cb-4faf-b915-5afa0c7529d4:c1225, 48aa5eb4-709c-4003-adb5-fbc02723cd23:c1221, 609a8cf1-6ad3-4123-b94a-106ad93148a8:c1221]
2019-09-05 09:23:09,737 | INFO  | DNAudit | user=null | ip=null | op=WRITE_CHUNK {blockData=conID: 3 locID: 102739173903892917 bcsId: 1221} | ret=SUCCESS |  
2019-09-05 09:23:09,737 | INFO  | DNAudit | user=null | ip=null | op=WRITE_CHUNK {blockData=conID: 3 locID: 102739173903892917 bcsId: 1221} | ret=SUCCESS |  
2019-09-05 09:23:09,737 | INFO  | DNAudit | user=null | ip=null | op=PUT_BLOCK {blockData=[blockId=conID: 3 locID: 102739173903892917 bcsId: 0,size=4194304]} | ret=SUCCESS |  
2019-09-05 09:23:09,737 | INFO  | DNAudit | user=null | ip=null | op=PUT_BLOCK {blockData=[blockId=conID: 3 locID: 102739173903892917 bcsId: 0,size=4194304]} | ret=SUCCESS |  
2019-09-05 09:23:09,737 [grpc-default-executor-3] INFO  client.GrpcClientProtocolClient (GrpcClientProtocolClient.java:onNext(255)) - client-969FB6DA8C9A->4fcc8d53-44cb-4faf-b915-5afa0c7529d4: receive RaftClientReply:client-969FB6DA8C9A->4fcc8d53-44cb-4faf-b915-5afa0c7529d4@group-6A615BAE1DD1, cid=947, SUCCESS, logIndex=0, commits[4fcc8d53-44cb-4faf-b915-5afa0c7529d4:c1225, 48aa5eb4-709c-4003-adb5-fbc02723cd23:c1225, 609a8cf1-6ad3-4123-b94a-106ad93148a8:c1225]
2019-09-05 09:23:09,746 | INFO  | DNAudit | user=null | ip=null | op=WRITE_CHUNK {blockData=conID: 1 locID: 102739173903892918 bcsId: 0} | ret=SUCCESS |  
2019-09-05 09:23:09,749 | INFO  | DNAudit | user=null | ip=null | op=WRITE_CHUNK {blockData=conID: 1 locID: 102739173903892918 bcsId: 0} | ret=SUCCESS |  
2019-09-05 09:23:09,749 | INFO  | DNAudit | user=null | ip=null | op=WRITE_CHUNK {blockData=conID: 1 locID: 102739173903892918 bcsId: 0} | ret=SUCCESS |  
2019-09-05 09:23:09,749 | INFO  | DNAudit | user=null | ip=null | op=WRITE_CHUNK {blockData=conID: 1 locID: 102739173903892918 bcsId: 0} | ret=SUCCESS |  
2019-09-05 09:23:09,751 | INFO  | DNAudit | user=null | ip=null | op=WRITE_CHUNK {blockData=conID: 1 locID: 102739173903892918 bcsId: 0} | ret=SUCCESS |  
2019-09-05 09:23:09,751 | INFO  | DNAudit | user=null | ip=null | op=WRITE_CHUNK {blockData=conID: 1 locID: 102739173903892918 bcsId: 0} | ret=SUCCESS |  
2019-09-05 09:23:09,754 | INFO  | DNAudit | user=null | ip=null | op=WRITE_CHUNK {blockData=conID: 1 locID: 102739173903892918 bcsId: 0} | ret=SUCCESS |  
2019-09-05 09:23:09,755 | INFO  | DNAudit | user=null | ip=null | op=PUT_BLOCK {blockData=[blockId=conID: 1 locID: 102739173903892918 bcsId: 0,size=1048576]} | ret=SUCCESS |  
2019-09-05 09:23:09,755 [grpc-default-executor-0] INFO  client.GrpcClientProtocolClient (GrpcClientProtocolClient.java:onNext(255)) - client-969FB6DA8C9A->4fcc8d53-44cb-4faf-b915-5afa0c7529d4: receive RaftClientReply:client-969FB6DA8C9A->4fcc8d53-44cb-4faf-b915-5afa0c7529d4@group-6A615BAE1DD1, cid=948, SUCCESS, logIndex=1228, commits[4fcc8d53-44cb-4faf-b915-5afa0c7529d4:c1229, 48aa5eb4-709c-4003-adb5-fbc02723cd23:c1227, 609a8cf1-6ad3-4123-b94a-106ad93148a8:c1227]
2019-09-05 09:23:09,755 [grpc-default-executor-0] INFO  client.GrpcClientProtocolClient (GrpcClientProtocolClient.java:onNext(255)) - client-969FB6DA8C9A->4fcc8d53-44cb-4faf-b915-5afa0c7529d4: receive RaftClientReply:client-969FB6DA8C9A->4fcc8d53-44cb-4faf-b915-5afa0c7529d4@group-6A615BAE1DD1, cid=949, SUCCESS, logIndex=1229, commits[4fcc8d53-44cb-4faf-b915-5afa0c7529d4:c1229, 48aa5eb4-709c-4003-adb5-fbc02723cd23:c1227, 609a8cf1-6ad3-4123-b94a-106ad93148a8:c1227]
2019-09-05 09:23:09,810 | INFO  | DNAudit | user=null | ip=null | op=WRITE_CHUNK {blockData=conID: 1 locID: 102739173903892918 bcsId: 0} | ret=SUCCESS |  
2019-09-05 09:23:09,811 | INFO  | DNAudit | user=null | ip=null | op=PUT_BLOCK {blockData=[blockId=conID: 1 locID: 102739173903892918 bcsId: 0,size=2097152]} | ret=SUCCESS |  
2019-09-05 09:23:09,811 [grpc-default-executor-0] INFO  client.GrpcClientProtocolClient (GrpcClientProtocolClient.java:onNext(255)) - client-969FB6DA8C9A->4fcc8d53-44cb-4faf-b915-5afa0c7529d4: receive RaftClientReply:client-969FB6DA8C9A->4fcc8d53-44cb-4faf-b915-5afa0c7529d4@group-6A615BAE1DD1, cid=950, SUCCESS, logIndex=1230, commits[4fcc8d53-44cb-4faf-b915-5afa0c7529d4:c1231, 48aa5eb4-709c-4003-adb5-fbc02723cd23:c1227, 609a8cf1-6ad3-4123-b94a-106ad93148a8:c1227]
2019-09-05 09:23:09,812 [grpc-default-executor-0] INFO  client.GrpcClientProtocolClient (GrpcClientProtocolClient.java:onNext(255)) - client-969FB6DA8C9A->4fcc8d53-44cb-4faf-b915-5afa0c7529d4: receive RaftClientReply:client-969FB6DA8C9A->4fcc8d53-44cb-4faf-b915-5afa0c7529d4@group-6A615BAE1DD1, cid=951, SUCCESS, logIndex=1231, commits[4fcc8d53-44cb-4faf-b915-5afa0c7529d4:c1231, 48aa5eb4-709c-4003-adb5-fbc02723cd23:c1227, 609a8cf1-6ad3-4123-b94a-106ad93148a8:c1227]
2019-09-05 09:23:09,816 | INFO  | DNAudit | user=null | ip=null | op=WRITE_CHUNK {blockData=conID: 1 locID: 102739173903892918 bcsId: 0} | ret=SUCCESS |  
2019-09-05 09:23:09,816 | INFO  | DNAudit | user=null | ip=null | op=PUT_BLOCK {blockData=[blockId=conID: 1 locID: 102739173903892918 bcsId: 0,size=1048576]} | ret=SUCCESS |  
2019-09-05 09:23:09,816 | INFO  | DNAudit | user=null | ip=null | op=WRITE_CHUNK {blockData=conID: 1 locID: 102739173903892918 bcsId: 0} | ret=SUCCESS |  
2019-09-05 09:23:09,816 | INFO  | DNAudit | user=null | ip=null | op=PUT_BLOCK {blockData=[blockId=conID: 1 locID: 102739173903892918 bcsId: 0,size=1048576]} | ret=SUCCESS |  
2019-09-05 09:23:09,817 [grpc-default-executor-0] INFO  client.GrpcClientProtocolClient (GrpcClientProtocolClient.java:onNext(255)) - client-969FB6DA8C9A->4fcc8d53-44cb-4faf-b915-5afa0c7529d4: receive RaftClientReply:client-969FB6DA8C9A->4fcc8d53-44cb-4faf-b915-5afa0c7529d4@group-6A615BAE1DD1, cid=952, SUCCESS, logIndex=0, commits[4fcc8d53-44cb-4faf-b915-5afa0c7529d4:c1233, 48aa5eb4-709c-4003-adb5-fbc02723cd23:c1229, 609a8cf1-6ad3-4123-b94a-106ad93148a8:c1229]
2019-09-05 09:23:09,824 | INFO  | DNAudit | user=null | ip=null | op=WRITE_CHUNK {blockData=conID: 1 locID: 102739173903892918 bcsId: 0} | ret=SUCCESS |  
2019-09-05 09:23:09,824 | INFO  | DNAudit | user=null | ip=null | op=PUT_BLOCK {blockData=[blockId=conID: 1 locID: 102739173903892918 bcsId: 0,size=2097152]} | ret=SUCCESS |  
2019-09-05 09:23:09,824 | INFO  | DNAudit | user=null | ip=null | op=WRITE_CHUNK {blockData=conID: 1 locID: 102739173903892918 bcsId: 0} | ret=SUCCESS |  
2019-09-05 09:23:09,825 | INFO  | DNAudit | user=null | ip=null | op=PUT_BLOCK {blockData=[blockId=conID: 1 locID: 102739173903892918 bcsId: 0,size=2097152]} | ret=SUCCESS |  
2019-09-05 09:23:09,825 | INFO  | DNAudit | user=null | ip=null | op=WRITE_CHUNK {blockData=conID: 1 locID: 102739173903892918 bcsId: 1231} | ret=SUCCESS |  
2019-09-05 09:23:09,827 | INFO  | DNAudit | user=null | ip=null | op=WRITE_CHUNK {blockData=conID: 1 locID: 102739173903892918 bcsId: 1231} | ret=SUCCESS |  
2019-09-05 09:23:09,828 | INFO  | DNAudit | user=null | ip=null | op=WRITE_CHUNK {blockData=conID: 1 locID: 102739173903892918 bcsId: 1231} | ret=SUCCESS |  
2019-09-05 09:23:09,830 | INFO  | DNAudit | user=null | ip=null | op=WRITE_CHUNK {blockData=conID: 1 locID: 102739173903892918 bcsId: 1231} | ret=SUCCESS |  
2019-09-05 09:23:09,830 | INFO  | DNAudit | user=null | ip=null | op=PUT_BLOCK {blockData=[blockId=conID: 1 locID: 102739173903892918 bcsId: 0,size=3145728]} | ret=SUCCESS |  
2019-09-05 09:23:09,831 [grpc-default-executor-0] INFO  client.GrpcClientProtocolClient (GrpcClientProtocolClient.java:onNext(255)) - client-969FB6DA8C9A->4fcc8d53-44cb-4faf-b915-5afa0c7529d4: receive RaftClientReply:client-969FB6DA8C9A->4fcc8d53-44cb-4faf-b915-5afa0c7529d4@group-6A615BAE1DD1, cid=953, SUCCESS, logIndex=1236, commits[4fcc8d53-44cb-4faf-b915-5afa0c7529d4:c1237, 48aa5eb4-709c-4003-adb5-fbc02723cd23:c1231, 609a8cf1-6ad3-4123-b94a-106ad93148a8:c1233]
2019-09-05 09:23:09,831 [grpc-default-executor-0] INFO  client.GrpcClientProtocolClient (GrpcClientProtocolClient.java:onNext(255)) - client-969FB6DA8C9A->4fcc8d53-44cb-4faf-b915-5afa0c7529d4: receive RaftClientReply:client-969FB6DA8C9A->4fcc8d53-44cb-4faf-b915-5afa0c7529d4@group-6A615BAE1DD1, cid=954, SUCCESS, logIndex=1237, commits[4fcc8d53-44cb-4faf-b915-5afa0c7529d4:c1237, 48aa5eb4-709c-4003-adb5-fbc02723cd23:c1233, 609a8cf1-6ad3-4123-b94a-106ad93148a8:c1233]
2019-09-05 09:23:09,837 | INFO  | DNAudit | user=null | ip=null | op=WRITE_CHUNK {blockData=conID: 1 locID: 102739173903892918 bcsId: 1237} | ret=SUCCESS |  
2019-09-05 09:23:09,838 | INFO  | DNAudit | user=null | ip=null | op=WRITE_CHUNK {blockData=conID: 1 locID: 102739173903892918 bcsId: 1237} | ret=SUCCESS |  
2019-09-05 09:23:09,839 | INFO  | DNAudit | user=null | ip=null | op=WRITE_CHUNK {blockData=conID: 1 locID: 102739173903892918 bcsId: 1237} | ret=SUCCESS |  
2019-09-05 09:23:09,847 | INFO  | DNAudit | user=null | ip=null | op=WRITE_CHUNK {blockData=conID: 1 locID: 102739173903892918 bcsId: 1231} | ret=SUCCESS |  
2019-09-05 09:23:09,847 | INFO  | DNAudit | user=null | ip=null | op=WRITE_CHUNK {blockData=conID: 1 locID: 102739173903892918 bcsId: 1231} | ret=SUCCESS |  
2019-09-05 09:23:09,847 | INFO  | DNAudit | user=null | ip=null | op=PUT_BLOCK {blockData=[blockId=conID: 1 locID: 102739173903892918 bcsId: 0,size=3145728]} | ret=SUCCESS |  
2019-09-05 09:23:09,847 | INFO  | DNAudit | user=null | ip=null | op=PUT_BLOCK {blockData=[blockId=conID: 1 locID: 102739173903892918 bcsId: 0,size=3145728]} | ret=SUCCESS |  
2019-09-05 09:23:09,849 | INFO  | DNAudit | user=null | ip=null | op=WRITE_CHUNK {blockData=conID: 1 locID: 102739173903892918 bcsId: 1237} | ret=SUCCESS |  
2019-09-05 09:23:09,850 | INFO  | DNAudit | user=null | ip=null | op=PUT_BLOCK {blockData=[blockId=conID: 1 locID: 102739173903892918 bcsId: 0,size=4194304]} | ret=SUCCESS |  
2019-09-05 09:23:09,850 [grpc-default-executor-5] INFO  client.GrpcClientProtocolClient (GrpcClientProtocolClient.java:onNext(255)) - client-969FB6DA8C9A->4fcc8d53-44cb-4faf-b915-5afa0c7529d4: receive RaftClientReply:client-969FB6DA8C9A->4fcc8d53-44cb-4faf-b915-5afa0c7529d4@group-6A615BAE1DD1, cid=955, SUCCESS, logIndex=1240, commits[4fcc8d53-44cb-4faf-b915-5afa0c7529d4:c1240, 48aa5eb4-709c-4003-adb5-fbc02723cd23:c1237, 609a8cf1-6ad3-4123-b94a-106ad93148a8:c1237]
2019-09-05 09:23:09,850 [grpc-default-executor-5] INFO  client.GrpcClientProtocolClient (GrpcClientProtocolClient.java:onNext(255)) - client-969FB6DA8C9A->4fcc8d53-44cb-4faf-b915-5afa0c7529d4: receive RaftClientReply:client-969FB6DA8C9A->4fcc8d53-44cb-4faf-b915-5afa0c7529d4@group-6A615BAE1DD1, cid=956, SUCCESS, logIndex=1241, commits[4fcc8d53-44cb-4faf-b915-5afa0c7529d4:c1241, 48aa5eb4-709c-4003-adb5-fbc02723cd23:c1237, 609a8cf1-6ad3-4123-b94a-106ad93148a8:c1237]
2019-09-05 09:23:09,870 | INFO  | DNAudit | user=null | ip=null | op=WRITE_CHUNK {blockData=conID: 1 locID: 102739173903892918 bcsId: 1237} | ret=SUCCESS |  
2019-09-05 09:23:09,870 | INFO  | DNAudit | user=null | ip=null | op=WRITE_CHUNK {blockData=conID: 1 locID: 102739173903892918 bcsId: 1237} | ret=SUCCESS |  
2019-09-05 09:23:09,871 | INFO  | DNAudit | user=null | ip=null | op=PUT_BLOCK {blockData=[blockId=conID: 1 locID: 102739173903892918 bcsId: 0,size=4194304]} | ret=SUCCESS |  
2019-09-05 09:23:09,871 | INFO  | DNAudit | user=null | ip=null | op=PUT_BLOCK {blockData=[blockId=conID: 1 locID: 102739173903892918 bcsId: 0,size=4194304]} | ret=SUCCESS |  
2019-09-05 09:23:09,872 [grpc-default-executor-5] INFO  client.GrpcClientProtocolClient (GrpcClientProtocolClient.java:onNext(255)) - client-969FB6DA8C9A->4fcc8d53-44cb-4faf-b915-5afa0c7529d4: receive RaftClientReply:client-969FB6DA8C9A->4fcc8d53-44cb-4faf-b915-5afa0c7529d4@group-6A615BAE1DD1, cid=957, SUCCESS, logIndex=0, commits[4fcc8d53-44cb-4faf-b915-5afa0c7529d4:c1243, 48aa5eb4-709c-4003-adb5-fbc02723cd23:c1241, 609a8cf1-6ad3-4123-b94a-106ad93148a8:c1241]
2019-09-05 09:23:09,878 | INFO  | DNAudit | user=null | ip=null | op=WRITE_CHUNK {blockData=conID: 2 locID: 102739173903892919 bcsId: 0} | ret=SUCCESS |  
2019-09-05 09:23:09,880 | INFO  | DNAudit | user=null | ip=null | op=WRITE_CHUNK {blockData=conID: 2 locID: 102739173903892919 bcsId: 0} | ret=SUCCESS |  
2019-09-05 09:23:09,880 | INFO  | DNAudit | user=null | ip=null | op=WRITE_CHUNK {blockData=conID: 2 locID: 102739173903892919 bcsId: 0} | ret=SUCCESS |  
2019-09-05 09:23:09,881 | INFO  | DNAudit | user=null | ip=null | op=WRITE_CHUNK {blockData=conID: 2 locID: 102739173903892919 bcsId: 0} | ret=SUCCESS |  
2019-09-05 09:23:09,882 | INFO  | DNAudit | user=null | ip=null | op=WRITE_CHUNK {blockData=conID: 2 locID: 102739173903892919 bcsId: 0} | ret=SUCCESS |  
2019-09-05 09:23:09,883 | INFO  | DNAudit | user=null | ip=null | op=WRITE_CHUNK {blockData=conID: 2 locID: 102739173903892919 bcsId: 0} | ret=SUCCESS |  
2019-09-05 09:23:09,892 | INFO  | DNAudit | user=null | ip=null | op=WRITE_CHUNK {blockData=conID: 2 locID: 102739173903892919 bcsId: 0} | ret=SUCCESS |  
2019-09-05 09:23:09,892 | INFO  | DNAudit | user=null | ip=null | op=PUT_BLOCK {blockData=[blockId=conID: 2 locID: 102739173903892919 bcsId: 0,size=1048576]} | ret=SUCCESS |  
2019-09-05 09:23:09,892 [grpc-default-executor-5] INFO  client.GrpcClientProtocolClient (GrpcClientProtocolClient.java:onNext(255)) - client-969FB6DA8C9A->4fcc8d53-44cb-4faf-b915-5afa0c7529d4: receive RaftClientReply:client-969FB6DA8C9A->4fcc8d53-44cb-4faf-b915-5afa0c7529d4@group-6A615BAE1DD1, cid=958, SUCCESS, logIndex=1244, commits[4fcc8d53-44cb-4faf-b915-5afa0c7529d4:c1245, 48aa5eb4-709c-4003-adb5-fbc02723cd23:c1243, 609a8cf1-6ad3-4123-b94a-106ad93148a8:c1243]
2019-09-05 09:23:09,893 | INFO  | DNAudit | user=null | ip=null | op=WRITE_CHUNK {blockData=conID: 2 locID: 102739173903892919 bcsId: 0} | ret=SUCCESS |  
2019-09-05 09:23:09,893 [grpc-default-executor-0] INFO  client.GrpcClientProtocolClient (GrpcClientProtocolClient.java:onNext(255)) - client-969FB6DA8C9A->4fcc8d53-44cb-4faf-b915-5afa0c7529d4: receive RaftClientReply:client-969FB6DA8C9A->4fcc8d53-44cb-4faf-b915-5afa0c7529d4@group-6A615BAE1DD1, cid=959, SUCCESS, logIndex=1245, commits[4fcc8d53-44cb-4faf-b915-5afa0c7529d4:c1245, 48aa5eb4-709c-4003-adb5-fbc02723cd23:c1243, 609a8cf1-6ad3-4123-b94a-106ad93148a8:c1243]
2019-09-05 09:23:09,894 | INFO  | DNAudit | user=null | ip=null | op=WRITE_CHUNK {blockData=conID: 2 locID: 102739173903892919 bcsId: 0} | ret=SUCCESS |  
2019-09-05 09:23:09,894 | INFO  | DNAudit | user=null | ip=null | op=PUT_BLOCK {blockData=[blockId=conID: 2 locID: 102739173903892919 bcsId: 0,size=2097152]} | ret=SUCCESS |  
2019-09-05 09:23:09,894 | INFO  | DNAudit | user=null | ip=null | op=PUT_BLOCK {blockData=[blockId=conID: 2 locID: 102739173903892919 bcsId: 0,size=1048576]} | ret=SUCCESS |  
2019-09-05 09:23:09,894 [grpc-default-executor-0] INFO  client.GrpcClientProtocolClient (GrpcClientProtocolClient.java:onNext(255)) - client-969FB6DA8C9A->4fcc8d53-44cb-4faf-b915-5afa0c7529d4: receive RaftClientReply:client-969FB6DA8C9A->4fcc8d53-44cb-4faf-b915-5afa0c7529d4@group-6A615BAE1DD1, cid=960, SUCCESS, logIndex=1246, commits[4fcc8d53-44cb-4faf-b915-5afa0c7529d4:c1247, 48aa5eb4-709c-4003-adb5-fbc02723cd23:c1243, 609a8cf1-6ad3-4123-b94a-106ad93148a8:c1243]
2019-09-05 09:23:09,894 | INFO  | DNAudit | user=null | ip=null | op=WRITE_CHUNK {blockData=conID: 2 locID: 102739173903892919 bcsId: 0} | ret=SUCCESS |  
2019-09-05 09:23:09,894 [grpc-default-executor-0] INFO  client.GrpcClientProtocolClient (GrpcClientProtocolClient.java:onNext(255)) - client-969FB6DA8C9A->4fcc8d53-44cb-4faf-b915-5afa0c7529d4: receive RaftClientReply:client-969FB6DA8C9A->4fcc8d53-44cb-4faf-b915-5afa0c7529d4@group-6A615BAE1DD1, cid=961, SUCCESS, logIndex=1247, commits[4fcc8d53-44cb-4faf-b915-5afa0c7529d4:c1249, 48aa5eb4-709c-4003-adb5-fbc02723cd23:c1243, 609a8cf1-6ad3-4123-b94a-106ad93148a8:c1245]
2019-09-05 09:23:09,894 | INFO  | DNAudit | user=null | ip=null | op=PUT_BLOCK {blockData=[blockId=conID: 2 locID: 102739173903892919 bcsId: 0,size=1048576]} | ret=SUCCESS |  
2019-09-05 09:23:09,895 | INFO  | DNAudit | user=null | ip=null | op=WRITE_CHUNK {blockData=conID: 2 locID: 102739173903892919 bcsId: 0} | ret=SUCCESS |  
2019-09-05 09:23:09,895 | INFO  | DNAudit | user=null | ip=null | op=PUT_BLOCK {blockData=[blockId=conID: 2 locID: 102739173903892919 bcsId: 0,size=2097152]} | ret=SUCCESS |  
2019-09-05 09:23:09,895 [grpc-default-executor-5] INFO  client.GrpcClientProtocolClient (GrpcClientProtocolClient.java:onNext(255)) - client-969FB6DA8C9A->4fcc8d53-44cb-4faf-b915-5afa0c7529d4: receive RaftClientReply:client-969FB6DA8C9A->4fcc8d53-44cb-4faf-b915-5afa0c7529d4@group-6A615BAE1DD1, cid=962, SUCCESS, logIndex=0, commits[4fcc8d53-44cb-4faf-b915-5afa0c7529d4:c1249, 48aa5eb4-709c-4003-adb5-fbc02723cd23:c1245, 609a8cf1-6ad3-4123-b94a-106ad93148a8:c1247]
2019-09-05 09:23:09,896 | INFO  | DNAudit | user=null | ip=null | op=WRITE_CHUNK {blockData=conID: 2 locID: 102739173903892919 bcsId: 0} | ret=SUCCESS |  
2019-09-05 09:23:09,896 | INFO  | DNAudit | user=null | ip=null | op=PUT_BLOCK {blockData=[blockId=conID: 2 locID: 102739173903892919 bcsId: 0,size=2097152]} | ret=SUCCESS |  
2019-09-05 09:23:09,901 | INFO  | DNAudit | user=null | ip=null | op=WRITE_CHUNK {blockData=conID: 2 locID: 102739173903892919 bcsId: 1247} | ret=SUCCESS |  
2019-09-05 09:23:09,904 | INFO  | DNAudit | user=null | ip=null | op=WRITE_CHUNK {blockData=conID: 2 locID: 102739173903892919 bcsId: 1247} | ret=SUCCESS |  
2019-09-05 09:23:09,904 | INFO  | DNAudit | user=null | ip=null | op=WRITE_CHUNK {blockData=conID: 2 locID: 102739173903892919 bcsId: 1247} | ret=SUCCESS |  
2019-09-05 09:23:09,938 | INFO  | DNAudit | user=null | ip=null | op=WRITE_CHUNK {blockData=conID: 2 locID: 102739173903892919 bcsId: 1247} | ret=SUCCESS |  
2019-09-05 09:23:09,939 | INFO  | DNAudit | user=null | ip=null | op=PUT_BLOCK {blockData=[blockId=conID: 2 locID: 102739173903892919 bcsId: 0,size=3145728]} | ret=SUCCESS |  
2019-09-05 09:23:09,939 [grpc-default-executor-5] INFO  client.GrpcClientProtocolClient (GrpcClientProtocolClient.java:onNext(255)) - client-969FB6DA8C9A->4fcc8d53-44cb-4faf-b915-5afa0c7529d4: receive RaftClientReply:client-969FB6DA8C9A->4fcc8d53-44cb-4faf-b915-5afa0c7529d4@group-6A615BAE1DD1, cid=963, SUCCESS, logIndex=1252, commits[4fcc8d53-44cb-4faf-b915-5afa0c7529d4:c1253, 48aa5eb4-709c-4003-adb5-fbc02723cd23:c1251, 609a8cf1-6ad3-4123-b94a-106ad93148a8:c1251]
2019-09-05 09:23:09,939 [grpc-default-executor-5] INFO  client.GrpcClientProtocolClient (GrpcClientProtocolClient.java:onNext(255)) - client-969FB6DA8C9A->4fcc8d53-44cb-4faf-b915-5afa0c7529d4: receive RaftClientReply:client-969FB6DA8C9A->4fcc8d53-44cb-4faf-b915-5afa0c7529d4@group-6A615BAE1DD1, cid=964, SUCCESS, logIndex=1253, commits[4fcc8d53-44cb-4faf-b915-5afa0c7529d4:c1253, 48aa5eb4-709c-4003-adb5-fbc02723cd23:c1251, 609a8cf1-6ad3-4123-b94a-106ad93148a8:c1251]
2019-09-05 09:23:09,946 | INFO  | DNAudit | user=null | ip=null | op=WRITE_CHUNK {blockData=conID: 2 locID: 102739173903892919 bcsId: 1253} | ret=SUCCESS |  
2019-09-05 09:23:09,950 | INFO  | DNAudit | user=null | ip=null | op=WRITE_CHUNK {blockData=conID: 2 locID: 102739173903892919 bcsId: 1253} | ret=SUCCESS |  
2019-09-05 09:23:09,951 | INFO  | DNAudit | user=null | ip=null | op=WRITE_CHUNK {blockData=conID: 2 locID: 102739173903892919 bcsId: 1253} | ret=SUCCESS |  
2019-09-05 09:23:09,964 | INFO  | DNAudit | user=null | ip=null | op=WRITE_CHUNK {blockData=conID: 2 locID: 102739173903892919 bcsId: 1247} | ret=SUCCESS |  
2019-09-05 09:23:09,964 | INFO  | DNAudit | user=null | ip=null | op=WRITE_CHUNK {blockData=conID: 2 locID: 102739173903892919 bcsId: 1247} | ret=SUCCESS |  
2019-09-05 09:23:09,965 | INFO  | DNAudit | user=null | ip=null | op=PUT_BLOCK {blockData=[blockId=conID: 2 locID: 102739173903892919 bcsId: 0,size=3145728]} | ret=SUCCESS |  
2019-09-05 09:23:09,965 | INFO  | DNAudit | user=null | ip=null | op=PUT_BLOCK {blockData=[blockId=conID: 2 locID: 102739173903892919 bcsId: 0,size=3145728]} | ret=SUCCESS |  
2019-09-05 09:23:09,966 | INFO  | DNAudit | user=null | ip=null | op=WRITE_CHUNK {blockData=conID: 2 locID: 102739173903892919 bcsId: 1253} | ret=SUCCESS |  
2019-09-05 09:23:09,967 | INFO  | DNAudit | user=null | ip=null | op=PUT_BLOCK {blockData=[blockId=conID: 2 locID: 102739173903892919 bcsId: 0,size=4194304]} | ret=SUCCESS |  
2019-09-05 09:23:09,967 [grpc-default-executor-0] INFO  client.GrpcClientProtocolClient (GrpcClientProtocolClient.java:onNext(255)) - client-969FB6DA8C9A->4fcc8d53-44cb-4faf-b915-5afa0c7529d4: receive RaftClientReply:client-969FB6DA8C9A->4fcc8d53-44cb-4faf-b915-5afa0c7529d4@group-6A615BAE1DD1, cid=965, SUCCESS, logIndex=1256, commits[4fcc8d53-44cb-4faf-b915-5afa0c7529d4:c1257, 48aa5eb4-709c-4003-adb5-fbc02723cd23:c1253, 609a8cf1-6ad3-4123-b94a-106ad93148a8:c1253]
2019-09-05 09:23:09,968 [grpc-default-executor-0] INFO  client.GrpcClientProtocolClient (GrpcClientProtocolClient.java:onNext(255)) - client-969FB6DA8C9A->4fcc8d53-44cb-4faf-b915-5afa0c7529d4: receive RaftClientReply:client-969FB6DA8C9A->4fcc8d53-44cb-4faf-b915-5afa0c7529d4@group-6A615BAE1DD1, cid=966, SUCCESS, logIndex=1257, commits[4fcc8d53-44cb-4faf-b915-5afa0c7529d4:c1257, 48aa5eb4-709c-4003-adb5-fbc02723cd23:c1253, 609a8cf1-6ad3-4123-b94a-106ad93148a8:c1253]
2019-09-05 09:23:09,980 | INFO  | DNAudit | user=null | ip=null | op=WRITE_CHUNK {blockData=conID: 2 locID: 102739173903892919 bcsId: 1253} | ret=SUCCESS |  
2019-09-05 09:23:09,980 | INFO  | DNAudit | user=null | ip=null | op=WRITE_CHUNK {blockData=conID: 2 locID: 102739173903892919 bcsId: 1253} | ret=SUCCESS |  
2019-09-05 09:23:09,981 | INFO  | DNAudit | user=null | ip=null | op=PUT_BLOCK {blockData=[blockId=conID: 2 locID: 102739173903892919 bcsId: 0,size=4194304]} | ret=SUCCESS |  
2019-09-05 09:23:09,981 | INFO  | DNAudit | user=null | ip=null | op=PUT_BLOCK {blockData=[blockId=conID: 2 locID: 102739173903892919 bcsId: 0,size=4194304]} | ret=SUCCESS |  
2019-09-05 09:23:09,982 [grpc-default-executor-0] INFO  client.GrpcClientProtocolClient (GrpcClientProtocolClient.java:onNext(255)) - client-969FB6DA8C9A->4fcc8d53-44cb-4faf-b915-5afa0c7529d4: receive RaftClientReply:client-969FB6DA8C9A->4fcc8d53-44cb-4faf-b915-5afa0c7529d4@group-6A615BAE1DD1, cid=967, SUCCESS, logIndex=0, commits[4fcc8d53-44cb-4faf-b915-5afa0c7529d4:c1259, 48aa5eb4-709c-4003-adb5-fbc02723cd23:c1257, 609a8cf1-6ad3-4123-b94a-106ad93148a8:c1257]
2019-09-05 09:23:09,989 | INFO  | DNAudit | user=null | ip=null | op=WRITE_CHUNK {blockData=conID: 3 locID: 102739173903892920 bcsId: 0} | ret=SUCCESS |  
2019-09-05 09:23:09,991 | INFO  | DNAudit | user=null | ip=null | op=WRITE_CHUNK {blockData=conID: 3 locID: 102739173903892920 bcsId: 0} | ret=SUCCESS |  
2019-09-05 09:23:09,992 | INFO  | DNAudit | user=null | ip=null | op=WRITE_CHUNK {blockData=conID: 3 locID: 102739173903892920 bcsId: 0} | ret=SUCCESS |  
2019-09-05 09:23:09,992 | INFO  | DNAudit | user=null | ip=null | op=WRITE_CHUNK {blockData=conID: 3 locID: 102739173903892920 bcsId: 0} | ret=SUCCESS |  
2019-09-05 09:23:09,993 | INFO  | DNAudit | user=null | ip=null | op=WRITE_CHUNK {blockData=conID: 3 locID: 102739173903892920 bcsId: 0} | ret=SUCCESS |  
2019-09-05 09:23:09,994 | INFO  | DNAudit | user=null | ip=null | op=WRITE_CHUNK {blockData=conID: 3 locID: 102739173903892920 bcsId: 0} | ret=SUCCESS |  
2019-09-05 09:23:10,023 | INFO  | DNAudit | user=null | ip=null | op=WRITE_CHUNK {blockData=conID: 3 locID: 102739173903892920 bcsId: 0} | ret=SUCCESS |  
2019-09-05 09:23:10,024 | INFO  | DNAudit | user=null | ip=null | op=PUT_BLOCK {blockData=[blockId=conID: 3 locID: 102739173903892920 bcsId: 0,size=1048576]} | ret=SUCCESS |  
2019-09-05 09:23:10,024 | INFO  | DNAudit | user=null | ip=null | op=WRITE_CHUNK {blockData=conID: 3 locID: 102739173903892920 bcsId: 0} | ret=SUCCESS |  
2019-09-05 09:23:10,024 [grpc-default-executor-5] INFO  client.GrpcClientProtocolClient (GrpcClientProtocolClient.java:onNext(255)) - client-969FB6DA8C9A->4fcc8d53-44cb-4faf-b915-5afa0c7529d4: receive RaftClientReply:client-969FB6DA8C9A->4fcc8d53-44cb-4faf-b915-5afa0c7529d4@group-6A615BAE1DD1, cid=968, SUCCESS, logIndex=1260, commits[4fcc8d53-44cb-4faf-b915-5afa0c7529d4:c1260, 48aa5eb4-709c-4003-adb5-fbc02723cd23:c1259, 609a8cf1-6ad3-4123-b94a-106ad93148a8:c1259]
2019-09-05 09:23:10,025 | INFO  | DNAudit | user=null | ip=null | op=PUT_BLOCK {blockData=[blockId=conID: 3 locID: 102739173903892920 bcsId: 0,size=2097152]} | ret=SUCCESS |  
2019-09-05 09:23:10,025 [grpc-default-executor-5] INFO  client.GrpcClientProtocolClient (GrpcClientProtocolClient.java:onNext(255)) - client-969FB6DA8C9A->4fcc8d53-44cb-4faf-b915-5afa0c7529d4: receive RaftClientReply:client-969FB6DA8C9A->4fcc8d53-44cb-4faf-b915-5afa0c7529d4@group-6A615BAE1DD1, cid=969, SUCCESS, logIndex=1261, commits[4fcc8d53-44cb-4faf-b915-5afa0c7529d4:c1263, 48aa5eb4-709c-4003-adb5-fbc02723cd23:c1259, 609a8cf1-6ad3-4123-b94a-106ad93148a8:c1259]
2019-09-05 09:23:10,025 [grpc-default-executor-5] INFO  client.GrpcClientProtocolClient (GrpcClientProtocolClient.java:onNext(255)) - client-969FB6DA8C9A->4fcc8d53-44cb-4faf-b915-5afa0c7529d4: receive RaftClientReply:client-969FB6DA8C9A->4fcc8d53-44cb-4faf-b915-5afa0c7529d4@group-6A615BAE1DD1, cid=970, SUCCESS, logIndex=1262, commits[4fcc8d53-44cb-4faf-b915-5afa0c7529d4:c1263, 48aa5eb4-709c-4003-adb5-fbc02723cd23:c1259, 609a8cf1-6ad3-4123-b94a-106ad93148a8:c1259]
2019-09-05 09:23:10,026 [grpc-default-executor-5] INFO  client.GrpcClientProtocolClient (GrpcClientProtocolClient.java:onNext(255)) - client-969FB6DA8C9A->4fcc8d53-44cb-4faf-b915-5afa0c7529d4: receive RaftClientReply:client-969FB6DA8C9A->4fcc8d53-44cb-4faf-b915-5afa0c7529d4@group-6A615BAE1DD1, cid=971, SUCCESS, logIndex=1263, commits[4fcc8d53-44cb-4faf-b915-5afa0c7529d4:c1263, 48aa5eb4-709c-4003-adb5-fbc02723cd23:c1259, 609a8cf1-6ad3-4123-b94a-106ad93148a8:c1259]
 0.00% |█                                                                                                    |  0/1 Time: 0:00:072019-09-05 09:23:10,042 | INFO  | DNAudit | user=null | ip=null | op=WRITE_CHUNK {blockData=conID: 3 locID: 102739173903892920 bcsId: 0} | ret=SUCCESS |  
2019-09-05 09:23:10,043 | INFO  | DNAudit | user=null | ip=null | op=WRITE_CHUNK {blockData=conID: 3 locID: 102739173903892920 bcsId: 0} | ret=SUCCESS |  
2019-09-05 09:23:10,043 | INFO  | DNAudit | user=null | ip=null | op=PUT_BLOCK {blockData=[blockId=conID: 3 locID: 102739173903892920 bcsId: 0,size=1048576]} | ret=SUCCESS |  
2019-09-05 09:23:10,043 | INFO  | DNAudit | user=null | ip=null | op=WRITE_CHUNK {blockData=conID: 3 locID: 102739173903892920 bcsId: 0} | ret=SUCCESS |  
2019-09-05 09:23:10,043 | INFO  | DNAudit | user=null | ip=null | op=PUT_BLOCK {blockData=[blockId=conID: 3 locID: 102739173903892920 bcsId: 0,size=2097152]} | ret=SUCCESS |  
2019-09-05 09:23:10,043 | INFO  | DNAudit | user=null | ip=null | op=PUT_BLOCK {blockData=[blockId=conID: 3 locID: 102739173903892920 bcsId: 0,size=1048576]} | ret=SUCCESS |  
2019-09-05 09:23:10,044 | INFO  | DNAudit | user=null | ip=null | op=WRITE_CHUNK {blockData=conID: 3 locID: 102739173903892920 bcsId: 0} | ret=SUCCESS |  
2019-09-05 09:23:10,044 [grpc-default-executor-5] INFO  client.GrpcClientProtocolClient (GrpcClientProtocolClient.java:onNext(255)) - client-969FB6DA8C9A->4fcc8d53-44cb-4faf-b915-5afa0c7529d4: receive RaftClientReply:client-969FB6DA8C9A->4fcc8d53-44cb-4faf-b915-5afa0c7529d4@group-6A615BAE1DD1, cid=972, SUCCESS, logIndex=0, commits[4fcc8d53-44cb-4faf-b915-5afa0c7529d4:c1267, 48aa5eb4-709c-4003-adb5-fbc02723cd23:c1261, 609a8cf1-6ad3-4123-b94a-106ad93148a8:c1263]
2019-09-05 09:23:10,044 | INFO  | DNAudit | user=null | ip=null | op=PUT_BLOCK {blockData=[blockId=conID: 3 locID: 102739173903892920 bcsId: 0,size=2097152]} | ret=SUCCESS |  
2019-09-05 09:23:10,051 | INFO  | DNAudit | user=null | ip=null | op=WRITE_CHUNK {blockData=conID: 3 locID: 102739173903892920 bcsId: 1263} | ret=SUCCESS |  
2019-09-05 09:23:10,053 | INFO  | DNAudit | user=null | ip=null | op=WRITE_CHUNK {blockData=conID: 3 locID: 102739173903892920 bcsId: 1263} | ret=SUCCESS |  
2019-09-05 09:23:10,053 | INFO  | DNAudit | user=null | ip=null | op=WRITE_CHUNK {blockData=conID: 3 locID: 102739173903892920 bcsId: 1263} | ret=SUCCESS |  
2019-09-05 09:23:10,053 | INFO  | SCMAudit | user=jenkins1000 | ip=192.168.36.69 | op=SEND_HEARTBEAT {datanodeUUID=609a8cf1-6ad3-4123-b94a-106ad93148a8, command=[]} | ret=SUCCESS |  
2019-09-05 09:23:10,053 | INFO  | SCMAudit | user=jenkins1000 | ip=192.168.36.69 | op=SEND_HEARTBEAT {datanodeUUID=48aa5eb4-709c-4003-adb5-fbc02723cd23, command=[]} | ret=SUCCESS |  
2019-09-05 09:23:10,054 | INFO  | SCMAudit | user=jenkins1000 | ip=192.168.36.69 | op=SEND_HEARTBEAT {datanodeUUID=4fcc8d53-44cb-4faf-b915-5afa0c7529d4, command=[]} | ret=SUCCESS |  
2019-09-05 09:23:10,089 | INFO  | DNAudit | user=null | ip=null | op=WRITE_CHUNK {blockData=conID: 3 locID: 102739173903892920 bcsId: 1263} | ret=SUCCESS |  
2019-09-05 09:23:10,089 | INFO  | DNAudit | user=null | ip=null | op=PUT_BLOCK {blockData=[blockId=conID: 3 locID: 102739173903892920 bcsId: 0,size=3145728]} | ret=SUCCESS |  
2019-09-05 09:23:10,089 [grpc-default-executor-4] INFO  client.GrpcClientProtocolClient (GrpcClientProtocolClient.java:onNext(255)) - client-969FB6DA8C9A->4fcc8d53-44cb-4faf-b915-5afa0c7529d4: receive RaftClientReply:client-969FB6DA8C9A->4fcc8d53-44cb-4faf-b915-5afa0c7529d4@group-6A615BAE1DD1, cid=973, SUCCESS, logIndex=1268, commits[4fcc8d53-44cb-4faf-b915-5afa0c7529d4:c1269, 48aa5eb4-709c-4003-adb5-fbc02723cd23:c1267, 609a8cf1-6ad3-4123-b94a-106ad93148a8:c1267]
2019-09-05 09:23:10,090 [grpc-default-executor-4] INFO  client.GrpcClientProtocolClient (GrpcClientProtocolClient.java:onNext(255)) - client-969FB6DA8C9A->4fcc8d53-44cb-4faf-b915-5afa0c7529d4: receive RaftClientReply:client-969FB6DA8C9A->4fcc8d53-44cb-4faf-b915-5afa0c7529d4@group-6A615BAE1DD1, cid=974, SUCCESS, logIndex=1269, commits[4fcc8d53-44cb-4faf-b915-5afa0c7529d4:c1269, 48aa5eb4-709c-4003-adb5-fbc02723cd23:c1267, 609a8cf1-6ad3-4123-b94a-106ad93148a8:c1267]
2019-09-05 09:23:10,093 | INFO  | DNAudit | user=null | ip=null | op=WRITE_CHUNK {blockData=conID: 3 locID: 102739173903892920 bcsId: 1263} | ret=SUCCESS |  
2019-09-05 09:23:10,093 | INFO  | DNAudit | user=null | ip=null | op=WRITE_CHUNK {blockData=conID: 3 locID: 102739173903892920 bcsId: 1263} | ret=SUCCESS |  
2019-09-05 09:23:10,098 | INFO  | DNAudit | user=null | ip=null | op=WRITE_CHUNK {blockData=conID: 3 locID: 102739173903892920 bcsId: 1269} | ret=SUCCESS |  
2019-09-05 09:23:10,102 | INFO  | DNAudit | user=null | ip=null | op=WRITE_CHUNK {blockData=conID: 3 locID: 102739173903892920 bcsId: 1269} | ret=SUCCESS |  
2019-09-05 09:23:10,103 | INFO  | DNAudit | user=null | ip=null | op=WRITE_CHUNK {blockData=conID: 3 locID: 102739173903892920 bcsId: 1269} | ret=SUCCESS |  
2019-09-05 09:23:10,109 | INFO  | DNAudit | user=null | ip=null | op=PUT_BLOCK {blockData=[blockId=conID: 3 locID: 102739173903892920 bcsId: 0,size=3145728]} | ret=SUCCESS |  
2019-09-05 09:23:10,109 | INFO  | DNAudit | user=null | ip=null | op=PUT_BLOCK {blockData=[blockId=conID: 3 locID: 102739173903892920 bcsId: 0,size=3145728]} | ret=SUCCESS |  
2019-09-05 09:23:10,111 | INFO  | DNAudit | user=null | ip=null | op=WRITE_CHUNK {blockData=conID: 3 locID: 102739173903892920 bcsId: 1269} | ret=SUCCESS |  
2019-09-05 09:23:10,111 | INFO  | DNAudit | user=null | ip=null | op=PUT_BLOCK {blockData=[blockId=conID: 3 locID: 102739173903892920 bcsId: 0,size=4194304]} | ret=SUCCESS |  
2019-09-05 09:23:10,112 [grpc-default-executor-0] INFO  client.GrpcClientProtocolClient (GrpcClientProtocolClient.java:onNext(255)) - client-969FB6DA8C9A->4fcc8d53-44cb-4faf-b915-5afa0c7529d4: receive RaftClientReply:client-969FB6DA8C9A->4fcc8d53-44cb-4faf-b915-5afa0c7529d4@group-6A615BAE1DD1, cid=975, SUCCESS, logIndex=1272, commits[4fcc8d53-44cb-4faf-b915-5afa0c7529d4:c1273, 48aa5eb4-709c-4003-adb5-fbc02723cd23:c1270, 609a8cf1-6ad3-4123-b94a-106ad93148a8:c1270]
2019-09-05 09:23:10,112 [grpc-default-executor-0] INFO  client.GrpcClientProtocolClient (GrpcClientProtocolClient.java:onNext(255)) - client-969FB6DA8C9A->4fcc8d53-44cb-4faf-b915-5afa0c7529d4: receive RaftClientReply:client-969FB6DA8C9A->4fcc8d53-44cb-4faf-b915-5afa0c7529d4@group-6A615BAE1DD1, cid=976, SUCCESS, logIndex=1273, commits[4fcc8d53-44cb-4faf-b915-5afa0c7529d4:c1273, 48aa5eb4-709c-4003-adb5-fbc02723cd23:c1270, 609a8cf1-6ad3-4123-b94a-106ad93148a8:c1270]
2019-09-05 09:23:10,127 | INFO  | DNAudit | user=null | ip=null | op=WRITE_CHUNK {blockData=conID: 3 locID: 102739173903892920 bcsId: 1269} | ret=SUCCESS |  
2019-09-05 09:23:10,127 | INFO  | DNAudit | user=null | ip=null | op=WRITE_CHUNK {blockData=conID: 3 locID: 102739173903892920 bcsId: 1269} | ret=SUCCESS |  
2019-09-05 09:23:10,127 | INFO  | DNAudit | user=null | ip=null | op=PUT_BLOCK {blockData=[blockId=conID: 3 locID: 102739173903892920 bcsId: 0,size=4194304]} | ret=SUCCESS |  
2019-09-05 09:23:10,127 | INFO  | DNAudit | user=null | ip=null | op=PUT_BLOCK {blockData=[blockId=conID: 3 locID: 102739173903892920 bcsId: 0,size=4194304]} | ret=SUCCESS |  
2019-09-05 09:23:10,128 [grpc-default-executor-0] INFO  client.GrpcClientProtocolClient (GrpcClientProtocolClient.java:onNext(255)) - client-969FB6DA8C9A->4fcc8d53-44cb-4faf-b915-5afa0c7529d4: receive RaftClientReply:client-969FB6DA8C9A->4fcc8d53-44cb-4faf-b915-5afa0c7529d4@group-6A615BAE1DD1, cid=977, SUCCESS, logIndex=0, commits[4fcc8d53-44cb-4faf-b915-5afa0c7529d4:c1274, 48aa5eb4-709c-4003-adb5-fbc02723cd23:c1273, 609a8cf1-6ad3-4123-b94a-106ad93148a8:c1273]
2019-09-05 09:23:10,137 | INFO  | DNAudit | user=null | ip=null | op=WRITE_CHUNK {blockData=conID: 1 locID: 102739173903892921 bcsId: 0} | ret=SUCCESS |  
2019-09-05 09:23:10,141 | INFO  | DNAudit | user=null | ip=null | op=WRITE_CHUNK {blockData=conID: 1 locID: 102739173903892921 bcsId: 0} | ret=SUCCESS |  
2019-09-05 09:23:10,142 | INFO  | DNAudit | user=null | ip=null | op=WRITE_CHUNK {blockData=conID: 1 locID: 102739173903892921 bcsId: 0} | ret=SUCCESS |  
2019-09-05 09:23:10,143 | INFO  | DNAudit | user=null | ip=null | op=WRITE_CHUNK {blockData=conID: 1 locID: 102739173903892921 bcsId: 0} | ret=SUCCESS |  
2019-09-05 09:23:10,144 | INFO  | DNAudit | user=null | ip=null | op=WRITE_CHUNK {blockData=conID: 1 locID: 102739173903892921 bcsId: 0} | ret=SUCCESS |  
2019-09-05 09:23:10,144 | INFO  | DNAudit | user=null | ip=null | op=WRITE_CHUNK {blockData=conID: 1 locID: 102739173903892921 bcsId: 0} | ret=SUCCESS |  
2019-09-05 09:23:10,164 | INFO  | DNAudit | user=null | ip=null | op=WRITE_CHUNK {blockData=conID: 1 locID: 102739173903892921 bcsId: 0} | ret=SUCCESS |  
2019-09-05 09:23:10,164 | INFO  | DNAudit | user=null | ip=null | op=PUT_BLOCK {blockData=[blockId=conID: 1 locID: 102739173903892921 bcsId: 0,size=1048576]} | ret=SUCCESS |  
2019-09-05 09:23:10,165 [grpc-default-executor-5] INFO  client.GrpcClientProtocolClient (GrpcClientProtocolClient.java:onNext(255)) - client-969FB6DA8C9A->4fcc8d53-44cb-4faf-b915-5afa0c7529d4: receive RaftClientReply:client-969FB6DA8C9A->4fcc8d53-44cb-4faf-b915-5afa0c7529d4@group-6A615BAE1DD1, cid=978, SUCCESS, logIndex=1276, commits[4fcc8d53-44cb-4faf-b915-5afa0c7529d4:c1279, 48aa5eb4-709c-4003-adb5-fbc02723cd23:c1275, 609a8cf1-6ad3-4123-b94a-106ad93148a8:c1275]
2019-09-05 09:23:10,165 | INFO  | DNAudit | user=null | ip=null | op=WRITE_CHUNK {blockData=conID: 1 locID: 102739173903892921 bcsId: 0} | ret=SUCCESS |  
2019-09-05 09:23:10,165 | INFO  | DNAudit | user=null | ip=null | op=PUT_BLOCK {blockData=[blockId=conID: 1 locID: 102739173903892921 bcsId: 0,size=2097152]} | ret=SUCCESS |  
2019-09-05 09:23:10,165 [grpc-default-executor-5] INFO  client.GrpcClientProtocolClient (GrpcClientProtocolClient.java:onNext(255)) - client-969FB6DA8C9A->4fcc8d53-44cb-4faf-b915-5afa0c7529d4: receive RaftClientReply:client-969FB6DA8C9A->4fcc8d53-44cb-4faf-b915-5afa0c7529d4@group-6A615BAE1DD1, cid=979, SUCCESS, logIndex=1277, commits[4fcc8d53-44cb-4faf-b915-5afa0c7529d4:c1279, 48aa5eb4-709c-4003-adb5-fbc02723cd23:c1275, 609a8cf1-6ad3-4123-b94a-106ad93148a8:c1275]
2019-09-05 09:23:10,165 [grpc-default-executor-5] INFO  client.GrpcClientProtocolClient (GrpcClientProtocolClient.java:onNext(255)) - client-969FB6DA8C9A->4fcc8d53-44cb-4faf-b915-5afa0c7529d4: receive RaftClientReply:client-969FB6DA8C9A->4fcc8d53-44cb-4faf-b915-5afa0c7529d4@group-6A615BAE1DD1, cid=980, SUCCESS, logIndex=1278, commits[4fcc8d53-44cb-4faf-b915-5afa0c7529d4:c1279, 48aa5eb4-709c-4003-adb5-fbc02723cd23:c1275, 609a8cf1-6ad3-4123-b94a-106ad93148a8:c1275]
2019-09-05 09:23:10,166 [grpc-default-executor-5] INFO  client.GrpcClientProtocolClient (GrpcClientProtocolClient.java:onNext(255)) - client-969FB6DA8C9A->4fcc8d53-44cb-4faf-b915-5afa0c7529d4: receive RaftClientReply:client-969FB6DA8C9A->4fcc8d53-44cb-4faf-b915-5afa0c7529d4@group-6A615BAE1DD1, cid=981, SUCCESS, logIndex=1279, commits[4fcc8d53-44cb-4faf-b915-5afa0c7529d4:c1279, 48aa5eb4-709c-4003-adb5-fbc02723cd23:c1275, 609a8cf1-6ad3-4123-b94a-106ad93148a8:c1275]
2019-09-05 09:23:10,183 | INFO  | DNAudit | user=null | ip=null | op=WRITE_CHUNK {blockData=conID: 1 locID: 102739173903892921 bcsId: 0} | ret=SUCCESS |  
2019-09-05 09:23:10,183 | INFO  | DNAudit | user=null | ip=null | op=WRITE_CHUNK {blockData=conID: 1 locID: 102739173903892921 bcsId: 0} | ret=SUCCESS |  
2019-09-05 09:23:10,184 | INFO  | DNAudit | user=null | ip=null | op=PUT_BLOCK {blockData=[blockId=conID: 1 locID: 102739173903892921 bcsId: 0,size=1048576]} | ret=SUCCESS |  
2019-09-05 09:23:10,184 | INFO  | DNAudit | user=null | ip=null | op=PUT_BLOCK {blockData=[blockId=conID: 1 locID: 102739173903892921 bcsId: 0,size=1048576]} | ret=SUCCESS |  
2019-09-05 09:23:10,185 | INFO  | DNAudit | user=null | ip=null | op=WRITE_CHUNK {blockData=conID: 1 locID: 102739173903892921 bcsId: 0} | ret=SUCCESS |  
2019-09-05 09:23:10,185 | INFO  | DNAudit | user=null | ip=null | op=WRITE_CHUNK {blockData=conID: 1 locID: 102739173903892921 bcsId: 0} | ret=SUCCESS |  
2019-09-05 09:23:10,185 | INFO  | DNAudit | user=null | ip=null | op=PUT_BLOCK {blockData=[blockId=conID: 1 locID: 102739173903892921 bcsId: 0,size=2097152]} | ret=SUCCESS |  
2019-09-05 09:23:10,185 | INFO  | DNAudit | user=null | ip=null | op=PUT_BLOCK {blockData=[blockId=conID: 1 locID: 102739173903892921 bcsId: 0,size=2097152]} | ret=SUCCESS |  
2019-09-05 09:23:10,187 [grpc-default-executor-5] INFO  client.GrpcClientProtocolClient (GrpcClientProtocolClient.java:onNext(255)) - client-969FB6DA8C9A->4fcc8d53-44cb-4faf-b915-5afa0c7529d4: receive RaftClientReply:client-969FB6DA8C9A->4fcc8d53-44cb-4faf-b915-5afa0c7529d4@group-6A615BAE1DD1, cid=982, SUCCESS, logIndex=0, commits[4fcc8d53-44cb-4faf-b915-5afa0c7529d4:c1283, 48aa5eb4-709c-4003-adb5-fbc02723cd23:c1278, 609a8cf1-6ad3-4123-b94a-106ad93148a8:c1279]
2019-09-05 09:23:10,194 | INFO  | DNAudit | user=null | ip=null | op=WRITE_CHUNK {blockData=conID: 1 locID: 102739173903892921 bcsId: 1279} | ret=SUCCESS |  
2019-09-05 09:23:10,197 | INFO  | DNAudit | user=null | ip=null | op=WRITE_CHUNK {blockData=conID: 1 locID: 102739173903892921 bcsId: 1279} | ret=SUCCESS |  
2019-09-05 09:23:10,197 | INFO  | DNAudit | user=null | ip=null | op=WRITE_CHUNK {blockData=conID: 1 locID: 102739173903892921 bcsId: 1279} | ret=SUCCESS |  
2019-09-05 09:23:10,222 | INFO  | DNAudit | user=null | ip=null | op=WRITE_CHUNK {blockData=conID: 1 locID: 102739173903892921 bcsId: 1279} | ret=SUCCESS |  
2019-09-05 09:23:10,223 | INFO  | DNAudit | user=null | ip=null | op=PUT_BLOCK {blockData=[blockId=conID: 1 locID: 102739173903892921 bcsId: 0,size=3145728]} | ret=SUCCESS |  
2019-09-05 09:23:10,223 [grpc-default-executor-0] INFO  client.GrpcClientProtocolClient (GrpcClientProtocolClient.java:onNext(255)) - client-969FB6DA8C9A->4fcc8d53-44cb-4faf-b915-5afa0c7529d4: receive RaftClientReply:client-969FB6DA8C9A->4fcc8d53-44cb-4faf-b915-5afa0c7529d4@group-6A615BAE1DD1, cid=983, SUCCESS, logIndex=1284, commits[4fcc8d53-44cb-4faf-b915-5afa0c7529d4:c1285, 48aa5eb4-709c-4003-adb5-fbc02723cd23:c1283, 609a8cf1-6ad3-4123-b94a-106ad93148a8:c1283]
2019-09-05 09:23:10,224 [grpc-default-executor-0] INFO  client.GrpcClientProtocolClient (GrpcClientProtocolClient.java:onNext(255)) - client-969FB6DA8C9A->4fcc8d53-44cb-4faf-b915-5afa0c7529d4: receive RaftClientReply:client-969FB6DA8C9A->4fcc8d53-44cb-4faf-b915-5afa0c7529d4@group-6A615BAE1DD1, cid=984, SUCCESS, logIndex=1285, commits[4fcc8d53-44cb-4faf-b915-5afa0c7529d4:c1285, 48aa5eb4-709c-4003-adb5-fbc02723cd23:c1283, 609a8cf1-6ad3-4123-b94a-106ad93148a8:c1283]
2019-09-05 09:23:10,232 | INFO  | DNAudit | user=null | ip=null | op=WRITE_CHUNK {blockData=conID: 1 locID: 102739173903892921 bcsId: 1285} | ret=SUCCESS |  
2019-09-05 09:23:10,233 | INFO  | DNAudit | user=null | ip=null | op=WRITE_CHUNK {blockData=conID: 1 locID: 102739173903892921 bcsId: 1285} | ret=SUCCESS |  
2019-09-05 09:23:10,235 | INFO  | DNAudit | user=null | ip=null | op=WRITE_CHUNK {blockData=conID: 1 locID: 102739173903892921 bcsId: 1285} | ret=SUCCESS |  
2019-09-05 09:23:10,235 | INFO  | DNAudit | user=null | ip=null | op=WRITE_CHUNK {blockData=conID: 1 locID: 102739173903892921 bcsId: 1279} | ret=SUCCESS |  
2019-09-05 09:23:10,235 | INFO  | DNAudit | user=null | ip=null | op=WRITE_CHUNK {blockData=conID: 1 locID: 102739173903892921 bcsId: 1279} | ret=SUCCESS |  
2019-09-05 09:23:10,236 | INFO  | DNAudit | user=null | ip=null | op=PUT_BLOCK {blockData=[blockId=conID: 1 locID: 102739173903892921 bcsId: 0,size=3145728]} | ret=SUCCESS |  
2019-09-05 09:23:10,241 | INFO  | DNAudit | user=null | ip=null | op=PUT_BLOCK {blockData=[blockId=conID: 1 locID: 102739173903892921 bcsId: 0,size=3145728]} | ret=SUCCESS |  
2019-09-05 09:23:10,241 | INFO  | DNAudit | user=null | ip=null | op=WRITE_CHUNK {blockData=conID: 1 locID: 102739173903892921 bcsId: 1285} | ret=SUCCESS |  
2019-09-05 09:23:10,241 | INFO  | SCMAudit | user=jenkins1000 | ip=192.168.36.69 | op=SEND_HEARTBEAT {datanodeUUID=5b6cff60-1414-40d6-b682-781dc5ff3023, command=[]} | ret=SUCCESS |  
2019-09-05 09:23:10,241 | INFO  | DNAudit | user=null | ip=null | op=PUT_BLOCK {blockData=[blockId=conID: 1 locID: 102739173903892921 bcsId: 0,size=4194304]} | ret=SUCCESS |  
2019-09-05 09:23:10,242 [grpc-default-executor-5] INFO  client.GrpcClientProtocolClient (GrpcClientProtocolClient.java:onNext(255)) - client-969FB6DA8C9A->4fcc8d53-44cb-4faf-b915-5afa0c7529d4: receive RaftClientReply:client-969FB6DA8C9A->4fcc8d53-44cb-4faf-b915-5afa0c7529d4@group-6A615BAE1DD1, cid=985, SUCCESS, logIndex=1288, commits[4fcc8d53-44cb-4faf-b915-5afa0c7529d4:c1289, 48aa5eb4-709c-4003-adb5-fbc02723cd23:c1284, 609a8cf1-6ad3-4123-b94a-106ad93148a8:c1285]
2019-09-05 09:23:10,242 [grpc-default-executor-5] INFO  client.GrpcClientProtocolClient (GrpcClientProtocolClient.java:onNext(255)) - client-969FB6DA8C9A->4fcc8d53-44cb-4faf-b915-5afa0c7529d4: receive RaftClientReply:client-969FB6DA8C9A->4fcc8d53-44cb-4faf-b915-5afa0c7529d4@group-6A615BAE1DD1, cid=986, SUCCESS, logIndex=1289, commits[4fcc8d53-44cb-4faf-b915-5afa0c7529d4:c1289, 48aa5eb4-709c-4003-adb5-fbc02723cd23:c1285, 609a8cf1-6ad3-4123-b94a-106ad93148a8:c1285]
2019-09-05 09:23:10,266 | INFO  | DNAudit | user=null | ip=null | op=WRITE_CHUNK {blockData=conID: 1 locID: 102739173903892921 bcsId: 1285} | ret=SUCCESS |  
2019-09-05 09:23:10,266 | INFO  | DNAudit | user=null | ip=null | op=WRITE_CHUNK {blockData=conID: 1 locID: 102739173903892921 bcsId: 1285} | ret=SUCCESS |  
2019-09-05 09:23:10,267 | INFO  | DNAudit | user=null | ip=null | op=PUT_BLOCK {blockData=[blockId=conID: 1 locID: 102739173903892921 bcsId: 0,size=4194304]} | ret=SUCCESS |  
2019-09-05 09:23:10,267 | INFO  | DNAudit | user=null | ip=null | op=PUT_BLOCK {blockData=[blockId=conID: 1 locID: 102739173903892921 bcsId: 0,size=4194304]} | ret=SUCCESS |  
2019-09-05 09:23:10,268 [grpc-default-executor-5] INFO  client.GrpcClientProtocolClient (GrpcClientProtocolClient.java:onNext(255)) - client-969FB6DA8C9A->4fcc8d53-44cb-4faf-b915-5afa0c7529d4: receive RaftClientReply:client-969FB6DA8C9A->4fcc8d53-44cb-4faf-b915-5afa0c7529d4@group-6A615BAE1DD1, cid=987, SUCCESS, logIndex=0, commits[4fcc8d53-44cb-4faf-b915-5afa0c7529d4:c1290, 48aa5eb4-709c-4003-adb5-fbc02723cd23:c1289, 609a8cf1-6ad3-4123-b94a-106ad93148a8:c1289]
2019-09-05 09:23:10,275 | INFO  | DNAudit | user=null | ip=null | op=WRITE_CHUNK {blockData=conID: 2 locID: 102739173903892922 bcsId: 0} | ret=SUCCESS |  
2019-09-05 09:23:10,278 | INFO  | DNAudit | user=null | ip=null | op=WRITE_CHUNK {blockData=conID: 2 locID: 102739173903892922 bcsId: 0} | ret=SUCCESS |  
2019-09-05 09:23:10,278 | INFO  | DNAudit | user=null | ip=null | op=WRITE_CHUNK {blockData=conID: 2 locID: 102739173903892922 bcsId: 0} | ret=SUCCESS |  
2019-09-05 09:23:10,279 | INFO  | DNAudit | user=null | ip=null | op=WRITE_CHUNK {blockData=conID: 2 locID: 102739173903892922 bcsId: 0} | ret=SUCCESS |  
2019-09-05 09:23:10,280 | INFO  | DNAudit | user=null | ip=null | op=WRITE_CHUNK {blockData=conID: 2 locID: 102739173903892922 bcsId: 0} | ret=SUCCESS |  
2019-09-05 09:23:10,281 | INFO  | DNAudit | user=null | ip=null | op=PUT_BLOCK {blockData=[blockId=conID: 2 locID: 102739173903892922 bcsId: 0,size=1048576]} | ret=SUCCESS |  
2019-09-05 09:23:10,281 [grpc-default-executor-5] INFO  client.GrpcClientProtocolClient (GrpcClientProtocolClient.java:onNext(255)) - client-969FB6DA8C9A->4fcc8d53-44cb-4faf-b915-5afa0c7529d4: receive RaftClientReply:client-969FB6DA8C9A->4fcc8d53-44cb-4faf-b915-5afa0c7529d4@group-6A615BAE1DD1, cid=988, SUCCESS, logIndex=1291, commits[4fcc8d53-44cb-4faf-b915-5afa0c7529d4:c1292, 48aa5eb4-709c-4003-adb5-fbc02723cd23:c1290, 609a8cf1-6ad3-4123-b94a-106ad93148a8:c1290]
2019-09-05 09:23:10,282 | INFO  | DNAudit | user=null | ip=null | op=WRITE_CHUNK {blockData=conID: 2 locID: 102739173903892922 bcsId: 0} | ret=SUCCESS |  
2019-09-05 09:23:10,282 [grpc-default-executor-5] INFO  client.GrpcClientProtocolClient (GrpcClientProtocolClient.java:onNext(255)) - client-969FB6DA8C9A->4fcc8d53-44cb-4faf-b915-5afa0c7529d4: receive RaftClientReply:client-969FB6DA8C9A->4fcc8d53-44cb-4faf-b915-5afa0c7529d4@group-6A615BAE1DD1, cid=989, SUCCESS, logIndex=1292, commits[4fcc8d53-44cb-4faf-b915-5afa0c7529d4:c1292, 48aa5eb4-709c-4003-adb5-fbc02723cd23:c1290, 609a8cf1-6ad3-4123-b94a-106ad93148a8:c1290]
2019-09-05 09:23:10,282 | INFO  | DNAudit | user=null | ip=null | op=WRITE_CHUNK {blockData=conID: 2 locID: 102739173903892922 bcsId: 0} | ret=SUCCESS |  
2019-09-05 09:23:10,299 | INFO  | DNAudit | user=null | ip=null | op=WRITE_CHUNK {blockData=conID: 2 locID: 102739173903892922 bcsId: 0} | ret=SUCCESS |  
2019-09-05 09:23:10,299 | INFO  | DNAudit | user=null | ip=null | op=WRITE_CHUNK {blockData=conID: 2 locID: 102739173903892922 bcsId: 0} | ret=SUCCESS |  
2019-09-05 09:23:10,299 | INFO  | DNAudit | user=null | ip=null | op=WRITE_CHUNK {blockData=conID: 2 locID: 102739173903892922 bcsId: 0} | ret=SUCCESS |  
2019-09-05 09:23:10,299 | INFO  | DNAudit | user=null | ip=null | op=PUT_BLOCK {blockData=[blockId=conID: 2 locID: 102739173903892922 bcsId: 0,size=1048576]} | ret=SUCCESS |  
2019-09-05 09:23:10,299 | INFO  | DNAudit | user=null | ip=null | op=PUT_BLOCK {blockData=[blockId=conID: 2 locID: 102739173903892922 bcsId: 0,size=1048576]} | ret=SUCCESS |  
2019-09-05 09:23:10,299 | INFO  | DNAudit | user=null | ip=null | op=PUT_BLOCK {blockData=[blockId=conID: 2 locID: 102739173903892922 bcsId: 0,size=2097152]} | ret=SUCCESS |  
2019-09-05 09:23:10,300 [grpc-default-executor-4] INFO  client.GrpcClientProtocolClient (GrpcClientProtocolClient.java:onNext(255)) - client-969FB6DA8C9A->4fcc8d53-44cb-4faf-b915-5afa0c7529d4: receive RaftClientReply:client-969FB6DA8C9A->4fcc8d53-44cb-4faf-b915-5afa0c7529d4@group-6A615BAE1DD1, cid=990, SUCCESS, logIndex=1293, commits[4fcc8d53-44cb-4faf-b915-5afa0c7529d4:c1294, 48aa5eb4-709c-4003-adb5-fbc02723cd23:c1290, 609a8cf1-6ad3-4123-b94a-106ad93148a8:c1290]
2019-09-05 09:23:10,300 [grpc-default-executor-4] INFO  client.GrpcClientProtocolClient (GrpcClientProtocolClient.java:onNext(255)) - client-969FB6DA8C9A->4fcc8d53-44cb-4faf-b915-5afa0c7529d4: receive RaftClientReply:client-969FB6DA8C9A->4fcc8d53-44cb-4faf-b915-5afa0c7529d4@group-6A615BAE1DD1, cid=991, SUCCESS, logIndex=1294, commits[4fcc8d53-44cb-4faf-b915-5afa0c7529d4:c1296, 48aa5eb4-709c-4003-adb5-fbc02723cd23:c1292, 609a8cf1-6ad3-4123-b94a-106ad93148a8:c1292]
2019-09-05 09:23:10,309 | INFO  | DNAudit | user=null | ip=null | op=WRITE_CHUNK {blockData=conID: 2 locID: 102739173903892922 bcsId: 1294} | ret=SUCCESS |  
2019-09-05 09:23:10,312 | INFO  | SCMAudit | user=jenkins1000 | ip=192.168.36.69 | op=SEND_HEARTBEAT {datanodeUUID=fe9e29a7-51ad-458f-9e11-f615da290baa, command=[]} | ret=SUCCESS |  
2019-09-05 09:23:10,313 | INFO  | DNAudit | user=null | ip=null | op=WRITE_CHUNK {blockData=conID: 2 locID: 102739173903892922 bcsId: 1294} | ret=SUCCESS |  
2019-09-05 09:23:10,313 | INFO  | DNAudit | user=null | ip=null | op=WRITE_CHUNK {blockData=conID: 2 locID: 102739173903892922 bcsId: 1294} | ret=SUCCESS |  
2019-09-05 09:23:10,315 | INFO  | DNAudit | user=null | ip=null | op=WRITE_CHUNK {blockData=conID: 2 locID: 102739173903892922 bcsId: 0} | ret=SUCCESS |  
2019-09-05 09:23:10,315 | INFO  | DNAudit | user=null | ip=null | op=WRITE_CHUNK {blockData=conID: 2 locID: 102739173903892922 bcsId: 0} | ret=SUCCESS |  
2019-09-05 09:23:10,316 | INFO  | DNAudit | user=null | ip=null | op=PUT_BLOCK {blockData=[blockId=conID: 2 locID: 102739173903892922 bcsId: 0,size=2097152]} | ret=SUCCESS |  
2019-09-05 09:23:10,316 | INFO  | DNAudit | user=null | ip=null | op=PUT_BLOCK {blockData=[blockId=conID: 2 locID: 102739173903892922 bcsId: 0,size=2097152]} | ret=SUCCESS |  
2019-09-05 09:23:10,317 | INFO  | DNAudit | user=null | ip=null | op=WRITE_CHUNK {blockData=conID: 2 locID: 102739173903892922 bcsId: 1294} | ret=SUCCESS |  
2019-09-05 09:23:10,318 | INFO  | DNAudit | user=null | ip=null | op=PUT_BLOCK {blockData=[blockId=conID: 2 locID: 102739173903892922 bcsId: 0,size=3145728]} | ret=SUCCESS |  
2019-09-05 09:23:10,318 [grpc-default-executor-0] INFO  client.GrpcClientProtocolClient (GrpcClientProtocolClient.java:onNext(255)) - client-969FB6DA8C9A->4fcc8d53-44cb-4faf-b915-5afa0c7529d4: receive RaftClientReply:client-969FB6DA8C9A->4fcc8d53-44cb-4faf-b915-5afa0c7529d4@group-6A615BAE1DD1, cid=992, SUCCESS, logIndex=1299, commits[4fcc8d53-44cb-4faf-b915-5afa0c7529d4:c1300, 48aa5eb4-709c-4003-adb5-fbc02723cd23:c1296, 609a8cf1-6ad3-4123-b94a-106ad93148a8:c1296]
2019-09-05 09:23:10,318 [grpc-default-executor-0] INFO  client.GrpcClientProtocolClient (GrpcClientProtocolClient.java:onNext(255)) - client-969FB6DA8C9A->4fcc8d53-44cb-4faf-b915-5afa0c7529d4: receive RaftClientReply:client-969FB6DA8C9A->4fcc8d53-44cb-4faf-b915-5afa0c7529d4@group-6A615BAE1DD1, cid=993, SUCCESS, logIndex=1300, commits[4fcc8d53-44cb-4faf-b915-5afa0c7529d4:c1300, 48aa5eb4-709c-4003-adb5-fbc02723cd23:c1296, 609a8cf1-6ad3-4123-b94a-106ad93148a8:c1296]
2019-09-05 09:23:10,328 | INFO  | DNAudit | user=null | ip=null | op=WRITE_CHUNK {blockData=conID: 2 locID: 102739173903892922 bcsId: 1300} | ret=SUCCESS |  
2019-09-05 09:23:10,330 | INFO  | DNAudit | user=null | ip=null | op=WRITE_CHUNK {blockData=conID: 2 locID: 102739173903892922 bcsId: 1300} | ret=SUCCESS |  
2019-09-05 09:23:10,330 | INFO  | DNAudit | user=null | ip=null | op=WRITE_CHUNK {blockData=conID: 2 locID: 102739173903892922 bcsId: 1300} | ret=SUCCESS |  
2019-09-05 09:23:10,492 | INFO  | DNAudit | user=null | ip=null | op=WRITE_CHUNK {blockData=conID: 2 locID: 102739173903892922 bcsId: 1294} | ret=SUCCESS |  
2019-09-05 09:23:10,492 | INFO  | DNAudit | user=null | ip=null | op=WRITE_CHUNK {blockData=conID: 2 locID: 102739173903892922 bcsId: 1294} | ret=SUCCESS |  
2019-09-05 09:23:10,493 | INFO  | DNAudit | user=null | ip=null | op=PUT_BLOCK {blockData=[blockId=conID: 2 locID: 102739173903892922 bcsId: 0,size=3145728]} | ret=SUCCESS |  
2019-09-05 09:23:10,494 | INFO  | DNAudit | user=null | ip=null | op=PUT_BLOCK {blockData=[blockId=conID: 2 locID: 102739173903892922 bcsId: 0,size=3145728]} | ret=SUCCESS |  
2019-09-05 09:23:10,494 | INFO  | DNAudit | user=null | ip=null | op=WRITE_CHUNK {blockData=conID: 2 locID: 102739173903892922 bcsId: 1300} | ret=SUCCESS |  
2019-09-05 09:23:10,494 | INFO  | DNAudit | user=null | ip=null | op=PUT_BLOCK {blockData=[blockId=conID: 2 locID: 102739173903892922 bcsId: 0,size=4194304]} | ret=SUCCESS |  
2019-09-05 09:23:10,497 [grpc-default-executor-4] INFO  client.GrpcClientProtocolClient (GrpcClientProtocolClient.java:onNext(255)) - client-969FB6DA8C9A->4fcc8d53-44cb-4faf-b915-5afa0c7529d4: receive RaftClientReply:client-969FB6DA8C9A->4fcc8d53-44cb-4faf-b915-5afa0c7529d4@group-6A615BAE1DD1, cid=994, SUCCESS, logIndex=1303, commits[4fcc8d53-44cb-4faf-b915-5afa0c7529d4:c1304, 48aa5eb4-709c-4003-adb5-fbc02723cd23:c1300, 609a8cf1-6ad3-4123-b94a-106ad93148a8:c1299]
2019-09-05 09:23:10,497 [grpc-default-executor-4] INFO  client.GrpcClientProtocolClient (GrpcClientProtocolClient.java:onNext(255)) - client-969FB6DA8C9A->4fcc8d53-44cb-4faf-b915-5afa0c7529d4: receive RaftClientReply:client-969FB6DA8C9A->4fcc8d53-44cb-4faf-b915-5afa0c7529d4@group-6A615BAE1DD1, cid=995, SUCCESS, logIndex=1304, commits[4fcc8d53-44cb-4faf-b915-5afa0c7529d4:c1304, 48aa5eb4-709c-4003-adb5-fbc02723cd23:c1300, 609a8cf1-6ad3-4123-b94a-106ad93148a8:c1300]
2019-09-05 09:23:10,503 | INFO  | DNAudit | user=null | ip=null | op=WRITE_CHUNK {blockData=conID: 2 locID: 102739173903892922 bcsId: 1300} | ret=SUCCESS |  
2019-09-05 09:23:10,504 | INFO  | DNAudit | user=null | ip=null | op=WRITE_CHUNK {blockData=conID: 2 locID: 102739173903892922 bcsId: 1300} | ret=SUCCESS |  
2019-09-05 09:23:10,505 | INFO  | DNAudit | user=null | ip=null | op=PUT_BLOCK {blockData=[blockId=conID: 2 locID: 102739173903892922 bcsId: 0,size=4194304]} | ret=SUCCESS |  
2019-09-05 09:23:10,505 | INFO  | DNAudit | user=null | ip=null | op=PUT_BLOCK {blockData=[blockId=conID: 2 locID: 102739173903892922 bcsId: 0,size=4194304]} | ret=SUCCESS |  
2019-09-05 09:23:10,506 [grpc-default-executor-0] INFO  client.GrpcClientProtocolClient (GrpcClientProtocolClient.java:onNext(255)) - client-969FB6DA8C9A->4fcc8d53-44cb-4faf-b915-5afa0c7529d4: receive RaftClientReply:client-969FB6DA8C9A->4fcc8d53-44cb-4faf-b915-5afa0c7529d4@group-6A615BAE1DD1, cid=996, SUCCESS, logIndex=0, commits[4fcc8d53-44cb-4faf-b915-5afa0c7529d4:c1306, 48aa5eb4-709c-4003-adb5-fbc02723cd23:c1304, 609a8cf1-6ad3-4123-b94a-106ad93148a8:c1304]
2019-09-05 09:23:10,515 | INFO  | DNAudit | user=null | ip=null | op=WRITE_CHUNK {blockData=conID: 3 locID: 102739173903892923 bcsId: 0} | ret=SUCCESS |  
2019-09-05 09:23:10,520 | INFO  | DNAudit | user=null | ip=null | op=WRITE_CHUNK {blockData=conID: 3 locID: 102739173903892923 bcsId: 0} | ret=SUCCESS |  
2019-09-05 09:23:10,521 | INFO  | DNAudit | user=null | ip=null | op=WRITE_CHUNK {blockData=conID: 3 locID: 102739173903892923 bcsId: 0} | ret=SUCCESS |  
2019-09-05 09:23:10,521 | INFO  | DNAudit | user=null | ip=null | op=WRITE_CHUNK {blockData=conID: 3 locID: 102739173903892923 bcsId: 0} | ret=SUCCESS |  
2019-09-05 09:23:10,522 | INFO  | DNAudit | user=null | ip=null | op=WRITE_CHUNK {blockData=conID: 3 locID: 102739173903892923 bcsId: 0} | ret=SUCCESS |  
2019-09-05 09:23:10,522 | INFO  | DNAudit | user=null | ip=null | op=WRITE_CHUNK {blockData=conID: 3 locID: 102739173903892923 bcsId: 0} | ret=SUCCESS |  
2019-09-05 09:23:10,535 | INFO  | DNAudit | user=null | ip=null | op=WRITE_CHUNK {blockData=conID: 3 locID: 102739173903892923 bcsId: 0} | ret=SUCCESS |  
2019-09-05 09:23:10,535 | INFO  | DNAudit | user=null | ip=null | op=PUT_BLOCK {blockData=[blockId=conID: 3 locID: 102739173903892923 bcsId: 0,size=1048576]} | ret=SUCCESS |  
2019-09-05 09:23:10,535 [grpc-default-executor-4] INFO  client.GrpcClientProtocolClient (GrpcClientProtocolClient.java:onNext(255)) - client-969FB6DA8C9A->4fcc8d53-44cb-4faf-b915-5afa0c7529d4: receive RaftClientReply:client-969FB6DA8C9A->4fcc8d53-44cb-4faf-b915-5afa0c7529d4@group-6A615BAE1DD1, cid=997, SUCCESS, logIndex=1307, commits[4fcc8d53-44cb-4faf-b915-5afa0c7529d4:c1310, 48aa5eb4-709c-4003-adb5-fbc02723cd23:c1306, 609a8cf1-6ad3-4123-b94a-106ad93148a8:c1306]
2019-09-05 09:23:10,536 | INFO  | DNAudit | user=null | ip=null | op=WRITE_CHUNK {blockData=conID: 3 locID: 102739173903892923 bcsId: 0} | ret=SUCCESS |  
2019-09-05 09:23:10,536 | INFO  | DNAudit | user=null | ip=null | op=PUT_BLOCK {blockData=[blockId=conID: 3 locID: 102739173903892923 bcsId: 0,size=2097152]} | ret=SUCCESS |  
2019-09-05 09:23:10,536 [grpc-default-executor-4] INFO  client.GrpcClientProtocolClient (GrpcClientProtocolClient.java:onNext(255)) - client-969FB6DA8C9A->4fcc8d53-44cb-4faf-b915-5afa0c7529d4: receive RaftClientReply:client-969FB6DA8C9A->4fcc8d53-44cb-4faf-b915-5afa0c7529d4@group-6A615BAE1DD1, cid=998, SUCCESS, logIndex=1308, commits[4fcc8d53-44cb-4faf-b915-5afa0c7529d4:c1310, 48aa5eb4-709c-4003-adb5-fbc02723cd23:c1306, 609a8cf1-6ad3-4123-b94a-106ad93148a8:c1306]
2019-09-05 09:23:10,536 [grpc-default-executor-4] INFO  client.GrpcClientProtocolClient (GrpcClientProtocolClient.java:onNext(255)) - client-969FB6DA8C9A->4fcc8d53-44cb-4faf-b915-5afa0c7529d4: receive RaftClientReply:client-969FB6DA8C9A->4fcc8d53-44cb-4faf-b915-5afa0c7529d4@group-6A615BAE1DD1, cid=999, SUCCESS, logIndex=1309, commits[4fcc8d53-44cb-4faf-b915-5afa0c7529d4:c1310, 48aa5eb4-709c-4003-adb5-fbc02723cd23:c1306, 609a8cf1-6ad3-4123-b94a-106ad93148a8:c1306]
2019-09-05 09:23:10,537 [grpc-default-executor-4] INFO  client.GrpcClientProtocolClient (GrpcClientProtocolClient.java:onNext(255)) - client-969FB6DA8C9A->4fcc8d53-44cb-4faf-b915-5afa0c7529d4: receive RaftClientReply:client-969FB6DA8C9A->4fcc8d53-44cb-4faf-b915-5afa0c7529d4@group-6A615BAE1DD1, cid=1000, SUCCESS, logIndex=1310, commits[4fcc8d53-44cb-4faf-b915-5afa0c7529d4:c1310, 48aa5eb4-709c-4003-adb5-fbc02723cd23:c1306, 609a8cf1-6ad3-4123-b94a-106ad93148a8:c1306]
2019-09-05 09:23:10,553 | INFO  | DNAudit | user=null | ip=null | op=WRITE_CHUNK {blockData=conID: 3 locID: 102739173903892923 bcsId: 0} | ret=SUCCESS |  
2019-09-05 09:23:10,553 | INFO  | DNAudit | user=null | ip=null | op=WRITE_CHUNK {blockData=conID: 3 locID: 102739173903892923 bcsId: 0} | ret=SUCCESS |  
2019-09-05 09:23:10,553 | INFO  | DNAudit | user=null | ip=null | op=PUT_BLOCK {blockData=[blockId=conID: 3 locID: 102739173903892923 bcsId: 0,size=1048576]} | ret=SUCCESS |  
2019-09-05 09:23:10,553 | INFO  | DNAudit | user=null | ip=null | op=PUT_BLOCK {blockData=[blockId=conID: 3 locID: 102739173903892923 bcsId: 0,size=1048576]} | ret=SUCCESS |  
2019-09-05 09:23:10,554 [grpc-default-executor-3] INFO  client.GrpcClientProtocolClient (GrpcClientProtocolClient.java:onNext(255)) - client-969FB6DA8C9A->4fcc8d53-44cb-4faf-b915-5afa0c7529d4: receive RaftClientReply:client-969FB6DA8C9A->4fcc8d53-44cb-4faf-b915-5afa0c7529d4@group-6A615BAE1DD1, cid=1001, SUCCESS, logIndex=0, commits[4fcc8d53-44cb-4faf-b915-5afa0c7529d4:c1311, 48aa5eb4-709c-4003-adb5-fbc02723cd23:c1308, 609a8cf1-6ad3-4123-b94a-106ad93148a8:c1308]
2019-09-05 09:23:10,555 | INFO  | DNAudit | user=null | ip=null | op=WRITE_CHUNK {blockData=conID: 3 locID: 102739173903892923 bcsId: 0} | ret=SUCCESS |  
2019-09-05 09:23:10,555 | INFO  | DNAudit | user=null | ip=null | op=WRITE_CHUNK {blockData=conID: 3 locID: 102739173903892923 bcsId: 0} | ret=SUCCESS |  
2019-09-05 09:23:10,555 | INFO  | DNAudit | user=null | ip=null | op=PUT_BLOCK {blockData=[blockId=conID: 3 locID: 102739173903892923 bcsId: 0,size=2097152]} | ret=SUCCESS |  
2019-09-05 09:23:10,556 | INFO  | DNAudit | user=null | ip=null | op=PUT_BLOCK {blockData=[blockId=conID: 3 locID: 102739173903892923 bcsId: 0,size=2097152]} | ret=SUCCESS |  
2019-09-05 09:23:10,561 | INFO  | DNAudit | user=null | ip=null | op=WRITE_CHUNK {blockData=conID: 3 locID: 102739173903892923 bcsId: 1310} | ret=SUCCESS |  
2019-09-05 09:23:10,563 | INFO  | DNAudit | user=null | ip=null | op=WRITE_CHUNK {blockData=conID: 3 locID: 102739173903892923 bcsId: 1310} | ret=SUCCESS |  
2019-09-05 09:23:10,563 | INFO  | DNAudit | user=null | ip=null | op=WRITE_CHUNK {blockData=conID: 3 locID: 102739173903892923 bcsId: 1310} | ret=SUCCESS |  
2019-09-05 09:23:10,568 | INFO  | DNAudit | user=null | ip=null | op=WRITE_CHUNK {blockData=conID: 3 locID: 102739173903892923 bcsId: 1310} | ret=SUCCESS |  
2019-09-05 09:23:10,569 | INFO  | DNAudit | user=null | ip=null | op=PUT_BLOCK {blockData=[blockId=conID: 3 locID: 102739173903892923 bcsId: 0,size=3145728]} | ret=SUCCESS |  
2019-09-05 09:23:10,569 [grpc-default-executor-0] INFO  client.GrpcClientProtocolClient (GrpcClientProtocolClient.java:onNext(255)) - client-969FB6DA8C9A->4fcc8d53-44cb-4faf-b915-5afa0c7529d4: receive RaftClientReply:client-969FB6DA8C9A->4fcc8d53-44cb-4faf-b915-5afa0c7529d4@group-6A615BAE1DD1, cid=1002, SUCCESS, logIndex=1315, commits[4fcc8d53-44cb-4faf-b915-5afa0c7529d4:c1316, 48aa5eb4-709c-4003-adb5-fbc02723cd23:c1314, 609a8cf1-6ad3-4123-b94a-106ad93148a8:c1314]
2019-09-05 09:23:10,569 [grpc-default-executor-0] INFO  client.GrpcClientProtocolClient (GrpcClientProtocolClient.java:onNext(255)) - client-969FB6DA8C9A->4fcc8d53-44cb-4faf-b915-5afa0c7529d4: receive RaftClientReply:client-969FB6DA8C9A->4fcc8d53-44cb-4faf-b915-5afa0c7529d4@group-6A615BAE1DD1, cid=1003, SUCCESS, logIndex=1316, commits[4fcc8d53-44cb-4faf-b915-5afa0c7529d4:c1316, 48aa5eb4-709c-4003-adb5-fbc02723cd23:c1314, 609a8cf1-6ad3-4123-b94a-106ad93148a8:c1314]
2019-09-05 09:23:10,575 | INFO  | DNAudit | user=null | ip=null | op=WRITE_CHUNK {blockData=conID: 3 locID: 102739173903892923 bcsId: 1310} | ret=SUCCESS |  
2019-09-05 09:23:10,575 | INFO  | DNAudit | user=null | ip=null | op=WRITE_CHUNK {blockData=conID: 3 locID: 102739173903892923 bcsId: 1310} | ret=SUCCESS |  
2019-09-05 09:23:10,575 | INFO  | DNAudit | user=null | ip=null | op=PUT_BLOCK {blockData=[blockId=conID: 3 locID: 102739173903892923 bcsId: 0,size=3145728]} | ret=SUCCESS |  
2019-09-05 09:23:10,575 | INFO  | DNAudit | user=null | ip=null | op=PUT_BLOCK {blockData=[blockId=conID: 3 locID: 102739173903892923 bcsId: 0,size=3145728]} | ret=SUCCESS |  
2019-09-05 09:23:10,576 | INFO  | DNAudit | user=null | ip=null | op=WRITE_CHUNK {blockData=conID: 3 locID: 102739173903892923 bcsId: 1316} | ret=SUCCESS |  
2019-09-05 09:23:10,578 | INFO  | DNAudit | user=null | ip=null | op=WRITE_CHUNK {blockData=conID: 3 locID: 102739173903892923 bcsId: 1316} | ret=SUCCESS |  
2019-09-05 09:23:10,579 | INFO  | DNAudit | user=null | ip=null | op=WRITE_CHUNK {blockData=conID: 3 locID: 102739173903892923 bcsId: 1316} | ret=SUCCESS |  
2019-09-05 09:23:10,592 | INFO  | DNAudit | user=null | ip=null | op=WRITE_CHUNK {blockData=conID: 3 locID: 102739173903892923 bcsId: 1316} | ret=SUCCESS |  
2019-09-05 09:23:10,592 | INFO  | DNAudit | user=null | ip=null | op=PUT_BLOCK {blockData=[blockId=conID: 3 locID: 102739173903892923 bcsId: 0,size=4194304]} | ret=SUCCESS |  
2019-09-05 09:23:10,592 [grpc-default-executor-3] INFO  client.GrpcClientProtocolClient (GrpcClientProtocolClient.java:onNext(255)) - client-969FB6DA8C9A->4fcc8d53-44cb-4faf-b915-5afa0c7529d4: receive RaftClientReply:client-969FB6DA8C9A->4fcc8d53-44cb-4faf-b915-5afa0c7529d4@group-6A615BAE1DD1, cid=1004, SUCCESS, logIndex=1319, commits[4fcc8d53-44cb-4faf-b915-5afa0c7529d4:c1320, 48aa5eb4-709c-4003-adb5-fbc02723cd23:c1317, 609a8cf1-6ad3-4123-b94a-106ad93148a8:c1317]
2019-09-05 09:23:10,593 [grpc-default-executor-3] INFO  client.GrpcClientProtocolClient (GrpcClientProtocolClient.java:onNext(255)) - client-969FB6DA8C9A->4fcc8d53-44cb-4faf-b915-5afa0c7529d4: receive RaftClientReply:client-969FB6DA8C9A->4fcc8d53-44cb-4faf-b915-5afa0c7529d4@group-6A615BAE1DD1, cid=1005, SUCCESS, logIndex=1320, commits[4fcc8d53-44cb-4faf-b915-5afa0c7529d4:c1320, 48aa5eb4-709c-4003-adb5-fbc02723cd23:c1317, 609a8cf1-6ad3-4123-b94a-106ad93148a8:c1317]
2019-09-05 09:23:10,609 | INFO  | DNAudit | user=null | ip=null | op=WRITE_CHUNK {blockData=conID: 3 locID: 102739173903892923 bcsId: 1316} | ret=SUCCESS |  
2019-09-05 09:23:10,609 | INFO  | DNAudit | user=null | ip=null | op=WRITE_CHUNK {blockData=conID: 3 locID: 102739173903892923 bcsId: 1316} | ret=SUCCESS |  
2019-09-05 09:23:10,610 | INFO  | DNAudit | user=null | ip=null | op=PUT_BLOCK {blockData=[blockId=conID: 3 locID: 102739173903892923 bcsId: 0,size=4194304]} | ret=SUCCESS |  
2019-09-05 09:23:10,610 | INFO  | DNAudit | user=null | ip=null | op=PUT_BLOCK {blockData=[blockId=conID: 3 locID: 102739173903892923 bcsId: 0,size=4194304]} | ret=SUCCESS |  
2019-09-05 09:23:10,611 [grpc-default-executor-3] INFO  client.GrpcClientProtocolClient (GrpcClientProtocolClient.java:onNext(255)) - client-969FB6DA8C9A->4fcc8d53-44cb-4faf-b915-5afa0c7529d4: receive RaftClientReply:client-969FB6DA8C9A->4fcc8d53-44cb-4faf-b915-5afa0c7529d4@group-6A615BAE1DD1, cid=1006, SUCCESS, logIndex=0, commits[4fcc8d53-44cb-4faf-b915-5afa0c7529d4:c1321, 48aa5eb4-709c-4003-adb5-fbc02723cd23:c1320, 609a8cf1-6ad3-4123-b94a-106ad93148a8:c1320]
2019-09-05 09:23:10,618 | INFO  | DNAudit | user=null | ip=null | op=WRITE_CHUNK {blockData=conID: 1 locID: 102739173903892924 bcsId: 0} | ret=SUCCESS |  
2019-09-05 09:23:10,621 | INFO  | DNAudit | user=null | ip=null | op=WRITE_CHUNK {blockData=conID: 1 locID: 102739173903892924 bcsId: 0} | ret=SUCCESS |  
2019-09-05 09:23:10,621 | INFO  | DNAudit | user=null | ip=null | op=WRITE_CHUNK {blockData=conID: 1 locID: 102739173903892924 bcsId: 0} | ret=SUCCESS |  
2019-09-05 09:23:10,621 | INFO  | DNAudit | user=null | ip=null | op=WRITE_CHUNK {blockData=conID: 1 locID: 102739173903892924 bcsId: 0} | ret=SUCCESS |  
2019-09-05 09:23:10,622 | INFO  | DNAudit | user=null | ip=null | op=WRITE_CHUNK {blockData=conID: 1 locID: 102739173903892924 bcsId: 0} | ret=SUCCESS |  
2019-09-05 09:23:10,622 | INFO  | DNAudit | user=null | ip=null | op=WRITE_CHUNK {blockData=conID: 1 locID: 102739173903892924 bcsId: 0} | ret=SUCCESS |  
2019-09-05 09:23:10,633 | INFO  | DNAudit | user=null | ip=null | op=WRITE_CHUNK {blockData=conID: 1 locID: 102739173903892924 bcsId: 0} | ret=SUCCESS |  
2019-09-05 09:23:10,633 | INFO  | DNAudit | user=null | ip=null | op=PUT_BLOCK {blockData=[blockId=conID: 1 locID: 102739173903892924 bcsId: 0,size=1048576]} | ret=SUCCESS |  
2019-09-05 09:23:10,634 | INFO  | DNAudit | user=null | ip=null | op=WRITE_CHUNK {blockData=conID: 1 locID: 102739173903892924 bcsId: 0} | ret=SUCCESS |  
2019-09-05 09:23:10,633 [grpc-default-executor-4] INFO  client.GrpcClientProtocolClient (GrpcClientProtocolClient.java:onNext(255)) - client-969FB6DA8C9A->4fcc8d53-44cb-4faf-b915-5afa0c7529d4: receive RaftClientReply:client-969FB6DA8C9A->4fcc8d53-44cb-4faf-b915-5afa0c7529d4@group-6A615BAE1DD1, cid=1007, SUCCESS, logIndex=1323, commits[4fcc8d53-44cb-4faf-b915-5afa0c7529d4:c1326, 48aa5eb4-709c-4003-adb5-fbc02723cd23:c1322, 609a8cf1-6ad3-4123-b94a-106ad93148a8:c1322]
2019-09-05 09:23:10,634 | INFO  | DNAudit | user=null | ip=null | op=PUT_BLOCK {blockData=[blockId=conID: 1 locID: 102739173903892924 bcsId: 0,size=2097152]} | ret=SUCCESS |  
2019-09-05 09:23:10,634 [grpc-default-executor-4] INFO  client.GrpcClientProtocolClient (GrpcClientProtocolClient.java:onNext(255)) - client-969FB6DA8C9A->4fcc8d53-44cb-4faf-b915-5afa0c7529d4: receive RaftClientReply:client-969FB6DA8C9A->4fcc8d53-44cb-4faf-b915-5afa0c7529d4@group-6A615BAE1DD1, cid=1008, SUCCESS, logIndex=1324, commits[4fcc8d53-44cb-4faf-b915-5afa0c7529d4:c1326, 48aa5eb4-709c-4003-adb5-fbc02723cd23:c1322, 609a8cf1-6ad3-4123-b94a-106ad93148a8:c1322]
2019-09-05 09:23:10,635 [grpc-default-executor-4] INFO  client.GrpcClientProtocolClient (GrpcClientProtocolClient.java:onNext(255)) - client-969FB6DA8C9A->4fcc8d53-44cb-4faf-b915-5afa0c7529d4: receive RaftClientReply:client-969FB6DA8C9A->4fcc8d53-44cb-4faf-b915-5afa0c7529d4@group-6A615BAE1DD1, cid=1009, SUCCESS, logIndex=1325, commits[4fcc8d53-44cb-4faf-b915-5afa0c7529d4:c1326, 48aa5eb4-709c-4003-adb5-fbc02723cd23:c1322, 609a8cf1-6ad3-4123-b94a-106ad93148a8:c1322]
2019-09-05 09:23:10,635 [grpc-default-executor-4] INFO  client.GrpcClientProtocolClient (GrpcClientProtocolClient.java:onNext(255)) - client-969FB6DA8C9A->4fcc8d53-44cb-4faf-b915-5afa0c7529d4: receive RaftClientReply:client-969FB6DA8C9A->4fcc8d53-44cb-4faf-b915-5afa0c7529d4@group-6A615BAE1DD1, cid=1010, SUCCESS, logIndex=1326, commits[4fcc8d53-44cb-4faf-b915-5afa0c7529d4:c1326, 48aa5eb4-709c-4003-adb5-fbc02723cd23:c1322, 609a8cf1-6ad3-4123-b94a-106ad93148a8:c1322]
2019-09-05 09:23:10,655 | INFO  | DNAudit | user=null | ip=null | op=WRITE_CHUNK {blockData=conID: 1 locID: 102739173903892924 bcsId: 0} | ret=SUCCESS |  
2019-09-05 09:23:10,655 | INFO  | DNAudit | user=null | ip=null | op=WRITE_CHUNK {blockData=conID: 1 locID: 102739173903892924 bcsId: 0} | ret=SUCCESS |  
2019-09-05 09:23:10,656 | INFO  | DNAudit | user=null | ip=null | op=PUT_BLOCK {blockData=[blockId=conID: 1 locID: 102739173903892924 bcsId: 0,size=1048576]} | ret=SUCCESS |  
2019-09-05 09:23:10,656 | INFO  | DNAudit | user=null | ip=null | op=PUT_BLOCK {blockData=[blockId=conID: 1 locID: 102739173903892924 bcsId: 0,size=1048576]} | ret=SUCCESS |  
2019-09-05 09:23:10,656 | INFO  | DNAudit | user=null | ip=null | op=WRITE_CHUNK {blockData=conID: 1 locID: 102739173903892924 bcsId: 0} | ret=SUCCESS |  
2019-09-05 09:23:10,656 | INFO  | DNAudit | user=null | ip=null | op=WRITE_CHUNK {blockData=conID: 1 locID: 102739173903892924 bcsId: 0} | ret=SUCCESS |  
2019-09-05 09:23:10,657 | INFO  | DNAudit | user=null | ip=null | op=PUT_BLOCK {blockData=[blockId=conID: 1 locID: 102739173903892924 bcsId: 0,size=2097152]} | ret=SUCCESS |  
2019-09-05 09:23:10,657 | INFO  | DNAudit | user=null | ip=null | op=PUT_BLOCK {blockData=[blockId=conID: 1 locID: 102739173903892924 bcsId: 0,size=2097152]} | ret=SUCCESS |  
2019-09-05 09:23:10,657 [grpc-default-executor-4] INFO  client.GrpcClientProtocolClient (GrpcClientProtocolClient.java:onNext(255)) - client-969FB6DA8C9A->4fcc8d53-44cb-4faf-b915-5afa0c7529d4: receive RaftClientReply:client-969FB6DA8C9A->4fcc8d53-44cb-4faf-b915-5afa0c7529d4@group-6A615BAE1DD1, cid=1011, SUCCESS, logIndex=0, commits[4fcc8d53-44cb-4faf-b915-5afa0c7529d4:c1328, 48aa5eb4-709c-4003-adb5-fbc02723cd23:c1324, 609a8cf1-6ad3-4123-b94a-106ad93148a8:c1324]
2019-09-05 09:23:10,663 | INFO  | DNAudit | user=null | ip=null | op=WRITE_CHUNK {blockData=conID: 1 locID: 102739173903892924 bcsId: 1326} | ret=SUCCESS |  
2019-09-05 09:23:10,666 | INFO  | DNAudit | user=null | ip=null | op=WRITE_CHUNK {blockData=conID: 1 locID: 102739173903892924 bcsId: 1326} | ret=SUCCESS |  
2019-09-05 09:23:10,666 | INFO  | DNAudit | user=null | ip=null | op=WRITE_CHUNK {blockData=conID: 1 locID: 102739173903892924 bcsId: 1326} | ret=SUCCESS |  
2019-09-05 09:23:10,678 | INFO  | DNAudit | user=null | ip=null | op=WRITE_CHUNK {blockData=conID: 1 locID: 102739173903892924 bcsId: 1326} | ret=SUCCESS |  
2019-09-05 09:23:10,679 | INFO  | DNAudit | user=null | ip=null | op=PUT_BLOCK {blockData=[blockId=conID: 1 locID: 102739173903892924 bcsId: 0,size=3145728]} | ret=SUCCESS |  
2019-09-05 09:23:10,679 [grpc-default-executor-4] INFO  client.GrpcClientProtocolClient (GrpcClientProtocolClient.java:onNext(255)) - client-969FB6DA8C9A->4fcc8d53-44cb-4faf-b915-5afa0c7529d4: receive RaftClientReply:client-969FB6DA8C9A->4fcc8d53-44cb-4faf-b915-5afa0c7529d4@group-6A615BAE1DD1, cid=1012, SUCCESS, logIndex=1331, commits[4fcc8d53-44cb-4faf-b915-5afa0c7529d4:c1332, 48aa5eb4-709c-4003-adb5-fbc02723cd23:c1330, 609a8cf1-6ad3-4123-b94a-106ad93148a8:c1330]
2019-09-05 09:23:10,679 [grpc-default-executor-4] INFO  client.GrpcClientProtocolClient (GrpcClientProtocolClient.java:onNext(255)) - client-969FB6DA8C9A->4fcc8d53-44cb-4faf-b915-5afa0c7529d4: receive RaftClientReply:client-969FB6DA8C9A->4fcc8d53-44cb-4faf-b915-5afa0c7529d4@group-6A615BAE1DD1, cid=1013, SUCCESS, logIndex=1332, commits[4fcc8d53-44cb-4faf-b915-5afa0c7529d4:c1332, 48aa5eb4-709c-4003-adb5-fbc02723cd23:c1330, 609a8cf1-6ad3-4123-b94a-106ad93148a8:c1330]
2019-09-05 09:23:10,686 | INFO  | DNAudit | user=null | ip=null | op=WRITE_CHUNK {blockData=conID: 1 locID: 102739173903892924 bcsId: 1332} | ret=SUCCESS |  
2019-09-05 09:23:10,688 | INFO  | DNAudit | user=null | ip=null | op=WRITE_CHUNK {blockData=conID: 1 locID: 102739173903892924 bcsId: 1332} | ret=SUCCESS |  
2019-09-05 09:23:10,688 | INFO  | DNAudit | user=null | ip=null | op=WRITE_CHUNK {blockData=conID: 1 locID: 102739173903892924 bcsId: 1332} | ret=SUCCESS |  
2019-09-05 09:23:10,693 | INFO  | DNAudit | user=null | ip=null | op=WRITE_CHUNK {blockData=conID: 1 locID: 102739173903892924 bcsId: 1326} | ret=SUCCESS |  
2019-09-05 09:23:10,693 | INFO  | DNAudit | user=null | ip=null | op=WRITE_CHUNK {blockData=conID: 1 locID: 102739173903892924 bcsId: 1326} | ret=SUCCESS |  
2019-09-05 09:23:10,693 | INFO  | DNAudit | user=null | ip=null | op=PUT_BLOCK {blockData=[blockId=conID: 1 locID: 102739173903892924 bcsId: 0,size=3145728]} | ret=SUCCESS |  
2019-09-05 09:23:10,693 | INFO  | DNAudit | user=null | ip=null | op=PUT_BLOCK {blockData=[blockId=conID: 1 locID: 102739173903892924 bcsId: 0,size=3145728]} | ret=SUCCESS |  
2019-09-05 09:23:10,695 | INFO  | DNAudit | user=null | ip=null | op=WRITE_CHUNK {blockData=conID: 1 locID: 102739173903892924 bcsId: 1332} | ret=SUCCESS |  
2019-09-05 09:23:10,695 | INFO  | DNAudit | user=null | ip=null | op=PUT_BLOCK {blockData=[blockId=conID: 1 locID: 102739173903892924 bcsId: 0,size=4194304]} | ret=SUCCESS |  
2019-09-05 09:23:10,695 [grpc-default-executor-0] INFO  client.GrpcClientProtocolClient (GrpcClientProtocolClient.java:onNext(255)) - client-969FB6DA8C9A->4fcc8d53-44cb-4faf-b915-5afa0c7529d4: receive RaftClientReply:client-969FB6DA8C9A->4fcc8d53-44cb-4faf-b915-5afa0c7529d4@group-6A615BAE1DD1, cid=1014, SUCCESS, logIndex=1335, commits[4fcc8d53-44cb-4faf-b915-5afa0c7529d4:c1336, 48aa5eb4-709c-4003-adb5-fbc02723cd23:c1332, 609a8cf1-6ad3-4123-b94a-106ad93148a8:c1332]
2019-09-05 09:23:10,696 [grpc-default-executor-0] INFO  client.GrpcClientProtocolClient (GrpcClientProtocolClient.java:onNext(255)) - client-969FB6DA8C9A->4fcc8d53-44cb-4faf-b915-5afa0c7529d4: receive RaftClientReply:client-969FB6DA8C9A->4fcc8d53-44cb-4faf-b915-5afa0c7529d4@group-6A615BAE1DD1, cid=1015, SUCCESS, logIndex=1336, commits[4fcc8d53-44cb-4faf-b915-5afa0c7529d4:c1336, 48aa5eb4-709c-4003-adb5-fbc02723cd23:c1332, 609a8cf1-6ad3-4123-b94a-106ad93148a8:c1332]
2019-09-05 09:23:10,703 | INFO  | DNAudit | user=null | ip=null | op=WRITE_CHUNK {blockData=conID: 1 locID: 102739173903892924 bcsId: 1332} | ret=SUCCESS |  
2019-09-05 09:23:10,703 | INFO  | DNAudit | user=null | ip=null | op=WRITE_CHUNK {blockData=conID: 1 locID: 102739173903892924 bcsId: 1332} | ret=SUCCESS |  
2019-09-05 09:23:10,703 | INFO  | DNAudit | user=null | ip=null | op=PUT_BLOCK {blockData=[blockId=conID: 1 locID: 102739173903892924 bcsId: 0,size=4194304]} | ret=SUCCESS |  
2019-09-05 09:23:10,703 | INFO  | DNAudit | user=null | ip=null | op=PUT_BLOCK {blockData=[blockId=conID: 1 locID: 102739173903892924 bcsId: 0,size=4194304]} | ret=SUCCESS |  
2019-09-05 09:23:10,703 [grpc-default-executor-0] INFO  client.GrpcClientProtocolClient (GrpcClientProtocolClient.java:onNext(255)) - client-969FB6DA8C9A->4fcc8d53-44cb-4faf-b915-5afa0c7529d4: receive RaftClientReply:client-969FB6DA8C9A->4fcc8d53-44cb-4faf-b915-5afa0c7529d4@group-6A615BAE1DD1, cid=1016, SUCCESS, logIndex=0, commits[4fcc8d53-44cb-4faf-b915-5afa0c7529d4:c1337, 48aa5eb4-709c-4003-adb5-fbc02723cd23:c1336, 609a8cf1-6ad3-4123-b94a-106ad93148a8:c1336]
2019-09-05 09:23:10,710 | INFO  | DNAudit | user=null | ip=null | op=WRITE_CHUNK {blockData=conID: 2 locID: 102739173903958461 bcsId: 0} | ret=SUCCESS |  
2019-09-05 09:23:10,711 | INFO  | DNAudit | user=null | ip=null | op=WRITE_CHUNK {blockData=conID: 2 locID: 102739173903958461 bcsId: 0} | ret=SUCCESS |  
2019-09-05 09:23:10,712 | INFO  | DNAudit | user=null | ip=null | op=WRITE_CHUNK {blockData=conID: 2 locID: 102739173903958461 bcsId: 0} | ret=SUCCESS |  
2019-09-05 09:23:10,712 | INFO  | DNAudit | user=null | ip=null | op=WRITE_CHUNK {blockData=conID: 2 locID: 102739173903958461 bcsId: 0} | ret=SUCCESS |  
2019-09-05 09:23:10,714 | INFO  | DNAudit | user=null | ip=null | op=WRITE_CHUNK {blockData=conID: 2 locID: 102739173903958461 bcsId: 0} | ret=SUCCESS |  
2019-09-05 09:23:10,715 | INFO  | DNAudit | user=null | ip=null | op=WRITE_CHUNK {blockData=conID: 2 locID: 102739173903958461 bcsId: 0} | ret=SUCCESS |  
2019-09-05 09:23:10,735 | INFO  | DNAudit | user=null | ip=null | op=WRITE_CHUNK {blockData=conID: 2 locID: 102739173903958461 bcsId: 0} | ret=SUCCESS |  
2019-09-05 09:23:10,735 | INFO  | DNAudit | user=null | ip=null | op=PUT_BLOCK {blockData=[blockId=conID: 2 locID: 102739173903958461 bcsId: 0,size=1048576]} | ret=SUCCESS |  
2019-09-05 09:23:10,735 [grpc-default-executor-5] INFO  client.GrpcClientProtocolClient (GrpcClientProtocolClient.java:onNext(255)) - client-969FB6DA8C9A->4fcc8d53-44cb-4faf-b915-5afa0c7529d4: receive RaftClientReply:client-969FB6DA8C9A->4fcc8d53-44cb-4faf-b915-5afa0c7529d4@group-6A615BAE1DD1, cid=1017, SUCCESS, logIndex=1339, commits[4fcc8d53-44cb-4faf-b915-5afa0c7529d4:c1340, 48aa5eb4-709c-4003-adb5-fbc02723cd23:c1336, 609a8cf1-6ad3-4123-b94a-106ad93148a8:c1338]
2019-09-05 09:23:10,736 [grpc-default-executor-0] INFO  client.GrpcClientProtocolClient (GrpcClientProtocolClient.java:onNext(255)) - client-969FB6DA8C9A->4fcc8d53-44cb-4faf-b915-5afa0c7529d4: receive RaftClientReply:client-969FB6DA8C9A->4fcc8d53-44cb-4faf-b915-5afa0c7529d4@group-6A615BAE1DD1, cid=1018, SUCCESS, logIndex=1340, commits[4fcc8d53-44cb-4faf-b915-5afa0c7529d4:c1340, 48aa5eb4-709c-4003-adb5-fbc02723cd23:c1336, 609a8cf1-6ad3-4123-b94a-106ad93148a8:c1338]
2019-09-05 09:23:10,736 | INFO  | DNAudit | user=null | ip=null | op=WRITE_CHUNK {blockData=conID: 2 locID: 102739173903958461 bcsId: 0} | ret=SUCCESS |  
2019-09-05 09:23:10,736 | INFO  | DNAudit | user=null | ip=null | op=PUT_BLOCK {blockData=[blockId=conID: 2 locID: 102739173903958461 bcsId: 0,size=2097152]} | ret=SUCCESS |  
2019-09-05 09:23:10,737 [grpc-default-executor-0] INFO  client.GrpcClientProtocolClient (GrpcClientProtocolClient.java:onNext(255)) - client-969FB6DA8C9A->4fcc8d53-44cb-4faf-b915-5afa0c7529d4: receive RaftClientReply:client-969FB6DA8C9A->4fcc8d53-44cb-4faf-b915-5afa0c7529d4@group-6A615BAE1DD1, cid=1019, SUCCESS, logIndex=1341, commits[4fcc8d53-44cb-4faf-b915-5afa0c7529d4:c1342, 48aa5eb4-709c-4003-adb5-fbc02723cd23:c1338, 609a8cf1-6ad3-4123-b94a-106ad93148a8:c1338]
2019-09-05 09:23:10,737 [grpc-default-executor-0] INFO  client.GrpcClientProtocolClient (GrpcClientProtocolClient.java:onNext(255)) - client-969FB6DA8C9A->4fcc8d53-44cb-4faf-b915-5afa0c7529d4: receive RaftClientReply:client-969FB6DA8C9A->4fcc8d53-44cb-4faf-b915-5afa0c7529d4@group-6A615BAE1DD1, cid=1020, SUCCESS, logIndex=1342, commits[4fcc8d53-44cb-4faf-b915-5afa0c7529d4:c1342, 48aa5eb4-709c-4003-adb5-fbc02723cd23:c1338, 609a8cf1-6ad3-4123-b94a-106ad93148a8:c1338]
2019-09-05 09:23:10,772 | INFO  | DNAudit | user=null | ip=null | op=WRITE_CHUNK {blockData=conID: 2 locID: 102739173903958461 bcsId: 0} | ret=SUCCESS |  
2019-09-05 09:23:10,772 | INFO  | DNAudit | user=null | ip=null | op=PUT_BLOCK {blockData=[blockId=conID: 2 locID: 102739173903958461 bcsId: 0,size=1048576]} | ret=SUCCESS |  
2019-09-05 09:23:10,789 | INFO  | DNAudit | user=null | ip=null | op=WRITE_CHUNK {blockData=conID: 2 locID: 102739173903958461 bcsId: 0} | ret=SUCCESS |  
2019-09-05 09:23:10,790 | INFO  | DNAudit | user=null | ip=null | op=PUT_BLOCK {blockData=[blockId=conID: 2 locID: 102739173903958461 bcsId: 0,size=1048576]} | ret=SUCCESS |  
2019-09-05 09:23:10,790 [grpc-default-executor-0] INFO  client.GrpcClientProtocolClient (GrpcClientProtocolClient.java:onNext(255)) - client-969FB6DA8C9A->4fcc8d53-44cb-4faf-b915-5afa0c7529d4: receive RaftClientReply:client-969FB6DA8C9A->4fcc8d53-44cb-4faf-b915-5afa0c7529d4@group-6A615BAE1DD1, cid=1021, SUCCESS, logIndex=0, commits[4fcc8d53-44cb-4faf-b915-5afa0c7529d4:c1344, 48aa5eb4-709c-4003-adb5-fbc02723cd23:c1340, 609a8cf1-6ad3-4123-b94a-106ad93148a8:c1340]
2019-09-05 09:23:10,791 | INFO  | DNAudit | user=null | ip=null | op=WRITE_CHUNK {blockData=conID: 2 locID: 102739173903958461 bcsId: 0} | ret=SUCCESS |  
2019-09-05 09:23:10,792 | INFO  | DNAudit | user=null | ip=null | op=WRITE_CHUNK {blockData=conID: 2 locID: 102739173903958461 bcsId: 0} | ret=SUCCESS |  
2019-09-05 09:23:10,792 | INFO  | DNAudit | user=null | ip=null | op=PUT_BLOCK {blockData=[blockId=conID: 2 locID: 102739173903958461 bcsId: 0,size=2097152]} | ret=SUCCESS |  
2019-09-05 09:23:10,792 | INFO  | DNAudit | user=null | ip=null | op=PUT_BLOCK {blockData=[blockId=conID: 2 locID: 102739173903958461 bcsId: 0,size=2097152]} | ret=SUCCESS |  
2019-09-05 09:23:10,796 | INFO  | DNAudit | user=null | ip=null | op=WRITE_CHUNK {blockData=conID: 2 locID: 102739173903958461 bcsId: 1342} | ret=SUCCESS |  
2019-09-05 09:23:10,798 | INFO  | DNAudit | user=null | ip=null | op=WRITE_CHUNK {blockData=conID: 2 locID: 102739173903958461 bcsId: 1342} | ret=SUCCESS |  
2019-09-05 09:23:10,799 | INFO  | DNAudit | user=null | ip=null | op=WRITE_CHUNK {blockData=conID: 2 locID: 102739173903958461 bcsId: 1342} | ret=SUCCESS |  
2019-09-05 09:23:10,822 | INFO  | DNAudit | user=null | ip=null | op=WRITE_CHUNK {blockData=conID: 2 locID: 102739173903958461 bcsId: 1342} | ret=SUCCESS |  
2019-09-05 09:23:10,822 | INFO  | DNAudit | user=null | ip=null | op=PUT_BLOCK {blockData=[blockId=conID: 2 locID: 102739173903958461 bcsId: 0,size=3145728]} | ret=SUCCESS |  
2019-09-05 09:23:10,822 [grpc-default-executor-0] INFO  client.GrpcClientProtocolClient (GrpcClientProtocolClient.java:onNext(255)) - client-969FB6DA8C9A->4fcc8d53-44cb-4faf-b915-5afa0c7529d4: receive RaftClientReply:client-969FB6DA8C9A->4fcc8d53-44cb-4faf-b915-5afa0c7529d4@group-6A615BAE1DD1, cid=1022, SUCCESS, logIndex=1347, commits[4fcc8d53-44cb-4faf-b915-5afa0c7529d4:c1348, 48aa5eb4-709c-4003-adb5-fbc02723cd23:c1346, 609a8cf1-6ad3-4123-b94a-106ad93148a8:c1346]
2019-09-05 09:23:10,822 [grpc-default-executor-0] INFO  client.GrpcClientProtocolClient (GrpcClientProtocolClient.java:onNext(255)) - client-969FB6DA8C9A->4fcc8d53-44cb-4faf-b915-5afa0c7529d4: receive RaftClientReply:client-969FB6DA8C9A->4fcc8d53-44cb-4faf-b915-5afa0c7529d4@group-6A615BAE1DD1, cid=1023, SUCCESS, logIndex=1348, commits[4fcc8d53-44cb-4faf-b915-5afa0c7529d4:c1348, 48aa5eb4-709c-4003-adb5-fbc02723cd23:c1346, 609a8cf1-6ad3-4123-b94a-106ad93148a8:c1346]
2019-09-05 09:23:10,830 | INFO  | DNAudit | user=null | ip=null | op=WRITE_CHUNK {blockData=conID: 2 locID: 102739173903958461 bcsId: 1348} | ret=SUCCESS |  
2019-09-05 09:23:10,831 | INFO  | DNAudit | user=null | ip=null | op=WRITE_CHUNK {blockData=conID: 2 locID: 102739173903958461 bcsId: 1348} | ret=SUCCESS |  
2019-09-05 09:23:10,831 | INFO  | DNAudit | user=null | ip=null | op=WRITE_CHUNK {blockData=conID: 2 locID: 102739173903958461 bcsId: 1348} | ret=SUCCESS |  
2019-09-05 09:23:10,843 | INFO  | DNAudit | user=null | ip=null | op=WRITE_CHUNK {blockData=conID: 2 locID: 102739173903958461 bcsId: 1342} | ret=SUCCESS |  
2019-09-05 09:23:10,843 | INFO  | DNAudit | user=null | ip=null | op=WRITE_CHUNK {blockData=conID: 2 locID: 102739173903958461 bcsId: 1342} | ret=SUCCESS |  
2019-09-05 09:23:10,843 | INFO  | DNAudit | user=null | ip=null | op=PUT_BLOCK {blockData=[blockId=conID: 2 locID: 102739173903958461 bcsId: 0,size=3145728]} | ret=SUCCESS |  
2019-09-05 09:23:10,843 | INFO  | DNAudit | user=null | ip=null | op=PUT_BLOCK {blockData=[blockId=conID: 2 locID: 102739173903958461 bcsId: 0,size=3145728]} | ret=SUCCESS |  
2019-09-05 09:23:10,845 | INFO  | DNAudit | user=null | ip=null | op=WRITE_CHUNK {blockData=conID: 2 locID: 102739173903958461 bcsId: 1348} | ret=SUCCESS |  
2019-09-05 09:23:10,845 | INFO  | DNAudit | user=null | ip=null | op=PUT_BLOCK {blockData=[blockId=conID: 2 locID: 102739173903958461 bcsId: 0,size=4194304]} | ret=SUCCESS |  
2019-09-05 09:23:10,846 [grpc-default-executor-5] INFO  client.GrpcClientProtocolClient (GrpcClientProtocolClient.java:onNext(255)) - client-969FB6DA8C9A->4fcc8d53-44cb-4faf-b915-5afa0c7529d4: receive RaftClientReply:client-969FB6DA8C9A->4fcc8d53-44cb-4faf-b915-5afa0c7529d4@group-6A615BAE1DD1, cid=1024, SUCCESS, logIndex=1351, commits[4fcc8d53-44cb-4faf-b915-5afa0c7529d4:c1352, 48aa5eb4-709c-4003-adb5-fbc02723cd23:c1348, 609a8cf1-6ad3-4123-b94a-106ad93148a8:c1348]
2019-09-05 09:23:10,846 [grpc-default-executor-5] INFO  client.GrpcClientProtocolClient (GrpcClientProtocolClient.java:onNext(255)) - client-969FB6DA8C9A->4fcc8d53-44cb-4faf-b915-5afa0c7529d4: receive RaftClientReply:client-969FB6DA8C9A->4fcc8d53-44cb-4faf-b915-5afa0c7529d4@group-6A615BAE1DD1, cid=1025, SUCCESS, logIndex=1352, commits[4fcc8d53-44cb-4faf-b915-5afa0c7529d4:c1352, 48aa5eb4-709c-4003-adb5-fbc02723cd23:c1348, 609a8cf1-6ad3-4123-b94a-106ad93148a8:c1348]
2019-09-05 09:23:10,864 | INFO  | DNAudit | user=null | ip=null | op=WRITE_CHUNK {blockData=conID: 2 locID: 102739173903958461 bcsId: 1348} | ret=SUCCESS |  
2019-09-05 09:23:10,864 | INFO  | DNAudit | user=null | ip=null | op=WRITE_CHUNK {blockData=conID: 2 locID: 102739173903958461 bcsId: 1348} | ret=SUCCESS |  
2019-09-05 09:23:10,865 | INFO  | DNAudit | user=null | ip=null | op=PUT_BLOCK {blockData=[blockId=conID: 2 locID: 102739173903958461 bcsId: 0,size=4194304]} | ret=SUCCESS |  
2019-09-05 09:23:10,865 | INFO  | DNAudit | user=null | ip=null | op=PUT_BLOCK {blockData=[blockId=conID: 2 locID: 102739173903958461 bcsId: 0,size=4194304]} | ret=SUCCESS |  
2019-09-05 09:23:10,866 [grpc-default-executor-5] INFO  client.GrpcClientProtocolClient (GrpcClientProtocolClient.java:onNext(255)) - client-969FB6DA8C9A->4fcc8d53-44cb-4faf-b915-5afa0c7529d4: receive RaftClientReply:client-969FB6DA8C9A->4fcc8d53-44cb-4faf-b915-5afa0c7529d4@group-6A615BAE1DD1, cid=1026, SUCCESS, logIndex=0, commits[4fcc8d53-44cb-4faf-b915-5afa0c7529d4:c1354, 48aa5eb4-709c-4003-adb5-fbc02723cd23:c1352, 609a8cf1-6ad3-4123-b94a-106ad93148a8:c1352]
2019-09-05 09:23:10,872 | INFO  | DNAudit | user=null | ip=null | op=WRITE_CHUNK {blockData=conID: 3 locID: 102739173903958462 bcsId: 0} | ret=SUCCESS |  
2019-09-05 09:23:10,873 | INFO  | DNAudit | user=null | ip=null | op=WRITE_CHUNK {blockData=conID: 3 locID: 102739173903958462 bcsId: 0} | ret=SUCCESS |  
2019-09-05 09:23:10,875 | INFO  | DNAudit | user=null | ip=null | op=WRITE_CHUNK {blockData=conID: 3 locID: 102739173903958462 bcsId: 0} | ret=SUCCESS |  
2019-09-05 09:23:10,875 | INFO  | DNAudit | user=null | ip=null | op=WRITE_CHUNK {blockData=conID: 3 locID: 102739173903958462 bcsId: 0} | ret=SUCCESS |  
2019-09-05 09:23:10,875 | INFO  | DNAudit | user=null | ip=null | op=WRITE_CHUNK {blockData=conID: 3 locID: 102739173903958462 bcsId: 0} | ret=SUCCESS |  
2019-09-05 09:23:10,876 | INFO  | DNAudit | user=null | ip=null | op=WRITE_CHUNK {blockData=conID: 3 locID: 102739173903958462 bcsId: 0} | ret=SUCCESS |  
2019-09-05 09:23:10,893 | INFO  | DNAudit | user=null | ip=null | op=WRITE_CHUNK {blockData=conID: 3 locID: 102739173903958462 bcsId: 0} | ret=SUCCESS |  
2019-09-05 09:23:10,894 | INFO  | DNAudit | user=null | ip=null | op=PUT_BLOCK {blockData=[blockId=conID: 3 locID: 102739173903958462 bcsId: 0,size=1048576]} | ret=SUCCESS |  
2019-09-05 09:23:10,894 | INFO  | DNAudit | user=null | ip=null | op=WRITE_CHUNK {blockData=conID: 3 locID: 102739173903958462 bcsId: 0} | ret=SUCCESS |  
2019-09-05 09:23:10,894 [grpc-default-executor-4] INFO  client.GrpcClientProtocolClient (GrpcClientProtocolClient.java:onNext(255)) - client-969FB6DA8C9A->4fcc8d53-44cb-4faf-b915-5afa0c7529d4: receive RaftClientReply:client-969FB6DA8C9A->4fcc8d53-44cb-4faf-b915-5afa0c7529d4@group-6A615BAE1DD1, cid=1027, SUCCESS, logIndex=1355, commits[4fcc8d53-44cb-4faf-b915-5afa0c7529d4:c1358, 48aa5eb4-709c-4003-adb5-fbc02723cd23:c1354, 609a8cf1-6ad3-4123-b94a-106ad93148a8:c1354]
2019-09-05 09:23:10,894 | INFO  | DNAudit | user=null | ip=null | op=PUT_BLOCK {blockData=[blockId=conID: 3 locID: 102739173903958462 bcsId: 0,size=2097152]} | ret=SUCCESS |  
2019-09-05 09:23:10,895 [grpc-default-executor-4] INFO  client.GrpcClientProtocolClient (GrpcClientProtocolClient.java:onNext(255)) - client-969FB6DA8C9A->4fcc8d53-44cb-4faf-b915-5afa0c7529d4: receive RaftClientReply:client-969FB6DA8C9A->4fcc8d53-44cb-4faf-b915-5afa0c7529d4@group-6A615BAE1DD1, cid=1028, SUCCESS, logIndex=1356, commits[4fcc8d53-44cb-4faf-b915-5afa0c7529d4:c1358, 48aa5eb4-709c-4003-adb5-fbc02723cd23:c1354, 609a8cf1-6ad3-4123-b94a-106ad93148a8:c1354]
2019-09-05 09:23:10,895 [grpc-default-executor-4] INFO  client.GrpcClientProtocolClient (GrpcClientProtocolClient.java:onNext(255)) - client-969FB6DA8C9A->4fcc8d53-44cb-4faf-b915-5afa0c7529d4: receive RaftClientReply:client-969FB6DA8C9A->4fcc8d53-44cb-4faf-b915-5afa0c7529d4@group-6A615BAE1DD1, cid=1029, SUCCESS, logIndex=1357, commits[4fcc8d53-44cb-4faf-b915-5afa0c7529d4:c1358, 48aa5eb4-709c-4003-adb5-fbc02723cd23:c1354, 609a8cf1-6ad3-4123-b94a-106ad93148a8:c1354]
2019-09-05 09:23:10,895 [grpc-default-executor-4] INFO  client.GrpcClientProtocolClient (GrpcClientProtocolClient.java:onNext(255)) - client-969FB6DA8C9A->4fcc8d53-44cb-4faf-b915-5afa0c7529d4: receive RaftClientReply:client-969FB6DA8C9A->4fcc8d53-44cb-4faf-b915-5afa0c7529d4@group-6A615BAE1DD1, cid=1030, SUCCESS, logIndex=1358, commits[4fcc8d53-44cb-4faf-b915-5afa0c7529d4:c1358, 48aa5eb4-709c-4003-adb5-fbc02723cd23:c1354, 609a8cf1-6ad3-4123-b94a-106ad93148a8:c1354]
2019-09-05 09:23:10,909 | INFO  | DNAudit | user=null | ip=null | op=WRITE_CHUNK {blockData=conID: 3 locID: 102739173903958462 bcsId: 0} | ret=SUCCESS |  
2019-09-05 09:23:10,909 | INFO  | DNAudit | user=null | ip=null | op=WRITE_CHUNK {blockData=conID: 3 locID: 102739173903958462 bcsId: 0} | ret=SUCCESS |  
2019-09-05 09:23:10,910 | INFO  | DNAudit | user=null | ip=null | op=PUT_BLOCK {blockData=[blockId=conID: 3 locID: 102739173903958462 bcsId: 0,size=1048576]} | ret=SUCCESS |  
2019-09-05 09:23:10,910 | INFO  | DNAudit | user=null | ip=null | op=PUT_BLOCK {blockData=[blockId=conID: 3 locID: 102739173903958462 bcsId: 0,size=1048576]} | ret=SUCCESS |  
2019-09-05 09:23:10,910 [grpc-default-executor-0] INFO  client.GrpcClientProtocolClient (GrpcClientProtocolClient.java:onNext(255)) - client-969FB6DA8C9A->4fcc8d53-44cb-4faf-b915-5afa0c7529d4: receive RaftClientReply:client-969FB6DA8C9A->4fcc8d53-44cb-4faf-b915-5afa0c7529d4@group-6A615BAE1DD1, cid=1031, SUCCESS, logIndex=0, commits[4fcc8d53-44cb-4faf-b915-5afa0c7529d4:c1359, 48aa5eb4-709c-4003-adb5-fbc02723cd23:c1356, 609a8cf1-6ad3-4123-b94a-106ad93148a8:c1356]
2019-09-05 09:23:10,910 | INFO  | DNAudit | user=null | ip=null | op=WRITE_CHUNK {blockData=conID: 3 locID: 102739173903958462 bcsId: 0} | ret=SUCCESS |  
2019-09-05 09:23:10,911 | INFO  | DNAudit | user=null | ip=null | op=PUT_BLOCK {blockData=[blockId=conID: 3 locID: 102739173903958462 bcsId: 0,size=2097152]} | ret=SUCCESS |  
2019-09-05 09:23:10,911 | INFO  | DNAudit | user=null | ip=null | op=WRITE_CHUNK {blockData=conID: 3 locID: 102739173903958462 bcsId: 0} | ret=SUCCESS |  
2019-09-05 09:23:10,911 | INFO  | DNAudit | user=null | ip=null | op=PUT_BLOCK {blockData=[blockId=conID: 3 locID: 102739173903958462 bcsId: 0,size=2097152]} | ret=SUCCESS |  
2019-09-05 09:23:10,916 | INFO  | DNAudit | user=null | ip=null | op=WRITE_CHUNK {blockData=conID: 3 locID: 102739173903958462 bcsId: 1358} | ret=SUCCESS |  
2019-09-05 09:23:10,918 | INFO  | DNAudit | user=null | ip=null | op=WRITE_CHUNK {blockData=conID: 3 locID: 102739173903958462 bcsId: 1358} | ret=SUCCESS |  
2019-09-05 09:23:10,919 | INFO  | DNAudit | user=null | ip=null | op=WRITE_CHUNK {blockData=conID: 3 locID: 102739173903958462 bcsId: 1358} | ret=SUCCESS |  
2019-09-05 09:23:10,947 | INFO  | DNAudit | user=null | ip=null | op=WRITE_CHUNK {blockData=conID: 3 locID: 102739173903958462 bcsId: 1358} | ret=SUCCESS |  
2019-09-05 09:23:10,947 | INFO  | DNAudit | user=null | ip=null | op=PUT_BLOCK {blockData=[blockId=conID: 3 locID: 102739173903958462 bcsId: 0,size=3145728]} | ret=SUCCESS |  
2019-09-05 09:23:10,948 [grpc-default-executor-0] INFO  client.GrpcClientProtocolClient (GrpcClientProtocolClient.java:onNext(255)) - client-969FB6DA8C9A->4fcc8d53-44cb-4faf-b915-5afa0c7529d4: receive RaftClientReply:client-969FB6DA8C9A->4fcc8d53-44cb-4faf-b915-5afa0c7529d4@group-6A615BAE1DD1, cid=1032, SUCCESS, logIndex=1362, commits[4fcc8d53-44cb-4faf-b915-5afa0c7529d4:c1363, 48aa5eb4-709c-4003-adb5-fbc02723cd23:c1361, 609a8cf1-6ad3-4123-b94a-106ad93148a8:c1361]
2019-09-05 09:23:10,948 [grpc-default-executor-0] INFO  client.GrpcClientProtocolClient (GrpcClientProtocolClient.java:onNext(255)) - client-969FB6DA8C9A->4fcc8d53-44cb-4faf-b915-5afa0c7529d4: receive RaftClientReply:client-969FB6DA8C9A->4fcc8d53-44cb-4faf-b915-5afa0c7529d4@group-6A615BAE1DD1, cid=1033, SUCCESS, logIndex=1363, commits[4fcc8d53-44cb-4faf-b915-5afa0c7529d4:c1363, 48aa5eb4-709c-4003-adb5-fbc02723cd23:c1361, 609a8cf1-6ad3-4123-b94a-106ad93148a8:c1361]
2019-09-05 09:23:10,954 | INFO  | DNAudit | user=null | ip=null | op=WRITE_CHUNK {blockData=conID: 3 locID: 102739173903958462 bcsId: 1363} | ret=SUCCESS |  
2019-09-05 09:23:10,956 | INFO  | DNAudit | user=null | ip=null | op=WRITE_CHUNK {blockData=conID: 3 locID: 102739173903958462 bcsId: 1363} | ret=SUCCESS |  
2019-09-05 09:23:10,956 | INFO  | DNAudit | user=null | ip=null | op=WRITE_CHUNK {blockData=conID: 3 locID: 102739173903958462 bcsId: 1363} | ret=SUCCESS |  
2019-09-05 09:23:11,012 | INFO  | DNAudit | user=null | ip=null | op=WRITE_CHUNK {blockData=conID: 3 locID: 102739173903958462 bcsId: 1358} | ret=SUCCESS |  
2019-09-05 09:23:11,012 | INFO  | DNAudit | user=null | ip=null | op=WRITE_CHUNK {blockData=conID: 3 locID: 102739173903958462 bcsId: 1358} | ret=SUCCESS |  
2019-09-05 09:23:11,014 | INFO  | DNAudit | user=null | ip=null | op=PUT_BLOCK {blockData=[blockId=conID: 3 locID: 102739173903958462 bcsId: 0,size=3145728]} | ret=SUCCESS |  
2019-09-05 09:23:11,014 | INFO  | DNAudit | user=null | ip=null | op=PUT_BLOCK {blockData=[blockId=conID: 3 locID: 102739173903958462 bcsId: 0,size=3145728]} | ret=SUCCESS |  
2019-09-05 09:23:11,014 | INFO  | DNAudit | user=null | ip=null | op=WRITE_CHUNK {blockData=conID: 3 locID: 102739173903958462 bcsId: 1363} | ret=SUCCESS |  
2019-09-05 09:23:11,015 | INFO  | DNAudit | user=null | ip=null | op=PUT_BLOCK {blockData=[blockId=conID: 3 locID: 102739173903958462 bcsId: 0,size=4194304]} | ret=SUCCESS |  
2019-09-05 09:23:11,015 [grpc-default-executor-0] INFO  client.GrpcClientProtocolClient (GrpcClientProtocolClient.java:onNext(255)) - client-969FB6DA8C9A->4fcc8d53-44cb-4faf-b915-5afa0c7529d4: receive RaftClientReply:client-969FB6DA8C9A->4fcc8d53-44cb-4faf-b915-5afa0c7529d4@group-6A615BAE1DD1, cid=1034, SUCCESS, logIndex=1366, commits[4fcc8d53-44cb-4faf-b915-5afa0c7529d4:c1366, 48aa5eb4-709c-4003-adb5-fbc02723cd23:c1363, 609a8cf1-6ad3-4123-b94a-106ad93148a8:c1363]
2019-09-05 09:23:11,015 [grpc-default-executor-0] INFO  client.GrpcClientProtocolClient (GrpcClientProtocolClient.java:onNext(255)) - client-969FB6DA8C9A->4fcc8d53-44cb-4faf-b915-5afa0c7529d4: receive RaftClientReply:client-969FB6DA8C9A->4fcc8d53-44cb-4faf-b915-5afa0c7529d4@group-6A615BAE1DD1, cid=1035, SUCCESS, logIndex=1367, commits[4fcc8d53-44cb-4faf-b915-5afa0c7529d4:c1367, 48aa5eb4-709c-4003-adb5-fbc02723cd23:c1363, 609a8cf1-6ad3-4123-b94a-106ad93148a8:c1363]
 0.00% |█                                                                                                    |  0/1 Time: 0:00:082019-09-05 09:23:11,031 | INFO  | DNAudit | user=null | ip=null | op=WRITE_CHUNK {blockData=conID: 3 locID: 102739173903958462 bcsId: 1363} | ret=SUCCESS |  
2019-09-05 09:23:11,031 | INFO  | DNAudit | user=null | ip=null | op=WRITE_CHUNK {blockData=conID: 3 locID: 102739173903958462 bcsId: 1363} | ret=SUCCESS |  
2019-09-05 09:23:11,032 | INFO  | DNAudit | user=null | ip=null | op=PUT_BLOCK {blockData=[blockId=conID: 3 locID: 102739173903958462 bcsId: 0,size=4194304]} | ret=SUCCESS |  
2019-09-05 09:23:11,032 | INFO  | DNAudit | user=null | ip=null | op=PUT_BLOCK {blockData=[blockId=conID: 3 locID: 102739173903958462 bcsId: 0,size=4194304]} | ret=SUCCESS |  
2019-09-05 09:23:11,032 [grpc-default-executor-0] INFO  client.GrpcClientProtocolClient (GrpcClientProtocolClient.java:onNext(255)) - client-969FB6DA8C9A->4fcc8d53-44cb-4faf-b915-5afa0c7529d4: receive RaftClientReply:client-969FB6DA8C9A->4fcc8d53-44cb-4faf-b915-5afa0c7529d4@group-6A615BAE1DD1, cid=1036, SUCCESS, logIndex=0, commits[4fcc8d53-44cb-4faf-b915-5afa0c7529d4:c1369, 48aa5eb4-709c-4003-adb5-fbc02723cd23:c1367, 609a8cf1-6ad3-4123-b94a-106ad93148a8:c1367]
2019-09-05 09:23:11,038 | INFO  | DNAudit | user=null | ip=null | op=WRITE_CHUNK {blockData=conID: 1 locID: 102739173903958463 bcsId: 0} | ret=SUCCESS |  
2019-09-05 09:23:11,041 | INFO  | DNAudit | user=null | ip=null | op=WRITE_CHUNK {blockData=conID: 1 locID: 102739173903958463 bcsId: 0} | ret=SUCCESS |  
2019-09-05 09:23:11,041 | INFO  | DNAudit | user=null | ip=null | op=WRITE_CHUNK {blockData=conID: 1 locID: 102739173903958463 bcsId: 0} | ret=SUCCESS |  
2019-09-05 09:23:11,042 | INFO  | DNAudit | user=null | ip=null | op=WRITE_CHUNK {blockData=conID: 1 locID: 102739173903958463 bcsId: 0} | ret=SUCCESS |  
2019-09-05 09:23:11,043 | INFO  | DNAudit | user=null | ip=null | op=WRITE_CHUNK {blockData=conID: 1 locID: 102739173903958463 bcsId: 0} | ret=SUCCESS |  
2019-09-05 09:23:11,043 | INFO  | DNAudit | user=null | ip=null | op=WRITE_CHUNK {blockData=conID: 1 locID: 102739173903958463 bcsId: 0} | ret=SUCCESS |  
2019-09-05 09:23:11,054 | INFO  | SCMAudit | user=jenkins1000 | ip=192.168.36.69 | op=SEND_HEARTBEAT {datanodeUUID=48aa5eb4-709c-4003-adb5-fbc02723cd23, command=[]} | ret=SUCCESS |  
2019-09-05 09:23:11,054 | INFO  | SCMAudit | user=jenkins1000 | ip=192.168.36.69 | op=SEND_HEARTBEAT {datanodeUUID=609a8cf1-6ad3-4123-b94a-106ad93148a8, command=[]} | ret=SUCCESS |  
2019-09-05 09:23:11,054 | INFO  | SCMAudit | user=jenkins1000 | ip=192.168.36.69 | op=SEND_HEARTBEAT {datanodeUUID=4fcc8d53-44cb-4faf-b915-5afa0c7529d4, command=[]} | ret=SUCCESS |  
2019-09-05 09:23:11,055 | INFO  | DNAudit | user=null | ip=null | op=WRITE_CHUNK {blockData=conID: 1 locID: 102739173903958463 bcsId: 0} | ret=SUCCESS |  
2019-09-05 09:23:11,055 | INFO  | DNAudit | user=null | ip=null | op=PUT_BLOCK {blockData=[blockId=conID: 1 locID: 102739173903958463 bcsId: 0,size=1048576]} | ret=SUCCESS |  
2019-09-05 09:23:11,056 | INFO  | DNAudit | user=null | ip=null | op=WRITE_CHUNK {blockData=conID: 1 locID: 102739173903958463 bcsId: 0} | ret=SUCCESS |  
2019-09-05 09:23:11,056 [grpc-default-executor-4] INFO  client.GrpcClientProtocolClient (GrpcClientProtocolClient.java:onNext(255)) - client-969FB6DA8C9A->4fcc8d53-44cb-4faf-b915-5afa0c7529d4: receive RaftClientReply:client-969FB6DA8C9A->4fcc8d53-44cb-4faf-b915-5afa0c7529d4@group-6A615BAE1DD1, cid=1037, SUCCESS, logIndex=1370, commits[4fcc8d53-44cb-4faf-b915-5afa0c7529d4:c1373, 48aa5eb4-709c-4003-adb5-fbc02723cd23:c1369, 609a8cf1-6ad3-4123-b94a-106ad93148a8:c1369]
2019-09-05 09:23:11,056 | INFO  | DNAudit | user=null | ip=null | op=PUT_BLOCK {blockData=[blockId=conID: 1 locID: 102739173903958463 bcsId: 0,size=2097152]} | ret=SUCCESS |  
2019-09-05 09:23:11,056 [grpc-default-executor-4] INFO  client.GrpcClientProtocolClient (GrpcClientProtocolClient.java:onNext(255)) - client-969FB6DA8C9A->4fcc8d53-44cb-4faf-b915-5afa0c7529d4: receive RaftClientReply:client-969FB6DA8C9A->4fcc8d53-44cb-4faf-b915-5afa0c7529d4@group-6A615BAE1DD1, cid=1038, SUCCESS, logIndex=1371, commits[4fcc8d53-44cb-4faf-b915-5afa0c7529d4:c1373, 48aa5eb4-709c-4003-adb5-fbc02723cd23:c1369, 609a8cf1-6ad3-4123-b94a-106ad93148a8:c1369]
2019-09-05 09:23:11,056 [grpc-default-executor-4] INFO  client.GrpcClientProtocolClient (GrpcClientProtocolClient.java:onNext(255)) - client-969FB6DA8C9A->4fcc8d53-44cb-4faf-b915-5afa0c7529d4: receive RaftClientReply:client-969FB6DA8C9A->4fcc8d53-44cb-4faf-b915-5afa0c7529d4@group-6A615BAE1DD1, cid=1039, SUCCESS, logIndex=1372, commits[4fcc8d53-44cb-4faf-b915-5afa0c7529d4:c1373, 48aa5eb4-709c-4003-adb5-fbc02723cd23:c1369, 609a8cf1-6ad3-4123-b94a-106ad93148a8:c1369]
2019-09-05 09:23:11,057 [grpc-default-executor-4] INFO  client.GrpcClientProtocolClient (GrpcClientProtocolClient.java:onNext(255)) - client-969FB6DA8C9A->4fcc8d53-44cb-4faf-b915-5afa0c7529d4: receive RaftClientReply:client-969FB6DA8C9A->4fcc8d53-44cb-4faf-b915-5afa0c7529d4@group-6A615BAE1DD1, cid=1040, SUCCESS, logIndex=1373, commits[4fcc8d53-44cb-4faf-b915-5afa0c7529d4:c1373, 48aa5eb4-709c-4003-adb5-fbc02723cd23:c1369, 609a8cf1-6ad3-4123-b94a-106ad93148a8:c1369]
2019-09-05 09:23:11,073 | INFO  | DNAudit | user=null | ip=null | op=WRITE_CHUNK {blockData=conID: 1 locID: 102739173903958463 bcsId: 0} | ret=SUCCESS |  
2019-09-05 09:23:11,073 | INFO  | DNAudit | user=null | ip=null | op=WRITE_CHUNK {blockData=conID: 1 locID: 102739173903958463 bcsId: 0} | ret=SUCCESS |  
2019-09-05 09:23:11,073 | INFO  | DNAudit | user=null | ip=null | op=PUT_BLOCK {blockData=[blockId=conID: 1 locID: 102739173903958463 bcsId: 0,size=1048576]} | ret=SUCCESS |  
2019-09-05 09:23:11,073 | INFO  | DNAudit | user=null | ip=null | op=PUT_BLOCK {blockData=[blockId=conID: 1 locID: 102739173903958463 bcsId: 0,size=1048576]} | ret=SUCCESS |  
2019-09-05 09:23:11,073 [grpc-default-executor-4] INFO  client.GrpcClientProtocolClient (GrpcClientProtocolClient.java:onNext(255)) - client-969FB6DA8C9A->4fcc8d53-44cb-4faf-b915-5afa0c7529d4: receive RaftClientReply:client-969FB6DA8C9A->4fcc8d53-44cb-4faf-b915-5afa0c7529d4@group-6A615BAE1DD1, cid=1041, SUCCESS, logIndex=0, commits[4fcc8d53-44cb-4faf-b915-5afa0c7529d4:c1373, 48aa5eb4-709c-4003-adb5-fbc02723cd23:c1371, 609a8cf1-6ad3-4123-b94a-106ad93148a8:c1371]
2019-09-05 09:23:11,074 | INFO  | DNAudit | user=null | ip=null | op=WRITE_CHUNK {blockData=conID: 1 locID: 102739173903958463 bcsId: 0} | ret=SUCCESS |  
2019-09-05 09:23:11,074 | INFO  | DNAudit | user=null | ip=null | op=WRITE_CHUNK {blockData=conID: 1 locID: 102739173903958463 bcsId: 0} | ret=SUCCESS |  
2019-09-05 09:23:11,074 | INFO  | DNAudit | user=null | ip=null | op=PUT_BLOCK {blockData=[blockId=conID: 1 locID: 102739173903958463 bcsId: 0,size=2097152]} | ret=SUCCESS |  
2019-09-05 09:23:11,074 | INFO  | DNAudit | user=null | ip=null | op=PUT_BLOCK {blockData=[blockId=conID: 1 locID: 102739173903958463 bcsId: 0,size=2097152]} | ret=SUCCESS |  
2019-09-05 09:23:11,080 | INFO  | DNAudit | user=null | ip=null | op=WRITE_CHUNK {blockData=conID: 1 locID: 102739173903958463 bcsId: 1373} | ret=SUCCESS |  
2019-09-05 09:23:11,082 | INFO  | DNAudit | user=null | ip=null | op=WRITE_CHUNK {blockData=conID: 1 locID: 102739173903958463 bcsId: 1373} | ret=SUCCESS |  
2019-09-05 09:23:11,082 | INFO  | DNAudit | user=null | ip=null | op=WRITE_CHUNK {blockData=conID: 1 locID: 102739173903958463 bcsId: 1373} | ret=SUCCESS |  
2019-09-05 09:23:11,096 | INFO  | DNAudit | user=null | ip=null | op=WRITE_CHUNK {blockData=conID: 1 locID: 102739173903958463 bcsId: 1373} | ret=SUCCESS |  
2019-09-05 09:23:11,096 | INFO  | DNAudit | user=null | ip=null | op=PUT_BLOCK {blockData=[blockId=conID: 1 locID: 102739173903958463 bcsId: 0,size=3145728]} | ret=SUCCESS |  
2019-09-05 09:23:11,096 [grpc-default-executor-0] INFO  client.GrpcClientProtocolClient (GrpcClientProtocolClient.java:onNext(255)) - client-969FB6DA8C9A->4fcc8d53-44cb-4faf-b915-5afa0c7529d4: receive RaftClientReply:client-969FB6DA8C9A->4fcc8d53-44cb-4faf-b915-5afa0c7529d4@group-6A615BAE1DD1, cid=1042, SUCCESS, logIndex=1378, commits[4fcc8d53-44cb-4faf-b915-5afa0c7529d4:c1379, 48aa5eb4-709c-4003-adb5-fbc02723cd23:c1377, 609a8cf1-6ad3-4123-b94a-106ad93148a8:c1377]
2019-09-05 09:23:11,097 [grpc-default-executor-0] INFO  client.GrpcClientProtocolClient (GrpcClientProtocolClient.java:onNext(255)) - client-969FB6DA8C9A->4fcc8d53-44cb-4faf-b915-5afa0c7529d4: receive RaftClientReply:client-969FB6DA8C9A->4fcc8d53-44cb-4faf-b915-5afa0c7529d4@group-6A615BAE1DD1, cid=1043, SUCCESS, logIndex=1379, commits[4fcc8d53-44cb-4faf-b915-5afa0c7529d4:c1379, 48aa5eb4-709c-4003-adb5-fbc02723cd23:c1377, 609a8cf1-6ad3-4123-b94a-106ad93148a8:c1377]
2019-09-05 09:23:11,103 | INFO  | DNAudit | user=null | ip=null | op=WRITE_CHUNK {blockData=conID: 1 locID: 102739173903958463 bcsId: 1379} | ret=SUCCESS |  
2019-09-05 09:23:11,106 | INFO  | DNAudit | user=null | ip=null | op=WRITE_CHUNK {blockData=conID: 1 locID: 102739173903958463 bcsId: 1379} | ret=SUCCESS |  
2019-09-05 09:23:11,106 | INFO  | DNAudit | user=null | ip=null | op=WRITE_CHUNK {blockData=conID: 1 locID: 102739173903958463 bcsId: 1379} | ret=SUCCESS |  
2019-09-05 09:23:11,114 | INFO  | DNAudit | user=null | ip=null | op=WRITE_CHUNK {blockData=conID: 1 locID: 102739173903958463 bcsId: 1373} | ret=SUCCESS |  
2019-09-05 09:23:11,114 | INFO  | DNAudit | user=null | ip=null | op=WRITE_CHUNK {blockData=conID: 1 locID: 102739173903958463 bcsId: 1373} | ret=SUCCESS |  
2019-09-05 09:23:11,114 | INFO  | DNAudit | user=null | ip=null | op=PUT_BLOCK {blockData=[blockId=conID: 1 locID: 102739173903958463 bcsId: 0,size=3145728]} | ret=SUCCESS |  
2019-09-05 09:23:11,114 | INFO  | DNAudit | user=null | ip=null | op=PUT_BLOCK {blockData=[blockId=conID: 1 locID: 102739173903958463 bcsId: 0,size=3145728]} | ret=SUCCESS |  
2019-09-05 09:23:11,115 | INFO  | DNAudit | user=null | ip=null | op=WRITE_CHUNK {blockData=conID: 1 locID: 102739173903958463 bcsId: 1379} | ret=SUCCESS |  
2019-09-05 09:23:11,116 | INFO  | DNAudit | user=null | ip=null | op=PUT_BLOCK {blockData=[blockId=conID: 1 locID: 102739173903958463 bcsId: 0,size=4194304]} | ret=SUCCESS |  
2019-09-05 09:23:11,116 [grpc-default-executor-4] INFO  client.GrpcClientProtocolClient (GrpcClientProtocolClient.java:onNext(255)) - client-969FB6DA8C9A->4fcc8d53-44cb-4faf-b915-5afa0c7529d4: receive RaftClientReply:client-969FB6DA8C9A->4fcc8d53-44cb-4faf-b915-5afa0c7529d4@group-6A615BAE1DD1, cid=1044, SUCCESS, logIndex=1382, commits[4fcc8d53-44cb-4faf-b915-5afa0c7529d4:c1383, 48aa5eb4-709c-4003-adb5-fbc02723cd23:c1379, 609a8cf1-6ad3-4123-b94a-106ad93148a8:c1379]
2019-09-05 09:23:11,116 [grpc-default-executor-4] INFO  client.GrpcClientProtocolClient (GrpcClientProtocolClient.java:onNext(255)) - client-969FB6DA8C9A->4fcc8d53-44cb-4faf-b915-5afa0c7529d4: receive RaftClientReply:client-969FB6DA8C9A->4fcc8d53-44cb-4faf-b915-5afa0c7529d4@group-6A615BAE1DD1, cid=1045, SUCCESS, logIndex=1383, commits[4fcc8d53-44cb-4faf-b915-5afa0c7529d4:c1383, 48aa5eb4-709c-4003-adb5-fbc02723cd23:c1379, 609a8cf1-6ad3-4123-b94a-106ad93148a8:c1379]
2019-09-05 09:23:11,134 | INFO  | DNAudit | user=null | ip=null | op=WRITE_CHUNK {blockData=conID: 1 locID: 102739173903958463 bcsId: 1379} | ret=SUCCESS |  
2019-09-05 09:23:11,134 | INFO  | DNAudit | user=null | ip=null | op=WRITE_CHUNK {blockData=conID: 1 locID: 102739173903958463 bcsId: 1379} | ret=SUCCESS |  
2019-09-05 09:23:11,136 | INFO  | DNAudit | user=null | ip=null | op=PUT_BLOCK {blockData=[blockId=conID: 1 locID: 102739173903958463 bcsId: 0,size=4194304]} | ret=SUCCESS |  
2019-09-05 09:23:11,136 | INFO  | DNAudit | user=null | ip=null | op=PUT_BLOCK {blockData=[blockId=conID: 1 locID: 102739173903958463 bcsId: 0,size=4194304]} | ret=SUCCESS |  
2019-09-05 09:23:11,136 [grpc-default-executor-4] INFO  client.GrpcClientProtocolClient (GrpcClientProtocolClient.java:onNext(255)) - client-969FB6DA8C9A->4fcc8d53-44cb-4faf-b915-5afa0c7529d4: receive RaftClientReply:client-969FB6DA8C9A->4fcc8d53-44cb-4faf-b915-5afa0c7529d4@group-6A615BAE1DD1, cid=1046, SUCCESS, logIndex=0, commits[4fcc8d53-44cb-4faf-b915-5afa0c7529d4:c1385, 48aa5eb4-709c-4003-adb5-fbc02723cd23:c1383, 609a8cf1-6ad3-4123-b94a-106ad93148a8:c1383]
2019-09-05 09:23:11,145 | INFO  | DNAudit | user=null | ip=null | op=WRITE_CHUNK {blockData=conID: 2 locID: 102739173903958464 bcsId: 0} | ret=SUCCESS |  
2019-09-05 09:23:11,146 | INFO  | DNAudit | user=null | ip=null | op=WRITE_CHUNK {blockData=conID: 2 locID: 102739173903958464 bcsId: 0} | ret=SUCCESS |  
2019-09-05 09:23:11,147 | INFO  | DNAudit | user=null | ip=null | op=WRITE_CHUNK {blockData=conID: 2 locID: 102739173903958464 bcsId: 0} | ret=SUCCESS |  
2019-09-05 09:23:11,148 | INFO  | DNAudit | user=null | ip=null | op=WRITE_CHUNK {blockData=conID: 2 locID: 102739173903958464 bcsId: 0} | ret=SUCCESS |  
2019-09-05 09:23:11,149 | INFO  | DNAudit | user=null | ip=null | op=WRITE_CHUNK {blockData=conID: 2 locID: 102739173903958464 bcsId: 0} | ret=SUCCESS |  
2019-09-05 09:23:11,149 | INFO  | DNAudit | user=null | ip=null | op=WRITE_CHUNK {blockData=conID: 2 locID: 102739173903958464 bcsId: 0} | ret=SUCCESS |  
2019-09-05 09:23:11,169 | INFO  | DNAudit | user=null | ip=null | op=WRITE_CHUNK {blockData=conID: 2 locID: 102739173903958464 bcsId: 0} | ret=SUCCESS |  
2019-09-05 09:23:11,169 | INFO  | DNAudit | user=null | ip=null | op=PUT_BLOCK {blockData=[blockId=conID: 2 locID: 102739173903958464 bcsId: 0,size=1048576]} | ret=SUCCESS |  
2019-09-05 09:23:11,169 [grpc-default-executor-0] INFO  client.GrpcClientProtocolClient (GrpcClientProtocolClient.java:onNext(255)) - client-969FB6DA8C9A->4fcc8d53-44cb-4faf-b915-5afa0c7529d4: receive RaftClientReply:client-969FB6DA8C9A->4fcc8d53-44cb-4faf-b915-5afa0c7529d4@group-6A615BAE1DD1, cid=1047, SUCCESS, logIndex=1386, commits[4fcc8d53-44cb-4faf-b915-5afa0c7529d4:c1389, 48aa5eb4-709c-4003-adb5-fbc02723cd23:c1385, 609a8cf1-6ad3-4123-b94a-106ad93148a8:c1385]
2019-09-05 09:23:11,169 | INFO  | DNAudit | user=null | ip=null | op=WRITE_CHUNK {blockData=conID: 2 locID: 102739173903958464 bcsId: 0} | ret=SUCCESS |  
2019-09-05 09:23:11,170 [grpc-default-executor-0] INFO  client.GrpcClientProtocolClient (GrpcClientProtocolClient.java:onNext(255)) - client-969FB6DA8C9A->4fcc8d53-44cb-4faf-b915-5afa0c7529d4: receive RaftClientReply:client-969FB6DA8C9A->4fcc8d53-44cb-4faf-b915-5afa0c7529d4@group-6A615BAE1DD1, cid=1048, SUCCESS, logIndex=1387, commits[4fcc8d53-44cb-4faf-b915-5afa0c7529d4:c1389, 48aa5eb4-709c-4003-adb5-fbc02723cd23:c1385, 609a8cf1-6ad3-4123-b94a-106ad93148a8:c1385]
2019-09-05 09:23:11,170 | INFO  | DNAudit | user=null | ip=null | op=PUT_BLOCK {blockData=[blockId=conID: 2 locID: 102739173903958464 bcsId: 0,size=2097152]} | ret=SUCCESS |  
2019-09-05 09:23:11,170 [grpc-default-executor-0] INFO  client.GrpcClientProtocolClient (GrpcClientProtocolClient.java:onNext(255)) - client-969FB6DA8C9A->4fcc8d53-44cb-4faf-b915-5afa0c7529d4: receive RaftClientReply:client-969FB6DA8C9A->4fcc8d53-44cb-4faf-b915-5afa0c7529d4@group-6A615BAE1DD1, cid=1049, SUCCESS, logIndex=1388, commits[4fcc8d53-44cb-4faf-b915-5afa0c7529d4:c1389, 48aa5eb4-709c-4003-adb5-fbc02723cd23:c1385, 609a8cf1-6ad3-4123-b94a-106ad93148a8:c1385]
2019-09-05 09:23:11,170 [grpc-default-executor-0] INFO  client.GrpcClientProtocolClient (GrpcClientProtocolClient.java:onNext(255)) - client-969FB6DA8C9A->4fcc8d53-44cb-4faf-b915-5afa0c7529d4: receive RaftClientReply:client-969FB6DA8C9A->4fcc8d53-44cb-4faf-b915-5afa0c7529d4@group-6A615BAE1DD1, cid=1050, SUCCESS, logIndex=1389, commits[4fcc8d53-44cb-4faf-b915-5afa0c7529d4:c1389, 48aa5eb4-709c-4003-adb5-fbc02723cd23:c1385, 609a8cf1-6ad3-4123-b94a-106ad93148a8:c1385]
2019-09-05 09:23:11,182 | INFO  | DNAudit | user=null | ip=null | op=WRITE_CHUNK {blockData=conID: 2 locID: 102739173903958464 bcsId: 0} | ret=SUCCESS |  
2019-09-05 09:23:11,182 | INFO  | DNAudit | user=null | ip=null | op=WRITE_CHUNK {blockData=conID: 2 locID: 102739173903958464 bcsId: 0} | ret=SUCCESS |  
2019-09-05 09:23:11,182 | INFO  | DNAudit | user=null | ip=null | op=PUT_BLOCK {blockData=[blockId=conID: 2 locID: 102739173903958464 bcsId: 0,size=1048576]} | ret=SUCCESS |  
2019-09-05 09:23:11,182 | INFO  | DNAudit | user=null | ip=null | op=PUT_BLOCK {blockData=[blockId=conID: 2 locID: 102739173903958464 bcsId: 0,size=1048576]} | ret=SUCCESS |  
2019-09-05 09:23:11,182 [grpc-default-executor-5] INFO  client.GrpcClientProtocolClient (GrpcClientProtocolClient.java:onNext(255)) - client-969FB6DA8C9A->4fcc8d53-44cb-4faf-b915-5afa0c7529d4: receive RaftClientReply:client-969FB6DA8C9A->4fcc8d53-44cb-4faf-b915-5afa0c7529d4@group-6A615BAE1DD1, cid=1051, SUCCESS, logIndex=0, commits[4fcc8d53-44cb-4faf-b915-5afa0c7529d4:c1390, 48aa5eb4-709c-4003-adb5-fbc02723cd23:c1387, 609a8cf1-6ad3-4123-b94a-106ad93148a8:c1387]
2019-09-05 09:23:11,183 | INFO  | DNAudit | user=null | ip=null | op=WRITE_CHUNK {blockData=conID: 2 locID: 102739173903958464 bcsId: 0} | ret=SUCCESS |  
2019-09-05 09:23:11,183 | INFO  | DNAudit | user=null | ip=null | op=WRITE_CHUNK {blockData=conID: 2 locID: 102739173903958464 bcsId: 0} | ret=SUCCESS |  
2019-09-05 09:23:11,183 | INFO  | DNAudit | user=null | ip=null | op=PUT_BLOCK {blockData=[blockId=conID: 2 locID: 102739173903958464 bcsId: 0,size=2097152]} | ret=SUCCESS |  
2019-09-05 09:23:11,183 | INFO  | DNAudit | user=null | ip=null | op=PUT_BLOCK {blockData=[blockId=conID: 2 locID: 102739173903958464 bcsId: 0,size=2097152]} | ret=SUCCESS |  
2019-09-05 09:23:11,188 | INFO  | DNAudit | user=null | ip=null | op=WRITE_CHUNK {blockData=conID: 2 locID: 102739173903958464 bcsId: 1389} | ret=SUCCESS |  
2019-09-05 09:23:11,190 | INFO  | DNAudit | user=null | ip=null | op=WRITE_CHUNK {blockData=conID: 2 locID: 102739173903958464 bcsId: 1389} | ret=SUCCESS |  
2019-09-05 09:23:11,190 | INFO  | DNAudit | user=null | ip=null | op=WRITE_CHUNK {blockData=conID: 2 locID: 102739173903958464 bcsId: 1389} | ret=SUCCESS |  
2019-09-05 09:23:11,207 | INFO  | DNAudit | user=null | ip=null | op=WRITE_CHUNK {blockData=conID: 2 locID: 102739173903958464 bcsId: 1389} | ret=SUCCESS |  
2019-09-05 09:23:11,207 | INFO  | DNAudit | user=null | ip=null | op=PUT_BLOCK {blockData=[blockId=conID: 2 locID: 102739173903958464 bcsId: 0,size=3145728]} | ret=SUCCESS |  
2019-09-05 09:23:11,208 [grpc-default-executor-5] INFO  client.GrpcClientProtocolClient (GrpcClientProtocolClient.java:onNext(255)) - client-969FB6DA8C9A->4fcc8d53-44cb-4faf-b915-5afa0c7529d4: receive RaftClientReply:client-969FB6DA8C9A->4fcc8d53-44cb-4faf-b915-5afa0c7529d4@group-6A615BAE1DD1, cid=1052, SUCCESS, logIndex=1394, commits[4fcc8d53-44cb-4faf-b915-5afa0c7529d4:c1395, 48aa5eb4-709c-4003-adb5-fbc02723cd23:c1393, 609a8cf1-6ad3-4123-b94a-106ad93148a8:c1393]
2019-09-05 09:23:11,208 [grpc-default-executor-5] INFO  client.GrpcClientProtocolClient (GrpcClientProtocolClient.java:onNext(255)) - client-969FB6DA8C9A->4fcc8d53-44cb-4faf-b915-5afa0c7529d4: receive RaftClientReply:client-969FB6DA8C9A->4fcc8d53-44cb-4faf-b915-5afa0c7529d4@group-6A615BAE1DD1, cid=1053, SUCCESS, logIndex=1395, commits[4fcc8d53-44cb-4faf-b915-5afa0c7529d4:c1395, 48aa5eb4-709c-4003-adb5-fbc02723cd23:c1393, 609a8cf1-6ad3-4123-b94a-106ad93148a8:c1393]
2019-09-05 09:23:11,214 | INFO  | DNAudit | user=null | ip=null | op=WRITE_CHUNK {blockData=conID: 2 locID: 102739173903958464 bcsId: 1395} | ret=SUCCESS |  
2019-09-05 09:23:11,216 | INFO  | DNAudit | user=null | ip=null | op=WRITE_CHUNK {blockData=conID: 2 locID: 102739173903958464 bcsId: 1395} | ret=SUCCESS |  
2019-09-05 09:23:11,217 | INFO  | DNAudit | user=null | ip=null | op=WRITE_CHUNK {blockData=conID: 2 locID: 102739173903958464 bcsId: 1395} | ret=SUCCESS |  
2019-09-05 09:23:11,226 | INFO  | DNAudit | user=null | ip=null | op=WRITE_CHUNK {blockData=conID: 2 locID: 102739173903958464 bcsId: 1389} | ret=SUCCESS |  
2019-09-05 09:23:11,226 | INFO  | DNAudit | user=null | ip=null | op=WRITE_CHUNK {blockData=conID: 2 locID: 102739173903958464 bcsId: 1389} | ret=SUCCESS |  
2019-09-05 09:23:11,227 | INFO  | DNAudit | user=null | ip=null | op=PUT_BLOCK {blockData=[blockId=conID: 2 locID: 102739173903958464 bcsId: 0,size=3145728]} | ret=SUCCESS |  
2019-09-05 09:23:11,227 | INFO  | DNAudit | user=null | ip=null | op=PUT_BLOCK {blockData=[blockId=conID: 2 locID: 102739173903958464 bcsId: 0,size=3145728]} | ret=SUCCESS |  
2019-09-05 09:23:11,228 | INFO  | DNAudit | user=null | ip=null | op=WRITE_CHUNK {blockData=conID: 2 locID: 102739173903958464 bcsId: 1395} | ret=SUCCESS |  
2019-09-05 09:23:11,228 | INFO  | DNAudit | user=null | ip=null | op=PUT_BLOCK {blockData=[blockId=conID: 2 locID: 102739173903958464 bcsId: 0,size=4194304]} | ret=SUCCESS |  
2019-09-05 09:23:11,228 [grpc-default-executor-5] INFO  client.GrpcClientProtocolClient (GrpcClientProtocolClient.java:onNext(255)) - client-969FB6DA8C9A->4fcc8d53-44cb-4faf-b915-5afa0c7529d4: receive RaftClientReply:client-969FB6DA8C9A->4fcc8d53-44cb-4faf-b915-5afa0c7529d4@group-6A615BAE1DD1, cid=1054, SUCCESS, logIndex=1398, commits[4fcc8d53-44cb-4faf-b915-5afa0c7529d4:c1399, 48aa5eb4-709c-4003-adb5-fbc02723cd23:c1395, 609a8cf1-6ad3-4123-b94a-106ad93148a8:c1395]
2019-09-05 09:23:11,229 [grpc-default-executor-5] INFO  client.GrpcClientProtocolClient (GrpcClientProtocolClient.java:onNext(255)) - client-969FB6DA8C9A->4fcc8d53-44cb-4faf-b915-5afa0c7529d4: receive RaftClientReply:client-969FB6DA8C9A->4fcc8d53-44cb-4faf-b915-5afa0c7529d4@group-6A615BAE1DD1, cid=1055, SUCCESS, logIndex=1399, commits[4fcc8d53-44cb-4faf-b915-5afa0c7529d4:c1399, 48aa5eb4-709c-4003-adb5-fbc02723cd23:c1395, 609a8cf1-6ad3-4123-b94a-106ad93148a8:c1395]
2019-09-05 09:23:11,238 | INFO  | SCMAudit | user=jenkins1000 | ip=192.168.36.69 | op=SEND_HEARTBEAT {datanodeUUID=5b6cff60-1414-40d6-b682-781dc5ff3023, command=[]} | ret=SUCCESS |  
2019-09-05 09:23:11,246 | INFO  | DNAudit | user=null | ip=null | op=WRITE_CHUNK {blockData=conID: 2 locID: 102739173903958464 bcsId: 1395} | ret=SUCCESS |  
2019-09-05 09:23:11,246 | INFO  | DNAudit | user=null | ip=null | op=WRITE_CHUNK {blockData=conID: 2 locID: 102739173903958464 bcsId: 1395} | ret=SUCCESS |  
2019-09-05 09:23:11,247 | INFO  | DNAudit | user=null | ip=null | op=PUT_BLOCK {blockData=[blockId=conID: 2 locID: 102739173903958464 bcsId: 0,size=4194304]} | ret=SUCCESS |  
2019-09-05 09:23:11,247 | INFO  | DNAudit | user=null | ip=null | op=PUT_BLOCK {blockData=[blockId=conID: 2 locID: 102739173903958464 bcsId: 0,size=4194304]} | ret=SUCCESS |  
2019-09-05 09:23:11,248 [grpc-default-executor-5] INFO  client.GrpcClientProtocolClient (GrpcClientProtocolClient.java:onNext(255)) - client-969FB6DA8C9A->4fcc8d53-44cb-4faf-b915-5afa0c7529d4: receive RaftClientReply:client-969FB6DA8C9A->4fcc8d53-44cb-4faf-b915-5afa0c7529d4@group-6A615BAE1DD1, cid=1056, SUCCESS, logIndex=0, commits[4fcc8d53-44cb-4faf-b915-5afa0c7529d4:c1401, 48aa5eb4-709c-4003-adb5-fbc02723cd23:c1399, 609a8cf1-6ad3-4123-b94a-106ad93148a8:c1399]
2019-09-05 09:23:11,253 | INFO  | DNAudit | user=null | ip=null | op=WRITE_CHUNK {blockData=conID: 3 locID: 102739173903958465 bcsId: 0} | ret=SUCCESS |  
2019-09-05 09:23:11,257 | INFO  | DNAudit | user=null | ip=null | op=WRITE_CHUNK {blockData=conID: 3 locID: 102739173903958465 bcsId: 0} | ret=SUCCESS |  
2019-09-05 09:23:11,257 | INFO  | DNAudit | user=null | ip=null | op=WRITE_CHUNK {blockData=conID: 3 locID: 102739173903958465 bcsId: 0} | ret=SUCCESS |  
2019-09-05 09:23:11,259 | INFO  | DNAudit | user=null | ip=null | op=WRITE_CHUNK {blockData=conID: 3 locID: 102739173903958465 bcsId: 0} | ret=SUCCESS |  
2019-09-05 09:23:11,260 | INFO  | DNAudit | user=null | ip=null | op=WRITE_CHUNK {blockData=conID: 3 locID: 102739173903958465 bcsId: 0} | ret=SUCCESS |  
2019-09-05 09:23:11,260 | INFO  | DNAudit | user=null | ip=null | op=WRITE_CHUNK {blockData=conID: 3 locID: 102739173903958465 bcsId: 0} | ret=SUCCESS |  
2019-09-05 09:23:11,272 | INFO  | DNAudit | user=null | ip=null | op=WRITE_CHUNK {blockData=conID: 3 locID: 102739173903958465 bcsId: 0} | ret=SUCCESS |  
2019-09-05 09:23:11,273 | INFO  | DNAudit | user=null | ip=null | op=PUT_BLOCK {blockData=[blockId=conID: 3 locID: 102739173903958465 bcsId: 0,size=1048576]} | ret=SUCCESS |  
2019-09-05 09:23:11,273 [grpc-default-executor-0] INFO  client.GrpcClientProtocolClient (GrpcClientProtocolClient.java:onNext(255)) - client-969FB6DA8C9A->4fcc8d53-44cb-4faf-b915-5afa0c7529d4: receive RaftClientReply:client-969FB6DA8C9A->4fcc8d53-44cb-4faf-b915-5afa0c7529d4@group-6A615BAE1DD1, cid=1057, SUCCESS, logIndex=1402, commits[4fcc8d53-44cb-4faf-b915-5afa0c7529d4:c1405, 48aa5eb4-709c-4003-adb5-fbc02723cd23:c1401, 609a8cf1-6ad3-4123-b94a-106ad93148a8:c1401]
2019-09-05 09:23:11,274 [grpc-default-executor-0] INFO  client.GrpcClientProtocolClient (GrpcClientProtocolClient.java:onNext(255)) - client-969FB6DA8C9A->4fcc8d53-44cb-4faf-b915-5afa0c7529d4: receive RaftClientReply:client-969FB6DA8C9A->4fcc8d53-44cb-4faf-b915-5afa0c7529d4@group-6A615BAE1DD1, cid=1058, SUCCESS, logIndex=1403, commits[4fcc8d53-44cb-4faf-b915-5afa0c7529d4:c1405, 48aa5eb4-709c-4003-adb5-fbc02723cd23:c1401, 609a8cf1-6ad3-4123-b94a-106ad93148a8:c1401]
2019-09-05 09:23:11,274 | INFO  | DNAudit | user=null | ip=null | op=WRITE_CHUNK {blockData=conID: 3 locID: 102739173903958465 bcsId: 0} | ret=SUCCESS |  
2019-09-05 09:23:11,274 [grpc-default-executor-0] INFO  client.GrpcClientProtocolClient (GrpcClientProtocolClient.java:onNext(255)) - client-969FB6DA8C9A->4fcc8d53-44cb-4faf-b915-5afa0c7529d4: receive RaftClientReply:client-969FB6DA8C9A->4fcc8d53-44cb-4faf-b915-5afa0c7529d4@group-6A615BAE1DD1, cid=1059, SUCCESS, logIndex=1404, commits[4fcc8d53-44cb-4faf-b915-5afa0c7529d4:c1405, 48aa5eb4-709c-4003-adb5-fbc02723cd23:c1401, 609a8cf1-6ad3-4123-b94a-106ad93148a8:c1401]
2019-09-05 09:23:11,274 | INFO  | DNAudit | user=null | ip=null | op=PUT_BLOCK {blockData=[blockId=conID: 3 locID: 102739173903958465 bcsId: 0,size=2097152]} | ret=SUCCESS |  
2019-09-05 09:23:11,275 [grpc-default-executor-0] INFO  client.GrpcClientProtocolClient (GrpcClientProtocolClient.java:onNext(255)) - client-969FB6DA8C9A->4fcc8d53-44cb-4faf-b915-5afa0c7529d4: receive RaftClientReply:client-969FB6DA8C9A->4fcc8d53-44cb-4faf-b915-5afa0c7529d4@group-6A615BAE1DD1, cid=1060, SUCCESS, logIndex=1405, commits[4fcc8d53-44cb-4faf-b915-5afa0c7529d4:c1405, 48aa5eb4-709c-4003-adb5-fbc02723cd23:c1401, 609a8cf1-6ad3-4123-b94a-106ad93148a8:c1401]
2019-09-05 09:23:11,296 | INFO  | DNAudit | user=null | ip=null | op=WRITE_CHUNK {blockData=conID: 3 locID: 102739173903958465 bcsId: 0} | ret=SUCCESS |  
2019-09-05 09:23:11,297 | INFO  | DNAudit | user=null | ip=null | op=WRITE_CHUNK {blockData=conID: 3 locID: 102739173903958465 bcsId: 0} | ret=SUCCESS |  
2019-09-05 09:23:11,298 | INFO  | DNAudit | user=null | ip=null | op=PUT_BLOCK {blockData=[blockId=conID: 3 locID: 102739173903958465 bcsId: 0,size=1048576]} | ret=SUCCESS |  
2019-09-05 09:23:11,298 | INFO  | DNAudit | user=null | ip=null | op=PUT_BLOCK {blockData=[blockId=conID: 3 locID: 102739173903958465 bcsId: 0,size=1048576]} | ret=SUCCESS |  
2019-09-05 09:23:11,298 | INFO  | DNAudit | user=null | ip=null | op=WRITE_CHUNK {blockData=conID: 3 locID: 102739173903958465 bcsId: 0} | ret=SUCCESS |  
2019-09-05 09:23:11,298 | INFO  | DNAudit | user=null | ip=null | op=WRITE_CHUNK {blockData=conID: 3 locID: 102739173903958465 bcsId: 0} | ret=SUCCESS |  
2019-09-05 09:23:11,298 | INFO  | DNAudit | user=null | ip=null | op=PUT_BLOCK {blockData=[blockId=conID: 3 locID: 102739173903958465 bcsId: 0,size=2097152]} | ret=SUCCESS |  
2019-09-05 09:23:11,298 | INFO  | DNAudit | user=null | ip=null | op=PUT_BLOCK {blockData=[blockId=conID: 3 locID: 102739173903958465 bcsId: 0,size=2097152]} | ret=SUCCESS |  
2019-09-05 09:23:11,299 [grpc-default-executor-0] INFO  client.GrpcClientProtocolClient (GrpcClientProtocolClient.java:onNext(255)) - client-969FB6DA8C9A->4fcc8d53-44cb-4faf-b915-5afa0c7529d4: receive RaftClientReply:client-969FB6DA8C9A->4fcc8d53-44cb-4faf-b915-5afa0c7529d4@group-6A615BAE1DD1, cid=1061, SUCCESS, logIndex=0, commits[4fcc8d53-44cb-4faf-b915-5afa0c7529d4:c1407, 48aa5eb4-709c-4003-adb5-fbc02723cd23:c1403, 609a8cf1-6ad3-4123-b94a-106ad93148a8:c1403]
2019-09-05 09:23:11,305 | INFO  | DNAudit | user=null | ip=null | op=WRITE_CHUNK {blockData=conID: 3 locID: 102739173903958465 bcsId: 1405} | ret=SUCCESS |  
2019-09-05 09:23:11,309 | INFO  | DNAudit | user=null | ip=null | op=WRITE_CHUNK {blockData=conID: 3 locID: 102739173903958465 bcsId: 1405} | ret=SUCCESS |  
2019-09-05 09:23:11,310 | INFO  | DNAudit | user=null | ip=null | op=WRITE_CHUNK {blockData=conID: 3 locID: 102739173903958465 bcsId: 1405} | ret=SUCCESS |  
2019-09-05 09:23:11,312 | INFO  | SCMAudit | user=jenkins1000 | ip=192.168.36.69 | op=SEND_HEARTBEAT {datanodeUUID=fe9e29a7-51ad-458f-9e11-f615da290baa, command=[]} | ret=SUCCESS |  
2019-09-05 09:23:11,330 | INFO  | DNAudit | user=null | ip=null | op=WRITE_CHUNK {blockData=conID: 3 locID: 102739173903958465 bcsId: 1405} | ret=SUCCESS |  
2019-09-05 09:23:11,331 | INFO  | DNAudit | user=null | ip=null | op=PUT_BLOCK {blockData=[blockId=conID: 3 locID: 102739173903958465 bcsId: 0,size=3145728]} | ret=SUCCESS |  
2019-09-05 09:23:11,331 [grpc-default-executor-0] INFO  client.GrpcClientProtocolClient (GrpcClientProtocolClient.java:onNext(255)) - client-969FB6DA8C9A->4fcc8d53-44cb-4faf-b915-5afa0c7529d4: receive RaftClientReply:client-969FB6DA8C9A->4fcc8d53-44cb-4faf-b915-5afa0c7529d4@group-6A615BAE1DD1, cid=1062, SUCCESS, logIndex=1410, commits[4fcc8d53-44cb-4faf-b915-5afa0c7529d4:c1411, 48aa5eb4-709c-4003-adb5-fbc02723cd23:c1409, 609a8cf1-6ad3-4123-b94a-106ad93148a8:c1409]
2019-09-05 09:23:11,331 [grpc-default-executor-0] INFO  client.GrpcClientProtocolClient (GrpcClientProtocolClient.java:onNext(255)) - client-969FB6DA8C9A->4fcc8d53-44cb-4faf-b915-5afa0c7529d4: receive RaftClientReply:client-969FB6DA8C9A->4fcc8d53-44cb-4faf-b915-5afa0c7529d4@group-6A615BAE1DD1, cid=1063, SUCCESS, logIndex=1411, commits[4fcc8d53-44cb-4faf-b915-5afa0c7529d4:c1411, 48aa5eb4-709c-4003-adb5-fbc02723cd23:c1409, 609a8cf1-6ad3-4123-b94a-106ad93148a8:c1409]
2019-09-05 09:23:11,340 | INFO  | DNAudit | user=null | ip=null | op=WRITE_CHUNK {blockData=conID: 3 locID: 102739173903958465 bcsId: 1411} | ret=SUCCESS |  
2019-09-05 09:23:11,343 | INFO  | DNAudit | user=null | ip=null | op=WRITE_CHUNK {blockData=conID: 3 locID: 102739173903958465 bcsId: 1411} | ret=SUCCESS |  
2019-09-05 09:23:11,343 | INFO  | DNAudit | user=null | ip=null | op=WRITE_CHUNK {blockData=conID: 3 locID: 102739173903958465 bcsId: 1411} | ret=SUCCESS |  
2019-09-05 09:23:11,351 | INFO  | DNAudit | user=null | ip=null | op=WRITE_CHUNK {blockData=conID: 3 locID: 102739173903958465 bcsId: 1405} | ret=SUCCESS |  
2019-09-05 09:23:11,351 | INFO  | DNAudit | user=null | ip=null | op=WRITE_CHUNK {blockData=conID: 3 locID: 102739173903958465 bcsId: 1405} | ret=SUCCESS |  
2019-09-05 09:23:11,352 | INFO  | DNAudit | user=null | ip=null | op=PUT_BLOCK {blockData=[blockId=conID: 3 locID: 102739173903958465 bcsId: 0,size=3145728]} | ret=SUCCESS |  
2019-09-05 09:23:11,353 | INFO  | DNAudit | user=null | ip=null | op=WRITE_CHUNK {blockData=conID: 3 locID: 102739173903958465 bcsId: 1411} | ret=SUCCESS |  
2019-09-05 09:23:11,353 | INFO  | DNAudit | user=null | ip=null | op=PUT_BLOCK {blockData=[blockId=conID: 3 locID: 102739173903958465 bcsId: 0,size=3145728]} | ret=SUCCESS |  
2019-09-05 09:23:11,353 | INFO  | DNAudit | user=null | ip=null | op=PUT_BLOCK {blockData=[blockId=conID: 3 locID: 102739173903958465 bcsId: 0,size=4194304]} | ret=SUCCESS |  
2019-09-05 09:23:11,354 [grpc-default-executor-5] INFO  client.GrpcClientProtocolClient (GrpcClientProtocolClient.java:onNext(255)) - client-969FB6DA8C9A->4fcc8d53-44cb-4faf-b915-5afa0c7529d4: receive RaftClientReply:client-969FB6DA8C9A->4fcc8d53-44cb-4faf-b915-5afa0c7529d4@group-6A615BAE1DD1, cid=1064, SUCCESS, logIndex=1414, commits[4fcc8d53-44cb-4faf-b915-5afa0c7529d4:c1415, 48aa5eb4-709c-4003-adb5-fbc02723cd23:c1410, 609a8cf1-6ad3-4123-b94a-106ad93148a8:c1411]
2019-09-05 09:23:11,354 [grpc-default-executor-5] INFO  client.GrpcClientProtocolClient (GrpcClientProtocolClient.java:onNext(255)) - client-969FB6DA8C9A->4fcc8d53-44cb-4faf-b915-5afa0c7529d4: receive RaftClientReply:client-969FB6DA8C9A->4fcc8d53-44cb-4faf-b915-5afa0c7529d4@group-6A615BAE1DD1, cid=1065, SUCCESS, logIndex=1415, commits[4fcc8d53-44cb-4faf-b915-5afa0c7529d4:c1415, 48aa5eb4-709c-4003-adb5-fbc02723cd23:c1411, 609a8cf1-6ad3-4123-b94a-106ad93148a8:c1411]
2019-09-05 09:23:11,376 | INFO  | DNAudit | user=null | ip=null | op=WRITE_CHUNK {blockData=conID: 3 locID: 102739173903958465 bcsId: 1411} | ret=SUCCESS |  
2019-09-05 09:23:11,376 | INFO  | DNAudit | user=null | ip=null | op=WRITE_CHUNK {blockData=conID: 3 locID: 102739173903958465 bcsId: 1411} | ret=SUCCESS |  
2019-09-05 09:23:11,376 | INFO  | DNAudit | user=null | ip=null | op=PUT_BLOCK {blockData=[blockId=conID: 3 locID: 102739173903958465 bcsId: 0,size=4194304]} | ret=SUCCESS |  
2019-09-05 09:23:11,376 | INFO  | DNAudit | user=null | ip=null | op=PUT_BLOCK {blockData=[blockId=conID: 3 locID: 102739173903958465 bcsId: 0,size=4194304]} | ret=SUCCESS |  
2019-09-05 09:23:11,376 [grpc-default-executor-5] INFO  client.GrpcClientProtocolClient (GrpcClientProtocolClient.java:onNext(255)) - client-969FB6DA8C9A->4fcc8d53-44cb-4faf-b915-5afa0c7529d4: receive RaftClientReply:client-969FB6DA8C9A->4fcc8d53-44cb-4faf-b915-5afa0c7529d4@group-6A615BAE1DD1, cid=1066, SUCCESS, logIndex=0, commits[4fcc8d53-44cb-4faf-b915-5afa0c7529d4:c1416, 48aa5eb4-709c-4003-adb5-fbc02723cd23:c1415, 609a8cf1-6ad3-4123-b94a-106ad93148a8:c1415]
2019-09-05 09:23:11,383 | INFO  | DNAudit | user=null | ip=null | op=WRITE_CHUNK {blockData=conID: 1 locID: 102739173903958466 bcsId: 0} | ret=SUCCESS |  
2019-09-05 09:23:11,520 | INFO  | DNAudit | user=null | ip=null | op=WRITE_CHUNK {blockData=conID: 1 locID: 102739173903958466 bcsId: 0} | ret=SUCCESS |  
2019-09-05 09:23:11,521 | INFO  | DNAudit | user=null | ip=null | op=WRITE_CHUNK {blockData=conID: 1 locID: 102739173903958466 bcsId: 0} | ret=SUCCESS |  
2019-09-05 09:23:11,522 | INFO  | DNAudit | user=null | ip=null | op=WRITE_CHUNK {blockData=conID: 1 locID: 102739173903958466 bcsId: 0} | ret=SUCCESS |  
2019-09-05 09:23:11,525 | INFO  | DNAudit | user=null | ip=null | op=WRITE_CHUNK {blockData=conID: 1 locID: 102739173903958466 bcsId: 0} | ret=SUCCESS |  
2019-09-05 09:23:11,526 | INFO  | DNAudit | user=null | ip=null | op=WRITE_CHUNK {blockData=conID: 1 locID: 102739173903958466 bcsId: 0} | ret=SUCCESS |  
2019-09-05 09:23:11,533 | INFO  | DNAudit | user=null | ip=null | op=WRITE_CHUNK {blockData=conID: 1 locID: 102739173903958466 bcsId: 0} | ret=SUCCESS |  
2019-09-05 09:23:11,533 | INFO  | DNAudit | user=null | ip=null | op=PUT_BLOCK {blockData=[blockId=conID: 1 locID: 102739173903958466 bcsId: 0,size=1048576]} | ret=SUCCESS |  
2019-09-05 09:23:11,533 [grpc-default-executor-4] INFO  client.GrpcClientProtocolClient (GrpcClientProtocolClient.java:onNext(255)) - client-969FB6DA8C9A->4fcc8d53-44cb-4faf-b915-5afa0c7529d4: receive RaftClientReply:client-969FB6DA8C9A->4fcc8d53-44cb-4faf-b915-5afa0c7529d4@group-6A615BAE1DD1, cid=1067, SUCCESS, logIndex=1418, commits[4fcc8d53-44cb-4faf-b915-5afa0c7529d4:c1419, 48aa5eb4-709c-4003-adb5-fbc02723cd23:c1417, 609a8cf1-6ad3-4123-b94a-106ad93148a8:c1417]
2019-09-05 09:23:11,534 | INFO  | DNAudit | user=null | ip=null | op=WRITE_CHUNK {blockData=conID: 1 locID: 102739173903958466 bcsId: 0} | ret=SUCCESS |  
2019-09-05 09:23:11,534 | INFO  | DNAudit | user=null | ip=null | op=PUT_BLOCK {blockData=[blockId=conID: 1 locID: 102739173903958466 bcsId: 0,size=2097152]} | ret=SUCCESS |  
2019-09-05 09:23:11,534 [grpc-default-executor-4] INFO  client.GrpcClientProtocolClient (GrpcClientProtocolClient.java:onNext(255)) - client-969FB6DA8C9A->4fcc8d53-44cb-4faf-b915-5afa0c7529d4: receive RaftClientReply:client-969FB6DA8C9A->4fcc8d53-44cb-4faf-b915-5afa0c7529d4@group-6A615BAE1DD1, cid=1068, SUCCESS, logIndex=1419, commits[4fcc8d53-44cb-4faf-b915-5afa0c7529d4:c1421, 48aa5eb4-709c-4003-adb5-fbc02723cd23:c1417, 609a8cf1-6ad3-4123-b94a-106ad93148a8:c1417]
2019-09-05 09:23:11,535 [grpc-default-executor-4] INFO  client.GrpcClientProtocolClient (GrpcClientProtocolClient.java:onNext(255)) - client-969FB6DA8C9A->4fcc8d53-44cb-4faf-b915-5afa0c7529d4: receive RaftClientReply:client-969FB6DA8C9A->4fcc8d53-44cb-4faf-b915-5afa0c7529d4@group-6A615BAE1DD1, cid=1069, SUCCESS, logIndex=1420, commits[4fcc8d53-44cb-4faf-b915-5afa0c7529d4:c1421, 48aa5eb4-709c-4003-adb5-fbc02723cd23:c1417, 609a8cf1-6ad3-4123-b94a-106ad93148a8:c1417]
2019-09-05 09:23:11,535 [grpc-default-executor-4] INFO  client.GrpcClientProtocolClient (GrpcClientProtocolClient.java:onNext(255)) - client-969FB6DA8C9A->4fcc8d53-44cb-4faf-b915-5afa0c7529d4: receive RaftClientReply:client-969FB6DA8C9A->4fcc8d53-44cb-4faf-b915-5afa0c7529d4@group-6A615BAE1DD1, cid=1070, SUCCESS, logIndex=1421, commits[4fcc8d53-44cb-4faf-b915-5afa0c7529d4:c1421, 48aa5eb4-709c-4003-adb5-fbc02723cd23:c1417, 609a8cf1-6ad3-4123-b94a-106ad93148a8:c1417]
2019-09-05 09:23:11,549 | INFO  | DNAudit | user=null | ip=null | op=WRITE_CHUNK {blockData=conID: 1 locID: 102739173903958466 bcsId: 0} | ret=SUCCESS |  
2019-09-05 09:23:11,549 | INFO  | DNAudit | user=null | ip=null | op=PUT_BLOCK {blockData=[blockId=conID: 1 locID: 102739173903958466 bcsId: 0,size=1048576]} | ret=SUCCESS |  
2019-09-05 09:23:11,549 | INFO  | DNAudit | user=null | ip=null | op=WRITE_CHUNK {blockData=conID: 1 locID: 102739173903958466 bcsId: 0} | ret=SUCCESS |  
2019-09-05 09:23:11,550 | INFO  | DNAudit | user=null | ip=null | op=PUT_BLOCK {blockData=[blockId=conID: 1 locID: 102739173903958466 bcsId: 0,size=1048576]} | ret=SUCCESS |  
2019-09-05 09:23:11,550 | INFO  | DNAudit | user=null | ip=null | op=WRITE_CHUNK {blockData=conID: 1 locID: 102739173903958466 bcsId: 0} | ret=SUCCESS |  
2019-09-05 09:23:11,550 [grpc-default-executor-4] INFO  client.GrpcClientProtocolClient (GrpcClientProtocolClient.java:onNext(255)) - client-969FB6DA8C9A->4fcc8d53-44cb-4faf-b915-5afa0c7529d4: receive RaftClientReply:client-969FB6DA8C9A->4fcc8d53-44cb-4faf-b915-5afa0c7529d4@group-6A615BAE1DD1, cid=1071, SUCCESS, logIndex=0, commits[4fcc8d53-44cb-4faf-b915-5afa0c7529d4:c1422, 48aa5eb4-709c-4003-adb5-fbc02723cd23:c1419, 609a8cf1-6ad3-4123-b94a-106ad93148a8:c1419]
2019-09-05 09:23:11,550 | INFO  | DNAudit | user=null | ip=null | op=WRITE_CHUNK {blockData=conID: 1 locID: 102739173903958466 bcsId: 0} | ret=SUCCESS |  
2019-09-05 09:23:11,550 | INFO  | DNAudit | user=null | ip=null | op=PUT_BLOCK {blockData=[blockId=conID: 1 locID: 102739173903958466 bcsId: 0,size=2097152]} | ret=SUCCESS |  
2019-09-05 09:23:11,550 | INFO  | DNAudit | user=null | ip=null | op=PUT_BLOCK {blockData=[blockId=conID: 1 locID: 102739173903958466 bcsId: 0,size=2097152]} | ret=SUCCESS |  
2019-09-05 09:23:11,561 | INFO  | DNAudit | user=null | ip=null | op=WRITE_CHUNK {blockData=conID: 1 locID: 102739173903958466 bcsId: 1421} | ret=SUCCESS |  
2019-09-05 09:23:11,564 | INFO  | DNAudit | user=null | ip=null | op=WRITE_CHUNK {blockData=conID: 1 locID: 102739173903958466 bcsId: 1421} | ret=SUCCESS |  
2019-09-05 09:23:11,564 | INFO  | DNAudit | user=null | ip=null | op=WRITE_CHUNK {blockData=conID: 1 locID: 102739173903958466 bcsId: 1421} | ret=SUCCESS |  
2019-09-05 09:23:11,587 | INFO  | DNAudit | user=null | ip=null | op=WRITE_CHUNK {blockData=conID: 1 locID: 102739173903958466 bcsId: 1421} | ret=SUCCESS |  
2019-09-05 09:23:11,594 [grpc-default-executor-3] INFO  client.GrpcClientProtocolClient (GrpcClientProtocolClient.java:onNext(255)) - client-969FB6DA8C9A->4fcc8d53-44cb-4faf-b915-5afa0c7529d4: receive RaftClientReply:client-969FB6DA8C9A->4fcc8d53-44cb-4faf-b915-5afa0c7529d4@group-6A615BAE1DD1, cid=1072, SUCCESS, logIndex=1426, commits[4fcc8d53-44cb-4faf-b915-5afa0c7529d4:c1426, 48aa5eb4-709c-4003-adb5-fbc02723cd23:c1421, 609a8cf1-6ad3-4123-b94a-106ad93148a8:c1425]
2019-09-05 09:23:11,596 | INFO  | DNAudit | user=null | ip=null | op=PUT_BLOCK {blockData=[blockId=conID: 1 locID: 102739173903958466 bcsId: 0,size=3145728]} | ret=SUCCESS |  
2019-09-05 09:23:11,601 [grpc-default-executor-5] INFO  client.GrpcClientProtocolClient (GrpcClientProtocolClient.java:onNext(255)) - client-969FB6DA8C9A->4fcc8d53-44cb-4faf-b915-5afa0c7529d4: receive RaftClientReply:client-969FB6DA8C9A->4fcc8d53-44cb-4faf-b915-5afa0c7529d4@group-6A615BAE1DD1, cid=1073, SUCCESS, logIndex=1427, commits[4fcc8d53-44cb-4faf-b915-5afa0c7529d4:c1427, 48aa5eb4-709c-4003-adb5-fbc02723cd23:c1425, 609a8cf1-6ad3-4123-b94a-106ad93148a8:c1425]
2019-09-05 09:23:11,607 | INFO  | DNAudit | user=null | ip=null | op=WRITE_CHUNK {blockData=conID: 1 locID: 102739173903958466 bcsId: 1421} | ret=SUCCESS |  
2019-09-05 09:23:11,609 | INFO  | DNAudit | user=null | ip=null | op=WRITE_CHUNK {blockData=conID: 1 locID: 102739173903958466 bcsId: 1421} | ret=SUCCESS |  
2019-09-05 09:23:11,610 | INFO  | DNAudit | user=null | ip=null | op=PUT_BLOCK {blockData=[blockId=conID: 1 locID: 102739173903958466 bcsId: 0,size=3145728]} | ret=SUCCESS |  
2019-09-05 09:23:11,610 | INFO  | DNAudit | user=null | ip=null | op=PUT_BLOCK {blockData=[blockId=conID: 1 locID: 102739173903958466 bcsId: 0,size=3145728]} | ret=SUCCESS |  
2019-09-05 09:23:11,612 | INFO  | DNAudit | user=null | ip=null | op=WRITE_CHUNK {blockData=conID: 1 locID: 102739173903958466 bcsId: 1427} | ret=SUCCESS |  
2019-09-05 09:23:11,614 | INFO  | DNAudit | user=null | ip=null | op=WRITE_CHUNK {blockData=conID: 1 locID: 102739173903958466 bcsId: 1427} | ret=SUCCESS |  
2019-09-05 09:23:11,618 | INFO  | DNAudit | user=null | ip=null | op=WRITE_CHUNK {blockData=conID: 1 locID: 102739173903958466 bcsId: 1427} | ret=SUCCESS |  
2019-09-05 09:23:11,629 | INFO  | DNAudit | user=null | ip=null | op=WRITE_CHUNK {blockData=conID: 1 locID: 102739173903958466 bcsId: 1427} | ret=SUCCESS |  
2019-09-05 09:23:11,630 | INFO  | DNAudit | user=null | ip=null | op=PUT_BLOCK {blockData=[blockId=conID: 1 locID: 102739173903958466 bcsId: 0,size=4194304]} | ret=SUCCESS |  
2019-09-05 09:23:11,630 [grpc-default-executor-5] INFO  client.GrpcClientProtocolClient (GrpcClientProtocolClient.java:onNext(255)) - client-969FB6DA8C9A->4fcc8d53-44cb-4faf-b915-5afa0c7529d4: receive RaftClientReply:client-969FB6DA8C9A->4fcc8d53-44cb-4faf-b915-5afa0c7529d4@group-6A615BAE1DD1, cid=1074, SUCCESS, logIndex=1430, commits[4fcc8d53-44cb-4faf-b915-5afa0c7529d4:c1431, 48aa5eb4-709c-4003-adb5-fbc02723cd23:c1429, 609a8cf1-6ad3-4123-b94a-106ad93148a8:c1429]
2019-09-05 09:23:11,630 [grpc-default-executor-5] INFO  client.GrpcClientProtocolClient (GrpcClientProtocolClient.java:onNext(255)) - client-969FB6DA8C9A->4fcc8d53-44cb-4faf-b915-5afa0c7529d4: receive RaftClientReply:client-969FB6DA8C9A->4fcc8d53-44cb-4faf-b915-5afa0c7529d4@group-6A615BAE1DD1, cid=1075, SUCCESS, logIndex=1431, commits[4fcc8d53-44cb-4faf-b915-5afa0c7529d4:c1431, 48aa5eb4-709c-4003-adb5-fbc02723cd23:c1429, 609a8cf1-6ad3-4123-b94a-106ad93148a8:c1429]
2019-09-05 09:23:11,651 | INFO  | DNAudit | user=null | ip=null | op=WRITE_CHUNK {blockData=conID: 1 locID: 102739173903958466 bcsId: 1427} | ret=SUCCESS |  
2019-09-05 09:23:11,651 | INFO  | DNAudit | user=null | ip=null | op=WRITE_CHUNK {blockData=conID: 1 locID: 102739173903958466 bcsId: 1427} | ret=SUCCESS |  
2019-09-05 09:23:11,651 | INFO  | DNAudit | user=null | ip=null | op=PUT_BLOCK {blockData=[blockId=conID: 1 locID: 102739173903958466 bcsId: 0,size=4194304]} | ret=SUCCESS |  
2019-09-05 09:23:11,651 | INFO  | DNAudit | user=null | ip=null | op=PUT_BLOCK {blockData=[blockId=conID: 1 locID: 102739173903958466 bcsId: 0,size=4194304]} | ret=SUCCESS |  
2019-09-05 09:23:11,652 [grpc-default-executor-5] INFO  client.GrpcClientProtocolClient (GrpcClientProtocolClient.java:onNext(255)) - client-969FB6DA8C9A->4fcc8d53-44cb-4faf-b915-5afa0c7529d4: receive RaftClientReply:client-969FB6DA8C9A->4fcc8d53-44cb-4faf-b915-5afa0c7529d4@group-6A615BAE1DD1, cid=1076, SUCCESS, logIndex=0, commits[4fcc8d53-44cb-4faf-b915-5afa0c7529d4:c1431, 48aa5eb4-709c-4003-adb5-fbc02723cd23:c1431, 609a8cf1-6ad3-4123-b94a-106ad93148a8:c1431]
2019-09-05 09:23:11,658 | INFO  | DNAudit | user=null | ip=null | op=WRITE_CHUNK {blockData=conID: 2 locID: 102739173903958467 bcsId: 0} | ret=SUCCESS |  
2019-09-05 09:23:11,660 | INFO  | DNAudit | user=null | ip=null | op=WRITE_CHUNK {blockData=conID: 2 locID: 102739173903958467 bcsId: 0} | ret=SUCCESS |  
2019-09-05 09:23:11,660 | INFO  | DNAudit | user=null | ip=null | op=WRITE_CHUNK {blockData=conID: 2 locID: 102739173903958467 bcsId: 0} | ret=SUCCESS |  
2019-09-05 09:23:11,661 | INFO  | DNAudit | user=null | ip=null | op=WRITE_CHUNK {blockData=conID: 2 locID: 102739173903958467 bcsId: 0} | ret=SUCCESS |  
2019-09-05 09:23:11,662 | INFO  | DNAudit | user=null | ip=null | op=WRITE_CHUNK {blockData=conID: 2 locID: 102739173903958467 bcsId: 0} | ret=SUCCESS |  
2019-09-05 09:23:11,663 | INFO  | DNAudit | user=null | ip=null | op=WRITE_CHUNK {blockData=conID: 2 locID: 102739173903958467 bcsId: 0} | ret=SUCCESS |  
2019-09-05 09:23:11,671 | INFO  | DNAudit | user=null | ip=null | op=WRITE_CHUNK {blockData=conID: 2 locID: 102739173903958467 bcsId: 0} | ret=SUCCESS |  
2019-09-05 09:23:11,671 | INFO  | DNAudit | user=null | ip=null | op=PUT_BLOCK {blockData=[blockId=conID: 2 locID: 102739173903958467 bcsId: 0,size=1048576]} | ret=SUCCESS |  
2019-09-05 09:23:11,671 [grpc-default-executor-3] INFO  client.GrpcClientProtocolClient (GrpcClientProtocolClient.java:onNext(255)) - client-969FB6DA8C9A->4fcc8d53-44cb-4faf-b915-5afa0c7529d4: receive RaftClientReply:client-969FB6DA8C9A->4fcc8d53-44cb-4faf-b915-5afa0c7529d4@group-6A615BAE1DD1, cid=1077, SUCCESS, logIndex=1434, commits[4fcc8d53-44cb-4faf-b915-5afa0c7529d4:c1436, 48aa5eb4-709c-4003-adb5-fbc02723cd23:c1433, 609a8cf1-6ad3-4123-b94a-106ad93148a8:c1433]
2019-09-05 09:23:11,671 | INFO  | DNAudit | user=null | ip=null | op=WRITE_CHUNK {blockData=conID: 2 locID: 102739173903958467 bcsId: 0} | ret=SUCCESS |  
2019-09-05 09:23:11,672 | INFO  | DNAudit | user=null | ip=null | op=PUT_BLOCK {blockData=[blockId=conID: 2 locID: 102739173903958467 bcsId: 0,size=2097152]} | ret=SUCCESS |  
2019-09-05 09:23:11,672 [grpc-default-executor-3] INFO  client.GrpcClientProtocolClient (GrpcClientProtocolClient.java:onNext(255)) - client-969FB6DA8C9A->4fcc8d53-44cb-4faf-b915-5afa0c7529d4: receive RaftClientReply:client-969FB6DA8C9A->4fcc8d53-44cb-4faf-b915-5afa0c7529d4@group-6A615BAE1DD1, cid=1078, SUCCESS, logIndex=1435, commits[4fcc8d53-44cb-4faf-b915-5afa0c7529d4:c1437, 48aa5eb4-709c-4003-adb5-fbc02723cd23:c1433, 609a8cf1-6ad3-4123-b94a-106ad93148a8:c1433]
2019-09-05 09:23:11,672 [grpc-default-executor-3] INFO  client.GrpcClientProtocolClient (GrpcClientProtocolClient.java:onNext(255)) - client-969FB6DA8C9A->4fcc8d53-44cb-4faf-b915-5afa0c7529d4: receive RaftClientReply:client-969FB6DA8C9A->4fcc8d53-44cb-4faf-b915-5afa0c7529d4@group-6A615BAE1DD1, cid=1079, SUCCESS, logIndex=1436, commits[4fcc8d53-44cb-4faf-b915-5afa0c7529d4:c1437, 48aa5eb4-709c-4003-adb5-fbc02723cd23:c1433, 609a8cf1-6ad3-4123-b94a-106ad93148a8:c1433]
2019-09-05 09:23:11,672 [grpc-default-executor-3] INFO  client.GrpcClientProtocolClient (GrpcClientProtocolClient.java:onNext(255)) - client-969FB6DA8C9A->4fcc8d53-44cb-4faf-b915-5afa0c7529d4: receive RaftClientReply:client-969FB6DA8C9A->4fcc8d53-44cb-4faf-b915-5afa0c7529d4@group-6A615BAE1DD1, cid=1080, SUCCESS, logIndex=1437, commits[4fcc8d53-44cb-4faf-b915-5afa0c7529d4:c1437, 48aa5eb4-709c-4003-adb5-fbc02723cd23:c1433, 609a8cf1-6ad3-4123-b94a-106ad93148a8:c1433]
2019-09-05 09:23:11,690 | INFO  | DNAudit | user=null | ip=null | op=WRITE_CHUNK {blockData=conID: 2 locID: 102739173903958467 bcsId: 0} | ret=SUCCESS |  
2019-09-05 09:23:11,690 | INFO  | DNAudit | user=null | ip=null | op=WRITE_CHUNK {blockData=conID: 2 locID: 102739173903958467 bcsId: 0} | ret=SUCCESS |  
2019-09-05 09:23:11,690 | INFO  | DNAudit | user=null | ip=null | op=PUT_BLOCK {blockData=[blockId=conID: 2 locID: 102739173903958467 bcsId: 0,size=1048576]} | ret=SUCCESS |  
2019-09-05 09:23:11,690 | INFO  | DNAudit | user=null | ip=null | op=PUT_BLOCK {blockData=[blockId=conID: 2 locID: 102739173903958467 bcsId: 0,size=1048576]} | ret=SUCCESS |  
2019-09-05 09:23:11,690 [grpc-default-executor-3] INFO  client.GrpcClientProtocolClient (GrpcClientProtocolClient.java:onNext(255)) - client-969FB6DA8C9A->4fcc8d53-44cb-4faf-b915-5afa0c7529d4: receive RaftClientReply:client-969FB6DA8C9A->4fcc8d53-44cb-4faf-b915-5afa0c7529d4@group-6A615BAE1DD1, cid=1081, SUCCESS, logIndex=0, commits[4fcc8d53-44cb-4faf-b915-5afa0c7529d4:c1438, 48aa5eb4-709c-4003-adb5-fbc02723cd23:c1435, 609a8cf1-6ad3-4123-b94a-106ad93148a8:c1435]
2019-09-05 09:23:11,692 | INFO  | DNAudit | user=null | ip=null | op=WRITE_CHUNK {blockData=conID: 2 locID: 102739173903958467 bcsId: 0} | ret=SUCCESS |  
2019-09-05 09:23:11,692 | INFO  | DNAudit | user=null | ip=null | op=WRITE_CHUNK {blockData=conID: 2 locID: 102739173903958467 bcsId: 0} | ret=SUCCESS |  
2019-09-05 09:23:11,692 | INFO  | DNAudit | user=null | ip=null | op=PUT_BLOCK {blockData=[blockId=conID: 2 locID: 102739173903958467 bcsId: 0,size=2097152]} | ret=SUCCESS |  
2019-09-05 09:23:11,692 | INFO  | DNAudit | user=null | ip=null | op=PUT_BLOCK {blockData=[blockId=conID: 2 locID: 102739173903958467 bcsId: 0,size=2097152]} | ret=SUCCESS |  
2019-09-05 09:23:11,696 | INFO  | DNAudit | user=null | ip=null | op=WRITE_CHUNK {blockData=conID: 2 locID: 102739173903958467 bcsId: 1437} | ret=SUCCESS |  
2019-09-05 09:23:11,698 | INFO  | DNAudit | user=null | ip=null | op=WRITE_CHUNK {blockData=conID: 2 locID: 102739173903958467 bcsId: 1437} | ret=SUCCESS |  
2019-09-05 09:23:11,698 | INFO  | DNAudit | user=null | ip=null | op=WRITE_CHUNK {blockData=conID: 2 locID: 102739173903958467 bcsId: 1437} | ret=SUCCESS |  
2019-09-05 09:23:11,716 | INFO  | DNAudit | user=null | ip=null | op=WRITE_CHUNK {blockData=conID: 2 locID: 102739173903958467 bcsId: 1437} | ret=SUCCESS |  
2019-09-05 09:23:11,717 | INFO  | DNAudit | user=null | ip=null | op=PUT_BLOCK {blockData=[blockId=conID: 2 locID: 102739173903958467 bcsId: 0,size=3145728]} | ret=SUCCESS |  
2019-09-05 09:23:11,717 [grpc-default-executor-5] INFO  client.GrpcClientProtocolClient (GrpcClientProtocolClient.java:onNext(255)) - client-969FB6DA8C9A->4fcc8d53-44cb-4faf-b915-5afa0c7529d4: receive RaftClientReply:client-969FB6DA8C9A->4fcc8d53-44cb-4faf-b915-5afa0c7529d4@group-6A615BAE1DD1, cid=1082, SUCCESS, logIndex=1442, commits[4fcc8d53-44cb-4faf-b915-5afa0c7529d4:c1443, 48aa5eb4-709c-4003-adb5-fbc02723cd23:c1441, 609a8cf1-6ad3-4123-b94a-106ad93148a8:c1441]
2019-09-05 09:23:11,718 [grpc-default-executor-5] INFO  client.GrpcClientProtocolClient (GrpcClientProtocolClient.java:onNext(255)) - client-969FB6DA8C9A->4fcc8d53-44cb-4faf-b915-5afa0c7529d4: receive RaftClientReply:client-969FB6DA8C9A->4fcc8d53-44cb-4faf-b915-5afa0c7529d4@group-6A615BAE1DD1, cid=1083, SUCCESS, logIndex=1443, commits[4fcc8d53-44cb-4faf-b915-5afa0c7529d4:c1443, 48aa5eb4-709c-4003-adb5-fbc02723cd23:c1441, 609a8cf1-6ad3-4123-b94a-106ad93148a8:c1441]
2019-09-05 09:23:11,724 | INFO  | DNAudit | user=null | ip=null | op=WRITE_CHUNK {blockData=conID: 2 locID: 102739173903958467 bcsId: 1443} | ret=SUCCESS |  
2019-09-05 09:23:11,726 | INFO  | DNAudit | user=null | ip=null | op=WRITE_CHUNK {blockData=conID: 2 locID: 102739173903958467 bcsId: 1443} | ret=SUCCESS |  
2019-09-05 09:23:11,727 | INFO  | DNAudit | user=null | ip=null | op=WRITE_CHUNK {blockData=conID: 2 locID: 102739173903958467 bcsId: 1443} | ret=SUCCESS |  
2019-09-05 09:23:11,732 | INFO  | DNAudit | user=null | ip=null | op=WRITE_CHUNK {blockData=conID: 2 locID: 102739173903958467 bcsId: 1437} | ret=SUCCESS |  
2019-09-05 09:23:11,732 | INFO  | DNAudit | user=null | ip=null | op=WRITE_CHUNK {blockData=conID: 2 locID: 102739173903958467 bcsId: 1437} | ret=SUCCESS |  
2019-09-05 09:23:11,733 | INFO  | DNAudit | user=null | ip=null | op=PUT_BLOCK {blockData=[blockId=conID: 2 locID: 102739173903958467 bcsId: 0,size=3145728]} | ret=SUCCESS |  
2019-09-05 09:23:11,733 | INFO  | DNAudit | user=null | ip=null | op=PUT_BLOCK {blockData=[blockId=conID: 2 locID: 102739173903958467 bcsId: 0,size=3145728]} | ret=SUCCESS |  
2019-09-05 09:23:11,734 | INFO  | DNAudit | user=null | ip=null | op=WRITE_CHUNK {blockData=conID: 2 locID: 102739173903958467 bcsId: 1443} | ret=SUCCESS |  
2019-09-05 09:23:11,735 | INFO  | DNAudit | user=null | ip=null | op=PUT_BLOCK {blockData=[blockId=conID: 2 locID: 102739173903958467 bcsId: 0,size=4194304]} | ret=SUCCESS |  
2019-09-05 09:23:11,735 [grpc-default-executor-3] INFO  client.GrpcClientProtocolClient (GrpcClientProtocolClient.java:onNext(255)) - client-969FB6DA8C9A->4fcc8d53-44cb-4faf-b915-5afa0c7529d4: receive RaftClientReply:client-969FB6DA8C9A->4fcc8d53-44cb-4faf-b915-5afa0c7529d4@group-6A615BAE1DD1, cid=1084, SUCCESS, logIndex=1446, commits[4fcc8d53-44cb-4faf-b915-5afa0c7529d4:c1447, 48aa5eb4-709c-4003-adb5-fbc02723cd23:c1443, 609a8cf1-6ad3-4123-b94a-106ad93148a8:c1443]
2019-09-05 09:23:11,735 [grpc-default-executor-3] INFO  client.GrpcClientProtocolClient (GrpcClientProtocolClient.java:onNext(255)) - client-969FB6DA8C9A->4fcc8d53-44cb-4faf-b915-5afa0c7529d4: receive RaftClientReply:client-969FB6DA8C9A->4fcc8d53-44cb-4faf-b915-5afa0c7529d4@group-6A615BAE1DD1, cid=1085, SUCCESS, logIndex=1447, commits[4fcc8d53-44cb-4faf-b915-5afa0c7529d4:c1447, 48aa5eb4-709c-4003-adb5-fbc02723cd23:c1443, 609a8cf1-6ad3-4123-b94a-106ad93148a8:c1443]
2019-09-05 09:23:11,756 | INFO  | DNAudit | user=null | ip=null | op=WRITE_CHUNK {blockData=conID: 2 locID: 102739173903958467 bcsId: 1443} | ret=SUCCESS |  
2019-09-05 09:23:11,756 | INFO  | DNAudit | user=null | ip=null | op=WRITE_CHUNK {blockData=conID: 2 locID: 102739173903958467 bcsId: 1443} | ret=SUCCESS |  
2019-09-05 09:23:11,757 | INFO  | DNAudit | user=null | ip=null | op=PUT_BLOCK {blockData=[blockId=conID: 2 locID: 102739173903958467 bcsId: 0,size=4194304]} | ret=SUCCESS |  
2019-09-05 09:23:11,757 | INFO  | DNAudit | user=null | ip=null | op=PUT_BLOCK {blockData=[blockId=conID: 2 locID: 102739173903958467 bcsId: 0,size=4194304]} | ret=SUCCESS |  
2019-09-05 09:23:11,758 [grpc-default-executor-5] INFO  client.GrpcClientProtocolClient (GrpcClientProtocolClient.java:onNext(255)) - client-969FB6DA8C9A->4fcc8d53-44cb-4faf-b915-5afa0c7529d4: receive RaftClientReply:client-969FB6DA8C9A->4fcc8d53-44cb-4faf-b915-5afa0c7529d4@group-6A615BAE1DD1, cid=1086, SUCCESS, logIndex=0, commits[4fcc8d53-44cb-4faf-b915-5afa0c7529d4:c1449, 48aa5eb4-709c-4003-adb5-fbc02723cd23:c1447, 609a8cf1-6ad3-4123-b94a-106ad93148a8:c1447]
2019-09-05 09:23:11,764 | INFO  | DNAudit | user=null | ip=null | op=WRITE_CHUNK {blockData=conID: 3 locID: 102739173903958468 bcsId: 0} | ret=SUCCESS |  
2019-09-05 09:23:11,767 | INFO  | DNAudit | user=null | ip=null | op=WRITE_CHUNK {blockData=conID: 3 locID: 102739173903958468 bcsId: 0} | ret=SUCCESS |  
2019-09-05 09:23:11,768 | INFO  | DNAudit | user=null | ip=null | op=WRITE_CHUNK {blockData=conID: 3 locID: 102739173903958468 bcsId: 0} | ret=SUCCESS |  
2019-09-05 09:23:11,769 | INFO  | DNAudit | user=null | ip=null | op=WRITE_CHUNK {blockData=conID: 3 locID: 102739173903958468 bcsId: 0} | ret=SUCCESS |  
2019-09-05 09:23:11,769 | INFO  | DNAudit | user=null | ip=null | op=WRITE_CHUNK {blockData=conID: 3 locID: 102739173903958468 bcsId: 0} | ret=SUCCESS |  
2019-09-05 09:23:11,769 | INFO  | DNAudit | user=null | ip=null | op=WRITE_CHUNK {blockData=conID: 3 locID: 102739173903958468 bcsId: 0} | ret=SUCCESS |  
2019-09-05 09:23:11,789 | INFO  | DNAudit | user=null | ip=null | op=WRITE_CHUNK {blockData=conID: 3 locID: 102739173903958468 bcsId: 0} | ret=SUCCESS |  
2019-09-05 09:23:11,790 | INFO  | DNAudit | user=null | ip=null | op=PUT_BLOCK {blockData=[blockId=conID: 3 locID: 102739173903958468 bcsId: 0,size=1048576]} | ret=SUCCESS |  
2019-09-05 09:23:11,790 [grpc-default-executor-0] INFO  client.GrpcClientProtocolClient (GrpcClientProtocolClient.java:onNext(255)) - client-969FB6DA8C9A->4fcc8d53-44cb-4faf-b915-5afa0c7529d4: receive RaftClientReply:client-969FB6DA8C9A->4fcc8d53-44cb-4faf-b915-5afa0c7529d4@group-6A615BAE1DD1, cid=1087, SUCCESS, logIndex=1450, commits[4fcc8d53-44cb-4faf-b915-5afa0c7529d4:c1451, 48aa5eb4-709c-4003-adb5-fbc02723cd23:c1447, 609a8cf1-6ad3-4123-b94a-106ad93148a8:c1449]
2019-09-05 09:23:11,791 [grpc-default-executor-0] INFO  client.GrpcClientProtocolClient (GrpcClientProtocolClient.java:onNext(255)) - client-969FB6DA8C9A->4fcc8d53-44cb-4faf-b915-5afa0c7529d4: receive RaftClientReply:client-969FB6DA8C9A->4fcc8d53-44cb-4faf-b915-5afa0c7529d4@group-6A615BAE1DD1, cid=1088, SUCCESS, logIndex=1451, commits[4fcc8d53-44cb-4faf-b915-5afa0c7529d4:c1451, 48aa5eb4-709c-4003-adb5-fbc02723cd23:c1447, 609a8cf1-6ad3-4123-b94a-106ad93148a8:c1449]
2019-09-05 09:23:11,799 | INFO  | DNAudit | user=null | ip=null | op=WRITE_CHUNK {blockData=conID: 3 locID: 102739173903958468 bcsId: 0} | ret=SUCCESS |  
2019-09-05 09:23:11,799 | INFO  | DNAudit | user=null | ip=null | op=PUT_BLOCK {blockData=[blockId=conID: 3 locID: 102739173903958468 bcsId: 0,size=2097152]} | ret=SUCCESS |  
2019-09-05 09:23:11,800 [grpc-default-executor-5] INFO  client.GrpcClientProtocolClient (GrpcClientProtocolClient.java:onNext(255)) - client-969FB6DA8C9A->4fcc8d53-44cb-4faf-b915-5afa0c7529d4: receive RaftClientReply:client-969FB6DA8C9A->4fcc8d53-44cb-4faf-b915-5afa0c7529d4@group-6A615BAE1DD1, cid=1089, SUCCESS, logIndex=1452, commits[4fcc8d53-44cb-4faf-b915-5afa0c7529d4:c1453, 48aa5eb4-709c-4003-adb5-fbc02723cd23:c1449, 609a8cf1-6ad3-4123-b94a-106ad93148a8:c1449]
2019-09-05 09:23:11,800 [grpc-default-executor-5] INFO  client.GrpcClientProtocolClient (GrpcClientProtocolClient.java:onNext(255)) - client-969FB6DA8C9A->4fcc8d53-44cb-4faf-b915-5afa0c7529d4: receive RaftClientReply:client-969FB6DA8C9A->4fcc8d53-44cb-4faf-b915-5afa0c7529d4@group-6A615BAE1DD1, cid=1090, SUCCESS, logIndex=1453, commits[4fcc8d53-44cb-4faf-b915-5afa0c7529d4:c1453, 48aa5eb4-709c-4003-adb5-fbc02723cd23:c1449, 609a8cf1-6ad3-4123-b94a-106ad93148a8:c1449]
2019-09-05 09:23:11,823 | INFO  | DNAudit | user=null | ip=null | op=WRITE_CHUNK {blockData=conID: 3 locID: 102739173903958468 bcsId: 0} | ret=SUCCESS |  
2019-09-05 09:23:11,824 | INFO  | DNAudit | user=null | ip=null | op=PUT_BLOCK {blockData=[blockId=conID: 3 locID: 102739173903958468 bcsId: 0,size=1048576]} | ret=SUCCESS |  
2019-09-05 09:23:11,832 | INFO  | DNAudit | user=null | ip=null | op=WRITE_CHUNK {blockData=conID: 3 locID: 102739173903958468 bcsId: 0} | ret=SUCCESS |  
2019-09-05 09:23:11,832 | INFO  | DNAudit | user=null | ip=null | op=PUT_BLOCK {blockData=[blockId=conID: 3 locID: 102739173903958468 bcsId: 0,size=1048576]} | ret=SUCCESS |  
2019-09-05 09:23:11,833 [grpc-default-executor-5] INFO  client.GrpcClientProtocolClient (GrpcClientProtocolClient.java:onNext(255)) - client-969FB6DA8C9A->4fcc8d53-44cb-4faf-b915-5afa0c7529d4: receive RaftClientReply:client-969FB6DA8C9A->4fcc8d53-44cb-4faf-b915-5afa0c7529d4@group-6A615BAE1DD1, cid=1091, SUCCESS, logIndex=0, commits[4fcc8d53-44cb-4faf-b915-5afa0c7529d4:c1455, 48aa5eb4-709c-4003-adb5-fbc02723cd23:c1451, 609a8cf1-6ad3-4123-b94a-106ad93148a8:c1451]
2019-09-05 09:23:11,837 | INFO  | DNAudit | user=null | ip=null | op=WRITE_CHUNK {blockData=conID: 3 locID: 102739173903958468 bcsId: 0} | ret=SUCCESS |  
2019-09-05 09:23:11,837 | INFO  | DNAudit | user=null | ip=null | op=PUT_BLOCK {blockData=[blockId=conID: 3 locID: 102739173903958468 bcsId: 0,size=2097152]} | ret=SUCCESS |  
2019-09-05 09:23:11,838 | INFO  | DNAudit | user=null | ip=null | op=WRITE_CHUNK {blockData=conID: 3 locID: 102739173903958468 bcsId: 0} | ret=SUCCESS |  
2019-09-05 09:23:11,838 | INFO  | DNAudit | user=null | ip=null | op=PUT_BLOCK {blockData=[blockId=conID: 3 locID: 102739173903958468 bcsId: 0,size=2097152]} | ret=SUCCESS |  
2019-09-05 09:23:11,840 | INFO  | DNAudit | user=null | ip=null | op=WRITE_CHUNK {blockData=conID: 3 locID: 102739173903958468 bcsId: 1453} | ret=SUCCESS |  
2019-09-05 09:23:11,841 | INFO  | DNAudit | user=null | ip=null | op=WRITE_CHUNK {blockData=conID: 3 locID: 102739173903958468 bcsId: 1453} | ret=SUCCESS |  
2019-09-05 09:23:11,842 | INFO  | DNAudit | user=null | ip=null | op=WRITE_CHUNK {blockData=conID: 3 locID: 102739173903958468 bcsId: 1453} | ret=SUCCESS |  
2019-09-05 09:23:11,858 | INFO  | DNAudit | user=null | ip=null | op=WRITE_CHUNK {blockData=conID: 3 locID: 102739173903958468 bcsId: 1453} | ret=SUCCESS |  
2019-09-05 09:23:11,858 | INFO  | DNAudit | user=null | ip=null | op=PUT_BLOCK {blockData=[blockId=conID: 3 locID: 102739173903958468 bcsId: 0,size=3145728]} | ret=SUCCESS |  
2019-09-05 09:23:11,859 [grpc-default-executor-3] INFO  client.GrpcClientProtocolClient (GrpcClientProtocolClient.java:onNext(255)) - client-969FB6DA8C9A->4fcc8d53-44cb-4faf-b915-5afa0c7529d4: receive RaftClientReply:client-969FB6DA8C9A->4fcc8d53-44cb-4faf-b915-5afa0c7529d4@group-6A615BAE1DD1, cid=1092, SUCCESS, logIndex=1458, commits[4fcc8d53-44cb-4faf-b915-5afa0c7529d4:c1459, 48aa5eb4-709c-4003-adb5-fbc02723cd23:c1457, 609a8cf1-6ad3-4123-b94a-106ad93148a8:c1457]
2019-09-05 09:23:11,859 [grpc-default-executor-3] INFO  client.GrpcClientProtocolClient (GrpcClientProtocolClient.java:onNext(255)) - client-969FB6DA8C9A->4fcc8d53-44cb-4faf-b915-5afa0c7529d4: receive RaftClientReply:client-969FB6DA8C9A->4fcc8d53-44cb-4faf-b915-5afa0c7529d4@group-6A615BAE1DD1, cid=1093, SUCCESS, logIndex=1459, commits[4fcc8d53-44cb-4faf-b915-5afa0c7529d4:c1459, 48aa5eb4-709c-4003-adb5-fbc02723cd23:c1457, 609a8cf1-6ad3-4123-b94a-106ad93148a8:c1457]
2019-09-05 09:23:11,864 | INFO  | DNAudit | user=null | ip=null | op=WRITE_CHUNK {blockData=conID: 3 locID: 102739173903958468 bcsId: 1459} | ret=SUCCESS |  
2019-09-05 09:23:11,867 | INFO  | DNAudit | user=null | ip=null | op=WRITE_CHUNK {blockData=conID: 3 locID: 102739173903958468 bcsId: 1459} | ret=SUCCESS |  
2019-09-05 09:23:11,867 | INFO  | DNAudit | user=null | ip=null | op=WRITE_CHUNK {blockData=conID: 3 locID: 102739173903958468 bcsId: 1459} | ret=SUCCESS |  
2019-09-05 09:23:11,877 | INFO  | DNAudit | user=null | ip=null | op=WRITE_CHUNK {blockData=conID: 3 locID: 102739173903958468 bcsId: 1453} | ret=SUCCESS |  
2019-09-05 09:23:11,878 | INFO  | DNAudit | user=null | ip=null | op=WRITE_CHUNK {blockData=conID: 3 locID: 102739173903958468 bcsId: 1453} | ret=SUCCESS |  
2019-09-05 09:23:11,878 | INFO  | DNAudit | user=null | ip=null | op=PUT_BLOCK {blockData=[blockId=conID: 3 locID: 102739173903958468 bcsId: 0,size=3145728]} | ret=SUCCESS |  
2019-09-05 09:23:11,879 | INFO  | DNAudit | user=null | ip=null | op=PUT_BLOCK {blockData=[blockId=conID: 3 locID: 102739173903958468 bcsId: 0,size=3145728]} | ret=SUCCESS |  
2019-09-05 09:23:11,880 | INFO  | DNAudit | user=null | ip=null | op=WRITE_CHUNK {blockData=conID: 3 locID: 102739173903958468 bcsId: 1459} | ret=SUCCESS |  
2019-09-05 09:23:11,880 | INFO  | DNAudit | user=null | ip=null | op=PUT_BLOCK {blockData=[blockId=conID: 3 locID: 102739173903958468 bcsId: 0,size=4194304]} | ret=SUCCESS |  
2019-09-05 09:23:11,880 [grpc-default-executor-3] INFO  client.GrpcClientProtocolClient (GrpcClientProtocolClient.java:onNext(255)) - client-969FB6DA8C9A->4fcc8d53-44cb-4faf-b915-5afa0c7529d4: receive RaftClientReply:client-969FB6DA8C9A->4fcc8d53-44cb-4faf-b915-5afa0c7529d4@group-6A615BAE1DD1, cid=1094, SUCCESS, logIndex=1462, commits[4fcc8d53-44cb-4faf-b915-5afa0c7529d4:c1463, 48aa5eb4-709c-4003-adb5-fbc02723cd23:c1459, 609a8cf1-6ad3-4123-b94a-106ad93148a8:c1459]
2019-09-05 09:23:11,881 [grpc-default-executor-3] INFO  client.GrpcClientProtocolClient (GrpcClientProtocolClient.java:onNext(255)) - client-969FB6DA8C9A->4fcc8d53-44cb-4faf-b915-5afa0c7529d4: receive RaftClientReply:client-969FB6DA8C9A->4fcc8d53-44cb-4faf-b915-5afa0c7529d4@group-6A615BAE1DD1, cid=1095, SUCCESS, logIndex=1463, commits[4fcc8d53-44cb-4faf-b915-5afa0c7529d4:c1463, 48aa5eb4-709c-4003-adb5-fbc02723cd23:c1459, 609a8cf1-6ad3-4123-b94a-106ad93148a8:c1459]
2019-09-05 09:23:11,904 | INFO  | DNAudit | user=null | ip=null | op=WRITE_CHUNK {blockData=conID: 3 locID: 102739173903958468 bcsId: 1459} | ret=SUCCESS |  
2019-09-05 09:23:11,904 | INFO  | DNAudit | user=null | ip=null | op=WRITE_CHUNK {blockData=conID: 3 locID: 102739173903958468 bcsId: 1459} | ret=SUCCESS |  
2019-09-05 09:23:11,905 | INFO  | DNAudit | user=null | ip=null | op=PUT_BLOCK {blockData=[blockId=conID: 3 locID: 102739173903958468 bcsId: 0,size=4194304]} | ret=SUCCESS |  
2019-09-05 09:23:11,905 | INFO  | DNAudit | user=null | ip=null | op=PUT_BLOCK {blockData=[blockId=conID: 3 locID: 102739173903958468 bcsId: 0,size=4194304]} | ret=SUCCESS |  
2019-09-05 09:23:11,906 [grpc-default-executor-5] INFO  client.GrpcClientProtocolClient (GrpcClientProtocolClient.java:onNext(255)) - client-969FB6DA8C9A->4fcc8d53-44cb-4faf-b915-5afa0c7529d4: receive RaftClientReply:client-969FB6DA8C9A->4fcc8d53-44cb-4faf-b915-5afa0c7529d4@group-6A615BAE1DD1, cid=1096, SUCCESS, logIndex=0, commits[4fcc8d53-44cb-4faf-b915-5afa0c7529d4:c1465, 48aa5eb4-709c-4003-adb5-fbc02723cd23:c1463, 609a8cf1-6ad3-4123-b94a-106ad93148a8:c1463]
2019-09-05 09:23:11,912 | INFO  | DNAudit | user=null | ip=null | op=WRITE_CHUNK {blockData=conID: 1 locID: 102739173903958469 bcsId: 0} | ret=SUCCESS |  
2019-09-05 09:23:11,915 | INFO  | DNAudit | user=null | ip=null | op=WRITE_CHUNK {blockData=conID: 1 locID: 102739173903958469 bcsId: 0} | ret=SUCCESS |  
2019-09-05 09:23:11,915 | INFO  | DNAudit | user=null | ip=null | op=WRITE_CHUNK {blockData=conID: 1 locID: 102739173903958469 bcsId: 0} | ret=SUCCESS |  
2019-09-05 09:23:11,915 | INFO  | DNAudit | user=null | ip=null | op=WRITE_CHUNK {blockData=conID: 1 locID: 102739173903958469 bcsId: 0} | ret=SUCCESS |  
2019-09-05 09:23:11,917 | INFO  | DNAudit | user=null | ip=null | op=WRITE_CHUNK {blockData=conID: 1 locID: 102739173903958469 bcsId: 0} | ret=SUCCESS |  
2019-09-05 09:23:11,918 | INFO  | DNAudit | user=null | ip=null | op=WRITE_CHUNK {blockData=conID: 1 locID: 102739173903958469 bcsId: 0} | ret=SUCCESS |  
2019-09-05 09:23:11,928 | INFO  | DNAudit | user=null | ip=null | op=WRITE_CHUNK {blockData=conID: 1 locID: 102739173903958469 bcsId: 0} | ret=SUCCESS |  
2019-09-05 09:23:11,929 | INFO  | DNAudit | user=null | ip=null | op=PUT_BLOCK {blockData=[blockId=conID: 1 locID: 102739173903958469 bcsId: 0,size=1048576]} | ret=SUCCESS |  
2019-09-05 09:23:11,929 [grpc-default-executor-0] INFO  client.GrpcClientProtocolClient (GrpcClientProtocolClient.java:onNext(255)) - client-969FB6DA8C9A->4fcc8d53-44cb-4faf-b915-5afa0c7529d4: receive RaftClientReply:client-969FB6DA8C9A->4fcc8d53-44cb-4faf-b915-5afa0c7529d4@group-6A615BAE1DD1, cid=1097, SUCCESS, logIndex=1466, commits[4fcc8d53-44cb-4faf-b915-5afa0c7529d4:c1467, 48aa5eb4-709c-4003-adb5-fbc02723cd23:c1465, 609a8cf1-6ad3-4123-b94a-106ad93148a8:c1465]
2019-09-05 09:23:11,930 | INFO  | DNAudit | user=null | ip=null | op=WRITE_CHUNK {blockData=conID: 1 locID: 102739173903958469 bcsId: 0} | ret=SUCCESS |  
2019-09-05 09:23:11,930 [grpc-default-executor-4] INFO  client.GrpcClientProtocolClient (GrpcClientProtocolClient.java:onNext(255)) - client-969FB6DA8C9A->4fcc8d53-44cb-4faf-b915-5afa0c7529d4: receive RaftClientReply:client-969FB6DA8C9A->4fcc8d53-44cb-4faf-b915-5afa0c7529d4@group-6A615BAE1DD1, cid=1098, SUCCESS, logIndex=1467, commits[4fcc8d53-44cb-4faf-b915-5afa0c7529d4:c1468, 48aa5eb4-709c-4003-adb5-fbc02723cd23:c1465, 609a8cf1-6ad3-4123-b94a-106ad93148a8:c1465]
2019-09-05 09:23:11,930 | INFO  | DNAudit | user=null | ip=null | op=PUT_BLOCK {blockData=[blockId=conID: 1 locID: 102739173903958469 bcsId: 0,size=2097152]} | ret=SUCCESS |  
2019-09-05 09:23:11,930 [grpc-default-executor-4] INFO  client.GrpcClientProtocolClient (GrpcClientProtocolClient.java:onNext(255)) - client-969FB6DA8C9A->4fcc8d53-44cb-4faf-b915-5afa0c7529d4: receive RaftClientReply:client-969FB6DA8C9A->4fcc8d53-44cb-4faf-b915-5afa0c7529d4@group-6A615BAE1DD1, cid=1099, SUCCESS, logIndex=1468, commits[4fcc8d53-44cb-4faf-b915-5afa0c7529d4:c1469, 48aa5eb4-709c-4003-adb5-fbc02723cd23:c1465, 609a8cf1-6ad3-4123-b94a-106ad93148a8:c1465]
2019-09-05 09:23:11,930 | INFO  | DNAudit | user=null | ip=null | op=WRITE_CHUNK {blockData=conID: 1 locID: 102739173903958469 bcsId: 0} | ret=SUCCESS |  
2019-09-05 09:23:11,930 [grpc-default-executor-4] INFO  client.GrpcClientProtocolClient (GrpcClientProtocolClient.java:onNext(255)) - client-969FB6DA8C9A->4fcc8d53-44cb-4faf-b915-5afa0c7529d4: receive RaftClientReply:client-969FB6DA8C9A->4fcc8d53-44cb-4faf-b915-5afa0c7529d4@group-6A615BAE1DD1, cid=1100, SUCCESS, logIndex=1469, commits[4fcc8d53-44cb-4faf-b915-5afa0c7529d4:c1469, 48aa5eb4-709c-4003-adb5-fbc02723cd23:c1465, 609a8cf1-6ad3-4123-b94a-106ad93148a8:c1465]
2019-09-05 09:23:11,931 | INFO  | DNAudit | user=null | ip=null | op=PUT_BLOCK {blockData=[blockId=conID: 1 locID: 102739173903958469 bcsId: 0,size=1048576]} | ret=SUCCESS |  
2019-09-05 09:23:11,931 | INFO  | DNAudit | user=null | ip=null | op=WRITE_CHUNK {blockData=conID: 1 locID: 102739173903958469 bcsId: 0} | ret=SUCCESS |  
2019-09-05 09:23:11,931 | INFO  | DNAudit | user=null | ip=null | op=PUT_BLOCK {blockData=[blockId=conID: 1 locID: 102739173903958469 bcsId: 0,size=1048576]} | ret=SUCCESS |  
2019-09-05 09:23:11,932 | INFO  | DNAudit | user=null | ip=null | op=WRITE_CHUNK {blockData=conID: 1 locID: 102739173903958469 bcsId: 0} | ret=SUCCESS |  
2019-09-05 09:23:11,932 [grpc-default-executor-4] INFO  client.GrpcClientProtocolClient (GrpcClientProtocolClient.java:onNext(255)) - client-969FB6DA8C9A->4fcc8d53-44cb-4faf-b915-5afa0c7529d4: receive RaftClientReply:client-969FB6DA8C9A->4fcc8d53-44cb-4faf-b915-5afa0c7529d4@group-6A615BAE1DD1, cid=1101, SUCCESS, logIndex=0, commits[4fcc8d53-44cb-4faf-b915-5afa0c7529d4:c1471, 48aa5eb4-709c-4003-adb5-fbc02723cd23:c1467, 609a8cf1-6ad3-4123-b94a-106ad93148a8:c1467]
2019-09-05 09:23:11,932 | INFO  | DNAudit | user=null | ip=null | op=PUT_BLOCK {blockData=[blockId=conID: 1 locID: 102739173903958469 bcsId: 0,size=2097152]} | ret=SUCCESS |  
2019-09-05 09:23:11,933 | INFO  | DNAudit | user=null | ip=null | op=WRITE_CHUNK {blockData=conID: 1 locID: 102739173903958469 bcsId: 0} | ret=SUCCESS |  
2019-09-05 09:23:11,933 | INFO  | DNAudit | user=null | ip=null | op=PUT_BLOCK {blockData=[blockId=conID: 1 locID: 102739173903958469 bcsId: 0,size=2097152]} | ret=SUCCESS |  
2019-09-05 09:23:11,937 | INFO  | DNAudit | user=null | ip=null | op=WRITE_CHUNK {blockData=conID: 1 locID: 102739173903958469 bcsId: 1469} | ret=SUCCESS |  
2019-09-05 09:23:11,940 | INFO  | DNAudit | user=null | ip=null | op=WRITE_CHUNK {blockData=conID: 1 locID: 102739173903958469 bcsId: 1469} | ret=SUCCESS |  
2019-09-05 09:23:11,940 | INFO  | DNAudit | user=null | ip=null | op=WRITE_CHUNK {blockData=conID: 1 locID: 102739173903958469 bcsId: 1469} | ret=SUCCESS |  
2019-09-05 09:23:11,982 | INFO  | DNAudit | user=null | ip=null | op=WRITE_CHUNK {blockData=conID: 1 locID: 102739173903958469 bcsId: 1469} | ret=SUCCESS |  
2019-09-05 09:23:11,982 | INFO  | DNAudit | user=null | ip=null | op=PUT_BLOCK {blockData=[blockId=conID: 1 locID: 102739173903958469 bcsId: 0,size=3145728]} | ret=SUCCESS |  
2019-09-05 09:23:11,982 [grpc-default-executor-5] INFO  client.GrpcClientProtocolClient (GrpcClientProtocolClient.java:onNext(255)) - client-969FB6DA8C9A->4fcc8d53-44cb-4faf-b915-5afa0c7529d4: receive RaftClientReply:client-969FB6DA8C9A->4fcc8d53-44cb-4faf-b915-5afa0c7529d4@group-6A615BAE1DD1, cid=1102, SUCCESS, logIndex=1474, commits[4fcc8d53-44cb-4faf-b915-5afa0c7529d4:c1475, 48aa5eb4-709c-4003-adb5-fbc02723cd23:c1473, 609a8cf1-6ad3-4123-b94a-106ad93148a8:c1473]
2019-09-05 09:23:11,982 [grpc-default-executor-5] INFO  client.GrpcClientProtocolClient (GrpcClientProtocolClient.java:onNext(255)) - client-969FB6DA8C9A->4fcc8d53-44cb-4faf-b915-5afa0c7529d4: receive RaftClientReply:client-969FB6DA8C9A->4fcc8d53-44cb-4faf-b915-5afa0c7529d4@group-6A615BAE1DD1, cid=1103, SUCCESS, logIndex=1475, commits[4fcc8d53-44cb-4faf-b915-5afa0c7529d4:c1475, 48aa5eb4-709c-4003-adb5-fbc02723cd23:c1473, 609a8cf1-6ad3-4123-b94a-106ad93148a8:c1473]
2019-09-05 09:23:11,988 | INFO  | DNAudit | user=null | ip=null | op=WRITE_CHUNK {blockData=conID: 1 locID: 102739173903958469 bcsId: 1475} | ret=SUCCESS |  
2019-09-05 09:23:11,990 | INFO  | DNAudit | user=null | ip=null | op=WRITE_CHUNK {blockData=conID: 1 locID: 102739173903958469 bcsId: 1475} | ret=SUCCESS |  
2019-09-05 09:23:11,991 | INFO  | DNAudit | user=null | ip=null | op=WRITE_CHUNK {blockData=conID: 1 locID: 102739173903958469 bcsId: 1475} | ret=SUCCESS |  
 0.00% |█                                                                                                    |  0/1 Time: 0:00:092019-09-05 09:23:12,055 | INFO  | SCMAudit | user=jenkins1000 | ip=192.168.36.69 | op=SEND_HEARTBEAT {datanodeUUID=48aa5eb4-709c-4003-adb5-fbc02723cd23, command=[]} | ret=SUCCESS |  
2019-09-05 09:23:12,055 | INFO  | SCMAudit | user=jenkins1000 | ip=192.168.36.69 | op=SEND_HEARTBEAT {datanodeUUID=4fcc8d53-44cb-4faf-b915-5afa0c7529d4, command=[]} | ret=SUCCESS |  
2019-09-05 09:23:12,055 | INFO  | SCMAudit | user=jenkins1000 | ip=192.168.36.69 | op=SEND_HEARTBEAT {datanodeUUID=609a8cf1-6ad3-4123-b94a-106ad93148a8, command=[]} | ret=SUCCESS |  
2019-09-05 09:23:12,109 | INFO  | DNAudit | user=null | ip=null | op=WRITE_CHUNK {blockData=conID: 1 locID: 102739173903958469 bcsId: 1469} | ret=SUCCESS |  
2019-09-05 09:23:12,109 | INFO  | DNAudit | user=null | ip=null | op=WRITE_CHUNK {blockData=conID: 1 locID: 102739173903958469 bcsId: 1469} | ret=SUCCESS |  
2019-09-05 09:23:12,110 | INFO  | DNAudit | user=null | ip=null | op=PUT_BLOCK {blockData=[blockId=conID: 1 locID: 102739173903958469 bcsId: 0,size=3145728]} | ret=SUCCESS |  
2019-09-05 09:23:12,110 | INFO  | DNAudit | user=null | ip=null | op=PUT_BLOCK {blockData=[blockId=conID: 1 locID: 102739173903958469 bcsId: 0,size=3145728]} | ret=SUCCESS |  
2019-09-05 09:23:12,111 | INFO  | DNAudit | user=null | ip=null | op=WRITE_CHUNK {blockData=conID: 1 locID: 102739173903958469 bcsId: 1475} | ret=SUCCESS |  
2019-09-05 09:23:12,112 | INFO  | DNAudit | user=null | ip=null | op=PUT_BLOCK {blockData=[blockId=conID: 1 locID: 102739173903958469 bcsId: 0,size=4194304]} | ret=SUCCESS |  
2019-09-05 09:23:12,112 [grpc-default-executor-0] INFO  client.GrpcClientProtocolClient (GrpcClientProtocolClient.java:onNext(255)) - client-969FB6DA8C9A->4fcc8d53-44cb-4faf-b915-5afa0c7529d4: receive RaftClientReply:client-969FB6DA8C9A->4fcc8d53-44cb-4faf-b915-5afa0c7529d4@group-6A615BAE1DD1, cid=1104, SUCCESS, logIndex=1478, commits[4fcc8d53-44cb-4faf-b915-5afa0c7529d4:c1479, 48aa5eb4-709c-4003-adb5-fbc02723cd23:c1475, 609a8cf1-6ad3-4123-b94a-106ad93148a8:c1475]
2019-09-05 09:23:12,113 [grpc-default-executor-0] INFO  client.GrpcClientProtocolClient (GrpcClientProtocolClient.java:onNext(255)) - client-969FB6DA8C9A->4fcc8d53-44cb-4faf-b915-5afa0c7529d4: receive RaftClientReply:client-969FB6DA8C9A->4fcc8d53-44cb-4faf-b915-5afa0c7529d4@group-6A615BAE1DD1, cid=1105, SUCCESS, logIndex=1479, commits[4fcc8d53-44cb-4faf-b915-5afa0c7529d4:c1479, 48aa5eb4-709c-4003-adb5-fbc02723cd23:c1475, 609a8cf1-6ad3-4123-b94a-106ad93148a8:c1475]
2019-09-05 09:23:12,155 | INFO  | DNAudit | user=null | ip=null | op=WRITE_CHUNK {blockData=conID: 1 locID: 102739173903958469 bcsId: 1475} | ret=SUCCESS |  
2019-09-05 09:23:12,155 | INFO  | DNAudit | user=null | ip=null | op=WRITE_CHUNK {blockData=conID: 1 locID: 102739173903958469 bcsId: 1475} | ret=SUCCESS |  
2019-09-05 09:23:12,156 | INFO  | DNAudit | user=null | ip=null | op=PUT_BLOCK {blockData=[blockId=conID: 1 locID: 102739173903958469 bcsId: 0,size=4194304]} | ret=SUCCESS |  
2019-09-05 09:23:12,156 | INFO  | DNAudit | user=null | ip=null | op=PUT_BLOCK {blockData=[blockId=conID: 1 locID: 102739173903958469 bcsId: 0,size=4194304]} | ret=SUCCESS |  
2019-09-05 09:23:12,157 [grpc-default-executor-0] INFO  client.GrpcClientProtocolClient (GrpcClientProtocolClient.java:onNext(255)) - client-969FB6DA8C9A->4fcc8d53-44cb-4faf-b915-5afa0c7529d4: receive RaftClientReply:client-969FB6DA8C9A->4fcc8d53-44cb-4faf-b915-5afa0c7529d4@group-6A615BAE1DD1, cid=1106, SUCCESS, logIndex=0, commits[4fcc8d53-44cb-4faf-b915-5afa0c7529d4:c1481, 48aa5eb4-709c-4003-adb5-fbc02723cd23:c1479, 609a8cf1-6ad3-4123-b94a-106ad93148a8:c1479]
2019-09-05 09:23:12,166 | INFO  | DNAudit | user=null | ip=null | op=WRITE_CHUNK {blockData=conID: 2 locID: 102739173903958470 bcsId: 0} | ret=SUCCESS |  
2019-09-05 09:23:12,169 | INFO  | DNAudit | user=null | ip=null | op=WRITE_CHUNK {blockData=conID: 2 locID: 102739173903958470 bcsId: 0} | ret=SUCCESS |  
2019-09-05 09:23:12,169 | INFO  | DNAudit | user=null | ip=null | op=WRITE_CHUNK {blockData=conID: 2 locID: 102739173903958470 bcsId: 0} | ret=SUCCESS |  
2019-09-05 09:23:12,170 | INFO  | DNAudit | user=null | ip=null | op=WRITE_CHUNK {blockData=conID: 2 locID: 102739173903958470 bcsId: 0} | ret=SUCCESS |  
2019-09-05 09:23:12,172 | INFO  | DNAudit | user=null | ip=null | op=WRITE_CHUNK {blockData=conID: 2 locID: 102739173903958470 bcsId: 0} | ret=SUCCESS |  
2019-09-05 09:23:12,172 | INFO  | DNAudit | user=null | ip=null | op=WRITE_CHUNK {blockData=conID: 2 locID: 102739173903958470 bcsId: 0} | ret=SUCCESS |  
2019-09-05 09:23:12,183 | INFO  | DNAudit | user=null | ip=null | op=WRITE_CHUNK {blockData=conID: 2 locID: 102739173903958470 bcsId: 0} | ret=SUCCESS |  
2019-09-05 09:23:12,184 | INFO  | DNAudit | user=null | ip=null | op=PUT_BLOCK {blockData=[blockId=conID: 2 locID: 102739173903958470 bcsId: 0,size=1048576]} | ret=SUCCESS |  
2019-09-05 09:23:12,184 | INFO  | DNAudit | user=null | ip=null | op=WRITE_CHUNK {blockData=conID: 2 locID: 102739173903958470 bcsId: 0} | ret=SUCCESS |  
2019-09-05 09:23:12,184 [grpc-default-executor-4] INFO  client.GrpcClientProtocolClient (GrpcClientProtocolClient.java:onNext(255)) - client-969FB6DA8C9A->4fcc8d53-44cb-4faf-b915-5afa0c7529d4: receive RaftClientReply:client-969FB6DA8C9A->4fcc8d53-44cb-4faf-b915-5afa0c7529d4@group-6A615BAE1DD1, cid=1107, SUCCESS, logIndex=1482, commits[4fcc8d53-44cb-4faf-b915-5afa0c7529d4:c1483, 48aa5eb4-709c-4003-adb5-fbc02723cd23:c1481, 609a8cf1-6ad3-4123-b94a-106ad93148a8:c1481]
2019-09-05 09:23:12,185 | INFO  | DNAudit | user=null | ip=null | op=PUT_BLOCK {blockData=[blockId=conID: 2 locID: 102739173903958470 bcsId: 0,size=2097152]} | ret=SUCCESS |  
2019-09-05 09:23:12,185 [grpc-default-executor-4] INFO  client.GrpcClientProtocolClient (GrpcClientProtocolClient.java:onNext(255)) - client-969FB6DA8C9A->4fcc8d53-44cb-4faf-b915-5afa0c7529d4: receive RaftClientReply:client-969FB6DA8C9A->4fcc8d53-44cb-4faf-b915-5afa0c7529d4@group-6A615BAE1DD1, cid=1108, SUCCESS, logIndex=1483, commits[4fcc8d53-44cb-4faf-b915-5afa0c7529d4:c1484, 48aa5eb4-709c-4003-adb5-fbc02723cd23:c1481, 609a8cf1-6ad3-4123-b94a-106ad93148a8:c1481]
2019-09-05 09:23:12,185 [grpc-default-executor-4] INFO  client.GrpcClientProtocolClient (GrpcClientProtocolClient.java:onNext(255)) - client-969FB6DA8C9A->4fcc8d53-44cb-4faf-b915-5afa0c7529d4: receive RaftClientReply:client-969FB6DA8C9A->4fcc8d53-44cb-4faf-b915-5afa0c7529d4@group-6A615BAE1DD1, cid=1109, SUCCESS, logIndex=1484, commits[4fcc8d53-44cb-4faf-b915-5afa0c7529d4:c1485, 48aa5eb4-709c-4003-adb5-fbc02723cd23:c1481, 609a8cf1-6ad3-4123-b94a-106ad93148a8:c1481]
2019-09-05 09:23:12,185 [grpc-default-executor-4] INFO  client.GrpcClientProtocolClient (GrpcClientProtocolClient.java:onNext(255)) - client-969FB6DA8C9A->4fcc8d53-44cb-4faf-b915-5afa0c7529d4: receive RaftClientReply:client-969FB6DA8C9A->4fcc8d53-44cb-4faf-b915-5afa0c7529d4@group-6A615BAE1DD1, cid=1110, SUCCESS, logIndex=1485, commits[4fcc8d53-44cb-4faf-b915-5afa0c7529d4:c1485, 48aa5eb4-709c-4003-adb5-fbc02723cd23:c1481, 609a8cf1-6ad3-4123-b94a-106ad93148a8:c1481]
2019-09-05 09:23:12,206 | INFO  | DNAudit | user=null | ip=null | op=WRITE_CHUNK {blockData=conID: 2 locID: 102739173903958470 bcsId: 0} | ret=SUCCESS |  
2019-09-05 09:23:12,206 | INFO  | DNAudit | user=null | ip=null | op=WRITE_CHUNK {blockData=conID: 2 locID: 102739173903958470 bcsId: 0} | ret=SUCCESS |  
2019-09-05 09:23:12,206 | INFO  | DNAudit | user=null | ip=null | op=PUT_BLOCK {blockData=[blockId=conID: 2 locID: 102739173903958470 bcsId: 0,size=1048576]} | ret=SUCCESS |  
2019-09-05 09:23:12,206 | INFO  | DNAudit | user=null | ip=null | op=PUT_BLOCK {blockData=[blockId=conID: 2 locID: 102739173903958470 bcsId: 0,size=1048576]} | ret=SUCCESS |  
2019-09-05 09:23:12,207 [grpc-default-executor-0] INFO  client.GrpcClientProtocolClient (GrpcClientProtocolClient.java:onNext(255)) - client-969FB6DA8C9A->4fcc8d53-44cb-4faf-b915-5afa0c7529d4: receive RaftClientReply:client-969FB6DA8C9A->4fcc8d53-44cb-4faf-b915-5afa0c7529d4@group-6A615BAE1DD1, cid=1111, SUCCESS, logIndex=0, commits[4fcc8d53-44cb-4faf-b915-5afa0c7529d4:c1487, 48aa5eb4-709c-4003-adb5-fbc02723cd23:c1483, 609a8cf1-6ad3-4123-b94a-106ad93148a8:c1483]
2019-09-05 09:23:12,207 | INFO  | DNAudit | user=null | ip=null | op=WRITE_CHUNK {blockData=conID: 2 locID: 102739173903958470 bcsId: 0} | ret=SUCCESS |  
2019-09-05 09:23:12,208 | INFO  | DNAudit | user=null | ip=null | op=PUT_BLOCK {blockData=[blockId=conID: 2 locID: 102739173903958470 bcsId: 0,size=2097152]} | ret=SUCCESS |  
2019-09-05 09:23:12,208 | INFO  | DNAudit | user=null | ip=null | op=WRITE_CHUNK {blockData=conID: 2 locID: 102739173903958470 bcsId: 0} | ret=SUCCESS |  
2019-09-05 09:23:12,208 | INFO  | DNAudit | user=null | ip=null | op=PUT_BLOCK {blockData=[blockId=conID: 2 locID: 102739173903958470 bcsId: 0,size=2097152]} | ret=SUCCESS |  
2019-09-05 09:23:12,214 | INFO  | DNAudit | user=null | ip=null | op=WRITE_CHUNK {blockData=conID: 2 locID: 102739173903958470 bcsId: 1485} | ret=SUCCESS |  
2019-09-05 09:23:12,216 | INFO  | DNAudit | user=null | ip=null | op=WRITE_CHUNK {blockData=conID: 2 locID: 102739173903958470 bcsId: 1485} | ret=SUCCESS |  
2019-09-05 09:23:12,217 | INFO  | DNAudit | user=null | ip=null | op=WRITE_CHUNK {blockData=conID: 2 locID: 102739173903958470 bcsId: 1485} | ret=SUCCESS |  
2019-09-05 09:23:12,238 | INFO  | SCMAudit | user=jenkins1000 | ip=192.168.36.69 | op=SEND_HEARTBEAT {datanodeUUID=5b6cff60-1414-40d6-b682-781dc5ff3023, command=[]} | ret=SUCCESS |  
2019-09-05 09:23:12,240 | INFO  | DNAudit | user=null | ip=null | op=WRITE_CHUNK {blockData=conID: 2 locID: 102739173903958470 bcsId: 1485} | ret=SUCCESS |  
2019-09-05 09:23:12,241 | INFO  | DNAudit | user=null | ip=null | op=PUT_BLOCK {blockData=[blockId=conID: 2 locID: 102739173903958470 bcsId: 0,size=3145728]} | ret=SUCCESS |  
2019-09-05 09:23:12,241 [grpc-default-executor-0] INFO  client.GrpcClientProtocolClient (GrpcClientProtocolClient.java:onNext(255)) - client-969FB6DA8C9A->4fcc8d53-44cb-4faf-b915-5afa0c7529d4: receive RaftClientReply:client-969FB6DA8C9A->4fcc8d53-44cb-4faf-b915-5afa0c7529d4@group-6A615BAE1DD1, cid=1112, SUCCESS, logIndex=1490, commits[4fcc8d53-44cb-4faf-b915-5afa0c7529d4:c1491, 48aa5eb4-709c-4003-adb5-fbc02723cd23:c1489, 609a8cf1-6ad3-4123-b94a-106ad93148a8:c1489]
2019-09-05 09:23:12,242 [grpc-default-executor-0] INFO  client.GrpcClientProtocolClient (GrpcClientProtocolClient.java:onNext(255)) - client-969FB6DA8C9A->4fcc8d53-44cb-4faf-b915-5afa0c7529d4: receive RaftClientReply:client-969FB6DA8C9A->4fcc8d53-44cb-4faf-b915-5afa0c7529d4@group-6A615BAE1DD1, cid=1113, SUCCESS, logIndex=1491, commits[4fcc8d53-44cb-4faf-b915-5afa0c7529d4:c1491, 48aa5eb4-709c-4003-adb5-fbc02723cd23:c1489, 609a8cf1-6ad3-4123-b94a-106ad93148a8:c1489]
2019-09-05 09:23:12,249 | INFO  | DNAudit | user=null | ip=null | op=WRITE_CHUNK {blockData=conID: 2 locID: 102739173903958470 bcsId: 1491} | ret=SUCCESS |  
2019-09-05 09:23:12,251 | INFO  | DNAudit | user=null | ip=null | op=WRITE_CHUNK {blockData=conID: 2 locID: 102739173903958470 bcsId: 1491} | ret=SUCCESS |  
2019-09-05 09:23:12,251 | INFO  | DNAudit | user=null | ip=null | op=WRITE_CHUNK {blockData=conID: 2 locID: 102739173903958470 bcsId: 1491} | ret=SUCCESS |  
2019-09-05 09:23:12,255 | INFO  | DNAudit | user=null | ip=null | op=WRITE_CHUNK {blockData=conID: 2 locID: 102739173903958470 bcsId: 1485} | ret=SUCCESS |  
2019-09-05 09:23:12,255 | INFO  | DNAudit | user=null | ip=null | op=WRITE_CHUNK {blockData=conID: 2 locID: 102739173903958470 bcsId: 1485} | ret=SUCCESS |  
2019-09-05 09:23:12,255 | INFO  | DNAudit | user=null | ip=null | op=PUT_BLOCK {blockData=[blockId=conID: 2 locID: 102739173903958470 bcsId: 0,size=3145728]} | ret=SUCCESS |  
2019-09-05 09:23:12,255 | INFO  | DNAudit | user=null | ip=null | op=PUT_BLOCK {blockData=[blockId=conID: 2 locID: 102739173903958470 bcsId: 0,size=3145728]} | ret=SUCCESS |  
2019-09-05 09:23:12,257 | INFO  | DNAudit | user=null | ip=null | op=WRITE_CHUNK {blockData=conID: 2 locID: 102739173903958470 bcsId: 1491} | ret=SUCCESS |  
2019-09-05 09:23:12,258 | INFO  | DNAudit | user=null | ip=null | op=PUT_BLOCK {blockData=[blockId=conID: 2 locID: 102739173903958470 bcsId: 0,size=4194304]} | ret=SUCCESS |  
2019-09-05 09:23:12,258 [grpc-default-executor-5] INFO  client.GrpcClientProtocolClient (GrpcClientProtocolClient.java:onNext(255)) - client-969FB6DA8C9A->4fcc8d53-44cb-4faf-b915-5afa0c7529d4: receive RaftClientReply:client-969FB6DA8C9A->4fcc8d53-44cb-4faf-b915-5afa0c7529d4@group-6A615BAE1DD1, cid=1114, SUCCESS, logIndex=1494, commits[4fcc8d53-44cb-4faf-b915-5afa0c7529d4:c1495, 48aa5eb4-709c-4003-adb5-fbc02723cd23:c1491, 609a8cf1-6ad3-4123-b94a-106ad93148a8:c1491]
2019-09-05 09:23:12,258 [grpc-default-executor-5] INFO  client.GrpcClientProtocolClient (GrpcClientProtocolClient.java:onNext(255)) - client-969FB6DA8C9A->4fcc8d53-44cb-4faf-b915-5afa0c7529d4: receive RaftClientReply:client-969FB6DA8C9A->4fcc8d53-44cb-4faf-b915-5afa0c7529d4@group-6A615BAE1DD1, cid=1115, SUCCESS, logIndex=1495, commits[4fcc8d53-44cb-4faf-b915-5afa0c7529d4:c1495, 48aa5eb4-709c-4003-adb5-fbc02723cd23:c1491, 609a8cf1-6ad3-4123-b94a-106ad93148a8:c1491]
2019-09-05 09:23:12,282 | INFO  | DNAudit | user=null | ip=null | op=WRITE_CHUNK {blockData=conID: 2 locID: 102739173903958470 bcsId: 1491} | ret=SUCCESS |  
2019-09-05 09:23:12,282 | INFO  | DNAudit | user=null | ip=null | op=WRITE_CHUNK {blockData=conID: 2 locID: 102739173903958470 bcsId: 1491} | ret=SUCCESS |  
2019-09-05 09:23:12,283 | INFO  | DNAudit | user=null | ip=null | op=PUT_BLOCK {blockData=[blockId=conID: 2 locID: 102739173903958470 bcsId: 0,size=4194304]} | ret=SUCCESS |  
2019-09-05 09:23:12,283 | INFO  | DNAudit | user=null | ip=null | op=PUT_BLOCK {blockData=[blockId=conID: 2 locID: 102739173903958470 bcsId: 0,size=4194304]} | ret=SUCCESS |  
2019-09-05 09:23:12,284 [grpc-default-executor-5] INFO  client.GrpcClientProtocolClient (GrpcClientProtocolClient.java:onNext(255)) - client-969FB6DA8C9A->4fcc8d53-44cb-4faf-b915-5afa0c7529d4: receive RaftClientReply:client-969FB6DA8C9A->4fcc8d53-44cb-4faf-b915-5afa0c7529d4@group-6A615BAE1DD1, cid=1116, SUCCESS, logIndex=0, commits[4fcc8d53-44cb-4faf-b915-5afa0c7529d4:c1497, 48aa5eb4-709c-4003-adb5-fbc02723cd23:c1495, 609a8cf1-6ad3-4123-b94a-106ad93148a8:c1495]
2019-09-05 09:23:12,291 | INFO  | DNAudit | user=null | ip=null | op=WRITE_CHUNK {blockData=conID: 3 locID: 102739173903958471 bcsId: 0} | ret=SUCCESS |  
2019-09-05 09:23:12,294 | INFO  | DNAudit | user=null | ip=null | op=WRITE_CHUNK {blockData=conID: 3 locID: 102739173903958471 bcsId: 0} | ret=SUCCESS |  
2019-09-05 09:23:12,294 | INFO  | DNAudit | user=null | ip=null | op=WRITE_CHUNK {blockData=conID: 3 locID: 102739173903958471 bcsId: 0} | ret=SUCCESS |  
2019-09-05 09:23:12,294 | INFO  | DNAudit | user=null | ip=null | op=WRITE_CHUNK {blockData=conID: 3 locID: 102739173903958471 bcsId: 0} | ret=SUCCESS |  
2019-09-05 09:23:12,295 | INFO  | DNAudit | user=null | ip=null | op=WRITE_CHUNK {blockData=conID: 3 locID: 102739173903958471 bcsId: 0} | ret=SUCCESS |  
2019-09-05 09:23:12,295 | INFO  | DNAudit | user=null | ip=null | op=WRITE_CHUNK {blockData=conID: 3 locID: 102739173903958471 bcsId: 0} | ret=SUCCESS |  
2019-09-05 09:23:12,307 | INFO  | DNAudit | user=null | ip=null | op=WRITE_CHUNK {blockData=conID: 3 locID: 102739173903958471 bcsId: 0} | ret=SUCCESS |  
2019-09-05 09:23:12,307 | INFO  | DNAudit | user=null | ip=null | op=PUT_BLOCK {blockData=[blockId=conID: 3 locID: 102739173903958471 bcsId: 0,size=1048576]} | ret=SUCCESS |  
2019-09-05 09:23:12,308 | INFO  | DNAudit | user=null | ip=null | op=WRITE_CHUNK {blockData=conID: 3 locID: 102739173903958471 bcsId: 0} | ret=SUCCESS |  
2019-09-05 09:23:12,308 | INFO  | DNAudit | user=null | ip=null | op=PUT_BLOCK {blockData=[blockId=conID: 3 locID: 102739173903958471 bcsId: 0,size=2097152]} | ret=SUCCESS |  
2019-09-05 09:23:12,308 [grpc-default-executor-0] INFO  client.GrpcClientProtocolClient (GrpcClientProtocolClient.java:onNext(255)) - client-969FB6DA8C9A->4fcc8d53-44cb-4faf-b915-5afa0c7529d4: receive RaftClientReply:client-969FB6DA8C9A->4fcc8d53-44cb-4faf-b915-5afa0c7529d4@group-6A615BAE1DD1, cid=1117, SUCCESS, logIndex=1498, commits[4fcc8d53-44cb-4faf-b915-5afa0c7529d4:c1499, 48aa5eb4-709c-4003-adb5-fbc02723cd23:c1497, 609a8cf1-6ad3-4123-b94a-106ad93148a8:c1497]
2019-09-05 09:23:12,308 [grpc-default-executor-0] INFO  client.GrpcClientProtocolClient (GrpcClientProtocolClient.java:onNext(255)) - client-969FB6DA8C9A->4fcc8d53-44cb-4faf-b915-5afa0c7529d4: receive RaftClientReply:client-969FB6DA8C9A->4fcc8d53-44cb-4faf-b915-5afa0c7529d4@group-6A615BAE1DD1, cid=1118, SUCCESS, logIndex=1499, commits[4fcc8d53-44cb-4faf-b915-5afa0c7529d4:c1501, 48aa5eb4-709c-4003-adb5-fbc02723cd23:c1497, 609a8cf1-6ad3-4123-b94a-106ad93148a8:c1497]
2019-09-05 09:23:12,308 [grpc-default-executor-0] INFO  client.GrpcClientProtocolClient (GrpcClientProtocolClient.java:onNext(255)) - client-969FB6DA8C9A->4fcc8d53-44cb-4faf-b915-5afa0c7529d4: receive RaftClientReply:client-969FB6DA8C9A->4fcc8d53-44cb-4faf-b915-5afa0c7529d4@group-6A615BAE1DD1, cid=1119, SUCCESS, logIndex=1500, commits[4fcc8d53-44cb-4faf-b915-5afa0c7529d4:c1501, 48aa5eb4-709c-4003-adb5-fbc02723cd23:c1497, 609a8cf1-6ad3-4123-b94a-106ad93148a8:c1497]
2019-09-05 09:23:12,309 [grpc-default-executor-0] INFO  client.GrpcClientProtocolClient (GrpcClientProtocolClient.java:onNext(255)) - client-969FB6DA8C9A->4fcc8d53-44cb-4faf-b915-5afa0c7529d4: receive RaftClientReply:client-969FB6DA8C9A->4fcc8d53-44cb-4faf-b915-5afa0c7529d4@group-6A615BAE1DD1, cid=1120, SUCCESS, logIndex=1501, commits[4fcc8d53-44cb-4faf-b915-5afa0c7529d4:c1501, 48aa5eb4-709c-4003-adb5-fbc02723cd23:c1497, 609a8cf1-6ad3-4123-b94a-106ad93148a8:c1497]
2019-09-05 09:23:12,312 | INFO  | SCMAudit | user=jenkins1000 | ip=192.168.36.69 | op=SEND_HEARTBEAT {datanodeUUID=fe9e29a7-51ad-458f-9e11-f615da290baa, command=[]} | ret=SUCCESS |  
2019-09-05 09:23:12,344 | INFO  | DNAudit | user=null | ip=null | op=WRITE_CHUNK {blockData=conID: 3 locID: 102739173903958471 bcsId: 0} | ret=SUCCESS |  
2019-09-05 09:23:12,344 | INFO  | DNAudit | user=null | ip=null | op=WRITE_CHUNK {blockData=conID: 3 locID: 102739173903958471 bcsId: 0} | ret=SUCCESS |  
2019-09-05 09:23:12,345 | INFO  | DNAudit | user=null | ip=null | op=PUT_BLOCK {blockData=[blockId=conID: 3 locID: 102739173903958471 bcsId: 0,size=1048576]} | ret=SUCCESS |  
2019-09-05 09:23:12,345 | INFO  | DNAudit | user=null | ip=null | op=WRITE_CHUNK {blockData=conID: 3 locID: 102739173903958471 bcsId: 0} | ret=SUCCESS |  
2019-09-05 09:23:12,345 | INFO  | DNAudit | user=null | ip=null | op=PUT_BLOCK {blockData=[blockId=conID: 3 locID: 102739173903958471 bcsId: 0,size=2097152]} | ret=SUCCESS |  
2019-09-05 09:23:12,345 | INFO  | DNAudit | user=null | ip=null | op=PUT_BLOCK {blockData=[blockId=conID: 3 locID: 102739173903958471 bcsId: 0,size=1048576]} | ret=SUCCESS |  
2019-09-05 09:23:12,345 | INFO  | DNAudit | user=null | ip=null | op=WRITE_CHUNK {blockData=conID: 3 locID: 102739173903958471 bcsId: 0} | ret=SUCCESS |  
2019-09-05 09:23:12,346 | INFO  | DNAudit | user=null | ip=null | op=PUT_BLOCK {blockData=[blockId=conID: 3 locID: 102739173903958471 bcsId: 0,size=2097152]} | ret=SUCCESS |  
2019-09-05 09:23:12,346 [grpc-default-executor-0] INFO  client.GrpcClientProtocolClient (GrpcClientProtocolClient.java:onNext(255)) - client-969FB6DA8C9A->4fcc8d53-44cb-4faf-b915-5afa0c7529d4: receive RaftClientReply:client-969FB6DA8C9A->4fcc8d53-44cb-4faf-b915-5afa0c7529d4@group-6A615BAE1DD1, cid=1121, SUCCESS, logIndex=0, commits[4fcc8d53-44cb-4faf-b915-5afa0c7529d4:c1505, 48aa5eb4-709c-4003-adb5-fbc02723cd23:c1501, 609a8cf1-6ad3-4123-b94a-106ad93148a8:c1499]
2019-09-05 09:23:12,352 | INFO  | DNAudit | user=null | ip=null | op=WRITE_CHUNK {blockData=conID: 3 locID: 102739173903958471 bcsId: 1501} | ret=SUCCESS |  
2019-09-05 09:23:12,354 | INFO  | DNAudit | user=null | ip=null | op=WRITE_CHUNK {blockData=conID: 3 locID: 102739173903958471 bcsId: 1501} | ret=SUCCESS |  
2019-09-05 09:23:12,354 | INFO  | DNAudit | user=null | ip=null | op=WRITE_CHUNK {blockData=conID: 3 locID: 102739173903958471 bcsId: 1501} | ret=SUCCESS |  
2019-09-05 09:23:12,395 | INFO  | DNAudit | user=null | ip=null | op=WRITE_CHUNK {blockData=conID: 3 locID: 102739173903958471 bcsId: 1501} | ret=SUCCESS |  
2019-09-05 09:23:12,395 | INFO  | DNAudit | user=null | ip=null | op=PUT_BLOCK {blockData=[blockId=conID: 3 locID: 102739173903958471 bcsId: 0,size=3145728]} | ret=SUCCESS |  
2019-09-05 09:23:12,396 [grpc-default-executor-4] INFO  client.GrpcClientProtocolClient (GrpcClientProtocolClient.java:onNext(255)) - client-969FB6DA8C9A->4fcc8d53-44cb-4faf-b915-5afa0c7529d4: receive RaftClientReply:client-969FB6DA8C9A->4fcc8d53-44cb-4faf-b915-5afa0c7529d4@group-6A615BAE1DD1, cid=1122, SUCCESS, logIndex=1506, commits[4fcc8d53-44cb-4faf-b915-5afa0c7529d4:c1507, 48aa5eb4-709c-4003-adb5-fbc02723cd23:c1505, 609a8cf1-6ad3-4123-b94a-106ad93148a8:c1505]
2019-09-05 09:23:12,396 [grpc-default-executor-4] INFO  client.GrpcClientProtocolClient (GrpcClientProtocolClient.java:onNext(255)) - client-969FB6DA8C9A->4fcc8d53-44cb-4faf-b915-5afa0c7529d4: receive RaftClientReply:client-969FB6DA8C9A->4fcc8d53-44cb-4faf-b915-5afa0c7529d4@group-6A615BAE1DD1, cid=1123, SUCCESS, logIndex=1507, commits[4fcc8d53-44cb-4faf-b915-5afa0c7529d4:c1507, 48aa5eb4-709c-4003-adb5-fbc02723cd23:c1505, 609a8cf1-6ad3-4123-b94a-106ad93148a8:c1505]
2019-09-05 09:23:12,402 | INFO  | DNAudit | user=null | ip=null | op=WRITE_CHUNK {blockData=conID: 3 locID: 102739173903958471 bcsId: 1507} | ret=SUCCESS |  
2019-09-05 09:23:12,404 | INFO  | DNAudit | user=null | ip=null | op=WRITE_CHUNK {blockData=conID: 3 locID: 102739173903958471 bcsId: 1507} | ret=SUCCESS |  
2019-09-05 09:23:12,404 | INFO  | DNAudit | user=null | ip=null | op=WRITE_CHUNK {blockData=conID: 3 locID: 102739173903958471 bcsId: 1507} | ret=SUCCESS |  
2019-09-05 09:23:12,407 | INFO  | DNAudit | user=null | ip=null | op=WRITE_CHUNK {blockData=conID: 3 locID: 102739173903958471 bcsId: 1501} | ret=SUCCESS |  
2019-09-05 09:23:12,407 | INFO  | DNAudit | user=null | ip=null | op=WRITE_CHUNK {blockData=conID: 3 locID: 102739173903958471 bcsId: 1501} | ret=SUCCESS |  
2019-09-05 09:23:12,408 | INFO  | DNAudit | user=null | ip=null | op=PUT_BLOCK {blockData=[blockId=conID: 3 locID: 102739173903958471 bcsId: 0,size=3145728]} | ret=SUCCESS |  
2019-09-05 09:23:12,408 | INFO  | DNAudit | user=null | ip=null | op=PUT_BLOCK {blockData=[blockId=conID: 3 locID: 102739173903958471 bcsId: 0,size=3145728]} | ret=SUCCESS |  
2019-09-05 09:23:12,408 | INFO  | DNAudit | user=null | ip=null | op=WRITE_CHUNK {blockData=conID: 3 locID: 102739173903958471 bcsId: 1507} | ret=SUCCESS |  
2019-09-05 09:23:12,411 | INFO  | DNAudit | user=null | ip=null | op=PUT_BLOCK {blockData=[blockId=conID: 3 locID: 102739173903958471 bcsId: 0,size=4194304]} | ret=SUCCESS |  
2019-09-05 09:23:12,411 [grpc-default-executor-0] INFO  client.GrpcClientProtocolClient (GrpcClientProtocolClient.java:onNext(255)) - client-969FB6DA8C9A->4fcc8d53-44cb-4faf-b915-5afa0c7529d4: receive RaftClientReply:client-969FB6DA8C9A->4fcc8d53-44cb-4faf-b915-5afa0c7529d4@group-6A615BAE1DD1, cid=1124, SUCCESS, logIndex=1510, commits[4fcc8d53-44cb-4faf-b915-5afa0c7529d4:c1510, 48aa5eb4-709c-4003-adb5-fbc02723cd23:c1507, 609a8cf1-6ad3-4123-b94a-106ad93148a8:c1507]
2019-09-05 09:23:12,412 [grpc-default-executor-0] INFO  client.GrpcClientProtocolClient (GrpcClientProtocolClient.java:onNext(255)) - client-969FB6DA8C9A->4fcc8d53-44cb-4faf-b915-5afa0c7529d4: receive RaftClientReply:client-969FB6DA8C9A->4fcc8d53-44cb-4faf-b915-5afa0c7529d4@group-6A615BAE1DD1, cid=1125, SUCCESS, logIndex=1511, commits[4fcc8d53-44cb-4faf-b915-5afa0c7529d4:c1511, 48aa5eb4-709c-4003-adb5-fbc02723cd23:c1507, 609a8cf1-6ad3-4123-b94a-106ad93148a8:c1507]
2019-09-05 09:23:12,440 | INFO  | DNAudit | user=null | ip=null | op=WRITE_CHUNK {blockData=conID: 3 locID: 102739173903958471 bcsId: 1507} | ret=SUCCESS |  
2019-09-05 09:23:12,440 | INFO  | DNAudit | user=null | ip=null | op=WRITE_CHUNK {blockData=conID: 3 locID: 102739173903958471 bcsId: 1507} | ret=SUCCESS |  
2019-09-05 09:23:12,441 | INFO  | DNAudit | user=null | ip=null | op=PUT_BLOCK {blockData=[blockId=conID: 3 locID: 102739173903958471 bcsId: 0,size=4194304]} | ret=SUCCESS |  
2019-09-05 09:23:12,441 | INFO  | DNAudit | user=null | ip=null | op=PUT_BLOCK {blockData=[blockId=conID: 3 locID: 102739173903958471 bcsId: 0,size=4194304]} | ret=SUCCESS |  
2019-09-05 09:23:12,442 [grpc-default-executor-0] INFO  client.GrpcClientProtocolClient (GrpcClientProtocolClient.java:onNext(255)) - client-969FB6DA8C9A->4fcc8d53-44cb-4faf-b915-5afa0c7529d4: receive RaftClientReply:client-969FB6DA8C9A->4fcc8d53-44cb-4faf-b915-5afa0c7529d4@group-6A615BAE1DD1, cid=1126, SUCCESS, logIndex=0, commits[4fcc8d53-44cb-4faf-b915-5afa0c7529d4:c1513, 48aa5eb4-709c-4003-adb5-fbc02723cd23:c1511, 609a8cf1-6ad3-4123-b94a-106ad93148a8:c1511]
2019-09-05 09:23:12,448 | INFO  | DNAudit | user=null | ip=null | op=WRITE_CHUNK {blockData=conID: 1 locID: 102739173903958472 bcsId: 0} | ret=SUCCESS |  
2019-09-05 09:23:12,450 | INFO  | DNAudit | user=null | ip=null | op=WRITE_CHUNK {blockData=conID: 1 locID: 102739173903958472 bcsId: 0} | ret=SUCCESS |  
2019-09-05 09:23:12,450 | INFO  | DNAudit | user=null | ip=null | op=WRITE_CHUNK {blockData=conID: 1 locID: 102739173903958472 bcsId: 0} | ret=SUCCESS |  
2019-09-05 09:23:12,450 | INFO  | DNAudit | user=null | ip=null | op=WRITE_CHUNK {blockData=conID: 1 locID: 102739173903958472 bcsId: 0} | ret=SUCCESS |  
2019-09-05 09:23:12,452 | INFO  | DNAudit | user=null | ip=null | op=WRITE_CHUNK {blockData=conID: 1 locID: 102739173903958472 bcsId: 0} | ret=SUCCESS |  
2019-09-05 09:23:12,452 | INFO  | DNAudit | user=null | ip=null | op=WRITE_CHUNK {blockData=conID: 1 locID: 102739173903958472 bcsId: 0} | ret=SUCCESS |  
2019-09-05 09:23:12,460 | INFO  | DNAudit | user=null | ip=null | op=WRITE_CHUNK {blockData=conID: 1 locID: 102739173903958472 bcsId: 0} | ret=SUCCESS |  
2019-09-05 09:23:12,461 | INFO  | DNAudit | user=null | ip=null | op=PUT_BLOCK {blockData=[blockId=conID: 1 locID: 102739173903958472 bcsId: 0,size=1048576]} | ret=SUCCESS |  
2019-09-05 09:23:12,461 [grpc-default-executor-0] INFO  client.GrpcClientProtocolClient (GrpcClientProtocolClient.java:onNext(255)) - client-969FB6DA8C9A->4fcc8d53-44cb-4faf-b915-5afa0c7529d4: receive RaftClientReply:client-969FB6DA8C9A->4fcc8d53-44cb-4faf-b915-5afa0c7529d4@group-6A615BAE1DD1, cid=1127, SUCCESS, logIndex=1514, commits[4fcc8d53-44cb-4faf-b915-5afa0c7529d4:c1516, 48aa5eb4-709c-4003-adb5-fbc02723cd23:c1513, 609a8cf1-6ad3-4123-b94a-106ad93148a8:c1513]
2019-09-05 09:23:12,461 | INFO  | DNAudit | user=null | ip=null | op=WRITE_CHUNK {blockData=conID: 1 locID: 102739173903958472 bcsId: 0} | ret=SUCCESS |  
2019-09-05 09:23:12,462 [grpc-default-executor-0] INFO  client.GrpcClientProtocolClient (GrpcClientProtocolClient.java:onNext(255)) - client-969FB6DA8C9A->4fcc8d53-44cb-4faf-b915-5afa0c7529d4: receive RaftClientReply:client-969FB6DA8C9A->4fcc8d53-44cb-4faf-b915-5afa0c7529d4@group-6A615BAE1DD1, cid=1128, SUCCESS, logIndex=1515, commits[4fcc8d53-44cb-4faf-b915-5afa0c7529d4:c1517, 48aa5eb4-709c-4003-adb5-fbc02723cd23:c1513, 609a8cf1-6ad3-4123-b94a-106ad93148a8:c1513]
2019-09-05 09:23:12,462 | INFO  | DNAudit | user=null | ip=null | op=PUT_BLOCK {blockData=[blockId=conID: 1 locID: 102739173903958472 bcsId: 0,size=2097152]} | ret=SUCCESS |  
2019-09-05 09:23:12,462 [grpc-default-executor-0] INFO  client.GrpcClientProtocolClient (GrpcClientProtocolClient.java:onNext(255)) - client-969FB6DA8C9A->4fcc8d53-44cb-4faf-b915-5afa0c7529d4: receive RaftClientReply:client-969FB6DA8C9A->4fcc8d53-44cb-4faf-b915-5afa0c7529d4@group-6A615BAE1DD1, cid=1129, SUCCESS, logIndex=1516, commits[4fcc8d53-44cb-4faf-b915-5afa0c7529d4:c1517, 48aa5eb4-709c-4003-adb5-fbc02723cd23:c1513, 609a8cf1-6ad3-4123-b94a-106ad93148a8:c1513]
2019-09-05 09:23:12,462 [grpc-default-executor-0] INFO  client.GrpcClientProtocolClient (GrpcClientProtocolClient.java:onNext(255)) - client-969FB6DA8C9A->4fcc8d53-44cb-4faf-b915-5afa0c7529d4: receive RaftClientReply:client-969FB6DA8C9A->4fcc8d53-44cb-4faf-b915-5afa0c7529d4@group-6A615BAE1DD1, cid=1130, SUCCESS, logIndex=1517, commits[4fcc8d53-44cb-4faf-b915-5afa0c7529d4:c1517, 48aa5eb4-709c-4003-adb5-fbc02723cd23:c1513, 609a8cf1-6ad3-4123-b94a-106ad93148a8:c1513]
2019-09-05 09:23:12,473 | INFO  | DNAudit | user=null | ip=null | op=WRITE_CHUNK {blockData=conID: 1 locID: 102739173903958472 bcsId: 0} | ret=SUCCESS |  
2019-09-05 09:23:12,474 | INFO  | DNAudit | user=null | ip=null | op=WRITE_CHUNK {blockData=conID: 1 locID: 102739173903958472 bcsId: 0} | ret=SUCCESS |  
2019-09-05 09:23:12,474 | INFO  | DNAudit | user=null | ip=null | op=PUT_BLOCK {blockData=[blockId=conID: 1 locID: 102739173903958472 bcsId: 0,size=1048576]} | ret=SUCCESS |  
2019-09-05 09:23:12,474 | INFO  | DNAudit | user=null | ip=null | op=PUT_BLOCK {blockData=[blockId=conID: 1 locID: 102739173903958472 bcsId: 0,size=1048576]} | ret=SUCCESS |  
2019-09-05 09:23:12,474 | INFO  | DNAudit | user=null | ip=null | op=WRITE_CHUNK {blockData=conID: 1 locID: 102739173903958472 bcsId: 0} | ret=SUCCESS |  
2019-09-05 09:23:12,475 | INFO  | DNAudit | user=null | ip=null | op=WRITE_CHUNK {blockData=conID: 1 locID: 102739173903958472 bcsId: 0} | ret=SUCCESS |  
2019-09-05 09:23:12,475 | INFO  | DNAudit | user=null | ip=null | op=PUT_BLOCK {blockData=[blockId=conID: 1 locID: 102739173903958472 bcsId: 0,size=2097152]} | ret=SUCCESS |  
2019-09-05 09:23:12,475 [grpc-default-executor-0] INFO  client.GrpcClientProtocolClient (GrpcClientProtocolClient.java:onNext(255)) - client-969FB6DA8C9A->4fcc8d53-44cb-4faf-b915-5afa0c7529d4: receive RaftClientReply:client-969FB6DA8C9A->4fcc8d53-44cb-4faf-b915-5afa0c7529d4@group-6A615BAE1DD1, cid=1131, SUCCESS, logIndex=0, commits[4fcc8d53-44cb-4faf-b915-5afa0c7529d4:c1521, 48aa5eb4-709c-4003-adb5-fbc02723cd23:c1516, 609a8cf1-6ad3-4123-b94a-106ad93148a8:c1517]
2019-09-05 09:23:12,475 | INFO  | DNAudit | user=null | ip=null | op=PUT_BLOCK {blockData=[blockId=conID: 1 locID: 102739173903958472 bcsId: 0,size=2097152]} | ret=SUCCESS |  
2019-09-05 09:23:12,480 | INFO  | DNAudit | user=null | ip=null | op=WRITE_CHUNK {blockData=conID: 1 locID: 102739173903958472 bcsId: 1517} | ret=SUCCESS |  
2019-09-05 09:23:12,482 | INFO  | DNAudit | user=null | ip=null | op=WRITE_CHUNK {blockData=conID: 1 locID: 102739173903958472 bcsId: 1517} | ret=SUCCESS |  
2019-09-05 09:23:12,482 | INFO  | DNAudit | user=null | ip=null | op=WRITE_CHUNK {blockData=conID: 1 locID: 102739173903958472 bcsId: 1517} | ret=SUCCESS |  
2019-09-05 09:23:12,488 | INFO  | DNAudit | user=null | ip=null | op=WRITE_CHUNK {blockData=conID: 1 locID: 102739173903958472 bcsId: 1517} | ret=SUCCESS |  
2019-09-05 09:23:12,489 | INFO  | DNAudit | user=null | ip=null | op=PUT_BLOCK {blockData=[blockId=conID: 1 locID: 102739173903958472 bcsId: 0,size=3145728]} | ret=SUCCESS |  
2019-09-05 09:23:12,489 [grpc-default-executor-4] INFO  client.GrpcClientProtocolClient (GrpcClientProtocolClient.java:onNext(255)) - client-969FB6DA8C9A->4fcc8d53-44cb-4faf-b915-5afa0c7529d4: receive RaftClientReply:client-969FB6DA8C9A->4fcc8d53-44cb-4faf-b915-5afa0c7529d4@group-6A615BAE1DD1, cid=1132, SUCCESS, logIndex=1522, commits[4fcc8d53-44cb-4faf-b915-5afa0c7529d4:c1523, 48aa5eb4-709c-4003-adb5-fbc02723cd23:c1521, 609a8cf1-6ad3-4123-b94a-106ad93148a8:c1521]
2019-09-05 09:23:12,489 [grpc-default-executor-4] INFO  client.GrpcClientProtocolClient (GrpcClientProtocolClient.java:onNext(255)) - client-969FB6DA8C9A->4fcc8d53-44cb-4faf-b915-5afa0c7529d4: receive RaftClientReply:client-969FB6DA8C9A->4fcc8d53-44cb-4faf-b915-5afa0c7529d4@group-6A615BAE1DD1, cid=1133, SUCCESS, logIndex=1523, commits[4fcc8d53-44cb-4faf-b915-5afa0c7529d4:c1523, 48aa5eb4-709c-4003-adb5-fbc02723cd23:c1521, 609a8cf1-6ad3-4123-b94a-106ad93148a8:c1521]
2019-09-05 09:23:12,493 | INFO  | DNAudit | user=null | ip=null | op=WRITE_CHUNK {blockData=conID: 1 locID: 102739173903958472 bcsId: 1517} | ret=SUCCESS |  
2019-09-05 09:23:12,493 | INFO  | DNAudit | user=null | ip=null | op=WRITE_CHUNK {blockData=conID: 1 locID: 102739173903958472 bcsId: 1517} | ret=SUCCESS |  
2019-09-05 09:23:12,494 | INFO  | DNAudit | user=null | ip=null | op=PUT_BLOCK {blockData=[blockId=conID: 1 locID: 102739173903958472 bcsId: 0,size=3145728]} | ret=SUCCESS |  
2019-09-05 09:23:12,494 | INFO  | DNAudit | user=null | ip=null | op=PUT_BLOCK {blockData=[blockId=conID: 1 locID: 102739173903958472 bcsId: 0,size=3145728]} | ret=SUCCESS |  
2019-09-05 09:23:12,495 | INFO  | DNAudit | user=null | ip=null | op=WRITE_CHUNK {blockData=conID: 1 locID: 102739173903958472 bcsId: 1523} | ret=SUCCESS |  
2019-09-05 09:23:12,497 | INFO  | DNAudit | user=null | ip=null | op=WRITE_CHUNK {blockData=conID: 1 locID: 102739173903958472 bcsId: 1523} | ret=SUCCESS |  
2019-09-05 09:23:12,497 | INFO  | DNAudit | user=null | ip=null | op=WRITE_CHUNK {blockData=conID: 1 locID: 102739173903958472 bcsId: 1523} | ret=SUCCESS |  
2019-09-05 09:23:12,538 | INFO  | DNAudit | user=null | ip=null | op=WRITE_CHUNK {blockData=conID: 1 locID: 102739173903958472 bcsId: 1523} | ret=SUCCESS |  
2019-09-05 09:23:12,538 | INFO  | DNAudit | user=null | ip=null | op=PUT_BLOCK {blockData=[blockId=conID: 1 locID: 102739173903958472 bcsId: 0,size=4194304]} | ret=SUCCESS |  
2019-09-05 09:23:12,538 [grpc-default-executor-4] INFO  client.GrpcClientProtocolClient (GrpcClientProtocolClient.java:onNext(255)) - client-969FB6DA8C9A->4fcc8d53-44cb-4faf-b915-5afa0c7529d4: receive RaftClientReply:client-969FB6DA8C9A->4fcc8d53-44cb-4faf-b915-5afa0c7529d4@group-6A615BAE1DD1, cid=1134, SUCCESS, logIndex=1526, commits[4fcc8d53-44cb-4faf-b915-5afa0c7529d4:c1527, 48aa5eb4-709c-4003-adb5-fbc02723cd23:c1525, 609a8cf1-6ad3-4123-b94a-106ad93148a8:c1525]
2019-09-05 09:23:12,539 [grpc-default-executor-4] INFO  client.GrpcClientProtocolClient (GrpcClientProtocolClient.java:onNext(255)) - client-969FB6DA8C9A->4fcc8d53-44cb-4faf-b915-5afa0c7529d4: receive RaftClientReply:client-969FB6DA8C9A->4fcc8d53-44cb-4faf-b915-5afa0c7529d4@group-6A615BAE1DD1, cid=1135, SUCCESS, logIndex=1527, commits[4fcc8d53-44cb-4faf-b915-5afa0c7529d4:c1527, 48aa5eb4-709c-4003-adb5-fbc02723cd23:c1525, 609a8cf1-6ad3-4123-b94a-106ad93148a8:c1525]
2019-09-05 09:23:12,556 | INFO  | DNAudit | user=null | ip=null | op=WRITE_CHUNK {blockData=conID: 1 locID: 102739173903958472 bcsId: 1523} | ret=SUCCESS |  
2019-09-05 09:23:12,556 | INFO  | DNAudit | user=null | ip=null | op=WRITE_CHUNK {blockData=conID: 1 locID: 102739173903958472 bcsId: 1523} | ret=SUCCESS |  
2019-09-05 09:23:12,557 | INFO  | DNAudit | user=null | ip=null | op=PUT_BLOCK {blockData=[blockId=conID: 1 locID: 102739173903958472 bcsId: 0,size=4194304]} | ret=SUCCESS |  
2019-09-05 09:23:12,557 | INFO  | DNAudit | user=null | ip=null | op=PUT_BLOCK {blockData=[blockId=conID: 1 locID: 102739173903958472 bcsId: 0,size=4194304]} | ret=SUCCESS |  
2019-09-05 09:23:12,557 [grpc-default-executor-0] INFO  client.GrpcClientProtocolClient (GrpcClientProtocolClient.java:onNext(255)) - client-969FB6DA8C9A->4fcc8d53-44cb-4faf-b915-5afa0c7529d4: receive RaftClientReply:client-969FB6DA8C9A->4fcc8d53-44cb-4faf-b915-5afa0c7529d4@group-6A615BAE1DD1, cid=1136, SUCCESS, logIndex=0, commits[4fcc8d53-44cb-4faf-b915-5afa0c7529d4:c1528, 48aa5eb4-709c-4003-adb5-fbc02723cd23:c1527, 609a8cf1-6ad3-4123-b94a-106ad93148a8:c1527]
2019-09-05 09:23:12,562 | INFO  | DNAudit | user=null | ip=null | op=WRITE_CHUNK {blockData=conID: 2 locID: 102739173903958473 bcsId: 0} | ret=SUCCESS |  
2019-09-05 09:23:12,565 | INFO  | DNAudit | user=null | ip=null | op=WRITE_CHUNK {blockData=conID: 2 locID: 102739173903958473 bcsId: 0} | ret=SUCCESS |  
2019-09-05 09:23:12,565 | INFO  | DNAudit | user=null | ip=null | op=WRITE_CHUNK {blockData=conID: 2 locID: 102739173903958473 bcsId: 0} | ret=SUCCESS |  
2019-09-05 09:23:12,566 | INFO  | DNAudit | user=null | ip=null | op=WRITE_CHUNK {blockData=conID: 2 locID: 102739173903958473 bcsId: 0} | ret=SUCCESS |  
2019-09-05 09:23:12,567 | INFO  | DNAudit | user=null | ip=null | op=WRITE_CHUNK {blockData=conID: 2 locID: 102739173903958473 bcsId: 0} | ret=SUCCESS |  
2019-09-05 09:23:12,567 | INFO  | DNAudit | user=null | ip=null | op=WRITE_CHUNK {blockData=conID: 2 locID: 102739173903958473 bcsId: 0} | ret=SUCCESS |  
2019-09-05 09:23:12,567 | INFO  | DNAudit | user=null | ip=null | op=WRITE_CHUNK {blockData=conID: 2 locID: 102739173903958473 bcsId: 0} | ret=SUCCESS |  
2019-09-05 09:23:12,568 | INFO  | DNAudit | user=null | ip=null | op=PUT_BLOCK {blockData=[blockId=conID: 2 locID: 102739173903958473 bcsId: 0,size=1048576]} | ret=SUCCESS |  
2019-09-05 09:23:12,568 [grpc-default-executor-5] INFO  client.GrpcClientProtocolClient (GrpcClientProtocolClient.java:onNext(255)) - client-969FB6DA8C9A->4fcc8d53-44cb-4faf-b915-5afa0c7529d4: receive RaftClientReply:client-969FB6DA8C9A->4fcc8d53-44cb-4faf-b915-5afa0c7529d4@group-6A615BAE1DD1, cid=1137, SUCCESS, logIndex=1530, commits[4fcc8d53-44cb-4faf-b915-5afa0c7529d4:c1531, 48aa5eb4-709c-4003-adb5-fbc02723cd23:c1529, 609a8cf1-6ad3-4123-b94a-106ad93148a8:c1527]
2019-09-05 09:23:12,569 [grpc-default-executor-5] INFO  client.GrpcClientProtocolClient (GrpcClientProtocolClient.java:onNext(255)) - client-969FB6DA8C9A->4fcc8d53-44cb-4faf-b915-5afa0c7529d4: receive RaftClientReply:client-969FB6DA8C9A->4fcc8d53-44cb-4faf-b915-5afa0c7529d4@group-6A615BAE1DD1, cid=1138, SUCCESS, logIndex=1531, commits[4fcc8d53-44cb-4faf-b915-5afa0c7529d4:c1531, 48aa5eb4-709c-4003-adb5-fbc02723cd23:c1529, 609a8cf1-6ad3-4123-b94a-106ad93148a8:c1527]
2019-09-05 09:23:12,584 | INFO  | DNAudit | user=null | ip=null | op=WRITE_CHUNK {blockData=conID: 2 locID: 102739173903958473 bcsId: 0} | ret=SUCCESS |  
2019-09-05 09:23:12,584 | INFO  | DNAudit | user=null | ip=null | op=PUT_BLOCK {blockData=[blockId=conID: 2 locID: 102739173903958473 bcsId: 0,size=2097152]} | ret=SUCCESS |  
2019-09-05 09:23:12,584 [grpc-default-executor-5] INFO  client.GrpcClientProtocolClient (GrpcClientProtocolClient.java:onNext(255)) - client-969FB6DA8C9A->4fcc8d53-44cb-4faf-b915-5afa0c7529d4: receive RaftClientReply:client-969FB6DA8C9A->4fcc8d53-44cb-4faf-b915-5afa0c7529d4@group-6A615BAE1DD1, cid=1139, SUCCESS, logIndex=1532, commits[4fcc8d53-44cb-4faf-b915-5afa0c7529d4:c1533, 48aa5eb4-709c-4003-adb5-fbc02723cd23:c1529, 609a8cf1-6ad3-4123-b94a-106ad93148a8:c1529]
2019-09-05 09:23:12,584 | INFO  | DNAudit | user=null | ip=null | op=WRITE_CHUNK {blockData=conID: 2 locID: 102739173903958473 bcsId: 0} | ret=SUCCESS |  
2019-09-05 09:23:12,585 [grpc-default-executor-5] INFO  client.GrpcClientProtocolClient (GrpcClientProtocolClient.java:onNext(255)) - client-969FB6DA8C9A->4fcc8d53-44cb-4faf-b915-5afa0c7529d4: receive RaftClientReply:client-969FB6DA8C9A->4fcc8d53-44cb-4faf-b915-5afa0c7529d4@group-6A615BAE1DD1, cid=1140, SUCCESS, logIndex=1533, commits[4fcc8d53-44cb-4faf-b915-5afa0c7529d4:c1533, 48aa5eb4-709c-4003-adb5-fbc02723cd23:c1529, 609a8cf1-6ad3-4123-b94a-106ad93148a8:c1529]
2019-09-05 09:23:12,585 | INFO  | DNAudit | user=null | ip=null | op=PUT_BLOCK {blockData=[blockId=conID: 2 locID: 102739173903958473 bcsId: 0,size=1048576]} | ret=SUCCESS |  
2019-09-05 09:23:12,585 | INFO  | DNAudit | user=null | ip=null | op=WRITE_CHUNK {blockData=conID: 2 locID: 102739173903958473 bcsId: 0} | ret=SUCCESS |  
2019-09-05 09:23:12,585 | INFO  | DNAudit | user=null | ip=null | op=PUT_BLOCK {blockData=[blockId=conID: 2 locID: 102739173903958473 bcsId: 0,size=1048576]} | ret=SUCCESS |  
2019-09-05 09:23:12,586 | INFO  | DNAudit | user=null | ip=null | op=WRITE_CHUNK {blockData=conID: 2 locID: 102739173903958473 bcsId: 0} | ret=SUCCESS |  
2019-09-05 09:23:12,586 [grpc-default-executor-5] INFO  client.GrpcClientProtocolClient (GrpcClientProtocolClient.java:onNext(255)) - client-969FB6DA8C9A->4fcc8d53-44cb-4faf-b915-5afa0c7529d4: receive RaftClientReply:client-969FB6DA8C9A->4fcc8d53-44cb-4faf-b915-5afa0c7529d4@group-6A615BAE1DD1, cid=1141, SUCCESS, logIndex=0, commits[4fcc8d53-44cb-4faf-b915-5afa0c7529d4:c1535, 48aa5eb4-709c-4003-adb5-fbc02723cd23:c1531, 609a8cf1-6ad3-4123-b94a-106ad93148a8:c1531]
2019-09-05 09:23:12,586 | INFO  | DNAudit | user=null | ip=null | op=PUT_BLOCK {blockData=[blockId=conID: 2 locID: 102739173903958473 bcsId: 0,size=2097152]} | ret=SUCCESS |  
2019-09-05 09:23:12,586 | INFO  | DNAudit | user=null | ip=null | op=WRITE_CHUNK {blockData=conID: 2 locID: 102739173903958473 bcsId: 0} | ret=SUCCESS |  
2019-09-05 09:23:12,586 | INFO  | DNAudit | user=null | ip=null | op=PUT_BLOCK {blockData=[blockId=conID: 2 locID: 102739173903958473 bcsId: 0,size=2097152]} | ret=SUCCESS |  
2019-09-05 09:23:12,691 | INFO  | DNAudit | user=null | ip=null | op=WRITE_CHUNK {blockData=conID: 2 locID: 102739173903958473 bcsId: 1533} | ret=SUCCESS |  
2019-09-05 09:23:12,694 | INFO  | DNAudit | user=null | ip=null | op=WRITE_CHUNK {blockData=conID: 2 locID: 102739173903958473 bcsId: 1533} | ret=SUCCESS |  
2019-09-05 09:23:12,694 | INFO  | DNAudit | user=null | ip=null | op=WRITE_CHUNK {blockData=conID: 2 locID: 102739173903958473 bcsId: 1533} | ret=SUCCESS |  
2019-09-05 09:23:12,705 | INFO  | DNAudit | user=null | ip=null | op=WRITE_CHUNK {blockData=conID: 2 locID: 102739173903958473 bcsId: 1533} | ret=SUCCESS |  
2019-09-05 09:23:12,705 | INFO  | DNAudit | user=null | ip=null | op=PUT_BLOCK {blockData=[blockId=conID: 2 locID: 102739173903958473 bcsId: 0,size=3145728]} | ret=SUCCESS |  
2019-09-05 09:23:12,705 [grpc-default-executor-3] INFO  client.GrpcClientProtocolClient (GrpcClientProtocolClient.java:onNext(255)) - client-969FB6DA8C9A->4fcc8d53-44cb-4faf-b915-5afa0c7529d4: receive RaftClientReply:client-969FB6DA8C9A->4fcc8d53-44cb-4faf-b915-5afa0c7529d4@group-6A615BAE1DD1, cid=1142, SUCCESS, logIndex=1538, commits[4fcc8d53-44cb-4faf-b915-5afa0c7529d4:c1539, 48aa5eb4-709c-4003-adb5-fbc02723cd23:c1537, 609a8cf1-6ad3-4123-b94a-106ad93148a8:c1537]
2019-09-05 09:23:12,706 [grpc-default-executor-3] INFO  client.GrpcClientProtocolClient (GrpcClientProtocolClient.java:onNext(255)) - client-969FB6DA8C9A->4fcc8d53-44cb-4faf-b915-5afa0c7529d4: receive RaftClientReply:client-969FB6DA8C9A->4fcc8d53-44cb-4faf-b915-5afa0c7529d4@group-6A615BAE1DD1, cid=1143, SUCCESS, logIndex=1539, commits[4fcc8d53-44cb-4faf-b915-5afa0c7529d4:c1539, 48aa5eb4-709c-4003-adb5-fbc02723cd23:c1537, 609a8cf1-6ad3-4123-b94a-106ad93148a8:c1537]
2019-09-05 09:23:12,712 | INFO  | DNAudit | user=null | ip=null | op=WRITE_CHUNK {blockData=conID: 2 locID: 102739173903958473 bcsId: 1539} | ret=SUCCESS |  
2019-09-05 09:23:12,713 | INFO  | DNAudit | user=null | ip=null | op=WRITE_CHUNK {blockData=conID: 2 locID: 102739173903958473 bcsId: 1539} | ret=SUCCESS |  
2019-09-05 09:23:12,714 | INFO  | DNAudit | user=null | ip=null | op=WRITE_CHUNK {blockData=conID: 2 locID: 102739173903958473 bcsId: 1539} | ret=SUCCESS |  
2019-09-05 09:23:12,734 | INFO  | DNAudit | user=null | ip=null | op=WRITE_CHUNK {blockData=conID: 2 locID: 102739173903958473 bcsId: 1533} | ret=SUCCESS |  
2019-09-05 09:23:12,734 | INFO  | DNAudit | user=null | ip=null | op=WRITE_CHUNK {blockData=conID: 2 locID: 102739173903958473 bcsId: 1533} | ret=SUCCESS |  
2019-09-05 09:23:12,735 | INFO  | DNAudit | user=null | ip=null | op=PUT_BLOCK {blockData=[blockId=conID: 2 locID: 102739173903958473 bcsId: 0,size=3145728]} | ret=SUCCESS |  
2019-09-05 09:23:12,735 | INFO  | DNAudit | user=null | ip=null | op=PUT_BLOCK {blockData=[blockId=conID: 2 locID: 102739173903958473 bcsId: 0,size=3145728]} | ret=SUCCESS |  
2019-09-05 09:23:12,736 | INFO  | DNAudit | user=null | ip=null | op=WRITE_CHUNK {blockData=conID: 2 locID: 102739173903958473 bcsId: 1539} | ret=SUCCESS |  
2019-09-05 09:23:12,736 | INFO  | DNAudit | user=null | ip=null | op=PUT_BLOCK {blockData=[blockId=conID: 2 locID: 102739173903958473 bcsId: 0,size=4194304]} | ret=SUCCESS |  
2019-09-05 09:23:12,736 [grpc-default-executor-5] INFO  client.GrpcClientProtocolClient (GrpcClientProtocolClient.java:onNext(255)) - client-969FB6DA8C9A->4fcc8d53-44cb-4faf-b915-5afa0c7529d4: receive RaftClientReply:client-969FB6DA8C9A->4fcc8d53-44cb-4faf-b915-5afa0c7529d4@group-6A615BAE1DD1, cid=1144, SUCCESS, logIndex=1542, commits[4fcc8d53-44cb-4faf-b915-5afa0c7529d4:c1543, 48aa5eb4-709c-4003-adb5-fbc02723cd23:c1539, 609a8cf1-6ad3-4123-b94a-106ad93148a8:c1539]
2019-09-05 09:23:12,737 [grpc-default-executor-5] INFO  client.GrpcClientProtocolClient (GrpcClientProtocolClient.java:onNext(255)) - client-969FB6DA8C9A->4fcc8d53-44cb-4faf-b915-5afa0c7529d4: receive RaftClientReply:client-969FB6DA8C9A->4fcc8d53-44cb-4faf-b915-5afa0c7529d4@group-6A615BAE1DD1, cid=1145, SUCCESS, logIndex=1543, commits[4fcc8d53-44cb-4faf-b915-5afa0c7529d4:c1543, 48aa5eb4-709c-4003-adb5-fbc02723cd23:c1539, 609a8cf1-6ad3-4123-b94a-106ad93148a8:c1539]
2019-09-05 09:23:12,744 | INFO  | DNAudit | user=null | ip=null | op=WRITE_CHUNK {blockData=conID: 2 locID: 102739173903958473 bcsId: 1539} | ret=SUCCESS |  
2019-09-05 09:23:12,744 | INFO  | DNAudit | user=null | ip=null | op=WRITE_CHUNK {blockData=conID: 2 locID: 102739173903958473 bcsId: 1539} | ret=SUCCESS |  
2019-09-05 09:23:12,745 | INFO  | DNAudit | user=null | ip=null | op=PUT_BLOCK {blockData=[blockId=conID: 2 locID: 102739173903958473 bcsId: 0,size=4194304]} | ret=SUCCESS |  
2019-09-05 09:23:12,745 | INFO  | DNAudit | user=null | ip=null | op=PUT_BLOCK {blockData=[blockId=conID: 2 locID: 102739173903958473 bcsId: 0,size=4194304]} | ret=SUCCESS |  
2019-09-05 09:23:12,745 [grpc-default-executor-4] INFO  client.GrpcClientProtocolClient (GrpcClientProtocolClient.java:onNext(255)) - client-969FB6DA8C9A->4fcc8d53-44cb-4faf-b915-5afa0c7529d4: receive RaftClientReply:client-969FB6DA8C9A->4fcc8d53-44cb-4faf-b915-5afa0c7529d4@group-6A615BAE1DD1, cid=1146, SUCCESS, logIndex=0, commits[4fcc8d53-44cb-4faf-b915-5afa0c7529d4:c1545, 48aa5eb4-709c-4003-adb5-fbc02723cd23:c1543, 609a8cf1-6ad3-4123-b94a-106ad93148a8:c1543]
2019-09-05 09:23:12,752 | INFO  | DNAudit | user=null | ip=null | op=WRITE_CHUNK {blockData=conID: 3 locID: 102739173903958474 bcsId: 0} | ret=SUCCESS |  
2019-09-05 09:23:12,754 | INFO  | DNAudit | user=null | ip=null | op=WRITE_CHUNK {blockData=conID: 3 locID: 102739173903958474 bcsId: 0} | ret=SUCCESS |  
2019-09-05 09:23:12,754 | INFO  | DNAudit | user=null | ip=null | op=WRITE_CHUNK {blockData=conID: 3 locID: 102739173903958474 bcsId: 0} | ret=SUCCESS |  
2019-09-05 09:23:12,755 | INFO  | DNAudit | user=null | ip=null | op=WRITE_CHUNK {blockData=conID: 3 locID: 102739173903958474 bcsId: 0} | ret=SUCCESS |  
2019-09-05 09:23:12,757 | INFO  | DNAudit | user=null | ip=null | op=WRITE_CHUNK {blockData=conID: 3 locID: 102739173903958474 bcsId: 0} | ret=SUCCESS |  
2019-09-05 09:23:12,757 | INFO  | DNAudit | user=null | ip=null | op=WRITE_CHUNK {blockData=conID: 3 locID: 102739173903958474 bcsId: 0} | ret=SUCCESS |  
2019-09-05 09:23:12,777 | INFO  | DNAudit | user=null | ip=null | op=WRITE_CHUNK {blockData=conID: 3 locID: 102739173903958474 bcsId: 0} | ret=SUCCESS |  
2019-09-05 09:23:12,777 | INFO  | DNAudit | user=null | ip=null | op=PUT_BLOCK {blockData=[blockId=conID: 3 locID: 102739173903958474 bcsId: 0,size=1048576]} | ret=SUCCESS |  
2019-09-05 09:23:12,777 [grpc-default-executor-3] INFO  client.GrpcClientProtocolClient (GrpcClientProtocolClient.java:onNext(255)) - client-969FB6DA8C9A->4fcc8d53-44cb-4faf-b915-5afa0c7529d4: receive RaftClientReply:client-969FB6DA8C9A->4fcc8d53-44cb-4faf-b915-5afa0c7529d4@group-6A615BAE1DD1, cid=1147, SUCCESS, logIndex=1546, commits[4fcc8d53-44cb-4faf-b915-5afa0c7529d4:c1547, 48aa5eb4-709c-4003-adb5-fbc02723cd23:c1545, 609a8cf1-6ad3-4123-b94a-106ad93148a8:c1545]
2019-09-05 09:23:12,778 | INFO  | DNAudit | user=null | ip=null | op=WRITE_CHUNK {blockData=conID: 3 locID: 102739173903958474 bcsId: 0} | ret=SUCCESS |  
2019-09-05 09:23:12,778 [grpc-default-executor-3] INFO  client.GrpcClientProtocolClient (GrpcClientProtocolClient.java:onNext(255)) - client-969FB6DA8C9A->4fcc8d53-44cb-4faf-b915-5afa0c7529d4: receive RaftClientReply:client-969FB6DA8C9A->4fcc8d53-44cb-4faf-b915-5afa0c7529d4@group-6A615BAE1DD1, cid=1148, SUCCESS, logIndex=1547, commits[4fcc8d53-44cb-4faf-b915-5afa0c7529d4:c1548, 48aa5eb4-709c-4003-adb5-fbc02723cd23:c1545, 609a8cf1-6ad3-4123-b94a-106ad93148a8:c1545]
2019-09-05 09:23:12,778 | INFO  | DNAudit | user=null | ip=null | op=PUT_BLOCK {blockData=[blockId=conID: 3 locID: 102739173903958474 bcsId: 0,size=2097152]} | ret=SUCCESS |  
2019-09-05 09:23:12,778 [grpc-default-executor-3] INFO  client.GrpcClientProtocolClient (GrpcClientProtocolClient.java:onNext(255)) - client-969FB6DA8C9A->4fcc8d53-44cb-4faf-b915-5afa0c7529d4: receive RaftClientReply:client-969FB6DA8C9A->4fcc8d53-44cb-4faf-b915-5afa0c7529d4@group-6A615BAE1DD1, cid=1149, SUCCESS, logIndex=1548, commits[4fcc8d53-44cb-4faf-b915-5afa0c7529d4:c1549, 48aa5eb4-709c-4003-adb5-fbc02723cd23:c1545, 609a8cf1-6ad3-4123-b94a-106ad93148a8:c1545]
2019-09-05 09:23:12,778 [grpc-default-executor-3] INFO  client.GrpcClientProtocolClient (GrpcClientProtocolClient.java:onNext(255)) - client-969FB6DA8C9A->4fcc8d53-44cb-4faf-b915-5afa0c7529d4: receive RaftClientReply:client-969FB6DA8C9A->4fcc8d53-44cb-4faf-b915-5afa0c7529d4@group-6A615BAE1DD1, cid=1150, SUCCESS, logIndex=1549, commits[4fcc8d53-44cb-4faf-b915-5afa0c7529d4:c1549, 48aa5eb4-709c-4003-adb5-fbc02723cd23:c1545, 609a8cf1-6ad3-4123-b94a-106ad93148a8:c1545]
2019-09-05 09:23:12,779 | INFO  | DNAudit | user=null | ip=null | op=WRITE_CHUNK {blockData=conID: 3 locID: 102739173903958474 bcsId: 0} | ret=SUCCESS |  
2019-09-05 09:23:12,779 | INFO  | DNAudit | user=null | ip=null | op=PUT_BLOCK {blockData=[blockId=conID: 3 locID: 102739173903958474 bcsId: 0,size=1048576]} | ret=SUCCESS |  
2019-09-05 09:23:12,779 | INFO  | DNAudit | user=null | ip=null | op=WRITE_CHUNK {blockData=conID: 3 locID: 102739173903958474 bcsId: 0} | ret=SUCCESS |  
2019-09-05 09:23:12,779 | INFO  | DNAudit | user=null | ip=null | op=PUT_BLOCK {blockData=[blockId=conID: 3 locID: 102739173903958474 bcsId: 0,size=1048576]} | ret=SUCCESS |  
2019-09-05 09:23:12,780 [grpc-default-executor-3] INFO  client.GrpcClientProtocolClient (GrpcClientProtocolClient.java:onNext(255)) - client-969FB6DA8C9A->4fcc8d53-44cb-4faf-b915-5afa0c7529d4: receive RaftClientReply:client-969FB6DA8C9A->4fcc8d53-44cb-4faf-b915-5afa0c7529d4@group-6A615BAE1DD1, cid=1151, SUCCESS, logIndex=0, commits[4fcc8d53-44cb-4faf-b915-5afa0c7529d4:c1550, 48aa5eb4-709c-4003-adb5-fbc02723cd23:c1547, 609a8cf1-6ad3-4123-b94a-106ad93148a8:c1547]
2019-09-05 09:23:12,780 | INFO  | DNAudit | user=null | ip=null | op=WRITE_CHUNK {blockData=conID: 3 locID: 102739173903958474 bcsId: 0} | ret=SUCCESS |  
2019-09-05 09:23:12,780 | INFO  | DNAudit | user=null | ip=null | op=PUT_BLOCK {blockData=[blockId=conID: 3 locID: 102739173903958474 bcsId: 0,size=2097152]} | ret=SUCCESS |  
2019-09-05 09:23:12,780 | INFO  | DNAudit | user=null | ip=null | op=WRITE_CHUNK {blockData=conID: 3 locID: 102739173903958474 bcsId: 0} | ret=SUCCESS |  
2019-09-05 09:23:12,781 | INFO  | DNAudit | user=null | ip=null | op=PUT_BLOCK {blockData=[blockId=conID: 3 locID: 102739173903958474 bcsId: 0,size=2097152]} | ret=SUCCESS |  
2019-09-05 09:23:12,786 | INFO  | DNAudit | user=null | ip=null | op=WRITE_CHUNK {blockData=conID: 3 locID: 102739173903958474 bcsId: 1549} | ret=SUCCESS |  
2019-09-05 09:23:12,788 | INFO  | DNAudit | user=null | ip=null | op=WRITE_CHUNK {blockData=conID: 3 locID: 102739173903958474 bcsId: 1549} | ret=SUCCESS |  
2019-09-05 09:23:12,788 | INFO  | DNAudit | user=null | ip=null | op=WRITE_CHUNK {blockData=conID: 3 locID: 102739173903958474 bcsId: 1549} | ret=SUCCESS |  
2019-09-05 09:23:12,809 | INFO  | DNAudit | user=null | ip=null | op=WRITE_CHUNK {blockData=conID: 3 locID: 102739173903958474 bcsId: 1549} | ret=SUCCESS |  
2019-09-05 09:23:12,809 | INFO  | DNAudit | user=null | ip=null | op=PUT_BLOCK {blockData=[blockId=conID: 3 locID: 102739173903958474 bcsId: 0,size=3145728]} | ret=SUCCESS |  
2019-09-05 09:23:12,809 [grpc-default-executor-0] INFO  client.GrpcClientProtocolClient (GrpcClientProtocolClient.java:onNext(255)) - client-969FB6DA8C9A->4fcc8d53-44cb-4faf-b915-5afa0c7529d4: receive RaftClientReply:client-969FB6DA8C9A->4fcc8d53-44cb-4faf-b915-5afa0c7529d4@group-6A615BAE1DD1, cid=1152, SUCCESS, logIndex=1554, commits[4fcc8d53-44cb-4faf-b915-5afa0c7529d4:c1555, 48aa5eb4-709c-4003-adb5-fbc02723cd23:c1553, 609a8cf1-6ad3-4123-b94a-106ad93148a8:c1553]
2019-09-05 09:23:12,810 [grpc-default-executor-0] INFO  client.GrpcClientProtocolClient (GrpcClientProtocolClient.java:onNext(255)) - client-969FB6DA8C9A->4fcc8d53-44cb-4faf-b915-5afa0c7529d4: receive RaftClientReply:client-969FB6DA8C9A->4fcc8d53-44cb-4faf-b915-5afa0c7529d4@group-6A615BAE1DD1, cid=1153, SUCCESS, logIndex=1555, commits[4fcc8d53-44cb-4faf-b915-5afa0c7529d4:c1555, 48aa5eb4-709c-4003-adb5-fbc02723cd23:c1553, 609a8cf1-6ad3-4123-b94a-106ad93148a8:c1553]
2019-09-05 09:23:12,815 | INFO  | DNAudit | user=null | ip=null | op=WRITE_CHUNK {blockData=conID: 3 locID: 102739173903958474 bcsId: 1555} | ret=SUCCESS |  
2019-09-05 09:23:12,817 | INFO  | DNAudit | user=null | ip=null | op=WRITE_CHUNK {blockData=conID: 3 locID: 102739173903958474 bcsId: 1555} | ret=SUCCESS |  
2019-09-05 09:23:12,817 | INFO  | DNAudit | user=null | ip=null | op=WRITE_CHUNK {blockData=conID: 3 locID: 102739173903958474 bcsId: 1555} | ret=SUCCESS |  
2019-09-05 09:23:12,827 | INFO  | DNAudit | user=null | ip=null | op=WRITE_CHUNK {blockData=conID: 3 locID: 102739173903958474 bcsId: 1549} | ret=SUCCESS |  
2019-09-05 09:23:12,827 | INFO  | DNAudit | user=null | ip=null | op=WRITE_CHUNK {blockData=conID: 3 locID: 102739173903958474 bcsId: 1549} | ret=SUCCESS |  
2019-09-05 09:23:12,828 | INFO  | DNAudit | user=null | ip=null | op=PUT_BLOCK {blockData=[blockId=conID: 3 locID: 102739173903958474 bcsId: 0,size=3145728]} | ret=SUCCESS |  
2019-09-05 09:23:12,828 | INFO  | DNAudit | user=null | ip=null | op=PUT_BLOCK {blockData=[blockId=conID: 3 locID: 102739173903958474 bcsId: 0,size=3145728]} | ret=SUCCESS |  
2019-09-05 09:23:12,829 | INFO  | DNAudit | user=null | ip=null | op=WRITE_CHUNK {blockData=conID: 3 locID: 102739173903958474 bcsId: 1555} | ret=SUCCESS |  
2019-09-05 09:23:12,829 | INFO  | DNAudit | user=null | ip=null | op=PUT_BLOCK {blockData=[blockId=conID: 3 locID: 102739173903958474 bcsId: 0,size=4194304]} | ret=SUCCESS |  
2019-09-05 09:23:12,829 [grpc-default-executor-5] INFO  client.GrpcClientProtocolClient (GrpcClientProtocolClient.java:onNext(255)) - client-969FB6DA8C9A->4fcc8d53-44cb-4faf-b915-5afa0c7529d4: receive RaftClientReply:client-969FB6DA8C9A->4fcc8d53-44cb-4faf-b915-5afa0c7529d4@group-6A615BAE1DD1, cid=1154, SUCCESS, logIndex=1558, commits[4fcc8d53-44cb-4faf-b915-5afa0c7529d4:c1559, 48aa5eb4-709c-4003-adb5-fbc02723cd23:c1555, 609a8cf1-6ad3-4123-b94a-106ad93148a8:c1555]
2019-09-05 09:23:12,830 [grpc-default-executor-5] INFO  client.GrpcClientProtocolClient (GrpcClientProtocolClient.java:onNext(255)) - client-969FB6DA8C9A->4fcc8d53-44cb-4faf-b915-5afa0c7529d4: receive RaftClientReply:client-969FB6DA8C9A->4fcc8d53-44cb-4faf-b915-5afa0c7529d4@group-6A615BAE1DD1, cid=1155, SUCCESS, logIndex=1559, commits[4fcc8d53-44cb-4faf-b915-5afa0c7529d4:c1559, 48aa5eb4-709c-4003-adb5-fbc02723cd23:c1555, 609a8cf1-6ad3-4123-b94a-106ad93148a8:c1555]
2019-09-05 09:23:12,849 | INFO  | DNAudit | user=null | ip=null | op=WRITE_CHUNK {blockData=conID: 3 locID: 102739173903958474 bcsId: 1555} | ret=SUCCESS |  
2019-09-05 09:23:12,849 | INFO  | DNAudit | user=null | ip=null | op=WRITE_CHUNK {blockData=conID: 3 locID: 102739173903958474 bcsId: 1555} | ret=SUCCESS |  
2019-09-05 09:23:12,851 | INFO  | DNAudit | user=null | ip=null | op=PUT_BLOCK {blockData=[blockId=conID: 3 locID: 102739173903958474 bcsId: 0,size=4194304]} | ret=SUCCESS |  
2019-09-05 09:23:12,851 | INFO  | DNAudit | user=null | ip=null | op=PUT_BLOCK {blockData=[blockId=conID: 3 locID: 102739173903958474 bcsId: 0,size=4194304]} | ret=SUCCESS |  
2019-09-05 09:23:12,852 [grpc-default-executor-5] INFO  client.GrpcClientProtocolClient (GrpcClientProtocolClient.java:onNext(255)) - client-969FB6DA8C9A->4fcc8d53-44cb-4faf-b915-5afa0c7529d4: receive RaftClientReply:client-969FB6DA8C9A->4fcc8d53-44cb-4faf-b915-5afa0c7529d4@group-6A615BAE1DD1, cid=1156, SUCCESS, logIndex=0, commits[4fcc8d53-44cb-4faf-b915-5afa0c7529d4:c1561, 48aa5eb4-709c-4003-adb5-fbc02723cd23:c1559, 609a8cf1-6ad3-4123-b94a-106ad93148a8:c1559]
2019-09-05 09:23:12,858 | INFO  | DNAudit | user=null | ip=null | op=WRITE_CHUNK {blockData=conID: 1 locID: 102739173904024011 bcsId: 0} | ret=SUCCESS |  
2019-09-05 09:23:12,859 | INFO  | DNAudit | user=null | ip=null | op=WRITE_CHUNK {blockData=conID: 1 locID: 102739173904024011 bcsId: 0} | ret=SUCCESS |  
2019-09-05 09:23:12,859 | INFO  | DNAudit | user=null | ip=null | op=WRITE_CHUNK {blockData=conID: 1 locID: 102739173904024011 bcsId: 0} | ret=SUCCESS |  
2019-09-05 09:23:12,860 | INFO  | DNAudit | user=null | ip=null | op=WRITE_CHUNK {blockData=conID: 1 locID: 102739173904024011 bcsId: 0} | ret=SUCCESS |  
2019-09-05 09:23:12,862 | INFO  | DNAudit | user=null | ip=null | op=WRITE_CHUNK {blockData=conID: 1 locID: 102739173904024011 bcsId: 0} | ret=SUCCESS |  
2019-09-05 09:23:12,862 | INFO  | DNAudit | user=null | ip=null | op=WRITE_CHUNK {blockData=conID: 1 locID: 102739173904024011 bcsId: 0} | ret=SUCCESS |  
2019-09-05 09:23:12,908 | INFO  | DNAudit | user=null | ip=null | op=WRITE_CHUNK {blockData=conID: 1 locID: 102739173904024011 bcsId: 0} | ret=SUCCESS |  
2019-09-05 09:23:12,909 | INFO  | DNAudit | user=null | ip=null | op=PUT_BLOCK {blockData=[blockId=conID: 1 locID: 102739173904024011 bcsId: 0,size=1048576]} | ret=SUCCESS |  
2019-09-05 09:23:12,909 | INFO  | DNAudit | user=null | ip=null | op=WRITE_CHUNK {blockData=conID: 1 locID: 102739173904024011 bcsId: 0} | ret=SUCCESS |  
2019-09-05 09:23:12,909 [grpc-default-executor-0] INFO  client.GrpcClientProtocolClient (GrpcClientProtocolClient.java:onNext(255)) - client-969FB6DA8C9A->4fcc8d53-44cb-4faf-b915-5afa0c7529d4: receive RaftClientReply:client-969FB6DA8C9A->4fcc8d53-44cb-4faf-b915-5afa0c7529d4@group-6A615BAE1DD1, cid=1157, SUCCESS, logIndex=1562, commits[4fcc8d53-44cb-4faf-b915-5afa0c7529d4:c1563, 48aa5eb4-709c-4003-adb5-fbc02723cd23:c1561, 609a8cf1-6ad3-4123-b94a-106ad93148a8:c1561]
2019-09-05 09:23:12,909 | INFO  | DNAudit | user=null | ip=null | op=PUT_BLOCK {blockData=[blockId=conID: 1 locID: 102739173904024011 bcsId: 0,size=2097152]} | ret=SUCCESS |  
2019-09-05 09:23:12,910 [grpc-default-executor-0] INFO  client.GrpcClientProtocolClient (GrpcClientProtocolClient.java:onNext(255)) - client-969FB6DA8C9A->4fcc8d53-44cb-4faf-b915-5afa0c7529d4: receive RaftClientReply:client-969FB6DA8C9A->4fcc8d53-44cb-4faf-b915-5afa0c7529d4@group-6A615BAE1DD1, cid=1158, SUCCESS, logIndex=1563, commits[4fcc8d53-44cb-4faf-b915-5afa0c7529d4:c1565, 48aa5eb4-709c-4003-adb5-fbc02723cd23:c1561, 609a8cf1-6ad3-4123-b94a-106ad93148a8:c1561]
2019-09-05 09:23:12,910 [grpc-default-executor-0] INFO  client.GrpcClientProtocolClient (GrpcClientProtocolClient.java:onNext(255)) - client-969FB6DA8C9A->4fcc8d53-44cb-4faf-b915-5afa0c7529d4: receive RaftClientReply:client-969FB6DA8C9A->4fcc8d53-44cb-4faf-b915-5afa0c7529d4@group-6A615BAE1DD1, cid=1159, SUCCESS, logIndex=1564, commits[4fcc8d53-44cb-4faf-b915-5afa0c7529d4:c1565, 48aa5eb4-709c-4003-adb5-fbc02723cd23:c1561, 609a8cf1-6ad3-4123-b94a-106ad93148a8:c1561]
2019-09-05 09:23:12,910 [grpc-default-executor-0] INFO  client.GrpcClientProtocolClient (GrpcClientProtocolClient.java:onNext(255)) - client-969FB6DA8C9A->4fcc8d53-44cb-4faf-b915-5afa0c7529d4: receive RaftClientReply:client-969FB6DA8C9A->4fcc8d53-44cb-4faf-b915-5afa0c7529d4@group-6A615BAE1DD1, cid=1160, SUCCESS, logIndex=1565, commits[4fcc8d53-44cb-4faf-b915-5afa0c7529d4:c1565, 48aa5eb4-709c-4003-adb5-fbc02723cd23:c1561, 609a8cf1-6ad3-4123-b94a-106ad93148a8:c1561]
2019-09-05 09:23:12,931 | INFO  | DNAudit | user=null | ip=null | op=WRITE_CHUNK {blockData=conID: 1 locID: 102739173904024011 bcsId: 0} | ret=SUCCESS |  
2019-09-05 09:23:12,932 | INFO  | DNAudit | user=null | ip=null | op=PUT_BLOCK {blockData=[blockId=conID: 1 locID: 102739173904024011 bcsId: 0,size=1048576]} | ret=SUCCESS |  
2019-09-05 09:23:12,932 | INFO  | DNAudit | user=null | ip=null | op=WRITE_CHUNK {blockData=conID: 1 locID: 102739173904024011 bcsId: 0} | ret=SUCCESS |  
2019-09-05 09:23:12,932 | INFO  | DNAudit | user=null | ip=null | op=PUT_BLOCK {blockData=[blockId=conID: 1 locID: 102739173904024011 bcsId: 0,size=2097152]} | ret=SUCCESS |  
2019-09-05 09:23:12,932 | INFO  | DNAudit | user=null | ip=null | op=WRITE_CHUNK {blockData=conID: 1 locID: 102739173904024011 bcsId: 0} | ret=SUCCESS |  
2019-09-05 09:23:12,932 | INFO  | DNAudit | user=null | ip=null | op=PUT_BLOCK {blockData=[blockId=conID: 1 locID: 102739173904024011 bcsId: 0,size=1048576]} | ret=SUCCESS |  
2019-09-05 09:23:12,933 | INFO  | DNAudit | user=null | ip=null | op=WRITE_CHUNK {blockData=conID: 1 locID: 102739173904024011 bcsId: 0} | ret=SUCCESS |  
2019-09-05 09:23:12,933 | INFO  | DNAudit | user=null | ip=null | op=PUT_BLOCK {blockData=[blockId=conID: 1 locID: 102739173904024011 bcsId: 0,size=2097152]} | ret=SUCCESS |  
2019-09-05 09:23:12,933 [grpc-default-executor-0] INFO  client.GrpcClientProtocolClient (GrpcClientProtocolClient.java:onNext(255)) - client-969FB6DA8C9A->4fcc8d53-44cb-4faf-b915-5afa0c7529d4: receive RaftClientReply:client-969FB6DA8C9A->4fcc8d53-44cb-4faf-b915-5afa0c7529d4@group-6A615BAE1DD1, cid=1161, SUCCESS, logIndex=0, commits[4fcc8d53-44cb-4faf-b915-5afa0c7529d4:c1567, 48aa5eb4-709c-4003-adb5-fbc02723cd23:c1565, 609a8cf1-6ad3-4123-b94a-106ad93148a8:c1565]
2019-09-05 09:23:12,939 | INFO  | DNAudit | user=null | ip=null | op=WRITE_CHUNK {blockData=conID: 1 locID: 102739173904024011 bcsId: 1565} | ret=SUCCESS |  
2019-09-05 09:23:12,941 | INFO  | DNAudit | user=null | ip=null | op=WRITE_CHUNK {blockData=conID: 1 locID: 102739173904024011 bcsId: 1565} | ret=SUCCESS |  
2019-09-05 09:23:12,941 | INFO  | DNAudit | user=null | ip=null | op=WRITE_CHUNK {blockData=conID: 1 locID: 102739173904024011 bcsId: 1565} | ret=SUCCESS |  
2019-09-05 09:23:12,975 | INFO  | DNAudit | user=null | ip=null | op=WRITE_CHUNK {blockData=conID: 1 locID: 102739173904024011 bcsId: 1565} | ret=SUCCESS |  
2019-09-05 09:23:12,976 | INFO  | DNAudit | user=null | ip=null | op=PUT_BLOCK {blockData=[blockId=conID: 1 locID: 102739173904024011 bcsId: 0,size=3145728]} | ret=SUCCESS |  
2019-09-05 09:23:12,976 [grpc-default-executor-3] INFO  client.GrpcClientProtocolClient (GrpcClientProtocolClient.java:onNext(255)) - client-969FB6DA8C9A->4fcc8d53-44cb-4faf-b915-5afa0c7529d4: receive RaftClientReply:client-969FB6DA8C9A->4fcc8d53-44cb-4faf-b915-5afa0c7529d4@group-6A615BAE1DD1, cid=1162, SUCCESS, logIndex=1570, commits[4fcc8d53-44cb-4faf-b915-5afa0c7529d4:c1571, 48aa5eb4-709c-4003-adb5-fbc02723cd23:c1569, 609a8cf1-6ad3-4123-b94a-106ad93148a8:c1569]
2019-09-05 09:23:12,976 [grpc-default-executor-3] INFO  client.GrpcClientProtocolClient (GrpcClientProtocolClient.java:onNext(255)) - client-969FB6DA8C9A->4fcc8d53-44cb-4faf-b915-5afa0c7529d4: receive RaftClientReply:client-969FB6DA8C9A->4fcc8d53-44cb-4faf-b915-5afa0c7529d4@group-6A615BAE1DD1, cid=1163, SUCCESS, logIndex=1571, commits[4fcc8d53-44cb-4faf-b915-5afa0c7529d4:c1571, 48aa5eb4-709c-4003-adb5-fbc02723cd23:c1569, 609a8cf1-6ad3-4123-b94a-106ad93148a8:c1569]
2019-09-05 09:23:12,984 | INFO  | DNAudit | user=null | ip=null | op=WRITE_CHUNK {blockData=conID: 1 locID: 102739173904024011 bcsId: 1571} | ret=SUCCESS |  
2019-09-05 09:23:12,986 | INFO  | DNAudit | user=null | ip=null | op=WRITE_CHUNK {blockData=conID: 1 locID: 102739173904024011 bcsId: 1571} | ret=SUCCESS |  
2019-09-05 09:23:12,986 | INFO  | DNAudit | user=null | ip=null | op=WRITE_CHUNK {blockData=conID: 1 locID: 102739173904024011 bcsId: 1571} | ret=SUCCESS |  
2019-09-05 09:23:12,998 | INFO  | DNAudit | user=null | ip=null | op=WRITE_CHUNK {blockData=conID: 1 locID: 102739173904024011 bcsId: 1565} | ret=SUCCESS |  
2019-09-05 09:23:12,998 | INFO  | DNAudit | user=null | ip=null | op=WRITE_CHUNK {blockData=conID: 1 locID: 102739173904024011 bcsId: 1565} | ret=SUCCESS |  
2019-09-05 09:23:12,999 | INFO  | DNAudit | user=null | ip=null | op=PUT_BLOCK {blockData=[blockId=conID: 1 locID: 102739173904024011 bcsId: 0,size=3145728]} | ret=SUCCESS |  
2019-09-05 09:23:13,000 | INFO  | DNAudit | user=null | ip=null | op=PUT_BLOCK {blockData=[blockId=conID: 1 locID: 102739173904024011 bcsId: 0,size=3145728]} | ret=SUCCESS |  
2019-09-05 09:23:13,000 | INFO  | DNAudit | user=null | ip=null | op=WRITE_CHUNK {blockData=conID: 1 locID: 102739173904024011 bcsId: 1571} | ret=SUCCESS |  
2019-09-05 09:23:13,000 | INFO  | DNAudit | user=null | ip=null | op=PUT_BLOCK {blockData=[blockId=conID: 1 locID: 102739173904024011 bcsId: 0,size=4194304]} | ret=SUCCESS |  
2019-09-05 09:23:13,000 [grpc-default-executor-5] INFO  client.GrpcClientProtocolClient (GrpcClientProtocolClient.java:onNext(255)) - client-969FB6DA8C9A->4fcc8d53-44cb-4faf-b915-5afa0c7529d4: receive RaftClientReply:client-969FB6DA8C9A->4fcc8d53-44cb-4faf-b915-5afa0c7529d4@group-6A615BAE1DD1, cid=1164, SUCCESS, logIndex=1574, commits[4fcc8d53-44cb-4faf-b915-5afa0c7529d4:c1575, 48aa5eb4-709c-4003-adb5-fbc02723cd23:c1571, 609a8cf1-6ad3-4123-b94a-106ad93148a8:c1571]
2019-09-05 09:23:13,001 [grpc-default-executor-5] INFO  client.GrpcClientProtocolClient (GrpcClientProtocolClient.java:onNext(255)) - client-969FB6DA8C9A->4fcc8d53-44cb-4faf-b915-5afa0c7529d4: receive RaftClientReply:client-969FB6DA8C9A->4fcc8d53-44cb-4faf-b915-5afa0c7529d4@group-6A615BAE1DD1, cid=1165, SUCCESS, logIndex=1575, commits[4fcc8d53-44cb-4faf-b915-5afa0c7529d4:c1575, 48aa5eb4-709c-4003-adb5-fbc02723cd23:c1571, 609a8cf1-6ad3-4123-b94a-106ad93148a8:c1571]
 0.00% |█                                                                                                    |  0/1 Time: 0:00:102019-09-05 09:23:13,054 | INFO  | SCMAudit | user=jenkins1000 | ip=192.168.36.69 | op=SEND_HEARTBEAT {datanodeUUID=4fcc8d53-44cb-4faf-b915-5afa0c7529d4, command=[]} | ret=SUCCESS |  
2019-09-05 09:23:13,054 | INFO  | SCMAudit | user=jenkins1000 | ip=192.168.36.69 | op=SEND_HEARTBEAT {datanodeUUID=609a8cf1-6ad3-4123-b94a-106ad93148a8, command=[]} | ret=SUCCESS |  
2019-09-05 09:23:13,054 | INFO  | SCMAudit | user=jenkins1000 | ip=192.168.36.69 | op=SEND_HEARTBEAT {datanodeUUID=48aa5eb4-709c-4003-adb5-fbc02723cd23, command=[]} | ret=SUCCESS |  
2019-09-05 09:23:13,083 | INFO  | DNAudit | user=null | ip=null | op=WRITE_CHUNK {blockData=conID: 1 locID: 102739173904024011 bcsId: 1571} | ret=SUCCESS |  
2019-09-05 09:23:13,083 | INFO  | DNAudit | user=null | ip=null | op=WRITE_CHUNK {blockData=conID: 1 locID: 102739173904024011 bcsId: 1571} | ret=SUCCESS |  
2019-09-05 09:23:13,084 | INFO  | DNAudit | user=null | ip=null | op=PUT_BLOCK {blockData=[blockId=conID: 1 locID: 102739173904024011 bcsId: 0,size=4194304]} | ret=SUCCESS |  
2019-09-05 09:23:13,084 | INFO  | DNAudit | user=null | ip=null | op=PUT_BLOCK {blockData=[blockId=conID: 1 locID: 102739173904024011 bcsId: 0,size=4194304]} | ret=SUCCESS |  
2019-09-05 09:23:13,085 [grpc-default-executor-5] INFO  client.GrpcClientProtocolClient (GrpcClientProtocolClient.java:onNext(255)) - client-969FB6DA8C9A->4fcc8d53-44cb-4faf-b915-5afa0c7529d4: receive RaftClientReply:client-969FB6DA8C9A->4fcc8d53-44cb-4faf-b915-5afa0c7529d4@group-6A615BAE1DD1, cid=1166, SUCCESS, logIndex=0, commits[4fcc8d53-44cb-4faf-b915-5afa0c7529d4:c1577, 48aa5eb4-709c-4003-adb5-fbc02723cd23:c1575, 609a8cf1-6ad3-4123-b94a-106ad93148a8:c1575]
2019-09-05 09:23:13,096 | INFO  | DNAudit | user=null | ip=null | op=WRITE_CHUNK {blockData=conID: 2 locID: 102739173904024012 bcsId: 0} | ret=SUCCESS |  
2019-09-05 09:23:13,098 | INFO  | DNAudit | user=null | ip=null | op=WRITE_CHUNK {blockData=conID: 2 locID: 102739173904024012 bcsId: 0} | ret=SUCCESS |  
2019-09-05 09:23:13,099 | INFO  | DNAudit | user=null | ip=null | op=WRITE_CHUNK {blockData=conID: 2 locID: 102739173904024012 bcsId: 0} | ret=SUCCESS |  
2019-09-05 09:23:13,101 | INFO  | DNAudit | user=null | ip=null | op=WRITE_CHUNK {blockData=conID: 2 locID: 102739173904024012 bcsId: 0} | ret=SUCCESS |  
2019-09-05 09:23:13,102 | INFO  | DNAudit | user=null | ip=null | op=WRITE_CHUNK {blockData=conID: 2 locID: 102739173904024012 bcsId: 0} | ret=SUCCESS |  
2019-09-05 09:23:13,103 | INFO  | DNAudit | user=null | ip=null | op=WRITE_CHUNK {blockData=conID: 2 locID: 102739173904024012 bcsId: 0} | ret=SUCCESS |  
2019-09-05 09:23:13,123 | INFO  | DNAudit | user=null | ip=null | op=WRITE_CHUNK {blockData=conID: 2 locID: 102739173904024012 bcsId: 0} | ret=SUCCESS |  
2019-09-05 09:23:13,124 | INFO  | DNAudit | user=null | ip=null | op=PUT_BLOCK {blockData=[blockId=conID: 2 locID: 102739173904024012 bcsId: 0,size=1048576]} | ret=SUCCESS |  
2019-09-05 09:23:13,124 [grpc-default-executor-3] INFO  client.GrpcClientProtocolClient (GrpcClientProtocolClient.java:onNext(255)) - client-969FB6DA8C9A->4fcc8d53-44cb-4faf-b915-5afa0c7529d4: receive RaftClientReply:client-969FB6DA8C9A->4fcc8d53-44cb-4faf-b915-5afa0c7529d4@group-6A615BAE1DD1, cid=1167, SUCCESS, logIndex=1578, commits[4fcc8d53-44cb-4faf-b915-5afa0c7529d4:c1579, 48aa5eb4-709c-4003-adb5-fbc02723cd23:c1577, 609a8cf1-6ad3-4123-b94a-106ad93148a8:c1577]
2019-09-05 09:23:13,125 | INFO  | DNAudit | user=null | ip=null | op=WRITE_CHUNK {blockData=conID: 2 locID: 102739173904024012 bcsId: 0} | ret=SUCCESS |  
2019-09-05 09:23:13,125 | INFO  | DNAudit | user=null | ip=null | op=PUT_BLOCK {blockData=[blockId=conID: 2 locID: 102739173904024012 bcsId: 0,size=2097152]} | ret=SUCCESS |  
2019-09-05 09:23:13,125 [grpc-default-executor-3] INFO  client.GrpcClientProtocolClient (GrpcClientProtocolClient.java:onNext(255)) - client-969FB6DA8C9A->4fcc8d53-44cb-4faf-b915-5afa0c7529d4: receive RaftClientReply:client-969FB6DA8C9A->4fcc8d53-44cb-4faf-b915-5afa0c7529d4@group-6A615BAE1DD1, cid=1168, SUCCESS, logIndex=1579, commits[4fcc8d53-44cb-4faf-b915-5afa0c7529d4:c1581, 48aa5eb4-709c-4003-adb5-fbc02723cd23:c1577, 609a8cf1-6ad3-4123-b94a-106ad93148a8:c1577]
2019-09-05 09:23:13,125 [grpc-default-executor-3] INFO  client.GrpcClientProtocolClient (GrpcClientProtocolClient.java:onNext(255)) - client-969FB6DA8C9A->4fcc8d53-44cb-4faf-b915-5afa0c7529d4: receive RaftClientReply:client-969FB6DA8C9A->4fcc8d53-44cb-4faf-b915-5afa0c7529d4@group-6A615BAE1DD1, cid=1169, SUCCESS, logIndex=1580, commits[4fcc8d53-44cb-4faf-b915-5afa0c7529d4:c1581, 48aa5eb4-709c-4003-adb5-fbc02723cd23:c1577, 609a8cf1-6ad3-4123-b94a-106ad93148a8:c1577]
2019-09-05 09:23:13,125 [grpc-default-executor-3] INFO  client.GrpcClientProtocolClient (GrpcClientProtocolClient.java:onNext(255)) - client-969FB6DA8C9A->4fcc8d53-44cb-4faf-b915-5afa0c7529d4: receive RaftClientReply:client-969FB6DA8C9A->4fcc8d53-44cb-4faf-b915-5afa0c7529d4@group-6A615BAE1DD1, cid=1170, SUCCESS, logIndex=1581, commits[4fcc8d53-44cb-4faf-b915-5afa0c7529d4:c1581, 48aa5eb4-709c-4003-adb5-fbc02723cd23:c1577, 609a8cf1-6ad3-4123-b94a-106ad93148a8:c1577]
2019-09-05 09:23:13,126 | INFO  | DNAudit | user=null | ip=null | op=WRITE_CHUNK {blockData=conID: 2 locID: 102739173904024012 bcsId: 0} | ret=SUCCESS |  
2019-09-05 09:23:13,127 | INFO  | DNAudit | user=null | ip=null | op=WRITE_CHUNK {blockData=conID: 2 locID: 102739173904024012 bcsId: 0} | ret=SUCCESS |  
2019-09-05 09:23:13,127 | INFO  | DNAudit | user=null | ip=null | op=PUT_BLOCK {blockData=[blockId=conID: 2 locID: 102739173904024012 bcsId: 0,size=1048576]} | ret=SUCCESS |  
2019-09-05 09:23:13,127 | INFO  | DNAudit | user=null | ip=null | op=WRITE_CHUNK {blockData=conID: 2 locID: 102739173904024012 bcsId: 0} | ret=SUCCESS |  
2019-09-05 09:23:13,128 | INFO  | DNAudit | user=null | ip=null | op=PUT_BLOCK {blockData=[blockId=conID: 2 locID: 102739173904024012 bcsId: 0,size=2097152]} | ret=SUCCESS |  
2019-09-05 09:23:13,128 | INFO  | DNAudit | user=null | ip=null | op=PUT_BLOCK {blockData=[blockId=conID: 2 locID: 102739173904024012 bcsId: 0,size=1048576]} | ret=SUCCESS |  
2019-09-05 09:23:13,128 | INFO  | DNAudit | user=null | ip=null | op=WRITE_CHUNK {blockData=conID: 2 locID: 102739173904024012 bcsId: 0} | ret=SUCCESS |  
2019-09-05 09:23:13,128 | INFO  | DNAudit | user=null | ip=null | op=PUT_BLOCK {blockData=[blockId=conID: 2 locID: 102739173904024012 bcsId: 0,size=2097152]} | ret=SUCCESS |  
2019-09-05 09:23:13,128 [grpc-default-executor-5] INFO  client.GrpcClientProtocolClient (GrpcClientProtocolClient.java:onNext(255)) - client-969FB6DA8C9A->4fcc8d53-44cb-4faf-b915-5afa0c7529d4: receive RaftClientReply:client-969FB6DA8C9A->4fcc8d53-44cb-4faf-b915-5afa0c7529d4@group-6A615BAE1DD1, cid=1171, SUCCESS, logIndex=0, commits[4fcc8d53-44cb-4faf-b915-5afa0c7529d4:c1585, 48aa5eb4-709c-4003-adb5-fbc02723cd23:c1579, 609a8cf1-6ad3-4123-b94a-106ad93148a8:c1581]
2019-09-05 09:23:13,134 | INFO  | DNAudit | user=null | ip=null | op=WRITE_CHUNK {blockData=conID: 2 locID: 102739173904024012 bcsId: 1581} | ret=SUCCESS |  
2019-09-05 09:23:13,136 | INFO  | DNAudit | user=null | ip=null | op=WRITE_CHUNK {blockData=conID: 2 locID: 102739173904024012 bcsId: 1581} | ret=SUCCESS |  
2019-09-05 09:23:13,136 | INFO  | DNAudit | user=null | ip=null | op=WRITE_CHUNK {blockData=conID: 2 locID: 102739173904024012 bcsId: 1581} | ret=SUCCESS |  
2019-09-05 09:23:13,148 | INFO  | DNAudit | user=null | ip=null | op=WRITE_CHUNK {blockData=conID: 2 locID: 102739173904024012 bcsId: 1581} | ret=SUCCESS |  
2019-09-05 09:23:13,148 | INFO  | DNAudit | user=null | ip=null | op=PUT_BLOCK {blockData=[blockId=conID: 2 locID: 102739173904024012 bcsId: 0,size=3145728]} | ret=SUCCESS |  
2019-09-05 09:23:13,148 [grpc-default-executor-0] INFO  client.GrpcClientProtocolClient (GrpcClientProtocolClient.java:onNext(255)) - client-969FB6DA8C9A->4fcc8d53-44cb-4faf-b915-5afa0c7529d4: receive RaftClientReply:client-969FB6DA8C9A->4fcc8d53-44cb-4faf-b915-5afa0c7529d4@group-6A615BAE1DD1, cid=1172, SUCCESS, logIndex=1586, commits[4fcc8d53-44cb-4faf-b915-5afa0c7529d4:c1587, 48aa5eb4-709c-4003-adb5-fbc02723cd23:c1585, 609a8cf1-6ad3-4123-b94a-106ad93148a8:c1585]
2019-09-05 09:23:13,149 [grpc-default-executor-0] INFO  client.GrpcClientProtocolClient (GrpcClientProtocolClient.java:onNext(255)) - client-969FB6DA8C9A->4fcc8d53-44cb-4faf-b915-5afa0c7529d4: receive RaftClientReply:client-969FB6DA8C9A->4fcc8d53-44cb-4faf-b915-5afa0c7529d4@group-6A615BAE1DD1, cid=1173, SUCCESS, logIndex=1587, commits[4fcc8d53-44cb-4faf-b915-5afa0c7529d4:c1587, 48aa5eb4-709c-4003-adb5-fbc02723cd23:c1585, 609a8cf1-6ad3-4123-b94a-106ad93148a8:c1585]
2019-09-05 09:23:13,155 | INFO  | DNAudit | user=null | ip=null | op=WRITE_CHUNK {blockData=conID: 2 locID: 102739173904024012 bcsId: 1587} | ret=SUCCESS |  
2019-09-05 09:23:13,157 | INFO  | DNAudit | user=null | ip=null | op=WRITE_CHUNK {blockData=conID: 2 locID: 102739173904024012 bcsId: 1587} | ret=SUCCESS |  
2019-09-05 09:23:13,157 | INFO  | DNAudit | user=null | ip=null | op=WRITE_CHUNK {blockData=conID: 2 locID: 102739173904024012 bcsId: 1587} | ret=SUCCESS |  
2019-09-05 09:23:13,168 | INFO  | DNAudit | user=null | ip=null | op=WRITE_CHUNK {blockData=conID: 2 locID: 102739173904024012 bcsId: 1581} | ret=SUCCESS |  
2019-09-05 09:23:13,168 | INFO  | DNAudit | user=null | ip=null | op=WRITE_CHUNK {blockData=conID: 2 locID: 102739173904024012 bcsId: 1581} | ret=SUCCESS |  
2019-09-05 09:23:13,169 | INFO  | DNAudit | user=null | ip=null | op=PUT_BLOCK {blockData=[blockId=conID: 2 locID: 102739173904024012 bcsId: 0,size=3145728]} | ret=SUCCESS |  
2019-09-05 09:23:13,169 | INFO  | DNAudit | user=null | ip=null | op=PUT_BLOCK {blockData=[blockId=conID: 2 locID: 102739173904024012 bcsId: 0,size=3145728]} | ret=SUCCESS |  
2019-09-05 09:23:13,169 | INFO  | DNAudit | user=null | ip=null | op=WRITE_CHUNK {blockData=conID: 2 locID: 102739173904024012 bcsId: 1587} | ret=SUCCESS |  
2019-09-05 09:23:13,170 | INFO  | DNAudit | user=null | ip=null | op=PUT_BLOCK {blockData=[blockId=conID: 2 locID: 102739173904024012 bcsId: 0,size=4194304]} | ret=SUCCESS |  
2019-09-05 09:23:13,170 [grpc-default-executor-3] INFO  client.GrpcClientProtocolClient (GrpcClientProtocolClient.java:onNext(255)) - client-969FB6DA8C9A->4fcc8d53-44cb-4faf-b915-5afa0c7529d4: receive RaftClientReply:client-969FB6DA8C9A->4fcc8d53-44cb-4faf-b915-5afa0c7529d4@group-6A615BAE1DD1, cid=1174, SUCCESS, logIndex=1590, commits[4fcc8d53-44cb-4faf-b915-5afa0c7529d4:c1591, 48aa5eb4-709c-4003-adb5-fbc02723cd23:c1587, 609a8cf1-6ad3-4123-b94a-106ad93148a8:c1587]
2019-09-05 09:23:13,170 [grpc-default-executor-3] INFO  client.GrpcClientProtocolClient (GrpcClientProtocolClient.java:onNext(255)) - client-969FB6DA8C9A->4fcc8d53-44cb-4faf-b915-5afa0c7529d4: receive RaftClientReply:client-969FB6DA8C9A->4fcc8d53-44cb-4faf-b915-5afa0c7529d4@group-6A615BAE1DD1, cid=1175, SUCCESS, logIndex=1591, commits[4fcc8d53-44cb-4faf-b915-5afa0c7529d4:c1591, 48aa5eb4-709c-4003-adb5-fbc02723cd23:c1587, 609a8cf1-6ad3-4123-b94a-106ad93148a8:c1587]
2019-09-05 09:23:13,188 | INFO  | DNAudit | user=null | ip=null | op=WRITE_CHUNK {blockData=conID: 2 locID: 102739173904024012 bcsId: 1587} | ret=SUCCESS |  
2019-09-05 09:23:13,188 | INFO  | DNAudit | user=null | ip=null | op=WRITE_CHUNK {blockData=conID: 2 locID: 102739173904024012 bcsId: 1587} | ret=SUCCESS |  
2019-09-05 09:23:13,190 | INFO  | DNAudit | user=null | ip=null | op=PUT_BLOCK {blockData=[blockId=conID: 2 locID: 102739173904024012 bcsId: 0,size=4194304]} | ret=SUCCESS |  
2019-09-05 09:23:13,190 | INFO  | DNAudit | user=null | ip=null | op=PUT_BLOCK {blockData=[blockId=conID: 2 locID: 102739173904024012 bcsId: 0,size=4194304]} | ret=SUCCESS |  
2019-09-05 09:23:13,190 [grpc-default-executor-3] INFO  client.GrpcClientProtocolClient (GrpcClientProtocolClient.java:onNext(255)) - client-969FB6DA8C9A->4fcc8d53-44cb-4faf-b915-5afa0c7529d4: receive RaftClientReply:client-969FB6DA8C9A->4fcc8d53-44cb-4faf-b915-5afa0c7529d4@group-6A615BAE1DD1, cid=1176, SUCCESS, logIndex=0, commits[4fcc8d53-44cb-4faf-b915-5afa0c7529d4:c1593, 48aa5eb4-709c-4003-adb5-fbc02723cd23:c1591, 609a8cf1-6ad3-4123-b94a-106ad93148a8:c1591]
2019-09-05 09:23:13,196 | INFO  | DNAudit | user=null | ip=null | op=WRITE_CHUNK {blockData=conID: 3 locID: 102739173904024013 bcsId: 0} | ret=SUCCESS |  
2019-09-05 09:23:13,198 | INFO  | DNAudit | user=null | ip=null | op=WRITE_CHUNK {blockData=conID: 3 locID: 102739173904024013 bcsId: 0} | ret=SUCCESS |  
2019-09-05 09:23:13,198 | INFO  | DNAudit | user=null | ip=null | op=WRITE_CHUNK {blockData=conID: 3 locID: 102739173904024013 bcsId: 0} | ret=SUCCESS |  
2019-09-05 09:23:13,199 | INFO  | DNAudit | user=null | ip=null | op=WRITE_CHUNK {blockData=conID: 3 locID: 102739173904024013 bcsId: 0} | ret=SUCCESS |  
2019-09-05 09:23:13,201 | INFO  | DNAudit | user=null | ip=null | op=WRITE_CHUNK {blockData=conID: 3 locID: 102739173904024013 bcsId: 0} | ret=SUCCESS |  
2019-09-05 09:23:13,201 | INFO  | DNAudit | user=null | ip=null | op=WRITE_CHUNK {blockData=conID: 3 locID: 102739173904024013 bcsId: 0} | ret=SUCCESS |  
2019-09-05 09:23:13,226 | INFO  | DNAudit | user=null | ip=null | op=WRITE_CHUNK {blockData=conID: 3 locID: 102739173904024013 bcsId: 0} | ret=SUCCESS |  
2019-09-05 09:23:13,226 | INFO  | DNAudit | user=null | ip=null | op=PUT_BLOCK {blockData=[blockId=conID: 3 locID: 102739173904024013 bcsId: 0,size=1048576]} | ret=SUCCESS |  
2019-09-05 09:23:13,226 [grpc-default-executor-5] INFO  client.GrpcClientProtocolClient (GrpcClientProtocolClient.java:onNext(255)) - client-969FB6DA8C9A->4fcc8d53-44cb-4faf-b915-5afa0c7529d4: receive RaftClientReply:client-969FB6DA8C9A->4fcc8d53-44cb-4faf-b915-5afa0c7529d4@group-6A615BAE1DD1, cid=1177, SUCCESS, logIndex=1594, commits[4fcc8d53-44cb-4faf-b915-5afa0c7529d4:c1595, 48aa5eb4-709c-4003-adb5-fbc02723cd23:c1593, 609a8cf1-6ad3-4123-b94a-106ad93148a8:c1593]
2019-09-05 09:23:13,228 [grpc-default-executor-5] INFO  client.GrpcClientProtocolClient (GrpcClientProtocolClient.java:onNext(255)) - client-969FB6DA8C9A->4fcc8d53-44cb-4faf-b915-5afa0c7529d4: receive RaftClientReply:client-969FB6DA8C9A->4fcc8d53-44cb-4faf-b915-5afa0c7529d4@group-6A615BAE1DD1, cid=1178, SUCCESS, logIndex=1595, commits[4fcc8d53-44cb-4faf-b915-5afa0c7529d4:c1595, 48aa5eb4-709c-4003-adb5-fbc02723cd23:c1593, 609a8cf1-6ad3-4123-b94a-106ad93148a8:c1593]
2019-09-05 09:23:13,237 | INFO  | SCMAudit | user=jenkins1000 | ip=192.168.36.69 | op=SEND_HEARTBEAT {datanodeUUID=5b6cff60-1414-40d6-b682-781dc5ff3023, command=[]} | ret=SUCCESS |  
2019-09-05 09:23:13,312 | INFO  | SCMAudit | user=jenkins1000 | ip=192.168.36.69 | op=SEND_HEARTBEAT {datanodeUUID=fe9e29a7-51ad-458f-9e11-f615da290baa, command=[]} | ret=SUCCESS |  
2019-09-05 09:23:13,368 | INFO  | DNAudit | user=null | ip=null | op=WRITE_CHUNK {blockData=conID: 3 locID: 102739173904024013 bcsId: 0} | ret=SUCCESS |  
2019-09-05 09:23:13,369 | INFO  | DNAudit | user=null | ip=null | op=WRITE_CHUNK {blockData=conID: 3 locID: 102739173904024013 bcsId: 0} | ret=SUCCESS |  
2019-09-05 09:23:13,369 | INFO  | DNAudit | user=null | ip=null | op=PUT_BLOCK {blockData=[blockId=conID: 3 locID: 102739173904024013 bcsId: 0,size=2097152]} | ret=SUCCESS |  
2019-09-05 09:23:13,369 | INFO  | DNAudit | user=null | ip=null | op=PUT_BLOCK {blockData=[blockId=conID: 3 locID: 102739173904024013 bcsId: 0,size=1048576]} | ret=SUCCESS |  
2019-09-05 09:23:13,369 [grpc-default-executor-3] INFO  client.GrpcClientProtocolClient (GrpcClientProtocolClient.java:onNext(255)) - client-969FB6DA8C9A->4fcc8d53-44cb-4faf-b915-5afa0c7529d4: receive RaftClientReply:client-969FB6DA8C9A->4fcc8d53-44cb-4faf-b915-5afa0c7529d4@group-6A615BAE1DD1, cid=1179, SUCCESS, logIndex=1596, commits[4fcc8d53-44cb-4faf-b915-5afa0c7529d4:c1597, 48aa5eb4-709c-4003-adb5-fbc02723cd23:c1593, 609a8cf1-6ad3-4123-b94a-106ad93148a8:c1593]
2019-09-05 09:23:13,369 | INFO  | DNAudit | user=null | ip=null | op=WRITE_CHUNK {blockData=conID: 3 locID: 102739173904024013 bcsId: 0} | ret=SUCCESS |  
2019-09-05 09:23:13,370 [grpc-default-executor-5] INFO  client.GrpcClientProtocolClient (GrpcClientProtocolClient.java:onNext(255)) - client-969FB6DA8C9A->4fcc8d53-44cb-4faf-b915-5afa0c7529d4: receive RaftClientReply:client-969FB6DA8C9A->4fcc8d53-44cb-4faf-b915-5afa0c7529d4@group-6A615BAE1DD1, cid=1180, SUCCESS, logIndex=1597, commits[4fcc8d53-44cb-4faf-b915-5afa0c7529d4:c1599, 48aa5eb4-709c-4003-adb5-fbc02723cd23:c1593, 609a8cf1-6ad3-4123-b94a-106ad93148a8:c1595]
2019-09-05 09:23:13,370 | INFO  | DNAudit | user=null | ip=null | op=PUT_BLOCK {blockData=[blockId=conID: 3 locID: 102739173904024013 bcsId: 0,size=1048576]} | ret=SUCCESS |  
2019-09-05 09:23:13,370 | INFO  | DNAudit | user=null | ip=null | op=WRITE_CHUNK {blockData=conID: 3 locID: 102739173904024013 bcsId: 0} | ret=SUCCESS |  
2019-09-05 09:23:13,370 | INFO  | DNAudit | user=null | ip=null | op=PUT_BLOCK {blockData=[blockId=conID: 3 locID: 102739173904024013 bcsId: 0,size=2097152]} | ret=SUCCESS |  
2019-09-05 09:23:13,371 | INFO  | DNAudit | user=null | ip=null | op=WRITE_CHUNK {blockData=conID: 3 locID: 102739173904024013 bcsId: 0} | ret=SUCCESS |  
2019-09-05 09:23:13,371 [grpc-default-executor-5] INFO  client.GrpcClientProtocolClient (GrpcClientProtocolClient.java:onNext(255)) - client-969FB6DA8C9A->4fcc8d53-44cb-4faf-b915-5afa0c7529d4: receive RaftClientReply:client-969FB6DA8C9A->4fcc8d53-44cb-4faf-b915-5afa0c7529d4@group-6A615BAE1DD1, cid=1181, SUCCESS, logIndex=0, commits[4fcc8d53-44cb-4faf-b915-5afa0c7529d4:c1601, 48aa5eb4-709c-4003-adb5-fbc02723cd23:c1595, 609a8cf1-6ad3-4123-b94a-106ad93148a8:c1597]
2019-09-05 09:23:13,371 | INFO  | DNAudit | user=null | ip=null | op=PUT_BLOCK {blockData=[blockId=conID: 3 locID: 102739173904024013 bcsId: 0,size=2097152]} | ret=SUCCESS |  
2019-09-05 09:23:13,379 | INFO  | DNAudit | user=null | ip=null | op=WRITE_CHUNK {blockData=conID: 3 locID: 102739173904024013 bcsId: 1597} | ret=SUCCESS |  
2019-09-05 09:23:13,381 | INFO  | DNAudit | user=null | ip=null | op=WRITE_CHUNK {blockData=conID: 3 locID: 102739173904024013 bcsId: 1597} | ret=SUCCESS |  
2019-09-05 09:23:13,381 | INFO  | DNAudit | user=null | ip=null | op=WRITE_CHUNK {blockData=conID: 3 locID: 102739173904024013 bcsId: 1597} | ret=SUCCESS |  
2019-09-05 09:23:13,467 | INFO  | DNAudit | user=null | ip=null | op=WRITE_CHUNK {blockData=conID: 3 locID: 102739173904024013 bcsId: 1597} | ret=SUCCESS |  
2019-09-05 09:23:13,467 | INFO  | DNAudit | user=null | ip=null | op=PUT_BLOCK {blockData=[blockId=conID: 3 locID: 102739173904024013 bcsId: 0,size=3145728]} | ret=SUCCESS |  
2019-09-05 09:23:13,467 [grpc-default-executor-5] INFO  client.GrpcClientProtocolClient (GrpcClientProtocolClient.java:onNext(255)) - client-969FB6DA8C9A->4fcc8d53-44cb-4faf-b915-5afa0c7529d4: receive RaftClientReply:client-969FB6DA8C9A->4fcc8d53-44cb-4faf-b915-5afa0c7529d4@group-6A615BAE1DD1, cid=1182, SUCCESS, logIndex=1602, commits[4fcc8d53-44cb-4faf-b915-5afa0c7529d4:c1603, 48aa5eb4-709c-4003-adb5-fbc02723cd23:c1601, 609a8cf1-6ad3-4123-b94a-106ad93148a8:c1601]
2019-09-05 09:23:13,468 [grpc-default-executor-5] INFO  client.GrpcClientProtocolClient (GrpcClientProtocolClient.java:onNext(255)) - client-969FB6DA8C9A->4fcc8d53-44cb-4faf-b915-5afa0c7529d4: receive RaftClientReply:client-969FB6DA8C9A->4fcc8d53-44cb-4faf-b915-5afa0c7529d4@group-6A615BAE1DD1, cid=1183, SUCCESS, logIndex=1603, commits[4fcc8d53-44cb-4faf-b915-5afa0c7529d4:c1603, 48aa5eb4-709c-4003-adb5-fbc02723cd23:c1601, 609a8cf1-6ad3-4123-b94a-106ad93148a8:c1601]
2019-09-05 09:23:13,477 | INFO  | DNAudit | user=null | ip=null | op=WRITE_CHUNK {blockData=conID: 3 locID: 102739173904024013 bcsId: 1603} | ret=SUCCESS |  
2019-09-05 09:23:13,480 | INFO  | DNAudit | user=null | ip=null | op=WRITE_CHUNK {blockData=conID: 3 locID: 102739173904024013 bcsId: 1603} | ret=SUCCESS |  
2019-09-05 09:23:13,480 | INFO  | DNAudit | user=null | ip=null | op=WRITE_CHUNK {blockData=conID: 3 locID: 102739173904024013 bcsId: 1603} | ret=SUCCESS |  
2019-09-05 09:23:13,496 | INFO  | DNAudit | user=null | ip=null | op=WRITE_CHUNK {blockData=conID: 3 locID: 102739173904024013 bcsId: 1597} | ret=SUCCESS |  
2019-09-05 09:23:13,496 | INFO  | DNAudit | user=null | ip=null | op=WRITE_CHUNK {blockData=conID: 3 locID: 102739173904024013 bcsId: 1597} | ret=SUCCESS |  
2019-09-05 09:23:13,496 | INFO  | DNAudit | user=null | ip=null | op=PUT_BLOCK {blockData=[blockId=conID: 3 locID: 102739173904024013 bcsId: 0,size=3145728]} | ret=SUCCESS |  
2019-09-05 09:23:13,498 | INFO  | DNAudit | user=null | ip=null | op=PUT_BLOCK {blockData=[blockId=conID: 3 locID: 102739173904024013 bcsId: 0,size=3145728]} | ret=SUCCESS |  
2019-09-05 09:23:13,498 | INFO  | DNAudit | user=null | ip=null | op=WRITE_CHUNK {blockData=conID: 3 locID: 102739173904024013 bcsId: 1603} | ret=SUCCESS |  
2019-09-05 09:23:13,498 | INFO  | DNAudit | user=null | ip=null | op=PUT_BLOCK {blockData=[blockId=conID: 3 locID: 102739173904024013 bcsId: 0,size=4194304]} | ret=SUCCESS |  
2019-09-05 09:23:13,498 [grpc-default-executor-5] INFO  client.GrpcClientProtocolClient (GrpcClientProtocolClient.java:onNext(255)) - client-969FB6DA8C9A->4fcc8d53-44cb-4faf-b915-5afa0c7529d4: receive RaftClientReply:client-969FB6DA8C9A->4fcc8d53-44cb-4faf-b915-5afa0c7529d4@group-6A615BAE1DD1, cid=1184, SUCCESS, logIndex=1606, commits[4fcc8d53-44cb-4faf-b915-5afa0c7529d4:c1607, 48aa5eb4-709c-4003-adb5-fbc02723cd23:c1603, 609a8cf1-6ad3-4123-b94a-106ad93148a8:c1603]
2019-09-05 09:23:13,499 [grpc-default-executor-5] INFO  client.GrpcClientProtocolClient (GrpcClientProtocolClient.java:onNext(255)) - client-969FB6DA8C9A->4fcc8d53-44cb-4faf-b915-5afa0c7529d4: receive RaftClientReply:client-969FB6DA8C9A->4fcc8d53-44cb-4faf-b915-5afa0c7529d4@group-6A615BAE1DD1, cid=1185, SUCCESS, logIndex=1607, commits[4fcc8d53-44cb-4faf-b915-5afa0c7529d4:c1607, 48aa5eb4-709c-4003-adb5-fbc02723cd23:c1603, 609a8cf1-6ad3-4123-b94a-106ad93148a8:c1603]
2019-09-05 09:23:13,535 | INFO  | DNAudit | user=null | ip=null | op=WRITE_CHUNK {blockData=conID: 3 locID: 102739173904024013 bcsId: 1603} | ret=SUCCESS |  
2019-09-05 09:23:13,536 | INFO  | DNAudit | user=null | ip=null | op=WRITE_CHUNK {blockData=conID: 3 locID: 102739173904024013 bcsId: 1603} | ret=SUCCESS |  
2019-09-05 09:23:13,536 | INFO  | DNAudit | user=null | ip=null | op=PUT_BLOCK {blockData=[blockId=conID: 3 locID: 102739173904024013 bcsId: 0,size=4194304]} | ret=SUCCESS |  
2019-09-05 09:23:13,536 | INFO  | DNAudit | user=null | ip=null | op=PUT_BLOCK {blockData=[blockId=conID: 3 locID: 102739173904024013 bcsId: 0,size=4194304]} | ret=SUCCESS |  
2019-09-05 09:23:13,536 [grpc-default-executor-5] INFO  client.GrpcClientProtocolClient (GrpcClientProtocolClient.java:onNext(255)) - client-969FB6DA8C9A->4fcc8d53-44cb-4faf-b915-5afa0c7529d4: receive RaftClientReply:client-969FB6DA8C9A->4fcc8d53-44cb-4faf-b915-5afa0c7529d4@group-6A615BAE1DD1, cid=1186, SUCCESS, logIndex=0, commits[4fcc8d53-44cb-4faf-b915-5afa0c7529d4:c1608, 48aa5eb4-709c-4003-adb5-fbc02723cd23:c1607, 609a8cf1-6ad3-4123-b94a-106ad93148a8:c1607]
2019-09-05 09:23:13,546 | INFO  | DNAudit | user=null | ip=null | op=WRITE_CHUNK {blockData=conID: 1 locID: 102739173904024014 bcsId: 0} | ret=SUCCESS |  
2019-09-05 09:23:13,548 | INFO  | DNAudit | user=null | ip=null | op=WRITE_CHUNK {blockData=conID: 1 locID: 102739173904024014 bcsId: 0} | ret=SUCCESS |  
2019-09-05 09:23:13,548 | INFO  | DNAudit | user=null | ip=null | op=WRITE_CHUNK {blockData=conID: 1 locID: 102739173904024014 bcsId: 0} | ret=SUCCESS |  
2019-09-05 09:23:13,550 | INFO  | DNAudit | user=null | ip=null | op=WRITE_CHUNK {blockData=conID: 1 locID: 102739173904024014 bcsId: 0} | ret=SUCCESS |  
2019-09-05 09:23:13,552 | INFO  | DNAudit | user=null | ip=null | op=WRITE_CHUNK {blockData=conID: 1 locID: 102739173904024014 bcsId: 0} | ret=SUCCESS |  
2019-09-05 09:23:13,552 | INFO  | DNAudit | user=null | ip=null | op=WRITE_CHUNK {blockData=conID: 1 locID: 102739173904024014 bcsId: 0} | ret=SUCCESS |  
2019-09-05 09:23:13,566 | INFO  | DNAudit | user=null | ip=null | op=WRITE_CHUNK {blockData=conID: 1 locID: 102739173904024014 bcsId: 0} | ret=SUCCESS |  
2019-09-05 09:23:13,567 | INFO  | DNAudit | user=null | ip=null | op=PUT_BLOCK {blockData=[blockId=conID: 1 locID: 102739173904024014 bcsId: 0,size=1048576]} | ret=SUCCESS |  
2019-09-05 09:23:13,567 [grpc-default-executor-5] INFO  client.GrpcClientProtocolClient (GrpcClientProtocolClient.java:onNext(255)) - client-969FB6DA8C9A->4fcc8d53-44cb-4faf-b915-5afa0c7529d4: receive RaftClientReply:client-969FB6DA8C9A->4fcc8d53-44cb-4faf-b915-5afa0c7529d4@group-6A615BAE1DD1, cid=1187, SUCCESS, logIndex=1610, commits[4fcc8d53-44cb-4faf-b915-5afa0c7529d4:c1611, 48aa5eb4-709c-4003-adb5-fbc02723cd23:c1609, 609a8cf1-6ad3-4123-b94a-106ad93148a8:c1609]
2019-09-05 09:23:13,568 [grpc-default-executor-5] INFO  client.GrpcClientProtocolClient (GrpcClientProtocolClient.java:onNext(255)) - client-969FB6DA8C9A->4fcc8d53-44cb-4faf-b915-5afa0c7529d4: receive RaftClientReply:client-969FB6DA8C9A->4fcc8d53-44cb-4faf-b915-5afa0c7529d4@group-6A615BAE1DD1, cid=1188, SUCCESS, logIndex=1611, commits[4fcc8d53-44cb-4faf-b915-5afa0c7529d4:c1611, 48aa5eb4-709c-4003-adb5-fbc02723cd23:c1609, 609a8cf1-6ad3-4123-b94a-106ad93148a8:c1609]
2019-09-05 09:23:13,582 | INFO  | DNAudit | user=null | ip=null | op=WRITE_CHUNK {blockData=conID: 1 locID: 102739173904024014 bcsId: 0} | ret=SUCCESS |  
2019-09-05 09:23:13,583 | INFO  | DNAudit | user=null | ip=null | op=PUT_BLOCK {blockData=[blockId=conID: 1 locID: 102739173904024014 bcsId: 0,size=2097152]} | ret=SUCCESS |  
2019-09-05 09:23:13,583 | INFO  | DNAudit | user=null | ip=null | op=WRITE_CHUNK {blockData=conID: 1 locID: 102739173904024014 bcsId: 0} | ret=SUCCESS |  
2019-09-05 09:23:13,583 | INFO  | DNAudit | user=null | ip=null | op=PUT_BLOCK {blockData=[blockId=conID: 1 locID: 102739173904024014 bcsId: 0,size=1048576]} | ret=SUCCESS |  
2019-09-05 09:23:13,583 [grpc-default-executor-0] INFO  client.GrpcClientProtocolClient (GrpcClientProtocolClient.java:onNext(255)) - client-969FB6DA8C9A->4fcc8d53-44cb-4faf-b915-5afa0c7529d4: receive RaftClientReply:client-969FB6DA8C9A->4fcc8d53-44cb-4faf-b915-5afa0c7529d4@group-6A615BAE1DD1, cid=1189, SUCCESS, logIndex=1612, commits[4fcc8d53-44cb-4faf-b915-5afa0c7529d4:c1613, 48aa5eb4-709c-4003-adb5-fbc02723cd23:c1609, 609a8cf1-6ad3-4123-b94a-106ad93148a8:c1609]
2019-09-05 09:23:13,584 | INFO  | DNAudit | user=null | ip=null | op=WRITE_CHUNK {blockData=conID: 1 locID: 102739173904024014 bcsId: 0} | ret=SUCCESS |  
2019-09-05 09:23:13,583 [grpc-default-executor-0] INFO  client.GrpcClientProtocolClient (GrpcClientProtocolClient.java:onNext(255)) - client-969FB6DA8C9A->4fcc8d53-44cb-4faf-b915-5afa0c7529d4: receive RaftClientReply:client-969FB6DA8C9A->4fcc8d53-44cb-4faf-b915-5afa0c7529d4@group-6A615BAE1DD1, cid=1190, SUCCESS, logIndex=1613, commits[4fcc8d53-44cb-4faf-b915-5afa0c7529d4:c1614, 48aa5eb4-709c-4003-adb5-fbc02723cd23:c1610, 609a8cf1-6ad3-4123-b94a-106ad93148a8:c1609]
2019-09-05 09:23:13,584 | INFO  | DNAudit | user=null | ip=null | op=PUT_BLOCK {blockData=[blockId=conID: 1 locID: 102739173904024014 bcsId: 0,size=1048576]} | ret=SUCCESS |  
2019-09-05 09:23:13,584 | INFO  | DNAudit | user=null | ip=null | op=WRITE_CHUNK {blockData=conID: 1 locID: 102739173904024014 bcsId: 0} | ret=SUCCESS |  
2019-09-05 09:23:13,584 | INFO  | DNAudit | user=null | ip=null | op=PUT_BLOCK {blockData=[blockId=conID: 1 locID: 102739173904024014 bcsId: 0,size=2097152]} | ret=SUCCESS |  
2019-09-05 09:23:13,585 | INFO  | DNAudit | user=null | ip=null | op=WRITE_CHUNK {blockData=conID: 1 locID: 102739173904024014 bcsId: 0} | ret=SUCCESS |  
2019-09-05 09:23:13,585 [grpc-default-executor-5] INFO  client.GrpcClientProtocolClient (GrpcClientProtocolClient.java:onNext(255)) - client-969FB6DA8C9A->4fcc8d53-44cb-4faf-b915-5afa0c7529d4: receive RaftClientReply:client-969FB6DA8C9A->4fcc8d53-44cb-4faf-b915-5afa0c7529d4@group-6A615BAE1DD1, cid=1191, SUCCESS, logIndex=0, commits[4fcc8d53-44cb-4faf-b915-5afa0c7529d4:c1615, 48aa5eb4-709c-4003-adb5-fbc02723cd23:c1612, 609a8cf1-6ad3-4123-b94a-106ad93148a8:c1611]
2019-09-05 09:23:13,585 | INFO  | DNAudit | user=null | ip=null | op=PUT_BLOCK {blockData=[blockId=conID: 1 locID: 102739173904024014 bcsId: 0,size=2097152]} | ret=SUCCESS |  
2019-09-05 09:23:13,591 | INFO  | DNAudit | user=null | ip=null | op=WRITE_CHUNK {blockData=conID: 1 locID: 102739173904024014 bcsId: 1613} | ret=SUCCESS |  
2019-09-05 09:23:13,593 | INFO  | DNAudit | user=null | ip=null | op=WRITE_CHUNK {blockData=conID: 1 locID: 102739173904024014 bcsId: 1613} | ret=SUCCESS |  
2019-09-05 09:23:13,593 | INFO  | DNAudit | user=null | ip=null | op=WRITE_CHUNK {blockData=conID: 1 locID: 102739173904024014 bcsId: 1613} | ret=SUCCESS |  
2019-09-05 09:23:13,621 | INFO  | DNAudit | user=null | ip=null | op=WRITE_CHUNK {blockData=conID: 1 locID: 102739173904024014 bcsId: 1613} | ret=SUCCESS |  
2019-09-05 09:23:13,622 | INFO  | DNAudit | user=null | ip=null | op=PUT_BLOCK {blockData=[blockId=conID: 1 locID: 102739173904024014 bcsId: 0,size=3145728]} | ret=SUCCESS |  
2019-09-05 09:23:13,622 [grpc-default-executor-3] INFO  client.GrpcClientProtocolClient (GrpcClientProtocolClient.java:onNext(255)) - client-969FB6DA8C9A->4fcc8d53-44cb-4faf-b915-5afa0c7529d4: receive RaftClientReply:client-969FB6DA8C9A->4fcc8d53-44cb-4faf-b915-5afa0c7529d4@group-6A615BAE1DD1, cid=1192, SUCCESS, logIndex=1618, commits[4fcc8d53-44cb-4faf-b915-5afa0c7529d4:c1619, 48aa5eb4-709c-4003-adb5-fbc02723cd23:c1617, 609a8cf1-6ad3-4123-b94a-106ad93148a8:c1617]
2019-09-05 09:23:13,623 [grpc-default-executor-3] INFO  client.GrpcClientProtocolClient (GrpcClientProtocolClient.java:onNext(255)) - client-969FB6DA8C9A->4fcc8d53-44cb-4faf-b915-5afa0c7529d4: receive RaftClientReply:client-969FB6DA8C9A->4fcc8d53-44cb-4faf-b915-5afa0c7529d4@group-6A615BAE1DD1, cid=1193, SUCCESS, logIndex=1619, commits[4fcc8d53-44cb-4faf-b915-5afa0c7529d4:c1619, 48aa5eb4-709c-4003-adb5-fbc02723cd23:c1617, 609a8cf1-6ad3-4123-b94a-106ad93148a8:c1617]
2019-09-05 09:23:13,630 | INFO  | DNAudit | user=null | ip=null | op=WRITE_CHUNK {blockData=conID: 1 locID: 102739173904024014 bcsId: 1619} | ret=SUCCESS |  
2019-09-05 09:23:13,632 | INFO  | DNAudit | user=null | ip=null | op=WRITE_CHUNK {blockData=conID: 1 locID: 102739173904024014 bcsId: 1619} | ret=SUCCESS |  
2019-09-05 09:23:13,633 | INFO  | DNAudit | user=null | ip=null | op=WRITE_CHUNK {blockData=conID: 1 locID: 102739173904024014 bcsId: 1619} | ret=SUCCESS |  
2019-09-05 09:23:13,633 | INFO  | DNAudit | user=null | ip=null | op=WRITE_CHUNK {blockData=conID: 1 locID: 102739173904024014 bcsId: 1613} | ret=SUCCESS |  
2019-09-05 09:23:13,633 | INFO  | DNAudit | user=null | ip=null | op=WRITE_CHUNK {blockData=conID: 1 locID: 102739173904024014 bcsId: 1613} | ret=SUCCESS |  
2019-09-05 09:23:13,633 | INFO  | DNAudit | user=null | ip=null | op=PUT_BLOCK {blockData=[blockId=conID: 1 locID: 102739173904024014 bcsId: 0,size=3145728]} | ret=SUCCESS |  
2019-09-05 09:23:13,633 | INFO  | DNAudit | user=null | ip=null | op=PUT_BLOCK {blockData=[blockId=conID: 1 locID: 102739173904024014 bcsId: 0,size=3145728]} | ret=SUCCESS |  
2019-09-05 09:23:13,635 | INFO  | DNAudit | user=null | ip=null | op=WRITE_CHUNK {blockData=conID: 1 locID: 102739173904024014 bcsId: 1619} | ret=SUCCESS |  
2019-09-05 09:23:13,636 | INFO  | DNAudit | user=null | ip=null | op=PUT_BLOCK {blockData=[blockId=conID: 1 locID: 102739173904024014 bcsId: 0,size=4194304]} | ret=SUCCESS |  
2019-09-05 09:23:13,636 [grpc-default-executor-5] INFO  client.GrpcClientProtocolClient (GrpcClientProtocolClient.java:onNext(255)) - client-969FB6DA8C9A->4fcc8d53-44cb-4faf-b915-5afa0c7529d4: receive RaftClientReply:client-969FB6DA8C9A->4fcc8d53-44cb-4faf-b915-5afa0c7529d4@group-6A615BAE1DD1, cid=1194, SUCCESS, logIndex=1622, commits[4fcc8d53-44cb-4faf-b915-5afa0c7529d4:c1623, 48aa5eb4-709c-4003-adb5-fbc02723cd23:c1619, 609a8cf1-6ad3-4123-b94a-106ad93148a8:c1619]
2019-09-05 09:23:13,636 [grpc-default-executor-5] INFO  client.GrpcClientProtocolClient (GrpcClientProtocolClient.java:onNext(255)) - client-969FB6DA8C9A->4fcc8d53-44cb-4faf-b915-5afa0c7529d4: receive RaftClientReply:client-969FB6DA8C9A->4fcc8d53-44cb-4faf-b915-5afa0c7529d4@group-6A615BAE1DD1, cid=1195, SUCCESS, logIndex=1623, commits[4fcc8d53-44cb-4faf-b915-5afa0c7529d4:c1623, 48aa5eb4-709c-4003-adb5-fbc02723cd23:c1619, 609a8cf1-6ad3-4123-b94a-106ad93148a8:c1619]
2019-09-05 09:23:13,677 | INFO  | DNAudit | user=null | ip=null | op=WRITE_CHUNK {blockData=conID: 1 locID: 102739173904024014 bcsId: 1619} | ret=SUCCESS |  
2019-09-05 09:23:13,677 | INFO  | DNAudit | user=null | ip=null | op=WRITE_CHUNK {blockData=conID: 1 locID: 102739173904024014 bcsId: 1619} | ret=SUCCESS |  
2019-09-05 09:23:13,678 | INFO  | DNAudit | user=null | ip=null | op=PUT_BLOCK {blockData=[blockId=conID: 1 locID: 102739173904024014 bcsId: 0,size=4194304]} | ret=SUCCESS |  
2019-09-05 09:23:13,679 | INFO  | DNAudit | user=null | ip=null | op=PUT_BLOCK {blockData=[blockId=conID: 1 locID: 102739173904024014 bcsId: 0,size=4194304]} | ret=SUCCESS |  
2019-09-05 09:23:13,679 [grpc-default-executor-5] INFO  client.GrpcClientProtocolClient (GrpcClientProtocolClient.java:onNext(255)) - client-969FB6DA8C9A->4fcc8d53-44cb-4faf-b915-5afa0c7529d4: receive RaftClientReply:client-969FB6DA8C9A->4fcc8d53-44cb-4faf-b915-5afa0c7529d4@group-6A615BAE1DD1, cid=1196, SUCCESS, logIndex=0, commits[4fcc8d53-44cb-4faf-b915-5afa0c7529d4:c1625, 48aa5eb4-709c-4003-adb5-fbc02723cd23:c1623, 609a8cf1-6ad3-4123-b94a-106ad93148a8:c1623]
2019-09-05 09:23:13,690 | INFO  | DNAudit | user=null | ip=null | op=WRITE_CHUNK {blockData=conID: 2 locID: 102739173904024015 bcsId: 0} | ret=SUCCESS |  
2019-09-05 09:23:13,692 | INFO  | DNAudit | user=null | ip=null | op=WRITE_CHUNK {blockData=conID: 2 locID: 102739173904024015 bcsId: 0} | ret=SUCCESS |  
2019-09-05 09:23:13,694 | INFO  | DNAudit | user=null | ip=null | op=WRITE_CHUNK {blockData=conID: 2 locID: 102739173904024015 bcsId: 0} | ret=SUCCESS |  
2019-09-05 09:23:13,694 | INFO  | DNAudit | user=null | ip=null | op=WRITE_CHUNK {blockData=conID: 2 locID: 102739173904024015 bcsId: 0} | ret=SUCCESS |  
2019-09-05 09:23:13,696 | INFO  | DNAudit | user=null | ip=null | op=WRITE_CHUNK {blockData=conID: 2 locID: 102739173904024015 bcsId: 0} | ret=SUCCESS |  
2019-09-05 09:23:13,696 | INFO  | DNAudit | user=null | ip=null | op=PUT_BLOCK {blockData=[blockId=conID: 2 locID: 102739173904024015 bcsId: 0,size=1048576]} | ret=SUCCESS |  
2019-09-05 09:23:13,696 | INFO  | DNAudit | user=null | ip=null | op=WRITE_CHUNK {blockData=conID: 2 locID: 102739173904024015 bcsId: 0} | ret=SUCCESS |  
2019-09-05 09:23:13,696 [grpc-default-executor-0] INFO  client.GrpcClientProtocolClient (GrpcClientProtocolClient.java:onNext(255)) - client-969FB6DA8C9A->4fcc8d53-44cb-4faf-b915-5afa0c7529d4: receive RaftClientReply:client-969FB6DA8C9A->4fcc8d53-44cb-4faf-b915-5afa0c7529d4@group-6A615BAE1DD1, cid=1197, SUCCESS, logIndex=1626, commits[4fcc8d53-44cb-4faf-b915-5afa0c7529d4:c1627, 48aa5eb4-709c-4003-adb5-fbc02723cd23:c1623, 609a8cf1-6ad3-4123-b94a-106ad93148a8:c1625]
2019-09-05 09:23:13,697 | INFO  | DNAudit | user=null | ip=null | op=WRITE_CHUNK {blockData=conID: 2 locID: 102739173904024015 bcsId: 0} | ret=SUCCESS |  
2019-09-05 09:23:13,697 [grpc-default-executor-0] INFO  client.GrpcClientProtocolClient (GrpcClientProtocolClient.java:onNext(255)) - client-969FB6DA8C9A->4fcc8d53-44cb-4faf-b915-5afa0c7529d4: receive RaftClientReply:client-969FB6DA8C9A->4fcc8d53-44cb-4faf-b915-5afa0c7529d4@group-6A615BAE1DD1, cid=1198, SUCCESS, logIndex=1627, commits[4fcc8d53-44cb-4faf-b915-5afa0c7529d4:c1627, 48aa5eb4-709c-4003-adb5-fbc02723cd23:c1623, 609a8cf1-6ad3-4123-b94a-106ad93148a8:c1625]
2019-09-05 09:23:13,709 | INFO  | DNAudit | user=null | ip=null | op=WRITE_CHUNK {blockData=conID: 2 locID: 102739173904024015 bcsId: 0} | ret=SUCCESS |  
2019-09-05 09:23:13,709 | INFO  | DNAudit | user=null | ip=null | op=WRITE_CHUNK {blockData=conID: 2 locID: 102739173904024015 bcsId: 0} | ret=SUCCESS |  
2019-09-05 09:23:13,710 | INFO  | DNAudit | user=null | ip=null | op=PUT_BLOCK {blockData=[blockId=conID: 2 locID: 102739173904024015 bcsId: 0,size=1048576]} | ret=SUCCESS |  
2019-09-05 09:23:13,710 | INFO  | DNAudit | user=null | ip=null | op=WRITE_CHUNK {blockData=conID: 2 locID: 102739173904024015 bcsId: 0} | ret=SUCCESS |  
2019-09-05 09:23:13,710 | INFO  | DNAudit | user=null | ip=null | op=PUT_BLOCK {blockData=[blockId=conID: 2 locID: 102739173904024015 bcsId: 0,size=2097152]} | ret=SUCCESS |  
2019-09-05 09:23:13,710 | INFO  | DNAudit | user=null | ip=null | op=PUT_BLOCK {blockData=[blockId=conID: 2 locID: 102739173904024015 bcsId: 0,size=1048576]} | ret=SUCCESS |  
2019-09-05 09:23:13,710 [grpc-default-executor-5] INFO  client.GrpcClientProtocolClient (GrpcClientProtocolClient.java:onNext(255)) - client-969FB6DA8C9A->4fcc8d53-44cb-4faf-b915-5afa0c7529d4: receive RaftClientReply:client-969FB6DA8C9A->4fcc8d53-44cb-4faf-b915-5afa0c7529d4@group-6A615BAE1DD1, cid=1199, SUCCESS, logIndex=1628, commits[4fcc8d53-44cb-4faf-b915-5afa0c7529d4:c1629, 48aa5eb4-709c-4003-adb5-fbc02723cd23:c1625, 609a8cf1-6ad3-4123-b94a-106ad93148a8:c1625]
2019-09-05 09:23:13,711 [grpc-default-executor-5] INFO  client.GrpcClientProtocolClient (GrpcClientProtocolClient.java:onNext(255)) - client-969FB6DA8C9A->4fcc8d53-44cb-4faf-b915-5afa0c7529d4: receive RaftClientReply:client-969FB6DA8C9A->4fcc8d53-44cb-4faf-b915-5afa0c7529d4@group-6A615BAE1DD1, cid=1200, SUCCESS, logIndex=1629, commits[4fcc8d53-44cb-4faf-b915-5afa0c7529d4:c1631, 48aa5eb4-709c-4003-adb5-fbc02723cd23:c1627, 609a8cf1-6ad3-4123-b94a-106ad93148a8:c1627]
2019-09-05 09:23:13,719 | INFO  | DNAudit | user=null | ip=null | op=WRITE_CHUNK {blockData=conID: 2 locID: 102739173904024015 bcsId: 1629} | ret=SUCCESS |  
2019-09-05 09:23:13,721 | INFO  | DNAudit | user=null | ip=null | op=WRITE_CHUNK {blockData=conID: 2 locID: 102739173904024015 bcsId: 1629} | ret=SUCCESS |  
2019-09-05 09:23:13,721 | INFO  | DNAudit | user=null | ip=null | op=WRITE_CHUNK {blockData=conID: 2 locID: 102739173904024015 bcsId: 1629} | ret=SUCCESS |  
2019-09-05 09:23:13,729 | INFO  | DNAudit | user=null | ip=null | op=WRITE_CHUNK {blockData=conID: 2 locID: 102739173904024015 bcsId: 0} | ret=SUCCESS |  
2019-09-05 09:23:13,729 | INFO  | DNAudit | user=null | ip=null | op=WRITE_CHUNK {blockData=conID: 2 locID: 102739173904024015 bcsId: 0} | ret=SUCCESS |  
2019-09-05 09:23:13,729 | INFO  | DNAudit | user=null | ip=null | op=PUT_BLOCK {blockData=[blockId=conID: 2 locID: 102739173904024015 bcsId: 0,size=2097152]} | ret=SUCCESS |  
2019-09-05 09:23:13,730 | INFO  | DNAudit | user=null | ip=null | op=PUT_BLOCK {blockData=[blockId=conID: 2 locID: 102739173904024015 bcsId: 0,size=2097152]} | ret=SUCCESS |  
2019-09-05 09:23:13,731 | INFO  | DNAudit | user=null | ip=null | op=WRITE_CHUNK {blockData=conID: 2 locID: 102739173904024015 bcsId: 1629} | ret=SUCCESS |  
2019-09-05 09:23:13,731 | INFO  | DNAudit | user=null | ip=null | op=PUT_BLOCK {blockData=[blockId=conID: 2 locID: 102739173904024015 bcsId: 0,size=3145728]} | ret=SUCCESS |  
2019-09-05 09:23:13,731 [grpc-default-executor-5] INFO  client.GrpcClientProtocolClient (GrpcClientProtocolClient.java:onNext(255)) - client-969FB6DA8C9A->4fcc8d53-44cb-4faf-b915-5afa0c7529d4: receive RaftClientReply:client-969FB6DA8C9A->4fcc8d53-44cb-4faf-b915-5afa0c7529d4@group-6A615BAE1DD1, cid=1201, SUCCESS, logIndex=1634, commits[4fcc8d53-44cb-4faf-b915-5afa0c7529d4:c1635, 48aa5eb4-709c-4003-adb5-fbc02723cd23:c1631, 609a8cf1-6ad3-4123-b94a-106ad93148a8:c1631]
2019-09-05 09:23:13,732 [grpc-default-executor-5] INFO  client.GrpcClientProtocolClient (GrpcClientProtocolClient.java:onNext(255)) - client-969FB6DA8C9A->4fcc8d53-44cb-4faf-b915-5afa0c7529d4: receive RaftClientReply:client-969FB6DA8C9A->4fcc8d53-44cb-4faf-b915-5afa0c7529d4@group-6A615BAE1DD1, cid=1202, SUCCESS, logIndex=1635, commits[4fcc8d53-44cb-4faf-b915-5afa0c7529d4:c1635, 48aa5eb4-709c-4003-adb5-fbc02723cd23:c1631, 609a8cf1-6ad3-4123-b94a-106ad93148a8:c1631]
2019-09-05 09:23:13,738 | INFO  | DNAudit | user=null | ip=null | op=WRITE_CHUNK {blockData=conID: 2 locID: 102739173904024015 bcsId: 1635} | ret=SUCCESS |  
2019-09-05 09:23:13,740 | INFO  | DNAudit | user=null | ip=null | op=WRITE_CHUNK {blockData=conID: 2 locID: 102739173904024015 bcsId: 1629} | ret=SUCCESS |  
2019-09-05 09:23:13,740 | INFO  | DNAudit | user=null | ip=null | op=WRITE_CHUNK {blockData=conID: 2 locID: 102739173904024015 bcsId: 1629} | ret=SUCCESS |  
2019-09-05 09:23:13,741 | INFO  | DNAudit | user=null | ip=null | op=WRITE_CHUNK {blockData=conID: 2 locID: 102739173904024015 bcsId: 1635} | ret=SUCCESS |  
2019-09-05 09:23:13,741 | INFO  | DNAudit | user=null | ip=null | op=WRITE_CHUNK {blockData=conID: 2 locID: 102739173904024015 bcsId: 1635} | ret=SUCCESS |  
2019-09-05 09:23:13,748 | INFO  | DNAudit | user=null | ip=null | op=PUT_BLOCK {blockData=[blockId=conID: 2 locID: 102739173904024015 bcsId: 0,size=3145728]} | ret=SUCCESS |  
2019-09-05 09:23:13,748 | INFO  | DNAudit | user=null | ip=null | op=WRITE_CHUNK {blockData=conID: 2 locID: 102739173904024015 bcsId: 1635} | ret=SUCCESS |  
2019-09-05 09:23:13,749 | INFO  | DNAudit | user=null | ip=null | op=PUT_BLOCK {blockData=[blockId=conID: 2 locID: 102739173904024015 bcsId: 0,size=3145728]} | ret=SUCCESS |  
2019-09-05 09:23:13,749 | INFO  | DNAudit | user=null | ip=null | op=PUT_BLOCK {blockData=[blockId=conID: 2 locID: 102739173904024015 bcsId: 0,size=4194304]} | ret=SUCCESS |  
2019-09-05 09:23:13,749 [grpc-default-executor-0] INFO  client.GrpcClientProtocolClient (GrpcClientProtocolClient.java:onNext(255)) - client-969FB6DA8C9A->4fcc8d53-44cb-4faf-b915-5afa0c7529d4: receive RaftClientReply:client-969FB6DA8C9A->4fcc8d53-44cb-4faf-b915-5afa0c7529d4@group-6A615BAE1DD1, cid=1203, SUCCESS, logIndex=1638, commits[4fcc8d53-44cb-4faf-b915-5afa0c7529d4:c1639, 48aa5eb4-709c-4003-adb5-fbc02723cd23:c1634, 609a8cf1-6ad3-4123-b94a-106ad93148a8:c1635]
2019-09-05 09:23:13,749 [grpc-default-executor-0] INFO  client.GrpcClientProtocolClient (GrpcClientProtocolClient.java:onNext(255)) - client-969FB6DA8C9A->4fcc8d53-44cb-4faf-b915-5afa0c7529d4: receive RaftClientReply:client-969FB6DA8C9A->4fcc8d53-44cb-4faf-b915-5afa0c7529d4@group-6A615BAE1DD1, cid=1204, SUCCESS, logIndex=1639, commits[4fcc8d53-44cb-4faf-b915-5afa0c7529d4:c1639, 48aa5eb4-709c-4003-adb5-fbc02723cd23:c1635, 609a8cf1-6ad3-4123-b94a-106ad93148a8:c1635]
2019-09-05 09:23:13,756 | INFO  | DNAudit | user=null | ip=null | op=WRITE_CHUNK {blockData=conID: 2 locID: 102739173904024015 bcsId: 1635} | ret=SUCCESS |  
2019-09-05 09:23:13,756 | INFO  | DNAudit | user=null | ip=null | op=WRITE_CHUNK {blockData=conID: 2 locID: 102739173904024015 bcsId: 1635} | ret=SUCCESS |  
2019-09-05 09:23:13,757 | INFO  | DNAudit | user=null | ip=null | op=PUT_BLOCK {blockData=[blockId=conID: 2 locID: 102739173904024015 bcsId: 0,size=4194304]} | ret=SUCCESS |  
2019-09-05 09:23:13,757 | INFO  | DNAudit | user=null | ip=null | op=PUT_BLOCK {blockData=[blockId=conID: 2 locID: 102739173904024015 bcsId: 0,size=4194304]} | ret=SUCCESS |  
2019-09-05 09:23:13,757 [grpc-default-executor-0] INFO  client.GrpcClientProtocolClient (GrpcClientProtocolClient.java:onNext(255)) - client-969FB6DA8C9A->4fcc8d53-44cb-4faf-b915-5afa0c7529d4: receive RaftClientReply:client-969FB6DA8C9A->4fcc8d53-44cb-4faf-b915-5afa0c7529d4@group-6A615BAE1DD1, cid=1205, SUCCESS, logIndex=0, commits[4fcc8d53-44cb-4faf-b915-5afa0c7529d4:c1640, 48aa5eb4-709c-4003-adb5-fbc02723cd23:c1639, 609a8cf1-6ad3-4123-b94a-106ad93148a8:c1639]
2019-09-05 09:23:13,763 | INFO  | DNAudit | user=null | ip=null | op=WRITE_CHUNK {blockData=conID: 3 locID: 102739173904024016 bcsId: 0} | ret=SUCCESS |  
2019-09-05 09:23:13,766 | INFO  | DNAudit | user=null | ip=null | op=WRITE_CHUNK {blockData=conID: 3 locID: 102739173904024016 bcsId: 0} | ret=SUCCESS |  
2019-09-05 09:23:13,766 | INFO  | DNAudit | user=null | ip=null | op=WRITE_CHUNK {blockData=conID: 3 locID: 102739173904024016 bcsId: 0} | ret=SUCCESS |  
2019-09-05 09:23:13,767 | INFO  | DNAudit | user=null | ip=null | op=WRITE_CHUNK {blockData=conID: 3 locID: 102739173904024016 bcsId: 0} | ret=SUCCESS |  
2019-09-05 09:23:13,769 | INFO  | DNAudit | user=null | ip=null | op=WRITE_CHUNK {blockData=conID: 3 locID: 102739173904024016 bcsId: 0} | ret=SUCCESS |  
2019-09-05 09:23:13,769 | INFO  | DNAudit | user=null | ip=null | op=WRITE_CHUNK {blockData=conID: 3 locID: 102739173904024016 bcsId: 0} | ret=SUCCESS |  
2019-09-05 09:23:13,779 | INFO  | DNAudit | user=null | ip=null | op=WRITE_CHUNK {blockData=conID: 3 locID: 102739173904024016 bcsId: 0} | ret=SUCCESS |  
2019-09-05 09:23:13,779 | INFO  | DNAudit | user=null | ip=null | op=PUT_BLOCK {blockData=[blockId=conID: 3 locID: 102739173904024016 bcsId: 0,size=1048576]} | ret=SUCCESS |  
2019-09-05 09:23:13,779 [grpc-default-executor-5] INFO  client.GrpcClientProtocolClient (GrpcClientProtocolClient.java:onNext(255)) - client-969FB6DA8C9A->4fcc8d53-44cb-4faf-b915-5afa0c7529d4: receive RaftClientReply:client-969FB6DA8C9A->4fcc8d53-44cb-4faf-b915-5afa0c7529d4@group-6A615BAE1DD1, cid=1206, SUCCESS, logIndex=1642, commits[4fcc8d53-44cb-4faf-b915-5afa0c7529d4:c1643, 48aa5eb4-709c-4003-adb5-fbc02723cd23:c1641, 609a8cf1-6ad3-4123-b94a-106ad93148a8:c1641]
2019-09-05 09:23:13,780 [grpc-default-executor-5] INFO  client.GrpcClientProtocolClient (GrpcClientProtocolClient.java:onNext(255)) - client-969FB6DA8C9A->4fcc8d53-44cb-4faf-b915-5afa0c7529d4: receive RaftClientReply:client-969FB6DA8C9A->4fcc8d53-44cb-4faf-b915-5afa0c7529d4@group-6A615BAE1DD1, cid=1207, SUCCESS, logIndex=1643, commits[4fcc8d53-44cb-4faf-b915-5afa0c7529d4:c1643, 48aa5eb4-709c-4003-adb5-fbc02723cd23:c1641, 609a8cf1-6ad3-4123-b94a-106ad93148a8:c1641]
2019-09-05 09:23:13,801 | INFO  | DNAudit | user=null | ip=null | op=WRITE_CHUNK {blockData=conID: 3 locID: 102739173904024016 bcsId: 0} | ret=SUCCESS |  
2019-09-05 09:23:13,801 | INFO  | DNAudit | user=null | ip=null | op=PUT_BLOCK {blockData=[blockId=conID: 3 locID: 102739173904024016 bcsId: 0,size=2097152]} | ret=SUCCESS |  
2019-09-05 09:23:13,801 [grpc-default-executor-0] INFO  client.GrpcClientProtocolClient (GrpcClientProtocolClient.java:onNext(255)) - client-969FB6DA8C9A->4fcc8d53-44cb-4faf-b915-5afa0c7529d4: receive RaftClientReply:client-969FB6DA8C9A->4fcc8d53-44cb-4faf-b915-5afa0c7529d4@group-6A615BAE1DD1, cid=1208, SUCCESS, logIndex=1644, commits[4fcc8d53-44cb-4faf-b915-5afa0c7529d4:c1645, 48aa5eb4-709c-4003-adb5-fbc02723cd23:c1641, 609a8cf1-6ad3-4123-b94a-106ad93148a8:c1641]
2019-09-05 09:23:13,802 [grpc-default-executor-0] INFO  client.GrpcClientProtocolClient (GrpcClientProtocolClient.java:onNext(255)) - client-969FB6DA8C9A->4fcc8d53-44cb-4faf-b915-5afa0c7529d4: receive RaftClientReply:client-969FB6DA8C9A->4fcc8d53-44cb-4faf-b915-5afa0c7529d4@group-6A615BAE1DD1, cid=1209, SUCCESS, logIndex=1645, commits[4fcc8d53-44cb-4faf-b915-5afa0c7529d4:c1645, 48aa5eb4-709c-4003-adb5-fbc02723cd23:c1641, 609a8cf1-6ad3-4123-b94a-106ad93148a8:c1641]
2019-09-05 09:23:13,802 | INFO  | DNAudit | user=null | ip=null | op=WRITE_CHUNK {blockData=conID: 3 locID: 102739173904024016 bcsId: 0} | ret=SUCCESS |  
2019-09-05 09:23:13,802 | INFO  | DNAudit | user=null | ip=null | op=PUT_BLOCK {blockData=[blockId=conID: 3 locID: 102739173904024016 bcsId: 0,size=1048576]} | ret=SUCCESS |  
2019-09-05 09:23:13,803 | INFO  | DNAudit | user=null | ip=null | op=WRITE_CHUNK {blockData=conID: 3 locID: 102739173904024016 bcsId: 0} | ret=SUCCESS |  
2019-09-05 09:23:13,803 | INFO  | DNAudit | user=null | ip=null | op=PUT_BLOCK {blockData=[blockId=conID: 3 locID: 102739173904024016 bcsId: 0,size=1048576]} | ret=SUCCESS |  
2019-09-05 09:23:13,803 | INFO  | DNAudit | user=null | ip=null | op=WRITE_CHUNK {blockData=conID: 3 locID: 102739173904024016 bcsId: 0} | ret=SUCCESS |  
2019-09-05 09:23:13,803 | INFO  | DNAudit | user=null | ip=null | op=WRITE_CHUNK {blockData=conID: 3 locID: 102739173904024016 bcsId: 0} | ret=SUCCESS |  
2019-09-05 09:23:13,803 | INFO  | DNAudit | user=null | ip=null | op=PUT_BLOCK {blockData=[blockId=conID: 3 locID: 102739173904024016 bcsId: 0,size=2097152]} | ret=SUCCESS |  
2019-09-05 09:23:13,803 [grpc-default-executor-5] INFO  client.GrpcClientProtocolClient (GrpcClientProtocolClient.java:onNext(255)) - client-969FB6DA8C9A->4fcc8d53-44cb-4faf-b915-5afa0c7529d4: receive RaftClientReply:client-969FB6DA8C9A->4fcc8d53-44cb-4faf-b915-5afa0c7529d4@group-6A615BAE1DD1, cid=1210, SUCCESS, logIndex=0, commits[4fcc8d53-44cb-4faf-b915-5afa0c7529d4:c1647, 48aa5eb4-709c-4003-adb5-fbc02723cd23:c1643, 609a8cf1-6ad3-4123-b94a-106ad93148a8:c1643]
2019-09-05 09:23:13,804 | INFO  | DNAudit | user=null | ip=null | op=PUT_BLOCK {blockData=[blockId=conID: 3 locID: 102739173904024016 bcsId: 0,size=2097152]} | ret=SUCCESS |  
2019-09-05 09:23:13,809 | INFO  | DNAudit | user=null | ip=null | op=WRITE_CHUNK {blockData=conID: 3 locID: 102739173904024016 bcsId: 1645} | ret=SUCCESS |  
2019-09-05 09:23:13,811 | INFO  | DNAudit | user=null | ip=null | op=WRITE_CHUNK {blockData=conID: 3 locID: 102739173904024016 bcsId: 1645} | ret=SUCCESS |  
2019-09-05 09:23:13,811 | INFO  | DNAudit | user=null | ip=null | op=WRITE_CHUNK {blockData=conID: 3 locID: 102739173904024016 bcsId: 1645} | ret=SUCCESS |  
2019-09-05 09:23:13,836 | INFO  | DNAudit | user=null | ip=null | op=WRITE_CHUNK {blockData=conID: 3 locID: 102739173904024016 bcsId: 1645} | ret=SUCCESS |  
2019-09-05 09:23:13,837 | INFO  | DNAudit | user=null | ip=null | op=PUT_BLOCK {blockData=[blockId=conID: 3 locID: 102739173904024016 bcsId: 0,size=3145728]} | ret=SUCCESS |  
2019-09-05 09:23:13,837 [grpc-default-executor-0] INFO  client.GrpcClientProtocolClient (GrpcClientProtocolClient.java:onNext(255)) - client-969FB6DA8C9A->4fcc8d53-44cb-4faf-b915-5afa0c7529d4: receive RaftClientReply:client-969FB6DA8C9A->4fcc8d53-44cb-4faf-b915-5afa0c7529d4@group-6A615BAE1DD1, cid=1211, SUCCESS, logIndex=1650, commits[4fcc8d53-44cb-4faf-b915-5afa0c7529d4:c1651, 48aa5eb4-709c-4003-adb5-fbc02723cd23:c1649, 609a8cf1-6ad3-4123-b94a-106ad93148a8:c1649]
2019-09-05 09:23:13,837 [grpc-default-executor-0] INFO  client.GrpcClientProtocolClient (GrpcClientProtocolClient.java:onNext(255)) - client-969FB6DA8C9A->4fcc8d53-44cb-4faf-b915-5afa0c7529d4: receive RaftClientReply:client-969FB6DA8C9A->4fcc8d53-44cb-4faf-b915-5afa0c7529d4@group-6A615BAE1DD1, cid=1212, SUCCESS, logIndex=1651, commits[4fcc8d53-44cb-4faf-b915-5afa0c7529d4:c1651, 48aa5eb4-709c-4003-adb5-fbc02723cd23:c1649, 609a8cf1-6ad3-4123-b94a-106ad93148a8:c1649]
2019-09-05 09:23:13,842 | INFO  | DNAudit | user=null | ip=null | op=WRITE_CHUNK {blockData=conID: 3 locID: 102739173904024016 bcsId: 1651} | ret=SUCCESS |  
2019-09-05 09:23:13,994 | INFO  | DNAudit | user=null | ip=null | op=WRITE_CHUNK {blockData=conID: 3 locID: 102739173904024016 bcsId: 1645} | ret=SUCCESS |  
2019-09-05 09:23:13,994 | INFO  | DNAudit | user=null | ip=null | op=WRITE_CHUNK {blockData=conID: 3 locID: 102739173904024016 bcsId: 1645} | ret=SUCCESS |  
2019-09-05 09:23:13,995 | INFO  | DNAudit | user=null | ip=null | op=PUT_BLOCK {blockData=[blockId=conID: 3 locID: 102739173904024016 bcsId: 0,size=3145728]} | ret=SUCCESS |  
2019-09-05 09:23:13,996 | INFO  | DNAudit | user=null | ip=null | op=WRITE_CHUNK {blockData=conID: 3 locID: 102739173904024016 bcsId: 1651} | ret=SUCCESS |  
2019-09-05 09:23:13,996 | INFO  | DNAudit | user=null | ip=null | op=WRITE_CHUNK {blockData=conID: 3 locID: 102739173904024016 bcsId: 1651} | ret=SUCCESS |  
2019-09-05 09:23:14,007 | INFO  | DNAudit | user=null | ip=null | op=PUT_BLOCK {blockData=[blockId=conID: 3 locID: 102739173904024016 bcsId: 0,size=3145728]} | ret=SUCCESS |  
2019-09-05 09:23:14,022 | INFO  | DNAudit | user=null | ip=null | op=WRITE_CHUNK {blockData=conID: 3 locID: 102739173904024016 bcsId: 1651} | ret=SUCCESS |  
2019-09-05 09:23:14,023 | INFO  | DNAudit | user=null | ip=null | op=PUT_BLOCK {blockData=[blockId=conID: 3 locID: 102739173904024016 bcsId: 0,size=4194304]} | ret=SUCCESS |  
2019-09-05 09:23:14,023 [grpc-default-executor-5] INFO  client.GrpcClientProtocolClient (GrpcClientProtocolClient.java:onNext(255)) - client-969FB6DA8C9A->4fcc8d53-44cb-4faf-b915-5afa0c7529d4: receive RaftClientReply:client-969FB6DA8C9A->4fcc8d53-44cb-4faf-b915-5afa0c7529d4@group-6A615BAE1DD1, cid=1213, SUCCESS, logIndex=1654, commits[4fcc8d53-44cb-4faf-b915-5afa0c7529d4:c1655, 48aa5eb4-709c-4003-adb5-fbc02723cd23:c1651, 609a8cf1-6ad3-4123-b94a-106ad93148a8:c1651]
2019-09-05 09:23:14,024 [grpc-default-executor-5] INFO  client.GrpcClientProtocolClient (GrpcClientProtocolClient.java:onNext(255)) - client-969FB6DA8C9A->4fcc8d53-44cb-4faf-b915-5afa0c7529d4: receive RaftClientReply:client-969FB6DA8C9A->4fcc8d53-44cb-4faf-b915-5afa0c7529d4@group-6A615BAE1DD1, cid=1214, SUCCESS, logIndex=1655, commits[4fcc8d53-44cb-4faf-b915-5afa0c7529d4:c1655, 48aa5eb4-709c-4003-adb5-fbc02723cd23:c1651, 609a8cf1-6ad3-4123-b94a-106ad93148a8:c1651]
 0.00% |█                                                                                                    |  0/1 Time: 0:00:112019-09-05 09:23:14,028 | INFO  | DNAudit | user=null | ip=null | op=WRITE_CHUNK {blockData=conID: 3 locID: 102739173904024016 bcsId: 1651} | ret=SUCCESS |  
2019-09-05 09:23:14,028 | INFO  | DNAudit | user=null | ip=null | op=WRITE_CHUNK {blockData=conID: 3 locID: 102739173904024016 bcsId: 1651} | ret=SUCCESS |  
2019-09-05 09:23:14,029 | INFO  | DNAudit | user=null | ip=null | op=PUT_BLOCK {blockData=[blockId=conID: 3 locID: 102739173904024016 bcsId: 0,size=4194304]} | ret=SUCCESS |  
2019-09-05 09:23:14,030 | INFO  | DNAudit | user=null | ip=null | op=PUT_BLOCK {blockData=[blockId=conID: 3 locID: 102739173904024016 bcsId: 0,size=4194304]} | ret=SUCCESS |  
2019-09-05 09:23:14,031 [grpc-default-executor-5] INFO  client.GrpcClientProtocolClient (GrpcClientProtocolClient.java:onNext(255)) - client-969FB6DA8C9A->4fcc8d53-44cb-4faf-b915-5afa0c7529d4: receive RaftClientReply:client-969FB6DA8C9A->4fcc8d53-44cb-4faf-b915-5afa0c7529d4@group-6A615BAE1DD1, cid=1215, SUCCESS, logIndex=0, commits[4fcc8d53-44cb-4faf-b915-5afa0c7529d4:c1657, 48aa5eb4-709c-4003-adb5-fbc02723cd23:c1655, 609a8cf1-6ad3-4123-b94a-106ad93148a8:c1655]
2019-09-05 09:23:14,040 | INFO  | DNAudit | user=null | ip=null | op=WRITE_CHUNK {blockData=conID: 1 locID: 102739173904024017 bcsId: 0} | ret=SUCCESS |  
2019-09-05 09:23:14,044 | INFO  | DNAudit | user=null | ip=null | op=WRITE_CHUNK {blockData=conID: 1 locID: 102739173904024017 bcsId: 0} | ret=SUCCESS |  
2019-09-05 09:23:14,044 | INFO  | DNAudit | user=null | ip=null | op=WRITE_CHUNK {blockData=conID: 1 locID: 102739173904024017 bcsId: 0} | ret=SUCCESS |  
2019-09-05 09:23:14,047 | INFO  | DNAudit | user=null | ip=null | op=WRITE_CHUNK {blockData=conID: 1 locID: 102739173904024017 bcsId: 0} | ret=SUCCESS |  
2019-09-05 09:23:14,051 | INFO  | DNAudit | user=null | ip=null | op=WRITE_CHUNK {blockData=conID: 1 locID: 102739173904024017 bcsId: 0} | ret=SUCCESS |  
2019-09-05 09:23:14,053 | INFO  | DNAudit | user=null | ip=null | op=WRITE_CHUNK {blockData=conID: 1 locID: 102739173904024017 bcsId: 0} | ret=SUCCESS |  
2019-09-05 09:23:14,054 | INFO  | SCMAudit | user=jenkins1000 | ip=192.168.36.69 | op=SEND_HEARTBEAT {datanodeUUID=609a8cf1-6ad3-4123-b94a-106ad93148a8, command=[]} | ret=SUCCESS |  
2019-09-05 09:23:14,054 | INFO  | SCMAudit | user=jenkins1000 | ip=192.168.36.69 | op=SEND_HEARTBEAT {datanodeUUID=4fcc8d53-44cb-4faf-b915-5afa0c7529d4, command=[]} | ret=SUCCESS |  
2019-09-05 09:23:14,055 | INFO  | SCMAudit | user=jenkins1000 | ip=192.168.36.69 | op=SEND_HEARTBEAT {datanodeUUID=48aa5eb4-709c-4003-adb5-fbc02723cd23, command=[]} | ret=SUCCESS |  
2019-09-05 09:23:14,068 | INFO  | DNAudit | user=null | ip=null | op=WRITE_CHUNK {blockData=conID: 1 locID: 102739173904024017 bcsId: 0} | ret=SUCCESS |  
2019-09-05 09:23:14,069 | INFO  | DNAudit | user=null | ip=null | op=PUT_BLOCK {blockData=[blockId=conID: 1 locID: 102739173904024017 bcsId: 0,size=1048576]} | ret=SUCCESS |  
2019-09-05 09:23:14,069 | INFO  | DNAudit | user=null | ip=null | op=WRITE_CHUNK {blockData=conID: 1 locID: 102739173904024017 bcsId: 0} | ret=SUCCESS |  
2019-09-05 09:23:14,069 | INFO  | DNAudit | user=null | ip=null | op=WRITE_CHUNK {blockData=conID: 1 locID: 102739173904024017 bcsId: 0} | ret=SUCCESS |  
2019-09-05 09:23:14,070 | INFO  | DNAudit | user=null | ip=null | op=WRITE_CHUNK {blockData=conID: 1 locID: 102739173904024017 bcsId: 0} | ret=SUCCESS |  
2019-09-05 09:23:14,070 [grpc-default-executor-3] INFO  client.GrpcClientProtocolClient (GrpcClientProtocolClient.java:onNext(255)) - client-969FB6DA8C9A->4fcc8d53-44cb-4faf-b915-5afa0c7529d4: receive RaftClientReply:client-969FB6DA8C9A->4fcc8d53-44cb-4faf-b915-5afa0c7529d4@group-6A615BAE1DD1, cid=1216, SUCCESS, logIndex=1658, commits[4fcc8d53-44cb-4faf-b915-5afa0c7529d4:c1658, 48aa5eb4-709c-4003-adb5-fbc02723cd23:c1657, 609a8cf1-6ad3-4123-b94a-106ad93148a8:c1657]
2019-09-05 09:23:14,070 | INFO  | DNAudit | user=null | ip=null | op=PUT_BLOCK {blockData=[blockId=conID: 1 locID: 102739173904024017 bcsId: 0,size=2097152]} | ret=SUCCESS |  
2019-09-05 09:23:14,071 | INFO  | DNAudit | user=null | ip=null | op=PUT_BLOCK {blockData=[blockId=conID: 1 locID: 102739173904024017 bcsId: 0,size=1048576]} | ret=SUCCESS |  
2019-09-05 09:23:14,071 | INFO  | DNAudit | user=null | ip=null | op=PUT_BLOCK {blockData=[blockId=conID: 1 locID: 102739173904024017 bcsId: 0,size=1048576]} | ret=SUCCESS |  
2019-09-05 09:23:14,071 [grpc-default-executor-3] INFO  client.GrpcClientProtocolClient (GrpcClientProtocolClient.java:onNext(255)) - client-969FB6DA8C9A->4fcc8d53-44cb-4faf-b915-5afa0c7529d4: receive RaftClientReply:client-969FB6DA8C9A->4fcc8d53-44cb-4faf-b915-5afa0c7529d4@group-6A615BAE1DD1, cid=1217, SUCCESS, logIndex=1659, commits[4fcc8d53-44cb-4faf-b915-5afa0c7529d4:c1661, 48aa5eb4-709c-4003-adb5-fbc02723cd23:c1657, 609a8cf1-6ad3-4123-b94a-106ad93148a8:c1657]
2019-09-05 09:23:14,071 | INFO  | DNAudit | user=null | ip=null | op=WRITE_CHUNK {blockData=conID: 1 locID: 102739173904024017 bcsId: 0} | ret=SUCCESS |  
2019-09-05 09:23:14,071 | INFO  | DNAudit | user=null | ip=null | op=WRITE_CHUNK {blockData=conID: 1 locID: 102739173904024017 bcsId: 0} | ret=SUCCESS |  
2019-09-05 09:23:14,071 [grpc-default-executor-5] INFO  client.GrpcClientProtocolClient (GrpcClientProtocolClient.java:onNext(255)) - client-969FB6DA8C9A->4fcc8d53-44cb-4faf-b915-5afa0c7529d4: receive RaftClientReply:client-969FB6DA8C9A->4fcc8d53-44cb-4faf-b915-5afa0c7529d4@group-6A615BAE1DD1, cid=1218, SUCCESS, logIndex=1660, commits[4fcc8d53-44cb-4faf-b915-5afa0c7529d4:c1661, 48aa5eb4-709c-4003-adb5-fbc02723cd23:c1657, 609a8cf1-6ad3-4123-b94a-106ad93148a8:c1657]
2019-09-05 09:23:14,071 [grpc-default-executor-5] INFO  client.GrpcClientProtocolClient (GrpcClientProtocolClient.java:onNext(255)) - client-969FB6DA8C9A->4fcc8d53-44cb-4faf-b915-5afa0c7529d4: receive RaftClientReply:client-969FB6DA8C9A->4fcc8d53-44cb-4faf-b915-5afa0c7529d4@group-6A615BAE1DD1, cid=1219, SUCCESS, logIndex=1661, commits[4fcc8d53-44cb-4faf-b915-5afa0c7529d4:c1661, 48aa5eb4-709c-4003-adb5-fbc02723cd23:c1657, 609a8cf1-6ad3-4123-b94a-106ad93148a8:c1657]
2019-09-05 09:23:14,072 | INFO  | DNAudit | user=null | ip=null | op=PUT_BLOCK {blockData=[blockId=conID: 1 locID: 102739173904024017 bcsId: 0,size=2097152]} | ret=SUCCESS |  
2019-09-05 09:23:14,072 [grpc-default-executor-5] INFO  client.GrpcClientProtocolClient (GrpcClientProtocolClient.java:onNext(255)) - client-969FB6DA8C9A->4fcc8d53-44cb-4faf-b915-5afa0c7529d4: receive RaftClientReply:client-969FB6DA8C9A->4fcc8d53-44cb-4faf-b915-5afa0c7529d4@group-6A615BAE1DD1, cid=1220, SUCCESS, logIndex=0, commits[4fcc8d53-44cb-4faf-b915-5afa0c7529d4:c1665, 48aa5eb4-709c-4003-adb5-fbc02723cd23:c1661, 609a8cf1-6ad3-4123-b94a-106ad93148a8:c1660]
2019-09-05 09:23:14,081 | INFO  | DNAudit | user=null | ip=null | op=WRITE_CHUNK {blockData=conID: 1 locID: 102739173904024017 bcsId: 1661} | ret=SUCCESS |  
2019-09-05 09:23:14,084 | INFO  | DNAudit | user=null | ip=null | op=WRITE_CHUNK {blockData=conID: 1 locID: 102739173904024017 bcsId: 1661} | ret=SUCCESS |  
2019-09-05 09:23:14,085 | INFO  | DNAudit | user=null | ip=null | op=WRITE_CHUNK {blockData=conID: 1 locID: 102739173904024017 bcsId: 1661} | ret=SUCCESS |  
2019-09-05 09:23:14,088 | INFO  | DNAudit | user=null | ip=null | op=PUT_BLOCK {blockData=[blockId=conID: 1 locID: 102739173904024017 bcsId: 0,size=2097152]} | ret=SUCCESS |  
2019-09-05 09:23:14,089 | INFO  | DNAudit | user=null | ip=null | op=WRITE_CHUNK {blockData=conID: 1 locID: 102739173904024017 bcsId: 1661} | ret=SUCCESS |  
2019-09-05 09:23:14,090 | INFO  | DNAudit | user=null | ip=null | op=PUT_BLOCK {blockData=[blockId=conID: 1 locID: 102739173904024017 bcsId: 0,size=3145728]} | ret=SUCCESS |  
2019-09-05 09:23:14,090 [grpc-default-executor-0] INFO  client.GrpcClientProtocolClient (GrpcClientProtocolClient.java:onNext(255)) - client-969FB6DA8C9A->4fcc8d53-44cb-4faf-b915-5afa0c7529d4: receive RaftClientReply:client-969FB6DA8C9A->4fcc8d53-44cb-4faf-b915-5afa0c7529d4@group-6A615BAE1DD1, cid=1221, SUCCESS, logIndex=1666, commits[4fcc8d53-44cb-4faf-b915-5afa0c7529d4:c1667, 48aa5eb4-709c-4003-adb5-fbc02723cd23:c1665, 609a8cf1-6ad3-4123-b94a-106ad93148a8:c1665]
2019-09-05 09:23:14,090 [grpc-default-executor-0] INFO  client.GrpcClientProtocolClient (GrpcClientProtocolClient.java:onNext(255)) - client-969FB6DA8C9A->4fcc8d53-44cb-4faf-b915-5afa0c7529d4: receive RaftClientReply:client-969FB6DA8C9A->4fcc8d53-44cb-4faf-b915-5afa0c7529d4@group-6A615BAE1DD1, cid=1222, SUCCESS, logIndex=1667, commits[4fcc8d53-44cb-4faf-b915-5afa0c7529d4:c1667, 48aa5eb4-709c-4003-adb5-fbc02723cd23:c1665, 609a8cf1-6ad3-4123-b94a-106ad93148a8:c1665]
2019-09-05 09:23:14,097 | INFO  | DNAudit | user=null | ip=null | op=WRITE_CHUNK {blockData=conID: 1 locID: 102739173904024017 bcsId: 1667} | ret=SUCCESS |  
2019-09-05 09:23:14,099 | INFO  | DNAudit | user=null | ip=null | op=WRITE_CHUNK {blockData=conID: 1 locID: 102739173904024017 bcsId: 1667} | ret=SUCCESS |  
2019-09-05 09:23:14,099 | INFO  | DNAudit | user=null | ip=null | op=WRITE_CHUNK {blockData=conID: 1 locID: 102739173904024017 bcsId: 1667} | ret=SUCCESS |  
2019-09-05 09:23:14,105 | INFO  | DNAudit | user=null | ip=null | op=WRITE_CHUNK {blockData=conID: 1 locID: 102739173904024017 bcsId: 1661} | ret=SUCCESS |  
2019-09-05 09:23:14,105 | INFO  | DNAudit | user=null | ip=null | op=WRITE_CHUNK {blockData=conID: 1 locID: 102739173904024017 bcsId: 1661} | ret=SUCCESS |  
2019-09-05 09:23:14,106 | INFO  | DNAudit | user=null | ip=null | op=PUT_BLOCK {blockData=[blockId=conID: 1 locID: 102739173904024017 bcsId: 0,size=3145728]} | ret=SUCCESS |  
2019-09-05 09:23:14,106 | INFO  | DNAudit | user=null | ip=null | op=PUT_BLOCK {blockData=[blockId=conID: 1 locID: 102739173904024017 bcsId: 0,size=3145728]} | ret=SUCCESS |  
2019-09-05 09:23:14,108 | INFO  | DNAudit | user=null | ip=null | op=WRITE_CHUNK {blockData=conID: 1 locID: 102739173904024017 bcsId: 1667} | ret=SUCCESS |  
2019-09-05 09:23:14,108 | INFO  | DNAudit | user=null | ip=null | op=PUT_BLOCK {blockData=[blockId=conID: 1 locID: 102739173904024017 bcsId: 0,size=4194304]} | ret=SUCCESS |  
2019-09-05 09:23:14,108 [grpc-default-executor-0] INFO  client.GrpcClientProtocolClient (GrpcClientProtocolClient.java:onNext(255)) - client-969FB6DA8C9A->4fcc8d53-44cb-4faf-b915-5afa0c7529d4: receive RaftClientReply:client-969FB6DA8C9A->4fcc8d53-44cb-4faf-b915-5afa0c7529d4@group-6A615BAE1DD1, cid=1223, SUCCESS, logIndex=1670, commits[4fcc8d53-44cb-4faf-b915-5afa0c7529d4:c1671, 48aa5eb4-709c-4003-adb5-fbc02723cd23:c1667, 609a8cf1-6ad3-4123-b94a-106ad93148a8:c1667]
2019-09-05 09:23:14,108 [grpc-default-executor-0] INFO  client.GrpcClientProtocolClient (GrpcClientProtocolClient.java:onNext(255)) - client-969FB6DA8C9A->4fcc8d53-44cb-4faf-b915-5afa0c7529d4: receive RaftClientReply:client-969FB6DA8C9A->4fcc8d53-44cb-4faf-b915-5afa0c7529d4@group-6A615BAE1DD1, cid=1224, SUCCESS, logIndex=1671, commits[4fcc8d53-44cb-4faf-b915-5afa0c7529d4:c1671, 48aa5eb4-709c-4003-adb5-fbc02723cd23:c1667, 609a8cf1-6ad3-4123-b94a-106ad93148a8:c1667]
2019-09-05 09:23:14,135 | INFO  | DNAudit | user=null | ip=null | op=WRITE_CHUNK {blockData=conID: 1 locID: 102739173904024017 bcsId: 1667} | ret=SUCCESS |  
2019-09-05 09:23:14,135 | INFO  | DNAudit | user=null | ip=null | op=WRITE_CHUNK {blockData=conID: 1 locID: 102739173904024017 bcsId: 1667} | ret=SUCCESS |  
2019-09-05 09:23:14,135 | INFO  | DNAudit | user=null | ip=null | op=PUT_BLOCK {blockData=[blockId=conID: 1 locID: 102739173904024017 bcsId: 0,size=4194304]} | ret=SUCCESS |  
2019-09-05 09:23:14,136 | INFO  | DNAudit | user=null | ip=null | op=PUT_BLOCK {blockData=[blockId=conID: 1 locID: 102739173904024017 bcsId: 0,size=4194304]} | ret=SUCCESS |  
2019-09-05 09:23:14,137 [grpc-default-executor-0] INFO  client.GrpcClientProtocolClient (GrpcClientProtocolClient.java:onNext(255)) - client-969FB6DA8C9A->4fcc8d53-44cb-4faf-b915-5afa0c7529d4: receive RaftClientReply:client-969FB6DA8C9A->4fcc8d53-44cb-4faf-b915-5afa0c7529d4@group-6A615BAE1DD1, cid=1225, SUCCESS, logIndex=0, commits[4fcc8d53-44cb-4faf-b915-5afa0c7529d4:c1673, 48aa5eb4-709c-4003-adb5-fbc02723cd23:c1671, 609a8cf1-6ad3-4123-b94a-106ad93148a8:c1671]
2019-09-05 09:23:14,144 | INFO  | DNAudit | user=null | ip=null | op=WRITE_CHUNK {blockData=conID: 2 locID: 102739173904024018 bcsId: 0} | ret=SUCCESS |  
2019-09-05 09:23:14,147 | INFO  | DNAudit | user=null | ip=null | op=WRITE_CHUNK {blockData=conID: 2 locID: 102739173904024018 bcsId: 0} | ret=SUCCESS |  
2019-09-05 09:23:14,147 | INFO  | DNAudit | user=null | ip=null | op=WRITE_CHUNK {blockData=conID: 2 locID: 102739173904024018 bcsId: 0} | ret=SUCCESS |  
2019-09-05 09:23:14,147 | INFO  | DNAudit | user=null | ip=null | op=WRITE_CHUNK {blockData=conID: 2 locID: 102739173904024018 bcsId: 0} | ret=SUCCESS |  
2019-09-05 09:23:14,148 | INFO  | DNAudit | user=null | ip=null | op=WRITE_CHUNK {blockData=conID: 2 locID: 102739173904024018 bcsId: 0} | ret=SUCCESS |  
2019-09-05 09:23:14,149 | INFO  | DNAudit | user=null | ip=null | op=WRITE_CHUNK {blockData=conID: 2 locID: 102739173904024018 bcsId: 0} | ret=SUCCESS |  
2019-09-05 09:23:14,238 | INFO  | SCMAudit | user=jenkins1000 | ip=192.168.36.69 | op=SEND_HEARTBEAT {datanodeUUID=5b6cff60-1414-40d6-b682-781dc5ff3023, command=[]} | ret=SUCCESS |  
2019-09-05 09:23:14,242 | INFO  | DNAudit | user=null | ip=null | op=WRITE_CHUNK {blockData=conID: 2 locID: 102739173904024018 bcsId: 0} | ret=SUCCESS |  
2019-09-05 09:23:14,243 | INFO  | DNAudit | user=null | ip=null | op=PUT_BLOCK {blockData=[blockId=conID: 2 locID: 102739173904024018 bcsId: 0,size=1048576]} | ret=SUCCESS |  
2019-09-05 09:23:14,243 | INFO  | DNAudit | user=null | ip=null | op=WRITE_CHUNK {blockData=conID: 2 locID: 102739173904024018 bcsId: 0} | ret=SUCCESS |  
2019-09-05 09:23:14,243 [grpc-default-executor-4] INFO  client.GrpcClientProtocolClient (GrpcClientProtocolClient.java:onNext(255)) - client-969FB6DA8C9A->4fcc8d53-44cb-4faf-b915-5afa0c7529d4: receive RaftClientReply:client-969FB6DA8C9A->4fcc8d53-44cb-4faf-b915-5afa0c7529d4@group-6A615BAE1DD1, cid=1226, SUCCESS, logIndex=1674, commits[4fcc8d53-44cb-4faf-b915-5afa0c7529d4:c1676, 48aa5eb4-709c-4003-adb5-fbc02723cd23:c1673, 609a8cf1-6ad3-4123-b94a-106ad93148a8:c1673]
2019-09-05 09:23:14,243 | INFO  | DNAudit | user=null | ip=null | op=PUT_BLOCK {blockData=[blockId=conID: 2 locID: 102739173904024018 bcsId: 0,size=2097152]} | ret=SUCCESS |  
2019-09-05 09:23:14,244 [grpc-default-executor-4] INFO  client.GrpcClientProtocolClient (GrpcClientProtocolClient.java:onNext(255)) - client-969FB6DA8C9A->4fcc8d53-44cb-4faf-b915-5afa0c7529d4: receive RaftClientReply:client-969FB6DA8C9A->4fcc8d53-44cb-4faf-b915-5afa0c7529d4@group-6A615BAE1DD1, cid=1227, SUCCESS, logIndex=1675, commits[4fcc8d53-44cb-4faf-b915-5afa0c7529d4:c1677, 48aa5eb4-709c-4003-adb5-fbc02723cd23:c1673, 609a8cf1-6ad3-4123-b94a-106ad93148a8:c1673]
2019-09-05 09:23:14,244 [grpc-default-executor-4] INFO  client.GrpcClientProtocolClient (GrpcClientProtocolClient.java:onNext(255)) - client-969FB6DA8C9A->4fcc8d53-44cb-4faf-b915-5afa0c7529d4: receive RaftClientReply:client-969FB6DA8C9A->4fcc8d53-44cb-4faf-b915-5afa0c7529d4@group-6A615BAE1DD1, cid=1228, SUCCESS, logIndex=1676, commits[4fcc8d53-44cb-4faf-b915-5afa0c7529d4:c1677, 48aa5eb4-709c-4003-adb5-fbc02723cd23:c1673, 609a8cf1-6ad3-4123-b94a-106ad93148a8:c1673]
2019-09-05 09:23:14,245 [grpc-default-executor-4] INFO  client.GrpcClientProtocolClient (GrpcClientProtocolClient.java:onNext(255)) - client-969FB6DA8C9A->4fcc8d53-44cb-4faf-b915-5afa0c7529d4: receive RaftClientReply:client-969FB6DA8C9A->4fcc8d53-44cb-4faf-b915-5afa0c7529d4@group-6A615BAE1DD1, cid=1229, SUCCESS, logIndex=1677, commits[4fcc8d53-44cb-4faf-b915-5afa0c7529d4:c1677, 48aa5eb4-709c-4003-adb5-fbc02723cd23:c1673, 609a8cf1-6ad3-4123-b94a-106ad93148a8:c1673]
2019-09-05 09:23:14,264 | INFO  | DNAudit | user=null | ip=null | op=WRITE_CHUNK {blockData=conID: 2 locID: 102739173904024018 bcsId: 0} | ret=SUCCESS |  
2019-09-05 09:23:14,264 | INFO  | DNAudit | user=null | ip=null | op=WRITE_CHUNK {blockData=conID: 2 locID: 102739173904024018 bcsId: 0} | ret=SUCCESS |  
2019-09-05 09:23:14,265 | INFO  | DNAudit | user=null | ip=null | op=PUT_BLOCK {blockData=[blockId=conID: 2 locID: 102739173904024018 bcsId: 0,size=1048576]} | ret=SUCCESS |  
2019-09-05 09:23:14,265 | INFO  | DNAudit | user=null | ip=null | op=PUT_BLOCK {blockData=[blockId=conID: 2 locID: 102739173904024018 bcsId: 0,size=1048576]} | ret=SUCCESS |  
2019-09-05 09:23:14,265 [grpc-default-executor-5] INFO  client.GrpcClientProtocolClient (GrpcClientProtocolClient.java:onNext(255)) - client-969FB6DA8C9A->4fcc8d53-44cb-4faf-b915-5afa0c7529d4: receive RaftClientReply:client-969FB6DA8C9A->4fcc8d53-44cb-4faf-b915-5afa0c7529d4@group-6A615BAE1DD1, cid=1230, SUCCESS, logIndex=0, commits[4fcc8d53-44cb-4faf-b915-5afa0c7529d4:c1678, 48aa5eb4-709c-4003-adb5-fbc02723cd23:c1675, 609a8cf1-6ad3-4123-b94a-106ad93148a8:c1675]
2019-09-05 09:23:14,265 | INFO  | DNAudit | user=null | ip=null | op=WRITE_CHUNK {blockData=conID: 2 locID: 102739173904024018 bcsId: 0} | ret=SUCCESS |  
2019-09-05 09:23:14,266 | INFO  | DNAudit | user=null | ip=null | op=WRITE_CHUNK {blockData=conID: 2 locID: 102739173904024018 bcsId: 0} | ret=SUCCESS |  
2019-09-05 09:23:14,266 | INFO  | DNAudit | user=null | ip=null | op=PUT_BLOCK {blockData=[blockId=conID: 2 locID: 102739173904024018 bcsId: 0,size=2097152]} | ret=SUCCESS |  
2019-09-05 09:23:14,266 | INFO  | DNAudit | user=null | ip=null | op=PUT_BLOCK {blockData=[blockId=conID: 2 locID: 102739173904024018 bcsId: 0,size=2097152]} | ret=SUCCESS |  
2019-09-05 09:23:14,275 | INFO  | DNAudit | user=null | ip=null | op=WRITE_CHUNK {blockData=conID: 2 locID: 102739173904024018 bcsId: 1677} | ret=SUCCESS |  
2019-09-05 09:23:14,277 | INFO  | DNAudit | user=null | ip=null | op=WRITE_CHUNK {blockData=conID: 2 locID: 102739173904024018 bcsId: 1677} | ret=SUCCESS |  
2019-09-05 09:23:14,278 | INFO  | DNAudit | user=null | ip=null | op=WRITE_CHUNK {blockData=conID: 2 locID: 102739173904024018 bcsId: 1677} | ret=SUCCESS |  
2019-09-05 09:23:14,304 | INFO  | DNAudit | user=null | ip=null | op=WRITE_CHUNK {blockData=conID: 2 locID: 102739173904024018 bcsId: 1677} | ret=SUCCESS |  
2019-09-05 09:23:14,304 | INFO  | DNAudit | user=null | ip=null | op=PUT_BLOCK {blockData=[blockId=conID: 2 locID: 102739173904024018 bcsId: 0,size=3145728]} | ret=SUCCESS |  
2019-09-05 09:23:14,304 [grpc-default-executor-5] INFO  client.GrpcClientProtocolClient (GrpcClientProtocolClient.java:onNext(255)) - client-969FB6DA8C9A->4fcc8d53-44cb-4faf-b915-5afa0c7529d4: receive RaftClientReply:client-969FB6DA8C9A->4fcc8d53-44cb-4faf-b915-5afa0c7529d4@group-6A615BAE1DD1, cid=1231, SUCCESS, logIndex=1682, commits[4fcc8d53-44cb-4faf-b915-5afa0c7529d4:c1683, 48aa5eb4-709c-4003-adb5-fbc02723cd23:c1681, 609a8cf1-6ad3-4123-b94a-106ad93148a8:c1681]
2019-09-05 09:23:14,305 [grpc-default-executor-5] INFO  client.GrpcClientProtocolClient (GrpcClientProtocolClient.java:onNext(255)) - client-969FB6DA8C9A->4fcc8d53-44cb-4faf-b915-5afa0c7529d4: receive RaftClientReply:client-969FB6DA8C9A->4fcc8d53-44cb-4faf-b915-5afa0c7529d4@group-6A615BAE1DD1, cid=1232, SUCCESS, logIndex=1683, commits[4fcc8d53-44cb-4faf-b915-5afa0c7529d4:c1683, 48aa5eb4-709c-4003-adb5-fbc02723cd23:c1681, 609a8cf1-6ad3-4123-b94a-106ad93148a8:c1681]
2019-09-05 09:23:14,312 | INFO  | SCMAudit | user=jenkins1000 | ip=192.168.36.69 | op=SEND_HEARTBEAT {datanodeUUID=fe9e29a7-51ad-458f-9e11-f615da290baa, command=[]} | ret=SUCCESS |  
2019-09-05 09:23:14,312 | INFO  | DNAudit | user=null | ip=null | op=WRITE_CHUNK {blockData=conID: 2 locID: 102739173904024018 bcsId: 1683} | ret=SUCCESS |  
2019-09-05 09:23:14,314 | INFO  | DNAudit | user=null | ip=null | op=WRITE_CHUNK {blockData=conID: 2 locID: 102739173904024018 bcsId: 1683} | ret=SUCCESS |  
2019-09-05 09:23:14,315 | INFO  | DNAudit | user=null | ip=null | op=WRITE_CHUNK {blockData=conID: 2 locID: 102739173904024018 bcsId: 1683} | ret=SUCCESS |  
2019-09-05 09:23:14,322 | INFO  | DNAudit | user=null | ip=null | op=WRITE_CHUNK {blockData=conID: 2 locID: 102739173904024018 bcsId: 1677} | ret=SUCCESS |  
2019-09-05 09:23:14,322 | INFO  | DNAudit | user=null | ip=null | op=WRITE_CHUNK {blockData=conID: 2 locID: 102739173904024018 bcsId: 1677} | ret=SUCCESS |  
2019-09-05 09:23:14,322 | INFO  | DNAudit | user=null | ip=null | op=PUT_BLOCK {blockData=[blockId=conID: 2 locID: 102739173904024018 bcsId: 0,size=3145728]} | ret=SUCCESS |  
2019-09-05 09:23:14,322 | INFO  | DNAudit | user=null | ip=null | op=PUT_BLOCK {blockData=[blockId=conID: 2 locID: 102739173904024018 bcsId: 0,size=3145728]} | ret=SUCCESS |  
2019-09-05 09:23:14,323 | INFO  | DNAudit | user=null | ip=null | op=WRITE_CHUNK {blockData=conID: 2 locID: 102739173904024018 bcsId: 1683} | ret=SUCCESS |  
2019-09-05 09:23:14,324 | INFO  | DNAudit | user=null | ip=null | op=PUT_BLOCK {blockData=[blockId=conID: 2 locID: 102739173904024018 bcsId: 0,size=4194304]} | ret=SUCCESS |  
2019-09-05 09:23:14,324 [grpc-default-executor-4] INFO  client.GrpcClientProtocolClient (GrpcClientProtocolClient.java:onNext(255)) - client-969FB6DA8C9A->4fcc8d53-44cb-4faf-b915-5afa0c7529d4: receive RaftClientReply:client-969FB6DA8C9A->4fcc8d53-44cb-4faf-b915-5afa0c7529d4@group-6A615BAE1DD1, cid=1233, SUCCESS, logIndex=1686, commits[4fcc8d53-44cb-4faf-b915-5afa0c7529d4:c1686, 48aa5eb4-709c-4003-adb5-fbc02723cd23:c1683, 609a8cf1-6ad3-4123-b94a-106ad93148a8:c1683]
2019-09-05 09:23:14,325 [grpc-default-executor-4] INFO  client.GrpcClientProtocolClient (GrpcClientProtocolClient.java:onNext(255)) - client-969FB6DA8C9A->4fcc8d53-44cb-4faf-b915-5afa0c7529d4: receive RaftClientReply:client-969FB6DA8C9A->4fcc8d53-44cb-4faf-b915-5afa0c7529d4@group-6A615BAE1DD1, cid=1234, SUCCESS, logIndex=1687, commits[4fcc8d53-44cb-4faf-b915-5afa0c7529d4:c1687, 48aa5eb4-709c-4003-adb5-fbc02723cd23:c1683, 609a8cf1-6ad3-4123-b94a-106ad93148a8:c1683]
2019-09-05 09:23:14,349 | INFO  | DNAudit | user=null | ip=null | op=WRITE_CHUNK {blockData=conID: 2 locID: 102739173904024018 bcsId: 1683} | ret=SUCCESS |  
2019-09-05 09:23:14,349 | INFO  | DNAudit | user=null | ip=null | op=WRITE_CHUNK {blockData=conID: 2 locID: 102739173904024018 bcsId: 1683} | ret=SUCCESS |  
2019-09-05 09:23:14,349 | INFO  | DNAudit | user=null | ip=null | op=PUT_BLOCK {blockData=[blockId=conID: 2 locID: 102739173904024018 bcsId: 0,size=4194304]} | ret=SUCCESS |  
2019-09-05 09:23:14,350 | INFO  | DNAudit | user=null | ip=null | op=PUT_BLOCK {blockData=[blockId=conID: 2 locID: 102739173904024018 bcsId: 0,size=4194304]} | ret=SUCCESS |  
2019-09-05 09:23:14,351 [grpc-default-executor-5] INFO  client.GrpcClientProtocolClient (GrpcClientProtocolClient.java:onNext(255)) - client-969FB6DA8C9A->4fcc8d53-44cb-4faf-b915-5afa0c7529d4: receive RaftClientReply:client-969FB6DA8C9A->4fcc8d53-44cb-4faf-b915-5afa0c7529d4@group-6A615BAE1DD1, cid=1235, SUCCESS, logIndex=0, commits[4fcc8d53-44cb-4faf-b915-5afa0c7529d4:c1688, 48aa5eb4-709c-4003-adb5-fbc02723cd23:c1687, 609a8cf1-6ad3-4123-b94a-106ad93148a8:c1687]
2019-09-05 09:23:14,378 | INFO  | SCMAudit | user=jenkins1000 | ip=192.168.36.69 | op=ALLOCATE_BLOCK {owner=5cf4fcf6-c517-45f4-af25-2fff646d8883, size=4194304, type=RATIS, factor=THREE} | ret=SUCCESS |  
2019-09-05 09:23:14,382 | INFO  | OMAudit | user=jenkins1000 | ip=127.0.0.1 | op=ALLOCATE_BLOCK {volume=vol-0-13331, bucket=bucket-0-43606, key=key-0-76526, dataSize=0, replicationType=null, replicationFactor=null, keyLocationInfo=null, clientID=102739173903106450} | ret=SUCCESS |  
2019-09-05 09:23:14,391 | INFO  | DNAudit | user=null | ip=null | op=WRITE_CHUNK {blockData=conID: 3 locID: 102739174645957075 bcsId: 0} | ret=SUCCESS |  
2019-09-05 09:23:14,392 | INFO  | DNAudit | user=null | ip=null | op=WRITE_CHUNK {blockData=conID: 3 locID: 102739174645957075 bcsId: 0} | ret=SUCCESS |  
2019-09-05 09:23:14,393 | INFO  | DNAudit | user=null | ip=null | op=WRITE_CHUNK {blockData=conID: 3 locID: 102739174645957075 bcsId: 0} | ret=SUCCESS |  
2019-09-05 09:23:14,393 | INFO  | DNAudit | user=null | ip=null | op=WRITE_CHUNK {blockData=conID: 3 locID: 102739174645957075 bcsId: 0} | ret=SUCCESS |  
2019-09-05 09:23:14,394 | INFO  | DNAudit | user=null | ip=null | op=WRITE_CHUNK {blockData=conID: 3 locID: 102739174645957075 bcsId: 0} | ret=SUCCESS |  
2019-09-05 09:23:14,394 | INFO  | DNAudit | user=null | ip=null | op=WRITE_CHUNK {blockData=conID: 3 locID: 102739174645957075 bcsId: 0} | ret=SUCCESS |  
2019-09-05 09:23:14,417 | INFO  | DNAudit | user=null | ip=null | op=WRITE_CHUNK {blockData=conID: 3 locID: 102739174645957075 bcsId: 0} | ret=SUCCESS |  
2019-09-05 09:23:14,417 | INFO  | DNAudit | user=null | ip=null | op=PUT_BLOCK {blockData=[blockId=conID: 3 locID: 102739174645957075 bcsId: 0,size=1048576]} | ret=SUCCESS |  
2019-09-05 09:23:14,418 | INFO  | DNAudit | user=null | ip=null | op=WRITE_CHUNK {blockData=conID: 3 locID: 102739174645957075 bcsId: 0} | ret=SUCCESS |  
2019-09-05 09:23:14,418 [grpc-default-executor-3] INFO  client.GrpcClientProtocolClient (GrpcClientProtocolClient.java:onNext(255)) - client-969FB6DA8C9A->4fcc8d53-44cb-4faf-b915-5afa0c7529d4: receive RaftClientReply:client-969FB6DA8C9A->4fcc8d53-44cb-4faf-b915-5afa0c7529d4@group-6A615BAE1DD1, cid=1236, SUCCESS, logIndex=1690, commits[4fcc8d53-44cb-4faf-b915-5afa0c7529d4:c1693, 48aa5eb4-709c-4003-adb5-fbc02723cd23:c1689, 609a8cf1-6ad3-4123-b94a-106ad93148a8:c1689]
2019-09-05 09:23:14,418 | INFO  | DNAudit | user=null | ip=null | op=PUT_BLOCK {blockData=[blockId=conID: 3 locID: 102739174645957075 bcsId: 0,size=2097152]} | ret=SUCCESS |  
2019-09-05 09:23:14,418 [grpc-default-executor-3] INFO  client.GrpcClientProtocolClient (GrpcClientProtocolClient.java:onNext(255)) - client-969FB6DA8C9A->4fcc8d53-44cb-4faf-b915-5afa0c7529d4: receive RaftClientReply:client-969FB6DA8C9A->4fcc8d53-44cb-4faf-b915-5afa0c7529d4@group-6A615BAE1DD1, cid=1237, SUCCESS, logIndex=1691, commits[4fcc8d53-44cb-4faf-b915-5afa0c7529d4:c1693, 48aa5eb4-709c-4003-adb5-fbc02723cd23:c1689, 609a8cf1-6ad3-4123-b94a-106ad93148a8:c1689]
2019-09-05 09:23:14,418 [grpc-default-executor-3] INFO  client.GrpcClientProtocolClient (GrpcClientProtocolClient.java:onNext(255)) - client-969FB6DA8C9A->4fcc8d53-44cb-4faf-b915-5afa0c7529d4: receive RaftClientReply:client-969FB6DA8C9A->4fcc8d53-44cb-4faf-b915-5afa0c7529d4@group-6A615BAE1DD1, cid=1238, SUCCESS, logIndex=1692, commits[4fcc8d53-44cb-4faf-b915-5afa0c7529d4:c1693, 48aa5eb4-709c-4003-adb5-fbc02723cd23:c1689, 609a8cf1-6ad3-4123-b94a-106ad93148a8:c1689]
2019-09-05 09:23:14,419 [grpc-default-executor-3] INFO  client.GrpcClientProtocolClient (GrpcClientProtocolClient.java:onNext(255)) - client-969FB6DA8C9A->4fcc8d53-44cb-4faf-b915-5afa0c7529d4: receive RaftClientReply:client-969FB6DA8C9A->4fcc8d53-44cb-4faf-b915-5afa0c7529d4@group-6A615BAE1DD1, cid=1239, SUCCESS, logIndex=1693, commits[4fcc8d53-44cb-4faf-b915-5afa0c7529d4:c1693, 48aa5eb4-709c-4003-adb5-fbc02723cd23:c1689, 609a8cf1-6ad3-4123-b94a-106ad93148a8:c1689]
2019-09-05 09:23:14,511 | INFO  | DNAudit | user=null | ip=null | op=WRITE_CHUNK {blockData=conID: 3 locID: 102739174645957075 bcsId: 0} | ret=SUCCESS |  
2019-09-05 09:23:14,511 | INFO  | DNAudit | user=null | ip=null | op=WRITE_CHUNK {blockData=conID: 3 locID: 102739174645957075 bcsId: 0} | ret=SUCCESS |  
2019-09-05 09:23:14,511 | INFO  | DNAudit | user=null | ip=null | op=PUT_BLOCK {blockData=[blockId=conID: 3 locID: 102739174645957075 bcsId: 0,size=1048576]} | ret=SUCCESS |  
2019-09-05 09:23:14,511 | INFO  | DNAudit | user=null | ip=null | op=WRITE_CHUNK {blockData=conID: 3 locID: 102739174645957075 bcsId: 0} | ret=SUCCESS |  
2019-09-05 09:23:14,511 | INFO  | DNAudit | user=null | ip=null | op=PUT_BLOCK {blockData=[blockId=conID: 3 locID: 102739174645957075 bcsId: 0,size=1048576]} | ret=SUCCESS |  
2019-09-05 09:23:14,512 | INFO  | DNAudit | user=null | ip=null | op=WRITE_CHUNK {blockData=conID: 3 locID: 102739174645957075 bcsId: 0} | ret=SUCCESS |  
2019-09-05 09:23:14,512 | INFO  | DNAudit | user=null | ip=null | op=PUT_BLOCK {blockData=[blockId=conID: 3 locID: 102739174645957075 bcsId: 0,size=2097152]} | ret=SUCCESS |  
2019-09-05 09:23:14,512 | INFO  | DNAudit | user=null | ip=null | op=PUT_BLOCK {blockData=[blockId=conID: 3 locID: 102739174645957075 bcsId: 0,size=2097152]} | ret=SUCCESS |  
2019-09-05 09:23:14,512 [grpc-default-executor-0] INFO  client.GrpcClientProtocolClient (GrpcClientProtocolClient.java:onNext(255)) - client-969FB6DA8C9A->4fcc8d53-44cb-4faf-b915-5afa0c7529d4: receive RaftClientReply:client-969FB6DA8C9A->4fcc8d53-44cb-4faf-b915-5afa0c7529d4@group-6A615BAE1DD1, cid=1240, SUCCESS, logIndex=0, commits[4fcc8d53-44cb-4faf-b915-5afa0c7529d4:c1695, 48aa5eb4-709c-4003-adb5-fbc02723cd23:c1691, 609a8cf1-6ad3-4123-b94a-106ad93148a8:c1692]
2019-09-05 09:23:14,521 | INFO  | DNAudit | user=null | ip=null | op=WRITE_CHUNK {blockData=conID: 3 locID: 102739174645957075 bcsId: 1693} | ret=SUCCESS |  
2019-09-05 09:23:14,524 | INFO  | DNAudit | user=null | ip=null | op=WRITE_CHUNK {blockData=conID: 3 locID: 102739174645957075 bcsId: 1693} | ret=SUCCESS |  
2019-09-05 09:23:14,525 | INFO  | DNAudit | user=null | ip=null | op=WRITE_CHUNK {blockData=conID: 3 locID: 102739174645957075 bcsId: 1693} | ret=SUCCESS |  
2019-09-05 09:23:14,549 | INFO  | DNAudit | user=null | ip=null | op=WRITE_CHUNK {blockData=conID: 3 locID: 102739174645957075 bcsId: 1693} | ret=SUCCESS |  
2019-09-05 09:23:14,549 | INFO  | DNAudit | user=null | ip=null | op=PUT_BLOCK {blockData=[blockId=conID: 3 locID: 102739174645957075 bcsId: 0,size=3145728]} | ret=SUCCESS |  
2019-09-05 09:23:14,549 [grpc-default-executor-0] INFO  client.GrpcClientProtocolClient (GrpcClientProtocolClient.java:onNext(255)) - client-969FB6DA8C9A->4fcc8d53-44cb-4faf-b915-5afa0c7529d4: receive RaftClientReply:client-969FB6DA8C9A->4fcc8d53-44cb-4faf-b915-5afa0c7529d4@group-6A615BAE1DD1, cid=1241, SUCCESS, logIndex=1698, commits[4fcc8d53-44cb-4faf-b915-5afa0c7529d4:c1699, 48aa5eb4-709c-4003-adb5-fbc02723cd23:c1697, 609a8cf1-6ad3-4123-b94a-106ad93148a8:c1697]
2019-09-05 09:23:14,550 [grpc-default-executor-0] INFO  client.GrpcClientProtocolClient (GrpcClientProtocolClient.java:onNext(255)) - client-969FB6DA8C9A->4fcc8d53-44cb-4faf-b915-5afa0c7529d4: receive RaftClientReply:client-969FB6DA8C9A->4fcc8d53-44cb-4faf-b915-5afa0c7529d4@group-6A615BAE1DD1, cid=1242, SUCCESS, logIndex=1699, commits[4fcc8d53-44cb-4faf-b915-5afa0c7529d4:c1699, 48aa5eb4-709c-4003-adb5-fbc02723cd23:c1697, 609a8cf1-6ad3-4123-b94a-106ad93148a8:c1697]
2019-09-05 09:23:14,554 | INFO  | DNAudit | user=null | ip=null | op=WRITE_CHUNK {blockData=conID: 3 locID: 102739174645957075 bcsId: 1693} | ret=SUCCESS |  
2019-09-05 09:23:14,554 | INFO  | DNAudit | user=null | ip=null | op=WRITE_CHUNK {blockData=conID: 3 locID: 102739174645957075 bcsId: 1693} | ret=SUCCESS |  
2019-09-05 09:23:14,555 | INFO  | DNAudit | user=null | ip=null | op=PUT_BLOCK {blockData=[blockId=conID: 3 locID: 102739174645957075 bcsId: 0,size=3145728]} | ret=SUCCESS |  
2019-09-05 09:23:14,555 | INFO  | DNAudit | user=null | ip=null | op=PUT_BLOCK {blockData=[blockId=conID: 3 locID: 102739174645957075 bcsId: 0,size=3145728]} | ret=SUCCESS |  
2019-09-05 09:23:14,560 | INFO  | DNAudit | user=null | ip=null | op=WRITE_CHUNK {blockData=conID: 3 locID: 102739174645957075 bcsId: 1699} | ret=SUCCESS |  
2019-09-05 09:23:14,561 | INFO  | DNAudit | user=null | ip=null | op=WRITE_CHUNK {blockData=conID: 3 locID: 102739174645957075 bcsId: 1699} | ret=SUCCESS |  
2019-09-05 09:23:14,561 | INFO  | DNAudit | user=null | ip=null | op=WRITE_CHUNK {blockData=conID: 3 locID: 102739174645957075 bcsId: 1699} | ret=SUCCESS |  
2019-09-05 09:23:14,588 | INFO  | DNAudit | user=null | ip=null | op=WRITE_CHUNK {blockData=conID: 3 locID: 102739174645957075 bcsId: 1699} | ret=SUCCESS |  
2019-09-05 09:23:14,588 | INFO  | DNAudit | user=null | ip=null | op=PUT_BLOCK {blockData=[blockId=conID: 3 locID: 102739174645957075 bcsId: 0,size=4194304]} | ret=SUCCESS |  
2019-09-05 09:23:14,589 [grpc-default-executor-0] INFO  client.GrpcClientProtocolClient (GrpcClientProtocolClient.java:onNext(255)) - client-969FB6DA8C9A->4fcc8d53-44cb-4faf-b915-5afa0c7529d4: receive RaftClientReply:client-969FB6DA8C9A->4fcc8d53-44cb-4faf-b915-5afa0c7529d4@group-6A615BAE1DD1, cid=1243, SUCCESS, logIndex=1702, commits[4fcc8d53-44cb-4faf-b915-5afa0c7529d4:c1703, 48aa5eb4-709c-4003-adb5-fbc02723cd23:c1701, 609a8cf1-6ad3-4123-b94a-106ad93148a8:c1701]
2019-09-05 09:23:14,589 [grpc-default-executor-0] INFO  client.GrpcClientProtocolClient (GrpcClientProtocolClient.java:onNext(255)) - client-969FB6DA8C9A->4fcc8d53-44cb-4faf-b915-5afa0c7529d4: receive RaftClientReply:client-969FB6DA8C9A->4fcc8d53-44cb-4faf-b915-5afa0c7529d4@group-6A615BAE1DD1, cid=1244, SUCCESS, logIndex=1703, commits[4fcc8d53-44cb-4faf-b915-5afa0c7529d4:c1703, 48aa5eb4-709c-4003-adb5-fbc02723cd23:c1701, 609a8cf1-6ad3-4123-b94a-106ad93148a8:c1701]
2019-09-05 09:23:14,608 | INFO  | DNAudit | user=null | ip=null | op=WRITE_CHUNK {blockData=conID: 3 locID: 102739174645957075 bcsId: 1699} | ret=SUCCESS |  
2019-09-05 09:23:14,608 | INFO  | DNAudit | user=null | ip=null | op=WRITE_CHUNK {blockData=conID: 3 locID: 102739174645957075 bcsId: 1699} | ret=SUCCESS |  
2019-09-05 09:23:14,609 | INFO  | DNAudit | user=null | ip=null | op=PUT_BLOCK {blockData=[blockId=conID: 3 locID: 102739174645957075 bcsId: 0,size=4194304]} | ret=SUCCESS |  
2019-09-05 09:23:14,609 | INFO  | DNAudit | user=null | ip=null | op=PUT_BLOCK {blockData=[blockId=conID: 3 locID: 102739174645957075 bcsId: 0,size=4194304]} | ret=SUCCESS |  
2019-09-05 09:23:14,610 [grpc-default-executor-0] INFO  client.GrpcClientProtocolClient (GrpcClientProtocolClient.java:onNext(255)) - client-969FB6DA8C9A->4fcc8d53-44cb-4faf-b915-5afa0c7529d4: receive RaftClientReply:client-969FB6DA8C9A->4fcc8d53-44cb-4faf-b915-5afa0c7529d4@group-6A615BAE1DD1, cid=1245, SUCCESS, logIndex=0, commits[4fcc8d53-44cb-4faf-b915-5afa0c7529d4:c1704, 48aa5eb4-709c-4003-adb5-fbc02723cd23:c1703, 609a8cf1-6ad3-4123-b94a-106ad93148a8:c1703]
2019-09-05 09:23:14,617 | INFO  | SCMAudit | user=jenkins1000 | ip=192.168.36.69 | op=ALLOCATE_BLOCK {owner=5cf4fcf6-c517-45f4-af25-2fff646d8883, size=4194304, type=RATIS, factor=THREE} | ret=SUCCESS |  
2019-09-05 09:23:14,624 | INFO  | OMAudit | user=jenkins1000 | ip=127.0.0.1 | op=ALLOCATE_BLOCK {volume=vol-0-13331, bucket=bucket-0-43606, key=key-0-76526, dataSize=0, replicationType=null, replicationFactor=null, keyLocationInfo=null, clientID=102739173903106450} | ret=SUCCESS |  
2019-09-05 09:23:14,636 | INFO  | DNAudit | user=null | ip=null | op=WRITE_CHUNK {blockData=conID: 1 locID: 102739174661554644 bcsId: 0} | ret=SUCCESS |  
2019-09-05 09:23:14,638 | INFO  | DNAudit | user=null | ip=null | op=WRITE_CHUNK {blockData=conID: 1 locID: 102739174661554644 bcsId: 0} | ret=SUCCESS |  
2019-09-05 09:23:14,638 | INFO  | DNAudit | user=null | ip=null | op=WRITE_CHUNK {blockData=conID: 1 locID: 102739174661554644 bcsId: 0} | ret=SUCCESS |  
2019-09-05 09:23:14,639 | INFO  | DNAudit | user=null | ip=null | op=WRITE_CHUNK {blockData=conID: 1 locID: 102739174661554644 bcsId: 0} | ret=SUCCESS |  
2019-09-05 09:23:14,642 | INFO  | DNAudit | user=null | ip=null | op=WRITE_CHUNK {blockData=conID: 1 locID: 102739174661554644 bcsId: 0} | ret=SUCCESS |  
2019-09-05 09:23:14,642 | INFO  | DNAudit | user=null | ip=null | op=WRITE_CHUNK {blockData=conID: 1 locID: 102739174661554644 bcsId: 0} | ret=SUCCESS |  
2019-09-05 09:23:14,658 | INFO  | DNAudit | user=null | ip=null | op=WRITE_CHUNK {blockData=conID: 1 locID: 102739174661554644 bcsId: 0} | ret=SUCCESS |  
2019-09-05 09:23:14,659 | INFO  | DNAudit | user=null | ip=null | op=PUT_BLOCK {blockData=[blockId=conID: 1 locID: 102739174661554644 bcsId: 0,size=1048576]} | ret=SUCCESS |  
2019-09-05 09:23:14,659 [grpc-default-executor-0] INFO  client.GrpcClientProtocolClient (GrpcClientProtocolClient.java:onNext(255)) - client-969FB6DA8C9A->4fcc8d53-44cb-4faf-b915-5afa0c7529d4: receive RaftClientReply:client-969FB6DA8C9A->4fcc8d53-44cb-4faf-b915-5afa0c7529d4@group-6A615BAE1DD1, cid=1246, SUCCESS, logIndex=1706, commits[4fcc8d53-44cb-4faf-b915-5afa0c7529d4:c1707, 48aa5eb4-709c-4003-adb5-fbc02723cd23:c1705, 609a8cf1-6ad3-4123-b94a-106ad93148a8:c1705]
2019-09-05 09:23:14,660 [grpc-default-executor-0] INFO  client.GrpcClientProtocolClient (GrpcClientProtocolClient.java:onNext(255)) - client-969FB6DA8C9A->4fcc8d53-44cb-4faf-b915-5afa0c7529d4: receive RaftClientReply:client-969FB6DA8C9A->4fcc8d53-44cb-4faf-b915-5afa0c7529d4@group-6A615BAE1DD1, cid=1247, SUCCESS, logIndex=1707, commits[4fcc8d53-44cb-4faf-b915-5afa0c7529d4:c1707, 48aa5eb4-709c-4003-adb5-fbc02723cd23:c1705, 609a8cf1-6ad3-4123-b94a-106ad93148a8:c1705]
2019-09-05 09:23:14,675 | INFO  | DNAudit | user=null | ip=null | op=WRITE_CHUNK {blockData=conID: 1 locID: 102739174661554644 bcsId: 0} | ret=SUCCESS |  
2019-09-05 09:23:14,676 | INFO  | DNAudit | user=null | ip=null | op=PUT_BLOCK {blockData=[blockId=conID: 1 locID: 102739174661554644 bcsId: 0,size=2097152]} | ret=SUCCESS |  
2019-09-05 09:23:14,676 [grpc-default-executor-3] INFO  client.GrpcClientProtocolClient (GrpcClientProtocolClient.java:onNext(255)) - client-969FB6DA8C9A->4fcc8d53-44cb-4faf-b915-5afa0c7529d4: receive RaftClientReply:client-969FB6DA8C9A->4fcc8d53-44cb-4faf-b915-5afa0c7529d4@group-6A615BAE1DD1, cid=1248, SUCCESS, logIndex=1708, commits[4fcc8d53-44cb-4faf-b915-5afa0c7529d4:c1709, 48aa5eb4-709c-4003-adb5-fbc02723cd23:c1705, 609a8cf1-6ad3-4123-b94a-106ad93148a8:c1705]
2019-09-05 09:23:14,676 [grpc-default-executor-3] INFO  client.GrpcClientProtocolClient (GrpcClientProtocolClient.java:onNext(255)) - client-969FB6DA8C9A->4fcc8d53-44cb-4faf-b915-5afa0c7529d4: receive RaftClientReply:client-969FB6DA8C9A->4fcc8d53-44cb-4faf-b915-5afa0c7529d4@group-6A615BAE1DD1, cid=1249, SUCCESS, logIndex=1709, commits[4fcc8d53-44cb-4faf-b915-5afa0c7529d4:c1709, 48aa5eb4-709c-4003-adb5-fbc02723cd23:c1705, 609a8cf1-6ad3-4123-b94a-106ad93148a8:c1705]
2019-09-05 09:23:14,696 | INFO  | DNAudit | user=null | ip=null | op=WRITE_CHUNK {blockData=conID: 1 locID: 102739174661554644 bcsId: 0} | ret=SUCCESS |  
2019-09-05 09:23:14,696 | INFO  | DNAudit | user=null | ip=null | op=PUT_BLOCK {blockData=[blockId=conID: 1 locID: 102739174661554644 bcsId: 0,size=1048576]} | ret=SUCCESS |  
2019-09-05 09:23:14,697 | INFO  | DNAudit | user=null | ip=null | op=WRITE_CHUNK {blockData=conID: 1 locID: 102739174661554644 bcsId: 0} | ret=SUCCESS |  
2019-09-05 09:23:14,697 | INFO  | DNAudit | user=null | ip=null | op=PUT_BLOCK {blockData=[blockId=conID: 1 locID: 102739174661554644 bcsId: 0,size=1048576]} | ret=SUCCESS |  
2019-09-05 09:23:14,698 | INFO  | DNAudit | user=null | ip=null | op=WRITE_CHUNK {blockData=conID: 1 locID: 102739174661554644 bcsId: 0} | ret=SUCCESS |  
2019-09-05 09:23:14,698 | INFO  | DNAudit | user=null | ip=null | op=PUT_BLOCK {blockData=[blockId=conID: 1 locID: 102739174661554644 bcsId: 0,size=2097152]} | ret=SUCCESS |  
2019-09-05 09:23:14,698 [grpc-default-executor-3] INFO  client.GrpcClientProtocolClient (GrpcClientProtocolClient.java:onNext(255)) - client-969FB6DA8C9A->4fcc8d53-44cb-4faf-b915-5afa0c7529d4: receive RaftClientReply:client-969FB6DA8C9A->4fcc8d53-44cb-4faf-b915-5afa0c7529d4@group-6A615BAE1DD1, cid=1250, SUCCESS, logIndex=0, commits[4fcc8d53-44cb-4faf-b915-5afa0c7529d4:c1711, 48aa5eb4-709c-4003-adb5-fbc02723cd23:c1707, 609a8cf1-6ad3-4123-b94a-106ad93148a8:c1707]
2019-09-05 09:23:14,699 | INFO  | DNAudit | user=null | ip=null | op=WRITE_CHUNK {blockData=conID: 1 locID: 102739174661554644 bcsId: 0} | ret=SUCCESS |  
2019-09-05 09:23:14,699 | INFO  | DNAudit | user=null | ip=null | op=PUT_BLOCK {blockData=[blockId=conID: 1 locID: 102739174661554644 bcsId: 0,size=2097152]} | ret=SUCCESS |  
2019-09-05 09:23:14,705 | INFO  | DNAudit | user=null | ip=null | op=WRITE_CHUNK {blockData=conID: 1 locID: 102739174661554644 bcsId: 1709} | ret=SUCCESS |  
2019-09-05 09:23:14,707 | INFO  | DNAudit | user=null | ip=null | op=WRITE_CHUNK {blockData=conID: 1 locID: 102739174661554644 bcsId: 1709} | ret=SUCCESS |  
2019-09-05 09:23:14,708 | INFO  | DNAudit | user=null | ip=null | op=WRITE_CHUNK {blockData=conID: 1 locID: 102739174661554644 bcsId: 1709} | ret=SUCCESS |  
2019-09-05 09:23:14,720 | INFO  | DNAudit | user=null | ip=null | op=WRITE_CHUNK {blockData=conID: 1 locID: 102739174661554644 bcsId: 1709} | ret=SUCCESS |  
2019-09-05 09:23:14,720 | INFO  | DNAudit | user=null | ip=null | op=PUT_BLOCK {blockData=[blockId=conID: 1 locID: 102739174661554644 bcsId: 0,size=3145728]} | ret=SUCCESS |  
2019-09-05 09:23:14,720 [grpc-default-executor-4] INFO  client.GrpcClientProtocolClient (GrpcClientProtocolClient.java:onNext(255)) - client-969FB6DA8C9A->4fcc8d53-44cb-4faf-b915-5afa0c7529d4: receive RaftClientReply:client-969FB6DA8C9A->4fcc8d53-44cb-4faf-b915-5afa0c7529d4@group-6A615BAE1DD1, cid=1251, SUCCESS, logIndex=1714, commits[4fcc8d53-44cb-4faf-b915-5afa0c7529d4:c1715, 48aa5eb4-709c-4003-adb5-fbc02723cd23:c1713, 609a8cf1-6ad3-4123-b94a-106ad93148a8:c1713]
2019-09-05 09:23:14,721 [grpc-default-executor-4] INFO  client.GrpcClientProtocolClient (GrpcClientProtocolClient.java:onNext(255)) - client-969FB6DA8C9A->4fcc8d53-44cb-4faf-b915-5afa0c7529d4: receive RaftClientReply:client-969FB6DA8C9A->4fcc8d53-44cb-4faf-b915-5afa0c7529d4@group-6A615BAE1DD1, cid=1252, SUCCESS, logIndex=1715, commits[4fcc8d53-44cb-4faf-b915-5afa0c7529d4:c1715, 48aa5eb4-709c-4003-adb5-fbc02723cd23:c1713, 609a8cf1-6ad3-4123-b94a-106ad93148a8:c1713]
2019-09-05 09:23:14,726 | INFO  | DNAudit | user=null | ip=null | op=WRITE_CHUNK {blockData=conID: 1 locID: 102739174661554644 bcsId: 1715} | ret=SUCCESS |  
2019-09-05 09:23:14,729 | INFO  | DNAudit | user=null | ip=null | op=WRITE_CHUNK {blockData=conID: 1 locID: 102739174661554644 bcsId: 1715} | ret=SUCCESS |  
2019-09-05 09:23:14,729 | INFO  | DNAudit | user=null | ip=null | op=WRITE_CHUNK {blockData=conID: 1 locID: 102739174661554644 bcsId: 1715} | ret=SUCCESS |  
2019-09-05 09:23:14,739 | INFO  | DNAudit | user=null | ip=null | op=WRITE_CHUNK {blockData=conID: 1 locID: 102739174661554644 bcsId: 1709} | ret=SUCCESS |  
2019-09-05 09:23:14,739 | INFO  | DNAudit | user=null | ip=null | op=WRITE_CHUNK {blockData=conID: 1 locID: 102739174661554644 bcsId: 1709} | ret=SUCCESS |  
2019-09-05 09:23:14,739 | INFO  | DNAudit | user=null | ip=null | op=PUT_BLOCK {blockData=[blockId=conID: 1 locID: 102739174661554644 bcsId: 0,size=3145728]} | ret=SUCCESS |  
2019-09-05 09:23:14,740 | INFO  | DNAudit | user=null | ip=null | op=PUT_BLOCK {blockData=[blockId=conID: 1 locID: 102739174661554644 bcsId: 0,size=3145728]} | ret=SUCCESS |  
2019-09-05 09:23:14,741 | INFO  | DNAudit | user=null | ip=null | op=WRITE_CHUNK {blockData=conID: 1 locID: 102739174661554644 bcsId: 1715} | ret=SUCCESS |  
2019-09-05 09:23:14,741 | INFO  | DNAudit | user=null | ip=null | op=PUT_BLOCK {blockData=[blockId=conID: 1 locID: 102739174661554644 bcsId: 0,size=4194304]} | ret=SUCCESS |  
2019-09-05 09:23:14,742 [grpc-default-executor-0] INFO  client.GrpcClientProtocolClient (GrpcClientProtocolClient.java:onNext(255)) - client-969FB6DA8C9A->4fcc8d53-44cb-4faf-b915-5afa0c7529d4: receive RaftClientReply:client-969FB6DA8C9A->4fcc8d53-44cb-4faf-b915-5afa0c7529d4@group-6A615BAE1DD1, cid=1253, SUCCESS, logIndex=1718, commits[4fcc8d53-44cb-4faf-b915-5afa0c7529d4:c1719, 48aa5eb4-709c-4003-adb5-fbc02723cd23:c1715, 609a8cf1-6ad3-4123-b94a-106ad93148a8:c1715]
2019-09-05 09:23:14,742 [grpc-default-executor-0] INFO  client.GrpcClientProtocolClient (GrpcClientProtocolClient.java:onNext(255)) - client-969FB6DA8C9A->4fcc8d53-44cb-4faf-b915-5afa0c7529d4: receive RaftClientReply:client-969FB6DA8C9A->4fcc8d53-44cb-4faf-b915-5afa0c7529d4@group-6A615BAE1DD1, cid=1254, SUCCESS, logIndex=1719, commits[4fcc8d53-44cb-4faf-b915-5afa0c7529d4:c1719, 48aa5eb4-709c-4003-adb5-fbc02723cd23:c1715, 609a8cf1-6ad3-4123-b94a-106ad93148a8:c1715]
2019-09-05 09:23:14,763 | INFO  | DNAudit | user=null | ip=null | op=WRITE_CHUNK {blockData=conID: 1 locID: 102739174661554644 bcsId: 1715} | ret=SUCCESS |  
2019-09-05 09:23:14,763 | INFO  | DNAudit | user=null | ip=null | op=WRITE_CHUNK {blockData=conID: 1 locID: 102739174661554644 bcsId: 1715} | ret=SUCCESS |  
2019-09-05 09:23:14,764 | INFO  | DNAudit | user=null | ip=null | op=PUT_BLOCK {blockData=[blockId=conID: 1 locID: 102739174661554644 bcsId: 0,size=4194304]} | ret=SUCCESS |  
2019-09-05 09:23:14,764 | INFO  | DNAudit | user=null | ip=null | op=PUT_BLOCK {blockData=[blockId=conID: 1 locID: 102739174661554644 bcsId: 0,size=4194304]} | ret=SUCCESS |  
2019-09-05 09:23:14,765 [grpc-default-executor-0] INFO  client.GrpcClientProtocolClient (GrpcClientProtocolClient.java:onNext(255)) - client-969FB6DA8C9A->4fcc8d53-44cb-4faf-b915-5afa0c7529d4: receive RaftClientReply:client-969FB6DA8C9A->4fcc8d53-44cb-4faf-b915-5afa0c7529d4@group-6A615BAE1DD1, cid=1255, SUCCESS, logIndex=0, commits[4fcc8d53-44cb-4faf-b915-5afa0c7529d4:c1721, 48aa5eb4-709c-4003-adb5-fbc02723cd23:c1719, 609a8cf1-6ad3-4123-b94a-106ad93148a8:c1719]
2019-09-05 09:23:14,769 | INFO  | SCMAudit | user=jenkins1000 | ip=192.168.36.69 | op=ALLOCATE_BLOCK {owner=5cf4fcf6-c517-45f4-af25-2fff646d8883, size=4194304, type=RATIS, factor=THREE} | ret=SUCCESS |  
2019-09-05 09:23:14,772 | INFO  | OMAudit | user=jenkins1000 | ip=127.0.0.1 | op=ALLOCATE_BLOCK {volume=vol-0-13331, bucket=bucket-0-43606, key=key-0-76526, dataSize=0, replicationType=null, replicationFactor=null, keyLocationInfo=null, clientID=102739173903106450} | ret=SUCCESS |  
2019-09-05 09:23:14,780 | INFO  | DNAudit | user=null | ip=null | op=WRITE_CHUNK {blockData=conID: 2 locID: 102739174671581653 bcsId: 0} | ret=SUCCESS |  
2019-09-05 09:23:14,783 | INFO  | DNAudit | user=null | ip=null | op=WRITE_CHUNK {blockData=conID: 2 locID: 102739174671581653 bcsId: 0} | ret=SUCCESS |  
2019-09-05 09:23:14,783 | INFO  | DNAudit | user=null | ip=null | op=WRITE_CHUNK {blockData=conID: 2 locID: 102739174671581653 bcsId: 0} | ret=SUCCESS |  
2019-09-05 09:23:14,784 | INFO  | DNAudit | user=null | ip=null | op=WRITE_CHUNK {blockData=conID: 2 locID: 102739174671581653 bcsId: 0} | ret=SUCCESS |  
2019-09-05 09:23:14,786 | INFO  | DNAudit | user=null | ip=null | op=WRITE_CHUNK {blockData=conID: 2 locID: 102739174671581653 bcsId: 0} | ret=SUCCESS |  
2019-09-05 09:23:14,786 | INFO  | DNAudit | user=null | ip=null | op=WRITE_CHUNK {blockData=conID: 2 locID: 102739174671581653 bcsId: 0} | ret=SUCCESS |  
2019-09-05 09:23:14,800 | INFO  | DNAudit | user=null | ip=null | op=WRITE_CHUNK {blockData=conID: 2 locID: 102739174671581653 bcsId: 0} | ret=SUCCESS |  
2019-09-05 09:23:14,800 | INFO  | DNAudit | user=null | ip=null | op=PUT_BLOCK {blockData=[blockId=conID: 2 locID: 102739174671581653 bcsId: 0,size=1048576]} | ret=SUCCESS |  
2019-09-05 09:23:14,801 [grpc-default-executor-4] INFO  client.GrpcClientProtocolClient (GrpcClientProtocolClient.java:onNext(255)) - client-969FB6DA8C9A->4fcc8d53-44cb-4faf-b915-5afa0c7529d4: receive RaftClientReply:client-969FB6DA8C9A->4fcc8d53-44cb-4faf-b915-5afa0c7529d4@group-6A615BAE1DD1, cid=1256, SUCCESS, logIndex=1722, commits[4fcc8d53-44cb-4faf-b915-5afa0c7529d4:c1723, 48aa5eb4-709c-4003-adb5-fbc02723cd23:c1721, 609a8cf1-6ad3-4123-b94a-106ad93148a8:c1721]
2019-09-05 09:23:14,801 | INFO  | DNAudit | user=null | ip=null | op=WRITE_CHUNK {blockData=conID: 2 locID: 102739174671581653 bcsId: 0} | ret=SUCCESS |  
2019-09-05 09:23:14,801 [grpc-default-executor-4] INFO  client.GrpcClientProtocolClient (GrpcClientProtocolClient.java:onNext(255)) - client-969FB6DA8C9A->4fcc8d53-44cb-4faf-b915-5afa0c7529d4: receive RaftClientReply:client-969FB6DA8C9A->4fcc8d53-44cb-4faf-b915-5afa0c7529d4@group-6A615BAE1DD1, cid=1257, SUCCESS, logIndex=1723, commits[4fcc8d53-44cb-4faf-b915-5afa0c7529d4:c1723, 48aa5eb4-709c-4003-adb5-fbc02723cd23:c1721, 609a8cf1-6ad3-4123-b94a-106ad93148a8:c1721]
2019-09-05 09:23:14,801 | INFO  | DNAudit | user=null | ip=null | op=PUT_BLOCK {blockData=[blockId=conID: 2 locID: 102739174671581653 bcsId: 0,size=2097152]} | ret=SUCCESS |  
2019-09-05 09:23:14,802 | INFO  | DNAudit | user=null | ip=null | op=WRITE_CHUNK {blockData=conID: 2 locID: 102739174671581653 bcsId: 0} | ret=SUCCESS |  
2019-09-05 09:23:14,802 | INFO  | DNAudit | user=null | ip=null | op=PUT_BLOCK {blockData=[blockId=conID: 2 locID: 102739174671581653 bcsId: 0,size=1048576]} | ret=SUCCESS |  
2019-09-05 09:23:14,802 [grpc-default-executor-4] INFO  client.GrpcClientProtocolClient (GrpcClientProtocolClient.java:onNext(255)) - client-969FB6DA8C9A->4fcc8d53-44cb-4faf-b915-5afa0c7529d4: receive RaftClientReply:client-969FB6DA8C9A->4fcc8d53-44cb-4faf-b915-5afa0c7529d4@group-6A615BAE1DD1, cid=1258, SUCCESS, logIndex=1724, commits[4fcc8d53-44cb-4faf-b915-5afa0c7529d4:c1725, 48aa5eb4-709c-4003-adb5-fbc02723cd23:c1721, 609a8cf1-6ad3-4123-b94a-106ad93148a8:c1721]
2019-09-05 09:23:14,802 | INFO  | DNAudit | user=null | ip=null | op=WRITE_CHUNK {blockData=conID: 2 locID: 102739174671581653 bcsId: 0} | ret=SUCCESS |  
2019-09-05 09:23:14,803 | INFO  | DNAudit | user=null | ip=null | op=PUT_BLOCK {blockData=[blockId=conID: 2 locID: 102739174671581653 bcsId: 0,size=1048576]} | ret=SUCCESS |  
2019-09-05 09:23:14,803 | INFO  | DNAudit | user=null | ip=null | op=WRITE_CHUNK {blockData=conID: 2 locID: 102739174671581653 bcsId: 0} | ret=SUCCESS |  
2019-09-05 09:23:14,803 [grpc-default-executor-4] INFO  client.GrpcClientProtocolClient (GrpcClientProtocolClient.java:onNext(255)) - client-969FB6DA8C9A->4fcc8d53-44cb-4faf-b915-5afa0c7529d4: receive RaftClientReply:client-969FB6DA8C9A->4fcc8d53-44cb-4faf-b915-5afa0c7529d4@group-6A615BAE1DD1, cid=1259, SUCCESS, logIndex=1725, commits[4fcc8d53-44cb-4faf-b915-5afa0c7529d4:c1725, 48aa5eb4-709c-4003-adb5-fbc02723cd23:c1721, 609a8cf1-6ad3-4123-b94a-106ad93148a8:c1721]
2019-09-05 09:23:14,803 | INFO  | DNAudit | user=null | ip=null | op=PUT_BLOCK {blockData=[blockId=conID: 2 locID: 102739174671581653 bcsId: 0,size=2097152]} | ret=SUCCESS |  
2019-09-05 09:23:14,804 | INFO  | DNAudit | user=null | ip=null | op=WRITE_CHUNK {blockData=conID: 2 locID: 102739174671581653 bcsId: 0} | ret=SUCCESS |  
2019-09-05 09:23:14,804 | INFO  | DNAudit | user=null | ip=null | op=PUT_BLOCK {blockData=[blockId=conID: 2 locID: 102739174671581653 bcsId: 0,size=2097152]} | ret=SUCCESS |  
2019-09-05 09:23:14,804 [grpc-default-executor-3] INFO  client.GrpcClientProtocolClient (GrpcClientProtocolClient.java:onNext(255)) - client-969FB6DA8C9A->4fcc8d53-44cb-4faf-b915-5afa0c7529d4: receive RaftClientReply:client-969FB6DA8C9A->4fcc8d53-44cb-4faf-b915-5afa0c7529d4@group-6A615BAE1DD1, cid=1260, SUCCESS, logIndex=0, commits[4fcc8d53-44cb-4faf-b915-5afa0c7529d4:c1727, 48aa5eb4-709c-4003-adb5-fbc02723cd23:c1723, 609a8cf1-6ad3-4123-b94a-106ad93148a8:c1725]
2019-09-05 09:23:14,810 | INFO  | DNAudit | user=null | ip=null | op=WRITE_CHUNK {blockData=conID: 2 locID: 102739174671581653 bcsId: 1725} | ret=SUCCESS |  
2019-09-05 09:23:14,812 | INFO  | DNAudit | user=null | ip=null | op=WRITE_CHUNK {blockData=conID: 2 locID: 102739174671581653 bcsId: 1725} | ret=SUCCESS |  
2019-09-05 09:23:14,812 | INFO  | DNAudit | user=null | ip=null | op=WRITE_CHUNK {blockData=conID: 2 locID: 102739174671581653 bcsId: 1725} | ret=SUCCESS |  
2019-09-05 09:23:14,824 | INFO  | DNAudit | user=null | ip=null | op=WRITE_CHUNK {blockData=conID: 2 locID: 102739174671581653 bcsId: 1725} | ret=SUCCESS |  
2019-09-05 09:23:14,825 | INFO  | DNAudit | user=null | ip=null | op=PUT_BLOCK {blockData=[blockId=conID: 2 locID: 102739174671581653 bcsId: 0,size=3145728]} | ret=SUCCESS |  
2019-09-05 09:23:14,825 [grpc-default-executor-0] INFO  client.GrpcClientProtocolClient (GrpcClientProtocolClient.java:onNext(255)) - client-969FB6DA8C9A->4fcc8d53-44cb-4faf-b915-5afa0c7529d4: receive RaftClientReply:client-969FB6DA8C9A->4fcc8d53-44cb-4faf-b915-5afa0c7529d4@group-6A615BAE1DD1, cid=1261, SUCCESS, logIndex=1730, commits[4fcc8d53-44cb-4faf-b915-5afa0c7529d4:c1731, 48aa5eb4-709c-4003-adb5-fbc02723cd23:c1729, 609a8cf1-6ad3-4123-b94a-106ad93148a8:c1729]
2019-09-05 09:23:14,825 [grpc-default-executor-0] INFO  client.GrpcClientProtocolClient (GrpcClientProtocolClient.java:onNext(255)) - client-969FB6DA8C9A->4fcc8d53-44cb-4faf-b915-5afa0c7529d4: receive RaftClientReply:client-969FB6DA8C9A->4fcc8d53-44cb-4faf-b915-5afa0c7529d4@group-6A615BAE1DD1, cid=1262, SUCCESS, logIndex=1731, commits[4fcc8d53-44cb-4faf-b915-5afa0c7529d4:c1731, 48aa5eb4-709c-4003-adb5-fbc02723cd23:c1729, 609a8cf1-6ad3-4123-b94a-106ad93148a8:c1729]
2019-09-05 09:23:14,831 | INFO  | DNAudit | user=null | ip=null | op=WRITE_CHUNK {blockData=conID: 2 locID: 102739174671581653 bcsId: 1731} | ret=SUCCESS |  
2019-09-05 09:23:14,833 | INFO  | DNAudit | user=null | ip=null | op=WRITE_CHUNK {blockData=conID: 2 locID: 102739174671581653 bcsId: 1731} | ret=SUCCESS |  
2019-09-05 09:23:14,833 | INFO  | DNAudit | user=null | ip=null | op=WRITE_CHUNK {blockData=conID: 2 locID: 102739174671581653 bcsId: 1731} | ret=SUCCESS |  
2019-09-05 09:23:14,848 | INFO  | DNAudit | user=null | ip=null | op=WRITE_CHUNK {blockData=conID: 2 locID: 102739174671581653 bcsId: 1725} | ret=SUCCESS |  
2019-09-05 09:23:14,848 | INFO  | DNAudit | user=null | ip=null | op=WRITE_CHUNK {blockData=conID: 2 locID: 102739174671581653 bcsId: 1725} | ret=SUCCESS |  
2019-09-05 09:23:14,849 | INFO  | DNAudit | user=null | ip=null | op=PUT_BLOCK {blockData=[blockId=conID: 2 locID: 102739174671581653 bcsId: 0,size=3145728]} | ret=SUCCESS |  
2019-09-05 09:23:14,849 | INFO  | DNAudit | user=null | ip=null | op=PUT_BLOCK {blockData=[blockId=conID: 2 locID: 102739174671581653 bcsId: 0,size=3145728]} | ret=SUCCESS |  
2019-09-05 09:23:14,849 | INFO  | DNAudit | user=null | ip=null | op=WRITE_CHUNK {blockData=conID: 2 locID: 102739174671581653 bcsId: 1731} | ret=SUCCESS |  
2019-09-05 09:23:14,850 | INFO  | DNAudit | user=null | ip=null | op=PUT_BLOCK {blockData=[blockId=conID: 2 locID: 102739174671581653 bcsId: 0,size=4194304]} | ret=SUCCESS |  
2019-09-05 09:23:14,850 [grpc-default-executor-4] INFO  client.GrpcClientProtocolClient (GrpcClientProtocolClient.java:onNext(255)) - client-969FB6DA8C9A->4fcc8d53-44cb-4faf-b915-5afa0c7529d4: receive RaftClientReply:client-969FB6DA8C9A->4fcc8d53-44cb-4faf-b915-5afa0c7529d4@group-6A615BAE1DD1, cid=1263, SUCCESS, logIndex=1734, commits[4fcc8d53-44cb-4faf-b915-5afa0c7529d4:c1734, 48aa5eb4-709c-4003-adb5-fbc02723cd23:c1731, 609a8cf1-6ad3-4123-b94a-106ad93148a8:c1731]
2019-09-05 09:23:14,850 [grpc-default-executor-4] INFO  client.GrpcClientProtocolClient (GrpcClientProtocolClient.java:onNext(255)) - client-969FB6DA8C9A->4fcc8d53-44cb-4faf-b915-5afa0c7529d4: receive RaftClientReply:client-969FB6DA8C9A->4fcc8d53-44cb-4faf-b915-5afa0c7529d4@group-6A615BAE1DD1, cid=1264, SUCCESS, logIndex=1735, commits[4fcc8d53-44cb-4faf-b915-5afa0c7529d4:c1735, 48aa5eb4-709c-4003-adb5-fbc02723cd23:c1731, 609a8cf1-6ad3-4123-b94a-106ad93148a8:c1731]
2019-09-05 09:23:14,878 | INFO  | DNAudit | user=null | ip=null | op=WRITE_CHUNK {blockData=conID: 2 locID: 102739174671581653 bcsId: 1731} | ret=SUCCESS |  
2019-09-05 09:23:14,878 | INFO  | DNAudit | user=null | ip=null | op=WRITE_CHUNK {blockData=conID: 2 locID: 102739174671581653 bcsId: 1731} | ret=SUCCESS |  
2019-09-05 09:23:14,879 | INFO  | DNAudit | user=null | ip=null | op=PUT_BLOCK {blockData=[blockId=conID: 2 locID: 102739174671581653 bcsId: 0,size=4194304]} | ret=SUCCESS |  
2019-09-05 09:23:14,879 | INFO  | DNAudit | user=null | ip=null | op=PUT_BLOCK {blockData=[blockId=conID: 2 locID: 102739174671581653 bcsId: 0,size=4194304]} | ret=SUCCESS |  
2019-09-05 09:23:14,880 [grpc-default-executor-0] INFO  client.GrpcClientProtocolClient (GrpcClientProtocolClient.java:onNext(255)) - client-969FB6DA8C9A->4fcc8d53-44cb-4faf-b915-5afa0c7529d4: receive RaftClientReply:client-969FB6DA8C9A->4fcc8d53-44cb-4faf-b915-5afa0c7529d4@group-6A615BAE1DD1, cid=1265, SUCCESS, logIndex=0, commits[4fcc8d53-44cb-4faf-b915-5afa0c7529d4:c1737, 48aa5eb4-709c-4003-adb5-fbc02723cd23:c1735, 609a8cf1-6ad3-4123-b94a-106ad93148a8:c1735]
2019-09-05 09:23:14,884 | INFO  | SCMAudit | user=jenkins1000 | ip=192.168.36.69 | op=ALLOCATE_BLOCK {owner=5cf4fcf6-c517-45f4-af25-2fff646d8883, size=4194304, type=RATIS, factor=THREE} | ret=SUCCESS |  
2019-09-05 09:23:14,887 | INFO  | OMAudit | user=jenkins1000 | ip=127.0.0.1 | op=ALLOCATE_BLOCK {volume=vol-0-13331, bucket=bucket-0-43606, key=key-0-76526, dataSize=0, replicationType=null, replicationFactor=null, keyLocationInfo=null, clientID=102739173903106450} | ret=SUCCESS |  
2019-09-05 09:23:14,895 | INFO  | DNAudit | user=null | ip=null | op=WRITE_CHUNK {blockData=conID: 3 locID: 102739174679118294 bcsId: 0} | ret=SUCCESS |  
2019-09-05 09:23:14,899 | INFO  | DNAudit | user=null | ip=null | op=WRITE_CHUNK {blockData=conID: 3 locID: 102739174679118294 bcsId: 0} | ret=SUCCESS |  
2019-09-05 09:23:14,899 | INFO  | DNAudit | user=null | ip=null | op=WRITE_CHUNK {blockData=conID: 3 locID: 102739174679118294 bcsId: 0} | ret=SUCCESS |  
2019-09-05 09:23:14,899 | INFO  | DNAudit | user=null | ip=null | op=WRITE_CHUNK {blockData=conID: 3 locID: 102739174679118294 bcsId: 0} | ret=SUCCESS |  
2019-09-05 09:23:14,901 | INFO  | DNAudit | user=null | ip=null | op=WRITE_CHUNK {blockData=conID: 3 locID: 102739174679118294 bcsId: 0} | ret=SUCCESS |  
2019-09-05 09:23:14,901 | INFO  | DNAudit | user=null | ip=null | op=WRITE_CHUNK {blockData=conID: 3 locID: 102739174679118294 bcsId: 0} | ret=SUCCESS |  
2019-09-05 09:23:14,914 | INFO  | DNAudit | user=null | ip=null | op=WRITE_CHUNK {blockData=conID: 3 locID: 102739174679118294 bcsId: 0} | ret=SUCCESS |  
2019-09-05 09:23:14,914 | INFO  | DNAudit | user=null | ip=null | op=PUT_BLOCK {blockData=[blockId=conID: 3 locID: 102739174679118294 bcsId: 0,size=1048576]} | ret=SUCCESS |  
2019-09-05 09:23:14,915 [grpc-default-executor-4] INFO  client.GrpcClientProtocolClient (GrpcClientProtocolClient.java:onNext(255)) - client-969FB6DA8C9A->4fcc8d53-44cb-4faf-b915-5afa0c7529d4: receive RaftClientReply:client-969FB6DA8C9A->4fcc8d53-44cb-4faf-b915-5afa0c7529d4@group-6A615BAE1DD1, cid=1266, SUCCESS, logIndex=1738, commits[4fcc8d53-44cb-4faf-b915-5afa0c7529d4:c1739, 48aa5eb4-709c-4003-adb5-fbc02723cd23:c1737, 609a8cf1-6ad3-4123-b94a-106ad93148a8:c1737]
2019-09-05 09:23:14,916 | INFO  | DNAudit | user=null | ip=null | op=WRITE_CHUNK {blockData=conID: 3 locID: 102739174679118294 bcsId: 0} | ret=SUCCESS |  
2019-09-05 09:23:14,916 | INFO  | DNAudit | user=null | ip=null | op=PUT_BLOCK {blockData=[blockId=conID: 3 locID: 102739174679118294 bcsId: 0,size=2097152]} | ret=SUCCESS |  
2019-09-05 09:23:14,916 [grpc-default-executor-4] INFO  client.GrpcClientProtocolClient (GrpcClientProtocolClient.java:onNext(255)) - client-969FB6DA8C9A->4fcc8d53-44cb-4faf-b915-5afa0c7529d4: receive RaftClientReply:client-969FB6DA8C9A->4fcc8d53-44cb-4faf-b915-5afa0c7529d4@group-6A615BAE1DD1, cid=1267, SUCCESS, logIndex=1739, commits[4fcc8d53-44cb-4faf-b915-5afa0c7529d4:c1739, 48aa5eb4-709c-4003-adb5-fbc02723cd23:c1737, 609a8cf1-6ad3-4123-b94a-106ad93148a8:c1737]
2019-09-05 09:23:14,916 [grpc-default-executor-4] INFO  client.GrpcClientProtocolClient (GrpcClientProtocolClient.java:onNext(255)) - client-969FB6DA8C9A->4fcc8d53-44cb-4faf-b915-5afa0c7529d4: receive RaftClientReply:client-969FB6DA8C9A->4fcc8d53-44cb-4faf-b915-5afa0c7529d4@group-6A615BAE1DD1, cid=1268, SUCCESS, logIndex=1740, commits[4fcc8d53-44cb-4faf-b915-5afa0c7529d4:c1741, 48aa5eb4-709c-4003-adb5-fbc02723cd23:c1737, 609a8cf1-6ad3-4123-b94a-106ad93148a8:c1737]
2019-09-05 09:23:14,917 [grpc-default-executor-4] INFO  client.GrpcClientProtocolClient (GrpcClientProtocolClient.java:onNext(255)) - client-969FB6DA8C9A->4fcc8d53-44cb-4faf-b915-5afa0c7529d4: receive RaftClientReply:client-969FB6DA8C9A->4fcc8d53-44cb-4faf-b915-5afa0c7529d4@group-6A615BAE1DD1, cid=1269, SUCCESS, logIndex=1741, commits[4fcc8d53-44cb-4faf-b915-5afa0c7529d4:c1741, 48aa5eb4-709c-4003-adb5-fbc02723cd23:c1737, 609a8cf1-6ad3-4123-b94a-106ad93148a8:c1737]
2019-09-05 09:23:14,943 | INFO  | DNAudit | user=null | ip=null | op=WRITE_CHUNK {blockData=conID: 3 locID: 102739174679118294 bcsId: 0} | ret=SUCCESS |  
2019-09-05 09:23:14,943 | INFO  | DNAudit | user=null | ip=null | op=WRITE_CHUNK {blockData=conID: 3 locID: 102739174679118294 bcsId: 0} | ret=SUCCESS |  
2019-09-05 09:23:14,943 | INFO  | DNAudit | user=null | ip=null | op=PUT_BLOCK {blockData=[blockId=conID: 3 locID: 102739174679118294 bcsId: 0,size=1048576]} | ret=SUCCESS |  
2019-09-05 09:23:14,943 | INFO  | DNAudit | user=null | ip=null | op=PUT_BLOCK {blockData=[blockId=conID: 3 locID: 102739174679118294 bcsId: 0,size=1048576]} | ret=SUCCESS |  
2019-09-05 09:23:14,944 | INFO  | DNAudit | user=null | ip=null | op=WRITE_CHUNK {blockData=conID: 3 locID: 102739174679118294 bcsId: 0} | ret=SUCCESS |  
2019-09-05 09:23:14,944 | INFO  | DNAudit | user=null | ip=null | op=PUT_BLOCK {blockData=[blockId=conID: 3 locID: 102739174679118294 bcsId: 0,size=2097152]} | ret=SUCCESS |  
2019-09-05 09:23:14,944 [grpc-default-executor-0] INFO  client.GrpcClientProtocolClient (GrpcClientProtocolClient.java:onNext(255)) - client-969FB6DA8C9A->4fcc8d53-44cb-4faf-b915-5afa0c7529d4: receive RaftClientReply:client-969FB6DA8C9A->4fcc8d53-44cb-4faf-b915-5afa0c7529d4@group-6A615BAE1DD1, cid=1270, SUCCESS, logIndex=0, commits[4fcc8d53-44cb-4faf-b915-5afa0c7529d4:c1743, 48aa5eb4-709c-4003-adb5-fbc02723cd23:c1739, 609a8cf1-6ad3-4123-b94a-106ad93148a8:c1739]
2019-09-05 09:23:14,944 | INFO  | DNAudit | user=null | ip=null | op=WRITE_CHUNK {blockData=conID: 3 locID: 102739174679118294 bcsId: 0} | ret=SUCCESS |  
2019-09-05 09:23:14,945 | INFO  | DNAudit | user=null | ip=null | op=PUT_BLOCK {blockData=[blockId=conID: 3 locID: 102739174679118294 bcsId: 0,size=2097152]} | ret=SUCCESS |  
2019-09-05 09:23:14,952 | INFO  | DNAudit | user=null | ip=null | op=WRITE_CHUNK {blockData=conID: 3 locID: 102739174679118294 bcsId: 1741} | ret=SUCCESS |  
2019-09-05 09:23:14,954 | INFO  | DNAudit | user=null | ip=null | op=WRITE_CHUNK {blockData=conID: 3 locID: 102739174679118294 bcsId: 1741} | ret=SUCCESS |  
2019-09-05 09:23:14,955 | INFO  | DNAudit | user=null | ip=null | op=WRITE_CHUNK {blockData=conID: 3 locID: 102739174679118294 bcsId: 1741} | ret=SUCCESS |  
2019-09-05 09:23:14,976 | INFO  | DNAudit | user=null | ip=null | op=WRITE_CHUNK {blockData=conID: 3 locID: 102739174679118294 bcsId: 1741} | ret=SUCCESS |  
2019-09-05 09:23:14,977 | INFO  | DNAudit | user=null | ip=null | op=PUT_BLOCK {blockData=[blockId=conID: 3 locID: 102739174679118294 bcsId: 0,size=3145728]} | ret=SUCCESS |  
2019-09-05 09:23:14,977 [grpc-default-executor-3] INFO  client.GrpcClientProtocolClient (GrpcClientProtocolClient.java:onNext(255)) - client-969FB6DA8C9A->4fcc8d53-44cb-4faf-b915-5afa0c7529d4: receive RaftClientReply:client-969FB6DA8C9A->4fcc8d53-44cb-4faf-b915-5afa0c7529d4@group-6A615BAE1DD1, cid=1271, SUCCESS, logIndex=1746, commits[4fcc8d53-44cb-4faf-b915-5afa0c7529d4:c1747, 48aa5eb4-709c-4003-adb5-fbc02723cd23:c1745, 609a8cf1-6ad3-4123-b94a-106ad93148a8:c1745]
2019-09-05 09:23:14,977 [grpc-default-executor-3] INFO  client.GrpcClientProtocolClient (GrpcClientProtocolClient.java:onNext(255)) - client-969FB6DA8C9A->4fcc8d53-44cb-4faf-b915-5afa0c7529d4: receive RaftClientReply:client-969FB6DA8C9A->4fcc8d53-44cb-4faf-b915-5afa0c7529d4@group-6A615BAE1DD1, cid=1272, SUCCESS, logIndex=1747, commits[4fcc8d53-44cb-4faf-b915-5afa0c7529d4:c1747, 48aa5eb4-709c-4003-adb5-fbc02723cd23:c1745, 609a8cf1-6ad3-4123-b94a-106ad93148a8:c1745]
2019-09-05 09:23:14,985 | INFO  | DNAudit | user=null | ip=null | op=WRITE_CHUNK {blockData=conID: 3 locID: 102739174679118294 bcsId: 1747} | ret=SUCCESS |  
2019-09-05 09:23:14,988 | INFO  | DNAudit | user=null | ip=null | op=WRITE_CHUNK {blockData=conID: 3 locID: 102739174679118294 bcsId: 1747} | ret=SUCCESS |  
2019-09-05 09:23:14,988 | INFO  | DNAudit | user=null | ip=null | op=WRITE_CHUNK {blockData=conID: 3 locID: 102739174679118294 bcsId: 1747} | ret=SUCCESS |  
2019-09-05 09:23:14,997 | INFO  | DNAudit | user=null | ip=null | op=WRITE_CHUNK {blockData=conID: 3 locID: 102739174679118294 bcsId: 1741} | ret=SUCCESS |  
2019-09-05 09:23:14,997 | INFO  | DNAudit | user=null | ip=null | op=WRITE_CHUNK {blockData=conID: 3 locID: 102739174679118294 bcsId: 1741} | ret=SUCCESS |  
2019-09-05 09:23:14,998 | INFO  | DNAudit | user=null | ip=null | op=PUT_BLOCK {blockData=[blockId=conID: 3 locID: 102739174679118294 bcsId: 0,size=3145728]} | ret=SUCCESS |  
2019-09-05 09:23:14,998 | INFO  | DNAudit | user=null | ip=null | op=PUT_BLOCK {blockData=[blockId=conID: 3 locID: 102739174679118294 bcsId: 0,size=3145728]} | ret=SUCCESS |  
2019-09-05 09:23:15,020 | INFO  | DNAudit | user=null | ip=null | op=WRITE_CHUNK {blockData=conID: 3 locID: 102739174679118294 bcsId: 1747} | ret=SUCCESS |  
2019-09-05 09:23:15,020 | INFO  | DNAudit | user=null | ip=null | op=PUT_BLOCK {blockData=[blockId=conID: 3 locID: 102739174679118294 bcsId: 0,size=4194304]} | ret=SUCCESS |  
2019-09-05 09:23:15,020 [grpc-default-executor-3] INFO  client.GrpcClientProtocolClient (GrpcClientProtocolClient.java:onNext(255)) - client-969FB6DA8C9A->4fcc8d53-44cb-4faf-b915-5afa0c7529d4: receive RaftClientReply:client-969FB6DA8C9A->4fcc8d53-44cb-4faf-b915-5afa0c7529d4@group-6A615BAE1DD1, cid=1273, SUCCESS, logIndex=1750, commits[4fcc8d53-44cb-4faf-b915-5afa0c7529d4:c1751, 48aa5eb4-709c-4003-adb5-fbc02723cd23:c1747, 609a8cf1-6ad3-4123-b94a-106ad93148a8:c1747]
2019-09-05 09:23:15,021 [grpc-default-executor-3] INFO  client.GrpcClientProtocolClient (GrpcClientProtocolClient.java:onNext(255)) - client-969FB6DA8C9A->4fcc8d53-44cb-4faf-b915-5afa0c7529d4: receive RaftClientReply:client-969FB6DA8C9A->4fcc8d53-44cb-4faf-b915-5afa0c7529d4@group-6A615BAE1DD1, cid=1274, SUCCESS, logIndex=1751, commits[4fcc8d53-44cb-4faf-b915-5afa0c7529d4:c1751, 48aa5eb4-709c-4003-adb5-fbc02723cd23:c1747, 609a8cf1-6ad3-4123-b94a-106ad93148a8:c1747]
 0.00% |█                                                                                                    |  0/1 Time: 0:00:122019-09-05 09:23:15,044 | INFO  | DNAudit | user=null | ip=null | op=WRITE_CHUNK {blockData=conID: 3 locID: 102739174679118294 bcsId: 1747} | ret=SUCCESS |  
2019-09-05 09:23:15,044 | INFO  | DNAudit | user=null | ip=null | op=WRITE_CHUNK {blockData=conID: 3 locID: 102739174679118294 bcsId: 1747} | ret=SUCCESS |  
2019-09-05 09:23:15,045 | INFO  | DNAudit | user=null | ip=null | op=PUT_BLOCK {blockData=[blockId=conID: 3 locID: 102739174679118294 bcsId: 0,size=4194304]} | ret=SUCCESS |  
2019-09-05 09:23:15,045 | INFO  | DNAudit | user=null | ip=null | op=PUT_BLOCK {blockData=[blockId=conID: 3 locID: 102739174679118294 bcsId: 0,size=4194304]} | ret=SUCCESS |  
2019-09-05 09:23:15,045 [grpc-default-executor-3] INFO  client.GrpcClientProtocolClient (GrpcClientProtocolClient.java:onNext(255)) - client-969FB6DA8C9A->4fcc8d53-44cb-4faf-b915-5afa0c7529d4: receive RaftClientReply:client-969FB6DA8C9A->4fcc8d53-44cb-4faf-b915-5afa0c7529d4@group-6A615BAE1DD1, cid=1275, SUCCESS, logIndex=0, commits[4fcc8d53-44cb-4faf-b915-5afa0c7529d4:c1753, 48aa5eb4-709c-4003-adb5-fbc02723cd23:c1751, 609a8cf1-6ad3-4123-b94a-106ad93148a8:c1751]
2019-09-05 09:23:15,050 | INFO  | SCMAudit | user=jenkins1000 | ip=192.168.36.69 | op=ALLOCATE_BLOCK {owner=5cf4fcf6-c517-45f4-af25-2fff646d8883, size=4194304, type=RATIS, factor=THREE} | ret=SUCCESS |  
2019-09-05 09:23:15,053 | INFO  | OMAudit | user=jenkins1000 | ip=127.0.0.1 | op=ALLOCATE_BLOCK {volume=vol-0-13331, bucket=bucket-0-43606, key=key-0-76526, dataSize=0, replicationType=null, replicationFactor=null, keyLocationInfo=null, clientID=102739173903106450} | ret=SUCCESS |  
2019-09-05 09:23:15,053 | INFO  | SCMAudit | user=jenkins1000 | ip=192.168.36.69 | op=SEND_HEARTBEAT {datanodeUUID=609a8cf1-6ad3-4123-b94a-106ad93148a8, command=[]} | ret=SUCCESS |  
2019-09-05 09:23:15,053 | INFO  | SCMAudit | user=jenkins1000 | ip=192.168.36.69 | op=SEND_HEARTBEAT {datanodeUUID=4fcc8d53-44cb-4faf-b915-5afa0c7529d4, command=[]} | ret=SUCCESS |  
2019-09-05 09:23:15,055 | INFO  | SCMAudit | user=jenkins1000 | ip=192.168.36.69 | op=SEND_HEARTBEAT {datanodeUUID=48aa5eb4-709c-4003-adb5-fbc02723cd23, command=[]} | ret=SUCCESS |  
2019-09-05 09:23:15,103 | INFO  | DNAudit | user=null | ip=null | op=WRITE_CHUNK {blockData=conID: 1 locID: 102739174689997271 bcsId: 0} | ret=SUCCESS |  
2019-09-05 09:23:15,103 | INFO  | DNAudit | user=null | ip=null | op=WRITE_CHUNK {blockData=conID: 1 locID: 102739174689997271 bcsId: 0} | ret=SUCCESS |  
2019-09-05 09:23:15,103 | INFO  | DNAudit | user=null | ip=null | op=WRITE_CHUNK {blockData=conID: 1 locID: 102739174689997271 bcsId: 0} | ret=SUCCESS |  
2019-09-05 09:23:15,103 | INFO  | DNAudit | user=null | ip=null | op=WRITE_CHUNK {blockData=conID: 1 locID: 102739174689997271 bcsId: 0} | ret=SUCCESS |  
2019-09-05 09:23:15,106 | INFO  | DNAudit | user=null | ip=null | op=WRITE_CHUNK {blockData=conID: 1 locID: 102739174689997271 bcsId: 0} | ret=SUCCESS |  
2019-09-05 09:23:15,106 | INFO  | DNAudit | user=null | ip=null | op=WRITE_CHUNK {blockData=conID: 1 locID: 102739174689997271 bcsId: 0} | ret=SUCCESS |  
2019-09-05 09:23:15,114 | INFO  | DNAudit | user=null | ip=null | op=WRITE_CHUNK {blockData=conID: 1 locID: 102739174689997271 bcsId: 0} | ret=SUCCESS |  
2019-09-05 09:23:15,115 | INFO  | DNAudit | user=null | ip=null | op=PUT_BLOCK {blockData=[blockId=conID: 1 locID: 102739174689997271 bcsId: 0,size=1048576]} | ret=SUCCESS |  
2019-09-05 09:23:15,115 | INFO  | DNAudit | user=null | ip=null | op=WRITE_CHUNK {blockData=conID: 1 locID: 102739174689997271 bcsId: 0} | ret=SUCCESS |  
2019-09-05 09:23:15,115 [grpc-default-executor-4] INFO  client.GrpcClientProtocolClient (GrpcClientProtocolClient.java:onNext(255)) - client-969FB6DA8C9A->4fcc8d53-44cb-4faf-b915-5afa0c7529d4: receive RaftClientReply:client-969FB6DA8C9A->4fcc8d53-44cb-4faf-b915-5afa0c7529d4@group-6A615BAE1DD1, cid=1276, SUCCESS, logIndex=1754, commits[4fcc8d53-44cb-4faf-b915-5afa0c7529d4:c1756, 48aa5eb4-709c-4003-adb5-fbc02723cd23:c1753, 609a8cf1-6ad3-4123-b94a-106ad93148a8:c1753]
2019-09-05 09:23:15,115 | INFO  | DNAudit | user=null | ip=null | op=PUT_BLOCK {blockData=[blockId=conID: 1 locID: 102739174689997271 bcsId: 0,size=2097152]} | ret=SUCCESS |  
2019-09-05 09:23:15,115 [grpc-default-executor-4] INFO  client.GrpcClientProtocolClient (GrpcClientProtocolClient.java:onNext(255)) - client-969FB6DA8C9A->4fcc8d53-44cb-4faf-b915-5afa0c7529d4: receive RaftClientReply:client-969FB6DA8C9A->4fcc8d53-44cb-4faf-b915-5afa0c7529d4@group-6A615BAE1DD1, cid=1277, SUCCESS, logIndex=1755, commits[4fcc8d53-44cb-4faf-b915-5afa0c7529d4:c1757, 48aa5eb4-709c-4003-adb5-fbc02723cd23:c1753, 609a8cf1-6ad3-4123-b94a-106ad93148a8:c1753]
2019-09-05 09:23:15,116 [grpc-default-executor-4] INFO  client.GrpcClientProtocolClient (GrpcClientProtocolClient.java:onNext(255)) - client-969FB6DA8C9A->4fcc8d53-44cb-4faf-b915-5afa0c7529d4: receive RaftClientReply:client-969FB6DA8C9A->4fcc8d53-44cb-4faf-b915-5afa0c7529d4@group-6A615BAE1DD1, cid=1278, SUCCESS, logIndex=1756, commits[4fcc8d53-44cb-4faf-b915-5afa0c7529d4:c1757, 48aa5eb4-709c-4003-adb5-fbc02723cd23:c1753, 609a8cf1-6ad3-4123-b94a-106ad93148a8:c1753]
2019-09-05 09:23:15,116 [grpc-default-executor-4] INFO  client.GrpcClientProtocolClient (GrpcClientProtocolClient.java:onNext(255)) - client-969FB6DA8C9A->4fcc8d53-44cb-4faf-b915-5afa0c7529d4: receive RaftClientReply:client-969FB6DA8C9A->4fcc8d53-44cb-4faf-b915-5afa0c7529d4@group-6A615BAE1DD1, cid=1279, SUCCESS, logIndex=1757, commits[4fcc8d53-44cb-4faf-b915-5afa0c7529d4:c1757, 48aa5eb4-709c-4003-adb5-fbc02723cd23:c1753, 609a8cf1-6ad3-4123-b94a-106ad93148a8:c1753]
2019-09-05 09:23:15,139 | INFO  | DNAudit | user=null | ip=null | op=WRITE_CHUNK {blockData=conID: 1 locID: 102739174689997271 bcsId: 0} | ret=SUCCESS |  
2019-09-05 09:23:15,139 | INFO  | DNAudit | user=null | ip=null | op=WRITE_CHUNK {blockData=conID: 1 locID: 102739174689997271 bcsId: 0} | ret=SUCCESS |  
2019-09-05 09:23:15,140 | INFO  | DNAudit | user=null | ip=null | op=PUT_BLOCK {blockData=[blockId=conID: 1 locID: 102739174689997271 bcsId: 0,size=1048576]} | ret=SUCCESS |  
2019-09-05 09:23:15,140 | INFO  | DNAudit | user=null | ip=null | op=PUT_BLOCK {blockData=[blockId=conID: 1 locID: 102739174689997271 bcsId: 0,size=1048576]} | ret=SUCCESS |  
2019-09-05 09:23:15,140 | INFO  | DNAudit | user=null | ip=null | op=WRITE_CHUNK {blockData=conID: 1 locID: 102739174689997271 bcsId: 0} | ret=SUCCESS |  
2019-09-05 09:23:15,140 [grpc-default-executor-4] INFO  client.GrpcClientProtocolClient (GrpcClientProtocolClient.java:onNext(255)) - client-969FB6DA8C9A->4fcc8d53-44cb-4faf-b915-5afa0c7529d4: receive RaftClientReply:client-969FB6DA8C9A->4fcc8d53-44cb-4faf-b915-5afa0c7529d4@group-6A615BAE1DD1, cid=1280, SUCCESS, logIndex=0, commits[4fcc8d53-44cb-4faf-b915-5afa0c7529d4:c1758, 48aa5eb4-709c-4003-adb5-fbc02723cd23:c1756, 609a8cf1-6ad3-4123-b94a-106ad93148a8:c1755]
2019-09-05 09:23:15,140 | INFO  | DNAudit | user=null | ip=null | op=WRITE_CHUNK {blockData=conID: 1 locID: 102739174689997271 bcsId: 0} | ret=SUCCESS |  
2019-09-05 09:23:15,141 | INFO  | DNAudit | user=null | ip=null | op=PUT_BLOCK {blockData=[blockId=conID: 1 locID: 102739174689997271 bcsId: 0,size=2097152]} | ret=SUCCESS |  
2019-09-05 09:23:15,141 | INFO  | DNAudit | user=null | ip=null | op=PUT_BLOCK {blockData=[blockId=conID: 1 locID: 102739174689997271 bcsId: 0,size=2097152]} | ret=SUCCESS |  
2019-09-05 09:23:15,149 | INFO  | DNAudit | user=null | ip=null | op=WRITE_CHUNK {blockData=conID: 1 locID: 102739174689997271 bcsId: 1757} | ret=SUCCESS |  
2019-09-05 09:23:15,151 | INFO  | DNAudit | user=null | ip=null | op=WRITE_CHUNK {blockData=conID: 1 locID: 102739174689997271 bcsId: 1757} | ret=SUCCESS |  
2019-09-05 09:23:15,151 | INFO  | DNAudit | user=null | ip=null | op=WRITE_CHUNK {blockData=conID: 1 locID: 102739174689997271 bcsId: 1757} | ret=SUCCESS |  
2019-09-05 09:23:15,172 | INFO  | DNAudit | user=null | ip=null | op=WRITE_CHUNK {blockData=conID: 1 locID: 102739174689997271 bcsId: 1757} | ret=SUCCESS |  
2019-09-05 09:23:15,172 | INFO  | DNAudit | user=null | ip=null | op=PUT_BLOCK {blockData=[blockId=conID: 1 locID: 102739174689997271 bcsId: 0,size=3145728]} | ret=SUCCESS |  
2019-09-05 09:23:15,173 [grpc-default-executor-5] INFO  client.GrpcClientProtocolClient (GrpcClientProtocolClient.java:onNext(255)) - client-969FB6DA8C9A->4fcc8d53-44cb-4faf-b915-5afa0c7529d4: receive RaftClientReply:client-969FB6DA8C9A->4fcc8d53-44cb-4faf-b915-5afa0c7529d4@group-6A615BAE1DD1, cid=1281, SUCCESS, logIndex=1762, commits[4fcc8d53-44cb-4faf-b915-5afa0c7529d4:c1763, 48aa5eb4-709c-4003-adb5-fbc02723cd23:c1761, 609a8cf1-6ad3-4123-b94a-106ad93148a8:c1761]
2019-09-05 09:23:15,173 [grpc-default-executor-5] INFO  client.GrpcClientProtocolClient (GrpcClientProtocolClient.java:onNext(255)) - client-969FB6DA8C9A->4fcc8d53-44cb-4faf-b915-5afa0c7529d4: receive RaftClientReply:client-969FB6DA8C9A->4fcc8d53-44cb-4faf-b915-5afa0c7529d4@group-6A615BAE1DD1, cid=1282, SUCCESS, logIndex=1763, commits[4fcc8d53-44cb-4faf-b915-5afa0c7529d4:c1763, 48aa5eb4-709c-4003-adb5-fbc02723cd23:c1761, 609a8cf1-6ad3-4123-b94a-106ad93148a8:c1761]
2019-09-05 09:23:15,183 | INFO  | DNAudit | user=null | ip=null | op=WRITE_CHUNK {blockData=conID: 1 locID: 102739174689997271 bcsId: 1763} | ret=SUCCESS |  
2019-09-05 09:23:15,186 | INFO  | DNAudit | user=null | ip=null | op=WRITE_CHUNK {blockData=conID: 1 locID: 102739174689997271 bcsId: 1763} | ret=SUCCESS |  
2019-09-05 09:23:15,186 | INFO  | DNAudit | user=null | ip=null | op=WRITE_CHUNK {blockData=conID: 1 locID: 102739174689997271 bcsId: 1763} | ret=SUCCESS |  
2019-09-05 09:23:15,194 | INFO  | DNAudit | user=null | ip=null | op=WRITE_CHUNK {blockData=conID: 1 locID: 102739174689997271 bcsId: 1757} | ret=SUCCESS |  
2019-09-05 09:23:15,194 | INFO  | DNAudit | user=null | ip=null | op=WRITE_CHUNK {blockData=conID: 1 locID: 102739174689997271 bcsId: 1757} | ret=SUCCESS |  
2019-09-05 09:23:15,195 | INFO  | DNAudit | user=null | ip=null | op=PUT_BLOCK {blockData=[blockId=conID: 1 locID: 102739174689997271 bcsId: 0,size=3145728]} | ret=SUCCESS |  
2019-09-05 09:23:15,195 | INFO  | DNAudit | user=null | ip=null | op=PUT_BLOCK {blockData=[blockId=conID: 1 locID: 102739174689997271 bcsId: 0,size=3145728]} | ret=SUCCESS |  
2019-09-05 09:23:15,196 | INFO  | DNAudit | user=null | ip=null | op=WRITE_CHUNK {blockData=conID: 1 locID: 102739174689997271 bcsId: 1763} | ret=SUCCESS |  
2019-09-05 09:23:15,196 | INFO  | DNAudit | user=null | ip=null | op=PUT_BLOCK {blockData=[blockId=conID: 1 locID: 102739174689997271 bcsId: 0,size=4194304]} | ret=SUCCESS |  
2019-09-05 09:23:15,196 [grpc-default-executor-4] INFO  client.GrpcClientProtocolClient (GrpcClientProtocolClient.java:onNext(255)) - client-969FB6DA8C9A->4fcc8d53-44cb-4faf-b915-5afa0c7529d4: receive RaftClientReply:client-969FB6DA8C9A->4fcc8d53-44cb-4faf-b915-5afa0c7529d4@group-6A615BAE1DD1, cid=1283, SUCCESS, logIndex=1766, commits[4fcc8d53-44cb-4faf-b915-5afa0c7529d4:c1767, 48aa5eb4-709c-4003-adb5-fbc02723cd23:c1763, 609a8cf1-6ad3-4123-b94a-106ad93148a8:c1763]
2019-09-05 09:23:15,197 [grpc-default-executor-4] INFO  client.GrpcClientProtocolClient (GrpcClientProtocolClient.java:onNext(255)) - client-969FB6DA8C9A->4fcc8d53-44cb-4faf-b915-5afa0c7529d4: receive RaftClientReply:client-969FB6DA8C9A->4fcc8d53-44cb-4faf-b915-5afa0c7529d4@group-6A615BAE1DD1, cid=1284, SUCCESS, logIndex=1767, commits[4fcc8d53-44cb-4faf-b915-5afa0c7529d4:c1767, 48aa5eb4-709c-4003-adb5-fbc02723cd23:c1763, 609a8cf1-6ad3-4123-b94a-106ad93148a8:c1763]
2019-09-05 09:23:15,227 | INFO  | DNAudit | user=null | ip=null | op=WRITE_CHUNK {blockData=conID: 1 locID: 102739174689997271 bcsId: 1763} | ret=SUCCESS |  
2019-09-05 09:23:15,228 | INFO  | DNAudit | user=null | ip=null | op=WRITE_CHUNK {blockData=conID: 1 locID: 102739174689997271 bcsId: 1763} | ret=SUCCESS |  
2019-09-05 09:23:15,228 | INFO  | DNAudit | user=null | ip=null | op=PUT_BLOCK {blockData=[blockId=conID: 1 locID: 102739174689997271 bcsId: 0,size=4194304]} | ret=SUCCESS |  
2019-09-05 09:23:15,229 | INFO  | DNAudit | user=null | ip=null | op=PUT_BLOCK {blockData=[blockId=conID: 1 locID: 102739174689997271 bcsId: 0,size=4194304]} | ret=SUCCESS |  
2019-09-05 09:23:15,229 [grpc-default-executor-4] INFO  client.GrpcClientProtocolClient (GrpcClientProtocolClient.java:onNext(255)) - client-969FB6DA8C9A->4fcc8d53-44cb-4faf-b915-5afa0c7529d4: receive RaftClientReply:client-969FB6DA8C9A->4fcc8d53-44cb-4faf-b915-5afa0c7529d4@group-6A615BAE1DD1, cid=1285, SUCCESS, logIndex=0, commits[4fcc8d53-44cb-4faf-b915-5afa0c7529d4:c1769, 48aa5eb4-709c-4003-adb5-fbc02723cd23:c1767, 609a8cf1-6ad3-4123-b94a-106ad93148a8:c1767]
2019-09-05 09:23:15,235 | INFO  | SCMAudit | user=jenkins1000 | ip=192.168.36.69 | op=ALLOCATE_BLOCK {owner=5cf4fcf6-c517-45f4-af25-2fff646d8883, size=4194304, type=RATIS, factor=THREE} | ret=SUCCESS |  
2019-09-05 09:23:15,238 | INFO  | SCMAudit | user=jenkins1000 | ip=192.168.36.69 | op=SEND_HEARTBEAT {datanodeUUID=5b6cff60-1414-40d6-b682-781dc5ff3023, command=[]} | ret=SUCCESS |  
2019-09-05 09:23:15,239 | INFO  | OMAudit | user=jenkins1000 | ip=127.0.0.1 | op=ALLOCATE_BLOCK {volume=vol-0-13331, bucket=bucket-0-43606, key=key-0-76526, dataSize=0, replicationType=null, replicationFactor=null, keyLocationInfo=null, clientID=102739173903106450} | ret=SUCCESS |  
2019-09-05 09:23:15,414 | INFO  | SCMAudit | user=jenkins1000 | ip=192.168.36.69 | op=SEND_HEARTBEAT {datanodeUUID=fe9e29a7-51ad-458f-9e11-f615da290baa, command=[]} | ret=SUCCESS |  
2019-09-05 09:23:15,417 | INFO  | DNAudit | user=null | ip=null | op=WRITE_CHUNK {blockData=conID: 2 locID: 102739174702121432 bcsId: 0} | ret=SUCCESS |  
2019-09-05 09:23:15,420 | INFO  | DNAudit | user=null | ip=null | op=WRITE_CHUNK {blockData=conID: 2 locID: 102739174702121432 bcsId: 0} | ret=SUCCESS |  
2019-09-05 09:23:15,421 | INFO  | DNAudit | user=null | ip=null | op=WRITE_CHUNK {blockData=conID: 2 locID: 102739174702121432 bcsId: 0} | ret=SUCCESS |  
2019-09-05 09:23:15,421 | INFO  | DNAudit | user=null | ip=null | op=WRITE_CHUNK {blockData=conID: 2 locID: 102739174702121432 bcsId: 0} | ret=SUCCESS |  
2019-09-05 09:23:15,423 | INFO  | DNAudit | user=null | ip=null | op=WRITE_CHUNK {blockData=conID: 2 locID: 102739174702121432 bcsId: 0} | ret=SUCCESS |  
2019-09-05 09:23:15,423 | INFO  | DNAudit | user=null | ip=null | op=WRITE_CHUNK {blockData=conID: 2 locID: 102739174702121432 bcsId: 0} | ret=SUCCESS |  
2019-09-05 09:23:15,434 | INFO  | DNAudit | user=null | ip=null | op=WRITE_CHUNK {blockData=conID: 2 locID: 102739174702121432 bcsId: 0} | ret=SUCCESS |  
2019-09-05 09:23:15,435 | INFO  | DNAudit | user=null | ip=null | op=PUT_BLOCK {blockData=[blockId=conID: 2 locID: 102739174702121432 bcsId: 0,size=1048576]} | ret=SUCCESS |  
2019-09-05 09:23:15,435 [grpc-default-executor-5] INFO  client.GrpcClientProtocolClient (GrpcClientProtocolClient.java:onNext(255)) - client-969FB6DA8C9A->4fcc8d53-44cb-4faf-b915-5afa0c7529d4: receive RaftClientReply:client-969FB6DA8C9A->4fcc8d53-44cb-4faf-b915-5afa0c7529d4@group-6A615BAE1DD1, cid=1286, SUCCESS, logIndex=1770, commits[4fcc8d53-44cb-4faf-b915-5afa0c7529d4:c1773, 48aa5eb4-709c-4003-adb5-fbc02723cd23:c1769, 609a8cf1-6ad3-4123-b94a-106ad93148a8:c1769]
2019-09-05 09:23:15,435 | INFO  | DNAudit | user=null | ip=null | op=WRITE_CHUNK {blockData=conID: 2 locID: 102739174702121432 bcsId: 0} | ret=SUCCESS |  
2019-09-05 09:23:15,435 [grpc-default-executor-5] INFO  client.GrpcClientProtocolClient (GrpcClientProtocolClient.java:onNext(255)) - client-969FB6DA8C9A->4fcc8d53-44cb-4faf-b915-5afa0c7529d4: receive RaftClientReply:client-969FB6DA8C9A->4fcc8d53-44cb-4faf-b915-5afa0c7529d4@group-6A615BAE1DD1, cid=1287, SUCCESS, logIndex=1771, commits[4fcc8d53-44cb-4faf-b915-5afa0c7529d4:c1773, 48aa5eb4-709c-4003-adb5-fbc02723cd23:c1769, 609a8cf1-6ad3-4123-b94a-106ad93148a8:c1769]
2019-09-05 09:23:15,438 | INFO  | DNAudit | user=null | ip=null | op=PUT_BLOCK {blockData=[blockId=conID: 2 locID: 102739174702121432 bcsId: 0,size=2097152]} | ret=SUCCESS |  
2019-09-05 09:23:15,438 [grpc-default-executor-5] INFO  client.GrpcClientProtocolClient (GrpcClientProtocolClient.java:onNext(255)) - client-969FB6DA8C9A->4fcc8d53-44cb-4faf-b915-5afa0c7529d4: receive RaftClientReply:client-969FB6DA8C9A->4fcc8d53-44cb-4faf-b915-5afa0c7529d4@group-6A615BAE1DD1, cid=1288, SUCCESS, logIndex=1772, commits[4fcc8d53-44cb-4faf-b915-5afa0c7529d4:c1773, 48aa5eb4-709c-4003-adb5-fbc02723cd23:c1769, 609a8cf1-6ad3-4123-b94a-106ad93148a8:c1769]
2019-09-05 09:23:15,438 [grpc-default-executor-5] INFO  client.GrpcClientProtocolClient (GrpcClientProtocolClient.java:onNext(255)) - client-969FB6DA8C9A->4fcc8d53-44cb-4faf-b915-5afa0c7529d4: receive RaftClientReply:client-969FB6DA8C9A->4fcc8d53-44cb-4faf-b915-5afa0c7529d4@group-6A615BAE1DD1, cid=1289, SUCCESS, logIndex=1773, commits[4fcc8d53-44cb-4faf-b915-5afa0c7529d4:c1773, 48aa5eb4-709c-4003-adb5-fbc02723cd23:c1769, 609a8cf1-6ad3-4123-b94a-106ad93148a8:c1769]
2019-09-05 09:23:15,442 | INFO  | DNAudit | user=null | ip=null | op=WRITE_CHUNK {blockData=conID: 2 locID: 102739174702121432 bcsId: 0} | ret=SUCCESS |  
2019-09-05 09:23:15,442 | INFO  | DNAudit | user=null | ip=null | op=WRITE_CHUNK {blockData=conID: 2 locID: 102739174702121432 bcsId: 0} | ret=SUCCESS |  
2019-09-05 09:23:15,442 | INFO  | DNAudit | user=null | ip=null | op=PUT_BLOCK {blockData=[blockId=conID: 2 locID: 102739174702121432 bcsId: 0,size=1048576]} | ret=SUCCESS |  
2019-09-05 09:23:15,442 | INFO  | DNAudit | user=null | ip=null | op=WRITE_CHUNK {blockData=conID: 2 locID: 102739174702121432 bcsId: 0} | ret=SUCCESS |  
2019-09-05 09:23:15,443 | INFO  | DNAudit | user=null | ip=null | op=PUT_BLOCK {blockData=[blockId=conID: 2 locID: 102739174702121432 bcsId: 0,size=2097152]} | ret=SUCCESS |  
2019-09-05 09:23:15,443 | INFO  | DNAudit | user=null | ip=null | op=PUT_BLOCK {blockData=[blockId=conID: 2 locID: 102739174702121432 bcsId: 0,size=1048576]} | ret=SUCCESS |  
2019-09-05 09:23:15,444 | INFO  | DNAudit | user=null | ip=null | op=WRITE_CHUNK {blockData=conID: 2 locID: 102739174702121432 bcsId: 0} | ret=SUCCESS |  
2019-09-05 09:23:15,444 [grpc-default-executor-4] INFO  client.GrpcClientProtocolClient (GrpcClientProtocolClient.java:onNext(255)) - client-969FB6DA8C9A->4fcc8d53-44cb-4faf-b915-5afa0c7529d4: receive RaftClientReply:client-969FB6DA8C9A->4fcc8d53-44cb-4faf-b915-5afa0c7529d4@group-6A615BAE1DD1, cid=1290, SUCCESS, logIndex=0, commits[4fcc8d53-44cb-4faf-b915-5afa0c7529d4:c1777, 48aa5eb4-709c-4003-adb5-fbc02723cd23:c1771, 609a8cf1-6ad3-4123-b94a-106ad93148a8:c1773]
2019-09-05 09:23:15,444 | INFO  | DNAudit | user=null | ip=null | op=PUT_BLOCK {blockData=[blockId=conID: 2 locID: 102739174702121432 bcsId: 0,size=2097152]} | ret=SUCCESS |  
2019-09-05 09:23:15,452 | INFO  | DNAudit | user=null | ip=null | op=WRITE_CHUNK {blockData=conID: 2 locID: 102739174702121432 bcsId: 1773} | ret=SUCCESS |  
2019-09-05 09:23:15,454 | INFO  | DNAudit | user=null | ip=null | op=WRITE_CHUNK {blockData=conID: 2 locID: 102739174702121432 bcsId: 1773} | ret=SUCCESS |  
2019-09-05 09:23:15,455 | INFO  | DNAudit | user=null | ip=null | op=WRITE_CHUNK {blockData=conID: 2 locID: 102739174702121432 bcsId: 1773} | ret=SUCCESS |  
2019-09-05 09:23:15,478 | INFO  | DNAudit | user=null | ip=null | op=WRITE_CHUNK {blockData=conID: 2 locID: 102739174702121432 bcsId: 1773} | ret=SUCCESS |  
2019-09-05 09:23:15,479 | INFO  | DNAudit | user=null | ip=null | op=PUT_BLOCK {blockData=[blockId=conID: 2 locID: 102739174702121432 bcsId: 0,size=3145728]} | ret=SUCCESS |  
2019-09-05 09:23:15,479 [grpc-default-executor-4] INFO  client.GrpcClientProtocolClient (GrpcClientProtocolClient.java:onNext(255)) - client-969FB6DA8C9A->4fcc8d53-44cb-4faf-b915-5afa0c7529d4: receive RaftClientReply:client-969FB6DA8C9A->4fcc8d53-44cb-4faf-b915-5afa0c7529d4@group-6A615BAE1DD1, cid=1291, SUCCESS, logIndex=1778, commits[4fcc8d53-44cb-4faf-b915-5afa0c7529d4:c1779, 48aa5eb4-709c-4003-adb5-fbc02723cd23:c1777, 609a8cf1-6ad3-4123-b94a-106ad93148a8:c1777]
2019-09-05 09:23:15,480 [grpc-default-executor-4] INFO  client.GrpcClientProtocolClient (GrpcClientProtocolClient.java:onNext(255)) - client-969FB6DA8C9A->4fcc8d53-44cb-4faf-b915-5afa0c7529d4: receive RaftClientReply:client-969FB6DA8C9A->4fcc8d53-44cb-4faf-b915-5afa0c7529d4@group-6A615BAE1DD1, cid=1292, SUCCESS, logIndex=1779, commits[4fcc8d53-44cb-4faf-b915-5afa0c7529d4:c1779, 48aa5eb4-709c-4003-adb5-fbc02723cd23:c1777, 609a8cf1-6ad3-4123-b94a-106ad93148a8:c1777]
2019-09-05 09:23:15,487 | INFO  | DNAudit | user=null | ip=null | op=WRITE_CHUNK {blockData=conID: 2 locID: 102739174702121432 bcsId: 1779} | ret=SUCCESS |  
2019-09-05 09:23:15,488 | INFO  | DNAudit | user=null | ip=null | op=WRITE_CHUNK {blockData=conID: 2 locID: 102739174702121432 bcsId: 1779} | ret=SUCCESS |  
2019-09-05 09:23:15,489 | INFO  | DNAudit | user=null | ip=null | op=WRITE_CHUNK {blockData=conID: 2 locID: 102739174702121432 bcsId: 1779} | ret=SUCCESS |  
2019-09-05 09:23:15,491 | INFO  | DNAudit | user=null | ip=null | op=WRITE_CHUNK {blockData=conID: 2 locID: 102739174702121432 bcsId: 1773} | ret=SUCCESS |  
2019-09-05 09:23:15,491 | INFO  | DNAudit | user=null | ip=null | op=WRITE_CHUNK {blockData=conID: 2 locID: 102739174702121432 bcsId: 1773} | ret=SUCCESS |  
2019-09-05 09:23:15,491 | INFO  | DNAudit | user=null | ip=null | op=PUT_BLOCK {blockData=[blockId=conID: 2 locID: 102739174702121432 bcsId: 0,size=3145728]} | ret=SUCCESS |  
2019-09-05 09:23:15,491 | INFO  | DNAudit | user=null | ip=null | op=PUT_BLOCK {blockData=[blockId=conID: 2 locID: 102739174702121432 bcsId: 0,size=3145728]} | ret=SUCCESS |  
2019-09-05 09:23:15,493 | INFO  | DNAudit | user=null | ip=null | op=WRITE_CHUNK {blockData=conID: 2 locID: 102739174702121432 bcsId: 1779} | ret=SUCCESS |  
2019-09-05 09:23:15,494 | INFO  | DNAudit | user=null | ip=null | op=PUT_BLOCK {blockData=[blockId=conID: 2 locID: 102739174702121432 bcsId: 0,size=4194304]} | ret=SUCCESS |  
2019-09-05 09:23:15,494 [grpc-default-executor-3] INFO  client.GrpcClientProtocolClient (GrpcClientProtocolClient.java:onNext(255)) - client-969FB6DA8C9A->4fcc8d53-44cb-4faf-b915-5afa0c7529d4: receive RaftClientReply:client-969FB6DA8C9A->4fcc8d53-44cb-4faf-b915-5afa0c7529d4@group-6A615BAE1DD1, cid=1293, SUCCESS, logIndex=1782, commits[4fcc8d53-44cb-4faf-b915-5afa0c7529d4:c1783, 48aa5eb4-709c-4003-adb5-fbc02723cd23:c1779, 609a8cf1-6ad3-4123-b94a-106ad93148a8:c1779]
2019-09-05 09:23:15,494 [grpc-default-executor-3] INFO  client.GrpcClientProtocolClient (GrpcClientProtocolClient.java:onNext(255)) - client-969FB6DA8C9A->4fcc8d53-44cb-4faf-b915-5afa0c7529d4: receive RaftClientReply:client-969FB6DA8C9A->4fcc8d53-44cb-4faf-b915-5afa0c7529d4@group-6A615BAE1DD1, cid=1294, SUCCESS, logIndex=1783, commits[4fcc8d53-44cb-4faf-b915-5afa0c7529d4:c1783, 48aa5eb4-709c-4003-adb5-fbc02723cd23:c1779, 609a8cf1-6ad3-4123-b94a-106ad93148a8:c1779]
2019-09-05 09:23:15,505 | INFO  | DNAudit | user=null | ip=null | op=WRITE_CHUNK {blockData=conID: 2 locID: 102739174702121432 bcsId: 1779} | ret=SUCCESS |  
2019-09-05 09:23:15,505 | INFO  | DNAudit | user=null | ip=null | op=WRITE_CHUNK {blockData=conID: 2 locID: 102739174702121432 bcsId: 1779} | ret=SUCCESS |  
2019-09-05 09:23:15,506 | INFO  | DNAudit | user=null | ip=null | op=PUT_BLOCK {blockData=[blockId=conID: 2 locID: 102739174702121432 bcsId: 0,size=4194304]} | ret=SUCCESS |  
2019-09-05 09:23:15,507 | INFO  | DNAudit | user=null | ip=null | op=PUT_BLOCK {blockData=[blockId=conID: 2 locID: 102739174702121432 bcsId: 0,size=4194304]} | ret=SUCCESS |  
2019-09-05 09:23:15,507 [grpc-default-executor-3] INFO  client.GrpcClientProtocolClient (GrpcClientProtocolClient.java:onNext(255)) - client-969FB6DA8C9A->4fcc8d53-44cb-4faf-b915-5afa0c7529d4: receive RaftClientReply:client-969FB6DA8C9A->4fcc8d53-44cb-4faf-b915-5afa0c7529d4@group-6A615BAE1DD1, cid=1295, SUCCESS, logIndex=0, commits[4fcc8d53-44cb-4faf-b915-5afa0c7529d4:c1785, 48aa5eb4-709c-4003-adb5-fbc02723cd23:c1783, 609a8cf1-6ad3-4123-b94a-106ad93148a8:c1783]
2019-09-05 09:23:15,511 | INFO  | SCMAudit | user=jenkins1000 | ip=192.168.36.69 | op=ALLOCATE_BLOCK {owner=5cf4fcf6-c517-45f4-af25-2fff646d8883, size=4194304, type=RATIS, factor=THREE} | ret=SUCCESS |  
2019-09-05 09:23:15,513 | INFO  | OMAudit | user=jenkins1000 | ip=127.0.0.1 | op=ALLOCATE_BLOCK {volume=vol-0-13331, bucket=bucket-0-43606, key=key-0-76526, dataSize=0, replicationType=null, replicationFactor=null, keyLocationInfo=null, clientID=102739173903106450} | ret=SUCCESS |  
2019-09-05 09:23:15,520 | INFO  | DNAudit | user=null | ip=null | op=WRITE_CHUNK {blockData=conID: 3 locID: 102739174720209369 bcsId: 0} | ret=SUCCESS |  
2019-09-05 09:23:15,523 | INFO  | DNAudit | user=null | ip=null | op=WRITE_CHUNK {blockData=conID: 3 locID: 102739174720209369 bcsId: 0} | ret=SUCCESS |  
2019-09-05 09:23:15,523 | INFO  | DNAudit | user=null | ip=null | op=WRITE_CHUNK {blockData=conID: 3 locID: 102739174720209369 bcsId: 0} | ret=SUCCESS |  
2019-09-05 09:23:15,524 | INFO  | DNAudit | user=null | ip=null | op=WRITE_CHUNK {blockData=conID: 3 locID: 102739174720209369 bcsId: 0} | ret=SUCCESS |  
2019-09-05 09:23:15,525 | INFO  | DNAudit | user=null | ip=null | op=WRITE_CHUNK {blockData=conID: 3 locID: 102739174720209369 bcsId: 0} | ret=SUCCESS |  
2019-09-05 09:23:15,525 | INFO  | DNAudit | user=null | ip=null | op=WRITE_CHUNK {blockData=conID: 3 locID: 102739174720209369 bcsId: 0} | ret=SUCCESS |  
2019-09-05 09:23:15,618 | INFO  | DNAudit | user=null | ip=null | op=WRITE_CHUNK {blockData=conID: 3 locID: 102739174720209369 bcsId: 0} | ret=SUCCESS |  
2019-09-05 09:23:15,618 | INFO  | DNAudit | user=null | ip=null | op=PUT_BLOCK {blockData=[blockId=conID: 3 locID: 102739174720209369 bcsId: 0,size=1048576]} | ret=SUCCESS |  
2019-09-05 09:23:15,618 | INFO  | DNAudit | user=null | ip=null | op=WRITE_CHUNK {blockData=conID: 3 locID: 102739174720209369 bcsId: 0} | ret=SUCCESS |  
2019-09-05 09:23:15,618 [grpc-default-executor-4] INFO  client.GrpcClientProtocolClient (GrpcClientProtocolClient.java:onNext(255)) - client-969FB6DA8C9A->4fcc8d53-44cb-4faf-b915-5afa0c7529d4: receive RaftClientReply:client-969FB6DA8C9A->4fcc8d53-44cb-4faf-b915-5afa0c7529d4@group-6A615BAE1DD1, cid=1296, SUCCESS, logIndex=1786, commits[4fcc8d53-44cb-4faf-b915-5afa0c7529d4:c1789, 48aa5eb4-709c-4003-adb5-fbc02723cd23:c1785, 609a8cf1-6ad3-4123-b94a-106ad93148a8:c1785]
2019-09-05 09:23:15,619 | INFO  | DNAudit | user=null | ip=null | op=PUT_BLOCK {blockData=[blockId=conID: 3 locID: 102739174720209369 bcsId: 0,size=2097152]} | ret=SUCCESS |  
2019-09-05 09:23:15,619 [grpc-default-executor-4] INFO  client.GrpcClientProtocolClient (GrpcClientProtocolClient.java:onNext(255)) - client-969FB6DA8C9A->4fcc8d53-44cb-4faf-b915-5afa0c7529d4: receive RaftClientReply:client-969FB6DA8C9A->4fcc8d53-44cb-4faf-b915-5afa0c7529d4@group-6A615BAE1DD1, cid=1297, SUCCESS, logIndex=1787, commits[4fcc8d53-44cb-4faf-b915-5afa0c7529d4:c1789, 48aa5eb4-709c-4003-adb5-fbc02723cd23:c1785, 609a8cf1-6ad3-4123-b94a-106ad93148a8:c1785]
2019-09-05 09:23:15,619 [grpc-default-executor-4] INFO  client.GrpcClientProtocolClient (GrpcClientProtocolClient.java:onNext(255)) - client-969FB6DA8C9A->4fcc8d53-44cb-4faf-b915-5afa0c7529d4: receive RaftClientReply:client-969FB6DA8C9A->4fcc8d53-44cb-4faf-b915-5afa0c7529d4@group-6A615BAE1DD1, cid=1298, SUCCESS, logIndex=1788, commits[4fcc8d53-44cb-4faf-b915-5afa0c7529d4:c1789, 48aa5eb4-709c-4003-adb5-fbc02723cd23:c1785, 609a8cf1-6ad3-4123-b94a-106ad93148a8:c1785]
2019-09-05 09:23:15,620 [grpc-default-executor-4] INFO  client.GrpcClientProtocolClient (GrpcClientProtocolClient.java:onNext(255)) - client-969FB6DA8C9A->4fcc8d53-44cb-4faf-b915-5afa0c7529d4: receive RaftClientReply:client-969FB6DA8C9A->4fcc8d53-44cb-4faf-b915-5afa0c7529d4@group-6A615BAE1DD1, cid=1299, SUCCESS, logIndex=1789, commits[4fcc8d53-44cb-4faf-b915-5afa0c7529d4:c1789, 48aa5eb4-709c-4003-adb5-fbc02723cd23:c1785, 609a8cf1-6ad3-4123-b94a-106ad93148a8:c1785]
2019-09-05 09:23:15,646 | INFO  | DNAudit | user=null | ip=null | op=WRITE_CHUNK {blockData=conID: 3 locID: 102739174720209369 bcsId: 0} | ret=SUCCESS |  
2019-09-05 09:23:15,647 | INFO  | DNAudit | user=null | ip=null | op=PUT_BLOCK {blockData=[blockId=conID: 3 locID: 102739174720209369 bcsId: 0,size=1048576]} | ret=SUCCESS |  
2019-09-05 09:23:15,647 | INFO  | DNAudit | user=null | ip=null | op=WRITE_CHUNK {blockData=conID: 3 locID: 102739174720209369 bcsId: 0} | ret=SUCCESS |  
2019-09-05 09:23:15,647 | INFO  | DNAudit | user=null | ip=null | op=PUT_BLOCK {blockData=[blockId=conID: 3 locID: 102739174720209369 bcsId: 0,size=1048576]} | ret=SUCCESS |  
2019-09-05 09:23:15,647 [grpc-default-executor-4] INFO  client.GrpcClientProtocolClient (GrpcClientProtocolClient.java:onNext(255)) - client-969FB6DA8C9A->4fcc8d53-44cb-4faf-b915-5afa0c7529d4: receive RaftClientReply:client-969FB6DA8C9A->4fcc8d53-44cb-4faf-b915-5afa0c7529d4@group-6A615BAE1DD1, cid=1300, SUCCESS, logIndex=0, commits[4fcc8d53-44cb-4faf-b915-5afa0c7529d4:c1790, 48aa5eb4-709c-4003-adb5-fbc02723cd23:c1787, 609a8cf1-6ad3-4123-b94a-106ad93148a8:c1787]
2019-09-05 09:23:15,648 | INFO  | DNAudit | user=null | ip=null | op=WRITE_CHUNK {blockData=conID: 3 locID: 102739174720209369 bcsId: 0} | ret=SUCCESS |  
2019-09-05 09:23:15,648 | INFO  | DNAudit | user=null | ip=null | op=WRITE_CHUNK {blockData=conID: 3 locID: 102739174720209369 bcsId: 0} | ret=SUCCESS |  
2019-09-05 09:23:15,649 | INFO  | DNAudit | user=null | ip=null | op=PUT_BLOCK {blockData=[blockId=conID: 3 locID: 102739174720209369 bcsId: 0,size=2097152]} | ret=SUCCESS |  
2019-09-05 09:23:15,649 | INFO  | DNAudit | user=null | ip=null | op=PUT_BLOCK {blockData=[blockId=conID: 3 locID: 102739174720209369 bcsId: 0,size=2097152]} | ret=SUCCESS |  
2019-09-05 09:23:15,655 | INFO  | DNAudit | user=null | ip=null | op=WRITE_CHUNK {blockData=conID: 3 locID: 102739174720209369 bcsId: 1789} | ret=SUCCESS |  
2019-09-05 09:23:15,657 | INFO  | DNAudit | user=null | ip=null | op=WRITE_CHUNK {blockData=conID: 3 locID: 102739174720209369 bcsId: 1789} | ret=SUCCESS |  
2019-09-05 09:23:15,657 | INFO  | DNAudit | user=null | ip=null | op=WRITE_CHUNK {blockData=conID: 3 locID: 102739174720209369 bcsId: 1789} | ret=SUCCESS |  
2019-09-05 09:23:15,698 | INFO  | DNAudit | user=null | ip=null | op=WRITE_CHUNK {blockData=conID: 3 locID: 102739174720209369 bcsId: 1789} | ret=SUCCESS |  
2019-09-05 09:23:15,698 | INFO  | DNAudit | user=null | ip=null | op=PUT_BLOCK {blockData=[blockId=conID: 3 locID: 102739174720209369 bcsId: 0,size=3145728]} | ret=SUCCESS |  
2019-09-05 09:23:15,698 [grpc-default-executor-3] INFO  client.GrpcClientProtocolClient (GrpcClientProtocolClient.java:onNext(255)) - client-969FB6DA8C9A->4fcc8d53-44cb-4faf-b915-5afa0c7529d4: receive RaftClientReply:client-969FB6DA8C9A->4fcc8d53-44cb-4faf-b915-5afa0c7529d4@group-6A615BAE1DD1, cid=1301, SUCCESS, logIndex=1794, commits[4fcc8d53-44cb-4faf-b915-5afa0c7529d4:c1795, 48aa5eb4-709c-4003-adb5-fbc02723cd23:c1793, 609a8cf1-6ad3-4123-b94a-106ad93148a8:c1793]
2019-09-05 09:23:15,699 [grpc-default-executor-3] INFO  client.GrpcClientProtocolClient (GrpcClientProtocolClient.java:onNext(255)) - client-969FB6DA8C9A->4fcc8d53-44cb-4faf-b915-5afa0c7529d4: receive RaftClientReply:client-969FB6DA8C9A->4fcc8d53-44cb-4faf-b915-5afa0c7529d4@group-6A615BAE1DD1, cid=1302, SUCCESS, logIndex=1795, commits[4fcc8d53-44cb-4faf-b915-5afa0c7529d4:c1795, 48aa5eb4-709c-4003-adb5-fbc02723cd23:c1793, 609a8cf1-6ad3-4123-b94a-106ad93148a8:c1793]
2019-09-05 09:23:15,703 | INFO  | DNAudit | user=null | ip=null | op=WRITE_CHUNK {blockData=conID: 3 locID: 102739174720209369 bcsId: 1789} | ret=SUCCESS |  
2019-09-05 09:23:15,703 | INFO  | DNAudit | user=null | ip=null | op=WRITE_CHUNK {blockData=conID: 3 locID: 102739174720209369 bcsId: 1789} | ret=SUCCESS |  
2019-09-05 09:23:15,705 | INFO  | DNAudit | user=null | ip=null | op=PUT_BLOCK {blockData=[blockId=conID: 3 locID: 102739174720209369 bcsId: 0,size=3145728]} | ret=SUCCESS |  
2019-09-05 09:23:15,705 | INFO  | DNAudit | user=null | ip=null | op=PUT_BLOCK {blockData=[blockId=conID: 3 locID: 102739174720209369 bcsId: 0,size=3145728]} | ret=SUCCESS |  
2019-09-05 09:23:15,707 | INFO  | DNAudit | user=null | ip=null | op=WRITE_CHUNK {blockData=conID: 3 locID: 102739174720209369 bcsId: 1795} | ret=SUCCESS |  
2019-09-05 09:23:15,710 | INFO  | DNAudit | user=null | ip=null | op=WRITE_CHUNK {blockData=conID: 3 locID: 102739174720209369 bcsId: 1795} | ret=SUCCESS |  
2019-09-05 09:23:15,710 | INFO  | DNAudit | user=null | ip=null | op=WRITE_CHUNK {blockData=conID: 3 locID: 102739174720209369 bcsId: 1795} | ret=SUCCESS |  
2019-09-05 09:23:15,721 | INFO  | DNAudit | user=null | ip=null | op=WRITE_CHUNK {blockData=conID: 3 locID: 102739174720209369 bcsId: 1795} | ret=SUCCESS |  
2019-09-05 09:23:15,722 | INFO  | DNAudit | user=null | ip=null | op=PUT_BLOCK {blockData=[blockId=conID: 3 locID: 102739174720209369 bcsId: 0,size=4194304]} | ret=SUCCESS |  
2019-09-05 09:23:15,722 [grpc-default-executor-4] INFO  client.GrpcClientProtocolClient (GrpcClientProtocolClient.java:onNext(255)) - client-969FB6DA8C9A->4fcc8d53-44cb-4faf-b915-5afa0c7529d4: receive RaftClientReply:client-969FB6DA8C9A->4fcc8d53-44cb-4faf-b915-5afa0c7529d4@group-6A615BAE1DD1, cid=1303, SUCCESS, logIndex=1798, commits[4fcc8d53-44cb-4faf-b915-5afa0c7529d4:c1799, 48aa5eb4-709c-4003-adb5-fbc02723cd23:c1796, 609a8cf1-6ad3-4123-b94a-106ad93148a8:c1796]
2019-09-05 09:23:15,722 [grpc-default-executor-4] INFO  client.GrpcClientProtocolClient (GrpcClientProtocolClient.java:onNext(255)) - client-969FB6DA8C9A->4fcc8d53-44cb-4faf-b915-5afa0c7529d4: receive RaftClientReply:client-969FB6DA8C9A->4fcc8d53-44cb-4faf-b915-5afa0c7529d4@group-6A615BAE1DD1, cid=1304, SUCCESS, logIndex=1799, commits[4fcc8d53-44cb-4faf-b915-5afa0c7529d4:c1799, 48aa5eb4-709c-4003-adb5-fbc02723cd23:c1796, 609a8cf1-6ad3-4123-b94a-106ad93148a8:c1796]
2019-09-05 09:23:15,743 | INFO  | DNAudit | user=null | ip=null | op=WRITE_CHUNK {blockData=conID: 3 locID: 102739174720209369 bcsId: 1795} | ret=SUCCESS |  
2019-09-05 09:23:15,743 | INFO  | DNAudit | user=null | ip=null | op=WRITE_CHUNK {blockData=conID: 3 locID: 102739174720209369 bcsId: 1795} | ret=SUCCESS |  
2019-09-05 09:23:15,744 | INFO  | DNAudit | user=null | ip=null | op=PUT_BLOCK {blockData=[blockId=conID: 3 locID: 102739174720209369 bcsId: 0,size=4194304]} | ret=SUCCESS |  
2019-09-05 09:23:15,744 | INFO  | DNAudit | user=null | ip=null | op=PUT_BLOCK {blockData=[blockId=conID: 3 locID: 102739174720209369 bcsId: 0,size=4194304]} | ret=SUCCESS |  
2019-09-05 09:23:15,745 [grpc-default-executor-4] INFO  client.GrpcClientProtocolClient (GrpcClientProtocolClient.java:onNext(255)) - client-969FB6DA8C9A->4fcc8d53-44cb-4faf-b915-5afa0c7529d4: receive RaftClientReply:client-969FB6DA8C9A->4fcc8d53-44cb-4faf-b915-5afa0c7529d4@group-6A615BAE1DD1, cid=1305, SUCCESS, logIndex=0, commits[4fcc8d53-44cb-4faf-b915-5afa0c7529d4:c1801, 48aa5eb4-709c-4003-adb5-fbc02723cd23:c1799, 609a8cf1-6ad3-4123-b94a-106ad93148a8:c1799]
2019-09-05 09:23:15,749 | INFO  | SCMAudit | user=jenkins1000 | ip=192.168.36.69 | op=ALLOCATE_BLOCK {owner=5cf4fcf6-c517-45f4-af25-2fff646d8883, size=4194304, type=RATIS, factor=THREE} | ret=SUCCESS |  
2019-09-05 09:23:15,751 | INFO  | OMAudit | user=jenkins1000 | ip=127.0.0.1 | op=ALLOCATE_BLOCK {volume=vol-0-13331, bucket=bucket-0-43606, key=key-0-76526, dataSize=0, replicationType=null, replicationFactor=null, keyLocationInfo=null, clientID=102739173903106450} | ret=SUCCESS |  
2019-09-05 09:23:15,759 | INFO  | DNAudit | user=null | ip=null | op=WRITE_CHUNK {blockData=conID: 1 locID: 102739174735806938 bcsId: 0} | ret=SUCCESS |  
2019-09-05 09:23:15,762 | INFO  | DNAudit | user=null | ip=null | op=WRITE_CHUNK {blockData=conID: 1 locID: 102739174735806938 bcsId: 0} | ret=SUCCESS |  
2019-09-05 09:23:15,762 | INFO  | DNAudit | user=null | ip=null | op=WRITE_CHUNK {blockData=conID: 1 locID: 102739174735806938 bcsId: 0} | ret=SUCCESS |  
2019-09-05 09:23:15,762 | INFO  | DNAudit | user=null | ip=null | op=WRITE_CHUNK {blockData=conID: 1 locID: 102739174735806938 bcsId: 0} | ret=SUCCESS |  
2019-09-05 09:23:15,764 | INFO  | DNAudit | user=null | ip=null | op=WRITE_CHUNK {blockData=conID: 1 locID: 102739174735806938 bcsId: 0} | ret=SUCCESS |  
2019-09-05 09:23:15,764 | INFO  | DNAudit | user=null | ip=null | op=WRITE_CHUNK {blockData=conID: 1 locID: 102739174735806938 bcsId: 0} | ret=SUCCESS |  
2019-09-05 09:23:15,782 | INFO  | DNAudit | user=null | ip=null | op=WRITE_CHUNK {blockData=conID: 1 locID: 102739174735806938 bcsId: 0} | ret=SUCCESS |  
2019-09-05 09:23:15,783 | INFO  | DNAudit | user=null | ip=null | op=PUT_BLOCK {blockData=[blockId=conID: 1 locID: 102739174735806938 bcsId: 0,size=1048576]} | ret=SUCCESS |  
2019-09-05 09:23:15,783 [grpc-default-executor-3] INFO  client.GrpcClientProtocolClient (GrpcClientProtocolClient.java:onNext(255)) - client-969FB6DA8C9A->4fcc8d53-44cb-4faf-b915-5afa0c7529d4: receive RaftClientReply:client-969FB6DA8C9A->4fcc8d53-44cb-4faf-b915-5afa0c7529d4@group-6A615BAE1DD1, cid=1306, SUCCESS, logIndex=1802, commits[4fcc8d53-44cb-4faf-b915-5afa0c7529d4:c1805, 48aa5eb4-709c-4003-adb5-fbc02723cd23:c1801, 609a8cf1-6ad3-4123-b94a-106ad93148a8:c1801]
2019-09-05 09:23:15,783 | INFO  | DNAudit | user=null | ip=null | op=WRITE_CHUNK {blockData=conID: 1 locID: 102739174735806938 bcsId: 0} | ret=SUCCESS |  
2019-09-05 09:23:15,783 | INFO  | DNAudit | user=null | ip=null | op=PUT_BLOCK {blockData=[blockId=conID: 1 locID: 102739174735806938 bcsId: 0,size=2097152]} | ret=SUCCESS |  
2019-09-05 09:23:15,784 [grpc-default-executor-3] INFO  client.GrpcClientProtocolClient (GrpcClientProtocolClient.java:onNext(255)) - client-969FB6DA8C9A->4fcc8d53-44cb-4faf-b915-5afa0c7529d4: receive RaftClientReply:client-969FB6DA8C9A->4fcc8d53-44cb-4faf-b915-5afa0c7529d4@group-6A615BAE1DD1, cid=1307, SUCCESS, logIndex=1803, commits[4fcc8d53-44cb-4faf-b915-5afa0c7529d4:c1805, 48aa5eb4-709c-4003-adb5-fbc02723cd23:c1801, 609a8cf1-6ad3-4123-b94a-106ad93148a8:c1801]
2019-09-05 09:23:15,784 [grpc-default-executor-3] INFO  client.GrpcClientProtocolClient (GrpcClientProtocolClient.java:onNext(255)) - client-969FB6DA8C9A->4fcc8d53-44cb-4faf-b915-5afa0c7529d4: receive RaftClientReply:client-969FB6DA8C9A->4fcc8d53-44cb-4faf-b915-5afa0c7529d4@group-6A615BAE1DD1, cid=1308, SUCCESS, logIndex=1804, commits[4fcc8d53-44cb-4faf-b915-5afa0c7529d4:c1805, 48aa5eb4-709c-4003-adb5-fbc02723cd23:c1801, 609a8cf1-6ad3-4123-b94a-106ad93148a8:c1801]
2019-09-05 09:23:15,784 [grpc-default-executor-3] INFO  client.GrpcClientProtocolClient (GrpcClientProtocolClient.java:onNext(255)) - client-969FB6DA8C9A->4fcc8d53-44cb-4faf-b915-5afa0c7529d4: receive RaftClientReply:client-969FB6DA8C9A->4fcc8d53-44cb-4faf-b915-5afa0c7529d4@group-6A615BAE1DD1, cid=1309, SUCCESS, logIndex=1805, commits[4fcc8d53-44cb-4faf-b915-5afa0c7529d4:c1805, 48aa5eb4-709c-4003-adb5-fbc02723cd23:c1801, 609a8cf1-6ad3-4123-b94a-106ad93148a8:c1801]
2019-09-05 09:23:15,792 | INFO  | DNAudit | user=null | ip=null | op=WRITE_CHUNK {blockData=conID: 1 locID: 102739174735806938 bcsId: 0} | ret=SUCCESS |  
2019-09-05 09:23:15,792 | INFO  | DNAudit | user=null | ip=null | op=WRITE_CHUNK {blockData=conID: 1 locID: 102739174735806938 bcsId: 0} | ret=SUCCESS |  
2019-09-05 09:23:15,792 | INFO  | DNAudit | user=null | ip=null | op=PUT_BLOCK {blockData=[blockId=conID: 1 locID: 102739174735806938 bcsId: 0,size=1048576]} | ret=SUCCESS |  
2019-09-05 09:23:15,792 | INFO  | DNAudit | user=null | ip=null | op=PUT_BLOCK {blockData=[blockId=conID: 1 locID: 102739174735806938 bcsId: 0,size=1048576]} | ret=SUCCESS |  
2019-09-05 09:23:15,793 [grpc-default-executor-3] INFO  client.GrpcClientProtocolClient (GrpcClientProtocolClient.java:onNext(255)) - client-969FB6DA8C9A->4fcc8d53-44cb-4faf-b915-5afa0c7529d4: receive RaftClientReply:client-969FB6DA8C9A->4fcc8d53-44cb-4faf-b915-5afa0c7529d4@group-6A615BAE1DD1, cid=1310, SUCCESS, logIndex=0, commits[4fcc8d53-44cb-4faf-b915-5afa0c7529d4:c1806, 48aa5eb4-709c-4003-adb5-fbc02723cd23:c1803, 609a8cf1-6ad3-4123-b94a-106ad93148a8:c1803]
2019-09-05 09:23:15,793 | INFO  | DNAudit | user=null | ip=null | op=WRITE_CHUNK {blockData=conID: 1 locID: 102739174735806938 bcsId: 0} | ret=SUCCESS |  
2019-09-05 09:23:15,793 | INFO  | DNAudit | user=null | ip=null | op=WRITE_CHUNK {blockData=conID: 1 locID: 102739174735806938 bcsId: 0} | ret=SUCCESS |  
2019-09-05 09:23:15,793 | INFO  | DNAudit | user=null | ip=null | op=PUT_BLOCK {blockData=[blockId=conID: 1 locID: 102739174735806938 bcsId: 0,size=2097152]} | ret=SUCCESS |  
2019-09-05 09:23:15,794 | INFO  | DNAudit | user=null | ip=null | op=PUT_BLOCK {blockData=[blockId=conID: 1 locID: 102739174735806938 bcsId: 0,size=2097152]} | ret=SUCCESS |  
2019-09-05 09:23:15,800 | INFO  | DNAudit | user=null | ip=null | op=WRITE_CHUNK {blockData=conID: 1 locID: 102739174735806938 bcsId: 1805} | ret=SUCCESS |  
2019-09-05 09:23:15,802 | INFO  | DNAudit | user=null | ip=null | op=WRITE_CHUNK {blockData=conID: 1 locID: 102739174735806938 bcsId: 1805} | ret=SUCCESS |  
2019-09-05 09:23:15,802 | INFO  | DNAudit | user=null | ip=null | op=WRITE_CHUNK {blockData=conID: 1 locID: 102739174735806938 bcsId: 1805} | ret=SUCCESS |  
2019-09-05 09:23:15,810 | INFO  | DNAudit | user=null | ip=null | op=WRITE_CHUNK {blockData=conID: 1 locID: 102739174735806938 bcsId: 1805} | ret=SUCCESS |  
2019-09-05 09:23:15,811 | INFO  | DNAudit | user=null | ip=null | op=PUT_BLOCK {blockData=[blockId=conID: 1 locID: 102739174735806938 bcsId: 0,size=3145728]} | ret=SUCCESS |  
2019-09-05 09:23:15,811 [grpc-default-executor-3] INFO  client.GrpcClientProtocolClient (GrpcClientProtocolClient.java:onNext(255)) - client-969FB6DA8C9A->4fcc8d53-44cb-4faf-b915-5afa0c7529d4: receive RaftClientReply:client-969FB6DA8C9A->4fcc8d53-44cb-4faf-b915-5afa0c7529d4@group-6A615BAE1DD1, cid=1311, SUCCESS, logIndex=1810, commits[4fcc8d53-44cb-4faf-b915-5afa0c7529d4:c1811, 48aa5eb4-709c-4003-adb5-fbc02723cd23:c1809, 609a8cf1-6ad3-4123-b94a-106ad93148a8:c1809]
2019-09-05 09:23:15,811 [grpc-default-executor-3] INFO  client.GrpcClientProtocolClient (GrpcClientProtocolClient.java:onNext(255)) - client-969FB6DA8C9A->4fcc8d53-44cb-4faf-b915-5afa0c7529d4: receive RaftClientReply:client-969FB6DA8C9A->4fcc8d53-44cb-4faf-b915-5afa0c7529d4@group-6A615BAE1DD1, cid=1312, SUCCESS, logIndex=1811, commits[4fcc8d53-44cb-4faf-b915-5afa0c7529d4:c1811, 48aa5eb4-709c-4003-adb5-fbc02723cd23:c1809, 609a8cf1-6ad3-4123-b94a-106ad93148a8:c1809]
2019-09-05 09:23:15,817 | INFO  | DNAudit | user=null | ip=null | op=WRITE_CHUNK {blockData=conID: 1 locID: 102739174735806938 bcsId: 1811} | ret=SUCCESS |  
2019-09-05 09:23:15,818 | INFO  | DNAudit | user=null | ip=null | op=WRITE_CHUNK {blockData=conID: 1 locID: 102739174735806938 bcsId: 1805} | ret=SUCCESS |  
2019-09-05 09:23:15,818 | INFO  | DNAudit | user=null | ip=null | op=WRITE_CHUNK {blockData=conID: 1 locID: 102739174735806938 bcsId: 1805} | ret=SUCCESS |  
2019-09-05 09:23:15,819 | INFO  | DNAudit | user=null | ip=null | op=PUT_BLOCK {blockData=[blockId=conID: 1 locID: 102739174735806938 bcsId: 0,size=3145728]} | ret=SUCCESS |  
2019-09-05 09:23:15,819 | INFO  | DNAudit | user=null | ip=null | op=PUT_BLOCK {blockData=[blockId=conID: 1 locID: 102739174735806938 bcsId: 0,size=3145728]} | ret=SUCCESS |  
2019-09-05 09:23:15,820 | INFO  | DNAudit | user=null | ip=null | op=WRITE_CHUNK {blockData=conID: 1 locID: 102739174735806938 bcsId: 1811} | ret=SUCCESS |  
2019-09-05 09:23:15,820 | INFO  | DNAudit | user=null | ip=null | op=WRITE_CHUNK {blockData=conID: 1 locID: 102739174735806938 bcsId: 1811} | ret=SUCCESS |  
2019-09-05 09:23:15,835 | INFO  | DNAudit | user=null | ip=null | op=WRITE_CHUNK {blockData=conID: 1 locID: 102739174735806938 bcsId: 1811} | ret=SUCCESS |  
2019-09-05 09:23:15,835 | INFO  | DNAudit | user=null | ip=null | op=PUT_BLOCK {blockData=[blockId=conID: 1 locID: 102739174735806938 bcsId: 0,size=4194304]} | ret=SUCCESS |  
2019-09-05 09:23:15,835 [grpc-default-executor-4] INFO  client.GrpcClientProtocolClient (GrpcClientProtocolClient.java:onNext(255)) - client-969FB6DA8C9A->4fcc8d53-44cb-4faf-b915-5afa0c7529d4: receive RaftClientReply:client-969FB6DA8C9A->4fcc8d53-44cb-4faf-b915-5afa0c7529d4@group-6A615BAE1DD1, cid=1313, SUCCESS, logIndex=1814, commits[4fcc8d53-44cb-4faf-b915-5afa0c7529d4:c1815, 48aa5eb4-709c-4003-adb5-fbc02723cd23:c1811, 609a8cf1-6ad3-4123-b94a-106ad93148a8:c1811]
2019-09-05 09:23:15,836 [grpc-default-executor-4] INFO  client.GrpcClientProtocolClient (GrpcClientProtocolClient.java:onNext(255)) - client-969FB6DA8C9A->4fcc8d53-44cb-4faf-b915-5afa0c7529d4: receive RaftClientReply:client-969FB6DA8C9A->4fcc8d53-44cb-4faf-b915-5afa0c7529d4@group-6A615BAE1DD1, cid=1314, SUCCESS, logIndex=1815, commits[4fcc8d53-44cb-4faf-b915-5afa0c7529d4:c1815, 48aa5eb4-709c-4003-adb5-fbc02723cd23:c1811, 609a8cf1-6ad3-4123-b94a-106ad93148a8:c1811]
2019-09-05 09:23:15,868 | INFO  | DNAudit | user=null | ip=null | op=WRITE_CHUNK {blockData=conID: 1 locID: 102739174735806938 bcsId: 1811} | ret=SUCCESS |  
2019-09-05 09:23:15,868 | INFO  | DNAudit | user=null | ip=null | op=PUT_BLOCK {blockData=[blockId=conID: 1 locID: 102739174735806938 bcsId: 0,size=4194304]} | ret=SUCCESS |  
2019-09-05 09:23:15,868 | INFO  | DNAudit | user=null | ip=null | op=WRITE_CHUNK {blockData=conID: 1 locID: 102739174735806938 bcsId: 1811} | ret=SUCCESS |  
2019-09-05 09:23:15,868 | INFO  | DNAudit | user=null | ip=null | op=PUT_BLOCK {blockData=[blockId=conID: 1 locID: 102739174735806938 bcsId: 0,size=4194304]} | ret=SUCCESS |  
2019-09-05 09:23:15,868 [grpc-default-executor-3] INFO  client.GrpcClientProtocolClient (GrpcClientProtocolClient.java:onNext(255)) - client-969FB6DA8C9A->4fcc8d53-44cb-4faf-b915-5afa0c7529d4: receive RaftClientReply:client-969FB6DA8C9A->4fcc8d53-44cb-4faf-b915-5afa0c7529d4@group-6A615BAE1DD1, cid=1315, SUCCESS, logIndex=0, commits[4fcc8d53-44cb-4faf-b915-5afa0c7529d4:c1816, 48aa5eb4-709c-4003-adb5-fbc02723cd23:c1815, 609a8cf1-6ad3-4123-b94a-106ad93148a8:c1815]
2019-09-05 09:23:15,872 | INFO  | SCMAudit | user=jenkins1000 | ip=192.168.36.69 | op=ALLOCATE_BLOCK {owner=5cf4fcf6-c517-45f4-af25-2fff646d8883, size=4194304, type=RATIS, factor=THREE} | ret=SUCCESS |  
2019-09-05 09:23:15,874 | INFO  | OMAudit | user=jenkins1000 | ip=127.0.0.1 | op=ALLOCATE_BLOCK {volume=vol-0-13331, bucket=bucket-0-43606, key=key-0-76526, dataSize=0, replicationType=null, replicationFactor=null, keyLocationInfo=null, clientID=102739173903106450} | ret=SUCCESS |  
2019-09-05 09:23:15,881 | INFO  | DNAudit | user=null | ip=null | op=WRITE_CHUNK {blockData=conID: 2 locID: 102739174743867867 bcsId: 0} | ret=SUCCESS |  
2019-09-05 09:23:15,883 | INFO  | DNAudit | user=null | ip=null | op=WRITE_CHUNK {blockData=conID: 2 locID: 102739174743867867 bcsId: 0} | ret=SUCCESS |  
2019-09-05 09:23:15,884 | INFO  | DNAudit | user=null | ip=null | op=WRITE_CHUNK {blockData=conID: 2 locID: 102739174743867867 bcsId: 0} | ret=SUCCESS |  
2019-09-05 09:23:15,884 | INFO  | DNAudit | user=null | ip=null | op=WRITE_CHUNK {blockData=conID: 2 locID: 102739174743867867 bcsId: 0} | ret=SUCCESS |  
2019-09-05 09:23:15,886 | INFO  | DNAudit | user=null | ip=null | op=WRITE_CHUNK {blockData=conID: 2 locID: 102739174743867867 bcsId: 0} | ret=SUCCESS |  
2019-09-05 09:23:15,886 | INFO  | DNAudit | user=null | ip=null | op=WRITE_CHUNK {blockData=conID: 2 locID: 102739174743867867 bcsId: 0} | ret=SUCCESS |  
2019-09-05 09:23:15,899 | INFO  | DNAudit | user=null | ip=null | op=WRITE_CHUNK {blockData=conID: 2 locID: 102739174743867867 bcsId: 0} | ret=SUCCESS |  
2019-09-05 09:23:15,899 | INFO  | DNAudit | user=null | ip=null | op=PUT_BLOCK {blockData=[blockId=conID: 2 locID: 102739174743867867 bcsId: 0,size=1048576]} | ret=SUCCESS |  
2019-09-05 09:23:15,900 | INFO  | DNAudit | user=null | ip=null | op=WRITE_CHUNK {blockData=conID: 2 locID: 102739174743867867 bcsId: 0} | ret=SUCCESS |  
2019-09-05 09:23:15,900 [grpc-default-executor-0] INFO  client.GrpcClientProtocolClient (GrpcClientProtocolClient.java:onNext(255)) - client-969FB6DA8C9A->4fcc8d53-44cb-4faf-b915-5afa0c7529d4: receive RaftClientReply:client-969FB6DA8C9A->4fcc8d53-44cb-4faf-b915-5afa0c7529d4@group-6A615BAE1DD1, cid=1316, SUCCESS, logIndex=1818, commits[4fcc8d53-44cb-4faf-b915-5afa0c7529d4:c1821, 48aa5eb4-709c-4003-adb5-fbc02723cd23:c1817, 609a8cf1-6ad3-4123-b94a-106ad93148a8:c1817]
2019-09-05 09:23:15,900 | INFO  | DNAudit | user=null | ip=null | op=PUT_BLOCK {blockData=[blockId=conID: 2 locID: 102739174743867867 bcsId: 0,size=2097152]} | ret=SUCCESS |  
2019-09-05 09:23:15,900 [grpc-default-executor-0] INFO  client.GrpcClientProtocolClient (GrpcClientProtocolClient.java:onNext(255)) - client-969FB6DA8C9A->4fcc8d53-44cb-4faf-b915-5afa0c7529d4: receive RaftClientReply:client-969FB6DA8C9A->4fcc8d53-44cb-4faf-b915-5afa0c7529d4@group-6A615BAE1DD1, cid=1317, SUCCESS, logIndex=1819, commits[4fcc8d53-44cb-4faf-b915-5afa0c7529d4:c1821, 48aa5eb4-709c-4003-adb5-fbc02723cd23:c1817, 609a8cf1-6ad3-4123-b94a-106ad93148a8:c1817]
2019-09-05 09:23:15,901 [grpc-default-executor-0] INFO  client.GrpcClientProtocolClient (GrpcClientProtocolClient.java:onNext(255)) - client-969FB6DA8C9A->4fcc8d53-44cb-4faf-b915-5afa0c7529d4: receive RaftClientReply:client-969FB6DA8C9A->4fcc8d53-44cb-4faf-b915-5afa0c7529d4@group-6A615BAE1DD1, cid=1318, SUCCESS, logIndex=1820, commits[4fcc8d53-44cb-4faf-b915-5afa0c7529d4:c1821, 48aa5eb4-709c-4003-adb5-fbc02723cd23:c1817, 609a8cf1-6ad3-4123-b94a-106ad93148a8:c1817]
2019-09-05 09:23:15,901 [grpc-default-executor-0] INFO  client.GrpcClientProtocolClient (GrpcClientProtocolClient.java:onNext(255)) - client-969FB6DA8C9A->4fcc8d53-44cb-4faf-b915-5afa0c7529d4: receive RaftClientReply:client-969FB6DA8C9A->4fcc8d53-44cb-4faf-b915-5afa0c7529d4@group-6A615BAE1DD1, cid=1319, SUCCESS, logIndex=1821, commits[4fcc8d53-44cb-4faf-b915-5afa0c7529d4:c1821, 48aa5eb4-709c-4003-adb5-fbc02723cd23:c1817, 609a8cf1-6ad3-4123-b94a-106ad93148a8:c1817]
2019-09-05 09:23:15,914 | INFO  | DNAudit | user=null | ip=null | op=WRITE_CHUNK {blockData=conID: 2 locID: 102739174743867867 bcsId: 0} | ret=SUCCESS |  
2019-09-05 09:23:15,914 | INFO  | DNAudit | user=null | ip=null | op=WRITE_CHUNK {blockData=conID: 2 locID: 102739174743867867 bcsId: 0} | ret=SUCCESS |  
2019-09-05 09:23:15,915 | INFO  | DNAudit | user=null | ip=null | op=PUT_BLOCK {blockData=[blockId=conID: 2 locID: 102739174743867867 bcsId: 0,size=1048576]} | ret=SUCCESS |  
2019-09-05 09:23:15,915 | INFO  | DNAudit | user=null | ip=null | op=WRITE_CHUNK {blockData=conID: 2 locID: 102739174743867867 bcsId: 0} | ret=SUCCESS |  
2019-09-05 09:23:15,915 | INFO  | DNAudit | user=null | ip=null | op=PUT_BLOCK {blockData=[blockId=conID: 2 locID: 102739174743867867 bcsId: 0,size=2097152]} | ret=SUCCESS |  
2019-09-05 09:23:15,915 | INFO  | DNAudit | user=null | ip=null | op=PUT_BLOCK {blockData=[blockId=conID: 2 locID: 102739174743867867 bcsId: 0,size=1048576]} | ret=SUCCESS |  
2019-09-05 09:23:15,915 | INFO  | DNAudit | user=null | ip=null | op=WRITE_CHUNK {blockData=conID: 2 locID: 102739174743867867 bcsId: 0} | ret=SUCCESS |  
2019-09-05 09:23:15,915 | INFO  | DNAudit | user=null | ip=null | op=PUT_BLOCK {blockData=[blockId=conID: 2 locID: 102739174743867867 bcsId: 0,size=2097152]} | ret=SUCCESS |  
2019-09-05 09:23:15,916 [grpc-default-executor-0] INFO  client.GrpcClientProtocolClient (GrpcClientProtocolClient.java:onNext(255)) - client-969FB6DA8C9A->4fcc8d53-44cb-4faf-b915-5afa0c7529d4: receive RaftClientReply:client-969FB6DA8C9A->4fcc8d53-44cb-4faf-b915-5afa0c7529d4@group-6A615BAE1DD1, cid=1320, SUCCESS, logIndex=0, commits[4fcc8d53-44cb-4faf-b915-5afa0c7529d4:c1825, 48aa5eb4-709c-4003-adb5-fbc02723cd23:c1819, 609a8cf1-6ad3-4123-b94a-106ad93148a8:c1821]
2019-09-05 09:23:15,923 | INFO  | DNAudit | user=null | ip=null | op=WRITE_CHUNK {blockData=conID: 2 locID: 102739174743867867 bcsId: 1821} | ret=SUCCESS |  
2019-09-05 09:23:15,925 | INFO  | DNAudit | user=null | ip=null | op=WRITE_CHUNK {blockData=conID: 2 locID: 102739174743867867 bcsId: 1821} | ret=SUCCESS |  
2019-09-05 09:23:15,926 | INFO  | DNAudit | user=null | ip=null | op=WRITE_CHUNK {blockData=conID: 2 locID: 102739174743867867 bcsId: 1821} | ret=SUCCESS |  
2019-09-05 09:23:15,934 | INFO  | DNAudit | user=null | ip=null | op=WRITE_CHUNK {blockData=conID: 2 locID: 102739174743867867 bcsId: 1821} | ret=SUCCESS |  
2019-09-05 09:23:15,934 | INFO  | DNAudit | user=null | ip=null | op=PUT_BLOCK {blockData=[blockId=conID: 2 locID: 102739174743867867 bcsId: 0,size=3145728]} | ret=SUCCESS |  
2019-09-05 09:23:15,934 [grpc-default-executor-0] INFO  client.GrpcClientProtocolClient (GrpcClientProtocolClient.java:onNext(255)) - client-969FB6DA8C9A->4fcc8d53-44cb-4faf-b915-5afa0c7529d4: receive RaftClientReply:client-969FB6DA8C9A->4fcc8d53-44cb-4faf-b915-5afa0c7529d4@group-6A615BAE1DD1, cid=1321, SUCCESS, logIndex=1826, commits[4fcc8d53-44cb-4faf-b915-5afa0c7529d4:c1827, 48aa5eb4-709c-4003-adb5-fbc02723cd23:c1825, 609a8cf1-6ad3-4123-b94a-106ad93148a8:c1825]
2019-09-05 09:23:15,935 [grpc-default-executor-0] INFO  client.GrpcClientProtocolClient (GrpcClientProtocolClient.java:onNext(255)) - client-969FB6DA8C9A->4fcc8d53-44cb-4faf-b915-5afa0c7529d4: receive RaftClientReply:client-969FB6DA8C9A->4fcc8d53-44cb-4faf-b915-5afa0c7529d4@group-6A615BAE1DD1, cid=1322, SUCCESS, logIndex=1827, commits[4fcc8d53-44cb-4faf-b915-5afa0c7529d4:c1827, 48aa5eb4-709c-4003-adb5-fbc02723cd23:c1825, 609a8cf1-6ad3-4123-b94a-106ad93148a8:c1825]
2019-09-05 09:23:15,936 | INFO  | DNAudit | user=null | ip=null | op=WRITE_CHUNK {blockData=conID: 2 locID: 102739174743867867 bcsId: 1821} | ret=SUCCESS |  
2019-09-05 09:23:15,936 | INFO  | DNAudit | user=null | ip=null | op=WRITE_CHUNK {blockData=conID: 2 locID: 102739174743867867 bcsId: 1821} | ret=SUCCESS |  
2019-09-05 09:23:15,938 | INFO  | DNAudit | user=null | ip=null | op=PUT_BLOCK {blockData=[blockId=conID: 2 locID: 102739174743867867 bcsId: 0,size=3145728]} | ret=SUCCESS |  
2019-09-05 09:23:15,938 | INFO  | DNAudit | user=null | ip=null | op=PUT_BLOCK {blockData=[blockId=conID: 2 locID: 102739174743867867 bcsId: 0,size=3145728]} | ret=SUCCESS |  
2019-09-05 09:23:15,942 | INFO  | DNAudit | user=null | ip=null | op=WRITE_CHUNK {blockData=conID: 2 locID: 102739174743867867 bcsId: 1827} | ret=SUCCESS |  
2019-09-05 09:23:15,943 | INFO  | DNAudit | user=null | ip=null | op=WRITE_CHUNK {blockData=conID: 2 locID: 102739174743867867 bcsId: 1827} | ret=SUCCESS |  
2019-09-05 09:23:15,944 | INFO  | DNAudit | user=null | ip=null | op=WRITE_CHUNK {blockData=conID: 2 locID: 102739174743867867 bcsId: 1827} | ret=SUCCESS |  
2019-09-05 09:23:15,950 | INFO  | DNAudit | user=null | ip=null | op=WRITE_CHUNK {blockData=conID: 2 locID: 102739174743867867 bcsId: 1827} | ret=SUCCESS |  
2019-09-05 09:23:15,950 | INFO  | DNAudit | user=null | ip=null | op=PUT_BLOCK {blockData=[blockId=conID: 2 locID: 102739174743867867 bcsId: 0,size=4194304]} | ret=SUCCESS |  
2019-09-05 09:23:15,950 [grpc-default-executor-3] INFO  client.GrpcClientProtocolClient (GrpcClientProtocolClient.java:onNext(255)) - client-969FB6DA8C9A->4fcc8d53-44cb-4faf-b915-5afa0c7529d4: receive RaftClientReply:client-969FB6DA8C9A->4fcc8d53-44cb-4faf-b915-5afa0c7529d4@group-6A615BAE1DD1, cid=1323, SUCCESS, logIndex=1830, commits[4fcc8d53-44cb-4faf-b915-5afa0c7529d4:c1831, 48aa5eb4-709c-4003-adb5-fbc02723cd23:c1829, 609a8cf1-6ad3-4123-b94a-106ad93148a8:c1829]
2019-09-05 09:23:15,951 [grpc-default-executor-3] INFO  client.GrpcClientProtocolClient (GrpcClientProtocolClient.java:onNext(255)) - client-969FB6DA8C9A->4fcc8d53-44cb-4faf-b915-5afa0c7529d4: receive RaftClientReply:client-969FB6DA8C9A->4fcc8d53-44cb-4faf-b915-5afa0c7529d4@group-6A615BAE1DD1, cid=1324, SUCCESS, logIndex=1831, commits[4fcc8d53-44cb-4faf-b915-5afa0c7529d4:c1831, 48aa5eb4-709c-4003-adb5-fbc02723cd23:c1829, 609a8cf1-6ad3-4123-b94a-106ad93148a8:c1829]
2019-09-05 09:23:15,974 | INFO  | DNAudit | user=null | ip=null | op=WRITE_CHUNK {blockData=conID: 2 locID: 102739174743867867 bcsId: 1827} | ret=SUCCESS |  
2019-09-05 09:23:15,974 | INFO  | DNAudit | user=null | ip=null | op=WRITE_CHUNK {blockData=conID: 2 locID: 102739174743867867 bcsId: 1827} | ret=SUCCESS |  
2019-09-05 09:23:15,975 | INFO  | DNAudit | user=null | ip=null | op=PUT_BLOCK {blockData=[blockId=conID: 2 locID: 102739174743867867 bcsId: 0,size=4194304]} | ret=SUCCESS |  
2019-09-05 09:23:15,975 | INFO  | DNAudit | user=null | ip=null | op=PUT_BLOCK {blockData=[blockId=conID: 2 locID: 102739174743867867 bcsId: 0,size=4194304]} | ret=SUCCESS |  
2019-09-05 09:23:15,976 [grpc-default-executor-3] INFO  client.GrpcClientProtocolClient (GrpcClientProtocolClient.java:onNext(255)) - client-969FB6DA8C9A->4fcc8d53-44cb-4faf-b915-5afa0c7529d4: receive RaftClientReply:client-969FB6DA8C9A->4fcc8d53-44cb-4faf-b915-5afa0c7529d4@group-6A615BAE1DD1, cid=1325, SUCCESS, logIndex=0, commits[4fcc8d53-44cb-4faf-b915-5afa0c7529d4:c1833, 48aa5eb4-709c-4003-adb5-fbc02723cd23:c1831, 609a8cf1-6ad3-4123-b94a-106ad93148a8:c1831]
2019-09-05 09:23:15,980 | INFO  | SCMAudit | user=jenkins1000 | ip=192.168.36.69 | op=ALLOCATE_BLOCK {owner=5cf4fcf6-c517-45f4-af25-2fff646d8883, size=4194304, type=RATIS, factor=THREE} | ret=SUCCESS |  
2019-09-05 09:23:15,983 | INFO  | OMAudit | user=jenkins1000 | ip=127.0.0.1 | op=ALLOCATE_BLOCK {volume=vol-0-13331, bucket=bucket-0-43606, key=key-0-76526, dataSize=0, replicationType=null, replicationFactor=null, keyLocationInfo=null, clientID=102739173903106450} | ret=SUCCESS |  
2019-09-05 09:23:15,990 | INFO  | DNAudit | user=null | ip=null | op=WRITE_CHUNK {blockData=conID: 3 locID: 102739174750945756 bcsId: 0} | ret=SUCCESS |  
2019-09-05 09:23:15,992 | INFO  | DNAudit | user=null | ip=null | op=WRITE_CHUNK {blockData=conID: 3 locID: 102739174750945756 bcsId: 0} | ret=SUCCESS |  
2019-09-05 09:23:15,993 | INFO  | DNAudit | user=null | ip=null | op=WRITE_CHUNK {blockData=conID: 3 locID: 102739174750945756 bcsId: 0} | ret=SUCCESS |  
2019-09-05 09:23:15,993 | INFO  | DNAudit | user=null | ip=null | op=WRITE_CHUNK {blockData=conID: 3 locID: 102739174750945756 bcsId: 0} | ret=SUCCESS |  
2019-09-05 09:23:15,995 | INFO  | DNAudit | user=null | ip=null | op=WRITE_CHUNK {blockData=conID: 3 locID: 102739174750945756 bcsId: 0} | ret=SUCCESS |  
2019-09-05 09:23:15,995 | INFO  | DNAudit | user=null | ip=null | op=WRITE_CHUNK {blockData=conID: 3 locID: 102739174750945756 bcsId: 0} | ret=SUCCESS |  
2019-09-05 09:23:16,017 | INFO  | DNAudit | user=null | ip=null | op=WRITE_CHUNK {blockData=conID: 3 locID: 102739174750945756 bcsId: 0} | ret=SUCCESS |  
2019-09-05 09:23:16,017 | INFO  | DNAudit | user=null | ip=null | op=PUT_BLOCK {blockData=[blockId=conID: 3 locID: 102739174750945756 bcsId: 0,size=1048576]} | ret=SUCCESS |  
2019-09-05 09:23:16,018 [grpc-default-executor-3] INFO  client.GrpcClientProtocolClient (GrpcClientProtocolClient.java:onNext(255)) - client-969FB6DA8C9A->4fcc8d53-44cb-4faf-b915-5afa0c7529d4: receive RaftClientReply:client-969FB6DA8C9A->4fcc8d53-44cb-4faf-b915-5afa0c7529d4@group-6A615BAE1DD1, cid=1326, SUCCESS, logIndex=1834, commits[4fcc8d53-44cb-4faf-b915-5afa0c7529d4:c1835, 48aa5eb4-709c-4003-adb5-fbc02723cd23:c1833, 609a8cf1-6ad3-4123-b94a-106ad93148a8:c1833]
2019-09-05 09:23:16,018 [grpc-default-executor-3] INFO  client.GrpcClientProtocolClient (GrpcClientProtocolClient.java:onNext(255)) - client-969FB6DA8C9A->4fcc8d53-44cb-4faf-b915-5afa0c7529d4: receive RaftClientReply:client-969FB6DA8C9A->4fcc8d53-44cb-4faf-b915-5afa0c7529d4@group-6A615BAE1DD1, cid=1327, SUCCESS, logIndex=1835, commits[4fcc8d53-44cb-4faf-b915-5afa0c7529d4:c1835, 48aa5eb4-709c-4003-adb5-fbc02723cd23:c1833, 609a8cf1-6ad3-4123-b94a-106ad93148a8:c1833]
 0.00% |█                                                                                                    |  0/1 Time: 0:00:132019-09-05 09:23:16,034 | INFO  | DNAudit | user=null | ip=null | op=WRITE_CHUNK {blockData=conID: 3 locID: 102739174750945756 bcsId: 0} | ret=SUCCESS |  
2019-09-05 09:23:16,034 | INFO  | DNAudit | user=null | ip=null | op=WRITE_CHUNK {blockData=conID: 3 locID: 102739174750945756 bcsId: 0} | ret=SUCCESS |  
2019-09-05 09:23:16,034 | INFO  | DNAudit | user=null | ip=null | op=PUT_BLOCK {blockData=[blockId=conID: 3 locID: 102739174750945756 bcsId: 0,size=2097152]} | ret=SUCCESS |  
2019-09-05 09:23:16,035 | INFO  | DNAudit | user=null | ip=null | op=PUT_BLOCK {blockData=[blockId=conID: 3 locID: 102739174750945756 bcsId: 0,size=1048576]} | ret=SUCCESS |  
2019-09-05 09:23:16,035 [grpc-default-executor-3] INFO  client.GrpcClientProtocolClient (GrpcClientProtocolClient.java:onNext(255)) - client-969FB6DA8C9A->4fcc8d53-44cb-4faf-b915-5afa0c7529d4: receive RaftClientReply:client-969FB6DA8C9A->4fcc8d53-44cb-4faf-b915-5afa0c7529d4@group-6A615BAE1DD1, cid=1328, SUCCESS, logIndex=1836, commits[4fcc8d53-44cb-4faf-b915-5afa0c7529d4:c1837, 48aa5eb4-709c-4003-adb5-fbc02723cd23:c1833, 609a8cf1-6ad3-4123-b94a-106ad93148a8:c1833]
2019-09-05 09:23:16,035 | INFO  | DNAudit | user=null | ip=null | op=WRITE_CHUNK {blockData=conID: 3 locID: 102739174750945756 bcsId: 0} | ret=SUCCESS |  
2019-09-05 09:23:16,035 | INFO  | DNAudit | user=null | ip=null | op=PUT_BLOCK {blockData=[blockId=conID: 3 locID: 102739174750945756 bcsId: 0,size=1048576]} | ret=SUCCESS |  
2019-09-05 09:23:16,035 [grpc-default-executor-0] INFO  client.GrpcClientProtocolClient (GrpcClientProtocolClient.java:onNext(255)) - client-969FB6DA8C9A->4fcc8d53-44cb-4faf-b915-5afa0c7529d4: receive RaftClientReply:client-969FB6DA8C9A->4fcc8d53-44cb-4faf-b915-5afa0c7529d4@group-6A615BAE1DD1, cid=1329, SUCCESS, logIndex=1837, commits[4fcc8d53-44cb-4faf-b915-5afa0c7529d4:c1839, 48aa5eb4-709c-4003-adb5-fbc02723cd23:c1833, 609a8cf1-6ad3-4123-b94a-106ad93148a8:c1835]
2019-09-05 09:23:16,036 | INFO  | DNAudit | user=null | ip=null | op=WRITE_CHUNK {blockData=conID: 3 locID: 102739174750945756 bcsId: 0} | ret=SUCCESS |  
2019-09-05 09:23:16,036 | INFO  | DNAudit | user=null | ip=null | op=PUT_BLOCK {blockData=[blockId=conID: 3 locID: 102739174750945756 bcsId: 0,size=2097152]} | ret=SUCCESS |  
2019-09-05 09:23:16,036 | INFO  | DNAudit | user=null | ip=null | op=WRITE_CHUNK {blockData=conID: 3 locID: 102739174750945756 bcsId: 0} | ret=SUCCESS |  
2019-09-05 09:23:16,036 | INFO  | DNAudit | user=null | ip=null | op=PUT_BLOCK {blockData=[blockId=conID: 3 locID: 102739174750945756 bcsId: 0,size=2097152]} | ret=SUCCESS |  
2019-09-05 09:23:16,036 [grpc-default-executor-0] INFO  client.GrpcClientProtocolClient (GrpcClientProtocolClient.java:onNext(255)) - client-969FB6DA8C9A->4fcc8d53-44cb-4faf-b915-5afa0c7529d4: receive RaftClientReply:client-969FB6DA8C9A->4fcc8d53-44cb-4faf-b915-5afa0c7529d4@group-6A615BAE1DD1, cid=1330, SUCCESS, logIndex=0, commits[4fcc8d53-44cb-4faf-b915-5afa0c7529d4:c1841, 48aa5eb4-709c-4003-adb5-fbc02723cd23:c1835, 609a8cf1-6ad3-4123-b94a-106ad93148a8:c1837]
2019-09-05 09:23:16,043 | INFO  | DNAudit | user=null | ip=null | op=WRITE_CHUNK {blockData=conID: 3 locID: 102739174750945756 bcsId: 1837} | ret=SUCCESS |  
2019-09-05 09:23:16,044 | INFO  | DNAudit | user=null | ip=null | op=WRITE_CHUNK {blockData=conID: 3 locID: 102739174750945756 bcsId: 1837} | ret=SUCCESS |  
2019-09-05 09:23:16,045 | INFO  | DNAudit | user=null | ip=null | op=WRITE_CHUNK {blockData=conID: 3 locID: 102739174750945756 bcsId: 1837} | ret=SUCCESS |  
2019-09-05 09:23:16,053 | INFO  | SCMAudit | user=jenkins1000 | ip=192.168.36.69 | op=SEND_HEARTBEAT {datanodeUUID=4fcc8d53-44cb-4faf-b915-5afa0c7529d4, command=[]} | ret=SUCCESS |  
2019-09-05 09:23:16,053 | INFO  | SCMAudit | user=jenkins1000 | ip=192.168.36.69 | op=SEND_HEARTBEAT {datanodeUUID=609a8cf1-6ad3-4123-b94a-106ad93148a8, command=[]} | ret=SUCCESS |  
2019-09-05 09:23:16,055 | INFO  | SCMAudit | user=jenkins1000 | ip=192.168.36.69 | op=SEND_HEARTBEAT {datanodeUUID=48aa5eb4-709c-4003-adb5-fbc02723cd23, command=[]} | ret=SUCCESS |  
2019-09-05 09:23:16,058 | INFO  | DNAudit | user=null | ip=null | op=WRITE_CHUNK {blockData=conID: 3 locID: 102739174750945756 bcsId: 1837} | ret=SUCCESS |  
2019-09-05 09:23:16,059 | INFO  | DNAudit | user=null | ip=null | op=PUT_BLOCK {blockData=[blockId=conID: 3 locID: 102739174750945756 bcsId: 0,size=3145728]} | ret=SUCCESS |  
2019-09-05 09:23:16,059 [grpc-default-executor-3] INFO  client.GrpcClientProtocolClient (GrpcClientProtocolClient.java:onNext(255)) - client-969FB6DA8C9A->4fcc8d53-44cb-4faf-b915-5afa0c7529d4: receive RaftClientReply:client-969FB6DA8C9A->4fcc8d53-44cb-4faf-b915-5afa0c7529d4@group-6A615BAE1DD1, cid=1331, SUCCESS, logIndex=1842, commits[4fcc8d53-44cb-4faf-b915-5afa0c7529d4:c1843, 48aa5eb4-709c-4003-adb5-fbc02723cd23:c1841, 609a8cf1-6ad3-4123-b94a-106ad93148a8:c1841]
2019-09-05 09:23:16,059 [grpc-default-executor-3] INFO  client.GrpcClientProtocolClient (GrpcClientProtocolClient.java:onNext(255)) - client-969FB6DA8C9A->4fcc8d53-44cb-4faf-b915-5afa0c7529d4: receive RaftClientReply:client-969FB6DA8C9A->4fcc8d53-44cb-4faf-b915-5afa0c7529d4@group-6A615BAE1DD1, cid=1332, SUCCESS, logIndex=1843, commits[4fcc8d53-44cb-4faf-b915-5afa0c7529d4:c1843, 48aa5eb4-709c-4003-adb5-fbc02723cd23:c1841, 609a8cf1-6ad3-4123-b94a-106ad93148a8:c1841]
2019-09-05 09:23:16,066 | INFO  | DNAudit | user=null | ip=null | op=WRITE_CHUNK {blockData=conID: 3 locID: 102739174750945756 bcsId: 1843} | ret=SUCCESS |  
2019-09-05 09:23:16,067 | INFO  | DNAudit | user=null | ip=null | op=WRITE_CHUNK {blockData=conID: 3 locID: 102739174750945756 bcsId: 1843} | ret=SUCCESS |  
2019-09-05 09:23:16,068 | INFO  | DNAudit | user=null | ip=null | op=WRITE_CHUNK {blockData=conID: 3 locID: 102739174750945756 bcsId: 1843} | ret=SUCCESS |  
2019-09-05 09:23:16,073 | INFO  | DNAudit | user=null | ip=null | op=WRITE_CHUNK {blockData=conID: 3 locID: 102739174750945756 bcsId: 1837} | ret=SUCCESS |  
2019-09-05 09:23:16,073 | INFO  | DNAudit | user=null | ip=null | op=WRITE_CHUNK {blockData=conID: 3 locID: 102739174750945756 bcsId: 1837} | ret=SUCCESS |  
2019-09-05 09:23:16,076 | INFO  | DNAudit | user=null | ip=null | op=PUT_BLOCK {blockData=[blockId=conID: 3 locID: 102739174750945756 bcsId: 0,size=3145728]} | ret=SUCCESS |  
2019-09-05 09:23:16,076 | INFO  | DNAudit | user=null | ip=null | op=PUT_BLOCK {blockData=[blockId=conID: 3 locID: 102739174750945756 bcsId: 0,size=3145728]} | ret=SUCCESS |  
2019-09-05 09:23:16,077 | INFO  | DNAudit | user=null | ip=null | op=WRITE_CHUNK {blockData=conID: 3 locID: 102739174750945756 bcsId: 1843} | ret=SUCCESS |  
2019-09-05 09:23:16,077 | INFO  | DNAudit | user=null | ip=null | op=PUT_BLOCK {blockData=[blockId=conID: 3 locID: 102739174750945756 bcsId: 0,size=4194304]} | ret=SUCCESS |  
2019-09-05 09:23:16,077 [grpc-default-executor-4] INFO  client.GrpcClientProtocolClient (GrpcClientProtocolClient.java:onNext(255)) - client-969FB6DA8C9A->4fcc8d53-44cb-4faf-b915-5afa0c7529d4: receive RaftClientReply:client-969FB6DA8C9A->4fcc8d53-44cb-4faf-b915-5afa0c7529d4@group-6A615BAE1DD1, cid=1333, SUCCESS, logIndex=1846, commits[4fcc8d53-44cb-4faf-b915-5afa0c7529d4:c1847, 48aa5eb4-709c-4003-adb5-fbc02723cd23:c1843, 609a8cf1-6ad3-4123-b94a-106ad93148a8:c1843]
2019-09-05 09:23:16,077 [grpc-default-executor-4] INFO  client.GrpcClientProtocolClient (GrpcClientProtocolClient.java:onNext(255)) - client-969FB6DA8C9A->4fcc8d53-44cb-4faf-b915-5afa0c7529d4: receive RaftClientReply:client-969FB6DA8C9A->4fcc8d53-44cb-4faf-b915-5afa0c7529d4@group-6A615BAE1DD1, cid=1334, SUCCESS, logIndex=1847, commits[4fcc8d53-44cb-4faf-b915-5afa0c7529d4:c1847, 48aa5eb4-709c-4003-adb5-fbc02723cd23:c1843, 609a8cf1-6ad3-4123-b94a-106ad93148a8:c1843]
2019-09-05 09:23:16,095 | INFO  | DNAudit | user=null | ip=null | op=WRITE_CHUNK {blockData=conID: 3 locID: 102739174750945756 bcsId: 1843} | ret=SUCCESS |  
2019-09-05 09:23:16,096 | INFO  | DNAudit | user=null | ip=null | op=WRITE_CHUNK {blockData=conID: 3 locID: 102739174750945756 bcsId: 1843} | ret=SUCCESS |  
2019-09-05 09:23:16,097 | INFO  | DNAudit | user=null | ip=null | op=PUT_BLOCK {blockData=[blockId=conID: 3 locID: 102739174750945756 bcsId: 0,size=4194304]} | ret=SUCCESS |  
2019-09-05 09:23:16,097 | INFO  | DNAudit | user=null | ip=null | op=PUT_BLOCK {blockData=[blockId=conID: 3 locID: 102739174750945756 bcsId: 0,size=4194304]} | ret=SUCCESS |  
2019-09-05 09:23:16,097 [grpc-default-executor-4] INFO  client.GrpcClientProtocolClient (GrpcClientProtocolClient.java:onNext(255)) - client-969FB6DA8C9A->4fcc8d53-44cb-4faf-b915-5afa0c7529d4: receive RaftClientReply:client-969FB6DA8C9A->4fcc8d53-44cb-4faf-b915-5afa0c7529d4@group-6A615BAE1DD1, cid=1335, SUCCESS, logIndex=0, commits[4fcc8d53-44cb-4faf-b915-5afa0c7529d4:c1849, 48aa5eb4-709c-4003-adb5-fbc02723cd23:c1847, 609a8cf1-6ad3-4123-b94a-106ad93148a8:c1847]
2019-09-05 09:23:16,102 | INFO  | SCMAudit | user=jenkins1000 | ip=192.168.36.69 | op=ALLOCATE_BLOCK {owner=5cf4fcf6-c517-45f4-af25-2fff646d8883, size=4194304, type=RATIS, factor=THREE} | ret=SUCCESS |  
2019-09-05 09:23:16,105 | INFO  | OMAudit | user=jenkins1000 | ip=127.0.0.1 | op=ALLOCATE_BLOCK {volume=vol-0-13331, bucket=bucket-0-43606, key=key-0-76526, dataSize=0, replicationType=null, replicationFactor=null, keyLocationInfo=null, clientID=102739173903106450} | ret=SUCCESS |  
2019-09-05 09:23:16,117 | INFO  | DNAudit | user=null | ip=null | op=WRITE_CHUNK {blockData=conID: 1 locID: 102739174758941149 bcsId: 0} | ret=SUCCESS |  
2019-09-05 09:23:16,120 | INFO  | DNAudit | user=null | ip=null | op=WRITE_CHUNK {blockData=conID: 1 locID: 102739174758941149 bcsId: 0} | ret=SUCCESS |  
2019-09-05 09:23:16,121 | INFO  | DNAudit | user=null | ip=null | op=WRITE_CHUNK {blockData=conID: 1 locID: 102739174758941149 bcsId: 0} | ret=SUCCESS |  
2019-09-05 09:23:16,121 | INFO  | DNAudit | user=null | ip=null | op=WRITE_CHUNK {blockData=conID: 1 locID: 102739174758941149 bcsId: 0} | ret=SUCCESS |  
2019-09-05 09:23:16,123 | INFO  | DNAudit | user=null | ip=null | op=WRITE_CHUNK {blockData=conID: 1 locID: 102739174758941149 bcsId: 0} | ret=SUCCESS |  
2019-09-05 09:23:16,123 | INFO  | DNAudit | user=null | ip=null | op=WRITE_CHUNK {blockData=conID: 1 locID: 102739174758941149 bcsId: 0} | ret=SUCCESS |  
2019-09-05 09:23:16,162 | INFO  | DNAudit | user=null | ip=null | op=WRITE_CHUNK {blockData=conID: 1 locID: 102739174758941149 bcsId: 0} | ret=SUCCESS |  
2019-09-05 09:23:16,163 | INFO  | DNAudit | user=null | ip=null | op=PUT_BLOCK {blockData=[blockId=conID: 1 locID: 102739174758941149 bcsId: 0,size=1048576]} | ret=SUCCESS |  
2019-09-05 09:23:16,163 | INFO  | DNAudit | user=null | ip=null | op=WRITE_CHUNK {blockData=conID: 1 locID: 102739174758941149 bcsId: 0} | ret=SUCCESS |  
2019-09-05 09:23:16,163 [grpc-default-executor-0] INFO  client.GrpcClientProtocolClient (GrpcClientProtocolClient.java:onNext(255)) - client-969FB6DA8C9A->4fcc8d53-44cb-4faf-b915-5afa0c7529d4: receive RaftClientReply:client-969FB6DA8C9A->4fcc8d53-44cb-4faf-b915-5afa0c7529d4@group-6A615BAE1DD1, cid=1336, SUCCESS, logIndex=1850, commits[4fcc8d53-44cb-4faf-b915-5afa0c7529d4:c1851, 48aa5eb4-709c-4003-adb5-fbc02723cd23:c1849, 609a8cf1-6ad3-4123-b94a-106ad93148a8:c1849]
2019-09-05 09:23:16,164 | INFO  | DNAudit | user=null | ip=null | op=PUT_BLOCK {blockData=[blockId=conID: 1 locID: 102739174758941149 bcsId: 0,size=2097152]} | ret=SUCCESS |  
2019-09-05 09:23:16,164 [grpc-default-executor-0] INFO  client.GrpcClientProtocolClient (GrpcClientProtocolClient.java:onNext(255)) - client-969FB6DA8C9A->4fcc8d53-44cb-4faf-b915-5afa0c7529d4: receive RaftClientReply:client-969FB6DA8C9A->4fcc8d53-44cb-4faf-b915-5afa0c7529d4@group-6A615BAE1DD1, cid=1337, SUCCESS, logIndex=1851, commits[4fcc8d53-44cb-4faf-b915-5afa0c7529d4:c1853, 48aa5eb4-709c-4003-adb5-fbc02723cd23:c1849, 609a8cf1-6ad3-4123-b94a-106ad93148a8:c1849]
2019-09-05 09:23:16,164 [grpc-default-executor-0] INFO  client.GrpcClientProtocolClient (GrpcClientProtocolClient.java:onNext(255)) - client-969FB6DA8C9A->4fcc8d53-44cb-4faf-b915-5afa0c7529d4: receive RaftClientReply:client-969FB6DA8C9A->4fcc8d53-44cb-4faf-b915-5afa0c7529d4@group-6A615BAE1DD1, cid=1338, SUCCESS, logIndex=1852, commits[4fcc8d53-44cb-4faf-b915-5afa0c7529d4:c1853, 48aa5eb4-709c-4003-adb5-fbc02723cd23:c1849, 609a8cf1-6ad3-4123-b94a-106ad93148a8:c1849]
2019-09-05 09:23:16,164 [grpc-default-executor-0] INFO  client.GrpcClientProtocolClient (GrpcClientProtocolClient.java:onNext(255)) - client-969FB6DA8C9A->4fcc8d53-44cb-4faf-b915-5afa0c7529d4: receive RaftClientReply:client-969FB6DA8C9A->4fcc8d53-44cb-4faf-b915-5afa0c7529d4@group-6A615BAE1DD1, cid=1339, SUCCESS, logIndex=1853, commits[4fcc8d53-44cb-4faf-b915-5afa0c7529d4:c1853, 48aa5eb4-709c-4003-adb5-fbc02723cd23:c1849, 609a8cf1-6ad3-4123-b94a-106ad93148a8:c1849]
2019-09-05 09:23:16,208 | INFO  | DNAudit | user=null | ip=null | op=WRITE_CHUNK {blockData=conID: 1 locID: 102739174758941149 bcsId: 0} | ret=SUCCESS |  
2019-09-05 09:23:16,208 | INFO  | DNAudit | user=null | ip=null | op=PUT_BLOCK {blockData=[blockId=conID: 1 locID: 102739174758941149 bcsId: 0,size=1048576]} | ret=SUCCESS |  
2019-09-05 09:23:16,209 | INFO  | DNAudit | user=null | ip=null | op=WRITE_CHUNK {blockData=conID: 1 locID: 102739174758941149 bcsId: 0} | ret=SUCCESS |  
2019-09-05 09:23:16,209 | INFO  | DNAudit | user=null | ip=null | op=PUT_BLOCK {blockData=[blockId=conID: 1 locID: 102739174758941149 bcsId: 0,size=1048576]} | ret=SUCCESS |  
2019-09-05 09:23:16,209 | INFO  | DNAudit | user=null | ip=null | op=WRITE_CHUNK {blockData=conID: 1 locID: 102739174758941149 bcsId: 0} | ret=SUCCESS |  
2019-09-05 09:23:16,209 | INFO  | DNAudit | user=null | ip=null | op=WRITE_CHUNK {blockData=conID: 1 locID: 102739174758941149 bcsId: 0} | ret=SUCCESS |  
2019-09-05 09:23:16,209 [grpc-default-executor-0] INFO  client.GrpcClientProtocolClient (GrpcClientProtocolClient.java:onNext(255)) - client-969FB6DA8C9A->4fcc8d53-44cb-4faf-b915-5afa0c7529d4: receive RaftClientReply:client-969FB6DA8C9A->4fcc8d53-44cb-4faf-b915-5afa0c7529d4@group-6A615BAE1DD1, cid=1340, SUCCESS, logIndex=0, commits[4fcc8d53-44cb-4faf-b915-5afa0c7529d4:c1854, 48aa5eb4-709c-4003-adb5-fbc02723cd23:c1851, 609a8cf1-6ad3-4123-b94a-106ad93148a8:c1851]
2019-09-05 09:23:16,210 | INFO  | DNAudit | user=null | ip=null | op=PUT_BLOCK {blockData=[blockId=conID: 1 locID: 102739174758941149 bcsId: 0,size=2097152]} | ret=SUCCESS |  
2019-09-05 09:23:16,210 | INFO  | DNAudit | user=null | ip=null | op=PUT_BLOCK {blockData=[blockId=conID: 1 locID: 102739174758941149 bcsId: 0,size=2097152]} | ret=SUCCESS |  
2019-09-05 09:23:16,218 | INFO  | DNAudit | user=null | ip=null | op=WRITE_CHUNK {blockData=conID: 1 locID: 102739174758941149 bcsId: 1853} | ret=SUCCESS |  
2019-09-05 09:23:16,220 | INFO  | DNAudit | user=null | ip=null | op=WRITE_CHUNK {blockData=conID: 1 locID: 102739174758941149 bcsId: 1853} | ret=SUCCESS |  
2019-09-05 09:23:16,221 | INFO  | DNAudit | user=null | ip=null | op=WRITE_CHUNK {blockData=conID: 1 locID: 102739174758941149 bcsId: 1853} | ret=SUCCESS |  
2019-09-05 09:23:16,238 | INFO  | SCMAudit | user=jenkins1000 | ip=192.168.36.69 | op=SEND_HEARTBEAT {datanodeUUID=5b6cff60-1414-40d6-b682-781dc5ff3023, command=[]} | ret=SUCCESS |  
2019-09-05 09:23:16,247 | INFO  | DNAudit | user=null | ip=null | op=WRITE_CHUNK {blockData=conID: 1 locID: 102739174758941149 bcsId: 1853} | ret=SUCCESS |  
2019-09-05 09:23:16,253 | INFO  | DNAudit | user=null | ip=null | op=PUT_BLOCK {blockData=[blockId=conID: 1 locID: 102739174758941149 bcsId: 0,size=3145728]} | ret=SUCCESS |  
2019-09-05 09:23:16,253 [grpc-default-executor-4] INFO  client.GrpcClientProtocolClient (GrpcClientProtocolClient.java:onNext(255)) - client-969FB6DA8C9A->4fcc8d53-44cb-4faf-b915-5afa0c7529d4: receive RaftClientReply:client-969FB6DA8C9A->4fcc8d53-44cb-4faf-b915-5afa0c7529d4@group-6A615BAE1DD1, cid=1341, SUCCESS, logIndex=1857, commits[4fcc8d53-44cb-4faf-b915-5afa0c7529d4:c1858, 48aa5eb4-709c-4003-adb5-fbc02723cd23:c1856, 609a8cf1-6ad3-4123-b94a-106ad93148a8:c1856]
2019-09-05 09:23:16,253 [grpc-default-executor-4] INFO  client.GrpcClientProtocolClient (GrpcClientProtocolClient.java:onNext(255)) - client-969FB6DA8C9A->4fcc8d53-44cb-4faf-b915-5afa0c7529d4: receive RaftClientReply:client-969FB6DA8C9A->4fcc8d53-44cb-4faf-b915-5afa0c7529d4@group-6A615BAE1DD1, cid=1342, SUCCESS, logIndex=1858, commits[4fcc8d53-44cb-4faf-b915-5afa0c7529d4:c1858, 48aa5eb4-709c-4003-adb5-fbc02723cd23:c1856, 609a8cf1-6ad3-4123-b94a-106ad93148a8:c1856]
2019-09-05 09:23:16,261 | INFO  | DNAudit | user=null | ip=null | op=WRITE_CHUNK {blockData=conID: 1 locID: 102739174758941149 bcsId: 1858} | ret=SUCCESS |  
2019-09-05 09:23:16,262 | INFO  | DNAudit | user=null | ip=null | op=WRITE_CHUNK {blockData=conID: 1 locID: 102739174758941149 bcsId: 1858} | ret=SUCCESS |  
2019-09-05 09:23:16,263 | INFO  | DNAudit | user=null | ip=null | op=WRITE_CHUNK {blockData=conID: 1 locID: 102739174758941149 bcsId: 1858} | ret=SUCCESS |  
2019-09-05 09:23:16,277 | INFO  | DNAudit | user=null | ip=null | op=WRITE_CHUNK {blockData=conID: 1 locID: 102739174758941149 bcsId: 1853} | ret=SUCCESS |  
2019-09-05 09:23:16,277 | INFO  | DNAudit | user=null | ip=null | op=WRITE_CHUNK {blockData=conID: 1 locID: 102739174758941149 bcsId: 1853} | ret=SUCCESS |  
2019-09-05 09:23:16,278 | INFO  | DNAudit | user=null | ip=null | op=PUT_BLOCK {blockData=[blockId=conID: 1 locID: 102739174758941149 bcsId: 0,size=3145728]} | ret=SUCCESS |  
2019-09-05 09:23:16,278 | INFO  | DNAudit | user=null | ip=null | op=PUT_BLOCK {blockData=[blockId=conID: 1 locID: 102739174758941149 bcsId: 0,size=3145728]} | ret=SUCCESS |  
2019-09-05 09:23:16,279 | INFO  | DNAudit | user=null | ip=null | op=WRITE_CHUNK {blockData=conID: 1 locID: 102739174758941149 bcsId: 1858} | ret=SUCCESS |  
2019-09-05 09:23:16,279 | INFO  | DNAudit | user=null | ip=null | op=PUT_BLOCK {blockData=[blockId=conID: 1 locID: 102739174758941149 bcsId: 0,size=4194304]} | ret=SUCCESS |  
2019-09-05 09:23:16,279 [grpc-default-executor-5] INFO  client.GrpcClientProtocolClient (GrpcClientProtocolClient.java:onNext(255)) - client-969FB6DA8C9A->4fcc8d53-44cb-4faf-b915-5afa0c7529d4: receive RaftClientReply:client-969FB6DA8C9A->4fcc8d53-44cb-4faf-b915-5afa0c7529d4@group-6A615BAE1DD1, cid=1343, SUCCESS, logIndex=1861, commits[4fcc8d53-44cb-4faf-b915-5afa0c7529d4:c1862, 48aa5eb4-709c-4003-adb5-fbc02723cd23:c1858, 609a8cf1-6ad3-4123-b94a-106ad93148a8:c1858]
2019-09-05 09:23:16,280 [grpc-default-executor-5] INFO  client.GrpcClientProtocolClient (GrpcClientProtocolClient.java:onNext(255)) - client-969FB6DA8C9A->4fcc8d53-44cb-4faf-b915-5afa0c7529d4: receive RaftClientReply:client-969FB6DA8C9A->4fcc8d53-44cb-4faf-b915-5afa0c7529d4@group-6A615BAE1DD1, cid=1344, SUCCESS, logIndex=1862, commits[4fcc8d53-44cb-4faf-b915-5afa0c7529d4:c1862, 48aa5eb4-709c-4003-adb5-fbc02723cd23:c1858, 609a8cf1-6ad3-4123-b94a-106ad93148a8:c1858]
2019-09-05 09:23:16,288 | INFO  | DNAudit | user=null | ip=null | op=WRITE_CHUNK {blockData=conID: 1 locID: 102739174758941149 bcsId: 1858} | ret=SUCCESS |  
2019-09-05 09:23:16,288 | INFO  | DNAudit | user=null | ip=null | op=WRITE_CHUNK {blockData=conID: 1 locID: 102739174758941149 bcsId: 1858} | ret=SUCCESS |  
2019-09-05 09:23:16,289 | INFO  | DNAudit | user=null | ip=null | op=PUT_BLOCK {blockData=[blockId=conID: 1 locID: 102739174758941149 bcsId: 0,size=4194304]} | ret=SUCCESS |  
2019-09-05 09:23:16,289 | INFO  | DNAudit | user=null | ip=null | op=PUT_BLOCK {blockData=[blockId=conID: 1 locID: 102739174758941149 bcsId: 0,size=4194304]} | ret=SUCCESS |  
2019-09-05 09:23:16,290 [grpc-default-executor-0] INFO  client.GrpcClientProtocolClient (GrpcClientProtocolClient.java:onNext(255)) - client-969FB6DA8C9A->4fcc8d53-44cb-4faf-b915-5afa0c7529d4: receive RaftClientReply:client-969FB6DA8C9A->4fcc8d53-44cb-4faf-b915-5afa0c7529d4@group-6A615BAE1DD1, cid=1345, SUCCESS, logIndex=0, commits[4fcc8d53-44cb-4faf-b915-5afa0c7529d4:c1864, 48aa5eb4-709c-4003-adb5-fbc02723cd23:c1862, 609a8cf1-6ad3-4123-b94a-106ad93148a8:c1862]
2019-09-05 09:23:16,294 | INFO  | SCMAudit | user=jenkins1000 | ip=192.168.36.69 | op=ALLOCATE_BLOCK {owner=5cf4fcf6-c517-45f4-af25-2fff646d8883, size=4194304, type=RATIS, factor=THREE} | ret=SUCCESS |  
2019-09-05 09:23:16,297 | INFO  | OMAudit | user=jenkins1000 | ip=127.0.0.1 | op=ALLOCATE_BLOCK {volume=vol-0-13331, bucket=bucket-0-43606, key=key-0-76526, dataSize=0, replicationType=null, replicationFactor=null, keyLocationInfo=null, clientID=102739173903106450} | ret=SUCCESS |  
2019-09-05 09:23:16,307 | INFO  | DNAudit | user=null | ip=null | op=WRITE_CHUNK {blockData=conID: 2 locID: 102739174771524062 bcsId: 0} | ret=SUCCESS |  
2019-09-05 09:23:16,307 | INFO  | DNAudit | user=null | ip=null | op=WRITE_CHUNK {blockData=conID: 2 locID: 102739174771524062 bcsId: 0} | ret=SUCCESS |  
2019-09-05 09:23:16,307 | INFO  | DNAudit | user=null | ip=null | op=WRITE_CHUNK {blockData=conID: 2 locID: 102739174771524062 bcsId: 0} | ret=SUCCESS |  
2019-09-05 09:23:16,308 | INFO  | DNAudit | user=null | ip=null | op=WRITE_CHUNK {blockData=conID: 2 locID: 102739174771524062 bcsId: 0} | ret=SUCCESS |  
2019-09-05 09:23:16,310 | INFO  | DNAudit | user=null | ip=null | op=WRITE_CHUNK {blockData=conID: 2 locID: 102739174771524062 bcsId: 0} | ret=SUCCESS |  
2019-09-05 09:23:16,310 | INFO  | DNAudit | user=null | ip=null | op=WRITE_CHUNK {blockData=conID: 2 locID: 102739174771524062 bcsId: 0} | ret=SUCCESS |  
2019-09-05 09:23:16,314 | INFO  | DNAudit | user=null | ip=null | op=WRITE_CHUNK {blockData=conID: 2 locID: 102739174771524062 bcsId: 0} | ret=SUCCESS |  
2019-09-05 09:23:16,315 | INFO  | DNAudit | user=null | ip=null | op=PUT_BLOCK {blockData=[blockId=conID: 2 locID: 102739174771524062 bcsId: 0,size=1048576]} | ret=SUCCESS |  
2019-09-05 09:23:16,315 [grpc-default-executor-0] INFO  client.GrpcClientProtocolClient (GrpcClientProtocolClient.java:onNext(255)) - client-969FB6DA8C9A->4fcc8d53-44cb-4faf-b915-5afa0c7529d4: receive RaftClientReply:client-969FB6DA8C9A->4fcc8d53-44cb-4faf-b915-5afa0c7529d4@group-6A615BAE1DD1, cid=1346, SUCCESS, logIndex=1865, commits[4fcc8d53-44cb-4faf-b915-5afa0c7529d4:c1866, 48aa5eb4-709c-4003-adb5-fbc02723cd23:c1864, 609a8cf1-6ad3-4123-b94a-106ad93148a8:c1864]
2019-09-05 09:23:16,315 [grpc-default-executor-0] INFO  client.GrpcClientProtocolClient (GrpcClientProtocolClient.java:onNext(255)) - client-969FB6DA8C9A->4fcc8d53-44cb-4faf-b915-5afa0c7529d4: receive RaftClientReply:client-969FB6DA8C9A->4fcc8d53-44cb-4faf-b915-5afa0c7529d4@group-6A615BAE1DD1, cid=1347, SUCCESS, logIndex=1866, commits[4fcc8d53-44cb-4faf-b915-5afa0c7529d4:c1866, 48aa5eb4-709c-4003-adb5-fbc02723cd23:c1864, 609a8cf1-6ad3-4123-b94a-106ad93148a8:c1864]
2019-09-05 09:23:16,325 | INFO  | DNAudit | user=null | ip=null | op=WRITE_CHUNK {blockData=conID: 2 locID: 102739174771524062 bcsId: 0} | ret=SUCCESS |  
2019-09-05 09:23:16,325 | INFO  | DNAudit | user=null | ip=null | op=PUT_BLOCK {blockData=[blockId=conID: 2 locID: 102739174771524062 bcsId: 0,size=2097152]} | ret=SUCCESS |  
2019-09-05 09:23:16,326 | INFO  | DNAudit | user=null | ip=null | op=WRITE_CHUNK {blockData=conID: 2 locID: 102739174771524062 bcsId: 0} | ret=SUCCESS |  
2019-09-05 09:23:16,326 | INFO  | DNAudit | user=null | ip=null | op=PUT_BLOCK {blockData=[blockId=conID: 2 locID: 102739174771524062 bcsId: 0,size=1048576]} | ret=SUCCESS |  
2019-09-05 09:23:16,327 | INFO  | DNAudit | user=null | ip=null | op=WRITE_CHUNK {blockData=conID: 2 locID: 102739174771524062 bcsId: 0} | ret=SUCCESS |  
2019-09-05 09:23:16,327 | INFO  | DNAudit | user=null | ip=null | op=PUT_BLOCK {blockData=[blockId=conID: 2 locID: 102739174771524062 bcsId: 0,size=1048576]} | ret=SUCCESS |  
2019-09-05 09:23:16,327 | INFO  | DNAudit | user=null | ip=null | op=WRITE_CHUNK {blockData=conID: 2 locID: 102739174771524062 bcsId: 0} | ret=SUCCESS |  
2019-09-05 09:23:16,327 | INFO  | DNAudit | user=null | ip=null | op=WRITE_CHUNK {blockData=conID: 2 locID: 102739174771524062 bcsId: 0} | ret=SUCCESS |  
2019-09-05 09:23:16,327 | INFO  | DNAudit | user=null | ip=null | op=PUT_BLOCK {blockData=[blockId=conID: 2 locID: 102739174771524062 bcsId: 0,size=2097152]} | ret=SUCCESS |  
2019-09-05 09:23:16,327 | INFO  | DNAudit | user=null | ip=null | op=PUT_BLOCK {blockData=[blockId=conID: 2 locID: 102739174771524062 bcsId: 0,size=2097152]} | ret=SUCCESS |  
2019-09-05 09:23:16,332 [grpc-default-executor-5] INFO  client.GrpcClientProtocolClient (GrpcClientProtocolClient.java:onNext(255)) - client-969FB6DA8C9A->4fcc8d53-44cb-4faf-b915-5afa0c7529d4: receive RaftClientReply:client-969FB6DA8C9A->4fcc8d53-44cb-4faf-b915-5afa0c7529d4@group-6A615BAE1DD1, cid=1348, SUCCESS, logIndex=1867, commits[4fcc8d53-44cb-4faf-b915-5afa0c7529d4:c1868, 48aa5eb4-709c-4003-adb5-fbc02723cd23:c1864, 609a8cf1-6ad3-4123-b94a-106ad93148a8:c1864]
2019-09-05 09:23:16,333 [grpc-default-executor-5] INFO  client.GrpcClientProtocolClient (GrpcClientProtocolClient.java:onNext(255)) - client-969FB6DA8C9A->4fcc8d53-44cb-4faf-b915-5afa0c7529d4: receive RaftClientReply:client-969FB6DA8C9A->4fcc8d53-44cb-4faf-b915-5afa0c7529d4@group-6A615BAE1DD1, cid=1349, SUCCESS, logIndex=1868, commits[4fcc8d53-44cb-4faf-b915-5afa0c7529d4:c1868, 48aa5eb4-709c-4003-adb5-fbc02723cd23:c1864, 609a8cf1-6ad3-4123-b94a-106ad93148a8:c1864]
2019-09-05 09:23:16,334 [grpc-default-executor-5] INFO  client.GrpcClientProtocolClient (GrpcClientProtocolClient.java:onNext(255)) - client-969FB6DA8C9A->4fcc8d53-44cb-4faf-b915-5afa0c7529d4: receive RaftClientReply:client-969FB6DA8C9A->4fcc8d53-44cb-4faf-b915-5afa0c7529d4@group-6A615BAE1DD1, cid=1350, SUCCESS, logIndex=0, commits[4fcc8d53-44cb-4faf-b915-5afa0c7529d4:c1872, 48aa5eb4-709c-4003-adb5-fbc02723cd23:c1868, 609a8cf1-6ad3-4123-b94a-106ad93148a8:c1868]
2019-09-05 09:23:16,340 | INFO  | DNAudit | user=null | ip=null | op=WRITE_CHUNK {blockData=conID: 2 locID: 102739174771524062 bcsId: 1868} | ret=SUCCESS |  
2019-09-05 09:23:16,342 | INFO  | DNAudit | user=null | ip=null | op=WRITE_CHUNK {blockData=conID: 2 locID: 102739174771524062 bcsId: 1868} | ret=SUCCESS |  
2019-09-05 09:23:16,342 | INFO  | DNAudit | user=null | ip=null | op=WRITE_CHUNK {blockData=conID: 2 locID: 102739174771524062 bcsId: 1868} | ret=SUCCESS |  
2019-09-05 09:23:16,363 | INFO  | DNAudit | user=null | ip=null | op=WRITE_CHUNK {blockData=conID: 2 locID: 102739174771524062 bcsId: 1868} | ret=SUCCESS |  
2019-09-05 09:23:16,364 | INFO  | DNAudit | user=null | ip=null | op=PUT_BLOCK {blockData=[blockId=conID: 2 locID: 102739174771524062 bcsId: 0,size=3145728]} | ret=SUCCESS |  
2019-09-05 09:23:16,364 [grpc-default-executor-0] INFO  client.GrpcClientProtocolClient (GrpcClientProtocolClient.java:onNext(255)) - client-969FB6DA8C9A->4fcc8d53-44cb-4faf-b915-5afa0c7529d4: receive RaftClientReply:client-969FB6DA8C9A->4fcc8d53-44cb-4faf-b915-5afa0c7529d4@group-6A615BAE1DD1, cid=1351, SUCCESS, logIndex=1873, commits[4fcc8d53-44cb-4faf-b915-5afa0c7529d4:c1874, 48aa5eb4-709c-4003-adb5-fbc02723cd23:c1872, 609a8cf1-6ad3-4123-b94a-106ad93148a8:c1872]
2019-09-05 09:23:16,364 [grpc-default-executor-0] INFO  client.GrpcClientProtocolClient (GrpcClientProtocolClient.java:onNext(255)) - client-969FB6DA8C9A->4fcc8d53-44cb-4faf-b915-5afa0c7529d4: receive RaftClientReply:client-969FB6DA8C9A->4fcc8d53-44cb-4faf-b915-5afa0c7529d4@group-6A615BAE1DD1, cid=1352, SUCCESS, logIndex=1874, commits[4fcc8d53-44cb-4faf-b915-5afa0c7529d4:c1874, 48aa5eb4-709c-4003-adb5-fbc02723cd23:c1872, 609a8cf1-6ad3-4123-b94a-106ad93148a8:c1872]
2019-09-05 09:23:16,371 | INFO  | DNAudit | user=null | ip=null | op=WRITE_CHUNK {blockData=conID: 2 locID: 102739174771524062 bcsId: 1874} | ret=SUCCESS |  
2019-09-05 09:23:16,373 | INFO  | DNAudit | user=null | ip=null | op=WRITE_CHUNK {blockData=conID: 2 locID: 102739174771524062 bcsId: 1868} | ret=SUCCESS |  
2019-09-05 09:23:16,373 | INFO  | DNAudit | user=null | ip=null | op=WRITE_CHUNK {blockData=conID: 2 locID: 102739174771524062 bcsId: 1868} | ret=SUCCESS |  
2019-09-05 09:23:16,373 | INFO  | DNAudit | user=null | ip=null | op=PUT_BLOCK {blockData=[blockId=conID: 2 locID: 102739174771524062 bcsId: 0,size=3145728]} | ret=SUCCESS |  
2019-09-05 09:23:16,373 | INFO  | DNAudit | user=null | ip=null | op=PUT_BLOCK {blockData=[blockId=conID: 2 locID: 102739174771524062 bcsId: 0,size=3145728]} | ret=SUCCESS |  
2019-09-05 09:23:16,374 | INFO  | DNAudit | user=null | ip=null | op=WRITE_CHUNK {blockData=conID: 2 locID: 102739174771524062 bcsId: 1874} | ret=SUCCESS |  
2019-09-05 09:23:16,374 | INFO  | DNAudit | user=null | ip=null | op=WRITE_CHUNK {blockData=conID: 2 locID: 102739174771524062 bcsId: 1874} | ret=SUCCESS |  
2019-09-05 09:23:16,379 | INFO  | DNAudit | user=null | ip=null | op=WRITE_CHUNK {blockData=conID: 2 locID: 102739174771524062 bcsId: 1874} | ret=SUCCESS |  
2019-09-05 09:23:16,379 | INFO  | DNAudit | user=null | ip=null | op=PUT_BLOCK {blockData=[blockId=conID: 2 locID: 102739174771524062 bcsId: 0,size=4194304]} | ret=SUCCESS |  
2019-09-05 09:23:16,379 [grpc-default-executor-4] INFO  client.GrpcClientProtocolClient (GrpcClientProtocolClient.java:onNext(255)) - client-969FB6DA8C9A->4fcc8d53-44cb-4faf-b915-5afa0c7529d4: receive RaftClientReply:client-969FB6DA8C9A->4fcc8d53-44cb-4faf-b915-5afa0c7529d4@group-6A615BAE1DD1, cid=1353, SUCCESS, logIndex=1877, commits[4fcc8d53-44cb-4faf-b915-5afa0c7529d4:c1878, 48aa5eb4-709c-4003-adb5-fbc02723cd23:c1874, 609a8cf1-6ad3-4123-b94a-106ad93148a8:c1874]
2019-09-05 09:23:16,380 [grpc-default-executor-4] INFO  client.GrpcClientProtocolClient (GrpcClientProtocolClient.java:onNext(255)) - client-969FB6DA8C9A->4fcc8d53-44cb-4faf-b915-5afa0c7529d4: receive RaftClientReply:client-969FB6DA8C9A->4fcc8d53-44cb-4faf-b915-5afa0c7529d4@group-6A615BAE1DD1, cid=1354, SUCCESS, logIndex=1878, commits[4fcc8d53-44cb-4faf-b915-5afa0c7529d4:c1878, 48aa5eb4-709c-4003-adb5-fbc02723cd23:c1874, 609a8cf1-6ad3-4123-b94a-106ad93148a8:c1874]
2019-09-05 09:23:16,392 | INFO  | DNAudit | user=null | ip=null | op=WRITE_CHUNK {blockData=conID: 2 locID: 102739174771524062 bcsId: 1874} | ret=SUCCESS |  
2019-09-05 09:23:16,392 | INFO  | DNAudit | user=null | ip=null | op=WRITE_CHUNK {blockData=conID: 2 locID: 102739174771524062 bcsId: 1874} | ret=SUCCESS |  
2019-09-05 09:23:16,396 | INFO  | DNAudit | user=null | ip=null | op=PUT_BLOCK {blockData=[blockId=conID: 2 locID: 102739174771524062 bcsId: 0,size=4194304]} | ret=SUCCESS |  
2019-09-05 09:23:16,397 | INFO  | DNAudit | user=null | ip=null | op=PUT_BLOCK {blockData=[blockId=conID: 2 locID: 102739174771524062 bcsId: 0,size=4194304]} | ret=SUCCESS |  
2019-09-05 09:23:16,398 [grpc-default-executor-4] INFO  client.GrpcClientProtocolClient (GrpcClientProtocolClient.java:onNext(255)) - client-969FB6DA8C9A->4fcc8d53-44cb-4faf-b915-5afa0c7529d4: receive RaftClientReply:client-969FB6DA8C9A->4fcc8d53-44cb-4faf-b915-5afa0c7529d4@group-6A615BAE1DD1, cid=1355, SUCCESS, logIndex=0, commits[4fcc8d53-44cb-4faf-b915-5afa0c7529d4:c1880, 48aa5eb4-709c-4003-adb5-fbc02723cd23:c1878, 609a8cf1-6ad3-4123-b94a-106ad93148a8:c1878]
2019-09-05 09:23:16,407 | INFO  | SCMAudit | user=jenkins1000 | ip=192.168.36.69 | op=ALLOCATE_BLOCK {owner=5cf4fcf6-c517-45f4-af25-2fff646d8883, size=4194304, type=RATIS, factor=THREE} | ret=SUCCESS |  
2019-09-05 09:23:16,529 | INFO  | SCMAudit | user=jenkins1000 | ip=192.168.36.69 | op=SEND_HEARTBEAT {datanodeUUID=fe9e29a7-51ad-458f-9e11-f615da290baa, command=[]} | ret=SUCCESS |  
2019-09-05 09:23:16,530 | INFO  | OMAudit | user=jenkins1000 | ip=127.0.0.1 | op=ALLOCATE_BLOCK {volume=vol-0-13331, bucket=bucket-0-43606, key=key-0-76526, dataSize=0, replicationType=null, replicationFactor=null, keyLocationInfo=null, clientID=102739173903106450} | ret=SUCCESS |  
2019-09-05 09:23:16,539 | INFO  | DNAudit | user=null | ip=null | op=WRITE_CHUNK {blockData=conID: 3 locID: 102739174778864095 bcsId: 0} | ret=SUCCESS |  
2019-09-05 09:23:16,541 | INFO  | DNAudit | user=null | ip=null | op=WRITE_CHUNK {blockData=conID: 3 locID: 102739174778864095 bcsId: 0} | ret=SUCCESS |  
2019-09-05 09:23:16,543 | INFO  | DNAudit | user=null | ip=null | op=WRITE_CHUNK {blockData=conID: 3 locID: 102739174778864095 bcsId: 0} | ret=SUCCESS |  
2019-09-05 09:23:16,543 | INFO  | DNAudit | user=null | ip=null | op=WRITE_CHUNK {blockData=conID: 3 locID: 102739174778864095 bcsId: 0} | ret=SUCCESS |  
2019-09-05 09:23:16,544 | INFO  | DNAudit | user=null | ip=null | op=WRITE_CHUNK {blockData=conID: 3 locID: 102739174778864095 bcsId: 0} | ret=SUCCESS |  
2019-09-05 09:23:16,545 | INFO  | DNAudit | user=null | ip=null | op=WRITE_CHUNK {blockData=conID: 3 locID: 102739174778864095 bcsId: 0} | ret=SUCCESS |  
2019-09-05 09:23:16,656 | INFO  | DNAudit | user=null | ip=null | op=WRITE_CHUNK {blockData=conID: 3 locID: 102739174778864095 bcsId: 0} | ret=SUCCESS |  
2019-09-05 09:23:16,656 | INFO  | DNAudit | user=null | ip=null | op=PUT_BLOCK {blockData=[blockId=conID: 3 locID: 102739174778864095 bcsId: 0,size=1048576]} | ret=SUCCESS |  
2019-09-05 09:23:16,657 [grpc-default-executor-4] INFO  client.GrpcClientProtocolClient (GrpcClientProtocolClient.java:onNext(255)) - client-969FB6DA8C9A->4fcc8d53-44cb-4faf-b915-5afa0c7529d4: receive RaftClientReply:client-969FB6DA8C9A->4fcc8d53-44cb-4faf-b915-5afa0c7529d4@group-6A615BAE1DD1, cid=1356, SUCCESS, logIndex=1881, commits[4fcc8d53-44cb-4faf-b915-5afa0c7529d4:c1882, 48aa5eb4-709c-4003-adb5-fbc02723cd23:c1880, 609a8cf1-6ad3-4123-b94a-106ad93148a8:c1880]
2019-09-05 09:23:16,657 [grpc-default-executor-4] INFO  client.GrpcClientProtocolClient (GrpcClientProtocolClient.java:onNext(255)) - client-969FB6DA8C9A->4fcc8d53-44cb-4faf-b915-5afa0c7529d4: receive RaftClientReply:client-969FB6DA8C9A->4fcc8d53-44cb-4faf-b915-5afa0c7529d4@group-6A615BAE1DD1, cid=1357, SUCCESS, logIndex=1882, commits[4fcc8d53-44cb-4faf-b915-5afa0c7529d4:c1882, 48aa5eb4-709c-4003-adb5-fbc02723cd23:c1880, 609a8cf1-6ad3-4123-b94a-106ad93148a8:c1880]
2019-09-05 09:23:16,794 | INFO  | DNAudit | user=null | ip=null | op=WRITE_CHUNK {blockData=conID: 3 locID: 102739174778864095 bcsId: 0} | ret=SUCCESS |  
2019-09-05 09:23:16,795 | INFO  | DNAudit | user=null | ip=null | op=PUT_BLOCK {blockData=[blockId=conID: 3 locID: 102739174778864095 bcsId: 0,size=2097152]} | ret=SUCCESS |  
2019-09-05 09:23:16,795 | INFO  | DNAudit | user=null | ip=null | op=WRITE_CHUNK {blockData=conID: 3 locID: 102739174778864095 bcsId: 0} | ret=SUCCESS |  
2019-09-05 09:23:16,796 | INFO  | DNAudit | user=null | ip=null | op=PUT_BLOCK {blockData=[blockId=conID: 3 locID: 102739174778864095 bcsId: 0,size=1048576]} | ret=SUCCESS |  
2019-09-05 09:23:16,795 [grpc-default-executor-5] INFO  client.GrpcClientProtocolClient (GrpcClientProtocolClient.java:onNext(255)) - client-969FB6DA8C9A->4fcc8d53-44cb-4faf-b915-5afa0c7529d4: receive RaftClientReply:client-969FB6DA8C9A->4fcc8d53-44cb-4faf-b915-5afa0c7529d4@group-6A615BAE1DD1, cid=1358, SUCCESS, logIndex=1883, commits[4fcc8d53-44cb-4faf-b915-5afa0c7529d4:c1884, 48aa5eb4-709c-4003-adb5-fbc02723cd23:c1880, 609a8cf1-6ad3-4123-b94a-106ad93148a8:c1880]
2019-09-05 09:23:16,796 | INFO  | DNAudit | user=null | ip=null | op=WRITE_CHUNK {blockData=conID: 3 locID: 102739174778864095 bcsId: 0} | ret=SUCCESS |  
2019-09-05 09:23:16,796 | INFO  | DNAudit | user=null | ip=null | op=WRITE_CHUNK {blockData=conID: 3 locID: 102739174778864095 bcsId: 0} | ret=SUCCESS |  
2019-09-05 09:23:16,797 | INFO  | DNAudit | user=null | ip=null | op=PUT_BLOCK {blockData=[blockId=conID: 3 locID: 102739174778864095 bcsId: 0,size=1048576]} | ret=SUCCESS |  
2019-09-05 09:23:16,796 [grpc-default-executor-5] INFO  client.GrpcClientProtocolClient (GrpcClientProtocolClient.java:onNext(255)) - client-969FB6DA8C9A->4fcc8d53-44cb-4faf-b915-5afa0c7529d4: receive RaftClientReply:client-969FB6DA8C9A->4fcc8d53-44cb-4faf-b915-5afa0c7529d4@group-6A615BAE1DD1, cid=1359, SUCCESS, logIndex=1884, commits[4fcc8d53-44cb-4faf-b915-5afa0c7529d4:c1884, 48aa5eb4-709c-4003-adb5-fbc02723cd23:c1880, 609a8cf1-6ad3-4123-b94a-106ad93148a8:c1880]
2019-09-05 09:23:16,797 | INFO  | DNAudit | user=null | ip=null | op=PUT_BLOCK {blockData=[blockId=conID: 3 locID: 102739174778864095 bcsId: 0,size=2097152]} | ret=SUCCESS |  
2019-09-05 09:23:16,797 | INFO  | DNAudit | user=null | ip=null | op=WRITE_CHUNK {blockData=conID: 3 locID: 102739174778864095 bcsId: 0} | ret=SUCCESS |  
2019-09-05 09:23:16,797 | INFO  | DNAudit | user=null | ip=null | op=PUT_BLOCK {blockData=[blockId=conID: 3 locID: 102739174778864095 bcsId: 0,size=2097152]} | ret=SUCCESS |  
2019-09-05 09:23:16,798 [grpc-default-executor-0] INFO  client.GrpcClientProtocolClient (GrpcClientProtocolClient.java:onNext(255)) - client-969FB6DA8C9A->4fcc8d53-44cb-4faf-b915-5afa0c7529d4: receive RaftClientReply:client-969FB6DA8C9A->4fcc8d53-44cb-4faf-b915-5afa0c7529d4@group-6A615BAE1DD1, cid=1360, SUCCESS, logIndex=0, commits[4fcc8d53-44cb-4faf-b915-5afa0c7529d4:c1885, 48aa5eb4-709c-4003-adb5-fbc02723cd23:c1884, 609a8cf1-6ad3-4123-b94a-106ad93148a8:c1884]
2019-09-05 09:23:16,806 | INFO  | DNAudit | user=null | ip=null | op=WRITE_CHUNK {blockData=conID: 3 locID: 102739174778864095 bcsId: 1884} | ret=SUCCESS |  
2019-09-05 09:23:16,809 | INFO  | DNAudit | user=null | ip=null | op=WRITE_CHUNK {blockData=conID: 3 locID: 102739174778864095 bcsId: 1884} | ret=SUCCESS |  
2019-09-05 09:23:16,809 | INFO  | DNAudit | user=null | ip=null | op=WRITE_CHUNK {blockData=conID: 3 locID: 102739174778864095 bcsId: 1884} | ret=SUCCESS |  
2019-09-05 09:23:16,824 | INFO  | DNAudit | user=null | ip=null | op=WRITE_CHUNK {blockData=conID: 3 locID: 102739174778864095 bcsId: 1884} | ret=SUCCESS |  
2019-09-05 09:23:16,824 | INFO  | DNAudit | user=null | ip=null | op=PUT_BLOCK {blockData=[blockId=conID: 3 locID: 102739174778864095 bcsId: 0,size=3145728]} | ret=SUCCESS |  
2019-09-05 09:23:16,824 [grpc-default-executor-5] INFO  client.GrpcClientProtocolClient (GrpcClientProtocolClient.java:onNext(255)) - client-969FB6DA8C9A->4fcc8d53-44cb-4faf-b915-5afa0c7529d4: receive RaftClientReply:client-969FB6DA8C9A->4fcc8d53-44cb-4faf-b915-5afa0c7529d4@group-6A615BAE1DD1, cid=1361, SUCCESS, logIndex=1888, commits[4fcc8d53-44cb-4faf-b915-5afa0c7529d4:c1889, 48aa5eb4-709c-4003-adb5-fbc02723cd23:c1887, 609a8cf1-6ad3-4123-b94a-106ad93148a8:c1887]
2019-09-05 09:23:16,825 [grpc-default-executor-5] INFO  client.GrpcClientProtocolClient (GrpcClientProtocolClient.java:onNext(255)) - client-969FB6DA8C9A->4fcc8d53-44cb-4faf-b915-5afa0c7529d4: receive RaftClientReply:client-969FB6DA8C9A->4fcc8d53-44cb-4faf-b915-5afa0c7529d4@group-6A615BAE1DD1, cid=1362, SUCCESS, logIndex=1889, commits[4fcc8d53-44cb-4faf-b915-5afa0c7529d4:c1889, 48aa5eb4-709c-4003-adb5-fbc02723cd23:c1887, 609a8cf1-6ad3-4123-b94a-106ad93148a8:c1887]
2019-09-05 09:23:16,831 | INFO  | DNAudit | user=null | ip=null | op=WRITE_CHUNK {blockData=conID: 3 locID: 102739174778864095 bcsId: 1889} | ret=SUCCESS |  
2019-09-05 09:23:16,834 | INFO  | DNAudit | user=null | ip=null | op=WRITE_CHUNK {blockData=conID: 3 locID: 102739174778864095 bcsId: 1889} | ret=SUCCESS |  
2019-09-05 09:23:16,835 | INFO  | DNAudit | user=null | ip=null | op=WRITE_CHUNK {blockData=conID: 3 locID: 102739174778864095 bcsId: 1889} | ret=SUCCESS |  
2019-09-05 09:23:16,849 | INFO  | DNAudit | user=null | ip=null | op=WRITE_CHUNK {blockData=conID: 3 locID: 102739174778864095 bcsId: 1884} | ret=SUCCESS |  
2019-09-05 09:23:16,849 | INFO  | DNAudit | user=null | ip=null | op=WRITE_CHUNK {blockData=conID: 3 locID: 102739174778864095 bcsId: 1884} | ret=SUCCESS |  
2019-09-05 09:23:16,850 | INFO  | DNAudit | user=null | ip=null | op=PUT_BLOCK {blockData=[blockId=conID: 3 locID: 102739174778864095 bcsId: 0,size=3145728]} | ret=SUCCESS |  
2019-09-05 09:23:16,850 | INFO  | DNAudit | user=null | ip=null | op=PUT_BLOCK {blockData=[blockId=conID: 3 locID: 102739174778864095 bcsId: 0,size=3145728]} | ret=SUCCESS |  
2019-09-05 09:23:16,851 | INFO  | DNAudit | user=null | ip=null | op=WRITE_CHUNK {blockData=conID: 3 locID: 102739174778864095 bcsId: 1889} | ret=SUCCESS |  
2019-09-05 09:23:16,851 | INFO  | DNAudit | user=null | ip=null | op=PUT_BLOCK {blockData=[blockId=conID: 3 locID: 102739174778864095 bcsId: 0,size=4194304]} | ret=SUCCESS |  
2019-09-05 09:23:16,851 [grpc-default-executor-0] INFO  client.GrpcClientProtocolClient (GrpcClientProtocolClient.java:onNext(255)) - client-969FB6DA8C9A->4fcc8d53-44cb-4faf-b915-5afa0c7529d4: receive RaftClientReply:client-969FB6DA8C9A->4fcc8d53-44cb-4faf-b915-5afa0c7529d4@group-6A615BAE1DD1, cid=1363, SUCCESS, logIndex=1892, commits[4fcc8d53-44cb-4faf-b915-5afa0c7529d4:c1893, 48aa5eb4-709c-4003-adb5-fbc02723cd23:c1889, 609a8cf1-6ad3-4123-b94a-106ad93148a8:c1889]
2019-09-05 09:23:16,852 [grpc-default-executor-0] INFO  client.GrpcClientProtocolClient (GrpcClientProtocolClient.java:onNext(255)) - client-969FB6DA8C9A->4fcc8d53-44cb-4faf-b915-5afa0c7529d4: receive RaftClientReply:client-969FB6DA8C9A->4fcc8d53-44cb-4faf-b915-5afa0c7529d4@group-6A615BAE1DD1, cid=1364, SUCCESS, logIndex=1893, commits[4fcc8d53-44cb-4faf-b915-5afa0c7529d4:c1893, 48aa5eb4-709c-4003-adb5-fbc02723cd23:c1889, 609a8cf1-6ad3-4123-b94a-106ad93148a8:c1889]
2019-09-05 09:23:16,866 | INFO  | DNAudit | user=null | ip=null | op=WRITE_CHUNK {blockData=conID: 3 locID: 102739174778864095 bcsId: 1889} | ret=SUCCESS |  
2019-09-05 09:23:16,866 | INFO  | DNAudit | user=null | ip=null | op=WRITE_CHUNK {blockData=conID: 3 locID: 102739174778864095 bcsId: 1889} | ret=SUCCESS |  
2019-09-05 09:23:16,867 | INFO  | DNAudit | user=null | ip=null | op=PUT_BLOCK {blockData=[blockId=conID: 3 locID: 102739174778864095 bcsId: 0,size=4194304]} | ret=SUCCESS |  
2019-09-05 09:23:16,867 | INFO  | DNAudit | user=null | ip=null | op=PUT_BLOCK {blockData=[blockId=conID: 3 locID: 102739174778864095 bcsId: 0,size=4194304]} | ret=SUCCESS |  
2019-09-05 09:23:16,867 [grpc-default-executor-0] INFO  client.GrpcClientProtocolClient (GrpcClientProtocolClient.java:onNext(255)) - client-969FB6DA8C9A->4fcc8d53-44cb-4faf-b915-5afa0c7529d4: receive RaftClientReply:client-969FB6DA8C9A->4fcc8d53-44cb-4faf-b915-5afa0c7529d4@group-6A615BAE1DD1, cid=1365, SUCCESS, logIndex=0, commits[4fcc8d53-44cb-4faf-b915-5afa0c7529d4:c1895, 48aa5eb4-709c-4003-adb5-fbc02723cd23:c1893, 609a8cf1-6ad3-4123-b94a-106ad93148a8:c1893]
2019-09-05 09:23:16,873 | INFO  | SCMAudit | user=jenkins1000 | ip=192.168.36.69 | op=ALLOCATE_BLOCK {owner=5cf4fcf6-c517-45f4-af25-2fff646d8883, size=4194304, type=RATIS, factor=THREE} | ret=SUCCESS |  
2019-09-05 09:23:16,875 | INFO  | OMAudit | user=jenkins1000 | ip=127.0.0.1 | op=ALLOCATE_BLOCK {volume=vol-0-13331, bucket=bucket-0-43606, key=key-0-76526, dataSize=0, replicationType=null, replicationFactor=null, keyLocationInfo=null, clientID=102739173903106450} | ret=SUCCESS |  
2019-09-05 09:23:16,883 | INFO  | DNAudit | user=null | ip=null | op=WRITE_CHUNK {blockData=conID: 1 locID: 102739174809403872 bcsId: 0} | ret=SUCCESS |  
2019-09-05 09:23:16,884 | INFO  | DNAudit | user=null | ip=null | op=WRITE_CHUNK {blockData=conID: 1 locID: 102739174809403872 bcsId: 0} | ret=SUCCESS |  
2019-09-05 09:23:16,885 | INFO  | DNAudit | user=null | ip=null | op=WRITE_CHUNK {blockData=conID: 1 locID: 102739174809403872 bcsId: 0} | ret=SUCCESS |  
2019-09-05 09:23:16,885 | INFO  | DNAudit | user=null | ip=null | op=WRITE_CHUNK {blockData=conID: 1 locID: 102739174809403872 bcsId: 0} | ret=SUCCESS |  
2019-09-05 09:23:16,886 | INFO  | DNAudit | user=null | ip=null | op=WRITE_CHUNK {blockData=conID: 1 locID: 102739174809403872 bcsId: 0} | ret=SUCCESS |  
2019-09-05 09:23:16,886 | INFO  | DNAudit | user=null | ip=null | op=WRITE_CHUNK {blockData=conID: 1 locID: 102739174809403872 bcsId: 0} | ret=SUCCESS |  
 0.00% |█                                                                                                    |  0/1 Time: 0:00:142019-09-05 09:23:17,032 | INFO  | DNAudit | user=null | ip=null | op=WRITE_CHUNK {blockData=conID: 1 locID: 102739174809403872 bcsId: 0} | ret=SUCCESS |  
2019-09-05 09:23:17,032 | INFO  | DNAudit | user=null | ip=null | op=PUT_BLOCK {blockData=[blockId=conID: 1 locID: 102739174809403872 bcsId: 0,size=1048576]} | ret=SUCCESS |  
2019-09-05 09:23:17,033 [grpc-default-executor-0] INFO  client.GrpcClientProtocolClient (GrpcClientProtocolClient.java:onNext(255)) - client-969FB6DA8C9A->4fcc8d53-44cb-4faf-b915-5afa0c7529d4: receive RaftClientReply:client-969FB6DA8C9A->4fcc8d53-44cb-4faf-b915-5afa0c7529d4@group-6A615BAE1DD1, cid=1366, SUCCESS, logIndex=1896, commits[4fcc8d53-44cb-4faf-b915-5afa0c7529d4:c1898, 48aa5eb4-709c-4003-adb5-fbc02723cd23:c1895, 609a8cf1-6ad3-4123-b94a-106ad93148a8:c1895]
2019-09-05 09:23:17,033 | INFO  | DNAudit | user=null | ip=null | op=WRITE_CHUNK {blockData=conID: 1 locID: 102739174809403872 bcsId: 0} | ret=SUCCESS |  
2019-09-05 09:23:17,033 | INFO  | DNAudit | user=null | ip=null | op=PUT_BLOCK {blockData=[blockId=conID: 1 locID: 102739174809403872 bcsId: 0,size=2097152]} | ret=SUCCESS |  
2019-09-05 09:23:17,033 [grpc-default-executor-0] INFO  client.GrpcClientProtocolClient (GrpcClientProtocolClient.java:onNext(255)) - client-969FB6DA8C9A->4fcc8d53-44cb-4faf-b915-5afa0c7529d4: receive RaftClientReply:client-969FB6DA8C9A->4fcc8d53-44cb-4faf-b915-5afa0c7529d4@group-6A615BAE1DD1, cid=1367, SUCCESS, logIndex=1897, commits[4fcc8d53-44cb-4faf-b915-5afa0c7529d4:c1899, 48aa5eb4-709c-4003-adb5-fbc02723cd23:c1895, 609a8cf1-6ad3-4123-b94a-106ad93148a8:c1895]
2019-09-05 09:23:17,034 [grpc-default-executor-0] INFO  client.GrpcClientProtocolClient (GrpcClientProtocolClient.java:onNext(255)) - client-969FB6DA8C9A->4fcc8d53-44cb-4faf-b915-5afa0c7529d4: receive RaftClientReply:client-969FB6DA8C9A->4fcc8d53-44cb-4faf-b915-5afa0c7529d4@group-6A615BAE1DD1, cid=1368, SUCCESS, logIndex=1898, commits[4fcc8d53-44cb-4faf-b915-5afa0c7529d4:c1899, 48aa5eb4-709c-4003-adb5-fbc02723cd23:c1895, 609a8cf1-6ad3-4123-b94a-106ad93148a8:c1895]
2019-09-05 09:23:17,034 [grpc-default-executor-0] INFO  client.GrpcClientProtocolClient (GrpcClientProtocolClient.java:onNext(255)) - client-969FB6DA8C9A->4fcc8d53-44cb-4faf-b915-5afa0c7529d4: receive RaftClientReply:client-969FB6DA8C9A->4fcc8d53-44cb-4faf-b915-5afa0c7529d4@group-6A615BAE1DD1, cid=1369, SUCCESS, logIndex=1899, commits[4fcc8d53-44cb-4faf-b915-5afa0c7529d4:c1899, 48aa5eb4-709c-4003-adb5-fbc02723cd23:c1895, 609a8cf1-6ad3-4123-b94a-106ad93148a8:c1895]
2019-09-05 09:23:17,038 | INFO  | DNAudit | user=null | ip=null | op=WRITE_CHUNK {blockData=conID: 1 locID: 102739174809403872 bcsId: 0} | ret=SUCCESS |  
2019-09-05 09:23:17,038 | INFO  | DNAudit | user=null | ip=null | op=WRITE_CHUNK {blockData=conID: 1 locID: 102739174809403872 bcsId: 0} | ret=SUCCESS |  
2019-09-05 09:23:17,038 | INFO  | DNAudit | user=null | ip=null | op=PUT_BLOCK {blockData=[blockId=conID: 1 locID: 102739174809403872 bcsId: 0,size=1048576]} | ret=SUCCESS |  
2019-09-05 09:23:17,038 | INFO  | DNAudit | user=null | ip=null | op=PUT_BLOCK {blockData=[blockId=conID: 1 locID: 102739174809403872 bcsId: 0,size=1048576]} | ret=SUCCESS |  
2019-09-05 09:23:17,039 [grpc-default-executor-0] INFO  client.GrpcClientProtocolClient (GrpcClientProtocolClient.java:onNext(255)) - client-969FB6DA8C9A->4fcc8d53-44cb-4faf-b915-5afa0c7529d4: receive RaftClientReply:client-969FB6DA8C9A->4fcc8d53-44cb-4faf-b915-5afa0c7529d4@group-6A615BAE1DD1, cid=1370, SUCCESS, logIndex=0, commits[4fcc8d53-44cb-4faf-b915-5afa0c7529d4:c1900, 48aa5eb4-709c-4003-adb5-fbc02723cd23:c1897, 609a8cf1-6ad3-4123-b94a-106ad93148a8:c1897]
2019-09-05 09:23:17,046 | INFO  | DNAudit | user=null | ip=null | op=WRITE_CHUNK {blockData=conID: 1 locID: 102739174809403872 bcsId: 1899} | ret=SUCCESS |  
2019-09-05 09:23:17,048 | INFO  | DNAudit | user=null | ip=null | op=WRITE_CHUNK {blockData=conID: 1 locID: 102739174809403872 bcsId: 1899} | ret=SUCCESS |  
2019-09-05 09:23:17,048 | INFO  | DNAudit | user=null | ip=null | op=WRITE_CHUNK {blockData=conID: 1 locID: 102739174809403872 bcsId: 1899} | ret=SUCCESS |  
2019-09-05 09:23:17,048 | INFO  | DNAudit | user=null | ip=null | op=WRITE_CHUNK {blockData=conID: 1 locID: 102739174809403872 bcsId: 0} | ret=SUCCESS |  
2019-09-05 09:23:17,049 | INFO  | DNAudit | user=null | ip=null | op=WRITE_CHUNK {blockData=conID: 1 locID: 102739174809403872 bcsId: 0} | ret=SUCCESS |  
2019-09-05 09:23:17,049 | INFO  | DNAudit | user=null | ip=null | op=PUT_BLOCK {blockData=[blockId=conID: 1 locID: 102739174809403872 bcsId: 0,size=2097152]} | ret=SUCCESS |  
2019-09-05 09:23:17,049 | INFO  | DNAudit | user=null | ip=null | op=PUT_BLOCK {blockData=[blockId=conID: 1 locID: 102739174809403872 bcsId: 0,size=2097152]} | ret=SUCCESS |  
2019-09-05 09:23:17,054 | INFO  | SCMAudit | user=jenkins1000 | ip=192.168.36.69 | op=SEND_HEARTBEAT {datanodeUUID=4fcc8d53-44cb-4faf-b915-5afa0c7529d4, command=[]} | ret=SUCCESS |  
2019-09-05 09:23:17,054 | INFO  | SCMAudit | user=jenkins1000 | ip=192.168.36.69 | op=SEND_HEARTBEAT {datanodeUUID=609a8cf1-6ad3-4123-b94a-106ad93148a8, command=[]} | ret=SUCCESS |  
2019-09-05 09:23:17,055 | INFO  | SCMAudit | user=jenkins1000 | ip=192.168.36.69 | op=SEND_HEARTBEAT {datanodeUUID=48aa5eb4-709c-4003-adb5-fbc02723cd23, command=[]} | ret=SUCCESS |  
2019-09-05 09:23:17,086 | INFO  | DNAudit | user=null | ip=null | op=WRITE_CHUNK {blockData=conID: 1 locID: 102739174809403872 bcsId: 1899} | ret=SUCCESS |  
2019-09-05 09:23:17,087 | INFO  | DNAudit | user=null | ip=null | op=PUT_BLOCK {blockData=[blockId=conID: 1 locID: 102739174809403872 bcsId: 0,size=3145728]} | ret=SUCCESS |  
2019-09-05 09:23:17,087 [grpc-default-executor-0] INFO  client.GrpcClientProtocolClient (GrpcClientProtocolClient.java:onNext(255)) - client-969FB6DA8C9A->4fcc8d53-44cb-4faf-b915-5afa0c7529d4: receive RaftClientReply:client-969FB6DA8C9A->4fcc8d53-44cb-4faf-b915-5afa0c7529d4@group-6A615BAE1DD1, cid=1371, SUCCESS, logIndex=1904, commits[4fcc8d53-44cb-4faf-b915-5afa0c7529d4:c1905, 48aa5eb4-709c-4003-adb5-fbc02723cd23:c1900, 609a8cf1-6ad3-4123-b94a-106ad93148a8:c1900]
2019-09-05 09:23:17,087 [grpc-default-executor-0] INFO  client.GrpcClientProtocolClient (GrpcClientProtocolClient.java:onNext(255)) - client-969FB6DA8C9A->4fcc8d53-44cb-4faf-b915-5afa0c7529d4: receive RaftClientReply:client-969FB6DA8C9A->4fcc8d53-44cb-4faf-b915-5afa0c7529d4@group-6A615BAE1DD1, cid=1372, SUCCESS, logIndex=1905, commits[4fcc8d53-44cb-4faf-b915-5afa0c7529d4:c1905, 48aa5eb4-709c-4003-adb5-fbc02723cd23:c1900, 609a8cf1-6ad3-4123-b94a-106ad93148a8:c1900]
2019-09-05 09:23:17,094 | INFO  | DNAudit | user=null | ip=null | op=WRITE_CHUNK {blockData=conID: 1 locID: 102739174809403872 bcsId: 1905} | ret=SUCCESS |  
2019-09-05 09:23:17,097 | INFO  | DNAudit | user=null | ip=null | op=WRITE_CHUNK {blockData=conID: 1 locID: 102739174809403872 bcsId: 1905} | ret=SUCCESS |  
2019-09-05 09:23:17,097 | INFO  | DNAudit | user=null | ip=null | op=WRITE_CHUNK {blockData=conID: 1 locID: 102739174809403872 bcsId: 1905} | ret=SUCCESS |  
2019-09-05 09:23:17,106 | INFO  | DNAudit | user=null | ip=null | op=WRITE_CHUNK {blockData=conID: 1 locID: 102739174809403872 bcsId: 1899} | ret=SUCCESS |  
2019-09-05 09:23:17,106 | INFO  | DNAudit | user=null | ip=null | op=WRITE_CHUNK {blockData=conID: 1 locID: 102739174809403872 bcsId: 1899} | ret=SUCCESS |  
2019-09-05 09:23:17,106 | INFO  | DNAudit | user=null | ip=null | op=PUT_BLOCK {blockData=[blockId=conID: 1 locID: 102739174809403872 bcsId: 0,size=3145728]} | ret=SUCCESS |  
2019-09-05 09:23:17,106 | INFO  | DNAudit | user=null | ip=null | op=PUT_BLOCK {blockData=[blockId=conID: 1 locID: 102739174809403872 bcsId: 0,size=3145728]} | ret=SUCCESS |  
2019-09-05 09:23:17,107 | INFO  | DNAudit | user=null | ip=null | op=WRITE_CHUNK {blockData=conID: 1 locID: 102739174809403872 bcsId: 1905} | ret=SUCCESS |  
2019-09-05 09:23:17,108 | INFO  | DNAudit | user=null | ip=null | op=PUT_BLOCK {blockData=[blockId=conID: 1 locID: 102739174809403872 bcsId: 0,size=4194304]} | ret=SUCCESS |  
2019-09-05 09:23:17,108 [grpc-default-executor-0] INFO  client.GrpcClientProtocolClient (GrpcClientProtocolClient.java:onNext(255)) - client-969FB6DA8C9A->4fcc8d53-44cb-4faf-b915-5afa0c7529d4: receive RaftClientReply:client-969FB6DA8C9A->4fcc8d53-44cb-4faf-b915-5afa0c7529d4@group-6A615BAE1DD1, cid=1373, SUCCESS, logIndex=1908, commits[4fcc8d53-44cb-4faf-b915-5afa0c7529d4:c1909, 48aa5eb4-709c-4003-adb5-fbc02723cd23:c1905, 609a8cf1-6ad3-4123-b94a-106ad93148a8:c1905]
2019-09-05 09:23:17,109 [grpc-default-executor-0] INFO  client.GrpcClientProtocolClient (GrpcClientProtocolClient.java:onNext(255)) - client-969FB6DA8C9A->4fcc8d53-44cb-4faf-b915-5afa0c7529d4: receive RaftClientReply:client-969FB6DA8C9A->4fcc8d53-44cb-4faf-b915-5afa0c7529d4@group-6A615BAE1DD1, cid=1374, SUCCESS, logIndex=1909, commits[4fcc8d53-44cb-4faf-b915-5afa0c7529d4:c1909, 48aa5eb4-709c-4003-adb5-fbc02723cd23:c1905, 609a8cf1-6ad3-4123-b94a-106ad93148a8:c1905]
2019-09-05 09:23:17,117 | INFO  | DNAudit | user=null | ip=null | op=WRITE_CHUNK {blockData=conID: 1 locID: 102739174809403872 bcsId: 1905} | ret=SUCCESS |  
2019-09-05 09:23:17,117 | INFO  | DNAudit | user=null | ip=null | op=WRITE_CHUNK {blockData=conID: 1 locID: 102739174809403872 bcsId: 1905} | ret=SUCCESS |  
2019-09-05 09:23:17,118 | INFO  | DNAudit | user=null | ip=null | op=PUT_BLOCK {blockData=[blockId=conID: 1 locID: 102739174809403872 bcsId: 0,size=4194304]} | ret=SUCCESS |  
2019-09-05 09:23:17,118 | INFO  | DNAudit | user=null | ip=null | op=PUT_BLOCK {blockData=[blockId=conID: 1 locID: 102739174809403872 bcsId: 0,size=4194304]} | ret=SUCCESS |  
2019-09-05 09:23:17,118 [grpc-default-executor-4] INFO  client.GrpcClientProtocolClient (GrpcClientProtocolClient.java:onNext(255)) - client-969FB6DA8C9A->4fcc8d53-44cb-4faf-b915-5afa0c7529d4: receive RaftClientReply:client-969FB6DA8C9A->4fcc8d53-44cb-4faf-b915-5afa0c7529d4@group-6A615BAE1DD1, cid=1375, SUCCESS, logIndex=0, commits[4fcc8d53-44cb-4faf-b915-5afa0c7529d4:c1911, 48aa5eb4-709c-4003-adb5-fbc02723cd23:c1909, 609a8cf1-6ad3-4123-b94a-106ad93148a8:c1909]
2019-09-05 09:23:17,124 | INFO  | SCMAudit | user=jenkins1000 | ip=192.168.36.69 | op=ALLOCATE_BLOCK {owner=5cf4fcf6-c517-45f4-af25-2fff646d8883, size=4194304, type=RATIS, factor=THREE} | ret=SUCCESS |  
2019-09-05 09:23:17,127 | INFO  | OMAudit | user=jenkins1000 | ip=127.0.0.1 | op=ALLOCATE_BLOCK {volume=vol-0-13331, bucket=bucket-0-43606, key=key-0-76526, dataSize=0, replicationType=null, replicationFactor=null, keyLocationInfo=null, clientID=102739173903106450} | ret=SUCCESS |  
2019-09-05 09:23:17,134 | INFO  | DNAudit | user=null | ip=null | op=WRITE_CHUNK {blockData=conID: 2 locID: 102739174825918945 bcsId: 0} | ret=SUCCESS |  
2019-09-05 09:23:17,137 | INFO  | DNAudit | user=null | ip=null | op=WRITE_CHUNK {blockData=conID: 2 locID: 102739174825918945 bcsId: 0} | ret=SUCCESS |  
2019-09-05 09:23:17,137 | INFO  | DNAudit | user=null | ip=null | op=WRITE_CHUNK {blockData=conID: 2 locID: 102739174825918945 bcsId: 0} | ret=SUCCESS |  
2019-09-05 09:23:17,137 | INFO  | DNAudit | user=null | ip=null | op=WRITE_CHUNK {blockData=conID: 2 locID: 102739174825918945 bcsId: 0} | ret=SUCCESS |  
2019-09-05 09:23:17,139 | INFO  | DNAudit | user=null | ip=null | op=WRITE_CHUNK {blockData=conID: 2 locID: 102739174825918945 bcsId: 0} | ret=SUCCESS |  
2019-09-05 09:23:17,139 | INFO  | DNAudit | user=null | ip=null | op=WRITE_CHUNK {blockData=conID: 2 locID: 102739174825918945 bcsId: 0} | ret=SUCCESS |  
2019-09-05 09:23:17,161 | INFO  | DNAudit | user=null | ip=null | op=WRITE_CHUNK {blockData=conID: 2 locID: 102739174825918945 bcsId: 0} | ret=SUCCESS |  
2019-09-05 09:23:17,162 [grpc-default-executor-4] INFO  client.GrpcClientProtocolClient (GrpcClientProtocolClient.java:onNext(255)) - client-969FB6DA8C9A->4fcc8d53-44cb-4faf-b915-5afa0c7529d4: receive RaftClientReply:client-969FB6DA8C9A->4fcc8d53-44cb-4faf-b915-5afa0c7529d4@group-6A615BAE1DD1, cid=1376, SUCCESS, logIndex=1912, commits[4fcc8d53-44cb-4faf-b915-5afa0c7529d4:c1912, 48aa5eb4-709c-4003-adb5-fbc02723cd23:c1911, 609a8cf1-6ad3-4123-b94a-106ad93148a8:c1911]
2019-09-05 09:23:17,162 | INFO  | DNAudit | user=null | ip=null | op=PUT_BLOCK {blockData=[blockId=conID: 2 locID: 102739174825918945 bcsId: 0,size=1048576]} | ret=SUCCESS |  
2019-09-05 09:23:17,163 | INFO  | DNAudit | user=null | ip=null | op=WRITE_CHUNK {blockData=conID: 2 locID: 102739174825918945 bcsId: 0} | ret=SUCCESS |  
2019-09-05 09:23:17,163 [grpc-default-executor-4] INFO  client.GrpcClientProtocolClient (GrpcClientProtocolClient.java:onNext(255)) - client-969FB6DA8C9A->4fcc8d53-44cb-4faf-b915-5afa0c7529d4: receive RaftClientReply:client-969FB6DA8C9A->4fcc8d53-44cb-4faf-b915-5afa0c7529d4@group-6A615BAE1DD1, cid=1377, SUCCESS, logIndex=1913, commits[4fcc8d53-44cb-4faf-b915-5afa0c7529d4:c1915, 48aa5eb4-709c-4003-adb5-fbc02723cd23:c1911, 609a8cf1-6ad3-4123-b94a-106ad93148a8:c1911]
2019-09-05 09:23:17,163 | INFO  | DNAudit | user=null | ip=null | op=PUT_BLOCK {blockData=[blockId=conID: 2 locID: 102739174825918945 bcsId: 0,size=2097152]} | ret=SUCCESS |  
2019-09-05 09:23:17,163 [grpc-default-executor-4] INFO  client.GrpcClientProtocolClient (GrpcClientProtocolClient.java:onNext(255)) - client-969FB6DA8C9A->4fcc8d53-44cb-4faf-b915-5afa0c7529d4: receive RaftClientReply:client-969FB6DA8C9A->4fcc8d53-44cb-4faf-b915-5afa0c7529d4@group-6A615BAE1DD1, cid=1378, SUCCESS, logIndex=1914, commits[4fcc8d53-44cb-4faf-b915-5afa0c7529d4:c1915, 48aa5eb4-709c-4003-adb5-fbc02723cd23:c1911, 609a8cf1-6ad3-4123-b94a-106ad93148a8:c1911]
2019-09-05 09:23:17,164 [grpc-default-executor-4] INFO  client.GrpcClientProtocolClient (GrpcClientProtocolClient.java:onNext(255)) - client-969FB6DA8C9A->4fcc8d53-44cb-4faf-b915-5afa0c7529d4: receive RaftClientReply:client-969FB6DA8C9A->4fcc8d53-44cb-4faf-b915-5afa0c7529d4@group-6A615BAE1DD1, cid=1379, SUCCESS, logIndex=1915, commits[4fcc8d53-44cb-4faf-b915-5afa0c7529d4:c1915, 48aa5eb4-709c-4003-adb5-fbc02723cd23:c1911, 609a8cf1-6ad3-4123-b94a-106ad93148a8:c1911]
2019-09-05 09:23:17,167 | INFO  | DNAudit | user=null | ip=null | op=WRITE_CHUNK {blockData=conID: 2 locID: 102739174825918945 bcsId: 0} | ret=SUCCESS |  
2019-09-05 09:23:17,167 | INFO  | DNAudit | user=null | ip=null | op=WRITE_CHUNK {blockData=conID: 2 locID: 102739174825918945 bcsId: 0} | ret=SUCCESS |  
2019-09-05 09:23:17,168 | INFO  | DNAudit | user=null | ip=null | op=PUT_BLOCK {blockData=[blockId=conID: 2 locID: 102739174825918945 bcsId: 0,size=1048576]} | ret=SUCCESS |  
2019-09-05 09:23:17,168 | INFO  | DNAudit | user=null | ip=null | op=PUT_BLOCK {blockData=[blockId=conID: 2 locID: 102739174825918945 bcsId: 0,size=1048576]} | ret=SUCCESS |  
2019-09-05 09:23:17,169 | INFO  | DNAudit | user=null | ip=null | op=WRITE_CHUNK {blockData=conID: 2 locID: 102739174825918945 bcsId: 0} | ret=SUCCESS |  
2019-09-05 09:23:17,169 | INFO  | DNAudit | user=null | ip=null | op=WRITE_CHUNK {blockData=conID: 2 locID: 102739174825918945 bcsId: 0} | ret=SUCCESS |  
2019-09-05 09:23:17,169 | INFO  | DNAudit | user=null | ip=null | op=PUT_BLOCK {blockData=[blockId=conID: 2 locID: 102739174825918945 bcsId: 0,size=2097152]} | ret=SUCCESS |  
2019-09-05 09:23:17,169 | INFO  | DNAudit | user=null | ip=null | op=PUT_BLOCK {blockData=[blockId=conID: 2 locID: 102739174825918945 bcsId: 0,size=2097152]} | ret=SUCCESS |  
2019-09-05 09:23:17,170 [grpc-default-executor-0] INFO  client.GrpcClientProtocolClient (GrpcClientProtocolClient.java:onNext(255)) - client-969FB6DA8C9A->4fcc8d53-44cb-4faf-b915-5afa0c7529d4: receive RaftClientReply:client-969FB6DA8C9A->4fcc8d53-44cb-4faf-b915-5afa0c7529d4@group-6A615BAE1DD1, cid=1380, SUCCESS, logIndex=0, commits[4fcc8d53-44cb-4faf-b915-5afa0c7529d4:c1917, 48aa5eb4-709c-4003-adb5-fbc02723cd23:c1915, 609a8cf1-6ad3-4123-b94a-106ad93148a8:c1915]
2019-09-05 09:23:17,176 | INFO  | DNAudit | user=null | ip=null | op=WRITE_CHUNK {blockData=conID: 2 locID: 102739174825918945 bcsId: 1915} | ret=SUCCESS |  
2019-09-05 09:23:17,178 | INFO  | DNAudit | user=null | ip=null | op=WRITE_CHUNK {blockData=conID: 2 locID: 102739174825918945 bcsId: 1915} | ret=SUCCESS |  
2019-09-05 09:23:17,178 | INFO  | DNAudit | user=null | ip=null | op=WRITE_CHUNK {blockData=conID: 2 locID: 102739174825918945 bcsId: 1915} | ret=SUCCESS |  
2019-09-05 09:23:17,201 | INFO  | DNAudit | user=null | ip=null | op=WRITE_CHUNK {blockData=conID: 2 locID: 102739174825918945 bcsId: 1915} | ret=SUCCESS |  
2019-09-05 09:23:17,202 [grpc-default-executor-0] INFO  client.GrpcClientProtocolClient (GrpcClientProtocolClient.java:onNext(255)) - client-969FB6DA8C9A->4fcc8d53-44cb-4faf-b915-5afa0c7529d4: receive RaftClientReply:client-969FB6DA8C9A->4fcc8d53-44cb-4faf-b915-5afa0c7529d4@group-6A615BAE1DD1, cid=1381, SUCCESS, logIndex=1918, commits[4fcc8d53-44cb-4faf-b915-5afa0c7529d4:c1919, 48aa5eb4-709c-4003-adb5-fbc02723cd23:c1917, 609a8cf1-6ad3-4123-b94a-106ad93148a8:c1917]
2019-09-05 09:23:17,203 | INFO  | DNAudit | user=null | ip=null | op=PUT_BLOCK {blockData=[blockId=conID: 2 locID: 102739174825918945 bcsId: 0,size=3145728]} | ret=SUCCESS |  
2019-09-05 09:23:17,203 [grpc-default-executor-0] INFO  client.GrpcClientProtocolClient (GrpcClientProtocolClient.java:onNext(255)) - client-969FB6DA8C9A->4fcc8d53-44cb-4faf-b915-5afa0c7529d4: receive RaftClientReply:client-969FB6DA8C9A->4fcc8d53-44cb-4faf-b915-5afa0c7529d4@group-6A615BAE1DD1, cid=1382, SUCCESS, logIndex=1919, commits[4fcc8d53-44cb-4faf-b915-5afa0c7529d4:c1919, 48aa5eb4-709c-4003-adb5-fbc02723cd23:c1917, 609a8cf1-6ad3-4123-b94a-106ad93148a8:c1917]
2019-09-05 09:23:17,206 | INFO  | DNAudit | user=null | ip=null | op=WRITE_CHUNK {blockData=conID: 2 locID: 102739174825918945 bcsId: 1915} | ret=SUCCESS |  
2019-09-05 09:23:17,206 | INFO  | DNAudit | user=null | ip=null | op=WRITE_CHUNK {blockData=conID: 2 locID: 102739174825918945 bcsId: 1915} | ret=SUCCESS |  
2019-09-05 09:23:17,206 | INFO  | DNAudit | user=null | ip=null | op=PUT_BLOCK {blockData=[blockId=conID: 2 locID: 102739174825918945 bcsId: 0,size=3145728]} | ret=SUCCESS |  
2019-09-05 09:23:17,206 | INFO  | DNAudit | user=null | ip=null | op=PUT_BLOCK {blockData=[blockId=conID: 2 locID: 102739174825918945 bcsId: 0,size=3145728]} | ret=SUCCESS |  
2019-09-05 09:23:17,210 | INFO  | DNAudit | user=null | ip=null | op=WRITE_CHUNK {blockData=conID: 2 locID: 102739174825918945 bcsId: 1919} | ret=SUCCESS |  
2019-09-05 09:23:17,213 | INFO  | DNAudit | user=null | ip=null | op=WRITE_CHUNK {blockData=conID: 2 locID: 102739174825918945 bcsId: 1919} | ret=SUCCESS |  
2019-09-05 09:23:17,213 | INFO  | DNAudit | user=null | ip=null | op=WRITE_CHUNK {blockData=conID: 2 locID: 102739174825918945 bcsId: 1919} | ret=SUCCESS |  
2019-09-05 09:23:17,233 | INFO  | DNAudit | user=null | ip=null | op=WRITE_CHUNK {blockData=conID: 2 locID: 102739174825918945 bcsId: 1919} | ret=SUCCESS |  
2019-09-05 09:23:17,233 | INFO  | DNAudit | user=null | ip=null | op=PUT_BLOCK {blockData=[blockId=conID: 2 locID: 102739174825918945 bcsId: 0,size=4194304]} | ret=SUCCESS |  
2019-09-05 09:23:17,234 [grpc-default-executor-0] INFO  client.GrpcClientProtocolClient (GrpcClientProtocolClient.java:onNext(255)) - client-969FB6DA8C9A->4fcc8d53-44cb-4faf-b915-5afa0c7529d4: receive RaftClientReply:client-969FB6DA8C9A->4fcc8d53-44cb-4faf-b915-5afa0c7529d4@group-6A615BAE1DD1, cid=1383, SUCCESS, logIndex=1922, commits[4fcc8d53-44cb-4faf-b915-5afa0c7529d4:c1923, 48aa5eb4-709c-4003-adb5-fbc02723cd23:c1921, 609a8cf1-6ad3-4123-b94a-106ad93148a8:c1921]
2019-09-05 09:23:17,234 [grpc-default-executor-0] INFO  client.GrpcClientProtocolClient (GrpcClientProtocolClient.java:onNext(255)) - client-969FB6DA8C9A->4fcc8d53-44cb-4faf-b915-5afa0c7529d4: receive RaftClientReply:client-969FB6DA8C9A->4fcc8d53-44cb-4faf-b915-5afa0c7529d4@group-6A615BAE1DD1, cid=1384, SUCCESS, logIndex=1923, commits[4fcc8d53-44cb-4faf-b915-5afa0c7529d4:c1923, 48aa5eb4-709c-4003-adb5-fbc02723cd23:c1921, 609a8cf1-6ad3-4123-b94a-106ad93148a8:c1921]
2019-09-05 09:23:17,238 | INFO  | SCMAudit | user=jenkins1000 | ip=192.168.36.69 | op=SEND_HEARTBEAT {datanodeUUID=5b6cff60-1414-40d6-b682-781dc5ff3023, command=[]} | ret=SUCCESS |  
2019-09-05 09:23:17,243 | INFO  | DNAudit | user=null | ip=null | op=WRITE_CHUNK {blockData=conID: 2 locID: 102739174825918945 bcsId: 1919} | ret=SUCCESS |  
2019-09-05 09:23:17,243 | INFO  | DNAudit | user=null | ip=null | op=WRITE_CHUNK {blockData=conID: 2 locID: 102739174825918945 bcsId: 1919} | ret=SUCCESS |  
2019-09-05 09:23:17,243 | INFO  | DNAudit | user=null | ip=null | op=PUT_BLOCK {blockData=[blockId=conID: 2 locID: 102739174825918945 bcsId: 0,size=4194304]} | ret=SUCCESS |  
2019-09-05 09:23:17,244 | INFO  | DNAudit | user=null | ip=null | op=PUT_BLOCK {blockData=[blockId=conID: 2 locID: 102739174825918945 bcsId: 0,size=4194304]} | ret=SUCCESS |  
2019-09-05 09:23:17,245 [grpc-default-executor-0] INFO  client.GrpcClientProtocolClient (GrpcClientProtocolClient.java:onNext(255)) - client-969FB6DA8C9A->4fcc8d53-44cb-4faf-b915-5afa0c7529d4: receive RaftClientReply:client-969FB6DA8C9A->4fcc8d53-44cb-4faf-b915-5afa0c7529d4@group-6A615BAE1DD1, cid=1385, SUCCESS, logIndex=0, commits[4fcc8d53-44cb-4faf-b915-5afa0c7529d4:c1925, 48aa5eb4-709c-4003-adb5-fbc02723cd23:c1923, 609a8cf1-6ad3-4123-b94a-106ad93148a8:c1923]
2019-09-05 09:23:17,249 | INFO  | SCMAudit | user=jenkins1000 | ip=192.168.36.69 | op=ALLOCATE_BLOCK {owner=5cf4fcf6-c517-45f4-af25-2fff646d8883, size=4194304, type=RATIS, factor=THREE} | ret=SUCCESS |  
2019-09-05 09:23:17,251 | INFO  | OMAudit | user=jenkins1000 | ip=127.0.0.1 | op=ALLOCATE_BLOCK {volume=vol-0-13331, bucket=bucket-0-43606, key=key-0-76526, dataSize=0, replicationType=null, replicationFactor=null, keyLocationInfo=null, clientID=102739173903106450} | ret=SUCCESS |  
2019-09-05 09:23:17,257 | INFO  | DNAudit | user=null | ip=null | op=WRITE_CHUNK {blockData=conID: 3 locID: 102739174834110946 bcsId: 0} | ret=SUCCESS |  
2019-09-05 09:23:17,259 | INFO  | DNAudit | user=null | ip=null | op=WRITE_CHUNK {blockData=conID: 3 locID: 102739174834110946 bcsId: 0} | ret=SUCCESS |  
2019-09-05 09:23:17,259 | INFO  | DNAudit | user=null | ip=null | op=WRITE_CHUNK {blockData=conID: 3 locID: 102739174834110946 bcsId: 0} | ret=SUCCESS |  
2019-09-05 09:23:17,260 | INFO  | DNAudit | user=null | ip=null | op=WRITE_CHUNK {blockData=conID: 3 locID: 102739174834110946 bcsId: 0} | ret=SUCCESS |  
2019-09-05 09:23:17,261 | INFO  | DNAudit | user=null | ip=null | op=WRITE_CHUNK {blockData=conID: 3 locID: 102739174834110946 bcsId: 0} | ret=SUCCESS |  
2019-09-05 09:23:17,261 | INFO  | DNAudit | user=null | ip=null | op=WRITE_CHUNK {blockData=conID: 3 locID: 102739174834110946 bcsId: 0} | ret=SUCCESS |  
2019-09-05 09:23:17,270 | INFO  | DNAudit | user=null | ip=null | op=WRITE_CHUNK {blockData=conID: 3 locID: 102739174834110946 bcsId: 0} | ret=SUCCESS |  
2019-09-05 09:23:17,270 | INFO  | DNAudit | user=null | ip=null | op=PUT_BLOCK {blockData=[blockId=conID: 3 locID: 102739174834110946 bcsId: 0,size=1048576]} | ret=SUCCESS |  
2019-09-05 09:23:17,271 [grpc-default-executor-0] INFO  client.GrpcClientProtocolClient (GrpcClientProtocolClient.java:onNext(255)) - client-969FB6DA8C9A->4fcc8d53-44cb-4faf-b915-5afa0c7529d4: receive RaftClientReply:client-969FB6DA8C9A->4fcc8d53-44cb-4faf-b915-5afa0c7529d4@group-6A615BAE1DD1, cid=1386, SUCCESS, logIndex=1926, commits[4fcc8d53-44cb-4faf-b915-5afa0c7529d4:c1927, 48aa5eb4-709c-4003-adb5-fbc02723cd23:c1925, 609a8cf1-6ad3-4123-b94a-106ad93148a8:c1925]
2019-09-05 09:23:17,271 [grpc-default-executor-0] INFO  client.GrpcClientProtocolClient (GrpcClientProtocolClient.java:onNext(255)) - client-969FB6DA8C9A->4fcc8d53-44cb-4faf-b915-5afa0c7529d4: receive RaftClientReply:client-969FB6DA8C9A->4fcc8d53-44cb-4faf-b915-5afa0c7529d4@group-6A615BAE1DD1, cid=1387, SUCCESS, logIndex=1927, commits[4fcc8d53-44cb-4faf-b915-5afa0c7529d4:c1927, 48aa5eb4-709c-4003-adb5-fbc02723cd23:c1925, 609a8cf1-6ad3-4123-b94a-106ad93148a8:c1925]
2019-09-05 09:23:17,297 | INFO  | DNAudit | user=null | ip=null | op=WRITE_CHUNK {blockData=conID: 3 locID: 102739174834110946 bcsId: 0} | ret=SUCCESS |  
2019-09-05 09:23:17,297 | INFO  | DNAudit | user=null | ip=null | op=PUT_BLOCK {blockData=[blockId=conID: 3 locID: 102739174834110946 bcsId: 0,size=2097152]} | ret=SUCCESS |  
2019-09-05 09:23:17,298 | INFO  | DNAudit | user=null | ip=null | op=WRITE_CHUNK {blockData=conID: 3 locID: 102739174834110946 bcsId: 0} | ret=SUCCESS |  
2019-09-05 09:23:17,298 | INFO  | DNAudit | user=null | ip=null | op=WRITE_CHUNK {blockData=conID: 3 locID: 102739174834110946 bcsId: 0} | ret=SUCCESS |  
2019-09-05 09:23:17,298 [grpc-default-executor-4] INFO  client.GrpcClientProtocolClient (GrpcClientProtocolClient.java:onNext(255)) - client-969FB6DA8C9A->4fcc8d53-44cb-4faf-b915-5afa0c7529d4: receive RaftClientReply:client-969FB6DA8C9A->4fcc8d53-44cb-4faf-b915-5afa0c7529d4@group-6A615BAE1DD1, cid=1388, SUCCESS, logIndex=1928, commits[4fcc8d53-44cb-4faf-b915-5afa0c7529d4:c1929, 48aa5eb4-709c-4003-adb5-fbc02723cd23:c1925, 609a8cf1-6ad3-4123-b94a-106ad93148a8:c1925]
2019-09-05 09:23:17,298 [grpc-default-executor-4] INFO  client.GrpcClientProtocolClient (GrpcClientProtocolClient.java:onNext(255)) - client-969FB6DA8C9A->4fcc8d53-44cb-4faf-b915-5afa0c7529d4: receive RaftClientReply:client-969FB6DA8C9A->4fcc8d53-44cb-4faf-b915-5afa0c7529d4@group-6A615BAE1DD1, cid=1389, SUCCESS, logIndex=1929, commits[4fcc8d53-44cb-4faf-b915-5afa0c7529d4:c1929, 48aa5eb4-709c-4003-adb5-fbc02723cd23:c1925, 609a8cf1-6ad3-4123-b94a-106ad93148a8:c1925]
2019-09-05 09:23:17,299 | INFO  | DNAudit | user=null | ip=null | op=PUT_BLOCK {blockData=[blockId=conID: 3 locID: 102739174834110946 bcsId: 0,size=1048576]} | ret=SUCCESS |  
2019-09-05 09:23:17,299 | INFO  | DNAudit | user=null | ip=null | op=PUT_BLOCK {blockData=[blockId=conID: 3 locID: 102739174834110946 bcsId: 0,size=1048576]} | ret=SUCCESS |  
2019-09-05 09:23:17,300 [grpc-default-executor-0] INFO  client.GrpcClientProtocolClient (GrpcClientProtocolClient.java:onNext(255)) - client-969FB6DA8C9A->4fcc8d53-44cb-4faf-b915-5afa0c7529d4: receive RaftClientReply:client-969FB6DA8C9A->4fcc8d53-44cb-4faf-b915-5afa0c7529d4@group-6A615BAE1DD1, cid=1390, SUCCESS, logIndex=0, commits[4fcc8d53-44cb-4faf-b915-5afa0c7529d4:c1931, 48aa5eb4-709c-4003-adb5-fbc02723cd23:c1927, 609a8cf1-6ad3-4123-b94a-106ad93148a8:c1927]
2019-09-05 09:23:17,305 | INFO  | DNAudit | user=null | ip=null | op=WRITE_CHUNK {blockData=conID: 3 locID: 102739174834110946 bcsId: 1929} | ret=SUCCESS |  
2019-09-05 09:23:17,307 | INFO  | DNAudit | user=null | ip=null | op=WRITE_CHUNK {blockData=conID: 3 locID: 102739174834110946 bcsId: 1929} | ret=SUCCESS |  
2019-09-05 09:23:17,307 | INFO  | DNAudit | user=null | ip=null | op=WRITE_CHUNK {blockData=conID: 3 locID: 102739174834110946 bcsId: 1929} | ret=SUCCESS |  
2019-09-05 09:23:17,377 | INFO  | DNAudit | user=null | ip=null | op=WRITE_CHUNK {blockData=conID: 3 locID: 102739174834110946 bcsId: 0} | ret=SUCCESS |  
2019-09-05 09:23:17,377 | INFO  | DNAudit | user=null | ip=null | op=WRITE_CHUNK {blockData=conID: 3 locID: 102739174834110946 bcsId: 0} | ret=SUCCESS |  
2019-09-05 09:23:17,378 | INFO  | DNAudit | user=null | ip=null | op=PUT_BLOCK {blockData=[blockId=conID: 3 locID: 102739174834110946 bcsId: 0,size=2097152]} | ret=SUCCESS |  
2019-09-05 09:23:17,378 | INFO  | DNAudit | user=null | ip=null | op=PUT_BLOCK {blockData=[blockId=conID: 3 locID: 102739174834110946 bcsId: 0,size=2097152]} | ret=SUCCESS |  
2019-09-05 09:23:17,378 | INFO  | DNAudit | user=null | ip=null | op=WRITE_CHUNK {blockData=conID: 3 locID: 102739174834110946 bcsId: 1929} | ret=SUCCESS |  
2019-09-05 09:23:17,378 | INFO  | DNAudit | user=null | ip=null | op=PUT_BLOCK {blockData=[blockId=conID: 3 locID: 102739174834110946 bcsId: 0,size=3145728]} | ret=SUCCESS |  
2019-09-05 09:23:17,378 [grpc-default-executor-3] INFO  client.GrpcClientProtocolClient (GrpcClientProtocolClient.java:onNext(255)) - client-969FB6DA8C9A->4fcc8d53-44cb-4faf-b915-5afa0c7529d4: receive RaftClientReply:client-969FB6DA8C9A->4fcc8d53-44cb-4faf-b915-5afa0c7529d4@group-6A615BAE1DD1, cid=1391, SUCCESS, logIndex=1934, commits[4fcc8d53-44cb-4faf-b915-5afa0c7529d4:c1935, 48aa5eb4-709c-4003-adb5-fbc02723cd23:c1933, 609a8cf1-6ad3-4123-b94a-106ad93148a8:c1933]
2019-09-05 09:23:17,379 [grpc-default-executor-3] INFO  client.GrpcClientProtocolClient (GrpcClientProtocolClient.java:onNext(255)) - client-969FB6DA8C9A->4fcc8d53-44cb-4faf-b915-5afa0c7529d4: receive RaftClientReply:client-969FB6DA8C9A->4fcc8d53-44cb-4faf-b915-5afa0c7529d4@group-6A615BAE1DD1, cid=1392, SUCCESS, logIndex=1935, commits[4fcc8d53-44cb-4faf-b915-5afa0c7529d4:c1935, 48aa5eb4-709c-4003-adb5-fbc02723cd23:c1933, 609a8cf1-6ad3-4123-b94a-106ad93148a8:c1933]
2019-09-05 09:23:17,384 | INFO  | DNAudit | user=null | ip=null | op=WRITE_CHUNK {blockData=conID: 3 locID: 102739174834110946 bcsId: 1935} | ret=SUCCESS |  
2019-09-05 09:23:17,386 | INFO  | DNAudit | user=null | ip=null | op=WRITE_CHUNK {blockData=conID: 3 locID: 102739174834110946 bcsId: 1935} | ret=SUCCESS |  
2019-09-05 09:23:17,387 | INFO  | DNAudit | user=null | ip=null | op=WRITE_CHUNK {blockData=conID: 3 locID: 102739174834110946 bcsId: 1935} | ret=SUCCESS |  
2019-09-05 09:23:17,401 | INFO  | DNAudit | user=null | ip=null | op=WRITE_CHUNK {blockData=conID: 3 locID: 102739174834110946 bcsId: 1929} | ret=SUCCESS |  
2019-09-05 09:23:17,401 | INFO  | DNAudit | user=null | ip=null | op=WRITE_CHUNK {blockData=conID: 3 locID: 102739174834110946 bcsId: 1929} | ret=SUCCESS |  
2019-09-05 09:23:17,401 | INFO  | DNAudit | user=null | ip=null | op=PUT_BLOCK {blockData=[blockId=conID: 3 locID: 102739174834110946 bcsId: 0,size=3145728]} | ret=SUCCESS |  
2019-09-05 09:23:17,413 | INFO  | DNAudit | user=null | ip=null | op=WRITE_CHUNK {blockData=conID: 3 locID: 102739174834110946 bcsId: 1935} | ret=SUCCESS |  
2019-09-05 09:23:17,413 | INFO  | DNAudit | user=null | ip=null | op=PUT_BLOCK {blockData=[blockId=conID: 3 locID: 102739174834110946 bcsId: 0,size=3145728]} | ret=SUCCESS |  
2019-09-05 09:23:17,414 | INFO  | DNAudit | user=null | ip=null | op=PUT_BLOCK {blockData=[blockId=conID: 3 locID: 102739174834110946 bcsId: 0,size=4194304]} | ret=SUCCESS |  
2019-09-05 09:23:17,414 [grpc-default-executor-3] INFO  client.GrpcClientProtocolClient (GrpcClientProtocolClient.java:onNext(255)) - client-969FB6DA8C9A->4fcc8d53-44cb-4faf-b915-5afa0c7529d4: receive RaftClientReply:client-969FB6DA8C9A->4fcc8d53-44cb-4faf-b915-5afa0c7529d4@group-6A615BAE1DD1, cid=1393, SUCCESS, logIndex=1938, commits[4fcc8d53-44cb-4faf-b915-5afa0c7529d4:c1938, 48aa5eb4-709c-4003-adb5-fbc02723cd23:c1935, 609a8cf1-6ad3-4123-b94a-106ad93148a8:c1935]
2019-09-05 09:23:17,486 | INFO  | DNAudit | user=null | ip=null | op=WRITE_CHUNK {blockData=conID: 3 locID: 102739174834110946 bcsId: 1935} | ret=SUCCESS |  
2019-09-05 09:23:17,486 | INFO  | DNAudit | user=null | ip=null | op=WRITE_CHUNK {blockData=conID: 3 locID: 102739174834110946 bcsId: 1935} | ret=SUCCESS |  
2019-09-05 09:23:17,486 [grpc-default-executor-3] INFO  client.GrpcClientProtocolClient (GrpcClientProtocolClient.java:onNext(255)) - client-969FB6DA8C9A->4fcc8d53-44cb-4faf-b915-5afa0c7529d4: receive RaftClientReply:client-969FB6DA8C9A->4fcc8d53-44cb-4faf-b915-5afa0c7529d4@group-6A615BAE1DD1, cid=1394, SUCCESS, logIndex=1939, commits[4fcc8d53-44cb-4faf-b915-5afa0c7529d4:c1939, 48aa5eb4-709c-4003-adb5-fbc02723cd23:c1935, 609a8cf1-6ad3-4123-b94a-106ad93148a8:c1935]
2019-09-05 09:23:17,491 | INFO  | DNAudit | user=null | ip=null | op=PUT_BLOCK {blockData=[blockId=conID: 3 locID: 102739174834110946 bcsId: 0,size=4194304]} | ret=SUCCESS |  
2019-09-05 09:23:17,491 | INFO  | DNAudit | user=null | ip=null | op=PUT_BLOCK {blockData=[blockId=conID: 3 locID: 102739174834110946 bcsId: 0,size=4194304]} | ret=SUCCESS |  
2019-09-05 09:23:17,492 [grpc-default-executor-3] INFO  client.GrpcClientProtocolClient (GrpcClientProtocolClient.java:onNext(255)) - client-969FB6DA8C9A->4fcc8d53-44cb-4faf-b915-5afa0c7529d4: receive RaftClientReply:client-969FB6DA8C9A->4fcc8d53-44cb-4faf-b915-5afa0c7529d4@group-6A615BAE1DD1, cid=1395, SUCCESS, logIndex=0, commits[4fcc8d53-44cb-4faf-b915-5afa0c7529d4:c1941, 48aa5eb4-709c-4003-adb5-fbc02723cd23:c1939, 609a8cf1-6ad3-4123-b94a-106ad93148a8:c1939]
2019-09-05 09:23:17,495 | INFO  | SCMAudit | user=jenkins1000 | ip=192.168.36.69 | op=ALLOCATE_BLOCK {owner=5cf4fcf6-c517-45f4-af25-2fff646d8883, size=4194304, type=RATIS, factor=THREE} | ret=SUCCESS |  
2019-09-05 09:23:17,498 | INFO  | OMAudit | user=jenkins1000 | ip=127.0.0.1 | op=ALLOCATE_BLOCK {volume=vol-0-13331, bucket=bucket-0-43606, key=key-0-76526, dataSize=0, replicationType=null, replicationFactor=null, keyLocationInfo=null, clientID=102739173903106450} | ret=SUCCESS |  
2019-09-05 09:23:17,504 | INFO  | DNAudit | user=null | ip=null | op=WRITE_CHUNK {blockData=conID: 1 locID: 102739174850232803 bcsId: 0} | ret=SUCCESS |  
2019-09-05 09:23:17,506 | INFO  | DNAudit | user=null | ip=null | op=WRITE_CHUNK {blockData=conID: 1 locID: 102739174850232803 bcsId: 0} | ret=SUCCESS |  
2019-09-05 09:23:17,506 | INFO  | DNAudit | user=null | ip=null | op=WRITE_CHUNK {blockData=conID: 1 locID: 102739174850232803 bcsId: 0} | ret=SUCCESS |  
2019-09-05 09:23:17,507 | INFO  | DNAudit | user=null | ip=null | op=WRITE_CHUNK {blockData=conID: 1 locID: 102739174850232803 bcsId: 0} | ret=SUCCESS |  
2019-09-05 09:23:17,508 | INFO  | DNAudit | user=null | ip=null | op=WRITE_CHUNK {blockData=conID: 1 locID: 102739174850232803 bcsId: 0} | ret=SUCCESS |  
2019-09-05 09:23:17,508 | INFO  | DNAudit | user=null | ip=null | op=WRITE_CHUNK {blockData=conID: 1 locID: 102739174850232803 bcsId: 0} | ret=SUCCESS |  
2019-09-05 09:23:17,516 | INFO  | DNAudit | user=null | ip=null | op=WRITE_CHUNK {blockData=conID: 1 locID: 102739174850232803 bcsId: 0} | ret=SUCCESS |  
2019-09-05 09:23:17,516 | INFO  | DNAudit | user=null | ip=null | op=PUT_BLOCK {blockData=[blockId=conID: 1 locID: 102739174850232803 bcsId: 0,size=1048576]} | ret=SUCCESS |  
2019-09-05 09:23:17,517 | INFO  | DNAudit | user=null | ip=null | op=WRITE_CHUNK {blockData=conID: 1 locID: 102739174850232803 bcsId: 0} | ret=SUCCESS |  
2019-09-05 09:23:17,517 [grpc-default-executor-4] INFO  client.GrpcClientProtocolClient (GrpcClientProtocolClient.java:onNext(255)) - client-969FB6DA8C9A->4fcc8d53-44cb-4faf-b915-5afa0c7529d4: receive RaftClientReply:client-969FB6DA8C9A->4fcc8d53-44cb-4faf-b915-5afa0c7529d4@group-6A615BAE1DD1, cid=1396, SUCCESS, logIndex=1942, commits[4fcc8d53-44cb-4faf-b915-5afa0c7529d4:c1945, 48aa5eb4-709c-4003-adb5-fbc02723cd23:c1941, 609a8cf1-6ad3-4123-b94a-106ad93148a8:c1941]
2019-09-05 09:23:17,517 | INFO  | DNAudit | user=null | ip=null | op=PUT_BLOCK {blockData=[blockId=conID: 1 locID: 102739174850232803 bcsId: 0,size=2097152]} | ret=SUCCESS |  
2019-09-05 09:23:17,517 [grpc-default-executor-4] INFO  client.GrpcClientProtocolClient (GrpcClientProtocolClient.java:onNext(255)) - client-969FB6DA8C9A->4fcc8d53-44cb-4faf-b915-5afa0c7529d4: receive RaftClientReply:client-969FB6DA8C9A->4fcc8d53-44cb-4faf-b915-5afa0c7529d4@group-6A615BAE1DD1, cid=1397, SUCCESS, logIndex=1943, commits[4fcc8d53-44cb-4faf-b915-5afa0c7529d4:c1945, 48aa5eb4-709c-4003-adb5-fbc02723cd23:c1941, 609a8cf1-6ad3-4123-b94a-106ad93148a8:c1941]
2019-09-05 09:23:17,517 | INFO  | DNAudit | user=null | ip=null | op=WRITE_CHUNK {blockData=conID: 1 locID: 102739174850232803 bcsId: 0} | ret=SUCCESS |  
2019-09-05 09:23:17,517 [grpc-default-executor-4] INFO  client.GrpcClientProtocolClient (GrpcClientProtocolClient.java:onNext(255)) - client-969FB6DA8C9A->4fcc8d53-44cb-4faf-b915-5afa0c7529d4: receive RaftClientReply:client-969FB6DA8C9A->4fcc8d53-44cb-4faf-b915-5afa0c7529d4@group-6A615BAE1DD1, cid=1398, SUCCESS, logIndex=1944, commits[4fcc8d53-44cb-4faf-b915-5afa0c7529d4:c1945, 48aa5eb4-709c-4003-adb5-fbc02723cd23:c1941, 609a8cf1-6ad3-4123-b94a-106ad93148a8:c1941]
2019-09-05 09:23:17,518 | INFO  | DNAudit | user=null | ip=null | op=PUT_BLOCK {blockData=[blockId=conID: 1 locID: 102739174850232803 bcsId: 0,size=1048576]} | ret=SUCCESS |  
2019-09-05 09:23:17,518 [grpc-default-executor-4] INFO  client.GrpcClientProtocolClient (GrpcClientProtocolClient.java:onNext(255)) - client-969FB6DA8C9A->4fcc8d53-44cb-4faf-b915-5afa0c7529d4: receive RaftClientReply:client-969FB6DA8C9A->4fcc8d53-44cb-4faf-b915-5afa0c7529d4@group-6A615BAE1DD1, cid=1399, SUCCESS, logIndex=1945, commits[4fcc8d53-44cb-4faf-b915-5afa0c7529d4:c1945, 48aa5eb4-709c-4003-adb5-fbc02723cd23:c1941, 609a8cf1-6ad3-4123-b94a-106ad93148a8:c1941]
2019-09-05 09:23:17,518 | INFO  | DNAudit | user=null | ip=null | op=WRITE_CHUNK {blockData=conID: 1 locID: 102739174850232803 bcsId: 0} | ret=SUCCESS |  
2019-09-05 09:23:17,518 | INFO  | DNAudit | user=null | ip=null | op=PUT_BLOCK {blockData=[blockId=conID: 1 locID: 102739174850232803 bcsId: 0,size=1048576]} | ret=SUCCESS |  
2019-09-05 09:23:17,518 | INFO  | DNAudit | user=null | ip=null | op=WRITE_CHUNK {blockData=conID: 1 locID: 102739174850232803 bcsId: 0} | ret=SUCCESS |  
2019-09-05 09:23:17,518 | INFO  | DNAudit | user=null | ip=null | op=PUT_BLOCK {blockData=[blockId=conID: 1 locID: 102739174850232803 bcsId: 0,size=2097152]} | ret=SUCCESS |  
2019-09-05 09:23:17,518 [grpc-default-executor-4] INFO  client.GrpcClientProtocolClient (GrpcClientProtocolClient.java:onNext(255)) - client-969FB6DA8C9A->4fcc8d53-44cb-4faf-b915-5afa0c7529d4: receive RaftClientReply:client-969FB6DA8C9A->4fcc8d53-44cb-4faf-b915-5afa0c7529d4@group-6A615BAE1DD1, cid=1400, SUCCESS, logIndex=0, commits[4fcc8d53-44cb-4faf-b915-5afa0c7529d4:c1946, 48aa5eb4-709c-4003-adb5-fbc02723cd23:c1943, 609a8cf1-6ad3-4123-b94a-106ad93148a8:c1943]
2019-09-05 09:23:17,519 | INFO  | DNAudit | user=null | ip=null | op=WRITE_CHUNK {blockData=conID: 1 locID: 102739174850232803 bcsId: 0} | ret=SUCCESS |  
2019-09-05 09:23:17,519 | INFO  | DNAudit | user=null | ip=null | op=PUT_BLOCK {blockData=[blockId=conID: 1 locID: 102739174850232803 bcsId: 0,size=2097152]} | ret=SUCCESS |  
2019-09-05 09:23:17,524 | INFO  | DNAudit | user=null | ip=null | op=WRITE_CHUNK {blockData=conID: 1 locID: 102739174850232803 bcsId: 1945} | ret=SUCCESS |  
2019-09-05 09:23:17,526 | INFO  | DNAudit | user=null | ip=null | op=WRITE_CHUNK {blockData=conID: 1 locID: 102739174850232803 bcsId: 1945} | ret=SUCCESS |  
2019-09-05 09:23:17,527 | INFO  | DNAudit | user=null | ip=null | op=WRITE_CHUNK {blockData=conID: 1 locID: 102739174850232803 bcsId: 1945} | ret=SUCCESS |  
2019-09-05 09:23:17,530 | INFO  | SCMAudit | user=jenkins1000 | ip=192.168.36.69 | op=SEND_HEARTBEAT {datanodeUUID=fe9e29a7-51ad-458f-9e11-f615da290baa, command=[]} | ret=SUCCESS |  
2019-09-05 09:23:17,548 | INFO  | DNAudit | user=null | ip=null | op=WRITE_CHUNK {blockData=conID: 1 locID: 102739174850232803 bcsId: 1945} | ret=SUCCESS |  
2019-09-05 09:23:17,548 | INFO  | DNAudit | user=null | ip=null | op=PUT_BLOCK {blockData=[blockId=conID: 1 locID: 102739174850232803 bcsId: 0,size=3145728]} | ret=SUCCESS |  
2019-09-05 09:23:17,548 [grpc-default-executor-3] INFO  client.GrpcClientProtocolClient (GrpcClientProtocolClient.java:onNext(255)) - client-969FB6DA8C9A->4fcc8d53-44cb-4faf-b915-5afa0c7529d4: receive RaftClientReply:client-969FB6DA8C9A->4fcc8d53-44cb-4faf-b915-5afa0c7529d4@group-6A615BAE1DD1, cid=1401, SUCCESS, logIndex=1950, commits[4fcc8d53-44cb-4faf-b915-5afa0c7529d4:c1951, 48aa5eb4-709c-4003-adb5-fbc02723cd23:c1949, 609a8cf1-6ad3-4123-b94a-106ad93148a8:c1949]
2019-09-05 09:23:17,548 [grpc-default-executor-3] INFO  client.GrpcClientProtocolClient (GrpcClientProtocolClient.java:onNext(255)) - client-969FB6DA8C9A->4fcc8d53-44cb-4faf-b915-5afa0c7529d4: receive RaftClientReply:client-969FB6DA8C9A->4fcc8d53-44cb-4faf-b915-5afa0c7529d4@group-6A615BAE1DD1, cid=1402, SUCCESS, logIndex=1951, commits[4fcc8d53-44cb-4faf-b915-5afa0c7529d4:c1951, 48aa5eb4-709c-4003-adb5-fbc02723cd23:c1949, 609a8cf1-6ad3-4123-b94a-106ad93148a8:c1949]
2019-09-05 09:23:17,552 | INFO  | DNAudit | user=null | ip=null | op=WRITE_CHUNK {blockData=conID: 1 locID: 102739174850232803 bcsId: 1945} | ret=SUCCESS |  
2019-09-05 09:23:17,552 | INFO  | DNAudit | user=null | ip=null | op=WRITE_CHUNK {blockData=conID: 1 locID: 102739174850232803 bcsId: 1945} | ret=SUCCESS |  
2019-09-05 09:23:17,552 | INFO  | DNAudit | user=null | ip=null | op=PUT_BLOCK {blockData=[blockId=conID: 1 locID: 102739174850232803 bcsId: 0,size=3145728]} | ret=SUCCESS |  
2019-09-05 09:23:17,552 | INFO  | DNAudit | user=null | ip=null | op=PUT_BLOCK {blockData=[blockId=conID: 1 locID: 102739174850232803 bcsId: 0,size=3145728]} | ret=SUCCESS |  
2019-09-05 09:23:17,554 | INFO  | DNAudit | user=null | ip=null | op=WRITE_CHUNK {blockData=conID: 1 locID: 102739174850232803 bcsId: 1951} | ret=SUCCESS |  
2019-09-05 09:23:17,555 | INFO  | DNAudit | user=null | ip=null | op=WRITE_CHUNK {blockData=conID: 1 locID: 102739174850232803 bcsId: 1951} | ret=SUCCESS |  
2019-09-05 09:23:17,555 | INFO  | DNAudit | user=null | ip=null | op=WRITE_CHUNK {blockData=conID: 1 locID: 102739174850232803 bcsId: 1951} | ret=SUCCESS |  
2019-09-05 09:23:17,563 | INFO  | DNAudit | user=null | ip=null | op=WRITE_CHUNK {blockData=conID: 1 locID: 102739174850232803 bcsId: 1951} | ret=SUCCESS |  
2019-09-05 09:23:17,564 | INFO  | DNAudit | user=null | ip=null | op=PUT_BLOCK {blockData=[blockId=conID: 1 locID: 102739174850232803 bcsId: 0,size=4194304]} | ret=SUCCESS |  
2019-09-05 09:23:17,564 [grpc-default-executor-5] INFO  client.GrpcClientProtocolClient (GrpcClientProtocolClient.java:onNext(255)) - client-969FB6DA8C9A->4fcc8d53-44cb-4faf-b915-5afa0c7529d4: receive RaftClientReply:client-969FB6DA8C9A->4fcc8d53-44cb-4faf-b915-5afa0c7529d4@group-6A615BAE1DD1, cid=1403, SUCCESS, logIndex=1954, commits[4fcc8d53-44cb-4faf-b915-5afa0c7529d4:c1955, 48aa5eb4-709c-4003-adb5-fbc02723cd23:c1952, 609a8cf1-6ad3-4123-b94a-106ad93148a8:c1952]
2019-09-05 09:23:17,564 [grpc-default-executor-5] INFO  client.GrpcClientProtocolClient (GrpcClientProtocolClient.java:onNext(255)) - client-969FB6DA8C9A->4fcc8d53-44cb-4faf-b915-5afa0c7529d4: receive RaftClientReply:client-969FB6DA8C9A->4fcc8d53-44cb-4faf-b915-5afa0c7529d4@group-6A615BAE1DD1, cid=1404, SUCCESS, logIndex=1955, commits[4fcc8d53-44cb-4faf-b915-5afa0c7529d4:c1955, 48aa5eb4-709c-4003-adb5-fbc02723cd23:c1952, 609a8cf1-6ad3-4123-b94a-106ad93148a8:c1952]
2019-09-05 09:23:17,569 | INFO  | DNAudit | user=null | ip=null | op=WRITE_CHUNK {blockData=conID: 1 locID: 102739174850232803 bcsId: 1951} | ret=SUCCESS |  
2019-09-05 09:23:17,569 | INFO  | DNAudit | user=null | ip=null | op=WRITE_CHUNK {blockData=conID: 1 locID: 102739174850232803 bcsId: 1951} | ret=SUCCESS |  
2019-09-05 09:23:17,570 | INFO  | DNAudit | user=null | ip=null | op=PUT_BLOCK {blockData=[blockId=conID: 1 locID: 102739174850232803 bcsId: 0,size=4194304]} | ret=SUCCESS |  
2019-09-05 09:23:17,570 | INFO  | DNAudit | user=null | ip=null | op=PUT_BLOCK {blockData=[blockId=conID: 1 locID: 102739174850232803 bcsId: 0,size=4194304]} | ret=SUCCESS |  
2019-09-05 09:23:17,571 [grpc-default-executor-5] INFO  client.GrpcClientProtocolClient (GrpcClientProtocolClient.java:onNext(255)) - client-969FB6DA8C9A->4fcc8d53-44cb-4faf-b915-5afa0c7529d4: receive RaftClientReply:client-969FB6DA8C9A->4fcc8d53-44cb-4faf-b915-5afa0c7529d4@group-6A615BAE1DD1, cid=1405, SUCCESS, logIndex=0, commits[4fcc8d53-44cb-4faf-b915-5afa0c7529d4:c1957, 48aa5eb4-709c-4003-adb5-fbc02723cd23:c1955, 609a8cf1-6ad3-4123-b94a-106ad93148a8:c1955]
2019-09-05 09:23:17,573 | INFO  | SCMAudit | user=jenkins1000 | ip=192.168.36.69 | op=ALLOCATE_BLOCK {owner=5cf4fcf6-c517-45f4-af25-2fff646d8883, size=4194304, type=RATIS, factor=THREE} | ret=SUCCESS |  
2019-09-05 09:23:17,576 | INFO  | OMAudit | user=jenkins1000 | ip=127.0.0.1 | op=ALLOCATE_BLOCK {volume=vol-0-13331, bucket=bucket-0-43606, key=key-0-76526, dataSize=0, replicationType=null, replicationFactor=null, keyLocationInfo=null, clientID=102739173903106450} | ret=SUCCESS |  
2019-09-05 09:23:17,581 | INFO  | DNAudit | user=null | ip=null | op=WRITE_CHUNK {blockData=conID: 2 locID: 102739174855344612 bcsId: 0} | ret=SUCCESS |  
2019-09-05 09:23:17,584 | INFO  | DNAudit | user=null | ip=null | op=WRITE_CHUNK {blockData=conID: 2 locID: 102739174855344612 bcsId: 0} | ret=SUCCESS |  
2019-09-05 09:23:17,584 | INFO  | DNAudit | user=null | ip=null | op=WRITE_CHUNK {blockData=conID: 2 locID: 102739174855344612 bcsId: 0} | ret=SUCCESS |  
2019-09-05 09:23:17,584 | INFO  | DNAudit | user=null | ip=null | op=WRITE_CHUNK {blockData=conID: 2 locID: 102739174855344612 bcsId: 0} | ret=SUCCESS |  
2019-09-05 09:23:17,586 | INFO  | DNAudit | user=null | ip=null | op=WRITE_CHUNK {blockData=conID: 2 locID: 102739174855344612 bcsId: 0} | ret=SUCCESS |  
2019-09-05 09:23:17,586 | INFO  | DNAudit | user=null | ip=null | op=WRITE_CHUNK {blockData=conID: 2 locID: 102739174855344612 bcsId: 0} | ret=SUCCESS |  
2019-09-05 09:23:17,591 | INFO  | DNAudit | user=null | ip=null | op=WRITE_CHUNK {blockData=conID: 2 locID: 102739174855344612 bcsId: 0} | ret=SUCCESS |  
2019-09-05 09:23:17,591 | INFO  | DNAudit | user=null | ip=null | op=PUT_BLOCK {blockData=[blockId=conID: 2 locID: 102739174855344612 bcsId: 0,size=1048576]} | ret=SUCCESS |  
2019-09-05 09:23:17,591 | INFO  | DNAudit | user=null | ip=null | op=WRITE_CHUNK {blockData=conID: 2 locID: 102739174855344612 bcsId: 0} | ret=SUCCESS |  
2019-09-05 09:23:17,591 [grpc-default-executor-4] INFO  client.GrpcClientProtocolClient (GrpcClientProtocolClient.java:onNext(255)) - client-969FB6DA8C9A->4fcc8d53-44cb-4faf-b915-5afa0c7529d4: receive RaftClientReply:client-969FB6DA8C9A->4fcc8d53-44cb-4faf-b915-5afa0c7529d4@group-6A615BAE1DD1, cid=1406, SUCCESS, logIndex=1958, commits[4fcc8d53-44cb-4faf-b915-5afa0c7529d4:c1961, 48aa5eb4-709c-4003-adb5-fbc02723cd23:c1957, 609a8cf1-6ad3-4123-b94a-106ad93148a8:c1957]
2019-09-05 09:23:17,592 | INFO  | DNAudit | user=null | ip=null | op=PUT_BLOCK {blockData=[blockId=conID: 2 locID: 102739174855344612 bcsId: 0,size=2097152]} | ret=SUCCESS |  
2019-09-05 09:23:17,592 [grpc-default-executor-4] INFO  client.GrpcClientProtocolClient (GrpcClientProtocolClient.java:onNext(255)) - client-969FB6DA8C9A->4fcc8d53-44cb-4faf-b915-5afa0c7529d4: receive RaftClientReply:client-969FB6DA8C9A->4fcc8d53-44cb-4faf-b915-5afa0c7529d4@group-6A615BAE1DD1, cid=1407, SUCCESS, logIndex=1959, commits[4fcc8d53-44cb-4faf-b915-5afa0c7529d4:c1961, 48aa5eb4-709c-4003-adb5-fbc02723cd23:c1957, 609a8cf1-6ad3-4123-b94a-106ad93148a8:c1957]
2019-09-05 09:23:17,592 [grpc-default-executor-4] INFO  client.GrpcClientProtocolClient (GrpcClientProtocolClient.java:onNext(255)) - client-969FB6DA8C9A->4fcc8d53-44cb-4faf-b915-5afa0c7529d4: receive RaftClientReply:client-969FB6DA8C9A->4fcc8d53-44cb-4faf-b915-5afa0c7529d4@group-6A615BAE1DD1, cid=1408, SUCCESS, logIndex=1960, commits[4fcc8d53-44cb-4faf-b915-5afa0c7529d4:c1961, 48aa5eb4-709c-4003-adb5-fbc02723cd23:c1957, 609a8cf1-6ad3-4123-b94a-106ad93148a8:c1957]
2019-09-05 09:23:17,592 [grpc-default-executor-4] INFO  client.GrpcClientProtocolClient (GrpcClientProtocolClient.java:onNext(255)) - client-969FB6DA8C9A->4fcc8d53-44cb-4faf-b915-5afa0c7529d4: receive RaftClientReply:client-969FB6DA8C9A->4fcc8d53-44cb-4faf-b915-5afa0c7529d4@group-6A615BAE1DD1, cid=1409, SUCCESS, logIndex=1961, commits[4fcc8d53-44cb-4faf-b915-5afa0c7529d4:c1961, 48aa5eb4-709c-4003-adb5-fbc02723cd23:c1957, 609a8cf1-6ad3-4123-b94a-106ad93148a8:c1957]
2019-09-05 09:23:17,608 | INFO  | DNAudit | user=null | ip=null | op=WRITE_CHUNK {blockData=conID: 2 locID: 102739174855344612 bcsId: 0} | ret=SUCCESS |  
2019-09-05 09:23:17,608 | INFO  | DNAudit | user=null | ip=null | op=WRITE_CHUNK {blockData=conID: 2 locID: 102739174855344612 bcsId: 0} | ret=SUCCESS |  
2019-09-05 09:23:17,608 | INFO  | DNAudit | user=null | ip=null | op=PUT_BLOCK {blockData=[blockId=conID: 2 locID: 102739174855344612 bcsId: 0,size=1048576]} | ret=SUCCESS |  
2019-09-05 09:23:17,608 | INFO  | DNAudit | user=null | ip=null | op=PUT_BLOCK {blockData=[blockId=conID: 2 locID: 102739174855344612 bcsId: 0,size=1048576]} | ret=SUCCESS |  
2019-09-05 09:23:17,608 [grpc-default-executor-4] INFO  client.GrpcClientProtocolClient (GrpcClientProtocolClient.java:onNext(255)) - client-969FB6DA8C9A->4fcc8d53-44cb-4faf-b915-5afa0c7529d4: receive RaftClientReply:client-969FB6DA8C9A->4fcc8d53-44cb-4faf-b915-5afa0c7529d4@group-6A615BAE1DD1, cid=1410, SUCCESS, logIndex=0, commits[4fcc8d53-44cb-4faf-b915-5afa0c7529d4:c1962, 48aa5eb4-709c-4003-adb5-fbc02723cd23:c1959, 609a8cf1-6ad3-4123-b94a-106ad93148a8:c1959]
2019-09-05 09:23:17,610 | INFO  | DNAudit | user=null | ip=null | op=WRITE_CHUNK {blockData=conID: 2 locID: 102739174855344612 bcsId: 0} | ret=SUCCESS |  
2019-09-05 09:23:17,610 | INFO  | DNAudit | user=null | ip=null | op=WRITE_CHUNK {blockData=conID: 2 locID: 102739174855344612 bcsId: 0} | ret=SUCCESS |  
2019-09-05 09:23:17,610 | INFO  | DNAudit | user=null | ip=null | op=PUT_BLOCK {blockData=[blockId=conID: 2 locID: 102739174855344612 bcsId: 0,size=2097152]} | ret=SUCCESS |  
2019-09-05 09:23:17,610 | INFO  | DNAudit | user=null | ip=null | op=PUT_BLOCK {blockData=[blockId=conID: 2 locID: 102739174855344612 bcsId: 0,size=2097152]} | ret=SUCCESS |  
2019-09-05 09:23:17,614 | INFO  | DNAudit | user=null | ip=null | op=WRITE_CHUNK {blockData=conID: 2 locID: 102739174855344612 bcsId: 1961} | ret=SUCCESS |  
2019-09-05 09:23:17,616 | INFO  | DNAudit | user=null | ip=null | op=WRITE_CHUNK {blockData=conID: 2 locID: 102739174855344612 bcsId: 1961} | ret=SUCCESS |  
2019-09-05 09:23:17,616 | INFO  | DNAudit | user=null | ip=null | op=WRITE_CHUNK {blockData=conID: 2 locID: 102739174855344612 bcsId: 1961} | ret=SUCCESS |  
2019-09-05 09:23:17,627 | INFO  | DNAudit | user=null | ip=null | op=WRITE_CHUNK {blockData=conID: 2 locID: 102739174855344612 bcsId: 1961} | ret=SUCCESS |  
2019-09-05 09:23:17,627 | INFO  | DNAudit | user=null | ip=null | op=PUT_BLOCK {blockData=[blockId=conID: 2 locID: 102739174855344612 bcsId: 0,size=3145728]} | ret=SUCCESS |  
2019-09-05 09:23:17,627 [grpc-default-executor-4] INFO  client.GrpcClientProtocolClient (GrpcClientProtocolClient.java:onNext(255)) - client-969FB6DA8C9A->4fcc8d53-44cb-4faf-b915-5afa0c7529d4: receive RaftClientReply:client-969FB6DA8C9A->4fcc8d53-44cb-4faf-b915-5afa0c7529d4@group-6A615BAE1DD1, cid=1411, SUCCESS, logIndex=1966, commits[4fcc8d53-44cb-4faf-b915-5afa0c7529d4:c1967, 48aa5eb4-709c-4003-adb5-fbc02723cd23:c1965, 609a8cf1-6ad3-4123-b94a-106ad93148a8:c1965]
2019-09-05 09:23:17,628 [grpc-default-executor-4] INFO  client.GrpcClientProtocolClient (GrpcClientProtocolClient.java:onNext(255)) - client-969FB6DA8C9A->4fcc8d53-44cb-4faf-b915-5afa0c7529d4: receive RaftClientReply:client-969FB6DA8C9A->4fcc8d53-44cb-4faf-b915-5afa0c7529d4@group-6A615BAE1DD1, cid=1412, SUCCESS, logIndex=1967, commits[4fcc8d53-44cb-4faf-b915-5afa0c7529d4:c1967, 48aa5eb4-709c-4003-adb5-fbc02723cd23:c1965, 609a8cf1-6ad3-4123-b94a-106ad93148a8:c1965]
2019-09-05 09:23:17,633 | INFO  | DNAudit | user=null | ip=null | op=WRITE_CHUNK {blockData=conID: 2 locID: 102739174855344612 bcsId: 1967} | ret=SUCCESS |  
2019-09-05 09:23:17,635 | INFO  | DNAudit | user=null | ip=null | op=WRITE_CHUNK {blockData=conID: 2 locID: 102739174855344612 bcsId: 1967} | ret=SUCCESS |  
2019-09-05 09:23:17,635 | INFO  | DNAudit | user=null | ip=null | op=WRITE_CHUNK {blockData=conID: 2 locID: 102739174855344612 bcsId: 1967} | ret=SUCCESS |  
2019-09-05 09:23:17,636 | INFO  | DNAudit | user=null | ip=null | op=WRITE_CHUNK {blockData=conID: 2 locID: 102739174855344612 bcsId: 1961} | ret=SUCCESS |  
2019-09-05 09:23:17,636 | INFO  | DNAudit | user=null | ip=null | op=WRITE_CHUNK {blockData=conID: 2 locID: 102739174855344612 bcsId: 1961} | ret=SUCCESS |  
2019-09-05 09:23:17,637 | INFO  | DNAudit | user=null | ip=null | op=PUT_BLOCK {blockData=[blockId=conID: 2 locID: 102739174855344612 bcsId: 0,size=3145728]} | ret=SUCCESS |  
2019-09-05 09:23:17,637 | INFO  | DNAudit | user=null | ip=null | op=PUT_BLOCK {blockData=[blockId=conID: 2 locID: 102739174855344612 bcsId: 0,size=3145728]} | ret=SUCCESS |  
2019-09-05 09:23:17,638 | INFO  | DNAudit | user=null | ip=null | op=WRITE_CHUNK {blockData=conID: 2 locID: 102739174855344612 bcsId: 1967} | ret=SUCCESS |  
2019-09-05 09:23:17,638 | INFO  | DNAudit | user=null | ip=null | op=PUT_BLOCK {blockData=[blockId=conID: 2 locID: 102739174855344612 bcsId: 0,size=4194304]} | ret=SUCCESS |  
2019-09-05 09:23:17,638 [grpc-default-executor-0] INFO  client.GrpcClientProtocolClient (GrpcClientProtocolClient.java:onNext(255)) - client-969FB6DA8C9A->4fcc8d53-44cb-4faf-b915-5afa0c7529d4: receive RaftClientReply:client-969FB6DA8C9A->4fcc8d53-44cb-4faf-b915-5afa0c7529d4@group-6A615BAE1DD1, cid=1413, SUCCESS, logIndex=1970, commits[4fcc8d53-44cb-4faf-b915-5afa0c7529d4:c1971, 48aa5eb4-709c-4003-adb5-fbc02723cd23:c1967, 609a8cf1-6ad3-4123-b94a-106ad93148a8:c1967]
2019-09-05 09:23:17,639 [grpc-default-executor-0] INFO  client.GrpcClientProtocolClient (GrpcClientProtocolClient.java:onNext(255)) - client-969FB6DA8C9A->4fcc8d53-44cb-4faf-b915-5afa0c7529d4: receive RaftClientReply:client-969FB6DA8C9A->4fcc8d53-44cb-4faf-b915-5afa0c7529d4@group-6A615BAE1DD1, cid=1414, SUCCESS, logIndex=1971, commits[4fcc8d53-44cb-4faf-b915-5afa0c7529d4:c1971, 48aa5eb4-709c-4003-adb5-fbc02723cd23:c1967, 609a8cf1-6ad3-4123-b94a-106ad93148a8:c1967]
2019-09-05 09:23:17,648 | INFO  | DNAudit | user=null | ip=null | op=WRITE_CHUNK {blockData=conID: 2 locID: 102739174855344612 bcsId: 1967} | ret=SUCCESS |  
2019-09-05 09:23:17,648 | INFO  | DNAudit | user=null | ip=null | op=WRITE_CHUNK {blockData=conID: 2 locID: 102739174855344612 bcsId: 1967} | ret=SUCCESS |  
2019-09-05 09:23:17,648 | INFO  | DNAudit | user=null | ip=null | op=PUT_BLOCK {blockData=[blockId=conID: 2 locID: 102739174855344612 bcsId: 0,size=4194304]} | ret=SUCCESS |  
2019-09-05 09:23:17,648 | INFO  | DNAudit | user=null | ip=null | op=PUT_BLOCK {blockData=[blockId=conID: 2 locID: 102739174855344612 bcsId: 0,size=4194304]} | ret=SUCCESS |  
2019-09-05 09:23:17,649 [grpc-default-executor-3] INFO  client.GrpcClientProtocolClient (GrpcClientProtocolClient.java:onNext(255)) - client-969FB6DA8C9A->4fcc8d53-44cb-4faf-b915-5afa0c7529d4: receive RaftClientReply:client-969FB6DA8C9A->4fcc8d53-44cb-4faf-b915-5afa0c7529d4@group-6A615BAE1DD1, cid=1415, SUCCESS, logIndex=0, commits[4fcc8d53-44cb-4faf-b915-5afa0c7529d4:c1972, 48aa5eb4-709c-4003-adb5-fbc02723cd23:c1971, 609a8cf1-6ad3-4123-b94a-106ad93148a8:c1971]
2019-09-05 09:23:17,652 | INFO  | SCMAudit | user=jenkins1000 | ip=192.168.36.69 | op=ALLOCATE_BLOCK {owner=5cf4fcf6-c517-45f4-af25-2fff646d8883, size=4194304, type=RATIS, factor=THREE} | ret=SUCCESS |  
2019-09-05 09:23:17,654 | INFO  | OMAudit | user=jenkins1000 | ip=127.0.0.1 | op=ALLOCATE_BLOCK {volume=vol-0-13331, bucket=bucket-0-43606, key=key-0-76526, dataSize=0, replicationType=null, replicationFactor=null, keyLocationInfo=null, clientID=102739173903106450} | ret=SUCCESS |  
2019-09-05 09:23:17,660 | INFO  | DNAudit | user=null | ip=null | op=WRITE_CHUNK {blockData=conID: 3 locID: 102739174860521957 bcsId: 0} | ret=SUCCESS |  
2019-09-05 09:23:17,662 | INFO  | DNAudit | user=null | ip=null | op=WRITE_CHUNK {blockData=conID: 3 locID: 102739174860521957 bcsId: 0} | ret=SUCCESS |  
2019-09-05 09:23:17,662 | INFO  | DNAudit | user=null | ip=null | op=WRITE_CHUNK {blockData=conID: 3 locID: 102739174860521957 bcsId: 0} | ret=SUCCESS |  
2019-09-05 09:23:17,662 | INFO  | DNAudit | user=null | ip=null | op=WRITE_CHUNK {blockData=conID: 3 locID: 102739174860521957 bcsId: 0} | ret=SUCCESS |  
2019-09-05 09:23:17,665 | INFO  | DNAudit | user=null | ip=null | op=WRITE_CHUNK {blockData=conID: 3 locID: 102739174860521957 bcsId: 0} | ret=SUCCESS |  
2019-09-05 09:23:17,665 | INFO  | DNAudit | user=null | ip=null | op=WRITE_CHUNK {blockData=conID: 3 locID: 102739174860521957 bcsId: 0} | ret=SUCCESS |  
2019-09-05 09:23:17,677 | INFO  | DNAudit | user=null | ip=null | op=WRITE_CHUNK {blockData=conID: 3 locID: 102739174860521957 bcsId: 0} | ret=SUCCESS |  
2019-09-05 09:23:17,678 | INFO  | DNAudit | user=null | ip=null | op=PUT_BLOCK {blockData=[blockId=conID: 3 locID: 102739174860521957 bcsId: 0,size=1048576]} | ret=SUCCESS |  
2019-09-05 09:23:17,678 [grpc-default-executor-4] INFO  client.GrpcClientProtocolClient (GrpcClientProtocolClient.java:onNext(255)) - client-969FB6DA8C9A->4fcc8d53-44cb-4faf-b915-5afa0c7529d4: receive RaftClientReply:client-969FB6DA8C9A->4fcc8d53-44cb-4faf-b915-5afa0c7529d4@group-6A615BAE1DD1, cid=1416, SUCCESS, logIndex=1974, commits[4fcc8d53-44cb-4faf-b915-5afa0c7529d4:c1975, 48aa5eb4-709c-4003-adb5-fbc02723cd23:c1973, 609a8cf1-6ad3-4123-b94a-106ad93148a8:c1973]
2019-09-05 09:23:17,678 [grpc-default-executor-4] INFO  client.GrpcClientProtocolClient (GrpcClientProtocolClient.java:onNext(255)) - client-969FB6DA8C9A->4fcc8d53-44cb-4faf-b915-5afa0c7529d4: receive RaftClientReply:client-969FB6DA8C9A->4fcc8d53-44cb-4faf-b915-5afa0c7529d4@group-6A615BAE1DD1, cid=1417, SUCCESS, logIndex=1975, commits[4fcc8d53-44cb-4faf-b915-5afa0c7529d4:c1975, 48aa5eb4-709c-4003-adb5-fbc02723cd23:c1973, 609a8cf1-6ad3-4123-b94a-106ad93148a8:c1973]
2019-09-05 09:23:17,683 | INFO  | DNAudit | user=null | ip=null | op=WRITE_CHUNK {blockData=conID: 3 locID: 102739174860521957 bcsId: 0} | ret=SUCCESS |  
2019-09-05 09:23:17,684 | INFO  | DNAudit | user=null | ip=null | op=PUT_BLOCK {blockData=[blockId=conID: 3 locID: 102739174860521957 bcsId: 0,size=2097152]} | ret=SUCCESS |  
2019-09-05 09:23:17,684 [grpc-default-executor-3] INFO  client.GrpcClientProtocolClient (GrpcClientProtocolClient.java:onNext(255)) - client-969FB6DA8C9A->4fcc8d53-44cb-4faf-b915-5afa0c7529d4: receive RaftClientReply:client-969FB6DA8C9A->4fcc8d53-44cb-4faf-b915-5afa0c7529d4@group-6A615BAE1DD1, cid=1418, SUCCESS, logIndex=1976, commits[4fcc8d53-44cb-4faf-b915-5afa0c7529d4:c1977, 48aa5eb4-709c-4003-adb5-fbc02723cd23:c1973, 609a8cf1-6ad3-4123-b94a-106ad93148a8:c1973]
2019-09-05 09:23:17,684 [grpc-default-executor-3] INFO  client.GrpcClientProtocolClient (GrpcClientProtocolClient.java:onNext(255)) - client-969FB6DA8C9A->4fcc8d53-44cb-4faf-b915-5afa0c7529d4: receive RaftClientReply:client-969FB6DA8C9A->4fcc8d53-44cb-4faf-b915-5afa0c7529d4@group-6A615BAE1DD1, cid=1419, SUCCESS, logIndex=1977, commits[4fcc8d53-44cb-4faf-b915-5afa0c7529d4:c1977, 48aa5eb4-709c-4003-adb5-fbc02723cd23:c1973, 609a8cf1-6ad3-4123-b94a-106ad93148a8:c1973]
2019-09-05 09:23:17,684 | INFO  | DNAudit | user=null | ip=null | op=WRITE_CHUNK {blockData=conID: 3 locID: 102739174860521957 bcsId: 0} | ret=SUCCESS |  
2019-09-05 09:23:17,684 | INFO  | DNAudit | user=null | ip=null | op=PUT_BLOCK {blockData=[blockId=conID: 3 locID: 102739174860521957 bcsId: 0,size=1048576]} | ret=SUCCESS |  
2019-09-05 09:23:17,685 | INFO  | DNAudit | user=null | ip=null | op=WRITE_CHUNK {blockData=conID: 3 locID: 102739174860521957 bcsId: 0} | ret=SUCCESS |  
2019-09-05 09:23:17,685 | INFO  | DNAudit | user=null | ip=null | op=PUT_BLOCK {blockData=[blockId=conID: 3 locID: 102739174860521957 bcsId: 0,size=1048576]} | ret=SUCCESS |  
2019-09-05 09:23:17,685 [grpc-default-executor-3] INFO  client.GrpcClientProtocolClient (GrpcClientProtocolClient.java:onNext(255)) - client-969FB6DA8C9A->4fcc8d53-44cb-4faf-b915-5afa0c7529d4: receive RaftClientReply:client-969FB6DA8C9A->4fcc8d53-44cb-4faf-b915-5afa0c7529d4@group-6A615BAE1DD1, cid=1420, SUCCESS, logIndex=0, commits[4fcc8d53-44cb-4faf-b915-5afa0c7529d4:c1979, 48aa5eb4-709c-4003-adb5-fbc02723cd23:c1975, 609a8cf1-6ad3-4123-b94a-106ad93148a8:c1975]
2019-09-05 09:23:17,685 | INFO  | DNAudit | user=null | ip=null | op=WRITE_CHUNK {blockData=conID: 3 locID: 102739174860521957 bcsId: 0} | ret=SUCCESS |  
2019-09-05 09:23:17,685 | INFO  | DNAudit | user=null | ip=null | op=PUT_BLOCK {blockData=[blockId=conID: 3 locID: 102739174860521957 bcsId: 0,size=2097152]} | ret=SUCCESS |  
2019-09-05 09:23:17,686 | INFO  | DNAudit | user=null | ip=null | op=WRITE_CHUNK {blockData=conID: 3 locID: 102739174860521957 bcsId: 0} | ret=SUCCESS |  
2019-09-05 09:23:17,686 | INFO  | DNAudit | user=null | ip=null | op=PUT_BLOCK {blockData=[blockId=conID: 3 locID: 102739174860521957 bcsId: 0,size=2097152]} | ret=SUCCESS |  
2019-09-05 09:23:17,690 | INFO  | DNAudit | user=null | ip=null | op=WRITE_CHUNK {blockData=conID: 3 locID: 102739174860521957 bcsId: 1977} | ret=SUCCESS |  
2019-09-05 09:23:17,692 | INFO  | DNAudit | user=null | ip=null | op=WRITE_CHUNK {blockData=conID: 3 locID: 102739174860521957 bcsId: 1977} | ret=SUCCESS |  
2019-09-05 09:23:17,692 | INFO  | DNAudit | user=null | ip=null | op=WRITE_CHUNK {blockData=conID: 3 locID: 102739174860521957 bcsId: 1977} | ret=SUCCESS |  
2019-09-05 09:23:17,698 | INFO  | DNAudit | user=null | ip=null | op=WRITE_CHUNK {blockData=conID: 3 locID: 102739174860521957 bcsId: 1977} | ret=SUCCESS |  
2019-09-05 09:23:17,698 | INFO  | DNAudit | user=null | ip=null | op=PUT_BLOCK {blockData=[blockId=conID: 3 locID: 102739174860521957 bcsId: 0,size=3145728]} | ret=SUCCESS |  
2019-09-05 09:23:17,698 [grpc-default-executor-3] INFO  client.GrpcClientProtocolClient (GrpcClientProtocolClient.java:onNext(255)) - client-969FB6DA8C9A->4fcc8d53-44cb-4faf-b915-5afa0c7529d4: receive RaftClientReply:client-969FB6DA8C9A->4fcc8d53-44cb-4faf-b915-5afa0c7529d4@group-6A615BAE1DD1, cid=1421, SUCCESS, logIndex=1982, commits[4fcc8d53-44cb-4faf-b915-5afa0c7529d4:c1982, 48aa5eb4-709c-4003-adb5-fbc02723cd23:c1981, 609a8cf1-6ad3-4123-b94a-106ad93148a8:c1981]
2019-09-05 09:23:17,699 [grpc-default-executor-3] INFO  client.GrpcClientProtocolClient (GrpcClientProtocolClient.java:onNext(255)) - client-969FB6DA8C9A->4fcc8d53-44cb-4faf-b915-5afa0c7529d4: receive RaftClientReply:client-969FB6DA8C9A->4fcc8d53-44cb-4faf-b915-5afa0c7529d4@group-6A615BAE1DD1, cid=1422, SUCCESS, logIndex=1983, commits[4fcc8d53-44cb-4faf-b915-5afa0c7529d4:c1983, 48aa5eb4-709c-4003-adb5-fbc02723cd23:c1981, 609a8cf1-6ad3-4123-b94a-106ad93148a8:c1981]
2019-09-05 09:23:17,703 | INFO  | DNAudit | user=null | ip=null | op=WRITE_CHUNK {blockData=conID: 3 locID: 102739174860521957 bcsId: 1977} | ret=SUCCESS |  
2019-09-05 09:23:17,703 | INFO  | DNAudit | user=null | ip=null | op=WRITE_CHUNK {blockData=conID: 3 locID: 102739174860521957 bcsId: 1977} | ret=SUCCESS |  
2019-09-05 09:23:17,703 | INFO  | DNAudit | user=null | ip=null | op=PUT_BLOCK {blockData=[blockId=conID: 3 locID: 102739174860521957 bcsId: 0,size=3145728]} | ret=SUCCESS |  
2019-09-05 09:23:17,703 | INFO  | DNAudit | user=null | ip=null | op=PUT_BLOCK {blockData=[blockId=conID: 3 locID: 102739174860521957 bcsId: 0,size=3145728]} | ret=SUCCESS |  
2019-09-05 09:23:17,704 | INFO  | DNAudit | user=null | ip=null | op=WRITE_CHUNK {blockData=conID: 3 locID: 102739174860521957 bcsId: 1983} | ret=SUCCESS |  
2019-09-05 09:23:17,705 | INFO  | DNAudit | user=null | ip=null | op=WRITE_CHUNK {blockData=conID: 3 locID: 102739174860521957 bcsId: 1983} | ret=SUCCESS |  
2019-09-05 09:23:17,705 | INFO  | DNAudit | user=null | ip=null | op=WRITE_CHUNK {blockData=conID: 3 locID: 102739174860521957 bcsId: 1983} | ret=SUCCESS |  
2019-09-05 09:23:17,718 | INFO  | DNAudit | user=null | ip=null | op=WRITE_CHUNK {blockData=conID: 3 locID: 102739174860521957 bcsId: 1983} | ret=SUCCESS |  
2019-09-05 09:23:17,718 | INFO  | DNAudit | user=null | ip=null | op=PUT_BLOCK {blockData=[blockId=conID: 3 locID: 102739174860521957 bcsId: 0,size=4194304]} | ret=SUCCESS |  
2019-09-05 09:23:17,718 [grpc-default-executor-4] INFO  client.GrpcClientProtocolClient (GrpcClientProtocolClient.java:onNext(255)) - client-969FB6DA8C9A->4fcc8d53-44cb-4faf-b915-5afa0c7529d4: receive RaftClientReply:client-969FB6DA8C9A->4fcc8d53-44cb-4faf-b915-5afa0c7529d4@group-6A615BAE1DD1, cid=1423, SUCCESS, logIndex=1986, commits[4fcc8d53-44cb-4faf-b915-5afa0c7529d4:c1987, 48aa5eb4-709c-4003-adb5-fbc02723cd23:c1983, 609a8cf1-6ad3-4123-b94a-106ad93148a8:c1983]
2019-09-05 09:23:17,718 [grpc-default-executor-4] INFO  client.GrpcClientProtocolClient (GrpcClientProtocolClient.java:onNext(255)) - client-969FB6DA8C9A->4fcc8d53-44cb-4faf-b915-5afa0c7529d4: receive RaftClientReply:client-969FB6DA8C9A->4fcc8d53-44cb-4faf-b915-5afa0c7529d4@group-6A615BAE1DD1, cid=1424, SUCCESS, logIndex=1987, commits[4fcc8d53-44cb-4faf-b915-5afa0c7529d4:c1987, 48aa5eb4-709c-4003-adb5-fbc02723cd23:c1983, 609a8cf1-6ad3-4123-b94a-106ad93148a8:c1983]
2019-09-05 09:23:17,724 | INFO  | DNAudit | user=null | ip=null | op=WRITE_CHUNK {blockData=conID: 3 locID: 102739174860521957 bcsId: 1983} | ret=SUCCESS |  
2019-09-05 09:23:17,724 | INFO  | DNAudit | user=null | ip=null | op=WRITE_CHUNK {blockData=conID: 3 locID: 102739174860521957 bcsId: 1983} | ret=SUCCESS |  
2019-09-05 09:23:17,724 | INFO  | DNAudit | user=null | ip=null | op=PUT_BLOCK {blockData=[blockId=conID: 3 locID: 102739174860521957 bcsId: 0,size=4194304]} | ret=SUCCESS |  
2019-09-05 09:23:17,724 | INFO  | DNAudit | user=null | ip=null | op=PUT_BLOCK {blockData=[blockId=conID: 3 locID: 102739174860521957 bcsId: 0,size=4194304]} | ret=SUCCESS |  
2019-09-05 09:23:17,725 [grpc-default-executor-3] INFO  client.GrpcClientProtocolClient (GrpcClientProtocolClient.java:onNext(255)) - client-969FB6DA8C9A->4fcc8d53-44cb-4faf-b915-5afa0c7529d4: receive RaftClientReply:client-969FB6DA8C9A->4fcc8d53-44cb-4faf-b915-5afa0c7529d4@group-6A615BAE1DD1, cid=1425, SUCCESS, logIndex=0, commits[4fcc8d53-44cb-4faf-b915-5afa0c7529d4:c1988, 48aa5eb4-709c-4003-adb5-fbc02723cd23:c1987, 609a8cf1-6ad3-4123-b94a-106ad93148a8:c1987]
2019-09-05 09:23:17,815 | INFO  | SCMAudit | user=jenkins1000 | ip=192.168.36.69 | op=ALLOCATE_BLOCK {owner=5cf4fcf6-c517-45f4-af25-2fff646d8883, size=4194304, type=RATIS, factor=THREE} | ret=SUCCESS |  
2019-09-05 09:23:17,817 | INFO  | OMAudit | user=jenkins1000 | ip=127.0.0.1 | op=ALLOCATE_BLOCK {volume=vol-0-13331, bucket=bucket-0-43606, key=key-0-76526, dataSize=0, replicationType=null, replicationFactor=null, keyLocationInfo=null, clientID=102739173903106450} | ret=SUCCESS |  
2019-09-05 09:23:17,825 | INFO  | DNAudit | user=null | ip=null | op=WRITE_CHUNK {blockData=conID: 1 locID: 102739174871204326 bcsId: 0} | ret=SUCCESS |  
2019-09-05 09:23:17,826 | INFO  | DNAudit | user=null | ip=null | op=WRITE_CHUNK {blockData=conID: 1 locID: 102739174871204326 bcsId: 0} | ret=SUCCESS |  
2019-09-05 09:23:17,827 | INFO  | DNAudit | user=null | ip=null | op=WRITE_CHUNK {blockData=conID: 1 locID: 102739174871204326 bcsId: 0} | ret=SUCCESS |  
2019-09-05 09:23:17,827 | INFO  | DNAudit | user=null | ip=null | op=WRITE_CHUNK {blockData=conID: 1 locID: 102739174871204326 bcsId: 0} | ret=SUCCESS |  
2019-09-05 09:23:17,829 | INFO  | DNAudit | user=null | ip=null | op=WRITE_CHUNK {blockData=conID: 1 locID: 102739174871204326 bcsId: 0} | ret=SUCCESS |  
2019-09-05 09:23:17,829 | INFO  | DNAudit | user=null | ip=null | op=WRITE_CHUNK {blockData=conID: 1 locID: 102739174871204326 bcsId: 0} | ret=SUCCESS |  
2019-09-05 09:23:17,842 | INFO  | DNAudit | user=null | ip=null | op=WRITE_CHUNK {blockData=conID: 1 locID: 102739174871204326 bcsId: 0} | ret=SUCCESS |  
2019-09-05 09:23:17,842 | INFO  | DNAudit | user=null | ip=null | op=PUT_BLOCK {blockData=[blockId=conID: 1 locID: 102739174871204326 bcsId: 0,size=1048576]} | ret=SUCCESS |  
2019-09-05 09:23:17,842 [grpc-default-executor-5] INFO  client.GrpcClientProtocolClient (GrpcClientProtocolClient.java:onNext(255)) - client-969FB6DA8C9A->4fcc8d53-44cb-4faf-b915-5afa0c7529d4: receive RaftClientReply:client-969FB6DA8C9A->4fcc8d53-44cb-4faf-b915-5afa0c7529d4@group-6A615BAE1DD1, cid=1426, SUCCESS, logIndex=1990, commits[4fcc8d53-44cb-4faf-b915-5afa0c7529d4:c1991, 48aa5eb4-709c-4003-adb5-fbc02723cd23:c1989, 609a8cf1-6ad3-4123-b94a-106ad93148a8:c1989]
2019-09-05 09:23:17,843 [grpc-default-executor-5] INFO  client.GrpcClientProtocolClient (GrpcClientProtocolClient.java:onNext(255)) - client-969FB6DA8C9A->4fcc8d53-44cb-4faf-b915-5afa0c7529d4: receive RaftClientReply:client-969FB6DA8C9A->4fcc8d53-44cb-4faf-b915-5afa0c7529d4@group-6A615BAE1DD1, cid=1427, SUCCESS, logIndex=1991, commits[4fcc8d53-44cb-4faf-b915-5afa0c7529d4:c1991, 48aa5eb4-709c-4003-adb5-fbc02723cd23:c1989, 609a8cf1-6ad3-4123-b94a-106ad93148a8:c1989]
2019-09-05 09:23:17,848 | INFO  | DNAudit | user=null | ip=null | op=WRITE_CHUNK {blockData=conID: 1 locID: 102739174871204326 bcsId: 0} | ret=SUCCESS |  
2019-09-05 09:23:17,848 | INFO  | DNAudit | user=null | ip=null | op=PUT_BLOCK {blockData=[blockId=conID: 1 locID: 102739174871204326 bcsId: 0,size=2097152]} | ret=SUCCESS |  
2019-09-05 09:23:17,848 [grpc-default-executor-5] INFO  client.GrpcClientProtocolClient (GrpcClientProtocolClient.java:onNext(255)) - client-969FB6DA8C9A->4fcc8d53-44cb-4faf-b915-5afa0c7529d4: receive RaftClientReply:client-969FB6DA8C9A->4fcc8d53-44cb-4faf-b915-5afa0c7529d4@group-6A615BAE1DD1, cid=1428, SUCCESS, logIndex=1992, commits[4fcc8d53-44cb-4faf-b915-5afa0c7529d4:c1993, 48aa5eb4-709c-4003-adb5-fbc02723cd23:c1989, 609a8cf1-6ad3-4123-b94a-106ad93148a8:c1989]
2019-09-05 09:23:17,848 [grpc-default-executor-5] INFO  client.GrpcClientProtocolClient (GrpcClientProtocolClient.java:onNext(255)) - client-969FB6DA8C9A->4fcc8d53-44cb-4faf-b915-5afa0c7529d4: receive RaftClientReply:client-969FB6DA8C9A->4fcc8d53-44cb-4faf-b915-5afa0c7529d4@group-6A615BAE1DD1, cid=1429, SUCCESS, logIndex=1993, commits[4fcc8d53-44cb-4faf-b915-5afa0c7529d4:c1993, 48aa5eb4-709c-4003-adb5-fbc02723cd23:c1989, 609a8cf1-6ad3-4123-b94a-106ad93148a8:c1989]
2019-09-05 09:23:17,849 | INFO  | DNAudit | user=null | ip=null | op=WRITE_CHUNK {blockData=conID: 1 locID: 102739174871204326 bcsId: 0} | ret=SUCCESS |  
2019-09-05 09:23:17,849 | INFO  | DNAudit | user=null | ip=null | op=PUT_BLOCK {blockData=[blockId=conID: 1 locID: 102739174871204326 bcsId: 0,size=1048576]} | ret=SUCCESS |  
2019-09-05 09:23:17,849 | INFO  | DNAudit | user=null | ip=null | op=WRITE_CHUNK {blockData=conID: 1 locID: 102739174871204326 bcsId: 0} | ret=SUCCESS |  
2019-09-05 09:23:17,850 | INFO  | DNAudit | user=null | ip=null | op=PUT_BLOCK {blockData=[blockId=conID: 1 locID: 102739174871204326 bcsId: 0,size=1048576]} | ret=SUCCESS |  
2019-09-05 09:23:17,850 [grpc-default-executor-4] INFO  client.GrpcClientProtocolClient (GrpcClientProtocolClient.java:onNext(255)) - client-969FB6DA8C9A->4fcc8d53-44cb-4faf-b915-5afa0c7529d4: receive RaftClientReply:client-969FB6DA8C9A->4fcc8d53-44cb-4faf-b915-5afa0c7529d4@group-6A615BAE1DD1, cid=1430, SUCCESS, logIndex=0, commits[4fcc8d53-44cb-4faf-b915-5afa0c7529d4:c1995, 48aa5eb4-709c-4003-adb5-fbc02723cd23:c1991, 609a8cf1-6ad3-4123-b94a-106ad93148a8:c1991]
2019-09-05 09:23:17,850 | INFO  | DNAudit | user=null | ip=null | op=WRITE_CHUNK {blockData=conID: 1 locID: 102739174871204326 bcsId: 0} | ret=SUCCESS |  
2019-09-05 09:23:17,850 | INFO  | DNAudit | user=null | ip=null | op=WRITE_CHUNK {blockData=conID: 1 locID: 102739174871204326 bcsId: 0} | ret=SUCCESS |  
2019-09-05 09:23:17,850 | INFO  | DNAudit | user=null | ip=null | op=PUT_BLOCK {blockData=[blockId=conID: 1 locID: 102739174871204326 bcsId: 0,size=2097152]} | ret=SUCCESS |  
2019-09-05 09:23:17,850 | INFO  | DNAudit | user=null | ip=null | op=PUT_BLOCK {blockData=[blockId=conID: 1 locID: 102739174871204326 bcsId: 0,size=2097152]} | ret=SUCCESS |  
2019-09-05 09:23:17,855 | INFO  | DNAudit | user=null | ip=null | op=WRITE_CHUNK {blockData=conID: 1 locID: 102739174871204326 bcsId: 1993} | ret=SUCCESS |  
2019-09-05 09:23:17,857 | INFO  | DNAudit | user=null | ip=null | op=WRITE_CHUNK {blockData=conID: 1 locID: 102739174871204326 bcsId: 1993} | ret=SUCCESS |  
2019-09-05 09:23:17,857 | INFO  | DNAudit | user=null | ip=null | op=WRITE_CHUNK {blockData=conID: 1 locID: 102739174871204326 bcsId: 1993} | ret=SUCCESS |  
2019-09-05 09:23:17,863 | INFO  | DNAudit | user=null | ip=null | op=WRITE_CHUNK {blockData=conID: 1 locID: 102739174871204326 bcsId: 1993} | ret=SUCCESS |  
2019-09-05 09:23:17,863 | INFO  | DNAudit | user=null | ip=null | op=PUT_BLOCK {blockData=[blockId=conID: 1 locID: 102739174871204326 bcsId: 0,size=3145728]} | ret=SUCCESS |  
2019-09-05 09:23:17,863 [grpc-default-executor-3] INFO  client.GrpcClientProtocolClient (GrpcClientProtocolClient.java:onNext(255)) - client-969FB6DA8C9A->4fcc8d53-44cb-4faf-b915-5afa0c7529d4: receive RaftClientReply:client-969FB6DA8C9A->4fcc8d53-44cb-4faf-b915-5afa0c7529d4@group-6A615BAE1DD1, cid=1431, SUCCESS, logIndex=1998, commits[4fcc8d53-44cb-4faf-b915-5afa0c7529d4:c1999, 48aa5eb4-709c-4003-adb5-fbc02723cd23:c1997, 609a8cf1-6ad3-4123-b94a-106ad93148a8:c1997]
2019-09-05 09:23:17,864 [grpc-default-executor-3] INFO  client.GrpcClientProtocolClient (GrpcClientProtocolClient.java:onNext(255)) - client-969FB6DA8C9A->4fcc8d53-44cb-4faf-b915-5afa0c7529d4: receive RaftClientReply:client-969FB6DA8C9A->4fcc8d53-44cb-4faf-b915-5afa0c7529d4@group-6A615BAE1DD1, cid=1432, SUCCESS, logIndex=1999, commits[4fcc8d53-44cb-4faf-b915-5afa0c7529d4:c1999, 48aa5eb4-709c-4003-adb5-fbc02723cd23:c1997, 609a8cf1-6ad3-4123-b94a-106ad93148a8:c1997]
2019-09-05 09:23:17,869 | INFO  | DNAudit | user=null | ip=null | op=WRITE_CHUNK {blockData=conID: 1 locID: 102739174871204326 bcsId: 1999} | ret=SUCCESS |  
2019-09-05 09:23:17,870 | INFO  | DNAudit | user=null | ip=null | op=WRITE_CHUNK {blockData=conID: 1 locID: 102739174871204326 bcsId: 1999} | ret=SUCCESS |  
2019-09-05 09:23:17,872 | INFO  | DNAudit | user=null | ip=null | op=WRITE_CHUNK {blockData=conID: 1 locID: 102739174871204326 bcsId: 1999} | ret=SUCCESS |  
2019-09-05 09:23:17,873 | INFO  | DNAudit | user=null | ip=null | op=WRITE_CHUNK {blockData=conID: 1 locID: 102739174871204326 bcsId: 1993} | ret=SUCCESS |  
2019-09-05 09:23:17,873 | INFO  | DNAudit | user=null | ip=null | op=WRITE_CHUNK {blockData=conID: 1 locID: 102739174871204326 bcsId: 1993} | ret=SUCCESS |  
2019-09-05 09:23:17,875 | INFO  | DNAudit | user=null | ip=null | op=PUT_BLOCK {blockData=[blockId=conID: 1 locID: 102739174871204326 bcsId: 0,size=3145728]} | ret=SUCCESS |  
2019-09-05 09:23:17,875 | INFO  | DNAudit | user=null | ip=null | op=PUT_BLOCK {blockData=[blockId=conID: 1 locID: 102739174871204326 bcsId: 0,size=3145728]} | ret=SUCCESS |  
2019-09-05 09:23:17,876 | INFO  | DNAudit | user=null | ip=null | op=WRITE_CHUNK {blockData=conID: 1 locID: 102739174871204326 bcsId: 1999} | ret=SUCCESS |  
2019-09-05 09:23:17,876 | INFO  | DNAudit | user=null | ip=null | op=PUT_BLOCK {blockData=[blockId=conID: 1 locID: 102739174871204326 bcsId: 0,size=4194304]} | ret=SUCCESS |  
2019-09-05 09:23:17,876 [grpc-default-executor-5] INFO  client.GrpcClientProtocolClient (GrpcClientProtocolClient.java:onNext(255)) - client-969FB6DA8C9A->4fcc8d53-44cb-4faf-b915-5afa0c7529d4: receive RaftClientReply:client-969FB6DA8C9A->4fcc8d53-44cb-4faf-b915-5afa0c7529d4@group-6A615BAE1DD1, cid=1433, SUCCESS, logIndex=2002, commits[4fcc8d53-44cb-4faf-b915-5afa0c7529d4:c2003, 48aa5eb4-709c-4003-adb5-fbc02723cd23:c1999, 609a8cf1-6ad3-4123-b94a-106ad93148a8:c1999]
2019-09-05 09:23:17,876 [grpc-default-executor-5] INFO  client.GrpcClientProtocolClient (GrpcClientProtocolClient.java:onNext(255)) - client-969FB6DA8C9A->4fcc8d53-44cb-4faf-b915-5afa0c7529d4: receive RaftClientReply:client-969FB6DA8C9A->4fcc8d53-44cb-4faf-b915-5afa0c7529d4@group-6A615BAE1DD1, cid=1434, SUCCESS, logIndex=2003, commits[4fcc8d53-44cb-4faf-b915-5afa0c7529d4:c2003, 48aa5eb4-709c-4003-adb5-fbc02723cd23:c1999, 609a8cf1-6ad3-4123-b94a-106ad93148a8:c1999]
2019-09-05 09:23:17,888 | INFO  | DNAudit | user=null | ip=null | op=WRITE_CHUNK {blockData=conID: 1 locID: 102739174871204326 bcsId: 1999} | ret=SUCCESS |  
2019-09-05 09:23:17,888 | INFO  | DNAudit | user=null | ip=null | op=WRITE_CHUNK {blockData=conID: 1 locID: 102739174871204326 bcsId: 1999} | ret=SUCCESS |  
2019-09-05 09:23:17,889 | INFO  | DNAudit | user=null | ip=null | op=PUT_BLOCK {blockData=[blockId=conID: 1 locID: 102739174871204326 bcsId: 0,size=4194304]} | ret=SUCCESS |  
2019-09-05 09:23:17,890 | INFO  | DNAudit | user=null | ip=null | op=PUT_BLOCK {blockData=[blockId=conID: 1 locID: 102739174871204326 bcsId: 0,size=4194304]} | ret=SUCCESS |  
2019-09-05 09:23:17,890 [grpc-default-executor-5] INFO  client.GrpcClientProtocolClient (GrpcClientProtocolClient.java:onNext(255)) - client-969FB6DA8C9A->4fcc8d53-44cb-4faf-b915-5afa0c7529d4: receive RaftClientReply:client-969FB6DA8C9A->4fcc8d53-44cb-4faf-b915-5afa0c7529d4@group-6A615BAE1DD1, cid=1435, SUCCESS, logIndex=0, commits[4fcc8d53-44cb-4faf-b915-5afa0c7529d4:c2005, 48aa5eb4-709c-4003-adb5-fbc02723cd23:c2003, 609a8cf1-6ad3-4123-b94a-106ad93148a8:c2003]
2019-09-05 09:23:17,893 | INFO  | SCMAudit | user=jenkins1000 | ip=192.168.36.69 | op=ALLOCATE_BLOCK {owner=5cf4fcf6-c517-45f4-af25-2fff646d8883, size=4194304, type=RATIS, factor=THREE} | ret=SUCCESS |  
2019-09-05 09:23:17,895 | INFO  | OMAudit | user=jenkins1000 | ip=127.0.0.1 | op=ALLOCATE_BLOCK {volume=vol-0-13331, bucket=bucket-0-43606, key=key-0-76526, dataSize=0, replicationType=null, replicationFactor=null, keyLocationInfo=null, clientID=102739173903106450} | ret=SUCCESS |  
2019-09-05 09:23:17,901 | INFO  | DNAudit | user=null | ip=null | op=WRITE_CHUNK {blockData=conID: 2 locID: 102739174876316135 bcsId: 0} | ret=SUCCESS |  
2019-09-05 09:23:17,902 | INFO  | DNAudit | user=null | ip=null | op=WRITE_CHUNK {blockData=conID: 2 locID: 102739174876316135 bcsId: 0} | ret=SUCCESS |  
2019-09-05 09:23:17,902 | INFO  | DNAudit | user=null | ip=null | op=WRITE_CHUNK {blockData=conID: 2 locID: 102739174876316135 bcsId: 0} | ret=SUCCESS |  
2019-09-05 09:23:17,903 | INFO  | DNAudit | user=null | ip=null | op=WRITE_CHUNK {blockData=conID: 2 locID: 102739174876316135 bcsId: 0} | ret=SUCCESS |  
2019-09-05 09:23:17,904 | INFO  | DNAudit | user=null | ip=null | op=WRITE_CHUNK {blockData=conID: 2 locID: 102739174876316135 bcsId: 0} | ret=SUCCESS |  
2019-09-05 09:23:17,904 | INFO  | DNAudit | user=null | ip=null | op=WRITE_CHUNK {blockData=conID: 2 locID: 102739174876316135 bcsId: 0} | ret=SUCCESS |  
2019-09-05 09:23:17,923 | INFO  | DNAudit | user=null | ip=null | op=WRITE_CHUNK {blockData=conID: 2 locID: 102739174876316135 bcsId: 0} | ret=SUCCESS |  
2019-09-05 09:23:17,923 | INFO  | DNAudit | user=null | ip=null | op=PUT_BLOCK {blockData=[blockId=conID: 2 locID: 102739174876316135 bcsId: 0,size=1048576]} | ret=SUCCESS |  
2019-09-05 09:23:17,923 [grpc-default-executor-5] INFO  client.GrpcClientProtocolClient (GrpcClientProtocolClient.java:onNext(255)) - client-969FB6DA8C9A->4fcc8d53-44cb-4faf-b915-5afa0c7529d4: receive RaftClientReply:client-969FB6DA8C9A->4fcc8d53-44cb-4faf-b915-5afa0c7529d4@group-6A615BAE1DD1, cid=1436, SUCCESS, logIndex=2006, commits[4fcc8d53-44cb-4faf-b915-5afa0c7529d4:c2007, 48aa5eb4-709c-4003-adb5-fbc02723cd23:c2005, 609a8cf1-6ad3-4123-b94a-106ad93148a8:c2005]
2019-09-05 09:23:17,924 [grpc-default-executor-5] INFO  client.GrpcClientProtocolClient (GrpcClientProtocolClient.java:onNext(255)) - client-969FB6DA8C9A->4fcc8d53-44cb-4faf-b915-5afa0c7529d4: receive RaftClientReply:client-969FB6DA8C9A->4fcc8d53-44cb-4faf-b915-5afa0c7529d4@group-6A615BAE1DD1, cid=1437, SUCCESS, logIndex=2007, commits[4fcc8d53-44cb-4faf-b915-5afa0c7529d4:c2007, 48aa5eb4-709c-4003-adb5-fbc02723cd23:c2005, 609a8cf1-6ad3-4123-b94a-106ad93148a8:c2005]
2019-09-05 09:23:17,925 | INFO  | DNAudit | user=null | ip=null | op=WRITE_CHUNK {blockData=conID: 2 locID: 102739174876316135 bcsId: 0} | ret=SUCCESS |  
2019-09-05 09:23:17,925 | INFO  | DNAudit | user=null | ip=null | op=PUT_BLOCK {blockData=[blockId=conID: 2 locID: 102739174876316135 bcsId: 0,size=2097152]} | ret=SUCCESS |  
2019-09-05 09:23:17,925 [grpc-default-executor-4] INFO  client.GrpcClientProtocolClient (GrpcClientProtocolClient.java:onNext(255)) - client-969FB6DA8C9A->4fcc8d53-44cb-4faf-b915-5afa0c7529d4: receive RaftClientReply:client-969FB6DA8C9A->4fcc8d53-44cb-4faf-b915-5afa0c7529d4@group-6A615BAE1DD1, cid=1438, SUCCESS, logIndex=2008, commits[4fcc8d53-44cb-4faf-b915-5afa0c7529d4:c2009, 48aa5eb4-709c-4003-adb5-fbc02723cd23:c2005, 609a8cf1-6ad3-4123-b94a-106ad93148a8:c2005]
2019-09-05 09:23:17,925 [grpc-default-executor-4] INFO  client.GrpcClientProtocolClient (GrpcClientProtocolClient.java:onNext(255)) - client-969FB6DA8C9A->4fcc8d53-44cb-4faf-b915-5afa0c7529d4: receive RaftClientReply:client-969FB6DA8C9A->4fcc8d53-44cb-4faf-b915-5afa0c7529d4@group-6A615BAE1DD1, cid=1439, SUCCESS, logIndex=2009, commits[4fcc8d53-44cb-4faf-b915-5afa0c7529d4:c2009, 48aa5eb4-709c-4003-adb5-fbc02723cd23:c2005, 609a8cf1-6ad3-4123-b94a-106ad93148a8:c2005]
2019-09-05 09:23:17,926 | INFO  | DNAudit | user=null | ip=null | op=WRITE_CHUNK {blockData=conID: 2 locID: 102739174876316135 bcsId: 0} | ret=SUCCESS |  
2019-09-05 09:23:17,926 | INFO  | DNAudit | user=null | ip=null | op=PUT_BLOCK {blockData=[blockId=conID: 2 locID: 102739174876316135 bcsId: 0,size=1048576]} | ret=SUCCESS |  
2019-09-05 09:23:17,926 | INFO  | DNAudit | user=null | ip=null | op=WRITE_CHUNK {blockData=conID: 2 locID: 102739174876316135 bcsId: 0} | ret=SUCCESS |  
2019-09-05 09:23:17,927 | INFO  | DNAudit | user=null | ip=null | op=PUT_BLOCK {blockData=[blockId=conID: 2 locID: 102739174876316135 bcsId: 0,size=1048576]} | ret=SUCCESS |  
2019-09-05 09:23:17,927 [grpc-default-executor-4] INFO  client.GrpcClientProtocolClient (GrpcClientProtocolClient.java:onNext(255)) - client-969FB6DA8C9A->4fcc8d53-44cb-4faf-b915-5afa0c7529d4: receive RaftClientReply:client-969FB6DA8C9A->4fcc8d53-44cb-4faf-b915-5afa0c7529d4@group-6A615BAE1DD1, cid=1440, SUCCESS, logIndex=0, commits[4fcc8d53-44cb-4faf-b915-5afa0c7529d4:c2011, 48aa5eb4-709c-4003-adb5-fbc02723cd23:c2007, 609a8cf1-6ad3-4123-b94a-106ad93148a8:c2007]
2019-09-05 09:23:17,927 | INFO  | DNAudit | user=null | ip=null | op=WRITE_CHUNK {blockData=conID: 2 locID: 102739174876316135 bcsId: 0} | ret=SUCCESS |  
2019-09-05 09:23:17,927 | INFO  | DNAudit | user=null | ip=null | op=PUT_BLOCK {blockData=[blockId=conID: 2 locID: 102739174876316135 bcsId: 0,size=2097152]} | ret=SUCCESS |  
2019-09-05 09:23:17,928 | INFO  | DNAudit | user=null | ip=null | op=WRITE_CHUNK {blockData=conID: 2 locID: 102739174876316135 bcsId: 0} | ret=SUCCESS |  
2019-09-05 09:23:17,928 | INFO  | DNAudit | user=null | ip=null | op=PUT_BLOCK {blockData=[blockId=conID: 2 locID: 102739174876316135 bcsId: 0,size=2097152]} | ret=SUCCESS |  
2019-09-05 09:23:17,932 | INFO  | DNAudit | user=null | ip=null | op=WRITE_CHUNK {blockData=conID: 2 locID: 102739174876316135 bcsId: 2009} | ret=SUCCESS |  
2019-09-05 09:23:17,934 | INFO  | DNAudit | user=null | ip=null | op=WRITE_CHUNK {blockData=conID: 2 locID: 102739174876316135 bcsId: 2009} | ret=SUCCESS |  
2019-09-05 09:23:17,934 | INFO  | DNAudit | user=null | ip=null | op=WRITE_CHUNK {blockData=conID: 2 locID: 102739174876316135 bcsId: 2009} | ret=SUCCESS |  
 0.00% |█                                                                                                    |  0/1 Time: 0:00:152019-09-05 09:23:18,054 | INFO  | SCMAudit | user=jenkins1000 | ip=192.168.36.69 | op=SEND_HEARTBEAT {datanodeUUID=4fcc8d53-44cb-4faf-b915-5afa0c7529d4, command=[]} | ret=SUCCESS |  
2019-09-05 09:23:18,054 | INFO  | SCMAudit | user=jenkins1000 | ip=192.168.36.69 | op=SEND_HEARTBEAT {datanodeUUID=609a8cf1-6ad3-4123-b94a-106ad93148a8, command=[]} | ret=SUCCESS |  
2019-09-05 09:23:18,055 | INFO  | SCMAudit | user=jenkins1000 | ip=192.168.36.69 | op=SEND_HEARTBEAT {datanodeUUID=48aa5eb4-709c-4003-adb5-fbc02723cd23, command=[]} | ret=SUCCESS |  
2019-09-05 09:23:18,069 | INFO  | DNAudit | user=null | ip=null | op=WRITE_CHUNK {blockData=conID: 2 locID: 102739174876316135 bcsId: 2009} | ret=SUCCESS |  
2019-09-05 09:23:18,070 | INFO  | DNAudit | user=null | ip=null | op=PUT_BLOCK {blockData=[blockId=conID: 2 locID: 102739174876316135 bcsId: 0,size=3145728]} | ret=SUCCESS |  
2019-09-05 09:23:18,070 [grpc-default-executor-4] INFO  client.GrpcClientProtocolClient (GrpcClientProtocolClient.java:onNext(255)) - client-969FB6DA8C9A->4fcc8d53-44cb-4faf-b915-5afa0c7529d4: receive RaftClientReply:client-969FB6DA8C9A->4fcc8d53-44cb-4faf-b915-5afa0c7529d4@group-6A615BAE1DD1, cid=1441, SUCCESS, logIndex=2014, commits[4fcc8d53-44cb-4faf-b915-5afa0c7529d4:c2015, 48aa5eb4-709c-4003-adb5-fbc02723cd23:c2013, 609a8cf1-6ad3-4123-b94a-106ad93148a8:c2013]
2019-09-05 09:23:18,070 [grpc-default-executor-4] INFO  client.GrpcClientProtocolClient (GrpcClientProtocolClient.java:onNext(255)) - client-969FB6DA8C9A->4fcc8d53-44cb-4faf-b915-5afa0c7529d4: receive RaftClientReply:client-969FB6DA8C9A->4fcc8d53-44cb-4faf-b915-5afa0c7529d4@group-6A615BAE1DD1, cid=1442, SUCCESS, logIndex=2015, commits[4fcc8d53-44cb-4faf-b915-5afa0c7529d4:c2015, 48aa5eb4-709c-4003-adb5-fbc02723cd23:c2013, 609a8cf1-6ad3-4123-b94a-106ad93148a8:c2013]
2019-09-05 09:23:18,075 | INFO  | DNAudit | user=null | ip=null | op=WRITE_CHUNK {blockData=conID: 2 locID: 102739174876316135 bcsId: 2009} | ret=SUCCESS |  
2019-09-05 09:23:18,076 | INFO  | DNAudit | user=null | ip=null | op=WRITE_CHUNK {blockData=conID: 2 locID: 102739174876316135 bcsId: 2009} | ret=SUCCESS |  
2019-09-05 09:23:18,076 | INFO  | DNAudit | user=null | ip=null | op=PUT_BLOCK {blockData=[blockId=conID: 2 locID: 102739174876316135 bcsId: 0,size=3145728]} | ret=SUCCESS |  
2019-09-05 09:23:18,076 | INFO  | DNAudit | user=null | ip=null | op=PUT_BLOCK {blockData=[blockId=conID: 2 locID: 102739174876316135 bcsId: 0,size=3145728]} | ret=SUCCESS |  
2019-09-05 09:23:18,077 | INFO  | DNAudit | user=null | ip=null | op=WRITE_CHUNK {blockData=conID: 2 locID: 102739174876316135 bcsId: 2015} | ret=SUCCESS |  
2019-09-05 09:23:18,078 | INFO  | DNAudit | user=null | ip=null | op=WRITE_CHUNK {blockData=conID: 2 locID: 102739174876316135 bcsId: 2015} | ret=SUCCESS |  
2019-09-05 09:23:18,079 | INFO  | DNAudit | user=null | ip=null | op=WRITE_CHUNK {blockData=conID: 2 locID: 102739174876316135 bcsId: 2015} | ret=SUCCESS |  
2019-09-05 09:23:18,087 | INFO  | DNAudit | user=null | ip=null | op=WRITE_CHUNK {blockData=conID: 2 locID: 102739174876316135 bcsId: 2015} | ret=SUCCESS |  
2019-09-05 09:23:18,087 | INFO  | DNAudit | user=null | ip=null | op=PUT_BLOCK {blockData=[blockId=conID: 2 locID: 102739174876316135 bcsId: 0,size=4194304]} | ret=SUCCESS |  
2019-09-05 09:23:18,087 [grpc-default-executor-4] INFO  client.GrpcClientProtocolClient (GrpcClientProtocolClient.java:onNext(255)) - client-969FB6DA8C9A->4fcc8d53-44cb-4faf-b915-5afa0c7529d4: receive RaftClientReply:client-969FB6DA8C9A->4fcc8d53-44cb-4faf-b915-5afa0c7529d4@group-6A615BAE1DD1, cid=1443, SUCCESS, logIndex=2018, commits[4fcc8d53-44cb-4faf-b915-5afa0c7529d4:c2019, 48aa5eb4-709c-4003-adb5-fbc02723cd23:c2015, 609a8cf1-6ad3-4123-b94a-106ad93148a8:c2015]
2019-09-05 09:23:18,088 [grpc-default-executor-4] INFO  client.GrpcClientProtocolClient (GrpcClientProtocolClient.java:onNext(255)) - client-969FB6DA8C9A->4fcc8d53-44cb-4faf-b915-5afa0c7529d4: receive RaftClientReply:client-969FB6DA8C9A->4fcc8d53-44cb-4faf-b915-5afa0c7529d4@group-6A615BAE1DD1, cid=1444, SUCCESS, logIndex=2019, commits[4fcc8d53-44cb-4faf-b915-5afa0c7529d4:c2019, 48aa5eb4-709c-4003-adb5-fbc02723cd23:c2016, 609a8cf1-6ad3-4123-b94a-106ad93148a8:c2015]
2019-09-05 09:23:18,106 | INFO  | DNAudit | user=null | ip=null | op=WRITE_CHUNK {blockData=conID: 2 locID: 102739174876316135 bcsId: 2015} | ret=SUCCESS |  
2019-09-05 09:23:18,106 | INFO  | DNAudit | user=null | ip=null | op=WRITE_CHUNK {blockData=conID: 2 locID: 102739174876316135 bcsId: 2015} | ret=SUCCESS |  
2019-09-05 09:23:18,108 | INFO  | DNAudit | user=null | ip=null | op=PUT_BLOCK {blockData=[blockId=conID: 2 locID: 102739174876316135 bcsId: 0,size=4194304]} | ret=SUCCESS |  
2019-09-05 09:23:18,108 | INFO  | DNAudit | user=null | ip=null | op=PUT_BLOCK {blockData=[blockId=conID: 2 locID: 102739174876316135 bcsId: 0,size=4194304]} | ret=SUCCESS |  
2019-09-05 09:23:18,108 [grpc-default-executor-4] INFO  client.GrpcClientProtocolClient (GrpcClientProtocolClient.java:onNext(255)) - client-969FB6DA8C9A->4fcc8d53-44cb-4faf-b915-5afa0c7529d4: receive RaftClientReply:client-969FB6DA8C9A->4fcc8d53-44cb-4faf-b915-5afa0c7529d4@group-6A615BAE1DD1, cid=1445, SUCCESS, logIndex=0, commits[4fcc8d53-44cb-4faf-b915-5afa0c7529d4:c2021, 48aa5eb4-709c-4003-adb5-fbc02723cd23:c2019, 609a8cf1-6ad3-4123-b94a-106ad93148a8:c2019]
2019-09-05 09:23:18,112 | INFO  | SCMAudit | user=jenkins1000 | ip=192.168.36.69 | op=ALLOCATE_BLOCK {owner=5cf4fcf6-c517-45f4-af25-2fff646d8883, size=4194304, type=RATIS, factor=THREE} | ret=SUCCESS |  
2019-09-05 09:23:18,115 | INFO  | OMAudit | user=jenkins1000 | ip=127.0.0.1 | op=ALLOCATE_BLOCK {volume=vol-0-13331, bucket=bucket-0-43606, key=key-0-76526, dataSize=0, replicationType=null, replicationFactor=null, keyLocationInfo=null, clientID=102739173903106450} | ret=SUCCESS |  
2019-09-05 09:23:18,121 | INFO  | DNAudit | user=null | ip=null | op=WRITE_CHUNK {blockData=conID: 3 locID: 102739174890668520 bcsId: 0} | ret=SUCCESS |  
2019-09-05 09:23:18,124 | INFO  | DNAudit | user=null | ip=null | op=WRITE_CHUNK {blockData=conID: 3 locID: 102739174890668520 bcsId: 0} | ret=SUCCESS |  
2019-09-05 09:23:18,212 | INFO  | DNAudit | user=null | ip=null | op=WRITE_CHUNK {blockData=conID: 3 locID: 102739174890668520 bcsId: 0} | ret=SUCCESS |  
2019-09-05 09:23:18,212 | INFO  | DNAudit | user=null | ip=null | op=PUT_BLOCK {blockData=[blockId=conID: 3 locID: 102739174890668520 bcsId: 0,size=1048576]} | ret=SUCCESS |  
2019-09-05 09:23:18,213 [grpc-default-executor-3] INFO  client.GrpcClientProtocolClient (GrpcClientProtocolClient.java:onNext(255)) - client-969FB6DA8C9A->4fcc8d53-44cb-4faf-b915-5afa0c7529d4: receive RaftClientReply:client-969FB6DA8C9A->4fcc8d53-44cb-4faf-b915-5afa0c7529d4@group-6A615BAE1DD1, cid=1446, SUCCESS, logIndex=2022, commits[4fcc8d53-44cb-4faf-b915-5afa0c7529d4:c2023, 48aa5eb4-709c-4003-adb5-fbc02723cd23:c2021, 609a8cf1-6ad3-4123-b94a-106ad93148a8:c2019]
2019-09-05 09:23:18,213 [grpc-default-executor-3] INFO  client.GrpcClientProtocolClient (GrpcClientProtocolClient.java:onNext(255)) - client-969FB6DA8C9A->4fcc8d53-44cb-4faf-b915-5afa0c7529d4: receive RaftClientReply:client-969FB6DA8C9A->4fcc8d53-44cb-4faf-b915-5afa0c7529d4@group-6A615BAE1DD1, cid=1447, SUCCESS, logIndex=2023, commits[4fcc8d53-44cb-4faf-b915-5afa0c7529d4:c2023, 48aa5eb4-709c-4003-adb5-fbc02723cd23:c2021, 609a8cf1-6ad3-4123-b94a-106ad93148a8:c2019]
2019-09-05 09:23:18,214 | INFO  | DNAudit | user=null | ip=null | op=WRITE_CHUNK {blockData=conID: 3 locID: 102739174890668520 bcsId: 0} | ret=SUCCESS |  
2019-09-05 09:23:18,214 | INFO  | DNAudit | user=null | ip=null | op=WRITE_CHUNK {blockData=conID: 3 locID: 102739174890668520 bcsId: 0} | ret=SUCCESS |  
2019-09-05 09:23:18,214 | INFO  | DNAudit | user=null | ip=null | op=WRITE_CHUNK {blockData=conID: 3 locID: 102739174890668520 bcsId: 0} | ret=SUCCESS |  
2019-09-05 09:23:18,214 | INFO  | DNAudit | user=null | ip=null | op=WRITE_CHUNK {blockData=conID: 3 locID: 102739174890668520 bcsId: 0} | ret=SUCCESS |  
2019-09-05 09:23:18,233 | INFO  | DNAudit | user=null | ip=null | op=WRITE_CHUNK {blockData=conID: 3 locID: 102739174890668520 bcsId: 0} | ret=SUCCESS |  
2019-09-05 09:23:18,233 | INFO  | DNAudit | user=null | ip=null | op=WRITE_CHUNK {blockData=conID: 3 locID: 102739174890668520 bcsId: 0} | ret=SUCCESS |  
2019-09-05 09:23:18,233 | INFO  | DNAudit | user=null | ip=null | op=WRITE_CHUNK {blockData=conID: 3 locID: 102739174890668520 bcsId: 0} | ret=SUCCESS |  
2019-09-05 09:23:18,233 | INFO  | DNAudit | user=null | ip=null | op=PUT_BLOCK {blockData=[blockId=conID: 3 locID: 102739174890668520 bcsId: 0,size=1048576]} | ret=SUCCESS |  
2019-09-05 09:23:18,233 | INFO  | DNAudit | user=null | ip=null | op=PUT_BLOCK {blockData=[blockId=conID: 3 locID: 102739174890668520 bcsId: 0,size=2097152]} | ret=SUCCESS |  
2019-09-05 09:23:18,233 | INFO  | DNAudit | user=null | ip=null | op=PUT_BLOCK {blockData=[blockId=conID: 3 locID: 102739174890668520 bcsId: 0,size=1048576]} | ret=SUCCESS |  
2019-09-05 09:23:18,233 [grpc-default-executor-5] INFO  client.GrpcClientProtocolClient (GrpcClientProtocolClient.java:onNext(255)) - client-969FB6DA8C9A->4fcc8d53-44cb-4faf-b915-5afa0c7529d4: receive RaftClientReply:client-969FB6DA8C9A->4fcc8d53-44cb-4faf-b915-5afa0c7529d4@group-6A615BAE1DD1, cid=1448, SUCCESS, logIndex=2024, commits[4fcc8d53-44cb-4faf-b915-5afa0c7529d4:c2025, 48aa5eb4-709c-4003-adb5-fbc02723cd23:c2021, 609a8cf1-6ad3-4123-b94a-106ad93148a8:c2021]
2019-09-05 09:23:18,234 [grpc-default-executor-5] INFO  client.GrpcClientProtocolClient (GrpcClientProtocolClient.java:onNext(255)) - client-969FB6DA8C9A->4fcc8d53-44cb-4faf-b915-5afa0c7529d4: receive RaftClientReply:client-969FB6DA8C9A->4fcc8d53-44cb-4faf-b915-5afa0c7529d4@group-6A615BAE1DD1, cid=1449, SUCCESS, logIndex=2025, commits[4fcc8d53-44cb-4faf-b915-5afa0c7529d4:c2027, 48aa5eb4-709c-4003-adb5-fbc02723cd23:c2023, 609a8cf1-6ad3-4123-b94a-106ad93148a8:c2023]
2019-09-05 09:23:18,237 | INFO  | SCMAudit | user=jenkins1000 | ip=192.168.36.69 | op=SEND_HEARTBEAT {datanodeUUID=5b6cff60-1414-40d6-b682-781dc5ff3023, command=[]} | ret=SUCCESS |  
2019-09-05 09:23:18,241 | INFO  | DNAudit | user=null | ip=null | op=WRITE_CHUNK {blockData=conID: 3 locID: 102739174890668520 bcsId: 2025} | ret=SUCCESS |  
2019-09-05 09:23:18,242 | INFO  | DNAudit | user=null | ip=null | op=WRITE_CHUNK {blockData=conID: 3 locID: 102739174890668520 bcsId: 2025} | ret=SUCCESS |  
2019-09-05 09:23:18,243 | INFO  | DNAudit | user=null | ip=null | op=WRITE_CHUNK {blockData=conID: 3 locID: 102739174890668520 bcsId: 2025} | ret=SUCCESS |  
2019-09-05 09:23:18,268 | INFO  | DNAudit | user=null | ip=null | op=WRITE_CHUNK {blockData=conID: 3 locID: 102739174890668520 bcsId: 0} | ret=SUCCESS |  
2019-09-05 09:23:18,268 | INFO  | DNAudit | user=null | ip=null | op=WRITE_CHUNK {blockData=conID: 3 locID: 102739174890668520 bcsId: 0} | ret=SUCCESS |  
2019-09-05 09:23:18,268 | INFO  | DNAudit | user=null | ip=null | op=PUT_BLOCK {blockData=[blockId=conID: 3 locID: 102739174890668520 bcsId: 0,size=2097152]} | ret=SUCCESS |  
2019-09-05 09:23:18,268 | INFO  | DNAudit | user=null | ip=null | op=PUT_BLOCK {blockData=[blockId=conID: 3 locID: 102739174890668520 bcsId: 0,size=2097152]} | ret=SUCCESS |  
2019-09-05 09:23:18,475 | INFO  | DNAudit | user=null | ip=null | op=WRITE_CHUNK {blockData=conID: 3 locID: 102739174890668520 bcsId: 2025} | ret=SUCCESS |  
2019-09-05 09:23:18,476 | INFO  | DNAudit | user=null | ip=null | op=PUT_BLOCK {blockData=[blockId=conID: 3 locID: 102739174890668520 bcsId: 0,size=3145728]} | ret=SUCCESS |  
2019-09-05 09:23:18,476 [grpc-default-executor-0] INFO  client.GrpcClientProtocolClient (GrpcClientProtocolClient.java:onNext(255)) - client-969FB6DA8C9A->4fcc8d53-44cb-4faf-b915-5afa0c7529d4: receive RaftClientReply:client-969FB6DA8C9A->4fcc8d53-44cb-4faf-b915-5afa0c7529d4@group-6A615BAE1DD1, cid=1450, SUCCESS, logIndex=2030, commits[4fcc8d53-44cb-4faf-b915-5afa0c7529d4:c2031, 48aa5eb4-709c-4003-adb5-fbc02723cd23:c2027, 609a8cf1-6ad3-4123-b94a-106ad93148a8:c2027]
2019-09-05 09:23:18,476 [grpc-default-executor-0] INFO  client.GrpcClientProtocolClient (GrpcClientProtocolClient.java:onNext(255)) - client-969FB6DA8C9A->4fcc8d53-44cb-4faf-b915-5afa0c7529d4: receive RaftClientReply:client-969FB6DA8C9A->4fcc8d53-44cb-4faf-b915-5afa0c7529d4@group-6A615BAE1DD1, cid=1451, SUCCESS, logIndex=2031, commits[4fcc8d53-44cb-4faf-b915-5afa0c7529d4:c2031, 48aa5eb4-709c-4003-adb5-fbc02723cd23:c2027, 609a8cf1-6ad3-4123-b94a-106ad93148a8:c2027]
2019-09-05 09:23:18,481 | INFO  | DNAudit | user=null | ip=null | op=WRITE_CHUNK {blockData=conID: 3 locID: 102739174890668520 bcsId: 2031} | ret=SUCCESS |  
2019-09-05 09:23:18,483 | INFO  | DNAudit | user=null | ip=null | op=WRITE_CHUNK {blockData=conID: 3 locID: 102739174890668520 bcsId: 2031} | ret=SUCCESS |  
2019-09-05 09:23:18,483 | INFO  | DNAudit | user=null | ip=null | op=WRITE_CHUNK {blockData=conID: 3 locID: 102739174890668520 bcsId: 2031} | ret=SUCCESS |  
2019-09-05 09:23:18,510 | INFO  | DNAudit | user=null | ip=null | op=WRITE_CHUNK {blockData=conID: 3 locID: 102739174890668520 bcsId: 2025} | ret=SUCCESS |  
2019-09-05 09:23:18,510 | INFO  | DNAudit | user=null | ip=null | op=WRITE_CHUNK {blockData=conID: 3 locID: 102739174890668520 bcsId: 2025} | ret=SUCCESS |  
2019-09-05 09:23:18,511 | INFO  | DNAudit | user=null | ip=null | op=PUT_BLOCK {blockData=[blockId=conID: 3 locID: 102739174890668520 bcsId: 0,size=3145728]} | ret=SUCCESS |  
2019-09-05 09:23:18,511 | INFO  | DNAudit | user=null | ip=null | op=PUT_BLOCK {blockData=[blockId=conID: 3 locID: 102739174890668520 bcsId: 0,size=3145728]} | ret=SUCCESS |  
2019-09-05 09:23:18,512 | INFO  | DNAudit | user=null | ip=null | op=WRITE_CHUNK {blockData=conID: 3 locID: 102739174890668520 bcsId: 2031} | ret=SUCCESS |  
2019-09-05 09:23:18,512 | INFO  | DNAudit | user=null | ip=null | op=PUT_BLOCK {blockData=[blockId=conID: 3 locID: 102739174890668520 bcsId: 0,size=4194304]} | ret=SUCCESS |  
2019-09-05 09:23:18,512 [grpc-default-executor-4] INFO  client.GrpcClientProtocolClient (GrpcClientProtocolClient.java:onNext(255)) - client-969FB6DA8C9A->4fcc8d53-44cb-4faf-b915-5afa0c7529d4: receive RaftClientReply:client-969FB6DA8C9A->4fcc8d53-44cb-4faf-b915-5afa0c7529d4@group-6A615BAE1DD1, cid=1452, SUCCESS, logIndex=2034, commits[4fcc8d53-44cb-4faf-b915-5afa0c7529d4:c2035, 48aa5eb4-709c-4003-adb5-fbc02723cd23:c2031, 609a8cf1-6ad3-4123-b94a-106ad93148a8:c2031]
2019-09-05 09:23:18,513 [grpc-default-executor-4] INFO  client.GrpcClientProtocolClient (GrpcClientProtocolClient.java:onNext(255)) - client-969FB6DA8C9A->4fcc8d53-44cb-4faf-b915-5afa0c7529d4: receive RaftClientReply:client-969FB6DA8C9A->4fcc8d53-44cb-4faf-b915-5afa0c7529d4@group-6A615BAE1DD1, cid=1453, SUCCESS, logIndex=2035, commits[4fcc8d53-44cb-4faf-b915-5afa0c7529d4:c2035, 48aa5eb4-709c-4003-adb5-fbc02723cd23:c2031, 609a8cf1-6ad3-4123-b94a-106ad93148a8:c2031]
2019-09-05 09:23:18,529 | INFO  | SCMAudit | user=jenkins1000 | ip=192.168.36.69 | op=SEND_HEARTBEAT {datanodeUUID=fe9e29a7-51ad-458f-9e11-f615da290baa, command=[]} | ret=SUCCESS |  
2019-09-05 09:23:18,540 | INFO  | DNAudit | user=null | ip=null | op=WRITE_CHUNK {blockData=conID: 3 locID: 102739174890668520 bcsId: 2031} | ret=SUCCESS |  
2019-09-05 09:23:18,540 | INFO  | DNAudit | user=null | ip=null | op=WRITE_CHUNK {blockData=conID: 3 locID: 102739174890668520 bcsId: 2031} | ret=SUCCESS |  
2019-09-05 09:23:18,541 | INFO  | DNAudit | user=null | ip=null | op=PUT_BLOCK {blockData=[blockId=conID: 3 locID: 102739174890668520 bcsId: 0,size=4194304]} | ret=SUCCESS |  
2019-09-05 09:23:18,541 | INFO  | DNAudit | user=null | ip=null | op=PUT_BLOCK {blockData=[blockId=conID: 3 locID: 102739174890668520 bcsId: 0,size=4194304]} | ret=SUCCESS |  
2019-09-05 09:23:18,541 [grpc-default-executor-4] INFO  client.GrpcClientProtocolClient (GrpcClientProtocolClient.java:onNext(255)) - client-969FB6DA8C9A->4fcc8d53-44cb-4faf-b915-5afa0c7529d4: receive RaftClientReply:client-969FB6DA8C9A->4fcc8d53-44cb-4faf-b915-5afa0c7529d4@group-6A615BAE1DD1, cid=1454, SUCCESS, logIndex=0, commits[4fcc8d53-44cb-4faf-b915-5afa0c7529d4:c2035, 48aa5eb4-709c-4003-adb5-fbc02723cd23:c2035, 609a8cf1-6ad3-4123-b94a-106ad93148a8:c2035]
2019-09-05 09:23:18,544 | INFO  | SCMAudit | user=jenkins1000 | ip=192.168.36.69 | op=ALLOCATE_BLOCK {owner=5cf4fcf6-c517-45f4-af25-2fff646d8883, size=4194304, type=RATIS, factor=THREE} | ret=SUCCESS |  
2019-09-05 09:23:18,546 | INFO  | OMAudit | user=jenkins1000 | ip=127.0.0.1 | op=ALLOCATE_BLOCK {volume=vol-0-13331, bucket=bucket-0-43606, key=key-0-76526, dataSize=0, replicationType=null, replicationFactor=null, keyLocationInfo=null, clientID=102739173903106450} | ret=SUCCESS |  
2019-09-05 09:23:18,553 | INFO  | DNAudit | user=null | ip=null | op=WRITE_CHUNK {blockData=conID: 1 locID: 102739174918980073 bcsId: 0} | ret=SUCCESS |  
2019-09-05 09:23:18,555 | INFO  | DNAudit | user=null | ip=null | op=WRITE_CHUNK {blockData=conID: 1 locID: 102739174918980073 bcsId: 0} | ret=SUCCESS |  
2019-09-05 09:23:18,556 | INFO  | DNAudit | user=null | ip=null | op=WRITE_CHUNK {blockData=conID: 1 locID: 102739174918980073 bcsId: 0} | ret=SUCCESS |  
2019-09-05 09:23:18,556 | INFO  | DNAudit | user=null | ip=null | op=WRITE_CHUNK {blockData=conID: 1 locID: 102739174918980073 bcsId: 0} | ret=SUCCESS |  
2019-09-05 09:23:18,558 | INFO  | DNAudit | user=null | ip=null | op=WRITE_CHUNK {blockData=conID: 1 locID: 102739174918980073 bcsId: 0} | ret=SUCCESS |  
2019-09-05 09:23:18,558 | INFO  | DNAudit | user=null | ip=null | op=WRITE_CHUNK {blockData=conID: 1 locID: 102739174918980073 bcsId: 0} | ret=SUCCESS |  
2019-09-05 09:23:18,559 | INFO  | DNAudit | user=null | ip=null | op=WRITE_CHUNK {blockData=conID: 1 locID: 102739174918980073 bcsId: 0} | ret=SUCCESS |  
2019-09-05 09:23:18,559 | INFO  | DNAudit | user=null | ip=null | op=PUT_BLOCK {blockData=[blockId=conID: 1 locID: 102739174918980073 bcsId: 0,size=1048576]} | ret=SUCCESS |  
2019-09-05 09:23:18,559 [grpc-default-executor-4] INFO  client.GrpcClientProtocolClient (GrpcClientProtocolClient.java:onNext(255)) - client-969FB6DA8C9A->4fcc8d53-44cb-4faf-b915-5afa0c7529d4: receive RaftClientReply:client-969FB6DA8C9A->4fcc8d53-44cb-4faf-b915-5afa0c7529d4@group-6A615BAE1DD1, cid=1455, SUCCESS, logIndex=2038, commits[4fcc8d53-44cb-4faf-b915-5afa0c7529d4:c2039, 48aa5eb4-709c-4003-adb5-fbc02723cd23:c2037, 609a8cf1-6ad3-4123-b94a-106ad93148a8:c2037]
2019-09-05 09:23:18,560 [grpc-default-executor-4] INFO  client.GrpcClientProtocolClient (GrpcClientProtocolClient.java:onNext(255)) - client-969FB6DA8C9A->4fcc8d53-44cb-4faf-b915-5afa0c7529d4: receive RaftClientReply:client-969FB6DA8C9A->4fcc8d53-44cb-4faf-b915-5afa0c7529d4@group-6A615BAE1DD1, cid=1456, SUCCESS, logIndex=2039, commits[4fcc8d53-44cb-4faf-b915-5afa0c7529d4:c2039, 48aa5eb4-709c-4003-adb5-fbc02723cd23:c2037, 609a8cf1-6ad3-4123-b94a-106ad93148a8:c2037]
2019-09-05 09:23:18,561 | INFO  | DNAudit | user=null | ip=null | op=WRITE_CHUNK {blockData=conID: 1 locID: 102739174918980073 bcsId: 0} | ret=SUCCESS |  
2019-09-05 09:23:18,561 | INFO  | DNAudit | user=null | ip=null | op=PUT_BLOCK {blockData=[blockId=conID: 1 locID: 102739174918980073 bcsId: 0,size=2097152]} | ret=SUCCESS |  
2019-09-05 09:23:18,561 [grpc-default-executor-4] INFO  client.GrpcClientProtocolClient (GrpcClientProtocolClient.java:onNext(255)) - client-969FB6DA8C9A->4fcc8d53-44cb-4faf-b915-5afa0c7529d4: receive RaftClientReply:client-969FB6DA8C9A->4fcc8d53-44cb-4faf-b915-5afa0c7529d4@group-6A615BAE1DD1, cid=1457, SUCCESS, logIndex=2040, commits[4fcc8d53-44cb-4faf-b915-5afa0c7529d4:c2040, 48aa5eb4-709c-4003-adb5-fbc02723cd23:c2037, 609a8cf1-6ad3-4123-b94a-106ad93148a8:c2037]
2019-09-05 09:23:18,562 [grpc-default-executor-4] INFO  client.GrpcClientProtocolClient (GrpcClientProtocolClient.java:onNext(255)) - client-969FB6DA8C9A->4fcc8d53-44cb-4faf-b915-5afa0c7529d4: receive RaftClientReply:client-969FB6DA8C9A->4fcc8d53-44cb-4faf-b915-5afa0c7529d4@group-6A615BAE1DD1, cid=1458, SUCCESS, logIndex=2041, commits[4fcc8d53-44cb-4faf-b915-5afa0c7529d4:c2041, 48aa5eb4-709c-4003-adb5-fbc02723cd23:c2037, 609a8cf1-6ad3-4123-b94a-106ad93148a8:c2037]
2019-09-05 09:23:18,580 | INFO  | DNAudit | user=null | ip=null | op=WRITE_CHUNK {blockData=conID: 1 locID: 102739174918980073 bcsId: 0} | ret=SUCCESS |  
2019-09-05 09:23:18,580 | INFO  | DNAudit | user=null | ip=null | op=PUT_BLOCK {blockData=[blockId=conID: 1 locID: 102739174918980073 bcsId: 0,size=1048576]} | ret=SUCCESS |  
2019-09-05 09:23:18,580 | INFO  | DNAudit | user=null | ip=null | op=WRITE_CHUNK {blockData=conID: 1 locID: 102739174918980073 bcsId: 0} | ret=SUCCESS |  
2019-09-05 09:23:18,580 | INFO  | DNAudit | user=null | ip=null | op=PUT_BLOCK {blockData=[blockId=conID: 1 locID: 102739174918980073 bcsId: 0,size=1048576]} | ret=SUCCESS |  
2019-09-05 09:23:18,581 | INFO  | DNAudit | user=null | ip=null | op=WRITE_CHUNK {blockData=conID: 1 locID: 102739174918980073 bcsId: 0} | ret=SUCCESS |  
2019-09-05 09:23:18,581 | INFO  | DNAudit | user=null | ip=null | op=WRITE_CHUNK {blockData=conID: 1 locID: 102739174918980073 bcsId: 0} | ret=SUCCESS |  
2019-09-05 09:23:18,581 [grpc-default-executor-4] INFO  client.GrpcClientProtocolClient (GrpcClientProtocolClient.java:onNext(255)) - client-969FB6DA8C9A->4fcc8d53-44cb-4faf-b915-5afa0c7529d4: receive RaftClientReply:client-969FB6DA8C9A->4fcc8d53-44cb-4faf-b915-5afa0c7529d4@group-6A615BAE1DD1, cid=1459, SUCCESS, logIndex=0, commits[4fcc8d53-44cb-4faf-b915-5afa0c7529d4:c2043, 48aa5eb4-709c-4003-adb5-fbc02723cd23:c2039, 609a8cf1-6ad3-4123-b94a-106ad93148a8:c2039]
2019-09-05 09:23:18,581 | INFO  | DNAudit | user=null | ip=null | op=PUT_BLOCK {blockData=[blockId=conID: 1 locID: 102739174918980073 bcsId: 0,size=2097152]} | ret=SUCCESS |  
2019-09-05 09:23:18,581 | INFO  | DNAudit | user=null | ip=null | op=PUT_BLOCK {blockData=[blockId=conID: 1 locID: 102739174918980073 bcsId: 0,size=2097152]} | ret=SUCCESS |  
2019-09-05 09:23:18,587 | INFO  | DNAudit | user=null | ip=null | op=WRITE_CHUNK {blockData=conID: 1 locID: 102739174918980073 bcsId: 2041} | ret=SUCCESS |  
2019-09-05 09:23:18,589 | INFO  | DNAudit | user=null | ip=null | op=WRITE_CHUNK {blockData=conID: 1 locID: 102739174918980073 bcsId: 2041} | ret=SUCCESS |  
2019-09-05 09:23:18,589 | INFO  | DNAudit | user=null | ip=null | op=WRITE_CHUNK {blockData=conID: 1 locID: 102739174918980073 bcsId: 2041} | ret=SUCCESS |  
2019-09-05 09:23:18,601 | INFO  | DNAudit | user=null | ip=null | op=WRITE_CHUNK {blockData=conID: 1 locID: 102739174918980073 bcsId: 2041} | ret=SUCCESS |  
2019-09-05 09:23:18,601 | INFO  | DNAudit | user=null | ip=null | op=PUT_BLOCK {blockData=[blockId=conID: 1 locID: 102739174918980073 bcsId: 0,size=3145728]} | ret=SUCCESS |  
2019-09-05 09:23:18,602 [grpc-default-executor-0] INFO  client.GrpcClientProtocolClient (GrpcClientProtocolClient.java:onNext(255)) - client-969FB6DA8C9A->4fcc8d53-44cb-4faf-b915-5afa0c7529d4: receive RaftClientReply:client-969FB6DA8C9A->4fcc8d53-44cb-4faf-b915-5afa0c7529d4@group-6A615BAE1DD1, cid=1460, SUCCESS, logIndex=2046, commits[4fcc8d53-44cb-4faf-b915-5afa0c7529d4:c2047, 48aa5eb4-709c-4003-adb5-fbc02723cd23:c2045, 609a8cf1-6ad3-4123-b94a-106ad93148a8:c2045]
2019-09-05 09:23:18,602 [grpc-default-executor-0] INFO  client.GrpcClientProtocolClient (GrpcClientProtocolClient.java:onNext(255)) - client-969FB6DA8C9A->4fcc8d53-44cb-4faf-b915-5afa0c7529d4: receive RaftClientReply:client-969FB6DA8C9A->4fcc8d53-44cb-4faf-b915-5afa0c7529d4@group-6A615BAE1DD1, cid=1461, SUCCESS, logIndex=2047, commits[4fcc8d53-44cb-4faf-b915-5afa0c7529d4:c2047, 48aa5eb4-709c-4003-adb5-fbc02723cd23:c2045, 609a8cf1-6ad3-4123-b94a-106ad93148a8:c2045]
2019-09-05 09:23:18,608 | INFO  | DNAudit | user=null | ip=null | op=WRITE_CHUNK {blockData=conID: 1 locID: 102739174918980073 bcsId: 2047} | ret=SUCCESS |  
2019-09-05 09:23:18,610 | INFO  | DNAudit | user=null | ip=null | op=WRITE_CHUNK {blockData=conID: 1 locID: 102739174918980073 bcsId: 2047} | ret=SUCCESS |  
2019-09-05 09:23:18,610 | INFO  | DNAudit | user=null | ip=null | op=WRITE_CHUNK {blockData=conID: 1 locID: 102739174918980073 bcsId: 2047} | ret=SUCCESS |  
2019-09-05 09:23:18,617 | INFO  | DNAudit | user=null | ip=null | op=WRITE_CHUNK {blockData=conID: 1 locID: 102739174918980073 bcsId: 2041} | ret=SUCCESS |  
2019-09-05 09:23:18,617 | INFO  | DNAudit | user=null | ip=null | op=WRITE_CHUNK {blockData=conID: 1 locID: 102739174918980073 bcsId: 2041} | ret=SUCCESS |  
2019-09-05 09:23:18,618 | INFO  | DNAudit | user=null | ip=null | op=PUT_BLOCK {blockData=[blockId=conID: 1 locID: 102739174918980073 bcsId: 0,size=3145728]} | ret=SUCCESS |  
2019-09-05 09:23:18,618 | INFO  | DNAudit | user=null | ip=null | op=PUT_BLOCK {blockData=[blockId=conID: 1 locID: 102739174918980073 bcsId: 0,size=3145728]} | ret=SUCCESS |  
2019-09-05 09:23:18,618 | INFO  | DNAudit | user=null | ip=null | op=WRITE_CHUNK {blockData=conID: 1 locID: 102739174918980073 bcsId: 2047} | ret=SUCCESS |  
2019-09-05 09:23:18,619 | INFO  | DNAudit | user=null | ip=null | op=PUT_BLOCK {blockData=[blockId=conID: 1 locID: 102739174918980073 bcsId: 0,size=4194304]} | ret=SUCCESS |  
2019-09-05 09:23:18,619 [grpc-default-executor-4] INFO  client.GrpcClientProtocolClient (GrpcClientProtocolClient.java:onNext(255)) - client-969FB6DA8C9A->4fcc8d53-44cb-4faf-b915-5afa0c7529d4: receive RaftClientReply:client-969FB6DA8C9A->4fcc8d53-44cb-4faf-b915-5afa0c7529d4@group-6A615BAE1DD1, cid=1462, SUCCESS, logIndex=2050, commits[4fcc8d53-44cb-4faf-b915-5afa0c7529d4:c2051, 48aa5eb4-709c-4003-adb5-fbc02723cd23:c2047, 609a8cf1-6ad3-4123-b94a-106ad93148a8:c2047]
2019-09-05 09:23:18,619 [grpc-default-executor-4] INFO  client.GrpcClientProtocolClient (GrpcClientProtocolClient.java:onNext(255)) - client-969FB6DA8C9A->4fcc8d53-44cb-4faf-b915-5afa0c7529d4: receive RaftClientReply:client-969FB6DA8C9A->4fcc8d53-44cb-4faf-b915-5afa0c7529d4@group-6A615BAE1DD1, cid=1463, SUCCESS, logIndex=2051, commits[4fcc8d53-44cb-4faf-b915-5afa0c7529d4:c2051, 48aa5eb4-709c-4003-adb5-fbc02723cd23:c2047, 609a8cf1-6ad3-4123-b94a-106ad93148a8:c2047]
2019-09-05 09:23:18,639 | INFO  | DNAudit | user=null | ip=null | op=WRITE_CHUNK {blockData=conID: 1 locID: 102739174918980073 bcsId: 2047} | ret=SUCCESS |  
2019-09-05 09:23:18,639 | INFO  | DNAudit | user=null | ip=null | op=WRITE_CHUNK {blockData=conID: 1 locID: 102739174918980073 bcsId: 2047} | ret=SUCCESS |  
2019-09-05 09:23:18,639 | INFO  | DNAudit | user=null | ip=null | op=PUT_BLOCK {blockData=[blockId=conID: 1 locID: 102739174918980073 bcsId: 0,size=4194304]} | ret=SUCCESS |  
2019-09-05 09:23:18,639 | INFO  | DNAudit | user=null | ip=null | op=PUT_BLOCK {blockData=[blockId=conID: 1 locID: 102739174918980073 bcsId: 0,size=4194304]} | ret=SUCCESS |  
2019-09-05 09:23:18,639 [grpc-default-executor-0] INFO  client.GrpcClientProtocolClient (GrpcClientProtocolClient.java:onNext(255)) - client-969FB6DA8C9A->4fcc8d53-44cb-4faf-b915-5afa0c7529d4: receive RaftClientReply:client-969FB6DA8C9A->4fcc8d53-44cb-4faf-b915-5afa0c7529d4@group-6A615BAE1DD1, cid=1464, SUCCESS, logIndex=0, commits[4fcc8d53-44cb-4faf-b915-5afa0c7529d4:c2052, 48aa5eb4-709c-4003-adb5-fbc02723cd23:c2051, 609a8cf1-6ad3-4123-b94a-106ad93148a8:c2051]
2019-09-05 09:23:18,642 | INFO  | SCMAudit | user=jenkins1000 | ip=192.168.36.69 | op=ALLOCATE_BLOCK {owner=5cf4fcf6-c517-45f4-af25-2fff646d8883, size=4194304, type=RATIS, factor=THREE} | ret=SUCCESS |  
2019-09-05 09:23:18,644 | INFO  | OMAudit | user=jenkins1000 | ip=127.0.0.1 | op=ALLOCATE_BLOCK {volume=vol-0-13331, bucket=bucket-0-43606, key=key-0-76526, dataSize=0, replicationType=null, replicationFactor=null, keyLocationInfo=null, clientID=102739173903106450} | ret=SUCCESS |  
2019-09-05 09:23:18,650 | INFO  | DNAudit | user=null | ip=null | op=WRITE_CHUNK {blockData=conID: 2 locID: 102739174925402602 bcsId: 0} | ret=SUCCESS |  
2019-09-05 09:23:18,652 | INFO  | DNAudit | user=null | ip=null | op=WRITE_CHUNK {blockData=conID: 2 locID: 102739174925402602 bcsId: 0} | ret=SUCCESS |  
2019-09-05 09:23:18,652 | INFO  | DNAudit | user=null | ip=null | op=WRITE_CHUNK {blockData=conID: 2 locID: 102739174925402602 bcsId: 0} | ret=SUCCESS |  
2019-09-05 09:23:18,652 | INFO  | DNAudit | user=null | ip=null | op=WRITE_CHUNK {blockData=conID: 2 locID: 102739174925402602 bcsId: 0} | ret=SUCCESS |  
2019-09-05 09:23:18,653 | INFO  | DNAudit | user=null | ip=null | op=WRITE_CHUNK {blockData=conID: 2 locID: 102739174925402602 bcsId: 0} | ret=SUCCESS |  
2019-09-05 09:23:18,654 | INFO  | DNAudit | user=null | ip=null | op=WRITE_CHUNK {blockData=conID: 2 locID: 102739174925402602 bcsId: 0} | ret=SUCCESS |  
2019-09-05 09:23:18,657 | INFO  | DNAudit | user=null | ip=null | op=WRITE_CHUNK {blockData=conID: 2 locID: 102739174925402602 bcsId: 0} | ret=SUCCESS |  
2019-09-05 09:23:18,658 | INFO  | DNAudit | user=null | ip=null | op=PUT_BLOCK {blockData=[blockId=conID: 2 locID: 102739174925402602 bcsId: 0,size=1048576]} | ret=SUCCESS |  
2019-09-05 09:23:18,658 [grpc-default-executor-3] INFO  client.GrpcClientProtocolClient (GrpcClientProtocolClient.java:onNext(255)) - client-969FB6DA8C9A->4fcc8d53-44cb-4faf-b915-5afa0c7529d4: receive RaftClientReply:client-969FB6DA8C9A->4fcc8d53-44cb-4faf-b915-5afa0c7529d4@group-6A615BAE1DD1, cid=1465, SUCCESS, logIndex=2054, commits[4fcc8d53-44cb-4faf-b915-5afa0c7529d4:c2056, 48aa5eb4-709c-4003-adb5-fbc02723cd23:c2053, 609a8cf1-6ad3-4123-b94a-106ad93148a8:c2053]
2019-09-05 09:23:18,658 | INFO  | DNAudit | user=null | ip=null | op=WRITE_CHUNK {blockData=conID: 2 locID: 102739174925402602 bcsId: 0} | ret=SUCCESS |  
2019-09-05 09:23:18,658 [grpc-default-executor-3] INFO  client.GrpcClientProtocolClient (GrpcClientProtocolClient.java:onNext(255)) - client-969FB6DA8C9A->4fcc8d53-44cb-4faf-b915-5afa0c7529d4: receive RaftClientReply:client-969FB6DA8C9A->4fcc8d53-44cb-4faf-b915-5afa0c7529d4@group-6A615BAE1DD1, cid=1466, SUCCESS, logIndex=2055, commits[4fcc8d53-44cb-4faf-b915-5afa0c7529d4:c2057, 48aa5eb4-709c-4003-adb5-fbc02723cd23:c2053, 609a8cf1-6ad3-4123-b94a-106ad93148a8:c2053]
2019-09-05 09:23:18,658 | INFO  | DNAudit | user=null | ip=null | op=PUT_BLOCK {blockData=[blockId=conID: 2 locID: 102739174925402602 bcsId: 0,size=2097152]} | ret=SUCCESS |  
2019-09-05 09:23:18,658 [grpc-default-executor-5] INFO  client.GrpcClientProtocolClient (GrpcClientProtocolClient.java:onNext(255)) - client-969FB6DA8C9A->4fcc8d53-44cb-4faf-b915-5afa0c7529d4: receive RaftClientReply:client-969FB6DA8C9A->4fcc8d53-44cb-4faf-b915-5afa0c7529d4@group-6A615BAE1DD1, cid=1467, SUCCESS, logIndex=2056, commits[4fcc8d53-44cb-4faf-b915-5afa0c7529d4:c2057, 48aa5eb4-709c-4003-adb5-fbc02723cd23:c2053, 609a8cf1-6ad3-4123-b94a-106ad93148a8:c2053]
2019-09-05 09:23:18,659 | INFO  | DNAudit | user=null | ip=null | op=WRITE_CHUNK {blockData=conID: 2 locID: 102739174925402602 bcsId: 0} | ret=SUCCESS |  
2019-09-05 09:23:18,659 [grpc-default-executor-3] INFO  client.GrpcClientProtocolClient (GrpcClientProtocolClient.java:onNext(255)) - client-969FB6DA8C9A->4fcc8d53-44cb-4faf-b915-5afa0c7529d4: receive RaftClientReply:client-969FB6DA8C9A->4fcc8d53-44cb-4faf-b915-5afa0c7529d4@group-6A615BAE1DD1, cid=1468, SUCCESS, logIndex=2057, commits[4fcc8d53-44cb-4faf-b915-5afa0c7529d4:c2057, 48aa5eb4-709c-4003-adb5-fbc02723cd23:c2053, 609a8cf1-6ad3-4123-b94a-106ad93148a8:c2053]
2019-09-05 09:23:18,659 | INFO  | DNAudit | user=null | ip=null | op=WRITE_CHUNK {blockData=conID: 2 locID: 102739174925402602 bcsId: 0} | ret=SUCCESS |  
2019-09-05 09:23:18,659 | INFO  | DNAudit | user=null | ip=null | op=PUT_BLOCK {blockData=[blockId=conID: 2 locID: 102739174925402602 bcsId: 0,size=1048576]} | ret=SUCCESS |  
2019-09-05 09:23:18,660 | INFO  | DNAudit | user=null | ip=null | op=WRITE_CHUNK {blockData=conID: 2 locID: 102739174925402602 bcsId: 0} | ret=SUCCESS |  
2019-09-05 09:23:18,660 | INFO  | DNAudit | user=null | ip=null | op=PUT_BLOCK {blockData=[blockId=conID: 2 locID: 102739174925402602 bcsId: 0,size=1048576]} | ret=SUCCESS |  
2019-09-05 09:23:18,660 | INFO  | DNAudit | user=null | ip=null | op=PUT_BLOCK {blockData=[blockId=conID: 2 locID: 102739174925402602 bcsId: 0,size=2097152]} | ret=SUCCESS |  
2019-09-05 09:23:18,660 | INFO  | DNAudit | user=null | ip=null | op=WRITE_CHUNK {blockData=conID: 2 locID: 102739174925402602 bcsId: 0} | ret=SUCCESS |  
2019-09-05 09:23:18,660 | INFO  | DNAudit | user=null | ip=null | op=PUT_BLOCK {blockData=[blockId=conID: 2 locID: 102739174925402602 bcsId: 0,size=2097152]} | ret=SUCCESS |  
2019-09-05 09:23:18,660 [grpc-default-executor-3] INFO  client.GrpcClientProtocolClient (GrpcClientProtocolClient.java:onNext(255)) - client-969FB6DA8C9A->4fcc8d53-44cb-4faf-b915-5afa0c7529d4: receive RaftClientReply:client-969FB6DA8C9A->4fcc8d53-44cb-4faf-b915-5afa0c7529d4@group-6A615BAE1DD1, cid=1469, SUCCESS, logIndex=0, commits[4fcc8d53-44cb-4faf-b915-5afa0c7529d4:c2061, 48aa5eb4-709c-4003-adb5-fbc02723cd23:c2055, 609a8cf1-6ad3-4123-b94a-106ad93148a8:c2057]
2019-09-05 09:23:18,665 | INFO  | DNAudit | user=null | ip=null | op=WRITE_CHUNK {blockData=conID: 2 locID: 102739174925402602 bcsId: 2057} | ret=SUCCESS |  
2019-09-05 09:23:18,668 | INFO  | DNAudit | user=null | ip=null | op=WRITE_CHUNK {blockData=conID: 2 locID: 102739174925402602 bcsId: 2057} | ret=SUCCESS |  
2019-09-05 09:23:18,668 | INFO  | DNAudit | user=null | ip=null | op=WRITE_CHUNK {blockData=conID: 2 locID: 102739174925402602 bcsId: 2057} | ret=SUCCESS |  
2019-09-05 09:23:18,678 | INFO  | DNAudit | user=null | ip=null | op=WRITE_CHUNK {blockData=conID: 2 locID: 102739174925402602 bcsId: 2057} | ret=SUCCESS |  
2019-09-05 09:23:18,679 | INFO  | DNAudit | user=null | ip=null | op=PUT_BLOCK {blockData=[blockId=conID: 2 locID: 102739174925402602 bcsId: 0,size=3145728]} | ret=SUCCESS |  
2019-09-05 09:23:18,679 [grpc-default-executor-3] INFO  client.GrpcClientProtocolClient (GrpcClientProtocolClient.java:onNext(255)) - client-969FB6DA8C9A->4fcc8d53-44cb-4faf-b915-5afa0c7529d4: receive RaftClientReply:client-969FB6DA8C9A->4fcc8d53-44cb-4faf-b915-5afa0c7529d4@group-6A615BAE1DD1, cid=1470, SUCCESS, logIndex=2062, commits[4fcc8d53-44cb-4faf-b915-5afa0c7529d4:c2063, 48aa5eb4-709c-4003-adb5-fbc02723cd23:c2061, 609a8cf1-6ad3-4123-b94a-106ad93148a8:c2061]
2019-09-05 09:23:18,679 [grpc-default-executor-3] INFO  client.GrpcClientProtocolClient (GrpcClientProtocolClient.java:onNext(255)) - client-969FB6DA8C9A->4fcc8d53-44cb-4faf-b915-5afa0c7529d4: receive RaftClientReply:client-969FB6DA8C9A->4fcc8d53-44cb-4faf-b915-5afa0c7529d4@group-6A615BAE1DD1, cid=1471, SUCCESS, logIndex=2063, commits[4fcc8d53-44cb-4faf-b915-5afa0c7529d4:c2063, 48aa5eb4-709c-4003-adb5-fbc02723cd23:c2061, 609a8cf1-6ad3-4123-b94a-106ad93148a8:c2061]
2019-09-05 09:23:18,684 | INFO  | DNAudit | user=null | ip=null | op=WRITE_CHUNK {blockData=conID: 2 locID: 102739174925402602 bcsId: 2063} | ret=SUCCESS |  
2019-09-05 09:23:18,686 | INFO  | DNAudit | user=null | ip=null | op=WRITE_CHUNK {blockData=conID: 2 locID: 102739174925402602 bcsId: 2063} | ret=SUCCESS |  
2019-09-05 09:23:18,687 | INFO  | DNAudit | user=null | ip=null | op=WRITE_CHUNK {blockData=conID: 2 locID: 102739174925402602 bcsId: 2063} | ret=SUCCESS |  
2019-09-05 09:23:18,701 | INFO  | DNAudit | user=null | ip=null | op=WRITE_CHUNK {blockData=conID: 2 locID: 102739174925402602 bcsId: 2057} | ret=SUCCESS |  
2019-09-05 09:23:18,701 | INFO  | DNAudit | user=null | ip=null | op=WRITE_CHUNK {blockData=conID: 2 locID: 102739174925402602 bcsId: 2057} | ret=SUCCESS |  
2019-09-05 09:23:18,702 | INFO  | DNAudit | user=null | ip=null | op=PUT_BLOCK {blockData=[blockId=conID: 2 locID: 102739174925402602 bcsId: 0,size=3145728]} | ret=SUCCESS |  
2019-09-05 09:23:18,702 | INFO  | DNAudit | user=null | ip=null | op=PUT_BLOCK {blockData=[blockId=conID: 2 locID: 102739174925402602 bcsId: 0,size=3145728]} | ret=SUCCESS |  
2019-09-05 09:23:18,703 | INFO  | DNAudit | user=null | ip=null | op=WRITE_CHUNK {blockData=conID: 2 locID: 102739174925402602 bcsId: 2063} | ret=SUCCESS |  
2019-09-05 09:23:18,836 [grpc-default-executor-5] INFO  client.GrpcClientProtocolClient (GrpcClientProtocolClient.java:onNext(255)) - client-969FB6DA8C9A->4fcc8d53-44cb-4faf-b915-5afa0c7529d4: receive RaftClientReply:client-969FB6DA8C9A->4fcc8d53-44cb-4faf-b915-5afa0c7529d4@group-6A615BAE1DD1, cid=1472, SUCCESS, logIndex=2066, commits[4fcc8d53-44cb-4faf-b915-5afa0c7529d4:c2066, 48aa5eb4-709c-4003-adb5-fbc02723cd23:c2063, 609a8cf1-6ad3-4123-b94a-106ad93148a8:c2063]
2019-09-05 09:23:18,837 | INFO  | DNAudit | user=null | ip=null | op=PUT_BLOCK {blockData=[blockId=conID: 2 locID: 102739174925402602 bcsId: 0,size=4194304]} | ret=SUCCESS |  
2019-09-05 09:23:18,837 [grpc-default-executor-5] INFO  client.GrpcClientProtocolClient (GrpcClientProtocolClient.java:onNext(255)) - client-969FB6DA8C9A->4fcc8d53-44cb-4faf-b915-5afa0c7529d4: receive RaftClientReply:client-969FB6DA8C9A->4fcc8d53-44cb-4faf-b915-5afa0c7529d4@group-6A615BAE1DD1, cid=1473, SUCCESS, logIndex=2067, commits[4fcc8d53-44cb-4faf-b915-5afa0c7529d4:c2067, 48aa5eb4-709c-4003-adb5-fbc02723cd23:c2063, 609a8cf1-6ad3-4123-b94a-106ad93148a8:c2063]
2019-09-05 09:23:18,842 | INFO  | DNAudit | user=null | ip=null | op=WRITE_CHUNK {blockData=conID: 2 locID: 102739174925402602 bcsId: 2063} | ret=SUCCESS |  
2019-09-05 09:23:18,842 | INFO  | DNAudit | user=null | ip=null | op=WRITE_CHUNK {blockData=conID: 2 locID: 102739174925402602 bcsId: 2063} | ret=SUCCESS |  
2019-09-05 09:23:18,843 | INFO  | DNAudit | user=null | ip=null | op=PUT_BLOCK {blockData=[blockId=conID: 2 locID: 102739174925402602 bcsId: 0,size=4194304]} | ret=SUCCESS |  
2019-09-05 09:23:18,843 | INFO  | DNAudit | user=null | ip=null | op=PUT_BLOCK {blockData=[blockId=conID: 2 locID: 102739174925402602 bcsId: 0,size=4194304]} | ret=SUCCESS |  
2019-09-05 09:23:18,845 [grpc-default-executor-5] INFO  client.GrpcClientProtocolClient (GrpcClientProtocolClient.java:onNext(255)) - client-969FB6DA8C9A->4fcc8d53-44cb-4faf-b915-5afa0c7529d4: receive RaftClientReply:client-969FB6DA8C9A->4fcc8d53-44cb-4faf-b915-5afa0c7529d4@group-6A615BAE1DD1, cid=1474, SUCCESS, logIndex=0, commits[4fcc8d53-44cb-4faf-b915-5afa0c7529d4:c2069, 48aa5eb4-709c-4003-adb5-fbc02723cd23:c2067, 609a8cf1-6ad3-4123-b94a-106ad93148a8:c2067]
2019-09-05 09:23:18,850 | INFO  | SCMAudit | user=jenkins1000 | ip=192.168.36.69 | op=ALLOCATE_BLOCK {owner=5cf4fcf6-c517-45f4-af25-2fff646d8883, size=4194304, type=RATIS, factor=THREE} | ret=SUCCESS |  
2019-09-05 09:23:18,852 | INFO  | OMAudit | user=jenkins1000 | ip=127.0.0.1 | op=ALLOCATE_BLOCK {volume=vol-0-13331, bucket=bucket-0-43606, key=key-0-76526, dataSize=0, replicationType=null, replicationFactor=null, keyLocationInfo=null, clientID=102739173903106450} | ret=SUCCESS |  
2019-09-05 09:23:18,859 | INFO  | DNAudit | user=null | ip=null | op=WRITE_CHUNK {blockData=conID: 3 locID: 102739174939034091 bcsId: 0} | ret=SUCCESS |  
2019-09-05 09:23:18,861 | INFO  | DNAudit | user=null | ip=null | op=WRITE_CHUNK {blockData=conID: 3 locID: 102739174939034091 bcsId: 0} | ret=SUCCESS |  
2019-09-05 09:23:18,862 | INFO  | DNAudit | user=null | ip=null | op=WRITE_CHUNK {blockData=conID: 3 locID: 102739174939034091 bcsId: 0} | ret=SUCCESS |  
2019-09-05 09:23:18,862 | INFO  | DNAudit | user=null | ip=null | op=WRITE_CHUNK {blockData=conID: 3 locID: 102739174939034091 bcsId: 0} | ret=SUCCESS |  
2019-09-05 09:23:18,864 | INFO  | DNAudit | user=null | ip=null | op=WRITE_CHUNK {blockData=conID: 3 locID: 102739174939034091 bcsId: 0} | ret=SUCCESS |  
2019-09-05 09:23:18,864 | INFO  | DNAudit | user=null | ip=null | op=WRITE_CHUNK {blockData=conID: 3 locID: 102739174939034091 bcsId: 0} | ret=SUCCESS |  
2019-09-05 09:23:18,881 | INFO  | DNAudit | user=null | ip=null | op=WRITE_CHUNK {blockData=conID: 3 locID: 102739174939034091 bcsId: 0} | ret=SUCCESS |  
2019-09-05 09:23:18,881 | INFO  | DNAudit | user=null | ip=null | op=PUT_BLOCK {blockData=[blockId=conID: 3 locID: 102739174939034091 bcsId: 0,size=1048576]} | ret=SUCCESS |  
2019-09-05 09:23:18,881 [grpc-default-executor-5] INFO  client.GrpcClientProtocolClient (GrpcClientProtocolClient.java:onNext(255)) - client-969FB6DA8C9A->4fcc8d53-44cb-4faf-b915-5afa0c7529d4: receive RaftClientReply:client-969FB6DA8C9A->4fcc8d53-44cb-4faf-b915-5afa0c7529d4@group-6A615BAE1DD1, cid=1475, SUCCESS, logIndex=2070, commits[4fcc8d53-44cb-4faf-b915-5afa0c7529d4:c2071, 48aa5eb4-709c-4003-adb5-fbc02723cd23:c2069, 609a8cf1-6ad3-4123-b94a-106ad93148a8:c2069]
2019-09-05 09:23:18,882 | INFO  | DNAudit | user=null | ip=null | op=WRITE_CHUNK {blockData=conID: 3 locID: 102739174939034091 bcsId: 0} | ret=SUCCESS |  
2019-09-05 09:23:18,882 [grpc-default-executor-3] INFO  client.GrpcClientProtocolClient (GrpcClientProtocolClient.java:onNext(255)) - client-969FB6DA8C9A->4fcc8d53-44cb-4faf-b915-5afa0c7529d4: receive RaftClientReply:client-969FB6DA8C9A->4fcc8d53-44cb-4faf-b915-5afa0c7529d4@group-6A615BAE1DD1, cid=1476, SUCCESS, logIndex=2071, commits[4fcc8d53-44cb-4faf-b915-5afa0c7529d4:c2071, 48aa5eb4-709c-4003-adb5-fbc02723cd23:c2069, 609a8cf1-6ad3-4123-b94a-106ad93148a8:c2069]
2019-09-05 09:23:18,882 [grpc-default-executor-4] INFO  client.GrpcClientProtocolClient (GrpcClientProtocolClient.java:onNext(255)) - client-969FB6DA8C9A->4fcc8d53-44cb-4faf-b915-5afa0c7529d4: receive RaftClientReply:client-969FB6DA8C9A->4fcc8d53-44cb-4faf-b915-5afa0c7529d4@group-6A615BAE1DD1, cid=1477, SUCCESS, logIndex=2072, commits[4fcc8d53-44cb-4faf-b915-5afa0c7529d4:c2072, 48aa5eb4-709c-4003-adb5-fbc02723cd23:c2069, 609a8cf1-6ad3-4123-b94a-106ad93148a8:c2069]
2019-09-05 09:23:18,883 | INFO  | DNAudit | user=null | ip=null | op=PUT_BLOCK {blockData=[blockId=conID: 3 locID: 102739174939034091 bcsId: 0,size=2097152]} | ret=SUCCESS |  
2019-09-05 09:23:18,883 [grpc-default-executor-4] INFO  client.GrpcClientProtocolClient (GrpcClientProtocolClient.java:onNext(255)) - client-969FB6DA8C9A->4fcc8d53-44cb-4faf-b915-5afa0c7529d4: receive RaftClientReply:client-969FB6DA8C9A->4fcc8d53-44cb-4faf-b915-5afa0c7529d4@group-6A615BAE1DD1, cid=1478, SUCCESS, logIndex=2073, commits[4fcc8d53-44cb-4faf-b915-5afa0c7529d4:c2073, 48aa5eb4-709c-4003-adb5-fbc02723cd23:c2069, 609a8cf1-6ad3-4123-b94a-106ad93148a8:c2069]
2019-09-05 09:23:18,883 | INFO  | DNAudit | user=null | ip=null | op=WRITE_CHUNK {blockData=conID: 3 locID: 102739174939034091 bcsId: 0} | ret=SUCCESS |  
2019-09-05 09:23:18,884 | INFO  | DNAudit | user=null | ip=null | op=PUT_BLOCK {blockData=[blockId=conID: 3 locID: 102739174939034091 bcsId: 0,size=1048576]} | ret=SUCCESS |  
2019-09-05 09:23:18,884 | INFO  | DNAudit | user=null | ip=null | op=WRITE_CHUNK {blockData=conID: 3 locID: 102739174939034091 bcsId: 0} | ret=SUCCESS |  
2019-09-05 09:23:18,885 | INFO  | DNAudit | user=null | ip=null | op=PUT_BLOCK {blockData=[blockId=conID: 3 locID: 102739174939034091 bcsId: 0,size=1048576]} | ret=SUCCESS |  
2019-09-05 09:23:18,885 | INFO  | DNAudit | user=null | ip=null | op=WRITE_CHUNK {blockData=conID: 3 locID: 102739174939034091 bcsId: 0} | ret=SUCCESS |  
2019-09-05 09:23:18,885 | INFO  | DNAudit | user=null | ip=null | op=WRITE_CHUNK {blockData=conID: 3 locID: 102739174939034091 bcsId: 0} | ret=SUCCESS |  
2019-09-05 09:23:18,885 [grpc-default-executor-3] INFO  client.GrpcClientProtocolClient (GrpcClientProtocolClient.java:onNext(255)) - client-969FB6DA8C9A->4fcc8d53-44cb-4faf-b915-5afa0c7529d4: receive RaftClientReply:client-969FB6DA8C9A->4fcc8d53-44cb-4faf-b915-5afa0c7529d4@group-6A615BAE1DD1, cid=1479, SUCCESS, logIndex=0, commits[4fcc8d53-44cb-4faf-b915-5afa0c7529d4:c2075, 48aa5eb4-709c-4003-adb5-fbc02723cd23:c2071, 609a8cf1-6ad3-4123-b94a-106ad93148a8:c2071]
2019-09-05 09:23:18,885 | INFO  | DNAudit | user=null | ip=null | op=PUT_BLOCK {blockData=[blockId=conID: 3 locID: 102739174939034091 bcsId: 0,size=2097152]} | ret=SUCCESS |  
2019-09-05 09:23:18,885 | INFO  | DNAudit | user=null | ip=null | op=PUT_BLOCK {blockData=[blockId=conID: 3 locID: 102739174939034091 bcsId: 0,size=2097152]} | ret=SUCCESS |  
2019-09-05 09:23:18,891 | INFO  | DNAudit | user=null | ip=null | op=WRITE_CHUNK {blockData=conID: 3 locID: 102739174939034091 bcsId: 2073} | ret=SUCCESS |  
2019-09-05 09:23:18,893 | INFO  | DNAudit | user=null | ip=null | op=WRITE_CHUNK {blockData=conID: 3 locID: 102739174939034091 bcsId: 2073} | ret=SUCCESS |  
2019-09-05 09:23:18,893 | INFO  | DNAudit | user=null | ip=null | op=WRITE_CHUNK {blockData=conID: 3 locID: 102739174939034091 bcsId: 2073} | ret=SUCCESS |  
2019-09-05 09:23:18,902 | INFO  | DNAudit | user=null | ip=null | op=WRITE_CHUNK {blockData=conID: 3 locID: 102739174939034091 bcsId: 2073} | ret=SUCCESS |  
2019-09-05 09:23:18,902 | INFO  | DNAudit | user=null | ip=null | op=PUT_BLOCK {blockData=[blockId=conID: 3 locID: 102739174939034091 bcsId: 0,size=3145728]} | ret=SUCCESS |  
2019-09-05 09:23:18,902 [grpc-default-executor-4] INFO  client.GrpcClientProtocolClient (GrpcClientProtocolClient.java:onNext(255)) - client-969FB6DA8C9A->4fcc8d53-44cb-4faf-b915-5afa0c7529d4: receive RaftClientReply:client-969FB6DA8C9A->4fcc8d53-44cb-4faf-b915-5afa0c7529d4@group-6A615BAE1DD1, cid=1480, SUCCESS, logIndex=2078, commits[4fcc8d53-44cb-4faf-b915-5afa0c7529d4:c2079, 48aa5eb4-709c-4003-adb5-fbc02723cd23:c2077, 609a8cf1-6ad3-4123-b94a-106ad93148a8:c2077]
2019-09-05 09:23:18,903 [grpc-default-executor-4] INFO  client.GrpcClientProtocolClient (GrpcClientProtocolClient.java:onNext(255)) - client-969FB6DA8C9A->4fcc8d53-44cb-4faf-b915-5afa0c7529d4: receive RaftClientReply:client-969FB6DA8C9A->4fcc8d53-44cb-4faf-b915-5afa0c7529d4@group-6A615BAE1DD1, cid=1481, SUCCESS, logIndex=2079, commits[4fcc8d53-44cb-4faf-b915-5afa0c7529d4:c2079, 48aa5eb4-709c-4003-adb5-fbc02723cd23:c2077, 609a8cf1-6ad3-4123-b94a-106ad93148a8:c2077]
2019-09-05 09:23:18,908 | INFO  | DNAudit | user=null | ip=null | op=WRITE_CHUNK {blockData=conID: 3 locID: 102739174939034091 bcsId: 2079} | ret=SUCCESS |  
2019-09-05 09:23:18,910 | INFO  | DNAudit | user=null | ip=null | op=WRITE_CHUNK {blockData=conID: 3 locID: 102739174939034091 bcsId: 2079} | ret=SUCCESS |  
2019-09-05 09:23:18,910 | INFO  | DNAudit | user=null | ip=null | op=WRITE_CHUNK {blockData=conID: 3 locID: 102739174939034091 bcsId: 2079} | ret=SUCCESS |  
2019-09-05 09:23:18,988 | INFO  | DNAudit | user=null | ip=null | op=WRITE_CHUNK {blockData=conID: 3 locID: 102739174939034091 bcsId: 2073} | ret=SUCCESS |  
2019-09-05 09:23:18,988 | INFO  | DNAudit | user=null | ip=null | op=WRITE_CHUNK {blockData=conID: 3 locID: 102739174939034091 bcsId: 2073} | ret=SUCCESS |  
2019-09-05 09:23:18,988 | INFO  | DNAudit | user=null | ip=null | op=PUT_BLOCK {blockData=[blockId=conID: 3 locID: 102739174939034091 bcsId: 0,size=3145728]} | ret=SUCCESS |  
2019-09-05 09:23:18,988 | INFO  | DNAudit | user=null | ip=null | op=PUT_BLOCK {blockData=[blockId=conID: 3 locID: 102739174939034091 bcsId: 0,size=3145728]} | ret=SUCCESS |  
2019-09-05 09:23:18,997 | INFO  | DNAudit | user=null | ip=null | op=WRITE_CHUNK {blockData=conID: 3 locID: 102739174939034091 bcsId: 2079} | ret=SUCCESS |  
2019-09-05 09:23:18,998 | INFO  | DNAudit | user=null | ip=null | op=PUT_BLOCK {blockData=[blockId=conID: 3 locID: 102739174939034091 bcsId: 0,size=4194304]} | ret=SUCCESS |  
2019-09-05 09:23:18,998 [grpc-default-executor-4] INFO  client.GrpcClientProtocolClient (GrpcClientProtocolClient.java:onNext(255)) - client-969FB6DA8C9A->4fcc8d53-44cb-4faf-b915-5afa0c7529d4: receive RaftClientReply:client-969FB6DA8C9A->4fcc8d53-44cb-4faf-b915-5afa0c7529d4@group-6A615BAE1DD1, cid=1482, SUCCESS, logIndex=2082, commits[4fcc8d53-44cb-4faf-b915-5afa0c7529d4:c2083, 48aa5eb4-709c-4003-adb5-fbc02723cd23:c2079, 609a8cf1-6ad3-4123-b94a-106ad93148a8:c2079]
2019-09-05 09:23:18,998 [grpc-default-executor-4] INFO  client.GrpcClientProtocolClient (GrpcClientProtocolClient.java:onNext(255)) - client-969FB6DA8C9A->4fcc8d53-44cb-4faf-b915-5afa0c7529d4: receive RaftClientReply:client-969FB6DA8C9A->4fcc8d53-44cb-4faf-b915-5afa0c7529d4@group-6A615BAE1DD1, cid=1483, SUCCESS, logIndex=2083, commits[4fcc8d53-44cb-4faf-b915-5afa0c7529d4:c2083, 48aa5eb4-709c-4003-adb5-fbc02723cd23:c2079, 609a8cf1-6ad3-4123-b94a-106ad93148a8:c2079]
2019-09-05 09:23:19,011 | INFO  | DNAudit | user=null | ip=null | op=WRITE_CHUNK {blockData=conID: 3 locID: 102739174939034091 bcsId: 2079} | ret=SUCCESS |  
2019-09-05 09:23:19,011 | INFO  | DNAudit | user=null | ip=null | op=WRITE_CHUNK {blockData=conID: 3 locID: 102739174939034091 bcsId: 2079} | ret=SUCCESS |  
2019-09-05 09:23:19,011 | INFO  | DNAudit | user=null | ip=null | op=PUT_BLOCK {blockData=[blockId=conID: 3 locID: 102739174939034091 bcsId: 0,size=4194304]} | ret=SUCCESS |  
2019-09-05 09:23:19,011 | INFO  | DNAudit | user=null | ip=null | op=PUT_BLOCK {blockData=[blockId=conID: 3 locID: 102739174939034091 bcsId: 0,size=4194304]} | ret=SUCCESS |  
2019-09-05 09:23:19,011 [grpc-default-executor-3] INFO  client.GrpcClientProtocolClient (GrpcClientProtocolClient.java:onNext(255)) - client-969FB6DA8C9A->4fcc8d53-44cb-4faf-b915-5afa0c7529d4: receive RaftClientReply:client-969FB6DA8C9A->4fcc8d53-44cb-4faf-b915-5afa0c7529d4@group-6A615BAE1DD1, cid=1484, SUCCESS, logIndex=0, commits[4fcc8d53-44cb-4faf-b915-5afa0c7529d4:c2084, 48aa5eb4-709c-4003-adb5-fbc02723cd23:c2083, 609a8cf1-6ad3-4123-b94a-106ad93148a8:c2083]
2019-09-05 09:23:19,015 | INFO  | SCMAudit | user=jenkins1000 | ip=192.168.36.69 | op=ALLOCATE_BLOCK {owner=5cf4fcf6-c517-45f4-af25-2fff646d8883, size=4194304, type=RATIS, factor=THREE} | ret=SUCCESS |  
2019-09-05 09:23:19,017 | INFO  | OMAudit | user=jenkins1000 | ip=127.0.0.1 | op=ALLOCATE_BLOCK {volume=vol-0-13331, bucket=bucket-0-43606, key=key-0-76526, dataSize=0, replicationType=null, replicationFactor=null, keyLocationInfo=null, clientID=102739173903106450} | ret=SUCCESS |  
2019-09-05 09:23:19,023 | INFO  | DNAudit | user=null | ip=null | op=WRITE_CHUNK {blockData=conID: 1 locID: 102739174949847532 bcsId: 0} | ret=SUCCESS |  
2019-09-05 09:23:19,026 | INFO  | DNAudit | user=null | ip=null | op=WRITE_CHUNK {blockData=conID: 1 locID: 102739174949847532 bcsId: 0} | ret=SUCCESS |  
2019-09-05 09:23:19,026 | INFO  | DNAudit | user=null | ip=null | op=WRITE_CHUNK {blockData=conID: 1 locID: 102739174949847532 bcsId: 0} | ret=SUCCESS |  
2019-09-05 09:23:19,026 | INFO  | DNAudit | user=null | ip=null | op=WRITE_CHUNK {blockData=conID: 1 locID: 102739174949847532 bcsId: 0} | ret=SUCCESS |  
2019-09-05 09:23:19,027 | INFO  | DNAudit | user=null | ip=null | op=WRITE_CHUNK {blockData=conID: 1 locID: 102739174949847532 bcsId: 0} | ret=SUCCESS |  
2019-09-05 09:23:19,028 | INFO  | DNAudit | user=null | ip=null | op=WRITE_CHUNK {blockData=conID: 1 locID: 102739174949847532 bcsId: 0} | ret=SUCCESS |  
 0.00% |█                                                                                                    |  0/1 Time: 0:00:162019-09-05 09:23:19,056 | INFO  | SCMAudit | user=jenkins1000 | ip=192.168.36.69 | op=SEND_HEARTBEAT {datanodeUUID=4fcc8d53-44cb-4faf-b915-5afa0c7529d4, command=[]} | ret=SUCCESS |  
2019-09-05 09:23:19,056 | INFO  | SCMAudit | user=jenkins1000 | ip=192.168.36.69 | op=SEND_HEARTBEAT {datanodeUUID=609a8cf1-6ad3-4123-b94a-106ad93148a8, command=[]} | ret=SUCCESS |  
2019-09-05 09:23:19,056 | INFO  | SCMAudit | user=jenkins1000 | ip=192.168.36.69 | op=SEND_HEARTBEAT {datanodeUUID=48aa5eb4-709c-4003-adb5-fbc02723cd23, command=[]} | ret=SUCCESS |  
2019-09-05 09:23:19,061 | INFO  | DNAudit | user=null | ip=null | op=WRITE_CHUNK {blockData=conID: 1 locID: 102739174949847532 bcsId: 0} | ret=SUCCESS |  
2019-09-05 09:23:19,062 | INFO  | DNAudit | user=null | ip=null | op=PUT_BLOCK {blockData=[blockId=conID: 1 locID: 102739174949847532 bcsId: 0,size=1048576]} | ret=SUCCESS |  
2019-09-05 09:23:19,062 [grpc-default-executor-0] INFO  client.GrpcClientProtocolClient (GrpcClientProtocolClient.java:onNext(255)) - client-969FB6DA8C9A->4fcc8d53-44cb-4faf-b915-5afa0c7529d4: receive RaftClientReply:client-969FB6DA8C9A->4fcc8d53-44cb-4faf-b915-5afa0c7529d4@group-6A615BAE1DD1, cid=1485, SUCCESS, logIndex=2086, commits[4fcc8d53-44cb-4faf-b915-5afa0c7529d4:c2087, 48aa5eb4-709c-4003-adb5-fbc02723cd23:c2085, 609a8cf1-6ad3-4123-b94a-106ad93148a8:c2085]
2019-09-05 09:23:19,063 | INFO  | DNAudit | user=null | ip=null | op=WRITE_CHUNK {blockData=conID: 1 locID: 102739174949847532 bcsId: 0} | ret=SUCCESS |  
2019-09-05 09:23:19,063 [grpc-default-executor-3] INFO  client.GrpcClientProtocolClient (GrpcClientProtocolClient.java:onNext(255)) - client-969FB6DA8C9A->4fcc8d53-44cb-4faf-b915-5afa0c7529d4: receive RaftClientReply:client-969FB6DA8C9A->4fcc8d53-44cb-4faf-b915-5afa0c7529d4@group-6A615BAE1DD1, cid=1486, SUCCESS, logIndex=2087, commits[4fcc8d53-44cb-4faf-b915-5afa0c7529d4:c2087, 48aa5eb4-709c-4003-adb5-fbc02723cd23:c2085, 609a8cf1-6ad3-4123-b94a-106ad93148a8:c2085]
2019-09-05 09:23:19,063 | INFO  | DNAudit | user=null | ip=null | op=PUT_BLOCK {blockData=[blockId=conID: 1 locID: 102739174949847532 bcsId: 0,size=2097152]} | ret=SUCCESS |  
2019-09-05 09:23:19,063 [grpc-default-executor-4] INFO  client.GrpcClientProtocolClient (GrpcClientProtocolClient.java:onNext(255)) - client-969FB6DA8C9A->4fcc8d53-44cb-4faf-b915-5afa0c7529d4: receive RaftClientReply:client-969FB6DA8C9A->4fcc8d53-44cb-4faf-b915-5afa0c7529d4@group-6A615BAE1DD1, cid=1487, SUCCESS, logIndex=2088, commits[4fcc8d53-44cb-4faf-b915-5afa0c7529d4:c2088, 48aa5eb4-709c-4003-adb5-fbc02723cd23:c2085, 609a8cf1-6ad3-4123-b94a-106ad93148a8:c2085]
2019-09-05 09:23:19,063 [grpc-default-executor-4] INFO  client.GrpcClientProtocolClient (GrpcClientProtocolClient.java:onNext(255)) - client-969FB6DA8C9A->4fcc8d53-44cb-4faf-b915-5afa0c7529d4: receive RaftClientReply:client-969FB6DA8C9A->4fcc8d53-44cb-4faf-b915-5afa0c7529d4@group-6A615BAE1DD1, cid=1488, SUCCESS, logIndex=2089, commits[4fcc8d53-44cb-4faf-b915-5afa0c7529d4:c2089, 48aa5eb4-709c-4003-adb5-fbc02723cd23:c2085, 609a8cf1-6ad3-4123-b94a-106ad93148a8:c2085]
2019-09-05 09:23:19,084 | INFO  | DNAudit | user=null | ip=null | op=WRITE_CHUNK {blockData=conID: 1 locID: 102739174949847532 bcsId: 0} | ret=SUCCESS |  
2019-09-05 09:23:19,084 | INFO  | DNAudit | user=null | ip=null | op=WRITE_CHUNK {blockData=conID: 1 locID: 102739174949847532 bcsId: 0} | ret=SUCCESS |  
2019-09-05 09:23:19,085 | INFO  | DNAudit | user=null | ip=null | op=PUT_BLOCK {blockData=[blockId=conID: 1 locID: 102739174949847532 bcsId: 0,size=1048576]} | ret=SUCCESS |  
2019-09-05 09:23:19,085 | INFO  | DNAudit | user=null | ip=null | op=PUT_BLOCK {blockData=[blockId=conID: 1 locID: 102739174949847532 bcsId: 0,size=1048576]} | ret=SUCCESS |  
2019-09-05 09:23:19,085 [grpc-default-executor-4] INFO  client.GrpcClientProtocolClient (GrpcClientProtocolClient.java:onNext(255)) - client-969FB6DA8C9A->4fcc8d53-44cb-4faf-b915-5afa0c7529d4: receive RaftClientReply:client-969FB6DA8C9A->4fcc8d53-44cb-4faf-b915-5afa0c7529d4@group-6A615BAE1DD1, cid=1489, SUCCESS, logIndex=0, commits[4fcc8d53-44cb-4faf-b915-5afa0c7529d4:c2091, 48aa5eb4-709c-4003-adb5-fbc02723cd23:c2087, 609a8cf1-6ad3-4123-b94a-106ad93148a8:c2087]
2019-09-05 09:23:19,086 | INFO  | DNAudit | user=null | ip=null | op=WRITE_CHUNK {blockData=conID: 1 locID: 102739174949847532 bcsId: 0} | ret=SUCCESS |  
2019-09-05 09:23:19,086 | INFO  | DNAudit | user=null | ip=null | op=WRITE_CHUNK {blockData=conID: 1 locID: 102739174949847532 bcsId: 0} | ret=SUCCESS |  
2019-09-05 09:23:19,086 | INFO  | DNAudit | user=null | ip=null | op=PUT_BLOCK {blockData=[blockId=conID: 1 locID: 102739174949847532 bcsId: 0,size=2097152]} | ret=SUCCESS |  
2019-09-05 09:23:19,086 | INFO  | DNAudit | user=null | ip=null | op=PUT_BLOCK {blockData=[blockId=conID: 1 locID: 102739174949847532 bcsId: 0,size=2097152]} | ret=SUCCESS |  
2019-09-05 09:23:19,091 | INFO  | DNAudit | user=null | ip=null | op=WRITE_CHUNK {blockData=conID: 1 locID: 102739174949847532 bcsId: 2089} | ret=SUCCESS |  
2019-09-05 09:23:19,093 | INFO  | DNAudit | user=null | ip=null | op=WRITE_CHUNK {blockData=conID: 1 locID: 102739174949847532 bcsId: 2089} | ret=SUCCESS |  
2019-09-05 09:23:19,093 | INFO  | DNAudit | user=null | ip=null | op=WRITE_CHUNK {blockData=conID: 1 locID: 102739174949847532 bcsId: 2089} | ret=SUCCESS |  
2019-09-05 09:23:19,106 | INFO  | DNAudit | user=null | ip=null | op=WRITE_CHUNK {blockData=conID: 1 locID: 102739174949847532 bcsId: 2089} | ret=SUCCESS |  
2019-09-05 09:23:19,114 [grpc-default-executor-0] INFO  client.GrpcClientProtocolClient (GrpcClientProtocolClient.java:onNext(255)) - client-969FB6DA8C9A->4fcc8d53-44cb-4faf-b915-5afa0c7529d4: receive RaftClientReply:client-969FB6DA8C9A->4fcc8d53-44cb-4faf-b915-5afa0c7529d4@group-6A615BAE1DD1, cid=1490, SUCCESS, logIndex=2094, commits[4fcc8d53-44cb-4faf-b915-5afa0c7529d4:c2094, 48aa5eb4-709c-4003-adb5-fbc02723cd23:c2089, 609a8cf1-6ad3-4123-b94a-106ad93148a8:c2093]
2019-09-05 09:23:19,115 | INFO  | DNAudit | user=null | ip=null | op=PUT_BLOCK {blockData=[blockId=conID: 1 locID: 102739174949847532 bcsId: 0,size=3145728]} | ret=SUCCESS |  
2019-09-05 09:23:19,115 [grpc-default-executor-4] INFO  client.GrpcClientProtocolClient (GrpcClientProtocolClient.java:onNext(255)) - client-969FB6DA8C9A->4fcc8d53-44cb-4faf-b915-5afa0c7529d4: receive RaftClientReply:client-969FB6DA8C9A->4fcc8d53-44cb-4faf-b915-5afa0c7529d4@group-6A615BAE1DD1, cid=1491, SUCCESS, logIndex=2095, commits[4fcc8d53-44cb-4faf-b915-5afa0c7529d4:c2095, 48aa5eb4-709c-4003-adb5-fbc02723cd23:c2089, 609a8cf1-6ad3-4123-b94a-106ad93148a8:c2093]
2019-09-05 09:23:19,120 | INFO  | DNAudit | user=null | ip=null | op=WRITE_CHUNK {blockData=conID: 1 locID: 102739174949847532 bcsId: 2095} | ret=SUCCESS |  
2019-09-05 09:23:19,122 | INFO  | DNAudit | user=null | ip=null | op=WRITE_CHUNK {blockData=conID: 1 locID: 102739174949847532 bcsId: 2095} | ret=SUCCESS |  
2019-09-05 09:23:19,122 | INFO  | DNAudit | user=null | ip=null | op=WRITE_CHUNK {blockData=conID: 1 locID: 102739174949847532 bcsId: 2095} | ret=SUCCESS |  
2019-09-05 09:23:19,128 | INFO  | DNAudit | user=null | ip=null | op=WRITE_CHUNK {blockData=conID: 1 locID: 102739174949847532 bcsId: 2089} | ret=SUCCESS |  
2019-09-05 09:23:19,128 | INFO  | DNAudit | user=null | ip=null | op=WRITE_CHUNK {blockData=conID: 1 locID: 102739174949847532 bcsId: 2089} | ret=SUCCESS |  
2019-09-05 09:23:19,208 | INFO  | DNAudit | user=null | ip=null | op=PUT_BLOCK {blockData=[blockId=conID: 1 locID: 102739174949847532 bcsId: 0,size=3145728]} | ret=SUCCESS |  
2019-09-05 09:23:19,208 | INFO  | DNAudit | user=null | ip=null | op=PUT_BLOCK {blockData=[blockId=conID: 1 locID: 102739174949847532 bcsId: 0,size=3145728]} | ret=SUCCESS |  
2019-09-05 09:23:19,208 | INFO  | DNAudit | user=null | ip=null | op=WRITE_CHUNK {blockData=conID: 1 locID: 102739174949847532 bcsId: 2095} | ret=SUCCESS |  
2019-09-05 09:23:19,209 | INFO  | DNAudit | user=null | ip=null | op=PUT_BLOCK {blockData=[blockId=conID: 1 locID: 102739174949847532 bcsId: 0,size=4194304]} | ret=SUCCESS |  
2019-09-05 09:23:19,209 [grpc-default-executor-0] INFO  client.GrpcClientProtocolClient (GrpcClientProtocolClient.java:onNext(255)) - client-969FB6DA8C9A->4fcc8d53-44cb-4faf-b915-5afa0c7529d4: receive RaftClientReply:client-969FB6DA8C9A->4fcc8d53-44cb-4faf-b915-5afa0c7529d4@group-6A615BAE1DD1, cid=1492, SUCCESS, logIndex=2098, commits[4fcc8d53-44cb-4faf-b915-5afa0c7529d4:c2099, 48aa5eb4-709c-4003-adb5-fbc02723cd23:c2095, 609a8cf1-6ad3-4123-b94a-106ad93148a8:c2095]
2019-09-05 09:23:19,209 [grpc-default-executor-0] INFO  client.GrpcClientProtocolClient (GrpcClientProtocolClient.java:onNext(255)) - client-969FB6DA8C9A->4fcc8d53-44cb-4faf-b915-5afa0c7529d4: receive RaftClientReply:client-969FB6DA8C9A->4fcc8d53-44cb-4faf-b915-5afa0c7529d4@group-6A615BAE1DD1, cid=1493, SUCCESS, logIndex=2099, commits[4fcc8d53-44cb-4faf-b915-5afa0c7529d4:c2099, 48aa5eb4-709c-4003-adb5-fbc02723cd23:c2095, 609a8cf1-6ad3-4123-b94a-106ad93148a8:c2095]
2019-09-05 09:23:19,236 | INFO  | DNAudit | user=null | ip=null | op=WRITE_CHUNK {blockData=conID: 1 locID: 102739174949847532 bcsId: 2095} | ret=SUCCESS |  
2019-09-05 09:23:19,236 | INFO  | DNAudit | user=null | ip=null | op=WRITE_CHUNK {blockData=conID: 1 locID: 102739174949847532 bcsId: 2095} | ret=SUCCESS |  
2019-09-05 09:23:19,236 | INFO  | DNAudit | user=null | ip=null | op=PUT_BLOCK {blockData=[blockId=conID: 1 locID: 102739174949847532 bcsId: 0,size=4194304]} | ret=SUCCESS |  
2019-09-05 09:23:19,236 | INFO  | DNAudit | user=null | ip=null | op=PUT_BLOCK {blockData=[blockId=conID: 1 locID: 102739174949847532 bcsId: 0,size=4194304]} | ret=SUCCESS |  
2019-09-05 09:23:19,236 [grpc-default-executor-4] INFO  client.GrpcClientProtocolClient (GrpcClientProtocolClient.java:onNext(255)) - client-969FB6DA8C9A->4fcc8d53-44cb-4faf-b915-5afa0c7529d4: receive RaftClientReply:client-969FB6DA8C9A->4fcc8d53-44cb-4faf-b915-5afa0c7529d4@group-6A615BAE1DD1, cid=1494, SUCCESS, logIndex=0, commits[4fcc8d53-44cb-4faf-b915-5afa0c7529d4:c2100, 48aa5eb4-709c-4003-adb5-fbc02723cd23:c2099, 609a8cf1-6ad3-4123-b94a-106ad93148a8:c2099]
2019-09-05 09:23:19,237 | INFO  | SCMAudit | user=jenkins1000 | ip=192.168.36.69 | op=SEND_HEARTBEAT {datanodeUUID=5b6cff60-1414-40d6-b682-781dc5ff3023, command=[]} | ret=SUCCESS |  
2019-09-05 09:23:19,240 | INFO  | SCMAudit | user=jenkins1000 | ip=192.168.36.69 | op=ALLOCATE_BLOCK {owner=5cf4fcf6-c517-45f4-af25-2fff646d8883, size=4194304, type=RATIS, factor=THREE} | ret=SUCCESS |  
2019-09-05 09:23:19,242 | INFO  | OMAudit | user=jenkins1000 | ip=127.0.0.1 | op=ALLOCATE_BLOCK {volume=vol-0-13331, bucket=bucket-0-43606, key=key-0-76526, dataSize=0, replicationType=null, replicationFactor=null, keyLocationInfo=null, clientID=102739173903106450} | ret=SUCCESS |  
2019-09-05 09:23:19,248 | INFO  | DNAudit | user=null | ip=null | op=WRITE_CHUNK {blockData=conID: 2 locID: 102739174964593133 bcsId: 0} | ret=SUCCESS |  
2019-09-05 09:23:19,250 | INFO  | DNAudit | user=null | ip=null | op=WRITE_CHUNK {blockData=conID: 2 locID: 102739174964593133 bcsId: 0} | ret=SUCCESS |  
2019-09-05 09:23:19,250 | INFO  | DNAudit | user=null | ip=null | op=WRITE_CHUNK {blockData=conID: 2 locID: 102739174964593133 bcsId: 0} | ret=SUCCESS |  
2019-09-05 09:23:19,250 | INFO  | DNAudit | user=null | ip=null | op=WRITE_CHUNK {blockData=conID: 2 locID: 102739174964593133 bcsId: 0} | ret=SUCCESS |  
2019-09-05 09:23:19,252 | INFO  | DNAudit | user=null | ip=null | op=WRITE_CHUNK {blockData=conID: 2 locID: 102739174964593133 bcsId: 0} | ret=SUCCESS |  
2019-09-05 09:23:19,252 | INFO  | DNAudit | user=null | ip=null | op=WRITE_CHUNK {blockData=conID: 2 locID: 102739174964593133 bcsId: 0} | ret=SUCCESS |  
2019-09-05 09:23:19,263 | INFO  | DNAudit | user=null | ip=null | op=WRITE_CHUNK {blockData=conID: 2 locID: 102739174964593133 bcsId: 0} | ret=SUCCESS |  
2019-09-05 09:23:19,263 | INFO  | DNAudit | user=null | ip=null | op=PUT_BLOCK {blockData=[blockId=conID: 2 locID: 102739174964593133 bcsId: 0,size=1048576]} | ret=SUCCESS |  
2019-09-05 09:23:19,263 [grpc-default-executor-0] INFO  client.GrpcClientProtocolClient (GrpcClientProtocolClient.java:onNext(255)) - client-969FB6DA8C9A->4fcc8d53-44cb-4faf-b915-5afa0c7529d4: receive RaftClientReply:client-969FB6DA8C9A->4fcc8d53-44cb-4faf-b915-5afa0c7529d4@group-6A615BAE1DD1, cid=1495, SUCCESS, logIndex=2102, commits[4fcc8d53-44cb-4faf-b915-5afa0c7529d4:c2103, 48aa5eb4-709c-4003-adb5-fbc02723cd23:c2101, 609a8cf1-6ad3-4123-b94a-106ad93148a8:c2101]
2019-09-05 09:23:19,263 [grpc-default-executor-0] INFO  client.GrpcClientProtocolClient (GrpcClientProtocolClient.java:onNext(255)) - client-969FB6DA8C9A->4fcc8d53-44cb-4faf-b915-5afa0c7529d4: receive RaftClientReply:client-969FB6DA8C9A->4fcc8d53-44cb-4faf-b915-5afa0c7529d4@group-6A615BAE1DD1, cid=1496, SUCCESS, logIndex=2103, commits[4fcc8d53-44cb-4faf-b915-5afa0c7529d4:c2103, 48aa5eb4-709c-4003-adb5-fbc02723cd23:c2101, 609a8cf1-6ad3-4123-b94a-106ad93148a8:c2101]
2019-09-05 09:23:19,275 | INFO  | DNAudit | user=null | ip=null | op=WRITE_CHUNK {blockData=conID: 2 locID: 102739174964593133 bcsId: 0} | ret=SUCCESS |  
2019-09-05 09:23:19,276 | INFO  | DNAudit | user=null | ip=null | op=PUT_BLOCK {blockData=[blockId=conID: 2 locID: 102739174964593133 bcsId: 0,size=2097152]} | ret=SUCCESS |  
2019-09-05 09:23:19,276 [grpc-default-executor-5] INFO  client.GrpcClientProtocolClient (GrpcClientProtocolClient.java:onNext(255)) - client-969FB6DA8C9A->4fcc8d53-44cb-4faf-b915-5afa0c7529d4: receive RaftClientReply:client-969FB6DA8C9A->4fcc8d53-44cb-4faf-b915-5afa0c7529d4@group-6A615BAE1DD1, cid=1497, SUCCESS, logIndex=2104, commits[4fcc8d53-44cb-4faf-b915-5afa0c7529d4:c2105, 48aa5eb4-709c-4003-adb5-fbc02723cd23:c2101, 609a8cf1-6ad3-4123-b94a-106ad93148a8:c2101]
2019-09-05 09:23:19,276 [grpc-default-executor-5] INFO  client.GrpcClientProtocolClient (GrpcClientProtocolClient.java:onNext(255)) - client-969FB6DA8C9A->4fcc8d53-44cb-4faf-b915-5afa0c7529d4: receive RaftClientReply:client-969FB6DA8C9A->4fcc8d53-44cb-4faf-b915-5afa0c7529d4@group-6A615BAE1DD1, cid=1498, SUCCESS, logIndex=2105, commits[4fcc8d53-44cb-4faf-b915-5afa0c7529d4:c2105, 48aa5eb4-709c-4003-adb5-fbc02723cd23:c2101, 609a8cf1-6ad3-4123-b94a-106ad93148a8:c2101]
2019-09-05 09:23:19,296 | INFO  | DNAudit | user=null | ip=null | op=WRITE_CHUNK {blockData=conID: 2 locID: 102739174964593133 bcsId: 0} | ret=SUCCESS |  
2019-09-05 09:23:19,296 | INFO  | DNAudit | user=null | ip=null | op=PUT_BLOCK {blockData=[blockId=conID: 2 locID: 102739174964593133 bcsId: 0,size=1048576]} | ret=SUCCESS |  
2019-09-05 09:23:19,296 | INFO  | DNAudit | user=null | ip=null | op=WRITE_CHUNK {blockData=conID: 2 locID: 102739174964593133 bcsId: 0} | ret=SUCCESS |  
2019-09-05 09:23:19,297 | INFO  | DNAudit | user=null | ip=null | op=PUT_BLOCK {blockData=[blockId=conID: 2 locID: 102739174964593133 bcsId: 0,size=1048576]} | ret=SUCCESS |  
2019-09-05 09:23:19,297 [grpc-default-executor-5] INFO  client.GrpcClientProtocolClient (GrpcClientProtocolClient.java:onNext(255)) - client-969FB6DA8C9A->4fcc8d53-44cb-4faf-b915-5afa0c7529d4: receive RaftClientReply:client-969FB6DA8C9A->4fcc8d53-44cb-4faf-b915-5afa0c7529d4@group-6A615BAE1DD1, cid=1499, SUCCESS, logIndex=0, commits[4fcc8d53-44cb-4faf-b915-5afa0c7529d4:c2107, 48aa5eb4-709c-4003-adb5-fbc02723cd23:c2103, 609a8cf1-6ad3-4123-b94a-106ad93148a8:c2103]
2019-09-05 09:23:19,297 | INFO  | DNAudit | user=null | ip=null | op=WRITE_CHUNK {blockData=conID: 2 locID: 102739174964593133 bcsId: 0} | ret=SUCCESS |  
2019-09-05 09:23:19,298 | INFO  | DNAudit | user=null | ip=null | op=PUT_BLOCK {blockData=[blockId=conID: 2 locID: 102739174964593133 bcsId: 0,size=2097152]} | ret=SUCCESS |  
2019-09-05 09:23:19,298 | INFO  | DNAudit | user=null | ip=null | op=WRITE_CHUNK {blockData=conID: 2 locID: 102739174964593133 bcsId: 0} | ret=SUCCESS |  
2019-09-05 09:23:19,298 | INFO  | DNAudit | user=null | ip=null | op=PUT_BLOCK {blockData=[blockId=conID: 2 locID: 102739174964593133 bcsId: 0,size=2097152]} | ret=SUCCESS |  
2019-09-05 09:23:19,303 | INFO  | DNAudit | user=null | ip=null | op=WRITE_CHUNK {blockData=conID: 2 locID: 102739174964593133 bcsId: 2105} | ret=SUCCESS |  
2019-09-05 09:23:19,304 | INFO  | DNAudit | user=null | ip=null | op=WRITE_CHUNK {blockData=conID: 2 locID: 102739174964593133 bcsId: 2105} | ret=SUCCESS |  
2019-09-05 09:23:19,304 | INFO  | DNAudit | user=null | ip=null | op=WRITE_CHUNK {blockData=conID: 2 locID: 102739174964593133 bcsId: 2105} | ret=SUCCESS |  
2019-09-05 09:23:19,317 | INFO  | DNAudit | user=null | ip=null | op=WRITE_CHUNK {blockData=conID: 2 locID: 102739174964593133 bcsId: 2105} | ret=SUCCESS |  
2019-09-05 09:23:19,317 | INFO  | DNAudit | user=null | ip=null | op=PUT_BLOCK {blockData=[blockId=conID: 2 locID: 102739174964593133 bcsId: 0,size=3145728]} | ret=SUCCESS |  
2019-09-05 09:23:19,317 [grpc-default-executor-5] INFO  client.GrpcClientProtocolClient (GrpcClientProtocolClient.java:onNext(255)) - client-969FB6DA8C9A->4fcc8d53-44cb-4faf-b915-5afa0c7529d4: receive RaftClientReply:client-969FB6DA8C9A->4fcc8d53-44cb-4faf-b915-5afa0c7529d4@group-6A615BAE1DD1, cid=1500, SUCCESS, logIndex=2110, commits[4fcc8d53-44cb-4faf-b915-5afa0c7529d4:c2111, 48aa5eb4-709c-4003-adb5-fbc02723cd23:c2109, 609a8cf1-6ad3-4123-b94a-106ad93148a8:c2109]
2019-09-05 09:23:19,318 [grpc-default-executor-5] INFO  client.GrpcClientProtocolClient (GrpcClientProtocolClient.java:onNext(255)) - client-969FB6DA8C9A->4fcc8d53-44cb-4faf-b915-5afa0c7529d4: receive RaftClientReply:client-969FB6DA8C9A->4fcc8d53-44cb-4faf-b915-5afa0c7529d4@group-6A615BAE1DD1, cid=1501, SUCCESS, logIndex=2111, commits[4fcc8d53-44cb-4faf-b915-5afa0c7529d4:c2111, 48aa5eb4-709c-4003-adb5-fbc02723cd23:c2109, 609a8cf1-6ad3-4123-b94a-106ad93148a8:c2109]
2019-09-05 09:23:19,320 | INFO  | DNAudit | user=null | ip=null | op=WRITE_CHUNK {blockData=conID: 2 locID: 102739174964593133 bcsId: 2105} | ret=SUCCESS |  
2019-09-05 09:23:19,321 | INFO  | DNAudit | user=null | ip=null | op=WRITE_CHUNK {blockData=conID: 2 locID: 102739174964593133 bcsId: 2105} | ret=SUCCESS |  
2019-09-05 09:23:19,321 | INFO  | DNAudit | user=null | ip=null | op=PUT_BLOCK {blockData=[blockId=conID: 2 locID: 102739174964593133 bcsId: 0,size=3145728]} | ret=SUCCESS |  
2019-09-05 09:23:19,321 | INFO  | DNAudit | user=null | ip=null | op=PUT_BLOCK {blockData=[blockId=conID: 2 locID: 102739174964593133 bcsId: 0,size=3145728]} | ret=SUCCESS |  
2019-09-05 09:23:19,323 | INFO  | DNAudit | user=null | ip=null | op=WRITE_CHUNK {blockData=conID: 2 locID: 102739174964593133 bcsId: 2111} | ret=SUCCESS |  
2019-09-05 09:23:19,324 | INFO  | DNAudit | user=null | ip=null | op=WRITE_CHUNK {blockData=conID: 2 locID: 102739174964593133 bcsId: 2111} | ret=SUCCESS |  
2019-09-05 09:23:19,325 | INFO  | DNAudit | user=null | ip=null | op=WRITE_CHUNK {blockData=conID: 2 locID: 102739174964593133 bcsId: 2111} | ret=SUCCESS |  
2019-09-05 09:23:19,344 | INFO  | DNAudit | user=null | ip=null | op=WRITE_CHUNK {blockData=conID: 2 locID: 102739174964593133 bcsId: 2111} | ret=SUCCESS |  
2019-09-05 09:23:19,344 | INFO  | DNAudit | user=null | ip=null | op=PUT_BLOCK {blockData=[blockId=conID: 2 locID: 102739174964593133 bcsId: 0,size=4194304]} | ret=SUCCESS |  
2019-09-05 09:23:19,344 [grpc-default-executor-0] INFO  client.GrpcClientProtocolClient (GrpcClientProtocolClient.java:onNext(255)) - client-969FB6DA8C9A->4fcc8d53-44cb-4faf-b915-5afa0c7529d4: receive RaftClientReply:client-969FB6DA8C9A->4fcc8d53-44cb-4faf-b915-5afa0c7529d4@group-6A615BAE1DD1, cid=1502, SUCCESS, logIndex=2114, commits[4fcc8d53-44cb-4faf-b915-5afa0c7529d4:c2115, 48aa5eb4-709c-4003-adb5-fbc02723cd23:c2113, 609a8cf1-6ad3-4123-b94a-106ad93148a8:c2113]
2019-09-05 09:23:19,344 [grpc-default-executor-0] INFO  client.GrpcClientProtocolClient (GrpcClientProtocolClient.java:onNext(255)) - client-969FB6DA8C9A->4fcc8d53-44cb-4faf-b915-5afa0c7529d4: receive RaftClientReply:client-969FB6DA8C9A->4fcc8d53-44cb-4faf-b915-5afa0c7529d4@group-6A615BAE1DD1, cid=1503, SUCCESS, logIndex=2115, commits[4fcc8d53-44cb-4faf-b915-5afa0c7529d4:c2115, 48aa5eb4-709c-4003-adb5-fbc02723cd23:c2113, 609a8cf1-6ad3-4123-b94a-106ad93148a8:c2113]
2019-09-05 09:23:19,361 | INFO  | DNAudit | user=null | ip=null | op=WRITE_CHUNK {blockData=conID: 2 locID: 102739174964593133 bcsId: 2111} | ret=SUCCESS |  
2019-09-05 09:23:19,361 | INFO  | DNAudit | user=null | ip=null | op=WRITE_CHUNK {blockData=conID: 2 locID: 102739174964593133 bcsId: 2111} | ret=SUCCESS |  
2019-09-05 09:23:19,363 | INFO  | DNAudit | user=null | ip=null | op=PUT_BLOCK {blockData=[blockId=conID: 2 locID: 102739174964593133 bcsId: 0,size=4194304]} | ret=SUCCESS |  
2019-09-05 09:23:19,363 | INFO  | DNAudit | user=null | ip=null | op=PUT_BLOCK {blockData=[blockId=conID: 2 locID: 102739174964593133 bcsId: 0,size=4194304]} | ret=SUCCESS |  
2019-09-05 09:23:19,363 [grpc-default-executor-4] INFO  client.GrpcClientProtocolClient (GrpcClientProtocolClient.java:onNext(255)) - client-969FB6DA8C9A->4fcc8d53-44cb-4faf-b915-5afa0c7529d4: receive RaftClientReply:client-969FB6DA8C9A->4fcc8d53-44cb-4faf-b915-5afa0c7529d4@group-6A615BAE1DD1, cid=1504, SUCCESS, logIndex=0, commits[4fcc8d53-44cb-4faf-b915-5afa0c7529d4:c2116, 48aa5eb4-709c-4003-adb5-fbc02723cd23:c2115, 609a8cf1-6ad3-4123-b94a-106ad93148a8:c2115]
2019-09-05 09:23:19,367 | INFO  | SCMAudit | user=jenkins1000 | ip=192.168.36.69 | op=ALLOCATE_BLOCK {owner=5cf4fcf6-c517-45f4-af25-2fff646d8883, size=4194304, type=RATIS, factor=THREE} | ret=SUCCESS |  
2019-09-05 09:23:19,369 | INFO  | OMAudit | user=jenkins1000 | ip=127.0.0.1 | op=ALLOCATE_BLOCK {volume=vol-0-13331, bucket=bucket-0-43606, key=key-0-76526, dataSize=0, replicationType=null, replicationFactor=null, keyLocationInfo=null, clientID=102739173903106450} | ret=SUCCESS |  
2019-09-05 09:23:19,376 | INFO  | DNAudit | user=null | ip=null | op=WRITE_CHUNK {blockData=conID: 3 locID: 102739174972916206 bcsId: 0} | ret=SUCCESS |  
2019-09-05 09:23:19,379 | INFO  | DNAudit | user=null | ip=null | op=WRITE_CHUNK {blockData=conID: 3 locID: 102739174972916206 bcsId: 0} | ret=SUCCESS |  
2019-09-05 09:23:19,379 | INFO  | DNAudit | user=null | ip=null | op=WRITE_CHUNK {blockData=conID: 3 locID: 102739174972916206 bcsId: 0} | ret=SUCCESS |  
2019-09-05 09:23:19,379 | INFO  | DNAudit | user=null | ip=null | op=WRITE_CHUNK {blockData=conID: 3 locID: 102739174972916206 bcsId: 0} | ret=SUCCESS |  
2019-09-05 09:23:19,381 | INFO  | DNAudit | user=null | ip=null | op=WRITE_CHUNK {blockData=conID: 3 locID: 102739174972916206 bcsId: 0} | ret=SUCCESS |  
2019-09-05 09:23:19,381 | INFO  | DNAudit | user=null | ip=null | op=WRITE_CHUNK {blockData=conID: 3 locID: 102739174972916206 bcsId: 0} | ret=SUCCESS |  
2019-09-05 09:23:19,420 | INFO  | DNAudit | user=null | ip=null | op=WRITE_CHUNK {blockData=conID: 3 locID: 102739174972916206 bcsId: 0} | ret=SUCCESS |  
2019-09-05 09:23:19,420 | INFO  | DNAudit | user=null | ip=null | op=PUT_BLOCK {blockData=[blockId=conID: 3 locID: 102739174972916206 bcsId: 0,size=1048576]} | ret=SUCCESS |  
2019-09-05 09:23:19,420 [grpc-default-executor-4] INFO  client.GrpcClientProtocolClient (GrpcClientProtocolClient.java:onNext(255)) - client-969FB6DA8C9A->4fcc8d53-44cb-4faf-b915-5afa0c7529d4: receive RaftClientReply:client-969FB6DA8C9A->4fcc8d53-44cb-4faf-b915-5afa0c7529d4@group-6A615BAE1DD1, cid=1505, SUCCESS, logIndex=2118, commits[4fcc8d53-44cb-4faf-b915-5afa0c7529d4:c2119, 48aa5eb4-709c-4003-adb5-fbc02723cd23:c2117, 609a8cf1-6ad3-4123-b94a-106ad93148a8:c2117]
2019-09-05 09:23:19,421 [grpc-default-executor-4] INFO  client.GrpcClientProtocolClient (GrpcClientProtocolClient.java:onNext(255)) - client-969FB6DA8C9A->4fcc8d53-44cb-4faf-b915-5afa0c7529d4: receive RaftClientReply:client-969FB6DA8C9A->4fcc8d53-44cb-4faf-b915-5afa0c7529d4@group-6A615BAE1DD1, cid=1506, SUCCESS, logIndex=2119, commits[4fcc8d53-44cb-4faf-b915-5afa0c7529d4:c2119, 48aa5eb4-709c-4003-adb5-fbc02723cd23:c2117, 609a8cf1-6ad3-4123-b94a-106ad93148a8:c2117]
2019-09-05 09:23:19,428 | INFO  | DNAudit | user=null | ip=null | op=WRITE_CHUNK {blockData=conID: 3 locID: 102739174972916206 bcsId: 0} | ret=SUCCESS |  
2019-09-05 09:23:19,428 | INFO  | DNAudit | user=null | ip=null | op=PUT_BLOCK {blockData=[blockId=conID: 3 locID: 102739174972916206 bcsId: 0,size=2097152]} | ret=SUCCESS |  
2019-09-05 09:23:19,429 | INFO  | DNAudit | user=null | ip=null | op=WRITE_CHUNK {blockData=conID: 3 locID: 102739174972916206 bcsId: 0} | ret=SUCCESS |  
2019-09-05 09:23:19,429 [grpc-default-executor-3] INFO  client.GrpcClientProtocolClient (GrpcClientProtocolClient.java:onNext(255)) - client-969FB6DA8C9A->4fcc8d53-44cb-4faf-b915-5afa0c7529d4: receive RaftClientReply:client-969FB6DA8C9A->4fcc8d53-44cb-4faf-b915-5afa0c7529d4@group-6A615BAE1DD1, cid=1507, SUCCESS, logIndex=2120, commits[4fcc8d53-44cb-4faf-b915-5afa0c7529d4:c2121, 48aa5eb4-709c-4003-adb5-fbc02723cd23:c2117, 609a8cf1-6ad3-4123-b94a-106ad93148a8:c2117]
2019-09-05 09:23:19,429 | INFO  | DNAudit | user=null | ip=null | op=PUT_BLOCK {blockData=[blockId=conID: 3 locID: 102739174972916206 bcsId: 0,size=1048576]} | ret=SUCCESS |  
2019-09-05 09:23:19,429 [grpc-default-executor-3] INFO  client.GrpcClientProtocolClient (GrpcClientProtocolClient.java:onNext(255)) - client-969FB6DA8C9A->4fcc8d53-44cb-4faf-b915-5afa0c7529d4: receive RaftClientReply:client-969FB6DA8C9A->4fcc8d53-44cb-4faf-b915-5afa0c7529d4@group-6A615BAE1DD1, cid=1508, SUCCESS, logIndex=2121, commits[4fcc8d53-44cb-4faf-b915-5afa0c7529d4:c2121, 48aa5eb4-709c-4003-adb5-fbc02723cd23:c2117, 609a8cf1-6ad3-4123-b94a-106ad93148a8:c2117]
2019-09-05 09:23:19,430 | INFO  | DNAudit | user=null | ip=null | op=WRITE_CHUNK {blockData=conID: 3 locID: 102739174972916206 bcsId: 0} | ret=SUCCESS |  
2019-09-05 09:23:19,430 | INFO  | DNAudit | user=null | ip=null | op=PUT_BLOCK {blockData=[blockId=conID: 3 locID: 102739174972916206 bcsId: 0,size=1048576]} | ret=SUCCESS |  
2019-09-05 09:23:19,431 | INFO  | DNAudit | user=null | ip=null | op=WRITE_CHUNK {blockData=conID: 3 locID: 102739174972916206 bcsId: 0} | ret=SUCCESS |  
2019-09-05 09:23:19,430 [grpc-default-executor-3] INFO  client.GrpcClientProtocolClient (GrpcClientProtocolClient.java:onNext(255)) - client-969FB6DA8C9A->4fcc8d53-44cb-4faf-b915-5afa0c7529d4: receive RaftClientReply:client-969FB6DA8C9A->4fcc8d53-44cb-4faf-b915-5afa0c7529d4@group-6A615BAE1DD1, cid=1509, SUCCESS, logIndex=0, commits[4fcc8d53-44cb-4faf-b915-5afa0c7529d4:c2123, 48aa5eb4-709c-4003-adb5-fbc02723cd23:c2119, 609a8cf1-6ad3-4123-b94a-106ad93148a8:c2119]
2019-09-05 09:23:19,431 | INFO  | DNAudit | user=null | ip=null | op=PUT_BLOCK {blockData=[blockId=conID: 3 locID: 102739174972916206 bcsId: 0,size=2097152]} | ret=SUCCESS |  
2019-09-05 09:23:19,431 | INFO  | DNAudit | user=null | ip=null | op=WRITE_CHUNK {blockData=conID: 3 locID: 102739174972916206 bcsId: 0} | ret=SUCCESS |  
2019-09-05 09:23:19,431 | INFO  | DNAudit | user=null | ip=null | op=PUT_BLOCK {blockData=[blockId=conID: 3 locID: 102739174972916206 bcsId: 0,size=2097152]} | ret=SUCCESS |  
2019-09-05 09:23:19,438 | INFO  | DNAudit | user=null | ip=null | op=WRITE_CHUNK {blockData=conID: 3 locID: 102739174972916206 bcsId: 2121} | ret=SUCCESS |  
2019-09-05 09:23:19,439 | INFO  | DNAudit | user=null | ip=null | op=WRITE_CHUNK {blockData=conID: 3 locID: 102739174972916206 bcsId: 2121} | ret=SUCCESS |  
2019-09-05 09:23:19,439 | INFO  | DNAudit | user=null | ip=null | op=WRITE_CHUNK {blockData=conID: 3 locID: 102739174972916206 bcsId: 2121} | ret=SUCCESS |  
2019-09-05 09:23:19,529 | INFO  | SCMAudit | user=jenkins1000 | ip=192.168.36.69 | op=SEND_HEARTBEAT {datanodeUUID=fe9e29a7-51ad-458f-9e11-f615da290baa, command=[]} | ret=SUCCESS |  
2019-09-05 09:23:19,552 | INFO  | DNAudit | user=null | ip=null | op=WRITE_CHUNK {blockData=conID: 3 locID: 102739174972916206 bcsId: 2121} | ret=SUCCESS |  
2019-09-05 09:23:19,553 | INFO  | DNAudit | user=null | ip=null | op=PUT_BLOCK {blockData=[blockId=conID: 3 locID: 102739174972916206 bcsId: 0,size=3145728]} | ret=SUCCESS |  
2019-09-05 09:23:19,553 [grpc-default-executor-4] INFO  client.GrpcClientProtocolClient (GrpcClientProtocolClient.java:onNext(255)) - client-969FB6DA8C9A->4fcc8d53-44cb-4faf-b915-5afa0c7529d4: receive RaftClientReply:client-969FB6DA8C9A->4fcc8d53-44cb-4faf-b915-5afa0c7529d4@group-6A615BAE1DD1, cid=1510, SUCCESS, logIndex=2126, commits[4fcc8d53-44cb-4faf-b915-5afa0c7529d4:c2127, 48aa5eb4-709c-4003-adb5-fbc02723cd23:c2125, 609a8cf1-6ad3-4123-b94a-106ad93148a8:c2125]
2019-09-05 09:23:19,553 [grpc-default-executor-4] INFO  client.GrpcClientProtocolClient (GrpcClientProtocolClient.java:onNext(255)) - client-969FB6DA8C9A->4fcc8d53-44cb-4faf-b915-5afa0c7529d4: receive RaftClientReply:client-969FB6DA8C9A->4fcc8d53-44cb-4faf-b915-5afa0c7529d4@group-6A615BAE1DD1, cid=1511, SUCCESS, logIndex=2127, commits[4fcc8d53-44cb-4faf-b915-5afa0c7529d4:c2127, 48aa5eb4-709c-4003-adb5-fbc02723cd23:c2125, 609a8cf1-6ad3-4123-b94a-106ad93148a8:c2125]
2019-09-05 09:23:19,556 | INFO  | DNAudit | user=null | ip=null | op=WRITE_CHUNK {blockData=conID: 3 locID: 102739174972916206 bcsId: 2121} | ret=SUCCESS |  
2019-09-05 09:23:19,556 | INFO  | DNAudit | user=null | ip=null | op=WRITE_CHUNK {blockData=conID: 3 locID: 102739174972916206 bcsId: 2121} | ret=SUCCESS |  
2019-09-05 09:23:19,557 | INFO  | DNAudit | user=null | ip=null | op=PUT_BLOCK {blockData=[blockId=conID: 3 locID: 102739174972916206 bcsId: 0,size=3145728]} | ret=SUCCESS |  
2019-09-05 09:23:19,557 | INFO  | DNAudit | user=null | ip=null | op=PUT_BLOCK {blockData=[blockId=conID: 3 locID: 102739174972916206 bcsId: 0,size=3145728]} | ret=SUCCESS |  
2019-09-05 09:23:19,561 | INFO  | DNAudit | user=null | ip=null | op=WRITE_CHUNK {blockData=conID: 3 locID: 102739174972916206 bcsId: 2127} | ret=SUCCESS |  
2019-09-05 09:23:19,563 | INFO  | DNAudit | user=null | ip=null | op=WRITE_CHUNK {blockData=conID: 3 locID: 102739174972916206 bcsId: 2127} | ret=SUCCESS |  
2019-09-05 09:23:19,564 | INFO  | DNAudit | user=null | ip=null | op=WRITE_CHUNK {blockData=conID: 3 locID: 102739174972916206 bcsId: 2127} | ret=SUCCESS |  
2019-09-05 09:23:19,566 | INFO  | DNAudit | user=null | ip=null | op=WRITE_CHUNK {blockData=conID: 3 locID: 102739174972916206 bcsId: 2127} | ret=SUCCESS |  
2019-09-05 09:23:19,567 | INFO  | DNAudit | user=null | ip=null | op=PUT_BLOCK {blockData=[blockId=conID: 3 locID: 102739174972916206 bcsId: 0,size=4194304]} | ret=SUCCESS |  
2019-09-05 09:23:19,567 [grpc-default-executor-3] INFO  client.GrpcClientProtocolClient (GrpcClientProtocolClient.java:onNext(255)) - client-969FB6DA8C9A->4fcc8d53-44cb-4faf-b915-5afa0c7529d4: receive RaftClientReply:client-969FB6DA8C9A->4fcc8d53-44cb-4faf-b915-5afa0c7529d4@group-6A615BAE1DD1, cid=1512, SUCCESS, logIndex=2130, commits[4fcc8d53-44cb-4faf-b915-5afa0c7529d4:c2130, 48aa5eb4-709c-4003-adb5-fbc02723cd23:c2127, 609a8cf1-6ad3-4123-b94a-106ad93148a8:c2129]
2019-09-05 09:23:19,567 [grpc-default-executor-3] INFO  client.GrpcClientProtocolClient (GrpcClientProtocolClient.java:onNext(255)) - client-969FB6DA8C9A->4fcc8d53-44cb-4faf-b915-5afa0c7529d4: receive RaftClientReply:client-969FB6DA8C9A->4fcc8d53-44cb-4faf-b915-5afa0c7529d4@group-6A615BAE1DD1, cid=1513, SUCCESS, logIndex=2131, commits[4fcc8d53-44cb-4faf-b915-5afa0c7529d4:c2131, 48aa5eb4-709c-4003-adb5-fbc02723cd23:c2129, 609a8cf1-6ad3-4123-b94a-106ad93148a8:c2129]
2019-09-05 09:23:19,577 | INFO  | DNAudit | user=null | ip=null | op=WRITE_CHUNK {blockData=conID: 3 locID: 102739174972916206 bcsId: 2127} | ret=SUCCESS |  
2019-09-05 09:23:19,577 | INFO  | DNAudit | user=null | ip=null | op=WRITE_CHUNK {blockData=conID: 3 locID: 102739174972916206 bcsId: 2127} | ret=SUCCESS |  
2019-09-05 09:23:19,577 | INFO  | DNAudit | user=null | ip=null | op=PUT_BLOCK {blockData=[blockId=conID: 3 locID: 102739174972916206 bcsId: 0,size=4194304]} | ret=SUCCESS |  
2019-09-05 09:23:19,577 | INFO  | DNAudit | user=null | ip=null | op=PUT_BLOCK {blockData=[blockId=conID: 3 locID: 102739174972916206 bcsId: 0,size=4194304]} | ret=SUCCESS |  
2019-09-05 09:23:19,577 [grpc-default-executor-3] INFO  client.GrpcClientProtocolClient (GrpcClientProtocolClient.java:onNext(255)) - client-969FB6DA8C9A->4fcc8d53-44cb-4faf-b915-5afa0c7529d4: receive RaftClientReply:client-969FB6DA8C9A->4fcc8d53-44cb-4faf-b915-5afa0c7529d4@group-6A615BAE1DD1, cid=1514, SUCCESS, logIndex=0, commits[4fcc8d53-44cb-4faf-b915-5afa0c7529d4:c2132, 48aa5eb4-709c-4003-adb5-fbc02723cd23:c2131, 609a8cf1-6ad3-4123-b94a-106ad93148a8:c2131]
2019-09-05 09:23:19,582 | INFO  | SCMAudit | user=jenkins1000 | ip=192.168.36.69 | op=ALLOCATE_BLOCK {owner=5cf4fcf6-c517-45f4-af25-2fff646d8883, size=4194304, type=RATIS, factor=THREE} | ret=SUCCESS |  
2019-09-05 09:23:19,585 | INFO  | OMAudit | user=jenkins1000 | ip=127.0.0.1 | op=ALLOCATE_BLOCK {volume=vol-0-13331, bucket=bucket-0-43606, key=key-0-76526, dataSize=0, replicationType=null, replicationFactor=null, keyLocationInfo=null, clientID=102739173903106450} | ret=SUCCESS |  
2019-09-05 09:23:19,599 | INFO  | DNAudit | user=null | ip=null | op=WRITE_CHUNK {blockData=conID: 1 locID: 102739174987006447 bcsId: 0} | ret=SUCCESS |  
2019-09-05 09:23:19,599 | INFO  | DNAudit | user=null | ip=null | op=WRITE_CHUNK {blockData=conID: 1 locID: 102739174987006447 bcsId: 0} | ret=SUCCESS |  
2019-09-05 09:23:19,601 | INFO  | DNAudit | user=null | ip=null | op=WRITE_CHUNK {blockData=conID: 1 locID: 102739174987006447 bcsId: 0} | ret=SUCCESS |  
2019-09-05 09:23:19,601 | INFO  | DNAudit | user=null | ip=null | op=WRITE_CHUNK {blockData=conID: 1 locID: 102739174987006447 bcsId: 0} | ret=SUCCESS |  
2019-09-05 09:23:19,602 | INFO  | DNAudit | user=null | ip=null | op=WRITE_CHUNK {blockData=conID: 1 locID: 102739174987006447 bcsId: 0} | ret=SUCCESS |  
2019-09-05 09:23:19,602 | INFO  | DNAudit | user=null | ip=null | op=WRITE_CHUNK {blockData=conID: 1 locID: 102739174987006447 bcsId: 0} | ret=SUCCESS |  
2019-09-05 09:23:19,619 | INFO  | DNAudit | user=null | ip=null | op=WRITE_CHUNK {blockData=conID: 1 locID: 102739174987006447 bcsId: 0} | ret=SUCCESS |  
2019-09-05 09:23:19,620 | INFO  | DNAudit | user=null | ip=null | op=PUT_BLOCK {blockData=[blockId=conID: 1 locID: 102739174987006447 bcsId: 0,size=1048576]} | ret=SUCCESS |  
2019-09-05 09:23:19,620 | INFO  | DNAudit | user=null | ip=null | op=WRITE_CHUNK {blockData=conID: 1 locID: 102739174987006447 bcsId: 0} | ret=SUCCESS |  
2019-09-05 09:23:19,620 [grpc-default-executor-3] INFO  client.GrpcClientProtocolClient (GrpcClientProtocolClient.java:onNext(255)) - client-969FB6DA8C9A->4fcc8d53-44cb-4faf-b915-5afa0c7529d4: receive RaftClientReply:client-969FB6DA8C9A->4fcc8d53-44cb-4faf-b915-5afa0c7529d4@group-6A615BAE1DD1, cid=1515, SUCCESS, logIndex=2134, commits[4fcc8d53-44cb-4faf-b915-5afa0c7529d4:c2136, 48aa5eb4-709c-4003-adb5-fbc02723cd23:c2133, 609a8cf1-6ad3-4123-b94a-106ad93148a8:c2133]
2019-09-05 09:23:19,621 | INFO  | DNAudit | user=null | ip=null | op=PUT_BLOCK {blockData=[blockId=conID: 1 locID: 102739174987006447 bcsId: 0,size=2097152]} | ret=SUCCESS |  
2019-09-05 09:23:19,621 [grpc-default-executor-3] INFO  client.GrpcClientProtocolClient (GrpcClientProtocolClient.java:onNext(255)) - client-969FB6DA8C9A->4fcc8d53-44cb-4faf-b915-5afa0c7529d4: receive RaftClientReply:client-969FB6DA8C9A->4fcc8d53-44cb-4faf-b915-5afa0c7529d4@group-6A615BAE1DD1, cid=1516, SUCCESS, logIndex=2135, commits[4fcc8d53-44cb-4faf-b915-5afa0c7529d4:c2137, 48aa5eb4-709c-4003-adb5-fbc02723cd23:c2133, 609a8cf1-6ad3-4123-b94a-106ad93148a8:c2133]
2019-09-05 09:23:19,621 [grpc-default-executor-3] INFO  client.GrpcClientProtocolClient (GrpcClientProtocolClient.java:onNext(255)) - client-969FB6DA8C9A->4fcc8d53-44cb-4faf-b915-5afa0c7529d4: receive RaftClientReply:client-969FB6DA8C9A->4fcc8d53-44cb-4faf-b915-5afa0c7529d4@group-6A615BAE1DD1, cid=1517, SUCCESS, logIndex=2136, commits[4fcc8d53-44cb-4faf-b915-5afa0c7529d4:c2137, 48aa5eb4-709c-4003-adb5-fbc02723cd23:c2133, 609a8cf1-6ad3-4123-b94a-106ad93148a8:c2133]
2019-09-05 09:23:19,621 [grpc-default-executor-3] INFO  client.GrpcClientProtocolClient (GrpcClientProtocolClient.java:onNext(255)) - client-969FB6DA8C9A->4fcc8d53-44cb-4faf-b915-5afa0c7529d4: receive RaftClientReply:client-969FB6DA8C9A->4fcc8d53-44cb-4faf-b915-5afa0c7529d4@group-6A615BAE1DD1, cid=1518, SUCCESS, logIndex=2137, commits[4fcc8d53-44cb-4faf-b915-5afa0c7529d4:c2137, 48aa5eb4-709c-4003-adb5-fbc02723cd23:c2133, 609a8cf1-6ad3-4123-b94a-106ad93148a8:c2133]
2019-09-05 09:23:19,628 | INFO  | DNAudit | user=null | ip=null | op=WRITE_CHUNK {blockData=conID: 1 locID: 102739174987006447 bcsId: 0} | ret=SUCCESS |  
2019-09-05 09:23:19,628 | INFO  | DNAudit | user=null | ip=null | op=WRITE_CHUNK {blockData=conID: 1 locID: 102739174987006447 bcsId: 0} | ret=SUCCESS |  
2019-09-05 09:23:19,628 | INFO  | DNAudit | user=null | ip=null | op=PUT_BLOCK {blockData=[blockId=conID: 1 locID: 102739174987006447 bcsId: 0,size=1048576]} | ret=SUCCESS |  
2019-09-05 09:23:19,628 | INFO  | DNAudit | user=null | ip=null | op=PUT_BLOCK {blockData=[blockId=conID: 1 locID: 102739174987006447 bcsId: 0,size=1048576]} | ret=SUCCESS |  
2019-09-05 09:23:19,629 [grpc-default-executor-3] INFO  client.GrpcClientProtocolClient (GrpcClientProtocolClient.java:onNext(255)) - client-969FB6DA8C9A->4fcc8d53-44cb-4faf-b915-5afa0c7529d4: receive RaftClientReply:client-969FB6DA8C9A->4fcc8d53-44cb-4faf-b915-5afa0c7529d4@group-6A615BAE1DD1, cid=1519, SUCCESS, logIndex=0, commits[4fcc8d53-44cb-4faf-b915-5afa0c7529d4:c2138, 48aa5eb4-709c-4003-adb5-fbc02723cd23:c2135, 609a8cf1-6ad3-4123-b94a-106ad93148a8:c2135]
2019-09-05 09:23:19,629 | INFO  | DNAudit | user=null | ip=null | op=WRITE_CHUNK {blockData=conID: 1 locID: 102739174987006447 bcsId: 0} | ret=SUCCESS |  
2019-09-05 09:23:19,630 | INFO  | DNAudit | user=null | ip=null | op=WRITE_CHUNK {blockData=conID: 1 locID: 102739174987006447 bcsId: 0} | ret=SUCCESS |  
2019-09-05 09:23:19,630 | INFO  | DNAudit | user=null | ip=null | op=PUT_BLOCK {blockData=[blockId=conID: 1 locID: 102739174987006447 bcsId: 0,size=2097152]} | ret=SUCCESS |  
2019-09-05 09:23:19,630 | INFO  | DNAudit | user=null | ip=null | op=PUT_BLOCK {blockData=[blockId=conID: 1 locID: 102739174987006447 bcsId: 0,size=2097152]} | ret=SUCCESS |  
2019-09-05 09:23:19,635 | INFO  | DNAudit | user=null | ip=null | op=WRITE_CHUNK {blockData=conID: 1 locID: 102739174987006447 bcsId: 2137} | ret=SUCCESS |  
2019-09-05 09:23:19,638 | INFO  | DNAudit | user=null | ip=null | op=WRITE_CHUNK {blockData=conID: 1 locID: 102739174987006447 bcsId: 2137} | ret=SUCCESS |  
2019-09-05 09:23:19,638 | INFO  | DNAudit | user=null | ip=null | op=WRITE_CHUNK {blockData=conID: 1 locID: 102739174987006447 bcsId: 2137} | ret=SUCCESS |  
2019-09-05 09:23:19,655 | INFO  | DNAudit | user=null | ip=null | op=WRITE_CHUNK {blockData=conID: 1 locID: 102739174987006447 bcsId: 2137} | ret=SUCCESS |  
2019-09-05 09:23:19,655 | INFO  | DNAudit | user=null | ip=null | op=PUT_BLOCK {blockData=[blockId=conID: 1 locID: 102739174987006447 bcsId: 0,size=3145728]} | ret=SUCCESS |  
2019-09-05 09:23:19,655 [grpc-default-executor-0] INFO  client.GrpcClientProtocolClient (GrpcClientProtocolClient.java:onNext(255)) - client-969FB6DA8C9A->4fcc8d53-44cb-4faf-b915-5afa0c7529d4: receive RaftClientReply:client-969FB6DA8C9A->4fcc8d53-44cb-4faf-b915-5afa0c7529d4@group-6A615BAE1DD1, cid=1520, SUCCESS, logIndex=2142, commits[4fcc8d53-44cb-4faf-b915-5afa0c7529d4:c2143, 48aa5eb4-709c-4003-adb5-fbc02723cd23:c2141, 609a8cf1-6ad3-4123-b94a-106ad93148a8:c2141]
2019-09-05 09:23:19,656 [grpc-default-executor-0] INFO  client.GrpcClientProtocolClient (GrpcClientProtocolClient.java:onNext(255)) - client-969FB6DA8C9A->4fcc8d53-44cb-4faf-b915-5afa0c7529d4: receive RaftClientReply:client-969FB6DA8C9A->4fcc8d53-44cb-4faf-b915-5afa0c7529d4@group-6A615BAE1DD1, cid=1521, SUCCESS, logIndex=2143, commits[4fcc8d53-44cb-4faf-b915-5afa0c7529d4:c2143, 48aa5eb4-709c-4003-adb5-fbc02723cd23:c2141, 609a8cf1-6ad3-4123-b94a-106ad93148a8:c2141]
2019-09-05 09:23:19,662 | INFO  | DNAudit | user=null | ip=null | op=WRITE_CHUNK {blockData=conID: 1 locID: 102739174987006447 bcsId: 2143} | ret=SUCCESS |  
2019-09-05 09:23:19,662 | INFO  | DNAudit | user=null | ip=null | op=WRITE_CHUNK {blockData=conID: 1 locID: 102739174987006447 bcsId: 2137} | ret=SUCCESS |  
2019-09-05 09:23:19,662 | INFO  | DNAudit | user=null | ip=null | op=WRITE_CHUNK {blockData=conID: 1 locID: 102739174987006447 bcsId: 2137} | ret=SUCCESS |  
2019-09-05 09:23:19,662 | INFO  | DNAudit | user=null | ip=null | op=PUT_BLOCK {blockData=[blockId=conID: 1 locID: 102739174987006447 bcsId: 0,size=3145728]} | ret=SUCCESS |  
2019-09-05 09:23:19,662 | INFO  | DNAudit | user=null | ip=null | op=PUT_BLOCK {blockData=[blockId=conID: 1 locID: 102739174987006447 bcsId: 0,size=3145728]} | ret=SUCCESS |  
2019-09-05 09:23:19,663 | INFO  | DNAudit | user=null | ip=null | op=WRITE_CHUNK {blockData=conID: 1 locID: 102739174987006447 bcsId: 2143} | ret=SUCCESS |  
2019-09-05 09:23:19,664 | INFO  | DNAudit | user=null | ip=null | op=WRITE_CHUNK {blockData=conID: 1 locID: 102739174987006447 bcsId: 2143} | ret=SUCCESS |  
2019-09-05 09:23:19,672 | INFO  | DNAudit | user=null | ip=null | op=WRITE_CHUNK {blockData=conID: 1 locID: 102739174987006447 bcsId: 2143} | ret=SUCCESS |  
2019-09-05 09:23:19,672 | INFO  | DNAudit | user=null | ip=null | op=PUT_BLOCK {blockData=[blockId=conID: 1 locID: 102739174987006447 bcsId: 0,size=4194304]} | ret=SUCCESS |  
2019-09-05 09:23:19,672 [grpc-default-executor-4] INFO  client.GrpcClientProtocolClient (GrpcClientProtocolClient.java:onNext(255)) - client-969FB6DA8C9A->4fcc8d53-44cb-4faf-b915-5afa0c7529d4: receive RaftClientReply:client-969FB6DA8C9A->4fcc8d53-44cb-4faf-b915-5afa0c7529d4@group-6A615BAE1DD1, cid=1522, SUCCESS, logIndex=2146, commits[4fcc8d53-44cb-4faf-b915-5afa0c7529d4:c2147, 48aa5eb4-709c-4003-adb5-fbc02723cd23:c2143, 609a8cf1-6ad3-4123-b94a-106ad93148a8:c2143]
2019-09-05 09:23:19,673 [grpc-default-executor-4] INFO  client.GrpcClientProtocolClient (GrpcClientProtocolClient.java:onNext(255)) - client-969FB6DA8C9A->4fcc8d53-44cb-4faf-b915-5afa0c7529d4: receive RaftClientReply:client-969FB6DA8C9A->4fcc8d53-44cb-4faf-b915-5afa0c7529d4@group-6A615BAE1DD1, cid=1523, SUCCESS, logIndex=2147, commits[4fcc8d53-44cb-4faf-b915-5afa0c7529d4:c2147, 48aa5eb4-709c-4003-adb5-fbc02723cd23:c2143, 609a8cf1-6ad3-4123-b94a-106ad93148a8:c2143]
2019-09-05 09:23:19,683 | INFO  | DNAudit | user=null | ip=null | op=WRITE_CHUNK {blockData=conID: 1 locID: 102739174987006447 bcsId: 2143} | ret=SUCCESS |  
2019-09-05 09:23:19,683 | INFO  | DNAudit | user=null | ip=null | op=WRITE_CHUNK {blockData=conID: 1 locID: 102739174987006447 bcsId: 2143} | ret=SUCCESS |  
2019-09-05 09:23:19,684 | INFO  | DNAudit | user=null | ip=null | op=PUT_BLOCK {blockData=[blockId=conID: 1 locID: 102739174987006447 bcsId: 0,size=4194304]} | ret=SUCCESS |  
2019-09-05 09:23:19,684 | INFO  | DNAudit | user=null | ip=null | op=PUT_BLOCK {blockData=[blockId=conID: 1 locID: 102739174987006447 bcsId: 0,size=4194304]} | ret=SUCCESS |  
2019-09-05 09:23:19,685 [grpc-default-executor-3] INFO  client.GrpcClientProtocolClient (GrpcClientProtocolClient.java:onNext(255)) - client-969FB6DA8C9A->4fcc8d53-44cb-4faf-b915-5afa0c7529d4: receive RaftClientReply:client-969FB6DA8C9A->4fcc8d53-44cb-4faf-b915-5afa0c7529d4@group-6A615BAE1DD1, cid=1524, SUCCESS, logIndex=0, commits[4fcc8d53-44cb-4faf-b915-5afa0c7529d4:c2149, 48aa5eb4-709c-4003-adb5-fbc02723cd23:c2147, 609a8cf1-6ad3-4123-b94a-106ad93148a8:c2147]
2019-09-05 09:23:19,691 | INFO  | SCMAudit | user=jenkins1000 | ip=192.168.36.69 | op=ALLOCATE_BLOCK {owner=5cf4fcf6-c517-45f4-af25-2fff646d8883, size=4194304, type=RATIS, factor=THREE} | ret=SUCCESS |  
2019-09-05 09:23:19,693 | INFO  | OMAudit | user=jenkins1000 | ip=127.0.0.1 | op=ALLOCATE_BLOCK {volume=vol-0-13331, bucket=bucket-0-43606, key=key-0-76526, dataSize=0, replicationType=null, replicationFactor=null, keyLocationInfo=null, clientID=102739173903106450} | ret=SUCCESS |  
2019-09-05 09:23:19,699 | INFO  | DNAudit | user=null | ip=null | op=WRITE_CHUNK {blockData=conID: 2 locID: 102739174994149872 bcsId: 0} | ret=SUCCESS |  
2019-09-05 09:23:19,702 | INFO  | DNAudit | user=null | ip=null | op=WRITE_CHUNK {blockData=conID: 2 locID: 102739174994149872 bcsId: 0} | ret=SUCCESS |  
2019-09-05 09:23:19,702 | INFO  | DNAudit | user=null | ip=null | op=WRITE_CHUNK {blockData=conID: 2 locID: 102739174994149872 bcsId: 0} | ret=SUCCESS |  
2019-09-05 09:23:19,702 | INFO  | DNAudit | user=null | ip=null | op=WRITE_CHUNK {blockData=conID: 2 locID: 102739174994149872 bcsId: 0} | ret=SUCCESS |  
2019-09-05 09:23:19,703 | INFO  | DNAudit | user=null | ip=null | op=WRITE_CHUNK {blockData=conID: 2 locID: 102739174994149872 bcsId: 0} | ret=SUCCESS |  
2019-09-05 09:23:19,703 | INFO  | DNAudit | user=null | ip=null | op=WRITE_CHUNK {blockData=conID: 2 locID: 102739174994149872 bcsId: 0} | ret=SUCCESS |  
2019-09-05 09:23:19,713 | INFO  | DNAudit | user=null | ip=null | op=WRITE_CHUNK {blockData=conID: 2 locID: 102739174994149872 bcsId: 0} | ret=SUCCESS |  
2019-09-05 09:23:19,714 [grpc-default-executor-4] INFO  client.GrpcClientProtocolClient (GrpcClientProtocolClient.java:onNext(255)) - client-969FB6DA8C9A->4fcc8d53-44cb-4faf-b915-5afa0c7529d4: receive RaftClientReply:client-969FB6DA8C9A->4fcc8d53-44cb-4faf-b915-5afa0c7529d4@group-6A615BAE1DD1, cid=1525, SUCCESS, logIndex=2150, commits[4fcc8d53-44cb-4faf-b915-5afa0c7529d4:c2150, 48aa5eb4-709c-4003-adb5-fbc02723cd23:c2149, 609a8cf1-6ad3-4123-b94a-106ad93148a8:c2149]
2019-09-05 09:23:19,714 | INFO  | DNAudit | user=null | ip=null | op=PUT_BLOCK {blockData=[blockId=conID: 2 locID: 102739174994149872 bcsId: 0,size=1048576]} | ret=SUCCESS |  
2019-09-05 09:23:19,714 [grpc-default-executor-4] INFO  client.GrpcClientProtocolClient (GrpcClientProtocolClient.java:onNext(255)) - client-969FB6DA8C9A->4fcc8d53-44cb-4faf-b915-5afa0c7529d4: receive RaftClientReply:client-969FB6DA8C9A->4fcc8d53-44cb-4faf-b915-5afa0c7529d4@group-6A615BAE1DD1, cid=1526, SUCCESS, logIndex=2151, commits[4fcc8d53-44cb-4faf-b915-5afa0c7529d4:c2151, 48aa5eb4-709c-4003-adb5-fbc02723cd23:c2149, 609a8cf1-6ad3-4123-b94a-106ad93148a8:c2149]
2019-09-05 09:23:19,718 | INFO  | DNAudit | user=null | ip=null | op=WRITE_CHUNK {blockData=conID: 2 locID: 102739174994149872 bcsId: 0} | ret=SUCCESS |  
2019-09-05 09:23:19,718 | INFO  | DNAudit | user=null | ip=null | op=PUT_BLOCK {blockData=[blockId=conID: 2 locID: 102739174994149872 bcsId: 0,size=2097152]} | ret=SUCCESS |  
2019-09-05 09:23:19,719 [grpc-default-executor-4] INFO  client.GrpcClientProtocolClient (GrpcClientProtocolClient.java:onNext(255)) - client-969FB6DA8C9A->4fcc8d53-44cb-4faf-b915-5afa0c7529d4: receive RaftClientReply:client-969FB6DA8C9A->4fcc8d53-44cb-4faf-b915-5afa0c7529d4@group-6A615BAE1DD1, cid=1527, SUCCESS, logIndex=2152, commits[4fcc8d53-44cb-4faf-b915-5afa0c7529d4:c2153, 48aa5eb4-709c-4003-adb5-fbc02723cd23:c2149, 609a8cf1-6ad3-4123-b94a-106ad93148a8:c2149]
2019-09-05 09:23:19,719 | INFO  | DNAudit | user=null | ip=null | op=WRITE_CHUNK {blockData=conID: 2 locID: 102739174994149872 bcsId: 0} | ret=SUCCESS |  
2019-09-05 09:23:19,719 [grpc-default-executor-3] INFO  client.GrpcClientProtocolClient (GrpcClientProtocolClient.java:onNext(255)) - client-969FB6DA8C9A->4fcc8d53-44cb-4faf-b915-5afa0c7529d4: receive RaftClientReply:client-969FB6DA8C9A->4fcc8d53-44cb-4faf-b915-5afa0c7529d4@group-6A615BAE1DD1, cid=1528, SUCCESS, logIndex=2153, commits[4fcc8d53-44cb-4faf-b915-5afa0c7529d4:c2153, 48aa5eb4-709c-4003-adb5-fbc02723cd23:c2149, 609a8cf1-6ad3-4123-b94a-106ad93148a8:c2149]
2019-09-05 09:23:19,719 | INFO  | DNAudit | user=null | ip=null | op=PUT_BLOCK {blockData=[blockId=conID: 2 locID: 102739174994149872 bcsId: 0,size=1048576]} | ret=SUCCESS |  
2019-09-05 09:23:19,720 | INFO  | DNAudit | user=null | ip=null | op=WRITE_CHUNK {blockData=conID: 2 locID: 102739174994149872 bcsId: 0} | ret=SUCCESS |  
2019-09-05 09:23:19,720 | INFO  | DNAudit | user=null | ip=null | op=PUT_BLOCK {blockData=[blockId=conID: 2 locID: 102739174994149872 bcsId: 0,size=1048576]} | ret=SUCCESS |  
2019-09-05 09:23:19,720 | INFO  | DNAudit | user=null | ip=null | op=WRITE_CHUNK {blockData=conID: 2 locID: 102739174994149872 bcsId: 0} | ret=SUCCESS |  
2019-09-05 09:23:19,720 | INFO  | DNAudit | user=null | ip=null | op=PUT_BLOCK {blockData=[blockId=conID: 2 locID: 102739174994149872 bcsId: 0,size=2097152]} | ret=SUCCESS |  
2019-09-05 09:23:19,720 [grpc-default-executor-3] INFO  client.GrpcClientProtocolClient (GrpcClientProtocolClient.java:onNext(255)) - client-969FB6DA8C9A->4fcc8d53-44cb-4faf-b915-5afa0c7529d4: receive RaftClientReply:client-969FB6DA8C9A->4fcc8d53-44cb-4faf-b915-5afa0c7529d4@group-6A615BAE1DD1, cid=1529, SUCCESS, logIndex=0, commits[4fcc8d53-44cb-4faf-b915-5afa0c7529d4:c2155, 48aa5eb4-709c-4003-adb5-fbc02723cd23:c2151, 609a8cf1-6ad3-4123-b94a-106ad93148a8:c2151]
2019-09-05 09:23:19,721 | INFO  | DNAudit | user=null | ip=null | op=WRITE_CHUNK {blockData=conID: 2 locID: 102739174994149872 bcsId: 0} | ret=SUCCESS |  
2019-09-05 09:23:19,721 | INFO  | DNAudit | user=null | ip=null | op=PUT_BLOCK {blockData=[blockId=conID: 2 locID: 102739174994149872 bcsId: 0,size=2097152]} | ret=SUCCESS |  
2019-09-05 09:23:19,725 | INFO  | DNAudit | user=null | ip=null | op=WRITE_CHUNK {blockData=conID: 2 locID: 102739174994149872 bcsId: 2153} | ret=SUCCESS |  
2019-09-05 09:23:19,727 | INFO  | DNAudit | user=null | ip=null | op=WRITE_CHUNK {blockData=conID: 2 locID: 102739174994149872 bcsId: 2153} | ret=SUCCESS |  
2019-09-05 09:23:19,727 | INFO  | DNAudit | user=null | ip=null | op=WRITE_CHUNK {blockData=conID: 2 locID: 102739174994149872 bcsId: 2153} | ret=SUCCESS |  
2019-09-05 09:23:19,744 | INFO  | DNAudit | user=null | ip=null | op=WRITE_CHUNK {blockData=conID: 2 locID: 102739174994149872 bcsId: 2153} | ret=SUCCESS |  
2019-09-05 09:23:19,744 | INFO  | DNAudit | user=null | ip=null | op=PUT_BLOCK {blockData=[blockId=conID: 2 locID: 102739174994149872 bcsId: 0,size=3145728]} | ret=SUCCESS |  
2019-09-05 09:23:19,744 [grpc-default-executor-4] INFO  client.GrpcClientProtocolClient (GrpcClientProtocolClient.java:onNext(255)) - client-969FB6DA8C9A->4fcc8d53-44cb-4faf-b915-5afa0c7529d4: receive RaftClientReply:client-969FB6DA8C9A->4fcc8d53-44cb-4faf-b915-5afa0c7529d4@group-6A615BAE1DD1, cid=1530, SUCCESS, logIndex=2158, commits[4fcc8d53-44cb-4faf-b915-5afa0c7529d4:c2159, 48aa5eb4-709c-4003-adb5-fbc02723cd23:c2157, 609a8cf1-6ad3-4123-b94a-106ad93148a8:c2157]
2019-09-05 09:23:19,745 [grpc-default-executor-4] INFO  client.GrpcClientProtocolClient (GrpcClientProtocolClient.java:onNext(255)) - client-969FB6DA8C9A->4fcc8d53-44cb-4faf-b915-5afa0c7529d4: receive RaftClientReply:client-969FB6DA8C9A->4fcc8d53-44cb-4faf-b915-5afa0c7529d4@group-6A615BAE1DD1, cid=1531, SUCCESS, logIndex=2159, commits[4fcc8d53-44cb-4faf-b915-5afa0c7529d4:c2159, 48aa5eb4-709c-4003-adb5-fbc02723cd23:c2157, 609a8cf1-6ad3-4123-b94a-106ad93148a8:c2157]
2019-09-05 09:23:19,749 | INFO  | DNAudit | user=null | ip=null | op=WRITE_CHUNK {blockData=conID: 2 locID: 102739174994149872 bcsId: 2159} | ret=SUCCESS |  
2019-09-05 09:23:19,751 | INFO  | DNAudit | user=null | ip=null | op=WRITE_CHUNK {blockData=conID: 2 locID: 102739174994149872 bcsId: 2159} | ret=SUCCESS |  
2019-09-05 09:23:19,751 | INFO  | DNAudit | user=null | ip=null | op=WRITE_CHUNK {blockData=conID: 2 locID: 102739174994149872 bcsId: 2159} | ret=SUCCESS |  
2019-09-05 09:23:19,756 | INFO  | DNAudit | user=null | ip=null | op=WRITE_CHUNK {blockData=conID: 2 locID: 102739174994149872 bcsId: 2153} | ret=SUCCESS |  
2019-09-05 09:23:19,756 | INFO  | DNAudit | user=null | ip=null | op=WRITE_CHUNK {blockData=conID: 2 locID: 102739174994149872 bcsId: 2153} | ret=SUCCESS |  
2019-09-05 09:23:19,756 | INFO  | DNAudit | user=null | ip=null | op=PUT_BLOCK {blockData=[blockId=conID: 2 locID: 102739174994149872 bcsId: 0,size=3145728]} | ret=SUCCESS |  
2019-09-05 09:23:19,756 | INFO  | DNAudit | user=null | ip=null | op=PUT_BLOCK {blockData=[blockId=conID: 2 locID: 102739174994149872 bcsId: 0,size=3145728]} | ret=SUCCESS |  
2019-09-05 09:23:19,757 | INFO  | DNAudit | user=null | ip=null | op=WRITE_CHUNK {blockData=conID: 2 locID: 102739174994149872 bcsId: 2159} | ret=SUCCESS |  
2019-09-05 09:23:19,758 | INFO  | DNAudit | user=null | ip=null | op=PUT_BLOCK {blockData=[blockId=conID: 2 locID: 102739174994149872 bcsId: 0,size=4194304]} | ret=SUCCESS |  
2019-09-05 09:23:19,758 [grpc-default-executor-3] INFO  client.GrpcClientProtocolClient (GrpcClientProtocolClient.java:onNext(255)) - client-969FB6DA8C9A->4fcc8d53-44cb-4faf-b915-5afa0c7529d4: receive RaftClientReply:client-969FB6DA8C9A->4fcc8d53-44cb-4faf-b915-5afa0c7529d4@group-6A615BAE1DD1, cid=1532, SUCCESS, logIndex=2162, commits[4fcc8d53-44cb-4faf-b915-5afa0c7529d4:c2163, 48aa5eb4-709c-4003-adb5-fbc02723cd23:c2159, 609a8cf1-6ad3-4123-b94a-106ad93148a8:c2159]
2019-09-05 09:23:19,758 [grpc-default-executor-3] INFO  client.GrpcClientProtocolClient (GrpcClientProtocolClient.java:onNext(255)) - client-969FB6DA8C9A->4fcc8d53-44cb-4faf-b915-5afa0c7529d4: receive RaftClientReply:client-969FB6DA8C9A->4fcc8d53-44cb-4faf-b915-5afa0c7529d4@group-6A615BAE1DD1, cid=1533, SUCCESS, logIndex=2163, commits[4fcc8d53-44cb-4faf-b915-5afa0c7529d4:c2163, 48aa5eb4-709c-4003-adb5-fbc02723cd23:c2159, 609a8cf1-6ad3-4123-b94a-106ad93148a8:c2159]
2019-09-05 09:23:19,959 | INFO  | DNAudit | user=null | ip=null | op=WRITE_CHUNK {blockData=conID: 2 locID: 102739174994149872 bcsId: 2159} | ret=SUCCESS |  
2019-09-05 09:23:19,959 | INFO  | DNAudit | user=null | ip=null | op=WRITE_CHUNK {blockData=conID: 2 locID: 102739174994149872 bcsId: 2159} | ret=SUCCESS |  
2019-09-05 09:23:19,959 | INFO  | DNAudit | user=null | ip=null | op=PUT_BLOCK {blockData=[blockId=conID: 2 locID: 102739174994149872 bcsId: 0,size=4194304]} | ret=SUCCESS |  
2019-09-05 09:23:19,959 | INFO  | DNAudit | user=null | ip=null | op=PUT_BLOCK {blockData=[blockId=conID: 2 locID: 102739174994149872 bcsId: 0,size=4194304]} | ret=SUCCESS |  
2019-09-05 09:23:19,960 [grpc-default-executor-3] INFO  client.GrpcClientProtocolClient (GrpcClientProtocolClient.java:onNext(255)) - client-969FB6DA8C9A->4fcc8d53-44cb-4faf-b915-5afa0c7529d4: receive RaftClientReply:client-969FB6DA8C9A->4fcc8d53-44cb-4faf-b915-5afa0c7529d4@group-6A615BAE1DD1, cid=1534, SUCCESS, logIndex=0, commits[4fcc8d53-44cb-4faf-b915-5afa0c7529d4:c2163, 48aa5eb4-709c-4003-adb5-fbc02723cd23:c2163, 609a8cf1-6ad3-4123-b94a-106ad93148a8:c2163]
2019-09-05 09:23:19,963 | INFO  | SCMAudit | user=jenkins1000 | ip=192.168.36.69 | op=ALLOCATE_BLOCK {owner=5cf4fcf6-c517-45f4-af25-2fff646d8883, size=4194304, type=RATIS, factor=THREE} | ret=SUCCESS |  
2019-09-05 09:23:19,965 | INFO  | OMAudit | user=jenkins1000 | ip=127.0.0.1 | op=ALLOCATE_BLOCK {volume=vol-0-13331, bucket=bucket-0-43606, key=key-0-76526, dataSize=0, replicationType=null, replicationFactor=null, keyLocationInfo=null, clientID=102739173903106450} | ret=SUCCESS |  
2019-09-05 09:23:19,970 | INFO  | DNAudit | user=null | ip=null | op=WRITE_CHUNK {blockData=conID: 3 locID: 102739175011975665 bcsId: 0} | ret=SUCCESS |  
2019-09-05 09:23:19,972 | INFO  | DNAudit | user=null | ip=null | op=WRITE_CHUNK {blockData=conID: 3 locID: 102739175011975665 bcsId: 0} | ret=SUCCESS |  
2019-09-05 09:23:19,973 | INFO  | DNAudit | user=null | ip=null | op=WRITE_CHUNK {blockData=conID: 3 locID: 102739175011975665 bcsId: 0} | ret=SUCCESS |  
2019-09-05 09:23:19,973 | INFO  | DNAudit | user=null | ip=null | op=WRITE_CHUNK {blockData=conID: 3 locID: 102739175011975665 bcsId: 0} | ret=SUCCESS |  
2019-09-05 09:23:19,974 | INFO  | DNAudit | user=null | ip=null | op=WRITE_CHUNK {blockData=conID: 3 locID: 102739175011975665 bcsId: 0} | ret=SUCCESS |  
2019-09-05 09:23:19,974 | INFO  | DNAudit | user=null | ip=null | op=WRITE_CHUNK {blockData=conID: 3 locID: 102739175011975665 bcsId: 0} | ret=SUCCESS |  
2019-09-05 09:23:19,999 | INFO  | DNAudit | user=null | ip=null | op=WRITE_CHUNK {blockData=conID: 3 locID: 102739175011975665 bcsId: 0} | ret=SUCCESS |  
2019-09-05 09:23:19,999 | INFO  | DNAudit | user=null | ip=null | op=PUT_BLOCK {blockData=[blockId=conID: 3 locID: 102739175011975665 bcsId: 0,size=1048576]} | ret=SUCCESS |  
2019-09-05 09:23:20,000 | INFO  | DNAudit | user=null | ip=null | op=WRITE_CHUNK {blockData=conID: 3 locID: 102739175011975665 bcsId: 0} | ret=SUCCESS |  
2019-09-05 09:23:20,000 [grpc-default-executor-3] INFO  client.GrpcClientProtocolClient (GrpcClientProtocolClient.java:onNext(255)) - client-969FB6DA8C9A->4fcc8d53-44cb-4faf-b915-5afa0c7529d4: receive RaftClientReply:client-969FB6DA8C9A->4fcc8d53-44cb-4faf-b915-5afa0c7529d4@group-6A615BAE1DD1, cid=1535, SUCCESS, logIndex=2166, commits[4fcc8d53-44cb-4faf-b915-5afa0c7529d4:c2169, 48aa5eb4-709c-4003-adb5-fbc02723cd23:c2164, 609a8cf1-6ad3-4123-b94a-106ad93148a8:c2164]
2019-09-05 09:23:20,000 | INFO  | DNAudit | user=null | ip=null | op=PUT_BLOCK {blockData=[blockId=conID: 3 locID: 102739175011975665 bcsId: 0,size=2097152]} | ret=SUCCESS |  
2019-09-05 09:23:20,000 [grpc-default-executor-3] INFO  client.GrpcClientProtocolClient (GrpcClientProtocolClient.java:onNext(255)) - client-969FB6DA8C9A->4fcc8d53-44cb-4faf-b915-5afa0c7529d4: receive RaftClientReply:client-969FB6DA8C9A->4fcc8d53-44cb-4faf-b915-5afa0c7529d4@group-6A615BAE1DD1, cid=1536, SUCCESS, logIndex=2167, commits[4fcc8d53-44cb-4faf-b915-5afa0c7529d4:c2169, 48aa5eb4-709c-4003-adb5-fbc02723cd23:c2164, 609a8cf1-6ad3-4123-b94a-106ad93148a8:c2164]
2019-09-05 09:23:20,000 [grpc-default-executor-3] INFO  client.GrpcClientProtocolClient (GrpcClientProtocolClient.java:onNext(255)) - client-969FB6DA8C9A->4fcc8d53-44cb-4faf-b915-5afa0c7529d4: receive RaftClientReply:client-969FB6DA8C9A->4fcc8d53-44cb-4faf-b915-5afa0c7529d4@group-6A615BAE1DD1, cid=1537, SUCCESS, logIndex=2168, commits[4fcc8d53-44cb-4faf-b915-5afa0c7529d4:c2169, 48aa5eb4-709c-4003-adb5-fbc02723cd23:c2164, 609a8cf1-6ad3-4123-b94a-106ad93148a8:c2164]
2019-09-05 09:23:20,001 [grpc-default-executor-3] INFO  client.GrpcClientProtocolClient (GrpcClientProtocolClient.java:onNext(255)) - client-969FB6DA8C9A->4fcc8d53-44cb-4faf-b915-5afa0c7529d4: receive RaftClientReply:client-969FB6DA8C9A->4fcc8d53-44cb-4faf-b915-5afa0c7529d4@group-6A615BAE1DD1, cid=1538, SUCCESS, logIndex=2169, commits[4fcc8d53-44cb-4faf-b915-5afa0c7529d4:c2169, 48aa5eb4-709c-4003-adb5-fbc02723cd23:c2164, 609a8cf1-6ad3-4123-b94a-106ad93148a8:c2164]
2019-09-05 09:23:20,015 | INFO  | DNAudit | user=null | ip=null | op=WRITE_CHUNK {blockData=conID: 3 locID: 102739175011975665 bcsId: 0} | ret=SUCCESS |  
2019-09-05 09:23:20,015 | INFO  | DNAudit | user=null | ip=null | op=WRITE_CHUNK {blockData=conID: 3 locID: 102739175011975665 bcsId: 0} | ret=SUCCESS |  
2019-09-05 09:23:20,015 | INFO  | DNAudit | user=null | ip=null | op=PUT_BLOCK {blockData=[blockId=conID: 3 locID: 102739175011975665 bcsId: 0,size=1048576]} | ret=SUCCESS |  
2019-09-05 09:23:20,016 | INFO  | DNAudit | user=null | ip=null | op=PUT_BLOCK {blockData=[blockId=conID: 3 locID: 102739175011975665 bcsId: 0,size=1048576]} | ret=SUCCESS |  
2019-09-05 09:23:20,016 | INFO  | DNAudit | user=null | ip=null | op=WRITE_CHUNK {blockData=conID: 3 locID: 102739175011975665 bcsId: 0} | ret=SUCCESS |  
2019-09-05 09:23:20,017 [grpc-default-executor-3] INFO  client.GrpcClientProtocolClient (GrpcClientProtocolClient.java:onNext(255)) - client-969FB6DA8C9A->4fcc8d53-44cb-4faf-b915-5afa0c7529d4: receive RaftClientReply:client-969FB6DA8C9A->4fcc8d53-44cb-4faf-b915-5afa0c7529d4@group-6A615BAE1DD1, cid=1539, SUCCESS, logIndex=0, commits[4fcc8d53-44cb-4faf-b915-5afa0c7529d4:c2171, 48aa5eb4-709c-4003-adb5-fbc02723cd23:c2167, 609a8cf1-6ad3-4123-b94a-106ad93148a8:c2167]
2019-09-05 09:23:20,017 | INFO  | DNAudit | user=null | ip=null | op=PUT_BLOCK {blockData=[blockId=conID: 3 locID: 102739175011975665 bcsId: 0,size=2097152]} | ret=SUCCESS |  
2019-09-05 09:23:20,017 | INFO  | DNAudit | user=null | ip=null | op=WRITE_CHUNK {blockData=conID: 3 locID: 102739175011975665 bcsId: 0} | ret=SUCCESS |  
2019-09-05 09:23:20,017 | INFO  | DNAudit | user=null | ip=null | op=PUT_BLOCK {blockData=[blockId=conID: 3 locID: 102739175011975665 bcsId: 0,size=2097152]} | ret=SUCCESS |  
2019-09-05 09:23:20,021 | INFO  | DNAudit | user=null | ip=null | op=WRITE_CHUNK {blockData=conID: 3 locID: 102739175011975665 bcsId: 2169} | ret=SUCCESS |  
2019-09-05 09:23:20,023 | INFO  | DNAudit | user=null | ip=null | op=WRITE_CHUNK {blockData=conID: 3 locID: 102739175011975665 bcsId: 2169} | ret=SUCCESS |  
2019-09-05 09:23:20,023 | INFO  | DNAudit | user=null | ip=null | op=WRITE_CHUNK {blockData=conID: 3 locID: 102739175011975665 bcsId: 2169} | ret=SUCCESS |  
 0.00% |█                                                                                                    |  0/1 Time: 0:00:172019-09-05 09:23:20,051 | INFO  | DNAudit | user=null | ip=null | op=WRITE_CHUNK {blockData=conID: 3 locID: 102739175011975665 bcsId: 2169} | ret=SUCCESS |  
2019-09-05 09:23:20,051 | INFO  | DNAudit | user=null | ip=null | op=PUT_BLOCK {blockData=[blockId=conID: 3 locID: 102739175011975665 bcsId: 0,size=3145728]} | ret=SUCCESS |  
2019-09-05 09:23:20,051 [grpc-default-executor-4] INFO  client.GrpcClientProtocolClient (GrpcClientProtocolClient.java:onNext(255)) - client-969FB6DA8C9A->4fcc8d53-44cb-4faf-b915-5afa0c7529d4: receive RaftClientReply:client-969FB6DA8C9A->4fcc8d53-44cb-4faf-b915-5afa0c7529d4@group-6A615BAE1DD1, cid=1540, SUCCESS, logIndex=2174, commits[4fcc8d53-44cb-4faf-b915-5afa0c7529d4:c2175, 48aa5eb4-709c-4003-adb5-fbc02723cd23:c2173, 609a8cf1-6ad3-4123-b94a-106ad93148a8:c2173]
2019-09-05 09:23:20,052 [grpc-default-executor-4] INFO  client.GrpcClientProtocolClient (GrpcClientProtocolClient.java:onNext(255)) - client-969FB6DA8C9A->4fcc8d53-44cb-4faf-b915-5afa0c7529d4: receive RaftClientReply:client-969FB6DA8C9A->4fcc8d53-44cb-4faf-b915-5afa0c7529d4@group-6A615BAE1DD1, cid=1541, SUCCESS, logIndex=2175, commits[4fcc8d53-44cb-4faf-b915-5afa0c7529d4:c2175, 48aa5eb4-709c-4003-adb5-fbc02723cd23:c2173, 609a8cf1-6ad3-4123-b94a-106ad93148a8:c2173]
2019-09-05 09:23:20,056 | INFO  | SCMAudit | user=jenkins1000 | ip=192.168.36.69 | op=SEND_HEARTBEAT {datanodeUUID=4fcc8d53-44cb-4faf-b915-5afa0c7529d4, command=[]} | ret=SUCCESS |  
2019-09-05 09:23:20,056 | INFO  | SCMAudit | user=jenkins1000 | ip=192.168.36.69 | op=SEND_HEARTBEAT {datanodeUUID=48aa5eb4-709c-4003-adb5-fbc02723cd23, command=[]} | ret=SUCCESS |  
2019-09-05 09:23:20,057 | INFO  | SCMAudit | user=jenkins1000 | ip=192.168.36.69 | op=SEND_HEARTBEAT {datanodeUUID=609a8cf1-6ad3-4123-b94a-106ad93148a8, command=[]} | ret=SUCCESS |  
2019-09-05 09:23:20,059 | INFO  | DNAudit | user=null | ip=null | op=WRITE_CHUNK {blockData=conID: 3 locID: 102739175011975665 bcsId: 2175} | ret=SUCCESS |  
2019-09-05 09:23:20,060 | INFO  | DNAudit | user=null | ip=null | op=WRITE_CHUNK {blockData=conID: 3 locID: 102739175011975665 bcsId: 2175} | ret=SUCCESS |  
2019-09-05 09:23:20,061 | INFO  | DNAudit | user=null | ip=null | op=WRITE_CHUNK {blockData=conID: 3 locID: 102739175011975665 bcsId: 2175} | ret=SUCCESS |  
2019-09-05 09:23:20,083 | INFO  | DNAudit | user=null | ip=null | op=WRITE_CHUNK {blockData=conID: 3 locID: 102739175011975665 bcsId: 2169} | ret=SUCCESS |  
2019-09-05 09:23:20,083 | INFO  | DNAudit | user=null | ip=null | op=WRITE_CHUNK {blockData=conID: 3 locID: 102739175011975665 bcsId: 2169} | ret=SUCCESS |  
2019-09-05 09:23:20,084 | INFO  | DNAudit | user=null | ip=null | op=PUT_BLOCK {blockData=[blockId=conID: 3 locID: 102739175011975665 bcsId: 0,size=3145728]} | ret=SUCCESS |  
2019-09-05 09:23:20,084 | INFO  | DNAudit | user=null | ip=null | op=PUT_BLOCK {blockData=[blockId=conID: 3 locID: 102739175011975665 bcsId: 0,size=3145728]} | ret=SUCCESS |  
2019-09-05 09:23:20,085 | INFO  | DNAudit | user=null | ip=null | op=WRITE_CHUNK {blockData=conID: 3 locID: 102739175011975665 bcsId: 2175} | ret=SUCCESS |  
2019-09-05 09:23:20,085 | INFO  | DNAudit | user=null | ip=null | op=PUT_BLOCK {blockData=[blockId=conID: 3 locID: 102739175011975665 bcsId: 0,size=4194304]} | ret=SUCCESS |  
2019-09-05 09:23:20,085 [grpc-default-executor-4] INFO  client.GrpcClientProtocolClient (GrpcClientProtocolClient.java:onNext(255)) - client-969FB6DA8C9A->4fcc8d53-44cb-4faf-b915-5afa0c7529d4: receive RaftClientReply:client-969FB6DA8C9A->4fcc8d53-44cb-4faf-b915-5afa0c7529d4@group-6A615BAE1DD1, cid=1542, SUCCESS, logIndex=2178, commits[4fcc8d53-44cb-4faf-b915-5afa0c7529d4:c2179, 48aa5eb4-709c-4003-adb5-fbc02723cd23:c2175, 609a8cf1-6ad3-4123-b94a-106ad93148a8:c2175]
2019-09-05 09:23:20,085 [grpc-default-executor-4] INFO  client.GrpcClientProtocolClient (GrpcClientProtocolClient.java:onNext(255)) - client-969FB6DA8C9A->4fcc8d53-44cb-4faf-b915-5afa0c7529d4: receive RaftClientReply:client-969FB6DA8C9A->4fcc8d53-44cb-4faf-b915-5afa0c7529d4@group-6A615BAE1DD1, cid=1543, SUCCESS, logIndex=2179, commits[4fcc8d53-44cb-4faf-b915-5afa0c7529d4:c2179, 48aa5eb4-709c-4003-adb5-fbc02723cd23:c2175, 609a8cf1-6ad3-4123-b94a-106ad93148a8:c2175]
2019-09-05 09:23:20,203 | INFO  | DNAudit | user=null | ip=null | op=WRITE_CHUNK {blockData=conID: 3 locID: 102739175011975665 bcsId: 2175} | ret=SUCCESS |  
2019-09-05 09:23:20,203 | INFO  | DNAudit | user=null | ip=null | op=WRITE_CHUNK {blockData=conID: 3 locID: 102739175011975665 bcsId: 2175} | ret=SUCCESS |  
2019-09-05 09:23:20,203 | INFO  | DNAudit | user=null | ip=null | op=PUT_BLOCK {blockData=[blockId=conID: 3 locID: 102739175011975665 bcsId: 0,size=4194304]} | ret=SUCCESS |  
2019-09-05 09:23:20,204 | INFO  | DNAudit | user=null | ip=null | op=PUT_BLOCK {blockData=[blockId=conID: 3 locID: 102739175011975665 bcsId: 0,size=4194304]} | ret=SUCCESS |  
2019-09-05 09:23:20,205 [grpc-default-executor-4] INFO  client.GrpcClientProtocolClient (GrpcClientProtocolClient.java:onNext(255)) - client-969FB6DA8C9A->4fcc8d53-44cb-4faf-b915-5afa0c7529d4: receive RaftClientReply:client-969FB6DA8C9A->4fcc8d53-44cb-4faf-b915-5afa0c7529d4@group-6A615BAE1DD1, cid=1544, SUCCESS, logIndex=0, commits[4fcc8d53-44cb-4faf-b915-5afa0c7529d4:c2180, 48aa5eb4-709c-4003-adb5-fbc02723cd23:c2179, 609a8cf1-6ad3-4123-b94a-106ad93148a8:c2179]
2019-09-05 09:23:20,212 | INFO  | SCMAudit | user=jenkins1000 | ip=192.168.36.69 | op=ALLOCATE_BLOCK {owner=5cf4fcf6-c517-45f4-af25-2fff646d8883, size=4194304, type=RATIS, factor=THREE} | ret=SUCCESS |  
2019-09-05 09:23:20,214 | INFO  | OMAudit | user=jenkins1000 | ip=127.0.0.1 | op=ALLOCATE_BLOCK {volume=vol-0-13331, bucket=bucket-0-43606, key=key-0-76526, dataSize=0, replicationType=null, replicationFactor=null, keyLocationInfo=null, clientID=102739173903106450} | ret=SUCCESS |  
2019-09-05 09:23:20,225 | INFO  | DNAudit | user=null | ip=null | op=WRITE_CHUNK {blockData=conID: 1 locID: 102739175028294130 bcsId: 0} | ret=SUCCESS |  
2019-09-05 09:23:20,227 | INFO  | DNAudit | user=null | ip=null | op=WRITE_CHUNK {blockData=conID: 1 locID: 102739175028294130 bcsId: 0} | ret=SUCCESS |  
2019-09-05 09:23:20,227 | INFO  | DNAudit | user=null | ip=null | op=WRITE_CHUNK {blockData=conID: 1 locID: 102739175028294130 bcsId: 0} | ret=SUCCESS |  
2019-09-05 09:23:20,228 | INFO  | DNAudit | user=null | ip=null | op=WRITE_CHUNK {blockData=conID: 1 locID: 102739175028294130 bcsId: 0} | ret=SUCCESS |  
2019-09-05 09:23:20,229 | INFO  | DNAudit | user=null | ip=null | op=WRITE_CHUNK {blockData=conID: 1 locID: 102739175028294130 bcsId: 0} | ret=SUCCESS |  
2019-09-05 09:23:20,230 | INFO  | DNAudit | user=null | ip=null | op=WRITE_CHUNK {blockData=conID: 1 locID: 102739175028294130 bcsId: 0} | ret=SUCCESS |  
2019-09-05 09:23:20,238 | INFO  | SCMAudit | user=jenkins1000 | ip=192.168.36.69 | op=SEND_HEARTBEAT {datanodeUUID=5b6cff60-1414-40d6-b682-781dc5ff3023, command=[]} | ret=SUCCESS |  
2019-09-05 09:23:20,241 | INFO  | DNAudit | user=null | ip=null | op=WRITE_CHUNK {blockData=conID: 1 locID: 102739175028294130 bcsId: 0} | ret=SUCCESS |  
2019-09-05 09:23:20,242 | INFO  | DNAudit | user=null | ip=null | op=PUT_BLOCK {blockData=[blockId=conID: 1 locID: 102739175028294130 bcsId: 0,size=1048576]} | ret=SUCCESS |  
2019-09-05 09:23:20,242 [grpc-default-executor-4] INFO  client.GrpcClientProtocolClient (GrpcClientProtocolClient.java:onNext(255)) - client-969FB6DA8C9A->4fcc8d53-44cb-4faf-b915-5afa0c7529d4: receive RaftClientReply:client-969FB6DA8C9A->4fcc8d53-44cb-4faf-b915-5afa0c7529d4@group-6A615BAE1DD1, cid=1545, SUCCESS, logIndex=2182, commits[4fcc8d53-44cb-4faf-b915-5afa0c7529d4:c2184, 48aa5eb4-709c-4003-adb5-fbc02723cd23:c2181, 609a8cf1-6ad3-4123-b94a-106ad93148a8:c2181]
2019-09-05 09:23:20,242 | INFO  | DNAudit | user=null | ip=null | op=WRITE_CHUNK {blockData=conID: 1 locID: 102739175028294130 bcsId: 0} | ret=SUCCESS |  
2019-09-05 09:23:20,242 [grpc-default-executor-4] INFO  client.GrpcClientProtocolClient (GrpcClientProtocolClient.java:onNext(255)) - client-969FB6DA8C9A->4fcc8d53-44cb-4faf-b915-5afa0c7529d4: receive RaftClientReply:client-969FB6DA8C9A->4fcc8d53-44cb-4faf-b915-5afa0c7529d4@group-6A615BAE1DD1, cid=1546, SUCCESS, logIndex=2183, commits[4fcc8d53-44cb-4faf-b915-5afa0c7529d4:c2184, 48aa5eb4-709c-4003-adb5-fbc02723cd23:c2181, 609a8cf1-6ad3-4123-b94a-106ad93148a8:c2181]
2019-09-05 09:23:20,242 [grpc-default-executor-4] INFO  client.GrpcClientProtocolClient (GrpcClientProtocolClient.java:onNext(255)) - client-969FB6DA8C9A->4fcc8d53-44cb-4faf-b915-5afa0c7529d4: receive RaftClientReply:client-969FB6DA8C9A->4fcc8d53-44cb-4faf-b915-5afa0c7529d4@group-6A615BAE1DD1, cid=1547, SUCCESS, logIndex=2184, commits[4fcc8d53-44cb-4faf-b915-5afa0c7529d4:c2184, 48aa5eb4-709c-4003-adb5-fbc02723cd23:c2181, 609a8cf1-6ad3-4123-b94a-106ad93148a8:c2181]
2019-09-05 09:23:20,247 | INFO  | DNAudit | user=null | ip=null | op=PUT_BLOCK {blockData=[blockId=conID: 1 locID: 102739175028294130 bcsId: 0,size=2097152]} | ret=SUCCESS |  
2019-09-05 09:23:20,248 | INFO  | DNAudit | user=null | ip=null | op=WRITE_CHUNK {blockData=conID: 1 locID: 102739175028294130 bcsId: 0} | ret=SUCCESS |  
2019-09-05 09:23:20,248 | INFO  | DNAudit | user=null | ip=null | op=WRITE_CHUNK {blockData=conID: 1 locID: 102739175028294130 bcsId: 0} | ret=SUCCESS |  
2019-09-05 09:23:20,248 [grpc-default-executor-3] INFO  client.GrpcClientProtocolClient (GrpcClientProtocolClient.java:onNext(255)) - client-969FB6DA8C9A->4fcc8d53-44cb-4faf-b915-5afa0c7529d4: receive RaftClientReply:client-969FB6DA8C9A->4fcc8d53-44cb-4faf-b915-5afa0c7529d4@group-6A615BAE1DD1, cid=1548, SUCCESS, logIndex=2185, commits[4fcc8d53-44cb-4faf-b915-5afa0c7529d4:c2185, 48aa5eb4-709c-4003-adb5-fbc02723cd23:c2181, 609a8cf1-6ad3-4123-b94a-106ad93148a8:c2181]
2019-09-05 09:23:20,256 | INFO  | DNAudit | user=null | ip=null | op=PUT_BLOCK {blockData=[blockId=conID: 1 locID: 102739175028294130 bcsId: 0,size=1048576]} | ret=SUCCESS |  
2019-09-05 09:23:20,256 | INFO  | DNAudit | user=null | ip=null | op=PUT_BLOCK {blockData=[blockId=conID: 1 locID: 102739175028294130 bcsId: 0,size=1048576]} | ret=SUCCESS |  
2019-09-05 09:23:20,256 | INFO  | DNAudit | user=null | ip=null | op=WRITE_CHUNK {blockData=conID: 1 locID: 102739175028294130 bcsId: 0} | ret=SUCCESS |  
2019-09-05 09:23:20,256 | INFO  | DNAudit | user=null | ip=null | op=WRITE_CHUNK {blockData=conID: 1 locID: 102739175028294130 bcsId: 0} | ret=SUCCESS |  
2019-09-05 09:23:20,257 [grpc-default-executor-3] INFO  client.GrpcClientProtocolClient (GrpcClientProtocolClient.java:onNext(255)) - client-969FB6DA8C9A->4fcc8d53-44cb-4faf-b915-5afa0c7529d4: receive RaftClientReply:client-969FB6DA8C9A->4fcc8d53-44cb-4faf-b915-5afa0c7529d4@group-6A615BAE1DD1, cid=1549, SUCCESS, logIndex=0, commits[4fcc8d53-44cb-4faf-b915-5afa0c7529d4:c2187, 48aa5eb4-709c-4003-adb5-fbc02723cd23:c2183, 609a8cf1-6ad3-4123-b94a-106ad93148a8:c2183]
2019-09-05 09:23:20,264 | INFO  | DNAudit | user=null | ip=null | op=WRITE_CHUNK {blockData=conID: 1 locID: 102739175028294130 bcsId: 2185} | ret=SUCCESS |  
2019-09-05 09:23:20,266 | INFO  | DNAudit | user=null | ip=null | op=WRITE_CHUNK {blockData=conID: 1 locID: 102739175028294130 bcsId: 2185} | ret=SUCCESS |  
2019-09-05 09:23:20,266 | INFO  | DNAudit | user=null | ip=null | op=WRITE_CHUNK {blockData=conID: 1 locID: 102739175028294130 bcsId: 2185} | ret=SUCCESS |  
2019-09-05 09:23:20,292 | INFO  | DNAudit | user=null | ip=null | op=PUT_BLOCK {blockData=[blockId=conID: 1 locID: 102739175028294130 bcsId: 0,size=2097152]} | ret=SUCCESS |  
2019-09-05 09:23:20,292 | INFO  | DNAudit | user=null | ip=null | op=PUT_BLOCK {blockData=[blockId=conID: 1 locID: 102739175028294130 bcsId: 0,size=2097152]} | ret=SUCCESS |  
2019-09-05 09:23:20,293 | INFO  | DNAudit | user=null | ip=null | op=WRITE_CHUNK {blockData=conID: 1 locID: 102739175028294130 bcsId: 2185} | ret=SUCCESS |  
2019-09-05 09:23:20,293 | INFO  | DNAudit | user=null | ip=null | op=PUT_BLOCK {blockData=[blockId=conID: 1 locID: 102739175028294130 bcsId: 0,size=3145728]} | ret=SUCCESS |  
2019-09-05 09:23:20,293 [grpc-default-executor-0] INFO  client.GrpcClientProtocolClient (GrpcClientProtocolClient.java:onNext(255)) - client-969FB6DA8C9A->4fcc8d53-44cb-4faf-b915-5afa0c7529d4: receive RaftClientReply:client-969FB6DA8C9A->4fcc8d53-44cb-4faf-b915-5afa0c7529d4@group-6A615BAE1DD1, cid=1550, SUCCESS, logIndex=2190, commits[4fcc8d53-44cb-4faf-b915-5afa0c7529d4:c2191, 48aa5eb4-709c-4003-adb5-fbc02723cd23:c2189, 609a8cf1-6ad3-4123-b94a-106ad93148a8:c2189]
2019-09-05 09:23:20,294 [grpc-default-executor-0] INFO  client.GrpcClientProtocolClient (GrpcClientProtocolClient.java:onNext(255)) - client-969FB6DA8C9A->4fcc8d53-44cb-4faf-b915-5afa0c7529d4: receive RaftClientReply:client-969FB6DA8C9A->4fcc8d53-44cb-4faf-b915-5afa0c7529d4@group-6A615BAE1DD1, cid=1551, SUCCESS, logIndex=2191, commits[4fcc8d53-44cb-4faf-b915-5afa0c7529d4:c2191, 48aa5eb4-709c-4003-adb5-fbc02723cd23:c2189, 609a8cf1-6ad3-4123-b94a-106ad93148a8:c2189]
2019-09-05 09:23:20,301 | INFO  | DNAudit | user=null | ip=null | op=WRITE_CHUNK {blockData=conID: 1 locID: 102739175028294130 bcsId: 2191} | ret=SUCCESS |  
2019-09-05 09:23:20,302 | INFO  | DNAudit | user=null | ip=null | op=WRITE_CHUNK {blockData=conID: 1 locID: 102739175028294130 bcsId: 2185} | ret=SUCCESS |  
2019-09-05 09:23:20,302 | INFO  | DNAudit | user=null | ip=null | op=WRITE_CHUNK {blockData=conID: 1 locID: 102739175028294130 bcsId: 2185} | ret=SUCCESS |  
2019-09-05 09:23:20,302 | INFO  | DNAudit | user=null | ip=null | op=WRITE_CHUNK {blockData=conID: 1 locID: 102739175028294130 bcsId: 2191} | ret=SUCCESS |  
2019-09-05 09:23:20,303 | INFO  | DNAudit | user=null | ip=null | op=WRITE_CHUNK {blockData=conID: 1 locID: 102739175028294130 bcsId: 2191} | ret=SUCCESS |  
2019-09-05 09:23:20,312 | INFO  | DNAudit | user=null | ip=null | op=PUT_BLOCK {blockData=[blockId=conID: 1 locID: 102739175028294130 bcsId: 0,size=3145728]} | ret=SUCCESS |  
2019-09-05 09:23:20,313 | INFO  | DNAudit | user=null | ip=null | op=PUT_BLOCK {blockData=[blockId=conID: 1 locID: 102739175028294130 bcsId: 0,size=3145728]} | ret=SUCCESS |  
2019-09-05 09:23:20,313 | INFO  | DNAudit | user=null | ip=null | op=WRITE_CHUNK {blockData=conID: 1 locID: 102739175028294130 bcsId: 2191} | ret=SUCCESS |  
2019-09-05 09:23:20,313 | INFO  | DNAudit | user=null | ip=null | op=PUT_BLOCK {blockData=[blockId=conID: 1 locID: 102739175028294130 bcsId: 0,size=4194304]} | ret=SUCCESS |  
2019-09-05 09:23:20,313 [grpc-default-executor-5] INFO  client.GrpcClientProtocolClient (GrpcClientProtocolClient.java:onNext(255)) - client-969FB6DA8C9A->4fcc8d53-44cb-4faf-b915-5afa0c7529d4: receive RaftClientReply:client-969FB6DA8C9A->4fcc8d53-44cb-4faf-b915-5afa0c7529d4@group-6A615BAE1DD1, cid=1552, SUCCESS, logIndex=2194, commits[4fcc8d53-44cb-4faf-b915-5afa0c7529d4:c2195, 48aa5eb4-709c-4003-adb5-fbc02723cd23:c2191, 609a8cf1-6ad3-4123-b94a-106ad93148a8:c2191]
2019-09-05 09:23:20,314 [grpc-default-executor-5] INFO  client.GrpcClientProtocolClient (GrpcClientProtocolClient.java:onNext(255)) - client-969FB6DA8C9A->4fcc8d53-44cb-4faf-b915-5afa0c7529d4: receive RaftClientReply:client-969FB6DA8C9A->4fcc8d53-44cb-4faf-b915-5afa0c7529d4@group-6A615BAE1DD1, cid=1553, SUCCESS, logIndex=2195, commits[4fcc8d53-44cb-4faf-b915-5afa0c7529d4:c2195, 48aa5eb4-709c-4003-adb5-fbc02723cd23:c2191, 609a8cf1-6ad3-4123-b94a-106ad93148a8:c2191]
2019-09-05 09:23:20,318 | INFO  | DNAudit | user=null | ip=null | op=WRITE_CHUNK {blockData=conID: 1 locID: 102739175028294130 bcsId: 2191} | ret=SUCCESS |  
2019-09-05 09:23:20,318 | INFO  | DNAudit | user=null | ip=null | op=WRITE_CHUNK {blockData=conID: 1 locID: 102739175028294130 bcsId: 2191} | ret=SUCCESS |  
2019-09-05 09:23:20,318 | INFO  | DNAudit | user=null | ip=null | op=PUT_BLOCK {blockData=[blockId=conID: 1 locID: 102739175028294130 bcsId: 0,size=4194304]} | ret=SUCCESS |  
2019-09-05 09:23:20,318 | INFO  | DNAudit | user=null | ip=null | op=PUT_BLOCK {blockData=[blockId=conID: 1 locID: 102739175028294130 bcsId: 0,size=4194304]} | ret=SUCCESS |  
2019-09-05 09:23:20,318 [grpc-default-executor-0] INFO  client.GrpcClientProtocolClient (GrpcClientProtocolClient.java:onNext(255)) - client-969FB6DA8C9A->4fcc8d53-44cb-4faf-b915-5afa0c7529d4: receive RaftClientReply:client-969FB6DA8C9A->4fcc8d53-44cb-4faf-b915-5afa0c7529d4@group-6A615BAE1DD1, cid=1554, SUCCESS, logIndex=0, commits[4fcc8d53-44cb-4faf-b915-5afa0c7529d4:c2196, 48aa5eb4-709c-4003-adb5-fbc02723cd23:c2195, 609a8cf1-6ad3-4123-b94a-106ad93148a8:c2195]
2019-09-05 09:23:20,323 | INFO  | SCMAudit | user=jenkins1000 | ip=192.168.36.69 | op=ALLOCATE_BLOCK {owner=5cf4fcf6-c517-45f4-af25-2fff646d8883, size=4194304, type=RATIS, factor=THREE} | ret=SUCCESS |  
2019-09-05 09:23:20,326 | INFO  | OMAudit | user=jenkins1000 | ip=127.0.0.1 | op=ALLOCATE_BLOCK {volume=vol-0-13331, bucket=bucket-0-43606, key=key-0-76526, dataSize=0, replicationType=null, replicationFactor=null, keyLocationInfo=null, clientID=102739173903106450} | ret=SUCCESS |  
2019-09-05 09:23:20,335 | INFO  | DNAudit | user=null | ip=null | op=WRITE_CHUNK {blockData=conID: 2 locID: 102739175035568627 bcsId: 0} | ret=SUCCESS |  
2019-09-05 09:23:20,337 | INFO  | DNAudit | user=null | ip=null | op=WRITE_CHUNK {blockData=conID: 2 locID: 102739175035568627 bcsId: 0} | ret=SUCCESS |  
2019-09-05 09:23:20,337 | INFO  | DNAudit | user=null | ip=null | op=WRITE_CHUNK {blockData=conID: 2 locID: 102739175035568627 bcsId: 0} | ret=SUCCESS |  
2019-09-05 09:23:20,337 | INFO  | DNAudit | user=null | ip=null | op=WRITE_CHUNK {blockData=conID: 2 locID: 102739175035568627 bcsId: 0} | ret=SUCCESS |  
2019-09-05 09:23:20,338 | INFO  | DNAudit | user=null | ip=null | op=WRITE_CHUNK {blockData=conID: 2 locID: 102739175035568627 bcsId: 0} | ret=SUCCESS |  
2019-09-05 09:23:20,339 | INFO  | DNAudit | user=null | ip=null | op=WRITE_CHUNK {blockData=conID: 2 locID: 102739175035568627 bcsId: 0} | ret=SUCCESS |  
2019-09-05 09:23:20,353 | INFO  | DNAudit | user=null | ip=null | op=WRITE_CHUNK {blockData=conID: 2 locID: 102739175035568627 bcsId: 0} | ret=SUCCESS |  
2019-09-05 09:23:20,353 | INFO  | DNAudit | user=null | ip=null | op=PUT_BLOCK {blockData=[blockId=conID: 2 locID: 102739175035568627 bcsId: 0,size=1048576]} | ret=SUCCESS |  
2019-09-05 09:23:20,353 | INFO  | DNAudit | user=null | ip=null | op=WRITE_CHUNK {blockData=conID: 2 locID: 102739175035568627 bcsId: 0} | ret=SUCCESS |  
2019-09-05 09:23:20,353 [grpc-default-executor-0] INFO  client.GrpcClientProtocolClient (GrpcClientProtocolClient.java:onNext(255)) - client-969FB6DA8C9A->4fcc8d53-44cb-4faf-b915-5afa0c7529d4: receive RaftClientReply:client-969FB6DA8C9A->4fcc8d53-44cb-4faf-b915-5afa0c7529d4@group-6A615BAE1DD1, cid=1555, SUCCESS, logIndex=2197, commits[4fcc8d53-44cb-4faf-b915-5afa0c7529d4:c2200, 48aa5eb4-709c-4003-adb5-fbc02723cd23:c2196, 609a8cf1-6ad3-4123-b94a-106ad93148a8:c2196]
2019-09-05 09:23:20,354 | INFO  | DNAudit | user=null | ip=null | op=PUT_BLOCK {blockData=[blockId=conID: 2 locID: 102739175035568627 bcsId: 0,size=2097152]} | ret=SUCCESS |  
2019-09-05 09:23:20,354 [grpc-default-executor-0] INFO  client.GrpcClientProtocolClient (GrpcClientProtocolClient.java:onNext(255)) - client-969FB6DA8C9A->4fcc8d53-44cb-4faf-b915-5afa0c7529d4: receive RaftClientReply:client-969FB6DA8C9A->4fcc8d53-44cb-4faf-b915-5afa0c7529d4@group-6A615BAE1DD1, cid=1556, SUCCESS, logIndex=2198, commits[4fcc8d53-44cb-4faf-b915-5afa0c7529d4:c2200, 48aa5eb4-709c-4003-adb5-fbc02723cd23:c2196, 609a8cf1-6ad3-4123-b94a-106ad93148a8:c2196]
2019-09-05 09:23:20,354 [grpc-default-executor-0] INFO  client.GrpcClientProtocolClient (GrpcClientProtocolClient.java:onNext(255)) - client-969FB6DA8C9A->4fcc8d53-44cb-4faf-b915-5afa0c7529d4: receive RaftClientReply:client-969FB6DA8C9A->4fcc8d53-44cb-4faf-b915-5afa0c7529d4@group-6A615BAE1DD1, cid=1557, SUCCESS, logIndex=2199, commits[4fcc8d53-44cb-4faf-b915-5afa0c7529d4:c2200, 48aa5eb4-709c-4003-adb5-fbc02723cd23:c2196, 609a8cf1-6ad3-4123-b94a-106ad93148a8:c2196]
2019-09-05 09:23:20,354 [grpc-default-executor-0] INFO  client.GrpcClientProtocolClient (GrpcClientProtocolClient.java:onNext(255)) - client-969FB6DA8C9A->4fcc8d53-44cb-4faf-b915-5afa0c7529d4: receive RaftClientReply:client-969FB6DA8C9A->4fcc8d53-44cb-4faf-b915-5afa0c7529d4@group-6A615BAE1DD1, cid=1558, SUCCESS, logIndex=2200, commits[4fcc8d53-44cb-4faf-b915-5afa0c7529d4:c2200, 48aa5eb4-709c-4003-adb5-fbc02723cd23:c2196, 609a8cf1-6ad3-4123-b94a-106ad93148a8:c2196]
2019-09-05 09:23:20,364 | INFO  | DNAudit | user=null | ip=null | op=WRITE_CHUNK {blockData=conID: 2 locID: 102739175035568627 bcsId: 0} | ret=SUCCESS |  
2019-09-05 09:23:20,365 | INFO  | DNAudit | user=null | ip=null | op=WRITE_CHUNK {blockData=conID: 2 locID: 102739175035568627 bcsId: 0} | ret=SUCCESS |  
2019-09-05 09:23:20,365 | INFO  | DNAudit | user=null | ip=null | op=PUT_BLOCK {blockData=[blockId=conID: 2 locID: 102739175035568627 bcsId: 0,size=1048576]} | ret=SUCCESS |  
2019-09-05 09:23:20,365 | INFO  | DNAudit | user=null | ip=null | op=PUT_BLOCK {blockData=[blockId=conID: 2 locID: 102739175035568627 bcsId: 0,size=1048576]} | ret=SUCCESS |  
2019-09-05 09:23:20,365 | INFO  | DNAudit | user=null | ip=null | op=WRITE_CHUNK {blockData=conID: 2 locID: 102739175035568627 bcsId: 0} | ret=SUCCESS |  
2019-09-05 09:23:20,365 | INFO  | DNAudit | user=null | ip=null | op=PUT_BLOCK {blockData=[blockId=conID: 2 locID: 102739175035568627 bcsId: 0,size=2097152]} | ret=SUCCESS |  
2019-09-05 09:23:20,365 | INFO  | DNAudit | user=null | ip=null | op=WRITE_CHUNK {blockData=conID: 2 locID: 102739175035568627 bcsId: 0} | ret=SUCCESS |  
2019-09-05 09:23:20,366 | INFO  | DNAudit | user=null | ip=null | op=PUT_BLOCK {blockData=[blockId=conID: 2 locID: 102739175035568627 bcsId: 0,size=2097152]} | ret=SUCCESS |  
2019-09-05 09:23:20,366 [grpc-default-executor-0] INFO  client.GrpcClientProtocolClient (GrpcClientProtocolClient.java:onNext(255)) - client-969FB6DA8C9A->4fcc8d53-44cb-4faf-b915-5afa0c7529d4: receive RaftClientReply:client-969FB6DA8C9A->4fcc8d53-44cb-4faf-b915-5afa0c7529d4@group-6A615BAE1DD1, cid=1559, SUCCESS, logIndex=0, commits[4fcc8d53-44cb-4faf-b915-5afa0c7529d4:c2204, 48aa5eb4-709c-4003-adb5-fbc02723cd23:c2198, 609a8cf1-6ad3-4123-b94a-106ad93148a8:c2200]
2019-09-05 09:23:20,371 | INFO  | DNAudit | user=null | ip=null | op=WRITE_CHUNK {blockData=conID: 2 locID: 102739175035568627 bcsId: 2200} | ret=SUCCESS |  
2019-09-05 09:23:20,373 | INFO  | DNAudit | user=null | ip=null | op=WRITE_CHUNK {blockData=conID: 2 locID: 102739175035568627 bcsId: 2200} | ret=SUCCESS |  
2019-09-05 09:23:20,374 | INFO  | DNAudit | user=null | ip=null | op=WRITE_CHUNK {blockData=conID: 2 locID: 102739175035568627 bcsId: 2200} | ret=SUCCESS |  
2019-09-05 09:23:20,390 | INFO  | DNAudit | user=null | ip=null | op=WRITE_CHUNK {blockData=conID: 2 locID: 102739175035568627 bcsId: 2200} | ret=SUCCESS |  
2019-09-05 09:23:20,506 | INFO  | DNAudit | user=null | ip=null | op=PUT_BLOCK {blockData=[blockId=conID: 2 locID: 102739175035568627 bcsId: 0,size=3145728]} | ret=SUCCESS |  
2019-09-05 09:23:20,506 [grpc-default-executor-4] INFO  client.GrpcClientProtocolClient (GrpcClientProtocolClient.java:onNext(255)) - client-969FB6DA8C9A->4fcc8d53-44cb-4faf-b915-5afa0c7529d4: receive RaftClientReply:client-969FB6DA8C9A->4fcc8d53-44cb-4faf-b915-5afa0c7529d4@group-6A615BAE1DD1, cid=1560, SUCCESS, logIndex=2205, commits[4fcc8d53-44cb-4faf-b915-5afa0c7529d4:c2206, 48aa5eb4-709c-4003-adb5-fbc02723cd23:c2204, 609a8cf1-6ad3-4123-b94a-106ad93148a8:c2204]
2019-09-05 09:23:20,506 | INFO  | DNAudit | user=null | ip=null | op=WRITE_CHUNK {blockData=conID: 2 locID: 102739175035568627 bcsId: 2200} | ret=SUCCESS |  
2019-09-05 09:23:20,507 | INFO  | DNAudit | user=null | ip=null | op=WRITE_CHUNK {blockData=conID: 2 locID: 102739175035568627 bcsId: 2200} | ret=SUCCESS |  
2019-09-05 09:23:20,507 | INFO  | DNAudit | user=null | ip=null | op=PUT_BLOCK {blockData=[blockId=conID: 2 locID: 102739175035568627 bcsId: 0,size=3145728]} | ret=SUCCESS |  
2019-09-05 09:23:20,507 [grpc-default-executor-4] INFO  client.GrpcClientProtocolClient (GrpcClientProtocolClient.java:onNext(255)) - client-969FB6DA8C9A->4fcc8d53-44cb-4faf-b915-5afa0c7529d4: receive RaftClientReply:client-969FB6DA8C9A->4fcc8d53-44cb-4faf-b915-5afa0c7529d4@group-6A615BAE1DD1, cid=1561, SUCCESS, logIndex=2206, commits[4fcc8d53-44cb-4faf-b915-5afa0c7529d4:c2206, 48aa5eb4-709c-4003-adb5-fbc02723cd23:c2204, 609a8cf1-6ad3-4123-b94a-106ad93148a8:c2204]
2019-09-05 09:23:20,507 | INFO  | DNAudit | user=null | ip=null | op=PUT_BLOCK {blockData=[blockId=conID: 2 locID: 102739175035568627 bcsId: 0,size=3145728]} | ret=SUCCESS |  
2019-09-05 09:23:20,515 | INFO  | DNAudit | user=null | ip=null | op=WRITE_CHUNK {blockData=conID: 2 locID: 102739175035568627 bcsId: 2206} | ret=SUCCESS |  
2019-09-05 09:23:20,517 | INFO  | DNAudit | user=null | ip=null | op=WRITE_CHUNK {blockData=conID: 2 locID: 102739175035568627 bcsId: 2206} | ret=SUCCESS |  
2019-09-05 09:23:20,517 | INFO  | DNAudit | user=null | ip=null | op=WRITE_CHUNK {blockData=conID: 2 locID: 102739175035568627 bcsId: 2206} | ret=SUCCESS |  
2019-09-05 09:23:20,528 | INFO  | SCMAudit | user=jenkins1000 | ip=192.168.36.69 | op=SEND_HEARTBEAT {datanodeUUID=fe9e29a7-51ad-458f-9e11-f615da290baa, command=[]} | ret=SUCCESS |  
2019-09-05 09:23:20,537 | INFO  | DNAudit | user=null | ip=null | op=WRITE_CHUNK {blockData=conID: 2 locID: 102739175035568627 bcsId: 2206} | ret=SUCCESS |  
2019-09-05 09:23:20,537 | INFO  | DNAudit | user=null | ip=null | op=PUT_BLOCK {blockData=[blockId=conID: 2 locID: 102739175035568627 bcsId: 0,size=4194304]} | ret=SUCCESS |  
2019-09-05 09:23:20,537 [grpc-default-executor-4] INFO  client.GrpcClientProtocolClient (GrpcClientProtocolClient.java:onNext(255)) - client-969FB6DA8C9A->4fcc8d53-44cb-4faf-b915-5afa0c7529d4: receive RaftClientReply:client-969FB6DA8C9A->4fcc8d53-44cb-4faf-b915-5afa0c7529d4@group-6A615BAE1DD1, cid=1562, SUCCESS, logIndex=2209, commits[4fcc8d53-44cb-4faf-b915-5afa0c7529d4:c2210, 48aa5eb4-709c-4003-adb5-fbc02723cd23:c2207, 609a8cf1-6ad3-4123-b94a-106ad93148a8:c2207]
2019-09-05 09:23:20,538 [grpc-default-executor-4] INFO  client.GrpcClientProtocolClient (GrpcClientProtocolClient.java:onNext(255)) - client-969FB6DA8C9A->4fcc8d53-44cb-4faf-b915-5afa0c7529d4: receive RaftClientReply:client-969FB6DA8C9A->4fcc8d53-44cb-4faf-b915-5afa0c7529d4@group-6A615BAE1DD1, cid=1563, SUCCESS, logIndex=2210, commits[4fcc8d53-44cb-4faf-b915-5afa0c7529d4:c2210, 48aa5eb4-709c-4003-adb5-fbc02723cd23:c2207, 609a8cf1-6ad3-4123-b94a-106ad93148a8:c2207]
2019-09-05 09:23:20,561 | INFO  | DNAudit | user=null | ip=null | op=WRITE_CHUNK {blockData=conID: 2 locID: 102739175035568627 bcsId: 2206} | ret=SUCCESS |  
2019-09-05 09:23:20,561 | INFO  | DNAudit | user=null | ip=null | op=WRITE_CHUNK {blockData=conID: 2 locID: 102739175035568627 bcsId: 2206} | ret=SUCCESS |  
2019-09-05 09:23:20,562 | INFO  | DNAudit | user=null | ip=null | op=PUT_BLOCK {blockData=[blockId=conID: 2 locID: 102739175035568627 bcsId: 0,size=4194304]} | ret=SUCCESS |  
2019-09-05 09:23:20,562 | INFO  | DNAudit | user=null | ip=null | op=PUT_BLOCK {blockData=[blockId=conID: 2 locID: 102739175035568627 bcsId: 0,size=4194304]} | ret=SUCCESS |  
2019-09-05 09:23:20,562 [grpc-default-executor-4] INFO  client.GrpcClientProtocolClient (GrpcClientProtocolClient.java:onNext(255)) - client-969FB6DA8C9A->4fcc8d53-44cb-4faf-b915-5afa0c7529d4: receive RaftClientReply:client-969FB6DA8C9A->4fcc8d53-44cb-4faf-b915-5afa0c7529d4@group-6A615BAE1DD1, cid=1564, SUCCESS, logIndex=0, commits[4fcc8d53-44cb-4faf-b915-5afa0c7529d4:c2211, 48aa5eb4-709c-4003-adb5-fbc02723cd23:c2210, 609a8cf1-6ad3-4123-b94a-106ad93148a8:c2210]
2019-09-05 09:23:20,567 | INFO  | SCMAudit | user=jenkins1000 | ip=192.168.36.69 | op=ALLOCATE_BLOCK {owner=5cf4fcf6-c517-45f4-af25-2fff646d8883, size=4194304, type=RATIS, factor=THREE} | ret=SUCCESS |  
2019-09-05 09:23:20,570 | INFO  | OMAudit | user=jenkins1000 | ip=127.0.0.1 | op=ALLOCATE_BLOCK {volume=vol-0-13331, bucket=bucket-0-43606, key=key-0-76526, dataSize=0, replicationType=null, replicationFactor=null, keyLocationInfo=null, clientID=102739173903106450} | ret=SUCCESS |  
2019-09-05 09:23:20,577 | INFO  | DNAudit | user=null | ip=null | op=WRITE_CHUNK {blockData=conID: 3 locID: 102739175051559412 bcsId: 0} | ret=SUCCESS |  
2019-09-05 09:23:20,579 | INFO  | DNAudit | user=null | ip=null | op=WRITE_CHUNK {blockData=conID: 3 locID: 102739175051559412 bcsId: 0} | ret=SUCCESS |  
2019-09-05 09:23:20,580 | INFO  | DNAudit | user=null | ip=null | op=WRITE_CHUNK {blockData=conID: 3 locID: 102739175051559412 bcsId: 0} | ret=SUCCESS |  
2019-09-05 09:23:20,580 | INFO  | DNAudit | user=null | ip=null | op=WRITE_CHUNK {blockData=conID: 3 locID: 102739175051559412 bcsId: 0} | ret=SUCCESS |  
2019-09-05 09:23:20,582 | INFO  | DNAudit | user=null | ip=null | op=WRITE_CHUNK {blockData=conID: 3 locID: 102739175051559412 bcsId: 0} | ret=SUCCESS |  
2019-09-05 09:23:20,582 | INFO  | DNAudit | user=null | ip=null | op=WRITE_CHUNK {blockData=conID: 3 locID: 102739175051559412 bcsId: 0} | ret=SUCCESS |  
2019-09-05 09:23:20,592 | INFO  | DNAudit | user=null | ip=null | op=WRITE_CHUNK {blockData=conID: 3 locID: 102739175051559412 bcsId: 0} | ret=SUCCESS |  
2019-09-05 09:23:20,592 | INFO  | DNAudit | user=null | ip=null | op=PUT_BLOCK {blockData=[blockId=conID: 3 locID: 102739175051559412 bcsId: 0,size=1048576]} | ret=SUCCESS |  
2019-09-05 09:23:20,592 [grpc-default-executor-4] INFO  client.GrpcClientProtocolClient (GrpcClientProtocolClient.java:onNext(255)) - client-969FB6DA8C9A->4fcc8d53-44cb-4faf-b915-5afa0c7529d4: receive RaftClientReply:client-969FB6DA8C9A->4fcc8d53-44cb-4faf-b915-5afa0c7529d4@group-6A615BAE1DD1, cid=1565, SUCCESS, logIndex=2213, commits[4fcc8d53-44cb-4faf-b915-5afa0c7529d4:c2214, 48aa5eb4-709c-4003-adb5-fbc02723cd23:c2212, 609a8cf1-6ad3-4123-b94a-106ad93148a8:c2212]
2019-09-05 09:23:20,593 | INFO  | DNAudit | user=null | ip=null | op=WRITE_CHUNK {blockData=conID: 3 locID: 102739175051559412 bcsId: 0} | ret=SUCCESS |  
2019-09-05 09:23:20,593 [grpc-default-executor-5] INFO  client.GrpcClientProtocolClient (GrpcClientProtocolClient.java:onNext(255)) - client-969FB6DA8C9A->4fcc8d53-44cb-4faf-b915-5afa0c7529d4: receive RaftClientReply:client-969FB6DA8C9A->4fcc8d53-44cb-4faf-b915-5afa0c7529d4@group-6A615BAE1DD1, cid=1566, SUCCESS, logIndex=2214, commits[4fcc8d53-44cb-4faf-b915-5afa0c7529d4:c2214, 48aa5eb4-709c-4003-adb5-fbc02723cd23:c2212, 609a8cf1-6ad3-4123-b94a-106ad93148a8:c2212]
2019-09-05 09:23:20,593 | INFO  | DNAudit | user=null | ip=null | op=PUT_BLOCK {blockData=[blockId=conID: 3 locID: 102739175051559412 bcsId: 0,size=2097152]} | ret=SUCCESS |  
2019-09-05 09:23:20,594 [grpc-default-executor-5] INFO  client.GrpcClientProtocolClient (GrpcClientProtocolClient.java:onNext(255)) - client-969FB6DA8C9A->4fcc8d53-44cb-4faf-b915-5afa0c7529d4: receive RaftClientReply:client-969FB6DA8C9A->4fcc8d53-44cb-4faf-b915-5afa0c7529d4@group-6A615BAE1DD1, cid=1567, SUCCESS, logIndex=2215, commits[4fcc8d53-44cb-4faf-b915-5afa0c7529d4:c2216, 48aa5eb4-709c-4003-adb5-fbc02723cd23:c2212, 609a8cf1-6ad3-4123-b94a-106ad93148a8:c2212]
2019-09-05 09:23:20,594 [grpc-default-executor-5] INFO  client.GrpcClientProtocolClient (GrpcClientProtocolClient.java:onNext(255)) - client-969FB6DA8C9A->4fcc8d53-44cb-4faf-b915-5afa0c7529d4: receive RaftClientReply:client-969FB6DA8C9A->4fcc8d53-44cb-4faf-b915-5afa0c7529d4@group-6A615BAE1DD1, cid=1568, SUCCESS, logIndex=2216, commits[4fcc8d53-44cb-4faf-b915-5afa0c7529d4:c2216, 48aa5eb4-709c-4003-adb5-fbc02723cd23:c2212, 609a8cf1-6ad3-4123-b94a-106ad93148a8:c2212]
2019-09-05 09:23:20,594 | INFO  | DNAudit | user=null | ip=null | op=WRITE_CHUNK {blockData=conID: 3 locID: 102739175051559412 bcsId: 0} | ret=SUCCESS |  
2019-09-05 09:23:20,594 | INFO  | DNAudit | user=null | ip=null | op=PUT_BLOCK {blockData=[blockId=conID: 3 locID: 102739175051559412 bcsId: 0,size=1048576]} | ret=SUCCESS |  
2019-09-05 09:23:20,595 | INFO  | DNAudit | user=null | ip=null | op=WRITE_CHUNK {blockData=conID: 3 locID: 102739175051559412 bcsId: 0} | ret=SUCCESS |  
2019-09-05 09:23:20,595 | INFO  | DNAudit | user=null | ip=null | op=PUT_BLOCK {blockData=[blockId=conID: 3 locID: 102739175051559412 bcsId: 0,size=1048576]} | ret=SUCCESS |  
2019-09-05 09:23:20,595 | INFO  | DNAudit | user=null | ip=null | op=WRITE_CHUNK {blockData=conID: 3 locID: 102739175051559412 bcsId: 0} | ret=SUCCESS |  
2019-09-05 09:23:20,595 [grpc-default-executor-5] INFO  client.GrpcClientProtocolClient (GrpcClientProtocolClient.java:onNext(255)) - client-969FB6DA8C9A->4fcc8d53-44cb-4faf-b915-5afa0c7529d4: receive RaftClientReply:client-969FB6DA8C9A->4fcc8d53-44cb-4faf-b915-5afa0c7529d4@group-6A615BAE1DD1, cid=1569, SUCCESS, logIndex=0, commits[4fcc8d53-44cb-4faf-b915-5afa0c7529d4:c2218, 48aa5eb4-709c-4003-adb5-fbc02723cd23:c2214, 609a8cf1-6ad3-4123-b94a-106ad93148a8:c2214]
2019-09-05 09:23:20,596 | INFO  | DNAudit | user=null | ip=null | op=PUT_BLOCK {blockData=[blockId=conID: 3 locID: 102739175051559412 bcsId: 0,size=2097152]} | ret=SUCCESS |  
2019-09-05 09:23:20,596 | INFO  | DNAudit | user=null | ip=null | op=WRITE_CHUNK {blockData=conID: 3 locID: 102739175051559412 bcsId: 0} | ret=SUCCESS |  
2019-09-05 09:23:20,596 | INFO  | DNAudit | user=null | ip=null | op=PUT_BLOCK {blockData=[blockId=conID: 3 locID: 102739175051559412 bcsId: 0,size=2097152]} | ret=SUCCESS |  
2019-09-05 09:23:20,601 | INFO  | DNAudit | user=null | ip=null | op=WRITE_CHUNK {blockData=conID: 3 locID: 102739175051559412 bcsId: 2216} | ret=SUCCESS |  
2019-09-05 09:23:20,603 | INFO  | DNAudit | user=null | ip=null | op=WRITE_CHUNK {blockData=conID: 3 locID: 102739175051559412 bcsId: 2216} | ret=SUCCESS |  
2019-09-05 09:23:20,603 | INFO  | DNAudit | user=null | ip=null | op=WRITE_CHUNK {blockData=conID: 3 locID: 102739175051559412 bcsId: 2216} | ret=SUCCESS |  
2019-09-05 09:23:20,698 | INFO  | DNAudit | user=null | ip=null | op=WRITE_CHUNK {blockData=conID: 3 locID: 102739175051559412 bcsId: 2216} | ret=SUCCESS |  
2019-09-05 09:23:20,699 | INFO  | DNAudit | user=null | ip=null | op=PUT_BLOCK {blockData=[blockId=conID: 3 locID: 102739175051559412 bcsId: 0,size=3145728]} | ret=SUCCESS |  
2019-09-05 09:23:20,699 [grpc-default-executor-3] INFO  client.GrpcClientProtocolClient (GrpcClientProtocolClient.java:onNext(255)) - client-969FB6DA8C9A->4fcc8d53-44cb-4faf-b915-5afa0c7529d4: receive RaftClientReply:client-969FB6DA8C9A->4fcc8d53-44cb-4faf-b915-5afa0c7529d4@group-6A615BAE1DD1, cid=1570, SUCCESS, logIndex=2221, commits[4fcc8d53-44cb-4faf-b915-5afa0c7529d4:c2222, 48aa5eb4-709c-4003-adb5-fbc02723cd23:c2216, 609a8cf1-6ad3-4123-b94a-106ad93148a8:c2220]
2019-09-05 09:23:20,699 [grpc-default-executor-3] INFO  client.GrpcClientProtocolClient (GrpcClientProtocolClient.java:onNext(255)) - client-969FB6DA8C9A->4fcc8d53-44cb-4faf-b915-5afa0c7529d4: receive RaftClientReply:client-969FB6DA8C9A->4fcc8d53-44cb-4faf-b915-5afa0c7529d4@group-6A615BAE1DD1, cid=1571, SUCCESS, logIndex=2222, commits[4fcc8d53-44cb-4faf-b915-5afa0c7529d4:c2222, 48aa5eb4-709c-4003-adb5-fbc02723cd23:c2220, 609a8cf1-6ad3-4123-b94a-106ad93148a8:c2220]
2019-09-05 09:23:20,708 | INFO  | DNAudit | user=null | ip=null | op=WRITE_CHUNK {blockData=conID: 3 locID: 102739175051559412 bcsId: 2222} | ret=SUCCESS |  
2019-09-05 09:23:20,710 | INFO  | DNAudit | user=null | ip=null | op=WRITE_CHUNK {blockData=conID: 3 locID: 102739175051559412 bcsId: 2222} | ret=SUCCESS |  
2019-09-05 09:23:20,710 | INFO  | DNAudit | user=null | ip=null | op=WRITE_CHUNK {blockData=conID: 3 locID: 102739175051559412 bcsId: 2222} | ret=SUCCESS |  
2019-09-05 09:23:20,721 | INFO  | DNAudit | user=null | ip=null | op=WRITE_CHUNK {blockData=conID: 3 locID: 102739175051559412 bcsId: 2216} | ret=SUCCESS |  
2019-09-05 09:23:20,721 | INFO  | DNAudit | user=null | ip=null | op=WRITE_CHUNK {blockData=conID: 3 locID: 102739175051559412 bcsId: 2216} | ret=SUCCESS |  
2019-09-05 09:23:20,721 | INFO  | DNAudit | user=null | ip=null | op=PUT_BLOCK {blockData=[blockId=conID: 3 locID: 102739175051559412 bcsId: 0,size=3145728]} | ret=SUCCESS |  
2019-09-05 09:23:20,721 | INFO  | DNAudit | user=null | ip=null | op=PUT_BLOCK {blockData=[blockId=conID: 3 locID: 102739175051559412 bcsId: 0,size=3145728]} | ret=SUCCESS |  
2019-09-05 09:23:20,722 | INFO  | DNAudit | user=null | ip=null | op=WRITE_CHUNK {blockData=conID: 3 locID: 102739175051559412 bcsId: 2222} | ret=SUCCESS |  
2019-09-05 09:23:20,723 | INFO  | DNAudit | user=null | ip=null | op=PUT_BLOCK {blockData=[blockId=conID: 3 locID: 102739175051559412 bcsId: 0,size=4194304]} | ret=SUCCESS |  
2019-09-05 09:23:20,723 [grpc-default-executor-4] INFO  client.GrpcClientProtocolClient (GrpcClientProtocolClient.java:onNext(255)) - client-969FB6DA8C9A->4fcc8d53-44cb-4faf-b915-5afa0c7529d4: receive RaftClientReply:client-969FB6DA8C9A->4fcc8d53-44cb-4faf-b915-5afa0c7529d4@group-6A615BAE1DD1, cid=1572, SUCCESS, logIndex=2225, commits[4fcc8d53-44cb-4faf-b915-5afa0c7529d4:c2225, 48aa5eb4-709c-4003-adb5-fbc02723cd23:c2222, 609a8cf1-6ad3-4123-b94a-106ad93148a8:c2222]
2019-09-05 09:23:20,723 [grpc-default-executor-4] INFO  client.GrpcClientProtocolClient (GrpcClientProtocolClient.java:onNext(255)) - client-969FB6DA8C9A->4fcc8d53-44cb-4faf-b915-5afa0c7529d4: receive RaftClientReply:client-969FB6DA8C9A->4fcc8d53-44cb-4faf-b915-5afa0c7529d4@group-6A615BAE1DD1, cid=1573, SUCCESS, logIndex=2226, commits[4fcc8d53-44cb-4faf-b915-5afa0c7529d4:c2226, 48aa5eb4-709c-4003-adb5-fbc02723cd23:c2222, 609a8cf1-6ad3-4123-b94a-106ad93148a8:c2222]
2019-09-05 09:23:20,734 | INFO  | DNAudit | user=null | ip=null | op=WRITE_CHUNK {blockData=conID: 3 locID: 102739175051559412 bcsId: 2222} | ret=SUCCESS |  
2019-09-05 09:23:20,734 | INFO  | DNAudit | user=null | ip=null | op=WRITE_CHUNK {blockData=conID: 3 locID: 102739175051559412 bcsId: 2222} | ret=SUCCESS |  
2019-09-05 09:23:20,736 | INFO  | DNAudit | user=null | ip=null | op=PUT_BLOCK {blockData=[blockId=conID: 3 locID: 102739175051559412 bcsId: 0,size=4194304]} | ret=SUCCESS |  
2019-09-05 09:23:20,736 | INFO  | DNAudit | user=null | ip=null | op=PUT_BLOCK {blockData=[blockId=conID: 3 locID: 102739175051559412 bcsId: 0,size=4194304]} | ret=SUCCESS |  
2019-09-05 09:23:20,736 [grpc-default-executor-4] INFO  client.GrpcClientProtocolClient (GrpcClientProtocolClient.java:onNext(255)) - client-969FB6DA8C9A->4fcc8d53-44cb-4faf-b915-5afa0c7529d4: receive RaftClientReply:client-969FB6DA8C9A->4fcc8d53-44cb-4faf-b915-5afa0c7529d4@group-6A615BAE1DD1, cid=1574, SUCCESS, logIndex=0, commits[4fcc8d53-44cb-4faf-b915-5afa0c7529d4:c2228, 48aa5eb4-709c-4003-adb5-fbc02723cd23:c2226, 609a8cf1-6ad3-4123-b94a-106ad93148a8:c2226]
2019-09-05 09:23:20,741 | INFO  | SCMAudit | user=jenkins1000 | ip=192.168.36.69 | op=ALLOCATE_BLOCK {owner=5cf4fcf6-c517-45f4-af25-2fff646d8883, size=4194304, type=RATIS, factor=THREE} | ret=SUCCESS |  
2019-09-05 09:23:20,743 | INFO  | OMAudit | user=jenkins1000 | ip=127.0.0.1 | op=ALLOCATE_BLOCK {volume=vol-0-13331, bucket=bucket-0-43606, key=key-0-76526, dataSize=0, replicationType=null, replicationFactor=null, keyLocationInfo=null, clientID=102739173903106450} | ret=SUCCESS |  
2019-09-05 09:23:20,751 | INFO  | DNAudit | user=null | ip=null | op=WRITE_CHUNK {blockData=conID: 1 locID: 102739175062962677 bcsId: 0} | ret=SUCCESS |  
2019-09-05 09:23:20,753 | INFO  | DNAudit | user=null | ip=null | op=WRITE_CHUNK {blockData=conID: 1 locID: 102739175062962677 bcsId: 0} | ret=SUCCESS |  
2019-09-05 09:23:20,753 | INFO  | DNAudit | user=null | ip=null | op=WRITE_CHUNK {blockData=conID: 1 locID: 102739175062962677 bcsId: 0} | ret=SUCCESS |  
2019-09-05 09:23:20,753 | INFO  | DNAudit | user=null | ip=null | op=WRITE_CHUNK {blockData=conID: 1 locID: 102739175062962677 bcsId: 0} | ret=SUCCESS |  
2019-09-05 09:23:20,754 | INFO  | DNAudit | user=null | ip=null | op=WRITE_CHUNK {blockData=conID: 1 locID: 102739175062962677 bcsId: 0} | ret=SUCCESS |  
2019-09-05 09:23:20,755 | INFO  | DNAudit | user=null | ip=null | op=WRITE_CHUNK {blockData=conID: 1 locID: 102739175062962677 bcsId: 0} | ret=SUCCESS |  
2019-09-05 09:23:20,767 | INFO  | DNAudit | user=null | ip=null | op=WRITE_CHUNK {blockData=conID: 1 locID: 102739175062962677 bcsId: 0} | ret=SUCCESS |  
2019-09-05 09:23:20,767 | INFO  | DNAudit | user=null | ip=null | op=PUT_BLOCK {blockData=[blockId=conID: 1 locID: 102739175062962677 bcsId: 0,size=1048576]} | ret=SUCCESS |  
2019-09-05 09:23:20,768 | INFO  | DNAudit | user=null | ip=null | op=WRITE_CHUNK {blockData=conID: 1 locID: 102739175062962677 bcsId: 0} | ret=SUCCESS |  
2019-09-05 09:23:20,767 [grpc-default-executor-3] INFO  client.GrpcClientProtocolClient (GrpcClientProtocolClient.java:onNext(255)) - client-969FB6DA8C9A->4fcc8d53-44cb-4faf-b915-5afa0c7529d4: receive RaftClientReply:client-969FB6DA8C9A->4fcc8d53-44cb-4faf-b915-5afa0c7529d4@group-6A615BAE1DD1, cid=1575, SUCCESS, logIndex=2229, commits[4fcc8d53-44cb-4faf-b915-5afa0c7529d4:c2231, 48aa5eb4-709c-4003-adb5-fbc02723cd23:c2228, 609a8cf1-6ad3-4123-b94a-106ad93148a8:c2228]
2019-09-05 09:23:20,768 | INFO  | DNAudit | user=null | ip=null | op=PUT_BLOCK {blockData=[blockId=conID: 1 locID: 102739175062962677 bcsId: 0,size=2097152]} | ret=SUCCESS |  
2019-09-05 09:23:20,768 [grpc-default-executor-3] INFO  client.GrpcClientProtocolClient (GrpcClientProtocolClient.java:onNext(255)) - client-969FB6DA8C9A->4fcc8d53-44cb-4faf-b915-5afa0c7529d4: receive RaftClientReply:client-969FB6DA8C9A->4fcc8d53-44cb-4faf-b915-5afa0c7529d4@group-6A615BAE1DD1, cid=1576, SUCCESS, logIndex=2230, commits[4fcc8d53-44cb-4faf-b915-5afa0c7529d4:c2232, 48aa5eb4-709c-4003-adb5-fbc02723cd23:c2228, 609a8cf1-6ad3-4123-b94a-106ad93148a8:c2228]
2019-09-05 09:23:20,768 [grpc-default-executor-3] INFO  client.GrpcClientProtocolClient (GrpcClientProtocolClient.java:onNext(255)) - client-969FB6DA8C9A->4fcc8d53-44cb-4faf-b915-5afa0c7529d4: receive RaftClientReply:client-969FB6DA8C9A->4fcc8d53-44cb-4faf-b915-5afa0c7529d4@group-6A615BAE1DD1, cid=1577, SUCCESS, logIndex=2231, commits[4fcc8d53-44cb-4faf-b915-5afa0c7529d4:c2232, 48aa5eb4-709c-4003-adb5-fbc02723cd23:c2228, 609a8cf1-6ad3-4123-b94a-106ad93148a8:c2228]
2019-09-05 09:23:20,768 [grpc-default-executor-3] INFO  client.GrpcClientProtocolClient (GrpcClientProtocolClient.java:onNext(255)) - client-969FB6DA8C9A->4fcc8d53-44cb-4faf-b915-5afa0c7529d4: receive RaftClientReply:client-969FB6DA8C9A->4fcc8d53-44cb-4faf-b915-5afa0c7529d4@group-6A615BAE1DD1, cid=1578, SUCCESS, logIndex=2232, commits[4fcc8d53-44cb-4faf-b915-5afa0c7529d4:c2232, 48aa5eb4-709c-4003-adb5-fbc02723cd23:c2228, 609a8cf1-6ad3-4123-b94a-106ad93148a8:c2228]
2019-09-05 09:23:20,785 | INFO  | DNAudit | user=null | ip=null | op=WRITE_CHUNK {blockData=conID: 1 locID: 102739175062962677 bcsId: 0} | ret=SUCCESS |  
2019-09-05 09:23:20,785 | INFO  | DNAudit | user=null | ip=null | op=WRITE_CHUNK {blockData=conID: 1 locID: 102739175062962677 bcsId: 0} | ret=SUCCESS |  
2019-09-05 09:23:20,785 | INFO  | DNAudit | user=null | ip=null | op=PUT_BLOCK {blockData=[blockId=conID: 1 locID: 102739175062962677 bcsId: 0,size=1048576]} | ret=SUCCESS |  
2019-09-05 09:23:20,785 | INFO  | DNAudit | user=null | ip=null | op=WRITE_CHUNK {blockData=conID: 1 locID: 102739175062962677 bcsId: 0} | ret=SUCCESS |  
2019-09-05 09:23:20,786 | INFO  | DNAudit | user=null | ip=null | op=PUT_BLOCK {blockData=[blockId=conID: 1 locID: 102739175062962677 bcsId: 0,size=2097152]} | ret=SUCCESS |  
2019-09-05 09:23:20,786 | INFO  | DNAudit | user=null | ip=null | op=PUT_BLOCK {blockData=[blockId=conID: 1 locID: 102739175062962677 bcsId: 0,size=1048576]} | ret=SUCCESS |  
2019-09-05 09:23:20,787 | INFO  | DNAudit | user=null | ip=null | op=WRITE_CHUNK {blockData=conID: 1 locID: 102739175062962677 bcsId: 0} | ret=SUCCESS |  
2019-09-05 09:23:20,787 [grpc-default-executor-3] INFO  client.GrpcClientProtocolClient (GrpcClientProtocolClient.java:onNext(255)) - client-969FB6DA8C9A->4fcc8d53-44cb-4faf-b915-5afa0c7529d4: receive RaftClientReply:client-969FB6DA8C9A->4fcc8d53-44cb-4faf-b915-5afa0c7529d4@group-6A615BAE1DD1, cid=1579, SUCCESS, logIndex=0, commits[4fcc8d53-44cb-4faf-b915-5afa0c7529d4:c2235, 48aa5eb4-709c-4003-adb5-fbc02723cd23:c2230, 609a8cf1-6ad3-4123-b94a-106ad93148a8:c2231]
2019-09-05 09:23:20,787 | INFO  | DNAudit | user=null | ip=null | op=PUT_BLOCK {blockData=[blockId=conID: 1 locID: 102739175062962677 bcsId: 0,size=2097152]} | ret=SUCCESS |  
2019-09-05 09:23:20,793 | INFO  | DNAudit | user=null | ip=null | op=WRITE_CHUNK {blockData=conID: 1 locID: 102739175062962677 bcsId: 2232} | ret=SUCCESS |  
2019-09-05 09:23:20,795 | INFO  | DNAudit | user=null | ip=null | op=WRITE_CHUNK {blockData=conID: 1 locID: 102739175062962677 bcsId: 2232} | ret=SUCCESS |  
2019-09-05 09:23:20,795 | INFO  | DNAudit | user=null | ip=null | op=WRITE_CHUNK {blockData=conID: 1 locID: 102739175062962677 bcsId: 2232} | ret=SUCCESS |  
2019-09-05 09:23:20,886 | INFO  | DNAudit | user=null | ip=null | op=WRITE_CHUNK {blockData=conID: 1 locID: 102739175062962677 bcsId: 2232} | ret=SUCCESS |  
2019-09-05 09:23:20,887 | INFO  | DNAudit | user=null | ip=null | op=PUT_BLOCK {blockData=[blockId=conID: 1 locID: 102739175062962677 bcsId: 0,size=3145728]} | ret=SUCCESS |  
2019-09-05 09:23:20,887 [grpc-default-executor-5] INFO  client.GrpcClientProtocolClient (GrpcClientProtocolClient.java:onNext(255)) - client-969FB6DA8C9A->4fcc8d53-44cb-4faf-b915-5afa0c7529d4: receive RaftClientReply:client-969FB6DA8C9A->4fcc8d53-44cb-4faf-b915-5afa0c7529d4@group-6A615BAE1DD1, cid=1580, SUCCESS, logIndex=2237, commits[4fcc8d53-44cb-4faf-b915-5afa0c7529d4:c2238, 48aa5eb4-709c-4003-adb5-fbc02723cd23:c2236, 609a8cf1-6ad3-4123-b94a-106ad93148a8:c2236]
2019-09-05 09:23:20,887 [grpc-default-executor-5] INFO  client.GrpcClientProtocolClient (GrpcClientProtocolClient.java:onNext(255)) - client-969FB6DA8C9A->4fcc8d53-44cb-4faf-b915-5afa0c7529d4: receive RaftClientReply:client-969FB6DA8C9A->4fcc8d53-44cb-4faf-b915-5afa0c7529d4@group-6A615BAE1DD1, cid=1581, SUCCESS, logIndex=2238, commits[4fcc8d53-44cb-4faf-b915-5afa0c7529d4:c2238, 48aa5eb4-709c-4003-adb5-fbc02723cd23:c2236, 609a8cf1-6ad3-4123-b94a-106ad93148a8:c2236]
2019-09-05 09:23:20,890 | INFO  | DNAudit | user=null | ip=null | op=WRITE_CHUNK {blockData=conID: 1 locID: 102739175062962677 bcsId: 2232} | ret=SUCCESS |  
2019-09-05 09:23:20,891 | INFO  | DNAudit | user=null | ip=null | op=PUT_BLOCK {blockData=[blockId=conID: 1 locID: 102739175062962677 bcsId: 0,size=3145728]} | ret=SUCCESS |  
2019-09-05 09:23:20,891 | INFO  | DNAudit | user=null | ip=null | op=WRITE_CHUNK {blockData=conID: 1 locID: 102739175062962677 bcsId: 2232} | ret=SUCCESS |  
2019-09-05 09:23:20,891 | INFO  | DNAudit | user=null | ip=null | op=PUT_BLOCK {blockData=[blockId=conID: 1 locID: 102739175062962677 bcsId: 0,size=3145728]} | ret=SUCCESS |  
2019-09-05 09:23:20,895 | INFO  | DNAudit | user=null | ip=null | op=WRITE_CHUNK {blockData=conID: 1 locID: 102739175062962677 bcsId: 2238} | ret=SUCCESS |  
2019-09-05 09:23:20,898 | INFO  | DNAudit | user=null | ip=null | op=WRITE_CHUNK {blockData=conID: 1 locID: 102739175062962677 bcsId: 2238} | ret=SUCCESS |  
2019-09-05 09:23:20,898 | INFO  | DNAudit | user=null | ip=null | op=WRITE_CHUNK {blockData=conID: 1 locID: 102739175062962677 bcsId: 2238} | ret=SUCCESS |  
2019-09-05 09:23:20,908 | INFO  | DNAudit | user=null | ip=null | op=WRITE_CHUNK {blockData=conID: 1 locID: 102739175062962677 bcsId: 2238} | ret=SUCCESS |  
2019-09-05 09:23:20,908 | INFO  | DNAudit | user=null | ip=null | op=PUT_BLOCK {blockData=[blockId=conID: 1 locID: 102739175062962677 bcsId: 0,size=4194304]} | ret=SUCCESS |  
2019-09-05 09:23:20,908 [grpc-default-executor-4] INFO  client.GrpcClientProtocolClient (GrpcClientProtocolClient.java:onNext(255)) - client-969FB6DA8C9A->4fcc8d53-44cb-4faf-b915-5afa0c7529d4: receive RaftClientReply:client-969FB6DA8C9A->4fcc8d53-44cb-4faf-b915-5afa0c7529d4@group-6A615BAE1DD1, cid=1582, SUCCESS, logIndex=2241, commits[4fcc8d53-44cb-4faf-b915-5afa0c7529d4:c2242, 48aa5eb4-709c-4003-adb5-fbc02723cd23:c2240, 609a8cf1-6ad3-4123-b94a-106ad93148a8:c2240]
2019-09-05 09:23:20,909 [grpc-default-executor-4] INFO  client.GrpcClientProtocolClient (GrpcClientProtocolClient.java:onNext(255)) - client-969FB6DA8C9A->4fcc8d53-44cb-4faf-b915-5afa0c7529d4: receive RaftClientReply:client-969FB6DA8C9A->4fcc8d53-44cb-4faf-b915-5afa0c7529d4@group-6A615BAE1DD1, cid=1583, SUCCESS, logIndex=2242, commits[4fcc8d53-44cb-4faf-b915-5afa0c7529d4:c2242, 48aa5eb4-709c-4003-adb5-fbc02723cd23:c2240, 609a8cf1-6ad3-4123-b94a-106ad93148a8:c2240]
2019-09-05 09:23:20,919 | INFO  | DNAudit | user=null | ip=null | op=WRITE_CHUNK {blockData=conID: 1 locID: 102739175062962677 bcsId: 2238} | ret=SUCCESS |  
2019-09-05 09:23:20,919 | INFO  | DNAudit | user=null | ip=null | op=WRITE_CHUNK {blockData=conID: 1 locID: 102739175062962677 bcsId: 2238} | ret=SUCCESS |  
2019-09-05 09:23:20,930 | INFO  | DNAudit | user=null | ip=null | op=PUT_BLOCK {blockData=[blockId=conID: 1 locID: 102739175062962677 bcsId: 0,size=4194304]} | ret=SUCCESS |  
2019-09-05 09:23:20,930 | INFO  | DNAudit | user=null | ip=null | op=PUT_BLOCK {blockData=[blockId=conID: 1 locID: 102739175062962677 bcsId: 0,size=4194304]} | ret=SUCCESS |  
2019-09-05 09:23:20,931 [grpc-default-executor-3] INFO  client.GrpcClientProtocolClient (GrpcClientProtocolClient.java:onNext(255)) - client-969FB6DA8C9A->4fcc8d53-44cb-4faf-b915-5afa0c7529d4: receive RaftClientReply:client-969FB6DA8C9A->4fcc8d53-44cb-4faf-b915-5afa0c7529d4@group-6A615BAE1DD1, cid=1584, SUCCESS, logIndex=0, commits[4fcc8d53-44cb-4faf-b915-5afa0c7529d4:c2243, 48aa5eb4-709c-4003-adb5-fbc02723cd23:c2242, 609a8cf1-6ad3-4123-b94a-106ad93148a8:c2242]
2019-09-05 09:23:20,935 | INFO  | SCMAudit | user=jenkins1000 | ip=192.168.36.69 | op=ALLOCATE_BLOCK {owner=5cf4fcf6-c517-45f4-af25-2fff646d8883, size=4194304, type=RATIS, factor=THREE} | ret=SUCCESS |  
2019-09-05 09:23:20,937 | INFO  | OMAudit | user=jenkins1000 | ip=127.0.0.1 | op=ALLOCATE_BLOCK {volume=vol-0-13331, bucket=bucket-0-43606, key=key-0-76526, dataSize=0, replicationType=null, replicationFactor=null, keyLocationInfo=null, clientID=102739173903106450} | ret=SUCCESS |  
2019-09-05 09:23:20,944 | INFO  | DNAudit | user=null | ip=null | op=WRITE_CHUNK {blockData=conID: 2 locID: 102739175075676662 bcsId: 0} | ret=SUCCESS |  
2019-09-05 09:23:20,946 | INFO  | DNAudit | user=null | ip=null | op=WRITE_CHUNK {blockData=conID: 2 locID: 102739175075676662 bcsId: 0} | ret=SUCCESS |  
2019-09-05 09:23:20,947 | INFO  | DNAudit | user=null | ip=null | op=WRITE_CHUNK {blockData=conID: 2 locID: 102739175075676662 bcsId: 0} | ret=SUCCESS |  
2019-09-05 09:23:20,947 | INFO  | DNAudit | user=null | ip=null | op=WRITE_CHUNK {blockData=conID: 2 locID: 102739175075676662 bcsId: 0} | ret=SUCCESS |  
2019-09-05 09:23:20,949 | INFO  | DNAudit | user=null | ip=null | op=WRITE_CHUNK {blockData=conID: 2 locID: 102739175075676662 bcsId: 0} | ret=SUCCESS |  
2019-09-05 09:23:20,950 | INFO  | DNAudit | user=null | ip=null | op=WRITE_CHUNK {blockData=conID: 2 locID: 102739175075676662 bcsId: 0} | ret=SUCCESS |  
2019-09-05 09:23:20,957 | INFO  | DNAudit | user=null | ip=null | op=WRITE_CHUNK {blockData=conID: 2 locID: 102739175075676662 bcsId: 0} | ret=SUCCESS |  
2019-09-05 09:23:20,957 | INFO  | DNAudit | user=null | ip=null | op=PUT_BLOCK {blockData=[blockId=conID: 2 locID: 102739175075676662 bcsId: 0,size=1048576]} | ret=SUCCESS |  
2019-09-05 09:23:20,957 [grpc-default-executor-3] INFO  client.GrpcClientProtocolClient (GrpcClientProtocolClient.java:onNext(255)) - client-969FB6DA8C9A->4fcc8d53-44cb-4faf-b915-5afa0c7529d4: receive RaftClientReply:client-969FB6DA8C9A->4fcc8d53-44cb-4faf-b915-5afa0c7529d4@group-6A615BAE1DD1, cid=1585, SUCCESS, logIndex=2245, commits[4fcc8d53-44cb-4faf-b915-5afa0c7529d4:c2246, 48aa5eb4-709c-4003-adb5-fbc02723cd23:c2244, 609a8cf1-6ad3-4123-b94a-106ad93148a8:c2244]
2019-09-05 09:23:20,958 | INFO  | DNAudit | user=null | ip=null | op=WRITE_CHUNK {blockData=conID: 2 locID: 102739175075676662 bcsId: 0} | ret=SUCCESS |  
2019-09-05 09:23:20,958 | INFO  | DNAudit | user=null | ip=null | op=PUT_BLOCK {blockData=[blockId=conID: 2 locID: 102739175075676662 bcsId: 0,size=2097152]} | ret=SUCCESS |  
2019-09-05 09:23:20,958 [grpc-default-executor-4] INFO  client.GrpcClientProtocolClient (GrpcClientProtocolClient.java:onNext(255)) - client-969FB6DA8C9A->4fcc8d53-44cb-4faf-b915-5afa0c7529d4: receive RaftClientReply:client-969FB6DA8C9A->4fcc8d53-44cb-4faf-b915-5afa0c7529d4@group-6A615BAE1DD1, cid=1586, SUCCESS, logIndex=2246, commits[4fcc8d53-44cb-4faf-b915-5afa0c7529d4:c2246, 48aa5eb4-709c-4003-adb5-fbc02723cd23:c2244, 609a8cf1-6ad3-4123-b94a-106ad93148a8:c2244]
2019-09-05 09:23:20,958 [grpc-default-executor-4] INFO  client.GrpcClientProtocolClient (GrpcClientProtocolClient.java:onNext(255)) - client-969FB6DA8C9A->4fcc8d53-44cb-4faf-b915-5afa0c7529d4: receive RaftClientReply:client-969FB6DA8C9A->4fcc8d53-44cb-4faf-b915-5afa0c7529d4@group-6A615BAE1DD1, cid=1587, SUCCESS, logIndex=2247, commits[4fcc8d53-44cb-4faf-b915-5afa0c7529d4:c2248, 48aa5eb4-709c-4003-adb5-fbc02723cd23:c2244, 609a8cf1-6ad3-4123-b94a-106ad93148a8:c2244]
2019-09-05 09:23:20,959 [grpc-default-executor-4] INFO  client.GrpcClientProtocolClient (GrpcClientProtocolClient.java:onNext(255)) - client-969FB6DA8C9A->4fcc8d53-44cb-4faf-b915-5afa0c7529d4: receive RaftClientReply:client-969FB6DA8C9A->4fcc8d53-44cb-4faf-b915-5afa0c7529d4@group-6A615BAE1DD1, cid=1588, SUCCESS, logIndex=2248, commits[4fcc8d53-44cb-4faf-b915-5afa0c7529d4:c2248, 48aa5eb4-709c-4003-adb5-fbc02723cd23:c2244, 609a8cf1-6ad3-4123-b94a-106ad93148a8:c2244]
2019-09-05 09:23:20,959 | INFO  | DNAudit | user=null | ip=null | op=WRITE_CHUNK {blockData=conID: 2 locID: 102739175075676662 bcsId: 0} | ret=SUCCESS |  
2019-09-05 09:23:20,959 | INFO  | DNAudit | user=null | ip=null | op=PUT_BLOCK {blockData=[blockId=conID: 2 locID: 102739175075676662 bcsId: 0,size=1048576]} | ret=SUCCESS |  
2019-09-05 09:23:20,959 | INFO  | DNAudit | user=null | ip=null | op=WRITE_CHUNK {blockData=conID: 2 locID: 102739175075676662 bcsId: 0} | ret=SUCCESS |  
2019-09-05 09:23:20,959 | INFO  | DNAudit | user=null | ip=null | op=PUT_BLOCK {blockData=[blockId=conID: 2 locID: 102739175075676662 bcsId: 0,size=1048576]} | ret=SUCCESS |  
2019-09-05 09:23:20,960 | INFO  | DNAudit | user=null | ip=null | op=WRITE_CHUNK {blockData=conID: 2 locID: 102739175075676662 bcsId: 0} | ret=SUCCESS |  
2019-09-05 09:23:20,960 [grpc-default-executor-4] INFO  client.GrpcClientProtocolClient (GrpcClientProtocolClient.java:onNext(255)) - client-969FB6DA8C9A->4fcc8d53-44cb-4faf-b915-5afa0c7529d4: receive RaftClientReply:client-969FB6DA8C9A->4fcc8d53-44cb-4faf-b915-5afa0c7529d4@group-6A615BAE1DD1, cid=1589, SUCCESS, logIndex=0, commits[4fcc8d53-44cb-4faf-b915-5afa0c7529d4:c2250, 48aa5eb4-709c-4003-adb5-fbc02723cd23:c2246, 609a8cf1-6ad3-4123-b94a-106ad93148a8:c2246]
2019-09-05 09:23:20,960 | INFO  | DNAudit | user=null | ip=null | op=PUT_BLOCK {blockData=[blockId=conID: 2 locID: 102739175075676662 bcsId: 0,size=2097152]} | ret=SUCCESS |  
 0.00% |█                                                                                                    |  0/1 Time: 0:00:182019-09-05 09:23:21,056 | INFO  | SCMAudit | user=jenkins1000 | ip=192.168.36.69 | op=SEND_HEARTBEAT {datanodeUUID=4fcc8d53-44cb-4faf-b915-5afa0c7529d4, command=[]} | ret=SUCCESS |  
2019-09-05 09:23:21,056 | INFO  | SCMAudit | user=jenkins1000 | ip=192.168.36.69 | op=SEND_HEARTBEAT {datanodeUUID=48aa5eb4-709c-4003-adb5-fbc02723cd23, command=[]} | ret=SUCCESS |  
2019-09-05 09:23:21,056 | INFO  | SCMAudit | user=jenkins1000 | ip=192.168.36.69 | op=SEND_HEARTBEAT {datanodeUUID=609a8cf1-6ad3-4123-b94a-106ad93148a8, command=[]} | ret=SUCCESS |  
2019-09-05 09:23:21,077 | INFO  | DNAudit | user=null | ip=null | op=WRITE_CHUNK {blockData=conID: 2 locID: 102739175075676662 bcsId: 0} | ret=SUCCESS |  
2019-09-05 09:23:21,078 | INFO  | DNAudit | user=null | ip=null | op=PUT_BLOCK {blockData=[blockId=conID: 2 locID: 102739175075676662 bcsId: 0,size=2097152]} | ret=SUCCESS |  
2019-09-05 09:23:21,082 | INFO  | DNAudit | user=null | ip=null | op=WRITE_CHUNK {blockData=conID: 2 locID: 102739175075676662 bcsId: 2248} | ret=SUCCESS |  
2019-09-05 09:23:21,084 | INFO  | DNAudit | user=null | ip=null | op=WRITE_CHUNK {blockData=conID: 2 locID: 102739175075676662 bcsId: 2248} | ret=SUCCESS |  
2019-09-05 09:23:21,084 | INFO  | DNAudit | user=null | ip=null | op=WRITE_CHUNK {blockData=conID: 2 locID: 102739175075676662 bcsId: 2248} | ret=SUCCESS |  
2019-09-05 09:23:21,087 | INFO  | DNAudit | user=null | ip=null | op=WRITE_CHUNK {blockData=conID: 2 locID: 102739175075676662 bcsId: 2248} | ret=SUCCESS |  
2019-09-05 09:23:21,088 | INFO  | DNAudit | user=null | ip=null | op=PUT_BLOCK {blockData=[blockId=conID: 2 locID: 102739175075676662 bcsId: 0,size=3145728]} | ret=SUCCESS |  
2019-09-05 09:23:21,088 [grpc-default-executor-3] INFO  client.GrpcClientProtocolClient (GrpcClientProtocolClient.java:onNext(255)) - client-969FB6DA8C9A->4fcc8d53-44cb-4faf-b915-5afa0c7529d4: receive RaftClientReply:client-969FB6DA8C9A->4fcc8d53-44cb-4faf-b915-5afa0c7529d4@group-6A615BAE1DD1, cid=1590, SUCCESS, logIndex=2253, commits[4fcc8d53-44cb-4faf-b915-5afa0c7529d4:c2254, 48aa5eb4-709c-4003-adb5-fbc02723cd23:c2252, 609a8cf1-6ad3-4123-b94a-106ad93148a8:c2252]
2019-09-05 09:23:21,088 [grpc-default-executor-3] INFO  client.GrpcClientProtocolClient (GrpcClientProtocolClient.java:onNext(255)) - client-969FB6DA8C9A->4fcc8d53-44cb-4faf-b915-5afa0c7529d4: receive RaftClientReply:client-969FB6DA8C9A->4fcc8d53-44cb-4faf-b915-5afa0c7529d4@group-6A615BAE1DD1, cid=1591, SUCCESS, logIndex=2254, commits[4fcc8d53-44cb-4faf-b915-5afa0c7529d4:c2254, 48aa5eb4-709c-4003-adb5-fbc02723cd23:c2252, 609a8cf1-6ad3-4123-b94a-106ad93148a8:c2252]
2019-09-05 09:23:21,093 | INFO  | DNAudit | user=null | ip=null | op=WRITE_CHUNK {blockData=conID: 2 locID: 102739175075676662 bcsId: 2254} | ret=SUCCESS |  
2019-09-05 09:23:21,095 | INFO  | DNAudit | user=null | ip=null | op=WRITE_CHUNK {blockData=conID: 2 locID: 102739175075676662 bcsId: 2254} | ret=SUCCESS |  
2019-09-05 09:23:21,095 | INFO  | DNAudit | user=null | ip=null | op=WRITE_CHUNK {blockData=conID: 2 locID: 102739175075676662 bcsId: 2254} | ret=SUCCESS |  
2019-09-05 09:23:21,117 | INFO  | DNAudit | user=null | ip=null | op=WRITE_CHUNK {blockData=conID: 2 locID: 102739175075676662 bcsId: 2248} | ret=SUCCESS |  
2019-09-05 09:23:21,117 | INFO  | DNAudit | user=null | ip=null | op=WRITE_CHUNK {blockData=conID: 2 locID: 102739175075676662 bcsId: 2248} | ret=SUCCESS |  
2019-09-05 09:23:21,118 | INFO  | DNAudit | user=null | ip=null | op=PUT_BLOCK {blockData=[blockId=conID: 2 locID: 102739175075676662 bcsId: 0,size=3145728]} | ret=SUCCESS |  
2019-09-05 09:23:21,118 | INFO  | DNAudit | user=null | ip=null | op=PUT_BLOCK {blockData=[blockId=conID: 2 locID: 102739175075676662 bcsId: 0,size=3145728]} | ret=SUCCESS |  
2019-09-05 09:23:21,118 | INFO  | DNAudit | user=null | ip=null | op=WRITE_CHUNK {blockData=conID: 2 locID: 102739175075676662 bcsId: 2254} | ret=SUCCESS |  
2019-09-05 09:23:21,118 | INFO  | DNAudit | user=null | ip=null | op=PUT_BLOCK {blockData=[blockId=conID: 2 locID: 102739175075676662 bcsId: 0,size=4194304]} | ret=SUCCESS |  
2019-09-05 09:23:21,119 [grpc-default-executor-3] INFO  client.GrpcClientProtocolClient (GrpcClientProtocolClient.java:onNext(255)) - client-969FB6DA8C9A->4fcc8d53-44cb-4faf-b915-5afa0c7529d4: receive RaftClientReply:client-969FB6DA8C9A->4fcc8d53-44cb-4faf-b915-5afa0c7529d4@group-6A615BAE1DD1, cid=1592, SUCCESS, logIndex=2257, commits[4fcc8d53-44cb-4faf-b915-5afa0c7529d4:c2258, 48aa5eb4-709c-4003-adb5-fbc02723cd23:c2254, 609a8cf1-6ad3-4123-b94a-106ad93148a8:c2254]
2019-09-05 09:23:21,119 [grpc-default-executor-3] INFO  client.GrpcClientProtocolClient (GrpcClientProtocolClient.java:onNext(255)) - client-969FB6DA8C9A->4fcc8d53-44cb-4faf-b915-5afa0c7529d4: receive RaftClientReply:client-969FB6DA8C9A->4fcc8d53-44cb-4faf-b915-5afa0c7529d4@group-6A615BAE1DD1, cid=1593, SUCCESS, logIndex=2258, commits[4fcc8d53-44cb-4faf-b915-5afa0c7529d4:c2258, 48aa5eb4-709c-4003-adb5-fbc02723cd23:c2254, 609a8cf1-6ad3-4123-b94a-106ad93148a8:c2254]
2019-09-05 09:23:21,154 | INFO  | DNAudit | user=null | ip=null | op=WRITE_CHUNK {blockData=conID: 2 locID: 102739175075676662 bcsId: 2254} | ret=SUCCESS |  
2019-09-05 09:23:21,154 | INFO  | DNAudit | user=null | ip=null | op=WRITE_CHUNK {blockData=conID: 2 locID: 102739175075676662 bcsId: 2254} | ret=SUCCESS |  
2019-09-05 09:23:21,155 | INFO  | DNAudit | user=null | ip=null | op=PUT_BLOCK {blockData=[blockId=conID: 2 locID: 102739175075676662 bcsId: 0,size=4194304]} | ret=SUCCESS |  
2019-09-05 09:23:21,156 | INFO  | DNAudit | user=null | ip=null | op=PUT_BLOCK {blockData=[blockId=conID: 2 locID: 102739175075676662 bcsId: 0,size=4194304]} | ret=SUCCESS |  
2019-09-05 09:23:21,157 [grpc-default-executor-4] INFO  client.GrpcClientProtocolClient (GrpcClientProtocolClient.java:onNext(255)) - client-969FB6DA8C9A->4fcc8d53-44cb-4faf-b915-5afa0c7529d4: receive RaftClientReply:client-969FB6DA8C9A->4fcc8d53-44cb-4faf-b915-5afa0c7529d4@group-6A615BAE1DD1, cid=1594, SUCCESS, logIndex=0, commits[4fcc8d53-44cb-4faf-b915-5afa0c7529d4:c2260, 48aa5eb4-709c-4003-adb5-fbc02723cd23:c2258, 609a8cf1-6ad3-4123-b94a-106ad93148a8:c2258]
2019-09-05 09:23:21,161 | INFO  | SCMAudit | user=jenkins1000 | ip=192.168.36.69 | op=ALLOCATE_BLOCK {owner=5cf4fcf6-c517-45f4-af25-2fff646d8883, size=4194304, type=RATIS, factor=THREE} | ret=SUCCESS |  
2019-09-05 09:23:21,163 | INFO  | OMAudit | user=jenkins1000 | ip=127.0.0.1 | op=ALLOCATE_BLOCK {volume=vol-0-13331, bucket=bucket-0-43606, key=key-0-76526, dataSize=0, replicationType=null, replicationFactor=null, keyLocationInfo=null, clientID=102739173903106450} | ret=SUCCESS |  
2019-09-05 09:23:21,173 | INFO  | DNAudit | user=null | ip=null | op=WRITE_CHUNK {blockData=conID: 3 locID: 102739175090487799 bcsId: 0} | ret=SUCCESS |  
2019-09-05 09:23:21,175 | INFO  | DNAudit | user=null | ip=null | op=WRITE_CHUNK {blockData=conID: 3 locID: 102739175090487799 bcsId: 0} | ret=SUCCESS |  
2019-09-05 09:23:21,176 | INFO  | DNAudit | user=null | ip=null | op=WRITE_CHUNK {blockData=conID: 3 locID: 102739175090487799 bcsId: 0} | ret=SUCCESS |  
2019-09-05 09:23:21,176 | INFO  | DNAudit | user=null | ip=null | op=WRITE_CHUNK {blockData=conID: 3 locID: 102739175090487799 bcsId: 0} | ret=SUCCESS |  
2019-09-05 09:23:21,178 | INFO  | DNAudit | user=null | ip=null | op=WRITE_CHUNK {blockData=conID: 3 locID: 102739175090487799 bcsId: 0} | ret=SUCCESS |  
2019-09-05 09:23:21,179 | INFO  | DNAudit | user=null | ip=null | op=WRITE_CHUNK {blockData=conID: 3 locID: 102739175090487799 bcsId: 0} | ret=SUCCESS |  
2019-09-05 09:23:21,200 | INFO  | DNAudit | user=null | ip=null | op=WRITE_CHUNK {blockData=conID: 3 locID: 102739175090487799 bcsId: 0} | ret=SUCCESS |  
2019-09-05 09:23:21,200 | INFO  | DNAudit | user=null | ip=null | op=PUT_BLOCK {blockData=[blockId=conID: 3 locID: 102739175090487799 bcsId: 0,size=1048576]} | ret=SUCCESS |  
2019-09-05 09:23:21,201 [grpc-default-executor-5] INFO  client.GrpcClientProtocolClient (GrpcClientProtocolClient.java:onNext(255)) - client-969FB6DA8C9A->4fcc8d53-44cb-4faf-b915-5afa0c7529d4: receive RaftClientReply:client-969FB6DA8C9A->4fcc8d53-44cb-4faf-b915-5afa0c7529d4@group-6A615BAE1DD1, cid=1595, SUCCESS, logIndex=2261, commits[4fcc8d53-44cb-4faf-b915-5afa0c7529d4:c2264, 48aa5eb4-709c-4003-adb5-fbc02723cd23:c2260, 609a8cf1-6ad3-4123-b94a-106ad93148a8:c2260]
2019-09-05 09:23:21,201 | INFO  | DNAudit | user=null | ip=null | op=WRITE_CHUNK {blockData=conID: 3 locID: 102739175090487799 bcsId: 0} | ret=SUCCESS |  
2019-09-05 09:23:21,202 | INFO  | DNAudit | user=null | ip=null | op=WRITE_CHUNK {blockData=conID: 3 locID: 102739175090487799 bcsId: 0} | ret=SUCCESS |  
2019-09-05 09:23:21,202 | INFO  | DNAudit | user=null | ip=null | op=WRITE_CHUNK {blockData=conID: 3 locID: 102739175090487799 bcsId: 0} | ret=SUCCESS |  
2019-09-05 09:23:21,202 [grpc-default-executor-5] INFO  client.GrpcClientProtocolClient (GrpcClientProtocolClient.java:onNext(255)) - client-969FB6DA8C9A->4fcc8d53-44cb-4faf-b915-5afa0c7529d4: receive RaftClientReply:client-969FB6DA8C9A->4fcc8d53-44cb-4faf-b915-5afa0c7529d4@group-6A615BAE1DD1, cid=1596, SUCCESS, logIndex=2262, commits[4fcc8d53-44cb-4faf-b915-5afa0c7529d4:c2264, 48aa5eb4-709c-4003-adb5-fbc02723cd23:c2260, 609a8cf1-6ad3-4123-b94a-106ad93148a8:c2260]
2019-09-05 09:23:21,202 | INFO  | DNAudit | user=null | ip=null | op=PUT_BLOCK {blockData=[blockId=conID: 3 locID: 102739175090487799 bcsId: 0,size=2097152]} | ret=SUCCESS |  
2019-09-05 09:23:21,202 | INFO  | DNAudit | user=null | ip=null | op=PUT_BLOCK {blockData=[blockId=conID: 3 locID: 102739175090487799 bcsId: 0,size=1048576]} | ret=SUCCESS |  
2019-09-05 09:23:21,202 | INFO  | DNAudit | user=null | ip=null | op=PUT_BLOCK {blockData=[blockId=conID: 3 locID: 102739175090487799 bcsId: 0,size=1048576]} | ret=SUCCESS |  
2019-09-05 09:23:21,202 [grpc-default-executor-5] INFO  client.GrpcClientProtocolClient (GrpcClientProtocolClient.java:onNext(255)) - client-969FB6DA8C9A->4fcc8d53-44cb-4faf-b915-5afa0c7529d4: receive RaftClientReply:client-969FB6DA8C9A->4fcc8d53-44cb-4faf-b915-5afa0c7529d4@group-6A615BAE1DD1, cid=1597, SUCCESS, logIndex=2263, commits[4fcc8d53-44cb-4faf-b915-5afa0c7529d4:c2264, 48aa5eb4-709c-4003-adb5-fbc02723cd23:c2260, 609a8cf1-6ad3-4123-b94a-106ad93148a8:c2260]
2019-09-05 09:23:21,203 [grpc-default-executor-5] INFO  client.GrpcClientProtocolClient (GrpcClientProtocolClient.java:onNext(255)) - client-969FB6DA8C9A->4fcc8d53-44cb-4faf-b915-5afa0c7529d4: receive RaftClientReply:client-969FB6DA8C9A->4fcc8d53-44cb-4faf-b915-5afa0c7529d4@group-6A615BAE1DD1, cid=1598, SUCCESS, logIndex=2264, commits[4fcc8d53-44cb-4faf-b915-5afa0c7529d4:c2265, 48aa5eb4-709c-4003-adb5-fbc02723cd23:c2260, 609a8cf1-6ad3-4123-b94a-106ad93148a8:c2262]
2019-09-05 09:23:21,203 | INFO  | DNAudit | user=null | ip=null | op=WRITE_CHUNK {blockData=conID: 3 locID: 102739175090487799 bcsId: 0} | ret=SUCCESS |  
2019-09-05 09:23:21,203 | INFO  | DNAudit | user=null | ip=null | op=PUT_BLOCK {blockData=[blockId=conID: 3 locID: 102739175090487799 bcsId: 0,size=2097152]} | ret=SUCCESS |  
2019-09-05 09:23:21,204 | INFO  | DNAudit | user=null | ip=null | op=WRITE_CHUNK {blockData=conID: 3 locID: 102739175090487799 bcsId: 0} | ret=SUCCESS |  
2019-09-05 09:23:21,204 | INFO  | DNAudit | user=null | ip=null | op=PUT_BLOCK {blockData=[blockId=conID: 3 locID: 102739175090487799 bcsId: 0,size=2097152]} | ret=SUCCESS |  
2019-09-05 09:23:21,204 [grpc-default-executor-0] INFO  client.GrpcClientProtocolClient (GrpcClientProtocolClient.java:onNext(255)) - client-969FB6DA8C9A->4fcc8d53-44cb-4faf-b915-5afa0c7529d4: receive RaftClientReply:client-969FB6DA8C9A->4fcc8d53-44cb-4faf-b915-5afa0c7529d4@group-6A615BAE1DD1, cid=1599, SUCCESS, logIndex=0, commits[4fcc8d53-44cb-4faf-b915-5afa0c7529d4:c2268, 48aa5eb4-709c-4003-adb5-fbc02723cd23:c2262, 609a8cf1-6ad3-4123-b94a-106ad93148a8:c2264]
2019-09-05 09:23:21,211 | INFO  | DNAudit | user=null | ip=null | op=WRITE_CHUNK {blockData=conID: 3 locID: 102739175090487799 bcsId: 2264} | ret=SUCCESS |  
2019-09-05 09:23:21,214 | INFO  | DNAudit | user=null | ip=null | op=WRITE_CHUNK {blockData=conID: 3 locID: 102739175090487799 bcsId: 2264} | ret=SUCCESS |  
2019-09-05 09:23:21,214 | INFO  | DNAudit | user=null | ip=null | op=WRITE_CHUNK {blockData=conID: 3 locID: 102739175090487799 bcsId: 2264} | ret=SUCCESS |  
2019-09-05 09:23:21,238 | INFO  | SCMAudit | user=jenkins1000 | ip=192.168.36.69 | op=SEND_HEARTBEAT {datanodeUUID=5b6cff60-1414-40d6-b682-781dc5ff3023, command=[]} | ret=SUCCESS |  
2019-09-05 09:23:21,265 | INFO  | DNAudit | user=null | ip=null | op=WRITE_CHUNK {blockData=conID: 3 locID: 102739175090487799 bcsId: 2264} | ret=SUCCESS |  
2019-09-05 09:23:21,265 | INFO  | DNAudit | user=null | ip=null | op=PUT_BLOCK {blockData=[blockId=conID: 3 locID: 102739175090487799 bcsId: 0,size=3145728]} | ret=SUCCESS |  
2019-09-05 09:23:21,265 [grpc-default-executor-0] INFO  client.GrpcClientProtocolClient (GrpcClientProtocolClient.java:onNext(255)) - client-969FB6DA8C9A->4fcc8d53-44cb-4faf-b915-5afa0c7529d4: receive RaftClientReply:client-969FB6DA8C9A->4fcc8d53-44cb-4faf-b915-5afa0c7529d4@group-6A615BAE1DD1, cid=1600, SUCCESS, logIndex=2269, commits[4fcc8d53-44cb-4faf-b915-5afa0c7529d4:c2270, 48aa5eb4-709c-4003-adb5-fbc02723cd23:c2268, 609a8cf1-6ad3-4123-b94a-106ad93148a8:c2268]
2019-09-05 09:23:21,266 [grpc-default-executor-0] INFO  client.GrpcClientProtocolClient (GrpcClientProtocolClient.java:onNext(255)) - client-969FB6DA8C9A->4fcc8d53-44cb-4faf-b915-5afa0c7529d4: receive RaftClientReply:client-969FB6DA8C9A->4fcc8d53-44cb-4faf-b915-5afa0c7529d4@group-6A615BAE1DD1, cid=1601, SUCCESS, logIndex=2270, commits[4fcc8d53-44cb-4faf-b915-5afa0c7529d4:c2270, 48aa5eb4-709c-4003-adb5-fbc02723cd23:c2268, 609a8cf1-6ad3-4123-b94a-106ad93148a8:c2268]
2019-09-05 09:23:21,272 | INFO  | DNAudit | user=null | ip=null | op=WRITE_CHUNK {blockData=conID: 3 locID: 102739175090487799 bcsId: 2270} | ret=SUCCESS |  
2019-09-05 09:23:21,274 | INFO  | DNAudit | user=null | ip=null | op=WRITE_CHUNK {blockData=conID: 3 locID: 102739175090487799 bcsId: 2270} | ret=SUCCESS |  
2019-09-05 09:23:21,274 | INFO  | DNAudit | user=null | ip=null | op=WRITE_CHUNK {blockData=conID: 3 locID: 102739175090487799 bcsId: 2270} | ret=SUCCESS |  
2019-09-05 09:23:21,287 | INFO  | DNAudit | user=null | ip=null | op=WRITE_CHUNK {blockData=conID: 3 locID: 102739175090487799 bcsId: 2264} | ret=SUCCESS |  
2019-09-05 09:23:21,287 | INFO  | DNAudit | user=null | ip=null | op=WRITE_CHUNK {blockData=conID: 3 locID: 102739175090487799 bcsId: 2264} | ret=SUCCESS |  
2019-09-05 09:23:21,288 | INFO  | DNAudit | user=null | ip=null | op=PUT_BLOCK {blockData=[blockId=conID: 3 locID: 102739175090487799 bcsId: 0,size=3145728]} | ret=SUCCESS |  
2019-09-05 09:23:21,288 | INFO  | DNAudit | user=null | ip=null | op=PUT_BLOCK {blockData=[blockId=conID: 3 locID: 102739175090487799 bcsId: 0,size=3145728]} | ret=SUCCESS |  
2019-09-05 09:23:21,289 | INFO  | DNAudit | user=null | ip=null | op=WRITE_CHUNK {blockData=conID: 3 locID: 102739175090487799 bcsId: 2270} | ret=SUCCESS |  
2019-09-05 09:23:21,290 | INFO  | DNAudit | user=null | ip=null | op=PUT_BLOCK {blockData=[blockId=conID: 3 locID: 102739175090487799 bcsId: 0,size=4194304]} | ret=SUCCESS |  
2019-09-05 09:23:21,290 [grpc-default-executor-0] INFO  client.GrpcClientProtocolClient (GrpcClientProtocolClient.java:onNext(255)) - client-969FB6DA8C9A->4fcc8d53-44cb-4faf-b915-5afa0c7529d4: receive RaftClientReply:client-969FB6DA8C9A->4fcc8d53-44cb-4faf-b915-5afa0c7529d4@group-6A615BAE1DD1, cid=1602, SUCCESS, logIndex=2273, commits[4fcc8d53-44cb-4faf-b915-5afa0c7529d4:c2273, 48aa5eb4-709c-4003-adb5-fbc02723cd23:c2270, 609a8cf1-6ad3-4123-b94a-106ad93148a8:c2270]
2019-09-05 09:23:21,290 [grpc-default-executor-0] INFO  client.GrpcClientProtocolClient (GrpcClientProtocolClient.java:onNext(255)) - client-969FB6DA8C9A->4fcc8d53-44cb-4faf-b915-5afa0c7529d4: receive RaftClientReply:client-969FB6DA8C9A->4fcc8d53-44cb-4faf-b915-5afa0c7529d4@group-6A615BAE1DD1, cid=1603, SUCCESS, logIndex=2274, commits[4fcc8d53-44cb-4faf-b915-5afa0c7529d4:c2274, 48aa5eb4-709c-4003-adb5-fbc02723cd23:c2270, 609a8cf1-6ad3-4123-b94a-106ad93148a8:c2270]
2019-09-05 09:23:21,302 | INFO  | DNAudit | user=null | ip=null | op=WRITE_CHUNK {blockData=conID: 3 locID: 102739175090487799 bcsId: 2270} | ret=SUCCESS |  
2019-09-05 09:23:21,302 | INFO  | DNAudit | user=null | ip=null | op=WRITE_CHUNK {blockData=conID: 3 locID: 102739175090487799 bcsId: 2270} | ret=SUCCESS |  
2019-09-05 09:23:21,314 | INFO  | DNAudit | user=null | ip=null | op=PUT_BLOCK {blockData=[blockId=conID: 3 locID: 102739175090487799 bcsId: 0,size=4194304]} | ret=SUCCESS |  
2019-09-05 09:23:21,314 | INFO  | DNAudit | user=null | ip=null | op=PUT_BLOCK {blockData=[blockId=conID: 3 locID: 102739175090487799 bcsId: 0,size=4194304]} | ret=SUCCESS |  
2019-09-05 09:23:21,315 [grpc-default-executor-0] INFO  client.GrpcClientProtocolClient (GrpcClientProtocolClient.java:onNext(255)) - client-969FB6DA8C9A->4fcc8d53-44cb-4faf-b915-5afa0c7529d4: receive RaftClientReply:client-969FB6DA8C9A->4fcc8d53-44cb-4faf-b915-5afa0c7529d4@group-6A615BAE1DD1, cid=1604, SUCCESS, logIndex=0, commits[4fcc8d53-44cb-4faf-b915-5afa0c7529d4:c2276, 48aa5eb4-709c-4003-adb5-fbc02723cd23:c2274, 609a8cf1-6ad3-4123-b94a-106ad93148a8:c2274]
2019-09-05 09:23:21,319 | INFO  | SCMAudit | user=jenkins1000 | ip=192.168.36.69 | op=ALLOCATE_BLOCK {owner=5cf4fcf6-c517-45f4-af25-2fff646d8883, size=4194304, type=RATIS, factor=THREE} | ret=SUCCESS |  
2019-09-05 09:23:21,322 | INFO  | OMAudit | user=jenkins1000 | ip=127.0.0.1 | op=ALLOCATE_BLOCK {volume=vol-0-13331, bucket=bucket-0-43606, key=key-0-76526, dataSize=0, replicationType=null, replicationFactor=null, keyLocationInfo=null, clientID=102739173903106450} | ret=SUCCESS |  
2019-09-05 09:23:21,330 | INFO  | DNAudit | user=null | ip=null | op=WRITE_CHUNK {blockData=conID: 1 locID: 102739175100842488 bcsId: 0} | ret=SUCCESS |  
2019-09-05 09:23:21,332 | INFO  | DNAudit | user=null | ip=null | op=WRITE_CHUNK {blockData=conID: 1 locID: 102739175100842488 bcsId: 0} | ret=SUCCESS |  
2019-09-05 09:23:21,332 | INFO  | DNAudit | user=null | ip=null | op=WRITE_CHUNK {blockData=conID: 1 locID: 102739175100842488 bcsId: 0} | ret=SUCCESS |  
2019-09-05 09:23:21,332 | INFO  | DNAudit | user=null | ip=null | op=WRITE_CHUNK {blockData=conID: 1 locID: 102739175100842488 bcsId: 0} | ret=SUCCESS |  
2019-09-05 09:23:21,334 | INFO  | DNAudit | user=null | ip=null | op=WRITE_CHUNK {blockData=conID: 1 locID: 102739175100842488 bcsId: 0} | ret=SUCCESS |  
2019-09-05 09:23:21,335 | INFO  | DNAudit | user=null | ip=null | op=WRITE_CHUNK {blockData=conID: 1 locID: 102739175100842488 bcsId: 0} | ret=SUCCESS |  
2019-09-05 09:23:21,352 | INFO  | DNAudit | user=null | ip=null | op=WRITE_CHUNK {blockData=conID: 1 locID: 102739175100842488 bcsId: 0} | ret=SUCCESS |  
2019-09-05 09:23:21,352 | INFO  | DNAudit | user=null | ip=null | op=PUT_BLOCK {blockData=[blockId=conID: 1 locID: 102739175100842488 bcsId: 0,size=1048576]} | ret=SUCCESS |  
2019-09-05 09:23:21,353 [grpc-default-executor-0] INFO  client.GrpcClientProtocolClient (GrpcClientProtocolClient.java:onNext(255)) - client-969FB6DA8C9A->4fcc8d53-44cb-4faf-b915-5afa0c7529d4: receive RaftClientReply:client-969FB6DA8C9A->4fcc8d53-44cb-4faf-b915-5afa0c7529d4@group-6A615BAE1DD1, cid=1605, SUCCESS, logIndex=2277, commits[4fcc8d53-44cb-4faf-b915-5afa0c7529d4:c2278, 48aa5eb4-709c-4003-adb5-fbc02723cd23:c2276, 609a8cf1-6ad3-4123-b94a-106ad93148a8:c2276]
2019-09-05 09:23:21,353 | INFO  | DNAudit | user=null | ip=null | op=WRITE_CHUNK {blockData=conID: 1 locID: 102739175100842488 bcsId: 0} | ret=SUCCESS |  
2019-09-05 09:23:21,353 [grpc-default-executor-4] INFO  client.GrpcClientProtocolClient (GrpcClientProtocolClient.java:onNext(255)) - client-969FB6DA8C9A->4fcc8d53-44cb-4faf-b915-5afa0c7529d4: receive RaftClientReply:client-969FB6DA8C9A->4fcc8d53-44cb-4faf-b915-5afa0c7529d4@group-6A615BAE1DD1, cid=1606, SUCCESS, logIndex=2278, commits[4fcc8d53-44cb-4faf-b915-5afa0c7529d4:c2278, 48aa5eb4-709c-4003-adb5-fbc02723cd23:c2276, 609a8cf1-6ad3-4123-b94a-106ad93148a8:c2276]
2019-09-05 09:23:21,354 | INFO  | DNAudit | user=null | ip=null | op=PUT_BLOCK {blockData=[blockId=conID: 1 locID: 102739175100842488 bcsId: 0,size=2097152]} | ret=SUCCESS |  
2019-09-05 09:23:21,354 | INFO  | DNAudit | user=null | ip=null | op=WRITE_CHUNK {blockData=conID: 1 locID: 102739175100842488 bcsId: 0} | ret=SUCCESS |  
2019-09-05 09:23:21,354 [grpc-default-executor-4] INFO  client.GrpcClientProtocolClient (GrpcClientProtocolClient.java:onNext(255)) - client-969FB6DA8C9A->4fcc8d53-44cb-4faf-b915-5afa0c7529d4: receive RaftClientReply:client-969FB6DA8C9A->4fcc8d53-44cb-4faf-b915-5afa0c7529d4@group-6A615BAE1DD1, cid=1607, SUCCESS, logIndex=2279, commits[4fcc8d53-44cb-4faf-b915-5afa0c7529d4:c2280, 48aa5eb4-709c-4003-adb5-fbc02723cd23:c2276, 609a8cf1-6ad3-4123-b94a-106ad93148a8:c2276]
2019-09-05 09:23:21,354 | INFO  | DNAudit | user=null | ip=null | op=PUT_BLOCK {blockData=[blockId=conID: 1 locID: 102739175100842488 bcsId: 0,size=1048576]} | ret=SUCCESS |  
2019-09-05 09:23:21,354 | INFO  | DNAudit | user=null | ip=null | op=WRITE_CHUNK {blockData=conID: 1 locID: 102739175100842488 bcsId: 0} | ret=SUCCESS |  
2019-09-05 09:23:21,355 | INFO  | DNAudit | user=null | ip=null | op=PUT_BLOCK {blockData=[blockId=conID: 1 locID: 102739175100842488 bcsId: 0,size=1048576]} | ret=SUCCESS |  
2019-09-05 09:23:21,355 | INFO  | DNAudit | user=null | ip=null | op=WRITE_CHUNK {blockData=conID: 1 locID: 102739175100842488 bcsId: 0} | ret=SUCCESS |  
2019-09-05 09:23:21,355 [grpc-default-executor-4] INFO  client.GrpcClientProtocolClient (GrpcClientProtocolClient.java:onNext(255)) - client-969FB6DA8C9A->4fcc8d53-44cb-4faf-b915-5afa0c7529d4: receive RaftClientReply:client-969FB6DA8C9A->4fcc8d53-44cb-4faf-b915-5afa0c7529d4@group-6A615BAE1DD1, cid=1608, SUCCESS, logIndex=2280, commits[4fcc8d53-44cb-4faf-b915-5afa0c7529d4:c2280, 48aa5eb4-709c-4003-adb5-fbc02723cd23:c2276, 609a8cf1-6ad3-4123-b94a-106ad93148a8:c2276]
2019-09-05 09:23:21,355 | INFO  | DNAudit | user=null | ip=null | op=PUT_BLOCK {blockData=[blockId=conID: 1 locID: 102739175100842488 bcsId: 0,size=2097152]} | ret=SUCCESS |  
2019-09-05 09:23:21,356 [grpc-default-executor-3] INFO  client.GrpcClientProtocolClient (GrpcClientProtocolClient.java:onNext(255)) - client-969FB6DA8C9A->4fcc8d53-44cb-4faf-b915-5afa0c7529d4: receive RaftClientReply:client-969FB6DA8C9A->4fcc8d53-44cb-4faf-b915-5afa0c7529d4@group-6A615BAE1DD1, cid=1609, SUCCESS, logIndex=0, commits[4fcc8d53-44cb-4faf-b915-5afa0c7529d4:c2282, 48aa5eb4-709c-4003-adb5-fbc02723cd23:c2278, 609a8cf1-6ad3-4123-b94a-106ad93148a8:c2278]
2019-09-05 09:23:21,362 | INFO  | DNAudit | user=null | ip=null | op=WRITE_CHUNK {blockData=conID: 1 locID: 102739175100842488 bcsId: 2280} | ret=SUCCESS |  
2019-09-05 09:23:21,364 | INFO  | DNAudit | user=null | ip=null | op=WRITE_CHUNK {blockData=conID: 1 locID: 102739175100842488 bcsId: 2280} | ret=SUCCESS |  
2019-09-05 09:23:21,365 | INFO  | DNAudit | user=null | ip=null | op=WRITE_CHUNK {blockData=conID: 1 locID: 102739175100842488 bcsId: 2280} | ret=SUCCESS |  
2019-09-05 09:23:21,368 | INFO  | DNAudit | user=null | ip=null | op=WRITE_CHUNK {blockData=conID: 1 locID: 102739175100842488 bcsId: 0} | ret=SUCCESS |  
2019-09-05 09:23:21,368 | INFO  | DNAudit | user=null | ip=null | op=PUT_BLOCK {blockData=[blockId=conID: 1 locID: 102739175100842488 bcsId: 0,size=2097152]} | ret=SUCCESS |  
2019-09-05 09:23:21,368 | INFO  | DNAudit | user=null | ip=null | op=WRITE_CHUNK {blockData=conID: 1 locID: 102739175100842488 bcsId: 2280} | ret=SUCCESS |  
2019-09-05 09:23:21,368 | INFO  | DNAudit | user=null | ip=null | op=PUT_BLOCK {blockData=[blockId=conID: 1 locID: 102739175100842488 bcsId: 0,size=3145728]} | ret=SUCCESS |  
2019-09-05 09:23:21,369 [grpc-default-executor-3] INFO  client.GrpcClientProtocolClient (GrpcClientProtocolClient.java:onNext(255)) - client-969FB6DA8C9A->4fcc8d53-44cb-4faf-b915-5afa0c7529d4: receive RaftClientReply:client-969FB6DA8C9A->4fcc8d53-44cb-4faf-b915-5afa0c7529d4@group-6A615BAE1DD1, cid=1610, SUCCESS, logIndex=2285, commits[4fcc8d53-44cb-4faf-b915-5afa0c7529d4:c2286, 48aa5eb4-709c-4003-adb5-fbc02723cd23:c2280, 609a8cf1-6ad3-4123-b94a-106ad93148a8:c2282]
2019-09-05 09:23:21,369 [grpc-default-executor-3] INFO  client.GrpcClientProtocolClient (GrpcClientProtocolClient.java:onNext(255)) - client-969FB6DA8C9A->4fcc8d53-44cb-4faf-b915-5afa0c7529d4: receive RaftClientReply:client-969FB6DA8C9A->4fcc8d53-44cb-4faf-b915-5afa0c7529d4@group-6A615BAE1DD1, cid=1611, SUCCESS, logIndex=2286, commits[4fcc8d53-44cb-4faf-b915-5afa0c7529d4:c2286, 48aa5eb4-709c-4003-adb5-fbc02723cd23:c2280, 609a8cf1-6ad3-4123-b94a-106ad93148a8:c2282]
2019-09-05 09:23:21,376 | INFO  | DNAudit | user=null | ip=null | op=WRITE_CHUNK {blockData=conID: 1 locID: 102739175100842488 bcsId: 2286} | ret=SUCCESS |  
2019-09-05 09:23:21,378 | INFO  | DNAudit | user=null | ip=null | op=WRITE_CHUNK {blockData=conID: 1 locID: 102739175100842488 bcsId: 2286} | ret=SUCCESS |  
2019-09-05 09:23:21,378 | INFO  | DNAudit | user=null | ip=null | op=WRITE_CHUNK {blockData=conID: 1 locID: 102739175100842488 bcsId: 2286} | ret=SUCCESS |  
2019-09-05 09:23:21,379 | INFO  | DNAudit | user=null | ip=null | op=WRITE_CHUNK {blockData=conID: 1 locID: 102739175100842488 bcsId: 2280} | ret=SUCCESS |  
2019-09-05 09:23:21,380 | INFO  | DNAudit | user=null | ip=null | op=PUT_BLOCK {blockData=[blockId=conID: 1 locID: 102739175100842488 bcsId: 0,size=3145728]} | ret=SUCCESS |  
2019-09-05 09:23:21,380 | INFO  | DNAudit | user=null | ip=null | op=WRITE_CHUNK {blockData=conID: 1 locID: 102739175100842488 bcsId: 2280} | ret=SUCCESS |  
2019-09-05 09:23:21,380 | INFO  | DNAudit | user=null | ip=null | op=PUT_BLOCK {blockData=[blockId=conID: 1 locID: 102739175100842488 bcsId: 0,size=3145728]} | ret=SUCCESS |  
2019-09-05 09:23:21,381 | INFO  | DNAudit | user=null | ip=null | op=WRITE_CHUNK {blockData=conID: 1 locID: 102739175100842488 bcsId: 2286} | ret=SUCCESS |  
2019-09-05 09:23:21,381 | INFO  | DNAudit | user=null | ip=null | op=PUT_BLOCK {blockData=[blockId=conID: 1 locID: 102739175100842488 bcsId: 0,size=4194304]} | ret=SUCCESS |  
2019-09-05 09:23:21,381 [grpc-default-executor-0] INFO  client.GrpcClientProtocolClient (GrpcClientProtocolClient.java:onNext(255)) - client-969FB6DA8C9A->4fcc8d53-44cb-4faf-b915-5afa0c7529d4: receive RaftClientReply:client-969FB6DA8C9A->4fcc8d53-44cb-4faf-b915-5afa0c7529d4@group-6A615BAE1DD1, cid=1612, SUCCESS, logIndex=2289, commits[4fcc8d53-44cb-4faf-b915-5afa0c7529d4:c2290, 48aa5eb4-709c-4003-adb5-fbc02723cd23:c2286, 609a8cf1-6ad3-4123-b94a-106ad93148a8:c2286]
2019-09-05 09:23:21,381 [grpc-default-executor-0] INFO  client.GrpcClientProtocolClient (GrpcClientProtocolClient.java:onNext(255)) - client-969FB6DA8C9A->4fcc8d53-44cb-4faf-b915-5afa0c7529d4: receive RaftClientReply:client-969FB6DA8C9A->4fcc8d53-44cb-4faf-b915-5afa0c7529d4@group-6A615BAE1DD1, cid=1613, SUCCESS, logIndex=2290, commits[4fcc8d53-44cb-4faf-b915-5afa0c7529d4:c2290, 48aa5eb4-709c-4003-adb5-fbc02723cd23:c2286, 609a8cf1-6ad3-4123-b94a-106ad93148a8:c2286]
2019-09-05 09:23:21,431 | INFO  | DNAudit | user=null | ip=null | op=WRITE_CHUNK {blockData=conID: 1 locID: 102739175100842488 bcsId: 2286} | ret=SUCCESS |  
2019-09-05 09:23:21,432 | INFO  | DNAudit | user=null | ip=null | op=WRITE_CHUNK {blockData=conID: 1 locID: 102739175100842488 bcsId: 2286} | ret=SUCCESS |  
2019-09-05 09:23:21,432 | INFO  | DNAudit | user=null | ip=null | op=PUT_BLOCK {blockData=[blockId=conID: 1 locID: 102739175100842488 bcsId: 0,size=4194304]} | ret=SUCCESS |  
2019-09-05 09:23:21,432 | INFO  | DNAudit | user=null | ip=null | op=PUT_BLOCK {blockData=[blockId=conID: 1 locID: 102739175100842488 bcsId: 0,size=4194304]} | ret=SUCCESS |  
2019-09-05 09:23:21,432 [grpc-default-executor-0] INFO  client.GrpcClientProtocolClient (GrpcClientProtocolClient.java:onNext(255)) - client-969FB6DA8C9A->4fcc8d53-44cb-4faf-b915-5afa0c7529d4: receive RaftClientReply:client-969FB6DA8C9A->4fcc8d53-44cb-4faf-b915-5afa0c7529d4@group-6A615BAE1DD1, cid=1614, SUCCESS, logIndex=0, commits[4fcc8d53-44cb-4faf-b915-5afa0c7529d4:c2291, 48aa5eb4-709c-4003-adb5-fbc02723cd23:c2290, 609a8cf1-6ad3-4123-b94a-106ad93148a8:c2290]
2019-09-05 09:23:21,437 | INFO  | SCMAudit | user=jenkins1000 | ip=192.168.36.69 | op=ALLOCATE_BLOCK {owner=5cf4fcf6-c517-45f4-af25-2fff646d8883, size=4194304, type=RATIS, factor=THREE} | ret=SUCCESS |  
2019-09-05 09:23:21,441 | INFO  | OMAudit | user=jenkins1000 | ip=127.0.0.1 | op=ALLOCATE_BLOCK {volume=vol-0-13331, bucket=bucket-0-43606, key=key-0-76526, dataSize=0, replicationType=null, replicationFactor=null, keyLocationInfo=null, clientID=102739173903106450} | ret=SUCCESS |  
2019-09-05 09:23:21,447 | INFO  | DNAudit | user=null | ip=null | op=WRITE_CHUNK {blockData=conID: 2 locID: 102739175108575737 bcsId: 0} | ret=SUCCESS |  
2019-09-05 09:23:21,449 | INFO  | DNAudit | user=null | ip=null | op=WRITE_CHUNK {blockData=conID: 2 locID: 102739175108575737 bcsId: 0} | ret=SUCCESS |  
2019-09-05 09:23:21,450 | INFO  | DNAudit | user=null | ip=null | op=WRITE_CHUNK {blockData=conID: 2 locID: 102739175108575737 bcsId: 0} | ret=SUCCESS |  
2019-09-05 09:23:21,450 | INFO  | DNAudit | user=null | ip=null | op=WRITE_CHUNK {blockData=conID: 2 locID: 102739175108575737 bcsId: 0} | ret=SUCCESS |  
2019-09-05 09:23:21,453 | INFO  | DNAudit | user=null | ip=null | op=WRITE_CHUNK {blockData=conID: 2 locID: 102739175108575737 bcsId: 0} | ret=SUCCESS |  
2019-09-05 09:23:21,453 | INFO  | DNAudit | user=null | ip=null | op=WRITE_CHUNK {blockData=conID: 2 locID: 102739175108575737 bcsId: 0} | ret=SUCCESS |  
2019-09-05 09:23:21,488 | INFO  | DNAudit | user=null | ip=null | op=WRITE_CHUNK {blockData=conID: 2 locID: 102739175108575737 bcsId: 0} | ret=SUCCESS |  
2019-09-05 09:23:21,489 | INFO  | DNAudit | user=null | ip=null | op=PUT_BLOCK {blockData=[blockId=conID: 2 locID: 102739175108575737 bcsId: 0,size=1048576]} | ret=SUCCESS |  
2019-09-05 09:23:21,489 [grpc-default-executor-3] INFO  client.GrpcClientProtocolClient (GrpcClientProtocolClient.java:onNext(255)) - client-969FB6DA8C9A->4fcc8d53-44cb-4faf-b915-5afa0c7529d4: receive RaftClientReply:client-969FB6DA8C9A->4fcc8d53-44cb-4faf-b915-5afa0c7529d4@group-6A615BAE1DD1, cid=1615, SUCCESS, logIndex=2293, commits[4fcc8d53-44cb-4faf-b915-5afa0c7529d4:c2294, 48aa5eb4-709c-4003-adb5-fbc02723cd23:c2292, 609a8cf1-6ad3-4123-b94a-106ad93148a8:c2292]
2019-09-05 09:23:21,489 [grpc-default-executor-3] INFO  client.GrpcClientProtocolClient (GrpcClientProtocolClient.java:onNext(255)) - client-969FB6DA8C9A->4fcc8d53-44cb-4faf-b915-5afa0c7529d4: receive RaftClientReply:client-969FB6DA8C9A->4fcc8d53-44cb-4faf-b915-5afa0c7529d4@group-6A615BAE1DD1, cid=1616, SUCCESS, logIndex=2294, commits[4fcc8d53-44cb-4faf-b915-5afa0c7529d4:c2294, 48aa5eb4-709c-4003-adb5-fbc02723cd23:c2292, 609a8cf1-6ad3-4123-b94a-106ad93148a8:c2292]
2019-09-05 09:23:21,501 | INFO  | DNAudit | user=null | ip=null | op=WRITE_CHUNK {blockData=conID: 2 locID: 102739175108575737 bcsId: 0} | ret=SUCCESS |  
2019-09-05 09:23:21,501 | INFO  | DNAudit | user=null | ip=null | op=PUT_BLOCK {blockData=[blockId=conID: 2 locID: 102739175108575737 bcsId: 0,size=2097152]} | ret=SUCCESS |  
2019-09-05 09:23:21,501 [grpc-default-executor-0] INFO  client.GrpcClientProtocolClient (GrpcClientProtocolClient.java:onNext(255)) - client-969FB6DA8C9A->4fcc8d53-44cb-4faf-b915-5afa0c7529d4: receive RaftClientReply:client-969FB6DA8C9A->4fcc8d53-44cb-4faf-b915-5afa0c7529d4@group-6A615BAE1DD1, cid=1617, SUCCESS, logIndex=2295, commits[4fcc8d53-44cb-4faf-b915-5afa0c7529d4:c2296, 48aa5eb4-709c-4003-adb5-fbc02723cd23:c2292, 609a8cf1-6ad3-4123-b94a-106ad93148a8:c2292]
2019-09-05 09:23:21,502 [grpc-default-executor-0] INFO  client.GrpcClientProtocolClient (GrpcClientProtocolClient.java:onNext(255)) - client-969FB6DA8C9A->4fcc8d53-44cb-4faf-b915-5afa0c7529d4: receive RaftClientReply:client-969FB6DA8C9A->4fcc8d53-44cb-4faf-b915-5afa0c7529d4@group-6A615BAE1DD1, cid=1618, SUCCESS, logIndex=2296, commits[4fcc8d53-44cb-4faf-b915-5afa0c7529d4:c2296, 48aa5eb4-709c-4003-adb5-fbc02723cd23:c2292, 609a8cf1-6ad3-4123-b94a-106ad93148a8:c2292]
2019-09-05 09:23:21,512 | INFO  | DNAudit | user=null | ip=null | op=WRITE_CHUNK {blockData=conID: 2 locID: 102739175108575737 bcsId: 0} | ret=SUCCESS |  
2019-09-05 09:23:21,512 | INFO  | DNAudit | user=null | ip=null | op=WRITE_CHUNK {blockData=conID: 2 locID: 102739175108575737 bcsId: 0} | ret=SUCCESS |  
2019-09-05 09:23:21,512 | INFO  | DNAudit | user=null | ip=null | op=PUT_BLOCK {blockData=[blockId=conID: 2 locID: 102739175108575737 bcsId: 0,size=1048576]} | ret=SUCCESS |  
2019-09-05 09:23:21,512 | INFO  | DNAudit | user=null | ip=null | op=PUT_BLOCK {blockData=[blockId=conID: 2 locID: 102739175108575737 bcsId: 0,size=1048576]} | ret=SUCCESS |  
2019-09-05 09:23:21,513 [grpc-default-executor-0] INFO  client.GrpcClientProtocolClient (GrpcClientProtocolClient.java:onNext(255)) - client-969FB6DA8C9A->4fcc8d53-44cb-4faf-b915-5afa0c7529d4: receive RaftClientReply:client-969FB6DA8C9A->4fcc8d53-44cb-4faf-b915-5afa0c7529d4@group-6A615BAE1DD1, cid=1619, SUCCESS, logIndex=0, commits[4fcc8d53-44cb-4faf-b915-5afa0c7529d4:c2298, 48aa5eb4-709c-4003-adb5-fbc02723cd23:c2294, 609a8cf1-6ad3-4123-b94a-106ad93148a8:c2294]
2019-09-05 09:23:21,514 | INFO  | DNAudit | user=null | ip=null | op=WRITE_CHUNK {blockData=conID: 2 locID: 102739175108575737 bcsId: 0} | ret=SUCCESS |  
2019-09-05 09:23:21,514 | INFO  | DNAudit | user=null | ip=null | op=WRITE_CHUNK {blockData=conID: 2 locID: 102739175108575737 bcsId: 0} | ret=SUCCESS |  
2019-09-05 09:23:21,514 | INFO  | DNAudit | user=null | ip=null | op=PUT_BLOCK {blockData=[blockId=conID: 2 locID: 102739175108575737 bcsId: 0,size=2097152]} | ret=SUCCESS |  
2019-09-05 09:23:21,514 | INFO  | DNAudit | user=null | ip=null | op=PUT_BLOCK {blockData=[blockId=conID: 2 locID: 102739175108575737 bcsId: 0,size=2097152]} | ret=SUCCESS |  
2019-09-05 09:23:21,521 | INFO  | DNAudit | user=null | ip=null | op=WRITE_CHUNK {blockData=conID: 2 locID: 102739175108575737 bcsId: 2296} | ret=SUCCESS |  
2019-09-05 09:23:21,523 | INFO  | DNAudit | user=null | ip=null | op=WRITE_CHUNK {blockData=conID: 2 locID: 102739175108575737 bcsId: 2296} | ret=SUCCESS |  
2019-09-05 09:23:21,524 | INFO  | DNAudit | user=null | ip=null | op=WRITE_CHUNK {blockData=conID: 2 locID: 102739175108575737 bcsId: 2296} | ret=SUCCESS |  
2019-09-05 09:23:21,528 | INFO  | SCMAudit | user=jenkins1000 | ip=192.168.36.69 | op=SEND_HEARTBEAT {datanodeUUID=fe9e29a7-51ad-458f-9e11-f615da290baa, command=[]} | ret=SUCCESS |  
2019-09-05 09:23:21,583 | INFO  | DNAudit | user=null | ip=null | op=WRITE_CHUNK {blockData=conID: 2 locID: 102739175108575737 bcsId: 2296} | ret=SUCCESS |  
2019-09-05 09:23:21,584 | INFO  | DNAudit | user=null | ip=null | op=PUT_BLOCK {blockData=[blockId=conID: 2 locID: 102739175108575737 bcsId: 0,size=3145728]} | ret=SUCCESS |  
2019-09-05 09:23:21,584 [grpc-default-executor-0] INFO  client.GrpcClientProtocolClient (GrpcClientProtocolClient.java:onNext(255)) - client-969FB6DA8C9A->4fcc8d53-44cb-4faf-b915-5afa0c7529d4: receive RaftClientReply:client-969FB6DA8C9A->4fcc8d53-44cb-4faf-b915-5afa0c7529d4@group-6A615BAE1DD1, cid=1620, SUCCESS, logIndex=2301, commits[4fcc8d53-44cb-4faf-b915-5afa0c7529d4:c2302, 48aa5eb4-709c-4003-adb5-fbc02723cd23:c2300, 609a8cf1-6ad3-4123-b94a-106ad93148a8:c2300]
2019-09-05 09:23:21,584 [grpc-default-executor-0] INFO  client.GrpcClientProtocolClient (GrpcClientProtocolClient.java:onNext(255)) - client-969FB6DA8C9A->4fcc8d53-44cb-4faf-b915-5afa0c7529d4: receive RaftClientReply:client-969FB6DA8C9A->4fcc8d53-44cb-4faf-b915-5afa0c7529d4@group-6A615BAE1DD1, cid=1621, SUCCESS, logIndex=2302, commits[4fcc8d53-44cb-4faf-b915-5afa0c7529d4:c2302, 48aa5eb4-709c-4003-adb5-fbc02723cd23:c2300, 609a8cf1-6ad3-4123-b94a-106ad93148a8:c2300]
2019-09-05 09:23:21,592 | INFO  | DNAudit | user=null | ip=null | op=WRITE_CHUNK {blockData=conID: 2 locID: 102739175108575737 bcsId: 2302} | ret=SUCCESS |  
2019-09-05 09:23:21,595 | INFO  | DNAudit | user=null | ip=null | op=WRITE_CHUNK {blockData=conID: 2 locID: 102739175108575737 bcsId: 2302} | ret=SUCCESS |  
2019-09-05 09:23:21,597 | INFO  | DNAudit | user=null | ip=null | op=WRITE_CHUNK {blockData=conID: 2 locID: 102739175108575737 bcsId: 2302} | ret=SUCCESS |  
2019-09-05 09:23:21,597 | INFO  | DNAudit | user=null | ip=null | op=WRITE_CHUNK {blockData=conID: 2 locID: 102739175108575737 bcsId: 2296} | ret=SUCCESS |  
2019-09-05 09:23:21,598 | INFO  | DNAudit | user=null | ip=null | op=PUT_BLOCK {blockData=[blockId=conID: 2 locID: 102739175108575737 bcsId: 0,size=3145728]} | ret=SUCCESS |  
2019-09-05 09:23:21,607 | INFO  | DNAudit | user=null | ip=null | op=WRITE_CHUNK {blockData=conID: 2 locID: 102739175108575737 bcsId: 2296} | ret=SUCCESS |  
2019-09-05 09:23:21,608 | INFO  | DNAudit | user=null | ip=null | op=PUT_BLOCK {blockData=[blockId=conID: 2 locID: 102739175108575737 bcsId: 0,size=3145728]} | ret=SUCCESS |  
2019-09-05 09:23:21,608 | INFO  | DNAudit | user=null | ip=null | op=WRITE_CHUNK {blockData=conID: 2 locID: 102739175108575737 bcsId: 2302} | ret=SUCCESS |  
2019-09-05 09:23:21,608 | INFO  | DNAudit | user=null | ip=null | op=PUT_BLOCK {blockData=[blockId=conID: 2 locID: 102739175108575737 bcsId: 0,size=4194304]} | ret=SUCCESS |  
2019-09-05 09:23:21,608 [grpc-default-executor-0] INFO  client.GrpcClientProtocolClient (GrpcClientProtocolClient.java:onNext(255)) - client-969FB6DA8C9A->4fcc8d53-44cb-4faf-b915-5afa0c7529d4: receive RaftClientReply:client-969FB6DA8C9A->4fcc8d53-44cb-4faf-b915-5afa0c7529d4@group-6A615BAE1DD1, cid=1622, SUCCESS, logIndex=2305, commits[4fcc8d53-44cb-4faf-b915-5afa0c7529d4:c2306, 48aa5eb4-709c-4003-adb5-fbc02723cd23:c2302, 609a8cf1-6ad3-4123-b94a-106ad93148a8:c2302]
2019-09-05 09:23:21,609 [grpc-default-executor-0] INFO  client.GrpcClientProtocolClient (GrpcClientProtocolClient.java:onNext(255)) - client-969FB6DA8C9A->4fcc8d53-44cb-4faf-b915-5afa0c7529d4: receive RaftClientReply:client-969FB6DA8C9A->4fcc8d53-44cb-4faf-b915-5afa0c7529d4@group-6A615BAE1DD1, cid=1623, SUCCESS, logIndex=2306, commits[4fcc8d53-44cb-4faf-b915-5afa0c7529d4:c2306, 48aa5eb4-709c-4003-adb5-fbc02723cd23:c2302, 609a8cf1-6ad3-4123-b94a-106ad93148a8:c2302]
2019-09-05 09:23:21,625 | INFO  | DNAudit | user=null | ip=null | op=WRITE_CHUNK {blockData=conID: 2 locID: 102739175108575737 bcsId: 2302} | ret=SUCCESS |  
2019-09-05 09:23:21,626 | INFO  | DNAudit | user=null | ip=null | op=PUT_BLOCK {blockData=[blockId=conID: 2 locID: 102739175108575737 bcsId: 0,size=4194304]} | ret=SUCCESS |  
2019-09-05 09:23:21,636 | INFO  | DNAudit | user=null | ip=null | op=WRITE_CHUNK {blockData=conID: 2 locID: 102739175108575737 bcsId: 2302} | ret=SUCCESS |  
2019-09-05 09:23:21,637 | INFO  | DNAudit | user=null | ip=null | op=PUT_BLOCK {blockData=[blockId=conID: 2 locID: 102739175108575737 bcsId: 0,size=4194304]} | ret=SUCCESS |  
2019-09-05 09:23:21,637 [grpc-default-executor-0] INFO  client.GrpcClientProtocolClient (GrpcClientProtocolClient.java:onNext(255)) - client-969FB6DA8C9A->4fcc8d53-44cb-4faf-b915-5afa0c7529d4: receive RaftClientReply:client-969FB6DA8C9A->4fcc8d53-44cb-4faf-b915-5afa0c7529d4@group-6A615BAE1DD1, cid=1624, SUCCESS, logIndex=0, commits[4fcc8d53-44cb-4faf-b915-5afa0c7529d4:c2307, 48aa5eb4-709c-4003-adb5-fbc02723cd23:c2306, 609a8cf1-6ad3-4123-b94a-106ad93148a8:c2306]
2019-09-05 09:23:21,640 | INFO  | SCMAudit | user=jenkins1000 | ip=192.168.36.69 | op=ALLOCATE_BLOCK {owner=5cf4fcf6-c517-45f4-af25-2fff646d8883, size=4194304, type=RATIS, factor=THREE} | ret=SUCCESS |  
2019-09-05 09:23:21,642 | INFO  | OMAudit | user=jenkins1000 | ip=127.0.0.1 | op=ALLOCATE_BLOCK {volume=vol-0-13331, bucket=bucket-0-43606, key=key-0-76526, dataSize=0, replicationType=null, replicationFactor=null, keyLocationInfo=null, clientID=102739173903106450} | ret=SUCCESS |  
2019-09-05 09:23:21,649 | INFO  | DNAudit | user=null | ip=null | op=WRITE_CHUNK {blockData=conID: 3 locID: 102739175121879546 bcsId: 0} | ret=SUCCESS |  
2019-09-05 09:23:21,651 | INFO  | DNAudit | user=null | ip=null | op=WRITE_CHUNK {blockData=conID: 3 locID: 102739175121879546 bcsId: 0} | ret=SUCCESS |  
2019-09-05 09:23:21,652 | INFO  | DNAudit | user=null | ip=null | op=WRITE_CHUNK {blockData=conID: 3 locID: 102739175121879546 bcsId: 0} | ret=SUCCESS |  
2019-09-05 09:23:21,655 | INFO  | DNAudit | user=null | ip=null | op=WRITE_CHUNK {blockData=conID: 3 locID: 102739175121879546 bcsId: 0} | ret=SUCCESS |  
2019-09-05 09:23:21,657 | INFO  | DNAudit | user=null | ip=null | op=WRITE_CHUNK {blockData=conID: 3 locID: 102739175121879546 bcsId: 0} | ret=SUCCESS |  
2019-09-05 09:23:21,658 | INFO  | DNAudit | user=null | ip=null | op=WRITE_CHUNK {blockData=conID: 3 locID: 102739175121879546 bcsId: 0} | ret=SUCCESS |  
2019-09-05 09:23:21,675 | INFO  | DNAudit | user=null | ip=null | op=WRITE_CHUNK {blockData=conID: 3 locID: 102739175121879546 bcsId: 0} | ret=SUCCESS |  
2019-09-05 09:23:21,676 | INFO  | DNAudit | user=null | ip=null | op=PUT_BLOCK {blockData=[blockId=conID: 3 locID: 102739175121879546 bcsId: 0,size=1048576]} | ret=SUCCESS |  
2019-09-05 09:23:21,676 | INFO  | DNAudit | user=null | ip=null | op=WRITE_CHUNK {blockData=conID: 3 locID: 102739175121879546 bcsId: 0} | ret=SUCCESS |  
2019-09-05 09:23:21,676 [grpc-default-executor-3] INFO  client.GrpcClientProtocolClient (GrpcClientProtocolClient.java:onNext(255)) - client-969FB6DA8C9A->4fcc8d53-44cb-4faf-b915-5afa0c7529d4: receive RaftClientReply:client-969FB6DA8C9A->4fcc8d53-44cb-4faf-b915-5afa0c7529d4@group-6A615BAE1DD1, cid=1625, SUCCESS, logIndex=2309, commits[4fcc8d53-44cb-4faf-b915-5afa0c7529d4:c2310, 48aa5eb4-709c-4003-adb5-fbc02723cd23:c2308, 609a8cf1-6ad3-4123-b94a-106ad93148a8:c2308]
2019-09-05 09:23:21,677 | INFO  | DNAudit | user=null | ip=null | op=PUT_BLOCK {blockData=[blockId=conID: 3 locID: 102739175121879546 bcsId: 0,size=2097152]} | ret=SUCCESS |  
2019-09-05 09:23:21,677 | INFO  | DNAudit | user=null | ip=null | op=WRITE_CHUNK {blockData=conID: 3 locID: 102739175121879546 bcsId: 0} | ret=SUCCESS |  
2019-09-05 09:23:21,677 [grpc-default-executor-3] INFO  client.GrpcClientProtocolClient (GrpcClientProtocolClient.java:onNext(255)) - client-969FB6DA8C9A->4fcc8d53-44cb-4faf-b915-5afa0c7529d4: receive RaftClientReply:client-969FB6DA8C9A->4fcc8d53-44cb-4faf-b915-5afa0c7529d4@group-6A615BAE1DD1, cid=1626, SUCCESS, logIndex=2310, commits[4fcc8d53-44cb-4faf-b915-5afa0c7529d4:c2310, 48aa5eb4-709c-4003-adb5-fbc02723cd23:c2308, 609a8cf1-6ad3-4123-b94a-106ad93148a8:c2308]
2019-09-05 09:23:21,677 | INFO  | DNAudit | user=null | ip=null | op=PUT_BLOCK {blockData=[blockId=conID: 3 locID: 102739175121879546 bcsId: 0,size=1048576]} | ret=SUCCESS |  
2019-09-05 09:23:21,678 | INFO  | DNAudit | user=null | ip=null | op=WRITE_CHUNK {blockData=conID: 3 locID: 102739175121879546 bcsId: 0} | ret=SUCCESS |  
2019-09-05 09:23:21,678 | INFO  | DNAudit | user=null | ip=null | op=PUT_BLOCK {blockData=[blockId=conID: 3 locID: 102739175121879546 bcsId: 0,size=1048576]} | ret=SUCCESS |  
2019-09-05 09:23:21,678 | INFO  | DNAudit | user=null | ip=null | op=WRITE_CHUNK {blockData=conID: 3 locID: 102739175121879546 bcsId: 0} | ret=SUCCESS |  
2019-09-05 09:23:21,679 | INFO  | DNAudit | user=null | ip=null | op=WRITE_CHUNK {blockData=conID: 3 locID: 102739175121879546 bcsId: 0} | ret=SUCCESS |  
2019-09-05 09:23:21,679 | INFO  | DNAudit | user=null | ip=null | op=PUT_BLOCK {blockData=[blockId=conID: 3 locID: 102739175121879546 bcsId: 0,size=2097152]} | ret=SUCCESS |  
2019-09-05 09:23:21,679 [grpc-default-executor-3] INFO  client.GrpcClientProtocolClient (GrpcClientProtocolClient.java:onNext(255)) - client-969FB6DA8C9A->4fcc8d53-44cb-4faf-b915-5afa0c7529d4: receive RaftClientReply:client-969FB6DA8C9A->4fcc8d53-44cb-4faf-b915-5afa0c7529d4@group-6A615BAE1DD1, cid=1627, SUCCESS, logIndex=2311, commits[4fcc8d53-44cb-4faf-b915-5afa0c7529d4:c2312, 48aa5eb4-709c-4003-adb5-fbc02723cd23:c2308, 609a8cf1-6ad3-4123-b94a-106ad93148a8:c2308]
2019-09-05 09:23:21,679 | INFO  | DNAudit | user=null | ip=null | op=PUT_BLOCK {blockData=[blockId=conID: 3 locID: 102739175121879546 bcsId: 0,size=2097152]} | ret=SUCCESS |  
2019-09-05 09:23:21,679 [grpc-default-executor-3] INFO  client.GrpcClientProtocolClient (GrpcClientProtocolClient.java:onNext(255)) - client-969FB6DA8C9A->4fcc8d53-44cb-4faf-b915-5afa0c7529d4: receive RaftClientReply:client-969FB6DA8C9A->4fcc8d53-44cb-4faf-b915-5afa0c7529d4@group-6A615BAE1DD1, cid=1628, SUCCESS, logIndex=2312, commits[4fcc8d53-44cb-4faf-b915-5afa0c7529d4:c2312, 48aa5eb4-709c-4003-adb5-fbc02723cd23:c2308, 609a8cf1-6ad3-4123-b94a-106ad93148a8:c2308]
2019-09-05 09:23:21,680 [grpc-default-executor-3] INFO  client.GrpcClientProtocolClient (GrpcClientProtocolClient.java:onNext(255)) - client-969FB6DA8C9A->4fcc8d53-44cb-4faf-b915-5afa0c7529d4: receive RaftClientReply:client-969FB6DA8C9A->4fcc8d53-44cb-4faf-b915-5afa0c7529d4@group-6A615BAE1DD1, cid=1629, SUCCESS, logIndex=0, commits[4fcc8d53-44cb-4faf-b915-5afa0c7529d4:c2316, 48aa5eb4-709c-4003-adb5-fbc02723cd23:c2312, 609a8cf1-6ad3-4123-b94a-106ad93148a8:c2312]
2019-09-05 09:23:21,687 | INFO  | DNAudit | user=null | ip=null | op=WRITE_CHUNK {blockData=conID: 3 locID: 102739175121879546 bcsId: 2312} | ret=SUCCESS |  
2019-09-05 09:23:21,689 | INFO  | DNAudit | user=null | ip=null | op=WRITE_CHUNK {blockData=conID: 3 locID: 102739175121879546 bcsId: 2312} | ret=SUCCESS |  
2019-09-05 09:23:21,690 | INFO  | DNAudit | user=null | ip=null | op=WRITE_CHUNK {blockData=conID: 3 locID: 102739175121879546 bcsId: 2312} | ret=SUCCESS |  
2019-09-05 09:23:21,735 | INFO  | DNAudit | user=null | ip=null | op=WRITE_CHUNK {blockData=conID: 3 locID: 102739175121879546 bcsId: 2312} | ret=SUCCESS |  
2019-09-05 09:23:21,736 | INFO  | DNAudit | user=null | ip=null | op=PUT_BLOCK {blockData=[blockId=conID: 3 locID: 102739175121879546 bcsId: 0,size=3145728]} | ret=SUCCESS |  
2019-09-05 09:23:21,737 [grpc-default-executor-5] INFO  client.GrpcClientProtocolClient (GrpcClientProtocolClient.java:onNext(255)) - client-969FB6DA8C9A->4fcc8d53-44cb-4faf-b915-5afa0c7529d4: receive RaftClientReply:client-969FB6DA8C9A->4fcc8d53-44cb-4faf-b915-5afa0c7529d4@group-6A615BAE1DD1, cid=1630, SUCCESS, logIndex=2317, commits[4fcc8d53-44cb-4faf-b915-5afa0c7529d4:c2318, 48aa5eb4-709c-4003-adb5-fbc02723cd23:c2312, 609a8cf1-6ad3-4123-b94a-106ad93148a8:c2316]
2019-09-05 09:23:21,737 [grpc-default-executor-5] INFO  client.GrpcClientProtocolClient (GrpcClientProtocolClient.java:onNext(255)) - client-969FB6DA8C9A->4fcc8d53-44cb-4faf-b915-5afa0c7529d4: receive RaftClientReply:client-969FB6DA8C9A->4fcc8d53-44cb-4faf-b915-5afa0c7529d4@group-6A615BAE1DD1, cid=1631, SUCCESS, logIndex=2318, commits[4fcc8d53-44cb-4faf-b915-5afa0c7529d4:c2318, 48aa5eb4-709c-4003-adb5-fbc02723cd23:c2312, 609a8cf1-6ad3-4123-b94a-106ad93148a8:c2316]
2019-09-05 09:23:21,745 | INFO  | DNAudit | user=null | ip=null | op=WRITE_CHUNK {blockData=conID: 3 locID: 102739175121879546 bcsId: 2318} | ret=SUCCESS |  
2019-09-05 09:23:21,748 | INFO  | DNAudit | user=null | ip=null | op=WRITE_CHUNK {blockData=conID: 3 locID: 102739175121879546 bcsId: 2318} | ret=SUCCESS |  
2019-09-05 09:23:21,748 | INFO  | DNAudit | user=null | ip=null | op=WRITE_CHUNK {blockData=conID: 3 locID: 102739175121879546 bcsId: 2318} | ret=SUCCESS |  
2019-09-05 09:23:21,844 | INFO  | DNAudit | user=null | ip=null | op=WRITE_CHUNK {blockData=conID: 3 locID: 102739175121879546 bcsId: 2312} | ret=SUCCESS |  
2019-09-05 09:23:21,844 | INFO  | DNAudit | user=null | ip=null | op=WRITE_CHUNK {blockData=conID: 3 locID: 102739175121879546 bcsId: 2312} | ret=SUCCESS |  
2019-09-05 09:23:21,845 | INFO  | DNAudit | user=null | ip=null | op=PUT_BLOCK {blockData=[blockId=conID: 3 locID: 102739175121879546 bcsId: 0,size=3145728]} | ret=SUCCESS |  
2019-09-05 09:23:21,845 | INFO  | DNAudit | user=null | ip=null | op=PUT_BLOCK {blockData=[blockId=conID: 3 locID: 102739175121879546 bcsId: 0,size=3145728]} | ret=SUCCESS |  
2019-09-05 09:23:21,910 | INFO  | DNAudit | user=null | ip=null | op=WRITE_CHUNK {blockData=conID: 3 locID: 102739175121879546 bcsId: 2318} | ret=SUCCESS |  
2019-09-05 09:23:21,910 | INFO  | DNAudit | user=null | ip=null | op=PUT_BLOCK {blockData=[blockId=conID: 3 locID: 102739175121879546 bcsId: 0,size=4194304]} | ret=SUCCESS |  
2019-09-05 09:23:21,911 [grpc-default-executor-5] INFO  client.GrpcClientProtocolClient (GrpcClientProtocolClient.java:onNext(255)) - client-969FB6DA8C9A->4fcc8d53-44cb-4faf-b915-5afa0c7529d4: receive RaftClientReply:client-969FB6DA8C9A->4fcc8d53-44cb-4faf-b915-5afa0c7529d4@group-6A615BAE1DD1, cid=1632, SUCCESS, logIndex=2321, commits[4fcc8d53-44cb-4faf-b915-5afa0c7529d4:c2322, 48aa5eb4-709c-4003-adb5-fbc02723cd23:c2318, 609a8cf1-6ad3-4123-b94a-106ad93148a8:c2318]
2019-09-05 09:23:21,911 [grpc-default-executor-5] INFO  client.GrpcClientProtocolClient (GrpcClientProtocolClient.java:onNext(255)) - client-969FB6DA8C9A->4fcc8d53-44cb-4faf-b915-5afa0c7529d4: receive RaftClientReply:client-969FB6DA8C9A->4fcc8d53-44cb-4faf-b915-5afa0c7529d4@group-6A615BAE1DD1, cid=1633, SUCCESS, logIndex=2322, commits[4fcc8d53-44cb-4faf-b915-5afa0c7529d4:c2322, 48aa5eb4-709c-4003-adb5-fbc02723cd23:c2318, 609a8cf1-6ad3-4123-b94a-106ad93148a8:c2318]
2019-09-05 09:23:21,928 | INFO  | DNAudit | user=null | ip=null | op=WRITE_CHUNK {blockData=conID: 3 locID: 102739175121879546 bcsId: 2318} | ret=SUCCESS |  
2019-09-05 09:23:21,928 | INFO  | DNAudit | user=null | ip=null | op=WRITE_CHUNK {blockData=conID: 3 locID: 102739175121879546 bcsId: 2318} | ret=SUCCESS |  
2019-09-05 09:23:21,931 | INFO  | DNAudit | user=null | ip=null | op=PUT_BLOCK {blockData=[blockId=conID: 3 locID: 102739175121879546 bcsId: 0,size=4194304]} | ret=SUCCESS |  
2019-09-05 09:23:21,931 | INFO  | DNAudit | user=null | ip=null | op=PUT_BLOCK {blockData=[blockId=conID: 3 locID: 102739175121879546 bcsId: 0,size=4194304]} | ret=SUCCESS |  
2019-09-05 09:23:21,932 [grpc-default-executor-5] INFO  client.GrpcClientProtocolClient (GrpcClientProtocolClient.java:onNext(255)) - client-969FB6DA8C9A->4fcc8d53-44cb-4faf-b915-5afa0c7529d4: receive RaftClientReply:client-969FB6DA8C9A->4fcc8d53-44cb-4faf-b915-5afa0c7529d4@group-6A615BAE1DD1, cid=1634, SUCCESS, logIndex=0, commits[4fcc8d53-44cb-4faf-b915-5afa0c7529d4:c2324, 48aa5eb4-709c-4003-adb5-fbc02723cd23:c2322, 609a8cf1-6ad3-4123-b94a-106ad93148a8:c2322]
2019-09-05 09:23:21,937 | INFO  | SCMAudit | user=jenkins1000 | ip=192.168.36.69 | op=ALLOCATE_BLOCK {owner=5cf4fcf6-c517-45f4-af25-2fff646d8883, size=4194304, type=RATIS, factor=THREE} | ret=SUCCESS |  
2019-09-05 09:23:21,941 | INFO  | OMAudit | user=jenkins1000 | ip=127.0.0.1 | op=ALLOCATE_BLOCK {volume=vol-0-13331, bucket=bucket-0-43606, key=key-0-76526, dataSize=0, replicationType=null, replicationFactor=null, keyLocationInfo=null, clientID=102739173903106450} | ret=SUCCESS |  
2019-09-05 09:23:21,949 | INFO  | DNAudit | user=null | ip=null | op=WRITE_CHUNK {blockData=conID: 1 locID: 102739175141343739 bcsId: 0} | ret=SUCCESS |  
2019-09-05 09:23:21,952 | INFO  | DNAudit | user=null | ip=null | op=WRITE_CHUNK {blockData=conID: 1 locID: 102739175141343739 bcsId: 0} | ret=SUCCESS |  
2019-09-05 09:23:21,953 | INFO  | DNAudit | user=null | ip=null | op=WRITE_CHUNK {blockData=conID: 1 locID: 102739175141343739 bcsId: 0} | ret=SUCCESS |  
2019-09-05 09:23:21,953 | INFO  | DNAudit | user=null | ip=null | op=WRITE_CHUNK {blockData=conID: 1 locID: 102739175141343739 bcsId: 0} | ret=SUCCESS |  
2019-09-05 09:23:21,956 | INFO  | DNAudit | user=null | ip=null | op=WRITE_CHUNK {blockData=conID: 1 locID: 102739175141343739 bcsId: 0} | ret=SUCCESS |  
2019-09-05 09:23:21,956 | INFO  | DNAudit | user=null | ip=null | op=WRITE_CHUNK {blockData=conID: 1 locID: 102739175141343739 bcsId: 0} | ret=SUCCESS |  
2019-09-05 09:23:21,982 | INFO  | DNAudit | user=null | ip=null | op=WRITE_CHUNK {blockData=conID: 1 locID: 102739175141343739 bcsId: 0} | ret=SUCCESS |  
2019-09-05 09:23:21,982 | INFO  | DNAudit | user=null | ip=null | op=PUT_BLOCK {blockData=[blockId=conID: 1 locID: 102739175141343739 bcsId: 0,size=1048576]} | ret=SUCCESS |  
2019-09-05 09:23:21,983 [grpc-default-executor-5] INFO  client.GrpcClientProtocolClient (GrpcClientProtocolClient.java:onNext(255)) - client-969FB6DA8C9A->4fcc8d53-44cb-4faf-b915-5afa0c7529d4: receive RaftClientReply:client-969FB6DA8C9A->4fcc8d53-44cb-4faf-b915-5afa0c7529d4@group-6A615BAE1DD1, cid=1635, SUCCESS, logIndex=2325, commits[4fcc8d53-44cb-4faf-b915-5afa0c7529d4:c2326, 48aa5eb4-709c-4003-adb5-fbc02723cd23:c2324, 609a8cf1-6ad3-4123-b94a-106ad93148a8:c2324]
2019-09-05 09:23:21,984 [grpc-default-executor-5] INFO  client.GrpcClientProtocolClient (GrpcClientProtocolClient.java:onNext(255)) - client-969FB6DA8C9A->4fcc8d53-44cb-4faf-b915-5afa0c7529d4: receive RaftClientReply:client-969FB6DA8C9A->4fcc8d53-44cb-4faf-b915-5afa0c7529d4@group-6A615BAE1DD1, cid=1636, SUCCESS, logIndex=2326, commits[4fcc8d53-44cb-4faf-b915-5afa0c7529d4:c2326, 48aa5eb4-709c-4003-adb5-fbc02723cd23:c2324, 609a8cf1-6ad3-4123-b94a-106ad93148a8:c2324]
2019-09-05 09:23:21,994 | INFO  | DNAudit | user=null | ip=null | op=WRITE_CHUNK {blockData=conID: 1 locID: 102739175141343739 bcsId: 0} | ret=SUCCESS |  
2019-09-05 09:23:21,994 | INFO  | DNAudit | user=null | ip=null | op=PUT_BLOCK {blockData=[blockId=conID: 1 locID: 102739175141343739 bcsId: 0,size=2097152]} | ret=SUCCESS |  
2019-09-05 09:23:21,994 [grpc-default-executor-3] INFO  client.GrpcClientProtocolClient (GrpcClientProtocolClient.java:onNext(255)) - client-969FB6DA8C9A->4fcc8d53-44cb-4faf-b915-5afa0c7529d4: receive RaftClientReply:client-969FB6DA8C9A->4fcc8d53-44cb-4faf-b915-5afa0c7529d4@group-6A615BAE1DD1, cid=1637, SUCCESS, logIndex=2327, commits[4fcc8d53-44cb-4faf-b915-5afa0c7529d4:c2328, 48aa5eb4-709c-4003-adb5-fbc02723cd23:c2324, 609a8cf1-6ad3-4123-b94a-106ad93148a8:c2324]
2019-09-05 09:23:21,995 [grpc-default-executor-3] INFO  client.GrpcClientProtocolClient (GrpcClientProtocolClient.java:onNext(255)) - client-969FB6DA8C9A->4fcc8d53-44cb-4faf-b915-5afa0c7529d4: receive RaftClientReply:client-969FB6DA8C9A->4fcc8d53-44cb-4faf-b915-5afa0c7529d4@group-6A615BAE1DD1, cid=1638, SUCCESS, logIndex=2328, commits[4fcc8d53-44cb-4faf-b915-5afa0c7529d4:c2328, 48aa5eb4-709c-4003-adb5-fbc02723cd23:c2324, 609a8cf1-6ad3-4123-b94a-106ad93148a8:c2324]
2019-09-05 09:23:22,005 | INFO  | DNAudit | user=null | ip=null | op=WRITE_CHUNK {blockData=conID: 1 locID: 102739175141343739 bcsId: 0} | ret=SUCCESS |  
2019-09-05 09:23:22,005 | INFO  | DNAudit | user=null | ip=null | op=PUT_BLOCK {blockData=[blockId=conID: 1 locID: 102739175141343739 bcsId: 0,size=1048576]} | ret=SUCCESS |  
2019-09-05 09:23:22,005 | INFO  | DNAudit | user=null | ip=null | op=WRITE_CHUNK {blockData=conID: 1 locID: 102739175141343739 bcsId: 0} | ret=SUCCESS |  
2019-09-05 09:23:22,006 | INFO  | DNAudit | user=null | ip=null | op=PUT_BLOCK {blockData=[blockId=conID: 1 locID: 102739175141343739 bcsId: 0,size=1048576]} | ret=SUCCESS |  
2019-09-05 09:23:22,006 [grpc-default-executor-3] INFO  client.GrpcClientProtocolClient (GrpcClientProtocolClient.java:onNext(255)) - client-969FB6DA8C9A->4fcc8d53-44cb-4faf-b915-5afa0c7529d4: receive RaftClientReply:client-969FB6DA8C9A->4fcc8d53-44cb-4faf-b915-5afa0c7529d4@group-6A615BAE1DD1, cid=1639, SUCCESS, logIndex=0, commits[4fcc8d53-44cb-4faf-b915-5afa0c7529d4:c2330, 48aa5eb4-709c-4003-adb5-fbc02723cd23:c2326, 609a8cf1-6ad3-4123-b94a-106ad93148a8:c2326]
 0.00% |█                                                                                                    |  0/1 Time: 0:00:192019-09-05 09:23:22,178 | INFO  | SCMAudit | user=jenkins1000 | ip=192.168.36.69 | op=SEND_HEARTBEAT {datanodeUUID=4fcc8d53-44cb-4faf-b915-5afa0c7529d4, command=[]} | ret=SUCCESS |  
2019-09-05 09:23:22,178 | INFO  | SCMAudit | user=jenkins1000 | ip=192.168.36.69 | op=SEND_HEARTBEAT {datanodeUUID=48aa5eb4-709c-4003-adb5-fbc02723cd23, command=[]} | ret=SUCCESS |  
2019-09-05 09:23:22,179 | INFO  | SCMAudit | user=jenkins1000 | ip=192.168.36.69 | op=SEND_HEARTBEAT {datanodeUUID=609a8cf1-6ad3-4123-b94a-106ad93148a8, command=[]} | ret=SUCCESS |  
2019-09-05 09:23:22,179 | INFO  | DNAudit | user=null | ip=null | op=WRITE_CHUNK {blockData=conID: 1 locID: 102739175141343739 bcsId: 0} | ret=SUCCESS |  
2019-09-05 09:23:22,179 | INFO  | DNAudit | user=null | ip=null | op=WRITE_CHUNK {blockData=conID: 1 locID: 102739175141343739 bcsId: 0} | ret=SUCCESS |  
2019-09-05 09:23:22,179 | INFO  | DNAudit | user=null | ip=null | op=PUT_BLOCK {blockData=[blockId=conID: 1 locID: 102739175141343739 bcsId: 0,size=2097152]} | ret=SUCCESS |  
2019-09-05 09:23:22,179 | INFO  | DNAudit | user=null | ip=null | op=PUT_BLOCK {blockData=[blockId=conID: 1 locID: 102739175141343739 bcsId: 0,size=2097152]} | ret=SUCCESS |  
2019-09-05 09:23:22,184 | INFO  | DNAudit | user=null | ip=null | op=WRITE_CHUNK {blockData=conID: 1 locID: 102739175141343739 bcsId: 2328} | ret=SUCCESS |  
2019-09-05 09:23:22,186 | INFO  | DNAudit | user=null | ip=null | op=WRITE_CHUNK {blockData=conID: 1 locID: 102739175141343739 bcsId: 2328} | ret=SUCCESS |  
2019-09-05 09:23:22,186 | INFO  | DNAudit | user=null | ip=null | op=WRITE_CHUNK {blockData=conID: 1 locID: 102739175141343739 bcsId: 2328} | ret=SUCCESS |  
2019-09-05 09:23:22,204 | INFO  | DNAudit | user=null | ip=null | op=WRITE_CHUNK {blockData=conID: 1 locID: 102739175141343739 bcsId: 2328} | ret=SUCCESS |  
2019-09-05 09:23:22,204 | INFO  | DNAudit | user=null | ip=null | op=PUT_BLOCK {blockData=[blockId=conID: 1 locID: 102739175141343739 bcsId: 0,size=3145728]} | ret=SUCCESS |  
2019-09-05 09:23:22,205 [grpc-default-executor-3] INFO  client.GrpcClientProtocolClient (GrpcClientProtocolClient.java:onNext(255)) - client-969FB6DA8C9A->4fcc8d53-44cb-4faf-b915-5afa0c7529d4: receive RaftClientReply:client-969FB6DA8C9A->4fcc8d53-44cb-4faf-b915-5afa0c7529d4@group-6A615BAE1DD1, cid=1640, SUCCESS, logIndex=2333, commits[4fcc8d53-44cb-4faf-b915-5afa0c7529d4:c2334, 48aa5eb4-709c-4003-adb5-fbc02723cd23:c2332, 609a8cf1-6ad3-4123-b94a-106ad93148a8:c2332]
2019-09-05 09:23:22,205 [grpc-default-executor-3] INFO  client.GrpcClientProtocolClient (GrpcClientProtocolClient.java:onNext(255)) - client-969FB6DA8C9A->4fcc8d53-44cb-4faf-b915-5afa0c7529d4: receive RaftClientReply:client-969FB6DA8C9A->4fcc8d53-44cb-4faf-b915-5afa0c7529d4@group-6A615BAE1DD1, cid=1641, SUCCESS, logIndex=2334, commits[4fcc8d53-44cb-4faf-b915-5afa0c7529d4:c2334, 48aa5eb4-709c-4003-adb5-fbc02723cd23:c2332, 609a8cf1-6ad3-4123-b94a-106ad93148a8:c2332]
2019-09-05 09:23:22,212 | INFO  | DNAudit | user=null | ip=null | op=WRITE_CHUNK {blockData=conID: 1 locID: 102739175141343739 bcsId: 2334} | ret=SUCCESS |  
2019-09-05 09:23:22,214 | INFO  | DNAudit | user=null | ip=null | op=WRITE_CHUNK {blockData=conID: 1 locID: 102739175141343739 bcsId: 2334} | ret=SUCCESS |  
2019-09-05 09:23:22,214 | INFO  | DNAudit | user=null | ip=null | op=WRITE_CHUNK {blockData=conID: 1 locID: 102739175141343739 bcsId: 2334} | ret=SUCCESS |  
2019-09-05 09:23:22,233 | INFO  | DNAudit | user=null | ip=null | op=WRITE_CHUNK {blockData=conID: 1 locID: 102739175141343739 bcsId: 2328} | ret=SUCCESS |  
2019-09-05 09:23:22,233 | INFO  | DNAudit | user=null | ip=null | op=WRITE_CHUNK {blockData=conID: 1 locID: 102739175141343739 bcsId: 2328} | ret=SUCCESS |  
2019-09-05 09:23:22,233 | INFO  | DNAudit | user=null | ip=null | op=PUT_BLOCK {blockData=[blockId=conID: 1 locID: 102739175141343739 bcsId: 0,size=3145728]} | ret=SUCCESS |  
2019-09-05 09:23:22,233 | INFO  | DNAudit | user=null | ip=null | op=PUT_BLOCK {blockData=[blockId=conID: 1 locID: 102739175141343739 bcsId: 0,size=3145728]} | ret=SUCCESS |  
2019-09-05 09:23:22,235 | INFO  | DNAudit | user=null | ip=null | op=WRITE_CHUNK {blockData=conID: 1 locID: 102739175141343739 bcsId: 2334} | ret=SUCCESS |  
2019-09-05 09:23:22,238 | INFO  | SCMAudit | user=jenkins1000 | ip=192.168.36.69 | op=SEND_HEARTBEAT {datanodeUUID=5b6cff60-1414-40d6-b682-781dc5ff3023, command=[]} | ret=SUCCESS |  
2019-09-05 09:23:22,343 [grpc-default-executor-3] INFO  client.GrpcClientProtocolClient (GrpcClientProtocolClient.java:onNext(255)) - client-969FB6DA8C9A->4fcc8d53-44cb-4faf-b915-5afa0c7529d4: receive RaftClientReply:client-969FB6DA8C9A->4fcc8d53-44cb-4faf-b915-5afa0c7529d4@group-6A615BAE1DD1, cid=1642, SUCCESS, logIndex=2337, commits[4fcc8d53-44cb-4faf-b915-5afa0c7529d4:c2337, 48aa5eb4-709c-4003-adb5-fbc02723cd23:c2334, 609a8cf1-6ad3-4123-b94a-106ad93148a8:c2334]
2019-09-05 09:23:22,343 | INFO  | DNAudit | user=null | ip=null | op=PUT_BLOCK {blockData=[blockId=conID: 1 locID: 102739175141343739 bcsId: 0,size=4194304]} | ret=SUCCESS |  
2019-09-05 09:23:22,360 | INFO  | DNAudit | user=null | ip=null | op=WRITE_CHUNK {blockData=conID: 1 locID: 102739175141343739 bcsId: 2334} | ret=SUCCESS |  
2019-09-05 09:23:22,364 [grpc-default-executor-3] INFO  client.GrpcClientProtocolClient (GrpcClientProtocolClient.java:onNext(255)) - client-969FB6DA8C9A->4fcc8d53-44cb-4faf-b915-5afa0c7529d4: receive RaftClientReply:client-969FB6DA8C9A->4fcc8d53-44cb-4faf-b915-5afa0c7529d4@group-6A615BAE1DD1, cid=1643, SUCCESS, logIndex=2338, commits[4fcc8d53-44cb-4faf-b915-5afa0c7529d4:c2338, 48aa5eb4-709c-4003-adb5-fbc02723cd23:c2334, 609a8cf1-6ad3-4123-b94a-106ad93148a8:c2334]
2019-09-05 09:23:22,376 | INFO  | DNAudit | user=null | ip=null | op=WRITE_CHUNK {blockData=conID: 1 locID: 102739175141343739 bcsId: 2334} | ret=SUCCESS |  
2019-09-05 09:23:22,376 | INFO  | DNAudit | user=null | ip=null | op=PUT_BLOCK {blockData=[blockId=conID: 1 locID: 102739175141343739 bcsId: 0,size=4194304]} | ret=SUCCESS |  
2019-09-05 09:23:22,376 | INFO  | DNAudit | user=null | ip=null | op=PUT_BLOCK {blockData=[blockId=conID: 1 locID: 102739175141343739 bcsId: 0,size=4194304]} | ret=SUCCESS |  
2019-09-05 09:23:22,377 [grpc-default-executor-3] INFO  client.GrpcClientProtocolClient (GrpcClientProtocolClient.java:onNext(255)) - client-969FB6DA8C9A->4fcc8d53-44cb-4faf-b915-5afa0c7529d4: receive RaftClientReply:client-969FB6DA8C9A->4fcc8d53-44cb-4faf-b915-5afa0c7529d4@group-6A615BAE1DD1, cid=1644, SUCCESS, logIndex=0, commits[4fcc8d53-44cb-4faf-b915-5afa0c7529d4:c2340, 48aa5eb4-709c-4003-adb5-fbc02723cd23:c2338, 609a8cf1-6ad3-4123-b94a-106ad93148a8:c2338]
2019-09-05 09:23:22,383 | INFO  | SCMAudit | user=jenkins1000 | ip=192.168.36.69 | op=ALLOCATE_BLOCK {owner=5cf4fcf6-c517-45f4-af25-2fff646d8883, size=4194304, type=RATIS, factor=THREE} | ret=SUCCESS |  
2019-09-05 09:23:22,386 | INFO  | OMAudit | user=jenkins1000 | ip=127.0.0.1 | op=ALLOCATE_BLOCK {volume=vol-0-13331, bucket=bucket-0-43606, key=key-0-76526, dataSize=0, replicationType=null, replicationFactor=null, keyLocationInfo=null, clientID=102739173903106450} | ret=SUCCESS |  
2019-09-05 09:23:22,393 | INFO  | DNAudit | user=null | ip=null | op=WRITE_CHUNK {blockData=conID: 2 locID: 102739175170507260 bcsId: 0} | ret=SUCCESS |  
2019-09-05 09:23:22,395 | INFO  | DNAudit | user=null | ip=null | op=WRITE_CHUNK {blockData=conID: 2 locID: 102739175170507260 bcsId: 0} | ret=SUCCESS |  
2019-09-05 09:23:22,397 | INFO  | DNAudit | user=null | ip=null | op=WRITE_CHUNK {blockData=conID: 2 locID: 102739175170507260 bcsId: 0} | ret=SUCCESS |  
2019-09-05 09:23:22,397 | INFO  | DNAudit | user=null | ip=null | op=WRITE_CHUNK {blockData=conID: 2 locID: 102739175170507260 bcsId: 0} | ret=SUCCESS |  
2019-09-05 09:23:22,400 | INFO  | DNAudit | user=null | ip=null | op=WRITE_CHUNK {blockData=conID: 2 locID: 102739175170507260 bcsId: 0} | ret=SUCCESS |  
2019-09-05 09:23:22,400 | INFO  | DNAudit | user=null | ip=null | op=WRITE_CHUNK {blockData=conID: 2 locID: 102739175170507260 bcsId: 0} | ret=SUCCESS |  
2019-09-05 09:23:22,419 | INFO  | DNAudit | user=null | ip=null | op=WRITE_CHUNK {blockData=conID: 2 locID: 102739175170507260 bcsId: 0} | ret=SUCCESS |  
2019-09-05 09:23:22,420 [grpc-default-executor-3] INFO  client.GrpcClientProtocolClient (GrpcClientProtocolClient.java:onNext(255)) - client-969FB6DA8C9A->4fcc8d53-44cb-4faf-b915-5afa0c7529d4: receive RaftClientReply:client-969FB6DA8C9A->4fcc8d53-44cb-4faf-b915-5afa0c7529d4@group-6A615BAE1DD1, cid=1645, SUCCESS, logIndex=2341, commits[4fcc8d53-44cb-4faf-b915-5afa0c7529d4:c2341, 48aa5eb4-709c-4003-adb5-fbc02723cd23:c2340, 609a8cf1-6ad3-4123-b94a-106ad93148a8:c2340]
2019-09-05 09:23:22,430 | INFO  | DNAudit | user=null | ip=null | op=PUT_BLOCK {blockData=[blockId=conID: 2 locID: 102739175170507260 bcsId: 0,size=1048576]} | ret=SUCCESS |  
2019-09-05 09:23:22,431 [grpc-default-executor-4] INFO  client.GrpcClientProtocolClient (GrpcClientProtocolClient.java:onNext(255)) - client-969FB6DA8C9A->4fcc8d53-44cb-4faf-b915-5afa0c7529d4: receive RaftClientReply:client-969FB6DA8C9A->4fcc8d53-44cb-4faf-b915-5afa0c7529d4@group-6A615BAE1DD1, cid=1646, SUCCESS, logIndex=2342, commits[4fcc8d53-44cb-4faf-b915-5afa0c7529d4:c2342, 48aa5eb4-709c-4003-adb5-fbc02723cd23:c2340, 609a8cf1-6ad3-4123-b94a-106ad93148a8:c2340]
2019-09-05 09:23:22,431 | INFO  | DNAudit | user=null | ip=null | op=WRITE_CHUNK {blockData=conID: 2 locID: 102739175170507260 bcsId: 0} | ret=SUCCESS |  
2019-09-05 09:23:22,432 | INFO  | DNAudit | user=null | ip=null | op=WRITE_CHUNK {blockData=conID: 2 locID: 102739175170507260 bcsId: 0} | ret=SUCCESS |  
2019-09-05 09:23:22,432 | INFO  | DNAudit | user=null | ip=null | op=PUT_BLOCK {blockData=[blockId=conID: 2 locID: 102739175170507260 bcsId: 0,size=2097152]} | ret=SUCCESS |  
2019-09-05 09:23:22,432 | INFO  | DNAudit | user=null | ip=null | op=WRITE_CHUNK {blockData=conID: 2 locID: 102739175170507260 bcsId: 0} | ret=SUCCESS |  
2019-09-05 09:23:22,432 [grpc-default-executor-3] INFO  client.GrpcClientProtocolClient (GrpcClientProtocolClient.java:onNext(255)) - client-969FB6DA8C9A->4fcc8d53-44cb-4faf-b915-5afa0c7529d4: receive RaftClientReply:client-969FB6DA8C9A->4fcc8d53-44cb-4faf-b915-5afa0c7529d4@group-6A615BAE1DD1, cid=1647, SUCCESS, logIndex=2343, commits[4fcc8d53-44cb-4faf-b915-5afa0c7529d4:c2344, 48aa5eb4-709c-4003-adb5-fbc02723cd23:c2340, 609a8cf1-6ad3-4123-b94a-106ad93148a8:c2340]
2019-09-05 09:23:22,433 | INFO  | DNAudit | user=null | ip=null | op=PUT_BLOCK {blockData=[blockId=conID: 2 locID: 102739175170507260 bcsId: 0,size=1048576]} | ret=SUCCESS |  
2019-09-05 09:23:22,433 | INFO  | DNAudit | user=null | ip=null | op=WRITE_CHUNK {blockData=conID: 2 locID: 102739175170507260 bcsId: 0} | ret=SUCCESS |  
2019-09-05 09:23:22,434 | INFO  | DNAudit | user=null | ip=null | op=PUT_BLOCK {blockData=[blockId=conID: 2 locID: 102739175170507260 bcsId: 0,size=1048576]} | ret=SUCCESS |  
2019-09-05 09:23:22,434 | INFO  | DNAudit | user=null | ip=null | op=PUT_BLOCK {blockData=[blockId=conID: 2 locID: 102739175170507260 bcsId: 0,size=2097152]} | ret=SUCCESS |  
2019-09-05 09:23:22,434 | INFO  | DNAudit | user=null | ip=null | op=WRITE_CHUNK {blockData=conID: 2 locID: 102739175170507260 bcsId: 0} | ret=SUCCESS |  
2019-09-05 09:23:22,434 | INFO  | DNAudit | user=null | ip=null | op=PUT_BLOCK {blockData=[blockId=conID: 2 locID: 102739175170507260 bcsId: 0,size=2097152]} | ret=SUCCESS |  
2019-09-05 09:23:22,434 [grpc-default-executor-3] INFO  client.GrpcClientProtocolClient (GrpcClientProtocolClient.java:onNext(255)) - client-969FB6DA8C9A->4fcc8d53-44cb-4faf-b915-5afa0c7529d4: receive RaftClientReply:client-969FB6DA8C9A->4fcc8d53-44cb-4faf-b915-5afa0c7529d4@group-6A615BAE1DD1, cid=1648, SUCCESS, logIndex=2344, commits[4fcc8d53-44cb-4faf-b915-5afa0c7529d4:c2345, 48aa5eb4-709c-4003-adb5-fbc02723cd23:c2340, 609a8cf1-6ad3-4123-b94a-106ad93148a8:c2341]
2019-09-05 09:23:22,435 [grpc-default-executor-3] INFO  client.GrpcClientProtocolClient (GrpcClientProtocolClient.java:onNext(255)) - client-969FB6DA8C9A->4fcc8d53-44cb-4faf-b915-5afa0c7529d4: receive RaftClientReply:client-969FB6DA8C9A->4fcc8d53-44cb-4faf-b915-5afa0c7529d4@group-6A615BAE1DD1, cid=1649, SUCCESS, logIndex=0, commits[4fcc8d53-44cb-4faf-b915-5afa0c7529d4:c2348, 48aa5eb4-709c-4003-adb5-fbc02723cd23:c2344, 609a8cf1-6ad3-4123-b94a-106ad93148a8:c2344]
2019-09-05 09:23:22,441 | INFO  | DNAudit | user=null | ip=null | op=WRITE_CHUNK {blockData=conID: 2 locID: 102739175170507260 bcsId: 2344} | ret=SUCCESS |  
2019-09-05 09:23:22,444 | INFO  | DNAudit | user=null | ip=null | op=WRITE_CHUNK {blockData=conID: 2 locID: 102739175170507260 bcsId: 2344} | ret=SUCCESS |  
2019-09-05 09:23:22,444 | INFO  | DNAudit | user=null | ip=null | op=WRITE_CHUNK {blockData=conID: 2 locID: 102739175170507260 bcsId: 2344} | ret=SUCCESS |  
2019-09-05 09:23:22,529 | INFO  | SCMAudit | user=jenkins1000 | ip=192.168.36.69 | op=SEND_HEARTBEAT {datanodeUUID=fe9e29a7-51ad-458f-9e11-f615da290baa, command=[]} | ret=SUCCESS |  
2019-09-05 09:23:22,680 | INFO  | DNAudit | user=null | ip=null | op=WRITE_CHUNK {blockData=conID: 2 locID: 102739175170507260 bcsId: 2344} | ret=SUCCESS |  
2019-09-05 09:23:22,681 | INFO  | DNAudit | user=null | ip=null | op=PUT_BLOCK {blockData=[blockId=conID: 2 locID: 102739175170507260 bcsId: 0,size=3145728]} | ret=SUCCESS |  
2019-09-05 09:23:22,681 [grpc-default-executor-0] INFO  client.GrpcClientProtocolClient (GrpcClientProtocolClient.java:onNext(255)) - client-969FB6DA8C9A->4fcc8d53-44cb-4faf-b915-5afa0c7529d4: receive RaftClientReply:client-969FB6DA8C9A->4fcc8d53-44cb-4faf-b915-5afa0c7529d4@group-6A615BAE1DD1, cid=1650, SUCCESS, logIndex=2349, commits[4fcc8d53-44cb-4faf-b915-5afa0c7529d4:c2350, 48aa5eb4-709c-4003-adb5-fbc02723cd23:c2348, 609a8cf1-6ad3-4123-b94a-106ad93148a8:c2348]
2019-09-05 09:23:22,681 [grpc-default-executor-0] INFO  client.GrpcClientProtocolClient (GrpcClientProtocolClient.java:onNext(255)) - client-969FB6DA8C9A->4fcc8d53-44cb-4faf-b915-5afa0c7529d4: receive RaftClientReply:client-969FB6DA8C9A->4fcc8d53-44cb-4faf-b915-5afa0c7529d4@group-6A615BAE1DD1, cid=1651, SUCCESS, logIndex=2350, commits[4fcc8d53-44cb-4faf-b915-5afa0c7529d4:c2350, 48aa5eb4-709c-4003-adb5-fbc02723cd23:c2348, 609a8cf1-6ad3-4123-b94a-106ad93148a8:c2348]
2019-09-05 09:23:22,691 | INFO  | DNAudit | user=null | ip=null | op=WRITE_CHUNK {blockData=conID: 2 locID: 102739175170507260 bcsId: 2350} | ret=SUCCESS |  
2019-09-05 09:23:22,693 | INFO  | DNAudit | user=null | ip=null | op=WRITE_CHUNK {blockData=conID: 2 locID: 102739175170507260 bcsId: 2344} | ret=SUCCESS |  
2019-09-05 09:23:22,693 | INFO  | DNAudit | user=null | ip=null | op=WRITE_CHUNK {blockData=conID: 2 locID: 102739175170507260 bcsId: 2344} | ret=SUCCESS |  
2019-09-05 09:23:22,693 | INFO  | DNAudit | user=null | ip=null | op=PUT_BLOCK {blockData=[blockId=conID: 2 locID: 102739175170507260 bcsId: 0,size=3145728]} | ret=SUCCESS |  
2019-09-05 09:23:22,694 | INFO  | DNAudit | user=null | ip=null | op=WRITE_CHUNK {blockData=conID: 2 locID: 102739175170507260 bcsId: 2350} | ret=SUCCESS |  
2019-09-05 09:23:22,695 | INFO  | DNAudit | user=null | ip=null | op=WRITE_CHUNK {blockData=conID: 2 locID: 102739175170507260 bcsId: 2350} | ret=SUCCESS |  
2019-09-05 09:23:22,704 | INFO  | DNAudit | user=null | ip=null | op=PUT_BLOCK {blockData=[blockId=conID: 2 locID: 102739175170507260 bcsId: 0,size=3145728]} | ret=SUCCESS |  
2019-09-05 09:23:22,705 | INFO  | DNAudit | user=null | ip=null | op=WRITE_CHUNK {blockData=conID: 2 locID: 102739175170507260 bcsId: 2350} | ret=SUCCESS |  
2019-09-05 09:23:22,705 | INFO  | DNAudit | user=null | ip=null | op=PUT_BLOCK {blockData=[blockId=conID: 2 locID: 102739175170507260 bcsId: 0,size=4194304]} | ret=SUCCESS |  
2019-09-05 09:23:22,706 [grpc-default-executor-0] INFO  client.GrpcClientProtocolClient (GrpcClientProtocolClient.java:onNext(255)) - client-969FB6DA8C9A->4fcc8d53-44cb-4faf-b915-5afa0c7529d4: receive RaftClientReply:client-969FB6DA8C9A->4fcc8d53-44cb-4faf-b915-5afa0c7529d4@group-6A615BAE1DD1, cid=1652, SUCCESS, logIndex=2353, commits[4fcc8d53-44cb-4faf-b915-5afa0c7529d4:c2354, 48aa5eb4-709c-4003-adb5-fbc02723cd23:c2350, 609a8cf1-6ad3-4123-b94a-106ad93148a8:c2350]
2019-09-05 09:23:22,706 [grpc-default-executor-0] INFO  client.GrpcClientProtocolClient (GrpcClientProtocolClient.java:onNext(255)) - client-969FB6DA8C9A->4fcc8d53-44cb-4faf-b915-5afa0c7529d4: receive RaftClientReply:client-969FB6DA8C9A->4fcc8d53-44cb-4faf-b915-5afa0c7529d4@group-6A615BAE1DD1, cid=1653, SUCCESS, logIndex=2354, commits[4fcc8d53-44cb-4faf-b915-5afa0c7529d4:c2354, 48aa5eb4-709c-4003-adb5-fbc02723cd23:c2350, 609a8cf1-6ad3-4123-b94a-106ad93148a8:c2350]
2019-09-05 09:23:22,717 | INFO  | DNAudit | user=null | ip=null | op=WRITE_CHUNK {blockData=conID: 2 locID: 102739175170507260 bcsId: 2350} | ret=SUCCESS |  
2019-09-05 09:23:22,744 | INFO  | DNAudit | user=null | ip=null | op=WRITE_CHUNK {blockData=conID: 2 locID: 102739175170507260 bcsId: 2350} | ret=SUCCESS |  
2019-09-05 09:23:22,745 | INFO  | DNAudit | user=null | ip=null | op=PUT_BLOCK {blockData=[blockId=conID: 2 locID: 102739175170507260 bcsId: 0,size=4194304]} | ret=SUCCESS |  
2019-09-05 09:23:22,745 | INFO  | DNAudit | user=null | ip=null | op=PUT_BLOCK {blockData=[blockId=conID: 2 locID: 102739175170507260 bcsId: 0,size=4194304]} | ret=SUCCESS |  
2019-09-05 09:23:22,746 [grpc-default-executor-0] INFO  client.GrpcClientProtocolClient (GrpcClientProtocolClient.java:onNext(255)) - client-969FB6DA8C9A->4fcc8d53-44cb-4faf-b915-5afa0c7529d4: receive RaftClientReply:client-969FB6DA8C9A->4fcc8d53-44cb-4faf-b915-5afa0c7529d4@group-6A615BAE1DD1, cid=1654, SUCCESS, logIndex=0, commits[4fcc8d53-44cb-4faf-b915-5afa0c7529d4:c2356, 48aa5eb4-709c-4003-adb5-fbc02723cd23:c2354, 609a8cf1-6ad3-4123-b94a-106ad93148a8:c2354]
2019-09-05 09:23:22,752 | INFO  | SCMAudit | user=jenkins1000 | ip=192.168.36.69 | op=ALLOCATE_BLOCK {owner=5cf4fcf6-c517-45f4-af25-2fff646d8883, size=4194304, type=RATIS, factor=THREE} | ret=SUCCESS |  
2019-09-05 09:23:22,757 | INFO  | OMAudit | user=jenkins1000 | ip=127.0.0.1 | op=ALLOCATE_BLOCK {volume=vol-0-13331, bucket=bucket-0-43606, key=key-0-76526, dataSize=0, replicationType=null, replicationFactor=null, keyLocationInfo=null, clientID=102739173903106450} | ret=SUCCESS |  
2019-09-05 09:23:22,767 | INFO  | DNAudit | user=null | ip=null | op=WRITE_CHUNK {blockData=conID: 3 locID: 102739175194755581 bcsId: 0} | ret=SUCCESS |  
2019-09-05 09:23:22,770 | INFO  | DNAudit | user=null | ip=null | op=WRITE_CHUNK {blockData=conID: 3 locID: 102739175194755581 bcsId: 0} | ret=SUCCESS |  
2019-09-05 09:23:22,770 | INFO  | DNAudit | user=null | ip=null | op=WRITE_CHUNK {blockData=conID: 3 locID: 102739175194755581 bcsId: 0} | ret=SUCCESS |  
2019-09-05 09:23:22,770 | INFO  | DNAudit | user=null | ip=null | op=WRITE_CHUNK {blockData=conID: 3 locID: 102739175194755581 bcsId: 0} | ret=SUCCESS |  
2019-09-05 09:23:22,772 | INFO  | DNAudit | user=null | ip=null | op=WRITE_CHUNK {blockData=conID: 3 locID: 102739175194755581 bcsId: 0} | ret=SUCCESS |  
2019-09-05 09:23:22,773 | INFO  | DNAudit | user=null | ip=null | op=WRITE_CHUNK {blockData=conID: 3 locID: 102739175194755581 bcsId: 0} | ret=SUCCESS |  
2019-09-05 09:23:22,814 | INFO  | DNAudit | user=null | ip=null | op=WRITE_CHUNK {blockData=conID: 3 locID: 102739175194755581 bcsId: 0} | ret=SUCCESS |  
2019-09-05 09:23:22,815 | INFO  | DNAudit | user=null | ip=null | op=PUT_BLOCK {blockData=[blockId=conID: 3 locID: 102739175194755581 bcsId: 0,size=1048576]} | ret=SUCCESS |  
2019-09-05 09:23:22,815 [grpc-default-executor-5] INFO  client.GrpcClientProtocolClient (GrpcClientProtocolClient.java:onNext(255)) - client-969FB6DA8C9A->4fcc8d53-44cb-4faf-b915-5afa0c7529d4: receive RaftClientReply:client-969FB6DA8C9A->4fcc8d53-44cb-4faf-b915-5afa0c7529d4@group-6A615BAE1DD1, cid=1655, SUCCESS, logIndex=2357, commits[4fcc8d53-44cb-4faf-b915-5afa0c7529d4:c2358, 48aa5eb4-709c-4003-adb5-fbc02723cd23:c2356, 609a8cf1-6ad3-4123-b94a-106ad93148a8:c2356]
2019-09-05 09:23:22,817 [grpc-default-executor-5] INFO  client.GrpcClientProtocolClient (GrpcClientProtocolClient.java:onNext(255)) - client-969FB6DA8C9A->4fcc8d53-44cb-4faf-b915-5afa0c7529d4: receive RaftClientReply:client-969FB6DA8C9A->4fcc8d53-44cb-4faf-b915-5afa0c7529d4@group-6A615BAE1DD1, cid=1656, SUCCESS, logIndex=2358, commits[4fcc8d53-44cb-4faf-b915-5afa0c7529d4:c2358, 48aa5eb4-709c-4003-adb5-fbc02723cd23:c2356, 609a8cf1-6ad3-4123-b94a-106ad93148a8:c2356]
2019-09-05 09:23:22,827 | INFO  | DNAudit | user=null | ip=null | op=WRITE_CHUNK {blockData=conID: 3 locID: 102739175194755581 bcsId: 0} | ret=SUCCESS |  
2019-09-05 09:23:22,828 | INFO  | DNAudit | user=null | ip=null | op=PUT_BLOCK {blockData=[blockId=conID: 3 locID: 102739175194755581 bcsId: 0,size=2097152]} | ret=SUCCESS |  
2019-09-05 09:23:22,828 [grpc-default-executor-0] INFO  client.GrpcClientProtocolClient (GrpcClientProtocolClient.java:onNext(255)) - client-969FB6DA8C9A->4fcc8d53-44cb-4faf-b915-5afa0c7529d4: receive RaftClientReply:client-969FB6DA8C9A->4fcc8d53-44cb-4faf-b915-5afa0c7529d4@group-6A615BAE1DD1, cid=1657, SUCCESS, logIndex=2359, commits[4fcc8d53-44cb-4faf-b915-5afa0c7529d4:c2360, 48aa5eb4-709c-4003-adb5-fbc02723cd23:c2356, 609a8cf1-6ad3-4123-b94a-106ad93148a8:c2356]
2019-09-05 09:23:22,828 [grpc-default-executor-0] INFO  client.GrpcClientProtocolClient (GrpcClientProtocolClient.java:onNext(255)) - client-969FB6DA8C9A->4fcc8d53-44cb-4faf-b915-5afa0c7529d4: receive RaftClientReply:client-969FB6DA8C9A->4fcc8d53-44cb-4faf-b915-5afa0c7529d4@group-6A615BAE1DD1, cid=1658, SUCCESS, logIndex=2360, commits[4fcc8d53-44cb-4faf-b915-5afa0c7529d4:c2360, 48aa5eb4-709c-4003-adb5-fbc02723cd23:c2356, 609a8cf1-6ad3-4123-b94a-106ad93148a8:c2356]
2019-09-05 09:23:22,839 | INFO  | DNAudit | user=null | ip=null | op=WRITE_CHUNK {blockData=conID: 3 locID: 102739175194755581 bcsId: 0} | ret=SUCCESS |  
2019-09-05 09:23:22,839 | INFO  | DNAudit | user=null | ip=null | op=PUT_BLOCK {blockData=[blockId=conID: 3 locID: 102739175194755581 bcsId: 0,size=1048576]} | ret=SUCCESS |  
2019-09-05 09:23:22,839 | INFO  | DNAudit | user=null | ip=null | op=WRITE_CHUNK {blockData=conID: 3 locID: 102739175194755581 bcsId: 0} | ret=SUCCESS |  
2019-09-05 09:23:22,840 | INFO  | DNAudit | user=null | ip=null | op=PUT_BLOCK {blockData=[blockId=conID: 3 locID: 102739175194755581 bcsId: 0,size=1048576]} | ret=SUCCESS |  
2019-09-05 09:23:22,841 [grpc-default-executor-0] INFO  client.GrpcClientProtocolClient (GrpcClientProtocolClient.java:onNext(255)) - client-969FB6DA8C9A->4fcc8d53-44cb-4faf-b915-5afa0c7529d4: receive RaftClientReply:client-969FB6DA8C9A->4fcc8d53-44cb-4faf-b915-5afa0c7529d4@group-6A615BAE1DD1, cid=1659, SUCCESS, logIndex=0, commits[4fcc8d53-44cb-4faf-b915-5afa0c7529d4:c2362, 48aa5eb4-709c-4003-adb5-fbc02723cd23:c2358, 609a8cf1-6ad3-4123-b94a-106ad93148a8:c2358]
2019-09-05 09:23:22,850 | INFO  | DNAudit | user=null | ip=null | op=WRITE_CHUNK {blockData=conID: 3 locID: 102739175194755581 bcsId: 2360} | ret=SUCCESS |  
2019-09-05 09:23:22,851 | INFO  | DNAudit | user=null | ip=null | op=WRITE_CHUNK {blockData=conID: 3 locID: 102739175194755581 bcsId: 0} | ret=SUCCESS |  
2019-09-05 09:23:22,851 | INFO  | DNAudit | user=null | ip=null | op=WRITE_CHUNK {blockData=conID: 3 locID: 102739175194755581 bcsId: 0} | ret=SUCCESS |  
2019-09-05 09:23:22,851 | INFO  | DNAudit | user=null | ip=null | op=PUT_BLOCK {blockData=[blockId=conID: 3 locID: 102739175194755581 bcsId: 0,size=2097152]} | ret=SUCCESS |  
2019-09-05 09:23:22,851 | INFO  | DNAudit | user=null | ip=null | op=PUT_BLOCK {blockData=[blockId=conID: 3 locID: 102739175194755581 bcsId: 0,size=2097152]} | ret=SUCCESS |  
2019-09-05 09:23:22,854 | INFO  | DNAudit | user=null | ip=null | op=WRITE_CHUNK {blockData=conID: 3 locID: 102739175194755581 bcsId: 2360} | ret=SUCCESS |  
2019-09-05 09:23:22,854 | INFO  | DNAudit | user=null | ip=null | op=WRITE_CHUNK {blockData=conID: 3 locID: 102739175194755581 bcsId: 2360} | ret=SUCCESS |  
2019-09-05 09:23:22,874 | INFO  | DNAudit | user=null | ip=null | op=WRITE_CHUNK {blockData=conID: 3 locID: 102739175194755581 bcsId: 2360} | ret=SUCCESS |  
2019-09-05 09:23:22,874 | INFO  | DNAudit | user=null | ip=null | op=PUT_BLOCK {blockData=[blockId=conID: 3 locID: 102739175194755581 bcsId: 0,size=3145728]} | ret=SUCCESS |  
2019-09-05 09:23:22,875 [grpc-default-executor-0] INFO  client.GrpcClientProtocolClient (GrpcClientProtocolClient.java:onNext(255)) - client-969FB6DA8C9A->4fcc8d53-44cb-4faf-b915-5afa0c7529d4: receive RaftClientReply:client-969FB6DA8C9A->4fcc8d53-44cb-4faf-b915-5afa0c7529d4@group-6A615BAE1DD1, cid=1660, SUCCESS, logIndex=2365, commits[4fcc8d53-44cb-4faf-b915-5afa0c7529d4:c2366, 48aa5eb4-709c-4003-adb5-fbc02723cd23:c2360, 609a8cf1-6ad3-4123-b94a-106ad93148a8:c2362]
2019-09-05 09:23:22,875 [grpc-default-executor-0] INFO  client.GrpcClientProtocolClient (GrpcClientProtocolClient.java:onNext(255)) - client-969FB6DA8C9A->4fcc8d53-44cb-4faf-b915-5afa0c7529d4: receive RaftClientReply:client-969FB6DA8C9A->4fcc8d53-44cb-4faf-b915-5afa0c7529d4@group-6A615BAE1DD1, cid=1661, SUCCESS, logIndex=2366, commits[4fcc8d53-44cb-4faf-b915-5afa0c7529d4:c2366, 48aa5eb4-709c-4003-adb5-fbc02723cd23:c2360, 609a8cf1-6ad3-4123-b94a-106ad93148a8:c2362]
2019-09-05 09:23:22,877 | INFO  | DNAudit | user=null | ip=null | op=WRITE_CHUNK {blockData=conID: 3 locID: 102739175194755581 bcsId: 2360} | ret=SUCCESS |  
2019-09-05 09:23:22,877 | INFO  | DNAudit | user=null | ip=null | op=PUT_BLOCK {blockData=[blockId=conID: 3 locID: 102739175194755581 bcsId: 0,size=3145728]} | ret=SUCCESS |  
2019-09-05 09:23:22,878 | INFO  | DNAudit | user=null | ip=null | op=WRITE_CHUNK {blockData=conID: 3 locID: 102739175194755581 bcsId: 2360} | ret=SUCCESS |  
2019-09-05 09:23:22,878 | INFO  | DNAudit | user=null | ip=null | op=PUT_BLOCK {blockData=[blockId=conID: 3 locID: 102739175194755581 bcsId: 0,size=3145728]} | ret=SUCCESS |  
2019-09-05 09:23:22,883 | INFO  | DNAudit | user=null | ip=null | op=WRITE_CHUNK {blockData=conID: 3 locID: 102739175194755581 bcsId: 2366} | ret=SUCCESS |  
2019-09-05 09:23:22,886 | INFO  | DNAudit | user=null | ip=null | op=WRITE_CHUNK {blockData=conID: 3 locID: 102739175194755581 bcsId: 2366} | ret=SUCCESS |  
2019-09-05 09:23:22,886 | INFO  | DNAudit | user=null | ip=null | op=WRITE_CHUNK {blockData=conID: 3 locID: 102739175194755581 bcsId: 2366} | ret=SUCCESS |  
2019-09-05 09:23:22,918 | INFO  | DNAudit | user=null | ip=null | op=WRITE_CHUNK {blockData=conID: 3 locID: 102739175194755581 bcsId: 2366} | ret=SUCCESS |  
2019-09-05 09:23:22,919 | INFO  | DNAudit | user=null | ip=null | op=PUT_BLOCK {blockData=[blockId=conID: 3 locID: 102739175194755581 bcsId: 0,size=4194304]} | ret=SUCCESS |  
2019-09-05 09:23:22,919 [grpc-default-executor-5] INFO  client.GrpcClientProtocolClient (GrpcClientProtocolClient.java:onNext(255)) - client-969FB6DA8C9A->4fcc8d53-44cb-4faf-b915-5afa0c7529d4: receive RaftClientReply:client-969FB6DA8C9A->4fcc8d53-44cb-4faf-b915-5afa0c7529d4@group-6A615BAE1DD1, cid=1662, SUCCESS, logIndex=2369, commits[4fcc8d53-44cb-4faf-b915-5afa0c7529d4:c2370, 48aa5eb4-709c-4003-adb5-fbc02723cd23:c2368, 609a8cf1-6ad3-4123-b94a-106ad93148a8:c2368]
2019-09-05 09:23:22,919 [grpc-default-executor-5] INFO  client.GrpcClientProtocolClient (GrpcClientProtocolClient.java:onNext(255)) - client-969FB6DA8C9A->4fcc8d53-44cb-4faf-b915-5afa0c7529d4: receive RaftClientReply:client-969FB6DA8C9A->4fcc8d53-44cb-4faf-b915-5afa0c7529d4@group-6A615BAE1DD1, cid=1663, SUCCESS, logIndex=2370, commits[4fcc8d53-44cb-4faf-b915-5afa0c7529d4:c2370, 48aa5eb4-709c-4003-adb5-fbc02723cd23:c2368, 609a8cf1-6ad3-4123-b94a-106ad93148a8:c2368]
2019-09-05 09:23:22,945 | INFO  | DNAudit | user=null | ip=null | op=WRITE_CHUNK {blockData=conID: 3 locID: 102739175194755581 bcsId: 2366} | ret=SUCCESS |  
2019-09-05 09:23:22,945 | INFO  | DNAudit | user=null | ip=null | op=WRITE_CHUNK {blockData=conID: 3 locID: 102739175194755581 bcsId: 2366} | ret=SUCCESS |  
2019-09-05 09:23:22,976 | INFO  | DNAudit | user=null | ip=null | op=PUT_BLOCK {blockData=[blockId=conID: 3 locID: 102739175194755581 bcsId: 0,size=4194304]} | ret=SUCCESS |  
2019-09-05 09:23:22,976 | INFO  | DNAudit | user=null | ip=null | op=PUT_BLOCK {blockData=[blockId=conID: 3 locID: 102739175194755581 bcsId: 0,size=4194304]} | ret=SUCCESS |  
2019-09-05 09:23:22,977 [grpc-default-executor-0] INFO  client.GrpcClientProtocolClient (GrpcClientProtocolClient.java:onNext(255)) - client-969FB6DA8C9A->4fcc8d53-44cb-4faf-b915-5afa0c7529d4: receive RaftClientReply:client-969FB6DA8C9A->4fcc8d53-44cb-4faf-b915-5afa0c7529d4@group-6A615BAE1DD1, cid=1664, SUCCESS, logIndex=0, commits[4fcc8d53-44cb-4faf-b915-5afa0c7529d4:c2371, 48aa5eb4-709c-4003-adb5-fbc02723cd23:c2370, 609a8cf1-6ad3-4123-b94a-106ad93148a8:c2370]
2019-09-05 09:23:22,981 | INFO  | SCMAudit | user=jenkins1000 | ip=192.168.36.69 | op=ALLOCATE_BLOCK {owner=5cf4fcf6-c517-45f4-af25-2fff646d8883, size=4194304, type=RATIS, factor=THREE} | ret=SUCCESS |  
2019-09-05 09:23:22,983 | INFO  | OMAudit | user=jenkins1000 | ip=127.0.0.1 | op=ALLOCATE_BLOCK {volume=vol-0-13331, bucket=bucket-0-43606, key=key-0-76526, dataSize=0, replicationType=null, replicationFactor=null, keyLocationInfo=null, clientID=102739173903106450} | ret=SUCCESS |  
2019-09-05 09:23:22,991 | INFO  | DNAudit | user=null | ip=null | op=WRITE_CHUNK {blockData=conID: 1 locID: 102739175209763326 bcsId: 0} | ret=SUCCESS |  
2019-09-05 09:23:22,993 | INFO  | DNAudit | user=null | ip=null | op=WRITE_CHUNK {blockData=conID: 1 locID: 102739175209763326 bcsId: 0} | ret=SUCCESS |  
2019-09-05 09:23:22,993 | INFO  | DNAudit | user=null | ip=null | op=WRITE_CHUNK {blockData=conID: 1 locID: 102739175209763326 bcsId: 0} | ret=SUCCESS |  
2019-09-05 09:23:22,994 | INFO  | DNAudit | user=null | ip=null | op=WRITE_CHUNK {blockData=conID: 1 locID: 102739175209763326 bcsId: 0} | ret=SUCCESS |  
2019-09-05 09:23:22,995 | INFO  | DNAudit | user=null | ip=null | op=WRITE_CHUNK {blockData=conID: 1 locID: 102739175209763326 bcsId: 0} | ret=SUCCESS |  
2019-09-05 09:23:22,995 | INFO  | DNAudit | user=null | ip=null | op=WRITE_CHUNK {blockData=conID: 1 locID: 102739175209763326 bcsId: 0} | ret=SUCCESS |  
2019-09-05 09:23:23,037 | INFO  | DNAudit | user=null | ip=null | op=WRITE_CHUNK {blockData=conID: 1 locID: 102739175209763326 bcsId: 0} | ret=SUCCESS |  
2019-09-05 09:23:23,038 | INFO  | DNAudit | user=null | ip=null | op=PUT_BLOCK {blockData=[blockId=conID: 1 locID: 102739175209763326 bcsId: 0,size=1048576]} | ret=SUCCESS |  
2019-09-05 09:23:23,038 [grpc-default-executor-3] INFO  client.GrpcClientProtocolClient (GrpcClientProtocolClient.java:onNext(255)) - client-969FB6DA8C9A->4fcc8d53-44cb-4faf-b915-5afa0c7529d4: receive RaftClientReply:client-969FB6DA8C9A->4fcc8d53-44cb-4faf-b915-5afa0c7529d4@group-6A615BAE1DD1, cid=1665, SUCCESS, logIndex=2373, commits[4fcc8d53-44cb-4faf-b915-5afa0c7529d4:c2375, 48aa5eb4-709c-4003-adb5-fbc02723cd23:c2372, 609a8cf1-6ad3-4123-b94a-106ad93148a8:c2372]
2019-09-05 09:23:23,038 | INFO  | DNAudit | user=null | ip=null | op=WRITE_CHUNK {blockData=conID: 1 locID: 102739175209763326 bcsId: 0} | ret=SUCCESS |  
2019-09-05 09:23:23,038 [grpc-default-executor-3] INFO  client.GrpcClientProtocolClient (GrpcClientProtocolClient.java:onNext(255)) - client-969FB6DA8C9A->4fcc8d53-44cb-4faf-b915-5afa0c7529d4: receive RaftClientReply:client-969FB6DA8C9A->4fcc8d53-44cb-4faf-b915-5afa0c7529d4@group-6A615BAE1DD1, cid=1666, SUCCESS, logIndex=2374, commits[4fcc8d53-44cb-4faf-b915-5afa0c7529d4:c2376, 48aa5eb4-709c-4003-adb5-fbc02723cd23:c2372, 609a8cf1-6ad3-4123-b94a-106ad93148a8:c2372]
2019-09-05 09:23:23,038 | INFO  | DNAudit | user=null | ip=null | op=PUT_BLOCK {blockData=[blockId=conID: 1 locID: 102739175209763326 bcsId: 0,size=2097152]} | ret=SUCCESS |  
2019-09-05 09:23:23,039 [grpc-default-executor-3] INFO  client.GrpcClientProtocolClient (GrpcClientProtocolClient.java:onNext(255)) - client-969FB6DA8C9A->4fcc8d53-44cb-4faf-b915-5afa0c7529d4: receive RaftClientReply:client-969FB6DA8C9A->4fcc8d53-44cb-4faf-b915-5afa0c7529d4@group-6A615BAE1DD1, cid=1667, SUCCESS, logIndex=2375, commits[4fcc8d53-44cb-4faf-b915-5afa0c7529d4:c2376, 48aa5eb4-709c-4003-adb5-fbc02723cd23:c2372, 609a8cf1-6ad3-4123-b94a-106ad93148a8:c2372]
2019-09-05 09:23:23,039 [grpc-default-executor-3] INFO  client.GrpcClientProtocolClient (GrpcClientProtocolClient.java:onNext(255)) - client-969FB6DA8C9A->4fcc8d53-44cb-4faf-b915-5afa0c7529d4: receive RaftClientReply:client-969FB6DA8C9A->4fcc8d53-44cb-4faf-b915-5afa0c7529d4@group-6A615BAE1DD1, cid=1668, SUCCESS, logIndex=2376, commits[4fcc8d53-44cb-4faf-b915-5afa0c7529d4:c2376, 48aa5eb4-709c-4003-adb5-fbc02723cd23:c2372, 609a8cf1-6ad3-4123-b94a-106ad93148a8:c2372]
2019-09-05 09:23:23,101 | INFO  | DNAudit | user=null | ip=null | op=WRITE_CHUNK {blockData=conID: 1 locID: 102739175209763326 bcsId: 0} | ret=SUCCESS |  
2019-09-05 09:23:23,103 | INFO  | DNAudit | user=null | ip=null | op=WRITE_CHUNK {blockData=conID: 1 locID: 102739175209763326 bcsId: 0} | ret=SUCCESS |  
2019-09-05 09:23:23,107 [grpc-default-executor-0] INFO  client.GrpcClientProtocolClient (GrpcClientProtocolClient.java:onNext(255)) - client-969FB6DA8C9A->4fcc8d53-44cb-4faf-b915-5afa0c7529d4: receive RaftClientReply:client-969FB6DA8C9A->4fcc8d53-44cb-4faf-b915-5afa0c7529d4@group-6A615BAE1DD1, cid=1669, SUCCESS, logIndex=0, commits[4fcc8d53-44cb-4faf-b915-5afa0c7529d4:c2377, 48aa5eb4-709c-4003-adb5-fbc02723cd23:c2374, 609a8cf1-6ad3-4123-b94a-106ad93148a8:c2374]
2019-09-05 09:23:23,114 | INFO  | DNAudit | user=null | ip=null | op=PUT_BLOCK {blockData=[blockId=conID: 1 locID: 102739175209763326 bcsId: 0,size=1048576]} | ret=SUCCESS |  
2019-09-05 09:23:23,115 | INFO  | DNAudit | user=null | ip=null | op=WRITE_CHUNK {blockData=conID: 1 locID: 102739175209763326 bcsId: 0} | ret=SUCCESS |  
2019-09-05 09:23:23,116 | INFO  | DNAudit | user=null | ip=null | op=PUT_BLOCK {blockData=[blockId=conID: 1 locID: 102739175209763326 bcsId: 0,size=1048576]} | ret=SUCCESS |  
2019-09-05 09:23:23,116 | INFO  | DNAudit | user=null | ip=null | op=PUT_BLOCK {blockData=[blockId=conID: 1 locID: 102739175209763326 bcsId: 0,size=2097152]} | ret=SUCCESS |  
2019-09-05 09:23:23,116 | INFO  | DNAudit | user=null | ip=null | op=WRITE_CHUNK {blockData=conID: 1 locID: 102739175209763326 bcsId: 0} | ret=SUCCESS |  
2019-09-05 09:23:23,117 | INFO  | DNAudit | user=null | ip=null | op=PUT_BLOCK {blockData=[blockId=conID: 1 locID: 102739175209763326 bcsId: 0,size=2097152]} | ret=SUCCESS |  
2019-09-05 09:23:23,125 | INFO  | DNAudit | user=null | ip=null | op=WRITE_CHUNK {blockData=conID: 1 locID: 102739175209763326 bcsId: 2376} | ret=SUCCESS |  
2019-09-05 09:23:23,128 | INFO  | DNAudit | user=null | ip=null | op=WRITE_CHUNK {blockData=conID: 1 locID: 102739175209763326 bcsId: 2376} | ret=SUCCESS |  
2019-09-05 09:23:23,128 | INFO  | DNAudit | user=null | ip=null | op=WRITE_CHUNK {blockData=conID: 1 locID: 102739175209763326 bcsId: 2376} | ret=SUCCESS |  
 0.00% |█                                                                                                    |  0/1 Time: 0:00:202019-09-05 09:23:23,183 | INFO  | SCMAudit | user=jenkins1000 | ip=192.168.36.69 | op=SEND_HEARTBEAT {datanodeUUID=4fcc8d53-44cb-4faf-b915-5afa0c7529d4, command=[]} | ret=SUCCESS |  
2019-09-05 09:23:23,183 | INFO  | SCMAudit | user=jenkins1000 | ip=192.168.36.69 | op=SEND_HEARTBEAT {datanodeUUID=609a8cf1-6ad3-4123-b94a-106ad93148a8, command=[]} | ret=SUCCESS |  
2019-09-05 09:23:23,183 | INFO  | SCMAudit | user=jenkins1000 | ip=192.168.36.69 | op=SEND_HEARTBEAT {datanodeUUID=48aa5eb4-709c-4003-adb5-fbc02723cd23, command=[]} | ret=SUCCESS |  
2019-09-05 09:23:23,194 | INFO  | DNAudit | user=null | ip=null | op=WRITE_CHUNK {blockData=conID: 1 locID: 102739175209763326 bcsId: 2376} | ret=SUCCESS |  
2019-09-05 09:23:23,195 | INFO  | DNAudit | user=null | ip=null | op=PUT_BLOCK {blockData=[blockId=conID: 1 locID: 102739175209763326 bcsId: 0,size=3145728]} | ret=SUCCESS |  
2019-09-05 09:23:23,195 [grpc-default-executor-0] INFO  client.GrpcClientProtocolClient (GrpcClientProtocolClient.java:onNext(255)) - client-969FB6DA8C9A->4fcc8d53-44cb-4faf-b915-5afa0c7529d4: receive RaftClientReply:client-969FB6DA8C9A->4fcc8d53-44cb-4faf-b915-5afa0c7529d4@group-6A615BAE1DD1, cid=1670, SUCCESS, logIndex=2381, commits[4fcc8d53-44cb-4faf-b915-5afa0c7529d4:c2382, 48aa5eb4-709c-4003-adb5-fbc02723cd23:c2380, 609a8cf1-6ad3-4123-b94a-106ad93148a8:c2380]
2019-09-05 09:23:23,195 [grpc-default-executor-0] INFO  client.GrpcClientProtocolClient (GrpcClientProtocolClient.java:onNext(255)) - client-969FB6DA8C9A->4fcc8d53-44cb-4faf-b915-5afa0c7529d4: receive RaftClientReply:client-969FB6DA8C9A->4fcc8d53-44cb-4faf-b915-5afa0c7529d4@group-6A615BAE1DD1, cid=1671, SUCCESS, logIndex=2382, commits[4fcc8d53-44cb-4faf-b915-5afa0c7529d4:c2382, 48aa5eb4-709c-4003-adb5-fbc02723cd23:c2380, 609a8cf1-6ad3-4123-b94a-106ad93148a8:c2380]
2019-09-05 09:23:23,205 | INFO  | DNAudit | user=null | ip=null | op=WRITE_CHUNK {blockData=conID: 1 locID: 102739175209763326 bcsId: 2382} | ret=SUCCESS |  
2019-09-05 09:23:23,207 | INFO  | DNAudit | user=null | ip=null | op=WRITE_CHUNK {blockData=conID: 1 locID: 102739175209763326 bcsId: 2382} | ret=SUCCESS |  
2019-09-05 09:23:23,208 | INFO  | DNAudit | user=null | ip=null | op=WRITE_CHUNK {blockData=conID: 1 locID: 102739175209763326 bcsId: 2382} | ret=SUCCESS |  
2019-09-05 09:23:23,229 | INFO  | DNAudit | user=null | ip=null | op=WRITE_CHUNK {blockData=conID: 1 locID: 102739175209763326 bcsId: 2376} | ret=SUCCESS |  
2019-09-05 09:23:23,229 | INFO  | DNAudit | user=null | ip=null | op=WRITE_CHUNK {blockData=conID: 1 locID: 102739175209763326 bcsId: 2376} | ret=SUCCESS |  
2019-09-05 09:23:23,230 | INFO  | DNAudit | user=null | ip=null | op=PUT_BLOCK {blockData=[blockId=conID: 1 locID: 102739175209763326 bcsId: 0,size=3145728]} | ret=SUCCESS |  
2019-09-05 09:23:23,230 | INFO  | DNAudit | user=null | ip=null | op=PUT_BLOCK {blockData=[blockId=conID: 1 locID: 102739175209763326 bcsId: 0,size=3145728]} | ret=SUCCESS |  
2019-09-05 09:23:23,231 | INFO  | DNAudit | user=null | ip=null | op=WRITE_CHUNK {blockData=conID: 1 locID: 102739175209763326 bcsId: 2382} | ret=SUCCESS |  
2019-09-05 09:23:23,232 | INFO  | DNAudit | user=null | ip=null | op=PUT_BLOCK {blockData=[blockId=conID: 1 locID: 102739175209763326 bcsId: 0,size=4194304]} | ret=SUCCESS |  
2019-09-05 09:23:23,232 [grpc-default-executor-5] INFO  client.GrpcClientProtocolClient (GrpcClientProtocolClient.java:onNext(255)) - client-969FB6DA8C9A->4fcc8d53-44cb-4faf-b915-5afa0c7529d4: receive RaftClientReply:client-969FB6DA8C9A->4fcc8d53-44cb-4faf-b915-5afa0c7529d4@group-6A615BAE1DD1, cid=1672, SUCCESS, logIndex=2385, commits[4fcc8d53-44cb-4faf-b915-5afa0c7529d4:c2386, 48aa5eb4-709c-4003-adb5-fbc02723cd23:c2382, 609a8cf1-6ad3-4123-b94a-106ad93148a8:c2382]
2019-09-05 09:23:23,233 [grpc-default-executor-5] INFO  client.GrpcClientProtocolClient (GrpcClientProtocolClient.java:onNext(255)) - client-969FB6DA8C9A->4fcc8d53-44cb-4faf-b915-5afa0c7529d4: receive RaftClientReply:client-969FB6DA8C9A->4fcc8d53-44cb-4faf-b915-5afa0c7529d4@group-6A615BAE1DD1, cid=1673, SUCCESS, logIndex=2386, commits[4fcc8d53-44cb-4faf-b915-5afa0c7529d4:c2386, 48aa5eb4-709c-4003-adb5-fbc02723cd23:c2382, 609a8cf1-6ad3-4123-b94a-106ad93148a8:c2382]
2019-09-05 09:23:23,238 | INFO  | SCMAudit | user=jenkins1000 | ip=192.168.36.69 | op=SEND_HEARTBEAT {datanodeUUID=5b6cff60-1414-40d6-b682-781dc5ff3023, command=[]} | ret=SUCCESS |  
2019-09-05 09:23:23,267 | INFO  | DNAudit | user=null | ip=null | op=WRITE_CHUNK {blockData=conID: 1 locID: 102739175209763326 bcsId: 2382} | ret=SUCCESS |  
2019-09-05 09:23:23,269 | INFO  | DNAudit | user=null | ip=null | op=WRITE_CHUNK {blockData=conID: 1 locID: 102739175209763326 bcsId: 2382} | ret=SUCCESS |  
2019-09-05 09:23:23,405 | INFO  | DNAudit | user=null | ip=null | op=PUT_BLOCK {blockData=[blockId=conID: 1 locID: 102739175209763326 bcsId: 0,size=4194304]} | ret=SUCCESS |  
2019-09-05 09:23:23,419 | INFO  | DNAudit | user=null | ip=null | op=PUT_BLOCK {blockData=[blockId=conID: 1 locID: 102739175209763326 bcsId: 0,size=4194304]} | ret=SUCCESS |  
2019-09-05 09:23:23,419 [grpc-default-executor-5] INFO  client.GrpcClientProtocolClient (GrpcClientProtocolClient.java:onNext(255)) - client-969FB6DA8C9A->4fcc8d53-44cb-4faf-b915-5afa0c7529d4: receive RaftClientReply:client-969FB6DA8C9A->4fcc8d53-44cb-4faf-b915-5afa0c7529d4@group-6A615BAE1DD1, cid=1674, SUCCESS, logIndex=0, commits[4fcc8d53-44cb-4faf-b915-5afa0c7529d4:c2388, 48aa5eb4-709c-4003-adb5-fbc02723cd23:c2386, 609a8cf1-6ad3-4123-b94a-106ad93148a8:c2386]
2019-09-05 09:23:23,424 | INFO  | SCMAudit | user=jenkins1000 | ip=192.168.36.69 | op=ALLOCATE_BLOCK {owner=5cf4fcf6-c517-45f4-af25-2fff646d8883, size=4194304, type=RATIS, factor=THREE} | ret=SUCCESS |  
2019-09-05 09:23:23,427 | INFO  | OMAudit | user=jenkins1000 | ip=127.0.0.1 | op=ALLOCATE_BLOCK {volume=vol-0-13331, bucket=bucket-0-43606, key=key-0-76526, dataSize=0, replicationType=null, replicationFactor=null, keyLocationInfo=null, clientID=102739173903106450} | ret=SUCCESS |  
2019-09-05 09:23:23,435 | INFO  | DNAudit | user=null | ip=null | op=WRITE_CHUNK {blockData=conID: 2 locID: 102739175238795775 bcsId: 0} | ret=SUCCESS |  
2019-09-05 09:23:23,437 | INFO  | DNAudit | user=null | ip=null | op=WRITE_CHUNK {blockData=conID: 2 locID: 102739175238795775 bcsId: 0} | ret=SUCCESS |  
2019-09-05 09:23:23,438 | INFO  | DNAudit | user=null | ip=null | op=WRITE_CHUNK {blockData=conID: 2 locID: 102739175238795775 bcsId: 0} | ret=SUCCESS |  
2019-09-05 09:23:23,438 | INFO  | DNAudit | user=null | ip=null | op=WRITE_CHUNK {blockData=conID: 2 locID: 102739175238795775 bcsId: 0} | ret=SUCCESS |  
2019-09-05 09:23:23,439 | INFO  | DNAudit | user=null | ip=null | op=WRITE_CHUNK {blockData=conID: 2 locID: 102739175238795775 bcsId: 0} | ret=SUCCESS |  
2019-09-05 09:23:23,439 | INFO  | DNAudit | user=null | ip=null | op=WRITE_CHUNK {blockData=conID: 2 locID: 102739175238795775 bcsId: 0} | ret=SUCCESS |  
2019-09-05 09:23:23,479 | INFO  | DNAudit | user=null | ip=null | op=WRITE_CHUNK {blockData=conID: 2 locID: 102739175238795775 bcsId: 0} | ret=SUCCESS |  
2019-09-05 09:23:23,479 | INFO  | DNAudit | user=null | ip=null | op=PUT_BLOCK {blockData=[blockId=conID: 2 locID: 102739175238795775 bcsId: 0,size=1048576]} | ret=SUCCESS |  
2019-09-05 09:23:23,479 [grpc-default-executor-0] INFO  client.GrpcClientProtocolClient (GrpcClientProtocolClient.java:onNext(255)) - client-969FB6DA8C9A->4fcc8d53-44cb-4faf-b915-5afa0c7529d4: receive RaftClientReply:client-969FB6DA8C9A->4fcc8d53-44cb-4faf-b915-5afa0c7529d4@group-6A615BAE1DD1, cid=1675, SUCCESS, logIndex=2389, commits[4fcc8d53-44cb-4faf-b915-5afa0c7529d4:c2392, 48aa5eb4-709c-4003-adb5-fbc02723cd23:c2388, 609a8cf1-6ad3-4123-b94a-106ad93148a8:c2388]
2019-09-05 09:23:23,480 | INFO  | DNAudit | user=null | ip=null | op=WRITE_CHUNK {blockData=conID: 2 locID: 102739175238795775 bcsId: 0} | ret=SUCCESS |  
2019-09-05 09:23:23,480 [grpc-default-executor-0] INFO  client.GrpcClientProtocolClient (GrpcClientProtocolClient.java:onNext(255)) - client-969FB6DA8C9A->4fcc8d53-44cb-4faf-b915-5afa0c7529d4: receive RaftClientReply:client-969FB6DA8C9A->4fcc8d53-44cb-4faf-b915-5afa0c7529d4@group-6A615BAE1DD1, cid=1676, SUCCESS, logIndex=2390, commits[4fcc8d53-44cb-4faf-b915-5afa0c7529d4:c2392, 48aa5eb4-709c-4003-adb5-fbc02723cd23:c2388, 609a8cf1-6ad3-4123-b94a-106ad93148a8:c2388]
2019-09-05 09:23:23,480 | INFO  | DNAudit | user=null | ip=null | op=PUT_BLOCK {blockData=[blockId=conID: 2 locID: 102739175238795775 bcsId: 0,size=2097152]} | ret=SUCCESS |  
2019-09-05 09:23:23,480 [grpc-default-executor-0] INFO  client.GrpcClientProtocolClient (GrpcClientProtocolClient.java:onNext(255)) - client-969FB6DA8C9A->4fcc8d53-44cb-4faf-b915-5afa0c7529d4: receive RaftClientReply:client-969FB6DA8C9A->4fcc8d53-44cb-4faf-b915-5afa0c7529d4@group-6A615BAE1DD1, cid=1677, SUCCESS, logIndex=2391, commits[4fcc8d53-44cb-4faf-b915-5afa0c7529d4:c2392, 48aa5eb4-709c-4003-adb5-fbc02723cd23:c2388, 609a8cf1-6ad3-4123-b94a-106ad93148a8:c2388]
2019-09-05 09:23:23,481 [grpc-default-executor-0] INFO  client.GrpcClientProtocolClient (GrpcClientProtocolClient.java:onNext(255)) - client-969FB6DA8C9A->4fcc8d53-44cb-4faf-b915-5afa0c7529d4: receive RaftClientReply:client-969FB6DA8C9A->4fcc8d53-44cb-4faf-b915-5afa0c7529d4@group-6A615BAE1DD1, cid=1678, SUCCESS, logIndex=2392, commits[4fcc8d53-44cb-4faf-b915-5afa0c7529d4:c2392, 48aa5eb4-709c-4003-adb5-fbc02723cd23:c2388, 609a8cf1-6ad3-4123-b94a-106ad93148a8:c2388]
2019-09-05 09:23:23,506 | INFO  | DNAudit | user=null | ip=null | op=WRITE_CHUNK {blockData=conID: 2 locID: 102739175238795775 bcsId: 0} | ret=SUCCESS |  
2019-09-05 09:23:23,506 | INFO  | DNAudit | user=null | ip=null | op=WRITE_CHUNK {blockData=conID: 2 locID: 102739175238795775 bcsId: 0} | ret=SUCCESS |  
2019-09-05 09:23:23,507 | INFO  | DNAudit | user=null | ip=null | op=PUT_BLOCK {blockData=[blockId=conID: 2 locID: 102739175238795775 bcsId: 0,size=1048576]} | ret=SUCCESS |  
2019-09-05 09:23:23,507 | INFO  | DNAudit | user=null | ip=null | op=PUT_BLOCK {blockData=[blockId=conID: 2 locID: 102739175238795775 bcsId: 0,size=1048576]} | ret=SUCCESS |  
2019-09-05 09:23:23,507 | INFO  | DNAudit | user=null | ip=null | op=WRITE_CHUNK {blockData=conID: 2 locID: 102739175238795775 bcsId: 0} | ret=SUCCESS |  
2019-09-05 09:23:23,507 | INFO  | DNAudit | user=null | ip=null | op=WRITE_CHUNK {blockData=conID: 2 locID: 102739175238795775 bcsId: 0} | ret=SUCCESS |  
2019-09-05 09:23:23,507 | INFO  | DNAudit | user=null | ip=null | op=PUT_BLOCK {blockData=[blockId=conID: 2 locID: 102739175238795775 bcsId: 0,size=2097152]} | ret=SUCCESS |  
2019-09-05 09:23:23,507 [grpc-default-executor-5] INFO  client.GrpcClientProtocolClient (GrpcClientProtocolClient.java:onNext(255)) - client-969FB6DA8C9A->4fcc8d53-44cb-4faf-b915-5afa0c7529d4: receive RaftClientReply:client-969FB6DA8C9A->4fcc8d53-44cb-4faf-b915-5afa0c7529d4@group-6A615BAE1DD1, cid=1679, SUCCESS, logIndex=0, commits[4fcc8d53-44cb-4faf-b915-5afa0c7529d4:c2392, 48aa5eb4-709c-4003-adb5-fbc02723cd23:c2392, 609a8cf1-6ad3-4123-b94a-106ad93148a8:c2392]
2019-09-05 09:23:23,507 | INFO  | DNAudit | user=null | ip=null | op=PUT_BLOCK {blockData=[blockId=conID: 2 locID: 102739175238795775 bcsId: 0,size=2097152]} | ret=SUCCESS |  
2019-09-05 09:23:23,514 | INFO  | DNAudit | user=null | ip=null | op=WRITE_CHUNK {blockData=conID: 2 locID: 102739175238795775 bcsId: 2392} | ret=SUCCESS |  
2019-09-05 09:23:23,516 | INFO  | DNAudit | user=null | ip=null | op=WRITE_CHUNK {blockData=conID: 2 locID: 102739175238795775 bcsId: 2392} | ret=SUCCESS |  
2019-09-05 09:23:23,516 | INFO  | DNAudit | user=null | ip=null | op=WRITE_CHUNK {blockData=conID: 2 locID: 102739175238795775 bcsId: 2392} | ret=SUCCESS |  
2019-09-05 09:23:23,527 | INFO  | DNAudit | user=null | ip=null | op=WRITE_CHUNK {blockData=conID: 2 locID: 102739175238795775 bcsId: 2392} | ret=SUCCESS |  
2019-09-05 09:23:23,528 | INFO  | DNAudit | user=null | ip=null | op=PUT_BLOCK {blockData=[blockId=conID: 2 locID: 102739175238795775 bcsId: 0,size=3145728]} | ret=SUCCESS |  
2019-09-05 09:23:23,528 | INFO  | SCMAudit | user=jenkins1000 | ip=192.168.36.69 | op=SEND_HEARTBEAT {datanodeUUID=fe9e29a7-51ad-458f-9e11-f615da290baa, command=[]} | ret=SUCCESS |  
2019-09-05 09:23:23,529 [grpc-default-executor-0] INFO  client.GrpcClientProtocolClient (GrpcClientProtocolClient.java:onNext(255)) - client-969FB6DA8C9A->4fcc8d53-44cb-4faf-b915-5afa0c7529d4: receive RaftClientReply:client-969FB6DA8C9A->4fcc8d53-44cb-4faf-b915-5afa0c7529d4@group-6A615BAE1DD1, cid=1680, SUCCESS, logIndex=2395, commits[4fcc8d53-44cb-4faf-b915-5afa0c7529d4:c2396, 48aa5eb4-709c-4003-adb5-fbc02723cd23:c2394, 609a8cf1-6ad3-4123-b94a-106ad93148a8:c2394]
2019-09-05 09:23:23,694 [grpc-default-executor-0] INFO  client.GrpcClientProtocolClient (GrpcClientProtocolClient.java:onNext(255)) - client-969FB6DA8C9A->4fcc8d53-44cb-4faf-b915-5afa0c7529d4: receive RaftClientReply:client-969FB6DA8C9A->4fcc8d53-44cb-4faf-b915-5afa0c7529d4@group-6A615BAE1DD1, cid=1681, SUCCESS, logIndex=2396, commits[4fcc8d53-44cb-4faf-b915-5afa0c7529d4:c2396, 48aa5eb4-709c-4003-adb5-fbc02723cd23:c2394, 609a8cf1-6ad3-4123-b94a-106ad93148a8:c2394]
2019-09-05 09:23:23,706 | INFO  | DNAudit | user=null | ip=null | op=WRITE_CHUNK {blockData=conID: 2 locID: 102739175238795775 bcsId: 2396} | ret=SUCCESS |  
2019-09-05 09:23:23,707 | INFO  | DNAudit | user=null | ip=null | op=WRITE_CHUNK {blockData=conID: 2 locID: 102739175238795775 bcsId: 2396} | ret=SUCCESS |  
2019-09-05 09:23:23,707 | INFO  | DNAudit | user=null | ip=null | op=WRITE_CHUNK {blockData=conID: 2 locID: 102739175238795775 bcsId: 2396} | ret=SUCCESS |  
2019-09-05 09:23:23,710 | INFO  | DNAudit | user=null | ip=null | op=WRITE_CHUNK {blockData=conID: 2 locID: 102739175238795775 bcsId: 2392} | ret=SUCCESS |  
2019-09-05 09:23:23,710 | INFO  | DNAudit | user=null | ip=null | op=WRITE_CHUNK {blockData=conID: 2 locID: 102739175238795775 bcsId: 2392} | ret=SUCCESS |  
2019-09-05 09:23:23,719 | INFO  | DNAudit | user=null | ip=null | op=PUT_BLOCK {blockData=[blockId=conID: 2 locID: 102739175238795775 bcsId: 0,size=3145728]} | ret=SUCCESS |  
2019-09-05 09:23:23,719 | INFO  | DNAudit | user=null | ip=null | op=PUT_BLOCK {blockData=[blockId=conID: 2 locID: 102739175238795775 bcsId: 0,size=3145728]} | ret=SUCCESS |  
2019-09-05 09:23:23,720 | INFO  | DNAudit | user=null | ip=null | op=WRITE_CHUNK {blockData=conID: 2 locID: 102739175238795775 bcsId: 2396} | ret=SUCCESS |  
2019-09-05 09:23:23,721 | INFO  | DNAudit | user=null | ip=null | op=PUT_BLOCK {blockData=[blockId=conID: 2 locID: 102739175238795775 bcsId: 0,size=4194304]} | ret=SUCCESS |  
2019-09-05 09:23:23,721 [grpc-default-executor-3] INFO  client.GrpcClientProtocolClient (GrpcClientProtocolClient.java:onNext(255)) - client-969FB6DA8C9A->4fcc8d53-44cb-4faf-b915-5afa0c7529d4: receive RaftClientReply:client-969FB6DA8C9A->4fcc8d53-44cb-4faf-b915-5afa0c7529d4@group-6A615BAE1DD1, cid=1682, SUCCESS, logIndex=2399, commits[4fcc8d53-44cb-4faf-b915-5afa0c7529d4:c2400, 48aa5eb4-709c-4003-adb5-fbc02723cd23:c2396, 609a8cf1-6ad3-4123-b94a-106ad93148a8:c2396]
2019-09-05 09:23:23,721 [grpc-default-executor-3] INFO  client.GrpcClientProtocolClient (GrpcClientProtocolClient.java:onNext(255)) - client-969FB6DA8C9A->4fcc8d53-44cb-4faf-b915-5afa0c7529d4: receive RaftClientReply:client-969FB6DA8C9A->4fcc8d53-44cb-4faf-b915-5afa0c7529d4@group-6A615BAE1DD1, cid=1683, SUCCESS, logIndex=2400, commits[4fcc8d53-44cb-4faf-b915-5afa0c7529d4:c2400, 48aa5eb4-709c-4003-adb5-fbc02723cd23:c2396, 609a8cf1-6ad3-4123-b94a-106ad93148a8:c2396]
2019-09-05 09:23:23,740 | INFO  | DNAudit | user=null | ip=null | op=WRITE_CHUNK {blockData=conID: 2 locID: 102739175238795775 bcsId: 2396} | ret=SUCCESS |  
2019-09-05 09:23:23,740 | INFO  | DNAudit | user=null | ip=null | op=WRITE_CHUNK {blockData=conID: 2 locID: 102739175238795775 bcsId: 2396} | ret=SUCCESS |  
2019-09-05 09:23:23,740 | INFO  | DNAudit | user=null | ip=null | op=PUT_BLOCK {blockData=[blockId=conID: 2 locID: 102739175238795775 bcsId: 0,size=4194304]} | ret=SUCCESS |  
2019-09-05 09:23:23,740 | INFO  | DNAudit | user=null | ip=null | op=PUT_BLOCK {blockData=[blockId=conID: 2 locID: 102739175238795775 bcsId: 0,size=4194304]} | ret=SUCCESS |  
2019-09-05 09:23:23,741 [grpc-default-executor-3] INFO  client.GrpcClientProtocolClient (GrpcClientProtocolClient.java:onNext(255)) - client-969FB6DA8C9A->4fcc8d53-44cb-4faf-b915-5afa0c7529d4: receive RaftClientReply:client-969FB6DA8C9A->4fcc8d53-44cb-4faf-b915-5afa0c7529d4@group-6A615BAE1DD1, cid=1684, SUCCESS, logIndex=0, commits[4fcc8d53-44cb-4faf-b915-5afa0c7529d4:c2401, 48aa5eb4-709c-4003-adb5-fbc02723cd23:c2400, 609a8cf1-6ad3-4123-b94a-106ad93148a8:c2400]
2019-09-05 09:23:23,745 | INFO  | SCMAudit | user=jenkins1000 | ip=192.168.36.69 | op=ALLOCATE_BLOCK {owner=5cf4fcf6-c517-45f4-af25-2fff646d8883, size=4194304, type=RATIS, factor=THREE} | ret=SUCCESS |  
2019-09-05 09:23:23,748 | INFO  | OMAudit | user=jenkins1000 | ip=127.0.0.1 | op=ALLOCATE_BLOCK {volume=vol-0-13331, bucket=bucket-0-43606, key=key-0-76526, dataSize=0, replicationType=null, replicationFactor=null, keyLocationInfo=null, clientID=102739173903106450} | ret=SUCCESS |  
2019-09-05 09:23:23,756 | INFO  | DNAudit | user=null | ip=null | op=WRITE_CHUNK {blockData=conID: 3 locID: 102739175259832832 bcsId: 0} | ret=SUCCESS |  
2019-09-05 09:23:23,757 | INFO  | DNAudit | user=null | ip=null | op=WRITE_CHUNK {blockData=conID: 3 locID: 102739175259832832 bcsId: 0} | ret=SUCCESS |  
2019-09-05 09:23:23,758 | INFO  | DNAudit | user=null | ip=null | op=WRITE_CHUNK {blockData=conID: 3 locID: 102739175259832832 bcsId: 0} | ret=SUCCESS |  
2019-09-05 09:23:23,758 | INFO  | DNAudit | user=null | ip=null | op=WRITE_CHUNK {blockData=conID: 3 locID: 102739175259832832 bcsId: 0} | ret=SUCCESS |  
2019-09-05 09:23:23,759 | INFO  | DNAudit | user=null | ip=null | op=WRITE_CHUNK {blockData=conID: 3 locID: 102739175259832832 bcsId: 0} | ret=SUCCESS |  
2019-09-05 09:23:23,760 | INFO  | DNAudit | user=null | ip=null | op=WRITE_CHUNK {blockData=conID: 3 locID: 102739175259832832 bcsId: 0} | ret=SUCCESS |  
2019-09-05 09:23:23,787 | INFO  | DNAudit | user=null | ip=null | op=WRITE_CHUNK {blockData=conID: 3 locID: 102739175259832832 bcsId: 0} | ret=SUCCESS |  
2019-09-05 09:23:23,787 | INFO  | DNAudit | user=null | ip=null | op=PUT_BLOCK {blockData=[blockId=conID: 3 locID: 102739175259832832 bcsId: 0,size=1048576]} | ret=SUCCESS |  
2019-09-05 09:23:23,788 | INFO  | DNAudit | user=null | ip=null | op=WRITE_CHUNK {blockData=conID: 3 locID: 102739175259832832 bcsId: 0} | ret=SUCCESS |  
2019-09-05 09:23:23,787 [grpc-default-executor-3] INFO  client.GrpcClientProtocolClient (GrpcClientProtocolClient.java:onNext(255)) - client-969FB6DA8C9A->4fcc8d53-44cb-4faf-b915-5afa0c7529d4: receive RaftClientReply:client-969FB6DA8C9A->4fcc8d53-44cb-4faf-b915-5afa0c7529d4@group-6A615BAE1DD1, cid=1685, SUCCESS, logIndex=2403, commits[4fcc8d53-44cb-4faf-b915-5afa0c7529d4:c2406, 48aa5eb4-709c-4003-adb5-fbc02723cd23:c2402, 609a8cf1-6ad3-4123-b94a-106ad93148a8:c2402]
2019-09-05 09:23:23,788 | INFO  | DNAudit | user=null | ip=null | op=PUT_BLOCK {blockData=[blockId=conID: 3 locID: 102739175259832832 bcsId: 0,size=2097152]} | ret=SUCCESS |  
2019-09-05 09:23:23,788 [grpc-default-executor-3] INFO  client.GrpcClientProtocolClient (GrpcClientProtocolClient.java:onNext(255)) - client-969FB6DA8C9A->4fcc8d53-44cb-4faf-b915-5afa0c7529d4: receive RaftClientReply:client-969FB6DA8C9A->4fcc8d53-44cb-4faf-b915-5afa0c7529d4@group-6A615BAE1DD1, cid=1686, SUCCESS, logIndex=2404, commits[4fcc8d53-44cb-4faf-b915-5afa0c7529d4:c2406, 48aa5eb4-709c-4003-adb5-fbc02723cd23:c2402, 609a8cf1-6ad3-4123-b94a-106ad93148a8:c2402]
2019-09-05 09:23:23,788 | INFO  | DNAudit | user=null | ip=null | op=WRITE_CHUNK {blockData=conID: 3 locID: 102739175259832832 bcsId: 0} | ret=SUCCESS |  
2019-09-05 09:23:23,788 [grpc-default-executor-3] INFO  client.GrpcClientProtocolClient (GrpcClientProtocolClient.java:onNext(255)) - client-969FB6DA8C9A->4fcc8d53-44cb-4faf-b915-5afa0c7529d4: receive RaftClientReply:client-969FB6DA8C9A->4fcc8d53-44cb-4faf-b915-5afa0c7529d4@group-6A615BAE1DD1, cid=1687, SUCCESS, logIndex=2405, commits[4fcc8d53-44cb-4faf-b915-5afa0c7529d4:c2406, 48aa5eb4-709c-4003-adb5-fbc02723cd23:c2402, 609a8cf1-6ad3-4123-b94a-106ad93148a8:c2402]
2019-09-05 09:23:23,789 | INFO  | DNAudit | user=null | ip=null | op=PUT_BLOCK {blockData=[blockId=conID: 3 locID: 102739175259832832 bcsId: 0,size=1048576]} | ret=SUCCESS |  
2019-09-05 09:23:23,789 [grpc-default-executor-3] INFO  client.GrpcClientProtocolClient (GrpcClientProtocolClient.java:onNext(255)) - client-969FB6DA8C9A->4fcc8d53-44cb-4faf-b915-5afa0c7529d4: receive RaftClientReply:client-969FB6DA8C9A->4fcc8d53-44cb-4faf-b915-5afa0c7529d4@group-6A615BAE1DD1, cid=1688, SUCCESS, logIndex=2406, commits[4fcc8d53-44cb-4faf-b915-5afa0c7529d4:c2406, 48aa5eb4-709c-4003-adb5-fbc02723cd23:c2402, 609a8cf1-6ad3-4123-b94a-106ad93148a8:c2402]
2019-09-05 09:23:23,789 | INFO  | DNAudit | user=null | ip=null | op=WRITE_CHUNK {blockData=conID: 3 locID: 102739175259832832 bcsId: 0} | ret=SUCCESS |  
2019-09-05 09:23:23,789 | INFO  | DNAudit | user=null | ip=null | op=PUT_BLOCK {blockData=[blockId=conID: 3 locID: 102739175259832832 bcsId: 0,size=1048576]} | ret=SUCCESS |  
2019-09-05 09:23:23,790 | INFO  | DNAudit | user=null | ip=null | op=WRITE_CHUNK {blockData=conID: 3 locID: 102739175259832832 bcsId: 0} | ret=SUCCESS |  
2019-09-05 09:23:23,790 | INFO  | DNAudit | user=null | ip=null | op=PUT_BLOCK {blockData=[blockId=conID: 3 locID: 102739175259832832 bcsId: 0,size=2097152]} | ret=SUCCESS |  
2019-09-05 09:23:23,790 [grpc-default-executor-0] INFO  client.GrpcClientProtocolClient (GrpcClientProtocolClient.java:onNext(255)) - client-969FB6DA8C9A->4fcc8d53-44cb-4faf-b915-5afa0c7529d4: receive RaftClientReply:client-969FB6DA8C9A->4fcc8d53-44cb-4faf-b915-5afa0c7529d4@group-6A615BAE1DD1, cid=1689, SUCCESS, logIndex=0, commits[4fcc8d53-44cb-4faf-b915-5afa0c7529d4:c2407, 48aa5eb4-709c-4003-adb5-fbc02723cd23:c2404, 609a8cf1-6ad3-4123-b94a-106ad93148a8:c2404]
2019-09-05 09:23:23,790 | INFO  | DNAudit | user=null | ip=null | op=WRITE_CHUNK {blockData=conID: 3 locID: 102739175259832832 bcsId: 0} | ret=SUCCESS |  
2019-09-05 09:23:23,790 | INFO  | DNAudit | user=null | ip=null | op=PUT_BLOCK {blockData=[blockId=conID: 3 locID: 102739175259832832 bcsId: 0,size=2097152]} | ret=SUCCESS |  
2019-09-05 09:23:23,797 | INFO  | DNAudit | user=null | ip=null | op=WRITE_CHUNK {blockData=conID: 3 locID: 102739175259832832 bcsId: 2406} | ret=SUCCESS |  
2019-09-05 09:23:23,798 | INFO  | DNAudit | user=null | ip=null | op=WRITE_CHUNK {blockData=conID: 3 locID: 102739175259832832 bcsId: 2406} | ret=SUCCESS |  
2019-09-05 09:23:23,799 | INFO  | DNAudit | user=null | ip=null | op=WRITE_CHUNK {blockData=conID: 3 locID: 102739175259832832 bcsId: 2406} | ret=SUCCESS |  
2019-09-05 09:23:23,803 | INFO  | DNAudit | user=null | ip=null | op=WRITE_CHUNK {blockData=conID: 3 locID: 102739175259832832 bcsId: 2406} | ret=SUCCESS |  
2019-09-05 09:23:23,803 | INFO  | DNAudit | user=null | ip=null | op=PUT_BLOCK {blockData=[blockId=conID: 3 locID: 102739175259832832 bcsId: 0,size=3145728]} | ret=SUCCESS |  
2019-09-05 09:23:23,803 [grpc-default-executor-4] INFO  client.GrpcClientProtocolClient (GrpcClientProtocolClient.java:onNext(255)) - client-969FB6DA8C9A->4fcc8d53-44cb-4faf-b915-5afa0c7529d4: receive RaftClientReply:client-969FB6DA8C9A->4fcc8d53-44cb-4faf-b915-5afa0c7529d4@group-6A615BAE1DD1, cid=1690, SUCCESS, logIndex=2411, commits[4fcc8d53-44cb-4faf-b915-5afa0c7529d4:c2412, 48aa5eb4-709c-4003-adb5-fbc02723cd23:c2410, 609a8cf1-6ad3-4123-b94a-106ad93148a8:c2410]
2019-09-05 09:23:23,804 [grpc-default-executor-4] INFO  client.GrpcClientProtocolClient (GrpcClientProtocolClient.java:onNext(255)) - client-969FB6DA8C9A->4fcc8d53-44cb-4faf-b915-5afa0c7529d4: receive RaftClientReply:client-969FB6DA8C9A->4fcc8d53-44cb-4faf-b915-5afa0c7529d4@group-6A615BAE1DD1, cid=1691, SUCCESS, logIndex=2412, commits[4fcc8d53-44cb-4faf-b915-5afa0c7529d4:c2412, 48aa5eb4-709c-4003-adb5-fbc02723cd23:c2410, 609a8cf1-6ad3-4123-b94a-106ad93148a8:c2410]
2019-09-05 09:23:23,809 | INFO  | DNAudit | user=null | ip=null | op=WRITE_CHUNK {blockData=conID: 3 locID: 102739175259832832 bcsId: 2412} | ret=SUCCESS |  
2019-09-05 09:23:23,811 | INFO  | DNAudit | user=null | ip=null | op=WRITE_CHUNK {blockData=conID: 3 locID: 102739175259832832 bcsId: 2412} | ret=SUCCESS |  
2019-09-05 09:23:23,812 | INFO  | DNAudit | user=null | ip=null | op=WRITE_CHUNK {blockData=conID: 3 locID: 102739175259832832 bcsId: 2412} | ret=SUCCESS |  
2019-09-05 09:23:23,821 | INFO  | DNAudit | user=null | ip=null | op=WRITE_CHUNK {blockData=conID: 3 locID: 102739175259832832 bcsId: 2406} | ret=SUCCESS |  
2019-09-05 09:23:23,821 | INFO  | DNAudit | user=null | ip=null | op=WRITE_CHUNK {blockData=conID: 3 locID: 102739175259832832 bcsId: 2406} | ret=SUCCESS |  
2019-09-05 09:23:23,821 | INFO  | DNAudit | user=null | ip=null | op=PUT_BLOCK {blockData=[blockId=conID: 3 locID: 102739175259832832 bcsId: 0,size=3145728]} | ret=SUCCESS |  
2019-09-05 09:23:23,822 | INFO  | DNAudit | user=null | ip=null | op=PUT_BLOCK {blockData=[blockId=conID: 3 locID: 102739175259832832 bcsId: 0,size=3145728]} | ret=SUCCESS |  
2019-09-05 09:23:23,823 | INFO  | DNAudit | user=null | ip=null | op=WRITE_CHUNK {blockData=conID: 3 locID: 102739175259832832 bcsId: 2412} | ret=SUCCESS |  
2019-09-05 09:23:23,823 | INFO  | DNAudit | user=null | ip=null | op=PUT_BLOCK {blockData=[blockId=conID: 3 locID: 102739175259832832 bcsId: 0,size=4194304]} | ret=SUCCESS |  
2019-09-05 09:23:23,823 [grpc-default-executor-3] INFO  client.GrpcClientProtocolClient (GrpcClientProtocolClient.java:onNext(255)) - client-969FB6DA8C9A->4fcc8d53-44cb-4faf-b915-5afa0c7529d4: receive RaftClientReply:client-969FB6DA8C9A->4fcc8d53-44cb-4faf-b915-5afa0c7529d4@group-6A615BAE1DD1, cid=1692, SUCCESS, logIndex=2415, commits[4fcc8d53-44cb-4faf-b915-5afa0c7529d4:c2416, 48aa5eb4-709c-4003-adb5-fbc02723cd23:c2412, 609a8cf1-6ad3-4123-b94a-106ad93148a8:c2412]
2019-09-05 09:23:23,824 [grpc-default-executor-3] INFO  client.GrpcClientProtocolClient (GrpcClientProtocolClient.java:onNext(255)) - client-969FB6DA8C9A->4fcc8d53-44cb-4faf-b915-5afa0c7529d4: receive RaftClientReply:client-969FB6DA8C9A->4fcc8d53-44cb-4faf-b915-5afa0c7529d4@group-6A615BAE1DD1, cid=1693, SUCCESS, logIndex=2416, commits[4fcc8d53-44cb-4faf-b915-5afa0c7529d4:c2416, 48aa5eb4-709c-4003-adb5-fbc02723cd23:c2412, 609a8cf1-6ad3-4123-b94a-106ad93148a8:c2412]
2019-09-05 09:23:23,834 | INFO  | DNAudit | user=null | ip=null | op=WRITE_CHUNK {blockData=conID: 3 locID: 102739175259832832 bcsId: 2412} | ret=SUCCESS |  
2019-09-05 09:23:23,834 | INFO  | DNAudit | user=null | ip=null | op=WRITE_CHUNK {blockData=conID: 3 locID: 102739175259832832 bcsId: 2412} | ret=SUCCESS |  
2019-09-05 09:23:23,835 | INFO  | DNAudit | user=null | ip=null | op=PUT_BLOCK {blockData=[blockId=conID: 3 locID: 102739175259832832 bcsId: 0,size=4194304]} | ret=SUCCESS |  
2019-09-05 09:23:23,835 | INFO  | DNAudit | user=null | ip=null | op=PUT_BLOCK {blockData=[blockId=conID: 3 locID: 102739175259832832 bcsId: 0,size=4194304]} | ret=SUCCESS |  
2019-09-05 09:23:23,835 [grpc-default-executor-3] INFO  client.GrpcClientProtocolClient (GrpcClientProtocolClient.java:onNext(255)) - client-969FB6DA8C9A->4fcc8d53-44cb-4faf-b915-5afa0c7529d4: receive RaftClientReply:client-969FB6DA8C9A->4fcc8d53-44cb-4faf-b915-5afa0c7529d4@group-6A615BAE1DD1, cid=1694, SUCCESS, logIndex=0, commits[4fcc8d53-44cb-4faf-b915-5afa0c7529d4:c2417, 48aa5eb4-709c-4003-adb5-fbc02723cd23:c2416, 609a8cf1-6ad3-4123-b94a-106ad93148a8:c2416]
2019-09-05 09:23:23,838 | INFO  | SCMAudit | user=jenkins1000 | ip=192.168.36.69 | op=ALLOCATE_BLOCK {owner=5cf4fcf6-c517-45f4-af25-2fff646d8883, size=4194304, type=RATIS, factor=THREE} | ret=SUCCESS |  
2019-09-05 09:23:23,841 | INFO  | OMAudit | user=jenkins1000 | ip=127.0.0.1 | op=ALLOCATE_BLOCK {volume=vol-0-13331, bucket=bucket-0-43606, key=key-0-76526, dataSize=0, replicationType=null, replicationFactor=null, keyLocationInfo=null, clientID=102739173903106450} | ret=SUCCESS |  
2019-09-05 09:23:23,848 | INFO  | DNAudit | user=null | ip=null | op=WRITE_CHUNK {blockData=conID: 1 locID: 102739175265927681 bcsId: 0} | ret=SUCCESS |  
2019-09-05 09:23:23,851 | INFO  | DNAudit | user=null | ip=null | op=WRITE_CHUNK {blockData=conID: 1 locID: 102739175265927681 bcsId: 0} | ret=SUCCESS |  
2019-09-05 09:23:23,851 | INFO  | DNAudit | user=null | ip=null | op=WRITE_CHUNK {blockData=conID: 1 locID: 102739175265927681 bcsId: 0} | ret=SUCCESS |  
2019-09-05 09:23:23,851 | INFO  | DNAudit | user=null | ip=null | op=WRITE_CHUNK {blockData=conID: 1 locID: 102739175265927681 bcsId: 0} | ret=SUCCESS |  
2019-09-05 09:23:23,852 | INFO  | DNAudit | user=null | ip=null | op=WRITE_CHUNK {blockData=conID: 1 locID: 102739175265927681 bcsId: 0} | ret=SUCCESS |  
2019-09-05 09:23:23,853 | INFO  | DNAudit | user=null | ip=null | op=WRITE_CHUNK {blockData=conID: 1 locID: 102739175265927681 bcsId: 0} | ret=SUCCESS |  
2019-09-05 09:23:23,864 | INFO  | DNAudit | user=null | ip=null | op=WRITE_CHUNK {blockData=conID: 1 locID: 102739175265927681 bcsId: 0} | ret=SUCCESS |  
2019-09-05 09:23:23,865 | INFO  | DNAudit | user=null | ip=null | op=PUT_BLOCK {blockData=[blockId=conID: 1 locID: 102739175265927681 bcsId: 0,size=1048576]} | ret=SUCCESS |  
2019-09-05 09:23:23,865 [grpc-default-executor-5] INFO  client.GrpcClientProtocolClient (GrpcClientProtocolClient.java:onNext(255)) - client-969FB6DA8C9A->4fcc8d53-44cb-4faf-b915-5afa0c7529d4: receive RaftClientReply:client-969FB6DA8C9A->4fcc8d53-44cb-4faf-b915-5afa0c7529d4@group-6A615BAE1DD1, cid=1695, SUCCESS, logIndex=2419, commits[4fcc8d53-44cb-4faf-b915-5afa0c7529d4:c2422, 48aa5eb4-709c-4003-adb5-fbc02723cd23:c2418, 609a8cf1-6ad3-4123-b94a-106ad93148a8:c2418]
2019-09-05 09:23:23,865 | INFO  | DNAudit | user=null | ip=null | op=WRITE_CHUNK {blockData=conID: 1 locID: 102739175265927681 bcsId: 0} | ret=SUCCESS |  
2019-09-05 09:23:23,865 | INFO  | DNAudit | user=null | ip=null | op=PUT_BLOCK {blockData=[blockId=conID: 1 locID: 102739175265927681 bcsId: 0,size=2097152]} | ret=SUCCESS |  
2019-09-05 09:23:23,865 [grpc-default-executor-5] INFO  client.GrpcClientProtocolClient (GrpcClientProtocolClient.java:onNext(255)) - client-969FB6DA8C9A->4fcc8d53-44cb-4faf-b915-5afa0c7529d4: receive RaftClientReply:client-969FB6DA8C9A->4fcc8d53-44cb-4faf-b915-5afa0c7529d4@group-6A615BAE1DD1, cid=1696, SUCCESS, logIndex=2420, commits[4fcc8d53-44cb-4faf-b915-5afa0c7529d4:c2422, 48aa5eb4-709c-4003-adb5-fbc02723cd23:c2418, 609a8cf1-6ad3-4123-b94a-106ad93148a8:c2418]
2019-09-05 09:23:23,865 [grpc-default-executor-5] INFO  client.GrpcClientProtocolClient (GrpcClientProtocolClient.java:onNext(255)) - client-969FB6DA8C9A->4fcc8d53-44cb-4faf-b915-5afa0c7529d4: receive RaftClientReply:client-969FB6DA8C9A->4fcc8d53-44cb-4faf-b915-5afa0c7529d4@group-6A615BAE1DD1, cid=1697, SUCCESS, logIndex=2421, commits[4fcc8d53-44cb-4faf-b915-5afa0c7529d4:c2422, 48aa5eb4-709c-4003-adb5-fbc02723cd23:c2418, 609a8cf1-6ad3-4123-b94a-106ad93148a8:c2418]
2019-09-05 09:23:23,866 [grpc-default-executor-5] INFO  client.GrpcClientProtocolClient (GrpcClientProtocolClient.java:onNext(255)) - client-969FB6DA8C9A->4fcc8d53-44cb-4faf-b915-5afa0c7529d4: receive RaftClientReply:client-969FB6DA8C9A->4fcc8d53-44cb-4faf-b915-5afa0c7529d4@group-6A615BAE1DD1, cid=1698, SUCCESS, logIndex=2422, commits[4fcc8d53-44cb-4faf-b915-5afa0c7529d4:c2422, 48aa5eb4-709c-4003-adb5-fbc02723cd23:c2418, 609a8cf1-6ad3-4123-b94a-106ad93148a8:c2418]
2019-09-05 09:23:23,876 | INFO  | DNAudit | user=null | ip=null | op=WRITE_CHUNK {blockData=conID: 1 locID: 102739175265927681 bcsId: 0} | ret=SUCCESS |  
2019-09-05 09:23:23,876 | INFO  | DNAudit | user=null | ip=null | op=WRITE_CHUNK {blockData=conID: 1 locID: 102739175265927681 bcsId: 0} | ret=SUCCESS |  
2019-09-05 09:23:23,877 | INFO  | DNAudit | user=null | ip=null | op=PUT_BLOCK {blockData=[blockId=conID: 1 locID: 102739175265927681 bcsId: 0,size=1048576]} | ret=SUCCESS |  
2019-09-05 09:23:23,877 | INFO  | DNAudit | user=null | ip=null | op=PUT_BLOCK {blockData=[blockId=conID: 1 locID: 102739175265927681 bcsId: 0,size=1048576]} | ret=SUCCESS |  
2019-09-05 09:23:23,877 | INFO  | DNAudit | user=null | ip=null | op=WRITE_CHUNK {blockData=conID: 1 locID: 102739175265927681 bcsId: 0} | ret=SUCCESS |  
2019-09-05 09:23:23,877 | INFO  | DNAudit | user=null | ip=null | op=WRITE_CHUNK {blockData=conID: 1 locID: 102739175265927681 bcsId: 0} | ret=SUCCESS |  
2019-09-05 09:23:23,877 | INFO  | DNAudit | user=null | ip=null | op=PUT_BLOCK {blockData=[blockId=conID: 1 locID: 102739175265927681 bcsId: 0,size=2097152]} | ret=SUCCESS |  
2019-09-05 09:23:23,877 | INFO  | DNAudit | user=null | ip=null | op=PUT_BLOCK {blockData=[blockId=conID: 1 locID: 102739175265927681 bcsId: 0,size=2097152]} | ret=SUCCESS |  
2019-09-05 09:23:23,878 [grpc-default-executor-0] INFO  client.GrpcClientProtocolClient (GrpcClientProtocolClient.java:onNext(255)) - client-969FB6DA8C9A->4fcc8d53-44cb-4faf-b915-5afa0c7529d4: receive RaftClientReply:client-969FB6DA8C9A->4fcc8d53-44cb-4faf-b915-5afa0c7529d4@group-6A615BAE1DD1, cid=1699, SUCCESS, logIndex=0, commits[4fcc8d53-44cb-4faf-b915-5afa0c7529d4:c2425, 48aa5eb4-709c-4003-adb5-fbc02723cd23:c2421, 609a8cf1-6ad3-4123-b94a-106ad93148a8:c2422]
2019-09-05 09:23:23,885 | INFO  | DNAudit | user=null | ip=null | op=WRITE_CHUNK {blockData=conID: 1 locID: 102739175265927681 bcsId: 2422} | ret=SUCCESS |  
2019-09-05 09:23:23,887 | INFO  | DNAudit | user=null | ip=null | op=WRITE_CHUNK {blockData=conID: 1 locID: 102739175265927681 bcsId: 2422} | ret=SUCCESS |  
2019-09-05 09:23:23,888 | INFO  | DNAudit | user=null | ip=null | op=WRITE_CHUNK {blockData=conID: 1 locID: 102739175265927681 bcsId: 2422} | ret=SUCCESS |  
2019-09-05 09:23:23,904 | INFO  | DNAudit | user=null | ip=null | op=WRITE_CHUNK {blockData=conID: 1 locID: 102739175265927681 bcsId: 2422} | ret=SUCCESS |  
2019-09-05 09:23:23,904 | INFO  | DNAudit | user=null | ip=null | op=PUT_BLOCK {blockData=[blockId=conID: 1 locID: 102739175265927681 bcsId: 0,size=3145728]} | ret=SUCCESS |  
2019-09-05 09:23:23,905 [grpc-default-executor-5] INFO  client.GrpcClientProtocolClient (GrpcClientProtocolClient.java:onNext(255)) - client-969FB6DA8C9A->4fcc8d53-44cb-4faf-b915-5afa0c7529d4: receive RaftClientReply:client-969FB6DA8C9A->4fcc8d53-44cb-4faf-b915-5afa0c7529d4@group-6A615BAE1DD1, cid=1700, SUCCESS, logIndex=2427, commits[4fcc8d53-44cb-4faf-b915-5afa0c7529d4:c2428, 48aa5eb4-709c-4003-adb5-fbc02723cd23:c2426, 609a8cf1-6ad3-4123-b94a-106ad93148a8:c2426]
2019-09-05 09:23:23,905 [grpc-default-executor-5] INFO  client.GrpcClientProtocolClient (GrpcClientProtocolClient.java:onNext(255)) - client-969FB6DA8C9A->4fcc8d53-44cb-4faf-b915-5afa0c7529d4: receive RaftClientReply:client-969FB6DA8C9A->4fcc8d53-44cb-4faf-b915-5afa0c7529d4@group-6A615BAE1DD1, cid=1701, SUCCESS, logIndex=2428, commits[4fcc8d53-44cb-4faf-b915-5afa0c7529d4:c2428, 48aa5eb4-709c-4003-adb5-fbc02723cd23:c2426, 609a8cf1-6ad3-4123-b94a-106ad93148a8:c2426]
2019-09-05 09:23:23,915 | INFO  | DNAudit | user=null | ip=null | op=WRITE_CHUNK {blockData=conID: 1 locID: 102739175265927681 bcsId: 2428} | ret=SUCCESS |  
2019-09-05 09:23:23,917 | INFO  | DNAudit | user=null | ip=null | op=WRITE_CHUNK {blockData=conID: 1 locID: 102739175265927681 bcsId: 2428} | ret=SUCCESS |  
2019-09-05 09:23:23,917 | INFO  | DNAudit | user=null | ip=null | op=WRITE_CHUNK {blockData=conID: 1 locID: 102739175265927681 bcsId: 2428} | ret=SUCCESS |  
2019-09-05 09:23:23,929 | INFO  | DNAudit | user=null | ip=null | op=WRITE_CHUNK {blockData=conID: 1 locID: 102739175265927681 bcsId: 2422} | ret=SUCCESS |  
2019-09-05 09:23:23,929 | INFO  | DNAudit | user=null | ip=null | op=WRITE_CHUNK {blockData=conID: 1 locID: 102739175265927681 bcsId: 2422} | ret=SUCCESS |  
2019-09-05 09:23:23,930 | INFO  | DNAudit | user=null | ip=null | op=PUT_BLOCK {blockData=[blockId=conID: 1 locID: 102739175265927681 bcsId: 0,size=3145728]} | ret=SUCCESS |  
2019-09-05 09:23:23,930 | INFO  | DNAudit | user=null | ip=null | op=PUT_BLOCK {blockData=[blockId=conID: 1 locID: 102739175265927681 bcsId: 0,size=3145728]} | ret=SUCCESS |  
2019-09-05 09:23:23,932 | INFO  | DNAudit | user=null | ip=null | op=WRITE_CHUNK {blockData=conID: 1 locID: 102739175265927681 bcsId: 2428} | ret=SUCCESS |  
2019-09-05 09:23:23,932 | INFO  | DNAudit | user=null | ip=null | op=PUT_BLOCK {blockData=[blockId=conID: 1 locID: 102739175265927681 bcsId: 0,size=4194304]} | ret=SUCCESS |  
2019-09-05 09:23:23,932 [grpc-default-executor-5] INFO  client.GrpcClientProtocolClient (GrpcClientProtocolClient.java:onNext(255)) - client-969FB6DA8C9A->4fcc8d53-44cb-4faf-b915-5afa0c7529d4: receive RaftClientReply:client-969FB6DA8C9A->4fcc8d53-44cb-4faf-b915-5afa0c7529d4@group-6A615BAE1DD1, cid=1702, SUCCESS, logIndex=2431, commits[4fcc8d53-44cb-4faf-b915-5afa0c7529d4:c2432, 48aa5eb4-709c-4003-adb5-fbc02723cd23:c2428, 609a8cf1-6ad3-4123-b94a-106ad93148a8:c2428]
2019-09-05 09:23:23,933 [grpc-default-executor-5] INFO  client.GrpcClientProtocolClient (GrpcClientProtocolClient.java:onNext(255)) - client-969FB6DA8C9A->4fcc8d53-44cb-4faf-b915-5afa0c7529d4: receive RaftClientReply:client-969FB6DA8C9A->4fcc8d53-44cb-4faf-b915-5afa0c7529d4@group-6A615BAE1DD1, cid=1703, SUCCESS, logIndex=2432, commits[4fcc8d53-44cb-4faf-b915-5afa0c7529d4:c2432, 48aa5eb4-709c-4003-adb5-fbc02723cd23:c2428, 609a8cf1-6ad3-4123-b94a-106ad93148a8:c2428]
2019-09-05 09:23:23,985 | INFO  | DNAudit | user=null | ip=null | op=WRITE_CHUNK {blockData=conID: 1 locID: 102739175265927681 bcsId: 2428} | ret=SUCCESS |  
2019-09-05 09:23:23,985 | INFO  | DNAudit | user=null | ip=null | op=WRITE_CHUNK {blockData=conID: 1 locID: 102739175265927681 bcsId: 2428} | ret=SUCCESS |  
2019-09-05 09:23:23,985 | INFO  | DNAudit | user=null | ip=null | op=PUT_BLOCK {blockData=[blockId=conID: 1 locID: 102739175265927681 bcsId: 0,size=4194304]} | ret=SUCCESS |  
2019-09-05 09:23:23,986 | INFO  | DNAudit | user=null | ip=null | op=PUT_BLOCK {blockData=[blockId=conID: 1 locID: 102739175265927681 bcsId: 0,size=4194304]} | ret=SUCCESS |  
2019-09-05 09:23:23,986 [grpc-default-executor-4] INFO  client.GrpcClientProtocolClient (GrpcClientProtocolClient.java:onNext(255)) - client-969FB6DA8C9A->4fcc8d53-44cb-4faf-b915-5afa0c7529d4: receive RaftClientReply:client-969FB6DA8C9A->4fcc8d53-44cb-4faf-b915-5afa0c7529d4@group-6A615BAE1DD1, cid=1704, SUCCESS, logIndex=0, commits[4fcc8d53-44cb-4faf-b915-5afa0c7529d4:c2433, 48aa5eb4-709c-4003-adb5-fbc02723cd23:c2432, 609a8cf1-6ad3-4123-b94a-106ad93148a8:c2432]
2019-09-05 09:23:23,991 | INFO  | SCMAudit | user=jenkins1000 | ip=192.168.36.69 | op=ALLOCATE_BLOCK {owner=5cf4fcf6-c517-45f4-af25-2fff646d8883, size=4194304, type=RATIS, factor=THREE} | ret=SUCCESS |  
2019-09-05 09:23:23,993 | INFO  | OMAudit | user=jenkins1000 | ip=127.0.0.1 | op=ALLOCATE_BLOCK {volume=vol-0-13331, bucket=bucket-0-43606, key=key-0-76526, dataSize=0, replicationType=null, replicationFactor=null, keyLocationInfo=null, clientID=102739173903106450} | ret=SUCCESS |  
2019-09-05 09:23:24,001 | INFO  | DNAudit | user=null | ip=null | op=WRITE_CHUNK {blockData=conID: 2 locID: 102739175275954690 bcsId: 0} | ret=SUCCESS |  
2019-09-05 09:23:24,004 | INFO  | DNAudit | user=null | ip=null | op=WRITE_CHUNK {blockData=conID: 2 locID: 102739175275954690 bcsId: 0} | ret=SUCCESS |  
2019-09-05 09:23:24,005 | INFO  | DNAudit | user=null | ip=null | op=WRITE_CHUNK {blockData=conID: 2 locID: 102739175275954690 bcsId: 0} | ret=SUCCESS |  
2019-09-05 09:23:24,005 | INFO  | DNAudit | user=null | ip=null | op=WRITE_CHUNK {blockData=conID: 2 locID: 102739175275954690 bcsId: 0} | ret=SUCCESS |  
2019-09-05 09:23:24,006 | INFO  | DNAudit | user=null | ip=null | op=WRITE_CHUNK {blockData=conID: 2 locID: 102739175275954690 bcsId: 0} | ret=SUCCESS |  
2019-09-05 09:23:24,007 | INFO  | DNAudit | user=null | ip=null | op=WRITE_CHUNK {blockData=conID: 2 locID: 102739175275954690 bcsId: 0} | ret=SUCCESS |  
2019-09-05 09:23:24,019 | INFO  | DNAudit | user=null | ip=null | op=WRITE_CHUNK {blockData=conID: 2 locID: 102739175275954690 bcsId: 0} | ret=SUCCESS |  
2019-09-05 09:23:24,019 | INFO  | DNAudit | user=null | ip=null | op=PUT_BLOCK {blockData=[blockId=conID: 2 locID: 102739175275954690 bcsId: 0,size=1048576]} | ret=SUCCESS |  
2019-09-05 09:23:24,019 [grpc-default-executor-5] INFO  client.GrpcClientProtocolClient (GrpcClientProtocolClient.java:onNext(255)) - client-969FB6DA8C9A->4fcc8d53-44cb-4faf-b915-5afa0c7529d4: receive RaftClientReply:client-969FB6DA8C9A->4fcc8d53-44cb-4faf-b915-5afa0c7529d4@group-6A615BAE1DD1, cid=1705, SUCCESS, logIndex=2435, commits[4fcc8d53-44cb-4faf-b915-5afa0c7529d4:c2436, 48aa5eb4-709c-4003-adb5-fbc02723cd23:c2434, 609a8cf1-6ad3-4123-b94a-106ad93148a8:c2434]
2019-09-05 09:23:24,020 | INFO  | DNAudit | user=null | ip=null | op=WRITE_CHUNK {blockData=conID: 2 locID: 102739175275954690 bcsId: 0} | ret=SUCCESS |  
2019-09-05 09:23:24,020 | INFO  | DNAudit | user=null | ip=null | op=PUT_BLOCK {blockData=[blockId=conID: 2 locID: 102739175275954690 bcsId: 0,size=2097152]} | ret=SUCCESS |  
2019-09-05 09:23:24,020 [grpc-default-executor-4] INFO  client.GrpcClientProtocolClient (GrpcClientProtocolClient.java:onNext(255)) - client-969FB6DA8C9A->4fcc8d53-44cb-4faf-b915-5afa0c7529d4: receive RaftClientReply:client-969FB6DA8C9A->4fcc8d53-44cb-4faf-b915-5afa0c7529d4@group-6A615BAE1DD1, cid=1706, SUCCESS, logIndex=2436, commits[4fcc8d53-44cb-4faf-b915-5afa0c7529d4:c2438, 48aa5eb4-709c-4003-adb5-fbc02723cd23:c2434, 609a8cf1-6ad3-4123-b94a-106ad93148a8:c2434]
2019-09-05 09:23:24,020 [grpc-default-executor-4] INFO  client.GrpcClientProtocolClient (GrpcClientProtocolClient.java:onNext(255)) - client-969FB6DA8C9A->4fcc8d53-44cb-4faf-b915-5afa0c7529d4: receive RaftClientReply:client-969FB6DA8C9A->4fcc8d53-44cb-4faf-b915-5afa0c7529d4@group-6A615BAE1DD1, cid=1707, SUCCESS, logIndex=2437, commits[4fcc8d53-44cb-4faf-b915-5afa0c7529d4:c2438, 48aa5eb4-709c-4003-adb5-fbc02723cd23:c2434, 609a8cf1-6ad3-4123-b94a-106ad93148a8:c2434]
2019-09-05 09:23:24,021 [grpc-default-executor-4] INFO  client.GrpcClientProtocolClient (GrpcClientProtocolClient.java:onNext(255)) - client-969FB6DA8C9A->4fcc8d53-44cb-4faf-b915-5afa0c7529d4: receive RaftClientReply:client-969FB6DA8C9A->4fcc8d53-44cb-4faf-b915-5afa0c7529d4@group-6A615BAE1DD1, cid=1708, SUCCESS, logIndex=2438, commits[4fcc8d53-44cb-4faf-b915-5afa0c7529d4:c2438, 48aa5eb4-709c-4003-adb5-fbc02723cd23:c2434, 609a8cf1-6ad3-4123-b94a-106ad93148a8:c2434]
2019-09-05 09:23:24,021 | INFO  | DNAudit | user=null | ip=null | op=WRITE_CHUNK {blockData=conID: 2 locID: 102739175275954690 bcsId: 0} | ret=SUCCESS |  
2019-09-05 09:23:24,021 | INFO  | DNAudit | user=null | ip=null | op=WRITE_CHUNK {blockData=conID: 2 locID: 102739175275954690 bcsId: 0} | ret=SUCCESS |  
2019-09-05 09:23:24,021 | INFO  | DNAudit | user=null | ip=null | op=PUT_BLOCK {blockData=[blockId=conID: 2 locID: 102739175275954690 bcsId: 0,size=1048576]} | ret=SUCCESS |  
2019-09-05 09:23:24,021 | INFO  | DNAudit | user=null | ip=null | op=PUT_BLOCK {blockData=[blockId=conID: 2 locID: 102739175275954690 bcsId: 0,size=1048576]} | ret=SUCCESS |  
2019-09-05 09:23:24,021 | INFO  | DNAudit | user=null | ip=null | op=WRITE_CHUNK {blockData=conID: 2 locID: 102739175275954690 bcsId: 0} | ret=SUCCESS |  
2019-09-05 09:23:24,022 [grpc-default-executor-4] INFO  client.GrpcClientProtocolClient (GrpcClientProtocolClient.java:onNext(255)) - client-969FB6DA8C9A->4fcc8d53-44cb-4faf-b915-5afa0c7529d4: receive RaftClientReply:client-969FB6DA8C9A->4fcc8d53-44cb-4faf-b915-5afa0c7529d4@group-6A615BAE1DD1, cid=1709, SUCCESS, logIndex=0, commits[4fcc8d53-44cb-4faf-b915-5afa0c7529d4:c2440, 48aa5eb4-709c-4003-adb5-fbc02723cd23:c2436, 609a8cf1-6ad3-4123-b94a-106ad93148a8:c2436]
2019-09-05 09:23:24,022 | INFO  | DNAudit | user=null | ip=null | op=WRITE_CHUNK {blockData=conID: 2 locID: 102739175275954690 bcsId: 0} | ret=SUCCESS |  
2019-09-05 09:23:24,023 | INFO  | DNAudit | user=null | ip=null | op=PUT_BLOCK {blockData=[blockId=conID: 2 locID: 102739175275954690 bcsId: 0,size=2097152]} | ret=SUCCESS |  
2019-09-05 09:23:24,023 | INFO  | DNAudit | user=null | ip=null | op=PUT_BLOCK {blockData=[blockId=conID: 2 locID: 102739175275954690 bcsId: 0,size=2097152]} | ret=SUCCESS |  
2019-09-05 09:23:24,031 | INFO  | DNAudit | user=null | ip=null | op=WRITE_CHUNK {blockData=conID: 2 locID: 102739175275954690 bcsId: 2438} | ret=SUCCESS |  
2019-09-05 09:23:24,033 | INFO  | DNAudit | user=null | ip=null | op=WRITE_CHUNK {blockData=conID: 2 locID: 102739175275954690 bcsId: 2438} | ret=SUCCESS |  
2019-09-05 09:23:24,034 | INFO  | DNAudit | user=null | ip=null | op=WRITE_CHUNK {blockData=conID: 2 locID: 102739175275954690 bcsId: 2438} | ret=SUCCESS |  
2019-09-05 09:23:24,055 | INFO  | DNAudit | user=null | ip=null | op=WRITE_CHUNK {blockData=conID: 2 locID: 102739175275954690 bcsId: 2438} | ret=SUCCESS |  
2019-09-05 09:23:24,056 | INFO  | DNAudit | user=null | ip=null | op=PUT_BLOCK {blockData=[blockId=conID: 2 locID: 102739175275954690 bcsId: 0,size=3145728]} | ret=SUCCESS |  
2019-09-05 09:23:24,056 [grpc-default-executor-3] INFO  client.GrpcClientProtocolClient (GrpcClientProtocolClient.java:onNext(255)) - client-969FB6DA8C9A->4fcc8d53-44cb-4faf-b915-5afa0c7529d4: receive RaftClientReply:client-969FB6DA8C9A->4fcc8d53-44cb-4faf-b915-5afa0c7529d4@group-6A615BAE1DD1, cid=1710, SUCCESS, logIndex=2443, commits[4fcc8d53-44cb-4faf-b915-5afa0c7529d4:c2444, 48aa5eb4-709c-4003-adb5-fbc02723cd23:c2442, 609a8cf1-6ad3-4123-b94a-106ad93148a8:c2442]
2019-09-05 09:23:24,056 [grpc-default-executor-3] INFO  client.GrpcClientProtocolClient (GrpcClientProtocolClient.java:onNext(255)) - client-969FB6DA8C9A->4fcc8d53-44cb-4faf-b915-5afa0c7529d4: receive RaftClientReply:client-969FB6DA8C9A->4fcc8d53-44cb-4faf-b915-5afa0c7529d4@group-6A615BAE1DD1, cid=1711, SUCCESS, logIndex=2444, commits[4fcc8d53-44cb-4faf-b915-5afa0c7529d4:c2444, 48aa5eb4-709c-4003-adb5-fbc02723cd23:c2442, 609a8cf1-6ad3-4123-b94a-106ad93148a8:c2442]
2019-09-05 09:23:24,057 | INFO  | DNAudit | user=null | ip=null | op=WRITE_CHUNK {blockData=conID: 2 locID: 102739175275954690 bcsId: 2438} | ret=SUCCESS |  
2019-09-05 09:23:24,057 | INFO  | DNAudit | user=null | ip=null | op=WRITE_CHUNK {blockData=conID: 2 locID: 102739175275954690 bcsId: 2438} | ret=SUCCESS |  
2019-09-05 09:23:24,057 | INFO  | DNAudit | user=null | ip=null | op=PUT_BLOCK {blockData=[blockId=conID: 2 locID: 102739175275954690 bcsId: 0,size=3145728]} | ret=SUCCESS |  
2019-09-05 09:23:24,057 | INFO  | DNAudit | user=null | ip=null | op=PUT_BLOCK {blockData=[blockId=conID: 2 locID: 102739175275954690 bcsId: 0,size=3145728]} | ret=SUCCESS |  
2019-09-05 09:23:24,063 | INFO  | DNAudit | user=null | ip=null | op=WRITE_CHUNK {blockData=conID: 2 locID: 102739175275954690 bcsId: 2444} | ret=SUCCESS |  
2019-09-05 09:23:24,065 | INFO  | DNAudit | user=null | ip=null | op=WRITE_CHUNK {blockData=conID: 2 locID: 102739175275954690 bcsId: 2444} | ret=SUCCESS |  
2019-09-05 09:23:24,065 | INFO  | DNAudit | user=null | ip=null | op=WRITE_CHUNK {blockData=conID: 2 locID: 102739175275954690 bcsId: 2444} | ret=SUCCESS |  
2019-09-05 09:23:24,070 | INFO  | DNAudit | user=null | ip=null | op=WRITE_CHUNK {blockData=conID: 2 locID: 102739175275954690 bcsId: 2444} | ret=SUCCESS |  
2019-09-05 09:23:24,070 | INFO  | DNAudit | user=null | ip=null | op=PUT_BLOCK {blockData=[blockId=conID: 2 locID: 102739175275954690 bcsId: 0,size=4194304]} | ret=SUCCESS |  
2019-09-05 09:23:24,070 [grpc-default-executor-4] INFO  client.GrpcClientProtocolClient (GrpcClientProtocolClient.java:onNext(255)) - client-969FB6DA8C9A->4fcc8d53-44cb-4faf-b915-5afa0c7529d4: receive RaftClientReply:client-969FB6DA8C9A->4fcc8d53-44cb-4faf-b915-5afa0c7529d4@group-6A615BAE1DD1, cid=1712, SUCCESS, logIndex=2447, commits[4fcc8d53-44cb-4faf-b915-5afa0c7529d4:c2448, 48aa5eb4-709c-4003-adb5-fbc02723cd23:c2446, 609a8cf1-6ad3-4123-b94a-106ad93148a8:c2446]
2019-09-05 09:23:24,071 [grpc-default-executor-4] INFO  client.GrpcClientProtocolClient (GrpcClientProtocolClient.java:onNext(255)) - client-969FB6DA8C9A->4fcc8d53-44cb-4faf-b915-5afa0c7529d4: receive RaftClientReply:client-969FB6DA8C9A->4fcc8d53-44cb-4faf-b915-5afa0c7529d4@group-6A615BAE1DD1, cid=1713, SUCCESS, logIndex=2448, commits[4fcc8d53-44cb-4faf-b915-5afa0c7529d4:c2448, 48aa5eb4-709c-4003-adb5-fbc02723cd23:c2446, 609a8cf1-6ad3-4123-b94a-106ad93148a8:c2446]
2019-09-05 09:23:24,082 | INFO  | DNAudit | user=null | ip=null | op=WRITE_CHUNK {blockData=conID: 2 locID: 102739175275954690 bcsId: 2444} | ret=SUCCESS |  
2019-09-05 09:23:24,083 | INFO  | DNAudit | user=null | ip=null | op=WRITE_CHUNK {blockData=conID: 2 locID: 102739175275954690 bcsId: 2444} | ret=SUCCESS |  
2019-09-05 09:23:24,093 | INFO  | DNAudit | user=null | ip=null | op=PUT_BLOCK {blockData=[blockId=conID: 2 locID: 102739175275954690 bcsId: 0,size=4194304]} | ret=SUCCESS |  
2019-09-05 09:23:24,094 | INFO  | DNAudit | user=null | ip=null | op=PUT_BLOCK {blockData=[blockId=conID: 2 locID: 102739175275954690 bcsId: 0,size=4194304]} | ret=SUCCESS |  
2019-09-05 09:23:24,094 [grpc-default-executor-4] INFO  client.GrpcClientProtocolClient (GrpcClientProtocolClient.java:onNext(255)) - client-969FB6DA8C9A->4fcc8d53-44cb-4faf-b915-5afa0c7529d4: receive RaftClientReply:client-969FB6DA8C9A->4fcc8d53-44cb-4faf-b915-5afa0c7529d4@group-6A615BAE1DD1, cid=1714, SUCCESS, logIndex=0, commits[4fcc8d53-44cb-4faf-b915-5afa0c7529d4:c2450, 48aa5eb4-709c-4003-adb5-fbc02723cd23:c2448, 609a8cf1-6ad3-4123-b94a-106ad93148a8:c2448]
2019-09-05 09:23:24,098 | INFO  | SCMAudit | user=jenkins1000 | ip=192.168.36.69 | op=ALLOCATE_BLOCK {owner=5cf4fcf6-c517-45f4-af25-2fff646d8883, size=4194304, type=RATIS, factor=THREE} | ret=SUCCESS |  
2019-09-05 09:23:24,100 | INFO  | OMAudit | user=jenkins1000 | ip=127.0.0.1 | op=ALLOCATE_BLOCK {volume=vol-0-13331, bucket=bucket-0-43606, key=key-0-76526, dataSize=0, replicationType=null, replicationFactor=null, keyLocationInfo=null, clientID=102739173903106450} | ret=SUCCESS |  
2019-09-05 09:23:24,107 | INFO  | DNAudit | user=null | ip=null | op=WRITE_CHUNK {blockData=conID: 3 locID: 102739175282967043 bcsId: 0} | ret=SUCCESS |  
 0.00% |█                                                                                                    |  0/1 Time: 0:00:212019-09-05 09:23:24,237 | INFO  | SCMAudit | user=jenkins1000 | ip=192.168.36.69 | op=SEND_HEARTBEAT {datanodeUUID=609a8cf1-6ad3-4123-b94a-106ad93148a8, command=[]} | ret=SUCCESS |  
2019-09-05 09:23:24,237 | INFO  | SCMAudit | user=jenkins1000 | ip=192.168.36.69 | op=SEND_HEARTBEAT {datanodeUUID=4fcc8d53-44cb-4faf-b915-5afa0c7529d4, command=[]} | ret=SUCCESS |  
2019-09-05 09:23:24,237 | INFO  | SCMAudit | user=jenkins1000 | ip=192.168.36.69 | op=SEND_HEARTBEAT {datanodeUUID=48aa5eb4-709c-4003-adb5-fbc02723cd23, command=[]} | ret=SUCCESS |  
2019-09-05 09:23:24,237 | INFO  | DNAudit | user=null | ip=null | op=WRITE_CHUNK {blockData=conID: 3 locID: 102739175282967043 bcsId: 0} | ret=SUCCESS |  
2019-09-05 09:23:24,237 | INFO  | DNAudit | user=null | ip=null | op=WRITE_CHUNK {blockData=conID: 3 locID: 102739175282967043 bcsId: 0} | ret=SUCCESS |  
2019-09-05 09:23:24,238 | INFO  | SCMAudit | user=jenkins1000 | ip=192.168.36.69 | op=SEND_HEARTBEAT {datanodeUUID=5b6cff60-1414-40d6-b682-781dc5ff3023, command=[]} | ret=SUCCESS |  
2019-09-05 09:23:24,240 | INFO  | DNAudit | user=null | ip=null | op=WRITE_CHUNK {blockData=conID: 3 locID: 102739175282967043 bcsId: 0} | ret=SUCCESS |  
2019-09-05 09:23:24,240 | INFO  | DNAudit | user=null | ip=null | op=WRITE_CHUNK {blockData=conID: 3 locID: 102739175282967043 bcsId: 0} | ret=SUCCESS |  
2019-09-05 09:23:24,243 | INFO  | DNAudit | user=null | ip=null | op=WRITE_CHUNK {blockData=conID: 3 locID: 102739175282967043 bcsId: 0} | ret=SUCCESS |  
2019-09-05 09:23:24,276 | INFO  | DNAudit | user=null | ip=null | op=WRITE_CHUNK {blockData=conID: 3 locID: 102739175282967043 bcsId: 0} | ret=SUCCESS |  
2019-09-05 09:23:24,276 | INFO  | DNAudit | user=null | ip=null | op=PUT_BLOCK {blockData=[blockId=conID: 3 locID: 102739175282967043 bcsId: 0,size=1048576]} | ret=SUCCESS |  
2019-09-05 09:23:24,276 [grpc-default-executor-0] INFO  client.GrpcClientProtocolClient (GrpcClientProtocolClient.java:onNext(255)) - client-969FB6DA8C9A->4fcc8d53-44cb-4faf-b915-5afa0c7529d4: receive RaftClientReply:client-969FB6DA8C9A->4fcc8d53-44cb-4faf-b915-5afa0c7529d4@group-6A615BAE1DD1, cid=1715, SUCCESS, logIndex=2451, commits[4fcc8d53-44cb-4faf-b915-5afa0c7529d4:c2453, 48aa5eb4-709c-4003-adb5-fbc02723cd23:c2450, 609a8cf1-6ad3-4123-b94a-106ad93148a8:c2450]
2019-09-05 09:23:24,277 | INFO  | DNAudit | user=null | ip=null | op=WRITE_CHUNK {blockData=conID: 3 locID: 102739175282967043 bcsId: 0} | ret=SUCCESS |  
2019-09-05 09:23:24,277 | INFO  | DNAudit | user=null | ip=null | op=PUT_BLOCK {blockData=[blockId=conID: 3 locID: 102739175282967043 bcsId: 0,size=2097152]} | ret=SUCCESS |  
2019-09-05 09:23:24,277 [grpc-default-executor-0] INFO  client.GrpcClientProtocolClient (GrpcClientProtocolClient.java:onNext(255)) - client-969FB6DA8C9A->4fcc8d53-44cb-4faf-b915-5afa0c7529d4: receive RaftClientReply:client-969FB6DA8C9A->4fcc8d53-44cb-4faf-b915-5afa0c7529d4@group-6A615BAE1DD1, cid=1716, SUCCESS, logIndex=2452, commits[4fcc8d53-44cb-4faf-b915-5afa0c7529d4:c2454, 48aa5eb4-709c-4003-adb5-fbc02723cd23:c2450, 609a8cf1-6ad3-4123-b94a-106ad93148a8:c2450]
2019-09-05 09:23:24,278 [grpc-default-executor-0] INFO  client.GrpcClientProtocolClient (GrpcClientProtocolClient.java:onNext(255)) - client-969FB6DA8C9A->4fcc8d53-44cb-4faf-b915-5afa0c7529d4: receive RaftClientReply:client-969FB6DA8C9A->4fcc8d53-44cb-4faf-b915-5afa0c7529d4@group-6A615BAE1DD1, cid=1717, SUCCESS, logIndex=2453, commits[4fcc8d53-44cb-4faf-b915-5afa0c7529d4:c2454, 48aa5eb4-709c-4003-adb5-fbc02723cd23:c2450, 609a8cf1-6ad3-4123-b94a-106ad93148a8:c2450]
2019-09-05 09:23:24,278 [grpc-default-executor-0] INFO  client.GrpcClientProtocolClient (GrpcClientProtocolClient.java:onNext(255)) - client-969FB6DA8C9A->4fcc8d53-44cb-4faf-b915-5afa0c7529d4: receive RaftClientReply:client-969FB6DA8C9A->4fcc8d53-44cb-4faf-b915-5afa0c7529d4@group-6A615BAE1DD1, cid=1718, SUCCESS, logIndex=2454, commits[4fcc8d53-44cb-4faf-b915-5afa0c7529d4:c2454, 48aa5eb4-709c-4003-adb5-fbc02723cd23:c2450, 609a8cf1-6ad3-4123-b94a-106ad93148a8:c2450]
2019-09-05 09:23:24,310 | INFO  | DNAudit | user=null | ip=null | op=WRITE_CHUNK {blockData=conID: 3 locID: 102739175282967043 bcsId: 0} | ret=SUCCESS |  
2019-09-05 09:23:24,310 | INFO  | DNAudit | user=null | ip=null | op=PUT_BLOCK {blockData=[blockId=conID: 3 locID: 102739175282967043 bcsId: 0,size=1048576]} | ret=SUCCESS |  
2019-09-05 09:23:24,311 | INFO  | DNAudit | user=null | ip=null | op=WRITE_CHUNK {blockData=conID: 3 locID: 102739175282967043 bcsId: 0} | ret=SUCCESS |  
2019-09-05 09:23:24,311 | INFO  | DNAudit | user=null | ip=null | op=PUT_BLOCK {blockData=[blockId=conID: 3 locID: 102739175282967043 bcsId: 0,size=1048576]} | ret=SUCCESS |  
2019-09-05 09:23:24,312 | INFO  | DNAudit | user=null | ip=null | op=WRITE_CHUNK {blockData=conID: 3 locID: 102739175282967043 bcsId: 0} | ret=SUCCESS |  
2019-09-05 09:23:24,312 | INFO  | DNAudit | user=null | ip=null | op=PUT_BLOCK {blockData=[blockId=conID: 3 locID: 102739175282967043 bcsId: 0,size=2097152]} | ret=SUCCESS |  
2019-09-05 09:23:24,312 | INFO  | DNAudit | user=null | ip=null | op=WRITE_CHUNK {blockData=conID: 3 locID: 102739175282967043 bcsId: 0} | ret=SUCCESS |  
2019-09-05 09:23:24,312 | INFO  | DNAudit | user=null | ip=null | op=PUT_BLOCK {blockData=[blockId=conID: 3 locID: 102739175282967043 bcsId: 0,size=2097152]} | ret=SUCCESS |  
2019-09-05 09:23:24,312 [grpc-default-executor-5] INFO  client.GrpcClientProtocolClient (GrpcClientProtocolClient.java:onNext(255)) - client-969FB6DA8C9A->4fcc8d53-44cb-4faf-b915-5afa0c7529d4: receive RaftClientReply:client-969FB6DA8C9A->4fcc8d53-44cb-4faf-b915-5afa0c7529d4@group-6A615BAE1DD1, cid=1719, SUCCESS, logIndex=0, commits[4fcc8d53-44cb-4faf-b915-5afa0c7529d4:c2455, 48aa5eb4-709c-4003-adb5-fbc02723cd23:c2452, 609a8cf1-6ad3-4123-b94a-106ad93148a8:c2452]
2019-09-05 09:23:24,320 | INFO  | DNAudit | user=null | ip=null | op=WRITE_CHUNK {blockData=conID: 3 locID: 102739175282967043 bcsId: 2454} | ret=SUCCESS |  
2019-09-05 09:23:24,322 | INFO  | DNAudit | user=null | ip=null | op=WRITE_CHUNK {blockData=conID: 3 locID: 102739175282967043 bcsId: 2454} | ret=SUCCESS |  
2019-09-05 09:23:24,322 | INFO  | DNAudit | user=null | ip=null | op=WRITE_CHUNK {blockData=conID: 3 locID: 102739175282967043 bcsId: 2454} | ret=SUCCESS |  
2019-09-05 09:23:24,438 | INFO  | DNAudit | user=null | ip=null | op=WRITE_CHUNK {blockData=conID: 3 locID: 102739175282967043 bcsId: 2454} | ret=SUCCESS |  
2019-09-05 09:23:24,439 | INFO  | DNAudit | user=null | ip=null | op=PUT_BLOCK {blockData=[blockId=conID: 3 locID: 102739175282967043 bcsId: 0,size=3145728]} | ret=SUCCESS |  
2019-09-05 09:23:24,439 [grpc-default-executor-5] INFO  client.GrpcClientProtocolClient (GrpcClientProtocolClient.java:onNext(255)) - client-969FB6DA8C9A->4fcc8d53-44cb-4faf-b915-5afa0c7529d4: receive RaftClientReply:client-969FB6DA8C9A->4fcc8d53-44cb-4faf-b915-5afa0c7529d4@group-6A615BAE1DD1, cid=1720, SUCCESS, logIndex=2459, commits[4fcc8d53-44cb-4faf-b915-5afa0c7529d4:c2460, 48aa5eb4-709c-4003-adb5-fbc02723cd23:c2458, 609a8cf1-6ad3-4123-b94a-106ad93148a8:c2458]
2019-09-05 09:23:24,439 [grpc-default-executor-5] INFO  client.GrpcClientProtocolClient (GrpcClientProtocolClient.java:onNext(255)) - client-969FB6DA8C9A->4fcc8d53-44cb-4faf-b915-5afa0c7529d4: receive RaftClientReply:client-969FB6DA8C9A->4fcc8d53-44cb-4faf-b915-5afa0c7529d4@group-6A615BAE1DD1, cid=1721, SUCCESS, logIndex=2460, commits[4fcc8d53-44cb-4faf-b915-5afa0c7529d4:c2460, 48aa5eb4-709c-4003-adb5-fbc02723cd23:c2458, 609a8cf1-6ad3-4123-b94a-106ad93148a8:c2458]
2019-09-05 09:23:24,447 | INFO  | DNAudit | user=null | ip=null | op=WRITE_CHUNK {blockData=conID: 3 locID: 102739175282967043 bcsId: 2460} | ret=SUCCESS |  
2019-09-05 09:23:24,448 | INFO  | DNAudit | user=null | ip=null | op=WRITE_CHUNK {blockData=conID: 3 locID: 102739175282967043 bcsId: 2460} | ret=SUCCESS |  
2019-09-05 09:23:24,449 | INFO  | DNAudit | user=null | ip=null | op=WRITE_CHUNK {blockData=conID: 3 locID: 102739175282967043 bcsId: 2460} | ret=SUCCESS |  
2019-09-05 09:23:24,459 | INFO  | DNAudit | user=null | ip=null | op=WRITE_CHUNK {blockData=conID: 3 locID: 102739175282967043 bcsId: 2454} | ret=SUCCESS |  
2019-09-05 09:23:24,459 | INFO  | DNAudit | user=null | ip=null | op=WRITE_CHUNK {blockData=conID: 3 locID: 102739175282967043 bcsId: 2454} | ret=SUCCESS |  
2019-09-05 09:23:24,460 | INFO  | DNAudit | user=null | ip=null | op=PUT_BLOCK {blockData=[blockId=conID: 3 locID: 102739175282967043 bcsId: 0,size=3145728]} | ret=SUCCESS |  
2019-09-05 09:23:24,460 | INFO  | DNAudit | user=null | ip=null | op=PUT_BLOCK {blockData=[blockId=conID: 3 locID: 102739175282967043 bcsId: 0,size=3145728]} | ret=SUCCESS |  
2019-09-05 09:23:24,461 | INFO  | DNAudit | user=null | ip=null | op=WRITE_CHUNK {blockData=conID: 3 locID: 102739175282967043 bcsId: 2460} | ret=SUCCESS |  
2019-09-05 09:23:24,461 | INFO  | DNAudit | user=null | ip=null | op=PUT_BLOCK {blockData=[blockId=conID: 3 locID: 102739175282967043 bcsId: 0,size=4194304]} | ret=SUCCESS |  
2019-09-05 09:23:24,461 [grpc-default-executor-0] INFO  client.GrpcClientProtocolClient (GrpcClientProtocolClient.java:onNext(255)) - client-969FB6DA8C9A->4fcc8d53-44cb-4faf-b915-5afa0c7529d4: receive RaftClientReply:client-969FB6DA8C9A->4fcc8d53-44cb-4faf-b915-5afa0c7529d4@group-6A615BAE1DD1, cid=1722, SUCCESS, logIndex=2463, commits[4fcc8d53-44cb-4faf-b915-5afa0c7529d4:c2464, 48aa5eb4-709c-4003-adb5-fbc02723cd23:c2460, 609a8cf1-6ad3-4123-b94a-106ad93148a8:c2460]
2019-09-05 09:23:24,462 [grpc-default-executor-0] INFO  client.GrpcClientProtocolClient (GrpcClientProtocolClient.java:onNext(255)) - client-969FB6DA8C9A->4fcc8d53-44cb-4faf-b915-5afa0c7529d4: receive RaftClientReply:client-969FB6DA8C9A->4fcc8d53-44cb-4faf-b915-5afa0c7529d4@group-6A615BAE1DD1, cid=1723, SUCCESS, logIndex=2464, commits[4fcc8d53-44cb-4faf-b915-5afa0c7529d4:c2464, 48aa5eb4-709c-4003-adb5-fbc02723cd23:c2460, 609a8cf1-6ad3-4123-b94a-106ad93148a8:c2460]
2019-09-05 09:23:24,481 | INFO  | DNAudit | user=null | ip=null | op=WRITE_CHUNK {blockData=conID: 3 locID: 102739175282967043 bcsId: 2460} | ret=SUCCESS |  
2019-09-05 09:23:24,481 | INFO  | DNAudit | user=null | ip=null | op=WRITE_CHUNK {blockData=conID: 3 locID: 102739175282967043 bcsId: 2460} | ret=SUCCESS |  
2019-09-05 09:23:24,482 | INFO  | DNAudit | user=null | ip=null | op=PUT_BLOCK {blockData=[blockId=conID: 3 locID: 102739175282967043 bcsId: 0,size=4194304]} | ret=SUCCESS |  
2019-09-05 09:23:24,482 | INFO  | DNAudit | user=null | ip=null | op=PUT_BLOCK {blockData=[blockId=conID: 3 locID: 102739175282967043 bcsId: 0,size=4194304]} | ret=SUCCESS |  
2019-09-05 09:23:24,482 [grpc-default-executor-0] INFO  client.GrpcClientProtocolClient (GrpcClientProtocolClient.java:onNext(255)) - client-969FB6DA8C9A->4fcc8d53-44cb-4faf-b915-5afa0c7529d4: receive RaftClientReply:client-969FB6DA8C9A->4fcc8d53-44cb-4faf-b915-5afa0c7529d4@group-6A615BAE1DD1, cid=1724, SUCCESS, logIndex=0, commits[4fcc8d53-44cb-4faf-b915-5afa0c7529d4:c2465, 48aa5eb4-709c-4003-adb5-fbc02723cd23:c2464, 609a8cf1-6ad3-4123-b94a-106ad93148a8:c2464]
2019-09-05 09:23:24,486 | INFO  | SCMAudit | user=jenkins1000 | ip=192.168.36.69 | op=ALLOCATE_BLOCK {owner=5cf4fcf6-c517-45f4-af25-2fff646d8883, size=4194304, type=RATIS, factor=THREE} | ret=SUCCESS |  
2019-09-05 09:23:24,488 | INFO  | OMAudit | user=jenkins1000 | ip=127.0.0.1 | op=ALLOCATE_BLOCK {volume=vol-0-13331, bucket=bucket-0-43606, key=key-0-76526, dataSize=0, replicationType=null, replicationFactor=null, keyLocationInfo=null, clientID=102739173903106450} | ret=SUCCESS |  
2019-09-05 09:23:24,494 | INFO  | DNAudit | user=null | ip=null | op=WRITE_CHUNK {blockData=conID: 1 locID: 102739175308395012 bcsId: 0} | ret=SUCCESS |  
2019-09-05 09:23:24,496 | INFO  | DNAudit | user=null | ip=null | op=WRITE_CHUNK {blockData=conID: 1 locID: 102739175308395012 bcsId: 0} | ret=SUCCESS |  
2019-09-05 09:23:24,497 | INFO  | DNAudit | user=null | ip=null | op=WRITE_CHUNK {blockData=conID: 1 locID: 102739175308395012 bcsId: 0} | ret=SUCCESS |  
2019-09-05 09:23:24,498 | INFO  | DNAudit | user=null | ip=null | op=WRITE_CHUNK {blockData=conID: 1 locID: 102739175308395012 bcsId: 0} | ret=SUCCESS |  
2019-09-05 09:23:24,498 | INFO  | DNAudit | user=null | ip=null | op=WRITE_CHUNK {blockData=conID: 1 locID: 102739175308395012 bcsId: 0} | ret=SUCCESS |  
2019-09-05 09:23:24,499 | INFO  | DNAudit | user=null | ip=null | op=WRITE_CHUNK {blockData=conID: 1 locID: 102739175308395012 bcsId: 0} | ret=SUCCESS |  
2019-09-05 09:23:24,501 | INFO  | DNAudit | user=null | ip=null | op=WRITE_CHUNK {blockData=conID: 1 locID: 102739175308395012 bcsId: 0} | ret=SUCCESS |  
2019-09-05 09:23:24,502 | INFO  | DNAudit | user=null | ip=null | op=PUT_BLOCK {blockData=[blockId=conID: 1 locID: 102739175308395012 bcsId: 0,size=1048576]} | ret=SUCCESS |  
2019-09-05 09:23:24,502 [grpc-default-executor-4] INFO  client.GrpcClientProtocolClient (GrpcClientProtocolClient.java:onNext(255)) - client-969FB6DA8C9A->4fcc8d53-44cb-4faf-b915-5afa0c7529d4: receive RaftClientReply:client-969FB6DA8C9A->4fcc8d53-44cb-4faf-b915-5afa0c7529d4@group-6A615BAE1DD1, cid=1725, SUCCESS, logIndex=2467, commits[4fcc8d53-44cb-4faf-b915-5afa0c7529d4:c2469, 48aa5eb4-709c-4003-adb5-fbc02723cd23:c2464, 609a8cf1-6ad3-4123-b94a-106ad93148a8:c2466]
2019-09-05 09:23:24,502 | INFO  | DNAudit | user=null | ip=null | op=WRITE_CHUNK {blockData=conID: 1 locID: 102739175308395012 bcsId: 0} | ret=SUCCESS |  
2019-09-05 09:23:24,502 | INFO  | DNAudit | user=null | ip=null | op=WRITE_CHUNK {blockData=conID: 1 locID: 102739175308395012 bcsId: 0} | ret=SUCCESS |  
2019-09-05 09:23:24,502 | INFO  | DNAudit | user=null | ip=null | op=PUT_BLOCK {blockData=[blockId=conID: 1 locID: 102739175308395012 bcsId: 0,size=1048576]} | ret=SUCCESS |  
2019-09-05 09:23:24,502 [grpc-default-executor-4] INFO  client.GrpcClientProtocolClient (GrpcClientProtocolClient.java:onNext(255)) - client-969FB6DA8C9A->4fcc8d53-44cb-4faf-b915-5afa0c7529d4: receive RaftClientReply:client-969FB6DA8C9A->4fcc8d53-44cb-4faf-b915-5afa0c7529d4@group-6A615BAE1DD1, cid=1726, SUCCESS, logIndex=2468, commits[4fcc8d53-44cb-4faf-b915-5afa0c7529d4:c2470, 48aa5eb4-709c-4003-adb5-fbc02723cd23:c2466, 609a8cf1-6ad3-4123-b94a-106ad93148a8:c2466]
2019-09-05 09:23:24,503 | INFO  | DNAudit | user=null | ip=null | op=PUT_BLOCK {blockData=[blockId=conID: 1 locID: 102739175308395012 bcsId: 0,size=2097152]} | ret=SUCCESS |  
2019-09-05 09:23:24,503 [grpc-default-executor-4] INFO  client.GrpcClientProtocolClient (GrpcClientProtocolClient.java:onNext(255)) - client-969FB6DA8C9A->4fcc8d53-44cb-4faf-b915-5afa0c7529d4: receive RaftClientReply:client-969FB6DA8C9A->4fcc8d53-44cb-4faf-b915-5afa0c7529d4@group-6A615BAE1DD1, cid=1727, SUCCESS, logIndex=2469, commits[4fcc8d53-44cb-4faf-b915-5afa0c7529d4:c2471, 48aa5eb4-709c-4003-adb5-fbc02723cd23:c2466, 609a8cf1-6ad3-4123-b94a-106ad93148a8:c2468]
2019-09-05 09:23:24,503 | INFO  | DNAudit | user=null | ip=null | op=WRITE_CHUNK {blockData=conID: 1 locID: 102739175308395012 bcsId: 0} | ret=SUCCESS |  
2019-09-05 09:23:24,503 [grpc-default-executor-4] INFO  client.GrpcClientProtocolClient (GrpcClientProtocolClient.java:onNext(255)) - client-969FB6DA8C9A->4fcc8d53-44cb-4faf-b915-5afa0c7529d4: receive RaftClientReply:client-969FB6DA8C9A->4fcc8d53-44cb-4faf-b915-5afa0c7529d4@group-6A615BAE1DD1, cid=1728, SUCCESS, logIndex=2470, commits[4fcc8d53-44cb-4faf-b915-5afa0c7529d4:c2471, 48aa5eb4-709c-4003-adb5-fbc02723cd23:c2466, 609a8cf1-6ad3-4123-b94a-106ad93148a8:c2468]
2019-09-05 09:23:24,503 | INFO  | DNAudit | user=null | ip=null | op=PUT_BLOCK {blockData=[blockId=conID: 1 locID: 102739175308395012 bcsId: 0,size=1048576]} | ret=SUCCESS |  
2019-09-05 09:23:24,504 [grpc-default-executor-4] INFO  client.GrpcClientProtocolClient (GrpcClientProtocolClient.java:onNext(255)) - client-969FB6DA8C9A->4fcc8d53-44cb-4faf-b915-5afa0c7529d4: receive RaftClientReply:client-969FB6DA8C9A->4fcc8d53-44cb-4faf-b915-5afa0c7529d4@group-6A615BAE1DD1, cid=1729, SUCCESS, logIndex=0, commits[4fcc8d53-44cb-4faf-b915-5afa0c7529d4:c2471, 48aa5eb4-709c-4003-adb5-fbc02723cd23:c2468, 609a8cf1-6ad3-4123-b94a-106ad93148a8:c2468]
2019-09-05 09:23:24,504 | INFO  | DNAudit | user=null | ip=null | op=WRITE_CHUNK {blockData=conID: 1 locID: 102739175308395012 bcsId: 0} | ret=SUCCESS |  
2019-09-05 09:23:24,505 | INFO  | DNAudit | user=null | ip=null | op=PUT_BLOCK {blockData=[blockId=conID: 1 locID: 102739175308395012 bcsId: 0,size=2097152]} | ret=SUCCESS |  
2019-09-05 09:23:24,505 | INFO  | DNAudit | user=null | ip=null | op=WRITE_CHUNK {blockData=conID: 1 locID: 102739175308395012 bcsId: 0} | ret=SUCCESS |  
2019-09-05 09:23:24,505 | INFO  | DNAudit | user=null | ip=null | op=PUT_BLOCK {blockData=[blockId=conID: 1 locID: 102739175308395012 bcsId: 0,size=2097152]} | ret=SUCCESS |  
2019-09-05 09:23:24,510 | INFO  | DNAudit | user=null | ip=null | op=WRITE_CHUNK {blockData=conID: 1 locID: 102739175308395012 bcsId: 2470} | ret=SUCCESS |  
2019-09-05 09:23:24,513 | INFO  | DNAudit | user=null | ip=null | op=WRITE_CHUNK {blockData=conID: 1 locID: 102739175308395012 bcsId: 2470} | ret=SUCCESS |  
2019-09-05 09:23:24,513 | INFO  | DNAudit | user=null | ip=null | op=WRITE_CHUNK {blockData=conID: 1 locID: 102739175308395012 bcsId: 2470} | ret=SUCCESS |  
2019-09-05 09:23:24,521 | INFO  | DNAudit | user=null | ip=null | op=WRITE_CHUNK {blockData=conID: 1 locID: 102739175308395012 bcsId: 2470} | ret=SUCCESS |  
2019-09-05 09:23:24,521 | INFO  | DNAudit | user=null | ip=null | op=PUT_BLOCK {blockData=[blockId=conID: 1 locID: 102739175308395012 bcsId: 0,size=3145728]} | ret=SUCCESS |  
2019-09-05 09:23:24,521 [grpc-default-executor-5] INFO  client.GrpcClientProtocolClient (GrpcClientProtocolClient.java:onNext(255)) - client-969FB6DA8C9A->4fcc8d53-44cb-4faf-b915-5afa0c7529d4: receive RaftClientReply:client-969FB6DA8C9A->4fcc8d53-44cb-4faf-b915-5afa0c7529d4@group-6A615BAE1DD1, cid=1730, SUCCESS, logIndex=2475, commits[4fcc8d53-44cb-4faf-b915-5afa0c7529d4:c2476, 48aa5eb4-709c-4003-adb5-fbc02723cd23:c2470, 609a8cf1-6ad3-4123-b94a-106ad93148a8:c2474]
2019-09-05 09:23:24,522 [grpc-default-executor-5] INFO  client.GrpcClientProtocolClient (GrpcClientProtocolClient.java:onNext(255)) - client-969FB6DA8C9A->4fcc8d53-44cb-4faf-b915-5afa0c7529d4: receive RaftClientReply:client-969FB6DA8C9A->4fcc8d53-44cb-4faf-b915-5afa0c7529d4@group-6A615BAE1DD1, cid=1731, SUCCESS, logIndex=2476, commits[4fcc8d53-44cb-4faf-b915-5afa0c7529d4:c2476, 48aa5eb4-709c-4003-adb5-fbc02723cd23:c2474, 609a8cf1-6ad3-4123-b94a-106ad93148a8:c2474]
2019-09-05 09:23:24,528 | INFO  | DNAudit | user=null | ip=null | op=WRITE_CHUNK {blockData=conID: 1 locID: 102739175308395012 bcsId: 2476} | ret=SUCCESS |  
2019-09-05 09:23:24,529 | INFO  | SCMAudit | user=jenkins1000 | ip=192.168.36.69 | op=SEND_HEARTBEAT {datanodeUUID=fe9e29a7-51ad-458f-9e11-f615da290baa, command=[]} | ret=SUCCESS |  
2019-09-05 09:23:24,530 | INFO  | DNAudit | user=null | ip=null | op=WRITE_CHUNK {blockData=conID: 1 locID: 102739175308395012 bcsId: 2476} | ret=SUCCESS |  
2019-09-05 09:23:24,531 | INFO  | DNAudit | user=null | ip=null | op=WRITE_CHUNK {blockData=conID: 1 locID: 102739175308395012 bcsId: 2476} | ret=SUCCESS |  
2019-09-05 09:23:24,532 | INFO  | DNAudit | user=null | ip=null | op=WRITE_CHUNK {blockData=conID: 1 locID: 102739175308395012 bcsId: 2470} | ret=SUCCESS |  
2019-09-05 09:23:24,532 | INFO  | DNAudit | user=null | ip=null | op=WRITE_CHUNK {blockData=conID: 1 locID: 102739175308395012 bcsId: 2470} | ret=SUCCESS |  
2019-09-05 09:23:24,533 | INFO  | DNAudit | user=null | ip=null | op=PUT_BLOCK {blockData=[blockId=conID: 1 locID: 102739175308395012 bcsId: 0,size=3145728]} | ret=SUCCESS |  
2019-09-05 09:23:24,533 | INFO  | DNAudit | user=null | ip=null | op=PUT_BLOCK {blockData=[blockId=conID: 1 locID: 102739175308395012 bcsId: 0,size=3145728]} | ret=SUCCESS |  
2019-09-05 09:23:24,534 | INFO  | DNAudit | user=null | ip=null | op=WRITE_CHUNK {blockData=conID: 1 locID: 102739175308395012 bcsId: 2476} | ret=SUCCESS |  
2019-09-05 09:23:24,534 | INFO  | DNAudit | user=null | ip=null | op=PUT_BLOCK {blockData=[blockId=conID: 1 locID: 102739175308395012 bcsId: 0,size=4194304]} | ret=SUCCESS |  
2019-09-05 09:23:24,535 [grpc-default-executor-3] INFO  client.GrpcClientProtocolClient (GrpcClientProtocolClient.java:onNext(255)) - client-969FB6DA8C9A->4fcc8d53-44cb-4faf-b915-5afa0c7529d4: receive RaftClientReply:client-969FB6DA8C9A->4fcc8d53-44cb-4faf-b915-5afa0c7529d4@group-6A615BAE1DD1, cid=1732, SUCCESS, logIndex=2479, commits[4fcc8d53-44cb-4faf-b915-5afa0c7529d4:c2480, 48aa5eb4-709c-4003-adb5-fbc02723cd23:c2476, 609a8cf1-6ad3-4123-b94a-106ad93148a8:c2476]
2019-09-05 09:23:24,535 [grpc-default-executor-3] INFO  client.GrpcClientProtocolClient (GrpcClientProtocolClient.java:onNext(255)) - client-969FB6DA8C9A->4fcc8d53-44cb-4faf-b915-5afa0c7529d4: receive RaftClientReply:client-969FB6DA8C9A->4fcc8d53-44cb-4faf-b915-5afa0c7529d4@group-6A615BAE1DD1, cid=1733, SUCCESS, logIndex=2480, commits[4fcc8d53-44cb-4faf-b915-5afa0c7529d4:c2480, 48aa5eb4-709c-4003-adb5-fbc02723cd23:c2476, 609a8cf1-6ad3-4123-b94a-106ad93148a8:c2476]
2019-09-05 09:23:24,541 | INFO  | DNAudit | user=null | ip=null | op=WRITE_CHUNK {blockData=conID: 1 locID: 102739175308395012 bcsId: 2476} | ret=SUCCESS |  
2019-09-05 09:23:24,541 | INFO  | DNAudit | user=null | ip=null | op=WRITE_CHUNK {blockData=conID: 1 locID: 102739175308395012 bcsId: 2476} | ret=SUCCESS |  
2019-09-05 09:23:24,542 | INFO  | DNAudit | user=null | ip=null | op=PUT_BLOCK {blockData=[blockId=conID: 1 locID: 102739175308395012 bcsId: 0,size=4194304]} | ret=SUCCESS |  
2019-09-05 09:23:24,542 | INFO  | DNAudit | user=null | ip=null | op=PUT_BLOCK {blockData=[blockId=conID: 1 locID: 102739175308395012 bcsId: 0,size=4194304]} | ret=SUCCESS |  
2019-09-05 09:23:24,542 [grpc-default-executor-3] INFO  client.GrpcClientProtocolClient (GrpcClientProtocolClient.java:onNext(255)) - client-969FB6DA8C9A->4fcc8d53-44cb-4faf-b915-5afa0c7529d4: receive RaftClientReply:client-969FB6DA8C9A->4fcc8d53-44cb-4faf-b915-5afa0c7529d4@group-6A615BAE1DD1, cid=1734, SUCCESS, logIndex=0, commits[4fcc8d53-44cb-4faf-b915-5afa0c7529d4:c2482, 48aa5eb4-709c-4003-adb5-fbc02723cd23:c2480, 609a8cf1-6ad3-4123-b94a-106ad93148a8:c2480]
2019-09-05 09:23:24,546 | INFO  | SCMAudit | user=jenkins1000 | ip=192.168.36.69 | op=ALLOCATE_BLOCK {owner=5cf4fcf6-c517-45f4-af25-2fff646d8883, size=4194304, type=RATIS, factor=THREE} | ret=SUCCESS |  
2019-09-05 09:23:24,549 | INFO  | OMAudit | user=jenkins1000 | ip=127.0.0.1 | op=ALLOCATE_BLOCK {volume=vol-0-13331, bucket=bucket-0-43606, key=key-0-76526, dataSize=0, replicationType=null, replicationFactor=null, keyLocationInfo=null, clientID=102739173903106450} | ret=SUCCESS |  
2019-09-05 09:23:24,555 | INFO  | DNAudit | user=null | ip=null | op=WRITE_CHUNK {blockData=conID: 2 locID: 102739175312327173 bcsId: 0} | ret=SUCCESS |  
2019-09-05 09:23:24,558 | INFO  | DNAudit | user=null | ip=null | op=WRITE_CHUNK {blockData=conID: 2 locID: 102739175312327173 bcsId: 0} | ret=SUCCESS |  
2019-09-05 09:23:24,558 | INFO  | DNAudit | user=null | ip=null | op=WRITE_CHUNK {blockData=conID: 2 locID: 102739175312327173 bcsId: 0} | ret=SUCCESS |  
2019-09-05 09:23:24,558 | INFO  | DNAudit | user=null | ip=null | op=WRITE_CHUNK {blockData=conID: 2 locID: 102739175312327173 bcsId: 0} | ret=SUCCESS |  
2019-09-05 09:23:24,559 | INFO  | DNAudit | user=null | ip=null | op=WRITE_CHUNK {blockData=conID: 2 locID: 102739175312327173 bcsId: 0} | ret=SUCCESS |  
2019-09-05 09:23:24,559 | INFO  | DNAudit | user=null | ip=null | op=WRITE_CHUNK {blockData=conID: 2 locID: 102739175312327173 bcsId: 0} | ret=SUCCESS |  
2019-09-05 09:23:24,573 | INFO  | DNAudit | user=null | ip=null | op=WRITE_CHUNK {blockData=conID: 2 locID: 102739175312327173 bcsId: 0} | ret=SUCCESS |  
2019-09-05 09:23:24,573 | INFO  | DNAudit | user=null | ip=null | op=PUT_BLOCK {blockData=[blockId=conID: 2 locID: 102739175312327173 bcsId: 0,size=1048576]} | ret=SUCCESS |  
2019-09-05 09:23:24,573 | INFO  | DNAudit | user=null | ip=null | op=WRITE_CHUNK {blockData=conID: 2 locID: 102739175312327173 bcsId: 0} | ret=SUCCESS |  
2019-09-05 09:23:24,573 [grpc-default-executor-3] INFO  client.GrpcClientProtocolClient (GrpcClientProtocolClient.java:onNext(255)) - client-969FB6DA8C9A->4fcc8d53-44cb-4faf-b915-5afa0c7529d4: receive RaftClientReply:client-969FB6DA8C9A->4fcc8d53-44cb-4faf-b915-5afa0c7529d4@group-6A615BAE1DD1, cid=1735, SUCCESS, logIndex=2483, commits[4fcc8d53-44cb-4faf-b915-5afa0c7529d4:c2485, 48aa5eb4-709c-4003-adb5-fbc02723cd23:c2482, 609a8cf1-6ad3-4123-b94a-106ad93148a8:c2482]
2019-09-05 09:23:24,573 | INFO  | DNAudit | user=null | ip=null | op=PUT_BLOCK {blockData=[blockId=conID: 2 locID: 102739175312327173 bcsId: 0,size=2097152]} | ret=SUCCESS |  
2019-09-05 09:23:24,574 [grpc-default-executor-3] INFO  client.GrpcClientProtocolClient (GrpcClientProtocolClient.java:onNext(255)) - client-969FB6DA8C9A->4fcc8d53-44cb-4faf-b915-5afa0c7529d4: receive RaftClientReply:client-969FB6DA8C9A->4fcc8d53-44cb-4faf-b915-5afa0c7529d4@group-6A615BAE1DD1, cid=1736, SUCCESS, logIndex=2484, commits[4fcc8d53-44cb-4faf-b915-5afa0c7529d4:c2486, 48aa5eb4-709c-4003-adb5-fbc02723cd23:c2482, 609a8cf1-6ad3-4123-b94a-106ad93148a8:c2482]
2019-09-05 09:23:24,574 [grpc-default-executor-3] INFO  client.GrpcClientProtocolClient (GrpcClientProtocolClient.java:onNext(255)) - client-969FB6DA8C9A->4fcc8d53-44cb-4faf-b915-5afa0c7529d4: receive RaftClientReply:client-969FB6DA8C9A->4fcc8d53-44cb-4faf-b915-5afa0c7529d4@group-6A615BAE1DD1, cid=1737, SUCCESS, logIndex=2485, commits[4fcc8d53-44cb-4faf-b915-5afa0c7529d4:c2486, 48aa5eb4-709c-4003-adb5-fbc02723cd23:c2482, 609a8cf1-6ad3-4123-b94a-106ad93148a8:c2482]
2019-09-05 09:23:24,574 [grpc-default-executor-3] INFO  client.GrpcClientProtocolClient (GrpcClientProtocolClient.java:onNext(255)) - client-969FB6DA8C9A->4fcc8d53-44cb-4faf-b915-5afa0c7529d4: receive RaftClientReply:client-969FB6DA8C9A->4fcc8d53-44cb-4faf-b915-5afa0c7529d4@group-6A615BAE1DD1, cid=1738, SUCCESS, logIndex=2486, commits[4fcc8d53-44cb-4faf-b915-5afa0c7529d4:c2486, 48aa5eb4-709c-4003-adb5-fbc02723cd23:c2482, 609a8cf1-6ad3-4123-b94a-106ad93148a8:c2482]
2019-09-05 09:23:24,584 | INFO  | DNAudit | user=null | ip=null | op=WRITE_CHUNK {blockData=conID: 2 locID: 102739175312327173 bcsId: 0} | ret=SUCCESS |  
2019-09-05 09:23:24,584 | INFO  | DNAudit | user=null | ip=null | op=WRITE_CHUNK {blockData=conID: 2 locID: 102739175312327173 bcsId: 0} | ret=SUCCESS |  
2019-09-05 09:23:24,585 | INFO  | DNAudit | user=null | ip=null | op=PUT_BLOCK {blockData=[blockId=conID: 2 locID: 102739175312327173 bcsId: 0,size=1048576]} | ret=SUCCESS |  
2019-09-05 09:23:24,585 | INFO  | DNAudit | user=null | ip=null | op=PUT_BLOCK {blockData=[blockId=conID: 2 locID: 102739175312327173 bcsId: 0,size=1048576]} | ret=SUCCESS |  
2019-09-05 09:23:24,585 | INFO  | DNAudit | user=null | ip=null | op=WRITE_CHUNK {blockData=conID: 2 locID: 102739175312327173 bcsId: 0} | ret=SUCCESS |  
2019-09-05 09:23:24,585 | INFO  | DNAudit | user=null | ip=null | op=WRITE_CHUNK {blockData=conID: 2 locID: 102739175312327173 bcsId: 0} | ret=SUCCESS |  
2019-09-05 09:23:24,586 | INFO  | DNAudit | user=null | ip=null | op=PUT_BLOCK {blockData=[blockId=conID: 2 locID: 102739175312327173 bcsId: 0,size=2097152]} | ret=SUCCESS |  
2019-09-05 09:23:24,586 | INFO  | DNAudit | user=null | ip=null | op=PUT_BLOCK {blockData=[blockId=conID: 2 locID: 102739175312327173 bcsId: 0,size=2097152]} | ret=SUCCESS |  
2019-09-05 09:23:24,586 [grpc-default-executor-3] INFO  client.GrpcClientProtocolClient (GrpcClientProtocolClient.java:onNext(255)) - client-969FB6DA8C9A->4fcc8d53-44cb-4faf-b915-5afa0c7529d4: receive RaftClientReply:client-969FB6DA8C9A->4fcc8d53-44cb-4faf-b915-5afa0c7529d4@group-6A615BAE1DD1, cid=1739, SUCCESS, logIndex=0, commits[4fcc8d53-44cb-4faf-b915-5afa0c7529d4:c2488, 48aa5eb4-709c-4003-adb5-fbc02723cd23:c2485, 609a8cf1-6ad3-4123-b94a-106ad93148a8:c2485]
2019-09-05 09:23:24,593 | INFO  | DNAudit | user=null | ip=null | op=WRITE_CHUNK {blockData=conID: 2 locID: 102739175312327173 bcsId: 2486} | ret=SUCCESS |  
2019-09-05 09:23:24,594 | INFO  | DNAudit | user=null | ip=null | op=WRITE_CHUNK {blockData=conID: 2 locID: 102739175312327173 bcsId: 2486} | ret=SUCCESS |  
2019-09-05 09:23:24,595 | INFO  | DNAudit | user=null | ip=null | op=WRITE_CHUNK {blockData=conID: 2 locID: 102739175312327173 bcsId: 2486} | ret=SUCCESS |  
2019-09-05 09:23:24,603 | INFO  | DNAudit | user=null | ip=null | op=WRITE_CHUNK {blockData=conID: 2 locID: 102739175312327173 bcsId: 2486} | ret=SUCCESS |  
2019-09-05 09:23:24,603 | INFO  | DNAudit | user=null | ip=null | op=PUT_BLOCK {blockData=[blockId=conID: 2 locID: 102739175312327173 bcsId: 0,size=3145728]} | ret=SUCCESS |  
2019-09-05 09:23:24,603 [grpc-default-executor-3] INFO  client.GrpcClientProtocolClient (GrpcClientProtocolClient.java:onNext(255)) - client-969FB6DA8C9A->4fcc8d53-44cb-4faf-b915-5afa0c7529d4: receive RaftClientReply:client-969FB6DA8C9A->4fcc8d53-44cb-4faf-b915-5afa0c7529d4@group-6A615BAE1DD1, cid=1740, SUCCESS, logIndex=2491, commits[4fcc8d53-44cb-4faf-b915-5afa0c7529d4:c2492, 48aa5eb4-709c-4003-adb5-fbc02723cd23:c2490, 609a8cf1-6ad3-4123-b94a-106ad93148a8:c2490]
2019-09-05 09:23:24,603 [grpc-default-executor-3] INFO  client.GrpcClientProtocolClient (GrpcClientProtocolClient.java:onNext(255)) - client-969FB6DA8C9A->4fcc8d53-44cb-4faf-b915-5afa0c7529d4: receive RaftClientReply:client-969FB6DA8C9A->4fcc8d53-44cb-4faf-b915-5afa0c7529d4@group-6A615BAE1DD1, cid=1741, SUCCESS, logIndex=2492, commits[4fcc8d53-44cb-4faf-b915-5afa0c7529d4:c2492, 48aa5eb4-709c-4003-adb5-fbc02723cd23:c2490, 609a8cf1-6ad3-4123-b94a-106ad93148a8:c2490]
2019-09-05 09:23:24,604 | INFO  | DNAudit | user=null | ip=null | op=WRITE_CHUNK {blockData=conID: 2 locID: 102739175312327173 bcsId: 2486} | ret=SUCCESS |  
2019-09-05 09:23:24,604 | INFO  | DNAudit | user=null | ip=null | op=PUT_BLOCK {blockData=[blockId=conID: 2 locID: 102739175312327173 bcsId: 0,size=3145728]} | ret=SUCCESS |  
2019-09-05 09:23:24,605 | INFO  | DNAudit | user=null | ip=null | op=WRITE_CHUNK {blockData=conID: 2 locID: 102739175312327173 bcsId: 2486} | ret=SUCCESS |  
2019-09-05 09:23:24,605 | INFO  | DNAudit | user=null | ip=null | op=PUT_BLOCK {blockData=[blockId=conID: 2 locID: 102739175312327173 bcsId: 0,size=3145728]} | ret=SUCCESS |  
2019-09-05 09:23:24,610 | INFO  | DNAudit | user=null | ip=null | op=WRITE_CHUNK {blockData=conID: 2 locID: 102739175312327173 bcsId: 2492} | ret=SUCCESS |  
2019-09-05 09:23:24,612 | INFO  | DNAudit | user=null | ip=null | op=WRITE_CHUNK {blockData=conID: 2 locID: 102739175312327173 bcsId: 2492} | ret=SUCCESS |  
2019-09-05 09:23:24,612 | INFO  | DNAudit | user=null | ip=null | op=WRITE_CHUNK {blockData=conID: 2 locID: 102739175312327173 bcsId: 2492} | ret=SUCCESS |  
2019-09-05 09:23:24,617 | INFO  | DNAudit | user=null | ip=null | op=WRITE_CHUNK {blockData=conID: 2 locID: 102739175312327173 bcsId: 2492} | ret=SUCCESS |  
2019-09-05 09:23:24,618 | INFO  | DNAudit | user=null | ip=null | op=PUT_BLOCK {blockData=[blockId=conID: 2 locID: 102739175312327173 bcsId: 0,size=4194304]} | ret=SUCCESS |  
2019-09-05 09:23:24,618 [grpc-default-executor-3] INFO  client.GrpcClientProtocolClient (GrpcClientProtocolClient.java:onNext(255)) - client-969FB6DA8C9A->4fcc8d53-44cb-4faf-b915-5afa0c7529d4: receive RaftClientReply:client-969FB6DA8C9A->4fcc8d53-44cb-4faf-b915-5afa0c7529d4@group-6A615BAE1DD1, cid=1742, SUCCESS, logIndex=2495, commits[4fcc8d53-44cb-4faf-b915-5afa0c7529d4:c2496, 48aa5eb4-709c-4003-adb5-fbc02723cd23:c2494, 609a8cf1-6ad3-4123-b94a-106ad93148a8:c2494]
2019-09-05 09:23:24,618 [grpc-default-executor-3] INFO  client.GrpcClientProtocolClient (GrpcClientProtocolClient.java:onNext(255)) - client-969FB6DA8C9A->4fcc8d53-44cb-4faf-b915-5afa0c7529d4: receive RaftClientReply:client-969FB6DA8C9A->4fcc8d53-44cb-4faf-b915-5afa0c7529d4@group-6A615BAE1DD1, cid=1743, SUCCESS, logIndex=2496, commits[4fcc8d53-44cb-4faf-b915-5afa0c7529d4:c2496, 48aa5eb4-709c-4003-adb5-fbc02723cd23:c2494, 609a8cf1-6ad3-4123-b94a-106ad93148a8:c2494]
2019-09-05 09:23:24,629 | INFO  | DNAudit | user=null | ip=null | op=WRITE_CHUNK {blockData=conID: 2 locID: 102739175312327173 bcsId: 2492} | ret=SUCCESS |  
2019-09-05 09:23:24,629 | INFO  | DNAudit | user=null | ip=null | op=WRITE_CHUNK {blockData=conID: 2 locID: 102739175312327173 bcsId: 2492} | ret=SUCCESS |  
2019-09-05 09:23:24,631 | INFO  | DNAudit | user=null | ip=null | op=PUT_BLOCK {blockData=[blockId=conID: 2 locID: 102739175312327173 bcsId: 0,size=4194304]} | ret=SUCCESS |  
2019-09-05 09:23:24,631 | INFO  | DNAudit | user=null | ip=null | op=PUT_BLOCK {blockData=[blockId=conID: 2 locID: 102739175312327173 bcsId: 0,size=4194304]} | ret=SUCCESS |  
2019-09-05 09:23:24,631 [grpc-default-executor-3] INFO  client.GrpcClientProtocolClient (GrpcClientProtocolClient.java:onNext(255)) - client-969FB6DA8C9A->4fcc8d53-44cb-4faf-b915-5afa0c7529d4: receive RaftClientReply:client-969FB6DA8C9A->4fcc8d53-44cb-4faf-b915-5afa0c7529d4@group-6A615BAE1DD1, cid=1744, SUCCESS, logIndex=0, commits[4fcc8d53-44cb-4faf-b915-5afa0c7529d4:c2498, 48aa5eb4-709c-4003-adb5-fbc02723cd23:c2496, 609a8cf1-6ad3-4123-b94a-106ad93148a8:c2496]
2019-09-05 09:23:24,634 | INFO  | SCMAudit | user=jenkins1000 | ip=192.168.36.69 | op=ALLOCATE_BLOCK {owner=5cf4fcf6-c517-45f4-af25-2fff646d8883, size=4194304, type=RATIS, factor=THREE} | ret=SUCCESS |  
2019-09-05 09:23:24,636 | INFO  | OMAudit | user=jenkins1000 | ip=127.0.0.1 | op=ALLOCATE_BLOCK {volume=vol-0-13331, bucket=bucket-0-43606, key=key-0-76526, dataSize=0, replicationType=null, replicationFactor=null, keyLocationInfo=null, clientID=102739173903106450} | ret=SUCCESS |  
2019-09-05 09:23:24,643 | INFO  | DNAudit | user=null | ip=null | op=WRITE_CHUNK {blockData=conID: 3 locID: 102739175318094342 bcsId: 0} | ret=SUCCESS |  
2019-09-05 09:23:24,645 | INFO  | DNAudit | user=null | ip=null | op=WRITE_CHUNK {blockData=conID: 3 locID: 102739175318094342 bcsId: 0} | ret=SUCCESS |  
2019-09-05 09:23:24,645 | INFO  | DNAudit | user=null | ip=null | op=WRITE_CHUNK {blockData=conID: 3 locID: 102739175318094342 bcsId: 0} | ret=SUCCESS |  
2019-09-05 09:23:24,645 | INFO  | DNAudit | user=null | ip=null | op=WRITE_CHUNK {blockData=conID: 3 locID: 102739175318094342 bcsId: 0} | ret=SUCCESS |  
2019-09-05 09:23:24,646 | INFO  | DNAudit | user=null | ip=null | op=WRITE_CHUNK {blockData=conID: 3 locID: 102739175318094342 bcsId: 0} | ret=SUCCESS |  
2019-09-05 09:23:24,646 | INFO  | DNAudit | user=null | ip=null | op=WRITE_CHUNK {blockData=conID: 3 locID: 102739175318094342 bcsId: 0} | ret=SUCCESS |  
2019-09-05 09:23:24,669 | INFO  | DNAudit | user=null | ip=null | op=WRITE_CHUNK {blockData=conID: 3 locID: 102739175318094342 bcsId: 0} | ret=SUCCESS |  
2019-09-05 09:23:24,670 | INFO  | DNAudit | user=null | ip=null | op=PUT_BLOCK {blockData=[blockId=conID: 3 locID: 102739175318094342 bcsId: 0,size=1048576]} | ret=SUCCESS |  
2019-09-05 09:23:24,670 | INFO  | DNAudit | user=null | ip=null | op=WRITE_CHUNK {blockData=conID: 3 locID: 102739175318094342 bcsId: 0} | ret=SUCCESS |  
2019-09-05 09:23:24,670 [grpc-default-executor-3] INFO  client.GrpcClientProtocolClient (GrpcClientProtocolClient.java:onNext(255)) - client-969FB6DA8C9A->4fcc8d53-44cb-4faf-b915-5afa0c7529d4: receive RaftClientReply:client-969FB6DA8C9A->4fcc8d53-44cb-4faf-b915-5afa0c7529d4@group-6A615BAE1DD1, cid=1745, SUCCESS, logIndex=2499, commits[4fcc8d53-44cb-4faf-b915-5afa0c7529d4:c2502, 48aa5eb4-709c-4003-adb5-fbc02723cd23:c2498, 609a8cf1-6ad3-4123-b94a-106ad93148a8:c2498]
2019-09-05 09:23:24,670 | INFO  | DNAudit | user=null | ip=null | op=PUT_BLOCK {blockData=[blockId=conID: 3 locID: 102739175318094342 bcsId: 0,size=2097152]} | ret=SUCCESS |  
2019-09-05 09:23:24,670 [grpc-default-executor-3] INFO  client.GrpcClientProtocolClient (GrpcClientProtocolClient.java:onNext(255)) - client-969FB6DA8C9A->4fcc8d53-44cb-4faf-b915-5afa0c7529d4: receive RaftClientReply:client-969FB6DA8C9A->4fcc8d53-44cb-4faf-b915-5afa0c7529d4@group-6A615BAE1DD1, cid=1746, SUCCESS, logIndex=2500, commits[4fcc8d53-44cb-4faf-b915-5afa0c7529d4:c2502, 48aa5eb4-709c-4003-adb5-fbc02723cd23:c2498, 609a8cf1-6ad3-4123-b94a-106ad93148a8:c2498]
2019-09-05 09:23:24,671 [grpc-default-executor-3] INFO  client.GrpcClientProtocolClient (GrpcClientProtocolClient.java:onNext(255)) - client-969FB6DA8C9A->4fcc8d53-44cb-4faf-b915-5afa0c7529d4: receive RaftClientReply:client-969FB6DA8C9A->4fcc8d53-44cb-4faf-b915-5afa0c7529d4@group-6A615BAE1DD1, cid=1747, SUCCESS, logIndex=2501, commits[4fcc8d53-44cb-4faf-b915-5afa0c7529d4:c2502, 48aa5eb4-709c-4003-adb5-fbc02723cd23:c2498, 609a8cf1-6ad3-4123-b94a-106ad93148a8:c2498]
2019-09-05 09:23:24,671 [grpc-default-executor-3] INFO  client.GrpcClientProtocolClient (GrpcClientProtocolClient.java:onNext(255)) - client-969FB6DA8C9A->4fcc8d53-44cb-4faf-b915-5afa0c7529d4: receive RaftClientReply:client-969FB6DA8C9A->4fcc8d53-44cb-4faf-b915-5afa0c7529d4@group-6A615BAE1DD1, cid=1748, SUCCESS, logIndex=2502, commits[4fcc8d53-44cb-4faf-b915-5afa0c7529d4:c2502, 48aa5eb4-709c-4003-adb5-fbc02723cd23:c2498, 609a8cf1-6ad3-4123-b94a-106ad93148a8:c2498]
2019-09-05 09:23:24,686 | INFO  | DNAudit | user=null | ip=null | op=WRITE_CHUNK {blockData=conID: 3 locID: 102739175318094342 bcsId: 0} | ret=SUCCESS |  
2019-09-05 09:23:24,686 | INFO  | DNAudit | user=null | ip=null | op=WRITE_CHUNK {blockData=conID: 3 locID: 102739175318094342 bcsId: 0} | ret=SUCCESS |  
2019-09-05 09:23:24,687 | INFO  | DNAudit | user=null | ip=null | op=PUT_BLOCK {blockData=[blockId=conID: 3 locID: 102739175318094342 bcsId: 0,size=1048576]} | ret=SUCCESS |  
2019-09-05 09:23:24,687 | INFO  | DNAudit | user=null | ip=null | op=PUT_BLOCK {blockData=[blockId=conID: 3 locID: 102739175318094342 bcsId: 0,size=1048576]} | ret=SUCCESS |  
2019-09-05 09:23:24,687 [grpc-default-executor-3] INFO  client.GrpcClientProtocolClient (GrpcClientProtocolClient.java:onNext(255)) - client-969FB6DA8C9A->4fcc8d53-44cb-4faf-b915-5afa0c7529d4: receive RaftClientReply:client-969FB6DA8C9A->4fcc8d53-44cb-4faf-b915-5afa0c7529d4@group-6A615BAE1DD1, cid=1749, SUCCESS, logIndex=0, commits[4fcc8d53-44cb-4faf-b915-5afa0c7529d4:c2503, 48aa5eb4-709c-4003-adb5-fbc02723cd23:c2500, 609a8cf1-6ad3-4123-b94a-106ad93148a8:c2500]
2019-09-05 09:23:24,688 | INFO  | DNAudit | user=null | ip=null | op=WRITE_CHUNK {blockData=conID: 3 locID: 102739175318094342 bcsId: 0} | ret=SUCCESS |  
2019-09-05 09:23:24,688 | INFO  | DNAudit | user=null | ip=null | op=WRITE_CHUNK {blockData=conID: 3 locID: 102739175318094342 bcsId: 0} | ret=SUCCESS |  
2019-09-05 09:23:24,689 | INFO  | DNAudit | user=null | ip=null | op=PUT_BLOCK {blockData=[blockId=conID: 3 locID: 102739175318094342 bcsId: 0,size=2097152]} | ret=SUCCESS |  
2019-09-05 09:23:24,689 | INFO  | DNAudit | user=null | ip=null | op=PUT_BLOCK {blockData=[blockId=conID: 3 locID: 102739175318094342 bcsId: 0,size=2097152]} | ret=SUCCESS |  
2019-09-05 09:23:24,693 | INFO  | DNAudit | user=null | ip=null | op=WRITE_CHUNK {blockData=conID: 3 locID: 102739175318094342 bcsId: 2502} | ret=SUCCESS |  
2019-09-05 09:23:24,695 | INFO  | DNAudit | user=null | ip=null | op=WRITE_CHUNK {blockData=conID: 3 locID: 102739175318094342 bcsId: 2502} | ret=SUCCESS |  
2019-09-05 09:23:24,695 | INFO  | DNAudit | user=null | ip=null | op=WRITE_CHUNK {blockData=conID: 3 locID: 102739175318094342 bcsId: 2502} | ret=SUCCESS |  
2019-09-05 09:23:24,714 | INFO  | DNAudit | user=null | ip=null | op=WRITE_CHUNK {blockData=conID: 3 locID: 102739175318094342 bcsId: 2502} | ret=SUCCESS |  
2019-09-05 09:23:24,714 | INFO  | DNAudit | user=null | ip=null | op=PUT_BLOCK {blockData=[blockId=conID: 3 locID: 102739175318094342 bcsId: 0,size=3145728]} | ret=SUCCESS |  
2019-09-05 09:23:24,714 [grpc-default-executor-0] INFO  client.GrpcClientProtocolClient (GrpcClientProtocolClient.java:onNext(255)) - client-969FB6DA8C9A->4fcc8d53-44cb-4faf-b915-5afa0c7529d4: receive RaftClientReply:client-969FB6DA8C9A->4fcc8d53-44cb-4faf-b915-5afa0c7529d4@group-6A615BAE1DD1, cid=1750, SUCCESS, logIndex=2507, commits[4fcc8d53-44cb-4faf-b915-5afa0c7529d4:c2508, 48aa5eb4-709c-4003-adb5-fbc02723cd23:c2506, 609a8cf1-6ad3-4123-b94a-106ad93148a8:c2506]
2019-09-05 09:23:24,714 [grpc-default-executor-0] INFO  client.GrpcClientProtocolClient (GrpcClientProtocolClient.java:onNext(255)) - client-969FB6DA8C9A->4fcc8d53-44cb-4faf-b915-5afa0c7529d4: receive RaftClientReply:client-969FB6DA8C9A->4fcc8d53-44cb-4faf-b915-5afa0c7529d4@group-6A615BAE1DD1, cid=1751, SUCCESS, logIndex=2508, commits[4fcc8d53-44cb-4faf-b915-5afa0c7529d4:c2508, 48aa5eb4-709c-4003-adb5-fbc02723cd23:c2506, 609a8cf1-6ad3-4123-b94a-106ad93148a8:c2506]
2019-09-05 09:23:24,720 | INFO  | DNAudit | user=null | ip=null | op=WRITE_CHUNK {blockData=conID: 3 locID: 102739175318094342 bcsId: 2508} | ret=SUCCESS |  
2019-09-05 09:23:24,723 | INFO  | DNAudit | user=null | ip=null | op=WRITE_CHUNK {blockData=conID: 3 locID: 102739175318094342 bcsId: 2508} | ret=SUCCESS |  
2019-09-05 09:23:24,723 | INFO  | DNAudit | user=null | ip=null | op=WRITE_CHUNK {blockData=conID: 3 locID: 102739175318094342 bcsId: 2508} | ret=SUCCESS |  
2019-09-05 09:23:24,730 | INFO  | DNAudit | user=null | ip=null | op=WRITE_CHUNK {blockData=conID: 3 locID: 102739175318094342 bcsId: 2502} | ret=SUCCESS |  
2019-09-05 09:23:24,730 | INFO  | DNAudit | user=null | ip=null | op=WRITE_CHUNK {blockData=conID: 3 locID: 102739175318094342 bcsId: 2502} | ret=SUCCESS |  
2019-09-05 09:23:24,731 | INFO  | DNAudit | user=null | ip=null | op=PUT_BLOCK {blockData=[blockId=conID: 3 locID: 102739175318094342 bcsId: 0,size=3145728]} | ret=SUCCESS |  
2019-09-05 09:23:24,731 | INFO  | DNAudit | user=null | ip=null | op=PUT_BLOCK {blockData=[blockId=conID: 3 locID: 102739175318094342 bcsId: 0,size=3145728]} | ret=SUCCESS |  
2019-09-05 09:23:24,732 | INFO  | DNAudit | user=null | ip=null | op=WRITE_CHUNK {blockData=conID: 3 locID: 102739175318094342 bcsId: 2508} | ret=SUCCESS |  
2019-09-05 09:23:24,732 | INFO  | DNAudit | user=null | ip=null | op=PUT_BLOCK {blockData=[blockId=conID: 3 locID: 102739175318094342 bcsId: 0,size=4194304]} | ret=SUCCESS |  
2019-09-05 09:23:24,732 [grpc-default-executor-3] INFO  client.GrpcClientProtocolClient (GrpcClientProtocolClient.java:onNext(255)) - client-969FB6DA8C9A->4fcc8d53-44cb-4faf-b915-5afa0c7529d4: receive RaftClientReply:client-969FB6DA8C9A->4fcc8d53-44cb-4faf-b915-5afa0c7529d4@group-6A615BAE1DD1, cid=1752, SUCCESS, logIndex=2511, commits[4fcc8d53-44cb-4faf-b915-5afa0c7529d4:c2511, 48aa5eb4-709c-4003-adb5-fbc02723cd23:c2508, 609a8cf1-6ad3-4123-b94a-106ad93148a8:c2508]
2019-09-05 09:23:24,733 [grpc-default-executor-3] INFO  client.GrpcClientProtocolClient (GrpcClientProtocolClient.java:onNext(255)) - client-969FB6DA8C9A->4fcc8d53-44cb-4faf-b915-5afa0c7529d4: receive RaftClientReply:client-969FB6DA8C9A->4fcc8d53-44cb-4faf-b915-5afa0c7529d4@group-6A615BAE1DD1, cid=1753, SUCCESS, logIndex=2512, commits[4fcc8d53-44cb-4faf-b915-5afa0c7529d4:c2512, 48aa5eb4-709c-4003-adb5-fbc02723cd23:c2508, 609a8cf1-6ad3-4123-b94a-106ad93148a8:c2508]
2019-09-05 09:23:24,743 | INFO  | DNAudit | user=null | ip=null | op=WRITE_CHUNK {blockData=conID: 3 locID: 102739175318094342 bcsId: 2508} | ret=SUCCESS |  
2019-09-05 09:23:24,743 | INFO  | DNAudit | user=null | ip=null | op=WRITE_CHUNK {blockData=conID: 3 locID: 102739175318094342 bcsId: 2508} | ret=SUCCESS |  
2019-09-05 09:23:24,745 | INFO  | DNAudit | user=null | ip=null | op=PUT_BLOCK {blockData=[blockId=conID: 3 locID: 102739175318094342 bcsId: 0,size=4194304]} | ret=SUCCESS |  
2019-09-05 09:23:24,745 | INFO  | DNAudit | user=null | ip=null | op=PUT_BLOCK {blockData=[blockId=conID: 3 locID: 102739175318094342 bcsId: 0,size=4194304]} | ret=SUCCESS |  
2019-09-05 09:23:24,745 [grpc-default-executor-4] INFO  client.GrpcClientProtocolClient (GrpcClientProtocolClient.java:onNext(255)) - client-969FB6DA8C9A->4fcc8d53-44cb-4faf-b915-5afa0c7529d4: receive RaftClientReply:client-969FB6DA8C9A->4fcc8d53-44cb-4faf-b915-5afa0c7529d4@group-6A615BAE1DD1, cid=1754, SUCCESS, logIndex=0, commits[4fcc8d53-44cb-4faf-b915-5afa0c7529d4:c2514, 48aa5eb4-709c-4003-adb5-fbc02723cd23:c2512, 609a8cf1-6ad3-4123-b94a-106ad93148a8:c2512]
2019-09-05 09:23:24,748 | INFO  | SCMAudit | user=jenkins1000 | ip=192.168.36.69 | op=ALLOCATE_BLOCK {owner=5cf4fcf6-c517-45f4-af25-2fff646d8883, size=4194304, type=RATIS, factor=THREE} | ret=SUCCESS |  
2019-09-05 09:23:24,750 | INFO  | OMAudit | user=jenkins1000 | ip=127.0.0.1 | op=ALLOCATE_BLOCK {volume=vol-0-13331, bucket=bucket-0-43606, key=key-0-76526, dataSize=0, replicationType=null, replicationFactor=null, keyLocationInfo=null, clientID=102739173903106450} | ret=SUCCESS |  
2019-09-05 09:23:24,757 | INFO  | DNAudit | user=null | ip=null | op=WRITE_CHUNK {blockData=conID: 1 locID: 102739175325565447 bcsId: 0} | ret=SUCCESS |  
2019-09-05 09:23:24,758 | INFO  | DNAudit | user=null | ip=null | op=WRITE_CHUNK {blockData=conID: 1 locID: 102739175325565447 bcsId: 0} | ret=SUCCESS |  
2019-09-05 09:23:24,759 | INFO  | DNAudit | user=null | ip=null | op=WRITE_CHUNK {blockData=conID: 1 locID: 102739175325565447 bcsId: 0} | ret=SUCCESS |  
2019-09-05 09:23:24,759 | INFO  | DNAudit | user=null | ip=null | op=WRITE_CHUNK {blockData=conID: 1 locID: 102739175325565447 bcsId: 0} | ret=SUCCESS |  
2019-09-05 09:23:24,760 | INFO  | DNAudit | user=null | ip=null | op=WRITE_CHUNK {blockData=conID: 1 locID: 102739175325565447 bcsId: 0} | ret=SUCCESS |  
2019-09-05 09:23:24,760 | INFO  | DNAudit | user=null | ip=null | op=WRITE_CHUNK {blockData=conID: 1 locID: 102739175325565447 bcsId: 0} | ret=SUCCESS |  
2019-09-05 09:23:24,769 | INFO  | DNAudit | user=null | ip=null | op=WRITE_CHUNK {blockData=conID: 1 locID: 102739175325565447 bcsId: 0} | ret=SUCCESS |  
2019-09-05 09:23:24,770 | INFO  | DNAudit | user=null | ip=null | op=PUT_BLOCK {blockData=[blockId=conID: 1 locID: 102739175325565447 bcsId: 0,size=1048576]} | ret=SUCCESS |  
2019-09-05 09:23:24,770 | INFO  | DNAudit | user=null | ip=null | op=WRITE_CHUNK {blockData=conID: 1 locID: 102739175325565447 bcsId: 0} | ret=SUCCESS |  
2019-09-05 09:23:24,770 [grpc-default-executor-4] INFO  client.GrpcClientProtocolClient (GrpcClientProtocolClient.java:onNext(255)) - client-969FB6DA8C9A->4fcc8d53-44cb-4faf-b915-5afa0c7529d4: receive RaftClientReply:client-969FB6DA8C9A->4fcc8d53-44cb-4faf-b915-5afa0c7529d4@group-6A615BAE1DD1, cid=1755, SUCCESS, logIndex=2515, commits[4fcc8d53-44cb-4faf-b915-5afa0c7529d4:c2517, 48aa5eb4-709c-4003-adb5-fbc02723cd23:c2514, 609a8cf1-6ad3-4123-b94a-106ad93148a8:c2514]
2019-09-05 09:23:24,770 | INFO  | DNAudit | user=null | ip=null | op=PUT_BLOCK {blockData=[blockId=conID: 1 locID: 102739175325565447 bcsId: 0,size=2097152]} | ret=SUCCESS |  
2019-09-05 09:23:24,770 [grpc-default-executor-4] INFO  client.GrpcClientProtocolClient (GrpcClientProtocolClient.java:onNext(255)) - client-969FB6DA8C9A->4fcc8d53-44cb-4faf-b915-5afa0c7529d4: receive RaftClientReply:client-969FB6DA8C9A->4fcc8d53-44cb-4faf-b915-5afa0c7529d4@group-6A615BAE1DD1, cid=1756, SUCCESS, logIndex=2516, commits[4fcc8d53-44cb-4faf-b915-5afa0c7529d4:c2518, 48aa5eb4-709c-4003-adb5-fbc02723cd23:c2514, 609a8cf1-6ad3-4123-b94a-106ad93148a8:c2514]
2019-09-05 09:23:24,770 [grpc-default-executor-4] INFO  client.GrpcClientProtocolClient (GrpcClientProtocolClient.java:onNext(255)) - client-969FB6DA8C9A->4fcc8d53-44cb-4faf-b915-5afa0c7529d4: receive RaftClientReply:client-969FB6DA8C9A->4fcc8d53-44cb-4faf-b915-5afa0c7529d4@group-6A615BAE1DD1, cid=1757, SUCCESS, logIndex=2517, commits[4fcc8d53-44cb-4faf-b915-5afa0c7529d4:c2518, 48aa5eb4-709c-4003-adb5-fbc02723cd23:c2514, 609a8cf1-6ad3-4123-b94a-106ad93148a8:c2514]
2019-09-05 09:23:24,771 [grpc-default-executor-4] INFO  client.GrpcClientProtocolClient (GrpcClientProtocolClient.java:onNext(255)) - client-969FB6DA8C9A->4fcc8d53-44cb-4faf-b915-5afa0c7529d4: receive RaftClientReply:client-969FB6DA8C9A->4fcc8d53-44cb-4faf-b915-5afa0c7529d4@group-6A615BAE1DD1, cid=1758, SUCCESS, logIndex=2518, commits[4fcc8d53-44cb-4faf-b915-5afa0c7529d4:c2518, 48aa5eb4-709c-4003-adb5-fbc02723cd23:c2514, 609a8cf1-6ad3-4123-b94a-106ad93148a8:c2514]
2019-09-05 09:23:24,778 | INFO  | DNAudit | user=null | ip=null | op=WRITE_CHUNK {blockData=conID: 1 locID: 102739175325565447 bcsId: 0} | ret=SUCCESS |  
2019-09-05 09:23:24,778 | INFO  | DNAudit | user=null | ip=null | op=WRITE_CHUNK {blockData=conID: 1 locID: 102739175325565447 bcsId: 0} | ret=SUCCESS |  
2019-09-05 09:23:24,778 | INFO  | DNAudit | user=null | ip=null | op=PUT_BLOCK {blockData=[blockId=conID: 1 locID: 102739175325565447 bcsId: 0,size=1048576]} | ret=SUCCESS |  
2019-09-05 09:23:24,779 | INFO  | DNAudit | user=null | ip=null | op=PUT_BLOCK {blockData=[blockId=conID: 1 locID: 102739175325565447 bcsId: 0,size=1048576]} | ret=SUCCESS |  
2019-09-05 09:23:24,779 | INFO  | DNAudit | user=null | ip=null | op=WRITE_CHUNK {blockData=conID: 1 locID: 102739175325565447 bcsId: 0} | ret=SUCCESS |  
2019-09-05 09:23:24,779 | INFO  | DNAudit | user=null | ip=null | op=WRITE_CHUNK {blockData=conID: 1 locID: 102739175325565447 bcsId: 0} | ret=SUCCESS |  
2019-09-05 09:23:24,780 | INFO  | DNAudit | user=null | ip=null | op=PUT_BLOCK {blockData=[blockId=conID: 1 locID: 102739175325565447 bcsId: 0,size=2097152]} | ret=SUCCESS |  
2019-09-05 09:23:24,780 | INFO  | DNAudit | user=null | ip=null | op=PUT_BLOCK {blockData=[blockId=conID: 1 locID: 102739175325565447 bcsId: 0,size=2097152]} | ret=SUCCESS |  
2019-09-05 09:23:24,780 [grpc-default-executor-4] INFO  client.GrpcClientProtocolClient (GrpcClientProtocolClient.java:onNext(255)) - client-969FB6DA8C9A->4fcc8d53-44cb-4faf-b915-5afa0c7529d4: receive RaftClientReply:client-969FB6DA8C9A->4fcc8d53-44cb-4faf-b915-5afa0c7529d4@group-6A615BAE1DD1, cid=1759, SUCCESS, logIndex=0, commits[4fcc8d53-44cb-4faf-b915-5afa0c7529d4:c2520, 48aa5eb4-709c-4003-adb5-fbc02723cd23:c2516, 609a8cf1-6ad3-4123-b94a-106ad93148a8:c2516]
2019-09-05 09:23:24,785 | INFO  | DNAudit | user=null | ip=null | op=WRITE_CHUNK {blockData=conID: 1 locID: 102739175325565447 bcsId: 2518} | ret=SUCCESS |  
2019-09-05 09:23:24,787 | INFO  | DNAudit | user=null | ip=null | op=WRITE_CHUNK {blockData=conID: 1 locID: 102739175325565447 bcsId: 2518} | ret=SUCCESS |  
2019-09-05 09:23:24,787 | INFO  | DNAudit | user=null | ip=null | op=WRITE_CHUNK {blockData=conID: 1 locID: 102739175325565447 bcsId: 2518} | ret=SUCCESS |  
2019-09-05 09:23:24,796 | INFO  | DNAudit | user=null | ip=null | op=WRITE_CHUNK {blockData=conID: 1 locID: 102739175325565447 bcsId: 2518} | ret=SUCCESS |  
2019-09-05 09:23:24,796 | INFO  | DNAudit | user=null | ip=null | op=PUT_BLOCK {blockData=[blockId=conID: 1 locID: 102739175325565447 bcsId: 0,size=3145728]} | ret=SUCCESS |  
2019-09-05 09:23:24,796 [grpc-default-executor-4] INFO  client.GrpcClientProtocolClient (GrpcClientProtocolClient.java:onNext(255)) - client-969FB6DA8C9A->4fcc8d53-44cb-4faf-b915-5afa0c7529d4: receive RaftClientReply:client-969FB6DA8C9A->4fcc8d53-44cb-4faf-b915-5afa0c7529d4@group-6A615BAE1DD1, cid=1760, SUCCESS, logIndex=2523, commits[4fcc8d53-44cb-4faf-b915-5afa0c7529d4:c2524, 48aa5eb4-709c-4003-adb5-fbc02723cd23:c2522, 609a8cf1-6ad3-4123-b94a-106ad93148a8:c2522]
2019-09-05 09:23:24,797 [grpc-default-executor-4] INFO  client.GrpcClientProtocolClient (GrpcClientProtocolClient.java:onNext(255)) - client-969FB6DA8C9A->4fcc8d53-44cb-4faf-b915-5afa0c7529d4: receive RaftClientReply:client-969FB6DA8C9A->4fcc8d53-44cb-4faf-b915-5afa0c7529d4@group-6A615BAE1DD1, cid=1761, SUCCESS, logIndex=2524, commits[4fcc8d53-44cb-4faf-b915-5afa0c7529d4:c2524, 48aa5eb4-709c-4003-adb5-fbc02723cd23:c2522, 609a8cf1-6ad3-4123-b94a-106ad93148a8:c2522]
2019-09-05 09:23:24,802 | INFO  | DNAudit | user=null | ip=null | op=WRITE_CHUNK {blockData=conID: 1 locID: 102739175325565447 bcsId: 2524} | ret=SUCCESS |  
2019-09-05 09:23:24,804 | INFO  | DNAudit | user=null | ip=null | op=WRITE_CHUNK {blockData=conID: 1 locID: 102739175325565447 bcsId: 2524} | ret=SUCCESS |  
2019-09-05 09:23:24,804 | INFO  | DNAudit | user=null | ip=null | op=WRITE_CHUNK {blockData=conID: 1 locID: 102739175325565447 bcsId: 2524} | ret=SUCCESS |  
2019-09-05 09:23:24,811 | INFO  | DNAudit | user=null | ip=null | op=WRITE_CHUNK {blockData=conID: 1 locID: 102739175325565447 bcsId: 2518} | ret=SUCCESS |  
2019-09-05 09:23:24,811 | INFO  | DNAudit | user=null | ip=null | op=WRITE_CHUNK {blockData=conID: 1 locID: 102739175325565447 bcsId: 2518} | ret=SUCCESS |  
2019-09-05 09:23:24,812 | INFO  | DNAudit | user=null | ip=null | op=PUT_BLOCK {blockData=[blockId=conID: 1 locID: 102739175325565447 bcsId: 0,size=3145728]} | ret=SUCCESS |  
2019-09-05 09:23:24,812 | INFO  | DNAudit | user=null | ip=null | op=PUT_BLOCK {blockData=[blockId=conID: 1 locID: 102739175325565447 bcsId: 0,size=3145728]} | ret=SUCCESS |  
2019-09-05 09:23:24,812 | INFO  | DNAudit | user=null | ip=null | op=WRITE_CHUNK {blockData=conID: 1 locID: 102739175325565447 bcsId: 2524} | ret=SUCCESS |  
2019-09-05 09:23:24,813 | INFO  | DNAudit | user=null | ip=null | op=PUT_BLOCK {blockData=[blockId=conID: 1 locID: 102739175325565447 bcsId: 0,size=4194304]} | ret=SUCCESS |  
2019-09-05 09:23:24,813 [grpc-default-executor-3] INFO  client.GrpcClientProtocolClient (GrpcClientProtocolClient.java:onNext(255)) - client-969FB6DA8C9A->4fcc8d53-44cb-4faf-b915-5afa0c7529d4: receive RaftClientReply:client-969FB6DA8C9A->4fcc8d53-44cb-4faf-b915-5afa0c7529d4@group-6A615BAE1DD1, cid=1762, SUCCESS, logIndex=2527, commits[4fcc8d53-44cb-4faf-b915-5afa0c7529d4:c2527, 48aa5eb4-709c-4003-adb5-fbc02723cd23:c2524, 609a8cf1-6ad3-4123-b94a-106ad93148a8:c2524]
2019-09-05 09:23:24,813 [grpc-default-executor-3] INFO  client.GrpcClientProtocolClient (GrpcClientProtocolClient.java:onNext(255)) - client-969FB6DA8C9A->4fcc8d53-44cb-4faf-b915-5afa0c7529d4: receive RaftClientReply:client-969FB6DA8C9A->4fcc8d53-44cb-4faf-b915-5afa0c7529d4@group-6A615BAE1DD1, cid=1763, SUCCESS, logIndex=2528, commits[4fcc8d53-44cb-4faf-b915-5afa0c7529d4:c2528, 48aa5eb4-709c-4003-adb5-fbc02723cd23:c2524, 609a8cf1-6ad3-4123-b94a-106ad93148a8:c2524]
2019-09-05 09:23:24,824 | INFO  | DNAudit | user=null | ip=null | op=WRITE_CHUNK {blockData=conID: 1 locID: 102739175325565447 bcsId: 2524} | ret=SUCCESS |  
2019-09-05 09:23:24,824 | INFO  | DNAudit | user=null | ip=null | op=WRITE_CHUNK {blockData=conID: 1 locID: 102739175325565447 bcsId: 2524} | ret=SUCCESS |  
2019-09-05 09:23:24,825 | INFO  | DNAudit | user=null | ip=null | op=PUT_BLOCK {blockData=[blockId=conID: 1 locID: 102739175325565447 bcsId: 0,size=4194304]} | ret=SUCCESS |  
2019-09-05 09:23:24,825 | INFO  | DNAudit | user=null | ip=null | op=PUT_BLOCK {blockData=[blockId=conID: 1 locID: 102739175325565447 bcsId: 0,size=4194304]} | ret=SUCCESS |  
2019-09-05 09:23:24,825 [grpc-default-executor-3] INFO  client.GrpcClientProtocolClient (GrpcClientProtocolClient.java:onNext(255)) - client-969FB6DA8C9A->4fcc8d53-44cb-4faf-b915-5afa0c7529d4: receive RaftClientReply:client-969FB6DA8C9A->4fcc8d53-44cb-4faf-b915-5afa0c7529d4@group-6A615BAE1DD1, cid=1764, SUCCESS, logIndex=0, commits[4fcc8d53-44cb-4faf-b915-5afa0c7529d4:c2529, 48aa5eb4-709c-4003-adb5-fbc02723cd23:c2528, 609a8cf1-6ad3-4123-b94a-106ad93148a8:c2528]
2019-09-05 09:23:24,829 | INFO  | SCMAudit | user=jenkins1000 | ip=192.168.36.69 | op=ALLOCATE_BLOCK {owner=5cf4fcf6-c517-45f4-af25-2fff646d8883, size=4194304, type=RATIS, factor=THREE} | ret=SUCCESS |  
2019-09-05 09:23:24,831 | INFO  | OMAudit | user=jenkins1000 | ip=127.0.0.1 | op=ALLOCATE_BLOCK {volume=vol-0-13331, bucket=bucket-0-43606, key=key-0-76526, dataSize=0, replicationType=null, replicationFactor=null, keyLocationInfo=null, clientID=102739173903106450} | ret=SUCCESS |  
2019-09-05 09:23:24,837 | INFO  | DNAudit | user=null | ip=null | op=WRITE_CHUNK {blockData=conID: 2 locID: 102739175330808328 bcsId: 0} | ret=SUCCESS |  
2019-09-05 09:23:24,838 | INFO  | DNAudit | user=null | ip=null | op=WRITE_CHUNK {blockData=conID: 2 locID: 102739175330808328 bcsId: 0} | ret=SUCCESS |  
2019-09-05 09:23:24,839 | INFO  | DNAudit | user=null | ip=null | op=WRITE_CHUNK {blockData=conID: 2 locID: 102739175330808328 bcsId: 0} | ret=SUCCESS |  
2019-09-05 09:23:24,840 | INFO  | DNAudit | user=null | ip=null | op=WRITE_CHUNK {blockData=conID: 2 locID: 102739175330808328 bcsId: 0} | ret=SUCCESS |  
2019-09-05 09:23:24,841 | INFO  | DNAudit | user=null | ip=null | op=WRITE_CHUNK {blockData=conID: 2 locID: 102739175330808328 bcsId: 0} | ret=SUCCESS |  
2019-09-05 09:23:24,841 | INFO  | DNAudit | user=null | ip=null | op=WRITE_CHUNK {blockData=conID: 2 locID: 102739175330808328 bcsId: 0} | ret=SUCCESS |  
2019-09-05 09:23:24,857 | INFO  | DNAudit | user=null | ip=null | op=WRITE_CHUNK {blockData=conID: 2 locID: 102739175330808328 bcsId: 0} | ret=SUCCESS |  
2019-09-05 09:23:24,857 | INFO  | DNAudit | user=null | ip=null | op=PUT_BLOCK {blockData=[blockId=conID: 2 locID: 102739175330808328 bcsId: 0,size=1048576]} | ret=SUCCESS |  
2019-09-05 09:23:24,858 | INFO  | DNAudit | user=null | ip=null | op=WRITE_CHUNK {blockData=conID: 2 locID: 102739175330808328 bcsId: 0} | ret=SUCCESS |  
2019-09-05 09:23:24,858 [grpc-default-executor-3] INFO  client.GrpcClientProtocolClient (GrpcClientProtocolClient.java:onNext(255)) - client-969FB6DA8C9A->4fcc8d53-44cb-4faf-b915-5afa0c7529d4: receive RaftClientReply:client-969FB6DA8C9A->4fcc8d53-44cb-4faf-b915-5afa0c7529d4@group-6A615BAE1DD1, cid=1765, SUCCESS, logIndex=2531, commits[4fcc8d53-44cb-4faf-b915-5afa0c7529d4:c2533, 48aa5eb4-709c-4003-adb5-fbc02723cd23:c2530, 609a8cf1-6ad3-4123-b94a-106ad93148a8:c2530]
2019-09-05 09:23:24,858 | INFO  | DNAudit | user=null | ip=null | op=PUT_BLOCK {blockData=[blockId=conID: 2 locID: 102739175330808328 bcsId: 0,size=2097152]} | ret=SUCCESS |  
2019-09-05 09:23:24,858 [grpc-default-executor-3] INFO  client.GrpcClientProtocolClient (GrpcClientProtocolClient.java:onNext(255)) - client-969FB6DA8C9A->4fcc8d53-44cb-4faf-b915-5afa0c7529d4: receive RaftClientReply:client-969FB6DA8C9A->4fcc8d53-44cb-4faf-b915-5afa0c7529d4@group-6A615BAE1DD1, cid=1766, SUCCESS, logIndex=2532, commits[4fcc8d53-44cb-4faf-b915-5afa0c7529d4:c2534, 48aa5eb4-709c-4003-adb5-fbc02723cd23:c2530, 609a8cf1-6ad3-4123-b94a-106ad93148a8:c2530]
2019-09-05 09:23:24,858 [grpc-default-executor-3] INFO  client.GrpcClientProtocolClient (GrpcClientProtocolClient.java:onNext(255)) - client-969FB6DA8C9A->4fcc8d53-44cb-4faf-b915-5afa0c7529d4: receive RaftClientReply:client-969FB6DA8C9A->4fcc8d53-44cb-4faf-b915-5afa0c7529d4@group-6A615BAE1DD1, cid=1767, SUCCESS, logIndex=2533, commits[4fcc8d53-44cb-4faf-b915-5afa0c7529d4:c2534, 48aa5eb4-709c-4003-adb5-fbc02723cd23:c2530, 609a8cf1-6ad3-4123-b94a-106ad93148a8:c2530]
2019-09-05 09:23:24,859 [grpc-default-executor-3] INFO  client.GrpcClientProtocolClient (GrpcClientProtocolClient.java:onNext(255)) - client-969FB6DA8C9A->4fcc8d53-44cb-4faf-b915-5afa0c7529d4: receive RaftClientReply:client-969FB6DA8C9A->4fcc8d53-44cb-4faf-b915-5afa0c7529d4@group-6A615BAE1DD1, cid=1768, SUCCESS, logIndex=2534, commits[4fcc8d53-44cb-4faf-b915-5afa0c7529d4:c2534, 48aa5eb4-709c-4003-adb5-fbc02723cd23:c2530, 609a8cf1-6ad3-4123-b94a-106ad93148a8:c2530]
2019-09-05 09:23:24,869 | INFO  | DNAudit | user=null | ip=null | op=WRITE_CHUNK {blockData=conID: 2 locID: 102739175330808328 bcsId: 0} | ret=SUCCESS |  
2019-09-05 09:23:24,869 | INFO  | DNAudit | user=null | ip=null | op=WRITE_CHUNK {blockData=conID: 2 locID: 102739175330808328 bcsId: 0} | ret=SUCCESS |  
2019-09-05 09:23:24,869 | INFO  | DNAudit | user=null | ip=null | op=PUT_BLOCK {blockData=[blockId=conID: 2 locID: 102739175330808328 bcsId: 0,size=1048576]} | ret=SUCCESS |  
2019-09-05 09:23:24,869 | INFO  | DNAudit | user=null | ip=null | op=PUT_BLOCK {blockData=[blockId=conID: 2 locID: 102739175330808328 bcsId: 0,size=1048576]} | ret=SUCCESS |  
2019-09-05 09:23:24,870 [grpc-default-executor-3] INFO  client.GrpcClientProtocolClient (GrpcClientProtocolClient.java:onNext(255)) - client-969FB6DA8C9A->4fcc8d53-44cb-4faf-b915-5afa0c7529d4: receive RaftClientReply:client-969FB6DA8C9A->4fcc8d53-44cb-4faf-b915-5afa0c7529d4@group-6A615BAE1DD1, cid=1769, SUCCESS, logIndex=0, commits[4fcc8d53-44cb-4faf-b915-5afa0c7529d4:c2535, 48aa5eb4-709c-4003-adb5-fbc02723cd23:c2532, 609a8cf1-6ad3-4123-b94a-106ad93148a8:c2532]
2019-09-05 09:23:24,870 | INFO  | DNAudit | user=null | ip=null | op=WRITE_CHUNK {blockData=conID: 2 locID: 102739175330808328 bcsId: 0} | ret=SUCCESS |  
2019-09-05 09:23:24,871 | INFO  | DNAudit | user=null | ip=null | op=WRITE_CHUNK {blockData=conID: 2 locID: 102739175330808328 bcsId: 0} | ret=SUCCESS |  
2019-09-05 09:23:24,871 | INFO  | DNAudit | user=null | ip=null | op=PUT_BLOCK {blockData=[blockId=conID: 2 locID: 102739175330808328 bcsId: 0,size=2097152]} | ret=SUCCESS |  
2019-09-05 09:23:24,871 | INFO  | DNAudit | user=null | ip=null | op=PUT_BLOCK {blockData=[blockId=conID: 2 locID: 102739175330808328 bcsId: 0,size=2097152]} | ret=SUCCESS |  
2019-09-05 09:23:24,875 | INFO  | DNAudit | user=null | ip=null | op=WRITE_CHUNK {blockData=conID: 2 locID: 102739175330808328 bcsId: 2534} | ret=SUCCESS |  
2019-09-05 09:23:24,878 | INFO  | DNAudit | user=null | ip=null | op=WRITE_CHUNK {blockData=conID: 2 locID: 102739175330808328 bcsId: 2534} | ret=SUCCESS |  
2019-09-05 09:23:24,878 | INFO  | DNAudit | user=null | ip=null | op=WRITE_CHUNK {blockData=conID: 2 locID: 102739175330808328 bcsId: 2534} | ret=SUCCESS |  
2019-09-05 09:23:24,882 | INFO  | DNAudit | user=null | ip=null | op=WRITE_CHUNK {blockData=conID: 2 locID: 102739175330808328 bcsId: 2534} | ret=SUCCESS |  
2019-09-05 09:23:24,882 | INFO  | DNAudit | user=null | ip=null | op=PUT_BLOCK {blockData=[blockId=conID: 2 locID: 102739175330808328 bcsId: 0,size=3145728]} | ret=SUCCESS |  
2019-09-05 09:23:24,882 [grpc-default-executor-4] INFO  client.GrpcClientProtocolClient (GrpcClientProtocolClient.java:onNext(255)) - client-969FB6DA8C9A->4fcc8d53-44cb-4faf-b915-5afa0c7529d4: receive RaftClientReply:client-969FB6DA8C9A->4fcc8d53-44cb-4faf-b915-5afa0c7529d4@group-6A615BAE1DD1, cid=1770, SUCCESS, logIndex=2539, commits[4fcc8d53-44cb-4faf-b915-5afa0c7529d4:c2540, 48aa5eb4-709c-4003-adb5-fbc02723cd23:c2538, 609a8cf1-6ad3-4123-b94a-106ad93148a8:c2538]
2019-09-05 09:23:24,883 [grpc-default-executor-4] INFO  client.GrpcClientProtocolClient (GrpcClientProtocolClient.java:onNext(255)) - client-969FB6DA8C9A->4fcc8d53-44cb-4faf-b915-5afa0c7529d4: receive RaftClientReply:client-969FB6DA8C9A->4fcc8d53-44cb-4faf-b915-5afa0c7529d4@group-6A615BAE1DD1, cid=1771, SUCCESS, logIndex=2540, commits[4fcc8d53-44cb-4faf-b915-5afa0c7529d4:c2540, 48aa5eb4-709c-4003-adb5-fbc02723cd23:c2538, 609a8cf1-6ad3-4123-b94a-106ad93148a8:c2538]
2019-09-05 09:23:24,889 | INFO  | DNAudit | user=null | ip=null | op=WRITE_CHUNK {blockData=conID: 2 locID: 102739175330808328 bcsId: 2540} | ret=SUCCESS |  
2019-09-05 09:23:24,890 | INFO  | DNAudit | user=null | ip=null | op=WRITE_CHUNK {blockData=conID: 2 locID: 102739175330808328 bcsId: 2540} | ret=SUCCESS |  
2019-09-05 09:23:24,890 | INFO  | DNAudit | user=null | ip=null | op=WRITE_CHUNK {blockData=conID: 2 locID: 102739175330808328 bcsId: 2540} | ret=SUCCESS |  
2019-09-05 09:23:24,894 | INFO  | DNAudit | user=null | ip=null | op=WRITE_CHUNK {blockData=conID: 2 locID: 102739175330808328 bcsId: 2534} | ret=SUCCESS |  
2019-09-05 09:23:24,894 | INFO  | DNAudit | user=null | ip=null | op=WRITE_CHUNK {blockData=conID: 2 locID: 102739175330808328 bcsId: 2534} | ret=SUCCESS |  
2019-09-05 09:23:24,894 | INFO  | DNAudit | user=null | ip=null | op=PUT_BLOCK {blockData=[blockId=conID: 2 locID: 102739175330808328 bcsId: 0,size=3145728]} | ret=SUCCESS |  
2019-09-05 09:23:24,894 | INFO  | DNAudit | user=null | ip=null | op=PUT_BLOCK {blockData=[blockId=conID: 2 locID: 102739175330808328 bcsId: 0,size=3145728]} | ret=SUCCESS |  
2019-09-05 09:23:24,895 | INFO  | DNAudit | user=null | ip=null | op=WRITE_CHUNK {blockData=conID: 2 locID: 102739175330808328 bcsId: 2540} | ret=SUCCESS |  
2019-09-05 09:23:24,895 | INFO  | DNAudit | user=null | ip=null | op=PUT_BLOCK {blockData=[blockId=conID: 2 locID: 102739175330808328 bcsId: 0,size=4194304]} | ret=SUCCESS |  
2019-09-05 09:23:24,896 [grpc-default-executor-5] INFO  client.GrpcClientProtocolClient (GrpcClientProtocolClient.java:onNext(255)) - client-969FB6DA8C9A->4fcc8d53-44cb-4faf-b915-5afa0c7529d4: receive RaftClientReply:client-969FB6DA8C9A->4fcc8d53-44cb-4faf-b915-5afa0c7529d4@group-6A615BAE1DD1, cid=1772, SUCCESS, logIndex=2543, commits[4fcc8d53-44cb-4faf-b915-5afa0c7529d4:c2544, 48aa5eb4-709c-4003-adb5-fbc02723cd23:c2540, 609a8cf1-6ad3-4123-b94a-106ad93148a8:c2540]
2019-09-05 09:23:24,896 [grpc-default-executor-5] INFO  client.GrpcClientProtocolClient (GrpcClientProtocolClient.java:onNext(255)) - client-969FB6DA8C9A->4fcc8d53-44cb-4faf-b915-5afa0c7529d4: receive RaftClientReply:client-969FB6DA8C9A->4fcc8d53-44cb-4faf-b915-5afa0c7529d4@group-6A615BAE1DD1, cid=1773, SUCCESS, logIndex=2544, commits[4fcc8d53-44cb-4faf-b915-5afa0c7529d4:c2544, 48aa5eb4-709c-4003-adb5-fbc02723cd23:c2540, 609a8cf1-6ad3-4123-b94a-106ad93148a8:c2540]
2019-09-05 09:23:24,896 | INFO  | DNAudit | user=null | ip=null | op=WRITE_CHUNK {blockData=conID: 2 locID: 102739175330808328 bcsId: 2540} | ret=SUCCESS |  
2019-09-05 09:23:24,897 | INFO  | DNAudit | user=null | ip=null | op=WRITE_CHUNK {blockData=conID: 2 locID: 102739175330808328 bcsId: 2540} | ret=SUCCESS |  
2019-09-05 09:23:24,898 | INFO  | DNAudit | user=null | ip=null | op=PUT_BLOCK {blockData=[blockId=conID: 2 locID: 102739175330808328 bcsId: 0,size=4194304]} | ret=SUCCESS |  
2019-09-05 09:23:24,898 | INFO  | DNAudit | user=null | ip=null | op=PUT_BLOCK {blockData=[blockId=conID: 2 locID: 102739175330808328 bcsId: 0,size=4194304]} | ret=SUCCESS |  
2019-09-05 09:23:24,899 [grpc-default-executor-4] INFO  client.GrpcClientProtocolClient (GrpcClientProtocolClient.java:onNext(255)) - client-969FB6DA8C9A->4fcc8d53-44cb-4faf-b915-5afa0c7529d4: receive RaftClientReply:client-969FB6DA8C9A->4fcc8d53-44cb-4faf-b915-5afa0c7529d4@group-6A615BAE1DD1, cid=1774, SUCCESS, logIndex=0, commits[4fcc8d53-44cb-4faf-b915-5afa0c7529d4:c2546, 48aa5eb4-709c-4003-adb5-fbc02723cd23:c2544, 609a8cf1-6ad3-4123-b94a-106ad93148a8:c2544]
2019-09-05 09:23:24,902 | INFO  | SCMAudit | user=jenkins1000 | ip=192.168.36.69 | op=ALLOCATE_BLOCK {owner=5cf4fcf6-c517-45f4-af25-2fff646d8883, size=4194304, type=RATIS, factor=THREE} | ret=SUCCESS |  
2019-09-05 09:23:24,904 | INFO  | OMAudit | user=jenkins1000 | ip=127.0.0.1 | op=ALLOCATE_BLOCK {volume=vol-0-13331, bucket=bucket-0-43606, key=key-0-76526, dataSize=0, replicationType=null, replicationFactor=null, keyLocationInfo=null, clientID=102739173903106450} | ret=SUCCESS |  
2019-09-05 09:23:24,911 | INFO  | DNAudit | user=null | ip=null | op=WRITE_CHUNK {blockData=conID: 3 locID: 102739175335657993 bcsId: 0} | ret=SUCCESS |  
2019-09-05 09:23:24,913 | INFO  | DNAudit | user=null | ip=null | op=WRITE_CHUNK {blockData=conID: 3 locID: 102739175335657993 bcsId: 0} | ret=SUCCESS |  
2019-09-05 09:23:24,913 | INFO  | DNAudit | user=null | ip=null | op=WRITE_CHUNK {blockData=conID: 3 locID: 102739175335657993 bcsId: 0} | ret=SUCCESS |  
2019-09-05 09:23:24,913 | INFO  | DNAudit | user=null | ip=null | op=WRITE_CHUNK {blockData=conID: 3 locID: 102739175335657993 bcsId: 0} | ret=SUCCESS |  
2019-09-05 09:23:24,915 | INFO  | DNAudit | user=null | ip=null | op=WRITE_CHUNK {blockData=conID: 3 locID: 102739175335657993 bcsId: 0} | ret=SUCCESS |  
2019-09-05 09:23:24,915 | INFO  | DNAudit | user=null | ip=null | op=WRITE_CHUNK {blockData=conID: 3 locID: 102739175335657993 bcsId: 0} | ret=SUCCESS |  
2019-09-05 09:23:24,937 | INFO  | DNAudit | user=null | ip=null | op=WRITE_CHUNK {blockData=conID: 3 locID: 102739175335657993 bcsId: 0} | ret=SUCCESS |  
2019-09-05 09:23:24,937 | INFO  | DNAudit | user=null | ip=null | op=PUT_BLOCK {blockData=[blockId=conID: 3 locID: 102739175335657993 bcsId: 0,size=1048576]} | ret=SUCCESS |  
2019-09-05 09:23:24,937 [grpc-default-executor-4] INFO  client.GrpcClientProtocolClient (GrpcClientProtocolClient.java:onNext(255)) - client-969FB6DA8C9A->4fcc8d53-44cb-4faf-b915-5afa0c7529d4: receive RaftClientReply:client-969FB6DA8C9A->4fcc8d53-44cb-4faf-b915-5afa0c7529d4@group-6A615BAE1DD1, cid=1775, SUCCESS, logIndex=2547, commits[4fcc8d53-44cb-4faf-b915-5afa0c7529d4:c2548, 48aa5eb4-709c-4003-adb5-fbc02723cd23:c2546, 609a8cf1-6ad3-4123-b94a-106ad93148a8:c2546]
2019-09-05 09:23:24,937 | INFO  | DNAudit | user=null | ip=null | op=WRITE_CHUNK {blockData=conID: 3 locID: 102739175335657993 bcsId: 0} | ret=SUCCESS |  
2019-09-05 09:23:24,938 | INFO  | DNAudit | user=null | ip=null | op=PUT_BLOCK {blockData=[blockId=conID: 3 locID: 102739175335657993 bcsId: 0,size=2097152]} | ret=SUCCESS |  
2019-09-05 09:23:24,938 [grpc-default-executor-4] INFO  client.GrpcClientProtocolClient (GrpcClientProtocolClient.java:onNext(255)) - client-969FB6DA8C9A->4fcc8d53-44cb-4faf-b915-5afa0c7529d4: receive RaftClientReply:client-969FB6DA8C9A->4fcc8d53-44cb-4faf-b915-5afa0c7529d4@group-6A615BAE1DD1, cid=1776, SUCCESS, logIndex=2548, commits[4fcc8d53-44cb-4faf-b915-5afa0c7529d4:c2550, 48aa5eb4-709c-4003-adb5-fbc02723cd23:c2546, 609a8cf1-6ad3-4123-b94a-106ad93148a8:c2546]
2019-09-05 09:23:24,938 [grpc-default-executor-4] INFO  client.GrpcClientProtocolClient (GrpcClientProtocolClient.java:onNext(255)) - client-969FB6DA8C9A->4fcc8d53-44cb-4faf-b915-5afa0c7529d4: receive RaftClientReply:client-969FB6DA8C9A->4fcc8d53-44cb-4faf-b915-5afa0c7529d4@group-6A615BAE1DD1, cid=1777, SUCCESS, logIndex=2549, commits[4fcc8d53-44cb-4faf-b915-5afa0c7529d4:c2550, 48aa5eb4-709c-4003-adb5-fbc02723cd23:c2546, 609a8cf1-6ad3-4123-b94a-106ad93148a8:c2546]
2019-09-05 09:23:24,938 | INFO  | DNAudit | user=null | ip=null | op=WRITE_CHUNK {blockData=conID: 3 locID: 102739175335657993 bcsId: 0} | ret=SUCCESS |  
2019-09-05 09:23:24,938 [grpc-default-executor-4] INFO  client.GrpcClientProtocolClient (GrpcClientProtocolClient.java:onNext(255)) - client-969FB6DA8C9A->4fcc8d53-44cb-4faf-b915-5afa0c7529d4: receive RaftClientReply:client-969FB6DA8C9A->4fcc8d53-44cb-4faf-b915-5afa0c7529d4@group-6A615BAE1DD1, cid=1778, SUCCESS, logIndex=2550, commits[4fcc8d53-44cb-4faf-b915-5afa0c7529d4:c2550, 48aa5eb4-709c-4003-adb5-fbc02723cd23:c2546, 609a8cf1-6ad3-4123-b94a-106ad93148a8:c2546]
2019-09-05 09:23:24,939 | INFO  | DNAudit | user=null | ip=null | op=WRITE_CHUNK {blockData=conID: 3 locID: 102739175335657993 bcsId: 0} | ret=SUCCESS |  
2019-09-05 09:23:24,939 | INFO  | DNAudit | user=null | ip=null | op=PUT_BLOCK {blockData=[blockId=conID: 3 locID: 102739175335657993 bcsId: 0,size=1048576]} | ret=SUCCESS |  
2019-09-05 09:23:24,939 | INFO  | DNAudit | user=null | ip=null | op=WRITE_CHUNK {blockData=conID: 3 locID: 102739175335657993 bcsId: 0} | ret=SUCCESS |  
2019-09-05 09:23:24,939 | INFO  | DNAudit | user=null | ip=null | op=PUT_BLOCK {blockData=[blockId=conID: 3 locID: 102739175335657993 bcsId: 0,size=2097152]} | ret=SUCCESS |  
2019-09-05 09:23:24,939 | INFO  | DNAudit | user=null | ip=null | op=PUT_BLOCK {blockData=[blockId=conID: 3 locID: 102739175335657993 bcsId: 0,size=1048576]} | ret=SUCCESS |  
2019-09-05 09:23:24,940 | INFO  | DNAudit | user=null | ip=null | op=WRITE_CHUNK {blockData=conID: 3 locID: 102739175335657993 bcsId: 0} | ret=SUCCESS |  
2019-09-05 09:23:24,940 [grpc-default-executor-0] INFO  client.GrpcClientProtocolClient (GrpcClientProtocolClient.java:onNext(255)) - client-969FB6DA8C9A->4fcc8d53-44cb-4faf-b915-5afa0c7529d4: receive RaftClientReply:client-969FB6DA8C9A->4fcc8d53-44cb-4faf-b915-5afa0c7529d4@group-6A615BAE1DD1, cid=1779, SUCCESS, logIndex=0, commits[4fcc8d53-44cb-4faf-b915-5afa0c7529d4:c2553, 48aa5eb4-709c-4003-adb5-fbc02723cd23:c2548, 609a8cf1-6ad3-4123-b94a-106ad93148a8:c2550]
2019-09-05 09:23:24,940 | INFO  | DNAudit | user=null | ip=null | op=PUT_BLOCK {blockData=[blockId=conID: 3 locID: 102739175335657993 bcsId: 0,size=2097152]} | ret=SUCCESS |  
2019-09-05 09:23:24,945 | INFO  | DNAudit | user=null | ip=null | op=WRITE_CHUNK {blockData=conID: 3 locID: 102739175335657993 bcsId: 2550} | ret=SUCCESS |  
2019-09-05 09:23:24,947 | INFO  | DNAudit | user=null | ip=null | op=WRITE_CHUNK {blockData=conID: 3 locID: 102739175335657993 bcsId: 2550} | ret=SUCCESS |  
2019-09-05 09:23:24,947 | INFO  | DNAudit | user=null | ip=null | op=WRITE_CHUNK {blockData=conID: 3 locID: 102739175335657993 bcsId: 2550} | ret=SUCCESS |  
2019-09-05 09:23:24,958 | INFO  | DNAudit | user=null | ip=null | op=WRITE_CHUNK {blockData=conID: 3 locID: 102739175335657993 bcsId: 2550} | ret=SUCCESS |  
2019-09-05 09:23:24,958 | INFO  | DNAudit | user=null | ip=null | op=PUT_BLOCK {blockData=[blockId=conID: 3 locID: 102739175335657993 bcsId: 0,size=3145728]} | ret=SUCCESS |  
2019-09-05 09:23:24,958 [grpc-default-executor-5] INFO  client.GrpcClientProtocolClient (GrpcClientProtocolClient.java:onNext(255)) - client-969FB6DA8C9A->4fcc8d53-44cb-4faf-b915-5afa0c7529d4: receive RaftClientReply:client-969FB6DA8C9A->4fcc8d53-44cb-4faf-b915-5afa0c7529d4@group-6A615BAE1DD1, cid=1780, SUCCESS, logIndex=2555, commits[4fcc8d53-44cb-4faf-b915-5afa0c7529d4:c2556, 48aa5eb4-709c-4003-adb5-fbc02723cd23:c2554, 609a8cf1-6ad3-4123-b94a-106ad93148a8:c2554]
2019-09-05 09:23:24,959 [grpc-default-executor-5] INFO  client.GrpcClientProtocolClient (GrpcClientProtocolClient.java:onNext(255)) - client-969FB6DA8C9A->4fcc8d53-44cb-4faf-b915-5afa0c7529d4: receive RaftClientReply:client-969FB6DA8C9A->4fcc8d53-44cb-4faf-b915-5afa0c7529d4@group-6A615BAE1DD1, cid=1781, SUCCESS, logIndex=2556, commits[4fcc8d53-44cb-4faf-b915-5afa0c7529d4:c2556, 48aa5eb4-709c-4003-adb5-fbc02723cd23:c2554, 609a8cf1-6ad3-4123-b94a-106ad93148a8:c2554]
2019-09-05 09:23:24,965 | INFO  | DNAudit | user=null | ip=null | op=WRITE_CHUNK {blockData=conID: 3 locID: 102739175335657993 bcsId: 2556} | ret=SUCCESS |  
2019-09-05 09:23:24,967 | INFO  | DNAudit | user=null | ip=null | op=WRITE_CHUNK {blockData=conID: 3 locID: 102739175335657993 bcsId: 2556} | ret=SUCCESS |  
2019-09-05 09:23:24,967 | INFO  | DNAudit | user=null | ip=null | op=WRITE_CHUNK {blockData=conID: 3 locID: 102739175335657993 bcsId: 2556} | ret=SUCCESS |  
2019-09-05 09:23:24,989 | INFO  | DNAudit | user=null | ip=null | op=WRITE_CHUNK {blockData=conID: 3 locID: 102739175335657993 bcsId: 2550} | ret=SUCCESS |  
2019-09-05 09:23:24,989 | INFO  | DNAudit | user=null | ip=null | op=WRITE_CHUNK {blockData=conID: 3 locID: 102739175335657993 bcsId: 2550} | ret=SUCCESS |  
2019-09-05 09:23:24,989 | INFO  | DNAudit | user=null | ip=null | op=PUT_BLOCK {blockData=[blockId=conID: 3 locID: 102739175335657993 bcsId: 0,size=3145728]} | ret=SUCCESS |  
2019-09-05 09:23:24,989 | INFO  | DNAudit | user=null | ip=null | op=PUT_BLOCK {blockData=[blockId=conID: 3 locID: 102739175335657993 bcsId: 0,size=3145728]} | ret=SUCCESS |  
2019-09-05 09:23:24,990 | INFO  | DNAudit | user=null | ip=null | op=WRITE_CHUNK {blockData=conID: 3 locID: 102739175335657993 bcsId: 2556} | ret=SUCCESS |  
2019-09-05 09:23:24,990 | INFO  | DNAudit | user=null | ip=null | op=PUT_BLOCK {blockData=[blockId=conID: 3 locID: 102739175335657993 bcsId: 0,size=4194304]} | ret=SUCCESS |  
2019-09-05 09:23:24,991 [grpc-default-executor-4] INFO  client.GrpcClientProtocolClient (GrpcClientProtocolClient.java:onNext(255)) - client-969FB6DA8C9A->4fcc8d53-44cb-4faf-b915-5afa0c7529d4: receive RaftClientReply:client-969FB6DA8C9A->4fcc8d53-44cb-4faf-b915-5afa0c7529d4@group-6A615BAE1DD1, cid=1782, SUCCESS, logIndex=2559, commits[4fcc8d53-44cb-4faf-b915-5afa0c7529d4:c2560, 48aa5eb4-709c-4003-adb5-fbc02723cd23:c2556, 609a8cf1-6ad3-4123-b94a-106ad93148a8:c2556]
2019-09-05 09:23:24,991 [grpc-default-executor-4] INFO  client.GrpcClientProtocolClient (GrpcClientProtocolClient.java:onNext(255)) - client-969FB6DA8C9A->4fcc8d53-44cb-4faf-b915-5afa0c7529d4: receive RaftClientReply:client-969FB6DA8C9A->4fcc8d53-44cb-4faf-b915-5afa0c7529d4@group-6A615BAE1DD1, cid=1783, SUCCESS, logIndex=2560, commits[4fcc8d53-44cb-4faf-b915-5afa0c7529d4:c2560, 48aa5eb4-709c-4003-adb5-fbc02723cd23:c2556, 609a8cf1-6ad3-4123-b94a-106ad93148a8:c2556]
2019-09-05 09:23:24,998 | INFO  | DNAudit | user=null | ip=null | op=WRITE_CHUNK {blockData=conID: 3 locID: 102739175335657993 bcsId: 2556} | ret=SUCCESS |  
2019-09-05 09:23:24,998 | INFO  | DNAudit | user=null | ip=null | op=WRITE_CHUNK {blockData=conID: 3 locID: 102739175335657993 bcsId: 2556} | ret=SUCCESS |  
2019-09-05 09:23:25,000 | INFO  | DNAudit | user=null | ip=null | op=PUT_BLOCK {blockData=[blockId=conID: 3 locID: 102739175335657993 bcsId: 0,size=4194304]} | ret=SUCCESS |  
2019-09-05 09:23:25,000 | INFO  | DNAudit | user=null | ip=null | op=PUT_BLOCK {blockData=[blockId=conID: 3 locID: 102739175335657993 bcsId: 0,size=4194304]} | ret=SUCCESS |  
2019-09-05 09:23:25,000 [grpc-default-executor-5] INFO  client.GrpcClientProtocolClient (GrpcClientProtocolClient.java:onNext(255)) - client-969FB6DA8C9A->4fcc8d53-44cb-4faf-b915-5afa0c7529d4: receive RaftClientReply:client-969FB6DA8C9A->4fcc8d53-44cb-4faf-b915-5afa0c7529d4@group-6A615BAE1DD1, cid=1784, SUCCESS, logIndex=0, commits[4fcc8d53-44cb-4faf-b915-5afa0c7529d4:c2562, 48aa5eb4-709c-4003-adb5-fbc02723cd23:c2560, 609a8cf1-6ad3-4123-b94a-106ad93148a8:c2560]
2019-09-05 09:23:25,004 | INFO  | SCMAudit | user=jenkins1000 | ip=192.168.36.69 | op=ALLOCATE_BLOCK {owner=5cf4fcf6-c517-45f4-af25-2fff646d8883, size=4194304, type=RATIS, factor=THREE} | ret=SUCCESS |  
2019-09-05 09:23:25,007 | INFO  | OMAudit | user=jenkins1000 | ip=127.0.0.1 | op=ALLOCATE_BLOCK {volume=vol-0-13331, bucket=bucket-0-43606, key=key-0-76526, dataSize=0, replicationType=null, replicationFactor=null, keyLocationInfo=null, clientID=102739173903106450} | ret=SUCCESS |  
2019-09-05 09:23:25,014 | INFO  | DNAudit | user=null | ip=null | op=WRITE_CHUNK {blockData=conID: 1 locID: 102739175342342666 bcsId: 0} | ret=SUCCESS |  
2019-09-05 09:23:25,015 | INFO  | DNAudit | user=null | ip=null | op=WRITE_CHUNK {blockData=conID: 1 locID: 102739175342342666 bcsId: 0} | ret=SUCCESS |  
2019-09-05 09:23:25,015 | INFO  | DNAudit | user=null | ip=null | op=WRITE_CHUNK {blockData=conID: 1 locID: 102739175342342666 bcsId: 0} | ret=SUCCESS |  
2019-09-05 09:23:25,016 | INFO  | DNAudit | user=null | ip=null | op=WRITE_CHUNK {blockData=conID: 1 locID: 102739175342342666 bcsId: 0} | ret=SUCCESS |  
2019-09-05 09:23:25,016 | INFO  | DNAudit | user=null | ip=null | op=WRITE_CHUNK {blockData=conID: 1 locID: 102739175342342666 bcsId: 0} | ret=SUCCESS |  
2019-09-05 09:23:25,017 | INFO  | DNAudit | user=null | ip=null | op=WRITE_CHUNK {blockData=conID: 1 locID: 102739175342342666 bcsId: 0} | ret=SUCCESS |  
2019-09-05 09:23:25,058 | INFO  | DNAudit | user=null | ip=null | op=WRITE_CHUNK {blockData=conID: 1 locID: 102739175342342666 bcsId: 0} | ret=SUCCESS |  
2019-09-05 09:23:25,058 | INFO  | DNAudit | user=null | ip=null | op=PUT_BLOCK {blockData=[blockId=conID: 1 locID: 102739175342342666 bcsId: 0,size=1048576]} | ret=SUCCESS |  
2019-09-05 09:23:25,059 [grpc-default-executor-5] INFO  client.GrpcClientProtocolClient (GrpcClientProtocolClient.java:onNext(255)) - client-969FB6DA8C9A->4fcc8d53-44cb-4faf-b915-5afa0c7529d4: receive RaftClientReply:client-969FB6DA8C9A->4fcc8d53-44cb-4faf-b915-5afa0c7529d4@group-6A615BAE1DD1, cid=1785, SUCCESS, logIndex=2563, commits[4fcc8d53-44cb-4faf-b915-5afa0c7529d4:c2565, 48aa5eb4-709c-4003-adb5-fbc02723cd23:c2562, 609a8cf1-6ad3-4123-b94a-106ad93148a8:c2562]
2019-09-05 09:23:25,059 | INFO  | DNAudit | user=null | ip=null | op=WRITE_CHUNK {blockData=conID: 1 locID: 102739175342342666 bcsId: 0} | ret=SUCCESS |  
2019-09-05 09:23:25,059 | INFO  | DNAudit | user=null | ip=null | op=PUT_BLOCK {blockData=[blockId=conID: 1 locID: 102739175342342666 bcsId: 0,size=2097152]} | ret=SUCCESS |  
2019-09-05 09:23:25,059 [grpc-default-executor-5] INFO  client.GrpcClientProtocolClient (GrpcClientProtocolClient.java:onNext(255)) - client-969FB6DA8C9A->4fcc8d53-44cb-4faf-b915-5afa0c7529d4: receive RaftClientReply:client-969FB6DA8C9A->4fcc8d53-44cb-4faf-b915-5afa0c7529d4@group-6A615BAE1DD1, cid=1786, SUCCESS, logIndex=2564, commits[4fcc8d53-44cb-4faf-b915-5afa0c7529d4:c2566, 48aa5eb4-709c-4003-adb5-fbc02723cd23:c2562, 609a8cf1-6ad3-4123-b94a-106ad93148a8:c2562]
2019-09-05 09:23:25,059 [grpc-default-executor-5] INFO  client.GrpcClientProtocolClient (GrpcClientProtocolClient.java:onNext(255)) - client-969FB6DA8C9A->4fcc8d53-44cb-4faf-b915-5afa0c7529d4: receive RaftClientReply:client-969FB6DA8C9A->4fcc8d53-44cb-4faf-b915-5afa0c7529d4@group-6A615BAE1DD1, cid=1787, SUCCESS, logIndex=2565, commits[4fcc8d53-44cb-4faf-b915-5afa0c7529d4:c2566, 48aa5eb4-709c-4003-adb5-fbc02723cd23:c2562, 609a8cf1-6ad3-4123-b94a-106ad93148a8:c2562]
2019-09-05 09:23:25,060 [grpc-default-executor-5] INFO  client.GrpcClientProtocolClient (GrpcClientProtocolClient.java:onNext(255)) - client-969FB6DA8C9A->4fcc8d53-44cb-4faf-b915-5afa0c7529d4: receive RaftClientReply:client-969FB6DA8C9A->4fcc8d53-44cb-4faf-b915-5afa0c7529d4@group-6A615BAE1DD1, cid=1788, SUCCESS, logIndex=2566, commits[4fcc8d53-44cb-4faf-b915-5afa0c7529d4:c2566, 48aa5eb4-709c-4003-adb5-fbc02723cd23:c2562, 609a8cf1-6ad3-4123-b94a-106ad93148a8:c2562]
2019-09-05 09:23:25,086 | INFO  | DNAudit | user=null | ip=null | op=WRITE_CHUNK {blockData=conID: 1 locID: 102739175342342666 bcsId: 0} | ret=SUCCESS |  
2019-09-05 09:23:25,086 | INFO  | DNAudit | user=null | ip=null | op=WRITE_CHUNK {blockData=conID: 1 locID: 102739175342342666 bcsId: 0} | ret=SUCCESS |  
2019-09-05 09:23:25,088 | INFO  | DNAudit | user=null | ip=null | op=PUT_BLOCK {blockData=[blockId=conID: 1 locID: 102739175342342666 bcsId: 0,size=1048576]} | ret=SUCCESS |  
2019-09-05 09:23:25,088 | INFO  | DNAudit | user=null | ip=null | op=WRITE_CHUNK {blockData=conID: 1 locID: 102739175342342666 bcsId: 0} | ret=SUCCESS |  
2019-09-05 09:23:25,088 | INFO  | DNAudit | user=null | ip=null | op=PUT_BLOCK {blockData=[blockId=conID: 1 locID: 102739175342342666 bcsId: 0,size=1048576]} | ret=SUCCESS |  
2019-09-05 09:23:25,088 | INFO  | DNAudit | user=null | ip=null | op=WRITE_CHUNK {blockData=conID: 1 locID: 102739175342342666 bcsId: 0} | ret=SUCCESS |  
2019-09-05 09:23:25,089 | INFO  | DNAudit | user=null | ip=null | op=PUT_BLOCK {blockData=[blockId=conID: 1 locID: 102739175342342666 bcsId: 0,size=2097152]} | ret=SUCCESS |  
2019-09-05 09:23:25,089 | INFO  | DNAudit | user=null | ip=null | op=PUT_BLOCK {blockData=[blockId=conID: 1 locID: 102739175342342666 bcsId: 0,size=2097152]} | ret=SUCCESS |  
2019-09-05 09:23:25,089 [grpc-default-executor-5] INFO  client.GrpcClientProtocolClient (GrpcClientProtocolClient.java:onNext(255)) - client-969FB6DA8C9A->4fcc8d53-44cb-4faf-b915-5afa0c7529d4: receive RaftClientReply:client-969FB6DA8C9A->4fcc8d53-44cb-4faf-b915-5afa0c7529d4@group-6A615BAE1DD1, cid=1789, SUCCESS, logIndex=0, commits[4fcc8d53-44cb-4faf-b915-5afa0c7529d4:c2569, 48aa5eb4-709c-4003-adb5-fbc02723cd23:c2565, 609a8cf1-6ad3-4123-b94a-106ad93148a8:c2565]
2019-09-05 09:23:25,095 | INFO  | DNAudit | user=null | ip=null | op=WRITE_CHUNK {blockData=conID: 1 locID: 102739175342342666 bcsId: 2566} | ret=SUCCESS |  
2019-09-05 09:23:25,096 | INFO  | DNAudit | user=null | ip=null | op=WRITE_CHUNK {blockData=conID: 1 locID: 102739175342342666 bcsId: 2566} | ret=SUCCESS |  
2019-09-05 09:23:25,097 | INFO  | DNAudit | user=null | ip=null | op=WRITE_CHUNK {blockData=conID: 1 locID: 102739175342342666 bcsId: 2566} | ret=SUCCESS |  
2019-09-05 09:23:25,180 | INFO  | DNAudit | user=null | ip=null | op=WRITE_CHUNK {blockData=conID: 1 locID: 102739175342342666 bcsId: 2566} | ret=SUCCESS |  
2019-09-05 09:23:25,181 | INFO  | DNAudit | user=null | ip=null | op=PUT_BLOCK {blockData=[blockId=conID: 1 locID: 102739175342342666 bcsId: 0,size=3145728]} | ret=SUCCESS |  
2019-09-05 09:23:25,181 [grpc-default-executor-5] INFO  client.GrpcClientProtocolClient (GrpcClientProtocolClient.java:onNext(255)) - client-969FB6DA8C9A->4fcc8d53-44cb-4faf-b915-5afa0c7529d4: receive RaftClientReply:client-969FB6DA8C9A->4fcc8d53-44cb-4faf-b915-5afa0c7529d4@group-6A615BAE1DD1, cid=1790, SUCCESS, logIndex=2571, commits[4fcc8d53-44cb-4faf-b915-5afa0c7529d4:c2572, 48aa5eb4-709c-4003-adb5-fbc02723cd23:c2570, 609a8cf1-6ad3-4123-b94a-106ad93148a8:c2570]
2019-09-05 09:23:25,181 [grpc-default-executor-5] INFO  client.GrpcClientProtocolClient (GrpcClientProtocolClient.java:onNext(255)) - client-969FB6DA8C9A->4fcc8d53-44cb-4faf-b915-5afa0c7529d4: receive RaftClientReply:client-969FB6DA8C9A->4fcc8d53-44cb-4faf-b915-5afa0c7529d4@group-6A615BAE1DD1, cid=1791, SUCCESS, logIndex=2572, commits[4fcc8d53-44cb-4faf-b915-5afa0c7529d4:c2572, 48aa5eb4-709c-4003-adb5-fbc02723cd23:c2570, 609a8cf1-6ad3-4123-b94a-106ad93148a8:c2570]
2019-09-05 09:23:25,189 | INFO  | DNAudit | user=null | ip=null | op=WRITE_CHUNK {blockData=conID: 1 locID: 102739175342342666 bcsId: 2572} | ret=SUCCESS |  
 0.00% |█                                                                                                    |  0/1 Time: 0:00:222019-09-05 09:23:25,239 | INFO  | SCMAudit | user=jenkins1000 | ip=192.168.36.69 | op=SEND_HEARTBEAT {datanodeUUID=4fcc8d53-44cb-4faf-b915-5afa0c7529d4, command=[]} | ret=SUCCESS |  
2019-09-05 09:23:25,239 | INFO  | SCMAudit | user=jenkins1000 | ip=192.168.36.69 | op=SEND_HEARTBEAT {datanodeUUID=5b6cff60-1414-40d6-b682-781dc5ff3023, command=[]} | ret=SUCCESS |  
2019-09-05 09:23:25,239 | INFO  | SCMAudit | user=jenkins1000 | ip=192.168.36.69 | op=SEND_HEARTBEAT {datanodeUUID=609a8cf1-6ad3-4123-b94a-106ad93148a8, command=[]} | ret=SUCCESS |  
2019-09-05 09:23:25,239 | INFO  | SCMAudit | user=jenkins1000 | ip=192.168.36.69 | op=SEND_HEARTBEAT {datanodeUUID=48aa5eb4-709c-4003-adb5-fbc02723cd23, command=[]} | ret=SUCCESS |  
2019-09-05 09:23:25,296 | INFO  | DNAudit | user=null | ip=null | op=WRITE_CHUNK {blockData=conID: 1 locID: 102739175342342666 bcsId: 2566} | ret=SUCCESS |  
2019-09-05 09:23:25,296 | INFO  | DNAudit | user=null | ip=null | op=WRITE_CHUNK {blockData=conID: 1 locID: 102739175342342666 bcsId: 2566} | ret=SUCCESS |  
2019-09-05 09:23:25,297 | INFO  | DNAudit | user=null | ip=null | op=PUT_BLOCK {blockData=[blockId=conID: 1 locID: 102739175342342666 bcsId: 0,size=3145728]} | ret=SUCCESS |  
2019-09-05 09:23:25,297 | INFO  | DNAudit | user=null | ip=null | op=PUT_BLOCK {blockData=[blockId=conID: 1 locID: 102739175342342666 bcsId: 0,size=3145728]} | ret=SUCCESS |  
2019-09-05 09:23:25,298 | INFO  | DNAudit | user=null | ip=null | op=WRITE_CHUNK {blockData=conID: 1 locID: 102739175342342666 bcsId: 2572} | ret=SUCCESS |  
2019-09-05 09:23:25,300 | INFO  | DNAudit | user=null | ip=null | op=WRITE_CHUNK {blockData=conID: 1 locID: 102739175342342666 bcsId: 2572} | ret=SUCCESS |  
2019-09-05 09:23:25,322 | INFO  | DNAudit | user=null | ip=null | op=WRITE_CHUNK {blockData=conID: 1 locID: 102739175342342666 bcsId: 2572} | ret=SUCCESS |  
2019-09-05 09:23:25,323 | INFO  | DNAudit | user=null | ip=null | op=PUT_BLOCK {blockData=[blockId=conID: 1 locID: 102739175342342666 bcsId: 0,size=4194304]} | ret=SUCCESS |  
2019-09-05 09:23:25,323 [grpc-default-executor-5] INFO  client.GrpcClientProtocolClient (GrpcClientProtocolClient.java:onNext(255)) - client-969FB6DA8C9A->4fcc8d53-44cb-4faf-b915-5afa0c7529d4: receive RaftClientReply:client-969FB6DA8C9A->4fcc8d53-44cb-4faf-b915-5afa0c7529d4@group-6A615BAE1DD1, cid=1792, SUCCESS, logIndex=2575, commits[4fcc8d53-44cb-4faf-b915-5afa0c7529d4:c2576, 48aa5eb4-709c-4003-adb5-fbc02723cd23:c2572, 609a8cf1-6ad3-4123-b94a-106ad93148a8:c2572]
2019-09-05 09:23:25,323 [grpc-default-executor-5] INFO  client.GrpcClientProtocolClient (GrpcClientProtocolClient.java:onNext(255)) - client-969FB6DA8C9A->4fcc8d53-44cb-4faf-b915-5afa0c7529d4: receive RaftClientReply:client-969FB6DA8C9A->4fcc8d53-44cb-4faf-b915-5afa0c7529d4@group-6A615BAE1DD1, cid=1793, SUCCESS, logIndex=2576, commits[4fcc8d53-44cb-4faf-b915-5afa0c7529d4:c2576, 48aa5eb4-709c-4003-adb5-fbc02723cd23:c2572, 609a8cf1-6ad3-4123-b94a-106ad93148a8:c2572]
2019-09-05 09:23:25,345 | INFO  | DNAudit | user=null | ip=null | op=WRITE_CHUNK {blockData=conID: 1 locID: 102739175342342666 bcsId: 2572} | ret=SUCCESS |  
2019-09-05 09:23:25,345 | INFO  | DNAudit | user=null | ip=null | op=WRITE_CHUNK {blockData=conID: 1 locID: 102739175342342666 bcsId: 2572} | ret=SUCCESS |  
2019-09-05 09:23:25,345 | INFO  | DNAudit | user=null | ip=null | op=PUT_BLOCK {blockData=[blockId=conID: 1 locID: 102739175342342666 bcsId: 0,size=4194304]} | ret=SUCCESS |  
2019-09-05 09:23:25,345 | INFO  | DNAudit | user=null | ip=null | op=PUT_BLOCK {blockData=[blockId=conID: 1 locID: 102739175342342666 bcsId: 0,size=4194304]} | ret=SUCCESS |  
2019-09-05 09:23:25,345 [grpc-default-executor-5] INFO  client.GrpcClientProtocolClient (GrpcClientProtocolClient.java:onNext(255)) - client-969FB6DA8C9A->4fcc8d53-44cb-4faf-b915-5afa0c7529d4: receive RaftClientReply:client-969FB6DA8C9A->4fcc8d53-44cb-4faf-b915-5afa0c7529d4@group-6A615BAE1DD1, cid=1794, SUCCESS, logIndex=0, commits[4fcc8d53-44cb-4faf-b915-5afa0c7529d4:c2577, 48aa5eb4-709c-4003-adb5-fbc02723cd23:c2576, 609a8cf1-6ad3-4123-b94a-106ad93148a8:c2576]
2019-09-05 09:23:25,350 | INFO  | SCMAudit | user=jenkins1000 | ip=192.168.36.69 | op=ALLOCATE_BLOCK {owner=5cf4fcf6-c517-45f4-af25-2fff646d8883, size=4194304, type=RATIS, factor=THREE} | ret=SUCCESS |  
2019-09-05 09:23:25,352 | INFO  | OMAudit | user=jenkins1000 | ip=127.0.0.1 | op=ALLOCATE_BLOCK {volume=vol-0-13331, bucket=bucket-0-43606, key=key-0-76526, dataSize=0, replicationType=null, replicationFactor=null, keyLocationInfo=null, clientID=102739173903106450} | ret=SUCCESS |  
2019-09-05 09:23:25,359 | INFO  | DNAudit | user=null | ip=null | op=WRITE_CHUNK {blockData=conID: 2 locID: 102739175365018123 bcsId: 0} | ret=SUCCESS |  
2019-09-05 09:23:25,361 | INFO  | DNAudit | user=null | ip=null | op=WRITE_CHUNK {blockData=conID: 2 locID: 102739175365018123 bcsId: 0} | ret=SUCCESS |  
2019-09-05 09:23:25,362 | INFO  | DNAudit | user=null | ip=null | op=WRITE_CHUNK {blockData=conID: 2 locID: 102739175365018123 bcsId: 0} | ret=SUCCESS |  
2019-09-05 09:23:25,362 | INFO  | DNAudit | user=null | ip=null | op=WRITE_CHUNK {blockData=conID: 2 locID: 102739175365018123 bcsId: 0} | ret=SUCCESS |  
2019-09-05 09:23:25,363 | INFO  | DNAudit | user=null | ip=null | op=WRITE_CHUNK {blockData=conID: 2 locID: 102739175365018123 bcsId: 0} | ret=SUCCESS |  
2019-09-05 09:23:25,364 | INFO  | DNAudit | user=null | ip=null | op=WRITE_CHUNK {blockData=conID: 2 locID: 102739175365018123 bcsId: 0} | ret=SUCCESS |  
2019-09-05 09:23:25,402 | INFO  | DNAudit | user=null | ip=null | op=WRITE_CHUNK {blockData=conID: 2 locID: 102739175365018123 bcsId: 0} | ret=SUCCESS |  
2019-09-05 09:23:25,402 | INFO  | DNAudit | user=null | ip=null | op=PUT_BLOCK {blockData=[blockId=conID: 2 locID: 102739175365018123 bcsId: 0,size=1048576]} | ret=SUCCESS |  
2019-09-05 09:23:25,403 [grpc-default-executor-5] INFO  client.GrpcClientProtocolClient (GrpcClientProtocolClient.java:onNext(255)) - client-969FB6DA8C9A->4fcc8d53-44cb-4faf-b915-5afa0c7529d4: receive RaftClientReply:client-969FB6DA8C9A->4fcc8d53-44cb-4faf-b915-5afa0c7529d4@group-6A615BAE1DD1, cid=1795, SUCCESS, logIndex=2579, commits[4fcc8d53-44cb-4faf-b915-5afa0c7529d4:c2580, 48aa5eb4-709c-4003-adb5-fbc02723cd23:c2578, 609a8cf1-6ad3-4123-b94a-106ad93148a8:c2578]
2019-09-05 09:23:25,403 [grpc-default-executor-5] INFO  client.GrpcClientProtocolClient (GrpcClientProtocolClient.java:onNext(255)) - client-969FB6DA8C9A->4fcc8d53-44cb-4faf-b915-5afa0c7529d4: receive RaftClientReply:client-969FB6DA8C9A->4fcc8d53-44cb-4faf-b915-5afa0c7529d4@group-6A615BAE1DD1, cid=1796, SUCCESS, logIndex=2580, commits[4fcc8d53-44cb-4faf-b915-5afa0c7529d4:c2580, 48aa5eb4-709c-4003-adb5-fbc02723cd23:c2578, 609a8cf1-6ad3-4123-b94a-106ad93148a8:c2578]
2019-09-05 09:23:25,447 | INFO  | DNAudit | user=null | ip=null | op=WRITE_CHUNK {blockData=conID: 2 locID: 102739175365018123 bcsId: 0} | ret=SUCCESS |  
2019-09-05 09:23:25,447 | INFO  | DNAudit | user=null | ip=null | op=PUT_BLOCK {blockData=[blockId=conID: 2 locID: 102739175365018123 bcsId: 0,size=2097152]} | ret=SUCCESS |  
2019-09-05 09:23:25,447 [grpc-default-executor-3] INFO  client.GrpcClientProtocolClient (GrpcClientProtocolClient.java:onNext(255)) - client-969FB6DA8C9A->4fcc8d53-44cb-4faf-b915-5afa0c7529d4: receive RaftClientReply:client-969FB6DA8C9A->4fcc8d53-44cb-4faf-b915-5afa0c7529d4@group-6A615BAE1DD1, cid=1797, SUCCESS, logIndex=2581, commits[4fcc8d53-44cb-4faf-b915-5afa0c7529d4:c2582, 48aa5eb4-709c-4003-adb5-fbc02723cd23:c2578, 609a8cf1-6ad3-4123-b94a-106ad93148a8:c2578]
2019-09-05 09:23:25,448 [grpc-default-executor-3] INFO  client.GrpcClientProtocolClient (GrpcClientProtocolClient.java:onNext(255)) - client-969FB6DA8C9A->4fcc8d53-44cb-4faf-b915-5afa0c7529d4: receive RaftClientReply:client-969FB6DA8C9A->4fcc8d53-44cb-4faf-b915-5afa0c7529d4@group-6A615BAE1DD1, cid=1798, SUCCESS, logIndex=2582, commits[4fcc8d53-44cb-4faf-b915-5afa0c7529d4:c2582, 48aa5eb4-709c-4003-adb5-fbc02723cd23:c2578, 609a8cf1-6ad3-4123-b94a-106ad93148a8:c2578]
2019-09-05 09:23:25,448 | INFO  | DNAudit | user=null | ip=null | op=WRITE_CHUNK {blockData=conID: 2 locID: 102739175365018123 bcsId: 0} | ret=SUCCESS |  
2019-09-05 09:23:25,448 | INFO  | DNAudit | user=null | ip=null | op=PUT_BLOCK {blockData=[blockId=conID: 2 locID: 102739175365018123 bcsId: 0,size=1048576]} | ret=SUCCESS |  
2019-09-05 09:23:25,449 | INFO  | DNAudit | user=null | ip=null | op=WRITE_CHUNK {blockData=conID: 2 locID: 102739175365018123 bcsId: 0} | ret=SUCCESS |  
2019-09-05 09:23:25,449 | INFO  | DNAudit | user=null | ip=null | op=PUT_BLOCK {blockData=[blockId=conID: 2 locID: 102739175365018123 bcsId: 0,size=1048576]} | ret=SUCCESS |  
2019-09-05 09:23:25,449 | INFO  | DNAudit | user=null | ip=null | op=WRITE_CHUNK {blockData=conID: 2 locID: 102739175365018123 bcsId: 0} | ret=SUCCESS |  
2019-09-05 09:23:25,449 [grpc-default-executor-5] INFO  client.GrpcClientProtocolClient (GrpcClientProtocolClient.java:onNext(255)) - client-969FB6DA8C9A->4fcc8d53-44cb-4faf-b915-5afa0c7529d4: receive RaftClientReply:client-969FB6DA8C9A->4fcc8d53-44cb-4faf-b915-5afa0c7529d4@group-6A615BAE1DD1, cid=1799, SUCCESS, logIndex=0, commits[4fcc8d53-44cb-4faf-b915-5afa0c7529d4:c2584, 48aa5eb4-709c-4003-adb5-fbc02723cd23:c2580, 609a8cf1-6ad3-4123-b94a-106ad93148a8:c2580]
2019-09-05 09:23:25,450 | INFO  | DNAudit | user=null | ip=null | op=PUT_BLOCK {blockData=[blockId=conID: 2 locID: 102739175365018123 bcsId: 0,size=2097152]} | ret=SUCCESS |  
2019-09-05 09:23:25,450 | INFO  | DNAudit | user=null | ip=null | op=WRITE_CHUNK {blockData=conID: 2 locID: 102739175365018123 bcsId: 0} | ret=SUCCESS |  
2019-09-05 09:23:25,450 | INFO  | DNAudit | user=null | ip=null | op=PUT_BLOCK {blockData=[blockId=conID: 2 locID: 102739175365018123 bcsId: 0,size=2097152]} | ret=SUCCESS |  
2019-09-05 09:23:25,608 | INFO  | SCMAudit | user=jenkins1000 | ip=192.168.36.69 | op=SEND_HEARTBEAT {datanodeUUID=fe9e29a7-51ad-458f-9e11-f615da290baa, command=[]} | ret=SUCCESS |  
2019-09-05 09:23:25,609 | INFO  | DNAudit | user=null | ip=null | op=WRITE_CHUNK {blockData=conID: 2 locID: 102739175365018123 bcsId: 2582} | ret=SUCCESS |  
2019-09-05 09:23:25,612 | INFO  | DNAudit | user=null | ip=null | op=WRITE_CHUNK {blockData=conID: 2 locID: 102739175365018123 bcsId: 2582} | ret=SUCCESS |  
2019-09-05 09:23:25,613 | INFO  | DNAudit | user=null | ip=null | op=WRITE_CHUNK {blockData=conID: 2 locID: 102739175365018123 bcsId: 2582} | ret=SUCCESS |  
2019-09-05 09:23:25,635 | INFO  | DNAudit | user=null | ip=null | op=WRITE_CHUNK {blockData=conID: 2 locID: 102739175365018123 bcsId: 2582} | ret=SUCCESS |  
2019-09-05 09:23:25,636 | INFO  | DNAudit | user=null | ip=null | op=PUT_BLOCK {blockData=[blockId=conID: 2 locID: 102739175365018123 bcsId: 0,size=3145728]} | ret=SUCCESS |  
2019-09-05 09:23:25,636 [grpc-default-executor-4] INFO  client.GrpcClientProtocolClient (GrpcClientProtocolClient.java:onNext(255)) - client-969FB6DA8C9A->4fcc8d53-44cb-4faf-b915-5afa0c7529d4: receive RaftClientReply:client-969FB6DA8C9A->4fcc8d53-44cb-4faf-b915-5afa0c7529d4@group-6A615BAE1DD1, cid=1800, SUCCESS, logIndex=2587, commits[4fcc8d53-44cb-4faf-b915-5afa0c7529d4:c2588, 48aa5eb4-709c-4003-adb5-fbc02723cd23:c2586, 609a8cf1-6ad3-4123-b94a-106ad93148a8:c2586]
2019-09-05 09:23:25,636 [grpc-default-executor-4] INFO  client.GrpcClientProtocolClient (GrpcClientProtocolClient.java:onNext(255)) - client-969FB6DA8C9A->4fcc8d53-44cb-4faf-b915-5afa0c7529d4: receive RaftClientReply:client-969FB6DA8C9A->4fcc8d53-44cb-4faf-b915-5afa0c7529d4@group-6A615BAE1DD1, cid=1801, SUCCESS, logIndex=2588, commits[4fcc8d53-44cb-4faf-b915-5afa0c7529d4:c2588, 48aa5eb4-709c-4003-adb5-fbc02723cd23:c2586, 609a8cf1-6ad3-4123-b94a-106ad93148a8:c2586]
2019-09-05 09:23:25,642 | INFO  | DNAudit | user=null | ip=null | op=WRITE_CHUNK {blockData=conID: 2 locID: 102739175365018123 bcsId: 2588} | ret=SUCCESS |  
2019-09-05 09:23:25,645 | INFO  | DNAudit | user=null | ip=null | op=WRITE_CHUNK {blockData=conID: 2 locID: 102739175365018123 bcsId: 2588} | ret=SUCCESS |  
2019-09-05 09:23:25,645 | INFO  | DNAudit | user=null | ip=null | op=WRITE_CHUNK {blockData=conID: 2 locID: 102739175365018123 bcsId: 2588} | ret=SUCCESS |  
2019-09-05 09:23:25,688 | INFO  | DNAudit | user=null | ip=null | op=WRITE_CHUNK {blockData=conID: 2 locID: 102739175365018123 bcsId: 2582} | ret=SUCCESS |  
2019-09-05 09:23:25,688 | INFO  | DNAudit | user=null | ip=null | op=WRITE_CHUNK {blockData=conID: 2 locID: 102739175365018123 bcsId: 2582} | ret=SUCCESS |  
2019-09-05 09:23:25,690 | INFO  | DNAudit | user=null | ip=null | op=PUT_BLOCK {blockData=[blockId=conID: 2 locID: 102739175365018123 bcsId: 0,size=3145728]} | ret=SUCCESS |  
2019-09-05 09:23:25,690 | INFO  | DNAudit | user=null | ip=null | op=PUT_BLOCK {blockData=[blockId=conID: 2 locID: 102739175365018123 bcsId: 0,size=3145728]} | ret=SUCCESS |  
2019-09-05 09:23:25,690 | INFO  | DNAudit | user=null | ip=null | op=WRITE_CHUNK {blockData=conID: 2 locID: 102739175365018123 bcsId: 2588} | ret=SUCCESS |  
2019-09-05 09:23:25,691 | INFO  | DNAudit | user=null | ip=null | op=PUT_BLOCK {blockData=[blockId=conID: 2 locID: 102739175365018123 bcsId: 0,size=4194304]} | ret=SUCCESS |  
2019-09-05 09:23:25,691 [grpc-default-executor-4] INFO  client.GrpcClientProtocolClient (GrpcClientProtocolClient.java:onNext(255)) - client-969FB6DA8C9A->4fcc8d53-44cb-4faf-b915-5afa0c7529d4: receive RaftClientReply:client-969FB6DA8C9A->4fcc8d53-44cb-4faf-b915-5afa0c7529d4@group-6A615BAE1DD1, cid=1802, SUCCESS, logIndex=2591, commits[4fcc8d53-44cb-4faf-b915-5afa0c7529d4:c2592, 48aa5eb4-709c-4003-adb5-fbc02723cd23:c2588, 609a8cf1-6ad3-4123-b94a-106ad93148a8:c2588]
2019-09-05 09:23:25,691 [grpc-default-executor-4] INFO  client.GrpcClientProtocolClient (GrpcClientProtocolClient.java:onNext(255)) - client-969FB6DA8C9A->4fcc8d53-44cb-4faf-b915-5afa0c7529d4: receive RaftClientReply:client-969FB6DA8C9A->4fcc8d53-44cb-4faf-b915-5afa0c7529d4@group-6A615BAE1DD1, cid=1803, SUCCESS, logIndex=2592, commits[4fcc8d53-44cb-4faf-b915-5afa0c7529d4:c2592, 48aa5eb4-709c-4003-adb5-fbc02723cd23:c2588, 609a8cf1-6ad3-4123-b94a-106ad93148a8:c2588]
2019-09-05 09:23:25,708 | INFO  | DNAudit | user=null | ip=null | op=WRITE_CHUNK {blockData=conID: 2 locID: 102739175365018123 bcsId: 2588} | ret=SUCCESS |  
2019-09-05 09:23:25,708 | INFO  | DNAudit | user=null | ip=null | op=WRITE_CHUNK {blockData=conID: 2 locID: 102739175365018123 bcsId: 2588} | ret=SUCCESS |  
2019-09-05 09:23:25,731 | INFO  | DNAudit | user=null | ip=null | op=PUT_BLOCK {blockData=[blockId=conID: 2 locID: 102739175365018123 bcsId: 0,size=4194304]} | ret=SUCCESS |  
2019-09-05 09:23:25,731 | INFO  | DNAudit | user=null | ip=null | op=PUT_BLOCK {blockData=[blockId=conID: 2 locID: 102739175365018123 bcsId: 0,size=4194304]} | ret=SUCCESS |  
2019-09-05 09:23:25,732 [grpc-default-executor-4] INFO  client.GrpcClientProtocolClient (GrpcClientProtocolClient.java:onNext(255)) - client-969FB6DA8C9A->4fcc8d53-44cb-4faf-b915-5afa0c7529d4: receive RaftClientReply:client-969FB6DA8C9A->4fcc8d53-44cb-4faf-b915-5afa0c7529d4@group-6A615BAE1DD1, cid=1804, SUCCESS, logIndex=0, commits[4fcc8d53-44cb-4faf-b915-5afa0c7529d4:c2594, 48aa5eb4-709c-4003-adb5-fbc02723cd23:c2592, 609a8cf1-6ad3-4123-b94a-106ad93148a8:c2592]
2019-09-05 09:23:25,736 | INFO  | SCMAudit | user=jenkins1000 | ip=192.168.36.69 | op=ALLOCATE_BLOCK {owner=5cf4fcf6-c517-45f4-af25-2fff646d8883, size=4194304, type=RATIS, factor=THREE} | ret=SUCCESS |  
2019-09-05 09:23:25,738 | INFO  | OMAudit | user=jenkins1000 | ip=127.0.0.1 | op=ALLOCATE_BLOCK {volume=vol-0-13331, bucket=bucket-0-43606, key=key-0-76526, dataSize=0, replicationType=null, replicationFactor=null, keyLocationInfo=null, clientID=102739173903106450} | ret=SUCCESS |  
2019-09-05 09:23:25,746 | INFO  | DNAudit | user=null | ip=null | op=WRITE_CHUNK {blockData=conID: 3 locID: 102739175390315020 bcsId: 0} | ret=SUCCESS |  
2019-09-05 09:23:25,748 | INFO  | DNAudit | user=null | ip=null | op=WRITE_CHUNK {blockData=conID: 3 locID: 102739175390315020 bcsId: 0} | ret=SUCCESS |  
2019-09-05 09:23:25,749 | INFO  | DNAudit | user=null | ip=null | op=WRITE_CHUNK {blockData=conID: 3 locID: 102739175390315020 bcsId: 0} | ret=SUCCESS |  
2019-09-05 09:23:25,749 | INFO  | DNAudit | user=null | ip=null | op=WRITE_CHUNK {blockData=conID: 3 locID: 102739175390315020 bcsId: 0} | ret=SUCCESS |  
2019-09-05 09:23:25,751 | INFO  | DNAudit | user=null | ip=null | op=WRITE_CHUNK {blockData=conID: 3 locID: 102739175390315020 bcsId: 0} | ret=SUCCESS |  
2019-09-05 09:23:25,751 | INFO  | DNAudit | user=null | ip=null | op=WRITE_CHUNK {blockData=conID: 3 locID: 102739175390315020 bcsId: 0} | ret=SUCCESS |  
2019-09-05 09:23:25,774 | INFO  | DNAudit | user=null | ip=null | op=WRITE_CHUNK {blockData=conID: 3 locID: 102739175390315020 bcsId: 0} | ret=SUCCESS |  
2019-09-05 09:23:25,774 | INFO  | DNAudit | user=null | ip=null | op=PUT_BLOCK {blockData=[blockId=conID: 3 locID: 102739175390315020 bcsId: 0,size=1048576]} | ret=SUCCESS |  
2019-09-05 09:23:25,774 [grpc-default-executor-0] INFO  client.GrpcClientProtocolClient (GrpcClientProtocolClient.java:onNext(255)) - client-969FB6DA8C9A->4fcc8d53-44cb-4faf-b915-5afa0c7529d4: receive RaftClientReply:client-969FB6DA8C9A->4fcc8d53-44cb-4faf-b915-5afa0c7529d4@group-6A615BAE1DD1, cid=1805, SUCCESS, logIndex=2595, commits[4fcc8d53-44cb-4faf-b915-5afa0c7529d4:c2597, 48aa5eb4-709c-4003-adb5-fbc02723cd23:c2594, 609a8cf1-6ad3-4123-b94a-106ad93148a8:c2594]
2019-09-05 09:23:25,774 | INFO  | DNAudit | user=null | ip=null | op=WRITE_CHUNK {blockData=conID: 3 locID: 102739175390315020 bcsId: 0} | ret=SUCCESS |  
2019-09-05 09:23:25,775 [grpc-default-executor-0] INFO  client.GrpcClientProtocolClient (GrpcClientProtocolClient.java:onNext(255)) - client-969FB6DA8C9A->4fcc8d53-44cb-4faf-b915-5afa0c7529d4: receive RaftClientReply:client-969FB6DA8C9A->4fcc8d53-44cb-4faf-b915-5afa0c7529d4@group-6A615BAE1DD1, cid=1806, SUCCESS, logIndex=2596, commits[4fcc8d53-44cb-4faf-b915-5afa0c7529d4:c2598, 48aa5eb4-709c-4003-adb5-fbc02723cd23:c2594, 609a8cf1-6ad3-4123-b94a-106ad93148a8:c2594]
2019-09-05 09:23:25,775 | INFO  | DNAudit | user=null | ip=null | op=PUT_BLOCK {blockData=[blockId=conID: 3 locID: 102739175390315020 bcsId: 0,size=2097152]} | ret=SUCCESS |  
2019-09-05 09:23:25,775 [grpc-default-executor-0] INFO  client.GrpcClientProtocolClient (GrpcClientProtocolClient.java:onNext(255)) - client-969FB6DA8C9A->4fcc8d53-44cb-4faf-b915-5afa0c7529d4: receive RaftClientReply:client-969FB6DA8C9A->4fcc8d53-44cb-4faf-b915-5afa0c7529d4@group-6A615BAE1DD1, cid=1807, SUCCESS, logIndex=2597, commits[4fcc8d53-44cb-4faf-b915-5afa0c7529d4:c2598, 48aa5eb4-709c-4003-adb5-fbc02723cd23:c2594, 609a8cf1-6ad3-4123-b94a-106ad93148a8:c2594]
2019-09-05 09:23:25,775 [grpc-default-executor-0] INFO  client.GrpcClientProtocolClient (GrpcClientProtocolClient.java:onNext(255)) - client-969FB6DA8C9A->4fcc8d53-44cb-4faf-b915-5afa0c7529d4: receive RaftClientReply:client-969FB6DA8C9A->4fcc8d53-44cb-4faf-b915-5afa0c7529d4@group-6A615BAE1DD1, cid=1808, SUCCESS, logIndex=2598, commits[4fcc8d53-44cb-4faf-b915-5afa0c7529d4:c2598, 48aa5eb4-709c-4003-adb5-fbc02723cd23:c2594, 609a8cf1-6ad3-4123-b94a-106ad93148a8:c2594]
2019-09-05 09:23:25,789 | INFO  | DNAudit | user=null | ip=null | op=WRITE_CHUNK {blockData=conID: 3 locID: 102739175390315020 bcsId: 0} | ret=SUCCESS |  
2019-09-05 09:23:25,789 | INFO  | DNAudit | user=null | ip=null | op=WRITE_CHUNK {blockData=conID: 3 locID: 102739175390315020 bcsId: 0} | ret=SUCCESS |  
2019-09-05 09:23:25,790 | INFO  | DNAudit | user=null | ip=null | op=PUT_BLOCK {blockData=[blockId=conID: 3 locID: 102739175390315020 bcsId: 0,size=1048576]} | ret=SUCCESS |  
2019-09-05 09:23:25,790 | INFO  | DNAudit | user=null | ip=null | op=PUT_BLOCK {blockData=[blockId=conID: 3 locID: 102739175390315020 bcsId: 0,size=1048576]} | ret=SUCCESS |  
2019-09-05 09:23:25,790 | INFO  | DNAudit | user=null | ip=null | op=WRITE_CHUNK {blockData=conID: 3 locID: 102739175390315020 bcsId: 0} | ret=SUCCESS |  
2019-09-05 09:23:25,791 | INFO  | DNAudit | user=null | ip=null | op=WRITE_CHUNK {blockData=conID: 3 locID: 102739175390315020 bcsId: 0} | ret=SUCCESS |  
2019-09-05 09:23:25,791 | INFO  | DNAudit | user=null | ip=null | op=PUT_BLOCK {blockData=[blockId=conID: 3 locID: 102739175390315020 bcsId: 0,size=2097152]} | ret=SUCCESS |  
2019-09-05 09:23:25,791 | INFO  | DNAudit | user=null | ip=null | op=PUT_BLOCK {blockData=[blockId=conID: 3 locID: 102739175390315020 bcsId: 0,size=2097152]} | ret=SUCCESS |  
2019-09-05 09:23:25,791 [grpc-default-executor-0] INFO  client.GrpcClientProtocolClient (GrpcClientProtocolClient.java:onNext(255)) - client-969FB6DA8C9A->4fcc8d53-44cb-4faf-b915-5afa0c7529d4: receive RaftClientReply:client-969FB6DA8C9A->4fcc8d53-44cb-4faf-b915-5afa0c7529d4@group-6A615BAE1DD1, cid=1809, SUCCESS, logIndex=0, commits[4fcc8d53-44cb-4faf-b915-5afa0c7529d4:c2600, 48aa5eb4-709c-4003-adb5-fbc02723cd23:c2596, 609a8cf1-6ad3-4123-b94a-106ad93148a8:c2596]
2019-09-05 09:23:25,797 | INFO  | DNAudit | user=null | ip=null | op=WRITE_CHUNK {blockData=conID: 3 locID: 102739175390315020 bcsId: 2598} | ret=SUCCESS |  
2019-09-05 09:23:25,798 | INFO  | DNAudit | user=null | ip=null | op=WRITE_CHUNK {blockData=conID: 3 locID: 102739175390315020 bcsId: 2598} | ret=SUCCESS |  
2019-09-05 09:23:25,798 | INFO  | DNAudit | user=null | ip=null | op=WRITE_CHUNK {blockData=conID: 3 locID: 102739175390315020 bcsId: 2598} | ret=SUCCESS |  
2019-09-05 09:23:25,802 | INFO  | DNAudit | user=null | ip=null | op=WRITE_CHUNK {blockData=conID: 3 locID: 102739175390315020 bcsId: 2598} | ret=SUCCESS |  
2019-09-05 09:23:25,802 [grpc-default-executor-4] INFO  client.GrpcClientProtocolClient (GrpcClientProtocolClient.java:onNext(255)) - client-969FB6DA8C9A->4fcc8d53-44cb-4faf-b915-5afa0c7529d4: receive RaftClientReply:client-969FB6DA8C9A->4fcc8d53-44cb-4faf-b915-5afa0c7529d4@group-6A615BAE1DD1, cid=1810, SUCCESS, logIndex=2603, commits[4fcc8d53-44cb-4faf-b915-5afa0c7529d4:c2604, 48aa5eb4-709c-4003-adb5-fbc02723cd23:c2602, 609a8cf1-6ad3-4123-b94a-106ad93148a8:c2602]
2019-09-05 09:23:25,802 | INFO  | DNAudit | user=null | ip=null | op=PUT_BLOCK {blockData=[blockId=conID: 3 locID: 102739175390315020 bcsId: 0,size=3145728]} | ret=SUCCESS |  
2019-09-05 09:23:25,803 [grpc-default-executor-4] INFO  client.GrpcClientProtocolClient (GrpcClientProtocolClient.java:onNext(255)) - client-969FB6DA8C9A->4fcc8d53-44cb-4faf-b915-5afa0c7529d4: receive RaftClientReply:client-969FB6DA8C9A->4fcc8d53-44cb-4faf-b915-5afa0c7529d4@group-6A615BAE1DD1, cid=1811, SUCCESS, logIndex=2604, commits[4fcc8d53-44cb-4faf-b915-5afa0c7529d4:c2604, 48aa5eb4-709c-4003-adb5-fbc02723cd23:c2602, 609a8cf1-6ad3-4123-b94a-106ad93148a8:c2602]
2019-09-05 09:23:25,808 | INFO  | DNAudit | user=null | ip=null | op=WRITE_CHUNK {blockData=conID: 3 locID: 102739175390315020 bcsId: 2604} | ret=SUCCESS |  
2019-09-05 09:23:25,809 | INFO  | DNAudit | user=null | ip=null | op=WRITE_CHUNK {blockData=conID: 3 locID: 102739175390315020 bcsId: 2604} | ret=SUCCESS |  
2019-09-05 09:23:25,810 | INFO  | DNAudit | user=null | ip=null | op=WRITE_CHUNK {blockData=conID: 3 locID: 102739175390315020 bcsId: 2604} | ret=SUCCESS |  
2019-09-05 09:23:25,811 | INFO  | DNAudit | user=null | ip=null | op=WRITE_CHUNK {blockData=conID: 3 locID: 102739175390315020 bcsId: 2598} | ret=SUCCESS |  
2019-09-05 09:23:25,811 | INFO  | DNAudit | user=null | ip=null | op=WRITE_CHUNK {blockData=conID: 3 locID: 102739175390315020 bcsId: 2598} | ret=SUCCESS |  
2019-09-05 09:23:25,812 | INFO  | DNAudit | user=null | ip=null | op=PUT_BLOCK {blockData=[blockId=conID: 3 locID: 102739175390315020 bcsId: 0,size=3145728]} | ret=SUCCESS |  
2019-09-05 09:23:25,812 | INFO  | DNAudit | user=null | ip=null | op=PUT_BLOCK {blockData=[blockId=conID: 3 locID: 102739175390315020 bcsId: 0,size=3145728]} | ret=SUCCESS |  
2019-09-05 09:23:25,812 | INFO  | DNAudit | user=null | ip=null | op=WRITE_CHUNK {blockData=conID: 3 locID: 102739175390315020 bcsId: 2604} | ret=SUCCESS |  
2019-09-05 09:23:25,813 | INFO  | DNAudit | user=null | ip=null | op=PUT_BLOCK {blockData=[blockId=conID: 3 locID: 102739175390315020 bcsId: 0,size=4194304]} | ret=SUCCESS |  
2019-09-05 09:23:25,813 [grpc-default-executor-3] INFO  client.GrpcClientProtocolClient (GrpcClientProtocolClient.java:onNext(255)) - client-969FB6DA8C9A->4fcc8d53-44cb-4faf-b915-5afa0c7529d4: receive RaftClientReply:client-969FB6DA8C9A->4fcc8d53-44cb-4faf-b915-5afa0c7529d4@group-6A615BAE1DD1, cid=1812, SUCCESS, logIndex=2607, commits[4fcc8d53-44cb-4faf-b915-5afa0c7529d4:c2608, 48aa5eb4-709c-4003-adb5-fbc02723cd23:c2604, 609a8cf1-6ad3-4123-b94a-106ad93148a8:c2604]
2019-09-05 09:23:25,813 [grpc-default-executor-3] INFO  client.GrpcClientProtocolClient (GrpcClientProtocolClient.java:onNext(255)) - client-969FB6DA8C9A->4fcc8d53-44cb-4faf-b915-5afa0c7529d4: receive RaftClientReply:client-969FB6DA8C9A->4fcc8d53-44cb-4faf-b915-5afa0c7529d4@group-6A615BAE1DD1, cid=1813, SUCCESS, logIndex=2608, commits[4fcc8d53-44cb-4faf-b915-5afa0c7529d4:c2608, 48aa5eb4-709c-4003-adb5-fbc02723cd23:c2604, 609a8cf1-6ad3-4123-b94a-106ad93148a8:c2604]
2019-09-05 09:23:25,831 | INFO  | DNAudit | user=null | ip=null | op=WRITE_CHUNK {blockData=conID: 3 locID: 102739175390315020 bcsId: 2604} | ret=SUCCESS |  
2019-09-05 09:23:25,831 | INFO  | DNAudit | user=null | ip=null | op=WRITE_CHUNK {blockData=conID: 3 locID: 102739175390315020 bcsId: 2604} | ret=SUCCESS |  
2019-09-05 09:23:25,832 | INFO  | DNAudit | user=null | ip=null | op=PUT_BLOCK {blockData=[blockId=conID: 3 locID: 102739175390315020 bcsId: 0,size=4194304]} | ret=SUCCESS |  
2019-09-05 09:23:25,832 | INFO  | DNAudit | user=null | ip=null | op=PUT_BLOCK {blockData=[blockId=conID: 3 locID: 102739175390315020 bcsId: 0,size=4194304]} | ret=SUCCESS |  
2019-09-05 09:23:25,833 [grpc-default-executor-0] INFO  client.GrpcClientProtocolClient (GrpcClientProtocolClient.java:onNext(255)) - client-969FB6DA8C9A->4fcc8d53-44cb-4faf-b915-5afa0c7529d4: receive RaftClientReply:client-969FB6DA8C9A->4fcc8d53-44cb-4faf-b915-5afa0c7529d4@group-6A615BAE1DD1, cid=1814, SUCCESS, logIndex=0, commits[4fcc8d53-44cb-4faf-b915-5afa0c7529d4:c2610, 48aa5eb4-709c-4003-adb5-fbc02723cd23:c2608, 609a8cf1-6ad3-4123-b94a-106ad93148a8:c2608]
2019-09-05 09:23:25,836 | INFO  | SCMAudit | user=jenkins1000 | ip=192.168.36.69 | op=ALLOCATE_BLOCK {owner=5cf4fcf6-c517-45f4-af25-2fff646d8883, size=4194304, type=RATIS, factor=THREE} | ret=SUCCESS |  
2019-09-05 09:23:25,838 | INFO  | OMAudit | user=jenkins1000 | ip=127.0.0.1 | op=ALLOCATE_BLOCK {volume=vol-0-13331, bucket=bucket-0-43606, key=key-0-76526, dataSize=0, replicationType=null, replicationFactor=null, keyLocationInfo=null, clientID=102739173903106450} | ret=SUCCESS |  
2019-09-05 09:23:25,844 | INFO  | DNAudit | user=null | ip=null | op=WRITE_CHUNK {blockData=conID: 1 locID: 102739175396868621 bcsId: 0} | ret=SUCCESS |  
2019-09-05 09:23:25,845 | INFO  | DNAudit | user=null | ip=null | op=WRITE_CHUNK {blockData=conID: 1 locID: 102739175396868621 bcsId: 0} | ret=SUCCESS |  
2019-09-05 09:23:25,845 | INFO  | DNAudit | user=null | ip=null | op=WRITE_CHUNK {blockData=conID: 1 locID: 102739175396868621 bcsId: 0} | ret=SUCCESS |  
2019-09-05 09:23:25,846 | INFO  | DNAudit | user=null | ip=null | op=WRITE_CHUNK {blockData=conID: 1 locID: 102739175396868621 bcsId: 0} | ret=SUCCESS |  
2019-09-05 09:23:25,847 | INFO  | DNAudit | user=null | ip=null | op=WRITE_CHUNK {blockData=conID: 1 locID: 102739175396868621 bcsId: 0} | ret=SUCCESS |  
2019-09-05 09:23:25,847 | INFO  | DNAudit | user=null | ip=null | op=WRITE_CHUNK {blockData=conID: 1 locID: 102739175396868621 bcsId: 0} | ret=SUCCESS |  
2019-09-05 09:23:25,881 | INFO  | DNAudit | user=null | ip=null | op=WRITE_CHUNK {blockData=conID: 1 locID: 102739175396868621 bcsId: 0} | ret=SUCCESS |  
2019-09-05 09:23:25,882 | INFO  | DNAudit | user=null | ip=null | op=PUT_BLOCK {blockData=[blockId=conID: 1 locID: 102739175396868621 bcsId: 0,size=1048576]} | ret=SUCCESS |  
2019-09-05 09:23:25,882 [grpc-default-executor-3] INFO  client.GrpcClientProtocolClient (GrpcClientProtocolClient.java:onNext(255)) - client-969FB6DA8C9A->4fcc8d53-44cb-4faf-b915-5afa0c7529d4: receive RaftClientReply:client-969FB6DA8C9A->4fcc8d53-44cb-4faf-b915-5afa0c7529d4@group-6A615BAE1DD1, cid=1815, SUCCESS, logIndex=2611, commits[4fcc8d53-44cb-4faf-b915-5afa0c7529d4:c2613, 48aa5eb4-709c-4003-adb5-fbc02723cd23:c2610, 609a8cf1-6ad3-4123-b94a-106ad93148a8:c2610]
2019-09-05 09:23:25,882 | INFO  | DNAudit | user=null | ip=null | op=WRITE_CHUNK {blockData=conID: 1 locID: 102739175396868621 bcsId: 0} | ret=SUCCESS |  
2019-09-05 09:23:25,882 [grpc-default-executor-3] INFO  client.GrpcClientProtocolClient (GrpcClientProtocolClient.java:onNext(255)) - client-969FB6DA8C9A->4fcc8d53-44cb-4faf-b915-5afa0c7529d4: receive RaftClientReply:client-969FB6DA8C9A->4fcc8d53-44cb-4faf-b915-5afa0c7529d4@group-6A615BAE1DD1, cid=1816, SUCCESS, logIndex=2612, commits[4fcc8d53-44cb-4faf-b915-5afa0c7529d4:c2614, 48aa5eb4-709c-4003-adb5-fbc02723cd23:c2610, 609a8cf1-6ad3-4123-b94a-106ad93148a8:c2610]
2019-09-05 09:23:25,883 | INFO  | DNAudit | user=null | ip=null | op=PUT_BLOCK {blockData=[blockId=conID: 1 locID: 102739175396868621 bcsId: 0,size=2097152]} | ret=SUCCESS |  
2019-09-05 09:23:25,883 [grpc-default-executor-3] INFO  client.GrpcClientProtocolClient (GrpcClientProtocolClient.java:onNext(255)) - client-969FB6DA8C9A->4fcc8d53-44cb-4faf-b915-5afa0c7529d4: receive RaftClientReply:client-969FB6DA8C9A->4fcc8d53-44cb-4faf-b915-5afa0c7529d4@group-6A615BAE1DD1, cid=1817, SUCCESS, logIndex=2613, commits[4fcc8d53-44cb-4faf-b915-5afa0c7529d4:c2614, 48aa5eb4-709c-4003-adb5-fbc02723cd23:c2610, 609a8cf1-6ad3-4123-b94a-106ad93148a8:c2610]
2019-09-05 09:23:25,883 [grpc-default-executor-3] INFO  client.GrpcClientProtocolClient (GrpcClientProtocolClient.java:onNext(255)) - client-969FB6DA8C9A->4fcc8d53-44cb-4faf-b915-5afa0c7529d4: receive RaftClientReply:client-969FB6DA8C9A->4fcc8d53-44cb-4faf-b915-5afa0c7529d4@group-6A615BAE1DD1, cid=1818, SUCCESS, logIndex=2614, commits[4fcc8d53-44cb-4faf-b915-5afa0c7529d4:c2614, 48aa5eb4-709c-4003-adb5-fbc02723cd23:c2610, 609a8cf1-6ad3-4123-b94a-106ad93148a8:c2610]
2019-09-05 09:23:25,911 | INFO  | DNAudit | user=null | ip=null | op=WRITE_CHUNK {blockData=conID: 1 locID: 102739175396868621 bcsId: 0} | ret=SUCCESS |  
2019-09-05 09:23:25,911 | INFO  | DNAudit | user=null | ip=null | op=WRITE_CHUNK {blockData=conID: 1 locID: 102739175396868621 bcsId: 0} | ret=SUCCESS |  
2019-09-05 09:23:25,911 | INFO  | DNAudit | user=null | ip=null | op=PUT_BLOCK {blockData=[blockId=conID: 1 locID: 102739175396868621 bcsId: 0,size=1048576]} | ret=SUCCESS |  
2019-09-05 09:23:25,911 | INFO  | DNAudit | user=null | ip=null | op=PUT_BLOCK {blockData=[blockId=conID: 1 locID: 102739175396868621 bcsId: 0,size=1048576]} | ret=SUCCESS |  
2019-09-05 09:23:25,912 | INFO  | DNAudit | user=null | ip=null | op=WRITE_CHUNK {blockData=conID: 1 locID: 102739175396868621 bcsId: 0} | ret=SUCCESS |  
2019-09-05 09:23:25,912 | INFO  | DNAudit | user=null | ip=null | op=WRITE_CHUNK {blockData=conID: 1 locID: 102739175396868621 bcsId: 0} | ret=SUCCESS |  
2019-09-05 09:23:25,912 | INFO  | DNAudit | user=null | ip=null | op=PUT_BLOCK {blockData=[blockId=conID: 1 locID: 102739175396868621 bcsId: 0,size=2097152]} | ret=SUCCESS |  
2019-09-05 09:23:25,912 | INFO  | DNAudit | user=null | ip=null | op=PUT_BLOCK {blockData=[blockId=conID: 1 locID: 102739175396868621 bcsId: 0,size=2097152]} | ret=SUCCESS |  
2019-09-05 09:23:25,912 [grpc-default-executor-0] INFO  client.GrpcClientProtocolClient (GrpcClientProtocolClient.java:onNext(255)) - client-969FB6DA8C9A->4fcc8d53-44cb-4faf-b915-5afa0c7529d4: receive RaftClientReply:client-969FB6DA8C9A->4fcc8d53-44cb-4faf-b915-5afa0c7529d4@group-6A615BAE1DD1, cid=1819, SUCCESS, logIndex=0, commits[4fcc8d53-44cb-4faf-b915-5afa0c7529d4:c2616, 48aa5eb4-709c-4003-adb5-fbc02723cd23:c2612, 609a8cf1-6ad3-4123-b94a-106ad93148a8:c2612]
2019-09-05 09:23:25,919 | INFO  | DNAudit | user=null | ip=null | op=WRITE_CHUNK {blockData=conID: 1 locID: 102739175396868621 bcsId: 2614} | ret=SUCCESS |  
2019-09-05 09:23:25,921 | INFO  | DNAudit | user=null | ip=null | op=WRITE_CHUNK {blockData=conID: 1 locID: 102739175396868621 bcsId: 2614} | ret=SUCCESS |  
2019-09-05 09:23:25,922 | INFO  | DNAudit | user=null | ip=null | op=WRITE_CHUNK {blockData=conID: 1 locID: 102739175396868621 bcsId: 2614} | ret=SUCCESS |  
2019-09-05 09:23:25,940 | INFO  | DNAudit | user=null | ip=null | op=WRITE_CHUNK {blockData=conID: 1 locID: 102739175396868621 bcsId: 2614} | ret=SUCCESS |  
2019-09-05 09:23:25,941 | INFO  | DNAudit | user=null | ip=null | op=PUT_BLOCK {blockData=[blockId=conID: 1 locID: 102739175396868621 bcsId: 0,size=3145728]} | ret=SUCCESS |  
2019-09-05 09:23:25,941 [grpc-default-executor-3] INFO  client.GrpcClientProtocolClient (GrpcClientProtocolClient.java:onNext(255)) - client-969FB6DA8C9A->4fcc8d53-44cb-4faf-b915-5afa0c7529d4: receive RaftClientReply:client-969FB6DA8C9A->4fcc8d53-44cb-4faf-b915-5afa0c7529d4@group-6A615BAE1DD1, cid=1820, SUCCESS, logIndex=2619, commits[4fcc8d53-44cb-4faf-b915-5afa0c7529d4:c2620, 48aa5eb4-709c-4003-adb5-fbc02723cd23:c2618, 609a8cf1-6ad3-4123-b94a-106ad93148a8:c2618]
2019-09-05 09:23:25,941 [grpc-default-executor-3] INFO  client.GrpcClientProtocolClient (GrpcClientProtocolClient.java:onNext(255)) - client-969FB6DA8C9A->4fcc8d53-44cb-4faf-b915-5afa0c7529d4: receive RaftClientReply:client-969FB6DA8C9A->4fcc8d53-44cb-4faf-b915-5afa0c7529d4@group-6A615BAE1DD1, cid=1821, SUCCESS, logIndex=2620, commits[4fcc8d53-44cb-4faf-b915-5afa0c7529d4:c2620, 48aa5eb4-709c-4003-adb5-fbc02723cd23:c2618, 609a8cf1-6ad3-4123-b94a-106ad93148a8:c2618]
2019-09-05 09:23:25,945 | INFO  | DNAudit | user=null | ip=null | op=WRITE_CHUNK {blockData=conID: 1 locID: 102739175396868621 bcsId: 2614} | ret=SUCCESS |  
2019-09-05 09:23:25,945 | INFO  | DNAudit | user=null | ip=null | op=WRITE_CHUNK {blockData=conID: 1 locID: 102739175396868621 bcsId: 2614} | ret=SUCCESS |  
2019-09-05 09:23:25,945 | INFO  | DNAudit | user=null | ip=null | op=PUT_BLOCK {blockData=[blockId=conID: 1 locID: 102739175396868621 bcsId: 0,size=3145728]} | ret=SUCCESS |  
2019-09-05 09:23:25,945 | INFO  | DNAudit | user=null | ip=null | op=PUT_BLOCK {blockData=[blockId=conID: 1 locID: 102739175396868621 bcsId: 0,size=3145728]} | ret=SUCCESS |  
2019-09-05 09:23:25,948 | INFO  | DNAudit | user=null | ip=null | op=WRITE_CHUNK {blockData=conID: 1 locID: 102739175396868621 bcsId: 2620} | ret=SUCCESS |  
2019-09-05 09:23:25,949 | INFO  | DNAudit | user=null | ip=null | op=WRITE_CHUNK {blockData=conID: 1 locID: 102739175396868621 bcsId: 2620} | ret=SUCCESS |  
2019-09-05 09:23:25,950 | INFO  | DNAudit | user=null | ip=null | op=WRITE_CHUNK {blockData=conID: 1 locID: 102739175396868621 bcsId: 2620} | ret=SUCCESS |  
2019-09-05 09:23:25,964 | INFO  | DNAudit | user=null | ip=null | op=WRITE_CHUNK {blockData=conID: 1 locID: 102739175396868621 bcsId: 2620} | ret=SUCCESS |  
2019-09-05 09:23:25,965 | INFO  | DNAudit | user=null | ip=null | op=PUT_BLOCK {blockData=[blockId=conID: 1 locID: 102739175396868621 bcsId: 0,size=4194304]} | ret=SUCCESS |  
2019-09-05 09:23:25,965 [grpc-default-executor-3] INFO  client.GrpcClientProtocolClient (GrpcClientProtocolClient.java:onNext(255)) - client-969FB6DA8C9A->4fcc8d53-44cb-4faf-b915-5afa0c7529d4: receive RaftClientReply:client-969FB6DA8C9A->4fcc8d53-44cb-4faf-b915-5afa0c7529d4@group-6A615BAE1DD1, cid=1822, SUCCESS, logIndex=2623, commits[4fcc8d53-44cb-4faf-b915-5afa0c7529d4:c2624, 48aa5eb4-709c-4003-adb5-fbc02723cd23:c2622, 609a8cf1-6ad3-4123-b94a-106ad93148a8:c2622]
2019-09-05 09:23:25,965 [grpc-default-executor-3] INFO  client.GrpcClientProtocolClient (GrpcClientProtocolClient.java:onNext(255)) - client-969FB6DA8C9A->4fcc8d53-44cb-4faf-b915-5afa0c7529d4: receive RaftClientReply:client-969FB6DA8C9A->4fcc8d53-44cb-4faf-b915-5afa0c7529d4@group-6A615BAE1DD1, cid=1823, SUCCESS, logIndex=2624, commits[4fcc8d53-44cb-4faf-b915-5afa0c7529d4:c2624, 48aa5eb4-709c-4003-adb5-fbc02723cd23:c2622, 609a8cf1-6ad3-4123-b94a-106ad93148a8:c2622]
2019-09-05 09:23:25,983 | INFO  | DNAudit | user=null | ip=null | op=WRITE_CHUNK {blockData=conID: 1 locID: 102739175396868621 bcsId: 2620} | ret=SUCCESS |  
2019-09-05 09:23:25,983 | INFO  | DNAudit | user=null | ip=null | op=WRITE_CHUNK {blockData=conID: 1 locID: 102739175396868621 bcsId: 2620} | ret=SUCCESS |  
2019-09-05 09:23:25,983 | INFO  | DNAudit | user=null | ip=null | op=PUT_BLOCK {blockData=[blockId=conID: 1 locID: 102739175396868621 bcsId: 0,size=4194304]} | ret=SUCCESS |  
2019-09-05 09:23:25,983 | INFO  | DNAudit | user=null | ip=null | op=PUT_BLOCK {blockData=[blockId=conID: 1 locID: 102739175396868621 bcsId: 0,size=4194304]} | ret=SUCCESS |  
2019-09-05 09:23:25,983 [grpc-default-executor-3] INFO  client.GrpcClientProtocolClient (GrpcClientProtocolClient.java:onNext(255)) - client-969FB6DA8C9A->4fcc8d53-44cb-4faf-b915-5afa0c7529d4: receive RaftClientReply:client-969FB6DA8C9A->4fcc8d53-44cb-4faf-b915-5afa0c7529d4@group-6A615BAE1DD1, cid=1824, SUCCESS, logIndex=0, commits[4fcc8d53-44cb-4faf-b915-5afa0c7529d4:c2625, 48aa5eb4-709c-4003-adb5-fbc02723cd23:c2624, 609a8cf1-6ad3-4123-b94a-106ad93148a8:c2624]
2019-09-05 09:23:25,987 | INFO  | SCMAudit | user=jenkins1000 | ip=192.168.36.69 | op=ALLOCATE_BLOCK {owner=5cf4fcf6-c517-45f4-af25-2fff646d8883, size=4194304, type=RATIS, factor=THREE} | ret=SUCCESS |  
2019-09-05 09:23:25,990 | INFO  | OMAudit | user=jenkins1000 | ip=127.0.0.1 | op=ALLOCATE_BLOCK {volume=vol-0-13331, bucket=bucket-0-43606, key=key-0-76526, dataSize=0, replicationType=null, replicationFactor=null, keyLocationInfo=null, clientID=102739173903106450} | ret=SUCCESS |  
2019-09-05 09:23:25,996 | INFO  | DNAudit | user=null | ip=null | op=WRITE_CHUNK {blockData=conID: 2 locID: 102739175406764558 bcsId: 0} | ret=SUCCESS |  
2019-09-05 09:23:25,998 | INFO  | DNAudit | user=null | ip=null | op=WRITE_CHUNK {blockData=conID: 2 locID: 102739175406764558 bcsId: 0} | ret=SUCCESS |  
2019-09-05 09:23:25,998 | INFO  | DNAudit | user=null | ip=null | op=WRITE_CHUNK {blockData=conID: 2 locID: 102739175406764558 bcsId: 0} | ret=SUCCESS |  
2019-09-05 09:23:25,999 | INFO  | DNAudit | user=null | ip=null | op=WRITE_CHUNK {blockData=conID: 2 locID: 102739175406764558 bcsId: 0} | ret=SUCCESS |  
2019-09-05 09:23:26,001 | INFO  | DNAudit | user=null | ip=null | op=WRITE_CHUNK {blockData=conID: 2 locID: 102739175406764558 bcsId: 0} | ret=SUCCESS |  
2019-09-05 09:23:26,002 | INFO  | DNAudit | user=null | ip=null | op=WRITE_CHUNK {blockData=conID: 2 locID: 102739175406764558 bcsId: 0} | ret=SUCCESS |  
2019-09-05 09:23:26,015 | INFO  | DNAudit | user=null | ip=null | op=WRITE_CHUNK {blockData=conID: 2 locID: 102739175406764558 bcsId: 0} | ret=SUCCESS |  
2019-09-05 09:23:26,015 | INFO  | DNAudit | user=null | ip=null | op=PUT_BLOCK {blockData=[blockId=conID: 2 locID: 102739175406764558 bcsId: 0,size=1048576]} | ret=SUCCESS |  
2019-09-05 09:23:26,015 | INFO  | DNAudit | user=null | ip=null | op=WRITE_CHUNK {blockData=conID: 2 locID: 102739175406764558 bcsId: 0} | ret=SUCCESS |  
2019-09-05 09:23:26,015 [grpc-default-executor-0] INFO  client.GrpcClientProtocolClient (GrpcClientProtocolClient.java:onNext(255)) - client-969FB6DA8C9A->4fcc8d53-44cb-4faf-b915-5afa0c7529d4: receive RaftClientReply:client-969FB6DA8C9A->4fcc8d53-44cb-4faf-b915-5afa0c7529d4@group-6A615BAE1DD1, cid=1825, SUCCESS, logIndex=2627, commits[4fcc8d53-44cb-4faf-b915-5afa0c7529d4:c2628, 48aa5eb4-709c-4003-adb5-fbc02723cd23:c2626, 609a8cf1-6ad3-4123-b94a-106ad93148a8:c2626]
2019-09-05 09:23:26,016 | INFO  | DNAudit | user=null | ip=null | op=PUT_BLOCK {blockData=[blockId=conID: 2 locID: 102739175406764558 bcsId: 0,size=2097152]} | ret=SUCCESS |  
2019-09-05 09:23:26,016 [grpc-default-executor-0] INFO  client.GrpcClientProtocolClient (GrpcClientProtocolClient.java:onNext(255)) - client-969FB6DA8C9A->4fcc8d53-44cb-4faf-b915-5afa0c7529d4: receive RaftClientReply:client-969FB6DA8C9A->4fcc8d53-44cb-4faf-b915-5afa0c7529d4@group-6A615BAE1DD1, cid=1826, SUCCESS, logIndex=2628, commits[4fcc8d53-44cb-4faf-b915-5afa0c7529d4:c2628, 48aa5eb4-709c-4003-adb5-fbc02723cd23:c2626, 609a8cf1-6ad3-4123-b94a-106ad93148a8:c2626]
2019-09-05 09:23:26,016 [grpc-default-executor-3] INFO  client.GrpcClientProtocolClient (GrpcClientProtocolClient.java:onNext(255)) - client-969FB6DA8C9A->4fcc8d53-44cb-4faf-b915-5afa0c7529d4: receive RaftClientReply:client-969FB6DA8C9A->4fcc8d53-44cb-4faf-b915-5afa0c7529d4@group-6A615BAE1DD1, cid=1827, SUCCESS, logIndex=2629, commits[4fcc8d53-44cb-4faf-b915-5afa0c7529d4:c2630, 48aa5eb4-709c-4003-adb5-fbc02723cd23:c2626, 609a8cf1-6ad3-4123-b94a-106ad93148a8:c2626]
2019-09-05 09:23:26,016 [grpc-default-executor-3] INFO  client.GrpcClientProtocolClient (GrpcClientProtocolClient.java:onNext(255)) - client-969FB6DA8C9A->4fcc8d53-44cb-4faf-b915-5afa0c7529d4: receive RaftClientReply:client-969FB6DA8C9A->4fcc8d53-44cb-4faf-b915-5afa0c7529d4@group-6A615BAE1DD1, cid=1828, SUCCESS, logIndex=2630, commits[4fcc8d53-44cb-4faf-b915-5afa0c7529d4:c2630, 48aa5eb4-709c-4003-adb5-fbc02723cd23:c2626, 609a8cf1-6ad3-4123-b94a-106ad93148a8:c2626]
2019-09-05 09:23:26,016 | INFO  | DNAudit | user=null | ip=null | op=WRITE_CHUNK {blockData=conID: 2 locID: 102739175406764558 bcsId: 0} | ret=SUCCESS |  
2019-09-05 09:23:26,017 | INFO  | DNAudit | user=null | ip=null | op=PUT_BLOCK {blockData=[blockId=conID: 2 locID: 102739175406764558 bcsId: 0,size=1048576]} | ret=SUCCESS |  
2019-09-05 09:23:26,017 | INFO  | DNAudit | user=null | ip=null | op=WRITE_CHUNK {blockData=conID: 2 locID: 102739175406764558 bcsId: 0} | ret=SUCCESS |  
2019-09-05 09:23:26,017 | INFO  | DNAudit | user=null | ip=null | op=PUT_BLOCK {blockData=[blockId=conID: 2 locID: 102739175406764558 bcsId: 0,size=1048576]} | ret=SUCCESS |  
2019-09-05 09:23:26,017 [grpc-default-executor-0] INFO  client.GrpcClientProtocolClient (GrpcClientProtocolClient.java:onNext(255)) - client-969FB6DA8C9A->4fcc8d53-44cb-4faf-b915-5afa0c7529d4: receive RaftClientReply:client-969FB6DA8C9A->4fcc8d53-44cb-4faf-b915-5afa0c7529d4@group-6A615BAE1DD1, cid=1829, SUCCESS, logIndex=0, commits[4fcc8d53-44cb-4faf-b915-5afa0c7529d4:c2632, 48aa5eb4-709c-4003-adb5-fbc02723cd23:c2628, 609a8cf1-6ad3-4123-b94a-106ad93148a8:c2628]
2019-09-05 09:23:26,018 | INFO  | DNAudit | user=null | ip=null | op=WRITE_CHUNK {blockData=conID: 2 locID: 102739175406764558 bcsId: 0} | ret=SUCCESS |  
2019-09-05 09:23:26,018 | INFO  | DNAudit | user=null | ip=null | op=WRITE_CHUNK {blockData=conID: 2 locID: 102739175406764558 bcsId: 0} | ret=SUCCESS |  
2019-09-05 09:23:26,018 | INFO  | DNAudit | user=null | ip=null | op=PUT_BLOCK {blockData=[blockId=conID: 2 locID: 102739175406764558 bcsId: 0,size=2097152]} | ret=SUCCESS |  
2019-09-05 09:23:26,018 | INFO  | DNAudit | user=null | ip=null | op=PUT_BLOCK {blockData=[blockId=conID: 2 locID: 102739175406764558 bcsId: 0,size=2097152]} | ret=SUCCESS |  
2019-09-05 09:23:26,023 | INFO  | DNAudit | user=null | ip=null | op=WRITE_CHUNK {blockData=conID: 2 locID: 102739175406764558 bcsId: 2630} | ret=SUCCESS |  
2019-09-05 09:23:26,025 | INFO  | DNAudit | user=null | ip=null | op=WRITE_CHUNK {blockData=conID: 2 locID: 102739175406764558 bcsId: 2630} | ret=SUCCESS |  
2019-09-05 09:23:26,025 | INFO  | DNAudit | user=null | ip=null | op=WRITE_CHUNK {blockData=conID: 2 locID: 102739175406764558 bcsId: 2630} | ret=SUCCESS |  
2019-09-05 09:23:26,049 | INFO  | DNAudit | user=null | ip=null | op=WRITE_CHUNK {blockData=conID: 2 locID: 102739175406764558 bcsId: 2630} | ret=SUCCESS |  
2019-09-05 09:23:26,049 | INFO  | DNAudit | user=null | ip=null | op=PUT_BLOCK {blockData=[blockId=conID: 2 locID: 102739175406764558 bcsId: 0,size=3145728]} | ret=SUCCESS |  
2019-09-05 09:23:26,049 [grpc-default-executor-5] INFO  client.GrpcClientProtocolClient (GrpcClientProtocolClient.java:onNext(255)) - client-969FB6DA8C9A->4fcc8d53-44cb-4faf-b915-5afa0c7529d4: receive RaftClientReply:client-969FB6DA8C9A->4fcc8d53-44cb-4faf-b915-5afa0c7529d4@group-6A615BAE1DD1, cid=1830, SUCCESS, logIndex=2635, commits[4fcc8d53-44cb-4faf-b915-5afa0c7529d4:c2636, 48aa5eb4-709c-4003-adb5-fbc02723cd23:c2634, 609a8cf1-6ad3-4123-b94a-106ad93148a8:c2634]
2019-09-05 09:23:26,050 [grpc-default-executor-5] INFO  client.GrpcClientProtocolClient (GrpcClientProtocolClient.java:onNext(255)) - client-969FB6DA8C9A->4fcc8d53-44cb-4faf-b915-5afa0c7529d4: receive RaftClientReply:client-969FB6DA8C9A->4fcc8d53-44cb-4faf-b915-5afa0c7529d4@group-6A615BAE1DD1, cid=1831, SUCCESS, logIndex=2636, commits[4fcc8d53-44cb-4faf-b915-5afa0c7529d4:c2636, 48aa5eb4-709c-4003-adb5-fbc02723cd23:c2634, 609a8cf1-6ad3-4123-b94a-106ad93148a8:c2634]
2019-09-05 09:23:26,057 | INFO  | DNAudit | user=null | ip=null | op=WRITE_CHUNK {blockData=conID: 2 locID: 102739175406764558 bcsId: 2636} | ret=SUCCESS |  
2019-09-05 09:23:26,059 | INFO  | DNAudit | user=null | ip=null | op=WRITE_CHUNK {blockData=conID: 2 locID: 102739175406764558 bcsId: 2636} | ret=SUCCESS |  
2019-09-05 09:23:26,060 | INFO  | DNAudit | user=null | ip=null | op=WRITE_CHUNK {blockData=conID: 2 locID: 102739175406764558 bcsId: 2630} | ret=SUCCESS |  
2019-09-05 09:23:26,060 | INFO  | DNAudit | user=null | ip=null | op=WRITE_CHUNK {blockData=conID: 2 locID: 102739175406764558 bcsId: 2630} | ret=SUCCESS |  
2019-09-05 09:23:26,060 | INFO  | DNAudit | user=null | ip=null | op=PUT_BLOCK {blockData=[blockId=conID: 2 locID: 102739175406764558 bcsId: 0,size=3145728]} | ret=SUCCESS |  
2019-09-05 09:23:26,060 | INFO  | DNAudit | user=null | ip=null | op=PUT_BLOCK {blockData=[blockId=conID: 2 locID: 102739175406764558 bcsId: 0,size=3145728]} | ret=SUCCESS |  
2019-09-05 09:23:26,061 | INFO  | DNAudit | user=null | ip=null | op=WRITE_CHUNK {blockData=conID: 2 locID: 102739175406764558 bcsId: 2636} | ret=SUCCESS |  
2019-09-05 09:23:26,061 | INFO  | DNAudit | user=null | ip=null | op=WRITE_CHUNK {blockData=conID: 2 locID: 102739175406764558 bcsId: 2636} | ret=SUCCESS |  
2019-09-05 09:23:26,062 | INFO  | DNAudit | user=null | ip=null | op=PUT_BLOCK {blockData=[blockId=conID: 2 locID: 102739175406764558 bcsId: 0,size=4194304]} | ret=SUCCESS |  
2019-09-05 09:23:26,062 [grpc-default-executor-5] INFO  client.GrpcClientProtocolClient (GrpcClientProtocolClient.java:onNext(255)) - client-969FB6DA8C9A->4fcc8d53-44cb-4faf-b915-5afa0c7529d4: receive RaftClientReply:client-969FB6DA8C9A->4fcc8d53-44cb-4faf-b915-5afa0c7529d4@group-6A615BAE1DD1, cid=1832, SUCCESS, logIndex=2639, commits[4fcc8d53-44cb-4faf-b915-5afa0c7529d4:c2640, 48aa5eb4-709c-4003-adb5-fbc02723cd23:c2636, 609a8cf1-6ad3-4123-b94a-106ad93148a8:c2636]
2019-09-05 09:23:26,062 [grpc-default-executor-5] INFO  client.GrpcClientProtocolClient (GrpcClientProtocolClient.java:onNext(255)) - client-969FB6DA8C9A->4fcc8d53-44cb-4faf-b915-5afa0c7529d4: receive RaftClientReply:client-969FB6DA8C9A->4fcc8d53-44cb-4faf-b915-5afa0c7529d4@group-6A615BAE1DD1, cid=1833, SUCCESS, logIndex=2640, commits[4fcc8d53-44cb-4faf-b915-5afa0c7529d4:c2640, 48aa5eb4-709c-4003-adb5-fbc02723cd23:c2636, 609a8cf1-6ad3-4123-b94a-106ad93148a8:c2636]
2019-09-05 09:23:26,081 | INFO  | DNAudit | user=null | ip=null | op=WRITE_CHUNK {blockData=conID: 2 locID: 102739175406764558 bcsId: 2636} | ret=SUCCESS |  
2019-09-05 09:23:26,081 | INFO  | DNAudit | user=null | ip=null | op=PUT_BLOCK {blockData=[blockId=conID: 2 locID: 102739175406764558 bcsId: 0,size=4194304]} | ret=SUCCESS |  
2019-09-05 09:23:26,082 | INFO  | DNAudit | user=null | ip=null | op=WRITE_CHUNK {blockData=conID: 2 locID: 102739175406764558 bcsId: 2636} | ret=SUCCESS |  
2019-09-05 09:23:26,082 | INFO  | DNAudit | user=null | ip=null | op=PUT_BLOCK {blockData=[blockId=conID: 2 locID: 102739175406764558 bcsId: 0,size=4194304]} | ret=SUCCESS |  
2019-09-05 09:23:26,082 [grpc-default-executor-5] INFO  client.GrpcClientProtocolClient (GrpcClientProtocolClient.java:onNext(255)) - client-969FB6DA8C9A->4fcc8d53-44cb-4faf-b915-5afa0c7529d4: receive RaftClientReply:client-969FB6DA8C9A->4fcc8d53-44cb-4faf-b915-5afa0c7529d4@group-6A615BAE1DD1, cid=1834, SUCCESS, logIndex=0, commits[4fcc8d53-44cb-4faf-b915-5afa0c7529d4:c2641, 48aa5eb4-709c-4003-adb5-fbc02723cd23:c2640, 609a8cf1-6ad3-4123-b94a-106ad93148a8:c2640]
2019-09-05 09:23:26,086 | INFO  | SCMAudit | user=jenkins1000 | ip=192.168.36.69 | op=ALLOCATE_BLOCK {owner=5cf4fcf6-c517-45f4-af25-2fff646d8883, size=4194304, type=RATIS, factor=THREE} | ret=SUCCESS |  
2019-09-05 09:23:26,088 | INFO  | OMAudit | user=jenkins1000 | ip=127.0.0.1 | op=ALLOCATE_BLOCK {volume=vol-0-13331, bucket=bucket-0-43606, key=key-0-76526, dataSize=0, replicationType=null, replicationFactor=null, keyLocationInfo=null, clientID=102739173903106450} | ret=SUCCESS |  
2019-09-05 09:23:26,093 | INFO  | DNAudit | user=null | ip=null | op=WRITE_CHUNK {blockData=conID: 3 locID: 102739175413252623 bcsId: 0} | ret=SUCCESS |  
2019-09-05 09:23:26,095 | INFO  | DNAudit | user=null | ip=null | op=WRITE_CHUNK {blockData=conID: 3 locID: 102739175413252623 bcsId: 0} | ret=SUCCESS |  
2019-09-05 09:23:26,096 | INFO  | DNAudit | user=null | ip=null | op=WRITE_CHUNK {blockData=conID: 3 locID: 102739175413252623 bcsId: 0} | ret=SUCCESS |  
2019-09-05 09:23:26,096 | INFO  | DNAudit | user=null | ip=null | op=WRITE_CHUNK {blockData=conID: 3 locID: 102739175413252623 bcsId: 0} | ret=SUCCESS |  
2019-09-05 09:23:26,097 | INFO  | DNAudit | user=null | ip=null | op=WRITE_CHUNK {blockData=conID: 3 locID: 102739175413252623 bcsId: 0} | ret=SUCCESS |  
2019-09-05 09:23:26,097 | INFO  | DNAudit | user=null | ip=null | op=WRITE_CHUNK {blockData=conID: 3 locID: 102739175413252623 bcsId: 0} | ret=SUCCESS |  
2019-09-05 09:23:26,141 | INFO  | DNAudit | user=null | ip=null | op=WRITE_CHUNK {blockData=conID: 3 locID: 102739175413252623 bcsId: 0} | ret=SUCCESS |  
2019-09-05 09:23:26,141 | INFO  | DNAudit | user=null | ip=null | op=PUT_BLOCK {blockData=[blockId=conID: 3 locID: 102739175413252623 bcsId: 0,size=1048576]} | ret=SUCCESS |  
2019-09-05 09:23:26,142 | INFO  | DNAudit | user=null | ip=null | op=WRITE_CHUNK {blockData=conID: 3 locID: 102739175413252623 bcsId: 0} | ret=SUCCESS |  
2019-09-05 09:23:26,142 [grpc-default-executor-5] INFO  client.GrpcClientProtocolClient (GrpcClientProtocolClient.java:onNext(255)) - client-969FB6DA8C9A->4fcc8d53-44cb-4faf-b915-5afa0c7529d4: receive RaftClientReply:client-969FB6DA8C9A->4fcc8d53-44cb-4faf-b915-5afa0c7529d4@group-6A615BAE1DD1, cid=1835, SUCCESS, logIndex=2643, commits[4fcc8d53-44cb-4faf-b915-5afa0c7529d4:c2646, 48aa5eb4-709c-4003-adb5-fbc02723cd23:c2642, 609a8cf1-6ad3-4123-b94a-106ad93148a8:c2642]
2019-09-05 09:23:26,142 | INFO  | DNAudit | user=null | ip=null | op=PUT_BLOCK {blockData=[blockId=conID: 3 locID: 102739175413252623 bcsId: 0,size=2097152]} | ret=SUCCESS |  
2019-09-05 09:23:26,142 [grpc-default-executor-5] INFO  client.GrpcClientProtocolClient (GrpcClientProtocolClient.java:onNext(255)) - client-969FB6DA8C9A->4fcc8d53-44cb-4faf-b915-5afa0c7529d4: receive RaftClientReply:client-969FB6DA8C9A->4fcc8d53-44cb-4faf-b915-5afa0c7529d4@group-6A615BAE1DD1, cid=1836, SUCCESS, logIndex=2644, commits[4fcc8d53-44cb-4faf-b915-5afa0c7529d4:c2646, 48aa5eb4-709c-4003-adb5-fbc02723cd23:c2642, 609a8cf1-6ad3-4123-b94a-106ad93148a8:c2642]
2019-09-05 09:23:26,143 | INFO  | DNAudit | user=null | ip=null | op=WRITE_CHUNK {blockData=conID: 3 locID: 102739175413252623 bcsId: 0} | ret=SUCCESS |  
2019-09-05 09:23:26,143 | INFO  | DNAudit | user=null | ip=null | op=PUT_BLOCK {blockData=[blockId=conID: 3 locID: 102739175413252623 bcsId: 0,size=1048576]} | ret=SUCCESS |  
2019-09-05 09:23:26,143 [grpc-default-executor-5] INFO  client.GrpcClientProtocolClient (GrpcClientProtocolClient.java:onNext(255)) - client-969FB6DA8C9A->4fcc8d53-44cb-4faf-b915-5afa0c7529d4: receive RaftClientReply:client-969FB6DA8C9A->4fcc8d53-44cb-4faf-b915-5afa0c7529d4@group-6A615BAE1DD1, cid=1837, SUCCESS, logIndex=2645, commits[4fcc8d53-44cb-4faf-b915-5afa0c7529d4:c2646, 48aa5eb4-709c-4003-adb5-fbc02723cd23:c2642, 609a8cf1-6ad3-4123-b94a-106ad93148a8:c2642]
2019-09-05 09:23:26,143 | INFO  | DNAudit | user=null | ip=null | op=WRITE_CHUNK {blockData=conID: 3 locID: 102739175413252623 bcsId: 0} | ret=SUCCESS |  
2019-09-05 09:23:26,143 | INFO  | DNAudit | user=null | ip=null | op=WRITE_CHUNK {blockData=conID: 3 locID: 102739175413252623 bcsId: 0} | ret=SUCCESS |  
2019-09-05 09:23:26,143 [grpc-default-executor-5] INFO  client.GrpcClientProtocolClient (GrpcClientProtocolClient.java:onNext(255)) - client-969FB6DA8C9A->4fcc8d53-44cb-4faf-b915-5afa0c7529d4: receive RaftClientReply:client-969FB6DA8C9A->4fcc8d53-44cb-4faf-b915-5afa0c7529d4@group-6A615BAE1DD1, cid=1838, SUCCESS, logIndex=2646, commits[4fcc8d53-44cb-4faf-b915-5afa0c7529d4:c2646, 48aa5eb4-709c-4003-adb5-fbc02723cd23:c2642, 609a8cf1-6ad3-4123-b94a-106ad93148a8:c2642]
2019-09-05 09:23:26,143 | INFO  | DNAudit | user=null | ip=null | op=PUT_BLOCK {blockData=[blockId=conID: 3 locID: 102739175413252623 bcsId: 0,size=2097152]} | ret=SUCCESS |  
2019-09-05 09:23:26,143 | INFO  | DNAudit | user=null | ip=null | op=PUT_BLOCK {blockData=[blockId=conID: 3 locID: 102739175413252623 bcsId: 0,size=1048576]} | ret=SUCCESS |  
2019-09-05 09:23:26,144 [grpc-default-executor-5] INFO  client.GrpcClientProtocolClient (GrpcClientProtocolClient.java:onNext(255)) - client-969FB6DA8C9A->4fcc8d53-44cb-4faf-b915-5afa0c7529d4: receive RaftClientReply:client-969FB6DA8C9A->4fcc8d53-44cb-4faf-b915-5afa0c7529d4@group-6A615BAE1DD1, cid=1839, SUCCESS, logIndex=0, commits[4fcc8d53-44cb-4faf-b915-5afa0c7529d4:c2650, 48aa5eb4-709c-4003-adb5-fbc02723cd23:c2644, 609a8cf1-6ad3-4123-b94a-106ad93148a8:c2646]
2019-09-05 09:23:26,151 | INFO  | DNAudit | user=null | ip=null | op=WRITE_CHUNK {blockData=conID: 3 locID: 102739175413252623 bcsId: 2646} | ret=SUCCESS |  
2019-09-05 09:23:26,152 | INFO  | DNAudit | user=null | ip=null | op=WRITE_CHUNK {blockData=conID: 3 locID: 102739175413252623 bcsId: 2646} | ret=SUCCESS |  
2019-09-05 09:23:26,153 | INFO  | DNAudit | user=null | ip=null | op=WRITE_CHUNK {blockData=conID: 3 locID: 102739175413252623 bcsId: 2646} | ret=SUCCESS |  
2019-09-05 09:23:26,197 | INFO  | DNAudit | user=null | ip=null | op=WRITE_CHUNK {blockData=conID: 3 locID: 102739175413252623 bcsId: 0} | ret=SUCCESS |  
2019-09-05 09:23:26,198 | INFO  | DNAudit | user=null | ip=null | op=PUT_BLOCK {blockData=[blockId=conID: 3 locID: 102739175413252623 bcsId: 0,size=2097152]} | ret=SUCCESS |  
2019-09-05 09:23:26,198 | INFO  | DNAudit | user=null | ip=null | op=WRITE_CHUNK {blockData=conID: 3 locID: 102739175413252623 bcsId: 2646} | ret=SUCCESS |  
2019-09-05 09:23:26,198 | INFO  | DNAudit | user=null | ip=null | op=PUT_BLOCK {blockData=[blockId=conID: 3 locID: 102739175413252623 bcsId: 0,size=3145728]} | ret=SUCCESS |  
2019-09-05 09:23:26,199 [grpc-default-executor-3] INFO  client.GrpcClientProtocolClient (GrpcClientProtocolClient.java:onNext(255)) - client-969FB6DA8C9A->4fcc8d53-44cb-4faf-b915-5afa0c7529d4: receive RaftClientReply:client-969FB6DA8C9A->4fcc8d53-44cb-4faf-b915-5afa0c7529d4@group-6A615BAE1DD1, cid=1840, SUCCESS, logIndex=2651, commits[4fcc8d53-44cb-4faf-b915-5afa0c7529d4:c2652, 48aa5eb4-709c-4003-adb5-fbc02723cd23:c2646, 609a8cf1-6ad3-4123-b94a-106ad93148a8:c2650]
2019-09-05 09:23:26,199 [grpc-default-executor-3] INFO  client.GrpcClientProtocolClient (GrpcClientProtocolClient.java:onNext(255)) - client-969FB6DA8C9A->4fcc8d53-44cb-4faf-b915-5afa0c7529d4: receive RaftClientReply:client-969FB6DA8C9A->4fcc8d53-44cb-4faf-b915-5afa0c7529d4@group-6A615BAE1DD1, cid=1841, SUCCESS, logIndex=2652, commits[4fcc8d53-44cb-4faf-b915-5afa0c7529d4:c2652, 48aa5eb4-709c-4003-adb5-fbc02723cd23:c2646, 609a8cf1-6ad3-4123-b94a-106ad93148a8:c2650]
2019-09-05 09:23:26,206 | INFO  | DNAudit | user=null | ip=null | op=WRITE_CHUNK {blockData=conID: 3 locID: 102739175413252623 bcsId: 2652} | ret=SUCCESS |  
2019-09-05 09:23:26,208 | INFO  | DNAudit | user=null | ip=null | op=WRITE_CHUNK {blockData=conID: 3 locID: 102739175413252623 bcsId: 2652} | ret=SUCCESS |  
2019-09-05 09:23:26,208 | INFO  | DNAudit | user=null | ip=null | op=WRITE_CHUNK {blockData=conID: 3 locID: 102739175413252623 bcsId: 2652} | ret=SUCCESS |  
2019-09-05 09:23:26,209 | INFO  | DNAudit | user=null | ip=null | op=WRITE_CHUNK {blockData=conID: 3 locID: 102739175413252623 bcsId: 2646} | ret=SUCCESS |  
2019-09-05 09:23:26,210 | INFO  | DNAudit | user=null | ip=null | op=PUT_BLOCK {blockData=[blockId=conID: 3 locID: 102739175413252623 bcsId: 0,size=3145728]} | ret=SUCCESS |  
2019-09-05 09:23:26,225 | INFO  | DNAudit | user=null | ip=null | op=WRITE_CHUNK {blockData=conID: 3 locID: 102739175413252623 bcsId: 2646} | ret=SUCCESS |  
2019-09-05 09:23:26,225 | INFO  | DNAudit | user=null | ip=null | op=PUT_BLOCK {blockData=[blockId=conID: 3 locID: 102739175413252623 bcsId: 0,size=3145728]} | ret=SUCCESS |  
2019-09-05 09:23:26,225 | INFO  | DNAudit | user=null | ip=null | op=WRITE_CHUNK {blockData=conID: 3 locID: 102739175413252623 bcsId: 2652} | ret=SUCCESS |  
2019-09-05 09:23:26,226 | INFO  | DNAudit | user=null | ip=null | op=PUT_BLOCK {blockData=[blockId=conID: 3 locID: 102739175413252623 bcsId: 0,size=4194304]} | ret=SUCCESS |  
2019-09-05 09:23:26,226 [grpc-default-executor-5] INFO  client.GrpcClientProtocolClient (GrpcClientProtocolClient.java:onNext(255)) - client-969FB6DA8C9A->4fcc8d53-44cb-4faf-b915-5afa0c7529d4: receive RaftClientReply:client-969FB6DA8C9A->4fcc8d53-44cb-4faf-b915-5afa0c7529d4@group-6A615BAE1DD1, cid=1842, SUCCESS, logIndex=2655, commits[4fcc8d53-44cb-4faf-b915-5afa0c7529d4:c2656, 48aa5eb4-709c-4003-adb5-fbc02723cd23:c2652, 609a8cf1-6ad3-4123-b94a-106ad93148a8:c2652]
2019-09-05 09:23:26,227 [grpc-default-executor-5] INFO  client.GrpcClientProtocolClient (GrpcClientProtocolClient.java:onNext(255)) - client-969FB6DA8C9A->4fcc8d53-44cb-4faf-b915-5afa0c7529d4: receive RaftClientReply:client-969FB6DA8C9A->4fcc8d53-44cb-4faf-b915-5afa0c7529d4@group-6A615BAE1DD1, cid=1843, SUCCESS, logIndex=2656, commits[4fcc8d53-44cb-4faf-b915-5afa0c7529d4:c2656, 48aa5eb4-709c-4003-adb5-fbc02723cd23:c2652, 609a8cf1-6ad3-4123-b94a-106ad93148a8:c2652]
2019-09-05 09:23:26,238 | INFO  | SCMAudit | user=jenkins1000 | ip=192.168.36.69 | op=SEND_HEARTBEAT {datanodeUUID=48aa5eb4-709c-4003-adb5-fbc02723cd23, command=[]} | ret=SUCCESS |  
2019-09-05 09:23:26,238 | INFO  | SCMAudit | user=jenkins1000 | ip=192.168.36.69 | op=SEND_HEARTBEAT {datanodeUUID=609a8cf1-6ad3-4123-b94a-106ad93148a8, command=[]} | ret=SUCCESS |  
2019-09-05 09:23:26,238 | INFO  | SCMAudit | user=jenkins1000 | ip=192.168.36.69 | op=SEND_HEARTBEAT {datanodeUUID=5b6cff60-1414-40d6-b682-781dc5ff3023, command=[]} | ret=SUCCESS |  
 0.00% |█                                                                                                    |  0/1 Time: 0:00:232019-09-05 09:23:26,239 | INFO  | SCMAudit | user=jenkins1000 | ip=192.168.36.69 | op=SEND_HEARTBEAT {datanodeUUID=4fcc8d53-44cb-4faf-b915-5afa0c7529d4, command=[]} | ret=SUCCESS |  
2019-09-05 09:23:26,335 | INFO  | DNAudit | user=null | ip=null | op=WRITE_CHUNK {blockData=conID: 3 locID: 102739175413252623 bcsId: 2652} | ret=SUCCESS |  
2019-09-05 09:23:26,344 | INFO  | DNAudit | user=null | ip=null | op=WRITE_CHUNK {blockData=conID: 3 locID: 102739175413252623 bcsId: 2652} | ret=SUCCESS |  
2019-09-05 09:23:26,344 | INFO  | DNAudit | user=null | ip=null | op=PUT_BLOCK {blockData=[blockId=conID: 3 locID: 102739175413252623 bcsId: 0,size=4194304]} | ret=SUCCESS |  
2019-09-05 09:23:26,345 | INFO  | DNAudit | user=null | ip=null | op=PUT_BLOCK {blockData=[blockId=conID: 3 locID: 102739175413252623 bcsId: 0,size=4194304]} | ret=SUCCESS |  
2019-09-05 09:23:26,345 [grpc-default-executor-5] INFO  client.GrpcClientProtocolClient (GrpcClientProtocolClient.java:onNext(255)) - client-969FB6DA8C9A->4fcc8d53-44cb-4faf-b915-5afa0c7529d4: receive RaftClientReply:client-969FB6DA8C9A->4fcc8d53-44cb-4faf-b915-5afa0c7529d4@group-6A615BAE1DD1, cid=1844, SUCCESS, logIndex=0, commits[4fcc8d53-44cb-4faf-b915-5afa0c7529d4:c2657, 48aa5eb4-709c-4003-adb5-fbc02723cd23:c2656, 609a8cf1-6ad3-4123-b94a-106ad93148a8:c2656]
2019-09-05 09:23:26,350 | INFO  | SCMAudit | user=jenkins1000 | ip=192.168.36.69 | op=ALLOCATE_BLOCK {owner=5cf4fcf6-c517-45f4-af25-2fff646d8883, size=4194304, type=RATIS, factor=THREE} | ret=SUCCESS |  
2019-09-05 09:23:26,354 | INFO  | OMAudit | user=jenkins1000 | ip=127.0.0.1 | op=ALLOCATE_BLOCK {volume=vol-0-13331, bucket=bucket-0-43606, key=key-0-76526, dataSize=0, replicationType=null, replicationFactor=null, keyLocationInfo=null, clientID=102739173903106450} | ret=SUCCESS |  
2019-09-05 09:23:26,361 | INFO  | DNAudit | user=null | ip=null | op=WRITE_CHUNK {blockData=conID: 1 locID: 102739175430554128 bcsId: 0} | ret=SUCCESS |  
2019-09-05 09:23:26,364 | INFO  | DNAudit | user=null | ip=null | op=WRITE_CHUNK {blockData=conID: 1 locID: 102739175430554128 bcsId: 0} | ret=SUCCESS |  
2019-09-05 09:23:26,364 | INFO  | DNAudit | user=null | ip=null | op=WRITE_CHUNK {blockData=conID: 1 locID: 102739175430554128 bcsId: 0} | ret=SUCCESS |  
2019-09-05 09:23:26,365 | INFO  | DNAudit | user=null | ip=null | op=WRITE_CHUNK {blockData=conID: 1 locID: 102739175430554128 bcsId: 0} | ret=SUCCESS |  
2019-09-05 09:23:26,367 | INFO  | DNAudit | user=null | ip=null | op=WRITE_CHUNK {blockData=conID: 1 locID: 102739175430554128 bcsId: 0} | ret=SUCCESS |  
2019-09-05 09:23:26,368 | INFO  | DNAudit | user=null | ip=null | op=WRITE_CHUNK {blockData=conID: 1 locID: 102739175430554128 bcsId: 0} | ret=SUCCESS |  
2019-09-05 09:23:26,368 | INFO  | DNAudit | user=null | ip=null | op=WRITE_CHUNK {blockData=conID: 1 locID: 102739175430554128 bcsId: 0} | ret=SUCCESS |  
2019-09-05 09:23:26,368 | INFO  | DNAudit | user=null | ip=null | op=PUT_BLOCK {blockData=[blockId=conID: 1 locID: 102739175430554128 bcsId: 0,size=1048576]} | ret=SUCCESS |  
2019-09-05 09:23:26,368 [grpc-default-executor-0] INFO  client.GrpcClientProtocolClient (GrpcClientProtocolClient.java:onNext(255)) - client-969FB6DA8C9A->4fcc8d53-44cb-4faf-b915-5afa0c7529d4: receive RaftClientReply:client-969FB6DA8C9A->4fcc8d53-44cb-4faf-b915-5afa0c7529d4@group-6A615BAE1DD1, cid=1845, SUCCESS, logIndex=2659, commits[4fcc8d53-44cb-4faf-b915-5afa0c7529d4:c2659, 48aa5eb4-709c-4003-adb5-fbc02723cd23:c2658, 609a8cf1-6ad3-4123-b94a-106ad93148a8:c2658]
2019-09-05 09:23:26,369 [grpc-default-executor-0] INFO  client.GrpcClientProtocolClient (GrpcClientProtocolClient.java:onNext(255)) - client-969FB6DA8C9A->4fcc8d53-44cb-4faf-b915-5afa0c7529d4: receive RaftClientReply:client-969FB6DA8C9A->4fcc8d53-44cb-4faf-b915-5afa0c7529d4@group-6A615BAE1DD1, cid=1846, SUCCESS, logIndex=2660, commits[4fcc8d53-44cb-4faf-b915-5afa0c7529d4:c2660, 48aa5eb4-709c-4003-adb5-fbc02723cd23:c2658, 609a8cf1-6ad3-4123-b94a-106ad93148a8:c2658]
2019-09-05 09:23:26,508 | INFO  | DNAudit | user=null | ip=null | op=WRITE_CHUNK {blockData=conID: 1 locID: 102739175430554128 bcsId: 0} | ret=SUCCESS |  
2019-09-05 09:23:26,512 | INFO  | DNAudit | user=null | ip=null | op=PUT_BLOCK {blockData=[blockId=conID: 1 locID: 102739175430554128 bcsId: 0,size=2097152]} | ret=SUCCESS |  
2019-09-05 09:23:26,512 | INFO  | DNAudit | user=null | ip=null | op=WRITE_CHUNK {blockData=conID: 1 locID: 102739175430554128 bcsId: 0} | ret=SUCCESS |  
2019-09-05 09:23:26,512 [grpc-default-executor-3] INFO  client.GrpcClientProtocolClient (GrpcClientProtocolClient.java:onNext(255)) - client-969FB6DA8C9A->4fcc8d53-44cb-4faf-b915-5afa0c7529d4: receive RaftClientReply:client-969FB6DA8C9A->4fcc8d53-44cb-4faf-b915-5afa0c7529d4@group-6A615BAE1DD1, cid=1847, SUCCESS, logIndex=2661, commits[4fcc8d53-44cb-4faf-b915-5afa0c7529d4:c2662, 48aa5eb4-709c-4003-adb5-fbc02723cd23:c2658, 609a8cf1-6ad3-4123-b94a-106ad93148a8:c2658]
2019-09-05 09:23:26,512 | INFO  | DNAudit | user=null | ip=null | op=PUT_BLOCK {blockData=[blockId=conID: 1 locID: 102739175430554128 bcsId: 0,size=1048576]} | ret=SUCCESS |  
2019-09-05 09:23:26,512 [grpc-default-executor-3] INFO  client.GrpcClientProtocolClient (GrpcClientProtocolClient.java:onNext(255)) - client-969FB6DA8C9A->4fcc8d53-44cb-4faf-b915-5afa0c7529d4: receive RaftClientReply:client-969FB6DA8C9A->4fcc8d53-44cb-4faf-b915-5afa0c7529d4@group-6A615BAE1DD1, cid=1848, SUCCESS, logIndex=2662, commits[4fcc8d53-44cb-4faf-b915-5afa0c7529d4:c2662, 48aa5eb4-709c-4003-adb5-fbc02723cd23:c2658, 609a8cf1-6ad3-4123-b94a-106ad93148a8:c2658]
2019-09-05 09:23:26,513 | INFO  | DNAudit | user=null | ip=null | op=WRITE_CHUNK {blockData=conID: 1 locID: 102739175430554128 bcsId: 0} | ret=SUCCESS |  
2019-09-05 09:23:26,513 | INFO  | DNAudit | user=null | ip=null | op=PUT_BLOCK {blockData=[blockId=conID: 1 locID: 102739175430554128 bcsId: 0,size=1048576]} | ret=SUCCESS |  
2019-09-05 09:23:26,513 [grpc-default-executor-3] INFO  client.GrpcClientProtocolClient (GrpcClientProtocolClient.java:onNext(255)) - client-969FB6DA8C9A->4fcc8d53-44cb-4faf-b915-5afa0c7529d4: receive RaftClientReply:client-969FB6DA8C9A->4fcc8d53-44cb-4faf-b915-5afa0c7529d4@group-6A615BAE1DD1, cid=1849, SUCCESS, logIndex=0, commits[4fcc8d53-44cb-4faf-b915-5afa0c7529d4:c2664, 48aa5eb4-709c-4003-adb5-fbc02723cd23:c2660, 609a8cf1-6ad3-4123-b94a-106ad93148a8:c2660]
2019-09-05 09:23:26,514 | INFO  | DNAudit | user=null | ip=null | op=WRITE_CHUNK {blockData=conID: 1 locID: 102739175430554128 bcsId: 0} | ret=SUCCESS |  
2019-09-05 09:23:26,514 | INFO  | DNAudit | user=null | ip=null | op=PUT_BLOCK {blockData=[blockId=conID: 1 locID: 102739175430554128 bcsId: 0,size=2097152]} | ret=SUCCESS |  
2019-09-05 09:23:26,514 | INFO  | DNAudit | user=null | ip=null | op=WRITE_CHUNK {blockData=conID: 1 locID: 102739175430554128 bcsId: 0} | ret=SUCCESS |  
2019-09-05 09:23:26,515 | INFO  | DNAudit | user=null | ip=null | op=PUT_BLOCK {blockData=[blockId=conID: 1 locID: 102739175430554128 bcsId: 0,size=2097152]} | ret=SUCCESS |  
2019-09-05 09:23:26,519 | INFO  | DNAudit | user=null | ip=null | op=WRITE_CHUNK {blockData=conID: 1 locID: 102739175430554128 bcsId: 2662} | ret=SUCCESS |  
2019-09-05 09:23:26,520 | INFO  | DNAudit | user=null | ip=null | op=WRITE_CHUNK {blockData=conID: 1 locID: 102739175430554128 bcsId: 2662} | ret=SUCCESS |  
2019-09-05 09:23:26,520 | INFO  | DNAudit | user=null | ip=null | op=WRITE_CHUNK {blockData=conID: 1 locID: 102739175430554128 bcsId: 2662} | ret=SUCCESS |  
2019-09-05 09:23:26,526 | INFO  | DNAudit | user=null | ip=null | op=WRITE_CHUNK {blockData=conID: 1 locID: 102739175430554128 bcsId: 2662} | ret=SUCCESS |  
2019-09-05 09:23:26,526 | INFO  | DNAudit | user=null | ip=null | op=PUT_BLOCK {blockData=[blockId=conID: 1 locID: 102739175430554128 bcsId: 0,size=3145728]} | ret=SUCCESS |  
2019-09-05 09:23:26,526 [grpc-default-executor-5] INFO  client.GrpcClientProtocolClient (GrpcClientProtocolClient.java:onNext(255)) - client-969FB6DA8C9A->4fcc8d53-44cb-4faf-b915-5afa0c7529d4: receive RaftClientReply:client-969FB6DA8C9A->4fcc8d53-44cb-4faf-b915-5afa0c7529d4@group-6A615BAE1DD1, cid=1850, SUCCESS, logIndex=2667, commits[4fcc8d53-44cb-4faf-b915-5afa0c7529d4:c2668, 48aa5eb4-709c-4003-adb5-fbc02723cd23:c2666, 609a8cf1-6ad3-4123-b94a-106ad93148a8:c2666]
2019-09-05 09:23:26,527 [grpc-default-executor-5] INFO  client.GrpcClientProtocolClient (GrpcClientProtocolClient.java:onNext(255)) - client-969FB6DA8C9A->4fcc8d53-44cb-4faf-b915-5afa0c7529d4: receive RaftClientReply:client-969FB6DA8C9A->4fcc8d53-44cb-4faf-b915-5afa0c7529d4@group-6A615BAE1DD1, cid=1851, SUCCESS, logIndex=2668, commits[4fcc8d53-44cb-4faf-b915-5afa0c7529d4:c2668, 48aa5eb4-709c-4003-adb5-fbc02723cd23:c2666, 609a8cf1-6ad3-4123-b94a-106ad93148a8:c2666]
2019-09-05 09:23:26,531 | INFO  | DNAudit | user=null | ip=null | op=WRITE_CHUNK {blockData=conID: 1 locID: 102739175430554128 bcsId: 2668} | ret=SUCCESS |  
2019-09-05 09:23:26,532 | INFO  | DNAudit | user=null | ip=null | op=WRITE_CHUNK {blockData=conID: 1 locID: 102739175430554128 bcsId: 2662} | ret=SUCCESS |  
2019-09-05 09:23:26,532 | INFO  | DNAudit | user=null | ip=null | op=WRITE_CHUNK {blockData=conID: 1 locID: 102739175430554128 bcsId: 2662} | ret=SUCCESS |  
2019-09-05 09:23:26,533 | INFO  | DNAudit | user=null | ip=null | op=PUT_BLOCK {blockData=[blockId=conID: 1 locID: 102739175430554128 bcsId: 0,size=3145728]} | ret=SUCCESS |  
2019-09-05 09:23:26,533 | INFO  | DNAudit | user=null | ip=null | op=PUT_BLOCK {blockData=[blockId=conID: 1 locID: 102739175430554128 bcsId: 0,size=3145728]} | ret=SUCCESS |  
2019-09-05 09:23:26,533 | INFO  | DNAudit | user=null | ip=null | op=WRITE_CHUNK {blockData=conID: 1 locID: 102739175430554128 bcsId: 2668} | ret=SUCCESS |  
2019-09-05 09:23:26,534 | INFO  | DNAudit | user=null | ip=null | op=WRITE_CHUNK {blockData=conID: 1 locID: 102739175430554128 bcsId: 2668} | ret=SUCCESS |  
2019-09-05 09:23:26,540 | INFO  | DNAudit | user=null | ip=null | op=WRITE_CHUNK {blockData=conID: 1 locID: 102739175430554128 bcsId: 2668} | ret=SUCCESS |  
2019-09-05 09:23:26,541 | INFO  | DNAudit | user=null | ip=null | op=PUT_BLOCK {blockData=[blockId=conID: 1 locID: 102739175430554128 bcsId: 0,size=4194304]} | ret=SUCCESS |  
2019-09-05 09:23:26,541 [grpc-default-executor-5] INFO  client.GrpcClientProtocolClient (GrpcClientProtocolClient.java:onNext(255)) - client-969FB6DA8C9A->4fcc8d53-44cb-4faf-b915-5afa0c7529d4: receive RaftClientReply:client-969FB6DA8C9A->4fcc8d53-44cb-4faf-b915-5afa0c7529d4@group-6A615BAE1DD1, cid=1852, SUCCESS, logIndex=2671, commits[4fcc8d53-44cb-4faf-b915-5afa0c7529d4:c2672, 48aa5eb4-709c-4003-adb5-fbc02723cd23:c2668, 609a8cf1-6ad3-4123-b94a-106ad93148a8:c2668]
2019-09-05 09:23:26,541 [grpc-default-executor-5] INFO  client.GrpcClientProtocolClient (GrpcClientProtocolClient.java:onNext(255)) - client-969FB6DA8C9A->4fcc8d53-44cb-4faf-b915-5afa0c7529d4: receive RaftClientReply:client-969FB6DA8C9A->4fcc8d53-44cb-4faf-b915-5afa0c7529d4@group-6A615BAE1DD1, cid=1853, SUCCESS, logIndex=2672, commits[4fcc8d53-44cb-4faf-b915-5afa0c7529d4:c2672, 48aa5eb4-709c-4003-adb5-fbc02723cd23:c2668, 609a8cf1-6ad3-4123-b94a-106ad93148a8:c2668]
2019-09-05 09:23:26,542 | INFO  | DNAudit | user=null | ip=null | op=WRITE_CHUNK {blockData=conID: 1 locID: 102739175430554128 bcsId: 2668} | ret=SUCCESS |  
2019-09-05 09:23:26,542 | INFO  | DNAudit | user=null | ip=null | op=PUT_BLOCK {blockData=[blockId=conID: 1 locID: 102739175430554128 bcsId: 0,size=4194304]} | ret=SUCCESS |  
2019-09-05 09:23:26,543 | INFO  | DNAudit | user=null | ip=null | op=WRITE_CHUNK {blockData=conID: 1 locID: 102739175430554128 bcsId: 2668} | ret=SUCCESS |  
2019-09-05 09:23:26,543 | INFO  | DNAudit | user=null | ip=null | op=PUT_BLOCK {blockData=[blockId=conID: 1 locID: 102739175430554128 bcsId: 0,size=4194304]} | ret=SUCCESS |  
2019-09-05 09:23:26,543 [grpc-default-executor-5] INFO  client.GrpcClientProtocolClient (GrpcClientProtocolClient.java:onNext(255)) - client-969FB6DA8C9A->4fcc8d53-44cb-4faf-b915-5afa0c7529d4: receive RaftClientReply:client-969FB6DA8C9A->4fcc8d53-44cb-4faf-b915-5afa0c7529d4@group-6A615BAE1DD1, cid=1854, SUCCESS, logIndex=0, commits[4fcc8d53-44cb-4faf-b915-5afa0c7529d4:c2673, 48aa5eb4-709c-4003-adb5-fbc02723cd23:c2672, 609a8cf1-6ad3-4123-b94a-106ad93148a8:c2672]
2019-09-05 09:23:26,546 | INFO  | SCMAudit | user=jenkins1000 | ip=192.168.36.69 | op=ALLOCATE_BLOCK {owner=5cf4fcf6-c517-45f4-af25-2fff646d8883, size=4194304, type=RATIS, factor=THREE} | ret=SUCCESS |  
2019-09-05 09:23:26,548 | INFO  | OMAudit | user=jenkins1000 | ip=127.0.0.1 | op=ALLOCATE_BLOCK {volume=vol-0-13331, bucket=bucket-0-43606, key=key-0-76526, dataSize=0, replicationType=null, replicationFactor=null, keyLocationInfo=null, clientID=102739173903106450} | ret=SUCCESS |  
2019-09-05 09:23:26,553 | INFO  | DNAudit | user=null | ip=null | op=WRITE_CHUNK {blockData=conID: 2 locID: 102739175443399185 bcsId: 0} | ret=SUCCESS |  
2019-09-05 09:23:26,556 | INFO  | DNAudit | user=null | ip=null | op=WRITE_CHUNK {blockData=conID: 2 locID: 102739175443399185 bcsId: 0} | ret=SUCCESS |  
2019-09-05 09:23:26,556 | INFO  | DNAudit | user=null | ip=null | op=WRITE_CHUNK {blockData=conID: 2 locID: 102739175443399185 bcsId: 0} | ret=SUCCESS |  
2019-09-05 09:23:26,556 | INFO  | DNAudit | user=null | ip=null | op=WRITE_CHUNK {blockData=conID: 2 locID: 102739175443399185 bcsId: 0} | ret=SUCCESS |  
2019-09-05 09:23:26,558 | INFO  | DNAudit | user=null | ip=null | op=WRITE_CHUNK {blockData=conID: 2 locID: 102739175443399185 bcsId: 0} | ret=SUCCESS |  
2019-09-05 09:23:26,558 | INFO  | DNAudit | user=null | ip=null | op=WRITE_CHUNK {blockData=conID: 2 locID: 102739175443399185 bcsId: 0} | ret=SUCCESS |  
2019-09-05 09:23:26,572 | INFO  | DNAudit | user=null | ip=null | op=WRITE_CHUNK {blockData=conID: 2 locID: 102739175443399185 bcsId: 0} | ret=SUCCESS |  
2019-09-05 09:23:26,573 | INFO  | DNAudit | user=null | ip=null | op=PUT_BLOCK {blockData=[blockId=conID: 2 locID: 102739175443399185 bcsId: 0,size=1048576]} | ret=SUCCESS |  
2019-09-05 09:23:26,573 [grpc-default-executor-0] INFO  client.GrpcClientProtocolClient (GrpcClientProtocolClient.java:onNext(255)) - client-969FB6DA8C9A->4fcc8d53-44cb-4faf-b915-5afa0c7529d4: receive RaftClientReply:client-969FB6DA8C9A->4fcc8d53-44cb-4faf-b915-5afa0c7529d4@group-6A615BAE1DD1, cid=1855, SUCCESS, logIndex=2675, commits[4fcc8d53-44cb-4faf-b915-5afa0c7529d4:c2676, 48aa5eb4-709c-4003-adb5-fbc02723cd23:c2674, 609a8cf1-6ad3-4123-b94a-106ad93148a8:c2674]
2019-09-05 09:23:26,573 [grpc-default-executor-0] INFO  client.GrpcClientProtocolClient (GrpcClientProtocolClient.java:onNext(255)) - client-969FB6DA8C9A->4fcc8d53-44cb-4faf-b915-5afa0c7529d4: receive RaftClientReply:client-969FB6DA8C9A->4fcc8d53-44cb-4faf-b915-5afa0c7529d4@group-6A615BAE1DD1, cid=1856, SUCCESS, logIndex=2676, commits[4fcc8d53-44cb-4faf-b915-5afa0c7529d4:c2676, 48aa5eb4-709c-4003-adb5-fbc02723cd23:c2674, 609a8cf1-6ad3-4123-b94a-106ad93148a8:c2674]
2019-09-05 09:23:26,593 | INFO  | DNAudit | user=null | ip=null | op=WRITE_CHUNK {blockData=conID: 2 locID: 102739175443399185 bcsId: 0} | ret=SUCCESS |  
2019-09-05 09:23:26,594 | INFO  | DNAudit | user=null | ip=null | op=PUT_BLOCK {blockData=[blockId=conID: 2 locID: 102739175443399185 bcsId: 0,size=2097152]} | ret=SUCCESS |  
2019-09-05 09:23:26,594 [grpc-default-executor-3] INFO  client.GrpcClientProtocolClient (GrpcClientProtocolClient.java:onNext(255)) - client-969FB6DA8C9A->4fcc8d53-44cb-4faf-b915-5afa0c7529d4: receive RaftClientReply:client-969FB6DA8C9A->4fcc8d53-44cb-4faf-b915-5afa0c7529d4@group-6A615BAE1DD1, cid=1857, SUCCESS, logIndex=2677, commits[4fcc8d53-44cb-4faf-b915-5afa0c7529d4:c2678, 48aa5eb4-709c-4003-adb5-fbc02723cd23:c2674, 609a8cf1-6ad3-4123-b94a-106ad93148a8:c2674]
2019-09-05 09:23:26,594 | INFO  | DNAudit | user=null | ip=null | op=WRITE_CHUNK {blockData=conID: 2 locID: 102739175443399185 bcsId: 0} | ret=SUCCESS |  
2019-09-05 09:23:26,594 [grpc-default-executor-3] INFO  client.GrpcClientProtocolClient (GrpcClientProtocolClient.java:onNext(255)) - client-969FB6DA8C9A->4fcc8d53-44cb-4faf-b915-5afa0c7529d4: receive RaftClientReply:client-969FB6DA8C9A->4fcc8d53-44cb-4faf-b915-5afa0c7529d4@group-6A615BAE1DD1, cid=1858, SUCCESS, logIndex=2678, commits[4fcc8d53-44cb-4faf-b915-5afa0c7529d4:c2678, 48aa5eb4-709c-4003-adb5-fbc02723cd23:c2674, 609a8cf1-6ad3-4123-b94a-106ad93148a8:c2674]
2019-09-05 09:23:26,594 | INFO  | DNAudit | user=null | ip=null | op=PUT_BLOCK {blockData=[blockId=conID: 2 locID: 102739175443399185 bcsId: 0,size=1048576]} | ret=SUCCESS |  
2019-09-05 09:23:26,595 | INFO  | DNAudit | user=null | ip=null | op=WRITE_CHUNK {blockData=conID: 2 locID: 102739175443399185 bcsId: 0} | ret=SUCCESS |  
2019-09-05 09:23:26,595 | INFO  | DNAudit | user=null | ip=null | op=PUT_BLOCK {blockData=[blockId=conID: 2 locID: 102739175443399185 bcsId: 0,size=1048576]} | ret=SUCCESS |  
2019-09-05 09:23:26,595 [grpc-default-executor-0] INFO  client.GrpcClientProtocolClient (GrpcClientProtocolClient.java:onNext(255)) - client-969FB6DA8C9A->4fcc8d53-44cb-4faf-b915-5afa0c7529d4: receive RaftClientReply:client-969FB6DA8C9A->4fcc8d53-44cb-4faf-b915-5afa0c7529d4@group-6A615BAE1DD1, cid=1859, SUCCESS, logIndex=0, commits[4fcc8d53-44cb-4faf-b915-5afa0c7529d4:c2680, 48aa5eb4-709c-4003-adb5-fbc02723cd23:c2676, 609a8cf1-6ad3-4123-b94a-106ad93148a8:c2676]
2019-09-05 09:23:26,595 | INFO  | DNAudit | user=null | ip=null | op=WRITE_CHUNK {blockData=conID: 2 locID: 102739175443399185 bcsId: 0} | ret=SUCCESS |  
2019-09-05 09:23:26,595 | INFO  | DNAudit | user=null | ip=null | op=PUT_BLOCK {blockData=[blockId=conID: 2 locID: 102739175443399185 bcsId: 0,size=2097152]} | ret=SUCCESS |  
2019-09-05 09:23:26,596 | INFO  | DNAudit | user=null | ip=null | op=WRITE_CHUNK {blockData=conID: 2 locID: 102739175443399185 bcsId: 0} | ret=SUCCESS |  
2019-09-05 09:23:26,596 | INFO  | DNAudit | user=null | ip=null | op=PUT_BLOCK {blockData=[blockId=conID: 2 locID: 102739175443399185 bcsId: 0,size=2097152]} | ret=SUCCESS |  
2019-09-05 09:23:26,601 | INFO  | DNAudit | user=null | ip=null | op=WRITE_CHUNK {blockData=conID: 2 locID: 102739175443399185 bcsId: 2678} | ret=SUCCESS |  
2019-09-05 09:23:26,602 | INFO  | DNAudit | user=null | ip=null | op=WRITE_CHUNK {blockData=conID: 2 locID: 102739175443399185 bcsId: 2678} | ret=SUCCESS |  
2019-09-05 09:23:26,602 | INFO  | DNAudit | user=null | ip=null | op=WRITE_CHUNK {blockData=conID: 2 locID: 102739175443399185 bcsId: 2678} | ret=SUCCESS |  
2019-09-05 09:23:26,610 | INFO  | SCMAudit | user=jenkins1000 | ip=192.168.36.69 | op=SEND_HEARTBEAT {datanodeUUID=fe9e29a7-51ad-458f-9e11-f615da290baa, command=[]} | ret=SUCCESS |  
2019-09-05 09:23:26,732 | INFO  | DNAudit | user=null | ip=null | op=WRITE_CHUNK {blockData=conID: 2 locID: 102739175443399185 bcsId: 2678} | ret=SUCCESS |  
2019-09-05 09:23:26,733 | INFO  | DNAudit | user=null | ip=null | op=PUT_BLOCK {blockData=[blockId=conID: 2 locID: 102739175443399185 bcsId: 0,size=3145728]} | ret=SUCCESS |  
2019-09-05 09:23:26,733 [grpc-default-executor-0] INFO  client.GrpcClientProtocolClient (GrpcClientProtocolClient.java:onNext(255)) - client-969FB6DA8C9A->4fcc8d53-44cb-4faf-b915-5afa0c7529d4: receive RaftClientReply:client-969FB6DA8C9A->4fcc8d53-44cb-4faf-b915-5afa0c7529d4@group-6A615BAE1DD1, cid=1860, SUCCESS, logIndex=2683, commits[4fcc8d53-44cb-4faf-b915-5afa0c7529d4:c2684, 48aa5eb4-709c-4003-adb5-fbc02723cd23:c2682, 609a8cf1-6ad3-4123-b94a-106ad93148a8:c2682]
2019-09-05 09:23:26,734 [grpc-default-executor-0] INFO  client.GrpcClientProtocolClient (GrpcClientProtocolClient.java:onNext(255)) - client-969FB6DA8C9A->4fcc8d53-44cb-4faf-b915-5afa0c7529d4: receive RaftClientReply:client-969FB6DA8C9A->4fcc8d53-44cb-4faf-b915-5afa0c7529d4@group-6A615BAE1DD1, cid=1861, SUCCESS, logIndex=2684, commits[4fcc8d53-44cb-4faf-b915-5afa0c7529d4:c2684, 48aa5eb4-709c-4003-adb5-fbc02723cd23:c2682, 609a8cf1-6ad3-4123-b94a-106ad93148a8:c2682]
2019-09-05 09:23:26,742 | INFO  | DNAudit | user=null | ip=null | op=WRITE_CHUNK {blockData=conID: 2 locID: 102739175443399185 bcsId: 2684} | ret=SUCCESS |  
2019-09-05 09:23:26,744 | INFO  | DNAudit | user=null | ip=null | op=WRITE_CHUNK {blockData=conID: 2 locID: 102739175443399185 bcsId: 2684} | ret=SUCCESS |  
2019-09-05 09:23:26,745 | INFO  | DNAudit | user=null | ip=null | op=WRITE_CHUNK {blockData=conID: 2 locID: 102739175443399185 bcsId: 2684} | ret=SUCCESS |  
2019-09-05 09:23:26,837 | INFO  | DNAudit | user=null | ip=null | op=WRITE_CHUNK {blockData=conID: 2 locID: 102739175443399185 bcsId: 2678} | ret=SUCCESS |  
2019-09-05 09:23:26,839 | INFO  | DNAudit | user=null | ip=null | op=WRITE_CHUNK {blockData=conID: 2 locID: 102739175443399185 bcsId: 2678} | ret=SUCCESS |  
2019-09-05 09:23:27,033 | INFO  | DNAudit | user=null | ip=null | op=PUT_BLOCK {blockData=[blockId=conID: 2 locID: 102739175443399185 bcsId: 0,size=3145728]} | ret=SUCCESS |  
2019-09-05 09:23:27,061 | INFO  | DNAudit | user=null | ip=null | op=PUT_BLOCK {blockData=[blockId=conID: 2 locID: 102739175443399185 bcsId: 0,size=3145728]} | ret=SUCCESS |  
2019-09-05 09:23:27,074 | INFO  | DNAudit | user=null | ip=null | op=WRITE_CHUNK {blockData=conID: 2 locID: 102739175443399185 bcsId: 2684} | ret=SUCCESS |  
2019-09-05 09:23:27,075 | INFO  | DNAudit | user=null | ip=null | op=PUT_BLOCK {blockData=[blockId=conID: 2 locID: 102739175443399185 bcsId: 0,size=4194304]} | ret=SUCCESS |  
2019-09-05 09:23:27,075 [grpc-default-executor-0] INFO  client.GrpcClientProtocolClient (GrpcClientProtocolClient.java:onNext(255)) - client-969FB6DA8C9A->4fcc8d53-44cb-4faf-b915-5afa0c7529d4: receive RaftClientReply:client-969FB6DA8C9A->4fcc8d53-44cb-4faf-b915-5afa0c7529d4@group-6A615BAE1DD1, cid=1862, SUCCESS, logIndex=2687, commits[4fcc8d53-44cb-4faf-b915-5afa0c7529d4:c2688, 48aa5eb4-709c-4003-adb5-fbc02723cd23:c2684, 609a8cf1-6ad3-4123-b94a-106ad93148a8:c2684]
2019-09-05 09:23:27,075 [grpc-default-executor-0] INFO  client.GrpcClientProtocolClient (GrpcClientProtocolClient.java:onNext(255)) - client-969FB6DA8C9A->4fcc8d53-44cb-4faf-b915-5afa0c7529d4: receive RaftClientReply:client-969FB6DA8C9A->4fcc8d53-44cb-4faf-b915-5afa0c7529d4@group-6A615BAE1DD1, cid=1863, SUCCESS, logIndex=2688, commits[4fcc8d53-44cb-4faf-b915-5afa0c7529d4:c2688, 48aa5eb4-709c-4003-adb5-fbc02723cd23:c2684, 609a8cf1-6ad3-4123-b94a-106ad93148a8:c2684]
2019-09-05 09:23:27,239 | INFO  | SCMAudit | user=jenkins1000 | ip=192.168.36.69 | op=SEND_HEARTBEAT {datanodeUUID=48aa5eb4-709c-4003-adb5-fbc02723cd23, command=[]} | ret=SUCCESS |  
2019-09-05 09:23:27,239 | INFO  | SCMAudit | user=jenkins1000 | ip=192.168.36.69 | op=SEND_HEARTBEAT {datanodeUUID=609a8cf1-6ad3-4123-b94a-106ad93148a8, command=[]} | ret=SUCCESS |  
2019-09-05 09:23:27,239 | INFO  | SCMAudit | user=jenkins1000 | ip=192.168.36.69 | op=SEND_HEARTBEAT {datanodeUUID=5b6cff60-1414-40d6-b682-781dc5ff3023, command=[]} | ret=SUCCESS |  
 0.00% |█                                                                                                    |  0/1 Time: 0:00:242019-09-05 09:23:27,240 | INFO  | SCMAudit | user=jenkins1000 | ip=192.168.36.69 | op=SEND_HEARTBEAT {datanodeUUID=4fcc8d53-44cb-4faf-b915-5afa0c7529d4, command=[]} | ret=SUCCESS |  
2019-09-05 09:23:27,612 | INFO  | SCMAudit | user=jenkins1000 | ip=192.168.36.69 | op=SEND_HEARTBEAT {datanodeUUID=fe9e29a7-51ad-458f-9e11-f615da290baa, command=[]} | ret=SUCCESS |  
2019-09-05 09:23:28,239 | INFO  | SCMAudit | user=jenkins1000 | ip=192.168.36.69 | op=SEND_HEARTBEAT {datanodeUUID=609a8cf1-6ad3-4123-b94a-106ad93148a8, command=[]} | ret=SUCCESS |  
2019-09-05 09:23:28,239 | INFO  | SCMAudit | user=jenkins1000 | ip=192.168.36.69 | op=SEND_HEARTBEAT {datanodeUUID=48aa5eb4-709c-4003-adb5-fbc02723cd23, command=[]} | ret=SUCCESS |  
2019-09-05 09:23:28,239 | INFO  | SCMAudit | user=jenkins1000 | ip=192.168.36.69 | op=SEND_HEARTBEAT {datanodeUUID=5b6cff60-1414-40d6-b682-781dc5ff3023, command=[]} | ret=SUCCESS |  
 0.00% |█                                                                                                    |  0/1 Time: 0:00:252019-09-05 09:23:28,241 | INFO  | SCMAudit | user=jenkins1000 | ip=192.168.36.69 | op=SEND_HEARTBEAT {datanodeUUID=4fcc8d53-44cb-4faf-b915-5afa0c7529d4, command=[]} | ret=SUCCESS |  
2019-09-05 09:23:28,614 | INFO  | SCMAudit | user=jenkins1000 | ip=192.168.36.69 | op=SEND_HEARTBEAT {datanodeUUID=fe9e29a7-51ad-458f-9e11-f615da290baa, command=[]} | ret=SUCCESS |  
2019-09-05 09:23:29,239 | INFO  | SCMAudit | user=jenkins1000 | ip=192.168.36.69 | op=SEND_HEARTBEAT {datanodeUUID=609a8cf1-6ad3-4123-b94a-106ad93148a8, command=[]} | ret=SUCCESS |  
 0.00% |█                                                                                                    |  0/1 Time: 0:00:262019-09-05 09:23:29,240 | INFO  | SCMAudit | user=jenkins1000 | ip=192.168.36.69 | op=SEND_HEARTBEAT {datanodeUUID=48aa5eb4-709c-4003-adb5-fbc02723cd23, command=[]} | ret=SUCCESS |  
2019-09-05 09:23:29,240 | INFO  | SCMAudit | user=jenkins1000 | ip=192.168.36.69 | op=SEND_HEARTBEAT {datanodeUUID=5b6cff60-1414-40d6-b682-781dc5ff3023, command=[]} | ret=SUCCESS |  
2019-09-05 09:23:29,240 | INFO  | SCMAudit | user=jenkins1000 | ip=192.168.36.69 | op=SEND_HEARTBEAT {datanodeUUID=4fcc8d53-44cb-4faf-b915-5afa0c7529d4, command=[]} | ret=SUCCESS |  
2019-09-05 09:23:29,614 | INFO  | SCMAudit | user=jenkins1000 | ip=192.168.36.69 | op=SEND_HEARTBEAT {datanodeUUID=fe9e29a7-51ad-458f-9e11-f615da290baa, command=[]} | ret=SUCCESS |  
2019-09-05 09:23:29,704 | INFO  | DNAudit | user=null | ip=null | op=WRITE_CHUNK {blockData=conID: 2 locID: 102739175443399185 bcsId: 2684} | ret=SUCCESS |  
2019-09-05 09:23:29,704 | INFO  | DNAudit | user=null | ip=null | op=WRITE_CHUNK {blockData=conID: 2 locID: 102739175443399185 bcsId: 2684} | ret=SUCCESS |  
2019-09-05 09:23:29,705 | INFO  | DNAudit | user=null | ip=null | op=PUT_BLOCK {blockData=[blockId=conID: 2 locID: 102739175443399185 bcsId: 0,size=4194304]} | ret=SUCCESS |  
2019-09-05 09:23:29,705 | INFO  | DNAudit | user=null | ip=null | op=PUT_BLOCK {blockData=[blockId=conID: 2 locID: 102739175443399185 bcsId: 0,size=4194304]} | ret=SUCCESS |  
2019-09-05 09:23:29,705 [grpc-default-executor-5] INFO  client.GrpcClientProtocolClient (GrpcClientProtocolClient.java:onNext(255)) - client-969FB6DA8C9A->4fcc8d53-44cb-4faf-b915-5afa0c7529d4: receive RaftClientReply:client-969FB6DA8C9A->4fcc8d53-44cb-4faf-b915-5afa0c7529d4@group-6A615BAE1DD1, cid=1864, SUCCESS, logIndex=0, commits[4fcc8d53-44cb-4faf-b915-5afa0c7529d4:c2690, 48aa5eb4-709c-4003-adb5-fbc02723cd23:c2690, 609a8cf1-6ad3-4123-b94a-106ad93148a8:c2690]
2019-09-05 09:23:29,710 | INFO  | SCMAudit | user=jenkins1000 | ip=192.168.36.69 | op=ALLOCATE_BLOCK {owner=5cf4fcf6-c517-45f4-af25-2fff646d8883, size=4194304, type=RATIS, factor=THREE} | ret=SUCCESS |  
2019-09-05 09:23:29,714 | INFO  | OMAudit | user=jenkins1000 | ip=127.0.0.1 | op=ALLOCATE_BLOCK {volume=vol-0-13331, bucket=bucket-0-43606, key=key-0-76526, dataSize=0, replicationType=null, replicationFactor=null, keyLocationInfo=null, clientID=102739173903106450} | ret=SUCCESS |  
2019-09-05 09:23:29,721 | INFO  | DNAudit | user=null | ip=null | op=WRITE_CHUNK {blockData=conID: 3 locID: 102739175650755090 bcsId: 0} | ret=SUCCESS |  
2019-09-05 09:23:29,724 | INFO  | DNAudit | user=null | ip=null | op=WRITE_CHUNK {blockData=conID: 3 locID: 102739175650755090 bcsId: 0} | ret=SUCCESS |  
2019-09-05 09:23:29,724 | INFO  | DNAudit | user=null | ip=null | op=WRITE_CHUNK {blockData=conID: 3 locID: 102739175650755090 bcsId: 0} | ret=SUCCESS |  
2019-09-05 09:23:29,724 | INFO  | DNAudit | user=null | ip=null | op=WRITE_CHUNK {blockData=conID: 3 locID: 102739175650755090 bcsId: 0} | ret=SUCCESS |  
2019-09-05 09:23:29,726 | INFO  | DNAudit | user=null | ip=null | op=WRITE_CHUNK {blockData=conID: 3 locID: 102739175650755090 bcsId: 0} | ret=SUCCESS |  
2019-09-05 09:23:29,726 | INFO  | DNAudit | user=null | ip=null | op=WRITE_CHUNK {blockData=conID: 3 locID: 102739175650755090 bcsId: 0} | ret=SUCCESS |  
2019-09-05 09:23:29,736 | INFO  | DNAudit | user=null | ip=null | op=WRITE_CHUNK {blockData=conID: 3 locID: 102739175650755090 bcsId: 0} | ret=SUCCESS |  
2019-09-05 09:23:29,736 | INFO  | DNAudit | user=null | ip=null | op=PUT_BLOCK {blockData=[blockId=conID: 3 locID: 102739175650755090 bcsId: 0,size=1048576]} | ret=SUCCESS |  
2019-09-05 09:23:29,736 [grpc-default-executor-3] INFO  client.GrpcClientProtocolClient (GrpcClientProtocolClient.java:onNext(255)) - client-969FB6DA8C9A->4fcc8d53-44cb-4faf-b915-5afa0c7529d4: receive RaftClientReply:client-969FB6DA8C9A->4fcc8d53-44cb-4faf-b915-5afa0c7529d4@group-6A615BAE1DD1, cid=1865, SUCCESS, logIndex=2691, commits[4fcc8d53-44cb-4faf-b915-5afa0c7529d4:c2692, 48aa5eb4-709c-4003-adb5-fbc02723cd23:c2690, 609a8cf1-6ad3-4123-b94a-106ad93148a8:c2690]
2019-09-05 09:23:29,737 [grpc-default-executor-3] INFO  client.GrpcClientProtocolClient (GrpcClientProtocolClient.java:onNext(255)) - client-969FB6DA8C9A->4fcc8d53-44cb-4faf-b915-5afa0c7529d4: receive RaftClientReply:client-969FB6DA8C9A->4fcc8d53-44cb-4faf-b915-5afa0c7529d4@group-6A615BAE1DD1, cid=1866, SUCCESS, logIndex=2692, commits[4fcc8d53-44cb-4faf-b915-5afa0c7529d4:c2692, 48aa5eb4-709c-4003-adb5-fbc02723cd23:c2690, 609a8cf1-6ad3-4123-b94a-106ad93148a8:c2690]
2019-09-05 09:23:29,749 | INFO  | DNAudit | user=null | ip=null | op=WRITE_CHUNK {blockData=conID: 3 locID: 102739175650755090 bcsId: 0} | ret=SUCCESS |  
2019-09-05 09:23:29,749 | INFO  | DNAudit | user=null | ip=null | op=PUT_BLOCK {blockData=[blockId=conID: 3 locID: 102739175650755090 bcsId: 0,size=2097152]} | ret=SUCCESS |  
2019-09-05 09:23:29,750 [grpc-default-executor-3] INFO  client.GrpcClientProtocolClient (GrpcClientProtocolClient.java:onNext(255)) - client-969FB6DA8C9A->4fcc8d53-44cb-4faf-b915-5afa0c7529d4: receive RaftClientReply:client-969FB6DA8C9A->4fcc8d53-44cb-4faf-b915-5afa0c7529d4@group-6A615BAE1DD1, cid=1867, SUCCESS, logIndex=2693, commits[4fcc8d53-44cb-4faf-b915-5afa0c7529d4:c2694, 48aa5eb4-709c-4003-adb5-fbc02723cd23:c2690, 609a8cf1-6ad3-4123-b94a-106ad93148a8:c2690]
2019-09-05 09:23:29,750 [grpc-default-executor-3] INFO  client.GrpcClientProtocolClient (GrpcClientProtocolClient.java:onNext(255)) - client-969FB6DA8C9A->4fcc8d53-44cb-4faf-b915-5afa0c7529d4: receive RaftClientReply:client-969FB6DA8C9A->4fcc8d53-44cb-4faf-b915-5afa0c7529d4@group-6A615BAE1DD1, cid=1868, SUCCESS, logIndex=2694, commits[4fcc8d53-44cb-4faf-b915-5afa0c7529d4:c2694, 48aa5eb4-709c-4003-adb5-fbc02723cd23:c2690, 609a8cf1-6ad3-4123-b94a-106ad93148a8:c2690]
2019-09-05 09:23:29,751 | INFO  | DNAudit | user=null | ip=null | op=WRITE_CHUNK {blockData=conID: 3 locID: 102739175650755090 bcsId: 0} | ret=SUCCESS |  
2019-09-05 09:23:29,751 | INFO  | DNAudit | user=null | ip=null | op=PUT_BLOCK {blockData=[blockId=conID: 3 locID: 102739175650755090 bcsId: 0,size=1048576]} | ret=SUCCESS |  
2019-09-05 09:23:29,751 | INFO  | DNAudit | user=null | ip=null | op=WRITE_CHUNK {blockData=conID: 3 locID: 102739175650755090 bcsId: 0} | ret=SUCCESS |  
2019-09-05 09:23:29,751 | INFO  | DNAudit | user=null | ip=null | op=PUT_BLOCK {blockData=[blockId=conID: 3 locID: 102739175650755090 bcsId: 0,size=1048576]} | ret=SUCCESS |  
2019-09-05 09:23:29,752 [grpc-default-executor-0] INFO  client.GrpcClientProtocolClient (GrpcClientProtocolClient.java:onNext(255)) - client-969FB6DA8C9A->4fcc8d53-44cb-4faf-b915-5afa0c7529d4: receive RaftClientReply:client-969FB6DA8C9A->4fcc8d53-44cb-4faf-b915-5afa0c7529d4@group-6A615BAE1DD1, cid=1869, SUCCESS, logIndex=0, commits[4fcc8d53-44cb-4faf-b915-5afa0c7529d4:c2696, 48aa5eb4-709c-4003-adb5-fbc02723cd23:c2692, 609a8cf1-6ad3-4123-b94a-106ad93148a8:c2692]
2019-09-05 09:23:29,752 | INFO  | DNAudit | user=null | ip=null | op=WRITE_CHUNK {blockData=conID: 3 locID: 102739175650755090 bcsId: 0} | ret=SUCCESS |  
2019-09-05 09:23:29,752 | INFO  | DNAudit | user=null | ip=null | op=PUT_BLOCK {blockData=[blockId=conID: 3 locID: 102739175650755090 bcsId: 0,size=2097152]} | ret=SUCCESS |  
2019-09-05 09:23:29,753 | INFO  | DNAudit | user=null | ip=null | op=WRITE_CHUNK {blockData=conID: 3 locID: 102739175650755090 bcsId: 0} | ret=SUCCESS |  
2019-09-05 09:23:29,753 | INFO  | DNAudit | user=null | ip=null | op=PUT_BLOCK {blockData=[blockId=conID: 3 locID: 102739175650755090 bcsId: 0,size=2097152]} | ret=SUCCESS |  
2019-09-05 09:23:29,757 | INFO  | DNAudit | user=null | ip=null | op=WRITE_CHUNK {blockData=conID: 3 locID: 102739175650755090 bcsId: 2694} | ret=SUCCESS |  
2019-09-05 09:23:29,760 | INFO  | DNAudit | user=null | ip=null | op=WRITE_CHUNK {blockData=conID: 3 locID: 102739175650755090 bcsId: 2694} | ret=SUCCESS |  
2019-09-05 09:23:29,760 | INFO  | DNAudit | user=null | ip=null | op=WRITE_CHUNK {blockData=conID: 3 locID: 102739175650755090 bcsId: 2694} | ret=SUCCESS |  
2019-09-05 09:23:29,780 | INFO  | DNAudit | user=null | ip=null | op=WRITE_CHUNK {blockData=conID: 3 locID: 102739175650755090 bcsId: 2694} | ret=SUCCESS |  
2019-09-05 09:23:29,781 | INFO  | DNAudit | user=null | ip=null | op=PUT_BLOCK {blockData=[blockId=conID: 3 locID: 102739175650755090 bcsId: 0,size=3145728]} | ret=SUCCESS |  
2019-09-05 09:23:29,781 [grpc-default-executor-5] INFO  client.GrpcClientProtocolClient (GrpcClientProtocolClient.java:onNext(255)) - client-969FB6DA8C9A->4fcc8d53-44cb-4faf-b915-5afa0c7529d4: receive RaftClientReply:client-969FB6DA8C9A->4fcc8d53-44cb-4faf-b915-5afa0c7529d4@group-6A615BAE1DD1, cid=1870, SUCCESS, logIndex=2699, commits[4fcc8d53-44cb-4faf-b915-5afa0c7529d4:c2700, 48aa5eb4-709c-4003-adb5-fbc02723cd23:c2698, 609a8cf1-6ad3-4123-b94a-106ad93148a8:c2698]
2019-09-05 09:23:29,781 [grpc-default-executor-5] INFO  client.GrpcClientProtocolClient (GrpcClientProtocolClient.java:onNext(255)) - client-969FB6DA8C9A->4fcc8d53-44cb-4faf-b915-5afa0c7529d4: receive RaftClientReply:client-969FB6DA8C9A->4fcc8d53-44cb-4faf-b915-5afa0c7529d4@group-6A615BAE1DD1, cid=1871, SUCCESS, logIndex=2700, commits[4fcc8d53-44cb-4faf-b915-5afa0c7529d4:c2700, 48aa5eb4-709c-4003-adb5-fbc02723cd23:c2698, 609a8cf1-6ad3-4123-b94a-106ad93148a8:c2698]
2019-09-05 09:23:29,787 | INFO  | DNAudit | user=null | ip=null | op=WRITE_CHUNK {blockData=conID: 3 locID: 102739175650755090 bcsId: 2700} | ret=SUCCESS |  
2019-09-05 09:23:29,790 | INFO  | DNAudit | user=null | ip=null | op=WRITE_CHUNK {blockData=conID: 3 locID: 102739175650755090 bcsId: 2700} | ret=SUCCESS |  
2019-09-05 09:23:29,790 | INFO  | DNAudit | user=null | ip=null | op=WRITE_CHUNK {blockData=conID: 3 locID: 102739175650755090 bcsId: 2700} | ret=SUCCESS |  
2019-09-05 09:23:29,797 | INFO  | DNAudit | user=null | ip=null | op=WRITE_CHUNK {blockData=conID: 3 locID: 102739175650755090 bcsId: 2694} | ret=SUCCESS |  
2019-09-05 09:23:29,797 | INFO  | DNAudit | user=null | ip=null | op=WRITE_CHUNK {blockData=conID: 3 locID: 102739175650755090 bcsId: 2694} | ret=SUCCESS |  
2019-09-05 09:23:29,798 | INFO  | DNAudit | user=null | ip=null | op=PUT_BLOCK {blockData=[blockId=conID: 3 locID: 102739175650755090 bcsId: 0,size=3145728]} | ret=SUCCESS |  
2019-09-05 09:23:29,798 | INFO  | DNAudit | user=null | ip=null | op=PUT_BLOCK {blockData=[blockId=conID: 3 locID: 102739175650755090 bcsId: 0,size=3145728]} | ret=SUCCESS |  
2019-09-05 09:23:29,799 | INFO  | DNAudit | user=null | ip=null | op=WRITE_CHUNK {blockData=conID: 3 locID: 102739175650755090 bcsId: 2700} | ret=SUCCESS |  
2019-09-05 09:23:29,799 | INFO  | DNAudit | user=null | ip=null | op=PUT_BLOCK {blockData=[blockId=conID: 3 locID: 102739175650755090 bcsId: 0,size=4194304]} | ret=SUCCESS |  
2019-09-05 09:23:29,799 [grpc-default-executor-0] INFO  client.GrpcClientProtocolClient (GrpcClientProtocolClient.java:onNext(255)) - client-969FB6DA8C9A->4fcc8d53-44cb-4faf-b915-5afa0c7529d4: receive RaftClientReply:client-969FB6DA8C9A->4fcc8d53-44cb-4faf-b915-5afa0c7529d4@group-6A615BAE1DD1, cid=1872, SUCCESS, logIndex=2703, commits[4fcc8d53-44cb-4faf-b915-5afa0c7529d4:c2704, 48aa5eb4-709c-4003-adb5-fbc02723cd23:c2700, 609a8cf1-6ad3-4123-b94a-106ad93148a8:c2700]
2019-09-05 09:23:29,800 [grpc-default-executor-0] INFO  client.GrpcClientProtocolClient (GrpcClientProtocolClient.java:onNext(255)) - client-969FB6DA8C9A->4fcc8d53-44cb-4faf-b915-5afa0c7529d4: receive RaftClientReply:client-969FB6DA8C9A->4fcc8d53-44cb-4faf-b915-5afa0c7529d4@group-6A615BAE1DD1, cid=1873, SUCCESS, logIndex=2704, commits[4fcc8d53-44cb-4faf-b915-5afa0c7529d4:c2704, 48aa5eb4-709c-4003-adb5-fbc02723cd23:c2700, 609a8cf1-6ad3-4123-b94a-106ad93148a8:c2700]
2019-09-05 09:23:29,822 | INFO  | DNAudit | user=null | ip=null | op=WRITE_CHUNK {blockData=conID: 3 locID: 102739175650755090 bcsId: 2700} | ret=SUCCESS |  
2019-09-05 09:23:29,822 | INFO  | DNAudit | user=null | ip=null | op=WRITE_CHUNK {blockData=conID: 3 locID: 102739175650755090 bcsId: 2700} | ret=SUCCESS |  
2019-09-05 09:23:29,823 | INFO  | DNAudit | user=null | ip=null | op=PUT_BLOCK {blockData=[blockId=conID: 3 locID: 102739175650755090 bcsId: 0,size=4194304]} | ret=SUCCESS |  
2019-09-05 09:23:29,823 | INFO  | DNAudit | user=null | ip=null | op=PUT_BLOCK {blockData=[blockId=conID: 3 locID: 102739175650755090 bcsId: 0,size=4194304]} | ret=SUCCESS |  
2019-09-05 09:23:29,824 [grpc-default-executor-5] INFO  client.GrpcClientProtocolClient (GrpcClientProtocolClient.java:onNext(255)) - client-969FB6DA8C9A->4fcc8d53-44cb-4faf-b915-5afa0c7529d4: receive RaftClientReply:client-969FB6DA8C9A->4fcc8d53-44cb-4faf-b915-5afa0c7529d4@group-6A615BAE1DD1, cid=1874, SUCCESS, logIndex=0, commits[4fcc8d53-44cb-4faf-b915-5afa0c7529d4:c2706, 48aa5eb4-709c-4003-adb5-fbc02723cd23:c2704, 609a8cf1-6ad3-4123-b94a-106ad93148a8:c2704]
2019-09-05 09:23:29,828 | INFO  | SCMAudit | user=jenkins1000 | ip=192.168.36.69 | op=ALLOCATE_BLOCK {owner=5cf4fcf6-c517-45f4-af25-2fff646d8883, size=4194304, type=RATIS, factor=THREE} | ret=SUCCESS |  
2019-09-05 09:23:29,832 | INFO  | OMAudit | user=jenkins1000 | ip=127.0.0.1 | op=ALLOCATE_BLOCK {volume=vol-0-13331, bucket=bucket-0-43606, key=key-0-76526, dataSize=0, replicationType=null, replicationFactor=null, keyLocationInfo=null, clientID=102739173903106450} | ret=SUCCESS |  
2019-09-05 09:23:29,839 | INFO  | DNAudit | user=null | ip=null | op=WRITE_CHUNK {blockData=conID: 1 locID: 102739175658488339 bcsId: 0} | ret=SUCCESS |  
2019-09-05 09:23:29,840 | INFO  | DNAudit | user=null | ip=null | op=WRITE_CHUNK {blockData=conID: 1 locID: 102739175658488339 bcsId: 0} | ret=SUCCESS |  
2019-09-05 09:23:29,841 | INFO  | DNAudit | user=null | ip=null | op=WRITE_CHUNK {blockData=conID: 1 locID: 102739175658488339 bcsId: 0} | ret=SUCCESS |  
2019-09-05 09:23:29,841 | INFO  | DNAudit | user=null | ip=null | op=WRITE_CHUNK {blockData=conID: 1 locID: 102739175658488339 bcsId: 0} | ret=SUCCESS |  
2019-09-05 09:23:29,844 | INFO  | DNAudit | user=null | ip=null | op=WRITE_CHUNK {blockData=conID: 1 locID: 102739175658488339 bcsId: 0} | ret=SUCCESS |  
2019-09-05 09:23:29,844 | INFO  | DNAudit | user=null | ip=null | op=WRITE_CHUNK {blockData=conID: 1 locID: 102739175658488339 bcsId: 0} | ret=SUCCESS |  
2019-09-05 09:23:29,919 | INFO  | DNAudit | user=null | ip=null | op=WRITE_CHUNK {blockData=conID: 1 locID: 102739175658488339 bcsId: 0} | ret=SUCCESS |  
2019-09-05 09:23:29,920 | INFO  | DNAudit | user=null | ip=null | op=PUT_BLOCK {blockData=[blockId=conID: 1 locID: 102739175658488339 bcsId: 0,size=1048576]} | ret=SUCCESS |  
2019-09-05 09:23:29,920 [grpc-default-executor-5] INFO  client.GrpcClientProtocolClient (GrpcClientProtocolClient.java:onNext(255)) - client-969FB6DA8C9A->4fcc8d53-44cb-4faf-b915-5afa0c7529d4: receive RaftClientReply:client-969FB6DA8C9A->4fcc8d53-44cb-4faf-b915-5afa0c7529d4@group-6A615BAE1DD1, cid=1875, SUCCESS, logIndex=2707, commits[4fcc8d53-44cb-4faf-b915-5afa0c7529d4:c2708, 48aa5eb4-709c-4003-adb5-fbc02723cd23:c2706, 609a8cf1-6ad3-4123-b94a-106ad93148a8:c2706]
2019-09-05 09:23:29,921 [grpc-default-executor-5] INFO  client.GrpcClientProtocolClient (GrpcClientProtocolClient.java:onNext(255)) - client-969FB6DA8C9A->4fcc8d53-44cb-4faf-b915-5afa0c7529d4: receive RaftClientReply:client-969FB6DA8C9A->4fcc8d53-44cb-4faf-b915-5afa0c7529d4@group-6A615BAE1DD1, cid=1876, SUCCESS, logIndex=2708, commits[4fcc8d53-44cb-4faf-b915-5afa0c7529d4:c2708, 48aa5eb4-709c-4003-adb5-fbc02723cd23:c2706, 609a8cf1-6ad3-4123-b94a-106ad93148a8:c2706]
2019-09-05 09:23:29,966 | INFO  | DNAudit | user=null | ip=null | op=WRITE_CHUNK {blockData=conID: 1 locID: 102739175658488339 bcsId: 0} | ret=SUCCESS |  
2019-09-05 09:23:29,966 | INFO  | DNAudit | user=null | ip=null | op=PUT_BLOCK {blockData=[blockId=conID: 1 locID: 102739175658488339 bcsId: 0,size=2097152]} | ret=SUCCESS |  
2019-09-05 09:23:29,966 [grpc-default-executor-3] INFO  client.GrpcClientProtocolClient (GrpcClientProtocolClient.java:onNext(255)) - client-969FB6DA8C9A->4fcc8d53-44cb-4faf-b915-5afa0c7529d4: receive RaftClientReply:client-969FB6DA8C9A->4fcc8d53-44cb-4faf-b915-5afa0c7529d4@group-6A615BAE1DD1, cid=1877, SUCCESS, logIndex=2709, commits[4fcc8d53-44cb-4faf-b915-5afa0c7529d4:c2710, 48aa5eb4-709c-4003-adb5-fbc02723cd23:c2706, 609a8cf1-6ad3-4123-b94a-106ad93148a8:c2706]
2019-09-05 09:23:29,967 [grpc-default-executor-3] INFO  client.GrpcClientProtocolClient (GrpcClientProtocolClient.java:onNext(255)) - client-969FB6DA8C9A->4fcc8d53-44cb-4faf-b915-5afa0c7529d4: receive RaftClientReply:client-969FB6DA8C9A->4fcc8d53-44cb-4faf-b915-5afa0c7529d4@group-6A615BAE1DD1, cid=1878, SUCCESS, logIndex=2710, commits[4fcc8d53-44cb-4faf-b915-5afa0c7529d4:c2710, 48aa5eb4-709c-4003-adb5-fbc02723cd23:c2706, 609a8cf1-6ad3-4123-b94a-106ad93148a8:c2706]
2019-09-05 09:23:29,982 | INFO  | DNAudit | user=null | ip=null | op=WRITE_CHUNK {blockData=conID: 1 locID: 102739175658488339 bcsId: 0} | ret=SUCCESS |  
2019-09-05 09:23:29,983 | INFO  | DNAudit | user=null | ip=null | op=PUT_BLOCK {blockData=[blockId=conID: 1 locID: 102739175658488339 bcsId: 0,size=1048576]} | ret=SUCCESS |  
2019-09-05 09:23:29,983 | INFO  | DNAudit | user=null | ip=null | op=WRITE_CHUNK {blockData=conID: 1 locID: 102739175658488339 bcsId: 0} | ret=SUCCESS |  
2019-09-05 09:23:29,983 | INFO  | DNAudit | user=null | ip=null | op=PUT_BLOCK {blockData=[blockId=conID: 1 locID: 102739175658488339 bcsId: 0,size=1048576]} | ret=SUCCESS |  
2019-09-05 09:23:29,983 [grpc-default-executor-3] INFO  client.GrpcClientProtocolClient (GrpcClientProtocolClient.java:onNext(255)) - client-969FB6DA8C9A->4fcc8d53-44cb-4faf-b915-5afa0c7529d4: receive RaftClientReply:client-969FB6DA8C9A->4fcc8d53-44cb-4faf-b915-5afa0c7529d4@group-6A615BAE1DD1, cid=1879, SUCCESS, logIndex=0, commits[4fcc8d53-44cb-4faf-b915-5afa0c7529d4:c2712, 48aa5eb4-709c-4003-adb5-fbc02723cd23:c2708, 609a8cf1-6ad3-4123-b94a-106ad93148a8:c2708]
2019-09-05 09:23:29,984 | INFO  | DNAudit | user=null | ip=null | op=WRITE_CHUNK {blockData=conID: 1 locID: 102739175658488339 bcsId: 0} | ret=SUCCESS |  
2019-09-05 09:23:29,984 | INFO  | DNAudit | user=null | ip=null | op=PUT_BLOCK {blockData=[blockId=conID: 1 locID: 102739175658488339 bcsId: 0,size=2097152]} | ret=SUCCESS |  
2019-09-05 09:23:29,985 | INFO  | DNAudit | user=null | ip=null | op=WRITE_CHUNK {blockData=conID: 1 locID: 102739175658488339 bcsId: 0} | ret=SUCCESS |  
2019-09-05 09:23:29,985 | INFO  | DNAudit | user=null | ip=null | op=PUT_BLOCK {blockData=[blockId=conID: 1 locID: 102739175658488339 bcsId: 0,size=2097152]} | ret=SUCCESS |  
2019-09-05 09:23:29,990 | INFO  | DNAudit | user=null | ip=null | op=WRITE_CHUNK {blockData=conID: 1 locID: 102739175658488339 bcsId: 2710} | ret=SUCCESS |  
2019-09-05 09:23:29,993 | INFO  | DNAudit | user=null | ip=null | op=WRITE_CHUNK {blockData=conID: 1 locID: 102739175658488339 bcsId: 2710} | ret=SUCCESS |  
2019-09-05 09:23:29,993 | INFO  | DNAudit | user=null | ip=null | op=WRITE_CHUNK {blockData=conID: 1 locID: 102739175658488339 bcsId: 2710} | ret=SUCCESS |  
2019-09-05 09:23:30,005 | INFO  | DNAudit | user=null | ip=null | op=WRITE_CHUNK {blockData=conID: 1 locID: 102739175658488339 bcsId: 2710} | ret=SUCCESS |  
2019-09-05 09:23:30,005 | INFO  | DNAudit | user=null | ip=null | op=PUT_BLOCK {blockData=[blockId=conID: 1 locID: 102739175658488339 bcsId: 0,size=3145728]} | ret=SUCCESS |  
2019-09-05 09:23:30,005 [grpc-default-executor-3] INFO  client.GrpcClientProtocolClient (GrpcClientProtocolClient.java:onNext(255)) - client-969FB6DA8C9A->4fcc8d53-44cb-4faf-b915-5afa0c7529d4: receive RaftClientReply:client-969FB6DA8C9A->4fcc8d53-44cb-4faf-b915-5afa0c7529d4@group-6A615BAE1DD1, cid=1880, SUCCESS, logIndex=2715, commits[4fcc8d53-44cb-4faf-b915-5afa0c7529d4:c2716, 48aa5eb4-709c-4003-adb5-fbc02723cd23:c2714, 609a8cf1-6ad3-4123-b94a-106ad93148a8:c2714]
2019-09-05 09:23:30,006 [grpc-default-executor-3] INFO  client.GrpcClientProtocolClient (GrpcClientProtocolClient.java:onNext(255)) - client-969FB6DA8C9A->4fcc8d53-44cb-4faf-b915-5afa0c7529d4: receive RaftClientReply:client-969FB6DA8C9A->4fcc8d53-44cb-4faf-b915-5afa0c7529d4@group-6A615BAE1DD1, cid=1881, SUCCESS, logIndex=2716, commits[4fcc8d53-44cb-4faf-b915-5afa0c7529d4:c2716, 48aa5eb4-709c-4003-adb5-fbc02723cd23:c2714, 609a8cf1-6ad3-4123-b94a-106ad93148a8:c2714]
2019-09-05 09:23:30,097 | INFO  | DNAudit | user=null | ip=null | op=WRITE_CHUNK {blockData=conID: 1 locID: 102739175658488339 bcsId: 2710} | ret=SUCCESS |  
2019-09-05 09:23:30,097 | INFO  | DNAudit | user=null | ip=null | op=WRITE_CHUNK {blockData=conID: 1 locID: 102739175658488339 bcsId: 2710} | ret=SUCCESS |  
2019-09-05 09:23:30,097 | INFO  | DNAudit | user=null | ip=null | op=PUT_BLOCK {blockData=[blockId=conID: 1 locID: 102739175658488339 bcsId: 0,size=3145728]} | ret=SUCCESS |  
2019-09-05 09:23:30,097 | INFO  | DNAudit | user=null | ip=null | op=PUT_BLOCK {blockData=[blockId=conID: 1 locID: 102739175658488339 bcsId: 0,size=3145728]} | ret=SUCCESS |  
2019-09-05 09:23:30,098 | INFO  | DNAudit | user=null | ip=null | op=WRITE_CHUNK {blockData=conID: 1 locID: 102739175658488339 bcsId: 2716} | ret=SUCCESS |  
2019-09-05 09:23:30,101 | INFO  | DNAudit | user=null | ip=null | op=WRITE_CHUNK {blockData=conID: 1 locID: 102739175658488339 bcsId: 2716} | ret=SUCCESS |  
2019-09-05 09:23:30,102 | INFO  | DNAudit | user=null | ip=null | op=WRITE_CHUNK {blockData=conID: 1 locID: 102739175658488339 bcsId: 2716} | ret=SUCCESS |  
2019-09-05 09:23:30,121 | INFO  | DNAudit | user=null | ip=null | op=WRITE_CHUNK {blockData=conID: 1 locID: 102739175658488339 bcsId: 2716} | ret=SUCCESS |  
2019-09-05 09:23:30,121 | INFO  | DNAudit | user=null | ip=null | op=PUT_BLOCK {blockData=[blockId=conID: 1 locID: 102739175658488339 bcsId: 0,size=4194304]} | ret=SUCCESS |  
2019-09-05 09:23:30,121 [grpc-default-executor-5] INFO  client.GrpcClientProtocolClient (GrpcClientProtocolClient.java:onNext(255)) - client-969FB6DA8C9A->4fcc8d53-44cb-4faf-b915-5afa0c7529d4: receive RaftClientReply:client-969FB6DA8C9A->4fcc8d53-44cb-4faf-b915-5afa0c7529d4@group-6A615BAE1DD1, cid=1882, SUCCESS, logIndex=2719, commits[4fcc8d53-44cb-4faf-b915-5afa0c7529d4:c2720, 48aa5eb4-709c-4003-adb5-fbc02723cd23:c2717, 609a8cf1-6ad3-4123-b94a-106ad93148a8:c2716]
2019-09-05 09:23:30,122 [grpc-default-executor-5] INFO  client.GrpcClientProtocolClient (GrpcClientProtocolClient.java:onNext(255)) - client-969FB6DA8C9A->4fcc8d53-44cb-4faf-b915-5afa0c7529d4: receive RaftClientReply:client-969FB6DA8C9A->4fcc8d53-44cb-4faf-b915-5afa0c7529d4@group-6A615BAE1DD1, cid=1883, SUCCESS, logIndex=2720, commits[4fcc8d53-44cb-4faf-b915-5afa0c7529d4:c2720, 48aa5eb4-709c-4003-adb5-fbc02723cd23:c2717, 609a8cf1-6ad3-4123-b94a-106ad93148a8:c2716]
2019-09-05 09:23:30,142 | INFO  | DNAudit | user=null | ip=null | op=WRITE_CHUNK {blockData=conID: 1 locID: 102739175658488339 bcsId: 2716} | ret=SUCCESS |  
2019-09-05 09:23:30,142 | INFO  | DNAudit | user=null | ip=null | op=WRITE_CHUNK {blockData=conID: 1 locID: 102739175658488339 bcsId: 2716} | ret=SUCCESS |  
2019-09-05 09:23:30,142 | INFO  | DNAudit | user=null | ip=null | op=PUT_BLOCK {blockData=[blockId=conID: 1 locID: 102739175658488339 bcsId: 0,size=4194304]} | ret=SUCCESS |  
2019-09-05 09:23:30,142 | INFO  | DNAudit | user=null | ip=null | op=PUT_BLOCK {blockData=[blockId=conID: 1 locID: 102739175658488339 bcsId: 0,size=4194304]} | ret=SUCCESS |  
2019-09-05 09:23:30,142 [grpc-default-executor-3] INFO  client.GrpcClientProtocolClient (GrpcClientProtocolClient.java:onNext(255)) - client-969FB6DA8C9A->4fcc8d53-44cb-4faf-b915-5afa0c7529d4: receive RaftClientReply:client-969FB6DA8C9A->4fcc8d53-44cb-4faf-b915-5afa0c7529d4@group-6A615BAE1DD1, cid=1884, SUCCESS, logIndex=0, commits[4fcc8d53-44cb-4faf-b915-5afa0c7529d4:c2720, 48aa5eb4-709c-4003-adb5-fbc02723cd23:c2720, 609a8cf1-6ad3-4123-b94a-106ad93148a8:c2720]
2019-09-05 09:23:30,147 | INFO  | SCMAudit | user=jenkins1000 | ip=192.168.36.69 | op=ALLOCATE_BLOCK {owner=5cf4fcf6-c517-45f4-af25-2fff646d8883, size=4194304, type=RATIS, factor=THREE} | ret=SUCCESS |  
2019-09-05 09:23:30,151 | INFO  | OMAudit | user=jenkins1000 | ip=127.0.0.1 | op=ALLOCATE_BLOCK {volume=vol-0-13331, bucket=bucket-0-43606, key=key-0-76526, dataSize=0, replicationType=null, replicationFactor=null, keyLocationInfo=null, clientID=102739173903106450} | ret=SUCCESS |  
2019-09-05 09:23:30,157 | INFO  | DNAudit | user=null | ip=null | op=WRITE_CHUNK {blockData=conID: 2 locID: 102739175679328788 bcsId: 0} | ret=SUCCESS |  
2019-09-05 09:23:30,160 | INFO  | DNAudit | user=null | ip=null | op=WRITE_CHUNK {blockData=conID: 2 locID: 102739175679328788 bcsId: 0} | ret=SUCCESS |  
2019-09-05 09:23:30,160 | INFO  | DNAudit | user=null | ip=null | op=WRITE_CHUNK {blockData=conID: 2 locID: 102739175679328788 bcsId: 0} | ret=SUCCESS |  
2019-09-05 09:23:30,160 | INFO  | DNAudit | user=null | ip=null | op=WRITE_CHUNK {blockData=conID: 2 locID: 102739175679328788 bcsId: 0} | ret=SUCCESS |  
2019-09-05 09:23:30,162 | INFO  | DNAudit | user=null | ip=null | op=WRITE_CHUNK {blockData=conID: 2 locID: 102739175679328788 bcsId: 0} | ret=SUCCESS |  
2019-09-05 09:23:30,163 | INFO  | DNAudit | user=null | ip=null | op=WRITE_CHUNK {blockData=conID: 2 locID: 102739175679328788 bcsId: 0} | ret=SUCCESS |  
2019-09-05 09:23:30,176 | INFO  | DNAudit | user=null | ip=null | op=WRITE_CHUNK {blockData=conID: 2 locID: 102739175679328788 bcsId: 0} | ret=SUCCESS |  
2019-09-05 09:23:30,177 | INFO  | DNAudit | user=null | ip=null | op=PUT_BLOCK {blockData=[blockId=conID: 2 locID: 102739175679328788 bcsId: 0,size=1048576]} | ret=SUCCESS |  
2019-09-05 09:23:30,177 [grpc-default-executor-5] INFO  client.GrpcClientProtocolClient (GrpcClientProtocolClient.java:onNext(255)) - client-969FB6DA8C9A->4fcc8d53-44cb-4faf-b915-5afa0c7529d4: receive RaftClientReply:client-969FB6DA8C9A->4fcc8d53-44cb-4faf-b915-5afa0c7529d4@group-6A615BAE1DD1, cid=1885, SUCCESS, logIndex=2723, commits[4fcc8d53-44cb-4faf-b915-5afa0c7529d4:c2724, 48aa5eb4-709c-4003-adb5-fbc02723cd23:c2722, 609a8cf1-6ad3-4123-b94a-106ad93148a8:c2722]
2019-09-05 09:23:30,177 [grpc-default-executor-5] INFO  client.GrpcClientProtocolClient (GrpcClientProtocolClient.java:onNext(255)) - client-969FB6DA8C9A->4fcc8d53-44cb-4faf-b915-5afa0c7529d4: receive RaftClientReply:client-969FB6DA8C9A->4fcc8d53-44cb-4faf-b915-5afa0c7529d4@group-6A615BAE1DD1, cid=1886, SUCCESS, logIndex=2724, commits[4fcc8d53-44cb-4faf-b915-5afa0c7529d4:c2724, 48aa5eb4-709c-4003-adb5-fbc02723cd23:c2722, 609a8cf1-6ad3-4123-b94a-106ad93148a8:c2722]
2019-09-05 09:23:30,196 | INFO  | DNAudit | user=null | ip=null | op=WRITE_CHUNK {blockData=conID: 2 locID: 102739175679328788 bcsId: 0} | ret=SUCCESS |  
2019-09-05 09:23:30,196 | INFO  | DNAudit | user=null | ip=null | op=PUT_BLOCK {blockData=[blockId=conID: 2 locID: 102739175679328788 bcsId: 0,size=1048576]} | ret=SUCCESS |  
2019-09-05 09:23:30,196 | INFO  | DNAudit | user=null | ip=null | op=WRITE_CHUNK {blockData=conID: 2 locID: 102739175679328788 bcsId: 0} | ret=SUCCESS |  
2019-09-05 09:23:30,197 | INFO  | DNAudit | user=null | ip=null | op=PUT_BLOCK {blockData=[blockId=conID: 2 locID: 102739175679328788 bcsId: 0,size=1048576]} | ret=SUCCESS |  
2019-09-05 09:23:30,197 | INFO  | DNAudit | user=null | ip=null | op=WRITE_CHUNK {blockData=conID: 2 locID: 102739175679328788 bcsId: 0} | ret=SUCCESS |  
2019-09-05 09:23:30,197 | INFO  | DNAudit | user=null | ip=null | op=PUT_BLOCK {blockData=[blockId=conID: 2 locID: 102739175679328788 bcsId: 0,size=2097152]} | ret=SUCCESS |  
2019-09-05 09:23:30,198 | INFO  | DNAudit | user=null | ip=null | op=WRITE_CHUNK {blockData=conID: 2 locID: 102739175679328788 bcsId: 0} | ret=SUCCESS |  
2019-09-05 09:23:30,198 | INFO  | DNAudit | user=null | ip=null | op=PUT_BLOCK {blockData=[blockId=conID: 2 locID: 102739175679328788 bcsId: 0,size=2097152]} | ret=SUCCESS |  
2019-09-05 09:23:30,200 | INFO  | DNAudit | user=null | ip=null | op=WRITE_CHUNK {blockData=conID: 2 locID: 102739175679328788 bcsId: 0} | ret=SUCCESS |  
2019-09-05 09:23:30,200 | INFO  | DNAudit | user=null | ip=null | op=PUT_BLOCK {blockData=[blockId=conID: 2 locID: 102739175679328788 bcsId: 0,size=2097152]} | ret=SUCCESS |  
2019-09-05 09:23:30,200 [grpc-default-executor-3] INFO  client.GrpcClientProtocolClient (GrpcClientProtocolClient.java:onNext(255)) - client-969FB6DA8C9A->4fcc8d53-44cb-4faf-b915-5afa0c7529d4: receive RaftClientReply:client-969FB6DA8C9A->4fcc8d53-44cb-4faf-b915-5afa0c7529d4@group-6A615BAE1DD1, cid=1887, SUCCESS, logIndex=2725, commits[4fcc8d53-44cb-4faf-b915-5afa0c7529d4:c2730, 48aa5eb4-709c-4003-adb5-fbc02723cd23:c2726, 609a8cf1-6ad3-4123-b94a-106ad93148a8:c2726]
2019-09-05 09:23:30,201 [grpc-default-executor-3] INFO  client.GrpcClientProtocolClient (GrpcClientProtocolClient.java:onNext(255)) - client-969FB6DA8C9A->4fcc8d53-44cb-4faf-b915-5afa0c7529d4: receive RaftClientReply:client-969FB6DA8C9A->4fcc8d53-44cb-4faf-b915-5afa0c7529d4@group-6A615BAE1DD1, cid=1888, SUCCESS, logIndex=2726, commits[4fcc8d53-44cb-4faf-b915-5afa0c7529d4:c2730, 48aa5eb4-709c-4003-adb5-fbc02723cd23:c2726, 609a8cf1-6ad3-4123-b94a-106ad93148a8:c2726]
2019-09-05 09:23:30,207 | INFO  | DNAudit | user=null | ip=null | op=WRITE_CHUNK {blockData=conID: 2 locID: 102739175679328788 bcsId: 2726} | ret=SUCCESS |  
2019-09-05 09:23:30,209 | INFO  | DNAudit | user=null | ip=null | op=WRITE_CHUNK {blockData=conID: 2 locID: 102739175679328788 bcsId: 2726} | ret=SUCCESS |  
2019-09-05 09:23:30,209 | INFO  | DNAudit | user=null | ip=null | op=WRITE_CHUNK {blockData=conID: 2 locID: 102739175679328788 bcsId: 2726} | ret=SUCCESS |  
2019-09-05 09:23:30,209 | INFO  | DNAudit | user=null | ip=null | op=WRITE_CHUNK {blockData=conID: 2 locID: 102739175679328788 bcsId: 2726} | ret=SUCCESS |  
2019-09-05 09:23:30,211 | INFO  | DNAudit | user=null | ip=null | op=WRITE_CHUNK {blockData=conID: 2 locID: 102739175679328788 bcsId: 2726} | ret=SUCCESS |  
2019-09-05 09:23:30,211 | INFO  | DNAudit | user=null | ip=null | op=WRITE_CHUNK {blockData=conID: 2 locID: 102739175679328788 bcsId: 2726} | ret=SUCCESS |  
2019-09-05 09:23:30,224 | INFO  | DNAudit | user=null | ip=null | op=WRITE_CHUNK {blockData=conID: 2 locID: 102739175679328788 bcsId: 2726} | ret=SUCCESS |  
2019-09-05 09:23:30,225 | INFO  | DNAudit | user=null | ip=null | op=PUT_BLOCK {blockData=[blockId=conID: 2 locID: 102739175679328788 bcsId: 0,size=3145728]} | ret=SUCCESS |  
2019-09-05 09:23:30,225 [grpc-default-executor-4] INFO  client.GrpcClientProtocolClient (GrpcClientProtocolClient.java:onNext(255)) - client-969FB6DA8C9A->4fcc8d53-44cb-4faf-b915-5afa0c7529d4: receive RaftClientReply:client-969FB6DA8C9A->4fcc8d53-44cb-4faf-b915-5afa0c7529d4@group-6A615BAE1DD1, cid=1889, SUCCESS, logIndex=2731, commits[4fcc8d53-44cb-4faf-b915-5afa0c7529d4:c2732, 48aa5eb4-709c-4003-adb5-fbc02723cd23:c2730, 609a8cf1-6ad3-4123-b94a-106ad93148a8:c2730]
2019-09-05 09:23:30,225 [grpc-default-executor-4] INFO  client.GrpcClientProtocolClient (GrpcClientProtocolClient.java:onNext(255)) - client-969FB6DA8C9A->4fcc8d53-44cb-4faf-b915-5afa0c7529d4: receive RaftClientReply:client-969FB6DA8C9A->4fcc8d53-44cb-4faf-b915-5afa0c7529d4@group-6A615BAE1DD1, cid=1890, SUCCESS, logIndex=2732, commits[4fcc8d53-44cb-4faf-b915-5afa0c7529d4:c2732, 48aa5eb4-709c-4003-adb5-fbc02723cd23:c2730, 609a8cf1-6ad3-4123-b94a-106ad93148a8:c2730]
2019-09-05 09:23:30,226 | INFO  | DNAudit | user=null | ip=null | op=WRITE_CHUNK {blockData=conID: 2 locID: 102739175679328788 bcsId: 2726} | ret=SUCCESS |  
2019-09-05 09:23:30,226 | INFO  | DNAudit | user=null | ip=null | op=PUT_BLOCK {blockData=[blockId=conID: 2 locID: 102739175679328788 bcsId: 0,size=4194304]} | ret=SUCCESS |  
2019-09-05 09:23:30,226 [grpc-default-executor-4] INFO  client.GrpcClientProtocolClient (GrpcClientProtocolClient.java:onNext(255)) - client-969FB6DA8C9A->4fcc8d53-44cb-4faf-b915-5afa0c7529d4: receive RaftClientReply:client-969FB6DA8C9A->4fcc8d53-44cb-4faf-b915-5afa0c7529d4@group-6A615BAE1DD1, cid=1891, SUCCESS, logIndex=2733, commits[4fcc8d53-44cb-4faf-b915-5afa0c7529d4:c2734, 48aa5eb4-709c-4003-adb5-fbc02723cd23:c2730, 609a8cf1-6ad3-4123-b94a-106ad93148a8:c2730]
2019-09-05 09:23:30,226 [grpc-default-executor-4] INFO  client.GrpcClientProtocolClient (GrpcClientProtocolClient.java:onNext(255)) - client-969FB6DA8C9A->4fcc8d53-44cb-4faf-b915-5afa0c7529d4: receive RaftClientReply:client-969FB6DA8C9A->4fcc8d53-44cb-4faf-b915-5afa0c7529d4@group-6A615BAE1DD1, cid=1892, SUCCESS, logIndex=2734, commits[4fcc8d53-44cb-4faf-b915-5afa0c7529d4:c2734, 48aa5eb4-709c-4003-adb5-fbc02723cd23:c2730, 609a8cf1-6ad3-4123-b94a-106ad93148a8:c2730]
2019-09-05 09:23:30,227 | INFO  | DNAudit | user=null | ip=null | op=WRITE_CHUNK {blockData=conID: 2 locID: 102739175679328788 bcsId: 2726} | ret=SUCCESS |  
2019-09-05 09:23:30,227 | INFO  | DNAudit | user=null | ip=null | op=WRITE_CHUNK {blockData=conID: 2 locID: 102739175679328788 bcsId: 2726} | ret=SUCCESS |  
2019-09-05 09:23:30,227 | INFO  | DNAudit | user=null | ip=null | op=PUT_BLOCK {blockData=[blockId=conID: 2 locID: 102739175679328788 bcsId: 0,size=3145728]} | ret=SUCCESS |  
2019-09-05 09:23:30,227 | INFO  | DNAudit | user=null | ip=null | op=PUT_BLOCK {blockData=[blockId=conID: 2 locID: 102739175679328788 bcsId: 0,size=3145728]} | ret=SUCCESS |  
2019-09-05 09:23:30,227 [grpc-default-executor-3] INFO  client.GrpcClientProtocolClient (GrpcClientProtocolClient.java:onNext(255)) - client-969FB6DA8C9A->4fcc8d53-44cb-4faf-b915-5afa0c7529d4: receive RaftClientReply:client-969FB6DA8C9A->4fcc8d53-44cb-4faf-b915-5afa0c7529d4@group-6A615BAE1DD1, cid=1893, SUCCESS, logIndex=0, commits[4fcc8d53-44cb-4faf-b915-5afa0c7529d4:c2736, 48aa5eb4-709c-4003-adb5-fbc02723cd23:c2732, 609a8cf1-6ad3-4123-b94a-106ad93148a8:c2732]
2019-09-05 09:23:30,228 | INFO  | DNAudit | user=null | ip=null | op=WRITE_CHUNK {blockData=conID: 2 locID: 102739175679328788 bcsId: 2726} | ret=SUCCESS |  
2019-09-05 09:23:30,228 | INFO  | DNAudit | user=null | ip=null | op=WRITE_CHUNK {blockData=conID: 2 locID: 102739175679328788 bcsId: 2726} | ret=SUCCESS |  
2019-09-05 09:23:30,228 | INFO  | DNAudit | user=null | ip=null | op=PUT_BLOCK {blockData=[blockId=conID: 2 locID: 102739175679328788 bcsId: 0,size=4194304]} | ret=SUCCESS |  
2019-09-05 09:23:30,229 | INFO  | DNAudit | user=null | ip=null | op=PUT_BLOCK {blockData=[blockId=conID: 2 locID: 102739175679328788 bcsId: 0,size=4194304]} | ret=SUCCESS |  
2019-09-05 09:23:30,229 [grpc-default-executor-3] INFO  client.GrpcClientProtocolClient (GrpcClientProtocolClient.java:onNext(255)) - client-969FB6DA8C9A->4fcc8d53-44cb-4faf-b915-5afa0c7529d4: receive RaftClientReply:client-969FB6DA8C9A->4fcc8d53-44cb-4faf-b915-5afa0c7529d4@group-6A615BAE1DD1, cid=1894, SUCCESS, logIndex=0, commits[4fcc8d53-44cb-4faf-b915-5afa0c7529d4:c2738, 48aa5eb4-709c-4003-adb5-fbc02723cd23:c2734, 609a8cf1-6ad3-4123-b94a-106ad93148a8:c2734]
2019-09-05 09:23:30,233 | INFO  | SCMAudit | user=jenkins1000 | ip=192.168.36.69 | op=ALLOCATE_BLOCK {owner=5cf4fcf6-c517-45f4-af25-2fff646d8883, size=4194304, type=RATIS, factor=THREE} | ret=SUCCESS |  
2019-09-05 09:23:30,235 | INFO  | OMAudit | user=jenkins1000 | ip=127.0.0.1 | op=ALLOCATE_BLOCK {volume=vol-0-13331, bucket=bucket-0-43606, key=key-0-76526, dataSize=0, replicationType=null, replicationFactor=null, keyLocationInfo=null, clientID=102739173903106450} | ret=SUCCESS |  
 0.00% |█                                                                                                    |  0/1 Time: 0:00:272019-09-05 09:23:30,240 | INFO  | SCMAudit | user=jenkins1000 | ip=192.168.36.69 | op=SEND_HEARTBEAT {datanodeUUID=4fcc8d53-44cb-4faf-b915-5afa0c7529d4, command=[]} | ret=SUCCESS |  
2019-09-05 09:23:30,240 | INFO  | SCMAudit | user=jenkins1000 | ip=192.168.36.69 | op=SEND_HEARTBEAT {datanodeUUID=609a8cf1-6ad3-4123-b94a-106ad93148a8, command=[]} | ret=SUCCESS |  
2019-09-05 09:23:30,241 | INFO  | SCMAudit | user=jenkins1000 | ip=192.168.36.69 | op=SEND_HEARTBEAT {datanodeUUID=48aa5eb4-709c-4003-adb5-fbc02723cd23, command=[]} | ret=SUCCESS |  
2019-09-05 09:23:30,241 | INFO  | SCMAudit | user=jenkins1000 | ip=192.168.36.69 | op=SEND_HEARTBEAT {datanodeUUID=5b6cff60-1414-40d6-b682-781dc5ff3023, command=[]} | ret=SUCCESS |  
2019-09-05 09:23:30,241 | INFO  | DNAudit | user=null | ip=null | op=WRITE_CHUNK {blockData=conID: 3 locID: 102739175684964885 bcsId: 0} | ret=SUCCESS |  
2019-09-05 09:23:30,242 | INFO  | DNAudit | user=null | ip=null | op=WRITE_CHUNK {blockData=conID: 3 locID: 102739175684964885 bcsId: 0} | ret=SUCCESS |  
2019-09-05 09:23:30,243 | INFO  | DNAudit | user=null | ip=null | op=WRITE_CHUNK {blockData=conID: 3 locID: 102739175684964885 bcsId: 0} | ret=SUCCESS |  
2019-09-05 09:23:30,243 | INFO  | DNAudit | user=null | ip=null | op=WRITE_CHUNK {blockData=conID: 3 locID: 102739175684964885 bcsId: 0} | ret=SUCCESS |  
2019-09-05 09:23:30,245 | INFO  | DNAudit | user=null | ip=null | op=WRITE_CHUNK {blockData=conID: 3 locID: 102739175684964885 bcsId: 0} | ret=SUCCESS |  
2019-09-05 09:23:30,246 | INFO  | DNAudit | user=null | ip=null | op=WRITE_CHUNK {blockData=conID: 3 locID: 102739175684964885 bcsId: 0} | ret=SUCCESS |  
2019-09-05 09:23:30,270 | INFO  | DNAudit | user=null | ip=null | op=WRITE_CHUNK {blockData=conID: 3 locID: 102739175684964885 bcsId: 0} | ret=SUCCESS |  
2019-09-05 09:23:30,271 | INFO  | DNAudit | user=null | ip=null | op=PUT_BLOCK {blockData=[blockId=conID: 3 locID: 102739175684964885 bcsId: 0,size=1048576]} | ret=SUCCESS |  
2019-09-05 09:23:30,271 [grpc-default-executor-5] INFO  client.GrpcClientProtocolClient (GrpcClientProtocolClient.java:onNext(255)) - client-969FB6DA8C9A->4fcc8d53-44cb-4faf-b915-5afa0c7529d4: receive RaftClientReply:client-969FB6DA8C9A->4fcc8d53-44cb-4faf-b915-5afa0c7529d4@group-6A615BAE1DD1, cid=1895, SUCCESS, logIndex=2739, commits[4fcc8d53-44cb-4faf-b915-5afa0c7529d4:c2740, 48aa5eb4-709c-4003-adb5-fbc02723cd23:c2738, 609a8cf1-6ad3-4123-b94a-106ad93148a8:c2738]
2019-09-05 09:23:30,271 [grpc-default-executor-5] INFO  client.GrpcClientProtocolClient (GrpcClientProtocolClient.java:onNext(255)) - client-969FB6DA8C9A->4fcc8d53-44cb-4faf-b915-5afa0c7529d4: receive RaftClientReply:client-969FB6DA8C9A->4fcc8d53-44cb-4faf-b915-5afa0c7529d4@group-6A615BAE1DD1, cid=1896, SUCCESS, logIndex=2740, commits[4fcc8d53-44cb-4faf-b915-5afa0c7529d4:c2740, 48aa5eb4-709c-4003-adb5-fbc02723cd23:c2738, 609a8cf1-6ad3-4123-b94a-106ad93148a8:c2738]
2019-09-05 09:23:30,289 | INFO  | DNAudit | user=null | ip=null | op=WRITE_CHUNK {blockData=conID: 3 locID: 102739175684964885 bcsId: 0} | ret=SUCCESS |  
2019-09-05 09:23:30,290 | INFO  | DNAudit | user=null | ip=null | op=PUT_BLOCK {blockData=[blockId=conID: 3 locID: 102739175684964885 bcsId: 0,size=2097152]} | ret=SUCCESS |  
2019-09-05 09:23:30,290 [grpc-default-executor-0] INFO  client.GrpcClientProtocolClient (GrpcClientProtocolClient.java:onNext(255)) - client-969FB6DA8C9A->4fcc8d53-44cb-4faf-b915-5afa0c7529d4: receive RaftClientReply:client-969FB6DA8C9A->4fcc8d53-44cb-4faf-b915-5afa0c7529d4@group-6A615BAE1DD1, cid=1897, SUCCESS, logIndex=2741, commits[4fcc8d53-44cb-4faf-b915-5afa0c7529d4:c2742, 48aa5eb4-709c-4003-adb5-fbc02723cd23:c2738, 609a8cf1-6ad3-4123-b94a-106ad93148a8:c2738]
2019-09-05 09:23:30,290 [grpc-default-executor-0] INFO  client.GrpcClientProtocolClient (GrpcClientProtocolClient.java:onNext(255)) - client-969FB6DA8C9A->4fcc8d53-44cb-4faf-b915-5afa0c7529d4: receive RaftClientReply:client-969FB6DA8C9A->4fcc8d53-44cb-4faf-b915-5afa0c7529d4@group-6A615BAE1DD1, cid=1898, SUCCESS, logIndex=2742, commits[4fcc8d53-44cb-4faf-b915-5afa0c7529d4:c2742, 48aa5eb4-709c-4003-adb5-fbc02723cd23:c2738, 609a8cf1-6ad3-4123-b94a-106ad93148a8:c2738]
2019-09-05 09:23:30,309 | INFO  | DNAudit | user=null | ip=null | op=WRITE_CHUNK {blockData=conID: 3 locID: 102739175684964885 bcsId: 0} | ret=SUCCESS |  
2019-09-05 09:23:30,309 | INFO  | DNAudit | user=null | ip=null | op=PUT_BLOCK {blockData=[blockId=conID: 3 locID: 102739175684964885 bcsId: 0,size=1048576]} | ret=SUCCESS |  
2019-09-05 09:23:30,309 | INFO  | DNAudit | user=null | ip=null | op=WRITE_CHUNK {blockData=conID: 3 locID: 102739175684964885 bcsId: 0} | ret=SUCCESS |  
2019-09-05 09:23:30,310 | INFO  | DNAudit | user=null | ip=null | op=PUT_BLOCK {blockData=[blockId=conID: 3 locID: 102739175684964885 bcsId: 0,size=1048576]} | ret=SUCCESS |  
2019-09-05 09:23:30,310 [grpc-default-executor-0] INFO  client.GrpcClientProtocolClient (GrpcClientProtocolClient.java:onNext(255)) - client-969FB6DA8C9A->4fcc8d53-44cb-4faf-b915-5afa0c7529d4: receive RaftClientReply:client-969FB6DA8C9A->4fcc8d53-44cb-4faf-b915-5afa0c7529d4@group-6A615BAE1DD1, cid=1899, SUCCESS, logIndex=0, commits[4fcc8d53-44cb-4faf-b915-5afa0c7529d4:c2744, 48aa5eb4-709c-4003-adb5-fbc02723cd23:c2740, 609a8cf1-6ad3-4123-b94a-106ad93148a8:c2740]
2019-09-05 09:23:30,310 | INFO  | DNAudit | user=null | ip=null | op=WRITE_CHUNK {blockData=conID: 3 locID: 102739175684964885 bcsId: 0} | ret=SUCCESS |  
2019-09-05 09:23:30,311 | INFO  | DNAudit | user=null | ip=null | op=PUT_BLOCK {blockData=[blockId=conID: 3 locID: 102739175684964885 bcsId: 0,size=2097152]} | ret=SUCCESS |  
2019-09-05 09:23:30,311 | INFO  | DNAudit | user=null | ip=null | op=WRITE_CHUNK {blockData=conID: 3 locID: 102739175684964885 bcsId: 0} | ret=SUCCESS |  
2019-09-05 09:23:30,311 | INFO  | DNAudit | user=null | ip=null | op=PUT_BLOCK {blockData=[blockId=conID: 3 locID: 102739175684964885 bcsId: 0,size=2097152]} | ret=SUCCESS |  
2019-09-05 09:23:30,316 | INFO  | DNAudit | user=null | ip=null | op=WRITE_CHUNK {blockData=conID: 3 locID: 102739175684964885 bcsId: 2742} | ret=SUCCESS |  
2019-09-05 09:23:30,318 | INFO  | DNAudit | user=null | ip=null | op=WRITE_CHUNK {blockData=conID: 3 locID: 102739175684964885 bcsId: 2742} | ret=SUCCESS |  
2019-09-05 09:23:30,318 | INFO  | DNAudit | user=null | ip=null | op=WRITE_CHUNK {blockData=conID: 3 locID: 102739175684964885 bcsId: 2742} | ret=SUCCESS |  
2019-09-05 09:23:30,337 | INFO  | DNAudit | user=null | ip=null | op=WRITE_CHUNK {blockData=conID: 3 locID: 102739175684964885 bcsId: 2742} | ret=SUCCESS |  
2019-09-05 09:23:30,338 | INFO  | DNAudit | user=null | ip=null | op=PUT_BLOCK {blockData=[blockId=conID: 3 locID: 102739175684964885 bcsId: 0,size=3145728]} | ret=SUCCESS |  
2019-09-05 09:23:30,338 [grpc-default-executor-0] INFO  client.GrpcClientProtocolClient (GrpcClientProtocolClient.java:onNext(255)) - client-969FB6DA8C9A->4fcc8d53-44cb-4faf-b915-5afa0c7529d4: receive RaftClientReply:client-969FB6DA8C9A->4fcc8d53-44cb-4faf-b915-5afa0c7529d4@group-6A615BAE1DD1, cid=1900, SUCCESS, logIndex=2747, commits[4fcc8d53-44cb-4faf-b915-5afa0c7529d4:c2748, 48aa5eb4-709c-4003-adb5-fbc02723cd23:c2746, 609a8cf1-6ad3-4123-b94a-106ad93148a8:c2746]
2019-09-05 09:23:30,338 [grpc-default-executor-0] INFO  client.GrpcClientProtocolClient (GrpcClientProtocolClient.java:onNext(255)) - client-969FB6DA8C9A->4fcc8d53-44cb-4faf-b915-5afa0c7529d4: receive RaftClientReply:client-969FB6DA8C9A->4fcc8d53-44cb-4faf-b915-5afa0c7529d4@group-6A615BAE1DD1, cid=1901, SUCCESS, logIndex=2748, commits[4fcc8d53-44cb-4faf-b915-5afa0c7529d4:c2748, 48aa5eb4-709c-4003-adb5-fbc02723cd23:c2746, 609a8cf1-6ad3-4123-b94a-106ad93148a8:c2746]
2019-09-05 09:23:30,342 | INFO  | DNAudit | user=null | ip=null | op=WRITE_CHUNK {blockData=conID: 3 locID: 102739175684964885 bcsId: 2742} | ret=SUCCESS |  
2019-09-05 09:23:30,342 | INFO  | DNAudit | user=null | ip=null | op=WRITE_CHUNK {blockData=conID: 3 locID: 102739175684964885 bcsId: 2742} | ret=SUCCESS |  
2019-09-05 09:23:30,346 | INFO  | DNAudit | user=null | ip=null | op=WRITE_CHUNK {blockData=conID: 3 locID: 102739175684964885 bcsId: 2748} | ret=SUCCESS |  
2019-09-05 09:23:30,347 | INFO  | DNAudit | user=null | ip=null | op=WRITE_CHUNK {blockData=conID: 3 locID: 102739175684964885 bcsId: 2748} | ret=SUCCESS |  
2019-09-05 09:23:30,347 | INFO  | DNAudit | user=null | ip=null | op=WRITE_CHUNK {blockData=conID: 3 locID: 102739175684964885 bcsId: 2748} | ret=SUCCESS |  
2019-09-05 09:23:30,354 | INFO  | DNAudit | user=null | ip=null | op=PUT_BLOCK {blockData=[blockId=conID: 3 locID: 102739175684964885 bcsId: 0,size=3145728]} | ret=SUCCESS |  
2019-09-05 09:23:30,354 | INFO  | DNAudit | user=null | ip=null | op=PUT_BLOCK {blockData=[blockId=conID: 3 locID: 102739175684964885 bcsId: 0,size=3145728]} | ret=SUCCESS |  
2019-09-05 09:23:30,355 | INFO  | DNAudit | user=null | ip=null | op=WRITE_CHUNK {blockData=conID: 3 locID: 102739175684964885 bcsId: 2748} | ret=SUCCESS |  
2019-09-05 09:23:30,356 | INFO  | DNAudit | user=null | ip=null | op=PUT_BLOCK {blockData=[blockId=conID: 3 locID: 102739175684964885 bcsId: 0,size=4194304]} | ret=SUCCESS |  
2019-09-05 09:23:30,356 [grpc-default-executor-0] INFO  client.GrpcClientProtocolClient (GrpcClientProtocolClient.java:onNext(255)) - client-969FB6DA8C9A->4fcc8d53-44cb-4faf-b915-5afa0c7529d4: receive RaftClientReply:client-969FB6DA8C9A->4fcc8d53-44cb-4faf-b915-5afa0c7529d4@group-6A615BAE1DD1, cid=1902, SUCCESS, logIndex=2751, commits[4fcc8d53-44cb-4faf-b915-5afa0c7529d4:c2752, 48aa5eb4-709c-4003-adb5-fbc02723cd23:c2749, 609a8cf1-6ad3-4123-b94a-106ad93148a8:c2749]
2019-09-05 09:23:30,356 [grpc-default-executor-0] INFO  client.GrpcClientProtocolClient (GrpcClientProtocolClient.java:onNext(255)) - client-969FB6DA8C9A->4fcc8d53-44cb-4faf-b915-5afa0c7529d4: receive RaftClientReply:client-969FB6DA8C9A->4fcc8d53-44cb-4faf-b915-5afa0c7529d4@group-6A615BAE1DD1, cid=1903, SUCCESS, logIndex=2752, commits[4fcc8d53-44cb-4faf-b915-5afa0c7529d4:c2752, 48aa5eb4-709c-4003-adb5-fbc02723cd23:c2749, 609a8cf1-6ad3-4123-b94a-106ad93148a8:c2749]
2019-09-05 09:23:30,363 | INFO  | DNAudit | user=null | ip=null | op=WRITE_CHUNK {blockData=conID: 3 locID: 102739175684964885 bcsId: 2748} | ret=SUCCESS |  
2019-09-05 09:23:30,363 | INFO  | DNAudit | user=null | ip=null | op=PUT_BLOCK {blockData=[blockId=conID: 3 locID: 102739175684964885 bcsId: 0,size=4194304]} | ret=SUCCESS |  
2019-09-05 09:23:30,364 | INFO  | DNAudit | user=null | ip=null | op=WRITE_CHUNK {blockData=conID: 3 locID: 102739175684964885 bcsId: 2748} | ret=SUCCESS |  
2019-09-05 09:23:30,364 | INFO  | DNAudit | user=null | ip=null | op=PUT_BLOCK {blockData=[blockId=conID: 3 locID: 102739175684964885 bcsId: 0,size=4194304]} | ret=SUCCESS |  
2019-09-05 09:23:30,364 [grpc-default-executor-0] INFO  client.GrpcClientProtocolClient (GrpcClientProtocolClient.java:onNext(255)) - client-969FB6DA8C9A->4fcc8d53-44cb-4faf-b915-5afa0c7529d4: receive RaftClientReply:client-969FB6DA8C9A->4fcc8d53-44cb-4faf-b915-5afa0c7529d4@group-6A615BAE1DD1, cid=1904, SUCCESS, logIndex=0, commits[4fcc8d53-44cb-4faf-b915-5afa0c7529d4:c2753, 48aa5eb4-709c-4003-adb5-fbc02723cd23:c2752, 609a8cf1-6ad3-4123-b94a-106ad93148a8:c2752]
2019-09-05 09:23:30,368 | INFO  | SCMAudit | user=jenkins1000 | ip=192.168.36.69 | op=ALLOCATE_BLOCK {owner=5cf4fcf6-c517-45f4-af25-2fff646d8883, size=4194304, type=RATIS, factor=THREE} | ret=SUCCESS |  
2019-09-05 09:23:30,370 | INFO  | OMAudit | user=jenkins1000 | ip=127.0.0.1 | op=ALLOCATE_BLOCK {volume=vol-0-13331, bucket=bucket-0-43606, key=key-0-76526, dataSize=0, replicationType=null, replicationFactor=null, keyLocationInfo=null, clientID=102739173903106450} | ret=SUCCESS |  
2019-09-05 09:23:30,377 | INFO  | DNAudit | user=null | ip=null | op=WRITE_CHUNK {blockData=conID: 1 locID: 102739175693877782 bcsId: 0} | ret=SUCCESS |  
2019-09-05 09:23:30,379 | INFO  | DNAudit | user=null | ip=null | op=WRITE_CHUNK {blockData=conID: 1 locID: 102739175693877782 bcsId: 0} | ret=SUCCESS |  
2019-09-05 09:23:30,380 | INFO  | DNAudit | user=null | ip=null | op=WRITE_CHUNK {blockData=conID: 1 locID: 102739175693877782 bcsId: 0} | ret=SUCCESS |  
2019-09-05 09:23:30,380 | INFO  | DNAudit | user=null | ip=null | op=WRITE_CHUNK {blockData=conID: 1 locID: 102739175693877782 bcsId: 0} | ret=SUCCESS |  
2019-09-05 09:23:30,381 | INFO  | DNAudit | user=null | ip=null | op=WRITE_CHUNK {blockData=conID: 1 locID: 102739175693877782 bcsId: 0} | ret=SUCCESS |  
2019-09-05 09:23:30,381 | INFO  | DNAudit | user=null | ip=null | op=WRITE_CHUNK {blockData=conID: 1 locID: 102739175693877782 bcsId: 0} | ret=SUCCESS |  
2019-09-05 09:23:30,393 | INFO  | DNAudit | user=null | ip=null | op=WRITE_CHUNK {blockData=conID: 1 locID: 102739175693877782 bcsId: 0} | ret=SUCCESS |  
2019-09-05 09:23:30,394 | INFO  | DNAudit | user=null | ip=null | op=PUT_BLOCK {blockData=[blockId=conID: 1 locID: 102739175693877782 bcsId: 0,size=1048576]} | ret=SUCCESS |  
2019-09-05 09:23:30,394 | INFO  | DNAudit | user=null | ip=null | op=WRITE_CHUNK {blockData=conID: 1 locID: 102739175693877782 bcsId: 0} | ret=SUCCESS |  
2019-09-05 09:23:30,394 [grpc-default-executor-3] INFO  client.GrpcClientProtocolClient (GrpcClientProtocolClient.java:onNext(255)) - client-969FB6DA8C9A->4fcc8d53-44cb-4faf-b915-5afa0c7529d4: receive RaftClientReply:client-969FB6DA8C9A->4fcc8d53-44cb-4faf-b915-5afa0c7529d4@group-6A615BAE1DD1, cid=1905, SUCCESS, logIndex=2755, commits[4fcc8d53-44cb-4faf-b915-5afa0c7529d4:c2757, 48aa5eb4-709c-4003-adb5-fbc02723cd23:c2754, 609a8cf1-6ad3-4123-b94a-106ad93148a8:c2754]
2019-09-05 09:23:30,394 | INFO  | DNAudit | user=null | ip=null | op=PUT_BLOCK {blockData=[blockId=conID: 1 locID: 102739175693877782 bcsId: 0,size=2097152]} | ret=SUCCESS |  
2019-09-05 09:23:30,394 [grpc-default-executor-3] INFO  client.GrpcClientProtocolClient (GrpcClientProtocolClient.java:onNext(255)) - client-969FB6DA8C9A->4fcc8d53-44cb-4faf-b915-5afa0c7529d4: receive RaftClientReply:client-969FB6DA8C9A->4fcc8d53-44cb-4faf-b915-5afa0c7529d4@group-6A615BAE1DD1, cid=1906, SUCCESS, logIndex=2756, commits[4fcc8d53-44cb-4faf-b915-5afa0c7529d4:c2758, 48aa5eb4-709c-4003-adb5-fbc02723cd23:c2754, 609a8cf1-6ad3-4123-b94a-106ad93148a8:c2754]
2019-09-05 09:23:30,395 [grpc-default-executor-3] INFO  client.GrpcClientProtocolClient (GrpcClientProtocolClient.java:onNext(255)) - client-969FB6DA8C9A->4fcc8d53-44cb-4faf-b915-5afa0c7529d4: receive RaftClientReply:client-969FB6DA8C9A->4fcc8d53-44cb-4faf-b915-5afa0c7529d4@group-6A615BAE1DD1, cid=1907, SUCCESS, logIndex=2757, commits[4fcc8d53-44cb-4faf-b915-5afa0c7529d4:c2758, 48aa5eb4-709c-4003-adb5-fbc02723cd23:c2754, 609a8cf1-6ad3-4123-b94a-106ad93148a8:c2754]
2019-09-05 09:23:30,395 [grpc-default-executor-3] INFO  client.GrpcClientProtocolClient (GrpcClientProtocolClient.java:onNext(255)) - client-969FB6DA8C9A->4fcc8d53-44cb-4faf-b915-5afa0c7529d4: receive RaftClientReply:client-969FB6DA8C9A->4fcc8d53-44cb-4faf-b915-5afa0c7529d4@group-6A615BAE1DD1, cid=1908, SUCCESS, logIndex=2758, commits[4fcc8d53-44cb-4faf-b915-5afa0c7529d4:c2758, 48aa5eb4-709c-4003-adb5-fbc02723cd23:c2754, 609a8cf1-6ad3-4123-b94a-106ad93148a8:c2754]
2019-09-05 09:23:30,409 | INFO  | DNAudit | user=null | ip=null | op=WRITE_CHUNK {blockData=conID: 1 locID: 102739175693877782 bcsId: 0} | ret=SUCCESS |  
2019-09-05 09:23:30,409 | INFO  | DNAudit | user=null | ip=null | op=WRITE_CHUNK {blockData=conID: 1 locID: 102739175693877782 bcsId: 0} | ret=SUCCESS |  
2019-09-05 09:23:30,409 | INFO  | DNAudit | user=null | ip=null | op=PUT_BLOCK {blockData=[blockId=conID: 1 locID: 102739175693877782 bcsId: 0,size=1048576]} | ret=SUCCESS |  
2019-09-05 09:23:30,409 | INFO  | DNAudit | user=null | ip=null | op=PUT_BLOCK {blockData=[blockId=conID: 1 locID: 102739175693877782 bcsId: 0,size=1048576]} | ret=SUCCESS |  
2019-09-05 09:23:30,409 [grpc-default-executor-3] INFO  client.GrpcClientProtocolClient (GrpcClientProtocolClient.java:onNext(255)) - client-969FB6DA8C9A->4fcc8d53-44cb-4faf-b915-5afa0c7529d4: receive RaftClientReply:client-969FB6DA8C9A->4fcc8d53-44cb-4faf-b915-5afa0c7529d4@group-6A615BAE1DD1, cid=1909, SUCCESS, logIndex=0, commits[4fcc8d53-44cb-4faf-b915-5afa0c7529d4:c2759, 48aa5eb4-709c-4003-adb5-fbc02723cd23:c2756, 609a8cf1-6ad3-4123-b94a-106ad93148a8:c2756]
2019-09-05 09:23:30,410 | INFO  | DNAudit | user=null | ip=null | op=WRITE_CHUNK {blockData=conID: 1 locID: 102739175693877782 bcsId: 0} | ret=SUCCESS |  
2019-09-05 09:23:30,410 | INFO  | DNAudit | user=null | ip=null | op=PUT_BLOCK {blockData=[blockId=conID: 1 locID: 102739175693877782 bcsId: 0,size=2097152]} | ret=SUCCESS |  
2019-09-05 09:23:30,411 | INFO  | DNAudit | user=null | ip=null | op=WRITE_CHUNK {blockData=conID: 1 locID: 102739175693877782 bcsId: 0} | ret=SUCCESS |  
2019-09-05 09:23:30,411 | INFO  | DNAudit | user=null | ip=null | op=PUT_BLOCK {blockData=[blockId=conID: 1 locID: 102739175693877782 bcsId: 0,size=2097152]} | ret=SUCCESS |  
2019-09-05 09:23:30,415 | INFO  | DNAudit | user=null | ip=null | op=WRITE_CHUNK {blockData=conID: 1 locID: 102739175693877782 bcsId: 2758} | ret=SUCCESS |  
2019-09-05 09:23:30,417 | INFO  | DNAudit | user=null | ip=null | op=WRITE_CHUNK {blockData=conID: 1 locID: 102739175693877782 bcsId: 2758} | ret=SUCCESS |  
2019-09-05 09:23:30,417 | INFO  | DNAudit | user=null | ip=null | op=WRITE_CHUNK {blockData=conID: 1 locID: 102739175693877782 bcsId: 2758} | ret=SUCCESS |  
2019-09-05 09:23:30,431 | INFO  | DNAudit | user=null | ip=null | op=WRITE_CHUNK {blockData=conID: 1 locID: 102739175693877782 bcsId: 2758} | ret=SUCCESS |  
2019-09-05 09:23:30,431 | INFO  | DNAudit | user=null | ip=null | op=PUT_BLOCK {blockData=[blockId=conID: 1 locID: 102739175693877782 bcsId: 0,size=3145728]} | ret=SUCCESS |  
2019-09-05 09:23:30,431 [grpc-default-executor-2] INFO  client.GrpcClientProtocolClient (GrpcClientProtocolClient.java:onNext(255)) - client-969FB6DA8C9A->4fcc8d53-44cb-4faf-b915-5afa0c7529d4: receive RaftClientReply:client-969FB6DA8C9A->4fcc8d53-44cb-4faf-b915-5afa0c7529d4@group-6A615BAE1DD1, cid=1910, SUCCESS, logIndex=2763, commits[4fcc8d53-44cb-4faf-b915-5afa0c7529d4:c2764, 48aa5eb4-709c-4003-adb5-fbc02723cd23:c2762, 609a8cf1-6ad3-4123-b94a-106ad93148a8:c2762]
2019-09-05 09:23:30,432 [grpc-default-executor-2] INFO  client.GrpcClientProtocolClient (GrpcClientProtocolClient.java:onNext(255)) - client-969FB6DA8C9A->4fcc8d53-44cb-4faf-b915-5afa0c7529d4: receive RaftClientReply:client-969FB6DA8C9A->4fcc8d53-44cb-4faf-b915-5afa0c7529d4@group-6A615BAE1DD1, cid=1911, SUCCESS, logIndex=2764, commits[4fcc8d53-44cb-4faf-b915-5afa0c7529d4:c2764, 48aa5eb4-709c-4003-adb5-fbc02723cd23:c2762, 609a8cf1-6ad3-4123-b94a-106ad93148a8:c2762]
2019-09-05 09:23:30,437 | INFO  | DNAudit | user=null | ip=null | op=WRITE_CHUNK {blockData=conID: 1 locID: 102739175693877782 bcsId: 2758} | ret=SUCCESS |  
2019-09-05 09:23:30,437 | INFO  | DNAudit | user=null | ip=null | op=WRITE_CHUNK {blockData=conID: 1 locID: 102739175693877782 bcsId: 2758} | ret=SUCCESS |  
2019-09-05 09:23:30,438 | INFO  | DNAudit | user=null | ip=null | op=WRITE_CHUNK {blockData=conID: 1 locID: 102739175693877782 bcsId: 2764} | ret=SUCCESS |  
2019-09-05 09:23:30,438 | INFO  | DNAudit | user=null | ip=null | op=PUT_BLOCK {blockData=[blockId=conID: 1 locID: 102739175693877782 bcsId: 0,size=3145728]} | ret=SUCCESS |  
2019-09-05 09:23:30,438 | INFO  | DNAudit | user=null | ip=null | op=PUT_BLOCK {blockData=[blockId=conID: 1 locID: 102739175693877782 bcsId: 0,size=3145728]} | ret=SUCCESS |  
2019-09-05 09:23:30,440 | INFO  | DNAudit | user=null | ip=null | op=WRITE_CHUNK {blockData=conID: 1 locID: 102739175693877782 bcsId: 2764} | ret=SUCCESS |  
2019-09-05 09:23:30,440 | INFO  | DNAudit | user=null | ip=null | op=WRITE_CHUNK {blockData=conID: 1 locID: 102739175693877782 bcsId: 2764} | ret=SUCCESS |  
2019-09-05 09:23:30,445 | INFO  | DNAudit | user=null | ip=null | op=WRITE_CHUNK {blockData=conID: 1 locID: 102739175693877782 bcsId: 2764} | ret=SUCCESS |  
2019-09-05 09:23:30,446 | INFO  | DNAudit | user=null | ip=null | op=PUT_BLOCK {blockData=[blockId=conID: 1 locID: 102739175693877782 bcsId: 0,size=4194304]} | ret=SUCCESS |  
2019-09-05 09:23:30,446 [grpc-default-executor-3] INFO  client.GrpcClientProtocolClient (GrpcClientProtocolClient.java:onNext(255)) - client-969FB6DA8C9A->4fcc8d53-44cb-4faf-b915-5afa0c7529d4: receive RaftClientReply:client-969FB6DA8C9A->4fcc8d53-44cb-4faf-b915-5afa0c7529d4@group-6A615BAE1DD1, cid=1912, SUCCESS, logIndex=2767, commits[4fcc8d53-44cb-4faf-b915-5afa0c7529d4:c2768, 48aa5eb4-709c-4003-adb5-fbc02723cd23:c2764, 609a8cf1-6ad3-4123-b94a-106ad93148a8:c2764]
2019-09-05 09:23:30,446 [grpc-default-executor-3] INFO  client.GrpcClientProtocolClient (GrpcClientProtocolClient.java:onNext(255)) - client-969FB6DA8C9A->4fcc8d53-44cb-4faf-b915-5afa0c7529d4: receive RaftClientReply:client-969FB6DA8C9A->4fcc8d53-44cb-4faf-b915-5afa0c7529d4@group-6A615BAE1DD1, cid=1913, SUCCESS, logIndex=2768, commits[4fcc8d53-44cb-4faf-b915-5afa0c7529d4:c2768, 48aa5eb4-709c-4003-adb5-fbc02723cd23:c2764, 609a8cf1-6ad3-4123-b94a-106ad93148a8:c2764]
2019-09-05 09:23:30,455 | INFO  | DNAudit | user=null | ip=null | op=WRITE_CHUNK {blockData=conID: 1 locID: 102739175693877782 bcsId: 2764} | ret=SUCCESS |  
2019-09-05 09:23:30,455 | INFO  | DNAudit | user=null | ip=null | op=WRITE_CHUNK {blockData=conID: 1 locID: 102739175693877782 bcsId: 2764} | ret=SUCCESS |  
2019-09-05 09:23:30,455 | INFO  | DNAudit | user=null | ip=null | op=PUT_BLOCK {blockData=[blockId=conID: 1 locID: 102739175693877782 bcsId: 0,size=4194304]} | ret=SUCCESS |  
2019-09-05 09:23:30,455 | INFO  | DNAudit | user=null | ip=null | op=PUT_BLOCK {blockData=[blockId=conID: 1 locID: 102739175693877782 bcsId: 0,size=4194304]} | ret=SUCCESS |  
2019-09-05 09:23:30,455 [grpc-default-executor-5] INFO  client.GrpcClientProtocolClient (GrpcClientProtocolClient.java:onNext(255)) - client-969FB6DA8C9A->4fcc8d53-44cb-4faf-b915-5afa0c7529d4: receive RaftClientReply:client-969FB6DA8C9A->4fcc8d53-44cb-4faf-b915-5afa0c7529d4@group-6A615BAE1DD1, cid=1914, SUCCESS, logIndex=0, commits[4fcc8d53-44cb-4faf-b915-5afa0c7529d4:c2769, 48aa5eb4-709c-4003-adb5-fbc02723cd23:c2768, 609a8cf1-6ad3-4123-b94a-106ad93148a8:c2768]
2019-09-05 09:23:30,459 | INFO  | SCMAudit | user=jenkins1000 | ip=192.168.36.69 | op=ALLOCATE_BLOCK {owner=5cf4fcf6-c517-45f4-af25-2fff646d8883, size=4194304, type=RATIS, factor=THREE} | ret=SUCCESS |  
2019-09-05 09:23:30,461 | INFO  | OMAudit | user=jenkins1000 | ip=127.0.0.1 | op=ALLOCATE_BLOCK {volume=vol-0-13331, bucket=bucket-0-43606, key=key-0-76526, dataSize=0, replicationType=null, replicationFactor=null, keyLocationInfo=null, clientID=102739173903106450} | ret=SUCCESS |  
2019-09-05 09:23:30,467 | INFO  | DNAudit | user=null | ip=null | op=WRITE_CHUNK {blockData=conID: 2 locID: 102739175699841559 bcsId: 0} | ret=SUCCESS |  
2019-09-05 09:23:30,469 | INFO  | DNAudit | user=null | ip=null | op=WRITE_CHUNK {blockData=conID: 2 locID: 102739175699841559 bcsId: 0} | ret=SUCCESS |  
2019-09-05 09:23:30,469 | INFO  | DNAudit | user=null | ip=null | op=WRITE_CHUNK {blockData=conID: 2 locID: 102739175699841559 bcsId: 0} | ret=SUCCESS |  
2019-09-05 09:23:30,470 | INFO  | DNAudit | user=null | ip=null | op=WRITE_CHUNK {blockData=conID: 2 locID: 102739175699841559 bcsId: 0} | ret=SUCCESS |  
2019-09-05 09:23:30,471 | INFO  | DNAudit | user=null | ip=null | op=WRITE_CHUNK {blockData=conID: 2 locID: 102739175699841559 bcsId: 0} | ret=SUCCESS |  
2019-09-05 09:23:30,471 | INFO  | DNAudit | user=null | ip=null | op=WRITE_CHUNK {blockData=conID: 2 locID: 102739175699841559 bcsId: 0} | ret=SUCCESS |  
2019-09-05 09:23:30,486 | INFO  | DNAudit | user=null | ip=null | op=WRITE_CHUNK {blockData=conID: 2 locID: 102739175699841559 bcsId: 0} | ret=SUCCESS |  
2019-09-05 09:23:30,486 | INFO  | DNAudit | user=null | ip=null | op=PUT_BLOCK {blockData=[blockId=conID: 2 locID: 102739175699841559 bcsId: 0,size=1048576]} | ret=SUCCESS |  
2019-09-05 09:23:30,486 [grpc-default-executor-2] INFO  client.GrpcClientProtocolClient (GrpcClientProtocolClient.java:onNext(255)) - client-969FB6DA8C9A->4fcc8d53-44cb-4faf-b915-5afa0c7529d4: receive RaftClientReply:client-969FB6DA8C9A->4fcc8d53-44cb-4faf-b915-5afa0c7529d4@group-6A615BAE1DD1, cid=1915, SUCCESS, logIndex=2771, commits[4fcc8d53-44cb-4faf-b915-5afa0c7529d4:c2772, 48aa5eb4-709c-4003-adb5-fbc02723cd23:c2770, 609a8cf1-6ad3-4123-b94a-106ad93148a8:c2770]
2019-09-05 09:23:30,486 | INFO  | DNAudit | user=null | ip=null | op=WRITE_CHUNK {blockData=conID: 2 locID: 102739175699841559 bcsId: 0} | ret=SUCCESS |  
2019-09-05 09:23:30,487 [grpc-default-executor-2] INFO  client.GrpcClientProtocolClient (GrpcClientProtocolClient.java:onNext(255)) - client-969FB6DA8C9A->4fcc8d53-44cb-4faf-b915-5afa0c7529d4: receive RaftClientReply:client-969FB6DA8C9A->4fcc8d53-44cb-4faf-b915-5afa0c7529d4@group-6A615BAE1DD1, cid=1916, SUCCESS, logIndex=2772, commits[4fcc8d53-44cb-4faf-b915-5afa0c7529d4:c2774, 48aa5eb4-709c-4003-adb5-fbc02723cd23:c2770, 609a8cf1-6ad3-4123-b94a-106ad93148a8:c2770]
2019-09-05 09:23:30,487 | INFO  | DNAudit | user=null | ip=null | op=PUT_BLOCK {blockData=[blockId=conID: 2 locID: 102739175699841559 bcsId: 0,size=2097152]} | ret=SUCCESS |  
2019-09-05 09:23:30,487 [grpc-default-executor-2] INFO  client.GrpcClientProtocolClient (GrpcClientProtocolClient.java:onNext(255)) - client-969FB6DA8C9A->4fcc8d53-44cb-4faf-b915-5afa0c7529d4: receive RaftClientReply:client-969FB6DA8C9A->4fcc8d53-44cb-4faf-b915-5afa0c7529d4@group-6A615BAE1DD1, cid=1917, SUCCESS, logIndex=2773, commits[4fcc8d53-44cb-4faf-b915-5afa0c7529d4:c2774, 48aa5eb4-709c-4003-adb5-fbc02723cd23:c2770, 609a8cf1-6ad3-4123-b94a-106ad93148a8:c2770]
2019-09-05 09:23:30,487 [grpc-default-executor-2] INFO  client.GrpcClientProtocolClient (GrpcClientProtocolClient.java:onNext(255)) - client-969FB6DA8C9A->4fcc8d53-44cb-4faf-b915-5afa0c7529d4: receive RaftClientReply:client-969FB6DA8C9A->4fcc8d53-44cb-4faf-b915-5afa0c7529d4@group-6A615BAE1DD1, cid=1918, SUCCESS, logIndex=2774, commits[4fcc8d53-44cb-4faf-b915-5afa0c7529d4:c2774, 48aa5eb4-709c-4003-adb5-fbc02723cd23:c2770, 609a8cf1-6ad3-4123-b94a-106ad93148a8:c2770]
2019-09-05 09:23:30,497 | INFO  | DNAudit | user=null | ip=null | op=WRITE_CHUNK {blockData=conID: 2 locID: 102739175699841559 bcsId: 0} | ret=SUCCESS |  
2019-09-05 09:23:30,498 | INFO  | DNAudit | user=null | ip=null | op=WRITE_CHUNK {blockData=conID: 2 locID: 102739175699841559 bcsId: 0} | ret=SUCCESS |  
2019-09-05 09:23:30,498 | INFO  | DNAudit | user=null | ip=null | op=PUT_BLOCK {blockData=[blockId=conID: 2 locID: 102739175699841559 bcsId: 0,size=1048576]} | ret=SUCCESS |  
2019-09-05 09:23:30,498 | INFO  | DNAudit | user=null | ip=null | op=PUT_BLOCK {blockData=[blockId=conID: 2 locID: 102739175699841559 bcsId: 0,size=1048576]} | ret=SUCCESS |  
2019-09-05 09:23:30,499 | INFO  | DNAudit | user=null | ip=null | op=WRITE_CHUNK {blockData=conID: 2 locID: 102739175699841559 bcsId: 0} | ret=SUCCESS |  
2019-09-05 09:23:30,499 | INFO  | DNAudit | user=null | ip=null | op=WRITE_CHUNK {blockData=conID: 2 locID: 102739175699841559 bcsId: 0} | ret=SUCCESS |  
2019-09-05 09:23:30,499 | INFO  | DNAudit | user=null | ip=null | op=PUT_BLOCK {blockData=[blockId=conID: 2 locID: 102739175699841559 bcsId: 0,size=2097152]} | ret=SUCCESS |  
2019-09-05 09:23:30,499 | INFO  | DNAudit | user=null | ip=null | op=PUT_BLOCK {blockData=[blockId=conID: 2 locID: 102739175699841559 bcsId: 0,size=2097152]} | ret=SUCCESS |  
2019-09-05 09:23:30,499 [grpc-default-executor-2] INFO  client.GrpcClientProtocolClient (GrpcClientProtocolClient.java:onNext(255)) - client-969FB6DA8C9A->4fcc8d53-44cb-4faf-b915-5afa0c7529d4: receive RaftClientReply:client-969FB6DA8C9A->4fcc8d53-44cb-4faf-b915-5afa0c7529d4@group-6A615BAE1DD1, cid=1919, SUCCESS, logIndex=0, commits[4fcc8d53-44cb-4faf-b915-5afa0c7529d4:c2777, 48aa5eb4-709c-4003-adb5-fbc02723cd23:c2774, 609a8cf1-6ad3-4123-b94a-106ad93148a8:c2772]
2019-09-05 09:23:30,504 | INFO  | DNAudit | user=null | ip=null | op=WRITE_CHUNK {blockData=conID: 2 locID: 102739175699841559 bcsId: 2774} | ret=SUCCESS |  
2019-09-05 09:23:30,506 | INFO  | DNAudit | user=null | ip=null | op=WRITE_CHUNK {blockData=conID: 2 locID: 102739175699841559 bcsId: 2774} | ret=SUCCESS |  
2019-09-05 09:23:30,507 | INFO  | DNAudit | user=null | ip=null | op=WRITE_CHUNK {blockData=conID: 2 locID: 102739175699841559 bcsId: 2774} | ret=SUCCESS |  
2019-09-05 09:23:30,519 | INFO  | DNAudit | user=null | ip=null | op=WRITE_CHUNK {blockData=conID: 2 locID: 102739175699841559 bcsId: 2774} | ret=SUCCESS |  
2019-09-05 09:23:30,519 | INFO  | DNAudit | user=null | ip=null | op=PUT_BLOCK {blockData=[blockId=conID: 2 locID: 102739175699841559 bcsId: 0,size=3145728]} | ret=SUCCESS |  
2019-09-05 09:23:30,519 [grpc-default-executor-3] INFO  client.GrpcClientProtocolClient (GrpcClientProtocolClient.java:onNext(255)) - client-969FB6DA8C9A->4fcc8d53-44cb-4faf-b915-5afa0c7529d4: receive RaftClientReply:client-969FB6DA8C9A->4fcc8d53-44cb-4faf-b915-5afa0c7529d4@group-6A615BAE1DD1, cid=1920, SUCCESS, logIndex=2778, commits[4fcc8d53-44cb-4faf-b915-5afa0c7529d4:c2779, 48aa5eb4-709c-4003-adb5-fbc02723cd23:c2777, 609a8cf1-6ad3-4123-b94a-106ad93148a8:c2777]
2019-09-05 09:23:30,519 [grpc-default-executor-3] INFO  client.GrpcClientProtocolClient (GrpcClientProtocolClient.java:onNext(255)) - client-969FB6DA8C9A->4fcc8d53-44cb-4faf-b915-5afa0c7529d4: receive RaftClientReply:client-969FB6DA8C9A->4fcc8d53-44cb-4faf-b915-5afa0c7529d4@group-6A615BAE1DD1, cid=1921, SUCCESS, logIndex=2779, commits[4fcc8d53-44cb-4faf-b915-5afa0c7529d4:c2779, 48aa5eb4-709c-4003-adb5-fbc02723cd23:c2777, 609a8cf1-6ad3-4123-b94a-106ad93148a8:c2777]
2019-09-05 09:23:30,525 | INFO  | DNAudit | user=null | ip=null | op=WRITE_CHUNK {blockData=conID: 2 locID: 102739175699841559 bcsId: 2779} | ret=SUCCESS |  
2019-09-05 09:23:30,527 | INFO  | DNAudit | user=null | ip=null | op=WRITE_CHUNK {blockData=conID: 2 locID: 102739175699841559 bcsId: 2779} | ret=SUCCESS |  
2019-09-05 09:23:30,527 | INFO  | DNAudit | user=null | ip=null | op=WRITE_CHUNK {blockData=conID: 2 locID: 102739175699841559 bcsId: 2779} | ret=SUCCESS |  
2019-09-05 09:23:30,540 | INFO  | DNAudit | user=null | ip=null | op=WRITE_CHUNK {blockData=conID: 2 locID: 102739175699841559 bcsId: 2774} | ret=SUCCESS |  
2019-09-05 09:23:30,540 | INFO  | DNAudit | user=null | ip=null | op=WRITE_CHUNK {blockData=conID: 2 locID: 102739175699841559 bcsId: 2774} | ret=SUCCESS |  
2019-09-05 09:23:30,540 | INFO  | DNAudit | user=null | ip=null | op=PUT_BLOCK {blockData=[blockId=conID: 2 locID: 102739175699841559 bcsId: 0,size=3145728]} | ret=SUCCESS |  
2019-09-05 09:23:30,540 | INFO  | DNAudit | user=null | ip=null | op=PUT_BLOCK {blockData=[blockId=conID: 2 locID: 102739175699841559 bcsId: 0,size=3145728]} | ret=SUCCESS |  
2019-09-05 09:23:30,541 | INFO  | DNAudit | user=null | ip=null | op=WRITE_CHUNK {blockData=conID: 2 locID: 102739175699841559 bcsId: 2779} | ret=SUCCESS |  
2019-09-05 09:23:30,542 | INFO  | DNAudit | user=null | ip=null | op=PUT_BLOCK {blockData=[blockId=conID: 2 locID: 102739175699841559 bcsId: 0,size=4194304]} | ret=SUCCESS |  
2019-09-05 09:23:30,542 [grpc-default-executor-3] INFO  client.GrpcClientProtocolClient (GrpcClientProtocolClient.java:onNext(255)) - client-969FB6DA8C9A->4fcc8d53-44cb-4faf-b915-5afa0c7529d4: receive RaftClientReply:client-969FB6DA8C9A->4fcc8d53-44cb-4faf-b915-5afa0c7529d4@group-6A615BAE1DD1, cid=1922, SUCCESS, logIndex=2782, commits[4fcc8d53-44cb-4faf-b915-5afa0c7529d4:c2783, 48aa5eb4-709c-4003-adb5-fbc02723cd23:c2779, 609a8cf1-6ad3-4123-b94a-106ad93148a8:c2779]
2019-09-05 09:23:30,542 [grpc-default-executor-3] INFO  client.GrpcClientProtocolClient (GrpcClientProtocolClient.java:onNext(255)) - client-969FB6DA8C9A->4fcc8d53-44cb-4faf-b915-5afa0c7529d4: receive RaftClientReply:client-969FB6DA8C9A->4fcc8d53-44cb-4faf-b915-5afa0c7529d4@group-6A615BAE1DD1, cid=1923, SUCCESS, logIndex=2783, commits[4fcc8d53-44cb-4faf-b915-5afa0c7529d4:c2783, 48aa5eb4-709c-4003-adb5-fbc02723cd23:c2779, 609a8cf1-6ad3-4123-b94a-106ad93148a8:c2779]
2019-09-05 09:23:30,554 | INFO  | DNAudit | user=null | ip=null | op=WRITE_CHUNK {blockData=conID: 2 locID: 102739175699841559 bcsId: 2779} | ret=SUCCESS |  
2019-09-05 09:23:30,554 | INFO  | DNAudit | user=null | ip=null | op=WRITE_CHUNK {blockData=conID: 2 locID: 102739175699841559 bcsId: 2779} | ret=SUCCESS |  
2019-09-05 09:23:30,554 | INFO  | DNAudit | user=null | ip=null | op=PUT_BLOCK {blockData=[blockId=conID: 2 locID: 102739175699841559 bcsId: 0,size=4194304]} | ret=SUCCESS |  
2019-09-05 09:23:30,554 | INFO  | DNAudit | user=null | ip=null | op=PUT_BLOCK {blockData=[blockId=conID: 2 locID: 102739175699841559 bcsId: 0,size=4194304]} | ret=SUCCESS |  
2019-09-05 09:23:30,554 [grpc-default-executor-3] INFO  client.GrpcClientProtocolClient (GrpcClientProtocolClient.java:onNext(255)) - client-969FB6DA8C9A->4fcc8d53-44cb-4faf-b915-5afa0c7529d4: receive RaftClientReply:client-969FB6DA8C9A->4fcc8d53-44cb-4faf-b915-5afa0c7529d4@group-6A615BAE1DD1, cid=1924, SUCCESS, logIndex=0, commits[4fcc8d53-44cb-4faf-b915-5afa0c7529d4:c2784, 48aa5eb4-709c-4003-adb5-fbc02723cd23:c2783, 609a8cf1-6ad3-4123-b94a-106ad93148a8:c2783]
2019-09-05 09:23:30,558 | INFO  | SCMAudit | user=jenkins1000 | ip=192.168.36.69 | op=ALLOCATE_BLOCK {owner=5cf4fcf6-c517-45f4-af25-2fff646d8883, size=4194304, type=RATIS, factor=THREE} | ret=SUCCESS |  
2019-09-05 09:23:30,560 | INFO  | OMAudit | user=jenkins1000 | ip=127.0.0.1 | op=ALLOCATE_BLOCK {volume=vol-0-13331, bucket=bucket-0-43606, key=key-0-76526, dataSize=0, replicationType=null, replicationFactor=null, keyLocationInfo=null, clientID=102739173903106450} | ret=SUCCESS |  
2019-09-05 09:23:30,566 | INFO  | DNAudit | user=null | ip=null | op=WRITE_CHUNK {blockData=conID: 3 locID: 102739175706329624 bcsId: 0} | ret=SUCCESS |  
2019-09-05 09:23:30,568 | INFO  | DNAudit | user=null | ip=null | op=WRITE_CHUNK {blockData=conID: 3 locID: 102739175706329624 bcsId: 0} | ret=SUCCESS |  
2019-09-05 09:23:30,569 | INFO  | DNAudit | user=null | ip=null | op=WRITE_CHUNK {blockData=conID: 3 locID: 102739175706329624 bcsId: 0} | ret=SUCCESS |  
2019-09-05 09:23:30,569 | INFO  | DNAudit | user=null | ip=null | op=WRITE_CHUNK {blockData=conID: 3 locID: 102739175706329624 bcsId: 0} | ret=SUCCESS |  
2019-09-05 09:23:30,571 | INFO  | DNAudit | user=null | ip=null | op=WRITE_CHUNK {blockData=conID: 3 locID: 102739175706329624 bcsId: 0} | ret=SUCCESS |  
2019-09-05 09:23:30,571 | INFO  | DNAudit | user=null | ip=null | op=WRITE_CHUNK {blockData=conID: 3 locID: 102739175706329624 bcsId: 0} | ret=SUCCESS |  
2019-09-05 09:23:30,581 | INFO  | DNAudit | user=null | ip=null | op=WRITE_CHUNK {blockData=conID: 3 locID: 102739175706329624 bcsId: 0} | ret=SUCCESS |  
2019-09-05 09:23:30,581 | INFO  | DNAudit | user=null | ip=null | op=PUT_BLOCK {blockData=[blockId=conID: 3 locID: 102739175706329624 bcsId: 0,size=1048576]} | ret=SUCCESS |  
2019-09-05 09:23:30,582 [grpc-default-executor-2] INFO  client.GrpcClientProtocolClient (GrpcClientProtocolClient.java:onNext(255)) - client-969FB6DA8C9A->4fcc8d53-44cb-4faf-b915-5afa0c7529d4: receive RaftClientReply:client-969FB6DA8C9A->4fcc8d53-44cb-4faf-b915-5afa0c7529d4@group-6A615BAE1DD1, cid=1925, SUCCESS, logIndex=2786, commits[4fcc8d53-44cb-4faf-b915-5afa0c7529d4:c2787, 48aa5eb4-709c-4003-adb5-fbc02723cd23:c2785, 609a8cf1-6ad3-4123-b94a-106ad93148a8:c2785]
2019-09-05 09:23:30,582 | INFO  | DNAudit | user=null | ip=null | op=WRITE_CHUNK {blockData=conID: 3 locID: 102739175706329624 bcsId: 0} | ret=SUCCESS |  
2019-09-05 09:23:30,582 [grpc-default-executor-3] INFO  client.GrpcClientProtocolClient (GrpcClientProtocolClient.java:onNext(255)) - client-969FB6DA8C9A->4fcc8d53-44cb-4faf-b915-5afa0c7529d4: receive RaftClientReply:client-969FB6DA8C9A->4fcc8d53-44cb-4faf-b915-5afa0c7529d4@group-6A615BAE1DD1, cid=1926, SUCCESS, logIndex=2787, commits[4fcc8d53-44cb-4faf-b915-5afa0c7529d4:c2787, 48aa5eb4-709c-4003-adb5-fbc02723cd23:c2785, 609a8cf1-6ad3-4123-b94a-106ad93148a8:c2785]
2019-09-05 09:23:30,582 | INFO  | DNAudit | user=null | ip=null | op=PUT_BLOCK {blockData=[blockId=conID: 3 locID: 102739175706329624 bcsId: 0,size=2097152]} | ret=SUCCESS |  
2019-09-05 09:23:30,583 [grpc-default-executor-5] INFO  client.GrpcClientProtocolClient (GrpcClientProtocolClient.java:onNext(255)) - client-969FB6DA8C9A->4fcc8d53-44cb-4faf-b915-5afa0c7529d4: receive RaftClientReply:client-969FB6DA8C9A->4fcc8d53-44cb-4faf-b915-5afa0c7529d4@group-6A615BAE1DD1, cid=1927, SUCCESS, logIndex=2788, commits[4fcc8d53-44cb-4faf-b915-5afa0c7529d4:c2789, 48aa5eb4-709c-4003-adb5-fbc02723cd23:c2785, 609a8cf1-6ad3-4123-b94a-106ad93148a8:c2785]
2019-09-05 09:23:30,583 [grpc-default-executor-5] INFO  client.GrpcClientProtocolClient (GrpcClientProtocolClient.java:onNext(255)) - client-969FB6DA8C9A->4fcc8d53-44cb-4faf-b915-5afa0c7529d4: receive RaftClientReply:client-969FB6DA8C9A->4fcc8d53-44cb-4faf-b915-5afa0c7529d4@group-6A615BAE1DD1, cid=1928, SUCCESS, logIndex=2789, commits[4fcc8d53-44cb-4faf-b915-5afa0c7529d4:c2789, 48aa5eb4-709c-4003-adb5-fbc02723cd23:c2785, 609a8cf1-6ad3-4123-b94a-106ad93148a8:c2785]
2019-09-05 09:23:30,583 | INFO  | DNAudit | user=null | ip=null | op=WRITE_CHUNK {blockData=conID: 3 locID: 102739175706329624 bcsId: 0} | ret=SUCCESS |  
2019-09-05 09:23:30,583 | INFO  | DNAudit | user=null | ip=null | op=PUT_BLOCK {blockData=[blockId=conID: 3 locID: 102739175706329624 bcsId: 0,size=1048576]} | ret=SUCCESS |  
2019-09-05 09:23:30,584 | INFO  | DNAudit | user=null | ip=null | op=WRITE_CHUNK {blockData=conID: 3 locID: 102739175706329624 bcsId: 0} | ret=SUCCESS |  
2019-09-05 09:23:30,584 | INFO  | DNAudit | user=null | ip=null | op=PUT_BLOCK {blockData=[blockId=conID: 3 locID: 102739175706329624 bcsId: 0,size=1048576]} | ret=SUCCESS |  
2019-09-05 09:23:30,584 | INFO  | DNAudit | user=null | ip=null | op=WRITE_CHUNK {blockData=conID: 3 locID: 102739175706329624 bcsId: 0} | ret=SUCCESS |  
2019-09-05 09:23:30,584 | INFO  | DNAudit | user=null | ip=null | op=PUT_BLOCK {blockData=[blockId=conID: 3 locID: 102739175706329624 bcsId: 0,size=2097152]} | ret=SUCCESS |  
2019-09-05 09:23:30,584 | INFO  | DNAudit | user=null | ip=null | op=WRITE_CHUNK {blockData=conID: 3 locID: 102739175706329624 bcsId: 0} | ret=SUCCESS |  
2019-09-05 09:23:30,584 [grpc-default-executor-2] INFO  client.GrpcClientProtocolClient (GrpcClientProtocolClient.java:onNext(255)) - client-969FB6DA8C9A->4fcc8d53-44cb-4faf-b915-5afa0c7529d4: receive RaftClientReply:client-969FB6DA8C9A->4fcc8d53-44cb-4faf-b915-5afa0c7529d4@group-6A615BAE1DD1, cid=1929, SUCCESS, logIndex=0, commits[4fcc8d53-44cb-4faf-b915-5afa0c7529d4:c2791, 48aa5eb4-709c-4003-adb5-fbc02723cd23:c2787, 609a8cf1-6ad3-4123-b94a-106ad93148a8:c2787]
2019-09-05 09:23:30,585 | INFO  | DNAudit | user=null | ip=null | op=PUT_BLOCK {blockData=[blockId=conID: 3 locID: 102739175706329624 bcsId: 0,size=2097152]} | ret=SUCCESS |  
2019-09-05 09:23:30,590 | INFO  | DNAudit | user=null | ip=null | op=WRITE_CHUNK {blockData=conID: 3 locID: 102739175706329624 bcsId: 2789} | ret=SUCCESS |  
2019-09-05 09:23:30,593 | INFO  | DNAudit | user=null | ip=null | op=WRITE_CHUNK {blockData=conID: 3 locID: 102739175706329624 bcsId: 2789} | ret=SUCCESS |  
2019-09-05 09:23:30,593 | INFO  | DNAudit | user=null | ip=null | op=WRITE_CHUNK {blockData=conID: 3 locID: 102739175706329624 bcsId: 2789} | ret=SUCCESS |  
2019-09-05 09:23:30,614 | INFO  | SCMAudit | user=jenkins1000 | ip=192.168.36.69 | op=SEND_HEARTBEAT {datanodeUUID=fe9e29a7-51ad-458f-9e11-f615da290baa, command=[]} | ret=SUCCESS |  
2019-09-05 09:23:30,695 | INFO  | DNAudit | user=null | ip=null | op=WRITE_CHUNK {blockData=conID: 3 locID: 102739175706329624 bcsId: 2789} | ret=SUCCESS |  
2019-09-05 09:23:30,696 | INFO  | DNAudit | user=null | ip=null | op=PUT_BLOCK {blockData=[blockId=conID: 3 locID: 102739175706329624 bcsId: 0,size=3145728]} | ret=SUCCESS |  
2019-09-05 09:23:30,696 [grpc-default-executor-3] INFO  client.GrpcClientProtocolClient (GrpcClientProtocolClient.java:onNext(255)) - client-969FB6DA8C9A->4fcc8d53-44cb-4faf-b915-5afa0c7529d4: receive RaftClientReply:client-969FB6DA8C9A->4fcc8d53-44cb-4faf-b915-5afa0c7529d4@group-6A615BAE1DD1, cid=1930, SUCCESS, logIndex=2794, commits[4fcc8d53-44cb-4faf-b915-5afa0c7529d4:c2795, 48aa5eb4-709c-4003-adb5-fbc02723cd23:c2793, 609a8cf1-6ad3-4123-b94a-106ad93148a8:c2793]
2019-09-05 09:23:30,696 [grpc-default-executor-3] INFO  client.GrpcClientProtocolClient (GrpcClientProtocolClient.java:onNext(255)) - client-969FB6DA8C9A->4fcc8d53-44cb-4faf-b915-5afa0c7529d4: receive RaftClientReply:client-969FB6DA8C9A->4fcc8d53-44cb-4faf-b915-5afa0c7529d4@group-6A615BAE1DD1, cid=1931, SUCCESS, logIndex=2795, commits[4fcc8d53-44cb-4faf-b915-5afa0c7529d4:c2795, 48aa5eb4-709c-4003-adb5-fbc02723cd23:c2793, 609a8cf1-6ad3-4123-b94a-106ad93148a8:c2793]
2019-09-05 09:23:30,702 | INFO  | DNAudit | user=null | ip=null | op=WRITE_CHUNK {blockData=conID: 3 locID: 102739175706329624 bcsId: 2789} | ret=SUCCESS |  
2019-09-05 09:23:30,702 | INFO  | DNAudit | user=null | ip=null | op=WRITE_CHUNK {blockData=conID: 3 locID: 102739175706329624 bcsId: 2789} | ret=SUCCESS |  
2019-09-05 09:23:30,704 | INFO  | DNAudit | user=null | ip=null | op=WRITE_CHUNK {blockData=conID: 3 locID: 102739175706329624 bcsId: 2795} | ret=SUCCESS |  
2019-09-05 09:23:30,706 | INFO  | DNAudit | user=null | ip=null | op=WRITE_CHUNK {blockData=conID: 3 locID: 102739175706329624 bcsId: 2795} | ret=SUCCESS |  
2019-09-05 09:23:30,707 | INFO  | DNAudit | user=null | ip=null | op=WRITE_CHUNK {blockData=conID: 3 locID: 102739175706329624 bcsId: 2795} | ret=SUCCESS |  
2019-09-05 09:23:30,716 | INFO  | DNAudit | user=null | ip=null | op=PUT_BLOCK {blockData=[blockId=conID: 3 locID: 102739175706329624 bcsId: 0,size=3145728]} | ret=SUCCESS |  
2019-09-05 09:23:30,716 | INFO  | DNAudit | user=null | ip=null | op=PUT_BLOCK {blockData=[blockId=conID: 3 locID: 102739175706329624 bcsId: 0,size=3145728]} | ret=SUCCESS |  
2019-09-05 09:23:30,718 | INFO  | DNAudit | user=null | ip=null | op=WRITE_CHUNK {blockData=conID: 3 locID: 102739175706329624 bcsId: 2795} | ret=SUCCESS |  
2019-09-05 09:23:30,718 | INFO  | DNAudit | user=null | ip=null | op=PUT_BLOCK {blockData=[blockId=conID: 3 locID: 102739175706329624 bcsId: 0,size=4194304]} | ret=SUCCESS |  
2019-09-05 09:23:30,718 [grpc-default-executor-2] INFO  client.GrpcClientProtocolClient (GrpcClientProtocolClient.java:onNext(255)) - client-969FB6DA8C9A->4fcc8d53-44cb-4faf-b915-5afa0c7529d4: receive RaftClientReply:client-969FB6DA8C9A->4fcc8d53-44cb-4faf-b915-5afa0c7529d4@group-6A615BAE1DD1, cid=1932, SUCCESS, logIndex=2798, commits[4fcc8d53-44cb-4faf-b915-5afa0c7529d4:c2799, 48aa5eb4-709c-4003-adb5-fbc02723cd23:c2795, 609a8cf1-6ad3-4123-b94a-106ad93148a8:c2796]
2019-09-05 09:23:30,719 [grpc-default-executor-2] INFO  client.GrpcClientProtocolClient (GrpcClientProtocolClient.java:onNext(255)) - client-969FB6DA8C9A->4fcc8d53-44cb-4faf-b915-5afa0c7529d4: receive RaftClientReply:client-969FB6DA8C9A->4fcc8d53-44cb-4faf-b915-5afa0c7529d4@group-6A615BAE1DD1, cid=1933, SUCCESS, logIndex=2799, commits[4fcc8d53-44cb-4faf-b915-5afa0c7529d4:c2799, 48aa5eb4-709c-4003-adb5-fbc02723cd23:c2796, 609a8cf1-6ad3-4123-b94a-106ad93148a8:c2796]
2019-09-05 09:23:30,735 | INFO  | DNAudit | user=null | ip=null | op=WRITE_CHUNK {blockData=conID: 3 locID: 102739175706329624 bcsId: 2795} | ret=SUCCESS |  
2019-09-05 09:23:30,735 | INFO  | DNAudit | user=null | ip=null | op=WRITE_CHUNK {blockData=conID: 3 locID: 102739175706329624 bcsId: 2795} | ret=SUCCESS |  
2019-09-05 09:23:30,736 | INFO  | DNAudit | user=null | ip=null | op=PUT_BLOCK {blockData=[blockId=conID: 3 locID: 102739175706329624 bcsId: 0,size=4194304]} | ret=SUCCESS |  
2019-09-05 09:23:30,736 | INFO  | DNAudit | user=null | ip=null | op=PUT_BLOCK {blockData=[blockId=conID: 3 locID: 102739175706329624 bcsId: 0,size=4194304]} | ret=SUCCESS |  
2019-09-05 09:23:30,737 [grpc-default-executor-5] INFO  client.GrpcClientProtocolClient (GrpcClientProtocolClient.java:onNext(255)) - client-969FB6DA8C9A->4fcc8d53-44cb-4faf-b915-5afa0c7529d4: receive RaftClientReply:client-969FB6DA8C9A->4fcc8d53-44cb-4faf-b915-5afa0c7529d4@group-6A615BAE1DD1, cid=1934, SUCCESS, logIndex=0, commits[4fcc8d53-44cb-4faf-b915-5afa0c7529d4:c2800, 48aa5eb4-709c-4003-adb5-fbc02723cd23:c2799, 609a8cf1-6ad3-4123-b94a-106ad93148a8:c2799]
2019-09-05 09:23:30,742 | INFO  | SCMAudit | user=jenkins1000 | ip=192.168.36.69 | op=ALLOCATE_BLOCK {owner=5cf4fcf6-c517-45f4-af25-2fff646d8883, size=4194304, type=RATIS, factor=THREE} | ret=SUCCESS |  
2019-09-05 09:23:30,745 | INFO  | OMAudit | user=jenkins1000 | ip=127.0.0.1 | op=ALLOCATE_BLOCK {volume=vol-0-13331, bucket=bucket-0-43606, key=key-0-76526, dataSize=0, replicationType=null, replicationFactor=null, keyLocationInfo=null, clientID=102739173903106450} | ret=SUCCESS |  
2019-09-05 09:23:30,752 | INFO  | DNAudit | user=null | ip=null | op=WRITE_CHUNK {blockData=conID: 1 locID: 102739175718388249 bcsId: 0} | ret=SUCCESS |  
2019-09-05 09:23:30,755 | INFO  | DNAudit | user=null | ip=null | op=WRITE_CHUNK {blockData=conID: 1 locID: 102739175718388249 bcsId: 0} | ret=SUCCESS |  
2019-09-05 09:23:30,755 | INFO  | DNAudit | user=null | ip=null | op=WRITE_CHUNK {blockData=conID: 1 locID: 102739175718388249 bcsId: 0} | ret=SUCCESS |  
2019-09-05 09:23:30,756 | INFO  | DNAudit | user=null | ip=null | op=WRITE_CHUNK {blockData=conID: 1 locID: 102739175718388249 bcsId: 0} | ret=SUCCESS |  
2019-09-05 09:23:30,757 | INFO  | DNAudit | user=null | ip=null | op=WRITE_CHUNK {blockData=conID: 1 locID: 102739175718388249 bcsId: 0} | ret=SUCCESS |  
2019-09-05 09:23:30,757 | INFO  | DNAudit | user=null | ip=null | op=WRITE_CHUNK {blockData=conID: 1 locID: 102739175718388249 bcsId: 0} | ret=SUCCESS |  
2019-09-05 09:23:30,769 | INFO  | DNAudit | user=null | ip=null | op=WRITE_CHUNK {blockData=conID: 1 locID: 102739175718388249 bcsId: 0} | ret=SUCCESS |  
2019-09-05 09:23:30,770 | INFO  | DNAudit | user=null | ip=null | op=PUT_BLOCK {blockData=[blockId=conID: 1 locID: 102739175718388249 bcsId: 0,size=1048576]} | ret=SUCCESS |  
2019-09-05 09:23:30,770 [grpc-default-executor-3] INFO  client.GrpcClientProtocolClient (GrpcClientProtocolClient.java:onNext(255)) - client-969FB6DA8C9A->4fcc8d53-44cb-4faf-b915-5afa0c7529d4: receive RaftClientReply:client-969FB6DA8C9A->4fcc8d53-44cb-4faf-b915-5afa0c7529d4@group-6A615BAE1DD1, cid=1935, SUCCESS, logIndex=2802, commits[4fcc8d53-44cb-4faf-b915-5afa0c7529d4:c2805, 48aa5eb4-709c-4003-adb5-fbc02723cd23:c2801, 609a8cf1-6ad3-4123-b94a-106ad93148a8:c2801]
2019-09-05 09:23:30,770 | INFO  | DNAudit | user=null | ip=null | op=WRITE_CHUNK {blockData=conID: 1 locID: 102739175718388249 bcsId: 0} | ret=SUCCESS |  
2019-09-05 09:23:30,771 [grpc-default-executor-3] INFO  client.GrpcClientProtocolClient (GrpcClientProtocolClient.java:onNext(255)) - client-969FB6DA8C9A->4fcc8d53-44cb-4faf-b915-5afa0c7529d4: receive RaftClientReply:client-969FB6DA8C9A->4fcc8d53-44cb-4faf-b915-5afa0c7529d4@group-6A615BAE1DD1, cid=1936, SUCCESS, logIndex=2803, commits[4fcc8d53-44cb-4faf-b915-5afa0c7529d4:c2805, 48aa5eb4-709c-4003-adb5-fbc02723cd23:c2801, 609a8cf1-6ad3-4123-b94a-106ad93148a8:c2801]
2019-09-05 09:23:30,771 | INFO  | DNAudit | user=null | ip=null | op=PUT_BLOCK {blockData=[blockId=conID: 1 locID: 102739175718388249 bcsId: 0,size=2097152]} | ret=SUCCESS |  
2019-09-05 09:23:30,771 [grpc-default-executor-3] INFO  client.GrpcClientProtocolClient (GrpcClientProtocolClient.java:onNext(255)) - client-969FB6DA8C9A->4fcc8d53-44cb-4faf-b915-5afa0c7529d4: receive RaftClientReply:client-969FB6DA8C9A->4fcc8d53-44cb-4faf-b915-5afa0c7529d4@group-6A615BAE1DD1, cid=1937, SUCCESS, logIndex=2804, commits[4fcc8d53-44cb-4faf-b915-5afa0c7529d4:c2805, 48aa5eb4-709c-4003-adb5-fbc02723cd23:c2801, 609a8cf1-6ad3-4123-b94a-106ad93148a8:c2801]
2019-09-05 09:23:30,771 [grpc-default-executor-3] INFO  client.GrpcClientProtocolClient (GrpcClientProtocolClient.java:onNext(255)) - client-969FB6DA8C9A->4fcc8d53-44cb-4faf-b915-5afa0c7529d4: receive RaftClientReply:client-969FB6DA8C9A->4fcc8d53-44cb-4faf-b915-5afa0c7529d4@group-6A615BAE1DD1, cid=1938, SUCCESS, logIndex=2805, commits[4fcc8d53-44cb-4faf-b915-5afa0c7529d4:c2805, 48aa5eb4-709c-4003-adb5-fbc02723cd23:c2801, 609a8cf1-6ad3-4123-b94a-106ad93148a8:c2801]
2019-09-05 09:23:30,785 | INFO  | DNAudit | user=null | ip=null | op=WRITE_CHUNK {blockData=conID: 1 locID: 102739175718388249 bcsId: 0} | ret=SUCCESS |  
2019-09-05 09:23:30,786 | INFO  | DNAudit | user=null | ip=null | op=PUT_BLOCK {blockData=[blockId=conID: 1 locID: 102739175718388249 bcsId: 0,size=1048576]} | ret=SUCCESS |  
2019-09-05 09:23:30,786 | INFO  | DNAudit | user=null | ip=null | op=WRITE_CHUNK {blockData=conID: 1 locID: 102739175718388249 bcsId: 0} | ret=SUCCESS |  
2019-09-05 09:23:30,786 | INFO  | DNAudit | user=null | ip=null | op=PUT_BLOCK {blockData=[blockId=conID: 1 locID: 102739175718388249 bcsId: 0,size=2097152]} | ret=SUCCESS |  
2019-09-05 09:23:30,786 | INFO  | DNAudit | user=null | ip=null | op=WRITE_CHUNK {blockData=conID: 1 locID: 102739175718388249 bcsId: 0} | ret=SUCCESS |  
2019-09-05 09:23:30,787 | INFO  | DNAudit | user=null | ip=null | op=PUT_BLOCK {blockData=[blockId=conID: 1 locID: 102739175718388249 bcsId: 0,size=1048576]} | ret=SUCCESS |  
2019-09-05 09:23:30,787 | INFO  | DNAudit | user=null | ip=null | op=WRITE_CHUNK {blockData=conID: 1 locID: 102739175718388249 bcsId: 0} | ret=SUCCESS |  
2019-09-05 09:23:30,787 | INFO  | DNAudit | user=null | ip=null | op=PUT_BLOCK {blockData=[blockId=conID: 1 locID: 102739175718388249 bcsId: 0,size=2097152]} | ret=SUCCESS |  
2019-09-05 09:23:30,787 [grpc-default-executor-2] INFO  client.GrpcClientProtocolClient (GrpcClientProtocolClient.java:onNext(255)) - client-969FB6DA8C9A->4fcc8d53-44cb-4faf-b915-5afa0c7529d4: receive RaftClientReply:client-969FB6DA8C9A->4fcc8d53-44cb-4faf-b915-5afa0c7529d4@group-6A615BAE1DD1, cid=1939, SUCCESS, logIndex=0, commits[4fcc8d53-44cb-4faf-b915-5afa0c7529d4:c2809, 48aa5eb4-709c-4003-adb5-fbc02723cd23:c2803, 609a8cf1-6ad3-4123-b94a-106ad93148a8:c2805]
2019-09-05 09:23:30,794 | INFO  | DNAudit | user=null | ip=null | op=WRITE_CHUNK {blockData=conID: 1 locID: 102739175718388249 bcsId: 2805} | ret=SUCCESS |  
2019-09-05 09:23:30,796 | INFO  | DNAudit | user=null | ip=null | op=WRITE_CHUNK {blockData=conID: 1 locID: 102739175718388249 bcsId: 2805} | ret=SUCCESS |  
2019-09-05 09:23:30,796 | INFO  | DNAudit | user=null | ip=null | op=WRITE_CHUNK {blockData=conID: 1 locID: 102739175718388249 bcsId: 2805} | ret=SUCCESS |  
2019-09-05 09:23:30,807 | INFO  | DNAudit | user=null | ip=null | op=WRITE_CHUNK {blockData=conID: 1 locID: 102739175718388249 bcsId: 2805} | ret=SUCCESS |  
2019-09-05 09:23:30,807 | INFO  | DNAudit | user=null | ip=null | op=PUT_BLOCK {blockData=[blockId=conID: 1 locID: 102739175718388249 bcsId: 0,size=3145728]} | ret=SUCCESS |  
2019-09-05 09:23:30,807 [grpc-default-executor-2] INFO  client.GrpcClientProtocolClient (GrpcClientProtocolClient.java:onNext(255)) - client-969FB6DA8C9A->4fcc8d53-44cb-4faf-b915-5afa0c7529d4: receive RaftClientReply:client-969FB6DA8C9A->4fcc8d53-44cb-4faf-b915-5afa0c7529d4@group-6A615BAE1DD1, cid=1940, SUCCESS, logIndex=2810, commits[4fcc8d53-44cb-4faf-b915-5afa0c7529d4:c2811, 48aa5eb4-709c-4003-adb5-fbc02723cd23:c2809, 609a8cf1-6ad3-4123-b94a-106ad93148a8:c2809]
2019-09-05 09:23:30,808 [grpc-default-executor-2] INFO  client.GrpcClientProtocolClient (GrpcClientProtocolClient.java:onNext(255)) - client-969FB6DA8C9A->4fcc8d53-44cb-4faf-b915-5afa0c7529d4: receive RaftClientReply:client-969FB6DA8C9A->4fcc8d53-44cb-4faf-b915-5afa0c7529d4@group-6A615BAE1DD1, cid=1941, SUCCESS, logIndex=2811, commits[4fcc8d53-44cb-4faf-b915-5afa0c7529d4:c2811, 48aa5eb4-709c-4003-adb5-fbc02723cd23:c2809, 609a8cf1-6ad3-4123-b94a-106ad93148a8:c2809]
2019-09-05 09:23:30,814 | INFO  | DNAudit | user=null | ip=null | op=WRITE_CHUNK {blockData=conID: 1 locID: 102739175718388249 bcsId: 2811} | ret=SUCCESS |  
2019-09-05 09:23:30,815 | INFO  | DNAudit | user=null | ip=null | op=WRITE_CHUNK {blockData=conID: 1 locID: 102739175718388249 bcsId: 2811} | ret=SUCCESS |  
2019-09-05 09:23:30,816 | INFO  | DNAudit | user=null | ip=null | op=WRITE_CHUNK {blockData=conID: 1 locID: 102739175718388249 bcsId: 2811} | ret=SUCCESS |  
2019-09-05 09:23:30,823 | INFO  | DNAudit | user=null | ip=null | op=WRITE_CHUNK {blockData=conID: 1 locID: 102739175718388249 bcsId: 2805} | ret=SUCCESS |  
2019-09-05 09:23:30,823 | INFO  | DNAudit | user=null | ip=null | op=WRITE_CHUNK {blockData=conID: 1 locID: 102739175718388249 bcsId: 2805} | ret=SUCCESS |  
2019-09-05 09:23:30,825 | INFO  | DNAudit | user=null | ip=null | op=PUT_BLOCK {blockData=[blockId=conID: 1 locID: 102739175718388249 bcsId: 0,size=3145728]} | ret=SUCCESS |  
2019-09-05 09:23:30,825 | INFO  | DNAudit | user=null | ip=null | op=PUT_BLOCK {blockData=[blockId=conID: 1 locID: 102739175718388249 bcsId: 0,size=3145728]} | ret=SUCCESS |  
2019-09-05 09:23:30,825 | INFO  | DNAudit | user=null | ip=null | op=WRITE_CHUNK {blockData=conID: 1 locID: 102739175718388249 bcsId: 2811} | ret=SUCCESS |  
2019-09-05 09:23:30,826 | INFO  | DNAudit | user=null | ip=null | op=PUT_BLOCK {blockData=[blockId=conID: 1 locID: 102739175718388249 bcsId: 0,size=4194304]} | ret=SUCCESS |  
2019-09-05 09:23:30,826 [grpc-default-executor-5] INFO  client.GrpcClientProtocolClient (GrpcClientProtocolClient.java:onNext(255)) - client-969FB6DA8C9A->4fcc8d53-44cb-4faf-b915-5afa0c7529d4: receive RaftClientReply:client-969FB6DA8C9A->4fcc8d53-44cb-4faf-b915-5afa0c7529d4@group-6A615BAE1DD1, cid=1942, SUCCESS, logIndex=2814, commits[4fcc8d53-44cb-4faf-b915-5afa0c7529d4:c2814, 48aa5eb4-709c-4003-adb5-fbc02723cd23:c2811, 609a8cf1-6ad3-4123-b94a-106ad93148a8:c2811]
2019-09-05 09:23:30,827 [grpc-default-executor-5] INFO  client.GrpcClientProtocolClient (GrpcClientProtocolClient.java:onNext(255)) - client-969FB6DA8C9A->4fcc8d53-44cb-4faf-b915-5afa0c7529d4: receive RaftClientReply:client-969FB6DA8C9A->4fcc8d53-44cb-4faf-b915-5afa0c7529d4@group-6A615BAE1DD1, cid=1943, SUCCESS, logIndex=2815, commits[4fcc8d53-44cb-4faf-b915-5afa0c7529d4:c2815, 48aa5eb4-709c-4003-adb5-fbc02723cd23:c2811, 609a8cf1-6ad3-4123-b94a-106ad93148a8:c2811]
2019-09-05 09:23:30,839 | INFO  | DNAudit | user=null | ip=null | op=WRITE_CHUNK {blockData=conID: 1 locID: 102739175718388249 bcsId: 2811} | ret=SUCCESS |  
2019-09-05 09:23:30,839 | INFO  | DNAudit | user=null | ip=null | op=WRITE_CHUNK {blockData=conID: 1 locID: 102739175718388249 bcsId: 2811} | ret=SUCCESS |  
2019-09-05 09:23:30,840 | INFO  | DNAudit | user=null | ip=null | op=PUT_BLOCK {blockData=[blockId=conID: 1 locID: 102739175718388249 bcsId: 0,size=4194304]} | ret=SUCCESS |  
2019-09-05 09:23:30,840 | INFO  | DNAudit | user=null | ip=null | op=PUT_BLOCK {blockData=[blockId=conID: 1 locID: 102739175718388249 bcsId: 0,size=4194304]} | ret=SUCCESS |  
2019-09-05 09:23:30,841 [grpc-default-executor-5] INFO  client.GrpcClientProtocolClient (GrpcClientProtocolClient.java:onNext(255)) - client-969FB6DA8C9A->4fcc8d53-44cb-4faf-b915-5afa0c7529d4: receive RaftClientReply:client-969FB6DA8C9A->4fcc8d53-44cb-4faf-b915-5afa0c7529d4@group-6A615BAE1DD1, cid=1944, SUCCESS, logIndex=0, commits[4fcc8d53-44cb-4faf-b915-5afa0c7529d4:c2817, 48aa5eb4-709c-4003-adb5-fbc02723cd23:c2815, 609a8cf1-6ad3-4123-b94a-106ad93148a8:c2815]
2019-09-05 09:23:30,845 | INFO  | SCMAudit | user=jenkins1000 | ip=192.168.36.69 | op=ALLOCATE_BLOCK {owner=5cf4fcf6-c517-45f4-af25-2fff646d8883, size=4194304, type=RATIS, factor=THREE} | ret=SUCCESS |  
2019-09-05 09:23:30,847 | INFO  | OMAudit | user=jenkins1000 | ip=127.0.0.1 | op=ALLOCATE_BLOCK {volume=vol-0-13331, bucket=bucket-0-43606, key=key-0-76526, dataSize=0, replicationType=null, replicationFactor=null, keyLocationInfo=null, clientID=102739173903106450} | ret=SUCCESS |  
2019-09-05 09:23:30,854 | INFO  | DNAudit | user=null | ip=null | op=WRITE_CHUNK {blockData=conID: 2 locID: 102739175725138458 bcsId: 0} | ret=SUCCESS |  
2019-09-05 09:23:30,856 | INFO  | DNAudit | user=null | ip=null | op=WRITE_CHUNK {blockData=conID: 2 locID: 102739175725138458 bcsId: 0} | ret=SUCCESS |  
2019-09-05 09:23:30,857 | INFO  | DNAudit | user=null | ip=null | op=WRITE_CHUNK {blockData=conID: 2 locID: 102739175725138458 bcsId: 0} | ret=SUCCESS |  
2019-09-05 09:23:30,857 | INFO  | DNAudit | user=null | ip=null | op=WRITE_CHUNK {blockData=conID: 2 locID: 102739175725138458 bcsId: 0} | ret=SUCCESS |  
2019-09-05 09:23:30,859 | INFO  | DNAudit | user=null | ip=null | op=WRITE_CHUNK {blockData=conID: 2 locID: 102739175725138458 bcsId: 0} | ret=SUCCESS |  
2019-09-05 09:23:30,859 | INFO  | DNAudit | user=null | ip=null | op=WRITE_CHUNK {blockData=conID: 2 locID: 102739175725138458 bcsId: 0} | ret=SUCCESS |  
2019-09-05 09:23:30,882 | INFO  | DNAudit | user=null | ip=null | op=WRITE_CHUNK {blockData=conID: 2 locID: 102739175725138458 bcsId: 0} | ret=SUCCESS |  
2019-09-05 09:23:30,883 | INFO  | DNAudit | user=null | ip=null | op=PUT_BLOCK {blockData=[blockId=conID: 2 locID: 102739175725138458 bcsId: 0,size=1048576]} | ret=SUCCESS |  
2019-09-05 09:23:30,883 | INFO  | DNAudit | user=null | ip=null | op=WRITE_CHUNK {blockData=conID: 2 locID: 102739175725138458 bcsId: 0} | ret=SUCCESS |  
2019-09-05 09:23:30,883 [grpc-default-executor-3] INFO  client.GrpcClientProtocolClient (GrpcClientProtocolClient.java:onNext(255)) - client-969FB6DA8C9A->4fcc8d53-44cb-4faf-b915-5afa0c7529d4: receive RaftClientReply:client-969FB6DA8C9A->4fcc8d53-44cb-4faf-b915-5afa0c7529d4@group-6A615BAE1DD1, cid=1945, SUCCESS, logIndex=2818, commits[4fcc8d53-44cb-4faf-b915-5afa0c7529d4:c2819, 48aa5eb4-709c-4003-adb5-fbc02723cd23:c2817, 609a8cf1-6ad3-4123-b94a-106ad93148a8:c2817]
2019-09-05 09:23:30,883 | INFO  | DNAudit | user=null | ip=null | op=PUT_BLOCK {blockData=[blockId=conID: 2 locID: 102739175725138458 bcsId: 0,size=2097152]} | ret=SUCCESS |  
2019-09-05 09:23:30,883 [grpc-default-executor-3] INFO  client.GrpcClientProtocolClient (GrpcClientProtocolClient.java:onNext(255)) - client-969FB6DA8C9A->4fcc8d53-44cb-4faf-b915-5afa0c7529d4: receive RaftClientReply:client-969FB6DA8C9A->4fcc8d53-44cb-4faf-b915-5afa0c7529d4@group-6A615BAE1DD1, cid=1946, SUCCESS, logIndex=2819, commits[4fcc8d53-44cb-4faf-b915-5afa0c7529d4:c2821, 48aa5eb4-709c-4003-adb5-fbc02723cd23:c2817, 609a8cf1-6ad3-4123-b94a-106ad93148a8:c2817]
2019-09-05 09:23:30,883 [grpc-default-executor-3] INFO  client.GrpcClientProtocolClient (GrpcClientProtocolClient.java:onNext(255)) - client-969FB6DA8C9A->4fcc8d53-44cb-4faf-b915-5afa0c7529d4: receive RaftClientReply:client-969FB6DA8C9A->4fcc8d53-44cb-4faf-b915-5afa0c7529d4@group-6A615BAE1DD1, cid=1947, SUCCESS, logIndex=2820, commits[4fcc8d53-44cb-4faf-b915-5afa0c7529d4:c2821, 48aa5eb4-709c-4003-adb5-fbc02723cd23:c2817, 609a8cf1-6ad3-4123-b94a-106ad93148a8:c2817]
2019-09-05 09:23:30,884 [grpc-default-executor-3] INFO  client.GrpcClientProtocolClient (GrpcClientProtocolClient.java:onNext(255)) - client-969FB6DA8C9A->4fcc8d53-44cb-4faf-b915-5afa0c7529d4: receive RaftClientReply:client-969FB6DA8C9A->4fcc8d53-44cb-4faf-b915-5afa0c7529d4@group-6A615BAE1DD1, cid=1948, SUCCESS, logIndex=2821, commits[4fcc8d53-44cb-4faf-b915-5afa0c7529d4:c2821, 48aa5eb4-709c-4003-adb5-fbc02723cd23:c2817, 609a8cf1-6ad3-4123-b94a-106ad93148a8:c2817]
2019-09-05 09:23:30,884 | INFO  | DNAudit | user=null | ip=null | op=WRITE_CHUNK {blockData=conID: 2 locID: 102739175725138458 bcsId: 0} | ret=SUCCESS |  
2019-09-05 09:23:30,885 | INFO  | DNAudit | user=null | ip=null | op=WRITE_CHUNK {blockData=conID: 2 locID: 102739175725138458 bcsId: 0} | ret=SUCCESS |  
2019-09-05 09:23:30,885 | INFO  | DNAudit | user=null | ip=null | op=PUT_BLOCK {blockData=[blockId=conID: 2 locID: 102739175725138458 bcsId: 0,size=1048576]} | ret=SUCCESS |  
2019-09-05 09:23:30,885 | INFO  | DNAudit | user=null | ip=null | op=WRITE_CHUNK {blockData=conID: 2 locID: 102739175725138458 bcsId: 0} | ret=SUCCESS |  
2019-09-05 09:23:30,885 | INFO  | DNAudit | user=null | ip=null | op=PUT_BLOCK {blockData=[blockId=conID: 2 locID: 102739175725138458 bcsId: 0,size=2097152]} | ret=SUCCESS |  
2019-09-05 09:23:30,885 | INFO  | DNAudit | user=null | ip=null | op=PUT_BLOCK {blockData=[blockId=conID: 2 locID: 102739175725138458 bcsId: 0,size=1048576]} | ret=SUCCESS |  
2019-09-05 09:23:30,886 | INFO  | DNAudit | user=null | ip=null | op=WRITE_CHUNK {blockData=conID: 2 locID: 102739175725138458 bcsId: 0} | ret=SUCCESS |  
2019-09-05 09:23:30,886 | INFO  | DNAudit | user=null | ip=null | op=PUT_BLOCK {blockData=[blockId=conID: 2 locID: 102739175725138458 bcsId: 0,size=2097152]} | ret=SUCCESS |  
2019-09-05 09:23:30,886 [grpc-default-executor-5] INFO  client.GrpcClientProtocolClient (GrpcClientProtocolClient.java:onNext(255)) - client-969FB6DA8C9A->4fcc8d53-44cb-4faf-b915-5afa0c7529d4: receive RaftClientReply:client-969FB6DA8C9A->4fcc8d53-44cb-4faf-b915-5afa0c7529d4@group-6A615BAE1DD1, cid=1949, SUCCESS, logIndex=0, commits[4fcc8d53-44cb-4faf-b915-5afa0c7529d4:c2823, 48aa5eb4-709c-4003-adb5-fbc02723cd23:c2819, 609a8cf1-6ad3-4123-b94a-106ad93148a8:c2821]
2019-09-05 09:23:30,892 | INFO  | DNAudit | user=null | ip=null | op=WRITE_CHUNK {blockData=conID: 2 locID: 102739175725138458 bcsId: 2821} | ret=SUCCESS |  
2019-09-05 09:23:30,894 | INFO  | DNAudit | user=null | ip=null | op=WRITE_CHUNK {blockData=conID: 2 locID: 102739175725138458 bcsId: 2821} | ret=SUCCESS |  
2019-09-05 09:23:30,894 | INFO  | DNAudit | user=null | ip=null | op=WRITE_CHUNK {blockData=conID: 2 locID: 102739175725138458 bcsId: 2821} | ret=SUCCESS |  
2019-09-05 09:23:30,931 | INFO  | DNAudit | user=null | ip=null | op=WRITE_CHUNK {blockData=conID: 2 locID: 102739175725138458 bcsId: 2821} | ret=SUCCESS |  
2019-09-05 09:23:30,932 | INFO  | DNAudit | user=null | ip=null | op=PUT_BLOCK {blockData=[blockId=conID: 2 locID: 102739175725138458 bcsId: 0,size=3145728]} | ret=SUCCESS |  
2019-09-05 09:23:30,932 [grpc-default-executor-4] INFO  client.GrpcClientProtocolClient (GrpcClientProtocolClient.java:onNext(255)) - client-969FB6DA8C9A->4fcc8d53-44cb-4faf-b915-5afa0c7529d4: receive RaftClientReply:client-969FB6DA8C9A->4fcc8d53-44cb-4faf-b915-5afa0c7529d4@group-6A615BAE1DD1, cid=1950, SUCCESS, logIndex=2826, commits[4fcc8d53-44cb-4faf-b915-5afa0c7529d4:c2827, 48aa5eb4-709c-4003-adb5-fbc02723cd23:c2825, 609a8cf1-6ad3-4123-b94a-106ad93148a8:c2825]
2019-09-05 09:23:30,932 [grpc-default-executor-4] INFO  client.GrpcClientProtocolClient (GrpcClientProtocolClient.java:onNext(255)) - client-969FB6DA8C9A->4fcc8d53-44cb-4faf-b915-5afa0c7529d4: receive RaftClientReply:client-969FB6DA8C9A->4fcc8d53-44cb-4faf-b915-5afa0c7529d4@group-6A615BAE1DD1, cid=1951, SUCCESS, logIndex=2827, commits[4fcc8d53-44cb-4faf-b915-5afa0c7529d4:c2827, 48aa5eb4-709c-4003-adb5-fbc02723cd23:c2825, 609a8cf1-6ad3-4123-b94a-106ad93148a8:c2825]
2019-09-05 09:23:30,939 | INFO  | DNAudit | user=null | ip=null | op=WRITE_CHUNK {blockData=conID: 2 locID: 102739175725138458 bcsId: 2827} | ret=SUCCESS |  
2019-09-05 09:23:30,941 | INFO  | DNAudit | user=null | ip=null | op=WRITE_CHUNK {blockData=conID: 2 locID: 102739175725138458 bcsId: 2827} | ret=SUCCESS |  
2019-09-05 09:23:30,941 | INFO  | DNAudit | user=null | ip=null | op=WRITE_CHUNK {blockData=conID: 2 locID: 102739175725138458 bcsId: 2827} | ret=SUCCESS |  
2019-09-05 09:23:30,959 | INFO  | DNAudit | user=null | ip=null | op=WRITE_CHUNK {blockData=conID: 2 locID: 102739175725138458 bcsId: 2821} | ret=SUCCESS |  
2019-09-05 09:23:30,959 | INFO  | DNAudit | user=null | ip=null | op=WRITE_CHUNK {blockData=conID: 2 locID: 102739175725138458 bcsId: 2821} | ret=SUCCESS |  
2019-09-05 09:23:30,960 | INFO  | DNAudit | user=null | ip=null | op=PUT_BLOCK {blockData=[blockId=conID: 2 locID: 102739175725138458 bcsId: 0,size=3145728]} | ret=SUCCESS |  
2019-09-05 09:23:30,961 | INFO  | DNAudit | user=null | ip=null | op=PUT_BLOCK {blockData=[blockId=conID: 2 locID: 102739175725138458 bcsId: 0,size=3145728]} | ret=SUCCESS |  
2019-09-05 09:23:30,961 | INFO  | DNAudit | user=null | ip=null | op=WRITE_CHUNK {blockData=conID: 2 locID: 102739175725138458 bcsId: 2827} | ret=SUCCESS |  
2019-09-05 09:23:30,961 | INFO  | DNAudit | user=null | ip=null | op=PUT_BLOCK {blockData=[blockId=conID: 2 locID: 102739175725138458 bcsId: 0,size=4194304]} | ret=SUCCESS |  
2019-09-05 09:23:30,961 [grpc-default-executor-4] INFO  client.GrpcClientProtocolClient (GrpcClientProtocolClient.java:onNext(255)) - client-969FB6DA8C9A->4fcc8d53-44cb-4faf-b915-5afa0c7529d4: receive RaftClientReply:client-969FB6DA8C9A->4fcc8d53-44cb-4faf-b915-5afa0c7529d4@group-6A615BAE1DD1, cid=1952, SUCCESS, logIndex=2830, commits[4fcc8d53-44cb-4faf-b915-5afa0c7529d4:c2831, 48aa5eb4-709c-4003-adb5-fbc02723cd23:c2827, 609a8cf1-6ad3-4123-b94a-106ad93148a8:c2827]
2019-09-05 09:23:30,962 [grpc-default-executor-4] INFO  client.GrpcClientProtocolClient (GrpcClientProtocolClient.java:onNext(255)) - client-969FB6DA8C9A->4fcc8d53-44cb-4faf-b915-5afa0c7529d4: receive RaftClientReply:client-969FB6DA8C9A->4fcc8d53-44cb-4faf-b915-5afa0c7529d4@group-6A615BAE1DD1, cid=1953, SUCCESS, logIndex=2831, commits[4fcc8d53-44cb-4faf-b915-5afa0c7529d4:c2831, 48aa5eb4-709c-4003-adb5-fbc02723cd23:c2827, 609a8cf1-6ad3-4123-b94a-106ad93148a8:c2827]
2019-09-05 09:23:30,990 | INFO  | DNAudit | user=null | ip=null | op=WRITE_CHUNK {blockData=conID: 2 locID: 102739175725138458 bcsId: 2827} | ret=SUCCESS |  
2019-09-05 09:23:30,990 | INFO  | DNAudit | user=null | ip=null | op=WRITE_CHUNK {blockData=conID: 2 locID: 102739175725138458 bcsId: 2827} | ret=SUCCESS |  
2019-09-05 09:23:30,991 | INFO  | DNAudit | user=null | ip=null | op=PUT_BLOCK {blockData=[blockId=conID: 2 locID: 102739175725138458 bcsId: 0,size=4194304]} | ret=SUCCESS |  
2019-09-05 09:23:30,992 | INFO  | DNAudit | user=null | ip=null | op=PUT_BLOCK {blockData=[blockId=conID: 2 locID: 102739175725138458 bcsId: 0,size=4194304]} | ret=SUCCESS |  
2019-09-05 09:23:30,992 [grpc-default-executor-4] INFO  client.GrpcClientProtocolClient (GrpcClientProtocolClient.java:onNext(255)) - client-969FB6DA8C9A->4fcc8d53-44cb-4faf-b915-5afa0c7529d4: receive RaftClientReply:client-969FB6DA8C9A->4fcc8d53-44cb-4faf-b915-5afa0c7529d4@group-6A615BAE1DD1, cid=1954, SUCCESS, logIndex=0, commits[4fcc8d53-44cb-4faf-b915-5afa0c7529d4:c2833, 48aa5eb4-709c-4003-adb5-fbc02723cd23:c2831, 609a8cf1-6ad3-4123-b94a-106ad93148a8:c2831]
2019-09-05 09:23:30,998 | INFO  | SCMAudit | user=jenkins1000 | ip=192.168.36.69 | op=ALLOCATE_BLOCK {owner=5cf4fcf6-c517-45f4-af25-2fff646d8883, size=4194304, type=RATIS, factor=THREE} | ret=SUCCESS |  
2019-09-05 09:23:31,001 | INFO  | OMAudit | user=jenkins1000 | ip=127.0.0.1 | op=ALLOCATE_BLOCK {volume=vol-0-13331, bucket=bucket-0-43606, key=key-0-76526, dataSize=0, replicationType=null, replicationFactor=null, keyLocationInfo=null, clientID=102739173903106450} | ret=SUCCESS |  
2019-09-05 09:23:31,010 | INFO  | DNAudit | user=null | ip=null | op=WRITE_CHUNK {blockData=conID: 3 locID: 102739175735165467 bcsId: 0} | ret=SUCCESS |  
2019-09-05 09:23:31,013 | INFO  | DNAudit | user=null | ip=null | op=WRITE_CHUNK {blockData=conID: 3 locID: 102739175735165467 bcsId: 0} | ret=SUCCESS |  
2019-09-05 09:23:31,014 | INFO  | DNAudit | user=null | ip=null | op=WRITE_CHUNK {blockData=conID: 3 locID: 102739175735165467 bcsId: 0} | ret=SUCCESS |  
2019-09-05 09:23:31,014 | INFO  | DNAudit | user=null | ip=null | op=WRITE_CHUNK {blockData=conID: 3 locID: 102739175735165467 bcsId: 0} | ret=SUCCESS |  
2019-09-05 09:23:31,015 | INFO  | DNAudit | user=null | ip=null | op=WRITE_CHUNK {blockData=conID: 3 locID: 102739175735165467 bcsId: 0} | ret=SUCCESS |  
2019-09-05 09:23:31,015 | INFO  | DNAudit | user=null | ip=null | op=WRITE_CHUNK {blockData=conID: 3 locID: 102739175735165467 bcsId: 0} | ret=SUCCESS |  
2019-09-05 09:23:31,026 | INFO  | DNAudit | user=null | ip=null | op=WRITE_CHUNK {blockData=conID: 3 locID: 102739175735165467 bcsId: 0} | ret=SUCCESS |  
2019-09-05 09:23:31,027 | INFO  | DNAudit | user=null | ip=null | op=PUT_BLOCK {blockData=[blockId=conID: 3 locID: 102739175735165467 bcsId: 0,size=1048576]} | ret=SUCCESS |  
2019-09-05 09:23:31,027 [grpc-default-executor-2] INFO  client.GrpcClientProtocolClient (GrpcClientProtocolClient.java:onNext(255)) - client-969FB6DA8C9A->4fcc8d53-44cb-4faf-b915-5afa0c7529d4: receive RaftClientReply:client-969FB6DA8C9A->4fcc8d53-44cb-4faf-b915-5afa0c7529d4@group-6A615BAE1DD1, cid=1955, SUCCESS, logIndex=2834, commits[4fcc8d53-44cb-4faf-b915-5afa0c7529d4:c2836, 48aa5eb4-709c-4003-adb5-fbc02723cd23:c2833, 609a8cf1-6ad3-4123-b94a-106ad93148a8:c2833]
2019-09-05 09:23:31,027 | INFO  | DNAudit | user=null | ip=null | op=WRITE_CHUNK {blockData=conID: 3 locID: 102739175735165467 bcsId: 0} | ret=SUCCESS |  
2019-09-05 09:23:31,027 [grpc-default-executor-2] INFO  client.GrpcClientProtocolClient (GrpcClientProtocolClient.java:onNext(255)) - client-969FB6DA8C9A->4fcc8d53-44cb-4faf-b915-5afa0c7529d4: receive RaftClientReply:client-969FB6DA8C9A->4fcc8d53-44cb-4faf-b915-5afa0c7529d4@group-6A615BAE1DD1, cid=1956, SUCCESS, logIndex=2835, commits[4fcc8d53-44cb-4faf-b915-5afa0c7529d4:c2837, 48aa5eb4-709c-4003-adb5-fbc02723cd23:c2833, 609a8cf1-6ad3-4123-b94a-106ad93148a8:c2833]
2019-09-05 09:23:31,028 | INFO  | DNAudit | user=null | ip=null | op=PUT_BLOCK {blockData=[blockId=conID: 3 locID: 102739175735165467 bcsId: 0,size=2097152]} | ret=SUCCESS |  
2019-09-05 09:23:31,028 [grpc-default-executor-2] INFO  client.GrpcClientProtocolClient (GrpcClientProtocolClient.java:onNext(255)) - client-969FB6DA8C9A->4fcc8d53-44cb-4faf-b915-5afa0c7529d4: receive RaftClientReply:client-969FB6DA8C9A->4fcc8d53-44cb-4faf-b915-5afa0c7529d4@group-6A615BAE1DD1, cid=1957, SUCCESS, logIndex=2836, commits[4fcc8d53-44cb-4faf-b915-5afa0c7529d4:c2837, 48aa5eb4-709c-4003-adb5-fbc02723cd23:c2833, 609a8cf1-6ad3-4123-b94a-106ad93148a8:c2833]
2019-09-05 09:23:31,028 [grpc-default-executor-2] INFO  client.GrpcClientProtocolClient (GrpcClientProtocolClient.java:onNext(255)) - client-969FB6DA8C9A->4fcc8d53-44cb-4faf-b915-5afa0c7529d4: receive RaftClientReply:client-969FB6DA8C9A->4fcc8d53-44cb-4faf-b915-5afa0c7529d4@group-6A615BAE1DD1, cid=1958, SUCCESS, logIndex=2837, commits[4fcc8d53-44cb-4faf-b915-5afa0c7529d4:c2837, 48aa5eb4-709c-4003-adb5-fbc02723cd23:c2833, 609a8cf1-6ad3-4123-b94a-106ad93148a8:c2833]
2019-09-05 09:23:31,049 | INFO  | DNAudit | user=null | ip=null | op=WRITE_CHUNK {blockData=conID: 3 locID: 102739175735165467 bcsId: 0} | ret=SUCCESS |  
2019-09-05 09:23:31,049 | INFO  | DNAudit | user=null | ip=null | op=WRITE_CHUNK {blockData=conID: 3 locID: 102739175735165467 bcsId: 0} | ret=SUCCESS |  
2019-09-05 09:23:31,049 | INFO  | DNAudit | user=null | ip=null | op=PUT_BLOCK {blockData=[blockId=conID: 3 locID: 102739175735165467 bcsId: 0,size=1048576]} | ret=SUCCESS |  
2019-09-05 09:23:31,049 | INFO  | DNAudit | user=null | ip=null | op=PUT_BLOCK {blockData=[blockId=conID: 3 locID: 102739175735165467 bcsId: 0,size=1048576]} | ret=SUCCESS |  
2019-09-05 09:23:31,050 [grpc-default-executor-4] INFO  client.GrpcClientProtocolClient (GrpcClientProtocolClient.java:onNext(255)) - client-969FB6DA8C9A->4fcc8d53-44cb-4faf-b915-5afa0c7529d4: receive RaftClientReply:client-969FB6DA8C9A->4fcc8d53-44cb-4faf-b915-5afa0c7529d4@group-6A615BAE1DD1, cid=1959, SUCCESS, logIndex=0, commits[4fcc8d53-44cb-4faf-b915-5afa0c7529d4:c2838, 48aa5eb4-709c-4003-adb5-fbc02723cd23:c2835, 609a8cf1-6ad3-4123-b94a-106ad93148a8:c2835]
2019-09-05 09:23:31,050 | INFO  | DNAudit | user=null | ip=null | op=WRITE_CHUNK {blockData=conID: 3 locID: 102739175735165467 bcsId: 0} | ret=SUCCESS |  
2019-09-05 09:23:31,051 | INFO  | DNAudit | user=null | ip=null | op=WRITE_CHUNK {blockData=conID: 3 locID: 102739175735165467 bcsId: 0} | ret=SUCCESS |  
2019-09-05 09:23:31,051 | INFO  | DNAudit | user=null | ip=null | op=PUT_BLOCK {blockData=[blockId=conID: 3 locID: 102739175735165467 bcsId: 0,size=2097152]} | ret=SUCCESS |  
2019-09-05 09:23:31,051 | INFO  | DNAudit | user=null | ip=null | op=PUT_BLOCK {blockData=[blockId=conID: 3 locID: 102739175735165467 bcsId: 0,size=2097152]} | ret=SUCCESS |  
2019-09-05 09:23:31,061 | INFO  | DNAudit | user=null | ip=null | op=WRITE_CHUNK {blockData=conID: 3 locID: 102739175735165467 bcsId: 2837} | ret=SUCCESS |  
2019-09-05 09:23:31,063 | INFO  | DNAudit | user=null | ip=null | op=WRITE_CHUNK {blockData=conID: 3 locID: 102739175735165467 bcsId: 2837} | ret=SUCCESS |  
2019-09-05 09:23:31,064 | INFO  | DNAudit | user=null | ip=null | op=WRITE_CHUNK {blockData=conID: 3 locID: 102739175735165467 bcsId: 2837} | ret=SUCCESS |  
2019-09-05 09:23:31,071 | INFO  | DNAudit | user=null | ip=null | op=WRITE_CHUNK {blockData=conID: 3 locID: 102739175735165467 bcsId: 2837} | ret=SUCCESS |  
2019-09-05 09:23:31,071 | INFO  | DNAudit | user=null | ip=null | op=PUT_BLOCK {blockData=[blockId=conID: 3 locID: 102739175735165467 bcsId: 0,size=3145728]} | ret=SUCCESS |  
2019-09-05 09:23:31,071 [grpc-default-executor-3] INFO  client.GrpcClientProtocolClient (GrpcClientProtocolClient.java:onNext(255)) - client-969FB6DA8C9A->4fcc8d53-44cb-4faf-b915-5afa0c7529d4: receive RaftClientReply:client-969FB6DA8C9A->4fcc8d53-44cb-4faf-b915-5afa0c7529d4@group-6A615BAE1DD1, cid=1960, SUCCESS, logIndex=2842, commits[4fcc8d53-44cb-4faf-b915-5afa0c7529d4:c2843, 48aa5eb4-709c-4003-adb5-fbc02723cd23:c2841, 609a8cf1-6ad3-4123-b94a-106ad93148a8:c2841]
2019-09-05 09:23:31,072 [grpc-default-executor-3] INFO  client.GrpcClientProtocolClient (GrpcClientProtocolClient.java:onNext(255)) - client-969FB6DA8C9A->4fcc8d53-44cb-4faf-b915-5afa0c7529d4: receive RaftClientReply:client-969FB6DA8C9A->4fcc8d53-44cb-4faf-b915-5afa0c7529d4@group-6A615BAE1DD1, cid=1961, SUCCESS, logIndex=2843, commits[4fcc8d53-44cb-4faf-b915-5afa0c7529d4:c2843, 48aa5eb4-709c-4003-adb5-fbc02723cd23:c2841, 609a8cf1-6ad3-4123-b94a-106ad93148a8:c2841]
2019-09-05 09:23:31,077 | INFO  | DNAudit | user=null | ip=null | op=WRITE_CHUNK {blockData=conID: 3 locID: 102739175735165467 bcsId: 2843} | ret=SUCCESS |  
2019-09-05 09:23:31,079 | INFO  | DNAudit | user=null | ip=null | op=WRITE_CHUNK {blockData=conID: 3 locID: 102739175735165467 bcsId: 2843} | ret=SUCCESS |  
2019-09-05 09:23:31,079 | INFO  | DNAudit | user=null | ip=null | op=WRITE_CHUNK {blockData=conID: 3 locID: 102739175735165467 bcsId: 2843} | ret=SUCCESS |  
2019-09-05 09:23:31,087 | INFO  | DNAudit | user=null | ip=null | op=WRITE_CHUNK {blockData=conID: 3 locID: 102739175735165467 bcsId: 2837} | ret=SUCCESS |  
2019-09-05 09:23:31,087 | INFO  | DNAudit | user=null | ip=null | op=WRITE_CHUNK {blockData=conID: 3 locID: 102739175735165467 bcsId: 2837} | ret=SUCCESS |  
2019-09-05 09:23:31,088 | INFO  | DNAudit | user=null | ip=null | op=PUT_BLOCK {blockData=[blockId=conID: 3 locID: 102739175735165467 bcsId: 0,size=3145728]} | ret=SUCCESS |  
2019-09-05 09:23:31,088 | INFO  | DNAudit | user=null | ip=null | op=PUT_BLOCK {blockData=[blockId=conID: 3 locID: 102739175735165467 bcsId: 0,size=3145728]} | ret=SUCCESS |  
2019-09-05 09:23:31,095 | INFO  | DNAudit | user=null | ip=null | op=WRITE_CHUNK {blockData=conID: 3 locID: 102739175735165467 bcsId: 2843} | ret=SUCCESS |  
2019-09-05 09:23:31,095 | INFO  | DNAudit | user=null | ip=null | op=PUT_BLOCK {blockData=[blockId=conID: 3 locID: 102739175735165467 bcsId: 0,size=4194304]} | ret=SUCCESS |  
2019-09-05 09:23:31,095 [grpc-default-executor-4] INFO  client.GrpcClientProtocolClient (GrpcClientProtocolClient.java:onNext(255)) - client-969FB6DA8C9A->4fcc8d53-44cb-4faf-b915-5afa0c7529d4: receive RaftClientReply:client-969FB6DA8C9A->4fcc8d53-44cb-4faf-b915-5afa0c7529d4@group-6A615BAE1DD1, cid=1962, SUCCESS, logIndex=2846, commits[4fcc8d53-44cb-4faf-b915-5afa0c7529d4:c2847, 48aa5eb4-709c-4003-adb5-fbc02723cd23:c2843, 609a8cf1-6ad3-4123-b94a-106ad93148a8:c2843]
2019-09-05 09:23:31,096 [grpc-default-executor-4] INFO  client.GrpcClientProtocolClient (GrpcClientProtocolClient.java:onNext(255)) - client-969FB6DA8C9A->4fcc8d53-44cb-4faf-b915-5afa0c7529d4: receive RaftClientReply:client-969FB6DA8C9A->4fcc8d53-44cb-4faf-b915-5afa0c7529d4@group-6A615BAE1DD1, cid=1963, SUCCESS, logIndex=2847, commits[4fcc8d53-44cb-4faf-b915-5afa0c7529d4:c2847, 48aa5eb4-709c-4003-adb5-fbc02723cd23:c2843, 609a8cf1-6ad3-4123-b94a-106ad93148a8:c2843]
2019-09-05 09:23:31,111 | INFO  | DNAudit | user=null | ip=null | op=WRITE_CHUNK {blockData=conID: 3 locID: 102739175735165467 bcsId: 2843} | ret=SUCCESS |  
2019-09-05 09:23:31,111 | INFO  | DNAudit | user=null | ip=null | op=WRITE_CHUNK {blockData=conID: 3 locID: 102739175735165467 bcsId: 2843} | ret=SUCCESS |  
2019-09-05 09:23:31,112 | INFO  | DNAudit | user=null | ip=null | op=PUT_BLOCK {blockData=[blockId=conID: 3 locID: 102739175735165467 bcsId: 0,size=4194304]} | ret=SUCCESS |  
2019-09-05 09:23:31,112 | INFO  | DNAudit | user=null | ip=null | op=PUT_BLOCK {blockData=[blockId=conID: 3 locID: 102739175735165467 bcsId: 0,size=4194304]} | ret=SUCCESS |  
2019-09-05 09:23:31,112 [grpc-default-executor-3] INFO  client.GrpcClientProtocolClient (GrpcClientProtocolClient.java:onNext(255)) - client-969FB6DA8C9A->4fcc8d53-44cb-4faf-b915-5afa0c7529d4: receive RaftClientReply:client-969FB6DA8C9A->4fcc8d53-44cb-4faf-b915-5afa0c7529d4@group-6A615BAE1DD1, cid=1964, SUCCESS, logIndex=0, commits[4fcc8d53-44cb-4faf-b915-5afa0c7529d4:c2849, 48aa5eb4-709c-4003-adb5-fbc02723cd23:c2847, 609a8cf1-6ad3-4123-b94a-106ad93148a8:c2847]
2019-09-05 09:23:31,116 | INFO  | SCMAudit | user=jenkins1000 | ip=192.168.36.69 | op=ALLOCATE_BLOCK {owner=5cf4fcf6-c517-45f4-af25-2fff646d8883, size=4194304, type=RATIS, factor=THREE} | ret=SUCCESS |  
2019-09-05 09:23:31,118 | INFO  | OMAudit | user=jenkins1000 | ip=127.0.0.1 | op=ALLOCATE_BLOCK {volume=vol-0-13331, bucket=bucket-0-43606, key=key-0-76526, dataSize=0, replicationType=null, replicationFactor=null, keyLocationInfo=null, clientID=102739173903106450} | ret=SUCCESS |  
2019-09-05 09:23:31,123 | INFO  | DNAudit | user=null | ip=null | op=WRITE_CHUNK {blockData=conID: 1 locID: 102739175742898716 bcsId: 0} | ret=SUCCESS |  
2019-09-05 09:23:31,125 | INFO  | DNAudit | user=null | ip=null | op=WRITE_CHUNK {blockData=conID: 1 locID: 102739175742898716 bcsId: 0} | ret=SUCCESS |  
2019-09-05 09:23:31,125 | INFO  | DNAudit | user=null | ip=null | op=WRITE_CHUNK {blockData=conID: 1 locID: 102739175742898716 bcsId: 0} | ret=SUCCESS |  
2019-09-05 09:23:31,125 | INFO  | DNAudit | user=null | ip=null | op=WRITE_CHUNK {blockData=conID: 1 locID: 102739175742898716 bcsId: 0} | ret=SUCCESS |  
2019-09-05 09:23:31,127 | INFO  | DNAudit | user=null | ip=null | op=WRITE_CHUNK {blockData=conID: 1 locID: 102739175742898716 bcsId: 0} | ret=SUCCESS |  
2019-09-05 09:23:31,127 | INFO  | DNAudit | user=null | ip=null | op=WRITE_CHUNK {blockData=conID: 1 locID: 102739175742898716 bcsId: 0} | ret=SUCCESS |  
2019-09-05 09:23:31,138 | INFO  | DNAudit | user=null | ip=null | op=WRITE_CHUNK {blockData=conID: 1 locID: 102739175742898716 bcsId: 0} | ret=SUCCESS |  
2019-09-05 09:23:31,138 | INFO  | DNAudit | user=null | ip=null | op=PUT_BLOCK {blockData=[blockId=conID: 1 locID: 102739175742898716 bcsId: 0,size=1048576]} | ret=SUCCESS |  
2019-09-05 09:23:31,138 [grpc-default-executor-4] INFO  client.GrpcClientProtocolClient (GrpcClientProtocolClient.java:onNext(255)) - client-969FB6DA8C9A->4fcc8d53-44cb-4faf-b915-5afa0c7529d4: receive RaftClientReply:client-969FB6DA8C9A->4fcc8d53-44cb-4faf-b915-5afa0c7529d4@group-6A615BAE1DD1, cid=1965, SUCCESS, logIndex=2850, commits[4fcc8d53-44cb-4faf-b915-5afa0c7529d4:c2852, 48aa5eb4-709c-4003-adb5-fbc02723cd23:c2849, 609a8cf1-6ad3-4123-b94a-106ad93148a8:c2849]
2019-09-05 09:23:31,139 | INFO  | DNAudit | user=null | ip=null | op=WRITE_CHUNK {blockData=conID: 1 locID: 102739175742898716 bcsId: 0} | ret=SUCCESS |  
2019-09-05 09:23:31,139 | INFO  | DNAudit | user=null | ip=null | op=PUT_BLOCK {blockData=[blockId=conID: 1 locID: 102739175742898716 bcsId: 0,size=2097152]} | ret=SUCCESS |  
2019-09-05 09:23:31,139 [grpc-default-executor-4] INFO  client.GrpcClientProtocolClient (GrpcClientProtocolClient.java:onNext(255)) - client-969FB6DA8C9A->4fcc8d53-44cb-4faf-b915-5afa0c7529d4: receive RaftClientReply:client-969FB6DA8C9A->4fcc8d53-44cb-4faf-b915-5afa0c7529d4@group-6A615BAE1DD1, cid=1966, SUCCESS, logIndex=2851, commits[4fcc8d53-44cb-4faf-b915-5afa0c7529d4:c2853, 48aa5eb4-709c-4003-adb5-fbc02723cd23:c2849, 609a8cf1-6ad3-4123-b94a-106ad93148a8:c2849]
2019-09-05 09:23:31,139 [grpc-default-executor-4] INFO  client.GrpcClientProtocolClient (GrpcClientProtocolClient.java:onNext(255)) - client-969FB6DA8C9A->4fcc8d53-44cb-4faf-b915-5afa0c7529d4: receive RaftClientReply:client-969FB6DA8C9A->4fcc8d53-44cb-4faf-b915-5afa0c7529d4@group-6A615BAE1DD1, cid=1967, SUCCESS, logIndex=2852, commits[4fcc8d53-44cb-4faf-b915-5afa0c7529d4:c2853, 48aa5eb4-709c-4003-adb5-fbc02723cd23:c2849, 609a8cf1-6ad3-4123-b94a-106ad93148a8:c2849]
2019-09-05 09:23:31,139 [grpc-default-executor-4] INFO  client.GrpcClientProtocolClient (GrpcClientProtocolClient.java:onNext(255)) - client-969FB6DA8C9A->4fcc8d53-44cb-4faf-b915-5afa0c7529d4: receive RaftClientReply:client-969FB6DA8C9A->4fcc8d53-44cb-4faf-b915-5afa0c7529d4@group-6A615BAE1DD1, cid=1968, SUCCESS, logIndex=2853, commits[4fcc8d53-44cb-4faf-b915-5afa0c7529d4:c2853, 48aa5eb4-709c-4003-adb5-fbc02723cd23:c2849, 609a8cf1-6ad3-4123-b94a-106ad93148a8:c2849]
2019-09-05 09:23:31,152 | INFO  | DNAudit | user=null | ip=null | op=WRITE_CHUNK {blockData=conID: 1 locID: 102739175742898716 bcsId: 0} | ret=SUCCESS |  
2019-09-05 09:23:31,153 | INFO  | DNAudit | user=null | ip=null | op=WRITE_CHUNK {blockData=conID: 1 locID: 102739175742898716 bcsId: 0} | ret=SUCCESS |  
2019-09-05 09:23:31,153 | INFO  | DNAudit | user=null | ip=null | op=PUT_BLOCK {blockData=[blockId=conID: 1 locID: 102739175742898716 bcsId: 0,size=1048576]} | ret=SUCCESS |  
2019-09-05 09:23:31,154 | INFO  | DNAudit | user=null | ip=null | op=PUT_BLOCK {blockData=[blockId=conID: 1 locID: 102739175742898716 bcsId: 0,size=1048576]} | ret=SUCCESS |  
2019-09-05 09:23:31,154 | INFO  | DNAudit | user=null | ip=null | op=WRITE_CHUNK {blockData=conID: 1 locID: 102739175742898716 bcsId: 0} | ret=SUCCESS |  
2019-09-05 09:23:31,154 | INFO  | DNAudit | user=null | ip=null | op=PUT_BLOCK {blockData=[blockId=conID: 1 locID: 102739175742898716 bcsId: 0,size=2097152]} | ret=SUCCESS |  
2019-09-05 09:23:31,154 [grpc-default-executor-4] INFO  client.GrpcClientProtocolClient (GrpcClientProtocolClient.java:onNext(255)) - client-969FB6DA8C9A->4fcc8d53-44cb-4faf-b915-5afa0c7529d4: receive RaftClientReply:client-969FB6DA8C9A->4fcc8d53-44cb-4faf-b915-5afa0c7529d4@group-6A615BAE1DD1, cid=1969, SUCCESS, logIndex=0, commits[4fcc8d53-44cb-4faf-b915-5afa0c7529d4:c2855, 48aa5eb4-709c-4003-adb5-fbc02723cd23:c2851, 609a8cf1-6ad3-4123-b94a-106ad93148a8:c2851]
2019-09-05 09:23:31,154 | INFO  | DNAudit | user=null | ip=null | op=WRITE_CHUNK {blockData=conID: 1 locID: 102739175742898716 bcsId: 0} | ret=SUCCESS |  
2019-09-05 09:23:31,154 | INFO  | DNAudit | user=null | ip=null | op=PUT_BLOCK {blockData=[blockId=conID: 1 locID: 102739175742898716 bcsId: 0,size=2097152]} | ret=SUCCESS |  
2019-09-05 09:23:31,160 | INFO  | DNAudit | user=null | ip=null | op=WRITE_CHUNK {blockData=conID: 1 locID: 102739175742898716 bcsId: 2853} | ret=SUCCESS |  
2019-09-05 09:23:31,161 | INFO  | DNAudit | user=null | ip=null | op=WRITE_CHUNK {blockData=conID: 1 locID: 102739175742898716 bcsId: 2853} | ret=SUCCESS |  
2019-09-05 09:23:31,162 | INFO  | DNAudit | user=null | ip=null | op=WRITE_CHUNK {blockData=conID: 1 locID: 102739175742898716 bcsId: 2853} | ret=SUCCESS |  
2019-09-05 09:23:31,181 | INFO  | DNAudit | user=null | ip=null | op=WRITE_CHUNK {blockData=conID: 1 locID: 102739175742898716 bcsId: 2853} | ret=SUCCESS |  
2019-09-05 09:23:31,181 | INFO  | DNAudit | user=null | ip=null | op=PUT_BLOCK {blockData=[blockId=conID: 1 locID: 102739175742898716 bcsId: 0,size=3145728]} | ret=SUCCESS |  
2019-09-05 09:23:31,181 [grpc-default-executor-3] INFO  client.GrpcClientProtocolClient (GrpcClientProtocolClient.java:onNext(255)) - client-969FB6DA8C9A->4fcc8d53-44cb-4faf-b915-5afa0c7529d4: receive RaftClientReply:client-969FB6DA8C9A->4fcc8d53-44cb-4faf-b915-5afa0c7529d4@group-6A615BAE1DD1, cid=1970, SUCCESS, logIndex=2858, commits[4fcc8d53-44cb-4faf-b915-5afa0c7529d4:c2859, 48aa5eb4-709c-4003-adb5-fbc02723cd23:c2857, 609a8cf1-6ad3-4123-b94a-106ad93148a8:c2857]
2019-09-05 09:23:31,182 [grpc-default-executor-3] INFO  client.GrpcClientProtocolClient (GrpcClientProtocolClient.java:onNext(255)) - client-969FB6DA8C9A->4fcc8d53-44cb-4faf-b915-5afa0c7529d4: receive RaftClientReply:client-969FB6DA8C9A->4fcc8d53-44cb-4faf-b915-5afa0c7529d4@group-6A615BAE1DD1, cid=1971, SUCCESS, logIndex=2859, commits[4fcc8d53-44cb-4faf-b915-5afa0c7529d4:c2859, 48aa5eb4-709c-4003-adb5-fbc02723cd23:c2857, 609a8cf1-6ad3-4123-b94a-106ad93148a8:c2857]
 0.00% |█                                                                                                    |  0/1 Time: 0:00:282019-09-05 09:23:31,306 | INFO  | SCMAudit | user=jenkins1000 | ip=192.168.36.69 | op=SEND_HEARTBEAT {datanodeUUID=5b6cff60-1414-40d6-b682-781dc5ff3023, command=[]} | ret=SUCCESS |  
2019-09-05 09:23:31,306 | INFO  | SCMAudit | user=jenkins1000 | ip=192.168.36.69 | op=SEND_HEARTBEAT {datanodeUUID=48aa5eb4-709c-4003-adb5-fbc02723cd23, command=[]} | ret=SUCCESS |  
2019-09-05 09:23:31,306 | INFO  | SCMAudit | user=jenkins1000 | ip=192.168.36.69 | op=SEND_HEARTBEAT {datanodeUUID=4fcc8d53-44cb-4faf-b915-5afa0c7529d4, command=[]} | ret=SUCCESS |  
2019-09-05 09:23:31,306 | INFO  | SCMAudit | user=jenkins1000 | ip=192.168.36.69 | op=SEND_HEARTBEAT {datanodeUUID=609a8cf1-6ad3-4123-b94a-106ad93148a8, command=[]} | ret=SUCCESS |  
2019-09-05 09:23:31,307 | INFO  | DNAudit | user=null | ip=null | op=WRITE_CHUNK {blockData=conID: 1 locID: 102739175742898716 bcsId: 2853} | ret=SUCCESS |  
2019-09-05 09:23:31,307 | INFO  | DNAudit | user=null | ip=null | op=WRITE_CHUNK {blockData=conID: 1 locID: 102739175742898716 bcsId: 2853} | ret=SUCCESS |  
2019-09-05 09:23:31,307 | INFO  | DNAudit | user=null | ip=null | op=PUT_BLOCK {blockData=[blockId=conID: 1 locID: 102739175742898716 bcsId: 0,size=3145728]} | ret=SUCCESS |  
2019-09-05 09:23:31,307 | INFO  | DNAudit | user=null | ip=null | op=PUT_BLOCK {blockData=[blockId=conID: 1 locID: 102739175742898716 bcsId: 0,size=3145728]} | ret=SUCCESS |  
2019-09-05 09:23:31,310 | INFO  | DNAudit | user=null | ip=null | op=WRITE_CHUNK {blockData=conID: 1 locID: 102739175742898716 bcsId: 2859} | ret=SUCCESS |  
2019-09-05 09:23:31,312 | INFO  | DNAudit | user=null | ip=null | op=WRITE_CHUNK {blockData=conID: 1 locID: 102739175742898716 bcsId: 2859} | ret=SUCCESS |  
2019-09-05 09:23:31,313 | INFO  | DNAudit | user=null | ip=null | op=WRITE_CHUNK {blockData=conID: 1 locID: 102739175742898716 bcsId: 2859} | ret=SUCCESS |  
2019-09-05 09:23:31,327 | INFO  | DNAudit | user=null | ip=null | op=WRITE_CHUNK {blockData=conID: 1 locID: 102739175742898716 bcsId: 2859} | ret=SUCCESS |  
2019-09-05 09:23:31,327 | INFO  | DNAudit | user=null | ip=null | op=PUT_BLOCK {blockData=[blockId=conID: 1 locID: 102739175742898716 bcsId: 0,size=4194304]} | ret=SUCCESS |  
2019-09-05 09:23:31,327 [grpc-default-executor-3] INFO  client.GrpcClientProtocolClient (GrpcClientProtocolClient.java:onNext(255)) - client-969FB6DA8C9A->4fcc8d53-44cb-4faf-b915-5afa0c7529d4: receive RaftClientReply:client-969FB6DA8C9A->4fcc8d53-44cb-4faf-b915-5afa0c7529d4@group-6A615BAE1DD1, cid=1972, SUCCESS, logIndex=2862, commits[4fcc8d53-44cb-4faf-b915-5afa0c7529d4:c2863, 48aa5eb4-709c-4003-adb5-fbc02723cd23:c2860, 609a8cf1-6ad3-4123-b94a-106ad93148a8:c2860]
2019-09-05 09:23:31,328 [grpc-default-executor-3] INFO  client.GrpcClientProtocolClient (GrpcClientProtocolClient.java:onNext(255)) - client-969FB6DA8C9A->4fcc8d53-44cb-4faf-b915-5afa0c7529d4: receive RaftClientReply:client-969FB6DA8C9A->4fcc8d53-44cb-4faf-b915-5afa0c7529d4@group-6A615BAE1DD1, cid=1973, SUCCESS, logIndex=2863, commits[4fcc8d53-44cb-4faf-b915-5afa0c7529d4:c2863, 48aa5eb4-709c-4003-adb5-fbc02723cd23:c2860, 609a8cf1-6ad3-4123-b94a-106ad93148a8:c2860]
2019-09-05 09:23:31,334 | INFO  | DNAudit | user=null | ip=null | op=WRITE_CHUNK {blockData=conID: 1 locID: 102739175742898716 bcsId: 2859} | ret=SUCCESS |  
2019-09-05 09:23:31,335 | INFO  | DNAudit | user=null | ip=null | op=WRITE_CHUNK {blockData=conID: 1 locID: 102739175742898716 bcsId: 2859} | ret=SUCCESS |  
2019-09-05 09:23:31,336 | INFO  | DNAudit | user=null | ip=null | op=PUT_BLOCK {blockData=[blockId=conID: 1 locID: 102739175742898716 bcsId: 0,size=4194304]} | ret=SUCCESS |  
2019-09-05 09:23:31,336 | INFO  | DNAudit | user=null | ip=null | op=PUT_BLOCK {blockData=[blockId=conID: 1 locID: 102739175742898716 bcsId: 0,size=4194304]} | ret=SUCCESS |  
2019-09-05 09:23:31,336 [grpc-default-executor-3] INFO  client.GrpcClientProtocolClient (GrpcClientProtocolClient.java:onNext(255)) - client-969FB6DA8C9A->4fcc8d53-44cb-4faf-b915-5afa0c7529d4: receive RaftClientReply:client-969FB6DA8C9A->4fcc8d53-44cb-4faf-b915-5afa0c7529d4@group-6A615BAE1DD1, cid=1974, SUCCESS, logIndex=0, commits[4fcc8d53-44cb-4faf-b915-5afa0c7529d4:c2865, 48aa5eb4-709c-4003-adb5-fbc02723cd23:c2863, 609a8cf1-6ad3-4123-b94a-106ad93148a8:c2863]
2019-09-05 09:23:31,342 | INFO  | SCMAudit | user=jenkins1000 | ip=192.168.36.69 | op=ALLOCATE_BLOCK {owner=5cf4fcf6-c517-45f4-af25-2fff646d8883, size=4194304, type=RATIS, factor=THREE} | ret=SUCCESS |  
2019-09-05 09:23:31,344 | INFO  | OMAudit | user=jenkins1000 | ip=127.0.0.1 | op=ALLOCATE_BLOCK {volume=vol-0-13331, bucket=bucket-0-43606, key=key-0-76526, dataSize=0, replicationType=null, replicationFactor=null, keyLocationInfo=null, clientID=102739173903106450} | ret=SUCCESS |  
2019-09-05 09:23:31,352 | INFO  | DNAudit | user=null | ip=null | op=WRITE_CHUNK {blockData=conID: 2 locID: 102739175757644317 bcsId: 0} | ret=SUCCESS |  
2019-09-05 09:23:31,354 | INFO  | DNAudit | user=null | ip=null | op=WRITE_CHUNK {blockData=conID: 2 locID: 102739175757644317 bcsId: 0} | ret=SUCCESS |  
2019-09-05 09:23:31,354 | INFO  | DNAudit | user=null | ip=null | op=WRITE_CHUNK {blockData=conID: 2 locID: 102739175757644317 bcsId: 0} | ret=SUCCESS |  
2019-09-05 09:23:31,355 | INFO  | DNAudit | user=null | ip=null | op=WRITE_CHUNK {blockData=conID: 2 locID: 102739175757644317 bcsId: 0} | ret=SUCCESS |  
2019-09-05 09:23:31,356 | INFO  | DNAudit | user=null | ip=null | op=WRITE_CHUNK {blockData=conID: 2 locID: 102739175757644317 bcsId: 0} | ret=SUCCESS |  
2019-09-05 09:23:31,357 | INFO  | DNAudit | user=null | ip=null | op=WRITE_CHUNK {blockData=conID: 2 locID: 102739175757644317 bcsId: 0} | ret=SUCCESS |  
2019-09-05 09:23:31,366 | INFO  | DNAudit | user=null | ip=null | op=WRITE_CHUNK {blockData=conID: 2 locID: 102739175757644317 bcsId: 0} | ret=SUCCESS |  
2019-09-05 09:23:31,366 | INFO  | DNAudit | user=null | ip=null | op=PUT_BLOCK {blockData=[blockId=conID: 2 locID: 102739175757644317 bcsId: 0,size=1048576]} | ret=SUCCESS |  
2019-09-05 09:23:31,366 [grpc-default-executor-4] INFO  client.GrpcClientProtocolClient (GrpcClientProtocolClient.java:onNext(255)) - client-969FB6DA8C9A->4fcc8d53-44cb-4faf-b915-5afa0c7529d4: receive RaftClientReply:client-969FB6DA8C9A->4fcc8d53-44cb-4faf-b915-5afa0c7529d4@group-6A615BAE1DD1, cid=1975, SUCCESS, logIndex=2866, commits[4fcc8d53-44cb-4faf-b915-5afa0c7529d4:c2867, 48aa5eb4-709c-4003-adb5-fbc02723cd23:c2865, 609a8cf1-6ad3-4123-b94a-106ad93148a8:c2865]
2019-09-05 09:23:31,367 [grpc-default-executor-4] INFO  client.GrpcClientProtocolClient (GrpcClientProtocolClient.java:onNext(255)) - client-969FB6DA8C9A->4fcc8d53-44cb-4faf-b915-5afa0c7529d4: receive RaftClientReply:client-969FB6DA8C9A->4fcc8d53-44cb-4faf-b915-5afa0c7529d4@group-6A615BAE1DD1, cid=1976, SUCCESS, logIndex=2867, commits[4fcc8d53-44cb-4faf-b915-5afa0c7529d4:c2867, 48aa5eb4-709c-4003-adb5-fbc02723cd23:c2865, 609a8cf1-6ad3-4123-b94a-106ad93148a8:c2865]
2019-09-05 09:23:31,377 | INFO  | DNAudit | user=null | ip=null | op=WRITE_CHUNK {blockData=conID: 2 locID: 102739175757644317 bcsId: 0} | ret=SUCCESS |  
2019-09-05 09:23:31,378 | INFO  | DNAudit | user=null | ip=null | op=PUT_BLOCK {blockData=[blockId=conID: 2 locID: 102739175757644317 bcsId: 0,size=2097152]} | ret=SUCCESS |  
2019-09-05 09:23:31,378 [grpc-default-executor-5] INFO  client.GrpcClientProtocolClient (GrpcClientProtocolClient.java:onNext(255)) - client-969FB6DA8C9A->4fcc8d53-44cb-4faf-b915-5afa0c7529d4: receive RaftClientReply:client-969FB6DA8C9A->4fcc8d53-44cb-4faf-b915-5afa0c7529d4@group-6A615BAE1DD1, cid=1977, SUCCESS, logIndex=2868, commits[4fcc8d53-44cb-4faf-b915-5afa0c7529d4:c2869, 48aa5eb4-709c-4003-adb5-fbc02723cd23:c2865, 609a8cf1-6ad3-4123-b94a-106ad93148a8:c2865]
2019-09-05 09:23:31,378 | INFO  | DNAudit | user=null | ip=null | op=WRITE_CHUNK {blockData=conID: 2 locID: 102739175757644317 bcsId: 0} | ret=SUCCESS |  
2019-09-05 09:23:31,378 | INFO  | DNAudit | user=null | ip=null | op=PUT_BLOCK {blockData=[blockId=conID: 2 locID: 102739175757644317 bcsId: 0,size=1048576]} | ret=SUCCESS |  
2019-09-05 09:23:31,378 [grpc-default-executor-2] INFO  client.GrpcClientProtocolClient (GrpcClientProtocolClient.java:onNext(255)) - client-969FB6DA8C9A->4fcc8d53-44cb-4faf-b915-5afa0c7529d4: receive RaftClientReply:client-969FB6DA8C9A->4fcc8d53-44cb-4faf-b915-5afa0c7529d4@group-6A615BAE1DD1, cid=1978, SUCCESS, logIndex=2869, commits[4fcc8d53-44cb-4faf-b915-5afa0c7529d4:c2869, 48aa5eb4-709c-4003-adb5-fbc02723cd23:c2865, 609a8cf1-6ad3-4123-b94a-106ad93148a8:c2865]
2019-09-05 09:23:31,379 | INFO  | DNAudit | user=null | ip=null | op=WRITE_CHUNK {blockData=conID: 2 locID: 102739175757644317 bcsId: 0} | ret=SUCCESS |  
2019-09-05 09:23:31,379 | INFO  | DNAudit | user=null | ip=null | op=PUT_BLOCK {blockData=[blockId=conID: 2 locID: 102739175757644317 bcsId: 0,size=1048576]} | ret=SUCCESS |  
2019-09-05 09:23:31,379 | INFO  | DNAudit | user=null | ip=null | op=WRITE_CHUNK {blockData=conID: 2 locID: 102739175757644317 bcsId: 0} | ret=SUCCESS |  
2019-09-05 09:23:31,379 | INFO  | DNAudit | user=null | ip=null | op=PUT_BLOCK {blockData=[blockId=conID: 2 locID: 102739175757644317 bcsId: 0,size=2097152]} | ret=SUCCESS |  
2019-09-05 09:23:31,379 [grpc-default-executor-5] INFO  client.GrpcClientProtocolClient (GrpcClientProtocolClient.java:onNext(255)) - client-969FB6DA8C9A->4fcc8d53-44cb-4faf-b915-5afa0c7529d4: receive RaftClientReply:client-969FB6DA8C9A->4fcc8d53-44cb-4faf-b915-5afa0c7529d4@group-6A615BAE1DD1, cid=1979, SUCCESS, logIndex=0, commits[4fcc8d53-44cb-4faf-b915-5afa0c7529d4:c2871, 48aa5eb4-709c-4003-adb5-fbc02723cd23:c2867, 609a8cf1-6ad3-4123-b94a-106ad93148a8:c2867]
2019-09-05 09:23:31,380 | INFO  | DNAudit | user=null | ip=null | op=WRITE_CHUNK {blockData=conID: 2 locID: 102739175757644317 bcsId: 0} | ret=SUCCESS |  
2019-09-05 09:23:31,380 | INFO  | DNAudit | user=null | ip=null | op=PUT_BLOCK {blockData=[blockId=conID: 2 locID: 102739175757644317 bcsId: 0,size=2097152]} | ret=SUCCESS |  
2019-09-05 09:23:31,387 | INFO  | DNAudit | user=null | ip=null | op=WRITE_CHUNK {blockData=conID: 2 locID: 102739175757644317 bcsId: 2869} | ret=SUCCESS |  
2019-09-05 09:23:31,389 | INFO  | DNAudit | user=null | ip=null | op=WRITE_CHUNK {blockData=conID: 2 locID: 102739175757644317 bcsId: 2869} | ret=SUCCESS |  
2019-09-05 09:23:31,390 | INFO  | DNAudit | user=null | ip=null | op=WRITE_CHUNK {blockData=conID: 2 locID: 102739175757644317 bcsId: 2869} | ret=SUCCESS |  
2019-09-05 09:23:31,408 | INFO  | DNAudit | user=null | ip=null | op=WRITE_CHUNK {blockData=conID: 2 locID: 102739175757644317 bcsId: 2869} | ret=SUCCESS |  
2019-09-05 09:23:31,408 | INFO  | DNAudit | user=null | ip=null | op=PUT_BLOCK {blockData=[blockId=conID: 2 locID: 102739175757644317 bcsId: 0,size=3145728]} | ret=SUCCESS |  
2019-09-05 09:23:31,408 [grpc-default-executor-4] INFO  client.GrpcClientProtocolClient (GrpcClientProtocolClient.java:onNext(255)) - client-969FB6DA8C9A->4fcc8d53-44cb-4faf-b915-5afa0c7529d4: receive RaftClientReply:client-969FB6DA8C9A->4fcc8d53-44cb-4faf-b915-5afa0c7529d4@group-6A615BAE1DD1, cid=1980, SUCCESS, logIndex=2874, commits[4fcc8d53-44cb-4faf-b915-5afa0c7529d4:c2875, 48aa5eb4-709c-4003-adb5-fbc02723cd23:c2873, 609a8cf1-6ad3-4123-b94a-106ad93148a8:c2873]
2019-09-05 09:23:31,409 [grpc-default-executor-4] INFO  client.GrpcClientProtocolClient (GrpcClientProtocolClient.java:onNext(255)) - client-969FB6DA8C9A->4fcc8d53-44cb-4faf-b915-5afa0c7529d4: receive RaftClientReply:client-969FB6DA8C9A->4fcc8d53-44cb-4faf-b915-5afa0c7529d4@group-6A615BAE1DD1, cid=1981, SUCCESS, logIndex=2875, commits[4fcc8d53-44cb-4faf-b915-5afa0c7529d4:c2875, 48aa5eb4-709c-4003-adb5-fbc02723cd23:c2873, 609a8cf1-6ad3-4123-b94a-106ad93148a8:c2873]
2019-09-05 09:23:31,412 | INFO  | DNAudit | user=null | ip=null | op=WRITE_CHUNK {blockData=conID: 2 locID: 102739175757644317 bcsId: 2869} | ret=SUCCESS |  
2019-09-05 09:23:31,412 | INFO  | DNAudit | user=null | ip=null | op=WRITE_CHUNK {blockData=conID: 2 locID: 102739175757644317 bcsId: 2869} | ret=SUCCESS |  
2019-09-05 09:23:31,412 | INFO  | DNAudit | user=null | ip=null | op=PUT_BLOCK {blockData=[blockId=conID: 2 locID: 102739175757644317 bcsId: 0,size=3145728]} | ret=SUCCESS |  
2019-09-05 09:23:31,413 | INFO  | DNAudit | user=null | ip=null | op=PUT_BLOCK {blockData=[blockId=conID: 2 locID: 102739175757644317 bcsId: 0,size=3145728]} | ret=SUCCESS |  
2019-09-05 09:23:31,415 | INFO  | DNAudit | user=null | ip=null | op=WRITE_CHUNK {blockData=conID: 2 locID: 102739175757644317 bcsId: 2875} | ret=SUCCESS |  
2019-09-05 09:23:31,417 | INFO  | DNAudit | user=null | ip=null | op=WRITE_CHUNK {blockData=conID: 2 locID: 102739175757644317 bcsId: 2875} | ret=SUCCESS |  
2019-09-05 09:23:31,417 | INFO  | DNAudit | user=null | ip=null | op=WRITE_CHUNK {blockData=conID: 2 locID: 102739175757644317 bcsId: 2875} | ret=SUCCESS |  
2019-09-05 09:23:31,433 | INFO  | DNAudit | user=null | ip=null | op=WRITE_CHUNK {blockData=conID: 2 locID: 102739175757644317 bcsId: 2875} | ret=SUCCESS |  
2019-09-05 09:23:31,434 | INFO  | DNAudit | user=null | ip=null | op=PUT_BLOCK {blockData=[blockId=conID: 2 locID: 102739175757644317 bcsId: 0,size=4194304]} | ret=SUCCESS |  
2019-09-05 09:23:31,434 [grpc-default-executor-2] INFO  client.GrpcClientProtocolClient (GrpcClientProtocolClient.java:onNext(255)) - client-969FB6DA8C9A->4fcc8d53-44cb-4faf-b915-5afa0c7529d4: receive RaftClientReply:client-969FB6DA8C9A->4fcc8d53-44cb-4faf-b915-5afa0c7529d4@group-6A615BAE1DD1, cid=1982, SUCCESS, logIndex=2878, commits[4fcc8d53-44cb-4faf-b915-5afa0c7529d4:c2879, 48aa5eb4-709c-4003-adb5-fbc02723cd23:c2877, 609a8cf1-6ad3-4123-b94a-106ad93148a8:c2877]
2019-09-05 09:23:31,434 [grpc-default-executor-2] INFO  client.GrpcClientProtocolClient (GrpcClientProtocolClient.java:onNext(255)) - client-969FB6DA8C9A->4fcc8d53-44cb-4faf-b915-5afa0c7529d4: receive RaftClientReply:client-969FB6DA8C9A->4fcc8d53-44cb-4faf-b915-5afa0c7529d4@group-6A615BAE1DD1, cid=1983, SUCCESS, logIndex=2879, commits[4fcc8d53-44cb-4faf-b915-5afa0c7529d4:c2879, 48aa5eb4-709c-4003-adb5-fbc02723cd23:c2877, 609a8cf1-6ad3-4123-b94a-106ad93148a8:c2877]
2019-09-05 09:23:31,441 | INFO  | DNAudit | user=null | ip=null | op=WRITE_CHUNK {blockData=conID: 2 locID: 102739175757644317 bcsId: 2875} | ret=SUCCESS |  
2019-09-05 09:23:31,441 | INFO  | DNAudit | user=null | ip=null | op=WRITE_CHUNK {blockData=conID: 2 locID: 102739175757644317 bcsId: 2875} | ret=SUCCESS |  
2019-09-05 09:23:31,441 | INFO  | DNAudit | user=null | ip=null | op=PUT_BLOCK {blockData=[blockId=conID: 2 locID: 102739175757644317 bcsId: 0,size=4194304]} | ret=SUCCESS |  
2019-09-05 09:23:31,441 | INFO  | DNAudit | user=null | ip=null | op=PUT_BLOCK {blockData=[blockId=conID: 2 locID: 102739175757644317 bcsId: 0,size=4194304]} | ret=SUCCESS |  
2019-09-05 09:23:31,442 [grpc-default-executor-4] INFO  client.GrpcClientProtocolClient (GrpcClientProtocolClient.java:onNext(255)) - client-969FB6DA8C9A->4fcc8d53-44cb-4faf-b915-5afa0c7529d4: receive RaftClientReply:client-969FB6DA8C9A->4fcc8d53-44cb-4faf-b915-5afa0c7529d4@group-6A615BAE1DD1, cid=1984, SUCCESS, logIndex=0, commits[4fcc8d53-44cb-4faf-b915-5afa0c7529d4:c2880, 48aa5eb4-709c-4003-adb5-fbc02723cd23:c2879, 609a8cf1-6ad3-4123-b94a-106ad93148a8:c2879]
2019-09-05 09:23:31,445 | INFO  | SCMAudit | user=jenkins1000 | ip=192.168.36.69 | op=ALLOCATE_BLOCK {owner=5cf4fcf6-c517-45f4-af25-2fff646d8883, size=4194304, type=RATIS, factor=THREE} | ret=SUCCESS |  
2019-09-05 09:23:31,447 | INFO  | OMAudit | user=jenkins1000 | ip=127.0.0.1 | op=ALLOCATE_BLOCK {volume=vol-0-13331, bucket=bucket-0-43606, key=key-0-76526, dataSize=0, replicationType=null, replicationFactor=null, keyLocationInfo=null, clientID=102739173903106450} | ret=SUCCESS |  
2019-09-05 09:23:31,453 | INFO  | DNAudit | user=null | ip=null | op=WRITE_CHUNK {blockData=conID: 3 locID: 102739175764460062 bcsId: 0} | ret=SUCCESS |  
2019-09-05 09:23:31,454 | INFO  | DNAudit | user=null | ip=null | op=WRITE_CHUNK {blockData=conID: 3 locID: 102739175764460062 bcsId: 0} | ret=SUCCESS |  
2019-09-05 09:23:31,455 | INFO  | DNAudit | user=null | ip=null | op=WRITE_CHUNK {blockData=conID: 3 locID: 102739175764460062 bcsId: 0} | ret=SUCCESS |  
2019-09-05 09:23:31,455 | INFO  | DNAudit | user=null | ip=null | op=WRITE_CHUNK {blockData=conID: 3 locID: 102739175764460062 bcsId: 0} | ret=SUCCESS |  
2019-09-05 09:23:31,456 | INFO  | DNAudit | user=null | ip=null | op=WRITE_CHUNK {blockData=conID: 3 locID: 102739175764460062 bcsId: 0} | ret=SUCCESS |  
2019-09-05 09:23:31,457 | INFO  | DNAudit | user=null | ip=null | op=WRITE_CHUNK {blockData=conID: 3 locID: 102739175764460062 bcsId: 0} | ret=SUCCESS |  
2019-09-05 09:23:31,476 | INFO  | DNAudit | user=null | ip=null | op=WRITE_CHUNK {blockData=conID: 3 locID: 102739175764460062 bcsId: 0} | ret=SUCCESS |  
2019-09-05 09:23:31,476 | INFO  | DNAudit | user=null | ip=null | op=PUT_BLOCK {blockData=[blockId=conID: 3 locID: 102739175764460062 bcsId: 0,size=1048576]} | ret=SUCCESS |  
2019-09-05 09:23:31,477 [grpc-default-executor-5] INFO  client.GrpcClientProtocolClient (GrpcClientProtocolClient.java:onNext(255)) - client-969FB6DA8C9A->4fcc8d53-44cb-4faf-b915-5afa0c7529d4: receive RaftClientReply:client-969FB6DA8C9A->4fcc8d53-44cb-4faf-b915-5afa0c7529d4@group-6A615BAE1DD1, cid=1985, SUCCESS, logIndex=2882, commits[4fcc8d53-44cb-4faf-b915-5afa0c7529d4:c2883, 48aa5eb4-709c-4003-adb5-fbc02723cd23:c2881, 609a8cf1-6ad3-4123-b94a-106ad93148a8:c2881]
2019-09-05 09:23:31,477 | INFO  | DNAudit | user=null | ip=null | op=WRITE_CHUNK {blockData=conID: 3 locID: 102739175764460062 bcsId: 0} | ret=SUCCESS |  
2019-09-05 09:23:31,477 [grpc-default-executor-4] INFO  client.GrpcClientProtocolClient (GrpcClientProtocolClient.java:onNext(255)) - client-969FB6DA8C9A->4fcc8d53-44cb-4faf-b915-5afa0c7529d4: receive RaftClientReply:client-969FB6DA8C9A->4fcc8d53-44cb-4faf-b915-5afa0c7529d4@group-6A615BAE1DD1, cid=1986, SUCCESS, logIndex=2883, commits[4fcc8d53-44cb-4faf-b915-5afa0c7529d4:c2883, 48aa5eb4-709c-4003-adb5-fbc02723cd23:c2881, 609a8cf1-6ad3-4123-b94a-106ad93148a8:c2881]
2019-09-05 09:23:31,477 | INFO  | DNAudit | user=null | ip=null | op=PUT_BLOCK {blockData=[blockId=conID: 3 locID: 102739175764460062 bcsId: 0,size=2097152]} | ret=SUCCESS |  
2019-09-05 09:23:31,477 [grpc-default-executor-4] INFO  client.GrpcClientProtocolClient (GrpcClientProtocolClient.java:onNext(255)) - client-969FB6DA8C9A->4fcc8d53-44cb-4faf-b915-5afa0c7529d4: receive RaftClientReply:client-969FB6DA8C9A->4fcc8d53-44cb-4faf-b915-5afa0c7529d4@group-6A615BAE1DD1, cid=1987, SUCCESS, logIndex=2884, commits[4fcc8d53-44cb-4faf-b915-5afa0c7529d4:c2885, 48aa5eb4-709c-4003-adb5-fbc02723cd23:c2881, 609a8cf1-6ad3-4123-b94a-106ad93148a8:c2881]
2019-09-05 09:23:31,478 [grpc-default-executor-4] INFO  client.GrpcClientProtocolClient (GrpcClientProtocolClient.java:onNext(255)) - client-969FB6DA8C9A->4fcc8d53-44cb-4faf-b915-5afa0c7529d4: receive RaftClientReply:client-969FB6DA8C9A->4fcc8d53-44cb-4faf-b915-5afa0c7529d4@group-6A615BAE1DD1, cid=1988, SUCCESS, logIndex=2885, commits[4fcc8d53-44cb-4faf-b915-5afa0c7529d4:c2885, 48aa5eb4-709c-4003-adb5-fbc02723cd23:c2881, 609a8cf1-6ad3-4123-b94a-106ad93148a8:c2881]
2019-09-05 09:23:31,478 | INFO  | DNAudit | user=null | ip=null | op=WRITE_CHUNK {blockData=conID: 3 locID: 102739175764460062 bcsId: 0} | ret=SUCCESS |  
2019-09-05 09:23:31,479 | INFO  | DNAudit | user=null | ip=null | op=PUT_BLOCK {blockData=[blockId=conID: 3 locID: 102739175764460062 bcsId: 0,size=1048576]} | ret=SUCCESS |  
2019-09-05 09:23:31,479 | INFO  | DNAudit | user=null | ip=null | op=WRITE_CHUNK {blockData=conID: 3 locID: 102739175764460062 bcsId: 0} | ret=SUCCESS |  
2019-09-05 09:23:31,479 | INFO  | DNAudit | user=null | ip=null | op=PUT_BLOCK {blockData=[blockId=conID: 3 locID: 102739175764460062 bcsId: 0,size=1048576]} | ret=SUCCESS |  
2019-09-05 09:23:31,479 [grpc-default-executor-4] INFO  client.GrpcClientProtocolClient (GrpcClientProtocolClient.java:onNext(255)) - client-969FB6DA8C9A->4fcc8d53-44cb-4faf-b915-5afa0c7529d4: receive RaftClientReply:client-969FB6DA8C9A->4fcc8d53-44cb-4faf-b915-5afa0c7529d4@group-6A615BAE1DD1, cid=1989, SUCCESS, logIndex=0, commits[4fcc8d53-44cb-4faf-b915-5afa0c7529d4:c2887, 48aa5eb4-709c-4003-adb5-fbc02723cd23:c2883, 609a8cf1-6ad3-4123-b94a-106ad93148a8:c2883]
2019-09-05 09:23:31,480 | INFO  | DNAudit | user=null | ip=null | op=WRITE_CHUNK {blockData=conID: 3 locID: 102739175764460062 bcsId: 0} | ret=SUCCESS |  
2019-09-05 09:23:31,480 | INFO  | DNAudit | user=null | ip=null | op=PUT_BLOCK {blockData=[blockId=conID: 3 locID: 102739175764460062 bcsId: 0,size=2097152]} | ret=SUCCESS |  
2019-09-05 09:23:31,481 | INFO  | DNAudit | user=null | ip=null | op=WRITE_CHUNK {blockData=conID: 3 locID: 102739175764460062 bcsId: 0} | ret=SUCCESS |  
2019-09-05 09:23:31,481 | INFO  | DNAudit | user=null | ip=null | op=PUT_BLOCK {blockData=[blockId=conID: 3 locID: 102739175764460062 bcsId: 0,size=2097152]} | ret=SUCCESS |  
2019-09-05 09:23:31,484 | INFO  | DNAudit | user=null | ip=null | op=WRITE_CHUNK {blockData=conID: 3 locID: 102739175764460062 bcsId: 2885} | ret=SUCCESS |  
2019-09-05 09:23:31,486 | INFO  | DNAudit | user=null | ip=null | op=WRITE_CHUNK {blockData=conID: 3 locID: 102739175764460062 bcsId: 2885} | ret=SUCCESS |  
2019-09-05 09:23:31,486 | INFO  | DNAudit | user=null | ip=null | op=WRITE_CHUNK {blockData=conID: 3 locID: 102739175764460062 bcsId: 2885} | ret=SUCCESS |  
2019-09-05 09:23:31,494 | INFO  | DNAudit | user=null | ip=null | op=WRITE_CHUNK {blockData=conID: 3 locID: 102739175764460062 bcsId: 2885} | ret=SUCCESS |  
2019-09-05 09:23:31,495 | INFO  | DNAudit | user=null | ip=null | op=PUT_BLOCK {blockData=[blockId=conID: 3 locID: 102739175764460062 bcsId: 0,size=3145728]} | ret=SUCCESS |  
2019-09-05 09:23:31,495 [grpc-default-executor-2] INFO  client.GrpcClientProtocolClient (GrpcClientProtocolClient.java:onNext(255)) - client-969FB6DA8C9A->4fcc8d53-44cb-4faf-b915-5afa0c7529d4: receive RaftClientReply:client-969FB6DA8C9A->4fcc8d53-44cb-4faf-b915-5afa0c7529d4@group-6A615BAE1DD1, cid=1990, SUCCESS, logIndex=2890, commits[4fcc8d53-44cb-4faf-b915-5afa0c7529d4:c2891, 48aa5eb4-709c-4003-adb5-fbc02723cd23:c2889, 609a8cf1-6ad3-4123-b94a-106ad93148a8:c2889]
2019-09-05 09:23:31,495 [grpc-default-executor-2] INFO  client.GrpcClientProtocolClient (GrpcClientProtocolClient.java:onNext(255)) - client-969FB6DA8C9A->4fcc8d53-44cb-4faf-b915-5afa0c7529d4: receive RaftClientReply:client-969FB6DA8C9A->4fcc8d53-44cb-4faf-b915-5afa0c7529d4@group-6A615BAE1DD1, cid=1991, SUCCESS, logIndex=2891, commits[4fcc8d53-44cb-4faf-b915-5afa0c7529d4:c2891, 48aa5eb4-709c-4003-adb5-fbc02723cd23:c2889, 609a8cf1-6ad3-4123-b94a-106ad93148a8:c2889]
2019-09-05 09:23:31,500 | INFO  | DNAudit | user=null | ip=null | op=WRITE_CHUNK {blockData=conID: 3 locID: 102739175764460062 bcsId: 2891} | ret=SUCCESS |  
2019-09-05 09:23:31,502 | INFO  | DNAudit | user=null | ip=null | op=WRITE_CHUNK {blockData=conID: 3 locID: 102739175764460062 bcsId: 2891} | ret=SUCCESS |  
2019-09-05 09:23:31,503 | INFO  | DNAudit | user=null | ip=null | op=WRITE_CHUNK {blockData=conID: 3 locID: 102739175764460062 bcsId: 2891} | ret=SUCCESS |  
2019-09-05 09:23:31,506 | INFO  | DNAudit | user=null | ip=null | op=WRITE_CHUNK {blockData=conID: 3 locID: 102739175764460062 bcsId: 2885} | ret=SUCCESS |  
2019-09-05 09:23:31,506 | INFO  | DNAudit | user=null | ip=null | op=WRITE_CHUNK {blockData=conID: 3 locID: 102739175764460062 bcsId: 2885} | ret=SUCCESS |  
2019-09-05 09:23:31,507 | INFO  | DNAudit | user=null | ip=null | op=PUT_BLOCK {blockData=[blockId=conID: 3 locID: 102739175764460062 bcsId: 0,size=3145728]} | ret=SUCCESS |  
2019-09-05 09:23:31,507 | INFO  | DNAudit | user=null | ip=null | op=PUT_BLOCK {blockData=[blockId=conID: 3 locID: 102739175764460062 bcsId: 0,size=3145728]} | ret=SUCCESS |  
2019-09-05 09:23:31,507 | INFO  | DNAudit | user=null | ip=null | op=WRITE_CHUNK {blockData=conID: 3 locID: 102739175764460062 bcsId: 2891} | ret=SUCCESS |  
2019-09-05 09:23:31,508 | INFO  | DNAudit | user=null | ip=null | op=PUT_BLOCK {blockData=[blockId=conID: 3 locID: 102739175764460062 bcsId: 0,size=4194304]} | ret=SUCCESS |  
2019-09-05 09:23:31,508 [grpc-default-executor-4] INFO  client.GrpcClientProtocolClient (GrpcClientProtocolClient.java:onNext(255)) - client-969FB6DA8C9A->4fcc8d53-44cb-4faf-b915-5afa0c7529d4: receive RaftClientReply:client-969FB6DA8C9A->4fcc8d53-44cb-4faf-b915-5afa0c7529d4@group-6A615BAE1DD1, cid=1992, SUCCESS, logIndex=2894, commits[4fcc8d53-44cb-4faf-b915-5afa0c7529d4:c2895, 48aa5eb4-709c-4003-adb5-fbc02723cd23:c2891, 609a8cf1-6ad3-4123-b94a-106ad93148a8:c2891]
2019-09-05 09:23:31,508 [grpc-default-executor-4] INFO  client.GrpcClientProtocolClient (GrpcClientProtocolClient.java:onNext(255)) - client-969FB6DA8C9A->4fcc8d53-44cb-4faf-b915-5afa0c7529d4: receive RaftClientReply:client-969FB6DA8C9A->4fcc8d53-44cb-4faf-b915-5afa0c7529d4@group-6A615BAE1DD1, cid=1993, SUCCESS, logIndex=2895, commits[4fcc8d53-44cb-4faf-b915-5afa0c7529d4:c2895, 48aa5eb4-709c-4003-adb5-fbc02723cd23:c2891, 609a8cf1-6ad3-4123-b94a-106ad93148a8:c2891]
2019-09-05 09:23:31,513 | INFO  | DNAudit | user=null | ip=null | op=WRITE_CHUNK {blockData=conID: 3 locID: 102739175764460062 bcsId: 2891} | ret=SUCCESS |  
2019-09-05 09:23:31,513 | INFO  | DNAudit | user=null | ip=null | op=WRITE_CHUNK {blockData=conID: 3 locID: 102739175764460062 bcsId: 2891} | ret=SUCCESS |  
2019-09-05 09:23:31,514 | INFO  | DNAudit | user=null | ip=null | op=PUT_BLOCK {blockData=[blockId=conID: 3 locID: 102739175764460062 bcsId: 0,size=4194304]} | ret=SUCCESS |  
2019-09-05 09:23:31,514 | INFO  | DNAudit | user=null | ip=null | op=PUT_BLOCK {blockData=[blockId=conID: 3 locID: 102739175764460062 bcsId: 0,size=4194304]} | ret=SUCCESS |  
2019-09-05 09:23:31,515 [grpc-default-executor-4] INFO  client.GrpcClientProtocolClient (GrpcClientProtocolClient.java:onNext(255)) - client-969FB6DA8C9A->4fcc8d53-44cb-4faf-b915-5afa0c7529d4: receive RaftClientReply:client-969FB6DA8C9A->4fcc8d53-44cb-4faf-b915-5afa0c7529d4@group-6A615BAE1DD1, cid=1994, SUCCESS, logIndex=0, commits[4fcc8d53-44cb-4faf-b915-5afa0c7529d4:c2897, 48aa5eb4-709c-4003-adb5-fbc02723cd23:c2895, 609a8cf1-6ad3-4123-b94a-106ad93148a8:c2895]
2019-09-05 09:23:31,518 | INFO  | SCMAudit | user=jenkins1000 | ip=192.168.36.69 | op=ALLOCATE_BLOCK {owner=5cf4fcf6-c517-45f4-af25-2fff646d8883, size=4194304, type=RATIS, factor=THREE} | ret=SUCCESS |  
2019-09-05 09:23:31,520 | INFO  | OMAudit | user=jenkins1000 | ip=127.0.0.1 | op=ALLOCATE_BLOCK {volume=vol-0-13331, bucket=bucket-0-43606, key=key-0-76526, dataSize=0, replicationType=null, replicationFactor=null, keyLocationInfo=null, clientID=102739173903106450} | ret=SUCCESS |  
2019-09-05 09:23:31,526 | INFO  | DNAudit | user=null | ip=null | op=WRITE_CHUNK {blockData=conID: 1 locID: 102739175769244191 bcsId: 0} | ret=SUCCESS |  
2019-09-05 09:23:31,528 | INFO  | DNAudit | user=null | ip=null | op=WRITE_CHUNK {blockData=conID: 1 locID: 102739175769244191 bcsId: 0} | ret=SUCCESS |  
2019-09-05 09:23:31,529 | INFO  | DNAudit | user=null | ip=null | op=WRITE_CHUNK {blockData=conID: 1 locID: 102739175769244191 bcsId: 0} | ret=SUCCESS |  
2019-09-05 09:23:31,529 | INFO  | DNAudit | user=null | ip=null | op=WRITE_CHUNK {blockData=conID: 1 locID: 102739175769244191 bcsId: 0} | ret=SUCCESS |  
2019-09-05 09:23:31,531 | INFO  | DNAudit | user=null | ip=null | op=WRITE_CHUNK {blockData=conID: 1 locID: 102739175769244191 bcsId: 0} | ret=SUCCESS |  
2019-09-05 09:23:31,531 | INFO  | DNAudit | user=null | ip=null | op=WRITE_CHUNK {blockData=conID: 1 locID: 102739175769244191 bcsId: 0} | ret=SUCCESS |  
2019-09-05 09:23:31,543 | INFO  | DNAudit | user=null | ip=null | op=WRITE_CHUNK {blockData=conID: 1 locID: 102739175769244191 bcsId: 0} | ret=SUCCESS |  
2019-09-05 09:23:31,543 | INFO  | DNAudit | user=null | ip=null | op=PUT_BLOCK {blockData=[blockId=conID: 1 locID: 102739175769244191 bcsId: 0,size=1048576]} | ret=SUCCESS |  
2019-09-05 09:23:31,543 [grpc-default-executor-3] INFO  client.GrpcClientProtocolClient (GrpcClientProtocolClient.java:onNext(255)) - client-969FB6DA8C9A->4fcc8d53-44cb-4faf-b915-5afa0c7529d4: receive RaftClientReply:client-969FB6DA8C9A->4fcc8d53-44cb-4faf-b915-5afa0c7529d4@group-6A615BAE1DD1, cid=1995, SUCCESS, logIndex=2898, commits[4fcc8d53-44cb-4faf-b915-5afa0c7529d4:c2899, 48aa5eb4-709c-4003-adb5-fbc02723cd23:c2897, 609a8cf1-6ad3-4123-b94a-106ad93148a8:c2897]
2019-09-05 09:23:31,543 [grpc-default-executor-3] INFO  client.GrpcClientProtocolClient (GrpcClientProtocolClient.java:onNext(255)) - client-969FB6DA8C9A->4fcc8d53-44cb-4faf-b915-5afa0c7529d4: receive RaftClientReply:client-969FB6DA8C9A->4fcc8d53-44cb-4faf-b915-5afa0c7529d4@group-6A615BAE1DD1, cid=1996, SUCCESS, logIndex=2899, commits[4fcc8d53-44cb-4faf-b915-5afa0c7529d4:c2899, 48aa5eb4-709c-4003-adb5-fbc02723cd23:c2897, 609a8cf1-6ad3-4123-b94a-106ad93148a8:c2897]
2019-09-05 09:23:31,544 | INFO  | DNAudit | user=null | ip=null | op=WRITE_CHUNK {blockData=conID: 1 locID: 102739175769244191 bcsId: 0} | ret=SUCCESS |  
2019-09-05 09:23:31,544 | INFO  | DNAudit | user=null | ip=null | op=PUT_BLOCK {blockData=[blockId=conID: 1 locID: 102739175769244191 bcsId: 0,size=2097152]} | ret=SUCCESS |  
2019-09-05 09:23:31,544 [grpc-default-executor-2] INFO  client.GrpcClientProtocolClient (GrpcClientProtocolClient.java:onNext(255)) - client-969FB6DA8C9A->4fcc8d53-44cb-4faf-b915-5afa0c7529d4: receive RaftClientReply:client-969FB6DA8C9A->4fcc8d53-44cb-4faf-b915-5afa0c7529d4@group-6A615BAE1DD1, cid=1997, SUCCESS, logIndex=2900, commits[4fcc8d53-44cb-4faf-b915-5afa0c7529d4:c2901, 48aa5eb4-709c-4003-adb5-fbc02723cd23:c2897, 609a8cf1-6ad3-4123-b94a-106ad93148a8:c2897]
2019-09-05 09:23:31,544 [grpc-default-executor-5] INFO  client.GrpcClientProtocolClient (GrpcClientProtocolClient.java:onNext(255)) - client-969FB6DA8C9A->4fcc8d53-44cb-4faf-b915-5afa0c7529d4: receive RaftClientReply:client-969FB6DA8C9A->4fcc8d53-44cb-4faf-b915-5afa0c7529d4@group-6A615BAE1DD1, cid=1998, SUCCESS, logIndex=2901, commits[4fcc8d53-44cb-4faf-b915-5afa0c7529d4:c2901, 48aa5eb4-709c-4003-adb5-fbc02723cd23:c2897, 609a8cf1-6ad3-4123-b94a-106ad93148a8:c2897]
2019-09-05 09:23:31,545 | INFO  | DNAudit | user=null | ip=null | op=WRITE_CHUNK {blockData=conID: 1 locID: 102739175769244191 bcsId: 0} | ret=SUCCESS |  
2019-09-05 09:23:31,545 | INFO  | DNAudit | user=null | ip=null | op=PUT_BLOCK {blockData=[blockId=conID: 1 locID: 102739175769244191 bcsId: 0,size=1048576]} | ret=SUCCESS |  
2019-09-05 09:23:31,545 | INFO  | DNAudit | user=null | ip=null | op=WRITE_CHUNK {blockData=conID: 1 locID: 102739175769244191 bcsId: 0} | ret=SUCCESS |  
2019-09-05 09:23:31,545 | INFO  | DNAudit | user=null | ip=null | op=PUT_BLOCK {blockData=[blockId=conID: 1 locID: 102739175769244191 bcsId: 0,size=1048576]} | ret=SUCCESS |  
2019-09-05 09:23:31,545 | INFO  | DNAudit | user=null | ip=null | op=WRITE_CHUNK {blockData=conID: 1 locID: 102739175769244191 bcsId: 0} | ret=SUCCESS |  
2019-09-05 09:23:31,546 [grpc-default-executor-2] INFO  client.GrpcClientProtocolClient (GrpcClientProtocolClient.java:onNext(255)) - client-969FB6DA8C9A->4fcc8d53-44cb-4faf-b915-5afa0c7529d4: receive RaftClientReply:client-969FB6DA8C9A->4fcc8d53-44cb-4faf-b915-5afa0c7529d4@group-6A615BAE1DD1, cid=1999, SUCCESS, logIndex=0, commits[4fcc8d53-44cb-4faf-b915-5afa0c7529d4:c2903, 48aa5eb4-709c-4003-adb5-fbc02723cd23:c2899, 609a8cf1-6ad3-4123-b94a-106ad93148a8:c2899]
2019-09-05 09:23:31,546 | INFO  | DNAudit | user=null | ip=null | op=PUT_BLOCK {blockData=[blockId=conID: 1 locID: 102739175769244191 bcsId: 0,size=2097152]} | ret=SUCCESS |  
2019-09-05 09:23:31,546 | INFO  | DNAudit | user=null | ip=null | op=WRITE_CHUNK {blockData=conID: 1 locID: 102739175769244191 bcsId: 0} | ret=SUCCESS |  
2019-09-05 09:23:31,546 | INFO  | DNAudit | user=null | ip=null | op=PUT_BLOCK {blockData=[blockId=conID: 1 locID: 102739175769244191 bcsId: 0,size=2097152]} | ret=SUCCESS |  
2019-09-05 09:23:31,551 | INFO  | DNAudit | user=null | ip=null | op=WRITE_CHUNK {blockData=conID: 1 locID: 102739175769244191 bcsId: 2901} | ret=SUCCESS |  
2019-09-05 09:23:31,552 | INFO  | DNAudit | user=null | ip=null | op=WRITE_CHUNK {blockData=conID: 1 locID: 102739175769244191 bcsId: 2901} | ret=SUCCESS |  
2019-09-05 09:23:31,552 | INFO  | DNAudit | user=null | ip=null | op=WRITE_CHUNK {blockData=conID: 1 locID: 102739175769244191 bcsId: 2901} | ret=SUCCESS |  
2019-09-05 09:23:31,585 | INFO  | DNAudit | user=null | ip=null | op=WRITE_CHUNK {blockData=conID: 1 locID: 102739175769244191 bcsId: 2901} | ret=SUCCESS |  
2019-09-05 09:23:31,585 | INFO  | DNAudit | user=null | ip=null | op=PUT_BLOCK {blockData=[blockId=conID: 1 locID: 102739175769244191 bcsId: 0,size=3145728]} | ret=SUCCESS |  
2019-09-05 09:23:31,585 [grpc-default-executor-2] INFO  client.GrpcClientProtocolClient (GrpcClientProtocolClient.java:onNext(255)) - client-969FB6DA8C9A->4fcc8d53-44cb-4faf-b915-5afa0c7529d4: receive RaftClientReply:client-969FB6DA8C9A->4fcc8d53-44cb-4faf-b915-5afa0c7529d4@group-6A615BAE1DD1, cid=2000, SUCCESS, logIndex=2906, commits[4fcc8d53-44cb-4faf-b915-5afa0c7529d4:c2907, 48aa5eb4-709c-4003-adb5-fbc02723cd23:c2905, 609a8cf1-6ad3-4123-b94a-106ad93148a8:c2905]
2019-09-05 09:23:31,586 [grpc-default-executor-2] INFO  client.GrpcClientProtocolClient (GrpcClientProtocolClient.java:onNext(255)) - client-969FB6DA8C9A->4fcc8d53-44cb-4faf-b915-5afa0c7529d4: receive RaftClientReply:client-969FB6DA8C9A->4fcc8d53-44cb-4faf-b915-5afa0c7529d4@group-6A615BAE1DD1, cid=2001, SUCCESS, logIndex=2907, commits[4fcc8d53-44cb-4faf-b915-5afa0c7529d4:c2907, 48aa5eb4-709c-4003-adb5-fbc02723cd23:c2905, 609a8cf1-6ad3-4123-b94a-106ad93148a8:c2905]
2019-09-05 09:23:31,591 | INFO  | DNAudit | user=null | ip=null | op=WRITE_CHUNK {blockData=conID: 1 locID: 102739175769244191 bcsId: 2907} | ret=SUCCESS |  
2019-09-05 09:23:31,593 | INFO  | DNAudit | user=null | ip=null | op=WRITE_CHUNK {blockData=conID: 1 locID: 102739175769244191 bcsId: 2907} | ret=SUCCESS |  
2019-09-05 09:23:31,593 | INFO  | DNAudit | user=null | ip=null | op=WRITE_CHUNK {blockData=conID: 1 locID: 102739175769244191 bcsId: 2907} | ret=SUCCESS |  
2019-09-05 09:23:31,604 | INFO  | DNAudit | user=null | ip=null | op=WRITE_CHUNK {blockData=conID: 1 locID: 102739175769244191 bcsId: 2901} | ret=SUCCESS |  
2019-09-05 09:23:31,604 | INFO  | DNAudit | user=null | ip=null | op=WRITE_CHUNK {blockData=conID: 1 locID: 102739175769244191 bcsId: 2901} | ret=SUCCESS |  
2019-09-05 09:23:31,605 | INFO  | DNAudit | user=null | ip=null | op=PUT_BLOCK {blockData=[blockId=conID: 1 locID: 102739175769244191 bcsId: 0,size=3145728]} | ret=SUCCESS |  
2019-09-05 09:23:31,605 | INFO  | DNAudit | user=null | ip=null | op=PUT_BLOCK {blockData=[blockId=conID: 1 locID: 102739175769244191 bcsId: 0,size=3145728]} | ret=SUCCESS |  
2019-09-05 09:23:31,605 | INFO  | DNAudit | user=null | ip=null | op=WRITE_CHUNK {blockData=conID: 1 locID: 102739175769244191 bcsId: 2907} | ret=SUCCESS |  
2019-09-05 09:23:31,606 | INFO  | DNAudit | user=null | ip=null | op=PUT_BLOCK {blockData=[blockId=conID: 1 locID: 102739175769244191 bcsId: 0,size=4194304]} | ret=SUCCESS |  
2019-09-05 09:23:31,606 [grpc-default-executor-3] INFO  client.GrpcClientProtocolClient (GrpcClientProtocolClient.java:onNext(255)) - client-969FB6DA8C9A->4fcc8d53-44cb-4faf-b915-5afa0c7529d4: receive RaftClientReply:client-969FB6DA8C9A->4fcc8d53-44cb-4faf-b915-5afa0c7529d4@group-6A615BAE1DD1, cid=2002, SUCCESS, logIndex=2910, commits[4fcc8d53-44cb-4faf-b915-5afa0c7529d4:c2911, 48aa5eb4-709c-4003-adb5-fbc02723cd23:c2907, 609a8cf1-6ad3-4123-b94a-106ad93148a8:c2907]
2019-09-05 09:23:31,606 [grpc-default-executor-3] INFO  client.GrpcClientProtocolClient (GrpcClientProtocolClient.java:onNext(255)) - client-969FB6DA8C9A->4fcc8d53-44cb-4faf-b915-5afa0c7529d4: receive RaftClientReply:client-969FB6DA8C9A->4fcc8d53-44cb-4faf-b915-5afa0c7529d4@group-6A615BAE1DD1, cid=2003, SUCCESS, logIndex=2911, commits[4fcc8d53-44cb-4faf-b915-5afa0c7529d4:c2911, 48aa5eb4-709c-4003-adb5-fbc02723cd23:c2907, 609a8cf1-6ad3-4123-b94a-106ad93148a8:c2907]
2019-09-05 09:23:31,614 | INFO  | DNAudit | user=null | ip=null | op=WRITE_CHUNK {blockData=conID: 1 locID: 102739175769244191 bcsId: 2907} | ret=SUCCESS |  
2019-09-05 09:23:31,614 | INFO  | DNAudit | user=null | ip=null | op=WRITE_CHUNK {blockData=conID: 1 locID: 102739175769244191 bcsId: 2907} | ret=SUCCESS |  
2019-09-05 09:23:31,614 | INFO  | SCMAudit | user=jenkins1000 | ip=192.168.36.69 | op=SEND_HEARTBEAT {datanodeUUID=fe9e29a7-51ad-458f-9e11-f615da290baa, command=[]} | ret=SUCCESS |  
2019-09-05 09:23:31,615 | INFO  | DNAudit | user=null | ip=null | op=PUT_BLOCK {blockData=[blockId=conID: 1 locID: 102739175769244191 bcsId: 0,size=4194304]} | ret=SUCCESS |  
2019-09-05 09:23:31,615 | INFO  | DNAudit | user=null | ip=null | op=PUT_BLOCK {blockData=[blockId=conID: 1 locID: 102739175769244191 bcsId: 0,size=4194304]} | ret=SUCCESS |  
2019-09-05 09:23:31,615 [grpc-default-executor-3] INFO  client.GrpcClientProtocolClient (GrpcClientProtocolClient.java:onNext(255)) - client-969FB6DA8C9A->4fcc8d53-44cb-4faf-b915-5afa0c7529d4: receive RaftClientReply:client-969FB6DA8C9A->4fcc8d53-44cb-4faf-b915-5afa0c7529d4@group-6A615BAE1DD1, cid=2004, SUCCESS, logIndex=0, commits[4fcc8d53-44cb-4faf-b915-5afa0c7529d4:c2912, 48aa5eb4-709c-4003-adb5-fbc02723cd23:c2911, 609a8cf1-6ad3-4123-b94a-106ad93148a8:c2911]
2019-09-05 09:23:31,618 | INFO  | SCMAudit | user=jenkins1000 | ip=192.168.36.69 | op=ALLOCATE_BLOCK {owner=5cf4fcf6-c517-45f4-af25-2fff646d8883, size=4194304, type=RATIS, factor=THREE} | ret=SUCCESS |  
2019-09-05 09:23:31,620 | INFO  | OMAudit | user=jenkins1000 | ip=127.0.0.1 | op=ALLOCATE_BLOCK {volume=vol-0-13331, bucket=bucket-0-43606, key=key-0-76526, dataSize=0, replicationType=null, replicationFactor=null, keyLocationInfo=null, clientID=102739173903106450} | ret=SUCCESS |  
2019-09-05 09:23:31,626 | INFO  | DNAudit | user=null | ip=null | op=WRITE_CHUNK {blockData=conID: 2 locID: 102739175775797792 bcsId: 0} | ret=SUCCESS |  
2019-09-05 09:23:31,628 | INFO  | DNAudit | user=null | ip=null | op=WRITE_CHUNK {blockData=conID: 2 locID: 102739175775797792 bcsId: 0} | ret=SUCCESS |  
2019-09-05 09:23:31,628 | INFO  | DNAudit | user=null | ip=null | op=WRITE_CHUNK {blockData=conID: 2 locID: 102739175775797792 bcsId: 0} | ret=SUCCESS |  
2019-09-05 09:23:31,629 | INFO  | DNAudit | user=null | ip=null | op=WRITE_CHUNK {blockData=conID: 2 locID: 102739175775797792 bcsId: 0} | ret=SUCCESS |  
2019-09-05 09:23:31,631 | INFO  | DNAudit | user=null | ip=null | op=WRITE_CHUNK {blockData=conID: 2 locID: 102739175775797792 bcsId: 0} | ret=SUCCESS |  
2019-09-05 09:23:31,631 | INFO  | DNAudit | user=null | ip=null | op=WRITE_CHUNK {blockData=conID: 2 locID: 102739175775797792 bcsId: 0} | ret=SUCCESS |  
2019-09-05 09:23:31,640 | INFO  | DNAudit | user=null | ip=null | op=WRITE_CHUNK {blockData=conID: 2 locID: 102739175775797792 bcsId: 0} | ret=SUCCESS |  
2019-09-05 09:23:31,641 | INFO  | DNAudit | user=null | ip=null | op=PUT_BLOCK {blockData=[blockId=conID: 2 locID: 102739175775797792 bcsId: 0,size=1048576]} | ret=SUCCESS |  
2019-09-05 09:23:31,641 [grpc-default-executor-3] INFO  client.GrpcClientProtocolClient (GrpcClientProtocolClient.java:onNext(255)) - client-969FB6DA8C9A->4fcc8d53-44cb-4faf-b915-5afa0c7529d4: receive RaftClientReply:client-969FB6DA8C9A->4fcc8d53-44cb-4faf-b915-5afa0c7529d4@group-6A615BAE1DD1, cid=2005, SUCCESS, logIndex=2914, commits[4fcc8d53-44cb-4faf-b915-5afa0c7529d4:c2915, 48aa5eb4-709c-4003-adb5-fbc02723cd23:c2913, 609a8cf1-6ad3-4123-b94a-106ad93148a8:c2913]
2019-09-05 09:23:31,641 | INFO  | DNAudit | user=null | ip=null | op=WRITE_CHUNK {blockData=conID: 2 locID: 102739175775797792 bcsId: 0} | ret=SUCCESS |  
2019-09-05 09:23:31,642 | INFO  | DNAudit | user=null | ip=null | op=PUT_BLOCK {blockData=[blockId=conID: 2 locID: 102739175775797792 bcsId: 0,size=2097152]} | ret=SUCCESS |  
2019-09-05 09:23:31,642 [grpc-default-executor-3] INFO  client.GrpcClientProtocolClient (GrpcClientProtocolClient.java:onNext(255)) - client-969FB6DA8C9A->4fcc8d53-44cb-4faf-b915-5afa0c7529d4: receive RaftClientReply:client-969FB6DA8C9A->4fcc8d53-44cb-4faf-b915-5afa0c7529d4@group-6A615BAE1DD1, cid=2006, SUCCESS, logIndex=2915, commits[4fcc8d53-44cb-4faf-b915-5afa0c7529d4:c2915, 48aa5eb4-709c-4003-adb5-fbc02723cd23:c2913, 609a8cf1-6ad3-4123-b94a-106ad93148a8:c2913]
2019-09-05 09:23:31,642 | INFO  | DNAudit | user=null | ip=null | op=WRITE_CHUNK {blockData=conID: 2 locID: 102739175775797792 bcsId: 0} | ret=SUCCESS |  
2019-09-05 09:23:31,642 [grpc-default-executor-3] INFO  client.GrpcClientProtocolClient (GrpcClientProtocolClient.java:onNext(255)) - client-969FB6DA8C9A->4fcc8d53-44cb-4faf-b915-5afa0c7529d4: receive RaftClientReply:client-969FB6DA8C9A->4fcc8d53-44cb-4faf-b915-5afa0c7529d4@group-6A615BAE1DD1, cid=2007, SUCCESS, logIndex=2916, commits[4fcc8d53-44cb-4faf-b915-5afa0c7529d4:c2917, 48aa5eb4-709c-4003-adb5-fbc02723cd23:c2913, 609a8cf1-6ad3-4123-b94a-106ad93148a8:c2913]
2019-09-05 09:23:31,642 | INFO  | DNAudit | user=null | ip=null | op=PUT_BLOCK {blockData=[blockId=conID: 2 locID: 102739175775797792 bcsId: 0,size=1048576]} | ret=SUCCESS |  
2019-09-05 09:23:31,642 [grpc-default-executor-3] INFO  client.GrpcClientProtocolClient (GrpcClientProtocolClient.java:onNext(255)) - client-969FB6DA8C9A->4fcc8d53-44cb-4faf-b915-5afa0c7529d4: receive RaftClientReply:client-969FB6DA8C9A->4fcc8d53-44cb-4faf-b915-5afa0c7529d4@group-6A615BAE1DD1, cid=2008, SUCCESS, logIndex=2917, commits[4fcc8d53-44cb-4faf-b915-5afa0c7529d4:c2917, 48aa5eb4-709c-4003-adb5-fbc02723cd23:c2913, 609a8cf1-6ad3-4123-b94a-106ad93148a8:c2913]
2019-09-05 09:23:31,643 | INFO  | DNAudit | user=null | ip=null | op=WRITE_CHUNK {blockData=conID: 2 locID: 102739175775797792 bcsId: 0} | ret=SUCCESS |  
2019-09-05 09:23:31,643 | INFO  | DNAudit | user=null | ip=null | op=PUT_BLOCK {blockData=[blockId=conID: 2 locID: 102739175775797792 bcsId: 0,size=1048576]} | ret=SUCCESS |  
2019-09-05 09:23:31,643 | INFO  | DNAudit | user=null | ip=null | op=WRITE_CHUNK {blockData=conID: 2 locID: 102739175775797792 bcsId: 0} | ret=SUCCESS |  
2019-09-05 09:23:31,643 | INFO  | DNAudit | user=null | ip=null | op=WRITE_CHUNK {blockData=conID: 2 locID: 102739175775797792 bcsId: 0} | ret=SUCCESS |  
2019-09-05 09:23:31,643 [grpc-default-executor-3] INFO  client.GrpcClientProtocolClient (GrpcClientProtocolClient.java:onNext(255)) - client-969FB6DA8C9A->4fcc8d53-44cb-4faf-b915-5afa0c7529d4: receive RaftClientReply:client-969FB6DA8C9A->4fcc8d53-44cb-4faf-b915-5afa0c7529d4@group-6A615BAE1DD1, cid=2009, SUCCESS, logIndex=0, commits[4fcc8d53-44cb-4faf-b915-5afa0c7529d4:c2920, 48aa5eb4-709c-4003-adb5-fbc02723cd23:c2916, 609a8cf1-6ad3-4123-b94a-106ad93148a8:c2915]
2019-09-05 09:23:31,643 | INFO  | DNAudit | user=null | ip=null | op=PUT_BLOCK {blockData=[blockId=conID: 2 locID: 102739175775797792 bcsId: 0,size=2097152]} | ret=SUCCESS |  
2019-09-05 09:23:31,644 | INFO  | DNAudit | user=null | ip=null | op=PUT_BLOCK {blockData=[blockId=conID: 2 locID: 102739175775797792 bcsId: 0,size=2097152]} | ret=SUCCESS |  
2019-09-05 09:23:31,649 | INFO  | DNAudit | user=null | ip=null | op=WRITE_CHUNK {blockData=conID: 2 locID: 102739175775797792 bcsId: 2917} | ret=SUCCESS |  
2019-09-05 09:23:31,650 | INFO  | DNAudit | user=null | ip=null | op=WRITE_CHUNK {blockData=conID: 2 locID: 102739175775797792 bcsId: 2917} | ret=SUCCESS |  
2019-09-05 09:23:31,650 | INFO  | DNAudit | user=null | ip=null | op=WRITE_CHUNK {blockData=conID: 2 locID: 102739175775797792 bcsId: 2917} | ret=SUCCESS |  
2019-09-05 09:23:31,728 | INFO  | DNAudit | user=null | ip=null | op=WRITE_CHUNK {blockData=conID: 2 locID: 102739175775797792 bcsId: 2917} | ret=SUCCESS |  
2019-09-05 09:23:31,729 | INFO  | DNAudit | user=null | ip=null | op=PUT_BLOCK {blockData=[blockId=conID: 2 locID: 102739175775797792 bcsId: 0,size=3145728]} | ret=SUCCESS |  
2019-09-05 09:23:31,729 [grpc-default-executor-2] INFO  client.GrpcClientProtocolClient (GrpcClientProtocolClient.java:onNext(255)) - client-969FB6DA8C9A->4fcc8d53-44cb-4faf-b915-5afa0c7529d4: receive RaftClientReply:client-969FB6DA8C9A->4fcc8d53-44cb-4faf-b915-5afa0c7529d4@group-6A615BAE1DD1, cid=2010, SUCCESS, logIndex=2922, commits[4fcc8d53-44cb-4faf-b915-5afa0c7529d4:c2923, 48aa5eb4-709c-4003-adb5-fbc02723cd23:c2921, 609a8cf1-6ad3-4123-b94a-106ad93148a8:c2921]
2019-09-05 09:23:31,729 [grpc-default-executor-2] INFO  client.GrpcClientProtocolClient (GrpcClientProtocolClient.java:onNext(255)) - client-969FB6DA8C9A->4fcc8d53-44cb-4faf-b915-5afa0c7529d4: receive RaftClientReply:client-969FB6DA8C9A->4fcc8d53-44cb-4faf-b915-5afa0c7529d4@group-6A615BAE1DD1, cid=2011, SUCCESS, logIndex=2923, commits[4fcc8d53-44cb-4faf-b915-5afa0c7529d4:c2923, 48aa5eb4-709c-4003-adb5-fbc02723cd23:c2921, 609a8cf1-6ad3-4123-b94a-106ad93148a8:c2921]
2019-09-05 09:23:31,736 | INFO  | DNAudit | user=null | ip=null | op=WRITE_CHUNK {blockData=conID: 2 locID: 102739175775797792 bcsId: 2923} | ret=SUCCESS |  
2019-09-05 09:23:31,739 | INFO  | DNAudit | user=null | ip=null | op=WRITE_CHUNK {blockData=conID: 2 locID: 102739175775797792 bcsId: 2923} | ret=SUCCESS |  
2019-09-05 09:23:31,739 | INFO  | DNAudit | user=null | ip=null | op=WRITE_CHUNK {blockData=conID: 2 locID: 102739175775797792 bcsId: 2923} | ret=SUCCESS |  
2019-09-05 09:23:31,751 | INFO  | DNAudit | user=null | ip=null | op=WRITE_CHUNK {blockData=conID: 2 locID: 102739175775797792 bcsId: 2917} | ret=SUCCESS |  
2019-09-05 09:23:31,751 | INFO  | DNAudit | user=null | ip=null | op=WRITE_CHUNK {blockData=conID: 2 locID: 102739175775797792 bcsId: 2917} | ret=SUCCESS |  
2019-09-05 09:23:31,751 | INFO  | DNAudit | user=null | ip=null | op=PUT_BLOCK {blockData=[blockId=conID: 2 locID: 102739175775797792 bcsId: 0,size=3145728]} | ret=SUCCESS |  
2019-09-05 09:23:31,751 | INFO  | DNAudit | user=null | ip=null | op=PUT_BLOCK {blockData=[blockId=conID: 2 locID: 102739175775797792 bcsId: 0,size=3145728]} | ret=SUCCESS |  
2019-09-05 09:23:31,752 | INFO  | DNAudit | user=null | ip=null | op=WRITE_CHUNK {blockData=conID: 2 locID: 102739175775797792 bcsId: 2923} | ret=SUCCESS |  
2019-09-05 09:23:31,753 | INFO  | DNAudit | user=null | ip=null | op=PUT_BLOCK {blockData=[blockId=conID: 2 locID: 102739175775797792 bcsId: 0,size=4194304]} | ret=SUCCESS |  
2019-09-05 09:23:31,753 [grpc-default-executor-5] INFO  client.GrpcClientProtocolClient (GrpcClientProtocolClient.java:onNext(255)) - client-969FB6DA8C9A->4fcc8d53-44cb-4faf-b915-5afa0c7529d4: receive RaftClientReply:client-969FB6DA8C9A->4fcc8d53-44cb-4faf-b915-5afa0c7529d4@group-6A615BAE1DD1, cid=2012, SUCCESS, logIndex=2926, commits[4fcc8d53-44cb-4faf-b915-5afa0c7529d4:c2926, 48aa5eb4-709c-4003-adb5-fbc02723cd23:c2923, 609a8cf1-6ad3-4123-b94a-106ad93148a8:c2923]
2019-09-05 09:23:31,753 [grpc-default-executor-5] INFO  client.GrpcClientProtocolClient (GrpcClientProtocolClient.java:onNext(255)) - client-969FB6DA8C9A->4fcc8d53-44cb-4faf-b915-5afa0c7529d4: receive RaftClientReply:client-969FB6DA8C9A->4fcc8d53-44cb-4faf-b915-5afa0c7529d4@group-6A615BAE1DD1, cid=2013, SUCCESS, logIndex=2927, commits[4fcc8d53-44cb-4faf-b915-5afa0c7529d4:c2927, 48aa5eb4-709c-4003-adb5-fbc02723cd23:c2923, 609a8cf1-6ad3-4123-b94a-106ad93148a8:c2923]
2019-09-05 09:23:31,760 | INFO  | DNAudit | user=null | ip=null | op=WRITE_CHUNK {blockData=conID: 2 locID: 102739175775797792 bcsId: 2923} | ret=SUCCESS |  
2019-09-05 09:23:31,760 | INFO  | DNAudit | user=null | ip=null | op=WRITE_CHUNK {blockData=conID: 2 locID: 102739175775797792 bcsId: 2923} | ret=SUCCESS |  
2019-09-05 09:23:31,761 | INFO  | DNAudit | user=null | ip=null | op=PUT_BLOCK {blockData=[blockId=conID: 2 locID: 102739175775797792 bcsId: 0,size=4194304]} | ret=SUCCESS |  
2019-09-05 09:23:31,761 | INFO  | DNAudit | user=null | ip=null | op=PUT_BLOCK {blockData=[blockId=conID: 2 locID: 102739175775797792 bcsId: 0,size=4194304]} | ret=SUCCESS |  
2019-09-05 09:23:31,761 [grpc-default-executor-3] INFO  client.GrpcClientProtocolClient (GrpcClientProtocolClient.java:onNext(255)) - client-969FB6DA8C9A->4fcc8d53-44cb-4faf-b915-5afa0c7529d4: receive RaftClientReply:client-969FB6DA8C9A->4fcc8d53-44cb-4faf-b915-5afa0c7529d4@group-6A615BAE1DD1, cid=2014, SUCCESS, logIndex=0, commits[4fcc8d53-44cb-4faf-b915-5afa0c7529d4:c2929, 48aa5eb4-709c-4003-adb5-fbc02723cd23:c2927, 609a8cf1-6ad3-4123-b94a-106ad93148a8:c2927]
2019-09-05 09:23:31,765 | INFO  | SCMAudit | user=jenkins1000 | ip=192.168.36.69 | op=ALLOCATE_BLOCK {owner=5cf4fcf6-c517-45f4-af25-2fff646d8883, size=4194304, type=RATIS, factor=THREE} | ret=SUCCESS |  
2019-09-05 09:23:31,768 | INFO  | OMAudit | user=jenkins1000 | ip=127.0.0.1 | op=ALLOCATE_BLOCK {volume=vol-0-13331, bucket=bucket-0-43606, key=key-0-76526, dataSize=0, replicationType=null, replicationFactor=null, keyLocationInfo=null, clientID=102739173903106450} | ret=SUCCESS |  
2019-09-05 09:23:31,775 | INFO  | DNAudit | user=null | ip=null | op=WRITE_CHUNK {blockData=conID: 3 locID: 102739175785431585 bcsId: 0} | ret=SUCCESS |  
2019-09-05 09:23:31,777 | INFO  | DNAudit | user=null | ip=null | op=WRITE_CHUNK {blockData=conID: 3 locID: 102739175785431585 bcsId: 0} | ret=SUCCESS |  
2019-09-05 09:23:31,777 | INFO  | DNAudit | user=null | ip=null | op=WRITE_CHUNK {blockData=conID: 3 locID: 102739175785431585 bcsId: 0} | ret=SUCCESS |  
2019-09-05 09:23:31,778 | INFO  | DNAudit | user=null | ip=null | op=WRITE_CHUNK {blockData=conID: 3 locID: 102739175785431585 bcsId: 0} | ret=SUCCESS |  
2019-09-05 09:23:31,780 | INFO  | DNAudit | user=null | ip=null | op=WRITE_CHUNK {blockData=conID: 3 locID: 102739175785431585 bcsId: 0} | ret=SUCCESS |  
2019-09-05 09:23:31,780 | INFO  | DNAudit | user=null | ip=null | op=WRITE_CHUNK {blockData=conID: 3 locID: 102739175785431585 bcsId: 0} | ret=SUCCESS |  
2019-09-05 09:23:31,792 | INFO  | DNAudit | user=null | ip=null | op=WRITE_CHUNK {blockData=conID: 3 locID: 102739175785431585 bcsId: 0} | ret=SUCCESS |  
2019-09-05 09:23:31,792 | INFO  | DNAudit | user=null | ip=null | op=PUT_BLOCK {blockData=[blockId=conID: 3 locID: 102739175785431585 bcsId: 0,size=1048576]} | ret=SUCCESS |  
2019-09-05 09:23:31,792 [grpc-default-executor-2] INFO  client.GrpcClientProtocolClient (GrpcClientProtocolClient.java:onNext(255)) - client-969FB6DA8C9A->4fcc8d53-44cb-4faf-b915-5afa0c7529d4: receive RaftClientReply:client-969FB6DA8C9A->4fcc8d53-44cb-4faf-b915-5afa0c7529d4@group-6A615BAE1DD1, cid=2015, SUCCESS, logIndex=2930, commits[4fcc8d53-44cb-4faf-b915-5afa0c7529d4:c2931, 48aa5eb4-709c-4003-adb5-fbc02723cd23:c2929, 609a8cf1-6ad3-4123-b94a-106ad93148a8:c2929]
2019-09-05 09:23:31,793 | INFO  | DNAudit | user=null | ip=null | op=WRITE_CHUNK {blockData=conID: 3 locID: 102739175785431585 bcsId: 0} | ret=SUCCESS |  
2019-09-05 09:23:31,793 [grpc-default-executor-2] INFO  client.GrpcClientProtocolClient (GrpcClientProtocolClient.java:onNext(255)) - client-969FB6DA8C9A->4fcc8d53-44cb-4faf-b915-5afa0c7529d4: receive RaftClientReply:client-969FB6DA8C9A->4fcc8d53-44cb-4faf-b915-5afa0c7529d4@group-6A615BAE1DD1, cid=2016, SUCCESS, logIndex=2931, commits[4fcc8d53-44cb-4faf-b915-5afa0c7529d4:c2931, 48aa5eb4-709c-4003-adb5-fbc02723cd23:c2929, 609a8cf1-6ad3-4123-b94a-106ad93148a8:c2929]
2019-09-05 09:23:31,793 | INFO  | DNAudit | user=null | ip=null | op=PUT_BLOCK {blockData=[blockId=conID: 3 locID: 102739175785431585 bcsId: 0,size=2097152]} | ret=SUCCESS |  
2019-09-05 09:23:31,794 [grpc-default-executor-5] INFO  client.GrpcClientProtocolClient (GrpcClientProtocolClient.java:onNext(255)) - client-969FB6DA8C9A->4fcc8d53-44cb-4faf-b915-5afa0c7529d4: receive RaftClientReply:client-969FB6DA8C9A->4fcc8d53-44cb-4faf-b915-5afa0c7529d4@group-6A615BAE1DD1, cid=2017, SUCCESS, logIndex=2932, commits[4fcc8d53-44cb-4faf-b915-5afa0c7529d4:c2933, 48aa5eb4-709c-4003-adb5-fbc02723cd23:c2929, 609a8cf1-6ad3-4123-b94a-106ad93148a8:c2929]
2019-09-05 09:23:31,794 | INFO  | DNAudit | user=null | ip=null | op=WRITE_CHUNK {blockData=conID: 3 locID: 102739175785431585 bcsId: 0} | ret=SUCCESS |  
2019-09-05 09:23:31,794 [grpc-default-executor-5] INFO  client.GrpcClientProtocolClient (GrpcClientProtocolClient.java:onNext(255)) - client-969FB6DA8C9A->4fcc8d53-44cb-4faf-b915-5afa0c7529d4: receive RaftClientReply:client-969FB6DA8C9A->4fcc8d53-44cb-4faf-b915-5afa0c7529d4@group-6A615BAE1DD1, cid=2018, SUCCESS, logIndex=2933, commits[4fcc8d53-44cb-4faf-b915-5afa0c7529d4:c2933, 48aa5eb4-709c-4003-adb5-fbc02723cd23:c2929, 609a8cf1-6ad3-4123-b94a-106ad93148a8:c2929]
2019-09-05 09:23:31,794 | INFO  | DNAudit | user=null | ip=null | op=PUT_BLOCK {blockData=[blockId=conID: 3 locID: 102739175785431585 bcsId: 0,size=1048576]} | ret=SUCCESS |  
2019-09-05 09:23:31,795 | INFO  | DNAudit | user=null | ip=null | op=WRITE_CHUNK {blockData=conID: 3 locID: 102739175785431585 bcsId: 0} | ret=SUCCESS |  
2019-09-05 09:23:31,796 | INFO  | DNAudit | user=null | ip=null | op=PUT_BLOCK {blockData=[blockId=conID: 3 locID: 102739175785431585 bcsId: 0,size=2097152]} | ret=SUCCESS |  
2019-09-05 09:23:31,796 | INFO  | DNAudit | user=null | ip=null | op=WRITE_CHUNK {blockData=conID: 3 locID: 102739175785431585 bcsId: 0} | ret=SUCCESS |  
2019-09-05 09:23:31,796 | INFO  | DNAudit | user=null | ip=null | op=PUT_BLOCK {blockData=[blockId=conID: 3 locID: 102739175785431585 bcsId: 0,size=1048576]} | ret=SUCCESS |  
2019-09-05 09:23:31,796 | INFO  | DNAudit | user=null | ip=null | op=WRITE_CHUNK {blockData=conID: 3 locID: 102739175785431585 bcsId: 0} | ret=SUCCESS |  
2019-09-05 09:23:31,796 | INFO  | DNAudit | user=null | ip=null | op=PUT_BLOCK {blockData=[blockId=conID: 3 locID: 102739175785431585 bcsId: 0,size=2097152]} | ret=SUCCESS |  
2019-09-05 09:23:31,796 [grpc-default-executor-2] INFO  client.GrpcClientProtocolClient (GrpcClientProtocolClient.java:onNext(255)) - client-969FB6DA8C9A->4fcc8d53-44cb-4faf-b915-5afa0c7529d4: receive RaftClientReply:client-969FB6DA8C9A->4fcc8d53-44cb-4faf-b915-5afa0c7529d4@group-6A615BAE1DD1, cid=2019, SUCCESS, logIndex=0, commits[4fcc8d53-44cb-4faf-b915-5afa0c7529d4:c2936, 48aa5eb4-709c-4003-adb5-fbc02723cd23:c2931, 609a8cf1-6ad3-4123-b94a-106ad93148a8:c2933]
2019-09-05 09:23:31,802 | INFO  | DNAudit | user=null | ip=null | op=WRITE_CHUNK {blockData=conID: 3 locID: 102739175785431585 bcsId: 2933} | ret=SUCCESS |  
2019-09-05 09:23:31,805 | INFO  | DNAudit | user=null | ip=null | op=WRITE_CHUNK {blockData=conID: 3 locID: 102739175785431585 bcsId: 2933} | ret=SUCCESS |  
2019-09-05 09:23:31,805 | INFO  | DNAudit | user=null | ip=null | op=WRITE_CHUNK {blockData=conID: 3 locID: 102739175785431585 bcsId: 2933} | ret=SUCCESS |  
2019-09-05 09:23:31,883 | INFO  | DNAudit | user=null | ip=null | op=WRITE_CHUNK {blockData=conID: 3 locID: 102739175785431585 bcsId: 2933} | ret=SUCCESS |  
2019-09-05 09:23:31,884 | INFO  | DNAudit | user=null | ip=null | op=PUT_BLOCK {blockData=[blockId=conID: 3 locID: 102739175785431585 bcsId: 0,size=3145728]} | ret=SUCCESS |  
2019-09-05 09:23:31,884 [grpc-default-executor-5] INFO  client.GrpcClientProtocolClient (GrpcClientProtocolClient.java:onNext(255)) - client-969FB6DA8C9A->4fcc8d53-44cb-4faf-b915-5afa0c7529d4: receive RaftClientReply:client-969FB6DA8C9A->4fcc8d53-44cb-4faf-b915-5afa0c7529d4@group-6A615BAE1DD1, cid=2020, SUCCESS, logIndex=2937, commits[4fcc8d53-44cb-4faf-b915-5afa0c7529d4:c2938, 48aa5eb4-709c-4003-adb5-fbc02723cd23:c2936, 609a8cf1-6ad3-4123-b94a-106ad93148a8:c2936]
2019-09-05 09:23:31,884 [grpc-default-executor-5] INFO  client.GrpcClientProtocolClient (GrpcClientProtocolClient.java:onNext(255)) - client-969FB6DA8C9A->4fcc8d53-44cb-4faf-b915-5afa0c7529d4: receive RaftClientReply:client-969FB6DA8C9A->4fcc8d53-44cb-4faf-b915-5afa0c7529d4@group-6A615BAE1DD1, cid=2021, SUCCESS, logIndex=2938, commits[4fcc8d53-44cb-4faf-b915-5afa0c7529d4:c2938, 48aa5eb4-709c-4003-adb5-fbc02723cd23:c2936, 609a8cf1-6ad3-4123-b94a-106ad93148a8:c2936]
2019-09-05 09:23:31,890 | INFO  | DNAudit | user=null | ip=null | op=WRITE_CHUNK {blockData=conID: 3 locID: 102739175785431585 bcsId: 2938} | ret=SUCCESS |  
2019-09-05 09:23:31,892 | INFO  | DNAudit | user=null | ip=null | op=WRITE_CHUNK {blockData=conID: 3 locID: 102739175785431585 bcsId: 2933} | ret=SUCCESS |  
2019-09-05 09:23:31,892 | INFO  | DNAudit | user=null | ip=null | op=WRITE_CHUNK {blockData=conID: 3 locID: 102739175785431585 bcsId: 2933} | ret=SUCCESS |  
2019-09-05 09:23:31,893 | INFO  | DNAudit | user=null | ip=null | op=WRITE_CHUNK {blockData=conID: 3 locID: 102739175785431585 bcsId: 2938} | ret=SUCCESS |  
2019-09-05 09:23:31,894 | INFO  | DNAudit | user=null | ip=null | op=WRITE_CHUNK {blockData=conID: 3 locID: 102739175785431585 bcsId: 2938} | ret=SUCCESS |  
2019-09-05 09:23:31,899 | INFO  | DNAudit | user=null | ip=null | op=PUT_BLOCK {blockData=[blockId=conID: 3 locID: 102739175785431585 bcsId: 0,size=3145728]} | ret=SUCCESS |  
2019-09-05 09:23:31,899 | INFO  | DNAudit | user=null | ip=null | op=WRITE_CHUNK {blockData=conID: 3 locID: 102739175785431585 bcsId: 2938} | ret=SUCCESS |  
2019-09-05 09:23:31,902 | INFO  | DNAudit | user=null | ip=null | op=PUT_BLOCK {blockData=[blockId=conID: 3 locID: 102739175785431585 bcsId: 0,size=3145728]} | ret=SUCCESS |  
2019-09-05 09:23:31,905 | INFO  | DNAudit | user=null | ip=null | op=PUT_BLOCK {blockData=[blockId=conID: 3 locID: 102739175785431585 bcsId: 0,size=4194304]} | ret=SUCCESS |  
2019-09-05 09:23:31,906 [grpc-default-executor-2] INFO  client.GrpcClientProtocolClient (GrpcClientProtocolClient.java:onNext(255)) - client-969FB6DA8C9A->4fcc8d53-44cb-4faf-b915-5afa0c7529d4: receive RaftClientReply:client-969FB6DA8C9A->4fcc8d53-44cb-4faf-b915-5afa0c7529d4@group-6A615BAE1DD1, cid=2022, SUCCESS, logIndex=2941, commits[4fcc8d53-44cb-4faf-b915-5afa0c7529d4:c2941, 48aa5eb4-709c-4003-adb5-fbc02723cd23:c2937, 609a8cf1-6ad3-4123-b94a-106ad93148a8:c2938]
2019-09-05 09:23:31,906 [grpc-default-executor-2] INFO  client.GrpcClientProtocolClient (GrpcClientProtocolClient.java:onNext(255)) - client-969FB6DA8C9A->4fcc8d53-44cb-4faf-b915-5afa0c7529d4: receive RaftClientReply:client-969FB6DA8C9A->4fcc8d53-44cb-4faf-b915-5afa0c7529d4@group-6A615BAE1DD1, cid=2023, SUCCESS, logIndex=2942, commits[4fcc8d53-44cb-4faf-b915-5afa0c7529d4:c2942, 48aa5eb4-709c-4003-adb5-fbc02723cd23:c2938, 609a8cf1-6ad3-4123-b94a-106ad93148a8:c2938]
2019-09-05 09:23:31,906 | INFO  | DNAudit | user=null | ip=null | op=WRITE_CHUNK {blockData=conID: 3 locID: 102739175785431585 bcsId: 2938} | ret=SUCCESS |  
2019-09-05 09:23:31,907 | INFO  | DNAudit | user=null | ip=null | op=WRITE_CHUNK {blockData=conID: 3 locID: 102739175785431585 bcsId: 2938} | ret=SUCCESS |  
2019-09-05 09:23:31,907 | INFO  | DNAudit | user=null | ip=null | op=PUT_BLOCK {blockData=[blockId=conID: 3 locID: 102739175785431585 bcsId: 0,size=4194304]} | ret=SUCCESS |  
2019-09-05 09:23:31,914 | INFO  | DNAudit | user=null | ip=null | op=PUT_BLOCK {blockData=[blockId=conID: 3 locID: 102739175785431585 bcsId: 0,size=4194304]} | ret=SUCCESS |  
2019-09-05 09:23:31,915 [grpc-default-executor-2] INFO  client.GrpcClientProtocolClient (GrpcClientProtocolClient.java:onNext(255)) - client-969FB6DA8C9A->4fcc8d53-44cb-4faf-b915-5afa0c7529d4: receive RaftClientReply:client-969FB6DA8C9A->4fcc8d53-44cb-4faf-b915-5afa0c7529d4@group-6A615BAE1DD1, cid=2024, SUCCESS, logIndex=0, commits[4fcc8d53-44cb-4faf-b915-5afa0c7529d4:c2944, 48aa5eb4-709c-4003-adb5-fbc02723cd23:c2942, 609a8cf1-6ad3-4123-b94a-106ad93148a8:c2942]
2019-09-05 09:23:31,920 | INFO  | SCMAudit | user=jenkins1000 | ip=192.168.36.69 | op=ALLOCATE_BLOCK {owner=5cf4fcf6-c517-45f4-af25-2fff646d8883, size=4194304, type=RATIS, factor=THREE} | ret=SUCCESS |  
2019-09-05 09:23:31,922 | INFO  | OMAudit | user=jenkins1000 | ip=127.0.0.1 | op=ALLOCATE_BLOCK {volume=vol-0-13331, bucket=bucket-0-43606, key=key-0-76526, dataSize=0, replicationType=null, replicationFactor=null, keyLocationInfo=null, clientID=102739173903106450} | ret=SUCCESS |  
2019-09-05 09:23:31,929 | INFO  | DNAudit | user=null | ip=null | op=WRITE_CHUNK {blockData=conID: 1 locID: 102739175795524130 bcsId: 0} | ret=SUCCESS |  
2019-09-05 09:23:31,931 | INFO  | DNAudit | user=null | ip=null | op=WRITE_CHUNK {blockData=conID: 1 locID: 102739175795524130 bcsId: 0} | ret=SUCCESS |  
2019-09-05 09:23:31,932 | INFO  | DNAudit | user=null | ip=null | op=WRITE_CHUNK {blockData=conID: 1 locID: 102739175795524130 bcsId: 0} | ret=SUCCESS |  
2019-09-05 09:23:31,932 | INFO  | DNAudit | user=null | ip=null | op=WRITE_CHUNK {blockData=conID: 1 locID: 102739175795524130 bcsId: 0} | ret=SUCCESS |  
2019-09-05 09:23:31,933 | INFO  | DNAudit | user=null | ip=null | op=WRITE_CHUNK {blockData=conID: 1 locID: 102739175795524130 bcsId: 0} | ret=SUCCESS |  
2019-09-05 09:23:31,933 | INFO  | DNAudit | user=null | ip=null | op=WRITE_CHUNK {blockData=conID: 1 locID: 102739175795524130 bcsId: 0} | ret=SUCCESS |  
2019-09-05 09:23:31,943 | INFO  | DNAudit | user=null | ip=null | op=WRITE_CHUNK {blockData=conID: 1 locID: 102739175795524130 bcsId: 0} | ret=SUCCESS |  
2019-09-05 09:23:31,944 | INFO  | DNAudit | user=null | ip=null | op=PUT_BLOCK {blockData=[blockId=conID: 1 locID: 102739175795524130 bcsId: 0,size=1048576]} | ret=SUCCESS |  
2019-09-05 09:23:31,944 [grpc-default-executor-2] INFO  client.GrpcClientProtocolClient (GrpcClientProtocolClient.java:onNext(255)) - client-969FB6DA8C9A->4fcc8d53-44cb-4faf-b915-5afa0c7529d4: receive RaftClientReply:client-969FB6DA8C9A->4fcc8d53-44cb-4faf-b915-5afa0c7529d4@group-6A615BAE1DD1, cid=2025, SUCCESS, logIndex=2945, commits[4fcc8d53-44cb-4faf-b915-5afa0c7529d4:c2946, 48aa5eb4-709c-4003-adb5-fbc02723cd23:c2944, 609a8cf1-6ad3-4123-b94a-106ad93148a8:c2944]
2019-09-05 09:23:31,944 [grpc-default-executor-5] INFO  client.GrpcClientProtocolClient (GrpcClientProtocolClient.java:onNext(255)) - client-969FB6DA8C9A->4fcc8d53-44cb-4faf-b915-5afa0c7529d4: receive RaftClientReply:client-969FB6DA8C9A->4fcc8d53-44cb-4faf-b915-5afa0c7529d4@group-6A615BAE1DD1, cid=2026, SUCCESS, logIndex=2946, commits[4fcc8d53-44cb-4faf-b915-5afa0c7529d4:c2946, 48aa5eb4-709c-4003-adb5-fbc02723cd23:c2944, 609a8cf1-6ad3-4123-b94a-106ad93148a8:c2944]
2019-09-05 09:23:31,944 | INFO  | DNAudit | user=null | ip=null | op=WRITE_CHUNK {blockData=conID: 1 locID: 102739175795524130 bcsId: 0} | ret=SUCCESS |  
2019-09-05 09:23:31,945 | INFO  | DNAudit | user=null | ip=null | op=PUT_BLOCK {blockData=[blockId=conID: 1 locID: 102739175795524130 bcsId: 0,size=2097152]} | ret=SUCCESS |  
2019-09-05 09:23:31,945 [grpc-default-executor-3] INFO  client.GrpcClientProtocolClient (GrpcClientProtocolClient.java:onNext(255)) - client-969FB6DA8C9A->4fcc8d53-44cb-4faf-b915-5afa0c7529d4: receive RaftClientReply:client-969FB6DA8C9A->4fcc8d53-44cb-4faf-b915-5afa0c7529d4@group-6A615BAE1DD1, cid=2027, SUCCESS, logIndex=2947, commits[4fcc8d53-44cb-4faf-b915-5afa0c7529d4:c2948, 48aa5eb4-709c-4003-adb5-fbc02723cd23:c2944, 609a8cf1-6ad3-4123-b94a-106ad93148a8:c2944]
2019-09-05 09:23:31,945 | INFO  | DNAudit | user=null | ip=null | op=WRITE_CHUNK {blockData=conID: 1 locID: 102739175795524130 bcsId: 0} | ret=SUCCESS |  
2019-09-05 09:23:31,945 [grpc-default-executor-5] INFO  client.GrpcClientProtocolClient (GrpcClientProtocolClient.java:onNext(255)) - client-969FB6DA8C9A->4fcc8d53-44cb-4faf-b915-5afa0c7529d4: receive RaftClientReply:client-969FB6DA8C9A->4fcc8d53-44cb-4faf-b915-5afa0c7529d4@group-6A615BAE1DD1, cid=2028, SUCCESS, logIndex=2948, commits[4fcc8d53-44cb-4faf-b915-5afa0c7529d4:c2948, 48aa5eb4-709c-4003-adb5-fbc02723cd23:c2944, 609a8cf1-6ad3-4123-b94a-106ad93148a8:c2944]
2019-09-05 09:23:31,945 | INFO  | DNAudit | user=null | ip=null | op=PUT_BLOCK {blockData=[blockId=conID: 1 locID: 102739175795524130 bcsId: 0,size=1048576]} | ret=SUCCESS |  
2019-09-05 09:23:31,946 | INFO  | DNAudit | user=null | ip=null | op=WRITE_CHUNK {blockData=conID: 1 locID: 102739175795524130 bcsId: 0} | ret=SUCCESS |  
2019-09-05 09:23:31,946 | INFO  | DNAudit | user=null | ip=null | op=PUT_BLOCK {blockData=[blockId=conID: 1 locID: 102739175795524130 bcsId: 0,size=1048576]} | ret=SUCCESS |  
2019-09-05 09:23:31,947 [grpc-default-executor-5] INFO  client.GrpcClientProtocolClient (GrpcClientProtocolClient.java:onNext(255)) - client-969FB6DA8C9A->4fcc8d53-44cb-4faf-b915-5afa0c7529d4: receive RaftClientReply:client-969FB6DA8C9A->4fcc8d53-44cb-4faf-b915-5afa0c7529d4@group-6A615BAE1DD1, cid=2029, SUCCESS, logIndex=0, commits[4fcc8d53-44cb-4faf-b915-5afa0c7529d4:c2950, 48aa5eb4-709c-4003-adb5-fbc02723cd23:c2946, 609a8cf1-6ad3-4123-b94a-106ad93148a8:c2946]
2019-09-05 09:23:31,947 | INFO  | DNAudit | user=null | ip=null | op=WRITE_CHUNK {blockData=conID: 1 locID: 102739175795524130 bcsId: 0} | ret=SUCCESS |  
2019-09-05 09:23:31,947 | INFO  | DNAudit | user=null | ip=null | op=PUT_BLOCK {blockData=[blockId=conID: 1 locID: 102739175795524130 bcsId: 0,size=2097152]} | ret=SUCCESS |  
2019-09-05 09:23:31,948 | INFO  | DNAudit | user=null | ip=null | op=WRITE_CHUNK {blockData=conID: 1 locID: 102739175795524130 bcsId: 0} | ret=SUCCESS |  
2019-09-05 09:23:31,948 | INFO  | DNAudit | user=null | ip=null | op=PUT_BLOCK {blockData=[blockId=conID: 1 locID: 102739175795524130 bcsId: 0,size=2097152]} | ret=SUCCESS |  
2019-09-05 09:23:31,952 | INFO  | DNAudit | user=null | ip=null | op=WRITE_CHUNK {blockData=conID: 1 locID: 102739175795524130 bcsId: 2948} | ret=SUCCESS |  
2019-09-05 09:23:31,955 | INFO  | DNAudit | user=null | ip=null | op=WRITE_CHUNK {blockData=conID: 1 locID: 102739175795524130 bcsId: 2948} | ret=SUCCESS |  
2019-09-05 09:23:31,955 | INFO  | DNAudit | user=null | ip=null | op=WRITE_CHUNK {blockData=conID: 1 locID: 102739175795524130 bcsId: 2948} | ret=SUCCESS |  
2019-09-05 09:23:31,970 | INFO  | DNAudit | user=null | ip=null | op=WRITE_CHUNK {blockData=conID: 1 locID: 102739175795524130 bcsId: 2948} | ret=SUCCESS |  
2019-09-05 09:23:31,970 | INFO  | DNAudit | user=null | ip=null | op=PUT_BLOCK {blockData=[blockId=conID: 1 locID: 102739175795524130 bcsId: 0,size=3145728]} | ret=SUCCESS |  
2019-09-05 09:23:31,970 [grpc-default-executor-3] INFO  client.GrpcClientProtocolClient (GrpcClientProtocolClient.java:onNext(255)) - client-969FB6DA8C9A->4fcc8d53-44cb-4faf-b915-5afa0c7529d4: receive RaftClientReply:client-969FB6DA8C9A->4fcc8d53-44cb-4faf-b915-5afa0c7529d4@group-6A615BAE1DD1, cid=2030, SUCCESS, logIndex=2953, commits[4fcc8d53-44cb-4faf-b915-5afa0c7529d4:c2954, 48aa5eb4-709c-4003-adb5-fbc02723cd23:c2952, 609a8cf1-6ad3-4123-b94a-106ad93148a8:c2952]
2019-09-05 09:23:31,971 [grpc-default-executor-3] INFO  client.GrpcClientProtocolClient (GrpcClientProtocolClient.java:onNext(255)) - client-969FB6DA8C9A->4fcc8d53-44cb-4faf-b915-5afa0c7529d4: receive RaftClientReply:client-969FB6DA8C9A->4fcc8d53-44cb-4faf-b915-5afa0c7529d4@group-6A615BAE1DD1, cid=2031, SUCCESS, logIndex=2954, commits[4fcc8d53-44cb-4faf-b915-5afa0c7529d4:c2954, 48aa5eb4-709c-4003-adb5-fbc02723cd23:c2952, 609a8cf1-6ad3-4123-b94a-106ad93148a8:c2952]
2019-09-05 09:23:31,976 | INFO  | DNAudit | user=null | ip=null | op=WRITE_CHUNK {blockData=conID: 1 locID: 102739175795524130 bcsId: 2954} | ret=SUCCESS |  
2019-09-05 09:23:31,978 | INFO  | DNAudit | user=null | ip=null | op=WRITE_CHUNK {blockData=conID: 1 locID: 102739175795524130 bcsId: 2954} | ret=SUCCESS |  
2019-09-05 09:23:31,978 | INFO  | DNAudit | user=null | ip=null | op=WRITE_CHUNK {blockData=conID: 1 locID: 102739175795524130 bcsId: 2954} | ret=SUCCESS |  
2019-09-05 09:23:31,981 | INFO  | DNAudit | user=null | ip=null | op=WRITE_CHUNK {blockData=conID: 1 locID: 102739175795524130 bcsId: 2948} | ret=SUCCESS |  
2019-09-05 09:23:31,981 | INFO  | DNAudit | user=null | ip=null | op=WRITE_CHUNK {blockData=conID: 1 locID: 102739175795524130 bcsId: 2948} | ret=SUCCESS |  
2019-09-05 09:23:31,982 | INFO  | DNAudit | user=null | ip=null | op=PUT_BLOCK {blockData=[blockId=conID: 1 locID: 102739175795524130 bcsId: 0,size=3145728]} | ret=SUCCESS |  
2019-09-05 09:23:31,982 | INFO  | DNAudit | user=null | ip=null | op=PUT_BLOCK {blockData=[blockId=conID: 1 locID: 102739175795524130 bcsId: 0,size=3145728]} | ret=SUCCESS |  
2019-09-05 09:23:31,982 | INFO  | DNAudit | user=null | ip=null | op=WRITE_CHUNK {blockData=conID: 1 locID: 102739175795524130 bcsId: 2954} | ret=SUCCESS |  
2019-09-05 09:23:31,983 | INFO  | DNAudit | user=null | ip=null | op=PUT_BLOCK {blockData=[blockId=conID: 1 locID: 102739175795524130 bcsId: 0,size=4194304]} | ret=SUCCESS |  
2019-09-05 09:23:31,983 [grpc-default-executor-2] INFO  client.GrpcClientProtocolClient (GrpcClientProtocolClient.java:onNext(255)) - client-969FB6DA8C9A->4fcc8d53-44cb-4faf-b915-5afa0c7529d4: receive RaftClientReply:client-969FB6DA8C9A->4fcc8d53-44cb-4faf-b915-5afa0c7529d4@group-6A615BAE1DD1, cid=2032, SUCCESS, logIndex=2957, commits[4fcc8d53-44cb-4faf-b915-5afa0c7529d4:c2957, 48aa5eb4-709c-4003-adb5-fbc02723cd23:c2954, 609a8cf1-6ad3-4123-b94a-106ad93148a8:c2954]
2019-09-05 09:23:31,983 [grpc-default-executor-2] INFO  client.GrpcClientProtocolClient (GrpcClientProtocolClient.java:onNext(255)) - client-969FB6DA8C9A->4fcc8d53-44cb-4faf-b915-5afa0c7529d4: receive RaftClientReply:client-969FB6DA8C9A->4fcc8d53-44cb-4faf-b915-5afa0c7529d4@group-6A615BAE1DD1, cid=2033, SUCCESS, logIndex=2958, commits[4fcc8d53-44cb-4faf-b915-5afa0c7529d4:c2958, 48aa5eb4-709c-4003-adb5-fbc02723cd23:c2954, 609a8cf1-6ad3-4123-b94a-106ad93148a8:c2954]
2019-09-05 09:23:31,994 | INFO  | DNAudit | user=null | ip=null | op=WRITE_CHUNK {blockData=conID: 1 locID: 102739175795524130 bcsId: 2954} | ret=SUCCESS |  
2019-09-05 09:23:31,994 | INFO  | DNAudit | user=null | ip=null | op=WRITE_CHUNK {blockData=conID: 1 locID: 102739175795524130 bcsId: 2954} | ret=SUCCESS |  
2019-09-05 09:23:31,995 | INFO  | DNAudit | user=null | ip=null | op=PUT_BLOCK {blockData=[blockId=conID: 1 locID: 102739175795524130 bcsId: 0,size=4194304]} | ret=SUCCESS |  
2019-09-05 09:23:31,995 | INFO  | DNAudit | user=null | ip=null | op=PUT_BLOCK {blockData=[blockId=conID: 1 locID: 102739175795524130 bcsId: 0,size=4194304]} | ret=SUCCESS |  
2019-09-05 09:23:31,995 [grpc-default-executor-2] INFO  client.GrpcClientProtocolClient (GrpcClientProtocolClient.java:onNext(255)) - client-969FB6DA8C9A->4fcc8d53-44cb-4faf-b915-5afa0c7529d4: receive RaftClientReply:client-969FB6DA8C9A->4fcc8d53-44cb-4faf-b915-5afa0c7529d4@group-6A615BAE1DD1, cid=2034, SUCCESS, logIndex=0, commits[4fcc8d53-44cb-4faf-b915-5afa0c7529d4:c2960, 48aa5eb4-709c-4003-adb5-fbc02723cd23:c2958, 609a8cf1-6ad3-4123-b94a-106ad93148a8:c2958]
2019-09-05 09:23:31,999 | INFO  | SCMAudit | user=jenkins1000 | ip=192.168.36.69 | op=ALLOCATE_BLOCK {owner=5cf4fcf6-c517-45f4-af25-2fff646d8883, size=4194304, type=RATIS, factor=THREE} | ret=SUCCESS |  
2019-09-05 09:23:32,001 | INFO  | OMAudit | user=jenkins1000 | ip=127.0.0.1 | op=ALLOCATE_BLOCK {volume=vol-0-13331, bucket=bucket-0-43606, key=key-0-76526, dataSize=0, replicationType=null, replicationFactor=null, keyLocationInfo=null, clientID=102739173903106450} | ret=SUCCESS |  
2019-09-05 09:23:32,007 | INFO  | DNAudit | user=null | ip=null | op=WRITE_CHUNK {blockData=conID: 2 locID: 102739175800701475 bcsId: 0} | ret=SUCCESS |  
2019-09-05 09:23:32,008 | INFO  | DNAudit | user=null | ip=null | op=WRITE_CHUNK {blockData=conID: 2 locID: 102739175800701475 bcsId: 0} | ret=SUCCESS |  
2019-09-05 09:23:32,008 | INFO  | DNAudit | user=null | ip=null | op=WRITE_CHUNK {blockData=conID: 2 locID: 102739175800701475 bcsId: 0} | ret=SUCCESS |  
2019-09-05 09:23:32,009 | INFO  | DNAudit | user=null | ip=null | op=WRITE_CHUNK {blockData=conID: 2 locID: 102739175800701475 bcsId: 0} | ret=SUCCESS |  
2019-09-05 09:23:32,010 | INFO  | DNAudit | user=null | ip=null | op=WRITE_CHUNK {blockData=conID: 2 locID: 102739175800701475 bcsId: 0} | ret=SUCCESS |  
2019-09-05 09:23:32,010 | INFO  | DNAudit | user=null | ip=null | op=WRITE_CHUNK {blockData=conID: 2 locID: 102739175800701475 bcsId: 0} | ret=SUCCESS |  
2019-09-05 09:23:32,027 | INFO  | DNAudit | user=null | ip=null | op=WRITE_CHUNK {blockData=conID: 2 locID: 102739175800701475 bcsId: 0} | ret=SUCCESS |  
2019-09-05 09:23:32,028 | INFO  | DNAudit | user=null | ip=null | op=PUT_BLOCK {blockData=[blockId=conID: 2 locID: 102739175800701475 bcsId: 0,size=1048576]} | ret=SUCCESS |  
2019-09-05 09:23:32,028 [grpc-default-executor-4] INFO  client.GrpcClientProtocolClient (GrpcClientProtocolClient.java:onNext(255)) - client-969FB6DA8C9A->4fcc8d53-44cb-4faf-b915-5afa0c7529d4: receive RaftClientReply:client-969FB6DA8C9A->4fcc8d53-44cb-4faf-b915-5afa0c7529d4@group-6A615BAE1DD1, cid=2035, SUCCESS, logIndex=2961, commits[4fcc8d53-44cb-4faf-b915-5afa0c7529d4:c2962, 48aa5eb4-709c-4003-adb5-fbc02723cd23:c2958, 609a8cf1-6ad3-4123-b94a-106ad93148a8:c2960]
2019-09-05 09:23:32,028 [grpc-default-executor-4] INFO  client.GrpcClientProtocolClient (GrpcClientProtocolClient.java:onNext(255)) - client-969FB6DA8C9A->4fcc8d53-44cb-4faf-b915-5afa0c7529d4: receive RaftClientReply:client-969FB6DA8C9A->4fcc8d53-44cb-4faf-b915-5afa0c7529d4@group-6A615BAE1DD1, cid=2036, SUCCESS, logIndex=2962, commits[4fcc8d53-44cb-4faf-b915-5afa0c7529d4:c2962, 48aa5eb4-709c-4003-adb5-fbc02723cd23:c2960, 609a8cf1-6ad3-4123-b94a-106ad93148a8:c2960]
2019-09-05 09:23:32,035 | INFO  | DNAudit | user=null | ip=null | op=WRITE_CHUNK {blockData=conID: 2 locID: 102739175800701475 bcsId: 0} | ret=SUCCESS |  
2019-09-05 09:23:32,035 | INFO  | DNAudit | user=null | ip=null | op=PUT_BLOCK {blockData=[blockId=conID: 2 locID: 102739175800701475 bcsId: 0,size=2097152]} | ret=SUCCESS |  
2019-09-05 09:23:32,035 [grpc-default-executor-2] INFO  client.GrpcClientProtocolClient (GrpcClientProtocolClient.java:onNext(255)) - client-969FB6DA8C9A->4fcc8d53-44cb-4faf-b915-5afa0c7529d4: receive RaftClientReply:client-969FB6DA8C9A->4fcc8d53-44cb-4faf-b915-5afa0c7529d4@group-6A615BAE1DD1, cid=2037, SUCCESS, logIndex=2963, commits[4fcc8d53-44cb-4faf-b915-5afa0c7529d4:c2964, 48aa5eb4-709c-4003-adb5-fbc02723cd23:c2960, 609a8cf1-6ad3-4123-b94a-106ad93148a8:c2960]
2019-09-05 09:23:32,036 [grpc-default-executor-2] INFO  client.GrpcClientProtocolClient (GrpcClientProtocolClient.java:onNext(255)) - client-969FB6DA8C9A->4fcc8d53-44cb-4faf-b915-5afa0c7529d4: receive RaftClientReply:client-969FB6DA8C9A->4fcc8d53-44cb-4faf-b915-5afa0c7529d4@group-6A615BAE1DD1, cid=2038, SUCCESS, logIndex=2964, commits[4fcc8d53-44cb-4faf-b915-5afa0c7529d4:c2964, 48aa5eb4-709c-4003-adb5-fbc02723cd23:c2960, 609a8cf1-6ad3-4123-b94a-106ad93148a8:c2960]
2019-09-05 09:23:32,061 | INFO  | DNAudit | user=null | ip=null | op=WRITE_CHUNK {blockData=conID: 2 locID: 102739175800701475 bcsId: 0} | ret=SUCCESS |  
2019-09-05 09:23:32,061 | INFO  | DNAudit | user=null | ip=null | op=PUT_BLOCK {blockData=[blockId=conID: 2 locID: 102739175800701475 bcsId: 0,size=1048576]} | ret=SUCCESS |  
2019-09-05 09:23:32,061 | INFO  | DNAudit | user=null | ip=null | op=WRITE_CHUNK {blockData=conID: 2 locID: 102739175800701475 bcsId: 0} | ret=SUCCESS |  
2019-09-05 09:23:32,061 | INFO  | DNAudit | user=null | ip=null | op=PUT_BLOCK {blockData=[blockId=conID: 2 locID: 102739175800701475 bcsId: 0,size=1048576]} | ret=SUCCESS |  
2019-09-05 09:23:32,062 [grpc-default-executor-2] INFO  client.GrpcClientProtocolClient (GrpcClientProtocolClient.java:onNext(255)) - client-969FB6DA8C9A->4fcc8d53-44cb-4faf-b915-5afa0c7529d4: receive RaftClientReply:client-969FB6DA8C9A->4fcc8d53-44cb-4faf-b915-5afa0c7529d4@group-6A615BAE1DD1, cid=2039, SUCCESS, logIndex=0, commits[4fcc8d53-44cb-4faf-b915-5afa0c7529d4:c2966, 48aa5eb4-709c-4003-adb5-fbc02723cd23:c2962, 609a8cf1-6ad3-4123-b94a-106ad93148a8:c2962]
2019-09-05 09:23:32,069 | INFO  | DNAudit | user=null | ip=null | op=WRITE_CHUNK {blockData=conID: 2 locID: 102739175800701475 bcsId: 2964} | ret=SUCCESS |  
2019-09-05 09:23:32,071 | INFO  | DNAudit | user=null | ip=null | op=WRITE_CHUNK {blockData=conID: 2 locID: 102739175800701475 bcsId: 2964} | ret=SUCCESS |  
2019-09-05 09:23:32,071 | INFO  | DNAudit | user=null | ip=null | op=WRITE_CHUNK {blockData=conID: 2 locID: 102739175800701475 bcsId: 2964} | ret=SUCCESS |  
2019-09-05 09:23:32,080 | INFO  | DNAudit | user=null | ip=null | op=WRITE_CHUNK {blockData=conID: 2 locID: 102739175800701475 bcsId: 0} | ret=SUCCESS |  
2019-09-05 09:23:32,080 | INFO  | DNAudit | user=null | ip=null | op=WRITE_CHUNK {blockData=conID: 2 locID: 102739175800701475 bcsId: 0} | ret=SUCCESS |  
2019-09-05 09:23:32,080 | INFO  | DNAudit | user=null | ip=null | op=PUT_BLOCK {blockData=[blockId=conID: 2 locID: 102739175800701475 bcsId: 0,size=2097152]} | ret=SUCCESS |  
2019-09-05 09:23:32,080 | INFO  | DNAudit | user=null | ip=null | op=PUT_BLOCK {blockData=[blockId=conID: 2 locID: 102739175800701475 bcsId: 0,size=2097152]} | ret=SUCCESS |  
2019-09-05 09:23:32,081 | INFO  | DNAudit | user=null | ip=null | op=WRITE_CHUNK {blockData=conID: 2 locID: 102739175800701475 bcsId: 2964} | ret=SUCCESS |  
2019-09-05 09:23:32,082 | INFO  | DNAudit | user=null | ip=null | op=PUT_BLOCK {blockData=[blockId=conID: 2 locID: 102739175800701475 bcsId: 0,size=3145728]} | ret=SUCCESS |  
2019-09-05 09:23:32,082 [grpc-default-executor-4] INFO  client.GrpcClientProtocolClient (GrpcClientProtocolClient.java:onNext(255)) - client-969FB6DA8C9A->4fcc8d53-44cb-4faf-b915-5afa0c7529d4: receive RaftClientReply:client-969FB6DA8C9A->4fcc8d53-44cb-4faf-b915-5afa0c7529d4@group-6A615BAE1DD1, cid=2040, SUCCESS, logIndex=2969, commits[4fcc8d53-44cb-4faf-b915-5afa0c7529d4:c2970, 48aa5eb4-709c-4003-adb5-fbc02723cd23:c2964, 609a8cf1-6ad3-4123-b94a-106ad93148a8:c2966]
2019-09-05 09:23:32,082 [grpc-default-executor-4] INFO  client.GrpcClientProtocolClient (GrpcClientProtocolClient.java:onNext(255)) - client-969FB6DA8C9A->4fcc8d53-44cb-4faf-b915-5afa0c7529d4: receive RaftClientReply:client-969FB6DA8C9A->4fcc8d53-44cb-4faf-b915-5afa0c7529d4@group-6A615BAE1DD1, cid=2041, SUCCESS, logIndex=2970, commits[4fcc8d53-44cb-4faf-b915-5afa0c7529d4:c2970, 48aa5eb4-709c-4003-adb5-fbc02723cd23:c2966, 609a8cf1-6ad3-4123-b94a-106ad93148a8:c2966]
2019-09-05 09:23:32,083 | INFO  | DNAudit | user=null | ip=null | op=WRITE_CHUNK {blockData=conID: 2 locID: 102739175800701475 bcsId: 2964} | ret=SUCCESS |  
2019-09-05 09:23:32,083 | INFO  | DNAudit | user=null | ip=null | op=WRITE_CHUNK {blockData=conID: 2 locID: 102739175800701475 bcsId: 2964} | ret=SUCCESS |  
2019-09-05 09:23:32,083 | INFO  | DNAudit | user=null | ip=null | op=PUT_BLOCK {blockData=[blockId=conID: 2 locID: 102739175800701475 bcsId: 0,size=3145728]} | ret=SUCCESS |  
2019-09-05 09:23:32,084 | INFO  | DNAudit | user=null | ip=null | op=PUT_BLOCK {blockData=[blockId=conID: 2 locID: 102739175800701475 bcsId: 0,size=3145728]} | ret=SUCCESS |  
2019-09-05 09:23:32,089 | INFO  | DNAudit | user=null | ip=null | op=WRITE_CHUNK {blockData=conID: 2 locID: 102739175800701475 bcsId: 2970} | ret=SUCCESS |  
2019-09-05 09:23:32,091 | INFO  | DNAudit | user=null | ip=null | op=WRITE_CHUNK {blockData=conID: 2 locID: 102739175800701475 bcsId: 2970} | ret=SUCCESS |  
2019-09-05 09:23:32,092 | INFO  | DNAudit | user=null | ip=null | op=WRITE_CHUNK {blockData=conID: 2 locID: 102739175800701475 bcsId: 2970} | ret=SUCCESS |  
2019-09-05 09:23:32,097 | INFO  | DNAudit | user=null | ip=null | op=WRITE_CHUNK {blockData=conID: 2 locID: 102739175800701475 bcsId: 2970} | ret=SUCCESS |  
2019-09-05 09:23:32,097 | INFO  | DNAudit | user=null | ip=null | op=PUT_BLOCK {blockData=[blockId=conID: 2 locID: 102739175800701475 bcsId: 0,size=4194304]} | ret=SUCCESS |  
2019-09-05 09:23:32,097 [grpc-default-executor-2] INFO  client.GrpcClientProtocolClient (GrpcClientProtocolClient.java:onNext(255)) - client-969FB6DA8C9A->4fcc8d53-44cb-4faf-b915-5afa0c7529d4: receive RaftClientReply:client-969FB6DA8C9A->4fcc8d53-44cb-4faf-b915-5afa0c7529d4@group-6A615BAE1DD1, cid=2042, SUCCESS, logIndex=2973, commits[4fcc8d53-44cb-4faf-b915-5afa0c7529d4:c2973, 48aa5eb4-709c-4003-adb5-fbc02723cd23:c2972, 609a8cf1-6ad3-4123-b94a-106ad93148a8:c2972]
2019-09-05 09:23:32,098 [grpc-default-executor-2] INFO  client.GrpcClientProtocolClient (GrpcClientProtocolClient.java:onNext(255)) - client-969FB6DA8C9A->4fcc8d53-44cb-4faf-b915-5afa0c7529d4: receive RaftClientReply:client-969FB6DA8C9A->4fcc8d53-44cb-4faf-b915-5afa0c7529d4@group-6A615BAE1DD1, cid=2043, SUCCESS, logIndex=2974, commits[4fcc8d53-44cb-4faf-b915-5afa0c7529d4:c2974, 48aa5eb4-709c-4003-adb5-fbc02723cd23:c2972, 609a8cf1-6ad3-4123-b94a-106ad93148a8:c2972]
2019-09-05 09:23:32,104 | INFO  | DNAudit | user=null | ip=null | op=WRITE_CHUNK {blockData=conID: 2 locID: 102739175800701475 bcsId: 2970} | ret=SUCCESS |  
2019-09-05 09:23:32,104 | INFO  | DNAudit | user=null | ip=null | op=WRITE_CHUNK {blockData=conID: 2 locID: 102739175800701475 bcsId: 2970} | ret=SUCCESS |  
2019-09-05 09:23:32,105 | INFO  | DNAudit | user=null | ip=null | op=PUT_BLOCK {blockData=[blockId=conID: 2 locID: 102739175800701475 bcsId: 0,size=4194304]} | ret=SUCCESS |  
2019-09-05 09:23:32,105 | INFO  | DNAudit | user=null | ip=null | op=PUT_BLOCK {blockData=[blockId=conID: 2 locID: 102739175800701475 bcsId: 0,size=4194304]} | ret=SUCCESS |  
2019-09-05 09:23:32,106 [grpc-default-executor-2] INFO  client.GrpcClientProtocolClient (GrpcClientProtocolClient.java:onNext(255)) - client-969FB6DA8C9A->4fcc8d53-44cb-4faf-b915-5afa0c7529d4: receive RaftClientReply:client-969FB6DA8C9A->4fcc8d53-44cb-4faf-b915-5afa0c7529d4@group-6A615BAE1DD1, cid=2044, SUCCESS, logIndex=0, commits[4fcc8d53-44cb-4faf-b915-5afa0c7529d4:c2976, 48aa5eb4-709c-4003-adb5-fbc02723cd23:c2974, 609a8cf1-6ad3-4123-b94a-106ad93148a8:c2974]
2019-09-05 09:23:32,109 | INFO  | SCMAudit | user=jenkins1000 | ip=192.168.36.69 | op=ALLOCATE_BLOCK {owner=5cf4fcf6-c517-45f4-af25-2fff646d8883, size=4194304, type=RATIS, factor=THREE} | ret=SUCCESS |  
2019-09-05 09:23:32,111 | INFO  | OMAudit | user=jenkins1000 | ip=127.0.0.1 | op=ALLOCATE_BLOCK {volume=vol-0-13331, bucket=bucket-0-43606, key=key-0-76526, dataSize=0, replicationType=null, replicationFactor=null, keyLocationInfo=null, clientID=102739173903106450} | ret=SUCCESS |  
2019-09-05 09:23:32,118 | INFO  | DNAudit | user=null | ip=null | op=WRITE_CHUNK {blockData=conID: 3 locID: 102739175807975972 bcsId: 0} | ret=SUCCESS |  
2019-09-05 09:23:32,120 | INFO  | DNAudit | user=null | ip=null | op=WRITE_CHUNK {blockData=conID: 3 locID: 102739175807975972 bcsId: 0} | ret=SUCCESS |  
2019-09-05 09:23:32,120 | INFO  | DNAudit | user=null | ip=null | op=WRITE_CHUNK {blockData=conID: 3 locID: 102739175807975972 bcsId: 0} | ret=SUCCESS |  
2019-09-05 09:23:32,121 | INFO  | DNAudit | user=null | ip=null | op=WRITE_CHUNK {blockData=conID: 3 locID: 102739175807975972 bcsId: 0} | ret=SUCCESS |  
2019-09-05 09:23:32,123 | INFO  | DNAudit | user=null | ip=null | op=WRITE_CHUNK {blockData=conID: 3 locID: 102739175807975972 bcsId: 0} | ret=SUCCESS |  
2019-09-05 09:23:32,123 | INFO  | DNAudit | user=null | ip=null | op=WRITE_CHUNK {blockData=conID: 3 locID: 102739175807975972 bcsId: 0} | ret=SUCCESS |  
2019-09-05 09:23:32,139 | INFO  | DNAudit | user=null | ip=null | op=WRITE_CHUNK {blockData=conID: 3 locID: 102739175807975972 bcsId: 0} | ret=SUCCESS |  
2019-09-05 09:23:32,139 | INFO  | DNAudit | user=null | ip=null | op=PUT_BLOCK {blockData=[blockId=conID: 3 locID: 102739175807975972 bcsId: 0,size=1048576]} | ret=SUCCESS |  
2019-09-05 09:23:32,140 [grpc-default-executor-5] INFO  client.GrpcClientProtocolClient (GrpcClientProtocolClient.java:onNext(255)) - client-969FB6DA8C9A->4fcc8d53-44cb-4faf-b915-5afa0c7529d4: receive RaftClientReply:client-969FB6DA8C9A->4fcc8d53-44cb-4faf-b915-5afa0c7529d4@group-6A615BAE1DD1, cid=2045, SUCCESS, logIndex=2977, commits[4fcc8d53-44cb-4faf-b915-5afa0c7529d4:c2978, 48aa5eb4-709c-4003-adb5-fbc02723cd23:c2976, 609a8cf1-6ad3-4123-b94a-106ad93148a8:c2976]
2019-09-05 09:23:32,140 | INFO  | DNAudit | user=null | ip=null | op=WRITE_CHUNK {blockData=conID: 3 locID: 102739175807975972 bcsId: 0} | ret=SUCCESS |  
2019-09-05 09:23:32,140 [grpc-default-executor-3] INFO  client.GrpcClientProtocolClient (GrpcClientProtocolClient.java:onNext(255)) - client-969FB6DA8C9A->4fcc8d53-44cb-4faf-b915-5afa0c7529d4: receive RaftClientReply:client-969FB6DA8C9A->4fcc8d53-44cb-4faf-b915-5afa0c7529d4@group-6A615BAE1DD1, cid=2046, SUCCESS, logIndex=2978, commits[4fcc8d53-44cb-4faf-b915-5afa0c7529d4:c2978, 48aa5eb4-709c-4003-adb5-fbc02723cd23:c2976, 609a8cf1-6ad3-4123-b94a-106ad93148a8:c2976]
2019-09-05 09:23:32,140 | INFO  | DNAudit | user=null | ip=null | op=PUT_BLOCK {blockData=[blockId=conID: 3 locID: 102739175807975972 bcsId: 0,size=2097152]} | ret=SUCCESS |  
2019-09-05 09:23:32,140 [grpc-default-executor-3] INFO  client.GrpcClientProtocolClient (GrpcClientProtocolClient.java:onNext(255)) - client-969FB6DA8C9A->4fcc8d53-44cb-4faf-b915-5afa0c7529d4: receive RaftClientReply:client-969FB6DA8C9A->4fcc8d53-44cb-4faf-b915-5afa0c7529d4@group-6A615BAE1DD1, cid=2047, SUCCESS, logIndex=2979, commits[4fcc8d53-44cb-4faf-b915-5afa0c7529d4:c2980, 48aa5eb4-709c-4003-adb5-fbc02723cd23:c2976, 609a8cf1-6ad3-4123-b94a-106ad93148a8:c2976]
2019-09-05 09:23:32,141 [grpc-default-executor-3] INFO  client.GrpcClientProtocolClient (GrpcClientProtocolClient.java:onNext(255)) - client-969FB6DA8C9A->4fcc8d53-44cb-4faf-b915-5afa0c7529d4: receive RaftClientReply:client-969FB6DA8C9A->4fcc8d53-44cb-4faf-b915-5afa0c7529d4@group-6A615BAE1DD1, cid=2048, SUCCESS, logIndex=2980, commits[4fcc8d53-44cb-4faf-b915-5afa0c7529d4:c2980, 48aa5eb4-709c-4003-adb5-fbc02723cd23:c2976, 609a8cf1-6ad3-4123-b94a-106ad93148a8:c2976]
2019-09-05 09:23:32,141 | INFO  | DNAudit | user=null | ip=null | op=WRITE_CHUNK {blockData=conID: 3 locID: 102739175807975972 bcsId: 0} | ret=SUCCESS |  
2019-09-05 09:23:32,141 | INFO  | DNAudit | user=null | ip=null | op=WRITE_CHUNK {blockData=conID: 3 locID: 102739175807975972 bcsId: 0} | ret=SUCCESS |  
2019-09-05 09:23:32,141 | INFO  | DNAudit | user=null | ip=null | op=PUT_BLOCK {blockData=[blockId=conID: 3 locID: 102739175807975972 bcsId: 0,size=1048576]} | ret=SUCCESS |  
2019-09-05 09:23:32,141 | INFO  | DNAudit | user=null | ip=null | op=PUT_BLOCK {blockData=[blockId=conID: 3 locID: 102739175807975972 bcsId: 0,size=1048576]} | ret=SUCCESS |  
2019-09-05 09:23:32,142 [grpc-default-executor-5] INFO  client.GrpcClientProtocolClient (GrpcClientProtocolClient.java:onNext(255)) - client-969FB6DA8C9A->4fcc8d53-44cb-4faf-b915-5afa0c7529d4: receive RaftClientReply:client-969FB6DA8C9A->4fcc8d53-44cb-4faf-b915-5afa0c7529d4@group-6A615BAE1DD1, cid=2049, SUCCESS, logIndex=0, commits[4fcc8d53-44cb-4faf-b915-5afa0c7529d4:c2981, 48aa5eb4-709c-4003-adb5-fbc02723cd23:c2978, 609a8cf1-6ad3-4123-b94a-106ad93148a8:c2978]
2019-09-05 09:23:32,142 | INFO  | DNAudit | user=null | ip=null | op=WRITE_CHUNK {blockData=conID: 3 locID: 102739175807975972 bcsId: 0} | ret=SUCCESS |  
2019-09-05 09:23:32,142 | INFO  | DNAudit | user=null | ip=null | op=WRITE_CHUNK {blockData=conID: 3 locID: 102739175807975972 bcsId: 0} | ret=SUCCESS |  
2019-09-05 09:23:32,143 | INFO  | DNAudit | user=null | ip=null | op=PUT_BLOCK {blockData=[blockId=conID: 3 locID: 102739175807975972 bcsId: 0,size=2097152]} | ret=SUCCESS |  
2019-09-05 09:23:32,143 | INFO  | DNAudit | user=null | ip=null | op=PUT_BLOCK {blockData=[blockId=conID: 3 locID: 102739175807975972 bcsId: 0,size=2097152]} | ret=SUCCESS |  
2019-09-05 09:23:32,147 | INFO  | DNAudit | user=null | ip=null | op=WRITE_CHUNK {blockData=conID: 3 locID: 102739175807975972 bcsId: 2980} | ret=SUCCESS |  
2019-09-05 09:23:32,149 | INFO  | DNAudit | user=null | ip=null | op=WRITE_CHUNK {blockData=conID: 3 locID: 102739175807975972 bcsId: 2980} | ret=SUCCESS |  
2019-09-05 09:23:32,149 | INFO  | DNAudit | user=null | ip=null | op=WRITE_CHUNK {blockData=conID: 3 locID: 102739175807975972 bcsId: 2980} | ret=SUCCESS |  
2019-09-05 09:23:32,157 | INFO  | DNAudit | user=null | ip=null | op=WRITE_CHUNK {blockData=conID: 3 locID: 102739175807975972 bcsId: 2980} | ret=SUCCESS |  
2019-09-05 09:23:32,157 | INFO  | DNAudit | user=null | ip=null | op=PUT_BLOCK {blockData=[blockId=conID: 3 locID: 102739175807975972 bcsId: 0,size=3145728]} | ret=SUCCESS |  
2019-09-05 09:23:32,158 [grpc-default-executor-2] INFO  client.GrpcClientProtocolClient (GrpcClientProtocolClient.java:onNext(255)) - client-969FB6DA8C9A->4fcc8d53-44cb-4faf-b915-5afa0c7529d4: receive RaftClientReply:client-969FB6DA8C9A->4fcc8d53-44cb-4faf-b915-5afa0c7529d4@group-6A615BAE1DD1, cid=2050, SUCCESS, logIndex=2984, commits[4fcc8d53-44cb-4faf-b915-5afa0c7529d4:c2985, 48aa5eb4-709c-4003-adb5-fbc02723cd23:c2983, 609a8cf1-6ad3-4123-b94a-106ad93148a8:c2983]
2019-09-05 09:23:32,158 [grpc-default-executor-2] INFO  client.GrpcClientProtocolClient (GrpcClientProtocolClient.java:onNext(255)) - client-969FB6DA8C9A->4fcc8d53-44cb-4faf-b915-5afa0c7529d4: receive RaftClientReply:client-969FB6DA8C9A->4fcc8d53-44cb-4faf-b915-5afa0c7529d4@group-6A615BAE1DD1, cid=2051, SUCCESS, logIndex=2985, commits[4fcc8d53-44cb-4faf-b915-5afa0c7529d4:c2985, 48aa5eb4-709c-4003-adb5-fbc02723cd23:c2983, 609a8cf1-6ad3-4123-b94a-106ad93148a8:c2983]
2019-09-05 09:23:32,164 | INFO  | DNAudit | user=null | ip=null | op=WRITE_CHUNK {blockData=conID: 3 locID: 102739175807975972 bcsId: 2985} | ret=SUCCESS |  
2019-09-05 09:23:32,165 | INFO  | DNAudit | user=null | ip=null | op=WRITE_CHUNK {blockData=conID: 3 locID: 102739175807975972 bcsId: 2985} | ret=SUCCESS |  
2019-09-05 09:23:32,165 | INFO  | DNAudit | user=null | ip=null | op=WRITE_CHUNK {blockData=conID: 3 locID: 102739175807975972 bcsId: 2985} | ret=SUCCESS |  
2019-09-05 09:23:32,171 | INFO  | DNAudit | user=null | ip=null | op=WRITE_CHUNK {blockData=conID: 3 locID: 102739175807975972 bcsId: 2980} | ret=SUCCESS |  
2019-09-05 09:23:32,171 | INFO  | DNAudit | user=null | ip=null | op=WRITE_CHUNK {blockData=conID: 3 locID: 102739175807975972 bcsId: 2980} | ret=SUCCESS |  
2019-09-05 09:23:32,172 | INFO  | DNAudit | user=null | ip=null | op=PUT_BLOCK {blockData=[blockId=conID: 3 locID: 102739175807975972 bcsId: 0,size=3145728]} | ret=SUCCESS |  
2019-09-05 09:23:32,172 | INFO  | DNAudit | user=null | ip=null | op=PUT_BLOCK {blockData=[blockId=conID: 3 locID: 102739175807975972 bcsId: 0,size=3145728]} | ret=SUCCESS |  
2019-09-05 09:23:32,173 | INFO  | DNAudit | user=null | ip=null | op=WRITE_CHUNK {blockData=conID: 3 locID: 102739175807975972 bcsId: 2985} | ret=SUCCESS |  
2019-09-05 09:23:32,173 | INFO  | DNAudit | user=null | ip=null | op=PUT_BLOCK {blockData=[blockId=conID: 3 locID: 102739175807975972 bcsId: 0,size=4194304]} | ret=SUCCESS |  
2019-09-05 09:23:32,173 [grpc-default-executor-3] INFO  client.GrpcClientProtocolClient (GrpcClientProtocolClient.java:onNext(255)) - client-969FB6DA8C9A->4fcc8d53-44cb-4faf-b915-5afa0c7529d4: receive RaftClientReply:client-969FB6DA8C9A->4fcc8d53-44cb-4faf-b915-5afa0c7529d4@group-6A615BAE1DD1, cid=2052, SUCCESS, logIndex=2988, commits[4fcc8d53-44cb-4faf-b915-5afa0c7529d4:c2988, 48aa5eb4-709c-4003-adb5-fbc02723cd23:c2985, 609a8cf1-6ad3-4123-b94a-106ad93148a8:c2985]
2019-09-05 09:23:32,174 [grpc-default-executor-3] INFO  client.GrpcClientProtocolClient (GrpcClientProtocolClient.java:onNext(255)) - client-969FB6DA8C9A->4fcc8d53-44cb-4faf-b915-5afa0c7529d4: receive RaftClientReply:client-969FB6DA8C9A->4fcc8d53-44cb-4faf-b915-5afa0c7529d4@group-6A615BAE1DD1, cid=2053, SUCCESS, logIndex=2989, commits[4fcc8d53-44cb-4faf-b915-5afa0c7529d4:c2989, 48aa5eb4-709c-4003-adb5-fbc02723cd23:c2985, 609a8cf1-6ad3-4123-b94a-106ad93148a8:c2985]
2019-09-05 09:23:32,195 | INFO  | DNAudit | user=null | ip=null | op=WRITE_CHUNK {blockData=conID: 3 locID: 102739175807975972 bcsId: 2985} | ret=SUCCESS |  
2019-09-05 09:23:32,195 | INFO  | DNAudit | user=null | ip=null | op=WRITE_CHUNK {blockData=conID: 3 locID: 102739175807975972 bcsId: 2985} | ret=SUCCESS |  
2019-09-05 09:23:32,196 | INFO  | DNAudit | user=null | ip=null | op=PUT_BLOCK {blockData=[blockId=conID: 3 locID: 102739175807975972 bcsId: 0,size=4194304]} | ret=SUCCESS |  
2019-09-05 09:23:32,196 | INFO  | DNAudit | user=null | ip=null | op=PUT_BLOCK {blockData=[blockId=conID: 3 locID: 102739175807975972 bcsId: 0,size=4194304]} | ret=SUCCESS |  
2019-09-05 09:23:32,197 [grpc-default-executor-3] INFO  client.GrpcClientProtocolClient (GrpcClientProtocolClient.java:onNext(255)) - client-969FB6DA8C9A->4fcc8d53-44cb-4faf-b915-5afa0c7529d4: receive RaftClientReply:client-969FB6DA8C9A->4fcc8d53-44cb-4faf-b915-5afa0c7529d4@group-6A615BAE1DD1, cid=2054, SUCCESS, logIndex=0, commits[4fcc8d53-44cb-4faf-b915-5afa0c7529d4:c2991, 48aa5eb4-709c-4003-adb5-fbc02723cd23:c2989, 609a8cf1-6ad3-4123-b94a-106ad93148a8:c2989]
2019-09-05 09:23:32,200 | INFO  | SCMAudit | user=jenkins1000 | ip=192.168.36.69 | op=ALLOCATE_BLOCK {owner=5cf4fcf6-c517-45f4-af25-2fff646d8883, size=4194304, type=RATIS, factor=THREE} | ret=SUCCESS |  
2019-09-05 09:23:32,202 | INFO  | OMAudit | user=jenkins1000 | ip=127.0.0.1 | op=ALLOCATE_BLOCK {volume=vol-0-13331, bucket=bucket-0-43606, key=key-0-76526, dataSize=0, replicationType=null, replicationFactor=null, keyLocationInfo=null, clientID=102739173903106450} | ret=SUCCESS |  
2019-09-05 09:23:32,208 | INFO  | DNAudit | user=null | ip=null | op=WRITE_CHUNK {blockData=conID: 1 locID: 102739175813939749 bcsId: 0} | ret=SUCCESS |  
2019-09-05 09:23:32,210 | INFO  | DNAudit | user=null | ip=null | op=WRITE_CHUNK {blockData=conID: 1 locID: 102739175813939749 bcsId: 0} | ret=SUCCESS |  
2019-09-05 09:23:32,210 | INFO  | DNAudit | user=null | ip=null | op=WRITE_CHUNK {blockData=conID: 1 locID: 102739175813939749 bcsId: 0} | ret=SUCCESS |  
2019-09-05 09:23:32,210 | INFO  | DNAudit | user=null | ip=null | op=WRITE_CHUNK {blockData=conID: 1 locID: 102739175813939749 bcsId: 0} | ret=SUCCESS |  
2019-09-05 09:23:32,211 | INFO  | DNAudit | user=null | ip=null | op=WRITE_CHUNK {blockData=conID: 1 locID: 102739175813939749 bcsId: 0} | ret=SUCCESS |  
2019-09-05 09:23:32,211 | INFO  | DNAudit | user=null | ip=null | op=WRITE_CHUNK {blockData=conID: 1 locID: 102739175813939749 bcsId: 0} | ret=SUCCESS |  
2019-09-05 09:23:32,226 | INFO  | DNAudit | user=null | ip=null | op=WRITE_CHUNK {blockData=conID: 1 locID: 102739175813939749 bcsId: 0} | ret=SUCCESS |  
2019-09-05 09:23:32,227 | INFO  | DNAudit | user=null | ip=null | op=PUT_BLOCK {blockData=[blockId=conID: 1 locID: 102739175813939749 bcsId: 0,size=1048576]} | ret=SUCCESS |  
2019-09-05 09:23:32,227 [grpc-default-executor-2] INFO  client.GrpcClientProtocolClient (GrpcClientProtocolClient.java:onNext(255)) - client-969FB6DA8C9A->4fcc8d53-44cb-4faf-b915-5afa0c7529d4: receive RaftClientReply:client-969FB6DA8C9A->4fcc8d53-44cb-4faf-b915-5afa0c7529d4@group-6A615BAE1DD1, cid=2055, SUCCESS, logIndex=2992, commits[4fcc8d53-44cb-4faf-b915-5afa0c7529d4:c2995, 48aa5eb4-709c-4003-adb5-fbc02723cd23:c2991, 609a8cf1-6ad3-4123-b94a-106ad93148a8:c2991]
2019-09-05 09:23:32,227 | INFO  | DNAudit | user=null | ip=null | op=WRITE_CHUNK {blockData=conID: 1 locID: 102739175813939749 bcsId: 0} | ret=SUCCESS |  
2019-09-05 09:23:32,227 | INFO  | DNAudit | user=null | ip=null | op=PUT_BLOCK {blockData=[blockId=conID: 1 locID: 102739175813939749 bcsId: 0,size=2097152]} | ret=SUCCESS |  
2019-09-05 09:23:32,227 [grpc-default-executor-2] INFO  client.GrpcClientProtocolClient (GrpcClientProtocolClient.java:onNext(255)) - client-969FB6DA8C9A->4fcc8d53-44cb-4faf-b915-5afa0c7529d4: receive RaftClientReply:client-969FB6DA8C9A->4fcc8d53-44cb-4faf-b915-5afa0c7529d4@group-6A615BAE1DD1, cid=2056, SUCCESS, logIndex=2993, commits[4fcc8d53-44cb-4faf-b915-5afa0c7529d4:c2995, 48aa5eb4-709c-4003-adb5-fbc02723cd23:c2991, 609a8cf1-6ad3-4123-b94a-106ad93148a8:c2991]
2019-09-05 09:23:32,228 [grpc-default-executor-2] INFO  client.GrpcClientProtocolClient (GrpcClientProtocolClient.java:onNext(255)) - client-969FB6DA8C9A->4fcc8d53-44cb-4faf-b915-5afa0c7529d4: receive RaftClientReply:client-969FB6DA8C9A->4fcc8d53-44cb-4faf-b915-5afa0c7529d4@group-6A615BAE1DD1, cid=2057, SUCCESS, logIndex=2994, commits[4fcc8d53-44cb-4faf-b915-5afa0c7529d4:c2995, 48aa5eb4-709c-4003-adb5-fbc02723cd23:c2991, 609a8cf1-6ad3-4123-b94a-106ad93148a8:c2991]
2019-09-05 09:23:32,228 [grpc-default-executor-2] INFO  client.GrpcClientProtocolClient (GrpcClientProtocolClient.java:onNext(255)) - client-969FB6DA8C9A->4fcc8d53-44cb-4faf-b915-5afa0c7529d4: receive RaftClientReply:client-969FB6DA8C9A->4fcc8d53-44cb-4faf-b915-5afa0c7529d4@group-6A615BAE1DD1, cid=2058, SUCCESS, logIndex=2995, commits[4fcc8d53-44cb-4faf-b915-5afa0c7529d4:c2995, 48aa5eb4-709c-4003-adb5-fbc02723cd23:c2991, 609a8cf1-6ad3-4123-b94a-106ad93148a8:c2991]
2019-09-05 09:23:32,244 | INFO  | DNAudit | user=null | ip=null | op=WRITE_CHUNK {blockData=conID: 1 locID: 102739175813939749 bcsId: 0} | ret=SUCCESS |  
2019-09-05 09:23:32,244 | INFO  | DNAudit | user=null | ip=null | op=PUT_BLOCK {blockData=[blockId=conID: 1 locID: 102739175813939749 bcsId: 0,size=1048576]} | ret=SUCCESS |  
2019-09-05 09:23:32,244 | INFO  | DNAudit | user=null | ip=null | op=WRITE_CHUNK {blockData=conID: 1 locID: 102739175813939749 bcsId: 0} | ret=SUCCESS |  
2019-09-05 09:23:32,244 | INFO  | DNAudit | user=null | ip=null | op=PUT_BLOCK {blockData=[blockId=conID: 1 locID: 102739175813939749 bcsId: 0,size=1048576]} | ret=SUCCESS |  
2019-09-05 09:23:32,245 | INFO  | DNAudit | user=null | ip=null | op=WRITE_CHUNK {blockData=conID: 1 locID: 102739175813939749 bcsId: 0} | ret=SUCCESS |  
2019-09-05 09:23:32,245 | INFO  | DNAudit | user=null | ip=null | op=PUT_BLOCK {blockData=[blockId=conID: 1 locID: 102739175813939749 bcsId: 0,size=2097152]} | ret=SUCCESS |  
2019-09-05 09:23:32,245 | INFO  | DNAudit | user=null | ip=null | op=WRITE_CHUNK {blockData=conID: 1 locID: 102739175813939749 bcsId: 0} | ret=SUCCESS |  
2019-09-05 09:23:32,245 [grpc-default-executor-3] INFO  client.GrpcClientProtocolClient (GrpcClientProtocolClient.java:onNext(255)) - client-969FB6DA8C9A->4fcc8d53-44cb-4faf-b915-5afa0c7529d4: receive RaftClientReply:client-969FB6DA8C9A->4fcc8d53-44cb-4faf-b915-5afa0c7529d4@group-6A615BAE1DD1, cid=2059, SUCCESS, logIndex=0, commits[4fcc8d53-44cb-4faf-b915-5afa0c7529d4:c2996, 48aa5eb4-709c-4003-adb5-fbc02723cd23:c2993, 609a8cf1-6ad3-4123-b94a-106ad93148a8:c2993]
2019-09-05 09:23:32,245 | INFO  | DNAudit | user=null | ip=null | op=PUT_BLOCK {blockData=[blockId=conID: 1 locID: 102739175813939749 bcsId: 0,size=2097152]} | ret=SUCCESS |  
2019-09-05 09:23:32,250 | INFO  | DNAudit | user=null | ip=null | op=WRITE_CHUNK {blockData=conID: 1 locID: 102739175813939749 bcsId: 2995} | ret=SUCCESS |  
2019-09-05 09:23:32,252 | INFO  | DNAudit | user=null | ip=null | op=WRITE_CHUNK {blockData=conID: 1 locID: 102739175813939749 bcsId: 2995} | ret=SUCCESS |  
2019-09-05 09:23:32,252 | INFO  | DNAudit | user=null | ip=null | op=WRITE_CHUNK {blockData=conID: 1 locID: 102739175813939749 bcsId: 2995} | ret=SUCCESS |  
2019-09-05 09:23:32,268 | INFO  | DNAudit | user=null | ip=null | op=WRITE_CHUNK {blockData=conID: 1 locID: 102739175813939749 bcsId: 2995} | ret=SUCCESS |  
2019-09-05 09:23:32,269 | INFO  | DNAudit | user=null | ip=null | op=PUT_BLOCK {blockData=[blockId=conID: 1 locID: 102739175813939749 bcsId: 0,size=3145728]} | ret=SUCCESS |  
2019-09-05 09:23:32,269 [grpc-default-executor-2] INFO  client.GrpcClientProtocolClient (GrpcClientProtocolClient.java:onNext(255)) - client-969FB6DA8C9A->4fcc8d53-44cb-4faf-b915-5afa0c7529d4: receive RaftClientReply:client-969FB6DA8C9A->4fcc8d53-44cb-4faf-b915-5afa0c7529d4@group-6A615BAE1DD1, cid=2060, SUCCESS, logIndex=3000, commits[4fcc8d53-44cb-4faf-b915-5afa0c7529d4:c3001, 48aa5eb4-709c-4003-adb5-fbc02723cd23:c2999, 609a8cf1-6ad3-4123-b94a-106ad93148a8:c2999]
2019-09-05 09:23:32,269 [grpc-default-executor-2] INFO  client.GrpcClientProtocolClient (GrpcClientProtocolClient.java:onNext(255)) - client-969FB6DA8C9A->4fcc8d53-44cb-4faf-b915-5afa0c7529d4: receive RaftClientReply:client-969FB6DA8C9A->4fcc8d53-44cb-4faf-b915-5afa0c7529d4@group-6A615BAE1DD1, cid=2061, SUCCESS, logIndex=3001, commits[4fcc8d53-44cb-4faf-b915-5afa0c7529d4:c3001, 48aa5eb4-709c-4003-adb5-fbc02723cd23:c2999, 609a8cf1-6ad3-4123-b94a-106ad93148a8:c2999]
 0.00% |█                                                                                                    |  0/1 Time: 0:00:292019-09-05 09:23:32,393 | INFO  | SCMAudit | user=jenkins1000 | ip=192.168.36.69 | op=SEND_HEARTBEAT {datanodeUUID=609a8cf1-6ad3-4123-b94a-106ad93148a8, command=[]} | ret=SUCCESS |  
2019-09-05 09:23:32,393 | INFO  | SCMAudit | user=jenkins1000 | ip=192.168.36.69 | op=SEND_HEARTBEAT {datanodeUUID=48aa5eb4-709c-4003-adb5-fbc02723cd23, command=[]} | ret=SUCCESS |  
2019-09-05 09:23:32,393 | INFO  | SCMAudit | user=jenkins1000 | ip=192.168.36.69 | op=SEND_HEARTBEAT {datanodeUUID=4fcc8d53-44cb-4faf-b915-5afa0c7529d4, command=[]} | ret=SUCCESS |  
2019-09-05 09:23:32,394 | INFO  | SCMAudit | user=jenkins1000 | ip=192.168.36.69 | op=SEND_HEARTBEAT {datanodeUUID=5b6cff60-1414-40d6-b682-781dc5ff3023, command=[]} | ret=SUCCESS |  
2019-09-05 09:23:32,394 | INFO  | DNAudit | user=null | ip=null | op=WRITE_CHUNK {blockData=conID: 1 locID: 102739175813939749 bcsId: 2995} | ret=SUCCESS |  
2019-09-05 09:23:32,394 | INFO  | DNAudit | user=null | ip=null | op=WRITE_CHUNK {blockData=conID: 1 locID: 102739175813939749 bcsId: 2995} | ret=SUCCESS |  
2019-09-05 09:23:32,394 | INFO  | DNAudit | user=null | ip=null | op=PUT_BLOCK {blockData=[blockId=conID: 1 locID: 102739175813939749 bcsId: 0,size=3145728]} | ret=SUCCESS |  
2019-09-05 09:23:32,395 | INFO  | DNAudit | user=null | ip=null | op=PUT_BLOCK {blockData=[blockId=conID: 1 locID: 102739175813939749 bcsId: 0,size=3145728]} | ret=SUCCESS |  
2019-09-05 09:23:32,396 | INFO  | DNAudit | user=null | ip=null | op=WRITE_CHUNK {blockData=conID: 1 locID: 102739175813939749 bcsId: 3001} | ret=SUCCESS |  
2019-09-05 09:23:32,400 | INFO  | DNAudit | user=null | ip=null | op=WRITE_CHUNK {blockData=conID: 1 locID: 102739175813939749 bcsId: 3001} | ret=SUCCESS |  
2019-09-05 09:23:32,401 | INFO  | DNAudit | user=null | ip=null | op=WRITE_CHUNK {blockData=conID: 1 locID: 102739175813939749 bcsId: 3001} | ret=SUCCESS |  
2019-09-05 09:23:32,414 | INFO  | DNAudit | user=null | ip=null | op=WRITE_CHUNK {blockData=conID: 1 locID: 102739175813939749 bcsId: 3001} | ret=SUCCESS |  
2019-09-05 09:23:32,416 | INFO  | DNAudit | user=null | ip=null | op=PUT_BLOCK {blockData=[blockId=conID: 1 locID: 102739175813939749 bcsId: 0,size=4194304]} | ret=SUCCESS |  
2019-09-05 09:23:32,416 [grpc-default-executor-5] INFO  client.GrpcClientProtocolClient (GrpcClientProtocolClient.java:onNext(255)) - client-969FB6DA8C9A->4fcc8d53-44cb-4faf-b915-5afa0c7529d4: receive RaftClientReply:client-969FB6DA8C9A->4fcc8d53-44cb-4faf-b915-5afa0c7529d4@group-6A615BAE1DD1, cid=2062, SUCCESS, logIndex=3004, commits[4fcc8d53-44cb-4faf-b915-5afa0c7529d4:c3005, 48aa5eb4-709c-4003-adb5-fbc02723cd23:c3001, 609a8cf1-6ad3-4123-b94a-106ad93148a8:c3001]
2019-09-05 09:23:32,417 [grpc-default-executor-5] INFO  client.GrpcClientProtocolClient (GrpcClientProtocolClient.java:onNext(255)) - client-969FB6DA8C9A->4fcc8d53-44cb-4faf-b915-5afa0c7529d4: receive RaftClientReply:client-969FB6DA8C9A->4fcc8d53-44cb-4faf-b915-5afa0c7529d4@group-6A615BAE1DD1, cid=2063, SUCCESS, logIndex=3005, commits[4fcc8d53-44cb-4faf-b915-5afa0c7529d4:c3005, 48aa5eb4-709c-4003-adb5-fbc02723cd23:c3001, 609a8cf1-6ad3-4123-b94a-106ad93148a8:c3001]
2019-09-05 09:23:32,429 | INFO  | DNAudit | user=null | ip=null | op=WRITE_CHUNK {blockData=conID: 1 locID: 102739175813939749 bcsId: 3001} | ret=SUCCESS |  
2019-09-05 09:23:32,430 | INFO  | DNAudit | user=null | ip=null | op=WRITE_CHUNK {blockData=conID: 1 locID: 102739175813939749 bcsId: 3001} | ret=SUCCESS |  
2019-09-05 09:23:32,430 | INFO  | DNAudit | user=null | ip=null | op=PUT_BLOCK {blockData=[blockId=conID: 1 locID: 102739175813939749 bcsId: 0,size=4194304]} | ret=SUCCESS |  
2019-09-05 09:23:32,430 | INFO  | DNAudit | user=null | ip=null | op=PUT_BLOCK {blockData=[blockId=conID: 1 locID: 102739175813939749 bcsId: 0,size=4194304]} | ret=SUCCESS |  
2019-09-05 09:23:32,430 [grpc-default-executor-5] INFO  client.GrpcClientProtocolClient (GrpcClientProtocolClient.java:onNext(255)) - client-969FB6DA8C9A->4fcc8d53-44cb-4faf-b915-5afa0c7529d4: receive RaftClientReply:client-969FB6DA8C9A->4fcc8d53-44cb-4faf-b915-5afa0c7529d4@group-6A615BAE1DD1, cid=2064, SUCCESS, logIndex=0, commits[4fcc8d53-44cb-4faf-b915-5afa0c7529d4:c3006, 48aa5eb4-709c-4003-adb5-fbc02723cd23:c3005, 609a8cf1-6ad3-4123-b94a-106ad93148a8:c3005]
2019-09-05 09:23:32,437 | INFO  | SCMAudit | user=jenkins1000 | ip=192.168.36.69 | op=ALLOCATE_BLOCK {owner=5cf4fcf6-c517-45f4-af25-2fff646d8883, size=4194304, type=RATIS, factor=THREE} | ret=SUCCESS |  
2019-09-05 09:23:32,440 | INFO  | OMAudit | user=jenkins1000 | ip=127.0.0.1 | op=ALLOCATE_BLOCK {volume=vol-0-13331, bucket=bucket-0-43606, key=key-0-76526, dataSize=0, replicationType=null, replicationFactor=null, keyLocationInfo=null, clientID=102739173903106450} | ret=SUCCESS |  
2019-09-05 09:23:32,448 | INFO  | DNAudit | user=null | ip=null | op=WRITE_CHUNK {blockData=conID: 2 locID: 102739175829471782 bcsId: 0} | ret=SUCCESS |  
2019-09-05 09:23:32,451 | INFO  | DNAudit | user=null | ip=null | op=WRITE_CHUNK {blockData=conID: 2 locID: 102739175829471782 bcsId: 0} | ret=SUCCESS |  
2019-09-05 09:23:32,451 | INFO  | DNAudit | user=null | ip=null | op=WRITE_CHUNK {blockData=conID: 2 locID: 102739175829471782 bcsId: 0} | ret=SUCCESS |  
2019-09-05 09:23:32,452 | INFO  | DNAudit | user=null | ip=null | op=WRITE_CHUNK {blockData=conID: 2 locID: 102739175829471782 bcsId: 0} | ret=SUCCESS |  
2019-09-05 09:23:32,454 | INFO  | DNAudit | user=null | ip=null | op=WRITE_CHUNK {blockData=conID: 2 locID: 102739175829471782 bcsId: 0} | ret=SUCCESS |  
2019-09-05 09:23:32,454 | INFO  | DNAudit | user=null | ip=null | op=WRITE_CHUNK {blockData=conID: 2 locID: 102739175829471782 bcsId: 0} | ret=SUCCESS |  
2019-09-05 09:23:32,460 | INFO  | DNAudit | user=null | ip=null | op=WRITE_CHUNK {blockData=conID: 2 locID: 102739175829471782 bcsId: 0} | ret=SUCCESS |  
2019-09-05 09:23:32,461 | INFO  | DNAudit | user=null | ip=null | op=PUT_BLOCK {blockData=[blockId=conID: 2 locID: 102739175829471782 bcsId: 0,size=1048576]} | ret=SUCCESS |  
2019-09-05 09:23:32,461 [grpc-default-executor-2] INFO  client.GrpcClientProtocolClient (GrpcClientProtocolClient.java:onNext(255)) - client-969FB6DA8C9A->4fcc8d53-44cb-4faf-b915-5afa0c7529d4: receive RaftClientReply:client-969FB6DA8C9A->4fcc8d53-44cb-4faf-b915-5afa0c7529d4@group-6A615BAE1DD1, cid=2065, SUCCESS, logIndex=3008, commits[4fcc8d53-44cb-4faf-b915-5afa0c7529d4:c3009, 48aa5eb4-709c-4003-adb5-fbc02723cd23:c3007, 609a8cf1-6ad3-4123-b94a-106ad93148a8:c3007]
2019-09-05 09:23:32,461 [grpc-default-executor-2] INFO  client.GrpcClientProtocolClient (GrpcClientProtocolClient.java:onNext(255)) - client-969FB6DA8C9A->4fcc8d53-44cb-4faf-b915-5afa0c7529d4: receive RaftClientReply:client-969FB6DA8C9A->4fcc8d53-44cb-4faf-b915-5afa0c7529d4@group-6A615BAE1DD1, cid=2066, SUCCESS, logIndex=3009, commits[4fcc8d53-44cb-4faf-b915-5afa0c7529d4:c3009, 48aa5eb4-709c-4003-adb5-fbc02723cd23:c3007, 609a8cf1-6ad3-4123-b94a-106ad93148a8:c3007]
2019-09-05 09:23:32,480 | INFO  | DNAudit | user=null | ip=null | op=WRITE_CHUNK {blockData=conID: 2 locID: 102739175829471782 bcsId: 0} | ret=SUCCESS |  
2019-09-05 09:23:32,480 | INFO  | DNAudit | user=null | ip=null | op=PUT_BLOCK {blockData=[blockId=conID: 2 locID: 102739175829471782 bcsId: 0,size=2097152]} | ret=SUCCESS |  
2019-09-05 09:23:32,480 [grpc-default-executor-5] INFO  client.GrpcClientProtocolClient (GrpcClientProtocolClient.java:onNext(255)) - client-969FB6DA8C9A->4fcc8d53-44cb-4faf-b915-5afa0c7529d4: receive RaftClientReply:client-969FB6DA8C9A->4fcc8d53-44cb-4faf-b915-5afa0c7529d4@group-6A615BAE1DD1, cid=2067, SUCCESS, logIndex=3010, commits[4fcc8d53-44cb-4faf-b915-5afa0c7529d4:c3011, 48aa5eb4-709c-4003-adb5-fbc02723cd23:c3007, 609a8cf1-6ad3-4123-b94a-106ad93148a8:c3007]
2019-09-05 09:23:32,481 | INFO  | DNAudit | user=null | ip=null | op=WRITE_CHUNK {blockData=conID: 2 locID: 102739175829471782 bcsId: 0} | ret=SUCCESS |  
2019-09-05 09:23:32,481 | INFO  | DNAudit | user=null | ip=null | op=PUT_BLOCK {blockData=[blockId=conID: 2 locID: 102739175829471782 bcsId: 0,size=1048576]} | ret=SUCCESS |  
2019-09-05 09:23:32,481 [grpc-default-executor-5] INFO  client.GrpcClientProtocolClient (GrpcClientProtocolClient.java:onNext(255)) - client-969FB6DA8C9A->4fcc8d53-44cb-4faf-b915-5afa0c7529d4: receive RaftClientReply:client-969FB6DA8C9A->4fcc8d53-44cb-4faf-b915-5afa0c7529d4@group-6A615BAE1DD1, cid=2068, SUCCESS, logIndex=3011, commits[4fcc8d53-44cb-4faf-b915-5afa0c7529d4:c3011, 48aa5eb4-709c-4003-adb5-fbc02723cd23:c3007, 609a8cf1-6ad3-4123-b94a-106ad93148a8:c3007]
2019-09-05 09:23:32,482 | INFO  | DNAudit | user=null | ip=null | op=WRITE_CHUNK {blockData=conID: 2 locID: 102739175829471782 bcsId: 0} | ret=SUCCESS |  
2019-09-05 09:23:32,482 | INFO  | DNAudit | user=null | ip=null | op=WRITE_CHUNK {blockData=conID: 2 locID: 102739175829471782 bcsId: 0} | ret=SUCCESS |  
2019-09-05 09:23:32,482 | INFO  | DNAudit | user=null | ip=null | op=PUT_BLOCK {blockData=[blockId=conID: 2 locID: 102739175829471782 bcsId: 0,size=2097152]} | ret=SUCCESS |  
2019-09-05 09:23:32,482 | INFO  | DNAudit | user=null | ip=null | op=PUT_BLOCK {blockData=[blockId=conID: 2 locID: 102739175829471782 bcsId: 0,size=1048576]} | ret=SUCCESS |  
2019-09-05 09:23:32,483 [grpc-default-executor-5] INFO  client.GrpcClientProtocolClient (GrpcClientProtocolClient.java:onNext(255)) - client-969FB6DA8C9A->4fcc8d53-44cb-4faf-b915-5afa0c7529d4: receive RaftClientReply:client-969FB6DA8C9A->4fcc8d53-44cb-4faf-b915-5afa0c7529d4@group-6A615BAE1DD1, cid=2069, SUCCESS, logIndex=0, commits[4fcc8d53-44cb-4faf-b915-5afa0c7529d4:c3013, 48aa5eb4-709c-4003-adb5-fbc02723cd23:c3009, 609a8cf1-6ad3-4123-b94a-106ad93148a8:c3011]
2019-09-05 09:23:32,484 | INFO  | DNAudit | user=null | ip=null | op=WRITE_CHUNK {blockData=conID: 2 locID: 102739175829471782 bcsId: 0} | ret=SUCCESS |  
2019-09-05 09:23:32,484 | INFO  | DNAudit | user=null | ip=null | op=PUT_BLOCK {blockData=[blockId=conID: 2 locID: 102739175829471782 bcsId: 0,size=2097152]} | ret=SUCCESS |  
2019-09-05 09:23:32,491 | INFO  | DNAudit | user=null | ip=null | op=WRITE_CHUNK {blockData=conID: 2 locID: 102739175829471782 bcsId: 3011} | ret=SUCCESS |  
2019-09-05 09:23:32,493 | INFO  | DNAudit | user=null | ip=null | op=WRITE_CHUNK {blockData=conID: 2 locID: 102739175829471782 bcsId: 3011} | ret=SUCCESS |  
2019-09-05 09:23:32,494 | INFO  | DNAudit | user=null | ip=null | op=WRITE_CHUNK {blockData=conID: 2 locID: 102739175829471782 bcsId: 3011} | ret=SUCCESS |  
2019-09-05 09:23:32,510 | INFO  | DNAudit | user=null | ip=null | op=WRITE_CHUNK {blockData=conID: 2 locID: 102739175829471782 bcsId: 3011} | ret=SUCCESS |  
2019-09-05 09:23:32,510 | INFO  | DNAudit | user=null | ip=null | op=PUT_BLOCK {blockData=[blockId=conID: 2 locID: 102739175829471782 bcsId: 0,size=3145728]} | ret=SUCCESS |  
2019-09-05 09:23:32,510 [grpc-default-executor-2] INFO  client.GrpcClientProtocolClient (GrpcClientProtocolClient.java:onNext(255)) - client-969FB6DA8C9A->4fcc8d53-44cb-4faf-b915-5afa0c7529d4: receive RaftClientReply:client-969FB6DA8C9A->4fcc8d53-44cb-4faf-b915-5afa0c7529d4@group-6A615BAE1DD1, cid=2070, SUCCESS, logIndex=3016, commits[4fcc8d53-44cb-4faf-b915-5afa0c7529d4:c3017, 48aa5eb4-709c-4003-adb5-fbc02723cd23:c3015, 609a8cf1-6ad3-4123-b94a-106ad93148a8:c3015]
2019-09-05 09:23:32,511 [grpc-default-executor-2] INFO  client.GrpcClientProtocolClient (GrpcClientProtocolClient.java:onNext(255)) - client-969FB6DA8C9A->4fcc8d53-44cb-4faf-b915-5afa0c7529d4: receive RaftClientReply:client-969FB6DA8C9A->4fcc8d53-44cb-4faf-b915-5afa0c7529d4@group-6A615BAE1DD1, cid=2071, SUCCESS, logIndex=3017, commits[4fcc8d53-44cb-4faf-b915-5afa0c7529d4:c3017, 48aa5eb4-709c-4003-adb5-fbc02723cd23:c3015, 609a8cf1-6ad3-4123-b94a-106ad93148a8:c3015]
2019-09-05 09:23:32,517 | INFO  | DNAudit | user=null | ip=null | op=WRITE_CHUNK {blockData=conID: 2 locID: 102739175829471782 bcsId: 3017} | ret=SUCCESS |  
2019-09-05 09:23:32,517 | INFO  | DNAudit | user=null | ip=null | op=WRITE_CHUNK {blockData=conID: 2 locID: 102739175829471782 bcsId: 3011} | ret=SUCCESS |  
2019-09-05 09:23:32,517 | INFO  | DNAudit | user=null | ip=null | op=WRITE_CHUNK {blockData=conID: 2 locID: 102739175829471782 bcsId: 3011} | ret=SUCCESS |  
2019-09-05 09:23:32,519 | INFO  | DNAudit | user=null | ip=null | op=PUT_BLOCK {blockData=[blockId=conID: 2 locID: 102739175829471782 bcsId: 0,size=3145728]} | ret=SUCCESS |  
2019-09-05 09:23:32,519 | INFO  | DNAudit | user=null | ip=null | op=PUT_BLOCK {blockData=[blockId=conID: 2 locID: 102739175829471782 bcsId: 0,size=3145728]} | ret=SUCCESS |  
2019-09-05 09:23:32,519 | INFO  | DNAudit | user=null | ip=null | op=WRITE_CHUNK {blockData=conID: 2 locID: 102739175829471782 bcsId: 3017} | ret=SUCCESS |  
2019-09-05 09:23:32,520 | INFO  | DNAudit | user=null | ip=null | op=WRITE_CHUNK {blockData=conID: 2 locID: 102739175829471782 bcsId: 3017} | ret=SUCCESS |  
2019-09-05 09:23:32,562 | INFO  | DNAudit | user=null | ip=null | op=WRITE_CHUNK {blockData=conID: 2 locID: 102739175829471782 bcsId: 3017} | ret=SUCCESS |  
2019-09-05 09:23:32,563 | INFO  | DNAudit | user=null | ip=null | op=PUT_BLOCK {blockData=[blockId=conID: 2 locID: 102739175829471782 bcsId: 0,size=4194304]} | ret=SUCCESS |  
2019-09-05 09:23:32,563 [grpc-default-executor-2] INFO  client.GrpcClientProtocolClient (GrpcClientProtocolClient.java:onNext(255)) - client-969FB6DA8C9A->4fcc8d53-44cb-4faf-b915-5afa0c7529d4: receive RaftClientReply:client-969FB6DA8C9A->4fcc8d53-44cb-4faf-b915-5afa0c7529d4@group-6A615BAE1DD1, cid=2072, SUCCESS, logIndex=3020, commits[4fcc8d53-44cb-4faf-b915-5afa0c7529d4:c3021, 48aa5eb4-709c-4003-adb5-fbc02723cd23:c3017, 609a8cf1-6ad3-4123-b94a-106ad93148a8:c3017]
2019-09-05 09:23:32,563 [grpc-default-executor-2] INFO  client.GrpcClientProtocolClient (GrpcClientProtocolClient.java:onNext(255)) - client-969FB6DA8C9A->4fcc8d53-44cb-4faf-b915-5afa0c7529d4: receive RaftClientReply:client-969FB6DA8C9A->4fcc8d53-44cb-4faf-b915-5afa0c7529d4@group-6A615BAE1DD1, cid=2073, SUCCESS, logIndex=3021, commits[4fcc8d53-44cb-4faf-b915-5afa0c7529d4:c3021, 48aa5eb4-709c-4003-adb5-fbc02723cd23:c3017, 609a8cf1-6ad3-4123-b94a-106ad93148a8:c3017]
2019-09-05 09:23:32,584 | INFO  | DNAudit | user=null | ip=null | op=WRITE_CHUNK {blockData=conID: 2 locID: 102739175829471782 bcsId: 3017} | ret=SUCCESS |  
2019-09-05 09:23:32,584 | INFO  | DNAudit | user=null | ip=null | op=WRITE_CHUNK {blockData=conID: 2 locID: 102739175829471782 bcsId: 3017} | ret=SUCCESS |  
2019-09-05 09:23:32,585 | INFO  | DNAudit | user=null | ip=null | op=PUT_BLOCK {blockData=[blockId=conID: 2 locID: 102739175829471782 bcsId: 0,size=4194304]} | ret=SUCCESS |  
2019-09-05 09:23:32,585 | INFO  | DNAudit | user=null | ip=null | op=PUT_BLOCK {blockData=[blockId=conID: 2 locID: 102739175829471782 bcsId: 0,size=4194304]} | ret=SUCCESS |  
2019-09-05 09:23:32,586 [grpc-default-executor-5] INFO  client.GrpcClientProtocolClient (GrpcClientProtocolClient.java:onNext(255)) - client-969FB6DA8C9A->4fcc8d53-44cb-4faf-b915-5afa0c7529d4: receive RaftClientReply:client-969FB6DA8C9A->4fcc8d53-44cb-4faf-b915-5afa0c7529d4@group-6A615BAE1DD1, cid=2074, SUCCESS, logIndex=0, commits[4fcc8d53-44cb-4faf-b915-5afa0c7529d4:c3023, 48aa5eb4-709c-4003-adb5-fbc02723cd23:c3021, 609a8cf1-6ad3-4123-b94a-106ad93148a8:c3021]
2019-09-05 09:23:32,591 | INFO  | SCMAudit | user=jenkins1000 | ip=192.168.36.69 | op=ALLOCATE_BLOCK {owner=5cf4fcf6-c517-45f4-af25-2fff646d8883, size=4194304, type=RATIS, factor=THREE} | ret=SUCCESS |  
2019-09-05 09:23:32,595 | INFO  | OMAudit | user=jenkins1000 | ip=127.0.0.1 | op=ALLOCATE_BLOCK {volume=vol-0-13331, bucket=bucket-0-43606, key=key-0-76526, dataSize=0, replicationType=null, replicationFactor=null, keyLocationInfo=null, clientID=102739173903106450} | ret=SUCCESS |  
2019-09-05 09:23:32,603 | INFO  | DNAudit | user=null | ip=null | op=WRITE_CHUNK {blockData=conID: 3 locID: 102739175839564327 bcsId: 0} | ret=SUCCESS |  
2019-09-05 09:23:32,605 | INFO  | DNAudit | user=null | ip=null | op=WRITE_CHUNK {blockData=conID: 3 locID: 102739175839564327 bcsId: 0} | ret=SUCCESS |  
2019-09-05 09:23:32,606 | INFO  | DNAudit | user=null | ip=null | op=WRITE_CHUNK {blockData=conID: 3 locID: 102739175839564327 bcsId: 0} | ret=SUCCESS |  
2019-09-05 09:23:32,606 | INFO  | DNAudit | user=null | ip=null | op=WRITE_CHUNK {blockData=conID: 3 locID: 102739175839564327 bcsId: 0} | ret=SUCCESS |  
2019-09-05 09:23:32,608 | INFO  | DNAudit | user=null | ip=null | op=WRITE_CHUNK {blockData=conID: 3 locID: 102739175839564327 bcsId: 0} | ret=SUCCESS |  
2019-09-05 09:23:32,609 | INFO  | DNAudit | user=null | ip=null | op=WRITE_CHUNK {blockData=conID: 3 locID: 102739175839564327 bcsId: 0} | ret=SUCCESS |  
2019-09-05 09:23:32,615 | INFO  | SCMAudit | user=jenkins1000 | ip=192.168.36.69 | op=SEND_HEARTBEAT {datanodeUUID=fe9e29a7-51ad-458f-9e11-f615da290baa, command=[]} | ret=SUCCESS |  
2019-09-05 09:23:32,627 | INFO  | DNAudit | user=null | ip=null | op=WRITE_CHUNK {blockData=conID: 3 locID: 102739175839564327 bcsId: 0} | ret=SUCCESS |  
2019-09-05 09:23:32,627 | INFO  | DNAudit | user=null | ip=null | op=PUT_BLOCK {blockData=[blockId=conID: 3 locID: 102739175839564327 bcsId: 0,size=1048576]} | ret=SUCCESS |  
2019-09-05 09:23:32,627 [grpc-default-executor-4] INFO  client.GrpcClientProtocolClient (GrpcClientProtocolClient.java:onNext(255)) - client-969FB6DA8C9A->4fcc8d53-44cb-4faf-b915-5afa0c7529d4: receive RaftClientReply:client-969FB6DA8C9A->4fcc8d53-44cb-4faf-b915-5afa0c7529d4@group-6A615BAE1DD1, cid=2075, SUCCESS, logIndex=3024, commits[4fcc8d53-44cb-4faf-b915-5afa0c7529d4:c3025, 48aa5eb4-709c-4003-adb5-fbc02723cd23:c3023, 609a8cf1-6ad3-4123-b94a-106ad93148a8:c3023]
2019-09-05 09:23:32,628 [grpc-default-executor-4] INFO  client.GrpcClientProtocolClient (GrpcClientProtocolClient.java:onNext(255)) - client-969FB6DA8C9A->4fcc8d53-44cb-4faf-b915-5afa0c7529d4: receive RaftClientReply:client-969FB6DA8C9A->4fcc8d53-44cb-4faf-b915-5afa0c7529d4@group-6A615BAE1DD1, cid=2076, SUCCESS, logIndex=3025, commits[4fcc8d53-44cb-4faf-b915-5afa0c7529d4:c3025, 48aa5eb4-709c-4003-adb5-fbc02723cd23:c3023, 609a8cf1-6ad3-4123-b94a-106ad93148a8:c3023]
2019-09-05 09:23:32,644 | INFO  | DNAudit | user=null | ip=null | op=WRITE_CHUNK {blockData=conID: 3 locID: 102739175839564327 bcsId: 0} | ret=SUCCESS |  
2019-09-05 09:23:32,644 | INFO  | DNAudit | user=null | ip=null | op=PUT_BLOCK {blockData=[blockId=conID: 3 locID: 102739175839564327 bcsId: 0,size=2097152]} | ret=SUCCESS |  
2019-09-05 09:23:32,644 | INFO  | DNAudit | user=null | ip=null | op=WRITE_CHUNK {blockData=conID: 3 locID: 102739175839564327 bcsId: 0} | ret=SUCCESS |  
2019-09-05 09:23:32,644 [grpc-default-executor-5] INFO  client.GrpcClientProtocolClient (GrpcClientProtocolClient.java:onNext(255)) - client-969FB6DA8C9A->4fcc8d53-44cb-4faf-b915-5afa0c7529d4: receive RaftClientReply:client-969FB6DA8C9A->4fcc8d53-44cb-4faf-b915-5afa0c7529d4@group-6A615BAE1DD1, cid=2077, SUCCESS, logIndex=3026, commits[4fcc8d53-44cb-4faf-b915-5afa0c7529d4:c3027, 48aa5eb4-709c-4003-adb5-fbc02723cd23:c3023, 609a8cf1-6ad3-4123-b94a-106ad93148a8:c3023]
2019-09-05 09:23:32,644 | INFO  | DNAudit | user=null | ip=null | op=PUT_BLOCK {blockData=[blockId=conID: 3 locID: 102739175839564327 bcsId: 0,size=1048576]} | ret=SUCCESS |  
2019-09-05 09:23:32,645 | INFO  | DNAudit | user=null | ip=null | op=WRITE_CHUNK {blockData=conID: 3 locID: 102739175839564327 bcsId: 0} | ret=SUCCESS |  
2019-09-05 09:23:32,645 [grpc-default-executor-5] INFO  client.GrpcClientProtocolClient (GrpcClientProtocolClient.java:onNext(255)) - client-969FB6DA8C9A->4fcc8d53-44cb-4faf-b915-5afa0c7529d4: receive RaftClientReply:client-969FB6DA8C9A->4fcc8d53-44cb-4faf-b915-5afa0c7529d4@group-6A615BAE1DD1, cid=2078, SUCCESS, logIndex=3027, commits[4fcc8d53-44cb-4faf-b915-5afa0c7529d4:c3027, 48aa5eb4-709c-4003-adb5-fbc02723cd23:c3023, 609a8cf1-6ad3-4123-b94a-106ad93148a8:c3024]
2019-09-05 09:23:32,645 | INFO  | DNAudit | user=null | ip=null | op=PUT_BLOCK {blockData=[blockId=conID: 3 locID: 102739175839564327 bcsId: 0,size=1048576]} | ret=SUCCESS |  
2019-09-05 09:23:32,645 | INFO  | DNAudit | user=null | ip=null | op=WRITE_CHUNK {blockData=conID: 3 locID: 102739175839564327 bcsId: 0} | ret=SUCCESS |  
2019-09-05 09:23:32,646 | INFO  | DNAudit | user=null | ip=null | op=PUT_BLOCK {blockData=[blockId=conID: 3 locID: 102739175839564327 bcsId: 0,size=2097152]} | ret=SUCCESS |  
2019-09-05 09:23:32,646 [grpc-default-executor-5] INFO  client.GrpcClientProtocolClient (GrpcClientProtocolClient.java:onNext(255)) - client-969FB6DA8C9A->4fcc8d53-44cb-4faf-b915-5afa0c7529d4: receive RaftClientReply:client-969FB6DA8C9A->4fcc8d53-44cb-4faf-b915-5afa0c7529d4@group-6A615BAE1DD1, cid=2079, SUCCESS, logIndex=0, commits[4fcc8d53-44cb-4faf-b915-5afa0c7529d4:c3029, 48aa5eb4-709c-4003-adb5-fbc02723cd23:c3025, 609a8cf1-6ad3-4123-b94a-106ad93148a8:c3025]
2019-09-05 09:23:32,646 | INFO  | DNAudit | user=null | ip=null | op=WRITE_CHUNK {blockData=conID: 3 locID: 102739175839564327 bcsId: 0} | ret=SUCCESS |  
2019-09-05 09:23:32,646 | INFO  | DNAudit | user=null | ip=null | op=PUT_BLOCK {blockData=[blockId=conID: 3 locID: 102739175839564327 bcsId: 0,size=2097152]} | ret=SUCCESS |  
2019-09-05 09:23:32,652 | INFO  | DNAudit | user=null | ip=null | op=WRITE_CHUNK {blockData=conID: 3 locID: 102739175839564327 bcsId: 3027} | ret=SUCCESS |  
2019-09-05 09:23:32,654 | INFO  | DNAudit | user=null | ip=null | op=WRITE_CHUNK {blockData=conID: 3 locID: 102739175839564327 bcsId: 3027} | ret=SUCCESS |  
2019-09-05 09:23:32,655 | INFO  | DNAudit | user=null | ip=null | op=WRITE_CHUNK {blockData=conID: 3 locID: 102739175839564327 bcsId: 3027} | ret=SUCCESS |  
2019-09-05 09:23:32,686 | INFO  | DNAudit | user=null | ip=null | op=WRITE_CHUNK {blockData=conID: 3 locID: 102739175839564327 bcsId: 3027} | ret=SUCCESS |  
2019-09-05 09:23:32,687 | INFO  | DNAudit | user=null | ip=null | op=PUT_BLOCK {blockData=[blockId=conID: 3 locID: 102739175839564327 bcsId: 0,size=3145728]} | ret=SUCCESS |  
2019-09-05 09:23:32,687 [grpc-default-executor-5] INFO  client.GrpcClientProtocolClient (GrpcClientProtocolClient.java:onNext(255)) - client-969FB6DA8C9A->4fcc8d53-44cb-4faf-b915-5afa0c7529d4: receive RaftClientReply:client-969FB6DA8C9A->4fcc8d53-44cb-4faf-b915-5afa0c7529d4@group-6A615BAE1DD1, cid=2080, SUCCESS, logIndex=3032, commits[4fcc8d53-44cb-4faf-b915-5afa0c7529d4:c3033, 48aa5eb4-709c-4003-adb5-fbc02723cd23:c3031, 609a8cf1-6ad3-4123-b94a-106ad93148a8:c3027]
2019-09-05 09:23:32,687 [grpc-default-executor-5] INFO  client.GrpcClientProtocolClient (GrpcClientProtocolClient.java:onNext(255)) - client-969FB6DA8C9A->4fcc8d53-44cb-4faf-b915-5afa0c7529d4: receive RaftClientReply:client-969FB6DA8C9A->4fcc8d53-44cb-4faf-b915-5afa0c7529d4@group-6A615BAE1DD1, cid=2081, SUCCESS, logIndex=3033, commits[4fcc8d53-44cb-4faf-b915-5afa0c7529d4:c3033, 48aa5eb4-709c-4003-adb5-fbc02723cd23:c3031, 609a8cf1-6ad3-4123-b94a-106ad93148a8:c3031]
2019-09-05 09:23:32,693 | INFO  | DNAudit | user=null | ip=null | op=WRITE_CHUNK {blockData=conID: 3 locID: 102739175839564327 bcsId: 3027} | ret=SUCCESS |  
2019-09-05 09:23:32,694 | INFO  | DNAudit | user=null | ip=null | op=WRITE_CHUNK {blockData=conID: 3 locID: 102739175839564327 bcsId: 3027} | ret=SUCCESS |  
2019-09-05 09:23:32,695 | INFO  | DNAudit | user=null | ip=null | op=PUT_BLOCK {blockData=[blockId=conID: 3 locID: 102739175839564327 bcsId: 0,size=3145728]} | ret=SUCCESS |  
2019-09-05 09:23:32,696 | INFO  | DNAudit | user=null | ip=null | op=WRITE_CHUNK {blockData=conID: 3 locID: 102739175839564327 bcsId: 3033} | ret=SUCCESS |  
2019-09-05 09:23:32,696 | INFO  | DNAudit | user=null | ip=null | op=PUT_BLOCK {blockData=[blockId=conID: 3 locID: 102739175839564327 bcsId: 0,size=3145728]} | ret=SUCCESS |  
2019-09-05 09:23:32,698 | INFO  | DNAudit | user=null | ip=null | op=WRITE_CHUNK {blockData=conID: 3 locID: 102739175839564327 bcsId: 3033} | ret=SUCCESS |  
2019-09-05 09:23:32,698 | INFO  | DNAudit | user=null | ip=null | op=WRITE_CHUNK {blockData=conID: 3 locID: 102739175839564327 bcsId: 3033} | ret=SUCCESS |  
2019-09-05 09:23:32,703 | INFO  | DNAudit | user=null | ip=null | op=WRITE_CHUNK {blockData=conID: 3 locID: 102739175839564327 bcsId: 3033} | ret=SUCCESS |  
2019-09-05 09:23:32,704 | INFO  | DNAudit | user=null | ip=null | op=PUT_BLOCK {blockData=[blockId=conID: 3 locID: 102739175839564327 bcsId: 0,size=4194304]} | ret=SUCCESS |  
2019-09-05 09:23:32,704 [grpc-default-executor-4] INFO  client.GrpcClientProtocolClient (GrpcClientProtocolClient.java:onNext(255)) - client-969FB6DA8C9A->4fcc8d53-44cb-4faf-b915-5afa0c7529d4: receive RaftClientReply:client-969FB6DA8C9A->4fcc8d53-44cb-4faf-b915-5afa0c7529d4@group-6A615BAE1DD1, cid=2082, SUCCESS, logIndex=3036, commits[4fcc8d53-44cb-4faf-b915-5afa0c7529d4:c3037, 48aa5eb4-709c-4003-adb5-fbc02723cd23:c3034, 609a8cf1-6ad3-4123-b94a-106ad93148a8:c3034]
2019-09-05 09:23:32,704 [grpc-default-executor-5] INFO  client.GrpcClientProtocolClient (GrpcClientProtocolClient.java:onNext(255)) - client-969FB6DA8C9A->4fcc8d53-44cb-4faf-b915-5afa0c7529d4: receive RaftClientReply:client-969FB6DA8C9A->4fcc8d53-44cb-4faf-b915-5afa0c7529d4@group-6A615BAE1DD1, cid=2083, SUCCESS, logIndex=3037, commits[4fcc8d53-44cb-4faf-b915-5afa0c7529d4:c3037, 48aa5eb4-709c-4003-adb5-fbc02723cd23:c3034, 609a8cf1-6ad3-4123-b94a-106ad93148a8:c3034]
2019-09-05 09:23:32,712 | INFO  | DNAudit | user=null | ip=null | op=WRITE_CHUNK {blockData=conID: 3 locID: 102739175839564327 bcsId: 3033} | ret=SUCCESS |  
2019-09-05 09:23:32,712 | INFO  | DNAudit | user=null | ip=null | op=WRITE_CHUNK {blockData=conID: 3 locID: 102739175839564327 bcsId: 3033} | ret=SUCCESS |  
2019-09-05 09:23:32,714 | INFO  | DNAudit | user=null | ip=null | op=PUT_BLOCK {blockData=[blockId=conID: 3 locID: 102739175839564327 bcsId: 0,size=4194304]} | ret=SUCCESS |  
2019-09-05 09:23:32,714 | INFO  | DNAudit | user=null | ip=null | op=PUT_BLOCK {blockData=[blockId=conID: 3 locID: 102739175839564327 bcsId: 0,size=4194304]} | ret=SUCCESS |  
2019-09-05 09:23:32,715 [grpc-default-executor-5] INFO  client.GrpcClientProtocolClient (GrpcClientProtocolClient.java:onNext(255)) - client-969FB6DA8C9A->4fcc8d53-44cb-4faf-b915-5afa0c7529d4: receive RaftClientReply:client-969FB6DA8C9A->4fcc8d53-44cb-4faf-b915-5afa0c7529d4@group-6A615BAE1DD1, cid=2084, SUCCESS, logIndex=0, commits[4fcc8d53-44cb-4faf-b915-5afa0c7529d4:c3039, 48aa5eb4-709c-4003-adb5-fbc02723cd23:c3037, 609a8cf1-6ad3-4123-b94a-106ad93148a8:c3037]
2019-09-05 09:23:32,719 | INFO  | SCMAudit | user=jenkins1000 | ip=192.168.36.69 | op=ALLOCATE_BLOCK {owner=5cf4fcf6-c517-45f4-af25-2fff646d8883, size=4194304, type=RATIS, factor=THREE} | ret=SUCCESS |  
2019-09-05 09:23:32,722 | INFO  | OMAudit | user=jenkins1000 | ip=127.0.0.1 | op=ALLOCATE_BLOCK {volume=vol-0-13331, bucket=bucket-0-43606, key=key-0-76526, dataSize=0, replicationType=null, replicationFactor=null, keyLocationInfo=null, clientID=102739173903106450} | ret=SUCCESS |  
2019-09-05 09:23:32,729 | INFO  | DNAudit | user=null | ip=null | op=WRITE_CHUNK {blockData=conID: 1 locID: 102739175847952936 bcsId: 0} | ret=SUCCESS |  
2019-09-05 09:23:32,731 | INFO  | DNAudit | user=null | ip=null | op=WRITE_CHUNK {blockData=conID: 1 locID: 102739175847952936 bcsId: 0} | ret=SUCCESS |  
2019-09-05 09:23:32,732 | INFO  | DNAudit | user=null | ip=null | op=WRITE_CHUNK {blockData=conID: 1 locID: 102739175847952936 bcsId: 0} | ret=SUCCESS |  
2019-09-05 09:23:32,732 | INFO  | DNAudit | user=null | ip=null | op=WRITE_CHUNK {blockData=conID: 1 locID: 102739175847952936 bcsId: 0} | ret=SUCCESS |  
2019-09-05 09:23:32,735 | INFO  | DNAudit | user=null | ip=null | op=WRITE_CHUNK {blockData=conID: 1 locID: 102739175847952936 bcsId: 0} | ret=SUCCESS |  
2019-09-05 09:23:32,735 | INFO  | DNAudit | user=null | ip=null | op=WRITE_CHUNK {blockData=conID: 1 locID: 102739175847952936 bcsId: 0} | ret=SUCCESS |  
2019-09-05 09:23:32,741 | INFO  | DNAudit | user=null | ip=null | op=WRITE_CHUNK {blockData=conID: 1 locID: 102739175847952936 bcsId: 0} | ret=SUCCESS |  
2019-09-05 09:23:32,742 | INFO  | DNAudit | user=null | ip=null | op=PUT_BLOCK {blockData=[blockId=conID: 1 locID: 102739175847952936 bcsId: 0,size=1048576]} | ret=SUCCESS |  
2019-09-05 09:23:32,742 [grpc-default-executor-4] INFO  client.GrpcClientProtocolClient (GrpcClientProtocolClient.java:onNext(255)) - client-969FB6DA8C9A->4fcc8d53-44cb-4faf-b915-5afa0c7529d4: receive RaftClientReply:client-969FB6DA8C9A->4fcc8d53-44cb-4faf-b915-5afa0c7529d4@group-6A615BAE1DD1, cid=2085, SUCCESS, logIndex=3040, commits[4fcc8d53-44cb-4faf-b915-5afa0c7529d4:c3041, 48aa5eb4-709c-4003-adb5-fbc02723cd23:c3039, 609a8cf1-6ad3-4123-b94a-106ad93148a8:c3039]
2019-09-05 09:23:32,742 | INFO  | DNAudit | user=null | ip=null | op=WRITE_CHUNK {blockData=conID: 1 locID: 102739175847952936 bcsId: 0} | ret=SUCCESS |  
2019-09-05 09:23:32,743 [grpc-default-executor-4] INFO  client.GrpcClientProtocolClient (GrpcClientProtocolClient.java:onNext(255)) - client-969FB6DA8C9A->4fcc8d53-44cb-4faf-b915-5afa0c7529d4: receive RaftClientReply:client-969FB6DA8C9A->4fcc8d53-44cb-4faf-b915-5afa0c7529d4@group-6A615BAE1DD1, cid=2086, SUCCESS, logIndex=3041, commits[4fcc8d53-44cb-4faf-b915-5afa0c7529d4:c3041, 48aa5eb4-709c-4003-adb5-fbc02723cd23:c3039, 609a8cf1-6ad3-4123-b94a-106ad93148a8:c3039]
2019-09-05 09:23:32,743 | INFO  | DNAudit | user=null | ip=null | op=PUT_BLOCK {blockData=[blockId=conID: 1 locID: 102739175847952936 bcsId: 0,size=2097152]} | ret=SUCCESS |  
2019-09-05 09:23:32,743 [grpc-default-executor-4] INFO  client.GrpcClientProtocolClient (GrpcClientProtocolClient.java:onNext(255)) - client-969FB6DA8C9A->4fcc8d53-44cb-4faf-b915-5afa0c7529d4: receive RaftClientReply:client-969FB6DA8C9A->4fcc8d53-44cb-4faf-b915-5afa0c7529d4@group-6A615BAE1DD1, cid=2087, SUCCESS, logIndex=3042, commits[4fcc8d53-44cb-4faf-b915-5afa0c7529d4:c3043, 48aa5eb4-709c-4003-adb5-fbc02723cd23:c3039, 609a8cf1-6ad3-4123-b94a-106ad93148a8:c3039]
2019-09-05 09:23:32,743 [grpc-default-executor-4] INFO  client.GrpcClientProtocolClient (GrpcClientProtocolClient.java:onNext(255)) - client-969FB6DA8C9A->4fcc8d53-44cb-4faf-b915-5afa0c7529d4: receive RaftClientReply:client-969FB6DA8C9A->4fcc8d53-44cb-4faf-b915-5afa0c7529d4@group-6A615BAE1DD1, cid=2088, SUCCESS, logIndex=3043, commits[4fcc8d53-44cb-4faf-b915-5afa0c7529d4:c3043, 48aa5eb4-709c-4003-adb5-fbc02723cd23:c3039, 609a8cf1-6ad3-4123-b94a-106ad93148a8:c3039]
2019-09-05 09:23:32,744 | INFO  | DNAudit | user=null | ip=null | op=WRITE_CHUNK {blockData=conID: 1 locID: 102739175847952936 bcsId: 0} | ret=SUCCESS |  
2019-09-05 09:23:32,744 | INFO  | DNAudit | user=null | ip=null | op=PUT_BLOCK {blockData=[blockId=conID: 1 locID: 102739175847952936 bcsId: 0,size=1048576]} | ret=SUCCESS |  
2019-09-05 09:23:32,745 | INFO  | DNAudit | user=null | ip=null | op=WRITE_CHUNK {blockData=conID: 1 locID: 102739175847952936 bcsId: 0} | ret=SUCCESS |  
2019-09-05 09:23:32,745 | INFO  | DNAudit | user=null | ip=null | op=PUT_BLOCK {blockData=[blockId=conID: 1 locID: 102739175847952936 bcsId: 0,size=1048576]} | ret=SUCCESS |  
2019-09-05 09:23:32,745 | INFO  | DNAudit | user=null | ip=null | op=WRITE_CHUNK {blockData=conID: 1 locID: 102739175847952936 bcsId: 0} | ret=SUCCESS |  
2019-09-05 09:23:32,745 | INFO  | DNAudit | user=null | ip=null | op=WRITE_CHUNK {blockData=conID: 1 locID: 102739175847952936 bcsId: 0} | ret=SUCCESS |  
2019-09-05 09:23:32,745 [grpc-default-executor-5] INFO  client.GrpcClientProtocolClient (GrpcClientProtocolClient.java:onNext(255)) - client-969FB6DA8C9A->4fcc8d53-44cb-4faf-b915-5afa0c7529d4: receive RaftClientReply:client-969FB6DA8C9A->4fcc8d53-44cb-4faf-b915-5afa0c7529d4@group-6A615BAE1DD1, cid=2089, SUCCESS, logIndex=0, commits[4fcc8d53-44cb-4faf-b915-5afa0c7529d4:c3045, 48aa5eb4-709c-4003-adb5-fbc02723cd23:c3041, 609a8cf1-6ad3-4123-b94a-106ad93148a8:c3041]
2019-09-05 09:23:32,745 | INFO  | DNAudit | user=null | ip=null | op=PUT_BLOCK {blockData=[blockId=conID: 1 locID: 102739175847952936 bcsId: 0,size=2097152]} | ret=SUCCESS |  
2019-09-05 09:23:32,746 | INFO  | DNAudit | user=null | ip=null | op=PUT_BLOCK {blockData=[blockId=conID: 1 locID: 102739175847952936 bcsId: 0,size=2097152]} | ret=SUCCESS |  
2019-09-05 09:23:32,752 | INFO  | DNAudit | user=null | ip=null | op=WRITE_CHUNK {blockData=conID: 1 locID: 102739175847952936 bcsId: 3043} | ret=SUCCESS |  
2019-09-05 09:23:32,755 | INFO  | DNAudit | user=null | ip=null | op=WRITE_CHUNK {blockData=conID: 1 locID: 102739175847952936 bcsId: 3043} | ret=SUCCESS |  
2019-09-05 09:23:32,755 | INFO  | DNAudit | user=null | ip=null | op=WRITE_CHUNK {blockData=conID: 1 locID: 102739175847952936 bcsId: 3043} | ret=SUCCESS |  
2019-09-05 09:23:32,774 | INFO  | DNAudit | user=null | ip=null | op=WRITE_CHUNK {blockData=conID: 1 locID: 102739175847952936 bcsId: 3043} | ret=SUCCESS |  
2019-09-05 09:23:32,775 | INFO  | DNAudit | user=null | ip=null | op=PUT_BLOCK {blockData=[blockId=conID: 1 locID: 102739175847952936 bcsId: 0,size=3145728]} | ret=SUCCESS |  
2019-09-05 09:23:32,775 [grpc-default-executor-4] INFO  client.GrpcClientProtocolClient (GrpcClientProtocolClient.java:onNext(255)) - client-969FB6DA8C9A->4fcc8d53-44cb-4faf-b915-5afa0c7529d4: receive RaftClientReply:client-969FB6DA8C9A->4fcc8d53-44cb-4faf-b915-5afa0c7529d4@group-6A615BAE1DD1, cid=2090, SUCCESS, logIndex=3048, commits[4fcc8d53-44cb-4faf-b915-5afa0c7529d4:c3049, 48aa5eb4-709c-4003-adb5-fbc02723cd23:c3047, 609a8cf1-6ad3-4123-b94a-106ad93148a8:c3047]
2019-09-05 09:23:32,775 [grpc-default-executor-4] INFO  client.GrpcClientProtocolClient (GrpcClientProtocolClient.java:onNext(255)) - client-969FB6DA8C9A->4fcc8d53-44cb-4faf-b915-5afa0c7529d4: receive RaftClientReply:client-969FB6DA8C9A->4fcc8d53-44cb-4faf-b915-5afa0c7529d4@group-6A615BAE1DD1, cid=2091, SUCCESS, logIndex=3049, commits[4fcc8d53-44cb-4faf-b915-5afa0c7529d4:c3049, 48aa5eb4-709c-4003-adb5-fbc02723cd23:c3047, 609a8cf1-6ad3-4123-b94a-106ad93148a8:c3047]
2019-09-05 09:23:32,781 | INFO  | DNAudit | user=null | ip=null | op=WRITE_CHUNK {blockData=conID: 1 locID: 102739175847952936 bcsId: 3043} | ret=SUCCESS |  
2019-09-05 09:23:32,781 | INFO  | DNAudit | user=null | ip=null | op=WRITE_CHUNK {blockData=conID: 1 locID: 102739175847952936 bcsId: 3043} | ret=SUCCESS |  
2019-09-05 09:23:32,782 | INFO  | DNAudit | user=null | ip=null | op=PUT_BLOCK {blockData=[blockId=conID: 1 locID: 102739175847952936 bcsId: 0,size=3145728]} | ret=SUCCESS |  
2019-09-05 09:23:32,782 | INFO  | DNAudit | user=null | ip=null | op=PUT_BLOCK {blockData=[blockId=conID: 1 locID: 102739175847952936 bcsId: 0,size=3145728]} | ret=SUCCESS |  
2019-09-05 09:23:32,785 | INFO  | DNAudit | user=null | ip=null | op=WRITE_CHUNK {blockData=conID: 1 locID: 102739175847952936 bcsId: 3049} | ret=SUCCESS |  
2019-09-05 09:23:32,786 | INFO  | DNAudit | user=null | ip=null | op=WRITE_CHUNK {blockData=conID: 1 locID: 102739175847952936 bcsId: 3049} | ret=SUCCESS |  
2019-09-05 09:23:32,788 | INFO  | DNAudit | user=null | ip=null | op=WRITE_CHUNK {blockData=conID: 1 locID: 102739175847952936 bcsId: 3049} | ret=SUCCESS |  
2019-09-05 09:23:32,796 | INFO  | DNAudit | user=null | ip=null | op=WRITE_CHUNK {blockData=conID: 1 locID: 102739175847952936 bcsId: 3049} | ret=SUCCESS |  
2019-09-05 09:23:32,797 | INFO  | DNAudit | user=null | ip=null | op=PUT_BLOCK {blockData=[blockId=conID: 1 locID: 102739175847952936 bcsId: 0,size=4194304]} | ret=SUCCESS |  
2019-09-05 09:23:32,797 [grpc-default-executor-5] INFO  client.GrpcClientProtocolClient (GrpcClientProtocolClient.java:onNext(255)) - client-969FB6DA8C9A->4fcc8d53-44cb-4faf-b915-5afa0c7529d4: receive RaftClientReply:client-969FB6DA8C9A->4fcc8d53-44cb-4faf-b915-5afa0c7529d4@group-6A615BAE1DD1, cid=2092, SUCCESS, logIndex=3052, commits[4fcc8d53-44cb-4faf-b915-5afa0c7529d4:c3053, 48aa5eb4-709c-4003-adb5-fbc02723cd23:c3050, 609a8cf1-6ad3-4123-b94a-106ad93148a8:c3050]
2019-09-05 09:23:32,797 [grpc-default-executor-5] INFO  client.GrpcClientProtocolClient (GrpcClientProtocolClient.java:onNext(255)) - client-969FB6DA8C9A->4fcc8d53-44cb-4faf-b915-5afa0c7529d4: receive RaftClientReply:client-969FB6DA8C9A->4fcc8d53-44cb-4faf-b915-5afa0c7529d4@group-6A615BAE1DD1, cid=2093, SUCCESS, logIndex=3053, commits[4fcc8d53-44cb-4faf-b915-5afa0c7529d4:c3053, 48aa5eb4-709c-4003-adb5-fbc02723cd23:c3050, 609a8cf1-6ad3-4123-b94a-106ad93148a8:c3050]
2019-09-05 09:23:32,799 | INFO  | DNAudit | user=null | ip=null | op=WRITE_CHUNK {blockData=conID: 1 locID: 102739175847952936 bcsId: 3049} | ret=SUCCESS |  
2019-09-05 09:23:32,799 | INFO  | DNAudit | user=null | ip=null | op=WRITE_CHUNK {blockData=conID: 1 locID: 102739175847952936 bcsId: 3049} | ret=SUCCESS |  
2019-09-05 09:23:32,799 | INFO  | DNAudit | user=null | ip=null | op=PUT_BLOCK {blockData=[blockId=conID: 1 locID: 102739175847952936 bcsId: 0,size=4194304]} | ret=SUCCESS |  
2019-09-05 09:23:32,799 | INFO  | DNAudit | user=null | ip=null | op=PUT_BLOCK {blockData=[blockId=conID: 1 locID: 102739175847952936 bcsId: 0,size=4194304]} | ret=SUCCESS |  
2019-09-05 09:23:32,800 [grpc-default-executor-5] INFO  client.GrpcClientProtocolClient (GrpcClientProtocolClient.java:onNext(255)) - client-969FB6DA8C9A->4fcc8d53-44cb-4faf-b915-5afa0c7529d4: receive RaftClientReply:client-969FB6DA8C9A->4fcc8d53-44cb-4faf-b915-5afa0c7529d4@group-6A615BAE1DD1, cid=2094, SUCCESS, logIndex=0, commits[4fcc8d53-44cb-4faf-b915-5afa0c7529d4:c3054, 48aa5eb4-709c-4003-adb5-fbc02723cd23:c3053, 609a8cf1-6ad3-4123-b94a-106ad93148a8:c3053]
2019-09-05 09:23:32,803 | INFO  | SCMAudit | user=jenkins1000 | ip=192.168.36.69 | op=ALLOCATE_BLOCK {owner=5cf4fcf6-c517-45f4-af25-2fff646d8883, size=4194304, type=RATIS, factor=THREE} | ret=SUCCESS |  
2019-09-05 09:23:32,806 | INFO  | OMAudit | user=jenkins1000 | ip=127.0.0.1 | op=ALLOCATE_BLOCK {volume=vol-0-13331, bucket=bucket-0-43606, key=key-0-76526, dataSize=0, replicationType=null, replicationFactor=null, keyLocationInfo=null, clientID=102739173903106450} | ret=SUCCESS |  
2019-09-05 09:23:32,811 | INFO  | DNAudit | user=null | ip=null | op=WRITE_CHUNK {blockData=conID: 2 locID: 102739175853457961 bcsId: 0} | ret=SUCCESS |  
2019-09-05 09:23:32,814 | INFO  | DNAudit | user=null | ip=null | op=WRITE_CHUNK {blockData=conID: 2 locID: 102739175853457961 bcsId: 0} | ret=SUCCESS |  
2019-09-05 09:23:32,814 | INFO  | DNAudit | user=null | ip=null | op=WRITE_CHUNK {blockData=conID: 2 locID: 102739175853457961 bcsId: 0} | ret=SUCCESS |  
2019-09-05 09:23:32,814 | INFO  | DNAudit | user=null | ip=null | op=WRITE_CHUNK {blockData=conID: 2 locID: 102739175853457961 bcsId: 0} | ret=SUCCESS |  
2019-09-05 09:23:32,815 | INFO  | DNAudit | user=null | ip=null | op=WRITE_CHUNK {blockData=conID: 2 locID: 102739175853457961 bcsId: 0} | ret=SUCCESS |  
2019-09-05 09:23:32,816 | INFO  | DNAudit | user=null | ip=null | op=WRITE_CHUNK {blockData=conID: 2 locID: 102739175853457961 bcsId: 0} | ret=SUCCESS |  
2019-09-05 09:23:32,832 | INFO  | DNAudit | user=null | ip=null | op=WRITE_CHUNK {blockData=conID: 2 locID: 102739175853457961 bcsId: 0} | ret=SUCCESS |  
2019-09-05 09:23:32,832 | INFO  | DNAudit | user=null | ip=null | op=PUT_BLOCK {blockData=[blockId=conID: 2 locID: 102739175853457961 bcsId: 0,size=1048576]} | ret=SUCCESS |  
2019-09-05 09:23:32,832 [grpc-default-executor-2] INFO  client.GrpcClientProtocolClient (GrpcClientProtocolClient.java:onNext(255)) - client-969FB6DA8C9A->4fcc8d53-44cb-4faf-b915-5afa0c7529d4: receive RaftClientReply:client-969FB6DA8C9A->4fcc8d53-44cb-4faf-b915-5afa0c7529d4@group-6A615BAE1DD1, cid=2095, SUCCESS, logIndex=3056, commits[4fcc8d53-44cb-4faf-b915-5afa0c7529d4:c3057, 48aa5eb4-709c-4003-adb5-fbc02723cd23:c3055, 609a8cf1-6ad3-4123-b94a-106ad93148a8:c3055]
2019-09-05 09:23:32,833 | INFO  | DNAudit | user=null | ip=null | op=WRITE_CHUNK {blockData=conID: 2 locID: 102739175853457961 bcsId: 0} | ret=SUCCESS |  
2019-09-05 09:23:32,833 | INFO  | DNAudit | user=null | ip=null | op=PUT_BLOCK {blockData=[blockId=conID: 2 locID: 102739175853457961 bcsId: 0,size=2097152]} | ret=SUCCESS |  
2019-09-05 09:23:32,833 [grpc-default-executor-2] INFO  client.GrpcClientProtocolClient (GrpcClientProtocolClient.java:onNext(255)) - client-969FB6DA8C9A->4fcc8d53-44cb-4faf-b915-5afa0c7529d4: receive RaftClientReply:client-969FB6DA8C9A->4fcc8d53-44cb-4faf-b915-5afa0c7529d4@group-6A615BAE1DD1, cid=2096, SUCCESS, logIndex=3057, commits[4fcc8d53-44cb-4faf-b915-5afa0c7529d4:c3059, 48aa5eb4-709c-4003-adb5-fbc02723cd23:c3055, 609a8cf1-6ad3-4123-b94a-106ad93148a8:c3055]
2019-09-05 09:23:32,833 [grpc-default-executor-2] INFO  client.GrpcClientProtocolClient (GrpcClientProtocolClient.java:onNext(255)) - client-969FB6DA8C9A->4fcc8d53-44cb-4faf-b915-5afa0c7529d4: receive RaftClientReply:client-969FB6DA8C9A->4fcc8d53-44cb-4faf-b915-5afa0c7529d4@group-6A615BAE1DD1, cid=2097, SUCCESS, logIndex=3058, commits[4fcc8d53-44cb-4faf-b915-5afa0c7529d4:c3059, 48aa5eb4-709c-4003-adb5-fbc02723cd23:c3055, 609a8cf1-6ad3-4123-b94a-106ad93148a8:c3055]
2019-09-05 09:23:32,833 [grpc-default-executor-2] INFO  client.GrpcClientProtocolClient (GrpcClientProtocolClient.java:onNext(255)) - client-969FB6DA8C9A->4fcc8d53-44cb-4faf-b915-5afa0c7529d4: receive RaftClientReply:client-969FB6DA8C9A->4fcc8d53-44cb-4faf-b915-5afa0c7529d4@group-6A615BAE1DD1, cid=2098, SUCCESS, logIndex=3059, commits[4fcc8d53-44cb-4faf-b915-5afa0c7529d4:c3059, 48aa5eb4-709c-4003-adb5-fbc02723cd23:c3055, 609a8cf1-6ad3-4123-b94a-106ad93148a8:c3055]
2019-09-05 09:23:32,842 | INFO  | DNAudit | user=null | ip=null | op=WRITE_CHUNK {blockData=conID: 2 locID: 102739175853457961 bcsId: 0} | ret=SUCCESS |  
2019-09-05 09:23:32,842 | INFO  | DNAudit | user=null | ip=null | op=WRITE_CHUNK {blockData=conID: 2 locID: 102739175853457961 bcsId: 0} | ret=SUCCESS |  
2019-09-05 09:23:32,842 | INFO  | DNAudit | user=null | ip=null | op=PUT_BLOCK {blockData=[blockId=conID: 2 locID: 102739175853457961 bcsId: 0,size=1048576]} | ret=SUCCESS |  
2019-09-05 09:23:32,843 | INFO  | DNAudit | user=null | ip=null | op=WRITE_CHUNK {blockData=conID: 2 locID: 102739175853457961 bcsId: 0} | ret=SUCCESS |  
2019-09-05 09:23:32,843 | INFO  | DNAudit | user=null | ip=null | op=PUT_BLOCK {blockData=[blockId=conID: 2 locID: 102739175853457961 bcsId: 0,size=1048576]} | ret=SUCCESS |  
2019-09-05 09:23:32,843 | INFO  | DNAudit | user=null | ip=null | op=PUT_BLOCK {blockData=[blockId=conID: 2 locID: 102739175853457961 bcsId: 0,size=2097152]} | ret=SUCCESS |  
2019-09-05 09:23:32,844 | INFO  | DNAudit | user=null | ip=null | op=WRITE_CHUNK {blockData=conID: 2 locID: 102739175853457961 bcsId: 0} | ret=SUCCESS |  
2019-09-05 09:23:32,844 | INFO  | DNAudit | user=null | ip=null | op=PUT_BLOCK {blockData=[blockId=conID: 2 locID: 102739175853457961 bcsId: 0,size=2097152]} | ret=SUCCESS |  
2019-09-05 09:23:32,844 [grpc-default-executor-2] INFO  client.GrpcClientProtocolClient (GrpcClientProtocolClient.java:onNext(255)) - client-969FB6DA8C9A->4fcc8d53-44cb-4faf-b915-5afa0c7529d4: receive RaftClientReply:client-969FB6DA8C9A->4fcc8d53-44cb-4faf-b915-5afa0c7529d4@group-6A615BAE1DD1, cid=2099, SUCCESS, logIndex=0, commits[4fcc8d53-44cb-4faf-b915-5afa0c7529d4:c3062, 48aa5eb4-709c-4003-adb5-fbc02723cd23:c3057, 609a8cf1-6ad3-4123-b94a-106ad93148a8:c3059]
2019-09-05 09:23:32,849 | INFO  | DNAudit | user=null | ip=null | op=WRITE_CHUNK {blockData=conID: 2 locID: 102739175853457961 bcsId: 3059} | ret=SUCCESS |  
2019-09-05 09:23:32,850 | INFO  | DNAudit | user=null | ip=null | op=WRITE_CHUNK {blockData=conID: 2 locID: 102739175853457961 bcsId: 3059} | ret=SUCCESS |  
2019-09-05 09:23:32,850 | INFO  | DNAudit | user=null | ip=null | op=WRITE_CHUNK {blockData=conID: 2 locID: 102739175853457961 bcsId: 3059} | ret=SUCCESS |  
2019-09-05 09:23:32,870 | INFO  | DNAudit | user=null | ip=null | op=WRITE_CHUNK {blockData=conID: 2 locID: 102739175853457961 bcsId: 3059} | ret=SUCCESS |  
2019-09-05 09:23:32,870 | INFO  | DNAudit | user=null | ip=null | op=PUT_BLOCK {blockData=[blockId=conID: 2 locID: 102739175853457961 bcsId: 0,size=3145728]} | ret=SUCCESS |  
2019-09-05 09:23:32,870 [grpc-default-executor-2] INFO  client.GrpcClientProtocolClient (GrpcClientProtocolClient.java:onNext(255)) - client-969FB6DA8C9A->4fcc8d53-44cb-4faf-b915-5afa0c7529d4: receive RaftClientReply:client-969FB6DA8C9A->4fcc8d53-44cb-4faf-b915-5afa0c7529d4@group-6A615BAE1DD1, cid=2100, SUCCESS, logIndex=3063, commits[4fcc8d53-44cb-4faf-b915-5afa0c7529d4:c3064, 48aa5eb4-709c-4003-adb5-fbc02723cd23:c3062, 609a8cf1-6ad3-4123-b94a-106ad93148a8:c3062]
2019-09-05 09:23:32,871 [grpc-default-executor-2] INFO  client.GrpcClientProtocolClient (GrpcClientProtocolClient.java:onNext(255)) - client-969FB6DA8C9A->4fcc8d53-44cb-4faf-b915-5afa0c7529d4: receive RaftClientReply:client-969FB6DA8C9A->4fcc8d53-44cb-4faf-b915-5afa0c7529d4@group-6A615BAE1DD1, cid=2101, SUCCESS, logIndex=3064, commits[4fcc8d53-44cb-4faf-b915-5afa0c7529d4:c3064, 48aa5eb4-709c-4003-adb5-fbc02723cd23:c3062, 609a8cf1-6ad3-4123-b94a-106ad93148a8:c3062]
2019-09-05 09:23:32,876 | INFO  | DNAudit | user=null | ip=null | op=WRITE_CHUNK {blockData=conID: 2 locID: 102739175853457961 bcsId: 3064} | ret=SUCCESS |  
2019-09-05 09:23:32,877 | INFO  | DNAudit | user=null | ip=null | op=WRITE_CHUNK {blockData=conID: 2 locID: 102739175853457961 bcsId: 3059} | ret=SUCCESS |  
2019-09-05 09:23:32,877 | INFO  | DNAudit | user=null | ip=null | op=WRITE_CHUNK {blockData=conID: 2 locID: 102739175853457961 bcsId: 3059} | ret=SUCCESS |  
2019-09-05 09:23:32,877 | INFO  | DNAudit | user=null | ip=null | op=PUT_BLOCK {blockData=[blockId=conID: 2 locID: 102739175853457961 bcsId: 0,size=3145728]} | ret=SUCCESS |  
2019-09-05 09:23:32,877 | INFO  | DNAudit | user=null | ip=null | op=PUT_BLOCK {blockData=[blockId=conID: 2 locID: 102739175853457961 bcsId: 0,size=3145728]} | ret=SUCCESS |  
2019-09-05 09:23:32,878 | INFO  | DNAudit | user=null | ip=null | op=WRITE_CHUNK {blockData=conID: 2 locID: 102739175853457961 bcsId: 3064} | ret=SUCCESS |  
2019-09-05 09:23:32,878 | INFO  | DNAudit | user=null | ip=null | op=WRITE_CHUNK {blockData=conID: 2 locID: 102739175853457961 bcsId: 3064} | ret=SUCCESS |  
2019-09-05 09:23:32,883 | INFO  | DNAudit | user=null | ip=null | op=WRITE_CHUNK {blockData=conID: 2 locID: 102739175853457961 bcsId: 3064} | ret=SUCCESS |  
2019-09-05 09:23:32,884 | INFO  | DNAudit | user=null | ip=null | op=PUT_BLOCK {blockData=[blockId=conID: 2 locID: 102739175853457961 bcsId: 0,size=4194304]} | ret=SUCCESS |  
2019-09-05 09:23:32,884 [grpc-default-executor-3] INFO  client.GrpcClientProtocolClient (GrpcClientProtocolClient.java:onNext(255)) - client-969FB6DA8C9A->4fcc8d53-44cb-4faf-b915-5afa0c7529d4: receive RaftClientReply:client-969FB6DA8C9A->4fcc8d53-44cb-4faf-b915-5afa0c7529d4@group-6A615BAE1DD1, cid=2102, SUCCESS, logIndex=3067, commits[4fcc8d53-44cb-4faf-b915-5afa0c7529d4:c3068, 48aa5eb4-709c-4003-adb5-fbc02723cd23:c3064, 609a8cf1-6ad3-4123-b94a-106ad93148a8:c3064]
2019-09-05 09:23:32,884 [grpc-default-executor-3] INFO  client.GrpcClientProtocolClient (GrpcClientProtocolClient.java:onNext(255)) - client-969FB6DA8C9A->4fcc8d53-44cb-4faf-b915-5afa0c7529d4: receive RaftClientReply:client-969FB6DA8C9A->4fcc8d53-44cb-4faf-b915-5afa0c7529d4@group-6A615BAE1DD1, cid=2103, SUCCESS, logIndex=3068, commits[4fcc8d53-44cb-4faf-b915-5afa0c7529d4:c3068, 48aa5eb4-709c-4003-adb5-fbc02723cd23:c3064, 609a8cf1-6ad3-4123-b94a-106ad93148a8:c3064]
2019-09-05 09:23:32,889 | INFO  | DNAudit | user=null | ip=null | op=WRITE_CHUNK {blockData=conID: 2 locID: 102739175853457961 bcsId: 3064} | ret=SUCCESS |  
2019-09-05 09:23:32,890 | INFO  | DNAudit | user=null | ip=null | op=WRITE_CHUNK {blockData=conID: 2 locID: 102739175853457961 bcsId: 3064} | ret=SUCCESS |  
2019-09-05 09:23:32,890 | INFO  | DNAudit | user=null | ip=null | op=PUT_BLOCK {blockData=[blockId=conID: 2 locID: 102739175853457961 bcsId: 0,size=4194304]} | ret=SUCCESS |  
2019-09-05 09:23:32,890 | INFO  | DNAudit | user=null | ip=null | op=PUT_BLOCK {blockData=[blockId=conID: 2 locID: 102739175853457961 bcsId: 0,size=4194304]} | ret=SUCCESS |  
2019-09-05 09:23:32,890 [grpc-default-executor-5] INFO  client.GrpcClientProtocolClient (GrpcClientProtocolClient.java:onNext(255)) - client-969FB6DA8C9A->4fcc8d53-44cb-4faf-b915-5afa0c7529d4: receive RaftClientReply:client-969FB6DA8C9A->4fcc8d53-44cb-4faf-b915-5afa0c7529d4@group-6A615BAE1DD1, cid=2104, SUCCESS, logIndex=0, commits[4fcc8d53-44cb-4faf-b915-5afa0c7529d4:c3069, 48aa5eb4-709c-4003-adb5-fbc02723cd23:c3068, 609a8cf1-6ad3-4123-b94a-106ad93148a8:c3068]
2019-09-05 09:23:32,894 | INFO  | SCMAudit | user=jenkins1000 | ip=192.168.36.69 | op=ALLOCATE_BLOCK {owner=5cf4fcf6-c517-45f4-af25-2fff646d8883, size=4194304, type=RATIS, factor=THREE} | ret=SUCCESS |  
2019-09-05 09:23:32,896 | INFO  | OMAudit | user=jenkins1000 | ip=127.0.0.1 | op=ALLOCATE_BLOCK {volume=vol-0-13331, bucket=bucket-0-43606, key=key-0-76526, dataSize=0, replicationType=null, replicationFactor=null, keyLocationInfo=null, clientID=102739173903106450} | ret=SUCCESS |  
2019-09-05 09:23:32,902 | INFO  | DNAudit | user=null | ip=null | op=WRITE_CHUNK {blockData=conID: 3 locID: 102739175859421738 bcsId: 0} | ret=SUCCESS |  
2019-09-05 09:23:32,903 | INFO  | DNAudit | user=null | ip=null | op=WRITE_CHUNK {blockData=conID: 3 locID: 102739175859421738 bcsId: 0} | ret=SUCCESS |  
2019-09-05 09:23:32,905 | INFO  | DNAudit | user=null | ip=null | op=WRITE_CHUNK {blockData=conID: 3 locID: 102739175859421738 bcsId: 0} | ret=SUCCESS |  
2019-09-05 09:23:32,905 | INFO  | DNAudit | user=null | ip=null | op=WRITE_CHUNK {blockData=conID: 3 locID: 102739175859421738 bcsId: 0} | ret=SUCCESS |  
2019-09-05 09:23:32,907 | INFO  | DNAudit | user=null | ip=null | op=WRITE_CHUNK {blockData=conID: 3 locID: 102739175859421738 bcsId: 0} | ret=SUCCESS |  
2019-09-05 09:23:32,907 | INFO  | DNAudit | user=null | ip=null | op=WRITE_CHUNK {blockData=conID: 3 locID: 102739175859421738 bcsId: 0} | ret=SUCCESS |  
2019-09-05 09:23:32,914 | INFO  | DNAudit | user=null | ip=null | op=WRITE_CHUNK {blockData=conID: 3 locID: 102739175859421738 bcsId: 0} | ret=SUCCESS |  
2019-09-05 09:23:32,914 | INFO  | DNAudit | user=null | ip=null | op=PUT_BLOCK {blockData=[blockId=conID: 3 locID: 102739175859421738 bcsId: 0,size=1048576]} | ret=SUCCESS |  
2019-09-05 09:23:32,914 [grpc-default-executor-2] INFO  client.GrpcClientProtocolClient (GrpcClientProtocolClient.java:onNext(255)) - client-969FB6DA8C9A->4fcc8d53-44cb-4faf-b915-5afa0c7529d4: receive RaftClientReply:client-969FB6DA8C9A->4fcc8d53-44cb-4faf-b915-5afa0c7529d4@group-6A615BAE1DD1, cid=2105, SUCCESS, logIndex=3071, commits[4fcc8d53-44cb-4faf-b915-5afa0c7529d4:c3071, 48aa5eb4-709c-4003-adb5-fbc02723cd23:c3070, 609a8cf1-6ad3-4123-b94a-106ad93148a8:c3070]
2019-09-05 09:23:32,915 [grpc-default-executor-2] INFO  client.GrpcClientProtocolClient (GrpcClientProtocolClient.java:onNext(255)) - client-969FB6DA8C9A->4fcc8d53-44cb-4faf-b915-5afa0c7529d4: receive RaftClientReply:client-969FB6DA8C9A->4fcc8d53-44cb-4faf-b915-5afa0c7529d4@group-6A615BAE1DD1, cid=2106, SUCCESS, logIndex=3072, commits[4fcc8d53-44cb-4faf-b915-5afa0c7529d4:c3072, 48aa5eb4-709c-4003-adb5-fbc02723cd23:c3070, 609a8cf1-6ad3-4123-b94a-106ad93148a8:c3070]
2019-09-05 09:23:32,915 | INFO  | DNAudit | user=null | ip=null | op=WRITE_CHUNK {blockData=conID: 3 locID: 102739175859421738 bcsId: 0} | ret=SUCCESS |  
2019-09-05 09:23:32,916 | INFO  | DNAudit | user=null | ip=null | op=PUT_BLOCK {blockData=[blockId=conID: 3 locID: 102739175859421738 bcsId: 0,size=2097152]} | ret=SUCCESS |  
2019-09-05 09:23:32,916 [grpc-default-executor-4] INFO  client.GrpcClientProtocolClient (GrpcClientProtocolClient.java:onNext(255)) - client-969FB6DA8C9A->4fcc8d53-44cb-4faf-b915-5afa0c7529d4: receive RaftClientReply:client-969FB6DA8C9A->4fcc8d53-44cb-4faf-b915-5afa0c7529d4@group-6A615BAE1DD1, cid=2107, SUCCESS, logIndex=3073, commits[4fcc8d53-44cb-4faf-b915-5afa0c7529d4:c3073, 48aa5eb4-709c-4003-adb5-fbc02723cd23:c3070, 609a8cf1-6ad3-4123-b94a-106ad93148a8:c3070]
2019-09-05 09:23:32,916 [grpc-default-executor-4] INFO  client.GrpcClientProtocolClient (GrpcClientProtocolClient.java:onNext(255)) - client-969FB6DA8C9A->4fcc8d53-44cb-4faf-b915-5afa0c7529d4: receive RaftClientReply:client-969FB6DA8C9A->4fcc8d53-44cb-4faf-b915-5afa0c7529d4@group-6A615BAE1DD1, cid=2108, SUCCESS, logIndex=3074, commits[4fcc8d53-44cb-4faf-b915-5afa0c7529d4:c3074, 48aa5eb4-709c-4003-adb5-fbc02723cd23:c3070, 609a8cf1-6ad3-4123-b94a-106ad93148a8:c3070]
2019-09-05 09:23:32,916 | INFO  | DNAudit | user=null | ip=null | op=WRITE_CHUNK {blockData=conID: 3 locID: 102739175859421738 bcsId: 0} | ret=SUCCESS |  
2019-09-05 09:23:32,917 | INFO  | DNAudit | user=null | ip=null | op=PUT_BLOCK {blockData=[blockId=conID: 3 locID: 102739175859421738 bcsId: 0,size=1048576]} | ret=SUCCESS |  
2019-09-05 09:23:32,917 | INFO  | DNAudit | user=null | ip=null | op=WRITE_CHUNK {blockData=conID: 3 locID: 102739175859421738 bcsId: 0} | ret=SUCCESS |  
2019-09-05 09:23:32,917 | INFO  | DNAudit | user=null | ip=null | op=PUT_BLOCK {blockData=[blockId=conID: 3 locID: 102739175859421738 bcsId: 0,size=1048576]} | ret=SUCCESS |  
2019-09-05 09:23:32,917 | INFO  | DNAudit | user=null | ip=null | op=WRITE_CHUNK {blockData=conID: 3 locID: 102739175859421738 bcsId: 0} | ret=SUCCESS |  
2019-09-05 09:23:32,917 [grpc-default-executor-5] INFO  client.GrpcClientProtocolClient (GrpcClientProtocolClient.java:onNext(255)) - client-969FB6DA8C9A->4fcc8d53-44cb-4faf-b915-5afa0c7529d4: receive RaftClientReply:client-969FB6DA8C9A->4fcc8d53-44cb-4faf-b915-5afa0c7529d4@group-6A615BAE1DD1, cid=2109, SUCCESS, logIndex=0, commits[4fcc8d53-44cb-4faf-b915-5afa0c7529d4:c3076, 48aa5eb4-709c-4003-adb5-fbc02723cd23:c3072, 609a8cf1-6ad3-4123-b94a-106ad93148a8:c3072]
2019-09-05 09:23:32,918 | INFO  | DNAudit | user=null | ip=null | op=WRITE_CHUNK {blockData=conID: 3 locID: 102739175859421738 bcsId: 0} | ret=SUCCESS |  
2019-09-05 09:23:32,918 | INFO  | DNAudit | user=null | ip=null | op=PUT_BLOCK {blockData=[blockId=conID: 3 locID: 102739175859421738 bcsId: 0,size=2097152]} | ret=SUCCESS |  
2019-09-05 09:23:32,918 | INFO  | DNAudit | user=null | ip=null | op=PUT_BLOCK {blockData=[blockId=conID: 3 locID: 102739175859421738 bcsId: 0,size=2097152]} | ret=SUCCESS |  
2019-09-05 09:23:32,922 | INFO  | DNAudit | user=null | ip=null | op=WRITE_CHUNK {blockData=conID: 3 locID: 102739175859421738 bcsId: 3074} | ret=SUCCESS |  
2019-09-05 09:23:32,925 | INFO  | DNAudit | user=null | ip=null | op=WRITE_CHUNK {blockData=conID: 3 locID: 102739175859421738 bcsId: 3074} | ret=SUCCESS |  
2019-09-05 09:23:32,925 | INFO  | DNAudit | user=null | ip=null | op=WRITE_CHUNK {blockData=conID: 3 locID: 102739175859421738 bcsId: 3074} | ret=SUCCESS |  
2019-09-05 09:23:32,931 | INFO  | DNAudit | user=null | ip=null | op=WRITE_CHUNK {blockData=conID: 3 locID: 102739175859421738 bcsId: 3074} | ret=SUCCESS |  
2019-09-05 09:23:32,931 | INFO  | DNAudit | user=null | ip=null | op=PUT_BLOCK {blockData=[blockId=conID: 3 locID: 102739175859421738 bcsId: 0,size=3145728]} | ret=SUCCESS |  
2019-09-05 09:23:32,931 [grpc-default-executor-5] INFO  client.GrpcClientProtocolClient (GrpcClientProtocolClient.java:onNext(255)) - client-969FB6DA8C9A->4fcc8d53-44cb-4faf-b915-5afa0c7529d4: receive RaftClientReply:client-969FB6DA8C9A->4fcc8d53-44cb-4faf-b915-5afa0c7529d4@group-6A615BAE1DD1, cid=2110, SUCCESS, logIndex=3079, commits[4fcc8d53-44cb-4faf-b915-5afa0c7529d4:c3080, 48aa5eb4-709c-4003-adb5-fbc02723cd23:c3078, 609a8cf1-6ad3-4123-b94a-106ad93148a8:c3078]
2019-09-05 09:23:32,931 [grpc-default-executor-5] INFO  client.GrpcClientProtocolClient (GrpcClientProtocolClient.java:onNext(255)) - client-969FB6DA8C9A->4fcc8d53-44cb-4faf-b915-5afa0c7529d4: receive RaftClientReply:client-969FB6DA8C9A->4fcc8d53-44cb-4faf-b915-5afa0c7529d4@group-6A615BAE1DD1, cid=2111, SUCCESS, logIndex=3080, commits[4fcc8d53-44cb-4faf-b915-5afa0c7529d4:c3080, 48aa5eb4-709c-4003-adb5-fbc02723cd23:c3078, 609a8cf1-6ad3-4123-b94a-106ad93148a8:c3078]
2019-09-05 09:23:32,937 | INFO  | DNAudit | user=null | ip=null | op=WRITE_CHUNK {blockData=conID: 3 locID: 102739175859421738 bcsId: 3080} | ret=SUCCESS |  
2019-09-05 09:23:32,938 | INFO  | DNAudit | user=null | ip=null | op=WRITE_CHUNK {blockData=conID: 3 locID: 102739175859421738 bcsId: 3074} | ret=SUCCESS |  
2019-09-05 09:23:32,938 | INFO  | DNAudit | user=null | ip=null | op=WRITE_CHUNK {blockData=conID: 3 locID: 102739175859421738 bcsId: 3074} | ret=SUCCESS |  
2019-09-05 09:23:32,939 | INFO  | DNAudit | user=null | ip=null | op=WRITE_CHUNK {blockData=conID: 3 locID: 102739175859421738 bcsId: 3080} | ret=SUCCESS |  
2019-09-05 09:23:32,939 | INFO  | DNAudit | user=null | ip=null | op=WRITE_CHUNK {blockData=conID: 3 locID: 102739175859421738 bcsId: 3080} | ret=SUCCESS |  
2019-09-05 09:23:32,951 | INFO  | DNAudit | user=null | ip=null | op=PUT_BLOCK {blockData=[blockId=conID: 3 locID: 102739175859421738 bcsId: 0,size=3145728]} | ret=SUCCESS |  
2019-09-05 09:23:32,951 | INFO  | DNAudit | user=null | ip=null | op=PUT_BLOCK {blockData=[blockId=conID: 3 locID: 102739175859421738 bcsId: 0,size=3145728]} | ret=SUCCESS |  
2019-09-05 09:23:32,951 | INFO  | DNAudit | user=null | ip=null | op=WRITE_CHUNK {blockData=conID: 3 locID: 102739175859421738 bcsId: 3080} | ret=SUCCESS |  
2019-09-05 09:23:32,952 | INFO  | DNAudit | user=null | ip=null | op=PUT_BLOCK {blockData=[blockId=conID: 3 locID: 102739175859421738 bcsId: 0,size=4194304]} | ret=SUCCESS |  
2019-09-05 09:23:32,952 [grpc-default-executor-5] INFO  client.GrpcClientProtocolClient (GrpcClientProtocolClient.java:onNext(255)) - client-969FB6DA8C9A->4fcc8d53-44cb-4faf-b915-5afa0c7529d4: receive RaftClientReply:client-969FB6DA8C9A->4fcc8d53-44cb-4faf-b915-5afa0c7529d4@group-6A615BAE1DD1, cid=2112, SUCCESS, logIndex=3083, commits[4fcc8d53-44cb-4faf-b915-5afa0c7529d4:c3084, 48aa5eb4-709c-4003-adb5-fbc02723cd23:c3080, 609a8cf1-6ad3-4123-b94a-106ad93148a8:c3080]
2019-09-05 09:23:32,952 [grpc-default-executor-5] INFO  client.GrpcClientProtocolClient (GrpcClientProtocolClient.java:onNext(255)) - client-969FB6DA8C9A->4fcc8d53-44cb-4faf-b915-5afa0c7529d4: receive RaftClientReply:client-969FB6DA8C9A->4fcc8d53-44cb-4faf-b915-5afa0c7529d4@group-6A615BAE1DD1, cid=2113, SUCCESS, logIndex=3084, commits[4fcc8d53-44cb-4faf-b915-5afa0c7529d4:c3084, 48aa5eb4-709c-4003-adb5-fbc02723cd23:c3080, 609a8cf1-6ad3-4123-b94a-106ad93148a8:c3080]
2019-09-05 09:23:32,964 | INFO  | DNAudit | user=null | ip=null | op=WRITE_CHUNK {blockData=conID: 3 locID: 102739175859421738 bcsId: 3080} | ret=SUCCESS |  
2019-09-05 09:23:32,964 | INFO  | DNAudit | user=null | ip=null | op=WRITE_CHUNK {blockData=conID: 3 locID: 102739175859421738 bcsId: 3080} | ret=SUCCESS |  
2019-09-05 09:23:32,964 | INFO  | DNAudit | user=null | ip=null | op=PUT_BLOCK {blockData=[blockId=conID: 3 locID: 102739175859421738 bcsId: 0,size=4194304]} | ret=SUCCESS |  
2019-09-05 09:23:32,964 | INFO  | DNAudit | user=null | ip=null | op=PUT_BLOCK {blockData=[blockId=conID: 3 locID: 102739175859421738 bcsId: 0,size=4194304]} | ret=SUCCESS |  
2019-09-05 09:23:32,964 [grpc-default-executor-4] INFO  client.GrpcClientProtocolClient (GrpcClientProtocolClient.java:onNext(255)) - client-969FB6DA8C9A->4fcc8d53-44cb-4faf-b915-5afa0c7529d4: receive RaftClientReply:client-969FB6DA8C9A->4fcc8d53-44cb-4faf-b915-5afa0c7529d4@group-6A615BAE1DD1, cid=2114, SUCCESS, logIndex=0, commits[4fcc8d53-44cb-4faf-b915-5afa0c7529d4:c3084, 48aa5eb4-709c-4003-adb5-fbc02723cd23:c3084, 609a8cf1-6ad3-4123-b94a-106ad93148a8:c3084]
2019-09-05 09:23:32,969 | INFO  | SCMAudit | user=jenkins1000 | ip=192.168.36.69 | op=ALLOCATE_BLOCK {owner=5cf4fcf6-c517-45f4-af25-2fff646d8883, size=4194304, type=RATIS, factor=THREE} | ret=SUCCESS |  
2019-09-05 09:23:32,972 | INFO  | OMAudit | user=jenkins1000 | ip=127.0.0.1 | op=ALLOCATE_BLOCK {volume=vol-0-13331, bucket=bucket-0-43606, key=key-0-76526, dataSize=0, replicationType=null, replicationFactor=null, keyLocationInfo=null, clientID=102739173903106450} | ret=SUCCESS |  
2019-09-05 09:23:32,978 | INFO  | DNAudit | user=null | ip=null | op=WRITE_CHUNK {blockData=conID: 1 locID: 102739175864336939 bcsId: 0} | ret=SUCCESS |  
2019-09-05 09:23:32,980 | INFO  | DNAudit | user=null | ip=null | op=WRITE_CHUNK {blockData=conID: 1 locID: 102739175864336939 bcsId: 0} | ret=SUCCESS |  
2019-09-05 09:23:32,980 | INFO  | DNAudit | user=null | ip=null | op=WRITE_CHUNK {blockData=conID: 1 locID: 102739175864336939 bcsId: 0} | ret=SUCCESS |  
2019-09-05 09:23:32,980 | INFO  | DNAudit | user=null | ip=null | op=WRITE_CHUNK {blockData=conID: 1 locID: 102739175864336939 bcsId: 0} | ret=SUCCESS |  
2019-09-05 09:23:32,982 | INFO  | DNAudit | user=null | ip=null | op=WRITE_CHUNK {blockData=conID: 1 locID: 102739175864336939 bcsId: 0} | ret=SUCCESS |  
2019-09-05 09:23:32,982 | INFO  | DNAudit | user=null | ip=null | op=WRITE_CHUNK {blockData=conID: 1 locID: 102739175864336939 bcsId: 0} | ret=SUCCESS |  
2019-09-05 09:23:32,995 | INFO  | DNAudit | user=null | ip=null | op=WRITE_CHUNK {blockData=conID: 1 locID: 102739175864336939 bcsId: 0} | ret=SUCCESS |  
2019-09-05 09:23:32,995 | INFO  | DNAudit | user=null | ip=null | op=PUT_BLOCK {blockData=[blockId=conID: 1 locID: 102739175864336939 bcsId: 0,size=1048576]} | ret=SUCCESS |  
2019-09-05 09:23:32,995 [grpc-default-executor-5] INFO  client.GrpcClientProtocolClient (GrpcClientProtocolClient.java:onNext(255)) - client-969FB6DA8C9A->4fcc8d53-44cb-4faf-b915-5afa0c7529d4: receive RaftClientReply:client-969FB6DA8C9A->4fcc8d53-44cb-4faf-b915-5afa0c7529d4@group-6A615BAE1DD1, cid=2115, SUCCESS, logIndex=3087, commits[4fcc8d53-44cb-4faf-b915-5afa0c7529d4:c3088, 48aa5eb4-709c-4003-adb5-fbc02723cd23:c3086, 609a8cf1-6ad3-4123-b94a-106ad93148a8:c3086]
2019-09-05 09:23:32,995 [grpc-default-executor-5] INFO  client.GrpcClientProtocolClient (GrpcClientProtocolClient.java:onNext(255)) - client-969FB6DA8C9A->4fcc8d53-44cb-4faf-b915-5afa0c7529d4: receive RaftClientReply:client-969FB6DA8C9A->4fcc8d53-44cb-4faf-b915-5afa0c7529d4@group-6A615BAE1DD1, cid=2116, SUCCESS, logIndex=3088, commits[4fcc8d53-44cb-4faf-b915-5afa0c7529d4:c3088, 48aa5eb4-709c-4003-adb5-fbc02723cd23:c3086, 609a8cf1-6ad3-4123-b94a-106ad93148a8:c3086]
2019-09-05 09:23:33,003 | INFO  | DNAudit | user=null | ip=null | op=WRITE_CHUNK {blockData=conID: 1 locID: 102739175864336939 bcsId: 0} | ret=SUCCESS |  
2019-09-05 09:23:33,004 | INFO  | DNAudit | user=null | ip=null | op=PUT_BLOCK {blockData=[blockId=conID: 1 locID: 102739175864336939 bcsId: 0,size=2097152]} | ret=SUCCESS |  
2019-09-05 09:23:33,004 [grpc-default-executor-2] INFO  client.GrpcClientProtocolClient (GrpcClientProtocolClient.java:onNext(255)) - client-969FB6DA8C9A->4fcc8d53-44cb-4faf-b915-5afa0c7529d4: receive RaftClientReply:client-969FB6DA8C9A->4fcc8d53-44cb-4faf-b915-5afa0c7529d4@group-6A615BAE1DD1, cid=2117, SUCCESS, logIndex=3089, commits[4fcc8d53-44cb-4faf-b915-5afa0c7529d4:c3090, 48aa5eb4-709c-4003-adb5-fbc02723cd23:c3086, 609a8cf1-6ad3-4123-b94a-106ad93148a8:c3086]
2019-09-05 09:23:33,004 | INFO  | DNAudit | user=null | ip=null | op=WRITE_CHUNK {blockData=conID: 1 locID: 102739175864336939 bcsId: 0} | ret=SUCCESS |  
2019-09-05 09:23:33,004 [grpc-default-executor-2] INFO  client.GrpcClientProtocolClient (GrpcClientProtocolClient.java:onNext(255)) - client-969FB6DA8C9A->4fcc8d53-44cb-4faf-b915-5afa0c7529d4: receive RaftClientReply:client-969FB6DA8C9A->4fcc8d53-44cb-4faf-b915-5afa0c7529d4@group-6A615BAE1DD1, cid=2118, SUCCESS, logIndex=3090, commits[4fcc8d53-44cb-4faf-b915-5afa0c7529d4:c3090, 48aa5eb4-709c-4003-adb5-fbc02723cd23:c3086, 609a8cf1-6ad3-4123-b94a-106ad93148a8:c3086]
2019-09-05 09:23:33,004 | INFO  | DNAudit | user=null | ip=null | op=PUT_BLOCK {blockData=[blockId=conID: 1 locID: 102739175864336939 bcsId: 0,size=1048576]} | ret=SUCCESS |  
2019-09-05 09:23:33,005 | INFO  | DNAudit | user=null | ip=null | op=WRITE_CHUNK {blockData=conID: 1 locID: 102739175864336939 bcsId: 0} | ret=SUCCESS |  
2019-09-05 09:23:33,005 | INFO  | DNAudit | user=null | ip=null | op=PUT_BLOCK {blockData=[blockId=conID: 1 locID: 102739175864336939 bcsId: 0,size=1048576]} | ret=SUCCESS |  
2019-09-05 09:23:33,005 [grpc-default-executor-2] INFO  client.GrpcClientProtocolClient (GrpcClientProtocolClient.java:onNext(255)) - client-969FB6DA8C9A->4fcc8d53-44cb-4faf-b915-5afa0c7529d4: receive RaftClientReply:client-969FB6DA8C9A->4fcc8d53-44cb-4faf-b915-5afa0c7529d4@group-6A615BAE1DD1, cid=2119, SUCCESS, logIndex=0, commits[4fcc8d53-44cb-4faf-b915-5afa0c7529d4:c3092, 48aa5eb4-709c-4003-adb5-fbc02723cd23:c3088, 609a8cf1-6ad3-4123-b94a-106ad93148a8:c3088]
2019-09-05 09:23:33,006 | INFO  | DNAudit | user=null | ip=null | op=WRITE_CHUNK {blockData=conID: 1 locID: 102739175864336939 bcsId: 0} | ret=SUCCESS |  
2019-09-05 09:23:33,006 | INFO  | DNAudit | user=null | ip=null | op=PUT_BLOCK {blockData=[blockId=conID: 1 locID: 102739175864336939 bcsId: 0,size=2097152]} | ret=SUCCESS |  
2019-09-05 09:23:33,006 | INFO  | DNAudit | user=null | ip=null | op=WRITE_CHUNK {blockData=conID: 1 locID: 102739175864336939 bcsId: 0} | ret=SUCCESS |  
2019-09-05 09:23:33,006 | INFO  | DNAudit | user=null | ip=null | op=PUT_BLOCK {blockData=[blockId=conID: 1 locID: 102739175864336939 bcsId: 0,size=2097152]} | ret=SUCCESS |  
2019-09-05 09:23:33,010 | INFO  | DNAudit | user=null | ip=null | op=WRITE_CHUNK {blockData=conID: 1 locID: 102739175864336939 bcsId: 3090} | ret=SUCCESS |  
2019-09-05 09:23:33,012 | INFO  | DNAudit | user=null | ip=null | op=WRITE_CHUNK {blockData=conID: 1 locID: 102739175864336939 bcsId: 3090} | ret=SUCCESS |  
2019-09-05 09:23:33,013 | INFO  | DNAudit | user=null | ip=null | op=WRITE_CHUNK {blockData=conID: 1 locID: 102739175864336939 bcsId: 3090} | ret=SUCCESS |  
2019-09-05 09:23:33,031 | INFO  | DNAudit | user=null | ip=null | op=WRITE_CHUNK {blockData=conID: 1 locID: 102739175864336939 bcsId: 3090} | ret=SUCCESS |  
2019-09-05 09:23:33,032 | INFO  | DNAudit | user=null | ip=null | op=PUT_BLOCK {blockData=[blockId=conID: 1 locID: 102739175864336939 bcsId: 0,size=3145728]} | ret=SUCCESS |  
2019-09-05 09:23:33,032 [grpc-default-executor-4] INFO  client.GrpcClientProtocolClient (GrpcClientProtocolClient.java:onNext(255)) - client-969FB6DA8C9A->4fcc8d53-44cb-4faf-b915-5afa0c7529d4: receive RaftClientReply:client-969FB6DA8C9A->4fcc8d53-44cb-4faf-b915-5afa0c7529d4@group-6A615BAE1DD1, cid=2120, SUCCESS, logIndex=3095, commits[4fcc8d53-44cb-4faf-b915-5afa0c7529d4:c3096, 48aa5eb4-709c-4003-adb5-fbc02723cd23:c3094, 609a8cf1-6ad3-4123-b94a-106ad93148a8:c3094]
2019-09-05 09:23:33,032 [grpc-default-executor-4] INFO  client.GrpcClientProtocolClient (GrpcClientProtocolClient.java:onNext(255)) - client-969FB6DA8C9A->4fcc8d53-44cb-4faf-b915-5afa0c7529d4: receive RaftClientReply:client-969FB6DA8C9A->4fcc8d53-44cb-4faf-b915-5afa0c7529d4@group-6A615BAE1DD1, cid=2121, SUCCESS, logIndex=3096, commits[4fcc8d53-44cb-4faf-b915-5afa0c7529d4:c3096, 48aa5eb4-709c-4003-adb5-fbc02723cd23:c3094, 609a8cf1-6ad3-4123-b94a-106ad93148a8:c3094]
2019-09-05 09:23:33,037 | INFO  | DNAudit | user=null | ip=null | op=WRITE_CHUNK {blockData=conID: 1 locID: 102739175864336939 bcsId: 3096} | ret=SUCCESS |  
2019-09-05 09:23:33,038 | INFO  | DNAudit | user=null | ip=null | op=WRITE_CHUNK {blockData=conID: 1 locID: 102739175864336939 bcsId: 3096} | ret=SUCCESS |  
2019-09-05 09:23:33,039 | INFO  | DNAudit | user=null | ip=null | op=WRITE_CHUNK {blockData=conID: 1 locID: 102739175864336939 bcsId: 3096} | ret=SUCCESS |  
2019-09-05 09:23:33,042 | INFO  | DNAudit | user=null | ip=null | op=WRITE_CHUNK {blockData=conID: 1 locID: 102739175864336939 bcsId: 3090} | ret=SUCCESS |  
2019-09-05 09:23:33,042 | INFO  | DNAudit | user=null | ip=null | op=WRITE_CHUNK {blockData=conID: 1 locID: 102739175864336939 bcsId: 3090} | ret=SUCCESS |  
2019-09-05 09:23:33,043 | INFO  | DNAudit | user=null | ip=null | op=PUT_BLOCK {blockData=[blockId=conID: 1 locID: 102739175864336939 bcsId: 0,size=3145728]} | ret=SUCCESS |  
2019-09-05 09:23:33,043 | INFO  | DNAudit | user=null | ip=null | op=PUT_BLOCK {blockData=[blockId=conID: 1 locID: 102739175864336939 bcsId: 0,size=3145728]} | ret=SUCCESS |  
2019-09-05 09:23:33,044 | INFO  | DNAudit | user=null | ip=null | op=WRITE_CHUNK {blockData=conID: 1 locID: 102739175864336939 bcsId: 3096} | ret=SUCCESS |  
2019-09-05 09:23:33,044 | INFO  | DNAudit | user=null | ip=null | op=PUT_BLOCK {blockData=[blockId=conID: 1 locID: 102739175864336939 bcsId: 0,size=4194304]} | ret=SUCCESS |  
2019-09-05 09:23:33,044 [grpc-default-executor-5] INFO  client.GrpcClientProtocolClient (GrpcClientProtocolClient.java:onNext(255)) - client-969FB6DA8C9A->4fcc8d53-44cb-4faf-b915-5afa0c7529d4: receive RaftClientReply:client-969FB6DA8C9A->4fcc8d53-44cb-4faf-b915-5afa0c7529d4@group-6A615BAE1DD1, cid=2122, SUCCESS, logIndex=3099, commits[4fcc8d53-44cb-4faf-b915-5afa0c7529d4:c3100, 48aa5eb4-709c-4003-adb5-fbc02723cd23:c3096, 609a8cf1-6ad3-4123-b94a-106ad93148a8:c3096]
2019-09-05 09:23:33,045 [grpc-default-executor-5] INFO  client.GrpcClientProtocolClient (GrpcClientProtocolClient.java:onNext(255)) - client-969FB6DA8C9A->4fcc8d53-44cb-4faf-b915-5afa0c7529d4: receive RaftClientReply:client-969FB6DA8C9A->4fcc8d53-44cb-4faf-b915-5afa0c7529d4@group-6A615BAE1DD1, cid=2123, SUCCESS, logIndex=3100, commits[4fcc8d53-44cb-4faf-b915-5afa0c7529d4:c3100, 48aa5eb4-709c-4003-adb5-fbc02723cd23:c3096, 609a8cf1-6ad3-4123-b94a-106ad93148a8:c3096]
2019-09-05 09:23:33,052 | INFO  | DNAudit | user=null | ip=null | op=WRITE_CHUNK {blockData=conID: 1 locID: 102739175864336939 bcsId: 3096} | ret=SUCCESS |  
2019-09-05 09:23:33,052 | INFO  | DNAudit | user=null | ip=null | op=WRITE_CHUNK {blockData=conID: 1 locID: 102739175864336939 bcsId: 3096} | ret=SUCCESS |  
2019-09-05 09:23:33,053 | INFO  | DNAudit | user=null | ip=null | op=PUT_BLOCK {blockData=[blockId=conID: 1 locID: 102739175864336939 bcsId: 0,size=4194304]} | ret=SUCCESS |  
2019-09-05 09:23:33,053 | INFO  | DNAudit | user=null | ip=null | op=PUT_BLOCK {blockData=[blockId=conID: 1 locID: 102739175864336939 bcsId: 0,size=4194304]} | ret=SUCCESS |  
2019-09-05 09:23:33,054 [grpc-default-executor-5] INFO  client.GrpcClientProtocolClient (GrpcClientProtocolClient.java:onNext(255)) - client-969FB6DA8C9A->4fcc8d53-44cb-4faf-b915-5afa0c7529d4: receive RaftClientReply:client-969FB6DA8C9A->4fcc8d53-44cb-4faf-b915-5afa0c7529d4@group-6A615BAE1DD1, cid=2124, SUCCESS, logIndex=0, commits[4fcc8d53-44cb-4faf-b915-5afa0c7529d4:c3102, 48aa5eb4-709c-4003-adb5-fbc02723cd23:c3100, 609a8cf1-6ad3-4123-b94a-106ad93148a8:c3100]
2019-09-05 09:23:33,058 | INFO  | SCMAudit | user=jenkins1000 | ip=192.168.36.69 | op=ALLOCATE_BLOCK {owner=5cf4fcf6-c517-45f4-af25-2fff646d8883, size=4194304, type=RATIS, factor=THREE} | ret=SUCCESS |  
2019-09-05 09:23:33,060 | INFO  | OMAudit | user=jenkins1000 | ip=127.0.0.1 | op=ALLOCATE_BLOCK {volume=vol-0-13331, bucket=bucket-0-43606, key=key-0-76526, dataSize=0, replicationType=null, replicationFactor=null, keyLocationInfo=null, clientID=102739173903106450} | ret=SUCCESS |  
2019-09-05 09:23:33,065 | INFO  | DNAudit | user=null | ip=null | op=WRITE_CHUNK {blockData=conID: 2 locID: 102739175870169644 bcsId: 0} | ret=SUCCESS |  
2019-09-05 09:23:33,067 | INFO  | DNAudit | user=null | ip=null | op=WRITE_CHUNK {blockData=conID: 2 locID: 102739175870169644 bcsId: 0} | ret=SUCCESS |  
2019-09-05 09:23:33,067 | INFO  | DNAudit | user=null | ip=null | op=WRITE_CHUNK {blockData=conID: 2 locID: 102739175870169644 bcsId: 0} | ret=SUCCESS |  
2019-09-05 09:23:33,068 | INFO  | DNAudit | user=null | ip=null | op=WRITE_CHUNK {blockData=conID: 2 locID: 102739175870169644 bcsId: 0} | ret=SUCCESS |  
2019-09-05 09:23:33,069 | INFO  | DNAudit | user=null | ip=null | op=WRITE_CHUNK {blockData=conID: 2 locID: 102739175870169644 bcsId: 0} | ret=SUCCESS |  
2019-09-05 09:23:33,069 | INFO  | DNAudit | user=null | ip=null | op=WRITE_CHUNK {blockData=conID: 2 locID: 102739175870169644 bcsId: 0} | ret=SUCCESS |  
2019-09-05 09:23:33,085 | INFO  | DNAudit | user=null | ip=null | op=WRITE_CHUNK {blockData=conID: 2 locID: 102739175870169644 bcsId: 0} | ret=SUCCESS |  
2019-09-05 09:23:33,086 | INFO  | DNAudit | user=null | ip=null | op=PUT_BLOCK {blockData=[blockId=conID: 2 locID: 102739175870169644 bcsId: 0,size=1048576]} | ret=SUCCESS |  
2019-09-05 09:23:33,086 [grpc-default-executor-5] INFO  client.GrpcClientProtocolClient (GrpcClientProtocolClient.java:onNext(255)) - client-969FB6DA8C9A->4fcc8d53-44cb-4faf-b915-5afa0c7529d4: receive RaftClientReply:client-969FB6DA8C9A->4fcc8d53-44cb-4faf-b915-5afa0c7529d4@group-6A615BAE1DD1, cid=2125, SUCCESS, logIndex=3103, commits[4fcc8d53-44cb-4faf-b915-5afa0c7529d4:c3105, 48aa5eb4-709c-4003-adb5-fbc02723cd23:c3102, 609a8cf1-6ad3-4123-b94a-106ad93148a8:c3102]
2019-09-05 09:23:33,086 | INFO  | DNAudit | user=null | ip=null | op=WRITE_CHUNK {blockData=conID: 2 locID: 102739175870169644 bcsId: 0} | ret=SUCCESS |  
2019-09-05 09:23:33,086 | INFO  | DNAudit | user=null | ip=null | op=PUT_BLOCK {blockData=[blockId=conID: 2 locID: 102739175870169644 bcsId: 0,size=2097152]} | ret=SUCCESS |  
2019-09-05 09:23:33,086 [grpc-default-executor-5] INFO  client.GrpcClientProtocolClient (GrpcClientProtocolClient.java:onNext(255)) - client-969FB6DA8C9A->4fcc8d53-44cb-4faf-b915-5afa0c7529d4: receive RaftClientReply:client-969FB6DA8C9A->4fcc8d53-44cb-4faf-b915-5afa0c7529d4@group-6A615BAE1DD1, cid=2126, SUCCESS, logIndex=3104, commits[4fcc8d53-44cb-4faf-b915-5afa0c7529d4:c3106, 48aa5eb4-709c-4003-adb5-fbc02723cd23:c3102, 609a8cf1-6ad3-4123-b94a-106ad93148a8:c3102]
2019-09-05 09:23:33,086 [grpc-default-executor-5] INFO  client.GrpcClientProtocolClient (GrpcClientProtocolClient.java:onNext(255)) - client-969FB6DA8C9A->4fcc8d53-44cb-4faf-b915-5afa0c7529d4: receive RaftClientReply:client-969FB6DA8C9A->4fcc8d53-44cb-4faf-b915-5afa0c7529d4@group-6A615BAE1DD1, cid=2127, SUCCESS, logIndex=3105, commits[4fcc8d53-44cb-4faf-b915-5afa0c7529d4:c3106, 48aa5eb4-709c-4003-adb5-fbc02723cd23:c3102, 609a8cf1-6ad3-4123-b94a-106ad93148a8:c3102]
2019-09-05 09:23:33,086 [grpc-default-executor-5] INFO  client.GrpcClientProtocolClient (GrpcClientProtocolClient.java:onNext(255)) - client-969FB6DA8C9A->4fcc8d53-44cb-4faf-b915-5afa0c7529d4: receive RaftClientReply:client-969FB6DA8C9A->4fcc8d53-44cb-4faf-b915-5afa0c7529d4@group-6A615BAE1DD1, cid=2128, SUCCESS, logIndex=3106, commits[4fcc8d53-44cb-4faf-b915-5afa0c7529d4:c3106, 48aa5eb4-709c-4003-adb5-fbc02723cd23:c3102, 609a8cf1-6ad3-4123-b94a-106ad93148a8:c3102]
2019-09-05 09:23:33,097 | INFO  | DNAudit | user=null | ip=null | op=WRITE_CHUNK {blockData=conID: 2 locID: 102739175870169644 bcsId: 0} | ret=SUCCESS |  
2019-09-05 09:23:33,097 | INFO  | DNAudit | user=null | ip=null | op=WRITE_CHUNK {blockData=conID: 2 locID: 102739175870169644 bcsId: 0} | ret=SUCCESS |  
2019-09-05 09:23:33,097 | INFO  | DNAudit | user=null | ip=null | op=PUT_BLOCK {blockData=[blockId=conID: 2 locID: 102739175870169644 bcsId: 0,size=1048576]} | ret=SUCCESS |  
2019-09-05 09:23:33,097 | INFO  | DNAudit | user=null | ip=null | op=PUT_BLOCK {blockData=[blockId=conID: 2 locID: 102739175870169644 bcsId: 0,size=1048576]} | ret=SUCCESS |  
2019-09-05 09:23:33,098 [grpc-default-executor-5] INFO  client.GrpcClientProtocolClient (GrpcClientProtocolClient.java:onNext(255)) - client-969FB6DA8C9A->4fcc8d53-44cb-4faf-b915-5afa0c7529d4: receive RaftClientReply:client-969FB6DA8C9A->4fcc8d53-44cb-4faf-b915-5afa0c7529d4@group-6A615BAE1DD1, cid=2129, SUCCESS, logIndex=0, commits[4fcc8d53-44cb-4faf-b915-5afa0c7529d4:c3107, 48aa5eb4-709c-4003-adb5-fbc02723cd23:c3104, 609a8cf1-6ad3-4123-b94a-106ad93148a8:c3104]
2019-09-05 09:23:33,099 | INFO  | DNAudit | user=null | ip=null | op=WRITE_CHUNK {blockData=conID: 2 locID: 102739175870169644 bcsId: 0} | ret=SUCCESS |  
2019-09-05 09:23:33,099 | INFO  | DNAudit | user=null | ip=null | op=WRITE_CHUNK {blockData=conID: 2 locID: 102739175870169644 bcsId: 0} | ret=SUCCESS |  
2019-09-05 09:23:33,099 | INFO  | DNAudit | user=null | ip=null | op=PUT_BLOCK {blockData=[blockId=conID: 2 locID: 102739175870169644 bcsId: 0,size=2097152]} | ret=SUCCESS |  
2019-09-05 09:23:33,099 | INFO  | DNAudit | user=null | ip=null | op=PUT_BLOCK {blockData=[blockId=conID: 2 locID: 102739175870169644 bcsId: 0,size=2097152]} | ret=SUCCESS |  
2019-09-05 09:23:33,102 | INFO  | DNAudit | user=null | ip=null | op=WRITE_CHUNK {blockData=conID: 2 locID: 102739175870169644 bcsId: 3106} | ret=SUCCESS |  
2019-09-05 09:23:33,104 | INFO  | DNAudit | user=null | ip=null | op=WRITE_CHUNK {blockData=conID: 2 locID: 102739175870169644 bcsId: 3106} | ret=SUCCESS |  
2019-09-05 09:23:33,104 | INFO  | DNAudit | user=null | ip=null | op=WRITE_CHUNK {blockData=conID: 2 locID: 102739175870169644 bcsId: 3106} | ret=SUCCESS |  
2019-09-05 09:23:33,126 | INFO  | DNAudit | user=null | ip=null | op=WRITE_CHUNK {blockData=conID: 2 locID: 102739175870169644 bcsId: 3106} | ret=SUCCESS |  
2019-09-05 09:23:33,126 | INFO  | DNAudit | user=null | ip=null | op=PUT_BLOCK {blockData=[blockId=conID: 2 locID: 102739175870169644 bcsId: 0,size=3145728]} | ret=SUCCESS |  
2019-09-05 09:23:33,126 [grpc-default-executor-2] INFO  client.GrpcClientProtocolClient (GrpcClientProtocolClient.java:onNext(255)) - client-969FB6DA8C9A->4fcc8d53-44cb-4faf-b915-5afa0c7529d4: receive RaftClientReply:client-969FB6DA8C9A->4fcc8d53-44cb-4faf-b915-5afa0c7529d4@group-6A615BAE1DD1, cid=2130, SUCCESS, logIndex=3111, commits[4fcc8d53-44cb-4faf-b915-5afa0c7529d4:c3112, 48aa5eb4-709c-4003-adb5-fbc02723cd23:c3110, 609a8cf1-6ad3-4123-b94a-106ad93148a8:c3110]
2019-09-05 09:23:33,126 [grpc-default-executor-2] INFO  client.GrpcClientProtocolClient (GrpcClientProtocolClient.java:onNext(255)) - client-969FB6DA8C9A->4fcc8d53-44cb-4faf-b915-5afa0c7529d4: receive RaftClientReply:client-969FB6DA8C9A->4fcc8d53-44cb-4faf-b915-5afa0c7529d4@group-6A615BAE1DD1, cid=2131, SUCCESS, logIndex=3112, commits[4fcc8d53-44cb-4faf-b915-5afa0c7529d4:c3112, 48aa5eb4-709c-4003-adb5-fbc02723cd23:c3110, 609a8cf1-6ad3-4123-b94a-106ad93148a8:c3110]
2019-09-05 09:23:33,131 | INFO  | DNAudit | user=null | ip=null | op=WRITE_CHUNK {blockData=conID: 2 locID: 102739175870169644 bcsId: 3112} | ret=SUCCESS |  
2019-09-05 09:23:33,133 | INFO  | DNAudit | user=null | ip=null | op=WRITE_CHUNK {blockData=conID: 2 locID: 102739175870169644 bcsId: 3112} | ret=SUCCESS |  
2019-09-05 09:23:33,133 | INFO  | DNAudit | user=null | ip=null | op=WRITE_CHUNK {blockData=conID: 2 locID: 102739175870169644 bcsId: 3112} | ret=SUCCESS |  
2019-09-05 09:23:33,134 | INFO  | DNAudit | user=null | ip=null | op=WRITE_CHUNK {blockData=conID: 2 locID: 102739175870169644 bcsId: 3106} | ret=SUCCESS |  
2019-09-05 09:23:33,134 | INFO  | DNAudit | user=null | ip=null | op=WRITE_CHUNK {blockData=conID: 2 locID: 102739175870169644 bcsId: 3106} | ret=SUCCESS |  
2019-09-05 09:23:33,135 | INFO  | DNAudit | user=null | ip=null | op=PUT_BLOCK {blockData=[blockId=conID: 2 locID: 102739175870169644 bcsId: 0,size=3145728]} | ret=SUCCESS |  
2019-09-05 09:23:33,135 | INFO  | DNAudit | user=null | ip=null | op=PUT_BLOCK {blockData=[blockId=conID: 2 locID: 102739175870169644 bcsId: 0,size=3145728]} | ret=SUCCESS |  
2019-09-05 09:23:33,136 | INFO  | DNAudit | user=null | ip=null | op=WRITE_CHUNK {blockData=conID: 2 locID: 102739175870169644 bcsId: 3112} | ret=SUCCESS |  
2019-09-05 09:23:33,136 | INFO  | DNAudit | user=null | ip=null | op=PUT_BLOCK {blockData=[blockId=conID: 2 locID: 102739175870169644 bcsId: 0,size=4194304]} | ret=SUCCESS |  
2019-09-05 09:23:33,136 [grpc-default-executor-2] INFO  client.GrpcClientProtocolClient (GrpcClientProtocolClient.java:onNext(255)) - client-969FB6DA8C9A->4fcc8d53-44cb-4faf-b915-5afa0c7529d4: receive RaftClientReply:client-969FB6DA8C9A->4fcc8d53-44cb-4faf-b915-5afa0c7529d4@group-6A615BAE1DD1, cid=2132, SUCCESS, logIndex=3115, commits[4fcc8d53-44cb-4faf-b915-5afa0c7529d4:c3116, 48aa5eb4-709c-4003-adb5-fbc02723cd23:c3112, 609a8cf1-6ad3-4123-b94a-106ad93148a8:c3112]
2019-09-05 09:23:33,136 [grpc-default-executor-2] INFO  client.GrpcClientProtocolClient (GrpcClientProtocolClient.java:onNext(255)) - client-969FB6DA8C9A->4fcc8d53-44cb-4faf-b915-5afa0c7529d4: receive RaftClientReply:client-969FB6DA8C9A->4fcc8d53-44cb-4faf-b915-5afa0c7529d4@group-6A615BAE1DD1, cid=2133, SUCCESS, logIndex=3116, commits[4fcc8d53-44cb-4faf-b915-5afa0c7529d4:c3116, 48aa5eb4-709c-4003-adb5-fbc02723cd23:c3112, 609a8cf1-6ad3-4123-b94a-106ad93148a8:c3112]
2019-09-05 09:23:33,142 | INFO  | DNAudit | user=null | ip=null | op=WRITE_CHUNK {blockData=conID: 2 locID: 102739175870169644 bcsId: 3112} | ret=SUCCESS |  
2019-09-05 09:23:33,143 | INFO  | DNAudit | user=null | ip=null | op=WRITE_CHUNK {blockData=conID: 2 locID: 102739175870169644 bcsId: 3112} | ret=SUCCESS |  
2019-09-05 09:23:33,143 | INFO  | DNAudit | user=null | ip=null | op=PUT_BLOCK {blockData=[blockId=conID: 2 locID: 102739175870169644 bcsId: 0,size=4194304]} | ret=SUCCESS |  
2019-09-05 09:23:33,144 | INFO  | DNAudit | user=null | ip=null | op=PUT_BLOCK {blockData=[blockId=conID: 2 locID: 102739175870169644 bcsId: 0,size=4194304]} | ret=SUCCESS |  
2019-09-05 09:23:33,145 [grpc-default-executor-5] INFO  client.GrpcClientProtocolClient (GrpcClientProtocolClient.java:onNext(255)) - client-969FB6DA8C9A->4fcc8d53-44cb-4faf-b915-5afa0c7529d4: receive RaftClientReply:client-969FB6DA8C9A->4fcc8d53-44cb-4faf-b915-5afa0c7529d4@group-6A615BAE1DD1, cid=2134, SUCCESS, logIndex=0, commits[4fcc8d53-44cb-4faf-b915-5afa0c7529d4:c3117, 48aa5eb4-709c-4003-adb5-fbc02723cd23:c3116, 609a8cf1-6ad3-4123-b94a-106ad93148a8:c3116]
2019-09-05 09:23:33,150 | INFO  | SCMAudit | user=jenkins1000 | ip=192.168.36.69 | op=ALLOCATE_BLOCK {owner=5cf4fcf6-c517-45f4-af25-2fff646d8883, size=4194304, type=RATIS, factor=THREE} | ret=SUCCESS |  
2019-09-05 09:23:33,153 | INFO  | OMAudit | user=jenkins1000 | ip=127.0.0.1 | op=ALLOCATE_BLOCK {volume=vol-0-13331, bucket=bucket-0-43606, key=key-0-76526, dataSize=0, replicationType=null, replicationFactor=null, keyLocationInfo=null, clientID=102739173903106450} | ret=SUCCESS |  
2019-09-05 09:23:33,158 | INFO  | DNAudit | user=null | ip=null | op=WRITE_CHUNK {blockData=conID: 3 locID: 102739175876198957 bcsId: 0} | ret=SUCCESS |  
2019-09-05 09:23:33,161 | INFO  | DNAudit | user=null | ip=null | op=WRITE_CHUNK {blockData=conID: 3 locID: 102739175876198957 bcsId: 0} | ret=SUCCESS |  
2019-09-05 09:23:33,161 | INFO  | DNAudit | user=null | ip=null | op=WRITE_CHUNK {blockData=conID: 3 locID: 102739175876198957 bcsId: 0} | ret=SUCCESS |  
2019-09-05 09:23:33,161 | INFO  | DNAudit | user=null | ip=null | op=WRITE_CHUNK {blockData=conID: 3 locID: 102739175876198957 bcsId: 0} | ret=SUCCESS |  
2019-09-05 09:23:33,162 | INFO  | DNAudit | user=null | ip=null | op=WRITE_CHUNK {blockData=conID: 3 locID: 102739175876198957 bcsId: 0} | ret=SUCCESS |  
2019-09-05 09:23:33,162 | INFO  | DNAudit | user=null | ip=null | op=WRITE_CHUNK {blockData=conID: 3 locID: 102739175876198957 bcsId: 0} | ret=SUCCESS |  
2019-09-05 09:23:33,171 | INFO  | DNAudit | user=null | ip=null | op=WRITE_CHUNK {blockData=conID: 3 locID: 102739175876198957 bcsId: 0} | ret=SUCCESS |  
2019-09-05 09:23:33,172 | INFO  | DNAudit | user=null | ip=null | op=PUT_BLOCK {blockData=[blockId=conID: 3 locID: 102739175876198957 bcsId: 0,size=1048576]} | ret=SUCCESS |  
2019-09-05 09:23:33,172 [grpc-default-executor-3] INFO  client.GrpcClientProtocolClient (GrpcClientProtocolClient.java:onNext(255)) - client-969FB6DA8C9A->4fcc8d53-44cb-4faf-b915-5afa0c7529d4: receive RaftClientReply:client-969FB6DA8C9A->4fcc8d53-44cb-4faf-b915-5afa0c7529d4@group-6A615BAE1DD1, cid=2135, SUCCESS, logIndex=3119, commits[4fcc8d53-44cb-4faf-b915-5afa0c7529d4:c3122, 48aa5eb4-709c-4003-adb5-fbc02723cd23:c3118, 609a8cf1-6ad3-4123-b94a-106ad93148a8:c3118]
2019-09-05 09:23:33,172 | INFO  | DNAudit | user=null | ip=null | op=WRITE_CHUNK {blockData=conID: 3 locID: 102739175876198957 bcsId: 0} | ret=SUCCESS |  
2019-09-05 09:23:33,172 [grpc-default-executor-3] INFO  client.GrpcClientProtocolClient (GrpcClientProtocolClient.java:onNext(255)) - client-969FB6DA8C9A->4fcc8d53-44cb-4faf-b915-5afa0c7529d4: receive RaftClientReply:client-969FB6DA8C9A->4fcc8d53-44cb-4faf-b915-5afa0c7529d4@group-6A615BAE1DD1, cid=2136, SUCCESS, logIndex=3120, commits[4fcc8d53-44cb-4faf-b915-5afa0c7529d4:c3122, 48aa5eb4-709c-4003-adb5-fbc02723cd23:c3118, 609a8cf1-6ad3-4123-b94a-106ad93148a8:c3118]
2019-09-05 09:23:33,173 | INFO  | DNAudit | user=null | ip=null | op=PUT_BLOCK {blockData=[blockId=conID: 3 locID: 102739175876198957 bcsId: 0,size=2097152]} | ret=SUCCESS |  
2019-09-05 09:23:33,173 [grpc-default-executor-3] INFO  client.GrpcClientProtocolClient (GrpcClientProtocolClient.java:onNext(255)) - client-969FB6DA8C9A->4fcc8d53-44cb-4faf-b915-5afa0c7529d4: receive RaftClientReply:client-969FB6DA8C9A->4fcc8d53-44cb-4faf-b915-5afa0c7529d4@group-6A615BAE1DD1, cid=2137, SUCCESS, logIndex=3121, commits[4fcc8d53-44cb-4faf-b915-5afa0c7529d4:c3122, 48aa5eb4-709c-4003-adb5-fbc02723cd23:c3118, 609a8cf1-6ad3-4123-b94a-106ad93148a8:c3118]
2019-09-05 09:23:33,173 [grpc-default-executor-3] INFO  client.GrpcClientProtocolClient (GrpcClientProtocolClient.java:onNext(255)) - client-969FB6DA8C9A->4fcc8d53-44cb-4faf-b915-5afa0c7529d4: receive RaftClientReply:client-969FB6DA8C9A->4fcc8d53-44cb-4faf-b915-5afa0c7529d4@group-6A615BAE1DD1, cid=2138, SUCCESS, logIndex=3122, commits[4fcc8d53-44cb-4faf-b915-5afa0c7529d4:c3122, 48aa5eb4-709c-4003-adb5-fbc02723cd23:c3118, 609a8cf1-6ad3-4123-b94a-106ad93148a8:c3118]
2019-09-05 09:23:33,180 | INFO  | DNAudit | user=null | ip=null | op=WRITE_CHUNK {blockData=conID: 3 locID: 102739175876198957 bcsId: 0} | ret=SUCCESS |  
2019-09-05 09:23:33,180 | INFO  | DNAudit | user=null | ip=null | op=WRITE_CHUNK {blockData=conID: 3 locID: 102739175876198957 bcsId: 0} | ret=SUCCESS |  
2019-09-05 09:23:33,181 | INFO  | DNAudit | user=null | ip=null | op=PUT_BLOCK {blockData=[blockId=conID: 3 locID: 102739175876198957 bcsId: 0,size=1048576]} | ret=SUCCESS |  
2019-09-05 09:23:33,181 | INFO  | DNAudit | user=null | ip=null | op=PUT_BLOCK {blockData=[blockId=conID: 3 locID: 102739175876198957 bcsId: 0,size=1048576]} | ret=SUCCESS |  
2019-09-05 09:23:33,181 [grpc-default-executor-3] INFO  client.GrpcClientProtocolClient (GrpcClientProtocolClient.java:onNext(255)) - client-969FB6DA8C9A->4fcc8d53-44cb-4faf-b915-5afa0c7529d4: receive RaftClientReply:client-969FB6DA8C9A->4fcc8d53-44cb-4faf-b915-5afa0c7529d4@group-6A615BAE1DD1, cid=2139, SUCCESS, logIndex=0, commits[4fcc8d53-44cb-4faf-b915-5afa0c7529d4:c3123, 48aa5eb4-709c-4003-adb5-fbc02723cd23:c3120, 609a8cf1-6ad3-4123-b94a-106ad93148a8:c3120]
2019-09-05 09:23:33,181 | INFO  | DNAudit | user=null | ip=null | op=WRITE_CHUNK {blockData=conID: 3 locID: 102739175876198957 bcsId: 0} | ret=SUCCESS |  
2019-09-05 09:23:33,182 | INFO  | DNAudit | user=null | ip=null | op=WRITE_CHUNK {blockData=conID: 3 locID: 102739175876198957 bcsId: 0} | ret=SUCCESS |  
2019-09-05 09:23:33,182 | INFO  | DNAudit | user=null | ip=null | op=PUT_BLOCK {blockData=[blockId=conID: 3 locID: 102739175876198957 bcsId: 0,size=2097152]} | ret=SUCCESS |  
2019-09-05 09:23:33,182 | INFO  | DNAudit | user=null | ip=null | op=PUT_BLOCK {blockData=[blockId=conID: 3 locID: 102739175876198957 bcsId: 0,size=2097152]} | ret=SUCCESS |  
2019-09-05 09:23:33,187 | INFO  | DNAudit | user=null | ip=null | op=WRITE_CHUNK {blockData=conID: 3 locID: 102739175876198957 bcsId: 3122} | ret=SUCCESS |  
2019-09-05 09:23:33,189 | INFO  | DNAudit | user=null | ip=null | op=WRITE_CHUNK {blockData=conID: 3 locID: 102739175876198957 bcsId: 3122} | ret=SUCCESS |  
2019-09-05 09:23:33,189 | INFO  | DNAudit | user=null | ip=null | op=WRITE_CHUNK {blockData=conID: 3 locID: 102739175876198957 bcsId: 3122} | ret=SUCCESS |  
2019-09-05 09:23:33,195 | INFO  | DNAudit | user=null | ip=null | op=WRITE_CHUNK {blockData=conID: 3 locID: 102739175876198957 bcsId: 3122} | ret=SUCCESS |  
2019-09-05 09:23:33,195 | INFO  | DNAudit | user=null | ip=null | op=PUT_BLOCK {blockData=[blockId=conID: 3 locID: 102739175876198957 bcsId: 0,size=3145728]} | ret=SUCCESS |  
2019-09-05 09:23:33,195 [grpc-default-executor-4] INFO  client.GrpcClientProtocolClient (GrpcClientProtocolClient.java:onNext(255)) - client-969FB6DA8C9A->4fcc8d53-44cb-4faf-b915-5afa0c7529d4: receive RaftClientReply:client-969FB6DA8C9A->4fcc8d53-44cb-4faf-b915-5afa0c7529d4@group-6A615BAE1DD1, cid=2140, SUCCESS, logIndex=3127, commits[4fcc8d53-44cb-4faf-b915-5afa0c7529d4:c3128, 48aa5eb4-709c-4003-adb5-fbc02723cd23:c3126, 609a8cf1-6ad3-4123-b94a-106ad93148a8:c3126]
2019-09-05 09:23:33,196 [grpc-default-executor-4] INFO  client.GrpcClientProtocolClient (GrpcClientProtocolClient.java:onNext(255)) - client-969FB6DA8C9A->4fcc8d53-44cb-4faf-b915-5afa0c7529d4: receive RaftClientReply:client-969FB6DA8C9A->4fcc8d53-44cb-4faf-b915-5afa0c7529d4@group-6A615BAE1DD1, cid=2141, SUCCESS, logIndex=3128, commits[4fcc8d53-44cb-4faf-b915-5afa0c7529d4:c3128, 48aa5eb4-709c-4003-adb5-fbc02723cd23:c3126, 609a8cf1-6ad3-4123-b94a-106ad93148a8:c3126]
2019-09-05 09:23:33,200 | INFO  | DNAudit | user=null | ip=null | op=WRITE_CHUNK {blockData=conID: 3 locID: 102739175876198957 bcsId: 3122} | ret=SUCCESS |  
2019-09-05 09:23:33,200 | INFO  | DNAudit | user=null | ip=null | op=WRITE_CHUNK {blockData=conID: 3 locID: 102739175876198957 bcsId: 3122} | ret=SUCCESS |  
2019-09-05 09:23:33,201 | INFO  | DNAudit | user=null | ip=null | op=PUT_BLOCK {blockData=[blockId=conID: 3 locID: 102739175876198957 bcsId: 0,size=3145728]} | ret=SUCCESS |  
2019-09-05 09:23:33,201 | INFO  | DNAudit | user=null | ip=null | op=PUT_BLOCK {blockData=[blockId=conID: 3 locID: 102739175876198957 bcsId: 0,size=3145728]} | ret=SUCCESS |  
2019-09-05 09:23:33,201 | INFO  | DNAudit | user=null | ip=null | op=WRITE_CHUNK {blockData=conID: 3 locID: 102739175876198957 bcsId: 3128} | ret=SUCCESS |  
2019-09-05 09:23:33,202 | INFO  | DNAudit | user=null | ip=null | op=WRITE_CHUNK {blockData=conID: 3 locID: 102739175876198957 bcsId: 3128} | ret=SUCCESS |  
2019-09-05 09:23:33,203 | INFO  | DNAudit | user=null | ip=null | op=WRITE_CHUNK {blockData=conID: 3 locID: 102739175876198957 bcsId: 3128} | ret=SUCCESS |  
2019-09-05 09:23:33,234 | INFO  | DNAudit | user=null | ip=null | op=WRITE_CHUNK {blockData=conID: 3 locID: 102739175876198957 bcsId: 3128} | ret=SUCCESS |  
2019-09-05 09:23:33,234 | INFO  | DNAudit | user=null | ip=null | op=PUT_BLOCK {blockData=[blockId=conID: 3 locID: 102739175876198957 bcsId: 0,size=4194304]} | ret=SUCCESS |  
2019-09-05 09:23:33,235 [grpc-default-executor-3] INFO  client.GrpcClientProtocolClient (GrpcClientProtocolClient.java:onNext(255)) - client-969FB6DA8C9A->4fcc8d53-44cb-4faf-b915-5afa0c7529d4: receive RaftClientReply:client-969FB6DA8C9A->4fcc8d53-44cb-4faf-b915-5afa0c7529d4@group-6A615BAE1DD1, cid=2142, SUCCESS, logIndex=3131, commits[4fcc8d53-44cb-4faf-b915-5afa0c7529d4:c3132, 48aa5eb4-709c-4003-adb5-fbc02723cd23:c3128, 609a8cf1-6ad3-4123-b94a-106ad93148a8:c3128]
2019-09-05 09:23:33,235 [grpc-default-executor-3] INFO  client.GrpcClientProtocolClient (GrpcClientProtocolClient.java:onNext(255)) - client-969FB6DA8C9A->4fcc8d53-44cb-4faf-b915-5afa0c7529d4: receive RaftClientReply:client-969FB6DA8C9A->4fcc8d53-44cb-4faf-b915-5afa0c7529d4@group-6A615BAE1DD1, cid=2143, SUCCESS, logIndex=3132, commits[4fcc8d53-44cb-4faf-b915-5afa0c7529d4:c3132, 48aa5eb4-709c-4003-adb5-fbc02723cd23:c3128, 609a8cf1-6ad3-4123-b94a-106ad93148a8:c3128]
2019-09-05 09:23:33,240 | INFO  | DNAudit | user=null | ip=null | op=WRITE_CHUNK {blockData=conID: 3 locID: 102739175876198957 bcsId: 3128} | ret=SUCCESS |  
2019-09-05 09:23:33,240 | INFO  | DNAudit | user=null | ip=null | op=WRITE_CHUNK {blockData=conID: 3 locID: 102739175876198957 bcsId: 3128} | ret=SUCCESS |  
2019-09-05 09:23:33,241 | INFO  | DNAudit | user=null | ip=null | op=PUT_BLOCK {blockData=[blockId=conID: 3 locID: 102739175876198957 bcsId: 0,size=4194304]} | ret=SUCCESS |  
2019-09-05 09:23:33,241 | INFO  | DNAudit | user=null | ip=null | op=PUT_BLOCK {blockData=[blockId=conID: 3 locID: 102739175876198957 bcsId: 0,size=4194304]} | ret=SUCCESS |  
2019-09-05 09:23:33,242 [grpc-default-executor-3] INFO  client.GrpcClientProtocolClient (GrpcClientProtocolClient.java:onNext(255)) - client-969FB6DA8C9A->4fcc8d53-44cb-4faf-b915-5afa0c7529d4: receive RaftClientReply:client-969FB6DA8C9A->4fcc8d53-44cb-4faf-b915-5afa0c7529d4@group-6A615BAE1DD1, cid=2144, SUCCESS, logIndex=0, commits[4fcc8d53-44cb-4faf-b915-5afa0c7529d4:c3134, 48aa5eb4-709c-4003-adb5-fbc02723cd23:c3132, 609a8cf1-6ad3-4123-b94a-106ad93148a8:c3132]
2019-09-05 09:23:33,246 | INFO  | SCMAudit | user=jenkins1000 | ip=192.168.36.69 | op=ALLOCATE_BLOCK {owner=5cf4fcf6-c517-45f4-af25-2fff646d8883, size=4194304, type=RATIS, factor=THREE} | ret=SUCCESS |  
2019-09-05 09:23:33,248 | INFO  | OMAudit | user=jenkins1000 | ip=127.0.0.1 | op=ALLOCATE_BLOCK {volume=vol-0-13331, bucket=bucket-0-43606, key=key-0-76526, dataSize=0, replicationType=null, replicationFactor=null, keyLocationInfo=null, clientID=102739173903106450} | ret=SUCCESS |  
2019-09-05 09:23:33,254 | INFO  | DNAudit | user=null | ip=null | op=WRITE_CHUNK {blockData=conID: 1 locID: 102739175882490414 bcsId: 0} | ret=SUCCESS |  
2019-09-05 09:23:33,256 | INFO  | DNAudit | user=null | ip=null | op=WRITE_CHUNK {blockData=conID: 1 locID: 102739175882490414 bcsId: 0} | ret=SUCCESS |  
2019-09-05 09:23:33,256 | INFO  | DNAudit | user=null | ip=null | op=WRITE_CHUNK {blockData=conID: 1 locID: 102739175882490414 bcsId: 0} | ret=SUCCESS |  
2019-09-05 09:23:33,257 | INFO  | DNAudit | user=null | ip=null | op=WRITE_CHUNK {blockData=conID: 1 locID: 102739175882490414 bcsId: 0} | ret=SUCCESS |  
2019-09-05 09:23:33,258 | INFO  | DNAudit | user=null | ip=null | op=WRITE_CHUNK {blockData=conID: 1 locID: 102739175882490414 bcsId: 0} | ret=SUCCESS |  
2019-09-05 09:23:33,259 | INFO  | DNAudit | user=null | ip=null | op=WRITE_CHUNK {blockData=conID: 1 locID: 102739175882490414 bcsId: 0} | ret=SUCCESS |  
2019-09-05 09:23:33,269 | INFO  | DNAudit | user=null | ip=null | op=WRITE_CHUNK {blockData=conID: 1 locID: 102739175882490414 bcsId: 0} | ret=SUCCESS |  
2019-09-05 09:23:33,269 | INFO  | DNAudit | user=null | ip=null | op=PUT_BLOCK {blockData=[blockId=conID: 1 locID: 102739175882490414 bcsId: 0,size=1048576]} | ret=SUCCESS |  
2019-09-05 09:23:33,269 [grpc-default-executor-4] INFO  client.GrpcClientProtocolClient (GrpcClientProtocolClient.java:onNext(255)) - client-969FB6DA8C9A->4fcc8d53-44cb-4faf-b915-5afa0c7529d4: receive RaftClientReply:client-969FB6DA8C9A->4fcc8d53-44cb-4faf-b915-5afa0c7529d4@group-6A615BAE1DD1, cid=2145, SUCCESS, logIndex=3135, commits[4fcc8d53-44cb-4faf-b915-5afa0c7529d4:c3136, 48aa5eb4-709c-4003-adb5-fbc02723cd23:c3134, 609a8cf1-6ad3-4123-b94a-106ad93148a8:c3134]
2019-09-05 09:23:33,270 [grpc-default-executor-3] INFO  client.GrpcClientProtocolClient (GrpcClientProtocolClient.java:onNext(255)) - client-969FB6DA8C9A->4fcc8d53-44cb-4faf-b915-5afa0c7529d4: receive RaftClientReply:client-969FB6DA8C9A->4fcc8d53-44cb-4faf-b915-5afa0c7529d4@group-6A615BAE1DD1, cid=2146, SUCCESS, logIndex=3136, commits[4fcc8d53-44cb-4faf-b915-5afa0c7529d4:c3136, 48aa5eb4-709c-4003-adb5-fbc02723cd23:c3134, 609a8cf1-6ad3-4123-b94a-106ad93148a8:c3134]
2019-09-05 09:23:33,270 | INFO  | DNAudit | user=null | ip=null | op=WRITE_CHUNK {blockData=conID: 1 locID: 102739175882490414 bcsId: 0} | ret=SUCCESS |  
2019-09-05 09:23:33,270 | INFO  | DNAudit | user=null | ip=null | op=PUT_BLOCK {blockData=[blockId=conID: 1 locID: 102739175882490414 bcsId: 0,size=2097152]} | ret=SUCCESS |  
2019-09-05 09:23:33,270 [grpc-default-executor-5] INFO  client.GrpcClientProtocolClient (GrpcClientProtocolClient.java:onNext(255)) - client-969FB6DA8C9A->4fcc8d53-44cb-4faf-b915-5afa0c7529d4: receive RaftClientReply:client-969FB6DA8C9A->4fcc8d53-44cb-4faf-b915-5afa0c7529d4@group-6A615BAE1DD1, cid=2147, SUCCESS, logIndex=3137, commits[4fcc8d53-44cb-4faf-b915-5afa0c7529d4:c3137, 48aa5eb4-709c-4003-adb5-fbc02723cd23:c3134, 609a8cf1-6ad3-4123-b94a-106ad93148a8:c3134]
2019-09-05 09:23:33,271 [grpc-default-executor-5] INFO  client.GrpcClientProtocolClient (GrpcClientProtocolClient.java:onNext(255)) - client-969FB6DA8C9A->4fcc8d53-44cb-4faf-b915-5afa0c7529d4: receive RaftClientReply:client-969FB6DA8C9A->4fcc8d53-44cb-4faf-b915-5afa0c7529d4@group-6A615BAE1DD1, cid=2148, SUCCESS, logIndex=3138, commits[4fcc8d53-44cb-4faf-b915-5afa0c7529d4:c3138, 48aa5eb4-709c-4003-adb5-fbc02723cd23:c3134, 609a8cf1-6ad3-4123-b94a-106ad93148a8:c3134]
2019-09-05 09:23:33,271 | INFO  | DNAudit | user=null | ip=null | op=WRITE_CHUNK {blockData=conID: 1 locID: 102739175882490414 bcsId: 0} | ret=SUCCESS |  
2019-09-05 09:23:33,271 | INFO  | DNAudit | user=null | ip=null | op=PUT_BLOCK {blockData=[blockId=conID: 1 locID: 102739175882490414 bcsId: 0,size=1048576]} | ret=SUCCESS |  
2019-09-05 09:23:33,272 | INFO  | DNAudit | user=null | ip=null | op=WRITE_CHUNK {blockData=conID: 1 locID: 102739175882490414 bcsId: 0} | ret=SUCCESS |  
2019-09-05 09:23:33,272 | INFO  | DNAudit | user=null | ip=null | op=PUT_BLOCK {blockData=[blockId=conID: 1 locID: 102739175882490414 bcsId: 0,size=1048576]} | ret=SUCCESS |  
2019-09-05 09:23:33,272 | INFO  | DNAudit | user=null | ip=null | op=WRITE_CHUNK {blockData=conID: 1 locID: 102739175882490414 bcsId: 0} | ret=SUCCESS |  
2019-09-05 09:23:33,272 [grpc-default-executor-5] INFO  client.GrpcClientProtocolClient (GrpcClientProtocolClient.java:onNext(255)) - client-969FB6DA8C9A->4fcc8d53-44cb-4faf-b915-5afa0c7529d4: receive RaftClientReply:client-969FB6DA8C9A->4fcc8d53-44cb-4faf-b915-5afa0c7529d4@group-6A615BAE1DD1, cid=2149, SUCCESS, logIndex=0, commits[4fcc8d53-44cb-4faf-b915-5afa0c7529d4:c3140, 48aa5eb4-709c-4003-adb5-fbc02723cd23:c3136, 609a8cf1-6ad3-4123-b94a-106ad93148a8:c3136]
2019-09-05 09:23:33,272 | INFO  | DNAudit | user=null | ip=null | op=WRITE_CHUNK {blockData=conID: 1 locID: 102739175882490414 bcsId: 0} | ret=SUCCESS |  
2019-09-05 09:23:33,273 | INFO  | DNAudit | user=null | ip=null | op=PUT_BLOCK {blockData=[blockId=conID: 1 locID: 102739175882490414 bcsId: 0,size=2097152]} | ret=SUCCESS |  
2019-09-05 09:23:33,273 | INFO  | DNAudit | user=null | ip=null | op=PUT_BLOCK {blockData=[blockId=conID: 1 locID: 102739175882490414 bcsId: 0,size=2097152]} | ret=SUCCESS |  
2019-09-05 09:23:33,277 | INFO  | DNAudit | user=null | ip=null | op=WRITE_CHUNK {blockData=conID: 1 locID: 102739175882490414 bcsId: 3138} | ret=SUCCESS |  
2019-09-05 09:23:33,284 | INFO  | DNAudit | user=null | ip=null | op=WRITE_CHUNK {blockData=conID: 1 locID: 102739175882490414 bcsId: 3138} | ret=SUCCESS |  
2019-09-05 09:23:33,285 | INFO  | DNAudit | user=null | ip=null | op=WRITE_CHUNK {blockData=conID: 1 locID: 102739175882490414 bcsId: 3138} | ret=SUCCESS |  
 0.00% |█                                                                                                    |  0/1 Time: 0:00:302019-09-05 09:23:33,395 | INFO  | SCMAudit | user=jenkins1000 | ip=192.168.36.69 | op=SEND_HEARTBEAT {datanodeUUID=48aa5eb4-709c-4003-adb5-fbc02723cd23, command=[]} | ret=SUCCESS |  
2019-09-05 09:23:33,395 | INFO  | SCMAudit | user=jenkins1000 | ip=192.168.36.69 | op=SEND_HEARTBEAT {datanodeUUID=4fcc8d53-44cb-4faf-b915-5afa0c7529d4, command=[]} | ret=SUCCESS |  
2019-09-05 09:23:33,395 | INFO  | SCMAudit | user=jenkins1000 | ip=192.168.36.69 | op=SEND_HEARTBEAT {datanodeUUID=5b6cff60-1414-40d6-b682-781dc5ff3023, command=[]} | ret=SUCCESS |  
2019-09-05 09:23:33,395 | INFO  | SCMAudit | user=jenkins1000 | ip=192.168.36.69 | op=SEND_HEARTBEAT {datanodeUUID=609a8cf1-6ad3-4123-b94a-106ad93148a8, command=[]} | ret=SUCCESS |  
2019-09-05 09:23:33,615 | INFO  | SCMAudit | user=jenkins1000 | ip=192.168.36.69 | op=SEND_HEARTBEAT {datanodeUUID=fe9e29a7-51ad-458f-9e11-f615da290baa, command=[]} | ret=SUCCESS |  
2019-09-05 09:23:33,925 | INFO  | DNAudit | user=null | ip=null | op=WRITE_CHUNK {blockData=conID: 1 locID: 102739175882490414 bcsId: 3138} | ret=SUCCESS |  
2019-09-05 09:23:33,926 | INFO  | DNAudit | user=null | ip=null | op=PUT_BLOCK {blockData=[blockId=conID: 1 locID: 102739175882490414 bcsId: 0,size=3145728]} | ret=SUCCESS |  
2019-09-05 09:23:33,926 [grpc-default-executor-2] INFO  client.GrpcClientProtocolClient (GrpcClientProtocolClient.java:onNext(255)) - client-969FB6DA8C9A->4fcc8d53-44cb-4faf-b915-5afa0c7529d4: receive RaftClientReply:client-969FB6DA8C9A->4fcc8d53-44cb-4faf-b915-5afa0c7529d4@group-6A615BAE1DD1, cid=2150, SUCCESS, logIndex=3143, commits[4fcc8d53-44cb-4faf-b915-5afa0c7529d4:c3144, 48aa5eb4-709c-4003-adb5-fbc02723cd23:c3142, 609a8cf1-6ad3-4123-b94a-106ad93148a8:c3142]
2019-09-05 09:23:33,926 [grpc-default-executor-2] INFO  client.GrpcClientProtocolClient (GrpcClientProtocolClient.java:onNext(255)) - client-969FB6DA8C9A->4fcc8d53-44cb-4faf-b915-5afa0c7529d4: receive RaftClientReply:client-969FB6DA8C9A->4fcc8d53-44cb-4faf-b915-5afa0c7529d4@group-6A615BAE1DD1, cid=2151, SUCCESS, logIndex=3144, commits[4fcc8d53-44cb-4faf-b915-5afa0c7529d4:c3144, 48aa5eb4-709c-4003-adb5-fbc02723cd23:c3142, 609a8cf1-6ad3-4123-b94a-106ad93148a8:c3142]
2019-09-05 09:23:34,075 | INFO  | DNAudit | user=null | ip=null | op=WRITE_CHUNK {blockData=conID: 1 locID: 102739175882490414 bcsId: 3138} | ret=SUCCESS |  
2019-09-05 09:23:34,075 | INFO  | DNAudit | user=null | ip=null | op=WRITE_CHUNK {blockData=conID: 1 locID: 102739175882490414 bcsId: 3138} | ret=SUCCESS |  
2019-09-05 09:23:34,079 | INFO  | DNAudit | user=null | ip=null | op=WRITE_CHUNK {blockData=conID: 1 locID: 102739175882490414 bcsId: 3144} | ret=SUCCESS |  
2019-09-05 09:23:34,081 | INFO  | DNAudit | user=null | ip=null | op=WRITE_CHUNK {blockData=conID: 1 locID: 102739175882490414 bcsId: 3144} | ret=SUCCESS |  
2019-09-05 09:23:34,081 | INFO  | DNAudit | user=null | ip=null | op=WRITE_CHUNK {blockData=conID: 1 locID: 102739175882490414 bcsId: 3144} | ret=SUCCESS |  
2019-09-05 09:23:34,114 | INFO  | DNAudit | user=null | ip=null | op=PUT_BLOCK {blockData=[blockId=conID: 1 locID: 102739175882490414 bcsId: 0,size=3145728]} | ret=SUCCESS |  
2019-09-05 09:23:34,114 | INFO  | DNAudit | user=null | ip=null | op=PUT_BLOCK {blockData=[blockId=conID: 1 locID: 102739175882490414 bcsId: 0,size=3145728]} | ret=SUCCESS |  
2019-09-05 09:23:34,116 | INFO  | DNAudit | user=null | ip=null | op=WRITE_CHUNK {blockData=conID: 1 locID: 102739175882490414 bcsId: 3144} | ret=SUCCESS |  
2019-09-05 09:23:34,117 | INFO  | DNAudit | user=null | ip=null | op=PUT_BLOCK {blockData=[blockId=conID: 1 locID: 102739175882490414 bcsId: 0,size=4194304]} | ret=SUCCESS |  
2019-09-05 09:23:34,117 [grpc-default-executor-2] INFO  client.GrpcClientProtocolClient (GrpcClientProtocolClient.java:onNext(255)) - client-969FB6DA8C9A->4fcc8d53-44cb-4faf-b915-5afa0c7529d4: receive RaftClientReply:client-969FB6DA8C9A->4fcc8d53-44cb-4faf-b915-5afa0c7529d4@group-6A615BAE1DD1, cid=2152, SUCCESS, logIndex=3147, commits[4fcc8d53-44cb-4faf-b915-5afa0c7529d4:c3148, 48aa5eb4-709c-4003-adb5-fbc02723cd23:c3144, 609a8cf1-6ad3-4123-b94a-106ad93148a8:c3145]
2019-09-05 09:23:34,117 [grpc-default-executor-2] INFO  client.GrpcClientProtocolClient (GrpcClientProtocolClient.java:onNext(255)) - client-969FB6DA8C9A->4fcc8d53-44cb-4faf-b915-5afa0c7529d4: receive RaftClientReply:client-969FB6DA8C9A->4fcc8d53-44cb-4faf-b915-5afa0c7529d4@group-6A615BAE1DD1, cid=2153, SUCCESS, logIndex=3148, commits[4fcc8d53-44cb-4faf-b915-5afa0c7529d4:c3148, 48aa5eb4-709c-4003-adb5-fbc02723cd23:c3144, 609a8cf1-6ad3-4123-b94a-106ad93148a8:c3145]
2019-09-05 09:23:34,131 | INFO  | DNAudit | user=null | ip=null | op=WRITE_CHUNK {blockData=conID: 1 locID: 102739175882490414 bcsId: 3144} | ret=SUCCESS |  
2019-09-05 09:23:34,131 | INFO  | DNAudit | user=null | ip=null | op=WRITE_CHUNK {blockData=conID: 1 locID: 102739175882490414 bcsId: 3144} | ret=SUCCESS |  
2019-09-05 09:23:34,132 | INFO  | DNAudit | user=null | ip=null | op=PUT_BLOCK {blockData=[blockId=conID: 1 locID: 102739175882490414 bcsId: 0,size=4194304]} | ret=SUCCESS |  
2019-09-05 09:23:34,132 | INFO  | DNAudit | user=null | ip=null | op=PUT_BLOCK {blockData=[blockId=conID: 1 locID: 102739175882490414 bcsId: 0,size=4194304]} | ret=SUCCESS |  
2019-09-05 09:23:34,132 [grpc-default-executor-2] INFO  client.GrpcClientProtocolClient (GrpcClientProtocolClient.java:onNext(255)) - client-969FB6DA8C9A->4fcc8d53-44cb-4faf-b915-5afa0c7529d4: receive RaftClientReply:client-969FB6DA8C9A->4fcc8d53-44cb-4faf-b915-5afa0c7529d4@group-6A615BAE1DD1, cid=2154, SUCCESS, logIndex=0, commits[4fcc8d53-44cb-4faf-b915-5afa0c7529d4:c3149, 48aa5eb4-709c-4003-adb5-fbc02723cd23:c3148, 609a8cf1-6ad3-4123-b94a-106ad93148a8:c3148]
2019-09-05 09:23:34,136 | INFO  | SCMAudit | user=jenkins1000 | ip=192.168.36.69 | op=ALLOCATE_BLOCK {owner=5cf4fcf6-c517-45f4-af25-2fff646d8883, size=4194304, type=RATIS, factor=THREE} | ret=SUCCESS |  
2019-09-05 09:23:34,138 | INFO  | OMAudit | user=jenkins1000 | ip=127.0.0.1 | op=ALLOCATE_BLOCK {volume=vol-0-13331, bucket=bucket-0-43606, key=key-0-76526, dataSize=0, replicationType=null, replicationFactor=null, keyLocationInfo=null, clientID=102739173903106450} | ret=SUCCESS |  
2019-09-05 09:23:34,144 | INFO  | DNAudit | user=null | ip=null | op=WRITE_CHUNK {blockData=conID: 2 locID: 102739175940817455 bcsId: 0} | ret=SUCCESS |  
2019-09-05 09:23:34,146 | INFO  | DNAudit | user=null | ip=null | op=WRITE_CHUNK {blockData=conID: 2 locID: 102739175940817455 bcsId: 0} | ret=SUCCESS |  
2019-09-05 09:23:34,146 | INFO  | DNAudit | user=null | ip=null | op=WRITE_CHUNK {blockData=conID: 2 locID: 102739175940817455 bcsId: 0} | ret=SUCCESS |  
2019-09-05 09:23:34,147 | INFO  | DNAudit | user=null | ip=null | op=WRITE_CHUNK {blockData=conID: 2 locID: 102739175940817455 bcsId: 0} | ret=SUCCESS |  
2019-09-05 09:23:34,148 | INFO  | DNAudit | user=null | ip=null | op=WRITE_CHUNK {blockData=conID: 2 locID: 102739175940817455 bcsId: 0} | ret=SUCCESS |  
2019-09-05 09:23:34,148 | INFO  | DNAudit | user=null | ip=null | op=WRITE_CHUNK {blockData=conID: 2 locID: 102739175940817455 bcsId: 0} | ret=SUCCESS |  
2019-09-05 09:23:34,176 | INFO  | DNAudit | user=null | ip=null | op=WRITE_CHUNK {blockData=conID: 2 locID: 102739175940817455 bcsId: 0} | ret=SUCCESS |  
2019-09-05 09:23:34,176 | INFO  | DNAudit | user=null | ip=null | op=PUT_BLOCK {blockData=[blockId=conID: 2 locID: 102739175940817455 bcsId: 0,size=1048576]} | ret=SUCCESS |  
2019-09-05 09:23:34,176 | INFO  | DNAudit | user=null | ip=null | op=WRITE_CHUNK {blockData=conID: 2 locID: 102739175940817455 bcsId: 0} | ret=SUCCESS |  
2019-09-05 09:23:34,176 [grpc-default-executor-5] INFO  client.GrpcClientProtocolClient (GrpcClientProtocolClient.java:onNext(255)) - client-969FB6DA8C9A->4fcc8d53-44cb-4faf-b915-5afa0c7529d4: receive RaftClientReply:client-969FB6DA8C9A->4fcc8d53-44cb-4faf-b915-5afa0c7529d4@group-6A615BAE1DD1, cid=2155, SUCCESS, logIndex=3151, commits[4fcc8d53-44cb-4faf-b915-5afa0c7529d4:c3152, 48aa5eb4-709c-4003-adb5-fbc02723cd23:c3150, 609a8cf1-6ad3-4123-b94a-106ad93148a8:c3150]
2019-09-05 09:23:34,177 | INFO  | DNAudit | user=null | ip=null | op=PUT_BLOCK {blockData=[blockId=conID: 2 locID: 102739175940817455 bcsId: 0,size=2097152]} | ret=SUCCESS |  
2019-09-05 09:23:34,177 [grpc-default-executor-5] INFO  client.GrpcClientProtocolClient (GrpcClientProtocolClient.java:onNext(255)) - client-969FB6DA8C9A->4fcc8d53-44cb-4faf-b915-5afa0c7529d4: receive RaftClientReply:client-969FB6DA8C9A->4fcc8d53-44cb-4faf-b915-5afa0c7529d4@group-6A615BAE1DD1, cid=2156, SUCCESS, logIndex=3152, commits[4fcc8d53-44cb-4faf-b915-5afa0c7529d4:c3153, 48aa5eb4-709c-4003-adb5-fbc02723cd23:c3150, 609a8cf1-6ad3-4123-b94a-106ad93148a8:c3150]
2019-09-05 09:23:34,177 [grpc-default-executor-5] INFO  client.GrpcClientProtocolClient (GrpcClientProtocolClient.java:onNext(255)) - client-969FB6DA8C9A->4fcc8d53-44cb-4faf-b915-5afa0c7529d4: receive RaftClientReply:client-969FB6DA8C9A->4fcc8d53-44cb-4faf-b915-5afa0c7529d4@group-6A615BAE1DD1, cid=2157, SUCCESS, logIndex=3153, commits[4fcc8d53-44cb-4faf-b915-5afa0c7529d4:c3154, 48aa5eb4-709c-4003-adb5-fbc02723cd23:c3150, 609a8cf1-6ad3-4123-b94a-106ad93148a8:c3150]
2019-09-05 09:23:34,178 [grpc-default-executor-5] INFO  client.GrpcClientProtocolClient (GrpcClientProtocolClient.java:onNext(255)) - client-969FB6DA8C9A->4fcc8d53-44cb-4faf-b915-5afa0c7529d4: receive RaftClientReply:client-969FB6DA8C9A->4fcc8d53-44cb-4faf-b915-5afa0c7529d4@group-6A615BAE1DD1, cid=2158, SUCCESS, logIndex=3154, commits[4fcc8d53-44cb-4faf-b915-5afa0c7529d4:c3154, 48aa5eb4-709c-4003-adb5-fbc02723cd23:c3150, 609a8cf1-6ad3-4123-b94a-106ad93148a8:c3150]
2019-09-05 09:23:34,192 | INFO  | DNAudit | user=null | ip=null | op=WRITE_CHUNK {blockData=conID: 2 locID: 102739175940817455 bcsId: 0} | ret=SUCCESS |  
2019-09-05 09:23:34,192 | INFO  | DNAudit | user=null | ip=null | op=WRITE_CHUNK {blockData=conID: 2 locID: 102739175940817455 bcsId: 0} | ret=SUCCESS |  
2019-09-05 09:23:34,192 | INFO  | DNAudit | user=null | ip=null | op=PUT_BLOCK {blockData=[blockId=conID: 2 locID: 102739175940817455 bcsId: 0,size=1048576]} | ret=SUCCESS |  
2019-09-05 09:23:34,192 | INFO  | DNAudit | user=null | ip=null | op=WRITE_CHUNK {blockData=conID: 2 locID: 102739175940817455 bcsId: 0} | ret=SUCCESS |  
2019-09-05 09:23:34,212 | INFO  | DNAudit | user=null | ip=null | op=PUT_BLOCK {blockData=[blockId=conID: 2 locID: 102739175940817455 bcsId: 0,size=2097152]} | ret=SUCCESS |  
2019-09-05 09:23:34,212 | INFO  | DNAudit | user=null | ip=null | op=PUT_BLOCK {blockData=[blockId=conID: 2 locID: 102739175940817455 bcsId: 0,size=1048576]} | ret=SUCCESS |  
2019-09-05 09:23:34,212 | INFO  | DNAudit | user=null | ip=null | op=WRITE_CHUNK {blockData=conID: 2 locID: 102739175940817455 bcsId: 0} | ret=SUCCESS |  
2019-09-05 09:23:34,212 [grpc-default-executor-5] INFO  client.GrpcClientProtocolClient (GrpcClientProtocolClient.java:onNext(255)) - client-969FB6DA8C9A->4fcc8d53-44cb-4faf-b915-5afa0c7529d4: receive RaftClientReply:client-969FB6DA8C9A->4fcc8d53-44cb-4faf-b915-5afa0c7529d4@group-6A615BAE1DD1, cid=2159, SUCCESS, logIndex=0, commits[4fcc8d53-44cb-4faf-b915-5afa0c7529d4:c3157, 48aa5eb4-709c-4003-adb5-fbc02723cd23:c3153, 609a8cf1-6ad3-4123-b94a-106ad93148a8:c3152]
2019-09-05 09:23:34,212 | INFO  | DNAudit | user=null | ip=null | op=PUT_BLOCK {blockData=[blockId=conID: 2 locID: 102739175940817455 bcsId: 0,size=2097152]} | ret=SUCCESS |  
2019-09-05 09:23:34,218 | INFO  | DNAudit | user=null | ip=null | op=WRITE_CHUNK {blockData=conID: 2 locID: 102739175940817455 bcsId: 3154} | ret=SUCCESS |  
2019-09-05 09:23:34,220 | INFO  | DNAudit | user=null | ip=null | op=WRITE_CHUNK {blockData=conID: 2 locID: 102739175940817455 bcsId: 3154} | ret=SUCCESS |  
2019-09-05 09:23:34,220 | INFO  | DNAudit | user=null | ip=null | op=WRITE_CHUNK {blockData=conID: 2 locID: 102739175940817455 bcsId: 3154} | ret=SUCCESS |  
2019-09-05 09:23:34,230 | INFO  | DNAudit | user=null | ip=null | op=WRITE_CHUNK {blockData=conID: 2 locID: 102739175940817455 bcsId: 3154} | ret=SUCCESS |  
2019-09-05 09:23:34,230 | INFO  | DNAudit | user=null | ip=null | op=PUT_BLOCK {blockData=[blockId=conID: 2 locID: 102739175940817455 bcsId: 0,size=3145728]} | ret=SUCCESS |  
2019-09-05 09:23:34,231 [grpc-default-executor-5] INFO  client.GrpcClientProtocolClient (GrpcClientProtocolClient.java:onNext(255)) - client-969FB6DA8C9A->4fcc8d53-44cb-4faf-b915-5afa0c7529d4: receive RaftClientReply:client-969FB6DA8C9A->4fcc8d53-44cb-4faf-b915-5afa0c7529d4@group-6A615BAE1DD1, cid=2160, SUCCESS, logIndex=3159, commits[4fcc8d53-44cb-4faf-b915-5afa0c7529d4:c3160, 48aa5eb4-709c-4003-adb5-fbc02723cd23:c3158, 609a8cf1-6ad3-4123-b94a-106ad93148a8:c3158]
2019-09-05 09:23:34,231 [grpc-default-executor-5] INFO  client.GrpcClientProtocolClient (GrpcClientProtocolClient.java:onNext(255)) - client-969FB6DA8C9A->4fcc8d53-44cb-4faf-b915-5afa0c7529d4: receive RaftClientReply:client-969FB6DA8C9A->4fcc8d53-44cb-4faf-b915-5afa0c7529d4@group-6A615BAE1DD1, cid=2161, SUCCESS, logIndex=3160, commits[4fcc8d53-44cb-4faf-b915-5afa0c7529d4:c3160, 48aa5eb4-709c-4003-adb5-fbc02723cd23:c3158, 609a8cf1-6ad3-4123-b94a-106ad93148a8:c3158]
2019-09-05 09:23:34,237 | INFO  | DNAudit | user=null | ip=null | op=WRITE_CHUNK {blockData=conID: 2 locID: 102739175940817455 bcsId: 3160} | ret=SUCCESS |  
2019-09-05 09:23:34,239 | INFO  | DNAudit | user=null | ip=null | op=WRITE_CHUNK {blockData=conID: 2 locID: 102739175940817455 bcsId: 3160} | ret=SUCCESS |  
2019-09-05 09:23:34,239 | INFO  | DNAudit | user=null | ip=null | op=WRITE_CHUNK {blockData=conID: 2 locID: 102739175940817455 bcsId: 3160} | ret=SUCCESS |  
2019-09-05 09:23:34,248 | INFO  | DNAudit | user=null | ip=null | op=WRITE_CHUNK {blockData=conID: 2 locID: 102739175940817455 bcsId: 3154} | ret=SUCCESS |  
2019-09-05 09:23:34,248 | INFO  | DNAudit | user=null | ip=null | op=WRITE_CHUNK {blockData=conID: 2 locID: 102739175940817455 bcsId: 3154} | ret=SUCCESS |  
2019-09-05 09:23:34,249 | INFO  | DNAudit | user=null | ip=null | op=PUT_BLOCK {blockData=[blockId=conID: 2 locID: 102739175940817455 bcsId: 0,size=3145728]} | ret=SUCCESS |  
2019-09-05 09:23:34,249 | INFO  | DNAudit | user=null | ip=null | op=PUT_BLOCK {blockData=[blockId=conID: 2 locID: 102739175940817455 bcsId: 0,size=3145728]} | ret=SUCCESS |  
2019-09-05 09:23:34,250 | INFO  | DNAudit | user=null | ip=null | op=WRITE_CHUNK {blockData=conID: 2 locID: 102739175940817455 bcsId: 3160} | ret=SUCCESS |  
2019-09-05 09:23:34,250 | INFO  | DNAudit | user=null | ip=null | op=PUT_BLOCK {blockData=[blockId=conID: 2 locID: 102739175940817455 bcsId: 0,size=4194304]} | ret=SUCCESS |  
2019-09-05 09:23:34,250 [grpc-default-executor-3] INFO  client.GrpcClientProtocolClient (GrpcClientProtocolClient.java:onNext(255)) - client-969FB6DA8C9A->4fcc8d53-44cb-4faf-b915-5afa0c7529d4: receive RaftClientReply:client-969FB6DA8C9A->4fcc8d53-44cb-4faf-b915-5afa0c7529d4@group-6A615BAE1DD1, cid=2162, SUCCESS, logIndex=3163, commits[4fcc8d53-44cb-4faf-b915-5afa0c7529d4:c3164, 48aa5eb4-709c-4003-adb5-fbc02723cd23:c3160, 609a8cf1-6ad3-4123-b94a-106ad93148a8:c3160]
2019-09-05 09:23:34,251 [grpc-default-executor-3] INFO  client.GrpcClientProtocolClient (GrpcClientProtocolClient.java:onNext(255)) - client-969FB6DA8C9A->4fcc8d53-44cb-4faf-b915-5afa0c7529d4: receive RaftClientReply:client-969FB6DA8C9A->4fcc8d53-44cb-4faf-b915-5afa0c7529d4@group-6A615BAE1DD1, cid=2163, SUCCESS, logIndex=3164, commits[4fcc8d53-44cb-4faf-b915-5afa0c7529d4:c3164, 48aa5eb4-709c-4003-adb5-fbc02723cd23:c3160, 609a8cf1-6ad3-4123-b94a-106ad93148a8:c3160]
2019-09-05 09:23:34,278 | INFO  | DNAudit | user=null | ip=null | op=WRITE_CHUNK {blockData=conID: 2 locID: 102739175940817455 bcsId: 3160} | ret=SUCCESS |  
2019-09-05 09:23:34,278 | INFO  | DNAudit | user=null | ip=null | op=WRITE_CHUNK {blockData=conID: 2 locID: 102739175940817455 bcsId: 3160} | ret=SUCCESS |  
2019-09-05 09:23:34,279 | INFO  | DNAudit | user=null | ip=null | op=PUT_BLOCK {blockData=[blockId=conID: 2 locID: 102739175940817455 bcsId: 0,size=4194304]} | ret=SUCCESS |  
2019-09-05 09:23:34,279 | INFO  | DNAudit | user=null | ip=null | op=PUT_BLOCK {blockData=[blockId=conID: 2 locID: 102739175940817455 bcsId: 0,size=4194304]} | ret=SUCCESS |  
2019-09-05 09:23:34,279 [grpc-default-executor-4] INFO  client.GrpcClientProtocolClient (GrpcClientProtocolClient.java:onNext(255)) - client-969FB6DA8C9A->4fcc8d53-44cb-4faf-b915-5afa0c7529d4: receive RaftClientReply:client-969FB6DA8C9A->4fcc8d53-44cb-4faf-b915-5afa0c7529d4@group-6A615BAE1DD1, cid=2164, SUCCESS, logIndex=0, commits[4fcc8d53-44cb-4faf-b915-5afa0c7529d4:c3166, 48aa5eb4-709c-4003-adb5-fbc02723cd23:c3164, 609a8cf1-6ad3-4123-b94a-106ad93148a8:c3164]
2019-09-05 09:23:34,285 | INFO  | SCMAudit | user=jenkins1000 | ip=192.168.36.69 | op=ALLOCATE_BLOCK {owner=5cf4fcf6-c517-45f4-af25-2fff646d8883, size=4194304, type=RATIS, factor=THREE} | ret=SUCCESS |  
2019-09-05 09:23:34,290 | INFO  | OMAudit | user=jenkins1000 | ip=127.0.0.1 | op=ALLOCATE_BLOCK {volume=vol-0-13331, bucket=bucket-0-43606, key=key-0-76526, dataSize=0, replicationType=null, replicationFactor=null, keyLocationInfo=null, clientID=102739173903106450} | ret=SUCCESS |  
2019-09-05 09:23:34,297 | INFO  | DNAudit | user=null | ip=null | op=WRITE_CHUNK {blockData=conID: 3 locID: 102739175950582320 bcsId: 0} | ret=SUCCESS |  
2019-09-05 09:23:34,299 | INFO  | DNAudit | user=null | ip=null | op=WRITE_CHUNK {blockData=conID: 3 locID: 102739175950582320 bcsId: 0} | ret=SUCCESS |  
2019-09-05 09:23:34,301 | INFO  | DNAudit | user=null | ip=null | op=WRITE_CHUNK {blockData=conID: 3 locID: 102739175950582320 bcsId: 0} | ret=SUCCESS |  
2019-09-05 09:23:34,301 | INFO  | DNAudit | user=null | ip=null | op=WRITE_CHUNK {blockData=conID: 3 locID: 102739175950582320 bcsId: 0} | ret=SUCCESS |  
2019-09-05 09:23:34,303 | INFO  | DNAudit | user=null | ip=null | op=WRITE_CHUNK {blockData=conID: 3 locID: 102739175950582320 bcsId: 0} | ret=SUCCESS |  
2019-09-05 09:23:34,303 | INFO  | DNAudit | user=null | ip=null | op=WRITE_CHUNK {blockData=conID: 3 locID: 102739175950582320 bcsId: 0} | ret=SUCCESS |  
2019-09-05 09:23:34,311 | INFO  | DNAudit | user=null | ip=null | op=WRITE_CHUNK {blockData=conID: 3 locID: 102739175950582320 bcsId: 0} | ret=SUCCESS |  
2019-09-05 09:23:34,312 | INFO  | DNAudit | user=null | ip=null | op=PUT_BLOCK {blockData=[blockId=conID: 3 locID: 102739175950582320 bcsId: 0,size=1048576]} | ret=SUCCESS |  
2019-09-05 09:23:34,312 [grpc-default-executor-3] INFO  client.GrpcClientProtocolClient (GrpcClientProtocolClient.java:onNext(255)) - client-969FB6DA8C9A->4fcc8d53-44cb-4faf-b915-5afa0c7529d4: receive RaftClientReply:client-969FB6DA8C9A->4fcc8d53-44cb-4faf-b915-5afa0c7529d4@group-6A615BAE1DD1, cid=2165, SUCCESS, logIndex=3167, commits[4fcc8d53-44cb-4faf-b915-5afa0c7529d4:c3168, 48aa5eb4-709c-4003-adb5-fbc02723cd23:c3166, 609a8cf1-6ad3-4123-b94a-106ad93148a8:c3166]
2019-09-05 09:23:34,312 [grpc-default-executor-3] INFO  client.GrpcClientProtocolClient (GrpcClientProtocolClient.java:onNext(255)) - client-969FB6DA8C9A->4fcc8d53-44cb-4faf-b915-5afa0c7529d4: receive RaftClientReply:client-969FB6DA8C9A->4fcc8d53-44cb-4faf-b915-5afa0c7529d4@group-6A615BAE1DD1, cid=2166, SUCCESS, logIndex=3168, commits[4fcc8d53-44cb-4faf-b915-5afa0c7529d4:c3168, 48aa5eb4-709c-4003-adb5-fbc02723cd23:c3166, 609a8cf1-6ad3-4123-b94a-106ad93148a8:c3166]
2019-09-05 09:23:34,316 | INFO  | DNAudit | user=null | ip=null | op=WRITE_CHUNK {blockData=conID: 3 locID: 102739175950582320 bcsId: 0} | ret=SUCCESS |  
2019-09-05 09:23:34,317 | INFO  | DNAudit | user=null | ip=null | op=PUT_BLOCK {blockData=[blockId=conID: 3 locID: 102739175950582320 bcsId: 0,size=2097152]} | ret=SUCCESS |  
2019-09-05 09:23:34,317 [grpc-default-executor-4] INFO  client.GrpcClientProtocolClient (GrpcClientProtocolClient.java:onNext(255)) - client-969FB6DA8C9A->4fcc8d53-44cb-4faf-b915-5afa0c7529d4: receive RaftClientReply:client-969FB6DA8C9A->4fcc8d53-44cb-4faf-b915-5afa0c7529d4@group-6A615BAE1DD1, cid=2167, SUCCESS, logIndex=3169, commits[4fcc8d53-44cb-4faf-b915-5afa0c7529d4:c3170, 48aa5eb4-709c-4003-adb5-fbc02723cd23:c3166, 609a8cf1-6ad3-4123-b94a-106ad93148a8:c3166]
2019-09-05 09:23:34,317 [grpc-default-executor-4] INFO  client.GrpcClientProtocolClient (GrpcClientProtocolClient.java:onNext(255)) - client-969FB6DA8C9A->4fcc8d53-44cb-4faf-b915-5afa0c7529d4: receive RaftClientReply:client-969FB6DA8C9A->4fcc8d53-44cb-4faf-b915-5afa0c7529d4@group-6A615BAE1DD1, cid=2168, SUCCESS, logIndex=3170, commits[4fcc8d53-44cb-4faf-b915-5afa0c7529d4:c3170, 48aa5eb4-709c-4003-adb5-fbc02723cd23:c3166, 609a8cf1-6ad3-4123-b94a-106ad93148a8:c3166]
2019-09-05 09:23:34,318 | INFO  | DNAudit | user=null | ip=null | op=WRITE_CHUNK {blockData=conID: 3 locID: 102739175950582320 bcsId: 0} | ret=SUCCESS |  
2019-09-05 09:23:34,318 | INFO  | DNAudit | user=null | ip=null | op=PUT_BLOCK {blockData=[blockId=conID: 3 locID: 102739175950582320 bcsId: 0,size=1048576]} | ret=SUCCESS |  
2019-09-05 09:23:34,319 | INFO  | DNAudit | user=null | ip=null | op=WRITE_CHUNK {blockData=conID: 3 locID: 102739175950582320 bcsId: 0} | ret=SUCCESS |  
2019-09-05 09:23:34,319 | INFO  | DNAudit | user=null | ip=null | op=PUT_BLOCK {blockData=[blockId=conID: 3 locID: 102739175950582320 bcsId: 0,size=1048576]} | ret=SUCCESS |  
2019-09-05 09:23:34,319 | INFO  | DNAudit | user=null | ip=null | op=WRITE_CHUNK {blockData=conID: 3 locID: 102739175950582320 bcsId: 0} | ret=SUCCESS |  
2019-09-05 09:23:34,319 | INFO  | DNAudit | user=null | ip=null | op=PUT_BLOCK {blockData=[blockId=conID: 3 locID: 102739175950582320 bcsId: 0,size=2097152]} | ret=SUCCESS |  
2019-09-05 09:23:34,319 | INFO  | DNAudit | user=null | ip=null | op=WRITE_CHUNK {blockData=conID: 3 locID: 102739175950582320 bcsId: 0} | ret=SUCCESS |  
2019-09-05 09:23:34,320 | INFO  | DNAudit | user=null | ip=null | op=PUT_BLOCK {blockData=[blockId=conID: 3 locID: 102739175950582320 bcsId: 0,size=2097152]} | ret=SUCCESS |  
2019-09-05 09:23:34,320 [grpc-default-executor-4] INFO  client.GrpcClientProtocolClient (GrpcClientProtocolClient.java:onNext(255)) - client-969FB6DA8C9A->4fcc8d53-44cb-4faf-b915-5afa0c7529d4: receive RaftClientReply:client-969FB6DA8C9A->4fcc8d53-44cb-4faf-b915-5afa0c7529d4@group-6A615BAE1DD1, cid=2169, SUCCESS, logIndex=0, commits[4fcc8d53-44cb-4faf-b915-5afa0c7529d4:c3172, 48aa5eb4-709c-4003-adb5-fbc02723cd23:c3168, 609a8cf1-6ad3-4123-b94a-106ad93148a8:c3168]
2019-09-05 09:23:34,326 | INFO  | DNAudit | user=null | ip=null | op=WRITE_CHUNK {blockData=conID: 3 locID: 102739175950582320 bcsId: 3170} | ret=SUCCESS |  
2019-09-05 09:23:34,328 | INFO  | DNAudit | user=null | ip=null | op=WRITE_CHUNK {blockData=conID: 3 locID: 102739175950582320 bcsId: 3170} | ret=SUCCESS |  
2019-09-05 09:23:34,328 | INFO  | DNAudit | user=null | ip=null | op=WRITE_CHUNK {blockData=conID: 3 locID: 102739175950582320 bcsId: 3170} | ret=SUCCESS |  
2019-09-05 09:23:34,348 | INFO  | DNAudit | user=null | ip=null | op=WRITE_CHUNK {blockData=conID: 3 locID: 102739175950582320 bcsId: 3170} | ret=SUCCESS |  
2019-09-05 09:23:34,348 | INFO  | DNAudit | user=null | ip=null | op=PUT_BLOCK {blockData=[blockId=conID: 3 locID: 102739175950582320 bcsId: 0,size=3145728]} | ret=SUCCESS |  
2019-09-05 09:23:34,349 [grpc-default-executor-5] INFO  client.GrpcClientProtocolClient (GrpcClientProtocolClient.java:onNext(255)) - client-969FB6DA8C9A->4fcc8d53-44cb-4faf-b915-5afa0c7529d4: receive RaftClientReply:client-969FB6DA8C9A->4fcc8d53-44cb-4faf-b915-5afa0c7529d4@group-6A615BAE1DD1, cid=2170, SUCCESS, logIndex=3175, commits[4fcc8d53-44cb-4faf-b915-5afa0c7529d4:c3176, 48aa5eb4-709c-4003-adb5-fbc02723cd23:c3174, 609a8cf1-6ad3-4123-b94a-106ad93148a8:c3174]
2019-09-05 09:23:34,349 [grpc-default-executor-5] INFO  client.GrpcClientProtocolClient (GrpcClientProtocolClient.java:onNext(255)) - client-969FB6DA8C9A->4fcc8d53-44cb-4faf-b915-5afa0c7529d4: receive RaftClientReply:client-969FB6DA8C9A->4fcc8d53-44cb-4faf-b915-5afa0c7529d4@group-6A615BAE1DD1, cid=2171, SUCCESS, logIndex=3176, commits[4fcc8d53-44cb-4faf-b915-5afa0c7529d4:c3176, 48aa5eb4-709c-4003-adb5-fbc02723cd23:c3174, 609a8cf1-6ad3-4123-b94a-106ad93148a8:c3174]
2019-09-05 09:23:34,355 | INFO  | DNAudit | user=null | ip=null | op=WRITE_CHUNK {blockData=conID: 3 locID: 102739175950582320 bcsId: 3176} | ret=SUCCESS |  
2019-09-05 09:23:34,358 | INFO  | DNAudit | user=null | ip=null | op=WRITE_CHUNK {blockData=conID: 3 locID: 102739175950582320 bcsId: 3176} | ret=SUCCESS |  
2019-09-05 09:23:34,358 | INFO  | DNAudit | user=null | ip=null | op=WRITE_CHUNK {blockData=conID: 3 locID: 102739175950582320 bcsId: 3176} | ret=SUCCESS |  
2019-09-05 09:23:34,393 | INFO  | SCMAudit | user=jenkins1000 | ip=192.168.36.69 | op=SEND_HEARTBEAT {datanodeUUID=609a8cf1-6ad3-4123-b94a-106ad93148a8, command=[]} | ret=SUCCESS |  
 0.00% |█                                                                                                    |  0/1 Time: 0:00:312019-09-05 09:23:34,395 | INFO  | SCMAudit | user=jenkins1000 | ip=192.168.36.69 | op=SEND_HEARTBEAT {datanodeUUID=4fcc8d53-44cb-4faf-b915-5afa0c7529d4, command=[]} | ret=SUCCESS |  
2019-09-05 09:23:34,395 | INFO  | SCMAudit | user=jenkins1000 | ip=192.168.36.69 | op=SEND_HEARTBEAT {datanodeUUID=5b6cff60-1414-40d6-b682-781dc5ff3023, command=[]} | ret=SUCCESS |  
2019-09-05 09:23:34,395 | INFO  | SCMAudit | user=jenkins1000 | ip=192.168.36.69 | op=SEND_HEARTBEAT {datanodeUUID=48aa5eb4-709c-4003-adb5-fbc02723cd23, command=[]} | ret=SUCCESS |  
2019-09-05 09:23:34,414 | INFO  | DNAudit | user=null | ip=null | op=WRITE_CHUNK {blockData=conID: 3 locID: 102739175950582320 bcsId: 3170} | ret=SUCCESS |  
2019-09-05 09:23:34,414 | INFO  | DNAudit | user=null | ip=null | op=WRITE_CHUNK {blockData=conID: 3 locID: 102739175950582320 bcsId: 3170} | ret=SUCCESS |  
2019-09-05 09:23:34,415 | INFO  | DNAudit | user=null | ip=null | op=PUT_BLOCK {blockData=[blockId=conID: 3 locID: 102739175950582320 bcsId: 0,size=3145728]} | ret=SUCCESS |  
2019-09-05 09:23:34,415 | INFO  | DNAudit | user=null | ip=null | op=WRITE_CHUNK {blockData=conID: 3 locID: 102739175950582320 bcsId: 3176} | ret=SUCCESS |  
2019-09-05 09:23:34,416 | INFO  | DNAudit | user=null | ip=null | op=PUT_BLOCK {blockData=[blockId=conID: 3 locID: 102739175950582320 bcsId: 0,size=3145728]} | ret=SUCCESS |  
2019-09-05 09:23:34,416 | INFO  | DNAudit | user=null | ip=null | op=PUT_BLOCK {blockData=[blockId=conID: 3 locID: 102739175950582320 bcsId: 0,size=4194304]} | ret=SUCCESS |  
2019-09-05 09:23:34,416 [grpc-default-executor-5] INFO  client.GrpcClientProtocolClient (GrpcClientProtocolClient.java:onNext(255)) - client-969FB6DA8C9A->4fcc8d53-44cb-4faf-b915-5afa0c7529d4: receive RaftClientReply:client-969FB6DA8C9A->4fcc8d53-44cb-4faf-b915-5afa0c7529d4@group-6A615BAE1DD1, cid=2172, SUCCESS, logIndex=3179, commits[4fcc8d53-44cb-4faf-b915-5afa0c7529d4:c3180, 48aa5eb4-709c-4003-adb5-fbc02723cd23:c3176, 609a8cf1-6ad3-4123-b94a-106ad93148a8:c3175]
2019-09-05 09:23:34,416 [grpc-default-executor-5] INFO  client.GrpcClientProtocolClient (GrpcClientProtocolClient.java:onNext(255)) - client-969FB6DA8C9A->4fcc8d53-44cb-4faf-b915-5afa0c7529d4: receive RaftClientReply:client-969FB6DA8C9A->4fcc8d53-44cb-4faf-b915-5afa0c7529d4@group-6A615BAE1DD1, cid=2173, SUCCESS, logIndex=3180, commits[4fcc8d53-44cb-4faf-b915-5afa0c7529d4:c3180, 48aa5eb4-709c-4003-adb5-fbc02723cd23:c3176, 609a8cf1-6ad3-4123-b94a-106ad93148a8:c3176]
2019-09-05 09:23:34,466 | INFO  | DNAudit | user=null | ip=null | op=WRITE_CHUNK {blockData=conID: 3 locID: 102739175950582320 bcsId: 3176} | ret=SUCCESS |  
2019-09-05 09:23:34,466 | INFO  | DNAudit | user=null | ip=null | op=WRITE_CHUNK {blockData=conID: 3 locID: 102739175950582320 bcsId: 3176} | ret=SUCCESS |  
2019-09-05 09:23:34,467 | INFO  | DNAudit | user=null | ip=null | op=PUT_BLOCK {blockData=[blockId=conID: 3 locID: 102739175950582320 bcsId: 0,size=4194304]} | ret=SUCCESS |  
2019-09-05 09:23:34,467 | INFO  | DNAudit | user=null | ip=null | op=PUT_BLOCK {blockData=[blockId=conID: 3 locID: 102739175950582320 bcsId: 0,size=4194304]} | ret=SUCCESS |  
2019-09-05 09:23:34,468 [grpc-default-executor-3] INFO  client.GrpcClientProtocolClient (GrpcClientProtocolClient.java:onNext(255)) - client-969FB6DA8C9A->4fcc8d53-44cb-4faf-b915-5afa0c7529d4: receive RaftClientReply:client-969FB6DA8C9A->4fcc8d53-44cb-4faf-b915-5afa0c7529d4@group-6A615BAE1DD1, cid=2174, SUCCESS, logIndex=0, commits[4fcc8d53-44cb-4faf-b915-5afa0c7529d4:c3182, 48aa5eb4-709c-4003-adb5-fbc02723cd23:c3180, 609a8cf1-6ad3-4123-b94a-106ad93148a8:c3180]
2019-09-05 09:23:34,473 | INFO  | SCMAudit | user=jenkins1000 | ip=192.168.36.69 | op=ALLOCATE_BLOCK {owner=5cf4fcf6-c517-45f4-af25-2fff646d8883, size=4194304, type=RATIS, factor=THREE} | ret=SUCCESS |  
2019-09-05 09:23:34,476 | INFO  | OMAudit | user=jenkins1000 | ip=127.0.0.1 | op=ALLOCATE_BLOCK {volume=vol-0-13331, bucket=bucket-0-43606, key=key-0-76526, dataSize=0, replicationType=null, replicationFactor=null, keyLocationInfo=null, clientID=102739173903106450} | ret=SUCCESS |  
2019-09-05 09:23:34,483 | INFO  | DNAudit | user=null | ip=null | op=WRITE_CHUNK {blockData=conID: 1 locID: 102739175962903089 bcsId: 0} | ret=SUCCESS |  
2019-09-05 09:23:34,486 | INFO  | DNAudit | user=null | ip=null | op=WRITE_CHUNK {blockData=conID: 1 locID: 102739175962903089 bcsId: 0} | ret=SUCCESS |  
2019-09-05 09:23:34,488 | INFO  | DNAudit | user=null | ip=null | op=WRITE_CHUNK {blockData=conID: 1 locID: 102739175962903089 bcsId: 0} | ret=SUCCESS |  
2019-09-05 09:23:34,489 | INFO  | DNAudit | user=null | ip=null | op=WRITE_CHUNK {blockData=conID: 1 locID: 102739175962903089 bcsId: 0} | ret=SUCCESS |  
2019-09-05 09:23:34,490 | INFO  | DNAudit | user=null | ip=null | op=WRITE_CHUNK {blockData=conID: 1 locID: 102739175962903089 bcsId: 0} | ret=SUCCESS |  
2019-09-05 09:23:34,490 | INFO  | DNAudit | user=null | ip=null | op=WRITE_CHUNK {blockData=conID: 1 locID: 102739175962903089 bcsId: 0} | ret=SUCCESS |  
2019-09-05 09:23:34,519 | INFO  | DNAudit | user=null | ip=null | op=WRITE_CHUNK {blockData=conID: 1 locID: 102739175962903089 bcsId: 0} | ret=SUCCESS |  
2019-09-05 09:23:34,519 | INFO  | DNAudit | user=null | ip=null | op=PUT_BLOCK {blockData=[blockId=conID: 1 locID: 102739175962903089 bcsId: 0,size=1048576]} | ret=SUCCESS |  
2019-09-05 09:23:34,519 | INFO  | DNAudit | user=null | ip=null | op=WRITE_CHUNK {blockData=conID: 1 locID: 102739175962903089 bcsId: 0} | ret=SUCCESS |  
2019-09-05 09:23:34,519 [grpc-default-executor-5] INFO  client.GrpcClientProtocolClient (GrpcClientProtocolClient.java:onNext(255)) - client-969FB6DA8C9A->4fcc8d53-44cb-4faf-b915-5afa0c7529d4: receive RaftClientReply:client-969FB6DA8C9A->4fcc8d53-44cb-4faf-b915-5afa0c7529d4@group-6A615BAE1DD1, cid=2175, SUCCESS, logIndex=3183, commits[4fcc8d53-44cb-4faf-b915-5afa0c7529d4:c3184, 48aa5eb4-709c-4003-adb5-fbc02723cd23:c3182, 609a8cf1-6ad3-4123-b94a-106ad93148a8:c3182]
2019-09-05 09:23:34,520 | INFO  | DNAudit | user=null | ip=null | op=PUT_BLOCK {blockData=[blockId=conID: 1 locID: 102739175962903089 bcsId: 0,size=2097152]} | ret=SUCCESS |  
2019-09-05 09:23:34,520 [grpc-default-executor-5] INFO  client.GrpcClientProtocolClient (GrpcClientProtocolClient.java:onNext(255)) - client-969FB6DA8C9A->4fcc8d53-44cb-4faf-b915-5afa0c7529d4: receive RaftClientReply:client-969FB6DA8C9A->4fcc8d53-44cb-4faf-b915-5afa0c7529d4@group-6A615BAE1DD1, cid=2176, SUCCESS, logIndex=3184, commits[4fcc8d53-44cb-4faf-b915-5afa0c7529d4:c3186, 48aa5eb4-709c-4003-adb5-fbc02723cd23:c3182, 609a8cf1-6ad3-4123-b94a-106ad93148a8:c3182]
2019-09-05 09:23:34,520 [grpc-default-executor-5] INFO  client.GrpcClientProtocolClient (GrpcClientProtocolClient.java:onNext(255)) - client-969FB6DA8C9A->4fcc8d53-44cb-4faf-b915-5afa0c7529d4: receive RaftClientReply:client-969FB6DA8C9A->4fcc8d53-44cb-4faf-b915-5afa0c7529d4@group-6A615BAE1DD1, cid=2177, SUCCESS, logIndex=3185, commits[4fcc8d53-44cb-4faf-b915-5afa0c7529d4:c3186, 48aa5eb4-709c-4003-adb5-fbc02723cd23:c3182, 609a8cf1-6ad3-4123-b94a-106ad93148a8:c3182]
2019-09-05 09:23:34,520 [grpc-default-executor-5] INFO  client.GrpcClientProtocolClient (GrpcClientProtocolClient.java:onNext(255)) - client-969FB6DA8C9A->4fcc8d53-44cb-4faf-b915-5afa0c7529d4: receive RaftClientReply:client-969FB6DA8C9A->4fcc8d53-44cb-4faf-b915-5afa0c7529d4@group-6A615BAE1DD1, cid=2178, SUCCESS, logIndex=3186, commits[4fcc8d53-44cb-4faf-b915-5afa0c7529d4:c3186, 48aa5eb4-709c-4003-adb5-fbc02723cd23:c3182, 609a8cf1-6ad3-4123-b94a-106ad93148a8:c3182]
2019-09-05 09:23:34,551 | INFO  | DNAudit | user=null | ip=null | op=WRITE_CHUNK {blockData=conID: 1 locID: 102739175962903089 bcsId: 0} | ret=SUCCESS |  
2019-09-05 09:23:34,551 | INFO  | DNAudit | user=null | ip=null | op=PUT_BLOCK {blockData=[blockId=conID: 1 locID: 102739175962903089 bcsId: 0,size=1048576]} | ret=SUCCESS |  
2019-09-05 09:23:34,561 | INFO  | DNAudit | user=null | ip=null | op=WRITE_CHUNK {blockData=conID: 1 locID: 102739175962903089 bcsId: 0} | ret=SUCCESS |  
2019-09-05 09:23:34,561 | INFO  | DNAudit | user=null | ip=null | op=WRITE_CHUNK {blockData=conID: 1 locID: 102739175962903089 bcsId: 0} | ret=SUCCESS |  
2019-09-05 09:23:34,561 | INFO  | DNAudit | user=null | ip=null | op=PUT_BLOCK {blockData=[blockId=conID: 1 locID: 102739175962903089 bcsId: 0,size=1048576]} | ret=SUCCESS |  
2019-09-05 09:23:34,561 | INFO  | DNAudit | user=null | ip=null | op=PUT_BLOCK {blockData=[blockId=conID: 1 locID: 102739175962903089 bcsId: 0,size=2097152]} | ret=SUCCESS |  
2019-09-05 09:23:34,562 | INFO  | DNAudit | user=null | ip=null | op=WRITE_CHUNK {blockData=conID: 1 locID: 102739175962903089 bcsId: 0} | ret=SUCCESS |  
2019-09-05 09:23:34,562 | INFO  | DNAudit | user=null | ip=null | op=PUT_BLOCK {blockData=[blockId=conID: 1 locID: 102739175962903089 bcsId: 0,size=2097152]} | ret=SUCCESS |  
2019-09-05 09:23:34,562 [grpc-default-executor-3] INFO  client.GrpcClientProtocolClient (GrpcClientProtocolClient.java:onNext(255)) - client-969FB6DA8C9A->4fcc8d53-44cb-4faf-b915-5afa0c7529d4: receive RaftClientReply:client-969FB6DA8C9A->4fcc8d53-44cb-4faf-b915-5afa0c7529d4@group-6A615BAE1DD1, cid=2179, SUCCESS, logIndex=0, commits[4fcc8d53-44cb-4faf-b915-5afa0c7529d4:c3187, 48aa5eb4-709c-4003-adb5-fbc02723cd23:c3184, 609a8cf1-6ad3-4123-b94a-106ad93148a8:c3184]
2019-09-05 09:23:34,567 | INFO  | DNAudit | user=null | ip=null | op=WRITE_CHUNK {blockData=conID: 1 locID: 102739175962903089 bcsId: 3186} | ret=SUCCESS |  
2019-09-05 09:23:34,569 | INFO  | DNAudit | user=null | ip=null | op=WRITE_CHUNK {blockData=conID: 1 locID: 102739175962903089 bcsId: 3186} | ret=SUCCESS |  
2019-09-05 09:23:34,569 | INFO  | DNAudit | user=null | ip=null | op=WRITE_CHUNK {blockData=conID: 1 locID: 102739175962903089 bcsId: 3186} | ret=SUCCESS |  
2019-09-05 09:23:34,595 | INFO  | DNAudit | user=null | ip=null | op=WRITE_CHUNK {blockData=conID: 1 locID: 102739175962903089 bcsId: 3186} | ret=SUCCESS |  
2019-09-05 09:23:34,595 | INFO  | DNAudit | user=null | ip=null | op=PUT_BLOCK {blockData=[blockId=conID: 1 locID: 102739175962903089 bcsId: 0,size=3145728]} | ret=SUCCESS |  
2019-09-05 09:23:34,595 [grpc-default-executor-3] INFO  client.GrpcClientProtocolClient (GrpcClientProtocolClient.java:onNext(255)) - client-969FB6DA8C9A->4fcc8d53-44cb-4faf-b915-5afa0c7529d4: receive RaftClientReply:client-969FB6DA8C9A->4fcc8d53-44cb-4faf-b915-5afa0c7529d4@group-6A615BAE1DD1, cid=2180, SUCCESS, logIndex=3191, commits[4fcc8d53-44cb-4faf-b915-5afa0c7529d4:c3192, 48aa5eb4-709c-4003-adb5-fbc02723cd23:c3190, 609a8cf1-6ad3-4123-b94a-106ad93148a8:c3190]
2019-09-05 09:23:34,596 [grpc-default-executor-3] INFO  client.GrpcClientProtocolClient (GrpcClientProtocolClient.java:onNext(255)) - client-969FB6DA8C9A->4fcc8d53-44cb-4faf-b915-5afa0c7529d4: receive RaftClientReply:client-969FB6DA8C9A->4fcc8d53-44cb-4faf-b915-5afa0c7529d4@group-6A615BAE1DD1, cid=2181, SUCCESS, logIndex=3192, commits[4fcc8d53-44cb-4faf-b915-5afa0c7529d4:c3192, 48aa5eb4-709c-4003-adb5-fbc02723cd23:c3190, 609a8cf1-6ad3-4123-b94a-106ad93148a8:c3190]
2019-09-05 09:23:34,601 | INFO  | DNAudit | user=null | ip=null | op=WRITE_CHUNK {blockData=conID: 1 locID: 102739175962903089 bcsId: 3192} | ret=SUCCESS |  
2019-09-05 09:23:34,603 | INFO  | DNAudit | user=null | ip=null | op=WRITE_CHUNK {blockData=conID: 1 locID: 102739175962903089 bcsId: 3192} | ret=SUCCESS |  
2019-09-05 09:23:34,603 | INFO  | DNAudit | user=null | ip=null | op=WRITE_CHUNK {blockData=conID: 1 locID: 102739175962903089 bcsId: 3192} | ret=SUCCESS |  
2019-09-05 09:23:34,615 | INFO  | SCMAudit | user=jenkins1000 | ip=192.168.36.69 | op=SEND_HEARTBEAT {datanodeUUID=fe9e29a7-51ad-458f-9e11-f615da290baa, command=[]} | ret=SUCCESS |  
2019-09-05 09:23:34,616 | INFO  | DNAudit | user=null | ip=null | op=WRITE_CHUNK {blockData=conID: 1 locID: 102739175962903089 bcsId: 3186} | ret=SUCCESS |  
2019-09-05 09:23:34,616 | INFO  | DNAudit | user=null | ip=null | op=WRITE_CHUNK {blockData=conID: 1 locID: 102739175962903089 bcsId: 3186} | ret=SUCCESS |  
2019-09-05 09:23:34,616 | INFO  | DNAudit | user=null | ip=null | op=PUT_BLOCK {blockData=[blockId=conID: 1 locID: 102739175962903089 bcsId: 0,size=3145728]} | ret=SUCCESS |  
2019-09-05 09:23:34,616 | INFO  | DNAudit | user=null | ip=null | op=PUT_BLOCK {blockData=[blockId=conID: 1 locID: 102739175962903089 bcsId: 0,size=3145728]} | ret=SUCCESS |  
2019-09-05 09:23:34,617 | INFO  | DNAudit | user=null | ip=null | op=WRITE_CHUNK {blockData=conID: 1 locID: 102739175962903089 bcsId: 3192} | ret=SUCCESS |  
2019-09-05 09:23:34,618 | INFO  | DNAudit | user=null | ip=null | op=PUT_BLOCK {blockData=[blockId=conID: 1 locID: 102739175962903089 bcsId: 0,size=4194304]} | ret=SUCCESS |  
2019-09-05 09:23:34,618 [grpc-default-executor-4] INFO  client.GrpcClientProtocolClient (GrpcClientProtocolClient.java:onNext(255)) - client-969FB6DA8C9A->4fcc8d53-44cb-4faf-b915-5afa0c7529d4: receive RaftClientReply:client-969FB6DA8C9A->4fcc8d53-44cb-4faf-b915-5afa0c7529d4@group-6A615BAE1DD1, cid=2182, SUCCESS, logIndex=3195, commits[4fcc8d53-44cb-4faf-b915-5afa0c7529d4:c3195, 48aa5eb4-709c-4003-adb5-fbc02723cd23:c3192, 609a8cf1-6ad3-4123-b94a-106ad93148a8:c3192]
2019-09-05 09:23:34,618 [grpc-default-executor-4] INFO  client.GrpcClientProtocolClient (GrpcClientProtocolClient.java:onNext(255)) - client-969FB6DA8C9A->4fcc8d53-44cb-4faf-b915-5afa0c7529d4: receive RaftClientReply:client-969FB6DA8C9A->4fcc8d53-44cb-4faf-b915-5afa0c7529d4@group-6A615BAE1DD1, cid=2183, SUCCESS, logIndex=3196, commits[4fcc8d53-44cb-4faf-b915-5afa0c7529d4:c3196, 48aa5eb4-709c-4003-adb5-fbc02723cd23:c3192, 609a8cf1-6ad3-4123-b94a-106ad93148a8:c3192]
2019-09-05 09:23:34,630 | INFO  | DNAudit | user=null | ip=null | op=WRITE_CHUNK {blockData=conID: 1 locID: 102739175962903089 bcsId: 3192} | ret=SUCCESS |  
2019-09-05 09:23:34,630 | INFO  | DNAudit | user=null | ip=null | op=WRITE_CHUNK {blockData=conID: 1 locID: 102739175962903089 bcsId: 3192} | ret=SUCCESS |  
2019-09-05 09:23:34,632 | INFO  | DNAudit | user=null | ip=null | op=PUT_BLOCK {blockData=[blockId=conID: 1 locID: 102739175962903089 bcsId: 0,size=4194304]} | ret=SUCCESS |  
2019-09-05 09:23:34,632 | INFO  | DNAudit | user=null | ip=null | op=PUT_BLOCK {blockData=[blockId=conID: 1 locID: 102739175962903089 bcsId: 0,size=4194304]} | ret=SUCCESS |  
2019-09-05 09:23:34,632 [grpc-default-executor-3] INFO  client.GrpcClientProtocolClient (GrpcClientProtocolClient.java:onNext(255)) - client-969FB6DA8C9A->4fcc8d53-44cb-4faf-b915-5afa0c7529d4: receive RaftClientReply:client-969FB6DA8C9A->4fcc8d53-44cb-4faf-b915-5afa0c7529d4@group-6A615BAE1DD1, cid=2184, SUCCESS, logIndex=0, commits[4fcc8d53-44cb-4faf-b915-5afa0c7529d4:c3198, 48aa5eb4-709c-4003-adb5-fbc02723cd23:c3196, 609a8cf1-6ad3-4123-b94a-106ad93148a8:c3196]
2019-09-05 09:23:34,636 | INFO  | SCMAudit | user=jenkins1000 | ip=192.168.36.69 | op=ALLOCATE_BLOCK {owner=5cf4fcf6-c517-45f4-af25-2fff646d8883, size=4194304, type=RATIS, factor=THREE} | ret=SUCCESS |  
2019-09-05 09:23:34,638 | INFO  | OMAudit | user=jenkins1000 | ip=127.0.0.1 | op=ALLOCATE_BLOCK {volume=vol-0-13331, bucket=bucket-0-43606, key=key-0-76526, dataSize=0, replicationType=null, replicationFactor=null, keyLocationInfo=null, clientID=102739173903106450} | ret=SUCCESS |  
2019-09-05 09:23:34,644 | INFO  | DNAudit | user=null | ip=null | op=WRITE_CHUNK {blockData=conID: 2 locID: 102739175973585458 bcsId: 0} | ret=SUCCESS |  
2019-09-05 09:23:34,646 | INFO  | DNAudit | user=null | ip=null | op=WRITE_CHUNK {blockData=conID: 2 locID: 102739175973585458 bcsId: 0} | ret=SUCCESS |  
2019-09-05 09:23:34,646 | INFO  | DNAudit | user=null | ip=null | op=WRITE_CHUNK {blockData=conID: 2 locID: 102739175973585458 bcsId: 0} | ret=SUCCESS |  
2019-09-05 09:23:34,646 | INFO  | DNAudit | user=null | ip=null | op=WRITE_CHUNK {blockData=conID: 2 locID: 102739175973585458 bcsId: 0} | ret=SUCCESS |  
2019-09-05 09:23:34,647 | INFO  | DNAudit | user=null | ip=null | op=WRITE_CHUNK {blockData=conID: 2 locID: 102739175973585458 bcsId: 0} | ret=SUCCESS |  
2019-09-05 09:23:34,647 | INFO  | DNAudit | user=null | ip=null | op=WRITE_CHUNK {blockData=conID: 2 locID: 102739175973585458 bcsId: 0} | ret=SUCCESS |  
2019-09-05 09:23:34,681 | INFO  | DNAudit | user=null | ip=null | op=WRITE_CHUNK {blockData=conID: 2 locID: 102739175973585458 bcsId: 0} | ret=SUCCESS |  
2019-09-05 09:23:34,682 | INFO  | DNAudit | user=null | ip=null | op=PUT_BLOCK {blockData=[blockId=conID: 2 locID: 102739175973585458 bcsId: 0,size=1048576]} | ret=SUCCESS |  
2019-09-05 09:23:34,682 [grpc-default-executor-3] INFO  client.GrpcClientProtocolClient (GrpcClientProtocolClient.java:onNext(255)) - client-969FB6DA8C9A->4fcc8d53-44cb-4faf-b915-5afa0c7529d4: receive RaftClientReply:client-969FB6DA8C9A->4fcc8d53-44cb-4faf-b915-5afa0c7529d4@group-6A615BAE1DD1, cid=2185, SUCCESS, logIndex=3199, commits[4fcc8d53-44cb-4faf-b915-5afa0c7529d4:c3202, 48aa5eb4-709c-4003-adb5-fbc02723cd23:c3198, 609a8cf1-6ad3-4123-b94a-106ad93148a8:c3198]
2019-09-05 09:23:34,683 | INFO  | DNAudit | user=null | ip=null | op=WRITE_CHUNK {blockData=conID: 2 locID: 102739175973585458 bcsId: 0} | ret=SUCCESS |  
2019-09-05 09:23:34,683 [grpc-default-executor-3] INFO  client.GrpcClientProtocolClient (GrpcClientProtocolClient.java:onNext(255)) - client-969FB6DA8C9A->4fcc8d53-44cb-4faf-b915-5afa0c7529d4: receive RaftClientReply:client-969FB6DA8C9A->4fcc8d53-44cb-4faf-b915-5afa0c7529d4@group-6A615BAE1DD1, cid=2186, SUCCESS, logIndex=3200, commits[4fcc8d53-44cb-4faf-b915-5afa0c7529d4:c3202, 48aa5eb4-709c-4003-adb5-fbc02723cd23:c3198, 609a8cf1-6ad3-4123-b94a-106ad93148a8:c3198]
2019-09-05 09:23:34,683 | INFO  | DNAudit | user=null | ip=null | op=PUT_BLOCK {blockData=[blockId=conID: 2 locID: 102739175973585458 bcsId: 0,size=2097152]} | ret=SUCCESS |  
2019-09-05 09:23:34,683 [grpc-default-executor-3] INFO  client.GrpcClientProtocolClient (GrpcClientProtocolClient.java:onNext(255)) - client-969FB6DA8C9A->4fcc8d53-44cb-4faf-b915-5afa0c7529d4: receive RaftClientReply:client-969FB6DA8C9A->4fcc8d53-44cb-4faf-b915-5afa0c7529d4@group-6A615BAE1DD1, cid=2187, SUCCESS, logIndex=3201, commits[4fcc8d53-44cb-4faf-b915-5afa0c7529d4:c3202, 48aa5eb4-709c-4003-adb5-fbc02723cd23:c3198, 609a8cf1-6ad3-4123-b94a-106ad93148a8:c3198]
2019-09-05 09:23:34,684 [grpc-default-executor-3] INFO  client.GrpcClientProtocolClient (GrpcClientProtocolClient.java:onNext(255)) - client-969FB6DA8C9A->4fcc8d53-44cb-4faf-b915-5afa0c7529d4: receive RaftClientReply:client-969FB6DA8C9A->4fcc8d53-44cb-4faf-b915-5afa0c7529d4@group-6A615BAE1DD1, cid=2188, SUCCESS, logIndex=3202, commits[4fcc8d53-44cb-4faf-b915-5afa0c7529d4:c3202, 48aa5eb4-709c-4003-adb5-fbc02723cd23:c3198, 609a8cf1-6ad3-4123-b94a-106ad93148a8:c3198]
2019-09-05 09:23:34,702 | INFO  | DNAudit | user=null | ip=null | op=WRITE_CHUNK {blockData=conID: 2 locID: 102739175973585458 bcsId: 0} | ret=SUCCESS |  
2019-09-05 09:23:34,703 | INFO  | DNAudit | user=null | ip=null | op=PUT_BLOCK {blockData=[blockId=conID: 2 locID: 102739175973585458 bcsId: 0,size=1048576]} | ret=SUCCESS |  
2019-09-05 09:23:34,703 | INFO  | DNAudit | user=null | ip=null | op=WRITE_CHUNK {blockData=conID: 2 locID: 102739175973585458 bcsId: 0} | ret=SUCCESS |  
2019-09-05 09:23:34,703 | INFO  | DNAudit | user=null | ip=null | op=PUT_BLOCK {blockData=[blockId=conID: 2 locID: 102739175973585458 bcsId: 0,size=1048576]} | ret=SUCCESS |  
2019-09-05 09:23:34,704 | INFO  | DNAudit | user=null | ip=null | op=WRITE_CHUNK {blockData=conID: 2 locID: 102739175973585458 bcsId: 0} | ret=SUCCESS |  
2019-09-05 09:23:34,704 | INFO  | DNAudit | user=null | ip=null | op=PUT_BLOCK {blockData=[blockId=conID: 2 locID: 102739175973585458 bcsId: 0,size=2097152]} | ret=SUCCESS |  
2019-09-05 09:23:34,704 [grpc-default-executor-3] INFO  client.GrpcClientProtocolClient (GrpcClientProtocolClient.java:onNext(255)) - client-969FB6DA8C9A->4fcc8d53-44cb-4faf-b915-5afa0c7529d4: receive RaftClientReply:client-969FB6DA8C9A->4fcc8d53-44cb-4faf-b915-5afa0c7529d4@group-6A615BAE1DD1, cid=2189, SUCCESS, logIndex=0, commits[4fcc8d53-44cb-4faf-b915-5afa0c7529d4:c3203, 48aa5eb4-709c-4003-adb5-fbc02723cd23:c3200, 609a8cf1-6ad3-4123-b94a-106ad93148a8:c3200]
2019-09-05 09:23:34,704 | INFO  | DNAudit | user=null | ip=null | op=WRITE_CHUNK {blockData=conID: 2 locID: 102739175973585458 bcsId: 0} | ret=SUCCESS |  
2019-09-05 09:23:34,704 | INFO  | DNAudit | user=null | ip=null | op=PUT_BLOCK {blockData=[blockId=conID: 2 locID: 102739175973585458 bcsId: 0,size=2097152]} | ret=SUCCESS |  
2019-09-05 09:23:34,711 | INFO  | DNAudit | user=null | ip=null | op=WRITE_CHUNK {blockData=conID: 2 locID: 102739175973585458 bcsId: 3202} | ret=SUCCESS |  
2019-09-05 09:23:34,712 | INFO  | DNAudit | user=null | ip=null | op=WRITE_CHUNK {blockData=conID: 2 locID: 102739175973585458 bcsId: 3202} | ret=SUCCESS |  
2019-09-05 09:23:34,712 | INFO  | DNAudit | user=null | ip=null | op=WRITE_CHUNK {blockData=conID: 2 locID: 102739175973585458 bcsId: 3202} | ret=SUCCESS |  
2019-09-05 09:23:34,728 | INFO  | DNAudit | user=null | ip=null | op=WRITE_CHUNK {blockData=conID: 2 locID: 102739175973585458 bcsId: 3202} | ret=SUCCESS |  
2019-09-05 09:23:34,728 | INFO  | DNAudit | user=null | ip=null | op=PUT_BLOCK {blockData=[blockId=conID: 2 locID: 102739175973585458 bcsId: 0,size=3145728]} | ret=SUCCESS |  
2019-09-05 09:23:34,728 [grpc-default-executor-3] INFO  client.GrpcClientProtocolClient (GrpcClientProtocolClient.java:onNext(255)) - client-969FB6DA8C9A->4fcc8d53-44cb-4faf-b915-5afa0c7529d4: receive RaftClientReply:client-969FB6DA8C9A->4fcc8d53-44cb-4faf-b915-5afa0c7529d4@group-6A615BAE1DD1, cid=2190, SUCCESS, logIndex=3207, commits[4fcc8d53-44cb-4faf-b915-5afa0c7529d4:c3208, 48aa5eb4-709c-4003-adb5-fbc02723cd23:c3206, 609a8cf1-6ad3-4123-b94a-106ad93148a8:c3206]
2019-09-05 09:23:34,729 [grpc-default-executor-3] INFO  client.GrpcClientProtocolClient (GrpcClientProtocolClient.java:onNext(255)) - client-969FB6DA8C9A->4fcc8d53-44cb-4faf-b915-5afa0c7529d4: receive RaftClientReply:client-969FB6DA8C9A->4fcc8d53-44cb-4faf-b915-5afa0c7529d4@group-6A615BAE1DD1, cid=2191, SUCCESS, logIndex=3208, commits[4fcc8d53-44cb-4faf-b915-5afa0c7529d4:c3208, 48aa5eb4-709c-4003-adb5-fbc02723cd23:c3206, 609a8cf1-6ad3-4123-b94a-106ad93148a8:c3206]
2019-09-05 09:23:34,735 | INFO  | DNAudit | user=null | ip=null | op=WRITE_CHUNK {blockData=conID: 2 locID: 102739175973585458 bcsId: 3208} | ret=SUCCESS |  
2019-09-05 09:23:34,737 | INFO  | DNAudit | user=null | ip=null | op=WRITE_CHUNK {blockData=conID: 2 locID: 102739175973585458 bcsId: 3208} | ret=SUCCESS |  
2019-09-05 09:23:34,738 | INFO  | DNAudit | user=null | ip=null | op=WRITE_CHUNK {blockData=conID: 2 locID: 102739175973585458 bcsId: 3208} | ret=SUCCESS |  
2019-09-05 09:23:34,749 | INFO  | DNAudit | user=null | ip=null | op=WRITE_CHUNK {blockData=conID: 2 locID: 102739175973585458 bcsId: 3202} | ret=SUCCESS |  
2019-09-05 09:23:34,749 | INFO  | DNAudit | user=null | ip=null | op=WRITE_CHUNK {blockData=conID: 2 locID: 102739175973585458 bcsId: 3202} | ret=SUCCESS |  
2019-09-05 09:23:34,751 | INFO  | DNAudit | user=null | ip=null | op=PUT_BLOCK {blockData=[blockId=conID: 2 locID: 102739175973585458 bcsId: 0,size=3145728]} | ret=SUCCESS |  
2019-09-05 09:23:34,751 | INFO  | DNAudit | user=null | ip=null | op=PUT_BLOCK {blockData=[blockId=conID: 2 locID: 102739175973585458 bcsId: 0,size=3145728]} | ret=SUCCESS |  
2019-09-05 09:23:34,751 | INFO  | DNAudit | user=null | ip=null | op=WRITE_CHUNK {blockData=conID: 2 locID: 102739175973585458 bcsId: 3208} | ret=SUCCESS |  
2019-09-05 09:23:34,751 | INFO  | DNAudit | user=null | ip=null | op=PUT_BLOCK {blockData=[blockId=conID: 2 locID: 102739175973585458 bcsId: 0,size=4194304]} | ret=SUCCESS |  
2019-09-05 09:23:34,751 [grpc-default-executor-4] INFO  client.GrpcClientProtocolClient (GrpcClientProtocolClient.java:onNext(255)) - client-969FB6DA8C9A->4fcc8d53-44cb-4faf-b915-5afa0c7529d4: receive RaftClientReply:client-969FB6DA8C9A->4fcc8d53-44cb-4faf-b915-5afa0c7529d4@group-6A615BAE1DD1, cid=2192, SUCCESS, logIndex=3211, commits[4fcc8d53-44cb-4faf-b915-5afa0c7529d4:c3211, 48aa5eb4-709c-4003-adb5-fbc02723cd23:c3208, 609a8cf1-6ad3-4123-b94a-106ad93148a8:c3208]
2019-09-05 09:23:34,752 [grpc-default-executor-4] INFO  client.GrpcClientProtocolClient (GrpcClientProtocolClient.java:onNext(255)) - client-969FB6DA8C9A->4fcc8d53-44cb-4faf-b915-5afa0c7529d4: receive RaftClientReply:client-969FB6DA8C9A->4fcc8d53-44cb-4faf-b915-5afa0c7529d4@group-6A615BAE1DD1, cid=2193, SUCCESS, logIndex=3212, commits[4fcc8d53-44cb-4faf-b915-5afa0c7529d4:c3212, 48aa5eb4-709c-4003-adb5-fbc02723cd23:c3208, 609a8cf1-6ad3-4123-b94a-106ad93148a8:c3208]
2019-09-05 09:23:34,785 | INFO  | DNAudit | user=null | ip=null | op=WRITE_CHUNK {blockData=conID: 2 locID: 102739175973585458 bcsId: 3208} | ret=SUCCESS |  
2019-09-05 09:23:34,785 | INFO  | DNAudit | user=null | ip=null | op=WRITE_CHUNK {blockData=conID: 2 locID: 102739175973585458 bcsId: 3208} | ret=SUCCESS |  
2019-09-05 09:23:34,786 | INFO  | DNAudit | user=null | ip=null | op=PUT_BLOCK {blockData=[blockId=conID: 2 locID: 102739175973585458 bcsId: 0,size=4194304]} | ret=SUCCESS |  
2019-09-05 09:23:34,786 | INFO  | DNAudit | user=null | ip=null | op=PUT_BLOCK {blockData=[blockId=conID: 2 locID: 102739175973585458 bcsId: 0,size=4194304]} | ret=SUCCESS |  
2019-09-05 09:23:34,787 [grpc-default-executor-4] INFO  client.GrpcClientProtocolClient (GrpcClientProtocolClient.java:onNext(255)) - client-969FB6DA8C9A->4fcc8d53-44cb-4faf-b915-5afa0c7529d4: receive RaftClientReply:client-969FB6DA8C9A->4fcc8d53-44cb-4faf-b915-5afa0c7529d4@group-6A615BAE1DD1, cid=2194, SUCCESS, logIndex=0, commits[4fcc8d53-44cb-4faf-b915-5afa0c7529d4:c3214, 48aa5eb4-709c-4003-adb5-fbc02723cd23:c3212, 609a8cf1-6ad3-4123-b94a-106ad93148a8:c3212]
2019-09-05 09:23:34,792 | INFO  | SCMAudit | user=jenkins1000 | ip=192.168.36.69 | op=ALLOCATE_BLOCK {owner=5cf4fcf6-c517-45f4-af25-2fff646d8883, size=4194304, type=RATIS, factor=THREE} | ret=SUCCESS |  
2019-09-05 09:23:34,796 | INFO  | OMAudit | user=jenkins1000 | ip=127.0.0.1 | op=ALLOCATE_BLOCK {volume=vol-0-13331, bucket=bucket-0-43606, key=key-0-76526, dataSize=0, replicationType=null, replicationFactor=null, keyLocationInfo=null, clientID=102739173903106450} | ret=SUCCESS |  
2019-09-05 09:23:34,802 | INFO  | DNAudit | user=null | ip=null | op=WRITE_CHUNK {blockData=conID: 3 locID: 102739175983809075 bcsId: 0} | ret=SUCCESS |  
2019-09-05 09:23:34,805 | INFO  | DNAudit | user=null | ip=null | op=WRITE_CHUNK {blockData=conID: 3 locID: 102739175983809075 bcsId: 0} | ret=SUCCESS |  
2019-09-05 09:23:34,805 | INFO  | DNAudit | user=null | ip=null | op=WRITE_CHUNK {blockData=conID: 3 locID: 102739175983809075 bcsId: 0} | ret=SUCCESS |  
2019-09-05 09:23:34,805 | INFO  | DNAudit | user=null | ip=null | op=WRITE_CHUNK {blockData=conID: 3 locID: 102739175983809075 bcsId: 0} | ret=SUCCESS |  
2019-09-05 09:23:34,807 | INFO  | DNAudit | user=null | ip=null | op=WRITE_CHUNK {blockData=conID: 3 locID: 102739175983809075 bcsId: 0} | ret=SUCCESS |  
2019-09-05 09:23:34,808 | INFO  | DNAudit | user=null | ip=null | op=WRITE_CHUNK {blockData=conID: 3 locID: 102739175983809075 bcsId: 0} | ret=SUCCESS |  
2019-09-05 09:23:34,810 | INFO  | DNAudit | user=null | ip=null | op=WRITE_CHUNK {blockData=conID: 3 locID: 102739175983809075 bcsId: 0} | ret=SUCCESS |  
2019-09-05 09:23:34,810 | INFO  | DNAudit | user=null | ip=null | op=PUT_BLOCK {blockData=[blockId=conID: 3 locID: 102739175983809075 bcsId: 0,size=1048576]} | ret=SUCCESS |  
2019-09-05 09:23:34,810 [grpc-default-executor-4] INFO  client.GrpcClientProtocolClient (GrpcClientProtocolClient.java:onNext(255)) - client-969FB6DA8C9A->4fcc8d53-44cb-4faf-b915-5afa0c7529d4: receive RaftClientReply:client-969FB6DA8C9A->4fcc8d53-44cb-4faf-b915-5afa0c7529d4@group-6A615BAE1DD1, cid=2195, SUCCESS, logIndex=3215, commits[4fcc8d53-44cb-4faf-b915-5afa0c7529d4:c3216, 48aa5eb4-709c-4003-adb5-fbc02723cd23:c3212, 609a8cf1-6ad3-4123-b94a-106ad93148a8:c3214]
2019-09-05 09:23:34,810 | INFO  | DNAudit | user=null | ip=null | op=WRITE_CHUNK {blockData=conID: 3 locID: 102739175983809075 bcsId: 0} | ret=SUCCESS |  
2019-09-05 09:23:34,811 | INFO  | DNAudit | user=null | ip=null | op=PUT_BLOCK {blockData=[blockId=conID: 3 locID: 102739175983809075 bcsId: 0,size=2097152]} | ret=SUCCESS |  
2019-09-05 09:23:34,811 [grpc-default-executor-4] INFO  client.GrpcClientProtocolClient (GrpcClientProtocolClient.java:onNext(255)) - client-969FB6DA8C9A->4fcc8d53-44cb-4faf-b915-5afa0c7529d4: receive RaftClientReply:client-969FB6DA8C9A->4fcc8d53-44cb-4faf-b915-5afa0c7529d4@group-6A615BAE1DD1, cid=2196, SUCCESS, logIndex=3216, commits[4fcc8d53-44cb-4faf-b915-5afa0c7529d4:c3218, 48aa5eb4-709c-4003-adb5-fbc02723cd23:c3214, 609a8cf1-6ad3-4123-b94a-106ad93148a8:c3214]
2019-09-05 09:23:34,811 [grpc-default-executor-4] INFO  client.GrpcClientProtocolClient (GrpcClientProtocolClient.java:onNext(255)) - client-969FB6DA8C9A->4fcc8d53-44cb-4faf-b915-5afa0c7529d4: receive RaftClientReply:client-969FB6DA8C9A->4fcc8d53-44cb-4faf-b915-5afa0c7529d4@group-6A615BAE1DD1, cid=2197, SUCCESS, logIndex=3217, commits[4fcc8d53-44cb-4faf-b915-5afa0c7529d4:c3218, 48aa5eb4-709c-4003-adb5-fbc02723cd23:c3214, 609a8cf1-6ad3-4123-b94a-106ad93148a8:c3214]
2019-09-05 09:23:34,811 [grpc-default-executor-4] INFO  client.GrpcClientProtocolClient (GrpcClientProtocolClient.java:onNext(255)) - client-969FB6DA8C9A->4fcc8d53-44cb-4faf-b915-5afa0c7529d4: receive RaftClientReply:client-969FB6DA8C9A->4fcc8d53-44cb-4faf-b915-5afa0c7529d4@group-6A615BAE1DD1, cid=2198, SUCCESS, logIndex=3218, commits[4fcc8d53-44cb-4faf-b915-5afa0c7529d4:c3218, 48aa5eb4-709c-4003-adb5-fbc02723cd23:c3214, 609a8cf1-6ad3-4123-b94a-106ad93148a8:c3214]
2019-09-05 09:23:34,828 | INFO  | DNAudit | user=null | ip=null | op=WRITE_CHUNK {blockData=conID: 3 locID: 102739175983809075 bcsId: 0} | ret=SUCCESS |  
2019-09-05 09:23:34,828 | INFO  | DNAudit | user=null | ip=null | op=PUT_BLOCK {blockData=[blockId=conID: 3 locID: 102739175983809075 bcsId: 0,size=1048576]} | ret=SUCCESS |  
2019-09-05 09:23:34,828 | INFO  | DNAudit | user=null | ip=null | op=WRITE_CHUNK {blockData=conID: 3 locID: 102739175983809075 bcsId: 0} | ret=SUCCESS |  
2019-09-05 09:23:34,829 | INFO  | DNAudit | user=null | ip=null | op=PUT_BLOCK {blockData=[blockId=conID: 3 locID: 102739175983809075 bcsId: 0,size=1048576]} | ret=SUCCESS |  
2019-09-05 09:23:34,829 [grpc-default-executor-4] INFO  client.GrpcClientProtocolClient (GrpcClientProtocolClient.java:onNext(255)) - client-969FB6DA8C9A->4fcc8d53-44cb-4faf-b915-5afa0c7529d4: receive RaftClientReply:client-969FB6DA8C9A->4fcc8d53-44cb-4faf-b915-5afa0c7529d4@group-6A615BAE1DD1, cid=2199, SUCCESS, logIndex=0, commits[4fcc8d53-44cb-4faf-b915-5afa0c7529d4:c3219, 48aa5eb4-709c-4003-adb5-fbc02723cd23:c3216, 609a8cf1-6ad3-4123-b94a-106ad93148a8:c3216]
2019-09-05 09:23:34,829 | INFO  | DNAudit | user=null | ip=null | op=WRITE_CHUNK {blockData=conID: 3 locID: 102739175983809075 bcsId: 0} | ret=SUCCESS |  
2019-09-05 09:23:34,830 | INFO  | DNAudit | user=null | ip=null | op=PUT_BLOCK {blockData=[blockId=conID: 3 locID: 102739175983809075 bcsId: 0,size=2097152]} | ret=SUCCESS |  
2019-09-05 09:23:34,830 | INFO  | DNAudit | user=null | ip=null | op=WRITE_CHUNK {blockData=conID: 3 locID: 102739175983809075 bcsId: 0} | ret=SUCCESS |  
2019-09-05 09:23:34,830 | INFO  | DNAudit | user=null | ip=null | op=PUT_BLOCK {blockData=[blockId=conID: 3 locID: 102739175983809075 bcsId: 0,size=2097152]} | ret=SUCCESS |  
2019-09-05 09:23:34,835 | INFO  | DNAudit | user=null | ip=null | op=WRITE_CHUNK {blockData=conID: 3 locID: 102739175983809075 bcsId: 3218} | ret=SUCCESS |  
2019-09-05 09:23:34,837 | INFO  | DNAudit | user=null | ip=null | op=WRITE_CHUNK {blockData=conID: 3 locID: 102739175983809075 bcsId: 3218} | ret=SUCCESS |  
2019-09-05 09:23:34,838 | INFO  | DNAudit | user=null | ip=null | op=WRITE_CHUNK {blockData=conID: 3 locID: 102739175983809075 bcsId: 3218} | ret=SUCCESS |  
2019-09-05 09:23:34,843 | INFO  | DNAudit | user=null | ip=null | op=WRITE_CHUNK {blockData=conID: 3 locID: 102739175983809075 bcsId: 3218} | ret=SUCCESS |  
2019-09-05 09:23:34,844 | INFO  | DNAudit | user=null | ip=null | op=PUT_BLOCK {blockData=[blockId=conID: 3 locID: 102739175983809075 bcsId: 0,size=3145728]} | ret=SUCCESS |  
2019-09-05 09:23:34,844 [grpc-default-executor-5] INFO  client.GrpcClientProtocolClient (GrpcClientProtocolClient.java:onNext(255)) - client-969FB6DA8C9A->4fcc8d53-44cb-4faf-b915-5afa0c7529d4: receive RaftClientReply:client-969FB6DA8C9A->4fcc8d53-44cb-4faf-b915-5afa0c7529d4@group-6A615BAE1DD1, cid=2200, SUCCESS, logIndex=3223, commits[4fcc8d53-44cb-4faf-b915-5afa0c7529d4:c3224, 48aa5eb4-709c-4003-adb5-fbc02723cd23:c3222, 609a8cf1-6ad3-4123-b94a-106ad93148a8:c3222]
2019-09-05 09:23:34,844 [grpc-default-executor-5] INFO  client.GrpcClientProtocolClient (GrpcClientProtocolClient.java:onNext(255)) - client-969FB6DA8C9A->4fcc8d53-44cb-4faf-b915-5afa0c7529d4: receive RaftClientReply:client-969FB6DA8C9A->4fcc8d53-44cb-4faf-b915-5afa0c7529d4@group-6A615BAE1DD1, cid=2201, SUCCESS, logIndex=3224, commits[4fcc8d53-44cb-4faf-b915-5afa0c7529d4:c3224, 48aa5eb4-709c-4003-adb5-fbc02723cd23:c3222, 609a8cf1-6ad3-4123-b94a-106ad93148a8:c3222]
2019-09-05 09:23:34,850 | INFO  | DNAudit | user=null | ip=null | op=WRITE_CHUNK {blockData=conID: 3 locID: 102739175983809075 bcsId: 3224} | ret=SUCCESS |  
2019-09-05 09:23:34,851 | INFO  | DNAudit | user=null | ip=null | op=WRITE_CHUNK {blockData=conID: 3 locID: 102739175983809075 bcsId: 3224} | ret=SUCCESS |  
2019-09-05 09:23:34,852 | INFO  | DNAudit | user=null | ip=null | op=WRITE_CHUNK {blockData=conID: 3 locID: 102739175983809075 bcsId: 3224} | ret=SUCCESS |  
2019-09-05 09:23:34,859 | INFO  | DNAudit | user=null | ip=null | op=WRITE_CHUNK {blockData=conID: 3 locID: 102739175983809075 bcsId: 3218} | ret=SUCCESS |  
2019-09-05 09:23:34,859 | INFO  | DNAudit | user=null | ip=null | op=WRITE_CHUNK {blockData=conID: 3 locID: 102739175983809075 bcsId: 3218} | ret=SUCCESS |  
2019-09-05 09:23:34,860 | INFO  | DNAudit | user=null | ip=null | op=PUT_BLOCK {blockData=[blockId=conID: 3 locID: 102739175983809075 bcsId: 0,size=3145728]} | ret=SUCCESS |  
2019-09-05 09:23:34,861 | INFO  | DNAudit | user=null | ip=null | op=PUT_BLOCK {blockData=[blockId=conID: 3 locID: 102739175983809075 bcsId: 0,size=3145728]} | ret=SUCCESS |  
2019-09-05 09:23:34,861 | INFO  | DNAudit | user=null | ip=null | op=WRITE_CHUNK {blockData=conID: 3 locID: 102739175983809075 bcsId: 3224} | ret=SUCCESS |  
2019-09-05 09:23:34,861 | INFO  | DNAudit | user=null | ip=null | op=PUT_BLOCK {blockData=[blockId=conID: 3 locID: 102739175983809075 bcsId: 0,size=4194304]} | ret=SUCCESS |  
2019-09-05 09:23:34,862 [grpc-default-executor-2] INFO  client.GrpcClientProtocolClient (GrpcClientProtocolClient.java:onNext(255)) - client-969FB6DA8C9A->4fcc8d53-44cb-4faf-b915-5afa0c7529d4: receive RaftClientReply:client-969FB6DA8C9A->4fcc8d53-44cb-4faf-b915-5afa0c7529d4@group-6A615BAE1DD1, cid=2202, SUCCESS, logIndex=3227, commits[4fcc8d53-44cb-4faf-b915-5afa0c7529d4:c3228, 48aa5eb4-709c-4003-adb5-fbc02723cd23:c3224, 609a8cf1-6ad3-4123-b94a-106ad93148a8:c3224]
2019-09-05 09:23:34,862 [grpc-default-executor-2] INFO  client.GrpcClientProtocolClient (GrpcClientProtocolClient.java:onNext(255)) - client-969FB6DA8C9A->4fcc8d53-44cb-4faf-b915-5afa0c7529d4: receive RaftClientReply:client-969FB6DA8C9A->4fcc8d53-44cb-4faf-b915-5afa0c7529d4@group-6A615BAE1DD1, cid=2203, SUCCESS, logIndex=3228, commits[4fcc8d53-44cb-4faf-b915-5afa0c7529d4:c3228, 48aa5eb4-709c-4003-adb5-fbc02723cd23:c3224, 609a8cf1-6ad3-4123-b94a-106ad93148a8:c3224]
2019-09-05 09:23:34,882 | INFO  | DNAudit | user=null | ip=null | op=WRITE_CHUNK {blockData=conID: 3 locID: 102739175983809075 bcsId: 3224} | ret=SUCCESS |  
2019-09-05 09:23:34,882 | INFO  | DNAudit | user=null | ip=null | op=WRITE_CHUNK {blockData=conID: 3 locID: 102739175983809075 bcsId: 3224} | ret=SUCCESS |  
2019-09-05 09:23:34,883 | INFO  | DNAudit | user=null | ip=null | op=PUT_BLOCK {blockData=[blockId=conID: 3 locID: 102739175983809075 bcsId: 0,size=4194304]} | ret=SUCCESS |  
2019-09-05 09:23:34,884 | INFO  | DNAudit | user=null | ip=null | op=PUT_BLOCK {blockData=[blockId=conID: 3 locID: 102739175983809075 bcsId: 0,size=4194304]} | ret=SUCCESS |  
2019-09-05 09:23:34,884 [grpc-default-executor-2] INFO  client.GrpcClientProtocolClient (GrpcClientProtocolClient.java:onNext(255)) - client-969FB6DA8C9A->4fcc8d53-44cb-4faf-b915-5afa0c7529d4: receive RaftClientReply:client-969FB6DA8C9A->4fcc8d53-44cb-4faf-b915-5afa0c7529d4@group-6A615BAE1DD1, cid=2204, SUCCESS, logIndex=0, commits[4fcc8d53-44cb-4faf-b915-5afa0c7529d4:c3230, 48aa5eb4-709c-4003-adb5-fbc02723cd23:c3228, 609a8cf1-6ad3-4123-b94a-106ad93148a8:c3228]
2019-09-05 09:23:34,889 | INFO  | SCMAudit | user=jenkins1000 | ip=192.168.36.69 | op=ALLOCATE_BLOCK {owner=5cf4fcf6-c517-45f4-af25-2fff646d8883, size=4194304, type=RATIS, factor=THREE} | ret=SUCCESS |  
2019-09-05 09:23:34,892 | INFO  | OMAudit | user=jenkins1000 | ip=127.0.0.1 | op=ALLOCATE_BLOCK {volume=vol-0-13331, bucket=bucket-0-43606, key=key-0-76526, dataSize=0, replicationType=null, replicationFactor=null, keyLocationInfo=null, clientID=102739173903106450} | ret=SUCCESS |  
2019-09-05 09:23:34,898 | INFO  | DNAudit | user=null | ip=null | op=WRITE_CHUNK {blockData=conID: 1 locID: 102739175990166068 bcsId: 0} | ret=SUCCESS |  
2019-09-05 09:23:34,900 | INFO  | DNAudit | user=null | ip=null | op=WRITE_CHUNK {blockData=conID: 1 locID: 102739175990166068 bcsId: 0} | ret=SUCCESS |  
2019-09-05 09:23:34,900 | INFO  | DNAudit | user=null | ip=null | op=WRITE_CHUNK {blockData=conID: 1 locID: 102739175990166068 bcsId: 0} | ret=SUCCESS |  
2019-09-05 09:23:34,901 | INFO  | DNAudit | user=null | ip=null | op=WRITE_CHUNK {blockData=conID: 1 locID: 102739175990166068 bcsId: 0} | ret=SUCCESS |  
2019-09-05 09:23:34,903 | INFO  | DNAudit | user=null | ip=null | op=WRITE_CHUNK {blockData=conID: 1 locID: 102739175990166068 bcsId: 0} | ret=SUCCESS |  
2019-09-05 09:23:34,903 | INFO  | DNAudit | user=null | ip=null | op=WRITE_CHUNK {blockData=conID: 1 locID: 102739175990166068 bcsId: 0} | ret=SUCCESS |  
2019-09-05 09:23:34,966 | INFO  | DNAudit | user=null | ip=null | op=WRITE_CHUNK {blockData=conID: 1 locID: 102739175990166068 bcsId: 0} | ret=SUCCESS |  
2019-09-05 09:23:34,967 | INFO  | DNAudit | user=null | ip=null | op=PUT_BLOCK {blockData=[blockId=conID: 1 locID: 102739175990166068 bcsId: 0,size=1048576]} | ret=SUCCESS |  
2019-09-05 09:23:34,967 [grpc-default-executor-5] INFO  client.GrpcClientProtocolClient (GrpcClientProtocolClient.java:onNext(255)) - client-969FB6DA8C9A->4fcc8d53-44cb-4faf-b915-5afa0c7529d4: receive RaftClientReply:client-969FB6DA8C9A->4fcc8d53-44cb-4faf-b915-5afa0c7529d4@group-6A615BAE1DD1, cid=2205, SUCCESS, logIndex=3231, commits[4fcc8d53-44cb-4faf-b915-5afa0c7529d4:c3232, 48aa5eb4-709c-4003-adb5-fbc02723cd23:c3230, 609a8cf1-6ad3-4123-b94a-106ad93148a8:c3230]
2019-09-05 09:23:34,967 [grpc-default-executor-5] INFO  client.GrpcClientProtocolClient (GrpcClientProtocolClient.java:onNext(255)) - client-969FB6DA8C9A->4fcc8d53-44cb-4faf-b915-5afa0c7529d4: receive RaftClientReply:client-969FB6DA8C9A->4fcc8d53-44cb-4faf-b915-5afa0c7529d4@group-6A615BAE1DD1, cid=2206, SUCCESS, logIndex=3232, commits[4fcc8d53-44cb-4faf-b915-5afa0c7529d4:c3232, 48aa5eb4-709c-4003-adb5-fbc02723cd23:c3230, 609a8cf1-6ad3-4123-b94a-106ad93148a8:c3230]
2019-09-05 09:23:34,969 | INFO  | DNAudit | user=null | ip=null | op=WRITE_CHUNK {blockData=conID: 1 locID: 102739175990166068 bcsId: 0} | ret=SUCCESS |  
2019-09-05 09:23:34,970 | INFO  | DNAudit | user=null | ip=null | op=PUT_BLOCK {blockData=[blockId=conID: 1 locID: 102739175990166068 bcsId: 0,size=2097152]} | ret=SUCCESS |  
2019-09-05 09:23:34,970 [grpc-default-executor-2] INFO  client.GrpcClientProtocolClient (GrpcClientProtocolClient.java:onNext(255)) - client-969FB6DA8C9A->4fcc8d53-44cb-4faf-b915-5afa0c7529d4: receive RaftClientReply:client-969FB6DA8C9A->4fcc8d53-44cb-4faf-b915-5afa0c7529d4@group-6A615BAE1DD1, cid=2207, SUCCESS, logIndex=3233, commits[4fcc8d53-44cb-4faf-b915-5afa0c7529d4:c3234, 48aa5eb4-709c-4003-adb5-fbc02723cd23:c3230, 609a8cf1-6ad3-4123-b94a-106ad93148a8:c3230]
2019-09-05 09:23:34,970 | INFO  | DNAudit | user=null | ip=null | op=WRITE_CHUNK {blockData=conID: 1 locID: 102739175990166068 bcsId: 0} | ret=SUCCESS |  
2019-09-05 09:23:34,970 [grpc-default-executor-2] INFO  client.GrpcClientProtocolClient (GrpcClientProtocolClient.java:onNext(255)) - client-969FB6DA8C9A->4fcc8d53-44cb-4faf-b915-5afa0c7529d4: receive RaftClientReply:client-969FB6DA8C9A->4fcc8d53-44cb-4faf-b915-5afa0c7529d4@group-6A615BAE1DD1, cid=2208, SUCCESS, logIndex=3234, commits[4fcc8d53-44cb-4faf-b915-5afa0c7529d4:c3234, 48aa5eb4-709c-4003-adb5-fbc02723cd23:c3230, 609a8cf1-6ad3-4123-b94a-106ad93148a8:c3230]
2019-09-05 09:23:34,970 | INFO  | DNAudit | user=null | ip=null | op=PUT_BLOCK {blockData=[blockId=conID: 1 locID: 102739175990166068 bcsId: 0,size=1048576]} | ret=SUCCESS |  
2019-09-05 09:23:34,971 | INFO  | DNAudit | user=null | ip=null | op=WRITE_CHUNK {blockData=conID: 1 locID: 102739175990166068 bcsId: 0} | ret=SUCCESS |  
2019-09-05 09:23:34,971 | INFO  | DNAudit | user=null | ip=null | op=PUT_BLOCK {blockData=[blockId=conID: 1 locID: 102739175990166068 bcsId: 0,size=1048576]} | ret=SUCCESS |  
2019-09-05 09:23:34,971 | INFO  | DNAudit | user=null | ip=null | op=WRITE_CHUNK {blockData=conID: 1 locID: 102739175990166068 bcsId: 0} | ret=SUCCESS |  
2019-09-05 09:23:34,972 | INFO  | DNAudit | user=null | ip=null | op=PUT_BLOCK {blockData=[blockId=conID: 1 locID: 102739175990166068 bcsId: 0,size=2097152]} | ret=SUCCESS |  
2019-09-05 09:23:34,972 [grpc-default-executor-4] INFO  client.GrpcClientProtocolClient (GrpcClientProtocolClient.java:onNext(255)) - client-969FB6DA8C9A->4fcc8d53-44cb-4faf-b915-5afa0c7529d4: receive RaftClientReply:client-969FB6DA8C9A->4fcc8d53-44cb-4faf-b915-5afa0c7529d4@group-6A615BAE1DD1, cid=2209, SUCCESS, logIndex=0, commits[4fcc8d53-44cb-4faf-b915-5afa0c7529d4:c3236, 48aa5eb4-709c-4003-adb5-fbc02723cd23:c3232, 609a8cf1-6ad3-4123-b94a-106ad93148a8:c3232]
2019-09-05 09:23:34,972 | INFO  | DNAudit | user=null | ip=null | op=WRITE_CHUNK {blockData=conID: 1 locID: 102739175990166068 bcsId: 0} | ret=SUCCESS |  
2019-09-05 09:23:34,972 | INFO  | DNAudit | user=null | ip=null | op=PUT_BLOCK {blockData=[blockId=conID: 1 locID: 102739175990166068 bcsId: 0,size=2097152]} | ret=SUCCESS |  
2019-09-05 09:23:34,978 | INFO  | DNAudit | user=null | ip=null | op=WRITE_CHUNK {blockData=conID: 1 locID: 102739175990166068 bcsId: 3234} | ret=SUCCESS |  
2019-09-05 09:23:34,981 | INFO  | DNAudit | user=null | ip=null | op=WRITE_CHUNK {blockData=conID: 1 locID: 102739175990166068 bcsId: 3234} | ret=SUCCESS |  
2019-09-05 09:23:34,981 | INFO  | DNAudit | user=null | ip=null | op=WRITE_CHUNK {blockData=conID: 1 locID: 102739175990166068 bcsId: 3234} | ret=SUCCESS |  
2019-09-05 09:23:34,992 | INFO  | DNAudit | user=null | ip=null | op=WRITE_CHUNK {blockData=conID: 1 locID: 102739175990166068 bcsId: 3234} | ret=SUCCESS |  
2019-09-05 09:23:34,993 | INFO  | DNAudit | user=null | ip=null | op=PUT_BLOCK {blockData=[blockId=conID: 1 locID: 102739175990166068 bcsId: 0,size=3145728]} | ret=SUCCESS |  
2019-09-05 09:23:34,993 [grpc-default-executor-4] INFO  client.GrpcClientProtocolClient (GrpcClientProtocolClient.java:onNext(255)) - client-969FB6DA8C9A->4fcc8d53-44cb-4faf-b915-5afa0c7529d4: receive RaftClientReply:client-969FB6DA8C9A->4fcc8d53-44cb-4faf-b915-5afa0c7529d4@group-6A615BAE1DD1, cid=2210, SUCCESS, logIndex=3239, commits[4fcc8d53-44cb-4faf-b915-5afa0c7529d4:c3240, 48aa5eb4-709c-4003-adb5-fbc02723cd23:c3238, 609a8cf1-6ad3-4123-b94a-106ad93148a8:c3238]
2019-09-05 09:23:34,993 [grpc-default-executor-4] INFO  client.GrpcClientProtocolClient (GrpcClientProtocolClient.java:onNext(255)) - client-969FB6DA8C9A->4fcc8d53-44cb-4faf-b915-5afa0c7529d4: receive RaftClientReply:client-969FB6DA8C9A->4fcc8d53-44cb-4faf-b915-5afa0c7529d4@group-6A615BAE1DD1, cid=2211, SUCCESS, logIndex=3240, commits[4fcc8d53-44cb-4faf-b915-5afa0c7529d4:c3240, 48aa5eb4-709c-4003-adb5-fbc02723cd23:c3238, 609a8cf1-6ad3-4123-b94a-106ad93148a8:c3238]
2019-09-05 09:23:35,000 | INFO  | DNAudit | user=null | ip=null | op=WRITE_CHUNK {blockData=conID: 1 locID: 102739175990166068 bcsId: 3240} | ret=SUCCESS |  
2019-09-05 09:23:35,002 | INFO  | DNAudit | user=null | ip=null | op=WRITE_CHUNK {blockData=conID: 1 locID: 102739175990166068 bcsId: 3240} | ret=SUCCESS |  
2019-09-05 09:23:35,003 | INFO  | DNAudit | user=null | ip=null | op=WRITE_CHUNK {blockData=conID: 1 locID: 102739175990166068 bcsId: 3240} | ret=SUCCESS |  
2019-09-05 09:23:35,015 | INFO  | DNAudit | user=null | ip=null | op=WRITE_CHUNK {blockData=conID: 1 locID: 102739175990166068 bcsId: 3234} | ret=SUCCESS |  
2019-09-05 09:23:35,015 | INFO  | DNAudit | user=null | ip=null | op=WRITE_CHUNK {blockData=conID: 1 locID: 102739175990166068 bcsId: 3234} | ret=SUCCESS |  
2019-09-05 09:23:35,055 | INFO  | DNAudit | user=null | ip=null | op=PUT_BLOCK {blockData=[blockId=conID: 1 locID: 102739175990166068 bcsId: 0,size=3145728]} | ret=SUCCESS |  
2019-09-05 09:23:35,055 | INFO  | DNAudit | user=null | ip=null | op=PUT_BLOCK {blockData=[blockId=conID: 1 locID: 102739175990166068 bcsId: 0,size=3145728]} | ret=SUCCESS |  
2019-09-05 09:23:35,056 | INFO  | DNAudit | user=null | ip=null | op=WRITE_CHUNK {blockData=conID: 1 locID: 102739175990166068 bcsId: 3240} | ret=SUCCESS |  
2019-09-05 09:23:35,056 | INFO  | DNAudit | user=null | ip=null | op=PUT_BLOCK {blockData=[blockId=conID: 1 locID: 102739175990166068 bcsId: 0,size=4194304]} | ret=SUCCESS |  
2019-09-05 09:23:35,056 [grpc-default-executor-3] INFO  client.GrpcClientProtocolClient (GrpcClientProtocolClient.java:onNext(255)) - client-969FB6DA8C9A->4fcc8d53-44cb-4faf-b915-5afa0c7529d4: receive RaftClientReply:client-969FB6DA8C9A->4fcc8d53-44cb-4faf-b915-5afa0c7529d4@group-6A615BAE1DD1, cid=2212, SUCCESS, logIndex=3243, commits[4fcc8d53-44cb-4faf-b915-5afa0c7529d4:c3244, 48aa5eb4-709c-4003-adb5-fbc02723cd23:c3240, 609a8cf1-6ad3-4123-b94a-106ad93148a8:c3240]
2019-09-05 09:23:35,057 [grpc-default-executor-3] INFO  client.GrpcClientProtocolClient (GrpcClientProtocolClient.java:onNext(255)) - client-969FB6DA8C9A->4fcc8d53-44cb-4faf-b915-5afa0c7529d4: receive RaftClientReply:client-969FB6DA8C9A->4fcc8d53-44cb-4faf-b915-5afa0c7529d4@group-6A615BAE1DD1, cid=2213, SUCCESS, logIndex=3244, commits[4fcc8d53-44cb-4faf-b915-5afa0c7529d4:c3244, 48aa5eb4-709c-4003-adb5-fbc02723cd23:c3240, 609a8cf1-6ad3-4123-b94a-106ad93148a8:c3240]
2019-09-05 09:23:35,064 | INFO  | DNAudit | user=null | ip=null | op=WRITE_CHUNK {blockData=conID: 1 locID: 102739175990166068 bcsId: 3240} | ret=SUCCESS |  
2019-09-05 09:23:35,064 | INFO  | DNAudit | user=null | ip=null | op=PUT_BLOCK {blockData=[blockId=conID: 1 locID: 102739175990166068 bcsId: 0,size=4194304]} | ret=SUCCESS |  
2019-09-05 09:23:35,066 | INFO  | DNAudit | user=null | ip=null | op=WRITE_CHUNK {blockData=conID: 1 locID: 102739175990166068 bcsId: 3240} | ret=SUCCESS |  
2019-09-05 09:23:35,066 | INFO  | DNAudit | user=null | ip=null | op=PUT_BLOCK {blockData=[blockId=conID: 1 locID: 102739175990166068 bcsId: 0,size=4194304]} | ret=SUCCESS |  
2019-09-05 09:23:35,068 [grpc-default-executor-3] INFO  client.GrpcClientProtocolClient (GrpcClientProtocolClient.java:onNext(255)) - client-969FB6DA8C9A->4fcc8d53-44cb-4faf-b915-5afa0c7529d4: receive RaftClientReply:client-969FB6DA8C9A->4fcc8d53-44cb-4faf-b915-5afa0c7529d4@group-6A615BAE1DD1, cid=2214, SUCCESS, logIndex=0, commits[4fcc8d53-44cb-4faf-b915-5afa0c7529d4:c3246, 48aa5eb4-709c-4003-adb5-fbc02723cd23:c3244, 609a8cf1-6ad3-4123-b94a-106ad93148a8:c3244]
2019-09-05 09:23:35,074 | INFO  | SCMAudit | user=jenkins1000 | ip=192.168.36.69 | op=ALLOCATE_BLOCK {owner=5cf4fcf6-c517-45f4-af25-2fff646d8883, size=4194304, type=RATIS, factor=THREE} | ret=SUCCESS |  
2019-09-05 09:23:35,078 | INFO  | OMAudit | user=jenkins1000 | ip=127.0.0.1 | op=ALLOCATE_BLOCK {volume=vol-0-13331, bucket=bucket-0-43606, key=key-0-76526, dataSize=0, replicationType=null, replicationFactor=null, keyLocationInfo=null, clientID=102739173903106450} | ret=SUCCESS |  
2019-09-05 09:23:35,085 | INFO  | DNAudit | user=null | ip=null | op=WRITE_CHUNK {blockData=conID: 2 locID: 102739176002224693 bcsId: 0} | ret=SUCCESS |  
2019-09-05 09:23:35,087 | INFO  | DNAudit | user=null | ip=null | op=WRITE_CHUNK {blockData=conID: 2 locID: 102739176002224693 bcsId: 0} | ret=SUCCESS |  
2019-09-05 09:23:35,087 | INFO  | DNAudit | user=null | ip=null | op=WRITE_CHUNK {blockData=conID: 2 locID: 102739176002224693 bcsId: 0} | ret=SUCCESS |  
2019-09-05 09:23:35,087 | INFO  | DNAudit | user=null | ip=null | op=WRITE_CHUNK {blockData=conID: 2 locID: 102739176002224693 bcsId: 0} | ret=SUCCESS |  
2019-09-05 09:23:35,089 | INFO  | DNAudit | user=null | ip=null | op=WRITE_CHUNK {blockData=conID: 2 locID: 102739176002224693 bcsId: 0} | ret=SUCCESS |  
2019-09-05 09:23:35,089 | INFO  | DNAudit | user=null | ip=null | op=WRITE_CHUNK {blockData=conID: 2 locID: 102739176002224693 bcsId: 0} | ret=SUCCESS |  
2019-09-05 09:23:35,113 | INFO  | DNAudit | user=null | ip=null | op=WRITE_CHUNK {blockData=conID: 2 locID: 102739176002224693 bcsId: 0} | ret=SUCCESS |  
2019-09-05 09:23:35,113 | INFO  | DNAudit | user=null | ip=null | op=PUT_BLOCK {blockData=[blockId=conID: 2 locID: 102739176002224693 bcsId: 0,size=1048576]} | ret=SUCCESS |  
2019-09-05 09:23:35,113 [grpc-default-executor-3] INFO  client.GrpcClientProtocolClient (GrpcClientProtocolClient.java:onNext(255)) - client-969FB6DA8C9A->4fcc8d53-44cb-4faf-b915-5afa0c7529d4: receive RaftClientReply:client-969FB6DA8C9A->4fcc8d53-44cb-4faf-b915-5afa0c7529d4@group-6A615BAE1DD1, cid=2215, SUCCESS, logIndex=3247, commits[4fcc8d53-44cb-4faf-b915-5afa0c7529d4:c3248, 48aa5eb4-709c-4003-adb5-fbc02723cd23:c3246, 609a8cf1-6ad3-4123-b94a-106ad93148a8:c3246]
2019-09-05 09:23:35,114 | INFO  | DNAudit | user=null | ip=null | op=WRITE_CHUNK {blockData=conID: 2 locID: 102739176002224693 bcsId: 0} | ret=SUCCESS |  
2019-09-05 09:23:35,114 [grpc-default-executor-3] INFO  client.GrpcClientProtocolClient (GrpcClientProtocolClient.java:onNext(255)) - client-969FB6DA8C9A->4fcc8d53-44cb-4faf-b915-5afa0c7529d4: receive RaftClientReply:client-969FB6DA8C9A->4fcc8d53-44cb-4faf-b915-5afa0c7529d4@group-6A615BAE1DD1, cid=2216, SUCCESS, logIndex=3248, commits[4fcc8d53-44cb-4faf-b915-5afa0c7529d4:c3248, 48aa5eb4-709c-4003-adb5-fbc02723cd23:c3246, 609a8cf1-6ad3-4123-b94a-106ad93148a8:c3246]
2019-09-05 09:23:35,114 | INFO  | DNAudit | user=null | ip=null | op=PUT_BLOCK {blockData=[blockId=conID: 2 locID: 102739176002224693 bcsId: 0,size=2097152]} | ret=SUCCESS |  
2019-09-05 09:23:35,114 [grpc-default-executor-2] INFO  client.GrpcClientProtocolClient (GrpcClientProtocolClient.java:onNext(255)) - client-969FB6DA8C9A->4fcc8d53-44cb-4faf-b915-5afa0c7529d4: receive RaftClientReply:client-969FB6DA8C9A->4fcc8d53-44cb-4faf-b915-5afa0c7529d4@group-6A615BAE1DD1, cid=2217, SUCCESS, logIndex=3249, commits[4fcc8d53-44cb-4faf-b915-5afa0c7529d4:c3250, 48aa5eb4-709c-4003-adb5-fbc02723cd23:c3246, 609a8cf1-6ad3-4123-b94a-106ad93148a8:c3246]
2019-09-05 09:23:35,117 [grpc-default-executor-2] INFO  client.GrpcClientProtocolClient (GrpcClientProtocolClient.java:onNext(255)) - client-969FB6DA8C9A->4fcc8d53-44cb-4faf-b915-5afa0c7529d4: receive RaftClientReply:client-969FB6DA8C9A->4fcc8d53-44cb-4faf-b915-5afa0c7529d4@group-6A615BAE1DD1, cid=2218, SUCCESS, logIndex=3250, commits[4fcc8d53-44cb-4faf-b915-5afa0c7529d4:c3250, 48aa5eb4-709c-4003-adb5-fbc02723cd23:c3246, 609a8cf1-6ad3-4123-b94a-106ad93148a8:c3246]
2019-09-05 09:23:35,117 | INFO  | DNAudit | user=null | ip=null | op=WRITE_CHUNK {blockData=conID: 2 locID: 102739176002224693 bcsId: 0} | ret=SUCCESS |  
2019-09-05 09:23:35,117 | INFO  | DNAudit | user=null | ip=null | op=WRITE_CHUNK {blockData=conID: 2 locID: 102739176002224693 bcsId: 0} | ret=SUCCESS |  
2019-09-05 09:23:35,118 | INFO  | DNAudit | user=null | ip=null | op=PUT_BLOCK {blockData=[blockId=conID: 2 locID: 102739176002224693 bcsId: 0,size=1048576]} | ret=SUCCESS |  
2019-09-05 09:23:35,118 | INFO  | DNAudit | user=null | ip=null | op=PUT_BLOCK {blockData=[blockId=conID: 2 locID: 102739176002224693 bcsId: 0,size=1048576]} | ret=SUCCESS |  
2019-09-05 09:23:35,118 | INFO  | DNAudit | user=null | ip=null | op=WRITE_CHUNK {blockData=conID: 2 locID: 102739176002224693 bcsId: 0} | ret=SUCCESS |  
2019-09-05 09:23:35,118 | INFO  | DNAudit | user=null | ip=null | op=PUT_BLOCK {blockData=[blockId=conID: 2 locID: 102739176002224693 bcsId: 0,size=2097152]} | ret=SUCCESS |  
2019-09-05 09:23:35,119 [grpc-default-executor-3] INFO  client.GrpcClientProtocolClient (GrpcClientProtocolClient.java:onNext(255)) - client-969FB6DA8C9A->4fcc8d53-44cb-4faf-b915-5afa0c7529d4: receive RaftClientReply:client-969FB6DA8C9A->4fcc8d53-44cb-4faf-b915-5afa0c7529d4@group-6A615BAE1DD1, cid=2219, SUCCESS, logIndex=0, commits[4fcc8d53-44cb-4faf-b915-5afa0c7529d4:c3253, 48aa5eb4-709c-4003-adb5-fbc02723cd23:c3248, 609a8cf1-6ad3-4123-b94a-106ad93148a8:c3250]
2019-09-05 09:23:35,124 | INFO  | DNAudit | user=null | ip=null | op=WRITE_CHUNK {blockData=conID: 2 locID: 102739176002224693 bcsId: 3250} | ret=SUCCESS |  
2019-09-05 09:23:35,126 | INFO  | DNAudit | user=null | ip=null | op=WRITE_CHUNK {blockData=conID: 2 locID: 102739176002224693 bcsId: 3250} | ret=SUCCESS |  
2019-09-05 09:23:35,127 | INFO  | DNAudit | user=null | ip=null | op=WRITE_CHUNK {blockData=conID: 2 locID: 102739176002224693 bcsId: 3250} | ret=SUCCESS |  
2019-09-05 09:23:35,134 | INFO  | DNAudit | user=null | ip=null | op=WRITE_CHUNK {blockData=conID: 2 locID: 102739176002224693 bcsId: 0} | ret=SUCCESS |  
2019-09-05 09:23:35,134 | INFO  | DNAudit | user=null | ip=null | op=PUT_BLOCK {blockData=[blockId=conID: 2 locID: 102739176002224693 bcsId: 0,size=2097152]} | ret=SUCCESS |  
2019-09-05 09:23:35,135 | INFO  | DNAudit | user=null | ip=null | op=WRITE_CHUNK {blockData=conID: 2 locID: 102739176002224693 bcsId: 3250} | ret=SUCCESS |  
2019-09-05 09:23:35,135 | INFO  | DNAudit | user=null | ip=null | op=PUT_BLOCK {blockData=[blockId=conID: 2 locID: 102739176002224693 bcsId: 0,size=3145728]} | ret=SUCCESS |  
2019-09-05 09:23:35,135 [grpc-default-executor-3] INFO  client.GrpcClientProtocolClient (GrpcClientProtocolClient.java:onNext(255)) - client-969FB6DA8C9A->4fcc8d53-44cb-4faf-b915-5afa0c7529d4: receive RaftClientReply:client-969FB6DA8C9A->4fcc8d53-44cb-4faf-b915-5afa0c7529d4@group-6A615BAE1DD1, cid=2220, SUCCESS, logIndex=3254, commits[4fcc8d53-44cb-4faf-b915-5afa0c7529d4:c3255, 48aa5eb4-709c-4003-adb5-fbc02723cd23:c3250, 609a8cf1-6ad3-4123-b94a-106ad93148a8:c3253]
2019-09-05 09:23:35,136 [grpc-default-executor-3] INFO  client.GrpcClientProtocolClient (GrpcClientProtocolClient.java:onNext(255)) - client-969FB6DA8C9A->4fcc8d53-44cb-4faf-b915-5afa0c7529d4: receive RaftClientReply:client-969FB6DA8C9A->4fcc8d53-44cb-4faf-b915-5afa0c7529d4@group-6A615BAE1DD1, cid=2221, SUCCESS, logIndex=3255, commits[4fcc8d53-44cb-4faf-b915-5afa0c7529d4:c3255, 48aa5eb4-709c-4003-adb5-fbc02723cd23:c3250, 609a8cf1-6ad3-4123-b94a-106ad93148a8:c3253]
2019-09-05 09:23:35,137 | INFO  | DNAudit | user=null | ip=null | op=WRITE_CHUNK {blockData=conID: 2 locID: 102739176002224693 bcsId: 3250} | ret=SUCCESS |  
2019-09-05 09:23:35,137 | INFO  | DNAudit | user=null | ip=null | op=WRITE_CHUNK {blockData=conID: 2 locID: 102739176002224693 bcsId: 3250} | ret=SUCCESS |  
2019-09-05 09:23:35,137 | INFO  | DNAudit | user=null | ip=null | op=PUT_BLOCK {blockData=[blockId=conID: 2 locID: 102739176002224693 bcsId: 0,size=3145728]} | ret=SUCCESS |  
2019-09-05 09:23:35,137 | INFO  | DNAudit | user=null | ip=null | op=PUT_BLOCK {blockData=[blockId=conID: 2 locID: 102739176002224693 bcsId: 0,size=3145728]} | ret=SUCCESS |  
2019-09-05 09:23:35,141 | INFO  | DNAudit | user=null | ip=null | op=WRITE_CHUNK {blockData=conID: 2 locID: 102739176002224693 bcsId: 3255} | ret=SUCCESS |  
2019-09-05 09:23:35,142 | INFO  | DNAudit | user=null | ip=null | op=WRITE_CHUNK {blockData=conID: 2 locID: 102739176002224693 bcsId: 3255} | ret=SUCCESS |  
2019-09-05 09:23:35,143 | INFO  | DNAudit | user=null | ip=null | op=WRITE_CHUNK {blockData=conID: 2 locID: 102739176002224693 bcsId: 3255} | ret=SUCCESS |  
2019-09-05 09:23:35,160 | INFO  | DNAudit | user=null | ip=null | op=WRITE_CHUNK {blockData=conID: 2 locID: 102739176002224693 bcsId: 3255} | ret=SUCCESS |  
2019-09-05 09:23:35,160 | INFO  | DNAudit | user=null | ip=null | op=PUT_BLOCK {blockData=[blockId=conID: 2 locID: 102739176002224693 bcsId: 0,size=4194304]} | ret=SUCCESS |  
2019-09-05 09:23:35,160 [grpc-default-executor-5] INFO  client.GrpcClientProtocolClient (GrpcClientProtocolClient.java:onNext(255)) - client-969FB6DA8C9A->4fcc8d53-44cb-4faf-b915-5afa0c7529d4: receive RaftClientReply:client-969FB6DA8C9A->4fcc8d53-44cb-4faf-b915-5afa0c7529d4@group-6A615BAE1DD1, cid=2222, SUCCESS, logIndex=3258, commits[4fcc8d53-44cb-4faf-b915-5afa0c7529d4:c3259, 48aa5eb4-709c-4003-adb5-fbc02723cd23:c3257, 609a8cf1-6ad3-4123-b94a-106ad93148a8:c3257]
2019-09-05 09:23:35,160 [grpc-default-executor-5] INFO  client.GrpcClientProtocolClient (GrpcClientProtocolClient.java:onNext(255)) - client-969FB6DA8C9A->4fcc8d53-44cb-4faf-b915-5afa0c7529d4: receive RaftClientReply:client-969FB6DA8C9A->4fcc8d53-44cb-4faf-b915-5afa0c7529d4@group-6A615BAE1DD1, cid=2223, SUCCESS, logIndex=3259, commits[4fcc8d53-44cb-4faf-b915-5afa0c7529d4:c3259, 48aa5eb4-709c-4003-adb5-fbc02723cd23:c3257, 609a8cf1-6ad3-4123-b94a-106ad93148a8:c3257]
2019-09-05 09:23:35,177 | INFO  | DNAudit | user=null | ip=null | op=WRITE_CHUNK {blockData=conID: 2 locID: 102739176002224693 bcsId: 3255} | ret=SUCCESS |  
2019-09-05 09:23:35,177 | INFO  | DNAudit | user=null | ip=null | op=WRITE_CHUNK {blockData=conID: 2 locID: 102739176002224693 bcsId: 3255} | ret=SUCCESS |  
2019-09-05 09:23:35,177 | INFO  | DNAudit | user=null | ip=null | op=PUT_BLOCK {blockData=[blockId=conID: 2 locID: 102739176002224693 bcsId: 0,size=4194304]} | ret=SUCCESS |  
2019-09-05 09:23:35,177 | INFO  | DNAudit | user=null | ip=null | op=PUT_BLOCK {blockData=[blockId=conID: 2 locID: 102739176002224693 bcsId: 0,size=4194304]} | ret=SUCCESS |  
2019-09-05 09:23:35,177 [grpc-default-executor-5] INFO  client.GrpcClientProtocolClient (GrpcClientProtocolClient.java:onNext(255)) - client-969FB6DA8C9A->4fcc8d53-44cb-4faf-b915-5afa0c7529d4: receive RaftClientReply:client-969FB6DA8C9A->4fcc8d53-44cb-4faf-b915-5afa0c7529d4@group-6A615BAE1DD1, cid=2224, SUCCESS, logIndex=0, commits[4fcc8d53-44cb-4faf-b915-5afa0c7529d4:c3260, 48aa5eb4-709c-4003-adb5-fbc02723cd23:c3259, 609a8cf1-6ad3-4123-b94a-106ad93148a8:c3259]
2019-09-05 09:23:35,181 | INFO  | SCMAudit | user=jenkins1000 | ip=192.168.36.69 | op=ALLOCATE_BLOCK {owner=5cf4fcf6-c517-45f4-af25-2fff646d8883, size=4194304, type=RATIS, factor=THREE} | ret=SUCCESS |  
2019-09-05 09:23:35,183 | INFO  | OMAudit | user=jenkins1000 | ip=127.0.0.1 | op=ALLOCATE_BLOCK {volume=vol-0-13331, bucket=bucket-0-43606, key=key-0-76526, dataSize=0, replicationType=null, replicationFactor=null, keyLocationInfo=null, clientID=102739173903106450} | ret=SUCCESS |  
2019-09-05 09:23:35,188 | INFO  | DNAudit | user=null | ip=null | op=WRITE_CHUNK {blockData=conID: 3 locID: 102739176009302582 bcsId: 0} | ret=SUCCESS |  
2019-09-05 09:23:35,189 | INFO  | DNAudit | user=null | ip=null | op=WRITE_CHUNK {blockData=conID: 3 locID: 102739176009302582 bcsId: 0} | ret=SUCCESS |  
2019-09-05 09:23:35,190 | INFO  | DNAudit | user=null | ip=null | op=WRITE_CHUNK {blockData=conID: 3 locID: 102739176009302582 bcsId: 0} | ret=SUCCESS |  
2019-09-05 09:23:35,190 | INFO  | DNAudit | user=null | ip=null | op=WRITE_CHUNK {blockData=conID: 3 locID: 102739176009302582 bcsId: 0} | ret=SUCCESS |  
2019-09-05 09:23:35,191 | INFO  | DNAudit | user=null | ip=null | op=WRITE_CHUNK {blockData=conID: 3 locID: 102739176009302582 bcsId: 0} | ret=SUCCESS |  
2019-09-05 09:23:35,191 | INFO  | DNAudit | user=null | ip=null | op=WRITE_CHUNK {blockData=conID: 3 locID: 102739176009302582 bcsId: 0} | ret=SUCCESS |  
2019-09-05 09:23:35,207 | INFO  | DNAudit | user=null | ip=null | op=WRITE_CHUNK {blockData=conID: 3 locID: 102739176009302582 bcsId: 0} | ret=SUCCESS |  
2019-09-05 09:23:35,208 | INFO  | DNAudit | user=null | ip=null | op=PUT_BLOCK {blockData=[blockId=conID: 3 locID: 102739176009302582 bcsId: 0,size=1048576]} | ret=SUCCESS |  
2019-09-05 09:23:35,208 [grpc-default-executor-5] INFO  client.GrpcClientProtocolClient (GrpcClientProtocolClient.java:onNext(255)) - client-969FB6DA8C9A->4fcc8d53-44cb-4faf-b915-5afa0c7529d4: receive RaftClientReply:client-969FB6DA8C9A->4fcc8d53-44cb-4faf-b915-5afa0c7529d4@group-6A615BAE1DD1, cid=2225, SUCCESS, logIndex=3262, commits[4fcc8d53-44cb-4faf-b915-5afa0c7529d4:c3265, 48aa5eb4-709c-4003-adb5-fbc02723cd23:c3261, 609a8cf1-6ad3-4123-b94a-106ad93148a8:c3261]
2019-09-05 09:23:35,208 | INFO  | DNAudit | user=null | ip=null | op=WRITE_CHUNK {blockData=conID: 3 locID: 102739176009302582 bcsId: 0} | ret=SUCCESS |  
2019-09-05 09:23:35,208 | INFO  | DNAudit | user=null | ip=null | op=PUT_BLOCK {blockData=[blockId=conID: 3 locID: 102739176009302582 bcsId: 0,size=2097152]} | ret=SUCCESS |  
2019-09-05 09:23:35,208 [grpc-default-executor-5] INFO  client.GrpcClientProtocolClient (GrpcClientProtocolClient.java:onNext(255)) - client-969FB6DA8C9A->4fcc8d53-44cb-4faf-b915-5afa0c7529d4: receive RaftClientReply:client-969FB6DA8C9A->4fcc8d53-44cb-4faf-b915-5afa0c7529d4@group-6A615BAE1DD1, cid=2226, SUCCESS, logIndex=3263, commits[4fcc8d53-44cb-4faf-b915-5afa0c7529d4:c3265, 48aa5eb4-709c-4003-adb5-fbc02723cd23:c3261, 609a8cf1-6ad3-4123-b94a-106ad93148a8:c3261]
2019-09-05 09:23:35,208 [grpc-default-executor-5] INFO  client.GrpcClientProtocolClient (GrpcClientProtocolClient.java:onNext(255)) - client-969FB6DA8C9A->4fcc8d53-44cb-4faf-b915-5afa0c7529d4: receive RaftClientReply:client-969FB6DA8C9A->4fcc8d53-44cb-4faf-b915-5afa0c7529d4@group-6A615BAE1DD1, cid=2227, SUCCESS, logIndex=3264, commits[4fcc8d53-44cb-4faf-b915-5afa0c7529d4:c3265, 48aa5eb4-709c-4003-adb5-fbc02723cd23:c3261, 609a8cf1-6ad3-4123-b94a-106ad93148a8:c3261]
2019-09-05 09:23:35,208 [grpc-default-executor-5] INFO  client.GrpcClientProtocolClient (GrpcClientProtocolClient.java:onNext(255)) - client-969FB6DA8C9A->4fcc8d53-44cb-4faf-b915-5afa0c7529d4: receive RaftClientReply:client-969FB6DA8C9A->4fcc8d53-44cb-4faf-b915-5afa0c7529d4@group-6A615BAE1DD1, cid=2228, SUCCESS, logIndex=3265, commits[4fcc8d53-44cb-4faf-b915-5afa0c7529d4:c3265, 48aa5eb4-709c-4003-adb5-fbc02723cd23:c3261, 609a8cf1-6ad3-4123-b94a-106ad93148a8:c3261]
2019-09-05 09:23:35,224 | INFO  | DNAudit | user=null | ip=null | op=WRITE_CHUNK {blockData=conID: 3 locID: 102739176009302582 bcsId: 0} | ret=SUCCESS |  
2019-09-05 09:23:35,224 | INFO  | DNAudit | user=null | ip=null | op=WRITE_CHUNK {blockData=conID: 3 locID: 102739176009302582 bcsId: 0} | ret=SUCCESS |  
2019-09-05 09:23:35,224 | INFO  | DNAudit | user=null | ip=null | op=PUT_BLOCK {blockData=[blockId=conID: 3 locID: 102739176009302582 bcsId: 0,size=1048576]} | ret=SUCCESS |  
2019-09-05 09:23:35,224 | INFO  | DNAudit | user=null | ip=null | op=PUT_BLOCK {blockData=[blockId=conID: 3 locID: 102739176009302582 bcsId: 0,size=1048576]} | ret=SUCCESS |  
2019-09-05 09:23:35,224 | INFO  | DNAudit | user=null | ip=null | op=WRITE_CHUNK {blockData=conID: 3 locID: 102739176009302582 bcsId: 0} | ret=SUCCESS |  
2019-09-05 09:23:35,224 | INFO  | DNAudit | user=null | ip=null | op=WRITE_CHUNK {blockData=conID: 3 locID: 102739176009302582 bcsId: 0} | ret=SUCCESS |  
2019-09-05 09:23:35,224 [grpc-default-executor-5] INFO  client.GrpcClientProtocolClient (GrpcClientProtocolClient.java:onNext(255)) - client-969FB6DA8C9A->4fcc8d53-44cb-4faf-b915-5afa0c7529d4: receive RaftClientReply:client-969FB6DA8C9A->4fcc8d53-44cb-4faf-b915-5afa0c7529d4@group-6A615BAE1DD1, cid=2229, SUCCESS, logIndex=0, commits[4fcc8d53-44cb-4faf-b915-5afa0c7529d4:c3266, 48aa5eb4-709c-4003-adb5-fbc02723cd23:c3264, 609a8cf1-6ad3-4123-b94a-106ad93148a8:c3264]
2019-09-05 09:23:35,229 | INFO  | DNAudit | user=null | ip=null | op=WRITE_CHUNK {blockData=conID: 3 locID: 102739176009302582 bcsId: 3265} | ret=SUCCESS |  
2019-09-05 09:23:35,231 | INFO  | DNAudit | user=null | ip=null | op=WRITE_CHUNK {blockData=conID: 3 locID: 102739176009302582 bcsId: 3265} | ret=SUCCESS |  
2019-09-05 09:23:35,231 | INFO  | DNAudit | user=null | ip=null | op=WRITE_CHUNK {blockData=conID: 3 locID: 102739176009302582 bcsId: 3265} | ret=SUCCESS |  
2019-09-05 09:23:35,238 | INFO  | DNAudit | user=null | ip=null | op=PUT_BLOCK {blockData=[blockId=conID: 3 locID: 102739176009302582 bcsId: 0,size=2097152]} | ret=SUCCESS |  
2019-09-05 09:23:35,238 | INFO  | DNAudit | user=null | ip=null | op=PUT_BLOCK {blockData=[blockId=conID: 3 locID: 102739176009302582 bcsId: 0,size=2097152]} | ret=SUCCESS |  
2019-09-05 09:23:35,257 | INFO  | DNAudit | user=null | ip=null | op=WRITE_CHUNK {blockData=conID: 3 locID: 102739176009302582 bcsId: 3265} | ret=SUCCESS |  
2019-09-05 09:23:35,258 | INFO  | DNAudit | user=null | ip=null | op=PUT_BLOCK {blockData=[blockId=conID: 3 locID: 102739176009302582 bcsId: 0,size=3145728]} | ret=SUCCESS |  
2019-09-05 09:23:35,258 [grpc-default-executor-3] INFO  client.GrpcClientProtocolClient (GrpcClientProtocolClient.java:onNext(255)) - client-969FB6DA8C9A->4fcc8d53-44cb-4faf-b915-5afa0c7529d4: receive RaftClientReply:client-969FB6DA8C9A->4fcc8d53-44cb-4faf-b915-5afa0c7529d4@group-6A615BAE1DD1, cid=2230, SUCCESS, logIndex=3269, commits[4fcc8d53-44cb-4faf-b915-5afa0c7529d4:c3270, 48aa5eb4-709c-4003-adb5-fbc02723cd23:c3265, 609a8cf1-6ad3-4123-b94a-106ad93148a8:c3266]
2019-09-05 09:23:35,258 [grpc-default-executor-3] INFO  client.GrpcClientProtocolClient (GrpcClientProtocolClient.java:onNext(255)) - client-969FB6DA8C9A->4fcc8d53-44cb-4faf-b915-5afa0c7529d4: receive RaftClientReply:client-969FB6DA8C9A->4fcc8d53-44cb-4faf-b915-5afa0c7529d4@group-6A615BAE1DD1, cid=2231, SUCCESS, logIndex=3270, commits[4fcc8d53-44cb-4faf-b915-5afa0c7529d4:c3270, 48aa5eb4-709c-4003-adb5-fbc02723cd23:c3266, 609a8cf1-6ad3-4123-b94a-106ad93148a8:c3266]
2019-09-05 09:23:35,263 | INFO  | DNAudit | user=null | ip=null | op=WRITE_CHUNK {blockData=conID: 3 locID: 102739176009302582 bcsId: 3270} | ret=SUCCESS |  
2019-09-05 09:23:35,265 | INFO  | DNAudit | user=null | ip=null | op=WRITE_CHUNK {blockData=conID: 3 locID: 102739176009302582 bcsId: 3270} | ret=SUCCESS |  
2019-09-05 09:23:35,265 | INFO  | DNAudit | user=null | ip=null | op=WRITE_CHUNK {blockData=conID: 3 locID: 102739176009302582 bcsId: 3270} | ret=SUCCESS |  
2019-09-05 09:23:35,283 | INFO  | DNAudit | user=null | ip=null | op=WRITE_CHUNK {blockData=conID: 3 locID: 102739176009302582 bcsId: 3265} | ret=SUCCESS |  
2019-09-05 09:23:35,283 | INFO  | DNAudit | user=null | ip=null | op=WRITE_CHUNK {blockData=conID: 3 locID: 102739176009302582 bcsId: 3265} | ret=SUCCESS |  
2019-09-05 09:23:35,284 | INFO  | DNAudit | user=null | ip=null | op=PUT_BLOCK {blockData=[blockId=conID: 3 locID: 102739176009302582 bcsId: 0,size=3145728]} | ret=SUCCESS |  
2019-09-05 09:23:35,284 | INFO  | DNAudit | user=null | ip=null | op=PUT_BLOCK {blockData=[blockId=conID: 3 locID: 102739176009302582 bcsId: 0,size=3145728]} | ret=SUCCESS |  
2019-09-05 09:23:35,285 | INFO  | DNAudit | user=null | ip=null | op=WRITE_CHUNK {blockData=conID: 3 locID: 102739176009302582 bcsId: 3270} | ret=SUCCESS |  
2019-09-05 09:23:35,285 | INFO  | DNAudit | user=null | ip=null | op=PUT_BLOCK {blockData=[blockId=conID: 3 locID: 102739176009302582 bcsId: 0,size=4194304]} | ret=SUCCESS |  
2019-09-05 09:23:35,285 [grpc-default-executor-5] INFO  client.GrpcClientProtocolClient (GrpcClientProtocolClient.java:onNext(255)) - client-969FB6DA8C9A->4fcc8d53-44cb-4faf-b915-5afa0c7529d4: receive RaftClientReply:client-969FB6DA8C9A->4fcc8d53-44cb-4faf-b915-5afa0c7529d4@group-6A615BAE1DD1, cid=2232, SUCCESS, logIndex=3273, commits[4fcc8d53-44cb-4faf-b915-5afa0c7529d4:c3274, 48aa5eb4-709c-4003-adb5-fbc02723cd23:c3270, 609a8cf1-6ad3-4123-b94a-106ad93148a8:c3270]
2019-09-05 09:23:35,286 [grpc-default-executor-5] INFO  client.GrpcClientProtocolClient (GrpcClientProtocolClient.java:onNext(255)) - client-969FB6DA8C9A->4fcc8d53-44cb-4faf-b915-5afa0c7529d4: receive RaftClientReply:client-969FB6DA8C9A->4fcc8d53-44cb-4faf-b915-5afa0c7529d4@group-6A615BAE1DD1, cid=2233, SUCCESS, logIndex=3274, commits[4fcc8d53-44cb-4faf-b915-5afa0c7529d4:c3274, 48aa5eb4-709c-4003-adb5-fbc02723cd23:c3270, 609a8cf1-6ad3-4123-b94a-106ad93148a8:c3270]
2019-09-05 09:23:35,304 | INFO  | DNAudit | user=null | ip=null | op=WRITE_CHUNK {blockData=conID: 3 locID: 102739176009302582 bcsId: 3270} | ret=SUCCESS |  
2019-09-05 09:23:35,304 | INFO  | DNAudit | user=null | ip=null | op=WRITE_CHUNK {blockData=conID: 3 locID: 102739176009302582 bcsId: 3270} | ret=SUCCESS |  
2019-09-05 09:23:35,305 | INFO  | DNAudit | user=null | ip=null | op=PUT_BLOCK {blockData=[blockId=conID: 3 locID: 102739176009302582 bcsId: 0,size=4194304]} | ret=SUCCESS |  
2019-09-05 09:23:35,306 | INFO  | DNAudit | user=null | ip=null | op=PUT_BLOCK {blockData=[blockId=conID: 3 locID: 102739176009302582 bcsId: 0,size=4194304]} | ret=SUCCESS |  
2019-09-05 09:23:35,306 [grpc-default-executor-2] INFO  client.GrpcClientProtocolClient (GrpcClientProtocolClient.java:onNext(255)) - client-969FB6DA8C9A->4fcc8d53-44cb-4faf-b915-5afa0c7529d4: receive RaftClientReply:client-969FB6DA8C9A->4fcc8d53-44cb-4faf-b915-5afa0c7529d4@group-6A615BAE1DD1, cid=2234, SUCCESS, logIndex=0, commits[4fcc8d53-44cb-4faf-b915-5afa0c7529d4:c3276, 48aa5eb4-709c-4003-adb5-fbc02723cd23:c3274, 609a8cf1-6ad3-4123-b94a-106ad93148a8:c3274]
2019-09-05 09:23:35,309 | INFO  | SCMAudit | user=jenkins1000 | ip=192.168.36.69 | op=ALLOCATE_BLOCK {owner=5cf4fcf6-c517-45f4-af25-2fff646d8883, size=4194304, type=RATIS, factor=THREE} | ret=SUCCESS |  
2019-09-05 09:23:35,312 | INFO  | OMAudit | user=jenkins1000 | ip=127.0.0.1 | op=ALLOCATE_BLOCK {volume=vol-0-13331, bucket=bucket-0-43606, key=key-0-76526, dataSize=0, replicationType=null, replicationFactor=null, keyLocationInfo=null, clientID=102739173903106450} | ret=SUCCESS |  
2019-09-05 09:23:35,317 | INFO  | DNAudit | user=null | ip=null | op=WRITE_CHUNK {blockData=conID: 1 locID: 102739176017691191 bcsId: 0} | ret=SUCCESS |  
2019-09-05 09:23:35,319 | INFO  | DNAudit | user=null | ip=null | op=WRITE_CHUNK {blockData=conID: 1 locID: 102739176017691191 bcsId: 0} | ret=SUCCESS |  
2019-09-05 09:23:35,319 | INFO  | DNAudit | user=null | ip=null | op=WRITE_CHUNK {blockData=conID: 1 locID: 102739176017691191 bcsId: 0} | ret=SUCCESS |  
2019-09-05 09:23:35,319 | INFO  | DNAudit | user=null | ip=null | op=WRITE_CHUNK {blockData=conID: 1 locID: 102739176017691191 bcsId: 0} | ret=SUCCESS |  
2019-09-05 09:23:35,321 | INFO  | DNAudit | user=null | ip=null | op=WRITE_CHUNK {blockData=conID: 1 locID: 102739176017691191 bcsId: 0} | ret=SUCCESS |  
2019-09-05 09:23:35,321 | INFO  | DNAudit | user=null | ip=null | op=WRITE_CHUNK {blockData=conID: 1 locID: 102739176017691191 bcsId: 0} | ret=SUCCESS |  
2019-09-05 09:23:35,326 | INFO  | DNAudit | user=null | ip=null | op=WRITE_CHUNK {blockData=conID: 1 locID: 102739176017691191 bcsId: 0} | ret=SUCCESS |  
2019-09-05 09:23:35,326 | INFO  | DNAudit | user=null | ip=null | op=PUT_BLOCK {blockData=[blockId=conID: 1 locID: 102739176017691191 bcsId: 0,size=1048576]} | ret=SUCCESS |  
2019-09-05 09:23:35,326 [grpc-default-executor-3] INFO  client.GrpcClientProtocolClient (GrpcClientProtocolClient.java:onNext(255)) - client-969FB6DA8C9A->4fcc8d53-44cb-4faf-b915-5afa0c7529d4: receive RaftClientReply:client-969FB6DA8C9A->4fcc8d53-44cb-4faf-b915-5afa0c7529d4@group-6A615BAE1DD1, cid=2235, SUCCESS, logIndex=3277, commits[4fcc8d53-44cb-4faf-b915-5afa0c7529d4:c3278, 48aa5eb4-709c-4003-adb5-fbc02723cd23:c3276, 609a8cf1-6ad3-4123-b94a-106ad93148a8:c3276]
2019-09-05 09:23:35,327 [grpc-default-executor-3] INFO  client.GrpcClientProtocolClient (GrpcClientProtocolClient.java:onNext(255)) - client-969FB6DA8C9A->4fcc8d53-44cb-4faf-b915-5afa0c7529d4: receive RaftClientReply:client-969FB6DA8C9A->4fcc8d53-44cb-4faf-b915-5afa0c7529d4@group-6A615BAE1DD1, cid=2236, SUCCESS, logIndex=3278, commits[4fcc8d53-44cb-4faf-b915-5afa0c7529d4:c3278, 48aa5eb4-709c-4003-adb5-fbc02723cd23:c3276, 609a8cf1-6ad3-4123-b94a-106ad93148a8:c3276]
2019-09-05 09:23:35,327 | INFO  | DNAudit | user=null | ip=null | op=WRITE_CHUNK {blockData=conID: 1 locID: 102739176017691191 bcsId: 0} | ret=SUCCESS |  
2019-09-05 09:23:35,328 | INFO  | DNAudit | user=null | ip=null | op=PUT_BLOCK {blockData=[blockId=conID: 1 locID: 102739176017691191 bcsId: 0,size=2097152]} | ret=SUCCESS |  
2019-09-05 09:23:35,328 [grpc-default-executor-5] INFO  client.GrpcClientProtocolClient (GrpcClientProtocolClient.java:onNext(255)) - client-969FB6DA8C9A->4fcc8d53-44cb-4faf-b915-5afa0c7529d4: receive RaftClientReply:client-969FB6DA8C9A->4fcc8d53-44cb-4faf-b915-5afa0c7529d4@group-6A615BAE1DD1, cid=2237, SUCCESS, logIndex=3279, commits[4fcc8d53-44cb-4faf-b915-5afa0c7529d4:c3280, 48aa5eb4-709c-4003-adb5-fbc02723cd23:c3276, 609a8cf1-6ad3-4123-b94a-106ad93148a8:c3276]
2019-09-05 09:23:35,328 [grpc-default-executor-5] INFO  client.GrpcClientProtocolClient (GrpcClientProtocolClient.java:onNext(255)) - client-969FB6DA8C9A->4fcc8d53-44cb-4faf-b915-5afa0c7529d4: receive RaftClientReply:client-969FB6DA8C9A->4fcc8d53-44cb-4faf-b915-5afa0c7529d4@group-6A615BAE1DD1, cid=2238, SUCCESS, logIndex=3280, commits[4fcc8d53-44cb-4faf-b915-5afa0c7529d4:c3280, 48aa5eb4-709c-4003-adb5-fbc02723cd23:c3276, 609a8cf1-6ad3-4123-b94a-106ad93148a8:c3276]
2019-09-05 09:23:35,328 | INFO  | DNAudit | user=null | ip=null | op=WRITE_CHUNK {blockData=conID: 1 locID: 102739176017691191 bcsId: 0} | ret=SUCCESS |  
2019-09-05 09:23:35,328 | INFO  | DNAudit | user=null | ip=null | op=PUT_BLOCK {blockData=[blockId=conID: 1 locID: 102739176017691191 bcsId: 0,size=1048576]} | ret=SUCCESS |  
2019-09-05 09:23:35,329 | INFO  | DNAudit | user=null | ip=null | op=WRITE_CHUNK {blockData=conID: 1 locID: 102739176017691191 bcsId: 0} | ret=SUCCESS |  
2019-09-05 09:23:35,329 | INFO  | DNAudit | user=null | ip=null | op=PUT_BLOCK {blockData=[blockId=conID: 1 locID: 102739176017691191 bcsId: 0,size=1048576]} | ret=SUCCESS |  
2019-09-05 09:23:35,329 [grpc-default-executor-5] INFO  client.GrpcClientProtocolClient (GrpcClientProtocolClient.java:onNext(255)) - client-969FB6DA8C9A->4fcc8d53-44cb-4faf-b915-5afa0c7529d4: receive RaftClientReply:client-969FB6DA8C9A->4fcc8d53-44cb-4faf-b915-5afa0c7529d4@group-6A615BAE1DD1, cid=2239, SUCCESS, logIndex=0, commits[4fcc8d53-44cb-4faf-b915-5afa0c7529d4:c3281, 48aa5eb4-709c-4003-adb5-fbc02723cd23:c3278, 609a8cf1-6ad3-4123-b94a-106ad93148a8:c3278]
2019-09-05 09:23:35,330 | INFO  | DNAudit | user=null | ip=null | op=WRITE_CHUNK {blockData=conID: 1 locID: 102739176017691191 bcsId: 0} | ret=SUCCESS |  
2019-09-05 09:23:35,330 | INFO  | DNAudit | user=null | ip=null | op=PUT_BLOCK {blockData=[blockId=conID: 1 locID: 102739176017691191 bcsId: 0,size=2097152]} | ret=SUCCESS |  
2019-09-05 09:23:35,330 | INFO  | DNAudit | user=null | ip=null | op=WRITE_CHUNK {blockData=conID: 1 locID: 102739176017691191 bcsId: 0} | ret=SUCCESS |  
2019-09-05 09:23:35,330 | INFO  | DNAudit | user=null | ip=null | op=PUT_BLOCK {blockData=[blockId=conID: 1 locID: 102739176017691191 bcsId: 0,size=2097152]} | ret=SUCCESS |  
2019-09-05 09:23:35,334 | INFO  | DNAudit | user=null | ip=null | op=WRITE_CHUNK {blockData=conID: 1 locID: 102739176017691191 bcsId: 3280} | ret=SUCCESS |  
2019-09-05 09:23:35,336 | INFO  | DNAudit | user=null | ip=null | op=WRITE_CHUNK {blockData=conID: 1 locID: 102739176017691191 bcsId: 3280} | ret=SUCCESS |  
2019-09-05 09:23:35,337 | INFO  | DNAudit | user=null | ip=null | op=WRITE_CHUNK {blockData=conID: 1 locID: 102739176017691191 bcsId: 3280} | ret=SUCCESS |  
2019-09-05 09:23:35,393 | INFO  | SCMAudit | user=jenkins1000 | ip=192.168.36.69 | op=SEND_HEARTBEAT {datanodeUUID=609a8cf1-6ad3-4123-b94a-106ad93148a8, command=[]} | ret=SUCCESS |  
2019-09-05 09:23:35,395 | INFO  | SCMAudit | user=jenkins1000 | ip=192.168.36.69 | op=SEND_HEARTBEAT {datanodeUUID=5b6cff60-1414-40d6-b682-781dc5ff3023, command=[]} | ret=SUCCESS |  
2019-09-05 09:23:35,395 | INFO  | SCMAudit | user=jenkins1000 | ip=192.168.36.69 | op=SEND_HEARTBEAT {datanodeUUID=4fcc8d53-44cb-4faf-b915-5afa0c7529d4, command=[]} | ret=SUCCESS |  
2019-09-05 09:23:35,395 | INFO  | SCMAudit | user=jenkins1000 | ip=192.168.36.69 | op=SEND_HEARTBEAT {datanodeUUID=48aa5eb4-709c-4003-adb5-fbc02723cd23, command=[]} | ret=SUCCESS |  
 0.00% |█                                                                                                    |  0/1 Time: 0:00:322019-09-05 09:23:35,445 | INFO  | DNAudit | user=null | ip=null | op=WRITE_CHUNK {blockData=conID: 1 locID: 102739176017691191 bcsId: 3280} | ret=SUCCESS |  
2019-09-05 09:23:35,445 | INFO  | DNAudit | user=null | ip=null | op=PUT_BLOCK {blockData=[blockId=conID: 1 locID: 102739176017691191 bcsId: 0,size=3145728]} | ret=SUCCESS |  
2019-09-05 09:23:35,446 [grpc-default-executor-5] INFO  client.GrpcClientProtocolClient (GrpcClientProtocolClient.java:onNext(255)) - client-969FB6DA8C9A->4fcc8d53-44cb-4faf-b915-5afa0c7529d4: receive RaftClientReply:client-969FB6DA8C9A->4fcc8d53-44cb-4faf-b915-5afa0c7529d4@group-6A615BAE1DD1, cid=2240, SUCCESS, logIndex=3283, commits[4fcc8d53-44cb-4faf-b915-5afa0c7529d4:c3284, 48aa5eb4-709c-4003-adb5-fbc02723cd23:c3282, 609a8cf1-6ad3-4123-b94a-106ad93148a8:c3282]
2019-09-05 09:23:35,446 [grpc-default-executor-5] INFO  client.GrpcClientProtocolClient (GrpcClientProtocolClient.java:onNext(255)) - client-969FB6DA8C9A->4fcc8d53-44cb-4faf-b915-5afa0c7529d4: receive RaftClientReply:client-969FB6DA8C9A->4fcc8d53-44cb-4faf-b915-5afa0c7529d4@group-6A615BAE1DD1, cid=2241, SUCCESS, logIndex=3284, commits[4fcc8d53-44cb-4faf-b915-5afa0c7529d4:c3284, 48aa5eb4-709c-4003-adb5-fbc02723cd23:c3282, 609a8cf1-6ad3-4123-b94a-106ad93148a8:c3282]
2019-09-05 09:23:35,584 | INFO  | DNAudit | user=null | ip=null | op=WRITE_CHUNK {blockData=conID: 1 locID: 102739176017691191 bcsId: 3280} | ret=SUCCESS |  
2019-09-05 09:23:35,585 | INFO  | DNAudit | user=null | ip=null | op=WRITE_CHUNK {blockData=conID: 1 locID: 102739176017691191 bcsId: 3280} | ret=SUCCESS |  
2019-09-05 09:23:35,585 | INFO  | DNAudit | user=null | ip=null | op=PUT_BLOCK {blockData=[blockId=conID: 1 locID: 102739176017691191 bcsId: 0,size=3145728]} | ret=SUCCESS |  
2019-09-05 09:23:35,585 | INFO  | DNAudit | user=null | ip=null | op=PUT_BLOCK {blockData=[blockId=conID: 1 locID: 102739176017691191 bcsId: 0,size=3145728]} | ret=SUCCESS |  
2019-09-05 09:23:35,585 | INFO  | DNAudit | user=null | ip=null | op=WRITE_CHUNK {blockData=conID: 1 locID: 102739176017691191 bcsId: 3284} | ret=SUCCESS |  
2019-09-05 09:23:35,588 | INFO  | DNAudit | user=null | ip=null | op=WRITE_CHUNK {blockData=conID: 1 locID: 102739176017691191 bcsId: 3284} | ret=SUCCESS |  
2019-09-05 09:23:35,588 | INFO  | DNAudit | user=null | ip=null | op=WRITE_CHUNK {blockData=conID: 1 locID: 102739176017691191 bcsId: 3284} | ret=SUCCESS |  
2019-09-05 09:23:35,599 | INFO  | DNAudit | user=null | ip=null | op=WRITE_CHUNK {blockData=conID: 1 locID: 102739176017691191 bcsId: 3284} | ret=SUCCESS |  
2019-09-05 09:23:35,600 | INFO  | DNAudit | user=null | ip=null | op=PUT_BLOCK {blockData=[blockId=conID: 1 locID: 102739176017691191 bcsId: 0,size=4194304]} | ret=SUCCESS |  
2019-09-05 09:23:35,600 [grpc-default-executor-5] INFO  client.GrpcClientProtocolClient (GrpcClientProtocolClient.java:onNext(255)) - client-969FB6DA8C9A->4fcc8d53-44cb-4faf-b915-5afa0c7529d4: receive RaftClientReply:client-969FB6DA8C9A->4fcc8d53-44cb-4faf-b915-5afa0c7529d4@group-6A615BAE1DD1, cid=2242, SUCCESS, logIndex=3287, commits[4fcc8d53-44cb-4faf-b915-5afa0c7529d4:c3288, 48aa5eb4-709c-4003-adb5-fbc02723cd23:c3284, 609a8cf1-6ad3-4123-b94a-106ad93148a8:c3284]
2019-09-05 09:23:35,601 [grpc-default-executor-5] INFO  client.GrpcClientProtocolClient (GrpcClientProtocolClient.java:onNext(255)) - client-969FB6DA8C9A->4fcc8d53-44cb-4faf-b915-5afa0c7529d4: receive RaftClientReply:client-969FB6DA8C9A->4fcc8d53-44cb-4faf-b915-5afa0c7529d4@group-6A615BAE1DD1, cid=2243, SUCCESS, logIndex=3288, commits[4fcc8d53-44cb-4faf-b915-5afa0c7529d4:c3288, 48aa5eb4-709c-4003-adb5-fbc02723cd23:c3284, 609a8cf1-6ad3-4123-b94a-106ad93148a8:c3284]
2019-09-05 09:23:35,601 | INFO  | DNAudit | user=null | ip=null | op=WRITE_CHUNK {blockData=conID: 1 locID: 102739176017691191 bcsId: 3284} | ret=SUCCESS |  
2019-09-05 09:23:35,601 | INFO  | DNAudit | user=null | ip=null | op=WRITE_CHUNK {blockData=conID: 1 locID: 102739176017691191 bcsId: 3284} | ret=SUCCESS |  
2019-09-05 09:23:35,602 | INFO  | DNAudit | user=null | ip=null | op=PUT_BLOCK {blockData=[blockId=conID: 1 locID: 102739176017691191 bcsId: 0,size=4194304]} | ret=SUCCESS |  
2019-09-05 09:23:35,602 | INFO  | DNAudit | user=null | ip=null | op=PUT_BLOCK {blockData=[blockId=conID: 1 locID: 102739176017691191 bcsId: 0,size=4194304]} | ret=SUCCESS |  
2019-09-05 09:23:35,602 [grpc-default-executor-2] INFO  client.GrpcClientProtocolClient (GrpcClientProtocolClient.java:onNext(255)) - client-969FB6DA8C9A->4fcc8d53-44cb-4faf-b915-5afa0c7529d4: receive RaftClientReply:client-969FB6DA8C9A->4fcc8d53-44cb-4faf-b915-5afa0c7529d4@group-6A615BAE1DD1, cid=2244, SUCCESS, logIndex=0, commits[4fcc8d53-44cb-4faf-b915-5afa0c7529d4:c3289, 48aa5eb4-709c-4003-adb5-fbc02723cd23:c3288, 609a8cf1-6ad3-4123-b94a-106ad93148a8:c3288]
2019-09-05 09:23:35,607 | INFO  | SCMAudit | user=jenkins1000 | ip=192.168.36.69 | op=ALLOCATE_BLOCK {owner=5cf4fcf6-c517-45f4-af25-2fff646d8883, size=4194304, type=RATIS, factor=THREE} | ret=SUCCESS |  
2019-09-05 09:23:35,610 | INFO  | OMAudit | user=jenkins1000 | ip=127.0.0.1 | op=ALLOCATE_BLOCK {volume=vol-0-13331, bucket=bucket-0-43606, key=key-0-76526, dataSize=0, replicationType=null, replicationFactor=null, keyLocationInfo=null, clientID=102739173903106450} | ret=SUCCESS |  
2019-09-05 09:23:35,615 | INFO  | SCMAudit | user=jenkins1000 | ip=192.168.36.69 | op=SEND_HEARTBEAT {datanodeUUID=fe9e29a7-51ad-458f-9e11-f615da290baa, command=[]} | ret=SUCCESS |  
2019-09-05 09:23:35,617 | INFO  | DNAudit | user=null | ip=null | op=WRITE_CHUNK {blockData=conID: 2 locID: 102739176037220920 bcsId: 0} | ret=SUCCESS |  
2019-09-05 09:23:35,619 | INFO  | DNAudit | user=null | ip=null | op=WRITE_CHUNK {blockData=conID: 2 locID: 102739176037220920 bcsId: 0} | ret=SUCCESS |  
2019-09-05 09:23:35,619 | INFO  | DNAudit | user=null | ip=null | op=WRITE_CHUNK {blockData=conID: 2 locID: 102739176037220920 bcsId: 0} | ret=SUCCESS |  
2019-09-05 09:23:35,619 | INFO  | DNAudit | user=null | ip=null | op=WRITE_CHUNK {blockData=conID: 2 locID: 102739176037220920 bcsId: 0} | ret=SUCCESS |  
2019-09-05 09:23:35,620 | INFO  | DNAudit | user=null | ip=null | op=WRITE_CHUNK {blockData=conID: 2 locID: 102739176037220920 bcsId: 0} | ret=SUCCESS |  
2019-09-05 09:23:35,621 | INFO  | DNAudit | user=null | ip=null | op=WRITE_CHUNK {blockData=conID: 2 locID: 102739176037220920 bcsId: 0} | ret=SUCCESS |  
2019-09-05 09:23:35,633 | INFO  | DNAudit | user=null | ip=null | op=WRITE_CHUNK {blockData=conID: 2 locID: 102739176037220920 bcsId: 0} | ret=SUCCESS |  
2019-09-05 09:23:35,633 | INFO  | DNAudit | user=null | ip=null | op=PUT_BLOCK {blockData=[blockId=conID: 2 locID: 102739176037220920 bcsId: 0,size=1048576]} | ret=SUCCESS |  
2019-09-05 09:23:35,633 [grpc-default-executor-2] INFO  client.GrpcClientProtocolClient (GrpcClientProtocolClient.java:onNext(255)) - client-969FB6DA8C9A->4fcc8d53-44cb-4faf-b915-5afa0c7529d4: receive RaftClientReply:client-969FB6DA8C9A->4fcc8d53-44cb-4faf-b915-5afa0c7529d4@group-6A615BAE1DD1, cid=2245, SUCCESS, logIndex=3291, commits[4fcc8d53-44cb-4faf-b915-5afa0c7529d4:c3293, 48aa5eb4-709c-4003-adb5-fbc02723cd23:c3290, 609a8cf1-6ad3-4123-b94a-106ad93148a8:c3290]
2019-09-05 09:23:35,633 | INFO  | DNAudit | user=null | ip=null | op=WRITE_CHUNK {blockData=conID: 2 locID: 102739176037220920 bcsId: 0} | ret=SUCCESS |  
2019-09-05 09:23:35,634 | INFO  | DNAudit | user=null | ip=null | op=PUT_BLOCK {blockData=[blockId=conID: 2 locID: 102739176037220920 bcsId: 0,size=2097152]} | ret=SUCCESS |  
2019-09-05 09:23:35,634 [grpc-default-executor-2] INFO  client.GrpcClientProtocolClient (GrpcClientProtocolClient.java:onNext(255)) - client-969FB6DA8C9A->4fcc8d53-44cb-4faf-b915-5afa0c7529d4: receive RaftClientReply:client-969FB6DA8C9A->4fcc8d53-44cb-4faf-b915-5afa0c7529d4@group-6A615BAE1DD1, cid=2246, SUCCESS, logIndex=3292, commits[4fcc8d53-44cb-4faf-b915-5afa0c7529d4:c3294, 48aa5eb4-709c-4003-adb5-fbc02723cd23:c3290, 609a8cf1-6ad3-4123-b94a-106ad93148a8:c3290]
2019-09-05 09:23:35,634 [grpc-default-executor-2] INFO  client.GrpcClientProtocolClient (GrpcClientProtocolClient.java:onNext(255)) - client-969FB6DA8C9A->4fcc8d53-44cb-4faf-b915-5afa0c7529d4: receive RaftClientReply:client-969FB6DA8C9A->4fcc8d53-44cb-4faf-b915-5afa0c7529d4@group-6A615BAE1DD1, cid=2247, SUCCESS, logIndex=3293, commits[4fcc8d53-44cb-4faf-b915-5afa0c7529d4:c3294, 48aa5eb4-709c-4003-adb5-fbc02723cd23:c3290, 609a8cf1-6ad3-4123-b94a-106ad93148a8:c3290]
2019-09-05 09:23:35,634 [grpc-default-executor-2] INFO  client.GrpcClientProtocolClient (GrpcClientProtocolClient.java:onNext(255)) - client-969FB6DA8C9A->4fcc8d53-44cb-4faf-b915-5afa0c7529d4: receive RaftClientReply:client-969FB6DA8C9A->4fcc8d53-44cb-4faf-b915-5afa0c7529d4@group-6A615BAE1DD1, cid=2248, SUCCESS, logIndex=3294, commits[4fcc8d53-44cb-4faf-b915-5afa0c7529d4:c3294, 48aa5eb4-709c-4003-adb5-fbc02723cd23:c3290, 609a8cf1-6ad3-4123-b94a-106ad93148a8:c3290]
2019-09-05 09:23:35,644 | INFO  | DNAudit | user=null | ip=null | op=WRITE_CHUNK {blockData=conID: 2 locID: 102739176037220920 bcsId: 0} | ret=SUCCESS |  
2019-09-05 09:23:35,644 | INFO  | DNAudit | user=null | ip=null | op=WRITE_CHUNK {blockData=conID: 2 locID: 102739176037220920 bcsId: 0} | ret=SUCCESS |  
2019-09-05 09:23:35,644 | INFO  | DNAudit | user=null | ip=null | op=PUT_BLOCK {blockData=[blockId=conID: 2 locID: 102739176037220920 bcsId: 0,size=1048576]} | ret=SUCCESS |  
2019-09-05 09:23:35,644 | INFO  | DNAudit | user=null | ip=null | op=PUT_BLOCK {blockData=[blockId=conID: 2 locID: 102739176037220920 bcsId: 0,size=1048576]} | ret=SUCCESS |  
2019-09-05 09:23:35,644 [grpc-default-executor-2] INFO  client.GrpcClientProtocolClient (GrpcClientProtocolClient.java:onNext(255)) - client-969FB6DA8C9A->4fcc8d53-44cb-4faf-b915-5afa0c7529d4: receive RaftClientReply:client-969FB6DA8C9A->4fcc8d53-44cb-4faf-b915-5afa0c7529d4@group-6A615BAE1DD1, cid=2249, SUCCESS, logIndex=0, commits[4fcc8d53-44cb-4faf-b915-5afa0c7529d4:c3295, 48aa5eb4-709c-4003-adb5-fbc02723cd23:c3292, 609a8cf1-6ad3-4123-b94a-106ad93148a8:c3292]
2019-09-05 09:23:35,645 | INFO  | DNAudit | user=null | ip=null | op=WRITE_CHUNK {blockData=conID: 2 locID: 102739176037220920 bcsId: 0} | ret=SUCCESS |  
2019-09-05 09:23:35,645 | INFO  | DNAudit | user=null | ip=null | op=WRITE_CHUNK {blockData=conID: 2 locID: 102739176037220920 bcsId: 0} | ret=SUCCESS |  
2019-09-05 09:23:35,646 | INFO  | DNAudit | user=null | ip=null | op=PUT_BLOCK {blockData=[blockId=conID: 2 locID: 102739176037220920 bcsId: 0,size=2097152]} | ret=SUCCESS |  
2019-09-05 09:23:35,646 | INFO  | DNAudit | user=null | ip=null | op=PUT_BLOCK {blockData=[blockId=conID: 2 locID: 102739176037220920 bcsId: 0,size=2097152]} | ret=SUCCESS |  
2019-09-05 09:23:35,649 | INFO  | DNAudit | user=null | ip=null | op=WRITE_CHUNK {blockData=conID: 2 locID: 102739176037220920 bcsId: 3294} | ret=SUCCESS |  
2019-09-05 09:23:35,652 | INFO  | DNAudit | user=null | ip=null | op=WRITE_CHUNK {blockData=conID: 2 locID: 102739176037220920 bcsId: 3294} | ret=SUCCESS |  
2019-09-05 09:23:35,652 | INFO  | DNAudit | user=null | ip=null | op=WRITE_CHUNK {blockData=conID: 2 locID: 102739176037220920 bcsId: 3294} | ret=SUCCESS |  
2019-09-05 09:23:35,664 | INFO  | DNAudit | user=null | ip=null | op=WRITE_CHUNK {blockData=conID: 2 locID: 102739176037220920 bcsId: 3294} | ret=SUCCESS |  
2019-09-05 09:23:35,664 | INFO  | DNAudit | user=null | ip=null | op=PUT_BLOCK {blockData=[blockId=conID: 2 locID: 102739176037220920 bcsId: 0,size=3145728]} | ret=SUCCESS |  
2019-09-05 09:23:35,664 [grpc-default-executor-4] INFO  client.GrpcClientProtocolClient (GrpcClientProtocolClient.java:onNext(255)) - client-969FB6DA8C9A->4fcc8d53-44cb-4faf-b915-5afa0c7529d4: receive RaftClientReply:client-969FB6DA8C9A->4fcc8d53-44cb-4faf-b915-5afa0c7529d4@group-6A615BAE1DD1, cid=2250, SUCCESS, logIndex=3299, commits[4fcc8d53-44cb-4faf-b915-5afa0c7529d4:c3300, 48aa5eb4-709c-4003-adb5-fbc02723cd23:c3298, 609a8cf1-6ad3-4123-b94a-106ad93148a8:c3298]
2019-09-05 09:23:35,665 [grpc-default-executor-4] INFO  client.GrpcClientProtocolClient (GrpcClientProtocolClient.java:onNext(255)) - client-969FB6DA8C9A->4fcc8d53-44cb-4faf-b915-5afa0c7529d4: receive RaftClientReply:client-969FB6DA8C9A->4fcc8d53-44cb-4faf-b915-5afa0c7529d4@group-6A615BAE1DD1, cid=2251, SUCCESS, logIndex=3300, commits[4fcc8d53-44cb-4faf-b915-5afa0c7529d4:c3300, 48aa5eb4-709c-4003-adb5-fbc02723cd23:c3298, 609a8cf1-6ad3-4123-b94a-106ad93148a8:c3298]
2019-09-05 09:23:35,670 | INFO  | DNAudit | user=null | ip=null | op=WRITE_CHUNK {blockData=conID: 2 locID: 102739176037220920 bcsId: 3300} | ret=SUCCESS |  
2019-09-05 09:23:35,672 | INFO  | DNAudit | user=null | ip=null | op=WRITE_CHUNK {blockData=conID: 2 locID: 102739176037220920 bcsId: 3300} | ret=SUCCESS |  
2019-09-05 09:23:35,673 | INFO  | DNAudit | user=null | ip=null | op=WRITE_CHUNK {blockData=conID: 2 locID: 102739176037220920 bcsId: 3300} | ret=SUCCESS |  
2019-09-05 09:23:35,675 | INFO  | DNAudit | user=null | ip=null | op=WRITE_CHUNK {blockData=conID: 2 locID: 102739176037220920 bcsId: 3294} | ret=SUCCESS |  
2019-09-05 09:23:35,675 | INFO  | DNAudit | user=null | ip=null | op=WRITE_CHUNK {blockData=conID: 2 locID: 102739176037220920 bcsId: 3294} | ret=SUCCESS |  
2019-09-05 09:23:35,676 | INFO  | DNAudit | user=null | ip=null | op=PUT_BLOCK {blockData=[blockId=conID: 2 locID: 102739176037220920 bcsId: 0,size=3145728]} | ret=SUCCESS |  
2019-09-05 09:23:35,676 | INFO  | DNAudit | user=null | ip=null | op=PUT_BLOCK {blockData=[blockId=conID: 2 locID: 102739176037220920 bcsId: 0,size=3145728]} | ret=SUCCESS |  
2019-09-05 09:23:35,677 | INFO  | DNAudit | user=null | ip=null | op=WRITE_CHUNK {blockData=conID: 2 locID: 102739176037220920 bcsId: 3300} | ret=SUCCESS |  
2019-09-05 09:23:35,677 | INFO  | DNAudit | user=null | ip=null | op=PUT_BLOCK {blockData=[blockId=conID: 2 locID: 102739176037220920 bcsId: 0,size=4194304]} | ret=SUCCESS |  
2019-09-05 09:23:35,677 [grpc-default-executor-5] INFO  client.GrpcClientProtocolClient (GrpcClientProtocolClient.java:onNext(255)) - client-969FB6DA8C9A->4fcc8d53-44cb-4faf-b915-5afa0c7529d4: receive RaftClientReply:client-969FB6DA8C9A->4fcc8d53-44cb-4faf-b915-5afa0c7529d4@group-6A615BAE1DD1, cid=2252, SUCCESS, logIndex=3303, commits[4fcc8d53-44cb-4faf-b915-5afa0c7529d4:c3304, 48aa5eb4-709c-4003-adb5-fbc02723cd23:c3300, 609a8cf1-6ad3-4123-b94a-106ad93148a8:c3300]
2019-09-05 09:23:35,678 [grpc-default-executor-5] INFO  client.GrpcClientProtocolClient (GrpcClientProtocolClient.java:onNext(255)) - client-969FB6DA8C9A->4fcc8d53-44cb-4faf-b915-5afa0c7529d4: receive RaftClientReply:client-969FB6DA8C9A->4fcc8d53-44cb-4faf-b915-5afa0c7529d4@group-6A615BAE1DD1, cid=2253, SUCCESS, logIndex=3304, commits[4fcc8d53-44cb-4faf-b915-5afa0c7529d4:c3304, 48aa5eb4-709c-4003-adb5-fbc02723cd23:c3300, 609a8cf1-6ad3-4123-b94a-106ad93148a8:c3300]
2019-09-05 09:23:35,694 | INFO  | DNAudit | user=null | ip=null | op=WRITE_CHUNK {blockData=conID: 2 locID: 102739176037220920 bcsId: 3300} | ret=SUCCESS |  
2019-09-05 09:23:35,694 | INFO  | DNAudit | user=null | ip=null | op=WRITE_CHUNK {blockData=conID: 2 locID: 102739176037220920 bcsId: 3300} | ret=SUCCESS |  
2019-09-05 09:23:35,695 | INFO  | DNAudit | user=null | ip=null | op=PUT_BLOCK {blockData=[blockId=conID: 2 locID: 102739176037220920 bcsId: 0,size=4194304]} | ret=SUCCESS |  
2019-09-05 09:23:35,695 | INFO  | DNAudit | user=null | ip=null | op=PUT_BLOCK {blockData=[blockId=conID: 2 locID: 102739176037220920 bcsId: 0,size=4194304]} | ret=SUCCESS |  
2019-09-05 09:23:35,695 [grpc-default-executor-5] INFO  client.GrpcClientProtocolClient (GrpcClientProtocolClient.java:onNext(255)) - client-969FB6DA8C9A->4fcc8d53-44cb-4faf-b915-5afa0c7529d4: receive RaftClientReply:client-969FB6DA8C9A->4fcc8d53-44cb-4faf-b915-5afa0c7529d4@group-6A615BAE1DD1, cid=2254, SUCCESS, logIndex=0, commits[4fcc8d53-44cb-4faf-b915-5afa0c7529d4:c3305, 48aa5eb4-709c-4003-adb5-fbc02723cd23:c3304, 609a8cf1-6ad3-4123-b94a-106ad93148a8:c3304]
2019-09-05 09:23:35,699 | INFO  | SCMAudit | user=jenkins1000 | ip=192.168.36.69 | op=ALLOCATE_BLOCK {owner=5cf4fcf6-c517-45f4-af25-2fff646d8883, size=4194304, type=RATIS, factor=THREE} | ret=SUCCESS |  
2019-09-05 09:23:35,701 | INFO  | OMAudit | user=jenkins1000 | ip=127.0.0.1 | op=ALLOCATE_BLOCK {volume=vol-0-13331, bucket=bucket-0-43606, key=key-0-76526, dataSize=0, replicationType=null, replicationFactor=null, keyLocationInfo=null, clientID=102739173903106450} | ret=SUCCESS |  
2019-09-05 09:23:35,707 | INFO  | DNAudit | user=null | ip=null | op=WRITE_CHUNK {blockData=conID: 3 locID: 102739176043250233 bcsId: 0} | ret=SUCCESS |  
2019-09-05 09:23:35,708 | INFO  | DNAudit | user=null | ip=null | op=WRITE_CHUNK {blockData=conID: 3 locID: 102739176043250233 bcsId: 0} | ret=SUCCESS |  
2019-09-05 09:23:35,712 | INFO  | DNAudit | user=null | ip=null | op=WRITE_CHUNK {blockData=conID: 3 locID: 102739176043250233 bcsId: 0} | ret=SUCCESS |  
2019-09-05 09:23:35,713 | INFO  | DNAudit | user=null | ip=null | op=WRITE_CHUNK {blockData=conID: 3 locID: 102739176043250233 bcsId: 0} | ret=SUCCESS |  
2019-09-05 09:23:35,714 | INFO  | DNAudit | user=null | ip=null | op=WRITE_CHUNK {blockData=conID: 3 locID: 102739176043250233 bcsId: 0} | ret=SUCCESS |  
2019-09-05 09:23:35,715 | INFO  | DNAudit | user=null | ip=null | op=WRITE_CHUNK {blockData=conID: 3 locID: 102739176043250233 bcsId: 0} | ret=SUCCESS |  
2019-09-05 09:23:35,728 | INFO  | DNAudit | user=null | ip=null | op=WRITE_CHUNK {blockData=conID: 3 locID: 102739176043250233 bcsId: 0} | ret=SUCCESS |  
2019-09-05 09:23:35,728 | INFO  | DNAudit | user=null | ip=null | op=PUT_BLOCK {blockData=[blockId=conID: 3 locID: 102739176043250233 bcsId: 0,size=1048576]} | ret=SUCCESS |  
2019-09-05 09:23:35,729 | INFO  | DNAudit | user=null | ip=null | op=WRITE_CHUNK {blockData=conID: 3 locID: 102739176043250233 bcsId: 0} | ret=SUCCESS |  
2019-09-05 09:23:35,728 [grpc-default-executor-4] INFO  client.GrpcClientProtocolClient (GrpcClientProtocolClient.java:onNext(255)) - client-969FB6DA8C9A->4fcc8d53-44cb-4faf-b915-5afa0c7529d4: receive RaftClientReply:client-969FB6DA8C9A->4fcc8d53-44cb-4faf-b915-5afa0c7529d4@group-6A615BAE1DD1, cid=2255, SUCCESS, logIndex=3307, commits[4fcc8d53-44cb-4faf-b915-5afa0c7529d4:c3308, 48aa5eb4-709c-4003-adb5-fbc02723cd23:c3306, 609a8cf1-6ad3-4123-b94a-106ad93148a8:c3306]
2019-09-05 09:23:35,729 | INFO  | DNAudit | user=null | ip=null | op=PUT_BLOCK {blockData=[blockId=conID: 3 locID: 102739176043250233 bcsId: 0,size=2097152]} | ret=SUCCESS |  
2019-09-05 09:23:35,729 [grpc-default-executor-4] INFO  client.GrpcClientProtocolClient (GrpcClientProtocolClient.java:onNext(255)) - client-969FB6DA8C9A->4fcc8d53-44cb-4faf-b915-5afa0c7529d4: receive RaftClientReply:client-969FB6DA8C9A->4fcc8d53-44cb-4faf-b915-5afa0c7529d4@group-6A615BAE1DD1, cid=2256, SUCCESS, logIndex=3308, commits[4fcc8d53-44cb-4faf-b915-5afa0c7529d4:c3310, 48aa5eb4-709c-4003-adb5-fbc02723cd23:c3306, 609a8cf1-6ad3-4123-b94a-106ad93148a8:c3306]
2019-09-05 09:23:35,729 [grpc-default-executor-4] INFO  client.GrpcClientProtocolClient (GrpcClientProtocolClient.java:onNext(255)) - client-969FB6DA8C9A->4fcc8d53-44cb-4faf-b915-5afa0c7529d4: receive RaftClientReply:client-969FB6DA8C9A->4fcc8d53-44cb-4faf-b915-5afa0c7529d4@group-6A615BAE1DD1, cid=2257, SUCCESS, logIndex=3309, commits[4fcc8d53-44cb-4faf-b915-5afa0c7529d4:c3310, 48aa5eb4-709c-4003-adb5-fbc02723cd23:c3306, 609a8cf1-6ad3-4123-b94a-106ad93148a8:c3306]
2019-09-05 09:23:35,729 [grpc-default-executor-4] INFO  client.GrpcClientProtocolClient (GrpcClientProtocolClient.java:onNext(255)) - client-969FB6DA8C9A->4fcc8d53-44cb-4faf-b915-5afa0c7529d4: receive RaftClientReply:client-969FB6DA8C9A->4fcc8d53-44cb-4faf-b915-5afa0c7529d4@group-6A615BAE1DD1, cid=2258, SUCCESS, logIndex=3310, commits[4fcc8d53-44cb-4faf-b915-5afa0c7529d4:c3310, 48aa5eb4-709c-4003-adb5-fbc02723cd23:c3306, 609a8cf1-6ad3-4123-b94a-106ad93148a8:c3306]
2019-09-05 09:23:35,755 | INFO  | DNAudit | user=null | ip=null | op=WRITE_CHUNK {blockData=conID: 3 locID: 102739176043250233 bcsId: 0} | ret=SUCCESS |  
2019-09-05 09:23:35,755 | INFO  | DNAudit | user=null | ip=null | op=PUT_BLOCK {blockData=[blockId=conID: 3 locID: 102739176043250233 bcsId: 0,size=1048576]} | ret=SUCCESS |  
2019-09-05 09:23:35,783 | INFO  | DNAudit | user=null | ip=null | op=WRITE_CHUNK {blockData=conID: 3 locID: 102739176043250233 bcsId: 0} | ret=SUCCESS |  
2019-09-05 09:23:35,784 | INFO  | DNAudit | user=null | ip=null | op=PUT_BLOCK {blockData=[blockId=conID: 3 locID: 102739176043250233 bcsId: 0,size=1048576]} | ret=SUCCESS |  
2019-09-05 09:23:35,784 | INFO  | DNAudit | user=null | ip=null | op=WRITE_CHUNK {blockData=conID: 3 locID: 102739176043250233 bcsId: 0} | ret=SUCCESS |  
2019-09-05 09:23:35,784 | INFO  | DNAudit | user=null | ip=null | op=PUT_BLOCK {blockData=[blockId=conID: 3 locID: 102739176043250233 bcsId: 0,size=2097152]} | ret=SUCCESS |  
2019-09-05 09:23:35,784 [grpc-default-executor-4] INFO  client.GrpcClientProtocolClient (GrpcClientProtocolClient.java:onNext(255)) - client-969FB6DA8C9A->4fcc8d53-44cb-4faf-b915-5afa0c7529d4: receive RaftClientReply:client-969FB6DA8C9A->4fcc8d53-44cb-4faf-b915-5afa0c7529d4@group-6A615BAE1DD1, cid=2259, SUCCESS, logIndex=0, commits[4fcc8d53-44cb-4faf-b915-5afa0c7529d4:c3311, 48aa5eb4-709c-4003-adb5-fbc02723cd23:c3308, 609a8cf1-6ad3-4123-b94a-106ad93148a8:c3308]
2019-09-05 09:23:35,784 | INFO  | DNAudit | user=null | ip=null | op=WRITE_CHUNK {blockData=conID: 3 locID: 102739176043250233 bcsId: 0} | ret=SUCCESS |  
2019-09-05 09:23:35,784 | INFO  | DNAudit | user=null | ip=null | op=PUT_BLOCK {blockData=[blockId=conID: 3 locID: 102739176043250233 bcsId: 0,size=2097152]} | ret=SUCCESS |  
2019-09-05 09:23:35,789 | INFO  | DNAudit | user=null | ip=null | op=WRITE_CHUNK {blockData=conID: 3 locID: 102739176043250233 bcsId: 3310} | ret=SUCCESS |  
2019-09-05 09:23:35,791 | INFO  | DNAudit | user=null | ip=null | op=WRITE_CHUNK {blockData=conID: 3 locID: 102739176043250233 bcsId: 3310} | ret=SUCCESS |  
2019-09-05 09:23:35,792 | INFO  | DNAudit | user=null | ip=null | op=WRITE_CHUNK {blockData=conID: 3 locID: 102739176043250233 bcsId: 3310} | ret=SUCCESS |  
2019-09-05 09:23:35,813 | INFO  | DNAudit | user=null | ip=null | op=WRITE_CHUNK {blockData=conID: 3 locID: 102739176043250233 bcsId: 3310} | ret=SUCCESS |  
2019-09-05 09:23:35,813 | INFO  | DNAudit | user=null | ip=null | op=PUT_BLOCK {blockData=[blockId=conID: 3 locID: 102739176043250233 bcsId: 0,size=3145728]} | ret=SUCCESS |  
2019-09-05 09:23:35,814 [grpc-default-executor-3] INFO  client.GrpcClientProtocolClient (GrpcClientProtocolClient.java:onNext(255)) - client-969FB6DA8C9A->4fcc8d53-44cb-4faf-b915-5afa0c7529d4: receive RaftClientReply:client-969FB6DA8C9A->4fcc8d53-44cb-4faf-b915-5afa0c7529d4@group-6A615BAE1DD1, cid=2260, SUCCESS, logIndex=3315, commits[4fcc8d53-44cb-4faf-b915-5afa0c7529d4:c3316, 48aa5eb4-709c-4003-adb5-fbc02723cd23:c3314, 609a8cf1-6ad3-4123-b94a-106ad93148a8:c3314]
2019-09-05 09:23:35,814 [grpc-default-executor-3] INFO  client.GrpcClientProtocolClient (GrpcClientProtocolClient.java:onNext(255)) - client-969FB6DA8C9A->4fcc8d53-44cb-4faf-b915-5afa0c7529d4: receive RaftClientReply:client-969FB6DA8C9A->4fcc8d53-44cb-4faf-b915-5afa0c7529d4@group-6A615BAE1DD1, cid=2261, SUCCESS, logIndex=3316, commits[4fcc8d53-44cb-4faf-b915-5afa0c7529d4:c3316, 48aa5eb4-709c-4003-adb5-fbc02723cd23:c3314, 609a8cf1-6ad3-4123-b94a-106ad93148a8:c3314]
2019-09-05 09:23:35,819 | INFO  | DNAudit | user=null | ip=null | op=WRITE_CHUNK {blockData=conID: 3 locID: 102739176043250233 bcsId: 3316} | ret=SUCCESS |  
2019-09-05 09:23:35,821 | INFO  | DNAudit | user=null | ip=null | op=WRITE_CHUNK {blockData=conID: 3 locID: 102739176043250233 bcsId: 3316} | ret=SUCCESS |  
2019-09-05 09:23:35,821 | INFO  | DNAudit | user=null | ip=null | op=WRITE_CHUNK {blockData=conID: 3 locID: 102739176043250233 bcsId: 3316} | ret=SUCCESS |  
2019-09-05 09:23:35,837 | INFO  | DNAudit | user=null | ip=null | op=WRITE_CHUNK {blockData=conID: 3 locID: 102739176043250233 bcsId: 3310} | ret=SUCCESS |  
2019-09-05 09:23:35,837 | INFO  | DNAudit | user=null | ip=null | op=WRITE_CHUNK {blockData=conID: 3 locID: 102739176043250233 bcsId: 3310} | ret=SUCCESS |  
2019-09-05 09:23:35,838 | INFO  | DNAudit | user=null | ip=null | op=PUT_BLOCK {blockData=[blockId=conID: 3 locID: 102739176043250233 bcsId: 0,size=3145728]} | ret=SUCCESS |  
2019-09-05 09:23:35,838 | INFO  | DNAudit | user=null | ip=null | op=PUT_BLOCK {blockData=[blockId=conID: 3 locID: 102739176043250233 bcsId: 0,size=3145728]} | ret=SUCCESS |  
2019-09-05 09:23:35,839 | INFO  | DNAudit | user=null | ip=null | op=WRITE_CHUNK {blockData=conID: 3 locID: 102739176043250233 bcsId: 3316} | ret=SUCCESS |  
2019-09-05 09:23:35,839 | INFO  | DNAudit | user=null | ip=null | op=PUT_BLOCK {blockData=[blockId=conID: 3 locID: 102739176043250233 bcsId: 0,size=4194304]} | ret=SUCCESS |  
2019-09-05 09:23:35,840 [grpc-default-executor-4] INFO  client.GrpcClientProtocolClient (GrpcClientProtocolClient.java:onNext(255)) - client-969FB6DA8C9A->4fcc8d53-44cb-4faf-b915-5afa0c7529d4: receive RaftClientReply:client-969FB6DA8C9A->4fcc8d53-44cb-4faf-b915-5afa0c7529d4@group-6A615BAE1DD1, cid=2262, SUCCESS, logIndex=3319, commits[4fcc8d53-44cb-4faf-b915-5afa0c7529d4:c3320, 48aa5eb4-709c-4003-adb5-fbc02723cd23:c3316, 609a8cf1-6ad3-4123-b94a-106ad93148a8:c3316]
2019-09-05 09:23:35,840 [grpc-default-executor-4] INFO  client.GrpcClientProtocolClient (GrpcClientProtocolClient.java:onNext(255)) - client-969FB6DA8C9A->4fcc8d53-44cb-4faf-b915-5afa0c7529d4: receive RaftClientReply:client-969FB6DA8C9A->4fcc8d53-44cb-4faf-b915-5afa0c7529d4@group-6A615BAE1DD1, cid=2263, SUCCESS, logIndex=3320, commits[4fcc8d53-44cb-4faf-b915-5afa0c7529d4:c3320, 48aa5eb4-709c-4003-adb5-fbc02723cd23:c3316, 609a8cf1-6ad3-4123-b94a-106ad93148a8:c3316]
2019-09-05 09:23:35,855 | INFO  | DNAudit | user=null | ip=null | op=WRITE_CHUNK {blockData=conID: 3 locID: 102739176043250233 bcsId: 3316} | ret=SUCCESS |  
2019-09-05 09:23:35,855 | INFO  | DNAudit | user=null | ip=null | op=WRITE_CHUNK {blockData=conID: 3 locID: 102739176043250233 bcsId: 3316} | ret=SUCCESS |  
2019-09-05 09:23:35,856 | INFO  | DNAudit | user=null | ip=null | op=PUT_BLOCK {blockData=[blockId=conID: 3 locID: 102739176043250233 bcsId: 0,size=4194304]} | ret=SUCCESS |  
2019-09-05 09:23:35,857 | INFO  | DNAudit | user=null | ip=null | op=PUT_BLOCK {blockData=[blockId=conID: 3 locID: 102739176043250233 bcsId: 0,size=4194304]} | ret=SUCCESS |  
2019-09-05 09:23:35,857 [grpc-default-executor-3] INFO  client.GrpcClientProtocolClient (GrpcClientProtocolClient.java:onNext(255)) - client-969FB6DA8C9A->4fcc8d53-44cb-4faf-b915-5afa0c7529d4: receive RaftClientReply:client-969FB6DA8C9A->4fcc8d53-44cb-4faf-b915-5afa0c7529d4@group-6A615BAE1DD1, cid=2264, SUCCESS, logIndex=0, commits[4fcc8d53-44cb-4faf-b915-5afa0c7529d4:c3322, 48aa5eb4-709c-4003-adb5-fbc02723cd23:c3320, 609a8cf1-6ad3-4123-b94a-106ad93148a8:c3320]
2019-09-05 09:23:35,861 | INFO  | SCMAudit | user=jenkins1000 | ip=192.168.36.69 | op=ALLOCATE_BLOCK {owner=5cf4fcf6-c517-45f4-af25-2fff646d8883, size=4194304, type=RATIS, factor=THREE} | ret=SUCCESS |  
2019-09-05 09:23:35,863 | INFO  | OMAudit | user=jenkins1000 | ip=127.0.0.1 | op=ALLOCATE_BLOCK {volume=vol-0-13331, bucket=bucket-0-43606, key=key-0-76526, dataSize=0, replicationType=null, replicationFactor=null, keyLocationInfo=null, clientID=102739173903106450} | ret=SUCCESS |  
2019-09-05 09:23:35,869 | INFO  | DNAudit | user=null | ip=null | op=WRITE_CHUNK {blockData=conID: 1 locID: 102739176053867066 bcsId: 0} | ret=SUCCESS |  
2019-09-05 09:23:35,870 | INFO  | DNAudit | user=null | ip=null | op=WRITE_CHUNK {blockData=conID: 1 locID: 102739176053867066 bcsId: 0} | ret=SUCCESS |  
2019-09-05 09:23:35,870 | INFO  | DNAudit | user=null | ip=null | op=WRITE_CHUNK {blockData=conID: 1 locID: 102739176053867066 bcsId: 0} | ret=SUCCESS |  
2019-09-05 09:23:35,871 | INFO  | DNAudit | user=null | ip=null | op=WRITE_CHUNK {blockData=conID: 1 locID: 102739176053867066 bcsId: 0} | ret=SUCCESS |  
2019-09-05 09:23:35,872 | INFO  | DNAudit | user=null | ip=null | op=WRITE_CHUNK {blockData=conID: 1 locID: 102739176053867066 bcsId: 0} | ret=SUCCESS |  
2019-09-05 09:23:35,872 | INFO  | DNAudit | user=null | ip=null | op=WRITE_CHUNK {blockData=conID: 1 locID: 102739176053867066 bcsId: 0} | ret=SUCCESS |  
2019-09-05 09:23:35,886 | INFO  | DNAudit | user=null | ip=null | op=WRITE_CHUNK {blockData=conID: 1 locID: 102739176053867066 bcsId: 0} | ret=SUCCESS |  
2019-09-05 09:23:35,886 | INFO  | DNAudit | user=null | ip=null | op=PUT_BLOCK {blockData=[blockId=conID: 1 locID: 102739176053867066 bcsId: 0,size=1048576]} | ret=SUCCESS |  
2019-09-05 09:23:35,887 [grpc-default-executor-5] INFO  client.GrpcClientProtocolClient (GrpcClientProtocolClient.java:onNext(255)) - client-969FB6DA8C9A->4fcc8d53-44cb-4faf-b915-5afa0c7529d4: receive RaftClientReply:client-969FB6DA8C9A->4fcc8d53-44cb-4faf-b915-5afa0c7529d4@group-6A615BAE1DD1, cid=2265, SUCCESS, logIndex=3323, commits[4fcc8d53-44cb-4faf-b915-5afa0c7529d4:c3324, 48aa5eb4-709c-4003-adb5-fbc02723cd23:c3322, 609a8cf1-6ad3-4123-b94a-106ad93148a8:c3322]
2019-09-05 09:23:35,890 | INFO  | DNAudit | user=null | ip=null | op=WRITE_CHUNK {blockData=conID: 1 locID: 102739176053867066 bcsId: 0} | ret=SUCCESS |  
2019-09-05 09:23:35,890 | INFO  | DNAudit | user=null | ip=null | op=PUT_BLOCK {blockData=[blockId=conID: 1 locID: 102739176053867066 bcsId: 0,size=2097152]} | ret=SUCCESS |  
2019-09-05 09:23:35,890 [grpc-default-executor-5] INFO  client.GrpcClientProtocolClient (GrpcClientProtocolClient.java:onNext(255)) - client-969FB6DA8C9A->4fcc8d53-44cb-4faf-b915-5afa0c7529d4: receive RaftClientReply:client-969FB6DA8C9A->4fcc8d53-44cb-4faf-b915-5afa0c7529d4@group-6A615BAE1DD1, cid=2266, SUCCESS, logIndex=3324, commits[4fcc8d53-44cb-4faf-b915-5afa0c7529d4:c3326, 48aa5eb4-709c-4003-adb5-fbc02723cd23:c3322, 609a8cf1-6ad3-4123-b94a-106ad93148a8:c3322]
2019-09-05 09:23:35,891 [grpc-default-executor-5] INFO  client.GrpcClientProtocolClient (GrpcClientProtocolClient.java:onNext(255)) - client-969FB6DA8C9A->4fcc8d53-44cb-4faf-b915-5afa0c7529d4: receive RaftClientReply:client-969FB6DA8C9A->4fcc8d53-44cb-4faf-b915-5afa0c7529d4@group-6A615BAE1DD1, cid=2267, SUCCESS, logIndex=3325, commits[4fcc8d53-44cb-4faf-b915-5afa0c7529d4:c3326, 48aa5eb4-709c-4003-adb5-fbc02723cd23:c3322, 609a8cf1-6ad3-4123-b94a-106ad93148a8:c3322]
2019-09-05 09:23:35,891 [grpc-default-executor-5] INFO  client.GrpcClientProtocolClient (GrpcClientProtocolClient.java:onNext(255)) - client-969FB6DA8C9A->4fcc8d53-44cb-4faf-b915-5afa0c7529d4: receive RaftClientReply:client-969FB6DA8C9A->4fcc8d53-44cb-4faf-b915-5afa0c7529d4@group-6A615BAE1DD1, cid=2268, SUCCESS, logIndex=3326, commits[4fcc8d53-44cb-4faf-b915-5afa0c7529d4:c3326, 48aa5eb4-709c-4003-adb5-fbc02723cd23:c3322, 609a8cf1-6ad3-4123-b94a-106ad93148a8:c3322]
2019-09-05 09:23:35,915 | INFO  | DNAudit | user=null | ip=null | op=WRITE_CHUNK {blockData=conID: 1 locID: 102739176053867066 bcsId: 0} | ret=SUCCESS |  
2019-09-05 09:23:35,915 | INFO  | DNAudit | user=null | ip=null | op=WRITE_CHUNK {blockData=conID: 1 locID: 102739176053867066 bcsId: 0} | ret=SUCCESS |  
2019-09-05 09:23:35,918 | INFO  | DNAudit | user=null | ip=null | op=PUT_BLOCK {blockData=[blockId=conID: 1 locID: 102739176053867066 bcsId: 0,size=1048576]} | ret=SUCCESS |  
2019-09-05 09:23:35,918 | INFO  | DNAudit | user=null | ip=null | op=PUT_BLOCK {blockData=[blockId=conID: 1 locID: 102739176053867066 bcsId: 0,size=1048576]} | ret=SUCCESS |  
2019-09-05 09:23:35,918 | INFO  | DNAudit | user=null | ip=null | op=WRITE_CHUNK {blockData=conID: 1 locID: 102739176053867066 bcsId: 0} | ret=SUCCESS |  
2019-09-05 09:23:35,918 | INFO  | DNAudit | user=null | ip=null | op=WRITE_CHUNK {blockData=conID: 1 locID: 102739176053867066 bcsId: 0} | ret=SUCCESS |  
2019-09-05 09:23:35,919 | INFO  | DNAudit | user=null | ip=null | op=PUT_BLOCK {blockData=[blockId=conID: 1 locID: 102739176053867066 bcsId: 0,size=2097152]} | ret=SUCCESS |  
2019-09-05 09:23:35,919 | INFO  | DNAudit | user=null | ip=null | op=PUT_BLOCK {blockData=[blockId=conID: 1 locID: 102739176053867066 bcsId: 0,size=2097152]} | ret=SUCCESS |  
2019-09-05 09:23:35,919 [grpc-default-executor-5] INFO  client.GrpcClientProtocolClient (GrpcClientProtocolClient.java:onNext(255)) - client-969FB6DA8C9A->4fcc8d53-44cb-4faf-b915-5afa0c7529d4: receive RaftClientReply:client-969FB6DA8C9A->4fcc8d53-44cb-4faf-b915-5afa0c7529d4@group-6A615BAE1DD1, cid=2269, SUCCESS, logIndex=0, commits[4fcc8d53-44cb-4faf-b915-5afa0c7529d4:c3328, 48aa5eb4-709c-4003-adb5-fbc02723cd23:c3324, 609a8cf1-6ad3-4123-b94a-106ad93148a8:c3324]
2019-09-05 09:23:35,926 | INFO  | DNAudit | user=null | ip=null | op=WRITE_CHUNK {blockData=conID: 1 locID: 102739176053867066 bcsId: 3326} | ret=SUCCESS |  
2019-09-05 09:23:35,928 | INFO  | DNAudit | user=null | ip=null | op=WRITE_CHUNK {blockData=conID: 1 locID: 102739176053867066 bcsId: 3326} | ret=SUCCESS |  
2019-09-05 09:23:35,928 | INFO  | DNAudit | user=null | ip=null | op=WRITE_CHUNK {blockData=conID: 1 locID: 102739176053867066 bcsId: 3326} | ret=SUCCESS |  
2019-09-05 09:23:35,947 | INFO  | DNAudit | user=null | ip=null | op=WRITE_CHUNK {blockData=conID: 1 locID: 102739176053867066 bcsId: 3326} | ret=SUCCESS |  
2019-09-05 09:23:35,948 | INFO  | DNAudit | user=null | ip=null | op=PUT_BLOCK {blockData=[blockId=conID: 1 locID: 102739176053867066 bcsId: 0,size=3145728]} | ret=SUCCESS |  
2019-09-05 09:23:35,948 [grpc-default-executor-3] INFO  client.GrpcClientProtocolClient (GrpcClientProtocolClient.java:onNext(255)) - client-969FB6DA8C9A->4fcc8d53-44cb-4faf-b915-5afa0c7529d4: receive RaftClientReply:client-969FB6DA8C9A->4fcc8d53-44cb-4faf-b915-5afa0c7529d4@group-6A615BAE1DD1, cid=2270, SUCCESS, logIndex=3331, commits[4fcc8d53-44cb-4faf-b915-5afa0c7529d4:c3332, 48aa5eb4-709c-4003-adb5-fbc02723cd23:c3330, 609a8cf1-6ad3-4123-b94a-106ad93148a8:c3330]
2019-09-05 09:23:35,948 [grpc-default-executor-3] INFO  client.GrpcClientProtocolClient (GrpcClientProtocolClient.java:onNext(255)) - client-969FB6DA8C9A->4fcc8d53-44cb-4faf-b915-5afa0c7529d4: receive RaftClientReply:client-969FB6DA8C9A->4fcc8d53-44cb-4faf-b915-5afa0c7529d4@group-6A615BAE1DD1, cid=2271, SUCCESS, logIndex=3332, commits[4fcc8d53-44cb-4faf-b915-5afa0c7529d4:c3332, 48aa5eb4-709c-4003-adb5-fbc02723cd23:c3330, 609a8cf1-6ad3-4123-b94a-106ad93148a8:c3330]
2019-09-05 09:23:35,955 | INFO  | DNAudit | user=null | ip=null | op=WRITE_CHUNK {blockData=conID: 1 locID: 102739176053867066 bcsId: 3332} | ret=SUCCESS |  
2019-09-05 09:23:35,957 | INFO  | DNAudit | user=null | ip=null | op=WRITE_CHUNK {blockData=conID: 1 locID: 102739176053867066 bcsId: 3332} | ret=SUCCESS |  
2019-09-05 09:23:35,957 | INFO  | DNAudit | user=null | ip=null | op=WRITE_CHUNK {blockData=conID: 1 locID: 102739176053867066 bcsId: 3332} | ret=SUCCESS |  
2019-09-05 09:23:35,965 | INFO  | DNAudit | user=null | ip=null | op=WRITE_CHUNK {blockData=conID: 1 locID: 102739176053867066 bcsId: 3326} | ret=SUCCESS |  
2019-09-05 09:23:35,965 | INFO  | DNAudit | user=null | ip=null | op=WRITE_CHUNK {blockData=conID: 1 locID: 102739176053867066 bcsId: 3326} | ret=SUCCESS |  
2019-09-05 09:23:35,966 | INFO  | DNAudit | user=null | ip=null | op=PUT_BLOCK {blockData=[blockId=conID: 1 locID: 102739176053867066 bcsId: 0,size=3145728]} | ret=SUCCESS |  
2019-09-05 09:23:35,966 | INFO  | DNAudit | user=null | ip=null | op=WRITE_CHUNK {blockData=conID: 1 locID: 102739176053867066 bcsId: 3332} | ret=SUCCESS |  
2019-09-05 09:23:35,967 | INFO  | DNAudit | user=null | ip=null | op=PUT_BLOCK {blockData=[blockId=conID: 1 locID: 102739176053867066 bcsId: 0,size=4194304]} | ret=SUCCESS |  
2019-09-05 09:23:35,967 [grpc-default-executor-5] INFO  client.GrpcClientProtocolClient (GrpcClientProtocolClient.java:onNext(255)) - client-969FB6DA8C9A->4fcc8d53-44cb-4faf-b915-5afa0c7529d4: receive RaftClientReply:client-969FB6DA8C9A->4fcc8d53-44cb-4faf-b915-5afa0c7529d4@group-6A615BAE1DD1, cid=2272, SUCCESS, logIndex=3335, commits[4fcc8d53-44cb-4faf-b915-5afa0c7529d4:c3336, 48aa5eb4-709c-4003-adb5-fbc02723cd23:c3331, 609a8cf1-6ad3-4123-b94a-106ad93148a8:c3332]
2019-09-05 09:23:35,967 | INFO  | DNAudit | user=null | ip=null | op=PUT_BLOCK {blockData=[blockId=conID: 1 locID: 102739176053867066 bcsId: 0,size=3145728]} | ret=SUCCESS |  
2019-09-05 09:23:35,967 [grpc-default-executor-2] INFO  client.GrpcClientProtocolClient (GrpcClientProtocolClient.java:onNext(255)) - client-969FB6DA8C9A->4fcc8d53-44cb-4faf-b915-5afa0c7529d4: receive RaftClientReply:client-969FB6DA8C9A->4fcc8d53-44cb-4faf-b915-5afa0c7529d4@group-6A615BAE1DD1, cid=2273, SUCCESS, logIndex=3336, commits[4fcc8d53-44cb-4faf-b915-5afa0c7529d4:c3336, 48aa5eb4-709c-4003-adb5-fbc02723cd23:c3331, 609a8cf1-6ad3-4123-b94a-106ad93148a8:c3332]
2019-09-05 09:23:35,968 | INFO  | DNAudit | user=null | ip=null | op=WRITE_CHUNK {blockData=conID: 1 locID: 102739176053867066 bcsId: 3332} | ret=SUCCESS |  
2019-09-05 09:23:35,968 [grpc-default-executor-2] INFO  client.GrpcClientProtocolClient (GrpcClientProtocolClient.java:onNext(255)) - client-969FB6DA8C9A->4fcc8d53-44cb-4faf-b915-5afa0c7529d4: receive RaftClientReply:client-969FB6DA8C9A->4fcc8d53-44cb-4faf-b915-5afa0c7529d4@group-6A615BAE1DD1, cid=2274, SUCCESS, logIndex=0, commits[4fcc8d53-44cb-4faf-b915-5afa0c7529d4:c3336, 48aa5eb4-709c-4003-adb5-fbc02723cd23:c3332, 609a8cf1-6ad3-4123-b94a-106ad93148a8:c3332]
2019-09-05 09:23:35,969 | INFO  | DNAudit | user=null | ip=null | op=WRITE_CHUNK {blockData=conID: 1 locID: 102739176053867066 bcsId: 3332} | ret=SUCCESS |  
2019-09-05 09:23:35,969 | INFO  | DNAudit | user=null | ip=null | op=PUT_BLOCK {blockData=[blockId=conID: 1 locID: 102739176053867066 bcsId: 0,size=4194304]} | ret=SUCCESS |  
2019-09-05 09:23:35,969 | INFO  | DNAudit | user=null | ip=null | op=PUT_BLOCK {blockData=[blockId=conID: 1 locID: 102739176053867066 bcsId: 0,size=4194304]} | ret=SUCCESS |  
2019-09-05 09:23:35,970 [grpc-default-executor-2] INFO  client.GrpcClientProtocolClient (GrpcClientProtocolClient.java:onNext(255)) - client-969FB6DA8C9A->4fcc8d53-44cb-4faf-b915-5afa0c7529d4: receive RaftClientReply:client-969FB6DA8C9A->4fcc8d53-44cb-4faf-b915-5afa0c7529d4@group-6A615BAE1DD1, cid=2275, SUCCESS, logIndex=0, commits[4fcc8d53-44cb-4faf-b915-5afa0c7529d4:c3338, 48aa5eb4-709c-4003-adb5-fbc02723cd23:c3336, 609a8cf1-6ad3-4123-b94a-106ad93148a8:c3336]
2019-09-05 09:23:35,973 | INFO  | SCMAudit | user=jenkins1000 | ip=192.168.36.69 | op=ALLOCATE_BLOCK {owner=5cf4fcf6-c517-45f4-af25-2fff646d8883, size=4194304, type=RATIS, factor=THREE} | ret=SUCCESS |  
2019-09-05 09:23:35,976 | INFO  | OMAudit | user=jenkins1000 | ip=127.0.0.1 | op=ALLOCATE_BLOCK {volume=vol-0-13331, bucket=bucket-0-43606, key=key-0-76526, dataSize=0, replicationType=null, replicationFactor=null, keyLocationInfo=null, clientID=102739173903106450} | ret=SUCCESS |  
2019-09-05 09:23:35,981 | INFO  | DNAudit | user=null | ip=null | op=WRITE_CHUNK {blockData=conID: 2 locID: 102739176061207099 bcsId: 0} | ret=SUCCESS |  
2019-09-05 09:23:35,984 | INFO  | DNAudit | user=null | ip=null | op=WRITE_CHUNK {blockData=conID: 2 locID: 102739176061207099 bcsId: 0} | ret=SUCCESS |  
2019-09-05 09:23:35,984 | INFO  | DNAudit | user=null | ip=null | op=WRITE_CHUNK {blockData=conID: 2 locID: 102739176061207099 bcsId: 0} | ret=SUCCESS |  
2019-09-05 09:23:35,984 | INFO  | DNAudit | user=null | ip=null | op=WRITE_CHUNK {blockData=conID: 2 locID: 102739176061207099 bcsId: 0} | ret=SUCCESS |  
2019-09-05 09:23:35,986 | INFO  | DNAudit | user=null | ip=null | op=WRITE_CHUNK {blockData=conID: 2 locID: 102739176061207099 bcsId: 0} | ret=SUCCESS |  
2019-09-05 09:23:35,986 | INFO  | DNAudit | user=null | ip=null | op=WRITE_CHUNK {blockData=conID: 2 locID: 102739176061207099 bcsId: 0} | ret=SUCCESS |  
2019-09-05 09:23:35,990 | INFO  | DNAudit | user=null | ip=null | op=WRITE_CHUNK {blockData=conID: 2 locID: 102739176061207099 bcsId: 0} | ret=SUCCESS |  
2019-09-05 09:23:35,990 | INFO  | DNAudit | user=null | ip=null | op=PUT_BLOCK {blockData=[blockId=conID: 2 locID: 102739176061207099 bcsId: 0,size=1048576]} | ret=SUCCESS |  
2019-09-05 09:23:35,991 [grpc-default-executor-5] INFO  client.GrpcClientProtocolClient (GrpcClientProtocolClient.java:onNext(255)) - client-969FB6DA8C9A->4fcc8d53-44cb-4faf-b915-5afa0c7529d4: receive RaftClientReply:client-969FB6DA8C9A->4fcc8d53-44cb-4faf-b915-5afa0c7529d4@group-6A615BAE1DD1, cid=2276, SUCCESS, logIndex=3339, commits[4fcc8d53-44cb-4faf-b915-5afa0c7529d4:c3340, 48aa5eb4-709c-4003-adb5-fbc02723cd23:c3338, 609a8cf1-6ad3-4123-b94a-106ad93148a8:c3338]
2019-09-05 09:23:35,991 [grpc-default-executor-5] INFO  client.GrpcClientProtocolClient (GrpcClientProtocolClient.java:onNext(255)) - client-969FB6DA8C9A->4fcc8d53-44cb-4faf-b915-5afa0c7529d4: receive RaftClientReply:client-969FB6DA8C9A->4fcc8d53-44cb-4faf-b915-5afa0c7529d4@group-6A615BAE1DD1, cid=2277, SUCCESS, logIndex=3340, commits[4fcc8d53-44cb-4faf-b915-5afa0c7529d4:c3340, 48aa5eb4-709c-4003-adb5-fbc02723cd23:c3338, 609a8cf1-6ad3-4123-b94a-106ad93148a8:c3338]
2019-09-05 09:23:36,022 | INFO  | DNAudit | user=null | ip=null | op=WRITE_CHUNK {blockData=conID: 2 locID: 102739176061207099 bcsId: 0} | ret=SUCCESS |  
2019-09-05 09:23:36,022 | INFO  | DNAudit | user=null | ip=null | op=WRITE_CHUNK {blockData=conID: 2 locID: 102739176061207099 bcsId: 0} | ret=SUCCESS |  
2019-09-05 09:23:36,022 | INFO  | DNAudit | user=null | ip=null | op=WRITE_CHUNK {blockData=conID: 2 locID: 102739176061207099 bcsId: 0} | ret=SUCCESS |  
2019-09-05 09:23:36,022 | INFO  | DNAudit | user=null | ip=null | op=PUT_BLOCK {blockData=[blockId=conID: 2 locID: 102739176061207099 bcsId: 0,size=1048576]} | ret=SUCCESS |  
2019-09-05 09:23:36,022 | INFO  | DNAudit | user=null | ip=null | op=PUT_BLOCK {blockData=[blockId=conID: 2 locID: 102739176061207099 bcsId: 0,size=1048576]} | ret=SUCCESS |  
2019-09-05 09:23:36,022 | INFO  | DNAudit | user=null | ip=null | op=PUT_BLOCK {blockData=[blockId=conID: 2 locID: 102739176061207099 bcsId: 0,size=2097152]} | ret=SUCCESS |  
2019-09-05 09:23:36,022 [grpc-default-executor-2] INFO  client.GrpcClientProtocolClient (GrpcClientProtocolClient.java:onNext(255)) - client-969FB6DA8C9A->4fcc8d53-44cb-4faf-b915-5afa0c7529d4: receive RaftClientReply:client-969FB6DA8C9A->4fcc8d53-44cb-4faf-b915-5afa0c7529d4@group-6A615BAE1DD1, cid=2278, SUCCESS, logIndex=3341, commits[4fcc8d53-44cb-4faf-b915-5afa0c7529d4:c3342, 48aa5eb4-709c-4003-adb5-fbc02723cd23:c3338, 609a8cf1-6ad3-4123-b94a-106ad93148a8:c3338]
2019-09-05 09:23:36,023 [grpc-default-executor-2] INFO  client.GrpcClientProtocolClient (GrpcClientProtocolClient.java:onNext(255)) - client-969FB6DA8C9A->4fcc8d53-44cb-4faf-b915-5afa0c7529d4: receive RaftClientReply:client-969FB6DA8C9A->4fcc8d53-44cb-4faf-b915-5afa0c7529d4@group-6A615BAE1DD1, cid=2279, SUCCESS, logIndex=3342, commits[4fcc8d53-44cb-4faf-b915-5afa0c7529d4:c3342, 48aa5eb4-709c-4003-adb5-fbc02723cd23:c3340, 609a8cf1-6ad3-4123-b94a-106ad93148a8:c3340]
2019-09-05 09:23:36,029 | INFO  | DNAudit | user=null | ip=null | op=WRITE_CHUNK {blockData=conID: 2 locID: 102739176061207099 bcsId: 3342} | ret=SUCCESS |  
2019-09-05 09:23:36,031 | INFO  | DNAudit | user=null | ip=null | op=WRITE_CHUNK {blockData=conID: 2 locID: 102739176061207099 bcsId: 3342} | ret=SUCCESS |  
2019-09-05 09:23:36,031 | INFO  | DNAudit | user=null | ip=null | op=WRITE_CHUNK {blockData=conID: 2 locID: 102739176061207099 bcsId: 3342} | ret=SUCCESS |  
2019-09-05 09:23:36,045 | INFO  | DNAudit | user=null | ip=null | op=WRITE_CHUNK {blockData=conID: 2 locID: 102739176061207099 bcsId: 0} | ret=SUCCESS |  
2019-09-05 09:23:36,045 | INFO  | DNAudit | user=null | ip=null | op=WRITE_CHUNK {blockData=conID: 2 locID: 102739176061207099 bcsId: 3342} | ret=SUCCESS |  
2019-09-05 09:23:36,045 | INFO  | DNAudit | user=null | ip=null | op=PUT_BLOCK {blockData=[blockId=conID: 2 locID: 102739176061207099 bcsId: 0,size=2097152]} | ret=SUCCESS |  
2019-09-05 09:23:36,045 | INFO  | DNAudit | user=null | ip=null | op=WRITE_CHUNK {blockData=conID: 2 locID: 102739176061207099 bcsId: 0} | ret=SUCCESS |  
2019-09-05 09:23:36,046 | INFO  | DNAudit | user=null | ip=null | op=PUT_BLOCK {blockData=[blockId=conID: 2 locID: 102739176061207099 bcsId: 0,size=3145728]} | ret=SUCCESS |  
2019-09-05 09:23:36,046 | INFO  | DNAudit | user=null | ip=null | op=PUT_BLOCK {blockData=[blockId=conID: 2 locID: 102739176061207099 bcsId: 0,size=2097152]} | ret=SUCCESS |  
2019-09-05 09:23:36,046 [grpc-default-executor-3] INFO  client.GrpcClientProtocolClient (GrpcClientProtocolClient.java:onNext(255)) - client-969FB6DA8C9A->4fcc8d53-44cb-4faf-b915-5afa0c7529d4: receive RaftClientReply:client-969FB6DA8C9A->4fcc8d53-44cb-4faf-b915-5afa0c7529d4@group-6A615BAE1DD1, cid=2280, SUCCESS, logIndex=3347, commits[4fcc8d53-44cb-4faf-b915-5afa0c7529d4:c3348, 48aa5eb4-709c-4003-adb5-fbc02723cd23:c3340, 609a8cf1-6ad3-4123-b94a-106ad93148a8:c3342]
2019-09-05 09:23:36,046 [grpc-default-executor-3] INFO  client.GrpcClientProtocolClient (GrpcClientProtocolClient.java:onNext(255)) - client-969FB6DA8C9A->4fcc8d53-44cb-4faf-b915-5afa0c7529d4: receive RaftClientReply:client-969FB6DA8C9A->4fcc8d53-44cb-4faf-b915-5afa0c7529d4@group-6A615BAE1DD1, cid=2281, SUCCESS, logIndex=3348, commits[4fcc8d53-44cb-4faf-b915-5afa0c7529d4:c3348, 48aa5eb4-709c-4003-adb5-fbc02723cd23:c3342, 609a8cf1-6ad3-4123-b94a-106ad93148a8:c3342]
2019-09-05 09:23:36,052 | INFO  | DNAudit | user=null | ip=null | op=WRITE_CHUNK {blockData=conID: 2 locID: 102739176061207099 bcsId: 3348} | ret=SUCCESS |  
2019-09-05 09:23:36,054 | INFO  | DNAudit | user=null | ip=null | op=WRITE_CHUNK {blockData=conID: 2 locID: 102739176061207099 bcsId: 3348} | ret=SUCCESS |  
2019-09-05 09:23:36,054 | INFO  | DNAudit | user=null | ip=null | op=WRITE_CHUNK {blockData=conID: 2 locID: 102739176061207099 bcsId: 3348} | ret=SUCCESS |  
2019-09-05 09:23:36,083 | INFO  | DNAudit | user=null | ip=null | op=WRITE_CHUNK {blockData=conID: 2 locID: 102739176061207099 bcsId: 3342} | ret=SUCCESS |  
2019-09-05 09:23:36,100 | INFO  | DNAudit | user=null | ip=null | op=WRITE_CHUNK {blockData=conID: 2 locID: 102739176061207099 bcsId: 3342} | ret=SUCCESS |  
2019-09-05 09:23:36,100 | INFO  | DNAudit | user=null | ip=null | op=PUT_BLOCK {blockData=[blockId=conID: 2 locID: 102739176061207099 bcsId: 0,size=3145728]} | ret=SUCCESS |  
2019-09-05 09:23:36,120 | INFO  | DNAudit | user=null | ip=null | op=PUT_BLOCK {blockData=[blockId=conID: 2 locID: 102739176061207099 bcsId: 0,size=3145728]} | ret=SUCCESS |  
2019-09-05 09:23:36,120 | INFO  | DNAudit | user=null | ip=null | op=WRITE_CHUNK {blockData=conID: 2 locID: 102739176061207099 bcsId: 3348} | ret=SUCCESS |  
2019-09-05 09:23:36,121 | INFO  | DNAudit | user=null | ip=null | op=PUT_BLOCK {blockData=[blockId=conID: 2 locID: 102739176061207099 bcsId: 0,size=4194304]} | ret=SUCCESS |  
2019-09-05 09:23:36,121 [grpc-default-executor-5] INFO  client.GrpcClientProtocolClient (GrpcClientProtocolClient.java:onNext(255)) - client-969FB6DA8C9A->4fcc8d53-44cb-4faf-b915-5afa0c7529d4: receive RaftClientReply:client-969FB6DA8C9A->4fcc8d53-44cb-4faf-b915-5afa0c7529d4@group-6A615BAE1DD1, cid=2282, SUCCESS, logIndex=3351, commits[4fcc8d53-44cb-4faf-b915-5afa0c7529d4:c3352, 48aa5eb4-709c-4003-adb5-fbc02723cd23:c3348, 609a8cf1-6ad3-4123-b94a-106ad93148a8:c3348]
2019-09-05 09:23:36,121 [grpc-default-executor-5] INFO  client.GrpcClientProtocolClient (GrpcClientProtocolClient.java:onNext(255)) - client-969FB6DA8C9A->4fcc8d53-44cb-4faf-b915-5afa0c7529d4: receive RaftClientReply:client-969FB6DA8C9A->4fcc8d53-44cb-4faf-b915-5afa0c7529d4@group-6A615BAE1DD1, cid=2283, SUCCESS, logIndex=3352, commits[4fcc8d53-44cb-4faf-b915-5afa0c7529d4:c3352, 48aa5eb4-709c-4003-adb5-fbc02723cd23:c3348, 609a8cf1-6ad3-4123-b94a-106ad93148a8:c3348]
2019-09-05 09:23:36,164 | INFO  | DNAudit | user=null | ip=null | op=WRITE_CHUNK {blockData=conID: 2 locID: 102739176061207099 bcsId: 3348} | ret=SUCCESS |  
2019-09-05 09:23:36,165 | INFO  | DNAudit | user=null | ip=null | op=WRITE_CHUNK {blockData=conID: 2 locID: 102739176061207099 bcsId: 3348} | ret=SUCCESS |  
2019-09-05 09:23:36,166 | INFO  | DNAudit | user=null | ip=null | op=PUT_BLOCK {blockData=[blockId=conID: 2 locID: 102739176061207099 bcsId: 0,size=4194304]} | ret=SUCCESS |  
2019-09-05 09:23:36,166 | INFO  | DNAudit | user=null | ip=null | op=PUT_BLOCK {blockData=[blockId=conID: 2 locID: 102739176061207099 bcsId: 0,size=4194304]} | ret=SUCCESS |  
2019-09-05 09:23:36,167 [grpc-default-executor-5] INFO  client.GrpcClientProtocolClient (GrpcClientProtocolClient.java:onNext(255)) - client-969FB6DA8C9A->4fcc8d53-44cb-4faf-b915-5afa0c7529d4: receive RaftClientReply:client-969FB6DA8C9A->4fcc8d53-44cb-4faf-b915-5afa0c7529d4@group-6A615BAE1DD1, cid=2284, SUCCESS, logIndex=0, commits[4fcc8d53-44cb-4faf-b915-5afa0c7529d4:c3354, 48aa5eb4-709c-4003-adb5-fbc02723cd23:c3352, 609a8cf1-6ad3-4123-b94a-106ad93148a8:c3352]
2019-09-05 09:23:36,172 | INFO  | SCMAudit | user=jenkins1000 | ip=192.168.36.69 | op=ALLOCATE_BLOCK {owner=5cf4fcf6-c517-45f4-af25-2fff646d8883, size=4194304, type=RATIS, factor=THREE} | ret=SUCCESS |  
2019-09-05 09:23:36,176 | INFO  | OMAudit | user=jenkins1000 | ip=127.0.0.1 | op=ALLOCATE_BLOCK {volume=vol-0-13331, bucket=bucket-0-43606, key=key-0-76526, dataSize=0, replicationType=null, replicationFactor=null, keyLocationInfo=null, clientID=102739173903106450} | ret=SUCCESS |  
2019-09-05 09:23:36,183 | INFO  | DNAudit | user=null | ip=null | op=WRITE_CHUNK {blockData=conID: 3 locID: 102739176074248764 bcsId: 0} | ret=SUCCESS |  
2019-09-05 09:23:36,186 | INFO  | DNAudit | user=null | ip=null | op=WRITE_CHUNK {blockData=conID: 3 locID: 102739176074248764 bcsId: 0} | ret=SUCCESS |  
2019-09-05 09:23:36,186 | INFO  | DNAudit | user=null | ip=null | op=WRITE_CHUNK {blockData=conID: 3 locID: 102739176074248764 bcsId: 0} | ret=SUCCESS |  
2019-09-05 09:23:36,187 | INFO  | DNAudit | user=null | ip=null | op=WRITE_CHUNK {blockData=conID: 3 locID: 102739176074248764 bcsId: 0} | ret=SUCCESS |  
2019-09-05 09:23:36,190 | INFO  | DNAudit | user=null | ip=null | op=WRITE_CHUNK {blockData=conID: 3 locID: 102739176074248764 bcsId: 0} | ret=SUCCESS |  
2019-09-05 09:23:36,190 | INFO  | DNAudit | user=null | ip=null | op=WRITE_CHUNK {blockData=conID: 3 locID: 102739176074248764 bcsId: 0} | ret=SUCCESS |  
2019-09-05 09:23:36,201 | INFO  | DNAudit | user=null | ip=null | op=WRITE_CHUNK {blockData=conID: 3 locID: 102739176074248764 bcsId: 0} | ret=SUCCESS |  
2019-09-05 09:23:36,201 | INFO  | DNAudit | user=null | ip=null | op=PUT_BLOCK {blockData=[blockId=conID: 3 locID: 102739176074248764 bcsId: 0,size=1048576]} | ret=SUCCESS |  
2019-09-05 09:23:36,201 [grpc-default-executor-2] INFO  client.GrpcClientProtocolClient (GrpcClientProtocolClient.java:onNext(255)) - client-969FB6DA8C9A->4fcc8d53-44cb-4faf-b915-5afa0c7529d4: receive RaftClientReply:client-969FB6DA8C9A->4fcc8d53-44cb-4faf-b915-5afa0c7529d4@group-6A615BAE1DD1, cid=2285, SUCCESS, logIndex=3355, commits[4fcc8d53-44cb-4faf-b915-5afa0c7529d4:c3356, 48aa5eb4-709c-4003-adb5-fbc02723cd23:c3354, 609a8cf1-6ad3-4123-b94a-106ad93148a8:c3354]
2019-09-05 09:23:36,202 [grpc-default-executor-2] INFO  client.GrpcClientProtocolClient (GrpcClientProtocolClient.java:onNext(255)) - client-969FB6DA8C9A->4fcc8d53-44cb-4faf-b915-5afa0c7529d4: receive RaftClientReply:client-969FB6DA8C9A->4fcc8d53-44cb-4faf-b915-5afa0c7529d4@group-6A615BAE1DD1, cid=2286, SUCCESS, logIndex=3356, commits[4fcc8d53-44cb-4faf-b915-5afa0c7529d4:c3356, 48aa5eb4-709c-4003-adb5-fbc02723cd23:c3354, 609a8cf1-6ad3-4123-b94a-106ad93148a8:c3354]
2019-09-05 09:23:36,218 | INFO  | DNAudit | user=null | ip=null | op=WRITE_CHUNK {blockData=conID: 3 locID: 102739176074248764 bcsId: 0} | ret=SUCCESS |  
2019-09-05 09:23:36,218 | INFO  | DNAudit | user=null | ip=null | op=PUT_BLOCK {blockData=[blockId=conID: 3 locID: 102739176074248764 bcsId: 0,size=2097152]} | ret=SUCCESS |  
2019-09-05 09:23:36,218 [grpc-default-executor-2] INFO  client.GrpcClientProtocolClient (GrpcClientProtocolClient.java:onNext(255)) - client-969FB6DA8C9A->4fcc8d53-44cb-4faf-b915-5afa0c7529d4: receive RaftClientReply:client-969FB6DA8C9A->4fcc8d53-44cb-4faf-b915-5afa0c7529d4@group-6A615BAE1DD1, cid=2287, SUCCESS, logIndex=3357, commits[4fcc8d53-44cb-4faf-b915-5afa0c7529d4:c3358, 48aa5eb4-709c-4003-adb5-fbc02723cd23:c3354, 609a8cf1-6ad3-4123-b94a-106ad93148a8:c3354]
2019-09-05 09:23:36,219 [grpc-default-executor-2] INFO  client.GrpcClientProtocolClient (GrpcClientProtocolClient.java:onNext(255)) - client-969FB6DA8C9A->4fcc8d53-44cb-4faf-b915-5afa0c7529d4: receive RaftClientReply:client-969FB6DA8C9A->4fcc8d53-44cb-4faf-b915-5afa0c7529d4@group-6A615BAE1DD1, cid=2288, SUCCESS, logIndex=3358, commits[4fcc8d53-44cb-4faf-b915-5afa0c7529d4:c3358, 48aa5eb4-709c-4003-adb5-fbc02723cd23:c3354, 609a8cf1-6ad3-4123-b94a-106ad93148a8:c3354]
2019-09-05 09:23:36,235 | INFO  | DNAudit | user=null | ip=null | op=WRITE_CHUNK {blockData=conID: 3 locID: 102739176074248764 bcsId: 0} | ret=SUCCESS |  
2019-09-05 09:23:36,235 | INFO  | DNAudit | user=null | ip=null | op=WRITE_CHUNK {blockData=conID: 3 locID: 102739176074248764 bcsId: 0} | ret=SUCCESS |  
2019-09-05 09:23:36,235 | INFO  | DNAudit | user=null | ip=null | op=PUT_BLOCK {blockData=[blockId=conID: 3 locID: 102739176074248764 bcsId: 0,size=1048576]} | ret=SUCCESS |  
2019-09-05 09:23:36,235 | INFO  | DNAudit | user=null | ip=null | op=PUT_BLOCK {blockData=[blockId=conID: 3 locID: 102739176074248764 bcsId: 0,size=1048576]} | ret=SUCCESS |  
2019-09-05 09:23:36,235 [grpc-default-executor-2] INFO  client.GrpcClientProtocolClient (GrpcClientProtocolClient.java:onNext(255)) - client-969FB6DA8C9A->4fcc8d53-44cb-4faf-b915-5afa0c7529d4: receive RaftClientReply:client-969FB6DA8C9A->4fcc8d53-44cb-4faf-b915-5afa0c7529d4@group-6A615BAE1DD1, cid=2289, SUCCESS, logIndex=0, commits[4fcc8d53-44cb-4faf-b915-5afa0c7529d4:c3360, 48aa5eb4-709c-4003-adb5-fbc02723cd23:c3356, 609a8cf1-6ad3-4123-b94a-106ad93148a8:c3356]
2019-09-05 09:23:36,243 | INFO  | DNAudit | user=null | ip=null | op=WRITE_CHUNK {blockData=conID: 3 locID: 102739176074248764 bcsId: 3358} | ret=SUCCESS |  
2019-09-05 09:23:36,245 | INFO  | DNAudit | user=null | ip=null | op=WRITE_CHUNK {blockData=conID: 3 locID: 102739176074248764 bcsId: 3358} | ret=SUCCESS |  
2019-09-05 09:23:36,245 | INFO  | DNAudit | user=null | ip=null | op=WRITE_CHUNK {blockData=conID: 3 locID: 102739176074248764 bcsId: 3358} | ret=SUCCESS |  
2019-09-05 09:23:36,275 | INFO  | DNAudit | user=null | ip=null | op=WRITE_CHUNK {blockData=conID: 3 locID: 102739176074248764 bcsId: 0} | ret=SUCCESS |  
2019-09-05 09:23:36,276 | INFO  | DNAudit | user=null | ip=null | op=PUT_BLOCK {blockData=[blockId=conID: 3 locID: 102739176074248764 bcsId: 0,size=2097152]} | ret=SUCCESS |  
2019-09-05 09:23:36,276 | INFO  | DNAudit | user=null | ip=null | op=WRITE_CHUNK {blockData=conID: 3 locID: 102739176074248764 bcsId: 0} | ret=SUCCESS |  
2019-09-05 09:23:36,276 | INFO  | DNAudit | user=null | ip=null | op=PUT_BLOCK {blockData=[blockId=conID: 3 locID: 102739176074248764 bcsId: 0,size=2097152]} | ret=SUCCESS |  
2019-09-05 09:23:36,286 | INFO  | DNAudit | user=null | ip=null | op=WRITE_CHUNK {blockData=conID: 3 locID: 102739176074248764 bcsId: 3358} | ret=SUCCESS |  
2019-09-05 09:23:36,287 | INFO  | DNAudit | user=null | ip=null | op=PUT_BLOCK {blockData=[blockId=conID: 3 locID: 102739176074248764 bcsId: 0,size=3145728]} | ret=SUCCESS |  
2019-09-05 09:23:36,287 [grpc-default-executor-3] INFO  client.GrpcClientProtocolClient (GrpcClientProtocolClient.java:onNext(255)) - client-969FB6DA8C9A->4fcc8d53-44cb-4faf-b915-5afa0c7529d4: receive RaftClientReply:client-969FB6DA8C9A->4fcc8d53-44cb-4faf-b915-5afa0c7529d4@group-6A615BAE1DD1, cid=2290, SUCCESS, logIndex=3363, commits[4fcc8d53-44cb-4faf-b915-5afa0c7529d4:c3364, 48aa5eb4-709c-4003-adb5-fbc02723cd23:c3360, 609a8cf1-6ad3-4123-b94a-106ad93148a8:c3360]
2019-09-05 09:23:36,287 [grpc-default-executor-3] INFO  client.GrpcClientProtocolClient (GrpcClientProtocolClient.java:onNext(255)) - client-969FB6DA8C9A->4fcc8d53-44cb-4faf-b915-5afa0c7529d4: receive RaftClientReply:client-969FB6DA8C9A->4fcc8d53-44cb-4faf-b915-5afa0c7529d4@group-6A615BAE1DD1, cid=2291, SUCCESS, logIndex=3364, commits[4fcc8d53-44cb-4faf-b915-5afa0c7529d4:c3364, 48aa5eb4-709c-4003-adb5-fbc02723cd23:c3360, 609a8cf1-6ad3-4123-b94a-106ad93148a8:c3360]
2019-09-05 09:23:36,292 | INFO  | DNAudit | user=null | ip=null | op=WRITE_CHUNK {blockData=conID: 3 locID: 102739176074248764 bcsId: 3358} | ret=SUCCESS |  
2019-09-05 09:23:36,292 | INFO  | DNAudit | user=null | ip=null | op=WRITE_CHUNK {blockData=conID: 3 locID: 102739176074248764 bcsId: 3358} | ret=SUCCESS |  
2019-09-05 09:23:36,292 | INFO  | DNAudit | user=null | ip=null | op=PUT_BLOCK {blockData=[blockId=conID: 3 locID: 102739176074248764 bcsId: 0,size=3145728]} | ret=SUCCESS |  
2019-09-05 09:23:36,292 | INFO  | DNAudit | user=null | ip=null | op=PUT_BLOCK {blockData=[blockId=conID: 3 locID: 102739176074248764 bcsId: 0,size=3145728]} | ret=SUCCESS |  
2019-09-05 09:23:36,295 | INFO  | DNAudit | user=null | ip=null | op=WRITE_CHUNK {blockData=conID: 3 locID: 102739176074248764 bcsId: 3364} | ret=SUCCESS |  
2019-09-05 09:23:36,298 | INFO  | DNAudit | user=null | ip=null | op=WRITE_CHUNK {blockData=conID: 3 locID: 102739176074248764 bcsId: 3364} | ret=SUCCESS |  
2019-09-05 09:23:36,298 | INFO  | DNAudit | user=null | ip=null | op=WRITE_CHUNK {blockData=conID: 3 locID: 102739176074248764 bcsId: 3364} | ret=SUCCESS |  
2019-09-05 09:23:36,311 | INFO  | DNAudit | user=null | ip=null | op=WRITE_CHUNK {blockData=conID: 3 locID: 102739176074248764 bcsId: 3364} | ret=SUCCESS |  
2019-09-05 09:23:36,312 | INFO  | DNAudit | user=null | ip=null | op=PUT_BLOCK {blockData=[blockId=conID: 3 locID: 102739176074248764 bcsId: 0,size=4194304]} | ret=SUCCESS |  
2019-09-05 09:23:36,312 [grpc-default-executor-2] INFO  client.GrpcClientProtocolClient (GrpcClientProtocolClient.java:onNext(255)) - client-969FB6DA8C9A->4fcc8d53-44cb-4faf-b915-5afa0c7529d4: receive RaftClientReply:client-969FB6DA8C9A->4fcc8d53-44cb-4faf-b915-5afa0c7529d4@group-6A615BAE1DD1, cid=2292, SUCCESS, logIndex=3367, commits[4fcc8d53-44cb-4faf-b915-5afa0c7529d4:c3368, 48aa5eb4-709c-4003-adb5-fbc02723cd23:c3366, 609a8cf1-6ad3-4123-b94a-106ad93148a8:c3366]
2019-09-05 09:23:36,312 [grpc-default-executor-2] INFO  client.GrpcClientProtocolClient (GrpcClientProtocolClient.java:onNext(255)) - client-969FB6DA8C9A->4fcc8d53-44cb-4faf-b915-5afa0c7529d4: receive RaftClientReply:client-969FB6DA8C9A->4fcc8d53-44cb-4faf-b915-5afa0c7529d4@group-6A615BAE1DD1, cid=2293, SUCCESS, logIndex=3368, commits[4fcc8d53-44cb-4faf-b915-5afa0c7529d4:c3368, 48aa5eb4-709c-4003-adb5-fbc02723cd23:c3366, 609a8cf1-6ad3-4123-b94a-106ad93148a8:c3366]
2019-09-05 09:23:36,369 | INFO  | DNAudit | user=null | ip=null | op=WRITE_CHUNK {blockData=conID: 3 locID: 102739176074248764 bcsId: 3364} | ret=SUCCESS |  
2019-09-05 09:23:36,369 | INFO  | DNAudit | user=null | ip=null | op=WRITE_CHUNK {blockData=conID: 3 locID: 102739176074248764 bcsId: 3364} | ret=SUCCESS |  
2019-09-05 09:23:36,369 | INFO  | DNAudit | user=null | ip=null | op=PUT_BLOCK {blockData=[blockId=conID: 3 locID: 102739176074248764 bcsId: 0,size=4194304]} | ret=SUCCESS |  
2019-09-05 09:23:36,369 | INFO  | DNAudit | user=null | ip=null | op=PUT_BLOCK {blockData=[blockId=conID: 3 locID: 102739176074248764 bcsId: 0,size=4194304]} | ret=SUCCESS |  
2019-09-05 09:23:36,369 [grpc-default-executor-2] INFO  client.GrpcClientProtocolClient (GrpcClientProtocolClient.java:onNext(255)) - client-969FB6DA8C9A->4fcc8d53-44cb-4faf-b915-5afa0c7529d4: receive RaftClientReply:client-969FB6DA8C9A->4fcc8d53-44cb-4faf-b915-5afa0c7529d4@group-6A615BAE1DD1, cid=2294, SUCCESS, logIndex=0, commits[4fcc8d53-44cb-4faf-b915-5afa0c7529d4:c3369, 48aa5eb4-709c-4003-adb5-fbc02723cd23:c3368, 609a8cf1-6ad3-4123-b94a-106ad93148a8:c3368]
2019-09-05 09:23:36,375 | INFO  | SCMAudit | user=jenkins1000 | ip=192.168.36.69 | op=ALLOCATE_BLOCK {owner=5cf4fcf6-c517-45f4-af25-2fff646d8883, size=4194304, type=RATIS, factor=THREE} | ret=SUCCESS |  
2019-09-05 09:23:36,380 | INFO  | OMAudit | user=jenkins1000 | ip=127.0.0.1 | op=ALLOCATE_BLOCK {volume=vol-0-13331, bucket=bucket-0-43606, key=key-0-76526, dataSize=0, replicationType=null, replicationFactor=null, keyLocationInfo=null, clientID=102739173903106450} | ret=SUCCESS |  
2019-09-05 09:23:36,387 | INFO  | DNAudit | user=null | ip=null | op=WRITE_CHUNK {blockData=conID: 1 locID: 102739176087552573 bcsId: 0} | ret=SUCCESS |  
2019-09-05 09:23:36,391 | INFO  | DNAudit | user=null | ip=null | op=WRITE_CHUNK {blockData=conID: 1 locID: 102739176087552573 bcsId: 0} | ret=SUCCESS |  
2019-09-05 09:23:36,391 | INFO  | DNAudit | user=null | ip=null | op=WRITE_CHUNK {blockData=conID: 1 locID: 102739176087552573 bcsId: 0} | ret=SUCCESS |  
2019-09-05 09:23:36,391 | INFO  | DNAudit | user=null | ip=null | op=WRITE_CHUNK {blockData=conID: 1 locID: 102739176087552573 bcsId: 0} | ret=SUCCESS |  
2019-09-05 09:23:36,392 | INFO  | SCMAudit | user=jenkins1000 | ip=192.168.36.69 | op=SEND_HEARTBEAT {datanodeUUID=609a8cf1-6ad3-4123-b94a-106ad93148a8, command=[]} | ret=SUCCESS |  
2019-09-05 09:23:36,393 | INFO  | DNAudit | user=null | ip=null | op=WRITE_CHUNK {blockData=conID: 1 locID: 102739176087552573 bcsId: 0} | ret=SUCCESS |  
2019-09-05 09:23:36,393 | INFO  | DNAudit | user=null | ip=null | op=WRITE_CHUNK {blockData=conID: 1 locID: 102739176087552573 bcsId: 0} | ret=SUCCESS |  
2019-09-05 09:23:36,395 | INFO  | SCMAudit | user=jenkins1000 | ip=192.168.36.69 | op=SEND_HEARTBEAT {datanodeUUID=5b6cff60-1414-40d6-b682-781dc5ff3023, command=[]} | ret=SUCCESS |  
2019-09-05 09:23:36,395 | INFO  | SCMAudit | user=jenkins1000 | ip=192.168.36.69 | op=SEND_HEARTBEAT {datanodeUUID=4fcc8d53-44cb-4faf-b915-5afa0c7529d4, command=[]} | ret=SUCCESS |  
2019-09-05 09:23:36,395 | INFO  | SCMAudit | user=jenkins1000 | ip=192.168.36.69 | op=SEND_HEARTBEAT {datanodeUUID=48aa5eb4-709c-4003-adb5-fbc02723cd23, command=[]} | ret=SUCCESS |  
 0.00% |█                                                                                                    |  0/1 Time: 0:00:332019-09-05 09:23:36,401 | INFO  | DNAudit | user=null | ip=null | op=WRITE_CHUNK {blockData=conID: 1 locID: 102739176087552573 bcsId: 0} | ret=SUCCESS |  
2019-09-05 09:23:36,401 | INFO  | DNAudit | user=null | ip=null | op=PUT_BLOCK {blockData=[blockId=conID: 1 locID: 102739176087552573 bcsId: 0,size=1048576]} | ret=SUCCESS |  
2019-09-05 09:23:36,402 [grpc-default-executor-2] INFO  client.GrpcClientProtocolClient (GrpcClientProtocolClient.java:onNext(255)) - client-969FB6DA8C9A->4fcc8d53-44cb-4faf-b915-5afa0c7529d4: receive RaftClientReply:client-969FB6DA8C9A->4fcc8d53-44cb-4faf-b915-5afa0c7529d4@group-6A615BAE1DD1, cid=2295, SUCCESS, logIndex=3371, commits[4fcc8d53-44cb-4faf-b915-5afa0c7529d4:c3373, 48aa5eb4-709c-4003-adb5-fbc02723cd23:c3370, 609a8cf1-6ad3-4123-b94a-106ad93148a8:c3370]
2019-09-05 09:23:36,402 | INFO  | DNAudit | user=null | ip=null | op=WRITE_CHUNK {blockData=conID: 1 locID: 102739176087552573 bcsId: 0} | ret=SUCCESS |  
2019-09-05 09:23:36,402 [grpc-default-executor-2] INFO  client.GrpcClientProtocolClient (GrpcClientProtocolClient.java:onNext(255)) - client-969FB6DA8C9A->4fcc8d53-44cb-4faf-b915-5afa0c7529d4: receive RaftClientReply:client-969FB6DA8C9A->4fcc8d53-44cb-4faf-b915-5afa0c7529d4@group-6A615BAE1DD1, cid=2296, SUCCESS, logIndex=3372, commits[4fcc8d53-44cb-4faf-b915-5afa0c7529d4:c3374, 48aa5eb4-709c-4003-adb5-fbc02723cd23:c3370, 609a8cf1-6ad3-4123-b94a-106ad93148a8:c3370]
2019-09-05 09:23:36,403 | INFO  | DNAudit | user=null | ip=null | op=PUT_BLOCK {blockData=[blockId=conID: 1 locID: 102739176087552573 bcsId: 0,size=2097152]} | ret=SUCCESS |  
2019-09-05 09:23:36,403 | INFO  | DNAudit | user=null | ip=null | op=WRITE_CHUNK {blockData=conID: 1 locID: 102739176087552573 bcsId: 0} | ret=SUCCESS |  
2019-09-05 09:23:36,403 [grpc-default-executor-3] INFO  client.GrpcClientProtocolClient (GrpcClientProtocolClient.java:onNext(255)) - client-969FB6DA8C9A->4fcc8d53-44cb-4faf-b915-5afa0c7529d4: receive RaftClientReply:client-969FB6DA8C9A->4fcc8d53-44cb-4faf-b915-5afa0c7529d4@group-6A615BAE1DD1, cid=2297, SUCCESS, logIndex=3373, commits[4fcc8d53-44cb-4faf-b915-5afa0c7529d4:c3374, 48aa5eb4-709c-4003-adb5-fbc02723cd23:c3370, 609a8cf1-6ad3-4123-b94a-106ad93148a8:c3370]
2019-09-05 09:23:36,403 [grpc-default-executor-3] INFO  client.GrpcClientProtocolClient (GrpcClientProtocolClient.java:onNext(255)) - client-969FB6DA8C9A->4fcc8d53-44cb-4faf-b915-5afa0c7529d4: receive RaftClientReply:client-969FB6DA8C9A->4fcc8d53-44cb-4faf-b915-5afa0c7529d4@group-6A615BAE1DD1, cid=2298, SUCCESS, logIndex=3374, commits[4fcc8d53-44cb-4faf-b915-5afa0c7529d4:c3375, 48aa5eb4-709c-4003-adb5-fbc02723cd23:c3371, 609a8cf1-6ad3-4123-b94a-106ad93148a8:c3370]
2019-09-05 09:23:36,414 | INFO  | DNAudit | user=null | ip=null | op=WRITE_CHUNK {blockData=conID: 1 locID: 102739176087552573 bcsId: 0} | ret=SUCCESS |  
2019-09-05 09:23:36,414 | INFO  | DNAudit | user=null | ip=null | op=PUT_BLOCK {blockData=[blockId=conID: 1 locID: 102739176087552573 bcsId: 0,size=1048576]} | ret=SUCCESS |  
2019-09-05 09:23:36,415 | INFO  | DNAudit | user=null | ip=null | op=PUT_BLOCK {blockData=[blockId=conID: 1 locID: 102739176087552573 bcsId: 0,size=1048576]} | ret=SUCCESS |  
2019-09-05 09:23:36,415 | INFO  | DNAudit | user=null | ip=null | op=WRITE_CHUNK {blockData=conID: 1 locID: 102739176087552573 bcsId: 0} | ret=SUCCESS |  
2019-09-05 09:23:36,415 | INFO  | DNAudit | user=null | ip=null | op=WRITE_CHUNK {blockData=conID: 1 locID: 102739176087552573 bcsId: 0} | ret=SUCCESS |  
2019-09-05 09:23:36,415 | INFO  | DNAudit | user=null | ip=null | op=PUT_BLOCK {blockData=[blockId=conID: 1 locID: 102739176087552573 bcsId: 0,size=2097152]} | ret=SUCCESS |  
2019-09-05 09:23:36,415 | INFO  | DNAudit | user=null | ip=null | op=PUT_BLOCK {blockData=[blockId=conID: 1 locID: 102739176087552573 bcsId: 0,size=2097152]} | ret=SUCCESS |  
2019-09-05 09:23:36,415 [grpc-default-executor-2] INFO  client.GrpcClientProtocolClient (GrpcClientProtocolClient.java:onNext(255)) - client-969FB6DA8C9A->4fcc8d53-44cb-4faf-b915-5afa0c7529d4: receive RaftClientReply:client-969FB6DA8C9A->4fcc8d53-44cb-4faf-b915-5afa0c7529d4@group-6A615BAE1DD1, cid=2299, SUCCESS, logIndex=0, commits[4fcc8d53-44cb-4faf-b915-5afa0c7529d4:c3375, 48aa5eb4-709c-4003-adb5-fbc02723cd23:c3372, 609a8cf1-6ad3-4123-b94a-106ad93148a8:c3372]
2019-09-05 09:23:36,423 | INFO  | DNAudit | user=null | ip=null | op=WRITE_CHUNK {blockData=conID: 1 locID: 102739176087552573 bcsId: 3374} | ret=SUCCESS |  
2019-09-05 09:23:36,425 | INFO  | DNAudit | user=null | ip=null | op=WRITE_CHUNK {blockData=conID: 1 locID: 102739176087552573 bcsId: 3374} | ret=SUCCESS |  
2019-09-05 09:23:36,425 | INFO  | DNAudit | user=null | ip=null | op=WRITE_CHUNK {blockData=conID: 1 locID: 102739176087552573 bcsId: 3374} | ret=SUCCESS |  
2019-09-05 09:23:36,451 | INFO  | DNAudit | user=null | ip=null | op=WRITE_CHUNK {blockData=conID: 1 locID: 102739176087552573 bcsId: 3374} | ret=SUCCESS |  
2019-09-05 09:23:36,451 | INFO  | DNAudit | user=null | ip=null | op=PUT_BLOCK {blockData=[blockId=conID: 1 locID: 102739176087552573 bcsId: 0,size=3145728]} | ret=SUCCESS |  
2019-09-05 09:23:36,451 [grpc-default-executor-3] INFO  client.GrpcClientProtocolClient (GrpcClientProtocolClient.java:onNext(255)) - client-969FB6DA8C9A->4fcc8d53-44cb-4faf-b915-5afa0c7529d4: receive RaftClientReply:client-969FB6DA8C9A->4fcc8d53-44cb-4faf-b915-5afa0c7529d4@group-6A615BAE1DD1, cid=2300, SUCCESS, logIndex=3379, commits[4fcc8d53-44cb-4faf-b915-5afa0c7529d4:c3380, 48aa5eb4-709c-4003-adb5-fbc02723cd23:c3378, 609a8cf1-6ad3-4123-b94a-106ad93148a8:c3378]
2019-09-05 09:23:36,452 [grpc-default-executor-3] INFO  client.GrpcClientProtocolClient (GrpcClientProtocolClient.java:onNext(255)) - client-969FB6DA8C9A->4fcc8d53-44cb-4faf-b915-5afa0c7529d4: receive RaftClientReply:client-969FB6DA8C9A->4fcc8d53-44cb-4faf-b915-5afa0c7529d4@group-6A615BAE1DD1, cid=2301, SUCCESS, logIndex=3380, commits[4fcc8d53-44cb-4faf-b915-5afa0c7529d4:c3380, 48aa5eb4-709c-4003-adb5-fbc02723cd23:c3378, 609a8cf1-6ad3-4123-b94a-106ad93148a8:c3378]
2019-09-05 09:23:36,458 | INFO  | DNAudit | user=null | ip=null | op=WRITE_CHUNK {blockData=conID: 1 locID: 102739176087552573 bcsId: 3380} | ret=SUCCESS |  
2019-09-05 09:23:36,460 | INFO  | DNAudit | user=null | ip=null | op=WRITE_CHUNK {blockData=conID: 1 locID: 102739176087552573 bcsId: 3380} | ret=SUCCESS |  
2019-09-05 09:23:36,461 | INFO  | DNAudit | user=null | ip=null | op=WRITE_CHUNK {blockData=conID: 1 locID: 102739176087552573 bcsId: 3380} | ret=SUCCESS |  
2019-09-05 09:23:36,478 | INFO  | DNAudit | user=null | ip=null | op=WRITE_CHUNK {blockData=conID: 1 locID: 102739176087552573 bcsId: 3374} | ret=SUCCESS |  
2019-09-05 09:23:36,478 | INFO  | DNAudit | user=null | ip=null | op=WRITE_CHUNK {blockData=conID: 1 locID: 102739176087552573 bcsId: 3374} | ret=SUCCESS |  
2019-09-05 09:23:36,479 | INFO  | DNAudit | user=null | ip=null | op=PUT_BLOCK {blockData=[blockId=conID: 1 locID: 102739176087552573 bcsId: 0,size=3145728]} | ret=SUCCESS |  
2019-09-05 09:23:36,482 | INFO  | DNAudit | user=null | ip=null | op=PUT_BLOCK {blockData=[blockId=conID: 1 locID: 102739176087552573 bcsId: 0,size=3145728]} | ret=SUCCESS |  
2019-09-05 09:23:36,482 | INFO  | DNAudit | user=null | ip=null | op=WRITE_CHUNK {blockData=conID: 1 locID: 102739176087552573 bcsId: 3380} | ret=SUCCESS |  
2019-09-05 09:23:36,483 | INFO  | DNAudit | user=null | ip=null | op=PUT_BLOCK {blockData=[blockId=conID: 1 locID: 102739176087552573 bcsId: 0,size=4194304]} | ret=SUCCESS |  
2019-09-05 09:23:36,483 [grpc-default-executor-3] INFO  client.GrpcClientProtocolClient (GrpcClientProtocolClient.java:onNext(255)) - client-969FB6DA8C9A->4fcc8d53-44cb-4faf-b915-5afa0c7529d4: receive RaftClientReply:client-969FB6DA8C9A->4fcc8d53-44cb-4faf-b915-5afa0c7529d4@group-6A615BAE1DD1, cid=2302, SUCCESS, logIndex=3383, commits[4fcc8d53-44cb-4faf-b915-5afa0c7529d4:c3384, 48aa5eb4-709c-4003-adb5-fbc02723cd23:c3380, 609a8cf1-6ad3-4123-b94a-106ad93148a8:c3380]
2019-09-05 09:23:36,483 [grpc-default-executor-3] INFO  client.GrpcClientProtocolClient (GrpcClientProtocolClient.java:onNext(255)) - client-969FB6DA8C9A->4fcc8d53-44cb-4faf-b915-5afa0c7529d4: receive RaftClientReply:client-969FB6DA8C9A->4fcc8d53-44cb-4faf-b915-5afa0c7529d4@group-6A615BAE1DD1, cid=2303, SUCCESS, logIndex=3384, commits[4fcc8d53-44cb-4faf-b915-5afa0c7529d4:c3384, 48aa5eb4-709c-4003-adb5-fbc02723cd23:c3380, 609a8cf1-6ad3-4123-b94a-106ad93148a8:c3380]
2019-09-05 09:23:36,506 | INFO  | DNAudit | user=null | ip=null | op=WRITE_CHUNK {blockData=conID: 1 locID: 102739176087552573 bcsId: 3380} | ret=SUCCESS |  
2019-09-05 09:23:36,506 | INFO  | DNAudit | user=null | ip=null | op=WRITE_CHUNK {blockData=conID: 1 locID: 102739176087552573 bcsId: 3380} | ret=SUCCESS |  
2019-09-05 09:23:36,506 | INFO  | DNAudit | user=null | ip=null | op=PUT_BLOCK {blockData=[blockId=conID: 1 locID: 102739176087552573 bcsId: 0,size=4194304]} | ret=SUCCESS |  
2019-09-05 09:23:36,507 | INFO  | DNAudit | user=null | ip=null | op=PUT_BLOCK {blockData=[blockId=conID: 1 locID: 102739176087552573 bcsId: 0,size=4194304]} | ret=SUCCESS |  
2019-09-05 09:23:36,507 [grpc-default-executor-3] INFO  client.GrpcClientProtocolClient (GrpcClientProtocolClient.java:onNext(255)) - client-969FB6DA8C9A->4fcc8d53-44cb-4faf-b915-5afa0c7529d4: receive RaftClientReply:client-969FB6DA8C9A->4fcc8d53-44cb-4faf-b915-5afa0c7529d4@group-6A615BAE1DD1, cid=2304, SUCCESS, logIndex=0, commits[4fcc8d53-44cb-4faf-b915-5afa0c7529d4:c3386, 48aa5eb4-709c-4003-adb5-fbc02723cd23:c3384, 609a8cf1-6ad3-4123-b94a-106ad93148a8:c3384]
2019-09-05 09:23:36,512 | INFO  | SCMAudit | user=jenkins1000 | ip=192.168.36.69 | op=ALLOCATE_BLOCK {owner=5cf4fcf6-c517-45f4-af25-2fff646d8883, size=4194304, type=RATIS, factor=THREE} | ret=SUCCESS |  
2019-09-05 09:23:36,514 | INFO  | OMAudit | user=jenkins1000 | ip=127.0.0.1 | op=ALLOCATE_BLOCK {volume=vol-0-13331, bucket=bucket-0-43606, key=key-0-76526, dataSize=0, replicationType=null, replicationFactor=null, keyLocationInfo=null, clientID=102739173903106450} | ret=SUCCESS |  
2019-09-05 09:23:36,520 | INFO  | DNAudit | user=null | ip=null | op=WRITE_CHUNK {blockData=conID: 2 locID: 102739176096465470 bcsId: 0} | ret=SUCCESS |  
2019-09-05 09:23:36,522 | INFO  | DNAudit | user=null | ip=null | op=WRITE_CHUNK {blockData=conID: 2 locID: 102739176096465470 bcsId: 0} | ret=SUCCESS |  
2019-09-05 09:23:36,523 | INFO  | DNAudit | user=null | ip=null | op=WRITE_CHUNK {blockData=conID: 2 locID: 102739176096465470 bcsId: 0} | ret=SUCCESS |  
2019-09-05 09:23:36,524 | INFO  | DNAudit | user=null | ip=null | op=WRITE_CHUNK {blockData=conID: 2 locID: 102739176096465470 bcsId: 0} | ret=SUCCESS |  
2019-09-05 09:23:36,524 | INFO  | DNAudit | user=null | ip=null | op=WRITE_CHUNK {blockData=conID: 2 locID: 102739176096465470 bcsId: 0} | ret=SUCCESS |  
2019-09-05 09:23:36,524 | INFO  | DNAudit | user=null | ip=null | op=WRITE_CHUNK {blockData=conID: 2 locID: 102739176096465470 bcsId: 0} | ret=SUCCESS |  
2019-09-05 09:23:36,558 | INFO  | DNAudit | user=null | ip=null | op=WRITE_CHUNK {blockData=conID: 2 locID: 102739176096465470 bcsId: 0} | ret=SUCCESS |  
2019-09-05 09:23:36,558 | INFO  | DNAudit | user=null | ip=null | op=PUT_BLOCK {blockData=[blockId=conID: 2 locID: 102739176096465470 bcsId: 0,size=1048576]} | ret=SUCCESS |  
2019-09-05 09:23:36,558 [grpc-default-executor-3] INFO  client.GrpcClientProtocolClient (GrpcClientProtocolClient.java:onNext(255)) - client-969FB6DA8C9A->4fcc8d53-44cb-4faf-b915-5afa0c7529d4: receive RaftClientReply:client-969FB6DA8C9A->4fcc8d53-44cb-4faf-b915-5afa0c7529d4@group-6A615BAE1DD1, cid=2305, SUCCESS, logIndex=3387, commits[4fcc8d53-44cb-4faf-b915-5afa0c7529d4:c3388, 48aa5eb4-709c-4003-adb5-fbc02723cd23:c3386, 609a8cf1-6ad3-4123-b94a-106ad93148a8:c3386]
2019-09-05 09:23:36,559 | INFO  | DNAudit | user=null | ip=null | op=WRITE_CHUNK {blockData=conID: 2 locID: 102739176096465470 bcsId: 0} | ret=SUCCESS |  
2019-09-05 09:23:36,559 [grpc-default-executor-3] INFO  client.GrpcClientProtocolClient (GrpcClientProtocolClient.java:onNext(255)) - client-969FB6DA8C9A->4fcc8d53-44cb-4faf-b915-5afa0c7529d4: receive RaftClientReply:client-969FB6DA8C9A->4fcc8d53-44cb-4faf-b915-5afa0c7529d4@group-6A615BAE1DD1, cid=2306, SUCCESS, logIndex=3388, commits[4fcc8d53-44cb-4faf-b915-5afa0c7529d4:c3390, 48aa5eb4-709c-4003-adb5-fbc02723cd23:c3386, 609a8cf1-6ad3-4123-b94a-106ad93148a8:c3386]
2019-09-05 09:23:36,559 | INFO  | DNAudit | user=null | ip=null | op=PUT_BLOCK {blockData=[blockId=conID: 2 locID: 102739176096465470 bcsId: 0,size=2097152]} | ret=SUCCESS |  
2019-09-05 09:23:36,559 [grpc-default-executor-3] INFO  client.GrpcClientProtocolClient (GrpcClientProtocolClient.java:onNext(255)) - client-969FB6DA8C9A->4fcc8d53-44cb-4faf-b915-5afa0c7529d4: receive RaftClientReply:client-969FB6DA8C9A->4fcc8d53-44cb-4faf-b915-5afa0c7529d4@group-6A615BAE1DD1, cid=2307, SUCCESS, logIndex=3389, commits[4fcc8d53-44cb-4faf-b915-5afa0c7529d4:c3390, 48aa5eb4-709c-4003-adb5-fbc02723cd23:c3386, 609a8cf1-6ad3-4123-b94a-106ad93148a8:c3386]
2019-09-05 09:23:36,559 [grpc-default-executor-3] INFO  client.GrpcClientProtocolClient (GrpcClientProtocolClient.java:onNext(255)) - client-969FB6DA8C9A->4fcc8d53-44cb-4faf-b915-5afa0c7529d4: receive RaftClientReply:client-969FB6DA8C9A->4fcc8d53-44cb-4faf-b915-5afa0c7529d4@group-6A615BAE1DD1, cid=2308, SUCCESS, logIndex=3390, commits[4fcc8d53-44cb-4faf-b915-5afa0c7529d4:c3390, 48aa5eb4-709c-4003-adb5-fbc02723cd23:c3386, 609a8cf1-6ad3-4123-b94a-106ad93148a8:c3386]
2019-09-05 09:23:36,561 | INFO  | DNAudit | user=null | ip=null | op=WRITE_CHUNK {blockData=conID: 2 locID: 102739176096465470 bcsId: 0} | ret=SUCCESS |  
2019-09-05 09:23:36,561 | INFO  | DNAudit | user=null | ip=null | op=WRITE_CHUNK {blockData=conID: 2 locID: 102739176096465470 bcsId: 0} | ret=SUCCESS |  
2019-09-05 09:23:36,572 | INFO  | DNAudit | user=null | ip=null | op=PUT_BLOCK {blockData=[blockId=conID: 2 locID: 102739176096465470 bcsId: 0,size=1048576]} | ret=SUCCESS |  
2019-09-05 09:23:36,572 | INFO  | DNAudit | user=null | ip=null | op=PUT_BLOCK {blockData=[blockId=conID: 2 locID: 102739176096465470 bcsId: 0,size=1048576]} | ret=SUCCESS |  
2019-09-05 09:23:36,572 [grpc-default-executor-2] INFO  client.GrpcClientProtocolClient (GrpcClientProtocolClient.java:onNext(255)) - client-969FB6DA8C9A->4fcc8d53-44cb-4faf-b915-5afa0c7529d4: receive RaftClientReply:client-969FB6DA8C9A->4fcc8d53-44cb-4faf-b915-5afa0c7529d4@group-6A615BAE1DD1, cid=2309, SUCCESS, logIndex=0, commits[4fcc8d53-44cb-4faf-b915-5afa0c7529d4:c3393, 48aa5eb4-709c-4003-adb5-fbc02723cd23:c3388, 609a8cf1-6ad3-4123-b94a-106ad93148a8:c3388]
2019-09-05 09:23:36,577 | INFO  | DNAudit | user=null | ip=null | op=WRITE_CHUNK {blockData=conID: 2 locID: 102739176096465470 bcsId: 3390} | ret=SUCCESS |  
2019-09-05 09:23:36,580 | INFO  | DNAudit | user=null | ip=null | op=WRITE_CHUNK {blockData=conID: 2 locID: 102739176096465470 bcsId: 3390} | ret=SUCCESS |  
2019-09-05 09:23:36,580 | INFO  | DNAudit | user=null | ip=null | op=WRITE_CHUNK {blockData=conID: 2 locID: 102739176096465470 bcsId: 3390} | ret=SUCCESS |  
2019-09-05 09:23:36,596 | INFO  | DNAudit | user=null | ip=null | op=WRITE_CHUNK {blockData=conID: 2 locID: 102739176096465470 bcsId: 0} | ret=SUCCESS |  
2019-09-05 09:23:36,596 | INFO  | DNAudit | user=null | ip=null | op=WRITE_CHUNK {blockData=conID: 2 locID: 102739176096465470 bcsId: 0} | ret=SUCCESS |  
2019-09-05 09:23:36,596 | INFO  | DNAudit | user=null | ip=null | op=PUT_BLOCK {blockData=[blockId=conID: 2 locID: 102739176096465470 bcsId: 0,size=2097152]} | ret=SUCCESS |  
2019-09-05 09:23:36,596 | INFO  | DNAudit | user=null | ip=null | op=PUT_BLOCK {blockData=[blockId=conID: 2 locID: 102739176096465470 bcsId: 0,size=2097152]} | ret=SUCCESS |  
2019-09-05 09:23:36,596 | INFO  | DNAudit | user=null | ip=null | op=WRITE_CHUNK {blockData=conID: 2 locID: 102739176096465470 bcsId: 3390} | ret=SUCCESS |  
2019-09-05 09:23:36,597 | INFO  | DNAudit | user=null | ip=null | op=PUT_BLOCK {blockData=[blockId=conID: 2 locID: 102739176096465470 bcsId: 0,size=3145728]} | ret=SUCCESS |  
2019-09-05 09:23:36,597 [grpc-default-executor-3] INFO  client.GrpcClientProtocolClient (GrpcClientProtocolClient.java:onNext(255)) - client-969FB6DA8C9A->4fcc8d53-44cb-4faf-b915-5afa0c7529d4: receive RaftClientReply:client-969FB6DA8C9A->4fcc8d53-44cb-4faf-b915-5afa0c7529d4@group-6A615BAE1DD1, cid=2310, SUCCESS, logIndex=3394, commits[4fcc8d53-44cb-4faf-b915-5afa0c7529d4:c3395, 48aa5eb4-709c-4003-adb5-fbc02723cd23:c3393, 609a8cf1-6ad3-4123-b94a-106ad93148a8:c3393]
2019-09-05 09:23:36,597 [grpc-default-executor-3] INFO  client.GrpcClientProtocolClient (GrpcClientProtocolClient.java:onNext(255)) - client-969FB6DA8C9A->4fcc8d53-44cb-4faf-b915-5afa0c7529d4: receive RaftClientReply:client-969FB6DA8C9A->4fcc8d53-44cb-4faf-b915-5afa0c7529d4@group-6A615BAE1DD1, cid=2311, SUCCESS, logIndex=3395, commits[4fcc8d53-44cb-4faf-b915-5afa0c7529d4:c3395, 48aa5eb4-709c-4003-adb5-fbc02723cd23:c3393, 609a8cf1-6ad3-4123-b94a-106ad93148a8:c3393]
2019-09-05 09:23:36,602 | INFO  | DNAudit | user=null | ip=null | op=WRITE_CHUNK {blockData=conID: 2 locID: 102739176096465470 bcsId: 3395} | ret=SUCCESS |  
2019-09-05 09:23:36,605 | INFO  | DNAudit | user=null | ip=null | op=WRITE_CHUNK {blockData=conID: 2 locID: 102739176096465470 bcsId: 3395} | ret=SUCCESS |  
2019-09-05 09:23:36,605 | INFO  | DNAudit | user=null | ip=null | op=WRITE_CHUNK {blockData=conID: 2 locID: 102739176096465470 bcsId: 3395} | ret=SUCCESS |  
2019-09-05 09:23:36,609 | INFO  | DNAudit | user=null | ip=null | op=WRITE_CHUNK {blockData=conID: 2 locID: 102739176096465470 bcsId: 3390} | ret=SUCCESS |  
2019-09-05 09:23:36,609 | INFO  | DNAudit | user=null | ip=null | op=WRITE_CHUNK {blockData=conID: 2 locID: 102739176096465470 bcsId: 3390} | ret=SUCCESS |  
2019-09-05 09:23:36,609 | INFO  | DNAudit | user=null | ip=null | op=PUT_BLOCK {blockData=[blockId=conID: 2 locID: 102739176096465470 bcsId: 0,size=3145728]} | ret=SUCCESS |  
2019-09-05 09:23:36,609 | INFO  | DNAudit | user=null | ip=null | op=PUT_BLOCK {blockData=[blockId=conID: 2 locID: 102739176096465470 bcsId: 0,size=3145728]} | ret=SUCCESS |  
2019-09-05 09:23:36,610 | INFO  | DNAudit | user=null | ip=null | op=WRITE_CHUNK {blockData=conID: 2 locID: 102739176096465470 bcsId: 3395} | ret=SUCCESS |  
2019-09-05 09:23:36,611 | INFO  | DNAudit | user=null | ip=null | op=PUT_BLOCK {blockData=[blockId=conID: 2 locID: 102739176096465470 bcsId: 0,size=4194304]} | ret=SUCCESS |  
2019-09-05 09:23:36,611 [grpc-default-executor-3] INFO  client.GrpcClientProtocolClient (GrpcClientProtocolClient.java:onNext(255)) - client-969FB6DA8C9A->4fcc8d53-44cb-4faf-b915-5afa0c7529d4: receive RaftClientReply:client-969FB6DA8C9A->4fcc8d53-44cb-4faf-b915-5afa0c7529d4@group-6A615BAE1DD1, cid=2312, SUCCESS, logIndex=3398, commits[4fcc8d53-44cb-4faf-b915-5afa0c7529d4:c3399, 48aa5eb4-709c-4003-adb5-fbc02723cd23:c3395, 609a8cf1-6ad3-4123-b94a-106ad93148a8:c3395]
2019-09-05 09:23:36,611 [grpc-default-executor-3] INFO  client.GrpcClientProtocolClient (GrpcClientProtocolClient.java:onNext(255)) - client-969FB6DA8C9A->4fcc8d53-44cb-4faf-b915-5afa0c7529d4: receive RaftClientReply:client-969FB6DA8C9A->4fcc8d53-44cb-4faf-b915-5afa0c7529d4@group-6A615BAE1DD1, cid=2313, SUCCESS, logIndex=3399, commits[4fcc8d53-44cb-4faf-b915-5afa0c7529d4:c3399, 48aa5eb4-709c-4003-adb5-fbc02723cd23:c3395, 609a8cf1-6ad3-4123-b94a-106ad93148a8:c3395]
2019-09-05 09:23:36,616 | INFO  | DNAudit | user=null | ip=null | op=WRITE_CHUNK {blockData=conID: 2 locID: 102739176096465470 bcsId: 3395} | ret=SUCCESS |  
2019-09-05 09:23:36,616 | INFO  | DNAudit | user=null | ip=null | op=WRITE_CHUNK {blockData=conID: 2 locID: 102739176096465470 bcsId: 3395} | ret=SUCCESS |  
2019-09-05 09:23:36,616 | INFO  | SCMAudit | user=jenkins1000 | ip=192.168.36.69 | op=SEND_HEARTBEAT {datanodeUUID=fe9e29a7-51ad-458f-9e11-f615da290baa, command=[]} | ret=SUCCESS |  
2019-09-05 09:23:36,619 | INFO  | DNAudit | user=null | ip=null | op=PUT_BLOCK {blockData=[blockId=conID: 2 locID: 102739176096465470 bcsId: 0,size=4194304]} | ret=SUCCESS |  
2019-09-05 09:23:36,619 | INFO  | DNAudit | user=null | ip=null | op=PUT_BLOCK {blockData=[blockId=conID: 2 locID: 102739176096465470 bcsId: 0,size=4194304]} | ret=SUCCESS |  
2019-09-05 09:23:36,619 [grpc-default-executor-3] INFO  client.GrpcClientProtocolClient (GrpcClientProtocolClient.java:onNext(255)) - client-969FB6DA8C9A->4fcc8d53-44cb-4faf-b915-5afa0c7529d4: receive RaftClientReply:client-969FB6DA8C9A->4fcc8d53-44cb-4faf-b915-5afa0c7529d4@group-6A615BAE1DD1, cid=2314, SUCCESS, logIndex=0, commits[4fcc8d53-44cb-4faf-b915-5afa0c7529d4:c3401, 48aa5eb4-709c-4003-adb5-fbc02723cd23:c3399, 609a8cf1-6ad3-4123-b94a-106ad93148a8:c3399]
2019-09-05 09:23:36,623 | INFO  | SCMAudit | user=jenkins1000 | ip=192.168.36.69 | op=ALLOCATE_BLOCK {owner=5cf4fcf6-c517-45f4-af25-2fff646d8883, size=4194304, type=RATIS, factor=THREE} | ret=SUCCESS |  
2019-09-05 09:23:36,625 | INFO  | OMAudit | user=jenkins1000 | ip=127.0.0.1 | op=ALLOCATE_BLOCK {volume=vol-0-13331, bucket=bucket-0-43606, key=key-0-76526, dataSize=0, replicationType=null, replicationFactor=null, keyLocationInfo=null, clientID=102739173903106450} | ret=SUCCESS |  
2019-09-05 09:23:36,630 | INFO  | DNAudit | user=null | ip=null | op=WRITE_CHUNK {blockData=conID: 3 locID: 102739176103805503 bcsId: 0} | ret=SUCCESS |  
2019-09-05 09:23:36,632 | INFO  | DNAudit | user=null | ip=null | op=WRITE_CHUNK {blockData=conID: 3 locID: 102739176103805503 bcsId: 0} | ret=SUCCESS |  
2019-09-05 09:23:36,633 | INFO  | DNAudit | user=null | ip=null | op=WRITE_CHUNK {blockData=conID: 3 locID: 102739176103805503 bcsId: 0} | ret=SUCCESS |  
2019-09-05 09:23:36,633 | INFO  | DNAudit | user=null | ip=null | op=WRITE_CHUNK {blockData=conID: 3 locID: 102739176103805503 bcsId: 0} | ret=SUCCESS |  
2019-09-05 09:23:36,634 | INFO  | DNAudit | user=null | ip=null | op=WRITE_CHUNK {blockData=conID: 3 locID: 102739176103805503 bcsId: 0} | ret=SUCCESS |  
2019-09-05 09:23:36,634 | INFO  | DNAudit | user=null | ip=null | op=WRITE_CHUNK {blockData=conID: 3 locID: 102739176103805503 bcsId: 0} | ret=SUCCESS |  
2019-09-05 09:23:36,662 | INFO  | DNAudit | user=null | ip=null | op=WRITE_CHUNK {blockData=conID: 3 locID: 102739176103805503 bcsId: 0} | ret=SUCCESS |  
2019-09-05 09:23:36,662 | INFO  | DNAudit | user=null | ip=null | op=PUT_BLOCK {blockData=[blockId=conID: 3 locID: 102739176103805503 bcsId: 0,size=1048576]} | ret=SUCCESS |  
2019-09-05 09:23:36,662 [grpc-default-executor-5] INFO  client.GrpcClientProtocolClient (GrpcClientProtocolClient.java:onNext(255)) - client-969FB6DA8C9A->4fcc8d53-44cb-4faf-b915-5afa0c7529d4: receive RaftClientReply:client-969FB6DA8C9A->4fcc8d53-44cb-4faf-b915-5afa0c7529d4@group-6A615BAE1DD1, cid=2315, SUCCESS, logIndex=3402, commits[4fcc8d53-44cb-4faf-b915-5afa0c7529d4:c3403, 48aa5eb4-709c-4003-adb5-fbc02723cd23:c3401, 609a8cf1-6ad3-4123-b94a-106ad93148a8:c3401]
2019-09-05 09:23:36,663 [grpc-default-executor-5] INFO  client.GrpcClientProtocolClient (GrpcClientProtocolClient.java:onNext(255)) - client-969FB6DA8C9A->4fcc8d53-44cb-4faf-b915-5afa0c7529d4: receive RaftClientReply:client-969FB6DA8C9A->4fcc8d53-44cb-4faf-b915-5afa0c7529d4@group-6A615BAE1DD1, cid=2316, SUCCESS, logIndex=3403, commits[4fcc8d53-44cb-4faf-b915-5afa0c7529d4:c3403, 48aa5eb4-709c-4003-adb5-fbc02723cd23:c3401, 609a8cf1-6ad3-4123-b94a-106ad93148a8:c3401]
2019-09-05 09:23:36,669 | INFO  | DNAudit | user=null | ip=null | op=WRITE_CHUNK {blockData=conID: 3 locID: 102739176103805503 bcsId: 0} | ret=SUCCESS |  
2019-09-05 09:23:36,669 | INFO  | DNAudit | user=null | ip=null | op=PUT_BLOCK {blockData=[blockId=conID: 3 locID: 102739176103805503 bcsId: 0,size=2097152]} | ret=SUCCESS |  
2019-09-05 09:23:36,669 [grpc-default-executor-4] INFO  client.GrpcClientProtocolClient (GrpcClientProtocolClient.java:onNext(255)) - client-969FB6DA8C9A->4fcc8d53-44cb-4faf-b915-5afa0c7529d4: receive RaftClientReply:client-969FB6DA8C9A->4fcc8d53-44cb-4faf-b915-5afa0c7529d4@group-6A615BAE1DD1, cid=2317, SUCCESS, logIndex=3404, commits[4fcc8d53-44cb-4faf-b915-5afa0c7529d4:c3405, 48aa5eb4-709c-4003-adb5-fbc02723cd23:c3401, 609a8cf1-6ad3-4123-b94a-106ad93148a8:c3401]
2019-09-05 09:23:36,669 | INFO  | DNAudit | user=null | ip=null | op=WRITE_CHUNK {blockData=conID: 3 locID: 102739176103805503 bcsId: 0} | ret=SUCCESS |  
2019-09-05 09:23:36,669 | INFO  | DNAudit | user=null | ip=null | op=PUT_BLOCK {blockData=[blockId=conID: 3 locID: 102739176103805503 bcsId: 0,size=1048576]} | ret=SUCCESS |  
2019-09-05 09:23:36,670 [grpc-default-executor-3] INFO  client.GrpcClientProtocolClient (GrpcClientProtocolClient.java:onNext(255)) - client-969FB6DA8C9A->4fcc8d53-44cb-4faf-b915-5afa0c7529d4: receive RaftClientReply:client-969FB6DA8C9A->4fcc8d53-44cb-4faf-b915-5afa0c7529d4@group-6A615BAE1DD1, cid=2318, SUCCESS, logIndex=3405, commits[4fcc8d53-44cb-4faf-b915-5afa0c7529d4:c3405, 48aa5eb4-709c-4003-adb5-fbc02723cd23:c3401, 609a8cf1-6ad3-4123-b94a-106ad93148a8:c3401]
2019-09-05 09:23:36,671 | INFO  | DNAudit | user=null | ip=null | op=WRITE_CHUNK {blockData=conID: 3 locID: 102739176103805503 bcsId: 0} | ret=SUCCESS |  
2019-09-05 09:23:36,671 | INFO  | DNAudit | user=null | ip=null | op=PUT_BLOCK {blockData=[blockId=conID: 3 locID: 102739176103805503 bcsId: 0,size=1048576]} | ret=SUCCESS |  
2019-09-05 09:23:36,671 [grpc-default-executor-3] INFO  client.GrpcClientProtocolClient (GrpcClientProtocolClient.java:onNext(255)) - client-969FB6DA8C9A->4fcc8d53-44cb-4faf-b915-5afa0c7529d4: receive RaftClientReply:client-969FB6DA8C9A->4fcc8d53-44cb-4faf-b915-5afa0c7529d4@group-6A615BAE1DD1, cid=2319, SUCCESS, logIndex=0, commits[4fcc8d53-44cb-4faf-b915-5afa0c7529d4:c3407, 48aa5eb4-709c-4003-adb5-fbc02723cd23:c3403, 609a8cf1-6ad3-4123-b94a-106ad93148a8:c3403]
2019-09-05 09:23:36,671 | INFO  | DNAudit | user=null | ip=null | op=WRITE_CHUNK {blockData=conID: 3 locID: 102739176103805503 bcsId: 0} | ret=SUCCESS |  
2019-09-05 09:23:36,671 | INFO  | DNAudit | user=null | ip=null | op=PUT_BLOCK {blockData=[blockId=conID: 3 locID: 102739176103805503 bcsId: 0,size=2097152]} | ret=SUCCESS |  
2019-09-05 09:23:36,672 | INFO  | DNAudit | user=null | ip=null | op=WRITE_CHUNK {blockData=conID: 3 locID: 102739176103805503 bcsId: 0} | ret=SUCCESS |  
2019-09-05 09:23:36,672 | INFO  | DNAudit | user=null | ip=null | op=PUT_BLOCK {blockData=[blockId=conID: 3 locID: 102739176103805503 bcsId: 0,size=2097152]} | ret=SUCCESS |  
2019-09-05 09:23:36,676 | INFO  | DNAudit | user=null | ip=null | op=WRITE_CHUNK {blockData=conID: 3 locID: 102739176103805503 bcsId: 3405} | ret=SUCCESS |  
2019-09-05 09:23:36,678 | INFO  | DNAudit | user=null | ip=null | op=WRITE_CHUNK {blockData=conID: 3 locID: 102739176103805503 bcsId: 3405} | ret=SUCCESS |  
2019-09-05 09:23:36,679 | INFO  | DNAudit | user=null | ip=null | op=WRITE_CHUNK {blockData=conID: 3 locID: 102739176103805503 bcsId: 3405} | ret=SUCCESS |  
2019-09-05 09:23:36,694 | INFO  | DNAudit | user=null | ip=null | op=WRITE_CHUNK {blockData=conID: 3 locID: 102739176103805503 bcsId: 3405} | ret=SUCCESS |  
2019-09-05 09:23:36,697 | INFO  | DNAudit | user=null | ip=null | op=PUT_BLOCK {blockData=[blockId=conID: 3 locID: 102739176103805503 bcsId: 0,size=3145728]} | ret=SUCCESS |  
2019-09-05 09:23:36,697 [grpc-default-executor-5] INFO  client.GrpcClientProtocolClient (GrpcClientProtocolClient.java:onNext(255)) - client-969FB6DA8C9A->4fcc8d53-44cb-4faf-b915-5afa0c7529d4: receive RaftClientReply:client-969FB6DA8C9A->4fcc8d53-44cb-4faf-b915-5afa0c7529d4@group-6A615BAE1DD1, cid=2320, SUCCESS, logIndex=3410, commits[4fcc8d53-44cb-4faf-b915-5afa0c7529d4:c3410, 48aa5eb4-709c-4003-adb5-fbc02723cd23:c3409, 609a8cf1-6ad3-4123-b94a-106ad93148a8:c3409]
2019-09-05 09:23:36,698 [grpc-default-executor-5] INFO  client.GrpcClientProtocolClient (GrpcClientProtocolClient.java:onNext(255)) - client-969FB6DA8C9A->4fcc8d53-44cb-4faf-b915-5afa0c7529d4: receive RaftClientReply:client-969FB6DA8C9A->4fcc8d53-44cb-4faf-b915-5afa0c7529d4@group-6A615BAE1DD1, cid=2321, SUCCESS, logIndex=3411, commits[4fcc8d53-44cb-4faf-b915-5afa0c7529d4:c3411, 48aa5eb4-709c-4003-adb5-fbc02723cd23:c3409, 609a8cf1-6ad3-4123-b94a-106ad93148a8:c3409]
2019-09-05 09:23:36,705 | INFO  | DNAudit | user=null | ip=null | op=WRITE_CHUNK {blockData=conID: 3 locID: 102739176103805503 bcsId: 3411} | ret=SUCCESS |  
2019-09-05 09:23:36,707 | INFO  | DNAudit | user=null | ip=null | op=WRITE_CHUNK {blockData=conID: 3 locID: 102739176103805503 bcsId: 3411} | ret=SUCCESS |  
2019-09-05 09:23:36,707 | INFO  | DNAudit | user=null | ip=null | op=WRITE_CHUNK {blockData=conID: 3 locID: 102739176103805503 bcsId: 3411} | ret=SUCCESS |  
2019-09-05 09:23:36,708 | INFO  | DNAudit | user=null | ip=null | op=WRITE_CHUNK {blockData=conID: 3 locID: 102739176103805503 bcsId: 3405} | ret=SUCCESS |  
2019-09-05 09:23:36,708 | INFO  | DNAudit | user=null | ip=null | op=WRITE_CHUNK {blockData=conID: 3 locID: 102739176103805503 bcsId: 3405} | ret=SUCCESS |  
2019-09-05 09:23:36,709 | INFO  | DNAudit | user=null | ip=null | op=PUT_BLOCK {blockData=[blockId=conID: 3 locID: 102739176103805503 bcsId: 0,size=3145728]} | ret=SUCCESS |  
2019-09-05 09:23:36,709 | INFO  | DNAudit | user=null | ip=null | op=PUT_BLOCK {blockData=[blockId=conID: 3 locID: 102739176103805503 bcsId: 0,size=3145728]} | ret=SUCCESS |  
2019-09-05 09:23:36,710 | INFO  | DNAudit | user=null | ip=null | op=WRITE_CHUNK {blockData=conID: 3 locID: 102739176103805503 bcsId: 3411} | ret=SUCCESS |  
2019-09-05 09:23:36,710 | INFO  | DNAudit | user=null | ip=null | op=PUT_BLOCK {blockData=[blockId=conID: 3 locID: 102739176103805503 bcsId: 0,size=4194304]} | ret=SUCCESS |  
2019-09-05 09:23:36,711 [grpc-default-executor-2] INFO  client.GrpcClientProtocolClient (GrpcClientProtocolClient.java:onNext(255)) - client-969FB6DA8C9A->4fcc8d53-44cb-4faf-b915-5afa0c7529d4: receive RaftClientReply:client-969FB6DA8C9A->4fcc8d53-44cb-4faf-b915-5afa0c7529d4@group-6A615BAE1DD1, cid=2322, SUCCESS, logIndex=3414, commits[4fcc8d53-44cb-4faf-b915-5afa0c7529d4:c3415, 48aa5eb4-709c-4003-adb5-fbc02723cd23:c3411, 609a8cf1-6ad3-4123-b94a-106ad93148a8:c3411]
2019-09-05 09:23:36,711 [grpc-default-executor-2] INFO  client.GrpcClientProtocolClient (GrpcClientProtocolClient.java:onNext(255)) - client-969FB6DA8C9A->4fcc8d53-44cb-4faf-b915-5afa0c7529d4: receive RaftClientReply:client-969FB6DA8C9A->4fcc8d53-44cb-4faf-b915-5afa0c7529d4@group-6A615BAE1DD1, cid=2323, SUCCESS, logIndex=3415, commits[4fcc8d53-44cb-4faf-b915-5afa0c7529d4:c3415, 48aa5eb4-709c-4003-adb5-fbc02723cd23:c3411, 609a8cf1-6ad3-4123-b94a-106ad93148a8:c3411]
2019-09-05 09:23:36,720 | INFO  | DNAudit | user=null | ip=null | op=WRITE_CHUNK {blockData=conID: 3 locID: 102739176103805503 bcsId: 3411} | ret=SUCCESS |  
2019-09-05 09:23:36,720 | INFO  | DNAudit | user=null | ip=null | op=WRITE_CHUNK {blockData=conID: 3 locID: 102739176103805503 bcsId: 3411} | ret=SUCCESS |  
2019-09-05 09:23:36,721 | INFO  | DNAudit | user=null | ip=null | op=PUT_BLOCK {blockData=[blockId=conID: 3 locID: 102739176103805503 bcsId: 0,size=4194304]} | ret=SUCCESS |  
2019-09-05 09:23:36,722 | INFO  | DNAudit | user=null | ip=null | op=PUT_BLOCK {blockData=[blockId=conID: 3 locID: 102739176103805503 bcsId: 0,size=4194304]} | ret=SUCCESS |  
2019-09-05 09:23:36,722 [grpc-default-executor-2] INFO  client.GrpcClientProtocolClient (GrpcClientProtocolClient.java:onNext(255)) - client-969FB6DA8C9A->4fcc8d53-44cb-4faf-b915-5afa0c7529d4: receive RaftClientReply:client-969FB6DA8C9A->4fcc8d53-44cb-4faf-b915-5afa0c7529d4@group-6A615BAE1DD1, cid=2324, SUCCESS, logIndex=0, commits[4fcc8d53-44cb-4faf-b915-5afa0c7529d4:c3417, 48aa5eb4-709c-4003-adb5-fbc02723cd23:c3415, 609a8cf1-6ad3-4123-b94a-106ad93148a8:c3415]
2019-09-05 09:23:36,728 | INFO  | SCMAudit | user=jenkins1000 | ip=192.168.36.69 | op=ALLOCATE_BLOCK {owner=5cf4fcf6-c517-45f4-af25-2fff646d8883, size=4194304, type=RATIS, factor=THREE} | ret=SUCCESS |  
2019-09-05 09:23:36,730 | INFO  | OMAudit | user=jenkins1000 | ip=127.0.0.1 | op=ALLOCATE_BLOCK {volume=vol-0-13331, bucket=bucket-0-43606, key=key-0-76526, dataSize=0, replicationType=null, replicationFactor=null, keyLocationInfo=null, clientID=102739173903106450} | ret=SUCCESS |  
2019-09-05 09:23:36,738 | INFO  | DNAudit | user=null | ip=null | op=WRITE_CHUNK {blockData=conID: 1 locID: 102739176110621248 bcsId: 0} | ret=SUCCESS |  
2019-09-05 09:23:36,740 | INFO  | DNAudit | user=null | ip=null | op=WRITE_CHUNK {blockData=conID: 1 locID: 102739176110621248 bcsId: 0} | ret=SUCCESS |  
2019-09-05 09:23:36,741 | INFO  | DNAudit | user=null | ip=null | op=WRITE_CHUNK {blockData=conID: 1 locID: 102739176110621248 bcsId: 0} | ret=SUCCESS |  
2019-09-05 09:23:36,741 | INFO  | DNAudit | user=null | ip=null | op=WRITE_CHUNK {blockData=conID: 1 locID: 102739176110621248 bcsId: 0} | ret=SUCCESS |  
2019-09-05 09:23:36,743 | INFO  | DNAudit | user=null | ip=null | op=WRITE_CHUNK {blockData=conID: 1 locID: 102739176110621248 bcsId: 0} | ret=SUCCESS |  
2019-09-05 09:23:36,744 | INFO  | DNAudit | user=null | ip=null | op=WRITE_CHUNK {blockData=conID: 1 locID: 102739176110621248 bcsId: 0} | ret=SUCCESS |  
2019-09-05 09:23:36,748 | INFO  | DNAudit | user=null | ip=null | op=WRITE_CHUNK {blockData=conID: 1 locID: 102739176110621248 bcsId: 0} | ret=SUCCESS |  
2019-09-05 09:23:36,748 | INFO  | DNAudit | user=null | ip=null | op=PUT_BLOCK {blockData=[blockId=conID: 1 locID: 102739176110621248 bcsId: 0,size=1048576]} | ret=SUCCESS |  
2019-09-05 09:23:36,748 [grpc-default-executor-2] INFO  client.GrpcClientProtocolClient (GrpcClientProtocolClient.java:onNext(255)) - client-969FB6DA8C9A->4fcc8d53-44cb-4faf-b915-5afa0c7529d4: receive RaftClientReply:client-969FB6DA8C9A->4fcc8d53-44cb-4faf-b915-5afa0c7529d4@group-6A615BAE1DD1, cid=2325, SUCCESS, logIndex=3418, commits[4fcc8d53-44cb-4faf-b915-5afa0c7529d4:c3419, 48aa5eb4-709c-4003-adb5-fbc02723cd23:c3417, 609a8cf1-6ad3-4123-b94a-106ad93148a8:c3417]
2019-09-05 09:23:36,749 | INFO  | DNAudit | user=null | ip=null | op=WRITE_CHUNK {blockData=conID: 1 locID: 102739176110621248 bcsId: 0} | ret=SUCCESS |  
2019-09-05 09:23:36,749 [grpc-default-executor-4] INFO  client.GrpcClientProtocolClient (GrpcClientProtocolClient.java:onNext(255)) - client-969FB6DA8C9A->4fcc8d53-44cb-4faf-b915-5afa0c7529d4: receive RaftClientReply:client-969FB6DA8C9A->4fcc8d53-44cb-4faf-b915-5afa0c7529d4@group-6A615BAE1DD1, cid=2326, SUCCESS, logIndex=3419, commits[4fcc8d53-44cb-4faf-b915-5afa0c7529d4:c3419, 48aa5eb4-709c-4003-adb5-fbc02723cd23:c3417, 609a8cf1-6ad3-4123-b94a-106ad93148a8:c3417]
2019-09-05 09:23:36,750 | INFO  | DNAudit | user=null | ip=null | op=PUT_BLOCK {blockData=[blockId=conID: 1 locID: 102739176110621248 bcsId: 0,size=2097152]} | ret=SUCCESS |  
2019-09-05 09:23:36,750 [grpc-default-executor-4] INFO  client.GrpcClientProtocolClient (GrpcClientProtocolClient.java:onNext(255)) - client-969FB6DA8C9A->4fcc8d53-44cb-4faf-b915-5afa0c7529d4: receive RaftClientReply:client-969FB6DA8C9A->4fcc8d53-44cb-4faf-b915-5afa0c7529d4@group-6A615BAE1DD1, cid=2327, SUCCESS, logIndex=3420, commits[4fcc8d53-44cb-4faf-b915-5afa0c7529d4:c3420, 48aa5eb4-709c-4003-adb5-fbc02723cd23:c3417, 609a8cf1-6ad3-4123-b94a-106ad93148a8:c3417]
2019-09-05 09:23:36,751 | INFO  | DNAudit | user=null | ip=null | op=WRITE_CHUNK {blockData=conID: 1 locID: 102739176110621248 bcsId: 0} | ret=SUCCESS |  
2019-09-05 09:23:36,751 | INFO  | DNAudit | user=null | ip=null | op=WRITE_CHUNK {blockData=conID: 1 locID: 102739176110621248 bcsId: 0} | ret=SUCCESS |  
2019-09-05 09:23:36,751 [grpc-default-executor-4] INFO  client.GrpcClientProtocolClient (GrpcClientProtocolClient.java:onNext(255)) - client-969FB6DA8C9A->4fcc8d53-44cb-4faf-b915-5afa0c7529d4: receive RaftClientReply:client-969FB6DA8C9A->4fcc8d53-44cb-4faf-b915-5afa0c7529d4@group-6A615BAE1DD1, cid=2328, SUCCESS, logIndex=3421, commits[4fcc8d53-44cb-4faf-b915-5afa0c7529d4:c3421, 48aa5eb4-709c-4003-adb5-fbc02723cd23:c3417, 609a8cf1-6ad3-4123-b94a-106ad93148a8:c3417]
2019-09-05 09:23:36,751 | INFO  | DNAudit | user=null | ip=null | op=PUT_BLOCK {blockData=[blockId=conID: 1 locID: 102739176110621248 bcsId: 0,size=1048576]} | ret=SUCCESS |  
2019-09-05 09:23:36,751 | INFO  | DNAudit | user=null | ip=null | op=PUT_BLOCK {blockData=[blockId=conID: 1 locID: 102739176110621248 bcsId: 0,size=1048576]} | ret=SUCCESS |  
2019-09-05 09:23:36,752 [grpc-default-executor-4] INFO  client.GrpcClientProtocolClient (GrpcClientProtocolClient.java:onNext(255)) - client-969FB6DA8C9A->4fcc8d53-44cb-4faf-b915-5afa0c7529d4: receive RaftClientReply:client-969FB6DA8C9A->4fcc8d53-44cb-4faf-b915-5afa0c7529d4@group-6A615BAE1DD1, cid=2329, SUCCESS, logIndex=0, commits[4fcc8d53-44cb-4faf-b915-5afa0c7529d4:c3422, 48aa5eb4-709c-4003-adb5-fbc02723cd23:c3419, 609a8cf1-6ad3-4123-b94a-106ad93148a8:c3419]
2019-09-05 09:23:36,758 | INFO  | DNAudit | user=null | ip=null | op=WRITE_CHUNK {blockData=conID: 1 locID: 102739176110621248 bcsId: 3421} | ret=SUCCESS |  
2019-09-05 09:23:36,759 | INFO  | DNAudit | user=null | ip=null | op=WRITE_CHUNK {blockData=conID: 1 locID: 102739176110621248 bcsId: 3421} | ret=SUCCESS |  
2019-09-05 09:23:36,761 | INFO  | DNAudit | user=null | ip=null | op=WRITE_CHUNK {blockData=conID: 1 locID: 102739176110621248 bcsId: 3421} | ret=SUCCESS |  
2019-09-05 09:23:36,763 | INFO  | DNAudit | user=null | ip=null | op=WRITE_CHUNK {blockData=conID: 1 locID: 102739176110621248 bcsId: 0} | ret=SUCCESS |  
2019-09-05 09:23:36,763 | INFO  | DNAudit | user=null | ip=null | op=PUT_BLOCK {blockData=[blockId=conID: 1 locID: 102739176110621248 bcsId: 0,size=2097152]} | ret=SUCCESS |  
2019-09-05 09:23:36,764 | INFO  | DNAudit | user=null | ip=null | op=WRITE_CHUNK {blockData=conID: 1 locID: 102739176110621248 bcsId: 0} | ret=SUCCESS |  
2019-09-05 09:23:36,764 | INFO  | DNAudit | user=null | ip=null | op=PUT_BLOCK {blockData=[blockId=conID: 1 locID: 102739176110621248 bcsId: 0,size=2097152]} | ret=SUCCESS |  
2019-09-05 09:23:36,766 | INFO  | DNAudit | user=null | ip=null | op=WRITE_CHUNK {blockData=conID: 1 locID: 102739176110621248 bcsId: 3421} | ret=SUCCESS |  
2019-09-05 09:23:36,767 | INFO  | DNAudit | user=null | ip=null | op=PUT_BLOCK {blockData=[blockId=conID: 1 locID: 102739176110621248 bcsId: 0,size=3145728]} | ret=SUCCESS |  
2019-09-05 09:23:36,767 [grpc-default-executor-3] INFO  client.GrpcClientProtocolClient (GrpcClientProtocolClient.java:onNext(255)) - client-969FB6DA8C9A->4fcc8d53-44cb-4faf-b915-5afa0c7529d4: receive RaftClientReply:client-969FB6DA8C9A->4fcc8d53-44cb-4faf-b915-5afa0c7529d4@group-6A615BAE1DD1, cid=2330, SUCCESS, logIndex=3426, commits[4fcc8d53-44cb-4faf-b915-5afa0c7529d4:c3427, 48aa5eb4-709c-4003-adb5-fbc02723cd23:c3421, 609a8cf1-6ad3-4123-b94a-106ad93148a8:c3423]
2019-09-05 09:23:36,767 [grpc-default-executor-3] INFO  client.GrpcClientProtocolClient (GrpcClientProtocolClient.java:onNext(255)) - client-969FB6DA8C9A->4fcc8d53-44cb-4faf-b915-5afa0c7529d4: receive RaftClientReply:client-969FB6DA8C9A->4fcc8d53-44cb-4faf-b915-5afa0c7529d4@group-6A615BAE1DD1, cid=2331, SUCCESS, logIndex=3427, commits[4fcc8d53-44cb-4faf-b915-5afa0c7529d4:c3427, 48aa5eb4-709c-4003-adb5-fbc02723cd23:c3423, 609a8cf1-6ad3-4123-b94a-106ad93148a8:c3423]
2019-09-05 09:23:37,488 [Thread-277] WARN  util.JavaUtils (JavaUtils.java:sleep(250)) - Unexpected long sleep: sleep(5178ms) actually took 5776ms which is over the threshold 300ms
 0.00% |█                                                                                                    |  0/1 Time: 0:00:342019-09-05 09:23:37,489 | INFO  | DNAudit | user=null | ip=null | op=WRITE_CHUNK {blockData=conID: 1 locID: 102739176110621248 bcsId: 3421} | ret=SUCCESS |  
2019-09-05 09:23:37,489 | INFO  | DNAudit | user=null | ip=null | op=WRITE_CHUNK {blockData=conID: 1 locID: 102739176110621248 bcsId: 3421} | ret=SUCCESS |  
2019-09-05 09:23:37,489 | INFO  | SCMAudit | user=jenkins1000 | ip=192.168.36.69 | op=SEND_HEARTBEAT {datanodeUUID=5b6cff60-1414-40d6-b682-781dc5ff3023, command=[]} | ret=SUCCESS |  
2019-09-05 09:23:37,489 | INFO  | SCMAudit | user=jenkins1000 | ip=192.168.36.69 | op=SEND_HEARTBEAT {datanodeUUID=609a8cf1-6ad3-4123-b94a-106ad93148a8, command=[]} | ret=SUCCESS |  
2019-09-05 09:23:37,489 | INFO  | DNAudit | user=null | ip=null | op=PUT_BLOCK {blockData=[blockId=conID: 1 locID: 102739176110621248 bcsId: 0,size=3145728]} | ret=SUCCESS |  
2019-09-05 09:23:37,489 | INFO  | SCMAudit | user=jenkins1000 | ip=192.168.36.69 | op=SEND_HEARTBEAT {datanodeUUID=48aa5eb4-709c-4003-adb5-fbc02723cd23, command=[]} | ret=SUCCESS |  
2019-09-05 09:23:37,489 | INFO  | SCMAudit | user=jenkins1000 | ip=192.168.36.69 | op=SEND_HEARTBEAT {datanodeUUID=4fcc8d53-44cb-4faf-b915-5afa0c7529d4, command=[]} | ret=SUCCESS |  
2019-09-05 09:23:37,489 | INFO  | DNAudit | user=null | ip=null | op=PUT_BLOCK {blockData=[blockId=conID: 1 locID: 102739176110621248 bcsId: 0,size=3145728]} | ret=SUCCESS |  
2019-09-05 09:23:37,495 | INFO  | DNAudit | user=null | ip=null | op=WRITE_CHUNK {blockData=conID: 1 locID: 102739176110621248 bcsId: 3427} | ret=SUCCESS |  
2019-09-05 09:23:37,498 | INFO  | DNAudit | user=null | ip=null | op=WRITE_CHUNK {blockData=conID: 1 locID: 102739176110621248 bcsId: 3427} | ret=SUCCESS |  
2019-09-05 09:23:37,498 | INFO  | DNAudit | user=null | ip=null | op=WRITE_CHUNK {blockData=conID: 1 locID: 102739176110621248 bcsId: 3427} | ret=SUCCESS |  
2019-09-05 09:23:37,617 | INFO  | SCMAudit | user=jenkins1000 | ip=192.168.36.69 | op=SEND_HEARTBEAT {datanodeUUID=fe9e29a7-51ad-458f-9e11-f615da290baa, command=[]} | ret=SUCCESS |  
2019-09-05 09:23:38,239 | INFO  | DNAudit | user=null | ip=null | op=WRITE_CHUNK {blockData=conID: 1 locID: 102739176110621248 bcsId: 3427} | ret=SUCCESS |  
2019-09-05 09:23:38,240 | INFO  | DNAudit | user=null | ip=null | op=PUT_BLOCK {blockData=[blockId=conID: 1 locID: 102739176110621248 bcsId: 0,size=4194304]} | ret=SUCCESS |  
2019-09-05 09:23:38,240 [grpc-default-executor-3] INFO  client.GrpcClientProtocolClient (GrpcClientProtocolClient.java:onNext(255)) - client-969FB6DA8C9A->4fcc8d53-44cb-4faf-b915-5afa0c7529d4: receive RaftClientReply:client-969FB6DA8C9A->4fcc8d53-44cb-4faf-b915-5afa0c7529d4@group-6A615BAE1DD1, cid=2332, SUCCESS, logIndex=3429, commits[4fcc8d53-44cb-4faf-b915-5afa0c7529d4:c3430, 48aa5eb4-709c-4003-adb5-fbc02723cd23:c3428, 609a8cf1-6ad3-4123-b94a-106ad93148a8:c3428]
2019-09-05 09:23:38,241 [grpc-default-executor-3] INFO  client.GrpcClientProtocolClient (GrpcClientProtocolClient.java:onNext(255)) - client-969FB6DA8C9A->4fcc8d53-44cb-4faf-b915-5afa0c7529d4: receive RaftClientReply:client-969FB6DA8C9A->4fcc8d53-44cb-4faf-b915-5afa0c7529d4@group-6A615BAE1DD1, cid=2333, SUCCESS, logIndex=3430, commits[4fcc8d53-44cb-4faf-b915-5afa0c7529d4:c3430, 48aa5eb4-709c-4003-adb5-fbc02723cd23:c3428, 609a8cf1-6ad3-4123-b94a-106ad93148a8:c3428]
2019-09-05 09:23:38,251 | INFO  | DNAudit | user=null | ip=null | op=WRITE_CHUNK {blockData=conID: 1 locID: 102739176110621248 bcsId: 3427} | ret=SUCCESS |  
2019-09-05 09:23:38,251 | INFO  | DNAudit | user=null | ip=null | op=WRITE_CHUNK {blockData=conID: 1 locID: 102739176110621248 bcsId: 3427} | ret=SUCCESS |  
2019-09-05 09:23:38,252 | INFO  | DNAudit | user=null | ip=null | op=PUT_BLOCK {blockData=[blockId=conID: 1 locID: 102739176110621248 bcsId: 0,size=4194304]} | ret=SUCCESS |  
2019-09-05 09:23:38,252 | INFO  | DNAudit | user=null | ip=null | op=PUT_BLOCK {blockData=[blockId=conID: 1 locID: 102739176110621248 bcsId: 0,size=4194304]} | ret=SUCCESS |  
2019-09-05 09:23:38,252 [grpc-default-executor-3] INFO  client.GrpcClientProtocolClient (GrpcClientProtocolClient.java:onNext(255)) - client-969FB6DA8C9A->4fcc8d53-44cb-4faf-b915-5afa0c7529d4: receive RaftClientReply:client-969FB6DA8C9A->4fcc8d53-44cb-4faf-b915-5afa0c7529d4@group-6A615BAE1DD1, cid=2334, SUCCESS, logIndex=0, commits[4fcc8d53-44cb-4faf-b915-5afa0c7529d4:c3431, 48aa5eb4-709c-4003-adb5-fbc02723cd23:c3430, 609a8cf1-6ad3-4123-b94a-106ad93148a8:c3430]
2019-09-05 09:23:38,257 | INFO  | SCMAudit | user=jenkins1000 | ip=192.168.36.69 | op=ALLOCATE_BLOCK {owner=5cf4fcf6-c517-45f4-af25-2fff646d8883, size=4194304, type=RATIS, factor=THREE} | ret=SUCCESS |  
2019-09-05 09:23:38,260 | INFO  | OMAudit | user=jenkins1000 | ip=127.0.0.1 | op=ALLOCATE_BLOCK {volume=vol-0-13331, bucket=bucket-0-43606, key=key-0-76526, dataSize=0, replicationType=null, replicationFactor=null, keyLocationInfo=null, clientID=102739173903106450} | ret=SUCCESS |  
2019-09-05 09:23:38,269 | INFO  | DNAudit | user=null | ip=null | op=WRITE_CHUNK {blockData=conID: 2 locID: 102739176210891329 bcsId: 0} | ret=SUCCESS |  
2019-09-05 09:23:38,271 | INFO  | DNAudit | user=null | ip=null | op=WRITE_CHUNK {blockData=conID: 2 locID: 102739176210891329 bcsId: 0} | ret=SUCCESS |  
2019-09-05 09:23:38,273 | INFO  | DNAudit | user=null | ip=null | op=WRITE_CHUNK {blockData=conID: 2 locID: 102739176210891329 bcsId: 0} | ret=SUCCESS |  
2019-09-05 09:23:38,273 | INFO  | DNAudit | user=null | ip=null | op=WRITE_CHUNK {blockData=conID: 2 locID: 102739176210891329 bcsId: 0} | ret=SUCCESS |  
2019-09-05 09:23:38,274 | INFO  | DNAudit | user=null | ip=null | op=WRITE_CHUNK {blockData=conID: 2 locID: 102739176210891329 bcsId: 0} | ret=SUCCESS |  
2019-09-05 09:23:38,275 | INFO  | DNAudit | user=null | ip=null | op=WRITE_CHUNK {blockData=conID: 2 locID: 102739176210891329 bcsId: 0} | ret=SUCCESS |  
2019-09-05 09:23:38,288 | INFO  | DNAudit | user=null | ip=null | op=WRITE_CHUNK {blockData=conID: 2 locID: 102739176210891329 bcsId: 0} | ret=SUCCESS |  
2019-09-05 09:23:38,289 | INFO  | DNAudit | user=null | ip=null | op=PUT_BLOCK {blockData=[blockId=conID: 2 locID: 102739176210891329 bcsId: 0,size=1048576]} | ret=SUCCESS |  
2019-09-05 09:23:38,289 | INFO  | DNAudit | user=null | ip=null | op=WRITE_CHUNK {blockData=conID: 2 locID: 102739176210891329 bcsId: 0} | ret=SUCCESS |  
2019-09-05 09:23:38,289 | INFO  | DNAudit | user=null | ip=null | op=PUT_BLOCK {blockData=[blockId=conID: 2 locID: 102739176210891329 bcsId: 0,size=2097152]} | ret=SUCCESS |  
2019-09-05 09:23:38,290 [grpc-default-executor-4] INFO  client.GrpcClientProtocolClient (GrpcClientProtocolClient.java:onNext(255)) - client-969FB6DA8C9A->4fcc8d53-44cb-4faf-b915-5afa0c7529d4: receive RaftClientReply:client-969FB6DA8C9A->4fcc8d53-44cb-4faf-b915-5afa0c7529d4@group-6A615BAE1DD1, cid=2335, SUCCESS, logIndex=3433, commits[4fcc8d53-44cb-4faf-b915-5afa0c7529d4:c3436, 48aa5eb4-709c-4003-adb5-fbc02723cd23:c3432, 609a8cf1-6ad3-4123-b94a-106ad93148a8:c3432]
2019-09-05 09:23:38,290 [grpc-default-executor-4] INFO  client.GrpcClientProtocolClient (GrpcClientProtocolClient.java:onNext(255)) - client-969FB6DA8C9A->4fcc8d53-44cb-4faf-b915-5afa0c7529d4: receive RaftClientReply:client-969FB6DA8C9A->4fcc8d53-44cb-4faf-b915-5afa0c7529d4@group-6A615BAE1DD1, cid=2336, SUCCESS, logIndex=3434, commits[4fcc8d53-44cb-4faf-b915-5afa0c7529d4:c3436, 48aa5eb4-709c-4003-adb5-fbc02723cd23:c3432, 609a8cf1-6ad3-4123-b94a-106ad93148a8:c3432]
2019-09-05 09:23:38,291 [grpc-default-executor-4] INFO  client.GrpcClientProtocolClient (GrpcClientProtocolClient.java:onNext(255)) - client-969FB6DA8C9A->4fcc8d53-44cb-4faf-b915-5afa0c7529d4: receive RaftClientReply:client-969FB6DA8C9A->4fcc8d53-44cb-4faf-b915-5afa0c7529d4@group-6A615BAE1DD1, cid=2337, SUCCESS, logIndex=3435, commits[4fcc8d53-44cb-4faf-b915-5afa0c7529d4:c3436, 48aa5eb4-709c-4003-adb5-fbc02723cd23:c3432, 609a8cf1-6ad3-4123-b94a-106ad93148a8:c3432]
2019-09-05 09:23:38,291 [grpc-default-executor-4] INFO  client.GrpcClientProtocolClient (GrpcClientProtocolClient.java:onNext(255)) - client-969FB6DA8C9A->4fcc8d53-44cb-4faf-b915-5afa0c7529d4: receive RaftClientReply:client-969FB6DA8C9A->4fcc8d53-44cb-4faf-b915-5afa0c7529d4@group-6A615BAE1DD1, cid=2338, SUCCESS, logIndex=3436, commits[4fcc8d53-44cb-4faf-b915-5afa0c7529d4:c3436, 48aa5eb4-709c-4003-adb5-fbc02723cd23:c3432, 609a8cf1-6ad3-4123-b94a-106ad93148a8:c3432]
2019-09-05 09:23:38,308 | INFO  | DNAudit | user=null | ip=null | op=WRITE_CHUNK {blockData=conID: 2 locID: 102739176210891329 bcsId: 0} | ret=SUCCESS |  
2019-09-05 09:23:38,309 | INFO  | DNAudit | user=null | ip=null | op=PUT_BLOCK {blockData=[blockId=conID: 2 locID: 102739176210891329 bcsId: 0,size=1048576]} | ret=SUCCESS |  
2019-09-05 09:23:38,309 | INFO  | DNAudit | user=null | ip=null | op=WRITE_CHUNK {blockData=conID: 2 locID: 102739176210891329 bcsId: 0} | ret=SUCCESS |  
2019-09-05 09:23:38,309 | INFO  | DNAudit | user=null | ip=null | op=PUT_BLOCK {blockData=[blockId=conID: 2 locID: 102739176210891329 bcsId: 0,size=1048576]} | ret=SUCCESS |  
2019-09-05 09:23:38,309 | INFO  | DNAudit | user=null | ip=null | op=WRITE_CHUNK {blockData=conID: 2 locID: 102739176210891329 bcsId: 0} | ret=SUCCESS |  
2019-09-05 09:23:38,309 | INFO  | DNAudit | user=null | ip=null | op=PUT_BLOCK {blockData=[blockId=conID: 2 locID: 102739176210891329 bcsId: 0,size=2097152]} | ret=SUCCESS |  
2019-09-05 09:23:38,310 [grpc-default-executor-4] INFO  client.GrpcClientProtocolClient (GrpcClientProtocolClient.java:onNext(255)) - client-969FB6DA8C9A->4fcc8d53-44cb-4faf-b915-5afa0c7529d4: receive RaftClientReply:client-969FB6DA8C9A->4fcc8d53-44cb-4faf-b915-5afa0c7529d4@group-6A615BAE1DD1, cid=2339, SUCCESS, logIndex=0, commits[4fcc8d53-44cb-4faf-b915-5afa0c7529d4:c3437, 48aa5eb4-709c-4003-adb5-fbc02723cd23:c3434, 609a8cf1-6ad3-4123-b94a-106ad93148a8:c3434]
2019-09-05 09:23:38,310 | INFO  | DNAudit | user=null | ip=null | op=WRITE_CHUNK {blockData=conID: 2 locID: 102739176210891329 bcsId: 0} | ret=SUCCESS |  
2019-09-05 09:23:38,310 | INFO  | DNAudit | user=null | ip=null | op=PUT_BLOCK {blockData=[blockId=conID: 2 locID: 102739176210891329 bcsId: 0,size=2097152]} | ret=SUCCESS |  
2019-09-05 09:23:38,317 | INFO  | DNAudit | user=null | ip=null | op=WRITE_CHUNK {blockData=conID: 2 locID: 102739176210891329 bcsId: 3436} | ret=SUCCESS |  
2019-09-05 09:23:38,319 | INFO  | DNAudit | user=null | ip=null | op=WRITE_CHUNK {blockData=conID: 2 locID: 102739176210891329 bcsId: 3436} | ret=SUCCESS |  
2019-09-05 09:23:38,319 | INFO  | DNAudit | user=null | ip=null | op=WRITE_CHUNK {blockData=conID: 2 locID: 102739176210891329 bcsId: 3436} | ret=SUCCESS |  
2019-09-05 09:23:38,333 | INFO  | DNAudit | user=null | ip=null | op=WRITE_CHUNK {blockData=conID: 2 locID: 102739176210891329 bcsId: 3436} | ret=SUCCESS |  
2019-09-05 09:23:38,334 | INFO  | DNAudit | user=null | ip=null | op=PUT_BLOCK {blockData=[blockId=conID: 2 locID: 102739176210891329 bcsId: 0,size=3145728]} | ret=SUCCESS |  
2019-09-05 09:23:38,334 [grpc-default-executor-2] INFO  client.GrpcClientProtocolClient (GrpcClientProtocolClient.java:onNext(255)) - client-969FB6DA8C9A->4fcc8d53-44cb-4faf-b915-5afa0c7529d4: receive RaftClientReply:client-969FB6DA8C9A->4fcc8d53-44cb-4faf-b915-5afa0c7529d4@group-6A615BAE1DD1, cid=2340, SUCCESS, logIndex=3441, commits[4fcc8d53-44cb-4faf-b915-5afa0c7529d4:c3441, 48aa5eb4-709c-4003-adb5-fbc02723cd23:c3440, 609a8cf1-6ad3-4123-b94a-106ad93148a8:c3440]
2019-09-05 09:23:38,334 [grpc-default-executor-2] INFO  client.GrpcClientProtocolClient (GrpcClientProtocolClient.java:onNext(255)) - client-969FB6DA8C9A->4fcc8d53-44cb-4faf-b915-5afa0c7529d4: receive RaftClientReply:client-969FB6DA8C9A->4fcc8d53-44cb-4faf-b915-5afa0c7529d4@group-6A615BAE1DD1, cid=2341, SUCCESS, logIndex=3442, commits[4fcc8d53-44cb-4faf-b915-5afa0c7529d4:c3442, 48aa5eb4-709c-4003-adb5-fbc02723cd23:c3440, 609a8cf1-6ad3-4123-b94a-106ad93148a8:c3440]
2019-09-05 09:23:38,340 | INFO  | DNAudit | user=null | ip=null | op=WRITE_CHUNK {blockData=conID: 2 locID: 102739176210891329 bcsId: 3442} | ret=SUCCESS |  
2019-09-05 09:23:38,343 | INFO  | DNAudit | user=null | ip=null | op=WRITE_CHUNK {blockData=conID: 2 locID: 102739176210891329 bcsId: 3442} | ret=SUCCESS |  
2019-09-05 09:23:38,345 | INFO  | DNAudit | user=null | ip=null | op=WRITE_CHUNK {blockData=conID: 2 locID: 102739176210891329 bcsId: 3442} | ret=SUCCESS |  
2019-09-05 09:23:38,362 | INFO  | DNAudit | user=null | ip=null | op=WRITE_CHUNK {blockData=conID: 2 locID: 102739176210891329 bcsId: 3436} | ret=SUCCESS |  
2019-09-05 09:23:38,363 | INFO  | DNAudit | user=null | ip=null | op=PUT_BLOCK {blockData=[blockId=conID: 2 locID: 102739176210891329 bcsId: 0,size=3145728]} | ret=SUCCESS |  
2019-09-05 09:23:38,363 | INFO  | DNAudit | user=null | ip=null | op=WRITE_CHUNK {blockData=conID: 2 locID: 102739176210891329 bcsId: 3436} | ret=SUCCESS |  
2019-09-05 09:23:38,363 | INFO  | DNAudit | user=null | ip=null | op=PUT_BLOCK {blockData=[blockId=conID: 2 locID: 102739176210891329 bcsId: 0,size=3145728]} | ret=SUCCESS |  
2019-09-05 09:23:38,366 | INFO  | DNAudit | user=null | ip=null | op=WRITE_CHUNK {blockData=conID: 2 locID: 102739176210891329 bcsId: 3442} | ret=SUCCESS |  
2019-09-05 09:23:38,366 | INFO  | DNAudit | user=null | ip=null | op=PUT_BLOCK {blockData=[blockId=conID: 2 locID: 102739176210891329 bcsId: 0,size=4194304]} | ret=SUCCESS |  
2019-09-05 09:23:38,366 [grpc-default-executor-4] INFO  client.GrpcClientProtocolClient (GrpcClientProtocolClient.java:onNext(255)) - client-969FB6DA8C9A->4fcc8d53-44cb-4faf-b915-5afa0c7529d4: receive RaftClientReply:client-969FB6DA8C9A->4fcc8d53-44cb-4faf-b915-5afa0c7529d4@group-6A615BAE1DD1, cid=2342, SUCCESS, logIndex=3445, commits[4fcc8d53-44cb-4faf-b915-5afa0c7529d4:c3446, 48aa5eb4-709c-4003-adb5-fbc02723cd23:c3442, 609a8cf1-6ad3-4123-b94a-106ad93148a8:c3442]
2019-09-05 09:23:38,366 [grpc-default-executor-4] INFO  client.GrpcClientProtocolClient (GrpcClientProtocolClient.java:onNext(255)) - client-969FB6DA8C9A->4fcc8d53-44cb-4faf-b915-5afa0c7529d4: receive RaftClientReply:client-969FB6DA8C9A->4fcc8d53-44cb-4faf-b915-5afa0c7529d4@group-6A615BAE1DD1, cid=2343, SUCCESS, logIndex=3446, commits[4fcc8d53-44cb-4faf-b915-5afa0c7529d4:c3446, 48aa5eb4-709c-4003-adb5-fbc02723cd23:c3442, 609a8cf1-6ad3-4123-b94a-106ad93148a8:c3442]
2019-09-05 09:23:38,380 | INFO  | DNAudit | user=null | ip=null | op=WRITE_CHUNK {blockData=conID: 2 locID: 102739176210891329 bcsId: 3442} | ret=SUCCESS |  
2019-09-05 09:23:38,380 | INFO  | DNAudit | user=null | ip=null | op=WRITE_CHUNK {blockData=conID: 2 locID: 102739176210891329 bcsId: 3442} | ret=SUCCESS |  
2019-09-05 09:23:38,380 | INFO  | DNAudit | user=null | ip=null | op=PUT_BLOCK {blockData=[blockId=conID: 2 locID: 102739176210891329 bcsId: 0,size=4194304]} | ret=SUCCESS |  
2019-09-05 09:23:38,381 | INFO  | DNAudit | user=null | ip=null | op=PUT_BLOCK {blockData=[blockId=conID: 2 locID: 102739176210891329 bcsId: 0,size=4194304]} | ret=SUCCESS |  
2019-09-05 09:23:38,381 [grpc-default-executor-4] INFO  client.GrpcClientProtocolClient (GrpcClientProtocolClient.java:onNext(255)) - client-969FB6DA8C9A->4fcc8d53-44cb-4faf-b915-5afa0c7529d4: receive RaftClientReply:client-969FB6DA8C9A->4fcc8d53-44cb-4faf-b915-5afa0c7529d4@group-6A615BAE1DD1, cid=2344, SUCCESS, logIndex=0, commits[4fcc8d53-44cb-4faf-b915-5afa0c7529d4:c3447, 48aa5eb4-709c-4003-adb5-fbc02723cd23:c3446, 609a8cf1-6ad3-4123-b94a-106ad93148a8:c3446]
2019-09-05 09:23:38,386 | INFO  | SCMAudit | user=jenkins1000 | ip=192.168.36.69 | op=ALLOCATE_BLOCK {owner=5cf4fcf6-c517-45f4-af25-2fff646d8883, size=4194304, type=RATIS, factor=THREE} | ret=SUCCESS |  
2019-09-05 09:23:38,389 | INFO  | OMAudit | user=jenkins1000 | ip=127.0.0.1 | op=ALLOCATE_BLOCK {volume=vol-0-13331, bucket=bucket-0-43606, key=key-0-76526, dataSize=0, replicationType=null, replicationFactor=null, keyLocationInfo=null, clientID=102739173903106450} | ret=SUCCESS |  
2019-09-05 09:23:38,394 | INFO  | DNAudit | user=null | ip=null | op=WRITE_CHUNK {blockData=conID: 3 locID: 102739176219345474 bcsId: 0} | ret=SUCCESS |  
2019-09-05 09:23:38,396 | INFO  | DNAudit | user=null | ip=null | op=WRITE_CHUNK {blockData=conID: 3 locID: 102739176219345474 bcsId: 0} | ret=SUCCESS |  
2019-09-05 09:23:38,397 | INFO  | DNAudit | user=null | ip=null | op=WRITE_CHUNK {blockData=conID: 3 locID: 102739176219345474 bcsId: 0} | ret=SUCCESS |  
2019-09-05 09:23:38,397 | INFO  | DNAudit | user=null | ip=null | op=WRITE_CHUNK {blockData=conID: 3 locID: 102739176219345474 bcsId: 0} | ret=SUCCESS |  
2019-09-05 09:23:38,398 | INFO  | DNAudit | user=null | ip=null | op=WRITE_CHUNK {blockData=conID: 3 locID: 102739176219345474 bcsId: 0} | ret=SUCCESS |  
2019-09-05 09:23:38,399 | INFO  | DNAudit | user=null | ip=null | op=WRITE_CHUNK {blockData=conID: 3 locID: 102739176219345474 bcsId: 0} | ret=SUCCESS |  
2019-09-05 09:23:38,428 | INFO  | DNAudit | user=null | ip=null | op=WRITE_CHUNK {blockData=conID: 3 locID: 102739176219345474 bcsId: 0} | ret=SUCCESS |  
2019-09-05 09:23:38,428 | INFO  | DNAudit | user=null | ip=null | op=PUT_BLOCK {blockData=[blockId=conID: 3 locID: 102739176219345474 bcsId: 0,size=1048576]} | ret=SUCCESS |  
2019-09-05 09:23:38,428 [grpc-default-executor-5] INFO  client.GrpcClientProtocolClient (GrpcClientProtocolClient.java:onNext(255)) - client-969FB6DA8C9A->4fcc8d53-44cb-4faf-b915-5afa0c7529d4: receive RaftClientReply:client-969FB6DA8C9A->4fcc8d53-44cb-4faf-b915-5afa0c7529d4@group-6A615BAE1DD1, cid=2345, SUCCESS, logIndex=3449, commits[4fcc8d53-44cb-4faf-b915-5afa0c7529d4:c3450, 48aa5eb4-709c-4003-adb5-fbc02723cd23:c3448, 609a8cf1-6ad3-4123-b94a-106ad93148a8:c3448]
2019-09-05 09:23:38,429 [grpc-default-executor-5] INFO  client.GrpcClientProtocolClient (GrpcClientProtocolClient.java:onNext(255)) - client-969FB6DA8C9A->4fcc8d53-44cb-4faf-b915-5afa0c7529d4: receive RaftClientReply:client-969FB6DA8C9A->4fcc8d53-44cb-4faf-b915-5afa0c7529d4@group-6A615BAE1DD1, cid=2346, SUCCESS, logIndex=3450, commits[4fcc8d53-44cb-4faf-b915-5afa0c7529d4:c3450, 48aa5eb4-709c-4003-adb5-fbc02723cd23:c3448, 609a8cf1-6ad3-4123-b94a-106ad93148a8:c3448]
2019-09-05 09:23:38,456 | INFO  | DNAudit | user=null | ip=null | op=WRITE_CHUNK {blockData=conID: 3 locID: 102739176219345474 bcsId: 0} | ret=SUCCESS |  
2019-09-05 09:23:38,456 | INFO  | DNAudit | user=null | ip=null | op=PUT_BLOCK {blockData=[blockId=conID: 3 locID: 102739176219345474 bcsId: 0,size=2097152]} | ret=SUCCESS |  
2019-09-05 09:23:38,456 [grpc-default-executor-4] INFO  client.GrpcClientProtocolClient (GrpcClientProtocolClient.java:onNext(255)) - client-969FB6DA8C9A->4fcc8d53-44cb-4faf-b915-5afa0c7529d4: receive RaftClientReply:client-969FB6DA8C9A->4fcc8d53-44cb-4faf-b915-5afa0c7529d4@group-6A615BAE1DD1, cid=2347, SUCCESS, logIndex=3451, commits[4fcc8d53-44cb-4faf-b915-5afa0c7529d4:c3452, 48aa5eb4-709c-4003-adb5-fbc02723cd23:c3448, 609a8cf1-6ad3-4123-b94a-106ad93148a8:c3448]
2019-09-05 09:23:38,457 [grpc-default-executor-4] INFO  client.GrpcClientProtocolClient (GrpcClientProtocolClient.java:onNext(255)) - client-969FB6DA8C9A->4fcc8d53-44cb-4faf-b915-5afa0c7529d4: receive RaftClientReply:client-969FB6DA8C9A->4fcc8d53-44cb-4faf-b915-5afa0c7529d4@group-6A615BAE1DD1, cid=2348, SUCCESS, logIndex=3452, commits[4fcc8d53-44cb-4faf-b915-5afa0c7529d4:c3452, 48aa5eb4-709c-4003-adb5-fbc02723cd23:c3448, 609a8cf1-6ad3-4123-b94a-106ad93148a8:c3448]
 0.00% |█                                                                                                    |  0/1 Time: 0:00:352019-09-05 09:23:38,490 | INFO  | SCMAudit | user=jenkins1000 | ip=192.168.36.69 | op=SEND_HEARTBEAT {datanodeUUID=4fcc8d53-44cb-4faf-b915-5afa0c7529d4, command=[]} | ret=SUCCESS |  
2019-09-05 09:23:38,490 | INFO  | SCMAudit | user=jenkins1000 | ip=192.168.36.69 | op=SEND_HEARTBEAT {datanodeUUID=609a8cf1-6ad3-4123-b94a-106ad93148a8, command=[]} | ret=SUCCESS |  
2019-09-05 09:23:38,490 | INFO  | SCMAudit | user=jenkins1000 | ip=192.168.36.69 | op=SEND_HEARTBEAT {datanodeUUID=5b6cff60-1414-40d6-b682-781dc5ff3023, command=[]} | ret=SUCCESS |  
2019-09-05 09:23:38,490 | INFO  | SCMAudit | user=jenkins1000 | ip=192.168.36.69 | op=SEND_HEARTBEAT {datanodeUUID=48aa5eb4-709c-4003-adb5-fbc02723cd23, command=[]} | ret=SUCCESS |  
2019-09-05 09:23:38,616 | INFO  | SCMAudit | user=jenkins1000 | ip=192.168.36.69 | op=SEND_HEARTBEAT {datanodeUUID=fe9e29a7-51ad-458f-9e11-f615da290baa, command=[]} | ret=SUCCESS |  
2019-09-05 09:23:39,488 | INFO  | SCMAudit | user=jenkins1000 | ip=192.168.36.69 | op=SEND_HEARTBEAT {datanodeUUID=5b6cff60-1414-40d6-b682-781dc5ff3023, command=[]} | ret=SUCCESS |  
2019-09-05 09:23:39,488 | INFO  | SCMAudit | user=jenkins1000 | ip=192.168.36.69 | op=SEND_HEARTBEAT {datanodeUUID=4fcc8d53-44cb-4faf-b915-5afa0c7529d4, command=[]} | ret=SUCCESS |  
2019-09-05 09:23:39,488 | INFO  | SCMAudit | user=jenkins1000 | ip=192.168.36.69 | op=SEND_HEARTBEAT {datanodeUUID=48aa5eb4-709c-4003-adb5-fbc02723cd23, command=[]} | ret=SUCCESS |  
2019-09-05 09:23:39,488 | INFO  | SCMAudit | user=jenkins1000 | ip=192.168.36.69 | op=SEND_HEARTBEAT {datanodeUUID=609a8cf1-6ad3-4123-b94a-106ad93148a8, command=[]} | ret=SUCCESS |  
 0.00% |█                                                                                                    |  0/1 Time: 0:00:362019-09-05 09:23:39,616 | INFO  | SCMAudit | user=jenkins1000 | ip=192.168.36.69 | op=SEND_HEARTBEAT {datanodeUUID=fe9e29a7-51ad-458f-9e11-f615da290baa, command=[]} | ret=SUCCESS |  
2019-09-05 09:23:40,488 | INFO  | SCMAudit | user=jenkins1000 | ip=192.168.36.69 | op=SEND_HEARTBEAT {datanodeUUID=5b6cff60-1414-40d6-b682-781dc5ff3023, command=[]} | ret=SUCCESS |  
2019-09-05 09:23:40,488 | INFO  | SCMAudit | user=jenkins1000 | ip=192.168.36.69 | op=SEND_HEARTBEAT {datanodeUUID=4fcc8d53-44cb-4faf-b915-5afa0c7529d4, command=[]} | ret=SUCCESS |  
2019-09-05 09:23:40,488 | INFO  | SCMAudit | user=jenkins1000 | ip=192.168.36.69 | op=SEND_HEARTBEAT {datanodeUUID=609a8cf1-6ad3-4123-b94a-106ad93148a8, command=[]} | ret=SUCCESS |  
2019-09-05 09:23:40,488 | INFO  | SCMAudit | user=jenkins1000 | ip=192.168.36.69 | op=SEND_HEARTBEAT {datanodeUUID=48aa5eb4-709c-4003-adb5-fbc02723cd23, command=[]} | ret=SUCCESS |  
 0.00% |█                                                                                                    |  0/1 Time: 0:00:372019-09-05 09:23:40,616 | INFO  | SCMAudit | user=jenkins1000 | ip=192.168.36.69 | op=SEND_HEARTBEAT {datanodeUUID=fe9e29a7-51ad-458f-9e11-f615da290baa, command=[]} | ret=SUCCESS |  
2019-09-05 09:23:40,882 | INFO  | DNAudit | user=null | ip=null | op=WRITE_CHUNK {blockData=conID: 3 locID: 102739176219345474 bcsId: 0} | ret=SUCCESS |  
2019-09-05 09:23:40,883 | INFO  | DNAudit | user=null | ip=null | op=PUT_BLOCK {blockData=[blockId=conID: 3 locID: 102739176219345474 bcsId: 0,size=1048576]} | ret=SUCCESS |  
2019-09-05 09:23:40,883 | INFO  | DNAudit | user=null | ip=null | op=WRITE_CHUNK {blockData=conID: 3 locID: 102739176219345474 bcsId: 0} | ret=SUCCESS |  
2019-09-05 09:23:40,884 | INFO  | DNAudit | user=null | ip=null | op=PUT_BLOCK {blockData=[blockId=conID: 3 locID: 102739176219345474 bcsId: 0,size=1048576]} | ret=SUCCESS |  
2019-09-05 09:23:40,884 [grpc-default-executor-4] INFO  client.GrpcClientProtocolClient (GrpcClientProtocolClient.java:onNext(255)) - client-969FB6DA8C9A->4fcc8d53-44cb-4faf-b915-5afa0c7529d4: receive RaftClientReply:client-969FB6DA8C9A->4fcc8d53-44cb-4faf-b915-5afa0c7529d4@group-6A615BAE1DD1, cid=2349, SUCCESS, logIndex=0, commits[4fcc8d53-44cb-4faf-b915-5afa0c7529d4:c3454, 48aa5eb4-709c-4003-adb5-fbc02723cd23:c3450, 609a8cf1-6ad3-4123-b94a-106ad93148a8:c3450]
2019-09-05 09:23:40,893 | INFO  | DNAudit | user=null | ip=null | op=WRITE_CHUNK {blockData=conID: 3 locID: 102739176219345474 bcsId: 3452} | ret=SUCCESS |  
2019-09-05 09:23:40,895 | INFO  | DNAudit | user=null | ip=null | op=WRITE_CHUNK {blockData=conID: 3 locID: 102739176219345474 bcsId: 3452} | ret=SUCCESS |  
2019-09-05 09:23:40,896 | INFO  | DNAudit | user=null | ip=null | op=WRITE_CHUNK {blockData=conID: 3 locID: 102739176219345474 bcsId: 3452} | ret=SUCCESS |  
2019-09-05 09:23:41,289 | INFO  | DNAudit | user=null | ip=null | op=WRITE_CHUNK {blockData=conID: 3 locID: 102739176219345474 bcsId: 0} | ret=SUCCESS |  
2019-09-05 09:23:41,289 | INFO  | DNAudit | user=null | ip=null | op=PUT_BLOCK {blockData=[blockId=conID: 3 locID: 102739176219345474 bcsId: 0,size=2097152]} | ret=SUCCESS |  
2019-09-05 09:23:41,336 | INFO  | DNAudit | user=null | ip=null | op=WRITE_CHUNK {blockData=conID: 3 locID: 102739176219345474 bcsId: 0} | ret=SUCCESS |  
2019-09-05 09:23:41,336 | INFO  | DNAudit | user=null | ip=null | op=PUT_BLOCK {blockData=[blockId=conID: 3 locID: 102739176219345474 bcsId: 0,size=2097152]} | ret=SUCCESS |  
2019-09-05 09:23:41,487 | INFO  | SCMAudit | user=jenkins1000 | ip=192.168.36.69 | op=SEND_HEARTBEAT {datanodeUUID=48aa5eb4-709c-4003-adb5-fbc02723cd23, command=[]} | ret=SUCCESS |  
2019-09-05 09:23:41,488 | INFO  | SCMAudit | user=jenkins1000 | ip=192.168.36.69 | op=SEND_HEARTBEAT {datanodeUUID=5b6cff60-1414-40d6-b682-781dc5ff3023, command=[]} | ret=SUCCESS |  
2019-09-05 09:23:41,488 | INFO  | SCMAudit | user=jenkins1000 | ip=192.168.36.69 | op=SEND_HEARTBEAT {datanodeUUID=4fcc8d53-44cb-4faf-b915-5afa0c7529d4, command=[]} | ret=SUCCESS |  
2019-09-05 09:23:41,488 | INFO  | SCMAudit | user=jenkins1000 | ip=192.168.36.69 | op=SEND_HEARTBEAT {datanodeUUID=609a8cf1-6ad3-4123-b94a-106ad93148a8, command=[]} | ret=SUCCESS |  
 0.00% |█                                                                                                    |  0/1 Time: 0:00:382019-09-05 09:23:41,617 | INFO  | SCMAudit | user=jenkins1000 | ip=192.168.36.69 | op=SEND_HEARTBEAT {datanodeUUID=fe9e29a7-51ad-458f-9e11-f615da290baa, command=[]} | ret=SUCCESS |  
2019-09-05 09:23:42,027 | INFO  | DNAudit | user=null | ip=null | op=WRITE_CHUNK {blockData=conID: 3 locID: 102739176219345474 bcsId: 3452} | ret=SUCCESS |  
2019-09-05 09:23:42,027 | INFO  | DNAudit | user=null | ip=null | op=PUT_BLOCK {blockData=[blockId=conID: 3 locID: 102739176219345474 bcsId: 0,size=3145728]} | ret=SUCCESS |  
2019-09-05 09:23:42,028 [grpc-default-executor-4] INFO  client.GrpcClientProtocolClient (GrpcClientProtocolClient.java:onNext(255)) - client-969FB6DA8C9A->4fcc8d53-44cb-4faf-b915-5afa0c7529d4: receive RaftClientReply:client-969FB6DA8C9A->4fcc8d53-44cb-4faf-b915-5afa0c7529d4@group-6A615BAE1DD1, cid=2350, SUCCESS, logIndex=3457, commits[4fcc8d53-44cb-4faf-b915-5afa0c7529d4:c3458, 48aa5eb4-709c-4003-adb5-fbc02723cd23:c3454, 609a8cf1-6ad3-4123-b94a-106ad93148a8:c3452]
2019-09-05 09:23:42,028 [grpc-default-executor-4] INFO  client.GrpcClientProtocolClient (GrpcClientProtocolClient.java:onNext(255)) - client-969FB6DA8C9A->4fcc8d53-44cb-4faf-b915-5afa0c7529d4: receive RaftClientReply:client-969FB6DA8C9A->4fcc8d53-44cb-4faf-b915-5afa0c7529d4@group-6A615BAE1DD1, cid=2351, SUCCESS, logIndex=3458, commits[4fcc8d53-44cb-4faf-b915-5afa0c7529d4:c3458, 48aa5eb4-709c-4003-adb5-fbc02723cd23:c3454, 609a8cf1-6ad3-4123-b94a-106ad93148a8:c3452]
2019-09-05 09:23:42,037 | INFO  | DNAudit | user=null | ip=null | op=WRITE_CHUNK {blockData=conID: 3 locID: 102739176219345474 bcsId: 3458} | ret=SUCCESS |  
2019-09-05 09:23:42,040 | INFO  | DNAudit | user=null | ip=null | op=WRITE_CHUNK {blockData=conID: 3 locID: 102739176219345474 bcsId: 3458} | ret=SUCCESS |  
2019-09-05 09:23:42,040 | INFO  | DNAudit | user=null | ip=null | op=WRITE_CHUNK {blockData=conID: 3 locID: 102739176219345474 bcsId: 3458} | ret=SUCCESS |  
2019-09-05 09:23:42,488 | INFO  | SCMAudit | user=jenkins1000 | ip=192.168.36.69 | op=SEND_HEARTBEAT {datanodeUUID=5b6cff60-1414-40d6-b682-781dc5ff3023, command=[]} | ret=SUCCESS |  
2019-09-05 09:23:42,488 | INFO  | SCMAudit | user=jenkins1000 | ip=192.168.36.69 | op=SEND_HEARTBEAT {datanodeUUID=48aa5eb4-709c-4003-adb5-fbc02723cd23, command=[]} | ret=SUCCESS |  
2019-09-05 09:23:42,489 | INFO  | SCMAudit | user=jenkins1000 | ip=192.168.36.69 | op=SEND_HEARTBEAT {datanodeUUID=609a8cf1-6ad3-4123-b94a-106ad93148a8, command=[]} | ret=SUCCESS |  
2019-09-05 09:23:42,489 | INFO  | SCMAudit | user=jenkins1000 | ip=192.168.36.69 | op=SEND_HEARTBEAT {datanodeUUID=4fcc8d53-44cb-4faf-b915-5afa0c7529d4, command=[]} | ret=SUCCESS |  
 0.00% |█                                                                                                    |  0/1 Time: 0:00:392019-09-05 09:23:42,616 | INFO  | SCMAudit | user=jenkins1000 | ip=192.168.36.69 | op=SEND_HEARTBEAT {datanodeUUID=fe9e29a7-51ad-458f-9e11-f615da290baa, command=[]} | ret=SUCCESS |  
2019-09-05 09:23:43,000 | INFO  | DNAudit | user=null | ip=null | op=WRITE_CHUNK {blockData=conID: 3 locID: 102739176219345474 bcsId: 3452} | ret=SUCCESS |  
2019-09-05 09:23:43,000 | INFO  | DNAudit | user=null | ip=null | op=PUT_BLOCK {blockData=[blockId=conID: 3 locID: 102739176219345474 bcsId: 0,size=3145728]} | ret=SUCCESS |  
2019-09-05 09:23:43,264 | INFO  | DNAudit | user=null | ip=null | op=WRITE_CHUNK {blockData=conID: 3 locID: 102739176219345474 bcsId: 3452} | ret=SUCCESS |  
2019-09-05 09:23:43,264 | INFO  | DNAudit | user=null | ip=null | op=PUT_BLOCK {blockData=[blockId=conID: 3 locID: 102739176219345474 bcsId: 0,size=3145728]} | ret=SUCCESS |  
2019-09-05 09:23:43,488 | INFO  | SCMAudit | user=jenkins1000 | ip=192.168.36.69 | op=SEND_HEARTBEAT {datanodeUUID=48aa5eb4-709c-4003-adb5-fbc02723cd23, command=[]} | ret=SUCCESS |  
2019-09-05 09:23:43,488 | INFO  | SCMAudit | user=jenkins1000 | ip=192.168.36.69 | op=SEND_HEARTBEAT {datanodeUUID=5b6cff60-1414-40d6-b682-781dc5ff3023, command=[]} | ret=SUCCESS |  
2019-09-05 09:23:43,488 | INFO  | SCMAudit | user=jenkins1000 | ip=192.168.36.69 | op=SEND_HEARTBEAT {datanodeUUID=4fcc8d53-44cb-4faf-b915-5afa0c7529d4, command=[]} | ret=SUCCESS |  
2019-09-05 09:23:43,489 | INFO  | SCMAudit | user=jenkins1000 | ip=192.168.36.69 | op=SEND_HEARTBEAT {datanodeUUID=609a8cf1-6ad3-4123-b94a-106ad93148a8, command=[]} | ret=SUCCESS |  
 0.00% |█                                                                                                    |  0/1 Time: 0:00:402019-09-05 09:23:43,617 | INFO  | SCMAudit | user=jenkins1000 | ip=192.168.36.69 | op=SEND_HEARTBEAT {datanodeUUID=fe9e29a7-51ad-458f-9e11-f615da290baa, command=[]} | ret=SUCCESS |  
2019-09-05 09:23:44,488 | INFO  | SCMAudit | user=jenkins1000 | ip=192.168.36.69 | op=SEND_HEARTBEAT {datanodeUUID=48aa5eb4-709c-4003-adb5-fbc02723cd23, command=[]} | ret=SUCCESS |  
2019-09-05 09:23:44,488 | INFO  | SCMAudit | user=jenkins1000 | ip=192.168.36.69 | op=SEND_HEARTBEAT {datanodeUUID=5b6cff60-1414-40d6-b682-781dc5ff3023, command=[]} | ret=SUCCESS |  
2019-09-05 09:23:44,488 | INFO  | SCMAudit | user=jenkins1000 | ip=192.168.36.69 | op=SEND_HEARTBEAT {datanodeUUID=4fcc8d53-44cb-4faf-b915-5afa0c7529d4, command=[]} | ret=SUCCESS |  
2019-09-05 09:23:44,488 | INFO  | SCMAudit | user=jenkins1000 | ip=192.168.36.69 | op=SEND_HEARTBEAT {datanodeUUID=609a8cf1-6ad3-4123-b94a-106ad93148a8, command=[]} | ret=SUCCESS |  
 0.00% |█                                                                                                    |  0/1 Time: 0:00:412019-09-05 09:23:44,617 | INFO  | SCMAudit | user=jenkins1000 | ip=192.168.36.69 | op=SEND_HEARTBEAT {datanodeUUID=fe9e29a7-51ad-458f-9e11-f615da290baa, command=[]} | ret=SUCCESS |  
2019-09-05 09:23:45,027 [java.util.concurrent.ThreadPoolExecutor$Worker@8e4ae6a[State = -1, empty queue]] WARN  server.GrpcLogAppender (GrpcLogAppender.java:timeoutAppendRequest(200)) - GrpcLogAppender(4fcc8d53-44cb-4faf-b915-5afa0c7529d4->48aa5eb4-709c-4003-adb5-fbc02723cd23): appendEntries Timeout, request=4fcc8d53-44cb-4faf-b915-5afa0c7529d4->48aa5eb4-709c-4003-adb5-fbc02723cd23#3467-t1, previous=(t:1, i:3459), leaderCommit=3458, initializing? false, entries: size=1, first=(t:1, i:3460), METADATAENTRY(c3458)
2019-09-05 09:23:45,036 [java.util.concurrent.ThreadPoolExecutor$Worker@8e4ae6a[State = -1, empty queue]] WARN  server.GrpcLogAppender (GrpcLogAppender.java:timeoutAppendRequest(200)) - GrpcLogAppender(4fcc8d53-44cb-4faf-b915-5afa0c7529d4->48aa5eb4-709c-4003-adb5-fbc02723cd23): appendEntries Timeout, request=4fcc8d53-44cb-4faf-b915-5afa0c7529d4->48aa5eb4-709c-4003-adb5-fbc02723cd23#3468-t1, previous=(t:1, i:3460), leaderCommit=3458, initializing? false, entries: size=1, first=(t:1, i:3461), STATEMACHINELOGENTRY, client-969FB6DA8C9A, cid=2352
2019-09-05 09:23:45,037 [java.util.concurrent.ThreadPoolExecutor$Worker@8e4ae6a[State = -1, empty queue]] WARN  server.GrpcLogAppender (GrpcLogAppender.java:timeoutAppendRequest(200)) - GrpcLogAppender(4fcc8d53-44cb-4faf-b915-5afa0c7529d4->48aa5eb4-709c-4003-adb5-fbc02723cd23): appendEntries Timeout, request=4fcc8d53-44cb-4faf-b915-5afa0c7529d4->48aa5eb4-709c-4003-adb5-fbc02723cd23#3469-t1, previous=(t:1, i:3461), leaderCommit=3458, initializing? false, entries: size=1, first=(t:1, i:3462), STATEMACHINELOGENTRY, client-969FB6DA8C9A, cid=2353
2019-09-05 09:23:45,488 | INFO  | SCMAudit | user=jenkins1000 | ip=192.168.36.69 | op=SEND_HEARTBEAT {datanodeUUID=5b6cff60-1414-40d6-b682-781dc5ff3023, command=[]} | ret=SUCCESS |  
2019-09-05 09:23:45,488 | INFO  | SCMAudit | user=jenkins1000 | ip=192.168.36.69 | op=SEND_HEARTBEAT {datanodeUUID=4fcc8d53-44cb-4faf-b915-5afa0c7529d4, command=[]} | ret=SUCCESS |  
2019-09-05 09:23:45,488 | INFO  | SCMAudit | user=jenkins1000 | ip=192.168.36.69 | op=SEND_HEARTBEAT {datanodeUUID=48aa5eb4-709c-4003-adb5-fbc02723cd23, command=[]} | ret=SUCCESS |  
2019-09-05 09:23:45,488 | INFO  | SCMAudit | user=jenkins1000 | ip=192.168.36.69 | op=SEND_HEARTBEAT {datanodeUUID=609a8cf1-6ad3-4123-b94a-106ad93148a8, command=[]} | ret=SUCCESS |  
 0.00% |█                                                                                                    |  0/1 Time: 0:00:422019-09-05 09:23:45,617 | INFO  | SCMAudit | user=jenkins1000 | ip=192.168.36.69 | op=SEND_HEARTBEAT {datanodeUUID=fe9e29a7-51ad-458f-9e11-f615da290baa, command=[]} | ret=SUCCESS |  
2019-09-05 09:23:46,487 | INFO  | SCMAudit | user=jenkins1000 | ip=192.168.36.69 | op=SEND_HEARTBEAT {datanodeUUID=48aa5eb4-709c-4003-adb5-fbc02723cd23, command=[]} | ret=SUCCESS |  
2019-09-05 09:23:46,488 | INFO  | SCMAudit | user=jenkins1000 | ip=192.168.36.69 | op=SEND_HEARTBEAT {datanodeUUID=4fcc8d53-44cb-4faf-b915-5afa0c7529d4, command=[]} | ret=SUCCESS |  
2019-09-05 09:23:46,488 | INFO  | SCMAudit | user=jenkins1000 | ip=192.168.36.69 | op=SEND_HEARTBEAT {datanodeUUID=5b6cff60-1414-40d6-b682-781dc5ff3023, command=[]} | ret=SUCCESS |  
2019-09-05 09:23:46,488 | INFO  | SCMAudit | user=jenkins1000 | ip=192.168.36.69 | op=SEND_HEARTBEAT {datanodeUUID=609a8cf1-6ad3-4123-b94a-106ad93148a8, command=[]} | ret=SUCCESS |  
 0.00% |█                                                                                                    |  0/1 Time: 0:00:432019-09-05 09:23:46,618 | INFO  | SCMAudit | user=jenkins1000 | ip=192.168.36.69 | op=SEND_HEARTBEAT {datanodeUUID=fe9e29a7-51ad-458f-9e11-f615da290baa, command=[]} | ret=SUCCESS |  
2019-09-05 09:23:47,111 [grpc-default-executor-2] INFO  client.GrpcClientProtocolClient (GrpcClientProtocolClient.java:onNext(255)) - client-969FB6DA8C9A->48aa5eb4-709c-4003-adb5-fbc02723cd23: receive RaftClientReply:client-969FB6DA8C9A->48aa5eb4-709c-4003-adb5-fbc02723cd23@group-6A615BAE1DD1, cid=2352, FAILED org.apache.ratis.protocol.NotLeaderException: Server 48aa5eb4-709c-4003-adb5-fbc02723cd23 is not the leader (4fcc8d53-44cb-4faf-b915-5afa0c7529d4:192.168.36.69:46195). Request must be sent to leader., logIndex=0, commits[48aa5eb4-709c-4003-adb5-fbc02723cd23:c3459, 4fcc8d53-44cb-4faf-b915-5afa0c7529d4:c3459, 609a8cf1-6ad3-4123-b94a-106ad93148a8:c3458]
2019-09-05 09:23:47,488 | INFO  | SCMAudit | user=jenkins1000 | ip=192.168.36.69 | op=SEND_HEARTBEAT {datanodeUUID=48aa5eb4-709c-4003-adb5-fbc02723cd23, command=[]} | ret=SUCCESS |  
2019-09-05 09:23:47,489 | INFO  | SCMAudit | user=jenkins1000 | ip=192.168.36.69 | op=SEND_HEARTBEAT {datanodeUUID=5b6cff60-1414-40d6-b682-781dc5ff3023, command=[]} | ret=SUCCESS |  
2019-09-05 09:23:47,489 | INFO  | SCMAudit | user=jenkins1000 | ip=192.168.36.69 | op=SEND_HEARTBEAT {datanodeUUID=4fcc8d53-44cb-4faf-b915-5afa0c7529d4, command=[]} | ret=SUCCESS |  
2019-09-05 09:23:47,489 | INFO  | SCMAudit | user=jenkins1000 | ip=192.168.36.69 | op=SEND_HEARTBEAT {datanodeUUID=609a8cf1-6ad3-4123-b94a-106ad93148a8, command=[]} | ret=SUCCESS |  
 0.00% |█                                                                                                    |  0/1 Time: 0:00:442019-09-05 09:23:47,617 | INFO  | SCMAudit | user=jenkins1000 | ip=192.168.36.69 | op=SEND_HEARTBEAT {datanodeUUID=fe9e29a7-51ad-458f-9e11-f615da290baa, command=[]} | ret=SUCCESS |  
2019-09-05 09:23:48,328 [java.util.concurrent.ThreadPoolExecutor$Worker@8e4ae6a[State = -1, empty queue]] WARN  server.GrpcLogAppender (GrpcLogAppender.java:timeoutAppendRequest(200)) - GrpcLogAppender(4fcc8d53-44cb-4faf-b915-5afa0c7529d4->48aa5eb4-709c-4003-adb5-fbc02723cd23): appendEntries Timeout, request=4fcc8d53-44cb-4faf-b915-5afa0c7529d4->48aa5eb4-709c-4003-adb5-fbc02723cd23#3470-t1, previous=(t:1, i:3462), leaderCommit=3459, initializing? false, entries: <empty>
2019-09-05 09:23:48,385 | INFO  | DNAudit | user=null | ip=null | op=WRITE_CHUNK {blockData=conID: 3 locID: 102739176219345474 bcsId: 3458} | ret=SUCCESS |  
2019-09-05 09:23:48,386 [grpc-default-executor-3] WARN  server.GrpcLogAppender (GrpcLogAppender.java:onNextImpl(250)) - org.apache.ratis.grpc.server.GrpcLogAppender$AppendLogResponseHandler@664e9549: Request not found, ignoring reply: 4fcc8d53-44cb-4faf-b915-5afa0c7529d4<-48aa5eb4-709c-4003-adb5-fbc02723cd23#3467:OK,SUCCESS,nextIndex:3461,term:1,followerCommit:3459
2019-09-05 09:23:48,389 | INFO  | DNAudit | user=null | ip=null | op=PUT_BLOCK {blockData=[blockId=conID: 3 locID: 102739176219345474 bcsId: 0,size=4194304]} | ret=SUCCESS |  
2019-09-05 09:23:48,393 [grpc-default-executor-3] WARN  server.GrpcLogAppender (GrpcLogAppender.java:onNextImpl(250)) - org.apache.ratis.grpc.server.GrpcLogAppender$AppendLogResponseHandler@664e9549: Request not found, ignoring reply: 4fcc8d53-44cb-4faf-b915-5afa0c7529d4<-48aa5eb4-709c-4003-adb5-fbc02723cd23#3468:OK,SUCCESS,nextIndex:3462,term:1,followerCommit:3459
2019-09-05 09:23:48,393 [grpc-default-executor-3] WARN  server.GrpcLogAppender (GrpcLogAppender.java:onNextImpl(250)) - org.apache.ratis.grpc.server.GrpcLogAppender$AppendLogResponseHandler@664e9549: Request not found, ignoring reply: 4fcc8d53-44cb-4faf-b915-5afa0c7529d4<-48aa5eb4-709c-4003-adb5-fbc02723cd23#3469:OK,SUCCESS,nextIndex:3463,term:1,followerCommit:3459
2019-09-05 09:23:48,393 [grpc-default-executor-3] WARN  server.GrpcLogAppender (GrpcLogAppender.java:onNextImpl(250)) - org.apache.ratis.grpc.server.GrpcLogAppender$AppendLogResponseHandler@664e9549: Request not found, ignoring reply: 4fcc8d53-44cb-4faf-b915-5afa0c7529d4<-48aa5eb4-709c-4003-adb5-fbc02723cd23#3470:OK,SUCCESS,nextIndex:3463,term:1,followerCommit:3459
2019-09-05 09:23:48,393 [grpc-default-executor-2] INFO  client.GrpcClientProtocolClient (GrpcClientProtocolClient.java:onNext(255)) - client-969FB6DA8C9A->4fcc8d53-44cb-4faf-b915-5afa0c7529d4: receive RaftClientReply:client-969FB6DA8C9A->4fcc8d53-44cb-4faf-b915-5afa0c7529d4@group-6A615BAE1DD1, cid=2352, SUCCESS, logIndex=3461, commits[4fcc8d53-44cb-4faf-b915-5afa0c7529d4:c3462, 48aa5eb4-709c-4003-adb5-fbc02723cd23:c3458, 609a8cf1-6ad3-4123-b94a-106ad93148a8:c3459]
2019-09-05 09:23:48,401 [grpc-default-executor-3] INFO  client.GrpcClientProtocolClient (GrpcClientProtocolClient.java:onNext(255)) - client-969FB6DA8C9A->4fcc8d53-44cb-4faf-b915-5afa0c7529d4: receive RaftClientReply:client-969FB6DA8C9A->4fcc8d53-44cb-4faf-b915-5afa0c7529d4@group-6A615BAE1DD1, cid=2353, SUCCESS, logIndex=3462, commits[4fcc8d53-44cb-4faf-b915-5afa0c7529d4:c3462, 48aa5eb4-709c-4003-adb5-fbc02723cd23:c3458, 609a8cf1-6ad3-4123-b94a-106ad93148a8:c3459]
2019-09-05 09:23:48,488 | INFO  | SCMAudit | user=jenkins1000 | ip=192.168.36.69 | op=SEND_HEARTBEAT {datanodeUUID=48aa5eb4-709c-4003-adb5-fbc02723cd23, command=[]} | ret=SUCCESS |  
2019-09-05 09:23:48,488 | INFO  | SCMAudit | user=jenkins1000 | ip=192.168.36.69 | op=SEND_HEARTBEAT {datanodeUUID=5b6cff60-1414-40d6-b682-781dc5ff3023, command=[]} | ret=SUCCESS |  
2019-09-05 09:23:48,488 | INFO  | SCMAudit | user=jenkins1000 | ip=192.168.36.69 | op=SEND_HEARTBEAT {datanodeUUID=4fcc8d53-44cb-4faf-b915-5afa0c7529d4, command=[]} | ret=SUCCESS |  
2019-09-05 09:23:48,489 | INFO  | SCMAudit | user=jenkins1000 | ip=192.168.36.69 | op=SEND_HEARTBEAT {datanodeUUID=609a8cf1-6ad3-4123-b94a-106ad93148a8, command=[]} | ret=SUCCESS |  
 0.00% |█                                                                                                    |  0/1 Time: 0:00:452019-09-05 09:23:48,618 | INFO  | SCMAudit | user=jenkins1000 | ip=192.168.36.69 | op=SEND_HEARTBEAT {datanodeUUID=fe9e29a7-51ad-458f-9e11-f615da290baa, command=[]} | ret=SUCCESS |  
2019-09-05 09:23:49,487 | INFO  | SCMAudit | user=jenkins1000 | ip=192.168.36.69 | op=SEND_HEARTBEAT {datanodeUUID=48aa5eb4-709c-4003-adb5-fbc02723cd23, command=[]} | ret=SUCCESS |  
2019-09-05 09:23:49,488 | INFO  | SCMAudit | user=jenkins1000 | ip=192.168.36.69 | op=SEND_HEARTBEAT {datanodeUUID=5b6cff60-1414-40d6-b682-781dc5ff3023, command=[]} | ret=SUCCESS |  
2019-09-05 09:23:49,488 | INFO  | SCMAudit | user=jenkins1000 | ip=192.168.36.69 | op=SEND_HEARTBEAT {datanodeUUID=4fcc8d53-44cb-4faf-b915-5afa0c7529d4, command=[]} | ret=SUCCESS |  
2019-09-05 09:23:49,489 | INFO  | SCMAudit | user=jenkins1000 | ip=192.168.36.69 | op=SEND_HEARTBEAT {datanodeUUID=609a8cf1-6ad3-4123-b94a-106ad93148a8, command=[]} | ret=SUCCESS |  
 0.00% |█                                                                                                    |  0/1 Time: 0:00:462019-09-05 09:23:49,619 | INFO  | SCMAudit | user=jenkins1000 | ip=192.168.36.69 | op=SEND_HEARTBEAT {datanodeUUID=fe9e29a7-51ad-458f-9e11-f615da290baa, command=[]} | ret=SUCCESS |  
2019-09-05 09:23:50,488 | INFO  | SCMAudit | user=jenkins1000 | ip=192.168.36.69 | op=SEND_HEARTBEAT {datanodeUUID=48aa5eb4-709c-4003-adb5-fbc02723cd23, command=[]} | ret=SUCCESS |  
2019-09-05 09:23:50,488 | INFO  | SCMAudit | user=jenkins1000 | ip=192.168.36.69 | op=SEND_HEARTBEAT {datanodeUUID=5b6cff60-1414-40d6-b682-781dc5ff3023, command=[]} | ret=SUCCESS |  
2019-09-05 09:23:50,488 | INFO  | SCMAudit | user=jenkins1000 | ip=192.168.36.69 | op=SEND_HEARTBEAT {datanodeUUID=4fcc8d53-44cb-4faf-b915-5afa0c7529d4, command=[]} | ret=SUCCESS |  
2019-09-05 09:23:50,489 | INFO  | SCMAudit | user=jenkins1000 | ip=192.168.36.69 | op=SEND_HEARTBEAT {datanodeUUID=609a8cf1-6ad3-4123-b94a-106ad93148a8, command=[]} | ret=SUCCESS |  
 0.00% |█                                                                                                    |  0/1 Time: 0:00:472019-09-05 09:23:50,619 | INFO  | SCMAudit | user=jenkins1000 | ip=192.168.36.69 | op=SEND_HEARTBEAT {datanodeUUID=fe9e29a7-51ad-458f-9e11-f615da290baa, command=[]} | ret=SUCCESS |  
2019-09-05 09:23:50,886 | INFO  | DNAudit | user=null | ip=null | op=WRITE_CHUNK {blockData=conID: 3 locID: 102739176219345474 bcsId: 3458} | ret=SUCCESS |  
2019-09-05 09:23:50,898 | INFO  | DNAudit | user=null | ip=null | op=WRITE_CHUNK {blockData=conID: 3 locID: 102739176219345474 bcsId: 3458} | ret=SUCCESS |  
2019-09-05 09:23:50,899 | INFO  | DNAudit | user=null | ip=null | op=PUT_BLOCK {blockData=[blockId=conID: 3 locID: 102739176219345474 bcsId: 0,size=4194304]} | ret=SUCCESS |  
2019-09-05 09:23:50,899 | INFO  | DNAudit | user=null | ip=null | op=PUT_BLOCK {blockData=[blockId=conID: 3 locID: 102739176219345474 bcsId: 0,size=4194304]} | ret=SUCCESS |  
2019-09-05 09:23:51,329 [grpc-default-executor-2] INFO  client.GrpcClientProtocolClient (GrpcClientProtocolClient.java:onNext(255)) - client-969FB6DA8C9A->4fcc8d53-44cb-4faf-b915-5afa0c7529d4: receive RaftClientReply:client-969FB6DA8C9A->4fcc8d53-44cb-4faf-b915-5afa0c7529d4@group-6A615BAE1DD1, cid=2354, SUCCESS, logIndex=0, commits[4fcc8d53-44cb-4faf-b915-5afa0c7529d4:c3462, 48aa5eb4-709c-4003-adb5-fbc02723cd23:c3462, 609a8cf1-6ad3-4123-b94a-106ad93148a8:c3462]
2019-09-05 09:23:51,352 | INFO  | SCMAudit | user=jenkins1000 | ip=192.168.36.69 | op=ALLOCATE_BLOCK {owner=5cf4fcf6-c517-45f4-af25-2fff646d8883, size=4194304, type=RATIS, factor=THREE} | ret=SUCCESS |  
2019-09-05 09:23:51,355 | INFO  | OMAudit | user=jenkins1000 | ip=127.0.0.1 | op=ALLOCATE_BLOCK {volume=vol-0-13331, bucket=bucket-0-43606, key=key-0-76526, dataSize=0, replicationType=null, replicationFactor=null, keyLocationInfo=null, clientID=102739173903106450} | ret=SUCCESS |  
2019-09-05 09:23:51,376 [grpc-default-executor-4] INFO  client.GrpcClientProtocolClient (GrpcClientProtocolClient.java:onNext(255)) - client-675AE1CB479C->609a8cf1-6ad3-4123-b94a-106ad93148a8: receive RaftClientReply:client-675AE1CB479C->609a8cf1-6ad3-4123-b94a-106ad93148a8@group-6A615BAE1DD1, cid=2355, FAILED org.apache.ratis.protocol.NotLeaderException: Server 609a8cf1-6ad3-4123-b94a-106ad93148a8 is not the leader (4fcc8d53-44cb-4faf-b915-5afa0c7529d4:192.168.36.69:46195). Request must be sent to leader., logIndex=0, commits[609a8cf1-6ad3-4123-b94a-106ad93148a8:c3462, 48aa5eb4-709c-4003-adb5-fbc02723cd23:c3459, 4fcc8d53-44cb-4faf-b915-5afa0c7529d4:c3462]
2019-09-05 09:23:51,396 | INFO  | DNAudit | user=null | ip=null | op=WRITE_CHUNK {blockData=conID: 1 locID: 102739177069085251 bcsId: 0} | ret=SUCCESS |  
2019-09-05 09:23:51,400 | INFO  | DNAudit | user=null | ip=null | op=WRITE_CHUNK {blockData=conID: 1 locID: 102739177069085251 bcsId: 0} | ret=SUCCESS |  
2019-09-05 09:23:51,400 | INFO  | DNAudit | user=null | ip=null | op=WRITE_CHUNK {blockData=conID: 1 locID: 102739177069085251 bcsId: 0} | ret=SUCCESS |  
2019-09-05 09:23:51,487 | INFO  | SCMAudit | user=jenkins1000 | ip=192.168.36.69 | op=SEND_HEARTBEAT {datanodeUUID=48aa5eb4-709c-4003-adb5-fbc02723cd23, command=[]} | ret=SUCCESS |  
2019-09-05 09:23:51,488 | INFO  | SCMAudit | user=jenkins1000 | ip=192.168.36.69 | op=SEND_HEARTBEAT {datanodeUUID=4fcc8d53-44cb-4faf-b915-5afa0c7529d4, command=[]} | ret=SUCCESS |  
2019-09-05 09:23:51,488 | INFO  | SCMAudit | user=jenkins1000 | ip=192.168.36.69 | op=SEND_HEARTBEAT {datanodeUUID=5b6cff60-1414-40d6-b682-781dc5ff3023, command=[]} | ret=SUCCESS |  
2019-09-05 09:23:51,490 | INFO  | SCMAudit | user=jenkins1000 | ip=192.168.36.69 | op=SEND_HEARTBEAT {datanodeUUID=609a8cf1-6ad3-4123-b94a-106ad93148a8, command=[]} | ret=SUCCESS |  
 0.00% |█                                                                                                    |  0/1 Time: 0:00:482019-09-05 09:23:51,620 | INFO  | SCMAudit | user=jenkins1000 | ip=192.168.36.69 | op=SEND_HEARTBEAT {datanodeUUID=fe9e29a7-51ad-458f-9e11-f615da290baa, command=[]} | ret=SUCCESS |  
2019-09-05 09:23:52,488 | INFO  | SCMAudit | user=jenkins1000 | ip=192.168.36.69 | op=SEND_HEARTBEAT {datanodeUUID=48aa5eb4-709c-4003-adb5-fbc02723cd23, command=[]} | ret=SUCCESS |  
2019-09-05 09:23:52,488 | INFO  | SCMAudit | user=jenkins1000 | ip=192.168.36.69 | op=SEND_HEARTBEAT {datanodeUUID=4fcc8d53-44cb-4faf-b915-5afa0c7529d4, command=[]} | ret=SUCCESS |  
2019-09-05 09:23:52,488 | INFO  | SCMAudit | user=jenkins1000 | ip=192.168.36.69 | op=SEND_HEARTBEAT {datanodeUUID=5b6cff60-1414-40d6-b682-781dc5ff3023, command=[]} | ret=SUCCESS |  
2019-09-05 09:23:52,491 | INFO  | SCMAudit | user=jenkins1000 | ip=192.168.36.69 | op=SEND_HEARTBEAT {datanodeUUID=609a8cf1-6ad3-4123-b94a-106ad93148a8, command=[]} | ret=SUCCESS |  
 0.00% |█                                                                                                    |  0/1 Time: 0:00:492019-09-05 09:23:52,550 | INFO  | DNAudit | user=null | ip=null | op=WRITE_CHUNK {blockData=conID: 1 locID: 102739177069085251 bcsId: 0} | ret=SUCCESS |  
2019-09-05 09:23:52,556 [grpc-default-executor-4] INFO  client.GrpcClientProtocolClient (GrpcClientProtocolClient.java:onNext(255)) - client-675AE1CB479C->4fcc8d53-44cb-4faf-b915-5afa0c7529d4: receive RaftClientReply:client-675AE1CB479C->4fcc8d53-44cb-4faf-b915-5afa0c7529d4@group-6A615BAE1DD1, cid=2355, SUCCESS, logIndex=3464, commits[4fcc8d53-44cb-4faf-b915-5afa0c7529d4:c3464, 48aa5eb4-709c-4003-adb5-fbc02723cd23:c3463, 609a8cf1-6ad3-4123-b94a-106ad93148a8:c3462]
2019-09-05 09:23:52,567 | INFO  | DNAudit | user=null | ip=null | op=WRITE_CHUNK {blockData=conID: 1 locID: 102739177069085251 bcsId: 0} | ret=SUCCESS |  
2019-09-05 09:23:52,569 | INFO  | DNAudit | user=null | ip=null | op=WRITE_CHUNK {blockData=conID: 1 locID: 102739177069085251 bcsId: 0} | ret=SUCCESS |  
2019-09-05 09:23:52,570 | INFO  | DNAudit | user=null | ip=null | op=WRITE_CHUNK {blockData=conID: 1 locID: 102739177069085251 bcsId: 0} | ret=SUCCESS |  
2019-09-05 09:23:52,620 | INFO  | SCMAudit | user=jenkins1000 | ip=192.168.36.69 | op=SEND_HEARTBEAT {datanodeUUID=fe9e29a7-51ad-458f-9e11-f615da290baa, command=[]} | ret=SUCCESS |  
2019-09-05 09:23:53,312 | INFO  | DNAudit | user=null | ip=null | op=WRITE_CHUNK {blockData=conID: 1 locID: 102739177069085251 bcsId: 0} | ret=SUCCESS |  
2019-09-05 09:23:53,487 | INFO  | SCMAudit | user=jenkins1000 | ip=192.168.36.69 | op=SEND_HEARTBEAT {datanodeUUID=48aa5eb4-709c-4003-adb5-fbc02723cd23, command=[]} | ret=SUCCESS |  
2019-09-05 09:23:53,488 | INFO  | SCMAudit | user=jenkins1000 | ip=192.168.36.69 | op=SEND_HEARTBEAT {datanodeUUID=4fcc8d53-44cb-4faf-b915-5afa0c7529d4, command=[]} | ret=SUCCESS |  
2019-09-05 09:23:53,488 | INFO  | SCMAudit | user=jenkins1000 | ip=192.168.36.69 | op=SEND_HEARTBEAT {datanodeUUID=5b6cff60-1414-40d6-b682-781dc5ff3023, command=[]} | ret=SUCCESS |  
2019-09-05 09:23:53,491 | INFO  | SCMAudit | user=jenkins1000 | ip=192.168.36.69 | op=SEND_HEARTBEAT {datanodeUUID=609a8cf1-6ad3-4123-b94a-106ad93148a8, command=[]} | ret=SUCCESS |  
 0.00% |█                                                                                                    |  0/1 Time: 0:00:502019-09-05 09:23:53,510 | INFO  | DNAudit | user=null | ip=null | op=WRITE_CHUNK {blockData=conID: 1 locID: 102739177069085251 bcsId: 0} | ret=SUCCESS |  
2019-09-05 09:23:53,600 | INFO  | DNAudit | user=null | ip=null | op=PUT_BLOCK {blockData=[blockId=conID: 1 locID: 102739177069085251 bcsId: 0,size=1048576]} | ret=SUCCESS |  
2019-09-05 09:23:53,601 | INFO  | DNAudit | user=null | ip=null | op=WRITE_CHUNK {blockData=conID: 1 locID: 102739177069085251 bcsId: 0} | ret=SUCCESS |  
2019-09-05 09:23:53,603 | INFO  | DNAudit | user=null | ip=null | op=PUT_BLOCK {blockData=[blockId=conID: 1 locID: 102739177069085251 bcsId: 0,size=2097152]} | ret=SUCCESS |  
2019-09-05 09:23:53,601 [grpc-default-executor-3] INFO  client.GrpcClientProtocolClient (GrpcClientProtocolClient.java:onNext(255)) - client-675AE1CB479C->4fcc8d53-44cb-4faf-b915-5afa0c7529d4: receive RaftClientReply:client-675AE1CB479C->4fcc8d53-44cb-4faf-b915-5afa0c7529d4@group-6A615BAE1DD1, cid=2356, SUCCESS, logIndex=3466, commits[4fcc8d53-44cb-4faf-b915-5afa0c7529d4:c3468, 48aa5eb4-709c-4003-adb5-fbc02723cd23:c3464, 609a8cf1-6ad3-4123-b94a-106ad93148a8:c3464]
2019-09-05 09:23:53,606 [grpc-default-executor-3] INFO  client.GrpcClientProtocolClient (GrpcClientProtocolClient.java:onNext(255)) - client-675AE1CB479C->4fcc8d53-44cb-4faf-b915-5afa0c7529d4: receive RaftClientReply:client-675AE1CB479C->4fcc8d53-44cb-4faf-b915-5afa0c7529d4@group-6A615BAE1DD1, cid=2357, SUCCESS, logIndex=3467, commits[4fcc8d53-44cb-4faf-b915-5afa0c7529d4:c3468, 48aa5eb4-709c-4003-adb5-fbc02723cd23:c3464, 609a8cf1-6ad3-4123-b94a-106ad93148a8:c3464]
2019-09-05 09:23:53,606 [grpc-default-executor-3] INFO  client.GrpcClientProtocolClient (GrpcClientProtocolClient.java:onNext(255)) - client-675AE1CB479C->4fcc8d53-44cb-4faf-b915-5afa0c7529d4: receive RaftClientReply:client-675AE1CB479C->4fcc8d53-44cb-4faf-b915-5afa0c7529d4@group-6A615BAE1DD1, cid=2358, SUCCESS, logIndex=3468, commits[4fcc8d53-44cb-4faf-b915-5afa0c7529d4:c3468, 48aa5eb4-709c-4003-adb5-fbc02723cd23:c3464, 609a8cf1-6ad3-4123-b94a-106ad93148a8:c3464]
2019-09-05 09:23:53,620 | INFO  | SCMAudit | user=jenkins1000 | ip=192.168.36.69 | op=SEND_HEARTBEAT {datanodeUUID=fe9e29a7-51ad-458f-9e11-f615da290baa, command=[]} | ret=SUCCESS |  
2019-09-05 09:23:54,304 | INFO  | DNAudit | user=null | ip=null | op=PUT_BLOCK {blockData=[blockId=conID: 1 locID: 102739177069085251 bcsId: 0,size=1048576]} | ret=SUCCESS |  
2019-09-05 09:23:54,305 | INFO  | DNAudit | user=null | ip=null | op=WRITE_CHUNK {blockData=conID: 1 locID: 102739177069085251 bcsId: 0} | ret=SUCCESS |  
2019-09-05 09:23:54,305 | INFO  | DNAudit | user=null | ip=null | op=PUT_BLOCK {blockData=[blockId=conID: 1 locID: 102739177069085251 bcsId: 0,size=2097152]} | ret=SUCCESS |  
2019-09-05 09:23:54,337 | INFO  | DNAudit | user=null | ip=null | op=PUT_BLOCK {blockData=[blockId=conID: 1 locID: 102739177069085251 bcsId: 0,size=1048576]} | ret=SUCCESS |  
2019-09-05 09:23:54,337 | INFO  | DNAudit | user=null | ip=null | op=WRITE_CHUNK {blockData=conID: 1 locID: 102739177069085251 bcsId: 0} | ret=SUCCESS |  
2019-09-05 09:23:54,340 | INFO  | DNAudit | user=null | ip=null | op=PUT_BLOCK {blockData=[blockId=conID: 1 locID: 102739177069085251 bcsId: 0,size=2097152]} | ret=SUCCESS |  
2019-09-05 09:23:54,340 [grpc-default-executor-3] INFO  client.GrpcClientProtocolClient (GrpcClientProtocolClient.java:onNext(255)) - client-675AE1CB479C->4fcc8d53-44cb-4faf-b915-5afa0c7529d4: receive RaftClientReply:client-675AE1CB479C->4fcc8d53-44cb-4faf-b915-5afa0c7529d4@group-6A615BAE1DD1, cid=2359, SUCCESS, logIndex=0, commits[4fcc8d53-44cb-4faf-b915-5afa0c7529d4:c3469, 48aa5eb4-709c-4003-adb5-fbc02723cd23:c3468, 609a8cf1-6ad3-4123-b94a-106ad93148a8:c3468]
2019-09-05 09:23:54,350 | INFO  | DNAudit | user=null | ip=null | op=WRITE_CHUNK {blockData=conID: 1 locID: 102739177069085251 bcsId: 3468} | ret=SUCCESS |  
2019-09-05 09:23:54,352 | INFO  | DNAudit | user=null | ip=null | op=WRITE_CHUNK {blockData=conID: 1 locID: 102739177069085251 bcsId: 3468} | ret=SUCCESS |  
2019-09-05 09:23:54,352 | INFO  | DNAudit | user=null | ip=null | op=WRITE_CHUNK {blockData=conID: 1 locID: 102739177069085251 bcsId: 3468} | ret=SUCCESS |  
2019-09-05 09:23:54,488 | INFO  | SCMAudit | user=jenkins1000 | ip=192.168.36.69 | op=SEND_HEARTBEAT {datanodeUUID=48aa5eb4-709c-4003-adb5-fbc02723cd23, command=[]} | ret=SUCCESS |  
2019-09-05 09:23:54,488 | INFO  | SCMAudit | user=jenkins1000 | ip=192.168.36.69 | op=SEND_HEARTBEAT {datanodeUUID=5b6cff60-1414-40d6-b682-781dc5ff3023, command=[]} | ret=SUCCESS |  
2019-09-05 09:23:54,489 | INFO  | SCMAudit | user=jenkins1000 | ip=192.168.36.69 | op=SEND_HEARTBEAT {datanodeUUID=4fcc8d53-44cb-4faf-b915-5afa0c7529d4, command=[]} | ret=SUCCESS |  
2019-09-05 09:23:54,490 | INFO  | SCMAudit | user=jenkins1000 | ip=192.168.36.69 | op=SEND_HEARTBEAT {datanodeUUID=609a8cf1-6ad3-4123-b94a-106ad93148a8, command=[]} | ret=SUCCESS |  
 0.00% |█                                                                                                    |  0/1 Time: 0:00:512019-09-05 09:23:54,620 | INFO  | SCMAudit | user=jenkins1000 | ip=192.168.36.69 | op=SEND_HEARTBEAT {datanodeUUID=fe9e29a7-51ad-458f-9e11-f615da290baa, command=[]} | ret=SUCCESS |  
2019-09-05 09:23:54,761 | INFO  | DNAudit | user=null | ip=null | op=WRITE_CHUNK {blockData=conID: 1 locID: 102739177069085251 bcsId: 3468} | ret=SUCCESS |  
2019-09-05 09:23:54,762 | INFO  | DNAudit | user=null | ip=null | op=PUT_BLOCK {blockData=[blockId=conID: 1 locID: 102739177069085251 bcsId: 0,size=3145728]} | ret=SUCCESS |  
2019-09-05 09:23:54,762 [grpc-default-executor-3] INFO  client.GrpcClientProtocolClient (GrpcClientProtocolClient.java:onNext(255)) - client-675AE1CB479C->4fcc8d53-44cb-4faf-b915-5afa0c7529d4: receive RaftClientReply:client-675AE1CB479C->4fcc8d53-44cb-4faf-b915-5afa0c7529d4@group-6A615BAE1DD1, cid=2360, SUCCESS, logIndex=3470, commits[4fcc8d53-44cb-4faf-b915-5afa0c7529d4:c3471, 48aa5eb4-709c-4003-adb5-fbc02723cd23:c3469, 609a8cf1-6ad3-4123-b94a-106ad93148a8:c3468]
2019-09-05 09:23:54,763 [grpc-default-executor-3] INFO  client.GrpcClientProtocolClient (GrpcClientProtocolClient.java:onNext(255)) - client-675AE1CB479C->4fcc8d53-44cb-4faf-b915-5afa0c7529d4: receive RaftClientReply:client-675AE1CB479C->4fcc8d53-44cb-4faf-b915-5afa0c7529d4@group-6A615BAE1DD1, cid=2361, SUCCESS, logIndex=3471, commits[4fcc8d53-44cb-4faf-b915-5afa0c7529d4:c3471, 48aa5eb4-709c-4003-adb5-fbc02723cd23:c3469, 609a8cf1-6ad3-4123-b94a-106ad93148a8:c3469]
2019-09-05 09:23:54,773 | INFO  | DNAudit | user=null | ip=null | op=WRITE_CHUNK {blockData=conID: 1 locID: 102739177069085251 bcsId: 3471} | ret=SUCCESS |  
2019-09-05 09:23:54,775 | INFO  | DNAudit | user=null | ip=null | op=WRITE_CHUNK {blockData=conID: 1 locID: 102739177069085251 bcsId: 3471} | ret=SUCCESS |  
2019-09-05 09:23:54,776 | INFO  | DNAudit | user=null | ip=null | op=WRITE_CHUNK {blockData=conID: 1 locID: 102739177069085251 bcsId: 3471} | ret=SUCCESS |  
2019-09-05 09:23:55,008 | INFO  | DNAudit | user=null | ip=null | op=WRITE_CHUNK {blockData=conID: 1 locID: 102739177069085251 bcsId: 3468} | ret=SUCCESS |  
2019-09-05 09:23:55,009 | INFO  | DNAudit | user=null | ip=null | op=PUT_BLOCK {blockData=[blockId=conID: 1 locID: 102739177069085251 bcsId: 0,size=3145728]} | ret=SUCCESS |  
2019-09-05 09:23:55,015 | INFO  | DNAudit | user=null | ip=null | op=WRITE_CHUNK {blockData=conID: 1 locID: 102739177069085251 bcsId: 3468} | ret=SUCCESS |  
2019-09-05 09:23:55,015 | INFO  | DNAudit | user=null | ip=null | op=PUT_BLOCK {blockData=[blockId=conID: 1 locID: 102739177069085251 bcsId: 0,size=3145728]} | ret=SUCCESS |  
2019-09-05 09:23:55,132 | INFO  | DNAudit | user=null | ip=null | op=WRITE_CHUNK {blockData=conID: 1 locID: 102739177069085251 bcsId: 3471} | ret=SUCCESS |  
2019-09-05 09:23:55,133 | INFO  | DNAudit | user=null | ip=null | op=PUT_BLOCK {blockData=[blockId=conID: 1 locID: 102739177069085251 bcsId: 0,size=4194304]} | ret=SUCCESS |  
2019-09-05 09:23:55,133 [grpc-default-executor-4] INFO  client.GrpcClientProtocolClient (GrpcClientProtocolClient.java:onNext(255)) - client-675AE1CB479C->4fcc8d53-44cb-4faf-b915-5afa0c7529d4: receive RaftClientReply:client-675AE1CB479C->4fcc8d53-44cb-4faf-b915-5afa0c7529d4@group-6A615BAE1DD1, cid=2362, SUCCESS, logIndex=3473, commits[4fcc8d53-44cb-4faf-b915-5afa0c7529d4:c3474, 48aa5eb4-709c-4003-adb5-fbc02723cd23:c3471, 609a8cf1-6ad3-4123-b94a-106ad93148a8:c3471]
2019-09-05 09:23:55,134 [grpc-default-executor-4] INFO  client.GrpcClientProtocolClient (GrpcClientProtocolClient.java:onNext(255)) - client-675AE1CB479C->4fcc8d53-44cb-4faf-b915-5afa0c7529d4: receive RaftClientReply:client-675AE1CB479C->4fcc8d53-44cb-4faf-b915-5afa0c7529d4@group-6A615BAE1DD1, cid=2363, SUCCESS, logIndex=3474, commits[4fcc8d53-44cb-4faf-b915-5afa0c7529d4:c3474, 48aa5eb4-709c-4003-adb5-fbc02723cd23:c3471, 609a8cf1-6ad3-4123-b94a-106ad93148a8:c3471]
2019-09-05 09:23:55,409 | INFO  | DNAudit | user=null | ip=null | op=WRITE_CHUNK {blockData=conID: 1 locID: 102739177069085251 bcsId: 3471} | ret=SUCCESS |  
2019-09-05 09:23:55,410 | INFO  | DNAudit | user=null | ip=null | op=PUT_BLOCK {blockData=[blockId=conID: 1 locID: 102739177069085251 bcsId: 0,size=4194304]} | ret=SUCCESS |  
2019-09-05 09:23:55,421 | INFO  | DNAudit | user=null | ip=null | op=WRITE_CHUNK {blockData=conID: 1 locID: 102739177069085251 bcsId: 3471} | ret=SUCCESS |  
2019-09-05 09:23:55,421 | INFO  | DNAudit | user=null | ip=null | op=PUT_BLOCK {blockData=[blockId=conID: 1 locID: 102739177069085251 bcsId: 0,size=4194304]} | ret=SUCCESS |  
2019-09-05 09:23:55,422 [grpc-default-executor-4] INFO  client.GrpcClientProtocolClient (GrpcClientProtocolClient.java:onNext(255)) - client-675AE1CB479C->4fcc8d53-44cb-4faf-b915-5afa0c7529d4: receive RaftClientReply:client-675AE1CB479C->4fcc8d53-44cb-4faf-b915-5afa0c7529d4@group-6A615BAE1DD1, cid=2364, SUCCESS, logIndex=0, commits[4fcc8d53-44cb-4faf-b915-5afa0c7529d4:c3475, 48aa5eb4-709c-4003-adb5-fbc02723cd23:c3474, 609a8cf1-6ad3-4123-b94a-106ad93148a8:c3474]
2019-09-05 09:23:55,427 | INFO  | SCMAudit | user=jenkins1000 | ip=192.168.36.69 | op=ALLOCATE_BLOCK {owner=5cf4fcf6-c517-45f4-af25-2fff646d8883, size=4194304, type=RATIS, factor=THREE} | ret=SUCCESS |  
2019-09-05 09:23:55,432 | INFO  | OMAudit | user=jenkins1000 | ip=127.0.0.1 | op=ALLOCATE_BLOCK {volume=vol-0-13331, bucket=bucket-0-43606, key=key-0-76526, dataSize=0, replicationType=null, replicationFactor=null, keyLocationInfo=null, clientID=102739173903106450} | ret=SUCCESS |  
2019-09-05 09:23:55,441 | INFO  | DNAudit | user=null | ip=null | op=WRITE_CHUNK {blockData=conID: 2 locID: 102739177336144452 bcsId: 0} | ret=SUCCESS |  
2019-09-05 09:23:55,443 | INFO  | DNAudit | user=null | ip=null | op=WRITE_CHUNK {blockData=conID: 2 locID: 102739177336144452 bcsId: 0} | ret=SUCCESS |  
2019-09-05 09:23:55,488 | INFO  | SCMAudit | user=jenkins1000 | ip=192.168.36.69 | op=SEND_HEARTBEAT {datanodeUUID=48aa5eb4-709c-4003-adb5-fbc02723cd23, command=[]} | ret=SUCCESS |  
2019-09-05 09:23:55,488 | INFO  | SCMAudit | user=jenkins1000 | ip=192.168.36.69 | op=SEND_HEARTBEAT {datanodeUUID=5b6cff60-1414-40d6-b682-781dc5ff3023, command=[]} | ret=SUCCESS |  
2019-09-05 09:23:55,489 | INFO  | SCMAudit | user=jenkins1000 | ip=192.168.36.69 | op=SEND_HEARTBEAT {datanodeUUID=4fcc8d53-44cb-4faf-b915-5afa0c7529d4, command=[]} | ret=SUCCESS |  
2019-09-05 09:23:55,490 | INFO  | SCMAudit | user=jenkins1000 | ip=192.168.36.69 | op=SEND_HEARTBEAT {datanodeUUID=609a8cf1-6ad3-4123-b94a-106ad93148a8, command=[]} | ret=SUCCESS |  
 0.00% |█                                                                                                    |  0/1 Time: 0:00:522019-09-05 09:23:55,543 | INFO  | DNAudit | user=null | ip=null | op=WRITE_CHUNK {blockData=conID: 2 locID: 102739177336144452 bcsId: 0} | ret=SUCCESS |  
2019-09-05 09:23:55,543 | INFO  | DNAudit | user=null | ip=null | op=WRITE_CHUNK {blockData=conID: 2 locID: 102739177336144452 bcsId: 0} | ret=SUCCESS |  
2019-09-05 09:23:55,543 | INFO  | DNAudit | user=null | ip=null | op=WRITE_CHUNK {blockData=conID: 2 locID: 102739177336144452 bcsId: 0} | ret=SUCCESS |  
2019-09-05 09:23:55,543 | INFO  | DNAudit | user=null | ip=null | op=WRITE_CHUNK {blockData=conID: 2 locID: 102739177336144452 bcsId: 0} | ret=SUCCESS |  
2019-09-05 09:23:55,621 | INFO  | SCMAudit | user=jenkins1000 | ip=192.168.36.69 | op=SEND_HEARTBEAT {datanodeUUID=fe9e29a7-51ad-458f-9e11-f615da290baa, command=[]} | ret=SUCCESS |  
2019-09-05 09:23:56,488 | INFO  | SCMAudit | user=jenkins1000 | ip=192.168.36.69 | op=SEND_HEARTBEAT {datanodeUUID=48aa5eb4-709c-4003-adb5-fbc02723cd23, command=[]} | ret=SUCCESS |  
2019-09-05 09:23:56,489 | INFO  | SCMAudit | user=jenkins1000 | ip=192.168.36.69 | op=SEND_HEARTBEAT {datanodeUUID=5b6cff60-1414-40d6-b682-781dc5ff3023, command=[]} | ret=SUCCESS |  
2019-09-05 09:23:56,489 | INFO  | SCMAudit | user=jenkins1000 | ip=192.168.36.69 | op=SEND_HEARTBEAT {datanodeUUID=4fcc8d53-44cb-4faf-b915-5afa0c7529d4, command=[]} | ret=SUCCESS |  
2019-09-05 09:23:56,490 | INFO  | SCMAudit | user=jenkins1000 | ip=192.168.36.69 | op=SEND_HEARTBEAT {datanodeUUID=609a8cf1-6ad3-4123-b94a-106ad93148a8, command=[]} | ret=SUCCESS |  
 0.00% |█                                                                                                    |  0/1 Time: 0:00:532019-09-05 09:23:56,621 | INFO  | SCMAudit | user=jenkins1000 | ip=192.168.36.69 | op=SEND_HEARTBEAT {datanodeUUID=fe9e29a7-51ad-458f-9e11-f615da290baa, command=[]} | ret=SUCCESS |  
2019-09-05 09:23:57,067 | INFO  | DNAudit | user=null | ip=null | op=WRITE_CHUNK {blockData=conID: 2 locID: 102739177336144452 bcsId: 0} | ret=SUCCESS |  
2019-09-05 09:23:57,068 | INFO  | DNAudit | user=null | ip=null | op=PUT_BLOCK {blockData=[blockId=conID: 2 locID: 102739177336144452 bcsId: 0,size=1048576]} | ret=SUCCESS |  
2019-09-05 09:23:57,069 | INFO  | DNAudit | user=null | ip=null | op=WRITE_CHUNK {blockData=conID: 2 locID: 102739177336144452 bcsId: 0} | ret=SUCCESS |  
2019-09-05 09:23:57,070 | INFO  | DNAudit | user=null | ip=null | op=PUT_BLOCK {blockData=[blockId=conID: 2 locID: 102739177336144452 bcsId: 0,size=2097152]} | ret=SUCCESS |  
2019-09-05 09:23:57,069 [grpc-default-executor-2] INFO  client.GrpcClientProtocolClient (GrpcClientProtocolClient.java:onNext(255)) - client-675AE1CB479C->4fcc8d53-44cb-4faf-b915-5afa0c7529d4: receive RaftClientReply:client-675AE1CB479C->4fcc8d53-44cb-4faf-b915-5afa0c7529d4@group-6A615BAE1DD1, cid=2365, SUCCESS, logIndex=3477, commits[4fcc8d53-44cb-4faf-b915-5afa0c7529d4:c3480, 48aa5eb4-709c-4003-adb5-fbc02723cd23:c3475, 609a8cf1-6ad3-4123-b94a-106ad93148a8:c3475]
2019-09-05 09:23:57,070 [grpc-default-executor-2] INFO  client.GrpcClientProtocolClient (GrpcClientProtocolClient.java:onNext(255)) - client-675AE1CB479C->4fcc8d53-44cb-4faf-b915-5afa0c7529d4: receive RaftClientReply:client-675AE1CB479C->4fcc8d53-44cb-4faf-b915-5afa0c7529d4@group-6A615BAE1DD1, cid=2366, SUCCESS, logIndex=3478, commits[4fcc8d53-44cb-4faf-b915-5afa0c7529d4:c3480, 48aa5eb4-709c-4003-adb5-fbc02723cd23:c3475, 609a8cf1-6ad3-4123-b94a-106ad93148a8:c3475]
2019-09-05 09:23:57,071 [grpc-default-executor-2] INFO  client.GrpcClientProtocolClient (GrpcClientProtocolClient.java:onNext(255)) - client-675AE1CB479C->4fcc8d53-44cb-4faf-b915-5afa0c7529d4: receive RaftClientReply:client-675AE1CB479C->4fcc8d53-44cb-4faf-b915-5afa0c7529d4@group-6A615BAE1DD1, cid=2367, SUCCESS, logIndex=3479, commits[4fcc8d53-44cb-4faf-b915-5afa0c7529d4:c3480, 48aa5eb4-709c-4003-adb5-fbc02723cd23:c3475, 609a8cf1-6ad3-4123-b94a-106ad93148a8:c3475]
2019-09-05 09:23:57,071 [grpc-default-executor-2] INFO  client.GrpcClientProtocolClient (GrpcClientProtocolClient.java:onNext(255)) - client-675AE1CB479C->4fcc8d53-44cb-4faf-b915-5afa0c7529d4: receive RaftClientReply:client-675AE1CB479C->4fcc8d53-44cb-4faf-b915-5afa0c7529d4@group-6A615BAE1DD1, cid=2368, SUCCESS, logIndex=3480, commits[4fcc8d53-44cb-4faf-b915-5afa0c7529d4:c3480, 48aa5eb4-709c-4003-adb5-fbc02723cd23:c3475, 609a8cf1-6ad3-4123-b94a-106ad93148a8:c3475]
2019-09-05 09:23:57,488 | INFO  | SCMAudit | user=jenkins1000 | ip=192.168.36.69 | op=SEND_HEARTBEAT {datanodeUUID=48aa5eb4-709c-4003-adb5-fbc02723cd23, command=[]} | ret=SUCCESS |  
2019-09-05 09:23:57,488 | INFO  | SCMAudit | user=jenkins1000 | ip=192.168.36.69 | op=SEND_HEARTBEAT {datanodeUUID=5b6cff60-1414-40d6-b682-781dc5ff3023, command=[]} | ret=SUCCESS |  
2019-09-05 09:23:57,489 | INFO  | SCMAudit | user=jenkins1000 | ip=192.168.36.69 | op=SEND_HEARTBEAT {datanodeUUID=4fcc8d53-44cb-4faf-b915-5afa0c7529d4, command=[]} | ret=SUCCESS |  
2019-09-05 09:23:57,491 | INFO  | SCMAudit | user=jenkins1000 | ip=192.168.36.69 | op=SEND_HEARTBEAT {datanodeUUID=609a8cf1-6ad3-4123-b94a-106ad93148a8, command=[]} | ret=SUCCESS |  
 0.00% |█                                                                                                    |  0/1 Time: 0:00:542019-09-05 09:23:57,621 | INFO  | SCMAudit | user=jenkins1000 | ip=192.168.36.69 | op=SEND_HEARTBEAT {datanodeUUID=fe9e29a7-51ad-458f-9e11-f615da290baa, command=[]} | ret=SUCCESS |  
2019-09-05 09:23:58,488 | INFO  | SCMAudit | user=jenkins1000 | ip=192.168.36.69 | op=SEND_HEARTBEAT {datanodeUUID=48aa5eb4-709c-4003-adb5-fbc02723cd23, command=[]} | ret=SUCCESS |  
2019-09-05 09:23:58,488 | INFO  | SCMAudit | user=jenkins1000 | ip=192.168.36.69 | op=SEND_HEARTBEAT {datanodeUUID=5b6cff60-1414-40d6-b682-781dc5ff3023, command=[]} | ret=SUCCESS |  
2019-09-05 09:23:58,489 | INFO  | SCMAudit | user=jenkins1000 | ip=192.168.36.69 | op=SEND_HEARTBEAT {datanodeUUID=4fcc8d53-44cb-4faf-b915-5afa0c7529d4, command=[]} | ret=SUCCESS |  
2019-09-05 09:23:58,490 | INFO  | SCMAudit | user=jenkins1000 | ip=192.168.36.69 | op=SEND_HEARTBEAT {datanodeUUID=609a8cf1-6ad3-4123-b94a-106ad93148a8, command=[]} | ret=SUCCESS |  
 0.00% |█                                                                                                    |  0/1 Time: 0:00:552019-09-05 09:23:58,622 | INFO  | SCMAudit | user=jenkins1000 | ip=192.168.36.69 | op=SEND_HEARTBEAT {datanodeUUID=fe9e29a7-51ad-458f-9e11-f615da290baa, command=[]} | ret=SUCCESS |  
2019-09-05 09:23:59,488 | INFO  | SCMAudit | user=jenkins1000 | ip=192.168.36.69 | op=SEND_HEARTBEAT {datanodeUUID=48aa5eb4-709c-4003-adb5-fbc02723cd23, command=[]} | ret=SUCCESS |  
2019-09-05 09:23:59,488 | INFO  | SCMAudit | user=jenkins1000 | ip=192.168.36.69 | op=SEND_HEARTBEAT {datanodeUUID=5b6cff60-1414-40d6-b682-781dc5ff3023, command=[]} | ret=SUCCESS |  
2019-09-05 09:23:59,489 | INFO  | SCMAudit | user=jenkins1000 | ip=192.168.36.69 | op=SEND_HEARTBEAT {datanodeUUID=4fcc8d53-44cb-4faf-b915-5afa0c7529d4, command=[]} | ret=SUCCESS |  
2019-09-05 09:23:59,490 | INFO  | SCMAudit | user=jenkins1000 | ip=192.168.36.69 | op=SEND_HEARTBEAT {datanodeUUID=609a8cf1-6ad3-4123-b94a-106ad93148a8, command=[]} | ret=SUCCESS |  
 0.00% |█                                                                                                    |  0/1 Time: 0:00:562019-09-05 09:23:59,622 | INFO  | SCMAudit | user=jenkins1000 | ip=192.168.36.69 | op=SEND_HEARTBEAT {datanodeUUID=fe9e29a7-51ad-458f-9e11-f615da290baa, command=[]} | ret=SUCCESS |  
2019-09-05 09:24:00,043 | INFO  | DNAudit | user=null | ip=null | op=WRITE_CHUNK {blockData=conID: 2 locID: 102739177336144452 bcsId: 0} | ret=SUCCESS |  
2019-09-05 09:24:00,043 | INFO  | DNAudit | user=null | ip=null | op=WRITE_CHUNK {blockData=conID: 2 locID: 102739177336144452 bcsId: 0} | ret=SUCCESS |  
2019-09-05 09:24:00,044 | INFO  | DNAudit | user=null | ip=null | op=PUT_BLOCK {blockData=[blockId=conID: 2 locID: 102739177336144452 bcsId: 0,size=1048576]} | ret=SUCCESS |  
2019-09-05 09:24:00,044 | INFO  | DNAudit | user=null | ip=null | op=PUT_BLOCK {blockData=[blockId=conID: 2 locID: 102739177336144452 bcsId: 0,size=1048576]} | ret=SUCCESS |  
2019-09-05 09:24:00,044 | INFO  | DNAudit | user=null | ip=null | op=WRITE_CHUNK {blockData=conID: 2 locID: 102739177336144452 bcsId: 0} | ret=SUCCESS |  
2019-09-05 09:24:00,044 | INFO  | DNAudit | user=null | ip=null | op=WRITE_CHUNK {blockData=conID: 2 locID: 102739177336144452 bcsId: 0} | ret=SUCCESS |  
2019-09-05 09:24:00,044 | INFO  | DNAudit | user=null | ip=null | op=PUT_BLOCK {blockData=[blockId=conID: 2 locID: 102739177336144452 bcsId: 0,size=2097152]} | ret=SUCCESS |  
2019-09-05 09:24:00,044 [grpc-default-executor-2] INFO  client.GrpcClientProtocolClient (GrpcClientProtocolClient.java:onNext(255)) - client-675AE1CB479C->4fcc8d53-44cb-4faf-b915-5afa0c7529d4: receive RaftClientReply:client-675AE1CB479C->4fcc8d53-44cb-4faf-b915-5afa0c7529d4@group-6A615BAE1DD1, cid=2369, SUCCESS, logIndex=0, commits[4fcc8d53-44cb-4faf-b915-5afa0c7529d4:c3483, 48aa5eb4-709c-4003-adb5-fbc02723cd23:c3483, 609a8cf1-6ad3-4123-b94a-106ad93148a8:c3483]
2019-09-05 09:24:00,044 | INFO  | DNAudit | user=null | ip=null | op=PUT_BLOCK {blockData=[blockId=conID: 2 locID: 102739177336144452 bcsId: 0,size=2097152]} | ret=SUCCESS |  
2019-09-05 09:24:00,055 | INFO  | DNAudit | user=null | ip=null | op=WRITE_CHUNK {blockData=conID: 2 locID: 102739177336144452 bcsId: 3480} | ret=SUCCESS |  
2019-09-05 09:24:00,057 | INFO  | DNAudit | user=null | ip=null | op=WRITE_CHUNK {blockData=conID: 2 locID: 102739177336144452 bcsId: 3480} | ret=SUCCESS |  
2019-09-05 09:24:00,058 | INFO  | DNAudit | user=null | ip=null | op=WRITE_CHUNK {blockData=conID: 2 locID: 102739177336144452 bcsId: 3480} | ret=SUCCESS |  
2019-09-05 09:24:00,489 | INFO  | SCMAudit | user=jenkins1000 | ip=192.168.36.69 | op=SEND_HEARTBEAT {datanodeUUID=5b6cff60-1414-40d6-b682-781dc5ff3023, command=[]} | ret=SUCCESS |  
2019-09-05 09:24:00,489 | INFO  | SCMAudit | user=jenkins1000 | ip=192.168.36.69 | op=SEND_HEARTBEAT {datanodeUUID=48aa5eb4-709c-4003-adb5-fbc02723cd23, command=[]} | ret=SUCCESS |  
2019-09-05 09:24:00,489 | INFO  | SCMAudit | user=jenkins1000 | ip=192.168.36.69 | op=SEND_HEARTBEAT {datanodeUUID=4fcc8d53-44cb-4faf-b915-5afa0c7529d4, command=[]} | ret=SUCCESS |  
2019-09-05 09:24:00,490 | INFO  | SCMAudit | user=jenkins1000 | ip=192.168.36.69 | op=SEND_HEARTBEAT {datanodeUUID=609a8cf1-6ad3-4123-b94a-106ad93148a8, command=[]} | ret=SUCCESS |  
 0.00% |█                                                                                                    |  0/1 Time: 0:00:572019-09-05 09:24:00,542 | INFO  | DNAudit | user=null | ip=null | op=WRITE_CHUNK {blockData=conID: 2 locID: 102739177336144452 bcsId: 3480} | ret=SUCCESS |  
2019-09-05 09:24:00,543 | INFO  | DNAudit | user=null | ip=null | op=PUT_BLOCK {blockData=[blockId=conID: 2 locID: 102739177336144452 bcsId: 0,size=3145728]} | ret=SUCCESS |  
2019-09-05 09:24:00,543 [grpc-default-executor-3] INFO  client.GrpcClientProtocolClient (GrpcClientProtocolClient.java:onNext(255)) - client-675AE1CB479C->4fcc8d53-44cb-4faf-b915-5afa0c7529d4: receive RaftClientReply:client-675AE1CB479C->4fcc8d53-44cb-4faf-b915-5afa0c7529d4@group-6A615BAE1DD1, cid=2370, SUCCESS, logIndex=3484, commits[4fcc8d53-44cb-4faf-b915-5afa0c7529d4:c3485, 48aa5eb4-709c-4003-adb5-fbc02723cd23:c3483, 609a8cf1-6ad3-4123-b94a-106ad93148a8:c3483]
2019-09-05 09:24:00,544 [grpc-default-executor-3] INFO  client.GrpcClientProtocolClient (GrpcClientProtocolClient.java:onNext(255)) - client-675AE1CB479C->4fcc8d53-44cb-4faf-b915-5afa0c7529d4: receive RaftClientReply:client-675AE1CB479C->4fcc8d53-44cb-4faf-b915-5afa0c7529d4@group-6A615BAE1DD1, cid=2371, SUCCESS, logIndex=3485, commits[4fcc8d53-44cb-4faf-b915-5afa0c7529d4:c3485, 48aa5eb4-709c-4003-adb5-fbc02723cd23:c3483, 609a8cf1-6ad3-4123-b94a-106ad93148a8:c3483]
2019-09-05 09:24:00,553 | INFO  | DNAudit | user=null | ip=null | op=WRITE_CHUNK {blockData=conID: 2 locID: 102739177336144452 bcsId: 3485} | ret=SUCCESS |  
2019-09-05 09:24:00,556 | INFO  | DNAudit | user=null | ip=null | op=WRITE_CHUNK {blockData=conID: 2 locID: 102739177336144452 bcsId: 3485} | ret=SUCCESS |  
2019-09-05 09:24:00,556 | INFO  | DNAudit | user=null | ip=null | op=WRITE_CHUNK {blockData=conID: 2 locID: 102739177336144452 bcsId: 3485} | ret=SUCCESS |  
2019-09-05 09:24:00,622 | INFO  | SCMAudit | user=jenkins1000 | ip=192.168.36.69 | op=SEND_HEARTBEAT {datanodeUUID=fe9e29a7-51ad-458f-9e11-f615da290baa, command=[]} | ret=SUCCESS |  
2019-09-05 09:24:00,986 | INFO  | DNAudit | user=null | ip=null | op=WRITE_CHUNK {blockData=conID: 2 locID: 102739177336144452 bcsId: 3480} | ret=SUCCESS |  
2019-09-05 09:24:00,986 | INFO  | DNAudit | user=null | ip=null | op=PUT_BLOCK {blockData=[blockId=conID: 2 locID: 102739177336144452 bcsId: 0,size=3145728]} | ret=SUCCESS |  
2019-09-05 09:24:01,031 | INFO  | DNAudit | user=null | ip=null | op=WRITE_CHUNK {blockData=conID: 2 locID: 102739177336144452 bcsId: 3480} | ret=SUCCESS |  
2019-09-05 09:24:01,032 | INFO  | DNAudit | user=null | ip=null | op=PUT_BLOCK {blockData=[blockId=conID: 2 locID: 102739177336144452 bcsId: 0,size=3145728]} | ret=SUCCESS |  
2019-09-05 09:24:01,076 | INFO  | DNAudit | user=null | ip=null | op=WRITE_CHUNK {blockData=conID: 2 locID: 102739177336144452 bcsId: 3485} | ret=SUCCESS |  
2019-09-05 09:24:01,076 | INFO  | DNAudit | user=null | ip=null | op=PUT_BLOCK {blockData=[blockId=conID: 2 locID: 102739177336144452 bcsId: 0,size=4194304]} | ret=SUCCESS |  
2019-09-05 09:24:01,077 [grpc-default-executor-3] INFO  client.GrpcClientProtocolClient (GrpcClientProtocolClient.java:onNext(255)) - client-675AE1CB479C->4fcc8d53-44cb-4faf-b915-5afa0c7529d4: receive RaftClientReply:client-675AE1CB479C->4fcc8d53-44cb-4faf-b915-5afa0c7529d4@group-6A615BAE1DD1, cid=2372, SUCCESS, logIndex=3488, commits[4fcc8d53-44cb-4faf-b915-5afa0c7529d4:c3489, 48aa5eb4-709c-4003-adb5-fbc02723cd23:c3485, 609a8cf1-6ad3-4123-b94a-106ad93148a8:c3485]
2019-09-05 09:24:01,077 [grpc-default-executor-3] INFO  client.GrpcClientProtocolClient (GrpcClientProtocolClient.java:onNext(255)) - client-675AE1CB479C->4fcc8d53-44cb-4faf-b915-5afa0c7529d4: receive RaftClientReply:client-675AE1CB479C->4fcc8d53-44cb-4faf-b915-5afa0c7529d4@group-6A615BAE1DD1, cid=2373, SUCCESS, logIndex=3489, commits[4fcc8d53-44cb-4faf-b915-5afa0c7529d4:c3489, 48aa5eb4-709c-4003-adb5-fbc02723cd23:c3485, 609a8cf1-6ad3-4123-b94a-106ad93148a8:c3485]
2019-09-05 09:24:01,489 | INFO  | SCMAudit | user=jenkins1000 | ip=192.168.36.69 | op=SEND_HEARTBEAT {datanodeUUID=5b6cff60-1414-40d6-b682-781dc5ff3023, command=[]} | ret=SUCCESS |  
2019-09-05 09:24:01,490 | INFO  | SCMAudit | user=jenkins1000 | ip=192.168.36.69 | op=SEND_HEARTBEAT {datanodeUUID=4fcc8d53-44cb-4faf-b915-5afa0c7529d4, command=[]} | ret=SUCCESS |  
2019-09-05 09:24:01,490 | INFO  | SCMAudit | user=jenkins1000 | ip=192.168.36.69 | op=SEND_HEARTBEAT {datanodeUUID=48aa5eb4-709c-4003-adb5-fbc02723cd23, command=[]} | ret=SUCCESS |  
2019-09-05 09:24:01,493 | INFO  | SCMAudit | user=jenkins1000 | ip=192.168.36.69 | op=SEND_HEARTBEAT {datanodeUUID=609a8cf1-6ad3-4123-b94a-106ad93148a8, command=[]} | ret=SUCCESS |  
 0.00% |█                                                                                                    |  0/1 Time: 0:00:582019-09-05 09:24:01,503 | INFO  | DNAudit | user=null | ip=null | op=WRITE_CHUNK {blockData=conID: 2 locID: 102739177336144452 bcsId: 3485} | ret=SUCCESS |  
2019-09-05 09:24:01,504 | INFO  | DNAudit | user=null | ip=null | op=PUT_BLOCK {blockData=[blockId=conID: 2 locID: 102739177336144452 bcsId: 0,size=4194304]} | ret=SUCCESS |  
2019-09-05 09:24:01,622 | INFO  | SCMAudit | user=jenkins1000 | ip=192.168.36.69 | op=SEND_HEARTBEAT {datanodeUUID=fe9e29a7-51ad-458f-9e11-f615da290baa, command=[]} | ret=SUCCESS |  
2019-09-05 09:24:02,465 | INFO  | DNAudit | user=null | ip=null | op=WRITE_CHUNK {blockData=conID: 2 locID: 102739177336144452 bcsId: 3485} | ret=SUCCESS |  
2019-09-05 09:24:02,465 | INFO  | DNAudit | user=null | ip=null | op=PUT_BLOCK {blockData=[blockId=conID: 2 locID: 102739177336144452 bcsId: 0,size=4194304]} | ret=SUCCESS |  
2019-09-05 09:24:02,465 [grpc-default-executor-3] INFO  client.GrpcClientProtocolClient (GrpcClientProtocolClient.java:onNext(255)) - client-675AE1CB479C->4fcc8d53-44cb-4faf-b915-5afa0c7529d4: receive RaftClientReply:client-675AE1CB479C->4fcc8d53-44cb-4faf-b915-5afa0c7529d4@group-6A615BAE1DD1, cid=2374, SUCCESS, logIndex=0, commits[4fcc8d53-44cb-4faf-b915-5afa0c7529d4:c3490, 48aa5eb4-709c-4003-adb5-fbc02723cd23:c3489, 609a8cf1-6ad3-4123-b94a-106ad93148a8:c3489]
2019-09-05 09:24:02,472 | INFO  | SCMAudit | user=jenkins1000 | ip=192.168.36.69 | op=ALLOCATE_BLOCK {owner=5cf4fcf6-c517-45f4-af25-2fff646d8883, size=4194304, type=RATIS, factor=THREE} | ret=SUCCESS |  
2019-09-05 09:24:02,476 | INFO  | OMAudit | user=jenkins1000 | ip=127.0.0.1 | op=ALLOCATE_BLOCK {volume=vol-0-13331, bucket=bucket-0-43606, key=key-0-76526, dataSize=0, replicationType=null, replicationFactor=null, keyLocationInfo=null, clientID=102739173903106450} | ret=SUCCESS |  
2019-09-05 09:24:02,485 | INFO  | DNAudit | user=null | ip=null | op=WRITE_CHUNK {blockData=conID: 3 locID: 102739177797845573 bcsId: 0} | ret=SUCCESS |  
2019-09-05 09:24:02,489 | INFO  | DNAudit | user=null | ip=null | op=WRITE_CHUNK {blockData=conID: 3 locID: 102739177797845573 bcsId: 0} | ret=SUCCESS |  
2019-09-05 09:24:02,489 | INFO  | DNAudit | user=null | ip=null | op=WRITE_CHUNK {blockData=conID: 3 locID: 102739177797845573 bcsId: 0} | ret=SUCCESS |  
2019-09-05 09:24:02,489 | INFO  | SCMAudit | user=jenkins1000 | ip=192.168.36.69 | op=SEND_HEARTBEAT {datanodeUUID=48aa5eb4-709c-4003-adb5-fbc02723cd23, command=[]} | ret=SUCCESS |  
2019-09-05 09:24:02,489 | INFO  | DNAudit | user=null | ip=null | op=WRITE_CHUNK {blockData=conID: 3 locID: 102739177797845573 bcsId: 0} | ret=SUCCESS |  
2019-09-05 09:24:02,489 | INFO  | SCMAudit | user=jenkins1000 | ip=192.168.36.69 | op=SEND_HEARTBEAT {datanodeUUID=5b6cff60-1414-40d6-b682-781dc5ff3023, command=[]} | ret=SUCCESS |  
2019-09-05 09:24:02,490 | INFO  | SCMAudit | user=jenkins1000 | ip=192.168.36.69 | op=SEND_HEARTBEAT {datanodeUUID=609a8cf1-6ad3-4123-b94a-106ad93148a8, command=[]} | ret=SUCCESS |  
2019-09-05 09:24:02,491 | INFO  | SCMAudit | user=jenkins1000 | ip=192.168.36.69 | op=SEND_HEARTBEAT {datanodeUUID=4fcc8d53-44cb-4faf-b915-5afa0c7529d4, command=[]} | ret=SUCCESS |  
2019-09-05 09:24:02,492 | INFO  | DNAudit | user=null | ip=null | op=WRITE_CHUNK {blockData=conID: 3 locID: 102739177797845573 bcsId: 0} | ret=SUCCESS |  
2019-09-05 09:24:02,492 | INFO  | DNAudit | user=null | ip=null | op=WRITE_CHUNK {blockData=conID: 3 locID: 102739177797845573 bcsId: 0} | ret=SUCCESS |  
 0.00% |█                                                                                                    |  0/1 Time: 0:00:592019-09-05 09:24:02,622 | INFO  | SCMAudit | user=jenkins1000 | ip=192.168.36.69 | op=SEND_HEARTBEAT {datanodeUUID=fe9e29a7-51ad-458f-9e11-f615da290baa, command=[]} | ret=SUCCESS |  
2019-09-05 09:24:03,002 | INFO  | DNAudit | user=null | ip=null | op=WRITE_CHUNK {blockData=conID: 3 locID: 102739177797845573 bcsId: 0} | ret=SUCCESS |  
2019-09-05 09:24:03,003 | INFO  | DNAudit | user=null | ip=null | op=PUT_BLOCK {blockData=[blockId=conID: 3 locID: 102739177797845573 bcsId: 0,size=1048576]} | ret=SUCCESS |  
2019-09-05 09:24:03,003 [grpc-default-executor-3] INFO  client.GrpcClientProtocolClient (GrpcClientProtocolClient.java:onNext(255)) - client-675AE1CB479C->4fcc8d53-44cb-4faf-b915-5afa0c7529d4: receive RaftClientReply:client-675AE1CB479C->4fcc8d53-44cb-4faf-b915-5afa0c7529d4@group-6A615BAE1DD1, cid=2375, SUCCESS, logIndex=3491, commits[4fcc8d53-44cb-4faf-b915-5afa0c7529d4:c3492, 48aa5eb4-709c-4003-adb5-fbc02723cd23:c3490, 609a8cf1-6ad3-4123-b94a-106ad93148a8:c3490]
2019-09-05 09:24:03,004 [grpc-default-executor-3] INFO  client.GrpcClientProtocolClient (GrpcClientProtocolClient.java:onNext(255)) - client-675AE1CB479C->4fcc8d53-44cb-4faf-b915-5afa0c7529d4: receive RaftClientReply:client-675AE1CB479C->4fcc8d53-44cb-4faf-b915-5afa0c7529d4@group-6A615BAE1DD1, cid=2376, SUCCESS, logIndex=3492, commits[4fcc8d53-44cb-4faf-b915-5afa0c7529d4:c3492, 48aa5eb4-709c-4003-adb5-fbc02723cd23:c3490, 609a8cf1-6ad3-4123-b94a-106ad93148a8:c3490]
2019-09-05 09:24:03,182 | INFO  | DNAudit | user=null | ip=null | op=WRITE_CHUNK {blockData=conID: 3 locID: 102739177797845573 bcsId: 0} | ret=SUCCESS |  
2019-09-05 09:24:03,183 | INFO  | DNAudit | user=null | ip=null | op=PUT_BLOCK {blockData=[blockId=conID: 3 locID: 102739177797845573 bcsId: 0,size=2097152]} | ret=SUCCESS |  
2019-09-05 09:24:03,184 [grpc-default-executor-3] INFO  client.GrpcClientProtocolClient (GrpcClientProtocolClient.java:onNext(255)) - client-675AE1CB479C->4fcc8d53-44cb-4faf-b915-5afa0c7529d4: receive RaftClientReply:client-675AE1CB479C->4fcc8d53-44cb-4faf-b915-5afa0c7529d4@group-6A615BAE1DD1, cid=2377, SUCCESS, logIndex=3493, commits[4fcc8d53-44cb-4faf-b915-5afa0c7529d4:c3494, 48aa5eb4-709c-4003-adb5-fbc02723cd23:c3490, 609a8cf1-6ad3-4123-b94a-106ad93148a8:c3490]
2019-09-05 09:24:03,184 [grpc-default-executor-3] INFO  client.GrpcClientProtocolClient (GrpcClientProtocolClient.java:onNext(255)) - client-675AE1CB479C->4fcc8d53-44cb-4faf-b915-5afa0c7529d4: receive RaftClientReply:client-675AE1CB479C->4fcc8d53-44cb-4faf-b915-5afa0c7529d4@group-6A615BAE1DD1, cid=2378, SUCCESS, logIndex=3494, commits[4fcc8d53-44cb-4faf-b915-5afa0c7529d4:c3494, 48aa5eb4-709c-4003-adb5-fbc02723cd23:c3490, 609a8cf1-6ad3-4123-b94a-106ad93148a8:c3490]
2019-09-05 09:24:03,489 | INFO  | SCMAudit | user=jenkins1000 | ip=192.168.36.69 | op=SEND_HEARTBEAT {datanodeUUID=48aa5eb4-709c-4003-adb5-fbc02723cd23, command=[]} | ret=SUCCESS |  
2019-09-05 09:24:03,489 | INFO  | SCMAudit | user=jenkins1000 | ip=192.168.36.69 | op=SEND_HEARTBEAT {datanodeUUID=5b6cff60-1414-40d6-b682-781dc5ff3023, command=[]} | ret=SUCCESS |  
2019-09-05 09:24:03,490 | INFO  | SCMAudit | user=jenkins1000 | ip=192.168.36.69 | op=SEND_HEARTBEAT {datanodeUUID=609a8cf1-6ad3-4123-b94a-106ad93148a8, command=[]} | ret=SUCCESS |  
2019-09-05 09:24:03,491 | INFO  | SCMAudit | user=jenkins1000 | ip=192.168.36.69 | op=SEND_HEARTBEAT {datanodeUUID=4fcc8d53-44cb-4faf-b915-5afa0c7529d4, command=[]} | ret=SUCCESS |  
 0.00% |█                                                                                                    |  0/1 Time: 0:01:002019-09-05 09:24:03,623 | INFO  | SCMAudit | user=jenkins1000 | ip=192.168.36.69 | op=SEND_HEARTBEAT {datanodeUUID=fe9e29a7-51ad-458f-9e11-f615da290baa, command=[]} | ret=SUCCESS |  
2019-09-05 09:24:03,629 | INFO  | DNAudit | user=null | ip=null | op=WRITE_CHUNK {blockData=conID: 3 locID: 102739177797845573 bcsId: 0} | ret=SUCCESS |  
2019-09-05 09:24:03,629 | INFO  | DNAudit | user=null | ip=null | op=PUT_BLOCK {blockData=[blockId=conID: 3 locID: 102739177797845573 bcsId: 0,size=1048576]} | ret=SUCCESS |  
2019-09-05 09:24:04,005 | INFO  | DNAudit | user=null | ip=null | op=WRITE_CHUNK {blockData=conID: 3 locID: 102739177797845573 bcsId: 0} | ret=SUCCESS |  
2019-09-05 09:24:04,006 | INFO  | DNAudit | user=null | ip=null | op=PUT_BLOCK {blockData=[blockId=conID: 3 locID: 102739177797845573 bcsId: 0,size=1048576]} | ret=SUCCESS |  
2019-09-05 09:24:04,006 | INFO  | DNAudit | user=null | ip=null | op=WRITE_CHUNK {blockData=conID: 3 locID: 102739177797845573 bcsId: 0} | ret=SUCCESS |  
2019-09-05 09:24:04,006 | INFO  | DNAudit | user=null | ip=null | op=PUT_BLOCK {blockData=[blockId=conID: 3 locID: 102739177797845573 bcsId: 0,size=2097152]} | ret=SUCCESS |  
2019-09-05 09:24:04,006 [grpc-default-executor-3] INFO  client.GrpcClientProtocolClient (GrpcClientProtocolClient.java:onNext(255)) - client-675AE1CB479C->4fcc8d53-44cb-4faf-b915-5afa0c7529d4: receive RaftClientReply:client-675AE1CB479C->4fcc8d53-44cb-4faf-b915-5afa0c7529d4@group-6A615BAE1DD1, cid=2379, SUCCESS, logIndex=0, commits[4fcc8d53-44cb-4faf-b915-5afa0c7529d4:c3495, 48aa5eb4-709c-4003-adb5-fbc02723cd23:c3492, 609a8cf1-6ad3-4123-b94a-106ad93148a8:c3492]
2019-09-05 09:24:04,015 | INFO  | DNAudit | user=null | ip=null | op=WRITE_CHUNK {blockData=conID: 3 locID: 102739177797845573 bcsId: 3494} | ret=SUCCESS |  
2019-09-05 09:24:04,018 | INFO  | DNAudit | user=null | ip=null | op=WRITE_CHUNK {blockData=conID: 3 locID: 102739177797845573 bcsId: 3494} | ret=SUCCESS |  
2019-09-05 09:24:04,018 | INFO  | DNAudit | user=null | ip=null | op=WRITE_CHUNK {blockData=conID: 3 locID: 102739177797845573 bcsId: 3494} | ret=SUCCESS |  
2019-09-05 09:24:04,450 | INFO  | DNAudit | user=null | ip=null | op=WRITE_CHUNK {blockData=conID: 3 locID: 102739177797845573 bcsId: 0} | ret=SUCCESS |  
2019-09-05 09:24:04,451 | INFO  | DNAudit | user=null | ip=null | op=PUT_BLOCK {blockData=[blockId=conID: 3 locID: 102739177797845573 bcsId: 0,size=2097152]} | ret=SUCCESS |  
2019-09-05 09:24:04,489 | INFO  | SCMAudit | user=jenkins1000 | ip=192.168.36.69 | op=SEND_HEARTBEAT {datanodeUUID=48aa5eb4-709c-4003-adb5-fbc02723cd23, command=[]} | ret=SUCCESS |  
2019-09-05 09:24:04,489 | INFO  | SCMAudit | user=jenkins1000 | ip=192.168.36.69 | op=SEND_HEARTBEAT {datanodeUUID=5b6cff60-1414-40d6-b682-781dc5ff3023, command=[]} | ret=SUCCESS |  
2019-09-05 09:24:04,490 | INFO  | SCMAudit | user=jenkins1000 | ip=192.168.36.69 | op=SEND_HEARTBEAT {datanodeUUID=609a8cf1-6ad3-4123-b94a-106ad93148a8, command=[]} | ret=SUCCESS |  
2019-09-05 09:24:04,490 | INFO  | SCMAudit | user=jenkins1000 | ip=192.168.36.69 | op=SEND_HEARTBEAT {datanodeUUID=4fcc8d53-44cb-4faf-b915-5afa0c7529d4, command=[]} | ret=SUCCESS |  
 0.00% |█                                                                                                    |  0/1 Time: 0:01:012019-09-05 09:24:04,623 | INFO  | SCMAudit | user=jenkins1000 | ip=192.168.36.69 | op=SEND_HEARTBEAT {datanodeUUID=fe9e29a7-51ad-458f-9e11-f615da290baa, command=[]} | ret=SUCCESS |  
2019-09-05 09:24:04,809 | INFO  | DNAudit | user=null | ip=null | op=WRITE_CHUNK {blockData=conID: 3 locID: 102739177797845573 bcsId: 3494} | ret=SUCCESS |  
2019-09-05 09:24:04,809 | INFO  | DNAudit | user=null | ip=null | op=PUT_BLOCK {blockData=[blockId=conID: 3 locID: 102739177797845573 bcsId: 0,size=3145728]} | ret=SUCCESS |  
2019-09-05 09:24:04,809 [grpc-default-executor-3] INFO  client.GrpcClientProtocolClient (GrpcClientProtocolClient.java:onNext(255)) - client-675AE1CB479C->4fcc8d53-44cb-4faf-b915-5afa0c7529d4: receive RaftClientReply:client-675AE1CB479C->4fcc8d53-44cb-4faf-b915-5afa0c7529d4@group-6A615BAE1DD1, cid=2380, SUCCESS, logIndex=3498, commits[4fcc8d53-44cb-4faf-b915-5afa0c7529d4:c3499, 48aa5eb4-709c-4003-adb5-fbc02723cd23:c3496, 609a8cf1-6ad3-4123-b94a-106ad93148a8:c3496]
2019-09-05 09:24:04,810 [grpc-default-executor-3] INFO  client.GrpcClientProtocolClient (GrpcClientProtocolClient.java:onNext(255)) - client-675AE1CB479C->4fcc8d53-44cb-4faf-b915-5afa0c7529d4: receive RaftClientReply:client-675AE1CB479C->4fcc8d53-44cb-4faf-b915-5afa0c7529d4@group-6A615BAE1DD1, cid=2381, SUCCESS, logIndex=3499, commits[4fcc8d53-44cb-4faf-b915-5afa0c7529d4:c3499, 48aa5eb4-709c-4003-adb5-fbc02723cd23:c3496, 609a8cf1-6ad3-4123-b94a-106ad93148a8:c3496]
2019-09-05 09:24:04,820 | INFO  | DNAudit | user=null | ip=null | op=WRITE_CHUNK {blockData=conID: 3 locID: 102739177797845573 bcsId: 3499} | ret=SUCCESS |  
2019-09-05 09:24:04,823 | INFO  | DNAudit | user=null | ip=null | op=WRITE_CHUNK {blockData=conID: 3 locID: 102739177797845573 bcsId: 3499} | ret=SUCCESS |  
2019-09-05 09:24:04,823 | INFO  | DNAudit | user=null | ip=null | op=WRITE_CHUNK {blockData=conID: 3 locID: 102739177797845573 bcsId: 3499} | ret=SUCCESS |  
2019-09-05 09:24:05,392 | INFO  | DNAudit | user=null | ip=null | op=WRITE_CHUNK {blockData=conID: 3 locID: 102739177797845573 bcsId: 3494} | ret=SUCCESS |  
2019-09-05 09:24:05,392 | INFO  | DNAudit | user=null | ip=null | op=WRITE_CHUNK {blockData=conID: 3 locID: 102739177797845573 bcsId: 3494} | ret=SUCCESS |  
2019-09-05 09:24:05,392 | INFO  | DNAudit | user=null | ip=null | op=PUT_BLOCK {blockData=[blockId=conID: 3 locID: 102739177797845573 bcsId: 0,size=3145728]} | ret=SUCCESS |  
2019-09-05 09:24:05,392 | INFO  | DNAudit | user=null | ip=null | op=PUT_BLOCK {blockData=[blockId=conID: 3 locID: 102739177797845573 bcsId: 0,size=3145728]} | ret=SUCCESS |  
2019-09-05 09:24:05,490 | INFO  | SCMAudit | user=jenkins1000 | ip=192.168.36.69 | op=SEND_HEARTBEAT {datanodeUUID=5b6cff60-1414-40d6-b682-781dc5ff3023, command=[]} | ret=SUCCESS |  
2019-09-05 09:24:05,490 | INFO  | SCMAudit | user=jenkins1000 | ip=192.168.36.69 | op=SEND_HEARTBEAT {datanodeUUID=48aa5eb4-709c-4003-adb5-fbc02723cd23, command=[]} | ret=SUCCESS |  
2019-09-05 09:24:05,490 | INFO  | SCMAudit | user=jenkins1000 | ip=192.168.36.69 | op=SEND_HEARTBEAT {datanodeUUID=4fcc8d53-44cb-4faf-b915-5afa0c7529d4, command=[]} | ret=SUCCESS |  
2019-09-05 09:24:05,491 | INFO  | SCMAudit | user=jenkins1000 | ip=192.168.36.69 | op=SEND_HEARTBEAT {datanodeUUID=609a8cf1-6ad3-4123-b94a-106ad93148a8, command=[]} | ret=SUCCESS |  
 0.00% |█                                                                                                    |  0/1 Time: 0:01:022019-09-05 09:24:05,623 | INFO  | SCMAudit | user=jenkins1000 | ip=192.168.36.69 | op=SEND_HEARTBEAT {datanodeUUID=fe9e29a7-51ad-458f-9e11-f615da290baa, command=[]} | ret=SUCCESS |  
2019-09-05 09:24:06,490 | INFO  | SCMAudit | user=jenkins1000 | ip=192.168.36.69 | op=SEND_HEARTBEAT {datanodeUUID=5b6cff60-1414-40d6-b682-781dc5ff3023, command=[]} | ret=SUCCESS |  
2019-09-05 09:24:06,490 | INFO  | SCMAudit | user=jenkins1000 | ip=192.168.36.69 | op=SEND_HEARTBEAT {datanodeUUID=48aa5eb4-709c-4003-adb5-fbc02723cd23, command=[]} | ret=SUCCESS |  
2019-09-05 09:24:06,490 | INFO  | SCMAudit | user=jenkins1000 | ip=192.168.36.69 | op=SEND_HEARTBEAT {datanodeUUID=4fcc8d53-44cb-4faf-b915-5afa0c7529d4, command=[]} | ret=SUCCESS |  
2019-09-05 09:24:06,491 | INFO  | SCMAudit | user=jenkins1000 | ip=192.168.36.69 | op=SEND_HEARTBEAT {datanodeUUID=609a8cf1-6ad3-4123-b94a-106ad93148a8, command=[]} | ret=SUCCESS |  
 0.00% |█                                                                                                    |  0/1 Time: 0:01:032019-09-05 09:24:06,621 | INFO  | DNAudit | user=null | ip=null | op=WRITE_CHUNK {blockData=conID: 3 locID: 102739177797845573 bcsId: 3499} | ret=SUCCESS |  
2019-09-05 09:24:06,622 | INFO  | DNAudit | user=null | ip=null | op=PUT_BLOCK {blockData=[blockId=conID: 3 locID: 102739177797845573 bcsId: 0,size=4194304]} | ret=SUCCESS |  
2019-09-05 09:24:06,622 [grpc-default-executor-5] INFO  client.GrpcClientProtocolClient (GrpcClientProtocolClient.java:onNext(255)) - client-675AE1CB479C->4fcc8d53-44cb-4faf-b915-5afa0c7529d4: receive RaftClientReply:client-675AE1CB479C->4fcc8d53-44cb-4faf-b915-5afa0c7529d4@group-6A615BAE1DD1, cid=2382, SUCCESS, logIndex=3501, commits[4fcc8d53-44cb-4faf-b915-5afa0c7529d4:c3502, 48aa5eb4-709c-4003-adb5-fbc02723cd23:c3499, 609a8cf1-6ad3-4123-b94a-106ad93148a8:c3499]
2019-09-05 09:24:06,623 [grpc-default-executor-5] INFO  client.GrpcClientProtocolClient (GrpcClientProtocolClient.java:onNext(255)) - client-675AE1CB479C->4fcc8d53-44cb-4faf-b915-5afa0c7529d4: receive RaftClientReply:client-675AE1CB479C->4fcc8d53-44cb-4faf-b915-5afa0c7529d4@group-6A615BAE1DD1, cid=2383, SUCCESS, logIndex=3502, commits[4fcc8d53-44cb-4faf-b915-5afa0c7529d4:c3502, 48aa5eb4-709c-4003-adb5-fbc02723cd23:c3499, 609a8cf1-6ad3-4123-b94a-106ad93148a8:c3499]
2019-09-05 09:24:06,623 | INFO  | SCMAudit | user=jenkins1000 | ip=192.168.36.69 | op=SEND_HEARTBEAT {datanodeUUID=fe9e29a7-51ad-458f-9e11-f615da290baa, command=[]} | ret=SUCCESS |  
2019-09-05 09:24:06,702 | INFO  | DNAudit | user=null | ip=null | op=WRITE_CHUNK {blockData=conID: 3 locID: 102739177797845573 bcsId: 3499} | ret=SUCCESS |  
2019-09-05 09:24:06,702 | INFO  | DNAudit | user=null | ip=null | op=PUT_BLOCK {blockData=[blockId=conID: 3 locID: 102739177797845573 bcsId: 0,size=4194304]} | ret=SUCCESS |  
2019-09-05 09:24:07,490 | INFO  | SCMAudit | user=jenkins1000 | ip=192.168.36.69 | op=SEND_HEARTBEAT {datanodeUUID=48aa5eb4-709c-4003-adb5-fbc02723cd23, command=[]} | ret=SUCCESS |  
2019-09-05 09:24:07,491 | INFO  | SCMAudit | user=jenkins1000 | ip=192.168.36.69 | op=SEND_HEARTBEAT {datanodeUUID=5b6cff60-1414-40d6-b682-781dc5ff3023, command=[]} | ret=SUCCESS |  
2019-09-05 09:24:07,491 | INFO  | SCMAudit | user=jenkins1000 | ip=192.168.36.69 | op=SEND_HEARTBEAT {datanodeUUID=4fcc8d53-44cb-4faf-b915-5afa0c7529d4, command=[]} | ret=SUCCESS |  
2019-09-05 09:24:07,491 | INFO  | SCMAudit | user=jenkins1000 | ip=192.168.36.69 | op=SEND_HEARTBEAT {datanodeUUID=609a8cf1-6ad3-4123-b94a-106ad93148a8, command=[]} | ret=SUCCESS |  
 0.00% |█                                                                                                    |  0/1 Time: 0:01:042019-09-05 09:24:07,623 | INFO  | SCMAudit | user=jenkins1000 | ip=192.168.36.69 | op=SEND_HEARTBEAT {datanodeUUID=fe9e29a7-51ad-458f-9e11-f615da290baa, command=[]} | ret=SUCCESS |  
2019-09-05 09:24:08,139 | INFO  | DNAudit | user=null | ip=null | op=WRITE_CHUNK {blockData=conID: 3 locID: 102739177797845573 bcsId: 3499} | ret=SUCCESS |  
2019-09-05 09:24:08,139 | INFO  | DNAudit | user=null | ip=null | op=PUT_BLOCK {blockData=[blockId=conID: 3 locID: 102739177797845573 bcsId: 0,size=4194304]} | ret=SUCCESS |  
2019-09-05 09:24:08,140 [grpc-default-executor-5] INFO  client.GrpcClientProtocolClient (GrpcClientProtocolClient.java:onNext(255)) - client-675AE1CB479C->4fcc8d53-44cb-4faf-b915-5afa0c7529d4: receive RaftClientReply:client-675AE1CB479C->4fcc8d53-44cb-4faf-b915-5afa0c7529d4@group-6A615BAE1DD1, cid=2384, SUCCESS, logIndex=0, commits[4fcc8d53-44cb-4faf-b915-5afa0c7529d4:c3503, 48aa5eb4-709c-4003-adb5-fbc02723cd23:c3502, 609a8cf1-6ad3-4123-b94a-106ad93148a8:c3502]
2019-09-05 09:24:08,145 | INFO  | SCMAudit | user=jenkins1000 | ip=192.168.36.69 | op=ALLOCATE_BLOCK {owner=5cf4fcf6-c517-45f4-af25-2fff646d8883, size=4194304, type=RATIS, factor=THREE} | ret=SUCCESS |  
2019-09-05 09:24:08,148 | INFO  | OMAudit | user=jenkins1000 | ip=127.0.0.1 | op=ALLOCATE_BLOCK {volume=vol-0-13331, bucket=bucket-0-43606, key=key-0-76526, dataSize=0, replicationType=null, replicationFactor=null, keyLocationInfo=null, clientID=102739173903106450} | ret=SUCCESS |  
2019-09-05 09:24:08,157 | INFO  | DNAudit | user=null | ip=null | op=WRITE_CHUNK {blockData=conID: 1 locID: 102739178169631302 bcsId: 0} | ret=SUCCESS |  
2019-09-05 09:24:08,159 | INFO  | DNAudit | user=null | ip=null | op=WRITE_CHUNK {blockData=conID: 1 locID: 102739178169631302 bcsId: 0} | ret=SUCCESS |  
2019-09-05 09:24:08,159 | INFO  | DNAudit | user=null | ip=null | op=WRITE_CHUNK {blockData=conID: 1 locID: 102739178169631302 bcsId: 0} | ret=SUCCESS |  
2019-09-05 09:24:08,161 | INFO  | DNAudit | user=null | ip=null | op=WRITE_CHUNK {blockData=conID: 1 locID: 102739178169631302 bcsId: 0} | ret=SUCCESS |  
2019-09-05 09:24:08,162 | INFO  | DNAudit | user=null | ip=null | op=WRITE_CHUNK {blockData=conID: 1 locID: 102739178169631302 bcsId: 0} | ret=SUCCESS |  
2019-09-05 09:24:08,162 | INFO  | DNAudit | user=null | ip=null | op=WRITE_CHUNK {blockData=conID: 1 locID: 102739178169631302 bcsId: 0} | ret=SUCCESS |  
2019-09-05 09:24:08,489 | INFO  | SCMAudit | user=jenkins1000 | ip=192.168.36.69 | op=SEND_HEARTBEAT {datanodeUUID=5b6cff60-1414-40d6-b682-781dc5ff3023, command=[]} | ret=SUCCESS |  
2019-09-05 09:24:08,490 | INFO  | SCMAudit | user=jenkins1000 | ip=192.168.36.69 | op=SEND_HEARTBEAT {datanodeUUID=48aa5eb4-709c-4003-adb5-fbc02723cd23, command=[]} | ret=SUCCESS |  
2019-09-05 09:24:08,490 | INFO  | SCMAudit | user=jenkins1000 | ip=192.168.36.69 | op=SEND_HEARTBEAT {datanodeUUID=4fcc8d53-44cb-4faf-b915-5afa0c7529d4, command=[]} | ret=SUCCESS |  
2019-09-05 09:24:08,491 | INFO  | SCMAudit | user=jenkins1000 | ip=192.168.36.69 | op=SEND_HEARTBEAT {datanodeUUID=609a8cf1-6ad3-4123-b94a-106ad93148a8, command=[]} | ret=SUCCESS |  
 0.00% |█                                                                                                    |  0/1 Time: 0:01:052019-09-05 09:24:08,623 | INFO  | SCMAudit | user=jenkins1000 | ip=192.168.36.69 | op=SEND_HEARTBEAT {datanodeUUID=fe9e29a7-51ad-458f-9e11-f615da290baa, command=[]} | ret=SUCCESS |  
2019-09-05 09:24:08,779 | INFO  | DNAudit | user=null | ip=null | op=WRITE_CHUNK {blockData=conID: 1 locID: 102739178169631302 bcsId: 0} | ret=SUCCESS |  
2019-09-05 09:24:08,779 | INFO  | DNAudit | user=null | ip=null | op=PUT_BLOCK {blockData=[blockId=conID: 1 locID: 102739178169631302 bcsId: 0,size=1048576]} | ret=SUCCESS |  
2019-09-05 09:24:08,779 | INFO  | DNAudit | user=null | ip=null | op=WRITE_CHUNK {blockData=conID: 1 locID: 102739178169631302 bcsId: 0} | ret=SUCCESS |  
2019-09-05 09:24:08,780 [grpc-default-executor-3] INFO  client.GrpcClientProtocolClient (GrpcClientProtocolClient.java:onNext(255)) - client-675AE1CB479C->4fcc8d53-44cb-4faf-b915-5afa0c7529d4: receive RaftClientReply:client-675AE1CB479C->4fcc8d53-44cb-4faf-b915-5afa0c7529d4@group-6A615BAE1DD1, cid=2385, SUCCESS, logIndex=3505, commits[4fcc8d53-44cb-4faf-b915-5afa0c7529d4:c3507, 48aa5eb4-709c-4003-adb5-fbc02723cd23:c3503, 609a8cf1-6ad3-4123-b94a-106ad93148a8:c3503]
2019-09-05 09:24:08,780 | INFO  | DNAudit | user=null | ip=null | op=PUT_BLOCK {blockData=[blockId=conID: 1 locID: 102739178169631302 bcsId: 0,size=2097152]} | ret=SUCCESS |  
2019-09-05 09:24:08,780 [grpc-default-executor-3] INFO  client.GrpcClientProtocolClient (GrpcClientProtocolClient.java:onNext(255)) - client-675AE1CB479C->4fcc8d53-44cb-4faf-b915-5afa0c7529d4: receive RaftClientReply:client-675AE1CB479C->4fcc8d53-44cb-4faf-b915-5afa0c7529d4@group-6A615BAE1DD1, cid=2386, SUCCESS, logIndex=3506, commits[4fcc8d53-44cb-4faf-b915-5afa0c7529d4:c3508, 48aa5eb4-709c-4003-adb5-fbc02723cd23:c3503, 609a8cf1-6ad3-4123-b94a-106ad93148a8:c3503]
2019-09-05 09:24:08,780 [grpc-default-executor-3] INFO  client.GrpcClientProtocolClient (GrpcClientProtocolClient.java:onNext(255)) - client-675AE1CB479C->4fcc8d53-44cb-4faf-b915-5afa0c7529d4: receive RaftClientReply:client-675AE1CB479C->4fcc8d53-44cb-4faf-b915-5afa0c7529d4@group-6A615BAE1DD1, cid=2387, SUCCESS, logIndex=3507, commits[4fcc8d53-44cb-4faf-b915-5afa0c7529d4:c3508, 48aa5eb4-709c-4003-adb5-fbc02723cd23:c3503, 609a8cf1-6ad3-4123-b94a-106ad93148a8:c3503]
2019-09-05 09:24:08,780 [grpc-default-executor-3] INFO  client.GrpcClientProtocolClient (GrpcClientProtocolClient.java:onNext(255)) - client-675AE1CB479C->4fcc8d53-44cb-4faf-b915-5afa0c7529d4: receive RaftClientReply:client-675AE1CB479C->4fcc8d53-44cb-4faf-b915-5afa0c7529d4@group-6A615BAE1DD1, cid=2388, SUCCESS, logIndex=3508, commits[4fcc8d53-44cb-4faf-b915-5afa0c7529d4:c3508, 48aa5eb4-709c-4003-adb5-fbc02723cd23:c3503, 609a8cf1-6ad3-4123-b94a-106ad93148a8:c3503]
2019-09-05 09:24:09,489 | INFO  | SCMAudit | user=jenkins1000 | ip=192.168.36.69 | op=SEND_HEARTBEAT {datanodeUUID=5b6cff60-1414-40d6-b682-781dc5ff3023, command=[]} | ret=SUCCESS |  
2019-09-05 09:24:09,489 | INFO  | SCMAudit | user=jenkins1000 | ip=192.168.36.69 | op=SEND_HEARTBEAT {datanodeUUID=48aa5eb4-709c-4003-adb5-fbc02723cd23, command=[]} | ret=SUCCESS |  
2019-09-05 09:24:09,490 | INFO  | SCMAudit | user=jenkins1000 | ip=192.168.36.69 | op=SEND_HEARTBEAT {datanodeUUID=4fcc8d53-44cb-4faf-b915-5afa0c7529d4, command=[]} | ret=SUCCESS |  
2019-09-05 09:24:09,492 | INFO  | SCMAudit | user=jenkins1000 | ip=192.168.36.69 | op=SEND_HEARTBEAT {datanodeUUID=609a8cf1-6ad3-4123-b94a-106ad93148a8, command=[]} | ret=SUCCESS |  
 0.00% |█                                                                                                    |  0/1 Time: 0:01:062019-09-05 09:24:09,624 | INFO  | SCMAudit | user=jenkins1000 | ip=192.168.36.69 | op=SEND_HEARTBEAT {datanodeUUID=fe9e29a7-51ad-458f-9e11-f615da290baa, command=[]} | ret=SUCCESS |  
2019-09-05 09:24:10,490 | INFO  | SCMAudit | user=jenkins1000 | ip=192.168.36.69 | op=SEND_HEARTBEAT {datanodeUUID=48aa5eb4-709c-4003-adb5-fbc02723cd23, command=[]} | ret=SUCCESS |  
2019-09-05 09:24:10,490 | INFO  | SCMAudit | user=jenkins1000 | ip=192.168.36.69 | op=SEND_HEARTBEAT {datanodeUUID=5b6cff60-1414-40d6-b682-781dc5ff3023, command=[]} | ret=SUCCESS |  
2019-09-05 09:24:10,491 | INFO  | SCMAudit | user=jenkins1000 | ip=192.168.36.69 | op=SEND_HEARTBEAT {datanodeUUID=4fcc8d53-44cb-4faf-b915-5afa0c7529d4, command=[]} | ret=SUCCESS |  
2019-09-05 09:24:10,491 | INFO  | SCMAudit | user=jenkins1000 | ip=192.168.36.69 | op=SEND_HEARTBEAT {datanodeUUID=609a8cf1-6ad3-4123-b94a-106ad93148a8, command=[]} | ret=SUCCESS |  
 0.00% |█                                                                                                    |  0/1 Time: 0:01:072019-09-05 09:24:10,624 | INFO  | SCMAudit | user=jenkins1000 | ip=192.168.36.69 | op=SEND_HEARTBEAT {datanodeUUID=fe9e29a7-51ad-458f-9e11-f615da290baa, command=[]} | ret=SUCCESS |  
2019-09-05 09:24:11,279 | INFO  | DNAudit | user=null | ip=null | op=WRITE_CHUNK {blockData=conID: 1 locID: 102739178169631302 bcsId: 0} | ret=SUCCESS |  
2019-09-05 09:24:11,281 | INFO  | DNAudit | user=null | ip=null | op=WRITE_CHUNK {blockData=conID: 1 locID: 102739178169631302 bcsId: 0} | ret=SUCCESS |  
2019-09-05 09:24:11,282 | INFO  | DNAudit | user=null | ip=null | op=PUT_BLOCK {blockData=[blockId=conID: 1 locID: 102739178169631302 bcsId: 0,size=1048576]} | ret=SUCCESS |  
2019-09-05 09:24:11,282 | INFO  | DNAudit | user=null | ip=null | op=WRITE_CHUNK {blockData=conID: 1 locID: 102739178169631302 bcsId: 0} | ret=SUCCESS |  
2019-09-05 09:24:11,282 | INFO  | DNAudit | user=null | ip=null | op=PUT_BLOCK {blockData=[blockId=conID: 1 locID: 102739178169631302 bcsId: 0,size=2097152]} | ret=SUCCESS |  
2019-09-05 09:24:11,490 | INFO  | SCMAudit | user=jenkins1000 | ip=192.168.36.69 | op=SEND_HEARTBEAT {datanodeUUID=48aa5eb4-709c-4003-adb5-fbc02723cd23, command=[]} | ret=SUCCESS |  
2019-09-05 09:24:11,490 | INFO  | SCMAudit | user=jenkins1000 | ip=192.168.36.69 | op=SEND_HEARTBEAT {datanodeUUID=5b6cff60-1414-40d6-b682-781dc5ff3023, command=[]} | ret=SUCCESS |  
2019-09-05 09:24:11,491 | INFO  | SCMAudit | user=jenkins1000 | ip=192.168.36.69 | op=SEND_HEARTBEAT {datanodeUUID=609a8cf1-6ad3-4123-b94a-106ad93148a8, command=[]} | ret=SUCCESS |  
2019-09-05 09:24:11,492 | INFO  | SCMAudit | user=jenkins1000 | ip=192.168.36.69 | op=SEND_HEARTBEAT {datanodeUUID=4fcc8d53-44cb-4faf-b915-5afa0c7529d4, command=[]} | ret=SUCCESS |  
 0.00% |█                                                                                                    |  0/1 Time: 0:01:082019-09-05 09:24:11,624 | INFO  | SCMAudit | user=jenkins1000 | ip=192.168.36.69 | op=SEND_HEARTBEAT {datanodeUUID=fe9e29a7-51ad-458f-9e11-f615da290baa, command=[]} | ret=SUCCESS |  
2019-09-05 09:24:11,779 [java.util.concurrent.ThreadPoolExecutor$Worker@8e4ae6a[State = -1, empty queue]] WARN  server.GrpcLogAppender (GrpcLogAppender.java:timeoutAppendRequest(200)) - GrpcLogAppender(4fcc8d53-44cb-4faf-b915-5afa0c7529d4->48aa5eb4-709c-4003-adb5-fbc02723cd23): appendEntries Timeout, request=4fcc8d53-44cb-4faf-b915-5afa0c7529d4->48aa5eb4-709c-4003-adb5-fbc02723cd23#3521-t1, previous=(t:1, i:3509), leaderCommit=3506, initializing? false, entries: size=1, first=(t:1, i:3510), METADATAENTRY(c3506)
2019-09-05 09:24:11,779 [java.util.concurrent.ThreadPoolExecutor$Worker@46033358[State = -1, empty queue]] WARN  server.GrpcLogAppender (GrpcLogAppender.java:timeoutAppendRequest(200)) - GrpcLogAppender(4fcc8d53-44cb-4faf-b915-5afa0c7529d4->609a8cf1-6ad3-4123-b94a-106ad93148a8): appendEntries Timeout, request=4fcc8d53-44cb-4faf-b915-5afa0c7529d4->609a8cf1-6ad3-4123-b94a-106ad93148a8#3521-t1, previous=(t:1, i:3509), leaderCommit=3506, initializing? false, entries: size=1, first=(t:1, i:3510), METADATAENTRY(c3506)
2019-09-05 09:24:11,779 [java.util.concurrent.ThreadPoolExecutor$Worker@8e4ae6a[State = -1, empty queue]] WARN  server.GrpcLogAppender (GrpcLogAppender.java:timeoutAppendRequest(200)) - GrpcLogAppender(4fcc8d53-44cb-4faf-b915-5afa0c7529d4->48aa5eb4-709c-4003-adb5-fbc02723cd23): appendEntries Timeout, request=4fcc8d53-44cb-4faf-b915-5afa0c7529d4->48aa5eb4-709c-4003-adb5-fbc02723cd23#3522-t1, previous=(t:1, i:3510), leaderCommit=3507, initializing? false, entries: size=1, first=(t:1, i:3511), METADATAENTRY(c3507)
2019-09-05 09:24:11,779 [java.util.concurrent.ThreadPoolExecutor$Worker@46033358[State = -1, empty queue]] WARN  server.GrpcLogAppender (GrpcLogAppender.java:timeoutAppendRequest(200)) - GrpcLogAppender(4fcc8d53-44cb-4faf-b915-5afa0c7529d4->609a8cf1-6ad3-4123-b94a-106ad93148a8): appendEntries Timeout, request=4fcc8d53-44cb-4faf-b915-5afa0c7529d4->609a8cf1-6ad3-4123-b94a-106ad93148a8#3522-t1, previous=(t:1, i:3510), leaderCommit=3507, initializing? false, entries: size=1, first=(t:1, i:3511), METADATAENTRY(c3507)
2019-09-05 09:24:11,781 [java.util.concurrent.ThreadPoolExecutor$Worker@8e4ae6a[State = -1, empty queue]] WARN  server.GrpcLogAppender (GrpcLogAppender.java:timeoutAppendRequest(200)) - GrpcLogAppender(4fcc8d53-44cb-4faf-b915-5afa0c7529d4->48aa5eb4-709c-4003-adb5-fbc02723cd23): appendEntries Timeout, request=4fcc8d53-44cb-4faf-b915-5afa0c7529d4->48aa5eb4-709c-4003-adb5-fbc02723cd23#3523-t1, previous=(t:1, i:3511), leaderCommit=3508, initializing? false, entries: size=1, first=(t:1, i:3512), METADATAENTRY(c3508)
2019-09-05 09:24:11,785 [java.util.concurrent.ThreadPoolExecutor$Worker@46033358[State = -1, empty queue]] WARN  server.GrpcLogAppender (GrpcLogAppender.java:timeoutAppendRequest(200)) - GrpcLogAppender(4fcc8d53-44cb-4faf-b915-5afa0c7529d4->609a8cf1-6ad3-4123-b94a-106ad93148a8): appendEntries Timeout, request=4fcc8d53-44cb-4faf-b915-5afa0c7529d4->609a8cf1-6ad3-4123-b94a-106ad93148a8#3523-t1, previous=(t:1, i:3511), leaderCommit=3508, initializing? false, entries: size=1, first=(t:1, i:3512), METADATAENTRY(c3508)
2019-09-05 09:24:12,490 | INFO  | SCMAudit | user=jenkins1000 | ip=192.168.36.69 | op=SEND_HEARTBEAT {datanodeUUID=48aa5eb4-709c-4003-adb5-fbc02723cd23, command=[]} | ret=SUCCESS |  
2019-09-05 09:24:12,490 | INFO  | SCMAudit | user=jenkins1000 | ip=192.168.36.69 | op=SEND_HEARTBEAT {datanodeUUID=5b6cff60-1414-40d6-b682-781dc5ff3023, command=[]} | ret=SUCCESS |  
2019-09-05 09:24:12,491 | INFO  | SCMAudit | user=jenkins1000 | ip=192.168.36.69 | op=SEND_HEARTBEAT {datanodeUUID=609a8cf1-6ad3-4123-b94a-106ad93148a8, command=[]} | ret=SUCCESS |  
2019-09-05 09:24:12,491 | INFO  | SCMAudit | user=jenkins1000 | ip=192.168.36.69 | op=SEND_HEARTBEAT {datanodeUUID=4fcc8d53-44cb-4faf-b915-5afa0c7529d4, command=[]} | ret=SUCCESS |  
 0.00% |█                                                                                                    |  0/1 Time: 0:01:092019-09-05 09:24:12,624 | INFO  | SCMAudit | user=jenkins1000 | ip=192.168.36.69 | op=SEND_HEARTBEAT {datanodeUUID=fe9e29a7-51ad-458f-9e11-f615da290baa, command=[]} | ret=SUCCESS |  
2019-09-05 09:24:13,490 | INFO  | SCMAudit | user=jenkins1000 | ip=192.168.36.69 | op=SEND_HEARTBEAT {datanodeUUID=48aa5eb4-709c-4003-adb5-fbc02723cd23, command=[]} | ret=SUCCESS |  
2019-09-05 09:24:13,490 | INFO  | SCMAudit | user=jenkins1000 | ip=192.168.36.69 | op=SEND_HEARTBEAT {datanodeUUID=5b6cff60-1414-40d6-b682-781dc5ff3023, command=[]} | ret=SUCCESS |  
2019-09-05 09:24:13,491 | INFO  | SCMAudit | user=jenkins1000 | ip=192.168.36.69 | op=SEND_HEARTBEAT {datanodeUUID=609a8cf1-6ad3-4123-b94a-106ad93148a8, command=[]} | ret=SUCCESS |  
2019-09-05 09:24:13,491 | INFO  | SCMAudit | user=jenkins1000 | ip=192.168.36.69 | op=SEND_HEARTBEAT {datanodeUUID=4fcc8d53-44cb-4faf-b915-5afa0c7529d4, command=[]} | ret=SUCCESS |  
 0.00% |█                                                                                                    |  0/1 Time: 0:01:102019-09-05 09:24:13,624 | INFO  | SCMAudit | user=jenkins1000 | ip=192.168.36.69 | op=SEND_HEARTBEAT {datanodeUUID=fe9e29a7-51ad-458f-9e11-f615da290baa, command=[]} | ret=SUCCESS |  
2019-09-05 09:24:13,781 | INFO  | DNAudit | user=null | ip=null | op=PUT_BLOCK {blockData=[blockId=conID: 1 locID: 102739178169631302 bcsId: 0,size=1048576]} | ret=SUCCESS |  
2019-09-05 09:24:13,781 | INFO  | DNAudit | user=null | ip=null | op=WRITE_CHUNK {blockData=conID: 1 locID: 102739178169631302 bcsId: 0} | ret=SUCCESS |  
2019-09-05 09:24:13,782 | INFO  | DNAudit | user=null | ip=null | op=PUT_BLOCK {blockData=[blockId=conID: 1 locID: 102739178169631302 bcsId: 0,size=2097152]} | ret=SUCCESS |  
2019-09-05 09:24:13,783 [pool-282-thread-1] WARN  scm.XceiverClientRatis (XceiverClientRatis.java:watchForCommit(262)) - 3 way commit failed on pipeline Pipeline[ Id: 636d7c13-ce3d-4bfe-b01c-6a615bae1dd1, Nodes: 609a8cf1-6ad3-4123-b94a-106ad93148a8{ip: 192.168.36.69, host: pr-hdds-1571-lfg7x-4139639749, networkLocation: /default-rack, certSerialId: null}48aa5eb4-709c-4003-adb5-fbc02723cd23{ip: 192.168.36.69, host: pr-hdds-1571-lfg7x-4139639749, networkLocation: /default-rack, certSerialId: null}4fcc8d53-44cb-4faf-b915-5afa0c7529d4{ip: 192.168.36.69, host: pr-hdds-1571-lfg7x-4139639749, networkLocation: /default-rack, certSerialId: null}, Type:RATIS, Factor:THREE, State:OPEN]
java.util.concurrent.TimeoutException
	at java.util.concurrent.CompletableFuture.timedGet(CompletableFuture.java:1771)
	at java.util.concurrent.CompletableFuture.get(CompletableFuture.java:1915)
	at org.apache.hadoop.hdds.scm.XceiverClientRatis.watchForCommit(XceiverClientRatis.java:259)
	at org.apache.hadoop.hdds.scm.storage.CommitWatcher.watchForCommit(CommitWatcher.java:194)
	at org.apache.hadoop.hdds.scm.storage.CommitWatcher.watchOnFirstIndex(CommitWatcher.java:135)
	at org.apache.hadoop.hdds.scm.storage.BlockOutputStream.watchForCommit(BlockOutputStream.java:347)
	at org.apache.hadoop.hdds.scm.storage.BlockOutputStream.handleFullBuffer(BlockOutputStream.java:324)
	at org.apache.hadoop.hdds.scm.storage.BlockOutputStream.write(BlockOutputStream.java:251)
	at org.apache.hadoop.ozone.client.io.BlockOutputStreamEntry.write(BlockOutputStreamEntry.java:129)
	at org.apache.hadoop.ozone.client.io.KeyOutputStream.handleWrite(KeyOutputStream.java:211)
	at org.apache.hadoop.ozone.client.io.KeyOutputStream.write(KeyOutputStream.java:193)
	at org.apache.hadoop.ozone.client.io.OzoneOutputStream.write(OzoneOutputStream.java:49)
	at org.apache.hadoop.ozone.freon.RandomKeyGenerator.createKey(RandomKeyGenerator.java:699)
	at org.apache.hadoop.ozone.freon.RandomKeyGenerator.access$1100(RandomKeyGenerator.java:87)
	at org.apache.hadoop.ozone.freon.RandomKeyGenerator$ObjectCreator.run(RandomKeyGenerator.java:606)
	at java.util.concurrent.Executors$RunnableAdapter.call(Executors.java:511)
	at java.util.concurrent.FutureTask.run(FutureTask.java:266)
	at java.util.concurrent.ThreadPoolExecutor.runWorker(ThreadPoolExecutor.java:1149)
	at java.util.concurrent.ThreadPoolExecutor$Worker.run(ThreadPoolExecutor.java:624)
	at java.lang.Thread.run(Thread.java:748)
2019-09-05 09:24:13,789 [grpc-default-executor-3] INFO  client.GrpcClientProtocolClient (GrpcClientProtocolClient.java:onNext(255)) - client-675AE1CB479C->4fcc8d53-44cb-4faf-b915-5afa0c7529d4: receive RaftClientReply:client-675AE1CB479C->4fcc8d53-44cb-4faf-b915-5afa0c7529d4@group-6A615BAE1DD1, cid=2390, SUCCESS, logIndex=0, commits[4fcc8d53-44cb-4faf-b915-5afa0c7529d4:c3509, 48aa5eb4-709c-4003-adb5-fbc02723cd23:c3508, 609a8cf1-6ad3-4123-b94a-106ad93148a8:c3505]
2019-09-05 09:24:13,794 [pool-282-thread-1] INFO  scm.XceiverClientRatis (XceiverClientRatis.java:lambda$watchForCommit$7(280)) - Could not commit index 3506 on pipeline Pipeline[ Id: 636d7c13-ce3d-4bfe-b01c-6a615bae1dd1, Nodes: 609a8cf1-6ad3-4123-b94a-106ad93148a8{ip: 192.168.36.69, host: pr-hdds-1571-lfg7x-4139639749, networkLocation: /default-rack, certSerialId: null}48aa5eb4-709c-4003-adb5-fbc02723cd23{ip: 192.168.36.69, host: pr-hdds-1571-lfg7x-4139639749, networkLocation: /default-rack, certSerialId: null}4fcc8d53-44cb-4faf-b915-5afa0c7529d4{ip: 192.168.36.69, host: pr-hdds-1571-lfg7x-4139639749, networkLocation: /default-rack, certSerialId: null}, Type:RATIS, Factor:THREE, State:OPEN] to all the nodes. Server 609a8cf1-6ad3-4123-b94a-106ad93148a8 has failed. Committed by majority.
2019-09-05 09:24:13,798 [pool-282-thread-1] WARN  storage.BlockOutputStream (BlockOutputStream.java:watchForCommit(353)) - Failed to commit BlockId conID: 1 locID: 102739178169631302 bcsId: 3508 on Pipeline[ Id: 636d7c13-ce3d-4bfe-b01c-6a615bae1dd1, Nodes: 609a8cf1-6ad3-4123-b94a-106ad93148a8{ip: 192.168.36.69, host: pr-hdds-1571-lfg7x-4139639749, networkLocation: /default-rack, certSerialId: null}48aa5eb4-709c-4003-adb5-fbc02723cd23{ip: 192.168.36.69, host: pr-hdds-1571-lfg7x-4139639749, networkLocation: /default-rack, certSerialId: null}4fcc8d53-44cb-4faf-b915-5afa0c7529d4{ip: 192.168.36.69, host: pr-hdds-1571-lfg7x-4139639749, networkLocation: /default-rack, certSerialId: null}, Type:RATIS, Factor:THREE, State:OPEN]. Failed nodes: [609a8cf1-6ad3-4123-b94a-106ad93148a8{ip: null, host: null, networkLocation: /default-rack, certSerialId: null}]
2019-09-05 09:24:13,808 | INFO  | DNAudit | user=null | ip=null | op=WRITE_CHUNK {blockData=conID: 1 locID: 102739178169631302 bcsId: 3508} | ret=SUCCESS |  
2019-09-05 09:24:13,809 | INFO  | DNAudit | user=null | ip=null | op=WRITE_CHUNK {blockData=conID: 1 locID: 102739178169631302 bcsId: 3508} | ret=SUCCESS |  
2019-09-05 09:24:13,811 | INFO  | DNAudit | user=null | ip=null | op=WRITE_CHUNK {blockData=conID: 1 locID: 102739178169631302 bcsId: 3508} | ret=SUCCESS |  
2019-09-05 09:24:13,854 [grpc-default-executor-5] WARN  server.GrpcLogAppender (GrpcLogAppender.java:onNextImpl(250)) - org.apache.ratis.grpc.server.GrpcLogAppender$AppendLogResponseHandler@37d32395: Request not found, ignoring reply: 4fcc8d53-44cb-4faf-b915-5afa0c7529d4<-609a8cf1-6ad3-4123-b94a-106ad93148a8#3521:OK,SUCCESS,nextIndex:3511,term:1,followerCommit:3509
2019-09-05 09:24:13,857 [grpc-default-executor-4] WARN  server.GrpcLogAppender (GrpcLogAppender.java:onNextImpl(250)) - org.apache.ratis.grpc.server.GrpcLogAppender$AppendLogResponseHandler@664e9549: Request not found, ignoring reply: 4fcc8d53-44cb-4faf-b915-5afa0c7529d4<-48aa5eb4-709c-4003-adb5-fbc02723cd23#3521:OK,SUCCESS,nextIndex:3511,term:1,followerCommit:3508
2019-09-05 09:24:13,859 [grpc-default-executor-5] WARN  server.GrpcLogAppender (GrpcLogAppender.java:onNextImpl(250)) - org.apache.ratis.grpc.server.GrpcLogAppender$AppendLogResponseHandler@37d32395: Request not found, ignoring reply: 4fcc8d53-44cb-4faf-b915-5afa0c7529d4<-609a8cf1-6ad3-4123-b94a-106ad93148a8#3522:OK,SUCCESS,nextIndex:3512,term:1,followerCommit:3509
2019-09-05 09:24:13,859 [grpc-default-executor-4] WARN  server.GrpcLogAppender (GrpcLogAppender.java:onNextImpl(250)) - org.apache.ratis.grpc.server.GrpcLogAppender$AppendLogResponseHandler@664e9549: Request not found, ignoring reply: 4fcc8d53-44cb-4faf-b915-5afa0c7529d4<-48aa5eb4-709c-4003-adb5-fbc02723cd23#3522:OK,SUCCESS,nextIndex:3512,term:1,followerCommit:3508
2019-09-05 09:24:13,859 [grpc-default-executor-5] WARN  server.GrpcLogAppender (GrpcLogAppender.java:onNextImpl(250)) - org.apache.ratis.grpc.server.GrpcLogAppender$AppendLogResponseHandler@37d32395: Request not found, ignoring reply: 4fcc8d53-44cb-4faf-b915-5afa0c7529d4<-609a8cf1-6ad3-4123-b94a-106ad93148a8#3523:OK,SUCCESS,nextIndex:3513,term:1,followerCommit:3509
2019-09-05 09:24:13,859 [grpc-default-executor-4] WARN  server.GrpcLogAppender (GrpcLogAppender.java:onNextImpl(250)) - org.apache.ratis.grpc.server.GrpcLogAppender$AppendLogResponseHandler@664e9549: Request not found, ignoring reply: 4fcc8d53-44cb-4faf-b915-5afa0c7529d4<-48aa5eb4-709c-4003-adb5-fbc02723cd23#3523:OK,SUCCESS,nextIndex:3513,term:1,followerCommit:3508
2019-09-05 09:24:13,860 [grpc-default-executor-5] INFO  client.GrpcClientProtocolClient (GrpcClientProtocolClient.java:onNext(255)) - client-675AE1CB479C->4fcc8d53-44cb-4faf-b915-5afa0c7529d4: receive RaftClientReply:client-675AE1CB479C->4fcc8d53-44cb-4faf-b915-5afa0c7529d4@group-6A615BAE1DD1, cid=2389, SUCCESS, logIndex=0, commits[4fcc8d53-44cb-4faf-b915-5afa0c7529d4:c3509, 48aa5eb4-709c-4003-adb5-fbc02723cd23:c3508, 609a8cf1-6ad3-4123-b94a-106ad93148a8:c3509]
2019-09-05 09:24:13,861 [grpc-default-executor-5] INFO  client.GrpcClientProtocolClient (GrpcClientProtocolClient.java:onNext(255)) - client-675AE1CB479C->4fcc8d53-44cb-4faf-b915-5afa0c7529d4: receive RaftClientReply:client-675AE1CB479C->4fcc8d53-44cb-4faf-b915-5afa0c7529d4@group-6A615BAE1DD1, cid=2389, SUCCESS, logIndex=0, commits[4fcc8d53-44cb-4faf-b915-5afa0c7529d4:c3512, 48aa5eb4-709c-4003-adb5-fbc02723cd23:c3508, 609a8cf1-6ad3-4123-b94a-106ad93148a8:c3509]
2019-09-05 09:24:14,491 | INFO  | SCMAudit | user=jenkins1000 | ip=192.168.36.69 | op=SEND_HEARTBEAT {datanodeUUID=48aa5eb4-709c-4003-adb5-fbc02723cd23, command=[]} | ret=SUCCESS |  
2019-09-05 09:24:14,491 | INFO  | SCMAudit | user=jenkins1000 | ip=192.168.36.69 | op=SEND_HEARTBEAT {datanodeUUID=5b6cff60-1414-40d6-b682-781dc5ff3023, command=[]} | ret=SUCCESS |  
2019-09-05 09:24:14,491 | INFO  | SCMAudit | user=jenkins1000 | ip=192.168.36.69 | op=SEND_HEARTBEAT {datanodeUUID=4fcc8d53-44cb-4faf-b915-5afa0c7529d4, command=[]} | ret=SUCCESS |  
2019-09-05 09:24:14,492 | INFO  | SCMAudit | user=jenkins1000 | ip=192.168.36.69 | op=SEND_HEARTBEAT {datanodeUUID=609a8cf1-6ad3-4123-b94a-106ad93148a8, command=[]} | ret=SUCCESS |  
 0.00% |█                                                                                                    |  0/1 Time: 0:01:112019-09-05 09:24:14,624 | INFO  | SCMAudit | user=jenkins1000 | ip=192.168.36.69 | op=SEND_HEARTBEAT {datanodeUUID=fe9e29a7-51ad-458f-9e11-f615da290baa, command=[]} | ret=SUCCESS |  
2019-09-05 09:24:15,273 | INFO  | DNAudit | user=null | ip=null | op=WRITE_CHUNK {blockData=conID: 1 locID: 102739178169631302 bcsId: 3508} | ret=SUCCESS |  
2019-09-05 09:24:15,274 | INFO  | DNAudit | user=null | ip=null | op=PUT_BLOCK {blockData=[blockId=conID: 1 locID: 102739178169631302 bcsId: 0,size=3145728]} | ret=SUCCESS |  
2019-09-05 09:24:15,274 [grpc-default-executor-5] INFO  client.GrpcClientProtocolClient (GrpcClientProtocolClient.java:onNext(255)) - client-675AE1CB479C->4fcc8d53-44cb-4faf-b915-5afa0c7529d4: receive RaftClientReply:client-675AE1CB479C->4fcc8d53-44cb-4faf-b915-5afa0c7529d4@group-6A615BAE1DD1, cid=2391, SUCCESS, logIndex=3513, commits[4fcc8d53-44cb-4faf-b915-5afa0c7529d4:c3514, 48aa5eb4-709c-4003-adb5-fbc02723cd23:c3509, 609a8cf1-6ad3-4123-b94a-106ad93148a8:c3509]
2019-09-05 09:24:15,274 [grpc-default-executor-5] INFO  client.GrpcClientProtocolClient (GrpcClientProtocolClient.java:onNext(255)) - client-675AE1CB479C->4fcc8d53-44cb-4faf-b915-5afa0c7529d4: receive RaftClientReply:client-675AE1CB479C->4fcc8d53-44cb-4faf-b915-5afa0c7529d4@group-6A615BAE1DD1, cid=2392, SUCCESS, logIndex=3514, commits[4fcc8d53-44cb-4faf-b915-5afa0c7529d4:c3514, 48aa5eb4-709c-4003-adb5-fbc02723cd23:c3509, 609a8cf1-6ad3-4123-b94a-106ad93148a8:c3509]
2019-09-05 09:24:15,283 | INFO  | DNAudit | user=null | ip=null | op=WRITE_CHUNK {blockData=conID: 1 locID: 102739178169631302 bcsId: 3514} | ret=SUCCESS |  
2019-09-05 09:24:15,286 | INFO  | DNAudit | user=null | ip=null | op=WRITE_CHUNK {blockData=conID: 1 locID: 102739178169631302 bcsId: 3514} | ret=SUCCESS |  
2019-09-05 09:24:15,287 | INFO  | DNAudit | user=null | ip=null | op=WRITE_CHUNK {blockData=conID: 1 locID: 102739178169631302 bcsId: 3514} | ret=SUCCESS |  
2019-09-05 09:24:15,491 | INFO  | SCMAudit | user=jenkins1000 | ip=192.168.36.69 | op=SEND_HEARTBEAT {datanodeUUID=48aa5eb4-709c-4003-adb5-fbc02723cd23, command=[]} | ret=SUCCESS |  
2019-09-05 09:24:15,491 | INFO  | SCMAudit | user=jenkins1000 | ip=192.168.36.69 | op=SEND_HEARTBEAT {datanodeUUID=4fcc8d53-44cb-4faf-b915-5afa0c7529d4, command=[]} | ret=SUCCESS |  
2019-09-05 09:24:15,491 | INFO  | SCMAudit | user=jenkins1000 | ip=192.168.36.69 | op=SEND_HEARTBEAT {datanodeUUID=5b6cff60-1414-40d6-b682-781dc5ff3023, command=[]} | ret=SUCCESS |  
2019-09-05 09:24:15,493 | INFO  | SCMAudit | user=jenkins1000 | ip=192.168.36.69 | op=SEND_HEARTBEAT {datanodeUUID=609a8cf1-6ad3-4123-b94a-106ad93148a8, command=[]} | ret=SUCCESS |  
 0.00% |█                                                                                                    |  0/1 Time: 0:01:122019-09-05 09:24:15,623 | INFO  | SCMAudit | user=jenkins1000 | ip=192.168.36.69 | op=SEND_HEARTBEAT {datanodeUUID=fe9e29a7-51ad-458f-9e11-f615da290baa, command=[]} | ret=SUCCESS |  
2019-09-05 09:24:16,490 | INFO  | SCMAudit | user=jenkins1000 | ip=192.168.36.69 | op=SEND_HEARTBEAT {datanodeUUID=48aa5eb4-709c-4003-adb5-fbc02723cd23, command=[]} | ret=SUCCESS |  
2019-09-05 09:24:16,490 | INFO  | SCMAudit | user=jenkins1000 | ip=192.168.36.69 | op=SEND_HEARTBEAT {datanodeUUID=5b6cff60-1414-40d6-b682-781dc5ff3023, command=[]} | ret=SUCCESS |  
2019-09-05 09:24:16,491 | INFO  | SCMAudit | user=jenkins1000 | ip=192.168.36.69 | op=SEND_HEARTBEAT {datanodeUUID=4fcc8d53-44cb-4faf-b915-5afa0c7529d4, command=[]} | ret=SUCCESS |  
2019-09-05 09:24:16,493 | INFO  | SCMAudit | user=jenkins1000 | ip=192.168.36.69 | op=SEND_HEARTBEAT {datanodeUUID=609a8cf1-6ad3-4123-b94a-106ad93148a8, command=[]} | ret=SUCCESS |  
 0.00% |█                                                                                                    |  0/1 Time: 0:01:132019-09-05 09:24:16,623 | INFO  | SCMAudit | user=jenkins1000 | ip=192.168.36.69 | op=SEND_HEARTBEAT {datanodeUUID=fe9e29a7-51ad-458f-9e11-f615da290baa, command=[]} | ret=SUCCESS |  
2019-09-05 09:24:17,490 | INFO  | SCMAudit | user=jenkins1000 | ip=192.168.36.69 | op=SEND_HEARTBEAT {datanodeUUID=48aa5eb4-709c-4003-adb5-fbc02723cd23, command=[]} | ret=SUCCESS |  
2019-09-05 09:24:17,491 | INFO  | SCMAudit | user=jenkins1000 | ip=192.168.36.69 | op=SEND_HEARTBEAT {datanodeUUID=5b6cff60-1414-40d6-b682-781dc5ff3023, command=[]} | ret=SUCCESS |  
2019-09-05 09:24:17,492 | INFO  | SCMAudit | user=jenkins1000 | ip=192.168.36.69 | op=SEND_HEARTBEAT {datanodeUUID=4fcc8d53-44cb-4faf-b915-5afa0c7529d4, command=[]} | ret=SUCCESS |  
2019-09-05 09:24:17,493 | INFO  | SCMAudit | user=jenkins1000 | ip=192.168.36.69 | op=SEND_HEARTBEAT {datanodeUUID=609a8cf1-6ad3-4123-b94a-106ad93148a8, command=[]} | ret=SUCCESS |  
 0.00% |█                                                                                                    |  0/1 Time: 0:01:142019-09-05 09:24:17,624 | INFO  | SCMAudit | user=jenkins1000 | ip=192.168.36.69 | op=SEND_HEARTBEAT {datanodeUUID=fe9e29a7-51ad-458f-9e11-f615da290baa, command=[]} | ret=SUCCESS |  
2019-09-05 09:24:17,726 | INFO  | DNAudit | user=null | ip=null | op=WRITE_CHUNK {blockData=conID: 1 locID: 102739178169631302 bcsId: 3508} | ret=SUCCESS |  
2019-09-05 09:24:17,726 | INFO  | DNAudit | user=null | ip=null | op=WRITE_CHUNK {blockData=conID: 1 locID: 102739178169631302 bcsId: 3508} | ret=SUCCESS |  
2019-09-05 09:24:17,726 | INFO  | DNAudit | user=null | ip=null | op=PUT_BLOCK {blockData=[blockId=conID: 1 locID: 102739178169631302 bcsId: 0,size=3145728]} | ret=SUCCESS |  
2019-09-05 09:24:17,726 | INFO  | DNAudit | user=null | ip=null | op=PUT_BLOCK {blockData=[blockId=conID: 1 locID: 102739178169631302 bcsId: 0,size=3145728]} | ret=SUCCESS |  
2019-09-05 09:24:18,273 [java.util.concurrent.ThreadPoolExecutor$Worker@8e4ae6a[State = -1, empty queue]] WARN  server.GrpcLogAppender (GrpcLogAppender.java:timeoutAppendRequest(200)) - GrpcLogAppender(4fcc8d53-44cb-4faf-b915-5afa0c7529d4->48aa5eb4-709c-4003-adb5-fbc02723cd23): appendEntries Timeout, request=4fcc8d53-44cb-4faf-b915-5afa0c7529d4->48aa5eb4-709c-4003-adb5-fbc02723cd23#3528-t1, previous=(t:1, i:3515), leaderCommit=3514, initializing? false, entries: size=1, first=(t:1, i:3516), METADATAENTRY(c3514)
2019-09-05 09:24:18,273 [java.util.concurrent.ThreadPoolExecutor$Worker@46033358[State = -1, empty queue]] WARN  server.GrpcLogAppender (GrpcLogAppender.java:timeoutAppendRequest(200)) - GrpcLogAppender(4fcc8d53-44cb-4faf-b915-5afa0c7529d4->609a8cf1-6ad3-4123-b94a-106ad93148a8): appendEntries Timeout, request=4fcc8d53-44cb-4faf-b915-5afa0c7529d4->609a8cf1-6ad3-4123-b94a-106ad93148a8#3528-t1, previous=(t:1, i:3515), leaderCommit=3514, initializing? false, entries: size=1, first=(t:1, i:3516), METADATAENTRY(c3514)
2019-09-05 09:24:18,282 [java.util.concurrent.ThreadPoolExecutor$Worker@46033358[State = -1, empty queue]] WARN  server.GrpcLogAppender (GrpcLogAppender.java:timeoutAppendRequest(200)) - GrpcLogAppender(4fcc8d53-44cb-4faf-b915-5afa0c7529d4->609a8cf1-6ad3-4123-b94a-106ad93148a8): appendEntries Timeout, request=4fcc8d53-44cb-4faf-b915-5afa0c7529d4->609a8cf1-6ad3-4123-b94a-106ad93148a8#3529-t1, previous=(t:1, i:3516), leaderCommit=3514, initializing? false, entries: size=1, first=(t:1, i:3517), STATEMACHINELOGENTRY, client-675AE1CB479C, cid=2393
2019-09-05 09:24:18,282 [java.util.concurrent.ThreadPoolExecutor$Worker@8e4ae6a[State = -1, empty queue]] WARN  server.GrpcLogAppender (GrpcLogAppender.java:timeoutAppendRequest(200)) - GrpcLogAppender(4fcc8d53-44cb-4faf-b915-5afa0c7529d4->48aa5eb4-709c-4003-adb5-fbc02723cd23): appendEntries Timeout, request=4fcc8d53-44cb-4faf-b915-5afa0c7529d4->48aa5eb4-709c-4003-adb5-fbc02723cd23#3529-t1, previous=(t:1, i:3516), leaderCommit=3514, initializing? false, entries: size=1, first=(t:1, i:3517), STATEMACHINELOGENTRY, client-675AE1CB479C, cid=2393
2019-09-05 09:24:18,282 [java.util.concurrent.ThreadPoolExecutor$Worker@46033358[State = -1, empty queue]] WARN  server.GrpcLogAppender (GrpcLogAppender.java:timeoutAppendRequest(200)) - GrpcLogAppender(4fcc8d53-44cb-4faf-b915-5afa0c7529d4->609a8cf1-6ad3-4123-b94a-106ad93148a8): appendEntries Timeout, request=4fcc8d53-44cb-4faf-b915-5afa0c7529d4->609a8cf1-6ad3-4123-b94a-106ad93148a8#3530-t1, previous=(t:1, i:3517), leaderCommit=3514, initializing? false, entries: size=1, first=(t:1, i:3518), STATEMACHINELOGENTRY, client-675AE1CB479C, cid=2394
2019-09-05 09:24:18,285 [java.util.concurrent.ThreadPoolExecutor$Worker@8e4ae6a[State = -1, empty queue]] WARN  server.GrpcLogAppender (GrpcLogAppender.java:timeoutAppendRequest(200)) - GrpcLogAppender(4fcc8d53-44cb-4faf-b915-5afa0c7529d4->48aa5eb4-709c-4003-adb5-fbc02723cd23): appendEntries Timeout, request=4fcc8d53-44cb-4faf-b915-5afa0c7529d4->48aa5eb4-709c-4003-adb5-fbc02723cd23#3530-t1, previous=(t:1, i:3517), leaderCommit=3514, initializing? false, entries: size=1, first=(t:1, i:3518), STATEMACHINELOGENTRY, client-675AE1CB479C, cid=2394
2019-09-05 09:24:18,355 [grpc-default-executor-4] WARN  server.GrpcLogAppender (GrpcLogAppender.java:onNextImpl(250)) - org.apache.ratis.grpc.server.GrpcLogAppender$AppendLogResponseHandler@37d32395: Request not found, ignoring reply: 4fcc8d53-44cb-4faf-b915-5afa0c7529d4<-609a8cf1-6ad3-4123-b94a-106ad93148a8#3528:OK,SUCCESS,nextIndex:3517,term:1,followerCommit:3514
2019-09-05 09:24:18,358 [grpc-default-executor-5] WARN  server.GrpcLogAppender (GrpcLogAppender.java:onNextImpl(250)) - org.apache.ratis.grpc.server.GrpcLogAppender$AppendLogResponseHandler@664e9549: Request not found, ignoring reply: 4fcc8d53-44cb-4faf-b915-5afa0c7529d4<-48aa5eb4-709c-4003-adb5-fbc02723cd23#3528:OK,SUCCESS,nextIndex:3517,term:1,followerCommit:3514
2019-09-05 09:24:18,360 [grpc-default-executor-4] WARN  server.GrpcLogAppender (GrpcLogAppender.java:onNextImpl(250)) - org.apache.ratis.grpc.server.GrpcLogAppender$AppendLogResponseHandler@37d32395: Request not found, ignoring reply: 4fcc8d53-44cb-4faf-b915-5afa0c7529d4<-609a8cf1-6ad3-4123-b94a-106ad93148a8#3529:OK,SUCCESS,nextIndex:3518,term:1,followerCommit:3514
2019-09-05 09:24:18,360 [grpc-default-executor-5] WARN  server.GrpcLogAppender (GrpcLogAppender.java:onNextImpl(250)) - org.apache.ratis.grpc.server.GrpcLogAppender$AppendLogResponseHandler@664e9549: Request not found, ignoring reply: 4fcc8d53-44cb-4faf-b915-5afa0c7529d4<-48aa5eb4-709c-4003-adb5-fbc02723cd23#3529:OK,SUCCESS,nextIndex:3518,term:1,followerCommit:3514
2019-09-05 09:24:18,360 [grpc-default-executor-4] WARN  server.GrpcLogAppender (GrpcLogAppender.java:onNextImpl(250)) - org.apache.ratis.grpc.server.GrpcLogAppender$AppendLogResponseHandler@37d32395: Request not found, ignoring reply: 4fcc8d53-44cb-4faf-b915-5afa0c7529d4<-609a8cf1-6ad3-4123-b94a-106ad93148a8#3530:OK,SUCCESS,nextIndex:3519,term:1,followerCommit:3514
2019-09-05 09:24:18,360 [grpc-default-executor-5] WARN  server.GrpcLogAppender (GrpcLogAppender.java:onNextImpl(250)) - org.apache.ratis.grpc.server.GrpcLogAppender$AppendLogResponseHandler@664e9549: Request not found, ignoring reply: 4fcc8d53-44cb-4faf-b915-5afa0c7529d4<-48aa5eb4-709c-4003-adb5-fbc02723cd23#3530:OK,SUCCESS,nextIndex:3519,term:1,followerCommit:3514
2019-09-05 09:24:18,491 | INFO  | SCMAudit | user=jenkins1000 | ip=192.168.36.69 | op=SEND_HEARTBEAT {datanodeUUID=5b6cff60-1414-40d6-b682-781dc5ff3023, command=[]} | ret=SUCCESS |  
2019-09-05 09:24:18,491 | INFO  | SCMAudit | user=jenkins1000 | ip=192.168.36.69 | op=SEND_HEARTBEAT {datanodeUUID=48aa5eb4-709c-4003-adb5-fbc02723cd23, command=[]} | ret=SUCCESS |  
2019-09-05 09:24:18,491 | INFO  | SCMAudit | user=jenkins1000 | ip=192.168.36.69 | op=SEND_HEARTBEAT {datanodeUUID=4fcc8d53-44cb-4faf-b915-5afa0c7529d4, command=[]} | ret=SUCCESS |  
2019-09-05 09:24:18,493 | INFO  | SCMAudit | user=jenkins1000 | ip=192.168.36.69 | op=SEND_HEARTBEAT {datanodeUUID=609a8cf1-6ad3-4123-b94a-106ad93148a8, command=[]} | ret=SUCCESS |  
 0.00% |█                                                                                                    |  0/1 Time: 0:01:152019-09-05 09:24:18,623 | INFO  | SCMAudit | user=jenkins1000 | ip=192.168.36.69 | op=SEND_HEARTBEAT {datanodeUUID=fe9e29a7-51ad-458f-9e11-f615da290baa, command=[]} | ret=SUCCESS |  
2019-09-05 09:24:19,491 | INFO  | SCMAudit | user=jenkins1000 | ip=192.168.36.69 | op=SEND_HEARTBEAT {datanodeUUID=5b6cff60-1414-40d6-b682-781dc5ff3023, command=[]} | ret=SUCCESS |  
2019-09-05 09:24:19,491 | INFO  | SCMAudit | user=jenkins1000 | ip=192.168.36.69 | op=SEND_HEARTBEAT {datanodeUUID=48aa5eb4-709c-4003-adb5-fbc02723cd23, command=[]} | ret=SUCCESS |  
2019-09-05 09:24:19,491 | INFO  | SCMAudit | user=jenkins1000 | ip=192.168.36.69 | op=SEND_HEARTBEAT {datanodeUUID=4fcc8d53-44cb-4faf-b915-5afa0c7529d4, command=[]} | ret=SUCCESS |  
2019-09-05 09:24:19,494 | INFO  | SCMAudit | user=jenkins1000 | ip=192.168.36.69 | op=SEND_HEARTBEAT {datanodeUUID=609a8cf1-6ad3-4123-b94a-106ad93148a8, command=[]} | ret=SUCCESS |  
 0.00% |█                                                                                                    |  0/1 Time: 0:01:162019-09-05 09:24:19,624 | INFO  | SCMAudit | user=jenkins1000 | ip=192.168.36.69 | op=SEND_HEARTBEAT {datanodeUUID=fe9e29a7-51ad-458f-9e11-f615da290baa, command=[]} | ret=SUCCESS |  
2019-09-05 09:24:20,316 [grpc-default-executor-4] INFO  client.GrpcClientProtocolClient (GrpcClientProtocolClient.java:onNext(255)) - client-675AE1CB479C->48aa5eb4-709c-4003-adb5-fbc02723cd23: receive RaftClientReply:client-675AE1CB479C->48aa5eb4-709c-4003-adb5-fbc02723cd23@group-6A615BAE1DD1, cid=2393, FAILED org.apache.ratis.protocol.NotLeaderException: Server 48aa5eb4-709c-4003-adb5-fbc02723cd23 is not the leader (4fcc8d53-44cb-4faf-b915-5afa0c7529d4:192.168.36.69:46195). Request must be sent to leader., logIndex=0, commits[48aa5eb4-709c-4003-adb5-fbc02723cd23:c3514, 4fcc8d53-44cb-4faf-b915-5afa0c7529d4:c3514, 609a8cf1-6ad3-4123-b94a-106ad93148a8:c3509]
2019-09-05 09:24:20,491 | INFO  | SCMAudit | user=jenkins1000 | ip=192.168.36.69 | op=SEND_HEARTBEAT {datanodeUUID=5b6cff60-1414-40d6-b682-781dc5ff3023, command=[]} | ret=SUCCESS |  
2019-09-05 09:24:20,491 | INFO  | SCMAudit | user=jenkins1000 | ip=192.168.36.69 | op=SEND_HEARTBEAT {datanodeUUID=48aa5eb4-709c-4003-adb5-fbc02723cd23, command=[]} | ret=SUCCESS |  
2019-09-05 09:24:20,491 | INFO  | SCMAudit | user=jenkins1000 | ip=192.168.36.69 | op=SEND_HEARTBEAT {datanodeUUID=4fcc8d53-44cb-4faf-b915-5afa0c7529d4, command=[]} | ret=SUCCESS |  
2019-09-05 09:24:20,493 | INFO  | SCMAudit | user=jenkins1000 | ip=192.168.36.69 | op=SEND_HEARTBEAT {datanodeUUID=609a8cf1-6ad3-4123-b94a-106ad93148a8, command=[]} | ret=SUCCESS |  
 0.00% |█                                                                                                    |  0/1 Time: 0:01:172019-09-05 09:24:20,624 | INFO  | SCMAudit | user=jenkins1000 | ip=192.168.36.69 | op=SEND_HEARTBEAT {datanodeUUID=fe9e29a7-51ad-458f-9e11-f615da290baa, command=[]} | ret=SUCCESS |  
2019-09-05 09:24:20,862 | INFO  | DNAudit | user=null | ip=null | op=WRITE_CHUNK {blockData=conID: 1 locID: 102739178169631302 bcsId: 3514} | ret=SUCCESS |  
2019-09-05 09:24:20,866 | INFO  | DNAudit | user=null | ip=null | op=PUT_BLOCK {blockData=[blockId=conID: 1 locID: 102739178169631302 bcsId: 0,size=4194304]} | ret=SUCCESS |  
2019-09-05 09:24:20,867 [grpc-default-executor-4] INFO  client.GrpcClientProtocolClient (GrpcClientProtocolClient.java:onNext(255)) - client-675AE1CB479C->4fcc8d53-44cb-4faf-b915-5afa0c7529d4: receive RaftClientReply:client-675AE1CB479C->4fcc8d53-44cb-4faf-b915-5afa0c7529d4@group-6A615BAE1DD1, cid=2393, SUCCESS, logIndex=3517, commits[4fcc8d53-44cb-4faf-b915-5afa0c7529d4:c3518, 48aa5eb4-709c-4003-adb5-fbc02723cd23:c3515, 609a8cf1-6ad3-4123-b94a-106ad93148a8:c3515]
2019-09-05 09:24:20,867 | INFO  | DNAudit | user=null | ip=null | op=WRITE_CHUNK {blockData=conID: 1 locID: 102739178169631302 bcsId: 3514} | ret=SUCCESS |  
2019-09-05 09:24:20,867 | INFO  | DNAudit | user=null | ip=null | op=WRITE_CHUNK {blockData=conID: 1 locID: 102739178169631302 bcsId: 3514} | ret=SUCCESS |  
2019-09-05 09:24:20,873 | INFO  | DNAudit | user=null | ip=null | op=PUT_BLOCK {blockData=[blockId=conID: 1 locID: 102739178169631302 bcsId: 0,size=4194304]} | ret=SUCCESS |  
2019-09-05 09:24:20,873 | INFO  | DNAudit | user=null | ip=null | op=PUT_BLOCK {blockData=[blockId=conID: 1 locID: 102739178169631302 bcsId: 0,size=4194304]} | ret=SUCCESS |  
2019-09-05 09:24:20,875 [grpc-default-executor-5] INFO  client.GrpcClientProtocolClient (GrpcClientProtocolClient.java:onNext(255)) - client-675AE1CB479C->4fcc8d53-44cb-4faf-b915-5afa0c7529d4: receive RaftClientReply:client-675AE1CB479C->4fcc8d53-44cb-4faf-b915-5afa0c7529d4@group-6A615BAE1DD1, cid=2394, SUCCESS, logIndex=3518, commits[4fcc8d53-44cb-4faf-b915-5afa0c7529d4:c3518, 48aa5eb4-709c-4003-adb5-fbc02723cd23:c3515, 609a8cf1-6ad3-4123-b94a-106ad93148a8:c3515]
2019-09-05 09:24:20,881 [grpc-default-executor-5] INFO  client.GrpcClientProtocolClient (GrpcClientProtocolClient.java:onNext(255)) - client-675AE1CB479C->4fcc8d53-44cb-4faf-b915-5afa0c7529d4: receive RaftClientReply:client-675AE1CB479C->4fcc8d53-44cb-4faf-b915-5afa0c7529d4@group-6A615BAE1DD1, cid=2395, SUCCESS, logIndex=0, commits[4fcc8d53-44cb-4faf-b915-5afa0c7529d4:c3519, 48aa5eb4-709c-4003-adb5-fbc02723cd23:c3518, 609a8cf1-6ad3-4123-b94a-106ad93148a8:c3518]
2019-09-05 09:24:20,907 [IPC Server handler 3 on 39969] WARN  block.BlockManagerImpl (BlockManagerImpl.java:allocateBlock(192)) - Pipeline creation failed for type:RATIS factor:THREE. Retrying get pipelines call once.
org.apache.hadoop.hdds.scm.pipeline.InsufficientDatanodesException: Cannot create pipeline of factor 3 using 2 nodes.
	at org.apache.hadoop.hdds.scm.pipeline.RatisPipelineProvider.create(RatisPipelineProvider.java:151)
	at org.apache.hadoop.hdds.scm.pipeline.PipelineFactory.create(PipelineFactory.java:57)
	at org.apache.hadoop.hdds.scm.pipeline.SCMPipelineManager.createPipeline(SCMPipelineManager.java:149)
	at org.apache.hadoop.hdds.scm.block.BlockManagerImpl.allocateBlock(BlockManagerImpl.java:190)
	at org.apache.hadoop.hdds.scm.server.SCMBlockProtocolServer.allocateBlock(SCMBlockProtocolServer.java:175)
	at org.apache.hadoop.ozone.protocolPB.ScmBlockLocationProtocolServerSideTranslatorPB.allocateScmBlock(ScmBlockLocationProtocolServerSideTranslatorPB.java:153)
	at org.apache.hadoop.ozone.protocolPB.ScmBlockLocationProtocolServerSideTranslatorPB.send(ScmBlockLocationProtocolServerSideTranslatorPB.java:112)
	at org.apache.hadoop.hdds.protocol.proto.ScmBlockLocationProtocolProtos$ScmBlockLocationProtocolService$2.callBlockingMethod(ScmBlockLocationProtocolProtos.java:13157)
	at org.apache.hadoop.ipc.ProtobufRpcEngine$Server$ProtoBufRpcInvoker.call(ProtobufRpcEngine.java:524)
	at org.apache.hadoop.ipc.RPC$Server.call(RPC.java:1025)
	at org.apache.hadoop.ipc.Server$RpcCall.run(Server.java:876)
	at org.apache.hadoop.ipc.Server$RpcCall.run(Server.java:822)
	at java.security.AccessController.doPrivileged(Native Method)
	at javax.security.auth.Subject.doAs(Subject.java:422)
	at org.apache.hadoop.security.UserGroupInformation.doAs(UserGroupInformation.java:1730)
	at org.apache.hadoop.ipc.Server$Handler.run(Server.java:2682)
2019-09-05 09:24:20,907 [IPC Server handler 3 on 39969] INFO  block.BlockManagerImpl (BlockManagerImpl.java:allocateBlock(198)) - Could not find available pipeline of type:RATIS and factor:THREE even after retrying
2019-09-05 09:24:20,908 [IPC Server handler 3 on 39969] ERROR block.BlockManagerImpl (BlockManagerImpl.java:allocateBlock(222)) - Unable to allocate a block for the size: 4194304, type: RATIS, factor: THREE
2019-09-05 09:24:20,908 | INFO  | SCMAudit | user=jenkins1000 | ip=192.168.36.69 | op=ALLOCATE_BLOCK {owner=5cf4fcf6-c517-45f4-af25-2fff646d8883, size=4194304, type=RATIS, factor=THREE} | ret=SUCCESS |  
2019-09-05 09:24:20,910 | ERROR | OMAudit | user=jenkins1000 | ip=127.0.0.1 | op=ALLOCATE_BLOCK {volume=vol-0-13331, bucket=bucket-0-43606, key=key-0-76526, dataSize=0, replicationType=null, replicationFactor=null, keyLocationInfo=null, clientID=102739173903106450} | ret=FAILURE | org.apache.hadoop.hdds.scm.exceptions.SCMException: Allocated 0 blocks. Requested 1 blocks
	at org.apache.hadoop.hdds.scm.protocolPB.ScmBlockLocationProtocolClientSideTranslatorPB.handleError(ScmBlockLocationProtocolClientSideTranslatorPB.java:118)
	at org.apache.hadoop.hdds.scm.protocolPB.ScmBlockLocationProtocolClientSideTranslatorPB.allocateBlock(ScmBlockLocationProtocolClientSideTranslatorPB.java:156) 
2019-09-05 09:24:20,913 [pool-282-thread-1] ERROR io.BlockOutputStreamEntryPool (BlockOutputStreamEntryPool.java:allocateBlockIfNeeded(299)) - Try to allocate more blocks for write failed, already allocated 0 blocks for this write.
INTERNAL_ERROR org.apache.hadoop.ozone.om.exceptions.OMException: Allocated 0 blocks. Requested 1 blocks
	at org.apache.hadoop.ozone.om.protocolPB.OzoneManagerProtocolClientSideTranslatorPB.handleError(OzoneManagerProtocolClientSideTranslatorPB.java:725)
	at org.apache.hadoop.ozone.om.protocolPB.OzoneManagerProtocolClientSideTranslatorPB.allocateBlock(OzoneManagerProtocolClientSideTranslatorPB.java:757)
	at org.apache.hadoop.ozone.client.io.BlockOutputStreamEntryPool.allocateNewBlock(BlockOutputStreamEntryPool.java:248)
	at org.apache.hadoop.ozone.client.io.BlockOutputStreamEntryPool.allocateBlockIfNeeded(BlockOutputStreamEntryPool.java:296)
	at org.apache.hadoop.ozone.client.io.KeyOutputStream.handleWrite(KeyOutputStream.java:201)
	at org.apache.hadoop.ozone.client.io.KeyOutputStream.write(KeyOutputStream.java:193)
	at org.apache.hadoop.ozone.client.io.OzoneOutputStream.write(OzoneOutputStream.java:49)
	at org.apache.hadoop.ozone.freon.RandomKeyGenerator.createKey(RandomKeyGenerator.java:699)
	at org.apache.hadoop.ozone.freon.RandomKeyGenerator.access$1100(RandomKeyGenerator.java:87)
	at org.apache.hadoop.ozone.freon.RandomKeyGenerator$ObjectCreator.run(RandomKeyGenerator.java:606)
	at java.util.concurrent.Executors$RunnableAdapter.call(Executors.java:511)
	at java.util.concurrent.FutureTask.run(FutureTask.java:266)
	at java.util.concurrent.ThreadPoolExecutor.runWorker(ThreadPoolExecutor.java:1149)
	at java.util.concurrent.ThreadPoolExecutor$Worker.run(ThreadPoolExecutor.java:624)
	at java.lang.Thread.run(Thread.java:748)
2019-09-05 09:24:20,914 [pool-282-thread-1] ERROR freon.RandomKeyGenerator (RandomKeyGenerator.java:createKey(724)) - Exception while adding key: key-0-76526 in bucket: bucket-0-43606 of volume: vol-0-13331.
INTERNAL_ERROR org.apache.hadoop.ozone.om.exceptions.OMException: Allocated 0 blocks. Requested 1 blocks
	at org.apache.hadoop.ozone.om.protocolPB.OzoneManagerProtocolClientSideTranslatorPB.handleError(OzoneManagerProtocolClientSideTranslatorPB.java:725)
	at org.apache.hadoop.ozone.om.protocolPB.OzoneManagerProtocolClientSideTranslatorPB.allocateBlock(OzoneManagerProtocolClientSideTranslatorPB.java:757)
	at org.apache.hadoop.ozone.client.io.BlockOutputStreamEntryPool.allocateNewBlock(BlockOutputStreamEntryPool.java:248)
	at org.apache.hadoop.ozone.client.io.BlockOutputStreamEntryPool.allocateBlockIfNeeded(BlockOutputStreamEntryPool.java:296)
	at org.apache.hadoop.ozone.client.io.KeyOutputStream.handleWrite(KeyOutputStream.java:201)
	at org.apache.hadoop.ozone.client.io.KeyOutputStream.write(KeyOutputStream.java:193)
	at org.apache.hadoop.ozone.client.io.OzoneOutputStream.write(OzoneOutputStream.java:49)
	at org.apache.hadoop.ozone.freon.RandomKeyGenerator.createKey(RandomKeyGenerator.java:699)
	at org.apache.hadoop.ozone.freon.RandomKeyGenerator.access$1100(RandomKeyGenerator.java:87)
	at org.apache.hadoop.ozone.freon.RandomKeyGenerator$ObjectCreator.run(RandomKeyGenerator.java:606)
	at java.util.concurrent.Executors$RunnableAdapter.call(Executors.java:511)
	at java.util.concurrent.FutureTask.run(FutureTask.java:266)
	at java.util.concurrent.ThreadPoolExecutor.runWorker(ThreadPoolExecutor.java:1149)
	at java.util.concurrent.ThreadPoolExecutor$Worker.run(ThreadPoolExecutor.java:624)
	at java.lang.Thread.run(Thread.java:748)
2019-09-05 09:24:21,491 | INFO  | SCMAudit | user=jenkins1000 | ip=192.168.36.69 | op=SEND_HEARTBEAT {datanodeUUID=5b6cff60-1414-40d6-b682-781dc5ff3023, command=[]} | ret=SUCCESS |  
2019-09-05 09:24:21,491 | INFO  | SCMAudit | user=jenkins1000 | ip=192.168.36.69 | op=SEND_HEARTBEAT {datanodeUUID=48aa5eb4-709c-4003-adb5-fbc02723cd23, command=[]} | ret=SUCCESS |  
2019-09-05 09:24:21,491 | INFO  | SCMAudit | user=jenkins1000 | ip=192.168.36.69 | op=SEND_HEARTBEAT {datanodeUUID=4fcc8d53-44cb-4faf-b915-5afa0c7529d4, command=[]} | ret=SUCCESS |  
2019-09-05 09:24:21,493 | INFO  | SCMAudit | user=jenkins1000 | ip=192.168.36.69 | op=SEND_HEARTBEAT {datanodeUUID=609a8cf1-6ad3-4123-b94a-106ad93148a8, command=[]} | ret=SUCCESS |  
 0.00% |█                                                                                                    |  0/1 Time: 0:01:182019-09-05 09:24:21,623 | INFO  | SCMAudit | user=jenkins1000 | ip=192.168.36.69 | op=SEND_HEARTBEAT {datanodeUUID=fe9e29a7-51ad-458f-9e11-f615da290baa, command=[]} | ret=SUCCESS |  
2019-09-05 09:24:22,491 | INFO  | SCMAudit | user=jenkins1000 | ip=192.168.36.69 | op=SEND_HEARTBEAT {datanodeUUID=48aa5eb4-709c-4003-adb5-fbc02723cd23, command=[]} | ret=SUCCESS |  
2019-09-05 09:24:22,491 | INFO  | SCMAudit | user=jenkins1000 | ip=192.168.36.69 | op=SEND_HEARTBEAT {datanodeUUID=4fcc8d53-44cb-4faf-b915-5afa0c7529d4, command=[]} | ret=SUCCESS |  
2019-09-05 09:24:22,491 | INFO  | SCMAudit | user=jenkins1000 | ip=192.168.36.69 | op=SEND_HEARTBEAT {datanodeUUID=5b6cff60-1414-40d6-b682-781dc5ff3023, command=[]} | ret=SUCCESS |  
2019-09-05 09:24:22,493 | INFO  | SCMAudit | user=jenkins1000 | ip=192.168.36.69 | op=SEND_HEARTBEAT {datanodeUUID=609a8cf1-6ad3-4123-b94a-106ad93148a8, command=[]} | ret=SUCCESS |  
 0.00% |█                                                                                                    |  0/1 Time: 0:01:192019-09-05 09:24:22,623 | INFO  | SCMAudit | user=jenkins1000 | ip=192.168.36.69 | op=SEND_HEARTBEAT {datanodeUUID=fe9e29a7-51ad-458f-9e11-f615da290baa, command=[]} | ret=SUCCESS |  
2019-09-05 09:24:23,491 | INFO  | SCMAudit | user=jenkins1000 | ip=192.168.36.69 | op=SEND_HEARTBEAT {datanodeUUID=4fcc8d53-44cb-4faf-b915-5afa0c7529d4, command=[]} | ret=SUCCESS |  
2019-09-05 09:24:23,491 | INFO  | SCMAudit | user=jenkins1000 | ip=192.168.36.69 | op=SEND_HEARTBEAT {datanodeUUID=5b6cff60-1414-40d6-b682-781dc5ff3023, command=[]} | ret=SUCCESS |  
2019-09-05 09:24:23,491 | INFO  | SCMAudit | user=jenkins1000 | ip=192.168.36.69 | op=SEND_HEARTBEAT {datanodeUUID=48aa5eb4-709c-4003-adb5-fbc02723cd23, command=[]} | ret=SUCCESS |  
2019-09-05 09:24:23,493 | INFO  | SCMAudit | user=jenkins1000 | ip=192.168.36.69 | op=SEND_HEARTBEAT {datanodeUUID=609a8cf1-6ad3-4123-b94a-106ad93148a8, command=[]} | ret=SUCCESS |  
 100.00% |█████████████████████████████████████████████████████████████████████████████████████████████████████|  1/1 Time: 0:01:20
]]></system-out>
  </testcase>
  <testcase name="fileWithSizeZero" classname="org.apache.hadoop.ozone.freon.TestRandomKeyGenerator" time="5.051"/>
  <testcase name="multiThread" classname="org.apache.hadoop.ozone.freon.TestRandomKeyGenerator" time="5.018"/>
</testsuite>